<?xml version="1.0" encoding="UTF-8"?>
<testsuites name="10 NPP Support Action on Completed Ref" time="2067.382" tests="3" failures="0" errors="0">
   <testsuite name="10 NPP Support Action on Completed Ref" tests="3" failures="0" errors="0" time="2067.382" skipped="0" timestamp="2022-06-23 21:56:57" hostname="lamhe - DPF-MBI-VERIF.ad.sgsco.int" id="Test Suites/03. Parallel Testing (Testing)/TS -PT PART 3/10 NPP Support Action on Completed Ref">
      <properties>
         <property name="deviceName" value=""/>
         <property name="devicePlatform" value=""/>
         <property name="logFolder" value="D:\\Projet Test Auto\\Mediabox Test Automation\\Reports\\20220623_184212\\03. Parallel Testing (Testing)\\TS -PT PART 3\\10 NPP Support Action on Completed Ref\\20220623_184233"/>
         <property name="logFiles" value="D:\\Projet Test Auto\\Mediabox Test Automation\\Reports\\20220623_184212\\03. Parallel Testing (Testing)\\TS -PT PART 3\\10 NPP Support Action on Completed Ref\\20220623_184233\\execution0.log"/>
         <property name="attachments" value="D:\\Projet Test Auto\\Mediabox Test Automation\\Reports\\20220623_184212\\03. Parallel Testing (Testing)\\TS -PT PART 3\\10 NPP Support Action on Completed Ref\\20220623_184233\\1656014246987.png, D:\\Projet Test Auto\\Mediabox Test Automation\\Reports\\20220623_184212\\03. Parallel Testing (Testing)\\TS -PT PART 3\\10 NPP Support Action on Completed Ref\\20220623_184233\\1656014269600.png, D:\\Projet Test Auto\\Mediabox Test Automation\\Reports\\20220623_184212\\03. Parallel Testing (Testing)\\TS -PT PART 3\\10 NPP Support Action on Completed Ref\\20220623_184233\\1656014289642.png, D:\\Projet Test Auto\\Mediabox Test Automation\\Reports\\20220623_184212\\03. Parallel Testing (Testing)\\TS -PT PART 3\\10 NPP Support Action on Completed Ref\\20220623_184233\\1656014436007.png, D:\\Projet Test Auto\\Mediabox Test Automation\\Reports\\20220623_184212\\03. Parallel Testing (Testing)\\TS -PT PART 3\\10 NPP Support Action on Completed Ref\\20220623_184233\\1656014466133.png, D:\\Projet Test Auto\\Mediabox Test Automation\\Reports\\20220623_184212\\03. Parallel Testing (Testing)\\TS -PT PART 3\\10 NPP Support Action on Completed Ref\\20220623_184233\\1656014483307.png, D:\\Projet Test Auto\\Mediabox Test Automation\\Reports\\20220623_184212\\03. Parallel Testing (Testing)\\TS -PT PART 3\\10 NPP Support Action on Completed Ref\\20220623_184233\\1656014499097.png, D:\\Projet Test Auto\\Mediabox Test Automation\\Reports\\20220623_184212\\03. Parallel Testing (Testing)\\TS -PT PART 3\\10 NPP Support Action on Completed Ref\\20220623_184233\\1656014514989.png, D:\\Projet Test Auto\\Mediabox Test Automation\\Reports\\20220623_184212\\03. Parallel Testing (Testing)\\TS -PT PART 3\\10 NPP Support Action on Completed Ref\\20220623_184233\\1656014536792.png, D:\\Projet Test Auto\\Mediabox Test Automation\\Reports\\20220623_184212\\03. Parallel Testing (Testing)\\TS -PT PART 3\\10 NPP Support Action on Completed Ref\\20220623_184233\\1656014602860.png, D:\\Projet Test Auto\\Mediabox Test Automation\\Reports\\20220623_184212\\03. Parallel Testing (Testing)\\TS -PT PART 3\\10 NPP Support Action on Completed Ref\\20220623_184233\\1656014623922.png, D:\\Projet Test Auto\\Mediabox Test Automation\\Reports\\20220623_184212\\03. Parallel Testing (Testing)\\TS -PT PART 3\\10 NPP Support Action on Completed Ref\\20220623_184233\\1656014645149.png, D:\\Projet Test Auto\\Mediabox Test Automation\\Reports\\20220623_184212\\03. Parallel Testing (Testing)\\TS -PT PART 3\\10 NPP Support Action on Completed Ref\\20220623_184233\\1656014662945.png, D:\\Projet Test Auto\\Mediabox Test Automation\\Reports\\20220623_184212\\03. Parallel Testing (Testing)\\TS -PT PART 3\\10 NPP Support Action on Completed Ref\\20220623_184233\\1656014684937.png, D:\\Projet Test Auto\\Mediabox Test Automation\\Reports\\20220623_184212\\03. Parallel Testing (Testing)\\TS -PT PART 3\\10 NPP Support Action on Completed Ref\\20220623_184233\\1656014703384.png, D:\\Projet Test Auto\\Mediabox Test Automation\\Reports\\20220623_184212\\03. Parallel Testing (Testing)\\TS -PT PART 3\\10 NPP Support Action on Completed Ref\\20220623_184233\\1656014720649.png, D:\\Projet Test Auto\\Mediabox Test Automation\\Reports\\20220623_184212\\03. Parallel Testing (Testing)\\TS -PT PART 3\\10 NPP Support Action on Completed Ref\\20220623_184233\\1656014732123.png, D:\\Projet Test Auto\\Mediabox Test Automation\\Reports\\20220623_184212\\03. Parallel Testing (Testing)\\TS -PT PART 3\\10 NPP Support Action on Completed Ref\\20220623_184233\\1656014766284.png, D:\\Projet Test Auto\\Mediabox Test Automation\\Reports\\20220623_184212\\03. Parallel Testing (Testing)\\TS -PT PART 3\\10 NPP Support Action on Completed Ref\\20220623_184233\\1656014797869.png, D:\\Projet Test Auto\\Mediabox Test Automation\\Reports\\20220623_184212\\03. Parallel Testing (Testing)\\TS -PT PART 3\\10 NPP Support Action on Completed Ref\\20220623_184233\\1656014855593.png, D:\\Projet Test Auto\\Mediabox Test Automation\\Reports\\20220623_184212\\03. Parallel Testing (Testing)\\TS -PT PART 3\\10 NPP Support Action on Completed Ref\\20220623_184233\\1656014893495.png, D:\\Projet Test Auto\\Mediabox Test Automation\\Reports\\20220623_184212\\03. Parallel Testing (Testing)\\TS -PT PART 3\\10 NPP Support Action on Completed Ref\\20220623_184233\\1656014907188.png, D:\\Projet Test Auto\\Mediabox Test Automation\\Reports\\20220623_184212\\03. Parallel Testing (Testing)\\TS -PT PART 3\\10 NPP Support Action on Completed Ref\\20220623_184233\\1656014925167.png, D:\\Projet Test Auto\\Mediabox Test Automation\\Reports\\20220623_184212\\03. Parallel Testing (Testing)\\TS -PT PART 3\\10 NPP Support Action on Completed Ref\\20220623_184233\\1656015074216.png, D:\\Projet Test Auto\\Mediabox Test Automation\\Reports\\20220623_184212\\03. Parallel Testing (Testing)\\TS -PT PART 3\\10 NPP Support Action on Completed Ref\\20220623_184233\\1656015091122.png, D:\\Projet Test Auto\\Mediabox Test Automation\\Reports\\20220623_184212\\03. Parallel Testing (Testing)\\TS -PT PART 3\\10 NPP Support Action on Completed Ref\\20220623_184233\\1656015105931.png, D:\\Projet Test Auto\\Mediabox Test Automation\\Reports\\20220623_184212\\03. Parallel Testing (Testing)\\TS -PT PART 3\\10 NPP Support Action on Completed Ref\\20220623_184233\\1656015123607.png, D:\\Projet Test Auto\\Mediabox Test Automation\\Reports\\20220623_184212\\03. Parallel Testing (Testing)\\TS -PT PART 3\\10 NPP Support Action on Completed Ref\\20220623_184233\\1656015144886.png, D:\\Projet Test Auto\\Mediabox Test Automation\\Reports\\20220623_184212\\03. Parallel Testing (Testing)\\TS -PT PART 3\\10 NPP Support Action on Completed Ref\\20220623_184233\\1656015167596.png, D:\\Projet Test Auto\\Mediabox Test Automation\\Reports\\20220623_184212\\03. Parallel Testing (Testing)\\TS -PT PART 3\\10 NPP Support Action on Completed Ref\\20220623_184233\\1656015233952.png, D:\\Projet Test Auto\\Mediabox Test Automation\\Reports\\20220623_184212\\03. Parallel Testing (Testing)\\TS -PT PART 3\\10 NPP Support Action on Completed Ref\\20220623_184233\\1656015256022.png, D:\\Projet Test Auto\\Mediabox Test Automation\\Reports\\20220623_184212\\03. Parallel Testing (Testing)\\TS -PT PART 3\\10 NPP Support Action on Completed Ref\\20220623_184233\\1656015278032.png, D:\\Projet Test Auto\\Mediabox Test Automation\\Reports\\20220623_184212\\03. Parallel Testing (Testing)\\TS -PT PART 3\\10 NPP Support Action on Completed Ref\\20220623_184233\\1656015303024.png, D:\\Projet Test Auto\\Mediabox Test Automation\\Reports\\20220623_184212\\03. Parallel Testing (Testing)\\TS -PT PART 3\\10 NPP Support Action on Completed Ref\\20220623_184233\\1656015324854.png, D:\\Projet Test Auto\\Mediabox Test Automation\\Reports\\20220623_184212\\03. Parallel Testing (Testing)\\TS -PT PART 3\\10 NPP Support Action on Completed Ref\\20220623_184233\\1656015349962.png, D:\\Projet Test Auto\\Mediabox Test Automation\\Reports\\20220623_184212\\03. Parallel Testing (Testing)\\TS -PT PART 3\\10 NPP Support Action on Completed Ref\\20220623_184233\\1656015369876.png, D:\\Projet Test Auto\\Mediabox Test Automation\\Reports\\20220623_184212\\03. Parallel Testing (Testing)\\TS -PT PART 3\\10 NPP Support Action on Completed Ref\\20220623_184233\\1656015377737.png, D:\\Projet Test Auto\\Mediabox Test Automation\\Reports\\20220623_184212\\03. Parallel Testing (Testing)\\TS -PT PART 3\\10 NPP Support Action on Completed Ref\\20220623_184233\\1656015407384.png, D:\\Projet Test Auto\\Mediabox Test Automation\\Reports\\20220623_184212\\03. Parallel Testing (Testing)\\TS -PT PART 3\\10 NPP Support Action on Completed Ref\\20220623_184233\\1656015434617.png, D:\\Projet Test Auto\\Mediabox Test Automation\\Reports\\20220623_184212\\03. Parallel Testing (Testing)\\TS -PT PART 3\\10 NPP Support Action on Completed Ref\\20220623_184233\\1656015447622.png, D:\\Projet Test Auto\\Mediabox Test Automation\\Reports\\20220623_184212\\03. Parallel Testing (Testing)\\TS -PT PART 3\\10 NPP Support Action on Completed Ref\\20220623_184233\\1656015460396.png, D:\\Projet Test Auto\\Mediabox Test Automation\\Reports\\20220623_184212\\03. Parallel Testing (Testing)\\TS -PT PART 3\\10 NPP Support Action on Completed Ref\\20220623_184233\\1656015465500.png, D:\\Projet Test Auto\\Mediabox Test Automation\\Reports\\20220623_184212\\03. Parallel Testing (Testing)\\TS -PT PART 3\\10 NPP Support Action on Completed Ref\\20220623_184233\\1656015480314.png, D:\\Projet Test Auto\\Mediabox Test Automation\\Reports\\20220623_184212\\03. Parallel Testing (Testing)\\TS -PT PART 3\\10 NPP Support Action on Completed Ref\\20220623_184233\\1656015499674.png, D:\\Projet Test Auto\\Mediabox Test Automation\\Reports\\20220623_184212\\03. Parallel Testing (Testing)\\TS -PT PART 3\\10 NPP Support Action on Completed Ref\\20220623_184233\\1656015528201.png, D:\\Projet Test Auto\\Mediabox Test Automation\\Reports\\20220623_184212\\03. Parallel Testing (Testing)\\TS -PT PART 3\\10 NPP Support Action on Completed Ref\\20220623_184233\\1656015530908.png, D:\\Projet Test Auto\\Mediabox Test Automation\\Reports\\20220623_184212\\03. Parallel Testing (Testing)\\TS -PT PART 3\\10 NPP Support Action on Completed Ref\\20220623_184233\\1656015547126.png, D:\\Projet Test Auto\\Mediabox Test Automation\\Reports\\20220623_184212\\03. Parallel Testing (Testing)\\TS -PT PART 3\\10 NPP Support Action on Completed Ref\\20220623_184233\\1656015575610.png, D:\\Projet Test Auto\\Mediabox Test Automation\\Reports\\20220623_184212\\03. Parallel Testing (Testing)\\TS -PT PART 3\\10 NPP Support Action on Completed Ref\\20220623_184233\\1656015594460.png, D:\\Projet Test Auto\\Mediabox Test Automation\\Reports\\20220623_184212\\03. Parallel Testing (Testing)\\TS -PT PART 3\\10 NPP Support Action on Completed Ref\\20220623_184233\\1656015611970.png, D:\\Projet Test Auto\\Mediabox Test Automation\\Reports\\20220623_184212\\03. Parallel Testing (Testing)\\TS -PT PART 3\\10 NPP Support Action on Completed Ref\\20220623_184233\\1656015779611.png, D:\\Projet Test Auto\\Mediabox Test Automation\\Reports\\20220623_184212\\03. Parallel Testing (Testing)\\TS -PT PART 3\\10 NPP Support Action on Completed Ref\\20220623_184233\\1656015793363.png, D:\\Projet Test Auto\\Mediabox Test Automation\\Reports\\20220623_184212\\03. Parallel Testing (Testing)\\TS -PT PART 3\\10 NPP Support Action on Completed Ref\\20220623_184233\\1656015811077.png, D:\\Projet Test Auto\\Mediabox Test Automation\\Reports\\20220623_184212\\03. Parallel Testing (Testing)\\TS -PT PART 3\\10 NPP Support Action on Completed Ref\\20220623_184233\\1656015829466.png, D:\\Projet Test Auto\\Mediabox Test Automation\\Reports\\20220623_184212\\03. Parallel Testing (Testing)\\TS -PT PART 3\\10 NPP Support Action on Completed Ref\\20220623_184233\\1656015865433.png, D:\\Projet Test Auto\\Mediabox Test Automation\\Reports\\20220623_184212\\03. Parallel Testing (Testing)\\TS -PT PART 3\\10 NPP Support Action on Completed Ref\\20220623_184233\\1656015892163.png, D:\\Projet Test Auto\\Mediabox Test Automation\\Reports\\20220623_184212\\03. Parallel Testing (Testing)\\TS -PT PART 3\\10 NPP Support Action on Completed Ref\\20220623_184233\\1656015969521.png, D:\\Projet Test Auto\\Mediabox Test Automation\\Reports\\20220623_184212\\03. Parallel Testing (Testing)\\TS -PT PART 3\\10 NPP Support Action on Completed Ref\\20220623_184233\\1656015988426.png, D:\\Projet Test Auto\\Mediabox Test Automation\\Reports\\20220623_184212\\03. Parallel Testing (Testing)\\TS -PT PART 3\\10 NPP Support Action on Completed Ref\\20220623_184233\\1656016010496.png, D:\\Projet Test Auto\\Mediabox Test Automation\\Reports\\20220623_184212\\03. Parallel Testing (Testing)\\TS -PT PART 3\\10 NPP Support Action on Completed Ref\\20220623_184233\\1656016030496.png, D:\\Projet Test Auto\\Mediabox Test Automation\\Reports\\20220623_184212\\03. Parallel Testing (Testing)\\TS -PT PART 3\\10 NPP Support Action on Completed Ref\\20220623_184233\\1656016049925.png, D:\\Projet Test Auto\\Mediabox Test Automation\\Reports\\20220623_184212\\03. Parallel Testing (Testing)\\TS -PT PART 3\\10 NPP Support Action on Completed Ref\\20220623_184233\\1656016068219.png, D:\\Projet Test Auto\\Mediabox Test Automation\\Reports\\20220623_184212\\03. Parallel Testing (Testing)\\TS -PT PART 3\\10 NPP Support Action on Completed Ref\\20220623_184233\\1656016087041.png, D:\\Projet Test Auto\\Mediabox Test Automation\\Reports\\20220623_184212\\03. Parallel Testing (Testing)\\TS -PT PART 3\\10 NPP Support Action on Completed Ref\\20220623_184233\\1656016098367.png, D:\\Projet Test Auto\\Mediabox Test Automation\\Reports\\20220623_184212\\03. Parallel Testing (Testing)\\TS -PT PART 3\\10 NPP Support Action on Completed Ref\\20220623_184233\\1656016126069.png, D:\\Projet Test Auto\\Mediabox Test Automation\\Reports\\20220623_184212\\03. Parallel Testing (Testing)\\TS -PT PART 3\\10 NPP Support Action on Completed Ref\\20220623_184233\\1656016153191.png, D:\\Projet Test Auto\\Mediabox Test Automation\\Reports\\20220623_184212\\03. Parallel Testing (Testing)\\TS -PT PART 3\\10 NPP Support Action on Completed Ref\\20220623_184233\\1656016167651.png, D:\\Projet Test Auto\\Mediabox Test Automation\\Reports\\20220623_184212\\03. Parallel Testing (Testing)\\TS -PT PART 3\\10 NPP Support Action on Completed Ref\\20220623_184233\\1656016175295.png, D:\\Projet Test Auto\\Mediabox Test Automation\\Reports\\20220623_184212\\03. Parallel Testing (Testing)\\TS -PT PART 3\\10 NPP Support Action on Completed Ref\\20220623_184233\\1656016199754.png, D:\\Projet Test Auto\\Mediabox Test Automation\\Reports\\20220623_184212\\03. Parallel Testing (Testing)\\TS -PT PART 3\\10 NPP Support Action on Completed Ref\\20220623_184233\\1656016204235.png, D:\\Projet Test Auto\\Mediabox Test Automation\\Reports\\20220623_184212\\03. Parallel Testing (Testing)\\TS -PT PART 3\\10 NPP Support Action on Completed Ref\\20220623_184233\\1656016207549.png, D:\\Projet Test Auto\\Mediabox Test Automation\\Reports\\20220623_184212\\03. Parallel Testing (Testing)\\TS -PT PART 3\\10 NPP Support Action on Completed Ref\\20220623_184233\\1656016269660.png, D:\\Projet Test Auto\\Mediabox Test Automation\\Reports\\20220623_184212\\03. Parallel Testing (Testing)\\TS -PT PART 3\\10 NPP Support Action on Completed Ref\\20220623_184233\\1656016276993.png"/>
         <property name="hostName" value="lamhe - DPF-MBI-VERIF.ad.sgsco.int"/>
         <property name="os" value="Windows 10 64bit"/>
         <property name="katalonVersion" value="8.3.0.208"/>
         <property name="browser" value="Chrome 102.0.5005.115"/>
         <property name="hostAddress" value="10.15.10.53"/>
         <property name="sessionId" value="2b73ec59c34f7bc6cadd62b7f472b218"/>
         <property name="seleniumVersion" value="3.141.59"/>
         <property name="proxyInformation" value="ProxyInformation { proxyOption=NO_PROXY, proxyServerType=HTTP, username=, password=********, proxyServerAddress=, proxyServerPort=0, executionList=&quot;&quot;, isApplyToDesiredCapabilities=true }"/>
         <property name="platform" value="Windows 10"/>
      </properties>
      <testcase name="Test Cases/18. Tag Sephora Npp Starpack Task (Standard_ Question_ Prod)/18.04 Npp Task translation _ change rights" time="655.745" classname="Test Cases/18. Tag Sephora Npp Starpack Task (Standard_ Question_ Prod)/18.04 Npp Task translation _ change rights" status="PASSED">
         <system-out><![CDATA[2022-06-23 21:56:58 - [TEST_CASE][PASSED] - Test Cases/18. Tag Sephora Npp Starpack Task (Standard_ Question_ Prod)/18.04 Npp Task translation _ change rights: Test Cases/18. Tag Sephora Npp Starpack Task (Standard_ Question_ Prod)/18.04 Npp Task translation _ change rights

2022-06-23 21:56:59 - [TEST_STEP][PASSED] - data_Npp = findTestData("Data Files/Username_Password/Npp"): null

2022-06-23 21:56:59 - [TEST_STEP][PASSED] - password_ncur = data_Npp.getValue(2, 1): null

2022-06-23 21:56:59 - [TEST_STEP][PASSED] - password_akim = data_Npp.getValue(2, 2): null

2022-06-23 21:56:59 - [TEST_STEP][PASSED] - password_sschunke = data_Npp.getValue(2, 3): null

2022-06-23 21:56:59 - [TEST_STEP][PASSED] - password_abrazhnikovapx = data_Npp.getValue(2, 4): null

2022-06-23 21:56:59 - [TEST_STEP][PASSED] - password_afrappaz = data_Npp.getValue(2, 5): null

2022-06-23 21:56:59 - [TEST_STEP][PASSED] - password_alarkins = data_Npp.getValue(2, 6): null

2022-06-23 21:56:59 - [TEST_STEP][PASSED] - password_cdemonchy = data_Npp.getValue(2, 7): null

2022-06-23 21:56:59 - [TEST_STEP][PASSED] - password_lmoodie_mkt = data_Npp.getValue(2, 12): null

2022-06-23 21:56:59 - [TEST_STEP][PASSED] - data_urlRELAUTO = findTestData("Data Files/URL/URL_relauto"): null

2022-06-23 21:56:59 - [TEST_STEP][PASSED] - Url_Npp = data_urlRELAUTO.getValue(2, 5): null

2022-06-23 21:56:59 - [TEST_STEP][PASSED] - openBrowser(Url_Npp): Browser is opened with url: ' http://mdb-release.diadeis.lan/MediaboxIndependence/?MBI_datasource=RELTESTAUTO_NPP'

2022-06-23 21:57:00 - [MESSAGE][INFO] - Starting 'Chrome (headless)' driver

2022-06-23 21:57:00 - [MESSAGE][INFO] - User set preference: ['args', '[--window-size=1920,1080, --headless]']

2022-06-23 21:57:00 - [MESSAGE][INFO] - Action delay is set to 0 milliseconds

2022-06-23 21:57:25 - [MESSAGE][PASSED] - Browser is opened with url: ' http://mdb-release.diadeis.lan/MediaboxIndependence/?MBI_datasource=RELTESTAUTO_NPP'

2022-06-23 21:57:25 - [TEST_STEP][PASSED] - maximizeWindow(): Current window maximized

2022-06-23 21:57:26 - [MESSAGE][PASSED] - Current window maximized

2022-06-23 21:57:26 - [TEST_STEP][PASSED] - takeScreenshot(): Taking screenshot successfully

2022-06-23 21:57:27 - [MESSAGE][PASSED] - Taking screenshot successfully
[[ATTACHMENT|D:\\Projet Test Auto\\Mediabox Test Automation\\Reports\\20220623_184212\\03. Parallel Testing (Testing)\\TS -PT PART 3\\10 NPP Support Action on Completed Ref\\20220623_184233\\1656014246987.png]]

2022-06-23 21:57:27 - [TEST_STEP][PASSED] - I.Login_password("akim", password_akim): Object: 'Object Repository/1. Constant/xpath' is clicked on

2022-06-23 21:57:30 - [MESSAGE][PASSED] - Text 'akim' is set on object 'Object Repository/1. Constant/xpath'

2022-06-23 21:57:31 - [MESSAGE][PASSED] - Delayed 1 second(s)

2022-06-23 21:57:34 - [MESSAGE][PASSED] - Text 'dchi' is set on object 'Object Repository/1. Constant/xpath'

2022-06-23 21:57:35 - [MESSAGE][PASSED] - Delayed 1 second(s)

2022-06-23 21:57:49 - [MESSAGE][PASSED] - Object: 'Object Repository/1. Constant/xpath' is clicked on

2022-06-23 21:57:49 - [TEST_STEP][PASSED] - takeScreenshot(): Taking screenshot successfully

2022-06-23 21:57:50 - [MESSAGE][PASSED] - Taking screenshot successfully
[[ATTACHMENT|D:\\Projet Test Auto\\Mediabox Test Automation\\Reports\\20220623_184212\\03. Parallel Testing (Testing)\\TS -PT PART 3\\10 NPP Support Action on Completed Ref\\20220623_184233\\1656014269600.png]]

2022-06-23 21:57:50 - [TEST_STEP][PASSED] - delay(1): Delayed 1 second(s)

2022-06-23 21:57:51 - [MESSAGE][PASSED] - Delayed 1 second(s)

2022-06-23 21:57:51 - [TEST_STEP][PASSED] - click(findTestObject("1. Constant/02_LHSMenu_Projects")): Object: 'Object Repository/1. Constant/02_LHSMenu_Projects' is clicked on

2022-06-23 21:58:02 - [MESSAGE][PASSED] - Object: 'Object Repository/1. Constant/02_LHSMenu_Projects' is clicked on

2022-06-23 21:58:02 - [TEST_STEP][PASSED] - click(findTestObject("xxx Todelete/3 ProjectListPage_Create_Project_Button")): Object: 'Object Repository/xxx Todelete/3 ProjectListPage_Create_Project_Button' is clicked on

2022-06-23 21:58:09 - [MESSAGE][PASSED] - Object: 'Object Repository/xxx Todelete/3 ProjectListPage_Create_Project_Button' is clicked on

2022-06-23 21:58:09 - [TEST_STEP][PASSED] - takeScreenshot(): Taking screenshot successfully

2022-06-23 21:58:10 - [MESSAGE][PASSED] - Taking screenshot successfully
[[ATTACHMENT|D:\\Projet Test Auto\\Mediabox Test Automation\\Reports\\20220623_184212\\03. Parallel Testing (Testing)\\TS -PT PART 3\\10 NPP Support Action on Completed Ref\\20220623_184233\\1656014289642.png]]

2022-06-23 21:58:10 - [TEST_STEP][PASSED] - "On the modify project page : Fill in all field": null

2022-06-23 21:58:10 - [TEST_STEP][PASSED] - LSSNumber_name = "AutoTest_Npp_SAS_Part5_" + RandomStringUtils.randomAlphanumeric(10) + "_" + I.gettimedate(): null

2022-06-23 21:58:10 - [TEST_STEP][PASSED] - setText(findTestObject("1. Constant/xpath", ["xpath":"//*[@id="var_70"]"]), LSSNumber_name): Text 'AutoTest_Npp_SAS_Part5_P7GcgVbd12_juin232022_215810' is set on object 'Object Repository/1. Constant/xpath'

2022-06-23 21:58:11 - [MESSAGE][PASSED] - Text 'AutoTest_Npp_SAS_Part5_P7GcgVbd12_juin232022_215810' is set on object 'Object Repository/1. Constant/xpath'

2022-06-23 21:58:11 - [TEST_STEP][PASSED] - selectOptionByValue(findTestObject("1. Constant/xpath", ["xpath":"//*[@id="var_107"]"]), "2420", false): All options with value '2420' are selected in object 'Object Repository/1. Constant/xpath' 

2022-06-23 21:58:13 - [MESSAGE][PASSED] - All options with value '2420' are selected in object 'Object Repository/1. Constant/xpath' 

2022-06-23 21:58:13 - [TEST_STEP][PASSED] - I.select_multiplelist("//*[@id="selSource_108"]", "//*[@id="btnAdd_108"]", "2354"): Delayed 1 second(s)

2022-06-23 21:58:14 - [MESSAGE][PASSED] - Delayed 1 second(s)

2022-06-23 21:58:16 - [MESSAGE][PASSED] - All options with value '2354' are selected in object 'Object Repository/1. Constant/xpath' 

2022-06-23 21:58:18 - [MESSAGE][PASSED] - Delayed 2 second(s)

2022-06-23 21:58:19 - [MESSAGE][PASSED] - Object: 'Object Repository/1. Constant/xpath' is clicked on

2022-06-23 21:58:20 - [MESSAGE][PASSED] - Delayed 1 second(s)

2022-06-23 21:58:20 - [TEST_STEP][PASSED] - setText(findTestObject("1. Constant/xpath", ["xpath":"//*[@id="var_110"]"]), "Variety test"): Text 'Variety test' is set on object 'Object Repository/1. Constant/xpath'

2022-06-23 21:58:21 - [MESSAGE][PASSED] - Text 'Variety test' is set on object 'Object Repository/1. Constant/xpath'

2022-06-23 21:58:21 - [TEST_STEP][PASSED] - setText(findTestObject("1. Constant/xpath", ["xpath":"//*[@id="var_133"]"]), "Alternative Format code test "): Text 'Alternative Format code test ' is set on object 'Object Repository/1. Constant/xpath'

2022-06-23 21:58:23 - [MESSAGE][PASSED] - Text 'Alternative Format code test ' is set on object 'Object Repository/1. Constant/xpath'

2022-06-23 21:58:23 - [TEST_STEP][PASSED] - setText(findTestObject("1. Constant/xpath", ["xpath":"//*[@id="var_65"]"]), "FORMAT Product designation test "): Text 'FORMAT Product designation test ' is set on object 'Object Repository/1. Constant/xpath'

2022-06-23 21:58:24 - [MESSAGE][PASSED] - Text 'FORMAT Product designation test ' is set on object 'Object Repository/1. Constant/xpath'

2022-06-23 21:58:24 - [TEST_STEP][PASSED] - I.select_multiplelist("//*[@id="selSource_91"]", "//*[@id="btnAdd_91"]", "1023"): Delayed 1 second(s)

2022-06-23 21:58:25 - [MESSAGE][PASSED] - Delayed 1 second(s)

2022-06-23 21:58:26 - [MESSAGE][PASSED] - All options with value '1023' are selected in object 'Object Repository/1. Constant/xpath' 

2022-06-23 21:58:28 - [MESSAGE][PASSED] - Delayed 2 second(s)

2022-06-23 21:58:29 - [MESSAGE][PASSED] - Object: 'Object Repository/1. Constant/xpath' is clicked on

2022-06-23 21:58:30 - [MESSAGE][PASSED] - Delayed 1 second(s)

2022-06-23 21:58:30 - [TEST_STEP][PASSED] - setText(findTestObject("1. Constant/xpath", ["xpath":"//*[@id="var_71"]"]), "25/08/2021"): Text '25/08/2021' is set on object 'Object Repository/1. Constant/xpath'

2022-06-23 21:58:31 - [MESSAGE][PASSED] - Text '25/08/2021' is set on object 'Object Repository/1. Constant/xpath'

2022-06-23 21:58:31 - [TEST_STEP][PASSED] - setText(findTestObject("1. Constant/xpath", ["xpath":"//*[@id="var_89"]"]), "Project Information - Comments"): Text 'Project Information - Comments' is set on object 'Object Repository/1. Constant/xpath'

2022-06-23 21:58:33 - [MESSAGE][PASSED] - Text 'Project Information - Comments' is set on object 'Object Repository/1. Constant/xpath'

2022-06-23 21:58:33 - [TEST_STEP][PASSED] - setText(findTestObject("1. Constant/xpath", ["xpath":"//*[@id="var_93"]"]), "Reason for change test"): Text 'Reason for change test' is set on object 'Object Repository/1. Constant/xpath'

2022-06-23 21:58:34 - [MESSAGE][PASSED] - Text 'Reason for change test' is set on object 'Object Repository/1. Constant/xpath'

2022-06-23 21:58:34 - [TEST_STEP][PASSED] - I.select_multiplelist("//*[@id="selSource_54"]", "//*[@id="btnAdd_54"]", "1081"): Delayed 1 second(s)

2022-06-23 21:58:35 - [MESSAGE][PASSED] - Delayed 1 second(s)

2022-06-23 21:58:36 - [MESSAGE][PASSED] - All options with value '1081' are selected in object 'Object Repository/1. Constant/xpath' 

2022-06-23 21:58:38 - [MESSAGE][PASSED] - Delayed 2 second(s)

2022-06-23 21:58:39 - [MESSAGE][PASSED] - Object: 'Object Repository/1. Constant/xpath' is clicked on

2022-06-23 21:58:40 - [MESSAGE][PASSED] - Delayed 1 second(s)

2022-06-23 21:58:40 - [TEST_STEP][PASSED] - delay(5): Delayed 5 second(s)

2022-06-23 21:58:45 - [MESSAGE][PASSED] - Delayed 5 second(s)

2022-06-23 21:58:45 - [TEST_STEP][PASSED] - I.select_multiplelist("//*[@id="selSource_106"]", "//*[@id="btnAdd_106"]", "2787"): Delayed 1 second(s)

2022-06-23 21:58:47 - [MESSAGE][PASSED] - Delayed 1 second(s)

2022-06-23 21:58:47 - [MESSAGE][PASSED] - All options with value '2787' are selected in object 'Object Repository/1. Constant/xpath' 

2022-06-23 21:58:49 - [MESSAGE][PASSED] - Delayed 2 second(s)

2022-06-23 21:58:51 - [MESSAGE][PASSED] - Object: 'Object Repository/1. Constant/xpath' is clicked on

2022-06-23 21:58:52 - [MESSAGE][PASSED] - Delayed 1 second(s)

2022-06-23 21:58:52 - [TEST_STEP][PASSED] - selectOptionByValue(findTestObject("1. Constant/xpath", ["xpath":"//*[@id="var_92"]"]), "1298", false): All options with value '1298' are selected in object 'Object Repository/1. Constant/xpath' 

2022-06-23 21:58:55 - [MESSAGE][PASSED] - All options with value '1298' are selected in object 'Object Repository/1. Constant/xpath' 

2022-06-23 21:58:55 - [TEST_STEP][PASSED] - I.select_multiplelist("//*[@id="selSource_88"]", "//*[@id="btnAdd_88"]", "1303"): Delayed 1 second(s)

2022-06-23 21:58:56 - [MESSAGE][PASSED] - Delayed 1 second(s)

2022-06-23 21:58:58 - [MESSAGE][PASSED] - All options with value '1303' are selected in object 'Object Repository/1. Constant/xpath' 

2022-06-23 21:59:00 - [MESSAGE][PASSED] - Delayed 2 second(s)

2022-06-23 21:59:02 - [MESSAGE][PASSED] - Object: 'Object Repository/1. Constant/xpath' is clicked on

2022-06-23 21:59:03 - [MESSAGE][PASSED] - Delayed 1 second(s)

2022-06-23 21:59:03 - [TEST_STEP][PASSED] - I.select_multiplelist("//*[@id="selSource_86"]", "//*[@id="btnAdd_86"]", "1310"): Delayed 1 second(s)

2022-06-23 21:59:04 - [MESSAGE][PASSED] - Delayed 1 second(s)

2022-06-23 21:59:05 - [MESSAGE][PASSED] - All options with value '1310' are selected in object 'Object Repository/1. Constant/xpath' 

2022-06-23 21:59:07 - [MESSAGE][PASSED] - Delayed 2 second(s)

2022-06-23 21:59:08 - [MESSAGE][PASSED] - Object: 'Object Repository/1. Constant/xpath' is clicked on

2022-06-23 21:59:09 - [MESSAGE][PASSED] - Delayed 1 second(s)

2022-06-23 21:59:09 - [TEST_STEP][PASSED] - I.select_multiplelist("//*[@id="selSource_57"]", "//*[@id="btnAdd_57"]", "2304"): Delayed 1 second(s)

2022-06-23 21:59:10 - [MESSAGE][PASSED] - Delayed 1 second(s)

2022-06-23 21:59:12 - [MESSAGE][PASSED] - All options with value '2304' are selected in object 'Object Repository/1. Constant/xpath' 

2022-06-23 21:59:14 - [MESSAGE][PASSED] - Delayed 2 second(s)

2022-06-23 21:59:16 - [MESSAGE][PASSED] - Object: 'Object Repository/1. Constant/xpath' is clicked on

2022-06-23 21:59:17 - [MESSAGE][PASSED] - Delayed 1 second(s)

2022-06-23 21:59:17 - [TEST_STEP][PASSED] - selectOptionByValue(findTestObject("1. Constant/xpath", ["xpath":"//*[@id="var_87"]"]), "971", false): All options with value '971' are selected in object 'Object Repository/1. Constant/xpath' 

2022-06-23 21:59:18 - [MESSAGE][PASSED] - All options with value '971' are selected in object 'Object Repository/1. Constant/xpath' 

2022-06-23 21:59:18 - [TEST_STEP][PASSED] - selectOptionByValue(findTestObject("1. Constant/xpath", ["xpath":"//*[@id="var_109"]"]), "1325", false): All options with value '1325' are selected in object 'Object Repository/1. Constant/xpath' 

2022-06-23 21:59:19 - [MESSAGE][PASSED] - All options with value '1325' are selected in object 'Object Repository/1. Constant/xpath' 

2022-06-23 21:59:19 - [TEST_STEP][PASSED] - selectOptionByValue(findTestObject("1. Constant/xpath", ["xpath":"//*[@id="var_52"]"]), "1330", false): All options with value '1330' are selected in object 'Object Repository/1. Constant/xpath' 

2022-06-23 21:59:20 - [MESSAGE][PASSED] - All options with value '1330' are selected in object 'Object Repository/1. Constant/xpath' 

2022-06-23 21:59:20 - [TEST_STEP][PASSED] - I.select_multiplelist("//*[@id="selSource_67"]", "//*[@id="btnAdd_67"]", "1624"): Delayed 1 second(s)

2022-06-23 21:59:21 - [MESSAGE][PASSED] - Delayed 1 second(s)

2022-06-23 21:59:22 - [MESSAGE][PASSED] - All options with value '1624' are selected in object 'Object Repository/1. Constant/xpath' 

2022-06-23 21:59:24 - [MESSAGE][PASSED] - Delayed 2 second(s)

2022-06-23 21:59:25 - [MESSAGE][PASSED] - Object: 'Object Repository/1. Constant/xpath' is clicked on

2022-06-23 21:59:26 - [MESSAGE][PASSED] - Delayed 1 second(s)

2022-06-23 21:59:26 - [TEST_STEP][PASSED] - selectOptionByValue(findTestObject("1. Constant/xpath", ["xpath":"//*[@id="var_140"]"]), "2296", false): All options with value '2296' are selected in object 'Object Repository/1. Constant/xpath' 

2022-06-23 21:59:27 - [MESSAGE][PASSED] - All options with value '2296' are selected in object 'Object Repository/1. Constant/xpath' 

2022-06-23 21:59:27 - [TEST_STEP][PASSED] - I.select_multiplelist("//*[@id="selSource_51"]", "//*[@id="btnAdd_51"]", "1673"): Delayed 1 second(s)

2022-06-23 21:59:28 - [MESSAGE][PASSED] - Delayed 1 second(s)

2022-06-23 21:59:29 - [MESSAGE][PASSED] - All options with value '1673' are selected in object 'Object Repository/1. Constant/xpath' 

2022-06-23 21:59:31 - [MESSAGE][PASSED] - Delayed 2 second(s)

2022-06-23 21:59:33 - [MESSAGE][PASSED] - Object: 'Object Repository/1. Constant/xpath' is clicked on

2022-06-23 21:59:34 - [MESSAGE][PASSED] - Delayed 1 second(s)

2022-06-23 21:59:34 - [TEST_STEP][PASSED] - I.select_multiplelist("//*[@id="selSource_50"]", "//*[@id="btnAdd_50"]", "1681"): Delayed 1 second(s)

2022-06-23 21:59:35 - [MESSAGE][PASSED] - Delayed 1 second(s)

2022-06-23 21:59:37 - [MESSAGE][PASSED] - All options with value '1681' are selected in object 'Object Repository/1. Constant/xpath' 

2022-06-23 21:59:39 - [MESSAGE][PASSED] - Delayed 2 second(s)

2022-06-23 21:59:40 - [MESSAGE][PASSED] - Object: 'Object Repository/1. Constant/xpath' is clicked on

2022-06-23 21:59:41 - [MESSAGE][PASSED] - Delayed 1 second(s)

2022-06-23 21:59:41 - [TEST_STEP][PASSED] - selectOptionByValue(findTestObject("1. Constant/xpath", ["xpath":"//*[@id="selSource_64"]"]), "1701", false): All options with value '1701' are selected in object 'Object Repository/1. Constant/xpath' 

2022-06-23 21:59:43 - [MESSAGE][PASSED] - All options with value '1701' are selected in object 'Object Repository/1. Constant/xpath' 

2022-06-23 21:59:43 - [TEST_STEP][PASSED] - I.select_multiplelist("//*[@id="selSource_64"]", "//*[@id="btnAdd_64"]", "1688"): Delayed 1 second(s)

2022-06-23 21:59:44 - [MESSAGE][PASSED] - Delayed 1 second(s)

2022-06-23 21:59:46 - [MESSAGE][PASSED] - All options with value '1688' are selected in object 'Object Repository/1. Constant/xpath' 

2022-06-23 21:59:48 - [MESSAGE][PASSED] - Delayed 2 second(s)

2022-06-23 21:59:49 - [MESSAGE][PASSED] - Object: 'Object Repository/1. Constant/xpath' is clicked on

2022-06-23 21:59:50 - [MESSAGE][PASSED] - Delayed 1 second(s)

2022-06-23 21:59:50 - [TEST_STEP][PASSED] - I.select_multiplelist("//*[@id="selSource_53"]", "//*[@id="btnAdd_53"]", "1701"): Delayed 1 second(s)

2022-06-23 21:59:51 - [MESSAGE][PASSED] - Delayed 1 second(s)

2022-06-23 21:59:54 - [MESSAGE][PASSED] - All options with value '1701' are selected in object 'Object Repository/1. Constant/xpath' 

2022-06-23 21:59:56 - [MESSAGE][PASSED] - Delayed 2 second(s)

2022-06-23 21:59:57 - [MESSAGE][PASSED] - Object: 'Object Repository/1. Constant/xpath' is clicked on

2022-06-23 21:59:58 - [MESSAGE][PASSED] - Delayed 1 second(s)

2022-06-23 21:59:58 - [TEST_STEP][PASSED] - I.select_multiplelist("//*[@id="selSource_58"]", "//*[@id="btnAdd_58"]", "1704"): Delayed 1 second(s)

2022-06-23 21:59:59 - [MESSAGE][PASSED] - Delayed 1 second(s)

2022-06-23 22:00:02 - [MESSAGE][PASSED] - All options with value '1704' are selected in object 'Object Repository/1. Constant/xpath' 

2022-06-23 22:00:04 - [MESSAGE][PASSED] - Delayed 2 second(s)

2022-06-23 22:00:06 - [MESSAGE][PASSED] - Object: 'Object Repository/1. Constant/xpath' is clicked on

2022-06-23 22:00:07 - [MESSAGE][PASSED] - Delayed 1 second(s)

2022-06-23 22:00:07 - [TEST_STEP][PASSED] - I.select_multiplelist("//*[@id="selSource_59"]", "//*[@id="btnAdd_59"]", "1706"): Delayed 1 second(s)

2022-06-23 22:00:08 - [MESSAGE][PASSED] - Delayed 1 second(s)

2022-06-23 22:00:11 - [MESSAGE][PASSED] - All options with value '1706' are selected in object 'Object Repository/1. Constant/xpath' 

2022-06-23 22:00:14 - [MESSAGE][PASSED] - Delayed 2 second(s)

2022-06-23 22:00:14 - [MESSAGE][PASSED] - Object: 'Object Repository/1. Constant/xpath' is clicked on

2022-06-23 22:00:15 - [MESSAGE][PASSED] - Delayed 1 second(s)

2022-06-23 22:00:15 - [TEST_STEP][PASSED] - I.select_multiplelist("//*[@id="selSource_73"]", "//*[@id="btnAdd_73"]", "3147"): Delayed 1 second(s)

2022-06-23 22:00:16 - [MESSAGE][PASSED] - Delayed 1 second(s)

2022-06-23 22:00:18 - [MESSAGE][PASSED] - All options with value '3147' are selected in object 'Object Repository/1. Constant/xpath' 

2022-06-23 22:00:20 - [MESSAGE][PASSED] - Delayed 2 second(s)

2022-06-23 22:00:22 - [MESSAGE][PASSED] - Object: 'Object Repository/1. Constant/xpath' is clicked on

2022-06-23 22:00:23 - [MESSAGE][PASSED] - Delayed 1 second(s)

2022-06-23 22:00:23 - [TEST_STEP][PASSED] - selectOptionByValue(findTestObject("1. Constant/xpath", ["xpath":"//*[@id="var_66"]"]), "2402", false): All options with value '2402' are selected in object 'Object Repository/1. Constant/xpath' 

2022-06-23 22:00:25 - [MESSAGE][PASSED] - All options with value '2402' are selected in object 'Object Repository/1. Constant/xpath' 

2022-06-23 22:00:25 - [TEST_STEP][PASSED] - selectOptionByValue(findTestObject("1. Constant/xpath", ["xpath":"//*[@id="var_142"]"]), "2404", false): All options with value '2404' are selected in object 'Object Repository/1. Constant/xpath' 

2022-06-23 22:00:26 - [MESSAGE][PASSED] - All options with value '2404' are selected in object 'Object Repository/1. Constant/xpath' 

2022-06-23 22:00:26 - [TEST_STEP][PASSED] - selectOptionByValue(findTestObject("1. Constant/xpath", ["xpath":"//*[@id="var_143"]"]), "2406", false): All options with value '2406' are selected in object 'Object Repository/1. Constant/xpath' 

2022-06-23 22:00:27 - [MESSAGE][PASSED] - All options with value '2406' are selected in object 'Object Repository/1. Constant/xpath' 

2022-06-23 22:00:27 - [TEST_STEP][PASSED] - I.select_multiplelist("//*[@id="selSource_119"]", "//*[@id="btnAdd_119"]", "2165"): Delayed 1 second(s)

2022-06-23 22:00:28 - [MESSAGE][PASSED] - Delayed 1 second(s)

2022-06-23 22:00:31 - [MESSAGE][PASSED] - All options with value '2165' are selected in object 'Object Repository/1. Constant/xpath' 

2022-06-23 22:00:33 - [MESSAGE][PASSED] - Delayed 2 second(s)

2022-06-23 22:00:34 - [MESSAGE][PASSED] - Object: 'Object Repository/1. Constant/xpath' is clicked on

2022-06-23 22:00:35 - [MESSAGE][PASSED] - Delayed 1 second(s)

2022-06-23 22:00:35 - [TEST_STEP][PASSED] - takeScreenshot(): Taking screenshot successfully

2022-06-23 22:00:36 - [MESSAGE][PASSED] - Taking screenshot successfully
[[ATTACHMENT|D:\\Projet Test Auto\\Mediabox Test Automation\\Reports\\20220623_184212\\03. Parallel Testing (Testing)\\TS -PT PART 3\\10 NPP Support Action on Completed Ref\\20220623_184233\\1656014436007.png]]

2022-06-23 22:00:36 - [TEST_STEP][PASSED] - delay(3): Delayed 3 second(s)

2022-06-23 22:00:39 - [MESSAGE][PASSED] - Delayed 3 second(s)

2022-06-23 22:00:39 - [TEST_STEP][PASSED] - click(findTestObject("HL Full Lifecycle/5 ModifyProjPage_button_Update")): Object: 'Object Repository/HL Full Lifecycle/5 ModifyProjPage_button_Update' is clicked on

2022-06-23 22:00:46 - [MESSAGE][PASSED] - Object: 'Object Repository/HL Full Lifecycle/5 ModifyProjPage_button_Update' is clicked on

2022-06-23 22:00:46 - [TEST_STEP][PASSED] - delay(10): Delayed 10 second(s)

2022-06-23 22:00:56 - [MESSAGE][PASSED] - Delayed 10 second(s)

2022-06-23 22:00:56 - [TEST_STEP][PASSED] - Project_No = I.ProjectNo(): Current window's url is: 'http://mdb-release.diadeis.lan/MediaboxIndependence/Base/ExecAction?IDSession=MBI%21RELTESTAUTO_NPP%21MGEUKV329H9Z3QHRMLCX6T6I1VEYALSQMT2QSDPV&default_action=AfficheFichesProjet&id_project=MI001078'

2022-06-23 22:01:01 - [MESSAGE][PASSED] - Delayed 5 second(s)

2022-06-23 22:01:02 - [MESSAGE][PASSED] - Current window's url is: 'http://mdb-release.diadeis.lan/MediaboxIndependence/Base/ExecAction?IDSession=MBI%21RELTESTAUTO_NPP%21MGEUKV329H9Z3QHRMLCX6T6I1VEYALSQMT2QSDPV&default_action=AfficheFichesProjet&id_project=MI001078'

2022-06-23 22:01:02 - [TEST_STEP][PASSED] - click(findTestObject("HL Full Lifecycle/6 ReferenceListPage_createrefbutton")): Object: 'Object Repository/HL Full Lifecycle/6 ReferenceListPage_createrefbutton' is clicked on

2022-06-23 22:01:02 - [MESSAGE][PASSED] - Object: 'Object Repository/HL Full Lifecycle/6 ReferenceListPage_createrefbutton' is clicked on

2022-06-23 22:01:02 - [TEST_STEP][PASSED] - click(findTestObject("HL Full Lifecycle/6 ReferenceListPaga_Create a component_button")): Object: 'Object Repository/HL Full Lifecycle/6 ReferenceListPaga_Create a component_button' is clicked on

2022-06-23 22:01:05 - [MESSAGE][PASSED] - Object: 'Object Repository/HL Full Lifecycle/6 ReferenceListPaga_Create a component_button' is clicked on

2022-06-23 22:01:05 - [TEST_STEP][PASSED] - takeScreenshot(): Taking screenshot successfully

2022-06-23 22:01:06 - [MESSAGE][PASSED] - Taking screenshot successfully
[[ATTACHMENT|D:\\Projet Test Auto\\Mediabox Test Automation\\Reports\\20220623_184212\\03. Parallel Testing (Testing)\\TS -PT PART 3\\10 NPP Support Action on Completed Ref\\20220623_184233\\1656014466133.png]]

2022-06-23 22:01:06 - [TEST_STEP][PASSED] - selectOptionByValue(findTestObject("1. Constant/xpath", ["xpath":"//*[@id="lfc_tpl"]"]), "51", false): All options with value '51' are selected in object 'Object Repository/1. Constant/xpath' 

2022-06-23 22:01:10 - [MESSAGE][PASSED] - All options with value '51' are selected in object 'Object Repository/1. Constant/xpath' 

2022-06-23 22:01:10 - [TEST_STEP][PASSED] - delay(1): Delayed 1 second(s)

2022-06-23 22:01:11 - [MESSAGE][PASSED] - Delayed 1 second(s)

2022-06-23 22:01:11 - [TEST_STEP][PASSED] - click(findTestObject("1. Constant/xpath", ["xpath":"//*[@id="ModifFiche"]/div[3]/div/button"])): Object: 'Object Repository/1. Constant/xpath' is clicked on

2022-06-23 22:01:16 - [MESSAGE][PASSED] - Object: 'Object Repository/1. Constant/xpath' is clicked on

2022-06-23 22:01:16 - [TEST_STEP][PASSED] - delay(1): Delayed 1 second(s)

2022-06-23 22:01:17 - [MESSAGE][PASSED] - Delayed 1 second(s)

2022-06-23 22:01:17 - [TEST_STEP][PASSED] - refID = I.RefID_Npp(): Current window's url is: 'http://mdb-release.diadeis.lan/MediaboxIndependence/Base/ExecAction?IDSession=MBI%21RELTESTAUTO_NPP%21MGEUKV329H9Z3QHRMLCX6T6I1VEYALSQMT2QSDPV&default_action=ModifierRef&id_project=MI001078&id_ref=1058043&action_from=create_ref'

2022-06-23 22:01:22 - [MESSAGE][PASSED] - Delayed 5 second(s)

2022-06-23 22:01:23 - [MESSAGE][PASSED] - Current window's url is: 'http://mdb-release.diadeis.lan/MediaboxIndependence/Base/ExecAction?IDSession=MBI%21RELTESTAUTO_NPP%21MGEUKV329H9Z3QHRMLCX6T6I1VEYALSQMT2QSDPV&default_action=ModifierRef&id_project=MI001078&id_ref=1058043&action_from=create_ref'

2022-06-23 22:01:23 - [TEST_STEP][PASSED] - takeScreenshot(): Taking screenshot successfully

2022-06-23 22:01:23 - [MESSAGE][PASSED] - Taking screenshot successfully
[[ATTACHMENT|D:\\Projet Test Auto\\Mediabox Test Automation\\Reports\\20220623_184212\\03. Parallel Testing (Testing)\\TS -PT PART 3\\10 NPP Support Action on Completed Ref\\20220623_184233\\1656014483307.png]]

2022-06-23 22:01:23 - [TEST_STEP][PASSED] - setText(findTestObject("1. Constant/xpath", ["xpath":"//*[@id="var_103"]"]), "SAP Designation test > https://www.google.com/"): Text 'SAP Designation test > https://www.google.com/' is set on object 'Object Repository/1. Constant/xpath'

2022-06-23 22:01:25 - [MESSAGE][PASSED] - Text 'SAP Designation test > https://www.google.com/' is set on object 'Object Repository/1. Constant/xpath'

2022-06-23 22:01:25 - [TEST_STEP][PASSED] - setText(findTestObject("1. Constant/xpath", ["xpath":"//*[@id="var_139"]"]), "Claim Substantiation Project Link > https://www.google.com/"): Text 'Claim Substantiation Project Link > https://www.google.com/' is set on object 'Object Repository/1. Constant/xpath'

2022-06-23 22:01:27 - [MESSAGE][PASSED] - Text 'Claim Substantiation Project Link > https://www.google.com/' is set on object 'Object Repository/1. Constant/xpath'

2022-06-23 22:01:27 - [TEST_STEP][PASSED] - setText(findTestObject("1. Constant/xpath", ["xpath":"//*[@id="var_160"]"]), "Grading standard link > test"): Text 'Grading standard link > test' is set on object 'Object Repository/1. Constant/xpath'

2022-06-23 22:01:29 - [MESSAGE][PASSED] - Text 'Grading standard link > test' is set on object 'Object Repository/1. Constant/xpath'

2022-06-23 22:01:29 - [TEST_STEP][PASSED] - scrollToElement(findTestObject("1. Constant/xpath", ["xpath":"//*[@id="var_90"]"]), 10, OPTIONAL): Scroll to object 'Object Repository/1. Constant/xpath' successfully

2022-06-23 22:01:29 - [MESSAGE][PASSED] - Scroll to object 'Object Repository/1. Constant/xpath' successfully

2022-06-23 22:01:29 - [TEST_STEP][PASSED] - setText(findTestObject("1. Constant/xpath", ["xpath":"//*[@id="var_90"]"]), "Project name > test"): Text 'Project name > test' is set on object 'Object Repository/1. Constant/xpath'

2022-06-23 22:01:31 - [MESSAGE][PASSED] - Text 'Project name > test' is set on object 'Object Repository/1. Constant/xpath'

2022-06-23 22:01:31 - [TEST_STEP][PASSED] - setText(findTestObject("1. Constant/xpath", ["xpath":"//*[@id="var_62"]"]), "DPET > test"): Text 'DPET > test' is set on object 'Object Repository/1. Constant/xpath'

2022-06-23 22:01:33 - [MESSAGE][PASSED] - Text 'DPET > test' is set on object 'Object Repository/1. Constant/xpath'

2022-06-23 22:01:33 - [TEST_STEP][PASSED] - I.select_multiplelist("//*[@id="selSource_73"]", "//*[@id="btnAdd_73"]", "3147"): Delayed 1 second(s)

2022-06-23 22:01:34 - [MESSAGE][PASSED] - Delayed 1 second(s)

2022-06-23 22:01:35 - [MESSAGE][PASSED] - All options with value '3147' are selected in object 'Object Repository/1. Constant/xpath' 

2022-06-23 22:01:37 - [MESSAGE][PASSED] - Delayed 2 second(s)

2022-06-23 22:01:38 - [MESSAGE][PASSED] - Object: 'Object Repository/1. Constant/xpath' is clicked on

2022-06-23 22:01:39 - [MESSAGE][PASSED] - Delayed 1 second(s)

2022-06-23 22:01:39 - [TEST_STEP][PASSED] - takeScreenshot(): Taking screenshot successfully

2022-06-23 22:01:39 - [MESSAGE][PASSED] - Taking screenshot successfully
[[ATTACHMENT|D:\\Projet Test Auto\\Mediabox Test Automation\\Reports\\20220623_184212\\03. Parallel Testing (Testing)\\TS -PT PART 3\\10 NPP Support Action on Completed Ref\\20220623_184233\\1656014499097.png]]

2022-06-23 22:01:39 - [TEST_STEP][PASSED] - scrollToElement(findTestObject("1. Constant/xpath", ["xpath":"//*[@id="var_82"]"]), 10, OPTIONAL): Scroll to object 'Object Repository/1. Constant/xpath' successfully

2022-06-23 22:01:40 - [MESSAGE][PASSED] - Scroll to object 'Object Repository/1. Constant/xpath' successfully

2022-06-23 22:01:40 - [TEST_STEP][PASSED] - selectOptionByValue(findTestObject("1. Constant/xpath", ["xpath":"//*[@id="var_82"]"]), "agaudin", false): All options with value 'agaudin' are selected in object 'Object Repository/1. Constant/xpath' 

2022-06-23 22:01:40 - [MESSAGE][PASSED] - All options with value 'agaudin' are selected in object 'Object Repository/1. Constant/xpath' 

2022-06-23 22:01:40 - [TEST_STEP][PASSED] - selectOptionByValue(findTestObject("1. Constant/xpath", ["xpath":"//*[@id="var_74"]"]), "afrappaz", false): All options with value 'afrappaz' are selected in object 'Object Repository/1. Constant/xpath' 

2022-06-23 22:01:41 - [MESSAGE][PASSED] - All options with value 'afrappaz' are selected in object 'Object Repository/1. Constant/xpath' 

2022-06-23 22:01:41 - [TEST_STEP][PASSED] - selectOptionByValue(findTestObject("1. Constant/xpath", ["xpath":"//*[@id="selSource_168"]"]), "cdemonchy", false): All options with value 'cdemonchy' are selected in object 'Object Repository/1. Constant/xpath' 

2022-06-23 22:01:42 - [MESSAGE][PASSED] - All options with value 'cdemonchy' are selected in object 'Object Repository/1. Constant/xpath' 

2022-06-23 22:01:42 - [TEST_STEP][PASSED] - selectOptionByValue(findTestObject("1. Constant/xpath", ["xpath":"//*[@id="selSource_168"]"]), "alarkins", false): All options with value 'alarkins' are selected in object 'Object Repository/1. Constant/xpath' 

2022-06-23 22:01:43 - [MESSAGE][PASSED] - All options with value 'alarkins' are selected in object 'Object Repository/1. Constant/xpath' 

2022-06-23 22:01:43 - [TEST_STEP][PASSED] - I.select_multiplelist("//*[@id="selSource_168"]", "//*[@id="btnAdd_168"]", "abrazhnikovapx"): Delayed 1 second(s)

2022-06-23 22:01:44 - [MESSAGE][PASSED] - Delayed 1 second(s)

2022-06-23 22:01:45 - [MESSAGE][PASSED] - All options with value 'abrazhnikovapx' are selected in object 'Object Repository/1. Constant/xpath' 

2022-06-23 22:01:47 - [MESSAGE][PASSED] - Delayed 2 second(s)

2022-06-23 22:01:48 - [MESSAGE][PASSED] - Object: 'Object Repository/1. Constant/xpath' is clicked on

2022-06-23 22:01:49 - [MESSAGE][PASSED] - Delayed 1 second(s)

2022-06-23 22:01:49 - [TEST_STEP][PASSED] - selectOptionByValue(findTestObject("1. Constant/xpath", ["xpath":"//*[@id="var_60"]"]), "asvegaardd2d", false): All options with value 'asvegaardd2d' are selected in object 'Object Repository/1. Constant/xpath' 

2022-06-23 22:01:51 - [MESSAGE][PASSED] - All options with value 'asvegaardd2d' are selected in object 'Object Repository/1. Constant/xpath' 

2022-06-23 22:01:51 - [TEST_STEP][PASSED] - selectOptionByValue(findTestObject("1. Constant/xpath", ["xpath":"//*[@id="var_102"]"]), "aserment", false): All options with value 'aserment' are selected in object 'Object Repository/1. Constant/xpath' 

2022-06-23 22:01:52 - [MESSAGE][PASSED] - All options with value 'aserment' are selected in object 'Object Repository/1. Constant/xpath' 

2022-06-23 22:01:52 - [TEST_STEP][PASSED] - selectOptionByValue(findTestObject("1. Constant/xpath", ["xpath":"//*[@id="var_63"]"]), "asavreux", false): All options with value 'asavreux' are selected in object 'Object Repository/1. Constant/xpath' 

2022-06-23 22:01:53 - [MESSAGE][PASSED] - All options with value 'asavreux' are selected in object 'Object Repository/1. Constant/xpath' 

2022-06-23 22:01:53 - [TEST_STEP][PASSED] - selectOptionByValue(findTestObject("1. Constant/xpath", ["xpath":"//*[@id="var_161"]"]), "achaves", false): All options with value 'achaves' are selected in object 'Object Repository/1. Constant/xpath' 

2022-06-23 22:01:54 - [MESSAGE][PASSED] - All options with value 'achaves' are selected in object 'Object Repository/1. Constant/xpath' 

2022-06-23 22:01:54 - [TEST_STEP][PASSED] - takeScreenshot(): Taking screenshot successfully

2022-06-23 22:01:55 - [MESSAGE][PASSED] - Taking screenshot successfully
[[ATTACHMENT|D:\\Projet Test Auto\\Mediabox Test Automation\\Reports\\20220623_184212\\03. Parallel Testing (Testing)\\TS -PT PART 3\\10 NPP Support Action on Completed Ref\\20220623_184233\\1656014514989.png]]

2022-06-23 22:01:55 - [TEST_STEP][PASSED] - scrollToElement(findTestObject("1. Constant/xpath", ["xpath":"//*[@id="var_143"]"]), 10, OPTIONAL): Scroll to object 'Object Repository/1. Constant/xpath' successfully

2022-06-23 22:01:56 - [MESSAGE][PASSED] - Scroll to object 'Object Repository/1. Constant/xpath' successfully

2022-06-23 22:01:56 - [TEST_STEP][PASSED] - I.select_multiplelist("//*[@id="selSource_79"]", "//*[@id="btnAdd_79"]", "1730"): Delayed 1 second(s)

2022-06-23 22:01:57 - [MESSAGE][PASSED] - Delayed 1 second(s)

2022-06-23 22:01:58 - [MESSAGE][PASSED] - All options with value '1730' are selected in object 'Object Repository/1. Constant/xpath' 

2022-06-23 22:02:00 - [MESSAGE][PASSED] - Delayed 2 second(s)

2022-06-23 22:02:01 - [MESSAGE][PASSED] - Object: 'Object Repository/1. Constant/xpath' is clicked on

2022-06-23 22:02:02 - [MESSAGE][PASSED] - Delayed 1 second(s)

2022-06-23 22:02:02 - [TEST_STEP][PASSED] - selectOptionByValue(findTestObject("1. Constant/xpath", ["xpath":"//*[@id="selSource_78"]"]), "1752", false): All options with value '1752' are selected in object 'Object Repository/1. Constant/xpath' 

2022-06-23 22:02:03 - [MESSAGE][PASSED] - All options with value '1752' are selected in object 'Object Repository/1. Constant/xpath' 

2022-06-23 22:02:03 - [TEST_STEP][PASSED] - I.select_multiplelist("//*[@id="selSource_78"]", "//*[@id="btnAdd_78"]", "1753"): Delayed 1 second(s)

2022-06-23 22:02:04 - [MESSAGE][PASSED] - Delayed 1 second(s)

2022-06-23 22:02:05 - [MESSAGE][PASSED] - All options with value '1753' are selected in object 'Object Repository/1. Constant/xpath' 

2022-06-23 22:02:07 - [MESSAGE][PASSED] - Delayed 2 second(s)

2022-06-23 22:02:08 - [MESSAGE][PASSED] - Object: 'Object Repository/1. Constant/xpath' is clicked on

2022-06-23 22:02:09 - [MESSAGE][PASSED] - Delayed 1 second(s)

2022-06-23 22:02:09 - [TEST_STEP][PASSED] - selectOptionByValue(findTestObject("1. Constant/xpath", ["xpath":"//*[@id="selSource_104"]"]), "73", false): All options with value '73' are selected in object 'Object Repository/1. Constant/xpath' 

2022-06-23 22:02:10 - [MESSAGE][PASSED] - All options with value '73' are selected in object 'Object Repository/1. Constant/xpath' 

2022-06-23 22:02:10 - [TEST_STEP][PASSED] - I.select_multiplelist("//*[@id="selSource_104"]", "//*[@id="btnAdd_104"]", "74"): Delayed 1 second(s)

2022-06-23 22:02:11 - [MESSAGE][PASSED] - Delayed 1 second(s)

2022-06-23 22:02:12 - [MESSAGE][PASSED] - All options with value '74' are selected in object 'Object Repository/1. Constant/xpath' 

2022-06-23 22:02:14 - [MESSAGE][PASSED] - Delayed 2 second(s)

2022-06-23 22:02:15 - [MESSAGE][PASSED] - Object: 'Object Repository/1. Constant/xpath' is clicked on

2022-06-23 22:02:16 - [MESSAGE][PASSED] - Delayed 1 second(s)

2022-06-23 22:02:16 - [TEST_STEP][PASSED] - takeScreenshot(): Taking screenshot successfully

2022-06-23 22:02:17 - [MESSAGE][PASSED] - Taking screenshot successfully
[[ATTACHMENT|D:\\Projet Test Auto\\Mediabox Test Automation\\Reports\\20220623_184212\\03. Parallel Testing (Testing)\\TS -PT PART 3\\10 NPP Support Action on Completed Ref\\20220623_184233\\1656014536792.png]]

2022-06-23 22:02:17 - [TEST_STEP][PASSED] - scrollToElement(findTestObject("1. Constant/xpath", ["xpath":"//*[@id="var_169"]"]), 10, OPTIONAL): Scroll to object 'Object Repository/1. Constant/xpath' successfully

2022-06-23 22:02:18 - [MESSAGE][PASSED] - Scroll to object 'Object Repository/1. Constant/xpath' successfully

2022-06-23 22:02:18 - [TEST_STEP][PASSED] - setText(findTestObject("1. Constant/xpath", ["xpath":"//*[@id="var_169"]"]), "Version History"): Text 'Version History' is set on object 'Object Repository/1. Constant/xpath'

2022-06-23 22:02:20 - [MESSAGE][PASSED] - Text 'Version History' is set on object 'Object Repository/1. Constant/xpath'

2022-06-23 22:02:20 - [TEST_STEP][PASSED] - click(findTestObject("HL Full Lifecycle/7 ModifyRefPage_button_Save")): Object: 'Object Repository/HL Full Lifecycle/7 ModifyRefPage_button_Save' is clicked on

2022-06-23 22:02:26 - [MESSAGE][PASSED] - Object: 'Object Repository/HL Full Lifecycle/7 ModifyRefPage_button_Save' is clicked on

2022-06-23 22:02:26 - [TEST_STEP][PASSED] - delay(1): Delayed 1 second(s)

2022-06-23 22:02:27 - [MESSAGE][PASSED] - Delayed 1 second(s)

2022-06-23 22:02:27 - [TEST_STEP][PASSED] - I.Logout_xpath("//*[@id="kt_header"]/div/div[2]/div[2]/div[1]/div/span/img", "//*[@id="kt_header"]/div/div[2]/div[2]/div[2]/a[2]"): Wait for page load successfully

2022-06-23 22:02:28 - [MESSAGE][PASSED] - Object: 'Object Repository/1. Constant/xpath' is clicked on

2022-06-23 22:02:29 - [MESSAGE][PASSED] - Delayed 1 second(s)

2022-06-23 22:02:32 - [MESSAGE][PASSED] - Object: 'Object Repository/1. Constant/xpath' is clicked on

2022-06-23 22:02:33 - [MESSAGE][PASSED] - Delayed 1 second(s)

2022-06-23 22:02:34 - [MESSAGE][PASSED] - Wait for page load successfully

2022-06-23 22:02:34 - [TEST_STEP][PASSED] - I.Login_password("ncur", password_ncur): Object: 'Object Repository/1. Constant/xpath' is clicked on

2022-06-23 22:02:35 - [MESSAGE][PASSED] - Text 'ncur' is set on object 'Object Repository/1. Constant/xpath'

2022-06-23 22:02:36 - [MESSAGE][PASSED] - Delayed 1 second(s)

2022-06-23 22:02:38 - [MESSAGE][PASSED] - Text 'dchi' is set on object 'Object Repository/1. Constant/xpath'

2022-06-23 22:02:39 - [MESSAGE][PASSED] - Delayed 1 second(s)

2022-06-23 22:02:46 - [MESSAGE][PASSED] - Object: 'Object Repository/1. Constant/xpath' is clicked on

2022-06-23 22:02:46 - [TEST_STEP][PASSED] - click(findTestObject("1. Constant/02_LHSMenu_Projects")): Object: 'Object Repository/1. Constant/02_LHSMenu_Projects' is clicked on

2022-06-23 22:03:04 - [MESSAGE][PASSED] - Object: 'Object Repository/1. Constant/02_LHSMenu_Projects' is clicked on

2022-06-23 22:03:04 - [TEST_STEP][PASSED] - I.SearchProjectNo_xpath(Project_No, "//*[@id="keynum_project"]", "//*[@id="form_filters"]/div[9]/button"): Delayed 5 second(s)

2022-06-23 22:03:05 - [MESSAGE][PASSED] - Delayed 1 second(s)

2022-06-23 22:03:07 - [MESSAGE][PASSED] - Text 'MI001078' is set on object 'Object Repository/1. Constant/xpath'

2022-06-23 22:03:10 - [MESSAGE][PASSED] - Delayed 3 second(s)

2022-06-23 22:03:10 - [MESSAGE][PASSED] - Scroll to object 'Object Repository/1. Constant/xpath' successfully

2022-06-23 22:03:15 - [MESSAGE][PASSED] - Object: 'Object Repository/1. Constant/xpath' is clicked on

2022-06-23 22:03:20 - [MESSAGE][PASSED] - Delayed 5 second(s)

2022-06-23 22:03:20 - [TEST_STEP][PASSED] - delay(2): Delayed 2 second(s)

2022-06-23 22:03:22 - [MESSAGE][PASSED] - Delayed 2 second(s)

2022-06-23 22:03:22 - [TEST_STEP][PASSED] - takeScreenshot(): Taking screenshot successfully

2022-06-23 22:03:23 - [MESSAGE][PASSED] - Taking screenshot successfully
[[ATTACHMENT|D:\\Projet Test Auto\\Mediabox Test Automation\\Reports\\20220623_184212\\03. Parallel Testing (Testing)\\TS -PT PART 3\\10 NPP Support Action on Completed Ref\\20220623_184233\\1656014602860.png]]

2022-06-23 22:03:23 - [TEST_STEP][PASSED] - click(findTestObject("1. Constant/xpath", ["xpath":"//*[@id="fiches"]/table/tbody/tr/td[10]/a[2]"])): Object: 'Object Repository/1. Constant/xpath' is clicked on

2022-06-23 22:03:29 - [MESSAGE][PASSED] - Object: 'Object Repository/1. Constant/xpath' is clicked on

2022-06-23 22:03:29 - [TEST_STEP][PASSED] - I.select_multiplelist("//*[@id="selSource_108"]", "//*[@id="btnAdd_108"]", "2344"): Delayed 1 second(s)

2022-06-23 22:03:30 - [MESSAGE][PASSED] - Delayed 1 second(s)

2022-06-23 22:03:31 - [MESSAGE][PASSED] - All options with value '2344' are selected in object 'Object Repository/1. Constant/xpath' 

2022-06-23 22:03:33 - [MESSAGE][PASSED] - Delayed 2 second(s)

2022-06-23 22:03:35 - [MESSAGE][PASSED] - Object: 'Object Repository/1. Constant/xpath' is clicked on

2022-06-23 22:03:36 - [MESSAGE][PASSED] - Delayed 1 second(s)

2022-06-23 22:03:36 - [TEST_STEP][PASSED] - click(findTestObject("1. Constant/xpath", ["xpath":"//*[@id="ModifFiche"]/div[1]/div/button[2]"])): Object: 'Object Repository/1. Constant/xpath' is clicked on

2022-06-23 22:03:43 - [MESSAGE][PASSED] - Object: 'Object Repository/1. Constant/xpath' is clicked on

2022-06-23 22:03:43 - [TEST_STEP][PASSED] - takeScreenshot(): Taking screenshot successfully

2022-06-23 22:03:44 - [MESSAGE][PASSED] - Taking screenshot successfully
[[ATTACHMENT|D:\\Projet Test Auto\\Mediabox Test Automation\\Reports\\20220623_184212\\03. Parallel Testing (Testing)\\TS -PT PART 3\\10 NPP Support Action on Completed Ref\\20220623_184233\\1656014623922.png]]

2022-06-23 22:03:44 - [TEST_STEP][PASSED] - click(findTestObject("1. Constant/xpath", ["xpath":"//*[@id="fiches"]/table/tbody/tr/td[10]/a[2]"])): Object: 'Object Repository/1. Constant/xpath' is clicked on

2022-06-23 22:03:49 - [MESSAGE][PASSED] - Object: 'Object Repository/1. Constant/xpath' is clicked on

2022-06-23 22:03:49 - [TEST_STEP][PASSED] - delay(1): Delayed 1 second(s)

2022-06-23 22:03:50 - [MESSAGE][PASSED] - Delayed 1 second(s)

2022-06-23 22:03:50 - [TEST_STEP][PASSED] - click(findTestObject("1. Constant/xpath", ["xpath":"//*[@id="ModifFiche"]/div[1]/div/button[2]"])): Object: 'Object Repository/1. Constant/xpath' is clicked on

2022-06-23 22:03:58 - [MESSAGE][PASSED] - Object: 'Object Repository/1. Constant/xpath' is clicked on

2022-06-23 22:03:58 - [TEST_STEP][PASSED] - delay(1): Delayed 1 second(s)

2022-06-23 22:03:59 - [MESSAGE][PASSED] - Delayed 1 second(s)

2022-06-23 22:03:59 - [TEST_STEP][PASSED] - click(findTestObject("1. Constant/xpath", ["xpath":"/html/body/div[1]/div[2]/div[4]/div[3]/div/div[2]/div[2]/table/tbody/tr/td[10]/div[2]/button"])): Object: 'Object Repository/1. Constant/xpath' is clicked on

2022-06-23 22:04:00 - [MESSAGE][PASSED] - Object: 'Object Repository/1. Constant/xpath' is clicked on

2022-06-23 22:04:00 - [TEST_STEP][PASSED] - delay(1): Delayed 1 second(s)

2022-06-23 22:04:01 - [MESSAGE][PASSED] - Delayed 1 second(s)

2022-06-23 22:04:01 - [TEST_STEP][PASSED] - click(findTestObject("1. Constant/xpath", ["xpath":"//*[@id="fiches"]/table/tbody/tr/td[10]/div[2]/div/a[1]"])): Object: 'Object Repository/1. Constant/xpath' is clicked on

2022-06-23 22:04:05 - [MESSAGE][PASSED] - Object: 'Object Repository/1. Constant/xpath' is clicked on

2022-06-23 22:04:05 - [TEST_STEP][PASSED] - takeScreenshot(): Taking screenshot successfully

2022-06-23 22:04:05 - [MESSAGE][PASSED] - Taking screenshot successfully
[[ATTACHMENT|D:\\Projet Test Auto\\Mediabox Test Automation\\Reports\\20220623_184212\\03. Parallel Testing (Testing)\\TS -PT PART 3\\10 NPP Support Action on Completed Ref\\20220623_184233\\1656014645149.png]]

2022-06-23 22:04:05 - [TEST_STEP][PASSED] - selectOptionByValue(findTestObject("1. Constant/xpath", ["xpath":"//*[@id="var_84"]"]), "akim", false): All options with value 'akim' are selected in object 'Object Repository/1. Constant/xpath' 

2022-06-23 22:04:06 - [MESSAGE][PASSED] - All options with value 'akim' are selected in object 'Object Repository/1. Constant/xpath' 

2022-06-23 22:04:06 - [TEST_STEP][PASSED] - click(findTestObject("1. Constant/xpath", ["xpath":"//*[@id="ModifFiche"]/div[1]/div/div"])): Object: 'Object Repository/1. Constant/xpath' is clicked on

2022-06-23 22:04:07 - [MESSAGE][PASSED] - Object: 'Object Repository/1. Constant/xpath' is clicked on

2022-06-23 22:04:07 - [TEST_STEP][PASSED] - delay(1): Delayed 1 second(s)

2022-06-23 22:04:08 - [MESSAGE][PASSED] - Delayed 1 second(s)

2022-06-23 22:04:08 - [TEST_STEP][PASSED] - click(findTestObject("1. Constant/xpath", ["xpath":"//*[@id="ModifFiche"]/div[1]/div/div/div/a[1]"])): Object: 'Object Repository/1. Constant/xpath' is clicked on

2022-06-23 22:04:16 - [MESSAGE][PASSED] - Object: 'Object Repository/1. Constant/xpath' is clicked on

2022-06-23 22:04:16 - [TEST_STEP][PASSED] - delay(2): Delayed 2 second(s)

2022-06-23 22:04:18 - [MESSAGE][PASSED] - Delayed 2 second(s)

2022-06-23 22:04:18 - [TEST_STEP][PASSED] - click(findTestObject("1. Constant/xpath", ["xpath":"//*[@id="fiches"]/table/tbody/tr/td[10]/div[2]/button"])): Object: 'Object Repository/1. Constant/xpath' is clicked on

2022-06-23 22:04:19 - [MESSAGE][PASSED] - Object: 'Object Repository/1. Constant/xpath' is clicked on

2022-06-23 22:04:19 - [TEST_STEP][PASSED] - delay(1): Delayed 1 second(s)

2022-06-23 22:04:20 - [MESSAGE][PASSED] - Delayed 1 second(s)

2022-06-23 22:04:20 - [TEST_STEP][PASSED] - click(findTestObject("1. Constant/xpath", ["xpath":"//*[@id="fiches"]/table/tbody/tr/td[10]/div[2]/div/a[1]"])): Object: 'Object Repository/1. Constant/xpath' is clicked on

2022-06-23 22:04:22 - [MESSAGE][PASSED] - Object: 'Object Repository/1. Constant/xpath' is clicked on

2022-06-23 22:04:22 - [TEST_STEP][PASSED] - takeScreenshot(): Taking screenshot successfully

2022-06-23 22:04:23 - [MESSAGE][PASSED] - Taking screenshot successfully
[[ATTACHMENT|D:\\Projet Test Auto\\Mediabox Test Automation\\Reports\\20220623_184212\\03. Parallel Testing (Testing)\\TS -PT PART 3\\10 NPP Support Action on Completed Ref\\20220623_184233\\1656014662945.png]]

2022-06-23 22:04:23 - [TEST_STEP][PASSED] - selectOptionByValue(findTestObject("1. Constant/xpath", ["xpath":"//*[@id="var_76"]"]), "afrappaz", false): All options with value 'afrappaz' are selected in object 'Object Repository/1. Constant/xpath' 

2022-06-23 22:04:24 - [MESSAGE][PASSED] - All options with value 'afrappaz' are selected in object 'Object Repository/1. Constant/xpath' 

2022-06-23 22:04:24 - [TEST_STEP][PASSED] - click(findTestObject("1. Constant/xpath", ["xpath":"//*[@id="ModifFiche"]/div[1]/div/div/button"])): Object: 'Object Repository/1. Constant/xpath' is clicked on

2022-06-23 22:04:27 - [MESSAGE][PASSED] - Object: 'Object Repository/1. Constant/xpath' is clicked on

2022-06-23 22:04:27 - [TEST_STEP][PASSED] - delay(1): Delayed 1 second(s)

2022-06-23 22:04:28 - [MESSAGE][PASSED] - Delayed 1 second(s)

2022-06-23 22:04:28 - [TEST_STEP][PASSED] - click(findTestObject("1. Constant/xpath", ["xpath":"//*[@id="ModifFiche"]/div[1]/div/div/div/a[1]"])): Object: 'Object Repository/1. Constant/xpath' is clicked on

2022-06-23 22:04:37 - [MESSAGE][PASSED] - Object: 'Object Repository/1. Constant/xpath' is clicked on

2022-06-23 22:04:37 - [TEST_STEP][PASSED] - delay(2): Delayed 2 second(s)

2022-06-23 22:04:39 - [MESSAGE][PASSED] - Delayed 2 second(s)

2022-06-23 22:04:39 - [TEST_STEP][PASSED] - click(findTestObject("1. Constant/xpath", ["xpath":"//*[@id="fiches"]/table/tbody/tr/td[10]/div[2]/button"])): Object: 'Object Repository/1. Constant/xpath' is clicked on

2022-06-23 22:04:40 - [MESSAGE][PASSED] - Object: 'Object Repository/1. Constant/xpath' is clicked on

2022-06-23 22:04:40 - [TEST_STEP][PASSED] - delay(1): Delayed 1 second(s)

2022-06-23 22:04:41 - [MESSAGE][PASSED] - Delayed 1 second(s)

2022-06-23 22:04:41 - [TEST_STEP][PASSED] - click(findTestObject("1. Constant/xpath", ["xpath":"//*[@id="fiches"]/table/tbody/tr/td[10]/div[2]/div/a[1]"])): Object: 'Object Repository/1. Constant/xpath' is clicked on

2022-06-23 22:04:44 - [MESSAGE][PASSED] - Object: 'Object Repository/1. Constant/xpath' is clicked on

2022-06-23 22:04:44 - [TEST_STEP][PASSED] - takeScreenshot(): Taking screenshot successfully

2022-06-23 22:04:45 - [MESSAGE][PASSED] - Taking screenshot successfully
[[ATTACHMENT|D:\\Projet Test Auto\\Mediabox Test Automation\\Reports\\20220623_184212\\03. Parallel Testing (Testing)\\TS -PT PART 3\\10 NPP Support Action on Completed Ref\\20220623_184233\\1656014684937.png]]

2022-06-23 22:04:45 - [TEST_STEP][PASSED] - delay(1): Delayed 1 second(s)

2022-06-23 22:04:46 - [MESSAGE][PASSED] - Delayed 1 second(s)

2022-06-23 22:04:46 - [TEST_STEP][PASSED] - click(findTestObject("1. Constant/xpath", ["xpath":"//*[@id="ModifFiche"]/div[1]/div/div/button"])): Object: 'Object Repository/1. Constant/xpath' is clicked on

2022-06-23 22:04:46 - [MESSAGE][PASSED] - Object: 'Object Repository/1. Constant/xpath' is clicked on

2022-06-23 22:04:46 - [TEST_STEP][PASSED] - delay(1): Delayed 1 second(s)

2022-06-23 22:04:47 - [MESSAGE][PASSED] - Delayed 1 second(s)

2022-06-23 22:04:47 - [TEST_STEP][PASSED] - click(findTestObject("1. Constant/xpath", ["xpath":"//*[@id="ModifFiche"]/div[1]/div/div/div/a[1]"])): Object: 'Object Repository/1. Constant/xpath' is clicked on

2022-06-23 22:04:54 - [MESSAGE][PASSED] - Object: 'Object Repository/1. Constant/xpath' is clicked on

2022-06-23 22:04:54 - [TEST_STEP][PASSED] - delay(2): Delayed 2 second(s)

2022-06-23 22:04:56 - [MESSAGE][PASSED] - Delayed 2 second(s)

2022-06-23 22:04:56 - [TEST_STEP][PASSED] - click(findTestObject("1. Constant/xpath", ["xpath":"//*[@id="fiches"]/table/tbody/tr/td[10]/div[2]/button"])): Object: 'Object Repository/1. Constant/xpath' is clicked on

2022-06-23 22:04:57 - [MESSAGE][PASSED] - Object: 'Object Repository/1. Constant/xpath' is clicked on

2022-06-23 22:04:57 - [TEST_STEP][PASSED] - delay(1): Delayed 1 second(s)

2022-06-23 22:04:58 - [MESSAGE][PASSED] - Delayed 1 second(s)

2022-06-23 22:04:58 - [TEST_STEP][PASSED] - click(findTestObject("1. Constant/xpath", ["xpath":"//*[@id="fiches"]/table/tbody/tr/td[10]/div[2]/div/a[1]"])): Object: 'Object Repository/1. Constant/xpath' is clicked on

2022-06-23 22:05:02 - [MESSAGE][PASSED] - Object: 'Object Repository/1. Constant/xpath' is clicked on

2022-06-23 22:05:02 - [TEST_STEP][PASSED] - takeScreenshot(): Taking screenshot successfully

2022-06-23 22:05:04 - [MESSAGE][PASSED] - Taking screenshot successfully
[[ATTACHMENT|D:\\Projet Test Auto\\Mediabox Test Automation\\Reports\\20220623_184212\\03. Parallel Testing (Testing)\\TS -PT PART 3\\10 NPP Support Action on Completed Ref\\20220623_184233\\1656014703384.png]]

2022-06-23 22:05:04 - [TEST_STEP][PASSED] - delay(1): Delayed 1 second(s)

2022-06-23 22:05:05 - [MESSAGE][PASSED] - Delayed 1 second(s)

2022-06-23 22:05:05 - [TEST_STEP][PASSED] - selectOptionByValue(findTestObject("1. Constant/xpath", ["xpath":"//*[@id="var_56"]"]), "aserment", false): All options with value 'aserment' are selected in object 'Object Repository/1. Constant/xpath' 

2022-06-23 22:05:06 - [MESSAGE][PASSED] - All options with value 'aserment' are selected in object 'Object Repository/1. Constant/xpath' 

2022-06-23 22:05:06 - [TEST_STEP][PASSED] - click(findTestObject("1. Constant/xpath", ["xpath":"//*[@id="ModifFiche"]/div[1]/div/div/button"])): Object: 'Object Repository/1. Constant/xpath' is clicked on

2022-06-23 22:05:06 - [MESSAGE][PASSED] - Object: 'Object Repository/1. Constant/xpath' is clicked on

2022-06-23 22:05:06 - [TEST_STEP][PASSED] - delay(1): Delayed 1 second(s)

2022-06-23 22:05:07 - [MESSAGE][PASSED] - Delayed 1 second(s)

2022-06-23 22:05:07 - [TEST_STEP][PASSED] - click(findTestObject("1. Constant/xpath", ["xpath":"//*[@id="ModifFiche"]/div[1]/div/div/div/a[1]"])): Object: 'Object Repository/1. Constant/xpath' is clicked on

2022-06-23 22:05:18 - [MESSAGE][PASSED] - Object: 'Object Repository/1. Constant/xpath' is clicked on

2022-06-23 22:05:18 - [TEST_STEP][PASSED] - delay(2): Delayed 2 second(s)

2022-06-23 22:05:20 - [MESSAGE][PASSED] - Delayed 2 second(s)

2022-06-23 22:05:20 - [TEST_STEP][PASSED] - takeScreenshot(): Taking screenshot successfully

2022-06-23 22:05:20 - [MESSAGE][PASSED] - Taking screenshot successfully
[[ATTACHMENT|D:\\Projet Test Auto\\Mediabox Test Automation\\Reports\\20220623_184212\\03. Parallel Testing (Testing)\\TS -PT PART 3\\10 NPP Support Action on Completed Ref\\20220623_184233\\1656014720649.png]]

2022-06-23 22:05:20 - [TEST_STEP][PASSED] - click(findTestObject("1. Constant/xpath", ["xpath":"//*[@id="fiches"]/table/tbody/tr/td[10]/div[1]/button"])): Object: 'Object Repository/1. Constant/xpath' is clicked on

2022-06-23 22:05:21 - [MESSAGE][PASSED] - Object: 'Object Repository/1. Constant/xpath' is clicked on

2022-06-23 22:05:21 - [TEST_STEP][PASSED] - delay(3): Delayed 3 second(s)

2022-06-23 22:05:24 - [MESSAGE][PASSED] - Delayed 3 second(s)

2022-06-23 22:05:24 - [TEST_STEP][PASSED] - click(findTestObject("1. Constant/xpath", ["xpath":"//*[@id="fiches"]/table/tbody/tr/td[10]/div[1]/div/a[2]"])): Object: 'Object Repository/1. Constant/xpath' is clicked on

2022-06-23 22:05:28 - [MESSAGE][PASSED] - Object: 'Object Repository/1. Constant/xpath' is clicked on

2022-06-23 22:05:28 - [TEST_STEP][PASSED] - delay(3): Delayed 3 second(s)

2022-06-23 22:05:31 - [MESSAGE][PASSED] - Delayed 3 second(s)

2022-06-23 22:05:31 - [TEST_STEP][PASSED] - takeScreenshot(): Taking screenshot successfully

2022-06-23 22:05:32 - [MESSAGE][PASSED] - Taking screenshot successfully
[[ATTACHMENT|D:\\Projet Test Auto\\Mediabox Test Automation\\Reports\\20220623_184212\\03. Parallel Testing (Testing)\\TS -PT PART 3\\10 NPP Support Action on Completed Ref\\20220623_184233\\1656014732123.png]]

2022-06-23 22:05:32 - [TEST_STEP][PASSED] - click(findTestObject("1. Constant/xpath", ["xpath":"//*[@id="aff_newfield_zone"]"])): Object: 'Object Repository/1. Constant/xpath' is clicked on

2022-06-23 22:05:33 - [MESSAGE][PASSED] - Object: 'Object Repository/1. Constant/xpath' is clicked on

2022-06-23 22:05:33 - [TEST_STEP][PASSED] - delay(3): Delayed 3 second(s)

2022-06-23 22:05:36 - [MESSAGE][PASSED] - Delayed 3 second(s)

2022-06-23 22:05:36 - [TEST_STEP][PASSED] - I.Pagedown(): Execute JavaScript 'window.scrollTo(0, document.body.scrollHeight)' successfully

2022-06-23 22:05:36 - [MESSAGE][PASSED] - Execute JavaScript 'window.scrollTo(0, document.body.scrollHeight)' successfully

2022-06-23 22:05:36 - [TEST_STEP][PASSED] - selectOptionByValue(findTestObject("1. Constant/xpath", ["xpath":"//*[@id="type_new"]"]), "160", false): All options with value '160' are selected in object 'Object Repository/1. Constant/xpath' 

2022-06-23 22:05:43 - [MESSAGE][PASSED] - All options with value '160' are selected in object 'Object Repository/1. Constant/xpath' 

2022-06-23 22:05:43 - [TEST_STEP][PASSED] - delay(3): Delayed 3 second(s)

2022-06-23 22:05:46 - [MESSAGE][PASSED] - Delayed 3 second(s)

2022-06-23 22:05:46 - [TEST_STEP][PASSED] - click(findTestObject("1. Constant/xpath", ["xpath":"//*[@id="add_newtranslationfield"]"])): Object: 'Object Repository/1. Constant/xpath' is clicked on

2022-06-23 22:05:49 - [MESSAGE][PASSED] - Object: 'Object Repository/1. Constant/xpath' is clicked on

2022-06-23 22:05:49 - [TEST_STEP][PASSED] - delay(3): Delayed 3 second(s)

2022-06-23 22:05:52 - [MESSAGE][PASSED] - Delayed 3 second(s)

2022-06-23 22:05:52 - [TEST_STEP][PASSED] - I.click_button_javascript(findTestObject("1. Constant/xpath", ["xpath":"//*[@id="ModifFiche"]/div[1]/div[2]/button[2]"])): Execute JavaScript 'arguments[0].click()' successfully

2022-06-23 22:06:03 - [MESSAGE][PASSED] - Execute JavaScript 'arguments[0].click()' successfully

2022-06-23 22:06:03 - [TEST_STEP][PASSED] - delay(3): Delayed 3 second(s)

2022-06-23 22:06:06 - [MESSAGE][PASSED] - Delayed 3 second(s)

2022-06-23 22:06:06 - [TEST_STEP][PASSED] - takeScreenshot(): Taking screenshot successfully

2022-06-23 22:06:07 - [MESSAGE][PASSED] - Taking screenshot successfully
[[ATTACHMENT|D:\\Projet Test Auto\\Mediabox Test Automation\\Reports\\20220623_184212\\03. Parallel Testing (Testing)\\TS -PT PART 3\\10 NPP Support Action on Completed Ref\\20220623_184233\\1656014766284.png]]

2022-06-23 22:06:07 - [TEST_STEP][PASSED] - I.select_multiplelist("//*[@id="selSource_default_target_language"]", "//*[@id="btn_add_default_target_language"]", "EN"): Delayed 1 second(s)

2022-06-23 22:06:08 - [MESSAGE][PASSED] - Delayed 1 second(s)

2022-06-23 22:06:10 - [MESSAGE][PASSED] - All options with value 'EN' are selected in object 'Object Repository/1. Constant/xpath' 

2022-06-23 22:06:12 - [MESSAGE][PASSED] - Delayed 2 second(s)

2022-06-23 22:06:13 - [MESSAGE][PASSED] - Object: 'Object Repository/1. Constant/xpath' is clicked on

2022-06-23 22:06:14 - [MESSAGE][PASSED] - Delayed 1 second(s)

2022-06-23 22:06:14 - [TEST_STEP][PASSED] - delay(3): Delayed 3 second(s)

2022-06-23 22:06:18 - [MESSAGE][PASSED] - Delayed 3 second(s)

2022-06-23 22:06:18 - [TEST_STEP][PASSED] - selectOptionByValue(findTestObject("1. Constant/xpath", ["xpath":"//*[@id="var_127_128_line_1"]"]), "2211", false): All options with value '2211' are selected in object 'Object Repository/1. Constant/xpath' 

2022-06-23 22:06:20 - [MESSAGE][PASSED] - All options with value '2211' are selected in object 'Object Repository/1. Constant/xpath' 

2022-06-23 22:06:20 - [TEST_STEP][PASSED] - delay(3): Delayed 3 second(s)

2022-06-23 22:06:23 - [MESSAGE][PASSED] - Delayed 3 second(s)

2022-06-23 22:06:23 - [TEST_STEP][PASSED] - setText(findTestObject("1. Constant/xpath", ["xpath":"//*[@id="var_72"]"]), "01/12/2021"): Text '01/12/2021' is set on object 'Object Repository/1. Constant/xpath'

2022-06-23 22:06:26 - [MESSAGE][PASSED] - Text '01/12/2021' is set on object 'Object Repository/1. Constant/xpath'

2022-06-23 22:06:26 - [TEST_STEP][PASSED] - delay(3): Delayed 3 second(s)

2022-06-23 22:06:29 - [MESSAGE][PASSED] - Delayed 3 second(s)

2022-06-23 22:06:29 - [TEST_STEP][PASSED] - setText(findTestObject("1. Constant/xpath", ["xpath":"//*[@id="var_116"]"]), "01/12/2021"): Text '01/12/2021' is set on object 'Object Repository/1. Constant/xpath'

2022-06-23 22:06:30 - [MESSAGE][PASSED] - Text '01/12/2021' is set on object 'Object Repository/1. Constant/xpath'

2022-06-23 22:06:30 - [TEST_STEP][PASSED] - I.Pagedown(): Execute JavaScript 'window.scrollTo(0, document.body.scrollHeight)' successfully

2022-06-23 22:06:30 - [MESSAGE][PASSED] - Execute JavaScript 'window.scrollTo(0, document.body.scrollHeight)' successfully

2022-06-23 22:06:30 - [TEST_STEP][PASSED] - I.select_multiplelist("//*[@id="selSource_61"]", "//*[@id="btnAdd_61"]", "2147"): Delayed 1 second(s)

2022-06-23 22:06:31 - [MESSAGE][PASSED] - Delayed 1 second(s)

2022-06-23 22:06:33 - [MESSAGE][PASSED] - All options with value '2147' are selected in object 'Object Repository/1. Constant/xpath' 

2022-06-23 22:06:35 - [MESSAGE][PASSED] - Delayed 2 second(s)

2022-06-23 22:06:36 - [MESSAGE][PASSED] - Object: 'Object Repository/1. Constant/xpath' is clicked on

2022-06-23 22:06:37 - [MESSAGE][PASSED] - Delayed 1 second(s)

2022-06-23 22:06:37 - [TEST_STEP][PASSED] - takeScreenshot(): Taking screenshot successfully

2022-06-23 22:06:38 - [MESSAGE][PASSED] - Taking screenshot successfully
[[ATTACHMENT|D:\\Projet Test Auto\\Mediabox Test Automation\\Reports\\20220623_184212\\03. Parallel Testing (Testing)\\TS -PT PART 3\\10 NPP Support Action on Completed Ref\\20220623_184233\\1656014797869.png]]

2022-06-23 22:06:38 - [TEST_STEP][PASSED] - I.click_button_javascript(findTestObject("1. Constant/xpath", ["xpath":"//*[@id="ModifFiche"]/div[3]/div/button[2]"])): Execute JavaScript 'arguments[0].click()' successfully

2022-06-23 22:06:49 - [MESSAGE][PASSED] - Execute JavaScript 'arguments[0].click()' successfully

2022-06-23 22:06:49 - [TEST_STEP][PASSED] - delay(1): Delayed 1 second(s)

2022-06-23 22:06:50 - [MESSAGE][PASSED] - Delayed 1 second(s)

2022-06-23 22:06:50 - [TEST_STEP][PASSED] - I.Logout_xpath("//*[@id="kt_header"]/div/div[2]/div[2]/div[1]/div/span/img", "//*[@id="kt_header"]/div/div[2]/div[2]/div[2]/a[2]"): Wait for page load successfully

2022-06-23 22:06:51 - [MESSAGE][PASSED] - Object: 'Object Repository/1. Constant/xpath' is clicked on

2022-06-23 22:06:52 - [MESSAGE][PASSED] - Delayed 1 second(s)

2022-06-23 22:06:55 - [MESSAGE][PASSED] - Object: 'Object Repository/1. Constant/xpath' is clicked on

2022-06-23 22:06:56 - [MESSAGE][PASSED] - Delayed 1 second(s)

2022-06-23 22:06:57 - [MESSAGE][PASSED] - Wait for page load successfully

2022-06-23 22:06:57 - [TEST_STEP][PASSED] - I.Login_password("lmoodie_mkt", password_lmoodie_mkt): Object: 'Object Repository/1. Constant/xpath' is clicked on

2022-06-23 22:06:58 - [MESSAGE][PASSED] - Text 'lmoodie_mkt' is set on object 'Object Repository/1. Constant/xpath'

2022-06-23 22:06:59 - [MESSAGE][PASSED] - Delayed 1 second(s)

2022-06-23 22:07:00 - [MESSAGE][PASSED] - Text 'dchi' is set on object 'Object Repository/1. Constant/xpath'

2022-06-23 22:07:01 - [MESSAGE][PASSED] - Delayed 1 second(s)

2022-06-23 22:07:06 - [MESSAGE][PASSED] - Object: 'Object Repository/1. Constant/xpath' is clicked on

2022-06-23 22:07:06 - [TEST_STEP][PASSED] - md = I.Get_Task_No("//*[@id="kt_header"]/div/div[2]/div[1]/div[1]/span"): Text of object 'Object Repository/1. Constant/xpath' is: '73'

2022-06-23 22:07:07 - [MESSAGE][PASSED] - Text of object 'Object Repository/1. Constant/xpath' is: '73'

2022-06-23 22:07:07 - [TEST_STEP][PASSED] - click(findTestObject("1. Constant/xpath", ["xpath":"//*[@id="menu_2"]/a"])): Object: 'Object Repository/1. Constant/xpath' is clicked on

2022-06-23 22:07:17 - [MESSAGE][PASSED] - Object: 'Object Repository/1. Constant/xpath' is clicked on

2022-06-23 22:07:17 - [TEST_STEP][PASSED] - I.SearchProjectNo_xpath(Project_No, "//*[@id="keynum_project"]", "//*[@id="form_filters"]/div[20]/button"): Delayed 5 second(s)

2022-06-23 22:07:18 - [MESSAGE][PASSED] - Delayed 1 second(s)

2022-06-23 22:07:20 - [MESSAGE][PASSED] - Text 'MI001078' is set on object 'Object Repository/1. Constant/xpath'

2022-06-23 22:07:23 - [MESSAGE][PASSED] - Delayed 3 second(s)

2022-06-23 22:07:24 - [MESSAGE][PASSED] - Scroll to object 'Object Repository/1. Constant/xpath' successfully

2022-06-23 22:07:28 - [MESSAGE][PASSED] - Object: 'Object Repository/1. Constant/xpath' is clicked on

2022-06-23 22:07:33 - [MESSAGE][PASSED] - Delayed 5 second(s)

2022-06-23 22:07:33 - [TEST_STEP][PASSED] - delay(1): Delayed 1 second(s)

2022-06-23 22:07:34 - [MESSAGE][PASSED] - Delayed 1 second(s)

2022-06-23 22:07:34 - [TEST_STEP][PASSED] - takeScreenshot(): Taking screenshot successfully

2022-06-23 22:07:36 - [MESSAGE][PASSED] - Taking screenshot successfully
[[ATTACHMENT|D:\\Projet Test Auto\\Mediabox Test Automation\\Reports\\20220623_184212\\03. Parallel Testing (Testing)\\TS -PT PART 3\\10 NPP Support Action on Completed Ref\\20220623_184233\\1656014855593.png]]

2022-06-23 22:07:36 - [TEST_STEP][PASSED] - click(findTestObject("1. Constant/xpath", ["xpath":"//*[@id="source_" + refID + ""]/td[12]/a[2]"])): Object: 'Object Repository/1. Constant/xpath' is clicked on

2022-06-23 22:07:42 - [MESSAGE][PASSED] - Object: 'Object Repository/1. Constant/xpath' is clicked on

2022-06-23 22:07:42 - [TEST_STEP][PASSED] - md2 = I.Get_Task_No("//*[@id="kt_header"]/div/div[2]/div[1]/div[1]/span"): Text of object 'Object Repository/1. Constant/xpath' is: '72'

2022-06-23 22:07:43 - [MESSAGE][PASSED] - Text of object 'Object Repository/1. Constant/xpath' is: '72'

2022-06-23 22:07:43 - [TEST_STEP][PASSED] - verifyEqual(md - 1, md2): Actual object '72' and expected object '72' are equal

2022-06-23 22:07:43 - [MESSAGE][PASSED] - Actual object '72' and expected object '72' are equal

2022-06-23 22:07:43 - [TEST_STEP][PASSED] - closeBrowser(): Browser is closed

2022-06-23 22:07:53 - [MESSAGE][PASSED] - Browser is closed

2022-06-23 22:07:53 - [TEST_STEP][PASSED] - Start listener action : sampleAfterTestCase: null]]></system-out>
         <system-err><![CDATA[]]></system-err>
      </testcase>
      <testcase name="Test Cases/16 Support action (Completed ref)/16.11 NPP SAS translation - skip translation and rest to LS _SKIP RSA S8" time="680.421" classname="Test Cases/16 Support action (Completed ref)/16.11 NPP SAS translation - skip translation and rest to LS _SKIP RSA S8" status="PASSED">
         <system-out><![CDATA[2022-06-23 22:07:53 - [TEST_CASE][PASSED] - Test Cases/16 Support action (Completed ref)/16.11 NPP SAS translation - skip translation and rest to LS _SKIP RSA S8: Test Cases/16 Support action (Completed ref)/16.11 NPP SAS translation - skip translation and rest to LS _SKIP RSA S8

2022-06-23 22:07:54 - [TEST_STEP][PASSED] - data_Npp = findTestData("Data Files/Username_Password/Npp"): null

2022-06-23 22:07:54 - [TEST_STEP][PASSED] - password_ncur = data_Npp.getValue(2, 1): null

2022-06-23 22:07:54 - [TEST_STEP][PASSED] - password_akim = data_Npp.getValue(2, 2): null

2022-06-23 22:07:54 - [TEST_STEP][PASSED] - data_urlRELAUTO = findTestData("Data Files/URL/URL_relauto"): null

2022-06-23 22:07:54 - [TEST_STEP][PASSED] - Url_Npp = data_urlRELAUTO.getValue(2, 5): null

2022-06-23 22:07:54 - [TEST_STEP][PASSED] - openBrowser(Url_Npp): Browser is opened with url: ' http://mdb-release.diadeis.lan/MediaboxIndependence/?MBI_datasource=RELTESTAUTO_NPP'

2022-06-23 22:07:54 - [MESSAGE][INFO] - Starting 'Chrome (headless)' driver

2022-06-23 22:07:54 - [MESSAGE][INFO] - User set preference: ['args', '[--window-size=1920,1080, --headless]']

2022-06-23 22:07:54 - [MESSAGE][INFO] - Action delay is set to 0 milliseconds

2022-06-23 22:08:13 - [MESSAGE][PASSED] - Browser is opened with url: ' http://mdb-release.diadeis.lan/MediaboxIndependence/?MBI_datasource=RELTESTAUTO_NPP'

2022-06-23 22:08:13 - [TEST_STEP][PASSED] - maximizeWindow(): Current window maximized

2022-06-23 22:08:13 - [MESSAGE][PASSED] - Current window maximized

2022-06-23 22:08:13 - [TEST_STEP][PASSED] - takeScreenshot(): Taking screenshot successfully

2022-06-23 22:08:13 - [MESSAGE][PASSED] - Taking screenshot successfully
[[ATTACHMENT|D:\\Projet Test Auto\\Mediabox Test Automation\\Reports\\20220623_184212\\03. Parallel Testing (Testing)\\TS -PT PART 3\\10 NPP Support Action on Completed Ref\\20220623_184233\\1656014893495.png]]

2022-06-23 22:08:13 - [TEST_STEP][PASSED] - I.Login_password("akim", password_akim): Object: 'Object Repository/1. Constant/xpath' is clicked on

2022-06-23 22:08:14 - [MESSAGE][PASSED] - Text 'akim' is set on object 'Object Repository/1. Constant/xpath'

2022-06-23 22:08:15 - [MESSAGE][PASSED] - Delayed 1 second(s)

2022-06-23 22:08:16 - [MESSAGE][PASSED] - Text 'dchi' is set on object 'Object Repository/1. Constant/xpath'

2022-06-23 22:08:17 - [MESSAGE][PASSED] - Delayed 1 second(s)

2022-06-23 22:08:27 - [MESSAGE][PASSED] - Object: 'Object Repository/1. Constant/xpath' is clicked on

2022-06-23 22:08:27 - [TEST_STEP][PASSED] - takeScreenshot(): Taking screenshot successfully

2022-06-23 22:08:27 - [MESSAGE][PASSED] - Taking screenshot successfully
[[ATTACHMENT|D:\\Projet Test Auto\\Mediabox Test Automation\\Reports\\20220623_184212\\03. Parallel Testing (Testing)\\TS -PT PART 3\\10 NPP Support Action on Completed Ref\\20220623_184233\\1656014907188.png]]

2022-06-23 22:08:27 - [TEST_STEP][PASSED] - click(findTestObject("1. Constant/02_LHSMenu_Projects")): Object: 'Object Repository/1. Constant/02_LHSMenu_Projects' is clicked on

2022-06-23 22:08:37 - [MESSAGE][PASSED] - Object: 'Object Repository/1. Constant/02_LHSMenu_Projects' is clicked on

2022-06-23 22:08:37 - [TEST_STEP][PASSED] - click(findTestObject("xxx Todelete/3 ProjectListPage_Create_Project_Button")): Object: 'Object Repository/xxx Todelete/3 ProjectListPage_Create_Project_Button' is clicked on

2022-06-23 22:08:43 - [MESSAGE][PASSED] - Object: 'Object Repository/xxx Todelete/3 ProjectListPage_Create_Project_Button' is clicked on

2022-06-23 22:08:43 - [TEST_STEP][PASSED] - takeScreenshot(): Taking screenshot successfully

2022-06-23 22:08:45 - [MESSAGE][PASSED] - Taking screenshot successfully
[[ATTACHMENT|D:\\Projet Test Auto\\Mediabox Test Automation\\Reports\\20220623_184212\\03. Parallel Testing (Testing)\\TS -PT PART 3\\10 NPP Support Action on Completed Ref\\20220623_184233\\1656014925167.png]]

2022-06-23 22:08:45 - [TEST_STEP][PASSED] - "On the modify project page : Fill in all field": null

2022-06-23 22:08:45 - [TEST_STEP][PASSED] - LSSNumber_name = "AutoTest_Npp_SAS_Part5_" + RandomStringUtils.randomAlphanumeric(10) + "_" + I.gettimedate(): null

2022-06-23 22:08:45 - [TEST_STEP][PASSED] - setText(findTestObject("1. Constant/xpath", ["xpath":"//*[@id="var_70"]"]), LSSNumber_name): Text 'AutoTest_Npp_SAS_Part5_cpfUJ12Qyc_juin232022_220845' is set on object 'Object Repository/1. Constant/xpath'

2022-06-23 22:08:48 - [MESSAGE][PASSED] - Text 'AutoTest_Npp_SAS_Part5_cpfUJ12Qyc_juin232022_220845' is set on object 'Object Repository/1. Constant/xpath'

2022-06-23 22:08:48 - [TEST_STEP][PASSED] - selectOptionByValue(findTestObject("1. Constant/xpath", ["xpath":"//*[@id="var_107"]"]), "2420", false): All options with value '2420' are selected in object 'Object Repository/1. Constant/xpath' 

2022-06-23 22:08:49 - [MESSAGE][PASSED] - All options with value '2420' are selected in object 'Object Repository/1. Constant/xpath' 

2022-06-23 22:08:49 - [TEST_STEP][PASSED] - delay(2): Delayed 2 second(s)

2022-06-23 22:08:51 - [MESSAGE][PASSED] - Delayed 2 second(s)

2022-06-23 22:08:51 - [TEST_STEP][PASSED] - I.select_multiplelist("//*[@id="selSource_108"]", "//*[@id="btnAdd_108"]", "2354"): Delayed 1 second(s)

2022-06-23 22:08:52 - [MESSAGE][PASSED] - Delayed 1 second(s)

2022-06-23 22:08:55 - [MESSAGE][PASSED] - All options with value '2354' are selected in object 'Object Repository/1. Constant/xpath' 

2022-06-23 22:08:57 - [MESSAGE][PASSED] - Delayed 2 second(s)

2022-06-23 22:08:58 - [MESSAGE][PASSED] - Object: 'Object Repository/1. Constant/xpath' is clicked on

2022-06-23 22:08:59 - [MESSAGE][PASSED] - Delayed 1 second(s)

2022-06-23 22:08:59 - [TEST_STEP][PASSED] - setText(findTestObject("1. Constant/xpath", ["xpath":"//*[@id="var_110"]"]), "Variety test"): Text 'Variety test' is set on object 'Object Repository/1. Constant/xpath'

2022-06-23 22:09:00 - [MESSAGE][PASSED] - Text 'Variety test' is set on object 'Object Repository/1. Constant/xpath'

2022-06-23 22:09:00 - [TEST_STEP][PASSED] - setText(findTestObject("1. Constant/xpath", ["xpath":"//*[@id="var_133"]"]), "Alternative Format code test "): Text 'Alternative Format code test ' is set on object 'Object Repository/1. Constant/xpath'

2022-06-23 22:09:02 - [MESSAGE][PASSED] - Text 'Alternative Format code test ' is set on object 'Object Repository/1. Constant/xpath'

2022-06-23 22:09:02 - [TEST_STEP][PASSED] - setText(findTestObject("1. Constant/xpath", ["xpath":"//*[@id="var_65"]"]), "FORMAT Product designation test "): Text 'FORMAT Product designation test ' is set on object 'Object Repository/1. Constant/xpath'

2022-06-23 22:09:04 - [MESSAGE][PASSED] - Text 'FORMAT Product designation test ' is set on object 'Object Repository/1. Constant/xpath'

2022-06-23 22:09:04 - [TEST_STEP][PASSED] - I.select_multiplelist("//*[@id="selSource_91"]", "//*[@id="btnAdd_91"]", "1023"): Delayed 1 second(s)

2022-06-23 22:09:05 - [MESSAGE][PASSED] - Delayed 1 second(s)

2022-06-23 22:09:07 - [MESSAGE][PASSED] - All options with value '1023' are selected in object 'Object Repository/1. Constant/xpath' 

2022-06-23 22:09:09 - [MESSAGE][PASSED] - Delayed 2 second(s)

2022-06-23 22:09:11 - [MESSAGE][PASSED] - Object: 'Object Repository/1. Constant/xpath' is clicked on

2022-06-23 22:09:12 - [MESSAGE][PASSED] - Delayed 1 second(s)

2022-06-23 22:09:12 - [TEST_STEP][PASSED] - setText(findTestObject("1. Constant/xpath", ["xpath":"//*[@id="var_71"]"]), "25/08/2021"): Text '25/08/2021' is set on object 'Object Repository/1. Constant/xpath'

2022-06-23 22:09:14 - [MESSAGE][PASSED] - Text '25/08/2021' is set on object 'Object Repository/1. Constant/xpath'

2022-06-23 22:09:14 - [TEST_STEP][PASSED] - setText(findTestObject("1. Constant/xpath", ["xpath":"//*[@id="var_89"]"]), "Project Information - Comments"): Text 'Project Information - Comments' is set on object 'Object Repository/1. Constant/xpath'

2022-06-23 22:09:16 - [MESSAGE][PASSED] - Text 'Project Information - Comments' is set on object 'Object Repository/1. Constant/xpath'

2022-06-23 22:09:16 - [TEST_STEP][PASSED] - setText(findTestObject("1. Constant/xpath", ["xpath":"//*[@id="var_93"]"]), "Reason for change test"): Text 'Reason for change test' is set on object 'Object Repository/1. Constant/xpath'

2022-06-23 22:09:17 - [MESSAGE][PASSED] - Text 'Reason for change test' is set on object 'Object Repository/1. Constant/xpath'

2022-06-23 22:09:17 - [TEST_STEP][PASSED] - I.select_multiplelist("//*[@id="selSource_54"]", "//*[@id="btnAdd_54"]", "1081"): Delayed 1 second(s)

2022-06-23 22:09:18 - [MESSAGE][PASSED] - Delayed 1 second(s)

2022-06-23 22:09:20 - [MESSAGE][PASSED] - All options with value '1081' are selected in object 'Object Repository/1. Constant/xpath' 

2022-06-23 22:09:22 - [MESSAGE][PASSED] - Delayed 2 second(s)

2022-06-23 22:09:22 - [MESSAGE][PASSED] - Object: 'Object Repository/1. Constant/xpath' is clicked on

2022-06-23 22:09:23 - [MESSAGE][PASSED] - Delayed 1 second(s)

2022-06-23 22:09:23 - [TEST_STEP][PASSED] - delay(5): Delayed 5 second(s)

2022-06-23 22:09:29 - [MESSAGE][PASSED] - Delayed 5 second(s)

2022-06-23 22:09:29 - [TEST_STEP][PASSED] - I.select_multiplelist("//*[@id="selSource_106"]", "//*[@id="btnAdd_106"]", "2787"): Delayed 1 second(s)

2022-06-23 22:09:30 - [MESSAGE][PASSED] - Delayed 1 second(s)

2022-06-23 22:09:31 - [MESSAGE][PASSED] - All options with value '2787' are selected in object 'Object Repository/1. Constant/xpath' 

2022-06-23 22:09:33 - [MESSAGE][PASSED] - Delayed 2 second(s)

2022-06-23 22:09:33 - [MESSAGE][PASSED] - Object: 'Object Repository/1. Constant/xpath' is clicked on

2022-06-23 22:09:34 - [MESSAGE][PASSED] - Delayed 1 second(s)

2022-06-23 22:09:34 - [TEST_STEP][PASSED] - selectOptionByValue(findTestObject("1. Constant/xpath", ["xpath":"//*[@id="var_92"]"]), "1298", false): All options with value '1298' are selected in object 'Object Repository/1. Constant/xpath' 

2022-06-23 22:09:35 - [MESSAGE][PASSED] - All options with value '1298' are selected in object 'Object Repository/1. Constant/xpath' 

2022-06-23 22:09:35 - [TEST_STEP][PASSED] - I.select_multiplelist("//*[@id="selSource_88"]", "//*[@id="btnAdd_88"]", "1303"): Delayed 1 second(s)

2022-06-23 22:09:36 - [MESSAGE][PASSED] - Delayed 1 second(s)

2022-06-23 22:09:37 - [MESSAGE][PASSED] - All options with value '1303' are selected in object 'Object Repository/1. Constant/xpath' 

2022-06-23 22:09:39 - [MESSAGE][PASSED] - Delayed 2 second(s)

2022-06-23 22:09:39 - [MESSAGE][PASSED] - Object: 'Object Repository/1. Constant/xpath' is clicked on

2022-06-23 22:09:40 - [MESSAGE][PASSED] - Delayed 1 second(s)

2022-06-23 22:09:40 - [TEST_STEP][PASSED] - I.select_multiplelist("//*[@id="selSource_86"]", "//*[@id="btnAdd_86"]", "1310"): Delayed 1 second(s)

2022-06-23 22:09:41 - [MESSAGE][PASSED] - Delayed 1 second(s)

2022-06-23 22:09:42 - [MESSAGE][PASSED] - All options with value '1310' are selected in object 'Object Repository/1. Constant/xpath' 

2022-06-23 22:09:44 - [MESSAGE][PASSED] - Delayed 2 second(s)

2022-06-23 22:09:45 - [MESSAGE][PASSED] - Object: 'Object Repository/1. Constant/xpath' is clicked on

2022-06-23 22:09:46 - [MESSAGE][PASSED] - Delayed 1 second(s)

2022-06-23 22:09:46 - [TEST_STEP][PASSED] - I.select_multiplelist("//*[@id="selSource_57"]", "//*[@id="btnAdd_57"]", "2304"): Delayed 1 second(s)

2022-06-23 22:09:47 - [MESSAGE][PASSED] - Delayed 1 second(s)

2022-06-23 22:09:50 - [MESSAGE][PASSED] - All options with value '2304' are selected in object 'Object Repository/1. Constant/xpath' 

2022-06-23 22:09:52 - [MESSAGE][PASSED] - Delayed 2 second(s)

2022-06-23 22:09:52 - [MESSAGE][PASSED] - Object: 'Object Repository/1. Constant/xpath' is clicked on

2022-06-23 22:09:53 - [MESSAGE][PASSED] - Delayed 1 second(s)

2022-06-23 22:09:53 - [TEST_STEP][PASSED] - selectOptionByValue(findTestObject("1. Constant/xpath", ["xpath":"//*[@id="var_87"]"]), "971", false): All options with value '971' are selected in object 'Object Repository/1. Constant/xpath' 

2022-06-23 22:09:55 - [MESSAGE][PASSED] - All options with value '971' are selected in object 'Object Repository/1. Constant/xpath' 

2022-06-23 22:09:55 - [TEST_STEP][PASSED] - selectOptionByValue(findTestObject("1. Constant/xpath", ["xpath":"//*[@id="var_109"]"]), "1325", false): All options with value '1325' are selected in object 'Object Repository/1. Constant/xpath' 

2022-06-23 22:09:57 - [MESSAGE][PASSED] - All options with value '1325' are selected in object 'Object Repository/1. Constant/xpath' 

2022-06-23 22:09:57 - [TEST_STEP][PASSED] - selectOptionByValue(findTestObject("1. Constant/xpath", ["xpath":"//*[@id="var_52"]"]), "1330", false): All options with value '1330' are selected in object 'Object Repository/1. Constant/xpath' 

2022-06-23 22:09:59 - [MESSAGE][PASSED] - All options with value '1330' are selected in object 'Object Repository/1. Constant/xpath' 

2022-06-23 22:09:59 - [TEST_STEP][PASSED] - I.select_multiplelist("//*[@id="selSource_67"]", "//*[@id="btnAdd_67"]", "1624"): Delayed 1 second(s)

2022-06-23 22:10:00 - [MESSAGE][PASSED] - Delayed 1 second(s)

2022-06-23 22:10:02 - [MESSAGE][PASSED] - All options with value '1624' are selected in object 'Object Repository/1. Constant/xpath' 

2022-06-23 22:10:04 - [MESSAGE][PASSED] - Delayed 2 second(s)

2022-06-23 22:10:05 - [MESSAGE][PASSED] - Object: 'Object Repository/1. Constant/xpath' is clicked on

2022-06-23 22:10:06 - [MESSAGE][PASSED] - Delayed 1 second(s)

2022-06-23 22:10:06 - [TEST_STEP][PASSED] - selectOptionByValue(findTestObject("1. Constant/xpath", ["xpath":"//*[@id="var_140"]"]), "2296", false): All options with value '2296' are selected in object 'Object Repository/1. Constant/xpath' 

2022-06-23 22:10:07 - [MESSAGE][PASSED] - All options with value '2296' are selected in object 'Object Repository/1. Constant/xpath' 

2022-06-23 22:10:07 - [TEST_STEP][PASSED] - I.select_multiplelist("//*[@id="selSource_51"]", "//*[@id="btnAdd_51"]", "1673"): Delayed 1 second(s)

2022-06-23 22:10:08 - [MESSAGE][PASSED] - Delayed 1 second(s)

2022-06-23 22:10:11 - [MESSAGE][PASSED] - All options with value '1673' are selected in object 'Object Repository/1. Constant/xpath' 

2022-06-23 22:10:13 - [MESSAGE][PASSED] - Delayed 2 second(s)

2022-06-23 22:10:13 - [MESSAGE][PASSED] - Object: 'Object Repository/1. Constant/xpath' is clicked on

2022-06-23 22:10:14 - [MESSAGE][PASSED] - Delayed 1 second(s)

2022-06-23 22:10:14 - [TEST_STEP][PASSED] - I.select_multiplelist("//*[@id="selSource_50"]", "//*[@id="btnAdd_50"]", "1681"): Delayed 1 second(s)

2022-06-23 22:10:15 - [MESSAGE][PASSED] - Delayed 1 second(s)

2022-06-23 22:10:17 - [MESSAGE][PASSED] - All options with value '1681' are selected in object 'Object Repository/1. Constant/xpath' 

2022-06-23 22:10:19 - [MESSAGE][PASSED] - Delayed 2 second(s)

2022-06-23 22:10:20 - [MESSAGE][PASSED] - Object: 'Object Repository/1. Constant/xpath' is clicked on

2022-06-23 22:10:21 - [MESSAGE][PASSED] - Delayed 1 second(s)

2022-06-23 22:10:21 - [TEST_STEP][PASSED] - selectOptionByValue(findTestObject("1. Constant/xpath", ["xpath":"//*[@id="selSource_64"]"]), "1701", false): All options with value '1701' are selected in object 'Object Repository/1. Constant/xpath' 

2022-06-23 22:10:22 - [MESSAGE][PASSED] - All options with value '1701' are selected in object 'Object Repository/1. Constant/xpath' 

2022-06-23 22:10:22 - [TEST_STEP][PASSED] - I.select_multiplelist("//*[@id="selSource_64"]", "//*[@id="btnAdd_64"]", "1688"): Delayed 1 second(s)

2022-06-23 22:10:23 - [MESSAGE][PASSED] - Delayed 1 second(s)

2022-06-23 22:10:27 - [MESSAGE][PASSED] - All options with value '1688' are selected in object 'Object Repository/1. Constant/xpath' 

2022-06-23 22:10:29 - [MESSAGE][PASSED] - Delayed 2 second(s)

2022-06-23 22:10:30 - [MESSAGE][PASSED] - Object: 'Object Repository/1. Constant/xpath' is clicked on

2022-06-23 22:10:31 - [MESSAGE][PASSED] - Delayed 1 second(s)

2022-06-23 22:10:31 - [TEST_STEP][PASSED] - I.select_multiplelist("//*[@id="selSource_53"]", "//*[@id="btnAdd_53"]", "1701"): Delayed 1 second(s)

2022-06-23 22:10:32 - [MESSAGE][PASSED] - Delayed 1 second(s)

2022-06-23 22:10:34 - [MESSAGE][PASSED] - All options with value '1701' are selected in object 'Object Repository/1. Constant/xpath' 

2022-06-23 22:10:36 - [MESSAGE][PASSED] - Delayed 2 second(s)

2022-06-23 22:10:38 - [MESSAGE][PASSED] - Object: 'Object Repository/1. Constant/xpath' is clicked on

2022-06-23 22:10:39 - [MESSAGE][PASSED] - Delayed 1 second(s)

2022-06-23 22:10:39 - [TEST_STEP][PASSED] - I.select_multiplelist("//*[@id="selSource_58"]", "//*[@id="btnAdd_58"]", "1704"): Delayed 1 second(s)

2022-06-23 22:10:40 - [MESSAGE][PASSED] - Delayed 1 second(s)

2022-06-23 22:10:41 - [MESSAGE][PASSED] - All options with value '1704' are selected in object 'Object Repository/1. Constant/xpath' 

2022-06-23 22:10:43 - [MESSAGE][PASSED] - Delayed 2 second(s)

2022-06-23 22:10:43 - [MESSAGE][PASSED] - Object: 'Object Repository/1. Constant/xpath' is clicked on

2022-06-23 22:10:44 - [MESSAGE][PASSED] - Delayed 1 second(s)

2022-06-23 22:10:44 - [TEST_STEP][PASSED] - I.select_multiplelist("//*[@id="selSource_59"]", "//*[@id="btnAdd_59"]", "1706"): Delayed 1 second(s)

2022-06-23 22:10:46 - [MESSAGE][PASSED] - Delayed 1 second(s)

2022-06-23 22:10:47 - [MESSAGE][PASSED] - All options with value '1706' are selected in object 'Object Repository/1. Constant/xpath' 

2022-06-23 22:10:49 - [MESSAGE][PASSED] - Delayed 2 second(s)

2022-06-23 22:10:49 - [MESSAGE][PASSED] - Object: 'Object Repository/1. Constant/xpath' is clicked on

2022-06-23 22:10:50 - [MESSAGE][PASSED] - Delayed 1 second(s)

2022-06-23 22:10:50 - [TEST_STEP][PASSED] - I.select_multiplelist("//*[@id="selSource_73"]", "//*[@id="btnAdd_73"]", "3147"): Delayed 1 second(s)

2022-06-23 22:10:51 - [MESSAGE][PASSED] - Delayed 1 second(s)

2022-06-23 22:10:53 - [MESSAGE][PASSED] - All options with value '3147' are selected in object 'Object Repository/1. Constant/xpath' 

2022-06-23 22:10:55 - [MESSAGE][PASSED] - Delayed 2 second(s)

2022-06-23 22:10:56 - [MESSAGE][PASSED] - Object: 'Object Repository/1. Constant/xpath' is clicked on

2022-06-23 22:10:57 - [MESSAGE][PASSED] - Delayed 1 second(s)

2022-06-23 22:10:57 - [TEST_STEP][PASSED] - selectOptionByValue(findTestObject("1. Constant/xpath", ["xpath":"//*[@id="var_66"]"]), "2402", false): All options with value '2402' are selected in object 'Object Repository/1. Constant/xpath' 

2022-06-23 22:10:58 - [MESSAGE][PASSED] - All options with value '2402' are selected in object 'Object Repository/1. Constant/xpath' 

2022-06-23 22:10:58 - [TEST_STEP][PASSED] - selectOptionByValue(findTestObject("1. Constant/xpath", ["xpath":"//*[@id="var_142"]"]), "2404", false): All options with value '2404' are selected in object 'Object Repository/1. Constant/xpath' 

2022-06-23 22:10:59 - [MESSAGE][PASSED] - All options with value '2404' are selected in object 'Object Repository/1. Constant/xpath' 

2022-06-23 22:10:59 - [TEST_STEP][PASSED] - selectOptionByValue(findTestObject("1. Constant/xpath", ["xpath":"//*[@id="var_143"]"]), "2406", false): All options with value '2406' are selected in object 'Object Repository/1. Constant/xpath' 

2022-06-23 22:11:01 - [MESSAGE][PASSED] - All options with value '2406' are selected in object 'Object Repository/1. Constant/xpath' 

2022-06-23 22:11:01 - [TEST_STEP][PASSED] - I.select_multiplelist("//*[@id="selSource_119"]", "//*[@id="btnAdd_119"]", "2165"): Delayed 1 second(s)

2022-06-23 22:11:02 - [MESSAGE][PASSED] - Delayed 1 second(s)

2022-06-23 22:11:08 - [MESSAGE][PASSED] - All options with value '2165' are selected in object 'Object Repository/1. Constant/xpath' 

2022-06-23 22:11:10 - [MESSAGE][PASSED] - Delayed 2 second(s)

2022-06-23 22:11:12 - [MESSAGE][PASSED] - Object: 'Object Repository/1. Constant/xpath' is clicked on

2022-06-23 22:11:13 - [MESSAGE][PASSED] - Delayed 1 second(s)

2022-06-23 22:11:13 - [TEST_STEP][PASSED] - takeScreenshot(): Taking screenshot successfully

2022-06-23 22:11:14 - [MESSAGE][PASSED] - Taking screenshot successfully
[[ATTACHMENT|D:\\Projet Test Auto\\Mediabox Test Automation\\Reports\\20220623_184212\\03. Parallel Testing (Testing)\\TS -PT PART 3\\10 NPP Support Action on Completed Ref\\20220623_184233\\1656015074216.png]]

2022-06-23 22:11:14 - [TEST_STEP][PASSED] - click(findTestObject("HL Full Lifecycle/5 ModifyProjPage_button_Update")): Object: 'Object Repository/HL Full Lifecycle/5 ModifyProjPage_button_Update' is clicked on

2022-06-23 22:11:18 - [MESSAGE][PASSED] - Object: 'Object Repository/HL Full Lifecycle/5 ModifyProjPage_button_Update' is clicked on

2022-06-23 22:11:18 - [TEST_STEP][PASSED] - Project_No = I.ProjectNo(): Current window's url is: 'http://mdb-release.diadeis.lan/MediaboxIndependence/Base/ExecAction?IDSession=MBI%21RELTESTAUTO_NPP%21OPC2NE3M2VS37KXXCL6D7E10OLX5HYV5NXAIS7VK&default_action=AfficheFichesProjet&id_project=MI001079'

2022-06-23 22:11:23 - [MESSAGE][PASSED] - Delayed 5 second(s)

2022-06-23 22:11:24 - [MESSAGE][PASSED] - Current window's url is: 'http://mdb-release.diadeis.lan/MediaboxIndependence/Base/ExecAction?IDSession=MBI%21RELTESTAUTO_NPP%21OPC2NE3M2VS37KXXCL6D7E10OLX5HYV5NXAIS7VK&default_action=AfficheFichesProjet&id_project=MI001079'

2022-06-23 22:11:24 - [TEST_STEP][PASSED] - click(findTestObject("HL Full Lifecycle/6 ReferenceListPage_createrefbutton")): Object: 'Object Repository/HL Full Lifecycle/6 ReferenceListPage_createrefbutton' is clicked on

2022-06-23 22:11:26 - [MESSAGE][PASSED] - Object: 'Object Repository/HL Full Lifecycle/6 ReferenceListPage_createrefbutton' is clicked on

2022-06-23 22:11:26 - [TEST_STEP][PASSED] - click(findTestObject("HL Full Lifecycle/6 ReferenceListPaga_Create a component_button")): Object: 'Object Repository/HL Full Lifecycle/6 ReferenceListPaga_Create a component_button' is clicked on

2022-06-23 22:11:30 - [MESSAGE][PASSED] - Object: 'Object Repository/HL Full Lifecycle/6 ReferenceListPaga_Create a component_button' is clicked on

2022-06-23 22:11:30 - [TEST_STEP][PASSED] - takeScreenshot(): Taking screenshot successfully

2022-06-23 22:11:31 - [MESSAGE][PASSED] - Taking screenshot successfully
[[ATTACHMENT|D:\\Projet Test Auto\\Mediabox Test Automation\\Reports\\20220623_184212\\03. Parallel Testing (Testing)\\TS -PT PART 3\\10 NPP Support Action on Completed Ref\\20220623_184233\\1656015091122.png]]

2022-06-23 22:11:31 - [TEST_STEP][PASSED] - selectOptionByValue(findTestObject("1. Constant/xpath", ["xpath":"//*[@id="lfc_tpl"]"]), "51", false): All options with value '51' are selected in object 'Object Repository/1. Constant/xpath' 

2022-06-23 22:11:33 - [MESSAGE][PASSED] - All options with value '51' are selected in object 'Object Repository/1. Constant/xpath' 

2022-06-23 22:11:33 - [TEST_STEP][PASSED] - delay(1): Delayed 1 second(s)

2022-06-23 22:11:34 - [MESSAGE][PASSED] - Delayed 1 second(s)

2022-06-23 22:11:34 - [TEST_STEP][PASSED] - click(findTestObject("1. Constant/xpath", ["xpath":"//*[@id="ModifFiche"]/div[3]/div/button"])): Object: 'Object Repository/1. Constant/xpath' is clicked on

2022-06-23 22:11:39 - [MESSAGE][PASSED] - Object: 'Object Repository/1. Constant/xpath' is clicked on

2022-06-23 22:11:39 - [TEST_STEP][PASSED] - delay(1): Delayed 1 second(s)

2022-06-23 22:11:40 - [MESSAGE][PASSED] - Delayed 1 second(s)

2022-06-23 22:11:40 - [TEST_STEP][PASSED] - refID = I.RefID(): Current window's url is: 'http://mdb-release.diadeis.lan/MediaboxIndependence/Base/ExecAction?IDSession=MBI%21RELTESTAUTO_NPP%21OPC2NE3M2VS37KXXCL6D7E10OLX5HYV5NXAIS7VK&default_action=ModifierRef&id_project=MI001079&id_ref=1058045&action_from=create_ref'

2022-06-23 22:11:45 - [MESSAGE][PASSED] - Delayed 5 second(s)

2022-06-23 22:11:45 - [MESSAGE][PASSED] - Current window's url is: 'http://mdb-release.diadeis.lan/MediaboxIndependence/Base/ExecAction?IDSession=MBI%21RELTESTAUTO_NPP%21OPC2NE3M2VS37KXXCL6D7E10OLX5HYV5NXAIS7VK&default_action=ModifierRef&id_project=MI001079&id_ref=1058045&action_from=create_ref'

2022-06-23 22:11:45 - [TEST_STEP][PASSED] - takeScreenshot(): Taking screenshot successfully

2022-06-23 22:11:46 - [MESSAGE][PASSED] - Taking screenshot successfully
[[ATTACHMENT|D:\\Projet Test Auto\\Mediabox Test Automation\\Reports\\20220623_184212\\03. Parallel Testing (Testing)\\TS -PT PART 3\\10 NPP Support Action on Completed Ref\\20220623_184233\\1656015105931.png]]

2022-06-23 22:11:46 - [TEST_STEP][PASSED] - setText(findTestObject("1. Constant/xpath", ["xpath":"//*[@id="var_103"]"]), "SAP Designation test > https://www.google.com/"): Text 'SAP Designation test > https://www.google.com/' is set on object 'Object Repository/1. Constant/xpath'

2022-06-23 22:11:47 - [MESSAGE][PASSED] - Text 'SAP Designation test > https://www.google.com/' is set on object 'Object Repository/1. Constant/xpath'

2022-06-23 22:11:47 - [TEST_STEP][PASSED] - setText(findTestObject("1. Constant/xpath", ["xpath":"//*[@id="var_139"]"]), "Claim Substantiation Project Link > https://www.google.com/"): Text 'Claim Substantiation Project Link > https://www.google.com/' is set on object 'Object Repository/1. Constant/xpath'

2022-06-23 22:11:49 - [MESSAGE][PASSED] - Text 'Claim Substantiation Project Link > https://www.google.com/' is set on object 'Object Repository/1. Constant/xpath'

2022-06-23 22:11:49 - [TEST_STEP][PASSED] - setText(findTestObject("1. Constant/xpath", ["xpath":"//*[@id="var_160"]"]), "Grading standard link > test"): Text 'Grading standard link > test' is set on object 'Object Repository/1. Constant/xpath'

2022-06-23 22:11:52 - [MESSAGE][PASSED] - Text 'Grading standard link > test' is set on object 'Object Repository/1. Constant/xpath'

2022-06-23 22:11:52 - [TEST_STEP][PASSED] - scrollToElement(findTestObject("1. Constant/xpath", ["xpath":"//*[@id="var_90"]"]), 10, OPTIONAL): Scroll to object 'Object Repository/1. Constant/xpath' successfully

2022-06-23 22:11:53 - [MESSAGE][PASSED] - Scroll to object 'Object Repository/1. Constant/xpath' successfully

2022-06-23 22:11:53 - [TEST_STEP][PASSED] - setText(findTestObject("1. Constant/xpath", ["xpath":"//*[@id="var_90"]"]), "Project name > test"): Text 'Project name > test' is set on object 'Object Repository/1. Constant/xpath'

2022-06-23 22:11:55 - [MESSAGE][PASSED] - Text 'Project name > test' is set on object 'Object Repository/1. Constant/xpath'

2022-06-23 22:11:55 - [TEST_STEP][PASSED] - setText(findTestObject("1. Constant/xpath", ["xpath":"//*[@id="var_62"]"]), "DPET > test"): Text 'DPET > test' is set on object 'Object Repository/1. Constant/xpath'

2022-06-23 22:11:57 - [MESSAGE][PASSED] - Text 'DPET > test' is set on object 'Object Repository/1. Constant/xpath'

2022-06-23 22:11:57 - [TEST_STEP][PASSED] - I.select_multiplelist("//*[@id="selSource_73"]", "//*[@id="btnAdd_73"]", "3147"): Delayed 1 second(s)

2022-06-23 22:11:58 - [MESSAGE][PASSED] - Delayed 1 second(s)

2022-06-23 22:11:59 - [MESSAGE][PASSED] - All options with value '3147' are selected in object 'Object Repository/1. Constant/xpath' 

2022-06-23 22:12:01 - [MESSAGE][PASSED] - Delayed 2 second(s)

2022-06-23 22:12:02 - [MESSAGE][PASSED] - Object: 'Object Repository/1. Constant/xpath' is clicked on

2022-06-23 22:12:03 - [MESSAGE][PASSED] - Delayed 1 second(s)

2022-06-23 22:12:03 - [TEST_STEP][PASSED] - takeScreenshot(): Taking screenshot successfully

2022-06-23 22:12:03 - [MESSAGE][PASSED] - Taking screenshot successfully
[[ATTACHMENT|D:\\Projet Test Auto\\Mediabox Test Automation\\Reports\\20220623_184212\\03. Parallel Testing (Testing)\\TS -PT PART 3\\10 NPP Support Action on Completed Ref\\20220623_184233\\1656015123607.png]]

2022-06-23 22:12:03 - [TEST_STEP][PASSED] - scrollToElement(findTestObject("1. Constant/xpath", ["xpath":"//*[@id="var_82"]"]), 10, OPTIONAL): Scroll to object 'Object Repository/1. Constant/xpath' successfully

2022-06-23 22:12:04 - [MESSAGE][PASSED] - Scroll to object 'Object Repository/1. Constant/xpath' successfully

2022-06-23 22:12:04 - [TEST_STEP][PASSED] - selectOptionByValue(findTestObject("1. Constant/xpath", ["xpath":"//*[@id="var_82"]"]), "agaudin", false): All options with value 'agaudin' are selected in object 'Object Repository/1. Constant/xpath' 

2022-06-23 22:12:06 - [MESSAGE][PASSED] - All options with value 'agaudin' are selected in object 'Object Repository/1. Constant/xpath' 

2022-06-23 22:12:06 - [TEST_STEP][PASSED] - selectOptionByValue(findTestObject("1. Constant/xpath", ["xpath":"//*[@id="var_74"]"]), "afrappaz", false): All options with value 'afrappaz' are selected in object 'Object Repository/1. Constant/xpath' 

2022-06-23 22:12:08 - [MESSAGE][PASSED] - All options with value 'afrappaz' are selected in object 'Object Repository/1. Constant/xpath' 

2022-06-23 22:12:08 - [TEST_STEP][PASSED] - selectOptionByValue(findTestObject("1. Constant/xpath", ["xpath":"//*[@id="selSource_168"]"]), "cdemonchy", false): All options with value 'cdemonchy' are selected in object 'Object Repository/1. Constant/xpath' 

2022-06-23 22:12:10 - [MESSAGE][PASSED] - All options with value 'cdemonchy' are selected in object 'Object Repository/1. Constant/xpath' 

2022-06-23 22:12:10 - [TEST_STEP][PASSED] - selectOptionByValue(findTestObject("1. Constant/xpath", ["xpath":"//*[@id="selSource_168"]"]), "alarkins", false): All options with value 'alarkins' are selected in object 'Object Repository/1. Constant/xpath' 

2022-06-23 22:12:12 - [MESSAGE][PASSED] - All options with value 'alarkins' are selected in object 'Object Repository/1. Constant/xpath' 

2022-06-23 22:12:12 - [TEST_STEP][PASSED] - I.select_multiplelist("//*[@id="selSource_168"]", "//*[@id="btnAdd_168"]", "abrazhnikovapx"): Delayed 1 second(s)

2022-06-23 22:12:13 - [MESSAGE][PASSED] - Delayed 1 second(s)

2022-06-23 22:12:14 - [MESSAGE][PASSED] - All options with value 'abrazhnikovapx' are selected in object 'Object Repository/1. Constant/xpath' 

2022-06-23 22:12:16 - [MESSAGE][PASSED] - Delayed 2 second(s)

2022-06-23 22:12:18 - [MESSAGE][PASSED] - Object: 'Object Repository/1. Constant/xpath' is clicked on

2022-06-23 22:12:19 - [MESSAGE][PASSED] - Delayed 1 second(s)

2022-06-23 22:12:19 - [TEST_STEP][PASSED] - selectOptionByValue(findTestObject("1. Constant/xpath", ["xpath":"//*[@id="var_60"]"]), "asvegaardd2d", false): All options with value 'asvegaardd2d' are selected in object 'Object Repository/1. Constant/xpath' 

2022-06-23 22:12:20 - [MESSAGE][PASSED] - All options with value 'asvegaardd2d' are selected in object 'Object Repository/1. Constant/xpath' 

2022-06-23 22:12:20 - [TEST_STEP][PASSED] - selectOptionByValue(findTestObject("1. Constant/xpath", ["xpath":"//*[@id="var_102"]"]), "aserment", false): All options with value 'aserment' are selected in object 'Object Repository/1. Constant/xpath' 

2022-06-23 22:12:21 - [MESSAGE][PASSED] - All options with value 'aserment' are selected in object 'Object Repository/1. Constant/xpath' 

2022-06-23 22:12:21 - [TEST_STEP][PASSED] - selectOptionByValue(findTestObject("1. Constant/xpath", ["xpath":"//*[@id="var_63"]"]), "asavreux", false): All options with value 'asavreux' are selected in object 'Object Repository/1. Constant/xpath' 

2022-06-23 22:12:22 - [MESSAGE][PASSED] - All options with value 'asavreux' are selected in object 'Object Repository/1. Constant/xpath' 

2022-06-23 22:12:22 - [TEST_STEP][PASSED] - selectOptionByValue(findTestObject("1. Constant/xpath", ["xpath":"//*[@id="var_161"]"]), "achaves", false): All options with value 'achaves' are selected in object 'Object Repository/1. Constant/xpath' 

2022-06-23 22:12:24 - [MESSAGE][PASSED] - All options with value 'achaves' are selected in object 'Object Repository/1. Constant/xpath' 

2022-06-23 22:12:24 - [TEST_STEP][PASSED] - takeScreenshot(): Taking screenshot successfully

2022-06-23 22:12:25 - [MESSAGE][PASSED] - Taking screenshot successfully
[[ATTACHMENT|D:\\Projet Test Auto\\Mediabox Test Automation\\Reports\\20220623_184212\\03. Parallel Testing (Testing)\\TS -PT PART 3\\10 NPP Support Action on Completed Ref\\20220623_184233\\1656015144886.png]]

2022-06-23 22:12:25 - [TEST_STEP][PASSED] - scrollToElement(findTestObject("1. Constant/xpath", ["xpath":"//*[@id="var_143"]"]), 10, OPTIONAL): Scroll to object 'Object Repository/1. Constant/xpath' successfully

2022-06-23 22:12:26 - [MESSAGE][PASSED] - Scroll to object 'Object Repository/1. Constant/xpath' successfully

2022-06-23 22:12:26 - [TEST_STEP][PASSED] - I.select_multiplelist("//*[@id="selSource_79"]", "//*[@id="btnAdd_79"]", "1730"): Delayed 1 second(s)

2022-06-23 22:12:27 - [MESSAGE][PASSED] - Delayed 1 second(s)

2022-06-23 22:12:27 - [MESSAGE][PASSED] - All options with value '1730' are selected in object 'Object Repository/1. Constant/xpath' 

2022-06-23 22:12:29 - [MESSAGE][PASSED] - Delayed 2 second(s)

2022-06-23 22:12:31 - [MESSAGE][PASSED] - Object: 'Object Repository/1. Constant/xpath' is clicked on

2022-06-23 22:12:32 - [MESSAGE][PASSED] - Delayed 1 second(s)

2022-06-23 22:12:32 - [TEST_STEP][PASSED] - selectOptionByValue(findTestObject("1. Constant/xpath", ["xpath":"//*[@id="selSource_78"]"]), "1752", false): All options with value '1752' are selected in object 'Object Repository/1. Constant/xpath' 

2022-06-23 22:12:33 - [MESSAGE][PASSED] - All options with value '1752' are selected in object 'Object Repository/1. Constant/xpath' 

2022-06-23 22:12:33 - [TEST_STEP][PASSED] - I.select_multiplelist("//*[@id="selSource_78"]", "//*[@id="btnAdd_78"]", "1753"): Delayed 1 second(s)

2022-06-23 22:12:34 - [MESSAGE][PASSED] - Delayed 1 second(s)

2022-06-23 22:12:36 - [MESSAGE][PASSED] - All options with value '1753' are selected in object 'Object Repository/1. Constant/xpath' 

2022-06-23 22:12:38 - [MESSAGE][PASSED] - Delayed 2 second(s)

2022-06-23 22:12:38 - [MESSAGE][PASSED] - Object: 'Object Repository/1. Constant/xpath' is clicked on

2022-06-23 22:12:39 - [MESSAGE][PASSED] - Delayed 1 second(s)

2022-06-23 22:12:39 - [TEST_STEP][PASSED] - selectOptionByValue(findTestObject("1. Constant/xpath", ["xpath":"//*[@id="selSource_104"]"]), "73", false): All options with value '73' are selected in object 'Object Repository/1. Constant/xpath' 

2022-06-23 22:12:41 - [MESSAGE][PASSED] - All options with value '73' are selected in object 'Object Repository/1. Constant/xpath' 

2022-06-23 22:12:41 - [TEST_STEP][PASSED] - I.select_multiplelist("//*[@id="selSource_104"]", "//*[@id="btnAdd_104"]", "74"): Delayed 1 second(s)

2022-06-23 22:12:42 - [MESSAGE][PASSED] - Delayed 1 second(s)

2022-06-23 22:12:43 - [MESSAGE][PASSED] - All options with value '74' are selected in object 'Object Repository/1. Constant/xpath' 

2022-06-23 22:12:45 - [MESSAGE][PASSED] - Delayed 2 second(s)

2022-06-23 22:12:46 - [MESSAGE][PASSED] - Object: 'Object Repository/1. Constant/xpath' is clicked on

2022-06-23 22:12:47 - [MESSAGE][PASSED] - Delayed 1 second(s)

2022-06-23 22:12:47 - [TEST_STEP][PASSED] - takeScreenshot(): Taking screenshot successfully

2022-06-23 22:12:48 - [MESSAGE][PASSED] - Taking screenshot successfully
[[ATTACHMENT|D:\\Projet Test Auto\\Mediabox Test Automation\\Reports\\20220623_184212\\03. Parallel Testing (Testing)\\TS -PT PART 3\\10 NPP Support Action on Completed Ref\\20220623_184233\\1656015167596.png]]

2022-06-23 22:12:48 - [TEST_STEP][PASSED] - scrollToElement(findTestObject("1. Constant/xpath", ["xpath":"//*[@id="var_169"]"]), 10, OPTIONAL): Scroll to object 'Object Repository/1. Constant/xpath' successfully

2022-06-23 22:12:48 - [MESSAGE][PASSED] - Scroll to object 'Object Repository/1. Constant/xpath' successfully

2022-06-23 22:12:48 - [TEST_STEP][PASSED] - setText(findTestObject("1. Constant/xpath", ["xpath":"//*[@id="var_169"]"]), "Version History"): Text 'Version History' is set on object 'Object Repository/1. Constant/xpath'

2022-06-23 22:12:50 - [MESSAGE][PASSED] - Text 'Version History' is set on object 'Object Repository/1. Constant/xpath'

2022-06-23 22:12:50 - [TEST_STEP][PASSED] - click(findTestObject("HL Full Lifecycle/7 ModifyRefPage_button_Save")): Object: 'Object Repository/HL Full Lifecycle/7 ModifyRefPage_button_Save' is clicked on

2022-06-23 22:12:57 - [MESSAGE][PASSED] - Object: 'Object Repository/HL Full Lifecycle/7 ModifyRefPage_button_Save' is clicked on

2022-06-23 22:12:57 - [TEST_STEP][PASSED] - delay(1): Delayed 1 second(s)

2022-06-23 22:12:58 - [MESSAGE][PASSED] - Delayed 1 second(s)

2022-06-23 22:12:58 - [TEST_STEP][PASSED] - I.Logout_xpath("//*[@id="kt_header"]/div/div[2]/div[2]/div[1]/div/span/img", "//*[@id="kt_header"]/div/div[2]/div[2]/div[2]/a[2]"): Wait for page load successfully

2022-06-23 22:12:59 - [MESSAGE][PASSED] - Object: 'Object Repository/1. Constant/xpath' is clicked on

2022-06-23 22:13:00 - [MESSAGE][PASSED] - Delayed 1 second(s)

2022-06-23 22:13:06 - [MESSAGE][PASSED] - Object: 'Object Repository/1. Constant/xpath' is clicked on

2022-06-23 22:13:07 - [MESSAGE][PASSED] - Delayed 1 second(s)

2022-06-23 22:13:07 - [MESSAGE][PASSED] - Wait for page load successfully

2022-06-23 22:13:07 - [TEST_STEP][PASSED] - I.Login_password("ncur", password_ncur): Object: 'Object Repository/1. Constant/xpath' is clicked on

2022-06-23 22:13:09 - [MESSAGE][PASSED] - Text 'ncur' is set on object 'Object Repository/1. Constant/xpath'

2022-06-23 22:13:10 - [MESSAGE][PASSED] - Delayed 1 second(s)

2022-06-23 22:13:10 - [MESSAGE][PASSED] - Text 'dchi' is set on object 'Object Repository/1. Constant/xpath'

2022-06-23 22:13:11 - [MESSAGE][PASSED] - Delayed 1 second(s)

2022-06-23 22:13:16 - [MESSAGE][PASSED] - Object: 'Object Repository/1. Constant/xpath' is clicked on

2022-06-23 22:13:16 - [TEST_STEP][PASSED] - click(findTestObject("1. Constant/02_LHSMenu_Projects")): Object: 'Object Repository/1. Constant/02_LHSMenu_Projects' is clicked on

2022-06-23 22:13:33 - [MESSAGE][PASSED] - Object: 'Object Repository/1. Constant/02_LHSMenu_Projects' is clicked on

2022-06-23 22:13:33 - [TEST_STEP][PASSED] - I.SearchProjectNo_xpath(Project_No, "//*[@id="keynum_project"]", "//*[@id="form_filters"]/div[9]/button"): Delayed 5 second(s)

2022-06-23 22:13:34 - [MESSAGE][PASSED] - Delayed 1 second(s)

2022-06-23 22:13:38 - [MESSAGE][PASSED] - Text 'MI001079' is set on object 'Object Repository/1. Constant/xpath'

2022-06-23 22:13:41 - [MESSAGE][PASSED] - Delayed 3 second(s)

2022-06-23 22:13:41 - [MESSAGE][PASSED] - Scroll to object 'Object Repository/1. Constant/xpath' successfully

2022-06-23 22:13:46 - [MESSAGE][PASSED] - Object: 'Object Repository/1. Constant/xpath' is clicked on

2022-06-23 22:13:51 - [MESSAGE][PASSED] - Delayed 5 second(s)

2022-06-23 22:13:51 - [TEST_STEP][PASSED] - delay(2): Delayed 2 second(s)

2022-06-23 22:13:53 - [MESSAGE][PASSED] - Delayed 2 second(s)

2022-06-23 22:13:53 - [TEST_STEP][PASSED] - takeScreenshot(): Taking screenshot successfully

2022-06-23 22:13:54 - [MESSAGE][PASSED] - Taking screenshot successfully
[[ATTACHMENT|D:\\Projet Test Auto\\Mediabox Test Automation\\Reports\\20220623_184212\\03. Parallel Testing (Testing)\\TS -PT PART 3\\10 NPP Support Action on Completed Ref\\20220623_184233\\1656015233952.png]]

2022-06-23 22:13:54 - [TEST_STEP][PASSED] - click(findTestObject("1. Constant/xpath", ["xpath":"//*[@id="fiches"]/table/tbody/tr/td[10]/a[2]"])): Object: 'Object Repository/1. Constant/xpath' is clicked on

2022-06-23 22:14:00 - [MESSAGE][PASSED] - Object: 'Object Repository/1. Constant/xpath' is clicked on

2022-06-23 22:14:00 - [TEST_STEP][PASSED] - I.select_multiplelist("//*[@id="selSource_108"]", "//*[@id="btnAdd_108"]", "2344"): Delayed 1 second(s)

2022-06-23 22:14:01 - [MESSAGE][PASSED] - Delayed 1 second(s)

2022-06-23 22:14:04 - [MESSAGE][PASSED] - All options with value '2344' are selected in object 'Object Repository/1. Constant/xpath' 

2022-06-23 22:14:06 - [MESSAGE][PASSED] - Delayed 2 second(s)

2022-06-23 22:14:07 - [MESSAGE][PASSED] - Object: 'Object Repository/1. Constant/xpath' is clicked on

2022-06-23 22:14:08 - [MESSAGE][PASSED] - Delayed 1 second(s)

2022-06-23 22:14:08 - [TEST_STEP][PASSED] - click(findTestObject("1. Constant/xpath", ["xpath":"//*[@id="ModifFiche"]/div[1]/div/button[2]"])): Object: 'Object Repository/1. Constant/xpath' is clicked on

2022-06-23 22:14:15 - [MESSAGE][PASSED] - Object: 'Object Repository/1. Constant/xpath' is clicked on

2022-06-23 22:14:15 - [TEST_STEP][PASSED] - takeScreenshot(): Taking screenshot successfully

2022-06-23 22:14:16 - [MESSAGE][PASSED] - Taking screenshot successfully
[[ATTACHMENT|D:\\Projet Test Auto\\Mediabox Test Automation\\Reports\\20220623_184212\\03. Parallel Testing (Testing)\\TS -PT PART 3\\10 NPP Support Action on Completed Ref\\20220623_184233\\1656015256022.png]]

2022-06-23 22:14:16 - [TEST_STEP][PASSED] - click(findTestObject("1. Constant/xpath", ["xpath":"//*[@id="fiches"]/table/tbody/tr/td[10]/a[2]"])): Object: 'Object Repository/1. Constant/xpath' is clicked on

2022-06-23 22:14:21 - [MESSAGE][PASSED] - Object: 'Object Repository/1. Constant/xpath' is clicked on

2022-06-23 22:14:21 - [TEST_STEP][PASSED] - delay(1): Delayed 1 second(s)

2022-06-23 22:14:22 - [MESSAGE][PASSED] - Delayed 1 second(s)

2022-06-23 22:14:22 - [TEST_STEP][PASSED] - click(findTestObject("1. Constant/xpath", ["xpath":"//*[@id="ModifFiche"]/div[1]/div/button[2]"])): Object: 'Object Repository/1. Constant/xpath' is clicked on

2022-06-23 22:14:30 - [MESSAGE][PASSED] - Object: 'Object Repository/1. Constant/xpath' is clicked on

2022-06-23 22:14:30 - [TEST_STEP][PASSED] - delay(1): Delayed 1 second(s)

2022-06-23 22:14:31 - [MESSAGE][PASSED] - Delayed 1 second(s)

2022-06-23 22:14:31 - [TEST_STEP][PASSED] - click(findTestObject("1. Constant/xpath", ["xpath":"/html/body/div[1]/div[2]/div[4]/div[3]/div/div[2]/div[2]/table/tbody/tr/td[10]/div[2]/button"])): Object: 'Object Repository/1. Constant/xpath' is clicked on

2022-06-23 22:14:33 - [MESSAGE][PASSED] - Object: 'Object Repository/1. Constant/xpath' is clicked on

2022-06-23 22:14:33 - [TEST_STEP][PASSED] - delay(1): Delayed 1 second(s)

2022-06-23 22:14:34 - [MESSAGE][PASSED] - Delayed 1 second(s)

2022-06-23 22:14:34 - [TEST_STEP][PASSED] - click(findTestObject("1. Constant/xpath", ["xpath":"//*[@id="fiches"]/table/tbody/tr/td[10]/div[2]/div/a[1]"])): Object: 'Object Repository/1. Constant/xpath' is clicked on

2022-06-23 22:14:37 - [MESSAGE][PASSED] - Object: 'Object Repository/1. Constant/xpath' is clicked on

2022-06-23 22:14:37 - [TEST_STEP][PASSED] - takeScreenshot(): Taking screenshot successfully

2022-06-23 22:14:38 - [MESSAGE][PASSED] - Taking screenshot successfully
[[ATTACHMENT|D:\\Projet Test Auto\\Mediabox Test Automation\\Reports\\20220623_184212\\03. Parallel Testing (Testing)\\TS -PT PART 3\\10 NPP Support Action on Completed Ref\\20220623_184233\\1656015278032.png]]

2022-06-23 22:14:38 - [TEST_STEP][PASSED] - selectOptionByValue(findTestObject("1. Constant/xpath", ["xpath":"//*[@id="var_84"]"]), "akim", false): All options with value 'akim' are selected in object 'Object Repository/1. Constant/xpath' 

2022-06-23 22:14:42 - [MESSAGE][PASSED] - All options with value 'akim' are selected in object 'Object Repository/1. Constant/xpath' 

2022-06-23 22:14:42 - [TEST_STEP][PASSED] - click(findTestObject("1. Constant/xpath", ["xpath":"//*[@id="ModifFiche"]/div[1]/div/div"])): Object: 'Object Repository/1. Constant/xpath' is clicked on

2022-06-23 22:14:43 - [MESSAGE][PASSED] - Object: 'Object Repository/1. Constant/xpath' is clicked on

2022-06-23 22:14:43 - [TEST_STEP][PASSED] - delay(1): Delayed 1 second(s)

2022-06-23 22:14:44 - [MESSAGE][PASSED] - Delayed 1 second(s)

2022-06-23 22:14:44 - [TEST_STEP][PASSED] - click(findTestObject("1. Constant/xpath", ["xpath":"//*[@id="ModifFiche"]/div[1]/div/div/div/a[1]"])): Object: 'Object Repository/1. Constant/xpath' is clicked on

2022-06-23 22:14:54 - [MESSAGE][PASSED] - Object: 'Object Repository/1. Constant/xpath' is clicked on

2022-06-23 22:14:54 - [TEST_STEP][PASSED] - delay(2): Delayed 2 second(s)

2022-06-23 22:14:56 - [MESSAGE][PASSED] - Delayed 2 second(s)

2022-06-23 22:14:56 - [TEST_STEP][PASSED] - click(findTestObject("1. Constant/xpath", ["xpath":"//*[@id="fiches"]/table/tbody/tr/td[10]/div[2]/button"])): Object: 'Object Repository/1. Constant/xpath' is clicked on

2022-06-23 22:14:56 - [MESSAGE][PASSED] - Object: 'Object Repository/1. Constant/xpath' is clicked on

2022-06-23 22:14:56 - [TEST_STEP][PASSED] - delay(1): Delayed 1 second(s)

2022-06-23 22:14:57 - [MESSAGE][PASSED] - Delayed 1 second(s)

2022-06-23 22:14:57 - [TEST_STEP][PASSED] - click(findTestObject("1. Constant/xpath", ["xpath":"//*[@id="fiches"]/table/tbody/tr/td[10]/div[2]/div/a[1]"])): Object: 'Object Repository/1. Constant/xpath' is clicked on

2022-06-23 22:15:02 - [MESSAGE][PASSED] - Object: 'Object Repository/1. Constant/xpath' is clicked on

2022-06-23 22:15:02 - [TEST_STEP][PASSED] - takeScreenshot(): Taking screenshot successfully

2022-06-23 22:15:03 - [MESSAGE][PASSED] - Taking screenshot successfully
[[ATTACHMENT|D:\\Projet Test Auto\\Mediabox Test Automation\\Reports\\20220623_184212\\03. Parallel Testing (Testing)\\TS -PT PART 3\\10 NPP Support Action on Completed Ref\\20220623_184233\\1656015303024.png]]

2022-06-23 22:15:03 - [TEST_STEP][PASSED] - selectOptionByValue(findTestObject("1. Constant/xpath", ["xpath":"//*[@id="var_76"]"]), "afrappaz", false): All options with value 'afrappaz' are selected in object 'Object Repository/1. Constant/xpath' 

2022-06-23 22:15:05 - [MESSAGE][PASSED] - All options with value 'afrappaz' are selected in object 'Object Repository/1. Constant/xpath' 

2022-06-23 22:15:05 - [TEST_STEP][PASSED] - click(findTestObject("1. Constant/xpath", ["xpath":"//*[@id="ModifFiche"]/div[1]/div/div/button"])): Object: 'Object Repository/1. Constant/xpath' is clicked on

2022-06-23 22:15:06 - [MESSAGE][PASSED] - Object: 'Object Repository/1. Constant/xpath' is clicked on

2022-06-23 22:15:06 - [TEST_STEP][PASSED] - delay(1): Delayed 1 second(s)

2022-06-23 22:15:07 - [MESSAGE][PASSED] - Delayed 1 second(s)

2022-06-23 22:15:07 - [TEST_STEP][PASSED] - click(findTestObject("1. Constant/xpath", ["xpath":"//*[@id="ModifFiche"]/div[1]/div/div/div/a[1]"])): Object: 'Object Repository/1. Constant/xpath' is clicked on

2022-06-23 22:15:16 - [MESSAGE][PASSED] - Object: 'Object Repository/1. Constant/xpath' is clicked on

2022-06-23 22:15:16 - [TEST_STEP][PASSED] - delay(2): Delayed 2 second(s)

2022-06-23 22:15:18 - [MESSAGE][PASSED] - Delayed 2 second(s)

2022-06-23 22:15:18 - [TEST_STEP][PASSED] - click(findTestObject("1. Constant/xpath", ["xpath":"//*[@id="fiches"]/table/tbody/tr/td[10]/div[2]/button"])): Object: 'Object Repository/1. Constant/xpath' is clicked on

2022-06-23 22:15:19 - [MESSAGE][PASSED] - Object: 'Object Repository/1. Constant/xpath' is clicked on

2022-06-23 22:15:19 - [TEST_STEP][PASSED] - delay(1): Delayed 1 second(s)

2022-06-23 22:15:20 - [MESSAGE][PASSED] - Delayed 1 second(s)

2022-06-23 22:15:20 - [TEST_STEP][PASSED] - click(findTestObject("1. Constant/xpath", ["xpath":"//*[@id="fiches"]/table/tbody/tr/td[10]/div[2]/div/a[1]"])): Object: 'Object Repository/1. Constant/xpath' is clicked on

2022-06-23 22:15:24 - [MESSAGE][PASSED] - Object: 'Object Repository/1. Constant/xpath' is clicked on

2022-06-23 22:15:24 - [TEST_STEP][PASSED] - takeScreenshot(): Taking screenshot successfully

2022-06-23 22:15:25 - [MESSAGE][PASSED] - Taking screenshot successfully
[[ATTACHMENT|D:\\Projet Test Auto\\Mediabox Test Automation\\Reports\\20220623_184212\\03. Parallel Testing (Testing)\\TS -PT PART 3\\10 NPP Support Action on Completed Ref\\20220623_184233\\1656015324854.png]]

2022-06-23 22:15:25 - [TEST_STEP][PASSED] - delay(1): Delayed 1 second(s)

2022-06-23 22:15:26 - [MESSAGE][PASSED] - Delayed 1 second(s)

2022-06-23 22:15:26 - [TEST_STEP][PASSED] - click(findTestObject("1. Constant/xpath", ["xpath":"//*[@id="ModifFiche"]/div[1]/div/div/button"])): Object: 'Object Repository/1. Constant/xpath' is clicked on

2022-06-23 22:15:28 - [MESSAGE][PASSED] - Object: 'Object Repository/1. Constant/xpath' is clicked on

2022-06-23 22:15:28 - [TEST_STEP][PASSED] - delay(1): Delayed 1 second(s)

2022-06-23 22:15:29 - [MESSAGE][PASSED] - Delayed 1 second(s)

2022-06-23 22:15:29 - [TEST_STEP][PASSED] - click(findTestObject("1. Constant/xpath", ["xpath":"//*[@id="ModifFiche"]/div[1]/div/div/div/a[1]"])): Object: 'Object Repository/1. Constant/xpath' is clicked on

2022-06-23 22:15:38 - [MESSAGE][PASSED] - Object: 'Object Repository/1. Constant/xpath' is clicked on

2022-06-23 22:15:38 - [TEST_STEP][PASSED] - delay(2): Delayed 2 second(s)

2022-06-23 22:15:40 - [MESSAGE][PASSED] - Delayed 2 second(s)

2022-06-23 22:15:40 - [TEST_STEP][PASSED] - click(findTestObject("1. Constant/xpath", ["xpath":"//*[@id="fiches"]/table/tbody/tr/td[10]/div[2]/button"])): Object: 'Object Repository/1. Constant/xpath' is clicked on

2022-06-23 22:15:42 - [MESSAGE][PASSED] - Object: 'Object Repository/1. Constant/xpath' is clicked on

2022-06-23 22:15:42 - [TEST_STEP][PASSED] - delay(3): Delayed 3 second(s)

2022-06-23 22:15:45 - [MESSAGE][PASSED] - Delayed 3 second(s)

2022-06-23 22:15:45 - [TEST_STEP][PASSED] - click(findTestObject("1. Constant/xpath", ["xpath":"//*[@id="fiches"]/table/tbody/tr/td[10]/div[2]/div/a[1]"])): Object: 'Object Repository/1. Constant/xpath' is clicked on

2022-06-23 22:15:49 - [MESSAGE][PASSED] - Object: 'Object Repository/1. Constant/xpath' is clicked on

2022-06-23 22:15:49 - [TEST_STEP][PASSED] - takeScreenshot(): Taking screenshot successfully

2022-06-23 22:15:50 - [MESSAGE][PASSED] - Taking screenshot successfully
[[ATTACHMENT|D:\\Projet Test Auto\\Mediabox Test Automation\\Reports\\20220623_184212\\03. Parallel Testing (Testing)\\TS -PT PART 3\\10 NPP Support Action on Completed Ref\\20220623_184233\\1656015349962.png]]

2022-06-23 22:15:50 - [TEST_STEP][PASSED] - delay(3): Delayed 3 second(s)

2022-06-23 22:15:53 - [MESSAGE][PASSED] - Delayed 3 second(s)

2022-06-23 22:15:53 - [TEST_STEP][PASSED] - selectOptionByValue(findTestObject("1. Constant/xpath", ["xpath":"//*[@id="var_56"]"]), "aserment", false): All options with value 'aserment' are selected in object 'Object Repository/1. Constant/xpath' 

2022-06-23 22:15:53 - [MESSAGE][PASSED] - All options with value 'aserment' are selected in object 'Object Repository/1. Constant/xpath' 

2022-06-23 22:15:53 - [TEST_STEP][PASSED] - click(findTestObject("1. Constant/xpath", ["xpath":"//*[@id="ModifFiche"]/div[1]/div/div/button"])): Object: 'Object Repository/1. Constant/xpath' is clicked on

2022-06-23 22:15:54 - [MESSAGE][PASSED] - Object: 'Object Repository/1. Constant/xpath' is clicked on

2022-06-23 22:15:54 - [TEST_STEP][PASSED] - delay(3): Delayed 3 second(s)

2022-06-23 22:15:57 - [MESSAGE][PASSED] - Delayed 3 second(s)

2022-06-23 22:15:57 - [TEST_STEP][PASSED] - click(findTestObject("1. Constant/xpath", ["xpath":"//*[@id="ModifFiche"]/div[1]/div/div/div/a[1]"])): Object: 'Object Repository/1. Constant/xpath' is clicked on

2022-06-23 22:16:07 - [MESSAGE][PASSED] - Object: 'Object Repository/1. Constant/xpath' is clicked on

2022-06-23 22:16:07 - [TEST_STEP][PASSED] - delay(2): Delayed 2 second(s)

2022-06-23 22:16:09 - [MESSAGE][PASSED] - Delayed 2 second(s)

2022-06-23 22:16:09 - [TEST_STEP][PASSED] - takeScreenshot(): Taking screenshot successfully

2022-06-23 22:16:10 - [MESSAGE][PASSED] - Taking screenshot successfully
[[ATTACHMENT|D:\\Projet Test Auto\\Mediabox Test Automation\\Reports\\20220623_184212\\03. Parallel Testing (Testing)\\TS -PT PART 3\\10 NPP Support Action on Completed Ref\\20220623_184233\\1656015369876.png]]

2022-06-23 22:16:10 - [TEST_STEP][PASSED] - click(findTestObject("1. Constant/xpath", ["xpath":"//*[@id="fiches"]/table/tbody/tr/td[10]/div[1]/button"])): Object: 'Object Repository/1. Constant/xpath' is clicked on

2022-06-23 22:16:10 - [MESSAGE][PASSED] - Object: 'Object Repository/1. Constant/xpath' is clicked on

2022-06-23 22:16:10 - [TEST_STEP][PASSED] - delay(1): Delayed 1 second(s)

2022-06-23 22:16:11 - [MESSAGE][PASSED] - Delayed 1 second(s)

2022-06-23 22:16:11 - [TEST_STEP][PASSED] - click(findTestObject("1. Constant/xpath", ["xpath":"//*[@id="fiches"]/table/tbody/tr/td[10]/div[1]/div/a[2]"])): Object: 'Object Repository/1. Constant/xpath' is clicked on

2022-06-23 22:16:15 - [MESSAGE][PASSED] - Object: 'Object Repository/1. Constant/xpath' is clicked on

2022-06-23 22:16:15 - [TEST_STEP][PASSED] - delay(2): Delayed 2 second(s)

2022-06-23 22:16:17 - [MESSAGE][PASSED] - Delayed 2 second(s)

2022-06-23 22:16:17 - [TEST_STEP][PASSED] - takeScreenshot(): Taking screenshot successfully

2022-06-23 22:16:18 - [MESSAGE][PASSED] - Taking screenshot successfully
[[ATTACHMENT|D:\\Projet Test Auto\\Mediabox Test Automation\\Reports\\20220623_184212\\03. Parallel Testing (Testing)\\TS -PT PART 3\\10 NPP Support Action on Completed Ref\\20220623_184233\\1656015377737.png]]

2022-06-23 22:16:18 - [TEST_STEP][PASSED] - click(findTestObject("1. Constant/xpath", ["xpath":"//*[@id="aff_newfield_zone"]"])): Object: 'Object Repository/1. Constant/xpath' is clicked on

2022-06-23 22:16:18 - [MESSAGE][PASSED] - Object: 'Object Repository/1. Constant/xpath' is clicked on

2022-06-23 22:16:18 - [TEST_STEP][PASSED] - delay(3): Delayed 3 second(s)

2022-06-23 22:16:21 - [MESSAGE][PASSED] - Delayed 3 second(s)

2022-06-23 22:16:21 - [TEST_STEP][PASSED] - I.Pagedown(): Execute JavaScript 'window.scrollTo(0, document.body.scrollHeight)' successfully

2022-06-23 22:16:21 - [MESSAGE][PASSED] - Execute JavaScript 'window.scrollTo(0, document.body.scrollHeight)' successfully

2022-06-23 22:16:21 - [TEST_STEP][PASSED] - selectOptionByValue(findTestObject("1. Constant/xpath", ["xpath":"//*[@id="type_new"]"]), "160", false): All options with value '160' are selected in object 'Object Repository/1. Constant/xpath' 

2022-06-23 22:16:26 - [MESSAGE][PASSED] - All options with value '160' are selected in object 'Object Repository/1. Constant/xpath' 

2022-06-23 22:16:26 - [TEST_STEP][PASSED] - delay(3): Delayed 3 second(s)

2022-06-23 22:16:29 - [MESSAGE][PASSED] - Delayed 3 second(s)

2022-06-23 22:16:29 - [TEST_STEP][PASSED] - click(findTestObject("1. Constant/xpath", ["xpath":"//*[@id="add_newtranslationfield"]"])): Object: 'Object Repository/1. Constant/xpath' is clicked on

2022-06-23 22:16:32 - [MESSAGE][PASSED] - Object: 'Object Repository/1. Constant/xpath' is clicked on

2022-06-23 22:16:32 - [TEST_STEP][PASSED] - delay(3): Delayed 3 second(s)

2022-06-23 22:16:35 - [MESSAGE][PASSED] - Delayed 3 second(s)

2022-06-23 22:16:35 - [TEST_STEP][PASSED] - I.click_button_javascript(findTestObject("1. Constant/xpath", ["xpath":"//*[@id="ModifFiche"]/div[1]/div[2]/button[2]"])): Execute JavaScript 'arguments[0].click()' successfully

2022-06-23 22:16:45 - [MESSAGE][PASSED] - Execute JavaScript 'arguments[0].click()' successfully

2022-06-23 22:16:45 - [TEST_STEP][PASSED] - delay(2): Delayed 2 second(s)

2022-06-23 22:16:47 - [MESSAGE][PASSED] - Delayed 2 second(s)

2022-06-23 22:16:47 - [TEST_STEP][PASSED] - takeScreenshot(): Taking screenshot successfully

2022-06-23 22:16:47 - [MESSAGE][PASSED] - Taking screenshot successfully
[[ATTACHMENT|D:\\Projet Test Auto\\Mediabox Test Automation\\Reports\\20220623_184212\\03. Parallel Testing (Testing)\\TS -PT PART 3\\10 NPP Support Action on Completed Ref\\20220623_184233\\1656015407384.png]]

2022-06-23 22:16:47 - [TEST_STEP][PASSED] - I.select_multiplelist("//*[@id="selSource_default_target_language"]", "//*[@id="btn_add_default_target_language"]", "EN"): Delayed 1 second(s)

2022-06-23 22:16:48 - [MESSAGE][PASSED] - Delayed 1 second(s)

2022-06-23 22:16:49 - [MESSAGE][PASSED] - All options with value 'EN' are selected in object 'Object Repository/1. Constant/xpath' 

2022-06-23 22:16:51 - [MESSAGE][PASSED] - Delayed 2 second(s)

2022-06-23 22:16:52 - [MESSAGE][PASSED] - Object: 'Object Repository/1. Constant/xpath' is clicked on

2022-06-23 22:16:53 - [MESSAGE][PASSED] - Delayed 1 second(s)

2022-06-23 22:16:53 - [TEST_STEP][PASSED] - delay(3): Delayed 3 second(s)

2022-06-23 22:16:56 - [MESSAGE][PASSED] - Delayed 3 second(s)

2022-06-23 22:16:56 - [TEST_STEP][PASSED] - selectOptionByValue(findTestObject("1. Constant/xpath", ["xpath":"//*[@id="var_127_128_line_1"]"]), "2211", false): All options with value '2211' are selected in object 'Object Repository/1. Constant/xpath' 

2022-06-23 22:16:57 - [MESSAGE][PASSED] - All options with value '2211' are selected in object 'Object Repository/1. Constant/xpath' 

2022-06-23 22:16:57 - [TEST_STEP][PASSED] - delay(3): Delayed 3 second(s)

2022-06-23 22:17:00 - [MESSAGE][PASSED] - Delayed 3 second(s)

2022-06-23 22:17:00 - [TEST_STEP][PASSED] - setText(findTestObject("1. Constant/xpath", ["xpath":"//*[@id="var_72"]"]), "01/12/2021"): Text '01/12/2021' is set on object 'Object Repository/1. Constant/xpath'

2022-06-23 22:17:02 - [MESSAGE][PASSED] - Text '01/12/2021' is set on object 'Object Repository/1. Constant/xpath'

2022-06-23 22:17:02 - [TEST_STEP][PASSED] - delay(3): Delayed 3 second(s)

2022-06-23 22:17:05 - [MESSAGE][PASSED] - Delayed 3 second(s)

2022-06-23 22:17:05 - [TEST_STEP][PASSED] - setText(findTestObject("1. Constant/xpath", ["xpath":"//*[@id="var_116"]"]), "01/12/2021"): Text '01/12/2021' is set on object 'Object Repository/1. Constant/xpath'

2022-06-23 22:17:07 - [MESSAGE][PASSED] - Text '01/12/2021' is set on object 'Object Repository/1. Constant/xpath'

2022-06-23 22:17:07 - [TEST_STEP][PASSED] - I.Pagedown(): Execute JavaScript 'window.scrollTo(0, document.body.scrollHeight)' successfully

2022-06-23 22:17:08 - [MESSAGE][PASSED] - Execute JavaScript 'window.scrollTo(0, document.body.scrollHeight)' successfully

2022-06-23 22:17:08 - [TEST_STEP][PASSED] - I.select_multiplelist("//*[@id="selSource_61"]", "//*[@id="btnAdd_61"]", "2147"): Delayed 1 second(s)

2022-06-23 22:17:09 - [MESSAGE][PASSED] - Delayed 1 second(s)

2022-06-23 22:17:10 - [MESSAGE][PASSED] - All options with value '2147' are selected in object 'Object Repository/1. Constant/xpath' 

2022-06-23 22:17:12 - [MESSAGE][PASSED] - Delayed 2 second(s)

2022-06-23 22:17:13 - [MESSAGE][PASSED] - Object: 'Object Repository/1. Constant/xpath' is clicked on

2022-06-23 22:17:14 - [MESSAGE][PASSED] - Delayed 1 second(s)

2022-06-23 22:17:14 - [TEST_STEP][PASSED] - takeScreenshot(): Taking screenshot successfully

2022-06-23 22:17:15 - [MESSAGE][PASSED] - Taking screenshot successfully
[[ATTACHMENT|D:\\Projet Test Auto\\Mediabox Test Automation\\Reports\\20220623_184212\\03. Parallel Testing (Testing)\\TS -PT PART 3\\10 NPP Support Action on Completed Ref\\20220623_184233\\1656015434617.png]]

2022-06-23 22:17:15 - [TEST_STEP][PASSED] - I.click_button_javascript(findTestObject("1. Constant/xpath", ["xpath":"//*[@id="ModifFiche"]/div[3]/div/button[2]"])): Execute JavaScript 'arguments[0].click()' successfully

2022-06-23 22:17:26 - [MESSAGE][PASSED] - Execute JavaScript 'arguments[0].click()' successfully

2022-06-23 22:17:26 - [TEST_STEP][PASSED] - delay(1): Delayed 1 second(s)

2022-06-23 22:17:27 - [MESSAGE][PASSED] - Delayed 1 second(s)

2022-06-23 22:17:27 - [TEST_STEP][PASSED] - takeScreenshot(): Taking screenshot successfully

2022-06-23 22:17:27 - [MESSAGE][PASSED] - Taking screenshot successfully
[[ATTACHMENT|D:\\Projet Test Auto\\Mediabox Test Automation\\Reports\\20220623_184212\\03. Parallel Testing (Testing)\\TS -PT PART 3\\10 NPP Support Action on Completed Ref\\20220623_184233\\1656015447622.png]]

2022-06-23 22:17:27 - [TEST_STEP][PASSED] - click(findTestObject("1. Constant/xpath", ["xpath":"//*[@id="fiches"]/table/tbody/tr[1]/td[5]/a[1]"])): Object: 'Object Repository/1. Constant/xpath' is clicked on

2022-06-23 22:17:32 - [MESSAGE][PASSED] - Object: 'Object Repository/1. Constant/xpath' is clicked on

2022-06-23 22:17:32 - [TEST_STEP][PASSED] - delay(1): Delayed 1 second(s)

2022-06-23 22:17:33 - [MESSAGE][PASSED] - Delayed 1 second(s)

2022-06-23 22:17:33 - [TEST_STEP][PASSED] - click(findTestObject("1. Constant/xpath", ["xpath":"//*[@id="kt_content"]/div[3]/div/ul/li[3]/a"])): Object: 'Object Repository/1. Constant/xpath' is clicked on

2022-06-23 22:17:34 - [MESSAGE][PASSED] - Object: 'Object Repository/1. Constant/xpath' is clicked on

2022-06-23 22:17:34 - [TEST_STEP][PASSED] - delay(1): Delayed 1 second(s)

2022-06-23 22:17:35 - [MESSAGE][PASSED] - Delayed 1 second(s)

2022-06-23 22:17:35 - [TEST_STEP][PASSED] - click(findTestObject("1. Constant/xpath", ["xpath":"/html/body/div[1]/div[2]/div[8]/div[3]/div/div[3]/div[3]/div/div/div[3]/div/div[2]/div/div[1]/div[2]/div/button"])): Object: 'Object Repository/1. Constant/xpath' is clicked on

2022-06-23 22:17:37 - [MESSAGE][PASSED] - Object: 'Object Repository/1. Constant/xpath' is clicked on

2022-06-23 22:17:37 - [TEST_STEP][PASSED] - delay(3): Delayed 3 second(s)

2022-06-23 22:17:40 - [MESSAGE][PASSED] - Delayed 3 second(s)

2022-06-23 22:17:40 - [TEST_STEP][PASSED] - takeScreenshot(): Taking screenshot successfully

2022-06-23 22:17:40 - [MESSAGE][PASSED] - Taking screenshot successfully
[[ATTACHMENT|D:\\Projet Test Auto\\Mediabox Test Automation\\Reports\\20220623_184212\\03. Parallel Testing (Testing)\\TS -PT PART 3\\10 NPP Support Action on Completed Ref\\20220623_184233\\1656015460396.png]]

2022-06-23 22:17:40 - [TEST_STEP][PASSED] - x = 2: null

2022-06-23 22:17:40 - [TEST_STEP][PASSED] - i = 1: null

2022-06-23 22:17:40 - [TEST_STEP][PASSED] - while (i <= x): null

2022-06-23 22:17:40 - [TEST_STEP][PASSED] - Expected_SAS_Selected = "Reset to Languages Setup": null

2022-06-23 22:17:40 - [TEST_STEP][PASSED] - xpath_SAS = "/html/body/div[1]/div[2]/div[8]/div[3]/div/div[3]/div[3]/div/div/div[3]/div/div[2]/div/div[1]/div[2]/div/div/a[" + i + "]": null

2022-06-23 22:17:40 - [TEST_STEP][PASSED] - Actual_SAS = getText(findTestObject("1. Constant/xpath", ["xpath":xpath_SAS])): Text of object 'Object Repository/1. Constant/xpath' is: 'Reset to LSS Creation'

2022-06-23 22:17:41 - [MESSAGE][PASSED] - Text of object 'Object Repository/1. Constant/xpath' is: 'Reset to LSS Creation'

2022-06-23 22:17:41 - [TEST_STEP][PASSED] - I.print(i): null

2022-06-23 22:17:41 - [TEST_STEP][PASSED] - if (Actual_SAS.contains(Expected_SAS_Selected)): null

2022-06-23 22:17:41 - [TEST_STEP][PASSED] - i = i + 1: null

2022-06-23 22:17:41 - [TEST_STEP][PASSED] - Expected_SAS_Selected = "Reset to Languages Setup": null

2022-06-23 22:17:41 - [TEST_STEP][PASSED] - xpath_SAS = "/html/body/div[1]/div[2]/div[8]/div[3]/div/div[3]/div[3]/div/div/div[3]/div/div[2]/div/div[1]/div[2]/div/div/a[" + i + "]": null

2022-06-23 22:17:41 - [TEST_STEP][PASSED] - Actual_SAS = getText(findTestObject("1. Constant/xpath", ["xpath":xpath_SAS])): Text of object 'Object Repository/1. Constant/xpath' is: 'Reset to Languages Setup'

2022-06-23 22:17:41 - [MESSAGE][PASSED] - Text of object 'Object Repository/1. Constant/xpath' is: 'Reset to Languages Setup'

2022-06-23 22:17:41 - [TEST_STEP][PASSED] - I.print(i): null

2022-06-23 22:17:41 - [TEST_STEP][PASSED] - if (Actual_SAS.contains(Expected_SAS_Selected)): null

2022-06-23 22:17:41 - [TEST_STEP][PASSED] - I.click_button_javascript(findTestObject("1. Constant/xpath", ["xpath":xpath_SAS])): Execute JavaScript 'arguments[0].click()' successfully

2022-06-23 22:17:41 - [MESSAGE][PASSED] - Execute JavaScript 'arguments[0].click()' successfully

2022-06-23 22:17:41 - [TEST_STEP][PASSED] - break: null

2022-06-23 22:17:41 - [TEST_STEP][PASSED] - delay(3): Delayed 3 second(s)

2022-06-23 22:17:44 - [MESSAGE][PASSED] - Delayed 3 second(s)

2022-06-23 22:17:44 - [TEST_STEP][PASSED] - takeScreenshot(): Taking screenshot successfully

2022-06-23 22:17:45 - [MESSAGE][PASSED] - Taking screenshot successfully
[[ATTACHMENT|D:\\Projet Test Auto\\Mediabox Test Automation\\Reports\\20220623_184212\\03. Parallel Testing (Testing)\\TS -PT PART 3\\10 NPP Support Action on Completed Ref\\20220623_184233\\1656015465500.png]]

2022-06-23 22:17:45 - [TEST_STEP][PASSED] - selectOptionByValue(findTestObject("1. Constant/xpath", ["xpath":"//*[@id="added_support_action_reason"]"]), "1", false): All options with value '1' are selected in object 'Object Repository/1. Constant/xpath' 

2022-06-23 22:17:47 - [MESSAGE][PASSED] - All options with value '1' are selected in object 'Object Repository/1. Constant/xpath' 

2022-06-23 22:17:47 - [TEST_STEP][PASSED] - delay(1): Delayed 1 second(s)

2022-06-23 22:17:48 - [MESSAGE][PASSED] - Delayed 1 second(s)

2022-06-23 22:17:48 - [TEST_STEP][PASSED] - click(findTestObject("1. Constant/xpath", ["xpath":"//*[@id="modal_support_action_shortcut"]/div/div/div[3]/button[2]"])): Object: 'Object Repository/1. Constant/xpath' is clicked on

2022-06-23 22:17:55 - [MESSAGE][PASSED] - Object: 'Object Repository/1. Constant/xpath' is clicked on

2022-06-23 22:17:55 - [TEST_STEP][PASSED] - delay(1): Delayed 1 second(s)

2022-06-23 22:17:56 - [MESSAGE][PASSED] - Delayed 1 second(s)

2022-06-23 22:17:56 - [TEST_STEP][PASSED] - click(findTestObject("1. Constant/xpath", ["xpath":"//*[@id="kt_subheader"]/div/nav/ol/li[2]/a"])): Object: 'Object Repository/1. Constant/xpath' is clicked on

2022-06-23 22:18:00 - [MESSAGE][PASSED] - Object: 'Object Repository/1. Constant/xpath' is clicked on

2022-06-23 22:18:00 - [TEST_STEP][PASSED] - takeScreenshot(): Taking screenshot successfully

2022-06-23 22:18:00 - [MESSAGE][PASSED] - Taking screenshot successfully
[[ATTACHMENT|D:\\Projet Test Auto\\Mediabox Test Automation\\Reports\\20220623_184212\\03. Parallel Testing (Testing)\\TS -PT PART 3\\10 NPP Support Action on Completed Ref\\20220623_184233\\1656015480314.png]]

2022-06-23 22:18:00 - [TEST_STEP][PASSED] - delay(1): Delayed 1 second(s)

2022-06-23 22:18:01 - [MESSAGE][PASSED] - Delayed 1 second(s)

2022-06-23 22:18:01 - [TEST_STEP][PASSED] - st11 = getText(findTestObject("1. Constant/xpath", ["xpath":"/html/body/div[1]/div[2]/div[4]/div[3]/div/div[2]/div[2]/table/tbody/tr[1]/td[7]/span[2]"])): Text of object 'Object Repository/1. Constant/xpath' is: 'Languages Setup'

2022-06-23 22:18:02 - [MESSAGE][PASSED] - Text of object 'Object Repository/1. Constant/xpath' is: 'Languages Setup'

2022-06-23 22:18:02 - [TEST_STEP][PASSED] - verifyMatch(st11, "Languages Setup", false): Actual text 'Languages Setup' and expected text 'Languages Setup' are matched 

2022-06-23 22:18:02 - [MESSAGE][PASSED] - Actual text 'Languages Setup' and expected text 'Languages Setup' are matched 

2022-06-23 22:18:02 - [TEST_STEP][PASSED] - st12 = getText(findTestObject("1. Constant/xpath", ["xpath":"/html/body/div[1]/div[2]/div[4]/div[3]/div/div[2]/div[2]/table/tbody/tr[2]/td[7]/span"])): Text of object 'Object Repository/1. Constant/xpath' is: 'Complete (Skipped)'

2022-06-23 22:18:02 - [MESSAGE][PASSED] - Text of object 'Object Repository/1. Constant/xpath' is: 'Complete (Skipped)'

2022-06-23 22:18:02 - [TEST_STEP][PASSED] - verifyMatch(st12, "Complete (Skipped)", false): Actual text 'Complete (Skipped)' and expected text 'Complete (Skipped)' are matched 

2022-06-23 22:18:02 - [MESSAGE][PASSED] - Actual text 'Complete (Skipped)' and expected text 'Complete (Skipped)' are matched 

2022-06-23 22:18:02 - [TEST_STEP][PASSED] - delay(1): Delayed 1 second(s)

2022-06-23 22:18:03 - [MESSAGE][PASSED] - Delayed 1 second(s)

2022-06-23 22:18:03 - [TEST_STEP][PASSED] - click(findTestObject("1. Constant/xpath", ["xpath":"//*[@id="fiches"]/table/tbody/tr[1]/td[10]/a[2]"])): Object: 'Object Repository/1. Constant/xpath' is clicked on

2022-06-23 22:18:07 - [MESSAGE][PASSED] - Object: 'Object Repository/1. Constant/xpath' is clicked on

2022-06-23 22:18:07 - [TEST_STEP][PASSED] - selectOptionByValue(findTestObject("1. Constant/xpath", ["xpath":"//*[@id="var_127_128_line_1"]"]), "2211", false): All options with value '2211' are selected in object 'Object Repository/1. Constant/xpath' 

2022-06-23 22:18:08 - [MESSAGE][PASSED] - All options with value '2211' are selected in object 'Object Repository/1. Constant/xpath' 

2022-06-23 22:18:08 - [TEST_STEP][PASSED] - I.select_multiplelist("//*[@id="selSource_default_target_language"]", "//*[@id="btn_add_default_target_language"]", "DA"): Delayed 1 second(s)

2022-06-23 22:18:09 - [MESSAGE][PASSED] - Delayed 1 second(s)

2022-06-23 22:18:11 - [MESSAGE][PASSED] - All options with value 'DA' are selected in object 'Object Repository/1. Constant/xpath' 

2022-06-23 22:18:13 - [MESSAGE][PASSED] - Delayed 2 second(s)

2022-06-23 22:18:14 - [MESSAGE][PASSED] - Object: 'Object Repository/1. Constant/xpath' is clicked on

2022-06-23 22:18:15 - [MESSAGE][PASSED] - Delayed 1 second(s)

2022-06-23 22:18:15 - [TEST_STEP][PASSED] - delay(1): Delayed 1 second(s)

2022-06-23 22:18:16 - [MESSAGE][PASSED] - Delayed 1 second(s)

2022-06-23 22:18:16 - [TEST_STEP][PASSED] - selectOptionByValue(findTestObject("1. Constant/xpath", ["xpath":"//*[@id="var_127_128_line_1"]"]), "2211", false): All options with value '2211' are selected in object 'Object Repository/1. Constant/xpath' 

2022-06-23 22:18:18 - [MESSAGE][PASSED] - All options with value '2211' are selected in object 'Object Repository/1. Constant/xpath' 

2022-06-23 22:18:18 - [TEST_STEP][PASSED] - delay(1): Delayed 1 second(s)

2022-06-23 22:18:19 - [MESSAGE][PASSED] - Delayed 1 second(s)

2022-06-23 22:18:19 - [TEST_STEP][PASSED] - takeScreenshot(): Taking screenshot successfully

2022-06-23 22:18:19 - [MESSAGE][PASSED] - Taking screenshot successfully
[[ATTACHMENT|D:\\Projet Test Auto\\Mediabox Test Automation\\Reports\\20220623_184212\\03. Parallel Testing (Testing)\\TS -PT PART 3\\10 NPP Support Action on Completed Ref\\20220623_184233\\1656015499674.png]]

2022-06-23 22:18:19 - [TEST_STEP][PASSED] - I.click_button_javascript(findTestObject("1. Constant/xpath", ["xpath":"//*[@id="ModifFiche"]/div[3]/div/button[2]"])): Execute JavaScript 'arguments[0].click()' successfully

2022-06-23 22:18:31 - [MESSAGE][PASSED] - Execute JavaScript 'arguments[0].click()' successfully

2022-06-23 22:18:31 - [TEST_STEP][PASSED] - delay(1): Delayed 1 second(s)

2022-06-23 22:18:32 - [MESSAGE][PASSED] - Delayed 1 second(s)

2022-06-23 22:18:32 - [TEST_STEP][PASSED] - verifyTextPresent("English", false): Text 'English' is present on page 

2022-06-23 22:18:33 - [MESSAGE][PASSED] - Text 'English' is present on page 

2022-06-23 22:18:33 - [TEST_STEP][PASSED] - verifyTextPresent("Danish", false): Text 'Danish' is present on page 

2022-06-23 22:18:34 - [MESSAGE][PASSED] - Text 'Danish' is present on page 

2022-06-23 22:18:34 - [TEST_STEP][PASSED] - click(findTestObject("1. Constant/xpath", ["xpath":"/html/body/div[1]/div[2]/div[4]/div[3]/div/div[2]/div[2]/table/tbody/tr[3]/td[5]/a"])): Object: 'Object Repository/1. Constant/xpath' is clicked on

2022-06-23 22:18:39 - [MESSAGE][PASSED] - Object: 'Object Repository/1. Constant/xpath' is clicked on

2022-06-23 22:18:39 - [TEST_STEP][PASSED] - delay(1): Delayed 1 second(s)

2022-06-23 22:18:40 - [MESSAGE][PASSED] - Delayed 1 second(s)

2022-06-23 22:18:40 - [TEST_STEP][PASSED] - click(findTestObject("1. Constant/xpath", ["xpath":"//*[@id="kt_content"]/div[3]/div/ul/li[3]/a"])): Object: 'Object Repository/1. Constant/xpath' is clicked on

2022-06-23 22:18:42 - [MESSAGE][PASSED] - Object: 'Object Repository/1. Constant/xpath' is clicked on

2022-06-23 22:18:42 - [TEST_STEP][PASSED] - delay(1): Delayed 1 second(s)

2022-06-23 22:18:43 - [MESSAGE][PASSED] - Delayed 1 second(s)

2022-06-23 22:18:43 - [TEST_STEP][PASSED] - click(findTestObject("1. Constant/xpath", ["xpath":"/html/body/div[1]/div[2]/div[8]/div[3]/div/div[3]/div[3]/div/div/div/div/div[2]/div/div[1]/div[2]/div/button"])): Object: 'Object Repository/1. Constant/xpath' is clicked on

2022-06-23 22:18:44 - [MESSAGE][PASSED] - Object: 'Object Repository/1. Constant/xpath' is clicked on

2022-06-23 22:18:44 - [TEST_STEP][PASSED] - delay(3): Delayed 3 second(s)

2022-06-23 22:18:47 - [MESSAGE][PASSED] - Delayed 3 second(s)

2022-06-23 22:18:47 - [TEST_STEP][PASSED] - takeScreenshot(): Taking screenshot successfully

2022-06-23 22:18:48 - [MESSAGE][PASSED] - Taking screenshot successfully
[[ATTACHMENT|D:\\Projet Test Auto\\Mediabox Test Automation\\Reports\\20220623_184212\\03. Parallel Testing (Testing)\\TS -PT PART 3\\10 NPP Support Action on Completed Ref\\20220623_184233\\1656015528201.png]]

2022-06-23 22:18:48 - [TEST_STEP][PASSED] - y = 2: null

2022-06-23 22:18:48 - [TEST_STEP][PASSED] - z = 1: null

2022-06-23 22:18:48 - [TEST_STEP][PASSED] - while (z <= y): null

2022-06-23 22:18:48 - [TEST_STEP][PASSED] - Expected_SAS_Selected = "Skip to RSA translation": null

2022-06-23 22:18:48 - [TEST_STEP][PASSED] - xpath_SAS = "/html/body/div[1]/div[2]/div[8]/div[3]/div/div[3]/div[3]/div/div/div/div/div[2]/div/div[1]/div[2]/div/div/a[" + z + "]": null

2022-06-23 22:18:48 - [TEST_STEP][PASSED] - Actual_SAS = getText(findTestObject("1. Constant/xpath", ["xpath":xpath_SAS])): Text of object 'Object Repository/1. Constant/xpath' is: 'Skip to RSA translation'

2022-06-23 22:18:49 - [MESSAGE][PASSED] - Text of object 'Object Repository/1. Constant/xpath' is: 'Skip to RSA translation'

2022-06-23 22:18:49 - [TEST_STEP][PASSED] - if (Actual_SAS.contains(Expected_SAS_Selected)): null

2022-06-23 22:18:49 - [TEST_STEP][PASSED] - I.click_button_javascript(findTestObject("1. Constant/xpath", ["xpath":xpath_SAS])): Execute JavaScript 'arguments[0].click()' successfully

2022-06-23 22:18:50 - [MESSAGE][PASSED] - Execute JavaScript 'arguments[0].click()' successfully

2022-06-23 22:18:50 - [TEST_STEP][PASSED] - break: null

2022-06-23 22:18:50 - [TEST_STEP][PASSED] - takeScreenshot(): Taking screenshot successfully

2022-06-23 22:18:51 - [MESSAGE][PASSED] - Taking screenshot successfully
[[ATTACHMENT|D:\\Projet Test Auto\\Mediabox Test Automation\\Reports\\20220623_184212\\03. Parallel Testing (Testing)\\TS -PT PART 3\\10 NPP Support Action on Completed Ref\\20220623_184233\\1656015530908.png]]

2022-06-23 22:18:51 - [TEST_STEP][PASSED] - selectOptionByValue(findTestObject("1. Constant/xpath", ["xpath":"//*[@id="added_support_action_reason"]"]), "3", false): All options with value '3' are selected in object 'Object Repository/1. Constant/xpath' 

2022-06-23 22:18:52 - [MESSAGE][PASSED] - All options with value '3' are selected in object 'Object Repository/1. Constant/xpath' 

2022-06-23 22:18:52 - [TEST_STEP][PASSED] - delay(1): Delayed 1 second(s)

2022-06-23 22:18:53 - [MESSAGE][PASSED] - Delayed 1 second(s)

2022-06-23 22:18:53 - [TEST_STEP][PASSED] - click(findTestObject("1. Constant/xpath", ["xpath":"//*[@id="modal_support_action_shortcut"]/div/div/div[3]/button[2]"])): Object: 'Object Repository/1. Constant/xpath' is clicked on

2022-06-23 22:18:59 - [MESSAGE][PASSED] - Object: 'Object Repository/1. Constant/xpath' is clicked on

2022-06-23 22:18:59 - [TEST_STEP][PASSED] - delay(1): Delayed 1 second(s)

2022-06-23 22:19:00 - [MESSAGE][PASSED] - Delayed 1 second(s)

2022-06-23 22:19:00 - [TEST_STEP][PASSED] - click(findTestObject("1. Constant/xpath", ["xpath":"//*[@id="kt_subheader"]/div/nav/ol/li[2]/a"])): Object: 'Object Repository/1. Constant/xpath' is clicked on

2022-06-23 22:19:05 - [MESSAGE][PASSED] - Object: 'Object Repository/1. Constant/xpath' is clicked on

2022-06-23 22:19:05 - [TEST_STEP][PASSED] - delay(1): Delayed 1 second(s)

2022-06-23 22:19:06 - [MESSAGE][PASSED] - Delayed 1 second(s)

2022-06-23 22:19:06 - [TEST_STEP][PASSED] - st1_danish = getText(findTestObject("1. Constant/xpath", ["xpath":"/html/body/div[1]/div[2]/div[4]/div[3]/div/div[2]/div[2]/table/tbody/tr[3]/td[7]/span[2]"])): Text of object 'Object Repository/1. Constant/xpath' is: 'RSA Translation'

2022-06-23 22:19:06 - [MESSAGE][PASSED] - Text of object 'Object Repository/1. Constant/xpath' is: 'RSA Translation'

2022-06-23 22:19:06 - [TEST_STEP][PASSED] - verifyMatch(st1_danish, "RSA Translation", false): Actual text 'RSA Translation' and expected text 'RSA Translation' are matched 

2022-06-23 22:19:06 - [MESSAGE][PASSED] - Actual text 'RSA Translation' and expected text 'RSA Translation' are matched 

2022-06-23 22:19:06 - [TEST_STEP][PASSED] - takeScreenshot(): Taking screenshot successfully

2022-06-23 22:19:07 - [MESSAGE][PASSED] - Taking screenshot successfully
[[ATTACHMENT|D:\\Projet Test Auto\\Mediabox Test Automation\\Reports\\20220623_184212\\03. Parallel Testing (Testing)\\TS -PT PART 3\\10 NPP Support Action on Completed Ref\\20220623_184233\\1656015547126.png]]

2022-06-23 22:19:07 - [TEST_STEP][PASSED] - closeBrowser(): Browser is closed

2022-06-23 22:19:14 - [MESSAGE][PASSED] - Browser is closed

2022-06-23 22:19:14 - [TEST_STEP][PASSED] - Start listener action : sampleAfterTestCase: null]]></system-out>
         <system-err><![CDATA[]]></system-err>
      </testcase>
      <testcase name="Test Cases/16 Support action (Completed ref)/16.10 NPP SAS translation - Reset Agency (Not completed ref) S7" time="730.456" classname="Test Cases/16 Support action (Completed ref)/16.10 NPP SAS translation - Reset Agency (Not completed ref) S7" status="PASSED">
         <system-out><![CDATA[2022-06-23 22:19:14 - [TEST_CASE][PASSED] - Test Cases/16 Support action (Completed ref)/16.10 NPP SAS translation - Reset Agency (Not completed ref) S7: Test Cases/16 Support action (Completed ref)/16.10 NPP SAS translation - Reset Agency (Not completed ref) S7

2022-06-23 22:19:15 - [TEST_STEP][PASSED] - data_Npp = findTestData("Data Files/Username_Password/Npp"): null

2022-06-23 22:19:15 - [TEST_STEP][PASSED] - password_ncur = data_Npp.getValue(2, 1): null

2022-06-23 22:19:15 - [TEST_STEP][PASSED] - password_akim = data_Npp.getValue(2, 2): null

2022-06-23 22:19:15 - [TEST_STEP][PASSED] - password_lmoodie_mkt = data_Npp.getValue(2, 12): null

2022-06-23 22:19:15 - [TEST_STEP][PASSED] - data_urlRELAUTO = findTestData("Data Files/URL/URL_relauto"): null

2022-06-23 22:19:15 - [TEST_STEP][PASSED] - Url_Npp = data_urlRELAUTO.getValue(2, 5): null

2022-06-23 22:19:15 - [TEST_STEP][PASSED] - openBrowser(Url_Npp): Browser is opened with url: ' http://mdb-release.diadeis.lan/MediaboxIndependence/?MBI_datasource=RELTESTAUTO_NPP'

2022-06-23 22:19:15 - [MESSAGE][INFO] - Starting 'Chrome (headless)' driver

2022-06-23 22:19:15 - [MESSAGE][INFO] - User set preference: ['args', '[--window-size=1920,1080, --headless]']

2022-06-23 22:19:15 - [MESSAGE][INFO] - Action delay is set to 0 milliseconds

2022-06-23 22:19:35 - [MESSAGE][PASSED] - Browser is opened with url: ' http://mdb-release.diadeis.lan/MediaboxIndependence/?MBI_datasource=RELTESTAUTO_NPP'

2022-06-23 22:19:35 - [TEST_STEP][PASSED] - maximizeWindow(): Current window maximized

2022-06-23 22:19:35 - [MESSAGE][PASSED] - Current window maximized

2022-06-23 22:19:35 - [TEST_STEP][PASSED] - takeScreenshot(): Taking screenshot successfully

2022-06-23 22:19:36 - [MESSAGE][PASSED] - Taking screenshot successfully
[[ATTACHMENT|D:\\Projet Test Auto\\Mediabox Test Automation\\Reports\\20220623_184212\\03. Parallel Testing (Testing)\\TS -PT PART 3\\10 NPP Support Action on Completed Ref\\20220623_184233\\1656015575610.png]]

2022-06-23 22:19:36 - [TEST_STEP][PASSED] - I.Login_password("akim", password_akim): Object: 'Object Repository/1. Constant/xpath' is clicked on

2022-06-23 22:19:37 - [MESSAGE][PASSED] - Text 'akim' is set on object 'Object Repository/1. Constant/xpath'

2022-06-23 22:19:38 - [MESSAGE][PASSED] - Delayed 1 second(s)

2022-06-23 22:19:39 - [MESSAGE][PASSED] - Text 'dchi' is set on object 'Object Repository/1. Constant/xpath'

2022-06-23 22:19:40 - [MESSAGE][PASSED] - Delayed 1 second(s)

2022-06-23 22:19:54 - [MESSAGE][PASSED] - Object: 'Object Repository/1. Constant/xpath' is clicked on

2022-06-23 22:19:54 - [TEST_STEP][PASSED] - takeScreenshot(): Taking screenshot successfully

2022-06-23 22:19:54 - [MESSAGE][PASSED] - Taking screenshot successfully
[[ATTACHMENT|D:\\Projet Test Auto\\Mediabox Test Automation\\Reports\\20220623_184212\\03. Parallel Testing (Testing)\\TS -PT PART 3\\10 NPP Support Action on Completed Ref\\20220623_184233\\1656015594460.png]]

2022-06-23 22:19:54 - [TEST_STEP][PASSED] - click(findTestObject("1. Constant/02_LHSMenu_Projects")): Object: 'Object Repository/1. Constant/02_LHSMenu_Projects' is clicked on

2022-06-23 22:20:05 - [MESSAGE][PASSED] - Object: 'Object Repository/1. Constant/02_LHSMenu_Projects' is clicked on

2022-06-23 22:20:05 - [TEST_STEP][PASSED] - click(findTestObject("Object Repository/1. Constant/xpath", ["xpath":"//*[@id="kt_content"]/div[3]/div/div/div[1]/div[2]/a[1]"])): Object: 'Object Repository/1. Constant/xpath' is clicked on

2022-06-23 22:20:11 - [MESSAGE][PASSED] - Object: 'Object Repository/1. Constant/xpath' is clicked on

2022-06-23 22:20:11 - [TEST_STEP][PASSED] - takeScreenshot(): Taking screenshot successfully

2022-06-23 22:20:12 - [MESSAGE][PASSED] - Taking screenshot successfully
[[ATTACHMENT|D:\\Projet Test Auto\\Mediabox Test Automation\\Reports\\20220623_184212\\03. Parallel Testing (Testing)\\TS -PT PART 3\\10 NPP Support Action on Completed Ref\\20220623_184233\\1656015611970.png]]

2022-06-23 22:20:12 - [TEST_STEP][PASSED] - "On the modify project page : Fill in all field": null

2022-06-23 22:20:12 - [TEST_STEP][PASSED] - LSSNumber_name = "AutoTest_Npp_SAS_Part5_" + RandomStringUtils.randomAlphanumeric(10) + "_" + I.gettimedate(): null

2022-06-23 22:20:12 - [TEST_STEP][PASSED] - setText(findTestObject("1. Constant/xpath", ["xpath":"//*[@id="var_70"]"]), LSSNumber_name): Text 'AutoTest_Npp_SAS_Part5_jLVnUALFov_juin232022_222012' is set on object 'Object Repository/1. Constant/xpath'

2022-06-23 22:20:14 - [MESSAGE][PASSED] - Text 'AutoTest_Npp_SAS_Part5_jLVnUALFov_juin232022_222012' is set on object 'Object Repository/1. Constant/xpath'

2022-06-23 22:20:14 - [TEST_STEP][PASSED] - I.SelectFromList_Value("//*[@id="var_107"]", "2420"): Delayed 2 second(s)

2022-06-23 22:20:15 - [MESSAGE][PASSED] - All options with value '2420' are selected in object 'Object Repository/1. Constant/xpath' 

2022-06-23 22:20:17 - [MESSAGE][PASSED] - Delayed 2 second(s)

2022-06-23 22:20:17 - [TEST_STEP][PASSED] - I.select_multiplelist("//*[@id="selSource_108"]", "//*[@id="btnAdd_108"]", "2354"): Delayed 1 second(s)

2022-06-23 22:20:18 - [MESSAGE][PASSED] - Delayed 1 second(s)

2022-06-23 22:20:21 - [MESSAGE][PASSED] - All options with value '2354' are selected in object 'Object Repository/1. Constant/xpath' 

2022-06-23 22:20:23 - [MESSAGE][PASSED] - Delayed 2 second(s)

2022-06-23 22:20:25 - [MESSAGE][PASSED] - Object: 'Object Repository/1. Constant/xpath' is clicked on

2022-06-23 22:20:26 - [MESSAGE][PASSED] - Delayed 1 second(s)

2022-06-23 22:20:26 - [TEST_STEP][PASSED] - setText(findTestObject("1. Constant/xpath", ["xpath":"//*[@id="var_110"]"]), "Variety test"): Text 'Variety test' is set on object 'Object Repository/1. Constant/xpath'

2022-06-23 22:20:29 - [MESSAGE][PASSED] - Text 'Variety test' is set on object 'Object Repository/1. Constant/xpath'

2022-06-23 22:20:29 - [TEST_STEP][PASSED] - setText(findTestObject("1. Constant/xpath", ["xpath":"//*[@id="var_133"]"]), "Alternative Format code test "): Text 'Alternative Format code test ' is set on object 'Object Repository/1. Constant/xpath'

2022-06-23 22:20:30 - [MESSAGE][PASSED] - Text 'Alternative Format code test ' is set on object 'Object Repository/1. Constant/xpath'

2022-06-23 22:20:30 - [TEST_STEP][PASSED] - setText(findTestObject("1. Constant/xpath", ["xpath":"//*[@id="var_65"]"]), "FORMAT Product designation test "): Text 'FORMAT Product designation test ' is set on object 'Object Repository/1. Constant/xpath'

2022-06-23 22:20:32 - [MESSAGE][PASSED] - Text 'FORMAT Product designation test ' is set on object 'Object Repository/1. Constant/xpath'

2022-06-23 22:20:32 - [TEST_STEP][PASSED] - I.select_multiplelist("//*[@id="selSource_91"]", "//*[@id="btnAdd_91"]", "1023"): Delayed 1 second(s)

2022-06-23 22:20:33 - [MESSAGE][PASSED] - Delayed 1 second(s)

2022-06-23 22:20:35 - [MESSAGE][PASSED] - All options with value '1023' are selected in object 'Object Repository/1. Constant/xpath' 

2022-06-23 22:20:37 - [MESSAGE][PASSED] - Delayed 2 second(s)

2022-06-23 22:20:38 - [MESSAGE][PASSED] - Object: 'Object Repository/1. Constant/xpath' is clicked on

2022-06-23 22:20:39 - [MESSAGE][PASSED] - Delayed 1 second(s)

2022-06-23 22:20:39 - [TEST_STEP][PASSED] - setText(findTestObject("1. Constant/xpath", ["xpath":"//*[@id="var_71"]"]), "25/08/2021"): Text '25/08/2021' is set on object 'Object Repository/1. Constant/xpath'

2022-06-23 22:20:41 - [MESSAGE][PASSED] - Text '25/08/2021' is set on object 'Object Repository/1. Constant/xpath'

2022-06-23 22:20:41 - [TEST_STEP][PASSED] - setText(findTestObject("1. Constant/xpath", ["xpath":"//*[@id="var_89"]"]), "Project Information - Comments"): Text 'Project Information - Comments' is set on object 'Object Repository/1. Constant/xpath'

2022-06-23 22:20:43 - [MESSAGE][PASSED] - Text 'Project Information - Comments' is set on object 'Object Repository/1. Constant/xpath'

2022-06-23 22:20:43 - [TEST_STEP][PASSED] - setText(findTestObject("1. Constant/xpath", ["xpath":"//*[@id="var_93"]"]), "Reason for change test"): Text 'Reason for change test' is set on object 'Object Repository/1. Constant/xpath'

2022-06-23 22:20:44 - [MESSAGE][PASSED] - Text 'Reason for change test' is set on object 'Object Repository/1. Constant/xpath'

2022-06-23 22:20:44 - [TEST_STEP][PASSED] - I.select_multiplelist("//*[@id="selSource_54"]", "//*[@id="btnAdd_54"]", "1081"): Delayed 1 second(s)

2022-06-23 22:20:45 - [MESSAGE][PASSED] - Delayed 1 second(s)

2022-06-23 22:20:45 - [MESSAGE][PASSED] - All options with value '1081' are selected in object 'Object Repository/1. Constant/xpath' 

2022-06-23 22:20:47 - [MESSAGE][PASSED] - Delayed 2 second(s)

2022-06-23 22:20:48 - [MESSAGE][PASSED] - Object: 'Object Repository/1. Constant/xpath' is clicked on

2022-06-23 22:20:49 - [MESSAGE][PASSED] - Delayed 1 second(s)

2022-06-23 22:20:49 - [TEST_STEP][PASSED] - delay(3): Delayed 3 second(s)

2022-06-23 22:20:52 - [MESSAGE][PASSED] - Delayed 3 second(s)

2022-06-23 22:20:52 - [TEST_STEP][PASSED] - I.select_multiplelist("//*[@id="selSource_106"]", "//*[@id="btnAdd_106"]", "2787"): Delayed 1 second(s)

2022-06-23 22:20:53 - [MESSAGE][PASSED] - Delayed 1 second(s)

2022-06-23 22:20:54 - [MESSAGE][PASSED] - All options with value '2787' are selected in object 'Object Repository/1. Constant/xpath' 

2022-06-23 22:20:56 - [MESSAGE][PASSED] - Delayed 2 second(s)

2022-06-23 22:20:57 - [MESSAGE][PASSED] - Object: 'Object Repository/1. Constant/xpath' is clicked on

2022-06-23 22:20:58 - [MESSAGE][PASSED] - Delayed 1 second(s)

2022-06-23 22:20:58 - [TEST_STEP][PASSED] - I.SelectFromList_Value("//*[@id="var_92"]", "1298"): Delayed 2 second(s)

2022-06-23 22:20:59 - [MESSAGE][PASSED] - All options with value '1298' are selected in object 'Object Repository/1. Constant/xpath' 

2022-06-23 22:21:01 - [MESSAGE][PASSED] - Delayed 2 second(s)

2022-06-23 22:21:01 - [TEST_STEP][PASSED] - I.select_multiplelist("//*[@id="selSource_88"]", "//*[@id="btnAdd_88"]", "1303"): Delayed 1 second(s)

2022-06-23 22:21:02 - [MESSAGE][PASSED] - Delayed 1 second(s)

2022-06-23 22:21:02 - [MESSAGE][PASSED] - All options with value '1303' are selected in object 'Object Repository/1. Constant/xpath' 

2022-06-23 22:21:04 - [MESSAGE][PASSED] - Delayed 2 second(s)

2022-06-23 22:21:05 - [MESSAGE][PASSED] - Object: 'Object Repository/1. Constant/xpath' is clicked on

2022-06-23 22:21:06 - [MESSAGE][PASSED] - Delayed 1 second(s)

2022-06-23 22:21:06 - [TEST_STEP][PASSED] - I.select_multiplelist("//*[@id="selSource_86"]", "//*[@id="btnAdd_86"]", "1310"): Delayed 1 second(s)

2022-06-23 22:21:07 - [MESSAGE][PASSED] - Delayed 1 second(s)

2022-06-23 22:21:08 - [MESSAGE][PASSED] - All options with value '1310' are selected in object 'Object Repository/1. Constant/xpath' 

2022-06-23 22:21:10 - [MESSAGE][PASSED] - Delayed 2 second(s)

2022-06-23 22:21:12 - [MESSAGE][PASSED] - Object: 'Object Repository/1. Constant/xpath' is clicked on

2022-06-23 22:21:13 - [MESSAGE][PASSED] - Delayed 1 second(s)

2022-06-23 22:21:13 - [TEST_STEP][PASSED] - I.select_multiplelist("//*[@id="selSource_57"]", "//*[@id="btnAdd_57"]", "2304"): Delayed 1 second(s)

2022-06-23 22:21:14 - [MESSAGE][PASSED] - Delayed 1 second(s)

2022-06-23 22:21:16 - [MESSAGE][PASSED] - All options with value '2304' are selected in object 'Object Repository/1. Constant/xpath' 

2022-06-23 22:21:18 - [MESSAGE][PASSED] - Delayed 2 second(s)

2022-06-23 22:21:19 - [MESSAGE][PASSED] - Object: 'Object Repository/1. Constant/xpath' is clicked on

2022-06-23 22:21:20 - [MESSAGE][PASSED] - Delayed 1 second(s)

2022-06-23 22:21:20 - [TEST_STEP][PASSED] - I.SelectFromList_Value("//*[@id="var_87"]", "971"): Delayed 2 second(s)

2022-06-23 22:21:22 - [MESSAGE][PASSED] - All options with value '971' are selected in object 'Object Repository/1. Constant/xpath' 

2022-06-23 22:21:24 - [MESSAGE][PASSED] - Delayed 2 second(s)

2022-06-23 22:21:24 - [TEST_STEP][PASSED] - I.SelectFromList_Value("//*[@id="var_109"]", "1325"): Delayed 2 second(s)

2022-06-23 22:21:27 - [MESSAGE][PASSED] - All options with value '1325' are selected in object 'Object Repository/1. Constant/xpath' 

2022-06-23 22:21:29 - [MESSAGE][PASSED] - Delayed 2 second(s)

2022-06-23 22:21:29 - [TEST_STEP][PASSED] - I.SelectFromList_Value("//*[@id="var_52"]", "1330"): Delayed 2 second(s)

2022-06-23 22:21:30 - [MESSAGE][PASSED] - All options with value '1330' are selected in object 'Object Repository/1. Constant/xpath' 

2022-06-23 22:21:32 - [MESSAGE][PASSED] - Delayed 2 second(s)

2022-06-23 22:21:32 - [TEST_STEP][PASSED] - I.select_multiplelist("//*[@id="selSource_67"]", "//*[@id="btnAdd_67"]", "1624"): Delayed 1 second(s)

2022-06-23 22:21:33 - [MESSAGE][PASSED] - Delayed 1 second(s)

2022-06-23 22:21:34 - [MESSAGE][PASSED] - All options with value '1624' are selected in object 'Object Repository/1. Constant/xpath' 

2022-06-23 22:21:36 - [MESSAGE][PASSED] - Delayed 2 second(s)

2022-06-23 22:21:37 - [MESSAGE][PASSED] - Object: 'Object Repository/1. Constant/xpath' is clicked on

2022-06-23 22:21:38 - [MESSAGE][PASSED] - Delayed 1 second(s)

2022-06-23 22:21:38 - [TEST_STEP][PASSED] - I.SelectFromList_Value("//*[@id="var_140"]", "2296"): Delayed 2 second(s)

2022-06-23 22:21:39 - [MESSAGE][PASSED] - All options with value '2296' are selected in object 'Object Repository/1. Constant/xpath' 

2022-06-23 22:21:41 - [MESSAGE][PASSED] - Delayed 2 second(s)

2022-06-23 22:21:41 - [TEST_STEP][PASSED] - I.select_multiplelist("//*[@id="selSource_51"]", "//*[@id="btnAdd_51"]", "1673"): Delayed 1 second(s)

2022-06-23 22:21:42 - [MESSAGE][PASSED] - Delayed 1 second(s)

2022-06-23 22:21:43 - [MESSAGE][PASSED] - All options with value '1673' are selected in object 'Object Repository/1. Constant/xpath' 

2022-06-23 22:21:45 - [MESSAGE][PASSED] - Delayed 2 second(s)

2022-06-23 22:21:46 - [MESSAGE][PASSED] - Object: 'Object Repository/1. Constant/xpath' is clicked on

2022-06-23 22:21:47 - [MESSAGE][PASSED] - Delayed 1 second(s)

2022-06-23 22:21:47 - [TEST_STEP][PASSED] - I.select_multiplelist("//*[@id="selSource_50"]", "//*[@id="btnAdd_50"]", "1681"): Delayed 1 second(s)

2022-06-23 22:21:48 - [MESSAGE][PASSED] - Delayed 1 second(s)

2022-06-23 22:21:49 - [MESSAGE][PASSED] - All options with value '1681' are selected in object 'Object Repository/1. Constant/xpath' 

2022-06-23 22:21:51 - [MESSAGE][PASSED] - Delayed 2 second(s)

2022-06-23 22:21:51 - [MESSAGE][PASSED] - Object: 'Object Repository/1. Constant/xpath' is clicked on

2022-06-23 22:21:52 - [MESSAGE][PASSED] - Delayed 1 second(s)

2022-06-23 22:21:52 - [TEST_STEP][PASSED] - I.SelectFromList_Value("//*[@id="selSource_64"]", "1701"): Delayed 2 second(s)

2022-06-23 22:21:54 - [MESSAGE][PASSED] - All options with value '1701' are selected in object 'Object Repository/1. Constant/xpath' 

2022-06-23 22:21:56 - [MESSAGE][PASSED] - Delayed 2 second(s)

2022-06-23 22:21:56 - [TEST_STEP][PASSED] - I.select_multiplelist("//*[@id="selSource_64"]", "//*[@id="btnAdd_64"]", "1688"): Delayed 1 second(s)

2022-06-23 22:21:57 - [MESSAGE][PASSED] - Delayed 1 second(s)

2022-06-23 22:21:59 - [MESSAGE][PASSED] - All options with value '1688' are selected in object 'Object Repository/1. Constant/xpath' 

2022-06-23 22:22:01 - [MESSAGE][PASSED] - Delayed 2 second(s)

2022-06-23 22:22:03 - [MESSAGE][PASSED] - Object: 'Object Repository/1. Constant/xpath' is clicked on

2022-06-23 22:22:04 - [MESSAGE][PASSED] - Delayed 1 second(s)

2022-06-23 22:22:04 - [TEST_STEP][PASSED] - I.select_multiplelist("//*[@id="selSource_53"]", "//*[@id="btnAdd_53"]", "1701"): Delayed 1 second(s)

2022-06-23 22:22:05 - [MESSAGE][PASSED] - Delayed 1 second(s)

2022-06-23 22:22:07 - [MESSAGE][PASSED] - All options with value '1701' are selected in object 'Object Repository/1. Constant/xpath' 

2022-06-23 22:22:09 - [MESSAGE][PASSED] - Delayed 2 second(s)

2022-06-23 22:22:09 - [MESSAGE][PASSED] - Object: 'Object Repository/1. Constant/xpath' is clicked on

2022-06-23 22:22:10 - [MESSAGE][PASSED] - Delayed 1 second(s)

2022-06-23 22:22:10 - [TEST_STEP][PASSED] - I.select_multiplelist("//*[@id="selSource_58"]", "//*[@id="btnAdd_58"]", "1704"): Delayed 1 second(s)

2022-06-23 22:22:11 - [MESSAGE][PASSED] - Delayed 1 second(s)

2022-06-23 22:22:15 - [MESSAGE][PASSED] - All options with value '1704' are selected in object 'Object Repository/1. Constant/xpath' 

2022-06-23 22:22:17 - [MESSAGE][PASSED] - Delayed 2 second(s)

2022-06-23 22:22:19 - [MESSAGE][PASSED] - Object: 'Object Repository/1. Constant/xpath' is clicked on

2022-06-23 22:22:20 - [MESSAGE][PASSED] - Delayed 1 second(s)

2022-06-23 22:22:20 - [TEST_STEP][PASSED] - I.select_multiplelist("//*[@id="selSource_59"]", "//*[@id="btnAdd_59"]", "1706"): Delayed 1 second(s)

2022-06-23 22:22:21 - [MESSAGE][PASSED] - Delayed 1 second(s)

2022-06-23 22:22:22 - [MESSAGE][PASSED] - All options with value '1706' are selected in object 'Object Repository/1. Constant/xpath' 

2022-06-23 22:22:24 - [MESSAGE][PASSED] - Delayed 2 second(s)

2022-06-23 22:22:26 - [MESSAGE][PASSED] - Object: 'Object Repository/1. Constant/xpath' is clicked on

2022-06-23 22:22:27 - [MESSAGE][PASSED] - Delayed 1 second(s)

2022-06-23 22:22:27 - [TEST_STEP][PASSED] - I.select_multiplelist("//*[@id="selSource_73"]", "//*[@id="btnAdd_73"]", "3147"): Delayed 1 second(s)

2022-06-23 22:22:28 - [MESSAGE][PASSED] - Delayed 1 second(s)

2022-06-23 22:22:30 - [MESSAGE][PASSED] - All options with value '3147' are selected in object 'Object Repository/1. Constant/xpath' 

2022-06-23 22:22:32 - [MESSAGE][PASSED] - Delayed 2 second(s)

2022-06-23 22:22:34 - [MESSAGE][PASSED] - Object: 'Object Repository/1. Constant/xpath' is clicked on

2022-06-23 22:22:35 - [MESSAGE][PASSED] - Delayed 1 second(s)

2022-06-23 22:22:35 - [TEST_STEP][PASSED] - delay(1): Delayed 1 second(s)

2022-06-23 22:22:36 - [MESSAGE][PASSED] - Delayed 1 second(s)

2022-06-23 22:22:36 - [TEST_STEP][PASSED] - I.SelectFromList_Value("//*[@id="var_66"]", "2402"): Delayed 2 second(s)

2022-06-23 22:22:39 - [MESSAGE][PASSED] - All options with value '2402' are selected in object 'Object Repository/1. Constant/xpath' 

2022-06-23 22:22:41 - [MESSAGE][PASSED] - Delayed 2 second(s)

2022-06-23 22:22:41 - [TEST_STEP][PASSED] - I.SelectFromList_Value("//*[@id="var_142"]", "2404"): Delayed 2 second(s)

2022-06-23 22:22:43 - [MESSAGE][PASSED] - All options with value '2404' are selected in object 'Object Repository/1. Constant/xpath' 

2022-06-23 22:22:45 - [MESSAGE][PASSED] - Delayed 2 second(s)

2022-06-23 22:22:45 - [TEST_STEP][PASSED] - I.SelectFromList_Value("//*[@id="var_143"]", "2406"): Delayed 2 second(s)

2022-06-23 22:22:46 - [MESSAGE][PASSED] - All options with value '2406' are selected in object 'Object Repository/1. Constant/xpath' 

2022-06-23 22:22:48 - [MESSAGE][PASSED] - Delayed 2 second(s)

2022-06-23 22:22:48 - [TEST_STEP][PASSED] - I.select_multiplelist("//*[@id="selSource_119"]", "//*[@id="btnAdd_119"]", "2165"): Delayed 1 second(s)

2022-06-23 22:22:49 - [MESSAGE][PASSED] - Delayed 1 second(s)

2022-06-23 22:22:51 - [MESSAGE][PASSED] - All options with value '2165' are selected in object 'Object Repository/1. Constant/xpath' 

2022-06-23 22:22:53 - [MESSAGE][PASSED] - Delayed 2 second(s)

2022-06-23 22:22:53 - [MESSAGE][PASSED] - Object: 'Object Repository/1. Constant/xpath' is clicked on

2022-06-23 22:22:54 - [MESSAGE][PASSED] - Delayed 1 second(s)

2022-06-23 22:22:54 - [TEST_STEP][PASSED] - delay(5): Delayed 5 second(s)

2022-06-23 22:22:59 - [MESSAGE][PASSED] - Delayed 5 second(s)

2022-06-23 22:22:59 - [TEST_STEP][PASSED] - takeScreenshot(): Taking screenshot successfully

2022-06-23 22:23:00 - [MESSAGE][PASSED] - Taking screenshot successfully
[[ATTACHMENT|D:\\Projet Test Auto\\Mediabox Test Automation\\Reports\\20220623_184212\\03. Parallel Testing (Testing)\\TS -PT PART 3\\10 NPP Support Action on Completed Ref\\20220623_184233\\1656015779611.png]]

2022-06-23 22:23:00 - [TEST_STEP][PASSED] - click(findTestObject("HL Full Lifecycle/5 ModifyProjPage_button_Update")): Object: 'Object Repository/HL Full Lifecycle/5 ModifyProjPage_button_Update' is clicked on

2022-06-23 22:23:06 - [MESSAGE][PASSED] - Object: 'Object Repository/HL Full Lifecycle/5 ModifyProjPage_button_Update' is clicked on

2022-06-23 22:23:06 - [TEST_STEP][PASSED] - Project_No = I.ProjectNo(): Current window's url is: 'http://mdb-release.diadeis.lan/MediaboxIndependence/Base/ExecAction?IDSession=MBI%21RELTESTAUTO_NPP%21UJG1F02DCPL8B3G1GCLTL606DW9RLDRMF4TF41DJ&default_action=AfficheFichesProjet&id_project=MI001080'

2022-06-23 22:23:11 - [MESSAGE][PASSED] - Delayed 5 second(s)

2022-06-23 22:23:11 - [MESSAGE][PASSED] - Current window's url is: 'http://mdb-release.diadeis.lan/MediaboxIndependence/Base/ExecAction?IDSession=MBI%21RELTESTAUTO_NPP%21UJG1F02DCPL8B3G1GCLTL606DW9RLDRMF4TF41DJ&default_action=AfficheFichesProjet&id_project=MI001080'

2022-06-23 22:23:11 - [TEST_STEP][PASSED] - click(findTestObject("HL Full Lifecycle/6 ReferenceListPage_createrefbutton")): Object: 'Object Repository/HL Full Lifecycle/6 ReferenceListPage_createrefbutton' is clicked on

2022-06-23 22:23:11 - [MESSAGE][PASSED] - Object: 'Object Repository/HL Full Lifecycle/6 ReferenceListPage_createrefbutton' is clicked on

2022-06-23 22:23:11 - [TEST_STEP][PASSED] - click(findTestObject("HL Full Lifecycle/6 ReferenceListPaga_Create a component_button")): Object: 'Object Repository/HL Full Lifecycle/6 ReferenceListPaga_Create a component_button' is clicked on

2022-06-23 22:23:13 - [MESSAGE][PASSED] - Object: 'Object Repository/HL Full Lifecycle/6 ReferenceListPaga_Create a component_button' is clicked on

2022-06-23 22:23:13 - [TEST_STEP][PASSED] - takeScreenshot(): Taking screenshot successfully

2022-06-23 22:23:13 - [MESSAGE][PASSED] - Taking screenshot successfully
[[ATTACHMENT|D:\\Projet Test Auto\\Mediabox Test Automation\\Reports\\20220623_184212\\03. Parallel Testing (Testing)\\TS -PT PART 3\\10 NPP Support Action on Completed Ref\\20220623_184233\\1656015793363.png]]

2022-06-23 22:23:13 - [TEST_STEP][PASSED] - I.SelectFromList_Value("//*[@id="lfc_tpl"]", "51"): Delayed 2 second(s)

2022-06-23 22:23:14 - [MESSAGE][PASSED] - All options with value '51' are selected in object 'Object Repository/1. Constant/xpath' 

2022-06-23 22:23:16 - [MESSAGE][PASSED] - Delayed 2 second(s)

2022-06-23 22:23:16 - [TEST_STEP][PASSED] - click(findTestObject("1. Constant/xpath", ["xpath":"//*[@id="ModifFiche"]/div[3]/div/button"])): Object: 'Object Repository/1. Constant/xpath' is clicked on

2022-06-23 22:23:24 - [MESSAGE][PASSED] - Object: 'Object Repository/1. Constant/xpath' is clicked on

2022-06-23 22:23:24 - [TEST_STEP][PASSED] - delay(1): Delayed 1 second(s)

2022-06-23 22:23:25 - [MESSAGE][PASSED] - Delayed 1 second(s)

2022-06-23 22:23:25 - [TEST_STEP][PASSED] - refID = I.RefID(): Current window's url is: 'http://mdb-release.diadeis.lan/MediaboxIndependence/Base/ExecAction?IDSession=MBI%21RELTESTAUTO_NPP%21UJG1F02DCPL8B3G1GCLTL606DW9RLDRMF4TF41DJ&default_action=ModifierRef&id_project=MI001080&id_ref=1058048&action_from=create_ref'

2022-06-23 22:23:30 - [MESSAGE][PASSED] - Delayed 5 second(s)

2022-06-23 22:23:30 - [MESSAGE][PASSED] - Current window's url is: 'http://mdb-release.diadeis.lan/MediaboxIndependence/Base/ExecAction?IDSession=MBI%21RELTESTAUTO_NPP%21UJG1F02DCPL8B3G1GCLTL606DW9RLDRMF4TF41DJ&default_action=ModifierRef&id_project=MI001080&id_ref=1058048&action_from=create_ref'

2022-06-23 22:23:30 - [TEST_STEP][PASSED] - takeScreenshot(): Taking screenshot successfully

2022-06-23 22:23:31 - [MESSAGE][PASSED] - Taking screenshot successfully
[[ATTACHMENT|D:\\Projet Test Auto\\Mediabox Test Automation\\Reports\\20220623_184212\\03. Parallel Testing (Testing)\\TS -PT PART 3\\10 NPP Support Action on Completed Ref\\20220623_184233\\1656015811077.png]]

2022-06-23 22:23:31 - [TEST_STEP][PASSED] - setText(findTestObject("1. Constant/xpath", ["xpath":"//*[@id="var_103"]"]), "SAP Designation test > https://www.google.com/"): Text 'SAP Designation test > https://www.google.com/' is set on object 'Object Repository/1. Constant/xpath'

2022-06-23 22:23:33 - [MESSAGE][PASSED] - Text 'SAP Designation test > https://www.google.com/' is set on object 'Object Repository/1. Constant/xpath'

2022-06-23 22:23:33 - [TEST_STEP][PASSED] - setText(findTestObject("1. Constant/xpath", ["xpath":"//*[@id="var_139"]"]), "Claim Substantiation Project Link > https://www.google.com/"): Text 'Claim Substantiation Project Link > https://www.google.com/' is set on object 'Object Repository/1. Constant/xpath'

2022-06-23 22:23:34 - [MESSAGE][PASSED] - Text 'Claim Substantiation Project Link > https://www.google.com/' is set on object 'Object Repository/1. Constant/xpath'

2022-06-23 22:23:34 - [TEST_STEP][PASSED] - setText(findTestObject("1. Constant/xpath", ["xpath":"//*[@id="var_160"]"]), "Grading standard link > test"): Text 'Grading standard link > test' is set on object 'Object Repository/1. Constant/xpath'

2022-06-23 22:23:37 - [MESSAGE][PASSED] - Text 'Grading standard link > test' is set on object 'Object Repository/1. Constant/xpath'

2022-06-23 22:23:37 - [TEST_STEP][PASSED] - scrollToElement(findTestObject("1. Constant/xpath", ["xpath":"//*[@id="var_90"]"]), 10, OPTIONAL): Scroll to object 'Object Repository/1. Constant/xpath' successfully

2022-06-23 22:23:38 - [MESSAGE][PASSED] - Scroll to object 'Object Repository/1. Constant/xpath' successfully

2022-06-23 22:23:38 - [TEST_STEP][PASSED] - setText(findTestObject("1. Constant/xpath", ["xpath":"//*[@id="var_90"]"]), "Project name > test"): Text 'Project name > test' is set on object 'Object Repository/1. Constant/xpath'

2022-06-23 22:23:39 - [MESSAGE][PASSED] - Text 'Project name > test' is set on object 'Object Repository/1. Constant/xpath'

2022-06-23 22:23:39 - [TEST_STEP][PASSED] - setText(findTestObject("1. Constant/xpath", ["xpath":"//*[@id="var_62"]"]), "DPET > test"): Text 'DPET > test' is set on object 'Object Repository/1. Constant/xpath'

2022-06-23 22:23:41 - [MESSAGE][PASSED] - Text 'DPET > test' is set on object 'Object Repository/1. Constant/xpath'

2022-06-23 22:23:41 - [TEST_STEP][PASSED] - I.select_multiplelist("//*[@id="selSource_73"]", "//*[@id="btnAdd_73"]", "3147"): Delayed 1 second(s)

2022-06-23 22:23:42 - [MESSAGE][PASSED] - Delayed 1 second(s)

2022-06-23 22:23:44 - [MESSAGE][PASSED] - All options with value '3147' are selected in object 'Object Repository/1. Constant/xpath' 

2022-06-23 22:23:46 - [MESSAGE][PASSED] - Delayed 2 second(s)

2022-06-23 22:23:47 - [MESSAGE][PASSED] - Object: 'Object Repository/1. Constant/xpath' is clicked on

2022-06-23 22:23:48 - [MESSAGE][PASSED] - Delayed 1 second(s)

2022-06-23 22:23:48 - [TEST_STEP][PASSED] - takeScreenshot(): Taking screenshot successfully

2022-06-23 22:23:50 - [MESSAGE][PASSED] - Taking screenshot successfully
[[ATTACHMENT|D:\\Projet Test Auto\\Mediabox Test Automation\\Reports\\20220623_184212\\03. Parallel Testing (Testing)\\TS -PT PART 3\\10 NPP Support Action on Completed Ref\\20220623_184233\\1656015829466.png]]

2022-06-23 22:23:50 - [TEST_STEP][PASSED] - scrollToElement(findTestObject("1. Constant/xpath", ["xpath":"//*[@id="var_82"]"]), 10, OPTIONAL): Scroll to object 'Object Repository/1. Constant/xpath' successfully

2022-06-23 22:23:50 - [MESSAGE][PASSED] - Scroll to object 'Object Repository/1. Constant/xpath' successfully

2022-06-23 22:23:50 - [TEST_STEP][PASSED] - I.SelectFromList_Value("//*[@id="var_82"]", "agaudin"): Delayed 2 second(s)

2022-06-23 22:23:51 - [MESSAGE][PASSED] - All options with value 'agaudin' are selected in object 'Object Repository/1. Constant/xpath' 

2022-06-23 22:23:53 - [MESSAGE][PASSED] - Delayed 2 second(s)

2022-06-23 22:23:53 - [TEST_STEP][PASSED] - I.SelectFromList_Value("//*[@id="var_74"]", "afrappaz"): Delayed 2 second(s)

2022-06-23 22:23:53 - [MESSAGE][PASSED] - All options with value 'afrappaz' are selected in object 'Object Repository/1. Constant/xpath' 

2022-06-23 22:23:55 - [MESSAGE][PASSED] - Delayed 2 second(s)

2022-06-23 22:23:55 - [TEST_STEP][PASSED] - I.SelectFromList_Value("//*[@id="selSource_168"]", "cdemonchy"): Delayed 2 second(s)

2022-06-23 22:23:57 - [MESSAGE][PASSED] - All options with value 'cdemonchy' are selected in object 'Object Repository/1. Constant/xpath' 

2022-06-23 22:23:59 - [MESSAGE][PASSED] - Delayed 2 second(s)

2022-06-23 22:23:59 - [TEST_STEP][PASSED] - I.SelectFromList_Value("//*[@id="selSource_168"]", "alarkins"): Delayed 2 second(s)

2022-06-23 22:24:03 - [MESSAGE][PASSED] - All options with value 'alarkins' are selected in object 'Object Repository/1. Constant/xpath' 

2022-06-23 22:24:05 - [MESSAGE][PASSED] - Delayed 2 second(s)

2022-06-23 22:24:05 - [TEST_STEP][PASSED] - I.select_multiplelist("//*[@id="selSource_168"]", "//*[@id="btnAdd_168"]", "abrazhnikovapx"): Delayed 1 second(s)

2022-06-23 22:24:06 - [MESSAGE][PASSED] - Delayed 1 second(s)

2022-06-23 22:24:07 - [MESSAGE][PASSED] - All options with value 'abrazhnikovapx' are selected in object 'Object Repository/1. Constant/xpath' 

2022-06-23 22:24:09 - [MESSAGE][PASSED] - Delayed 2 second(s)

2022-06-23 22:24:10 - [MESSAGE][PASSED] - Object: 'Object Repository/1. Constant/xpath' is clicked on

2022-06-23 22:24:11 - [MESSAGE][PASSED] - Delayed 1 second(s)

2022-06-23 22:24:11 - [TEST_STEP][PASSED] - delay(1): Delayed 1 second(s)

2022-06-23 22:24:12 - [MESSAGE][PASSED] - Delayed 1 second(s)

2022-06-23 22:24:12 - [TEST_STEP][PASSED] - I.SelectFromList_Value("//*[@id="var_60"]", "asvegaardd2d"): Delayed 2 second(s)

2022-06-23 22:24:13 - [MESSAGE][PASSED] - All options with value 'asvegaardd2d' are selected in object 'Object Repository/1. Constant/xpath' 

2022-06-23 22:24:15 - [MESSAGE][PASSED] - Delayed 2 second(s)

2022-06-23 22:24:15 - [TEST_STEP][PASSED] - I.SelectFromList_Value("//*[@id="var_102"]", "aserment"): Delayed 2 second(s)

2022-06-23 22:24:16 - [MESSAGE][PASSED] - All options with value 'aserment' are selected in object 'Object Repository/1. Constant/xpath' 

2022-06-23 22:24:18 - [MESSAGE][PASSED] - Delayed 2 second(s)

2022-06-23 22:24:18 - [TEST_STEP][PASSED] - I.SelectFromList_Value("//*[@id="var_63"]", "asavreux"): Delayed 2 second(s)

2022-06-23 22:24:19 - [MESSAGE][PASSED] - All options with value 'asavreux' are selected in object 'Object Repository/1. Constant/xpath' 

2022-06-23 22:24:21 - [MESSAGE][PASSED] - Delayed 2 second(s)

2022-06-23 22:24:21 - [TEST_STEP][PASSED] - I.SelectFromList_Value("//*[@id="var_161"]", "achaves"): Delayed 2 second(s)

2022-06-23 22:24:23 - [MESSAGE][PASSED] - All options with value 'achaves' are selected in object 'Object Repository/1. Constant/xpath' 

2022-06-23 22:24:25 - [MESSAGE][PASSED] - Delayed 2 second(s)

2022-06-23 22:24:25 - [TEST_STEP][PASSED] - takeScreenshot(): Taking screenshot successfully

2022-06-23 22:24:25 - [MESSAGE][PASSED] - Taking screenshot successfully
[[ATTACHMENT|D:\\Projet Test Auto\\Mediabox Test Automation\\Reports\\20220623_184212\\03. Parallel Testing (Testing)\\TS -PT PART 3\\10 NPP Support Action on Completed Ref\\20220623_184233\\1656015865433.png]]

2022-06-23 22:24:25 - [TEST_STEP][PASSED] - scrollToElement(findTestObject("1. Constant/xpath", ["xpath":"//*[@id="var_143"]"]), 10, OPTIONAL): Scroll to object 'Object Repository/1. Constant/xpath' successfully

2022-06-23 22:24:26 - [MESSAGE][PASSED] - Scroll to object 'Object Repository/1. Constant/xpath' successfully

2022-06-23 22:24:26 - [TEST_STEP][PASSED] - I.select_multiplelist("//*[@id="selSource_79"]", "//*[@id="btnAdd_79"]", "1730"): Delayed 1 second(s)

2022-06-23 22:24:27 - [MESSAGE][PASSED] - Delayed 1 second(s)

2022-06-23 22:24:28 - [MESSAGE][PASSED] - All options with value '1730' are selected in object 'Object Repository/1. Constant/xpath' 

2022-06-23 22:24:30 - [MESSAGE][PASSED] - Delayed 2 second(s)

2022-06-23 22:24:31 - [MESSAGE][PASSED] - Object: 'Object Repository/1. Constant/xpath' is clicked on

2022-06-23 22:24:32 - [MESSAGE][PASSED] - Delayed 1 second(s)

2022-06-23 22:24:32 - [TEST_STEP][PASSED] - I.SelectFromList_Value("//*[@id="selSource_78"]", "1752"): Delayed 2 second(s)

2022-06-23 22:24:33 - [MESSAGE][PASSED] - All options with value '1752' are selected in object 'Object Repository/1. Constant/xpath' 

2022-06-23 22:24:35 - [MESSAGE][PASSED] - Delayed 2 second(s)

2022-06-23 22:24:35 - [TEST_STEP][PASSED] - I.select_multiplelist("//*[@id="selSource_78"]", "//*[@id="btnAdd_78"]", "1753"): Delayed 1 second(s)

2022-06-23 22:24:36 - [MESSAGE][PASSED] - Delayed 1 second(s)

2022-06-23 22:24:37 - [MESSAGE][PASSED] - All options with value '1753' are selected in object 'Object Repository/1. Constant/xpath' 

2022-06-23 22:24:39 - [MESSAGE][PASSED] - Delayed 2 second(s)

2022-06-23 22:24:41 - [MESSAGE][PASSED] - Object: 'Object Repository/1. Constant/xpath' is clicked on

2022-06-23 22:24:42 - [MESSAGE][PASSED] - Delayed 1 second(s)

2022-06-23 22:24:42 - [TEST_STEP][PASSED] - I.SelectFromList_Value("//*[@id="selSource_104"]", "73"): Delayed 2 second(s)

2022-06-23 22:24:43 - [MESSAGE][PASSED] - All options with value '73' are selected in object 'Object Repository/1. Constant/xpath' 

2022-06-23 22:24:45 - [MESSAGE][PASSED] - Delayed 2 second(s)

2022-06-23 22:24:45 - [TEST_STEP][PASSED] - I.select_multiplelist("//*[@id="selSource_104"]", "//*[@id="btnAdd_104"]", "74"): Delayed 1 second(s)

2022-06-23 22:24:46 - [MESSAGE][PASSED] - Delayed 1 second(s)

2022-06-23 22:24:47 - [MESSAGE][PASSED] - All options with value '74' are selected in object 'Object Repository/1. Constant/xpath' 

2022-06-23 22:24:49 - [MESSAGE][PASSED] - Delayed 2 second(s)

2022-06-23 22:24:50 - [MESSAGE][PASSED] - Object: 'Object Repository/1. Constant/xpath' is clicked on

2022-06-23 22:24:51 - [MESSAGE][PASSED] - Delayed 1 second(s)

2022-06-23 22:24:51 - [TEST_STEP][PASSED] - takeScreenshot(): Taking screenshot successfully

2022-06-23 22:24:52 - [MESSAGE][PASSED] - Taking screenshot successfully
[[ATTACHMENT|D:\\Projet Test Auto\\Mediabox Test Automation\\Reports\\20220623_184212\\03. Parallel Testing (Testing)\\TS -PT PART 3\\10 NPP Support Action on Completed Ref\\20220623_184233\\1656015892163.png]]

2022-06-23 22:24:52 - [TEST_STEP][PASSED] - scrollToElement(findTestObject("1. Constant/xpath", ["xpath":"//*[@id="var_169"]"]), 10, OPTIONAL): Scroll to object 'Object Repository/1. Constant/xpath' successfully

2022-06-23 22:24:53 - [MESSAGE][PASSED] - Scroll to object 'Object Repository/1. Constant/xpath' successfully

2022-06-23 22:24:53 - [TEST_STEP][PASSED] - setText(findTestObject("1. Constant/xpath", ["xpath":"//*[@id="var_169"]"]), "Version History"): Text 'Version History' is set on object 'Object Repository/1. Constant/xpath'

2022-06-23 22:24:56 - [MESSAGE][PASSED] - Text 'Version History' is set on object 'Object Repository/1. Constant/xpath'

2022-06-23 22:24:56 - [TEST_STEP][PASSED] - click(findTestObject("HL Full Lifecycle/7 ModifyRefPage_button_Save")): Object: 'Object Repository/HL Full Lifecycle/7 ModifyRefPage_button_Save' is clicked on

2022-06-23 22:25:04 - [MESSAGE][PASSED] - Object: 'Object Repository/HL Full Lifecycle/7 ModifyRefPage_button_Save' is clicked on

2022-06-23 22:25:04 - [TEST_STEP][PASSED] - delay(1): Delayed 1 second(s)

2022-06-23 22:25:05 - [MESSAGE][PASSED] - Delayed 1 second(s)

2022-06-23 22:25:05 - [TEST_STEP][PASSED] - I.Logout_xpath("//*[@id="kt_header"]/div/div[2]/div[2]/div[1]/div/span/img", "//*[@id="kt_header"]/div/div[2]/div[2]/div[2]/a[2]"): Wait for page load successfully

2022-06-23 22:25:07 - [MESSAGE][PASSED] - Object: 'Object Repository/1. Constant/xpath' is clicked on

2022-06-23 22:25:08 - [MESSAGE][PASSED] - Delayed 1 second(s)

2022-06-23 22:25:18 - [MESSAGE][PASSED] - Object: 'Object Repository/1. Constant/xpath' is clicked on

2022-06-23 22:25:19 - [MESSAGE][PASSED] - Delayed 1 second(s)

2022-06-23 22:25:19 - [MESSAGE][PASSED] - Wait for page load successfully

2022-06-23 22:25:19 - [TEST_STEP][PASSED] - I.Login_password("ncur", password_ncur): Object: 'Object Repository/1. Constant/xpath' is clicked on

2022-06-23 22:25:21 - [MESSAGE][PASSED] - Text 'ncur' is set on object 'Object Repository/1. Constant/xpath'

2022-06-23 22:25:22 - [MESSAGE][PASSED] - Delayed 1 second(s)

2022-06-23 22:25:23 - [MESSAGE][PASSED] - Text 'dchi' is set on object 'Object Repository/1. Constant/xpath'

2022-06-23 22:25:24 - [MESSAGE][PASSED] - Delayed 1 second(s)

2022-06-23 22:25:29 - [MESSAGE][PASSED] - Object: 'Object Repository/1. Constant/xpath' is clicked on

2022-06-23 22:25:29 - [TEST_STEP][PASSED] - click(findTestObject("1. Constant/02_LHSMenu_Projects")): Object: 'Object Repository/1. Constant/02_LHSMenu_Projects' is clicked on

2022-06-23 22:25:48 - [MESSAGE][PASSED] - Object: 'Object Repository/1. Constant/02_LHSMenu_Projects' is clicked on

2022-06-23 22:25:48 - [TEST_STEP][PASSED] - I.SearchProjectNo_xpath(Project_No, "//*[@id="keynum_project"]", "//*[@id="form_filters"]/div[9]/button"): Delayed 5 second(s)

2022-06-23 22:25:49 - [MESSAGE][PASSED] - Delayed 1 second(s)

2022-06-23 22:25:52 - [MESSAGE][PASSED] - Text 'MI001080' is set on object 'Object Repository/1. Constant/xpath'

2022-06-23 22:25:55 - [MESSAGE][PASSED] - Delayed 3 second(s)

2022-06-23 22:25:55 - [MESSAGE][PASSED] - Scroll to object 'Object Repository/1. Constant/xpath' successfully

2022-06-23 22:26:02 - [MESSAGE][PASSED] - Object: 'Object Repository/1. Constant/xpath' is clicked on

2022-06-23 22:26:07 - [MESSAGE][PASSED] - Delayed 5 second(s)

2022-06-23 22:26:07 - [TEST_STEP][PASSED] - delay(2): Delayed 2 second(s)

2022-06-23 22:26:09 - [MESSAGE][PASSED] - Delayed 2 second(s)

2022-06-23 22:26:09 - [TEST_STEP][PASSED] - takeScreenshot(): Taking screenshot successfully

2022-06-23 22:26:10 - [MESSAGE][PASSED] - Taking screenshot successfully
[[ATTACHMENT|D:\\Projet Test Auto\\Mediabox Test Automation\\Reports\\20220623_184212\\03. Parallel Testing (Testing)\\TS -PT PART 3\\10 NPP Support Action on Completed Ref\\20220623_184233\\1656015969521.png]]

2022-06-23 22:26:10 - [TEST_STEP][PASSED] - click(findTestObject("1. Constant/xpath", ["xpath":"//*[@id="fiches"]/table/tbody/tr/td[10]/a[2]"])): Object: 'Object Repository/1. Constant/xpath' is clicked on

2022-06-23 22:26:15 - [MESSAGE][PASSED] - Object: 'Object Repository/1. Constant/xpath' is clicked on

2022-06-23 22:26:15 - [TEST_STEP][PASSED] - delay(1): Delayed 1 second(s)

2022-06-23 22:26:16 - [MESSAGE][PASSED] - Delayed 1 second(s)

2022-06-23 22:26:16 - [TEST_STEP][PASSED] - I.select_multiplelist("//*[@id="selSource_108"]", "//*[@id="btnAdd_108"]", "2344"): Delayed 1 second(s)

2022-06-23 22:26:17 - [MESSAGE][PASSED] - Delayed 1 second(s)

2022-06-23 22:26:19 - [MESSAGE][PASSED] - All options with value '2344' are selected in object 'Object Repository/1. Constant/xpath' 

2022-06-23 22:26:21 - [MESSAGE][PASSED] - Delayed 2 second(s)

2022-06-23 22:26:21 - [MESSAGE][PASSED] - Object: 'Object Repository/1. Constant/xpath' is clicked on

2022-06-23 22:26:22 - [MESSAGE][PASSED] - Delayed 1 second(s)

2022-06-23 22:26:22 - [TEST_STEP][PASSED] - click(findTestObject("1. Constant/xpath", ["xpath":"//*[@id="ModifFiche"]/div[1]/div/button[2]"])): Object: 'Object Repository/1. Constant/xpath' is clicked on

2022-06-23 22:26:28 - [MESSAGE][PASSED] - Object: 'Object Repository/1. Constant/xpath' is clicked on

2022-06-23 22:26:28 - [TEST_STEP][PASSED] - takeScreenshot(): Taking screenshot successfully

2022-06-23 22:26:28 - [MESSAGE][PASSED] - Taking screenshot successfully
[[ATTACHMENT|D:\\Projet Test Auto\\Mediabox Test Automation\\Reports\\20220623_184212\\03. Parallel Testing (Testing)\\TS -PT PART 3\\10 NPP Support Action on Completed Ref\\20220623_184233\\1656015988426.png]]

2022-06-23 22:26:28 - [TEST_STEP][PASSED] - click(findTestObject("1. Constant/xpath", ["xpath":"//*[@id="fiches"]/table/tbody/tr/td[10]/a[2]"])): Object: 'Object Repository/1. Constant/xpath' is clicked on

2022-06-23 22:26:34 - [MESSAGE][PASSED] - Object: 'Object Repository/1. Constant/xpath' is clicked on

2022-06-23 22:26:34 - [TEST_STEP][PASSED] - delay(1): Delayed 1 second(s)

2022-06-23 22:26:35 - [MESSAGE][PASSED] - Delayed 1 second(s)

2022-06-23 22:26:35 - [TEST_STEP][PASSED] - click(findTestObject("1. Constant/xpath", ["xpath":"//*[@id="ModifFiche"]/div[1]/div/button[2]"])): Object: 'Object Repository/1. Constant/xpath' is clicked on

2022-06-23 22:26:44 - [MESSAGE][PASSED] - Object: 'Object Repository/1. Constant/xpath' is clicked on

2022-06-23 22:26:44 - [TEST_STEP][PASSED] - delay(1): Delayed 1 second(s)

2022-06-23 22:26:45 - [MESSAGE][PASSED] - Delayed 1 second(s)

2022-06-23 22:26:45 - [TEST_STEP][PASSED] - click(findTestObject("1. Constant/xpath", ["xpath":"/html/body/div[1]/div[2]/div[4]/div[3]/div/div[2]/div[2]/table/tbody/tr/td[10]/div[2]/button"])): Object: 'Object Repository/1. Constant/xpath' is clicked on

2022-06-23 22:26:46 - [MESSAGE][PASSED] - Object: 'Object Repository/1. Constant/xpath' is clicked on

2022-06-23 22:26:46 - [TEST_STEP][PASSED] - delay(1): Delayed 1 second(s)

2022-06-23 22:26:47 - [MESSAGE][PASSED] - Delayed 1 second(s)

2022-06-23 22:26:47 - [TEST_STEP][PASSED] - click(findTestObject("1. Constant/xpath", ["xpath":"//*[@id="fiches"]/table/tbody/tr/td[10]/div[2]/div/a[1]"])): Object: 'Object Repository/1. Constant/xpath' is clicked on

2022-06-23 22:26:50 - [MESSAGE][PASSED] - Object: 'Object Repository/1. Constant/xpath' is clicked on

2022-06-23 22:26:50 - [TEST_STEP][PASSED] - takeScreenshot(): Taking screenshot successfully

2022-06-23 22:26:50 - [MESSAGE][PASSED] - Taking screenshot successfully
[[ATTACHMENT|D:\\Projet Test Auto\\Mediabox Test Automation\\Reports\\20220623_184212\\03. Parallel Testing (Testing)\\TS -PT PART 3\\10 NPP Support Action on Completed Ref\\20220623_184233\\1656016010496.png]]

2022-06-23 22:26:50 - [TEST_STEP][PASSED] - I.SelectFromList_Value("//*[@id="var_84"]", "akim"): Delayed 2 second(s)

2022-06-23 22:26:51 - [MESSAGE][PASSED] - All options with value 'akim' are selected in object 'Object Repository/1. Constant/xpath' 

2022-06-23 22:26:53 - [MESSAGE][PASSED] - Delayed 2 second(s)

2022-06-23 22:26:53 - [TEST_STEP][PASSED] - click(findTestObject("1. Constant/xpath", ["xpath":"//*[@id="ModifFiche"]/div[1]/div/div"])): Object: 'Object Repository/1. Constant/xpath' is clicked on

2022-06-23 22:26:54 - [MESSAGE][PASSED] - Object: 'Object Repository/1. Constant/xpath' is clicked on

2022-06-23 22:26:54 - [TEST_STEP][PASSED] - delay(1): Delayed 1 second(s)

2022-06-23 22:26:55 - [MESSAGE][PASSED] - Delayed 1 second(s)

2022-06-23 22:26:55 - [TEST_STEP][PASSED] - click(findTestObject("1. Constant/xpath", ["xpath":"//*[@id="ModifFiche"]/div[1]/div/div/div/a[1]"])): Object: 'Object Repository/1. Constant/xpath' is clicked on

2022-06-23 22:27:01 - [MESSAGE][PASSED] - Object: 'Object Repository/1. Constant/xpath' is clicked on

2022-06-23 22:27:01 - [TEST_STEP][PASSED] - delay(2): Delayed 2 second(s)

2022-06-23 22:27:03 - [MESSAGE][PASSED] - Delayed 2 second(s)

2022-06-23 22:27:03 - [TEST_STEP][PASSED] - click(findTestObject("1. Constant/xpath", ["xpath":"//*[@id="fiches"]/table/tbody/tr/td[10]/div[2]/button"])): Object: 'Object Repository/1. Constant/xpath' is clicked on

2022-06-23 22:27:05 - [MESSAGE][PASSED] - Object: 'Object Repository/1. Constant/xpath' is clicked on

2022-06-23 22:27:05 - [TEST_STEP][PASSED] - delay(1): Delayed 1 second(s)

2022-06-23 22:27:06 - [MESSAGE][PASSED] - Delayed 1 second(s)

2022-06-23 22:27:06 - [TEST_STEP][PASSED] - click(findTestObject("1. Constant/xpath", ["xpath":"//*[@id="fiches"]/table/tbody/tr/td[10]/div[2]/div/a[1]"])): Object: 'Object Repository/1. Constant/xpath' is clicked on

2022-06-23 22:27:10 - [MESSAGE][PASSED] - Object: 'Object Repository/1. Constant/xpath' is clicked on

2022-06-23 22:27:10 - [TEST_STEP][PASSED] - takeScreenshot(): Taking screenshot successfully

2022-06-23 22:27:10 - [MESSAGE][PASSED] - Taking screenshot successfully
[[ATTACHMENT|D:\\Projet Test Auto\\Mediabox Test Automation\\Reports\\20220623_184212\\03. Parallel Testing (Testing)\\TS -PT PART 3\\10 NPP Support Action on Completed Ref\\20220623_184233\\1656016030496.png]]

2022-06-23 22:27:10 - [TEST_STEP][PASSED] - I.SelectFromList_Value("//*[@id="var_76"]", "afrappaz"): Delayed 2 second(s)

2022-06-23 22:27:11 - [MESSAGE][PASSED] - All options with value 'afrappaz' are selected in object 'Object Repository/1. Constant/xpath' 

2022-06-23 22:27:13 - [MESSAGE][PASSED] - Delayed 2 second(s)

2022-06-23 22:27:13 - [TEST_STEP][PASSED] - click(findTestObject("1. Constant/xpath", ["xpath":"//*[@id="ModifFiche"]/div[1]/div/div/button"])): Object: 'Object Repository/1. Constant/xpath' is clicked on

2022-06-23 22:27:14 - [MESSAGE][PASSED] - Object: 'Object Repository/1. Constant/xpath' is clicked on

2022-06-23 22:27:14 - [TEST_STEP][PASSED] - delay(1): Delayed 1 second(s)

2022-06-23 22:27:15 - [MESSAGE][PASSED] - Delayed 1 second(s)

2022-06-23 22:27:15 - [TEST_STEP][PASSED] - click(findTestObject("1. Constant/xpath", ["xpath":"//*[@id="ModifFiche"]/div[1]/div/div/div/a[1]"])): Object: 'Object Repository/1. Constant/xpath' is clicked on

2022-06-23 22:27:22 - [MESSAGE][PASSED] - Object: 'Object Repository/1. Constant/xpath' is clicked on

2022-06-23 22:27:22 - [TEST_STEP][PASSED] - delay(2): Delayed 2 second(s)

2022-06-23 22:27:24 - [MESSAGE][PASSED] - Delayed 2 second(s)

2022-06-23 22:27:24 - [TEST_STEP][PASSED] - click(findTestObject("1. Constant/xpath", ["xpath":"//*[@id="fiches"]/table/tbody/tr/td[10]/div[2]/button"])): Object: 'Object Repository/1. Constant/xpath' is clicked on

2022-06-23 22:27:25 - [MESSAGE][PASSED] - Object: 'Object Repository/1. Constant/xpath' is clicked on

2022-06-23 22:27:25 - [TEST_STEP][PASSED] - delay(1): Delayed 1 second(s)

2022-06-23 22:27:26 - [MESSAGE][PASSED] - Delayed 1 second(s)

2022-06-23 22:27:26 - [TEST_STEP][PASSED] - click(findTestObject("1. Constant/xpath", ["xpath":"//*[@id="fiches"]/table/tbody/tr/td[10]/div[2]/div/a[1]"])): Object: 'Object Repository/1. Constant/xpath' is clicked on

2022-06-23 22:27:29 - [MESSAGE][PASSED] - Object: 'Object Repository/1. Constant/xpath' is clicked on

2022-06-23 22:27:29 - [TEST_STEP][PASSED] - takeScreenshot(): Taking screenshot successfully

2022-06-23 22:27:30 - [MESSAGE][PASSED] - Taking screenshot successfully
[[ATTACHMENT|D:\\Projet Test Auto\\Mediabox Test Automation\\Reports\\20220623_184212\\03. Parallel Testing (Testing)\\TS -PT PART 3\\10 NPP Support Action on Completed Ref\\20220623_184233\\1656016049925.png]]

2022-06-23 22:27:30 - [TEST_STEP][PASSED] - delay(1): Delayed 1 second(s)

2022-06-23 22:27:31 - [MESSAGE][PASSED] - Delayed 1 second(s)

2022-06-23 22:27:31 - [TEST_STEP][PASSED] - click(findTestObject("1. Constant/xpath", ["xpath":"//*[@id="ModifFiche"]/div[1]/div/div/button"])): Object: 'Object Repository/1. Constant/xpath' is clicked on

2022-06-23 22:27:31 - [MESSAGE][PASSED] - Object: 'Object Repository/1. Constant/xpath' is clicked on

2022-06-23 22:27:31 - [TEST_STEP][PASSED] - delay(1): Delayed 1 second(s)

2022-06-23 22:27:32 - [MESSAGE][PASSED] - Delayed 1 second(s)

2022-06-23 22:27:32 - [TEST_STEP][PASSED] - click(findTestObject("1. Constant/xpath", ["xpath":"//*[@id="ModifFiche"]/div[1]/div/div/div/a[1]"])): Object: 'Object Repository/1. Constant/xpath' is clicked on

2022-06-23 22:27:41 - [MESSAGE][PASSED] - Object: 'Object Repository/1. Constant/xpath' is clicked on

2022-06-23 22:27:41 - [TEST_STEP][PASSED] - delay(2): Delayed 2 second(s)

2022-06-23 22:27:43 - [MESSAGE][PASSED] - Delayed 2 second(s)

2022-06-23 22:27:43 - [TEST_STEP][PASSED] - click(findTestObject("1. Constant/xpath", ["xpath":"//*[@id="fiches"]/table/tbody/tr/td[10]/div[2]/button"])): Object: 'Object Repository/1. Constant/xpath' is clicked on

2022-06-23 22:27:44 - [MESSAGE][PASSED] - Object: 'Object Repository/1. Constant/xpath' is clicked on

2022-06-23 22:27:44 - [TEST_STEP][PASSED] - delay(1): Delayed 1 second(s)

2022-06-23 22:27:45 - [MESSAGE][PASSED] - Delayed 1 second(s)

2022-06-23 22:27:45 - [TEST_STEP][PASSED] - click(findTestObject("1. Constant/xpath", ["xpath":"//*[@id="fiches"]/table/tbody/tr/td[10]/div[2]/div/a[1]"])): Object: 'Object Repository/1. Constant/xpath' is clicked on

2022-06-23 22:27:48 - [MESSAGE][PASSED] - Object: 'Object Repository/1. Constant/xpath' is clicked on

2022-06-23 22:27:48 - [TEST_STEP][PASSED] - takeScreenshot(): Taking screenshot successfully

2022-06-23 22:27:48 - [MESSAGE][PASSED] - Taking screenshot successfully
[[ATTACHMENT|D:\\Projet Test Auto\\Mediabox Test Automation\\Reports\\20220623_184212\\03. Parallel Testing (Testing)\\TS -PT PART 3\\10 NPP Support Action on Completed Ref\\20220623_184233\\1656016068219.png]]

2022-06-23 22:27:48 - [TEST_STEP][PASSED] - delay(1): Delayed 1 second(s)

2022-06-23 22:27:49 - [MESSAGE][PASSED] - Delayed 1 second(s)

2022-06-23 22:27:49 - [TEST_STEP][PASSED] - I.SelectFromList_Value("//*[@id="var_56"]", "aserment"): Delayed 2 second(s)

2022-06-23 22:27:50 - [MESSAGE][PASSED] - All options with value 'aserment' are selected in object 'Object Repository/1. Constant/xpath' 

2022-06-23 22:27:52 - [MESSAGE][PASSED] - Delayed 2 second(s)

2022-06-23 22:27:52 - [TEST_STEP][PASSED] - click(findTestObject("1. Constant/xpath", ["xpath":"//*[@id="ModifFiche"]/div[1]/div/div/button"])): Object: 'Object Repository/1. Constant/xpath' is clicked on

2022-06-23 22:27:53 - [MESSAGE][PASSED] - Object: 'Object Repository/1. Constant/xpath' is clicked on

2022-06-23 22:27:53 - [TEST_STEP][PASSED] - delay(1): Delayed 1 second(s)

2022-06-23 22:27:54 - [MESSAGE][PASSED] - Delayed 1 second(s)

2022-06-23 22:27:54 - [TEST_STEP][PASSED] - click(findTestObject("1. Constant/xpath", ["xpath":"//*[@id="ModifFiche"]/div[1]/div/div/div/a[1]"])): Object: 'Object Repository/1. Constant/xpath' is clicked on

2022-06-23 22:28:04 - [MESSAGE][PASSED] - Object: 'Object Repository/1. Constant/xpath' is clicked on

2022-06-23 22:28:04 - [TEST_STEP][PASSED] - delay(2): Delayed 2 second(s)

2022-06-23 22:28:06 - [MESSAGE][PASSED] - Delayed 2 second(s)

2022-06-23 22:28:06 - [TEST_STEP][PASSED] - takeScreenshot(): Taking screenshot successfully

2022-06-23 22:28:08 - [MESSAGE][PASSED] - Taking screenshot successfully
[[ATTACHMENT|D:\\Projet Test Auto\\Mediabox Test Automation\\Reports\\20220623_184212\\03. Parallel Testing (Testing)\\TS -PT PART 3\\10 NPP Support Action on Completed Ref\\20220623_184233\\1656016087041.png]]

2022-06-23 22:28:08 - [TEST_STEP][PASSED] - click(findTestObject("1. Constant/xpath", ["xpath":"//*[@id="fiches"]/table/tbody/tr/td[10]/div[1]/button"])): Object: 'Object Repository/1. Constant/xpath' is clicked on

2022-06-23 22:28:09 - [MESSAGE][PASSED] - Object: 'Object Repository/1. Constant/xpath' is clicked on

2022-06-23 22:28:09 - [TEST_STEP][PASSED] - delay(1): Delayed 1 second(s)

2022-06-23 22:28:10 - [MESSAGE][PASSED] - Delayed 1 second(s)

2022-06-23 22:28:10 - [TEST_STEP][PASSED] - click(findTestObject("1. Constant/xpath", ["xpath":"//*[@id="fiches"]/table/tbody/tr/td[10]/div[1]/div/a[2]"])): Object: 'Object Repository/1. Constant/xpath' is clicked on

2022-06-23 22:28:15 - [MESSAGE][PASSED] - Object: 'Object Repository/1. Constant/xpath' is clicked on

2022-06-23 22:28:15 - [TEST_STEP][PASSED] - delay(2): Delayed 2 second(s)

2022-06-23 22:28:17 - [MESSAGE][PASSED] - Delayed 2 second(s)

2022-06-23 22:28:17 - [TEST_STEP][PASSED] - takeScreenshot(): Taking screenshot successfully

2022-06-23 22:28:18 - [MESSAGE][PASSED] - Taking screenshot successfully
[[ATTACHMENT|D:\\Projet Test Auto\\Mediabox Test Automation\\Reports\\20220623_184212\\03. Parallel Testing (Testing)\\TS -PT PART 3\\10 NPP Support Action on Completed Ref\\20220623_184233\\1656016098367.png]]

2022-06-23 22:28:18 - [TEST_STEP][PASSED] - click(findTestObject("1. Constant/xpath", ["xpath":"//*[@id="aff_newfield_zone"]"])): Object: 'Object Repository/1. Constant/xpath' is clicked on

2022-06-23 22:28:19 - [MESSAGE][PASSED] - Object: 'Object Repository/1. Constant/xpath' is clicked on

2022-06-23 22:28:19 - [TEST_STEP][PASSED] - delay(2): Delayed 2 second(s)

2022-06-23 22:28:21 - [MESSAGE][PASSED] - Delayed 2 second(s)

2022-06-23 22:28:21 - [TEST_STEP][PASSED] - I.Pagedown(): Execute JavaScript 'window.scrollTo(0, document.body.scrollHeight)' successfully

2022-06-23 22:28:21 - [MESSAGE][PASSED] - Execute JavaScript 'window.scrollTo(0, document.body.scrollHeight)' successfully

2022-06-23 22:28:21 - [TEST_STEP][PASSED] - I.SelectFromList_Value("//*[@id="type_new"]", "160"): Delayed 2 second(s)

2022-06-23 22:28:25 - [MESSAGE][PASSED] - All options with value '160' are selected in object 'Object Repository/1. Constant/xpath' 

2022-06-23 22:28:27 - [MESSAGE][PASSED] - Delayed 2 second(s)

2022-06-23 22:28:27 - [TEST_STEP][PASSED] - click(findTestObject("1. Constant/xpath", ["xpath":"//*[@id="add_newtranslationfield"]"])): Object: 'Object Repository/1. Constant/xpath' is clicked on

2022-06-23 22:28:30 - [MESSAGE][PASSED] - Object: 'Object Repository/1. Constant/xpath' is clicked on

2022-06-23 22:28:30 - [TEST_STEP][PASSED] - delay(1): Delayed 1 second(s)

2022-06-23 22:28:31 - [MESSAGE][PASSED] - Delayed 1 second(s)

2022-06-23 22:28:31 - [TEST_STEP][PASSED] - I.click_button_javascript(findTestObject("1. Constant/xpath", ["xpath":"//*[@id="ModifFiche"]/div[1]/div[2]/button[2]"])): Execute JavaScript 'arguments[0].click()' successfully

2022-06-23 22:28:42 - [MESSAGE][PASSED] - Execute JavaScript 'arguments[0].click()' successfully

2022-06-23 22:28:42 - [TEST_STEP][PASSED] - delay(3): Delayed 3 second(s)

2022-06-23 22:28:45 - [MESSAGE][PASSED] - Delayed 3 second(s)

2022-06-23 22:28:45 - [TEST_STEP][PASSED] - takeScreenshot(): Taking screenshot successfully

2022-06-23 22:28:46 - [MESSAGE][PASSED] - Taking screenshot successfully
[[ATTACHMENT|D:\\Projet Test Auto\\Mediabox Test Automation\\Reports\\20220623_184212\\03. Parallel Testing (Testing)\\TS -PT PART 3\\10 NPP Support Action on Completed Ref\\20220623_184233\\1656016126069.png]]

2022-06-23 22:28:46 - [TEST_STEP][PASSED] - I.select_multiplelist("//*[@id="selSource_default_target_language"]", "//*[@id="btn_add_default_target_language"]", "EN"): Delayed 1 second(s)

2022-06-23 22:28:47 - [MESSAGE][PASSED] - Delayed 1 second(s)

2022-06-23 22:28:48 - [MESSAGE][PASSED] - All options with value 'EN' are selected in object 'Object Repository/1. Constant/xpath' 

2022-06-23 22:28:50 - [MESSAGE][PASSED] - Delayed 2 second(s)

2022-06-23 22:28:51 - [MESSAGE][PASSED] - Object: 'Object Repository/1. Constant/xpath' is clicked on

2022-06-23 22:28:52 - [MESSAGE][PASSED] - Delayed 1 second(s)

2022-06-23 22:28:52 - [TEST_STEP][PASSED] - delay(2): Delayed 2 second(s)

2022-06-23 22:28:54 - [MESSAGE][PASSED] - Delayed 2 second(s)

2022-06-23 22:28:54 - [TEST_STEP][PASSED] - I.SelectFromList_Value("//*[@id="var_127_128_line_1"]", "2211"): Delayed 2 second(s)

2022-06-23 22:28:55 - [MESSAGE][PASSED] - All options with value '2211' are selected in object 'Object Repository/1. Constant/xpath' 

2022-06-23 22:28:57 - [MESSAGE][PASSED] - Delayed 2 second(s)

2022-06-23 22:28:57 - [TEST_STEP][PASSED] - setText(findTestObject("1. Constant/xpath", ["xpath":"//*[@id="var_72"]"]), "01/12/2021"): Text '01/12/2021' is set on object 'Object Repository/1. Constant/xpath'

2022-06-23 22:29:00 - [MESSAGE][PASSED] - Text '01/12/2021' is set on object 'Object Repository/1. Constant/xpath'

2022-06-23 22:29:00 - [TEST_STEP][PASSED] - delay(2): Delayed 2 second(s)

2022-06-23 22:29:02 - [MESSAGE][PASSED] - Delayed 2 second(s)

2022-06-23 22:29:02 - [TEST_STEP][PASSED] - setText(findTestObject("1. Constant/xpath", ["xpath":"//*[@id="var_116"]"]), "01/12/2021"): Text '01/12/2021' is set on object 'Object Repository/1. Constant/xpath'

2022-06-23 22:29:03 - [MESSAGE][PASSED] - Text '01/12/2021' is set on object 'Object Repository/1. Constant/xpath'

2022-06-23 22:29:03 - [TEST_STEP][PASSED] - delay(1): Delayed 1 second(s)

2022-06-23 22:29:04 - [MESSAGE][PASSED] - Delayed 1 second(s)

2022-06-23 22:29:04 - [TEST_STEP][PASSED] - I.Pagedown(): Execute JavaScript 'window.scrollTo(0, document.body.scrollHeight)' successfully

2022-06-23 22:29:04 - [MESSAGE][PASSED] - Execute JavaScript 'window.scrollTo(0, document.body.scrollHeight)' successfully

2022-06-23 22:29:04 - [TEST_STEP][PASSED] - I.select_multiplelist("//*[@id="selSource_61"]", "//*[@id="btnAdd_61"]", "2147"): Delayed 1 second(s)

2022-06-23 22:29:05 - [MESSAGE][PASSED] - Delayed 1 second(s)

2022-06-23 22:29:08 - [MESSAGE][PASSED] - All options with value '2147' are selected in object 'Object Repository/1. Constant/xpath' 

2022-06-23 22:29:10 - [MESSAGE][PASSED] - Delayed 2 second(s)

2022-06-23 22:29:11 - [MESSAGE][PASSED] - Object: 'Object Repository/1. Constant/xpath' is clicked on

2022-06-23 22:29:12 - [MESSAGE][PASSED] - Delayed 1 second(s)

2022-06-23 22:29:12 - [TEST_STEP][PASSED] - delay(1): Delayed 1 second(s)

2022-06-23 22:29:13 - [MESSAGE][PASSED] - Delayed 1 second(s)

2022-06-23 22:29:13 - [TEST_STEP][PASSED] - takeScreenshot(): Taking screenshot successfully

2022-06-23 22:29:13 - [MESSAGE][PASSED] - Taking screenshot successfully
[[ATTACHMENT|D:\\Projet Test Auto\\Mediabox Test Automation\\Reports\\20220623_184212\\03. Parallel Testing (Testing)\\TS -PT PART 3\\10 NPP Support Action on Completed Ref\\20220623_184233\\1656016153191.png]]

2022-06-23 22:29:13 - [TEST_STEP][PASSED] - I.click_button_javascript(findTestObject("1. Constant/xpath", ["xpath":"//*[@id="ModifFiche"]/div[3]/div/button[2]"])): Execute JavaScript 'arguments[0].click()' successfully

2022-06-23 22:29:26 - [MESSAGE][PASSED] - Execute JavaScript 'arguments[0].click()' successfully

2022-06-23 22:29:26 - [TEST_STEP][PASSED] - delay(1): Delayed 1 second(s)

2022-06-23 22:29:27 - [MESSAGE][PASSED] - Delayed 1 second(s)

2022-06-23 22:29:27 - [TEST_STEP][PASSED] - takeScreenshot(): Taking screenshot successfully

2022-06-23 22:29:28 - [MESSAGE][PASSED] - Taking screenshot successfully
[[ATTACHMENT|D:\\Projet Test Auto\\Mediabox Test Automation\\Reports\\20220623_184212\\03. Parallel Testing (Testing)\\TS -PT PART 3\\10 NPP Support Action on Completed Ref\\20220623_184233\\1656016167651.png]]

2022-06-23 22:29:28 - [TEST_STEP][PASSED] - click(findTestObject("1. Constant/xpath", ["xpath":"/html/body/div[1]/div[2]/div[4]/div[3]/div/div[2]/div[2]/table/tbody/tr[2]/td[10]/a[3]"])): Object: 'Object Repository/1. Constant/xpath' is clicked on

2022-06-23 22:29:35 - [MESSAGE][PASSED] - Object: 'Object Repository/1. Constant/xpath' is clicked on

2022-06-23 22:29:35 - [TEST_STEP][PASSED] - takeScreenshot(): Taking screenshot successfully

2022-06-23 22:29:35 - [MESSAGE][PASSED] - Taking screenshot successfully
[[ATTACHMENT|D:\\Projet Test Auto\\Mediabox Test Automation\\Reports\\20220623_184212\\03. Parallel Testing (Testing)\\TS -PT PART 3\\10 NPP Support Action on Completed Ref\\20220623_184233\\1656016175295.png]]

2022-06-23 22:29:35 - [TEST_STEP][PASSED] - click(findTestObject("1. Constant/xpath", ["xpath":"/html/body/div[1]/div[2]/div[4]/div[3]/div/div[2]/div[2]/table/tbody/tr[2]/td[10]/a[3]"])): Object: 'Object Repository/1. Constant/xpath' is clicked on

2022-06-23 22:29:45 - [MESSAGE][PASSED] - Object: 'Object Repository/1. Constant/xpath' is clicked on

2022-06-23 22:29:45 - [TEST_STEP][PASSED] - delay(1): Delayed 1 second(s)

2022-06-23 22:29:46 - [MESSAGE][PASSED] - Delayed 1 second(s)

2022-06-23 22:29:46 - [TEST_STEP][PASSED] - click(findTestObject("1. Constant/xpath", ["xpath":"/html/body/div[1]/div[2]/div[4]/div[3]/div/div[2]/div[2]/table/tbody/tr[2]/td[5]/a"])): Object: 'Object Repository/1. Constant/xpath' is clicked on

2022-06-23 22:29:51 - [MESSAGE][PASSED] - Object: 'Object Repository/1. Constant/xpath' is clicked on

2022-06-23 22:29:51 - [TEST_STEP][PASSED] - click(findTestObject("1. Constant/xpath", ["xpath":"//*[@id="kt_content"]/div[3]/div/ul/li[3]/a"])): Object: 'Object Repository/1. Constant/xpath' is clicked on

2022-06-23 22:29:55 - [MESSAGE][PASSED] - Object: 'Object Repository/1. Constant/xpath' is clicked on

2022-06-23 22:29:55 - [TEST_STEP][PASSED] - delay(1): Delayed 1 second(s)

2022-06-23 22:29:56 - [MESSAGE][PASSED] - Delayed 1 second(s)

2022-06-23 22:29:56 - [TEST_STEP][PASSED] - click(findTestObject("1. Constant/xpath", ["xpath":"/html/body/div[1]/div[2]/div[8]/div[3]/div/div[3]/div[3]/div/ul/li/a"])): Object: 'Object Repository/1. Constant/xpath' is clicked on

2022-06-23 22:29:58 - [MESSAGE][PASSED] - Object: 'Object Repository/1. Constant/xpath' is clicked on

2022-06-23 22:29:58 - [TEST_STEP][PASSED] - delay(1): Delayed 1 second(s)

2022-06-23 22:29:59 - [MESSAGE][PASSED] - Delayed 1 second(s)

2022-06-23 22:29:59 - [TEST_STEP][PASSED] - takeScreenshot(): Taking screenshot successfully

2022-06-23 22:30:00 - [MESSAGE][PASSED] - Taking screenshot successfully
[[ATTACHMENT|D:\\Projet Test Auto\\Mediabox Test Automation\\Reports\\20220623_184212\\03. Parallel Testing (Testing)\\TS -PT PART 3\\10 NPP Support Action on Completed Ref\\20220623_184233\\1656016199754.png]]

2022-06-23 22:30:00 - [TEST_STEP][PASSED] - click(findTestObject("1. Constant/xpath", ["xpath":"/html/body/div[1]/div[2]/div[8]/div[3]/div/div[3]/div[3]/div/div/div/div/div[3]/div/div[1]/div[2]/div/button"])): Object: 'Object Repository/1. Constant/xpath' is clicked on

2022-06-23 22:30:01 - [MESSAGE][PASSED] - Object: 'Object Repository/1. Constant/xpath' is clicked on

2022-06-23 22:30:01 - [TEST_STEP][PASSED] - delay(3): Delayed 3 second(s)

2022-06-23 22:30:04 - [MESSAGE][PASSED] - Delayed 3 second(s)

2022-06-23 22:30:04 - [TEST_STEP][PASSED] - takeScreenshot(): Taking screenshot successfully

2022-06-23 22:30:04 - [MESSAGE][PASSED] - Taking screenshot successfully
[[ATTACHMENT|D:\\Projet Test Auto\\Mediabox Test Automation\\Reports\\20220623_184212\\03. Parallel Testing (Testing)\\TS -PT PART 3\\10 NPP Support Action on Completed Ref\\20220623_184233\\1656016204235.png]]

2022-06-23 22:30:04 - [TEST_STEP][PASSED] - x = 20: null

2022-06-23 22:30:04 - [TEST_STEP][PASSED] - i = 1: null

2022-06-23 22:30:04 - [TEST_STEP][PASSED] - while (i <= x): null

2022-06-23 22:30:04 - [TEST_STEP][PASSED] - Expected_SAS_Selected = "Reset to Agency translation": null

2022-06-23 22:30:04 - [TEST_STEP][PASSED] - xpath_SAS = "/html/body/div[1]/div[2]/div[8]/div[3]/div/div[3]/div[3]/div/div/div/div/div[3]/div/div[1]/div[2]/div/div/a[" + i + "]": null

2022-06-23 22:30:04 - [TEST_STEP][PASSED] - Actual_SAS = getText(findTestObject("1. Constant/xpath", ["xpath":xpath_SAS])): Text of object 'Object Repository/1. Constant/xpath' is: 'Reset to MKT translation'

2022-06-23 22:30:05 - [MESSAGE][PASSED] - Text of object 'Object Repository/1. Constant/xpath' is: 'Reset to MKT translation'

2022-06-23 22:30:05 - [TEST_STEP][PASSED] - I.print(i): null

2022-06-23 22:30:05 - [TEST_STEP][PASSED] - if (Actual_SAS.contains(Expected_SAS_Selected)): null

2022-06-23 22:30:05 - [TEST_STEP][PASSED] - i = i + 1: null

2022-06-23 22:30:05 - [TEST_STEP][PASSED] - Expected_SAS_Selected = "Reset to Agency translation": null

2022-06-23 22:30:05 - [TEST_STEP][PASSED] - xpath_SAS = "/html/body/div[1]/div[2]/div[8]/div[3]/div/div[3]/div[3]/div/div/div/div/div[3]/div/div[1]/div[2]/div/div/a[" + i + "]": null

2022-06-23 22:30:05 - [TEST_STEP][PASSED] - Actual_SAS = getText(findTestObject("1. Constant/xpath", ["xpath":xpath_SAS])): Text of object 'Object Repository/1. Constant/xpath' is: 'Reset to Agency translation'

2022-06-23 22:30:05 - [MESSAGE][PASSED] - Text of object 'Object Repository/1. Constant/xpath' is: 'Reset to Agency translation'

2022-06-23 22:30:05 - [TEST_STEP][PASSED] - I.print(i): null

2022-06-23 22:30:05 - [TEST_STEP][PASSED] - if (Actual_SAS.contains(Expected_SAS_Selected)): null

2022-06-23 22:30:05 - [TEST_STEP][PASSED] - click(findTestObject("1. Constant/xpath", ["xpath":xpath_SAS])): Object: 'Object Repository/1. Constant/xpath' is clicked on

2022-06-23 22:30:07 - [MESSAGE][PASSED] - Object: 'Object Repository/1. Constant/xpath' is clicked on

2022-06-23 22:30:07 - [TEST_STEP][PASSED] - break: null

2022-06-23 22:30:07 - [TEST_STEP][PASSED] - takeScreenshot(): Taking screenshot successfully

2022-06-23 22:30:08 - [MESSAGE][PASSED] - Taking screenshot successfully
[[ATTACHMENT|D:\\Projet Test Auto\\Mediabox Test Automation\\Reports\\20220623_184212\\03. Parallel Testing (Testing)\\TS -PT PART 3\\10 NPP Support Action on Completed Ref\\20220623_184233\\1656016207549.png]]

2022-06-23 22:30:08 - [TEST_STEP][PASSED] - I.SelectFromList_Value("//*[@id="added_support_action_reason"]", "3"): Delayed 2 second(s)

2022-06-23 22:30:10 - [MESSAGE][PASSED] - All options with value '3' are selected in object 'Object Repository/1. Constant/xpath' 

2022-06-23 22:30:12 - [MESSAGE][PASSED] - Delayed 2 second(s)

2022-06-23 22:30:12 - [TEST_STEP][PASSED] - click(findTestObject("1. Constant/xpath", ["xpath":"//*[@id="modal_support_action_shortcut"]/div/div/div[3]/button[2]"])): Object: 'Object Repository/1. Constant/xpath' is clicked on

2022-06-23 22:30:21 - [MESSAGE][PASSED] - Object: 'Object Repository/1. Constant/xpath' is clicked on

2022-06-23 22:30:21 - [TEST_STEP][PASSED] - delay(1): Delayed 1 second(s)

2022-06-23 22:30:22 - [MESSAGE][PASSED] - Delayed 1 second(s)

2022-06-23 22:30:22 - [TEST_STEP][PASSED] - I.Logout_xpath("//*[@id="kt_header"]/div/div[2]/div[2]/div[1]/div/span/img", "//*[@id="kt_header"]/div/div[2]/div[2]/div[2]"): Wait for page load successfully

2022-06-23 22:30:23 - [MESSAGE][PASSED] - Object: 'Object Repository/1. Constant/xpath' is clicked on

2022-06-23 22:30:24 - [MESSAGE][PASSED] - Delayed 1 second(s)

2022-06-23 22:30:27 - [MESSAGE][PASSED] - Object: 'Object Repository/1. Constant/xpath' is clicked on

2022-06-23 22:30:28 - [MESSAGE][PASSED] - Delayed 1 second(s)

2022-06-23 22:30:29 - [MESSAGE][PASSED] - Wait for page load successfully

2022-06-23 22:30:29 - [TEST_STEP][PASSED] - I.Login_password("lmoodie_mkt", password_lmoodie_mkt): Object: 'Object Repository/1. Constant/xpath' is clicked on

2022-06-23 22:30:31 - [MESSAGE][PASSED] - Text 'lmoodie_mkt' is set on object 'Object Repository/1. Constant/xpath'

2022-06-23 22:30:32 - [MESSAGE][PASSED] - Delayed 1 second(s)

2022-06-23 22:30:32 - [MESSAGE][PASSED] - Text 'dchi' is set on object 'Object Repository/1. Constant/xpath'

2022-06-23 22:30:33 - [MESSAGE][PASSED] - Delayed 1 second(s)

2022-06-23 22:30:38 - [MESSAGE][PASSED] - Object: 'Object Repository/1. Constant/xpath' is clicked on

2022-06-23 22:30:38 - [TEST_STEP][PASSED] - user1_b4 = I.Get_Task_No("//*[@id="kt_header"]/div/div[2]/div[1]/div[1]/span"): Text of object 'Object Repository/1. Constant/xpath' is: '73'

2022-06-23 22:30:39 - [MESSAGE][PASSED] - Text of object 'Object Repository/1. Constant/xpath' is: '73'

2022-06-23 22:30:39 - [TEST_STEP][PASSED] - click(findTestObject("1. Constant/02_LHSMenu_Projects")): Object: 'Object Repository/1. Constant/02_LHSMenu_Projects' is clicked on

2022-06-23 22:30:50 - [MESSAGE][PASSED] - Object: 'Object Repository/1. Constant/02_LHSMenu_Projects' is clicked on

2022-06-23 22:30:50 - [TEST_STEP][PASSED] - I.SearchProjectNo_xpath(Project_No, "//*[@id="keynum_project"]", "//*[@id="form_filters"]/div[20]/button"): Delayed 5 second(s)

2022-06-23 22:30:51 - [MESSAGE][PASSED] - Delayed 1 second(s)

2022-06-23 22:30:53 - [MESSAGE][PASSED] - Text 'MI001080' is set on object 'Object Repository/1. Constant/xpath'

2022-06-23 22:30:56 - [MESSAGE][PASSED] - Delayed 3 second(s)

2022-06-23 22:30:57 - [MESSAGE][PASSED] - Scroll to object 'Object Repository/1. Constant/xpath' successfully

2022-06-23 22:31:02 - [MESSAGE][PASSED] - Object: 'Object Repository/1. Constant/xpath' is clicked on

2022-06-23 22:31:07 - [MESSAGE][PASSED] - Delayed 5 second(s)

2022-06-23 22:31:07 - [TEST_STEP][PASSED] - delay(2): Delayed 2 second(s)

2022-06-23 22:31:09 - [MESSAGE][PASSED] - Delayed 2 second(s)

2022-06-23 22:31:09 - [TEST_STEP][PASSED] - takeScreenshot(): Taking screenshot successfully

2022-06-23 22:31:10 - [MESSAGE][PASSED] - Taking screenshot successfully
[[ATTACHMENT|D:\\Projet Test Auto\\Mediabox Test Automation\\Reports\\20220623_184212\\03. Parallel Testing (Testing)\\TS -PT PART 3\\10 NPP Support Action on Completed Ref\\20220623_184233\\1656016269660.png]]

2022-06-23 22:31:10 - [TEST_STEP][PASSED] - click(findTestObject("1. Constant/xpath", ["xpath":"/html/body/div[1]/div[2]/div[4]/div[3]/div/div[2]/div[2]/table/tbody/tr[2]/td[12]/a[2]"])): Object: 'Object Repository/1. Constant/xpath' is clicked on

2022-06-23 22:31:15 - [MESSAGE][PASSED] - Object: 'Object Repository/1. Constant/xpath' is clicked on

2022-06-23 22:31:15 - [TEST_STEP][PASSED] - delay(1): Delayed 1 second(s)

2022-06-23 22:31:16 - [MESSAGE][PASSED] - Delayed 1 second(s)

2022-06-23 22:31:16 - [TEST_STEP][PASSED] - takeScreenshot(): Taking screenshot successfully

2022-06-23 22:31:17 - [MESSAGE][PASSED] - Taking screenshot successfully
[[ATTACHMENT|D:\\Projet Test Auto\\Mediabox Test Automation\\Reports\\20220623_184212\\03. Parallel Testing (Testing)\\TS -PT PART 3\\10 NPP Support Action on Completed Ref\\20220623_184233\\1656016276993.png]]

2022-06-23 22:31:17 - [TEST_STEP][PASSED] - user1_a4 = I.Get_Task_No("//*[@id="kt_header"]/div/div[2]/div[1]/div[1]/span"): Text of object 'Object Repository/1. Constant/xpath' is: '72'

2022-06-23 22:31:18 - [MESSAGE][PASSED] - Text of object 'Object Repository/1. Constant/xpath' is: '72'

2022-06-23 22:31:18 - [TEST_STEP][PASSED] - verifyEqual(user1_a4, user1_b4 - 1): Actual object '72' and expected object '72' are equal

2022-06-23 22:31:18 - [MESSAGE][PASSED] - Actual object '72' and expected object '72' are equal

2022-06-23 22:31:18 - [TEST_STEP][PASSED] - closeBrowser(): Browser is closed

2022-06-23 22:31:24 - [MESSAGE][PASSED] - Browser is closed

2022-06-23 22:31:24 - [TEST_STEP][PASSED] - Start listener action : sampleAfterTestCase: null]]></system-out>
         <system-err><![CDATA[]]></system-err>
      </testcase>
      <system-out><![CDATA[2022-06-23 21:56:57 - [TEST_SUITE][PASSED] - 10 NPP Support Action on Completed Ref: Test Cases/16 Support action (Completed ref)/16.10 NPP SAS translation - Reset Agency (Not completed ref) S7]]></system-out>
      <system-err><![CDATA[]]></system-err>
   </testsuite>
</testsuites>
