<?xml version="1.0" encoding="UTF-8"?>
<testsuites name="10 NPP Support Action on Completed Ref" time="1584.478" tests="3" failures="0" errors="0">
   <testsuite name="10 NPP Support Action on Completed Ref" tests="3" failures="0" errors="0" time="1584.478" skipped="0" timestamp="2022-06-09 20:07:47" hostname="lamhe - DPF-MBI-VERIF.ad.sgsco.int" id="Test Suites/03. Parallel Testing (Testing)/TS -PT PART 3/10 NPP Support Action on Completed Ref">
      <properties>
         <property name="deviceName" value=""/>
         <property name="devicePlatform" value=""/>
         <property name="logFolder" value="D:\\Projet Test Auto\\Mediabox Test Automation\\Reports\\20220609_181011\\03. Parallel Testing (Testing)\\TS -PT PART 3\\10 NPP Support Action on Completed Ref\\20220609_181104"/>
         <property name="logFiles" value="D:\\Projet Test Auto\\Mediabox Test Automation\\Reports\\20220609_181011\\03. Parallel Testing (Testing)\\TS -PT PART 3\\10 NPP Support Action on Completed Ref\\20220609_181104\\execution0.log"/>
         <property name="attachments" value="D:\\Projet Test Auto\\Mediabox Test Automation\\Reports\\20220609_181011\\03. Parallel Testing (Testing)\\TS -PT PART 3\\10 NPP Support Action on Completed Ref\\20220609_181104\\1654798089440.png, D:\\Projet Test Auto\\Mediabox Test Automation\\Reports\\20220609_181011\\03. Parallel Testing (Testing)\\TS -PT PART 3\\10 NPP Support Action on Completed Ref\\20220609_181104\\1654798103495.png, D:\\Projet Test Auto\\Mediabox Test Automation\\Reports\\20220609_181011\\03. Parallel Testing (Testing)\\TS -PT PART 3\\10 NPP Support Action on Completed Ref\\20220609_181104\\1654798121619.png, D:\\Projet Test Auto\\Mediabox Test Automation\\Reports\\20220609_181011\\03. Parallel Testing (Testing)\\TS -PT PART 3\\10 NPP Support Action on Completed Ref\\20220609_181104\\1654798219609.png, D:\\Projet Test Auto\\Mediabox Test Automation\\Reports\\20220609_181011\\03. Parallel Testing (Testing)\\TS -PT PART 3\\10 NPP Support Action on Completed Ref\\20220609_181104\\1654798245499.png, D:\\Projet Test Auto\\Mediabox Test Automation\\Reports\\20220609_181011\\03. Parallel Testing (Testing)\\TS -PT PART 3\\10 NPP Support Action on Completed Ref\\20220609_181104\\1654798258443.png, D:\\Projet Test Auto\\Mediabox Test Automation\\Reports\\20220609_181011\\03. Parallel Testing (Testing)\\TS -PT PART 3\\10 NPP Support Action on Completed Ref\\20220609_181104\\1654798266082.png, D:\\Projet Test Auto\\Mediabox Test Automation\\Reports\\20220609_181011\\03. Parallel Testing (Testing)\\TS -PT PART 3\\10 NPP Support Action on Completed Ref\\20220609_181104\\1654798274195.png, D:\\Projet Test Auto\\Mediabox Test Automation\\Reports\\20220609_181011\\03. Parallel Testing (Testing)\\TS -PT PART 3\\10 NPP Support Action on Completed Ref\\20220609_181104\\1654798293409.png, D:\\Projet Test Auto\\Mediabox Test Automation\\Reports\\20220609_181011\\03. Parallel Testing (Testing)\\TS -PT PART 3\\10 NPP Support Action on Completed Ref\\20220609_181104\\1654798347112.png, D:\\Projet Test Auto\\Mediabox Test Automation\\Reports\\20220609_181011\\03. Parallel Testing (Testing)\\TS -PT PART 3\\10 NPP Support Action on Completed Ref\\20220609_181104\\1654798362128.png, D:\\Projet Test Auto\\Mediabox Test Automation\\Reports\\20220609_181011\\03. Parallel Testing (Testing)\\TS -PT PART 3\\10 NPP Support Action on Completed Ref\\20220609_181104\\1654798377858.png, D:\\Projet Test Auto\\Mediabox Test Automation\\Reports\\20220609_181011\\03. Parallel Testing (Testing)\\TS -PT PART 3\\10 NPP Support Action on Completed Ref\\20220609_181104\\1654798395106.png, D:\\Projet Test Auto\\Mediabox Test Automation\\Reports\\20220609_181011\\03. Parallel Testing (Testing)\\TS -PT PART 3\\10 NPP Support Action on Completed Ref\\20220609_181104\\1654798417907.png, D:\\Projet Test Auto\\Mediabox Test Automation\\Reports\\20220609_181011\\03. Parallel Testing (Testing)\\TS -PT PART 3\\10 NPP Support Action on Completed Ref\\20220609_181104\\1654798443683.png, D:\\Projet Test Auto\\Mediabox Test Automation\\Reports\\20220609_181011\\03. Parallel Testing (Testing)\\TS -PT PART 3\\10 NPP Support Action on Completed Ref\\20220609_181104\\1654798465859.png, D:\\Projet Test Auto\\Mediabox Test Automation\\Reports\\20220609_181011\\03. Parallel Testing (Testing)\\TS -PT PART 3\\10 NPP Support Action on Completed Ref\\20220609_181104\\1654798483699.png, D:\\Projet Test Auto\\Mediabox Test Automation\\Reports\\20220609_181011\\03. Parallel Testing (Testing)\\TS -PT PART 3\\10 NPP Support Action on Completed Ref\\20220609_181104\\1654798512920.png, D:\\Projet Test Auto\\Mediabox Test Automation\\Reports\\20220609_181011\\03. Parallel Testing (Testing)\\TS -PT PART 3\\10 NPP Support Action on Completed Ref\\20220609_181104\\1654798538679.png, D:\\Projet Test Auto\\Mediabox Test Automation\\Reports\\20220609_181011\\03. Parallel Testing (Testing)\\TS -PT PART 3\\10 NPP Support Action on Completed Ref\\20220609_181104\\1654798587544.png, D:\\Projet Test Auto\\Mediabox Test Automation\\Reports\\20220609_181011\\03. Parallel Testing (Testing)\\TS -PT PART 3\\10 NPP Support Action on Completed Ref\\20220609_181104\\1654798600730.png, D:\\Projet Test Auto\\Mediabox Test Automation\\Reports\\20220609_181011\\03. Parallel Testing (Testing)\\TS -PT PART 3\\10 NPP Support Action on Completed Ref\\20220609_181104\\1654798611493.png, D:\\Projet Test Auto\\Mediabox Test Automation\\Reports\\20220609_181011\\03. Parallel Testing (Testing)\\TS -PT PART 3\\10 NPP Support Action on Completed Ref\\20220609_181104\\1654798627091.png, D:\\Projet Test Auto\\Mediabox Test Automation\\Reports\\20220609_181011\\03. Parallel Testing (Testing)\\TS -PT PART 3\\10 NPP Support Action on Completed Ref\\20220609_181104\\1654798729961.png, D:\\Projet Test Auto\\Mediabox Test Automation\\Reports\\20220609_181011\\03. Parallel Testing (Testing)\\TS -PT PART 3\\10 NPP Support Action on Completed Ref\\20220609_181104\\1654798740332.png, D:\\Projet Test Auto\\Mediabox Test Automation\\Reports\\20220609_181011\\03. Parallel Testing (Testing)\\TS -PT PART 3\\10 NPP Support Action on Completed Ref\\20220609_181104\\1654798754868.png, D:\\Projet Test Auto\\Mediabox Test Automation\\Reports\\20220609_181011\\03. Parallel Testing (Testing)\\TS -PT PART 3\\10 NPP Support Action on Completed Ref\\20220609_181104\\1654798765912.png, D:\\Projet Test Auto\\Mediabox Test Automation\\Reports\\20220609_181011\\03. Parallel Testing (Testing)\\TS -PT PART 3\\10 NPP Support Action on Completed Ref\\20220609_181104\\1654798773873.png, D:\\Projet Test Auto\\Mediabox Test Automation\\Reports\\20220609_181011\\03. Parallel Testing (Testing)\\TS -PT PART 3\\10 NPP Support Action on Completed Ref\\20220609_181104\\1654798799293.png, D:\\Projet Test Auto\\Mediabox Test Automation\\Reports\\20220609_181011\\03. Parallel Testing (Testing)\\TS -PT PART 3\\10 NPP Support Action on Completed Ref\\20220609_181104\\1654798852864.png, D:\\Projet Test Auto\\Mediabox Test Automation\\Reports\\20220609_181011\\03. Parallel Testing (Testing)\\TS -PT PART 3\\10 NPP Support Action on Completed Ref\\20220609_181104\\1654798872808.png, D:\\Projet Test Auto\\Mediabox Test Automation\\Reports\\20220609_181011\\03. Parallel Testing (Testing)\\TS -PT PART 3\\10 NPP Support Action on Completed Ref\\20220609_181104\\1654798888993.png, D:\\Projet Test Auto\\Mediabox Test Automation\\Reports\\20220609_181011\\03. Parallel Testing (Testing)\\TS -PT PART 3\\10 NPP Support Action on Completed Ref\\20220609_181104\\1654798903330.png, D:\\Projet Test Auto\\Mediabox Test Automation\\Reports\\20220609_181011\\03. Parallel Testing (Testing)\\TS -PT PART 3\\10 NPP Support Action on Completed Ref\\20220609_181104\\1654798919852.png, D:\\Projet Test Auto\\Mediabox Test Automation\\Reports\\20220609_181011\\03. Parallel Testing (Testing)\\TS -PT PART 3\\10 NPP Support Action on Completed Ref\\20220609_181104\\1654798937212.png, D:\\Projet Test Auto\\Mediabox Test Automation\\Reports\\20220609_181011\\03. Parallel Testing (Testing)\\TS -PT PART 3\\10 NPP Support Action on Completed Ref\\20220609_181104\\1654798956452.png, D:\\Projet Test Auto\\Mediabox Test Automation\\Reports\\20220609_181011\\03. Parallel Testing (Testing)\\TS -PT PART 3\\10 NPP Support Action on Completed Ref\\20220609_181104\\1654798963168.png, D:\\Projet Test Auto\\Mediabox Test Automation\\Reports\\20220609_181011\\03. Parallel Testing (Testing)\\TS -PT PART 3\\10 NPP Support Action on Completed Ref\\20220609_181104\\1654798989267.png, D:\\Projet Test Auto\\Mediabox Test Automation\\Reports\\20220609_181011\\03. Parallel Testing (Testing)\\TS -PT PART 3\\10 NPP Support Action on Completed Ref\\20220609_181104\\1654799010317.png, D:\\Projet Test Auto\\Mediabox Test Automation\\Reports\\20220609_181011\\03. Parallel Testing (Testing)\\TS -PT PART 3\\10 NPP Support Action on Completed Ref\\20220609_181104\\1654799020765.png, D:\\Projet Test Auto\\Mediabox Test Automation\\Reports\\20220609_181011\\03. Parallel Testing (Testing)\\TS -PT PART 3\\10 NPP Support Action on Completed Ref\\20220609_181104\\1654799031438.png, D:\\Projet Test Auto\\Mediabox Test Automation\\Reports\\20220609_181011\\03. Parallel Testing (Testing)\\TS -PT PART 3\\10 NPP Support Action on Completed Ref\\20220609_181104\\1654799035249.png, D:\\Projet Test Auto\\Mediabox Test Automation\\Reports\\20220609_181011\\03. Parallel Testing (Testing)\\TS -PT PART 3\\10 NPP Support Action on Completed Ref\\20220609_181104\\1654799050155.png, D:\\Projet Test Auto\\Mediabox Test Automation\\Reports\\20220609_181011\\03. Parallel Testing (Testing)\\TS -PT PART 3\\10 NPP Support Action on Completed Ref\\20220609_181104\\1654799065419.png, D:\\Projet Test Auto\\Mediabox Test Automation\\Reports\\20220609_181011\\03. Parallel Testing (Testing)\\TS -PT PART 3\\10 NPP Support Action on Completed Ref\\20220609_181104\\1654799089687.png, D:\\Projet Test Auto\\Mediabox Test Automation\\Reports\\20220609_181011\\03. Parallel Testing (Testing)\\TS -PT PART 3\\10 NPP Support Action on Completed Ref\\20220609_181104\\1654799091062.png, D:\\Projet Test Auto\\Mediabox Test Automation\\Reports\\20220609_181011\\03. Parallel Testing (Testing)\\TS -PT PART 3\\10 NPP Support Action on Completed Ref\\20220609_181104\\1654799103554.png, D:\\Projet Test Auto\\Mediabox Test Automation\\Reports\\20220609_181011\\03. Parallel Testing (Testing)\\TS -PT PART 3\\10 NPP Support Action on Completed Ref\\20220609_181104\\1654799114210.png, D:\\Projet Test Auto\\Mediabox Test Automation\\Reports\\20220609_181011\\03. Parallel Testing (Testing)\\TS -PT PART 3\\10 NPP Support Action on Completed Ref\\20220609_181104\\1654799129425.png, D:\\Projet Test Auto\\Mediabox Test Automation\\Reports\\20220609_181011\\03. Parallel Testing (Testing)\\TS -PT PART 3\\10 NPP Support Action on Completed Ref\\20220609_181104\\1654799145631.png, D:\\Projet Test Auto\\Mediabox Test Automation\\Reports\\20220609_181011\\03. Parallel Testing (Testing)\\TS -PT PART 3\\10 NPP Support Action on Completed Ref\\20220609_181104\\1654799261691.png, D:\\Projet Test Auto\\Mediabox Test Automation\\Reports\\20220609_181011\\03. Parallel Testing (Testing)\\TS -PT PART 3\\10 NPP Support Action on Completed Ref\\20220609_181104\\1654799275447.png, D:\\Projet Test Auto\\Mediabox Test Automation\\Reports\\20220609_181011\\03. Parallel Testing (Testing)\\TS -PT PART 3\\10 NPP Support Action on Completed Ref\\20220609_181104\\1654799290548.png, D:\\Projet Test Auto\\Mediabox Test Automation\\Reports\\20220609_181011\\03. Parallel Testing (Testing)\\TS -PT PART 3\\10 NPP Support Action on Completed Ref\\20220609_181104\\1654799300964.png, D:\\Projet Test Auto\\Mediabox Test Automation\\Reports\\20220609_181011\\03. Parallel Testing (Testing)\\TS -PT PART 3\\10 NPP Support Action on Completed Ref\\20220609_181104\\1654799327249.png, D:\\Projet Test Auto\\Mediabox Test Automation\\Reports\\20220609_181011\\03. Parallel Testing (Testing)\\TS -PT PART 3\\10 NPP Support Action on Completed Ref\\20220609_181104\\1654799348195.png, D:\\Projet Test Auto\\Mediabox Test Automation\\Reports\\20220609_181011\\03. Parallel Testing (Testing)\\TS -PT PART 3\\10 NPP Support Action on Completed Ref\\20220609_181104\\1654799400710.png, D:\\Projet Test Auto\\Mediabox Test Automation\\Reports\\20220609_181011\\03. Parallel Testing (Testing)\\TS -PT PART 3\\10 NPP Support Action on Completed Ref\\20220609_181104\\1654799417122.png, D:\\Projet Test Auto\\Mediabox Test Automation\\Reports\\20220609_181011\\03. Parallel Testing (Testing)\\TS -PT PART 3\\10 NPP Support Action on Completed Ref\\20220609_181104\\1654799437362.png, D:\\Projet Test Auto\\Mediabox Test Automation\\Reports\\20220609_181011\\03. Parallel Testing (Testing)\\TS -PT PART 3\\10 NPP Support Action on Completed Ref\\20220609_181104\\1654799456031.png, D:\\Projet Test Auto\\Mediabox Test Automation\\Reports\\20220609_181011\\03. Parallel Testing (Testing)\\TS -PT PART 3\\10 NPP Support Action on Completed Ref\\20220609_181104\\1654799474997.png, D:\\Projet Test Auto\\Mediabox Test Automation\\Reports\\20220609_181011\\03. Parallel Testing (Testing)\\TS -PT PART 3\\10 NPP Support Action on Completed Ref\\20220609_181104\\1654799492485.png, D:\\Projet Test Auto\\Mediabox Test Automation\\Reports\\20220609_181011\\03. Parallel Testing (Testing)\\TS -PT PART 3\\10 NPP Support Action on Completed Ref\\20220609_181104\\1654799508325.png, D:\\Projet Test Auto\\Mediabox Test Automation\\Reports\\20220609_181011\\03. Parallel Testing (Testing)\\TS -PT PART 3\\10 NPP Support Action on Completed Ref\\20220609_181104\\1654799517107.png, D:\\Projet Test Auto\\Mediabox Test Automation\\Reports\\20220609_181011\\03. Parallel Testing (Testing)\\TS -PT PART 3\\10 NPP Support Action on Completed Ref\\20220609_181104\\1654799540049.png, D:\\Projet Test Auto\\Mediabox Test Automation\\Reports\\20220609_181011\\03. Parallel Testing (Testing)\\TS -PT PART 3\\10 NPP Support Action on Completed Ref\\20220609_181104\\1654799559425.png, D:\\Projet Test Auto\\Mediabox Test Automation\\Reports\\20220609_181011\\03. Parallel Testing (Testing)\\TS -PT PART 3\\10 NPP Support Action on Completed Ref\\20220609_181104\\1654799569312.png, D:\\Projet Test Auto\\Mediabox Test Automation\\Reports\\20220609_181011\\03. Parallel Testing (Testing)\\TS -PT PART 3\\10 NPP Support Action on Completed Ref\\20220609_181104\\1654799577392.png, D:\\Projet Test Auto\\Mediabox Test Automation\\Reports\\20220609_181011\\03. Parallel Testing (Testing)\\TS -PT PART 3\\10 NPP Support Action on Completed Ref\\20220609_181104\\1654799595332.png, D:\\Projet Test Auto\\Mediabox Test Automation\\Reports\\20220609_181011\\03. Parallel Testing (Testing)\\TS -PT PART 3\\10 NPP Support Action on Completed Ref\\20220609_181104\\1654799598909.png, D:\\Projet Test Auto\\Mediabox Test Automation\\Reports\\20220609_181011\\03. Parallel Testing (Testing)\\TS -PT PART 3\\10 NPP Support Action on Completed Ref\\20220609_181104\\1654799599662.png, D:\\Projet Test Auto\\Mediabox Test Automation\\Reports\\20220609_181011\\03. Parallel Testing (Testing)\\TS -PT PART 3\\10 NPP Support Action on Completed Ref\\20220609_181104\\1654799644585.png, D:\\Projet Test Auto\\Mediabox Test Automation\\Reports\\20220609_181011\\03. Parallel Testing (Testing)\\TS -PT PART 3\\10 NPP Support Action on Completed Ref\\20220609_181104\\1654799649970.png"/>
         <property name="hostName" value="lamhe - DPF-MBI-VERIF.ad.sgsco.int"/>
         <property name="os" value="Windows 10 64bit"/>
         <property name="katalonVersion" value="8.3.0.208"/>
         <property name="browser" value="Chrome 102.0.5005.63"/>
         <property name="hostAddress" value="10.15.10.53"/>
         <property name="sessionId" value="bf404ea405d406332f43e17aa44269d4"/>
         <property name="seleniumVersion" value="3.141.59"/>
         <property name="proxyInformation" value="ProxyInformation { proxyOption=NO_PROXY, proxyServerType=HTTP, username=, password=********, proxyServerAddress=, proxyServerPort=0, executionList=&quot;&quot;, isApplyToDesiredCapabilities=true }"/>
         <property name="platform" value="Windows 10"/>
      </properties>
      <testcase name="Test Cases/18. Tag Sephora Npp Starpack Task (Standard_ Question_ Prod)/18.04 Npp Task translation _ change rights" time="524.619" classname="Test Cases/18. Tag Sephora Npp Starpack Task (Standard_ Question_ Prod)/18.04 Npp Task translation _ change rights" status="PASSED">
         <system-out><![CDATA[2022-06-09 20:07:48 - [TEST_CASE][PASSED] - Test Cases/18. Tag Sephora Npp Starpack Task (Standard_ Question_ Prod)/18.04 Npp Task translation _ change rights: Test Cases/18. Tag Sephora Npp Starpack Task (Standard_ Question_ Prod)/18.04 Npp Task translation _ change rights

2022-06-09 20:07:50 - [TEST_STEP][PASSED] - data_Npp = findTestData("Data Files/Username_Password/Npp"): null

2022-06-09 20:07:50 - [TEST_STEP][PASSED] - password_ncur = data_Npp.getValue(2, 1): null

2022-06-09 20:07:50 - [TEST_STEP][PASSED] - password_akim = data_Npp.getValue(2, 2): null

2022-06-09 20:07:50 - [TEST_STEP][PASSED] - password_sschunke = data_Npp.getValue(2, 3): null

2022-06-09 20:07:50 - [TEST_STEP][PASSED] - password_abrazhnikovapx = data_Npp.getValue(2, 4): null

2022-06-09 20:07:50 - [TEST_STEP][PASSED] - password_afrappaz = data_Npp.getValue(2, 5): null

2022-06-09 20:07:50 - [TEST_STEP][PASSED] - password_alarkins = data_Npp.getValue(2, 6): null

2022-06-09 20:07:50 - [TEST_STEP][PASSED] - password_cdemonchy = data_Npp.getValue(2, 7): null

2022-06-09 20:07:50 - [TEST_STEP][PASSED] - password_lmoodie_mkt = data_Npp.getValue(2, 12): null

2022-06-09 20:07:50 - [TEST_STEP][PASSED] - data_urlRELAUTO = findTestData("Data Files/URL/URL_relauto"): null

2022-06-09 20:07:50 - [TEST_STEP][PASSED] - Url_Npp = data_urlRELAUTO.getValue(2, 5): null

2022-06-09 20:07:50 - [TEST_STEP][PASSED] - openBrowser(Url_Npp): Browser is opened with url: ' http://mdb-release.diadeis.lan/MediaboxIndependence/?MBI_datasource=RELTESTAUTO_NPP'

2022-06-09 20:07:51 - [MESSAGE][INFO] - Starting 'Chrome (headless)' driver

2022-06-09 20:07:51 - [MESSAGE][INFO] - User set preference: ['args', '[--window-size=1920,1080, --headless]']

2022-06-09 20:07:51 - [MESSAGE][INFO] - Action delay is set to 0 milliseconds

2022-06-09 20:08:08 - [MESSAGE][PASSED] - Browser is opened with url: ' http://mdb-release.diadeis.lan/MediaboxIndependence/?MBI_datasource=RELTESTAUTO_NPP'

2022-06-09 20:08:08 - [TEST_STEP][PASSED] - maximizeWindow(): Current window maximized

2022-06-09 20:08:08 - [MESSAGE][PASSED] - Current window maximized

2022-06-09 20:08:08 - [TEST_STEP][PASSED] - takeScreenshot(): Taking screenshot successfully

2022-06-09 20:08:10 - [MESSAGE][PASSED] - Taking screenshot successfully
[[ATTACHMENT|D:\\Projet Test Auto\\Mediabox Test Automation\\Reports\\20220609_181011\\03. Parallel Testing (Testing)\\TS -PT PART 3\\10 NPP Support Action on Completed Ref\\20220609_181104\\1654798089440.png]]

2022-06-09 20:08:10 - [TEST_STEP][PASSED] - I.Login_password("akim", password_akim): Object: 'Object Repository/1. Constant/xpath' is clicked on

2022-06-09 20:08:11 - [MESSAGE][PASSED] - Text 'akim' is set on object 'Object Repository/1. Constant/xpath'

2022-06-09 20:08:12 - [MESSAGE][PASSED] - Delayed 1 second(s)

2022-06-09 20:08:13 - [MESSAGE][PASSED] - Text 'dchi' is set on object 'Object Repository/1. Constant/xpath'

2022-06-09 20:08:14 - [MESSAGE][PASSED] - Delayed 1 second(s)

2022-06-09 20:08:23 - [MESSAGE][PASSED] - Object: 'Object Repository/1. Constant/xpath' is clicked on

2022-06-09 20:08:23 - [TEST_STEP][PASSED] - takeScreenshot(): Taking screenshot successfully

2022-06-09 20:08:23 - [MESSAGE][PASSED] - Taking screenshot successfully
[[ATTACHMENT|D:\\Projet Test Auto\\Mediabox Test Automation\\Reports\\20220609_181011\\03. Parallel Testing (Testing)\\TS -PT PART 3\\10 NPP Support Action on Completed Ref\\20220609_181104\\1654798103495.png]]

2022-06-09 20:08:23 - [TEST_STEP][PASSED] - delay(1): Delayed 1 second(s)

2022-06-09 20:08:24 - [MESSAGE][PASSED] - Delayed 1 second(s)

2022-06-09 20:08:24 - [TEST_STEP][PASSED] - click(findTestObject("1. Constant/02_LHSMenu_Projects")): Object: 'Object Repository/1. Constant/02_LHSMenu_Projects' is clicked on

2022-06-09 20:08:33 - [MESSAGE][PASSED] - Object: 'Object Repository/1. Constant/02_LHSMenu_Projects' is clicked on

2022-06-09 20:08:33 - [TEST_STEP][PASSED] - click(findTestObject("xxx Todelete/3 ProjectListPage_Create_Project_Button")): Object: 'Object Repository/xxx Todelete/3 ProjectListPage_Create_Project_Button' is clicked on

2022-06-09 20:08:41 - [MESSAGE][PASSED] - Object: 'Object Repository/xxx Todelete/3 ProjectListPage_Create_Project_Button' is clicked on

2022-06-09 20:08:41 - [TEST_STEP][PASSED] - takeScreenshot(): Taking screenshot successfully

2022-06-09 20:08:42 - [MESSAGE][PASSED] - Taking screenshot successfully
[[ATTACHMENT|D:\\Projet Test Auto\\Mediabox Test Automation\\Reports\\20220609_181011\\03. Parallel Testing (Testing)\\TS -PT PART 3\\10 NPP Support Action on Completed Ref\\20220609_181104\\1654798121619.png]]

2022-06-09 20:08:42 - [TEST_STEP][PASSED] - "On the modify project page : Fill in all field": null

2022-06-09 20:08:42 - [TEST_STEP][PASSED] - LSSNumber_name = "AutoTest_Npp_SAS_Part5_" + RandomStringUtils.randomAlphanumeric(10) + "_" + I.gettimedate(): null

2022-06-09 20:08:42 - [TEST_STEP][PASSED] - setText(findTestObject("1. Constant/xpath", ["xpath":"//*[@id="var_70"]"]), LSSNumber_name): Text 'AutoTest_Npp_SAS_Part5_z6NduR01Qt_juin092022_200842' is set on object 'Object Repository/1. Constant/xpath'

2022-06-09 20:08:42 - [MESSAGE][PASSED] - Text 'AutoTest_Npp_SAS_Part5_z6NduR01Qt_juin092022_200842' is set on object 'Object Repository/1. Constant/xpath'

2022-06-09 20:08:42 - [TEST_STEP][PASSED] - selectOptionByValue(findTestObject("1. Constant/xpath", ["xpath":"//*[@id="var_107"]"]), "2420", false): All options with value '2420' are selected in object 'Object Repository/1. Constant/xpath' 

2022-06-09 20:08:43 - [MESSAGE][PASSED] - All options with value '2420' are selected in object 'Object Repository/1. Constant/xpath' 

2022-06-09 20:08:43 - [TEST_STEP][PASSED] - I.select_multiplelist("//*[@id="selSource_108"]", "//*[@id="btnAdd_108"]", "2354"): Delayed 1 second(s)

2022-06-09 20:08:44 - [MESSAGE][PASSED] - Delayed 1 second(s)

2022-06-09 20:08:44 - [MESSAGE][PASSED] - All options with value '2354' are selected in object 'Object Repository/1. Constant/xpath' 

2022-06-09 20:08:46 - [MESSAGE][PASSED] - Delayed 2 second(s)

2022-06-09 20:08:47 - [MESSAGE][PASSED] - Object: 'Object Repository/1. Constant/xpath' is clicked on

2022-06-09 20:08:48 - [MESSAGE][PASSED] - Delayed 1 second(s)

2022-06-09 20:08:48 - [TEST_STEP][PASSED] - setText(findTestObject("1. Constant/xpath", ["xpath":"//*[@id="var_110"]"]), "Variety test"): Text 'Variety test' is set on object 'Object Repository/1. Constant/xpath'

2022-06-09 20:08:48 - [MESSAGE][PASSED] - Text 'Variety test' is set on object 'Object Repository/1. Constant/xpath'

2022-06-09 20:08:48 - [TEST_STEP][PASSED] - setText(findTestObject("1. Constant/xpath", ["xpath":"//*[@id="var_133"]"]), "Alternative Format code test "): Text 'Alternative Format code test ' is set on object 'Object Repository/1. Constant/xpath'

2022-06-09 20:08:49 - [MESSAGE][PASSED] - Text 'Alternative Format code test ' is set on object 'Object Repository/1. Constant/xpath'

2022-06-09 20:08:49 - [TEST_STEP][PASSED] - setText(findTestObject("1. Constant/xpath", ["xpath":"//*[@id="var_65"]"]), "FORMAT Product designation test "): Text 'FORMAT Product designation test ' is set on object 'Object Repository/1. Constant/xpath'

2022-06-09 20:08:50 - [MESSAGE][PASSED] - Text 'FORMAT Product designation test ' is set on object 'Object Repository/1. Constant/xpath'

2022-06-09 20:08:50 - [TEST_STEP][PASSED] - I.select_multiplelist("//*[@id="selSource_91"]", "//*[@id="btnAdd_91"]", "1023"): Delayed 1 second(s)

2022-06-09 20:08:51 - [MESSAGE][PASSED] - Delayed 1 second(s)

2022-06-09 20:08:51 - [MESSAGE][PASSED] - All options with value '1023' are selected in object 'Object Repository/1. Constant/xpath' 

2022-06-09 20:08:53 - [MESSAGE][PASSED] - Delayed 2 second(s)

2022-06-09 20:08:53 - [MESSAGE][PASSED] - Object: 'Object Repository/1. Constant/xpath' is clicked on

2022-06-09 20:08:54 - [MESSAGE][PASSED] - Delayed 1 second(s)

2022-06-09 20:08:54 - [TEST_STEP][PASSED] - setText(findTestObject("1. Constant/xpath", ["xpath":"//*[@id="var_71"]"]), "25/08/2021"): Text '25/08/2021' is set on object 'Object Repository/1. Constant/xpath'

2022-06-09 20:08:55 - [MESSAGE][PASSED] - Text '25/08/2021' is set on object 'Object Repository/1. Constant/xpath'

2022-06-09 20:08:55 - [TEST_STEP][PASSED] - setText(findTestObject("1. Constant/xpath", ["xpath":"//*[@id="var_89"]"]), "Project Information - Comments"): Text 'Project Information - Comments' is set on object 'Object Repository/1. Constant/xpath'

2022-06-09 20:08:56 - [MESSAGE][PASSED] - Text 'Project Information - Comments' is set on object 'Object Repository/1. Constant/xpath'

2022-06-09 20:08:56 - [TEST_STEP][PASSED] - setText(findTestObject("1. Constant/xpath", ["xpath":"//*[@id="var_93"]"]), "Reason for change test"): Text 'Reason for change test' is set on object 'Object Repository/1. Constant/xpath'

2022-06-09 20:08:56 - [MESSAGE][PASSED] - Text 'Reason for change test' is set on object 'Object Repository/1. Constant/xpath'

2022-06-09 20:08:56 - [TEST_STEP][PASSED] - I.select_multiplelist("//*[@id="selSource_54"]", "//*[@id="btnAdd_54"]", "1081"): Delayed 1 second(s)

2022-06-09 20:08:57 - [MESSAGE][PASSED] - Delayed 1 second(s)

2022-06-09 20:08:58 - [MESSAGE][PASSED] - All options with value '1081' are selected in object 'Object Repository/1. Constant/xpath' 

2022-06-09 20:09:00 - [MESSAGE][PASSED] - Delayed 2 second(s)

2022-06-09 20:09:00 - [MESSAGE][PASSED] - Object: 'Object Repository/1. Constant/xpath' is clicked on

2022-06-09 20:09:01 - [MESSAGE][PASSED] - Delayed 1 second(s)

2022-06-09 20:09:01 - [TEST_STEP][PASSED] - delay(5): Delayed 5 second(s)

2022-06-09 20:09:06 - [MESSAGE][PASSED] - Delayed 5 second(s)

2022-06-09 20:09:06 - [TEST_STEP][PASSED] - I.select_multiplelist("//*[@id="selSource_106"]", "//*[@id="btnAdd_106"]", "2787"): Delayed 1 second(s)

2022-06-09 20:09:07 - [MESSAGE][PASSED] - Delayed 1 second(s)

2022-06-09 20:09:07 - [MESSAGE][PASSED] - All options with value '2787' are selected in object 'Object Repository/1. Constant/xpath' 

2022-06-09 20:09:09 - [MESSAGE][PASSED] - Delayed 2 second(s)

2022-06-09 20:09:11 - [MESSAGE][PASSED] - Object: 'Object Repository/1. Constant/xpath' is clicked on

2022-06-09 20:09:12 - [MESSAGE][PASSED] - Delayed 1 second(s)

2022-06-09 20:09:12 - [TEST_STEP][PASSED] - selectOptionByValue(findTestObject("1. Constant/xpath", ["xpath":"//*[@id="var_92"]"]), "1298", false): All options with value '1298' are selected in object 'Object Repository/1. Constant/xpath' 

2022-06-09 20:09:12 - [MESSAGE][PASSED] - All options with value '1298' are selected in object 'Object Repository/1. Constant/xpath' 

2022-06-09 20:09:12 - [TEST_STEP][PASSED] - I.select_multiplelist("//*[@id="selSource_88"]", "//*[@id="btnAdd_88"]", "1303"): Delayed 1 second(s)

2022-06-09 20:09:13 - [MESSAGE][PASSED] - Delayed 1 second(s)

2022-06-09 20:09:13 - [MESSAGE][PASSED] - All options with value '1303' are selected in object 'Object Repository/1. Constant/xpath' 

2022-06-09 20:09:15 - [MESSAGE][PASSED] - Delayed 2 second(s)

2022-06-09 20:09:16 - [MESSAGE][PASSED] - Object: 'Object Repository/1. Constant/xpath' is clicked on

2022-06-09 20:09:17 - [MESSAGE][PASSED] - Delayed 1 second(s)

2022-06-09 20:09:17 - [TEST_STEP][PASSED] - I.select_multiplelist("//*[@id="selSource_86"]", "//*[@id="btnAdd_86"]", "1310"): Delayed 1 second(s)

2022-06-09 20:09:18 - [MESSAGE][PASSED] - Delayed 1 second(s)

2022-06-09 20:09:20 - [MESSAGE][PASSED] - All options with value '1310' are selected in object 'Object Repository/1. Constant/xpath' 

2022-06-09 20:09:22 - [MESSAGE][PASSED] - Delayed 2 second(s)

2022-06-09 20:09:22 - [MESSAGE][PASSED] - Object: 'Object Repository/1. Constant/xpath' is clicked on

2022-06-09 20:09:23 - [MESSAGE][PASSED] - Delayed 1 second(s)

2022-06-09 20:09:23 - [TEST_STEP][PASSED] - I.select_multiplelist("//*[@id="selSource_57"]", "//*[@id="btnAdd_57"]", "2304"): Delayed 1 second(s)

2022-06-09 20:09:24 - [MESSAGE][PASSED] - Delayed 1 second(s)

2022-06-09 20:09:25 - [MESSAGE][PASSED] - All options with value '2304' are selected in object 'Object Repository/1. Constant/xpath' 

2022-06-09 20:09:27 - [MESSAGE][PASSED] - Delayed 2 second(s)

2022-06-09 20:09:27 - [MESSAGE][PASSED] - Object: 'Object Repository/1. Constant/xpath' is clicked on

2022-06-09 20:09:28 - [MESSAGE][PASSED] - Delayed 1 second(s)

2022-06-09 20:09:28 - [TEST_STEP][PASSED] - selectOptionByValue(findTestObject("1. Constant/xpath", ["xpath":"//*[@id="var_87"]"]), "971", false): All options with value '971' are selected in object 'Object Repository/1. Constant/xpath' 

2022-06-09 20:09:30 - [MESSAGE][PASSED] - All options with value '971' are selected in object 'Object Repository/1. Constant/xpath' 

2022-06-09 20:09:30 - [TEST_STEP][PASSED] - selectOptionByValue(findTestObject("1. Constant/xpath", ["xpath":"//*[@id="var_109"]"]), "1325", false): All options with value '1325' are selected in object 'Object Repository/1. Constant/xpath' 

2022-06-09 20:09:30 - [MESSAGE][PASSED] - All options with value '1325' are selected in object 'Object Repository/1. Constant/xpath' 

2022-06-09 20:09:30 - [TEST_STEP][PASSED] - selectOptionByValue(findTestObject("1. Constant/xpath", ["xpath":"//*[@id="var_52"]"]), "1330", false): All options with value '1330' are selected in object 'Object Repository/1. Constant/xpath' 

2022-06-09 20:09:30 - [MESSAGE][PASSED] - All options with value '1330' are selected in object 'Object Repository/1. Constant/xpath' 

2022-06-09 20:09:30 - [TEST_STEP][PASSED] - I.select_multiplelist("//*[@id="selSource_67"]", "//*[@id="btnAdd_67"]", "1624"): Delayed 1 second(s)

2022-06-09 20:09:31 - [MESSAGE][PASSED] - Delayed 1 second(s)

2022-06-09 20:09:32 - [MESSAGE][PASSED] - All options with value '1624' are selected in object 'Object Repository/1. Constant/xpath' 

2022-06-09 20:09:34 - [MESSAGE][PASSED] - Delayed 2 second(s)

2022-06-09 20:09:34 - [MESSAGE][PASSED] - Object: 'Object Repository/1. Constant/xpath' is clicked on

2022-06-09 20:09:35 - [MESSAGE][PASSED] - Delayed 1 second(s)

2022-06-09 20:09:35 - [TEST_STEP][PASSED] - selectOptionByValue(findTestObject("1. Constant/xpath", ["xpath":"//*[@id="var_140"]"]), "2296", false): All options with value '2296' are selected in object 'Object Repository/1. Constant/xpath' 

2022-06-09 20:09:36 - [MESSAGE][PASSED] - All options with value '2296' are selected in object 'Object Repository/1. Constant/xpath' 

2022-06-09 20:09:36 - [TEST_STEP][PASSED] - I.select_multiplelist("//*[@id="selSource_51"]", "//*[@id="btnAdd_51"]", "1673"): Delayed 1 second(s)

2022-06-09 20:09:37 - [MESSAGE][PASSED] - Delayed 1 second(s)

2022-06-09 20:09:38 - [MESSAGE][PASSED] - All options with value '1673' are selected in object 'Object Repository/1. Constant/xpath' 

2022-06-09 20:09:40 - [MESSAGE][PASSED] - Delayed 2 second(s)

2022-06-09 20:09:40 - [MESSAGE][PASSED] - Object: 'Object Repository/1. Constant/xpath' is clicked on

2022-06-09 20:09:41 - [MESSAGE][PASSED] - Delayed 1 second(s)

2022-06-09 20:09:41 - [TEST_STEP][PASSED] - I.select_multiplelist("//*[@id="selSource_50"]", "//*[@id="btnAdd_50"]", "1681"): Delayed 1 second(s)

2022-06-09 20:09:42 - [MESSAGE][PASSED] - Delayed 1 second(s)

2022-06-09 20:09:42 - [MESSAGE][PASSED] - All options with value '1681' are selected in object 'Object Repository/1. Constant/xpath' 

2022-06-09 20:09:44 - [MESSAGE][PASSED] - Delayed 2 second(s)

2022-06-09 20:09:46 - [MESSAGE][PASSED] - Object: 'Object Repository/1. Constant/xpath' is clicked on

2022-06-09 20:09:47 - [MESSAGE][PASSED] - Delayed 1 second(s)

2022-06-09 20:09:47 - [TEST_STEP][PASSED] - selectOptionByValue(findTestObject("1. Constant/xpath", ["xpath":"//*[@id="selSource_64"]"]), "1701", false): All options with value '1701' are selected in object 'Object Repository/1. Constant/xpath' 

2022-06-09 20:09:47 - [MESSAGE][PASSED] - All options with value '1701' are selected in object 'Object Repository/1. Constant/xpath' 

2022-06-09 20:09:47 - [TEST_STEP][PASSED] - I.select_multiplelist("//*[@id="selSource_64"]", "//*[@id="btnAdd_64"]", "1688"): Delayed 1 second(s)

2022-06-09 20:09:48 - [MESSAGE][PASSED] - Delayed 1 second(s)

2022-06-09 20:09:48 - [MESSAGE][PASSED] - All options with value '1688' are selected in object 'Object Repository/1. Constant/xpath' 

2022-06-09 20:09:50 - [MESSAGE][PASSED] - Delayed 2 second(s)

2022-06-09 20:09:51 - [MESSAGE][PASSED] - Object: 'Object Repository/1. Constant/xpath' is clicked on

2022-06-09 20:09:52 - [MESSAGE][PASSED] - Delayed 1 second(s)

2022-06-09 20:09:52 - [TEST_STEP][PASSED] - I.select_multiplelist("//*[@id="selSource_53"]", "//*[@id="btnAdd_53"]", "1701"): Delayed 1 second(s)

2022-06-09 20:09:53 - [MESSAGE][PASSED] - Delayed 1 second(s)

2022-06-09 20:09:53 - [MESSAGE][PASSED] - All options with value '1701' are selected in object 'Object Repository/1. Constant/xpath' 

2022-06-09 20:09:55 - [MESSAGE][PASSED] - Delayed 2 second(s)

2022-06-09 20:09:56 - [MESSAGE][PASSED] - Object: 'Object Repository/1. Constant/xpath' is clicked on

2022-06-09 20:09:57 - [MESSAGE][PASSED] - Delayed 1 second(s)

2022-06-09 20:09:57 - [TEST_STEP][PASSED] - I.select_multiplelist("//*[@id="selSource_58"]", "//*[@id="btnAdd_58"]", "1704"): Delayed 1 second(s)

2022-06-09 20:09:58 - [MESSAGE][PASSED] - Delayed 1 second(s)

2022-06-09 20:09:59 - [MESSAGE][PASSED] - All options with value '1704' are selected in object 'Object Repository/1. Constant/xpath' 

2022-06-09 20:10:01 - [MESSAGE][PASSED] - Delayed 2 second(s)

2022-06-09 20:10:01 - [MESSAGE][PASSED] - Object: 'Object Repository/1. Constant/xpath' is clicked on

2022-06-09 20:10:02 - [MESSAGE][PASSED] - Delayed 1 second(s)

2022-06-09 20:10:02 - [TEST_STEP][PASSED] - I.select_multiplelist("//*[@id="selSource_59"]", "//*[@id="btnAdd_59"]", "1706"): Delayed 1 second(s)

2022-06-09 20:10:03 - [MESSAGE][PASSED] - Delayed 1 second(s)

2022-06-09 20:10:03 - [MESSAGE][PASSED] - All options with value '1706' are selected in object 'Object Repository/1. Constant/xpath' 

2022-06-09 20:10:05 - [MESSAGE][PASSED] - Delayed 2 second(s)

2022-06-09 20:10:05 - [MESSAGE][PASSED] - Object: 'Object Repository/1. Constant/xpath' is clicked on

2022-06-09 20:10:06 - [MESSAGE][PASSED] - Delayed 1 second(s)

2022-06-09 20:10:06 - [TEST_STEP][PASSED] - I.select_multiplelist("//*[@id="selSource_73"]", "//*[@id="btnAdd_73"]", "3147"): Delayed 1 second(s)

2022-06-09 20:10:07 - [MESSAGE][PASSED] - Delayed 1 second(s)

2022-06-09 20:10:09 - [MESSAGE][PASSED] - All options with value '3147' are selected in object 'Object Repository/1. Constant/xpath' 

2022-06-09 20:10:11 - [MESSAGE][PASSED] - Delayed 2 second(s)

2022-06-09 20:10:12 - [MESSAGE][PASSED] - Object: 'Object Repository/1. Constant/xpath' is clicked on

2022-06-09 20:10:13 - [MESSAGE][PASSED] - Delayed 1 second(s)

2022-06-09 20:10:13 - [TEST_STEP][PASSED] - selectOptionByValue(findTestObject("1. Constant/xpath", ["xpath":"//*[@id="var_66"]"]), "2402", false): All options with value '2402' are selected in object 'Object Repository/1. Constant/xpath' 

2022-06-09 20:10:13 - [MESSAGE][PASSED] - All options with value '2402' are selected in object 'Object Repository/1. Constant/xpath' 

2022-06-09 20:10:13 - [TEST_STEP][PASSED] - selectOptionByValue(findTestObject("1. Constant/xpath", ["xpath":"//*[@id="var_142"]"]), "2404", false): All options with value '2404' are selected in object 'Object Repository/1. Constant/xpath' 

2022-06-09 20:10:13 - [MESSAGE][PASSED] - All options with value '2404' are selected in object 'Object Repository/1. Constant/xpath' 

2022-06-09 20:10:13 - [TEST_STEP][PASSED] - selectOptionByValue(findTestObject("1. Constant/xpath", ["xpath":"//*[@id="var_143"]"]), "2406", false): All options with value '2406' are selected in object 'Object Repository/1. Constant/xpath' 

2022-06-09 20:10:13 - [MESSAGE][PASSED] - All options with value '2406' are selected in object 'Object Repository/1. Constant/xpath' 

2022-06-09 20:10:13 - [TEST_STEP][PASSED] - I.select_multiplelist("//*[@id="selSource_119"]", "//*[@id="btnAdd_119"]", "2165"): Delayed 1 second(s)

2022-06-09 20:10:14 - [MESSAGE][PASSED] - Delayed 1 second(s)

2022-06-09 20:10:15 - [MESSAGE][PASSED] - All options with value '2165' are selected in object 'Object Repository/1. Constant/xpath' 

2022-06-09 20:10:17 - [MESSAGE][PASSED] - Delayed 2 second(s)

2022-06-09 20:10:17 - [MESSAGE][PASSED] - Object: 'Object Repository/1. Constant/xpath' is clicked on

2022-06-09 20:10:18 - [MESSAGE][PASSED] - Delayed 1 second(s)

2022-06-09 20:10:18 - [TEST_STEP][PASSED] - takeScreenshot(): Taking screenshot successfully

2022-06-09 20:10:20 - [MESSAGE][PASSED] - Taking screenshot successfully
[[ATTACHMENT|D:\\Projet Test Auto\\Mediabox Test Automation\\Reports\\20220609_181011\\03. Parallel Testing (Testing)\\TS -PT PART 3\\10 NPP Support Action on Completed Ref\\20220609_181104\\1654798219609.png]]

2022-06-09 20:10:20 - [TEST_STEP][PASSED] - delay(3): Delayed 3 second(s)

2022-06-09 20:10:23 - [MESSAGE][PASSED] - Delayed 3 second(s)

2022-06-09 20:10:23 - [TEST_STEP][PASSED] - click(findTestObject("HL Full Lifecycle/5 ModifyProjPage_button_Update")): Object: 'Object Repository/HL Full Lifecycle/5 ModifyProjPage_button_Update' is clicked on

2022-06-09 20:10:27 - [MESSAGE][PASSED] - Object: 'Object Repository/HL Full Lifecycle/5 ModifyProjPage_button_Update' is clicked on

2022-06-09 20:10:27 - [TEST_STEP][PASSED] - delay(10): Delayed 10 second(s)

2022-06-09 20:10:37 - [MESSAGE][PASSED] - Delayed 10 second(s)

2022-06-09 20:10:37 - [TEST_STEP][PASSED] - Project_No = I.ProjectNo(): Current window's url is: 'http://mdb-release.diadeis.lan/MediaboxIndependence/Base/ExecAction?IDSession=MBI%21RELTESTAUTO_NPP%21I24AKT7AJOOTSI981ACXMLGL1P3P8VD6XTA6CYQX&default_action=AfficheFichesProjet&id_project=MI001068'

2022-06-09 20:10:42 - [MESSAGE][PASSED] - Delayed 5 second(s)

2022-06-09 20:10:42 - [MESSAGE][PASSED] - Current window's url is: 'http://mdb-release.diadeis.lan/MediaboxIndependence/Base/ExecAction?IDSession=MBI%21RELTESTAUTO_NPP%21I24AKT7AJOOTSI981ACXMLGL1P3P8VD6XTA6CYQX&default_action=AfficheFichesProjet&id_project=MI001068'

2022-06-09 20:10:42 - [TEST_STEP][PASSED] - click(findTestObject("HL Full Lifecycle/6 ReferenceListPage_createrefbutton")): Object: 'Object Repository/HL Full Lifecycle/6 ReferenceListPage_createrefbutton' is clicked on

2022-06-09 20:10:43 - [MESSAGE][PASSED] - Object: 'Object Repository/HL Full Lifecycle/6 ReferenceListPage_createrefbutton' is clicked on

2022-06-09 20:10:43 - [TEST_STEP][PASSED] - click(findTestObject("HL Full Lifecycle/6 ReferenceListPaga_Create a component_button")): Object: 'Object Repository/HL Full Lifecycle/6 ReferenceListPaga_Create a component_button' is clicked on

2022-06-09 20:10:45 - [MESSAGE][PASSED] - Object: 'Object Repository/HL Full Lifecycle/6 ReferenceListPaga_Create a component_button' is clicked on

2022-06-09 20:10:45 - [TEST_STEP][PASSED] - takeScreenshot(): Taking screenshot successfully

2022-06-09 20:10:45 - [MESSAGE][PASSED] - Taking screenshot successfully
[[ATTACHMENT|D:\\Projet Test Auto\\Mediabox Test Automation\\Reports\\20220609_181011\\03. Parallel Testing (Testing)\\TS -PT PART 3\\10 NPP Support Action on Completed Ref\\20220609_181104\\1654798245499.png]]

2022-06-09 20:10:45 - [TEST_STEP][PASSED] - selectOptionByValue(findTestObject("1. Constant/xpath", ["xpath":"//*[@id="lfc_tpl"]"]), "51", false): All options with value '51' are selected in object 'Object Repository/1. Constant/xpath' 

2022-06-09 20:10:46 - [MESSAGE][PASSED] - All options with value '51' are selected in object 'Object Repository/1. Constant/xpath' 

2022-06-09 20:10:46 - [TEST_STEP][PASSED] - delay(1): Delayed 1 second(s)

2022-06-09 20:10:47 - [MESSAGE][PASSED] - Delayed 1 second(s)

2022-06-09 20:10:47 - [TEST_STEP][PASSED] - click(findTestObject("1. Constant/xpath", ["xpath":"//*[@id="ModifFiche"]/div[3]/div/button"])): Object: 'Object Repository/1. Constant/xpath' is clicked on

2022-06-09 20:10:52 - [MESSAGE][PASSED] - Object: 'Object Repository/1. Constant/xpath' is clicked on

2022-06-09 20:10:52 - [TEST_STEP][PASSED] - delay(1): Delayed 1 second(s)

2022-06-09 20:10:53 - [MESSAGE][PASSED] - Delayed 1 second(s)

2022-06-09 20:10:53 - [TEST_STEP][PASSED] - refID = I.RefID_Npp(): Current window's url is: 'http://mdb-release.diadeis.lan/MediaboxIndependence/Base/ExecAction?IDSession=MBI%21RELTESTAUTO_NPP%21I24AKT7AJOOTSI981ACXMLGL1P3P8VD6XTA6CYQX&default_action=ModifierRef&id_project=MI001068&id_ref=1058023&action_from=create_ref'

2022-06-09 20:10:58 - [MESSAGE][PASSED] - Delayed 5 second(s)

2022-06-09 20:10:58 - [MESSAGE][PASSED] - Current window's url is: 'http://mdb-release.diadeis.lan/MediaboxIndependence/Base/ExecAction?IDSession=MBI%21RELTESTAUTO_NPP%21I24AKT7AJOOTSI981ACXMLGL1P3P8VD6XTA6CYQX&default_action=ModifierRef&id_project=MI001068&id_ref=1058023&action_from=create_ref'

2022-06-09 20:10:58 - [TEST_STEP][PASSED] - takeScreenshot(): Taking screenshot successfully

2022-06-09 20:10:58 - [MESSAGE][PASSED] - Taking screenshot successfully
[[ATTACHMENT|D:\\Projet Test Auto\\Mediabox Test Automation\\Reports\\20220609_181011\\03. Parallel Testing (Testing)\\TS -PT PART 3\\10 NPP Support Action on Completed Ref\\20220609_181104\\1654798258443.png]]

2022-06-09 20:10:58 - [TEST_STEP][PASSED] - setText(findTestObject("1. Constant/xpath", ["xpath":"//*[@id="var_103"]"]), "SAP Designation test > https://www.google.com/"): Text 'SAP Designation test > https://www.google.com/' is set on object 'Object Repository/1. Constant/xpath'

2022-06-09 20:10:59 - [MESSAGE][PASSED] - Text 'SAP Designation test > https://www.google.com/' is set on object 'Object Repository/1. Constant/xpath'

2022-06-09 20:10:59 - [TEST_STEP][PASSED] - setText(findTestObject("1. Constant/xpath", ["xpath":"//*[@id="var_139"]"]), "Claim Substantiation Project Link > https://www.google.com/"): Text 'Claim Substantiation Project Link > https://www.google.com/' is set on object 'Object Repository/1. Constant/xpath'

2022-06-09 20:10:59 - [MESSAGE][PASSED] - Text 'Claim Substantiation Project Link > https://www.google.com/' is set on object 'Object Repository/1. Constant/xpath'

2022-06-09 20:10:59 - [TEST_STEP][PASSED] - setText(findTestObject("1. Constant/xpath", ["xpath":"//*[@id="var_160"]"]), "Grading standard link > test"): Text 'Grading standard link > test' is set on object 'Object Repository/1. Constant/xpath'

2022-06-09 20:11:00 - [MESSAGE][PASSED] - Text 'Grading standard link > test' is set on object 'Object Repository/1. Constant/xpath'

2022-06-09 20:11:00 - [TEST_STEP][PASSED] - scrollToElement(findTestObject("1. Constant/xpath", ["xpath":"//*[@id="var_90"]"]), 10, OPTIONAL): Scroll to object 'Object Repository/1. Constant/xpath' successfully

2022-06-09 20:11:00 - [MESSAGE][PASSED] - Scroll to object 'Object Repository/1. Constant/xpath' successfully

2022-06-09 20:11:00 - [TEST_STEP][PASSED] - setText(findTestObject("1. Constant/xpath", ["xpath":"//*[@id="var_90"]"]), "Project name > test"): Text 'Project name > test' is set on object 'Object Repository/1. Constant/xpath'

2022-06-09 20:11:00 - [MESSAGE][PASSED] - Text 'Project name > test' is set on object 'Object Repository/1. Constant/xpath'

2022-06-09 20:11:00 - [TEST_STEP][PASSED] - setText(findTestObject("1. Constant/xpath", ["xpath":"//*[@id="var_62"]"]), "DPET > test"): Text 'DPET > test' is set on object 'Object Repository/1. Constant/xpath'

2022-06-09 20:11:01 - [MESSAGE][PASSED] - Text 'DPET > test' is set on object 'Object Repository/1. Constant/xpath'

2022-06-09 20:11:01 - [TEST_STEP][PASSED] - I.select_multiplelist("//*[@id="selSource_73"]", "//*[@id="btnAdd_73"]", "3147"): Delayed 1 second(s)

2022-06-09 20:11:02 - [MESSAGE][PASSED] - Delayed 1 second(s)

2022-06-09 20:11:02 - [MESSAGE][PASSED] - All options with value '3147' are selected in object 'Object Repository/1. Constant/xpath' 

2022-06-09 20:11:04 - [MESSAGE][PASSED] - Delayed 2 second(s)

2022-06-09 20:11:05 - [MESSAGE][PASSED] - Object: 'Object Repository/1. Constant/xpath' is clicked on

2022-06-09 20:11:06 - [MESSAGE][PASSED] - Delayed 1 second(s)

2022-06-09 20:11:06 - [TEST_STEP][PASSED] - takeScreenshot(): Taking screenshot successfully

2022-06-09 20:11:06 - [MESSAGE][PASSED] - Taking screenshot successfully
[[ATTACHMENT|D:\\Projet Test Auto\\Mediabox Test Automation\\Reports\\20220609_181011\\03. Parallel Testing (Testing)\\TS -PT PART 3\\10 NPP Support Action on Completed Ref\\20220609_181104\\1654798266082.png]]

2022-06-09 20:11:06 - [TEST_STEP][PASSED] - scrollToElement(findTestObject("1. Constant/xpath", ["xpath":"//*[@id="var_82"]"]), 10, OPTIONAL): Scroll to object 'Object Repository/1. Constant/xpath' successfully

2022-06-09 20:11:06 - [MESSAGE][PASSED] - Scroll to object 'Object Repository/1. Constant/xpath' successfully

2022-06-09 20:11:06 - [TEST_STEP][PASSED] - selectOptionByValue(findTestObject("1. Constant/xpath", ["xpath":"//*[@id="var_82"]"]), "agaudin", false): All options with value 'agaudin' are selected in object 'Object Repository/1. Constant/xpath' 

2022-06-09 20:11:06 - [MESSAGE][PASSED] - All options with value 'agaudin' are selected in object 'Object Repository/1. Constant/xpath' 

2022-06-09 20:11:06 - [TEST_STEP][PASSED] - selectOptionByValue(findTestObject("1. Constant/xpath", ["xpath":"//*[@id="var_74"]"]), "afrappaz", false): All options with value 'afrappaz' are selected in object 'Object Repository/1. Constant/xpath' 

2022-06-09 20:11:07 - [MESSAGE][PASSED] - All options with value 'afrappaz' are selected in object 'Object Repository/1. Constant/xpath' 

2022-06-09 20:11:07 - [TEST_STEP][PASSED] - selectOptionByValue(findTestObject("1. Constant/xpath", ["xpath":"//*[@id="selSource_168"]"]), "cdemonchy", false): All options with value 'cdemonchy' are selected in object 'Object Repository/1. Constant/xpath' 

2022-06-09 20:11:07 - [MESSAGE][PASSED] - All options with value 'cdemonchy' are selected in object 'Object Repository/1. Constant/xpath' 

2022-06-09 20:11:07 - [TEST_STEP][PASSED] - selectOptionByValue(findTestObject("1. Constant/xpath", ["xpath":"//*[@id="selSource_168"]"]), "alarkins", false): All options with value 'alarkins' are selected in object 'Object Repository/1. Constant/xpath' 

2022-06-09 20:11:08 - [MESSAGE][PASSED] - All options with value 'alarkins' are selected in object 'Object Repository/1. Constant/xpath' 

2022-06-09 20:11:08 - [TEST_STEP][PASSED] - I.select_multiplelist("//*[@id="selSource_168"]", "//*[@id="btnAdd_168"]", "abrazhnikovapx"): Delayed 1 second(s)

2022-06-09 20:11:09 - [MESSAGE][PASSED] - Delayed 1 second(s)

2022-06-09 20:11:09 - [MESSAGE][PASSED] - All options with value 'abrazhnikovapx' are selected in object 'Object Repository/1. Constant/xpath' 

2022-06-09 20:11:11 - [MESSAGE][PASSED] - Delayed 2 second(s)

2022-06-09 20:11:12 - [MESSAGE][PASSED] - Object: 'Object Repository/1. Constant/xpath' is clicked on

2022-06-09 20:11:13 - [MESSAGE][PASSED] - Delayed 1 second(s)

2022-06-09 20:11:13 - [TEST_STEP][PASSED] - selectOptionByValue(findTestObject("1. Constant/xpath", ["xpath":"//*[@id="var_60"]"]), "asvegaardd2d", false): All options with value 'asvegaardd2d' are selected in object 'Object Repository/1. Constant/xpath' 

2022-06-09 20:11:13 - [MESSAGE][PASSED] - All options with value 'asvegaardd2d' are selected in object 'Object Repository/1. Constant/xpath' 

2022-06-09 20:11:13 - [TEST_STEP][PASSED] - selectOptionByValue(findTestObject("1. Constant/xpath", ["xpath":"//*[@id="var_102"]"]), "aserment", false): All options with value 'aserment' are selected in object 'Object Repository/1. Constant/xpath' 

2022-06-09 20:11:13 - [MESSAGE][PASSED] - All options with value 'aserment' are selected in object 'Object Repository/1. Constant/xpath' 

2022-06-09 20:11:13 - [TEST_STEP][PASSED] - selectOptionByValue(findTestObject("1. Constant/xpath", ["xpath":"//*[@id="var_63"]"]), "asavreux", false): All options with value 'asavreux' are selected in object 'Object Repository/1. Constant/xpath' 

2022-06-09 20:11:13 - [MESSAGE][PASSED] - All options with value 'asavreux' are selected in object 'Object Repository/1. Constant/xpath' 

2022-06-09 20:11:13 - [TEST_STEP][PASSED] - selectOptionByValue(findTestObject("1. Constant/xpath", ["xpath":"//*[@id="var_161"]"]), "achaves", false): All options with value 'achaves' are selected in object 'Object Repository/1. Constant/xpath' 

2022-06-09 20:11:14 - [MESSAGE][PASSED] - All options with value 'achaves' are selected in object 'Object Repository/1. Constant/xpath' 

2022-06-09 20:11:14 - [TEST_STEP][PASSED] - takeScreenshot(): Taking screenshot successfully

2022-06-09 20:11:14 - [MESSAGE][PASSED] - Taking screenshot successfully
[[ATTACHMENT|D:\\Projet Test Auto\\Mediabox Test Automation\\Reports\\20220609_181011\\03. Parallel Testing (Testing)\\TS -PT PART 3\\10 NPP Support Action on Completed Ref\\20220609_181104\\1654798274195.png]]

2022-06-09 20:11:14 - [TEST_STEP][PASSED] - scrollToElement(findTestObject("1. Constant/xpath", ["xpath":"//*[@id="var_143"]"]), 10, OPTIONAL): Scroll to object 'Object Repository/1. Constant/xpath' successfully

2022-06-09 20:11:14 - [MESSAGE][PASSED] - Scroll to object 'Object Repository/1. Constant/xpath' successfully

2022-06-09 20:11:14 - [TEST_STEP][PASSED] - I.select_multiplelist("//*[@id="selSource_79"]", "//*[@id="btnAdd_79"]", "1730"): Delayed 1 second(s)

2022-06-09 20:11:15 - [MESSAGE][PASSED] - Delayed 1 second(s)

2022-06-09 20:11:15 - [MESSAGE][PASSED] - All options with value '1730' are selected in object 'Object Repository/1. Constant/xpath' 

2022-06-09 20:11:17 - [MESSAGE][PASSED] - Delayed 2 second(s)

2022-06-09 20:11:18 - [MESSAGE][PASSED] - Object: 'Object Repository/1. Constant/xpath' is clicked on

2022-06-09 20:11:19 - [MESSAGE][PASSED] - Delayed 1 second(s)

2022-06-09 20:11:19 - [TEST_STEP][PASSED] - selectOptionByValue(findTestObject("1. Constant/xpath", ["xpath":"//*[@id="selSource_78"]"]), "1752", false): All options with value '1752' are selected in object 'Object Repository/1. Constant/xpath' 

2022-06-09 20:11:20 - [MESSAGE][PASSED] - All options with value '1752' are selected in object 'Object Repository/1. Constant/xpath' 

2022-06-09 20:11:20 - [TEST_STEP][PASSED] - I.select_multiplelist("//*[@id="selSource_78"]", "//*[@id="btnAdd_78"]", "1753"): Delayed 1 second(s)

2022-06-09 20:11:21 - [MESSAGE][PASSED] - Delayed 1 second(s)

2022-06-09 20:11:23 - [MESSAGE][PASSED] - All options with value '1753' are selected in object 'Object Repository/1. Constant/xpath' 

2022-06-09 20:11:25 - [MESSAGE][PASSED] - Delayed 2 second(s)

2022-06-09 20:11:25 - [MESSAGE][PASSED] - Object: 'Object Repository/1. Constant/xpath' is clicked on

2022-06-09 20:11:26 - [MESSAGE][PASSED] - Delayed 1 second(s)

2022-06-09 20:11:26 - [TEST_STEP][PASSED] - selectOptionByValue(findTestObject("1. Constant/xpath", ["xpath":"//*[@id="selSource_104"]"]), "73", false): All options with value '73' are selected in object 'Object Repository/1. Constant/xpath' 

2022-06-09 20:11:28 - [MESSAGE][PASSED] - All options with value '73' are selected in object 'Object Repository/1. Constant/xpath' 

2022-06-09 20:11:28 - [TEST_STEP][PASSED] - I.select_multiplelist("//*[@id="selSource_104"]", "//*[@id="btnAdd_104"]", "74"): Delayed 1 second(s)

2022-06-09 20:11:29 - [MESSAGE][PASSED] - Delayed 1 second(s)

2022-06-09 20:11:30 - [MESSAGE][PASSED] - All options with value '74' are selected in object 'Object Repository/1. Constant/xpath' 

2022-06-09 20:11:32 - [MESSAGE][PASSED] - Delayed 2 second(s)

2022-06-09 20:11:32 - [MESSAGE][PASSED] - Object: 'Object Repository/1. Constant/xpath' is clicked on

2022-06-09 20:11:33 - [MESSAGE][PASSED] - Delayed 1 second(s)

2022-06-09 20:11:33 - [TEST_STEP][PASSED] - takeScreenshot(): Taking screenshot successfully

2022-06-09 20:11:33 - [MESSAGE][PASSED] - Taking screenshot successfully
[[ATTACHMENT|D:\\Projet Test Auto\\Mediabox Test Automation\\Reports\\20220609_181011\\03. Parallel Testing (Testing)\\TS -PT PART 3\\10 NPP Support Action on Completed Ref\\20220609_181104\\1654798293409.png]]

2022-06-09 20:11:33 - [TEST_STEP][PASSED] - scrollToElement(findTestObject("1. Constant/xpath", ["xpath":"//*[@id="var_169"]"]), 10, OPTIONAL): Scroll to object 'Object Repository/1. Constant/xpath' successfully

2022-06-09 20:11:33 - [MESSAGE][PASSED] - Scroll to object 'Object Repository/1. Constant/xpath' successfully

2022-06-09 20:11:33 - [TEST_STEP][PASSED] - setText(findTestObject("1. Constant/xpath", ["xpath":"//*[@id="var_169"]"]), "Version History"): Text 'Version History' is set on object 'Object Repository/1. Constant/xpath'

2022-06-09 20:11:35 - [MESSAGE][PASSED] - Text 'Version History' is set on object 'Object Repository/1. Constant/xpath'

2022-06-09 20:11:35 - [TEST_STEP][PASSED] - click(findTestObject("HL Full Lifecycle/7 ModifyRefPage_button_Save")): Object: 'Object Repository/HL Full Lifecycle/7 ModifyRefPage_button_Save' is clicked on

2022-06-09 20:11:41 - [MESSAGE][PASSED] - Object: 'Object Repository/HL Full Lifecycle/7 ModifyRefPage_button_Save' is clicked on

2022-06-09 20:11:41 - [TEST_STEP][PASSED] - delay(1): Delayed 1 second(s)

2022-06-09 20:11:42 - [MESSAGE][PASSED] - Delayed 1 second(s)

2022-06-09 20:11:42 - [TEST_STEP][PASSED] - I.Logout_xpath("//*[@id="kt_header"]/div/div[2]/div[2]/div[1]/div/span/img", "//*[@id="kt_header"]/div/div[2]/div[2]/div[2]/a[2]"): Wait for page load successfully

2022-06-09 20:11:42 - [MESSAGE][PASSED] - Object: 'Object Repository/1. Constant/xpath' is clicked on

2022-06-09 20:11:43 - [MESSAGE][PASSED] - Delayed 1 second(s)

2022-06-09 20:11:45 - [MESSAGE][PASSED] - Object: 'Object Repository/1. Constant/xpath' is clicked on

2022-06-09 20:11:46 - [MESSAGE][PASSED] - Delayed 1 second(s)

2022-06-09 20:11:47 - [MESSAGE][PASSED] - Wait for page load successfully

2022-06-09 20:11:47 - [TEST_STEP][PASSED] - I.Login_password("ncur", password_ncur): Object: 'Object Repository/1. Constant/xpath' is clicked on

2022-06-09 20:11:47 - [MESSAGE][PASSED] - Text 'ncur' is set on object 'Object Repository/1. Constant/xpath'

2022-06-09 20:11:48 - [MESSAGE][PASSED] - Delayed 1 second(s)

2022-06-09 20:11:48 - [MESSAGE][PASSED] - Text 'dchi' is set on object 'Object Repository/1. Constant/xpath'

2022-06-09 20:11:49 - [MESSAGE][PASSED] - Delayed 1 second(s)

2022-06-09 20:11:53 - [MESSAGE][PASSED] - Object: 'Object Repository/1. Constant/xpath' is clicked on

2022-06-09 20:11:53 - [TEST_STEP][PASSED] - click(findTestObject("1. Constant/02_LHSMenu_Projects")): Object: 'Object Repository/1. Constant/02_LHSMenu_Projects' is clicked on

2022-06-09 20:12:09 - [MESSAGE][PASSED] - Object: 'Object Repository/1. Constant/02_LHSMenu_Projects' is clicked on

2022-06-09 20:12:09 - [TEST_STEP][PASSED] - I.SearchProjectNo_xpath(Project_No, "//*[@id="keynum_project"]", "//*[@id="form_filters"]/div[9]/button"): Delayed 5 second(s)

2022-06-09 20:12:10 - [MESSAGE][PASSED] - Delayed 1 second(s)

2022-06-09 20:12:11 - [MESSAGE][PASSED] - Text 'MI001068' is set on object 'Object Repository/1. Constant/xpath'

2022-06-09 20:12:14 - [MESSAGE][PASSED] - Delayed 3 second(s)

2022-06-09 20:12:14 - [MESSAGE][PASSED] - Scroll to object 'Object Repository/1. Constant/xpath' successfully

2022-06-09 20:12:20 - [MESSAGE][PASSED] - Object: 'Object Repository/1. Constant/xpath' is clicked on

2022-06-09 20:12:25 - [MESSAGE][PASSED] - Delayed 5 second(s)

2022-06-09 20:12:25 - [TEST_STEP][PASSED] - delay(2): Delayed 2 second(s)

2022-06-09 20:12:27 - [MESSAGE][PASSED] - Delayed 2 second(s)

2022-06-09 20:12:27 - [TEST_STEP][PASSED] - takeScreenshot(): Taking screenshot successfully

2022-06-09 20:12:27 - [MESSAGE][PASSED] - Taking screenshot successfully
[[ATTACHMENT|D:\\Projet Test Auto\\Mediabox Test Automation\\Reports\\20220609_181011\\03. Parallel Testing (Testing)\\TS -PT PART 3\\10 NPP Support Action on Completed Ref\\20220609_181104\\1654798347112.png]]

2022-06-09 20:12:27 - [TEST_STEP][PASSED] - click(findTestObject("1. Constant/xpath", ["xpath":"//*[@id="fiches"]/table/tbody/tr/td[10]/a[2]"])): Object: 'Object Repository/1. Constant/xpath' is clicked on

2022-06-09 20:12:31 - [MESSAGE][PASSED] - Object: 'Object Repository/1. Constant/xpath' is clicked on

2022-06-09 20:12:31 - [TEST_STEP][PASSED] - I.select_multiplelist("//*[@id="selSource_108"]", "//*[@id="btnAdd_108"]", "2344"): Delayed 1 second(s)

2022-06-09 20:12:32 - [MESSAGE][PASSED] - Delayed 1 second(s)

2022-06-09 20:12:32 - [MESSAGE][PASSED] - All options with value '2344' are selected in object 'Object Repository/1. Constant/xpath' 

2022-06-09 20:12:34 - [MESSAGE][PASSED] - Delayed 2 second(s)

2022-06-09 20:12:34 - [MESSAGE][PASSED] - Object: 'Object Repository/1. Constant/xpath' is clicked on

2022-06-09 20:12:35 - [MESSAGE][PASSED] - Delayed 1 second(s)

2022-06-09 20:12:35 - [TEST_STEP][PASSED] - click(findTestObject("1. Constant/xpath", ["xpath":"//*[@id="ModifFiche"]/div[1]/div/button[2]"])): Object: 'Object Repository/1. Constant/xpath' is clicked on

2022-06-09 20:12:42 - [MESSAGE][PASSED] - Object: 'Object Repository/1. Constant/xpath' is clicked on

2022-06-09 20:12:42 - [TEST_STEP][PASSED] - takeScreenshot(): Taking screenshot successfully

2022-06-09 20:12:42 - [MESSAGE][PASSED] - Taking screenshot successfully
[[ATTACHMENT|D:\\Projet Test Auto\\Mediabox Test Automation\\Reports\\20220609_181011\\03. Parallel Testing (Testing)\\TS -PT PART 3\\10 NPP Support Action on Completed Ref\\20220609_181104\\1654798362128.png]]

2022-06-09 20:12:42 - [TEST_STEP][PASSED] - click(findTestObject("1. Constant/xpath", ["xpath":"//*[@id="fiches"]/table/tbody/tr/td[10]/a[2]"])): Object: 'Object Repository/1. Constant/xpath' is clicked on

2022-06-09 20:12:46 - [MESSAGE][PASSED] - Object: 'Object Repository/1. Constant/xpath' is clicked on

2022-06-09 20:12:46 - [TEST_STEP][PASSED] - delay(1): Delayed 1 second(s)

2022-06-09 20:12:47 - [MESSAGE][PASSED] - Delayed 1 second(s)

2022-06-09 20:12:47 - [TEST_STEP][PASSED] - click(findTestObject("1. Constant/xpath", ["xpath":"//*[@id="ModifFiche"]/div[1]/div/button[2]"])): Object: 'Object Repository/1. Constant/xpath' is clicked on

2022-06-09 20:12:53 - [MESSAGE][PASSED] - Object: 'Object Repository/1. Constant/xpath' is clicked on

2022-06-09 20:12:53 - [TEST_STEP][PASSED] - delay(1): Delayed 1 second(s)

2022-06-09 20:12:54 - [MESSAGE][PASSED] - Delayed 1 second(s)

2022-06-09 20:12:54 - [TEST_STEP][PASSED] - click(findTestObject("1. Constant/xpath", ["xpath":"/html/body/div[1]/div[2]/div[4]/div[3]/div/div[2]/div[2]/table/tbody/tr/td[10]/div[2]/button"])): Object: 'Object Repository/1. Constant/xpath' is clicked on

2022-06-09 20:12:54 - [MESSAGE][PASSED] - Object: 'Object Repository/1. Constant/xpath' is clicked on

2022-06-09 20:12:54 - [TEST_STEP][PASSED] - delay(1): Delayed 1 second(s)

2022-06-09 20:12:55 - [MESSAGE][PASSED] - Delayed 1 second(s)

2022-06-09 20:12:55 - [TEST_STEP][PASSED] - click(findTestObject("1. Constant/xpath", ["xpath":"//*[@id="fiches"]/table/tbody/tr/td[10]/div[2]/div/a[1]"])): Object: 'Object Repository/1. Constant/xpath' is clicked on

2022-06-09 20:12:57 - [MESSAGE][PASSED] - Object: 'Object Repository/1. Constant/xpath' is clicked on

2022-06-09 20:12:57 - [TEST_STEP][PASSED] - takeScreenshot(): Taking screenshot successfully

2022-06-09 20:12:58 - [MESSAGE][PASSED] - Taking screenshot successfully
[[ATTACHMENT|D:\\Projet Test Auto\\Mediabox Test Automation\\Reports\\20220609_181011\\03. Parallel Testing (Testing)\\TS -PT PART 3\\10 NPP Support Action on Completed Ref\\20220609_181104\\1654798377858.png]]

2022-06-09 20:12:58 - [TEST_STEP][PASSED] - selectOptionByValue(findTestObject("1. Constant/xpath", ["xpath":"//*[@id="var_84"]"]), "akim", false): All options with value 'akim' are selected in object 'Object Repository/1. Constant/xpath' 

2022-06-09 20:12:58 - [MESSAGE][PASSED] - All options with value 'akim' are selected in object 'Object Repository/1. Constant/xpath' 

2022-06-09 20:12:58 - [TEST_STEP][PASSED] - click(findTestObject("1. Constant/xpath", ["xpath":"//*[@id="ModifFiche"]/div[1]/div/div"])): Object: 'Object Repository/1. Constant/xpath' is clicked on

2022-06-09 20:13:00 - [MESSAGE][PASSED] - Object: 'Object Repository/1. Constant/xpath' is clicked on

2022-06-09 20:13:00 - [TEST_STEP][PASSED] - delay(1): Delayed 1 second(s)

2022-06-09 20:13:01 - [MESSAGE][PASSED] - Delayed 1 second(s)

2022-06-09 20:13:01 - [TEST_STEP][PASSED] - click(findTestObject("1. Constant/xpath", ["xpath":"//*[@id="ModifFiche"]/div[1]/div/div/div/a[1]"])): Object: 'Object Repository/1. Constant/xpath' is clicked on

2022-06-09 20:13:08 - [MESSAGE][PASSED] - Object: 'Object Repository/1. Constant/xpath' is clicked on

2022-06-09 20:13:08 - [TEST_STEP][PASSED] - delay(2): Delayed 2 second(s)

2022-06-09 20:13:10 - [MESSAGE][PASSED] - Delayed 2 second(s)

2022-06-09 20:13:10 - [TEST_STEP][PASSED] - click(findTestObject("1. Constant/xpath", ["xpath":"//*[@id="fiches"]/table/tbody/tr/td[10]/div[2]/button"])): Object: 'Object Repository/1. Constant/xpath' is clicked on

2022-06-09 20:13:11 - [MESSAGE][PASSED] - Object: 'Object Repository/1. Constant/xpath' is clicked on

2022-06-09 20:13:11 - [TEST_STEP][PASSED] - delay(1): Delayed 1 second(s)

2022-06-09 20:13:12 - [MESSAGE][PASSED] - Delayed 1 second(s)

2022-06-09 20:13:12 - [TEST_STEP][PASSED] - click(findTestObject("1. Constant/xpath", ["xpath":"//*[@id="fiches"]/table/tbody/tr/td[10]/div[2]/div/a[1]"])): Object: 'Object Repository/1. Constant/xpath' is clicked on

2022-06-09 20:13:15 - [MESSAGE][PASSED] - Object: 'Object Repository/1. Constant/xpath' is clicked on

2022-06-09 20:13:15 - [TEST_STEP][PASSED] - takeScreenshot(): Taking screenshot successfully

2022-06-09 20:13:15 - [MESSAGE][PASSED] - Taking screenshot successfully
[[ATTACHMENT|D:\\Projet Test Auto\\Mediabox Test Automation\\Reports\\20220609_181011\\03. Parallel Testing (Testing)\\TS -PT PART 3\\10 NPP Support Action on Completed Ref\\20220609_181104\\1654798395106.png]]

2022-06-09 20:13:15 - [TEST_STEP][PASSED] - selectOptionByValue(findTestObject("1. Constant/xpath", ["xpath":"//*[@id="var_76"]"]), "afrappaz", false): All options with value 'afrappaz' are selected in object 'Object Repository/1. Constant/xpath' 

2022-06-09 20:13:17 - [MESSAGE][PASSED] - All options with value 'afrappaz' are selected in object 'Object Repository/1. Constant/xpath' 

2022-06-09 20:13:17 - [TEST_STEP][PASSED] - click(findTestObject("1. Constant/xpath", ["xpath":"//*[@id="ModifFiche"]/div[1]/div/div/button"])): Object: 'Object Repository/1. Constant/xpath' is clicked on

2022-06-09 20:13:18 - [MESSAGE][PASSED] - Object: 'Object Repository/1. Constant/xpath' is clicked on

2022-06-09 20:13:18 - [TEST_STEP][PASSED] - delay(1): Delayed 1 second(s)

2022-06-09 20:13:19 - [MESSAGE][PASSED] - Delayed 1 second(s)

2022-06-09 20:13:19 - [TEST_STEP][PASSED] - click(findTestObject("1. Constant/xpath", ["xpath":"//*[@id="ModifFiche"]/div[1]/div/div/div/a[1]"])): Object: 'Object Repository/1. Constant/xpath' is clicked on

2022-06-09 20:13:27 - [MESSAGE][PASSED] - Object: 'Object Repository/1. Constant/xpath' is clicked on

2022-06-09 20:13:27 - [TEST_STEP][PASSED] - delay(2): Delayed 2 second(s)

2022-06-09 20:13:29 - [MESSAGE][PASSED] - Delayed 2 second(s)

2022-06-09 20:13:29 - [TEST_STEP][PASSED] - click(findTestObject("1. Constant/xpath", ["xpath":"//*[@id="fiches"]/table/tbody/tr/td[10]/div[2]/button"])): Object: 'Object Repository/1. Constant/xpath' is clicked on

2022-06-09 20:13:31 - [MESSAGE][PASSED] - Object: 'Object Repository/1. Constant/xpath' is clicked on

2022-06-09 20:13:31 - [TEST_STEP][PASSED] - delay(1): Delayed 1 second(s)

2022-06-09 20:13:32 - [MESSAGE][PASSED] - Delayed 1 second(s)

2022-06-09 20:13:32 - [TEST_STEP][PASSED] - click(findTestObject("1. Constant/xpath", ["xpath":"//*[@id="fiches"]/table/tbody/tr/td[10]/div[2]/div/a[1]"])): Object: 'Object Repository/1. Constant/xpath' is clicked on

2022-06-09 20:13:37 - [MESSAGE][PASSED] - Object: 'Object Repository/1. Constant/xpath' is clicked on

2022-06-09 20:13:37 - [TEST_STEP][PASSED] - takeScreenshot(): Taking screenshot successfully

2022-06-09 20:13:39 - [MESSAGE][PASSED] - Taking screenshot successfully
[[ATTACHMENT|D:\\Projet Test Auto\\Mediabox Test Automation\\Reports\\20220609_181011\\03. Parallel Testing (Testing)\\TS -PT PART 3\\10 NPP Support Action on Completed Ref\\20220609_181104\\1654798417907.png]]

2022-06-09 20:13:39 - [TEST_STEP][PASSED] - delay(1): Delayed 1 second(s)

2022-06-09 20:13:40 - [MESSAGE][PASSED] - Delayed 1 second(s)

2022-06-09 20:13:40 - [TEST_STEP][PASSED] - click(findTestObject("1. Constant/xpath", ["xpath":"//*[@id="ModifFiche"]/div[1]/div/div/button"])): Object: 'Object Repository/1. Constant/xpath' is clicked on

2022-06-09 20:13:43 - [MESSAGE][PASSED] - Object: 'Object Repository/1. Constant/xpath' is clicked on

2022-06-09 20:13:43 - [TEST_STEP][PASSED] - delay(1): Delayed 1 second(s)

2022-06-09 20:13:44 - [MESSAGE][PASSED] - Delayed 1 second(s)

2022-06-09 20:13:44 - [TEST_STEP][PASSED] - click(findTestObject("1. Constant/xpath", ["xpath":"//*[@id="ModifFiche"]/div[1]/div/div/div/a[1]"])): Object: 'Object Repository/1. Constant/xpath' is clicked on

2022-06-09 20:13:52 - [MESSAGE][PASSED] - Object: 'Object Repository/1. Constant/xpath' is clicked on

2022-06-09 20:13:52 - [TEST_STEP][PASSED] - delay(2): Delayed 2 second(s)

2022-06-09 20:13:54 - [MESSAGE][PASSED] - Delayed 2 second(s)

2022-06-09 20:13:54 - [TEST_STEP][PASSED] - click(findTestObject("1. Constant/xpath", ["xpath":"//*[@id="fiches"]/table/tbody/tr/td[10]/div[2]/button"])): Object: 'Object Repository/1. Constant/xpath' is clicked on

2022-06-09 20:13:56 - [MESSAGE][PASSED] - Object: 'Object Repository/1. Constant/xpath' is clicked on

2022-06-09 20:13:56 - [TEST_STEP][PASSED] - delay(1): Delayed 1 second(s)

2022-06-09 20:13:57 - [MESSAGE][PASSED] - Delayed 1 second(s)

2022-06-09 20:13:57 - [TEST_STEP][PASSED] - click(findTestObject("1. Constant/xpath", ["xpath":"//*[@id="fiches"]/table/tbody/tr/td[10]/div[2]/div/a[1]"])): Object: 'Object Repository/1. Constant/xpath' is clicked on

2022-06-09 20:14:02 - [MESSAGE][PASSED] - Object: 'Object Repository/1. Constant/xpath' is clicked on

2022-06-09 20:14:02 - [TEST_STEP][PASSED] - takeScreenshot(): Taking screenshot successfully

2022-06-09 20:14:04 - [MESSAGE][PASSED] - Taking screenshot successfully
[[ATTACHMENT|D:\\Projet Test Auto\\Mediabox Test Automation\\Reports\\20220609_181011\\03. Parallel Testing (Testing)\\TS -PT PART 3\\10 NPP Support Action on Completed Ref\\20220609_181104\\1654798443683.png]]

2022-06-09 20:14:04 - [TEST_STEP][PASSED] - delay(1): Delayed 1 second(s)

2022-06-09 20:14:05 - [MESSAGE][PASSED] - Delayed 1 second(s)

2022-06-09 20:14:05 - [TEST_STEP][PASSED] - selectOptionByValue(findTestObject("1. Constant/xpath", ["xpath":"//*[@id="var_56"]"]), "aserment", false): All options with value 'aserment' are selected in object 'Object Repository/1. Constant/xpath' 

2022-06-09 20:14:09 - [MESSAGE][PASSED] - All options with value 'aserment' are selected in object 'Object Repository/1. Constant/xpath' 

2022-06-09 20:14:09 - [TEST_STEP][PASSED] - click(findTestObject("1. Constant/xpath", ["xpath":"//*[@id="ModifFiche"]/div[1]/div/div/button"])): Object: 'Object Repository/1. Constant/xpath' is clicked on

2022-06-09 20:14:10 - [MESSAGE][PASSED] - Object: 'Object Repository/1. Constant/xpath' is clicked on

2022-06-09 20:14:10 - [TEST_STEP][PASSED] - delay(1): Delayed 1 second(s)

2022-06-09 20:14:11 - [MESSAGE][PASSED] - Delayed 1 second(s)

2022-06-09 20:14:11 - [TEST_STEP][PASSED] - click(findTestObject("1. Constant/xpath", ["xpath":"//*[@id="ModifFiche"]/div[1]/div/div/div/a[1]"])): Object: 'Object Repository/1. Constant/xpath' is clicked on

2022-06-09 20:14:23 - [MESSAGE][PASSED] - Object: 'Object Repository/1. Constant/xpath' is clicked on

2022-06-09 20:14:23 - [TEST_STEP][PASSED] - delay(2): Delayed 2 second(s)

2022-06-09 20:14:25 - [MESSAGE][PASSED] - Delayed 2 second(s)

2022-06-09 20:14:25 - [TEST_STEP][PASSED] - takeScreenshot(): Taking screenshot successfully

2022-06-09 20:14:27 - [MESSAGE][PASSED] - Taking screenshot successfully
[[ATTACHMENT|D:\\Projet Test Auto\\Mediabox Test Automation\\Reports\\20220609_181011\\03. Parallel Testing (Testing)\\TS -PT PART 3\\10 NPP Support Action on Completed Ref\\20220609_181104\\1654798465859.png]]

2022-06-09 20:14:27 - [TEST_STEP][PASSED] - click(findTestObject("1. Constant/xpath", ["xpath":"//*[@id="fiches"]/table/tbody/tr/td[10]/div[1]/button"])): Object: 'Object Repository/1. Constant/xpath' is clicked on

2022-06-09 20:14:29 - [MESSAGE][PASSED] - Object: 'Object Repository/1. Constant/xpath' is clicked on

2022-06-09 20:14:29 - [TEST_STEP][PASSED] - delay(3): Delayed 3 second(s)

2022-06-09 20:14:32 - [MESSAGE][PASSED] - Delayed 3 second(s)

2022-06-09 20:14:32 - [TEST_STEP][PASSED] - click(findTestObject("1. Constant/xpath", ["xpath":"//*[@id="fiches"]/table/tbody/tr/td[10]/div[1]/div/a[2]"])): Object: 'Object Repository/1. Constant/xpath' is clicked on

2022-06-09 20:14:39 - [MESSAGE][PASSED] - Object: 'Object Repository/1. Constant/xpath' is clicked on

2022-06-09 20:14:39 - [TEST_STEP][PASSED] - delay(3): Delayed 3 second(s)

2022-06-09 20:14:42 - [MESSAGE][PASSED] - Delayed 3 second(s)

2022-06-09 20:14:42 - [TEST_STEP][PASSED] - takeScreenshot(): Taking screenshot successfully

2022-06-09 20:14:44 - [MESSAGE][PASSED] - Taking screenshot successfully
[[ATTACHMENT|D:\\Projet Test Auto\\Mediabox Test Automation\\Reports\\20220609_181011\\03. Parallel Testing (Testing)\\TS -PT PART 3\\10 NPP Support Action on Completed Ref\\20220609_181104\\1654798483699.png]]

2022-06-09 20:14:44 - [TEST_STEP][PASSED] - click(findTestObject("1. Constant/xpath", ["xpath":"//*[@id="aff_newfield_zone"]"])): Object: 'Object Repository/1. Constant/xpath' is clicked on

2022-06-09 20:14:47 - [MESSAGE][PASSED] - Object: 'Object Repository/1. Constant/xpath' is clicked on

2022-06-09 20:14:47 - [TEST_STEP][PASSED] - delay(3): Delayed 3 second(s)

2022-06-09 20:14:50 - [MESSAGE][PASSED] - Delayed 3 second(s)

2022-06-09 20:14:50 - [TEST_STEP][PASSED] - I.Pagedown(): Execute JavaScript 'window.scrollTo(0, document.body.scrollHeight)' successfully

2022-06-09 20:14:50 - [MESSAGE][PASSED] - Execute JavaScript 'window.scrollTo(0, document.body.scrollHeight)' successfully

2022-06-09 20:14:50 - [TEST_STEP][PASSED] - selectOptionByValue(findTestObject("1. Constant/xpath", ["xpath":"//*[@id="type_new"]"]), "160", false): All options with value '160' are selected in object 'Object Repository/1. Constant/xpath' 

2022-06-09 20:14:52 - [MESSAGE][PASSED] - All options with value '160' are selected in object 'Object Repository/1. Constant/xpath' 

2022-06-09 20:14:52 - [TEST_STEP][PASSED] - delay(3): Delayed 3 second(s)

2022-06-09 20:14:55 - [MESSAGE][PASSED] - Delayed 3 second(s)

2022-06-09 20:14:55 - [TEST_STEP][PASSED] - click(findTestObject("1. Constant/xpath", ["xpath":"//*[@id="add_newtranslationfield"]"])): Object: 'Object Repository/1. Constant/xpath' is clicked on

2022-06-09 20:14:57 - [MESSAGE][PASSED] - Object: 'Object Repository/1. Constant/xpath' is clicked on

2022-06-09 20:14:57 - [TEST_STEP][PASSED] - delay(3): Delayed 3 second(s)

2022-06-09 20:15:00 - [MESSAGE][PASSED] - Delayed 3 second(s)

2022-06-09 20:15:00 - [TEST_STEP][PASSED] - I.click_button_javascript(findTestObject("1. Constant/xpath", ["xpath":"//*[@id="ModifFiche"]/div[1]/div[2]/button[2]"])): Execute JavaScript 'arguments[0].click()' successfully

2022-06-09 20:15:09 - [MESSAGE][PASSED] - Execute JavaScript 'arguments[0].click()' successfully

2022-06-09 20:15:09 - [TEST_STEP][PASSED] - delay(3): Delayed 3 second(s)

2022-06-09 20:15:12 - [MESSAGE][PASSED] - Delayed 3 second(s)

2022-06-09 20:15:12 - [TEST_STEP][PASSED] - takeScreenshot(): Taking screenshot successfully

2022-06-09 20:15:13 - [MESSAGE][PASSED] - Taking screenshot successfully
[[ATTACHMENT|D:\\Projet Test Auto\\Mediabox Test Automation\\Reports\\20220609_181011\\03. Parallel Testing (Testing)\\TS -PT PART 3\\10 NPP Support Action on Completed Ref\\20220609_181104\\1654798512920.png]]

2022-06-09 20:15:13 - [TEST_STEP][PASSED] - I.select_multiplelist("//*[@id="selSource_default_target_language"]", "//*[@id="btn_add_default_target_language"]", "EN"): Delayed 1 second(s)

2022-06-09 20:15:14 - [MESSAGE][PASSED] - Delayed 1 second(s)

2022-06-09 20:15:14 - [MESSAGE][PASSED] - All options with value 'EN' are selected in object 'Object Repository/1. Constant/xpath' 

2022-06-09 20:15:16 - [MESSAGE][PASSED] - Delayed 2 second(s)

2022-06-09 20:15:17 - [MESSAGE][PASSED] - Object: 'Object Repository/1. Constant/xpath' is clicked on

2022-06-09 20:15:18 - [MESSAGE][PASSED] - Delayed 1 second(s)

2022-06-09 20:15:18 - [TEST_STEP][PASSED] - delay(3): Delayed 3 second(s)

2022-06-09 20:15:21 - [MESSAGE][PASSED] - Delayed 3 second(s)

2022-06-09 20:15:21 - [TEST_STEP][PASSED] - selectOptionByValue(findTestObject("1. Constant/xpath", ["xpath":"//*[@id="var_127_128_line_1"]"]), "2211", false): All options with value '2211' are selected in object 'Object Repository/1. Constant/xpath' 

2022-06-09 20:15:25 - [MESSAGE][PASSED] - All options with value '2211' are selected in object 'Object Repository/1. Constant/xpath' 

2022-06-09 20:15:25 - [TEST_STEP][PASSED] - delay(3): Delayed 3 second(s)

2022-06-09 20:15:28 - [MESSAGE][PASSED] - Delayed 3 second(s)

2022-06-09 20:15:28 - [TEST_STEP][PASSED] - setText(findTestObject("1. Constant/xpath", ["xpath":"//*[@id="var_72"]"]), "01/12/2021"): Text '01/12/2021' is set on object 'Object Repository/1. Constant/xpath'

2022-06-09 20:15:29 - [MESSAGE][PASSED] - Text '01/12/2021' is set on object 'Object Repository/1. Constant/xpath'

2022-06-09 20:15:29 - [TEST_STEP][PASSED] - delay(3): Delayed 3 second(s)

2022-06-09 20:15:32 - [MESSAGE][PASSED] - Delayed 3 second(s)

2022-06-09 20:15:32 - [TEST_STEP][PASSED] - setText(findTestObject("1. Constant/xpath", ["xpath":"//*[@id="var_116"]"]), "01/12/2021"): Text '01/12/2021' is set on object 'Object Repository/1. Constant/xpath'

2022-06-09 20:15:33 - [MESSAGE][PASSED] - Text '01/12/2021' is set on object 'Object Repository/1. Constant/xpath'

2022-06-09 20:15:33 - [TEST_STEP][PASSED] - I.Pagedown(): Execute JavaScript 'window.scrollTo(0, document.body.scrollHeight)' successfully

2022-06-09 20:15:33 - [MESSAGE][PASSED] - Execute JavaScript 'window.scrollTo(0, document.body.scrollHeight)' successfully

2022-06-09 20:15:33 - [TEST_STEP][PASSED] - I.select_multiplelist("//*[@id="selSource_61"]", "//*[@id="btnAdd_61"]", "2147"): Delayed 1 second(s)

2022-06-09 20:15:34 - [MESSAGE][PASSED] - Delayed 1 second(s)

2022-06-09 20:15:34 - [MESSAGE][PASSED] - All options with value '2147' are selected in object 'Object Repository/1. Constant/xpath' 

2022-06-09 20:15:36 - [MESSAGE][PASSED] - Delayed 2 second(s)

2022-06-09 20:15:37 - [MESSAGE][PASSED] - Object: 'Object Repository/1. Constant/xpath' is clicked on

2022-06-09 20:15:38 - [MESSAGE][PASSED] - Delayed 1 second(s)

2022-06-09 20:15:38 - [TEST_STEP][PASSED] - takeScreenshot(): Taking screenshot successfully

2022-06-09 20:15:39 - [MESSAGE][PASSED] - Taking screenshot successfully
[[ATTACHMENT|D:\\Projet Test Auto\\Mediabox Test Automation\\Reports\\20220609_181011\\03. Parallel Testing (Testing)\\TS -PT PART 3\\10 NPP Support Action on Completed Ref\\20220609_181104\\1654798538679.png]]

2022-06-09 20:15:39 - [TEST_STEP][PASSED] - I.click_button_javascript(findTestObject("1. Constant/xpath", ["xpath":"//*[@id="ModifFiche"]/div[3]/div/button[2]"])): Execute JavaScript 'arguments[0].click()' successfully

2022-06-09 20:15:47 - [MESSAGE][PASSED] - Execute JavaScript 'arguments[0].click()' successfully

2022-06-09 20:15:47 - [TEST_STEP][PASSED] - delay(1): Delayed 1 second(s)

2022-06-09 20:15:48 - [MESSAGE][PASSED] - Delayed 1 second(s)

2022-06-09 20:15:48 - [TEST_STEP][PASSED] - I.Logout_xpath("//*[@id="kt_header"]/div/div[2]/div[2]/div[1]/div/span/img", "//*[@id="kt_header"]/div/div[2]/div[2]/div[2]/a[2]"): Wait for page load successfully

2022-06-09 20:15:49 - [MESSAGE][PASSED] - Object: 'Object Repository/1. Constant/xpath' is clicked on

2022-06-09 20:15:50 - [MESSAGE][PASSED] - Delayed 1 second(s)

2022-06-09 20:15:54 - [MESSAGE][PASSED] - Object: 'Object Repository/1. Constant/xpath' is clicked on

2022-06-09 20:15:55 - [MESSAGE][PASSED] - Delayed 1 second(s)

2022-06-09 20:15:55 - [MESSAGE][PASSED] - Wait for page load successfully

2022-06-09 20:15:55 - [TEST_STEP][PASSED] - I.Login_password("lmoodie_mkt", password_lmoodie_mkt): Object: 'Object Repository/1. Constant/xpath' is clicked on

2022-06-09 20:15:56 - [MESSAGE][PASSED] - Text 'lmoodie_mkt' is set on object 'Object Repository/1. Constant/xpath'

2022-06-09 20:15:57 - [MESSAGE][PASSED] - Delayed 1 second(s)

2022-06-09 20:15:57 - [MESSAGE][PASSED] - Text 'dchi' is set on object 'Object Repository/1. Constant/xpath'

2022-06-09 20:15:58 - [MESSAGE][PASSED] - Delayed 1 second(s)

2022-06-09 20:16:02 - [MESSAGE][PASSED] - Object: 'Object Repository/1. Constant/xpath' is clicked on

2022-06-09 20:16:02 - [TEST_STEP][PASSED] - md = I.Get_Task_No("//*[@id="kt_header"]/div/div[2]/div[1]/div[1]/span"): Text of object 'Object Repository/1. Constant/xpath' is: '72'

2022-06-09 20:16:02 - [MESSAGE][PASSED] - Text of object 'Object Repository/1. Constant/xpath' is: '72'

2022-06-09 20:16:02 - [TEST_STEP][PASSED] - click(findTestObject("1. Constant/xpath", ["xpath":"//*[@id="menu_2"]/a"])): Object: 'Object Repository/1. Constant/xpath' is clicked on

2022-06-09 20:16:11 - [MESSAGE][PASSED] - Object: 'Object Repository/1. Constant/xpath' is clicked on

2022-06-09 20:16:11 - [TEST_STEP][PASSED] - I.SearchProjectNo_xpath(Project_No, "//*[@id="keynum_project"]", "//*[@id="form_filters"]/div[20]/button"): Delayed 5 second(s)

2022-06-09 20:16:12 - [MESSAGE][PASSED] - Delayed 1 second(s)

2022-06-09 20:16:13 - [MESSAGE][PASSED] - Text 'MI001068' is set on object 'Object Repository/1. Constant/xpath'

2022-06-09 20:16:16 - [MESSAGE][PASSED] - Delayed 3 second(s)

2022-06-09 20:16:16 - [MESSAGE][PASSED] - Scroll to object 'Object Repository/1. Constant/xpath' successfully

2022-06-09 20:16:21 - [MESSAGE][PASSED] - Object: 'Object Repository/1. Constant/xpath' is clicked on

2022-06-09 20:16:26 - [MESSAGE][PASSED] - Delayed 5 second(s)

2022-06-09 20:16:26 - [TEST_STEP][PASSED] - delay(1): Delayed 1 second(s)

2022-06-09 20:16:27 - [MESSAGE][PASSED] - Delayed 1 second(s)

2022-06-09 20:16:27 - [TEST_STEP][PASSED] - takeScreenshot(): Taking screenshot successfully

2022-06-09 20:16:27 - [MESSAGE][PASSED] - Taking screenshot successfully
[[ATTACHMENT|D:\\Projet Test Auto\\Mediabox Test Automation\\Reports\\20220609_181011\\03. Parallel Testing (Testing)\\TS -PT PART 3\\10 NPP Support Action on Completed Ref\\20220609_181104\\1654798587544.png]]

2022-06-09 20:16:27 - [TEST_STEP][PASSED] - click(findTestObject("1. Constant/xpath", ["xpath":"//*[@id="source_" + refID + ""]/td[12]/a[2]"])): Object: 'Object Repository/1. Constant/xpath' is clicked on

2022-06-09 20:16:31 - [MESSAGE][PASSED] - Object: 'Object Repository/1. Constant/xpath' is clicked on

2022-06-09 20:16:31 - [TEST_STEP][PASSED] - md2 = I.Get_Task_No("//*[@id="kt_header"]/div/div[2]/div[1]/div[1]/span"): Text of object 'Object Repository/1. Constant/xpath' is: '71'

2022-06-09 20:16:31 - [MESSAGE][PASSED] - Text of object 'Object Repository/1. Constant/xpath' is: '71'

2022-06-09 20:16:31 - [TEST_STEP][PASSED] - verifyEqual(md - 1, md2): Actual object '71' and expected object '71' are equal

2022-06-09 20:16:31 - [MESSAGE][PASSED] - Actual object '71' and expected object '71' are equal

2022-06-09 20:16:31 - [TEST_STEP][PASSED] - closeBrowser(): Browser is closed

2022-06-09 20:16:32 - [MESSAGE][PASSED] - Browser is closed

2022-06-09 20:16:32 - [TEST_STEP][PASSED] - Start listener action : sampleAfterTestCase: null]]></system-out>
         <system-err><![CDATA[]]></system-err>
      </testcase>
      <testcase name="Test Cases/16 Support action (Completed ref)/16.11 NPP SAS translation - skip translation and rest to LS _SKIP RSA S8" time="511.796" classname="Test Cases/16 Support action (Completed ref)/16.11 NPP SAS translation - skip translation and rest to LS _SKIP RSA S8" status="PASSED">
         <system-out><![CDATA[2022-06-09 20:16:32 - [TEST_CASE][PASSED] - Test Cases/16 Support action (Completed ref)/16.11 NPP SAS translation - skip translation and rest to LS _SKIP RSA S8: Test Cases/16 Support action (Completed ref)/16.11 NPP SAS translation - skip translation and rest to LS _SKIP RSA S8

2022-06-09 20:16:33 - [TEST_STEP][PASSED] - data_Npp = findTestData("Data Files/Username_Password/Npp"): null

2022-06-09 20:16:33 - [TEST_STEP][PASSED] - password_ncur = data_Npp.getValue(2, 1): null

2022-06-09 20:16:33 - [TEST_STEP][PASSED] - password_akim = data_Npp.getValue(2, 2): null

2022-06-09 20:16:33 - [TEST_STEP][PASSED] - data_urlRELAUTO = findTestData("Data Files/URL/URL_relauto"): null

2022-06-09 20:16:33 - [TEST_STEP][PASSED] - Url_Npp = data_urlRELAUTO.getValue(2, 5): null

2022-06-09 20:16:33 - [TEST_STEP][PASSED] - openBrowser(Url_Npp): Browser is opened with url: ' http://mdb-release.diadeis.lan/MediaboxIndependence/?MBI_datasource=RELTESTAUTO_NPP'

2022-06-09 20:16:33 - [MESSAGE][INFO] - Starting 'Chrome (headless)' driver

2022-06-09 20:16:33 - [MESSAGE][INFO] - User set preference: ['args', '[--window-size=1920,1080, --headless]']

2022-06-09 20:16:33 - [MESSAGE][INFO] - Action delay is set to 0 milliseconds

2022-06-09 20:16:40 - [MESSAGE][PASSED] - Browser is opened with url: ' http://mdb-release.diadeis.lan/MediaboxIndependence/?MBI_datasource=RELTESTAUTO_NPP'

2022-06-09 20:16:40 - [TEST_STEP][PASSED] - maximizeWindow(): Current window maximized

2022-06-09 20:16:40 - [MESSAGE][PASSED] - Current window maximized

2022-06-09 20:16:40 - [TEST_STEP][PASSED] - takeScreenshot(): Taking screenshot successfully

2022-06-09 20:16:40 - [MESSAGE][PASSED] - Taking screenshot successfully
[[ATTACHMENT|D:\\Projet Test Auto\\Mediabox Test Automation\\Reports\\20220609_181011\\03. Parallel Testing (Testing)\\TS -PT PART 3\\10 NPP Support Action on Completed Ref\\20220609_181104\\1654798600730.png]]

2022-06-09 20:16:40 - [TEST_STEP][PASSED] - I.Login_password("akim", password_akim): Object: 'Object Repository/1. Constant/xpath' is clicked on

2022-06-09 20:16:41 - [MESSAGE][PASSED] - Text 'akim' is set on object 'Object Repository/1. Constant/xpath'

2022-06-09 20:16:42 - [MESSAGE][PASSED] - Delayed 1 second(s)

2022-06-09 20:16:42 - [MESSAGE][PASSED] - Text 'dchi' is set on object 'Object Repository/1. Constant/xpath'

2022-06-09 20:16:43 - [MESSAGE][PASSED] - Delayed 1 second(s)

2022-06-09 20:16:51 - [MESSAGE][PASSED] - Object: 'Object Repository/1. Constant/xpath' is clicked on

2022-06-09 20:16:51 - [TEST_STEP][PASSED] - takeScreenshot(): Taking screenshot successfully

2022-06-09 20:16:51 - [MESSAGE][PASSED] - Taking screenshot successfully
[[ATTACHMENT|D:\\Projet Test Auto\\Mediabox Test Automation\\Reports\\20220609_181011\\03. Parallel Testing (Testing)\\TS -PT PART 3\\10 NPP Support Action on Completed Ref\\20220609_181104\\1654798611493.png]]

2022-06-09 20:16:51 - [TEST_STEP][PASSED] - click(findTestObject("1. Constant/02_LHSMenu_Projects")): Object: 'Object Repository/1. Constant/02_LHSMenu_Projects' is clicked on

2022-06-09 20:17:01 - [MESSAGE][PASSED] - Object: 'Object Repository/1. Constant/02_LHSMenu_Projects' is clicked on

2022-06-09 20:17:01 - [TEST_STEP][PASSED] - click(findTestObject("xxx Todelete/3 ProjectListPage_Create_Project_Button")): Object: 'Object Repository/xxx Todelete/3 ProjectListPage_Create_Project_Button' is clicked on

2022-06-09 20:17:07 - [MESSAGE][PASSED] - Object: 'Object Repository/xxx Todelete/3 ProjectListPage_Create_Project_Button' is clicked on

2022-06-09 20:17:07 - [TEST_STEP][PASSED] - takeScreenshot(): Taking screenshot successfully

2022-06-09 20:17:07 - [MESSAGE][PASSED] - Taking screenshot successfully
[[ATTACHMENT|D:\\Projet Test Auto\\Mediabox Test Automation\\Reports\\20220609_181011\\03. Parallel Testing (Testing)\\TS -PT PART 3\\10 NPP Support Action on Completed Ref\\20220609_181104\\1654798627091.png]]

2022-06-09 20:17:07 - [TEST_STEP][PASSED] - "On the modify project page : Fill in all field": null

2022-06-09 20:17:07 - [TEST_STEP][PASSED] - LSSNumber_name = "AutoTest_Npp_SAS_Part5_" + RandomStringUtils.randomAlphanumeric(10) + "_" + I.gettimedate(): null

2022-06-09 20:17:07 - [TEST_STEP][PASSED] - setText(findTestObject("1. Constant/xpath", ["xpath":"//*[@id="var_70"]"]), LSSNumber_name): Text 'AutoTest_Npp_SAS_Part5_wnpP7PMGDQ_juin092022_201707' is set on object 'Object Repository/1. Constant/xpath'

2022-06-09 20:17:08 - [MESSAGE][PASSED] - Text 'AutoTest_Npp_SAS_Part5_wnpP7PMGDQ_juin092022_201707' is set on object 'Object Repository/1. Constant/xpath'

2022-06-09 20:17:08 - [TEST_STEP][PASSED] - selectOptionByValue(findTestObject("1. Constant/xpath", ["xpath":"//*[@id="var_107"]"]), "2420", false): All options with value '2420' are selected in object 'Object Repository/1. Constant/xpath' 

2022-06-09 20:17:08 - [MESSAGE][PASSED] - All options with value '2420' are selected in object 'Object Repository/1. Constant/xpath' 

2022-06-09 20:17:08 - [TEST_STEP][PASSED] - delay(2): Delayed 2 second(s)

2022-06-09 20:17:10 - [MESSAGE][PASSED] - Delayed 2 second(s)

2022-06-09 20:17:10 - [TEST_STEP][PASSED] - I.select_multiplelist("//*[@id="selSource_108"]", "//*[@id="btnAdd_108"]", "2354"): Delayed 1 second(s)

2022-06-09 20:17:11 - [MESSAGE][PASSED] - Delayed 1 second(s)

2022-06-09 20:17:11 - [MESSAGE][PASSED] - All options with value '2354' are selected in object 'Object Repository/1. Constant/xpath' 

2022-06-09 20:17:13 - [MESSAGE][PASSED] - Delayed 2 second(s)

2022-06-09 20:17:14 - [MESSAGE][PASSED] - Object: 'Object Repository/1. Constant/xpath' is clicked on

2022-06-09 20:17:15 - [MESSAGE][PASSED] - Delayed 1 second(s)

2022-06-09 20:17:15 - [TEST_STEP][PASSED] - setText(findTestObject("1. Constant/xpath", ["xpath":"//*[@id="var_110"]"]), "Variety test"): Text 'Variety test' is set on object 'Object Repository/1. Constant/xpath'

2022-06-09 20:17:15 - [MESSAGE][PASSED] - Text 'Variety test' is set on object 'Object Repository/1. Constant/xpath'

2022-06-09 20:17:15 - [TEST_STEP][PASSED] - setText(findTestObject("1. Constant/xpath", ["xpath":"//*[@id="var_133"]"]), "Alternative Format code test "): Text 'Alternative Format code test ' is set on object 'Object Repository/1. Constant/xpath'

2022-06-09 20:17:16 - [MESSAGE][PASSED] - Text 'Alternative Format code test ' is set on object 'Object Repository/1. Constant/xpath'

2022-06-09 20:17:16 - [TEST_STEP][PASSED] - setText(findTestObject("1. Constant/xpath", ["xpath":"//*[@id="var_65"]"]), "FORMAT Product designation test "): Text 'FORMAT Product designation test ' is set on object 'Object Repository/1. Constant/xpath'

2022-06-09 20:17:16 - [MESSAGE][PASSED] - Text 'FORMAT Product designation test ' is set on object 'Object Repository/1. Constant/xpath'

2022-06-09 20:17:16 - [TEST_STEP][PASSED] - I.select_multiplelist("//*[@id="selSource_91"]", "//*[@id="btnAdd_91"]", "1023"): Delayed 1 second(s)

2022-06-09 20:17:17 - [MESSAGE][PASSED] - Delayed 1 second(s)

2022-06-09 20:17:17 - [MESSAGE][PASSED] - All options with value '1023' are selected in object 'Object Repository/1. Constant/xpath' 

2022-06-09 20:17:19 - [MESSAGE][PASSED] - Delayed 2 second(s)

2022-06-09 20:17:19 - [MESSAGE][PASSED] - Object: 'Object Repository/1. Constant/xpath' is clicked on

2022-06-09 20:17:20 - [MESSAGE][PASSED] - Delayed 1 second(s)

2022-06-09 20:17:20 - [TEST_STEP][PASSED] - setText(findTestObject("1. Constant/xpath", ["xpath":"//*[@id="var_71"]"]), "25/08/2021"): Text '25/08/2021' is set on object 'Object Repository/1. Constant/xpath'

2022-06-09 20:17:22 - [MESSAGE][PASSED] - Text '25/08/2021' is set on object 'Object Repository/1. Constant/xpath'

2022-06-09 20:17:22 - [TEST_STEP][PASSED] - setText(findTestObject("1. Constant/xpath", ["xpath":"//*[@id="var_89"]"]), "Project Information - Comments"): Text 'Project Information - Comments' is set on object 'Object Repository/1. Constant/xpath'

2022-06-09 20:17:23 - [MESSAGE][PASSED] - Text 'Project Information - Comments' is set on object 'Object Repository/1. Constant/xpath'

2022-06-09 20:17:23 - [TEST_STEP][PASSED] - setText(findTestObject("1. Constant/xpath", ["xpath":"//*[@id="var_93"]"]), "Reason for change test"): Text 'Reason for change test' is set on object 'Object Repository/1. Constant/xpath'

2022-06-09 20:17:24 - [MESSAGE][PASSED] - Text 'Reason for change test' is set on object 'Object Repository/1. Constant/xpath'

2022-06-09 20:17:24 - [TEST_STEP][PASSED] - I.select_multiplelist("//*[@id="selSource_54"]", "//*[@id="btnAdd_54"]", "1081"): Delayed 1 second(s)

2022-06-09 20:17:25 - [MESSAGE][PASSED] - Delayed 1 second(s)

2022-06-09 20:17:25 - [MESSAGE][PASSED] - All options with value '1081' are selected in object 'Object Repository/1. Constant/xpath' 

2022-06-09 20:17:27 - [MESSAGE][PASSED] - Delayed 2 second(s)

2022-06-09 20:17:27 - [MESSAGE][PASSED] - Object: 'Object Repository/1. Constant/xpath' is clicked on

2022-06-09 20:17:28 - [MESSAGE][PASSED] - Delayed 1 second(s)

2022-06-09 20:17:28 - [TEST_STEP][PASSED] - delay(5): Delayed 5 second(s)

2022-06-09 20:17:33 - [MESSAGE][PASSED] - Delayed 5 second(s)

2022-06-09 20:17:33 - [TEST_STEP][PASSED] - I.select_multiplelist("//*[@id="selSource_106"]", "//*[@id="btnAdd_106"]", "2787"): Delayed 1 second(s)

2022-06-09 20:17:34 - [MESSAGE][PASSED] - Delayed 1 second(s)

2022-06-09 20:17:35 - [MESSAGE][PASSED] - All options with value '2787' are selected in object 'Object Repository/1. Constant/xpath' 

2022-06-09 20:17:37 - [MESSAGE][PASSED] - Delayed 2 second(s)

2022-06-09 20:17:37 - [MESSAGE][PASSED] - Object: 'Object Repository/1. Constant/xpath' is clicked on

2022-06-09 20:17:38 - [MESSAGE][PASSED] - Delayed 1 second(s)

2022-06-09 20:17:38 - [TEST_STEP][PASSED] - selectOptionByValue(findTestObject("1. Constant/xpath", ["xpath":"//*[@id="var_92"]"]), "1298", false): All options with value '1298' are selected in object 'Object Repository/1. Constant/xpath' 

2022-06-09 20:17:38 - [MESSAGE][PASSED] - All options with value '1298' are selected in object 'Object Repository/1. Constant/xpath' 

2022-06-09 20:17:38 - [TEST_STEP][PASSED] - I.select_multiplelist("//*[@id="selSource_88"]", "//*[@id="btnAdd_88"]", "1303"): Delayed 1 second(s)

2022-06-09 20:17:39 - [MESSAGE][PASSED] - Delayed 1 second(s)

2022-06-09 20:17:40 - [MESSAGE][PASSED] - All options with value '1303' are selected in object 'Object Repository/1. Constant/xpath' 

2022-06-09 20:17:42 - [MESSAGE][PASSED] - Delayed 2 second(s)

2022-06-09 20:17:42 - [MESSAGE][PASSED] - Object: 'Object Repository/1. Constant/xpath' is clicked on

2022-06-09 20:17:43 - [MESSAGE][PASSED] - Delayed 1 second(s)

2022-06-09 20:17:43 - [TEST_STEP][PASSED] - I.select_multiplelist("//*[@id="selSource_86"]", "//*[@id="btnAdd_86"]", "1310"): Delayed 1 second(s)

2022-06-09 20:17:44 - [MESSAGE][PASSED] - Delayed 1 second(s)

2022-06-09 20:17:45 - [MESSAGE][PASSED] - All options with value '1310' are selected in object 'Object Repository/1. Constant/xpath' 

2022-06-09 20:17:47 - [MESSAGE][PASSED] - Delayed 2 second(s)

2022-06-09 20:17:47 - [MESSAGE][PASSED] - Object: 'Object Repository/1. Constant/xpath' is clicked on

2022-06-09 20:17:48 - [MESSAGE][PASSED] - Delayed 1 second(s)

2022-06-09 20:17:48 - [TEST_STEP][PASSED] - I.select_multiplelist("//*[@id="selSource_57"]", "//*[@id="btnAdd_57"]", "2304"): Delayed 1 second(s)

2022-06-09 20:17:49 - [MESSAGE][PASSED] - Delayed 1 second(s)

2022-06-09 20:17:50 - [MESSAGE][PASSED] - All options with value '2304' are selected in object 'Object Repository/1. Constant/xpath' 

2022-06-09 20:17:52 - [MESSAGE][PASSED] - Delayed 2 second(s)

2022-06-09 20:17:53 - [MESSAGE][PASSED] - Object: 'Object Repository/1. Constant/xpath' is clicked on

2022-06-09 20:17:54 - [MESSAGE][PASSED] - Delayed 1 second(s)

2022-06-09 20:17:54 - [TEST_STEP][PASSED] - selectOptionByValue(findTestObject("1. Constant/xpath", ["xpath":"//*[@id="var_87"]"]), "971", false): All options with value '971' are selected in object 'Object Repository/1. Constant/xpath' 

2022-06-09 20:17:56 - [MESSAGE][PASSED] - All options with value '971' are selected in object 'Object Repository/1. Constant/xpath' 

2022-06-09 20:17:56 - [TEST_STEP][PASSED] - selectOptionByValue(findTestObject("1. Constant/xpath", ["xpath":"//*[@id="var_109"]"]), "1325", false): All options with value '1325' are selected in object 'Object Repository/1. Constant/xpath' 

2022-06-09 20:17:56 - [MESSAGE][PASSED] - All options with value '1325' are selected in object 'Object Repository/1. Constant/xpath' 

2022-06-09 20:17:56 - [TEST_STEP][PASSED] - selectOptionByValue(findTestObject("1. Constant/xpath", ["xpath":"//*[@id="var_52"]"]), "1330", false): All options with value '1330' are selected in object 'Object Repository/1. Constant/xpath' 

2022-06-09 20:17:56 - [MESSAGE][PASSED] - All options with value '1330' are selected in object 'Object Repository/1. Constant/xpath' 

2022-06-09 20:17:56 - [TEST_STEP][PASSED] - I.select_multiplelist("//*[@id="selSource_67"]", "//*[@id="btnAdd_67"]", "1624"): Delayed 1 second(s)

2022-06-09 20:17:57 - [MESSAGE][PASSED] - Delayed 1 second(s)

2022-06-09 20:17:58 - [MESSAGE][PASSED] - All options with value '1624' are selected in object 'Object Repository/1. Constant/xpath' 

2022-06-09 20:18:00 - [MESSAGE][PASSED] - Delayed 2 second(s)

2022-06-09 20:18:01 - [MESSAGE][PASSED] - Object: 'Object Repository/1. Constant/xpath' is clicked on

2022-06-09 20:18:02 - [MESSAGE][PASSED] - Delayed 1 second(s)

2022-06-09 20:18:02 - [TEST_STEP][PASSED] - selectOptionByValue(findTestObject("1. Constant/xpath", ["xpath":"//*[@id="var_140"]"]), "2296", false): All options with value '2296' are selected in object 'Object Repository/1. Constant/xpath' 

2022-06-09 20:18:02 - [MESSAGE][PASSED] - All options with value '2296' are selected in object 'Object Repository/1. Constant/xpath' 

2022-06-09 20:18:02 - [TEST_STEP][PASSED] - I.select_multiplelist("//*[@id="selSource_51"]", "//*[@id="btnAdd_51"]", "1673"): Delayed 1 second(s)

2022-06-09 20:18:03 - [MESSAGE][PASSED] - Delayed 1 second(s)

2022-06-09 20:18:03 - [MESSAGE][PASSED] - All options with value '1673' are selected in object 'Object Repository/1. Constant/xpath' 

2022-06-09 20:18:05 - [MESSAGE][PASSED] - Delayed 2 second(s)

2022-06-09 20:18:07 - [MESSAGE][PASSED] - Object: 'Object Repository/1. Constant/xpath' is clicked on

2022-06-09 20:18:08 - [MESSAGE][PASSED] - Delayed 1 second(s)

2022-06-09 20:18:08 - [TEST_STEP][PASSED] - I.select_multiplelist("//*[@id="selSource_50"]", "//*[@id="btnAdd_50"]", "1681"): Delayed 1 second(s)

2022-06-09 20:18:09 - [MESSAGE][PASSED] - Delayed 1 second(s)

2022-06-09 20:18:10 - [MESSAGE][PASSED] - All options with value '1681' are selected in object 'Object Repository/1. Constant/xpath' 

2022-06-09 20:18:12 - [MESSAGE][PASSED] - Delayed 2 second(s)

2022-06-09 20:18:12 - [MESSAGE][PASSED] - Object: 'Object Repository/1. Constant/xpath' is clicked on

2022-06-09 20:18:13 - [MESSAGE][PASSED] - Delayed 1 second(s)

2022-06-09 20:18:13 - [TEST_STEP][PASSED] - selectOptionByValue(findTestObject("1. Constant/xpath", ["xpath":"//*[@id="selSource_64"]"]), "1701", false): All options with value '1701' are selected in object 'Object Repository/1. Constant/xpath' 

2022-06-09 20:18:13 - [MESSAGE][PASSED] - All options with value '1701' are selected in object 'Object Repository/1. Constant/xpath' 

2022-06-09 20:18:13 - [TEST_STEP][PASSED] - I.select_multiplelist("//*[@id="selSource_64"]", "//*[@id="btnAdd_64"]", "1688"): Delayed 1 second(s)

2022-06-09 20:18:14 - [MESSAGE][PASSED] - Delayed 1 second(s)

2022-06-09 20:18:15 - [MESSAGE][PASSED] - All options with value '1688' are selected in object 'Object Repository/1. Constant/xpath' 

2022-06-09 20:18:17 - [MESSAGE][PASSED] - Delayed 2 second(s)

2022-06-09 20:18:18 - [MESSAGE][PASSED] - Object: 'Object Repository/1. Constant/xpath' is clicked on

2022-06-09 20:18:19 - [MESSAGE][PASSED] - Delayed 1 second(s)

2022-06-09 20:18:19 - [TEST_STEP][PASSED] - I.select_multiplelist("//*[@id="selSource_53"]", "//*[@id="btnAdd_53"]", "1701"): Delayed 1 second(s)

2022-06-09 20:18:20 - [MESSAGE][PASSED] - Delayed 1 second(s)

2022-06-09 20:18:21 - [MESSAGE][PASSED] - All options with value '1701' are selected in object 'Object Repository/1. Constant/xpath' 

2022-06-09 20:18:23 - [MESSAGE][PASSED] - Delayed 2 second(s)

2022-06-09 20:18:23 - [MESSAGE][PASSED] - Object: 'Object Repository/1. Constant/xpath' is clicked on

2022-06-09 20:18:24 - [MESSAGE][PASSED] - Delayed 1 second(s)

2022-06-09 20:18:24 - [TEST_STEP][PASSED] - I.select_multiplelist("//*[@id="selSource_58"]", "//*[@id="btnAdd_58"]", "1704"): Delayed 1 second(s)

2022-06-09 20:18:25 - [MESSAGE][PASSED] - Delayed 1 second(s)

2022-06-09 20:18:26 - [MESSAGE][PASSED] - All options with value '1704' are selected in object 'Object Repository/1. Constant/xpath' 

2022-06-09 20:18:28 - [MESSAGE][PASSED] - Delayed 2 second(s)

2022-06-09 20:18:28 - [MESSAGE][PASSED] - Object: 'Object Repository/1. Constant/xpath' is clicked on

2022-06-09 20:18:29 - [MESSAGE][PASSED] - Delayed 1 second(s)

2022-06-09 20:18:29 - [TEST_STEP][PASSED] - I.select_multiplelist("//*[@id="selSource_59"]", "//*[@id="btnAdd_59"]", "1706"): Delayed 1 second(s)

2022-06-09 20:18:30 - [MESSAGE][PASSED] - Delayed 1 second(s)

2022-06-09 20:18:31 - [MESSAGE][PASSED] - All options with value '1706' are selected in object 'Object Repository/1. Constant/xpath' 

2022-06-09 20:18:33 - [MESSAGE][PASSED] - Delayed 2 second(s)

2022-06-09 20:18:33 - [MESSAGE][PASSED] - Object: 'Object Repository/1. Constant/xpath' is clicked on

2022-06-09 20:18:34 - [MESSAGE][PASSED] - Delayed 1 second(s)

2022-06-09 20:18:34 - [TEST_STEP][PASSED] - I.select_multiplelist("//*[@id="selSource_73"]", "//*[@id="btnAdd_73"]", "3147"): Delayed 1 second(s)

2022-06-09 20:18:35 - [MESSAGE][PASSED] - Delayed 1 second(s)

2022-06-09 20:18:37 - [MESSAGE][PASSED] - All options with value '3147' are selected in object 'Object Repository/1. Constant/xpath' 

2022-06-09 20:18:39 - [MESSAGE][PASSED] - Delayed 2 second(s)

2022-06-09 20:18:40 - [MESSAGE][PASSED] - Object: 'Object Repository/1. Constant/xpath' is clicked on

2022-06-09 20:18:41 - [MESSAGE][PASSED] - Delayed 1 second(s)

2022-06-09 20:18:41 - [TEST_STEP][PASSED] - selectOptionByValue(findTestObject("1. Constant/xpath", ["xpath":"//*[@id="var_66"]"]), "2402", false): All options with value '2402' are selected in object 'Object Repository/1. Constant/xpath' 

2022-06-09 20:18:42 - [MESSAGE][PASSED] - All options with value '2402' are selected in object 'Object Repository/1. Constant/xpath' 

2022-06-09 20:18:42 - [TEST_STEP][PASSED] - selectOptionByValue(findTestObject("1. Constant/xpath", ["xpath":"//*[@id="var_142"]"]), "2404", false): All options with value '2404' are selected in object 'Object Repository/1. Constant/xpath' 

2022-06-09 20:18:42 - [MESSAGE][PASSED] - All options with value '2404' are selected in object 'Object Repository/1. Constant/xpath' 

2022-06-09 20:18:42 - [TEST_STEP][PASSED] - selectOptionByValue(findTestObject("1. Constant/xpath", ["xpath":"//*[@id="var_143"]"]), "2406", false): All options with value '2406' are selected in object 'Object Repository/1. Constant/xpath' 

2022-06-09 20:18:42 - [MESSAGE][PASSED] - All options with value '2406' are selected in object 'Object Repository/1. Constant/xpath' 

2022-06-09 20:18:42 - [TEST_STEP][PASSED] - I.select_multiplelist("//*[@id="selSource_119"]", "//*[@id="btnAdd_119"]", "2165"): Delayed 1 second(s)

2022-06-09 20:18:43 - [MESSAGE][PASSED] - Delayed 1 second(s)

2022-06-09 20:18:45 - [MESSAGE][PASSED] - All options with value '2165' are selected in object 'Object Repository/1. Constant/xpath' 

2022-06-09 20:18:47 - [MESSAGE][PASSED] - Delayed 2 second(s)

2022-06-09 20:18:48 - [MESSAGE][PASSED] - Object: 'Object Repository/1. Constant/xpath' is clicked on

2022-06-09 20:18:49 - [MESSAGE][PASSED] - Delayed 1 second(s)

2022-06-09 20:18:49 - [TEST_STEP][PASSED] - takeScreenshot(): Taking screenshot successfully

2022-06-09 20:18:50 - [MESSAGE][PASSED] - Taking screenshot successfully
[[ATTACHMENT|D:\\Projet Test Auto\\Mediabox Test Automation\\Reports\\20220609_181011\\03. Parallel Testing (Testing)\\TS -PT PART 3\\10 NPP Support Action on Completed Ref\\20220609_181104\\1654798729961.png]]

2022-06-09 20:18:50 - [TEST_STEP][PASSED] - click(findTestObject("HL Full Lifecycle/5 ModifyProjPage_button_Update")): Object: 'Object Repository/HL Full Lifecycle/5 ModifyProjPage_button_Update' is clicked on

2022-06-09 20:18:52 - [MESSAGE][PASSED] - Object: 'Object Repository/HL Full Lifecycle/5 ModifyProjPage_button_Update' is clicked on

2022-06-09 20:18:52 - [TEST_STEP][PASSED] - Project_No = I.ProjectNo(): Current window's url is: 'http://mdb-release.diadeis.lan/MediaboxIndependence/Base/ExecAction?IDSession=MBI%21RELTESTAUTO_NPP%21IGBJFXK6NIKQUN8EYUIX4GY5R99ITM6D6U2Y9VER&default_action=AfficheFichesProjet&id_project=MI001069'

2022-06-09 20:18:57 - [MESSAGE][PASSED] - Delayed 5 second(s)

2022-06-09 20:18:58 - [MESSAGE][PASSED] - Current window's url is: 'http://mdb-release.diadeis.lan/MediaboxIndependence/Base/ExecAction?IDSession=MBI%21RELTESTAUTO_NPP%21IGBJFXK6NIKQUN8EYUIX4GY5R99ITM6D6U2Y9VER&default_action=AfficheFichesProjet&id_project=MI001069'

2022-06-09 20:18:58 - [TEST_STEP][PASSED] - click(findTestObject("HL Full Lifecycle/6 ReferenceListPage_createrefbutton")): Object: 'Object Repository/HL Full Lifecycle/6 ReferenceListPage_createrefbutton' is clicked on

2022-06-09 20:18:58 - [MESSAGE][PASSED] - Object: 'Object Repository/HL Full Lifecycle/6 ReferenceListPage_createrefbutton' is clicked on

2022-06-09 20:18:58 - [TEST_STEP][PASSED] - click(findTestObject("HL Full Lifecycle/6 ReferenceListPaga_Create a component_button")): Object: 'Object Repository/HL Full Lifecycle/6 ReferenceListPaga_Create a component_button' is clicked on

2022-06-09 20:19:00 - [MESSAGE][PASSED] - Object: 'Object Repository/HL Full Lifecycle/6 ReferenceListPaga_Create a component_button' is clicked on

2022-06-09 20:19:00 - [TEST_STEP][PASSED] - takeScreenshot(): Taking screenshot successfully

2022-06-09 20:19:00 - [MESSAGE][PASSED] - Taking screenshot successfully
[[ATTACHMENT|D:\\Projet Test Auto\\Mediabox Test Automation\\Reports\\20220609_181011\\03. Parallel Testing (Testing)\\TS -PT PART 3\\10 NPP Support Action on Completed Ref\\20220609_181104\\1654798740332.png]]

2022-06-09 20:19:00 - [TEST_STEP][PASSED] - selectOptionByValue(findTestObject("1. Constant/xpath", ["xpath":"//*[@id="lfc_tpl"]"]), "51", false): All options with value '51' are selected in object 'Object Repository/1. Constant/xpath' 

2022-06-09 20:19:01 - [MESSAGE][PASSED] - All options with value '51' are selected in object 'Object Repository/1. Constant/xpath' 

2022-06-09 20:19:01 - [TEST_STEP][PASSED] - delay(1): Delayed 1 second(s)

2022-06-09 20:19:02 - [MESSAGE][PASSED] - Delayed 1 second(s)

2022-06-09 20:19:02 - [TEST_STEP][PASSED] - click(findTestObject("1. Constant/xpath", ["xpath":"//*[@id="ModifFiche"]/div[3]/div/button"])): Object: 'Object Repository/1. Constant/xpath' is clicked on

2022-06-09 20:19:07 - [MESSAGE][PASSED] - Object: 'Object Repository/1. Constant/xpath' is clicked on

2022-06-09 20:19:07 - [TEST_STEP][PASSED] - delay(1): Delayed 1 second(s)

2022-06-09 20:19:08 - [MESSAGE][PASSED] - Delayed 1 second(s)

2022-06-09 20:19:08 - [TEST_STEP][PASSED] - refID = I.RefID(): Current window's url is: 'http://mdb-release.diadeis.lan/MediaboxIndependence/Base/ExecAction?IDSession=MBI%21RELTESTAUTO_NPP%21IGBJFXK6NIKQUN8EYUIX4GY5R99ITM6D6U2Y9VER&default_action=ModifierRef&id_project=MI001069&id_ref=1058025&action_from=create_ref'

2022-06-09 20:19:13 - [MESSAGE][PASSED] - Delayed 5 second(s)

2022-06-09 20:19:14 - [MESSAGE][PASSED] - Current window's url is: 'http://mdb-release.diadeis.lan/MediaboxIndependence/Base/ExecAction?IDSession=MBI%21RELTESTAUTO_NPP%21IGBJFXK6NIKQUN8EYUIX4GY5R99ITM6D6U2Y9VER&default_action=ModifierRef&id_project=MI001069&id_ref=1058025&action_from=create_ref'

2022-06-09 20:19:14 - [TEST_STEP][PASSED] - takeScreenshot(): Taking screenshot successfully

2022-06-09 20:19:15 - [MESSAGE][PASSED] - Taking screenshot successfully
[[ATTACHMENT|D:\\Projet Test Auto\\Mediabox Test Automation\\Reports\\20220609_181011\\03. Parallel Testing (Testing)\\TS -PT PART 3\\10 NPP Support Action on Completed Ref\\20220609_181104\\1654798754868.png]]

2022-06-09 20:19:15 - [TEST_STEP][PASSED] - setText(findTestObject("1. Constant/xpath", ["xpath":"//*[@id="var_103"]"]), "SAP Designation test > https://www.google.com/"): Text 'SAP Designation test > https://www.google.com/' is set on object 'Object Repository/1. Constant/xpath'

2022-06-09 20:19:16 - [MESSAGE][PASSED] - Text 'SAP Designation test > https://www.google.com/' is set on object 'Object Repository/1. Constant/xpath'

2022-06-09 20:19:16 - [TEST_STEP][PASSED] - setText(findTestObject("1. Constant/xpath", ["xpath":"//*[@id="var_139"]"]), "Claim Substantiation Project Link > https://www.google.com/"): Text 'Claim Substantiation Project Link > https://www.google.com/' is set on object 'Object Repository/1. Constant/xpath'

2022-06-09 20:19:17 - [MESSAGE][PASSED] - Text 'Claim Substantiation Project Link > https://www.google.com/' is set on object 'Object Repository/1. Constant/xpath'

2022-06-09 20:19:17 - [TEST_STEP][PASSED] - setText(findTestObject("1. Constant/xpath", ["xpath":"//*[@id="var_160"]"]), "Grading standard link > test"): Text 'Grading standard link > test' is set on object 'Object Repository/1. Constant/xpath'

2022-06-09 20:19:18 - [MESSAGE][PASSED] - Text 'Grading standard link > test' is set on object 'Object Repository/1. Constant/xpath'

2022-06-09 20:19:18 - [TEST_STEP][PASSED] - scrollToElement(findTestObject("1. Constant/xpath", ["xpath":"//*[@id="var_90"]"]), 10, OPTIONAL): Scroll to object 'Object Repository/1. Constant/xpath' successfully

2022-06-09 20:19:18 - [MESSAGE][PASSED] - Scroll to object 'Object Repository/1. Constant/xpath' successfully

2022-06-09 20:19:18 - [TEST_STEP][PASSED] - setText(findTestObject("1. Constant/xpath", ["xpath":"//*[@id="var_90"]"]), "Project name > test"): Text 'Project name > test' is set on object 'Object Repository/1. Constant/xpath'

2022-06-09 20:19:19 - [MESSAGE][PASSED] - Text 'Project name > test' is set on object 'Object Repository/1. Constant/xpath'

2022-06-09 20:19:19 - [TEST_STEP][PASSED] - setText(findTestObject("1. Constant/xpath", ["xpath":"//*[@id="var_62"]"]), "DPET > test"): Text 'DPET > test' is set on object 'Object Repository/1. Constant/xpath'

2022-06-09 20:19:20 - [MESSAGE][PASSED] - Text 'DPET > test' is set on object 'Object Repository/1. Constant/xpath'

2022-06-09 20:19:20 - [TEST_STEP][PASSED] - I.select_multiplelist("//*[@id="selSource_73"]", "//*[@id="btnAdd_73"]", "3147"): Delayed 1 second(s)

2022-06-09 20:19:21 - [MESSAGE][PASSED] - Delayed 1 second(s)

2022-06-09 20:19:22 - [MESSAGE][PASSED] - All options with value '3147' are selected in object 'Object Repository/1. Constant/xpath' 

2022-06-09 20:19:24 - [MESSAGE][PASSED] - Delayed 2 second(s)

2022-06-09 20:19:24 - [MESSAGE][PASSED] - Object: 'Object Repository/1. Constant/xpath' is clicked on

2022-06-09 20:19:25 - [MESSAGE][PASSED] - Delayed 1 second(s)

2022-06-09 20:19:25 - [TEST_STEP][PASSED] - takeScreenshot(): Taking screenshot successfully

2022-06-09 20:19:26 - [MESSAGE][PASSED] - Taking screenshot successfully
[[ATTACHMENT|D:\\Projet Test Auto\\Mediabox Test Automation\\Reports\\20220609_181011\\03. Parallel Testing (Testing)\\TS -PT PART 3\\10 NPP Support Action on Completed Ref\\20220609_181104\\1654798765912.png]]

2022-06-09 20:19:26 - [TEST_STEP][PASSED] - scrollToElement(findTestObject("1. Constant/xpath", ["xpath":"//*[@id="var_82"]"]), 10, OPTIONAL): Scroll to object 'Object Repository/1. Constant/xpath' successfully

2022-06-09 20:19:26 - [MESSAGE][PASSED] - Scroll to object 'Object Repository/1. Constant/xpath' successfully

2022-06-09 20:19:26 - [TEST_STEP][PASSED] - selectOptionByValue(findTestObject("1. Constant/xpath", ["xpath":"//*[@id="var_82"]"]), "agaudin", false): All options with value 'agaudin' are selected in object 'Object Repository/1. Constant/xpath' 

2022-06-09 20:19:26 - [MESSAGE][PASSED] - All options with value 'agaudin' are selected in object 'Object Repository/1. Constant/xpath' 

2022-06-09 20:19:26 - [TEST_STEP][PASSED] - selectOptionByValue(findTestObject("1. Constant/xpath", ["xpath":"//*[@id="var_74"]"]), "afrappaz", false): All options with value 'afrappaz' are selected in object 'Object Repository/1. Constant/xpath' 

2022-06-09 20:19:27 - [MESSAGE][PASSED] - All options with value 'afrappaz' are selected in object 'Object Repository/1. Constant/xpath' 

2022-06-09 20:19:27 - [TEST_STEP][PASSED] - selectOptionByValue(findTestObject("1. Constant/xpath", ["xpath":"//*[@id="selSource_168"]"]), "cdemonchy", false): All options with value 'cdemonchy' are selected in object 'Object Repository/1. Constant/xpath' 

2022-06-09 20:19:27 - [MESSAGE][PASSED] - All options with value 'cdemonchy' are selected in object 'Object Repository/1. Constant/xpath' 

2022-06-09 20:19:27 - [TEST_STEP][PASSED] - selectOptionByValue(findTestObject("1. Constant/xpath", ["xpath":"//*[@id="selSource_168"]"]), "alarkins", false): All options with value 'alarkins' are selected in object 'Object Repository/1. Constant/xpath' 

2022-06-09 20:19:27 - [MESSAGE][PASSED] - All options with value 'alarkins' are selected in object 'Object Repository/1. Constant/xpath' 

2022-06-09 20:19:27 - [TEST_STEP][PASSED] - I.select_multiplelist("//*[@id="selSource_168"]", "//*[@id="btnAdd_168"]", "abrazhnikovapx"): Delayed 1 second(s)

2022-06-09 20:19:28 - [MESSAGE][PASSED] - Delayed 1 second(s)

2022-06-09 20:19:29 - [MESSAGE][PASSED] - All options with value 'abrazhnikovapx' are selected in object 'Object Repository/1. Constant/xpath' 

2022-06-09 20:19:31 - [MESSAGE][PASSED] - Delayed 2 second(s)

2022-06-09 20:19:31 - [MESSAGE][PASSED] - Object: 'Object Repository/1. Constant/xpath' is clicked on

2022-06-09 20:19:32 - [MESSAGE][PASSED] - Delayed 1 second(s)

2022-06-09 20:19:32 - [TEST_STEP][PASSED] - selectOptionByValue(findTestObject("1. Constant/xpath", ["xpath":"//*[@id="var_60"]"]), "asvegaardd2d", false): All options with value 'asvegaardd2d' are selected in object 'Object Repository/1. Constant/xpath' 

2022-06-09 20:19:33 - [MESSAGE][PASSED] - All options with value 'asvegaardd2d' are selected in object 'Object Repository/1. Constant/xpath' 

2022-06-09 20:19:33 - [TEST_STEP][PASSED] - selectOptionByValue(findTestObject("1. Constant/xpath", ["xpath":"//*[@id="var_102"]"]), "aserment", false): All options with value 'aserment' are selected in object 'Object Repository/1. Constant/xpath' 

2022-06-09 20:19:33 - [MESSAGE][PASSED] - All options with value 'aserment' are selected in object 'Object Repository/1. Constant/xpath' 

2022-06-09 20:19:33 - [TEST_STEP][PASSED] - selectOptionByValue(findTestObject("1. Constant/xpath", ["xpath":"//*[@id="var_63"]"]), "asavreux", false): All options with value 'asavreux' are selected in object 'Object Repository/1. Constant/xpath' 

2022-06-09 20:19:33 - [MESSAGE][PASSED] - All options with value 'asavreux' are selected in object 'Object Repository/1. Constant/xpath' 

2022-06-09 20:19:33 - [TEST_STEP][PASSED] - selectOptionByValue(findTestObject("1. Constant/xpath", ["xpath":"//*[@id="var_161"]"]), "achaves", false): All options with value 'achaves' are selected in object 'Object Repository/1. Constant/xpath' 

2022-06-09 20:19:33 - [MESSAGE][PASSED] - All options with value 'achaves' are selected in object 'Object Repository/1. Constant/xpath' 

2022-06-09 20:19:33 - [TEST_STEP][PASSED] - takeScreenshot(): Taking screenshot successfully

2022-06-09 20:19:42 - [MESSAGE][PASSED] - Taking screenshot successfully
[[ATTACHMENT|D:\\Projet Test Auto\\Mediabox Test Automation\\Reports\\20220609_181011\\03. Parallel Testing (Testing)\\TS -PT PART 3\\10 NPP Support Action on Completed Ref\\20220609_181104\\1654798773873.png]]

2022-06-09 20:19:42 - [TEST_STEP][PASSED] - scrollToElement(findTestObject("1. Constant/xpath", ["xpath":"//*[@id="var_143"]"]), 10, OPTIONAL): Scroll to object 'Object Repository/1. Constant/xpath' successfully

2022-06-09 20:19:42 - [MESSAGE][PASSED] - Scroll to object 'Object Repository/1. Constant/xpath' successfully

2022-06-09 20:19:42 - [TEST_STEP][PASSED] - I.select_multiplelist("//*[@id="selSource_79"]", "//*[@id="btnAdd_79"]", "1730"): Delayed 1 second(s)

2022-06-09 20:19:43 - [MESSAGE][PASSED] - Delayed 1 second(s)

2022-06-09 20:19:44 - [MESSAGE][PASSED] - All options with value '1730' are selected in object 'Object Repository/1. Constant/xpath' 

2022-06-09 20:19:46 - [MESSAGE][PASSED] - Delayed 2 second(s)

2022-06-09 20:19:46 - [MESSAGE][PASSED] - Object: 'Object Repository/1. Constant/xpath' is clicked on

2022-06-09 20:19:47 - [MESSAGE][PASSED] - Delayed 1 second(s)

2022-06-09 20:19:47 - [TEST_STEP][PASSED] - selectOptionByValue(findTestObject("1. Constant/xpath", ["xpath":"//*[@id="selSource_78"]"]), "1752", false): All options with value '1752' are selected in object 'Object Repository/1. Constant/xpath' 

2022-06-09 20:19:47 - [MESSAGE][PASSED] - All options with value '1752' are selected in object 'Object Repository/1. Constant/xpath' 

2022-06-09 20:19:47 - [TEST_STEP][PASSED] - I.select_multiplelist("//*[@id="selSource_78"]", "//*[@id="btnAdd_78"]", "1753"): Delayed 1 second(s)

2022-06-09 20:19:48 - [MESSAGE][PASSED] - Delayed 1 second(s)

2022-06-09 20:19:49 - [MESSAGE][PASSED] - All options with value '1753' are selected in object 'Object Repository/1. Constant/xpath' 

2022-06-09 20:19:51 - [MESSAGE][PASSED] - Delayed 2 second(s)

2022-06-09 20:19:51 - [MESSAGE][PASSED] - Object: 'Object Repository/1. Constant/xpath' is clicked on

2022-06-09 20:19:52 - [MESSAGE][PASSED] - Delayed 1 second(s)

2022-06-09 20:19:52 - [TEST_STEP][PASSED] - selectOptionByValue(findTestObject("1. Constant/xpath", ["xpath":"//*[@id="selSource_104"]"]), "73", false): All options with value '73' are selected in object 'Object Repository/1. Constant/xpath' 

2022-06-09 20:19:53 - [MESSAGE][PASSED] - All options with value '73' are selected in object 'Object Repository/1. Constant/xpath' 

2022-06-09 20:19:53 - [TEST_STEP][PASSED] - I.select_multiplelist("//*[@id="selSource_104"]", "//*[@id="btnAdd_104"]", "74"): Delayed 1 second(s)

2022-06-09 20:19:54 - [MESSAGE][PASSED] - Delayed 1 second(s)

2022-06-09 20:19:55 - [MESSAGE][PASSED] - All options with value '74' are selected in object 'Object Repository/1. Constant/xpath' 

2022-06-09 20:19:57 - [MESSAGE][PASSED] - Delayed 2 second(s)

2022-06-09 20:19:57 - [MESSAGE][PASSED] - Object: 'Object Repository/1. Constant/xpath' is clicked on

2022-06-09 20:19:58 - [MESSAGE][PASSED] - Delayed 1 second(s)

2022-06-09 20:19:58 - [TEST_STEP][PASSED] - takeScreenshot(): Taking screenshot successfully

2022-06-09 20:19:59 - [MESSAGE][PASSED] - Taking screenshot successfully
[[ATTACHMENT|D:\\Projet Test Auto\\Mediabox Test Automation\\Reports\\20220609_181011\\03. Parallel Testing (Testing)\\TS -PT PART 3\\10 NPP Support Action on Completed Ref\\20220609_181104\\1654798799293.png]]

2022-06-09 20:19:59 - [TEST_STEP][PASSED] - scrollToElement(findTestObject("1. Constant/xpath", ["xpath":"//*[@id="var_169"]"]), 10, OPTIONAL): Scroll to object 'Object Repository/1. Constant/xpath' successfully

2022-06-09 20:19:59 - [MESSAGE][PASSED] - Scroll to object 'Object Repository/1. Constant/xpath' successfully

2022-06-09 20:19:59 - [TEST_STEP][PASSED] - setText(findTestObject("1. Constant/xpath", ["xpath":"//*[@id="var_169"]"]), "Version History"): Text 'Version History' is set on object 'Object Repository/1. Constant/xpath'

2022-06-09 20:20:00 - [MESSAGE][PASSED] - Text 'Version History' is set on object 'Object Repository/1. Constant/xpath'

2022-06-09 20:20:00 - [TEST_STEP][PASSED] - click(findTestObject("HL Full Lifecycle/7 ModifyRefPage_button_Save")): Object: 'Object Repository/HL Full Lifecycle/7 ModifyRefPage_button_Save' is clicked on

2022-06-09 20:20:05 - [MESSAGE][PASSED] - Object: 'Object Repository/HL Full Lifecycle/7 ModifyRefPage_button_Save' is clicked on

2022-06-09 20:20:05 - [TEST_STEP][PASSED] - delay(1): Delayed 1 second(s)

2022-06-09 20:20:06 - [MESSAGE][PASSED] - Delayed 1 second(s)

2022-06-09 20:20:06 - [TEST_STEP][PASSED] - I.Logout_xpath("//*[@id="kt_header"]/div/div[2]/div[2]/div[1]/div/span/img", "//*[@id="kt_header"]/div/div[2]/div[2]/div[2]/a[2]"): Wait for page load successfully

2022-06-09 20:20:07 - [MESSAGE][PASSED] - Object: 'Object Repository/1. Constant/xpath' is clicked on

2022-06-09 20:20:08 - [MESSAGE][PASSED] - Delayed 1 second(s)

2022-06-09 20:20:09 - [MESSAGE][PASSED] - Object: 'Object Repository/1. Constant/xpath' is clicked on

2022-06-09 20:20:10 - [MESSAGE][PASSED] - Delayed 1 second(s)

2022-06-09 20:20:10 - [MESSAGE][PASSED] - Wait for page load successfully

2022-06-09 20:20:10 - [TEST_STEP][PASSED] - I.Login_password("ncur", password_ncur): Object: 'Object Repository/1. Constant/xpath' is clicked on

2022-06-09 20:20:11 - [MESSAGE][PASSED] - Text 'ncur' is set on object 'Object Repository/1. Constant/xpath'

2022-06-09 20:20:12 - [MESSAGE][PASSED] - Delayed 1 second(s)

2022-06-09 20:20:12 - [MESSAGE][PASSED] - Text 'dchi' is set on object 'Object Repository/1. Constant/xpath'

2022-06-09 20:20:13 - [MESSAGE][PASSED] - Delayed 1 second(s)

2022-06-09 20:20:20 - [MESSAGE][PASSED] - Object: 'Object Repository/1. Constant/xpath' is clicked on

2022-06-09 20:20:20 - [TEST_STEP][PASSED] - click(findTestObject("1. Constant/02_LHSMenu_Projects")): Object: 'Object Repository/1. Constant/02_LHSMenu_Projects' is clicked on

2022-06-09 20:20:36 - [MESSAGE][PASSED] - Object: 'Object Repository/1. Constant/02_LHSMenu_Projects' is clicked on

2022-06-09 20:20:36 - [TEST_STEP][PASSED] - I.SearchProjectNo_xpath(Project_No, "//*[@id="keynum_project"]", "//*[@id="form_filters"]/div[9]/button"): Delayed 5 second(s)

2022-06-09 20:20:37 - [MESSAGE][PASSED] - Delayed 1 second(s)

2022-06-09 20:20:38 - [MESSAGE][PASSED] - Text 'MI001069' is set on object 'Object Repository/1. Constant/xpath'

2022-06-09 20:20:41 - [MESSAGE][PASSED] - Delayed 3 second(s)

2022-06-09 20:20:41 - [MESSAGE][PASSED] - Scroll to object 'Object Repository/1. Constant/xpath' successfully

2022-06-09 20:20:45 - [MESSAGE][PASSED] - Object: 'Object Repository/1. Constant/xpath' is clicked on

2022-06-09 20:20:50 - [MESSAGE][PASSED] - Delayed 5 second(s)

2022-06-09 20:20:50 - [TEST_STEP][PASSED] - delay(2): Delayed 2 second(s)

2022-06-09 20:20:52 - [MESSAGE][PASSED] - Delayed 2 second(s)

2022-06-09 20:20:52 - [TEST_STEP][PASSED] - takeScreenshot(): Taking screenshot successfully

2022-06-09 20:20:53 - [MESSAGE][PASSED] - Taking screenshot successfully
[[ATTACHMENT|D:\\Projet Test Auto\\Mediabox Test Automation\\Reports\\20220609_181011\\03. Parallel Testing (Testing)\\TS -PT PART 3\\10 NPP Support Action on Completed Ref\\20220609_181104\\1654798852864.png]]

2022-06-09 20:20:53 - [TEST_STEP][PASSED] - click(findTestObject("1. Constant/xpath", ["xpath":"//*[@id="fiches"]/table/tbody/tr/td[10]/a[2]"])): Object: 'Object Repository/1. Constant/xpath' is clicked on

2022-06-09 20:20:59 - [MESSAGE][PASSED] - Object: 'Object Repository/1. Constant/xpath' is clicked on

2022-06-09 20:20:59 - [TEST_STEP][PASSED] - I.select_multiplelist("//*[@id="selSource_108"]", "//*[@id="btnAdd_108"]", "2344"): Delayed 1 second(s)

2022-06-09 20:21:00 - [MESSAGE][PASSED] - Delayed 1 second(s)

2022-06-09 20:21:01 - [MESSAGE][PASSED] - All options with value '2344' are selected in object 'Object Repository/1. Constant/xpath' 

2022-06-09 20:21:03 - [MESSAGE][PASSED] - Delayed 2 second(s)

2022-06-09 20:21:05 - [MESSAGE][PASSED] - Object: 'Object Repository/1. Constant/xpath' is clicked on

2022-06-09 20:21:06 - [MESSAGE][PASSED] - Delayed 1 second(s)

2022-06-09 20:21:06 - [TEST_STEP][PASSED] - click(findTestObject("1. Constant/xpath", ["xpath":"//*[@id="ModifFiche"]/div[1]/div/button[2]"])): Object: 'Object Repository/1. Constant/xpath' is clicked on

2022-06-09 20:21:12 - [MESSAGE][PASSED] - Object: 'Object Repository/1. Constant/xpath' is clicked on

2022-06-09 20:21:12 - [TEST_STEP][PASSED] - takeScreenshot(): Taking screenshot successfully

2022-06-09 20:21:13 - [MESSAGE][PASSED] - Taking screenshot successfully
[[ATTACHMENT|D:\\Projet Test Auto\\Mediabox Test Automation\\Reports\\20220609_181011\\03. Parallel Testing (Testing)\\TS -PT PART 3\\10 NPP Support Action on Completed Ref\\20220609_181104\\1654798872808.png]]

2022-06-09 20:21:13 - [TEST_STEP][PASSED] - click(findTestObject("1. Constant/xpath", ["xpath":"//*[@id="fiches"]/table/tbody/tr/td[10]/a[2]"])): Object: 'Object Repository/1. Constant/xpath' is clicked on

2022-06-09 20:21:17 - [MESSAGE][PASSED] - Object: 'Object Repository/1. Constant/xpath' is clicked on

2022-06-09 20:21:17 - [TEST_STEP][PASSED] - delay(1): Delayed 1 second(s)

2022-06-09 20:21:18 - [MESSAGE][PASSED] - Delayed 1 second(s)

2022-06-09 20:21:18 - [TEST_STEP][PASSED] - click(findTestObject("1. Constant/xpath", ["xpath":"//*[@id="ModifFiche"]/div[1]/div/button[2]"])): Object: 'Object Repository/1. Constant/xpath' is clicked on

2022-06-09 20:21:24 - [MESSAGE][PASSED] - Object: 'Object Repository/1. Constant/xpath' is clicked on

2022-06-09 20:21:24 - [TEST_STEP][PASSED] - delay(1): Delayed 1 second(s)

2022-06-09 20:21:25 - [MESSAGE][PASSED] - Delayed 1 second(s)

2022-06-09 20:21:25 - [TEST_STEP][PASSED] - click(findTestObject("1. Constant/xpath", ["xpath":"/html/body/div[1]/div[2]/div[4]/div[3]/div/div[2]/div[2]/table/tbody/tr/td[10]/div[2]/button"])): Object: 'Object Repository/1. Constant/xpath' is clicked on

2022-06-09 20:21:25 - [MESSAGE][PASSED] - Object: 'Object Repository/1. Constant/xpath' is clicked on

2022-06-09 20:21:25 - [TEST_STEP][PASSED] - delay(1): Delayed 1 second(s)

2022-06-09 20:21:26 - [MESSAGE][PASSED] - Delayed 1 second(s)

2022-06-09 20:21:26 - [TEST_STEP][PASSED] - click(findTestObject("1. Constant/xpath", ["xpath":"//*[@id="fiches"]/table/tbody/tr/td[10]/div[2]/div/a[1]"])): Object: 'Object Repository/1. Constant/xpath' is clicked on

2022-06-09 20:21:28 - [MESSAGE][PASSED] - Object: 'Object Repository/1. Constant/xpath' is clicked on

2022-06-09 20:21:28 - [TEST_STEP][PASSED] - takeScreenshot(): Taking screenshot successfully

2022-06-09 20:21:29 - [MESSAGE][PASSED] - Taking screenshot successfully
[[ATTACHMENT|D:\\Projet Test Auto\\Mediabox Test Automation\\Reports\\20220609_181011\\03. Parallel Testing (Testing)\\TS -PT PART 3\\10 NPP Support Action on Completed Ref\\20220609_181104\\1654798888993.png]]

2022-06-09 20:21:29 - [TEST_STEP][PASSED] - selectOptionByValue(findTestObject("1. Constant/xpath", ["xpath":"//*[@id="var_84"]"]), "akim", false): All options with value 'akim' are selected in object 'Object Repository/1. Constant/xpath' 

2022-06-09 20:21:30 - [MESSAGE][PASSED] - All options with value 'akim' are selected in object 'Object Repository/1. Constant/xpath' 

2022-06-09 20:21:30 - [TEST_STEP][PASSED] - click(findTestObject("1. Constant/xpath", ["xpath":"//*[@id="ModifFiche"]/div[1]/div/div"])): Object: 'Object Repository/1. Constant/xpath' is clicked on

2022-06-09 20:21:30 - [MESSAGE][PASSED] - Object: 'Object Repository/1. Constant/xpath' is clicked on

2022-06-09 20:21:30 - [TEST_STEP][PASSED] - delay(1): Delayed 1 second(s)

2022-06-09 20:21:31 - [MESSAGE][PASSED] - Delayed 1 second(s)

2022-06-09 20:21:31 - [TEST_STEP][PASSED] - click(findTestObject("1. Constant/xpath", ["xpath":"//*[@id="ModifFiche"]/div[1]/div/div/div/a[1]"])): Object: 'Object Repository/1. Constant/xpath' is clicked on

2022-06-09 20:21:37 - [MESSAGE][PASSED] - Object: 'Object Repository/1. Constant/xpath' is clicked on

2022-06-09 20:21:37 - [TEST_STEP][PASSED] - delay(2): Delayed 2 second(s)

2022-06-09 20:21:39 - [MESSAGE][PASSED] - Delayed 2 second(s)

2022-06-09 20:21:39 - [TEST_STEP][PASSED] - click(findTestObject("1. Constant/xpath", ["xpath":"//*[@id="fiches"]/table/tbody/tr/td[10]/div[2]/button"])): Object: 'Object Repository/1. Constant/xpath' is clicked on

2022-06-09 20:21:39 - [MESSAGE][PASSED] - Object: 'Object Repository/1. Constant/xpath' is clicked on

2022-06-09 20:21:39 - [TEST_STEP][PASSED] - delay(1): Delayed 1 second(s)

2022-06-09 20:21:40 - [MESSAGE][PASSED] - Delayed 1 second(s)

2022-06-09 20:21:40 - [TEST_STEP][PASSED] - click(findTestObject("1. Constant/xpath", ["xpath":"//*[@id="fiches"]/table/tbody/tr/td[10]/div[2]/div/a[1]"])): Object: 'Object Repository/1. Constant/xpath' is clicked on

2022-06-09 20:21:42 - [MESSAGE][PASSED] - Object: 'Object Repository/1. Constant/xpath' is clicked on

2022-06-09 20:21:42 - [TEST_STEP][PASSED] - takeScreenshot(): Taking screenshot successfully

2022-06-09 20:21:44 - [MESSAGE][PASSED] - Taking screenshot successfully
[[ATTACHMENT|D:\\Projet Test Auto\\Mediabox Test Automation\\Reports\\20220609_181011\\03. Parallel Testing (Testing)\\TS -PT PART 3\\10 NPP Support Action on Completed Ref\\20220609_181104\\1654798903330.png]]

2022-06-09 20:21:44 - [TEST_STEP][PASSED] - selectOptionByValue(findTestObject("1. Constant/xpath", ["xpath":"//*[@id="var_76"]"]), "afrappaz", false): All options with value 'afrappaz' are selected in object 'Object Repository/1. Constant/xpath' 

2022-06-09 20:21:45 - [MESSAGE][PASSED] - All options with value 'afrappaz' are selected in object 'Object Repository/1. Constant/xpath' 

2022-06-09 20:21:45 - [TEST_STEP][PASSED] - click(findTestObject("1. Constant/xpath", ["xpath":"//*[@id="ModifFiche"]/div[1]/div/div/button"])): Object: 'Object Repository/1. Constant/xpath' is clicked on

2022-06-09 20:21:45 - [MESSAGE][PASSED] - Object: 'Object Repository/1. Constant/xpath' is clicked on

2022-06-09 20:21:45 - [TEST_STEP][PASSED] - delay(1): Delayed 1 second(s)

2022-06-09 20:21:46 - [MESSAGE][PASSED] - Delayed 1 second(s)

2022-06-09 20:21:46 - [TEST_STEP][PASSED] - click(findTestObject("1. Constant/xpath", ["xpath":"//*[@id="ModifFiche"]/div[1]/div/div/div/a[1]"])): Object: 'Object Repository/1. Constant/xpath' is clicked on

2022-06-09 20:21:54 - [MESSAGE][PASSED] - Object: 'Object Repository/1. Constant/xpath' is clicked on

2022-06-09 20:21:54 - [TEST_STEP][PASSED] - delay(2): Delayed 2 second(s)

2022-06-09 20:21:56 - [MESSAGE][PASSED] - Delayed 2 second(s)

2022-06-09 20:21:56 - [TEST_STEP][PASSED] - click(findTestObject("1. Constant/xpath", ["xpath":"//*[@id="fiches"]/table/tbody/tr/td[10]/div[2]/button"])): Object: 'Object Repository/1. Constant/xpath' is clicked on

2022-06-09 20:21:57 - [MESSAGE][PASSED] - Object: 'Object Repository/1. Constant/xpath' is clicked on

2022-06-09 20:21:57 - [TEST_STEP][PASSED] - delay(1): Delayed 1 second(s)

2022-06-09 20:21:58 - [MESSAGE][PASSED] - Delayed 1 second(s)

2022-06-09 20:21:58 - [TEST_STEP][PASSED] - click(findTestObject("1. Constant/xpath", ["xpath":"//*[@id="fiches"]/table/tbody/tr/td[10]/div[2]/div/a[1]"])): Object: 'Object Repository/1. Constant/xpath' is clicked on

2022-06-09 20:21:59 - [MESSAGE][PASSED] - Object: 'Object Repository/1. Constant/xpath' is clicked on

2022-06-09 20:21:59 - [TEST_STEP][PASSED] - takeScreenshot(): Taking screenshot successfully

2022-06-09 20:22:00 - [MESSAGE][PASSED] - Taking screenshot successfully
[[ATTACHMENT|D:\\Projet Test Auto\\Mediabox Test Automation\\Reports\\20220609_181011\\03. Parallel Testing (Testing)\\TS -PT PART 3\\10 NPP Support Action on Completed Ref\\20220609_181104\\1654798919852.png]]

2022-06-09 20:22:00 - [TEST_STEP][PASSED] - delay(1): Delayed 1 second(s)

2022-06-09 20:22:01 - [MESSAGE][PASSED] - Delayed 1 second(s)

2022-06-09 20:22:01 - [TEST_STEP][PASSED] - click(findTestObject("1. Constant/xpath", ["xpath":"//*[@id="ModifFiche"]/div[1]/div/div/button"])): Object: 'Object Repository/1. Constant/xpath' is clicked on

2022-06-09 20:22:01 - [MESSAGE][PASSED] - Object: 'Object Repository/1. Constant/xpath' is clicked on

2022-06-09 20:22:01 - [TEST_STEP][PASSED] - delay(1): Delayed 1 second(s)

2022-06-09 20:22:02 - [MESSAGE][PASSED] - Delayed 1 second(s)

2022-06-09 20:22:02 - [TEST_STEP][PASSED] - click(findTestObject("1. Constant/xpath", ["xpath":"//*[@id="ModifFiche"]/div[1]/div/div/div/a[1]"])): Object: 'Object Repository/1. Constant/xpath' is clicked on

2022-06-09 20:22:09 - [MESSAGE][PASSED] - Object: 'Object Repository/1. Constant/xpath' is clicked on

2022-06-09 20:22:09 - [TEST_STEP][PASSED] - delay(2): Delayed 2 second(s)

2022-06-09 20:22:11 - [MESSAGE][PASSED] - Delayed 2 second(s)

2022-06-09 20:22:11 - [TEST_STEP][PASSED] - click(findTestObject("1. Constant/xpath", ["xpath":"//*[@id="fiches"]/table/tbody/tr/td[10]/div[2]/button"])): Object: 'Object Repository/1. Constant/xpath' is clicked on

2022-06-09 20:22:12 - [MESSAGE][PASSED] - Object: 'Object Repository/1. Constant/xpath' is clicked on

2022-06-09 20:22:12 - [TEST_STEP][PASSED] - delay(3): Delayed 3 second(s)

2022-06-09 20:22:15 - [MESSAGE][PASSED] - Delayed 3 second(s)

2022-06-09 20:22:15 - [TEST_STEP][PASSED] - click(findTestObject("1. Constant/xpath", ["xpath":"//*[@id="fiches"]/table/tbody/tr/td[10]/div[2]/div/a[1]"])): Object: 'Object Repository/1. Constant/xpath' is clicked on

2022-06-09 20:22:17 - [MESSAGE][PASSED] - Object: 'Object Repository/1. Constant/xpath' is clicked on

2022-06-09 20:22:17 - [TEST_STEP][PASSED] - takeScreenshot(): Taking screenshot successfully

2022-06-09 20:22:17 - [MESSAGE][PASSED] - Taking screenshot successfully
[[ATTACHMENT|D:\\Projet Test Auto\\Mediabox Test Automation\\Reports\\20220609_181011\\03. Parallel Testing (Testing)\\TS -PT PART 3\\10 NPP Support Action on Completed Ref\\20220609_181104\\1654798937212.png]]

2022-06-09 20:22:17 - [TEST_STEP][PASSED] - delay(3): Delayed 3 second(s)

2022-06-09 20:22:20 - [MESSAGE][PASSED] - Delayed 3 second(s)

2022-06-09 20:22:20 - [TEST_STEP][PASSED] - selectOptionByValue(findTestObject("1. Constant/xpath", ["xpath":"//*[@id="var_56"]"]), "aserment", false): All options with value 'aserment' are selected in object 'Object Repository/1. Constant/xpath' 

2022-06-09 20:22:21 - [MESSAGE][PASSED] - All options with value 'aserment' are selected in object 'Object Repository/1. Constant/xpath' 

2022-06-09 20:22:21 - [TEST_STEP][PASSED] - click(findTestObject("1. Constant/xpath", ["xpath":"//*[@id="ModifFiche"]/div[1]/div/div/button"])): Object: 'Object Repository/1. Constant/xpath' is clicked on

2022-06-09 20:22:21 - [MESSAGE][PASSED] - Object: 'Object Repository/1. Constant/xpath' is clicked on

2022-06-09 20:22:21 - [TEST_STEP][PASSED] - delay(3): Delayed 3 second(s)

2022-06-09 20:22:24 - [MESSAGE][PASSED] - Delayed 3 second(s)

2022-06-09 20:22:24 - [TEST_STEP][PASSED] - click(findTestObject("1. Constant/xpath", ["xpath":"//*[@id="ModifFiche"]/div[1]/div/div/div/a[1]"])): Object: 'Object Repository/1. Constant/xpath' is clicked on

2022-06-09 20:22:34 - [MESSAGE][PASSED] - Object: 'Object Repository/1. Constant/xpath' is clicked on

2022-06-09 20:22:34 - [TEST_STEP][PASSED] - delay(2): Delayed 2 second(s)

2022-06-09 20:22:36 - [MESSAGE][PASSED] - Delayed 2 second(s)

2022-06-09 20:22:36 - [TEST_STEP][PASSED] - takeScreenshot(): Taking screenshot successfully

2022-06-09 20:22:36 - [MESSAGE][PASSED] - Taking screenshot successfully
[[ATTACHMENT|D:\\Projet Test Auto\\Mediabox Test Automation\\Reports\\20220609_181011\\03. Parallel Testing (Testing)\\TS -PT PART 3\\10 NPP Support Action on Completed Ref\\20220609_181104\\1654798956452.png]]

2022-06-09 20:22:36 - [TEST_STEP][PASSED] - click(findTestObject("1. Constant/xpath", ["xpath":"//*[@id="fiches"]/table/tbody/tr/td[10]/div[1]/button"])): Object: 'Object Repository/1. Constant/xpath' is clicked on

2022-06-09 20:22:37 - [MESSAGE][PASSED] - Object: 'Object Repository/1. Constant/xpath' is clicked on

2022-06-09 20:22:37 - [TEST_STEP][PASSED] - delay(1): Delayed 1 second(s)

2022-06-09 20:22:38 - [MESSAGE][PASSED] - Delayed 1 second(s)

2022-06-09 20:22:38 - [TEST_STEP][PASSED] - click(findTestObject("1. Constant/xpath", ["xpath":"//*[@id="fiches"]/table/tbody/tr/td[10]/div[1]/div/a[2]"])): Object: 'Object Repository/1. Constant/xpath' is clicked on

2022-06-09 20:22:40 - [MESSAGE][PASSED] - Object: 'Object Repository/1. Constant/xpath' is clicked on

2022-06-09 20:22:40 - [TEST_STEP][PASSED] - delay(2): Delayed 2 second(s)

2022-06-09 20:22:42 - [MESSAGE][PASSED] - Delayed 2 second(s)

2022-06-09 20:22:42 - [TEST_STEP][PASSED] - takeScreenshot(): Taking screenshot successfully

2022-06-09 20:22:43 - [MESSAGE][PASSED] - Taking screenshot successfully
[[ATTACHMENT|D:\\Projet Test Auto\\Mediabox Test Automation\\Reports\\20220609_181011\\03. Parallel Testing (Testing)\\TS -PT PART 3\\10 NPP Support Action on Completed Ref\\20220609_181104\\1654798963168.png]]

2022-06-09 20:22:43 - [TEST_STEP][PASSED] - click(findTestObject("1. Constant/xpath", ["xpath":"//*[@id="aff_newfield_zone"]"])): Object: 'Object Repository/1. Constant/xpath' is clicked on

2022-06-09 20:22:44 - [MESSAGE][PASSED] - Object: 'Object Repository/1. Constant/xpath' is clicked on

2022-06-09 20:22:44 - [TEST_STEP][PASSED] - delay(3): Delayed 3 second(s)

2022-06-09 20:22:47 - [MESSAGE][PASSED] - Delayed 3 second(s)

2022-06-09 20:22:47 - [TEST_STEP][PASSED] - I.Pagedown(): Execute JavaScript 'window.scrollTo(0, document.body.scrollHeight)' successfully

2022-06-09 20:22:47 - [MESSAGE][PASSED] - Execute JavaScript 'window.scrollTo(0, document.body.scrollHeight)' successfully

2022-06-09 20:22:47 - [TEST_STEP][PASSED] - selectOptionByValue(findTestObject("1. Constant/xpath", ["xpath":"//*[@id="type_new"]"]), "160", false): All options with value '160' are selected in object 'Object Repository/1. Constant/xpath' 

2022-06-09 20:22:49 - [MESSAGE][PASSED] - All options with value '160' are selected in object 'Object Repository/1. Constant/xpath' 

2022-06-09 20:22:49 - [TEST_STEP][PASSED] - delay(3): Delayed 3 second(s)

2022-06-09 20:22:52 - [MESSAGE][PASSED] - Delayed 3 second(s)

2022-06-09 20:22:52 - [TEST_STEP][PASSED] - click(findTestObject("1. Constant/xpath", ["xpath":"//*[@id="add_newtranslationfield"]"])): Object: 'Object Repository/1. Constant/xpath' is clicked on

2022-06-09 20:22:55 - [MESSAGE][PASSED] - Object: 'Object Repository/1. Constant/xpath' is clicked on

2022-06-09 20:22:55 - [TEST_STEP][PASSED] - delay(3): Delayed 3 second(s)

2022-06-09 20:22:58 - [MESSAGE][PASSED] - Delayed 3 second(s)

2022-06-09 20:22:58 - [TEST_STEP][PASSED] - I.click_button_javascript(findTestObject("1. Constant/xpath", ["xpath":"//*[@id="ModifFiche"]/div[1]/div[2]/button[2]"])): Execute JavaScript 'arguments[0].click()' successfully

2022-06-09 20:23:07 - [MESSAGE][PASSED] - Execute JavaScript 'arguments[0].click()' successfully

2022-06-09 20:23:07 - [TEST_STEP][PASSED] - delay(2): Delayed 2 second(s)

2022-06-09 20:23:09 - [MESSAGE][PASSED] - Delayed 2 second(s)

2022-06-09 20:23:09 - [TEST_STEP][PASSED] - takeScreenshot(): Taking screenshot successfully

2022-06-09 20:23:09 - [MESSAGE][PASSED] - Taking screenshot successfully
[[ATTACHMENT|D:\\Projet Test Auto\\Mediabox Test Automation\\Reports\\20220609_181011\\03. Parallel Testing (Testing)\\TS -PT PART 3\\10 NPP Support Action on Completed Ref\\20220609_181104\\1654798989267.png]]

2022-06-09 20:23:09 - [TEST_STEP][PASSED] - I.select_multiplelist("//*[@id="selSource_default_target_language"]", "//*[@id="btn_add_default_target_language"]", "EN"): Delayed 1 second(s)

2022-06-09 20:23:10 - [MESSAGE][PASSED] - Delayed 1 second(s)

2022-06-09 20:23:11 - [MESSAGE][PASSED] - All options with value 'EN' are selected in object 'Object Repository/1. Constant/xpath' 

2022-06-09 20:23:13 - [MESSAGE][PASSED] - Delayed 2 second(s)

2022-06-09 20:23:13 - [MESSAGE][PASSED] - Object: 'Object Repository/1. Constant/xpath' is clicked on

2022-06-09 20:23:14 - [MESSAGE][PASSED] - Delayed 1 second(s)

2022-06-09 20:23:14 - [TEST_STEP][PASSED] - delay(3): Delayed 3 second(s)

2022-06-09 20:23:17 - [MESSAGE][PASSED] - Delayed 3 second(s)

2022-06-09 20:23:17 - [TEST_STEP][PASSED] - selectOptionByValue(findTestObject("1. Constant/xpath", ["xpath":"//*[@id="var_127_128_line_1"]"]), "2211", false): All options with value '2211' are selected in object 'Object Repository/1. Constant/xpath' 

2022-06-09 20:23:18 - [MESSAGE][PASSED] - All options with value '2211' are selected in object 'Object Repository/1. Constant/xpath' 

2022-06-09 20:23:18 - [TEST_STEP][PASSED] - delay(3): Delayed 3 second(s)

2022-06-09 20:23:21 - [MESSAGE][PASSED] - Delayed 3 second(s)

2022-06-09 20:23:21 - [TEST_STEP][PASSED] - setText(findTestObject("1. Constant/xpath", ["xpath":"//*[@id="var_72"]"]), "01/12/2021"): Text '01/12/2021' is set on object 'Object Repository/1. Constant/xpath'

2022-06-09 20:23:21 - [MESSAGE][PASSED] - Text '01/12/2021' is set on object 'Object Repository/1. Constant/xpath'

2022-06-09 20:23:21 - [TEST_STEP][PASSED] - delay(3): Delayed 3 second(s)

2022-06-09 20:23:24 - [MESSAGE][PASSED] - Delayed 3 second(s)

2022-06-09 20:23:24 - [TEST_STEP][PASSED] - setText(findTestObject("1. Constant/xpath", ["xpath":"//*[@id="var_116"]"]), "01/12/2021"): Text '01/12/2021' is set on object 'Object Repository/1. Constant/xpath'

2022-06-09 20:23:25 - [MESSAGE][PASSED] - Text '01/12/2021' is set on object 'Object Repository/1. Constant/xpath'

2022-06-09 20:23:25 - [TEST_STEP][PASSED] - I.Pagedown(): Execute JavaScript 'window.scrollTo(0, document.body.scrollHeight)' successfully

2022-06-09 20:23:25 - [MESSAGE][PASSED] - Execute JavaScript 'window.scrollTo(0, document.body.scrollHeight)' successfully

2022-06-09 20:23:25 - [TEST_STEP][PASSED] - I.select_multiplelist("//*[@id="selSource_61"]", "//*[@id="btnAdd_61"]", "2147"): Delayed 1 second(s)

2022-06-09 20:23:26 - [MESSAGE][PASSED] - Delayed 1 second(s)

2022-06-09 20:23:26 - [MESSAGE][PASSED] - All options with value '2147' are selected in object 'Object Repository/1. Constant/xpath' 

2022-06-09 20:23:28 - [MESSAGE][PASSED] - Delayed 2 second(s)

2022-06-09 20:23:29 - [MESSAGE][PASSED] - Object: 'Object Repository/1. Constant/xpath' is clicked on

2022-06-09 20:23:30 - [MESSAGE][PASSED] - Delayed 1 second(s)

2022-06-09 20:23:30 - [TEST_STEP][PASSED] - takeScreenshot(): Taking screenshot successfully

2022-06-09 20:23:30 - [MESSAGE][PASSED] - Taking screenshot successfully
[[ATTACHMENT|D:\\Projet Test Auto\\Mediabox Test Automation\\Reports\\20220609_181011\\03. Parallel Testing (Testing)\\TS -PT PART 3\\10 NPP Support Action on Completed Ref\\20220609_181104\\1654799010317.png]]

2022-06-09 20:23:30 - [TEST_STEP][PASSED] - I.click_button_javascript(findTestObject("1. Constant/xpath", ["xpath":"//*[@id="ModifFiche"]/div[3]/div/button[2]"])): Execute JavaScript 'arguments[0].click()' successfully

2022-06-09 20:23:39 - [MESSAGE][PASSED] - Execute JavaScript 'arguments[0].click()' successfully

2022-06-09 20:23:39 - [TEST_STEP][PASSED] - delay(1): Delayed 1 second(s)

2022-06-09 20:23:40 - [MESSAGE][PASSED] - Delayed 1 second(s)

2022-06-09 20:23:40 - [TEST_STEP][PASSED] - takeScreenshot(): Taking screenshot successfully

2022-06-09 20:23:41 - [MESSAGE][PASSED] - Taking screenshot successfully
[[ATTACHMENT|D:\\Projet Test Auto\\Mediabox Test Automation\\Reports\\20220609_181011\\03. Parallel Testing (Testing)\\TS -PT PART 3\\10 NPP Support Action on Completed Ref\\20220609_181104\\1654799020765.png]]

2022-06-09 20:23:41 - [TEST_STEP][PASSED] - click(findTestObject("1. Constant/xpath", ["xpath":"//*[@id="fiches"]/table/tbody/tr[1]/td[5]/a[1]"])): Object: 'Object Repository/1. Constant/xpath' is clicked on

2022-06-09 20:23:44 - [MESSAGE][PASSED] - Object: 'Object Repository/1. Constant/xpath' is clicked on

2022-06-09 20:23:44 - [TEST_STEP][PASSED] - delay(1): Delayed 1 second(s)

2022-06-09 20:23:45 - [MESSAGE][PASSED] - Delayed 1 second(s)

2022-06-09 20:23:45 - [TEST_STEP][PASSED] - click(findTestObject("1. Constant/xpath", ["xpath":"//*[@id="kt_content"]/div[3]/div/ul/li[3]/a"])): Object: 'Object Repository/1. Constant/xpath' is clicked on

2022-06-09 20:23:46 - [MESSAGE][PASSED] - Object: 'Object Repository/1. Constant/xpath' is clicked on

2022-06-09 20:23:46 - [TEST_STEP][PASSED] - delay(1): Delayed 1 second(s)

2022-06-09 20:23:47 - [MESSAGE][PASSED] - Delayed 1 second(s)

2022-06-09 20:23:47 - [TEST_STEP][PASSED] - click(findTestObject("1. Constant/xpath", ["xpath":"/html/body/div[1]/div[2]/div[8]/div[3]/div/div[3]/div[3]/div/div/div[3]/div/div[2]/div/div[1]/div[2]/div/button"])): Object: 'Object Repository/1. Constant/xpath' is clicked on

2022-06-09 20:23:48 - [MESSAGE][PASSED] - Object: 'Object Repository/1. Constant/xpath' is clicked on

2022-06-09 20:23:48 - [TEST_STEP][PASSED] - delay(3): Delayed 3 second(s)

2022-06-09 20:23:51 - [MESSAGE][PASSED] - Delayed 3 second(s)

2022-06-09 20:23:51 - [TEST_STEP][PASSED] - takeScreenshot(): Taking screenshot successfully

2022-06-09 20:23:51 - [MESSAGE][PASSED] - Taking screenshot successfully
[[ATTACHMENT|D:\\Projet Test Auto\\Mediabox Test Automation\\Reports\\20220609_181011\\03. Parallel Testing (Testing)\\TS -PT PART 3\\10 NPP Support Action on Completed Ref\\20220609_181104\\1654799031438.png]]

2022-06-09 20:23:51 - [TEST_STEP][PASSED] - x = 2: null

2022-06-09 20:23:51 - [TEST_STEP][PASSED] - i = 1: null

2022-06-09 20:23:51 - [TEST_STEP][PASSED] - while (i <= x): null

2022-06-09 20:23:51 - [TEST_STEP][PASSED] - Expected_SAS_Selected = "Reset to Languages Setup": null

2022-06-09 20:23:51 - [TEST_STEP][PASSED] - xpath_SAS = "/html/body/div[1]/div[2]/div[8]/div[3]/div/div[3]/div[3]/div/div/div[3]/div/div[2]/div/div[1]/div[2]/div/div/a[" + i + "]": null

2022-06-09 20:23:51 - [TEST_STEP][PASSED] - Actual_SAS = getText(findTestObject("1. Constant/xpath", ["xpath":xpath_SAS])): Text of object 'Object Repository/1. Constant/xpath' is: 'Reset to LSS Creation'

2022-06-09 20:23:51 - [MESSAGE][PASSED] - Text of object 'Object Repository/1. Constant/xpath' is: 'Reset to LSS Creation'

2022-06-09 20:23:51 - [TEST_STEP][PASSED] - I.print(i): null

2022-06-09 20:23:51 - [TEST_STEP][PASSED] - if (Actual_SAS.contains(Expected_SAS_Selected)): null

2022-06-09 20:23:51 - [TEST_STEP][PASSED] - i = i + 1: null

2022-06-09 20:23:51 - [TEST_STEP][PASSED] - Expected_SAS_Selected = "Reset to Languages Setup": null

2022-06-09 20:23:51 - [TEST_STEP][PASSED] - xpath_SAS = "/html/body/div[1]/div[2]/div[8]/div[3]/div/div[3]/div[3]/div/div/div[3]/div/div[2]/div/div[1]/div[2]/div/div/a[" + i + "]": null

2022-06-09 20:23:51 - [TEST_STEP][PASSED] - Actual_SAS = getText(findTestObject("1. Constant/xpath", ["xpath":xpath_SAS])): Text of object 'Object Repository/1. Constant/xpath' is: 'Reset to Languages Setup'

2022-06-09 20:23:52 - [MESSAGE][PASSED] - Text of object 'Object Repository/1. Constant/xpath' is: 'Reset to Languages Setup'

2022-06-09 20:23:52 - [TEST_STEP][PASSED] - I.print(i): null

2022-06-09 20:23:52 - [TEST_STEP][PASSED] - if (Actual_SAS.contains(Expected_SAS_Selected)): null

2022-06-09 20:23:52 - [TEST_STEP][PASSED] - I.click_button_javascript(findTestObject("1. Constant/xpath", ["xpath":xpath_SAS])): Execute JavaScript 'arguments[0].click()' successfully

2022-06-09 20:23:52 - [MESSAGE][PASSED] - Execute JavaScript 'arguments[0].click()' successfully

2022-06-09 20:23:52 - [TEST_STEP][PASSED] - break: null

2022-06-09 20:23:52 - [TEST_STEP][PASSED] - delay(3): Delayed 3 second(s)

2022-06-09 20:23:55 - [MESSAGE][PASSED] - Delayed 3 second(s)

2022-06-09 20:23:55 - [TEST_STEP][PASSED] - takeScreenshot(): Taking screenshot successfully

2022-06-09 20:23:55 - [MESSAGE][PASSED] - Taking screenshot successfully
[[ATTACHMENT|D:\\Projet Test Auto\\Mediabox Test Automation\\Reports\\20220609_181011\\03. Parallel Testing (Testing)\\TS -PT PART 3\\10 NPP Support Action on Completed Ref\\20220609_181104\\1654799035249.png]]

2022-06-09 20:23:55 - [TEST_STEP][PASSED] - selectOptionByValue(findTestObject("1. Constant/xpath", ["xpath":"//*[@id="added_support_action_reason"]"]), "1", false): All options with value '1' are selected in object 'Object Repository/1. Constant/xpath' 

2022-06-09 20:23:55 - [MESSAGE][PASSED] - All options with value '1' are selected in object 'Object Repository/1. Constant/xpath' 

2022-06-09 20:23:55 - [TEST_STEP][PASSED] - delay(1): Delayed 1 second(s)

2022-06-09 20:23:56 - [MESSAGE][PASSED] - Delayed 1 second(s)

2022-06-09 20:23:56 - [TEST_STEP][PASSED] - click(findTestObject("1. Constant/xpath", ["xpath":"//*[@id="modal_support_action_shortcut"]/div/div/div[3]/button[2]"])): Object: 'Object Repository/1. Constant/xpath' is clicked on

2022-06-09 20:24:03 - [MESSAGE][PASSED] - Object: 'Object Repository/1. Constant/xpath' is clicked on

2022-06-09 20:24:03 - [TEST_STEP][PASSED] - delay(1): Delayed 1 second(s)

2022-06-09 20:24:04 - [MESSAGE][PASSED] - Delayed 1 second(s)

2022-06-09 20:24:04 - [TEST_STEP][PASSED] - click(findTestObject("1. Constant/xpath", ["xpath":"//*[@id="kt_subheader"]/div/nav/ol/li[2]/a"])): Object: 'Object Repository/1. Constant/xpath' is clicked on

2022-06-09 20:24:09 - [MESSAGE][PASSED] - Object: 'Object Repository/1. Constant/xpath' is clicked on

2022-06-09 20:24:09 - [TEST_STEP][PASSED] - takeScreenshot(): Taking screenshot successfully

2022-06-09 20:24:10 - [MESSAGE][PASSED] - Taking screenshot successfully
[[ATTACHMENT|D:\\Projet Test Auto\\Mediabox Test Automation\\Reports\\20220609_181011\\03. Parallel Testing (Testing)\\TS -PT PART 3\\10 NPP Support Action on Completed Ref\\20220609_181104\\1654799050155.png]]

2022-06-09 20:24:10 - [TEST_STEP][PASSED] - delay(1): Delayed 1 second(s)

2022-06-09 20:24:11 - [MESSAGE][PASSED] - Delayed 1 second(s)

2022-06-09 20:24:11 - [TEST_STEP][PASSED] - st11 = getText(findTestObject("1. Constant/xpath", ["xpath":"/html/body/div[1]/div[2]/div[4]/div[3]/div/div[2]/div[2]/table/tbody/tr[1]/td[7]/span[2]"])): Text of object 'Object Repository/1. Constant/xpath' is: 'Languages Setup'

2022-06-09 20:24:12 - [MESSAGE][PASSED] - Text of object 'Object Repository/1. Constant/xpath' is: 'Languages Setup'

2022-06-09 20:24:12 - [TEST_STEP][PASSED] - verifyMatch(st11, "Languages Setup", false): Actual text 'Languages Setup' and expected text 'Languages Setup' are matched 

2022-06-09 20:24:12 - [MESSAGE][PASSED] - Actual text 'Languages Setup' and expected text 'Languages Setup' are matched 

2022-06-09 20:24:12 - [TEST_STEP][PASSED] - st12 = getText(findTestObject("1. Constant/xpath", ["xpath":"/html/body/div[1]/div[2]/div[4]/div[3]/div/div[2]/div[2]/table/tbody/tr[2]/td[7]/span"])): Text of object 'Object Repository/1. Constant/xpath' is: 'Complete (Skipped)'

2022-06-09 20:24:12 - [MESSAGE][PASSED] - Text of object 'Object Repository/1. Constant/xpath' is: 'Complete (Skipped)'

2022-06-09 20:24:12 - [TEST_STEP][PASSED] - verifyMatch(st12, "Complete (Skipped)", false): Actual text 'Complete (Skipped)' and expected text 'Complete (Skipped)' are matched 

2022-06-09 20:24:12 - [MESSAGE][PASSED] - Actual text 'Complete (Skipped)' and expected text 'Complete (Skipped)' are matched 

2022-06-09 20:24:12 - [TEST_STEP][PASSED] - delay(1): Delayed 1 second(s)

2022-06-09 20:24:13 - [MESSAGE][PASSED] - Delayed 1 second(s)

2022-06-09 20:24:13 - [TEST_STEP][PASSED] - click(findTestObject("1. Constant/xpath", ["xpath":"//*[@id="fiches"]/table/tbody/tr[1]/td[10]/a[2]"])): Object: 'Object Repository/1. Constant/xpath' is clicked on

2022-06-09 20:24:16 - [MESSAGE][PASSED] - Object: 'Object Repository/1. Constant/xpath' is clicked on

2022-06-09 20:24:16 - [TEST_STEP][PASSED] - selectOptionByValue(findTestObject("1. Constant/xpath", ["xpath":"//*[@id="var_127_128_line_1"]"]), "2211", false): All options with value '2211' are selected in object 'Object Repository/1. Constant/xpath' 

2022-06-09 20:24:17 - [MESSAGE][PASSED] - All options with value '2211' are selected in object 'Object Repository/1. Constant/xpath' 

2022-06-09 20:24:17 - [TEST_STEP][PASSED] - I.select_multiplelist("//*[@id="selSource_default_target_language"]", "//*[@id="btn_add_default_target_language"]", "DA"): Delayed 1 second(s)

2022-06-09 20:24:18 - [MESSAGE][PASSED] - Delayed 1 second(s)

2022-06-09 20:24:18 - [MESSAGE][PASSED] - All options with value 'DA' are selected in object 'Object Repository/1. Constant/xpath' 

2022-06-09 20:24:20 - [MESSAGE][PASSED] - Delayed 2 second(s)

2022-06-09 20:24:21 - [MESSAGE][PASSED] - Object: 'Object Repository/1. Constant/xpath' is clicked on

2022-06-09 20:24:22 - [MESSAGE][PASSED] - Delayed 1 second(s)

2022-06-09 20:24:22 - [TEST_STEP][PASSED] - delay(1): Delayed 1 second(s)

2022-06-09 20:24:23 - [MESSAGE][PASSED] - Delayed 1 second(s)

2022-06-09 20:24:23 - [TEST_STEP][PASSED] - selectOptionByValue(findTestObject("1. Constant/xpath", ["xpath":"//*[@id="var_127_128_line_1"]"]), "2211", false): All options with value '2211' are selected in object 'Object Repository/1. Constant/xpath' 

2022-06-09 20:24:24 - [MESSAGE][PASSED] - All options with value '2211' are selected in object 'Object Repository/1. Constant/xpath' 

2022-06-09 20:24:24 - [TEST_STEP][PASSED] - delay(1): Delayed 1 second(s)

2022-06-09 20:24:25 - [MESSAGE][PASSED] - Delayed 1 second(s)

2022-06-09 20:24:25 - [TEST_STEP][PASSED] - takeScreenshot(): Taking screenshot successfully

2022-06-09 20:24:25 - [MESSAGE][PASSED] - Taking screenshot successfully
[[ATTACHMENT|D:\\Projet Test Auto\\Mediabox Test Automation\\Reports\\20220609_181011\\03. Parallel Testing (Testing)\\TS -PT PART 3\\10 NPP Support Action on Completed Ref\\20220609_181104\\1654799065419.png]]

2022-06-09 20:24:25 - [TEST_STEP][PASSED] - I.click_button_javascript(findTestObject("1. Constant/xpath", ["xpath":"//*[@id="ModifFiche"]/div[3]/div/button[2]"])): Execute JavaScript 'arguments[0].click()' successfully

2022-06-09 20:24:37 - [MESSAGE][PASSED] - Execute JavaScript 'arguments[0].click()' successfully

2022-06-09 20:24:37 - [TEST_STEP][PASSED] - delay(1): Delayed 1 second(s)

2022-06-09 20:24:38 - [MESSAGE][PASSED] - Delayed 1 second(s)

2022-06-09 20:24:38 - [TEST_STEP][PASSED] - verifyTextPresent("English", false): Text 'English' is present on page 

2022-06-09 20:24:39 - [MESSAGE][PASSED] - Text 'English' is present on page 

2022-06-09 20:24:39 - [TEST_STEP][PASSED] - verifyTextPresent("Danish", false): Text 'Danish' is present on page 

2022-06-09 20:24:39 - [MESSAGE][PASSED] - Text 'Danish' is present on page 

2022-06-09 20:24:39 - [TEST_STEP][PASSED] - click(findTestObject("1. Constant/xpath", ["xpath":"/html/body/div[1]/div[2]/div[4]/div[3]/div/div[2]/div[2]/table/tbody/tr[3]/td[5]/a"])): Object: 'Object Repository/1. Constant/xpath' is clicked on

2022-06-09 20:24:41 - [MESSAGE][PASSED] - Object: 'Object Repository/1. Constant/xpath' is clicked on

2022-06-09 20:24:41 - [TEST_STEP][PASSED] - delay(1): Delayed 1 second(s)

2022-06-09 20:24:42 - [MESSAGE][PASSED] - Delayed 1 second(s)

2022-06-09 20:24:42 - [TEST_STEP][PASSED] - click(findTestObject("1. Constant/xpath", ["xpath":"//*[@id="kt_content"]/div[3]/div/ul/li[3]/a"])): Object: 'Object Repository/1. Constant/xpath' is clicked on

2022-06-09 20:24:45 - [MESSAGE][PASSED] - Object: 'Object Repository/1. Constant/xpath' is clicked on

2022-06-09 20:24:45 - [TEST_STEP][PASSED] - delay(1): Delayed 1 second(s)

2022-06-09 20:24:46 - [MESSAGE][PASSED] - Delayed 1 second(s)

2022-06-09 20:24:46 - [TEST_STEP][PASSED] - click(findTestObject("1. Constant/xpath", ["xpath":"/html/body/div[1]/div[2]/div[8]/div[3]/div/div[3]/div[3]/div/div/div/div/div[2]/div/div[1]/div[2]/div/button"])): Object: 'Object Repository/1. Constant/xpath' is clicked on

2022-06-09 20:24:46 - [MESSAGE][PASSED] - Object: 'Object Repository/1. Constant/xpath' is clicked on

2022-06-09 20:24:46 - [TEST_STEP][PASSED] - delay(3): Delayed 3 second(s)

2022-06-09 20:24:49 - [MESSAGE][PASSED] - Delayed 3 second(s)

2022-06-09 20:24:49 - [TEST_STEP][PASSED] - takeScreenshot(): Taking screenshot successfully

2022-06-09 20:24:49 - [MESSAGE][PASSED] - Taking screenshot successfully
[[ATTACHMENT|D:\\Projet Test Auto\\Mediabox Test Automation\\Reports\\20220609_181011\\03. Parallel Testing (Testing)\\TS -PT PART 3\\10 NPP Support Action on Completed Ref\\20220609_181104\\1654799089687.png]]

2022-06-09 20:24:49 - [TEST_STEP][PASSED] - y = 2: null

2022-06-09 20:24:49 - [TEST_STEP][PASSED] - z = 1: null

2022-06-09 20:24:49 - [TEST_STEP][PASSED] - while (z <= y): null

2022-06-09 20:24:49 - [TEST_STEP][PASSED] - Expected_SAS_Selected = "Skip to RSA translation": null

2022-06-09 20:24:49 - [TEST_STEP][PASSED] - xpath_SAS = "/html/body/div[1]/div[2]/div[8]/div[3]/div/div[3]/div[3]/div/div/div/div/div[2]/div/div[1]/div[2]/div/div/a[" + z + "]": null

2022-06-09 20:24:49 - [TEST_STEP][PASSED] - Actual_SAS = getText(findTestObject("1. Constant/xpath", ["xpath":xpath_SAS])): Text of object 'Object Repository/1. Constant/xpath' is: 'Skip to RSA translation'

2022-06-09 20:24:50 - [MESSAGE][PASSED] - Text of object 'Object Repository/1. Constant/xpath' is: 'Skip to RSA translation'

2022-06-09 20:24:50 - [TEST_STEP][PASSED] - if (Actual_SAS.contains(Expected_SAS_Selected)): null

2022-06-09 20:24:50 - [TEST_STEP][PASSED] - I.click_button_javascript(findTestObject("1. Constant/xpath", ["xpath":xpath_SAS])): Execute JavaScript 'arguments[0].click()' successfully

2022-06-09 20:24:51 - [MESSAGE][PASSED] - Execute JavaScript 'arguments[0].click()' successfully

2022-06-09 20:24:51 - [TEST_STEP][PASSED] - break: null

2022-06-09 20:24:51 - [TEST_STEP][PASSED] - takeScreenshot(): Taking screenshot successfully

2022-06-09 20:24:51 - [MESSAGE][PASSED] - Taking screenshot successfully
[[ATTACHMENT|D:\\Projet Test Auto\\Mediabox Test Automation\\Reports\\20220609_181011\\03. Parallel Testing (Testing)\\TS -PT PART 3\\10 NPP Support Action on Completed Ref\\20220609_181104\\1654799091062.png]]

2022-06-09 20:24:51 - [TEST_STEP][PASSED] - selectOptionByValue(findTestObject("1. Constant/xpath", ["xpath":"//*[@id="added_support_action_reason"]"]), "3", false): All options with value '3' are selected in object 'Object Repository/1. Constant/xpath' 

2022-06-09 20:24:52 - [MESSAGE][PASSED] - All options with value '3' are selected in object 'Object Repository/1. Constant/xpath' 

2022-06-09 20:24:52 - [TEST_STEP][PASSED] - delay(1): Delayed 1 second(s)

2022-06-09 20:24:53 - [MESSAGE][PASSED] - Delayed 1 second(s)

2022-06-09 20:24:53 - [TEST_STEP][PASSED] - click(findTestObject("1. Constant/xpath", ["xpath":"//*[@id="modal_support_action_shortcut"]/div/div/div[3]/button[2]"])): Object: 'Object Repository/1. Constant/xpath' is clicked on

2022-06-09 20:24:57 - [MESSAGE][PASSED] - Object: 'Object Repository/1. Constant/xpath' is clicked on

2022-06-09 20:24:57 - [TEST_STEP][PASSED] - delay(1): Delayed 1 second(s)

2022-06-09 20:24:58 - [MESSAGE][PASSED] - Delayed 1 second(s)

2022-06-09 20:24:58 - [TEST_STEP][PASSED] - click(findTestObject("1. Constant/xpath", ["xpath":"//*[@id="kt_subheader"]/div/nav/ol/li[2]/a"])): Object: 'Object Repository/1. Constant/xpath' is clicked on

2022-06-09 20:25:02 - [MESSAGE][PASSED] - Object: 'Object Repository/1. Constant/xpath' is clicked on

2022-06-09 20:25:02 - [TEST_STEP][PASSED] - delay(1): Delayed 1 second(s)

2022-06-09 20:25:03 - [MESSAGE][PASSED] - Delayed 1 second(s)

2022-06-09 20:25:03 - [TEST_STEP][PASSED] - st1_danish = getText(findTestObject("1. Constant/xpath", ["xpath":"/html/body/div[1]/div[2]/div[4]/div[3]/div/div[2]/div[2]/table/tbody/tr[3]/td[7]/span[2]"])): Text of object 'Object Repository/1. Constant/xpath' is: 'RSA Translation'

2022-06-09 20:25:03 - [MESSAGE][PASSED] - Text of object 'Object Repository/1. Constant/xpath' is: 'RSA Translation'

2022-06-09 20:25:03 - [TEST_STEP][PASSED] - verifyMatch(st1_danish, "RSA Translation", false): Actual text 'RSA Translation' and expected text 'RSA Translation' are matched 

2022-06-09 20:25:03 - [MESSAGE][PASSED] - Actual text 'RSA Translation' and expected text 'RSA Translation' are matched 

2022-06-09 20:25:03 - [TEST_STEP][PASSED] - takeScreenshot(): Taking screenshot successfully

2022-06-09 20:25:03 - [MESSAGE][PASSED] - Taking screenshot successfully
[[ATTACHMENT|D:\\Projet Test Auto\\Mediabox Test Automation\\Reports\\20220609_181011\\03. Parallel Testing (Testing)\\TS -PT PART 3\\10 NPP Support Action on Completed Ref\\20220609_181104\\1654799103554.png]]

2022-06-09 20:25:03 - [TEST_STEP][PASSED] - closeBrowser(): Browser is closed

2022-06-09 20:25:04 - [MESSAGE][PASSED] - Browser is closed

2022-06-09 20:25:04 - [TEST_STEP][PASSED] - Start listener action : sampleAfterTestCase: null]]></system-out>
         <system-err><![CDATA[]]></system-err>
      </testcase>
      <testcase name="Test Cases/16 Support action (Completed ref)/16.10 NPP SAS translation - Reset Agency (Not completed ref) S7" time="547.177" classname="Test Cases/16 Support action (Completed ref)/16.10 NPP SAS translation - Reset Agency (Not completed ref) S7" status="PASSED">
         <system-out><![CDATA[2022-06-09 20:25:04 - [TEST_CASE][PASSED] - Test Cases/16 Support action (Completed ref)/16.10 NPP SAS translation - Reset Agency (Not completed ref) S7: Test Cases/16 Support action (Completed ref)/16.10 NPP SAS translation - Reset Agency (Not completed ref) S7

2022-06-09 20:25:05 - [TEST_STEP][PASSED] - data_Npp = findTestData("Data Files/Username_Password/Npp"): null

2022-06-09 20:25:05 - [TEST_STEP][PASSED] - password_ncur = data_Npp.getValue(2, 1): null

2022-06-09 20:25:05 - [TEST_STEP][PASSED] - password_akim = data_Npp.getValue(2, 2): null

2022-06-09 20:25:05 - [TEST_STEP][PASSED] - password_lmoodie_mkt = data_Npp.getValue(2, 12): null

2022-06-09 20:25:05 - [TEST_STEP][PASSED] - data_urlRELAUTO = findTestData("Data Files/URL/URL_relauto"): null

2022-06-09 20:25:05 - [TEST_STEP][PASSED] - Url_Npp = data_urlRELAUTO.getValue(2, 5): null

2022-06-09 20:25:05 - [TEST_STEP][PASSED] - openBrowser(Url_Npp): Browser is opened with url: ' http://mdb-release.diadeis.lan/MediaboxIndependence/?MBI_datasource=RELTESTAUTO_NPP'

2022-06-09 20:25:05 - [MESSAGE][INFO] - Starting 'Chrome (headless)' driver

2022-06-09 20:25:05 - [MESSAGE][INFO] - User set preference: ['args', '[--window-size=1920,1080, --headless]']

2022-06-09 20:25:05 - [MESSAGE][INFO] - Action delay is set to 0 milliseconds

2022-06-09 20:25:13 - [MESSAGE][PASSED] - Browser is opened with url: ' http://mdb-release.diadeis.lan/MediaboxIndependence/?MBI_datasource=RELTESTAUTO_NPP'

2022-06-09 20:25:13 - [TEST_STEP][PASSED] - maximizeWindow(): Current window maximized

2022-06-09 20:25:14 - [MESSAGE][PASSED] - Current window maximized

2022-06-09 20:25:14 - [TEST_STEP][PASSED] - takeScreenshot(): Taking screenshot successfully

2022-06-09 20:25:14 - [MESSAGE][PASSED] - Taking screenshot successfully
[[ATTACHMENT|D:\\Projet Test Auto\\Mediabox Test Automation\\Reports\\20220609_181011\\03. Parallel Testing (Testing)\\TS -PT PART 3\\10 NPP Support Action on Completed Ref\\20220609_181104\\1654799114210.png]]

2022-06-09 20:25:14 - [TEST_STEP][PASSED] - I.Login_password("akim", password_akim): Object: 'Object Repository/1. Constant/xpath' is clicked on

2022-06-09 20:25:14 - [MESSAGE][PASSED] - Text 'akim' is set on object 'Object Repository/1. Constant/xpath'

2022-06-09 20:25:15 - [MESSAGE][PASSED] - Delayed 1 second(s)

2022-06-09 20:25:16 - [MESSAGE][PASSED] - Text 'dchi' is set on object 'Object Repository/1. Constant/xpath'

2022-06-09 20:25:17 - [MESSAGE][PASSED] - Delayed 1 second(s)

2022-06-09 20:25:29 - [MESSAGE][PASSED] - Object: 'Object Repository/1. Constant/xpath' is clicked on

2022-06-09 20:25:29 - [TEST_STEP][PASSED] - takeScreenshot(): Taking screenshot successfully

2022-06-09 20:25:29 - [MESSAGE][PASSED] - Taking screenshot successfully
[[ATTACHMENT|D:\\Projet Test Auto\\Mediabox Test Automation\\Reports\\20220609_181011\\03. Parallel Testing (Testing)\\TS -PT PART 3\\10 NPP Support Action on Completed Ref\\20220609_181104\\1654799129425.png]]

2022-06-09 20:25:29 - [TEST_STEP][PASSED] - click(findTestObject("1. Constant/02_LHSMenu_Projects")): Object: 'Object Repository/1. Constant/02_LHSMenu_Projects' is clicked on

2022-06-09 20:25:39 - [MESSAGE][PASSED] - Object: 'Object Repository/1. Constant/02_LHSMenu_Projects' is clicked on

2022-06-09 20:25:39 - [TEST_STEP][PASSED] - click(findTestObject("Object Repository/1. Constant/xpath", ["xpath":"//*[@id="kt_content"]/div[3]/div/div/div[1]/div[2]/a[1]"])): Object: 'Object Repository/1. Constant/xpath' is clicked on

2022-06-09 20:25:45 - [MESSAGE][PASSED] - Object: 'Object Repository/1. Constant/xpath' is clicked on

2022-06-09 20:25:45 - [TEST_STEP][PASSED] - takeScreenshot(): Taking screenshot successfully

2022-06-09 20:25:45 - [MESSAGE][PASSED] - Taking screenshot successfully
[[ATTACHMENT|D:\\Projet Test Auto\\Mediabox Test Automation\\Reports\\20220609_181011\\03. Parallel Testing (Testing)\\TS -PT PART 3\\10 NPP Support Action on Completed Ref\\20220609_181104\\1654799145631.png]]

2022-06-09 20:25:45 - [TEST_STEP][PASSED] - "On the modify project page : Fill in all field": null

2022-06-09 20:25:45 - [TEST_STEP][PASSED] - LSSNumber_name = "AutoTest_Npp_SAS_Part5_" + RandomStringUtils.randomAlphanumeric(10) + "_" + I.gettimedate(): null

2022-06-09 20:25:45 - [TEST_STEP][PASSED] - setText(findTestObject("1. Constant/xpath", ["xpath":"//*[@id="var_70"]"]), LSSNumber_name): Text 'AutoTest_Npp_SAS_Part5_dIVF6a8sln_juin092022_202545' is set on object 'Object Repository/1. Constant/xpath'

2022-06-09 20:25:46 - [MESSAGE][PASSED] - Text 'AutoTest_Npp_SAS_Part5_dIVF6a8sln_juin092022_202545' is set on object 'Object Repository/1. Constant/xpath'

2022-06-09 20:25:46 - [TEST_STEP][PASSED] - I.SelectFromList_Value("//*[@id="var_107"]", "2420"): Delayed 2 second(s)

2022-06-09 20:25:46 - [MESSAGE][PASSED] - All options with value '2420' are selected in object 'Object Repository/1. Constant/xpath' 

2022-06-09 20:25:48 - [MESSAGE][PASSED] - Delayed 2 second(s)

2022-06-09 20:25:48 - [TEST_STEP][PASSED] - I.select_multiplelist("//*[@id="selSource_108"]", "//*[@id="btnAdd_108"]", "2354"): Delayed 1 second(s)

2022-06-09 20:25:49 - [MESSAGE][PASSED] - Delayed 1 second(s)

2022-06-09 20:25:51 - [MESSAGE][PASSED] - All options with value '2354' are selected in object 'Object Repository/1. Constant/xpath' 

2022-06-09 20:25:53 - [MESSAGE][PASSED] - Delayed 2 second(s)

2022-06-09 20:25:53 - [MESSAGE][PASSED] - Object: 'Object Repository/1. Constant/xpath' is clicked on

2022-06-09 20:25:54 - [MESSAGE][PASSED] - Delayed 1 second(s)

2022-06-09 20:25:54 - [TEST_STEP][PASSED] - setText(findTestObject("1. Constant/xpath", ["xpath":"//*[@id="var_110"]"]), "Variety test"): Text 'Variety test' is set on object 'Object Repository/1. Constant/xpath'

2022-06-09 20:25:55 - [MESSAGE][PASSED] - Text 'Variety test' is set on object 'Object Repository/1. Constant/xpath'

2022-06-09 20:25:55 - [TEST_STEP][PASSED] - setText(findTestObject("1. Constant/xpath", ["xpath":"//*[@id="var_133"]"]), "Alternative Format code test "): Text 'Alternative Format code test ' is set on object 'Object Repository/1. Constant/xpath'

2022-06-09 20:25:55 - [MESSAGE][PASSED] - Text 'Alternative Format code test ' is set on object 'Object Repository/1. Constant/xpath'

2022-06-09 20:25:55 - [TEST_STEP][PASSED] - setText(findTestObject("1. Constant/xpath", ["xpath":"//*[@id="var_65"]"]), "FORMAT Product designation test "): Text 'FORMAT Product designation test ' is set on object 'Object Repository/1. Constant/xpath'

2022-06-09 20:25:55 - [MESSAGE][PASSED] - Text 'FORMAT Product designation test ' is set on object 'Object Repository/1. Constant/xpath'

2022-06-09 20:25:55 - [TEST_STEP][PASSED] - I.select_multiplelist("//*[@id="selSource_91"]", "//*[@id="btnAdd_91"]", "1023"): Delayed 1 second(s)

2022-06-09 20:25:56 - [MESSAGE][PASSED] - Delayed 1 second(s)

2022-06-09 20:25:57 - [MESSAGE][PASSED] - All options with value '1023' are selected in object 'Object Repository/1. Constant/xpath' 

2022-06-09 20:25:59 - [MESSAGE][PASSED] - Delayed 2 second(s)

2022-06-09 20:25:59 - [MESSAGE][PASSED] - Object: 'Object Repository/1. Constant/xpath' is clicked on

2022-06-09 20:26:00 - [MESSAGE][PASSED] - Delayed 1 second(s)

2022-06-09 20:26:00 - [TEST_STEP][PASSED] - setText(findTestObject("1. Constant/xpath", ["xpath":"//*[@id="var_71"]"]), "25/08/2021"): Text '25/08/2021' is set on object 'Object Repository/1. Constant/xpath'

2022-06-09 20:26:01 - [MESSAGE][PASSED] - Text '25/08/2021' is set on object 'Object Repository/1. Constant/xpath'

2022-06-09 20:26:01 - [TEST_STEP][PASSED] - setText(findTestObject("1. Constant/xpath", ["xpath":"//*[@id="var_89"]"]), "Project Information - Comments"): Text 'Project Information - Comments' is set on object 'Object Repository/1. Constant/xpath'

2022-06-09 20:26:01 - [MESSAGE][PASSED] - Text 'Project Information - Comments' is set on object 'Object Repository/1. Constant/xpath'

2022-06-09 20:26:01 - [TEST_STEP][PASSED] - setText(findTestObject("1. Constant/xpath", ["xpath":"//*[@id="var_93"]"]), "Reason for change test"): Text 'Reason for change test' is set on object 'Object Repository/1. Constant/xpath'

2022-06-09 20:26:01 - [MESSAGE][PASSED] - Text 'Reason for change test' is set on object 'Object Repository/1. Constant/xpath'

2022-06-09 20:26:01 - [TEST_STEP][PASSED] - I.select_multiplelist("//*[@id="selSource_54"]", "//*[@id="btnAdd_54"]", "1081"): Delayed 1 second(s)

2022-06-09 20:26:02 - [MESSAGE][PASSED] - Delayed 1 second(s)

2022-06-09 20:26:03 - [MESSAGE][PASSED] - All options with value '1081' are selected in object 'Object Repository/1. Constant/xpath' 

2022-06-09 20:26:05 - [MESSAGE][PASSED] - Delayed 2 second(s)

2022-06-09 20:26:05 - [MESSAGE][PASSED] - Object: 'Object Repository/1. Constant/xpath' is clicked on

2022-06-09 20:26:06 - [MESSAGE][PASSED] - Delayed 1 second(s)

2022-06-09 20:26:06 - [TEST_STEP][PASSED] - delay(3): Delayed 3 second(s)

2022-06-09 20:26:09 - [MESSAGE][PASSED] - Delayed 3 second(s)

2022-06-09 20:26:09 - [TEST_STEP][PASSED] - I.select_multiplelist("//*[@id="selSource_106"]", "//*[@id="btnAdd_106"]", "2787"): Delayed 1 second(s)

2022-06-09 20:26:10 - [MESSAGE][PASSED] - Delayed 1 second(s)

2022-06-09 20:26:11 - [MESSAGE][PASSED] - All options with value '2787' are selected in object 'Object Repository/1. Constant/xpath' 

2022-06-09 20:26:13 - [MESSAGE][PASSED] - Delayed 2 second(s)

2022-06-09 20:26:14 - [MESSAGE][PASSED] - Object: 'Object Repository/1. Constant/xpath' is clicked on

2022-06-09 20:26:15 - [MESSAGE][PASSED] - Delayed 1 second(s)

2022-06-09 20:26:15 - [TEST_STEP][PASSED] - I.SelectFromList_Value("//*[@id="var_92"]", "1298"): Delayed 2 second(s)

2022-06-09 20:26:15 - [MESSAGE][PASSED] - All options with value '1298' are selected in object 'Object Repository/1. Constant/xpath' 

2022-06-09 20:26:17 - [MESSAGE][PASSED] - Delayed 2 second(s)

2022-06-09 20:26:17 - [TEST_STEP][PASSED] - I.select_multiplelist("//*[@id="selSource_88"]", "//*[@id="btnAdd_88"]", "1303"): Delayed 1 second(s)

2022-06-09 20:26:18 - [MESSAGE][PASSED] - Delayed 1 second(s)

2022-06-09 20:26:19 - [MESSAGE][PASSED] - All options with value '1303' are selected in object 'Object Repository/1. Constant/xpath' 

2022-06-09 20:26:21 - [MESSAGE][PASSED] - Delayed 2 second(s)

2022-06-09 20:26:21 - [MESSAGE][PASSED] - Object: 'Object Repository/1. Constant/xpath' is clicked on

2022-06-09 20:26:22 - [MESSAGE][PASSED] - Delayed 1 second(s)

2022-06-09 20:26:22 - [TEST_STEP][PASSED] - I.select_multiplelist("//*[@id="selSource_86"]", "//*[@id="btnAdd_86"]", "1310"): Delayed 1 second(s)

2022-06-09 20:26:23 - [MESSAGE][PASSED] - Delayed 1 second(s)

2022-06-09 20:26:23 - [MESSAGE][PASSED] - All options with value '1310' are selected in object 'Object Repository/1. Constant/xpath' 

2022-06-09 20:26:25 - [MESSAGE][PASSED] - Delayed 2 second(s)

2022-06-09 20:26:25 - [MESSAGE][PASSED] - Object: 'Object Repository/1. Constant/xpath' is clicked on

2022-06-09 20:26:26 - [MESSAGE][PASSED] - Delayed 1 second(s)

2022-06-09 20:26:26 - [TEST_STEP][PASSED] - I.select_multiplelist("//*[@id="selSource_57"]", "//*[@id="btnAdd_57"]", "2304"): Delayed 1 second(s)

2022-06-09 20:26:27 - [MESSAGE][PASSED] - Delayed 1 second(s)

2022-06-09 20:26:28 - [MESSAGE][PASSED] - All options with value '2304' are selected in object 'Object Repository/1. Constant/xpath' 

2022-06-09 20:26:30 - [MESSAGE][PASSED] - Delayed 2 second(s)

2022-06-09 20:26:30 - [MESSAGE][PASSED] - Object: 'Object Repository/1. Constant/xpath' is clicked on

2022-06-09 20:26:31 - [MESSAGE][PASSED] - Delayed 1 second(s)

2022-06-09 20:26:31 - [TEST_STEP][PASSED] - I.SelectFromList_Value("//*[@id="var_87"]", "971"): Delayed 2 second(s)

2022-06-09 20:26:32 - [MESSAGE][PASSED] - All options with value '971' are selected in object 'Object Repository/1. Constant/xpath' 

2022-06-09 20:26:34 - [MESSAGE][PASSED] - Delayed 2 second(s)

2022-06-09 20:26:34 - [TEST_STEP][PASSED] - I.SelectFromList_Value("//*[@id="var_109"]", "1325"): Delayed 2 second(s)

2022-06-09 20:26:34 - [MESSAGE][PASSED] - All options with value '1325' are selected in object 'Object Repository/1. Constant/xpath' 

2022-06-09 20:26:36 - [MESSAGE][PASSED] - Delayed 2 second(s)

2022-06-09 20:26:36 - [TEST_STEP][PASSED] - I.SelectFromList_Value("//*[@id="var_52"]", "1330"): Delayed 2 second(s)

2022-06-09 20:26:37 - [MESSAGE][PASSED] - All options with value '1330' are selected in object 'Object Repository/1. Constant/xpath' 

2022-06-09 20:26:39 - [MESSAGE][PASSED] - Delayed 2 second(s)

2022-06-09 20:26:39 - [TEST_STEP][PASSED] - I.select_multiplelist("//*[@id="selSource_67"]", "//*[@id="btnAdd_67"]", "1624"): Delayed 1 second(s)

2022-06-09 20:26:40 - [MESSAGE][PASSED] - Delayed 1 second(s)

2022-06-09 20:26:40 - [MESSAGE][PASSED] - All options with value '1624' are selected in object 'Object Repository/1. Constant/xpath' 

2022-06-09 20:26:42 - [MESSAGE][PASSED] - Delayed 2 second(s)

2022-06-09 20:26:43 - [MESSAGE][PASSED] - Object: 'Object Repository/1. Constant/xpath' is clicked on

2022-06-09 20:26:44 - [MESSAGE][PASSED] - Delayed 1 second(s)

2022-06-09 20:26:44 - [TEST_STEP][PASSED] - I.SelectFromList_Value("//*[@id="var_140"]", "2296"): Delayed 2 second(s)

2022-06-09 20:26:44 - [MESSAGE][PASSED] - All options with value '2296' are selected in object 'Object Repository/1. Constant/xpath' 

2022-06-09 20:26:46 - [MESSAGE][PASSED] - Delayed 2 second(s)

2022-06-09 20:26:46 - [TEST_STEP][PASSED] - I.select_multiplelist("//*[@id="selSource_51"]", "//*[@id="btnAdd_51"]", "1673"): Delayed 1 second(s)

2022-06-09 20:26:47 - [MESSAGE][PASSED] - Delayed 1 second(s)

2022-06-09 20:26:47 - [MESSAGE][PASSED] - All options with value '1673' are selected in object 'Object Repository/1. Constant/xpath' 

2022-06-09 20:26:49 - [MESSAGE][PASSED] - Delayed 2 second(s)

2022-06-09 20:26:50 - [MESSAGE][PASSED] - Object: 'Object Repository/1. Constant/xpath' is clicked on

2022-06-09 20:26:51 - [MESSAGE][PASSED] - Delayed 1 second(s)

2022-06-09 20:26:51 - [TEST_STEP][PASSED] - I.select_multiplelist("//*[@id="selSource_50"]", "//*[@id="btnAdd_50"]", "1681"): Delayed 1 second(s)

2022-06-09 20:26:52 - [MESSAGE][PASSED] - Delayed 1 second(s)

2022-06-09 20:26:52 - [MESSAGE][PASSED] - All options with value '1681' are selected in object 'Object Repository/1. Constant/xpath' 

2022-06-09 20:26:54 - [MESSAGE][PASSED] - Delayed 2 second(s)

2022-06-09 20:26:55 - [MESSAGE][PASSED] - Object: 'Object Repository/1. Constant/xpath' is clicked on

2022-06-09 20:26:56 - [MESSAGE][PASSED] - Delayed 1 second(s)

2022-06-09 20:26:56 - [TEST_STEP][PASSED] - I.SelectFromList_Value("//*[@id="selSource_64"]", "1701"): Delayed 2 second(s)

2022-06-09 20:26:56 - [MESSAGE][PASSED] - All options with value '1701' are selected in object 'Object Repository/1. Constant/xpath' 

2022-06-09 20:26:58 - [MESSAGE][PASSED] - Delayed 2 second(s)

2022-06-09 20:26:58 - [TEST_STEP][PASSED] - I.select_multiplelist("//*[@id="selSource_64"]", "//*[@id="btnAdd_64"]", "1688"): Delayed 1 second(s)

2022-06-09 20:26:59 - [MESSAGE][PASSED] - Delayed 1 second(s)

2022-06-09 20:27:00 - [MESSAGE][PASSED] - All options with value '1688' are selected in object 'Object Repository/1. Constant/xpath' 

2022-06-09 20:27:02 - [MESSAGE][PASSED] - Delayed 2 second(s)

2022-06-09 20:27:02 - [MESSAGE][PASSED] - Object: 'Object Repository/1. Constant/xpath' is clicked on

2022-06-09 20:27:03 - [MESSAGE][PASSED] - Delayed 1 second(s)

2022-06-09 20:27:03 - [TEST_STEP][PASSED] - I.select_multiplelist("//*[@id="selSource_53"]", "//*[@id="btnAdd_53"]", "1701"): Delayed 1 second(s)

2022-06-09 20:27:04 - [MESSAGE][PASSED] - Delayed 1 second(s)

2022-06-09 20:27:04 - [MESSAGE][PASSED] - All options with value '1701' are selected in object 'Object Repository/1. Constant/xpath' 

2022-06-09 20:27:06 - [MESSAGE][PASSED] - Delayed 2 second(s)

2022-06-09 20:27:07 - [MESSAGE][PASSED] - Object: 'Object Repository/1. Constant/xpath' is clicked on

2022-06-09 20:27:08 - [MESSAGE][PASSED] - Delayed 1 second(s)

2022-06-09 20:27:08 - [TEST_STEP][PASSED] - I.select_multiplelist("//*[@id="selSource_58"]", "//*[@id="btnAdd_58"]", "1704"): Delayed 1 second(s)

2022-06-09 20:27:09 - [MESSAGE][PASSED] - Delayed 1 second(s)

2022-06-09 20:27:11 - [MESSAGE][PASSED] - All options with value '1704' are selected in object 'Object Repository/1. Constant/xpath' 

2022-06-09 20:27:13 - [MESSAGE][PASSED] - Delayed 2 second(s)

2022-06-09 20:27:13 - [MESSAGE][PASSED] - Object: 'Object Repository/1. Constant/xpath' is clicked on

2022-06-09 20:27:14 - [MESSAGE][PASSED] - Delayed 1 second(s)

2022-06-09 20:27:14 - [TEST_STEP][PASSED] - I.select_multiplelist("//*[@id="selSource_59"]", "//*[@id="btnAdd_59"]", "1706"): Delayed 1 second(s)

2022-06-09 20:27:15 - [MESSAGE][PASSED] - Delayed 1 second(s)

2022-06-09 20:27:15 - [MESSAGE][PASSED] - All options with value '1706' are selected in object 'Object Repository/1. Constant/xpath' 

2022-06-09 20:27:17 - [MESSAGE][PASSED] - Delayed 2 second(s)

2022-06-09 20:27:18 - [MESSAGE][PASSED] - Object: 'Object Repository/1. Constant/xpath' is clicked on

2022-06-09 20:27:19 - [MESSAGE][PASSED] - Delayed 1 second(s)

2022-06-09 20:27:19 - [TEST_STEP][PASSED] - I.select_multiplelist("//*[@id="selSource_73"]", "//*[@id="btnAdd_73"]", "3147"): Delayed 1 second(s)

2022-06-09 20:27:20 - [MESSAGE][PASSED] - Delayed 1 second(s)

2022-06-09 20:27:20 - [MESSAGE][PASSED] - All options with value '3147' are selected in object 'Object Repository/1. Constant/xpath' 

2022-06-09 20:27:22 - [MESSAGE][PASSED] - Delayed 2 second(s)

2022-06-09 20:27:23 - [MESSAGE][PASSED] - Object: 'Object Repository/1. Constant/xpath' is clicked on

2022-06-09 20:27:24 - [MESSAGE][PASSED] - Delayed 1 second(s)

2022-06-09 20:27:24 - [TEST_STEP][PASSED] - delay(1): Delayed 1 second(s)

2022-06-09 20:27:25 - [MESSAGE][PASSED] - Delayed 1 second(s)

2022-06-09 20:27:25 - [TEST_STEP][PASSED] - I.SelectFromList_Value("//*[@id="var_66"]", "2402"): Delayed 2 second(s)

2022-06-09 20:27:25 - [MESSAGE][PASSED] - All options with value '2402' are selected in object 'Object Repository/1. Constant/xpath' 

2022-06-09 20:27:27 - [MESSAGE][PASSED] - Delayed 2 second(s)

2022-06-09 20:27:27 - [TEST_STEP][PASSED] - I.SelectFromList_Value("//*[@id="var_142"]", "2404"): Delayed 2 second(s)

2022-06-09 20:27:27 - [MESSAGE][PASSED] - All options with value '2404' are selected in object 'Object Repository/1. Constant/xpath' 

2022-06-09 20:27:29 - [MESSAGE][PASSED] - Delayed 2 second(s)

2022-06-09 20:27:29 - [TEST_STEP][PASSED] - I.SelectFromList_Value("//*[@id="var_143"]", "2406"): Delayed 2 second(s)

2022-06-09 20:27:30 - [MESSAGE][PASSED] - All options with value '2406' are selected in object 'Object Repository/1. Constant/xpath' 

2022-06-09 20:27:32 - [MESSAGE][PASSED] - Delayed 2 second(s)

2022-06-09 20:27:32 - [TEST_STEP][PASSED] - I.select_multiplelist("//*[@id="selSource_119"]", "//*[@id="btnAdd_119"]", "2165"): Delayed 1 second(s)

2022-06-09 20:27:33 - [MESSAGE][PASSED] - Delayed 1 second(s)

2022-06-09 20:27:33 - [MESSAGE][PASSED] - All options with value '2165' are selected in object 'Object Repository/1. Constant/xpath' 

2022-06-09 20:27:35 - [MESSAGE][PASSED] - Delayed 2 second(s)

2022-06-09 20:27:35 - [MESSAGE][PASSED] - Object: 'Object Repository/1. Constant/xpath' is clicked on

2022-06-09 20:27:36 - [MESSAGE][PASSED] - Delayed 1 second(s)

2022-06-09 20:27:36 - [TEST_STEP][PASSED] - delay(5): Delayed 5 second(s)

2022-06-09 20:27:41 - [MESSAGE][PASSED] - Delayed 5 second(s)

2022-06-09 20:27:41 - [TEST_STEP][PASSED] - takeScreenshot(): Taking screenshot successfully

2022-06-09 20:27:41 - [MESSAGE][PASSED] - Taking screenshot successfully
[[ATTACHMENT|D:\\Projet Test Auto\\Mediabox Test Automation\\Reports\\20220609_181011\\03. Parallel Testing (Testing)\\TS -PT PART 3\\10 NPP Support Action on Completed Ref\\20220609_181104\\1654799261691.png]]

2022-06-09 20:27:41 - [TEST_STEP][PASSED] - click(findTestObject("HL Full Lifecycle/5 ModifyProjPage_button_Update")): Object: 'Object Repository/HL Full Lifecycle/5 ModifyProjPage_button_Update' is clicked on

2022-06-09 20:27:46 - [MESSAGE][PASSED] - Object: 'Object Repository/HL Full Lifecycle/5 ModifyProjPage_button_Update' is clicked on

2022-06-09 20:27:46 - [TEST_STEP][PASSED] - Project_No = I.ProjectNo(): Current window's url is: 'http://mdb-release.diadeis.lan/MediaboxIndependence/Base/ExecAction?IDSession=MBI%21RELTESTAUTO_NPP%210DT2PKP1C374X0LEVE25NYUWO5BN21YALK29ZV5X&default_action=AfficheFichesProjet&id_project=MI001070'

2022-06-09 20:27:51 - [MESSAGE][PASSED] - Delayed 5 second(s)

2022-06-09 20:27:51 - [MESSAGE][PASSED] - Current window's url is: 'http://mdb-release.diadeis.lan/MediaboxIndependence/Base/ExecAction?IDSession=MBI%21RELTESTAUTO_NPP%210DT2PKP1C374X0LEVE25NYUWO5BN21YALK29ZV5X&default_action=AfficheFichesProjet&id_project=MI001070'

2022-06-09 20:27:51 - [TEST_STEP][PASSED] - click(findTestObject("HL Full Lifecycle/6 ReferenceListPage_createrefbutton")): Object: 'Object Repository/HL Full Lifecycle/6 ReferenceListPage_createrefbutton' is clicked on

2022-06-09 20:27:51 - [MESSAGE][PASSED] - Object: 'Object Repository/HL Full Lifecycle/6 ReferenceListPage_createrefbutton' is clicked on

2022-06-09 20:27:51 - [TEST_STEP][PASSED] - click(findTestObject("HL Full Lifecycle/6 ReferenceListPaga_Create a component_button")): Object: 'Object Repository/HL Full Lifecycle/6 ReferenceListPaga_Create a component_button' is clicked on

2022-06-09 20:27:55 - [MESSAGE][PASSED] - Object: 'Object Repository/HL Full Lifecycle/6 ReferenceListPaga_Create a component_button' is clicked on

2022-06-09 20:27:55 - [TEST_STEP][PASSED] - takeScreenshot(): Taking screenshot successfully

2022-06-09 20:27:55 - [MESSAGE][PASSED] - Taking screenshot successfully
[[ATTACHMENT|D:\\Projet Test Auto\\Mediabox Test Automation\\Reports\\20220609_181011\\03. Parallel Testing (Testing)\\TS -PT PART 3\\10 NPP Support Action on Completed Ref\\20220609_181104\\1654799275447.png]]

2022-06-09 20:27:55 - [TEST_STEP][PASSED] - I.SelectFromList_Value("//*[@id="lfc_tpl"]", "51"): Delayed 2 second(s)

2022-06-09 20:27:56 - [MESSAGE][PASSED] - All options with value '51' are selected in object 'Object Repository/1. Constant/xpath' 

2022-06-09 20:27:58 - [MESSAGE][PASSED] - Delayed 2 second(s)

2022-06-09 20:27:58 - [TEST_STEP][PASSED] - click(findTestObject("1. Constant/xpath", ["xpath":"//*[@id="ModifFiche"]/div[3]/div/button"])): Object: 'Object Repository/1. Constant/xpath' is clicked on

2022-06-09 20:28:03 - [MESSAGE][PASSED] - Object: 'Object Repository/1. Constant/xpath' is clicked on

2022-06-09 20:28:03 - [TEST_STEP][PASSED] - delay(1): Delayed 1 second(s)

2022-06-09 20:28:04 - [MESSAGE][PASSED] - Delayed 1 second(s)

2022-06-09 20:28:04 - [TEST_STEP][PASSED] - refID = I.RefID(): Current window's url is: 'http://mdb-release.diadeis.lan/MediaboxIndependence/Base/ExecAction?IDSession=MBI%21RELTESTAUTO_NPP%210DT2PKP1C374X0LEVE25NYUWO5BN21YALK29ZV5X&default_action=ModifierRef&id_project=MI001070&id_ref=1058028&action_from=create_ref'

2022-06-09 20:28:09 - [MESSAGE][PASSED] - Delayed 5 second(s)

2022-06-09 20:28:10 - [MESSAGE][PASSED] - Current window's url is: 'http://mdb-release.diadeis.lan/MediaboxIndependence/Base/ExecAction?IDSession=MBI%21RELTESTAUTO_NPP%210DT2PKP1C374X0LEVE25NYUWO5BN21YALK29ZV5X&default_action=ModifierRef&id_project=MI001070&id_ref=1058028&action_from=create_ref'

2022-06-09 20:28:10 - [TEST_STEP][PASSED] - takeScreenshot(): Taking screenshot successfully

2022-06-09 20:28:11 - [MESSAGE][PASSED] - Taking screenshot successfully
[[ATTACHMENT|D:\\Projet Test Auto\\Mediabox Test Automation\\Reports\\20220609_181011\\03. Parallel Testing (Testing)\\TS -PT PART 3\\10 NPP Support Action on Completed Ref\\20220609_181104\\1654799290548.png]]

2022-06-09 20:28:11 - [TEST_STEP][PASSED] - setText(findTestObject("1. Constant/xpath", ["xpath":"//*[@id="var_103"]"]), "SAP Designation test > https://www.google.com/"): Text 'SAP Designation test > https://www.google.com/' is set on object 'Object Repository/1. Constant/xpath'

2022-06-09 20:28:13 - [MESSAGE][PASSED] - Text 'SAP Designation test > https://www.google.com/' is set on object 'Object Repository/1. Constant/xpath'

2022-06-09 20:28:13 - [TEST_STEP][PASSED] - setText(findTestObject("1. Constant/xpath", ["xpath":"//*[@id="var_139"]"]), "Claim Substantiation Project Link > https://www.google.com/"): Text 'Claim Substantiation Project Link > https://www.google.com/' is set on object 'Object Repository/1. Constant/xpath'

2022-06-09 20:28:13 - [MESSAGE][PASSED] - Text 'Claim Substantiation Project Link > https://www.google.com/' is set on object 'Object Repository/1. Constant/xpath'

2022-06-09 20:28:13 - [TEST_STEP][PASSED] - setText(findTestObject("1. Constant/xpath", ["xpath":"//*[@id="var_160"]"]), "Grading standard link > test"): Text 'Grading standard link > test' is set on object 'Object Repository/1. Constant/xpath'

2022-06-09 20:28:14 - [MESSAGE][PASSED] - Text 'Grading standard link > test' is set on object 'Object Repository/1. Constant/xpath'

2022-06-09 20:28:14 - [TEST_STEP][PASSED] - scrollToElement(findTestObject("1. Constant/xpath", ["xpath":"//*[@id="var_90"]"]), 10, OPTIONAL): Scroll to object 'Object Repository/1. Constant/xpath' successfully

2022-06-09 20:28:14 - [MESSAGE][PASSED] - Scroll to object 'Object Repository/1. Constant/xpath' successfully

2022-06-09 20:28:14 - [TEST_STEP][PASSED] - setText(findTestObject("1. Constant/xpath", ["xpath":"//*[@id="var_90"]"]), "Project name > test"): Text 'Project name > test' is set on object 'Object Repository/1. Constant/xpath'

2022-06-09 20:28:14 - [MESSAGE][PASSED] - Text 'Project name > test' is set on object 'Object Repository/1. Constant/xpath'

2022-06-09 20:28:14 - [TEST_STEP][PASSED] - setText(findTestObject("1. Constant/xpath", ["xpath":"//*[@id="var_62"]"]), "DPET > test"): Text 'DPET > test' is set on object 'Object Repository/1. Constant/xpath'

2022-06-09 20:28:14 - [MESSAGE][PASSED] - Text 'DPET > test' is set on object 'Object Repository/1. Constant/xpath'

2022-06-09 20:28:14 - [TEST_STEP][PASSED] - I.select_multiplelist("//*[@id="selSource_73"]", "//*[@id="btnAdd_73"]", "3147"): Delayed 1 second(s)

2022-06-09 20:28:15 - [MESSAGE][PASSED] - Delayed 1 second(s)

2022-06-09 20:28:17 - [MESSAGE][PASSED] - All options with value '3147' are selected in object 'Object Repository/1. Constant/xpath' 

2022-06-09 20:28:19 - [MESSAGE][PASSED] - Delayed 2 second(s)

2022-06-09 20:28:19 - [MESSAGE][PASSED] - Object: 'Object Repository/1. Constant/xpath' is clicked on

2022-06-09 20:28:20 - [MESSAGE][PASSED] - Delayed 1 second(s)

2022-06-09 20:28:20 - [TEST_STEP][PASSED] - takeScreenshot(): Taking screenshot successfully

2022-06-09 20:28:21 - [MESSAGE][PASSED] - Taking screenshot successfully
[[ATTACHMENT|D:\\Projet Test Auto\\Mediabox Test Automation\\Reports\\20220609_181011\\03. Parallel Testing (Testing)\\TS -PT PART 3\\10 NPP Support Action on Completed Ref\\20220609_181104\\1654799300964.png]]

2022-06-09 20:28:21 - [TEST_STEP][PASSED] - scrollToElement(findTestObject("1. Constant/xpath", ["xpath":"//*[@id="var_82"]"]), 10, OPTIONAL): Scroll to object 'Object Repository/1. Constant/xpath' successfully

2022-06-09 20:28:21 - [MESSAGE][PASSED] - Scroll to object 'Object Repository/1. Constant/xpath' successfully

2022-06-09 20:28:21 - [TEST_STEP][PASSED] - I.SelectFromList_Value("//*[@id="var_82"]", "agaudin"): Delayed 2 second(s)

2022-06-09 20:28:21 - [MESSAGE][PASSED] - All options with value 'agaudin' are selected in object 'Object Repository/1. Constant/xpath' 

2022-06-09 20:28:23 - [MESSAGE][PASSED] - Delayed 2 second(s)

2022-06-09 20:28:23 - [TEST_STEP][PASSED] - I.SelectFromList_Value("//*[@id="var_74"]", "afrappaz"): Delayed 2 second(s)

2022-06-09 20:28:24 - [MESSAGE][PASSED] - All options with value 'afrappaz' are selected in object 'Object Repository/1. Constant/xpath' 

2022-06-09 20:28:26 - [MESSAGE][PASSED] - Delayed 2 second(s)

2022-06-09 20:28:26 - [TEST_STEP][PASSED] - I.SelectFromList_Value("//*[@id="selSource_168"]", "cdemonchy"): Delayed 2 second(s)

2022-06-09 20:28:26 - [MESSAGE][PASSED] - All options with value 'cdemonchy' are selected in object 'Object Repository/1. Constant/xpath' 

2022-06-09 20:28:28 - [MESSAGE][PASSED] - Delayed 2 second(s)

2022-06-09 20:28:28 - [TEST_STEP][PASSED] - I.SelectFromList_Value("//*[@id="selSource_168"]", "alarkins"): Delayed 2 second(s)

2022-06-09 20:28:29 - [MESSAGE][PASSED] - All options with value 'alarkins' are selected in object 'Object Repository/1. Constant/xpath' 

2022-06-09 20:28:31 - [MESSAGE][PASSED] - Delayed 2 second(s)

2022-06-09 20:28:31 - [TEST_STEP][PASSED] - I.select_multiplelist("//*[@id="selSource_168"]", "//*[@id="btnAdd_168"]", "abrazhnikovapx"): Delayed 1 second(s)

2022-06-09 20:28:32 - [MESSAGE][PASSED] - Delayed 1 second(s)

2022-06-09 20:28:32 - [MESSAGE][PASSED] - All options with value 'abrazhnikovapx' are selected in object 'Object Repository/1. Constant/xpath' 

2022-06-09 20:28:34 - [MESSAGE][PASSED] - Delayed 2 second(s)

2022-06-09 20:28:35 - [MESSAGE][PASSED] - Object: 'Object Repository/1. Constant/xpath' is clicked on

2022-06-09 20:28:36 - [MESSAGE][PASSED] - Delayed 1 second(s)

2022-06-09 20:28:36 - [TEST_STEP][PASSED] - delay(1): Delayed 1 second(s)

2022-06-09 20:28:37 - [MESSAGE][PASSED] - Delayed 1 second(s)

2022-06-09 20:28:37 - [TEST_STEP][PASSED] - I.SelectFromList_Value("//*[@id="var_60"]", "asvegaardd2d"): Delayed 2 second(s)

2022-06-09 20:28:37 - [MESSAGE][PASSED] - All options with value 'asvegaardd2d' are selected in object 'Object Repository/1. Constant/xpath' 

2022-06-09 20:28:39 - [MESSAGE][PASSED] - Delayed 2 second(s)

2022-06-09 20:28:39 - [TEST_STEP][PASSED] - I.SelectFromList_Value("//*[@id="var_102"]", "aserment"): Delayed 2 second(s)

2022-06-09 20:28:40 - [MESSAGE][PASSED] - All options with value 'aserment' are selected in object 'Object Repository/1. Constant/xpath' 

2022-06-09 20:28:42 - [MESSAGE][PASSED] - Delayed 2 second(s)

2022-06-09 20:28:42 - [TEST_STEP][PASSED] - I.SelectFromList_Value("//*[@id="var_63"]", "asavreux"): Delayed 2 second(s)

2022-06-09 20:28:42 - [MESSAGE][PASSED] - All options with value 'asavreux' are selected in object 'Object Repository/1. Constant/xpath' 

2022-06-09 20:28:44 - [MESSAGE][PASSED] - Delayed 2 second(s)

2022-06-09 20:28:44 - [TEST_STEP][PASSED] - I.SelectFromList_Value("//*[@id="var_161"]", "achaves"): Delayed 2 second(s)

2022-06-09 20:28:45 - [MESSAGE][PASSED] - All options with value 'achaves' are selected in object 'Object Repository/1. Constant/xpath' 

2022-06-09 20:28:47 - [MESSAGE][PASSED] - Delayed 2 second(s)

2022-06-09 20:28:47 - [TEST_STEP][PASSED] - takeScreenshot(): Taking screenshot successfully

2022-06-09 20:28:47 - [MESSAGE][PASSED] - Taking screenshot successfully
[[ATTACHMENT|D:\\Projet Test Auto\\Mediabox Test Automation\\Reports\\20220609_181011\\03. Parallel Testing (Testing)\\TS -PT PART 3\\10 NPP Support Action on Completed Ref\\20220609_181104\\1654799327249.png]]

2022-06-09 20:28:47 - [TEST_STEP][PASSED] - scrollToElement(findTestObject("1. Constant/xpath", ["xpath":"//*[@id="var_143"]"]), 10, OPTIONAL): Scroll to object 'Object Repository/1. Constant/xpath' successfully

2022-06-09 20:28:47 - [MESSAGE][PASSED] - Scroll to object 'Object Repository/1. Constant/xpath' successfully

2022-06-09 20:28:47 - [TEST_STEP][PASSED] - I.select_multiplelist("//*[@id="selSource_79"]", "//*[@id="btnAdd_79"]", "1730"): Delayed 1 second(s)

2022-06-09 20:28:48 - [MESSAGE][PASSED] - Delayed 1 second(s)

2022-06-09 20:28:49 - [MESSAGE][PASSED] - All options with value '1730' are selected in object 'Object Repository/1. Constant/xpath' 

2022-06-09 20:28:51 - [MESSAGE][PASSED] - Delayed 2 second(s)

2022-06-09 20:28:51 - [MESSAGE][PASSED] - Object: 'Object Repository/1. Constant/xpath' is clicked on

2022-06-09 20:28:52 - [MESSAGE][PASSED] - Delayed 1 second(s)

2022-06-09 20:28:52 - [TEST_STEP][PASSED] - I.SelectFromList_Value("//*[@id="selSource_78"]", "1752"): Delayed 2 second(s)

2022-06-09 20:28:53 - [MESSAGE][PASSED] - All options with value '1752' are selected in object 'Object Repository/1. Constant/xpath' 

2022-06-09 20:28:55 - [MESSAGE][PASSED] - Delayed 2 second(s)

2022-06-09 20:28:55 - [TEST_STEP][PASSED] - I.select_multiplelist("//*[@id="selSource_78"]", "//*[@id="btnAdd_78"]", "1753"): Delayed 1 second(s)

2022-06-09 20:28:56 - [MESSAGE][PASSED] - Delayed 1 second(s)

2022-06-09 20:28:56 - [MESSAGE][PASSED] - All options with value '1753' are selected in object 'Object Repository/1. Constant/xpath' 

2022-06-09 20:28:58 - [MESSAGE][PASSED] - Delayed 2 second(s)

2022-06-09 20:28:58 - [MESSAGE][PASSED] - Object: 'Object Repository/1. Constant/xpath' is clicked on

2022-06-09 20:28:59 - [MESSAGE][PASSED] - Delayed 1 second(s)

2022-06-09 20:28:59 - [TEST_STEP][PASSED] - I.SelectFromList_Value("//*[@id="selSource_104"]", "73"): Delayed 2 second(s)

2022-06-09 20:29:01 - [MESSAGE][PASSED] - All options with value '73' are selected in object 'Object Repository/1. Constant/xpath' 

2022-06-09 20:29:03 - [MESSAGE][PASSED] - Delayed 2 second(s)

2022-06-09 20:29:03 - [TEST_STEP][PASSED] - I.select_multiplelist("//*[@id="selSource_104"]", "//*[@id="btnAdd_104"]", "74"): Delayed 1 second(s)

2022-06-09 20:29:04 - [MESSAGE][PASSED] - Delayed 1 second(s)

2022-06-09 20:29:04 - [MESSAGE][PASSED] - All options with value '74' are selected in object 'Object Repository/1. Constant/xpath' 

2022-06-09 20:29:06 - [MESSAGE][PASSED] - Delayed 2 second(s)

2022-06-09 20:29:07 - [MESSAGE][PASSED] - Object: 'Object Repository/1. Constant/xpath' is clicked on

2022-06-09 20:29:08 - [MESSAGE][PASSED] - Delayed 1 second(s)

2022-06-09 20:29:08 - [TEST_STEP][PASSED] - takeScreenshot(): Taking screenshot successfully

2022-06-09 20:29:08 - [MESSAGE][PASSED] - Taking screenshot successfully
[[ATTACHMENT|D:\\Projet Test Auto\\Mediabox Test Automation\\Reports\\20220609_181011\\03. Parallel Testing (Testing)\\TS -PT PART 3\\10 NPP Support Action on Completed Ref\\20220609_181104\\1654799348195.png]]

2022-06-09 20:29:08 - [TEST_STEP][PASSED] - scrollToElement(findTestObject("1. Constant/xpath", ["xpath":"//*[@id="var_169"]"]), 10, OPTIONAL): Scroll to object 'Object Repository/1. Constant/xpath' successfully

2022-06-09 20:29:08 - [MESSAGE][PASSED] - Scroll to object 'Object Repository/1. Constant/xpath' successfully

2022-06-09 20:29:08 - [TEST_STEP][PASSED] - setText(findTestObject("1. Constant/xpath", ["xpath":"//*[@id="var_169"]"]), "Version History"): Text 'Version History' is set on object 'Object Repository/1. Constant/xpath'

2022-06-09 20:29:09 - [MESSAGE][PASSED] - Text 'Version History' is set on object 'Object Repository/1. Constant/xpath'

2022-06-09 20:29:09 - [TEST_STEP][PASSED] - click(findTestObject("HL Full Lifecycle/7 ModifyRefPage_button_Save")): Object: 'Object Repository/HL Full Lifecycle/7 ModifyRefPage_button_Save' is clicked on

2022-06-09 20:29:14 - [MESSAGE][PASSED] - Object: 'Object Repository/HL Full Lifecycle/7 ModifyRefPage_button_Save' is clicked on

2022-06-09 20:29:14 - [TEST_STEP][PASSED] - delay(1): Delayed 1 second(s)

2022-06-09 20:29:15 - [MESSAGE][PASSED] - Delayed 1 second(s)

2022-06-09 20:29:15 - [TEST_STEP][PASSED] - I.Logout_xpath("//*[@id="kt_header"]/div/div[2]/div[2]/div[1]/div/span/img", "//*[@id="kt_header"]/div/div[2]/div[2]/div[2]/a[2]"): Wait for page load successfully

2022-06-09 20:29:15 - [MESSAGE][PASSED] - Object: 'Object Repository/1. Constant/xpath' is clicked on

2022-06-09 20:29:16 - [MESSAGE][PASSED] - Delayed 1 second(s)

2022-06-09 20:29:19 - [MESSAGE][PASSED] - Object: 'Object Repository/1. Constant/xpath' is clicked on

2022-06-09 20:29:20 - [MESSAGE][PASSED] - Delayed 1 second(s)

2022-06-09 20:29:20 - [MESSAGE][PASSED] - Wait for page load successfully

2022-06-09 20:29:20 - [TEST_STEP][PASSED] - I.Login_password("ncur", password_ncur): Object: 'Object Repository/1. Constant/xpath' is clicked on

2022-06-09 20:29:20 - [MESSAGE][PASSED] - Text 'ncur' is set on object 'Object Repository/1. Constant/xpath'

2022-06-09 20:29:21 - [MESSAGE][PASSED] - Delayed 1 second(s)

2022-06-09 20:29:21 - [MESSAGE][PASSED] - Text 'dchi' is set on object 'Object Repository/1. Constant/xpath'

2022-06-09 20:29:22 - [MESSAGE][PASSED] - Delayed 1 second(s)

2022-06-09 20:29:27 - [MESSAGE][PASSED] - Object: 'Object Repository/1. Constant/xpath' is clicked on

2022-06-09 20:29:27 - [TEST_STEP][PASSED] - click(findTestObject("1. Constant/02_LHSMenu_Projects")): Object: 'Object Repository/1. Constant/02_LHSMenu_Projects' is clicked on

2022-06-09 20:29:45 - [MESSAGE][PASSED] - Object: 'Object Repository/1. Constant/02_LHSMenu_Projects' is clicked on

2022-06-09 20:29:45 - [TEST_STEP][PASSED] - I.SearchProjectNo_xpath(Project_No, "//*[@id="keynum_project"]", "//*[@id="form_filters"]/div[9]/button"): Delayed 5 second(s)

2022-06-09 20:29:46 - [MESSAGE][PASSED] - Delayed 1 second(s)

2022-06-09 20:29:46 - [MESSAGE][PASSED] - Text 'MI001070' is set on object 'Object Repository/1. Constant/xpath'

2022-06-09 20:29:49 - [MESSAGE][PASSED] - Delayed 3 second(s)

2022-06-09 20:29:50 - [MESSAGE][PASSED] - Scroll to object 'Object Repository/1. Constant/xpath' successfully

2022-06-09 20:29:53 - [MESSAGE][PASSED] - Object: 'Object Repository/1. Constant/xpath' is clicked on

2022-06-09 20:29:58 - [MESSAGE][PASSED] - Delayed 5 second(s)

2022-06-09 20:29:58 - [TEST_STEP][PASSED] - delay(2): Delayed 2 second(s)

2022-06-09 20:30:00 - [MESSAGE][PASSED] - Delayed 2 second(s)

2022-06-09 20:30:00 - [TEST_STEP][PASSED] - takeScreenshot(): Taking screenshot successfully

2022-06-09 20:30:00 - [MESSAGE][PASSED] - Taking screenshot successfully
[[ATTACHMENT|D:\\Projet Test Auto\\Mediabox Test Automation\\Reports\\20220609_181011\\03. Parallel Testing (Testing)\\TS -PT PART 3\\10 NPP Support Action on Completed Ref\\20220609_181104\\1654799400710.png]]

2022-06-09 20:30:01 - [TEST_STEP][PASSED] - click(findTestObject("1. Constant/xpath", ["xpath":"//*[@id="fiches"]/table/tbody/tr/td[10]/a[2]"])): Object: 'Object Repository/1. Constant/xpath' is clicked on

2022-06-09 20:30:05 - [MESSAGE][PASSED] - Object: 'Object Repository/1. Constant/xpath' is clicked on

2022-06-09 20:30:05 - [TEST_STEP][PASSED] - delay(1): Delayed 1 second(s)

2022-06-09 20:30:06 - [MESSAGE][PASSED] - Delayed 1 second(s)

2022-06-09 20:30:06 - [TEST_STEP][PASSED] - I.select_multiplelist("//*[@id="selSource_108"]", "//*[@id="btnAdd_108"]", "2344"): Delayed 1 second(s)

2022-06-09 20:30:07 - [MESSAGE][PASSED] - Delayed 1 second(s)

2022-06-09 20:30:07 - [MESSAGE][PASSED] - All options with value '2344' are selected in object 'Object Repository/1. Constant/xpath' 

2022-06-09 20:30:09 - [MESSAGE][PASSED] - Delayed 2 second(s)

2022-06-09 20:30:09 - [MESSAGE][PASSED] - Object: 'Object Repository/1. Constant/xpath' is clicked on

2022-06-09 20:30:10 - [MESSAGE][PASSED] - Delayed 1 second(s)

2022-06-09 20:30:10 - [TEST_STEP][PASSED] - click(findTestObject("1. Constant/xpath", ["xpath":"//*[@id="ModifFiche"]/div[1]/div/button[2]"])): Object: 'Object Repository/1. Constant/xpath' is clicked on

2022-06-09 20:30:17 - [MESSAGE][PASSED] - Object: 'Object Repository/1. Constant/xpath' is clicked on

2022-06-09 20:30:17 - [TEST_STEP][PASSED] - takeScreenshot(): Taking screenshot successfully

2022-06-09 20:30:17 - [MESSAGE][PASSED] - Taking screenshot successfully
[[ATTACHMENT|D:\\Projet Test Auto\\Mediabox Test Automation\\Reports\\20220609_181011\\03. Parallel Testing (Testing)\\TS -PT PART 3\\10 NPP Support Action on Completed Ref\\20220609_181104\\1654799417122.png]]

2022-06-09 20:30:17 - [TEST_STEP][PASSED] - click(findTestObject("1. Constant/xpath", ["xpath":"//*[@id="fiches"]/table/tbody/tr/td[10]/a[2]"])): Object: 'Object Repository/1. Constant/xpath' is clicked on

2022-06-09 20:30:22 - [MESSAGE][PASSED] - Object: 'Object Repository/1. Constant/xpath' is clicked on

2022-06-09 20:30:22 - [TEST_STEP][PASSED] - delay(1): Delayed 1 second(s)

2022-06-09 20:30:23 - [MESSAGE][PASSED] - Delayed 1 second(s)

2022-06-09 20:30:23 - [TEST_STEP][PASSED] - click(findTestObject("1. Constant/xpath", ["xpath":"//*[@id="ModifFiche"]/div[1]/div/button[2]"])): Object: 'Object Repository/1. Constant/xpath' is clicked on

2022-06-09 20:30:30 - [MESSAGE][PASSED] - Object: 'Object Repository/1. Constant/xpath' is clicked on

2022-06-09 20:30:30 - [TEST_STEP][PASSED] - delay(1): Delayed 1 second(s)

2022-06-09 20:30:31 - [MESSAGE][PASSED] - Delayed 1 second(s)

2022-06-09 20:30:31 - [TEST_STEP][PASSED] - click(findTestObject("1. Constant/xpath", ["xpath":"/html/body/div[1]/div[2]/div[4]/div[3]/div/div[2]/div[2]/table/tbody/tr/td[10]/div[2]/button"])): Object: 'Object Repository/1. Constant/xpath' is clicked on

2022-06-09 20:30:34 - [MESSAGE][PASSED] - Object: 'Object Repository/1. Constant/xpath' is clicked on

2022-06-09 20:30:34 - [TEST_STEP][PASSED] - delay(1): Delayed 1 second(s)

2022-06-09 20:30:35 - [MESSAGE][PASSED] - Delayed 1 second(s)

2022-06-09 20:30:35 - [TEST_STEP][PASSED] - click(findTestObject("1. Constant/xpath", ["xpath":"//*[@id="fiches"]/table/tbody/tr/td[10]/div[2]/div/a[1]"])): Object: 'Object Repository/1. Constant/xpath' is clicked on

2022-06-09 20:30:37 - [MESSAGE][PASSED] - Object: 'Object Repository/1. Constant/xpath' is clicked on

2022-06-09 20:30:37 - [TEST_STEP][PASSED] - takeScreenshot(): Taking screenshot successfully

2022-06-09 20:30:37 - [MESSAGE][PASSED] - Taking screenshot successfully
[[ATTACHMENT|D:\\Projet Test Auto\\Mediabox Test Automation\\Reports\\20220609_181011\\03. Parallel Testing (Testing)\\TS -PT PART 3\\10 NPP Support Action on Completed Ref\\20220609_181104\\1654799437362.png]]

2022-06-09 20:30:37 - [TEST_STEP][PASSED] - I.SelectFromList_Value("//*[@id="var_84"]", "akim"): Delayed 2 second(s)

2022-06-09 20:30:38 - [MESSAGE][PASSED] - All options with value 'akim' are selected in object 'Object Repository/1. Constant/xpath' 

2022-06-09 20:30:40 - [MESSAGE][PASSED] - Delayed 2 second(s)

2022-06-09 20:30:40 - [TEST_STEP][PASSED] - click(findTestObject("1. Constant/xpath", ["xpath":"//*[@id="ModifFiche"]/div[1]/div/div"])): Object: 'Object Repository/1. Constant/xpath' is clicked on

2022-06-09 20:30:40 - [MESSAGE][PASSED] - Object: 'Object Repository/1. Constant/xpath' is clicked on

2022-06-09 20:30:40 - [TEST_STEP][PASSED] - delay(1): Delayed 1 second(s)

2022-06-09 20:30:41 - [MESSAGE][PASSED] - Delayed 1 second(s)

2022-06-09 20:30:41 - [TEST_STEP][PASSED] - click(findTestObject("1. Constant/xpath", ["xpath":"//*[@id="ModifFiche"]/div[1]/div/div/div/a[1]"])): Object: 'Object Repository/1. Constant/xpath' is clicked on

2022-06-09 20:30:49 - [MESSAGE][PASSED] - Object: 'Object Repository/1. Constant/xpath' is clicked on

2022-06-09 20:30:49 - [TEST_STEP][PASSED] - delay(2): Delayed 2 second(s)

2022-06-09 20:30:51 - [MESSAGE][PASSED] - Delayed 2 second(s)

2022-06-09 20:30:51 - [TEST_STEP][PASSED] - click(findTestObject("1. Constant/xpath", ["xpath":"//*[@id="fiches"]/table/tbody/tr/td[10]/div[2]/button"])): Object: 'Object Repository/1. Constant/xpath' is clicked on

2022-06-09 20:30:52 - [MESSAGE][PASSED] - Object: 'Object Repository/1. Constant/xpath' is clicked on

2022-06-09 20:30:52 - [TEST_STEP][PASSED] - delay(1): Delayed 1 second(s)

2022-06-09 20:30:53 - [MESSAGE][PASSED] - Delayed 1 second(s)

2022-06-09 20:30:53 - [TEST_STEP][PASSED] - click(findTestObject("1. Constant/xpath", ["xpath":"//*[@id="fiches"]/table/tbody/tr/td[10]/div[2]/div/a[1]"])): Object: 'Object Repository/1. Constant/xpath' is clicked on

2022-06-09 20:30:55 - [MESSAGE][PASSED] - Object: 'Object Repository/1. Constant/xpath' is clicked on

2022-06-09 20:30:55 - [TEST_STEP][PASSED] - takeScreenshot(): Taking screenshot successfully

2022-06-09 20:30:56 - [MESSAGE][PASSED] - Taking screenshot successfully
[[ATTACHMENT|D:\\Projet Test Auto\\Mediabox Test Automation\\Reports\\20220609_181011\\03. Parallel Testing (Testing)\\TS -PT PART 3\\10 NPP Support Action on Completed Ref\\20220609_181104\\1654799456031.png]]

2022-06-09 20:30:56 - [TEST_STEP][PASSED] - I.SelectFromList_Value("//*[@id="var_76"]", "afrappaz"): Delayed 2 second(s)

2022-06-09 20:30:56 - [MESSAGE][PASSED] - All options with value 'afrappaz' are selected in object 'Object Repository/1. Constant/xpath' 

2022-06-09 20:30:58 - [MESSAGE][PASSED] - Delayed 2 second(s)

2022-06-09 20:30:58 - [TEST_STEP][PASSED] - click(findTestObject("1. Constant/xpath", ["xpath":"//*[@id="ModifFiche"]/div[1]/div/div/button"])): Object: 'Object Repository/1. Constant/xpath' is clicked on

2022-06-09 20:30:58 - [MESSAGE][PASSED] - Object: 'Object Repository/1. Constant/xpath' is clicked on

2022-06-09 20:30:58 - [TEST_STEP][PASSED] - delay(1): Delayed 1 second(s)

2022-06-09 20:30:59 - [MESSAGE][PASSED] - Delayed 1 second(s)

2022-06-09 20:30:59 - [TEST_STEP][PASSED] - click(findTestObject("1. Constant/xpath", ["xpath":"//*[@id="ModifFiche"]/div[1]/div/div/div/a[1]"])): Object: 'Object Repository/1. Constant/xpath' is clicked on

2022-06-09 20:31:07 - [MESSAGE][PASSED] - Object: 'Object Repository/1. Constant/xpath' is clicked on

2022-06-09 20:31:07 - [TEST_STEP][PASSED] - delay(2): Delayed 2 second(s)

2022-06-09 20:31:09 - [MESSAGE][PASSED] - Delayed 2 second(s)

2022-06-09 20:31:09 - [TEST_STEP][PASSED] - click(findTestObject("1. Constant/xpath", ["xpath":"//*[@id="fiches"]/table/tbody/tr/td[10]/div[2]/button"])): Object: 'Object Repository/1. Constant/xpath' is clicked on

2022-06-09 20:31:09 - [MESSAGE][PASSED] - Object: 'Object Repository/1. Constant/xpath' is clicked on

2022-06-09 20:31:09 - [TEST_STEP][PASSED] - delay(1): Delayed 1 second(s)

2022-06-09 20:31:10 - [MESSAGE][PASSED] - Delayed 1 second(s)

2022-06-09 20:31:10 - [TEST_STEP][PASSED] - click(findTestObject("1. Constant/xpath", ["xpath":"//*[@id="fiches"]/table/tbody/tr/td[10]/div[2]/div/a[1]"])): Object: 'Object Repository/1. Constant/xpath' is clicked on

2022-06-09 20:31:14 - [MESSAGE][PASSED] - Object: 'Object Repository/1. Constant/xpath' is clicked on

2022-06-09 20:31:14 - [TEST_STEP][PASSED] - takeScreenshot(): Taking screenshot successfully

2022-06-09 20:31:15 - [MESSAGE][PASSED] - Taking screenshot successfully
[[ATTACHMENT|D:\\Projet Test Auto\\Mediabox Test Automation\\Reports\\20220609_181011\\03. Parallel Testing (Testing)\\TS -PT PART 3\\10 NPP Support Action on Completed Ref\\20220609_181104\\1654799474997.png]]

2022-06-09 20:31:15 - [TEST_STEP][PASSED] - delay(1): Delayed 1 second(s)

2022-06-09 20:31:16 - [MESSAGE][PASSED] - Delayed 1 second(s)

2022-06-09 20:31:16 - [TEST_STEP][PASSED] - click(findTestObject("1. Constant/xpath", ["xpath":"//*[@id="ModifFiche"]/div[1]/div/div/button"])): Object: 'Object Repository/1. Constant/xpath' is clicked on

2022-06-09 20:31:17 - [MESSAGE][PASSED] - Object: 'Object Repository/1. Constant/xpath' is clicked on

2022-06-09 20:31:17 - [TEST_STEP][PASSED] - delay(1): Delayed 1 second(s)

2022-06-09 20:31:18 - [MESSAGE][PASSED] - Delayed 1 second(s)

2022-06-09 20:31:18 - [TEST_STEP][PASSED] - click(findTestObject("1. Constant/xpath", ["xpath":"//*[@id="ModifFiche"]/div[1]/div/div/div/a[1]"])): Object: 'Object Repository/1. Constant/xpath' is clicked on

2022-06-09 20:31:24 - [MESSAGE][PASSED] - Object: 'Object Repository/1. Constant/xpath' is clicked on

2022-06-09 20:31:24 - [TEST_STEP][PASSED] - delay(2): Delayed 2 second(s)

2022-06-09 20:31:26 - [MESSAGE][PASSED] - Delayed 2 second(s)

2022-06-09 20:31:26 - [TEST_STEP][PASSED] - click(findTestObject("1. Constant/xpath", ["xpath":"//*[@id="fiches"]/table/tbody/tr/td[10]/div[2]/button"])): Object: 'Object Repository/1. Constant/xpath' is clicked on

2022-06-09 20:31:28 - [MESSAGE][PASSED] - Object: 'Object Repository/1. Constant/xpath' is clicked on

2022-06-09 20:31:28 - [TEST_STEP][PASSED] - delay(1): Delayed 1 second(s)

2022-06-09 20:31:29 - [MESSAGE][PASSED] - Delayed 1 second(s)

2022-06-09 20:31:29 - [TEST_STEP][PASSED] - click(findTestObject("1. Constant/xpath", ["xpath":"//*[@id="fiches"]/table/tbody/tr/td[10]/div[2]/div/a[1]"])): Object: 'Object Repository/1. Constant/xpath' is clicked on

2022-06-09 20:31:32 - [MESSAGE][PASSED] - Object: 'Object Repository/1. Constant/xpath' is clicked on

2022-06-09 20:31:32 - [TEST_STEP][PASSED] - takeScreenshot(): Taking screenshot successfully

2022-06-09 20:31:32 - [MESSAGE][PASSED] - Taking screenshot successfully
[[ATTACHMENT|D:\\Projet Test Auto\\Mediabox Test Automation\\Reports\\20220609_181011\\03. Parallel Testing (Testing)\\TS -PT PART 3\\10 NPP Support Action on Completed Ref\\20220609_181104\\1654799492485.png]]

2022-06-09 20:31:32 - [TEST_STEP][PASSED] - delay(1): Delayed 1 second(s)

2022-06-09 20:31:33 - [MESSAGE][PASSED] - Delayed 1 second(s)

2022-06-09 20:31:33 - [TEST_STEP][PASSED] - I.SelectFromList_Value("//*[@id="var_56"]", "aserment"): Delayed 2 second(s)

2022-06-09 20:31:34 - [MESSAGE][PASSED] - All options with value 'aserment' are selected in object 'Object Repository/1. Constant/xpath' 

2022-06-09 20:31:36 - [MESSAGE][PASSED] - Delayed 2 second(s)

2022-06-09 20:31:36 - [TEST_STEP][PASSED] - click(findTestObject("1. Constant/xpath", ["xpath":"//*[@id="ModifFiche"]/div[1]/div/div/button"])): Object: 'Object Repository/1. Constant/xpath' is clicked on

2022-06-09 20:31:36 - [MESSAGE][PASSED] - Object: 'Object Repository/1. Constant/xpath' is clicked on

2022-06-09 20:31:36 - [TEST_STEP][PASSED] - delay(1): Delayed 1 second(s)

2022-06-09 20:31:37 - [MESSAGE][PASSED] - Delayed 1 second(s)

2022-06-09 20:31:37 - [TEST_STEP][PASSED] - click(findTestObject("1. Constant/xpath", ["xpath":"//*[@id="ModifFiche"]/div[1]/div/div/div/a[1]"])): Object: 'Object Repository/1. Constant/xpath' is clicked on

2022-06-09 20:31:46 - [MESSAGE][PASSED] - Object: 'Object Repository/1. Constant/xpath' is clicked on

2022-06-09 20:31:46 - [TEST_STEP][PASSED] - delay(2): Delayed 2 second(s)

2022-06-09 20:31:48 - [MESSAGE][PASSED] - Delayed 2 second(s)

2022-06-09 20:31:48 - [TEST_STEP][PASSED] - takeScreenshot(): Taking screenshot successfully

2022-06-09 20:31:48 - [MESSAGE][PASSED] - Taking screenshot successfully
[[ATTACHMENT|D:\\Projet Test Auto\\Mediabox Test Automation\\Reports\\20220609_181011\\03. Parallel Testing (Testing)\\TS -PT PART 3\\10 NPP Support Action on Completed Ref\\20220609_181104\\1654799508325.png]]

2022-06-09 20:31:48 - [TEST_STEP][PASSED] - click(findTestObject("1. Constant/xpath", ["xpath":"//*[@id="fiches"]/table/tbody/tr/td[10]/div[1]/button"])): Object: 'Object Repository/1. Constant/xpath' is clicked on

2022-06-09 20:31:48 - [MESSAGE][PASSED] - Object: 'Object Repository/1. Constant/xpath' is clicked on

2022-06-09 20:31:48 - [TEST_STEP][PASSED] - delay(1): Delayed 1 second(s)

2022-06-09 20:31:49 - [MESSAGE][PASSED] - Delayed 1 second(s)

2022-06-09 20:31:49 - [TEST_STEP][PASSED] - click(findTestObject("1. Constant/xpath", ["xpath":"//*[@id="fiches"]/table/tbody/tr/td[10]/div[1]/div/a[2]"])): Object: 'Object Repository/1. Constant/xpath' is clicked on

2022-06-09 20:31:54 - [MESSAGE][PASSED] - Object: 'Object Repository/1. Constant/xpath' is clicked on

2022-06-09 20:31:54 - [TEST_STEP][PASSED] - delay(2): Delayed 2 second(s)

2022-06-09 20:31:56 - [MESSAGE][PASSED] - Delayed 2 second(s)

2022-06-09 20:31:56 - [TEST_STEP][PASSED] - takeScreenshot(): Taking screenshot successfully

2022-06-09 20:31:57 - [MESSAGE][PASSED] - Taking screenshot successfully
[[ATTACHMENT|D:\\Projet Test Auto\\Mediabox Test Automation\\Reports\\20220609_181011\\03. Parallel Testing (Testing)\\TS -PT PART 3\\10 NPP Support Action on Completed Ref\\20220609_181104\\1654799517107.png]]

2022-06-09 20:31:57 - [TEST_STEP][PASSED] - click(findTestObject("1. Constant/xpath", ["xpath":"//*[@id="aff_newfield_zone"]"])): Object: 'Object Repository/1. Constant/xpath' is clicked on

2022-06-09 20:31:57 - [MESSAGE][PASSED] - Object: 'Object Repository/1. Constant/xpath' is clicked on

2022-06-09 20:31:57 - [TEST_STEP][PASSED] - delay(2): Delayed 2 second(s)

2022-06-09 20:31:59 - [MESSAGE][PASSED] - Delayed 2 second(s)

2022-06-09 20:31:59 - [TEST_STEP][PASSED] - I.Pagedown(): Execute JavaScript 'window.scrollTo(0, document.body.scrollHeight)' successfully

2022-06-09 20:31:59 - [MESSAGE][PASSED] - Execute JavaScript 'window.scrollTo(0, document.body.scrollHeight)' successfully

2022-06-09 20:31:59 - [TEST_STEP][PASSED] - I.SelectFromList_Value("//*[@id="type_new"]", "160"): Delayed 2 second(s)

2022-06-09 20:32:02 - [MESSAGE][PASSED] - All options with value '160' are selected in object 'Object Repository/1. Constant/xpath' 

2022-06-09 20:32:04 - [MESSAGE][PASSED] - Delayed 2 second(s)

2022-06-09 20:32:04 - [TEST_STEP][PASSED] - click(findTestObject("1. Constant/xpath", ["xpath":"//*[@id="add_newtranslationfield"]"])): Object: 'Object Repository/1. Constant/xpath' is clicked on

2022-06-09 20:32:07 - [MESSAGE][PASSED] - Object: 'Object Repository/1. Constant/xpath' is clicked on

2022-06-09 20:32:07 - [TEST_STEP][PASSED] - delay(1): Delayed 1 second(s)

2022-06-09 20:32:08 - [MESSAGE][PASSED] - Delayed 1 second(s)

2022-06-09 20:32:08 - [TEST_STEP][PASSED] - I.click_button_javascript(findTestObject("1. Constant/xpath", ["xpath":"//*[@id="ModifFiche"]/div[1]/div[2]/button[2]"])): Execute JavaScript 'arguments[0].click()' successfully

2022-06-09 20:32:17 - [MESSAGE][PASSED] - Execute JavaScript 'arguments[0].click()' successfully

2022-06-09 20:32:17 - [TEST_STEP][PASSED] - delay(3): Delayed 3 second(s)

2022-06-09 20:32:20 - [MESSAGE][PASSED] - Delayed 3 second(s)

2022-06-09 20:32:20 - [TEST_STEP][PASSED] - takeScreenshot(): Taking screenshot successfully

2022-06-09 20:32:20 - [MESSAGE][PASSED] - Taking screenshot successfully
[[ATTACHMENT|D:\\Projet Test Auto\\Mediabox Test Automation\\Reports\\20220609_181011\\03. Parallel Testing (Testing)\\TS -PT PART 3\\10 NPP Support Action on Completed Ref\\20220609_181104\\1654799540049.png]]

2022-06-09 20:32:20 - [TEST_STEP][PASSED] - I.select_multiplelist("//*[@id="selSource_default_target_language"]", "//*[@id="btn_add_default_target_language"]", "EN"): Delayed 1 second(s)

2022-06-09 20:32:21 - [MESSAGE][PASSED] - Delayed 1 second(s)

2022-06-09 20:32:21 - [MESSAGE][PASSED] - All options with value 'EN' are selected in object 'Object Repository/1. Constant/xpath' 

2022-06-09 20:32:23 - [MESSAGE][PASSED] - Delayed 2 second(s)

2022-06-09 20:32:24 - [MESSAGE][PASSED] - Object: 'Object Repository/1. Constant/xpath' is clicked on

2022-06-09 20:32:25 - [MESSAGE][PASSED] - Delayed 1 second(s)

2022-06-09 20:32:25 - [TEST_STEP][PASSED] - delay(2): Delayed 2 second(s)

2022-06-09 20:32:27 - [MESSAGE][PASSED] - Delayed 2 second(s)

2022-06-09 20:32:27 - [TEST_STEP][PASSED] - I.SelectFromList_Value("//*[@id="var_127_128_line_1"]", "2211"): Delayed 2 second(s)

2022-06-09 20:32:27 - [MESSAGE][PASSED] - All options with value '2211' are selected in object 'Object Repository/1. Constant/xpath' 

2022-06-09 20:32:29 - [MESSAGE][PASSED] - Delayed 2 second(s)

2022-06-09 20:32:29 - [TEST_STEP][PASSED] - setText(findTestObject("1. Constant/xpath", ["xpath":"//*[@id="var_72"]"]), "01/12/2021"): Text '01/12/2021' is set on object 'Object Repository/1. Constant/xpath'

2022-06-09 20:32:30 - [MESSAGE][PASSED] - Text '01/12/2021' is set on object 'Object Repository/1. Constant/xpath'

2022-06-09 20:32:30 - [TEST_STEP][PASSED] - delay(2): Delayed 2 second(s)

2022-06-09 20:32:32 - [MESSAGE][PASSED] - Delayed 2 second(s)

2022-06-09 20:32:32 - [TEST_STEP][PASSED] - setText(findTestObject("1. Constant/xpath", ["xpath":"//*[@id="var_116"]"]), "01/12/2021"): Text '01/12/2021' is set on object 'Object Repository/1. Constant/xpath'

2022-06-09 20:32:32 - [MESSAGE][PASSED] - Text '01/12/2021' is set on object 'Object Repository/1. Constant/xpath'

2022-06-09 20:32:32 - [TEST_STEP][PASSED] - delay(1): Delayed 1 second(s)

2022-06-09 20:32:33 - [MESSAGE][PASSED] - Delayed 1 second(s)

2022-06-09 20:32:33 - [TEST_STEP][PASSED] - I.Pagedown(): Execute JavaScript 'window.scrollTo(0, document.body.scrollHeight)' successfully

2022-06-09 20:32:33 - [MESSAGE][PASSED] - Execute JavaScript 'window.scrollTo(0, document.body.scrollHeight)' successfully

2022-06-09 20:32:33 - [TEST_STEP][PASSED] - I.select_multiplelist("//*[@id="selSource_61"]", "//*[@id="btnAdd_61"]", "2147"): Delayed 1 second(s)

2022-06-09 20:32:34 - [MESSAGE][PASSED] - Delayed 1 second(s)

2022-06-09 20:32:35 - [MESSAGE][PASSED] - All options with value '2147' are selected in object 'Object Repository/1. Constant/xpath' 

2022-06-09 20:32:37 - [MESSAGE][PASSED] - Delayed 2 second(s)

2022-06-09 20:32:37 - [MESSAGE][PASSED] - Object: 'Object Repository/1. Constant/xpath' is clicked on

2022-06-09 20:32:38 - [MESSAGE][PASSED] - Delayed 1 second(s)

2022-06-09 20:32:38 - [TEST_STEP][PASSED] - delay(1): Delayed 1 second(s)

2022-06-09 20:32:39 - [MESSAGE][PASSED] - Delayed 1 second(s)

2022-06-09 20:32:39 - [TEST_STEP][PASSED] - takeScreenshot(): Taking screenshot successfully

2022-06-09 20:32:39 - [MESSAGE][PASSED] - Taking screenshot successfully
[[ATTACHMENT|D:\\Projet Test Auto\\Mediabox Test Automation\\Reports\\20220609_181011\\03. Parallel Testing (Testing)\\TS -PT PART 3\\10 NPP Support Action on Completed Ref\\20220609_181104\\1654799559425.png]]

2022-06-09 20:32:39 - [TEST_STEP][PASSED] - I.click_button_javascript(findTestObject("1. Constant/xpath", ["xpath":"//*[@id="ModifFiche"]/div[3]/div/button[2]"])): Execute JavaScript 'arguments[0].click()' successfully

2022-06-09 20:32:48 - [MESSAGE][PASSED] - Execute JavaScript 'arguments[0].click()' successfully

2022-06-09 20:32:48 - [TEST_STEP][PASSED] - delay(1): Delayed 1 second(s)

2022-06-09 20:32:49 - [MESSAGE][PASSED] - Delayed 1 second(s)

2022-06-09 20:32:49 - [TEST_STEP][PASSED] - takeScreenshot(): Taking screenshot successfully

2022-06-09 20:32:49 - [MESSAGE][PASSED] - Taking screenshot successfully
[[ATTACHMENT|D:\\Projet Test Auto\\Mediabox Test Automation\\Reports\\20220609_181011\\03. Parallel Testing (Testing)\\TS -PT PART 3\\10 NPP Support Action on Completed Ref\\20220609_181104\\1654799569312.png]]

2022-06-09 20:32:49 - [TEST_STEP][PASSED] - click(findTestObject("1. Constant/xpath", ["xpath":"/html/body/div[1]/div[2]/div[4]/div[3]/div/div[2]/div[2]/table/tbody/tr[2]/td[10]/a[3]"])): Object: 'Object Repository/1. Constant/xpath' is clicked on

2022-06-09 20:32:57 - [MESSAGE][PASSED] - Object: 'Object Repository/1. Constant/xpath' is clicked on

2022-06-09 20:32:57 - [TEST_STEP][PASSED] - takeScreenshot(): Taking screenshot successfully

2022-06-09 20:32:57 - [MESSAGE][PASSED] - Taking screenshot successfully
[[ATTACHMENT|D:\\Projet Test Auto\\Mediabox Test Automation\\Reports\\20220609_181011\\03. Parallel Testing (Testing)\\TS -PT PART 3\\10 NPP Support Action on Completed Ref\\20220609_181104\\1654799577392.png]]

2022-06-09 20:32:57 - [TEST_STEP][PASSED] - click(findTestObject("1. Constant/xpath", ["xpath":"/html/body/div[1]/div[2]/div[4]/div[3]/div/div[2]/div[2]/table/tbody/tr[2]/td[10]/a[3]"])): Object: 'Object Repository/1. Constant/xpath' is clicked on

2022-06-09 20:33:05 - [MESSAGE][PASSED] - Object: 'Object Repository/1. Constant/xpath' is clicked on

2022-06-09 20:33:05 - [TEST_STEP][PASSED] - delay(1): Delayed 1 second(s)

2022-06-09 20:33:06 - [MESSAGE][PASSED] - Delayed 1 second(s)

2022-06-09 20:33:06 - [TEST_STEP][PASSED] - click(findTestObject("1. Constant/xpath", ["xpath":"/html/body/div[1]/div[2]/div[4]/div[3]/div/div[2]/div[2]/table/tbody/tr[2]/td[5]/a"])): Object: 'Object Repository/1. Constant/xpath' is clicked on

2022-06-09 20:33:09 - [MESSAGE][PASSED] - Object: 'Object Repository/1. Constant/xpath' is clicked on

2022-06-09 20:33:09 - [TEST_STEP][PASSED] - click(findTestObject("1. Constant/xpath", ["xpath":"//*[@id="kt_content"]/div[3]/div/ul/li[3]/a"])): Object: 'Object Repository/1. Constant/xpath' is clicked on

2022-06-09 20:33:12 - [MESSAGE][PASSED] - Object: 'Object Repository/1. Constant/xpath' is clicked on

2022-06-09 20:33:12 - [TEST_STEP][PASSED] - delay(1): Delayed 1 second(s)

2022-06-09 20:33:13 - [MESSAGE][PASSED] - Delayed 1 second(s)

2022-06-09 20:33:13 - [TEST_STEP][PASSED] - click(findTestObject("1. Constant/xpath", ["xpath":"/html/body/div[1]/div[2]/div[8]/div[3]/div/div[3]/div[3]/div/ul/li/a"])): Object: 'Object Repository/1. Constant/xpath' is clicked on

2022-06-09 20:33:13 - [MESSAGE][PASSED] - Object: 'Object Repository/1. Constant/xpath' is clicked on

2022-06-09 20:33:13 - [TEST_STEP][PASSED] - delay(1): Delayed 1 second(s)

2022-06-09 20:33:14 - [MESSAGE][PASSED] - Delayed 1 second(s)

2022-06-09 20:33:14 - [TEST_STEP][PASSED] - takeScreenshot(): Taking screenshot successfully

2022-06-09 20:33:15 - [MESSAGE][PASSED] - Taking screenshot successfully
[[ATTACHMENT|D:\\Projet Test Auto\\Mediabox Test Automation\\Reports\\20220609_181011\\03. Parallel Testing (Testing)\\TS -PT PART 3\\10 NPP Support Action on Completed Ref\\20220609_181104\\1654799595332.png]]

2022-06-09 20:33:15 - [TEST_STEP][PASSED] - click(findTestObject("1. Constant/xpath", ["xpath":"/html/body/div[1]/div[2]/div[8]/div[3]/div/div[3]/div[3]/div/div/div/div/div[3]/div/div[1]/div[2]/div/button"])): Object: 'Object Repository/1. Constant/xpath' is clicked on

2022-06-09 20:33:15 - [MESSAGE][PASSED] - Object: 'Object Repository/1. Constant/xpath' is clicked on

2022-06-09 20:33:15 - [TEST_STEP][PASSED] - delay(3): Delayed 3 second(s)

2022-06-09 20:33:18 - [MESSAGE][PASSED] - Delayed 3 second(s)

2022-06-09 20:33:18 - [TEST_STEP][PASSED] - takeScreenshot(): Taking screenshot successfully

2022-06-09 20:33:19 - [MESSAGE][PASSED] - Taking screenshot successfully
[[ATTACHMENT|D:\\Projet Test Auto\\Mediabox Test Automation\\Reports\\20220609_181011\\03. Parallel Testing (Testing)\\TS -PT PART 3\\10 NPP Support Action on Completed Ref\\20220609_181104\\1654799598909.png]]

2022-06-09 20:33:19 - [TEST_STEP][PASSED] - x = 20: null

2022-06-09 20:33:19 - [TEST_STEP][PASSED] - i = 1: null

2022-06-09 20:33:19 - [TEST_STEP][PASSED] - while (i <= x): null

2022-06-09 20:33:19 - [TEST_STEP][PASSED] - Expected_SAS_Selected = "Reset to Agency translation": null

2022-06-09 20:33:19 - [TEST_STEP][PASSED] - xpath_SAS = "/html/body/div[1]/div[2]/div[8]/div[3]/div/div[3]/div[3]/div/div/div/div/div[3]/div/div[1]/div[2]/div/div/a[" + i + "]": null

2022-06-09 20:33:19 - [TEST_STEP][PASSED] - Actual_SAS = getText(findTestObject("1. Constant/xpath", ["xpath":xpath_SAS])): Text of object 'Object Repository/1. Constant/xpath' is: 'Reset to MKT translation'

2022-06-09 20:33:19 - [MESSAGE][PASSED] - Text of object 'Object Repository/1. Constant/xpath' is: 'Reset to MKT translation'

2022-06-09 20:33:19 - [TEST_STEP][PASSED] - I.print(i): null

2022-06-09 20:33:19 - [TEST_STEP][PASSED] - if (Actual_SAS.contains(Expected_SAS_Selected)): null

2022-06-09 20:33:19 - [TEST_STEP][PASSED] - i = i + 1: null

2022-06-09 20:33:19 - [TEST_STEP][PASSED] - Expected_SAS_Selected = "Reset to Agency translation": null

2022-06-09 20:33:19 - [TEST_STEP][PASSED] - xpath_SAS = "/html/body/div[1]/div[2]/div[8]/div[3]/div/div[3]/div[3]/div/div/div/div/div[3]/div/div[1]/div[2]/div/div/a[" + i + "]": null

2022-06-09 20:33:19 - [TEST_STEP][PASSED] - Actual_SAS = getText(findTestObject("1. Constant/xpath", ["xpath":xpath_SAS])): Text of object 'Object Repository/1. Constant/xpath' is: 'Reset to Agency translation'

2022-06-09 20:33:19 - [MESSAGE][PASSED] - Text of object 'Object Repository/1. Constant/xpath' is: 'Reset to Agency translation'

2022-06-09 20:33:19 - [TEST_STEP][PASSED] - I.print(i): null

2022-06-09 20:33:19 - [TEST_STEP][PASSED] - if (Actual_SAS.contains(Expected_SAS_Selected)): null

2022-06-09 20:33:19 - [TEST_STEP][PASSED] - click(findTestObject("1. Constant/xpath", ["xpath":xpath_SAS])): Object: 'Object Repository/1. Constant/xpath' is clicked on

2022-06-09 20:33:19 - [MESSAGE][PASSED] - Object: 'Object Repository/1. Constant/xpath' is clicked on

2022-06-09 20:33:19 - [TEST_STEP][PASSED] - break: null

2022-06-09 20:33:19 - [TEST_STEP][PASSED] - takeScreenshot(): Taking screenshot successfully

2022-06-09 20:33:19 - [MESSAGE][PASSED] - Taking screenshot successfully
[[ATTACHMENT|D:\\Projet Test Auto\\Mediabox Test Automation\\Reports\\20220609_181011\\03. Parallel Testing (Testing)\\TS -PT PART 3\\10 NPP Support Action on Completed Ref\\20220609_181104\\1654799599662.png]]

2022-06-09 20:33:19 - [TEST_STEP][PASSED] - I.SelectFromList_Value("//*[@id="added_support_action_reason"]", "3"): Delayed 2 second(s)

2022-06-09 20:33:20 - [MESSAGE][PASSED] - All options with value '3' are selected in object 'Object Repository/1. Constant/xpath' 

2022-06-09 20:33:22 - [MESSAGE][PASSED] - Delayed 2 second(s)

2022-06-09 20:33:22 - [TEST_STEP][PASSED] - click(findTestObject("1. Constant/xpath", ["xpath":"//*[@id="modal_support_action_shortcut"]/div/div/div[3]/button[2]"])): Object: 'Object Repository/1. Constant/xpath' is clicked on

2022-06-09 20:33:27 - [MESSAGE][PASSED] - Object: 'Object Repository/1. Constant/xpath' is clicked on

2022-06-09 20:33:27 - [TEST_STEP][PASSED] - delay(1): Delayed 1 second(s)

2022-06-09 20:33:28 - [MESSAGE][PASSED] - Delayed 1 second(s)

2022-06-09 20:33:28 - [TEST_STEP][PASSED] - I.Logout_xpath("//*[@id="kt_header"]/div/div[2]/div[2]/div[1]/div/span/img", "//*[@id="kt_header"]/div/div[2]/div[2]/div[2]"): Wait for page load successfully

2022-06-09 20:33:29 - [MESSAGE][PASSED] - Object: 'Object Repository/1. Constant/xpath' is clicked on

2022-06-09 20:33:30 - [MESSAGE][PASSED] - Delayed 1 second(s)

2022-06-09 20:33:32 - [MESSAGE][PASSED] - Object: 'Object Repository/1. Constant/xpath' is clicked on

2022-06-09 20:33:33 - [MESSAGE][PASSED] - Delayed 1 second(s)

2022-06-09 20:33:33 - [MESSAGE][PASSED] - Wait for page load successfully

2022-06-09 20:33:33 - [TEST_STEP][PASSED] - I.Login_password("lmoodie_mkt", password_lmoodie_mkt): Object: 'Object Repository/1. Constant/xpath' is clicked on

2022-06-09 20:33:33 - [MESSAGE][PASSED] - Text 'lmoodie_mkt' is set on object 'Object Repository/1. Constant/xpath'

2022-06-09 20:33:34 - [MESSAGE][PASSED] - Delayed 1 second(s)

2022-06-09 20:33:35 - [MESSAGE][PASSED] - Text 'dchi' is set on object 'Object Repository/1. Constant/xpath'

2022-06-09 20:33:36 - [MESSAGE][PASSED] - Delayed 1 second(s)

2022-06-09 20:33:39 - [MESSAGE][PASSED] - Object: 'Object Repository/1. Constant/xpath' is clicked on

2022-06-09 20:33:39 - [TEST_STEP][PASSED] - user1_b4 = I.Get_Task_No("//*[@id="kt_header"]/div/div[2]/div[1]/div[1]/span"): Text of object 'Object Repository/1. Constant/xpath' is: '72'

2022-06-09 20:33:39 - [MESSAGE][PASSED] - Text of object 'Object Repository/1. Constant/xpath' is: '72'

2022-06-09 20:33:39 - [TEST_STEP][PASSED] - click(findTestObject("1. Constant/02_LHSMenu_Projects")): Object: 'Object Repository/1. Constant/02_LHSMenu_Projects' is clicked on

2022-06-09 20:33:48 - [MESSAGE][PASSED] - Object: 'Object Repository/1. Constant/02_LHSMenu_Projects' is clicked on

2022-06-09 20:33:48 - [TEST_STEP][PASSED] - I.SearchProjectNo_xpath(Project_No, "//*[@id="keynum_project"]", "//*[@id="form_filters"]/div[20]/button"): Delayed 5 second(s)

2022-06-09 20:33:49 - [MESSAGE][PASSED] - Delayed 1 second(s)

2022-06-09 20:33:49 - [MESSAGE][PASSED] - Text 'MI001070' is set on object 'Object Repository/1. Constant/xpath'

2022-06-09 20:33:52 - [MESSAGE][PASSED] - Delayed 3 second(s)

2022-06-09 20:33:53 - [MESSAGE][PASSED] - Scroll to object 'Object Repository/1. Constant/xpath' successfully

2022-06-09 20:33:57 - [MESSAGE][PASSED] - Object: 'Object Repository/1. Constant/xpath' is clicked on

2022-06-09 20:34:02 - [MESSAGE][PASSED] - Delayed 5 second(s)

2022-06-09 20:34:02 - [TEST_STEP][PASSED] - delay(2): Delayed 2 second(s)

2022-06-09 20:34:04 - [MESSAGE][PASSED] - Delayed 2 second(s)

2022-06-09 20:34:04 - [TEST_STEP][PASSED] - takeScreenshot(): Taking screenshot successfully

2022-06-09 20:34:04 - [MESSAGE][PASSED] - Taking screenshot successfully
[[ATTACHMENT|D:\\Projet Test Auto\\Mediabox Test Automation\\Reports\\20220609_181011\\03. Parallel Testing (Testing)\\TS -PT PART 3\\10 NPP Support Action on Completed Ref\\20220609_181104\\1654799644585.png]]

2022-06-09 20:34:04 - [TEST_STEP][PASSED] - click(findTestObject("1. Constant/xpath", ["xpath":"/html/body/div[1]/div[2]/div[4]/div[3]/div/div[2]/div[2]/table/tbody/tr[2]/td[12]/a[2]"])): Object: 'Object Repository/1. Constant/xpath' is clicked on

2022-06-09 20:34:08 - [MESSAGE][PASSED] - Object: 'Object Repository/1. Constant/xpath' is clicked on

2022-06-09 20:34:08 - [TEST_STEP][PASSED] - delay(1): Delayed 1 second(s)

2022-06-09 20:34:09 - [MESSAGE][PASSED] - Delayed 1 second(s)

2022-06-09 20:34:09 - [TEST_STEP][PASSED] - takeScreenshot(): Taking screenshot successfully

2022-06-09 20:34:10 - [MESSAGE][PASSED] - Taking screenshot successfully
[[ATTACHMENT|D:\\Projet Test Auto\\Mediabox Test Automation\\Reports\\20220609_181011\\03. Parallel Testing (Testing)\\TS -PT PART 3\\10 NPP Support Action on Completed Ref\\20220609_181104\\1654799649970.png]]

2022-06-09 20:34:10 - [TEST_STEP][PASSED] - user1_a4 = I.Get_Task_No("//*[@id="kt_header"]/div/div[2]/div[1]/div[1]/span"): Text of object 'Object Repository/1. Constant/xpath' is: '71'

2022-06-09 20:34:11 - [MESSAGE][PASSED] - Text of object 'Object Repository/1. Constant/xpath' is: '71'

2022-06-09 20:34:11 - [TEST_STEP][PASSED] - verifyEqual(user1_a4, user1_b4 - 1): Actual object '71' and expected object '71' are equal

2022-06-09 20:34:11 - [MESSAGE][PASSED] - Actual object '71' and expected object '71' are equal

2022-06-09 20:34:11 - [TEST_STEP][PASSED] - closeBrowser(): Browser is closed

2022-06-09 20:34:11 - [MESSAGE][PASSED] - Browser is closed

2022-06-09 20:34:11 - [TEST_STEP][PASSED] - Start listener action : sampleAfterTestCase: null]]></system-out>
         <system-err><![CDATA[]]></system-err>
      </testcase>
      <system-out><![CDATA[2022-06-09 20:07:47 - [TEST_SUITE][PASSED] - 10 NPP Support Action on Completed Ref: Test Cases/16 Support action (Completed ref)/16.10 NPP SAS translation - Reset Agency (Not completed ref) S7]]></system-out>
      <system-err><![CDATA[]]></system-err>
   </testsuite>
</testsuites>
