<?xml version="1.0" encoding="UTF-8"?>
<testsuites name="14.01 Dreyers Support Action (Ongoing _ Completed ref) - PART 1" time="1981.857" tests="5" failures="0" errors="0">
   <testsuite name="14.01 Dreyers Support Action (Ongoing _ Completed ref) - PART 1" tests="5" failures="0" errors="0" time="1981.857" skipped="0" timestamp="2022-06-09 19:20:25" hostname="lamhe - DPF-MBI-VERIF.ad.sgsco.int" id="Test Suites/03. Parallel Testing (Testing)/TS -PT PART 3/14.01 Dreyers Support Action (Ongoing _ Completed ref) - PART 1">
      <properties>
         <property name="deviceName" value=""/>
         <property name="devicePlatform" value=""/>
         <property name="logFolder" value="D:\\Projet Test Auto\\Mediabox Test Automation\\Reports\\20220609_181011\\03. Parallel Testing (Testing)\\TS -PT PART 3\\14.01 Dreyers Support Action (Ongoing _ Completed ref) - PART 1\\20220609_181052"/>
         <property name="logFiles" value="D:\\Projet Test Auto\\Mediabox Test Automation\\Reports\\20220609_181011\\03. Parallel Testing (Testing)\\TS -PT PART 3\\14.01 Dreyers Support Action (Ongoing _ Completed ref) - PART 1\\20220609_181052\\execution0.log"/>
         <property name="attachments" value="D:\\Projet Test Auto\\Mediabox Test Automation\\Reports\\20220609_181011\\03. Parallel Testing (Testing)\\TS -PT PART 3\\14.01 Dreyers Support Action (Ongoing _ Completed ref) - PART 1\\20220609_181052\\1654795255922.png, D:\\Projet Test Auto\\Mediabox Test Automation\\Reports\\20220609_181011\\03. Parallel Testing (Testing)\\TS -PT PART 3\\14.01 Dreyers Support Action (Ongoing _ Completed ref) - PART 1\\20220609_181052\\1654795273805.png, D:\\Projet Test Auto\\Mediabox Test Automation\\Reports\\20220609_181011\\03. Parallel Testing (Testing)\\TS -PT PART 3\\14.01 Dreyers Support Action (Ongoing _ Completed ref) - PART 1\\20220609_181052\\1654795282792.png, D:\\Projet Test Auto\\Mediabox Test Automation\\Reports\\20220609_181011\\03. Parallel Testing (Testing)\\TS -PT PART 3\\14.01 Dreyers Support Action (Ongoing _ Completed ref) - PART 1\\20220609_181052\\1654795289214.png, D:\\Projet Test Auto\\Mediabox Test Automation\\Reports\\20220609_181011\\03. Parallel Testing (Testing)\\TS -PT PART 3\\14.01 Dreyers Support Action (Ongoing _ Completed ref) - PART 1\\20220609_181052\\1654795299675.png, D:\\Projet Test Auto\\Mediabox Test Automation\\Reports\\20220609_181011\\03. Parallel Testing (Testing)\\TS -PT PART 3\\14.01 Dreyers Support Action (Ongoing _ Completed ref) - PART 1\\20220609_181052\\1654795320047.png, D:\\Projet Test Auto\\Mediabox Test Automation\\Reports\\20220609_181011\\03. Parallel Testing (Testing)\\TS -PT PART 3\\14.01 Dreyers Support Action (Ongoing _ Completed ref) - PART 1\\20220609_181052\\1654795328400.png, D:\\Projet Test Auto\\Mediabox Test Automation\\Reports\\20220609_181011\\03. Parallel Testing (Testing)\\TS -PT PART 3\\14.01 Dreyers Support Action (Ongoing _ Completed ref) - PART 1\\20220609_181052\\1654795351861.png, D:\\Projet Test Auto\\Mediabox Test Automation\\Reports\\20220609_181011\\03. Parallel Testing (Testing)\\TS -PT PART 3\\14.01 Dreyers Support Action (Ongoing _ Completed ref) - PART 1\\20220609_181052\\1654795373329.png, D:\\Projet Test Auto\\Mediabox Test Automation\\Reports\\20220609_181011\\03. Parallel Testing (Testing)\\TS -PT PART 3\\14.01 Dreyers Support Action (Ongoing _ Completed ref) - PART 1\\20220609_181052\\1654795377116.png, D:\\Projet Test Auto\\Mediabox Test Automation\\Reports\\20220609_181011\\03. Parallel Testing (Testing)\\TS -PT PART 3\\14.01 Dreyers Support Action (Ongoing _ Completed ref) - PART 1\\20220609_181052\\1654795402212.png, D:\\Projet Test Auto\\Mediabox Test Automation\\Reports\\20220609_181011\\03. Parallel Testing (Testing)\\TS -PT PART 3\\14.01 Dreyers Support Action (Ongoing _ Completed ref) - PART 1\\20220609_181052\\1654795413307.png, D:\\Projet Test Auto\\Mediabox Test Automation\\Reports\\20220609_181011\\03. Parallel Testing (Testing)\\TS -PT PART 3\\14.01 Dreyers Support Action (Ongoing _ Completed ref) - PART 1\\20220609_181052\\1654795420077.png, D:\\Projet Test Auto\\Mediabox Test Automation\\Reports\\20220609_181011\\03. Parallel Testing (Testing)\\TS -PT PART 3\\14.01 Dreyers Support Action (Ongoing _ Completed ref) - PART 1\\20220609_181052\\1654795427259.png, D:\\Projet Test Auto\\Mediabox Test Automation\\Reports\\20220609_181011\\03. Parallel Testing (Testing)\\TS -PT PART 3\\14.01 Dreyers Support Action (Ongoing _ Completed ref) - PART 1\\20220609_181052\\1654795430210.png, D:\\Projet Test Auto\\Mediabox Test Automation\\Reports\\20220609_181011\\03. Parallel Testing (Testing)\\TS -PT PART 3\\14.01 Dreyers Support Action (Ongoing _ Completed ref) - PART 1\\20220609_181052\\1654795432041.png, D:\\Projet Test Auto\\Mediabox Test Automation\\Reports\\20220609_181011\\03. Parallel Testing (Testing)\\TS -PT PART 3\\14.01 Dreyers Support Action (Ongoing _ Completed ref) - PART 1\\20220609_181052\\1654795435481.png, D:\\Projet Test Auto\\Mediabox Test Automation\\Reports\\20220609_181011\\03. Parallel Testing (Testing)\\TS -PT PART 3\\14.01 Dreyers Support Action (Ongoing _ Completed ref) - PART 1\\20220609_181052\\1654795438341.png, D:\\Projet Test Auto\\Mediabox Test Automation\\Reports\\20220609_181011\\03. Parallel Testing (Testing)\\TS -PT PART 3\\14.01 Dreyers Support Action (Ongoing _ Completed ref) - PART 1\\20220609_181052\\1654795454118.png, D:\\Projet Test Auto\\Mediabox Test Automation\\Reports\\20220609_181011\\03. Parallel Testing (Testing)\\TS -PT PART 3\\14.01 Dreyers Support Action (Ongoing _ Completed ref) - PART 1\\20220609_181052\\1654795485224.png, D:\\Projet Test Auto\\Mediabox Test Automation\\Reports\\20220609_181011\\03. Parallel Testing (Testing)\\TS -PT PART 3\\14.01 Dreyers Support Action (Ongoing _ Completed ref) - PART 1\\20220609_181052\\1654795507543.png, D:\\Projet Test Auto\\Mediabox Test Automation\\Reports\\20220609_181011\\03. Parallel Testing (Testing)\\TS -PT PART 3\\14.01 Dreyers Support Action (Ongoing _ Completed ref) - PART 1\\20220609_181052\\1654795510875.png, D:\\Projet Test Auto\\Mediabox Test Automation\\Reports\\20220609_181011\\03. Parallel Testing (Testing)\\TS -PT PART 3\\14.01 Dreyers Support Action (Ongoing _ Completed ref) - PART 1\\20220609_181052\\1654795526252.png, D:\\Projet Test Auto\\Mediabox Test Automation\\Reports\\20220609_181011\\03. Parallel Testing (Testing)\\TS -PT PART 3\\14.01 Dreyers Support Action (Ongoing _ Completed ref) - PART 1\\20220609_181052\\1654795576975.png, D:\\Projet Test Auto\\Mediabox Test Automation\\Reports\\20220609_181011\\03. Parallel Testing (Testing)\\TS -PT PART 3\\14.01 Dreyers Support Action (Ongoing _ Completed ref) - PART 1\\20220609_181052\\1654795586933.png, D:\\Projet Test Auto\\Mediabox Test Automation\\Reports\\20220609_181011\\03. Parallel Testing (Testing)\\TS -PT PART 3\\14.01 Dreyers Support Action (Ongoing _ Completed ref) - PART 1\\20220609_181052\\1654795606988.png, D:\\Projet Test Auto\\Mediabox Test Automation\\Reports\\20220609_181011\\03. Parallel Testing (Testing)\\TS -PT PART 3\\14.01 Dreyers Support Action (Ongoing _ Completed ref) - PART 1\\20220609_181052\\1654795622650.png, D:\\Projet Test Auto\\Mediabox Test Automation\\Reports\\20220609_181011\\03. Parallel Testing (Testing)\\TS -PT PART 3\\14.01 Dreyers Support Action (Ongoing _ Completed ref) - PART 1\\20220609_181052\\1654795645939.png, D:\\Projet Test Auto\\Mediabox Test Automation\\Reports\\20220609_181011\\03. Parallel Testing (Testing)\\TS -PT PART 3\\14.01 Dreyers Support Action (Ongoing _ Completed ref) - PART 1\\20220609_181052\\1654795664855.png, D:\\Projet Test Auto\\Mediabox Test Automation\\Reports\\20220609_181011\\03. Parallel Testing (Testing)\\TS -PT PART 3\\14.01 Dreyers Support Action (Ongoing _ Completed ref) - PART 1\\20220609_181052\\1654795682418.png, D:\\Projet Test Auto\\Mediabox Test Automation\\Reports\\20220609_181011\\03. Parallel Testing (Testing)\\TS -PT PART 3\\14.01 Dreyers Support Action (Ongoing _ Completed ref) - PART 1\\20220609_181052\\1654795695000.png, D:\\Projet Test Auto\\Mediabox Test Automation\\Reports\\20220609_181011\\03. Parallel Testing (Testing)\\TS -PT PART 3\\14.01 Dreyers Support Action (Ongoing _ Completed ref) - PART 1\\20220609_181052\\1654795700617.png, D:\\Projet Test Auto\\Mediabox Test Automation\\Reports\\20220609_181011\\03. Parallel Testing (Testing)\\TS -PT PART 3\\14.01 Dreyers Support Action (Ongoing _ Completed ref) - PART 1\\20220609_181052\\1654795721425.png, D:\\Projet Test Auto\\Mediabox Test Automation\\Reports\\20220609_181011\\03. Parallel Testing (Testing)\\TS -PT PART 3\\14.01 Dreyers Support Action (Ongoing _ Completed ref) - PART 1\\20220609_181052\\1654795739855.png, D:\\Projet Test Auto\\Mediabox Test Automation\\Reports\\20220609_181011\\03. Parallel Testing (Testing)\\TS -PT PART 3\\14.01 Dreyers Support Action (Ongoing _ Completed ref) - PART 1\\20220609_181052\\1654795760708.png, D:\\Projet Test Auto\\Mediabox Test Automation\\Reports\\20220609_181011\\03. Parallel Testing (Testing)\\TS -PT PART 3\\14.01 Dreyers Support Action (Ongoing _ Completed ref) - PART 1\\20220609_181052\\1654795779778.png, D:\\Projet Test Auto\\Mediabox Test Automation\\Reports\\20220609_181011\\03. Parallel Testing (Testing)\\TS -PT PART 3\\14.01 Dreyers Support Action (Ongoing _ Completed ref) - PART 1\\20220609_181052\\1654795795141.png, D:\\Projet Test Auto\\Mediabox Test Automation\\Reports\\20220609_181011\\03. Parallel Testing (Testing)\\TS -PT PART 3\\14.01 Dreyers Support Action (Ongoing _ Completed ref) - PART 1\\20220609_181052\\1654795807255.png, D:\\Projet Test Auto\\Mediabox Test Automation\\Reports\\20220609_181011\\03. Parallel Testing (Testing)\\TS -PT PART 3\\14.01 Dreyers Support Action (Ongoing _ Completed ref) - PART 1\\20220609_181052\\1654795829728.png, D:\\Projet Test Auto\\Mediabox Test Automation\\Reports\\20220609_181011\\03. Parallel Testing (Testing)\\TS -PT PART 3\\14.01 Dreyers Support Action (Ongoing _ Completed ref) - PART 1\\20220609_181052\\1654795866852.png, D:\\Projet Test Auto\\Mediabox Test Automation\\Reports\\20220609_181011\\03. Parallel Testing (Testing)\\TS -PT PART 3\\14.01 Dreyers Support Action (Ongoing _ Completed ref) - PART 1\\20220609_181052\\1654795883723.png, D:\\Projet Test Auto\\Mediabox Test Automation\\Reports\\20220609_181011\\03. Parallel Testing (Testing)\\TS -PT PART 3\\14.01 Dreyers Support Action (Ongoing _ Completed ref) - PART 1\\20220609_181052\\1654795921904.png, D:\\Projet Test Auto\\Mediabox Test Automation\\Reports\\20220609_181011\\03. Parallel Testing (Testing)\\TS -PT PART 3\\14.01 Dreyers Support Action (Ongoing _ Completed ref) - PART 1\\20220609_181052\\1654795944106.png, D:\\Projet Test Auto\\Mediabox Test Automation\\Reports\\20220609_181011\\03. Parallel Testing (Testing)\\TS -PT PART 3\\14.01 Dreyers Support Action (Ongoing _ Completed ref) - PART 1\\20220609_181052\\1654795959746.png, D:\\Projet Test Auto\\Mediabox Test Automation\\Reports\\20220609_181011\\03. Parallel Testing (Testing)\\TS -PT PART 3\\14.01 Dreyers Support Action (Ongoing _ Completed ref) - PART 1\\20220609_181052\\1654795972784.png, D:\\Projet Test Auto\\Mediabox Test Automation\\Reports\\20220609_181011\\03. Parallel Testing (Testing)\\TS -PT PART 3\\14.01 Dreyers Support Action (Ongoing _ Completed ref) - PART 1\\20220609_181052\\1654795974543.png, D:\\Projet Test Auto\\Mediabox Test Automation\\Reports\\20220609_181011\\03. Parallel Testing (Testing)\\TS -PT PART 3\\14.01 Dreyers Support Action (Ongoing _ Completed ref) - PART 1\\20220609_181052\\1654795976073.png, D:\\Projet Test Auto\\Mediabox Test Automation\\Reports\\20220609_181011\\03. Parallel Testing (Testing)\\TS -PT PART 3\\14.01 Dreyers Support Action (Ongoing _ Completed ref) - PART 1\\20220609_181052\\1654795979688.png, D:\\Projet Test Auto\\Mediabox Test Automation\\Reports\\20220609_181011\\03. Parallel Testing (Testing)\\TS -PT PART 3\\14.01 Dreyers Support Action (Ongoing _ Completed ref) - PART 1\\20220609_181052\\1654795982035.png, D:\\Projet Test Auto\\Mediabox Test Automation\\Reports\\20220609_181011\\03. Parallel Testing (Testing)\\TS -PT PART 3\\14.01 Dreyers Support Action (Ongoing _ Completed ref) - PART 1\\20220609_181052\\1654796011908.png, D:\\Projet Test Auto\\Mediabox Test Automation\\Reports\\20220609_181011\\03. Parallel Testing (Testing)\\TS -PT PART 3\\14.01 Dreyers Support Action (Ongoing _ Completed ref) - PART 1\\20220609_181052\\1654796026839.png, D:\\Projet Test Auto\\Mediabox Test Automation\\Reports\\20220609_181011\\03. Parallel Testing (Testing)\\TS -PT PART 3\\14.01 Dreyers Support Action (Ongoing _ Completed ref) - PART 1\\20220609_181052\\1654796039005.png, D:\\Projet Test Auto\\Mediabox Test Automation\\Reports\\20220609_181011\\03. Parallel Testing (Testing)\\TS -PT PART 3\\14.01 Dreyers Support Action (Ongoing _ Completed ref) - PART 1\\20220609_181052\\1654796072704.png, D:\\Projet Test Auto\\Mediabox Test Automation\\Reports\\20220609_181011\\03. Parallel Testing (Testing)\\TS -PT PART 3\\14.01 Dreyers Support Action (Ongoing _ Completed ref) - PART 1\\20220609_181052\\1654796088983.png, D:\\Projet Test Auto\\Mediabox Test Automation\\Reports\\20220609_181011\\03. Parallel Testing (Testing)\\TS -PT PART 3\\14.01 Dreyers Support Action (Ongoing _ Completed ref) - PART 1\\20220609_181052\\1654796096706.png, D:\\Projet Test Auto\\Mediabox Test Automation\\Reports\\20220609_181011\\03. Parallel Testing (Testing)\\TS -PT PART 3\\14.01 Dreyers Support Action (Ongoing _ Completed ref) - PART 1\\20220609_181052\\1654796101394.png, D:\\Projet Test Auto\\Mediabox Test Automation\\Reports\\20220609_181011\\03. Parallel Testing (Testing)\\TS -PT PART 3\\14.01 Dreyers Support Action (Ongoing _ Completed ref) - PART 1\\20220609_181052\\1654796116194.png, D:\\Projet Test Auto\\Mediabox Test Automation\\Reports\\20220609_181011\\03. Parallel Testing (Testing)\\TS -PT PART 3\\14.01 Dreyers Support Action (Ongoing _ Completed ref) - PART 1\\20220609_181052\\1654796147727.png, D:\\Projet Test Auto\\Mediabox Test Automation\\Reports\\20220609_181011\\03. Parallel Testing (Testing)\\TS -PT PART 3\\14.01 Dreyers Support Action (Ongoing _ Completed ref) - PART 1\\20220609_181052\\1654796162713.png, D:\\Projet Test Auto\\Mediabox Test Automation\\Reports\\20220609_181011\\03. Parallel Testing (Testing)\\TS -PT PART 3\\14.01 Dreyers Support Action (Ongoing _ Completed ref) - PART 1\\20220609_181052\\1654796194126.png, D:\\Projet Test Auto\\Mediabox Test Automation\\Reports\\20220609_181011\\03. Parallel Testing (Testing)\\TS -PT PART 3\\14.01 Dreyers Support Action (Ongoing _ Completed ref) - PART 1\\20220609_181052\\1654796214597.png, D:\\Projet Test Auto\\Mediabox Test Automation\\Reports\\20220609_181011\\03. Parallel Testing (Testing)\\TS -PT PART 3\\14.01 Dreyers Support Action (Ongoing _ Completed ref) - PART 1\\20220609_181052\\1654796219752.png, D:\\Projet Test Auto\\Mediabox Test Automation\\Reports\\20220609_181011\\03. Parallel Testing (Testing)\\TS -PT PART 3\\14.01 Dreyers Support Action (Ongoing _ Completed ref) - PART 1\\20220609_181052\\1654796245914.png, D:\\Projet Test Auto\\Mediabox Test Automation\\Reports\\20220609_181011\\03. Parallel Testing (Testing)\\TS -PT PART 3\\14.01 Dreyers Support Action (Ongoing _ Completed ref) - PART 1\\20220609_181052\\1654796256674.png, D:\\Projet Test Auto\\Mediabox Test Automation\\Reports\\20220609_181011\\03. Parallel Testing (Testing)\\TS -PT PART 3\\14.01 Dreyers Support Action (Ongoing _ Completed ref) - PART 1\\20220609_181052\\1654796267549.png, D:\\Projet Test Auto\\Mediabox Test Automation\\Reports\\20220609_181011\\03. Parallel Testing (Testing)\\TS -PT PART 3\\14.01 Dreyers Support Action (Ongoing _ Completed ref) - PART 1\\20220609_181052\\1654796273525.png, D:\\Projet Test Auto\\Mediabox Test Automation\\Reports\\20220609_181011\\03. Parallel Testing (Testing)\\TS -PT PART 3\\14.01 Dreyers Support Action (Ongoing _ Completed ref) - PART 1\\20220609_181052\\1654796275331.png, D:\\Projet Test Auto\\Mediabox Test Automation\\Reports\\20220609_181011\\03. Parallel Testing (Testing)\\TS -PT PART 3\\14.01 Dreyers Support Action (Ongoing _ Completed ref) - PART 1\\20220609_181052\\1654796279342.png, D:\\Projet Test Auto\\Mediabox Test Automation\\Reports\\20220609_181011\\03. Parallel Testing (Testing)\\TS -PT PART 3\\14.01 Dreyers Support Action (Ongoing _ Completed ref) - PART 1\\20220609_181052\\1654796283965.png, D:\\Projet Test Auto\\Mediabox Test Automation\\Reports\\20220609_181011\\03. Parallel Testing (Testing)\\TS -PT PART 3\\14.01 Dreyers Support Action (Ongoing _ Completed ref) - PART 1\\20220609_181052\\1654796286655.png, D:\\Projet Test Auto\\Mediabox Test Automation\\Reports\\20220609_181011\\03. Parallel Testing (Testing)\\TS -PT PART 3\\14.01 Dreyers Support Action (Ongoing _ Completed ref) - PART 1\\20220609_181052\\1654796300489.png, D:\\Projet Test Auto\\Mediabox Test Automation\\Reports\\20220609_181011\\03. Parallel Testing (Testing)\\TS -PT PART 3\\14.01 Dreyers Support Action (Ongoing _ Completed ref) - PART 1\\20220609_181052\\1654796325982.png, D:\\Projet Test Auto\\Mediabox Test Automation\\Reports\\20220609_181011\\03. Parallel Testing (Testing)\\TS -PT PART 3\\14.01 Dreyers Support Action (Ongoing _ Completed ref) - PART 1\\20220609_181052\\1654796346736.png, D:\\Projet Test Auto\\Mediabox Test Automation\\Reports\\20220609_181011\\03. Parallel Testing (Testing)\\TS -PT PART 3\\14.01 Dreyers Support Action (Ongoing _ Completed ref) - PART 1\\20220609_181052\\1654796350848.png, D:\\Projet Test Auto\\Mediabox Test Automation\\Reports\\20220609_181011\\03. Parallel Testing (Testing)\\TS -PT PART 3\\14.01 Dreyers Support Action (Ongoing _ Completed ref) - PART 1\\20220609_181052\\1654796366060.png, D:\\Projet Test Auto\\Mediabox Test Automation\\Reports\\20220609_181011\\03. Parallel Testing (Testing)\\TS -PT PART 3\\14.01 Dreyers Support Action (Ongoing _ Completed ref) - PART 1\\20220609_181052\\1654796411853.png, D:\\Projet Test Auto\\Mediabox Test Automation\\Reports\\20220609_181011\\03. Parallel Testing (Testing)\\TS -PT PART 3\\14.01 Dreyers Support Action (Ongoing _ Completed ref) - PART 1\\20220609_181052\\1654796420631.png, D:\\Projet Test Auto\\Mediabox Test Automation\\Reports\\20220609_181011\\03. Parallel Testing (Testing)\\TS -PT PART 3\\14.01 Dreyers Support Action (Ongoing _ Completed ref) - PART 1\\20220609_181052\\1654796442171.png, D:\\Projet Test Auto\\Mediabox Test Automation\\Reports\\20220609_181011\\03. Parallel Testing (Testing)\\TS -PT PART 3\\14.01 Dreyers Support Action (Ongoing _ Completed ref) - PART 1\\20220609_181052\\1654796457794.png, D:\\Projet Test Auto\\Mediabox Test Automation\\Reports\\20220609_181011\\03. Parallel Testing (Testing)\\TS -PT PART 3\\14.01 Dreyers Support Action (Ongoing _ Completed ref) - PART 1\\20220609_181052\\1654796484227.png, D:\\Projet Test Auto\\Mediabox Test Automation\\Reports\\20220609_181011\\03. Parallel Testing (Testing)\\TS -PT PART 3\\14.01 Dreyers Support Action (Ongoing _ Completed ref) - PART 1\\20220609_181052\\1654796503073.png, D:\\Projet Test Auto\\Mediabox Test Automation\\Reports\\20220609_181011\\03. Parallel Testing (Testing)\\TS -PT PART 3\\14.01 Dreyers Support Action (Ongoing _ Completed ref) - PART 1\\20220609_181052\\1654796518000.png, D:\\Projet Test Auto\\Mediabox Test Automation\\Reports\\20220609_181011\\03. Parallel Testing (Testing)\\TS -PT PART 3\\14.01 Dreyers Support Action (Ongoing _ Completed ref) - PART 1\\20220609_181052\\1654796530396.png, D:\\Projet Test Auto\\Mediabox Test Automation\\Reports\\20220609_181011\\03. Parallel Testing (Testing)\\TS -PT PART 3\\14.01 Dreyers Support Action (Ongoing _ Completed ref) - PART 1\\20220609_181052\\1654796536399.png, D:\\Projet Test Auto\\Mediabox Test Automation\\Reports\\20220609_181011\\03. Parallel Testing (Testing)\\TS -PT PART 3\\14.01 Dreyers Support Action (Ongoing _ Completed ref) - PART 1\\20220609_181052\\1654796554078.png, D:\\Projet Test Auto\\Mediabox Test Automation\\Reports\\20220609_181011\\03. Parallel Testing (Testing)\\TS -PT PART 3\\14.01 Dreyers Support Action (Ongoing _ Completed ref) - PART 1\\20220609_181052\\1654796568760.png, D:\\Projet Test Auto\\Mediabox Test Automation\\Reports\\20220609_181011\\03. Parallel Testing (Testing)\\TS -PT PART 3\\14.01 Dreyers Support Action (Ongoing _ Completed ref) - PART 1\\20220609_181052\\1654796590917.png, D:\\Projet Test Auto\\Mediabox Test Automation\\Reports\\20220609_181011\\03. Parallel Testing (Testing)\\TS -PT PART 3\\14.01 Dreyers Support Action (Ongoing _ Completed ref) - PART 1\\20220609_181052\\1654796609516.png, D:\\Projet Test Auto\\Mediabox Test Automation\\Reports\\20220609_181011\\03. Parallel Testing (Testing)\\TS -PT PART 3\\14.01 Dreyers Support Action (Ongoing _ Completed ref) - PART 1\\20220609_181052\\1654796625625.png, D:\\Projet Test Auto\\Mediabox Test Automation\\Reports\\20220609_181011\\03. Parallel Testing (Testing)\\TS -PT PART 3\\14.01 Dreyers Support Action (Ongoing _ Completed ref) - PART 1\\20220609_181052\\1654796637186.png, D:\\Projet Test Auto\\Mediabox Test Automation\\Reports\\20220609_181011\\03. Parallel Testing (Testing)\\TS -PT PART 3\\14.01 Dreyers Support Action (Ongoing _ Completed ref) - PART 1\\20220609_181052\\1654796660225.png, D:\\Projet Test Auto\\Mediabox Test Automation\\Reports\\20220609_181011\\03. Parallel Testing (Testing)\\TS -PT PART 3\\14.01 Dreyers Support Action (Ongoing _ Completed ref) - PART 1\\20220609_181052\\1654796700793.png, D:\\Projet Test Auto\\Mediabox Test Automation\\Reports\\20220609_181011\\03. Parallel Testing (Testing)\\TS -PT PART 3\\14.01 Dreyers Support Action (Ongoing _ Completed ref) - PART 1\\20220609_181052\\1654796718848.png, D:\\Projet Test Auto\\Mediabox Test Automation\\Reports\\20220609_181011\\03. Parallel Testing (Testing)\\TS -PT PART 3\\14.01 Dreyers Support Action (Ongoing _ Completed ref) - PART 1\\20220609_181052\\1654796759045.png, D:\\Projet Test Auto\\Mediabox Test Automation\\Reports\\20220609_181011\\03. Parallel Testing (Testing)\\TS -PT PART 3\\14.01 Dreyers Support Action (Ongoing _ Completed ref) - PART 1\\20220609_181052\\1654796780967.png, D:\\Projet Test Auto\\Mediabox Test Automation\\Reports\\20220609_181011\\03. Parallel Testing (Testing)\\TS -PT PART 3\\14.01 Dreyers Support Action (Ongoing _ Completed ref) - PART 1\\20220609_181052\\1654796798282.png, D:\\Projet Test Auto\\Mediabox Test Automation\\Reports\\20220609_181011\\03. Parallel Testing (Testing)\\TS -PT PART 3\\14.01 Dreyers Support Action (Ongoing _ Completed ref) - PART 1\\20220609_181052\\1654796811621.png, D:\\Projet Test Auto\\Mediabox Test Automation\\Reports\\20220609_181011\\03. Parallel Testing (Testing)\\TS -PT PART 3\\14.01 Dreyers Support Action (Ongoing _ Completed ref) - PART 1\\20220609_181052\\1654796813768.png, D:\\Projet Test Auto\\Mediabox Test Automation\\Reports\\20220609_181011\\03. Parallel Testing (Testing)\\TS -PT PART 3\\14.01 Dreyers Support Action (Ongoing _ Completed ref) - PART 1\\20220609_181052\\1654796815667.png, D:\\Projet Test Auto\\Mediabox Test Automation\\Reports\\20220609_181011\\03. Parallel Testing (Testing)\\TS -PT PART 3\\14.01 Dreyers Support Action (Ongoing _ Completed ref) - PART 1\\20220609_181052\\1654796821490.png, D:\\Projet Test Auto\\Mediabox Test Automation\\Reports\\20220609_181011\\03. Parallel Testing (Testing)\\TS -PT PART 3\\14.01 Dreyers Support Action (Ongoing _ Completed ref) - PART 1\\20220609_181052\\1654796826298.png, D:\\Projet Test Auto\\Mediabox Test Automation\\Reports\\20220609_181011\\03. Parallel Testing (Testing)\\TS -PT PART 3\\14.01 Dreyers Support Action (Ongoing _ Completed ref) - PART 1\\20220609_181052\\1654796857619.png, D:\\Projet Test Auto\\Mediabox Test Automation\\Reports\\20220609_181011\\03. Parallel Testing (Testing)\\TS -PT PART 3\\14.01 Dreyers Support Action (Ongoing _ Completed ref) - PART 1\\20220609_181052\\1654796874423.png, D:\\Projet Test Auto\\Mediabox Test Automation\\Reports\\20220609_181011\\03. Parallel Testing (Testing)\\TS -PT PART 3\\14.01 Dreyers Support Action (Ongoing _ Completed ref) - PART 1\\20220609_181052\\1654796886162.png, D:\\Projet Test Auto\\Mediabox Test Automation\\Reports\\20220609_181011\\03. Parallel Testing (Testing)\\TS -PT PART 3\\14.01 Dreyers Support Action (Ongoing _ Completed ref) - PART 1\\20220609_181052\\1654796910393.png, D:\\Projet Test Auto\\Mediabox Test Automation\\Reports\\20220609_181011\\03. Parallel Testing (Testing)\\TS -PT PART 3\\14.01 Dreyers Support Action (Ongoing _ Completed ref) - PART 1\\20220609_181052\\1654796948533.png, D:\\Projet Test Auto\\Mediabox Test Automation\\Reports\\20220609_181011\\03. Parallel Testing (Testing)\\TS -PT PART 3\\14.01 Dreyers Support Action (Ongoing _ Completed ref) - PART 1\\20220609_181052\\1654796965641.png, D:\\Projet Test Auto\\Mediabox Test Automation\\Reports\\20220609_181011\\03. Parallel Testing (Testing)\\TS -PT PART 3\\14.01 Dreyers Support Action (Ongoing _ Completed ref) - PART 1\\20220609_181052\\1654797005657.png, D:\\Projet Test Auto\\Mediabox Test Automation\\Reports\\20220609_181011\\03. Parallel Testing (Testing)\\TS -PT PART 3\\14.01 Dreyers Support Action (Ongoing _ Completed ref) - PART 1\\20220609_181052\\1654797028682.png, D:\\Projet Test Auto\\Mediabox Test Automation\\Reports\\20220609_181011\\03. Parallel Testing (Testing)\\TS -PT PART 3\\14.01 Dreyers Support Action (Ongoing _ Completed ref) - PART 1\\20220609_181052\\1654797048186.png, D:\\Projet Test Auto\\Mediabox Test Automation\\Reports\\20220609_181011\\03. Parallel Testing (Testing)\\TS -PT PART 3\\14.01 Dreyers Support Action (Ongoing _ Completed ref) - PART 1\\20220609_181052\\1654797056704.png, D:\\Projet Test Auto\\Mediabox Test Automation\\Reports\\20220609_181011\\03. Parallel Testing (Testing)\\TS -PT PART 3\\14.01 Dreyers Support Action (Ongoing _ Completed ref) - PART 1\\20220609_181052\\1654797071325.png, D:\\Projet Test Auto\\Mediabox Test Automation\\Reports\\20220609_181011\\03. Parallel Testing (Testing)\\TS -PT PART 3\\14.01 Dreyers Support Action (Ongoing _ Completed ref) - PART 1\\20220609_181052\\1654797091640.png, D:\\Projet Test Auto\\Mediabox Test Automation\\Reports\\20220609_181011\\03. Parallel Testing (Testing)\\TS -PT PART 3\\14.01 Dreyers Support Action (Ongoing _ Completed ref) - PART 1\\20220609_181052\\1654797098471.png, D:\\Projet Test Auto\\Mediabox Test Automation\\Reports\\20220609_181011\\03. Parallel Testing (Testing)\\TS -PT PART 3\\14.01 Dreyers Support Action (Ongoing _ Completed ref) - PART 1\\20220609_181052\\1654797101490.png, D:\\Projet Test Auto\\Mediabox Test Automation\\Reports\\20220609_181011\\03. Parallel Testing (Testing)\\TS -PT PART 3\\14.01 Dreyers Support Action (Ongoing _ Completed ref) - PART 1\\20220609_181052\\1654797104149.png, D:\\Projet Test Auto\\Mediabox Test Automation\\Reports\\20220609_181011\\03. Parallel Testing (Testing)\\TS -PT PART 3\\14.01 Dreyers Support Action (Ongoing _ Completed ref) - PART 1\\20220609_181052\\1654797112673.png, D:\\Projet Test Auto\\Mediabox Test Automation\\Reports\\20220609_181011\\03. Parallel Testing (Testing)\\TS -PT PART 3\\14.01 Dreyers Support Action (Ongoing _ Completed ref) - PART 1\\20220609_181052\\1654797144501.png, D:\\Projet Test Auto\\Mediabox Test Automation\\Reports\\20220609_181011\\03. Parallel Testing (Testing)\\TS -PT PART 3\\14.01 Dreyers Support Action (Ongoing _ Completed ref) - PART 1\\20220609_181052\\1654797170148.png, D:\\Projet Test Auto\\Mediabox Test Automation\\Reports\\20220609_181011\\03. Parallel Testing (Testing)\\TS -PT PART 3\\14.01 Dreyers Support Action (Ongoing _ Completed ref) - PART 1\\20220609_181052\\1654797185983.png, D:\\Projet Test Auto\\Mediabox Test Automation\\Reports\\20220609_181011\\03. Parallel Testing (Testing)\\TS -PT PART 3\\14.01 Dreyers Support Action (Ongoing _ Completed ref) - PART 1\\20220609_181052\\1654797206175.png"/>
         <property name="hostName" value="lamhe - DPF-MBI-VERIF.ad.sgsco.int"/>
         <property name="os" value="Windows 10 64bit"/>
         <property name="katalonVersion" value="8.3.0.208"/>
         <property name="browser" value="Chrome 102.0.5005.63"/>
         <property name="hostAddress" value="10.15.10.53"/>
         <property name="sessionId" value="17fd6ed7f310984bad4f4e6b1269e9d2"/>
         <property name="seleniumVersion" value="3.141.59"/>
         <property name="proxyInformation" value="ProxyInformation { proxyOption=NO_PROXY, proxyServerType=HTTP, username=, password=********, proxyServerAddress=, proxyServerPort=0, executionList=&quot;&quot;, isApplyToDesiredCapabilities=true }"/>
         <property name="platform" value="Windows 10"/>
      </properties>
      <testcase name="Test Cases/19. Dreyers Support Action (Ongoing ref_completed)/19.03 Dreyers SAS Add Step (Ongoing ref) S6 - P3 (will be used in P14)" time="697.719" classname="Test Cases/19. Dreyers Support Action (Ongoing ref_completed)/19.03 Dreyers SAS Add Step (Ongoing ref) S6 - P3 (will be used in P14)" status="PASSED">
         <system-out><![CDATA[2022-06-09 19:20:26 - [TEST_CASE][PASSED] - Test Cases/19. Dreyers Support Action (Ongoing ref_completed)/19.03 Dreyers SAS Add Step (Ongoing ref) S6 - P3 (will be used in P14): Test Cases/19. Dreyers Support Action (Ongoing ref_completed)/19.03 Dreyers SAS Add Step (Ongoing ref) S6 - P3 (will be used in P14)

2022-06-09 19:20:28 - [TEST_STEP][PASSED] - data_Dreyers = findTestData("Data Files/Username_Password/Dreyer"): null

2022-06-09 19:20:28 - [TEST_STEP][PASSED] - password_suser = data_Dreyers.getValue(2, 1): null

2022-06-09 19:20:28 - [TEST_STEP][PASSED] - password_blemco = data_Dreyers.getValue(2, 2): null

2022-06-09 19:20:28 - [TEST_STEP][PASSED] - password_nturner = data_Dreyers.getValue(2, 6): null

2022-06-09 19:20:28 - [TEST_STEP][PASSED] - password_talexeeva = data_Dreyers.getValue(2, 7): null

2022-06-09 19:20:28 - [TEST_STEP][PASSED] - password_jryan = data_Dreyers.getValue(2, 12): null

2022-06-09 19:20:28 - [TEST_STEP][PASSED] - password_lmary = data_Dreyers.getValue(2, 13): null

2022-06-09 19:20:28 - [TEST_STEP][PASSED] - data_urlRELAUTO = findTestData("Data Files/URL/URL_relauto"): null

2022-06-09 19:20:28 - [TEST_STEP][PASSED] - Url_Dreyer = data_urlRELAUTO.getValue(2, 4): null

2022-06-09 19:20:28 - [TEST_STEP][PASSED] - Project_No = I.readnotepad("D:\Upoad_File\Projet_ Login\Dreyers\19.1\19.1_Dreyers_ProjectNo.txt"): null

2022-06-09 19:20:28 - [TEST_STEP][PASSED] - refID = I.readnotepad("D:\Upoad_File\Projet_ Login\Dreyers\19.1\19.1_Dreyers_refID.txt"): null

2022-06-09 19:20:28 - [TEST_STEP][PASSED] - I.clearnotepad("D:\Upoad_File\Projet_ Login\Dreyers\19.1\19.3_Dreyers_refID3.txt"): null

2022-06-09 19:20:28 - [TEST_STEP][PASSED] - openBrowser(Url_Dreyer): Browser is opened with url: 'http://mdb-release.diadeis.lan/MediaboxIndependence/?MBI_datasource=RELTESTAUTO_DREYERS'

2022-06-09 19:20:29 - [MESSAGE][INFO] - Starting 'Chrome (headless)' driver

2022-06-09 19:20:29 - [MESSAGE][INFO] - User set preference: ['args', '[--window-size=1920,1080, --headless]']

2022-06-09 19:20:29 - [MESSAGE][INFO] - Action delay is set to 0 milliseconds

2022-06-09 19:20:42 - [MESSAGE][PASSED] - Browser is opened with url: 'http://mdb-release.diadeis.lan/MediaboxIndependence/?MBI_datasource=RELTESTAUTO_DREYERS'

2022-06-09 19:20:42 - [TEST_STEP][PASSED] - disableSmartWait(): null

2022-06-09 19:20:42 - [TEST_STEP][PASSED] - maximizeWindow(): Current window maximized

2022-06-09 19:20:42 - [MESSAGE][PASSED] - Current window maximized

2022-06-09 19:20:42 - [TEST_STEP][PASSED] - I.Login_password("suser", password_suser): Object: 'Object Repository/1. Constant/xpath' is clicked on

2022-06-09 19:20:43 - [MESSAGE][PASSED] - Text 'suser' is set on object 'Object Repository/1. Constant/xpath'

2022-06-09 19:20:44 - [MESSAGE][PASSED] - Delayed 1 second(s)

2022-06-09 19:20:44 - [MESSAGE][PASSED] - Text 'diadeis' is set on object 'Object Repository/1. Constant/xpath'

2022-06-09 19:20:45 - [MESSAGE][PASSED] - Delayed 1 second(s)

2022-06-09 19:20:55 - [MESSAGE][PASSED] - Object: 'Object Repository/1. Constant/xpath' is clicked on

2022-06-09 19:20:55 - [TEST_STEP][PASSED] - takeScreenshot(): Taking screenshot successfully

2022-06-09 19:20:56 - [MESSAGE][PASSED] - Taking screenshot successfully
[[ATTACHMENT|D:\\Projet Test Auto\\Mediabox Test Automation\\Reports\\20220609_181011\\03. Parallel Testing (Testing)\\TS -PT PART 3\\14.01 Dreyers Support Action (Ongoing _ Completed ref) - PART 1\\20220609_181052\\1654795255922.png]]

2022-06-09 19:20:56 - [TEST_STEP][PASSED] - click(findTestObject("1. Constant/02_LHSMenu_Projects")): Object: 'Object Repository/1. Constant/02_LHSMenu_Projects' is clicked on

2022-06-09 19:21:00 - [MESSAGE][PASSED] - Object: 'Object Repository/1. Constant/02_LHSMenu_Projects' is clicked on

2022-06-09 19:21:00 - [TEST_STEP][PASSED] - I.SearchProjectNo_xpath(Project_No, "//*[@id="keynum_project"]", "//*[@id="form_filters"]/div[4]/button"): Delayed 5 second(s)

2022-06-09 19:21:01 - [MESSAGE][PASSED] - Delayed 1 second(s)

2022-06-09 19:21:01 - [MESSAGE][PASSED] - Text 'MI000876' is set on object 'Object Repository/1. Constant/xpath'

2022-06-09 19:21:04 - [MESSAGE][PASSED] - Delayed 3 second(s)

2022-06-09 19:21:05 - [MESSAGE][PASSED] - Scroll to object 'Object Repository/1. Constant/xpath' successfully

2022-06-09 19:21:08 - [MESSAGE][PASSED] - Object: 'Object Repository/1. Constant/xpath' is clicked on

2022-06-09 19:21:13 - [MESSAGE][PASSED] - Delayed 5 second(s)

2022-06-09 19:21:13 - [TEST_STEP][PASSED] - takeScreenshot(): Taking screenshot successfully

2022-06-09 19:21:14 - [MESSAGE][PASSED] - Taking screenshot successfully
[[ATTACHMENT|D:\\Projet Test Auto\\Mediabox Test Automation\\Reports\\20220609_181011\\03. Parallel Testing (Testing)\\TS -PT PART 3\\14.01 Dreyers Support Action (Ongoing _ Completed ref) - PART 1\\20220609_181052\\1654795273805.png]]

2022-06-09 19:21:14 - [TEST_STEP][PASSED] - click(findTestObject("1. Constant/xpath", ["xpath":"//*[@id="create_ref_btn"]/button"])): Object: 'Object Repository/1. Constant/xpath' is clicked on

2022-06-09 19:21:14 - [MESSAGE][PASSED] - Object: 'Object Repository/1. Constant/xpath' is clicked on

2022-06-09 19:21:14 - [TEST_STEP][PASSED] - delay(1): Delayed 1 second(s)

2022-06-09 19:21:15 - [MESSAGE][PASSED] - Delayed 1 second(s)

2022-06-09 19:21:15 - [TEST_STEP][PASSED] - click(findTestObject("1. Constant/xpath", ["xpath":"//*[@id="create_ref_btn"]/div/a"])): Object: 'Object Repository/1. Constant/xpath' is clicked on

2022-06-09 19:21:18 - [MESSAGE][PASSED] - Object: 'Object Repository/1. Constant/xpath' is clicked on

2022-06-09 19:21:18 - [TEST_STEP][PASSED] - delay(1): Delayed 1 second(s)

2022-06-09 19:21:19 - [MESSAGE][PASSED] - Delayed 1 second(s)

2022-06-09 19:21:19 - [TEST_STEP][PASSED] - selectOptionByValue(findTestObject("1. Constant/xpath", ["xpath":"//*[@id="lfc_tpl"]"]), "36", false): All options with value '36' are selected in object 'Object Repository/1. Constant/xpath' 

2022-06-09 19:21:21 - [MESSAGE][PASSED] - All options with value '36' are selected in object 'Object Repository/1. Constant/xpath' 

2022-06-09 19:21:21 - [TEST_STEP][PASSED] - ref_name = "P3_Auto_SAS_S6_" + RandomStringUtils.randomAlphanumeric(5) + I.gettimedate(): null

2022-06-09 19:21:21 - [TEST_STEP][PASSED] - delay(1): Delayed 1 second(s)

2022-06-09 19:21:22 - [MESSAGE][PASSED] - Delayed 1 second(s)

2022-06-09 19:21:22 - [TEST_STEP][PASSED] - setText(findTestObject("1. Constant/xpath", ["xpath":"//*[@id="var_name"]"]), ref_name): Text 'P3_Auto_SAS_S6_a1Y8Jjuin092022_192121' is set on object 'Object Repository/1. Constant/xpath'

2022-06-09 19:21:22 - [MESSAGE][PASSED] - Text 'P3_Auto_SAS_S6_a1Y8Jjuin092022_192121' is set on object 'Object Repository/1. Constant/xpath'

2022-06-09 19:21:22 - [TEST_STEP][PASSED] - takeScreenshot(): Taking screenshot successfully

2022-06-09 19:21:23 - [MESSAGE][PASSED] - Taking screenshot successfully
[[ATTACHMENT|D:\\Projet Test Auto\\Mediabox Test Automation\\Reports\\20220609_181011\\03. Parallel Testing (Testing)\\TS -PT PART 3\\14.01 Dreyers Support Action (Ongoing _ Completed ref) - PART 1\\20220609_181052\\1654795282792.png]]

2022-06-09 19:21:23 - [TEST_STEP][PASSED] - click(findTestObject("1. Constant/xpath", ["xpath":"//*[@id="createRefBottom"]"])): Object: 'Object Repository/1. Constant/xpath' is clicked on

2022-06-09 19:21:28 - [MESSAGE][PASSED] - Object: 'Object Repository/1. Constant/xpath' is clicked on

2022-06-09 19:21:28 - [TEST_STEP][PASSED] - delay(1): Delayed 1 second(s)

2022-06-09 19:21:29 - [MESSAGE][PASSED] - Delayed 1 second(s)

2022-06-09 19:21:29 - [TEST_STEP][PASSED] - takeScreenshot(): Taking screenshot successfully

2022-06-09 19:21:29 - [MESSAGE][PASSED] - Taking screenshot successfully
[[ATTACHMENT|D:\\Projet Test Auto\\Mediabox Test Automation\\Reports\\20220609_181011\\03. Parallel Testing (Testing)\\TS -PT PART 3\\14.01 Dreyers Support Action (Ongoing _ Completed ref) - PART 1\\20220609_181052\\1654795289214.png]]

2022-06-09 19:21:29 - [TEST_STEP][PASSED] - refID3 = I.RefID(): Current window's url is: 'http://mdb-release.diadeis.lan/MediaboxIndependence/Base/ExecAction?IDSession=MBI%21RELTESTAUTO_DREYERS%21I58XLCDD8S521ZM4HL4M6VO9I6X85X7YKIF6QZDF&default_action=ModifierRef&id_project=MI000876&id_ref=5254&action_from=create_ref'

2022-06-09 19:21:34 - [MESSAGE][PASSED] - Delayed 5 second(s)

2022-06-09 19:21:34 - [MESSAGE][PASSED] - Current window's url is: 'http://mdb-release.diadeis.lan/MediaboxIndependence/Base/ExecAction?IDSession=MBI%21RELTESTAUTO_DREYERS%21I58XLCDD8S521ZM4HL4M6VO9I6X85X7YKIF6QZDF&default_action=ModifierRef&id_project=MI000876&id_ref=5254&action_from=create_ref'

2022-06-09 19:21:34 - [TEST_STEP][PASSED] - click(findTestObject("1. Constant/xpath", ["xpath":"//*[@id="type_save"]"])): Object: 'Object Repository/1. Constant/xpath' is clicked on

2022-06-09 19:21:39 - [MESSAGE][PASSED] - Object: 'Object Repository/1. Constant/xpath' is clicked on

2022-06-09 19:21:39 - [TEST_STEP][PASSED] - takeScreenshot(): Taking screenshot successfully

2022-06-09 19:21:39 - [MESSAGE][PASSED] - Taking screenshot successfully
[[ATTACHMENT|D:\\Projet Test Auto\\Mediabox Test Automation\\Reports\\20220609_181011\\03. Parallel Testing (Testing)\\TS -PT PART 3\\14.01 Dreyers Support Action (Ongoing _ Completed ref) - PART 1\\20220609_181052\\1654795299675.png]]

2022-06-09 19:21:39 - [TEST_STEP][PASSED] - delay(1): Delayed 1 second(s)

2022-06-09 19:21:40 - [MESSAGE][PASSED] - Delayed 1 second(s)

2022-06-09 19:21:40 - [TEST_STEP][PASSED] - I.SearchRefNo_xpath("P3_Auto", "//*[@id="fiche_filter_keywords11"]", "//*[@id="form_filters"]/div[3]/button"): Delayed 5 second(s)

2022-06-09 19:21:41 - [MESSAGE][PASSED] - Delayed 1 second(s)

2022-06-09 19:21:43 - [MESSAGE][PASSED] - Text 'P3_Auto' is set on object 'Object Repository/1. Constant/xpath'

2022-06-09 19:21:46 - [MESSAGE][PASSED] - Delayed 3 second(s)

2022-06-09 19:21:46 - [MESSAGE][PASSED] - Scroll to object 'Object Repository/1. Constant/xpath' successfully

2022-06-09 19:21:49 - [MESSAGE][PASSED] - Object: 'Object Repository/1. Constant/xpath' is clicked on

2022-06-09 19:21:54 - [MESSAGE][PASSED] - Delayed 5 second(s)

2022-06-09 19:21:54 - [TEST_STEP][PASSED] - click(findTestObject("1. Constant/xpath", ["xpath":"//*[@id="source_" + refID3 + ""]/td[14]/a[3]"])): Object: 'Object Repository/1. Constant/xpath' is clicked on

2022-06-09 19:21:56 - [MESSAGE][PASSED] - Object: 'Object Repository/1. Constant/xpath' is clicked on

2022-06-09 19:21:56 - [TEST_STEP][PASSED] - click(findTestObject("1. Constant/xpath", ["xpath":"//*[@id="ModifFiche"]/div[1]/div/button[2]"])): Object: 'Object Repository/1. Constant/xpath' is clicked on

2022-06-09 19:21:59 - [MESSAGE][PASSED] - Object: 'Object Repository/1. Constant/xpath' is clicked on

2022-06-09 19:21:59 - [TEST_STEP][PASSED] - takeScreenshot(): Taking screenshot successfully

2022-06-09 19:22:00 - [MESSAGE][PASSED] - Taking screenshot successfully
[[ATTACHMENT|D:\\Projet Test Auto\\Mediabox Test Automation\\Reports\\20220609_181011\\03. Parallel Testing (Testing)\\TS -PT PART 3\\14.01 Dreyers Support Action (Ongoing _ Completed ref) - PART 1\\20220609_181052\\1654795320047.png]]

2022-06-09 19:22:00 - [TEST_STEP][PASSED] - delay(1): Delayed 1 second(s)

2022-06-09 19:22:01 - [MESSAGE][PASSED] - Delayed 1 second(s)

2022-06-09 19:22:01 - [TEST_STEP][PASSED] - click(findTestObject("1. Constant/xpath", ["xpath":"//*[@id="source_" + refID3 + ""]/td[14]/a[3]"])): Object: 'Object Repository/1. Constant/xpath' is clicked on

2022-06-09 19:22:05 - [MESSAGE][PASSED] - Object: 'Object Repository/1. Constant/xpath' is clicked on

2022-06-09 19:22:05 - [TEST_STEP][PASSED] - click(findTestObject("1. Constant/xpath", ["xpath":"//*[@id="ModifFiche"]/div[1]/div/button[2]"])): Object: 'Object Repository/1. Constant/xpath' is clicked on

2022-06-09 19:22:08 - [MESSAGE][PASSED] - Object: 'Object Repository/1. Constant/xpath' is clicked on

2022-06-09 19:22:08 - [TEST_STEP][PASSED] - takeScreenshot(): Taking screenshot successfully

2022-06-09 19:22:08 - [MESSAGE][PASSED] - Taking screenshot successfully
[[ATTACHMENT|D:\\Projet Test Auto\\Mediabox Test Automation\\Reports\\20220609_181011\\03. Parallel Testing (Testing)\\TS -PT PART 3\\14.01 Dreyers Support Action (Ongoing _ Completed ref) - PART 1\\20220609_181052\\1654795328400.png]]

2022-06-09 19:22:08 - [TEST_STEP][PASSED] - delay(1): Delayed 1 second(s)

2022-06-09 19:22:09 - [MESSAGE][PASSED] - Delayed 1 second(s)

2022-06-09 19:22:09 - [TEST_STEP][PASSED] - color1 = getCSSValue(findTestObject("1. Constant/xpath", ["xpath":"//*[@id="source_" + refID3 + ""]/td[14]/a[2]"]), "color", OPTIONAL): Get CSS 'color' value on 'Object Repository/1. Constant/xpath' successfully: 'rgba(255, 255, 255, 1)'.

2022-06-09 19:22:09 - [MESSAGE][PASSED] - Get CSS 'color' value on 'Object Repository/1. Constant/xpath' successfully: 'rgba(255, 255, 255, 1)'.

2022-06-09 19:22:09 - [TEST_STEP][PASSED] - I.print(color1): null

2022-06-09 19:22:09 - [TEST_STEP][PASSED] - while (color1 == "rgba(255, 255, 255, 1)"): Get CSS 'color' value on 'Object Repository/1. Constant/xpath' successfully: 'rgba(54, 153, 255, 1)'.

2022-06-09 19:22:09 - [TEST_STEP][PASSED] - click(findTestObject("1. Constant/xpath", ["xpath":"//*[@id="source_" + refID3 + ""]/td[14]/a[2]"])): Object: 'Object Repository/1. Constant/xpath' is clicked on

2022-06-09 19:22:11 - [MESSAGE][PASSED] - Object: 'Object Repository/1. Constant/xpath' is clicked on

2022-06-09 19:22:11 - [TEST_STEP][PASSED] - I.UploadDoc_sendkey_Prod(findTestObject("1. Constant/xpath", ["xpath":"//*[@id="kt_body"]/input[2]"]), "D:\Upoad_File\Upload doc\testdata1.pdf", "testdata1"): Delayed 5 second(s)

2022-06-09 19:22:11 - [MESSAGE][PASSED] - Scroll to object 'Object Repository/1. Constant/xpath' successfully

2022-06-09 19:22:16 - [MESSAGE][PASSED] - Delayed 5 second(s)

2022-06-09 19:22:16 - [MESSAGE][PASSED] - File 'D:\Upoad_File\Upload doc\testdata1.pdf' sent to object: 'Object Repository/1. Constant/xpath'

2022-06-09 19:22:21 - [MESSAGE][PASSED] - Delayed 5 second(s)

2022-06-09 19:22:21 - [MESSAGE][PASSED] - Text 'testdata1' is present on page 

2022-06-09 19:22:26 - [MESSAGE][PASSED] - Delayed 5 second(s)

2022-06-09 19:22:31 - [MESSAGE][PASSED] - Delayed 5 second(s)

2022-06-09 19:22:31 - [TEST_STEP][PASSED] - takeScreenshot(): Taking screenshot successfully

2022-06-09 19:22:32 - [MESSAGE][PASSED] - Taking screenshot successfully
[[ATTACHMENT|D:\\Projet Test Auto\\Mediabox Test Automation\\Reports\\20220609_181011\\03. Parallel Testing (Testing)\\TS -PT PART 3\\14.01 Dreyers Support Action (Ongoing _ Completed ref) - PART 1\\20220609_181052\\1654795351861.png]]

2022-06-09 19:22:32 - [TEST_STEP][PASSED] - delay(10): Delayed 10 second(s)

2022-06-09 19:22:42 - [MESSAGE][PASSED] - Delayed 10 second(s)

2022-06-09 19:22:42 - [TEST_STEP][PASSED] - click(findTestObject("HL Full Lifecycle/12 ReferncePage_Button_Updatensenddoc")): Object: 'Object Repository/HL Full Lifecycle/12 ReferncePage_Button_Updatensenddoc' is clicked on

2022-06-09 19:22:47 - [MESSAGE][PASSED] - Object: 'Object Repository/HL Full Lifecycle/12 ReferncePage_Button_Updatensenddoc' is clicked on

2022-06-09 19:22:47 - [TEST_STEP][PASSED] - delay(5): Delayed 5 second(s)

2022-06-09 19:22:52 - [MESSAGE][PASSED] - Delayed 5 second(s)

2022-06-09 19:22:52 - [TEST_STEP][PASSED] - color1 = getCSSValue(findTestObject("1. Constant/xpath", ["xpath":"//*[@id="source_" + refID3 + ""]/td[14]/a[2]"]), "color", OPTIONAL): Get CSS 'color' value on 'Object Repository/1. Constant/xpath' successfully: 'rgba(54, 153, 255, 1)'.

2022-06-09 19:22:53 - [MESSAGE][PASSED] - Get CSS 'color' value on 'Object Repository/1. Constant/xpath' successfully: 'rgba(54, 153, 255, 1)'.

2022-06-09 19:22:53 - [TEST_STEP][PASSED] - takeScreenshot(): Taking screenshot successfully

2022-06-09 19:22:53 - [MESSAGE][PASSED] - Taking screenshot successfully
[[ATTACHMENT|D:\\Projet Test Auto\\Mediabox Test Automation\\Reports\\20220609_181011\\03. Parallel Testing (Testing)\\TS -PT PART 3\\14.01 Dreyers Support Action (Ongoing _ Completed ref) - PART 1\\20220609_181052\\1654795373329.png]]

2022-06-09 19:22:53 - [TEST_STEP][PASSED] - click(findTestObject("1. Constant/xpath", ["xpath":"//*[@id="source_" + refID3 + ""]/td[6]/a"])): Object: 'Object Repository/1. Constant/xpath' is clicked on

2022-06-09 19:22:57 - [MESSAGE][PASSED] - Object: 'Object Repository/1. Constant/xpath' is clicked on

2022-06-09 19:22:57 - [TEST_STEP][PASSED] - takeScreenshot(): Taking screenshot successfully

2022-06-09 19:22:57 - [MESSAGE][PASSED] - Taking screenshot successfully
[[ATTACHMENT|D:\\Projet Test Auto\\Mediabox Test Automation\\Reports\\20220609_181011\\03. Parallel Testing (Testing)\\TS -PT PART 3\\14.01 Dreyers Support Action (Ongoing _ Completed ref) - PART 1\\20220609_181052\\1654795377116.png]]

2022-06-09 19:22:57 - [TEST_STEP][PASSED] - delay(1): Delayed 1 second(s)

2022-06-09 19:22:58 - [MESSAGE][PASSED] - Delayed 1 second(s)

2022-06-09 19:22:58 - [TEST_STEP][PASSED] - I.Approveforothers("/html/body/div[1]/div[2]/div[8]/div[3]/div/div[3]/div[2]/div/div[3]/div/div[2]/div[1]/div/div[2]/div/div[2]/div[2]/div/div/div[1]/img", "/html/body/div[1]/div[2]/div[8]/div[3]/div/div[3]/div[2]/div/div[3]/div/div[2]/div[1]/div/div[2]/div/div[2]/div[2]/div/div/div[6]/a[2]/span"): Object: 'Object Repository/1. Constant/xpath' is clicked on

2022-06-09 19:22:59 - [MESSAGE][PASSED] - Object: 'Object Repository/1. Constant/xpath' is clicked on

2022-06-09 19:23:00 - [MESSAGE][PASSED] - Delayed 1 second(s)

2022-06-09 19:23:01 - [MESSAGE][PASSED] - Object: 'Object Repository/1. Constant/xpath' is clicked on

2022-06-09 19:23:02 - [MESSAGE][PASSED] - Delayed 1 second(s)

2022-06-09 19:23:03 - [MESSAGE][PASSED] - Object: 'Object Repository/1. Constant/xpath' is hovered

2022-06-09 19:23:03 - [MESSAGE][PASSED] - Object: 'Object Repository/1. Constant/xpath' is clicked on

2022-06-09 19:23:04 - [MESSAGE][PASSED] - Delayed 1 second(s)

2022-06-09 19:23:08 - [MESSAGE][PASSED] - Object: 'Object Repository/1. Constant/xpath' is clicked on

2022-06-09 19:23:08 - [TEST_STEP][PASSED] - delay(1): Delayed 1 second(s)

2022-06-09 19:23:09 - [MESSAGE][PASSED] - Delayed 1 second(s)

2022-06-09 19:23:09 - [TEST_STEP][PASSED] - click(findTestObject("1. Constant/xpath", ["xpath":"//*[@id="kt_subheader"]/div/nav/ol/li[2]/a"])): Object: 'Object Repository/1. Constant/xpath' is clicked on

2022-06-09 19:23:12 - [MESSAGE][PASSED] - Object: 'Object Repository/1. Constant/xpath' is clicked on

2022-06-09 19:23:12 - [TEST_STEP][PASSED] - delay(1): Delayed 1 second(s)

2022-06-09 19:23:13 - [MESSAGE][PASSED] - Delayed 1 second(s)

2022-06-09 19:23:13 - [TEST_STEP][PASSED] - I.submitquesiton_ref(findTestObject("1. Constant/xpath", ["xpath":"//*[@id="source_" + refID3 + ""]/td[14]/div[1]/button"]), findTestObject("1. Constant/xpath", ["xpath":"//*[@id="source_" + refID3 + ""]/td[14]/div[1]/div/a[1]"])): Object: 'Object Repository/1. Constant/xpath' is clicked on

2022-06-09 19:23:13 - [MESSAGE][PASSED] - Object: 'Object Repository/1. Constant/xpath' is clicked on

2022-06-09 19:23:16 - [MESSAGE][PASSED] - Delayed 3 second(s)

2022-06-09 19:23:18 - [MESSAGE][PASSED] - Object: 'Object Repository/1. Constant/xpath' is clicked on

2022-06-09 19:23:18 - [TEST_STEP][PASSED] - click(findTestObject("1. Constant/xpath", ["xpath":"//*[@id="ModifFiche"]/div[1]/div/button[2]"])): Object: 'Object Repository/1. Constant/xpath' is clicked on

2022-06-09 19:23:22 - [MESSAGE][PASSED] - Object: 'Object Repository/1. Constant/xpath' is clicked on

2022-06-09 19:23:22 - [TEST_STEP][PASSED] - takeScreenshot(): Taking screenshot successfully

2022-06-09 19:23:22 - [MESSAGE][PASSED] - Taking screenshot successfully
[[ATTACHMENT|D:\\Projet Test Auto\\Mediabox Test Automation\\Reports\\20220609_181011\\03. Parallel Testing (Testing)\\TS -PT PART 3\\14.01 Dreyers Support Action (Ongoing _ Completed ref) - PART 1\\20220609_181052\\1654795402212.png]]

2022-06-09 19:23:22 - [TEST_STEP][PASSED] - I.submitquesiton_ref(findTestObject("1. Constant/xpath", ["xpath":"//*[@id="source_" + refID3 + ""]/td[14]/div[1]/button"]), findTestObject("1. Constant/xpath", ["xpath":"//*[@id="source_" + refID3 + ""]/td[14]/div[1]/div/a[1]"])): Object: 'Object Repository/1. Constant/xpath' is clicked on

2022-06-09 19:23:22 - [MESSAGE][PASSED] - Object: 'Object Repository/1. Constant/xpath' is clicked on

2022-06-09 19:23:25 - [MESSAGE][PASSED] - Delayed 3 second(s)

2022-06-09 19:23:27 - [MESSAGE][PASSED] - Object: 'Object Repository/1. Constant/xpath' is clicked on

2022-06-09 19:23:27 - [TEST_STEP][PASSED] - click(findTestObject("1. Constant/xpath", ["xpath":"//*[@id="ModifFiche"]/div[1]/div/button[2]"])): Object: 'Object Repository/1. Constant/xpath' is clicked on

2022-06-09 19:23:32 - [MESSAGE][PASSED] - Object: 'Object Repository/1. Constant/xpath' is clicked on

2022-06-09 19:23:32 - [TEST_STEP][PASSED] - takeScreenshot(): Taking screenshot successfully

2022-06-09 19:23:34 - [MESSAGE][PASSED] - Taking screenshot successfully
[[ATTACHMENT|D:\\Projet Test Auto\\Mediabox Test Automation\\Reports\\20220609_181011\\03. Parallel Testing (Testing)\\TS -PT PART 3\\14.01 Dreyers Support Action (Ongoing _ Completed ref) - PART 1\\20220609_181052\\1654795413307.png]]

2022-06-09 19:23:34 - [TEST_STEP][PASSED] - click(findTestObject("1. Constant/xpath", ["xpath":"//*[@id="source_" + refID3 + ""]/td[14]/a[3]"])): Object: 'Object Repository/1. Constant/xpath' is clicked on

2022-06-09 19:23:36 - [MESSAGE][PASSED] - Object: 'Object Repository/1. Constant/xpath' is clicked on

2022-06-09 19:23:36 - [TEST_STEP][PASSED] - click(findTestObject("1. Constant/xpath", ["xpath":"//*[@id="ModifFiche"]/div[1]/div/button[2]"])): Object: 'Object Repository/1. Constant/xpath' is clicked on

2022-06-09 19:23:40 - [MESSAGE][PASSED] - Object: 'Object Repository/1. Constant/xpath' is clicked on

2022-06-09 19:23:40 - [TEST_STEP][PASSED] - takeScreenshot(): Taking screenshot successfully

2022-06-09 19:23:40 - [MESSAGE][PASSED] - Taking screenshot successfully
[[ATTACHMENT|D:\\Projet Test Auto\\Mediabox Test Automation\\Reports\\20220609_181011\\03. Parallel Testing (Testing)\\TS -PT PART 3\\14.01 Dreyers Support Action (Ongoing _ Completed ref) - PART 1\\20220609_181052\\1654795420077.png]]

2022-06-09 19:23:40 - [TEST_STEP][PASSED] - click(findTestObject("1. Constant/xpath", ["xpath":"//*[@id="source_" + refID3 + ""]/td[14]/a[3]"])): Object: 'Object Repository/1. Constant/xpath' is clicked on

2022-06-09 19:23:41 - [MESSAGE][PASSED] - Object: 'Object Repository/1. Constant/xpath' is clicked on

2022-06-09 19:23:41 - [TEST_STEP][PASSED] - click(findTestObject("1. Constant/xpath", ["xpath":"//*[@id="ModifFiche"]/div[1]/div/button[2]"])): Object: 'Object Repository/1. Constant/xpath' is clicked on

2022-06-09 19:23:47 - [MESSAGE][PASSED] - Object: 'Object Repository/1. Constant/xpath' is clicked on

2022-06-09 19:23:47 - [TEST_STEP][PASSED] - takeScreenshot(): Taking screenshot successfully

2022-06-09 19:23:47 - [MESSAGE][PASSED] - Taking screenshot successfully
[[ATTACHMENT|D:\\Projet Test Auto\\Mediabox Test Automation\\Reports\\20220609_181011\\03. Parallel Testing (Testing)\\TS -PT PART 3\\14.01 Dreyers Support Action (Ongoing _ Completed ref) - PART 1\\20220609_181052\\1654795427259.png]]

2022-06-09 19:23:47 - [TEST_STEP][PASSED] - click(findTestObject("1. Constant/xpath", ["xpath":"//*[@id="source_" + refID3 + ""]/td[14]/div[1]/button"])): Object: 'Object Repository/1. Constant/xpath' is clicked on

2022-06-09 19:23:49 - [MESSAGE][PASSED] - Object: 'Object Repository/1. Constant/xpath' is clicked on

2022-06-09 19:23:49 - [TEST_STEP][PASSED] - delay(1): Delayed 1 second(s)

2022-06-09 19:23:50 - [MESSAGE][PASSED] - Delayed 1 second(s)

2022-06-09 19:23:50 - [TEST_STEP][PASSED] - takeScreenshot(): Taking screenshot successfully

2022-06-09 19:23:50 - [MESSAGE][PASSED] - Taking screenshot successfully
[[ATTACHMENT|D:\\Projet Test Auto\\Mediabox Test Automation\\Reports\\20220609_181011\\03. Parallel Testing (Testing)\\TS -PT PART 3\\14.01 Dreyers Support Action (Ongoing _ Completed ref) - PART 1\\20220609_181052\\1654795430210.png]]

2022-06-09 19:23:50 - [TEST_STEP][PASSED] - delay(1): Delayed 1 second(s)

2022-06-09 19:23:51 - [MESSAGE][PASSED] - Delayed 1 second(s)

2022-06-09 19:23:51 - [TEST_STEP][PASSED] - click(findTestObject("1. Constant/xpath", ["xpath":"//*[@id="source_" + refID3 + ""]/td[14]/div[1]/div/a[2]"])): Object: 'Object Repository/1. Constant/xpath' is clicked on

2022-06-09 19:23:51 - [MESSAGE][PASSED] - Object: 'Object Repository/1. Constant/xpath' is clicked on

2022-06-09 19:23:51 - [TEST_STEP][PASSED] - takeScreenshot(): Taking screenshot successfully

2022-06-09 19:23:52 - [MESSAGE][PASSED] - Taking screenshot successfully
[[ATTACHMENT|D:\\Projet Test Auto\\Mediabox Test Automation\\Reports\\20220609_181011\\03. Parallel Testing (Testing)\\TS -PT PART 3\\14.01 Dreyers Support Action (Ongoing _ Completed ref) - PART 1\\20220609_181052\\1654795432041.png]]

2022-06-09 19:23:52 - [TEST_STEP][PASSED] - click(findTestObject("1. Constant/xpath", ["xpath":"//*[@id="confirmSupportActionShortcut"]"])): Object: 'Object Repository/1. Constant/xpath' is clicked on

2022-06-09 19:23:55 - [MESSAGE][PASSED] - Object: 'Object Repository/1. Constant/xpath' is clicked on

2022-06-09 19:23:55 - [TEST_STEP][PASSED] - takeScreenshot(): Taking screenshot successfully

2022-06-09 19:23:56 - [MESSAGE][PASSED] - Taking screenshot successfully
[[ATTACHMENT|D:\\Projet Test Auto\\Mediabox Test Automation\\Reports\\20220609_181011\\03. Parallel Testing (Testing)\\TS -PT PART 3\\14.01 Dreyers Support Action (Ongoing _ Completed ref) - PART 1\\20220609_181052\\1654795435481.png]]

2022-06-09 19:23:56 - [TEST_STEP][PASSED] - click(findTestObject("1. Constant/xpath", ["xpath":"//*[@id="kt_content"]/div[3]/div/ul/li[3]/a"])): Object: 'Object Repository/1. Constant/xpath' is clicked on

2022-06-09 19:23:58 - [MESSAGE][PASSED] - Object: 'Object Repository/1. Constant/xpath' is clicked on

2022-06-09 19:23:58 - [TEST_STEP][PASSED] - takeScreenshot(): Taking screenshot successfully

2022-06-09 19:23:58 - [MESSAGE][PASSED] - Taking screenshot successfully
[[ATTACHMENT|D:\\Projet Test Auto\\Mediabox Test Automation\\Reports\\20220609_181011\\03. Parallel Testing (Testing)\\TS -PT PART 3\\14.01 Dreyers Support Action (Ongoing _ Completed ref) - PART 1\\20220609_181052\\1654795438341.png]]

2022-06-09 19:23:58 - [TEST_STEP][PASSED] - StepC_1 = getAttribute(findTestObject("1. Constant/xpath", ["xpath":"/html/body/div[1]/div[2]/div[8]/div[3]/div/div[3]/div[3]/div/ul/li[3]/a"]), "class"): Attribute 'class' of object 'Object Repository/1. Constant/xpath' is: 'nav-link timeline-badge badge-xl  bg-pending active'

2022-06-09 19:23:59 - [MESSAGE][PASSED] - Attribute 'class' of object 'Object Repository/1. Constant/xpath' is: 'nav-link timeline-badge badge-xl  bg-pending active'

2022-06-09 19:23:59 - [TEST_STEP][PASSED] - verifyMatch(StepC_1, "nav-link timeline-badge badge-xl  bg-pending active", false): Actual text 'nav-link timeline-badge badge-xl  bg-pending active' and expected text 'nav-link timeline-badge badge-xl  bg-pending active' are matched 

2022-06-09 19:23:59 - [MESSAGE][PASSED] - Actual text 'nav-link timeline-badge badge-xl  bg-pending active' and expected text 'nav-link timeline-badge badge-xl  bg-pending active' are matched 

2022-06-09 19:23:59 - [TEST_STEP][PASSED] - StepC_11 = I.Get_Stepname("/html/body/div[1]/div[2]/div[8]/div[3]/div/div[3]/div[3]/div/ul/li[3]/a"): Attribute 'href' of object 'Object Repository/1. Constant/xpath' is: 'http://mdb-release.diadeis.lan/MediaboxIndependence/Base/ExecAction?action=VoirRef&IDSession=MBI!RELTESTAUTO_DREYERS!I58XLCDD8S521ZM4HL4M6VO9I6X85X7YKIF6QZDF&num=5R010QYDSS&id_ref=5254#tab_lifecycle_SASStepC_12122'

2022-06-09 19:24:04 - [MESSAGE][PASSED] - Delayed 5 second(s)

2022-06-09 19:24:05 - [MESSAGE][PASSED] - Attribute 'href' of object 'Object Repository/1. Constant/xpath' is: 'http://mdb-release.diadeis.lan/MediaboxIndependence/Base/ExecAction?action=VoirRef&IDSession=MBI!RELTESTAUTO_DREYERS!I58XLCDD8S521ZM4HL4M6VO9I6X85X7YKIF6QZDF&num=5R010QYDSS&id_ref=5254#tab_lifecycle_SASStepC_12122'

2022-06-09 19:24:05 - [TEST_STEP][PASSED] - verifyMatch(StepC_11, "SASStepC", false): Actual text 'SASStepC' and expected text 'SASStepC' are matched 

2022-06-09 19:24:05 - [MESSAGE][PASSED] - Actual text 'SASStepC' and expected text 'SASStepC' are matched 

2022-06-09 19:24:05 - [TEST_STEP][PASSED] - Started_StepCP5_1 = getText(findTestObject("1. Constant/xpath", ["xpath":"/html/body/div[1]/div[2]/div[8]/div[3]/div/div[3]/div[3]/div/div/div[3]/div/div[5]/div/div[2]/div[1]"])): Text of object 'Object Repository/1. Constant/xpath' is: 'Started 06/09/22 01:23 PM'

2022-06-09 19:24:05 - [MESSAGE][PASSED] - Text of object 'Object Repository/1. Constant/xpath' is: 'Started 06/09/22 01:23 PM'

2022-06-09 19:24:05 - [TEST_STEP][PASSED] - if (Started_StepCP5_1.contains("Started")): Actual object '1' and expected object '1' are equal

2022-06-09 19:24:05 - [TEST_STEP][PASSED] - verifyEqual(1, 1): Actual object '1' and expected object '1' are equal

2022-06-09 19:24:05 - [MESSAGE][PASSED] - Actual object '1' and expected object '1' are equal

2022-06-09 19:24:05 - [TEST_STEP][PASSED] - verifyElementNotPresent(findTestObject("1. Constant/xpath", ["xpath":"/html/body/div[1]/div[2]/div[8]/div[3]/div/div[3]/div[3]/div/div/div[3]/div/div[6]"]), 10): Web element with id: 'Object Repository/1. Constant/xpath' located by 'By.xpath: /html/body/div[1]/div[2]/div[8]/div[3]/div/div[3]/div[3]/div/div/div[3]/div/div[6]' is not present after '10' second(s)

2022-06-09 19:24:05 - [MESSAGE][PASSED] - Web element with id: 'Object Repository/1. Constant/xpath' located by 'By.xpath: /html/body/div[1]/div[2]/div[8]/div[3]/div/div[3]/div[3]/div/div/div[3]/div/div[6]' is not present after '10' second(s)

2022-06-09 19:24:05 - [TEST_STEP][PASSED] - StepC_2 = getAttribute(findTestObject("1. Constant/xpath", ["xpath":"/html/body/div[1]/div[2]/div[8]/div[3]/div/div[3]/div[3]/div/ul/li[4]/a"]), "class"): Attribute 'class' of object 'Object Repository/1. Constant/xpath' is: 'nav-link timeline-badge badge-xl  bg-waiting '

2022-06-09 19:24:05 - [MESSAGE][PASSED] - Attribute 'class' of object 'Object Repository/1. Constant/xpath' is: 'nav-link timeline-badge badge-xl  bg-waiting '

2022-06-09 19:24:05 - [TEST_STEP][PASSED] - verifyMatch(StepC_2, "nav-link timeline-badge badge-xl  bg-waiting ", false): Actual text 'nav-link timeline-badge badge-xl  bg-waiting ' and expected text 'nav-link timeline-badge badge-xl  bg-waiting ' are matched 

2022-06-09 19:24:05 - [MESSAGE][PASSED] - Actual text 'nav-link timeline-badge badge-xl  bg-waiting ' and expected text 'nav-link timeline-badge badge-xl  bg-waiting ' are matched 

2022-06-09 19:24:05 - [TEST_STEP][PASSED] - StepC_22 = I.Get_Stepname("/html/body/div[1]/div[2]/div[8]/div[3]/div/div[3]/div[3]/div/ul/li[4]/a"): Attribute 'href' of object 'Object Repository/1. Constant/xpath' is: 'http://mdb-release.diadeis.lan/MediaboxIndependence/Base/ExecAction?action=VoirRef&IDSession=MBI!RELTESTAUTO_DREYERS!I58XLCDD8S521ZM4HL4M6VO9I6X85X7YKIF6QZDF&num=5R010QYDSS&id_ref=5254#tab_lifecycle_SASStepC_12126'

2022-06-09 19:24:10 - [MESSAGE][PASSED] - Delayed 5 second(s)

2022-06-09 19:24:11 - [MESSAGE][PASSED] - Attribute 'href' of object 'Object Repository/1. Constant/xpath' is: 'http://mdb-release.diadeis.lan/MediaboxIndependence/Base/ExecAction?action=VoirRef&IDSession=MBI!RELTESTAUTO_DREYERS!I58XLCDD8S521ZM4HL4M6VO9I6X85X7YKIF6QZDF&num=5R010QYDSS&id_ref=5254#tab_lifecycle_SASStepC_12126'

2022-06-09 19:24:11 - [TEST_STEP][PASSED] - verifyMatch(StepC_22, "SASStepC", false): Actual text 'SASStepC' and expected text 'SASStepC' are matched 

2022-06-09 19:24:11 - [MESSAGE][PASSED] - Actual text 'SASStepC' and expected text 'SASStepC' are matched 

2022-06-09 19:24:11 - [TEST_STEP][PASSED] - click(findTestObject("1. Constant/xpath", ["xpath":"/html/body/div[1]/div[2]/div[8]/div[2]/div/nav/ol/li[2]/a"])): Object: 'Object Repository/1. Constant/xpath' is clicked on

2022-06-09 19:24:14 - [MESSAGE][PASSED] - Object: 'Object Repository/1. Constant/xpath' is clicked on

2022-06-09 19:24:14 - [TEST_STEP][PASSED] - takeScreenshot(): Taking screenshot successfully

2022-06-09 19:24:14 - [MESSAGE][PASSED] - Taking screenshot successfully
[[ATTACHMENT|D:\\Projet Test Auto\\Mediabox Test Automation\\Reports\\20220609_181011\\03. Parallel Testing (Testing)\\TS -PT PART 3\\14.01 Dreyers Support Action (Ongoing _ Completed ref) - PART 1\\20220609_181052\\1654795454118.png]]

2022-06-09 19:24:14 - [TEST_STEP][PASSED] - delay(1): Delayed 1 second(s)

2022-06-09 19:24:15 - [MESSAGE][PASSED] - Delayed 1 second(s)

2022-06-09 19:24:15 - [TEST_STEP][PASSED] - color2 = getCSSValue(findTestObject("1. Constant/xpath", ["xpath":"//*[@id="source_" + refID3 + ""]/td[14]/a[2]"]), "color", OPTIONAL): Get CSS 'color' value on 'Object Repository/1. Constant/xpath' successfully: 'rgba(255, 255, 255, 1)'.

2022-06-09 19:24:17 - [MESSAGE][PASSED] - Get CSS 'color' value on 'Object Repository/1. Constant/xpath' successfully: 'rgba(255, 255, 255, 1)'.

2022-06-09 19:24:17 - [TEST_STEP][PASSED] - I.print(color2): null

2022-06-09 19:24:17 - [TEST_STEP][PASSED] - while (color2 == "rgba(255, 255, 255, 1)"): Get CSS 'color' value on 'Object Repository/1. Constant/xpath' successfully: 'rgba(54, 153, 255, 1)'.

2022-06-09 19:24:17 - [TEST_STEP][PASSED] - click(findTestObject("1. Constant/xpath", ["xpath":"//*[@id="source_" + refID3 + ""]/td[14]/a[2]"])): Object: 'Object Repository/1. Constant/xpath' is clicked on

2022-06-09 19:24:19 - [MESSAGE][PASSED] - Object: 'Object Repository/1. Constant/xpath' is clicked on

2022-06-09 19:24:19 - [TEST_STEP][PASSED] - selectOptionByValue(findTestObject("1. Constant/xpath", ["xpath":"//*[@id="id_approval_flow_tpl"]"]), "80", false): All options with value '80' are selected in object 'Object Repository/1. Constant/xpath' 

2022-06-09 19:24:21 - [MESSAGE][PASSED] - All options with value '80' are selected in object 'Object Repository/1. Constant/xpath' 

2022-06-09 19:24:21 - [TEST_STEP][PASSED] - I.UploadDoc_sendkey_Prod(findTestObject("1. Constant/xpath", ["xpath":"//*[@id="kt_body"]/input[2]"]), "D:\Upoad_File\Upload doc\testdata1.jpg", "testdata1"): Delayed 5 second(s)

2022-06-09 19:24:22 - [MESSAGE][PASSED] - Scroll to object 'Object Repository/1. Constant/xpath' successfully

2022-06-09 19:24:27 - [MESSAGE][PASSED] - Delayed 5 second(s)

2022-06-09 19:24:28 - [MESSAGE][PASSED] - File 'D:\Upoad_File\Upload doc\testdata1.jpg' sent to object: 'Object Repository/1. Constant/xpath'

2022-06-09 19:24:33 - [MESSAGE][PASSED] - Delayed 5 second(s)

2022-06-09 19:24:34 - [MESSAGE][PASSED] - Text 'testdata1' is present on page 

2022-06-09 19:24:39 - [MESSAGE][PASSED] - Delayed 5 second(s)

2022-06-09 19:24:44 - [MESSAGE][PASSED] - Delayed 5 second(s)

2022-06-09 19:24:44 - [TEST_STEP][PASSED] - takeScreenshot(): Taking screenshot successfully

2022-06-09 19:24:45 - [MESSAGE][PASSED] - Taking screenshot successfully
[[ATTACHMENT|D:\\Projet Test Auto\\Mediabox Test Automation\\Reports\\20220609_181011\\03. Parallel Testing (Testing)\\TS -PT PART 3\\14.01 Dreyers Support Action (Ongoing _ Completed ref) - PART 1\\20220609_181052\\1654795485224.png]]

2022-06-09 19:24:45 - [TEST_STEP][PASSED] - delay(10): Delayed 10 second(s)

2022-06-09 19:24:55 - [MESSAGE][PASSED] - Delayed 10 second(s)

2022-06-09 19:24:55 - [TEST_STEP][PASSED] - click(findTestObject("HL Full Lifecycle/12 ReferncePage_Button_Updatensenddoc")): Object: 'Object Repository/HL Full Lifecycle/12 ReferncePage_Button_Updatensenddoc' is clicked on

2022-06-09 19:25:00 - [MESSAGE][PASSED] - Object: 'Object Repository/HL Full Lifecycle/12 ReferncePage_Button_Updatensenddoc' is clicked on

2022-06-09 19:25:00 - [TEST_STEP][PASSED] - delay(5): Delayed 5 second(s)

2022-06-09 19:25:05 - [MESSAGE][PASSED] - Delayed 5 second(s)

2022-06-09 19:25:05 - [TEST_STEP][PASSED] - color2 = getCSSValue(findTestObject("1. Constant/xpath", ["xpath":"//*[@id="source_" + refID3 + ""]/td[14]/a[2]"]), "color", OPTIONAL): Get CSS 'color' value on 'Object Repository/1. Constant/xpath' successfully: 'rgba(54, 153, 255, 1)'.

2022-06-09 19:25:07 - [MESSAGE][PASSED] - Get CSS 'color' value on 'Object Repository/1. Constant/xpath' successfully: 'rgba(54, 153, 255, 1)'.

2022-06-09 19:25:07 - [TEST_STEP][PASSED] - takeScreenshot(): Taking screenshot successfully

2022-06-09 19:25:08 - [MESSAGE][PASSED] - Taking screenshot successfully
[[ATTACHMENT|D:\\Projet Test Auto\\Mediabox Test Automation\\Reports\\20220609_181011\\03. Parallel Testing (Testing)\\TS -PT PART 3\\14.01 Dreyers Support Action (Ongoing _ Completed ref) - PART 1\\20220609_181052\\1654795507543.png]]

2022-06-09 19:25:08 - [TEST_STEP][PASSED] - click(findTestObject("1. Constant/xpath", ["xpath":"//*[@id="source_" + refID3 + ""]/td[6]/a"])): Object: 'Object Repository/1. Constant/xpath' is clicked on

2022-06-09 19:25:10 - [MESSAGE][PASSED] - Object: 'Object Repository/1. Constant/xpath' is clicked on

2022-06-09 19:25:10 - [TEST_STEP][PASSED] - takeScreenshot(): Taking screenshot successfully

2022-06-09 19:25:11 - [MESSAGE][PASSED] - Taking screenshot successfully
[[ATTACHMENT|D:\\Projet Test Auto\\Mediabox Test Automation\\Reports\\20220609_181011\\03. Parallel Testing (Testing)\\TS -PT PART 3\\14.01 Dreyers Support Action (Ongoing _ Completed ref) - PART 1\\20220609_181052\\1654795510875.png]]

2022-06-09 19:25:11 - [TEST_STEP][PASSED] - delay(1): Delayed 1 second(s)

2022-06-09 19:25:12 - [MESSAGE][PASSED] - Delayed 1 second(s)

2022-06-09 19:25:12 - [TEST_STEP][PASSED] - I.Approveforothers("/html/body/div[1]/div[2]/div[8]/div[3]/div/div[3]/div[2]/div/div[3]/div/div[2]/div[1]/div/div[2]/div/div[2]/div[2]/div/div/div[1]/img", "/html/body/div[1]/div[2]/div[8]/div[3]/div/div[3]/div[2]/div/div[3]/div/div[2]/div[1]/div/div[2]/div/div[2]/div[2]/div/div/div[6]/a[2]/span"): Object: 'Object Repository/1. Constant/xpath' is clicked on

2022-06-09 19:25:14 - [MESSAGE][PASSED] - Object: 'Object Repository/1. Constant/xpath' is clicked on

2022-06-09 19:25:15 - [MESSAGE][PASSED] - Delayed 1 second(s)

2022-06-09 19:25:15 - [MESSAGE][PASSED] - Object: 'Object Repository/1. Constant/xpath' is clicked on

2022-06-09 19:25:16 - [MESSAGE][PASSED] - Delayed 1 second(s)

2022-06-09 19:25:16 - [MESSAGE][PASSED] - Object: 'Object Repository/1. Constant/xpath' is hovered

2022-06-09 19:25:16 - [MESSAGE][PASSED] - Object: 'Object Repository/1. Constant/xpath' is clicked on

2022-06-09 19:25:17 - [MESSAGE][PASSED] - Delayed 1 second(s)

2022-06-09 19:25:21 - [MESSAGE][PASSED] - Object: 'Object Repository/1. Constant/xpath' is clicked on

2022-06-09 19:25:21 - [TEST_STEP][PASSED] - delay(1): Delayed 1 second(s)

2022-06-09 19:25:22 - [MESSAGE][PASSED] - Delayed 1 second(s)

2022-06-09 19:25:22 - [TEST_STEP][PASSED] - click(findTestObject("1. Constant/xpath", ["xpath":"//*[@id="kt_subheader"]/div/nav/ol/li[2]/a"])): Object: 'Object Repository/1. Constant/xpath' is clicked on

2022-06-09 19:25:25 - [MESSAGE][PASSED] - Object: 'Object Repository/1. Constant/xpath' is clicked on

2022-06-09 19:25:25 - [TEST_STEP][PASSED] - delay(1): Delayed 1 second(s)

2022-06-09 19:25:26 - [MESSAGE][PASSED] - Delayed 1 second(s)

2022-06-09 19:25:26 - [TEST_STEP][PASSED] - takeScreenshot(): Taking screenshot successfully

2022-06-09 19:25:26 - [MESSAGE][PASSED] - Taking screenshot successfully
[[ATTACHMENT|D:\\Projet Test Auto\\Mediabox Test Automation\\Reports\\20220609_181011\\03. Parallel Testing (Testing)\\TS -PT PART 3\\14.01 Dreyers Support Action (Ongoing _ Completed ref) - PART 1\\20220609_181052\\1654795526252.png]]

2022-06-09 19:25:26 - [TEST_STEP][PASSED] - Lifecycle_Status1 = getText(findTestObject("1. Constant/xpath", ["xpath":"//*[@id="source_" + refID3 + ""]/td[11]/span[1]"])): Text of object 'Object Repository/1. Constant/xpath' is: 'Phase 3.1 [Question]'

2022-06-09 19:25:26 - [MESSAGE][PASSED] - Text of object 'Object Repository/1. Constant/xpath' is: 'Phase 3.1 [Question]'

2022-06-09 19:25:26 - [TEST_STEP][PASSED] - verifyMatch(Lifecycle_Status1, "Phase 3.1 [Question]", false): Actual text 'Phase 3.1 [Question]' and expected text 'Phase 3.1 [Question]' are matched 

2022-06-09 19:25:26 - [MESSAGE][PASSED] - Actual text 'Phase 3.1 [Question]' and expected text 'Phase 3.1 [Question]' are matched 

2022-06-09 19:25:26 - [TEST_STEP][PASSED] - I.Logout(): Delayed 3 second(s)

2022-06-09 19:25:29 - [MESSAGE][PASSED] - Delayed 3 second(s)

2022-06-09 19:25:32 - [MESSAGE][PASSED] - Object: 'Object Repository/1. Constant/xpath' is clicked on

2022-06-09 19:25:35 - [MESSAGE][PASSED] - Delayed 3 second(s)

2022-06-09 19:25:38 - [MESSAGE][PASSED] - Object: 'Object Repository/1. Constant/xpath' is clicked on

2022-06-09 19:25:41 - [MESSAGE][PASSED] - Delayed 3 second(s)

2022-06-09 19:25:41 - [TEST_STEP][PASSED] - I.Login_password("talexeeva", password_talexeeva): Object: 'Object Repository/1. Constant/xpath' is clicked on

2022-06-09 19:25:42 - [MESSAGE][PASSED] - Text 'talexeeva' is set on object 'Object Repository/1. Constant/xpath'

2022-06-09 19:25:43 - [MESSAGE][PASSED] - Delayed 1 second(s)

2022-06-09 19:25:44 - [MESSAGE][PASSED] - Text 'diadeis2' is set on object 'Object Repository/1. Constant/xpath'

2022-06-09 19:25:45 - [MESSAGE][PASSED] - Delayed 1 second(s)

2022-06-09 19:25:49 - [MESSAGE][PASSED] - Object: 'Object Repository/1. Constant/xpath' is clicked on

2022-06-09 19:25:49 - [TEST_STEP][PASSED] - click(findTestObject("1. Constant/02_LHSMenu_Projects")): Object: 'Object Repository/1. Constant/02_LHSMenu_Projects' is clicked on

2022-06-09 19:25:52 - [MESSAGE][PASSED] - Object: 'Object Repository/1. Constant/02_LHSMenu_Projects' is clicked on

2022-06-09 19:25:52 - [TEST_STEP][PASSED] - I.SearchProjectNo_xpath(Project_No, "//*[@id="keynum_project"]", "//*[@id="form_filters"]/div[4]/button"): Delayed 5 second(s)

2022-06-09 19:25:53 - [MESSAGE][PASSED] - Delayed 1 second(s)

2022-06-09 19:25:53 - [MESSAGE][PASSED] - Text 'MI000876' is set on object 'Object Repository/1. Constant/xpath'

2022-06-09 19:25:56 - [MESSAGE][PASSED] - Delayed 3 second(s)

2022-06-09 19:25:57 - [MESSAGE][PASSED] - Scroll to object 'Object Repository/1. Constant/xpath' successfully

2022-06-09 19:25:59 - [MESSAGE][PASSED] - Object: 'Object Repository/1. Constant/xpath' is clicked on

2022-06-09 19:26:04 - [MESSAGE][PASSED] - Delayed 5 second(s)

2022-06-09 19:26:04 - [TEST_STEP][PASSED] - I.SearchRefNo_xpath("P3_Auto", "//*[@id="fiche_filter_keywords11"]", "//*[@id="form_filters"]/div[3]/button"): Delayed 5 second(s)

2022-06-09 19:26:05 - [MESSAGE][PASSED] - Delayed 1 second(s)

2022-06-09 19:26:05 - [MESSAGE][PASSED] - Text 'P3_Auto' is set on object 'Object Repository/1. Constant/xpath'

2022-06-09 19:26:08 - [MESSAGE][PASSED] - Delayed 3 second(s)

2022-06-09 19:26:09 - [MESSAGE][PASSED] - Scroll to object 'Object Repository/1. Constant/xpath' successfully

2022-06-09 19:26:11 - [MESSAGE][PASSED] - Object: 'Object Repository/1. Constant/xpath' is clicked on

2022-06-09 19:26:16 - [MESSAGE][PASSED] - Delayed 5 second(s)

2022-06-09 19:26:16 - [TEST_STEP][PASSED] - takeScreenshot(): Taking screenshot successfully

2022-06-09 19:26:17 - [MESSAGE][PASSED] - Taking screenshot successfully
[[ATTACHMENT|D:\\Projet Test Auto\\Mediabox Test Automation\\Reports\\20220609_181011\\03. Parallel Testing (Testing)\\TS -PT PART 3\\14.01 Dreyers Support Action (Ongoing _ Completed ref) - PART 1\\20220609_181052\\1654795576975.png]]

2022-06-09 19:26:17 - [TEST_STEP][PASSED] - I.submitquesiton_ref(findTestObject("1. Constant/xpath", ["xpath":"//*[@id="source_" + refID3 + ""]/td[13]/div[1]/button"]), findTestObject("1. Constant/xpath", ["xpath":"//*[@id="source_" + refID3 + ""]/td[13]/div[1]/div/a[1]"])): Object: 'Object Repository/1. Constant/xpath' is clicked on

2022-06-09 19:26:17 - [MESSAGE][PASSED] - Object: 'Object Repository/1. Constant/xpath' is clicked on

2022-06-09 19:26:20 - [MESSAGE][PASSED] - Delayed 3 second(s)

2022-06-09 19:26:22 - [MESSAGE][PASSED] - Object: 'Object Repository/1. Constant/xpath' is clicked on

2022-06-09 19:26:22 - [TEST_STEP][PASSED] - click(findTestObject("1. Constant/xpath", ["xpath":"//*[@id="ModifFiche"]/div[1]/div/button[2]"])): Object: 'Object Repository/1. Constant/xpath' is clicked on

2022-06-09 19:26:26 - [MESSAGE][PASSED] - Object: 'Object Repository/1. Constant/xpath' is clicked on

2022-06-09 19:26:26 - [TEST_STEP][PASSED] - takeScreenshot(): Taking screenshot successfully

2022-06-09 19:26:27 - [MESSAGE][PASSED] - Taking screenshot successfully
[[ATTACHMENT|D:\\Projet Test Auto\\Mediabox Test Automation\\Reports\\20220609_181011\\03. Parallel Testing (Testing)\\TS -PT PART 3\\14.01 Dreyers Support Action (Ongoing _ Completed ref) - PART 1\\20220609_181052\\1654795586933.png]]

2022-06-09 19:26:27 - [TEST_STEP][PASSED] - Lifecycle_Status2 = getText(findTestObject("1. Constant/xpath", ["xpath":"//*[@id="source_" + refID3 + ""]/td[12]/span[1]"])): Text of object 'Object Repository/1. Constant/xpath' is: 'Phase 3.2 [Question]'

2022-06-09 19:26:28 - [MESSAGE][PASSED] - Text of object 'Object Repository/1. Constant/xpath' is: 'Phase 3.2 [Question]'

2022-06-09 19:26:28 - [TEST_STEP][PASSED] - verifyMatch(Lifecycle_Status2, "Phase 3.2 [Question]", false): Actual text 'Phase 3.2 [Question]' and expected text 'Phase 3.2 [Question]' are matched 

2022-06-09 19:26:28 - [MESSAGE][PASSED] - Actual text 'Phase 3.2 [Question]' and expected text 'Phase 3.2 [Question]' are matched 

2022-06-09 19:26:28 - [TEST_STEP][PASSED] - I.Logout(): Delayed 3 second(s)

2022-06-09 19:26:31 - [MESSAGE][PASSED] - Delayed 3 second(s)

2022-06-09 19:26:31 - [MESSAGE][PASSED] - Object: 'Object Repository/1. Constant/xpath' is clicked on

2022-06-09 19:26:34 - [MESSAGE][PASSED] - Delayed 3 second(s)

2022-06-09 19:26:36 - [MESSAGE][PASSED] - Object: 'Object Repository/1. Constant/xpath' is clicked on

2022-06-09 19:26:39 - [MESSAGE][PASSED] - Delayed 3 second(s)

2022-06-09 19:26:39 - [TEST_STEP][PASSED] - I.Login_password("nturner", password_nturner): Object: 'Object Repository/1. Constant/xpath' is clicked on

2022-06-09 19:26:40 - [MESSAGE][PASSED] - Text 'nturner' is set on object 'Object Repository/1. Constant/xpath'

2022-06-09 19:26:41 - [MESSAGE][PASSED] - Delayed 1 second(s)

2022-06-09 19:26:41 - [MESSAGE][PASSED] - Text 'diadeis1' is set on object 'Object Repository/1. Constant/xpath'

2022-06-09 19:26:42 - [MESSAGE][PASSED] - Delayed 1 second(s)

2022-06-09 19:26:45 - [MESSAGE][PASSED] - Object: 'Object Repository/1. Constant/xpath' is clicked on

2022-06-09 19:26:45 - [TEST_STEP][PASSED] - delay(1): Delayed 1 second(s)

2022-06-09 19:26:46 - [MESSAGE][PASSED] - Delayed 1 second(s)

2022-06-09 19:26:46 - [TEST_STEP][PASSED] - takeScreenshot(): Taking screenshot successfully

2022-06-09 19:26:47 - [MESSAGE][PASSED] - Taking screenshot successfully
[[ATTACHMENT|D:\\Projet Test Auto\\Mediabox Test Automation\\Reports\\20220609_181011\\03. Parallel Testing (Testing)\\TS -PT PART 3\\14.01 Dreyers Support Action (Ongoing _ Completed ref) - PART 1\\20220609_181052\\1654795606988.png]]

2022-06-09 19:26:47 - [TEST_STEP][PASSED] - click(findTestObject("1. Constant/02_LHSMenu_Projects")): Object: 'Object Repository/1. Constant/02_LHSMenu_Projects' is clicked on

2022-06-09 19:26:49 - [MESSAGE][PASSED] - Object: 'Object Repository/1. Constant/02_LHSMenu_Projects' is clicked on

2022-06-09 19:26:49 - [TEST_STEP][PASSED] - I.SearchProjectNo_xpath(Project_No, "//*[@id="keynum_project"]", "//*[@id="form_filters"]/div[4]/button"): Delayed 5 second(s)

2022-06-09 19:26:50 - [MESSAGE][PASSED] - Delayed 1 second(s)

2022-06-09 19:26:50 - [MESSAGE][PASSED] - Text 'MI000876' is set on object 'Object Repository/1. Constant/xpath'

2022-06-09 19:26:53 - [MESSAGE][PASSED] - Delayed 3 second(s)

2022-06-09 19:26:53 - [MESSAGE][PASSED] - Scroll to object 'Object Repository/1. Constant/xpath' successfully

2022-06-09 19:26:56 - [MESSAGE][PASSED] - Object: 'Object Repository/1. Constant/xpath' is clicked on

2022-06-09 19:27:01 - [MESSAGE][PASSED] - Delayed 5 second(s)

2022-06-09 19:27:01 - [TEST_STEP][PASSED] - takeScreenshot(): Taking screenshot successfully

2022-06-09 19:27:03 - [MESSAGE][PASSED] - Taking screenshot successfully
[[ATTACHMENT|D:\\Projet Test Auto\\Mediabox Test Automation\\Reports\\20220609_181011\\03. Parallel Testing (Testing)\\TS -PT PART 3\\14.01 Dreyers Support Action (Ongoing _ Completed ref) - PART 1\\20220609_181052\\1654795622650.png]]

2022-06-09 19:27:03 - [TEST_STEP][PASSED] - I.SearchRefNo_xpath("P3_Auto", "//*[@id="fiche_filter_keywords11"]", "//*[@id="form_filters"]/div[3]/button"): Delayed 5 second(s)

2022-06-09 19:27:04 - [MESSAGE][PASSED] - Delayed 1 second(s)

2022-06-09 19:27:04 - [MESSAGE][PASSED] - Text 'P3_Auto' is set on object 'Object Repository/1. Constant/xpath'

2022-06-09 19:27:07 - [MESSAGE][PASSED] - Delayed 3 second(s)

2022-06-09 19:27:08 - [MESSAGE][PASSED] - Scroll to object 'Object Repository/1. Constant/xpath' successfully

2022-06-09 19:27:10 - [MESSAGE][PASSED] - Object: 'Object Repository/1. Constant/xpath' is clicked on

2022-06-09 19:27:15 - [MESSAGE][PASSED] - Delayed 5 second(s)

2022-06-09 19:27:15 - [TEST_STEP][PASSED] - I.submitquesiton_ref(findTestObject("1. Constant/xpath", ["xpath":"//*[@id="source_" + refID3 + ""]/td[13]/div/button"]), findTestObject("1. Constant/xpath", ["xpath":"//*[@id="source_" + refID3 + ""]/td[13]/div/div/a[1]"])): Object: 'Object Repository/1. Constant/xpath' is clicked on

2022-06-09 19:27:15 - [MESSAGE][PASSED] - Object: 'Object Repository/1. Constant/xpath' is clicked on

2022-06-09 19:27:18 - [MESSAGE][PASSED] - Delayed 3 second(s)

2022-06-09 19:27:20 - [MESSAGE][PASSED] - Object: 'Object Repository/1. Constant/xpath' is clicked on

2022-06-09 19:27:20 - [TEST_STEP][PASSED] - click(findTestObject("1. Constant/xpath", ["xpath":"//*[@id="ModifFiche"]/div[1]/div/button[2]"])): Object: 'Object Repository/1. Constant/xpath' is clicked on

2022-06-09 19:27:25 - [MESSAGE][PASSED] - Object: 'Object Repository/1. Constant/xpath' is clicked on

2022-06-09 19:27:25 - [TEST_STEP][PASSED] - Lifecycle_Status3 = getText(findTestObject("1. Constant/xpath", ["xpath":"//*[@id="source_" + refID3 + ""]/td[12]/span[1]"])): Text of object 'Object Repository/1. Constant/xpath' is: 'Phase 3.3 [Standard]'

2022-06-09 19:27:25 - [MESSAGE][PASSED] - Text of object 'Object Repository/1. Constant/xpath' is: 'Phase 3.3 [Standard]'

2022-06-09 19:27:25 - [TEST_STEP][PASSED] - verifyMatch(Lifecycle_Status3, "Phase 3.3 [Standard]", false): Actual text 'Phase 3.3 [Standard]' and expected text 'Phase 3.3 [Standard]' are matched 

2022-06-09 19:27:25 - [MESSAGE][PASSED] - Actual text 'Phase 3.3 [Standard]' and expected text 'Phase 3.3 [Standard]' are matched 

2022-06-09 19:27:25 - [TEST_STEP][PASSED] - takeScreenshot(): Taking screenshot successfully

2022-06-09 19:27:26 - [MESSAGE][PASSED] - Taking screenshot successfully
[[ATTACHMENT|D:\\Projet Test Auto\\Mediabox Test Automation\\Reports\\20220609_181011\\03. Parallel Testing (Testing)\\TS -PT PART 3\\14.01 Dreyers Support Action (Ongoing _ Completed ref) - PART 1\\20220609_181052\\1654795645939.png]]

2022-06-09 19:27:26 - [TEST_STEP][PASSED] - I.Logout(): Delayed 3 second(s)

2022-06-09 19:27:29 - [MESSAGE][PASSED] - Delayed 3 second(s)

2022-06-09 19:27:29 - [MESSAGE][PASSED] - Object: 'Object Repository/1. Constant/xpath' is clicked on

2022-06-09 19:27:32 - [MESSAGE][PASSED] - Delayed 3 second(s)

2022-06-09 19:27:35 - [MESSAGE][PASSED] - Object: 'Object Repository/1. Constant/xpath' is clicked on

2022-06-09 19:27:38 - [MESSAGE][PASSED] - Delayed 3 second(s)

2022-06-09 19:27:38 - [TEST_STEP][PASSED] - I.Login_password("jryan", password_jryan): Object: 'Object Repository/1. Constant/xpath' is clicked on

2022-06-09 19:27:38 - [MESSAGE][PASSED] - Text 'jryan' is set on object 'Object Repository/1. Constant/xpath'

2022-06-09 19:27:39 - [MESSAGE][PASSED] - Delayed 1 second(s)

2022-06-09 19:27:39 - [MESSAGE][PASSED] - Text 'diadeis' is set on object 'Object Repository/1. Constant/xpath'

2022-06-09 19:27:40 - [MESSAGE][PASSED] - Delayed 1 second(s)

2022-06-09 19:27:44 - [MESSAGE][PASSED] - Object: 'Object Repository/1. Constant/xpath' is clicked on

2022-06-09 19:27:44 - [TEST_STEP][PASSED] - takeScreenshot(): Taking screenshot successfully

2022-06-09 19:27:45 - [MESSAGE][PASSED] - Taking screenshot successfully
[[ATTACHMENT|D:\\Projet Test Auto\\Mediabox Test Automation\\Reports\\20220609_181011\\03. Parallel Testing (Testing)\\TS -PT PART 3\\14.01 Dreyers Support Action (Ongoing _ Completed ref) - PART 1\\20220609_181052\\1654795664855.png]]

2022-06-09 19:27:45 - [TEST_STEP][PASSED] - click(findTestObject("1. Constant/02_LHSMenu_Projects")): Object: 'Object Repository/1. Constant/02_LHSMenu_Projects' is clicked on

2022-06-09 19:27:46 - [MESSAGE][PASSED] - Object: 'Object Repository/1. Constant/02_LHSMenu_Projects' is clicked on

2022-06-09 19:27:46 - [TEST_STEP][PASSED] - I.SearchProjectNo_xpath(Project_No, "//*[@id="keynum_project"]", "//*[@id="form_filters"]/div[4]/button"): Delayed 5 second(s)

2022-06-09 19:27:47 - [MESSAGE][PASSED] - Delayed 1 second(s)

2022-06-09 19:27:49 - [MESSAGE][PASSED] - Text 'MI000876' is set on object 'Object Repository/1. Constant/xpath'

2022-06-09 19:27:52 - [MESSAGE][PASSED] - Delayed 3 second(s)

2022-06-09 19:27:52 - [MESSAGE][PASSED] - Scroll to object 'Object Repository/1. Constant/xpath' successfully

2022-06-09 19:27:56 - [MESSAGE][PASSED] - Object: 'Object Repository/1. Constant/xpath' is clicked on

2022-06-09 19:28:01 - [MESSAGE][PASSED] - Delayed 5 second(s)

2022-06-09 19:28:01 - [TEST_STEP][PASSED] - takeScreenshot(): Taking screenshot successfully

2022-06-09 19:28:03 - [MESSAGE][PASSED] - Taking screenshot successfully
[[ATTACHMENT|D:\\Projet Test Auto\\Mediabox Test Automation\\Reports\\20220609_181011\\03. Parallel Testing (Testing)\\TS -PT PART 3\\14.01 Dreyers Support Action (Ongoing _ Completed ref) - PART 1\\20220609_181052\\1654795682418.png]]

2022-06-09 19:28:03 - [TEST_STEP][PASSED] - I.SearchRefNo_xpath("P3_Auto", "//*[@id="fiche_filter_keywords11"]", "//*[@id="form_filters"]/div[3]/button"): Delayed 5 second(s)

2022-06-09 19:28:04 - [MESSAGE][PASSED] - Delayed 1 second(s)

2022-06-09 19:28:04 - [MESSAGE][PASSED] - Text 'P3_Auto' is set on object 'Object Repository/1. Constant/xpath'

2022-06-09 19:28:07 - [MESSAGE][PASSED] - Delayed 3 second(s)

2022-06-09 19:28:07 - [MESSAGE][PASSED] - Scroll to object 'Object Repository/1. Constant/xpath' successfully

2022-06-09 19:28:09 - [MESSAGE][PASSED] - Object: 'Object Repository/1. Constant/xpath' is clicked on

2022-06-09 19:28:14 - [MESSAGE][PASSED] - Delayed 5 second(s)

2022-06-09 19:28:14 - [TEST_STEP][PASSED] - takeScreenshot(): Taking screenshot successfully

2022-06-09 19:28:15 - [MESSAGE][PASSED] - Taking screenshot successfully
[[ATTACHMENT|D:\\Projet Test Auto\\Mediabox Test Automation\\Reports\\20220609_181011\\03. Parallel Testing (Testing)\\TS -PT PART 3\\14.01 Dreyers Support Action (Ongoing _ Completed ref) - PART 1\\20220609_181052\\1654795695000.png]]

2022-06-09 19:28:15 - [TEST_STEP][PASSED] - click(findTestObject("1. Constant/xpath", ["xpath":"//*[@id="source_" + refID3 + ""]/td[14]/a[2]"])): Object: 'Object Repository/1. Constant/xpath' is clicked on

2022-06-09 19:28:17 - [MESSAGE][PASSED] - Object: 'Object Repository/1. Constant/xpath' is clicked on

2022-06-09 19:28:17 - [TEST_STEP][PASSED] - click(findTestObject("1. Constant/xpath", ["xpath":"//*[@id="ModifFiche"]/div[1]/div/button[2]"])): Object: 'Object Repository/1. Constant/xpath' is clicked on

2022-06-09 19:28:20 - [MESSAGE][PASSED] - Object: 'Object Repository/1. Constant/xpath' is clicked on

2022-06-09 19:28:20 - [TEST_STEP][PASSED] - Lifecycle_Status4 = getText(findTestObject("1. Constant/xpath", ["xpath":"//*[@id="source_" + refID3 + ""]/td[12]/span[1]"])): Text of object 'Object Repository/1. Constant/xpath' is: 'Phase 3.4 [Standard]'

2022-06-09 19:28:20 - [MESSAGE][PASSED] - Text of object 'Object Repository/1. Constant/xpath' is: 'Phase 3.4 [Standard]'

2022-06-09 19:28:20 - [TEST_STEP][PASSED] - verifyMatch(Lifecycle_Status4, "Phase 3.4 [Standard]", false): Actual text 'Phase 3.4 [Standard]' and expected text 'Phase 3.4 [Standard]' are matched 

2022-06-09 19:28:20 - [MESSAGE][PASSED] - Actual text 'Phase 3.4 [Standard]' and expected text 'Phase 3.4 [Standard]' are matched 

2022-06-09 19:28:20 - [TEST_STEP][PASSED] - takeScreenshot(): Taking screenshot successfully

2022-06-09 19:28:20 - [MESSAGE][PASSED] - Taking screenshot successfully
[[ATTACHMENT|D:\\Projet Test Auto\\Mediabox Test Automation\\Reports\\20220609_181011\\03. Parallel Testing (Testing)\\TS -PT PART 3\\14.01 Dreyers Support Action (Ongoing _ Completed ref) - PART 1\\20220609_181052\\1654795700617.png]]

2022-06-09 19:28:20 - [TEST_STEP][PASSED] - I.Logout(): Delayed 3 second(s)

2022-06-09 19:28:23 - [MESSAGE][PASSED] - Delayed 3 second(s)

2022-06-09 19:28:24 - [MESSAGE][PASSED] - Object: 'Object Repository/1. Constant/xpath' is clicked on

2022-06-09 19:28:27 - [MESSAGE][PASSED] - Delayed 3 second(s)

2022-06-09 19:28:29 - [MESSAGE][PASSED] - Object: 'Object Repository/1. Constant/xpath' is clicked on

2022-06-09 19:28:32 - [MESSAGE][PASSED] - Delayed 3 second(s)

2022-06-09 19:28:32 - [TEST_STEP][PASSED] - I.Login_password("nturner", password_nturner): Object: 'Object Repository/1. Constant/xpath' is clicked on

2022-06-09 19:28:33 - [MESSAGE][PASSED] - Text 'nturner' is set on object 'Object Repository/1. Constant/xpath'

2022-06-09 19:28:34 - [MESSAGE][PASSED] - Delayed 1 second(s)

2022-06-09 19:28:35 - [MESSAGE][PASSED] - Text 'diadeis1' is set on object 'Object Repository/1. Constant/xpath'

2022-06-09 19:28:36 - [MESSAGE][PASSED] - Delayed 1 second(s)

2022-06-09 19:28:41 - [MESSAGE][PASSED] - Object: 'Object Repository/1. Constant/xpath' is clicked on

2022-06-09 19:28:41 - [TEST_STEP][PASSED] - takeScreenshot(): Taking screenshot successfully

2022-06-09 19:28:41 - [MESSAGE][PASSED] - Taking screenshot successfully
[[ATTACHMENT|D:\\Projet Test Auto\\Mediabox Test Automation\\Reports\\20220609_181011\\03. Parallel Testing (Testing)\\TS -PT PART 3\\14.01 Dreyers Support Action (Ongoing _ Completed ref) - PART 1\\20220609_181052\\1654795721425.png]]

2022-06-09 19:28:41 - [TEST_STEP][PASSED] - click(findTestObject("1. Constant/02_LHSMenu_Projects")): Object: 'Object Repository/1. Constant/02_LHSMenu_Projects' is clicked on

2022-06-09 19:28:46 - [MESSAGE][PASSED] - Object: 'Object Repository/1. Constant/02_LHSMenu_Projects' is clicked on

2022-06-09 19:28:46 - [TEST_STEP][PASSED] - I.SearchProjectNo_xpath(Project_No, "//*[@id="keynum_project"]", "//*[@id="form_filters"]/div[4]/button"): Delayed 5 second(s)

2022-06-09 19:28:47 - [MESSAGE][PASSED] - Delayed 1 second(s)

2022-06-09 19:28:47 - [MESSAGE][PASSED] - Text 'MI000876' is set on object 'Object Repository/1. Constant/xpath'

2022-06-09 19:28:50 - [MESSAGE][PASSED] - Delayed 3 second(s)

2022-06-09 19:28:50 - [MESSAGE][PASSED] - Scroll to object 'Object Repository/1. Constant/xpath' successfully

2022-06-09 19:28:53 - [MESSAGE][PASSED] - Object: 'Object Repository/1. Constant/xpath' is clicked on

2022-06-09 19:28:58 - [MESSAGE][PASSED] - Delayed 5 second(s)

2022-06-09 19:28:58 - [TEST_STEP][PASSED] - takeScreenshot(): Taking screenshot successfully

2022-06-09 19:29:00 - [MESSAGE][PASSED] - Taking screenshot successfully
[[ATTACHMENT|D:\\Projet Test Auto\\Mediabox Test Automation\\Reports\\20220609_181011\\03. Parallel Testing (Testing)\\TS -PT PART 3\\14.01 Dreyers Support Action (Ongoing _ Completed ref) - PART 1\\20220609_181052\\1654795739855.png]]

2022-06-09 19:29:00 - [TEST_STEP][PASSED] - I.SearchRefNo_xpath("P3_Auto", "//*[@id="fiche_filter_keywords11"]", "//*[@id="form_filters"]/div[3]/button"): Delayed 5 second(s)

2022-06-09 19:29:01 - [MESSAGE][PASSED] - Delayed 1 second(s)

2022-06-09 19:29:02 - [MESSAGE][PASSED] - Text 'P3_Auto' is set on object 'Object Repository/1. Constant/xpath'

2022-06-09 19:29:05 - [MESSAGE][PASSED] - Delayed 3 second(s)

2022-06-09 19:29:05 - [MESSAGE][PASSED] - Scroll to object 'Object Repository/1. Constant/xpath' successfully

2022-06-09 19:29:08 - [MESSAGE][PASSED] - Object: 'Object Repository/1. Constant/xpath' is clicked on

2022-06-09 19:29:13 - [MESSAGE][PASSED] - Delayed 5 second(s)

2022-06-09 19:29:13 - [TEST_STEP][PASSED] - click(findTestObject("1. Constant/xpath", ["xpath":"//*[@id="source_" + refID3 + ""]/td[13]/a[2]"])): Object: 'Object Repository/1. Constant/xpath' is clicked on

2022-06-09 19:29:16 - [MESSAGE][PASSED] - Object: 'Object Repository/1. Constant/xpath' is clicked on

2022-06-09 19:29:16 - [TEST_STEP][PASSED] - click(findTestObject("1. Constant/xpath", ["xpath":"//*[@id="ModifFiche"]/div[1]/div/button[2]"])): Object: 'Object Repository/1. Constant/xpath' is clicked on

2022-06-09 19:29:19 - [MESSAGE][PASSED] - Object: 'Object Repository/1. Constant/xpath' is clicked on

2022-06-09 19:29:19 - [TEST_STEP][PASSED] - Lifecycle_Status5 = getText(findTestObject("1. Constant/xpath", ["xpath":"//*[@id="source_" + refID3 + ""]/td[12]/span[1]"])): Text of object 'Object Repository/1. Constant/xpath' is: 'Phase 3.5[Prod]'

2022-06-09 19:29:20 - [MESSAGE][PASSED] - Text of object 'Object Repository/1. Constant/xpath' is: 'Phase 3.5[Prod]'

2022-06-09 19:29:20 - [TEST_STEP][PASSED] - verifyMatch(Lifecycle_Status5, "Phase 3.5[Prod]", false): Actual text 'Phase 3.5[Prod]' and expected text 'Phase 3.5[Prod]' are matched 

2022-06-09 19:29:20 - [MESSAGE][PASSED] - Actual text 'Phase 3.5[Prod]' and expected text 'Phase 3.5[Prod]' are matched 

2022-06-09 19:29:20 - [TEST_STEP][PASSED] - takeScreenshot(): Taking screenshot successfully

2022-06-09 19:29:21 - [MESSAGE][PASSED] - Taking screenshot successfully
[[ATTACHMENT|D:\\Projet Test Auto\\Mediabox Test Automation\\Reports\\20220609_181011\\03. Parallel Testing (Testing)\\TS -PT PART 3\\14.01 Dreyers Support Action (Ongoing _ Completed ref) - PART 1\\20220609_181052\\1654795760708.png]]

2022-06-09 19:29:21 - [TEST_STEP][PASSED] - I.Logout(): Delayed 3 second(s)

2022-06-09 19:29:24 - [MESSAGE][PASSED] - Delayed 3 second(s)

2022-06-09 19:29:24 - [MESSAGE][PASSED] - Object: 'Object Repository/1. Constant/xpath' is clicked on

2022-06-09 19:29:27 - [MESSAGE][PASSED] - Delayed 3 second(s)

2022-06-09 19:29:30 - [MESSAGE][PASSED] - Object: 'Object Repository/1. Constant/xpath' is clicked on

2022-06-09 19:29:33 - [MESSAGE][PASSED] - Delayed 3 second(s)

2022-06-09 19:29:33 - [TEST_STEP][PASSED] - I.Login_password("lmary", password_lmary): Object: 'Object Repository/1. Constant/xpath' is clicked on

2022-06-09 19:29:33 - [MESSAGE][PASSED] - Text 'lmary' is set on object 'Object Repository/1. Constant/xpath'

2022-06-09 19:29:34 - [MESSAGE][PASSED] - Delayed 1 second(s)

2022-06-09 19:29:34 - [MESSAGE][PASSED] - Text 'diadeis' is set on object 'Object Repository/1. Constant/xpath'

2022-06-09 19:29:35 - [MESSAGE][PASSED] - Delayed 1 second(s)

2022-06-09 19:29:39 - [MESSAGE][PASSED] - Object: 'Object Repository/1. Constant/xpath' is clicked on

2022-06-09 19:29:39 - [TEST_STEP][PASSED] - takeScreenshot(): Taking screenshot successfully

2022-06-09 19:29:40 - [MESSAGE][PASSED] - Taking screenshot successfully
[[ATTACHMENT|D:\\Projet Test Auto\\Mediabox Test Automation\\Reports\\20220609_181011\\03. Parallel Testing (Testing)\\TS -PT PART 3\\14.01 Dreyers Support Action (Ongoing _ Completed ref) - PART 1\\20220609_181052\\1654795779778.png]]

2022-06-09 19:29:40 - [TEST_STEP][PASSED] - click(findTestObject("1. Constant/02_LHSMenu_Projects")): Object: 'Object Repository/1. Constant/02_LHSMenu_Projects' is clicked on

2022-06-09 19:29:42 - [MESSAGE][PASSED] - Object: 'Object Repository/1. Constant/02_LHSMenu_Projects' is clicked on

2022-06-09 19:29:42 - [TEST_STEP][PASSED] - I.SearchProjectNo_xpath(Project_No, "//*[@id="keynum_project"]", "//*[@id="form_filters"]/div[4]/button"): Delayed 5 second(s)

2022-06-09 19:29:43 - [MESSAGE][PASSED] - Delayed 1 second(s)

2022-06-09 19:29:44 - [MESSAGE][PASSED] - Text 'MI000876' is set on object 'Object Repository/1. Constant/xpath'

2022-06-09 19:29:47 - [MESSAGE][PASSED] - Delayed 3 second(s)

2022-06-09 19:29:47 - [MESSAGE][PASSED] - Scroll to object 'Object Repository/1. Constant/xpath' successfully

2022-06-09 19:29:50 - [MESSAGE][PASSED] - Object: 'Object Repository/1. Constant/xpath' is clicked on

2022-06-09 19:29:55 - [MESSAGE][PASSED] - Delayed 5 second(s)

2022-06-09 19:29:55 - [TEST_STEP][PASSED] - takeScreenshot(): Taking screenshot successfully

2022-06-09 19:29:55 - [MESSAGE][PASSED] - Taking screenshot successfully
[[ATTACHMENT|D:\\Projet Test Auto\\Mediabox Test Automation\\Reports\\20220609_181011\\03. Parallel Testing (Testing)\\TS -PT PART 3\\14.01 Dreyers Support Action (Ongoing _ Completed ref) - PART 1\\20220609_181052\\1654795795141.png]]

2022-06-09 19:29:55 - [TEST_STEP][PASSED] - I.SearchRefNo_xpath("P3_Auto", "//*[@id="fiche_filter_keywords11"]", "//*[@id="form_filters"]/div[3]/button"): Delayed 5 second(s)

2022-06-09 19:29:56 - [MESSAGE][PASSED] - Delayed 1 second(s)

2022-06-09 19:29:57 - [MESSAGE][PASSED] - Text 'P3_Auto' is set on object 'Object Repository/1. Constant/xpath'

2022-06-09 19:30:00 - [MESSAGE][PASSED] - Delayed 3 second(s)

2022-06-09 19:30:00 - [MESSAGE][PASSED] - Scroll to object 'Object Repository/1. Constant/xpath' successfully

2022-06-09 19:30:02 - [MESSAGE][PASSED] - Object: 'Object Repository/1. Constant/xpath' is clicked on

2022-06-09 19:30:07 - [MESSAGE][PASSED] - Delayed 5 second(s)

2022-06-09 19:30:07 - [TEST_STEP][PASSED] - takeScreenshot(): Taking screenshot successfully

2022-06-09 19:30:07 - [MESSAGE][PASSED] - Taking screenshot successfully
[[ATTACHMENT|D:\\Projet Test Auto\\Mediabox Test Automation\\Reports\\20220609_181011\\03. Parallel Testing (Testing)\\TS -PT PART 3\\14.01 Dreyers Support Action (Ongoing _ Completed ref) - PART 1\\20220609_181052\\1654795807255.png]]

2022-06-09 19:30:07 - [TEST_STEP][PASSED] - color3 = getCSSValue(findTestObject("1. Constant/xpath", ["xpath":"//*[@id="source_" + refID3 + ""]/td[13]/a"]), "color", OPTIONAL): Get CSS 'color' value on 'Object Repository/1. Constant/xpath' successfully: 'rgba(255, 255, 255, 1)'.

2022-06-09 19:30:07 - [MESSAGE][PASSED] - Get CSS 'color' value on 'Object Repository/1. Constant/xpath' successfully: 'rgba(255, 255, 255, 1)'.

2022-06-09 19:30:07 - [TEST_STEP][PASSED] - while (color3 == "rgba(255, 255, 255, 1)"): Get CSS 'color' value on 'Object Repository/1. Constant/xpath' successfully: 'rgba(54, 153, 255, 1)'.

2022-06-09 19:30:07 - [TEST_STEP][PASSED] - click(findTestObject("1. Constant/xpath", ["xpath":"//*[@id="source_" + refID3 + ""]/td[13]/a"])): Object: 'Object Repository/1. Constant/xpath' is clicked on

2022-06-09 19:30:08 - [MESSAGE][PASSED] - Object: 'Object Repository/1. Constant/xpath' is clicked on

2022-06-09 19:30:08 - [TEST_STEP][PASSED] - selectOptionByValue(findTestObject("1. Constant/xpath", ["xpath":"//*[@id="id_approval_flow_tpl"]"]), "80", false): All options with value '80' are selected in object 'Object Repository/1. Constant/xpath' 

2022-06-09 19:30:09 - [MESSAGE][PASSED] - All options with value '80' are selected in object 'Object Repository/1. Constant/xpath' 

2022-06-09 19:30:09 - [TEST_STEP][PASSED] - I.UploadDoc_sendkey_Prod(findTestObject("1. Constant/xpath", ["xpath":"//*[@id="kt_body"]/input[2]"]), "D:\Upoad_File\Upload doc\testdata1.jpg", "testdata1"): Delayed 5 second(s)

2022-06-09 19:30:09 - [MESSAGE][PASSED] - Scroll to object 'Object Repository/1. Constant/xpath' successfully

2022-06-09 19:30:14 - [MESSAGE][PASSED] - Delayed 5 second(s)

2022-06-09 19:30:14 - [MESSAGE][PASSED] - File 'D:\Upoad_File\Upload doc\testdata1.jpg' sent to object: 'Object Repository/1. Constant/xpath'

2022-06-09 19:30:19 - [MESSAGE][PASSED] - Delayed 5 second(s)

2022-06-09 19:30:19 - [MESSAGE][PASSED] - Text 'testdata1' is present on page 

2022-06-09 19:30:24 - [MESSAGE][PASSED] - Delayed 5 second(s)

2022-06-09 19:30:29 - [MESSAGE][PASSED] - Delayed 5 second(s)

2022-06-09 19:30:29 - [TEST_STEP][PASSED] - takeScreenshot(): Taking screenshot successfully

2022-06-09 19:30:30 - [MESSAGE][PASSED] - Taking screenshot successfully
[[ATTACHMENT|D:\\Projet Test Auto\\Mediabox Test Automation\\Reports\\20220609_181011\\03. Parallel Testing (Testing)\\TS -PT PART 3\\14.01 Dreyers Support Action (Ongoing _ Completed ref) - PART 1\\20220609_181052\\1654795829728.png]]

2022-06-09 19:30:30 - [TEST_STEP][PASSED] - delay(10): Delayed 10 second(s)

2022-06-09 19:30:40 - [MESSAGE][PASSED] - Delayed 10 second(s)

2022-06-09 19:30:40 - [TEST_STEP][PASSED] - click(findTestObject("HL Full Lifecycle/12 ReferncePage_Button_Updatensenddoc")): Object: 'Object Repository/HL Full Lifecycle/12 ReferncePage_Button_Updatensenddoc' is clicked on

2022-06-09 19:30:43 - [MESSAGE][PASSED] - Object: 'Object Repository/HL Full Lifecycle/12 ReferncePage_Button_Updatensenddoc' is clicked on

2022-06-09 19:30:43 - [TEST_STEP][PASSED] - delay(5): Delayed 5 second(s)

2022-06-09 19:30:48 - [MESSAGE][PASSED] - Delayed 5 second(s)

2022-06-09 19:30:48 - [TEST_STEP][PASSED] - color3 = getCSSValue(findTestObject("1. Constant/xpath", ["xpath":"//*[@id="source_" + refID3 + ""]/td[13]/a"]), "color", OPTIONAL): Get CSS 'color' value on 'Object Repository/1. Constant/xpath' successfully: 'rgba(54, 153, 255, 1)'.

2022-06-09 19:30:48 - [MESSAGE][PASSED] - Get CSS 'color' value on 'Object Repository/1. Constant/xpath' successfully: 'rgba(54, 153, 255, 1)'.

2022-06-09 19:30:48 - [TEST_STEP][PASSED] - I.Logout(): Delayed 3 second(s)

2022-06-09 19:30:51 - [MESSAGE][PASSED] - Delayed 3 second(s)

2022-06-09 19:30:51 - [MESSAGE][PASSED] - Object: 'Object Repository/1. Constant/xpath' is clicked on

2022-06-09 19:30:54 - [MESSAGE][PASSED] - Delayed 3 second(s)

2022-06-09 19:30:56 - [MESSAGE][PASSED] - Object: 'Object Repository/1. Constant/xpath' is clicked on

2022-06-09 19:30:59 - [MESSAGE][PASSED] - Delayed 3 second(s)

2022-06-09 19:30:59 - [TEST_STEP][PASSED] - I.Login_password("blemco", password_blemco): Object: 'Object Repository/1. Constant/xpath' is clicked on

2022-06-09 19:30:59 - [MESSAGE][PASSED] - Text 'blemco' is set on object 'Object Repository/1. Constant/xpath'

2022-06-09 19:31:00 - [MESSAGE][PASSED] - Delayed 1 second(s)

2022-06-09 19:31:01 - [MESSAGE][PASSED] - Text 'diadeis1' is set on object 'Object Repository/1. Constant/xpath'

2022-06-09 19:31:02 - [MESSAGE][PASSED] - Delayed 1 second(s)

2022-06-09 19:31:06 - [MESSAGE][PASSED] - Object: 'Object Repository/1. Constant/xpath' is clicked on

2022-06-09 19:31:06 - [TEST_STEP][PASSED] - takeScreenshot(): Taking screenshot successfully

2022-06-09 19:31:07 - [MESSAGE][PASSED] - Taking screenshot successfully
[[ATTACHMENT|D:\\Projet Test Auto\\Mediabox Test Automation\\Reports\\20220609_181011\\03. Parallel Testing (Testing)\\TS -PT PART 3\\14.01 Dreyers Support Action (Ongoing _ Completed ref) - PART 1\\20220609_181052\\1654795866852.png]]

2022-06-09 19:31:07 - [TEST_STEP][PASSED] - click(findTestObject("1. Constant/02_LHSMenu_Projects")): Object: 'Object Repository/1. Constant/02_LHSMenu_Projects' is clicked on

2022-06-09 19:31:11 - [MESSAGE][PASSED] - Object: 'Object Repository/1. Constant/02_LHSMenu_Projects' is clicked on

2022-06-09 19:31:11 - [TEST_STEP][PASSED] - I.SearchProjectNo_xpath(Project_No, "//*[@id="keynum_project"]", "//*[@id="form_filters"]/div[4]/button"): Delayed 5 second(s)

2022-06-09 19:31:12 - [MESSAGE][PASSED] - Delayed 1 second(s)

2022-06-09 19:31:12 - [MESSAGE][PASSED] - Text 'MI000876' is set on object 'Object Repository/1. Constant/xpath'

2022-06-09 19:31:15 - [MESSAGE][PASSED] - Delayed 3 second(s)

2022-06-09 19:31:15 - [MESSAGE][PASSED] - Scroll to object 'Object Repository/1. Constant/xpath' successfully

2022-06-09 19:31:18 - [MESSAGE][PASSED] - Object: 'Object Repository/1. Constant/xpath' is clicked on

2022-06-09 19:31:23 - [MESSAGE][PASSED] - Delayed 5 second(s)

2022-06-09 19:31:23 - [TEST_STEP][PASSED] - takeScreenshot(): Taking screenshot successfully

2022-06-09 19:31:24 - [MESSAGE][PASSED] - Taking screenshot successfully
[[ATTACHMENT|D:\\Projet Test Auto\\Mediabox Test Automation\\Reports\\20220609_181011\\03. Parallel Testing (Testing)\\TS -PT PART 3\\14.01 Dreyers Support Action (Ongoing _ Completed ref) - PART 1\\20220609_181052\\1654795883723.png]]

2022-06-09 19:31:24 - [TEST_STEP][PASSED] - I.SearchRefNo_xpath("P3_Auto", "//*[@id="fiche_filter_keywords11"]", "//*[@id="form_filters"]/div[3]/button"): Delayed 5 second(s)

2022-06-09 19:31:25 - [MESSAGE][PASSED] - Delayed 1 second(s)

2022-06-09 19:31:25 - [MESSAGE][PASSED] - Text 'P3_Auto' is set on object 'Object Repository/1. Constant/xpath'

2022-06-09 19:31:28 - [MESSAGE][PASSED] - Delayed 3 second(s)

2022-06-09 19:31:29 - [MESSAGE][PASSED] - Scroll to object 'Object Repository/1. Constant/xpath' successfully

2022-06-09 19:31:31 - [MESSAGE][PASSED] - Object: 'Object Repository/1. Constant/xpath' is clicked on

2022-06-09 19:31:36 - [MESSAGE][PASSED] - Delayed 5 second(s)

2022-06-09 19:31:36 - [TEST_STEP][PASSED] - I.AWF_approve_byaction(findTestObject("1. Constant/xpath", ["xpath":"//*[@id="source_" + refID3 + ""]/td[13]/a[2]"])): Object: 'Object Repository/HL Full Lifecycle/Function_Appbutton2' is clicked on

2022-06-09 19:31:41 - [MESSAGE][PASSED] - Delayed 5 second(s)

2022-06-09 19:31:43 - [MESSAGE][PASSED] - Object: 'Object Repository/1. Constant/xpath' is clicked on

2022-06-09 19:31:44 - [MESSAGE][PASSED] - Object: 'Object Repository/HL Full Lifecycle/Function_access Viewer2' is hovered

2022-06-09 19:31:47 - [MESSAGE][PASSED] - Delayed 3 second(s)

2022-06-09 19:31:48 - [MESSAGE][PASSED] - Object: 'Object Repository/HL Full Lifecycle/Function_access Viewer2' is clicked on

2022-06-09 19:31:53 - [MESSAGE][PASSED] - Delayed 5 second(s)

2022-06-09 19:31:53 - [MESSAGE][PASSED] - Object: 'Object Repository/HL Full Lifecycle/Function_AppButton' is clicked on

2022-06-09 19:31:58 - [MESSAGE][PASSED] - Delayed 5 second(s)

2022-06-09 19:32:01 - [MESSAGE][PASSED] - Object: 'Object Repository/HL Full Lifecycle/Function_Appbutton2' is clicked on

2022-06-09 19:32:01 - [TEST_STEP][PASSED] - Lifecycle_Status6 = getText(findTestObject("1. Constant/xpath", ["xpath":"//*[@id="source_" + refID3 + ""]/td[12]/span[1]"])): Text of object 'Object Repository/1. Constant/xpath' is: 'Complete'

2022-06-09 19:32:01 - [MESSAGE][PASSED] - Text of object 'Object Repository/1. Constant/xpath' is: 'Complete'

2022-06-09 19:32:01 - [TEST_STEP][PASSED] - verifyMatch(Lifecycle_Status6, "Complete", false): Actual text 'Complete' and expected text 'Complete' are matched 

2022-06-09 19:32:01 - [MESSAGE][PASSED] - Actual text 'Complete' and expected text 'Complete' are matched 

2022-06-09 19:32:01 - [TEST_STEP][PASSED] - takeScreenshot(): Taking screenshot successfully

2022-06-09 19:32:02 - [MESSAGE][PASSED] - Taking screenshot successfully
[[ATTACHMENT|D:\\Projet Test Auto\\Mediabox Test Automation\\Reports\\20220609_181011\\03. Parallel Testing (Testing)\\TS -PT PART 3\\14.01 Dreyers Support Action (Ongoing _ Completed ref) - PART 1\\20220609_181052\\1654795921904.png]]

2022-06-09 19:32:02 - [TEST_STEP][PASSED] - I.writenotepad("D:\Upoad_File\Projet_ Login\Dreyers\19.1\19.3_Dreyers_refID3.txt", refID3): null

2022-06-09 19:32:02 - [TEST_STEP][PASSED] - closeBrowser(): Browser is closed

2022-06-09 19:32:04 - [MESSAGE][PASSED] - Browser is closed

2022-06-09 19:32:04 - [TEST_STEP][PASSED] - Start listener action : sampleAfterTestCase: null]]></system-out>
         <system-err><![CDATA[]]></system-err>
      </testcase>
      <testcase name="Test Cases/19. Dreyers Support Action (Ongoing ref_completed)/19.14 Dreyers SAS Add Step Group (Completed) S19- Used P3_P14" time="123.932" classname="Test Cases/19. Dreyers Support Action (Ongoing ref_completed)/19.14 Dreyers SAS Add Step Group (Completed) S19- Used P3_P14" status="PASSED">
         <system-out><![CDATA[2022-06-09 19:32:04 - [TEST_CASE][PASSED] - Test Cases/19. Dreyers Support Action (Ongoing ref_completed)/19.14 Dreyers SAS Add Step Group (Completed) S19- Used P3_P14: Test Cases/19. Dreyers Support Action (Ongoing ref_completed)/19.14 Dreyers SAS Add Step Group (Completed) S19- Used P3_P14

2022-06-09 19:32:04 - [TEST_STEP][PASSED] - data_Dreyers = findTestData("Data Files/Username_Password/Dreyer"): null

2022-06-09 19:32:04 - [TEST_STEP][PASSED] - password_suser = data_Dreyers.getValue(2, 1): null

2022-06-09 19:32:04 - [TEST_STEP][PASSED] - password_blemco = data_Dreyers.getValue(2, 2): null

2022-06-09 19:32:04 - [TEST_STEP][PASSED] - password_amassoth = data_Dreyers.getValue(2, 3): null

2022-06-09 19:32:04 - [TEST_STEP][PASSED] - password_bharandi = data_Dreyers.getValue(2, 4): null

2022-06-09 19:32:04 - [TEST_STEP][PASSED] - password_mbaughman = data_Dreyers.getValue(2, 5): null

2022-06-09 19:32:04 - [TEST_STEP][PASSED] - password_nturner = data_Dreyers.getValue(2, 6): null

2022-06-09 19:32:04 - [TEST_STEP][PASSED] - password_talexeeva = data_Dreyers.getValue(2, 7): null

2022-06-09 19:32:04 - [TEST_STEP][PASSED] - password_bmilhomme = data_Dreyers.getValue(2, 8): null

2022-06-09 19:32:04 - [TEST_STEP][PASSED] - password_rjaiven = data_Dreyers.getValue(2, 9): null

2022-06-09 19:32:04 - [TEST_STEP][PASSED] - password_agarcia = data_Dreyers.getValue(2, 10): null

2022-06-09 19:32:04 - [TEST_STEP][PASSED] - password_bcollins = data_Dreyers.getValue(2, 11): null

2022-06-09 19:32:04 - [TEST_STEP][PASSED] - password_jryan = data_Dreyers.getValue(2, 12): null

2022-06-09 19:32:04 - [TEST_STEP][PASSED] - password_lmary = data_Dreyers.getValue(2, 13): null

2022-06-09 19:32:04 - [TEST_STEP][PASSED] - data_urlRELAUTO = findTestData("Data Files/URL/URL_relauto"): null

2022-06-09 19:32:04 - [TEST_STEP][PASSED] - Url_Dreyer = data_urlRELAUTO.getValue(2, 4): null

2022-06-09 19:32:04 - [TEST_STEP][PASSED] - Project_No = I.readnotepad("D:\Upoad_File\Projet_ Login\Dreyers\19.1\19.1_Dreyers_ProjectNo.txt"): null

2022-06-09 19:32:04 - [TEST_STEP][PASSED] - refID = I.readnotepad("D:\Upoad_File\Projet_ Login\Dreyers\19.1\19.1_Dreyers_refID.txt"): null

2022-06-09 19:32:04 - [TEST_STEP][PASSED] - refID3 = I.readnotepad("D:\Upoad_File\Projet_ Login\Dreyers\19.1\19.3_Dreyers_refID3.txt"): null

2022-06-09 19:32:04 - [TEST_STEP][PASSED] - openBrowser(Url_Dreyer): Browser is opened with url: 'http://mdb-release.diadeis.lan/MediaboxIndependence/?MBI_datasource=RELTESTAUTO_DREYERS'

2022-06-09 19:32:04 - [MESSAGE][INFO] - Starting 'Chrome (headless)' driver

2022-06-09 19:32:04 - [MESSAGE][INFO] - User set preference: ['args', '[--window-size=1920,1080, --headless]']

2022-06-09 19:32:04 - [MESSAGE][INFO] - Action delay is set to 0 milliseconds

2022-06-09 19:32:13 - [MESSAGE][PASSED] - Browser is opened with url: 'http://mdb-release.diadeis.lan/MediaboxIndependence/?MBI_datasource=RELTESTAUTO_DREYERS'

2022-06-09 19:32:13 - [TEST_STEP][PASSED] - maximizeWindow(): Current window maximized

2022-06-09 19:32:13 - [MESSAGE][PASSED] - Current window maximized

2022-06-09 19:32:13 - [TEST_STEP][PASSED] - I.Login_password("suser", password_suser): Object: 'Object Repository/1. Constant/xpath' is clicked on

2022-06-09 19:32:14 - [MESSAGE][PASSED] - Text 'suser' is set on object 'Object Repository/1. Constant/xpath'

2022-06-09 19:32:15 - [MESSAGE][PASSED] - Delayed 1 second(s)

2022-06-09 19:32:16 - [MESSAGE][PASSED] - Text 'diadeis' is set on object 'Object Repository/1. Constant/xpath'

2022-06-09 19:32:17 - [MESSAGE][PASSED] - Delayed 1 second(s)

2022-06-09 19:32:24 - [MESSAGE][PASSED] - Object: 'Object Repository/1. Constant/xpath' is clicked on

2022-06-09 19:32:24 - [TEST_STEP][PASSED] - takeScreenshot(): Taking screenshot successfully

2022-06-09 19:32:24 - [MESSAGE][PASSED] - Taking screenshot successfully
[[ATTACHMENT|D:\\Projet Test Auto\\Mediabox Test Automation\\Reports\\20220609_181011\\03. Parallel Testing (Testing)\\TS -PT PART 3\\14.01 Dreyers Support Action (Ongoing _ Completed ref) - PART 1\\20220609_181052\\1654795944106.png]]

2022-06-09 19:32:24 - [TEST_STEP][PASSED] - click(findTestObject("1. Constant/02_LHSMenu_Projects")): Object: 'Object Repository/1. Constant/02_LHSMenu_Projects' is clicked on

2022-06-09 19:32:27 - [MESSAGE][PASSED] - Object: 'Object Repository/1. Constant/02_LHSMenu_Projects' is clicked on

2022-06-09 19:32:27 - [TEST_STEP][PASSED] - I.SearchProjectNo_xpath(Project_No, "//*[@id="keynum_project"]", "//*[@id="form_filters"]/div[4]/button"): Delayed 5 second(s)

2022-06-09 19:32:28 - [MESSAGE][PASSED] - Delayed 1 second(s)

2022-06-09 19:32:28 - [MESSAGE][PASSED] - Text 'MI000876' is set on object 'Object Repository/1. Constant/xpath'

2022-06-09 19:32:31 - [MESSAGE][PASSED] - Delayed 3 second(s)

2022-06-09 19:32:31 - [MESSAGE][PASSED] - Scroll to object 'Object Repository/1. Constant/xpath' successfully

2022-06-09 19:32:34 - [MESSAGE][PASSED] - Object: 'Object Repository/1. Constant/xpath' is clicked on

2022-06-09 19:32:39 - [MESSAGE][PASSED] - Delayed 5 second(s)

2022-06-09 19:32:39 - [TEST_STEP][PASSED] - takeScreenshot(): Taking screenshot successfully

2022-06-09 19:32:40 - [MESSAGE][PASSED] - Taking screenshot successfully
[[ATTACHMENT|D:\\Projet Test Auto\\Mediabox Test Automation\\Reports\\20220609_181011\\03. Parallel Testing (Testing)\\TS -PT PART 3\\14.01 Dreyers Support Action (Ongoing _ Completed ref) - PART 1\\20220609_181052\\1654795959746.png]]

2022-06-09 19:32:40 - [TEST_STEP][PASSED] - I.SearchRefNo_xpath("P3_Auto", "//*[@id="fiche_filter_keywords11"]", "//*[@id="form_filters"]/div[3]/button"): Delayed 5 second(s)

2022-06-09 19:32:41 - [MESSAGE][PASSED] - Delayed 1 second(s)

2022-06-09 19:32:42 - [MESSAGE][PASSED] - Text 'P3_Auto' is set on object 'Object Repository/1. Constant/xpath'

2022-06-09 19:32:45 - [MESSAGE][PASSED] - Delayed 3 second(s)

2022-06-09 19:32:45 - [MESSAGE][PASSED] - Scroll to object 'Object Repository/1. Constant/xpath' successfully

2022-06-09 19:32:47 - [MESSAGE][PASSED] - Object: 'Object Repository/1. Constant/xpath' is clicked on

2022-06-09 19:32:52 - [MESSAGE][PASSED] - Delayed 5 second(s)

2022-06-09 19:32:52 - [TEST_STEP][PASSED] - takeScreenshot(): Taking screenshot successfully

2022-06-09 19:32:53 - [MESSAGE][PASSED] - Taking screenshot successfully
[[ATTACHMENT|D:\\Projet Test Auto\\Mediabox Test Automation\\Reports\\20220609_181011\\03. Parallel Testing (Testing)\\TS -PT PART 3\\14.01 Dreyers Support Action (Ongoing _ Completed ref) - PART 1\\20220609_181052\\1654795972784.png]]

2022-06-09 19:32:53 - [TEST_STEP][PASSED] - click(findTestObject("1. Constant/xpath", ["xpath":"//*[@id="source_" + refID3 + ""]/td[14]/div[1]/button"])): Object: 'Object Repository/1. Constant/xpath' is clicked on

2022-06-09 19:32:53 - [MESSAGE][PASSED] - Object: 'Object Repository/1. Constant/xpath' is clicked on

2022-06-09 19:32:53 - [TEST_STEP][PASSED] - delay(1): Delayed 1 second(s)

2022-06-09 19:32:54 - [MESSAGE][PASSED] - Delayed 1 second(s)

2022-06-09 19:32:54 - [TEST_STEP][PASSED] - takeScreenshot(): Taking screenshot successfully

2022-06-09 19:32:54 - [MESSAGE][PASSED] - Taking screenshot successfully
[[ATTACHMENT|D:\\Projet Test Auto\\Mediabox Test Automation\\Reports\\20220609_181011\\03. Parallel Testing (Testing)\\TS -PT PART 3\\14.01 Dreyers Support Action (Ongoing _ Completed ref) - PART 1\\20220609_181052\\1654795974543.png]]

2022-06-09 19:32:54 - [TEST_STEP][PASSED] - delay(1): Delayed 1 second(s)

2022-06-09 19:32:55 - [MESSAGE][PASSED] - Delayed 1 second(s)

2022-06-09 19:32:55 - [TEST_STEP][PASSED] - click(findTestObject("1. Constant/xpath", ["xpath":"//*[@id="source_" + refID3 + ""]/td[14]/div[1]/div/a[6]"])): Object: 'Object Repository/1. Constant/xpath' is clicked on

2022-06-09 19:32:56 - [MESSAGE][PASSED] - Object: 'Object Repository/1. Constant/xpath' is clicked on

2022-06-09 19:32:56 - [TEST_STEP][PASSED] - takeScreenshot(): Taking screenshot successfully

2022-06-09 19:32:56 - [MESSAGE][PASSED] - Taking screenshot successfully
[[ATTACHMENT|D:\\Projet Test Auto\\Mediabox Test Automation\\Reports\\20220609_181011\\03. Parallel Testing (Testing)\\TS -PT PART 3\\14.01 Dreyers Support Action (Ongoing _ Completed ref) - PART 1\\20220609_181052\\1654795976073.png]]

2022-06-09 19:32:56 - [TEST_STEP][PASSED] - click(findTestObject("1. Constant/xpath", ["xpath":"//*[@id="confirmSupportActionShortcut"]"])): Object: 'Object Repository/1. Constant/xpath' is clicked on

2022-06-09 19:32:59 - [MESSAGE][PASSED] - Object: 'Object Repository/1. Constant/xpath' is clicked on

2022-06-09 19:32:59 - [TEST_STEP][PASSED] - takeScreenshot(): Taking screenshot successfully

2022-06-09 19:32:59 - [MESSAGE][PASSED] - Taking screenshot successfully
[[ATTACHMENT|D:\\Projet Test Auto\\Mediabox Test Automation\\Reports\\20220609_181011\\03. Parallel Testing (Testing)\\TS -PT PART 3\\14.01 Dreyers Support Action (Ongoing _ Completed ref) - PART 1\\20220609_181052\\1654795979688.png]]

2022-06-09 19:32:59 - [TEST_STEP][PASSED] - click(findTestObject("1. Constant/xpath", ["xpath":"//*[@id="kt_content"]/div[3]/div/ul/li[3]/a"])): Object: 'Object Repository/1. Constant/xpath' is clicked on

2022-06-09 19:33:01 - [MESSAGE][PASSED] - Object: 'Object Repository/1. Constant/xpath' is clicked on

2022-06-09 19:33:01 - [TEST_STEP][PASSED] - takeScreenshot(): Taking screenshot successfully

2022-06-09 19:33:02 - [MESSAGE][PASSED] - Taking screenshot successfully
[[ATTACHMENT|D:\\Projet Test Auto\\Mediabox Test Automation\\Reports\\20220609_181011\\03. Parallel Testing (Testing)\\TS -PT PART 3\\14.01 Dreyers Support Action (Ongoing _ Completed ref) - PART 1\\20220609_181052\\1654795982035.png]]

2022-06-09 19:33:02 - [TEST_STEP][PASSED] - StepC_1 = getAttribute(findTestObject("1. Constant/xpath", ["xpath":"/html/body/div[1]/div[2]/div[8]/div[3]/div/div[3]/div[3]/div/ul/li[4]/a"]), "class"): Attribute 'class' of object 'Object Repository/1. Constant/xpath' is: 'nav-link timeline-badge badge-xl  bg-complete '

2022-06-09 19:33:02 - [MESSAGE][PASSED] - Attribute 'class' of object 'Object Repository/1. Constant/xpath' is: 'nav-link timeline-badge badge-xl  bg-complete '

2022-06-09 19:33:02 - [TEST_STEP][PASSED] - verifyMatch(StepC_1, "nav-link timeline-badge badge-xl  bg-complete ", false): Actual text 'nav-link timeline-badge badge-xl  bg-complete ' and expected text 'nav-link timeline-badge badge-xl  bg-complete ' are matched 

2022-06-09 19:33:02 - [MESSAGE][PASSED] - Actual text 'nav-link timeline-badge badge-xl  bg-complete ' and expected text 'nav-link timeline-badge badge-xl  bg-complete ' are matched 

2022-06-09 19:33:02 - [TEST_STEP][PASSED] - StepC_11 = I.Get_Stepname("/html/body/div[1]/div[2]/div[8]/div[3]/div/div[3]/div[3]/div/ul/li[4]/a"): Attribute 'href' of object 'Object Repository/1. Constant/xpath' is: 'http://mdb-release.diadeis.lan/MediaboxIndependence/Base/ExecAction?action=VoirRef&IDSession=MBI!RELTESTAUTO_DREYERS!7ZZ2FMX8FBLYHC36CBP5464YD1I6Z878KDWWWPHL&num=YFB4M9HTHH&id_ref=5254#tab_lifecycle_SASStepC_12126'

2022-06-09 19:33:07 - [MESSAGE][PASSED] - Delayed 5 second(s)

2022-06-09 19:33:07 - [MESSAGE][PASSED] - Attribute 'href' of object 'Object Repository/1. Constant/xpath' is: 'http://mdb-release.diadeis.lan/MediaboxIndependence/Base/ExecAction?action=VoirRef&IDSession=MBI!RELTESTAUTO_DREYERS!7ZZ2FMX8FBLYHC36CBP5464YD1I6Z878KDWWWPHL&num=YFB4M9HTHH&id_ref=5254#tab_lifecycle_SASStepC_12126'

2022-06-09 19:33:07 - [TEST_STEP][PASSED] - verifyMatch(StepC_11, "SASStepC", false): Actual text 'SASStepC' and expected text 'SASStepC' are matched 

2022-06-09 19:33:07 - [MESSAGE][PASSED] - Actual text 'SASStepC' and expected text 'SASStepC' are matched 

2022-06-09 19:33:07 - [TEST_STEP][PASSED] - StepA_2 = getAttribute(findTestObject("1. Constant/xpath", ["xpath":"/html/body/div[1]/div[2]/div[8]/div[3]/div/div[3]/div[3]/div/ul/li[5]/a"]), "class"): Attribute 'class' of object 'Object Repository/1. Constant/xpath' is: 'nav-link timeline-badge badge-xl  bg-pending active'

2022-06-09 19:33:07 - [MESSAGE][PASSED] - Attribute 'class' of object 'Object Repository/1. Constant/xpath' is: 'nav-link timeline-badge badge-xl  bg-pending active'

2022-06-09 19:33:07 - [TEST_STEP][PASSED] - verifyMatch(StepA_2, "nav-link timeline-badge badge-xl  bg-pending active", false): Actual text 'nav-link timeline-badge badge-xl  bg-pending active' and expected text 'nav-link timeline-badge badge-xl  bg-pending active' are matched 

2022-06-09 19:33:07 - [MESSAGE][PASSED] - Actual text 'nav-link timeline-badge badge-xl  bg-pending active' and expected text 'nav-link timeline-badge badge-xl  bg-pending active' are matched 

2022-06-09 19:33:07 - [TEST_STEP][PASSED] - StepA_22 = I.Get_Stepname("/html/body/div[1]/div[2]/div[8]/div[3]/div/div[3]/div[3]/div/ul/li[5]/a"): Attribute 'href' of object 'Object Repository/1. Constant/xpath' is: 'http://mdb-release.diadeis.lan/MediaboxIndependence/Base/ExecAction?action=VoirRef&IDSession=MBI!RELTESTAUTO_DREYERS!7ZZ2FMX8FBLYHC36CBP5464YD1I6Z878KDWWWPHL&num=YFB4M9HTHH&id_ref=5254#tab_lifecycle_SASStepA_12145'

2022-06-09 19:33:12 - [MESSAGE][PASSED] - Delayed 5 second(s)

2022-06-09 19:33:12 - [MESSAGE][PASSED] - Attribute 'href' of object 'Object Repository/1. Constant/xpath' is: 'http://mdb-release.diadeis.lan/MediaboxIndependence/Base/ExecAction?action=VoirRef&IDSession=MBI!RELTESTAUTO_DREYERS!7ZZ2FMX8FBLYHC36CBP5464YD1I6Z878KDWWWPHL&num=YFB4M9HTHH&id_ref=5254#tab_lifecycle_SASStepA_12145'

2022-06-09 19:33:12 - [TEST_STEP][PASSED] - verifyMatch(StepA_22, "SASStepA", false): Actual text 'SASStepA' and expected text 'SASStepA' are matched 

2022-06-09 19:33:12 - [MESSAGE][PASSED] - Actual text 'SASStepA' and expected text 'SASStepA' are matched 

2022-06-09 19:33:12 - [TEST_STEP][PASSED] - Started_StepA_12 = getText(findTestObject("1. Constant/xpath", ["xpath":"/html/body/div[1]/div[2]/div[8]/div[3]/div/div[3]/div[3]/div/div/div[5]/div/div[2]/div/div[2]/div[1]"])): Text of object 'Object Repository/1. Constant/xpath' is: 'Started 06/09/22 01:32 PM'

2022-06-09 19:33:12 - [MESSAGE][PASSED] - Text of object 'Object Repository/1. Constant/xpath' is: 'Started 06/09/22 01:32 PM'

2022-06-09 19:33:12 - [TEST_STEP][PASSED] - if (Started_StepA_12.contains("Started")): Actual object '1' and expected object '1' are equal

2022-06-09 19:33:12 - [TEST_STEP][PASSED] - verifyEqual(1, 1): Actual object '1' and expected object '1' are equal

2022-06-09 19:33:12 - [MESSAGE][PASSED] - Actual object '1' and expected object '1' are equal

2022-06-09 19:33:12 - [TEST_STEP][PASSED] - verifyElementNotPresent(findTestObject("1. Constant/xpath", ["xpath":"/html/body/div[1]/div[2]/div[8]/div[3]/div/div[3]/div[3]/div/ul/li[6]/a"]), 5): Web element with id: 'Object Repository/1. Constant/xpath' located by 'By.xpath: /html/body/div[1]/div[2]/div[8]/div[3]/div/div[3]/div[3]/div/ul/li[6]/a' is not present after '5' second(s)

2022-06-09 19:33:13 - [MESSAGE][PASSED] - Web element with id: 'Object Repository/1. Constant/xpath' located by 'By.xpath: /html/body/div[1]/div[2]/div[8]/div[3]/div/div[3]/div[3]/div/ul/li[6]/a' is not present after '5' second(s)

2022-06-09 19:33:13 - [TEST_STEP][PASSED] - I.Logout(): Delayed 3 second(s)

2022-06-09 19:33:16 - [MESSAGE][PASSED] - Delayed 3 second(s)

2022-06-09 19:33:16 - [MESSAGE][PASSED] - Object: 'Object Repository/1. Constant/xpath' is clicked on

2022-06-09 19:33:19 - [MESSAGE][PASSED] - Delayed 3 second(s)

2022-06-09 19:33:21 - [MESSAGE][PASSED] - Object: 'Object Repository/1. Constant/xpath' is clicked on

2022-06-09 19:33:24 - [MESSAGE][PASSED] - Delayed 3 second(s)

2022-06-09 19:33:24 - [TEST_STEP][PASSED] - I.Login_password("nturner", password_nturner): Object: 'Object Repository/1. Constant/xpath' is clicked on

2022-06-09 19:33:24 - [MESSAGE][PASSED] - Text 'nturner' is set on object 'Object Repository/1. Constant/xpath'

2022-06-09 19:33:25 - [MESSAGE][PASSED] - Delayed 1 second(s)

2022-06-09 19:33:26 - [MESSAGE][PASSED] - Text 'diadeis1' is set on object 'Object Repository/1. Constant/xpath'

2022-06-09 19:33:27 - [MESSAGE][PASSED] - Delayed 1 second(s)

2022-06-09 19:33:31 - [MESSAGE][PASSED] - Object: 'Object Repository/1. Constant/xpath' is clicked on

2022-06-09 19:33:31 - [TEST_STEP][PASSED] - takeScreenshot(): Taking screenshot successfully

2022-06-09 19:33:32 - [MESSAGE][PASSED] - Taking screenshot successfully
[[ATTACHMENT|D:\\Projet Test Auto\\Mediabox Test Automation\\Reports\\20220609_181011\\03. Parallel Testing (Testing)\\TS -PT PART 3\\14.01 Dreyers Support Action (Ongoing _ Completed ref) - PART 1\\20220609_181052\\1654796011908.png]]

2022-06-09 19:33:32 - [TEST_STEP][PASSED] - click(findTestObject("1. Constant/02_LHSMenu_Projects")): Object: 'Object Repository/1. Constant/02_LHSMenu_Projects' is clicked on

2022-06-09 19:33:35 - [MESSAGE][PASSED] - Object: 'Object Repository/1. Constant/02_LHSMenu_Projects' is clicked on

2022-06-09 19:33:35 - [TEST_STEP][PASSED] - I.SearchProjectNo_xpath(Project_No, "//*[@id="keynum_project"]", "//*[@id="form_filters"]/div[4]/button"): Delayed 5 second(s)

2022-06-09 19:33:36 - [MESSAGE][PASSED] - Delayed 1 second(s)

2022-06-09 19:33:36 - [MESSAGE][PASSED] - Text 'MI000876' is set on object 'Object Repository/1. Constant/xpath'

2022-06-09 19:33:39 - [MESSAGE][PASSED] - Delayed 3 second(s)

2022-06-09 19:33:39 - [MESSAGE][PASSED] - Scroll to object 'Object Repository/1. Constant/xpath' successfully

2022-06-09 19:33:41 - [MESSAGE][PASSED] - Object: 'Object Repository/1. Constant/xpath' is clicked on

2022-06-09 19:33:46 - [MESSAGE][PASSED] - Delayed 5 second(s)

2022-06-09 19:33:46 - [TEST_STEP][PASSED] - takeScreenshot(): Taking screenshot successfully

2022-06-09 19:33:47 - [MESSAGE][PASSED] - Taking screenshot successfully
[[ATTACHMENT|D:\\Projet Test Auto\\Mediabox Test Automation\\Reports\\20220609_181011\\03. Parallel Testing (Testing)\\TS -PT PART 3\\14.01 Dreyers Support Action (Ongoing _ Completed ref) - PART 1\\20220609_181052\\1654796026839.png]]

2022-06-09 19:33:47 - [TEST_STEP][PASSED] - I.SearchRefNo_xpath("P3_Auto", "//*[@id="fiche_filter_keywords11"]", "//*[@id="form_filters"]/div[3]/button"): Delayed 5 second(s)

2022-06-09 19:33:48 - [MESSAGE][PASSED] - Delayed 1 second(s)

2022-06-09 19:33:48 - [MESSAGE][PASSED] - Text 'P3_Auto' is set on object 'Object Repository/1. Constant/xpath'

2022-06-09 19:33:51 - [MESSAGE][PASSED] - Delayed 3 second(s)

2022-06-09 19:33:51 - [MESSAGE][PASSED] - Scroll to object 'Object Repository/1. Constant/xpath' successfully

2022-06-09 19:33:53 - [MESSAGE][PASSED] - Object: 'Object Repository/1. Constant/xpath' is clicked on

2022-06-09 19:33:58 - [MESSAGE][PASSED] - Delayed 5 second(s)

2022-06-09 19:33:58 - [TEST_STEP][PASSED] - takeScreenshot(): Taking screenshot successfully

2022-06-09 19:33:59 - [MESSAGE][PASSED] - Taking screenshot successfully
[[ATTACHMENT|D:\\Projet Test Auto\\Mediabox Test Automation\\Reports\\20220609_181011\\03. Parallel Testing (Testing)\\TS -PT PART 3\\14.01 Dreyers Support Action (Ongoing _ Completed ref) - PART 1\\20220609_181052\\1654796039005.png]]

2022-06-09 19:33:59 - [TEST_STEP][PASSED] - Lifecycle_Status3 = getText(findTestObject("1. Constant/xpath", ["xpath":"//*[@id="source_" + refID3 + ""]/td[12]/span[1]"])): Text of object 'Object Repository/1. Constant/xpath' is: 'Phase 1.2 [Standard Phase]'

2022-06-09 19:34:00 - [MESSAGE][PASSED] - Text of object 'Object Repository/1. Constant/xpath' is: 'Phase 1.2 [Standard Phase]'

2022-06-09 19:34:00 - [TEST_STEP][PASSED] - verifyMatch(Lifecycle_Status3, "Phase 1.2 [Standard Phase]", false): Actual text 'Phase 1.2 [Standard Phase]' and expected text 'Phase 1.2 [Standard Phase]' are matched 

2022-06-09 19:34:00 - [MESSAGE][PASSED] - Actual text 'Phase 1.2 [Standard Phase]' and expected text 'Phase 1.2 [Standard Phase]' are matched 

2022-06-09 19:34:00 - [TEST_STEP][PASSED] - click(findTestObject("1. Constant/xpath", ["xpath":"//*[@id="source_" + refID3 + ""]/td[13]/a[2]"])): Object: 'Object Repository/1. Constant/xpath' is clicked on

2022-06-09 19:34:02 - [MESSAGE][PASSED] - Object: 'Object Repository/1. Constant/xpath' is clicked on

2022-06-09 19:34:02 - [TEST_STEP][PASSED] - click(findTestObject("1. Constant/xpath", ["xpath":"//*[@id="ModifFiche"]/div[1]/div/button[2]"])): Object: 'Object Repository/1. Constant/xpath' is clicked on

2022-06-09 19:34:06 - [MESSAGE][PASSED] - Object: 'Object Repository/1. Constant/xpath' is clicked on

2022-06-09 19:34:06 - [TEST_STEP][PASSED] - Lifecycle_Status4 = getText(findTestObject("1. Constant/xpath", ["xpath":"//*[@id="source_" + refID3 + ""]/td[12]/span[1]"])): Text of object 'Object Repository/1. Constant/xpath' is: 'Complete'

2022-06-09 19:34:06 - [MESSAGE][PASSED] - Text of object 'Object Repository/1. Constant/xpath' is: 'Complete'

2022-06-09 19:34:06 - [TEST_STEP][PASSED] - verifyMatch(Lifecycle_Status4, "Complete", false): Actual text 'Complete' and expected text 'Complete' are matched 

2022-06-09 19:34:06 - [MESSAGE][PASSED] - Actual text 'Complete' and expected text 'Complete' are matched 

2022-06-09 19:34:06 - [TEST_STEP][PASSED] - closeBrowser(): Browser is closed

2022-06-09 19:34:08 - [MESSAGE][PASSED] - Browser is closed

2022-06-09 19:34:08 - [TEST_STEP][PASSED] - Start listener action : sampleAfterTestCase: null]]></system-out>
         <system-err><![CDATA[]]></system-err>
      </testcase>
      <testcase name="Test Cases/19. Dreyers Support Action (Ongoing ref_completed)/19.09 Dreyers SAS Add Step Group (Ongoing ref) S14 - P9 (will be used in P13)" time="712.802" classname="Test Cases/19. Dreyers Support Action (Ongoing ref_completed)/19.09 Dreyers SAS Add Step Group (Ongoing ref) S14 - P9 (will be used in P13)" status="PASSED">
         <system-out><![CDATA[2022-06-09 19:34:08 - [TEST_CASE][PASSED] - Test Cases/19. Dreyers Support Action (Ongoing ref_completed)/19.09 Dreyers SAS Add Step Group (Ongoing ref) S14 - P9 (will be used in P13): Test Cases/19. Dreyers Support Action (Ongoing ref_completed)/19.09 Dreyers SAS Add Step Group (Ongoing ref) S14 - P9 (will be used in P13)

2022-06-09 19:34:08 - [TEST_STEP][PASSED] - data_Dreyers = findTestData("Data Files/Username_Password/Dreyer"): null

2022-06-09 19:34:08 - [TEST_STEP][PASSED] - password_suser = data_Dreyers.getValue(2, 1): null

2022-06-09 19:34:08 - [TEST_STEP][PASSED] - password_blemco = data_Dreyers.getValue(2, 2): null

2022-06-09 19:34:08 - [TEST_STEP][PASSED] - password_amassoth = data_Dreyers.getValue(2, 3): null

2022-06-09 19:34:08 - [TEST_STEP][PASSED] - password_bharandi = data_Dreyers.getValue(2, 4): null

2022-06-09 19:34:08 - [TEST_STEP][PASSED] - password_mbaughman = data_Dreyers.getValue(2, 5): null

2022-06-09 19:34:08 - [TEST_STEP][PASSED] - password_nturner = data_Dreyers.getValue(2, 6): null

2022-06-09 19:34:08 - [TEST_STEP][PASSED] - password_talexeeva = data_Dreyers.getValue(2, 7): null

2022-06-09 19:34:08 - [TEST_STEP][PASSED] - password_bmilhomme = data_Dreyers.getValue(2, 8): null

2022-06-09 19:34:08 - [TEST_STEP][PASSED] - password_rjaiven = data_Dreyers.getValue(2, 9): null

2022-06-09 19:34:08 - [TEST_STEP][PASSED] - password_agarcia = data_Dreyers.getValue(2, 10): null

2022-06-09 19:34:08 - [TEST_STEP][PASSED] - password_bcollins = data_Dreyers.getValue(2, 11): null

2022-06-09 19:34:08 - [TEST_STEP][PASSED] - password_jryan = data_Dreyers.getValue(2, 12): null

2022-06-09 19:34:08 - [TEST_STEP][PASSED] - password_lmary = data_Dreyers.getValue(2, 13): null

2022-06-09 19:34:08 - [TEST_STEP][PASSED] - data_urlRELAUTO = findTestData("Data Files/URL/URL_relauto"): null

2022-06-09 19:34:08 - [TEST_STEP][PASSED] - Url_Dreyer = data_urlRELAUTO.getValue(2, 4): null

2022-06-09 19:34:08 - [TEST_STEP][PASSED] - Project_No = I.readnotepad("D:\Upoad_File\Projet_ Login\Dreyers\19.1\19.1_Dreyers_ProjectNo.txt"): null

2022-06-09 19:34:09 - [TEST_STEP][PASSED] - refID = I.readnotepad("D:\Upoad_File\Projet_ Login\Dreyers\19.1\19.1_Dreyers_refID.txt"): null

2022-06-09 19:34:09 - [TEST_STEP][PASSED] - I.clearnotepad("D:\Upoad_File\Projet_ Login\Dreyers\19.1\19.9_Dreyers_refID9.txt"): null

2022-06-09 19:34:09 - [TEST_STEP][PASSED] - openBrowser(Url_Dreyer): Browser is opened with url: 'http://mdb-release.diadeis.lan/MediaboxIndependence/?MBI_datasource=RELTESTAUTO_DREYERS'

2022-06-09 19:34:09 - [MESSAGE][INFO] - Starting 'Chrome (headless)' driver

2022-06-09 19:34:09 - [MESSAGE][INFO] - User set preference: ['args', '[--window-size=1920,1080, --headless]']

2022-06-09 19:34:09 - [MESSAGE][INFO] - Action delay is set to 0 milliseconds

2022-06-09 19:34:19 - [MESSAGE][PASSED] - Browser is opened with url: 'http://mdb-release.diadeis.lan/MediaboxIndependence/?MBI_datasource=RELTESTAUTO_DREYERS'

2022-06-09 19:34:19 - [TEST_STEP][PASSED] - maximizeWindow(): Current window maximized

2022-06-09 19:34:19 - [MESSAGE][PASSED] - Current window maximized

2022-06-09 19:34:19 - [TEST_STEP][PASSED] - I.Login_password("suser", password_suser): Object: 'Object Repository/1. Constant/xpath' is clicked on

2022-06-09 19:34:19 - [MESSAGE][PASSED] - Text 'suser' is set on object 'Object Repository/1. Constant/xpath'

2022-06-09 19:34:20 - [MESSAGE][PASSED] - Delayed 1 second(s)

2022-06-09 19:34:20 - [MESSAGE][PASSED] - Text 'diadeis' is set on object 'Object Repository/1. Constant/xpath'

2022-06-09 19:34:21 - [MESSAGE][PASSED] - Delayed 1 second(s)

2022-06-09 19:34:31 - [MESSAGE][PASSED] - Object: 'Object Repository/1. Constant/xpath' is clicked on

2022-06-09 19:34:31 - [TEST_STEP][PASSED] - takeScreenshot(): Taking screenshot successfully

2022-06-09 19:34:33 - [MESSAGE][PASSED] - Taking screenshot successfully
[[ATTACHMENT|D:\\Projet Test Auto\\Mediabox Test Automation\\Reports\\20220609_181011\\03. Parallel Testing (Testing)\\TS -PT PART 3\\14.01 Dreyers Support Action (Ongoing _ Completed ref) - PART 1\\20220609_181052\\1654796072704.png]]

2022-06-09 19:34:33 - [TEST_STEP][PASSED] - click(findTestObject("1. Constant/02_LHSMenu_Projects")): Object: 'Object Repository/1. Constant/02_LHSMenu_Projects' is clicked on

2022-06-09 19:34:36 - [MESSAGE][PASSED] - Object: 'Object Repository/1. Constant/02_LHSMenu_Projects' is clicked on

2022-06-09 19:34:36 - [TEST_STEP][PASSED] - I.SearchProjectNo_xpath(Project_No, "//*[@id="keynum_project"]", "//*[@id="form_filters"]/div[4]/button"): Delayed 5 second(s)

2022-06-09 19:34:37 - [MESSAGE][PASSED] - Delayed 1 second(s)

2022-06-09 19:34:37 - [MESSAGE][PASSED] - Text 'MI000876' is set on object 'Object Repository/1. Constant/xpath'

2022-06-09 19:34:40 - [MESSAGE][PASSED] - Delayed 3 second(s)

2022-06-09 19:34:40 - [MESSAGE][PASSED] - Scroll to object 'Object Repository/1. Constant/xpath' successfully

2022-06-09 19:34:43 - [MESSAGE][PASSED] - Object: 'Object Repository/1. Constant/xpath' is clicked on

2022-06-09 19:34:48 - [MESSAGE][PASSED] - Delayed 5 second(s)

2022-06-09 19:34:48 - [TEST_STEP][PASSED] - takeScreenshot(): Taking screenshot successfully

2022-06-09 19:34:49 - [MESSAGE][PASSED] - Taking screenshot successfully
[[ATTACHMENT|D:\\Projet Test Auto\\Mediabox Test Automation\\Reports\\20220609_181011\\03. Parallel Testing (Testing)\\TS -PT PART 3\\14.01 Dreyers Support Action (Ongoing _ Completed ref) - PART 1\\20220609_181052\\1654796088983.png]]

2022-06-09 19:34:49 - [TEST_STEP][PASSED] - click(findTestObject("1. Constant/xpath", ["xpath":"//*[@id="create_ref_btn"]/button"])): Object: 'Object Repository/1. Constant/xpath' is clicked on

2022-06-09 19:34:49 - [MESSAGE][PASSED] - Object: 'Object Repository/1. Constant/xpath' is clicked on

2022-06-09 19:34:49 - [TEST_STEP][PASSED] - delay(1): Delayed 1 second(s)

2022-06-09 19:34:50 - [MESSAGE][PASSED] - Delayed 1 second(s)

2022-06-09 19:34:50 - [TEST_STEP][PASSED] - click(findTestObject("1. Constant/xpath", ["xpath":"//*[@id="create_ref_btn"]/div/a"])): Object: 'Object Repository/1. Constant/xpath' is clicked on

2022-06-09 19:34:53 - [MESSAGE][PASSED] - Object: 'Object Repository/1. Constant/xpath' is clicked on

2022-06-09 19:34:53 - [TEST_STEP][PASSED] - delay(1): Delayed 1 second(s)

2022-06-09 19:34:54 - [MESSAGE][PASSED] - Delayed 1 second(s)

2022-06-09 19:34:54 - [TEST_STEP][PASSED] - selectOptionByValue(findTestObject("1. Constant/xpath", ["xpath":"//*[@id="lfc_tpl"]"]), "36", false): All options with value '36' are selected in object 'Object Repository/1. Constant/xpath' 

2022-06-09 19:34:55 - [MESSAGE][PASSED] - All options with value '36' are selected in object 'Object Repository/1. Constant/xpath' 

2022-06-09 19:34:55 - [TEST_STEP][PASSED] - ref_name = "P9_Auto_SAS_S14_" + RandomStringUtils.randomAlphanumeric(5) + I.gettimedate(): null

2022-06-09 19:34:55 - [TEST_STEP][PASSED] - delay(1): Delayed 1 second(s)

2022-06-09 19:34:56 - [MESSAGE][PASSED] - Delayed 1 second(s)

2022-06-09 19:34:56 - [TEST_STEP][PASSED] - setText(findTestObject("1. Constant/xpath", ["xpath":"//*[@id="var_name"]"]), ref_name): Text 'P9_Auto_SAS_S14_u4fzsjuin092022_193455' is set on object 'Object Repository/1. Constant/xpath'

2022-06-09 19:34:56 - [MESSAGE][PASSED] - Text 'P9_Auto_SAS_S14_u4fzsjuin092022_193455' is set on object 'Object Repository/1. Constant/xpath'

2022-06-09 19:34:56 - [TEST_STEP][PASSED] - takeScreenshot(): Taking screenshot successfully

2022-06-09 19:34:56 - [MESSAGE][PASSED] - Taking screenshot successfully
[[ATTACHMENT|D:\\Projet Test Auto\\Mediabox Test Automation\\Reports\\20220609_181011\\03. Parallel Testing (Testing)\\TS -PT PART 3\\14.01 Dreyers Support Action (Ongoing _ Completed ref) - PART 1\\20220609_181052\\1654796096706.png]]

2022-06-09 19:34:56 - [TEST_STEP][PASSED] - click(findTestObject("1. Constant/xpath", ["xpath":"//*[@id="createRefBottom"]"])): Object: 'Object Repository/1. Constant/xpath' is clicked on

2022-06-09 19:34:59 - [MESSAGE][PASSED] - Object: 'Object Repository/1. Constant/xpath' is clicked on

2022-06-09 19:34:59 - [TEST_STEP][PASSED] - delay(1): Delayed 1 second(s)

2022-06-09 19:35:00 - [MESSAGE][PASSED] - Delayed 1 second(s)

2022-06-09 19:35:00 - [TEST_STEP][PASSED] - takeScreenshot(): Taking screenshot successfully

2022-06-09 19:35:01 - [MESSAGE][PASSED] - Taking screenshot successfully
[[ATTACHMENT|D:\\Projet Test Auto\\Mediabox Test Automation\\Reports\\20220609_181011\\03. Parallel Testing (Testing)\\TS -PT PART 3\\14.01 Dreyers Support Action (Ongoing _ Completed ref) - PART 1\\20220609_181052\\1654796101394.png]]

2022-06-09 19:35:01 - [TEST_STEP][PASSED] - refID9 = I.RefID(): Current window's url is: 'http://mdb-release.diadeis.lan/MediaboxIndependence/Base/ExecAction?IDSession=MBI%21RELTESTAUTO_DREYERS%21CLR3UNN7IMG5DVW0R594WSNFDSW7Z32E8S9HK8S6&default_action=ModifierRef&id_project=MI000876&id_ref=5265&action_from=create_ref'

2022-06-09 19:35:06 - [MESSAGE][PASSED] - Delayed 5 second(s)

2022-06-09 19:35:07 - [MESSAGE][PASSED] - Current window's url is: 'http://mdb-release.diadeis.lan/MediaboxIndependence/Base/ExecAction?IDSession=MBI%21RELTESTAUTO_DREYERS%21CLR3UNN7IMG5DVW0R594WSNFDSW7Z32E8S9HK8S6&default_action=ModifierRef&id_project=MI000876&id_ref=5265&action_from=create_ref'

2022-06-09 19:35:07 - [TEST_STEP][PASSED] - I.print("refID" + refID9): null

2022-06-09 19:35:07 - [TEST_STEP][PASSED] - click(findTestObject("1. Constant/xpath", ["xpath":"//*[@id="type_save"]"])): Object: 'Object Repository/1. Constant/xpath' is clicked on

2022-06-09 19:35:15 - [MESSAGE][PASSED] - Object: 'Object Repository/1. Constant/xpath' is clicked on

2022-06-09 19:35:15 - [TEST_STEP][PASSED] - takeScreenshot(): Taking screenshot successfully

2022-06-09 19:35:17 - [MESSAGE][PASSED] - Taking screenshot successfully
[[ATTACHMENT|D:\\Projet Test Auto\\Mediabox Test Automation\\Reports\\20220609_181011\\03. Parallel Testing (Testing)\\TS -PT PART 3\\14.01 Dreyers Support Action (Ongoing _ Completed ref) - PART 1\\20220609_181052\\1654796116194.png]]

2022-06-09 19:35:17 - [TEST_STEP][PASSED] - delay(1): Delayed 1 second(s)

2022-06-09 19:35:18 - [MESSAGE][PASSED] - Delayed 1 second(s)

2022-06-09 19:35:18 - [TEST_STEP][PASSED] - I.SearchRefNo_xpath("P9_Auto", "//*[@id="fiche_filter_keywords11"]", "//*[@id="form_filters"]/div[3]/button"): Delayed 5 second(s)

2022-06-09 19:35:19 - [MESSAGE][PASSED] - Delayed 1 second(s)

2022-06-09 19:35:22 - [MESSAGE][PASSED] - Text 'P9_Auto' is set on object 'Object Repository/1. Constant/xpath'

2022-06-09 19:35:25 - [MESSAGE][PASSED] - Delayed 3 second(s)

2022-06-09 19:35:26 - [MESSAGE][PASSED] - Scroll to object 'Object Repository/1. Constant/xpath' successfully

2022-06-09 19:35:30 - [MESSAGE][PASSED] - Object: 'Object Repository/1. Constant/xpath' is clicked on

2022-06-09 19:35:35 - [MESSAGE][PASSED] - Delayed 5 second(s)

2022-06-09 19:35:35 - [TEST_STEP][PASSED] - click(findTestObject("1. Constant/xpath", ["xpath":"//*[@id="source_" + refID9 + ""]/td[14]/a[3]"])): Object: 'Object Repository/1. Constant/xpath' is clicked on

2022-06-09 19:35:40 - [MESSAGE][PASSED] - Object: 'Object Repository/1. Constant/xpath' is clicked on

2022-06-09 19:35:40 - [TEST_STEP][PASSED] - click(findTestObject("1. Constant/xpath", ["xpath":"//*[@id="ModifFiche"]/div[1]/div/button[2]"])): Object: 'Object Repository/1. Constant/xpath' is clicked on

2022-06-09 19:35:47 - [MESSAGE][PASSED] - Object: 'Object Repository/1. Constant/xpath' is clicked on

2022-06-09 19:35:47 - [TEST_STEP][PASSED] - takeScreenshot(): Taking screenshot successfully

2022-06-09 19:35:48 - [MESSAGE][PASSED] - Taking screenshot successfully
[[ATTACHMENT|D:\\Projet Test Auto\\Mediabox Test Automation\\Reports\\20220609_181011\\03. Parallel Testing (Testing)\\TS -PT PART 3\\14.01 Dreyers Support Action (Ongoing _ Completed ref) - PART 1\\20220609_181052\\1654796147727.png]]

2022-06-09 19:35:48 - [TEST_STEP][PASSED] - delay(1): Delayed 1 second(s)

2022-06-09 19:35:49 - [MESSAGE][PASSED] - Delayed 1 second(s)

2022-06-09 19:35:49 - [TEST_STEP][PASSED] - click(findTestObject("1. Constant/xpath", ["xpath":"//*[@id="source_" + refID9 + ""]/td[14]/a[3]"])): Object: 'Object Repository/1. Constant/xpath' is clicked on

2022-06-09 19:35:54 - [MESSAGE][PASSED] - Object: 'Object Repository/1. Constant/xpath' is clicked on

2022-06-09 19:35:54 - [TEST_STEP][PASSED] - click(findTestObject("1. Constant/xpath", ["xpath":"//*[@id="ModifFiche"]/div[1]/div/button[2]"])): Object: 'Object Repository/1. Constant/xpath' is clicked on

2022-06-09 19:36:01 - [MESSAGE][PASSED] - Object: 'Object Repository/1. Constant/xpath' is clicked on

2022-06-09 19:36:01 - [TEST_STEP][PASSED] - takeScreenshot(): Taking screenshot successfully

2022-06-09 19:36:03 - [MESSAGE][PASSED] - Taking screenshot successfully
[[ATTACHMENT|D:\\Projet Test Auto\\Mediabox Test Automation\\Reports\\20220609_181011\\03. Parallel Testing (Testing)\\TS -PT PART 3\\14.01 Dreyers Support Action (Ongoing _ Completed ref) - PART 1\\20220609_181052\\1654796162713.png]]

2022-06-09 19:36:03 - [TEST_STEP][PASSED] - delay(1): Delayed 1 second(s)

2022-06-09 19:36:04 - [MESSAGE][PASSED] - Delayed 1 second(s)

2022-06-09 19:36:04 - [TEST_STEP][PASSED] - color1 = getCSSValue(findTestObject("1. Constant/xpath", ["xpath":"//*[@id="source_" + refID9 + ""]/td[14]/a[2]"]), "color", OPTIONAL): Get CSS 'color' value on 'Object Repository/1. Constant/xpath' successfully: 'rgba(255, 255, 255, 1)'.

2022-06-09 19:36:05 - [MESSAGE][PASSED] - Get CSS 'color' value on 'Object Repository/1. Constant/xpath' successfully: 'rgba(255, 255, 255, 1)'.

2022-06-09 19:36:05 - [TEST_STEP][PASSED] - I.print(color1): null

2022-06-09 19:36:05 - [TEST_STEP][PASSED] - while (color1 == "rgba(255, 255, 255, 1)"): Get CSS 'color' value on 'Object Repository/1. Constant/xpath' successfully: 'rgba(54, 153, 255, 1)'.

2022-06-09 19:36:05 - [TEST_STEP][PASSED] - click(findTestObject("1. Constant/xpath", ["xpath":"//*[@id="source_" + refID9 + ""]/td[14]/a[2]"])): Object: 'Object Repository/1. Constant/xpath' is clicked on

2022-06-09 19:36:10 - [MESSAGE][PASSED] - Object: 'Object Repository/1. Constant/xpath' is clicked on

2022-06-09 19:36:10 - [TEST_STEP][PASSED] - I.UploadDoc_sendkey_Prod(findTestObject("1. Constant/xpath", ["xpath":"//*[@id="kt_body"]/input[2]"]), "D:\Upoad_File\Upload doc\testdata1.pdf", "testdata1"): Delayed 5 second(s)

2022-06-09 19:36:11 - [MESSAGE][PASSED] - Scroll to object 'Object Repository/1. Constant/xpath' successfully

2022-06-09 19:36:16 - [MESSAGE][PASSED] - Delayed 5 second(s)

2022-06-09 19:36:17 - [MESSAGE][PASSED] - File 'D:\Upoad_File\Upload doc\testdata1.pdf' sent to object: 'Object Repository/1. Constant/xpath'

2022-06-09 19:36:22 - [MESSAGE][PASSED] - Delayed 5 second(s)

2022-06-09 19:36:23 - [MESSAGE][PASSED] - Text 'testdata1' is present on page 

2022-06-09 19:36:28 - [MESSAGE][PASSED] - Delayed 5 second(s)

2022-06-09 19:36:33 - [MESSAGE][PASSED] - Delayed 5 second(s)

2022-06-09 19:36:33 - [TEST_STEP][PASSED] - takeScreenshot(): Taking screenshot successfully

2022-06-09 19:36:34 - [MESSAGE][PASSED] - Taking screenshot successfully
[[ATTACHMENT|D:\\Projet Test Auto\\Mediabox Test Automation\\Reports\\20220609_181011\\03. Parallel Testing (Testing)\\TS -PT PART 3\\14.01 Dreyers Support Action (Ongoing _ Completed ref) - PART 1\\20220609_181052\\1654796194126.png]]

2022-06-09 19:36:34 - [TEST_STEP][PASSED] - delay(10): Delayed 10 second(s)

2022-06-09 19:36:44 - [MESSAGE][PASSED] - Delayed 10 second(s)

2022-06-09 19:36:44 - [TEST_STEP][PASSED] - click(findTestObject("HL Full Lifecycle/12 ReferncePage_Button_Updatensenddoc")): Object: 'Object Repository/HL Full Lifecycle/12 ReferncePage_Button_Updatensenddoc' is clicked on

2022-06-09 19:36:49 - [MESSAGE][PASSED] - Object: 'Object Repository/HL Full Lifecycle/12 ReferncePage_Button_Updatensenddoc' is clicked on

2022-06-09 19:36:49 - [TEST_STEP][PASSED] - delay(5): Delayed 5 second(s)

2022-06-09 19:36:54 - [MESSAGE][PASSED] - Delayed 5 second(s)

2022-06-09 19:36:54 - [TEST_STEP][PASSED] - color1 = getCSSValue(findTestObject("1. Constant/xpath", ["xpath":"//*[@id="source_" + refID9 + ""]/td[14]/a[2]"]), "color", OPTIONAL): Get CSS 'color' value on 'Object Repository/1. Constant/xpath' successfully: 'rgba(54, 153, 255, 1)'.

2022-06-09 19:36:54 - [MESSAGE][PASSED] - Get CSS 'color' value on 'Object Repository/1. Constant/xpath' successfully: 'rgba(54, 153, 255, 1)'.

2022-06-09 19:36:54 - [TEST_STEP][PASSED] - takeScreenshot(): Taking screenshot successfully

2022-06-09 19:36:54 - [MESSAGE][PASSED] - Taking screenshot successfully
[[ATTACHMENT|D:\\Projet Test Auto\\Mediabox Test Automation\\Reports\\20220609_181011\\03. Parallel Testing (Testing)\\TS -PT PART 3\\14.01 Dreyers Support Action (Ongoing _ Completed ref) - PART 1\\20220609_181052\\1654796214597.png]]

2022-06-09 19:36:54 - [TEST_STEP][PASSED] - click(findTestObject("1. Constant/xpath", ["xpath":"//*[@id="source_" + refID9 + ""]/td[6]/a"])): Object: 'Object Repository/1. Constant/xpath' is clicked on

2022-06-09 19:36:59 - [MESSAGE][PASSED] - Object: 'Object Repository/1. Constant/xpath' is clicked on

2022-06-09 19:36:59 - [TEST_STEP][PASSED] - takeScreenshot(): Taking screenshot successfully

2022-06-09 19:36:59 - [MESSAGE][PASSED] - Taking screenshot successfully
[[ATTACHMENT|D:\\Projet Test Auto\\Mediabox Test Automation\\Reports\\20220609_181011\\03. Parallel Testing (Testing)\\TS -PT PART 3\\14.01 Dreyers Support Action (Ongoing _ Completed ref) - PART 1\\20220609_181052\\1654796219752.png]]

2022-06-09 19:36:59 - [TEST_STEP][PASSED] - delay(1): Delayed 1 second(s)

2022-06-09 19:37:00 - [MESSAGE][PASSED] - Delayed 1 second(s)

2022-06-09 19:37:00 - [TEST_STEP][PASSED] - I.Approveforothers("/html/body/div[1]/div[2]/div[8]/div[3]/div/div[3]/div[2]/div/div[3]/div/div[2]/div[1]/div/div[2]/div/div[2]/div[2]/div/div/div[1]/img", "/html/body/div[1]/div[2]/div[8]/div[3]/div/div[3]/div[2]/div/div[3]/div/div[2]/div[1]/div/div[2]/div/div[2]/div[2]/div/div/div[6]/a[2]/span"): Object: 'Object Repository/1. Constant/xpath' is clicked on

2022-06-09 19:37:02 - [MESSAGE][PASSED] - Object: 'Object Repository/1. Constant/xpath' is clicked on

2022-06-09 19:37:03 - [MESSAGE][PASSED] - Delayed 1 second(s)

2022-06-09 19:37:04 - [MESSAGE][PASSED] - Object: 'Object Repository/1. Constant/xpath' is clicked on

2022-06-09 19:37:05 - [MESSAGE][PASSED] - Delayed 1 second(s)

2022-06-09 19:37:05 - [MESSAGE][PASSED] - Object: 'Object Repository/1. Constant/xpath' is hovered

2022-06-09 19:37:06 - [MESSAGE][PASSED] - Object: 'Object Repository/1. Constant/xpath' is clicked on

2022-06-09 19:37:07 - [MESSAGE][PASSED] - Delayed 1 second(s)

2022-06-09 19:37:11 - [MESSAGE][PASSED] - Object: 'Object Repository/1. Constant/xpath' is clicked on

2022-06-09 19:37:11 - [TEST_STEP][PASSED] - delay(1): Delayed 1 second(s)

2022-06-09 19:37:12 - [MESSAGE][PASSED] - Delayed 1 second(s)

2022-06-09 19:37:12 - [TEST_STEP][PASSED] - click(findTestObject("1. Constant/xpath", ["xpath":"//*[@id="kt_subheader"]/div/nav/ol/li[2]/a"])): Object: 'Object Repository/1. Constant/xpath' is clicked on

2022-06-09 19:37:14 - [MESSAGE][PASSED] - Object: 'Object Repository/1. Constant/xpath' is clicked on

2022-06-09 19:37:14 - [TEST_STEP][PASSED] - delay(1): Delayed 1 second(s)

2022-06-09 19:37:15 - [MESSAGE][PASSED] - Delayed 1 second(s)

2022-06-09 19:37:15 - [TEST_STEP][PASSED] - I.submitquesiton_ref(findTestObject("1. Constant/xpath", ["xpath":"//*[@id="source_" + refID9 + ""]/td[14]/div[1]/button"]), findTestObject("1. Constant/xpath", ["xpath":"//*[@id="source_" + refID9 + ""]/td[14]/div[1]/div/a[1]"])): Object: 'Object Repository/1. Constant/xpath' is clicked on

2022-06-09 19:37:16 - [MESSAGE][PASSED] - Object: 'Object Repository/1. Constant/xpath' is clicked on

2022-06-09 19:37:19 - [MESSAGE][PASSED] - Delayed 3 second(s)

2022-06-09 19:37:21 - [MESSAGE][PASSED] - Object: 'Object Repository/1. Constant/xpath' is clicked on

2022-06-09 19:37:21 - [TEST_STEP][PASSED] - click(findTestObject("1. Constant/xpath", ["xpath":"//*[@id="ModifFiche"]/div[1]/div/button[2]"])): Object: 'Object Repository/1. Constant/xpath' is clicked on

2022-06-09 19:37:25 - [MESSAGE][PASSED] - Object: 'Object Repository/1. Constant/xpath' is clicked on

2022-06-09 19:37:25 - [TEST_STEP][PASSED] - takeScreenshot(): Taking screenshot successfully

2022-06-09 19:37:26 - [MESSAGE][PASSED] - Taking screenshot successfully
[[ATTACHMENT|D:\\Projet Test Auto\\Mediabox Test Automation\\Reports\\20220609_181011\\03. Parallel Testing (Testing)\\TS -PT PART 3\\14.01 Dreyers Support Action (Ongoing _ Completed ref) - PART 1\\20220609_181052\\1654796245914.png]]

2022-06-09 19:37:26 - [TEST_STEP][PASSED] - I.submitquesiton_ref(findTestObject("1. Constant/xpath", ["xpath":"//*[@id="source_" + refID9 + ""]/td[14]/div[1]/button"]), findTestObject("1. Constant/xpath", ["xpath":"//*[@id="source_" + refID9 + ""]/td[14]/div[1]/div/a[1]"])): Object: 'Object Repository/1. Constant/xpath' is clicked on

2022-06-09 19:37:27 - [MESSAGE][PASSED] - Object: 'Object Repository/1. Constant/xpath' is clicked on

2022-06-09 19:37:30 - [MESSAGE][PASSED] - Delayed 3 second(s)

2022-06-09 19:37:31 - [MESSAGE][PASSED] - Object: 'Object Repository/1. Constant/xpath' is clicked on

2022-06-09 19:37:31 - [TEST_STEP][PASSED] - click(findTestObject("1. Constant/xpath", ["xpath":"//*[@id="ModifFiche"]/div[1]/div/button[2]"])): Object: 'Object Repository/1. Constant/xpath' is clicked on

2022-06-09 19:37:36 - [MESSAGE][PASSED] - Object: 'Object Repository/1. Constant/xpath' is clicked on

2022-06-09 19:37:36 - [TEST_STEP][PASSED] - takeScreenshot(): Taking screenshot successfully

2022-06-09 19:37:37 - [MESSAGE][PASSED] - Taking screenshot successfully
[[ATTACHMENT|D:\\Projet Test Auto\\Mediabox Test Automation\\Reports\\20220609_181011\\03. Parallel Testing (Testing)\\TS -PT PART 3\\14.01 Dreyers Support Action (Ongoing _ Completed ref) - PART 1\\20220609_181052\\1654796256674.png]]

2022-06-09 19:37:37 - [TEST_STEP][PASSED] - click(findTestObject("1. Constant/xpath", ["xpath":"//*[@id="source_" + refID9 + ""]/td[14]/a[3]"])): Object: 'Object Repository/1. Constant/xpath' is clicked on

2022-06-09 19:37:42 - [MESSAGE][PASSED] - Object: 'Object Repository/1. Constant/xpath' is clicked on

2022-06-09 19:37:42 - [TEST_STEP][PASSED] - click(findTestObject("1. Constant/xpath", ["xpath":"//*[@id="ModifFiche"]/div[1]/div/button[2]"])): Object: 'Object Repository/1. Constant/xpath' is clicked on

2022-06-09 19:37:47 - [MESSAGE][PASSED] - Object: 'Object Repository/1. Constant/xpath' is clicked on

2022-06-09 19:37:47 - [TEST_STEP][PASSED] - takeScreenshot(): Taking screenshot successfully

2022-06-09 19:37:47 - [MESSAGE][PASSED] - Taking screenshot successfully
[[ATTACHMENT|D:\\Projet Test Auto\\Mediabox Test Automation\\Reports\\20220609_181011\\03. Parallel Testing (Testing)\\TS -PT PART 3\\14.01 Dreyers Support Action (Ongoing _ Completed ref) - PART 1\\20220609_181052\\1654796267549.png]]

2022-06-09 19:37:47 - [TEST_STEP][PASSED] - click(findTestObject("1. Constant/xpath", ["xpath":"//*[@id="source_" + refID9 + ""]/td[14]/a[3]"])): Object: 'Object Repository/1. Constant/xpath' is clicked on

2022-06-09 19:37:49 - [MESSAGE][PASSED] - Object: 'Object Repository/1. Constant/xpath' is clicked on

2022-06-09 19:37:49 - [TEST_STEP][PASSED] - click(findTestObject("1. Constant/xpath", ["xpath":"//*[@id="ModifFiche"]/div[1]/div/button[2]"])): Object: 'Object Repository/1. Constant/xpath' is clicked on

2022-06-09 19:37:53 - [MESSAGE][PASSED] - Object: 'Object Repository/1. Constant/xpath' is clicked on

2022-06-09 19:37:53 - [TEST_STEP][PASSED] - takeScreenshot(): Taking screenshot successfully

2022-06-09 19:37:53 - [MESSAGE][PASSED] - Taking screenshot successfully
[[ATTACHMENT|D:\\Projet Test Auto\\Mediabox Test Automation\\Reports\\20220609_181011\\03. Parallel Testing (Testing)\\TS -PT PART 3\\14.01 Dreyers Support Action (Ongoing _ Completed ref) - PART 1\\20220609_181052\\1654796273525.png]]

2022-06-09 19:37:53 - [TEST_STEP][PASSED] - click(findTestObject("1. Constant/xpath", ["xpath":"//*[@id="source_" + refID9 + ""]/td[14]/div[1]/button"])): Object: 'Object Repository/1. Constant/xpath' is clicked on

2022-06-09 19:37:54 - [MESSAGE][PASSED] - Object: 'Object Repository/1. Constant/xpath' is clicked on

2022-06-09 19:37:54 - [TEST_STEP][PASSED] - delay(1): Delayed 1 second(s)

2022-06-09 19:37:55 - [MESSAGE][PASSED] - Delayed 1 second(s)

2022-06-09 19:37:55 - [TEST_STEP][PASSED] - takeScreenshot(): Taking screenshot successfully

2022-06-09 19:37:55 - [MESSAGE][PASSED] - Taking screenshot successfully
[[ATTACHMENT|D:\\Projet Test Auto\\Mediabox Test Automation\\Reports\\20220609_181011\\03. Parallel Testing (Testing)\\TS -PT PART 3\\14.01 Dreyers Support Action (Ongoing _ Completed ref) - PART 1\\20220609_181052\\1654796275331.png]]

2022-06-09 19:37:55 - [TEST_STEP][PASSED] - delay(1): Delayed 1 second(s)

2022-06-09 19:37:56 - [MESSAGE][PASSED] - Delayed 1 second(s)

2022-06-09 19:37:56 - [TEST_STEP][PASSED] - x = 20: null

2022-06-09 19:37:56 - [TEST_STEP][PASSED] - i = 1: null

2022-06-09 19:37:57 - [TEST_STEP][PASSED] - while (i <= x): null

2022-06-09 19:37:57 - [TEST_STEP][PASSED] - Expected_SAS_Selected = "SAS: S14 - Add Step group (SAS Lifecycle - SAS Step C)": null

2022-06-09 19:37:57 - [TEST_STEP][PASSED] - xpath_SAS = "//*[@id="source_" + refID9 + ""]/td[14]/div[1]/div/a[" + i + "]": null

2022-06-09 19:37:57 - [TEST_STEP][PASSED] - Actual_SAS = getText(findTestObject("1. Constant/xpath", ["xpath":xpath_SAS])): Text of object 'Object Repository/1. Constant/xpath' is: 'SAS S21 - Add Step Group C&A / Skip P3.4 [Complete]'

2022-06-09 19:37:57 - [MESSAGE][PASSED] - Text of object 'Object Repository/1. Constant/xpath' is: 'SAS S21 - Add Step Group C&A / Skip P3.4 [Complete]'

2022-06-09 19:37:57 - [TEST_STEP][PASSED] - I.print(i): null

2022-06-09 19:37:57 - [TEST_STEP][PASSED] - if (Actual_SAS.contains(Expected_SAS_Selected)): null

2022-06-09 19:37:57 - [TEST_STEP][PASSED] - i = i + 1: null

2022-06-09 19:37:57 - [TEST_STEP][PASSED] - Expected_SAS_Selected = "SAS: S14 - Add Step group (SAS Lifecycle - SAS Step C)": null

2022-06-09 19:37:57 - [TEST_STEP][PASSED] - xpath_SAS = "//*[@id="source_" + refID9 + ""]/td[14]/div[1]/div/a[" + i + "]": null

2022-06-09 19:37:57 - [TEST_STEP][PASSED] - Actual_SAS = getText(findTestObject("1. Constant/xpath", ["xpath":xpath_SAS])): Text of object 'Object Repository/1. Constant/xpath' is: 'SAS: S6 - Add Steps C'

2022-06-09 19:37:57 - [MESSAGE][PASSED] - Text of object 'Object Repository/1. Constant/xpath' is: 'SAS: S6 - Add Steps C'

2022-06-09 19:37:57 - [TEST_STEP][PASSED] - I.print(i): null

2022-06-09 19:37:57 - [TEST_STEP][PASSED] - if (Actual_SAS.contains(Expected_SAS_Selected)): null

2022-06-09 19:37:57 - [TEST_STEP][PASSED] - i = i + 1: null

2022-06-09 19:37:57 - [TEST_STEP][PASSED] - Expected_SAS_Selected = "SAS: S14 - Add Step group (SAS Lifecycle - SAS Step C)": null

2022-06-09 19:37:57 - [TEST_STEP][PASSED] - xpath_SAS = "//*[@id="source_" + refID9 + ""]/td[14]/div[1]/div/a[" + i + "]": null

2022-06-09 19:37:57 - [TEST_STEP][PASSED] - Actual_SAS = getText(findTestObject("1. Constant/xpath", ["xpath":xpath_SAS])): Text of object 'Object Repository/1. Constant/xpath' is: 'SAS: S14 - Add Step group (SAS Lifecycle - SAS Step C)'

2022-06-09 19:37:58 - [MESSAGE][PASSED] - Text of object 'Object Repository/1. Constant/xpath' is: 'SAS: S14 - Add Step group (SAS Lifecycle - SAS Step C)'

2022-06-09 19:37:58 - [TEST_STEP][PASSED] - I.print(i): null

2022-06-09 19:37:58 - [TEST_STEP][PASSED] - if (Actual_SAS.contains(Expected_SAS_Selected)): null

2022-06-09 19:37:58 - [TEST_STEP][PASSED] - click(findTestObject("1. Constant/xpath", ["xpath":xpath_SAS])): Object: 'Object Repository/1. Constant/xpath' is clicked on

2022-06-09 19:37:59 - [MESSAGE][PASSED] - Object: 'Object Repository/1. Constant/xpath' is clicked on

2022-06-09 19:37:59 - [TEST_STEP][PASSED] - break: null

2022-06-09 19:37:59 - [TEST_STEP][PASSED] - takeScreenshot(): Taking screenshot successfully

2022-06-09 19:37:59 - [MESSAGE][PASSED] - Taking screenshot successfully
[[ATTACHMENT|D:\\Projet Test Auto\\Mediabox Test Automation\\Reports\\20220609_181011\\03. Parallel Testing (Testing)\\TS -PT PART 3\\14.01 Dreyers Support Action (Ongoing _ Completed ref) - PART 1\\20220609_181052\\1654796279342.png]]

2022-06-09 19:37:59 - [TEST_STEP][PASSED] - click(findTestObject("1. Constant/xpath", ["xpath":"//*[@id="confirmSupportActionShortcut"]"])): Object: 'Object Repository/1. Constant/xpath' is clicked on

2022-06-09 19:38:03 - [MESSAGE][PASSED] - Object: 'Object Repository/1. Constant/xpath' is clicked on

2022-06-09 19:38:03 - [TEST_STEP][PASSED] - takeScreenshot(): Taking screenshot successfully

2022-06-09 19:38:04 - [MESSAGE][PASSED] - Taking screenshot successfully
[[ATTACHMENT|D:\\Projet Test Auto\\Mediabox Test Automation\\Reports\\20220609_181011\\03. Parallel Testing (Testing)\\TS -PT PART 3\\14.01 Dreyers Support Action (Ongoing _ Completed ref) - PART 1\\20220609_181052\\1654796283965.png]]

2022-06-09 19:38:04 - [TEST_STEP][PASSED] - click(findTestObject("1. Constant/xpath", ["xpath":"//*[@id="kt_content"]/div[3]/div/ul/li[3]/a"])): Object: 'Object Repository/1. Constant/xpath' is clicked on

2022-06-09 19:38:06 - [MESSAGE][PASSED] - Object: 'Object Repository/1. Constant/xpath' is clicked on

2022-06-09 19:38:06 - [TEST_STEP][PASSED] - takeScreenshot(): Taking screenshot successfully

2022-06-09 19:38:07 - [MESSAGE][PASSED] - Taking screenshot successfully
[[ATTACHMENT|D:\\Projet Test Auto\\Mediabox Test Automation\\Reports\\20220609_181011\\03. Parallel Testing (Testing)\\TS -PT PART 3\\14.01 Dreyers Support Action (Ongoing _ Completed ref) - PART 1\\20220609_181052\\1654796286655.png]]

2022-06-09 19:38:07 - [TEST_STEP][PASSED] - StepC_1 = getAttribute(findTestObject("1. Constant/xpath", ["xpath":"/html/body/div[1]/div[2]/div[8]/div[3]/div/div[3]/div[3]/div/ul/li[3]/a"]), "class"): Attribute 'class' of object 'Object Repository/1. Constant/xpath' is: 'nav-link timeline-badge badge-xl  bg-pending active'

2022-06-09 19:38:07 - [MESSAGE][PASSED] - Attribute 'class' of object 'Object Repository/1. Constant/xpath' is: 'nav-link timeline-badge badge-xl  bg-pending active'

2022-06-09 19:38:07 - [TEST_STEP][PASSED] - verifyMatch(StepC_1, "nav-link timeline-badge badge-xl  bg-pending active", false): Actual text 'nav-link timeline-badge badge-xl  bg-pending active' and expected text 'nav-link timeline-badge badge-xl  bg-pending active' are matched 

2022-06-09 19:38:07 - [MESSAGE][PASSED] - Actual text 'nav-link timeline-badge badge-xl  bg-pending active' and expected text 'nav-link timeline-badge badge-xl  bg-pending active' are matched 

2022-06-09 19:38:07 - [TEST_STEP][PASSED] - StepC_11 = I.Get_Stepname("/html/body/div[1]/div[2]/div[8]/div[3]/div/div[3]/div[3]/div/ul/li[3]/a"): Attribute 'href' of object 'Object Repository/1. Constant/xpath' is: 'http://mdb-release.diadeis.lan/MediaboxIndependence/Base/ExecAction?action=VoirRef&IDSession=MBI!RELTESTAUTO_DREYERS!CLR3UNN7IMG5DVW0R594WSNFDSW7Z32E8S9HK8S6&num=858COGSNZL&id_ref=5265#tab_lifecycle_SASStepC_12148'

2022-06-09 19:38:12 - [MESSAGE][PASSED] - Delayed 5 second(s)

2022-06-09 19:38:13 - [MESSAGE][PASSED] - Attribute 'href' of object 'Object Repository/1. Constant/xpath' is: 'http://mdb-release.diadeis.lan/MediaboxIndependence/Base/ExecAction?action=VoirRef&IDSession=MBI!RELTESTAUTO_DREYERS!CLR3UNN7IMG5DVW0R594WSNFDSW7Z32E8S9HK8S6&num=858COGSNZL&id_ref=5265#tab_lifecycle_SASStepC_12148'

2022-06-09 19:38:13 - [TEST_STEP][PASSED] - verifyMatch(StepC_11, "SASStepC", false): Actual text 'SASStepC' and expected text 'SASStepC' are matched 

2022-06-09 19:38:13 - [MESSAGE][PASSED] - Actual text 'SASStepC' and expected text 'SASStepC' are matched 

2022-06-09 19:38:13 - [TEST_STEP][PASSED] - Started_StepCP5_1 = getText(findTestObject("1. Constant/xpath", ["xpath":"/html/body/div[1]/div[2]/div[8]/div[3]/div/div[3]/div[3]/div/div/div[3]/div/div[5]/div/div[2]/div[1]"])): Text of object 'Object Repository/1. Constant/xpath' is: 'Started 06/09/22 01:37 PM'

2022-06-09 19:38:13 - [MESSAGE][PASSED] - Text of object 'Object Repository/1. Constant/xpath' is: 'Started 06/09/22 01:37 PM'

2022-06-09 19:38:13 - [TEST_STEP][PASSED] - if (Started_StepCP5_1.contains("Started")): Actual object '1' and expected object '1' are equal

2022-06-09 19:38:13 - [TEST_STEP][PASSED] - verifyEqual(1, 1): Actual object '1' and expected object '1' are equal

2022-06-09 19:38:13 - [MESSAGE][PASSED] - Actual object '1' and expected object '1' are equal

2022-06-09 19:38:13 - [TEST_STEP][PASSED] - verifyElementNotPresent(findTestObject("1. Constant/xpath", ["xpath":"/html/body/div[1]/div[2]/div[8]/div[3]/div/div[3]/div[3]/div/div/div[3]/div/div[6]"]), 10): Web element with id: 'Object Repository/1. Constant/xpath' located by 'By.xpath: /html/body/div[1]/div[2]/div[8]/div[3]/div/div[3]/div[3]/div/div/div[3]/div/div[6]' is not present after '10' second(s)

2022-06-09 19:38:13 - [MESSAGE][PASSED] - Web element with id: 'Object Repository/1. Constant/xpath' located by 'By.xpath: /html/body/div[1]/div[2]/div[8]/div[3]/div/div[3]/div[3]/div/div/div[3]/div/div[6]' is not present after '10' second(s)

2022-06-09 19:38:13 - [TEST_STEP][PASSED] - StepC_2 = getAttribute(findTestObject("1. Constant/xpath", ["xpath":"/html/body/div[1]/div[2]/div[8]/div[3]/div/div[3]/div[3]/div/ul/li[4]/a"]), "class"): Attribute 'class' of object 'Object Repository/1. Constant/xpath' is: 'nav-link timeline-badge badge-xl  bg-waiting '

2022-06-09 19:38:13 - [MESSAGE][PASSED] - Attribute 'class' of object 'Object Repository/1. Constant/xpath' is: 'nav-link timeline-badge badge-xl  bg-waiting '

2022-06-09 19:38:13 - [TEST_STEP][PASSED] - verifyMatch(StepC_2, "nav-link timeline-badge badge-xl  bg-waiting ", false): Actual text 'nav-link timeline-badge badge-xl  bg-waiting ' and expected text 'nav-link timeline-badge badge-xl  bg-waiting ' are matched 

2022-06-09 19:38:13 - [MESSAGE][PASSED] - Actual text 'nav-link timeline-badge badge-xl  bg-waiting ' and expected text 'nav-link timeline-badge badge-xl  bg-waiting ' are matched 

2022-06-09 19:38:13 - [TEST_STEP][PASSED] - StepC_22 = I.Get_Stepname("/html/body/div[1]/div[2]/div[8]/div[3]/div/div[3]/div[3]/div/ul/li[4]/a"): Attribute 'href' of object 'Object Repository/1. Constant/xpath' is: 'http://mdb-release.diadeis.lan/MediaboxIndependence/Base/ExecAction?action=VoirRef&IDSession=MBI!RELTESTAUTO_DREYERS!CLR3UNN7IMG5DVW0R594WSNFDSW7Z32E8S9HK8S6&num=858COGSNZL&id_ref=5265#tab_lifecycle_SASStepC_12149'

2022-06-09 19:38:18 - [MESSAGE][PASSED] - Delayed 5 second(s)

2022-06-09 19:38:18 - [MESSAGE][PASSED] - Attribute 'href' of object 'Object Repository/1. Constant/xpath' is: 'http://mdb-release.diadeis.lan/MediaboxIndependence/Base/ExecAction?action=VoirRef&IDSession=MBI!RELTESTAUTO_DREYERS!CLR3UNN7IMG5DVW0R594WSNFDSW7Z32E8S9HK8S6&num=858COGSNZL&id_ref=5265#tab_lifecycle_SASStepC_12149'

2022-06-09 19:38:18 - [TEST_STEP][PASSED] - verifyMatch(StepC_22, "SASStepC", false): Actual text 'SASStepC' and expected text 'SASStepC' are matched 

2022-06-09 19:38:18 - [MESSAGE][PASSED] - Actual text 'SASStepC' and expected text 'SASStepC' are matched 

2022-06-09 19:38:18 - [TEST_STEP][PASSED] - click(findTestObject("1. Constant/xpath", ["xpath":"/html/body/div[1]/div[2]/div[8]/div[2]/div/nav/ol/li[2]/a"])): Object: 'Object Repository/1. Constant/xpath' is clicked on

2022-06-09 19:38:20 - [MESSAGE][PASSED] - Object: 'Object Repository/1. Constant/xpath' is clicked on

2022-06-09 19:38:20 - [TEST_STEP][PASSED] - takeScreenshot(): Taking screenshot successfully

2022-06-09 19:38:21 - [MESSAGE][PASSED] - Taking screenshot successfully
[[ATTACHMENT|D:\\Projet Test Auto\\Mediabox Test Automation\\Reports\\20220609_181011\\03. Parallel Testing (Testing)\\TS -PT PART 3\\14.01 Dreyers Support Action (Ongoing _ Completed ref) - PART 1\\20220609_181052\\1654796300489.png]]

2022-06-09 19:38:21 - [TEST_STEP][PASSED] - delay(1): Delayed 1 second(s)

2022-06-09 19:38:22 - [MESSAGE][PASSED] - Delayed 1 second(s)

2022-06-09 19:38:22 - [TEST_STEP][PASSED] - color2 = getCSSValue(findTestObject("1. Constant/xpath", ["xpath":"//*[@id="source_" + refID9 + ""]/td[14]/a[2]"]), "color", OPTIONAL): Get CSS 'color' value on 'Object Repository/1. Constant/xpath' successfully: 'rgba(255, 255, 255, 1)'.

2022-06-09 19:38:22 - [MESSAGE][PASSED] - Get CSS 'color' value on 'Object Repository/1. Constant/xpath' successfully: 'rgba(255, 255, 255, 1)'.

2022-06-09 19:38:22 - [TEST_STEP][PASSED] - I.print(color2): null

2022-06-09 19:38:22 - [TEST_STEP][PASSED] - while (color2 == "rgba(255, 255, 255, 1)"): Get CSS 'color' value on 'Object Repository/1. Constant/xpath' successfully: 'rgba(54, 153, 255, 1)'.

2022-06-09 19:38:22 - [TEST_STEP][PASSED] - click(findTestObject("1. Constant/xpath", ["xpath":"//*[@id="source_" + refID9 + ""]/td[14]/a[2]"])): Object: 'Object Repository/1. Constant/xpath' is clicked on

2022-06-09 19:38:24 - [MESSAGE][PASSED] - Object: 'Object Repository/1. Constant/xpath' is clicked on

2022-06-09 19:38:24 - [TEST_STEP][PASSED] - selectOptionByValue(findTestObject("1. Constant/xpath", ["xpath":"//*[@id="id_approval_flow_tpl"]"]), "80", false): All options with value '80' are selected in object 'Object Repository/1. Constant/xpath' 

2022-06-09 19:38:25 - [MESSAGE][PASSED] - All options with value '80' are selected in object 'Object Repository/1. Constant/xpath' 

2022-06-09 19:38:25 - [TEST_STEP][PASSED] - I.UploadDoc_sendkey_Prod(findTestObject("1. Constant/xpath", ["xpath":"//*[@id="kt_body"]/input[2]"]), "D:\Upoad_File\Upload doc\testdata1.jpg", "testdata1"): Delayed 5 second(s)

2022-06-09 19:38:25 - [MESSAGE][PASSED] - Scroll to object 'Object Repository/1. Constant/xpath' successfully

2022-06-09 19:38:30 - [MESSAGE][PASSED] - Delayed 5 second(s)

2022-06-09 19:38:30 - [MESSAGE][PASSED] - File 'D:\Upoad_File\Upload doc\testdata1.jpg' sent to object: 'Object Repository/1. Constant/xpath'

2022-06-09 19:38:35 - [MESSAGE][PASSED] - Delayed 5 second(s)

2022-06-09 19:38:35 - [MESSAGE][PASSED] - Text 'testdata1' is present on page 

2022-06-09 19:38:40 - [MESSAGE][PASSED] - Delayed 5 second(s)

2022-06-09 19:38:45 - [MESSAGE][PASSED] - Delayed 5 second(s)

2022-06-09 19:38:45 - [TEST_STEP][PASSED] - takeScreenshot(): Taking screenshot successfully

2022-06-09 19:38:46 - [MESSAGE][PASSED] - Taking screenshot successfully
[[ATTACHMENT|D:\\Projet Test Auto\\Mediabox Test Automation\\Reports\\20220609_181011\\03. Parallel Testing (Testing)\\TS -PT PART 3\\14.01 Dreyers Support Action (Ongoing _ Completed ref) - PART 1\\20220609_181052\\1654796325982.png]]

2022-06-09 19:38:46 - [TEST_STEP][PASSED] - delay(10): Delayed 10 second(s)

2022-06-09 19:38:56 - [MESSAGE][PASSED] - Delayed 10 second(s)

2022-06-09 19:38:56 - [TEST_STEP][PASSED] - click(findTestObject("HL Full Lifecycle/12 ReferncePage_Button_Updatensenddoc")): Object: 'Object Repository/HL Full Lifecycle/12 ReferncePage_Button_Updatensenddoc' is clicked on

2022-06-09 19:39:00 - [MESSAGE][PASSED] - Object: 'Object Repository/HL Full Lifecycle/12 ReferncePage_Button_Updatensenddoc' is clicked on

2022-06-09 19:39:00 - [TEST_STEP][PASSED] - delay(5): Delayed 5 second(s)

2022-06-09 19:39:05 - [MESSAGE][PASSED] - Delayed 5 second(s)

2022-06-09 19:39:05 - [TEST_STEP][PASSED] - color2 = getCSSValue(findTestObject("1. Constant/xpath", ["xpath":"//*[@id="source_" + refID9 + ""]/td[14]/a[2]"]), "color", OPTIONAL): Get CSS 'color' value on 'Object Repository/1. Constant/xpath' successfully: 'rgba(54, 153, 255, 1)'.

2022-06-09 19:39:06 - [MESSAGE][PASSED] - Get CSS 'color' value on 'Object Repository/1. Constant/xpath' successfully: 'rgba(54, 153, 255, 1)'.

2022-06-09 19:39:06 - [TEST_STEP][PASSED] - takeScreenshot(): Taking screenshot successfully

2022-06-09 19:39:07 - [MESSAGE][PASSED] - Taking screenshot successfully
[[ATTACHMENT|D:\\Projet Test Auto\\Mediabox Test Automation\\Reports\\20220609_181011\\03. Parallel Testing (Testing)\\TS -PT PART 3\\14.01 Dreyers Support Action (Ongoing _ Completed ref) - PART 1\\20220609_181052\\1654796346736.png]]

2022-06-09 19:39:07 - [TEST_STEP][PASSED] - click(findTestObject("1. Constant/xpath", ["xpath":"//*[@id="source_" + refID9 + ""]/td[6]/a"])): Object: 'Object Repository/1. Constant/xpath' is clicked on

2022-06-09 19:39:10 - [MESSAGE][PASSED] - Object: 'Object Repository/1. Constant/xpath' is clicked on

2022-06-09 19:39:10 - [TEST_STEP][PASSED] - takeScreenshot(): Taking screenshot successfully

2022-06-09 19:39:11 - [MESSAGE][PASSED] - Taking screenshot successfully
[[ATTACHMENT|D:\\Projet Test Auto\\Mediabox Test Automation\\Reports\\20220609_181011\\03. Parallel Testing (Testing)\\TS -PT PART 3\\14.01 Dreyers Support Action (Ongoing _ Completed ref) - PART 1\\20220609_181052\\1654796350848.png]]

2022-06-09 19:39:11 - [TEST_STEP][PASSED] - delay(1): Delayed 1 second(s)

2022-06-09 19:39:12 - [MESSAGE][PASSED] - Delayed 1 second(s)

2022-06-09 19:39:12 - [TEST_STEP][PASSED] - I.Approveforothers("/html/body/div[1]/div[2]/div[8]/div[3]/div/div[3]/div[2]/div/div[3]/div/div[2]/div[1]/div/div[2]/div/div[2]/div[2]/div/div/div[1]/img", "/html/body/div[1]/div[2]/div[8]/div[3]/div/div[3]/div[2]/div/div[3]/div/div[2]/div[1]/div/div[2]/div/div[2]/div[2]/div/div/div[6]/a[2]/span"): Object: 'Object Repository/1. Constant/xpath' is clicked on

2022-06-09 19:39:13 - [MESSAGE][PASSED] - Object: 'Object Repository/1. Constant/xpath' is clicked on

2022-06-09 19:39:14 - [MESSAGE][PASSED] - Delayed 1 second(s)

2022-06-09 19:39:15 - [MESSAGE][PASSED] - Object: 'Object Repository/1. Constant/xpath' is clicked on

2022-06-09 19:39:16 - [MESSAGE][PASSED] - Delayed 1 second(s)

2022-06-09 19:39:16 - [MESSAGE][PASSED] - Object: 'Object Repository/1. Constant/xpath' is hovered

2022-06-09 19:39:17 - [MESSAGE][PASSED] - Object: 'Object Repository/1. Constant/xpath' is clicked on

2022-06-09 19:39:18 - [MESSAGE][PASSED] - Delayed 1 second(s)

2022-06-09 19:39:21 - [MESSAGE][PASSED] - Object: 'Object Repository/1. Constant/xpath' is clicked on

2022-06-09 19:39:21 - [TEST_STEP][PASSED] - delay(1): Delayed 1 second(s)

2022-06-09 19:39:22 - [MESSAGE][PASSED] - Delayed 1 second(s)

2022-06-09 19:39:22 - [TEST_STEP][PASSED] - click(findTestObject("1. Constant/xpath", ["xpath":"//*[@id="kt_subheader"]/div/nav/ol/li[2]/a"])): Object: 'Object Repository/1. Constant/xpath' is clicked on

2022-06-09 19:39:25 - [MESSAGE][PASSED] - Object: 'Object Repository/1. Constant/xpath' is clicked on

2022-06-09 19:39:25 - [TEST_STEP][PASSED] - delay(1): Delayed 1 second(s)

2022-06-09 19:39:26 - [MESSAGE][PASSED] - Delayed 1 second(s)

2022-06-09 19:39:26 - [TEST_STEP][PASSED] - takeScreenshot(): Taking screenshot successfully

2022-06-09 19:39:26 - [MESSAGE][PASSED] - Taking screenshot successfully
[[ATTACHMENT|D:\\Projet Test Auto\\Mediabox Test Automation\\Reports\\20220609_181011\\03. Parallel Testing (Testing)\\TS -PT PART 3\\14.01 Dreyers Support Action (Ongoing _ Completed ref) - PART 1\\20220609_181052\\1654796366060.png]]

2022-06-09 19:39:26 - [TEST_STEP][PASSED] - Lifecycle_Status1 = getText(findTestObject("1. Constant/xpath", ["xpath":"//*[@id="source_" + refID9 + ""]/td[11]/span[1]"])): Text of object 'Object Repository/1. Constant/xpath' is: 'Phase 3.1 [Question]'

2022-06-09 19:39:26 - [MESSAGE][PASSED] - Text of object 'Object Repository/1. Constant/xpath' is: 'Phase 3.1 [Question]'

2022-06-09 19:39:26 - [TEST_STEP][PASSED] - verifyMatch(Lifecycle_Status1, "Phase 3.1 [Question]", false): Actual text 'Phase 3.1 [Question]' and expected text 'Phase 3.1 [Question]' are matched 

2022-06-09 19:39:26 - [MESSAGE][PASSED] - Actual text 'Phase 3.1 [Question]' and expected text 'Phase 3.1 [Question]' are matched 

2022-06-09 19:39:26 - [TEST_STEP][PASSED] - I.Logout(): Delayed 3 second(s)

2022-06-09 19:39:29 - [MESSAGE][PASSED] - Delayed 3 second(s)

2022-06-09 19:39:29 - [MESSAGE][PASSED] - Object: 'Object Repository/1. Constant/xpath' is clicked on

2022-06-09 19:39:32 - [MESSAGE][PASSED] - Delayed 3 second(s)

2022-06-09 19:39:34 - [MESSAGE][PASSED] - Object: 'Object Repository/1. Constant/xpath' is clicked on

2022-06-09 19:39:37 - [MESSAGE][PASSED] - Delayed 3 second(s)

2022-06-09 19:39:37 - [TEST_STEP][PASSED] - I.Login_password("talexeeva", password_talexeeva): Object: 'Object Repository/1. Constant/xpath' is clicked on

2022-06-09 19:39:37 - [MESSAGE][PASSED] - Text 'talexeeva' is set on object 'Object Repository/1. Constant/xpath'

2022-06-09 19:39:38 - [MESSAGE][PASSED] - Delayed 1 second(s)

2022-06-09 19:39:39 - [MESSAGE][PASSED] - Text 'diadeis2' is set on object 'Object Repository/1. Constant/xpath'

2022-06-09 19:39:40 - [MESSAGE][PASSED] - Delayed 1 second(s)

2022-06-09 19:39:44 - [MESSAGE][PASSED] - Object: 'Object Repository/1. Constant/xpath' is clicked on

2022-06-09 19:39:44 - [TEST_STEP][PASSED] - click(findTestObject("1. Constant/02_LHSMenu_Projects")): Object: 'Object Repository/1. Constant/02_LHSMenu_Projects' is clicked on

2022-06-09 19:39:47 - [MESSAGE][PASSED] - Object: 'Object Repository/1. Constant/02_LHSMenu_Projects' is clicked on

2022-06-09 19:39:47 - [TEST_STEP][PASSED] - I.SearchProjectNo_xpath(Project_No, "//*[@id="keynum_project"]", "//*[@id="form_filters"]/div[4]/button"): Delayed 5 second(s)

2022-06-09 19:39:48 - [MESSAGE][PASSED] - Delayed 1 second(s)

2022-06-09 19:39:48 - [MESSAGE][PASSED] - Text 'MI000876' is set on object 'Object Repository/1. Constant/xpath'

2022-06-09 19:39:51 - [MESSAGE][PASSED] - Delayed 3 second(s)

2022-06-09 19:39:51 - [MESSAGE][PASSED] - Scroll to object 'Object Repository/1. Constant/xpath' successfully

2022-06-09 19:39:53 - [MESSAGE][PASSED] - Object: 'Object Repository/1. Constant/xpath' is clicked on

2022-06-09 19:39:58 - [MESSAGE][PASSED] - Delayed 5 second(s)

2022-06-09 19:39:58 - [TEST_STEP][PASSED] - I.SearchRefNo_xpath("P9_Auto", "//*[@id="fiche_filter_keywords11"]", "//*[@id="form_filters"]/div[3]/button"): Delayed 5 second(s)

2022-06-09 19:39:59 - [MESSAGE][PASSED] - Delayed 1 second(s)

2022-06-09 19:40:00 - [MESSAGE][PASSED] - Text 'P9_Auto' is set on object 'Object Repository/1. Constant/xpath'

2022-06-09 19:40:03 - [MESSAGE][PASSED] - Delayed 3 second(s)

2022-06-09 19:40:04 - [MESSAGE][PASSED] - Scroll to object 'Object Repository/1. Constant/xpath' successfully

2022-06-09 19:40:06 - [MESSAGE][PASSED] - Object: 'Object Repository/1. Constant/xpath' is clicked on

2022-06-09 19:40:11 - [MESSAGE][PASSED] - Delayed 5 second(s)

2022-06-09 19:40:11 - [TEST_STEP][PASSED] - takeScreenshot(): Taking screenshot successfully

2022-06-09 19:40:12 - [MESSAGE][PASSED] - Taking screenshot successfully
[[ATTACHMENT|D:\\Projet Test Auto\\Mediabox Test Automation\\Reports\\20220609_181011\\03. Parallel Testing (Testing)\\TS -PT PART 3\\14.01 Dreyers Support Action (Ongoing _ Completed ref) - PART 1\\20220609_181052\\1654796411853.png]]

2022-06-09 19:40:12 - [TEST_STEP][PASSED] - I.submitquesiton_ref(findTestObject("1. Constant/xpath", ["xpath":"//*[@id="source_" + refID9 + ""]/td[13]/div[1]/button"]), findTestObject("1. Constant/xpath", ["xpath":"//*[@id="source_" + refID9 + ""]/td[13]/div[1]/div/a[1]"])): Object: 'Object Repository/1. Constant/xpath' is clicked on

2022-06-09 19:40:12 - [MESSAGE][PASSED] - Object: 'Object Repository/1. Constant/xpath' is clicked on

2022-06-09 19:40:15 - [MESSAGE][PASSED] - Delayed 3 second(s)

2022-06-09 19:40:17 - [MESSAGE][PASSED] - Object: 'Object Repository/1. Constant/xpath' is clicked on

2022-06-09 19:40:17 - [TEST_STEP][PASSED] - click(findTestObject("1. Constant/xpath", ["xpath":"//*[@id="ModifFiche"]/div[1]/div/button[2]"])): Object: 'Object Repository/1. Constant/xpath' is clicked on

2022-06-09 19:40:20 - [MESSAGE][PASSED] - Object: 'Object Repository/1. Constant/xpath' is clicked on

2022-06-09 19:40:20 - [TEST_STEP][PASSED] - takeScreenshot(): Taking screenshot successfully

2022-06-09 19:40:21 - [MESSAGE][PASSED] - Taking screenshot successfully
[[ATTACHMENT|D:\\Projet Test Auto\\Mediabox Test Automation\\Reports\\20220609_181011\\03. Parallel Testing (Testing)\\TS -PT PART 3\\14.01 Dreyers Support Action (Ongoing _ Completed ref) - PART 1\\20220609_181052\\1654796420631.png]]

2022-06-09 19:40:21 - [TEST_STEP][PASSED] - Lifecycle_Status2 = getText(findTestObject("1. Constant/xpath", ["xpath":"//*[@id="source_" + refID9 + ""]/td[12]/span[1]"])): Text of object 'Object Repository/1. Constant/xpath' is: 'Phase 3.2 [Question]'

2022-06-09 19:40:21 - [MESSAGE][PASSED] - Text of object 'Object Repository/1. Constant/xpath' is: 'Phase 3.2 [Question]'

2022-06-09 19:40:21 - [TEST_STEP][PASSED] - verifyMatch(Lifecycle_Status2, "Phase 3.2 [Question]", false): Actual text 'Phase 3.2 [Question]' and expected text 'Phase 3.2 [Question]' are matched 

2022-06-09 19:40:21 - [MESSAGE][PASSED] - Actual text 'Phase 3.2 [Question]' and expected text 'Phase 3.2 [Question]' are matched 

2022-06-09 19:40:21 - [TEST_STEP][PASSED] - I.Logout(): Delayed 3 second(s)

2022-06-09 19:40:24 - [MESSAGE][PASSED] - Delayed 3 second(s)

2022-06-09 19:40:24 - [MESSAGE][PASSED] - Object: 'Object Repository/1. Constant/xpath' is clicked on

2022-06-09 19:40:27 - [MESSAGE][PASSED] - Delayed 3 second(s)

2022-06-09 19:40:30 - [MESSAGE][PASSED] - Object: 'Object Repository/1. Constant/xpath' is clicked on

2022-06-09 19:40:33 - [MESSAGE][PASSED] - Delayed 3 second(s)

2022-06-09 19:40:33 - [TEST_STEP][PASSED] - I.Login_password("nturner", password_nturner): Object: 'Object Repository/1. Constant/xpath' is clicked on

2022-06-09 19:40:33 - [MESSAGE][PASSED] - Text 'nturner' is set on object 'Object Repository/1. Constant/xpath'

2022-06-09 19:40:34 - [MESSAGE][PASSED] - Delayed 1 second(s)

2022-06-09 19:40:35 - [MESSAGE][PASSED] - Text 'diadeis1' is set on object 'Object Repository/1. Constant/xpath'

2022-06-09 19:40:36 - [MESSAGE][PASSED] - Delayed 1 second(s)

2022-06-09 19:40:40 - [MESSAGE][PASSED] - Object: 'Object Repository/1. Constant/xpath' is clicked on

2022-06-09 19:40:40 - [TEST_STEP][PASSED] - delay(1): Delayed 1 second(s)

2022-06-09 19:40:41 - [MESSAGE][PASSED] - Delayed 1 second(s)

2022-06-09 19:40:41 - [TEST_STEP][PASSED] - takeScreenshot(): Taking screenshot successfully

2022-06-09 19:40:42 - [MESSAGE][PASSED] - Taking screenshot successfully
[[ATTACHMENT|D:\\Projet Test Auto\\Mediabox Test Automation\\Reports\\20220609_181011\\03. Parallel Testing (Testing)\\TS -PT PART 3\\14.01 Dreyers Support Action (Ongoing _ Completed ref) - PART 1\\20220609_181052\\1654796442171.png]]

2022-06-09 19:40:42 - [TEST_STEP][PASSED] - click(findTestObject("1. Constant/02_LHSMenu_Projects")): Object: 'Object Repository/1. Constant/02_LHSMenu_Projects' is clicked on

2022-06-09 19:40:44 - [MESSAGE][PASSED] - Object: 'Object Repository/1. Constant/02_LHSMenu_Projects' is clicked on

2022-06-09 19:40:44 - [TEST_STEP][PASSED] - I.SearchProjectNo_xpath(Project_No, "//*[@id="keynum_project"]", "//*[@id="form_filters"]/div[4]/button"): Delayed 5 second(s)

2022-06-09 19:40:45 - [MESSAGE][PASSED] - Delayed 1 second(s)

2022-06-09 19:40:45 - [MESSAGE][PASSED] - Text 'MI000876' is set on object 'Object Repository/1. Constant/xpath'

2022-06-09 19:40:48 - [MESSAGE][PASSED] - Delayed 3 second(s)

2022-06-09 19:40:49 - [MESSAGE][PASSED] - Scroll to object 'Object Repository/1. Constant/xpath' successfully

2022-06-09 19:40:52 - [MESSAGE][PASSED] - Object: 'Object Repository/1. Constant/xpath' is clicked on

2022-06-09 19:40:57 - [MESSAGE][PASSED] - Delayed 5 second(s)

2022-06-09 19:40:57 - [TEST_STEP][PASSED] - takeScreenshot(): Taking screenshot successfully

2022-06-09 19:40:58 - [MESSAGE][PASSED] - Taking screenshot successfully
[[ATTACHMENT|D:\\Projet Test Auto\\Mediabox Test Automation\\Reports\\20220609_181011\\03. Parallel Testing (Testing)\\TS -PT PART 3\\14.01 Dreyers Support Action (Ongoing _ Completed ref) - PART 1\\20220609_181052\\1654796457794.png]]

2022-06-09 19:40:58 - [TEST_STEP][PASSED] - I.SearchRefNo_xpath("P9_Auto", "//*[@id="fiche_filter_keywords11"]", "//*[@id="form_filters"]/div[3]/button"): Delayed 5 second(s)

2022-06-09 19:40:59 - [MESSAGE][PASSED] - Delayed 1 second(s)

2022-06-09 19:41:02 - [MESSAGE][PASSED] - Text 'P9_Auto' is set on object 'Object Repository/1. Constant/xpath'

2022-06-09 19:41:05 - [MESSAGE][PASSED] - Delayed 3 second(s)

2022-06-09 19:41:05 - [MESSAGE][PASSED] - Scroll to object 'Object Repository/1. Constant/xpath' successfully

2022-06-09 19:41:08 - [MESSAGE][PASSED] - Object: 'Object Repository/1. Constant/xpath' is clicked on

2022-06-09 19:41:13 - [MESSAGE][PASSED] - Delayed 5 second(s)

2022-06-09 19:41:13 - [TEST_STEP][PASSED] - I.submitquesiton_ref(findTestObject("1. Constant/xpath", ["xpath":"//*[@id="source_" + refID9 + ""]/td[13]/div/button"]), findTestObject("1. Constant/xpath", ["xpath":"//*[@id="source_" + refID9 + ""]/td[13]/div/div/a[1]"])): Object: 'Object Repository/1. Constant/xpath' is clicked on

2022-06-09 19:41:14 - [MESSAGE][PASSED] - Object: 'Object Repository/1. Constant/xpath' is clicked on

2022-06-09 19:41:17 - [MESSAGE][PASSED] - Delayed 3 second(s)

2022-06-09 19:41:19 - [MESSAGE][PASSED] - Object: 'Object Repository/1. Constant/xpath' is clicked on

2022-06-09 19:41:19 - [TEST_STEP][PASSED] - click(findTestObject("1. Constant/xpath", ["xpath":"//*[@id="ModifFiche"]/div[1]/div/button[2]"])): Object: 'Object Repository/1. Constant/xpath' is clicked on

2022-06-09 19:41:23 - [MESSAGE][PASSED] - Object: 'Object Repository/1. Constant/xpath' is clicked on

2022-06-09 19:41:23 - [TEST_STEP][PASSED] - Lifecycle_Status3 = getText(findTestObject("1. Constant/xpath", ["xpath":"//*[@id="source_" + refID9 + ""]/td[12]/span[1]"])): Text of object 'Object Repository/1. Constant/xpath' is: 'Phase 3.3 [Standard]'

2022-06-09 19:41:24 - [MESSAGE][PASSED] - Text of object 'Object Repository/1. Constant/xpath' is: 'Phase 3.3 [Standard]'

2022-06-09 19:41:24 - [TEST_STEP][PASSED] - verifyMatch(Lifecycle_Status3, "Phase 3.3 [Standard]", false): Actual text 'Phase 3.3 [Standard]' and expected text 'Phase 3.3 [Standard]' are matched 

2022-06-09 19:41:24 - [MESSAGE][PASSED] - Actual text 'Phase 3.3 [Standard]' and expected text 'Phase 3.3 [Standard]' are matched 

2022-06-09 19:41:24 - [TEST_STEP][PASSED] - takeScreenshot(): Taking screenshot successfully

2022-06-09 19:41:24 - [MESSAGE][PASSED] - Taking screenshot successfully
[[ATTACHMENT|D:\\Projet Test Auto\\Mediabox Test Automation\\Reports\\20220609_181011\\03. Parallel Testing (Testing)\\TS -PT PART 3\\14.01 Dreyers Support Action (Ongoing _ Completed ref) - PART 1\\20220609_181052\\1654796484227.png]]

2022-06-09 19:41:24 - [TEST_STEP][PASSED] - I.Logout(): Delayed 3 second(s)

2022-06-09 19:41:27 - [MESSAGE][PASSED] - Delayed 3 second(s)

2022-06-09 19:41:28 - [MESSAGE][PASSED] - Object: 'Object Repository/1. Constant/xpath' is clicked on

2022-06-09 19:41:31 - [MESSAGE][PASSED] - Delayed 3 second(s)

2022-06-09 19:41:34 - [MESSAGE][PASSED] - Object: 'Object Repository/1. Constant/xpath' is clicked on

2022-06-09 19:41:37 - [MESSAGE][PASSED] - Delayed 3 second(s)

2022-06-09 19:41:37 - [TEST_STEP][PASSED] - I.Login_password("jryan", password_jryan): Object: 'Object Repository/1. Constant/xpath' is clicked on

2022-06-09 19:41:37 - [MESSAGE][PASSED] - Text 'jryan' is set on object 'Object Repository/1. Constant/xpath'

2022-06-09 19:41:38 - [MESSAGE][PASSED] - Delayed 1 second(s)

2022-06-09 19:41:38 - [MESSAGE][PASSED] - Text 'diadeis' is set on object 'Object Repository/1. Constant/xpath'

2022-06-09 19:41:39 - [MESSAGE][PASSED] - Delayed 1 second(s)

2022-06-09 19:41:43 - [MESSAGE][PASSED] - Object: 'Object Repository/1. Constant/xpath' is clicked on

2022-06-09 19:41:43 - [TEST_STEP][PASSED] - takeScreenshot(): Taking screenshot successfully

2022-06-09 19:41:43 - [MESSAGE][PASSED] - Taking screenshot successfully
[[ATTACHMENT|D:\\Projet Test Auto\\Mediabox Test Automation\\Reports\\20220609_181011\\03. Parallel Testing (Testing)\\TS -PT PART 3\\14.01 Dreyers Support Action (Ongoing _ Completed ref) - PART 1\\20220609_181052\\1654796503073.png]]

2022-06-09 19:41:43 - [TEST_STEP][PASSED] - click(findTestObject("1. Constant/02_LHSMenu_Projects")): Object: 'Object Repository/1. Constant/02_LHSMenu_Projects' is clicked on

2022-06-09 19:41:45 - [MESSAGE][PASSED] - Object: 'Object Repository/1. Constant/02_LHSMenu_Projects' is clicked on

2022-06-09 19:41:45 - [TEST_STEP][PASSED] - I.SearchProjectNo_xpath(Project_No, "//*[@id="keynum_project"]", "//*[@id="form_filters"]/div[4]/button"): Delayed 5 second(s)

2022-06-09 19:41:46 - [MESSAGE][PASSED] - Delayed 1 second(s)

2022-06-09 19:41:46 - [MESSAGE][PASSED] - Text 'MI000876' is set on object 'Object Repository/1. Constant/xpath'

2022-06-09 19:41:49 - [MESSAGE][PASSED] - Delayed 3 second(s)

2022-06-09 19:41:49 - [MESSAGE][PASSED] - Scroll to object 'Object Repository/1. Constant/xpath' successfully

2022-06-09 19:41:52 - [MESSAGE][PASSED] - Object: 'Object Repository/1. Constant/xpath' is clicked on

2022-06-09 19:41:57 - [MESSAGE][PASSED] - Delayed 5 second(s)

2022-06-09 19:41:57 - [TEST_STEP][PASSED] - takeScreenshot(): Taking screenshot successfully

2022-06-09 19:41:58 - [MESSAGE][PASSED] - Taking screenshot successfully
[[ATTACHMENT|D:\\Projet Test Auto\\Mediabox Test Automation\\Reports\\20220609_181011\\03. Parallel Testing (Testing)\\TS -PT PART 3\\14.01 Dreyers Support Action (Ongoing _ Completed ref) - PART 1\\20220609_181052\\1654796518000.png]]

2022-06-09 19:41:58 - [TEST_STEP][PASSED] - I.SearchRefNo_xpath("P9_Auto", "//*[@id="fiche_filter_keywords11"]", "//*[@id="form_filters"]/div[3]/button"): Delayed 5 second(s)

2022-06-09 19:41:59 - [MESSAGE][PASSED] - Delayed 1 second(s)

2022-06-09 19:42:00 - [MESSAGE][PASSED] - Text 'P9_Auto' is set on object 'Object Repository/1. Constant/xpath'

2022-06-09 19:42:03 - [MESSAGE][PASSED] - Delayed 3 second(s)

2022-06-09 19:42:03 - [MESSAGE][PASSED] - Scroll to object 'Object Repository/1. Constant/xpath' successfully

2022-06-09 19:42:05 - [MESSAGE][PASSED] - Object: 'Object Repository/1. Constant/xpath' is clicked on

2022-06-09 19:42:10 - [MESSAGE][PASSED] - Delayed 5 second(s)

2022-06-09 19:42:10 - [TEST_STEP][PASSED] - takeScreenshot(): Taking screenshot successfully

2022-06-09 19:42:10 - [MESSAGE][PASSED] - Taking screenshot successfully
[[ATTACHMENT|D:\\Projet Test Auto\\Mediabox Test Automation\\Reports\\20220609_181011\\03. Parallel Testing (Testing)\\TS -PT PART 3\\14.01 Dreyers Support Action (Ongoing _ Completed ref) - PART 1\\20220609_181052\\1654796530396.png]]

2022-06-09 19:42:10 - [TEST_STEP][PASSED] - click(findTestObject("1. Constant/xpath", ["xpath":"//*[@id="source_" + refID9 + ""]/td[14]/a[2]"])): Object: 'Object Repository/1. Constant/xpath' is clicked on

2022-06-09 19:42:12 - [MESSAGE][PASSED] - Object: 'Object Repository/1. Constant/xpath' is clicked on

2022-06-09 19:42:12 - [TEST_STEP][PASSED] - click(findTestObject("1. Constant/xpath", ["xpath":"//*[@id="ModifFiche"]/div[1]/div/button[2]"])): Object: 'Object Repository/1. Constant/xpath' is clicked on

2022-06-09 19:42:16 - [MESSAGE][PASSED] - Object: 'Object Repository/1. Constant/xpath' is clicked on

2022-06-09 19:42:16 - [TEST_STEP][PASSED] - Lifecycle_Status4 = getText(findTestObject("1. Constant/xpath", ["xpath":"//*[@id="source_" + refID9 + ""]/td[12]/span[1]"])): Text of object 'Object Repository/1. Constant/xpath' is: 'Phase 3.4 [Standard]'

2022-06-09 19:42:16 - [MESSAGE][PASSED] - Text of object 'Object Repository/1. Constant/xpath' is: 'Phase 3.4 [Standard]'

2022-06-09 19:42:16 - [TEST_STEP][PASSED] - verifyMatch(Lifecycle_Status4, "Phase 3.4 [Standard]", false): Actual text 'Phase 3.4 [Standard]' and expected text 'Phase 3.4 [Standard]' are matched 

2022-06-09 19:42:16 - [MESSAGE][PASSED] - Actual text 'Phase 3.4 [Standard]' and expected text 'Phase 3.4 [Standard]' are matched 

2022-06-09 19:42:16 - [TEST_STEP][PASSED] - takeScreenshot(): Taking screenshot successfully

2022-06-09 19:42:16 - [MESSAGE][PASSED] - Taking screenshot successfully
[[ATTACHMENT|D:\\Projet Test Auto\\Mediabox Test Automation\\Reports\\20220609_181011\\03. Parallel Testing (Testing)\\TS -PT PART 3\\14.01 Dreyers Support Action (Ongoing _ Completed ref) - PART 1\\20220609_181052\\1654796536399.png]]

2022-06-09 19:42:16 - [TEST_STEP][PASSED] - I.Logout(): Delayed 3 second(s)

2022-06-09 19:42:19 - [MESSAGE][PASSED] - Delayed 3 second(s)

2022-06-09 19:42:20 - [MESSAGE][PASSED] - Object: 'Object Repository/1. Constant/xpath' is clicked on

2022-06-09 19:42:23 - [MESSAGE][PASSED] - Delayed 3 second(s)

2022-06-09 19:42:25 - [MESSAGE][PASSED] - Object: 'Object Repository/1. Constant/xpath' is clicked on

2022-06-09 19:42:28 - [MESSAGE][PASSED] - Delayed 3 second(s)

2022-06-09 19:42:28 - [TEST_STEP][PASSED] - I.Login_password("nturner", password_nturner): Object: 'Object Repository/1. Constant/xpath' is clicked on

2022-06-09 19:42:28 - [MESSAGE][PASSED] - Text 'nturner' is set on object 'Object Repository/1. Constant/xpath'

2022-06-09 19:42:29 - [MESSAGE][PASSED] - Delayed 1 second(s)

2022-06-09 19:42:29 - [MESSAGE][PASSED] - Text 'diadeis1' is set on object 'Object Repository/1. Constant/xpath'

2022-06-09 19:42:30 - [MESSAGE][PASSED] - Delayed 1 second(s)

2022-06-09 19:42:34 - [MESSAGE][PASSED] - Object: 'Object Repository/1. Constant/xpath' is clicked on

2022-06-09 19:42:34 - [TEST_STEP][PASSED] - takeScreenshot(): Taking screenshot successfully

2022-06-09 19:42:34 - [MESSAGE][PASSED] - Taking screenshot successfully
[[ATTACHMENT|D:\\Projet Test Auto\\Mediabox Test Automation\\Reports\\20220609_181011\\03. Parallel Testing (Testing)\\TS -PT PART 3\\14.01 Dreyers Support Action (Ongoing _ Completed ref) - PART 1\\20220609_181052\\1654796554078.png]]

2022-06-09 19:42:34 - [TEST_STEP][PASSED] - click(findTestObject("1. Constant/02_LHSMenu_Projects")): Object: 'Object Repository/1. Constant/02_LHSMenu_Projects' is clicked on

2022-06-09 19:42:36 - [MESSAGE][PASSED] - Object: 'Object Repository/1. Constant/02_LHSMenu_Projects' is clicked on

2022-06-09 19:42:36 - [TEST_STEP][PASSED] - I.SearchProjectNo_xpath(Project_No, "//*[@id="keynum_project"]", "//*[@id="form_filters"]/div[4]/button"): Delayed 5 second(s)

2022-06-09 19:42:37 - [MESSAGE][PASSED] - Delayed 1 second(s)

2022-06-09 19:42:37 - [MESSAGE][PASSED] - Text 'MI000876' is set on object 'Object Repository/1. Constant/xpath'

2022-06-09 19:42:40 - [MESSAGE][PASSED] - Delayed 3 second(s)

2022-06-09 19:42:40 - [MESSAGE][PASSED] - Scroll to object 'Object Repository/1. Constant/xpath' successfully

2022-06-09 19:42:42 - [MESSAGE][PASSED] - Object: 'Object Repository/1. Constant/xpath' is clicked on

2022-06-09 19:42:47 - [MESSAGE][PASSED] - Delayed 5 second(s)

2022-06-09 19:42:47 - [TEST_STEP][PASSED] - takeScreenshot(): Taking screenshot successfully

2022-06-09 19:42:49 - [MESSAGE][PASSED] - Taking screenshot successfully
[[ATTACHMENT|D:\\Projet Test Auto\\Mediabox Test Automation\\Reports\\20220609_181011\\03. Parallel Testing (Testing)\\TS -PT PART 3\\14.01 Dreyers Support Action (Ongoing _ Completed ref) - PART 1\\20220609_181052\\1654796568760.png]]

2022-06-09 19:42:49 - [TEST_STEP][PASSED] - I.SearchRefNo_xpath("P9_Auto", "//*[@id="fiche_filter_keywords11"]", "//*[@id="form_filters"]/div[3]/button"): Delayed 5 second(s)

2022-06-09 19:42:50 - [MESSAGE][PASSED] - Delayed 1 second(s)

2022-06-09 19:42:52 - [MESSAGE][PASSED] - Text 'P9_Auto' is set on object 'Object Repository/1. Constant/xpath'

2022-06-09 19:42:55 - [MESSAGE][PASSED] - Delayed 3 second(s)

2022-06-09 19:42:55 - [MESSAGE][PASSED] - Scroll to object 'Object Repository/1. Constant/xpath' successfully

2022-06-09 19:42:58 - [MESSAGE][PASSED] - Object: 'Object Repository/1. Constant/xpath' is clicked on

2022-06-09 19:43:03 - [MESSAGE][PASSED] - Delayed 5 second(s)

2022-06-09 19:43:03 - [TEST_STEP][PASSED] - click(findTestObject("1. Constant/xpath", ["xpath":"//*[@id="source_" + refID9 + ""]/td[13]/a[2]"])): Object: 'Object Repository/1. Constant/xpath' is clicked on

2022-06-09 19:43:05 - [MESSAGE][PASSED] - Object: 'Object Repository/1. Constant/xpath' is clicked on

2022-06-09 19:43:05 - [TEST_STEP][PASSED] - click(findTestObject("1. Constant/xpath", ["xpath":"//*[@id="ModifFiche"]/div[1]/div/button[2]"])): Object: 'Object Repository/1. Constant/xpath' is clicked on

2022-06-09 19:43:10 - [MESSAGE][PASSED] - Object: 'Object Repository/1. Constant/xpath' is clicked on

2022-06-09 19:43:10 - [TEST_STEP][PASSED] - Lifecycle_Status5 = getText(findTestObject("1. Constant/xpath", ["xpath":"//*[@id="source_" + refID9 + ""]/td[12]/span[1]"])): Text of object 'Object Repository/1. Constant/xpath' is: 'Phase 3.5[Prod]'

2022-06-09 19:43:10 - [MESSAGE][PASSED] - Text of object 'Object Repository/1. Constant/xpath' is: 'Phase 3.5[Prod]'

2022-06-09 19:43:10 - [TEST_STEP][PASSED] - verifyMatch(Lifecycle_Status5, "Phase 3.5[Prod]", false): Actual text 'Phase 3.5[Prod]' and expected text 'Phase 3.5[Prod]' are matched 

2022-06-09 19:43:10 - [MESSAGE][PASSED] - Actual text 'Phase 3.5[Prod]' and expected text 'Phase 3.5[Prod]' are matched 

2022-06-09 19:43:10 - [TEST_STEP][PASSED] - takeScreenshot(): Taking screenshot successfully

2022-06-09 19:43:11 - [MESSAGE][PASSED] - Taking screenshot successfully
[[ATTACHMENT|D:\\Projet Test Auto\\Mediabox Test Automation\\Reports\\20220609_181011\\03. Parallel Testing (Testing)\\TS -PT PART 3\\14.01 Dreyers Support Action (Ongoing _ Completed ref) - PART 1\\20220609_181052\\1654796590917.png]]

2022-06-09 19:43:11 - [TEST_STEP][PASSED] - I.Logout(): Delayed 3 second(s)

2022-06-09 19:43:14 - [MESSAGE][PASSED] - Delayed 3 second(s)

2022-06-09 19:43:14 - [MESSAGE][PASSED] - Object: 'Object Repository/1. Constant/xpath' is clicked on

2022-06-09 19:43:17 - [MESSAGE][PASSED] - Delayed 3 second(s)

2022-06-09 19:43:19 - [MESSAGE][PASSED] - Object: 'Object Repository/1. Constant/xpath' is clicked on

2022-06-09 19:43:22 - [MESSAGE][PASSED] - Delayed 3 second(s)

2022-06-09 19:43:22 - [TEST_STEP][PASSED] - I.Login_password("lmary", password_lmary): Object: 'Object Repository/1. Constant/xpath' is clicked on

2022-06-09 19:43:23 - [MESSAGE][PASSED] - Text 'lmary' is set on object 'Object Repository/1. Constant/xpath'

2022-06-09 19:43:24 - [MESSAGE][PASSED] - Delayed 1 second(s)

2022-06-09 19:43:24 - [MESSAGE][PASSED] - Text 'diadeis' is set on object 'Object Repository/1. Constant/xpath'

2022-06-09 19:43:25 - [MESSAGE][PASSED] - Delayed 1 second(s)

2022-06-09 19:43:29 - [MESSAGE][PASSED] - Object: 'Object Repository/1. Constant/xpath' is clicked on

2022-06-09 19:43:29 - [TEST_STEP][PASSED] - takeScreenshot(): Taking screenshot successfully

2022-06-09 19:43:29 - [MESSAGE][PASSED] - Taking screenshot successfully
[[ATTACHMENT|D:\\Projet Test Auto\\Mediabox Test Automation\\Reports\\20220609_181011\\03. Parallel Testing (Testing)\\TS -PT PART 3\\14.01 Dreyers Support Action (Ongoing _ Completed ref) - PART 1\\20220609_181052\\1654796609516.png]]

2022-06-09 19:43:29 - [TEST_STEP][PASSED] - click(findTestObject("1. Constant/02_LHSMenu_Projects")): Object: 'Object Repository/1. Constant/02_LHSMenu_Projects' is clicked on

2022-06-09 19:43:31 - [MESSAGE][PASSED] - Object: 'Object Repository/1. Constant/02_LHSMenu_Projects' is clicked on

2022-06-09 19:43:31 - [TEST_STEP][PASSED] - I.SearchProjectNo_xpath(Project_No, "//*[@id="keynum_project"]", "//*[@id="form_filters"]/div[4]/button"): Delayed 5 second(s)

2022-06-09 19:43:32 - [MESSAGE][PASSED] - Delayed 1 second(s)

2022-06-09 19:43:33 - [MESSAGE][PASSED] - Text 'MI000876' is set on object 'Object Repository/1. Constant/xpath'

2022-06-09 19:43:36 - [MESSAGE][PASSED] - Delayed 3 second(s)

2022-06-09 19:43:36 - [MESSAGE][PASSED] - Scroll to object 'Object Repository/1. Constant/xpath' successfully

2022-06-09 19:43:40 - [MESSAGE][PASSED] - Object: 'Object Repository/1. Constant/xpath' is clicked on

2022-06-09 19:43:45 - [MESSAGE][PASSED] - Delayed 5 second(s)

2022-06-09 19:43:45 - [TEST_STEP][PASSED] - takeScreenshot(): Taking screenshot successfully

2022-06-09 19:43:46 - [MESSAGE][PASSED] - Taking screenshot successfully
[[ATTACHMENT|D:\\Projet Test Auto\\Mediabox Test Automation\\Reports\\20220609_181011\\03. Parallel Testing (Testing)\\TS -PT PART 3\\14.01 Dreyers Support Action (Ongoing _ Completed ref) - PART 1\\20220609_181052\\1654796625625.png]]

2022-06-09 19:43:46 - [TEST_STEP][PASSED] - I.SearchRefNo_xpath("P9_Auto", "//*[@id="fiche_filter_keywords11"]", "//*[@id="form_filters"]/div[3]/button"): Delayed 5 second(s)

2022-06-09 19:43:47 - [MESSAGE][PASSED] - Delayed 1 second(s)

2022-06-09 19:43:47 - [MESSAGE][PASSED] - Text 'P9_Auto' is set on object 'Object Repository/1. Constant/xpath'

2022-06-09 19:43:50 - [MESSAGE][PASSED] - Delayed 3 second(s)

2022-06-09 19:43:50 - [MESSAGE][PASSED] - Scroll to object 'Object Repository/1. Constant/xpath' successfully

2022-06-09 19:43:52 - [MESSAGE][PASSED] - Object: 'Object Repository/1. Constant/xpath' is clicked on

2022-06-09 19:43:57 - [MESSAGE][PASSED] - Delayed 5 second(s)

2022-06-09 19:43:57 - [TEST_STEP][PASSED] - takeScreenshot(): Taking screenshot successfully

2022-06-09 19:43:57 - [MESSAGE][PASSED] - Taking screenshot successfully
[[ATTACHMENT|D:\\Projet Test Auto\\Mediabox Test Automation\\Reports\\20220609_181011\\03. Parallel Testing (Testing)\\TS -PT PART 3\\14.01 Dreyers Support Action (Ongoing _ Completed ref) - PART 1\\20220609_181052\\1654796637186.png]]

2022-06-09 19:43:57 - [TEST_STEP][PASSED] - color3 = getCSSValue(findTestObject("1. Constant/xpath", ["xpath":"//*[@id="source_" + refID9 + ""]/td[13]/a"]), "color", OPTIONAL): Get CSS 'color' value on 'Object Repository/1. Constant/xpath' successfully: 'rgba(255, 255, 255, 1)'.

2022-06-09 19:43:57 - [MESSAGE][PASSED] - Get CSS 'color' value on 'Object Repository/1. Constant/xpath' successfully: 'rgba(255, 255, 255, 1)'.

2022-06-09 19:43:57 - [TEST_STEP][PASSED] - while (color3 == "rgba(255, 255, 255, 1)"): Get CSS 'color' value on 'Object Repository/1. Constant/xpath' successfully: 'rgba(54, 153, 255, 1)'.

2022-06-09 19:43:57 - [TEST_STEP][PASSED] - click(findTestObject("1. Constant/xpath", ["xpath":"//*[@id="source_" + refID9 + ""]/td[13]/a"])): Object: 'Object Repository/1. Constant/xpath' is clicked on

2022-06-09 19:43:58 - [MESSAGE][PASSED] - Object: 'Object Repository/1. Constant/xpath' is clicked on

2022-06-09 19:43:58 - [TEST_STEP][PASSED] - selectOptionByValue(findTestObject("1. Constant/xpath", ["xpath":"//*[@id="id_approval_flow_tpl"]"]), "80", false): All options with value '80' are selected in object 'Object Repository/1. Constant/xpath' 

2022-06-09 19:43:59 - [MESSAGE][PASSED] - All options with value '80' are selected in object 'Object Repository/1. Constant/xpath' 

2022-06-09 19:43:59 - [TEST_STEP][PASSED] - I.UploadDoc_sendkey_Prod(findTestObject("1. Constant/xpath", ["xpath":"//*[@id="kt_body"]/input[2]"]), "D:\Upoad_File\Upload doc\testdata1.jpg", "testdata1"): Delayed 5 second(s)

2022-06-09 19:43:59 - [MESSAGE][PASSED] - Scroll to object 'Object Repository/1. Constant/xpath' successfully

2022-06-09 19:44:04 - [MESSAGE][PASSED] - Delayed 5 second(s)

2022-06-09 19:44:04 - [MESSAGE][PASSED] - File 'D:\Upoad_File\Upload doc\testdata1.jpg' sent to object: 'Object Repository/1. Constant/xpath'

2022-06-09 19:44:09 - [MESSAGE][PASSED] - Delayed 5 second(s)

2022-06-09 19:44:10 - [MESSAGE][PASSED] - Text 'testdata1' is present on page 

2022-06-09 19:44:15 - [MESSAGE][PASSED] - Delayed 5 second(s)

2022-06-09 19:44:20 - [MESSAGE][PASSED] - Delayed 5 second(s)

2022-06-09 19:44:20 - [TEST_STEP][PASSED] - takeScreenshot(): Taking screenshot successfully

2022-06-09 19:44:20 - [MESSAGE][PASSED] - Taking screenshot successfully
[[ATTACHMENT|D:\\Projet Test Auto\\Mediabox Test Automation\\Reports\\20220609_181011\\03. Parallel Testing (Testing)\\TS -PT PART 3\\14.01 Dreyers Support Action (Ongoing _ Completed ref) - PART 1\\20220609_181052\\1654796660225.png]]

2022-06-09 19:44:20 - [TEST_STEP][PASSED] - delay(10): Delayed 10 second(s)

2022-06-09 19:44:30 - [MESSAGE][PASSED] - Delayed 10 second(s)

2022-06-09 19:44:30 - [TEST_STEP][PASSED] - click(findTestObject("HL Full Lifecycle/12 ReferncePage_Button_Updatensenddoc")): Object: 'Object Repository/HL Full Lifecycle/12 ReferncePage_Button_Updatensenddoc' is clicked on

2022-06-09 19:44:36 - [MESSAGE][PASSED] - Object: 'Object Repository/HL Full Lifecycle/12 ReferncePage_Button_Updatensenddoc' is clicked on

2022-06-09 19:44:36 - [TEST_STEP][PASSED] - delay(5): Delayed 5 second(s)

2022-06-09 19:44:41 - [MESSAGE][PASSED] - Delayed 5 second(s)

2022-06-09 19:44:41 - [TEST_STEP][PASSED] - color3 = getCSSValue(findTestObject("1. Constant/xpath", ["xpath":"//*[@id="source_" + refID9 + ""]/td[13]/a"]), "color", OPTIONAL): Get CSS 'color' value on 'Object Repository/1. Constant/xpath' successfully: 'rgba(54, 153, 255, 1)'.

2022-06-09 19:44:41 - [MESSAGE][PASSED] - Get CSS 'color' value on 'Object Repository/1. Constant/xpath' successfully: 'rgba(54, 153, 255, 1)'.

2022-06-09 19:44:41 - [TEST_STEP][PASSED] - I.Logout(): Delayed 3 second(s)

2022-06-09 19:44:44 - [MESSAGE][PASSED] - Delayed 3 second(s)

2022-06-09 19:44:46 - [MESSAGE][PASSED] - Object: 'Object Repository/1. Constant/xpath' is clicked on

2022-06-09 19:44:49 - [MESSAGE][PASSED] - Delayed 3 second(s)

2022-06-09 19:44:50 - [MESSAGE][PASSED] - Object: 'Object Repository/1. Constant/xpath' is clicked on

2022-06-09 19:44:53 - [MESSAGE][PASSED] - Delayed 3 second(s)

2022-06-09 19:44:53 - [TEST_STEP][PASSED] - I.Login_password("blemco", password_blemco): Object: 'Object Repository/1. Constant/xpath' is clicked on

2022-06-09 19:44:53 - [MESSAGE][PASSED] - Text 'blemco' is set on object 'Object Repository/1. Constant/xpath'

2022-06-09 19:44:54 - [MESSAGE][PASSED] - Delayed 1 second(s)

2022-06-09 19:44:54 - [MESSAGE][PASSED] - Text 'diadeis1' is set on object 'Object Repository/1. Constant/xpath'

2022-06-09 19:44:55 - [MESSAGE][PASSED] - Delayed 1 second(s)

2022-06-09 19:45:00 - [MESSAGE][PASSED] - Object: 'Object Repository/1. Constant/xpath' is clicked on

2022-06-09 19:45:00 - [TEST_STEP][PASSED] - takeScreenshot(): Taking screenshot successfully

2022-06-09 19:45:01 - [MESSAGE][PASSED] - Taking screenshot successfully
[[ATTACHMENT|D:\\Projet Test Auto\\Mediabox Test Automation\\Reports\\20220609_181011\\03. Parallel Testing (Testing)\\TS -PT PART 3\\14.01 Dreyers Support Action (Ongoing _ Completed ref) - PART 1\\20220609_181052\\1654796700793.png]]

2022-06-09 19:45:01 - [TEST_STEP][PASSED] - click(findTestObject("1. Constant/02_LHSMenu_Projects")): Object: 'Object Repository/1. Constant/02_LHSMenu_Projects' is clicked on

2022-06-09 19:45:05 - [MESSAGE][PASSED] - Object: 'Object Repository/1. Constant/02_LHSMenu_Projects' is clicked on

2022-06-09 19:45:05 - [TEST_STEP][PASSED] - I.SearchProjectNo_xpath(Project_No, "//*[@id="keynum_project"]", "//*[@id="form_filters"]/div[4]/button"): Delayed 5 second(s)

2022-06-09 19:45:06 - [MESSAGE][PASSED] - Delayed 1 second(s)

2022-06-09 19:45:06 - [MESSAGE][PASSED] - Text 'MI000876' is set on object 'Object Repository/1. Constant/xpath'

2022-06-09 19:45:09 - [MESSAGE][PASSED] - Delayed 3 second(s)

2022-06-09 19:45:10 - [MESSAGE][PASSED] - Scroll to object 'Object Repository/1. Constant/xpath' successfully

2022-06-09 19:45:13 - [MESSAGE][PASSED] - Object: 'Object Repository/1. Constant/xpath' is clicked on

2022-06-09 19:45:18 - [MESSAGE][PASSED] - Delayed 5 second(s)

2022-06-09 19:45:18 - [TEST_STEP][PASSED] - takeScreenshot(): Taking screenshot successfully

2022-06-09 19:45:19 - [MESSAGE][PASSED] - Taking screenshot successfully
[[ATTACHMENT|D:\\Projet Test Auto\\Mediabox Test Automation\\Reports\\20220609_181011\\03. Parallel Testing (Testing)\\TS -PT PART 3\\14.01 Dreyers Support Action (Ongoing _ Completed ref) - PART 1\\20220609_181052\\1654796718848.png]]

2022-06-09 19:45:19 - [TEST_STEP][PASSED] - I.SearchRefNo_xpath("P9_Auto", "//*[@id="fiche_filter_keywords11"]", "//*[@id="form_filters"]/div[3]/button"): Delayed 5 second(s)

2022-06-09 19:45:20 - [MESSAGE][PASSED] - Delayed 1 second(s)

2022-06-09 19:45:21 - [MESSAGE][PASSED] - Text 'P9_Auto' is set on object 'Object Repository/1. Constant/xpath'

2022-06-09 19:45:24 - [MESSAGE][PASSED] - Delayed 3 second(s)

2022-06-09 19:45:24 - [MESSAGE][PASSED] - Scroll to object 'Object Repository/1. Constant/xpath' successfully

2022-06-09 19:45:28 - [MESSAGE][PASSED] - Object: 'Object Repository/1. Constant/xpath' is clicked on

2022-06-09 19:45:33 - [MESSAGE][PASSED] - Delayed 5 second(s)

2022-06-09 19:45:33 - [TEST_STEP][PASSED] - I.AWF_approve_byaction(findTestObject("1. Constant/xpath", ["xpath":"//*[@id="source_" + refID9 + ""]/td[13]/a[2]"])): Object: 'Object Repository/HL Full Lifecycle/Function_Appbutton2' is clicked on

2022-06-09 19:45:38 - [MESSAGE][PASSED] - Delayed 5 second(s)

2022-06-09 19:45:40 - [MESSAGE][PASSED] - Object: 'Object Repository/1. Constant/xpath' is clicked on

2022-06-09 19:45:41 - [MESSAGE][PASSED] - Object: 'Object Repository/HL Full Lifecycle/Function_access Viewer2' is hovered

2022-06-09 19:45:44 - [MESSAGE][PASSED] - Delayed 3 second(s)

2022-06-09 19:45:45 - [MESSAGE][PASSED] - Object: 'Object Repository/HL Full Lifecycle/Function_access Viewer2' is clicked on

2022-06-09 19:45:50 - [MESSAGE][PASSED] - Delayed 5 second(s)

2022-06-09 19:45:50 - [MESSAGE][PASSED] - Object: 'Object Repository/HL Full Lifecycle/Function_AppButton' is clicked on

2022-06-09 19:45:55 - [MESSAGE][PASSED] - Delayed 5 second(s)

2022-06-09 19:45:58 - [MESSAGE][PASSED] - Object: 'Object Repository/HL Full Lifecycle/Function_Appbutton2' is clicked on

2022-06-09 19:45:58 - [TEST_STEP][PASSED] - Lifecycle_Status6 = getText(findTestObject("1. Constant/xpath", ["xpath":"//*[@id="source_" + refID9 + ""]/td[12]/span[1]"])): Text of object 'Object Repository/1. Constant/xpath' is: 'Complete'

2022-06-09 19:45:58 - [MESSAGE][PASSED] - Text of object 'Object Repository/1. Constant/xpath' is: 'Complete'

2022-06-09 19:45:58 - [TEST_STEP][PASSED] - verifyMatch(Lifecycle_Status6, "Complete", false): Actual text 'Complete' and expected text 'Complete' are matched 

2022-06-09 19:45:58 - [MESSAGE][PASSED] - Actual text 'Complete' and expected text 'Complete' are matched 

2022-06-09 19:45:58 - [TEST_STEP][PASSED] - takeScreenshot(): Taking screenshot successfully

2022-06-09 19:45:59 - [MESSAGE][PASSED] - Taking screenshot successfully
[[ATTACHMENT|D:\\Projet Test Auto\\Mediabox Test Automation\\Reports\\20220609_181011\\03. Parallel Testing (Testing)\\TS -PT PART 3\\14.01 Dreyers Support Action (Ongoing _ Completed ref) - PART 1\\20220609_181052\\1654796759045.png]]

2022-06-09 19:45:59 - [TEST_STEP][PASSED] - I.writenotepad("D:\Upoad_File\Projet_ Login\Dreyers\19.1\19.9_Dreyers_refID9.txt", refID9): null

2022-06-09 19:45:59 - [TEST_STEP][PASSED] - closeBrowser(): Browser is closed

2022-06-09 19:46:00 - [MESSAGE][PASSED] - Browser is closed

2022-06-09 19:46:00 - [TEST_STEP][PASSED] - Start listener action : sampleAfterTestCase: null]]></system-out>
         <system-err><![CDATA[]]></system-err>
      </testcase>
      <testcase name="Test Cases/19. Dreyers Support Action (Ongoing ref_completed)/19.13 Dreyers SAS Add Step Group (Completed) S18- Used P9 _P13" time="245.975" classname="Test Cases/19. Dreyers Support Action (Ongoing ref_completed)/19.13 Dreyers SAS Add Step Group (Completed) S18- Used P9 _P13" status="PASSED">
         <system-out><![CDATA[2022-06-09 19:46:00 - [TEST_CASE][PASSED] - Test Cases/19. Dreyers Support Action (Ongoing ref_completed)/19.13 Dreyers SAS Add Step Group (Completed) S18- Used P9 _P13: Test Cases/19. Dreyers Support Action (Ongoing ref_completed)/19.13 Dreyers SAS Add Step Group (Completed) S18- Used P9 _P13

2022-06-09 19:46:01 - [TEST_STEP][PASSED] - data_Dreyers = findTestData("Data Files/Username_Password/Dreyer"): null

2022-06-09 19:46:01 - [TEST_STEP][PASSED] - password_suser = data_Dreyers.getValue(2, 1): null

2022-06-09 19:46:01 - [TEST_STEP][PASSED] - password_blemco = data_Dreyers.getValue(2, 2): null

2022-06-09 19:46:01 - [TEST_STEP][PASSED] - password_amassoth = data_Dreyers.getValue(2, 3): null

2022-06-09 19:46:01 - [TEST_STEP][PASSED] - password_bharandi = data_Dreyers.getValue(2, 4): null

2022-06-09 19:46:01 - [TEST_STEP][PASSED] - password_mbaughman = data_Dreyers.getValue(2, 5): null

2022-06-09 19:46:01 - [TEST_STEP][PASSED] - password_nturner = data_Dreyers.getValue(2, 6): null

2022-06-09 19:46:01 - [TEST_STEP][PASSED] - password_talexeeva = data_Dreyers.getValue(2, 7): null

2022-06-09 19:46:01 - [TEST_STEP][PASSED] - password_bmilhomme = data_Dreyers.getValue(2, 8): null

2022-06-09 19:46:01 - [TEST_STEP][PASSED] - password_rjaiven = data_Dreyers.getValue(2, 9): null

2022-06-09 19:46:01 - [TEST_STEP][PASSED] - password_agarcia = data_Dreyers.getValue(2, 10): null

2022-06-09 19:46:01 - [TEST_STEP][PASSED] - password_bcollins = data_Dreyers.getValue(2, 11): null

2022-06-09 19:46:01 - [TEST_STEP][PASSED] - password_jryan = data_Dreyers.getValue(2, 12): null

2022-06-09 19:46:01 - [TEST_STEP][PASSED] - password_lmary = data_Dreyers.getValue(2, 13): null

2022-06-09 19:46:01 - [TEST_STEP][PASSED] - data_urlRELAUTO = findTestData("Data Files/URL/URL_relauto"): null

2022-06-09 19:46:01 - [TEST_STEP][PASSED] - Url_Dreyer = data_urlRELAUTO.getValue(2, 4): null

2022-06-09 19:46:01 - [TEST_STEP][PASSED] - Project_No = I.readnotepad("D:\Upoad_File\Projet_ Login\Dreyers\19.1\19.1_Dreyers_ProjectNo.txt"): null

2022-06-09 19:46:01 - [TEST_STEP][PASSED] - refID = I.readnotepad("D:\Upoad_File\Projet_ Login\Dreyers\19.1\19.1_Dreyers_refID.txt"): null

2022-06-09 19:46:01 - [TEST_STEP][PASSED] - refID9 = I.readnotepad("D:\Upoad_File\Projet_ Login\Dreyers\19.1\19.9_Dreyers_refID9.txt"): null

2022-06-09 19:46:01 - [TEST_STEP][PASSED] - openBrowser(Url_Dreyer): Browser is opened with url: 'http://mdb-release.diadeis.lan/MediaboxIndependence/?MBI_datasource=RELTESTAUTO_DREYERS'

2022-06-09 19:46:01 - [MESSAGE][INFO] - Starting 'Chrome (headless)' driver

2022-06-09 19:46:01 - [MESSAGE][INFO] - User set preference: ['args', '[--window-size=1920,1080, --headless]']

2022-06-09 19:46:01 - [MESSAGE][INFO] - Action delay is set to 0 milliseconds

2022-06-09 19:46:08 - [MESSAGE][PASSED] - Browser is opened with url: 'http://mdb-release.diadeis.lan/MediaboxIndependence/?MBI_datasource=RELTESTAUTO_DREYERS'

2022-06-09 19:46:08 - [TEST_STEP][PASSED] - maximizeWindow(): Current window maximized

2022-06-09 19:46:09 - [MESSAGE][PASSED] - Current window maximized

2022-06-09 19:46:09 - [TEST_STEP][PASSED] - I.Login_password("suser", password_suser): Object: 'Object Repository/1. Constant/xpath' is clicked on

2022-06-09 19:46:09 - [MESSAGE][PASSED] - Text 'suser' is set on object 'Object Repository/1. Constant/xpath'

2022-06-09 19:46:10 - [MESSAGE][PASSED] - Delayed 1 second(s)

2022-06-09 19:46:10 - [MESSAGE][PASSED] - Text 'diadeis' is set on object 'Object Repository/1. Constant/xpath'

2022-06-09 19:46:11 - [MESSAGE][PASSED] - Delayed 1 second(s)

2022-06-09 19:46:20 - [MESSAGE][PASSED] - Object: 'Object Repository/1. Constant/xpath' is clicked on

2022-06-09 19:46:20 - [TEST_STEP][PASSED] - takeScreenshot(): Taking screenshot successfully

2022-06-09 19:46:21 - [MESSAGE][PASSED] - Taking screenshot successfully
[[ATTACHMENT|D:\\Projet Test Auto\\Mediabox Test Automation\\Reports\\20220609_181011\\03. Parallel Testing (Testing)\\TS -PT PART 3\\14.01 Dreyers Support Action (Ongoing _ Completed ref) - PART 1\\20220609_181052\\1654796780967.png]]

2022-06-09 19:46:21 - [TEST_STEP][PASSED] - click(findTestObject("1. Constant/02_LHSMenu_Projects")): Object: 'Object Repository/1. Constant/02_LHSMenu_Projects' is clicked on

2022-06-09 19:46:25 - [MESSAGE][PASSED] - Object: 'Object Repository/1. Constant/02_LHSMenu_Projects' is clicked on

2022-06-09 19:46:25 - [TEST_STEP][PASSED] - I.SearchProjectNo_xpath(Project_No, "//*[@id="keynum_project"]", "//*[@id="form_filters"]/div[4]/button"): Delayed 5 second(s)

2022-06-09 19:46:26 - [MESSAGE][PASSED] - Delayed 1 second(s)

2022-06-09 19:46:26 - [MESSAGE][PASSED] - Text 'MI000876' is set on object 'Object Repository/1. Constant/xpath'

2022-06-09 19:46:29 - [MESSAGE][PASSED] - Delayed 3 second(s)

2022-06-09 19:46:29 - [MESSAGE][PASSED] - Scroll to object 'Object Repository/1. Constant/xpath' successfully

2022-06-09 19:46:33 - [MESSAGE][PASSED] - Object: 'Object Repository/1. Constant/xpath' is clicked on

2022-06-09 19:46:38 - [MESSAGE][PASSED] - Delayed 5 second(s)

2022-06-09 19:46:38 - [TEST_STEP][PASSED] - takeScreenshot(): Taking screenshot successfully

2022-06-09 19:46:38 - [MESSAGE][PASSED] - Taking screenshot successfully
[[ATTACHMENT|D:\\Projet Test Auto\\Mediabox Test Automation\\Reports\\20220609_181011\\03. Parallel Testing (Testing)\\TS -PT PART 3\\14.01 Dreyers Support Action (Ongoing _ Completed ref) - PART 1\\20220609_181052\\1654796798282.png]]

2022-06-09 19:46:38 - [TEST_STEP][PASSED] - I.SearchRefNo_xpath("P9_Auto", "//*[@id="fiche_filter_keywords11"]", "//*[@id="form_filters"]/div[3]/button"): Delayed 5 second(s)

2022-06-09 19:46:39 - [MESSAGE][PASSED] - Delayed 1 second(s)

2022-06-09 19:46:39 - [MESSAGE][PASSED] - Text 'P9_Auto' is set on object 'Object Repository/1. Constant/xpath'

2022-06-09 19:46:42 - [MESSAGE][PASSED] - Delayed 3 second(s)

2022-06-09 19:46:43 - [MESSAGE][PASSED] - Scroll to object 'Object Repository/1. Constant/xpath' successfully

2022-06-09 19:46:46 - [MESSAGE][PASSED] - Object: 'Object Repository/1. Constant/xpath' is clicked on

2022-06-09 19:46:51 - [MESSAGE][PASSED] - Delayed 5 second(s)

2022-06-09 19:46:51 - [TEST_STEP][PASSED] - takeScreenshot(): Taking screenshot successfully

2022-06-09 19:46:51 - [MESSAGE][PASSED] - Taking screenshot successfully
[[ATTACHMENT|D:\\Projet Test Auto\\Mediabox Test Automation\\Reports\\20220609_181011\\03. Parallel Testing (Testing)\\TS -PT PART 3\\14.01 Dreyers Support Action (Ongoing _ Completed ref) - PART 1\\20220609_181052\\1654796811621.png]]

2022-06-09 19:46:51 - [TEST_STEP][PASSED] - click(findTestObject("1. Constant/xpath", ["xpath":"//*[@id="source_" + refID9 + ""]/td[14]/div[1]/button"])): Object: 'Object Repository/1. Constant/xpath' is clicked on

2022-06-09 19:46:52 - [MESSAGE][PASSED] - Object: 'Object Repository/1. Constant/xpath' is clicked on

2022-06-09 19:46:52 - [TEST_STEP][PASSED] - delay(1): Delayed 1 second(s)

2022-06-09 19:46:53 - [MESSAGE][PASSED] - Delayed 1 second(s)

2022-06-09 19:46:53 - [TEST_STEP][PASSED] - takeScreenshot(): Taking screenshot successfully

2022-06-09 19:46:54 - [MESSAGE][PASSED] - Taking screenshot successfully
[[ATTACHMENT|D:\\Projet Test Auto\\Mediabox Test Automation\\Reports\\20220609_181011\\03. Parallel Testing (Testing)\\TS -PT PART 3\\14.01 Dreyers Support Action (Ongoing _ Completed ref) - PART 1\\20220609_181052\\1654796813768.png]]

2022-06-09 19:46:54 - [TEST_STEP][PASSED] - delay(1): Delayed 1 second(s)

2022-06-09 19:46:55 - [MESSAGE][PASSED] - Delayed 1 second(s)

2022-06-09 19:46:55 - [TEST_STEP][PASSED] - click(findTestObject("1. Constant/xpath", ["xpath":"//*[@id="source_" + refID9 + ""]/td[14]/div[1]/div/a[5]"])): Object: 'Object Repository/1. Constant/xpath' is clicked on

2022-06-09 19:46:55 - [MESSAGE][PASSED] - Object: 'Object Repository/1. Constant/xpath' is clicked on

2022-06-09 19:46:55 - [TEST_STEP][PASSED] - takeScreenshot(): Taking screenshot successfully

2022-06-09 19:46:56 - [MESSAGE][PASSED] - Taking screenshot successfully
[[ATTACHMENT|D:\\Projet Test Auto\\Mediabox Test Automation\\Reports\\20220609_181011\\03. Parallel Testing (Testing)\\TS -PT PART 3\\14.01 Dreyers Support Action (Ongoing _ Completed ref) - PART 1\\20220609_181052\\1654796815667.png]]

2022-06-09 19:46:56 - [TEST_STEP][PASSED] - click(findTestObject("1. Constant/xpath", ["xpath":"//*[@id="confirmSupportActionShortcut"]"])): Object: 'Object Repository/1. Constant/xpath' is clicked on

2022-06-09 19:47:01 - [MESSAGE][PASSED] - Object: 'Object Repository/1. Constant/xpath' is clicked on

2022-06-09 19:47:01 - [TEST_STEP][PASSED] - takeScreenshot(): Taking screenshot successfully

2022-06-09 19:47:02 - [MESSAGE][PASSED] - Taking screenshot successfully
[[ATTACHMENT|D:\\Projet Test Auto\\Mediabox Test Automation\\Reports\\20220609_181011\\03. Parallel Testing (Testing)\\TS -PT PART 3\\14.01 Dreyers Support Action (Ongoing _ Completed ref) - PART 1\\20220609_181052\\1654796821490.png]]

2022-06-09 19:47:02 - [TEST_STEP][PASSED] - click(findTestObject("1. Constant/xpath", ["xpath":"//*[@id="kt_content"]/div[3]/div/ul/li[3]/a"])): Object: 'Object Repository/1. Constant/xpath' is clicked on

2022-06-09 19:47:06 - [MESSAGE][PASSED] - Object: 'Object Repository/1. Constant/xpath' is clicked on

2022-06-09 19:47:06 - [TEST_STEP][PASSED] - takeScreenshot(): Taking screenshot successfully

2022-06-09 19:47:06 - [MESSAGE][PASSED] - Taking screenshot successfully
[[ATTACHMENT|D:\\Projet Test Auto\\Mediabox Test Automation\\Reports\\20220609_181011\\03. Parallel Testing (Testing)\\TS -PT PART 3\\14.01 Dreyers Support Action (Ongoing _ Completed ref) - PART 1\\20220609_181052\\1654796826298.png]]

2022-06-09 19:47:06 - [TEST_STEP][PASSED] - StepC_1 = getAttribute(findTestObject("1. Constant/xpath", ["xpath":"/html/body/div[1]/div[2]/div[8]/div[3]/div/div[3]/div[3]/div/ul/li[4]/a"]), "class"): Attribute 'class' of object 'Object Repository/1. Constant/xpath' is: 'nav-link timeline-badge badge-xl  bg-complete '

2022-06-09 19:47:06 - [MESSAGE][PASSED] - Attribute 'class' of object 'Object Repository/1. Constant/xpath' is: 'nav-link timeline-badge badge-xl  bg-complete '

2022-06-09 19:47:06 - [TEST_STEP][PASSED] - verifyMatch(StepC_1, "nav-link timeline-badge badge-xl  bg-complete ", false): Actual text 'nav-link timeline-badge badge-xl  bg-complete ' and expected text 'nav-link timeline-badge badge-xl  bg-complete ' are matched 

2022-06-09 19:47:06 - [MESSAGE][PASSED] - Actual text 'nav-link timeline-badge badge-xl  bg-complete ' and expected text 'nav-link timeline-badge badge-xl  bg-complete ' are matched 

2022-06-09 19:47:06 - [TEST_STEP][PASSED] - StepC_11 = I.Get_Stepname("/html/body/div[1]/div[2]/div[8]/div[3]/div/div[3]/div[3]/div/ul/li[4]/a"): Attribute 'href' of object 'Object Repository/1. Constant/xpath' is: 'http://mdb-release.diadeis.lan/MediaboxIndependence/Base/ExecAction?action=VoirRef&IDSession=MBI!RELTESTAUTO_DREYERS!L31F9T6QGIN8MQ3S25WEBALDN1NSUVZR507EXQ4E&num=EQPEZ9KP94&id_ref=5265#tab_lifecycle_SASStepC_12149'

2022-06-09 19:47:11 - [MESSAGE][PASSED] - Delayed 5 second(s)

2022-06-09 19:47:11 - [MESSAGE][PASSED] - Attribute 'href' of object 'Object Repository/1. Constant/xpath' is: 'http://mdb-release.diadeis.lan/MediaboxIndependence/Base/ExecAction?action=VoirRef&IDSession=MBI!RELTESTAUTO_DREYERS!L31F9T6QGIN8MQ3S25WEBALDN1NSUVZR507EXQ4E&num=EQPEZ9KP94&id_ref=5265#tab_lifecycle_SASStepC_12149'

2022-06-09 19:47:11 - [TEST_STEP][PASSED] - verifyMatch(StepC_11, "SASStepC", false): Actual text 'SASStepC' and expected text 'SASStepC' are matched 

2022-06-09 19:47:11 - [MESSAGE][PASSED] - Actual text 'SASStepC' and expected text 'SASStepC' are matched 

2022-06-09 19:47:11 - [TEST_STEP][PASSED] - StepC_2 = getAttribute(findTestObject("1. Constant/xpath", ["xpath":"/html/body/div[1]/div[2]/div[8]/div[3]/div/div[3]/div[3]/div/ul/li[5]/a"]), "class"): Attribute 'class' of object 'Object Repository/1. Constant/xpath' is: 'nav-link timeline-badge badge-xl  bg-pending active'

2022-06-09 19:47:12 - [MESSAGE][PASSED] - Attribute 'class' of object 'Object Repository/1. Constant/xpath' is: 'nav-link timeline-badge badge-xl  bg-pending active'

2022-06-09 19:47:12 - [TEST_STEP][PASSED] - verifyMatch(StepC_2, "nav-link timeline-badge badge-xl  bg-pending active", false): Actual text 'nav-link timeline-badge badge-xl  bg-pending active' and expected text 'nav-link timeline-badge badge-xl  bg-pending active' are matched 

2022-06-09 19:47:12 - [MESSAGE][PASSED] - Actual text 'nav-link timeline-badge badge-xl  bg-pending active' and expected text 'nav-link timeline-badge badge-xl  bg-pending active' are matched 

2022-06-09 19:47:12 - [TEST_STEP][PASSED] - StepC_22 = I.Get_Stepname("/html/body/div[1]/div[2]/div[8]/div[3]/div/div[3]/div[3]/div/ul/li[3]/a"): Attribute 'href' of object 'Object Repository/1. Constant/xpath' is: 'http://mdb-release.diadeis.lan/MediaboxIndependence/Base/ExecAction?action=VoirRef&IDSession=MBI!RELTESTAUTO_DREYERS!L31F9T6QGIN8MQ3S25WEBALDN1NSUVZR507EXQ4E&num=EQPEZ9KP94&id_ref=5265#tab_lifecycle_SASStepC_12148'

2022-06-09 19:47:17 - [MESSAGE][PASSED] - Delayed 5 second(s)

2022-06-09 19:47:17 - [MESSAGE][PASSED] - Attribute 'href' of object 'Object Repository/1. Constant/xpath' is: 'http://mdb-release.diadeis.lan/MediaboxIndependence/Base/ExecAction?action=VoirRef&IDSession=MBI!RELTESTAUTO_DREYERS!L31F9T6QGIN8MQ3S25WEBALDN1NSUVZR507EXQ4E&num=EQPEZ9KP94&id_ref=5265#tab_lifecycle_SASStepC_12148'

2022-06-09 19:47:17 - [TEST_STEP][PASSED] - verifyMatch(StepC_22, "SASStepC", false): Actual text 'SASStepC' and expected text 'SASStepC' are matched 

2022-06-09 19:47:17 - [MESSAGE][PASSED] - Actual text 'SASStepC' and expected text 'SASStepC' are matched 

2022-06-09 19:47:17 - [TEST_STEP][PASSED] - Started_StepCP5_1 = getText(findTestObject("1. Constant/xpath", ["xpath":"/html/body/div[1]/div[2]/div[8]/div[3]/div/div[3]/div[3]/div/div/div[5]/div/div[5]/div/div[2]/div[1]"])): Text of object 'Object Repository/1. Constant/xpath' is: 'Started 06/09/22 01:46 PM'

2022-06-09 19:47:17 - [MESSAGE][PASSED] - Text of object 'Object Repository/1. Constant/xpath' is: 'Started 06/09/22 01:46 PM'

2022-06-09 19:47:17 - [TEST_STEP][PASSED] - if (Started_StepCP5_1.contains("Started")): Actual object '1' and expected object '1' are equal

2022-06-09 19:47:17 - [TEST_STEP][PASSED] - verifyEqual(1, 1): Actual object '1' and expected object '1' are equal

2022-06-09 19:47:17 - [MESSAGE][PASSED] - Actual object '1' and expected object '1' are equal

2022-06-09 19:47:17 - [TEST_STEP][PASSED] - verifyElementNotPresent(findTestObject("1. Constant/xpath", ["xpath":"/html/body/div[1]/div[2]/div[8]/div[3]/div/div[3]/div[3]/div/div/div[5]/div/div[6]/div/div[1]/div[1]/h3"]), 10): Web element with id: 'Object Repository/1. Constant/xpath' located by 'By.xpath: /html/body/div[1]/div[2]/div[8]/div[3]/div/div[3]/div[3]/div/div/div[5]/div/div[6]/div/div[1]/div[1]/h3' is not present after '10' second(s)

2022-06-09 19:47:17 - [MESSAGE][PASSED] - Web element with id: 'Object Repository/1. Constant/xpath' located by 'By.xpath: /html/body/div[1]/div[2]/div[8]/div[3]/div/div[3]/div[3]/div/div/div[5]/div/div[6]/div/div[1]/div[1]/h3' is not present after '10' second(s)

2022-06-09 19:47:17 - [TEST_STEP][PASSED] - verifyElementNotPresent(findTestObject("1. Constant/xpath", ["xpath":"/html/body/div[1]/div[2]/div[8]/div[3]/div/div[3]/div[3]/div/ul/li[6]/a"]), 5): Web element with id: 'Object Repository/1. Constant/xpath' located by 'By.xpath: /html/body/div[1]/div[2]/div[8]/div[3]/div/div[3]/div[3]/div/ul/li[6]/a' is not present after '5' second(s)

2022-06-09 19:47:17 - [MESSAGE][PASSED] - Web element with id: 'Object Repository/1. Constant/xpath' located by 'By.xpath: /html/body/div[1]/div[2]/div[8]/div[3]/div/div[3]/div[3]/div/ul/li[6]/a' is not present after '5' second(s)

2022-06-09 19:47:17 - [TEST_STEP][PASSED] - I.Logout(): Delayed 3 second(s)

2022-06-09 19:47:20 - [MESSAGE][PASSED] - Delayed 3 second(s)

2022-06-09 19:47:20 - [MESSAGE][PASSED] - Object: 'Object Repository/1. Constant/xpath' is clicked on

2022-06-09 19:47:23 - [MESSAGE][PASSED] - Delayed 3 second(s)

2022-06-09 19:47:25 - [MESSAGE][PASSED] - Object: 'Object Repository/1. Constant/xpath' is clicked on

2022-06-09 19:47:28 - [MESSAGE][PASSED] - Delayed 3 second(s)

2022-06-09 19:47:28 - [TEST_STEP][PASSED] - I.Login_password("lmary", password_lmary): Object: 'Object Repository/1. Constant/xpath' is clicked on

2022-06-09 19:47:29 - [MESSAGE][PASSED] - Text 'lmary' is set on object 'Object Repository/1. Constant/xpath'

2022-06-09 19:47:30 - [MESSAGE][PASSED] - Delayed 1 second(s)

2022-06-09 19:47:30 - [MESSAGE][PASSED] - Text 'diadeis' is set on object 'Object Repository/1. Constant/xpath'

2022-06-09 19:47:31 - [MESSAGE][PASSED] - Delayed 1 second(s)

2022-06-09 19:47:37 - [MESSAGE][PASSED] - Object: 'Object Repository/1. Constant/xpath' is clicked on

2022-06-09 19:47:37 - [TEST_STEP][PASSED] - takeScreenshot(): Taking screenshot successfully

2022-06-09 19:47:37 - [MESSAGE][PASSED] - Taking screenshot successfully
[[ATTACHMENT|D:\\Projet Test Auto\\Mediabox Test Automation\\Reports\\20220609_181011\\03. Parallel Testing (Testing)\\TS -PT PART 3\\14.01 Dreyers Support Action (Ongoing _ Completed ref) - PART 1\\20220609_181052\\1654796857619.png]]

2022-06-09 19:47:37 - [TEST_STEP][PASSED] - click(findTestObject("1. Constant/02_LHSMenu_Projects")): Object: 'Object Repository/1. Constant/02_LHSMenu_Projects' is clicked on

2022-06-09 19:47:40 - [MESSAGE][PASSED] - Object: 'Object Repository/1. Constant/02_LHSMenu_Projects' is clicked on

2022-06-09 19:47:40 - [TEST_STEP][PASSED] - I.SearchProjectNo_xpath(Project_No, "//*[@id="keynum_project"]", "//*[@id="form_filters"]/div[4]/button"): Delayed 5 second(s)

2022-06-09 19:47:41 - [MESSAGE][PASSED] - Delayed 1 second(s)

2022-06-09 19:47:42 - [MESSAGE][PASSED] - Text 'MI000876' is set on object 'Object Repository/1. Constant/xpath'

2022-06-09 19:47:46 - [MESSAGE][PASSED] - Delayed 3 second(s)

2022-06-09 19:47:46 - [MESSAGE][PASSED] - Scroll to object 'Object Repository/1. Constant/xpath' successfully

2022-06-09 19:47:49 - [MESSAGE][PASSED] - Object: 'Object Repository/1. Constant/xpath' is clicked on

2022-06-09 19:47:54 - [MESSAGE][PASSED] - Delayed 5 second(s)

2022-06-09 19:47:54 - [TEST_STEP][PASSED] - takeScreenshot(): Taking screenshot successfully

2022-06-09 19:47:54 - [MESSAGE][PASSED] - Taking screenshot successfully
[[ATTACHMENT|D:\\Projet Test Auto\\Mediabox Test Automation\\Reports\\20220609_181011\\03. Parallel Testing (Testing)\\TS -PT PART 3\\14.01 Dreyers Support Action (Ongoing _ Completed ref) - PART 1\\20220609_181052\\1654796874423.png]]

2022-06-09 19:47:54 - [TEST_STEP][PASSED] - I.SearchRefNo_xpath("P9_Auto", "//*[@id="fiche_filter_keywords11"]", "//*[@id="form_filters"]/div[3]/button"): Delayed 5 second(s)

2022-06-09 19:47:55 - [MESSAGE][PASSED] - Delayed 1 second(s)

2022-06-09 19:47:56 - [MESSAGE][PASSED] - Text 'P9_Auto' is set on object 'Object Repository/1. Constant/xpath'

2022-06-09 19:47:59 - [MESSAGE][PASSED] - Delayed 3 second(s)

2022-06-09 19:47:59 - [MESSAGE][PASSED] - Scroll to object 'Object Repository/1. Constant/xpath' successfully

2022-06-09 19:48:01 - [MESSAGE][PASSED] - Object: 'Object Repository/1. Constant/xpath' is clicked on

2022-06-09 19:48:06 - [MESSAGE][PASSED] - Delayed 5 second(s)

2022-06-09 19:48:06 - [TEST_STEP][PASSED] - takeScreenshot(): Taking screenshot successfully

2022-06-09 19:48:06 - [MESSAGE][PASSED] - Taking screenshot successfully
[[ATTACHMENT|D:\\Projet Test Auto\\Mediabox Test Automation\\Reports\\20220609_181011\\03. Parallel Testing (Testing)\\TS -PT PART 3\\14.01 Dreyers Support Action (Ongoing _ Completed ref) - PART 1\\20220609_181052\\1654796886162.png]]

2022-06-09 19:48:06 - [TEST_STEP][PASSED] - color3 = getCSSValue(findTestObject("1. Constant/xpath", ["xpath":"//*[@id="source_" + refID9 + ""]/td[13]/a"]), "color", OPTIONAL): Get CSS 'color' value on 'Object Repository/1. Constant/xpath' successfully: 'rgba(255, 255, 255, 1)'.

2022-06-09 19:48:07 - [MESSAGE][PASSED] - Get CSS 'color' value on 'Object Repository/1. Constant/xpath' successfully: 'rgba(255, 255, 255, 1)'.

2022-06-09 19:48:07 - [TEST_STEP][PASSED] - while (color3 == "rgba(255, 255, 255, 1)"): Get CSS 'color' value on 'Object Repository/1. Constant/xpath' successfully: 'rgba(54, 153, 255, 1)'.

2022-06-09 19:48:07 - [TEST_STEP][PASSED] - click(findTestObject("1. Constant/xpath", ["xpath":"//*[@id="source_" + refID9 + ""]/td[13]/a"])): Object: 'Object Repository/1. Constant/xpath' is clicked on

2022-06-09 19:48:09 - [MESSAGE][PASSED] - Object: 'Object Repository/1. Constant/xpath' is clicked on

2022-06-09 19:48:09 - [TEST_STEP][PASSED] - selectOptionByValue(findTestObject("1. Constant/xpath", ["xpath":"//*[@id="id_approval_flow_tpl"]"]), "80", false): All options with value '80' are selected in object 'Object Repository/1. Constant/xpath' 

2022-06-09 19:48:09 - [MESSAGE][PASSED] - All options with value '80' are selected in object 'Object Repository/1. Constant/xpath' 

2022-06-09 19:48:09 - [TEST_STEP][PASSED] - I.UploadDoc_sendkey_Prod(findTestObject("1. Constant/xpath", ["xpath":"//*[@id="kt_body"]/input[2]"]), "D:\Upoad_File\Upload doc\testdata1.jpg", "testdata1"): Delayed 5 second(s)

2022-06-09 19:48:09 - [MESSAGE][PASSED] - Scroll to object 'Object Repository/1. Constant/xpath' successfully

2022-06-09 19:48:14 - [MESSAGE][PASSED] - Delayed 5 second(s)

2022-06-09 19:48:15 - [MESSAGE][PASSED] - File 'D:\Upoad_File\Upload doc\testdata1.jpg' sent to object: 'Object Repository/1. Constant/xpath'

2022-06-09 19:48:20 - [MESSAGE][PASSED] - Delayed 5 second(s)

2022-06-09 19:48:20 - [MESSAGE][PASSED] - Text 'testdata1' is present on page 

2022-06-09 19:48:25 - [MESSAGE][PASSED] - Delayed 5 second(s)

2022-06-09 19:48:30 - [MESSAGE][PASSED] - Delayed 5 second(s)

2022-06-09 19:48:30 - [TEST_STEP][PASSED] - takeScreenshot(): Taking screenshot successfully

2022-06-09 19:48:30 - [MESSAGE][PASSED] - Taking screenshot successfully
[[ATTACHMENT|D:\\Projet Test Auto\\Mediabox Test Automation\\Reports\\20220609_181011\\03. Parallel Testing (Testing)\\TS -PT PART 3\\14.01 Dreyers Support Action (Ongoing _ Completed ref) - PART 1\\20220609_181052\\1654796910393.png]]

2022-06-09 19:48:30 - [TEST_STEP][PASSED] - delay(10): Delayed 10 second(s)

2022-06-09 19:48:40 - [MESSAGE][PASSED] - Delayed 10 second(s)

2022-06-09 19:48:40 - [TEST_STEP][PASSED] - click(findTestObject("HL Full Lifecycle/12 ReferncePage_Button_Updatensenddoc")): Object: 'Object Repository/HL Full Lifecycle/12 ReferncePage_Button_Updatensenddoc' is clicked on

2022-06-09 19:48:45 - [MESSAGE][PASSED] - Object: 'Object Repository/HL Full Lifecycle/12 ReferncePage_Button_Updatensenddoc' is clicked on

2022-06-09 19:48:45 - [TEST_STEP][PASSED] - delay(5): Delayed 5 second(s)

2022-06-09 19:48:50 - [MESSAGE][PASSED] - Delayed 5 second(s)

2022-06-09 19:48:50 - [TEST_STEP][PASSED] - color3 = getCSSValue(findTestObject("1. Constant/xpath", ["xpath":"//*[@id="source_" + refID9 + ""]/td[13]/a"]), "color", OPTIONAL): Get CSS 'color' value on 'Object Repository/1. Constant/xpath' successfully: 'rgba(54, 153, 255, 1)'.

2022-06-09 19:48:50 - [MESSAGE][PASSED] - Get CSS 'color' value on 'Object Repository/1. Constant/xpath' successfully: 'rgba(54, 153, 255, 1)'.

2022-06-09 19:48:50 - [TEST_STEP][PASSED] - I.Logout(): Delayed 3 second(s)

2022-06-09 19:48:53 - [MESSAGE][PASSED] - Delayed 3 second(s)

2022-06-09 19:48:54 - [MESSAGE][PASSED] - Object: 'Object Repository/1. Constant/xpath' is clicked on

2022-06-09 19:48:57 - [MESSAGE][PASSED] - Delayed 3 second(s)

2022-06-09 19:48:59 - [MESSAGE][PASSED] - Object: 'Object Repository/1. Constant/xpath' is clicked on

2022-06-09 19:49:02 - [MESSAGE][PASSED] - Delayed 3 second(s)

2022-06-09 19:49:02 - [TEST_STEP][PASSED] - I.Login_password("blemco", password_blemco): Object: 'Object Repository/1. Constant/xpath' is clicked on

2022-06-09 19:49:02 - [MESSAGE][PASSED] - Text 'blemco' is set on object 'Object Repository/1. Constant/xpath'

2022-06-09 19:49:03 - [MESSAGE][PASSED] - Delayed 1 second(s)

2022-06-09 19:49:03 - [MESSAGE][PASSED] - Text 'diadeis1' is set on object 'Object Repository/1. Constant/xpath'

2022-06-09 19:49:04 - [MESSAGE][PASSED] - Delayed 1 second(s)

2022-06-09 19:49:08 - [MESSAGE][PASSED] - Object: 'Object Repository/1. Constant/xpath' is clicked on

2022-06-09 19:49:08 - [TEST_STEP][PASSED] - takeScreenshot(): Taking screenshot successfully

2022-06-09 19:49:08 - [MESSAGE][PASSED] - Taking screenshot successfully
[[ATTACHMENT|D:\\Projet Test Auto\\Mediabox Test Automation\\Reports\\20220609_181011\\03. Parallel Testing (Testing)\\TS -PT PART 3\\14.01 Dreyers Support Action (Ongoing _ Completed ref) - PART 1\\20220609_181052\\1654796948533.png]]

2022-06-09 19:49:08 - [TEST_STEP][PASSED] - click(findTestObject("1. Constant/02_LHSMenu_Projects")): Object: 'Object Repository/1. Constant/02_LHSMenu_Projects' is clicked on

2022-06-09 19:49:12 - [MESSAGE][PASSED] - Object: 'Object Repository/1. Constant/02_LHSMenu_Projects' is clicked on

2022-06-09 19:49:12 - [TEST_STEP][PASSED] - I.SearchProjectNo_xpath(Project_No, "//*[@id="keynum_project"]", "//*[@id="form_filters"]/div[4]/button"): Delayed 5 second(s)

2022-06-09 19:49:13 - [MESSAGE][PASSED] - Delayed 1 second(s)

2022-06-09 19:49:13 - [MESSAGE][PASSED] - Text 'MI000876' is set on object 'Object Repository/1. Constant/xpath'

2022-06-09 19:49:16 - [MESSAGE][PASSED] - Delayed 3 second(s)

2022-06-09 19:49:16 - [MESSAGE][PASSED] - Scroll to object 'Object Repository/1. Constant/xpath' successfully

2022-06-09 19:49:20 - [MESSAGE][PASSED] - Object: 'Object Repository/1. Constant/xpath' is clicked on

2022-06-09 19:49:25 - [MESSAGE][PASSED] - Delayed 5 second(s)

2022-06-09 19:49:25 - [TEST_STEP][PASSED] - takeScreenshot(): Taking screenshot successfully

2022-06-09 19:49:25 - [MESSAGE][PASSED] - Taking screenshot successfully
[[ATTACHMENT|D:\\Projet Test Auto\\Mediabox Test Automation\\Reports\\20220609_181011\\03. Parallel Testing (Testing)\\TS -PT PART 3\\14.01 Dreyers Support Action (Ongoing _ Completed ref) - PART 1\\20220609_181052\\1654796965641.png]]

2022-06-09 19:49:25 - [TEST_STEP][PASSED] - I.SearchRefNo_xpath("P9_Auto", "//*[@id="fiche_filter_keywords11"]", "//*[@id="form_filters"]/div[3]/button"): Delayed 5 second(s)

2022-06-09 19:49:26 - [MESSAGE][PASSED] - Delayed 1 second(s)

2022-06-09 19:49:27 - [MESSAGE][PASSED] - Text 'P9_Auto' is set on object 'Object Repository/1. Constant/xpath'

2022-06-09 19:49:30 - [MESSAGE][PASSED] - Delayed 3 second(s)

2022-06-09 19:49:30 - [MESSAGE][PASSED] - Scroll to object 'Object Repository/1. Constant/xpath' successfully

2022-06-09 19:49:33 - [MESSAGE][PASSED] - Object: 'Object Repository/1. Constant/xpath' is clicked on

2022-06-09 19:49:38 - [MESSAGE][PASSED] - Delayed 5 second(s)

2022-06-09 19:49:38 - [TEST_STEP][PASSED] - I.AWF_approve_byaction(findTestObject("1. Constant/xpath", ["xpath":"//*[@id="source_" + refID9 + ""]/td[13]/a[2]"])): Object: 'Object Repository/HL Full Lifecycle/Function_Appbutton2' is clicked on

2022-06-09 19:49:43 - [MESSAGE][PASSED] - Delayed 5 second(s)

2022-06-09 19:49:45 - [MESSAGE][PASSED] - Object: 'Object Repository/1. Constant/xpath' is clicked on

2022-06-09 19:49:48 - [MESSAGE][PASSED] - Object: 'Object Repository/HL Full Lifecycle/Function_access Viewer2' is hovered

2022-06-09 19:49:51 - [MESSAGE][PASSED] - Delayed 3 second(s)

2022-06-09 19:49:52 - [MESSAGE][PASSED] - Object: 'Object Repository/HL Full Lifecycle/Function_access Viewer2' is clicked on

2022-06-09 19:49:57 - [MESSAGE][PASSED] - Delayed 5 second(s)

2022-06-09 19:49:57 - [MESSAGE][PASSED] - Object: 'Object Repository/HL Full Lifecycle/Function_AppButton' is clicked on

2022-06-09 19:50:02 - [MESSAGE][PASSED] - Delayed 5 second(s)

2022-06-09 19:50:05 - [MESSAGE][PASSED] - Object: 'Object Repository/HL Full Lifecycle/Function_Appbutton2' is clicked on

2022-06-09 19:50:05 - [TEST_STEP][PASSED] - Lifecycle_Status6 = getText(findTestObject("1. Constant/xpath", ["xpath":"//*[@id="source_" + refID9 + ""]/td[12]/span[1]"])): Text of object 'Object Repository/1. Constant/xpath' is: 'Complete'

2022-06-09 19:50:05 - [MESSAGE][PASSED] - Text of object 'Object Repository/1. Constant/xpath' is: 'Complete'

2022-06-09 19:50:05 - [TEST_STEP][PASSED] - verifyMatch(Lifecycle_Status6, "Complete", false): Actual text 'Complete' and expected text 'Complete' are matched 

2022-06-09 19:50:05 - [MESSAGE][PASSED] - Actual text 'Complete' and expected text 'Complete' are matched 

2022-06-09 19:50:05 - [TEST_STEP][PASSED] - takeScreenshot(): Taking screenshot successfully

2022-06-09 19:50:05 - [MESSAGE][PASSED] - Taking screenshot successfully
[[ATTACHMENT|D:\\Projet Test Auto\\Mediabox Test Automation\\Reports\\20220609_181011\\03. Parallel Testing (Testing)\\TS -PT PART 3\\14.01 Dreyers Support Action (Ongoing _ Completed ref) - PART 1\\20220609_181052\\1654797005657.png]]

2022-06-09 19:50:05 - [TEST_STEP][PASSED] - closeBrowser(): Browser is closed

2022-06-09 19:50:06 - [MESSAGE][PASSED] - Browser is closed

2022-06-09 19:50:06 - [TEST_STEP][PASSED] - Start listener action : sampleAfterTestCase: null]]></system-out>
         <system-err><![CDATA[]]></system-err>
      </testcase>
      <testcase name="Test Cases/19. Dreyers Support Action (Ongoing ref_completed)/19.02 Dreyers SAS Add Step (Ongoing ref) S5 - P2" time="200.514" classname="Test Cases/19. Dreyers Support Action (Ongoing ref_completed)/19.02 Dreyers SAS Add Step (Ongoing ref) S5 - P2" status="PASSED">
         <system-out><![CDATA[2022-06-09 19:50:06 - [TEST_CASE][PASSED] - Test Cases/19. Dreyers Support Action (Ongoing ref_completed)/19.02 Dreyers SAS Add Step (Ongoing ref) S5 - P2: Test Cases/19. Dreyers Support Action (Ongoing ref_completed)/19.02 Dreyers SAS Add Step (Ongoing ref) S5 - P2

2022-06-09 19:50:07 - [TEST_STEP][PASSED] - data_Dreyers = findTestData("Data Files/Username_Password/Dreyer"): null

2022-06-09 19:50:07 - [TEST_STEP][PASSED] - password_blemco = data_Dreyers.getValue(2, 2): null

2022-06-09 19:50:07 - [TEST_STEP][PASSED] - password_nturner = data_Dreyers.getValue(2, 6): null

2022-06-09 19:50:07 - [TEST_STEP][PASSED] - data_urlRELAUTO = findTestData("Data Files/URL/URL_relauto"): null

2022-06-09 19:50:07 - [TEST_STEP][PASSED] - Url_Dreyer = data_urlRELAUTO.getValue(2, 4): null

2022-06-09 19:50:07 - [TEST_STEP][PASSED] - Project_No = I.readnotepad("D:\Upoad_File\Projet_ Login\Dreyers\19.1\19.1_Dreyers_ProjectNo.txt"): null

2022-06-09 19:50:07 - [TEST_STEP][PASSED] - refID = I.readnotepad("D:\Upoad_File\Projet_ Login\Dreyers\19.1\19.1_Dreyers_refID.txt"): null

2022-06-09 19:50:07 - [TEST_STEP][PASSED] - openBrowser(Url_Dreyer): Browser is opened with url: 'http://mdb-release.diadeis.lan/MediaboxIndependence/?MBI_datasource=RELTESTAUTO_DREYERS'

2022-06-09 19:50:07 - [MESSAGE][INFO] - Starting 'Chrome (headless)' driver

2022-06-09 19:50:07 - [MESSAGE][INFO] - User set preference: ['args', '[--window-size=1920,1080, --headless]']

2022-06-09 19:50:07 - [MESSAGE][INFO] - Action delay is set to 0 milliseconds

2022-06-09 19:50:13 - [MESSAGE][PASSED] - Browser is opened with url: 'http://mdb-release.diadeis.lan/MediaboxIndependence/?MBI_datasource=RELTESTAUTO_DREYERS'

2022-06-09 19:50:13 - [TEST_STEP][PASSED] - maximizeWindow(): Current window maximized

2022-06-09 19:50:14 - [MESSAGE][PASSED] - Current window maximized

2022-06-09 19:50:14 - [TEST_STEP][PASSED] - I.Login_password("blemco", password_blemco): Object: 'Object Repository/1. Constant/xpath' is clicked on

2022-06-09 19:50:16 - [MESSAGE][PASSED] - Text 'blemco' is set on object 'Object Repository/1. Constant/xpath'

2022-06-09 19:50:17 - [MESSAGE][PASSED] - Delayed 1 second(s)

2022-06-09 19:50:17 - [MESSAGE][PASSED] - Text 'diadeis1' is set on object 'Object Repository/1. Constant/xpath'

2022-06-09 19:50:18 - [MESSAGE][PASSED] - Delayed 1 second(s)

2022-06-09 19:50:28 - [MESSAGE][PASSED] - Object: 'Object Repository/1. Constant/xpath' is clicked on

2022-06-09 19:50:28 - [TEST_STEP][PASSED] - takeScreenshot(): Taking screenshot successfully

2022-06-09 19:50:28 - [MESSAGE][PASSED] - Taking screenshot successfully
[[ATTACHMENT|D:\\Projet Test Auto\\Mediabox Test Automation\\Reports\\20220609_181011\\03. Parallel Testing (Testing)\\TS -PT PART 3\\14.01 Dreyers Support Action (Ongoing _ Completed ref) - PART 1\\20220609_181052\\1654797028682.png]]

2022-06-09 19:50:28 - [TEST_STEP][PASSED] - click(findTestObject("1. Constant/02_LHSMenu_Projects")): Object: 'Object Repository/1. Constant/02_LHSMenu_Projects' is clicked on

2022-06-09 19:50:32 - [MESSAGE][PASSED] - Object: 'Object Repository/1. Constant/02_LHSMenu_Projects' is clicked on

2022-06-09 19:50:32 - [TEST_STEP][PASSED] - I.SearchProjectNo_xpath(Project_No, "//*[@id="keynum_project"]", "//*[@id="form_filters"]/div[4]/button"): Delayed 5 second(s)

2022-06-09 19:50:33 - [MESSAGE][PASSED] - Delayed 1 second(s)

2022-06-09 19:50:34 - [MESSAGE][PASSED] - Text 'MI000876' is set on object 'Object Repository/1. Constant/xpath'

2022-06-09 19:50:37 - [MESSAGE][PASSED] - Delayed 3 second(s)

2022-06-09 19:50:38 - [MESSAGE][PASSED] - Scroll to object 'Object Repository/1. Constant/xpath' successfully

2022-06-09 19:50:43 - [MESSAGE][PASSED] - Object: 'Object Repository/1. Constant/xpath' is clicked on

2022-06-09 19:50:48 - [MESSAGE][PASSED] - Delayed 5 second(s)

2022-06-09 19:50:48 - [TEST_STEP][PASSED] - takeScreenshot(): Taking screenshot successfully

2022-06-09 19:50:48 - [MESSAGE][PASSED] - Taking screenshot successfully
[[ATTACHMENT|D:\\Projet Test Auto\\Mediabox Test Automation\\Reports\\20220609_181011\\03. Parallel Testing (Testing)\\TS -PT PART 3\\14.01 Dreyers Support Action (Ongoing _ Completed ref) - PART 1\\20220609_181052\\1654797048186.png]]

2022-06-09 19:50:48 - [TEST_STEP][PASSED] - click(findTestObject("1. Constant/xpath", ["xpath":"//*[@id="create_ref_btn"]/button"])): Object: 'Object Repository/1. Constant/xpath' is clicked on

2022-06-09 19:50:49 - [MESSAGE][PASSED] - Object: 'Object Repository/1. Constant/xpath' is clicked on

2022-06-09 19:50:49 - [TEST_STEP][PASSED] - delay(1): Delayed 1 second(s)

2022-06-09 19:50:50 - [MESSAGE][PASSED] - Delayed 1 second(s)

2022-06-09 19:50:50 - [TEST_STEP][PASSED] - click(findTestObject("1. Constant/xpath", ["xpath":"//*[@id="create_ref_btn"]/div/a"])): Object: 'Object Repository/1. Constant/xpath' is clicked on

2022-06-09 19:50:52 - [MESSAGE][PASSED] - Object: 'Object Repository/1. Constant/xpath' is clicked on

2022-06-09 19:50:52 - [TEST_STEP][PASSED] - selectOptionByValue(findTestObject("1. Constant/xpath", ["xpath":"//*[@id="lfc_tpl"]"]), "36", false): All options with value '36' are selected in object 'Object Repository/1. Constant/xpath' 

2022-06-09 19:50:55 - [MESSAGE][PASSED] - All options with value '36' are selected in object 'Object Repository/1. Constant/xpath' 

2022-06-09 19:50:55 - [TEST_STEP][PASSED] - ref_name = "P2_Auto_SAS_S5_" + RandomStringUtils.randomAlphanumeric(5) + I.gettimedate(): null

2022-06-09 19:50:55 - [TEST_STEP][PASSED] - delay(1): Delayed 1 second(s)

2022-06-09 19:50:56 - [MESSAGE][PASSED] - Delayed 1 second(s)

2022-06-09 19:50:56 - [TEST_STEP][PASSED] - setText(findTestObject("1. Constant/xpath", ["xpath":"//*[@id="var_name"]"]), ref_name): Text 'P2_Auto_SAS_S5_qEdAqjuin092022_195055' is set on object 'Object Repository/1. Constant/xpath'

2022-06-09 19:50:56 - [MESSAGE][PASSED] - Text 'P2_Auto_SAS_S5_qEdAqjuin092022_195055' is set on object 'Object Repository/1. Constant/xpath'

2022-06-09 19:50:56 - [TEST_STEP][PASSED] - takeScreenshot(): Taking screenshot successfully

2022-06-09 19:50:57 - [MESSAGE][PASSED] - Taking screenshot successfully
[[ATTACHMENT|D:\\Projet Test Auto\\Mediabox Test Automation\\Reports\\20220609_181011\\03. Parallel Testing (Testing)\\TS -PT PART 3\\14.01 Dreyers Support Action (Ongoing _ Completed ref) - PART 1\\20220609_181052\\1654797056704.png]]

2022-06-09 19:50:57 - [TEST_STEP][PASSED] - click(findTestObject("1. Constant/xpath", ["xpath":"//*[@id="createRefBottom"]"])): Object: 'Object Repository/1. Constant/xpath' is clicked on

2022-06-09 19:50:59 - [MESSAGE][PASSED] - Object: 'Object Repository/1. Constant/xpath' is clicked on

2022-06-09 19:50:59 - [TEST_STEP][PASSED] - delay(1): Delayed 1 second(s)

2022-06-09 19:51:00 - [MESSAGE][PASSED] - Delayed 1 second(s)

2022-06-09 19:51:00 - [TEST_STEP][PASSED] - refID2 = I.RefID(): Current window's url is: 'http://mdb-release.diadeis.lan/MediaboxIndependence/Base/ExecAction?IDSession=MBI%21RELTESTAUTO_DREYERS%2142ECJFIAT8ZL3GFD0259BTDE149LLFPEYB32EC0E&default_action=ModifierRef&id_project=MI000876&id_ref=5267&action_from=create_ref'

2022-06-09 19:51:05 - [MESSAGE][PASSED] - Delayed 5 second(s)

2022-06-09 19:51:05 - [MESSAGE][PASSED] - Current window's url is: 'http://mdb-release.diadeis.lan/MediaboxIndependence/Base/ExecAction?IDSession=MBI%21RELTESTAUTO_DREYERS%2142ECJFIAT8ZL3GFD0259BTDE149LLFPEYB32EC0E&default_action=ModifierRef&id_project=MI000876&id_ref=5267&action_from=create_ref'

2022-06-09 19:51:05 - [TEST_STEP][PASSED] - click(findTestObject("1. Constant/xpath", ["xpath":"//*[@id="type_save"]"])): Object: 'Object Repository/1. Constant/xpath' is clicked on

2022-06-09 19:51:11 - [MESSAGE][PASSED] - Object: 'Object Repository/1. Constant/xpath' is clicked on

2022-06-09 19:51:11 - [TEST_STEP][PASSED] - takeScreenshot(): Taking screenshot successfully

2022-06-09 19:51:11 - [MESSAGE][PASSED] - Taking screenshot successfully
[[ATTACHMENT|D:\\Projet Test Auto\\Mediabox Test Automation\\Reports\\20220609_181011\\03. Parallel Testing (Testing)\\TS -PT PART 3\\14.01 Dreyers Support Action (Ongoing _ Completed ref) - PART 1\\20220609_181052\\1654797071325.png]]

2022-06-09 19:51:11 - [TEST_STEP][PASSED] - delay(1): Delayed 1 second(s)

2022-06-09 19:51:12 - [MESSAGE][PASSED] - Delayed 1 second(s)

2022-06-09 19:51:12 - [TEST_STEP][PASSED] - I.SearchRefNo_xpath("P2_Auto", "//*[@id="fiche_filter_keywords11"]", "//*[@id="form_filters"]/div[3]/button"): Delayed 5 second(s)

2022-06-09 19:51:13 - [MESSAGE][PASSED] - Delayed 1 second(s)

2022-06-09 19:51:14 - [MESSAGE][PASSED] - Text 'P2_Auto' is set on object 'Object Repository/1. Constant/xpath'

2022-06-09 19:51:17 - [MESSAGE][PASSED] - Delayed 3 second(s)

2022-06-09 19:51:17 - [MESSAGE][PASSED] - Scroll to object 'Object Repository/1. Constant/xpath' successfully

2022-06-09 19:51:20 - [MESSAGE][PASSED] - Object: 'Object Repository/1. Constant/xpath' is clicked on

2022-06-09 19:51:25 - [MESSAGE][PASSED] - Delayed 5 second(s)

2022-06-09 19:51:25 - [TEST_STEP][PASSED] - click(findTestObject("1. Constant/xpath", ["xpath":"//*[@id="source_" + refID2 + ""]/td[13]/a[3]"])): Object: 'Object Repository/1. Constant/xpath' is clicked on

2022-06-09 19:51:26 - [MESSAGE][PASSED] - Object: 'Object Repository/1. Constant/xpath' is clicked on

2022-06-09 19:51:26 - [TEST_STEP][PASSED] - click(findTestObject("1. Constant/xpath", ["xpath":"//*[@id="ModifFiche"]/div[1]/div/button[2]"])): Object: 'Object Repository/1. Constant/xpath' is clicked on

2022-06-09 19:51:31 - [MESSAGE][PASSED] - Object: 'Object Repository/1. Constant/xpath' is clicked on

2022-06-09 19:51:31 - [TEST_STEP][PASSED] - takeScreenshot(): Taking screenshot successfully

2022-06-09 19:51:32 - [MESSAGE][PASSED] - Taking screenshot successfully
[[ATTACHMENT|D:\\Projet Test Auto\\Mediabox Test Automation\\Reports\\20220609_181011\\03. Parallel Testing (Testing)\\TS -PT PART 3\\14.01 Dreyers Support Action (Ongoing _ Completed ref) - PART 1\\20220609_181052\\1654797091640.png]]

2022-06-09 19:51:32 - [TEST_STEP][PASSED] - click(findTestObject("1. Constant/xpath", ["xpath":"//*[@id="source_" + refID2 + ""]/td[6]/a"])): Object: 'Object Repository/1. Constant/xpath' is clicked on

2022-06-09 19:51:36 - [MESSAGE][PASSED] - Object: 'Object Repository/1. Constant/xpath' is clicked on

2022-06-09 19:51:36 - [TEST_STEP][PASSED] - delay(1): Delayed 1 second(s)

2022-06-09 19:51:37 - [MESSAGE][PASSED] - Delayed 1 second(s)

2022-06-09 19:51:37 - [TEST_STEP][PASSED] - click(findTestObject("1. Constant/xpath", ["xpath":"//*[@id="kt_content"]/div[3]/div/ul/li[3]/a"])): Object: 'Object Repository/1. Constant/xpath' is clicked on

2022-06-09 19:51:38 - [MESSAGE][PASSED] - Object: 'Object Repository/1. Constant/xpath' is clicked on

2022-06-09 19:51:38 - [TEST_STEP][PASSED] - takeScreenshot(): Taking screenshot successfully

2022-06-09 19:51:38 - [MESSAGE][PASSED] - Taking screenshot successfully
[[ATTACHMENT|D:\\Projet Test Auto\\Mediabox Test Automation\\Reports\\20220609_181011\\03. Parallel Testing (Testing)\\TS -PT PART 3\\14.01 Dreyers Support Action (Ongoing _ Completed ref) - PART 1\\20220609_181052\\1654797098471.png]]

2022-06-09 19:51:38 - [TEST_STEP][PASSED] - delay(1): Delayed 1 second(s)

2022-06-09 19:51:39 - [MESSAGE][PASSED] - Delayed 1 second(s)

2022-06-09 19:51:39 - [TEST_STEP][PASSED] - click(findTestObject("1. Constant/xpath", ["xpath":"/html/body/div[1]/div[2]/div[8]/div[3]/div/div[3]/div[3]/div/div/div[1]/div/div[2]/div/div[1]/div[2]/div/button"])): Object: 'Object Repository/1. Constant/xpath' is clicked on

2022-06-09 19:51:39 - [MESSAGE][PASSED] - Object: 'Object Repository/1. Constant/xpath' is clicked on

2022-06-09 19:51:39 - [TEST_STEP][PASSED] - delay(1): Delayed 1 second(s)

2022-06-09 19:51:40 - [MESSAGE][PASSED] - Delayed 1 second(s)

2022-06-09 19:51:40 - [TEST_STEP][PASSED] - takeScreenshot(): Taking screenshot successfully

2022-06-09 19:51:41 - [MESSAGE][PASSED] - Taking screenshot successfully
[[ATTACHMENT|D:\\Projet Test Auto\\Mediabox Test Automation\\Reports\\20220609_181011\\03. Parallel Testing (Testing)\\TS -PT PART 3\\14.01 Dreyers Support Action (Ongoing _ Completed ref) - PART 1\\20220609_181052\\1654797101490.png]]

2022-06-09 19:51:41 - [TEST_STEP][PASSED] - delay(1): Delayed 1 second(s)

2022-06-09 19:51:42 - [MESSAGE][PASSED] - Delayed 1 second(s)

2022-06-09 19:51:42 - [TEST_STEP][PASSED] - x = 3: null

2022-06-09 19:51:42 - [TEST_STEP][PASSED] - i = 1: null

2022-06-09 19:51:42 - [TEST_STEP][PASSED] - while (i <= x): null

2022-06-09 19:51:42 - [TEST_STEP][PASSED] - Expected_SAS_Selected = "1. SAS S05: Add Steps A/ Skip Phase 1.1": null

2022-06-09 19:51:42 - [TEST_STEP][PASSED] - xpath_SAS = "/html/body/div[1]/div[2]/div[8]/div[3]/div/div[3]/div[3]/div/div/div[1]/div/div[2]/div/div[1]/div[2]/div/div/a[" + i + "]": null

2022-06-09 19:51:42 - [TEST_STEP][PASSED] - Actual_SAS = getText(findTestObject("1. Constant/xpath", ["xpath":xpath_SAS])): Text of object 'Object Repository/1. Constant/xpath' is: '2. SAS S39: Skip Phase 1.2 / Add Phase 3.3'

2022-06-09 19:51:43 - [MESSAGE][PASSED] - Text of object 'Object Repository/1. Constant/xpath' is: '2. SAS S39: Skip Phase 1.2 / Add Phase 3.3'

2022-06-09 19:51:43 - [TEST_STEP][PASSED] - I.print(i): null

2022-06-09 19:51:43 - [TEST_STEP][PASSED] - if (Actual_SAS.contains(Expected_SAS_Selected)): null

2022-06-09 19:51:43 - [TEST_STEP][PASSED] - i = i + 1: null

2022-06-09 19:51:43 - [TEST_STEP][PASSED] - Expected_SAS_Selected = "1. SAS S05: Add Steps A/ Skip Phase 1.1": null

2022-06-09 19:51:43 - [TEST_STEP][PASSED] - xpath_SAS = "/html/body/div[1]/div[2]/div[8]/div[3]/div/div[3]/div[3]/div/div/div[1]/div/div[2]/div/div[1]/div[2]/div/div/a[" + i + "]": null

2022-06-09 19:51:43 - [TEST_STEP][PASSED] - Actual_SAS = getText(findTestObject("1. Constant/xpath", ["xpath":xpath_SAS])): Text of object 'Object Repository/1. Constant/xpath' is: '1. SAS S05: Add Steps A/ Skip Phase 1.1'

2022-06-09 19:51:43 - [MESSAGE][PASSED] - Text of object 'Object Repository/1. Constant/xpath' is: '1. SAS S05: Add Steps A/ Skip Phase 1.1'

2022-06-09 19:51:43 - [TEST_STEP][PASSED] - I.print(i): null

2022-06-09 19:51:43 - [TEST_STEP][PASSED] - if (Actual_SAS.contains(Expected_SAS_Selected)): null

2022-06-09 19:51:43 - [TEST_STEP][PASSED] - click(findTestObject("1. Constant/xpath", ["xpath":xpath_SAS])): Object: 'Object Repository/1. Constant/xpath' is clicked on

2022-06-09 19:51:44 - [MESSAGE][PASSED] - Object: 'Object Repository/1. Constant/xpath' is clicked on

2022-06-09 19:51:44 - [TEST_STEP][PASSED] - break: null

2022-06-09 19:51:44 - [TEST_STEP][PASSED] - takeScreenshot(): Taking screenshot successfully

2022-06-09 19:51:44 - [MESSAGE][PASSED] - Taking screenshot successfully
[[ATTACHMENT|D:\\Projet Test Auto\\Mediabox Test Automation\\Reports\\20220609_181011\\03. Parallel Testing (Testing)\\TS -PT PART 3\\14.01 Dreyers Support Action (Ongoing _ Completed ref) - PART 1\\20220609_181052\\1654797104149.png]]

2022-06-09 19:51:44 - [TEST_STEP][PASSED] - delay(1): Delayed 1 second(s)

2022-06-09 19:51:45 - [MESSAGE][PASSED] - Delayed 1 second(s)

2022-06-09 19:51:45 - [TEST_STEP][PASSED] - click(findTestObject("1. Constant/xpath", ["xpath":"//*[@id="confirmSupportActionShortcut"]"])): Object: 'Object Repository/1. Constant/xpath' is clicked on

2022-06-09 19:51:50 - [MESSAGE][PASSED] - Object: 'Object Repository/1. Constant/xpath' is clicked on

2022-06-09 19:51:50 - [TEST_STEP][PASSED] - click(findTestObject("1. Constant/xpath", ["xpath":"//*[@id="kt_content"]/div[3]/div/ul/li[3]/a"])): Object: 'Object Repository/1. Constant/xpath' is clicked on

2022-06-09 19:51:52 - [MESSAGE][PASSED] - Object: 'Object Repository/1. Constant/xpath' is clicked on

2022-06-09 19:51:52 - [TEST_STEP][PASSED] - takeScreenshot(): Taking screenshot successfully

2022-06-09 19:51:53 - [MESSAGE][PASSED] - Taking screenshot successfully
[[ATTACHMENT|D:\\Projet Test Auto\\Mediabox Test Automation\\Reports\\20220609_181011\\03. Parallel Testing (Testing)\\TS -PT PART 3\\14.01 Dreyers Support Action (Ongoing _ Completed ref) - PART 1\\20220609_181052\\1654797112673.png]]

2022-06-09 19:51:53 - [TEST_STEP][PASSED] - StepA_1 = getAttribute(findTestObject("1. Constant/xpath", ["xpath":"/html/body/div[1]/div[2]/div[8]/div[3]/div/div[3]/div[3]/div/ul/li[1]/a"]), "class"): Attribute 'class' of object 'Object Repository/1. Constant/xpath' is: 'nav-link timeline-badge badge-xl  bg-complete '

2022-06-09 19:51:53 - [MESSAGE][PASSED] - Attribute 'class' of object 'Object Repository/1. Constant/xpath' is: 'nav-link timeline-badge badge-xl  bg-complete '

2022-06-09 19:51:53 - [TEST_STEP][PASSED] - verifyMatch(StepA_1, "nav-link timeline-badge badge-xl  bg-complete ", false): Actual text 'nav-link timeline-badge badge-xl  bg-complete ' and expected text 'nav-link timeline-badge badge-xl  bg-complete ' are matched 

2022-06-09 19:51:53 - [MESSAGE][PASSED] - Actual text 'nav-link timeline-badge badge-xl  bg-complete ' and expected text 'nav-link timeline-badge badge-xl  bg-complete ' are matched 

2022-06-09 19:51:53 - [TEST_STEP][PASSED] - StepA_11 = I.Get_Stepname("/html/body/div[1]/div[2]/div[8]/div[3]/div/div[3]/div[3]/div/ul/li[1]/a"): Attribute 'href' of object 'Object Repository/1. Constant/xpath' is: 'http://mdb-release.diadeis.lan/MediaboxIndependence/Base/ExecAction?action=VoirRef&IDSession=MBI!RELTESTAUTO_DREYERS!42ECJFIAT8ZL3GFD0259BTDE149LLFPEYB32EC0E&num=60SG5Q0CCA&id_ref=5267#tab_lifecycle_SASStepA_12155'

2022-06-09 19:51:58 - [MESSAGE][PASSED] - Delayed 5 second(s)

2022-06-09 19:51:58 - [MESSAGE][PASSED] - Attribute 'href' of object 'Object Repository/1. Constant/xpath' is: 'http://mdb-release.diadeis.lan/MediaboxIndependence/Base/ExecAction?action=VoirRef&IDSession=MBI!RELTESTAUTO_DREYERS!42ECJFIAT8ZL3GFD0259BTDE149LLFPEYB32EC0E&num=60SG5Q0CCA&id_ref=5267#tab_lifecycle_SASStepA_12155'

2022-06-09 19:51:58 - [TEST_STEP][PASSED] - verifyMatch(StepA_11, "SASStepA", false): Actual text 'SASStepA' and expected text 'SASStepA' are matched 

2022-06-09 19:51:58 - [MESSAGE][PASSED] - Actual text 'SASStepA' and expected text 'SASStepA' are matched 

2022-06-09 19:51:58 - [TEST_STEP][PASSED] - StepA_2 = getAttribute(findTestObject("1. Constant/xpath", ["xpath":"/html/body/div[1]/div[2]/div[8]/div[3]/div/div[3]/div[3]/div/ul/li[2]/a"]), "class"): Attribute 'class' of object 'Object Repository/1. Constant/xpath' is: 'nav-link timeline-badge badge-xl  bg-pending active'

2022-06-09 19:51:58 - [MESSAGE][PASSED] - Attribute 'class' of object 'Object Repository/1. Constant/xpath' is: 'nav-link timeline-badge badge-xl  bg-pending active'

2022-06-09 19:51:58 - [TEST_STEP][PASSED] - verifyMatch(StepA_2, "nav-link timeline-badge badge-xl  bg-pending active", false): Actual text 'nav-link timeline-badge badge-xl  bg-pending active' and expected text 'nav-link timeline-badge badge-xl  bg-pending active' are matched 

2022-06-09 19:51:58 - [MESSAGE][PASSED] - Actual text 'nav-link timeline-badge badge-xl  bg-pending active' and expected text 'nav-link timeline-badge badge-xl  bg-pending active' are matched 

2022-06-09 19:51:58 - [TEST_STEP][PASSED] - StepA_22 = I.Get_Stepname("/html/body/div[1]/div[2]/div[8]/div[3]/div/div[3]/div[3]/div/ul/li[2]/a"): Attribute 'href' of object 'Object Repository/1. Constant/xpath' is: 'http://mdb-release.diadeis.lan/MediaboxIndependence/Base/ExecAction?action=VoirRef&IDSession=MBI!RELTESTAUTO_DREYERS!42ECJFIAT8ZL3GFD0259BTDE149LLFPEYB32EC0E&num=60SG5Q0CCA&id_ref=5267#tab_lifecycle_SASStepA_12158'

2022-06-09 19:52:03 - [MESSAGE][PASSED] - Delayed 5 second(s)

2022-06-09 19:52:03 - [MESSAGE][PASSED] - Attribute 'href' of object 'Object Repository/1. Constant/xpath' is: 'http://mdb-release.diadeis.lan/MediaboxIndependence/Base/ExecAction?action=VoirRef&IDSession=MBI!RELTESTAUTO_DREYERS!42ECJFIAT8ZL3GFD0259BTDE149LLFPEYB32EC0E&num=60SG5Q0CCA&id_ref=5267#tab_lifecycle_SASStepA_12158'

2022-06-09 19:52:03 - [TEST_STEP][PASSED] - verifyMatch(StepA_22, "SASStepA", false): Actual text 'SASStepA' and expected text 'SASStepA' are matched 

2022-06-09 19:52:03 - [MESSAGE][PASSED] - Actual text 'SASStepA' and expected text 'SASStepA' are matched 

2022-06-09 19:52:03 - [TEST_STEP][PASSED] - Name_StepAP1_2 = getText(findTestObject("1. Constant/xpath", ["xpath":"/html/body/div[1]/div[2]/div[8]/div[3]/div/div[3]/div[3]/div/div/div[2]/div/div[1]/div/div[1]/div[1]/h3"])): Text of object 'Object Repository/1. Constant/xpath' is: 'Phase 1.1 [Standard]'

2022-06-09 19:52:03 - [MESSAGE][PASSED] - Text of object 'Object Repository/1. Constant/xpath' is: 'Phase 1.1 [Standard]'

2022-06-09 19:52:03 - [TEST_STEP][PASSED] - verifyMatch(Name_StepAP1_2, "Phase 1.1 [Standard]", false): Actual text 'Phase 1.1 [Standard]' and expected text 'Phase 1.1 [Standard]' are matched 

2022-06-09 19:52:03 - [MESSAGE][PASSED] - Actual text 'Phase 1.1 [Standard]' and expected text 'Phase 1.1 [Standard]' are matched 

2022-06-09 19:52:03 - [TEST_STEP][PASSED] - added_StepAP1_2 = getText(findTestObject("1. Constant/xpath", ["xpath":"/html/body/div[1]/div[2]/div[8]/div[3]/div/div[3]/div[3]/div/div/div[2]/div/div[1]/div/div[2]/h6"])): Text of object 'Object Repository/1. Constant/xpath' is: 'Added manually 06/09/22 10:51 AM By Brian Lemco'

2022-06-09 19:52:03 - [MESSAGE][PASSED] - Text of object 'Object Repository/1. Constant/xpath' is: 'Added manually 06/09/22 10:51 AM By Brian Lemco'

2022-06-09 19:52:03 - [TEST_STEP][PASSED] - if (added_StepAP1_2.contains("Added manually")): Actual object '1' and expected object '1' are equal

2022-06-09 19:52:03 - [TEST_STEP][PASSED] - verifyEqual(1, 1): Actual object '1' and expected object '1' are equal

2022-06-09 19:52:03 - [MESSAGE][PASSED] - Actual object '1' and expected object '1' are equal

2022-06-09 19:52:04 - [TEST_STEP][PASSED] - Name_StepAP2_2 = getText(findTestObject("1. Constant/xpath", ["xpath":"/html/body/div[1]/div[2]/div[8]/div[3]/div/div[3]/div[3]/div/div/div[2]/div/div[2]/div/div[1]/div[1]/h3"])): Text of object 'Object Repository/1. Constant/xpath' is: 'Phase 1.2 [Standard Phase]'

2022-06-09 19:52:04 - [MESSAGE][PASSED] - Text of object 'Object Repository/1. Constant/xpath' is: 'Phase 1.2 [Standard Phase]'

2022-06-09 19:52:04 - [TEST_STEP][PASSED] - verifyMatch(Name_StepAP2_2, "Phase 1.2 [Standard Phase]", false): Actual text 'Phase 1.2 [Standard Phase]' and expected text 'Phase 1.2 [Standard Phase]' are matched 

2022-06-09 19:52:04 - [MESSAGE][PASSED] - Actual text 'Phase 1.2 [Standard Phase]' and expected text 'Phase 1.2 [Standard Phase]' are matched 

2022-06-09 19:52:04 - [TEST_STEP][PASSED] - StepB_3 = getAttribute(findTestObject("1. Constant/xpath", ["xpath":"/html/body/div[1]/div[2]/div[8]/div[3]/div/div[3]/div[3]/div/ul/li[3]/a"]), "class"): Attribute 'class' of object 'Object Repository/1. Constant/xpath' is: 'nav-link timeline-badge badge-xl  bg-waiting '

2022-06-09 19:52:04 - [MESSAGE][PASSED] - Attribute 'class' of object 'Object Repository/1. Constant/xpath' is: 'nav-link timeline-badge badge-xl  bg-waiting '

2022-06-09 19:52:04 - [TEST_STEP][PASSED] - verifyMatch(StepB_3, "nav-link timeline-badge badge-xl  bg-waiting ", false): Actual text 'nav-link timeline-badge badge-xl  bg-waiting ' and expected text 'nav-link timeline-badge badge-xl  bg-waiting ' are matched 

2022-06-09 19:52:04 - [MESSAGE][PASSED] - Actual text 'nav-link timeline-badge badge-xl  bg-waiting ' and expected text 'nav-link timeline-badge badge-xl  bg-waiting ' are matched 

2022-06-09 19:52:04 - [TEST_STEP][PASSED] - StepB_33 = I.Get_Stepname("/html/body/div[1]/div[2]/div[8]/div[3]/div/div[3]/div[3]/div/ul/li[3]/a"): Attribute 'href' of object 'Object Repository/1. Constant/xpath' is: 'http://mdb-release.diadeis.lan/MediaboxIndependence/Base/ExecAction?action=VoirRef&IDSession=MBI!RELTESTAUTO_DREYERS!42ECJFIAT8ZL3GFD0259BTDE149LLFPEYB32EC0E&num=60SG5Q0CCA&id_ref=5267#tab_lifecycle_SASStepB_12156'

2022-06-09 19:52:09 - [MESSAGE][PASSED] - Delayed 5 second(s)

2022-06-09 19:52:09 - [MESSAGE][PASSED] - Attribute 'href' of object 'Object Repository/1. Constant/xpath' is: 'http://mdb-release.diadeis.lan/MediaboxIndependence/Base/ExecAction?action=VoirRef&IDSession=MBI!RELTESTAUTO_DREYERS!42ECJFIAT8ZL3GFD0259BTDE149LLFPEYB32EC0E&num=60SG5Q0CCA&id_ref=5267#tab_lifecycle_SASStepB_12156'

2022-06-09 19:52:09 - [TEST_STEP][PASSED] - verifyMatch(StepB_33, "SASStepB", false): Actual text 'SASStepB' and expected text 'SASStepB' are matched 

2022-06-09 19:52:09 - [MESSAGE][PASSED] - Actual text 'SASStepB' and expected text 'SASStepB' are matched 

2022-06-09 19:52:09 - [TEST_STEP][PASSED] - click(findTestObject("1. Constant/xpath", ["xpath":"/html/body/div[1]/div[2]/div[8]/div[2]/div/nav/ol/li[2]/a"])): Object: 'Object Repository/1. Constant/xpath' is clicked on

2022-06-09 19:52:11 - [MESSAGE][PASSED] - Object: 'Object Repository/1. Constant/xpath' is clicked on

2022-06-09 19:52:11 - [TEST_STEP][PASSED] - I.SearchRefNo_xpath("P2_Auto", "//*[@id="fiche_filter_keywords11"]", "//*[@id="form_filters"]/div[3]/button"): Delayed 5 second(s)

2022-06-09 19:52:12 - [MESSAGE][PASSED] - Delayed 1 second(s)

2022-06-09 19:52:13 - [MESSAGE][PASSED] - Text 'P2_Auto' is set on object 'Object Repository/1. Constant/xpath'

2022-06-09 19:52:16 - [MESSAGE][PASSED] - Delayed 3 second(s)

2022-06-09 19:52:16 - [MESSAGE][PASSED] - Scroll to object 'Object Repository/1. Constant/xpath' successfully

2022-06-09 19:52:19 - [MESSAGE][PASSED] - Object: 'Object Repository/1. Constant/xpath' is clicked on

2022-06-09 19:52:24 - [MESSAGE][PASSED] - Delayed 5 second(s)

2022-06-09 19:52:24 - [TEST_STEP][PASSED] - takeScreenshot(): Taking screenshot successfully

2022-06-09 19:52:24 - [MESSAGE][PASSED] - Taking screenshot successfully
[[ATTACHMENT|D:\\Projet Test Auto\\Mediabox Test Automation\\Reports\\20220609_181011\\03. Parallel Testing (Testing)\\TS -PT PART 3\\14.01 Dreyers Support Action (Ongoing _ Completed ref) - PART 1\\20220609_181052\\1654797144501.png]]

2022-06-09 19:52:24 - [TEST_STEP][PASSED] - click(findTestObject("1. Constant/xpath", ["xpath":"//*[@id="source_" + refID2 + ""]/td[13]/a[3]"])): Object: 'Object Repository/1. Constant/xpath' is clicked on

2022-06-09 19:52:26 - [MESSAGE][PASSED] - Object: 'Object Repository/1. Constant/xpath' is clicked on

2022-06-09 19:52:26 - [TEST_STEP][PASSED] - click(findTestObject("1. Constant/xpath", ["xpath":"//*[@id="ModifFiche"]/div[1]/div/button[2]"])): Object: 'Object Repository/1. Constant/xpath' is clicked on

2022-06-09 19:52:30 - [MESSAGE][PASSED] - Object: 'Object Repository/1. Constant/xpath' is clicked on

2022-06-09 19:52:30 - [TEST_STEP][PASSED] - I.Logout(): Delayed 3 second(s)

2022-06-09 19:52:33 - [MESSAGE][PASSED] - Delayed 3 second(s)

2022-06-09 19:52:35 - [MESSAGE][PASSED] - Object: 'Object Repository/1. Constant/xpath' is clicked on

2022-06-09 19:52:38 - [MESSAGE][PASSED] - Delayed 3 second(s)

2022-06-09 19:52:39 - [MESSAGE][PASSED] - Object: 'Object Repository/1. Constant/xpath' is clicked on

2022-06-09 19:52:42 - [MESSAGE][PASSED] - Delayed 3 second(s)

2022-06-09 19:52:42 - [TEST_STEP][PASSED] - I.Login_password("nturner", password_nturner): Object: 'Object Repository/1. Constant/xpath' is clicked on

2022-06-09 19:52:43 - [MESSAGE][PASSED] - Text 'nturner' is set on object 'Object Repository/1. Constant/xpath'

2022-06-09 19:52:44 - [MESSAGE][PASSED] - Delayed 1 second(s)

2022-06-09 19:52:44 - [MESSAGE][PASSED] - Text 'diadeis1' is set on object 'Object Repository/1. Constant/xpath'

2022-06-09 19:52:45 - [MESSAGE][PASSED] - Delayed 1 second(s)

2022-06-09 19:52:49 - [MESSAGE][PASSED] - Object: 'Object Repository/1. Constant/xpath' is clicked on

2022-06-09 19:52:49 - [TEST_STEP][PASSED] - delay(1): Delayed 1 second(s)

2022-06-09 19:52:50 - [MESSAGE][PASSED] - Delayed 1 second(s)

2022-06-09 19:52:50 - [TEST_STEP][PASSED] - takeScreenshot(): Taking screenshot successfully

2022-06-09 19:52:50 - [MESSAGE][PASSED] - Taking screenshot successfully
[[ATTACHMENT|D:\\Projet Test Auto\\Mediabox Test Automation\\Reports\\20220609_181011\\03. Parallel Testing (Testing)\\TS -PT PART 3\\14.01 Dreyers Support Action (Ongoing _ Completed ref) - PART 1\\20220609_181052\\1654797170148.png]]

2022-06-09 19:52:50 - [TEST_STEP][PASSED] - click(findTestObject("1. Constant/02_LHSMenu_Projects")): Object: 'Object Repository/1. Constant/02_LHSMenu_Projects' is clicked on

2022-06-09 19:52:52 - [MESSAGE][PASSED] - Object: 'Object Repository/1. Constant/02_LHSMenu_Projects' is clicked on

2022-06-09 19:52:52 - [TEST_STEP][PASSED] - I.SearchProjectNo_xpath(Project_No, "//*[@id="keynum_project"]", "//*[@id="form_filters"]/div[4]/button"): Delayed 5 second(s)

2022-06-09 19:52:53 - [MESSAGE][PASSED] - Delayed 1 second(s)

2022-06-09 19:52:54 - [MESSAGE][PASSED] - Text 'MI000876' is set on object 'Object Repository/1. Constant/xpath'

2022-06-09 19:52:57 - [MESSAGE][PASSED] - Delayed 3 second(s)

2022-06-09 19:52:57 - [MESSAGE][PASSED] - Scroll to object 'Object Repository/1. Constant/xpath' successfully

2022-06-09 19:53:00 - [MESSAGE][PASSED] - Object: 'Object Repository/1. Constant/xpath' is clicked on

2022-06-09 19:53:05 - [MESSAGE][PASSED] - Delayed 5 second(s)

2022-06-09 19:53:05 - [TEST_STEP][PASSED] - takeScreenshot(): Taking screenshot successfully

2022-06-09 19:53:06 - [MESSAGE][PASSED] - Taking screenshot successfully
[[ATTACHMENT|D:\\Projet Test Auto\\Mediabox Test Automation\\Reports\\20220609_181011\\03. Parallel Testing (Testing)\\TS -PT PART 3\\14.01 Dreyers Support Action (Ongoing _ Completed ref) - PART 1\\20220609_181052\\1654797185983.png]]

2022-06-09 19:53:06 - [TEST_STEP][PASSED] - I.SearchRefNo_xpath("P2_Auto", "//*[@id="fiche_filter_keywords11"]", "//*[@id="form_filters"]/div[3]/button"): Delayed 5 second(s)

2022-06-09 19:53:07 - [MESSAGE][PASSED] - Delayed 1 second(s)

2022-06-09 19:53:08 - [MESSAGE][PASSED] - Text 'P2_Auto' is set on object 'Object Repository/1. Constant/xpath'

2022-06-09 19:53:11 - [MESSAGE][PASSED] - Delayed 3 second(s)

2022-06-09 19:53:11 - [MESSAGE][PASSED] - Scroll to object 'Object Repository/1. Constant/xpath' successfully

2022-06-09 19:53:13 - [MESSAGE][PASSED] - Object: 'Object Repository/1. Constant/xpath' is clicked on

2022-06-09 19:53:18 - [MESSAGE][PASSED] - Delayed 5 second(s)

2022-06-09 19:53:18 - [TEST_STEP][PASSED] - delay(1): Delayed 1 second(s)

2022-06-09 19:53:19 - [MESSAGE][PASSED] - Delayed 1 second(s)

2022-06-09 19:53:19 - [TEST_STEP][PASSED] - click(findTestObject("1. Constant/xpath", ["xpath":"//*[@id="source_" + refID2 + ""]/td[13]/a[2]"])): Object: 'Object Repository/1. Constant/xpath' is clicked on

2022-06-09 19:53:21 - [MESSAGE][PASSED] - Object: 'Object Repository/1. Constant/xpath' is clicked on

2022-06-09 19:53:21 - [TEST_STEP][PASSED] - click(findTestObject("1. Constant/xpath", ["xpath":"//*[@id="ModifFiche"]/div[1]/div/button[2]"])): Object: 'Object Repository/1. Constant/xpath' is clicked on

2022-06-09 19:53:25 - [MESSAGE][PASSED] - Object: 'Object Repository/1. Constant/xpath' is clicked on

2022-06-09 19:53:25 - [TEST_STEP][PASSED] - Lifecycle_Status = getText(findTestObject("1. Constant/xpath", ["xpath":"//*[@id="source_" + refID2 + ""]/td[12]/span[1]"])): Text of object 'Object Repository/1. Constant/xpath' is: 'Phase 2.1 [Production]'

2022-06-09 19:53:26 - [MESSAGE][PASSED] - Text of object 'Object Repository/1. Constant/xpath' is: 'Phase 2.1 [Production]'

2022-06-09 19:53:26 - [TEST_STEP][PASSED] - verifyMatch(Lifecycle_Status, "Phase 2.1 [Production]", false): Actual text 'Phase 2.1 [Production]' and expected text 'Phase 2.1 [Production]' are matched 

2022-06-09 19:53:26 - [MESSAGE][PASSED] - Actual text 'Phase 2.1 [Production]' and expected text 'Phase 2.1 [Production]' are matched 

2022-06-09 19:53:26 - [TEST_STEP][PASSED] - takeScreenshot(): Taking screenshot successfully

2022-06-09 19:53:26 - [MESSAGE][PASSED] - Taking screenshot successfully
[[ATTACHMENT|D:\\Projet Test Auto\\Mediabox Test Automation\\Reports\\20220609_181011\\03. Parallel Testing (Testing)\\TS -PT PART 3\\14.01 Dreyers Support Action (Ongoing _ Completed ref) - PART 1\\20220609_181052\\1654797206175.png]]

2022-06-09 19:53:26 - [TEST_STEP][PASSED] - closeBrowser(): Browser is closed

2022-06-09 19:53:27 - [MESSAGE][PASSED] - Browser is closed

2022-06-09 19:53:27 - [TEST_STEP][PASSED] - Start listener action : sampleAfterTestCase: null]]></system-out>
         <system-err><![CDATA[]]></system-err>
      </testcase>
      <system-out><![CDATA[2022-06-09 19:20:25 - [TEST_SUITE][PASSED] - 14.01 Dreyers Support Action (Ongoing _ Completed ref) - PART 1: Test Cases/19. Dreyers Support Action (Ongoing ref_completed)/19.02 Dreyers SAS Add Step (Ongoing ref) S5 - P2]]></system-out>
      <system-err><![CDATA[]]></system-err>
   </testsuite>
</testsuites>
