<?xml version="1.0" encoding="UTF-8"?>
<testsuites name="03. StarPack Full Lifecycle_SAS_Task" time="5175.092" tests="7" failures="0" errors="0">
   <testsuite name="03. StarPack Full Lifecycle_SAS_Task" tests="7" failures="0" errors="0" time="5175.092" skipped="0" timestamp="2022-06-23 18:43:20" hostname="lamhe - DPF-MBI-VERIF.ad.sgsco.int" id="Test Suites/03. Parallel Testing (Testing)/TS -PT PART 3/03. StarPack Full Lifecycle_SAS_Task">
      <properties>
         <property name="deviceName" value=""/>
         <property name="devicePlatform" value=""/>
         <property name="logFolder" value="D:\\Projet Test Auto\\Mediabox Test Automation\\Reports\\20220623_184212\\03. Parallel Testing (Testing)\\TS -PT PART 3\\03. StarPack Full Lifecycle_SAS_Task\\20220623_184213"/>
         <property name="logFiles" value="D:\\Projet Test Auto\\Mediabox Test Automation\\Reports\\20220623_184212\\03. Parallel Testing (Testing)\\TS -PT PART 3\\03. StarPack Full Lifecycle_SAS_Task\\20220623_184213\\execution0.log"/>
         <property name="attachments" value="D:\\Projet Test Auto\\Mediabox Test Automation\\Reports\\20220623_184212\\03. Parallel Testing (Testing)\\TS -PT PART 3\\03. StarPack Full Lifecycle_SAS_Task\\20220623_184213\\1656002683365.png, D:\\Projet Test Auto\\Mediabox Test Automation\\Reports\\20220623_184212\\03. Parallel Testing (Testing)\\TS -PT PART 3\\03. StarPack Full Lifecycle_SAS_Task\\20220623_184213\\1656002696939.png, D:\\Projet Test Auto\\Mediabox Test Automation\\Reports\\20220623_184212\\03. Parallel Testing (Testing)\\TS -PT PART 3\\03. StarPack Full Lifecycle_SAS_Task\\20220623_184213\\1656002708785.png, D:\\Projet Test Auto\\Mediabox Test Automation\\Reports\\20220623_184212\\03. Parallel Testing (Testing)\\TS -PT PART 3\\03. StarPack Full Lifecycle_SAS_Task\\20220623_184213\\1656002775653.png, D:\\Projet Test Auto\\Mediabox Test Automation\\Reports\\20220623_184212\\03. Parallel Testing (Testing)\\TS -PT PART 3\\03. StarPack Full Lifecycle_SAS_Task\\20220623_184213\\1656002815512.png, D:\\Projet Test Auto\\Mediabox Test Automation\\Reports\\20220623_184212\\03. Parallel Testing (Testing)\\TS -PT PART 3\\03. StarPack Full Lifecycle_SAS_Task\\20220623_184213\\1656002829731.png, D:\\Projet Test Auto\\Mediabox Test Automation\\Reports\\20220623_184212\\03. Parallel Testing (Testing)\\TS -PT PART 3\\03. StarPack Full Lifecycle_SAS_Task\\20220623_184213\\1656002883481.png, D:\\Projet Test Auto\\Mediabox Test Automation\\Reports\\20220623_184212\\03. Parallel Testing (Testing)\\TS -PT PART 3\\03. StarPack Full Lifecycle_SAS_Task\\20220623_184213\\1656002916503.png, D:\\Projet Test Auto\\Mediabox Test Automation\\Reports\\20220623_184212\\03. Parallel Testing (Testing)\\TS -PT PART 3\\03. StarPack Full Lifecycle_SAS_Task\\20220623_184213\\1656002965412.png, D:\\Projet Test Auto\\Mediabox Test Automation\\Reports\\20220623_184212\\03. Parallel Testing (Testing)\\TS -PT PART 3\\03. StarPack Full Lifecycle_SAS_Task\\20220623_184213\\1656003018560.png, D:\\Projet Test Auto\\Mediabox Test Automation\\Reports\\20220623_184212\\03. Parallel Testing (Testing)\\TS -PT PART 3\\03. StarPack Full Lifecycle_SAS_Task\\20220623_184213\\1656003060212.png, D:\\Projet Test Auto\\Mediabox Test Automation\\Reports\\20220623_184212\\03. Parallel Testing (Testing)\\TS -PT PART 3\\03. StarPack Full Lifecycle_SAS_Task\\20220623_184213\\1656003085818.png, D:\\Projet Test Auto\\Mediabox Test Automation\\Reports\\20220623_184212\\03. Parallel Testing (Testing)\\TS -PT PART 3\\03. StarPack Full Lifecycle_SAS_Task\\20220623_184213\\1656003120156.png, D:\\Projet Test Auto\\Mediabox Test Automation\\Reports\\20220623_184212\\03. Parallel Testing (Testing)\\TS -PT PART 3\\03. StarPack Full Lifecycle_SAS_Task\\20220623_184213\\1656003142936.png, D:\\Projet Test Auto\\Mediabox Test Automation\\Reports\\20220623_184212\\03. Parallel Testing (Testing)\\TS -PT PART 3\\03. StarPack Full Lifecycle_SAS_Task\\20220623_184213\\1656003155160.png, D:\\Projet Test Auto\\Mediabox Test Automation\\Reports\\20220623_184212\\03. Parallel Testing (Testing)\\TS -PT PART 3\\03. StarPack Full Lifecycle_SAS_Task\\20220623_184213\\1656003158726.png, D:\\Projet Test Auto\\Mediabox Test Automation\\Reports\\20220623_184212\\03. Parallel Testing (Testing)\\TS -PT PART 3\\03. StarPack Full Lifecycle_SAS_Task\\20220623_184213\\1656003168403.png, D:\\Projet Test Auto\\Mediabox Test Automation\\Reports\\20220623_184212\\03. Parallel Testing (Testing)\\TS -PT PART 3\\03. StarPack Full Lifecycle_SAS_Task\\20220623_184213\\1656003172927.png, D:\\Projet Test Auto\\Mediabox Test Automation\\Reports\\20220623_184212\\03. Parallel Testing (Testing)\\TS -PT PART 3\\03. StarPack Full Lifecycle_SAS_Task\\20220623_184213\\1656003177918.png, D:\\Projet Test Auto\\Mediabox Test Automation\\Reports\\20220623_184212\\03. Parallel Testing (Testing)\\TS -PT PART 3\\03. StarPack Full Lifecycle_SAS_Task\\20220623_184213\\1656003183605.png, D:\\Projet Test Auto\\Mediabox Test Automation\\Reports\\20220623_184212\\03. Parallel Testing (Testing)\\TS -PT PART 3\\03. StarPack Full Lifecycle_SAS_Task\\20220623_184213\\1656003191820.png, D:\\Projet Test Auto\\Mediabox Test Automation\\Reports\\20220623_184212\\03. Parallel Testing (Testing)\\TS -PT PART 3\\03. StarPack Full Lifecycle_SAS_Task\\20220623_184213\\1656003217586.png, D:\\Projet Test Auto\\Mediabox Test Automation\\Reports\\20220623_184212\\03. Parallel Testing (Testing)\\TS -PT PART 3\\03. StarPack Full Lifecycle_SAS_Task\\20220623_184213\\1656003254336.png, D:\\Projet Test Auto\\Mediabox Test Automation\\Reports\\20220623_184212\\03. Parallel Testing (Testing)\\TS -PT PART 3\\03. StarPack Full Lifecycle_SAS_Task\\20220623_184213\\1656003280070.png, D:\\Projet Test Auto\\Mediabox Test Automation\\Reports\\20220623_184212\\03. Parallel Testing (Testing)\\TS -PT PART 3\\03. StarPack Full Lifecycle_SAS_Task\\20220623_184213\\1656003344284.png, D:\\Projet Test Auto\\Mediabox Test Automation\\Reports\\20220623_184212\\03. Parallel Testing (Testing)\\TS -PT PART 3\\03. StarPack Full Lifecycle_SAS_Task\\20220623_184213\\1656003348169.png, D:\\Projet Test Auto\\Mediabox Test Automation\\Reports\\20220623_184212\\03. Parallel Testing (Testing)\\TS -PT PART 3\\03. StarPack Full Lifecycle_SAS_Task\\20220623_184213\\1656003368445.png, D:\\Projet Test Auto\\Mediabox Test Automation\\Reports\\20220623_184212\\03. Parallel Testing (Testing)\\TS -PT PART 3\\03. StarPack Full Lifecycle_SAS_Task\\20220623_184213\\1656003405316.png, D:\\Projet Test Auto\\Mediabox Test Automation\\Reports\\20220623_184212\\03. Parallel Testing (Testing)\\TS -PT PART 3\\03. StarPack Full Lifecycle_SAS_Task\\20220623_184213\\1656003431972.png, D:\\Projet Test Auto\\Mediabox Test Automation\\Reports\\20220623_184212\\03. Parallel Testing (Testing)\\TS -PT PART 3\\03. StarPack Full Lifecycle_SAS_Task\\20220623_184213\\1656003468502.png, D:\\Projet Test Auto\\Mediabox Test Automation\\Reports\\20220623_184212\\03. Parallel Testing (Testing)\\TS -PT PART 3\\03. StarPack Full Lifecycle_SAS_Task\\20220623_184213\\1656003497238.png, D:\\Projet Test Auto\\Mediabox Test Automation\\Reports\\20220623_184212\\03. Parallel Testing (Testing)\\TS -PT PART 3\\03. StarPack Full Lifecycle_SAS_Task\\20220623_184213\\1656003578123.png, D:\\Projet Test Auto\\Mediabox Test Automation\\Reports\\20220623_184212\\03. Parallel Testing (Testing)\\TS -PT PART 3\\03. StarPack Full Lifecycle_SAS_Task\\20220623_184213\\1656003677188.png, D:\\Projet Test Auto\\Mediabox Test Automation\\Reports\\20220623_184212\\03. Parallel Testing (Testing)\\TS -PT PART 3\\03. StarPack Full Lifecycle_SAS_Task\\20220623_184213\\1656003739444.png, D:\\Projet Test Auto\\Mediabox Test Automation\\Reports\\20220623_184212\\03. Parallel Testing (Testing)\\TS -PT PART 3\\03. StarPack Full Lifecycle_SAS_Task\\20220623_184213\\1656003771210.png, D:\\Projet Test Auto\\Mediabox Test Automation\\Reports\\20220623_184212\\03. Parallel Testing (Testing)\\TS -PT PART 3\\03. StarPack Full Lifecycle_SAS_Task\\20220623_184213\\1656003794921.png, D:\\Projet Test Auto\\Mediabox Test Automation\\Reports\\20220623_184212\\03. Parallel Testing (Testing)\\TS -PT PART 3\\03. StarPack Full Lifecycle_SAS_Task\\20220623_184213\\1656003831392.png, D:\\Projet Test Auto\\Mediabox Test Automation\\Reports\\20220623_184212\\03. Parallel Testing (Testing)\\TS -PT PART 3\\03. StarPack Full Lifecycle_SAS_Task\\20220623_184213\\1656003860222.png, D:\\Projet Test Auto\\Mediabox Test Automation\\Reports\\20220623_184212\\03. Parallel Testing (Testing)\\TS -PT PART 3\\03. StarPack Full Lifecycle_SAS_Task\\20220623_184213\\1656003944940.png, D:\\Projet Test Auto\\Mediabox Test Automation\\Reports\\20220623_184212\\03. Parallel Testing (Testing)\\TS -PT PART 3\\03. StarPack Full Lifecycle_SAS_Task\\20220623_184213\\1656003999207.png, D:\\Projet Test Auto\\Mediabox Test Automation\\Reports\\20220623_184212\\03. Parallel Testing (Testing)\\TS -PT PART 3\\03. StarPack Full Lifecycle_SAS_Task\\20220623_184213\\1656004028384.png, D:\\Projet Test Auto\\Mediabox Test Automation\\Reports\\20220623_184212\\03. Parallel Testing (Testing)\\TS -PT PART 3\\03. StarPack Full Lifecycle_SAS_Task\\20220623_184213\\1656004094932.png, D:\\Projet Test Auto\\Mediabox Test Automation\\Reports\\20220623_184212\\03. Parallel Testing (Testing)\\TS -PT PART 3\\03. StarPack Full Lifecycle_SAS_Task\\20220623_184213\\1656004104396.png, D:\\Projet Test Auto\\Mediabox Test Automation\\Reports\\20220623_184212\\03. Parallel Testing (Testing)\\TS -PT PART 3\\03. StarPack Full Lifecycle_SAS_Task\\20220623_184213\\1656004117993.png, D:\\Projet Test Auto\\Mediabox Test Automation\\Reports\\20220623_184212\\03. Parallel Testing (Testing)\\TS -PT PART 3\\03. StarPack Full Lifecycle_SAS_Task\\20220623_184213\\1656004174639.png, D:\\Projet Test Auto\\Mediabox Test Automation\\Reports\\20220623_184212\\03. Parallel Testing (Testing)\\TS -PT PART 3\\03. StarPack Full Lifecycle_SAS_Task\\20220623_184213\\1656004230252.png, D:\\Projet Test Auto\\Mediabox Test Automation\\Reports\\20220623_184212\\03. Parallel Testing (Testing)\\TS -PT PART 3\\03. StarPack Full Lifecycle_SAS_Task\\20220623_184213\\1656004250056.png, D:\\Projet Test Auto\\Mediabox Test Automation\\Reports\\20220623_184212\\03. Parallel Testing (Testing)\\TS -PT PART 3\\03. StarPack Full Lifecycle_SAS_Task\\20220623_184213\\1656004315996.png, D:\\Projet Test Auto\\Mediabox Test Automation\\Reports\\20220623_184212\\03. Parallel Testing (Testing)\\TS -PT PART 3\\03. StarPack Full Lifecycle_SAS_Task\\20220623_184213\\1656004322324.png, D:\\Projet Test Auto\\Mediabox Test Automation\\Reports\\20220623_184212\\03. Parallel Testing (Testing)\\TS -PT PART 3\\03. StarPack Full Lifecycle_SAS_Task\\20220623_184213\\1656004363073.png, D:\\Projet Test Auto\\Mediabox Test Automation\\Reports\\20220623_184212\\03. Parallel Testing (Testing)\\TS -PT PART 3\\03. StarPack Full Lifecycle_SAS_Task\\20220623_184213\\1656004388460.png, D:\\Projet Test Auto\\Mediabox Test Automation\\Reports\\20220623_184212\\03. Parallel Testing (Testing)\\TS -PT PART 3\\03. StarPack Full Lifecycle_SAS_Task\\20220623_184213\\1656004424685.png, D:\\Projet Test Auto\\Mediabox Test Automation\\Reports\\20220623_184212\\03. Parallel Testing (Testing)\\TS -PT PART 3\\03. StarPack Full Lifecycle_SAS_Task\\20220623_184213\\1656004541487.png, D:\\Projet Test Auto\\Mediabox Test Automation\\Reports\\20220623_184212\\03. Parallel Testing (Testing)\\TS -PT PART 3\\03. StarPack Full Lifecycle_SAS_Task\\20220623_184213\\1656004565753.png, D:\\Projet Test Auto\\Mediabox Test Automation\\Reports\\20220623_184212\\03. Parallel Testing (Testing)\\TS -PT PART 3\\03. StarPack Full Lifecycle_SAS_Task\\20220623_184213\\1656004569125.png, D:\\Projet Test Auto\\Mediabox Test Automation\\Reports\\20220623_184212\\03. Parallel Testing (Testing)\\TS -PT PART 3\\03. StarPack Full Lifecycle_SAS_Task\\20220623_184213\\1656004575436.png, D:\\Projet Test Auto\\Mediabox Test Automation\\Reports\\20220623_184212\\03. Parallel Testing (Testing)\\TS -PT PART 3\\03. StarPack Full Lifecycle_SAS_Task\\20220623_184213\\1656004577736.png, D:\\Projet Test Auto\\Mediabox Test Automation\\Reports\\20220623_184212\\03. Parallel Testing (Testing)\\TS -PT PART 3\\03. StarPack Full Lifecycle_SAS_Task\\20220623_184213\\1656004580679.png, D:\\Projet Test Auto\\Mediabox Test Automation\\Reports\\20220623_184212\\03. Parallel Testing (Testing)\\TS -PT PART 3\\03. StarPack Full Lifecycle_SAS_Task\\20220623_184213\\1656004585601.png, D:\\Projet Test Auto\\Mediabox Test Automation\\Reports\\20220623_184212\\03. Parallel Testing (Testing)\\TS -PT PART 3\\03. StarPack Full Lifecycle_SAS_Task\\20220623_184213\\1656004601982.png, D:\\Projet Test Auto\\Mediabox Test Automation\\Reports\\20220623_184212\\03. Parallel Testing (Testing)\\TS -PT PART 3\\03. StarPack Full Lifecycle_SAS_Task\\20220623_184213\\1656004616758.png, D:\\Projet Test Auto\\Mediabox Test Automation\\Reports\\20220623_184212\\03. Parallel Testing (Testing)\\TS -PT PART 3\\03. StarPack Full Lifecycle_SAS_Task\\20220623_184213\\1656004625347.png, D:\\Projet Test Auto\\Mediabox Test Automation\\Reports\\20220623_184212\\03. Parallel Testing (Testing)\\TS -PT PART 3\\03. StarPack Full Lifecycle_SAS_Task\\20220623_184213\\1656004640623.png, D:\\Projet Test Auto\\Mediabox Test Automation\\Reports\\20220623_184212\\03. Parallel Testing (Testing)\\TS -PT PART 3\\03. StarPack Full Lifecycle_SAS_Task\\20220623_184213\\1656004646925.png, D:\\Projet Test Auto\\Mediabox Test Automation\\Reports\\20220623_184212\\03. Parallel Testing (Testing)\\TS -PT PART 3\\03. StarPack Full Lifecycle_SAS_Task\\20220623_184213\\1656004683591.png, D:\\Projet Test Auto\\Mediabox Test Automation\\Reports\\20220623_184212\\03. Parallel Testing (Testing)\\TS -PT PART 3\\03. StarPack Full Lifecycle_SAS_Task\\20220623_184213\\1656004707235.png, D:\\Projet Test Auto\\Mediabox Test Automation\\Reports\\20220623_184212\\03. Parallel Testing (Testing)\\TS -PT PART 3\\03. StarPack Full Lifecycle_SAS_Task\\20220623_184213\\1656004709790.png, D:\\Projet Test Auto\\Mediabox Test Automation\\Reports\\20220623_184212\\03. Parallel Testing (Testing)\\TS -PT PART 3\\03. StarPack Full Lifecycle_SAS_Task\\20220623_184213\\1656004721469.png, D:\\Projet Test Auto\\Mediabox Test Automation\\Reports\\20220623_184212\\03. Parallel Testing (Testing)\\TS -PT PART 3\\03. StarPack Full Lifecycle_SAS_Task\\20220623_184213\\1656004749104.png, D:\\Projet Test Auto\\Mediabox Test Automation\\Reports\\20220623_184212\\03. Parallel Testing (Testing)\\TS -PT PART 3\\03. StarPack Full Lifecycle_SAS_Task\\20220623_184213\\1656004756071.png, D:\\Projet Test Auto\\Mediabox Test Automation\\Reports\\20220623_184212\\03. Parallel Testing (Testing)\\TS -PT PART 3\\03. StarPack Full Lifecycle_SAS_Task\\20220623_184213\\1656004777818.png, D:\\Projet Test Auto\\Mediabox Test Automation\\Reports\\20220623_184212\\03. Parallel Testing (Testing)\\TS -PT PART 3\\03. StarPack Full Lifecycle_SAS_Task\\20220623_184213\\1656004786030.png, D:\\Projet Test Auto\\Mediabox Test Automation\\Reports\\20220623_184212\\03. Parallel Testing (Testing)\\TS -PT PART 3\\03. StarPack Full Lifecycle_SAS_Task\\20220623_184213\\1656004804360.png, D:\\Projet Test Auto\\Mediabox Test Automation\\Reports\\20220623_184212\\03. Parallel Testing (Testing)\\TS -PT PART 3\\03. StarPack Full Lifecycle_SAS_Task\\20220623_184213\\1656004858545.png, D:\\Projet Test Auto\\Mediabox Test Automation\\Reports\\20220623_184212\\03. Parallel Testing (Testing)\\TS -PT PART 3\\03. StarPack Full Lifecycle_SAS_Task\\20220623_184213\\1656004868739.png, D:\\Projet Test Auto\\Mediabox Test Automation\\Reports\\20220623_184212\\03. Parallel Testing (Testing)\\TS -PT PART 3\\03. StarPack Full Lifecycle_SAS_Task\\20220623_184213\\1656004879246.png, D:\\Projet Test Auto\\Mediabox Test Automation\\Reports\\20220623_184212\\03. Parallel Testing (Testing)\\TS -PT PART 3\\03. StarPack Full Lifecycle_SAS_Task\\20220623_184213\\1656004915799.png, D:\\Projet Test Auto\\Mediabox Test Automation\\Reports\\20220623_184212\\03. Parallel Testing (Testing)\\TS -PT PART 3\\03. StarPack Full Lifecycle_SAS_Task\\20220623_184213\\1656004940619.png, D:\\Projet Test Auto\\Mediabox Test Automation\\Reports\\20220623_184212\\03. Parallel Testing (Testing)\\TS -PT PART 3\\03. StarPack Full Lifecycle_SAS_Task\\20220623_184213\\1656004954421.png, D:\\Projet Test Auto\\Mediabox Test Automation\\Reports\\20220623_184212\\03. Parallel Testing (Testing)\\TS -PT PART 3\\03. StarPack Full Lifecycle_SAS_Task\\20220623_184213\\1656005001792.png, D:\\Projet Test Auto\\Mediabox Test Automation\\Reports\\20220623_184212\\03. Parallel Testing (Testing)\\TS -PT PART 3\\03. StarPack Full Lifecycle_SAS_Task\\20220623_184213\\1656005006765.png, D:\\Projet Test Auto\\Mediabox Test Automation\\Reports\\20220623_184212\\03. Parallel Testing (Testing)\\TS -PT PART 3\\03. StarPack Full Lifecycle_SAS_Task\\20220623_184213\\1656005030889.png, D:\\Projet Test Auto\\Mediabox Test Automation\\Reports\\20220623_184212\\03. Parallel Testing (Testing)\\TS -PT PART 3\\03. StarPack Full Lifecycle_SAS_Task\\20220623_184213\\1656005085319.png, D:\\Projet Test Auto\\Mediabox Test Automation\\Reports\\20220623_184212\\03. Parallel Testing (Testing)\\TS -PT PART 3\\03. StarPack Full Lifecycle_SAS_Task\\20220623_184213\\1656005182273.png, D:\\Projet Test Auto\\Mediabox Test Automation\\Reports\\20220623_184212\\03. Parallel Testing (Testing)\\TS -PT PART 3\\03. StarPack Full Lifecycle_SAS_Task\\20220623_184213\\1656005241943.png, D:\\Projet Test Auto\\Mediabox Test Automation\\Reports\\20220623_184212\\03. Parallel Testing (Testing)\\TS -PT PART 3\\03. StarPack Full Lifecycle_SAS_Task\\20220623_184213\\1656005336432.png, D:\\Projet Test Auto\\Mediabox Test Automation\\Reports\\20220623_184212\\03. Parallel Testing (Testing)\\TS -PT PART 3\\03. StarPack Full Lifecycle_SAS_Task\\20220623_184213\\1656005438700.png, D:\\Projet Test Auto\\Mediabox Test Automation\\Reports\\20220623_184212\\03. Parallel Testing (Testing)\\TS -PT PART 3\\03. StarPack Full Lifecycle_SAS_Task\\20220623_184213\\1656005493186.png, D:\\Projet Test Auto\\Mediabox Test Automation\\Reports\\20220623_184212\\03. Parallel Testing (Testing)\\TS -PT PART 3\\03. StarPack Full Lifecycle_SAS_Task\\20220623_184213\\1656005520423.png, D:\\Projet Test Auto\\Mediabox Test Automation\\Reports\\20220623_184212\\03. Parallel Testing (Testing)\\TS -PT PART 3\\03. StarPack Full Lifecycle_SAS_Task\\20220623_184213\\1656005544634.png, D:\\Projet Test Auto\\Mediabox Test Automation\\Reports\\20220623_184212\\03. Parallel Testing (Testing)\\TS -PT PART 3\\03. StarPack Full Lifecycle_SAS_Task\\20220623_184213\\1656005579385.png, D:\\Projet Test Auto\\Mediabox Test Automation\\Reports\\20220623_184212\\03. Parallel Testing (Testing)\\TS -PT PART 3\\03. StarPack Full Lifecycle_SAS_Task\\20220623_184213\\1656005605900.png, D:\\Projet Test Auto\\Mediabox Test Automation\\Reports\\20220623_184212\\03. Parallel Testing (Testing)\\TS -PT PART 3\\03. StarPack Full Lifecycle_SAS_Task\\20220623_184213\\1656005690853.png, D:\\Projet Test Auto\\Mediabox Test Automation\\Reports\\20220623_184212\\03. Parallel Testing (Testing)\\TS -PT PART 3\\03. StarPack Full Lifecycle_SAS_Task\\20220623_184213\\1656005741914.png, D:\\Projet Test Auto\\Mediabox Test Automation\\Reports\\20220623_184212\\03. Parallel Testing (Testing)\\TS -PT PART 3\\03. StarPack Full Lifecycle_SAS_Task\\20220623_184213\\1656005774197.png, D:\\Projet Test Auto\\Mediabox Test Automation\\Reports\\20220623_184212\\03. Parallel Testing (Testing)\\TS -PT PART 3\\03. StarPack Full Lifecycle_SAS_Task\\20220623_184213\\1656005825350.png, D:\\Projet Test Auto\\Mediabox Test Automation\\Reports\\20220623_184212\\03. Parallel Testing (Testing)\\TS -PT PART 3\\03. StarPack Full Lifecycle_SAS_Task\\20220623_184213\\1656005848159.png, D:\\Projet Test Auto\\Mediabox Test Automation\\Reports\\20220623_184212\\03. Parallel Testing (Testing)\\TS -PT PART 3\\03. StarPack Full Lifecycle_SAS_Task\\20220623_184213\\1656005850572.png, D:\\Projet Test Auto\\Mediabox Test Automation\\Reports\\20220623_184212\\03. Parallel Testing (Testing)\\TS -PT PART 3\\03. StarPack Full Lifecycle_SAS_Task\\20220623_184213\\1656005851744.png, D:\\Projet Test Auto\\Mediabox Test Automation\\Reports\\20220623_184212\\03. Parallel Testing (Testing)\\TS -PT PART 3\\03. StarPack Full Lifecycle_SAS_Task\\20220623_184213\\1656005868973.png, D:\\Projet Test Auto\\Mediabox Test Automation\\Reports\\20220623_184212\\03. Parallel Testing (Testing)\\TS -PT PART 3\\03. StarPack Full Lifecycle_SAS_Task\\20220623_184213\\1656005877309.png, D:\\Projet Test Auto\\Mediabox Test Automation\\Reports\\20220623_184212\\03. Parallel Testing (Testing)\\TS -PT PART 3\\03. StarPack Full Lifecycle_SAS_Task\\20220623_184213\\1656005880615.png, D:\\Projet Test Auto\\Mediabox Test Automation\\Reports\\20220623_184212\\03. Parallel Testing (Testing)\\TS -PT PART 3\\03. StarPack Full Lifecycle_SAS_Task\\20220623_184213\\1656005888946.png, D:\\Projet Test Auto\\Mediabox Test Automation\\Reports\\20220623_184212\\03. Parallel Testing (Testing)\\TS -PT PART 3\\03. StarPack Full Lifecycle_SAS_Task\\20220623_184213\\1656005904615.png, D:\\Projet Test Auto\\Mediabox Test Automation\\Reports\\20220623_184212\\03. Parallel Testing (Testing)\\TS -PT PART 3\\03. StarPack Full Lifecycle_SAS_Task\\20220623_184213\\1656005932245.png, D:\\Projet Test Auto\\Mediabox Test Automation\\Reports\\20220623_184212\\03. Parallel Testing (Testing)\\TS -PT PART 3\\03. StarPack Full Lifecycle_SAS_Task\\20220623_184213\\1656005997403.png, D:\\Projet Test Auto\\Mediabox Test Automation\\Reports\\20220623_184212\\03. Parallel Testing (Testing)\\TS -PT PART 3\\03. StarPack Full Lifecycle_SAS_Task\\20220623_184213\\1656006057747.png, D:\\Projet Test Auto\\Mediabox Test Automation\\Reports\\20220623_184212\\03. Parallel Testing (Testing)\\TS -PT PART 3\\03. StarPack Full Lifecycle_SAS_Task\\20220623_184213\\1656006067886.png, D:\\Projet Test Auto\\Mediabox Test Automation\\Reports\\20220623_184212\\03. Parallel Testing (Testing)\\TS -PT PART 3\\03. StarPack Full Lifecycle_SAS_Task\\20220623_184213\\1656006089391.png, D:\\Projet Test Auto\\Mediabox Test Automation\\Reports\\20220623_184212\\03. Parallel Testing (Testing)\\TS -PT PART 3\\03. StarPack Full Lifecycle_SAS_Task\\20220623_184213\\1656006135207.png, D:\\Projet Test Auto\\Mediabox Test Automation\\Reports\\20220623_184212\\03. Parallel Testing (Testing)\\TS -PT PART 3\\03. StarPack Full Lifecycle_SAS_Task\\20220623_184213\\1656006168451.png, D:\\Projet Test Auto\\Mediabox Test Automation\\Reports\\20220623_184212\\03. Parallel Testing (Testing)\\TS -PT PART 3\\03. StarPack Full Lifecycle_SAS_Task\\20220623_184213\\1656006187708.png, D:\\Projet Test Auto\\Mediabox Test Automation\\Reports\\20220623_184212\\03. Parallel Testing (Testing)\\TS -PT PART 3\\03. StarPack Full Lifecycle_SAS_Task\\20220623_184213\\1656006213747.png, D:\\Projet Test Auto\\Mediabox Test Automation\\Reports\\20220623_184212\\03. Parallel Testing (Testing)\\TS -PT PART 3\\03. StarPack Full Lifecycle_SAS_Task\\20220623_184213\\1656006217464.png, D:\\Projet Test Auto\\Mediabox Test Automation\\Reports\\20220623_184212\\03. Parallel Testing (Testing)\\TS -PT PART 3\\03. StarPack Full Lifecycle_SAS_Task\\20220623_184213\\1656006226931.png, D:\\Projet Test Auto\\Mediabox Test Automation\\Reports\\20220623_184212\\03. Parallel Testing (Testing)\\TS -PT PART 3\\03. StarPack Full Lifecycle_SAS_Task\\20220623_184213\\1656006238074.png, D:\\Projet Test Auto\\Mediabox Test Automation\\Reports\\20220623_184212\\03. Parallel Testing (Testing)\\TS -PT PART 3\\03. StarPack Full Lifecycle_SAS_Task\\20220623_184213\\1656006245982.png, D:\\Projet Test Auto\\Mediabox Test Automation\\Reports\\20220623_184212\\03. Parallel Testing (Testing)\\TS -PT PART 3\\03. StarPack Full Lifecycle_SAS_Task\\20220623_184213\\1656006247893.png, D:\\Projet Test Auto\\Mediabox Test Automation\\Reports\\20220623_184212\\03. Parallel Testing (Testing)\\TS -PT PART 3\\03. StarPack Full Lifecycle_SAS_Task\\20220623_184213\\1656006249384.png, D:\\Projet Test Auto\\Mediabox Test Automation\\Reports\\20220623_184212\\03. Parallel Testing (Testing)\\TS -PT PART 3\\03. StarPack Full Lifecycle_SAS_Task\\20220623_184213\\1656006251118.png, D:\\Projet Test Auto\\Mediabox Test Automation\\Reports\\20220623_184212\\03. Parallel Testing (Testing)\\TS -PT PART 3\\03. StarPack Full Lifecycle_SAS_Task\\20220623_184213\\1656006258194.png, D:\\Projet Test Auto\\Mediabox Test Automation\\Reports\\20220623_184212\\03. Parallel Testing (Testing)\\TS -PT PART 3\\03. StarPack Full Lifecycle_SAS_Task\\20220623_184213\\1656006265340.png, D:\\Projet Test Auto\\Mediabox Test Automation\\Reports\\20220623_184212\\03. Parallel Testing (Testing)\\TS -PT PART 3\\03. StarPack Full Lifecycle_SAS_Task\\20220623_184213\\1656006280894.png, D:\\Projet Test Auto\\Mediabox Test Automation\\Reports\\20220623_184212\\03. Parallel Testing (Testing)\\TS -PT PART 3\\03. StarPack Full Lifecycle_SAS_Task\\20220623_184213\\1656006286831.png, D:\\Projet Test Auto\\Mediabox Test Automation\\Reports\\20220623_184212\\03. Parallel Testing (Testing)\\TS -PT PART 3\\03. StarPack Full Lifecycle_SAS_Task\\20220623_184213\\1656006299920.png, D:\\Projet Test Auto\\Mediabox Test Automation\\Reports\\20220623_184212\\03. Parallel Testing (Testing)\\TS -PT PART 3\\03. StarPack Full Lifecycle_SAS_Task\\20220623_184213\\1656006303887.png, D:\\Projet Test Auto\\Mediabox Test Automation\\Reports\\20220623_184212\\03. Parallel Testing (Testing)\\TS -PT PART 3\\03. StarPack Full Lifecycle_SAS_Task\\20220623_184213\\1656006314388.png, D:\\Projet Test Auto\\Mediabox Test Automation\\Reports\\20220623_184212\\03. Parallel Testing (Testing)\\TS -PT PART 3\\03. StarPack Full Lifecycle_SAS_Task\\20220623_184213\\1656006315732.png, D:\\Projet Test Auto\\Mediabox Test Automation\\Reports\\20220623_184212\\03. Parallel Testing (Testing)\\TS -PT PART 3\\03. StarPack Full Lifecycle_SAS_Task\\20220623_184213\\1656006342915.png, D:\\Projet Test Auto\\Mediabox Test Automation\\Reports\\20220623_184212\\03. Parallel Testing (Testing)\\TS -PT PART 3\\03. StarPack Full Lifecycle_SAS_Task\\20220623_184213\\1656006364963.png, D:\\Projet Test Auto\\Mediabox Test Automation\\Reports\\20220623_184212\\03. Parallel Testing (Testing)\\TS -PT PART 3\\03. StarPack Full Lifecycle_SAS_Task\\20220623_184213\\1656006375242.png, D:\\Projet Test Auto\\Mediabox Test Automation\\Reports\\20220623_184212\\03. Parallel Testing (Testing)\\TS -PT PART 3\\03. StarPack Full Lifecycle_SAS_Task\\20220623_184213\\1656006381627.png, D:\\Projet Test Auto\\Mediabox Test Automation\\Reports\\20220623_184212\\03. Parallel Testing (Testing)\\TS -PT PART 3\\03. StarPack Full Lifecycle_SAS_Task\\20220623_184213\\1656006391762.png, D:\\Projet Test Auto\\Mediabox Test Automation\\Reports\\20220623_184212\\03. Parallel Testing (Testing)\\TS -PT PART 3\\03. StarPack Full Lifecycle_SAS_Task\\20220623_184213\\1656006397063.png, D:\\Projet Test Auto\\Mediabox Test Automation\\Reports\\20220623_184212\\03. Parallel Testing (Testing)\\TS -PT PART 3\\03. StarPack Full Lifecycle_SAS_Task\\20220623_184213\\1656006412746.png, D:\\Projet Test Auto\\Mediabox Test Automation\\Reports\\20220623_184212\\03. Parallel Testing (Testing)\\TS -PT PART 3\\03. StarPack Full Lifecycle_SAS_Task\\20220623_184213\\1656006428951.png, D:\\Projet Test Auto\\Mediabox Test Automation\\Reports\\20220623_184212\\03. Parallel Testing (Testing)\\TS -PT PART 3\\03. StarPack Full Lifecycle_SAS_Task\\20220623_184213\\1656006436952.png, D:\\Projet Test Auto\\Mediabox Test Automation\\Reports\\20220623_184212\\03. Parallel Testing (Testing)\\TS -PT PART 3\\03. StarPack Full Lifecycle_SAS_Task\\20220623_184213\\1656006508591.png, D:\\Projet Test Auto\\Mediabox Test Automation\\Reports\\20220623_184212\\03. Parallel Testing (Testing)\\TS -PT PART 3\\03. StarPack Full Lifecycle_SAS_Task\\20220623_184213\\1656006521096.png, D:\\Projet Test Auto\\Mediabox Test Automation\\Reports\\20220623_184212\\03. Parallel Testing (Testing)\\TS -PT PART 3\\03. StarPack Full Lifecycle_SAS_Task\\20220623_184213\\1656006553358.png, D:\\Projet Test Auto\\Mediabox Test Automation\\Reports\\20220623_184212\\03. Parallel Testing (Testing)\\TS -PT PART 3\\03. StarPack Full Lifecycle_SAS_Task\\20220623_184213\\1656006568276.png, D:\\Projet Test Auto\\Mediabox Test Automation\\Reports\\20220623_184212\\03. Parallel Testing (Testing)\\TS -PT PART 3\\03. StarPack Full Lifecycle_SAS_Task\\20220623_184213\\1656006570687.png, D:\\Projet Test Auto\\Mediabox Test Automation\\Reports\\20220623_184212\\03. Parallel Testing (Testing)\\TS -PT PART 3\\03. StarPack Full Lifecycle_SAS_Task\\20220623_184213\\1656006586488.png, D:\\Projet Test Auto\\Mediabox Test Automation\\Reports\\20220623_184212\\03. Parallel Testing (Testing)\\TS -PT PART 3\\03. StarPack Full Lifecycle_SAS_Task\\20220623_184213\\1656006590666.png, D:\\Projet Test Auto\\Mediabox Test Automation\\Reports\\20220623_184212\\03. Parallel Testing (Testing)\\TS -PT PART 3\\03. StarPack Full Lifecycle_SAS_Task\\20220623_184213\\1656006600740.png, D:\\Projet Test Auto\\Mediabox Test Automation\\Reports\\20220623_184212\\03. Parallel Testing (Testing)\\TS -PT PART 3\\03. StarPack Full Lifecycle_SAS_Task\\20220623_184213\\1656006606848.png, D:\\Projet Test Auto\\Mediabox Test Automation\\Reports\\20220623_184212\\03. Parallel Testing (Testing)\\TS -PT PART 3\\03. StarPack Full Lifecycle_SAS_Task\\20220623_184213\\1656006607665.png, D:\\Projet Test Auto\\Mediabox Test Automation\\Reports\\20220623_184212\\03. Parallel Testing (Testing)\\TS -PT PART 3\\03. StarPack Full Lifecycle_SAS_Task\\20220623_184213\\1656006641324.png, D:\\Projet Test Auto\\Mediabox Test Automation\\Reports\\20220623_184212\\03. Parallel Testing (Testing)\\TS -PT PART 3\\03. StarPack Full Lifecycle_SAS_Task\\20220623_184213\\1656006679359.png, D:\\Projet Test Auto\\Mediabox Test Automation\\Reports\\20220623_184212\\03. Parallel Testing (Testing)\\TS -PT PART 3\\03. StarPack Full Lifecycle_SAS_Task\\20220623_184213\\1656006683512.png, D:\\Projet Test Auto\\Mediabox Test Automation\\Reports\\20220623_184212\\03. Parallel Testing (Testing)\\TS -PT PART 3\\03. StarPack Full Lifecycle_SAS_Task\\20220623_184213\\1656006711484.png, D:\\Projet Test Auto\\Mediabox Test Automation\\Reports\\20220623_184212\\03. Parallel Testing (Testing)\\TS -PT PART 3\\03. StarPack Full Lifecycle_SAS_Task\\20220623_184213\\1656006723393.png, D:\\Projet Test Auto\\Mediabox Test Automation\\Reports\\20220623_184212\\03. Parallel Testing (Testing)\\TS -PT PART 3\\03. StarPack Full Lifecycle_SAS_Task\\20220623_184213\\1656006732837.png, D:\\Projet Test Auto\\Mediabox Test Automation\\Reports\\20220623_184212\\03. Parallel Testing (Testing)\\TS -PT PART 3\\03. StarPack Full Lifecycle_SAS_Task\\20220623_184213\\1656006748820.png, D:\\Projet Test Auto\\Mediabox Test Automation\\Reports\\20220623_184212\\03. Parallel Testing (Testing)\\TS -PT PART 3\\03. StarPack Full Lifecycle_SAS_Task\\20220623_184213\\1656006866656.png, D:\\Projet Test Auto\\Mediabox Test Automation\\Reports\\20220623_184212\\03. Parallel Testing (Testing)\\TS -PT PART 3\\03. StarPack Full Lifecycle_SAS_Task\\20220623_184213\\1656006873093.png, D:\\Projet Test Auto\\Mediabox Test Automation\\Reports\\20220623_184212\\03. Parallel Testing (Testing)\\TS -PT PART 3\\03. StarPack Full Lifecycle_SAS_Task\\20220623_184213\\1656006880405.png, D:\\Projet Test Auto\\Mediabox Test Automation\\Reports\\20220623_184212\\03. Parallel Testing (Testing)\\TS -PT PART 3\\03. StarPack Full Lifecycle_SAS_Task\\20220623_184213\\1656006918486.png, D:\\Projet Test Auto\\Mediabox Test Automation\\Reports\\20220623_184212\\03. Parallel Testing (Testing)\\TS -PT PART 3\\03. StarPack Full Lifecycle_SAS_Task\\20220623_184213\\1656006948565.png, D:\\Projet Test Auto\\Mediabox Test Automation\\Reports\\20220623_184212\\03. Parallel Testing (Testing)\\TS -PT PART 3\\03. StarPack Full Lifecycle_SAS_Task\\20220623_184213\\1656006964497.png, D:\\Projet Test Auto\\Mediabox Test Automation\\Reports\\20220623_184212\\03. Parallel Testing (Testing)\\TS -PT PART 3\\03. StarPack Full Lifecycle_SAS_Task\\20220623_184213\\1656007008915.png, D:\\Projet Test Auto\\Mediabox Test Automation\\Reports\\20220623_184212\\03. Parallel Testing (Testing)\\TS -PT PART 3\\03. StarPack Full Lifecycle_SAS_Task\\20220623_184213\\1656007044820.png, D:\\Projet Test Auto\\Mediabox Test Automation\\Reports\\20220623_184212\\03. Parallel Testing (Testing)\\TS -PT PART 3\\03. StarPack Full Lifecycle_SAS_Task\\20220623_184213\\1656007087188.png, D:\\Projet Test Auto\\Mediabox Test Automation\\Reports\\20220623_184212\\03. Parallel Testing (Testing)\\TS -PT PART 3\\03. StarPack Full Lifecycle_SAS_Task\\20220623_184213\\1656007166060.png, D:\\Projet Test Auto\\Mediabox Test Automation\\Reports\\20220623_184212\\03. Parallel Testing (Testing)\\TS -PT PART 3\\03. StarPack Full Lifecycle_SAS_Task\\20220623_184213\\1656007196270.png, D:\\Projet Test Auto\\Mediabox Test Automation\\Reports\\20220623_184212\\03. Parallel Testing (Testing)\\TS -PT PART 3\\03. StarPack Full Lifecycle_SAS_Task\\20220623_184213\\1656007216307.png, D:\\Projet Test Auto\\Mediabox Test Automation\\Reports\\20220623_184212\\03. Parallel Testing (Testing)\\TS -PT PART 3\\03. StarPack Full Lifecycle_SAS_Task\\20220623_184213\\1656007239811.png, D:\\Projet Test Auto\\Mediabox Test Automation\\Reports\\20220623_184212\\03. Parallel Testing (Testing)\\TS -PT PART 3\\03. StarPack Full Lifecycle_SAS_Task\\20220623_184213\\1656007275137.png, D:\\Projet Test Auto\\Mediabox Test Automation\\Reports\\20220623_184212\\03. Parallel Testing (Testing)\\TS -PT PART 3\\03. StarPack Full Lifecycle_SAS_Task\\20220623_184213\\1656007299866.png, D:\\Projet Test Auto\\Mediabox Test Automation\\Reports\\20220623_184212\\03. Parallel Testing (Testing)\\TS -PT PART 3\\03. StarPack Full Lifecycle_SAS_Task\\20220623_184213\\1656007359003.png, D:\\Projet Test Auto\\Mediabox Test Automation\\Reports\\20220623_184212\\03. Parallel Testing (Testing)\\TS -PT PART 3\\03. StarPack Full Lifecycle_SAS_Task\\20220623_184213\\1656007384378.png, D:\\Projet Test Auto\\Mediabox Test Automation\\Reports\\20220623_184212\\03. Parallel Testing (Testing)\\TS -PT PART 3\\03. StarPack Full Lifecycle_SAS_Task\\20220623_184213\\1656007406214.png, D:\\Projet Test Auto\\Mediabox Test Automation\\Reports\\20220623_184212\\03. Parallel Testing (Testing)\\TS -PT PART 3\\03. StarPack Full Lifecycle_SAS_Task\\20220623_184213\\1656007429345.png, D:\\Projet Test Auto\\Mediabox Test Automation\\Reports\\20220623_184212\\03. Parallel Testing (Testing)\\TS -PT PART 3\\03. StarPack Full Lifecycle_SAS_Task\\20220623_184213\\1656007464884.png, D:\\Projet Test Auto\\Mediabox Test Automation\\Reports\\20220623_184212\\03. Parallel Testing (Testing)\\TS -PT PART 3\\03. StarPack Full Lifecycle_SAS_Task\\20220623_184213\\1656007487611.png, D:\\Projet Test Auto\\Mediabox Test Automation\\Reports\\20220623_184212\\03. Parallel Testing (Testing)\\TS -PT PART 3\\03. StarPack Full Lifecycle_SAS_Task\\20220623_184213\\1656007541471.png, D:\\Projet Test Auto\\Mediabox Test Automation\\Reports\\20220623_184212\\03. Parallel Testing (Testing)\\TS -PT PART 3\\03. StarPack Full Lifecycle_SAS_Task\\20220623_184213\\1656007561827.png, D:\\Projet Test Auto\\Mediabox Test Automation\\Reports\\20220623_184212\\03. Parallel Testing (Testing)\\TS -PT PART 3\\03. StarPack Full Lifecycle_SAS_Task\\20220623_184213\\1656007584464.png, D:\\Projet Test Auto\\Mediabox Test Automation\\Reports\\20220623_184212\\03. Parallel Testing (Testing)\\TS -PT PART 3\\03. StarPack Full Lifecycle_SAS_Task\\20220623_184213\\1656007632221.png, D:\\Projet Test Auto\\Mediabox Test Automation\\Reports\\20220623_184212\\03. Parallel Testing (Testing)\\TS -PT PART 3\\03. StarPack Full Lifecycle_SAS_Task\\20220623_184213\\1656007713723.png, D:\\Projet Test Auto\\Mediabox Test Automation\\Reports\\20220623_184212\\03. Parallel Testing (Testing)\\TS -PT PART 3\\03. StarPack Full Lifecycle_SAS_Task\\20220623_184213\\1656007738340.png, D:\\Projet Test Auto\\Mediabox Test Automation\\Reports\\20220623_184212\\03. Parallel Testing (Testing)\\TS -PT PART 3\\03. StarPack Full Lifecycle_SAS_Task\\20220623_184213\\1656007758218.png"/>
         <property name="hostName" value="lamhe - DPF-MBI-VERIF.ad.sgsco.int"/>
         <property name="os" value="Windows 10 64bit"/>
         <property name="katalonVersion" value="8.3.0.208"/>
         <property name="browser" value="Chrome 102.0.5005.115"/>
         <property name="hostAddress" value="10.15.10.53"/>
         <property name="sessionId" value="14642f97b0c87184ee2cedd5f71d1319"/>
         <property name="seleniumVersion" value="3.141.59"/>
         <property name="proxyInformation" value="ProxyInformation { proxyOption=NO_PROXY, proxyServerType=HTTP, username=, password=********, proxyServerAddress=, proxyServerPort=0, executionList=&quot;&quot;, isApplyToDesiredCapabilities=true }"/>
         <property name="platform" value="Windows 10"/>
      </properties>
      <testcase name="Test Cases/04. Star pack Full Lifecycle - AIS _ Long name Artwork without info/4.01 Star Pack Full Lifecycle - AWIS (Chrome)_ACreationDaughRef 15.03 P1" time="1439.96" classname="Test Cases/04. Star pack Full Lifecycle - AIS _ Long name Artwork without info/4.01 Star Pack Full Lifecycle - AWIS (Chrome)_ACreationDaughRef 15.03 P1" status="PASSED">
         <system-out><![CDATA[2022-06-23 18:43:22 - [TEST_CASE][PASSED] - Test Cases/04. Star pack Full Lifecycle - AIS _ Long name Artwork without info/4.01 Star Pack Full Lifecycle - AWIS (Chrome)_ACreationDaughRef 15.03 P1: Test Cases/04. Star pack Full Lifecycle - AIS _ Long name Artwork without info/4.01 Star Pack Full Lifecycle - AWIS (Chrome)_ACreationDaughRef 15.03 P1

2022-06-23 18:43:27 - [TEST_STEP][PASSED] - data = findTestData("Data Files/Username_Password/Starpack (10June2021)"): null

2022-06-23 18:43:27 - [TEST_STEP][PASSED] - password_suser = data.getValue(2, 1): null

2022-06-23 18:43:27 - [TEST_STEP][PASSED] - password_aherms = data.getValue(2, 2): null

2022-06-23 18:43:27 - [TEST_STEP][PASSED] - password_agluszczynska = data.getValue(2, 3): null

2022-06-23 18:43:27 - [TEST_STEP][PASSED] - password_aterreshernandez = data.getValue(2, 5): null

2022-06-23 18:43:27 - [TEST_STEP][PASSED] - password_adelamatanieves = data.getValue(2, 7): null

2022-06-23 18:43:27 - [TEST_STEP][PASSED] - data_urlRELAUTO = findTestData("Data Files/URL/URL_relauto"): null

2022-06-23 18:43:27 - [TEST_STEP][PASSED] - Url_Starpack = data_urlRELAUTO.getValue(2, 2): null

2022-06-23 18:43:27 - [TEST_STEP][PASSED] - log = new com.kms.katalon.core.logging.KeywordLogger(): null

2022-06-23 18:43:27 - [TEST_STEP][PASSED] - I.clearnotepad("D:\Upoad_File\Projet_ Login\StarPack\4.01 StarPack _Project_No\4.01_StarPack_ProjectNo.txt"): null

2022-06-23 18:43:27 - [TEST_STEP][PASSED] - I.clearnotepad("D:\Upoad_File\Projet_ Login\StarPack\4.01 StarPack _Project_No\4.01_StarPack_refID.txt"): null

2022-06-23 18:43:27 - [TEST_STEP][PASSED] - I.clearnotepad("D:\Upoad_File\Projet_ Login\StarPack\4.01 StarPack _Project_No\4.01_StarPack_refID_PS.txt"): null

2022-06-23 18:43:27 - [TEST_STEP][PASSED] - I.clearnotepad("D:\Upoad_File\Projet_ Login\StarPack\4.01 StarPack _Project_No\4.01_StarPack_refID_PTS.txt"): null

2022-06-23 18:43:27 - [TEST_STEP][PASSED] - I.clearnotepad("D:\Upoad_File\Projet_ Login\StarPack\4.01 StarPack _Project_No\4.01_StarPack_refID_TD.txt"): null

2022-06-23 18:43:27 - [TEST_STEP][PASSED] - openBrowser(Url_Starpack): Browser is opened with url: 'http://mdb-release.diadeis.lan/MediaboxIndependence/?MBI_datasource=RELTESTAUTO_STARPACK'

2022-06-23 18:43:30 - [MESSAGE][INFO] - Starting 'Chrome (headless)' driver

2022-06-23 18:43:30 - [MESSAGE][INFO] - User set preference: ['args', '[--window-size=1920,1080, --headless]']

2022-06-23 18:43:30 - [MESSAGE][INFO] - Action delay is set to 0 milliseconds

2022-06-23 18:44:18 - [MESSAGE][PASSED] - Browser is opened with url: 'http://mdb-release.diadeis.lan/MediaboxIndependence/?MBI_datasource=RELTESTAUTO_STARPACK'

2022-06-23 18:44:18 - [TEST_STEP][PASSED] - maximizeWindow(): Current window maximized

2022-06-23 18:44:20 - [MESSAGE][PASSED] - Current window maximized

2022-06-23 18:44:20 - [TEST_STEP][PASSED] - I.Login_password("adelamatanieves", password_adelamatanieves): Object: 'Object Repository/1. Constant/xpath' is clicked on

2022-06-23 18:44:24 - [MESSAGE][PASSED] - Text 'adelamatanieves' is set on object 'Object Repository/1. Constant/xpath'

2022-06-23 18:44:25 - [MESSAGE][PASSED] - Delayed 1 second(s)

2022-06-23 18:44:25 - [MESSAGE][PASSED] - Text 'dchi4' is set on object 'Object Repository/1. Constant/xpath'

2022-06-23 18:44:26 - [MESSAGE][PASSED] - Delayed 1 second(s)

2022-06-23 18:44:42 - [MESSAGE][PASSED] - Object: 'Object Repository/1. Constant/xpath' is clicked on

2022-06-23 18:44:42 - [TEST_STEP][PASSED] - takeScreenshot(): Taking screenshot successfully

2022-06-23 18:44:44 - [MESSAGE][PASSED] - Taking screenshot successfully
[[ATTACHMENT|D:\\Projet Test Auto\\Mediabox Test Automation\\Reports\\20220623_184212\\03. Parallel Testing (Testing)\\TS -PT PART 3\\03. StarPack Full Lifecycle_SAS_Task\\20220623_184213\\1656002683365.png]]

2022-06-23 18:44:44 - [TEST_STEP][PASSED] - click(findTestObject("1. Constant/02_LHSMenu_Projects")): Object: 'Object Repository/1. Constant/02_LHSMenu_Projects' is clicked on

2022-06-23 18:44:50 - [MESSAGE][PASSED] - Object: 'Object Repository/1. Constant/02_LHSMenu_Projects' is clicked on

2022-06-23 18:44:50 - [TEST_STEP][PASSED] - click(findTestObject("Object Repository/1. Constant/xpath", ["xpath":"//*[@id="kt_content"]/div[3]/div/div/div[1]/div[2]/a[1]"])): Object: 'Object Repository/1. Constant/xpath' is clicked on

2022-06-23 18:44:56 - [MESSAGE][PASSED] - Object: 'Object Repository/1. Constant/xpath' is clicked on

2022-06-23 18:44:56 - [TEST_STEP][PASSED] - takeScreenshot(): Taking screenshot successfully

2022-06-23 18:44:57 - [MESSAGE][PASSED] - Taking screenshot successfully
[[ATTACHMENT|D:\\Projet Test Auto\\Mediabox Test Automation\\Reports\\20220623_184212\\03. Parallel Testing (Testing)\\TS -PT PART 3\\03. StarPack Full Lifecycle_SAS_Task\\20220623_184213\\1656002696939.png]]

2022-06-23 18:44:57 - [TEST_STEP][PASSED] - project_name = "TC4.01_AutoTest_Chrome_Starpack" + RandomStringUtils.randomAlphanumeric(10) + "_" + I.gettimedate(): null

2022-06-23 18:44:57 - [TEST_STEP][PASSED] - setText(findTestObject("HL Full Lifecycle/4 CreateProjPage_inputProjectname"), project_name): Text 'TC4.01_AutoTest_Chrome_Starpackax3i8GQNdl_juin232022_184457' is set on object 'Object Repository/HL Full Lifecycle/4 CreateProjPage_inputProjectname'

2022-06-23 18:45:02 - [MESSAGE][PASSED] - Text 'TC4.01_AutoTest_Chrome_Starpackax3i8GQNdl_juin232022_184457' is set on object 'Object Repository/HL Full Lifecycle/4 CreateProjPage_inputProjectname'

2022-06-23 18:45:02 - [TEST_STEP][PASSED] - click(findTestObject("HL Full Lifecycle/4 CreateProjPage_Create Project_Bluebutton")): Object: 'Object Repository/HL Full Lifecycle/4 CreateProjPage_Create Project_Bluebutton' is clicked on

2022-06-23 18:45:07 - [MESSAGE][PASSED] - Object: 'Object Repository/HL Full Lifecycle/4 CreateProjPage_Create Project_Bluebutton' is clicked on

2022-06-23 18:45:07 - [TEST_STEP][PASSED] - delay(1): Delayed 1 second(s)

2022-06-23 18:45:08 - [MESSAGE][PASSED] - Delayed 1 second(s)

2022-06-23 18:45:08 - [TEST_STEP][PASSED] - takeScreenshot(): Taking screenshot successfully

2022-06-23 18:45:10 - [MESSAGE][PASSED] - Taking screenshot successfully
[[ATTACHMENT|D:\\Projet Test Auto\\Mediabox Test Automation\\Reports\\20220623_184212\\03. Parallel Testing (Testing)\\TS -PT PART 3\\03. StarPack Full Lifecycle_SAS_Task\\20220623_184213\\1656002708785.png]]

2022-06-23 18:45:10 - [TEST_STEP][PASSED] - I.SelectFromList_Value("//*[@id="var_98"]", "122"): Delayed 2 second(s)

2022-06-23 18:45:15 - [MESSAGE][PASSED] - All options with value '122' are selected in object 'Object Repository/1. Constant/xpath' 

2022-06-23 18:45:17 - [MESSAGE][PASSED] - Delayed 2 second(s)

2022-06-23 18:45:17 - [TEST_STEP][PASSED] - I.SelectFromList_Value("//*[@id="var_9"]", "amartin_arbol"): Delayed 2 second(s)

2022-06-23 18:45:19 - [MESSAGE][PASSED] - All options with value 'amartin_arbol' are selected in object 'Object Repository/1. Constant/xpath' 

2022-06-23 18:45:21 - [MESSAGE][PASSED] - Delayed 2 second(s)

2022-06-23 18:45:21 - [TEST_STEP][PASSED] - I.SelectFromList_Value("//*[@id="var_10"]", "aterreshernandez"): Delayed 2 second(s)

2022-06-23 18:45:26 - [MESSAGE][PASSED] - All options with value 'aterreshernandez' are selected in object 'Object Repository/1. Constant/xpath' 

2022-06-23 18:45:28 - [MESSAGE][PASSED] - Delayed 2 second(s)

2022-06-23 18:45:28 - [TEST_STEP][PASSED] - I.select_multiplelist("//*[@id="selSource_49"]", "//*[@id="btnAdd_49"]", "nalonsobermejo"): Delayed 1 second(s)

2022-06-23 18:45:29 - [MESSAGE][PASSED] - Delayed 1 second(s)

2022-06-23 18:45:35 - [MESSAGE][PASSED] - All options with value 'nalonsobermejo' are selected in object 'Object Repository/1. Constant/xpath' 

2022-06-23 18:45:37 - [MESSAGE][PASSED] - Delayed 2 second(s)

2022-06-23 18:45:42 - [MESSAGE][PASSED] - Object: 'Object Repository/1. Constant/xpath' is clicked on

2022-06-23 18:45:43 - [MESSAGE][PASSED] - Delayed 1 second(s)

2022-06-23 18:45:43 - [TEST_STEP][PASSED] - I.SelectFromList_Value("//*[@id="var_15"]", "292"): Delayed 2 second(s)

2022-06-23 18:45:46 - [MESSAGE][PASSED] - All options with value '292' are selected in object 'Object Repository/1. Constant/xpath' 

2022-06-23 18:45:48 - [MESSAGE][PASSED] - Delayed 2 second(s)

2022-06-23 18:45:48 - [TEST_STEP][PASSED] - value = getAttribute(findTestObject("Object Repository/StarPack - Full Lifecycle (AWIS)/1.6 ModifyProPage _NDP"), "value"): Attribute 'value' of object 'Object Repository/StarPack - Full Lifecycle (AWIS)/1.6 ModifyProPage _NDP' is: 'MCBRIDE, S.A.'

2022-06-23 18:45:49 - [MESSAGE][PASSED] - Attribute 'value' of object 'Object Repository/StarPack - Full Lifecycle (AWIS)/1.6 ModifyProPage _NDP' is: 'MCBRIDE, S.A.'

2022-06-23 18:45:49 - [TEST_STEP][PASSED] - delay(1): Delayed 1 second(s)

2022-06-23 18:45:50 - [MESSAGE][PASSED] - Delayed 1 second(s)

2022-06-23 18:45:50 - [TEST_STEP][PASSED] - if (value == "MCBRIDE, S.A."): null

2022-06-23 18:45:50 - [TEST_STEP][PASSED] - out.println("Value is filled with  value  MCBRIDE, S.A.- Test ok"): null

2022-06-23 18:45:50 - [TEST_STEP][PASSED] - assert true: null

2022-06-23 18:45:50 - [TEST_STEP][PASSED] - delay(1): Delayed 1 second(s)

2022-06-23 18:45:51 - [MESSAGE][PASSED] - Delayed 1 second(s)

2022-06-23 18:45:51 - [TEST_STEP][PASSED] - I.SelectFromList_Value("//*[@id="var_26"]", "94"): Delayed 2 second(s)

2022-06-23 18:45:54 - [MESSAGE][PASSED] - All options with value '94' are selected in object 'Object Repository/1. Constant/xpath' 

2022-06-23 18:45:56 - [MESSAGE][PASSED] - Delayed 2 second(s)

2022-06-23 18:45:56 - [TEST_STEP][PASSED] - I.SelectFromList_Value("//*[@id="var_12"]", "94"): Delayed 2 second(s)

2022-06-23 18:46:00 - [MESSAGE][PASSED] - All options with value '94' are selected in object 'Object Repository/1. Constant/xpath' 

2022-06-23 18:46:02 - [MESSAGE][PASSED] - Delayed 2 second(s)

2022-06-23 18:46:02 - [TEST_STEP][PASSED] - I.SelectFromList_Value("//*[@id="var_27"]", "734"): Delayed 2 second(s)

2022-06-23 18:46:09 - [MESSAGE][PASSED] - All options with value '734' are selected in object 'Object Repository/1. Constant/xpath' 

2022-06-23 18:46:11 - [MESSAGE][PASSED] - Delayed 2 second(s)

2022-06-23 18:46:11 - [TEST_STEP][PASSED] - I.SelectFromList_Value("//*[@id="var_71"]", "efood"): Delayed 2 second(s)

2022-06-23 18:46:12 - [MESSAGE][PASSED] - All options with value 'efood' are selected in object 'Object Repository/1. Constant/xpath' 

2022-06-23 18:46:14 - [MESSAGE][PASSED] - Delayed 2 second(s)

2022-06-23 18:46:14 - [TEST_STEP][PASSED] - takeScreenshot(): Taking screenshot successfully

2022-06-23 18:46:16 - [MESSAGE][PASSED] - Taking screenshot successfully
[[ATTACHMENT|D:\\Projet Test Auto\\Mediabox Test Automation\\Reports\\20220623_184212\\03. Parallel Testing (Testing)\\TS -PT PART 3\\03. StarPack Full Lifecycle_SAS_Task\\20220623_184213\\1656002775653.png]]

2022-06-23 18:46:16 - [TEST_STEP][PASSED] - delay(10): Delayed 10 second(s)

2022-06-23 18:46:26 - [MESSAGE][PASSED] - Delayed 10 second(s)

2022-06-23 18:46:26 - [TEST_STEP][PASSED] - click(findTestObject("HL Full Lifecycle/5 ModifyProjPage_button_Update")): Object: 'Object Repository/HL Full Lifecycle/5 ModifyProjPage_button_Update' is clicked on

2022-06-23 18:46:36 - [MESSAGE][PASSED] - Object: 'Object Repository/HL Full Lifecycle/5 ModifyProjPage_button_Update' is clicked on

2022-06-23 18:46:36 - [TEST_STEP][PASSED] - waitForPageLoad(10): Wait for page load successfully

2022-06-23 18:46:36 - [MESSAGE][PASSED] - Wait for page load successfully

2022-06-23 18:46:36 - [TEST_STEP][PASSED] - delay(5): Delayed 5 second(s)

2022-06-23 18:46:41 - [MESSAGE][PASSED] - Delayed 5 second(s)

2022-06-23 18:46:41 - [TEST_STEP][PASSED] - Project_No = I.ProjectNo(): Current window's url is: 'http://mdb-release.diadeis.lan/MediaboxIndependence/Base/ExecAction?IDSession=MBI%21RELTESTAUTO_STARPACK%21EN86W4BIUZUAP5WVICRJJT7694VD6AXW2E94LVZ1&default_action=AfficheFichesProjet&id_project=MI001278'

2022-06-23 18:46:47 - [MESSAGE][PASSED] - Delayed 5 second(s)

2022-06-23 18:46:48 - [MESSAGE][PASSED] - Current window's url is: 'http://mdb-release.diadeis.lan/MediaboxIndependence/Base/ExecAction?IDSession=MBI%21RELTESTAUTO_STARPACK%21EN86W4BIUZUAP5WVICRJJT7694VD6AXW2E94LVZ1&default_action=AfficheFichesProjet&id_project=MI001278'

2022-06-23 18:46:48 - [TEST_STEP][PASSED] - click(findTestObject("HL Full Lifecycle/6 ReferenceListPage_createrefbutton")): Object: 'Object Repository/HL Full Lifecycle/6 ReferenceListPage_createrefbutton' is clicked on

2022-06-23 18:46:50 - [MESSAGE][PASSED] - Object: 'Object Repository/HL Full Lifecycle/6 ReferenceListPage_createrefbutton' is clicked on

2022-06-23 18:46:50 - [TEST_STEP][PASSED] - click(findTestObject("HL Full Lifecycle/6 ReferenceListPaga_Create a component_button")): Object: 'Object Repository/HL Full Lifecycle/6 ReferenceListPaga_Create a component_button' is clicked on

2022-06-23 18:46:55 - [MESSAGE][PASSED] - Object: 'Object Repository/HL Full Lifecycle/6 ReferenceListPaga_Create a component_button' is clicked on

2022-06-23 18:46:55 - [TEST_STEP][PASSED] - waitForPageLoad(10): Wait for page load successfully

2022-06-23 18:46:55 - [MESSAGE][PASSED] - Wait for page load successfully

2022-06-23 18:46:55 - [TEST_STEP][PASSED] - takeScreenshot(): Taking screenshot successfully

2022-06-23 18:46:55 - [MESSAGE][PASSED] - Taking screenshot successfully
[[ATTACHMENT|D:\\Projet Test Auto\\Mediabox Test Automation\\Reports\\20220623_184212\\03. Parallel Testing (Testing)\\TS -PT PART 3\\03. StarPack Full Lifecycle_SAS_Task\\20220623_184213\\1656002815512.png]]

2022-06-23 18:46:55 - [TEST_STEP][PASSED] - I.SelectFromList_Value("//*[@id="ref_type"]", "6"): Delayed 2 second(s)

2022-06-23 18:46:57 - [MESSAGE][PASSED] - All options with value '6' are selected in object 'Object Repository/1. Constant/xpath' 

2022-06-23 18:46:59 - [MESSAGE][PASSED] - Delayed 2 second(s)

2022-06-23 18:46:59 - [TEST_STEP][PASSED] - click(findTestObject("HL Full Lifecycle/6 ReferencePg_Create a component_bluebutton")): Object: 'Object Repository/HL Full Lifecycle/6 ReferencePg_Create a component_bluebutton' is clicked on

2022-06-23 18:47:04 - [MESSAGE][PASSED] - Object: 'Object Repository/HL Full Lifecycle/6 ReferencePg_Create a component_bluebutton' is clicked on

2022-06-23 18:47:04 - [TEST_STEP][PASSED] - refID = I.RefID(): Current window's url is: 'http://mdb-release.diadeis.lan/MediaboxIndependence/Base/ExecAction?IDSession=MBI%21RELTESTAUTO_STARPACK%21EN86W4BIUZUAP5WVICRJJT7694VD6AXW2E94LVZ1&default_action=ModifierRef&id_project=MI001278&id_ref=6389&action_from=create_ref'

2022-06-23 18:47:09 - [MESSAGE][PASSED] - Delayed 5 second(s)

2022-06-23 18:47:09 - [MESSAGE][PASSED] - Current window's url is: 'http://mdb-release.diadeis.lan/MediaboxIndependence/Base/ExecAction?IDSession=MBI%21RELTESTAUTO_STARPACK%21EN86W4BIUZUAP5WVICRJJT7694VD6AXW2E94LVZ1&default_action=ModifierRef&id_project=MI001278&id_ref=6389&action_from=create_ref'

2022-06-23 18:47:09 - [TEST_STEP][PASSED] - takeScreenshot(): Taking screenshot successfully

2022-06-23 18:47:10 - [MESSAGE][PASSED] - Taking screenshot successfully
[[ATTACHMENT|D:\\Projet Test Auto\\Mediabox Test Automation\\Reports\\20220623_184212\\03. Parallel Testing (Testing)\\TS -PT PART 3\\03. StarPack Full Lifecycle_SAS_Task\\20220623_184213\\1656002829731.png]]

2022-06-23 18:47:10 - [TEST_STEP][PASSED] - sendKeys(findTestObject("1. Constant/01_id_field_id", ["field_id":"var_28"]), "209293"): Keys '209293' sent to object: 'Object Repository/1. Constant/01_id_field_id'

2022-06-23 18:47:11 - [MESSAGE][PASSED] - Keys '209293' sent to object: 'Object Repository/1. Constant/01_id_field_id'

2022-06-23 18:47:11 - [TEST_STEP][PASSED] - sendKeys(findTestObject("1. Constant/01_id_field_id", ["field_id":"var_30"]), "test Submarca"): Keys 'test Submarca' sent to object: 'Object Repository/1. Constant/01_id_field_id'

2022-06-23 18:47:14 - [MESSAGE][PASSED] - Keys 'test Submarca' sent to object: 'Object Repository/1. Constant/01_id_field_id'

2022-06-23 18:47:14 - [TEST_STEP][PASSED] - sendKeys(findTestObject("1. Constant/01_id_field_id", ["field_id":"var_31"]), "test Submarca Vínculo con bulto: test Submarca"): Keys 'test Submarca Vínculo con bulto: test Submarca' sent to object: 'Object Repository/1. Constant/01_id_field_id'

2022-06-23 18:47:15 - [MESSAGE][PASSED] - Keys 'test Submarca Vínculo con bulto: test Submarca' sent to object: 'Object Repository/1. Constant/01_id_field_id'

2022-06-23 18:47:15 - [TEST_STEP][PASSED] - I.SelectFromList_Value("//*[@id="var_38"]", "24"): Delayed 2 second(s)

2022-06-23 18:47:15 - [MESSAGE][PASSED] - All options with value '24' are selected in object 'Object Repository/1. Constant/xpath' 

2022-06-23 18:47:17 - [MESSAGE][PASSED] - Delayed 2 second(s)

2022-06-23 18:47:17 - [TEST_STEP][PASSED] - sendKeys(findTestObject("1. Constant/01_id_field_id", ["field_id":"var_39"]), "8480017155061"): Keys '8480017155061' sent to object: 'Object Repository/1. Constant/01_id_field_id'

2022-06-23 18:47:18 - [MESSAGE][PASSED] - Keys '8480017155061' sent to object: 'Object Repository/1. Constant/01_id_field_id'

2022-06-23 18:47:18 - [TEST_STEP][PASSED] - I.select_multiplelist("//*[@id="selSource_19"]", "//*[@id="btnAdd_19"]", "22"): Delayed 1 second(s)

2022-06-23 18:47:19 - [MESSAGE][PASSED] - Delayed 1 second(s)

2022-06-23 18:47:19 - [MESSAGE][PASSED] - All options with value '22' are selected in object 'Object Repository/1. Constant/xpath' 

2022-06-23 18:47:21 - [MESSAGE][PASSED] - Delayed 2 second(s)

2022-06-23 18:47:22 - [MESSAGE][PASSED] - Object: 'Object Repository/1. Constant/xpath' is clicked on

2022-06-23 18:47:23 - [MESSAGE][PASSED] - Delayed 1 second(s)

2022-06-23 18:47:23 - [TEST_STEP][PASSED] - I.SelectFromList_Value("//*[@id="var_75"]", "26"): Delayed 2 second(s)

2022-06-23 18:47:26 - [MESSAGE][PASSED] - All options with value '26' are selected in object 'Object Repository/1. Constant/xpath' 

2022-06-23 18:47:28 - [MESSAGE][PASSED] - Delayed 2 second(s)

2022-06-23 18:47:28 - [TEST_STEP][PASSED] - click(findTestObject("HL Full Lifecycle/7 ModifyRefPage_button_Save")): Object: 'Object Repository/HL Full Lifecycle/7 ModifyRefPage_button_Save' is clicked on

2022-06-23 18:47:35 - [MESSAGE][PASSED] - Object: 'Object Repository/HL Full Lifecycle/7 ModifyRefPage_button_Save' is clicked on

2022-06-23 18:47:35 - [TEST_STEP][PASSED] - I.Logout(): Delayed 3 second(s)

2022-06-23 18:47:38 - [MESSAGE][PASSED] - Delayed 3 second(s)

2022-06-23 18:47:39 - [MESSAGE][PASSED] - Object: 'Object Repository/1. Constant/xpath' is clicked on

2022-06-23 18:47:42 - [MESSAGE][PASSED] - Delayed 3 second(s)

2022-06-23 18:47:46 - [MESSAGE][PASSED] - Object: 'Object Repository/1. Constant/xpath' is clicked on

2022-06-23 18:47:49 - [MESSAGE][PASSED] - Delayed 3 second(s)

2022-06-23 18:47:49 - [TEST_STEP][PASSED] - I.Login_password("suser", password_suser): Object: 'Object Repository/1. Constant/xpath' is clicked on

2022-06-23 18:47:52 - [MESSAGE][PASSED] - Text 'suser' is set on object 'Object Repository/1. Constant/xpath'

2022-06-23 18:47:53 - [MESSAGE][PASSED] - Delayed 1 second(s)

2022-06-23 18:47:57 - [MESSAGE][PASSED] - Text 'dchi2' is set on object 'Object Repository/1. Constant/xpath'

2022-06-23 18:47:58 - [MESSAGE][PASSED] - Delayed 1 second(s)

2022-06-23 18:48:03 - [MESSAGE][PASSED] - Object: 'Object Repository/1. Constant/xpath' is clicked on

2022-06-23 18:48:03 - [TEST_STEP][PASSED] - takeScreenshot(): Taking screenshot successfully

2022-06-23 18:48:03 - [MESSAGE][PASSED] - Taking screenshot successfully
[[ATTACHMENT|D:\\Projet Test Auto\\Mediabox Test Automation\\Reports\\20220623_184212\\03. Parallel Testing (Testing)\\TS -PT PART 3\\03. StarPack Full Lifecycle_SAS_Task\\20220623_184213\\1656002883481.png]]

2022-06-23 18:48:03 - [TEST_STEP][PASSED] - click(findTestObject("1. Constant/02_LHSMenu_Projects")): Object: 'Object Repository/1. Constant/02_LHSMenu_Projects' is clicked on

2022-06-23 18:48:08 - [MESSAGE][PASSED] - Object: 'Object Repository/1. Constant/02_LHSMenu_Projects' is clicked on

2022-06-23 18:48:08 - [TEST_STEP][PASSED] - I.SearchProjectNo(Project_No, findTestObject("HL Full Lifecycle/9 Filter_Button_Apply")): Delayed 5 second(s)

2022-06-23 18:48:10 - [MESSAGE][PASSED] - Text 'MI001278' is set on object 'Object Repository/1. Constant/xpath'

2022-06-23 18:48:13 - [MESSAGE][PASSED] - Delayed 3 second(s)

2022-06-23 18:48:19 - [MESSAGE][PASSED] - Object: 'Object Repository/HL Full Lifecycle/9 Filter_Button_Apply' is clicked on

2022-06-23 18:48:24 - [MESSAGE][PASSED] - Delayed 5 second(s)

2022-06-23 18:48:24 - [TEST_STEP][PASSED] - I.superedit_ref(findTestObject("Object Repository/StarPack - Full Lifecycle (AWIS)/3.02 Suser super edit", ["refID":"source_" + refID]), findTestObject("Object Repository/StarPack - Full Lifecycle (AWIS)/3.03 Suser super edit (option)", ["refID":"source_" + refID])): Object: 'Object Repository/StarPack - Full Lifecycle (AWIS)/3.03 Suser super edit (option)' is clicked on

2022-06-23 18:48:25 - [MESSAGE][PASSED] - Object: 'Object Repository/StarPack - Full Lifecycle (AWIS)/3.02 Suser super edit' is clicked on

2022-06-23 18:48:28 - [MESSAGE][PASSED] - Delayed 3 second(s)

2022-06-23 18:48:35 - [MESSAGE][PASSED] - Object: 'Object Repository/StarPack - Full Lifecycle (AWIS)/3.03 Suser super edit (option)' is clicked on

2022-06-23 18:48:35 - [TEST_STEP][PASSED] - takeScreenshot(): Taking screenshot successfully

2022-06-23 18:48:37 - [MESSAGE][PASSED] - Taking screenshot successfully
[[ATTACHMENT|D:\\Projet Test Auto\\Mediabox Test Automation\\Reports\\20220623_184212\\03. Parallel Testing (Testing)\\TS -PT PART 3\\03. StarPack Full Lifecycle_SAS_Task\\20220623_184213\\1656002916503.png]]

2022-06-23 18:48:37 - [TEST_STEP][PASSED] - I.click_button_javascript(findTestObject("Object Repository/StarPack - Full Lifecycle (AWIS)/3.04 Suser select option button(yes)", ["field_ID":"field_var_40"])): Execute JavaScript 'arguments[0].click()' successfully

2022-06-23 18:48:37 - [MESSAGE][PASSED] - Execute JavaScript 'arguments[0].click()' successfully

2022-06-23 18:48:37 - [TEST_STEP][PASSED] - I.click_button_javascript(findTestObject("Object Repository/StarPack - Full Lifecycle (AWIS)/3.04 Suser select option button(yes)", ["field_ID":"field_var_41"])): Execute JavaScript 'arguments[0].click()' successfully

2022-06-23 18:48:38 - [MESSAGE][PASSED] - Execute JavaScript 'arguments[0].click()' successfully

2022-06-23 18:48:38 - [TEST_STEP][PASSED] - I.click_button_javascript(findTestObject("Object Repository/StarPack - Full Lifecycle (AWIS)/3.04 Suser select option button(yes)", ["field_ID":"field_var_42"])): Execute JavaScript 'arguments[0].click()' successfully

2022-06-23 18:48:40 - [MESSAGE][PASSED] - Execute JavaScript 'arguments[0].click()' successfully

2022-06-23 18:48:40 - [TEST_STEP][PASSED] - I.click_button_javascript(findTestObject("Object Repository/StarPack - Full Lifecycle (AWIS)/3.04 Suser select option button(yes)", ["field_ID":"field_var_43"])): Execute JavaScript 'arguments[0].click()' successfully

2022-06-23 18:48:42 - [MESSAGE][PASSED] - Execute JavaScript 'arguments[0].click()' successfully

2022-06-23 18:48:42 - [TEST_STEP][PASSED] - I.click_button_javascript(findTestObject("Object Repository/StarPack - Full Lifecycle (AWIS)/3.04 Suser select option button(No)", ["field_ID":"field_var_44"])): Execute JavaScript 'arguments[0].click()' successfully

2022-06-23 18:48:44 - [MESSAGE][PASSED] - Execute JavaScript 'arguments[0].click()' successfully

2022-06-23 18:48:44 - [TEST_STEP][PASSED] - I.click_button_javascript(findTestObject("Object Repository/StarPack - Full Lifecycle (AWIS)/3.04 Suser select option button(No)", ["field_ID":"field_var_45"])): Execute JavaScript 'arguments[0].click()' successfully

2022-06-23 18:48:46 - [MESSAGE][PASSED] - Execute JavaScript 'arguments[0].click()' successfully

2022-06-23 18:48:46 - [TEST_STEP][PASSED] - I.click_button_javascript(findTestObject("Object Repository/StarPack - Full Lifecycle (AWIS)/3.04 Suser select option button(No)", ["field_ID":"field_var_99"])): Execute JavaScript 'arguments[0].click()' successfully

2022-06-23 18:48:46 - [MESSAGE][PASSED] - Execute JavaScript 'arguments[0].click()' successfully

2022-06-23 18:48:46 - [TEST_STEP][PASSED] - click(findTestObject("Object Repository/StarPack - Full Lifecycle (AWIS)/3.05 Suser saves for super edit ref")): Object: 'Object Repository/StarPack - Full Lifecycle (AWIS)/3.05 Suser saves for super edit ref' is clicked on

2022-06-23 18:48:50 - [MESSAGE][PASSED] - Object: 'Object Repository/StarPack - Full Lifecycle (AWIS)/3.05 Suser saves for super edit ref' is clicked on

2022-06-23 18:48:50 - [TEST_STEP][PASSED] - I.Logout(): Delayed 3 second(s)

2022-06-23 18:48:53 - [MESSAGE][PASSED] - Delayed 3 second(s)

2022-06-23 18:48:56 - [MESSAGE][PASSED] - Object: 'Object Repository/1. Constant/xpath' is clicked on

2022-06-23 18:48:59 - [MESSAGE][PASSED] - Delayed 3 second(s)

2022-06-23 18:49:03 - [MESSAGE][PASSED] - Object: 'Object Repository/1. Constant/xpath' is clicked on

2022-06-23 18:49:06 - [MESSAGE][PASSED] - Delayed 3 second(s)

2022-06-23 18:49:06 - [TEST_STEP][PASSED] - I.Login_password("adelamatanieves", password_adelamatanieves): Object: 'Object Repository/1. Constant/xpath' is clicked on

2022-06-23 18:49:12 - [MESSAGE][PASSED] - Text 'adelamatanieves' is set on object 'Object Repository/1. Constant/xpath'

2022-06-23 18:49:13 - [MESSAGE][PASSED] - Delayed 1 second(s)

2022-06-23 18:49:18 - [MESSAGE][PASSED] - Text 'dchi4' is set on object 'Object Repository/1. Constant/xpath'

2022-06-23 18:49:19 - [MESSAGE][PASSED] - Delayed 1 second(s)

2022-06-23 18:49:25 - [MESSAGE][PASSED] - Object: 'Object Repository/1. Constant/xpath' is clicked on

2022-06-23 18:49:25 - [TEST_STEP][PASSED] - takeScreenshot(): Taking screenshot successfully

2022-06-23 18:49:26 - [MESSAGE][PASSED] - Taking screenshot successfully
[[ATTACHMENT|D:\\Projet Test Auto\\Mediabox Test Automation\\Reports\\20220623_184212\\03. Parallel Testing (Testing)\\TS -PT PART 3\\03. StarPack Full Lifecycle_SAS_Task\\20220623_184213\\1656002965412.png]]

2022-06-23 18:49:26 - [TEST_STEP][PASSED] - click(findTestObject("1. Constant/02_LHSMenu_Projects")): Object: 'Object Repository/1. Constant/02_LHSMenu_Projects' is clicked on

2022-06-23 18:49:30 - [MESSAGE][PASSED] - Object: 'Object Repository/1. Constant/02_LHSMenu_Projects' is clicked on

2022-06-23 18:49:30 - [TEST_STEP][PASSED] - I.SearchProjectNo(Project_No, findTestObject("HL Full Lifecycle/9 Filter_Button_Apply")): Delayed 5 second(s)

2022-06-23 18:49:34 - [MESSAGE][PASSED] - Text 'MI001278' is set on object 'Object Repository/1. Constant/xpath'

2022-06-23 18:49:37 - [MESSAGE][PASSED] - Delayed 3 second(s)

2022-06-23 18:49:41 - [MESSAGE][PASSED] - Object: 'Object Repository/HL Full Lifecycle/9 Filter_Button_Apply' is clicked on

2022-06-23 18:49:46 - [MESSAGE][PASSED] - Delayed 5 second(s)

2022-06-23 18:49:46 - [TEST_STEP][PASSED] - click(findTestObject("1. Constant/xpath", ["xpath":"/html/body/div[1]/div[2]/div[4]/div[3]/div/div[2]/div[2]/div[1]/table/tbody/tr[2]/td[10]/a[3]"])): Object: 'Object Repository/1. Constant/xpath' is clicked on

2022-06-23 18:49:52 - [MESSAGE][PASSED] - Object: 'Object Repository/1. Constant/xpath' is clicked on

2022-06-23 18:49:52 - [TEST_STEP][PASSED] - click(findTestObject("Object Repository/StarPack - Full Lifecycle (AWIS)/2.031 RefPg_AnnaSubmit", ["id":"1"])): Object: 'Object Repository/StarPack - Full Lifecycle (AWIS)/2.031 RefPg_AnnaSubmit' is clicked on

2022-06-23 18:49:59 - [MESSAGE][PASSED] - Object: 'Object Repository/StarPack - Full Lifecycle (AWIS)/2.031 RefPg_AnnaSubmit' is clicked on

2022-06-23 18:49:59 - [TEST_STEP][PASSED] - click(findTestObject("Object Repository/StarPack - Full Lifecycle (AWIS)/2.03 Block anna")): Object: 'Object Repository/StarPack - Full Lifecycle (AWIS)/2.03 Block anna' is clicked on

2022-06-23 18:50:02 - [MESSAGE][PASSED] - Object: 'Object Repository/StarPack - Full Lifecycle (AWIS)/2.03 Block anna' is clicked on

2022-06-23 18:50:02 - [TEST_STEP][PASSED] - I.click_button_javascript(findTestObject("Object Repository/StarPack - Full Lifecycle (AWIS)/2.04 Field yes_No (Auto Daughter ref)", ["id":"1"])): Execute JavaScript 'arguments[0].click()' successfully

2022-06-23 18:50:03 - [MESSAGE][PASSED] - Execute JavaScript 'arguments[0].click()' successfully

2022-06-23 18:50:03 - [TEST_STEP][PASSED] - I.click_button_javascript(findTestObject("Object Repository/StarPack - Full Lifecycle (AWIS)/2.04 Field yes_No (Auto Daughter ref)", ["id":"2"])): Execute JavaScript 'arguments[0].click()' successfully

2022-06-23 18:50:03 - [MESSAGE][PASSED] - Execute JavaScript 'arguments[0].click()' successfully

2022-06-23 18:50:03 - [TEST_STEP][PASSED] - I.click_button_javascript(findTestObject("Object Repository/StarPack - Full Lifecycle (AWIS)/2.04 Field yes_No (Auto Daughter ref)", ["id":"3"])): Execute JavaScript 'arguments[0].click()' successfully

2022-06-23 18:50:04 - [MESSAGE][PASSED] - Execute JavaScript 'arguments[0].click()' successfully

2022-06-23 18:50:04 - [TEST_STEP][PASSED] - I.Pagedown(): Execute JavaScript 'window.scrollTo(0, document.body.scrollHeight)' successfully

2022-06-23 18:50:04 - [MESSAGE][PASSED] - Execute JavaScript 'window.scrollTo(0, document.body.scrollHeight)' successfully

2022-06-23 18:50:04 - [TEST_STEP][PASSED] - click(findTestObject("Object Repository/StarPack - Full Lifecycle (AWIS)/2.05 RefPg_submit")): Object: 'Object Repository/StarPack - Full Lifecycle (AWIS)/2.05 RefPg_submit' is clicked on

2022-06-23 18:50:15 - [MESSAGE][PASSED] - Object: 'Object Repository/StarPack - Full Lifecycle (AWIS)/2.05 RefPg_submit' is clicked on

2022-06-23 18:50:15 - [TEST_STEP][PASSED] - delay(2): Delayed 2 second(s)

2022-06-23 18:50:17 - [MESSAGE][PASSED] - Delayed 2 second(s)

2022-06-23 18:50:17 - [TEST_STEP][PASSED] - takeScreenshot(): Taking screenshot successfully

2022-06-23 18:50:19 - [MESSAGE][PASSED] - Taking screenshot successfully
[[ATTACHMENT|D:\\Projet Test Auto\\Mediabox Test Automation\\Reports\\20220623_184212\\03. Parallel Testing (Testing)\\TS -PT PART 3\\03. StarPack Full Lifecycle_SAS_Task\\20220623_184213\\1656003018560.png]]

2022-06-23 18:50:19 - [TEST_STEP][PASSED] - I.Logout(): Delayed 3 second(s)

2022-06-23 18:50:22 - [MESSAGE][PASSED] - Delayed 3 second(s)

2022-06-23 18:50:24 - [MESSAGE][PASSED] - Object: 'Object Repository/1. Constant/xpath' is clicked on

2022-06-23 18:50:27 - [MESSAGE][PASSED] - Delayed 3 second(s)

2022-06-23 18:50:34 - [MESSAGE][PASSED] - Object: 'Object Repository/1. Constant/xpath' is clicked on

2022-06-23 18:50:37 - [MESSAGE][PASSED] - Delayed 3 second(s)

2022-06-23 18:50:37 - [TEST_STEP][PASSED] - refID_PTS = Integer.parseInt(refID) + 1: null

2022-06-23 18:50:37 - [TEST_STEP][PASSED] - refID_PS = Integer.parseInt(refID) + 2: null

2022-06-23 18:50:37 - [TEST_STEP][PASSED] - refID_TD = Integer.parseInt(refID) + 3: null

2022-06-23 18:50:37 - [TEST_STEP][PASSED] - I.writenotepad("D:\Upoad_File\Projet_ Login\StarPack\4.01 StarPack _Project_No\4.01_StarPack_ProjectNo.txt", Project_No): null

2022-06-23 18:50:37 - [TEST_STEP][PASSED] - I.writenotepad("D:\Upoad_File\Projet_ Login\StarPack\4.01 StarPack _Project_No\4.01_StarPack_refID.txt", refID): null

2022-06-23 18:50:37 - [TEST_STEP][PASSED] - I.writenotepad("D:\Upoad_File\Projet_ Login\StarPack\4.01 StarPack _Project_No\4.01_StarPack_refID_PS.txt", refID_PS): null

2022-06-23 18:50:37 - [TEST_STEP][PASSED] - I.writenotepad("D:\Upoad_File\Projet_ Login\StarPack\4.01 StarPack _Project_No\4.01_StarPack_refID_PTS.txt", refID_PTS): null

2022-06-23 18:50:37 - [TEST_STEP][PASSED] - I.writenotepad("D:\Upoad_File\Projet_ Login\StarPack\4.01 StarPack _Project_No\4.01_StarPack_refID_TD.txt", refID_TD): null

2022-06-23 18:50:37 - [TEST_STEP][PASSED] - I.Login_password("suser", password_suser): Object: 'Object Repository/1. Constant/xpath' is clicked on

2022-06-23 18:50:39 - [MESSAGE][PASSED] - Text 'suser' is set on object 'Object Repository/1. Constant/xpath'

2022-06-23 18:50:40 - [MESSAGE][PASSED] - Delayed 1 second(s)

2022-06-23 18:50:45 - [MESSAGE][PASSED] - Text 'dchi2' is set on object 'Object Repository/1. Constant/xpath'

2022-06-23 18:50:46 - [MESSAGE][PASSED] - Delayed 1 second(s)

2022-06-23 18:50:59 - [MESSAGE][PASSED] - Object: 'Object Repository/1. Constant/xpath' is clicked on

2022-06-23 18:50:59 - [TEST_STEP][PASSED] - takeScreenshot(): Taking screenshot successfully

2022-06-23 18:51:01 - [MESSAGE][PASSED] - Taking screenshot successfully
[[ATTACHMENT|D:\\Projet Test Auto\\Mediabox Test Automation\\Reports\\20220623_184212\\03. Parallel Testing (Testing)\\TS -PT PART 3\\03. StarPack Full Lifecycle_SAS_Task\\20220623_184213\\1656003060212.png]]

2022-06-23 18:51:01 - [TEST_STEP][PASSED] - click(findTestObject("1. Constant/02_LHSMenu_Projects")): Object: 'Object Repository/1. Constant/02_LHSMenu_Projects' is clicked on

2022-06-23 18:51:09 - [MESSAGE][PASSED] - Object: 'Object Repository/1. Constant/02_LHSMenu_Projects' is clicked on

2022-06-23 18:51:09 - [TEST_STEP][PASSED] - I.SearchProjectNo(Project_No, findTestObject("HL Full Lifecycle/9 Filter_Button_Apply")): Delayed 5 second(s)

2022-06-23 18:51:13 - [MESSAGE][PASSED] - Text 'MI001278' is set on object 'Object Repository/1. Constant/xpath'

2022-06-23 18:51:16 - [MESSAGE][PASSED] - Delayed 3 second(s)

2022-06-23 18:51:20 - [MESSAGE][PASSED] - Object: 'Object Repository/HL Full Lifecycle/9 Filter_Button_Apply' is clicked on

2022-06-23 18:51:25 - [MESSAGE][PASSED] - Delayed 5 second(s)

2022-06-23 18:51:25 - [TEST_STEP][PASSED] - takeScreenshot(): Taking screenshot successfully

2022-06-23 18:51:26 - [MESSAGE][PASSED] - Taking screenshot successfully
[[ATTACHMENT|D:\\Projet Test Auto\\Mediabox Test Automation\\Reports\\20220623_184212\\03. Parallel Testing (Testing)\\TS -PT PART 3\\03. StarPack Full Lifecycle_SAS_Task\\20220623_184213\\1656003085818.png]]

2022-06-23 18:51:26 - [TEST_STEP][PASSED] - I.verifyDaughterrefCreated(findTestObject("Object Repository/StarPack - Full Lifecycle (AWIS)/3.01 Suser Ref Daughter verification", ["refID_PTS":"source_" + refID_PTS]), "PTS", log): Text of object 'Object Repository/StarPack - Full Lifecycle (AWIS)/3.01 Suser Ref Daughter verification' is: 'PTS'

2022-06-23 18:51:27 - [MESSAGE][PASSED] - Text of object 'Object Repository/StarPack - Full Lifecycle (AWIS)/3.01 Suser Ref Daughter verification' is: 'PTS'

2022-06-23 18:51:27 - [TEST_STEP][PASSED] - I.verifyDaughterrefCreated(findTestObject("Object Repository/StarPack - Full Lifecycle (AWIS)/3.01 Suser Ref Daughter verification", ["refID_PTS":"source_" + refID_PS]), "Product Sample", log): Text of object 'Object Repository/StarPack - Full Lifecycle (AWIS)/3.01 Suser Ref Daughter verification' is: 'Product Sample'

2022-06-23 18:51:27 - [MESSAGE][PASSED] - Text of object 'Object Repository/StarPack - Full Lifecycle (AWIS)/3.01 Suser Ref Daughter verification' is: 'Product Sample'

2022-06-23 18:51:27 - [TEST_STEP][PASSED] - I.verifyDaughterrefCreated(findTestObject("Object Repository/StarPack - Full Lifecycle (AWIS)/3.01 Suser Ref Daughter verification", ["refID_PTS":"source_" + refID_TD]), "Technical Drawing", log): Text of object 'Object Repository/StarPack - Full Lifecycle (AWIS)/3.01 Suser Ref Daughter verification' is: 'Technical Drawing'

2022-06-23 18:51:28 - [MESSAGE][PASSED] - Text of object 'Object Repository/StarPack - Full Lifecycle (AWIS)/3.01 Suser Ref Daughter verification' is: 'Technical Drawing'

2022-06-23 18:51:28 - [TEST_STEP][PASSED] - I.Logout(): Delayed 3 second(s)

2022-06-23 18:51:31 - [MESSAGE][PASSED] - Delayed 3 second(s)

2022-06-23 18:51:35 - [MESSAGE][PASSED] - Object: 'Object Repository/1. Constant/xpath' is clicked on

2022-06-23 18:51:38 - [MESSAGE][PASSED] - Delayed 3 second(s)

2022-06-23 18:51:42 - [MESSAGE][PASSED] - Object: 'Object Repository/1. Constant/xpath' is clicked on

2022-06-23 18:51:45 - [MESSAGE][PASSED] - Delayed 3 second(s)

2022-06-23 18:51:45 - [TEST_STEP][PASSED] - I.Login_password("aherms", password_aherms): Object: 'Object Repository/1. Constant/xpath' is clicked on

2022-06-23 18:51:48 - [MESSAGE][PASSED] - Text 'aherms' is set on object 'Object Repository/1. Constant/xpath'

2022-06-23 18:51:49 - [MESSAGE][PASSED] - Delayed 1 second(s)

2022-06-23 18:51:52 - [MESSAGE][PASSED] - Text 'dchi3' is set on object 'Object Repository/1. Constant/xpath'

2022-06-23 18:51:53 - [MESSAGE][PASSED] - Delayed 1 second(s)

2022-06-23 18:51:59 - [MESSAGE][PASSED] - Object: 'Object Repository/1. Constant/xpath' is clicked on

2022-06-23 18:51:59 - [TEST_STEP][PASSED] - takeScreenshot(): Taking screenshot successfully

2022-06-23 18:52:01 - [MESSAGE][PASSED] - Taking screenshot successfully
[[ATTACHMENT|D:\\Projet Test Auto\\Mediabox Test Automation\\Reports\\20220623_184212\\03. Parallel Testing (Testing)\\TS -PT PART 3\\03. StarPack Full Lifecycle_SAS_Task\\20220623_184213\\1656003120156.png]]

2022-06-23 18:52:01 - [TEST_STEP][PASSED] - click(findTestObject("1. Constant/02_LHSMenu_Projects")): Object: 'Object Repository/1. Constant/02_LHSMenu_Projects' is clicked on

2022-06-23 18:52:06 - [MESSAGE][PASSED] - Object: 'Object Repository/1. Constant/02_LHSMenu_Projects' is clicked on

2022-06-23 18:52:06 - [TEST_STEP][PASSED] - I.SearchProjectNo(Project_No, findTestObject("HL Full Lifecycle/9 Filter_Button_Apply")): Delayed 5 second(s)

2022-06-23 18:52:07 - [MESSAGE][PASSED] - Text 'MI001278' is set on object 'Object Repository/1. Constant/xpath'

2022-06-23 18:52:10 - [MESSAGE][PASSED] - Delayed 3 second(s)

2022-06-23 18:52:14 - [MESSAGE][PASSED] - Object: 'Object Repository/HL Full Lifecycle/9 Filter_Button_Apply' is clicked on

2022-06-23 18:52:19 - [MESSAGE][PASSED] - Delayed 5 second(s)

2022-06-23 18:52:19 - [TEST_STEP][PASSED] - click(findTestObject("Object Repository/StarPack - Full Lifecycle (AWIS)/4.01 Supplier proceed to next phase(PTS)", ["field_id":"ancre_" + refID_TD])): Object: 'Object Repository/StarPack - Full Lifecycle (AWIS)/4.01 Supplier proceed to next phase(PTS)' is clicked on

2022-06-23 18:52:22 - [MESSAGE][PASSED] - Object: 'Object Repository/StarPack - Full Lifecycle (AWIS)/4.01 Supplier proceed to next phase(PTS)' is clicked on

2022-06-23 18:52:22 - [TEST_STEP][PASSED] - takeScreenshot(): Taking screenshot successfully

2022-06-23 18:52:23 - [MESSAGE][PASSED] - Taking screenshot successfully
[[ATTACHMENT|D:\\Projet Test Auto\\Mediabox Test Automation\\Reports\\20220623_184212\\03. Parallel Testing (Testing)\\TS -PT PART 3\\03. StarPack Full Lifecycle_SAS_Task\\20220623_184213\\1656003142936.png]]

2022-06-23 18:52:23 - [TEST_STEP][PASSED] - I.UploadDoc_sendkey_field("//*[@id="var_77"]", "D:\Upoad_File\Upload doc\testdata1.pdf", "testdata1"): Text 'testdata1' is present on page 

2022-06-23 18:52:25 - [MESSAGE][PASSED] - Delayed 2 second(s)

2022-06-23 18:52:25 - [MESSAGE][PASSED] - Keys 'D:\Upoad_File\Upload doc\testdata1.pdf' sent to object: 'Object Repository/1. Constant/xpath'

2022-06-23 18:52:26 - [MESSAGE][PASSED] - Text 'testdata1' is present on page 

2022-06-23 18:52:26 - [TEST_STEP][PASSED] - setText(findTestObject("1. Constant/01_id_field_id", ["field_id":"var_46"]), "Datos de contacto del proveedor - Text Field"): Text 'Datos de contacto del proveedor - Text Field' is set on object 'Object Repository/1. Constant/01_id_field_id'

2022-06-23 18:52:28 - [MESSAGE][PASSED] - Text 'Datos de contacto del proveedor - Text Field' is set on object 'Object Repository/1. Constant/01_id_field_id'

2022-06-23 18:52:28 - [TEST_STEP][PASSED] - I.Pagedown(): Execute JavaScript 'window.scrollTo(0, document.body.scrollHeight)' successfully

2022-06-23 18:52:28 - [MESSAGE][PASSED] - Execute JavaScript 'window.scrollTo(0, document.body.scrollHeight)' successfully

2022-06-23 18:52:28 - [TEST_STEP][PASSED] - click(findTestObject("1. Constant/xpath", ["xpath":"//*[@id="ModifFiche"]/div[3]/div/button[2]"])): Object: 'Object Repository/1. Constant/xpath' is clicked on

2022-06-23 18:52:35 - [MESSAGE][PASSED] - Object: 'Object Repository/1. Constant/xpath' is clicked on

2022-06-23 18:52:35 - [TEST_STEP][PASSED] - takeScreenshot(): Taking screenshot successfully

2022-06-23 18:52:35 - [MESSAGE][PASSED] - Taking screenshot successfully
[[ATTACHMENT|D:\\Projet Test Auto\\Mediabox Test Automation\\Reports\\20220623_184212\\03. Parallel Testing (Testing)\\TS -PT PART 3\\03. StarPack Full Lifecycle_SAS_Task\\20220623_184213\\1656003155160.png]]

2022-06-23 18:52:35 - [TEST_STEP][PASSED] - click(findTestObject("Object Repository/StarPack - Full Lifecycle (AWIS)/4.012 Supploer proceed to next phase (PS)", ["refID":"source_" + refID_PS])): Object: 'Object Repository/StarPack - Full Lifecycle (AWIS)/4.012 Supploer proceed to next phase (PS)' is clicked on

2022-06-23 18:52:38 - [MESSAGE][PASSED] - Object: 'Object Repository/StarPack - Full Lifecycle (AWIS)/4.012 Supploer proceed to next phase (PS)' is clicked on

2022-06-23 18:52:38 - [TEST_STEP][PASSED] - takeScreenshot(): Taking screenshot successfully

2022-06-23 18:52:39 - [MESSAGE][PASSED] - Taking screenshot successfully
[[ATTACHMENT|D:\\Projet Test Auto\\Mediabox Test Automation\\Reports\\20220623_184212\\03. Parallel Testing (Testing)\\TS -PT PART 3\\03. StarPack Full Lifecycle_SAS_Task\\20220623_184213\\1656003158726.png]]

2022-06-23 18:52:39 - [TEST_STEP][PASSED] - setText(findTestObject("1. Constant/01_id_field_id", ["field_id":"var_24"]), "Número de seguimiento del envío de la muestra de producto- Text Field"): Text 'Número de seguimiento del envío de la muestra de producto- Text Field' is set on object 'Object Repository/1. Constant/01_id_field_id'

2022-06-23 18:52:40 - [MESSAGE][PASSED] - Text 'Número de seguimiento del envío de la muestra de producto- Text Field' is set on object 'Object Repository/1. Constant/01_id_field_id'

2022-06-23 18:52:40 - [TEST_STEP][PASSED] - click(findTestObject("1. Constant/xpath", ["xpath":"//*[@id="ModifFiche"]/div[3]/div/button[2]"])): Object: 'Object Repository/1. Constant/xpath' is clicked on

2022-06-23 18:52:48 - [MESSAGE][PASSED] - Object: 'Object Repository/1. Constant/xpath' is clicked on

2022-06-23 18:52:48 - [TEST_STEP][PASSED] - takeScreenshot(): Taking screenshot successfully

2022-06-23 18:52:48 - [MESSAGE][PASSED] - Taking screenshot successfully
[[ATTACHMENT|D:\\Projet Test Auto\\Mediabox Test Automation\\Reports\\20220623_184212\\03. Parallel Testing (Testing)\\TS -PT PART 3\\03. StarPack Full Lifecycle_SAS_Task\\20220623_184213\\1656003168403.png]]

2022-06-23 18:52:48 - [TEST_STEP][PASSED] - delay(1): Delayed 1 second(s)

2022-06-23 18:52:49 - [MESSAGE][PASSED] - Delayed 1 second(s)

2022-06-23 18:52:49 - [TEST_STEP][PASSED] - click(findTestObject("1. Constant/xpath", ["xpath":"/html/body/div[1]/div[2]/div[4]/div[3]/div/div[2]/div[2]/div[1]/table/tbody/tr[1]/td[4]/a[2]"])): Object: 'Object Repository/1. Constant/xpath' is clicked on

2022-06-23 18:52:50 - [MESSAGE][PASSED] - Object: 'Object Repository/1. Constant/xpath' is clicked on

2022-06-23 18:52:50 - [TEST_STEP][PASSED] - delay(1): Delayed 1 second(s)

2022-06-23 18:52:51 - [MESSAGE][PASSED] - Delayed 1 second(s)

2022-06-23 18:52:51 - [TEST_STEP][PASSED] - verifyElementNotVisible(findTestObject("1. Constant/xpath", ["xpath":"/html/body/div[1]/div[2]/div[4]/div[3]/div/div[2]/div[2]/div[1]/table/tbody/tr[2]/td[4]/a"]), STOP_ON_FAILURE): Object 'Object Repository/1. Constant/xpath' is NOT visible

2022-06-23 18:52:51 - [MESSAGE][PASSED] - Object 'Object Repository/1. Constant/xpath' is NOT visible

2022-06-23 18:52:51 - [TEST_STEP][PASSED] - verifyElementNotVisible(findTestObject("1. Constant/xpath", ["xpath":"/html/body/div[1]/div[2]/div[4]/div[3]/div/div[2]/div[2]/div[1]/table/tbody/tr[3]/td[4]/a"]), STOP_ON_FAILURE): Object 'Object Repository/1. Constant/xpath' is NOT visible

2022-06-23 18:52:52 - [MESSAGE][PASSED] - Object 'Object Repository/1. Constant/xpath' is NOT visible

2022-06-23 18:52:52 - [TEST_STEP][PASSED] - verifyElementNotVisible(findTestObject("1. Constant/xpath", ["xpath":"/html/body/div[1]/div[2]/div[4]/div[3]/div/div[2]/div[2]/div[1]/table/tbody/tr[4]/td[4]/a"]), STOP_ON_FAILURE): Object 'Object Repository/1. Constant/xpath' is NOT visible

2022-06-23 18:52:52 - [MESSAGE][PASSED] - Object 'Object Repository/1. Constant/xpath' is NOT visible

2022-06-23 18:52:52 - [TEST_STEP][PASSED] - takeScreenshot(): Taking screenshot successfully

2022-06-23 18:52:53 - [MESSAGE][PASSED] - Taking screenshot successfully
[[ATTACHMENT|D:\\Projet Test Auto\\Mediabox Test Automation\\Reports\\20220623_184212\\03. Parallel Testing (Testing)\\TS -PT PART 3\\03. StarPack Full Lifecycle_SAS_Task\\20220623_184213\\1656003172927.png]]

2022-06-23 18:52:53 - [TEST_STEP][PASSED] - click(findTestObject("1. Constant/xpath", ["xpath":"/html/body/div[1]/div[2]/div[4]/div[3]/div/div[2]/div[2]/div[1]/table/tbody/tr[1]/td[4]/a[2]"])): Object: 'Object Repository/1. Constant/xpath' is clicked on

2022-06-23 18:52:54 - [MESSAGE][PASSED] - Object: 'Object Repository/1. Constant/xpath' is clicked on

2022-06-23 18:52:54 - [TEST_STEP][PASSED] - delay(1): Delayed 1 second(s)

2022-06-23 18:52:55 - [MESSAGE][PASSED] - Delayed 1 second(s)

2022-06-23 18:52:55 - [TEST_STEP][PASSED] - verifyElementVisible(findTestObject("1. Constant/xpath", ["xpath":"/html/body/div[1]/div[2]/div[4]/div[3]/div/div[2]/div[2]/div[1]/table/tbody/tr[2]/td[4]/a"]), STOP_ON_FAILURE): Object 'Object Repository/1. Constant/xpath' is visible

2022-06-23 18:52:56 - [MESSAGE][PASSED] - Object 'Object Repository/1. Constant/xpath' is visible

2022-06-23 18:52:56 - [TEST_STEP][PASSED] - verifyElementVisible(findTestObject("1. Constant/xpath", ["xpath":"/html/body/div[1]/div[2]/div[4]/div[3]/div/div[2]/div[2]/div[1]/table/tbody/tr[3]/td[4]/a"]), STOP_ON_FAILURE): Object 'Object Repository/1. Constant/xpath' is visible

2022-06-23 18:52:56 - [MESSAGE][PASSED] - Object 'Object Repository/1. Constant/xpath' is visible

2022-06-23 18:52:56 - [TEST_STEP][PASSED] - verifyElementVisible(findTestObject("1. Constant/xpath", ["xpath":"/html/body/div[1]/div[2]/div[4]/div[3]/div/div[2]/div[2]/div[1]/table/tbody/tr[4]/td[4]/a"]), STOP_ON_FAILURE): Object 'Object Repository/1. Constant/xpath' is visible

2022-06-23 18:52:57 - [MESSAGE][PASSED] - Object 'Object Repository/1. Constant/xpath' is visible

2022-06-23 18:52:57 - [TEST_STEP][PASSED] - takeScreenshot(): Taking screenshot successfully

2022-06-23 18:52:58 - [MESSAGE][PASSED] - Taking screenshot successfully
[[ATTACHMENT|D:\\Projet Test Auto\\Mediabox Test Automation\\Reports\\20220623_184212\\03. Parallel Testing (Testing)\\TS -PT PART 3\\03. StarPack Full Lifecycle_SAS_Task\\20220623_184213\\1656003177918.png]]

2022-06-23 18:52:58 - [TEST_STEP][PASSED] - delay(1): Delayed 1 second(s)

2022-06-23 18:52:59 - [MESSAGE][PASSED] - Delayed 1 second(s)

2022-06-23 18:52:59 - [TEST_STEP][PASSED] - click(findTestObject("1. Constant/xpath", ["xpath":"//*[@id="all_a"]"])): Object: 'Object Repository/1. Constant/xpath' is clicked on

2022-06-23 18:53:00 - [MESSAGE][PASSED] - Object: 'Object Repository/1. Constant/xpath' is clicked on

2022-06-23 18:53:00 - [TEST_STEP][PASSED] - delay(1): Delayed 1 second(s)

2022-06-23 18:53:01 - [MESSAGE][PASSED] - Delayed 1 second(s)

2022-06-23 18:53:01 - [TEST_STEP][PASSED] - verifyElementVisible(findTestObject("1. Constant/xpath", ["xpath":"/html/body/div[1]/div[2]/div[4]/div[3]/div/div[2]/div[2]/div[1]/table/tbody/tr[1]/td[4]/a[1]"]), STOP_ON_FAILURE): Object 'Object Repository/1. Constant/xpath' is visible

2022-06-23 18:53:02 - [MESSAGE][PASSED] - Object 'Object Repository/1. Constant/xpath' is visible

2022-06-23 18:53:02 - [TEST_STEP][PASSED] - verifyElementNotVisible(findTestObject("1. Constant/xpath", ["xpath":"/html/body/div[1]/div[2]/div[4]/div[3]/div/div[2]/div[2]/div[1]/table/tbody/tr[2]/td[4]/a"]), STOP_ON_FAILURE): Object 'Object Repository/1. Constant/xpath' is NOT visible

2022-06-23 18:53:03 - [MESSAGE][PASSED] - Object 'Object Repository/1. Constant/xpath' is NOT visible

2022-06-23 18:53:03 - [TEST_STEP][PASSED] - verifyElementNotVisible(findTestObject("1. Constant/xpath", ["xpath":"/html/body/div[1]/div[2]/div[4]/div[3]/div/div[2]/div[2]/div[1]/table/tbody/tr[3]/td[4]/a"]), STOP_ON_FAILURE): Object 'Object Repository/1. Constant/xpath' is NOT visible

2022-06-23 18:53:03 - [MESSAGE][PASSED] - Object 'Object Repository/1. Constant/xpath' is NOT visible

2022-06-23 18:53:03 - [TEST_STEP][PASSED] - verifyElementNotVisible(findTestObject("1. Constant/xpath", ["xpath":"/html/body/div[1]/div[2]/div[4]/div[3]/div/div[2]/div[2]/div[1]/table/tbody/tr[4]/td[4]/a"]), STOP_ON_FAILURE): Object 'Object Repository/1. Constant/xpath' is NOT visible

2022-06-23 18:53:03 - [MESSAGE][PASSED] - Object 'Object Repository/1. Constant/xpath' is NOT visible

2022-06-23 18:53:03 - [TEST_STEP][PASSED] - takeScreenshot(): Taking screenshot successfully

2022-06-23 18:53:04 - [MESSAGE][PASSED] - Taking screenshot successfully
[[ATTACHMENT|D:\\Projet Test Auto\\Mediabox Test Automation\\Reports\\20220623_184212\\03. Parallel Testing (Testing)\\TS -PT PART 3\\03. StarPack Full Lifecycle_SAS_Task\\20220623_184213\\1656003183605.png]]

2022-06-23 18:53:04 - [TEST_STEP][PASSED] - click(findTestObject("1. Constant/xpath", ["xpath":"//*[@id="all_a"]"])): Object: 'Object Repository/1. Constant/xpath' is clicked on

2022-06-23 18:53:05 - [MESSAGE][PASSED] - Object: 'Object Repository/1. Constant/xpath' is clicked on

2022-06-23 18:53:05 - [TEST_STEP][PASSED] - delay(1): Delayed 1 second(s)

2022-06-23 18:53:06 - [MESSAGE][PASSED] - Delayed 1 second(s)

2022-06-23 18:53:06 - [TEST_STEP][PASSED] - verifyElementVisible(findTestObject("1. Constant/xpath", ["xpath":"/html/body/div[1]/div[2]/div[4]/div[3]/div/div[2]/div[2]/div[1]/table/tbody/tr[1]/td[4]/a[1]"]), STOP_ON_FAILURE): Object 'Object Repository/1. Constant/xpath' is visible

2022-06-23 18:53:07 - [MESSAGE][PASSED] - Object 'Object Repository/1. Constant/xpath' is visible

2022-06-23 18:53:07 - [TEST_STEP][PASSED] - verifyElementVisible(findTestObject("1. Constant/xpath", ["xpath":"/html/body/div[1]/div[2]/div[4]/div[3]/div/div[2]/div[2]/div[1]/table/tbody/tr[2]/td[4]/a"]), STOP_ON_FAILURE): Object 'Object Repository/1. Constant/xpath' is visible

2022-06-23 18:53:07 - [MESSAGE][PASSED] - Object 'Object Repository/1. Constant/xpath' is visible

2022-06-23 18:53:07 - [TEST_STEP][PASSED] - verifyElementVisible(findTestObject("1. Constant/xpath", ["xpath":"/html/body/div[1]/div[2]/div[4]/div[3]/div/div[2]/div[2]/div[1]/table/tbody/tr[3]/td[4]/a"]), STOP_ON_FAILURE): Object 'Object Repository/1. Constant/xpath' is visible

2022-06-23 18:53:08 - [MESSAGE][PASSED] - Object 'Object Repository/1. Constant/xpath' is visible

2022-06-23 18:53:08 - [TEST_STEP][PASSED] - verifyElementVisible(findTestObject("1. Constant/xpath", ["xpath":"/html/body/div[1]/div[2]/div[4]/div[3]/div/div[2]/div[2]/div[1]/table/tbody/tr[4]/td[4]/a"]), STOP_ON_FAILURE): Object 'Object Repository/1. Constant/xpath' is visible

2022-06-23 18:53:09 - [MESSAGE][PASSED] - Object 'Object Repository/1. Constant/xpath' is visible

2022-06-23 18:53:09 - [TEST_STEP][PASSED] - color1 = getCSSValue(findTestObject("Object Repository/StarPack - Full Lifecycle (AWIS)/4.012 Supploer proceed to next phase (PS)", ["refID":"source_" + refID_TD]), "color", OPTIONAL): Get CSS 'color' value on 'Object Repository/StarPack - Full Lifecycle (AWIS)/4.012 Supploer proceed to next phase (PS)' successfully: 'rgba(255, 255, 255, 1)'.

2022-06-23 18:53:09 - [MESSAGE][PASSED] - Get CSS 'color' value on 'Object Repository/StarPack - Full Lifecycle (AWIS)/4.012 Supploer proceed to next phase (PS)' successfully: 'rgba(255, 255, 255, 1)'.

2022-06-23 18:53:09 - [TEST_STEP][PASSED] - while (color1 == "rgba(255, 255, 255, 1)"): null

2022-06-23 18:53:09 - [TEST_STEP][PASSED] - click(findTestObject("Object Repository/StarPack - Full Lifecycle (AWIS)/4.012 Supploer proceed to next phase (PS)", ["refID":"source_" + refID_TD])): Object: 'Object Repository/StarPack - Full Lifecycle (AWIS)/4.012 Supploer proceed to next phase (PS)' is clicked on

2022-06-23 18:53:11 - [MESSAGE][PASSED] - Object: 'Object Repository/StarPack - Full Lifecycle (AWIS)/4.012 Supploer proceed to next phase (PS)' is clicked on

2022-06-23 18:53:11 - [TEST_STEP][PASSED] - takeScreenshot(): Taking screenshot successfully

2022-06-23 18:53:12 - [MESSAGE][PASSED] - Taking screenshot successfully
[[ATTACHMENT|D:\\Projet Test Auto\\Mediabox Test Automation\\Reports\\20220623_184212\\03. Parallel Testing (Testing)\\TS -PT PART 3\\03. StarPack Full Lifecycle_SAS_Task\\20220623_184213\\1656003191820.png]]

2022-06-23 18:53:12 - [TEST_STEP][PASSED] - I.UploadDoc_sendkey_Prod(findTestObject("1. Constant/xpath", ["xpath":"//*[@id="kt_body"]/input[2]"]), "D:\Upoad_File\Upload doc\testdataaddition1.jpg", "testdataaddition1.jpg"): Delayed 5 second(s)

2022-06-23 18:53:12 - [MESSAGE][PASSED] - Scroll to object 'Object Repository/1. Constant/xpath' successfully

2022-06-23 18:53:17 - [MESSAGE][PASSED] - Delayed 5 second(s)

2022-06-23 18:53:20 - [MESSAGE][PASSED] - File 'D:\Upoad_File\Upload doc\testdataaddition1.jpg' sent to object: 'Object Repository/1. Constant/xpath'

2022-06-23 18:53:25 - [MESSAGE][PASSED] - Delayed 5 second(s)

2022-06-23 18:53:27 - [MESSAGE][PASSED] - Text 'testdataaddition1.jpg' is present on page 

2022-06-23 18:53:32 - [MESSAGE][PASSED] - Delayed 5 second(s)

2022-06-23 18:53:37 - [MESSAGE][PASSED] - Delayed 5 second(s)

2022-06-23 18:53:37 - [TEST_STEP][PASSED] - takeScreenshot(): Taking screenshot successfully

2022-06-23 18:53:38 - [MESSAGE][PASSED] - Taking screenshot successfully
[[ATTACHMENT|D:\\Projet Test Auto\\Mediabox Test Automation\\Reports\\20220623_184212\\03. Parallel Testing (Testing)\\TS -PT PART 3\\03. StarPack Full Lifecycle_SAS_Task\\20220623_184213\\1656003217586.png]]

2022-06-23 18:53:38 - [TEST_STEP][PASSED] - delay(10): Delayed 10 second(s)

2022-06-23 18:53:48 - [MESSAGE][PASSED] - Delayed 10 second(s)

2022-06-23 18:53:48 - [TEST_STEP][PASSED] - I.click_button_javascript(findTestObject("Object Repository/HL Full Lifecycle/12 ReferncePage_Button_Updatensenddoc")): Execute JavaScript 'arguments[0].click()' successfully

2022-06-23 18:53:57 - [MESSAGE][PASSED] - Execute JavaScript 'arguments[0].click()' successfully

2022-06-23 18:53:57 - [TEST_STEP][PASSED] - delay(5): Delayed 5 second(s)

2022-06-23 18:54:02 - [MESSAGE][PASSED] - Delayed 5 second(s)

2022-06-23 18:54:02 - [TEST_STEP][PASSED] - if (verifyElementPresent(findTestObject("Object Repository/StarPack - Full Lifecycle (AWIS)/4.012 Supploer proceed to next phase (PS)", ["refID":"source_" + refID_TD]), 10, OPTIONAL)): com.kms.katalon.core.webui.exception.WebElementNotFoundException: Web element with id: 'Object Repository/StarPack - Full Lifecycle (AWIS)/4.012 Supploer proceed to next phase (PS)' located by '//*[@id='source_6392']/td[9]/a[2]' not found (Root cause: com.kms.katalon.core.exception.StepFailedException: com.kms.katalon.core.webui.exception.WebElementNotFoundException: Web element with id: 'Object Repository/StarPack - Full Lifecycle (AWIS)/4.012 Supploer proceed to next phase (PS)' located by '//*[@id='source_6392']/td[9]/a[2]' not found
	at com.kms.katalon.core.webui.keyword.internal.WebUIKeywordMain.stepFailed(WebUIKeywordMain.groovy:64)
	at com.kms.katalon.core.webui.keyword.builtin.VerifyElementPresentKeyword$_verifyElementPresent_closure1.doCall(VerifyElementPresentKeyword.groovy:85)
	at com.kms.katalon.core.webui.keyword.builtin.VerifyElementPresentKeyword$_verifyElementPresent_closure1.call(VerifyElementPresentKeyword.groovy)
	at com.kms.katalon.core.webui.keyword.internal.WebUIKeywordMain.runKeyword(WebUIKeywordMain.groovy:20)
	at com.kms.katalon.core.webui.keyword.builtin.VerifyElementPresentKeyword.verifyElementPresent(VerifyElementPresentKeyword.groovy:92)
	at com.kms.katalon.core.webui.keyword.builtin.VerifyElementPresentKeyword.execute(VerifyElementPresentKeyword.groovy:68)
	at com.kms.katalon.core.keyword.internal.KeywordExecutor.executeKeywordForPlatform(KeywordExecutor.groovy:74)
	at com.kms.katalon.core.webui.keyword.WebUiBuiltInKeywords.verifyElementPresent(WebUiBuiltInKeywords.groovy:1448)
	at com.kms.katalon.core.webui.keyword.WebUiBuiltInKeywords$verifyElementPresent$18.call(Unknown Source)
	at 4.01 Star Pack Full Lifecycle - AWIS (Chrome)_ACreationDaughRef 15.03 P1.run(4.01 Star Pack Full Lifecycle - AWIS (Chrome)_ACreationDaughRef 15.03 P1:530)
	at com.kms.katalon.core.main.ScriptEngine.run(ScriptEngine.java:194)
	at com.kms.katalon.core.main.ScriptEngine.runScriptAsRawText(ScriptEngine.java:119)
	at com.kms.katalon.core.main.TestCaseExecutor.runScript(TestCaseExecutor.java:445)
	at com.kms.katalon.core.main.TestCaseExecutor.doExecute(TestCaseExecutor.java:436)
	at com.kms.katalon.core.main.TestCaseExecutor.processExecutionPhase(TestCaseExecutor.java:415)
	at com.kms.katalon.core.main.TestCaseExecutor.accessMainPhase(TestCaseExecutor.java:407)
	at com.kms.katalon.core.main.TestCaseExecutor.execute(TestCaseExecutor.java:284)
	at com.kms.katalon.core.common.CommonExecutor.accessTestCaseMainPhase(CommonExecutor.java:65)
	at com.kms.katalon.core.main.TestSuiteExecutor.accessTestSuiteMainPhase(TestSuiteExecutor.java:144)
	at com.kms.katalon.core.main.TestSuiteExecutor.execute(TestSuiteExecutor.java:106)
	at com.kms.katalon.core.main.TestCaseMain.startTestSuite(TestCaseMain.java:185)
	at com.kms.katalon.core.main.TestCaseMain$startTestSuite$0.call(Unknown Source)
	at TempTestSuite1656002533984.run(TempTestSuite1656002533984.groovy:36)
)

2022-06-23 18:54:14 - [MESSAGE][INFO] - Unable to find the element located by 'By.xpath: //*[@id='source_6392']/td[9]/a[2]'. Please recheck the objects properties to make sure the desired element is located. 

2022-06-23 18:54:14 - [MESSAGE][WARNING] - com.kms.katalon.core.webui.exception.WebElementNotFoundException: Web element with id: 'Object Repository/StarPack - Full Lifecycle (AWIS)/4.012 Supploer proceed to next phase (PS)' located by '//*[@id='source_6392']/td[9]/a[2]' not found (Root cause: com.kms.katalon.core.exception.StepFailedException: com.kms.katalon.core.webui.exception.WebElementNotFoundException: Web element with id: 'Object Repository/StarPack - Full Lifecycle (AWIS)/4.012 Supploer proceed to next phase (PS)' located by '//*[@id='source_6392']/td[9]/a[2]' not found
	at com.kms.katalon.core.webui.keyword.internal.WebUIKeywordMain.stepFailed(WebUIKeywordMain.groovy:64)
	at com.kms.katalon.core.webui.keyword.builtin.VerifyElementPresentKeyword$_verifyElementPresent_closure1.doCall(VerifyElementPresentKeyword.groovy:85)
	at com.kms.katalon.core.webui.keyword.builtin.VerifyElementPresentKeyword$_verifyElementPresent_closure1.call(VerifyElementPresentKeyword.groovy)
	at com.kms.katalon.core.webui.keyword.internal.WebUIKeywordMain.runKeyword(WebUIKeywordMain.groovy:20)
	at com.kms.katalon.core.webui.keyword.builtin.VerifyElementPresentKeyword.verifyElementPresent(VerifyElementPresentKeyword.groovy:92)
	at com.kms.katalon.core.webui.keyword.builtin.VerifyElementPresentKeyword.execute(VerifyElementPresentKeyword.groovy:68)
	at com.kms.katalon.core.keyword.internal.KeywordExecutor.executeKeywordForPlatform(KeywordExecutor.groovy:74)
	at com.kms.katalon.core.webui.keyword.WebUiBuiltInKeywords.verifyElementPresent(WebUiBuiltInKeywords.groovy:1448)
	at com.kms.katalon.core.webui.keyword.WebUiBuiltInKeywords$verifyElementPresent$18.call(Unknown Source)
	at 4.01 Star Pack Full Lifecycle - AWIS (Chrome)_ACreationDaughRef 15.03 P1.run(4.01 Star Pack Full Lifecycle - AWIS (Chrome)_ACreationDaughRef 15.03 P1:530)
	at com.kms.katalon.core.main.ScriptEngine.run(ScriptEngine.java:194)
	at com.kms.katalon.core.main.ScriptEngine.runScriptAsRawText(ScriptEngine.java:119)
	at com.kms.katalon.core.main.TestCaseExecutor.runScript(TestCaseExecutor.java:445)
	at com.kms.katalon.core.main.TestCaseExecutor.doExecute(TestCaseExecutor.java:436)
	at com.kms.katalon.core.main.TestCaseExecutor.processExecutionPhase(TestCaseExecutor.java:415)
	at com.kms.katalon.core.main.TestCaseExecutor.accessMainPhase(TestCaseExecutor.java:407)
	at com.kms.katalon.core.main.TestCaseExecutor.execute(TestCaseExecutor.java:284)
	at com.kms.katalon.core.common.CommonExecutor.accessTestCaseMainPhase(CommonExecutor.java:65)
	at com.kms.katalon.core.main.TestSuiteExecutor.accessTestSuiteMainPhase(TestSuiteExecutor.java:144)
	at com.kms.katalon.core.main.TestSuiteExecutor.execute(TestSuiteExecutor.java:106)
	at com.kms.katalon.core.main.TestCaseMain.startTestSuite(TestCaseMain.java:185)
	at com.kms.katalon.core.main.TestCaseMain$startTestSuite$0.call(Unknown Source)
	at TempTestSuite1656002533984.run(TempTestSuite1656002533984.groovy:36)
)
[[ATTACHMENT|D:\\Projet Test Auto\\Mediabox Test Automation\\Reports\\20220623_184212\\03. Parallel Testing (Testing)\\TS -PT PART 3\\03. StarPack Full Lifecycle_SAS_Task\\20220623_184213\\1656003254336.png]]

2022-06-23 18:54:14 - [TEST_STEP][PASSED] - else: null

2022-06-23 18:54:14 - [TEST_STEP][PASSED] - color1 = "white": null

2022-06-23 18:54:14 - [TEST_STEP][PASSED] - I.Logout(): Delayed 3 second(s)

2022-06-23 18:54:18 - [MESSAGE][PASSED] - Delayed 3 second(s)

2022-06-23 18:54:19 - [MESSAGE][PASSED] - Object: 'Object Repository/1. Constant/xpath' is clicked on

2022-06-23 18:54:22 - [MESSAGE][PASSED] - Delayed 3 second(s)

2022-06-23 18:54:25 - [MESSAGE][PASSED] - Object: 'Object Repository/1. Constant/xpath' is clicked on

2022-06-23 18:54:28 - [MESSAGE][PASSED] - Delayed 3 second(s)

2022-06-23 18:54:28 - [TEST_STEP][PASSED] - I.Login_password("agluszczynska", password_agluszczynska): Object: 'Object Repository/1. Constant/xpath' is clicked on

2022-06-23 18:54:30 - [MESSAGE][PASSED] - Text 'agluszczynska' is set on object 'Object Repository/1. Constant/xpath'

2022-06-23 18:54:31 - [MESSAGE][PASSED] - Delayed 1 second(s)

2022-06-23 18:54:34 - [MESSAGE][PASSED] - Text 'dchi3' is set on object 'Object Repository/1. Constant/xpath'

2022-06-23 18:54:35 - [MESSAGE][PASSED] - Delayed 1 second(s)

2022-06-23 18:54:40 - [MESSAGE][PASSED] - Object: 'Object Repository/1. Constant/xpath' is clicked on

2022-06-23 18:54:40 - [TEST_STEP][PASSED] - takeScreenshot(): Taking screenshot successfully

2022-06-23 18:54:40 - [MESSAGE][PASSED] - Taking screenshot successfully
[[ATTACHMENT|D:\\Projet Test Auto\\Mediabox Test Automation\\Reports\\20220623_184212\\03. Parallel Testing (Testing)\\TS -PT PART 3\\03. StarPack Full Lifecycle_SAS_Task\\20220623_184213\\1656003280070.png]]

2022-06-23 18:54:40 - [TEST_STEP][PASSED] - click(findTestObject("1. Constant/02_LHSMenu_Projects")): Object: 'Object Repository/1. Constant/02_LHSMenu_Projects' is clicked on

2022-06-23 18:54:44 - [MESSAGE][PASSED] - Object: 'Object Repository/1. Constant/02_LHSMenu_Projects' is clicked on

2022-06-23 18:54:44 - [TEST_STEP][PASSED] - I.SearchProjectNo(Project_No, findTestObject("HL Full Lifecycle/9 Filter_Button_Apply")): Delayed 5 second(s)

2022-06-23 18:54:46 - [MESSAGE][PASSED] - Text 'MI001278' is set on object 'Object Repository/1. Constant/xpath'

2022-06-23 18:54:49 - [MESSAGE][PASSED] - Delayed 3 second(s)

2022-06-23 18:54:53 - [MESSAGE][PASSED] - Object: 'Object Repository/HL Full Lifecycle/9 Filter_Button_Apply' is clicked on

2022-06-23 18:54:58 - [MESSAGE][PASSED] - Delayed 5 second(s)

2022-06-23 18:54:58 - [TEST_STEP][PASSED] - click(findTestObject("Object Repository/StarPack - Full Lifecycle (AWIS)/5.01 agency_2 RefPg_Prodbutton(Eye)", ["refID":"source_" + refID_TD])): Object: 'Object Repository/StarPack - Full Lifecycle (AWIS)/5.01 agency_2 RefPg_Prodbutton(Eye)' is clicked on

2022-06-23 18:55:03 - [MESSAGE][PASSED] - Object: 'Object Repository/StarPack - Full Lifecycle (AWIS)/5.01 agency_2 RefPg_Prodbutton(Eye)' is clicked on

2022-06-23 18:55:03 - [TEST_STEP][PASSED] - I.AWF_approve_view(): Object: 'Object Repository/HL Full Lifecycle/Function_Appbutton2' is clicked on

2022-06-23 18:55:03 - [MESSAGE][PASSED] - Wait for page load successfully

2022-06-23 18:55:13 - [MESSAGE][PASSED] - Delayed 10 second(s)

2022-06-23 18:55:15 - [MESSAGE][PASSED] - Object: 'Object Repository/HL Full Lifecycle/Function_access Viewer2' is hovered

2022-06-23 18:55:18 - [MESSAGE][PASSED] - Delayed 3 second(s)

2022-06-23 18:55:19 - [MESSAGE][PASSED] - Object: 'Object Repository/HL Full Lifecycle/Function_access Viewer2' is clicked on

2022-06-23 18:55:24 - [MESSAGE][PASSED] - Delayed 5 second(s)

2022-06-23 18:55:27 - [MESSAGE][PASSED] - Object: 'Object Repository/HL Full Lifecycle/Function_AppButton' is clicked on

2022-06-23 18:55:32 - [MESSAGE][PASSED] - Delayed 5 second(s)

2022-06-23 18:55:38 - [MESSAGE][PASSED] - Object: 'Object Repository/HL Full Lifecycle/Function_Appbutton2' is clicked on

2022-06-23 18:55:38 - [TEST_STEP][PASSED] - delay(1): Delayed 1 second(s)

2022-06-23 18:55:39 - [MESSAGE][PASSED] - Delayed 1 second(s)

2022-06-23 18:55:39 - [TEST_STEP][PASSED] - click(findTestObject("1. Constant/xpath", ["xpath":"//*[@id="source_" + refID_TD + ""]/td[9]/a"])): Object: 'Object Repository/1. Constant/xpath' is clicked on

2022-06-23 18:55:42 - [MESSAGE][PASSED] - Object: 'Object Repository/1. Constant/xpath' is clicked on

2022-06-23 18:55:42 - [TEST_STEP][PASSED] - I.VerifyMatchText("//*[@id="source_" + refID_TD + ""]/td[6]/span", "Complete"): Actual text 'Complete' and expected text 'Complete' are matched 

2022-06-23 18:55:43 - [MESSAGE][PASSED] - Text of object 'Object Repository/1. Constant/xpath' is: 'Complete'

2022-06-23 18:55:44 - [MESSAGE][PASSED] - Delayed 1 second(s)

2022-06-23 18:55:44 - [MESSAGE][PASSED] - Actual text 'Complete' and expected text 'Complete' are matched 

2022-06-23 18:55:44 - [TEST_STEP][PASSED] - takeScreenshot(): Taking screenshot successfully

2022-06-23 18:55:44 - [MESSAGE][PASSED] - Taking screenshot successfully
[[ATTACHMENT|D:\\Projet Test Auto\\Mediabox Test Automation\\Reports\\20220623_184212\\03. Parallel Testing (Testing)\\TS -PT PART 3\\03. StarPack Full Lifecycle_SAS_Task\\20220623_184213\\1656003344284.png]]

2022-06-23 18:55:44 - [TEST_STEP][PASSED] - click(findTestObject("Object Repository/StarPack - Full Lifecycle (AWIS)/5.02 Agency_2_refPg_questionbutton", ["ref_ID":"ancre_" + refID_TD])): Object: 'Object Repository/StarPack - Full Lifecycle (AWIS)/5.02 Agency_2_refPg_questionbutton' is clicked on

2022-06-23 18:55:45 - [MESSAGE][PASSED] - Object: 'Object Repository/StarPack - Full Lifecycle (AWIS)/5.02 Agency_2_refPg_questionbutton' is clicked on

2022-06-23 18:55:45 - [TEST_STEP][PASSED] - click(findTestObject("Object Repository/StarPack - Full Lifecycle (AWIS)/5.021 Agency_2_RefPg_question_approve", ["ref_ID":"ancre_" + refID_TD])): Object: 'Object Repository/StarPack - Full Lifecycle (AWIS)/5.021 Agency_2_RefPg_question_approve' is clicked on

2022-06-23 18:55:47 - [MESSAGE][PASSED] - Object: 'Object Repository/StarPack - Full Lifecycle (AWIS)/5.021 Agency_2_RefPg_question_approve' is clicked on

2022-06-23 18:55:47 - [TEST_STEP][PASSED] - delay(1): Delayed 1 second(s)

2022-06-23 18:55:48 - [MESSAGE][PASSED] - Delayed 1 second(s)

2022-06-23 18:55:48 - [TEST_STEP][PASSED] - takeScreenshot(): Taking screenshot successfully

2022-06-23 18:55:48 - [MESSAGE][PASSED] - Taking screenshot successfully
[[ATTACHMENT|D:\\Projet Test Auto\\Mediabox Test Automation\\Reports\\20220623_184212\\03. Parallel Testing (Testing)\\TS -PT PART 3\\03. StarPack Full Lifecycle_SAS_Task\\20220623_184213\\1656003348169.png]]

2022-06-23 18:55:48 - [TEST_STEP][PASSED] - click(findTestObject("1. Constant/xpath", ["xpath":"//*[@id="kt_body"]/div[9]/div/div/div[2]/button[2]"])): Object: 'Object Repository/1. Constant/xpath' is clicked on

2022-06-23 18:55:58 - [MESSAGE][PASSED] - Object: 'Object Repository/1. Constant/xpath' is clicked on

2022-06-23 18:55:58 - [TEST_STEP][PASSED] - delay(1): Delayed 1 second(s)

2022-06-23 18:55:59 - [MESSAGE][PASSED] - Delayed 1 second(s)

2022-06-23 18:55:59 - [TEST_STEP][PASSED] - click(findTestObject("Object Repository/StarPack - Full Lifecycle (AWIS)/5.03 id_refID_a", ["refID":"ancre_" + refID_TD])): Object: 'Object Repository/StarPack - Full Lifecycle (AWIS)/5.03 id_refID_a' is clicked on

2022-06-23 18:56:04 - [MESSAGE][PASSED] - Object: 'Object Repository/StarPack - Full Lifecycle (AWIS)/5.03 id_refID_a' is clicked on

2022-06-23 18:56:04 - [TEST_STEP][PASSED] - I.VerifyMatchText("//*[@id="source_" + refID_PTS + ""]/td[6]/span", "Complete"): Actual text 'Complete' and expected text 'Complete' are matched 

2022-06-23 18:56:06 - [MESSAGE][PASSED] - Text of object 'Object Repository/1. Constant/xpath' is: 'Complete'

2022-06-23 18:56:07 - [MESSAGE][PASSED] - Delayed 1 second(s)

2022-06-23 18:56:07 - [MESSAGE][PASSED] - Actual text 'Complete' and expected text 'Complete' are matched 

2022-06-23 18:56:07 - [TEST_STEP][PASSED] - takeScreenshot(): Taking screenshot successfully

2022-06-23 18:56:09 - [MESSAGE][PASSED] - Taking screenshot successfully
[[ATTACHMENT|D:\\Projet Test Auto\\Mediabox Test Automation\\Reports\\20220623_184212\\03. Parallel Testing (Testing)\\TS -PT PART 3\\03. StarPack Full Lifecycle_SAS_Task\\20220623_184213\\1656003368445.png]]

2022-06-23 18:56:09 - [TEST_STEP][PASSED] - click(findTestObject("1. Constant/xpath", ["xpath":"//*[@id="source_" + refID_PS + ""]/td[9]/a"])): Object: 'Object Repository/1. Constant/xpath' is clicked on

2022-06-23 18:56:16 - [MESSAGE][PASSED] - Object: 'Object Repository/1. Constant/xpath' is clicked on

2022-06-23 18:56:16 - [TEST_STEP][PASSED] - I.VerifyMatchText("//*[@id="source_" + refID + ""]/td[6]/span[2]", "Wait for PTS/Sample/Tech drawing"): Actual text 'Wait for PTS/Sample/Tech drawing' and expected text 'Wait for PTS/Sample/Tech drawing' are matched 

2022-06-23 18:56:17 - [MESSAGE][PASSED] - Text of object 'Object Repository/1. Constant/xpath' is: 'Wait for PTS/Sample/Tech drawing'

2022-06-23 18:56:18 - [MESSAGE][PASSED] - Delayed 1 second(s)

2022-06-23 18:56:18 - [MESSAGE][PASSED] - Actual text 'Wait for PTS/Sample/Tech drawing' and expected text 'Wait for PTS/Sample/Tech drawing' are matched 

2022-06-23 18:56:18 - [TEST_STEP][PASSED] - click(findTestObject("Object Repository/StarPack - Full Lifecycle (AWIS)/5.04 Agency1 id_refID_td9_a2", ["refID":"source_" + refID_PS])): Object: 'Object Repository/StarPack - Full Lifecycle (AWIS)/5.04 Agency1 id_refID_td9_a2' is clicked on

2022-06-23 18:56:22 - [MESSAGE][PASSED] - Object: 'Object Repository/StarPack - Full Lifecycle (AWIS)/5.04 Agency1 id_refID_td9_a2' is clicked on

2022-06-23 18:56:22 - [TEST_STEP][PASSED] - I.UploadDoc_sendkey_field("//*[@id="var_47"]", "D:\Upoad_File\Upload doc\testdata1.pdf", "testdata1"): Text 'testdata1' is present on page 

2022-06-23 18:56:24 - [MESSAGE][PASSED] - Delayed 2 second(s)

2022-06-23 18:56:26 - [MESSAGE][PASSED] - Keys 'D:\Upoad_File\Upload doc\testdata1.pdf' sent to object: 'Object Repository/1. Constant/xpath'

2022-06-23 18:56:29 - [MESSAGE][PASSED] - Text 'testdata1' is present on page 

2022-06-23 18:56:29 - [TEST_STEP][PASSED] - click(findTestObject("1. Constant/xpath", ["xpath":"//*[@id="ModifFiche"]/div[3]/div/button[2]"])): Object: 'Object Repository/1. Constant/xpath' is clicked on

2022-06-23 18:56:37 - [MESSAGE][PASSED] - Object: 'Object Repository/1. Constant/xpath' is clicked on

2022-06-23 18:56:37 - [TEST_STEP][PASSED] - I.VerifyMatchText("//*[@id="source_" + refID + ""]/td[6]/span[2]", "PAF"): Actual text 'PAF' and expected text 'PAF' are matched 

2022-06-23 18:56:38 - [MESSAGE][PASSED] - Text of object 'Object Repository/1. Constant/xpath' is: 'PAF'

2022-06-23 18:56:39 - [MESSAGE][PASSED] - Delayed 1 second(s)

2022-06-23 18:56:39 - [MESSAGE][PASSED] - Actual text 'PAF' and expected text 'PAF' are matched 

2022-06-23 18:56:39 - [TEST_STEP][PASSED] - color2 = getCSSValue(findTestObject("Object Repository/StarPack - Full Lifecycle (AWIS)/5.06 Agency1 id_refID_a", ["refID":"ancre_" + refID_PS]), "color", OPTIONAL): Get CSS 'color' value on 'Object Repository/StarPack - Full Lifecycle (AWIS)/5.06 Agency1 id_refID_a' successfully: 'rgba(255, 255, 255, 1)'.

2022-06-23 18:56:40 - [MESSAGE][PASSED] - Get CSS 'color' value on 'Object Repository/StarPack - Full Lifecycle (AWIS)/5.06 Agency1 id_refID_a' successfully: 'rgba(255, 255, 255, 1)'.

2022-06-23 18:56:40 - [TEST_STEP][PASSED] - while (color2 == "rgba(255, 255, 255, 1)"): null

2022-06-23 18:56:40 - [TEST_STEP][PASSED] - click(findTestObject("Object Repository/StarPack - Full Lifecycle (AWIS)/5.06 Agency1 id_refID_a", ["refID":"ancre_" + refID_PS])): Object: 'Object Repository/StarPack - Full Lifecycle (AWIS)/5.06 Agency1 id_refID_a' is clicked on

2022-06-23 18:56:44 - [MESSAGE][PASSED] - Object: 'Object Repository/StarPack - Full Lifecycle (AWIS)/5.06 Agency1 id_refID_a' is clicked on

2022-06-23 18:56:44 - [TEST_STEP][PASSED] - takeScreenshot(): Taking screenshot successfully

2022-06-23 18:56:45 - [MESSAGE][PASSED] - Taking screenshot successfully
[[ATTACHMENT|D:\\Projet Test Auto\\Mediabox Test Automation\\Reports\\20220623_184212\\03. Parallel Testing (Testing)\\TS -PT PART 3\\03. StarPack Full Lifecycle_SAS_Task\\20220623_184213\\1656003405316.png]]

2022-06-23 18:56:45 - [TEST_STEP][PASSED] - I.UploadDoc_sendkey_Prod(findTestObject("1. Constant/xpath", ["xpath":"//*[@id="kt_body"]/input[2]"]), "D:\Upoad_File\Upload doc\testdataaddition1.jpg", "testdataaddition1.jpg"): Delayed 5 second(s)

2022-06-23 18:56:46 - [MESSAGE][PASSED] - Scroll to object 'Object Repository/1. Constant/xpath' successfully

2022-06-23 18:56:51 - [MESSAGE][PASSED] - Delayed 5 second(s)

2022-06-23 18:56:54 - [MESSAGE][PASSED] - File 'D:\Upoad_File\Upload doc\testdataaddition1.jpg' sent to object: 'Object Repository/1. Constant/xpath'

2022-06-23 18:56:59 - [MESSAGE][PASSED] - Delayed 5 second(s)

2022-06-23 18:57:00 - [MESSAGE][PASSED] - Text 'testdataaddition1.jpg' is present on page 

2022-06-23 18:57:05 - [MESSAGE][PASSED] - Delayed 5 second(s)

2022-06-23 18:57:11 - [MESSAGE][PASSED] - Delayed 5 second(s)

2022-06-23 18:57:11 - [TEST_STEP][PASSED] - takeScreenshot(): Taking screenshot successfully

2022-06-23 18:57:13 - [MESSAGE][PASSED] - Taking screenshot successfully
[[ATTACHMENT|D:\\Projet Test Auto\\Mediabox Test Automation\\Reports\\20220623_184212\\03. Parallel Testing (Testing)\\TS -PT PART 3\\03. StarPack Full Lifecycle_SAS_Task\\20220623_184213\\1656003431972.png]]

2022-06-23 18:57:13 - [TEST_STEP][PASSED] - delay(10): Delayed 10 second(s)

2022-06-23 18:57:23 - [MESSAGE][PASSED] - Delayed 10 second(s)

2022-06-23 18:57:23 - [TEST_STEP][PASSED] - click(findTestObject("1. Constant/xpath", ["xpath":"//*[@id="ModifFiche"]/div[1]/div/button"])): Object: 'Object Repository/1. Constant/xpath' is clicked on

2022-06-23 18:57:31 - [MESSAGE][PASSED] - Object: 'Object Repository/1. Constant/xpath' is clicked on

2022-06-23 18:57:31 - [TEST_STEP][PASSED] - delay(5): Delayed 5 second(s)

2022-06-23 18:57:36 - [MESSAGE][PASSED] - Delayed 5 second(s)

2022-06-23 18:57:36 - [TEST_STEP][PASSED] - if (verifyElementPresent(findTestObject("Object Repository/StarPack - Full Lifecycle (AWIS)/4.012 Supploer proceed to next phase (PS)", ["refID":"source_" + refID_TD]), 10, OPTIONAL)): com.kms.katalon.core.webui.exception.WebElementNotFoundException: Web element with id: 'Object Repository/StarPack - Full Lifecycle (AWIS)/4.012 Supploer proceed to next phase (PS)' located by '//*[@id='source_6392']/td[9]/a[2]' not found (Root cause: com.kms.katalon.core.exception.StepFailedException: com.kms.katalon.core.webui.exception.WebElementNotFoundException: Web element with id: 'Object Repository/StarPack - Full Lifecycle (AWIS)/4.012 Supploer proceed to next phase (PS)' located by '//*[@id='source_6392']/td[9]/a[2]' not found
	at com.kms.katalon.core.webui.keyword.internal.WebUIKeywordMain.stepFailed(WebUIKeywordMain.groovy:64)
	at com.kms.katalon.core.webui.keyword.builtin.VerifyElementPresentKeyword$_verifyElementPresent_closure1.doCall(VerifyElementPresentKeyword.groovy:85)
	at com.kms.katalon.core.webui.keyword.builtin.VerifyElementPresentKeyword$_verifyElementPresent_closure1.call(VerifyElementPresentKeyword.groovy)
	at com.kms.katalon.core.webui.keyword.internal.WebUIKeywordMain.runKeyword(WebUIKeywordMain.groovy:20)
	at com.kms.katalon.core.webui.keyword.builtin.VerifyElementPresentKeyword.verifyElementPresent(VerifyElementPresentKeyword.groovy:92)
	at com.kms.katalon.core.webui.keyword.builtin.VerifyElementPresentKeyword.execute(VerifyElementPresentKeyword.groovy:68)
	at com.kms.katalon.core.keyword.internal.KeywordExecutor.executeKeywordForPlatform(KeywordExecutor.groovy:74)
	at com.kms.katalon.core.webui.keyword.WebUiBuiltInKeywords.verifyElementPresent(WebUiBuiltInKeywords.groovy:1448)
	at com.kms.katalon.core.webui.keyword.WebUiBuiltInKeywords$verifyElementPresent$18.call(Unknown Source)
	at 4.01 Star Pack Full Lifecycle - AWIS (Chrome)_ACreationDaughRef 15.03 P1.run(4.01 Star Pack Full Lifecycle - AWIS (Chrome)_ACreationDaughRef 15.03 P1:650)
	at com.kms.katalon.core.main.ScriptEngine.run(ScriptEngine.java:194)
	at com.kms.katalon.core.main.ScriptEngine.runScriptAsRawText(ScriptEngine.java:119)
	at com.kms.katalon.core.main.TestCaseExecutor.runScript(TestCaseExecutor.java:445)
	at com.kms.katalon.core.main.TestCaseExecutor.doExecute(TestCaseExecutor.java:436)
	at com.kms.katalon.core.main.TestCaseExecutor.processExecutionPhase(TestCaseExecutor.java:415)
	at com.kms.katalon.core.main.TestCaseExecutor.accessMainPhase(TestCaseExecutor.java:407)
	at com.kms.katalon.core.main.TestCaseExecutor.execute(TestCaseExecutor.java:284)
	at com.kms.katalon.core.common.CommonExecutor.accessTestCaseMainPhase(CommonExecutor.java:65)
	at com.kms.katalon.core.main.TestSuiteExecutor.accessTestSuiteMainPhase(TestSuiteExecutor.java:144)
	at com.kms.katalon.core.main.TestSuiteExecutor.execute(TestSuiteExecutor.java:106)
	at com.kms.katalon.core.main.TestCaseMain.startTestSuite(TestCaseMain.java:185)
	at com.kms.katalon.core.main.TestCaseMain$startTestSuite$0.call(Unknown Source)
	at TempTestSuite1656002533984.run(TempTestSuite1656002533984.groovy:36)
)

2022-06-23 18:57:48 - [MESSAGE][INFO] - Unable to find the element located by 'By.xpath: //*[@id='source_6392']/td[9]/a[2]'. Please recheck the objects properties to make sure the desired element is located. 

2022-06-23 18:57:49 - [MESSAGE][WARNING] - com.kms.katalon.core.webui.exception.WebElementNotFoundException: Web element with id: 'Object Repository/StarPack - Full Lifecycle (AWIS)/4.012 Supploer proceed to next phase (PS)' located by '//*[@id='source_6392']/td[9]/a[2]' not found (Root cause: com.kms.katalon.core.exception.StepFailedException: com.kms.katalon.core.webui.exception.WebElementNotFoundException: Web element with id: 'Object Repository/StarPack - Full Lifecycle (AWIS)/4.012 Supploer proceed to next phase (PS)' located by '//*[@id='source_6392']/td[9]/a[2]' not found
	at com.kms.katalon.core.webui.keyword.internal.WebUIKeywordMain.stepFailed(WebUIKeywordMain.groovy:64)
	at com.kms.katalon.core.webui.keyword.builtin.VerifyElementPresentKeyword$_verifyElementPresent_closure1.doCall(VerifyElementPresentKeyword.groovy:85)
	at com.kms.katalon.core.webui.keyword.builtin.VerifyElementPresentKeyword$_verifyElementPresent_closure1.call(VerifyElementPresentKeyword.groovy)
	at com.kms.katalon.core.webui.keyword.internal.WebUIKeywordMain.runKeyword(WebUIKeywordMain.groovy:20)
	at com.kms.katalon.core.webui.keyword.builtin.VerifyElementPresentKeyword.verifyElementPresent(VerifyElementPresentKeyword.groovy:92)
	at com.kms.katalon.core.webui.keyword.builtin.VerifyElementPresentKeyword.execute(VerifyElementPresentKeyword.groovy:68)
	at com.kms.katalon.core.keyword.internal.KeywordExecutor.executeKeywordForPlatform(KeywordExecutor.groovy:74)
	at com.kms.katalon.core.webui.keyword.WebUiBuiltInKeywords.verifyElementPresent(WebUiBuiltInKeywords.groovy:1448)
	at com.kms.katalon.core.webui.keyword.WebUiBuiltInKeywords$verifyElementPresent$18.call(Unknown Source)
	at 4.01 Star Pack Full Lifecycle - AWIS (Chrome)_ACreationDaughRef 15.03 P1.run(4.01 Star Pack Full Lifecycle - AWIS (Chrome)_ACreationDaughRef 15.03 P1:650)
	at com.kms.katalon.core.main.ScriptEngine.run(ScriptEngine.java:194)
	at com.kms.katalon.core.main.ScriptEngine.runScriptAsRawText(ScriptEngine.java:119)
	at com.kms.katalon.core.main.TestCaseExecutor.runScript(TestCaseExecutor.java:445)
	at com.kms.katalon.core.main.TestCaseExecutor.doExecute(TestCaseExecutor.java:436)
	at com.kms.katalon.core.main.TestCaseExecutor.processExecutionPhase(TestCaseExecutor.java:415)
	at com.kms.katalon.core.main.TestCaseExecutor.accessMainPhase(TestCaseExecutor.java:407)
	at com.kms.katalon.core.main.TestCaseExecutor.execute(TestCaseExecutor.java:284)
	at com.kms.katalon.core.common.CommonExecutor.accessTestCaseMainPhase(CommonExecutor.java:65)
	at com.kms.katalon.core.main.TestSuiteExecutor.accessTestSuiteMainPhase(TestSuiteExecutor.java:144)
	at com.kms.katalon.core.main.TestSuiteExecutor.execute(TestSuiteExecutor.java:106)
	at com.kms.katalon.core.main.TestCaseMain.startTestSuite(TestCaseMain.java:185)
	at com.kms.katalon.core.main.TestCaseMain$startTestSuite$0.call(Unknown Source)
	at TempTestSuite1656002533984.run(TempTestSuite1656002533984.groovy:36)
)
[[ATTACHMENT|D:\\Projet Test Auto\\Mediabox Test Automation\\Reports\\20220623_184212\\03. Parallel Testing (Testing)\\TS -PT PART 3\\03. StarPack Full Lifecycle_SAS_Task\\20220623_184213\\1656003468502.png]]

2022-06-23 18:57:49 - [TEST_STEP][PASSED] - else: null

2022-06-23 18:57:49 - [TEST_STEP][PASSED] - color2 = "white": null

2022-06-23 18:57:49 - [TEST_STEP][PASSED] - I.Logout(): Delayed 3 second(s)

2022-06-23 18:57:52 - [MESSAGE][PASSED] - Delayed 3 second(s)

2022-06-23 18:57:52 - [MESSAGE][PASSED] - Object: 'Object Repository/1. Constant/xpath' is clicked on

2022-06-23 18:57:55 - [MESSAGE][PASSED] - Delayed 3 second(s)

2022-06-23 18:58:02 - [MESSAGE][PASSED] - Object: 'Object Repository/1. Constant/xpath' is clicked on

2022-06-23 18:58:05 - [MESSAGE][PASSED] - Delayed 3 second(s)

2022-06-23 18:58:05 - [TEST_STEP][PASSED] - I.Login_password("aterreshernandez", password_aterreshernandez): Object: 'Object Repository/1. Constant/xpath' is clicked on

2022-06-23 18:58:06 - [MESSAGE][PASSED] - Text 'aterreshernandez' is set on object 'Object Repository/1. Constant/xpath'

2022-06-23 18:58:07 - [MESSAGE][PASSED] - Delayed 1 second(s)

2022-06-23 18:58:10 - [MESSAGE][PASSED] - Text 'dchi' is set on object 'Object Repository/1. Constant/xpath'

2022-06-23 18:58:11 - [MESSAGE][PASSED] - Delayed 1 second(s)

2022-06-23 18:58:16 - [MESSAGE][PASSED] - Object: 'Object Repository/1. Constant/xpath' is clicked on

2022-06-23 18:58:16 - [TEST_STEP][PASSED] - takeScreenshot(): Taking screenshot successfully

2022-06-23 18:58:17 - [MESSAGE][PASSED] - Taking screenshot successfully
[[ATTACHMENT|D:\\Projet Test Auto\\Mediabox Test Automation\\Reports\\20220623_184212\\03. Parallel Testing (Testing)\\TS -PT PART 3\\03. StarPack Full Lifecycle_SAS_Task\\20220623_184213\\1656003497238.png]]

2022-06-23 18:58:17 - [TEST_STEP][PASSED] - click(findTestObject("1. Constant/02_LHSMenu_Projects")): Object: 'Object Repository/1. Constant/02_LHSMenu_Projects' is clicked on

2022-06-23 18:58:20 - [MESSAGE][PASSED] - Object: 'Object Repository/1. Constant/02_LHSMenu_Projects' is clicked on

2022-06-23 18:58:20 - [TEST_STEP][PASSED] - I.SearchProjectNo(Project_No, findTestObject("1. Constant/xpath", ["xpath":"//*[@id="form_filters"]/div[7]/button"])): Delayed 5 second(s)

2022-06-23 18:58:21 - [MESSAGE][PASSED] - Text 'MI001278' is set on object 'Object Repository/1. Constant/xpath'

2022-06-23 18:58:24 - [MESSAGE][PASSED] - Delayed 3 second(s)

2022-06-23 18:58:30 - [MESSAGE][PASSED] - Object: 'Object Repository/1. Constant/xpath' is clicked on

2022-06-23 18:58:35 - [MESSAGE][PASSED] - Delayed 5 second(s)

2022-06-23 18:58:35 - [TEST_STEP][PASSED] - click(findTestObject("1. Constant/xpath", ["xpath":"//*[@id="ancre_" + refID_PS + ""]/a[2]"])): Object: 'Object Repository/1. Constant/xpath' is clicked on

2022-06-23 18:58:39 - [MESSAGE][PASSED] - Object: 'Object Repository/1. Constant/xpath' is clicked on

2022-06-23 18:58:39 - [TEST_STEP][PASSED] - I.AWF_approve_view(): Object: 'Object Repository/HL Full Lifecycle/Function_Appbutton2' is clicked on

2022-06-23 18:58:42 - [MESSAGE][PASSED] - Wait for page load successfully

2022-06-23 18:58:52 - [MESSAGE][PASSED] - Delayed 10 second(s)

2022-06-23 18:58:53 - [MESSAGE][PASSED] - Object: 'Object Repository/HL Full Lifecycle/Function_access Viewer2' is hovered

2022-06-23 18:58:56 - [MESSAGE][PASSED] - Delayed 3 second(s)

2022-06-23 18:58:58 - [MESSAGE][PASSED] - Object: 'Object Repository/HL Full Lifecycle/Function_access Viewer2' is clicked on

2022-06-23 18:59:03 - [MESSAGE][PASSED] - Delayed 5 second(s)

2022-06-23 18:59:05 - [MESSAGE][PASSED] - Object: 'Object Repository/HL Full Lifecycle/Function_AppButton' is clicked on

2022-06-23 18:59:10 - [MESSAGE][PASSED] - Delayed 5 second(s)

2022-06-23 18:59:18 - [MESSAGE][PASSED] - Object: 'Object Repository/HL Full Lifecycle/Function_Appbutton2' is clicked on

2022-06-23 18:59:18 - [TEST_STEP][PASSED] - I.Logout(): Delayed 3 second(s)

2022-06-23 18:59:21 - [MESSAGE][PASSED] - Delayed 3 second(s)

2022-06-23 18:59:22 - [MESSAGE][PASSED] - Object: 'Object Repository/1. Constant/xpath' is clicked on

2022-06-23 18:59:25 - [MESSAGE][PASSED] - Delayed 3 second(s)

2022-06-23 18:59:28 - [MESSAGE][PASSED] - Object: 'Object Repository/1. Constant/xpath' is clicked on

2022-06-23 18:59:31 - [MESSAGE][PASSED] - Delayed 3 second(s)

2022-06-23 18:59:31 - [TEST_STEP][PASSED] - I.Login_password("suser", password_suser): Object: 'Object Repository/1. Constant/xpath' is clicked on

2022-06-23 18:59:32 - [MESSAGE][PASSED] - Text 'suser' is set on object 'Object Repository/1. Constant/xpath'

2022-06-23 18:59:33 - [MESSAGE][PASSED] - Delayed 1 second(s)

2022-06-23 18:59:33 - [MESSAGE][PASSED] - Text 'dchi2' is set on object 'Object Repository/1. Constant/xpath'

2022-06-23 18:59:34 - [MESSAGE][PASSED] - Delayed 1 second(s)

2022-06-23 18:59:37 - [MESSAGE][PASSED] - Object: 'Object Repository/1. Constant/xpath' is clicked on

2022-06-23 18:59:37 - [TEST_STEP][PASSED] - takeScreenshot(): Taking screenshot successfully

2022-06-23 18:59:38 - [MESSAGE][PASSED] - Taking screenshot successfully
[[ATTACHMENT|D:\\Projet Test Auto\\Mediabox Test Automation\\Reports\\20220623_184212\\03. Parallel Testing (Testing)\\TS -PT PART 3\\03. StarPack Full Lifecycle_SAS_Task\\20220623_184213\\1656003578123.png]]

2022-06-23 18:59:38 - [TEST_STEP][PASSED] - click(findTestObject("1. Constant/02_LHSMenu_Projects")): Object: 'Object Repository/1. Constant/02_LHSMenu_Projects' is clicked on

2022-06-23 18:59:43 - [MESSAGE][PASSED] - Object: 'Object Repository/1. Constant/02_LHSMenu_Projects' is clicked on

2022-06-23 18:59:43 - [TEST_STEP][PASSED] - I.SearchProjectNo(Project_No, findTestObject("HL Full Lifecycle/9 Filter_Button_Apply")): Delayed 5 second(s)

2022-06-23 18:59:43 - [MESSAGE][PASSED] - Text 'MI001278' is set on object 'Object Repository/1. Constant/xpath'

2022-06-23 18:59:46 - [MESSAGE][PASSED] - Delayed 3 second(s)

2022-06-23 18:59:51 - [MESSAGE][PASSED] - Object: 'Object Repository/HL Full Lifecycle/9 Filter_Button_Apply' is clicked on

2022-06-23 18:59:56 - [MESSAGE][PASSED] - Delayed 5 second(s)

2022-06-23 18:59:56 - [TEST_STEP][PASSED] - click(findTestObject("Object Repository/StarPack - Full Lifecycle (AWIS)/6.02 suser id_source_refID__td4_a1", ["refID":"source_" + refID])): Object: 'Object Repository/StarPack - Full Lifecycle (AWIS)/6.02 suser id_source_refID__td4_a1' is clicked on

2022-06-23 18:59:59 - [MESSAGE][PASSED] - Object: 'Object Repository/StarPack - Full Lifecycle (AWIS)/6.02 suser id_source_refID__td4_a1' is clicked on

2022-06-23 18:59:59 - [TEST_STEP][PASSED] - I.Approvepermanentlyforothers("//*[@id="level_apl_1"]/div[2]/div[4]/div/div", "//*[@id="level_apl_1"]/div[2]/div[4]/div/div/div[6]/a[2]/span"): Object: 'Object Repository/1. Constant/xpath' is clicked on

2022-06-23 19:00:00 - [MESSAGE][PASSED] - Object: 'Object Repository/1. Constant/xpath' is clicked on

2022-06-23 19:00:01 - [MESSAGE][PASSED] - Delayed 1 second(s)

2022-06-23 19:00:03 - [MESSAGE][PASSED] - Object: 'Object Repository/1. Constant/xpath' is clicked on

2022-06-23 19:00:04 - [MESSAGE][PASSED] - Delayed 1 second(s)

2022-06-23 19:00:04 - [MESSAGE][PASSED] - Object: 'Object Repository/1. Constant/xpath' is hovered

2022-06-23 19:00:05 - [MESSAGE][PASSED] - Object: 'Object Repository/1. Constant/xpath' is clicked on

2022-06-23 19:00:06 - [MESSAGE][PASSED] - Delayed 1 second(s)

2022-06-23 19:00:11 - [MESSAGE][PASSED] - Object: 'Object Repository/1. Constant/xpath' is clicked on

2022-06-23 19:00:11 - [TEST_STEP][PASSED] - delay(1): Delayed 1 second(s)

2022-06-23 19:00:12 - [MESSAGE][PASSED] - Delayed 1 second(s)

2022-06-23 19:00:12 - [TEST_STEP][PASSED] - I.Approveforothers("//*[@id="level_apl_1"]/div[2]/div[2]/div/div/div[1]/img", "//*[@id="level_apl_1"]/div[2]/div[2]/div/div/div[6]/a[2]/span"): Object: 'Object Repository/1. Constant/xpath' is clicked on

2022-06-23 19:00:13 - [MESSAGE][PASSED] - Object: 'Object Repository/1. Constant/xpath' is clicked on

2022-06-23 19:00:14 - [MESSAGE][PASSED] - Delayed 1 second(s)

2022-06-23 19:00:15 - [MESSAGE][PASSED] - Object: 'Object Repository/1. Constant/xpath' is clicked on

2022-06-23 19:00:16 - [MESSAGE][PASSED] - Delayed 1 second(s)

2022-06-23 19:00:17 - [MESSAGE][PASSED] - Object: 'Object Repository/1. Constant/xpath' is hovered

2022-06-23 19:00:19 - [MESSAGE][PASSED] - Object: 'Object Repository/1. Constant/xpath' is clicked on

2022-06-23 19:00:20 - [MESSAGE][PASSED] - Delayed 1 second(s)

2022-06-23 19:00:29 - [MESSAGE][PASSED] - Object: 'Object Repository/1. Constant/xpath' is clicked on

2022-06-23 19:00:29 - [TEST_STEP][PASSED] - delay(1): Delayed 1 second(s)

2022-06-23 19:00:30 - [MESSAGE][PASSED] - Delayed 1 second(s)

2022-06-23 19:00:30 - [TEST_STEP][PASSED] - I.Approveforothers("//*[@id="level_apl_2"]/div[2]/div[2]/div/div", "//*[@id="level_apl_2"]/div[2]/div[2]/div/div/div[6]/a[2]/span"): Object: 'Object Repository/1. Constant/xpath' is clicked on

2022-06-23 19:00:31 - [MESSAGE][PASSED] - Object: 'Object Repository/1. Constant/xpath' is clicked on

2022-06-23 19:00:32 - [MESSAGE][PASSED] - Delayed 1 second(s)

2022-06-23 19:00:33 - [MESSAGE][PASSED] - Object: 'Object Repository/1. Constant/xpath' is clicked on

2022-06-23 19:00:34 - [MESSAGE][PASSED] - Delayed 1 second(s)

2022-06-23 19:00:37 - [MESSAGE][PASSED] - Object: 'Object Repository/1. Constant/xpath' is hovered

2022-06-23 19:00:39 - [MESSAGE][PASSED] - Object: 'Object Repository/1. Constant/xpath' is clicked on

2022-06-23 19:00:40 - [MESSAGE][PASSED] - Delayed 1 second(s)

2022-06-23 19:00:45 - [MESSAGE][PASSED] - Object: 'Object Repository/1. Constant/xpath' is clicked on

2022-06-23 19:00:45 - [TEST_STEP][PASSED] - delay(1): Delayed 1 second(s)

2022-06-23 19:00:46 - [MESSAGE][PASSED] - Delayed 1 second(s)

2022-06-23 19:00:46 - [TEST_STEP][PASSED] - I.Logout(): Delayed 3 second(s)

2022-06-23 19:00:49 - [MESSAGE][PASSED] - Delayed 3 second(s)

2022-06-23 19:00:53 - [MESSAGE][PASSED] - Object: 'Object Repository/1. Constant/xpath' is clicked on

2022-06-23 19:00:56 - [MESSAGE][PASSED] - Delayed 3 second(s)

2022-06-23 19:01:00 - [MESSAGE][PASSED] - Object: 'Object Repository/1. Constant/xpath' is clicked on

2022-06-23 19:01:03 - [MESSAGE][PASSED] - Delayed 3 second(s)

2022-06-23 19:01:03 - [TEST_STEP][PASSED] - I.Login_password("agluszczynska", password_agluszczynska): Object: 'Object Repository/1. Constant/xpath' is clicked on

2022-06-23 19:01:07 - [MESSAGE][PASSED] - Text 'agluszczynska' is set on object 'Object Repository/1. Constant/xpath'

2022-06-23 19:01:08 - [MESSAGE][PASSED] - Delayed 1 second(s)

2022-06-23 19:01:11 - [MESSAGE][PASSED] - Text 'dchi3' is set on object 'Object Repository/1. Constant/xpath'

2022-06-23 19:01:12 - [MESSAGE][PASSED] - Delayed 1 second(s)

2022-06-23 19:01:16 - [MESSAGE][PASSED] - Object: 'Object Repository/1. Constant/xpath' is clicked on

2022-06-23 19:01:16 - [TEST_STEP][PASSED] - takeScreenshot(): Taking screenshot successfully

2022-06-23 19:01:17 - [MESSAGE][PASSED] - Taking screenshot successfully
[[ATTACHMENT|D:\\Projet Test Auto\\Mediabox Test Automation\\Reports\\20220623_184212\\03. Parallel Testing (Testing)\\TS -PT PART 3\\03. StarPack Full Lifecycle_SAS_Task\\20220623_184213\\1656003677188.png]]

2022-06-23 19:01:17 - [TEST_STEP][PASSED] - click(findTestObject("1. Constant/02_LHSMenu_Projects")): Object: 'Object Repository/1. Constant/02_LHSMenu_Projects' is clicked on

2022-06-23 19:01:24 - [MESSAGE][PASSED] - Object: 'Object Repository/1. Constant/02_LHSMenu_Projects' is clicked on

2022-06-23 19:01:24 - [TEST_STEP][PASSED] - I.SearchProjectNo(Project_No, findTestObject("HL Full Lifecycle/9 Filter_Button_Apply")): Delayed 5 second(s)

2022-06-23 19:01:29 - [MESSAGE][PASSED] - Text 'MI001278' is set on object 'Object Repository/1. Constant/xpath'

2022-06-23 19:01:32 - [MESSAGE][PASSED] - Delayed 3 second(s)

2022-06-23 19:01:34 - [MESSAGE][PASSED] - Object: 'Object Repository/HL Full Lifecycle/9 Filter_Button_Apply' is clicked on

2022-06-23 19:01:39 - [MESSAGE][PASSED] - Delayed 5 second(s)

2022-06-23 19:01:39 - [TEST_STEP][PASSED] - click(findTestObject("Object Repository/StarPack - Full Lifecycle (AWIS)/6.01 Anais id_refID_a2", ["refID":"ancre_" + refID_PS])): Object: 'Object Repository/StarPack - Full Lifecycle (AWIS)/6.01 Anais id_refID_a2' is clicked on

2022-06-23 19:01:46 - [MESSAGE][PASSED] - Object: 'Object Repository/StarPack - Full Lifecycle (AWIS)/6.01 Anais id_refID_a2' is clicked on

2022-06-23 19:01:46 - [TEST_STEP][PASSED] - I.UploadDoc_sendkey_field("//*[@id="var_25"]", "D:\Upoad_File\Upload doc\testdata1.pdf", "testdata1"): Text 'testdata1' is present on page 

2022-06-23 19:01:48 - [MESSAGE][PASSED] - Delayed 2 second(s)

2022-06-23 19:01:49 - [MESSAGE][PASSED] - Keys 'D:\Upoad_File\Upload doc\testdata1.pdf' sent to object: 'Object Repository/1. Constant/xpath'

2022-06-23 19:01:52 - [MESSAGE][PASSED] - Text 'testdata1' is present on page 

2022-06-23 19:01:52 - [TEST_STEP][PASSED] - click(findTestObject("1. Constant/xpath", ["xpath":"//*[@id="ModifFiche"]/div[3]/div/button[2]"])): Object: 'Object Repository/1. Constant/xpath' is clicked on

2022-06-23 19:01:58 - [MESSAGE][PASSED] - Object: 'Object Repository/1. Constant/xpath' is clicked on

2022-06-23 19:01:58 - [TEST_STEP][PASSED] - I.Logout(): Delayed 3 second(s)

2022-06-23 19:02:01 - [MESSAGE][PASSED] - Delayed 3 second(s)

2022-06-23 19:02:01 - [MESSAGE][PASSED] - Object: 'Object Repository/1. Constant/xpath' is clicked on

2022-06-23 19:02:04 - [MESSAGE][PASSED] - Delayed 3 second(s)

2022-06-23 19:02:07 - [MESSAGE][PASSED] - Object: 'Object Repository/1. Constant/xpath' is clicked on

2022-06-23 19:02:10 - [MESSAGE][PASSED] - Delayed 3 second(s)

2022-06-23 19:02:10 - [TEST_STEP][PASSED] - I.Login_password("aherms", password_aherms): Object: 'Object Repository/1. Constant/xpath' is clicked on

2022-06-23 19:02:12 - [MESSAGE][PASSED] - Text 'aherms' is set on object 'Object Repository/1. Constant/xpath'

2022-06-23 19:02:13 - [MESSAGE][PASSED] - Delayed 1 second(s)

2022-06-23 19:02:14 - [MESSAGE][PASSED] - Text 'dchi3' is set on object 'Object Repository/1. Constant/xpath'

2022-06-23 19:02:15 - [MESSAGE][PASSED] - Delayed 1 second(s)

2022-06-23 19:02:19 - [MESSAGE][PASSED] - Object: 'Object Repository/1. Constant/xpath' is clicked on

2022-06-23 19:02:19 - [TEST_STEP][PASSED] - takeScreenshot(): Taking screenshot successfully

2022-06-23 19:02:19 - [MESSAGE][PASSED] - Taking screenshot successfully
[[ATTACHMENT|D:\\Projet Test Auto\\Mediabox Test Automation\\Reports\\20220623_184212\\03. Parallel Testing (Testing)\\TS -PT PART 3\\03. StarPack Full Lifecycle_SAS_Task\\20220623_184213\\1656003739444.png]]

2022-06-23 19:02:19 - [TEST_STEP][PASSED] - click(findTestObject("1. Constant/02_LHSMenu_Projects")): Object: 'Object Repository/1. Constant/02_LHSMenu_Projects' is clicked on

2022-06-23 19:02:27 - [MESSAGE][PASSED] - Object: 'Object Repository/1. Constant/02_LHSMenu_Projects' is clicked on

2022-06-23 19:02:27 - [TEST_STEP][PASSED] - I.SearchProjectNo(Project_No, findTestObject("HL Full Lifecycle/9 Filter_Button_Apply")): Delayed 5 second(s)

2022-06-23 19:02:31 - [MESSAGE][PASSED] - Text 'MI001278' is set on object 'Object Repository/1. Constant/xpath'

2022-06-23 19:02:34 - [MESSAGE][PASSED] - Delayed 3 second(s)

2022-06-23 19:02:40 - [MESSAGE][PASSED] - Object: 'Object Repository/HL Full Lifecycle/9 Filter_Button_Apply' is clicked on

2022-06-23 19:02:45 - [MESSAGE][PASSED] - Delayed 5 second(s)

2022-06-23 19:02:45 - [TEST_STEP][PASSED] - color3 = getCSSValue(findTestObject("Object Repository/StarPack - Full Lifecycle (AWIS)/6.01 Anais id_refID_a2", ["refID":"ancre_" + refID_PS]), "color", OPTIONAL): Get CSS 'color' value on 'Object Repository/StarPack - Full Lifecycle (AWIS)/6.01 Anais id_refID_a2' successfully: 'rgba(255, 255, 255, 1)'.

2022-06-23 19:02:46 - [MESSAGE][PASSED] - Get CSS 'color' value on 'Object Repository/StarPack - Full Lifecycle (AWIS)/6.01 Anais id_refID_a2' successfully: 'rgba(255, 255, 255, 1)'.

2022-06-23 19:02:46 - [TEST_STEP][PASSED] - while (color3 == "rgba(255, 255, 255, 1)"): null

2022-06-23 19:02:46 - [TEST_STEP][PASSED] - click(findTestObject("Object Repository/StarPack - Full Lifecycle (AWIS)/6.01 Anais id_refID_a2", ["refID":"ancre_" + refID_PS])): Object: 'Object Repository/StarPack - Full Lifecycle (AWIS)/6.01 Anais id_refID_a2' is clicked on

2022-06-23 19:02:50 - [MESSAGE][PASSED] - Object: 'Object Repository/StarPack - Full Lifecycle (AWIS)/6.01 Anais id_refID_a2' is clicked on

2022-06-23 19:02:50 - [TEST_STEP][PASSED] - takeScreenshot(): Taking screenshot successfully

2022-06-23 19:02:51 - [MESSAGE][PASSED] - Taking screenshot successfully
[[ATTACHMENT|D:\\Projet Test Auto\\Mediabox Test Automation\\Reports\\20220623_184212\\03. Parallel Testing (Testing)\\TS -PT PART 3\\03. StarPack Full Lifecycle_SAS_Task\\20220623_184213\\1656003771210.png]]

2022-06-23 19:02:51 - [TEST_STEP][PASSED] - I.UploadDoc_sendkey_Prod(findTestObject("1. Constant/xpath", ["xpath":"//*[@id="kt_body"]/input[2]"]), "D:\Upoad_File\Upload doc\testdataaddition1.jpg", "testdataaddition1.jpg"): Delayed 5 second(s)

2022-06-23 19:02:52 - [MESSAGE][PASSED] - Scroll to object 'Object Repository/1. Constant/xpath' successfully

2022-06-23 19:02:57 - [MESSAGE][PASSED] - Delayed 5 second(s)

2022-06-23 19:02:58 - [MESSAGE][PASSED] - File 'D:\Upoad_File\Upload doc\testdataaddition1.jpg' sent to object: 'Object Repository/1. Constant/xpath'

2022-06-23 19:03:03 - [MESSAGE][PASSED] - Delayed 5 second(s)

2022-06-23 19:03:04 - [MESSAGE][PASSED] - Text 'testdataaddition1.jpg' is present on page 

2022-06-23 19:03:09 - [MESSAGE][PASSED] - Delayed 5 second(s)

2022-06-23 19:03:14 - [MESSAGE][PASSED] - Delayed 5 second(s)

2022-06-23 19:03:14 - [TEST_STEP][PASSED] - takeScreenshot(): Taking screenshot successfully

2022-06-23 19:03:15 - [MESSAGE][PASSED] - Taking screenshot successfully
[[ATTACHMENT|D:\\Projet Test Auto\\Mediabox Test Automation\\Reports\\20220623_184212\\03. Parallel Testing (Testing)\\TS -PT PART 3\\03. StarPack Full Lifecycle_SAS_Task\\20220623_184213\\1656003794921.png]]

2022-06-23 19:03:15 - [TEST_STEP][PASSED] - delay(10): Delayed 10 second(s)

2022-06-23 19:03:25 - [MESSAGE][PASSED] - Delayed 10 second(s)

2022-06-23 19:03:25 - [TEST_STEP][PASSED] - I.click_button_javascript(findTestObject("Object Repository/HL Full Lifecycle/12 ReferncePage_Button_Updatensenddoc")): Execute JavaScript 'arguments[0].click()' successfully

2022-06-23 19:03:35 - [MESSAGE][PASSED] - Execute JavaScript 'arguments[0].click()' successfully

2022-06-23 19:03:35 - [TEST_STEP][PASSED] - delay(5): Delayed 5 second(s)

2022-06-23 19:03:40 - [MESSAGE][PASSED] - Delayed 5 second(s)

2022-06-23 19:03:40 - [TEST_STEP][PASSED] - if (verifyElementPresent(findTestObject("Object Repository/StarPack - Full Lifecycle (AWIS)/6.01 Anais id_refID_a2", ["refID":"ancre_" + refID_PS]), 10, OPTIONAL)): com.kms.katalon.core.webui.exception.WebElementNotFoundException: Web element with id: 'Object Repository/StarPack - Full Lifecycle (AWIS)/6.01 Anais id_refID_a2' located by '//*[@id="ancre_6391"]/a[2]' not found (Root cause: com.kms.katalon.core.exception.StepFailedException: com.kms.katalon.core.webui.exception.WebElementNotFoundException: Web element with id: 'Object Repository/StarPack - Full Lifecycle (AWIS)/6.01 Anais id_refID_a2' located by '//*[@id="ancre_6391"]/a[2]' not found
	at com.kms.katalon.core.webui.keyword.internal.WebUIKeywordMain.stepFailed(WebUIKeywordMain.groovy:64)
	at com.kms.katalon.core.webui.keyword.builtin.VerifyElementPresentKeyword$_verifyElementPresent_closure1.doCall(VerifyElementPresentKeyword.groovy:85)
	at com.kms.katalon.core.webui.keyword.builtin.VerifyElementPresentKeyword$_verifyElementPresent_closure1.call(VerifyElementPresentKeyword.groovy)
	at com.kms.katalon.core.webui.keyword.internal.WebUIKeywordMain.runKeyword(WebUIKeywordMain.groovy:20)
	at com.kms.katalon.core.webui.keyword.builtin.VerifyElementPresentKeyword.verifyElementPresent(VerifyElementPresentKeyword.groovy:92)
	at com.kms.katalon.core.webui.keyword.builtin.VerifyElementPresentKeyword.execute(VerifyElementPresentKeyword.groovy:68)
	at com.kms.katalon.core.keyword.internal.KeywordExecutor.executeKeywordForPlatform(KeywordExecutor.groovy:74)
	at com.kms.katalon.core.webui.keyword.WebUiBuiltInKeywords.verifyElementPresent(WebUiBuiltInKeywords.groovy:1448)
	at com.kms.katalon.core.webui.keyword.WebUiBuiltInKeywords$verifyElementPresent$18.call(Unknown Source)
	at 4.01 Star Pack Full Lifecycle - AWIS (Chrome)_ACreationDaughRef 15.03 P1.run(4.01 Star Pack Full Lifecycle - AWIS (Chrome)_ACreationDaughRef 15.03 P1:795)
	at com.kms.katalon.core.main.ScriptEngine.run(ScriptEngine.java:194)
	at com.kms.katalon.core.main.ScriptEngine.runScriptAsRawText(ScriptEngine.java:119)
	at com.kms.katalon.core.main.TestCaseExecutor.runScript(TestCaseExecutor.java:445)
	at com.kms.katalon.core.main.TestCaseExecutor.doExecute(TestCaseExecutor.java:436)
	at com.kms.katalon.core.main.TestCaseExecutor.processExecutionPhase(TestCaseExecutor.java:415)
	at com.kms.katalon.core.main.TestCaseExecutor.accessMainPhase(TestCaseExecutor.java:407)
	at com.kms.katalon.core.main.TestCaseExecutor.execute(TestCaseExecutor.java:284)
	at com.kms.katalon.core.common.CommonExecutor.accessTestCaseMainPhase(CommonExecutor.java:65)
	at com.kms.katalon.core.main.TestSuiteExecutor.accessTestSuiteMainPhase(TestSuiteExecutor.java:144)
	at com.kms.katalon.core.main.TestSuiteExecutor.execute(TestSuiteExecutor.java:106)
	at com.kms.katalon.core.main.TestCaseMain.startTestSuite(TestCaseMain.java:185)
	at com.kms.katalon.core.main.TestCaseMain$startTestSuite$0.call(Unknown Source)
	at TempTestSuite1656002533984.run(TempTestSuite1656002533984.groovy:36)
)

2022-06-23 19:03:51 - [MESSAGE][INFO] - Unable to find the element located by 'By.xpath: //*[@id="ancre_6391"]/a[2]'. Please recheck the objects properties to make sure the desired element is located. 

2022-06-23 19:03:52 - [MESSAGE][WARNING] - com.kms.katalon.core.webui.exception.WebElementNotFoundException: Web element with id: 'Object Repository/StarPack - Full Lifecycle (AWIS)/6.01 Anais id_refID_a2' located by '//*[@id="ancre_6391"]/a[2]' not found (Root cause: com.kms.katalon.core.exception.StepFailedException: com.kms.katalon.core.webui.exception.WebElementNotFoundException: Web element with id: 'Object Repository/StarPack - Full Lifecycle (AWIS)/6.01 Anais id_refID_a2' located by '//*[@id="ancre_6391"]/a[2]' not found
	at com.kms.katalon.core.webui.keyword.internal.WebUIKeywordMain.stepFailed(WebUIKeywordMain.groovy:64)
	at com.kms.katalon.core.webui.keyword.builtin.VerifyElementPresentKeyword$_verifyElementPresent_closure1.doCall(VerifyElementPresentKeyword.groovy:85)
	at com.kms.katalon.core.webui.keyword.builtin.VerifyElementPresentKeyword$_verifyElementPresent_closure1.call(VerifyElementPresentKeyword.groovy)
	at com.kms.katalon.core.webui.keyword.internal.WebUIKeywordMain.runKeyword(WebUIKeywordMain.groovy:20)
	at com.kms.katalon.core.webui.keyword.builtin.VerifyElementPresentKeyword.verifyElementPresent(VerifyElementPresentKeyword.groovy:92)
	at com.kms.katalon.core.webui.keyword.builtin.VerifyElementPresentKeyword.execute(VerifyElementPresentKeyword.groovy:68)
	at com.kms.katalon.core.keyword.internal.KeywordExecutor.executeKeywordForPlatform(KeywordExecutor.groovy:74)
	at com.kms.katalon.core.webui.keyword.WebUiBuiltInKeywords.verifyElementPresent(WebUiBuiltInKeywords.groovy:1448)
	at com.kms.katalon.core.webui.keyword.WebUiBuiltInKeywords$verifyElementPresent$18.call(Unknown Source)
	at 4.01 Star Pack Full Lifecycle - AWIS (Chrome)_ACreationDaughRef 15.03 P1.run(4.01 Star Pack Full Lifecycle - AWIS (Chrome)_ACreationDaughRef 15.03 P1:795)
	at com.kms.katalon.core.main.ScriptEngine.run(ScriptEngine.java:194)
	at com.kms.katalon.core.main.ScriptEngine.runScriptAsRawText(ScriptEngine.java:119)
	at com.kms.katalon.core.main.TestCaseExecutor.runScript(TestCaseExecutor.java:445)
	at com.kms.katalon.core.main.TestCaseExecutor.doExecute(TestCaseExecutor.java:436)
	at com.kms.katalon.core.main.TestCaseExecutor.processExecutionPhase(TestCaseExecutor.java:415)
	at com.kms.katalon.core.main.TestCaseExecutor.accessMainPhase(TestCaseExecutor.java:407)
	at com.kms.katalon.core.main.TestCaseExecutor.execute(TestCaseExecutor.java:284)
	at com.kms.katalon.core.common.CommonExecutor.accessTestCaseMainPhase(CommonExecutor.java:65)
	at com.kms.katalon.core.main.TestSuiteExecutor.accessTestSuiteMainPhase(TestSuiteExecutor.java:144)
	at com.kms.katalon.core.main.TestSuiteExecutor.execute(TestSuiteExecutor.java:106)
	at com.kms.katalon.core.main.TestCaseMain.startTestSuite(TestCaseMain.java:185)
	at com.kms.katalon.core.main.TestCaseMain$startTestSuite$0.call(Unknown Source)
	at TempTestSuite1656002533984.run(TempTestSuite1656002533984.groovy:36)
)
[[ATTACHMENT|D:\\Projet Test Auto\\Mediabox Test Automation\\Reports\\20220623_184212\\03. Parallel Testing (Testing)\\TS -PT PART 3\\03. StarPack Full Lifecycle_SAS_Task\\20220623_184213\\1656003831392.png]]

2022-06-23 19:03:52 - [TEST_STEP][PASSED] - else: null

2022-06-23 19:03:52 - [TEST_STEP][PASSED] - color3 = "white": null

2022-06-23 19:03:52 - [TEST_STEP][PASSED] - I.Logout(): Delayed 3 second(s)

2022-06-23 19:03:55 - [MESSAGE][PASSED] - Delayed 3 second(s)

2022-06-23 19:03:55 - [MESSAGE][PASSED] - Object: 'Object Repository/1. Constant/xpath' is clicked on

2022-06-23 19:03:58 - [MESSAGE][PASSED] - Delayed 3 second(s)

2022-06-23 19:04:01 - [MESSAGE][PASSED] - Object: 'Object Repository/1. Constant/xpath' is clicked on

2022-06-23 19:04:04 - [MESSAGE][PASSED] - Delayed 3 second(s)

2022-06-23 19:04:04 - [TEST_STEP][PASSED] - I.Login_password("aterreshernandez", password_aterreshernandez): Object: 'Object Repository/1. Constant/xpath' is clicked on

2022-06-23 19:04:08 - [MESSAGE][PASSED] - Text 'aterreshernandez' is set on object 'Object Repository/1. Constant/xpath'

2022-06-23 19:04:09 - [MESSAGE][PASSED] - Delayed 1 second(s)

2022-06-23 19:04:10 - [MESSAGE][PASSED] - Text 'dchi' is set on object 'Object Repository/1. Constant/xpath'

2022-06-23 19:04:11 - [MESSAGE][PASSED] - Delayed 1 second(s)

2022-06-23 19:04:20 - [MESSAGE][PASSED] - Object: 'Object Repository/1. Constant/xpath' is clicked on

2022-06-23 19:04:20 - [TEST_STEP][PASSED] - takeScreenshot(): Taking screenshot successfully

2022-06-23 19:04:21 - [MESSAGE][PASSED] - Taking screenshot successfully
[[ATTACHMENT|D:\\Projet Test Auto\\Mediabox Test Automation\\Reports\\20220623_184212\\03. Parallel Testing (Testing)\\TS -PT PART 3\\03. StarPack Full Lifecycle_SAS_Task\\20220623_184213\\1656003860222.png]]

2022-06-23 19:04:21 - [TEST_STEP][PASSED] - click(findTestObject("1. Constant/02_LHSMenu_Projects")): Object: 'Object Repository/1. Constant/02_LHSMenu_Projects' is clicked on

2022-06-23 19:04:23 - [MESSAGE][PASSED] - Object: 'Object Repository/1. Constant/02_LHSMenu_Projects' is clicked on

2022-06-23 19:04:23 - [TEST_STEP][PASSED] - I.SearchProjectNo(Project_No, findTestObject("1. Constant/xpath", ["xpath":"//*[@id="form_filters"]/div[7]/button"])): Delayed 5 second(s)

2022-06-23 19:04:25 - [MESSAGE][PASSED] - Text 'MI001278' is set on object 'Object Repository/1. Constant/xpath'

2022-06-23 19:04:28 - [MESSAGE][PASSED] - Delayed 3 second(s)

2022-06-23 19:04:34 - [MESSAGE][PASSED] - Object: 'Object Repository/1. Constant/xpath' is clicked on

2022-06-23 19:04:39 - [MESSAGE][PASSED] - Delayed 5 second(s)

2022-06-23 19:04:39 - [TEST_STEP][PASSED] - click(findTestObject("Object Repository/StarPack - Full Lifecycle (AWIS)/6.01 Anais id_refID_a2", ["refID":"ancre_" + refID_PS])): Object: 'Object Repository/StarPack - Full Lifecycle (AWIS)/6.01 Anais id_refID_a2' is clicked on

2022-06-23 19:04:43 - [MESSAGE][PASSED] - Object: 'Object Repository/StarPack - Full Lifecycle (AWIS)/6.01 Anais id_refID_a2' is clicked on

2022-06-23 19:04:43 - [TEST_STEP][PASSED] - I.AWF_approve_view(): Object: 'Object Repository/HL Full Lifecycle/Function_Appbutton2' is clicked on

2022-06-23 19:04:45 - [MESSAGE][PASSED] - Wait for page load successfully

2022-06-23 19:04:55 - [MESSAGE][PASSED] - Delayed 10 second(s)

2022-06-23 19:04:55 - [MESSAGE][PASSED] - Object: 'Object Repository/HL Full Lifecycle/Function_access Viewer2' is hovered

2022-06-23 19:04:58 - [MESSAGE][PASSED] - Delayed 3 second(s)

2022-06-23 19:05:01 - [MESSAGE][PASSED] - Object: 'Object Repository/HL Full Lifecycle/Function_access Viewer2' is clicked on

2022-06-23 19:05:06 - [MESSAGE][PASSED] - Delayed 5 second(s)

2022-06-23 19:05:07 - [MESSAGE][PASSED] - Object: 'Object Repository/HL Full Lifecycle/Function_AppButton' is clicked on

2022-06-23 19:05:12 - [MESSAGE][PASSED] - Delayed 5 second(s)

2022-06-23 19:05:20 - [MESSAGE][PASSED] - Object: 'Object Repository/HL Full Lifecycle/Function_Appbutton2' is clicked on

2022-06-23 19:05:20 - [TEST_STEP][PASSED] - I.Logout(): Delayed 3 second(s)

2022-06-23 19:05:23 - [MESSAGE][PASSED] - Delayed 3 second(s)

2022-06-23 19:05:24 - [MESSAGE][PASSED] - Object: 'Object Repository/1. Constant/xpath' is clicked on

2022-06-23 19:05:27 - [MESSAGE][PASSED] - Delayed 3 second(s)

2022-06-23 19:05:29 - [MESSAGE][PASSED] - Object: 'Object Repository/1. Constant/xpath' is clicked on

2022-06-23 19:05:32 - [MESSAGE][PASSED] - Delayed 3 second(s)

2022-06-23 19:05:32 - [TEST_STEP][PASSED] - I.Login_password("aherms", password_aherms): Object: 'Object Repository/1. Constant/xpath' is clicked on

2022-06-23 19:05:34 - [MESSAGE][PASSED] - Text 'aherms' is set on object 'Object Repository/1. Constant/xpath'

2022-06-23 19:05:35 - [MESSAGE][PASSED] - Delayed 1 second(s)

2022-06-23 19:05:37 - [MESSAGE][PASSED] - Text 'dchi3' is set on object 'Object Repository/1. Constant/xpath'

2022-06-23 19:05:38 - [MESSAGE][PASSED] - Delayed 1 second(s)

2022-06-23 19:05:44 - [MESSAGE][PASSED] - Object: 'Object Repository/1. Constant/xpath' is clicked on

2022-06-23 19:05:44 - [TEST_STEP][PASSED] - takeScreenshot(): Taking screenshot successfully

2022-06-23 19:05:45 - [MESSAGE][PASSED] - Taking screenshot successfully
[[ATTACHMENT|D:\\Projet Test Auto\\Mediabox Test Automation\\Reports\\20220623_184212\\03. Parallel Testing (Testing)\\TS -PT PART 3\\03. StarPack Full Lifecycle_SAS_Task\\20220623_184213\\1656003944940.png]]

2022-06-23 19:05:45 - [TEST_STEP][PASSED] - click(findTestObject("1. Constant/02_LHSMenu_Projects")): Object: 'Object Repository/1. Constant/02_LHSMenu_Projects' is clicked on

2022-06-23 19:05:50 - [MESSAGE][PASSED] - Object: 'Object Repository/1. Constant/02_LHSMenu_Projects' is clicked on

2022-06-23 19:05:50 - [TEST_STEP][PASSED] - I.SearchProjectNo(Project_No, findTestObject("HL Full Lifecycle/9 Filter_Button_Apply")): Delayed 5 second(s)

2022-06-23 19:05:51 - [MESSAGE][PASSED] - Text 'MI001278' is set on object 'Object Repository/1. Constant/xpath'

2022-06-23 19:05:54 - [MESSAGE][PASSED] - Delayed 3 second(s)

2022-06-23 19:05:58 - [MESSAGE][PASSED] - Object: 'Object Repository/HL Full Lifecycle/9 Filter_Button_Apply' is clicked on

2022-06-23 19:06:03 - [MESSAGE][PASSED] - Delayed 5 second(s)

2022-06-23 19:06:03 - [TEST_STEP][PASSED] - click(findTestObject("Object Repository/StarPack - Full Lifecycle (AWIS)/6.01 Anais id_refID_a2", ["refID":"ancre_" + refID_PS])): Object: 'Object Repository/StarPack - Full Lifecycle (AWIS)/6.01 Anais id_refID_a2' is clicked on

2022-06-23 19:06:06 - [MESSAGE][PASSED] - Object: 'Object Repository/StarPack - Full Lifecycle (AWIS)/6.01 Anais id_refID_a2' is clicked on

2022-06-23 19:06:06 - [TEST_STEP][PASSED] - setText(findTestObject("1. Constant/01_id_field_id", ["field_id":"var_48"]), "Número de seguimiento del envío de la muestra de packagingmandatory"): Text 'Número de seguimiento del envío de la muestra de packagingmandatory' is set on object 'Object Repository/1. Constant/01_id_field_id'

2022-06-23 19:06:08 - [MESSAGE][PASSED] - Text 'Número de seguimiento del envío de la muestra de packagingmandatory' is set on object 'Object Repository/1. Constant/01_id_field_id'

2022-06-23 19:06:08 - [TEST_STEP][PASSED] - click(findTestObject("1. Constant/xpath", ["xpath":"//*[@id="ModifFiche"]/div[3]/div/button[2]"])): Object: 'Object Repository/1. Constant/xpath' is clicked on

2022-06-23 19:06:13 - [MESSAGE][PASSED] - Object: 'Object Repository/1. Constant/xpath' is clicked on

2022-06-23 19:06:13 - [TEST_STEP][PASSED] - I.Logout(): Delayed 3 second(s)

2022-06-23 19:06:16 - [MESSAGE][PASSED] - Delayed 3 second(s)

2022-06-23 19:06:17 - [MESSAGE][PASSED] - Object: 'Object Repository/1. Constant/xpath' is clicked on

2022-06-23 19:06:20 - [MESSAGE][PASSED] - Delayed 3 second(s)

2022-06-23 19:06:23 - [MESSAGE][PASSED] - Object: 'Object Repository/1. Constant/xpath' is clicked on

2022-06-23 19:06:26 - [MESSAGE][PASSED] - Delayed 3 second(s)

2022-06-23 19:06:26 - [TEST_STEP][PASSED] - I.Login_password("aterreshernandez", password_aterreshernandez): Object: 'Object Repository/1. Constant/xpath' is clicked on

2022-06-23 19:06:28 - [MESSAGE][PASSED] - Text 'aterreshernandez' is set on object 'Object Repository/1. Constant/xpath'

2022-06-23 19:06:29 - [MESSAGE][PASSED] - Delayed 1 second(s)

2022-06-23 19:06:30 - [MESSAGE][PASSED] - Text 'dchi' is set on object 'Object Repository/1. Constant/xpath'

2022-06-23 19:06:31 - [MESSAGE][PASSED] - Delayed 1 second(s)

2022-06-23 19:06:38 - [MESSAGE][PASSED] - Object: 'Object Repository/1. Constant/xpath' is clicked on

2022-06-23 19:06:38 - [TEST_STEP][PASSED] - takeScreenshot(): Taking screenshot successfully

2022-06-23 19:06:39 - [MESSAGE][PASSED] - Taking screenshot successfully
[[ATTACHMENT|D:\\Projet Test Auto\\Mediabox Test Automation\\Reports\\20220623_184212\\03. Parallel Testing (Testing)\\TS -PT PART 3\\03. StarPack Full Lifecycle_SAS_Task\\20220623_184213\\1656003999207.png]]

2022-06-23 19:06:39 - [TEST_STEP][PASSED] - click(findTestObject("1. Constant/02_LHSMenu_Projects")): Object: 'Object Repository/1. Constant/02_LHSMenu_Projects' is clicked on

2022-06-23 19:06:43 - [MESSAGE][PASSED] - Object: 'Object Repository/1. Constant/02_LHSMenu_Projects' is clicked on

2022-06-23 19:06:43 - [TEST_STEP][PASSED] - I.SearchProjectNo(Project_No, findTestObject("1. Constant/xpath", ["xpath":"//*[@id="form_filters"]/div[7]/button"])): Delayed 5 second(s)

2022-06-23 19:06:46 - [MESSAGE][PASSED] - Text 'MI001278' is set on object 'Object Repository/1. Constant/xpath'

2022-06-23 19:06:49 - [MESSAGE][PASSED] - Delayed 3 second(s)

2022-06-23 19:06:54 - [MESSAGE][PASSED] - Object: 'Object Repository/1. Constant/xpath' is clicked on

2022-06-23 19:06:59 - [MESSAGE][PASSED] - Delayed 5 second(s)

2022-06-23 19:06:59 - [TEST_STEP][PASSED] - click(findTestObject("Object Repository/StarPack - Full Lifecycle (AWIS)/6.01 Anais id_refID_a2", ["refID":"ancre_" + refID_PS])): Object: 'Object Repository/StarPack - Full Lifecycle (AWIS)/6.01 Anais id_refID_a2' is clicked on

2022-06-23 19:07:05 - [MESSAGE][PASSED] - Object: 'Object Repository/StarPack - Full Lifecycle (AWIS)/6.01 Anais id_refID_a2' is clicked on

2022-06-23 19:07:05 - [TEST_STEP][PASSED] - I.status_lifecycle(findTestObject("1. Constant/xpath", ["xpath":"/html/body/div[1]/div[2]/div[4]/div[3]/div/div[2]/div[2]/div[1]/table/tbody/tr[2]/td[7]/span"]), "Completado"): Status contain Completado.

2022-06-23 19:07:08 - [MESSAGE][PASSED] - Text of object 'Object Repository/1. Constant/xpath' is: 'Completado'

2022-06-23 19:07:08 - [MESSAGE][PASSED] - Status contain Completado.

2022-06-23 19:07:08 - [TEST_STEP][PASSED] - takeScreenshot(): Taking screenshot successfully

2022-06-23 19:07:09 - [MESSAGE][PASSED] - Taking screenshot successfully
[[ATTACHMENT|D:\\Projet Test Auto\\Mediabox Test Automation\\Reports\\20220623_184212\\03. Parallel Testing (Testing)\\TS -PT PART 3\\03. StarPack Full Lifecycle_SAS_Task\\20220623_184213\\1656004028384.png]]

2022-06-23 19:07:09 - [TEST_STEP][PASSED] - closeBrowser(): Browser is closed

2022-06-23 19:07:22 - [MESSAGE][PASSED] - Browser is closed

2022-06-23 19:07:22 - [TEST_STEP][PASSED] - Start listener action : sampleAfterTestCase: null]]></system-out>
         <system-err><![CDATA[]]></system-err>
      </testcase>
      <testcase name="Test Cases/04. Star pack Full Lifecycle - AIS _ Long name Artwork without info/4.04 Star Pack - Project Name (255) _ Ref Name (80) (Chrome)" time="454.539" classname="Test Cases/04. Star pack Full Lifecycle - AIS _ Long name Artwork without info/4.04 Star Pack - Project Name (255) _ Ref Name (80) (Chrome)" status="PASSED">
         <system-out><![CDATA[2022-06-23 19:07:22 - [TEST_CASE][PASSED] - Test Cases/04. Star pack Full Lifecycle - AIS _ Long name Artwork without info/4.04 Star Pack - Project Name (255) _ Ref Name (80) (Chrome): Test Cases/04. Star pack Full Lifecycle - AIS _ Long name Artwork without info/4.04 Star Pack - Project Name (255) _ Ref Name (80) (Chrome)

2022-06-23 19:07:23 - [TEST_STEP][PASSED] - data = findTestData("Data Files/Username_Password/Starpack (10June2021)"): null

2022-06-23 19:07:23 - [TEST_STEP][PASSED] - password_suser = data.getValue(2, 1): null

2022-06-23 19:07:23 - [TEST_STEP][PASSED] - password_aherms = data.getValue(2, 2): null

2022-06-23 19:07:23 - [TEST_STEP][PASSED] - password_agluszczynska = data.getValue(2, 3): null

2022-06-23 19:07:23 - [TEST_STEP][PASSED] - password_jmaciaszczyk = data.getValue(2, 4): null

2022-06-23 19:07:23 - [TEST_STEP][PASSED] - password_aterreshernandez = data.getValue(2, 5): null

2022-06-23 19:07:23 - [TEST_STEP][PASSED] - password_amartin_arbol = data.getValue(2, 6): null

2022-06-23 19:07:23 - [TEST_STEP][PASSED] - password_adelamatanieves = data.getValue(2, 7): null

2022-06-23 19:07:23 - [TEST_STEP][PASSED] - password_kcannoosamy_dia = data.getValue(2, 8): null

2022-06-23 19:07:23 - [TEST_STEP][PASSED] - data_urlRELAUTO = findTestData("Data Files/URL/URL_relauto"): null

2022-06-23 19:07:23 - [TEST_STEP][PASSED] - Url_Starpack = data_urlRELAUTO.getValue(2, 2): null

2022-06-23 19:07:23 - [TEST_STEP][PASSED] - openBrowser(Url_Starpack): Browser is opened with url: 'http://mdb-release.diadeis.lan/MediaboxIndependence/?MBI_datasource=RELTESTAUTO_STARPACK'

2022-06-23 19:07:23 - [MESSAGE][INFO] - Starting 'Chrome (headless)' driver

2022-06-23 19:07:23 - [MESSAGE][INFO] - User set preference: ['args', '[--window-size=1920,1080, --headless]']

2022-06-23 19:07:23 - [MESSAGE][INFO] - Action delay is set to 0 milliseconds

2022-06-23 19:07:53 - [MESSAGE][PASSED] - Browser is opened with url: 'http://mdb-release.diadeis.lan/MediaboxIndependence/?MBI_datasource=RELTESTAUTO_STARPACK'

2022-06-23 19:07:53 - [TEST_STEP][PASSED] - maximizeWindow(): Current window maximized

2022-06-23 19:07:54 - [MESSAGE][PASSED] - Current window maximized

2022-06-23 19:07:54 - [TEST_STEP][PASSED] - I.Login_password("adelamatanieves", password_adelamatanieves): Object: 'Object Repository/1. Constant/xpath' is clicked on

2022-06-23 19:07:57 - [MESSAGE][PASSED] - Text 'adelamatanieves' is set on object 'Object Repository/1. Constant/xpath'

2022-06-23 19:07:58 - [MESSAGE][PASSED] - Delayed 1 second(s)

2022-06-23 19:08:00 - [MESSAGE][PASSED] - Text 'dchi4' is set on object 'Object Repository/1. Constant/xpath'

2022-06-23 19:08:01 - [MESSAGE][PASSED] - Delayed 1 second(s)

2022-06-23 19:08:14 - [MESSAGE][PASSED] - Object: 'Object Repository/1. Constant/xpath' is clicked on

2022-06-23 19:08:14 - [TEST_STEP][PASSED] - takeScreenshot(): Taking screenshot successfully

2022-06-23 19:08:15 - [MESSAGE][PASSED] - Taking screenshot successfully
[[ATTACHMENT|D:\\Projet Test Auto\\Mediabox Test Automation\\Reports\\20220623_184212\\03. Parallel Testing (Testing)\\TS -PT PART 3\\03. StarPack Full Lifecycle_SAS_Task\\20220623_184213\\1656004094932.png]]

2022-06-23 19:08:15 - [TEST_STEP][PASSED] - click(findTestObject("1. Constant/02_LHSMenu_Projects")): Object: 'Object Repository/1. Constant/02_LHSMenu_Projects' is clicked on

2022-06-23 19:08:21 - [MESSAGE][PASSED] - Object: 'Object Repository/1. Constant/02_LHSMenu_Projects' is clicked on

2022-06-23 19:08:21 - [TEST_STEP][PASSED] - click(findTestObject("Object Repository/1. Constant/xpath", ["xpath":"//*[@id="kt_content"]/div[3]/div/div/div[1]/div[2]/a[1]"])): Object: 'Object Repository/1. Constant/xpath' is clicked on

2022-06-23 19:08:24 - [MESSAGE][PASSED] - Object: 'Object Repository/1. Constant/xpath' is clicked on

2022-06-23 19:08:24 - [TEST_STEP][PASSED] - takeScreenshot(): Taking screenshot successfully

2022-06-23 19:08:24 - [MESSAGE][PASSED] - Taking screenshot successfully
[[ATTACHMENT|D:\\Projet Test Auto\\Mediabox Test Automation\\Reports\\20220623_184212\\03. Parallel Testing (Testing)\\TS -PT PART 3\\03. StarPack Full Lifecycle_SAS_Task\\20220623_184213\\1656004104396.png]]

2022-06-23 19:08:24 - [TEST_STEP][PASSED] - project_name0 = "AutoTest_Chrome_Starpack_Long_ProjectName_" + RandomStringUtils.randomAlphanumeric(10) + "_" + I.gettimedate(): null

2022-06-23 19:08:24 - [TEST_STEP][PASSED] - setText(findTestObject("HL Full Lifecycle/4 CreateProjPage_inputProjectname"), project_name0): Text 'AutoTest_Chrome_Starpack_Long_ProjectName_HzgqOHThBh_juin232022_190824' is set on object 'Object Repository/HL Full Lifecycle/4 CreateProjPage_inputProjectname'

2022-06-23 19:08:27 - [MESSAGE][PASSED] - Text 'AutoTest_Chrome_Starpack_Long_ProjectName_HzgqOHThBh_juin232022_190824' is set on object 'Object Repository/HL Full Lifecycle/4 CreateProjPage_inputProjectname'

2022-06-23 19:08:27 - [TEST_STEP][PASSED] - click(findTestObject("HL Full Lifecycle/4 CreateProjPage_Create Project_Bluebutton")): Object: 'Object Repository/HL Full Lifecycle/4 CreateProjPage_Create Project_Bluebutton' is clicked on

2022-06-23 19:08:36 - [MESSAGE][PASSED] - Object: 'Object Repository/HL Full Lifecycle/4 CreateProjPage_Create Project_Bluebutton' is clicked on

2022-06-23 19:08:36 - [TEST_STEP][PASSED] - delay(1): Delayed 1 second(s)

2022-06-23 19:08:37 - [MESSAGE][PASSED] - Delayed 1 second(s)

2022-06-23 19:08:37 - [TEST_STEP][PASSED] - takeScreenshot(): Taking screenshot successfully

2022-06-23 19:08:39 - [MESSAGE][PASSED] - Taking screenshot successfully
[[ATTACHMENT|D:\\Projet Test Auto\\Mediabox Test Automation\\Reports\\20220623_184212\\03. Parallel Testing (Testing)\\TS -PT PART 3\\03. StarPack Full Lifecycle_SAS_Task\\20220623_184213\\1656004117993.png]]

2022-06-23 19:08:39 - [TEST_STEP][PASSED] - project_name1 = "AutoTest_Chrome_Starpack__Long_ProjectName_" + RandomStringUtils.randomAlphanumeric(195) + "_" + I.gettimedate() + "_tesst": null

2022-06-23 19:08:39 - [TEST_STEP][PASSED] - setText(findTestObject("HL Full Lifecycle/4 CreateProjPage_inputProjectname"), project_name1): Text 'AutoTest_Chrome_Starpack__Long_ProjectName_Czb6Ufig7No4Y7dXeYrOaXkTYY7AWcHXvinX0D2rKQxmhbaiFOthZRd9ZytVSgA1XUgAS2SUSwzUvCCemMvBGOakCjhFOa7SXfzWzV1VA0erFEbFYwh2y9XDtyJ400gi2uqBng6ul7HRyiBgWnv1EFsSjIFQUd4z2z6Y5nxt96PAZ5Fe59dLlv7sT6D9pdajED2_juin232022_190839_tesst' is set on object 'Object Repository/HL Full Lifecycle/4 CreateProjPage_inputProjectname'

2022-06-23 19:08:47 - [MESSAGE][PASSED] - Text 'AutoTest_Chrome_Starpack__Long_ProjectName_Czb6Ufig7No4Y7dXeYrOaXkTYY7AWcHXvinX0D2rKQxmhbaiFOthZRd9ZytVSgA1XUgAS2SUSwzUvCCemMvBGOakCjhFOa7SXfzWzV1VA0erFEbFYwh2y9XDtyJ400gi2uqBng6ul7HRyiBgWnv1EFsSjIFQUd4z2z6Y5nxt96PAZ5Fe59dLlv7sT6D9pdajED2_juin232022_190839_tesst' is set on object 'Object Repository/HL Full Lifecycle/4 CreateProjPage_inputProjectname'

2022-06-23 19:08:47 - [TEST_STEP][PASSED] - selectOptionByValue(findTestObject("1. Constant/01_id_field_id", ["field_id":"var_98"]), "122", false): All options with value '122' are selected in object 'Object Repository/1. Constant/01_id_field_id' 

2022-06-23 19:08:49 - [MESSAGE][PASSED] - All options with value '122' are selected in object 'Object Repository/1. Constant/01_id_field_id' 

2022-06-23 19:08:49 - [TEST_STEP][PASSED] - delay(1): Delayed 1 second(s)

2022-06-23 19:08:50 - [MESSAGE][PASSED] - Delayed 1 second(s)

2022-06-23 19:08:50 - [TEST_STEP][PASSED] - selectOptionByValue(findTestObject("1. Constant/01_id_field_id", ["field_id":"var_9"]), "amartin_arbol", false): All options with value 'amartin_arbol' are selected in object 'Object Repository/1. Constant/01_id_field_id' 

2022-06-23 19:08:54 - [MESSAGE][PASSED] - All options with value 'amartin_arbol' are selected in object 'Object Repository/1. Constant/01_id_field_id' 

2022-06-23 19:08:54 - [TEST_STEP][PASSED] - delay(1): Delayed 1 second(s)

2022-06-23 19:08:55 - [MESSAGE][PASSED] - Delayed 1 second(s)

2022-06-23 19:08:55 - [TEST_STEP][PASSED] - selectOptionByValue(findTestObject("1. Constant/01_id_field_id", ["field_id":"var_10"]), "aterreshernandez", false): All options with value 'aterreshernandez' are selected in object 'Object Repository/1. Constant/01_id_field_id' 

2022-06-23 19:09:00 - [MESSAGE][PASSED] - All options with value 'aterreshernandez' are selected in object 'Object Repository/1. Constant/01_id_field_id' 

2022-06-23 19:09:00 - [TEST_STEP][PASSED] - delay(1): Delayed 1 second(s)

2022-06-23 19:09:01 - [MESSAGE][PASSED] - Delayed 1 second(s)

2022-06-23 19:09:01 - [TEST_STEP][PASSED] - selectOptionByValue(findTestObject("Object Repository/xxx Todelete/1.4 ModifyProPage_MF(IDP)"), "nalonsobermejo", true): All options with value 'nalonsobermejo' are selected in object 'Object Repository/xxx Todelete/1.4 ModifyProPage_MF(IDP)'  using regular expression

2022-06-23 19:09:06 - [MESSAGE][PASSED] - All options with value 'nalonsobermejo' are selected in object 'Object Repository/xxx Todelete/1.4 ModifyProPage_MF(IDP)'  using regular expression

2022-06-23 19:09:06 - [TEST_STEP][PASSED] - delay(1): Delayed 1 second(s)

2022-06-23 19:09:07 - [MESSAGE][PASSED] - Delayed 1 second(s)

2022-06-23 19:09:07 - [TEST_STEP][PASSED] - click(findTestObject("Object Repository/xxx Todelete/1.41 ModifyProPage_AddMF")): Object: 'Object Repository/xxx Todelete/1.41 ModifyProPage_AddMF' is clicked on

2022-06-23 19:09:09 - [MESSAGE][PASSED] - Object: 'Object Repository/xxx Todelete/1.41 ModifyProPage_AddMF' is clicked on

2022-06-23 19:09:09 - [TEST_STEP][PASSED] - delay(1): Delayed 1 second(s)

2022-06-23 19:09:10 - [MESSAGE][PASSED] - Delayed 1 second(s)

2022-06-23 19:09:10 - [TEST_STEP][PASSED] - selectOptionByValue(findTestObject("1. Constant/01_id_field_id", ["field_id":"var_15"]), "292", false): All options with value '292' are selected in object 'Object Repository/1. Constant/01_id_field_id' 

2022-06-23 19:09:14 - [MESSAGE][PASSED] - All options with value '292' are selected in object 'Object Repository/1. Constant/01_id_field_id' 

2022-06-23 19:09:14 - [TEST_STEP][PASSED] - delay(1): Delayed 1 second(s)

2022-06-23 19:09:15 - [MESSAGE][PASSED] - Delayed 1 second(s)

2022-06-23 19:09:15 - [TEST_STEP][PASSED] - selectOptionByValue(findTestObject("1. Constant/01_id_field_id", ["field_id":"var_26"]), "94", false): All options with value '94' are selected in object 'Object Repository/1. Constant/01_id_field_id' 

2022-06-23 19:09:16 - [MESSAGE][PASSED] - All options with value '94' are selected in object 'Object Repository/1. Constant/01_id_field_id' 

2022-06-23 19:09:16 - [TEST_STEP][PASSED] - delay(1): Delayed 1 second(s)

2022-06-23 19:09:17 - [MESSAGE][PASSED] - Delayed 1 second(s)

2022-06-23 19:09:17 - [TEST_STEP][PASSED] - selectOptionByValue(findTestObject("1. Constant/01_id_field_id", ["field_id":"var_12"]), "94", false): All options with value '94' are selected in object 'Object Repository/1. Constant/01_id_field_id' 

2022-06-23 19:09:20 - [MESSAGE][PASSED] - All options with value '94' are selected in object 'Object Repository/1. Constant/01_id_field_id' 

2022-06-23 19:09:20 - [TEST_STEP][PASSED] - delay(1): Delayed 1 second(s)

2022-06-23 19:09:21 - [MESSAGE][PASSED] - Delayed 1 second(s)

2022-06-23 19:09:21 - [TEST_STEP][PASSED] - selectOptionByValue(findTestObject("1. Constant/01_id_field_id", ["field_id":"var_27"]), "734", false): All options with value '734' are selected in object 'Object Repository/1. Constant/01_id_field_id' 

2022-06-23 19:09:25 - [MESSAGE][PASSED] - All options with value '734' are selected in object 'Object Repository/1. Constant/01_id_field_id' 

2022-06-23 19:09:25 - [TEST_STEP][PASSED] - delay(1): Delayed 1 second(s)

2022-06-23 19:09:26 - [MESSAGE][PASSED] - Delayed 1 second(s)

2022-06-23 19:09:26 - [TEST_STEP][PASSED] - selectOptionByValue(findTestObject("1. Constant/01_id_field_id", ["field_id":"var_71"]), "efood", false): All options with value 'efood' are selected in object 'Object Repository/1. Constant/01_id_field_id' 

2022-06-23 19:09:29 - [MESSAGE][PASSED] - All options with value 'efood' are selected in object 'Object Repository/1. Constant/01_id_field_id' 

2022-06-23 19:09:29 - [TEST_STEP][PASSED] - delay(5): Delayed 5 second(s)

2022-06-23 19:09:34 - [MESSAGE][PASSED] - Delayed 5 second(s)

2022-06-23 19:09:34 - [TEST_STEP][PASSED] - takeScreenshot(): Taking screenshot successfully

2022-06-23 19:09:35 - [MESSAGE][PASSED] - Taking screenshot successfully
[[ATTACHMENT|D:\\Projet Test Auto\\Mediabox Test Automation\\Reports\\20220623_184212\\03. Parallel Testing (Testing)\\TS -PT PART 3\\03. StarPack Full Lifecycle_SAS_Task\\20220623_184213\\1656004174639.png]]

2022-06-23 19:09:35 - [TEST_STEP][PASSED] - click(findTestObject("HL Full Lifecycle/5 ModifyProjPage_button_Update")): Object: 'Object Repository/HL Full Lifecycle/5 ModifyProjPage_button_Update' is clicked on

2022-06-23 19:09:42 - [MESSAGE][PASSED] - Object: 'Object Repository/HL Full Lifecycle/5 ModifyProjPage_button_Update' is clicked on

2022-06-23 19:09:42 - [TEST_STEP][PASSED] - delay(5): Delayed 5 second(s)

2022-06-23 19:09:47 - [MESSAGE][PASSED] - Delayed 5 second(s)

2022-06-23 19:09:47 - [TEST_STEP][PASSED] - Project_No = I.ProjectNo(): Current window's url is: 'http://mdb-release.diadeis.lan/MediaboxIndependence/Base/ExecAction?IDSession=MBI%21RELTESTAUTO_STARPACK%211LFKA53B0HVH8Q6MXSKCM4Y5QVJNE7K4AI0XHXAU&default_action=AfficheFichesProjet&id_project=MI001279'

2022-06-23 19:09:52 - [MESSAGE][PASSED] - Delayed 5 second(s)

2022-06-23 19:09:53 - [MESSAGE][PASSED] - Current window's url is: 'http://mdb-release.diadeis.lan/MediaboxIndependence/Base/ExecAction?IDSession=MBI%21RELTESTAUTO_STARPACK%211LFKA53B0HVH8Q6MXSKCM4Y5QVJNE7K4AI0XHXAU&default_action=AfficheFichesProjet&id_project=MI001279'

2022-06-23 19:09:53 - [TEST_STEP][PASSED] - click(findTestObject("Object Repository/StarPack - Full Lifecycle (AWIS)/1.01 View Project id_card_project_div2_div_div3a3")): Object: 'Object Repository/StarPack - Full Lifecycle (AWIS)/1.01 View Project id_card_project_div2_div_div3a3' is clicked on

2022-06-23 19:10:19 - [MESSAGE][PASSED] - Object: 'Object Repository/StarPack - Full Lifecycle (AWIS)/1.01 View Project id_card_project_div2_div_div3a3' is clicked on

2022-06-23 19:10:19 - [TEST_STEP][PASSED] - project_name = getText(findTestObject("1. Constant/xpath", ["xpath":"//*[@id="common_details"]/div[2]/div/div"])): Text of object 'Object Repository/1. Constant/xpath' is: 'AutoTest_Chrome_Starpack__Long_ProjectName_Czb6Ufig7No4Y7dXeYrOaXkTYY7AWcHXvinX0D2rKQxmhbaiFOthZRd9ZytVSgA1XUgAS2SUSwzUvCCemMvBGOakCjhFOa7SXfzWzV1VA0erFEbFYwh2y9XDtyJ400gi2uqBng6ul7HRyiBgWnv1EFsSjIFQUd4z2z6Y5nxt96PAZ5Fe59dLlv7sT6D9pdajED2_juin232022_19083'

2022-06-23 19:10:20 - [MESSAGE][PASSED] - Text of object 'Object Repository/1. Constant/xpath' is: 'AutoTest_Chrome_Starpack__Long_ProjectName_Czb6Ufig7No4Y7dXeYrOaXkTYY7AWcHXvinX0D2rKQxmhbaiFOthZRd9ZytVSgA1XUgAS2SUSwzUvCCemMvBGOakCjhFOa7SXfzWzV1VA0erFEbFYwh2y9XDtyJ400gi2uqBng6ul7HRyiBgWnv1EFsSjIFQUd4z2z6Y5nxt96PAZ5Fe59dLlv7sT6D9pdajED2_juin232022_19083'

2022-06-23 19:10:20 - [TEST_STEP][PASSED] - I.print("No. of char for the project " + project_name + "  >   " + project_name.length()): null

2022-06-23 19:10:20 - [TEST_STEP][PASSED] - if (project_name.length() != 255): null

2022-06-23 19:10:20 - [TEST_STEP][PASSED] - click(findTestObject("1. Constant/xpath", ["xpath":"//*[@id="kt_subheader"]/div/nav/ol/li[2]"])): Object: 'Object Repository/1. Constant/xpath' is clicked on

2022-06-23 19:10:25 - [MESSAGE][PASSED] - Object: 'Object Repository/1. Constant/xpath' is clicked on

2022-06-23 19:10:25 - [TEST_STEP][PASSED] - click(findTestObject("HL Full Lifecycle/6 ReferenceListPage_createrefbutton")): Object: 'Object Repository/HL Full Lifecycle/6 ReferenceListPage_createrefbutton' is clicked on

2022-06-23 19:10:25 - [MESSAGE][PASSED] - Object: 'Object Repository/HL Full Lifecycle/6 ReferenceListPage_createrefbutton' is clicked on

2022-06-23 19:10:25 - [TEST_STEP][PASSED] - click(findTestObject("HL Full Lifecycle/6 ReferenceListPaga_Create a component_button")): Object: 'Object Repository/HL Full Lifecycle/6 ReferenceListPaga_Create a component_button' is clicked on

2022-06-23 19:10:28 - [MESSAGE][PASSED] - Object: 'Object Repository/HL Full Lifecycle/6 ReferenceListPaga_Create a component_button' is clicked on

2022-06-23 19:10:28 - [TEST_STEP][PASSED] - waitForPageLoad(10): Wait for page load successfully

2022-06-23 19:10:29 - [MESSAGE][PASSED] - Wait for page load successfully

2022-06-23 19:10:29 - [TEST_STEP][PASSED] - takeScreenshot(): Taking screenshot successfully

2022-06-23 19:10:31 - [MESSAGE][PASSED] - Taking screenshot successfully
[[ATTACHMENT|D:\\Projet Test Auto\\Mediabox Test Automation\\Reports\\20220623_184212\\03. Parallel Testing (Testing)\\TS -PT PART 3\\03. StarPack Full Lifecycle_SAS_Task\\20220623_184213\\1656004230252.png]]

2022-06-23 19:10:31 - [TEST_STEP][PASSED] - selectOptionByValue(findTestObject("1. Constant/01_id_field_id", ["field_id":"ref_type"]), "11", false): All options with value '11' are selected in object 'Object Repository/1. Constant/01_id_field_id' 

2022-06-23 19:10:33 - [MESSAGE][PASSED] - All options with value '11' are selected in object 'Object Repository/1. Constant/01_id_field_id' 

2022-06-23 19:10:33 - [TEST_STEP][PASSED] - ref_name1 = "Long _name_Ref_" + RandomStringUtils.randomAlphanumeric(47) + "_" + I.gettimedate() + "_testttt": null

2022-06-23 19:10:33 - [TEST_STEP][PASSED] - setText(findTestObject("1. Constant/01_id_field_id", ["field_id":"var_name"]), ref_name1): Text 'Long _name_Ref_le7rFXXoOckOQ70Zl0OwKISwcNUTUXqNLGOZpmncqyPEfU6_juin232022_191033_testttt' is set on object 'Object Repository/1. Constant/01_id_field_id'

2022-06-23 19:10:37 - [MESSAGE][PASSED] - Text 'Long _name_Ref_le7rFXXoOckOQ70Zl0OwKISwcNUTUXqNLGOZpmncqyPEfU6_juin232022_191033_testttt' is set on object 'Object Repository/1. Constant/01_id_field_id'

2022-06-23 19:10:37 - [TEST_STEP][PASSED] - text_ref_name1 = getAttribute(findTestObject("1. Constant/01_id_field_id", ["field_id":"var_name"]), "value"): Attribute 'value' of object 'Object Repository/1. Constant/01_id_field_id' is: 'Long _name_Ref_le7rFXXoOckOQ70Zl0OwKISwcNUTUXqNLGOZpmncqyPEfU6_juin232022_191033'

2022-06-23 19:10:37 - [MESSAGE][PASSED] - Attribute 'value' of object 'Object Repository/1. Constant/01_id_field_id' is: 'Long _name_Ref_le7rFXXoOckOQ70Zl0OwKISwcNUTUXqNLGOZpmncqyPEfU6_juin232022_191033'

2022-06-23 19:10:37 - [TEST_STEP][PASSED] - I.print("No. of char for the ref " + text_ref_name1 + "  >   " + text_ref_name1.length()): null

2022-06-23 19:10:37 - [TEST_STEP][PASSED] - if (text_ref_name1.length() != 80): null

2022-06-23 19:10:37 - [TEST_STEP][PASSED] - click(findTestObject("HL Full Lifecycle/6 ReferencePg_Create a component_bluebutton")): Object: 'Object Repository/HL Full Lifecycle/6 ReferencePg_Create a component_bluebutton' is clicked on

2022-06-23 19:10:43 - [MESSAGE][PASSED] - Object: 'Object Repository/HL Full Lifecycle/6 ReferencePg_Create a component_bluebutton' is clicked on

2022-06-23 19:10:43 - [TEST_STEP][PASSED] - refID = I.RefID(): Current window's url is: 'http://mdb-release.diadeis.lan/MediaboxIndependence/Base/ExecAction?IDSession=MBI%21RELTESTAUTO_STARPACK%211LFKA53B0HVH8Q6MXSKCM4Y5QVJNE7K4AI0XHXAU&default_action=ModifierRef&id_project=MI001279&id_ref=6393&action_from=create_ref'

2022-06-23 19:10:48 - [MESSAGE][PASSED] - Delayed 5 second(s)

2022-06-23 19:10:48 - [MESSAGE][PASSED] - Current window's url is: 'http://mdb-release.diadeis.lan/MediaboxIndependence/Base/ExecAction?IDSession=MBI%21RELTESTAUTO_STARPACK%211LFKA53B0HVH8Q6MXSKCM4Y5QVJNE7K4AI0XHXAU&default_action=ModifierRef&id_project=MI001279&id_ref=6393&action_from=create_ref'

2022-06-23 19:10:48 - [TEST_STEP][PASSED] - out.println(refID): null

2022-06-23 19:10:48 - [TEST_STEP][PASSED] - delay(1): Delayed 1 second(s)

2022-06-23 19:10:49 - [MESSAGE][PASSED] - Delayed 1 second(s)

2022-06-23 19:10:49 - [TEST_STEP][PASSED] - takeScreenshot(): Taking screenshot successfully

2022-06-23 19:10:50 - [MESSAGE][PASSED] - Taking screenshot successfully
[[ATTACHMENT|D:\\Projet Test Auto\\Mediabox Test Automation\\Reports\\20220623_184212\\03. Parallel Testing (Testing)\\TS -PT PART 3\\03. StarPack Full Lifecycle_SAS_Task\\20220623_184213\\1656004250056.png]]

2022-06-23 19:10:50 - [TEST_STEP][PASSED] - sendKeys(findTestObject("1. Constant/01_id_field_id", ["field_id":"var_28"]), "209293"): Keys '209293' sent to object: 'Object Repository/1. Constant/01_id_field_id'

2022-06-23 19:10:52 - [MESSAGE][PASSED] - Keys '209293' sent to object: 'Object Repository/1. Constant/01_id_field_id'

2022-06-23 19:10:52 - [TEST_STEP][PASSED] - delay(20): Delayed 20 second(s)

2022-06-23 19:11:12 - [MESSAGE][PASSED] - Delayed 20 second(s)

2022-06-23 19:11:12 - [TEST_STEP][PASSED] - sendKeys(findTestObject("1. Constant/01_id_field_id", ["field_id":"var_30"]), "test Submarca"): Keys 'test Submarca' sent to object: 'Object Repository/1. Constant/01_id_field_id'

2022-06-23 19:11:16 - [MESSAGE][PASSED] - Keys 'test Submarca' sent to object: 'Object Repository/1. Constant/01_id_field_id'

2022-06-23 19:11:16 - [TEST_STEP][PASSED] - sendKeys(findTestObject("1. Constant/01_id_field_id", ["field_id":"var_31"]), "test Submarca Vínculo con bulto: test Submarca"): Keys 'test Submarca Vínculo con bulto: test Submarca' sent to object: 'Object Repository/1. Constant/01_id_field_id'

2022-06-23 19:11:20 - [MESSAGE][PASSED] - Keys 'test Submarca Vínculo con bulto: test Submarca' sent to object: 'Object Repository/1. Constant/01_id_field_id'

2022-06-23 19:11:20 - [TEST_STEP][PASSED] - selectOptionByValue(findTestObject("1. Constant/01_id_field_id", ["field_id":"var_38"]), "24", false): All options with value '24' are selected in object 'Object Repository/1. Constant/01_id_field_id' 

2022-06-23 19:11:25 - [MESSAGE][PASSED] - All options with value '24' are selected in object 'Object Repository/1. Constant/01_id_field_id' 

2022-06-23 19:11:25 - [TEST_STEP][PASSED] - sendKeys(findTestObject("1. Constant/01_id_field_id", ["field_id":"var_39"]), "8480017155061"): Keys '8480017155061' sent to object: 'Object Repository/1. Constant/01_id_field_id'

2022-06-23 19:11:27 - [MESSAGE][PASSED] - Keys '8480017155061' sent to object: 'Object Repository/1. Constant/01_id_field_id'

2022-06-23 19:11:27 - [TEST_STEP][PASSED] - selectOptionByValue(findTestObject("1. Constant/01_id_field_id", ["field_id":"selSource_19"]), "22", false): All options with value '22' are selected in object 'Object Repository/1. Constant/01_id_field_id' 

2022-06-23 19:11:28 - [MESSAGE][PASSED] - All options with value '22' are selected in object 'Object Repository/1. Constant/01_id_field_id' 

2022-06-23 19:11:28 - [TEST_STEP][PASSED] - click(findTestObject("Object Repository/xxx Todelete/2.01 ModifyRef_Pais")): Object: 'Object Repository/xxx Todelete/2.01 ModifyRef_Pais' is clicked on

2022-06-23 19:11:29 - [MESSAGE][PASSED] - Object: 'Object Repository/xxx Todelete/2.01 ModifyRef_Pais' is clicked on

2022-06-23 19:11:29 - [TEST_STEP][PASSED] - selectOptionByValue(findTestObject("1. Constant/01_id_field_id", ["field_id":"var_75"]), "26", false): All options with value '26' are selected in object 'Object Repository/1. Constant/01_id_field_id' 

2022-06-23 19:11:30 - [MESSAGE][PASSED] - All options with value '26' are selected in object 'Object Repository/1. Constant/01_id_field_id' 

2022-06-23 19:11:30 - [TEST_STEP][PASSED] - click(findTestObject("HL Full Lifecycle/7 ModifyRefPage_button_Save")): Object: 'Object Repository/HL Full Lifecycle/7 ModifyRefPage_button_Save' is clicked on

2022-06-23 19:11:36 - [MESSAGE][PASSED] - Object: 'Object Repository/HL Full Lifecycle/7 ModifyRefPage_button_Save' is clicked on

2022-06-23 19:11:36 - [TEST_STEP][PASSED] - click(findTestObject("1. Constant/xpath", ["xpath":"/html/body/div[1]/div[2]/div[4]/div[3]/div/div[2]/div[2]/div[1]/table/tbody/tr[2]/td[10]/a[3]"])): Object: 'Object Repository/1. Constant/xpath' is clicked on

2022-06-23 19:11:40 - [MESSAGE][PASSED] - Object: 'Object Repository/1. Constant/xpath' is clicked on

2022-06-23 19:11:40 - [TEST_STEP][PASSED] - delay(1): Delayed 1 second(s)

2022-06-23 19:11:41 - [MESSAGE][PASSED] - Delayed 1 second(s)

2022-06-23 19:11:41 - [TEST_STEP][PASSED] - click(findTestObject("Object Repository/StarPack - Full Lifecycle (AWIS)/2.031 RefPg_AnnaSubmit", ["id":"1"])): Object: 'Object Repository/StarPack - Full Lifecycle (AWIS)/2.031 RefPg_AnnaSubmit' is clicked on

2022-06-23 19:11:47 - [MESSAGE][PASSED] - Object: 'Object Repository/StarPack - Full Lifecycle (AWIS)/2.031 RefPg_AnnaSubmit' is clicked on

2022-06-23 19:11:47 - [TEST_STEP][PASSED] - click(findTestObject("1. Constant/xpath", ["xpath":"/html/body/div[1]/div[2]/div[4]/div[3]/div/div[2]/div[2]/div[1]/table/tbody/tr[2]/td[4]/a"])): Object: 'Object Repository/1. Constant/xpath' is clicked on

2022-06-23 19:11:53 - [MESSAGE][PASSED] - Object: 'Object Repository/1. Constant/xpath' is clicked on

2022-06-23 19:11:53 - [TEST_STEP][PASSED] - click(findTestObject("1. Constant/xpath", ["xpath":"//*[@id="kt_content"]/div[3]/div/ul/li[3]/a"])): Object: 'Object Repository/1. Constant/xpath' is clicked on

2022-06-23 19:11:55 - [MESSAGE][PASSED] - Object: 'Object Repository/1. Constant/xpath' is clicked on

2022-06-23 19:11:55 - [TEST_STEP][PASSED] - click(findTestObject("1. Constant/xpath", ["xpath":"/html/body/div[1]/div[2]/div[8]/div[3]/div/div[3]/div[3]/div/div/div[1]/div/div[2]/div/div[1]/div[2]/div/a[3]"])): Object: 'Object Repository/1. Constant/xpath' is clicked on

2022-06-23 19:11:55 - [MESSAGE][PASSED] - Object: 'Object Repository/1. Constant/xpath' is clicked on

2022-06-23 19:11:55 - [TEST_STEP][PASSED] - takeScreenshot(): Taking screenshot successfully

2022-06-23 19:11:56 - [MESSAGE][PASSED] - Taking screenshot successfully
[[ATTACHMENT|D:\\Projet Test Auto\\Mediabox Test Automation\\Reports\\20220623_184212\\03. Parallel Testing (Testing)\\TS -PT PART 3\\03. StarPack Full Lifecycle_SAS_Task\\20220623_184213\\1656004315996.png]]

2022-06-23 19:11:56 - [TEST_STEP][PASSED] - click(findTestObject("1. Constant/xpath", ["xpath":"//*[@id="modal_skip_phase"]/div/div/div[3]/button[2]"])): Object: 'Object Repository/1. Constant/xpath' is clicked on

2022-06-23 19:12:00 - [MESSAGE][PASSED] - Object: 'Object Repository/1. Constant/xpath' is clicked on

2022-06-23 19:12:00 - [TEST_STEP][PASSED] - click(findTestObject("1. Constant/xpath", ["xpath":"/html/body/div[1]/div[2]/div[8]/div[3]/div/div[3]/div[3]/div/ul/li[1]/a"])): Object: 'Object Repository/1. Constant/xpath' is clicked on

2022-06-23 19:12:01 - [MESSAGE][PASSED] - Object: 'Object Repository/1. Constant/xpath' is clicked on

2022-06-23 19:12:01 - [TEST_STEP][PASSED] - click(findTestObject("1. Constant/xpath", ["xpath":"/html/body/div[1]/div[2]/div[8]/div[3]/div/div[3]/div[3]/div/div/div[1]/div/div[2]/div/div[1]/div[2]/a"])): Object: 'Object Repository/1. Constant/xpath' is clicked on

2022-06-23 19:12:02 - [MESSAGE][PASSED] - Object: 'Object Repository/1. Constant/xpath' is clicked on

2022-06-23 19:12:02 - [TEST_STEP][PASSED] - takeScreenshot(): Taking screenshot successfully

2022-06-23 19:12:02 - [MESSAGE][PASSED] - Taking screenshot successfully
[[ATTACHMENT|D:\\Projet Test Auto\\Mediabox Test Automation\\Reports\\20220623_184212\\03. Parallel Testing (Testing)\\TS -PT PART 3\\03. StarPack Full Lifecycle_SAS_Task\\20220623_184213\\1656004322324.png]]

2022-06-23 19:12:02 - [TEST_STEP][PASSED] - A_Skip_Anna = getText(findTestObject("1. Constant/xpath", ["xpath":"/html/body/div[1]/div[2]/div[8]/div[3]/div/div[3]/div[3]/div/div/div[1]/div/div[2]/div/div[2]/h5"])): Text of object 'Object Repository/1. Constant/xpath' is: 'Omitido por ANA DELAMATANIEVES'

2022-06-23 19:12:03 - [MESSAGE][PASSED] - Text of object 'Object Repository/1. Constant/xpath' is: 'Omitido por ANA DELAMATANIEVES'

2022-06-23 19:12:03 - [TEST_STEP][PASSED] - I.print("Skip this phase - " + A_Skip_Anna): null

2022-06-23 19:12:03 - [TEST_STEP][PASSED] - E_Skip_Anna = "Omitido por ANA DELAMATANIEVES": null

2022-06-23 19:12:03 - [TEST_STEP][PASSED] - verifyMatch(E_Skip_Anna, A_Skip_Anna, false): Actual text 'Omitido por ANA DELAMATANIEVES' and expected text 'Omitido por ANA DELAMATANIEVES' are matched 

2022-06-23 19:12:03 - [MESSAGE][PASSED] - Actual text 'Omitido por ANA DELAMATANIEVES' and expected text 'Omitido por ANA DELAMATANIEVES' are matched 

2022-06-23 19:12:03 - [TEST_STEP][PASSED] - click(findTestObject("1. Constant/xpath", ["xpath":"/html/body/div[1]/div[2]/div[8]/div[3]/div/div[3]/div[3]/div/ul/li[2]/a"])): Object: 'Object Repository/1. Constant/xpath' is clicked on

2022-06-23 19:12:03 - [MESSAGE][PASSED] - Object: 'Object Repository/1. Constant/xpath' is clicked on

2022-06-23 19:12:03 - [TEST_STEP][PASSED] - click(findTestObject("1. Constant/xpath", ["xpath":"/html/body/div[1]/div[2]/div[8]/div[3]/div/div[3]/div[3]/div/div/div[2]/div/div[2]/div/div[1]/div[2]/div/a[2]"])): Object: 'Object Repository/1. Constant/xpath' is clicked on

2022-06-23 19:12:03 - [MESSAGE][PASSED] - Object: 'Object Repository/1. Constant/xpath' is clicked on

2022-06-23 19:12:03 - [TEST_STEP][PASSED] - click(findTestObject("1. Constant/xpath", ["xpath":"//*[@id="kt_body"]/div[9]/div/div/div[2]/button[2]"])): Object: 'Object Repository/1. Constant/xpath' is clicked on

2022-06-23 19:12:18 - [MESSAGE][PASSED] - Object: 'Object Repository/1. Constant/xpath' is clicked on

2022-06-23 19:12:18 - [TEST_STEP][PASSED] - click(findTestObject("1. Constant/xpath", ["xpath":"/html/body/div[1]/div[2]/div[8]/div[3]/div/div[3]/div[3]/div/div/div[2]/div/div/div/div[1]/div[2]/div/a[3]"])): Object: 'Object Repository/1. Constant/xpath' is clicked on

2022-06-23 19:12:20 - [MESSAGE][PASSED] - Object: 'Object Repository/1. Constant/xpath' is clicked on

2022-06-23 19:12:20 - [TEST_STEP][PASSED] - click(findTestObject("1. Constant/xpath", ["xpath":"//*[@id="modal_skip_phase"]/div/div/div[3]/button[2]"])): Object: 'Object Repository/1. Constant/xpath' is clicked on

2022-06-23 19:12:30 - [MESSAGE][PASSED] - Object: 'Object Repository/1. Constant/xpath' is clicked on

2022-06-23 19:12:30 - [TEST_STEP][PASSED] - click(findTestObject("1. Constant/xpath", ["xpath":"//*[@id="kt_subheader"]/div/nav/ol/li[2]"])): Object: 'Object Repository/1. Constant/xpath' is clicked on

2022-06-23 19:12:35 - [MESSAGE][PASSED] - Object: 'Object Repository/1. Constant/xpath' is clicked on

2022-06-23 19:12:35 - [TEST_STEP][PASSED] - delay(1): Delayed 1 second(s)

2022-06-23 19:12:36 - [MESSAGE][PASSED] - Delayed 1 second(s)

2022-06-23 19:12:36 - [TEST_STEP][PASSED] - color1 = getCSSValue(findTestObject("1. Constant/xpath", ["xpath":"/html/body/div[1]/div[2]/div[4]/div[3]/div/div[2]/div[2]/div[1]/table/tbody/tr[2]/td[10]/a[3]"]), "color", OPTIONAL): Get CSS 'color' value on 'Object Repository/1. Constant/xpath' successfully: 'rgba(255, 255, 255, 1)'.

2022-06-23 19:12:38 - [MESSAGE][PASSED] - Get CSS 'color' value on 'Object Repository/1. Constant/xpath' successfully: 'rgba(255, 255, 255, 1)'.

2022-06-23 19:12:38 - [TEST_STEP][PASSED] - I.print(color1): null

2022-06-23 19:12:38 - [TEST_STEP][PASSED] - while (color1 == "rgba(255, 255, 255, 1)"): null

2022-06-23 19:12:38 - [TEST_STEP][PASSED] - click(findTestObject("1. Constant/xpath", ["xpath":"/html/body/div[1]/div[2]/div[4]/div[3]/div/div[2]/div[2]/div[1]/table/tbody/tr[2]/td[10]/a[3]"])): Object: 'Object Repository/1. Constant/xpath' is clicked on

2022-06-23 19:12:42 - [MESSAGE][PASSED] - Object: 'Object Repository/1. Constant/xpath' is clicked on

2022-06-23 19:12:42 - [TEST_STEP][PASSED] - takeScreenshot(): Taking screenshot successfully

2022-06-23 19:12:43 - [MESSAGE][PASSED] - Taking screenshot successfully
[[ATTACHMENT|D:\\Projet Test Auto\\Mediabox Test Automation\\Reports\\20220623_184212\\03. Parallel Testing (Testing)\\TS -PT PART 3\\03. StarPack Full Lifecycle_SAS_Task\\20220623_184213\\1656004363073.png]]

2022-06-23 19:12:43 - [TEST_STEP][PASSED] - I.UploadDoc_sendkey_Prod(findTestObject("1. Constant/xpath", ["xpath":"//*[@id="kt_body"]/input[2]"]), "D:\Upoad_File\Upload doc\testdataaddition1.jpg", "testdataaddition1.jpg"): Delayed 5 second(s)

2022-06-23 19:12:44 - [MESSAGE][PASSED] - Scroll to object 'Object Repository/1. Constant/xpath' successfully

2022-06-23 19:12:49 - [MESSAGE][PASSED] - Delayed 5 second(s)

2022-06-23 19:12:51 - [MESSAGE][PASSED] - File 'D:\Upoad_File\Upload doc\testdataaddition1.jpg' sent to object: 'Object Repository/1. Constant/xpath'

2022-06-23 19:12:56 - [MESSAGE][PASSED] - Delayed 5 second(s)

2022-06-23 19:12:58 - [MESSAGE][PASSED] - Text 'testdataaddition1.jpg' is present on page 

2022-06-23 19:13:03 - [MESSAGE][PASSED] - Delayed 5 second(s)

2022-06-23 19:13:08 - [MESSAGE][PASSED] - Delayed 5 second(s)

2022-06-23 19:13:08 - [TEST_STEP][PASSED] - takeScreenshot(): Taking screenshot successfully

2022-06-23 19:13:08 - [MESSAGE][PASSED] - Taking screenshot successfully
[[ATTACHMENT|D:\\Projet Test Auto\\Mediabox Test Automation\\Reports\\20220623_184212\\03. Parallel Testing (Testing)\\TS -PT PART 3\\03. StarPack Full Lifecycle_SAS_Task\\20220623_184213\\1656004388460.png]]

2022-06-23 19:13:08 - [TEST_STEP][PASSED] - delay(10): Delayed 10 second(s)

2022-06-23 19:13:18 - [MESSAGE][PASSED] - Delayed 10 second(s)

2022-06-23 19:13:18 - [TEST_STEP][PASSED] - I.click_button_javascript(findTestObject("1. Constant/xpath", ["xpath":"//*[@id="ModifFiche"]/div[1]/div/button"])): Execute JavaScript 'arguments[0].click()' successfully

2022-06-23 19:13:28 - [MESSAGE][PASSED] - Execute JavaScript 'arguments[0].click()' successfully

2022-06-23 19:13:28 - [TEST_STEP][PASSED] - delay(5): Delayed 5 second(s)

2022-06-23 19:13:33 - [MESSAGE][PASSED] - Delayed 5 second(s)

2022-06-23 19:13:33 - [TEST_STEP][PASSED] - if (verifyElementPresent(findTestObject("1. Constant/xpath", ["xpath":"/html/body/div[1]/div[2]/div[4]/div[3]/div/div[2]/div[2]/div[1]/table/tbody/tr[2]/td[10]/a[3]"]), 10, OPTIONAL)): com.kms.katalon.core.webui.exception.WebElementNotFoundException: Web element with id: 'Object Repository/1. Constant/xpath' located by '/html/body/div[1]/div[2]/div[4]/div[3]/div/div[2]/div[2]/div[1]/table/tbody/tr[2]/td[10]/a[3]' not found (Root cause: com.kms.katalon.core.exception.StepFailedException: com.kms.katalon.core.webui.exception.WebElementNotFoundException: Web element with id: 'Object Repository/1. Constant/xpath' located by '/html/body/div[1]/div[2]/div[4]/div[3]/div/div[2]/div[2]/div[1]/table/tbody/tr[2]/td[10]/a[3]' not found
	at com.kms.katalon.core.webui.keyword.internal.WebUIKeywordMain.stepFailed(WebUIKeywordMain.groovy:64)
	at com.kms.katalon.core.webui.keyword.builtin.VerifyElementPresentKeyword$_verifyElementPresent_closure1.doCall(VerifyElementPresentKeyword.groovy:85)
	at com.kms.katalon.core.webui.keyword.builtin.VerifyElementPresentKeyword$_verifyElementPresent_closure1.call(VerifyElementPresentKeyword.groovy)
	at com.kms.katalon.core.webui.keyword.internal.WebUIKeywordMain.runKeyword(WebUIKeywordMain.groovy:20)
	at com.kms.katalon.core.webui.keyword.builtin.VerifyElementPresentKeyword.verifyElementPresent(VerifyElementPresentKeyword.groovy:92)
	at com.kms.katalon.core.webui.keyword.builtin.VerifyElementPresentKeyword.execute(VerifyElementPresentKeyword.groovy:68)
	at com.kms.katalon.core.keyword.internal.KeywordExecutor.executeKeywordForPlatform(KeywordExecutor.groovy:74)
	at com.kms.katalon.core.webui.keyword.WebUiBuiltInKeywords.verifyElementPresent(WebUiBuiltInKeywords.groovy:1448)
	at com.kms.katalon.core.webui.keyword.WebUiBuiltInKeywords$verifyElementPresent$18.call(Unknown Source)
	at 4.04 Star Pack - Project Name (255) _ Ref Name (80) (Chrome).run(4.04 Star Pack - Project Name (255) _ Ref Name (80) (Chrome):343)
	at com.kms.katalon.core.main.ScriptEngine.run(ScriptEngine.java:194)
	at com.kms.katalon.core.main.ScriptEngine.runScriptAsRawText(ScriptEngine.java:119)
	at com.kms.katalon.core.main.TestCaseExecutor.runScript(TestCaseExecutor.java:445)
	at com.kms.katalon.core.main.TestCaseExecutor.doExecute(TestCaseExecutor.java:436)
	at com.kms.katalon.core.main.TestCaseExecutor.processExecutionPhase(TestCaseExecutor.java:415)
	at com.kms.katalon.core.main.TestCaseExecutor.accessMainPhase(TestCaseExecutor.java:407)
	at com.kms.katalon.core.main.TestCaseExecutor.execute(TestCaseExecutor.java:284)
	at com.kms.katalon.core.common.CommonExecutor.accessTestCaseMainPhase(CommonExecutor.java:65)
	at com.kms.katalon.core.main.TestSuiteExecutor.accessTestSuiteMainPhase(TestSuiteExecutor.java:144)
	at com.kms.katalon.core.main.TestSuiteExecutor.execute(TestSuiteExecutor.java:106)
	at com.kms.katalon.core.main.TestCaseMain.startTestSuite(TestCaseMain.java:185)
	at com.kms.katalon.core.main.TestCaseMain$startTestSuite$0.call(Unknown Source)
	at TempTestSuite1656002533984.run(TempTestSuite1656002533984.groovy:36)
)

2022-06-23 19:13:44 - [MESSAGE][INFO] - Unable to find the element located by 'By.xpath: /html/body/div[1]/div[2]/div[4]/div[3]/div/div[2]/div[2]/div[1]/table/tbody/tr[2]/td[10]/a[3]'. Please recheck the objects properties to make sure the desired element is located. 

2022-06-23 19:13:45 - [MESSAGE][WARNING] - com.kms.katalon.core.webui.exception.WebElementNotFoundException: Web element with id: 'Object Repository/1. Constant/xpath' located by '/html/body/div[1]/div[2]/div[4]/div[3]/div/div[2]/div[2]/div[1]/table/tbody/tr[2]/td[10]/a[3]' not found (Root cause: com.kms.katalon.core.exception.StepFailedException: com.kms.katalon.core.webui.exception.WebElementNotFoundException: Web element with id: 'Object Repository/1. Constant/xpath' located by '/html/body/div[1]/div[2]/div[4]/div[3]/div/div[2]/div[2]/div[1]/table/tbody/tr[2]/td[10]/a[3]' not found
	at com.kms.katalon.core.webui.keyword.internal.WebUIKeywordMain.stepFailed(WebUIKeywordMain.groovy:64)
	at com.kms.katalon.core.webui.keyword.builtin.VerifyElementPresentKeyword$_verifyElementPresent_closure1.doCall(VerifyElementPresentKeyword.groovy:85)
	at com.kms.katalon.core.webui.keyword.builtin.VerifyElementPresentKeyword$_verifyElementPresent_closure1.call(VerifyElementPresentKeyword.groovy)
	at com.kms.katalon.core.webui.keyword.internal.WebUIKeywordMain.runKeyword(WebUIKeywordMain.groovy:20)
	at com.kms.katalon.core.webui.keyword.builtin.VerifyElementPresentKeyword.verifyElementPresent(VerifyElementPresentKeyword.groovy:92)
	at com.kms.katalon.core.webui.keyword.builtin.VerifyElementPresentKeyword.execute(VerifyElementPresentKeyword.groovy:68)
	at com.kms.katalon.core.keyword.internal.KeywordExecutor.executeKeywordForPlatform(KeywordExecutor.groovy:74)
	at com.kms.katalon.core.webui.keyword.WebUiBuiltInKeywords.verifyElementPresent(WebUiBuiltInKeywords.groovy:1448)
	at com.kms.katalon.core.webui.keyword.WebUiBuiltInKeywords$verifyElementPresent$18.call(Unknown Source)
	at 4.04 Star Pack - Project Name (255) _ Ref Name (80) (Chrome).run(4.04 Star Pack - Project Name (255) _ Ref Name (80) (Chrome):343)
	at com.kms.katalon.core.main.ScriptEngine.run(ScriptEngine.java:194)
	at com.kms.katalon.core.main.ScriptEngine.runScriptAsRawText(ScriptEngine.java:119)
	at com.kms.katalon.core.main.TestCaseExecutor.runScript(TestCaseExecutor.java:445)
	at com.kms.katalon.core.main.TestCaseExecutor.doExecute(TestCaseExecutor.java:436)
	at com.kms.katalon.core.main.TestCaseExecutor.processExecutionPhase(TestCaseExecutor.java:415)
	at com.kms.katalon.core.main.TestCaseExecutor.accessMainPhase(TestCaseExecutor.java:407)
	at com.kms.katalon.core.main.TestCaseExecutor.execute(TestCaseExecutor.java:284)
	at com.kms.katalon.core.common.CommonExecutor.accessTestCaseMainPhase(CommonExecutor.java:65)
	at com.kms.katalon.core.main.TestSuiteExecutor.accessTestSuiteMainPhase(TestSuiteExecutor.java:144)
	at com.kms.katalon.core.main.TestSuiteExecutor.execute(TestSuiteExecutor.java:106)
	at com.kms.katalon.core.main.TestCaseMain.startTestSuite(TestCaseMain.java:185)
	at com.kms.katalon.core.main.TestCaseMain$startTestSuite$0.call(Unknown Source)
	at TempTestSuite1656002533984.run(TempTestSuite1656002533984.groovy:36)
)
[[ATTACHMENT|D:\\Projet Test Auto\\Mediabox Test Automation\\Reports\\20220623_184212\\03. Parallel Testing (Testing)\\TS -PT PART 3\\03. StarPack Full Lifecycle_SAS_Task\\20220623_184213\\1656004424685.png]]

2022-06-23 19:13:45 - [TEST_STEP][PASSED] - else: null

2022-06-23 19:13:45 - [TEST_STEP][PASSED] - color1 = "white": null

2022-06-23 19:13:45 - [TEST_STEP][PASSED] - click(findTestObject("1. Constant/xpath", ["xpath":"/html/body/div[1]/div[2]/div[4]/div[3]/div/div[2]/div[2]/div[1]/table/tbody/tr[2]/td[4]/a"])): Object: 'Object Repository/1. Constant/xpath' is clicked on

2022-06-23 19:13:49 - [MESSAGE][PASSED] - Object: 'Object Repository/1. Constant/xpath' is clicked on

2022-06-23 19:13:49 - [TEST_STEP][PASSED] - click(findTestObject("1. Constant/xpath", ["xpath":"//*[@id="kt_content"]/div[3]/div/ul/li[3]/a"])): Object: 'Object Repository/1. Constant/xpath' is clicked on

2022-06-23 19:13:54 - [MESSAGE][PASSED] - Object: 'Object Repository/1. Constant/xpath' is clicked on

2022-06-23 19:13:54 - [TEST_STEP][PASSED] - click(findTestObject("1. Constant/xpath", ["xpath":"/html/body/div[1]/div[2]/div[8]/div[3]/div/div[3]/div[3]/div/div/div[3]/div/div[3]/div/div[1]/div[2]/div/a[2]"])): Object: 'Object Repository/1. Constant/xpath' is clicked on

2022-06-23 19:13:55 - [MESSAGE][PASSED] - Object: 'Object Repository/1. Constant/xpath' is clicked on

2022-06-23 19:13:55 - [TEST_STEP][PASSED] - click(findTestObject("1. Constant/xpath", ["xpath":"//*[@id="kt_body"]/div[9]/div/div/div[2]/button[2]"])): Object: 'Object Repository/1. Constant/xpath' is clicked on

2022-06-23 19:13:59 - [MESSAGE][PASSED] - Object: 'Object Repository/1. Constant/xpath' is clicked on

2022-06-23 19:13:59 - [TEST_STEP][PASSED] - click(findTestObject("1. Constant/xpath", ["xpath":"/html/body/div[1]/div[2]/div[8]/div[3]/div/div[3]/div[3]/div/div/div[3]/div/div[3]/div/div[1]/div[2]/div/a[2]"])): Object: 'Object Repository/1. Constant/xpath' is clicked on

2022-06-23 19:14:01 - [MESSAGE][PASSED] - Object: 'Object Repository/1. Constant/xpath' is clicked on

2022-06-23 19:14:01 - [TEST_STEP][PASSED] - click(findTestObject("1. Constant/xpath", ["xpath":"//*[@id="kt_body"]/div[9]/div/div/div[2]/button[2]"])): Object: 'Object Repository/1. Constant/xpath' is clicked on

2022-06-23 19:14:14 - [MESSAGE][PASSED] - Object: 'Object Repository/1. Constant/xpath' is clicked on

2022-06-23 19:14:14 - [TEST_STEP][PASSED] - click(findTestObject("1. Constant/xpath", ["xpath":"//*[@id="kt_content"]/div[3]/div/ul/li[2]/a"])): Object: 'Object Repository/1. Constant/xpath' is clicked on

2022-06-23 19:14:17 - [MESSAGE][PASSED] - Object: 'Object Repository/1. Constant/xpath' is clicked on

2022-06-23 19:14:17 - [TEST_STEP][PASSED] - click(findTestObject("1. Constant/xpath", ["xpath":"//*[@id="aff_doc_AW"]"])): Object: 'Object Repository/1. Constant/xpath' is clicked on

2022-06-23 19:14:19 - [MESSAGE][PASSED] - Object: 'Object Repository/1. Constant/xpath' is clicked on

2022-06-23 19:14:19 - [TEST_STEP][PASSED] - I.Approveforothers("//*[@id="level_apl_0"]/div[2]/div[2]/div/div", "//*[@id="level_apl_0"]/div[2]/div[2]/div/div/div[6]/a[2]/span"): Object: 'Object Repository/1. Constant/xpath' is clicked on

2022-06-23 19:14:20 - [MESSAGE][PASSED] - Object: 'Object Repository/1. Constant/xpath' is clicked on

2022-06-23 19:14:21 - [MESSAGE][PASSED] - Delayed 1 second(s)

2022-06-23 19:14:22 - [MESSAGE][PASSED] - Object: 'Object Repository/1. Constant/xpath' is clicked on

2022-06-23 19:14:23 - [MESSAGE][PASSED] - Delayed 1 second(s)

2022-06-23 19:14:24 - [MESSAGE][PASSED] - Object: 'Object Repository/1. Constant/xpath' is hovered

2022-06-23 19:14:25 - [MESSAGE][PASSED] - Object: 'Object Repository/1. Constant/xpath' is clicked on

2022-06-23 19:14:26 - [MESSAGE][PASSED] - Delayed 1 second(s)

2022-06-23 19:14:34 - [MESSAGE][PASSED] - Object: 'Object Repository/1. Constant/xpath' is clicked on

2022-06-23 19:14:34 - [TEST_STEP][PASSED] - click(findTestObject("1. Constant/xpath", ["xpath":"//*[@id="kt_subheader"]/div/nav/ol/li[2]/a"])): Object: 'Object Repository/1. Constant/xpath' is clicked on

2022-06-23 19:14:48 - [MESSAGE][PASSED] - Object: 'Object Repository/1. Constant/xpath' is clicked on

2022-06-23 19:14:48 - [TEST_STEP][PASSED] - status = getText(findTestObject("1. Constant/xpath", ["xpath":"/html/body/div[1]/div[2]/div[4]/div[3]/div/div[2]/div[2]/div[1]/table/tbody/tr[2]/td[7]/span"])): Text of object 'Object Repository/1. Constant/xpath' is: 'Completado'

2022-06-23 19:14:50 - [MESSAGE][PASSED] - Text of object 'Object Repository/1. Constant/xpath' is: 'Completado'

2022-06-23 19:14:50 - [TEST_STEP][PASSED] - verifyMatch(status, "Completado", false): Actual text 'Completado' and expected text 'Completado' are matched 

2022-06-23 19:14:50 - [MESSAGE][PASSED] - Actual text 'Completado' and expected text 'Completado' are matched 

2022-06-23 19:14:50 - [TEST_STEP][PASSED] - closeBrowser(): Browser is closed

2022-06-23 19:14:56 - [MESSAGE][PASSED] - Browser is closed

2022-06-23 19:14:56 - [TEST_STEP][PASSED] - Start listener action : sampleAfterTestCase: null]]></system-out>
         <system-err><![CDATA[]]></system-err>
      </testcase>
      <testcase name="Test Cases/15 Sephora _ Starpack Add Phase Manually (Completed_Not completed ref)/15.03 Starpack Flashback (Complete ref) Add Phase group - Existing ref 4.01 P2" time="315.715" classname="Test Cases/15 Sephora _ Starpack Add Phase Manually (Completed_Not completed ref)/15.03 Starpack Flashback (Complete ref) Add Phase group - Existing ref 4.01 P2" status="PASSED">
         <system-out><![CDATA[2022-06-23 19:14:56 - [TEST_CASE][PASSED] - Test Cases/15 Sephora _ Starpack Add Phase Manually (Completed_Not completed ref)/15.03 Starpack Flashback (Complete ref) Add Phase group - Existing ref 4.01 P2: Test Cases/15 Sephora _ Starpack Add Phase Manually (Completed_Not completed ref)/15.03 Starpack Flashback (Complete ref) Add Phase group - Existing ref 4.01 P2

2022-06-23 19:14:58 - [TEST_STEP][PASSED] - data = findTestData("Data Files/Username_Password/Starpack (10June2021)"): null

2022-06-23 19:14:58 - [TEST_STEP][PASSED] - password_suser = data.getValue(2, 1): null

2022-06-23 19:14:58 - [TEST_STEP][PASSED] - password_aherms = data.getValue(2, 2): null

2022-06-23 19:14:58 - [TEST_STEP][PASSED] - data_urlRELAUTO = findTestData("Data Files/URL/URL_relauto"): null

2022-06-23 19:14:58 - [TEST_STEP][PASSED] - Url_Starpack = data_urlRELAUTO.getValue(2, 2): null

2022-06-23 19:14:58 - [TEST_STEP][PASSED] - Project_No = I.readnotepad("D:\Upoad_File\Projet_ Login\StarPack\4.01 StarPack _Project_No\4.01_StarPack_ProjectNo.txt"): null

2022-06-23 19:14:58 - [TEST_STEP][PASSED] - refID = I.readnotepad("D:\Upoad_File\Projet_ Login\StarPack\4.01 StarPack _Project_No\4.01_StarPack_refID.txt"): null

2022-06-23 19:14:58 - [TEST_STEP][PASSED] - refID_PS = I.readnotepad("D:\Upoad_File\Projet_ Login\StarPack\4.01 StarPack _Project_No\4.01_StarPack_refID_PS.txt"): null

2022-06-23 19:14:58 - [TEST_STEP][PASSED] - refID_PTS = I.readnotepad("D:\Upoad_File\Projet_ Login\StarPack\4.01 StarPack _Project_No\4.01_StarPack_refID_PTS.txt"): null

2022-06-23 19:14:58 - [TEST_STEP][PASSED] - refID_TD = I.readnotepad("D:\Upoad_File\Projet_ Login\StarPack\4.01 StarPack _Project_No\4.01_StarPack_refID_TD.txt"): null

2022-06-23 19:14:58 - [TEST_STEP][PASSED] - openBrowser(Url_Starpack): Browser is opened with url: 'http://mdb-release.diadeis.lan/MediaboxIndependence/?MBI_datasource=RELTESTAUTO_STARPACK'

2022-06-23 19:14:58 - [MESSAGE][INFO] - Starting 'Chrome (headless)' driver

2022-06-23 19:14:58 - [MESSAGE][INFO] - User set preference: ['args', '[--window-size=1920,1080, --headless]']

2022-06-23 19:14:58 - [MESSAGE][INFO] - Action delay is set to 0 milliseconds

2022-06-23 19:15:21 - [MESSAGE][PASSED] - Browser is opened with url: 'http://mdb-release.diadeis.lan/MediaboxIndependence/?MBI_datasource=RELTESTAUTO_STARPACK'

2022-06-23 19:15:21 - [TEST_STEP][PASSED] - maximizeWindow(): Current window maximized

2022-06-23 19:15:21 - [MESSAGE][PASSED] - Current window maximized

2022-06-23 19:15:21 - [TEST_STEP][PASSED] - I.Login_password("suser", password_suser): Object: 'Object Repository/1. Constant/xpath' is clicked on

2022-06-23 19:15:22 - [MESSAGE][PASSED] - Text 'suser' is set on object 'Object Repository/1. Constant/xpath'

2022-06-23 19:15:23 - [MESSAGE][PASSED] - Delayed 1 second(s)

2022-06-23 19:15:26 - [MESSAGE][PASSED] - Text 'dchi2' is set on object 'Object Repository/1. Constant/xpath'

2022-06-23 19:15:27 - [MESSAGE][PASSED] - Delayed 1 second(s)

2022-06-23 19:15:41 - [MESSAGE][PASSED] - Object: 'Object Repository/1. Constant/xpath' is clicked on

2022-06-23 19:15:41 - [TEST_STEP][PASSED] - takeScreenshot(): Taking screenshot successfully

2022-06-23 19:15:41 - [MESSAGE][PASSED] - Taking screenshot successfully
[[ATTACHMENT|D:\\Projet Test Auto\\Mediabox Test Automation\\Reports\\20220623_184212\\03. Parallel Testing (Testing)\\TS -PT PART 3\\03. StarPack Full Lifecycle_SAS_Task\\20220623_184213\\1656004541487.png]]

2022-06-23 19:15:41 - [TEST_STEP][PASSED] - click(findTestObject("1. Constant/02_LHSMenu_Projects")): Object: 'Object Repository/1. Constant/02_LHSMenu_Projects' is clicked on

2022-06-23 19:15:48 - [MESSAGE][PASSED] - Object: 'Object Repository/1. Constant/02_LHSMenu_Projects' is clicked on

2022-06-23 19:15:48 - [TEST_STEP][PASSED] - I.SearchProjectNo_xpath(Project_No, "//*[@id="keynum_project"]", "//*[@id="form_filters"]/div[4]/button"): Delayed 5 second(s)

2022-06-23 19:15:49 - [MESSAGE][PASSED] - Delayed 1 second(s)

2022-06-23 19:15:53 - [MESSAGE][PASSED] - Text 'MI001278' is set on object 'Object Repository/1. Constant/xpath'

2022-06-23 19:15:56 - [MESSAGE][PASSED] - Delayed 3 second(s)

2022-06-23 19:15:57 - [MESSAGE][PASSED] - Scroll to object 'Object Repository/1. Constant/xpath' successfully

2022-06-23 19:16:00 - [MESSAGE][PASSED] - Object: 'Object Repository/1. Constant/xpath' is clicked on

2022-06-23 19:16:05 - [MESSAGE][PASSED] - Delayed 5 second(s)

2022-06-23 19:16:05 - [TEST_STEP][PASSED] - takeScreenshot(): Taking screenshot successfully

2022-06-23 19:16:06 - [MESSAGE][PASSED] - Taking screenshot successfully
[[ATTACHMENT|D:\\Projet Test Auto\\Mediabox Test Automation\\Reports\\20220623_184212\\03. Parallel Testing (Testing)\\TS -PT PART 3\\03. StarPack Full Lifecycle_SAS_Task\\20220623_184213\\1656004565753.png]]

2022-06-23 19:16:06 - [TEST_STEP][PASSED] - delay(1): Delayed 1 second(s)

2022-06-23 19:16:07 - [MESSAGE][PASSED] - Delayed 1 second(s)

2022-06-23 19:16:07 - [TEST_STEP][PASSED] - setText(findTestObject("1. Constant/xpath", ["xpath":"//*[@id="fiche_filter_keywords11"]"]), "PTS"): Text 'PTS' is set on object 'Object Repository/1. Constant/xpath'

2022-06-23 19:16:09 - [MESSAGE][PASSED] - Text 'PTS' is set on object 'Object Repository/1. Constant/xpath'

2022-06-23 19:16:09 - [TEST_STEP][PASSED] - takeScreenshot(): Taking screenshot successfully

2022-06-23 19:16:09 - [MESSAGE][PASSED] - Taking screenshot successfully
[[ATTACHMENT|D:\\Projet Test Auto\\Mediabox Test Automation\\Reports\\20220623_184212\\03. Parallel Testing (Testing)\\TS -PT PART 3\\03. StarPack Full Lifecycle_SAS_Task\\20220623_184213\\1656004569125.png]]

2022-06-23 19:16:09 - [TEST_STEP][PASSED] - click(findTestObject("1. Constant/xpath", ["xpath":"//*[@id="source_" + refID_PTS + ""]/td[4]/a"])): Object: 'Object Repository/1. Constant/xpath' is clicked on

2022-06-23 19:16:14 - [MESSAGE][PASSED] - Object: 'Object Repository/1. Constant/xpath' is clicked on

2022-06-23 19:16:14 - [TEST_STEP][PASSED] - click(findTestObject("1. Constant/xpath", ["xpath":"//*[@id="kt_content"]/div[3]/div/ul/li[3]/a"])): Object: 'Object Repository/1. Constant/xpath' is clicked on

2022-06-23 19:16:15 - [MESSAGE][PASSED] - Object: 'Object Repository/1. Constant/xpath' is clicked on

2022-06-23 19:16:15 - [TEST_STEP][PASSED] - takeScreenshot(): Taking screenshot successfully

2022-06-23 19:16:15 - [MESSAGE][PASSED] - Taking screenshot successfully
[[ATTACHMENT|D:\\Projet Test Auto\\Mediabox Test Automation\\Reports\\20220623_184212\\03. Parallel Testing (Testing)\\TS -PT PART 3\\03. StarPack Full Lifecycle_SAS_Task\\20220623_184213\\1656004575436.png]]

2022-06-23 19:16:15 - [TEST_STEP][PASSED] - click(findTestObject("1. Constant/xpath", ["xpath":"/html/body/div[1]/div[2]/div[8]/div[3]/div/div[3]/div[3]/div/ul/li/a"])): Object: 'Object Repository/1. Constant/xpath' is clicked on

2022-06-23 19:16:17 - [MESSAGE][PASSED] - Object: 'Object Repository/1. Constant/xpath' is clicked on

2022-06-23 19:16:17 - [TEST_STEP][PASSED] - takeScreenshot(): Taking screenshot successfully

2022-06-23 19:16:18 - [MESSAGE][PASSED] - Taking screenshot successfully
[[ATTACHMENT|D:\\Projet Test Auto\\Mediabox Test Automation\\Reports\\20220623_184212\\03. Parallel Testing (Testing)\\TS -PT PART 3\\03. StarPack Full Lifecycle_SAS_Task\\20220623_184213\\1656004577736.png]]

2022-06-23 19:16:18 - [TEST_STEP][PASSED] - click(findTestObject("1. Constant/xpath", ["xpath":"/html/body/div[1]/div[2]/div[8]/div[3]/div/div[3]/div[3]/div/div/div/div/div[3]/div/div[1]/div[2]/div/a[1]"])): Object: 'Object Repository/1. Constant/xpath' is clicked on

2022-06-23 19:16:19 - [MESSAGE][PASSED] - Object: 'Object Repository/1. Constant/xpath' is clicked on

2022-06-23 19:16:19 - [TEST_STEP][PASSED] - delay(1): Delayed 1 second(s)

2022-06-23 19:16:20 - [MESSAGE][PASSED] - Delayed 1 second(s)

2022-06-23 19:16:20 - [TEST_STEP][PASSED] - takeScreenshot(): Taking screenshot successfully

2022-06-23 19:16:21 - [MESSAGE][PASSED] - Taking screenshot successfully
[[ATTACHMENT|D:\\Projet Test Auto\\Mediabox Test Automation\\Reports\\20220623_184212\\03. Parallel Testing (Testing)\\TS -PT PART 3\\03. StarPack Full Lifecycle_SAS_Task\\20220623_184213\\1656004580679.png]]

2022-06-23 19:16:21 - [TEST_STEP][PASSED] - I.SelectFromList_Value("//*[@id="added_grp_phase"]", "9"): Delayed 2 second(s)

2022-06-23 19:16:22 - [MESSAGE][PASSED] - All options with value '9' are selected in object 'Object Repository/1. Constant/xpath' 

2022-06-23 19:16:24 - [MESSAGE][PASSED] - Delayed 2 second(s)

2022-06-23 19:16:24 - [TEST_STEP][PASSED] - delay(1): Delayed 1 second(s)

2022-06-23 19:16:25 - [MESSAGE][PASSED] - Delayed 1 second(s)

2022-06-23 19:16:25 - [TEST_STEP][PASSED] - takeScreenshot(): Taking screenshot successfully

2022-06-23 19:16:26 - [MESSAGE][PASSED] - Taking screenshot successfully
[[ATTACHMENT|D:\\Projet Test Auto\\Mediabox Test Automation\\Reports\\20220623_184212\\03. Parallel Testing (Testing)\\TS -PT PART 3\\03. StarPack Full Lifecycle_SAS_Task\\20220623_184213\\1656004585601.png]]

2022-06-23 19:16:26 - [TEST_STEP][PASSED] - click(findTestObject("1. Constant/xpath", ["xpath":"//*[@id="modal_addphase"]/div/div/div[3]/button[2]"])): Object: 'Object Repository/1. Constant/xpath' is clicked on

2022-06-23 19:16:35 - [MESSAGE][PASSED] - Object: 'Object Repository/1. Constant/xpath' is clicked on

2022-06-23 19:16:35 - [TEST_STEP][PASSED] - delay(1): Delayed 1 second(s)

2022-06-23 19:16:36 - [MESSAGE][PASSED] - Delayed 1 second(s)

2022-06-23 19:16:36 - [TEST_STEP][PASSED] - I.Pagedown(): Execute JavaScript 'window.scrollTo(0, document.body.scrollHeight)' successfully

2022-06-23 19:16:36 - [MESSAGE][PASSED] - Execute JavaScript 'window.scrollTo(0, document.body.scrollHeight)' successfully

2022-06-23 19:16:36 - [TEST_STEP][PASSED] - I.VerifyMatchText("/html/body/div[1]/div[2]/div[8]/div[3]/div/div[3]/div[3]/div/div/div/div/div[4]/div/div[1]", "PTS"): Actual text 'PTS' and expected text 'PTS' are matched 

2022-06-23 19:16:38 - [MESSAGE][PASSED] - Text of object 'Object Repository/1. Constant/xpath' is: 'PTS'

2022-06-23 19:16:39 - [MESSAGE][PASSED] - Delayed 1 second(s)

2022-06-23 19:16:39 - [MESSAGE][PASSED] - Actual text 'PTS' and expected text 'PTS' are matched 

2022-06-23 19:16:39 - [TEST_STEP][PASSED] - I.VerifyMatchText("/html/body/div[1]/div[2]/div[8]/div[3]/div/div[3]/div[3]/div/div/div/div/div[5]/div/div[1]/div[1]", "PTS Approval"): Actual text 'PTS Approval' and expected text 'PTS Approval' are matched 

2022-06-23 19:16:40 - [MESSAGE][PASSED] - Text of object 'Object Repository/1. Constant/xpath' is: 'PTS Approval'

2022-06-23 19:16:41 - [MESSAGE][PASSED] - Delayed 1 second(s)

2022-06-23 19:16:41 - [MESSAGE][PASSED] - Actual text 'PTS Approval' and expected text 'PTS Approval' are matched 

2022-06-23 19:16:41 - [TEST_STEP][PASSED] - takeScreenshot(): Taking screenshot successfully

2022-06-23 19:16:42 - [MESSAGE][PASSED] - Taking screenshot successfully
[[ATTACHMENT|D:\\Projet Test Auto\\Mediabox Test Automation\\Reports\\20220623_184212\\03. Parallel Testing (Testing)\\TS -PT PART 3\\03. StarPack Full Lifecycle_SAS_Task\\20220623_184213\\1656004601982.png]]

2022-06-23 19:16:42 - [TEST_STEP][PASSED] - click(findTestObject("1. Constant/xpath", ["xpath":"/html/body/div[1]/div[2]/div[8]/div[3]/div/div[3]/div[3]/div/div/div/div/div[4]/div/div[1]/div[2]/div/a[1]"])): Object: 'Object Repository/1. Constant/xpath' is clicked on

2022-06-23 19:16:43 - [MESSAGE][PASSED] - Object: 'Object Repository/1. Constant/xpath' is clicked on

2022-06-23 19:16:43 - [TEST_STEP][PASSED] - delay(1): Delayed 1 second(s)

2022-06-23 19:16:44 - [MESSAGE][PASSED] - Delayed 1 second(s)

2022-06-23 19:16:44 - [TEST_STEP][PASSED] - Entries1 = getNumberOfTotalOption(findTestObject("1. Constant/xpath", ["xpath":"//*[@id="added_phase"]"])): 4 options of object 'Object Repository/1. Constant/xpath' counted

2022-06-23 19:16:46 - [MESSAGE][PASSED] - 4 options of object 'Object Repository/1. Constant/xpath' counted

2022-06-23 19:16:46 - [TEST_STEP][PASSED] - verifyEqual(Entries1, 4): Actual object '4' and expected object '4' are equal

2022-06-23 19:16:46 - [MESSAGE][PASSED] - Actual object '4' and expected object '4' are equal

2022-06-23 19:16:46 - [TEST_STEP][PASSED] - Entries2 = getNumberOfTotalOption(findTestObject("1. Constant/xpath", ["xpath":"//*[@id="added_grp_phase"]"])): 2 options of object 'Object Repository/1. Constant/xpath' counted

2022-06-23 19:16:47 - [MESSAGE][PASSED] - 2 options of object 'Object Repository/1. Constant/xpath' counted

2022-06-23 19:16:47 - [TEST_STEP][PASSED] - verifyEqual(Entries2, 2): Actual object '2' and expected object '2' are equal

2022-06-23 19:16:47 - [MESSAGE][PASSED] - Actual object '2' and expected object '2' are equal

2022-06-23 19:16:47 - [TEST_STEP][PASSED] - I.SelectFromList_Value("//*[@id="added_phase"]", "112"): Delayed 2 second(s)

2022-06-23 19:16:48 - [MESSAGE][PASSED] - All options with value '112' are selected in object 'Object Repository/1. Constant/xpath' 

2022-06-23 19:16:50 - [MESSAGE][PASSED] - Delayed 2 second(s)

2022-06-23 19:16:50 - [TEST_STEP][PASSED] - click(findTestObject("1. Constant/xpath", ["xpath":"//*[@id="modal_addphase"]/div/div/div[3]/button[2]"])): Object: 'Object Repository/1. Constant/xpath' is clicked on

2022-06-23 19:16:55 - [MESSAGE][PASSED] - Object: 'Object Repository/1. Constant/xpath' is clicked on

2022-06-23 19:16:55 - [TEST_STEP][PASSED] - I.Pagedown(): Execute JavaScript 'window.scrollTo(0, document.body.scrollHeight)' successfully

2022-06-23 19:16:56 - [MESSAGE][PASSED] - Execute JavaScript 'window.scrollTo(0, document.body.scrollHeight)' successfully

2022-06-23 19:16:56 - [TEST_STEP][PASSED] - takeScreenshot(): Taking screenshot successfully

2022-06-23 19:16:57 - [MESSAGE][PASSED] - Taking screenshot successfully
[[ATTACHMENT|D:\\Projet Test Auto\\Mediabox Test Automation\\Reports\\20220623_184212\\03. Parallel Testing (Testing)\\TS -PT PART 3\\03. StarPack Full Lifecycle_SAS_Task\\20220623_184213\\1656004616758.png]]

2022-06-23 19:16:57 - [TEST_STEP][PASSED] - delay(1): Delayed 1 second(s)

2022-06-23 19:16:58 - [MESSAGE][PASSED] - Delayed 1 second(s)

2022-06-23 19:16:58 - [TEST_STEP][PASSED] - I.VerifyMatchText("/html/body/div[1]/div[2]/div[8]/div[3]/div/div[3]/div[3]/div/div/div/div/div[5]/div/div[1]", "Complete PTS"): Actual text 'Complete PTS' and expected text 'Complete PTS' are matched 

2022-06-23 19:16:59 - [MESSAGE][PASSED] - Text of object 'Object Repository/1. Constant/xpath' is: 'Complete PTS'

2022-06-23 19:17:00 - [MESSAGE][PASSED] - Delayed 1 second(s)

2022-06-23 19:17:00 - [MESSAGE][PASSED] - Actual text 'Complete PTS' and expected text 'Complete PTS' are matched 

2022-06-23 19:17:00 - [TEST_STEP][PASSED] - I.VerifyMatchText("/html/body/div[1]/div[2]/div[8]/div[3]/div/div[3]/div[3]/div/div/div/div/div[6]/div/div[1]/div[1]", "PTS Approval"): Actual text 'PTS Approval' and expected text 'PTS Approval' are matched 

2022-06-23 19:17:00 - [MESSAGE][PASSED] - Text of object 'Object Repository/1. Constant/xpath' is: 'PTS Approval'

2022-06-23 19:17:01 - [MESSAGE][PASSED] - Delayed 1 second(s)

2022-06-23 19:17:01 - [MESSAGE][PASSED] - Actual text 'PTS Approval' and expected text 'PTS Approval' are matched 

2022-06-23 19:17:01 - [TEST_STEP][PASSED] - click(findTestObject("1. Constant/xpath", ["xpath":"/html/body/div[1]/div[2]/div[8]/div[3]/div/div[3]/div[3]/div/div/div/div/div[6]/div/div[1]/div[2]/div/a[2]"])): Object: 'Object Repository/1. Constant/xpath' is clicked on

2022-06-23 19:17:03 - [MESSAGE][PASSED] - Object: 'Object Repository/1. Constant/xpath' is clicked on

2022-06-23 19:17:03 - [TEST_STEP][PASSED] - delay(2): Delayed 2 second(s)

2022-06-23 19:17:05 - [MESSAGE][PASSED] - Delayed 2 second(s)

2022-06-23 19:17:05 - [TEST_STEP][PASSED] - takeScreenshot(): Taking screenshot successfully

2022-06-23 19:17:05 - [MESSAGE][PASSED] - Taking screenshot successfully
[[ATTACHMENT|D:\\Projet Test Auto\\Mediabox Test Automation\\Reports\\20220623_184212\\03. Parallel Testing (Testing)\\TS -PT PART 3\\03. StarPack Full Lifecycle_SAS_Task\\20220623_184213\\1656004625347.png]]

2022-06-23 19:17:05 - [TEST_STEP][PASSED] - delay(1): Delayed 1 second(s)

2022-06-23 19:17:06 - [MESSAGE][PASSED] - Delayed 1 second(s)

2022-06-23 19:17:06 - [TEST_STEP][PASSED] - click(findTestObject("1. Constant/xpath", ["xpath":"//*[@id="kt_body"]/div[9]/div/div/div[2]/button[2]"])): Object: 'Object Repository/1. Constant/xpath' is clicked on

2022-06-23 19:17:11 - [MESSAGE][PASSED] - Object: 'Object Repository/1. Constant/xpath' is clicked on

2022-06-23 19:17:11 - [TEST_STEP][PASSED] - delay(1): Delayed 1 second(s)

2022-06-23 19:17:12 - [MESSAGE][PASSED] - Delayed 1 second(s)

2022-06-23 19:17:12 - [TEST_STEP][PASSED] - click(findTestObject("1. Constant/xpath", ["xpath":"/html/body/div[1]/div[2]/div[8]/div[3]/div/div[3]/div[3]/div/div/div/div/div[5]/div/div[1]/div[2]/div/a[1]"])): Object: 'Object Repository/1. Constant/xpath' is clicked on

2022-06-23 19:17:14 - [MESSAGE][PASSED] - Object: 'Object Repository/1. Constant/xpath' is clicked on

2022-06-23 19:17:14 - [TEST_STEP][PASSED] - Entries3 = getNumberOfTotalOption(findTestObject("1. Constant/xpath", ["xpath":"//*[@id="added_phase"]"])): 67 options of object 'Object Repository/1. Constant/xpath' counted

2022-06-23 19:17:15 - [MESSAGE][PASSED] - 67 options of object 'Object Repository/1. Constant/xpath' counted

2022-06-23 19:17:15 - [TEST_STEP][PASSED] - Entries4 = getNumberOfTotalOption(findTestObject("1. Constant/xpath", ["xpath":"//*[@id="added_grp_phase"]"])): 5 options of object 'Object Repository/1. Constant/xpath' counted

2022-06-23 19:17:16 - [MESSAGE][PASSED] - 5 options of object 'Object Repository/1. Constant/xpath' counted

2022-06-23 19:17:16 - [TEST_STEP][PASSED] - I.SelectFromList_Value("//*[@id="added_grp_phase"]", "6"): Delayed 2 second(s)

2022-06-23 19:17:18 - [MESSAGE][PASSED] - All options with value '6' are selected in object 'Object Repository/1. Constant/xpath' 

2022-06-23 19:17:20 - [MESSAGE][PASSED] - Delayed 2 second(s)

2022-06-23 19:17:20 - [TEST_STEP][PASSED] - takeScreenshot(): Taking screenshot successfully

2022-06-23 19:17:21 - [MESSAGE][PASSED] - Taking screenshot successfully
[[ATTACHMENT|D:\\Projet Test Auto\\Mediabox Test Automation\\Reports\\20220623_184212\\03. Parallel Testing (Testing)\\TS -PT PART 3\\03. StarPack Full Lifecycle_SAS_Task\\20220623_184213\\1656004640623.png]]

2022-06-23 19:17:21 - [TEST_STEP][PASSED] - click(findTestObject("1. Constant/xpath", ["xpath":"//*[@id="modal_addphase"]/div/div/div[3]/button[2]"])): Object: 'Object Repository/1. Constant/xpath' is clicked on

2022-06-23 19:17:25 - [MESSAGE][PASSED] - Object: 'Object Repository/1. Constant/xpath' is clicked on

2022-06-23 19:17:25 - [TEST_STEP][PASSED] - click(findTestObject("1. Constant/xpath", ["xpath":"/html/body/div[1]/div[2]/div[8]/div[3]/div/div[3]/div[3]/div/ul/li[2]/a"])): Object: 'Object Repository/1. Constant/xpath' is clicked on

2022-06-23 19:17:26 - [MESSAGE][PASSED] - Object: 'Object Repository/1. Constant/xpath' is clicked on

2022-06-23 19:17:26 - [TEST_STEP][PASSED] - takeScreenshot(): Taking screenshot successfully

2022-06-23 19:17:27 - [MESSAGE][PASSED] - Taking screenshot successfully
[[ATTACHMENT|D:\\Projet Test Auto\\Mediabox Test Automation\\Reports\\20220623_184212\\03. Parallel Testing (Testing)\\TS -PT PART 3\\03. StarPack Full Lifecycle_SAS_Task\\20220623_184213\\1656004646925.png]]

2022-06-23 19:17:27 - [TEST_STEP][PASSED] - I.VerifyMatchText("/html/body/div[1]/div[2]/div[8]/div[3]/div/div[3]/div[3]/div/div/div[2]/div/div[1]/div/div[1]", "PAF"): Actual text 'PAF' and expected text 'PAF' are matched 

2022-06-23 19:17:28 - [MESSAGE][PASSED] - Text of object 'Object Repository/1. Constant/xpath' is: 'PAF'

2022-06-23 19:17:29 - [MESSAGE][PASSED] - Delayed 1 second(s)

2022-06-23 19:17:29 - [MESSAGE][PASSED] - Actual text 'PAF' and expected text 'PAF' are matched 

2022-06-23 19:17:29 - [TEST_STEP][PASSED] - I.VerifyMatchText("/html/body/div[1]/div[2]/div[8]/div[3]/div/div[3]/div[3]/div/div/div[2]/div/div[2]/div/div[1]", "Final artworks"): Actual text 'Final artworks' and expected text 'Final artworks' are matched 

2022-06-23 19:17:30 - [MESSAGE][PASSED] - Text of object 'Object Repository/1. Constant/xpath' is: 'Final artworks'

2022-06-23 19:17:31 - [MESSAGE][PASSED] - Delayed 1 second(s)

2022-06-23 19:17:31 - [MESSAGE][PASSED] - Actual text 'Final artworks' and expected text 'Final artworks' are matched 

2022-06-23 19:17:31 - [TEST_STEP][PASSED] - I.Logout(): Delayed 3 second(s)

2022-06-23 19:17:34 - [MESSAGE][PASSED] - Delayed 3 second(s)

2022-06-23 19:17:36 - [MESSAGE][PASSED] - Object: 'Object Repository/1. Constant/xpath' is clicked on

2022-06-23 19:17:39 - [MESSAGE][PASSED] - Delayed 3 second(s)

2022-06-23 19:17:42 - [MESSAGE][PASSED] - Object: 'Object Repository/1. Constant/xpath' is clicked on

2022-06-23 19:17:45 - [MESSAGE][PASSED] - Delayed 3 second(s)

2022-06-23 19:17:45 - [TEST_STEP][PASSED] - I.Login_password("aherms", password_aherms): Object: 'Object Repository/1. Constant/xpath' is clicked on

2022-06-23 19:17:50 - [MESSAGE][PASSED] - Text 'aherms' is set on object 'Object Repository/1. Constant/xpath'

2022-06-23 19:17:51 - [MESSAGE][PASSED] - Delayed 1 second(s)

2022-06-23 19:17:55 - [MESSAGE][PASSED] - Text 'dchi3' is set on object 'Object Repository/1. Constant/xpath'

2022-06-23 19:17:56 - [MESSAGE][PASSED] - Delayed 1 second(s)

2022-06-23 19:18:03 - [MESSAGE][PASSED] - Object: 'Object Repository/1. Constant/xpath' is clicked on

2022-06-23 19:18:03 - [TEST_STEP][PASSED] - takeScreenshot(): Taking screenshot successfully

2022-06-23 19:18:04 - [MESSAGE][PASSED] - Taking screenshot successfully
[[ATTACHMENT|D:\\Projet Test Auto\\Mediabox Test Automation\\Reports\\20220623_184212\\03. Parallel Testing (Testing)\\TS -PT PART 3\\03. StarPack Full Lifecycle_SAS_Task\\20220623_184213\\1656004683591.png]]

2022-06-23 19:18:04 - [TEST_STEP][PASSED] - click(findTestObject("1. Constant/02_LHSMenu_Projects")): Object: 'Object Repository/1. Constant/02_LHSMenu_Projects' is clicked on

2022-06-23 19:18:11 - [MESSAGE][PASSED] - Object: 'Object Repository/1. Constant/02_LHSMenu_Projects' is clicked on

2022-06-23 19:18:11 - [TEST_STEP][PASSED] - I.SearchProjectNo_xpath(Project_No, "//*[@id="keynum_project"]", "//*[@id="form_filters"]/div[4]/button"): Delayed 5 second(s)

2022-06-23 19:18:12 - [MESSAGE][PASSED] - Delayed 1 second(s)

2022-06-23 19:18:13 - [MESSAGE][PASSED] - Text 'MI001278' is set on object 'Object Repository/1. Constant/xpath'

2022-06-23 19:18:16 - [MESSAGE][PASSED] - Delayed 3 second(s)

2022-06-23 19:18:17 - [MESSAGE][PASSED] - Scroll to object 'Object Repository/1. Constant/xpath' successfully

2022-06-23 19:18:21 - [MESSAGE][PASSED] - Object: 'Object Repository/1. Constant/xpath' is clicked on

2022-06-23 19:18:26 - [MESSAGE][PASSED] - Delayed 5 second(s)

2022-06-23 19:18:26 - [TEST_STEP][PASSED] - takeScreenshot(): Taking screenshot successfully

2022-06-23 19:18:28 - [MESSAGE][PASSED] - Taking screenshot successfully
[[ATTACHMENT|D:\\Projet Test Auto\\Mediabox Test Automation\\Reports\\20220623_184212\\03. Parallel Testing (Testing)\\TS -PT PART 3\\03. StarPack Full Lifecycle_SAS_Task\\20220623_184213\\1656004707235.png]]

2022-06-23 19:18:28 - [TEST_STEP][PASSED] - delay(1): Delayed 1 second(s)

2022-06-23 19:18:29 - [MESSAGE][PASSED] - Delayed 1 second(s)

2022-06-23 19:18:29 - [TEST_STEP][PASSED] - takeScreenshot(): Taking screenshot successfully

2022-06-23 19:18:30 - [MESSAGE][PASSED] - Taking screenshot successfully
[[ATTACHMENT|D:\\Projet Test Auto\\Mediabox Test Automation\\Reports\\20220623_184212\\03. Parallel Testing (Testing)\\TS -PT PART 3\\03. StarPack Full Lifecycle_SAS_Task\\20220623_184213\\1656004709790.png]]

2022-06-23 19:18:30 - [TEST_STEP][PASSED] - click(findTestObject("1. Constant/xpath", ["xpath":"/html/body/div[1]/div[2]/div[4]/div[3]/div/div[2]/div[2]/div[1]/table/tbody/tr[2]/td[9]/a[2]"])): Object: 'Object Repository/1. Constant/xpath' is clicked on

2022-06-23 19:18:33 - [MESSAGE][PASSED] - Object: 'Object Repository/1. Constant/xpath' is clicked on

2022-06-23 19:18:33 - [TEST_STEP][PASSED] - click(findTestObject("1. Constant/xpath", ["xpath":"//*[@id="ModifFiche"]/div[1]/div/button[2]"])): Object: 'Object Repository/1. Constant/xpath' is clicked on

2022-06-23 19:18:40 - [MESSAGE][PASSED] - Object: 'Object Repository/1. Constant/xpath' is clicked on

2022-06-23 19:18:40 - [TEST_STEP][PASSED] - delay(1): Delayed 1 second(s)

2022-06-23 19:18:41 - [MESSAGE][PASSED] - Delayed 1 second(s)

2022-06-23 19:18:41 - [TEST_STEP][PASSED] - takeScreenshot(): Taking screenshot successfully

2022-06-23 19:18:42 - [MESSAGE][PASSED] - Taking screenshot successfully
[[ATTACHMENT|D:\\Projet Test Auto\\Mediabox Test Automation\\Reports\\20220623_184212\\03. Parallel Testing (Testing)\\TS -PT PART 3\\03. StarPack Full Lifecycle_SAS_Task\\20220623_184213\\1656004721469.png]]

2022-06-23 19:18:42 - [TEST_STEP][PASSED] - I.VerifyMatchText("//*[@id="source_" + refID_PTS + ""]/td[6]/span[2]", "Complete PTS"): Actual text 'Complete PTS' and expected text 'Complete PTS' are matched 

2022-06-23 19:18:43 - [MESSAGE][PASSED] - Text of object 'Object Repository/1. Constant/xpath' is: 'Complete PTS'

2022-06-23 19:18:44 - [MESSAGE][PASSED] - Delayed 1 second(s)

2022-06-23 19:18:44 - [MESSAGE][PASSED] - Actual text 'Complete PTS' and expected text 'Complete PTS' are matched 

2022-06-23 19:18:44 - [TEST_STEP][PASSED] - I.Logout(): Delayed 3 second(s)

2022-06-23 19:18:47 - [MESSAGE][PASSED] - Delayed 3 second(s)

2022-06-23 19:18:48 - [MESSAGE][PASSED] - Object: 'Object Repository/1. Constant/xpath' is clicked on

2022-06-23 19:18:51 - [MESSAGE][PASSED] - Delayed 3 second(s)

2022-06-23 19:18:54 - [MESSAGE][PASSED] - Object: 'Object Repository/1. Constant/xpath' is clicked on

2022-06-23 19:18:57 - [MESSAGE][PASSED] - Delayed 3 second(s)

2022-06-23 19:18:57 - [TEST_STEP][PASSED] - I.Login_password("suser", password_suser): Object: 'Object Repository/1. Constant/xpath' is clicked on

2022-06-23 19:19:00 - [MESSAGE][PASSED] - Text 'suser' is set on object 'Object Repository/1. Constant/xpath'

2022-06-23 19:19:01 - [MESSAGE][PASSED] - Delayed 1 second(s)

2022-06-23 19:19:02 - [MESSAGE][PASSED] - Text 'dchi2' is set on object 'Object Repository/1. Constant/xpath'

2022-06-23 19:19:03 - [MESSAGE][PASSED] - Delayed 1 second(s)

2022-06-23 19:19:08 - [MESSAGE][PASSED] - Object: 'Object Repository/1. Constant/xpath' is clicked on

2022-06-23 19:19:08 - [TEST_STEP][PASSED] - takeScreenshot(): Taking screenshot successfully

2022-06-23 19:19:09 - [MESSAGE][PASSED] - Taking screenshot successfully
[[ATTACHMENT|D:\\Projet Test Auto\\Mediabox Test Automation\\Reports\\20220623_184212\\03. Parallel Testing (Testing)\\TS -PT PART 3\\03. StarPack Full Lifecycle_SAS_Task\\20220623_184213\\1656004749104.png]]

2022-06-23 19:19:09 - [TEST_STEP][PASSED] - click(findTestObject("1. Constant/02_LHSMenu_Projects")): Object: 'Object Repository/1. Constant/02_LHSMenu_Projects' is clicked on

2022-06-23 19:19:15 - [MESSAGE][PASSED] - Object: 'Object Repository/1. Constant/02_LHSMenu_Projects' is clicked on

2022-06-23 19:19:15 - [TEST_STEP][PASSED] - takeScreenshot(): Taking screenshot successfully

2022-06-23 19:19:17 - [MESSAGE][PASSED] - Taking screenshot successfully
[[ATTACHMENT|D:\\Projet Test Auto\\Mediabox Test Automation\\Reports\\20220623_184212\\03. Parallel Testing (Testing)\\TS -PT PART 3\\03. StarPack Full Lifecycle_SAS_Task\\20220623_184213\\1656004756071.png]]

2022-06-23 19:19:17 - [TEST_STEP][PASSED] - I.SearchProjectNo_xpath(Project_No, "//*[@id="keynum_project"]", "//*[@id="form_filters"]/div[4]/button"): Delayed 5 second(s)

2022-06-23 19:19:18 - [MESSAGE][PASSED] - Delayed 1 second(s)

2022-06-23 19:19:22 - [MESSAGE][PASSED] - Text 'MI001278' is set on object 'Object Repository/1. Constant/xpath'

2022-06-23 19:19:25 - [MESSAGE][PASSED] - Delayed 3 second(s)

2022-06-23 19:19:26 - [MESSAGE][PASSED] - Scroll to object 'Object Repository/1. Constant/xpath' successfully

2022-06-23 19:19:31 - [MESSAGE][PASSED] - Object: 'Object Repository/1. Constant/xpath' is clicked on

2022-06-23 19:19:36 - [MESSAGE][PASSED] - Delayed 5 second(s)

2022-06-23 19:19:36 - [TEST_STEP][PASSED] - delay(1): Delayed 1 second(s)

2022-06-23 19:19:37 - [MESSAGE][PASSED] - Delayed 1 second(s)

2022-06-23 19:19:37 - [TEST_STEP][PASSED] - takeScreenshot(): Taking screenshot successfully

2022-06-23 19:19:38 - [MESSAGE][PASSED] - Taking screenshot successfully
[[ATTACHMENT|D:\\Projet Test Auto\\Mediabox Test Automation\\Reports\\20220623_184212\\03. Parallel Testing (Testing)\\TS -PT PART 3\\03. StarPack Full Lifecycle_SAS_Task\\20220623_184213\\1656004777818.png]]

2022-06-23 19:19:38 - [TEST_STEP][PASSED] - click(findTestObject("1. Constant/xpath", ["xpath":"//*[@id="source_" + refID_PTS + ""]/td[4]/a"])): Object: 'Object Repository/1. Constant/xpath' is clicked on

2022-06-23 19:19:42 - [MESSAGE][PASSED] - Object: 'Object Repository/1. Constant/xpath' is clicked on

2022-06-23 19:19:42 - [TEST_STEP][PASSED] - click(findTestObject("1. Constant/xpath", ["xpath":"//*[@id="kt_content"]/div[3]/div/ul/li[3]/a"])): Object: 'Object Repository/1. Constant/xpath' is clicked on

2022-06-23 19:19:45 - [MESSAGE][PASSED] - Object: 'Object Repository/1. Constant/xpath' is clicked on

2022-06-23 19:19:45 - [TEST_STEP][PASSED] - I.Pagedown(): Execute JavaScript 'window.scrollTo(0, document.body.scrollHeight)' successfully

2022-06-23 19:19:45 - [MESSAGE][PASSED] - Execute JavaScript 'window.scrollTo(0, document.body.scrollHeight)' successfully

2022-06-23 19:19:45 - [TEST_STEP][PASSED] - takeScreenshot(): Taking screenshot successfully

2022-06-23 19:19:47 - [MESSAGE][PASSED] - Taking screenshot successfully
[[ATTACHMENT|D:\\Projet Test Auto\\Mediabox Test Automation\\Reports\\20220623_184212\\03. Parallel Testing (Testing)\\TS -PT PART 3\\03. StarPack Full Lifecycle_SAS_Task\\20220623_184213\\1656004786030.png]]

2022-06-23 19:19:47 - [TEST_STEP][PASSED] - click(findTestObject("1. Constant/xpath", ["xpath":"/html/body/div[1]/div[2]/div[8]/div[3]/div/div[3]/div[3]/div/div/div[1]/div/div[5]/div/div[1]/div[2]/div/a[1]"])): Object: 'Object Repository/1. Constant/xpath' is clicked on

2022-06-23 19:19:49 - [MESSAGE][PASSED] - Object: 'Object Repository/1. Constant/xpath' is clicked on

2022-06-23 19:19:49 - [TEST_STEP][PASSED] - I.SelectFromList_Value("//*[@id="added_grp_phase"]", "6"): Delayed 2 second(s)

2022-06-23 19:19:55 - [MESSAGE][PASSED] - All options with value '6' are selected in object 'Object Repository/1. Constant/xpath' 

2022-06-23 19:19:57 - [MESSAGE][PASSED] - Delayed 2 second(s)

2022-06-23 19:19:57 - [TEST_STEP][PASSED] - click(findTestObject("1. Constant/xpath", ["xpath":"//*[@id="modal_addphase"]/div/div/div[3]/button[2]"])): Object: 'Object Repository/1. Constant/xpath' is clicked on

2022-06-23 19:20:03 - [MESSAGE][PASSED] - Object: 'Object Repository/1. Constant/xpath' is clicked on

2022-06-23 19:20:03 - [TEST_STEP][PASSED] - takeScreenshot(): Taking screenshot successfully

2022-06-23 19:20:05 - [MESSAGE][PASSED] - Taking screenshot successfully
[[ATTACHMENT|D:\\Projet Test Auto\\Mediabox Test Automation\\Reports\\20220623_184212\\03. Parallel Testing (Testing)\\TS -PT PART 3\\03. StarPack Full Lifecycle_SAS_Task\\20220623_184213\\1656004804360.png]]

2022-06-23 19:20:05 - [TEST_STEP][PASSED] - verifyElementNotPresent(findTestObject("1. Constant/xpath", ["xpath":"/html/body/div[1]/div[2]/div[8]/div[3]/div/div[3]/div[3]/div/ul/li[3]/a"]), 0): Web element with id: 'Object Repository/1. Constant/xpath' located by 'By.xpath: /html/body/div[1]/div[2]/div[8]/div[3]/div/div[3]/div[3]/div/ul/li[3]/a' is not present after '30' second(s)

2022-06-23 19:20:05 - [MESSAGE][WARNING] - Timeout '0' is invalid. Using default page load timeout: '30'

2022-06-23 19:20:05 - [MESSAGE][PASSED] - Web element with id: 'Object Repository/1. Constant/xpath' located by 'By.xpath: /html/body/div[1]/div[2]/div[8]/div[3]/div/div[3]/div[3]/div/ul/li[3]/a' is not present after '30' second(s)

2022-06-23 19:20:05 - [TEST_STEP][PASSED] - closeBrowser(): Browser is closed

2022-06-23 19:20:12 - [MESSAGE][PASSED] - Browser is closed

2022-06-23 19:20:12 - [TEST_STEP][PASSED] - Start listener action : sampleAfterTestCase: null]]></system-out>
         <system-err><![CDATA[]]></system-err>
      </testcase>
      <testcase name="Test Cases/04. Star pack Full Lifecycle - AIS _ Long name Artwork without info/4.02 Star Pack Full Lifecycle - AWIS (Chrome)_Sans_Ref_filles" time="969.011" classname="Test Cases/04. Star pack Full Lifecycle - AIS _ Long name Artwork without info/4.02 Star Pack Full Lifecycle - AWIS (Chrome)_Sans_Ref_filles" status="PASSED">
         <system-out><![CDATA[2022-06-23 19:20:12 - [TEST_CASE][PASSED] - Test Cases/04. Star pack Full Lifecycle - AIS _ Long name Artwork without info/4.02 Star Pack Full Lifecycle - AWIS (Chrome)_Sans_Ref_filles: Test Cases/04. Star pack Full Lifecycle - AIS _ Long name Artwork without info/4.02 Star Pack Full Lifecycle - AWIS (Chrome)_Sans_Ref_filles

2022-06-23 19:20:13 - [TEST_STEP][PASSED] - data = findTestData("Data Files/Username_Password/Starpack (10June2021)"): null

2022-06-23 19:20:13 - [TEST_STEP][PASSED] - password_suser = data.getValue(2, 1): null

2022-06-23 19:20:13 - [TEST_STEP][PASSED] - password_aherms = data.getValue(2, 2): null

2022-06-23 19:20:13 - [TEST_STEP][PASSED] - password_agluszczynska = data.getValue(2, 3): null

2022-06-23 19:20:13 - [TEST_STEP][PASSED] - password_jmaciaszczyk = data.getValue(2, 4): null

2022-06-23 19:20:13 - [TEST_STEP][PASSED] - password_aterreshernandez = data.getValue(2, 5): null

2022-06-23 19:20:13 - [TEST_STEP][PASSED] - password_amartin_arbol = data.getValue(2, 6): null

2022-06-23 19:20:13 - [TEST_STEP][PASSED] - password_kcannoosamy_dia = data.getValue(2, 8): null

2022-06-23 19:20:13 - [TEST_STEP][PASSED] - data_urlRELAUTO = findTestData("Data Files/URL/URL_relauto"): null

2022-06-23 19:20:13 - [TEST_STEP][PASSED] - Url_Starpack = data_urlRELAUTO.getValue(2, 2): null

2022-06-23 19:20:13 - [TEST_STEP][PASSED] - log = new com.kms.katalon.core.logging.KeywordLogger(): null

2022-06-23 19:20:13 - [TEST_STEP][PASSED] - openBrowser(Url_Starpack): Browser is opened with url: 'http://mdb-release.diadeis.lan/MediaboxIndependence/?MBI_datasource=RELTESTAUTO_STARPACK'

2022-06-23 19:20:13 - [MESSAGE][INFO] - Starting 'Chrome (headless)' driver

2022-06-23 19:20:13 - [MESSAGE][INFO] - User set preference: ['args', '[--window-size=1920,1080, --headless]']

2022-06-23 19:20:13 - [MESSAGE][INFO] - Action delay is set to 0 milliseconds

2022-06-23 19:20:34 - [MESSAGE][PASSED] - Browser is opened with url: 'http://mdb-release.diadeis.lan/MediaboxIndependence/?MBI_datasource=RELTESTAUTO_STARPACK'

2022-06-23 19:20:34 - [TEST_STEP][PASSED] - maximizeWindow(): Current window maximized

2022-06-23 19:20:34 - [MESSAGE][PASSED] - Current window maximized

2022-06-23 19:20:34 - [TEST_STEP][PASSED] - password_adelamatanieves = data.getValue(2, 7): null

2022-06-23 19:20:34 - [TEST_STEP][PASSED] - I.Login_password("adelamatanieves", password_adelamatanieves): Object: 'Object Repository/1. Constant/xpath' is clicked on

2022-06-23 19:20:36 - [MESSAGE][PASSED] - Text 'adelamatanieves' is set on object 'Object Repository/1. Constant/xpath'

2022-06-23 19:20:37 - [MESSAGE][PASSED] - Delayed 1 second(s)

2022-06-23 19:20:38 - [MESSAGE][PASSED] - Text 'dchi4' is set on object 'Object Repository/1. Constant/xpath'

2022-06-23 19:20:39 - [MESSAGE][PASSED] - Delayed 1 second(s)

2022-06-23 19:20:56 - [MESSAGE][PASSED] - Object: 'Object Repository/1. Constant/xpath' is clicked on

2022-06-23 19:20:56 - [TEST_STEP][PASSED] - takeScreenshot(): Taking screenshot successfully

2022-06-23 19:20:59 - [MESSAGE][PASSED] - Taking screenshot successfully
[[ATTACHMENT|D:\\Projet Test Auto\\Mediabox Test Automation\\Reports\\20220623_184212\\03. Parallel Testing (Testing)\\TS -PT PART 3\\03. StarPack Full Lifecycle_SAS_Task\\20220623_184213\\1656004858545.png]]

2022-06-23 19:20:59 - [TEST_STEP][PASSED] - click(findTestObject("1. Constant/02_LHSMenu_Projects")): Object: 'Object Repository/1. Constant/02_LHSMenu_Projects' is clicked on

2022-06-23 19:21:05 - [MESSAGE][PASSED] - Object: 'Object Repository/1. Constant/02_LHSMenu_Projects' is clicked on

2022-06-23 19:21:05 - [TEST_STEP][PASSED] - click(findTestObject("Object Repository/1. Constant/xpath", ["xpath":"//*[@id="kt_content"]/div[3]/div/div/div[1]/div[2]/a[1]"])): Object: 'Object Repository/1. Constant/xpath' is clicked on

2022-06-23 19:21:08 - [MESSAGE][PASSED] - Object: 'Object Repository/1. Constant/xpath' is clicked on

2022-06-23 19:21:08 - [TEST_STEP][PASSED] - takeScreenshot(): Taking screenshot successfully

2022-06-23 19:21:09 - [MESSAGE][PASSED] - Taking screenshot successfully
[[ATTACHMENT|D:\\Projet Test Auto\\Mediabox Test Automation\\Reports\\20220623_184212\\03. Parallel Testing (Testing)\\TS -PT PART 3\\03. StarPack Full Lifecycle_SAS_Task\\20220623_184213\\1656004868739.png]]

2022-06-23 19:21:09 - [TEST_STEP][PASSED] - project_name0 = "TC4.02_AutoTest_Chrome_Starpack_" + RandomStringUtils.randomAlphanumeric(10) + "_" + I.gettimedate(): null

2022-06-23 19:21:09 - [TEST_STEP][PASSED] - setText(findTestObject("HL Full Lifecycle/4 CreateProjPage_inputProjectname"), project_name0): Text 'TC4.02_AutoTest_Chrome_Starpack_2BjncKAXs2_juin232022_192109' is set on object 'Object Repository/HL Full Lifecycle/4 CreateProjPage_inputProjectname'

2022-06-23 19:21:11 - [MESSAGE][PASSED] - Text 'TC4.02_AutoTest_Chrome_Starpack_2BjncKAXs2_juin232022_192109' is set on object 'Object Repository/HL Full Lifecycle/4 CreateProjPage_inputProjectname'

2022-06-23 19:21:11 - [TEST_STEP][PASSED] - click(findTestObject("HL Full Lifecycle/4 CreateProjPage_Create Project_Bluebutton")): Object: 'Object Repository/HL Full Lifecycle/4 CreateProjPage_Create Project_Bluebutton' is clicked on

2022-06-23 19:21:17 - [MESSAGE][PASSED] - Object: 'Object Repository/HL Full Lifecycle/4 CreateProjPage_Create Project_Bluebutton' is clicked on

2022-06-23 19:21:17 - [TEST_STEP][PASSED] - delay(1): Delayed 1 second(s)

2022-06-23 19:21:18 - [MESSAGE][PASSED] - Delayed 1 second(s)

2022-06-23 19:21:18 - [TEST_STEP][PASSED] - takeScreenshot(): Taking screenshot successfully

2022-06-23 19:21:20 - [MESSAGE][PASSED] - Taking screenshot successfully
[[ATTACHMENT|D:\\Projet Test Auto\\Mediabox Test Automation\\Reports\\20220623_184212\\03. Parallel Testing (Testing)\\TS -PT PART 3\\03. StarPack Full Lifecycle_SAS_Task\\20220623_184213\\1656004879246.png]]

2022-06-23 19:21:20 - [TEST_STEP][PASSED] - selectOptionByValue(findTestObject("1. Constant/01_id_field_id", ["field_id":"var_98"]), "122", false): All options with value '122' are selected in object 'Object Repository/1. Constant/01_id_field_id' 

2022-06-23 19:21:24 - [MESSAGE][PASSED] - All options with value '122' are selected in object 'Object Repository/1. Constant/01_id_field_id' 

2022-06-23 19:21:24 - [TEST_STEP][PASSED] - delay(2): Delayed 2 second(s)

2022-06-23 19:21:26 - [MESSAGE][PASSED] - Delayed 2 second(s)

2022-06-23 19:21:26 - [TEST_STEP][PASSED] - selectOptionByValue(findTestObject("1. Constant/01_id_field_id", ["field_id":"var_9"]), "amartin_arbol", false): All options with value 'amartin_arbol' are selected in object 'Object Repository/1. Constant/01_id_field_id' 

2022-06-23 19:21:27 - [MESSAGE][PASSED] - All options with value 'amartin_arbol' are selected in object 'Object Repository/1. Constant/01_id_field_id' 

2022-06-23 19:21:27 - [TEST_STEP][PASSED] - delay(1): Delayed 1 second(s)

2022-06-23 19:21:28 - [MESSAGE][PASSED] - Delayed 1 second(s)

2022-06-23 19:21:28 - [TEST_STEP][PASSED] - selectOptionByValue(findTestObject("1. Constant/01_id_field_id", ["field_id":"var_10"]), "aterreshernandez", false): All options with value 'aterreshernandez' are selected in object 'Object Repository/1. Constant/01_id_field_id' 

2022-06-23 19:21:31 - [MESSAGE][PASSED] - All options with value 'aterreshernandez' are selected in object 'Object Repository/1. Constant/01_id_field_id' 

2022-06-23 19:21:31 - [TEST_STEP][PASSED] - delay(1): Delayed 1 second(s)

2022-06-23 19:21:32 - [MESSAGE][PASSED] - Delayed 1 second(s)

2022-06-23 19:21:32 - [TEST_STEP][PASSED] - selectOptionByValue(findTestObject("Object Repository/xxx Todelete/1.4 ModifyProPage_MF(IDP)"), "nalonsobermejo", true): All options with value 'nalonsobermejo' are selected in object 'Object Repository/xxx Todelete/1.4 ModifyProPage_MF(IDP)'  using regular expression

2022-06-23 19:21:36 - [MESSAGE][PASSED] - All options with value 'nalonsobermejo' are selected in object 'Object Repository/xxx Todelete/1.4 ModifyProPage_MF(IDP)'  using regular expression

2022-06-23 19:21:36 - [TEST_STEP][PASSED] - delay(1): Delayed 1 second(s)

2022-06-23 19:21:37 - [MESSAGE][PASSED] - Delayed 1 second(s)

2022-06-23 19:21:37 - [TEST_STEP][PASSED] - click(findTestObject("Object Repository/xxx Todelete/1.41 ModifyProPage_AddMF")): Object: 'Object Repository/xxx Todelete/1.41 ModifyProPage_AddMF' is clicked on

2022-06-23 19:21:38 - [MESSAGE][PASSED] - Object: 'Object Repository/xxx Todelete/1.41 ModifyProPage_AddMF' is clicked on

2022-06-23 19:21:38 - [TEST_STEP][PASSED] - delay(1): Delayed 1 second(s)

2022-06-23 19:21:39 - [MESSAGE][PASSED] - Delayed 1 second(s)

2022-06-23 19:21:39 - [TEST_STEP][PASSED] - selectOptionByValue(findTestObject("1. Constant/01_id_field_id", ["field_id":"var_15"]), "292", false): All options with value '292' are selected in object 'Object Repository/1. Constant/01_id_field_id' 

2022-06-23 19:21:41 - [MESSAGE][PASSED] - All options with value '292' are selected in object 'Object Repository/1. Constant/01_id_field_id' 

2022-06-23 19:21:41 - [TEST_STEP][PASSED] - delay(1): Delayed 1 second(s)

2022-06-23 19:21:42 - [MESSAGE][PASSED] - Delayed 1 second(s)

2022-06-23 19:21:42 - [TEST_STEP][PASSED] - selectOptionByValue(findTestObject("1. Constant/01_id_field_id", ["field_id":"var_26"]), "94", false): All options with value '94' are selected in object 'Object Repository/1. Constant/01_id_field_id' 

2022-06-23 19:21:43 - [MESSAGE][PASSED] - All options with value '94' are selected in object 'Object Repository/1. Constant/01_id_field_id' 

2022-06-23 19:21:43 - [TEST_STEP][PASSED] - delay(1): Delayed 1 second(s)

2022-06-23 19:21:44 - [MESSAGE][PASSED] - Delayed 1 second(s)

2022-06-23 19:21:44 - [TEST_STEP][PASSED] - selectOptionByValue(findTestObject("1. Constant/01_id_field_id", ["field_id":"var_12"]), "94", false): All options with value '94' are selected in object 'Object Repository/1. Constant/01_id_field_id' 

2022-06-23 19:21:47 - [MESSAGE][PASSED] - All options with value '94' are selected in object 'Object Repository/1. Constant/01_id_field_id' 

2022-06-23 19:21:47 - [TEST_STEP][PASSED] - delay(1): Delayed 1 second(s)

2022-06-23 19:21:48 - [MESSAGE][PASSED] - Delayed 1 second(s)

2022-06-23 19:21:48 - [TEST_STEP][PASSED] - selectOptionByValue(findTestObject("1. Constant/01_id_field_id", ["field_id":"var_27"]), "734", false): All options with value '734' are selected in object 'Object Repository/1. Constant/01_id_field_id' 

2022-06-23 19:21:51 - [MESSAGE][PASSED] - All options with value '734' are selected in object 'Object Repository/1. Constant/01_id_field_id' 

2022-06-23 19:21:51 - [TEST_STEP][PASSED] - delay(1): Delayed 1 second(s)

2022-06-23 19:21:52 - [MESSAGE][PASSED] - Delayed 1 second(s)

2022-06-23 19:21:52 - [TEST_STEP][PASSED] - selectOptionByValue(findTestObject("1. Constant/01_id_field_id", ["field_id":"var_71"]), "efood", false): All options with value 'efood' are selected in object 'Object Repository/1. Constant/01_id_field_id' 

2022-06-23 19:21:54 - [MESSAGE][PASSED] - All options with value 'efood' are selected in object 'Object Repository/1. Constant/01_id_field_id' 

2022-06-23 19:21:54 - [TEST_STEP][PASSED] - delay(1): Delayed 1 second(s)

2022-06-23 19:21:55 - [MESSAGE][PASSED] - Delayed 1 second(s)

2022-06-23 19:21:55 - [TEST_STEP][PASSED] - takeScreenshot(): Taking screenshot successfully

2022-06-23 19:21:56 - [MESSAGE][PASSED] - Taking screenshot successfully
[[ATTACHMENT|D:\\Projet Test Auto\\Mediabox Test Automation\\Reports\\20220623_184212\\03. Parallel Testing (Testing)\\TS -PT PART 3\\03. StarPack Full Lifecycle_SAS_Task\\20220623_184213\\1656004915799.png]]

2022-06-23 19:21:56 - [TEST_STEP][PASSED] - delay(5): Delayed 5 second(s)

2022-06-23 19:22:01 - [MESSAGE][PASSED] - Delayed 5 second(s)

2022-06-23 19:22:01 - [TEST_STEP][PASSED] - click(findTestObject("HL Full Lifecycle/5 ModifyProjPage_button_Update")): Object: 'Object Repository/HL Full Lifecycle/5 ModifyProjPage_button_Update' is clicked on

2022-06-23 19:22:07 - [MESSAGE][PASSED] - Object: 'Object Repository/HL Full Lifecycle/5 ModifyProjPage_button_Update' is clicked on

2022-06-23 19:22:07 - [TEST_STEP][PASSED] - delay(2): Delayed 2 second(s)

2022-06-23 19:22:09 - [MESSAGE][PASSED] - Delayed 2 second(s)

2022-06-23 19:22:09 - [TEST_STEP][PASSED] - Project_No = I.ProjectNo(): Current window's url is: 'http://mdb-release.diadeis.lan/MediaboxIndependence/Base/ExecAction?IDSession=MBI%21RELTESTAUTO_STARPACK%21XRD3G9Z82437HUB13MIQ8R6VX1G2P664NYQV8IGY&default_action=AfficheFichesProjet&id_project=MI001280'

2022-06-23 19:22:14 - [MESSAGE][PASSED] - Delayed 5 second(s)

2022-06-23 19:22:14 - [MESSAGE][PASSED] - Current window's url is: 'http://mdb-release.diadeis.lan/MediaboxIndependence/Base/ExecAction?IDSession=MBI%21RELTESTAUTO_STARPACK%21XRD3G9Z82437HUB13MIQ8R6VX1G2P664NYQV8IGY&default_action=AfficheFichesProjet&id_project=MI001280'

2022-06-23 19:22:14 - [TEST_STEP][PASSED] - delay(2): Delayed 2 second(s)

2022-06-23 19:22:16 - [MESSAGE][PASSED] - Delayed 2 second(s)

2022-06-23 19:22:16 - [TEST_STEP][PASSED] - click(findTestObject("HL Full Lifecycle/6 ReferenceListPage_createrefbutton")): Object: 'Object Repository/HL Full Lifecycle/6 ReferenceListPage_createrefbutton' is clicked on

2022-06-23 19:22:17 - [MESSAGE][PASSED] - Object: 'Object Repository/HL Full Lifecycle/6 ReferenceListPage_createrefbutton' is clicked on

2022-06-23 19:22:17 - [TEST_STEP][PASSED] - click(findTestObject("HL Full Lifecycle/6 ReferenceListPaga_Create a component_button")): Object: 'Object Repository/HL Full Lifecycle/6 ReferenceListPaga_Create a component_button' is clicked on

2022-06-23 19:22:20 - [MESSAGE][PASSED] - Object: 'Object Repository/HL Full Lifecycle/6 ReferenceListPaga_Create a component_button' is clicked on

2022-06-23 19:22:20 - [TEST_STEP][PASSED] - waitForPageLoad(10): Wait for page load successfully

2022-06-23 19:22:20 - [MESSAGE][PASSED] - Wait for page load successfully

2022-06-23 19:22:20 - [TEST_STEP][PASSED] - takeScreenshot(): Taking screenshot successfully

2022-06-23 19:22:20 - [MESSAGE][PASSED] - Taking screenshot successfully
[[ATTACHMENT|D:\\Projet Test Auto\\Mediabox Test Automation\\Reports\\20220623_184212\\03. Parallel Testing (Testing)\\TS -PT PART 3\\03. StarPack Full Lifecycle_SAS_Task\\20220623_184213\\1656004940619.png]]

2022-06-23 19:22:20 - [TEST_STEP][PASSED] - selectOptionByValue(findTestObject("1. Constant/01_id_field_id", ["field_id":"ref_type"]), "6", false): All options with value '6' are selected in object 'Object Repository/1. Constant/01_id_field_id' 

2022-06-23 19:22:23 - [MESSAGE][PASSED] - All options with value '6' are selected in object 'Object Repository/1. Constant/01_id_field_id' 

2022-06-23 19:22:23 - [TEST_STEP][PASSED] - click(findTestObject("HL Full Lifecycle/6 ReferencePg_Create a component_bluebutton")): Object: 'Object Repository/HL Full Lifecycle/6 ReferencePg_Create a component_bluebutton' is clicked on

2022-06-23 19:22:28 - [MESSAGE][PASSED] - Object: 'Object Repository/HL Full Lifecycle/6 ReferencePg_Create a component_bluebutton' is clicked on

2022-06-23 19:22:28 - [TEST_STEP][PASSED] - refID = I.RefID(): Current window's url is: 'http://mdb-release.diadeis.lan/MediaboxIndependence/Base/ExecAction?IDSession=MBI%21RELTESTAUTO_STARPACK%21XRD3G9Z82437HUB13MIQ8R6VX1G2P664NYQV8IGY&default_action=ModifierRef&id_project=MI001280&id_ref=6394&action_from=create_ref'

2022-06-23 19:22:33 - [MESSAGE][PASSED] - Delayed 5 second(s)

2022-06-23 19:22:34 - [MESSAGE][PASSED] - Current window's url is: 'http://mdb-release.diadeis.lan/MediaboxIndependence/Base/ExecAction?IDSession=MBI%21RELTESTAUTO_STARPACK%21XRD3G9Z82437HUB13MIQ8R6VX1G2P664NYQV8IGY&default_action=ModifierRef&id_project=MI001280&id_ref=6394&action_from=create_ref'

2022-06-23 19:22:34 - [TEST_STEP][PASSED] - out.println(refID): null

2022-06-23 19:22:34 - [TEST_STEP][PASSED] - takeScreenshot(): Taking screenshot successfully

2022-06-23 19:22:34 - [MESSAGE][PASSED] - Taking screenshot successfully
[[ATTACHMENT|D:\\Projet Test Auto\\Mediabox Test Automation\\Reports\\20220623_184212\\03. Parallel Testing (Testing)\\TS -PT PART 3\\03. StarPack Full Lifecycle_SAS_Task\\20220623_184213\\1656004954421.png]]

2022-06-23 19:22:34 - [TEST_STEP][PASSED] - sendKeys(findTestObject("1. Constant/01_id_field_id", ["field_id":"var_28"]), "209293"): Keys '209293' sent to object: 'Object Repository/1. Constant/01_id_field_id'

2022-06-23 19:22:35 - [MESSAGE][PASSED] - Keys '209293' sent to object: 'Object Repository/1. Constant/01_id_field_id'

2022-06-23 19:22:35 - [TEST_STEP][PASSED] - sendKeys(findTestObject("1. Constant/01_id_field_id", ["field_id":"var_30"]), "test Submarca"): Keys 'test Submarca' sent to object: 'Object Repository/1. Constant/01_id_field_id'

2022-06-23 19:22:37 - [MESSAGE][PASSED] - Keys 'test Submarca' sent to object: 'Object Repository/1. Constant/01_id_field_id'

2022-06-23 19:22:37 - [TEST_STEP][PASSED] - sendKeys(findTestObject("1. Constant/01_id_field_id", ["field_id":"var_31"]), "test Submarca Vínculo con bulto: test Submarca"): Keys 'test Submarca Vínculo con bulto: test Submarca' sent to object: 'Object Repository/1. Constant/01_id_field_id'

2022-06-23 19:22:39 - [MESSAGE][PASSED] - Keys 'test Submarca Vínculo con bulto: test Submarca' sent to object: 'Object Repository/1. Constant/01_id_field_id'

2022-06-23 19:22:39 - [TEST_STEP][PASSED] - selectOptionByValue(findTestObject("1. Constant/01_id_field_id", ["field_id":"var_38"]), "24", false): All options with value '24' are selected in object 'Object Repository/1. Constant/01_id_field_id' 

2022-06-23 19:22:40 - [MESSAGE][PASSED] - All options with value '24' are selected in object 'Object Repository/1. Constant/01_id_field_id' 

2022-06-23 19:22:40 - [TEST_STEP][PASSED] - sendKeys(findTestObject("1. Constant/01_id_field_id", ["field_id":"var_39"]), "8480017155061"): Keys '8480017155061' sent to object: 'Object Repository/1. Constant/01_id_field_id'

2022-06-23 19:22:40 - [MESSAGE][PASSED] - Keys '8480017155061' sent to object: 'Object Repository/1. Constant/01_id_field_id'

2022-06-23 19:22:40 - [TEST_STEP][PASSED] - selectOptionByValue(findTestObject("1. Constant/01_id_field_id", ["field_id":"selSource_19"]), "22", false): All options with value '22' are selected in object 'Object Repository/1. Constant/01_id_field_id' 

2022-06-23 19:22:42 - [MESSAGE][PASSED] - All options with value '22' are selected in object 'Object Repository/1. Constant/01_id_field_id' 

2022-06-23 19:22:42 - [TEST_STEP][PASSED] - click(findTestObject("Object Repository/xxx Todelete/2.01 ModifyRef_Pais")): Object: 'Object Repository/xxx Todelete/2.01 ModifyRef_Pais' is clicked on

2022-06-23 19:22:43 - [MESSAGE][PASSED] - Object: 'Object Repository/xxx Todelete/2.01 ModifyRef_Pais' is clicked on

2022-06-23 19:22:43 - [TEST_STEP][PASSED] - selectOptionByValue(findTestObject("1. Constant/01_id_field_id", ["field_id":"var_75"]), "26", false): All options with value '26' are selected in object 'Object Repository/1. Constant/01_id_field_id' 

2022-06-23 19:22:44 - [MESSAGE][PASSED] - All options with value '26' are selected in object 'Object Repository/1. Constant/01_id_field_id' 

2022-06-23 19:22:44 - [TEST_STEP][PASSED] - click(findTestObject("HL Full Lifecycle/7 ModifyRefPage_button_Save")): Object: 'Object Repository/HL Full Lifecycle/7 ModifyRefPage_button_Save' is clicked on

2022-06-23 19:22:52 - [MESSAGE][PASSED] - Object: 'Object Repository/HL Full Lifecycle/7 ModifyRefPage_button_Save' is clicked on

2022-06-23 19:22:52 - [TEST_STEP][PASSED] - click(findTestObject("1. Constant/xpath", ["xpath":"/html/body/div[1]/div[2]/div[4]/div[3]/div/div[2]/div[2]/div[1]/table/tbody/tr[2]/td[10]/a[3]"])): Object: 'Object Repository/1. Constant/xpath' is clicked on

2022-06-23 19:22:57 - [MESSAGE][PASSED] - Object: 'Object Repository/1. Constant/xpath' is clicked on

2022-06-23 19:22:57 - [TEST_STEP][PASSED] - click(findTestObject("Object Repository/StarPack - Full Lifecycle (AWIS)/2.031 RefPg_AnnaSubmit", ["id":"1"])): Object: 'Object Repository/StarPack - Full Lifecycle (AWIS)/2.031 RefPg_AnnaSubmit' is clicked on

2022-06-23 19:23:05 - [MESSAGE][PASSED] - Object: 'Object Repository/StarPack - Full Lifecycle (AWIS)/2.031 RefPg_AnnaSubmit' is clicked on

2022-06-23 19:23:05 - [TEST_STEP][PASSED] - click(findTestObject("Object Repository/StarPack - Full Lifecycle (AWIS)/2.03 Block anna")): Object: 'Object Repository/StarPack - Full Lifecycle (AWIS)/2.03 Block anna' is clicked on

2022-06-23 19:23:09 - [MESSAGE][PASSED] - Object: 'Object Repository/StarPack - Full Lifecycle (AWIS)/2.03 Block anna' is clicked on

2022-06-23 19:23:09 - [TEST_STEP][PASSED] - I.click_button_javascript(findTestObject("Object Repository/StarPack - Full Lifecycle (AWIS)/2.041 Field daughter (NO)", ["id":"1"])): Execute JavaScript 'arguments[0].click()' successfully

2022-06-23 19:23:10 - [MESSAGE][PASSED] - Execute JavaScript 'arguments[0].click()' successfully

2022-06-23 19:23:10 - [TEST_STEP][PASSED] - I.click_button_javascript(findTestObject("Object Repository/StarPack - Full Lifecycle (AWIS)/2.041 Field daughter (NO)", ["id":"2"])): Execute JavaScript 'arguments[0].click()' successfully

2022-06-23 19:23:12 - [MESSAGE][PASSED] - Execute JavaScript 'arguments[0].click()' successfully

2022-06-23 19:23:12 - [TEST_STEP][PASSED] - I.click_button_javascript(findTestObject("Object Repository/StarPack - Full Lifecycle (AWIS)/2.041 Field daughter (NO)", ["id":"3"])): Execute JavaScript 'arguments[0].click()' successfully

2022-06-23 19:23:12 - [MESSAGE][PASSED] - Execute JavaScript 'arguments[0].click()' successfully

2022-06-23 19:23:12 - [TEST_STEP][PASSED] - I.Pagedown(): Execute JavaScript 'window.scrollTo(0, document.body.scrollHeight)' successfully

2022-06-23 19:23:12 - [MESSAGE][PASSED] - Execute JavaScript 'window.scrollTo(0, document.body.scrollHeight)' successfully

2022-06-23 19:23:12 - [TEST_STEP][PASSED] - click(findTestObject("Object Repository/StarPack - Full Lifecycle (AWIS)/2.05 RefPg_submit")): Object: 'Object Repository/StarPack - Full Lifecycle (AWIS)/2.05 RefPg_submit' is clicked on

2022-06-23 19:23:19 - [MESSAGE][PASSED] - Object: 'Object Repository/StarPack - Full Lifecycle (AWIS)/2.05 RefPg_submit' is clicked on

2022-06-23 19:23:19 - [TEST_STEP][PASSED] - delay(2): Delayed 2 second(s)

2022-06-23 19:23:21 - [MESSAGE][PASSED] - Delayed 2 second(s)

2022-06-23 19:23:21 - [TEST_STEP][PASSED] - takeScreenshot(): Taking screenshot successfully

2022-06-23 19:23:22 - [MESSAGE][PASSED] - Taking screenshot successfully
[[ATTACHMENT|D:\\Projet Test Auto\\Mediabox Test Automation\\Reports\\20220623_184212\\03. Parallel Testing (Testing)\\TS -PT PART 3\\03. StarPack Full Lifecycle_SAS_Task\\20220623_184213\\1656005001792.png]]

2022-06-23 19:23:22 - [TEST_STEP][PASSED] - color1 = getCSSValue(findTestObject("1. Constant/xpath", ["xpath":"/html/body/div[1]/div[2]/div[4]/div[3]/div/div[2]/div[2]/div[1]/table/tbody/tr[2]/td[10]/a[2]"]), "color", OPTIONAL): Get CSS 'color' value on 'Object Repository/1. Constant/xpath' successfully: 'rgba(255, 255, 255, 1)'.

2022-06-23 19:23:23 - [MESSAGE][PASSED] - Get CSS 'color' value on 'Object Repository/1. Constant/xpath' successfully: 'rgba(255, 255, 255, 1)'.

2022-06-23 19:23:23 - [TEST_STEP][PASSED] - I.print(color1): null

2022-06-23 19:23:23 - [TEST_STEP][PASSED] - while (color1 == "rgba(255, 255, 255, 1)"): null

2022-06-23 19:23:23 - [TEST_STEP][PASSED] - click(findTestObject("1. Constant/xpath", ["xpath":"/html/body/div[1]/div[2]/div[4]/div[3]/div/div[2]/div[2]/div[1]/table/tbody/tr[2]/td[10]/a[2]"])): Object: 'Object Repository/1. Constant/xpath' is clicked on

2022-06-23 19:23:26 - [MESSAGE][PASSED] - Object: 'Object Repository/1. Constant/xpath' is clicked on

2022-06-23 19:23:26 - [TEST_STEP][PASSED] - takeScreenshot(): Taking screenshot successfully

2022-06-23 19:23:27 - [MESSAGE][PASSED] - Taking screenshot successfully
[[ATTACHMENT|D:\\Projet Test Auto\\Mediabox Test Automation\\Reports\\20220623_184212\\03. Parallel Testing (Testing)\\TS -PT PART 3\\03. StarPack Full Lifecycle_SAS_Task\\20220623_184213\\1656005006765.png]]

2022-06-23 19:23:27 - [TEST_STEP][PASSED] - I.UploadDoc_sendkey_Prod(findTestObject("1. Constant/xpath", ["xpath":"//*[@id="kt_body"]/input[2]"]), "D:\Upoad_File\Upload doc\testdataaddition1.jpg", "testdataaddition1.jpg"): Delayed 5 second(s)

2022-06-23 19:23:27 - [MESSAGE][PASSED] - Scroll to object 'Object Repository/1. Constant/xpath' successfully

2022-06-23 19:23:32 - [MESSAGE][PASSED] - Delayed 5 second(s)

2022-06-23 19:23:34 - [MESSAGE][PASSED] - File 'D:\Upoad_File\Upload doc\testdataaddition1.jpg' sent to object: 'Object Repository/1. Constant/xpath'

2022-06-23 19:23:39 - [MESSAGE][PASSED] - Delayed 5 second(s)

2022-06-23 19:23:40 - [MESSAGE][PASSED] - Text 'testdataaddition1.jpg' is present on page 

2022-06-23 19:23:45 - [MESSAGE][PASSED] - Delayed 5 second(s)

2022-06-23 19:23:50 - [MESSAGE][PASSED] - Delayed 5 second(s)

2022-06-23 19:23:50 - [TEST_STEP][PASSED] - takeScreenshot(): Taking screenshot successfully

2022-06-23 19:23:51 - [MESSAGE][PASSED] - Taking screenshot successfully
[[ATTACHMENT|D:\\Projet Test Auto\\Mediabox Test Automation\\Reports\\20220623_184212\\03. Parallel Testing (Testing)\\TS -PT PART 3\\03. StarPack Full Lifecycle_SAS_Task\\20220623_184213\\1656005030889.png]]

2022-06-23 19:23:51 - [TEST_STEP][PASSED] - delay(10): Delayed 10 second(s)

2022-06-23 19:24:01 - [MESSAGE][PASSED] - Delayed 10 second(s)

2022-06-23 19:24:01 - [TEST_STEP][PASSED] - I.click_button_javascript(findTestObject("1. Constant/xpath", ["xpath":"//*[@id="ModifFiche"]/div[1]/div/button"])): Execute JavaScript 'arguments[0].click()' successfully

2022-06-23 19:24:11 - [MESSAGE][PASSED] - Execute JavaScript 'arguments[0].click()' successfully

2022-06-23 19:24:11 - [TEST_STEP][PASSED] - delay(5): Delayed 5 second(s)

2022-06-23 19:24:16 - [MESSAGE][PASSED] - Delayed 5 second(s)

2022-06-23 19:24:16 - [TEST_STEP][PASSED] - if (verifyElementPresent(findTestObject("1. Constant/xpath", ["xpath":"/html/body/div[1]/div[2]/div[4]/div[3]/div/div[2]/div[2]/div[1]/table/tbody/tr[2]/td[10]/a[2]"]), 10, OPTIONAL)): null

2022-06-23 19:24:16 - [MESSAGE][PASSED] - Object 'Object Repository/1. Constant/xpath' is present

2022-06-23 19:24:16 - [TEST_STEP][PASSED] - color1 = getCSSValue(findTestObject("1. Constant/xpath", ["xpath":"/html/body/div[1]/div[2]/div[4]/div[3]/div/div[2]/div[2]/div[1]/table/tbody/tr[2]/td[10]/a[2]"]), "color", OPTIONAL): Get CSS 'color' value on 'Object Repository/1. Constant/xpath' successfully: 'rgba(54, 153, 255, 1)'.

2022-06-23 19:24:17 - [MESSAGE][PASSED] - Get CSS 'color' value on 'Object Repository/1. Constant/xpath' successfully: 'rgba(54, 153, 255, 1)'.

2022-06-23 19:24:17 - [TEST_STEP][PASSED] - I.Logout(): Delayed 3 second(s)

2022-06-23 19:24:20 - [MESSAGE][PASSED] - Delayed 3 second(s)

2022-06-23 19:24:21 - [MESSAGE][PASSED] - Object: 'Object Repository/1. Constant/xpath' is clicked on

2022-06-23 19:24:24 - [MESSAGE][PASSED] - Delayed 3 second(s)

2022-06-23 19:24:28 - [MESSAGE][PASSED] - Object: 'Object Repository/1. Constant/xpath' is clicked on

2022-06-23 19:24:31 - [MESSAGE][PASSED] - Delayed 3 second(s)

2022-06-23 19:24:31 - [TEST_STEP][PASSED] - I.Login_password("aterreshernandez", password_aterreshernandez): Object: 'Object Repository/1. Constant/xpath' is clicked on

2022-06-23 19:24:33 - [MESSAGE][PASSED] - Text 'aterreshernandez' is set on object 'Object Repository/1. Constant/xpath'

2022-06-23 19:24:34 - [MESSAGE][PASSED] - Delayed 1 second(s)

2022-06-23 19:24:37 - [MESSAGE][PASSED] - Text 'dchi' is set on object 'Object Repository/1. Constant/xpath'

2022-06-23 19:24:38 - [MESSAGE][PASSED] - Delayed 1 second(s)

2022-06-23 19:24:45 - [MESSAGE][PASSED] - Object: 'Object Repository/1. Constant/xpath' is clicked on

2022-06-23 19:24:45 - [TEST_STEP][PASSED] - takeScreenshot(): Taking screenshot successfully

2022-06-23 19:24:46 - [MESSAGE][PASSED] - Taking screenshot successfully
[[ATTACHMENT|D:\\Projet Test Auto\\Mediabox Test Automation\\Reports\\20220623_184212\\03. Parallel Testing (Testing)\\TS -PT PART 3\\03. StarPack Full Lifecycle_SAS_Task\\20220623_184213\\1656005085319.png]]

2022-06-23 19:24:46 - [TEST_STEP][PASSED] - click(findTestObject("1. Constant/02_LHSMenu_Projects")): Object: 'Object Repository/1. Constant/02_LHSMenu_Projects' is clicked on

2022-06-23 19:24:51 - [MESSAGE][PASSED] - Object: 'Object Repository/1. Constant/02_LHSMenu_Projects' is clicked on

2022-06-23 19:24:51 - [TEST_STEP][PASSED] - I.SearchProjectNo(Project_No, findTestObject("1. Constant/xpath", ["xpath":"//*[@id="form_filters"]/div[7]/button"])): Delayed 5 second(s)

2022-06-23 19:24:51 - [MESSAGE][PASSED] - Text 'MI001280' is set on object 'Object Repository/1. Constant/xpath'

2022-06-23 19:24:54 - [MESSAGE][PASSED] - Delayed 3 second(s)

2022-06-23 19:25:01 - [MESSAGE][PASSED] - Object: 'Object Repository/1. Constant/xpath' is clicked on

2022-06-23 19:25:06 - [MESSAGE][PASSED] - Delayed 5 second(s)

2022-06-23 19:25:06 - [TEST_STEP][PASSED] - click(findTestObject("1. Constant/xpath", ["xpath":"/html/body/div[1]/div[2]/div[4]/div[3]/div/div[2]/div[2]/div[1]/table/tbody/tr[2]/td[12]/a[2]"])): Object: 'Object Repository/1. Constant/xpath' is clicked on

2022-06-23 19:25:13 - [MESSAGE][PASSED] - Object: 'Object Repository/1. Constant/xpath' is clicked on

2022-06-23 19:25:13 - [TEST_STEP][PASSED] - delay(2): Delayed 2 second(s)

2022-06-23 19:25:15 - [MESSAGE][PASSED] - Delayed 2 second(s)

2022-06-23 19:25:15 - [TEST_STEP][PASSED] - I.AWF_approve_view(): Object: 'Object Repository/HL Full Lifecycle/Function_Appbutton2' is clicked on

2022-06-23 19:25:15 - [MESSAGE][PASSED] - Wait for page load successfully

2022-06-23 19:25:25 - [MESSAGE][PASSED] - Delayed 10 second(s)

2022-06-23 19:25:27 - [MESSAGE][PASSED] - Object: 'Object Repository/HL Full Lifecycle/Function_access Viewer2' is hovered

2022-06-23 19:25:30 - [MESSAGE][PASSED] - Delayed 3 second(s)

2022-06-23 19:25:32 - [MESSAGE][PASSED] - Object: 'Object Repository/HL Full Lifecycle/Function_access Viewer2' is clicked on

2022-06-23 19:25:37 - [MESSAGE][PASSED] - Delayed 5 second(s)

2022-06-23 19:25:41 - [MESSAGE][PASSED] - Object: 'Object Repository/HL Full Lifecycle/Function_AppButton' is clicked on

2022-06-23 19:25:46 - [MESSAGE][PASSED] - Delayed 5 second(s)

2022-06-23 19:25:55 - [MESSAGE][PASSED] - Object: 'Object Repository/HL Full Lifecycle/Function_Appbutton2' is clicked on

2022-06-23 19:25:55 - [TEST_STEP][PASSED] - I.Logout(): Delayed 3 second(s)

2022-06-23 19:25:58 - [MESSAGE][PASSED] - Delayed 3 second(s)

2022-06-23 19:25:59 - [MESSAGE][PASSED] - Object: 'Object Repository/1. Constant/xpath' is clicked on

2022-06-23 19:26:02 - [MESSAGE][PASSED] - Delayed 3 second(s)

2022-06-23 19:26:08 - [MESSAGE][PASSED] - Object: 'Object Repository/1. Constant/xpath' is clicked on

2022-06-23 19:26:11 - [MESSAGE][PASSED] - Delayed 3 second(s)

2022-06-23 19:26:11 - [TEST_STEP][PASSED] - I.Login_password("aherms", password_aherms): Object: 'Object Repository/1. Constant/xpath' is clicked on

2022-06-23 19:26:14 - [MESSAGE][PASSED] - Text 'aherms' is set on object 'Object Repository/1. Constant/xpath'

2022-06-23 19:26:15 - [MESSAGE][PASSED] - Delayed 1 second(s)

2022-06-23 19:26:16 - [MESSAGE][PASSED] - Text 'dchi3' is set on object 'Object Repository/1. Constant/xpath'

2022-06-23 19:26:17 - [MESSAGE][PASSED] - Delayed 1 second(s)

2022-06-23 19:26:22 - [MESSAGE][PASSED] - Object: 'Object Repository/1. Constant/xpath' is clicked on

2022-06-23 19:26:22 - [TEST_STEP][PASSED] - takeScreenshot(): Taking screenshot successfully

2022-06-23 19:26:22 - [MESSAGE][PASSED] - Taking screenshot successfully
[[ATTACHMENT|D:\\Projet Test Auto\\Mediabox Test Automation\\Reports\\20220623_184212\\03. Parallel Testing (Testing)\\TS -PT PART 3\\03. StarPack Full Lifecycle_SAS_Task\\20220623_184213\\1656005182273.png]]

2022-06-23 19:26:22 - [TEST_STEP][PASSED] - click(findTestObject("1. Constant/02_LHSMenu_Projects")): Object: 'Object Repository/1. Constant/02_LHSMenu_Projects' is clicked on

2022-06-23 19:26:28 - [MESSAGE][PASSED] - Object: 'Object Repository/1. Constant/02_LHSMenu_Projects' is clicked on

2022-06-23 19:26:28 - [TEST_STEP][PASSED] - I.SearchProjectNo(Project_No, findTestObject("HL Full Lifecycle/9 Filter_Button_Apply")): Delayed 5 second(s)

2022-06-23 19:26:29 - [MESSAGE][PASSED] - Text 'MI001280' is set on object 'Object Repository/1. Constant/xpath'

2022-06-23 19:26:32 - [MESSAGE][PASSED] - Delayed 3 second(s)

2022-06-23 19:26:37 - [MESSAGE][PASSED] - Object: 'Object Repository/HL Full Lifecycle/9 Filter_Button_Apply' is clicked on

2022-06-23 19:26:42 - [MESSAGE][PASSED] - Delayed 5 second(s)

2022-06-23 19:26:42 - [TEST_STEP][PASSED] - click(findTestObject("Object Repository/StarPack - Full Lifecycle (AWIS)/5.07 Agency1 id_refID_td8", ["refID":"source_" + refID])): Object: 'Object Repository/StarPack - Full Lifecycle (AWIS)/5.07 Agency1 id_refID_td8' is clicked on

2022-06-23 19:26:44 - [MESSAGE][PASSED] - Object: 'Object Repository/StarPack - Full Lifecycle (AWIS)/5.07 Agency1 id_refID_td8' is clicked on

2022-06-23 19:26:44 - [TEST_STEP][PASSED] - waitForPageLoad(5): Wait for page load successfully

2022-06-23 19:26:45 - [MESSAGE][PASSED] - Wait for page load successfully

2022-06-23 19:26:45 - [TEST_STEP][PASSED] - mouseOver(findTestObject("Object Repository/HL Full Lifecycle/Function_access Viewer2")): Object: 'Object Repository/HL Full Lifecycle/Function_access Viewer2' is hovered

2022-06-23 19:26:46 - [MESSAGE][PASSED] - Object: 'Object Repository/HL Full Lifecycle/Function_access Viewer2' is hovered

2022-06-23 19:26:46 - [TEST_STEP][PASSED] - delay(1): Delayed 1 second(s)

2022-06-23 19:26:47 - [MESSAGE][PASSED] - Delayed 1 second(s)

2022-06-23 19:26:47 - [TEST_STEP][PASSED] - click(findTestObject("Object Repository/HL Full Lifecycle/Function_access Viewer2")): Object: 'Object Repository/HL Full Lifecycle/Function_access Viewer2' is clicked on

2022-06-23 19:26:48 - [MESSAGE][PASSED] - Object: 'Object Repository/HL Full Lifecycle/Function_access Viewer2' is clicked on

2022-06-23 19:26:48 - [TEST_STEP][PASSED] - delay(1): Delayed 1 second(s)

2022-06-23 19:26:49 - [MESSAGE][PASSED] - Delayed 1 second(s)

2022-06-23 19:26:49 - [TEST_STEP][PASSED] - click(findTestObject("HL Full Lifecycle/Function_AppButton")): Object: 'Object Repository/HL Full Lifecycle/Function_AppButton' is clicked on

2022-06-23 19:26:51 - [MESSAGE][PASSED] - Object: 'Object Repository/HL Full Lifecycle/Function_AppButton' is clicked on

2022-06-23 19:26:51 - [TEST_STEP][PASSED] - delay(1): Delayed 1 second(s)

2022-06-23 19:26:52 - [MESSAGE][PASSED] - Delayed 1 second(s)

2022-06-23 19:26:52 - [TEST_STEP][PASSED] - click(findTestObject("xxx Todelete/xpath", ["xpath":"//*[@id="approvePermButton"]"])): Object: 'Object Repository/xxx Todelete/xpath' is clicked on

2022-06-23 19:26:57 - [MESSAGE][PASSED] - Object: 'Object Repository/xxx Todelete/xpath' is clicked on

2022-06-23 19:26:57 - [TEST_STEP][PASSED] - delay(1): Delayed 1 second(s)

2022-06-23 19:26:58 - [MESSAGE][PASSED] - Delayed 1 second(s)

2022-06-23 19:26:58 - [TEST_STEP][PASSED] - I.Logout(): Delayed 3 second(s)

2022-06-23 19:27:01 - [MESSAGE][PASSED] - Delayed 3 second(s)

2022-06-23 19:27:01 - [MESSAGE][PASSED] - Object: 'Object Repository/1. Constant/xpath' is clicked on

2022-06-23 19:27:04 - [MESSAGE][PASSED] - Delayed 3 second(s)

2022-06-23 19:27:08 - [MESSAGE][PASSED] - Object: 'Object Repository/1. Constant/xpath' is clicked on

2022-06-23 19:27:11 - [MESSAGE][PASSED] - Delayed 3 second(s)

2022-06-23 19:27:11 - [TEST_STEP][PASSED] - I.Login_password("amartin_arbol", password_amartin_arbol): Object: 'Object Repository/1. Constant/xpath' is clicked on

2022-06-23 19:27:14 - [MESSAGE][PASSED] - Text 'amartin_arbol' is set on object 'Object Repository/1. Constant/xpath'

2022-06-23 19:27:15 - [MESSAGE][PASSED] - Delayed 1 second(s)

2022-06-23 19:27:16 - [MESSAGE][PASSED] - Text 'dchi' is set on object 'Object Repository/1. Constant/xpath'

2022-06-23 19:27:17 - [MESSAGE][PASSED] - Delayed 1 second(s)

2022-06-23 19:27:21 - [MESSAGE][PASSED] - Object: 'Object Repository/1. Constant/xpath' is clicked on

2022-06-23 19:27:21 - [TEST_STEP][PASSED] - takeScreenshot(): Taking screenshot successfully

2022-06-23 19:27:22 - [MESSAGE][PASSED] - Taking screenshot successfully
[[ATTACHMENT|D:\\Projet Test Auto\\Mediabox Test Automation\\Reports\\20220623_184212\\03. Parallel Testing (Testing)\\TS -PT PART 3\\03. StarPack Full Lifecycle_SAS_Task\\20220623_184213\\1656005241943.png]]

2022-06-23 19:27:22 - [TEST_STEP][PASSED] - click(findTestObject("1. Constant/02_LHSMenu_Projects")): Object: 'Object Repository/1. Constant/02_LHSMenu_Projects' is clicked on

2022-06-23 19:27:26 - [MESSAGE][PASSED] - Object: 'Object Repository/1. Constant/02_LHSMenu_Projects' is clicked on

2022-06-23 19:27:26 - [TEST_STEP][PASSED] - I.SearchProjectNo(Project_No, findTestObject("HL Full Lifecycle/9 Filter_Button_Apply")): Delayed 5 second(s)

2022-06-23 19:27:28 - [MESSAGE][PASSED] - Text 'MI001280' is set on object 'Object Repository/1. Constant/xpath'

2022-06-23 19:27:31 - [MESSAGE][PASSED] - Delayed 3 second(s)

2022-06-23 19:27:37 - [MESSAGE][PASSED] - Object: 'Object Repository/HL Full Lifecycle/9 Filter_Button_Apply' is clicked on

2022-06-23 19:27:42 - [MESSAGE][PASSED] - Delayed 5 second(s)

2022-06-23 19:27:42 - [TEST_STEP][PASSED] - click(findTestObject("1. Constant/02_LHSMenu_Projects")): Object: 'Object Repository/1. Constant/02_LHSMenu_Projects' is clicked on

2022-06-23 19:27:43 - [MESSAGE][PASSED] - Object: 'Object Repository/1. Constant/02_LHSMenu_Projects' is clicked on

2022-06-23 19:27:43 - [TEST_STEP][PASSED] - click(findTestObject("Object Repository/StarPack - Full Lifecycle (AWIS)/5.04 Agency1 id_refID_td9_a2", ["refID":"source_" + refID])): Object: 'Object Repository/StarPack - Full Lifecycle (AWIS)/5.04 Agency1 id_refID_td9_a2' is clicked on

2022-06-23 19:27:46 - [MESSAGE][PASSED] - Object: 'Object Repository/StarPack - Full Lifecycle (AWIS)/5.04 Agency1 id_refID_td9_a2' is clicked on

2022-06-23 19:27:46 - [TEST_STEP][PASSED] - I.AWF_approve_view(): Object: 'Object Repository/HL Full Lifecycle/Function_Appbutton2' is clicked on

2022-06-23 19:27:48 - [MESSAGE][PASSED] - Wait for page load successfully

2022-06-23 19:27:58 - [MESSAGE][PASSED] - Delayed 10 second(s)

2022-06-23 19:27:59 - [MESSAGE][PASSED] - Object: 'Object Repository/HL Full Lifecycle/Function_access Viewer2' is hovered

2022-06-23 19:28:02 - [MESSAGE][PASSED] - Delayed 3 second(s)

2022-06-23 19:28:03 - [MESSAGE][PASSED] - Object: 'Object Repository/HL Full Lifecycle/Function_access Viewer2' is clicked on

2022-06-23 19:28:08 - [MESSAGE][PASSED] - Delayed 5 second(s)

2022-06-23 19:28:09 - [MESSAGE][PASSED] - Object: 'Object Repository/HL Full Lifecycle/Function_AppButton' is clicked on

2022-06-23 19:28:14 - [MESSAGE][PASSED] - Delayed 5 second(s)

2022-06-23 19:28:21 - [MESSAGE][PASSED] - Object: 'Object Repository/HL Full Lifecycle/Function_Appbutton2' is clicked on

2022-06-23 19:28:21 - [TEST_STEP][PASSED] - I.Logout(): Delayed 3 second(s)

2022-06-23 19:28:24 - [MESSAGE][PASSED] - Delayed 3 second(s)

2022-06-23 19:28:25 - [MESSAGE][PASSED] - Object: 'Object Repository/1. Constant/xpath' is clicked on

2022-06-23 19:28:28 - [MESSAGE][PASSED] - Delayed 3 second(s)

2022-06-23 19:28:33 - [MESSAGE][PASSED] - Object: 'Object Repository/1. Constant/xpath' is clicked on

2022-06-23 19:28:36 - [MESSAGE][PASSED] - Delayed 3 second(s)

2022-06-23 19:28:36 - [TEST_STEP][PASSED] - I.Login_password("aterreshernandez", password_aterreshernandez): Object: 'Object Repository/1. Constant/xpath' is clicked on

2022-06-23 19:28:40 - [MESSAGE][PASSED] - Text 'aterreshernandez' is set on object 'Object Repository/1. Constant/xpath'

2022-06-23 19:28:41 - [MESSAGE][PASSED] - Delayed 1 second(s)

2022-06-23 19:28:50 - [MESSAGE][PASSED] - Text 'dchi' is set on object 'Object Repository/1. Constant/xpath'

2022-06-23 19:28:51 - [MESSAGE][PASSED] - Delayed 1 second(s)

2022-06-23 19:28:56 - [MESSAGE][PASSED] - Object: 'Object Repository/1. Constant/xpath' is clicked on

2022-06-23 19:28:56 - [TEST_STEP][PASSED] - takeScreenshot(): Taking screenshot successfully

2022-06-23 19:28:56 - [MESSAGE][PASSED] - Taking screenshot successfully
[[ATTACHMENT|D:\\Projet Test Auto\\Mediabox Test Automation\\Reports\\20220623_184212\\03. Parallel Testing (Testing)\\TS -PT PART 3\\03. StarPack Full Lifecycle_SAS_Task\\20220623_184213\\1656005336432.png]]

2022-06-23 19:28:56 - [TEST_STEP][PASSED] - click(findTestObject("1. Constant/02_LHSMenu_Projects")): Object: 'Object Repository/1. Constant/02_LHSMenu_Projects' is clicked on

2022-06-23 19:29:00 - [MESSAGE][PASSED] - Object: 'Object Repository/1. Constant/02_LHSMenu_Projects' is clicked on

2022-06-23 19:29:00 - [TEST_STEP][PASSED] - I.SearchProjectNo(Project_No, findTestObject("1. Constant/xpath", ["xpath":"//*[@id="form_filters"]/div[7]/button"])): Delayed 5 second(s)

2022-06-23 19:29:02 - [MESSAGE][PASSED] - Text 'MI001280' is set on object 'Object Repository/1. Constant/xpath'

2022-06-23 19:29:05 - [MESSAGE][PASSED] - Delayed 3 second(s)

2022-06-23 19:29:13 - [MESSAGE][PASSED] - Object: 'Object Repository/1. Constant/xpath' is clicked on

2022-06-23 19:29:18 - [MESSAGE][PASSED] - Delayed 5 second(s)

2022-06-23 19:29:18 - [TEST_STEP][PASSED] - click(findTestObject("1. Constant/xpath", ["xpath":"/html/body/div[1]/div[2]/div[4]/div[3]/div/div[2]/div[2]/div[1]/table/tbody/tr[2]/td[12]/a[2]"])): Object: 'Object Repository/1. Constant/xpath' is clicked on

2022-06-23 19:29:25 - [MESSAGE][PASSED] - Object: 'Object Repository/1. Constant/xpath' is clicked on

2022-06-23 19:29:25 - [TEST_STEP][PASSED] - delay(3): Delayed 3 second(s)

2022-06-23 19:29:28 - [MESSAGE][PASSED] - Delayed 3 second(s)

2022-06-23 19:29:28 - [TEST_STEP][PASSED] - I.AWF_approve_view(): Object: 'Object Repository/HL Full Lifecycle/Function_Appbutton2' is clicked on

2022-06-23 19:29:28 - [MESSAGE][PASSED] - Wait for page load successfully

2022-06-23 19:29:38 - [MESSAGE][PASSED] - Delayed 10 second(s)

2022-06-23 19:29:43 - [MESSAGE][PASSED] - Object: 'Object Repository/HL Full Lifecycle/Function_access Viewer2' is hovered

2022-06-23 19:29:46 - [MESSAGE][PASSED] - Delayed 3 second(s)

2022-06-23 19:29:50 - [MESSAGE][PASSED] - Object: 'Object Repository/HL Full Lifecycle/Function_access Viewer2' is clicked on

2022-06-23 19:29:55 - [MESSAGE][PASSED] - Delayed 5 second(s)

2022-06-23 19:29:58 - [MESSAGE][PASSED] - Object: 'Object Repository/HL Full Lifecycle/Function_AppButton' is clicked on

2022-06-23 19:30:03 - [MESSAGE][PASSED] - Delayed 5 second(s)

2022-06-23 19:30:10 - [MESSAGE][PASSED] - Object: 'Object Repository/HL Full Lifecycle/Function_Appbutton2' is clicked on

2022-06-23 19:30:10 - [TEST_STEP][PASSED] - I.Logout(): Delayed 3 second(s)

2022-06-23 19:30:13 - [MESSAGE][PASSED] - Delayed 3 second(s)

2022-06-23 19:30:16 - [MESSAGE][PASSED] - Object: 'Object Repository/1. Constant/xpath' is clicked on

2022-06-23 19:30:19 - [MESSAGE][PASSED] - Delayed 3 second(s)

2022-06-23 19:30:24 - [MESSAGE][PASSED] - Object: 'Object Repository/1. Constant/xpath' is clicked on

2022-06-23 19:30:27 - [MESSAGE][PASSED] - Delayed 3 second(s)

2022-06-23 19:30:27 - [TEST_STEP][PASSED] - I.Login_password("agluszczynska", password_agluszczynska): Object: 'Object Repository/1. Constant/xpath' is clicked on

2022-06-23 19:30:28 - [MESSAGE][PASSED] - Text 'agluszczynska' is set on object 'Object Repository/1. Constant/xpath'

2022-06-23 19:30:29 - [MESSAGE][PASSED] - Delayed 1 second(s)

2022-06-23 19:30:33 - [MESSAGE][PASSED] - Text 'dchi3' is set on object 'Object Repository/1. Constant/xpath'

2022-06-23 19:30:34 - [MESSAGE][PASSED] - Delayed 1 second(s)

2022-06-23 19:30:38 - [MESSAGE][PASSED] - Object: 'Object Repository/1. Constant/xpath' is clicked on

2022-06-23 19:30:38 - [TEST_STEP][PASSED] - takeScreenshot(): Taking screenshot successfully

2022-06-23 19:30:39 - [MESSAGE][PASSED] - Taking screenshot successfully
[[ATTACHMENT|D:\\Projet Test Auto\\Mediabox Test Automation\\Reports\\20220623_184212\\03. Parallel Testing (Testing)\\TS -PT PART 3\\03. StarPack Full Lifecycle_SAS_Task\\20220623_184213\\1656005438700.png]]

2022-06-23 19:30:39 - [TEST_STEP][PASSED] - click(findTestObject("1. Constant/02_LHSMenu_Projects")): Object: 'Object Repository/1. Constant/02_LHSMenu_Projects' is clicked on

2022-06-23 19:30:41 - [MESSAGE][PASSED] - Object: 'Object Repository/1. Constant/02_LHSMenu_Projects' is clicked on

2022-06-23 19:30:41 - [TEST_STEP][PASSED] - I.SearchProjectNo(Project_No, findTestObject("HL Full Lifecycle/9 Filter_Button_Apply")): Delayed 5 second(s)

2022-06-23 19:30:42 - [MESSAGE][PASSED] - Text 'MI001280' is set on object 'Object Repository/1. Constant/xpath'

2022-06-23 19:30:45 - [MESSAGE][PASSED] - Delayed 3 second(s)

2022-06-23 19:30:50 - [MESSAGE][PASSED] - Object: 'Object Repository/HL Full Lifecycle/9 Filter_Button_Apply' is clicked on

2022-06-23 19:30:55 - [MESSAGE][PASSED] - Delayed 5 second(s)

2022-06-23 19:30:55 - [TEST_STEP][PASSED] - click(findTestObject("Object Repository/StarPack - Full Lifecycle (AWIS)/5.04 Agency1 id_refID_td9_a2", ["refID":"source_" + refID])): Object: 'Object Repository/StarPack - Full Lifecycle (AWIS)/5.04 Agency1 id_refID_td9_a2' is clicked on

2022-06-23 19:30:59 - [MESSAGE][PASSED] - Object: 'Object Repository/StarPack - Full Lifecycle (AWIS)/5.04 Agency1 id_refID_td9_a2' is clicked on

2022-06-23 19:30:59 - [TEST_STEP][PASSED] - I.UploadDoc_sendkey_field("//*[@id="var_25"]", "D:\Upoad_File\Upload doc\testdata1.pdf", "testdata1"): Text 'testdata1' is present on page 

2022-06-23 19:31:01 - [MESSAGE][PASSED] - Delayed 2 second(s)

2022-06-23 19:31:02 - [MESSAGE][PASSED] - Keys 'D:\Upoad_File\Upload doc\testdata1.pdf' sent to object: 'Object Repository/1. Constant/xpath'

2022-06-23 19:31:02 - [MESSAGE][PASSED] - Text 'testdata1' is present on page 

2022-06-23 19:31:02 - [TEST_STEP][PASSED] - click(findTestObject("1. Constant/xpath", ["xpath":"//*[@id="ModifFiche"]/div[3]/div/button[2]"])): Object: 'Object Repository/1. Constant/xpath' is clicked on

2022-06-23 19:31:08 - [MESSAGE][PASSED] - Object: 'Object Repository/1. Constant/xpath' is clicked on

2022-06-23 19:31:08 - [TEST_STEP][PASSED] - I.Logout(): Delayed 3 second(s)

2022-06-23 19:31:11 - [MESSAGE][PASSED] - Delayed 3 second(s)

2022-06-23 19:31:13 - [MESSAGE][PASSED] - Object: 'Object Repository/1. Constant/xpath' is clicked on

2022-06-23 19:31:16 - [MESSAGE][PASSED] - Delayed 3 second(s)

2022-06-23 19:31:20 - [MESSAGE][PASSED] - Object: 'Object Repository/1. Constant/xpath' is clicked on

2022-06-23 19:31:23 - [MESSAGE][PASSED] - Delayed 3 second(s)

2022-06-23 19:31:23 - [TEST_STEP][PASSED] - I.Login_password("aherms", password_aherms): Object: 'Object Repository/1. Constant/xpath' is clicked on

2022-06-23 19:31:26 - [MESSAGE][PASSED] - Text 'aherms' is set on object 'Object Repository/1. Constant/xpath'

2022-06-23 19:31:27 - [MESSAGE][PASSED] - Delayed 1 second(s)

2022-06-23 19:31:28 - [MESSAGE][PASSED] - Text 'dchi3' is set on object 'Object Repository/1. Constant/xpath'

2022-06-23 19:31:29 - [MESSAGE][PASSED] - Delayed 1 second(s)

2022-06-23 19:31:33 - [MESSAGE][PASSED] - Object: 'Object Repository/1. Constant/xpath' is clicked on

2022-06-23 19:31:33 - [TEST_STEP][PASSED] - takeScreenshot(): Taking screenshot successfully

2022-06-23 19:31:33 - [MESSAGE][PASSED] - Taking screenshot successfully
[[ATTACHMENT|D:\\Projet Test Auto\\Mediabox Test Automation\\Reports\\20220623_184212\\03. Parallel Testing (Testing)\\TS -PT PART 3\\03. StarPack Full Lifecycle_SAS_Task\\20220623_184213\\1656005493186.png]]

2022-06-23 19:31:33 - [TEST_STEP][PASSED] - click(findTestObject("1. Constant/02_LHSMenu_Projects")): Object: 'Object Repository/1. Constant/02_LHSMenu_Projects' is clicked on

2022-06-23 19:31:41 - [MESSAGE][PASSED] - Object: 'Object Repository/1. Constant/02_LHSMenu_Projects' is clicked on

2022-06-23 19:31:41 - [TEST_STEP][PASSED] - I.SearchProjectNo(Project_No, findTestObject("HL Full Lifecycle/9 Filter_Button_Apply")): Delayed 5 second(s)

2022-06-23 19:31:43 - [MESSAGE][PASSED] - Text 'MI001280' is set on object 'Object Repository/1. Constant/xpath'

2022-06-23 19:31:46 - [MESSAGE][PASSED] - Delayed 3 second(s)

2022-06-23 19:31:50 - [MESSAGE][PASSED] - Object: 'Object Repository/HL Full Lifecycle/9 Filter_Button_Apply' is clicked on

2022-06-23 19:31:55 - [MESSAGE][PASSED] - Delayed 5 second(s)

2022-06-23 19:31:55 - [TEST_STEP][PASSED] - color2 = getCSSValue(findTestObject("Object Repository/StarPack - Full Lifecycle (AWIS)/5.04 Agency1 id_refID_td9_a2", ["refID":"source_" + refID]), "color", OPTIONAL): Get CSS 'color' value on 'Object Repository/StarPack - Full Lifecycle (AWIS)/5.04 Agency1 id_refID_td9_a2' successfully: 'rgba(255, 255, 255, 1)'.

2022-06-23 19:31:57 - [MESSAGE][PASSED] - Get CSS 'color' value on 'Object Repository/StarPack - Full Lifecycle (AWIS)/5.04 Agency1 id_refID_td9_a2' successfully: 'rgba(255, 255, 255, 1)'.

2022-06-23 19:31:57 - [TEST_STEP][PASSED] - I.print(color2): null

2022-06-23 19:31:57 - [TEST_STEP][PASSED] - while (color2 == "rgba(255, 255, 255, 1)"): null

2022-06-23 19:31:57 - [TEST_STEP][PASSED] - click(findTestObject("Object Repository/StarPack - Full Lifecycle (AWIS)/5.04 Agency1 id_refID_td9_a2", ["refID":"source_" + refID])): Object: 'Object Repository/StarPack - Full Lifecycle (AWIS)/5.04 Agency1 id_refID_td9_a2' is clicked on

2022-06-23 19:32:00 - [MESSAGE][PASSED] - Object: 'Object Repository/StarPack - Full Lifecycle (AWIS)/5.04 Agency1 id_refID_td9_a2' is clicked on

2022-06-23 19:32:00 - [TEST_STEP][PASSED] - takeScreenshot(): Taking screenshot successfully

2022-06-23 19:32:00 - [MESSAGE][PASSED] - Taking screenshot successfully
[[ATTACHMENT|D:\\Projet Test Auto\\Mediabox Test Automation\\Reports\\20220623_184212\\03. Parallel Testing (Testing)\\TS -PT PART 3\\03. StarPack Full Lifecycle_SAS_Task\\20220623_184213\\1656005520423.png]]

2022-06-23 19:32:00 - [TEST_STEP][PASSED] - I.UploadDoc_sendkey_Prod(findTestObject("1. Constant/xpath", ["xpath":"//*[@id="kt_body"]/input[2]"]), "D:\Upoad_File\Upload doc\testdataaddition1.jpg", "testdataaddition1.jpg"): Delayed 5 second(s)

2022-06-23 19:32:01 - [MESSAGE][PASSED] - Scroll to object 'Object Repository/1. Constant/xpath' successfully

2022-06-23 19:32:06 - [MESSAGE][PASSED] - Delayed 5 second(s)

2022-06-23 19:32:09 - [MESSAGE][PASSED] - File 'D:\Upoad_File\Upload doc\testdataaddition1.jpg' sent to object: 'Object Repository/1. Constant/xpath'

2022-06-23 19:32:14 - [MESSAGE][PASSED] - Delayed 5 second(s)

2022-06-23 19:32:14 - [MESSAGE][PASSED] - Text 'testdataaddition1.jpg' is present on page 

2022-06-23 19:32:19 - [MESSAGE][PASSED] - Delayed 5 second(s)

2022-06-23 19:32:24 - [MESSAGE][PASSED] - Delayed 5 second(s)

2022-06-23 19:32:24 - [TEST_STEP][PASSED] - takeScreenshot(): Taking screenshot successfully

2022-06-23 19:32:25 - [MESSAGE][PASSED] - Taking screenshot successfully
[[ATTACHMENT|D:\\Projet Test Auto\\Mediabox Test Automation\\Reports\\20220623_184212\\03. Parallel Testing (Testing)\\TS -PT PART 3\\03. StarPack Full Lifecycle_SAS_Task\\20220623_184213\\1656005544634.png]]

2022-06-23 19:32:25 - [TEST_STEP][PASSED] - delay(10): Delayed 10 second(s)

2022-06-23 19:32:35 - [MESSAGE][PASSED] - Delayed 10 second(s)

2022-06-23 19:32:35 - [TEST_STEP][PASSED] - I.click_button_javascript(findTestObject("1. Constant/xpath", ["xpath":"//*[@id="ModifFiche"]/div[1]/div/button"])): Execute JavaScript 'arguments[0].click()' successfully

2022-06-23 19:32:42 - [MESSAGE][PASSED] - Execute JavaScript 'arguments[0].click()' successfully

2022-06-23 19:32:42 - [TEST_STEP][PASSED] - delay(5): Delayed 5 second(s)

2022-06-23 19:32:47 - [MESSAGE][PASSED] - Delayed 5 second(s)

2022-06-23 19:32:47 - [TEST_STEP][PASSED] - if (verifyElementPresent(findTestObject("Object Repository/StarPack - Full Lifecycle (AWIS)/5.04 Agency1 id_refID_td9_a2", ["refID":"source_" + refID]), 10, OPTIONAL)): com.kms.katalon.core.webui.exception.WebElementNotFoundException: Web element with id: 'Object Repository/StarPack - Full Lifecycle (AWIS)/5.04 Agency1 id_refID_td9_a2' located by '//*[@id="source_6394"]/td[9]/a[2] ' not found (Root cause: com.kms.katalon.core.exception.StepFailedException: com.kms.katalon.core.webui.exception.WebElementNotFoundException: Web element with id: 'Object Repository/StarPack - Full Lifecycle (AWIS)/5.04 Agency1 id_refID_td9_a2' located by '//*[@id="source_6394"]/td[9]/a[2] ' not found
	at com.kms.katalon.core.webui.keyword.internal.WebUIKeywordMain.stepFailed(WebUIKeywordMain.groovy:64)
	at com.kms.katalon.core.webui.keyword.builtin.VerifyElementPresentKeyword$_verifyElementPresent_closure1.doCall(VerifyElementPresentKeyword.groovy:85)
	at com.kms.katalon.core.webui.keyword.builtin.VerifyElementPresentKeyword$_verifyElementPresent_closure1.call(VerifyElementPresentKeyword.groovy)
	at com.kms.katalon.core.webui.keyword.internal.WebUIKeywordMain.runKeyword(WebUIKeywordMain.groovy:20)
	at com.kms.katalon.core.webui.keyword.builtin.VerifyElementPresentKeyword.verifyElementPresent(VerifyElementPresentKeyword.groovy:92)
	at com.kms.katalon.core.webui.keyword.builtin.VerifyElementPresentKeyword.execute(VerifyElementPresentKeyword.groovy:68)
	at com.kms.katalon.core.keyword.internal.KeywordExecutor.executeKeywordForPlatform(KeywordExecutor.groovy:74)
	at com.kms.katalon.core.webui.keyword.WebUiBuiltInKeywords.verifyElementPresent(WebUiBuiltInKeywords.groovy:1448)
	at com.kms.katalon.core.webui.keyword.WebUiBuiltInKeywords$verifyElementPresent$18.call(Unknown Source)
	at 4.02 Star Pack Full Lifecycle - AWIS (Chrome)_Sans_Ref_filles.run(4.02 Star Pack Full Lifecycle - AWIS (Chrome)_Sans_Ref_filles:508)
	at com.kms.katalon.core.main.ScriptEngine.run(ScriptEngine.java:194)
	at com.kms.katalon.core.main.ScriptEngine.runScriptAsRawText(ScriptEngine.java:119)
	at com.kms.katalon.core.main.TestCaseExecutor.runScript(TestCaseExecutor.java:445)
	at com.kms.katalon.core.main.TestCaseExecutor.doExecute(TestCaseExecutor.java:436)
	at com.kms.katalon.core.main.TestCaseExecutor.processExecutionPhase(TestCaseExecutor.java:415)
	at com.kms.katalon.core.main.TestCaseExecutor.accessMainPhase(TestCaseExecutor.java:407)
	at com.kms.katalon.core.main.TestCaseExecutor.execute(TestCaseExecutor.java:284)
	at com.kms.katalon.core.common.CommonExecutor.accessTestCaseMainPhase(CommonExecutor.java:65)
	at com.kms.katalon.core.main.TestSuiteExecutor.accessTestSuiteMainPhase(TestSuiteExecutor.java:144)
	at com.kms.katalon.core.main.TestSuiteExecutor.execute(TestSuiteExecutor.java:106)
	at com.kms.katalon.core.main.TestCaseMain.startTestSuite(TestCaseMain.java:185)
	at com.kms.katalon.core.main.TestCaseMain$startTestSuite$0.call(Unknown Source)
	at TempTestSuite1656002533984.run(TempTestSuite1656002533984.groovy:36)
)

2022-06-23 19:32:59 - [MESSAGE][INFO] - Unable to find the element located by 'By.xpath: //*[@id="source_6394"]/td[9]/a[2] '. Please recheck the objects properties to make sure the desired element is located. 

2022-06-23 19:33:00 - [MESSAGE][WARNING] - com.kms.katalon.core.webui.exception.WebElementNotFoundException: Web element with id: 'Object Repository/StarPack - Full Lifecycle (AWIS)/5.04 Agency1 id_refID_td9_a2' located by '//*[@id="source_6394"]/td[9]/a[2] ' not found (Root cause: com.kms.katalon.core.exception.StepFailedException: com.kms.katalon.core.webui.exception.WebElementNotFoundException: Web element with id: 'Object Repository/StarPack - Full Lifecycle (AWIS)/5.04 Agency1 id_refID_td9_a2' located by '//*[@id="source_6394"]/td[9]/a[2] ' not found
	at com.kms.katalon.core.webui.keyword.internal.WebUIKeywordMain.stepFailed(WebUIKeywordMain.groovy:64)
	at com.kms.katalon.core.webui.keyword.builtin.VerifyElementPresentKeyword$_verifyElementPresent_closure1.doCall(VerifyElementPresentKeyword.groovy:85)
	at com.kms.katalon.core.webui.keyword.builtin.VerifyElementPresentKeyword$_verifyElementPresent_closure1.call(VerifyElementPresentKeyword.groovy)
	at com.kms.katalon.core.webui.keyword.internal.WebUIKeywordMain.runKeyword(WebUIKeywordMain.groovy:20)
	at com.kms.katalon.core.webui.keyword.builtin.VerifyElementPresentKeyword.verifyElementPresent(VerifyElementPresentKeyword.groovy:92)
	at com.kms.katalon.core.webui.keyword.builtin.VerifyElementPresentKeyword.execute(VerifyElementPresentKeyword.groovy:68)
	at com.kms.katalon.core.keyword.internal.KeywordExecutor.executeKeywordForPlatform(KeywordExecutor.groovy:74)
	at com.kms.katalon.core.webui.keyword.WebUiBuiltInKeywords.verifyElementPresent(WebUiBuiltInKeywords.groovy:1448)
	at com.kms.katalon.core.webui.keyword.WebUiBuiltInKeywords$verifyElementPresent$18.call(Unknown Source)
	at 4.02 Star Pack Full Lifecycle - AWIS (Chrome)_Sans_Ref_filles.run(4.02 Star Pack Full Lifecycle - AWIS (Chrome)_Sans_Ref_filles:508)
	at com.kms.katalon.core.main.ScriptEngine.run(ScriptEngine.java:194)
	at com.kms.katalon.core.main.ScriptEngine.runScriptAsRawText(ScriptEngine.java:119)
	at com.kms.katalon.core.main.TestCaseExecutor.runScript(TestCaseExecutor.java:445)
	at com.kms.katalon.core.main.TestCaseExecutor.doExecute(TestCaseExecutor.java:436)
	at com.kms.katalon.core.main.TestCaseExecutor.processExecutionPhase(TestCaseExecutor.java:415)
	at com.kms.katalon.core.main.TestCaseExecutor.accessMainPhase(TestCaseExecutor.java:407)
	at com.kms.katalon.core.main.TestCaseExecutor.execute(TestCaseExecutor.java:284)
	at com.kms.katalon.core.common.CommonExecutor.accessTestCaseMainPhase(CommonExecutor.java:65)
	at com.kms.katalon.core.main.TestSuiteExecutor.accessTestSuiteMainPhase(TestSuiteExecutor.java:144)
	at com.kms.katalon.core.main.TestSuiteExecutor.execute(TestSuiteExecutor.java:106)
	at com.kms.katalon.core.main.TestCaseMain.startTestSuite(TestCaseMain.java:185)
	at com.kms.katalon.core.main.TestCaseMain$startTestSuite$0.call(Unknown Source)
	at TempTestSuite1656002533984.run(TempTestSuite1656002533984.groovy:36)
)
[[ATTACHMENT|D:\\Projet Test Auto\\Mediabox Test Automation\\Reports\\20220623_184212\\03. Parallel Testing (Testing)\\TS -PT PART 3\\03. StarPack Full Lifecycle_SAS_Task\\20220623_184213\\1656005579385.png]]

2022-06-23 19:33:00 - [TEST_STEP][PASSED] - else: null

2022-06-23 19:33:00 - [TEST_STEP][PASSED] - color2 = "white": null

2022-06-23 19:33:00 - [TEST_STEP][PASSED] - I.Logout(): Delayed 3 second(s)

2022-06-23 19:33:03 - [MESSAGE][PASSED] - Delayed 3 second(s)

2022-06-23 19:33:04 - [MESSAGE][PASSED] - Object: 'Object Repository/1. Constant/xpath' is clicked on

2022-06-23 19:33:07 - [MESSAGE][PASSED] - Delayed 3 second(s)

2022-06-23 19:33:10 - [MESSAGE][PASSED] - Object: 'Object Repository/1. Constant/xpath' is clicked on

2022-06-23 19:33:13 - [MESSAGE][PASSED] - Delayed 3 second(s)

2022-06-23 19:33:13 - [TEST_STEP][PASSED] - I.Login_password("aterreshernandez", password_aterreshernandez): Object: 'Object Repository/1. Constant/xpath' is clicked on

2022-06-23 19:33:14 - [MESSAGE][PASSED] - Text 'aterreshernandez' is set on object 'Object Repository/1. Constant/xpath'

2022-06-23 19:33:15 - [MESSAGE][PASSED] - Delayed 1 second(s)

2022-06-23 19:33:18 - [MESSAGE][PASSED] - Text 'dchi' is set on object 'Object Repository/1. Constant/xpath'

2022-06-23 19:33:19 - [MESSAGE][PASSED] - Delayed 1 second(s)

2022-06-23 19:33:25 - [MESSAGE][PASSED] - Object: 'Object Repository/1. Constant/xpath' is clicked on

2022-06-23 19:33:25 - [TEST_STEP][PASSED] - takeScreenshot(): Taking screenshot successfully

2022-06-23 19:33:26 - [MESSAGE][PASSED] - Taking screenshot successfully
[[ATTACHMENT|D:\\Projet Test Auto\\Mediabox Test Automation\\Reports\\20220623_184212\\03. Parallel Testing (Testing)\\TS -PT PART 3\\03. StarPack Full Lifecycle_SAS_Task\\20220623_184213\\1656005605900.png]]

2022-06-23 19:33:26 - [TEST_STEP][PASSED] - click(findTestObject("1. Constant/02_LHSMenu_Projects")): Object: 'Object Repository/1. Constant/02_LHSMenu_Projects' is clicked on

2022-06-23 19:33:30 - [MESSAGE][PASSED] - Object: 'Object Repository/1. Constant/02_LHSMenu_Projects' is clicked on

2022-06-23 19:33:30 - [TEST_STEP][PASSED] - I.SearchProjectNo(Project_No, findTestObject("1. Constant/xpath", ["xpath":"//*[@id="form_filters"]/div[7]/button"])): Delayed 5 second(s)

2022-06-23 19:33:33 - [MESSAGE][PASSED] - Text 'MI001280' is set on object 'Object Repository/1. Constant/xpath'

2022-06-23 19:33:36 - [MESSAGE][PASSED] - Delayed 3 second(s)

2022-06-23 19:33:40 - [MESSAGE][PASSED] - Object: 'Object Repository/1. Constant/xpath' is clicked on

2022-06-23 19:33:45 - [MESSAGE][PASSED] - Delayed 5 second(s)

2022-06-23 19:33:45 - [TEST_STEP][PASSED] - click(findTestObject("1. Constant/xpath", ["xpath":"/html/body/div[1]/div[2]/div[4]/div[3]/div/div[2]/div[2]/div[1]/table/tbody/tr[2]/td[12]/a[2]"])): Object: 'Object Repository/1. Constant/xpath' is clicked on

2022-06-23 19:33:49 - [MESSAGE][PASSED] - Object: 'Object Repository/1. Constant/xpath' is clicked on

2022-06-23 19:33:49 - [TEST_STEP][PASSED] - I.AWF_approve_view(): Object: 'Object Repository/HL Full Lifecycle/Function_Appbutton2' is clicked on

2022-06-23 19:33:51 - [MESSAGE][PASSED] - Wait for page load successfully

2022-06-23 19:34:01 - [MESSAGE][PASSED] - Delayed 10 second(s)

2022-06-23 19:34:01 - [MESSAGE][PASSED] - Object: 'Object Repository/HL Full Lifecycle/Function_access Viewer2' is hovered

2022-06-23 19:34:04 - [MESSAGE][PASSED] - Delayed 3 second(s)

2022-06-23 19:34:06 - [MESSAGE][PASSED] - Object: 'Object Repository/HL Full Lifecycle/Function_access Viewer2' is clicked on

2022-06-23 19:34:11 - [MESSAGE][PASSED] - Delayed 5 second(s)

2022-06-23 19:34:11 - [MESSAGE][PASSED] - Object: 'Object Repository/HL Full Lifecycle/Function_AppButton' is clicked on

2022-06-23 19:34:16 - [MESSAGE][PASSED] - Delayed 5 second(s)

2022-06-23 19:34:25 - [MESSAGE][PASSED] - Object: 'Object Repository/HL Full Lifecycle/Function_Appbutton2' is clicked on

2022-06-23 19:34:25 - [TEST_STEP][PASSED] - I.Logout(): Delayed 3 second(s)

2022-06-23 19:34:28 - [MESSAGE][PASSED] - Delayed 3 second(s)

2022-06-23 19:34:30 - [MESSAGE][PASSED] - Object: 'Object Repository/1. Constant/xpath' is clicked on

2022-06-23 19:34:33 - [MESSAGE][PASSED] - Delayed 3 second(s)

2022-06-23 19:34:37 - [MESSAGE][PASSED] - Object: 'Object Repository/1. Constant/xpath' is clicked on

2022-06-23 19:34:40 - [MESSAGE][PASSED] - Delayed 3 second(s)

2022-06-23 19:34:40 - [TEST_STEP][PASSED] - I.Login_password("aherms", password_aherms): Object: 'Object Repository/1. Constant/xpath' is clicked on

2022-06-23 19:34:41 - [MESSAGE][PASSED] - Text 'aherms' is set on object 'Object Repository/1. Constant/xpath'

2022-06-23 19:34:42 - [MESSAGE][PASSED] - Delayed 1 second(s)

2022-06-23 19:34:43 - [MESSAGE][PASSED] - Text 'dchi3' is set on object 'Object Repository/1. Constant/xpath'

2022-06-23 19:34:44 - [MESSAGE][PASSED] - Delayed 1 second(s)

2022-06-23 19:34:50 - [MESSAGE][PASSED] - Object: 'Object Repository/1. Constant/xpath' is clicked on

2022-06-23 19:34:50 - [TEST_STEP][PASSED] - takeScreenshot(): Taking screenshot successfully

2022-06-23 19:34:51 - [MESSAGE][PASSED] - Taking screenshot successfully
[[ATTACHMENT|D:\\Projet Test Auto\\Mediabox Test Automation\\Reports\\20220623_184212\\03. Parallel Testing (Testing)\\TS -PT PART 3\\03. StarPack Full Lifecycle_SAS_Task\\20220623_184213\\1656005690853.png]]

2022-06-23 19:34:51 - [TEST_STEP][PASSED] - click(findTestObject("1. Constant/02_LHSMenu_Projects")): Object: 'Object Repository/1. Constant/02_LHSMenu_Projects' is clicked on

2022-06-23 19:34:55 - [MESSAGE][PASSED] - Object: 'Object Repository/1. Constant/02_LHSMenu_Projects' is clicked on

2022-06-23 19:34:55 - [TEST_STEP][PASSED] - I.SearchProjectNo(Project_No, findTestObject("HL Full Lifecycle/9 Filter_Button_Apply")): Delayed 5 second(s)

2022-06-23 19:34:57 - [MESSAGE][PASSED] - Text 'MI001280' is set on object 'Object Repository/1. Constant/xpath'

2022-06-23 19:35:00 - [MESSAGE][PASSED] - Delayed 3 second(s)

2022-06-23 19:35:03 - [MESSAGE][PASSED] - Object: 'Object Repository/HL Full Lifecycle/9 Filter_Button_Apply' is clicked on

2022-06-23 19:35:08 - [MESSAGE][PASSED] - Delayed 5 second(s)

2022-06-23 19:35:08 - [TEST_STEP][PASSED] - click(findTestObject("Object Repository/StarPack - Full Lifecycle (AWIS)/5.04 Agency1 id_refID_td9_a2", ["refID":"source_" + refID])): Object: 'Object Repository/StarPack - Full Lifecycle (AWIS)/5.04 Agency1 id_refID_td9_a2' is clicked on

2022-06-23 19:35:11 - [MESSAGE][PASSED] - Object: 'Object Repository/StarPack - Full Lifecycle (AWIS)/5.04 Agency1 id_refID_td9_a2' is clicked on

2022-06-23 19:35:11 - [TEST_STEP][PASSED] - setText(findTestObject("1. Constant/01_id_field_id", ["field_id":"var_48"]), "Número de seguimiento del envío de la muestra de packagingmandatory"): Text 'Número de seguimiento del envío de la muestra de packagingmandatory' is set on object 'Object Repository/1. Constant/01_id_field_id'

2022-06-23 19:35:13 - [MESSAGE][PASSED] - Text 'Número de seguimiento del envío de la muestra de packagingmandatory' is set on object 'Object Repository/1. Constant/01_id_field_id'

2022-06-23 19:35:13 - [TEST_STEP][PASSED] - click(findTestObject("1. Constant/xpath", ["xpath":"//*[@id="ModifFiche"]/div[3]/div/button[2]"])): Object: 'Object Repository/1. Constant/xpath' is clicked on

2022-06-23 19:35:18 - [MESSAGE][PASSED] - Object: 'Object Repository/1. Constant/xpath' is clicked on

2022-06-23 19:35:18 - [TEST_STEP][PASSED] - I.Logout(): Delayed 3 second(s)

2022-06-23 19:35:21 - [MESSAGE][PASSED] - Delayed 3 second(s)

2022-06-23 19:35:22 - [MESSAGE][PASSED] - Object: 'Object Repository/1. Constant/xpath' is clicked on

2022-06-23 19:35:25 - [MESSAGE][PASSED] - Delayed 3 second(s)

2022-06-23 19:35:29 - [MESSAGE][PASSED] - Object: 'Object Repository/1. Constant/xpath' is clicked on

2022-06-23 19:35:32 - [MESSAGE][PASSED] - Delayed 3 second(s)

2022-06-23 19:35:32 - [TEST_STEP][PASSED] - I.Login_password("aterreshernandez", password_aterreshernandez): Object: 'Object Repository/1. Constant/xpath' is clicked on

2022-06-23 19:35:33 - [MESSAGE][PASSED] - Text 'aterreshernandez' is set on object 'Object Repository/1. Constant/xpath'

2022-06-23 19:35:34 - [MESSAGE][PASSED] - Delayed 1 second(s)

2022-06-23 19:35:36 - [MESSAGE][PASSED] - Text 'dchi' is set on object 'Object Repository/1. Constant/xpath'

2022-06-23 19:35:37 - [MESSAGE][PASSED] - Delayed 1 second(s)

2022-06-23 19:35:41 - [MESSAGE][PASSED] - Object: 'Object Repository/1. Constant/xpath' is clicked on

2022-06-23 19:35:41 - [TEST_STEP][PASSED] - takeScreenshot(): Taking screenshot successfully

2022-06-23 19:35:42 - [MESSAGE][PASSED] - Taking screenshot successfully
[[ATTACHMENT|D:\\Projet Test Auto\\Mediabox Test Automation\\Reports\\20220623_184212\\03. Parallel Testing (Testing)\\TS -PT PART 3\\03. StarPack Full Lifecycle_SAS_Task\\20220623_184213\\1656005741914.png]]

2022-06-23 19:35:42 - [TEST_STEP][PASSED] - click(findTestObject("1. Constant/02_LHSMenu_Projects")): Object: 'Object Repository/1. Constant/02_LHSMenu_Projects' is clicked on

2022-06-23 19:35:46 - [MESSAGE][PASSED] - Object: 'Object Repository/1. Constant/02_LHSMenu_Projects' is clicked on

2022-06-23 19:35:46 - [TEST_STEP][PASSED] - I.SearchProjectNo(Project_No, findTestObject("1. Constant/xpath", ["xpath":"//*[@id="form_filters"]/div[7]/button"])): Delayed 5 second(s)

2022-06-23 19:35:54 - [MESSAGE][PASSED] - Text 'MI001280' is set on object 'Object Repository/1. Constant/xpath'

2022-06-23 19:35:57 - [MESSAGE][PASSED] - Delayed 3 second(s)

2022-06-23 19:36:01 - [MESSAGE][PASSED] - Object: 'Object Repository/1. Constant/xpath' is clicked on

2022-06-23 19:36:06 - [MESSAGE][PASSED] - Delayed 5 second(s)

2022-06-23 19:36:06 - [TEST_STEP][PASSED] - click(findTestObject("1. Constant/xpath", ["xpath":"/html/body/div[1]/div[2]/div[4]/div[3]/div/div[2]/div[2]/div[1]/table/tbody/tr[2]/td[12]/a[2]"])): Object: 'Object Repository/1. Constant/xpath' is clicked on

2022-06-23 19:36:13 - [MESSAGE][PASSED] - Object: 'Object Repository/1. Constant/xpath' is clicked on

2022-06-23 19:36:13 - [TEST_STEP][PASSED] - I.status_lifecycle(findTestObject("1. Constant/xpath", ["xpath":"/html/body/div[1]/div[2]/div[4]/div[3]/div/div[2]/div[2]/div[1]/table/tbody/tr[2]/td[7]/span"]), "Completado"): Status contain Completado.

2022-06-23 19:36:13 - [MESSAGE][PASSED] - Text of object 'Object Repository/1. Constant/xpath' is: 'Completado'

2022-06-23 19:36:13 - [MESSAGE][PASSED] - Status contain Completado.

2022-06-23 19:36:13 - [TEST_STEP][PASSED] - takeScreenshot(): Taking screenshot successfully

2022-06-23 19:36:14 - [MESSAGE][PASSED] - Taking screenshot successfully
[[ATTACHMENT|D:\\Projet Test Auto\\Mediabox Test Automation\\Reports\\20220623_184212\\03. Parallel Testing (Testing)\\TS -PT PART 3\\03. StarPack Full Lifecycle_SAS_Task\\20220623_184213\\1656005774197.png]]

2022-06-23 19:36:14 - [TEST_STEP][PASSED] - closeBrowser(): Browser is closed

2022-06-23 19:36:21 - [MESSAGE][PASSED] - Browser is closed

2022-06-23 19:36:21 - [TEST_STEP][PASSED] - Start listener action : sampleAfterTestCase: null]]></system-out>
         <system-err><![CDATA[]]></system-err>
      </testcase>
      <testcase name="Test Cases/16 Support action (Completed ref)/16.01 StarPack Support action (Completed ref) Existing ref 4.01_15.03_ P3" time="224.953" classname="Test Cases/16 Support action (Completed ref)/16.01 StarPack Support action (Completed ref) Existing ref 4.01_15.03_ P3" status="PASSED">
         <system-out><![CDATA[2022-06-23 19:36:21 - [TEST_CASE][PASSED] - Test Cases/16 Support action (Completed ref)/16.01 StarPack Support action (Completed ref) Existing ref 4.01_15.03_ P3: Test Cases/16 Support action (Completed ref)/16.01 StarPack Support action (Completed ref) Existing ref 4.01_15.03_ P3

2022-06-23 19:36:22 - [TEST_STEP][PASSED] - data = findTestData("Data Files/Username_Password/Starpack (10June2021)"): null

2022-06-23 19:36:22 - [TEST_STEP][PASSED] - password_aterreshernandez = data.getValue(2, 5): null

2022-06-23 19:36:22 - [TEST_STEP][PASSED] - data_urlRELAUTO = findTestData("Data Files/URL/URL_relauto"): null

2022-06-23 19:36:22 - [TEST_STEP][PASSED] - Url_Starpack = data_urlRELAUTO.getValue(2, 2): null

2022-06-23 19:36:22 - [TEST_STEP][PASSED] - Project_No = I.readnotepad("D:\Upoad_File\Projet_ Login\StarPack\4.01 StarPack _Project_No\4.01_StarPack_ProjectNo.txt"): null

2022-06-23 19:36:22 - [TEST_STEP][PASSED] - refID = I.readnotepad("D:\Upoad_File\Projet_ Login\StarPack\4.01 StarPack _Project_No\4.01_StarPack_refID.txt"): null

2022-06-23 19:36:22 - [TEST_STEP][PASSED] - refID_PS = I.readnotepad("D:\Upoad_File\Projet_ Login\StarPack\4.01 StarPack _Project_No\4.01_StarPack_refID_PS.txt"): null

2022-06-23 19:36:22 - [TEST_STEP][PASSED] - refID_PTS = I.readnotepad("D:\Upoad_File\Projet_ Login\StarPack\4.01 StarPack _Project_No\4.01_StarPack_refID_PTS.txt"): null

2022-06-23 19:36:22 - [TEST_STEP][PASSED] - refID_TD = I.readnotepad("D:\Upoad_File\Projet_ Login\StarPack\4.01 StarPack _Project_No\4.01_StarPack_refID_TD.txt"): null

2022-06-23 19:36:22 - [TEST_STEP][PASSED] - openBrowser(Url_Starpack): Browser is opened with url: 'http://mdb-release.diadeis.lan/MediaboxIndependence/?MBI_datasource=RELTESTAUTO_STARPACK'

2022-06-23 19:36:22 - [MESSAGE][INFO] - Starting 'Chrome (headless)' driver

2022-06-23 19:36:22 - [MESSAGE][INFO] - User set preference: ['args', '[--window-size=1920,1080, --headless]']

2022-06-23 19:36:22 - [MESSAGE][INFO] - Action delay is set to 0 milliseconds

2022-06-23 19:36:43 - [MESSAGE][PASSED] - Browser is opened with url: 'http://mdb-release.diadeis.lan/MediaboxIndependence/?MBI_datasource=RELTESTAUTO_STARPACK'

2022-06-23 19:36:43 - [TEST_STEP][PASSED] - maximizeWindow(): Current window maximized

2022-06-23 19:36:44 - [MESSAGE][PASSED] - Current window maximized

2022-06-23 19:36:44 - [TEST_STEP][PASSED] - I.Login_password("aterreshernandez", password_aterreshernandez): Object: 'Object Repository/1. Constant/xpath' is clicked on

2022-06-23 19:36:46 - [MESSAGE][PASSED] - Text 'aterreshernandez' is set on object 'Object Repository/1. Constant/xpath'

2022-06-23 19:36:47 - [MESSAGE][PASSED] - Delayed 1 second(s)

2022-06-23 19:36:48 - [MESSAGE][PASSED] - Text 'dchi' is set on object 'Object Repository/1. Constant/xpath'

2022-06-23 19:36:49 - [MESSAGE][PASSED] - Delayed 1 second(s)

2022-06-23 19:37:04 - [MESSAGE][PASSED] - Object: 'Object Repository/1. Constant/xpath' is clicked on

2022-06-23 19:37:04 - [TEST_STEP][PASSED] - takeScreenshot(): Taking screenshot successfully

2022-06-23 19:37:06 - [MESSAGE][PASSED] - Taking screenshot successfully
[[ATTACHMENT|D:\\Projet Test Auto\\Mediabox Test Automation\\Reports\\20220623_184212\\03. Parallel Testing (Testing)\\TS -PT PART 3\\03. StarPack Full Lifecycle_SAS_Task\\20220623_184213\\1656005825350.png]]

2022-06-23 19:37:06 - [TEST_STEP][PASSED] - click(findTestObject("1. Constant/02_LHSMenu_Projects")): Object: 'Object Repository/1. Constant/02_LHSMenu_Projects' is clicked on

2022-06-23 19:37:09 - [MESSAGE][PASSED] - Object: 'Object Repository/1. Constant/02_LHSMenu_Projects' is clicked on

2022-06-23 19:37:09 - [TEST_STEP][PASSED] - I.SearchProjectNo_xpath(Project_No, "//*[@id="keynum_project"]", "//*[@id="form_filters"]/div[7]/button"): Delayed 5 second(s)

2022-06-23 19:37:10 - [MESSAGE][PASSED] - Delayed 1 second(s)

2022-06-23 19:37:12 - [MESSAGE][PASSED] - Text 'MI001278' is set on object 'Object Repository/1. Constant/xpath'

2022-06-23 19:37:15 - [MESSAGE][PASSED] - Delayed 3 second(s)

2022-06-23 19:37:16 - [MESSAGE][PASSED] - Scroll to object 'Object Repository/1. Constant/xpath' successfully

2022-06-23 19:37:22 - [MESSAGE][PASSED] - Object: 'Object Repository/1. Constant/xpath' is clicked on

2022-06-23 19:37:27 - [MESSAGE][PASSED] - Delayed 5 second(s)

2022-06-23 19:37:27 - [TEST_STEP][PASSED] - takeScreenshot(): Taking screenshot successfully

2022-06-23 19:37:28 - [MESSAGE][PASSED] - Taking screenshot successfully
[[ATTACHMENT|D:\\Projet Test Auto\\Mediabox Test Automation\\Reports\\20220623_184212\\03. Parallel Testing (Testing)\\TS -PT PART 3\\03. StarPack Full Lifecycle_SAS_Task\\20220623_184213\\1656005848159.png]]

2022-06-23 19:37:28 - [TEST_STEP][PASSED] - delay(1): Delayed 1 second(s)

2022-06-23 19:37:29 - [MESSAGE][PASSED] - Delayed 1 second(s)

2022-06-23 19:37:29 - [TEST_STEP][PASSED] - takeScreenshot(): Taking screenshot successfully

2022-06-23 19:37:31 - [MESSAGE][PASSED] - Taking screenshot successfully
[[ATTACHMENT|D:\\Projet Test Auto\\Mediabox Test Automation\\Reports\\20220623_184212\\03. Parallel Testing (Testing)\\TS -PT PART 3\\03. StarPack Full Lifecycle_SAS_Task\\20220623_184213\\1656005850572.png]]

2022-06-23 19:37:31 - [TEST_STEP][PASSED] - takeScreenshot(): Taking screenshot successfully

2022-06-23 19:37:32 - [MESSAGE][PASSED] - Taking screenshot successfully
[[ATTACHMENT|D:\\Projet Test Auto\\Mediabox Test Automation\\Reports\\20220623_184212\\03. Parallel Testing (Testing)\\TS -PT PART 3\\03. StarPack Full Lifecycle_SAS_Task\\20220623_184213\\1656005851744.png]]

2022-06-23 19:37:32 - [TEST_STEP][PASSED] - delay(1): Delayed 1 second(s)

2022-06-23 19:37:33 - [MESSAGE][PASSED] - Delayed 1 second(s)

2022-06-23 19:37:33 - [TEST_STEP][PASSED] - click(findTestObject("1. Constant/xpath", ["xpath":"/html/body/div[1]/div[2]/div[4]/div[3]/div/div[2]/div[2]/div[1]/table/tbody/tr[2]/td[4]/a[1]"])): Object: 'Object Repository/1. Constant/xpath' is clicked on

2022-06-23 19:37:42 - [MESSAGE][PASSED] - Object: 'Object Repository/1. Constant/xpath' is clicked on

2022-06-23 19:37:42 - [TEST_STEP][PASSED] - click(findTestObject("1. Constant/xpath", ["xpath":"//*[@id="kt_content"]/div[3]/div/ul/li[3]/a"])): Object: 'Object Repository/1. Constant/xpath' is clicked on

2022-06-23 19:37:45 - [MESSAGE][PASSED] - Object: 'Object Repository/1. Constant/xpath' is clicked on

2022-06-23 19:37:45 - [TEST_STEP][PASSED] - delay(1): Delayed 1 second(s)

2022-06-23 19:37:46 - [MESSAGE][PASSED] - Delayed 1 second(s)

2022-06-23 19:37:46 - [TEST_STEP][PASSED] - click(findTestObject("1. Constant/xpath", ["xpath":"/html/body/div[1]/div[2]/div[8]/div[3]/div/div[3]/div[3]/div/ul/li[3]/a"])): Object: 'Object Repository/1. Constant/xpath' is clicked on

2022-06-23 19:37:47 - [MESSAGE][PASSED] - Object: 'Object Repository/1. Constant/xpath' is clicked on

2022-06-23 19:37:47 - [TEST_STEP][PASSED] - I.Pagedown(): Execute JavaScript 'window.scrollTo(0, document.body.scrollHeight)' successfully

2022-06-23 19:37:48 - [MESSAGE][PASSED] - Execute JavaScript 'window.scrollTo(0, document.body.scrollHeight)' successfully

2022-06-23 19:37:48 - [TEST_STEP][PASSED] - takeScreenshot(): Taking screenshot successfully

2022-06-23 19:37:49 - [MESSAGE][PASSED] - Taking screenshot successfully
[[ATTACHMENT|D:\\Projet Test Auto\\Mediabox Test Automation\\Reports\\20220623_184212\\03. Parallel Testing (Testing)\\TS -PT PART 3\\03. StarPack Full Lifecycle_SAS_Task\\20220623_184213\\1656005868973.png]]

2022-06-23 19:37:49 - [TEST_STEP][PASSED] - verifyElementVisible(findTestObject("1. Constant/xpath", ["xpath":"/html/body/div[1]/div[2]/div[8]/div[3]/div/div[3]/div[3]/div/div/div[3]/div/div[4]/div/div[1]/div[2]/div/a[4]"])): Object 'Object Repository/1. Constant/xpath' is visible

2022-06-23 19:37:51 - [MESSAGE][PASSED] - Object 'Object Repository/1. Constant/xpath' is visible

2022-06-23 19:37:51 - [TEST_STEP][PASSED] - verifyElementVisible(findTestObject("1. Constant/xpath", ["xpath":"/html/body/div[1]/div[2]/div[8]/div[3]/div/div[3]/div[3]/div/div/div[3]/div/div[4]/div/div[1]/div[2]/div/a[1]"])): Object 'Object Repository/1. Constant/xpath' is visible

2022-06-23 19:37:51 - [MESSAGE][PASSED] - Object 'Object Repository/1. Constant/xpath' is visible

2022-06-23 19:37:51 - [TEST_STEP][PASSED] - verifyElementVisible(findTestObject("1. Constant/xpath", ["xpath":"/html/body/div[1]/div[2]/div[8]/div[3]/div/div[3]/div[3]/div/div/div[3]/div/div[4]/div/div[1]/div[2]/a"])): Object 'Object Repository/1. Constant/xpath' is visible

2022-06-23 19:37:52 - [MESSAGE][PASSED] - Object 'Object Repository/1. Constant/xpath' is visible

2022-06-23 19:37:52 - [TEST_STEP][PASSED] - verifyElementClickable(findTestObject("1. Constant/xpath", ["xpath":"/html/body/div[1]/div[2]/div[8]/div[3]/div/div[3]/div[3]/div/div/div[3]/div/div[4]/div/div[1]/div[2]/div/a[4]"])): Object 'Object Repository/1. Constant/xpath' is clickable

2022-06-23 19:37:52 - [MESSAGE][PASSED] - Object 'Object Repository/1. Constant/xpath' is clickable

2022-06-23 19:37:52 - [TEST_STEP][PASSED] - click(findTestObject("1. Constant/xpath", ["xpath":"//*[@id="kt_subheader"]/div/nav/ol/li[2]/a"])): Object: 'Object Repository/1. Constant/xpath' is clicked on

2022-06-23 19:37:57 - [MESSAGE][PASSED] - Object: 'Object Repository/1. Constant/xpath' is clicked on

2022-06-23 19:37:57 - [TEST_STEP][PASSED] - takeScreenshot(): Taking screenshot successfully

2022-06-23 19:37:57 - [MESSAGE][PASSED] - Taking screenshot successfully
[[ATTACHMENT|D:\\Projet Test Auto\\Mediabox Test Automation\\Reports\\20220623_184212\\03. Parallel Testing (Testing)\\TS -PT PART 3\\03. StarPack Full Lifecycle_SAS_Task\\20220623_184213\\1656005877309.png]]

2022-06-23 19:37:57 - [TEST_STEP][PASSED] - delay(1): Delayed 1 second(s)

2022-06-23 19:37:58 - [MESSAGE][PASSED] - Delayed 1 second(s)

2022-06-23 19:37:58 - [TEST_STEP][PASSED] - click(findTestObject("1. Constant/xpath", ["xpath":"/html/body/div[1]/div[2]/div[4]/div[3]/div/div[2]/div[2]/div[1]/table/tbody/tr[2]/td[12]/a[2]"])): Object: 'Object Repository/1. Constant/xpath' is clicked on

2022-06-23 19:38:00 - [MESSAGE][PASSED] - Object: 'Object Repository/1. Constant/xpath' is clicked on

2022-06-23 19:38:00 - [TEST_STEP][PASSED] - takeScreenshot(): Taking screenshot successfully

2022-06-23 19:38:01 - [MESSAGE][PASSED] - Taking screenshot successfully
[[ATTACHMENT|D:\\Projet Test Auto\\Mediabox Test Automation\\Reports\\20220623_184212\\03. Parallel Testing (Testing)\\TS -PT PART 3\\03. StarPack Full Lifecycle_SAS_Task\\20220623_184213\\1656005880615.png]]

2022-06-23 19:38:01 - [TEST_STEP][PASSED] - delay(1): Delayed 1 second(s)

2022-06-23 19:38:02 - [MESSAGE][PASSED] - Delayed 1 second(s)

2022-06-23 19:38:02 - [TEST_STEP][PASSED] - click(findTestObject("1. Constant/xpath", ["xpath":"//*[@id="modal_support_action_shortcut"]/div/div/div[2]/button[2]"])): Object: 'Object Repository/1. Constant/xpath' is clicked on

2022-06-23 19:38:07 - [MESSAGE][PASSED] - Object: 'Object Repository/1. Constant/xpath' is clicked on

2022-06-23 19:38:07 - [TEST_STEP][PASSED] - delay(1): Delayed 1 second(s)

2022-06-23 19:38:08 - [MESSAGE][PASSED] - Delayed 1 second(s)

2022-06-23 19:38:08 - [TEST_STEP][PASSED] - takeScreenshot(): Taking screenshot successfully

2022-06-23 19:38:09 - [MESSAGE][PASSED] - Taking screenshot successfully
[[ATTACHMENT|D:\\Projet Test Auto\\Mediabox Test Automation\\Reports\\20220623_184212\\03. Parallel Testing (Testing)\\TS -PT PART 3\\03. StarPack Full Lifecycle_SAS_Task\\20220623_184213\\1656005888946.png]]

2022-06-23 19:38:09 - [TEST_STEP][PASSED] - click(findTestObject("1. Constant/xpath", ["xpath":"//*[@id="kt_content"]/div[3]/div/ul/li[3]/a"])): Object: 'Object Repository/1. Constant/xpath' is clicked on

2022-06-23 19:38:12 - [MESSAGE][PASSED] - Object: 'Object Repository/1. Constant/xpath' is clicked on

2022-06-23 19:38:12 - [TEST_STEP][PASSED] - verifyElementVisible(findTestObject("1. Constant/xpath", ["xpath":"/html/body/div[1]/div[2]/div[8]/div[3]/div/div[3]/div[3]/div/ul/li[4]/a"])): Object 'Object Repository/1. Constant/xpath' is visible

2022-06-23 19:38:13 - [MESSAGE][PASSED] - Object 'Object Repository/1. Constant/xpath' is visible

2022-06-23 19:38:13 - [TEST_STEP][PASSED] - verifyElementVisible(findTestObject("1. Constant/xpath", ["xpath":"/html/body/div[1]/div[2]/div[8]/div[3]/div/div[3]/div[3]/div/ul/li[5]/a"])): Object 'Object Repository/1. Constant/xpath' is visible

2022-06-23 19:38:13 - [MESSAGE][PASSED] - Object 'Object Repository/1. Constant/xpath' is visible

2022-06-23 19:38:13 - [TEST_STEP][PASSED] - click(findTestObject("1. Constant/xpath", ["xpath":"//*[@id="kt_subheader"]/div/nav/ol/li[2]/a"])): Object: 'Object Repository/1. Constant/xpath' is clicked on

2022-06-23 19:38:19 - [MESSAGE][PASSED] - Object: 'Object Repository/1. Constant/xpath' is clicked on

2022-06-23 19:38:19 - [TEST_STEP][PASSED] - I.VerifyMatchText("/html/body/div[1]/div[2]/div[4]/div[3]/div/div[2]/div[2]/div[1]/table/tbody/tr[2]/td[7]/span[2]", "PAF"): Actual text 'PAF' and expected text 'PAF' are matched 

2022-06-23 19:38:19 - [MESSAGE][PASSED] - Text of object 'Object Repository/1. Constant/xpath' is: 'PAF'

2022-06-23 19:38:20 - [MESSAGE][PASSED] - Delayed 1 second(s)

2022-06-23 19:38:20 - [MESSAGE][PASSED] - Actual text 'PAF' and expected text 'PAF' are matched 

2022-06-23 19:38:20 - [TEST_STEP][PASSED] - color1 = getCSSValue(findTestObject("1. Constant/xpath", ["xpath":"/html/body/div[1]/div[2]/div[4]/div[3]/div/div[2]/div[2]/div[1]/table/tbody/tr[2]/td[12]/a[2]"]), "color", OPTIONAL): Get CSS 'color' value on 'Object Repository/1. Constant/xpath' successfully: 'rgba(255, 255, 255, 1)'.

2022-06-23 19:38:21 - [MESSAGE][PASSED] - Get CSS 'color' value on 'Object Repository/1. Constant/xpath' successfully: 'rgba(255, 255, 255, 1)'.

2022-06-23 19:38:21 - [TEST_STEP][PASSED] - while (color1 == "rgba(255, 255, 255, 1)"): null

2022-06-23 19:38:21 - [TEST_STEP][PASSED] - click(findTestObject("1. Constant/xpath", ["xpath":"/html/body/div[1]/div[2]/div[4]/div[3]/div/div[2]/div[2]/div[1]/table/tbody/tr[2]/td[12]/a[2]"])): Object: 'Object Repository/1. Constant/xpath' is clicked on

2022-06-23 19:38:24 - [MESSAGE][PASSED] - Object: 'Object Repository/1. Constant/xpath' is clicked on

2022-06-23 19:38:24 - [TEST_STEP][PASSED] - takeScreenshot(): Taking screenshot successfully

2022-06-23 19:38:25 - [MESSAGE][PASSED] - Taking screenshot successfully
[[ATTACHMENT|D:\\Projet Test Auto\\Mediabox Test Automation\\Reports\\20220623_184212\\03. Parallel Testing (Testing)\\TS -PT PART 3\\03. StarPack Full Lifecycle_SAS_Task\\20220623_184213\\1656005904615.png]]

2022-06-23 19:38:25 - [TEST_STEP][PASSED] - I.UploadDoc_sendkey_Prod(findTestObject("1. Constant/xpath", ["xpath":"//*[@id="kt_body"]/input[2]"]), "D:\Upoad_File\Upload doc\testdataaddition1.pdf", "testdataaddition1.pdf"): Delayed 5 second(s)

2022-06-23 19:38:26 - [MESSAGE][PASSED] - Scroll to object 'Object Repository/1. Constant/xpath' successfully

2022-06-23 19:38:31 - [MESSAGE][PASSED] - Delayed 5 second(s)

2022-06-23 19:38:35 - [MESSAGE][PASSED] - File 'D:\Upoad_File\Upload doc\testdataaddition1.pdf' sent to object: 'Object Repository/1. Constant/xpath'

2022-06-23 19:38:40 - [MESSAGE][PASSED] - Delayed 5 second(s)

2022-06-23 19:38:42 - [MESSAGE][PASSED] - Text 'testdataaddition1.pdf' is present on page 

2022-06-23 19:38:47 - [MESSAGE][PASSED] - Delayed 5 second(s)

2022-06-23 19:38:52 - [MESSAGE][PASSED] - Delayed 5 second(s)

2022-06-23 19:38:52 - [TEST_STEP][PASSED] - takeScreenshot(): Taking screenshot successfully

2022-06-23 19:38:52 - [MESSAGE][PASSED] - Taking screenshot successfully
[[ATTACHMENT|D:\\Projet Test Auto\\Mediabox Test Automation\\Reports\\20220623_184212\\03. Parallel Testing (Testing)\\TS -PT PART 3\\03. StarPack Full Lifecycle_SAS_Task\\20220623_184213\\1656005932245.png]]

2022-06-23 19:38:52 - [TEST_STEP][PASSED] - delay(10): Delayed 10 second(s)

2022-06-23 19:39:02 - [MESSAGE][PASSED] - Delayed 10 second(s)

2022-06-23 19:39:02 - [TEST_STEP][PASSED] - I.click_button_javascript(findTestObject("Object Repository/HL Full Lifecycle/12 ReferncePage_Button_Updatensenddoc")): Execute JavaScript 'arguments[0].click()' successfully

2022-06-23 19:39:13 - [MESSAGE][PASSED] - Execute JavaScript 'arguments[0].click()' successfully

2022-06-23 19:39:13 - [TEST_STEP][PASSED] - delay(5): Delayed 5 second(s)

2022-06-23 19:39:18 - [MESSAGE][PASSED] - Delayed 5 second(s)

2022-06-23 19:39:18 - [TEST_STEP][PASSED] - if (verifyElementPresent(findTestObject("1. Constant/xpath", ["xpath":"/html/body/div[1]/div[2]/div[4]/div[3]/div/div[2]/div[2]/div[1]/table/tbody/tr[2]/td[12]/a[3]"]), 10, OPTIONAL)): null

2022-06-23 19:39:18 - [MESSAGE][PASSED] - Object 'Object Repository/1. Constant/xpath' is present

2022-06-23 19:39:18 - [TEST_STEP][PASSED] - color1 = getCSSValue(findTestObject("1. Constant/xpath", ["xpath":"/html/body/div[1]/div[2]/div[4]/div[3]/div/div[2]/div[2]/div[1]/table/tbody/tr[2]/td[12]/a[3]"]), "color", OPTIONAL): Get CSS 'color' value on 'Object Repository/1. Constant/xpath' successfully: 'rgba(54, 153, 255, 1)'.

2022-06-23 19:39:20 - [MESSAGE][PASSED] - Get CSS 'color' value on 'Object Repository/1. Constant/xpath' successfully: 'rgba(54, 153, 255, 1)'.

2022-06-23 19:39:20 - [TEST_STEP][PASSED] - I.AWF_approve_byaction(findTestObject("1. Constant/xpath", ["xpath":"/html/body/div[1]/div[2]/div[4]/div[3]/div/div[2]/div[2]/div[1]/table/tbody/tr[2]/td[12]/a[2]"])): Object: 'Object Repository/HL Full Lifecycle/Function_Appbutton2' is clicked on

2022-06-23 19:39:25 - [MESSAGE][PASSED] - Delayed 5 second(s)

2022-06-23 19:39:31 - [MESSAGE][PASSED] - Object: 'Object Repository/1. Constant/xpath' is clicked on

2022-06-23 19:39:34 - [MESSAGE][PASSED] - Object: 'Object Repository/HL Full Lifecycle/Function_access Viewer2' is hovered

2022-06-23 19:39:37 - [MESSAGE][PASSED] - Delayed 3 second(s)

2022-06-23 19:39:38 - [MESSAGE][PASSED] - Object: 'Object Repository/HL Full Lifecycle/Function_access Viewer2' is clicked on

2022-06-23 19:39:43 - [MESSAGE][PASSED] - Delayed 5 second(s)

2022-06-23 19:39:45 - [MESSAGE][PASSED] - Object: 'Object Repository/HL Full Lifecycle/Function_AppButton' is clicked on

2022-06-23 19:39:50 - [MESSAGE][PASSED] - Delayed 5 second(s)

2022-06-23 19:39:57 - [MESSAGE][PASSED] - Object: 'Object Repository/HL Full Lifecycle/Function_Appbutton2' is clicked on

2022-06-23 19:39:57 - [TEST_STEP][PASSED] - takeScreenshot(): Taking screenshot successfully

2022-06-23 19:39:57 - [MESSAGE][PASSED] - Taking screenshot successfully
[[ATTACHMENT|D:\\Projet Test Auto\\Mediabox Test Automation\\Reports\\20220623_184212\\03. Parallel Testing (Testing)\\TS -PT PART 3\\03. StarPack Full Lifecycle_SAS_Task\\20220623_184213\\1656005997403.png]]

2022-06-23 19:39:57 - [TEST_STEP][PASSED] - delay(1): Delayed 1 second(s)

2022-06-23 19:39:58 - [MESSAGE][PASSED] - Delayed 1 second(s)

2022-06-23 19:39:58 - [TEST_STEP][PASSED] - I.VerifyMatchText("/html/body/div[1]/div[2]/div[4]/div[3]/div/div[2]/div[2]/div[1]/table/tbody/tr[2]/td[7]/span[2]", "Buyer supplier approval-L1"): Actual text 'Buyer supplier approval-L1' and expected text 'Buyer supplier approval-L1' are matched 

2022-06-23 19:39:58 - [MESSAGE][PASSED] - Text of object 'Object Repository/1. Constant/xpath' is: 'Buyer supplier approval-L1'

2022-06-23 19:39:59 - [MESSAGE][PASSED] - Delayed 1 second(s)

2022-06-23 19:39:59 - [MESSAGE][PASSED] - Actual text 'Buyer supplier approval-L1' and expected text 'Buyer supplier approval-L1' are matched 

2022-06-23 19:39:59 - [TEST_STEP][PASSED] - closeBrowser(): Browser is closed

2022-06-23 19:40:06 - [MESSAGE][PASSED] - Browser is closed

2022-06-23 19:40:06 - [TEST_STEP][PASSED] - Start listener action : sampleAfterTestCase: null]]></system-out>
         <system-err><![CDATA[]]></system-err>
      </testcase>
      <testcase name="Test Cases/04. Star pack Full Lifecycle - AIS _ Long name Artwork without info/4.03 Star Pack Support action _ flashback (Chrome)" time="814.926" classname="Test Cases/04. Star pack Full Lifecycle - AIS _ Long name Artwork without info/4.03 Star Pack Support action _ flashback (Chrome)" status="PASSED">
         <system-out><![CDATA[2022-06-23 19:40:06 - [TEST_CASE][PASSED] - Test Cases/04. Star pack Full Lifecycle - AIS _ Long name Artwork without info/4.03 Star Pack Support action _ flashback (Chrome): Test Cases/04. Star pack Full Lifecycle - AIS _ Long name Artwork without info/4.03 Star Pack Support action _ flashback (Chrome)

2022-06-23 19:40:08 - [TEST_STEP][PASSED] - data = findTestData("Data Files/Username_Password/Starpack (10June2021)"): null

2022-06-23 19:40:08 - [TEST_STEP][PASSED] - password_aherms = data.getValue(2, 2): null

2022-06-23 19:40:08 - [TEST_STEP][PASSED] - password_agluszczynska = data.getValue(2, 3): null

2022-06-23 19:40:08 - [TEST_STEP][PASSED] - password_suser = data.getValue(2, 1): null

2022-06-23 19:40:08 - [TEST_STEP][PASSED] - password_jmaciaszczyk = data.getValue(2, 4): null

2022-06-23 19:40:08 - [TEST_STEP][PASSED] - password_aterreshernandez = data.getValue(2, 5): null

2022-06-23 19:40:08 - [TEST_STEP][PASSED] - password_amartin_arbol = data.getValue(2, 6): null

2022-06-23 19:40:08 - [TEST_STEP][PASSED] - password_adelamatanieves = data.getValue(2, 7): null

2022-06-23 19:40:08 - [TEST_STEP][PASSED] - password_kcannoosamy_dia = data.getValue(2, 8): null

2022-06-23 19:40:08 - [TEST_STEP][PASSED] - data_urlRELAUTO = findTestData("Data Files/URL/URL_relauto"): null

2022-06-23 19:40:08 - [TEST_STEP][PASSED] - Url_Starpack = data_urlRELAUTO.getValue(2, 2): null

2022-06-23 19:40:08 - [TEST_STEP][PASSED] - log = new com.kms.katalon.core.logging.KeywordLogger(): null

2022-06-23 19:40:08 - [TEST_STEP][PASSED] - openBrowser(Url_Starpack): Browser is opened with url: 'http://mdb-release.diadeis.lan/MediaboxIndependence/?MBI_datasource=RELTESTAUTO_STARPACK'

2022-06-23 19:40:08 - [MESSAGE][INFO] - Starting 'Chrome (headless)' driver

2022-06-23 19:40:08 - [MESSAGE][INFO] - User set preference: ['args', '[--window-size=1920,1080, --headless]']

2022-06-23 19:40:09 - [MESSAGE][INFO] - Action delay is set to 0 milliseconds

2022-06-23 19:40:35 - [MESSAGE][PASSED] - Browser is opened with url: 'http://mdb-release.diadeis.lan/MediaboxIndependence/?MBI_datasource=RELTESTAUTO_STARPACK'

2022-06-23 19:40:35 - [TEST_STEP][PASSED] - maximizeWindow(): Current window maximized

2022-06-23 19:40:35 - [MESSAGE][PASSED] - Current window maximized

2022-06-23 19:40:35 - [TEST_STEP][PASSED] - I.Login_password("adelamatanieves", password_adelamatanieves): Object: 'Object Repository/1. Constant/xpath' is clicked on

2022-06-23 19:40:37 - [MESSAGE][PASSED] - Text 'adelamatanieves' is set on object 'Object Repository/1. Constant/xpath'

2022-06-23 19:40:38 - [MESSAGE][PASSED] - Delayed 1 second(s)

2022-06-23 19:40:40 - [MESSAGE][PASSED] - Text 'dchi4' is set on object 'Object Repository/1. Constant/xpath'

2022-06-23 19:40:41 - [MESSAGE][PASSED] - Delayed 1 second(s)

2022-06-23 19:40:57 - [MESSAGE][PASSED] - Object: 'Object Repository/1. Constant/xpath' is clicked on

2022-06-23 19:40:57 - [TEST_STEP][PASSED] - takeScreenshot(): Taking screenshot successfully

2022-06-23 19:40:58 - [MESSAGE][PASSED] - Taking screenshot successfully
[[ATTACHMENT|D:\\Projet Test Auto\\Mediabox Test Automation\\Reports\\20220623_184212\\03. Parallel Testing (Testing)\\TS -PT PART 3\\03. StarPack Full Lifecycle_SAS_Task\\20220623_184213\\1656006057747.png]]

2022-06-23 19:40:58 - [TEST_STEP][PASSED] - click(findTestObject("1. Constant/02_LHSMenu_Projects")): Object: 'Object Repository/1. Constant/02_LHSMenu_Projects' is clicked on

2022-06-23 19:41:03 - [MESSAGE][PASSED] - Object: 'Object Repository/1. Constant/02_LHSMenu_Projects' is clicked on

2022-06-23 19:41:03 - [TEST_STEP][PASSED] - click(findTestObject("Object Repository/1. Constant/xpath", ["xpath":"//*[@id="kt_content"]/div[3]/div/div/div[1]/div[2]/a[1]"])): Object: 'Object Repository/1. Constant/xpath' is clicked on

2022-06-23 19:41:07 - [MESSAGE][PASSED] - Object: 'Object Repository/1. Constant/xpath' is clicked on

2022-06-23 19:41:07 - [TEST_STEP][PASSED] - takeScreenshot(): Taking screenshot successfully

2022-06-23 19:41:08 - [MESSAGE][PASSED] - Taking screenshot successfully
[[ATTACHMENT|D:\\Projet Test Auto\\Mediabox Test Automation\\Reports\\20220623_184212\\03. Parallel Testing (Testing)\\TS -PT PART 3\\03. StarPack Full Lifecycle_SAS_Task\\20220623_184213\\1656006067886.png]]

2022-06-23 19:41:08 - [TEST_STEP][PASSED] - project_name0 = "AutoTest_Chrome_Starpack_" + RandomStringUtils.randomAlphanumeric(10) + "_" + I.gettimedate(): null

2022-06-23 19:41:08 - [TEST_STEP][PASSED] - setText(findTestObject("HL Full Lifecycle/4 CreateProjPage_inputProjectname"), project_name0): Text 'AutoTest_Chrome_Starpack_SfkV8Iag6I_juin232022_194108' is set on object 'Object Repository/HL Full Lifecycle/4 CreateProjPage_inputProjectname'

2022-06-23 19:41:17 - [MESSAGE][PASSED] - Text 'AutoTest_Chrome_Starpack_SfkV8Iag6I_juin232022_194108' is set on object 'Object Repository/HL Full Lifecycle/4 CreateProjPage_inputProjectname'

2022-06-23 19:41:17 - [TEST_STEP][PASSED] - click(findTestObject("HL Full Lifecycle/4 CreateProjPage_Create Project_Bluebutton")): Object: 'Object Repository/HL Full Lifecycle/4 CreateProjPage_Create Project_Bluebutton' is clicked on

2022-06-23 19:41:27 - [MESSAGE][PASSED] - Object: 'Object Repository/HL Full Lifecycle/4 CreateProjPage_Create Project_Bluebutton' is clicked on

2022-06-23 19:41:27 - [TEST_STEP][PASSED] - delay(1): Delayed 1 second(s)

2022-06-23 19:41:28 - [MESSAGE][PASSED] - Delayed 1 second(s)

2022-06-23 19:41:28 - [TEST_STEP][PASSED] - takeScreenshot(): Taking screenshot successfully

2022-06-23 19:41:30 - [MESSAGE][PASSED] - Taking screenshot successfully
[[ATTACHMENT|D:\\Projet Test Auto\\Mediabox Test Automation\\Reports\\20220623_184212\\03. Parallel Testing (Testing)\\TS -PT PART 3\\03. StarPack Full Lifecycle_SAS_Task\\20220623_184213\\1656006089391.png]]

2022-06-23 19:41:30 - [TEST_STEP][PASSED] - project_name1 = "AutoTest_Chrome_Starpack_" + RandomStringUtils.randomAlphanumeric(20) + "_" + I.gettimedate(): null

2022-06-23 19:41:30 - [TEST_STEP][PASSED] - setText(findTestObject("HL Full Lifecycle/4 CreateProjPage_inputProjectname"), project_name1): Text 'AutoTest_Chrome_Starpack_8O2QVocA28gUHLXloUUR_juin232022_194130' is set on object 'Object Repository/HL Full Lifecycle/4 CreateProjPage_inputProjectname'

2022-06-23 19:41:34 - [MESSAGE][PASSED] - Text 'AutoTest_Chrome_Starpack_8O2QVocA28gUHLXloUUR_juin232022_194130' is set on object 'Object Repository/HL Full Lifecycle/4 CreateProjPage_inputProjectname'

2022-06-23 19:41:34 - [TEST_STEP][PASSED] - delay(1): Delayed 1 second(s)

2022-06-23 19:41:35 - [MESSAGE][PASSED] - Delayed 1 second(s)

2022-06-23 19:41:35 - [TEST_STEP][PASSED] - selectOptionByValue(findTestObject("1. Constant/01_id_field_id", ["field_id":"var_98"]), "122", false): All options with value '122' are selected in object 'Object Repository/1. Constant/01_id_field_id' 

2022-06-23 19:41:39 - [MESSAGE][PASSED] - All options with value '122' are selected in object 'Object Repository/1. Constant/01_id_field_id' 

2022-06-23 19:41:39 - [TEST_STEP][PASSED] - delay(1): Delayed 1 second(s)

2022-06-23 19:41:40 - [MESSAGE][PASSED] - Delayed 1 second(s)

2022-06-23 19:41:40 - [TEST_STEP][PASSED] - selectOptionByValue(findTestObject("1. Constant/01_id_field_id", ["field_id":"var_9"]), "amartin_arbol", false): All options with value 'amartin_arbol' are selected in object 'Object Repository/1. Constant/01_id_field_id' 

2022-06-23 19:41:46 - [MESSAGE][PASSED] - All options with value 'amartin_arbol' are selected in object 'Object Repository/1. Constant/01_id_field_id' 

2022-06-23 19:41:46 - [TEST_STEP][PASSED] - delay(1): Delayed 1 second(s)

2022-06-23 19:41:47 - [MESSAGE][PASSED] - Delayed 1 second(s)

2022-06-23 19:41:47 - [TEST_STEP][PASSED] - selectOptionByValue(findTestObject("1. Constant/01_id_field_id", ["field_id":"var_10"]), "aterreshernandez", false): All options with value 'aterreshernandez' are selected in object 'Object Repository/1. Constant/01_id_field_id' 

2022-06-23 19:41:50 - [MESSAGE][PASSED] - All options with value 'aterreshernandez' are selected in object 'Object Repository/1. Constant/01_id_field_id' 

2022-06-23 19:41:50 - [TEST_STEP][PASSED] - delay(1): Delayed 1 second(s)

2022-06-23 19:41:51 - [MESSAGE][PASSED] - Delayed 1 second(s)

2022-06-23 19:41:51 - [TEST_STEP][PASSED] - selectOptionByValue(findTestObject("Object Repository/xxx Todelete/1.4 ModifyProPage_MF(IDP)"), "nalonsobermejo", true): All options with value 'nalonsobermejo' are selected in object 'Object Repository/xxx Todelete/1.4 ModifyProPage_MF(IDP)'  using regular expression

2022-06-23 19:41:54 - [MESSAGE][PASSED] - All options with value 'nalonsobermejo' are selected in object 'Object Repository/xxx Todelete/1.4 ModifyProPage_MF(IDP)'  using regular expression

2022-06-23 19:41:54 - [TEST_STEP][PASSED] - delay(1): Delayed 1 second(s)

2022-06-23 19:41:55 - [MESSAGE][PASSED] - Delayed 1 second(s)

2022-06-23 19:41:55 - [TEST_STEP][PASSED] - click(findTestObject("Object Repository/xxx Todelete/1.41 ModifyProPage_AddMF")): Object: 'Object Repository/xxx Todelete/1.41 ModifyProPage_AddMF' is clicked on

2022-06-23 19:41:59 - [MESSAGE][PASSED] - Object: 'Object Repository/xxx Todelete/1.41 ModifyProPage_AddMF' is clicked on

2022-06-23 19:41:59 - [TEST_STEP][PASSED] - delay(1): Delayed 1 second(s)

2022-06-23 19:42:00 - [MESSAGE][PASSED] - Delayed 1 second(s)

2022-06-23 19:42:00 - [TEST_STEP][PASSED] - selectOptionByValue(findTestObject("1. Constant/01_id_field_id", ["field_id":"var_15"]), "292", false): All options with value '292' are selected in object 'Object Repository/1. Constant/01_id_field_id' 

2022-06-23 19:42:02 - [MESSAGE][PASSED] - All options with value '292' are selected in object 'Object Repository/1. Constant/01_id_field_id' 

2022-06-23 19:42:02 - [TEST_STEP][PASSED] - delay(1): Delayed 1 second(s)

2022-06-23 19:42:03 - [MESSAGE][PASSED] - Delayed 1 second(s)

2022-06-23 19:42:03 - [TEST_STEP][PASSED] - selectOptionByValue(findTestObject("1. Constant/01_id_field_id", ["field_id":"var_26"]), "94", false): All options with value '94' are selected in object 'Object Repository/1. Constant/01_id_field_id' 

2022-06-23 19:42:06 - [MESSAGE][PASSED] - All options with value '94' are selected in object 'Object Repository/1. Constant/01_id_field_id' 

2022-06-23 19:42:06 - [TEST_STEP][PASSED] - delay(1): Delayed 1 second(s)

2022-06-23 19:42:07 - [MESSAGE][PASSED] - Delayed 1 second(s)

2022-06-23 19:42:07 - [TEST_STEP][PASSED] - selectOptionByValue(findTestObject("1. Constant/01_id_field_id", ["field_id":"var_12"]), "94", false): All options with value '94' are selected in object 'Object Repository/1. Constant/01_id_field_id' 

2022-06-23 19:42:08 - [MESSAGE][PASSED] - All options with value '94' are selected in object 'Object Repository/1. Constant/01_id_field_id' 

2022-06-23 19:42:08 - [TEST_STEP][PASSED] - delay(1): Delayed 1 second(s)

2022-06-23 19:42:09 - [MESSAGE][PASSED] - Delayed 1 second(s)

2022-06-23 19:42:09 - [TEST_STEP][PASSED] - selectOptionByValue(findTestObject("1. Constant/01_id_field_id", ["field_id":"var_27"]), "734", false): All options with value '734' are selected in object 'Object Repository/1. Constant/01_id_field_id' 

2022-06-23 19:42:12 - [MESSAGE][PASSED] - All options with value '734' are selected in object 'Object Repository/1. Constant/01_id_field_id' 

2022-06-23 19:42:12 - [TEST_STEP][PASSED] - delay(1): Delayed 1 second(s)

2022-06-23 19:42:13 - [MESSAGE][PASSED] - Delayed 1 second(s)

2022-06-23 19:42:13 - [TEST_STEP][PASSED] - selectOptionByValue(findTestObject("1. Constant/01_id_field_id", ["field_id":"var_71"]), "efood", false): All options with value 'efood' are selected in object 'Object Repository/1. Constant/01_id_field_id' 

2022-06-23 19:42:14 - [MESSAGE][PASSED] - All options with value 'efood' are selected in object 'Object Repository/1. Constant/01_id_field_id' 

2022-06-23 19:42:14 - [TEST_STEP][PASSED] - takeScreenshot(): Taking screenshot successfully

2022-06-23 19:42:15 - [MESSAGE][PASSED] - Taking screenshot successfully
[[ATTACHMENT|D:\\Projet Test Auto\\Mediabox Test Automation\\Reports\\20220623_184212\\03. Parallel Testing (Testing)\\TS -PT PART 3\\03. StarPack Full Lifecycle_SAS_Task\\20220623_184213\\1656006135207.png]]

2022-06-23 19:42:15 - [TEST_STEP][PASSED] - delay(5): Delayed 5 second(s)

2022-06-23 19:42:20 - [MESSAGE][PASSED] - Delayed 5 second(s)

2022-06-23 19:42:20 - [TEST_STEP][PASSED] - click(findTestObject("HL Full Lifecycle/5 ModifyProjPage_button_Update")): Object: 'Object Repository/HL Full Lifecycle/5 ModifyProjPage_button_Update' is clicked on

2022-06-23 19:42:26 - [MESSAGE][PASSED] - Object: 'Object Repository/HL Full Lifecycle/5 ModifyProjPage_button_Update' is clicked on

2022-06-23 19:42:26 - [TEST_STEP][PASSED] - delay(10): Delayed 10 second(s)

2022-06-23 19:42:36 - [MESSAGE][PASSED] - Delayed 10 second(s)

2022-06-23 19:42:36 - [TEST_STEP][PASSED] - Project_No = I.ProjectNo(): Current window's url is: 'http://mdb-release.diadeis.lan/MediaboxIndependence/Base/ExecAction?IDSession=MBI%21RELTESTAUTO_STARPACK%21YVZMVA6G7KLL6XTY2AN9LPBKV8K1K59EHJ8QYM64&default_action=AfficheFichesProjet&id_project=MI001281'

2022-06-23 19:42:41 - [MESSAGE][PASSED] - Delayed 5 second(s)

2022-06-23 19:42:42 - [MESSAGE][PASSED] - Current window's url is: 'http://mdb-release.diadeis.lan/MediaboxIndependence/Base/ExecAction?IDSession=MBI%21RELTESTAUTO_STARPACK%21YVZMVA6G7KLL6XTY2AN9LPBKV8K1K59EHJ8QYM64&default_action=AfficheFichesProjet&id_project=MI001281'

2022-06-23 19:42:42 - [TEST_STEP][PASSED] - click(findTestObject("HL Full Lifecycle/6 ReferenceListPage_createrefbutton")): Object: 'Object Repository/HL Full Lifecycle/6 ReferenceListPage_createrefbutton' is clicked on

2022-06-23 19:42:43 - [MESSAGE][PASSED] - Object: 'Object Repository/HL Full Lifecycle/6 ReferenceListPage_createrefbutton' is clicked on

2022-06-23 19:42:43 - [TEST_STEP][PASSED] - click(findTestObject("HL Full Lifecycle/6 ReferenceListPaga_Create a component_button")): Object: 'Object Repository/HL Full Lifecycle/6 ReferenceListPaga_Create a component_button' is clicked on

2022-06-23 19:42:48 - [MESSAGE][PASSED] - Object: 'Object Repository/HL Full Lifecycle/6 ReferenceListPaga_Create a component_button' is clicked on

2022-06-23 19:42:48 - [TEST_STEP][PASSED] - waitForPageLoad(10): Wait for page load successfully

2022-06-23 19:42:48 - [MESSAGE][PASSED] - Wait for page load successfully

2022-06-23 19:42:48 - [TEST_STEP][PASSED] - takeScreenshot(): Taking screenshot successfully

2022-06-23 19:42:49 - [MESSAGE][PASSED] - Taking screenshot successfully
[[ATTACHMENT|D:\\Projet Test Auto\\Mediabox Test Automation\\Reports\\20220623_184212\\03. Parallel Testing (Testing)\\TS -PT PART 3\\03. StarPack Full Lifecycle_SAS_Task\\20220623_184213\\1656006168451.png]]

2022-06-23 19:42:49 - [TEST_STEP][PASSED] - selectOptionByValue(findTestObject("1. Constant/01_id_field_id", ["field_id":"ref_type"]), "6", false): All options with value '6' are selected in object 'Object Repository/1. Constant/01_id_field_id' 

2022-06-23 19:42:53 - [MESSAGE][PASSED] - All options with value '6' are selected in object 'Object Repository/1. Constant/01_id_field_id' 

2022-06-23 19:42:53 - [TEST_STEP][PASSED] - click(findTestObject("HL Full Lifecycle/6 ReferencePg_Create a component_bluebutton")): Object: 'Object Repository/HL Full Lifecycle/6 ReferencePg_Create a component_bluebutton' is clicked on

2022-06-23 19:43:02 - [MESSAGE][PASSED] - Object: 'Object Repository/HL Full Lifecycle/6 ReferencePg_Create a component_bluebutton' is clicked on

2022-06-23 19:43:02 - [TEST_STEP][PASSED] - refID = I.RefID(): Current window's url is: 'http://mdb-release.diadeis.lan/MediaboxIndependence/Base/ExecAction?IDSession=MBI%21RELTESTAUTO_STARPACK%21YVZMVA6G7KLL6XTY2AN9LPBKV8K1K59EHJ8QYM64&default_action=ModifierRef&id_project=MI001281&id_ref=6395&action_from=create_ref'

2022-06-23 19:43:07 - [MESSAGE][PASSED] - Delayed 5 second(s)

2022-06-23 19:43:07 - [MESSAGE][PASSED] - Current window's url is: 'http://mdb-release.diadeis.lan/MediaboxIndependence/Base/ExecAction?IDSession=MBI%21RELTESTAUTO_STARPACK%21YVZMVA6G7KLL6XTY2AN9LPBKV8K1K59EHJ8QYM64&default_action=ModifierRef&id_project=MI001281&id_ref=6395&action_from=create_ref'

2022-06-23 19:43:07 - [TEST_STEP][PASSED] - out.println(refID): null

2022-06-23 19:43:07 - [TEST_STEP][PASSED] - takeScreenshot(): Taking screenshot successfully

2022-06-23 19:43:08 - [MESSAGE][PASSED] - Taking screenshot successfully
[[ATTACHMENT|D:\\Projet Test Auto\\Mediabox Test Automation\\Reports\\20220623_184212\\03. Parallel Testing (Testing)\\TS -PT PART 3\\03. StarPack Full Lifecycle_SAS_Task\\20220623_184213\\1656006187708.png]]

2022-06-23 19:43:08 - [TEST_STEP][PASSED] - sendKeys(findTestObject("1. Constant/01_id_field_id", ["field_id":"var_28"]), "209293"): Keys '209293' sent to object: 'Object Repository/1. Constant/01_id_field_id'

2022-06-23 19:43:11 - [MESSAGE][PASSED] - Keys '209293' sent to object: 'Object Repository/1. Constant/01_id_field_id'

2022-06-23 19:43:11 - [TEST_STEP][PASSED] - sendKeys(findTestObject("1. Constant/01_id_field_id", ["field_id":"var_30"]), "test Submarca"): Keys 'test Submarca' sent to object: 'Object Repository/1. Constant/01_id_field_id'

2022-06-23 19:43:14 - [MESSAGE][PASSED] - Keys 'test Submarca' sent to object: 'Object Repository/1. Constant/01_id_field_id'

2022-06-23 19:43:14 - [TEST_STEP][PASSED] - sendKeys(findTestObject("1. Constant/01_id_field_id", ["field_id":"var_31"]), "test Submarca Vínculo con bulto: test Submarca"): Keys 'test Submarca Vínculo con bulto: test Submarca' sent to object: 'Object Repository/1. Constant/01_id_field_id'

2022-06-23 19:43:17 - [MESSAGE][PASSED] - Keys 'test Submarca Vínculo con bulto: test Submarca' sent to object: 'Object Repository/1. Constant/01_id_field_id'

2022-06-23 19:43:17 - [TEST_STEP][PASSED] - selectOptionByValue(findTestObject("1. Constant/01_id_field_id", ["field_id":"var_38"]), "24", false): All options with value '24' are selected in object 'Object Repository/1. Constant/01_id_field_id' 

2022-06-23 19:43:19 - [MESSAGE][PASSED] - All options with value '24' are selected in object 'Object Repository/1. Constant/01_id_field_id' 

2022-06-23 19:43:19 - [TEST_STEP][PASSED] - sendKeys(findTestObject("1. Constant/01_id_field_id", ["field_id":"var_39"]), "8480017155061"): Keys '8480017155061' sent to object: 'Object Repository/1. Constant/01_id_field_id'

2022-06-23 19:43:20 - [MESSAGE][PASSED] - Keys '8480017155061' sent to object: 'Object Repository/1. Constant/01_id_field_id'

2022-06-23 19:43:20 - [TEST_STEP][PASSED] - selectOptionByValue(findTestObject("1. Constant/01_id_field_id", ["field_id":"selSource_19"]), "22", false): All options with value '22' are selected in object 'Object Repository/1. Constant/01_id_field_id' 

2022-06-23 19:43:21 - [MESSAGE][PASSED] - All options with value '22' are selected in object 'Object Repository/1. Constant/01_id_field_id' 

2022-06-23 19:43:21 - [TEST_STEP][PASSED] - click(findTestObject("Object Repository/xxx Todelete/2.01 ModifyRef_Pais")): Object: 'Object Repository/xxx Todelete/2.01 ModifyRef_Pais' is clicked on

2022-06-23 19:43:22 - [MESSAGE][PASSED] - Object: 'Object Repository/xxx Todelete/2.01 ModifyRef_Pais' is clicked on

2022-06-23 19:43:22 - [TEST_STEP][PASSED] - selectOptionByValue(findTestObject("1. Constant/01_id_field_id", ["field_id":"var_75"]), "26", false): All options with value '26' are selected in object 'Object Repository/1. Constant/01_id_field_id' 

2022-06-23 19:43:26 - [MESSAGE][PASSED] - All options with value '26' are selected in object 'Object Repository/1. Constant/01_id_field_id' 

2022-06-23 19:43:26 - [TEST_STEP][PASSED] - click(findTestObject("HL Full Lifecycle/7 ModifyRefPage_button_Save")): Object: 'Object Repository/HL Full Lifecycle/7 ModifyRefPage_button_Save' is clicked on

2022-06-23 19:43:33 - [MESSAGE][PASSED] - Object: 'Object Repository/HL Full Lifecycle/7 ModifyRefPage_button_Save' is clicked on

2022-06-23 19:43:33 - [TEST_STEP][PASSED] - takeScreenshot(): Taking screenshot successfully

2022-06-23 19:43:34 - [MESSAGE][PASSED] - Taking screenshot successfully
[[ATTACHMENT|D:\\Projet Test Auto\\Mediabox Test Automation\\Reports\\20220623_184212\\03. Parallel Testing (Testing)\\TS -PT PART 3\\03. StarPack Full Lifecycle_SAS_Task\\20220623_184213\\1656006213747.png]]

2022-06-23 19:43:34 - [TEST_STEP][PASSED] - click(findTestObject("1. Constant/xpath", ["xpath":"/html/body/div[1]/div[2]/div[4]/div[3]/div/div[2]/div[2]/div[1]/table/tbody/tr[2]/td[10]/a[3]"])): Object: 'Object Repository/1. Constant/xpath' is clicked on

2022-06-23 19:43:37 - [MESSAGE][PASSED] - Object: 'Object Repository/1. Constant/xpath' is clicked on

2022-06-23 19:43:37 - [TEST_STEP][PASSED] - takeScreenshot(): Taking screenshot successfully

2022-06-23 19:43:38 - [MESSAGE][PASSED] - Taking screenshot successfully
[[ATTACHMENT|D:\\Projet Test Auto\\Mediabox Test Automation\\Reports\\20220623_184212\\03. Parallel Testing (Testing)\\TS -PT PART 3\\03. StarPack Full Lifecycle_SAS_Task\\20220623_184213\\1656006217464.png]]

2022-06-23 19:43:38 - [TEST_STEP][PASSED] - click(findTestObject("Object Repository/StarPack - Full Lifecycle (AWIS)/2.031 RefPg_AnnaSubmit", ["id":"1"])): Object: 'Object Repository/StarPack - Full Lifecycle (AWIS)/2.031 RefPg_AnnaSubmit' is clicked on

2022-06-23 19:43:46 - [MESSAGE][PASSED] - Object: 'Object Repository/StarPack - Full Lifecycle (AWIS)/2.031 RefPg_AnnaSubmit' is clicked on

2022-06-23 19:43:46 - [TEST_STEP][PASSED] - takeScreenshot(): Taking screenshot successfully

2022-06-23 19:43:47 - [MESSAGE][PASSED] - Taking screenshot successfully
[[ATTACHMENT|D:\\Projet Test Auto\\Mediabox Test Automation\\Reports\\20220623_184212\\03. Parallel Testing (Testing)\\TS -PT PART 3\\03. StarPack Full Lifecycle_SAS_Task\\20220623_184213\\1656006226931.png]]

2022-06-23 19:43:47 - [TEST_STEP][PASSED] - click(findTestObject("1. Constant/xpath", ["xpath":"/html/body/div[1]/div[2]/div[4]/div[3]/div/div[2]/div[2]/div[1]/table/tbody/tr[2]/td[4]/a"])): Object: 'Object Repository/1. Constant/xpath' is clicked on

2022-06-23 19:43:52 - [MESSAGE][PASSED] - Object: 'Object Repository/1. Constant/xpath' is clicked on

2022-06-23 19:43:52 - [TEST_STEP][PASSED] - delay(5): Delayed 5 second(s)

2022-06-23 19:43:57 - [MESSAGE][PASSED] - Delayed 5 second(s)

2022-06-23 19:43:57 - [TEST_STEP][PASSED] - takeScreenshot(): Taking screenshot successfully

2022-06-23 19:43:59 - [MESSAGE][PASSED] - Taking screenshot successfully
[[ATTACHMENT|D:\\Projet Test Auto\\Mediabox Test Automation\\Reports\\20220623_184212\\03. Parallel Testing (Testing)\\TS -PT PART 3\\03. StarPack Full Lifecycle_SAS_Task\\20220623_184213\\1656006238074.png]]

2022-06-23 19:43:59 - [TEST_STEP][PASSED] - click(findTestObject("1. Constant/xpath", ["xpath":"//*[@id="kt_content"]/div[3]/div/ul/li[3]/a"])): Object: 'Object Repository/1. Constant/xpath' is clicked on

2022-06-23 19:44:01 - [MESSAGE][PASSED] - Object: 'Object Repository/1. Constant/xpath' is clicked on

2022-06-23 19:44:01 - [TEST_STEP][PASSED] - delay(2): Delayed 2 second(s)

2022-06-23 19:44:03 - [MESSAGE][PASSED] - Delayed 2 second(s)

2022-06-23 19:44:03 - [TEST_STEP][PASSED] - mouseOver(findTestObject("1. Constant/xpath", ["xpath":"/html/body/div[1]/div[2]/div[8]/div[3]/div/div[3]/div[3]/div/div/div[1]/div/div[2]/div/div[1]/div[2]/div/a[3]"])): Object: 'Object Repository/1. Constant/xpath' is hovered

2022-06-23 19:44:05 - [MESSAGE][PASSED] - Object: 'Object Repository/1. Constant/xpath' is hovered

2022-06-23 19:44:05 - [TEST_STEP][PASSED] - Atooltip_skip = getText(findTestObject("1. Constant/xpath", ["xpath":"/html/body/div[9]/div[2]"])): Text of object 'Object Repository/1. Constant/xpath' is: 'Saltar esta fase'

2022-06-23 19:44:05 - [MESSAGE][PASSED] - Text of object 'Object Repository/1. Constant/xpath' is: 'Saltar esta fase'

2022-06-23 19:44:05 - [TEST_STEP][PASSED] - I.print("Atooltip_skip " + Atooltip_skip): null

2022-06-23 19:44:05 - [TEST_STEP][PASSED] - Etooltip_skip = "Saltar esta fase": null

2022-06-23 19:44:05 - [TEST_STEP][PASSED] - verifyMatch(Atooltip_skip, Etooltip_skip, false): Actual text 'Saltar esta fase' and expected text 'Saltar esta fase' are matched 

2022-06-23 19:44:05 - [MESSAGE][PASSED] - Actual text 'Saltar esta fase' and expected text 'Saltar esta fase' are matched 

2022-06-23 19:44:05 - [TEST_STEP][PASSED] - takeScreenshot(): Taking screenshot successfully

2022-06-23 19:44:06 - [MESSAGE][PASSED] - Taking screenshot successfully
[[ATTACHMENT|D:\\Projet Test Auto\\Mediabox Test Automation\\Reports\\20220623_184212\\03. Parallel Testing (Testing)\\TS -PT PART 3\\03. StarPack Full Lifecycle_SAS_Task\\20220623_184213\\1656006245982.png]]

2022-06-23 19:44:06 - [TEST_STEP][PASSED] - click(findTestObject("1. Constant/xpath", ["xpath":"/html/body/div[1]/div[2]/div[8]/div[3]/div/div[3]/div[3]/div/div/div[1]/div/div[2]/div/div[1]/div[2]/div/a[3]"])): Object: 'Object Repository/1. Constant/xpath' is clicked on

2022-06-23 19:44:07 - [MESSAGE][PASSED] - Object: 'Object Repository/1. Constant/xpath' is clicked on

2022-06-23 19:44:07 - [TEST_STEP][PASSED] - takeScreenshot(): Taking screenshot successfully

2022-06-23 19:44:08 - [MESSAGE][PASSED] - Taking screenshot successfully
[[ATTACHMENT|D:\\Projet Test Auto\\Mediabox Test Automation\\Reports\\20220623_184212\\03. Parallel Testing (Testing)\\TS -PT PART 3\\03. StarPack Full Lifecycle_SAS_Task\\20220623_184213\\1656006247893.png]]

2022-06-23 19:44:08 - [TEST_STEP][PASSED] - click(findTestObject("1. Constant/xpath", ["xpath":"//*[@id="modal_skip_phase"]/div/div/div[3]/button[1]"])): Object: 'Object Repository/1. Constant/xpath' is clicked on

2022-06-23 19:44:09 - [MESSAGE][PASSED] - Object: 'Object Repository/1. Constant/xpath' is clicked on

2022-06-23 19:44:09 - [TEST_STEP][PASSED] - takeScreenshot(): Taking screenshot successfully

2022-06-23 19:44:09 - [MESSAGE][PASSED] - Taking screenshot successfully
[[ATTACHMENT|D:\\Projet Test Auto\\Mediabox Test Automation\\Reports\\20220623_184212\\03. Parallel Testing (Testing)\\TS -PT PART 3\\03. StarPack Full Lifecycle_SAS_Task\\20220623_184213\\1656006249384.png]]

2022-06-23 19:44:09 - [TEST_STEP][PASSED] - click(findTestObject("1. Constant/xpath", ["xpath":"/html/body/div[1]/div[2]/div[8]/div[3]/div/div[3]/div[3]/div/div/div[1]/div/div[2]/div/div[1]/div[2]/div/a[3]"])): Object: 'Object Repository/1. Constant/xpath' is clicked on

2022-06-23 19:44:10 - [MESSAGE][PASSED] - Object: 'Object Repository/1. Constant/xpath' is clicked on

2022-06-23 19:44:10 - [TEST_STEP][PASSED] - takeScreenshot(): Taking screenshot successfully

2022-06-23 19:44:11 - [MESSAGE][PASSED] - Taking screenshot successfully
[[ATTACHMENT|D:\\Projet Test Auto\\Mediabox Test Automation\\Reports\\20220623_184212\\03. Parallel Testing (Testing)\\TS -PT PART 3\\03. StarPack Full Lifecycle_SAS_Task\\20220623_184213\\1656006251118.png]]

2022-06-23 19:44:11 - [TEST_STEP][PASSED] - click(findTestObject("1. Constant/xpath", ["xpath":"//*[@id="modal_skip_phase"]/div/div/div[3]/button[2]"])): Object: 'Object Repository/1. Constant/xpath' is clicked on

2022-06-23 19:44:17 - [MESSAGE][PASSED] - Object: 'Object Repository/1. Constant/xpath' is clicked on

2022-06-23 19:44:17 - [TEST_STEP][PASSED] - takeScreenshot(): Taking screenshot successfully

2022-06-23 19:44:18 - [MESSAGE][PASSED] - Taking screenshot successfully
[[ATTACHMENT|D:\\Projet Test Auto\\Mediabox Test Automation\\Reports\\20220623_184212\\03. Parallel Testing (Testing)\\TS -PT PART 3\\03. StarPack Full Lifecycle_SAS_Task\\20220623_184213\\1656006258194.png]]

2022-06-23 19:44:18 - [TEST_STEP][PASSED] - Actual_Successmsg = getText(findTestObject("1. Constant/xpath", ["xpath":"//*[@id="toast-container"]/div/div[2]"])): Text of object 'Object Repository/1. Constant/xpath' is: 'Se ha omitido la fase Briefing'

2022-06-23 19:44:20 - [MESSAGE][PASSED] - Text of object 'Object Repository/1. Constant/xpath' is: 'Se ha omitido la fase Briefing'

2022-06-23 19:44:20 - [TEST_STEP][PASSED] - Expected_Successmsg = "Se ha omitido la fase Briefing": null

2022-06-23 19:44:20 - [TEST_STEP][PASSED] - I.print("Actual error msg - " + Actual_Successmsg): null

2022-06-23 19:44:20 - [TEST_STEP][PASSED] - verifyMatch(Actual_Successmsg, Expected_Successmsg, false): Actual text 'Se ha omitido la fase Briefing' and expected text 'Se ha omitido la fase Briefing' are matched 

2022-06-23 19:44:20 - [MESSAGE][PASSED] - Actual text 'Se ha omitido la fase Briefing' and expected text 'Se ha omitido la fase Briefing' are matched 

2022-06-23 19:44:20 - [TEST_STEP][PASSED] - click(findTestObject("1. Constant/xpath", ["xpath":"/html/body/div[1]/div[2]/div[8]/div[3]/div/div[3]/div[3]/div/ul/li[1]/a"])): Object: 'Object Repository/1. Constant/xpath' is clicked on

2022-06-23 19:44:22 - [MESSAGE][PASSED] - Object: 'Object Repository/1. Constant/xpath' is clicked on

2022-06-23 19:44:22 - [TEST_STEP][PASSED] - click(findTestObject("1. Constant/xpath", ["xpath":"/html/body/div[1]/div[2]/div[8]/div[3]/div/div[3]/div[3]/div/div/div[1]/div/div[2]/div/div[1]/div[2]/a"])): Object: 'Object Repository/1. Constant/xpath' is clicked on

2022-06-23 19:44:24 - [MESSAGE][PASSED] - Object: 'Object Repository/1. Constant/xpath' is clicked on

2022-06-23 19:44:24 - [TEST_STEP][PASSED] - delay(1): Delayed 1 second(s)

2022-06-23 19:44:25 - [MESSAGE][PASSED] - Delayed 1 second(s)

2022-06-23 19:44:25 - [TEST_STEP][PASSED] - takeScreenshot(): Taking screenshot successfully

2022-06-23 19:44:25 - [MESSAGE][PASSED] - Taking screenshot successfully
[[ATTACHMENT|D:\\Projet Test Auto\\Mediabox Test Automation\\Reports\\20220623_184212\\03. Parallel Testing (Testing)\\TS -PT PART 3\\03. StarPack Full Lifecycle_SAS_Task\\20220623_184213\\1656006265340.png]]

2022-06-23 19:44:25 - [TEST_STEP][PASSED] - ActualSkip_ES = getText(findTestObject("1. Constant/xpath", ["xpath":"/html/body/div[1]/div[2]/div[8]/div[3]/div/div[3]/div[3]/div/div/div[1]/div/div[2]/div/div[2]/h5"])): Text of object 'Object Repository/1. Constant/xpath' is: 'Omitido por ANA DELAMATANIEVES'

2022-06-23 19:44:26 - [MESSAGE][PASSED] - Text of object 'Object Repository/1. Constant/xpath' is: 'Omitido por ANA DELAMATANIEVES'

2022-06-23 19:44:26 - [TEST_STEP][PASSED] - I.print("Skip is displayed - " + ActualSkip_ES): null

2022-06-23 19:44:26 - [TEST_STEP][PASSED] - ExpectSkip_ES = "Omitido por ANA DELAMATANIEVES": null

2022-06-23 19:44:26 - [TEST_STEP][PASSED] - verifyMatch(ExpectSkip_ES, ActualSkip_ES, false): Actual text 'Omitido por ANA DELAMATANIEVES' and expected text 'Omitido por ANA DELAMATANIEVES' are matched 

2022-06-23 19:44:26 - [MESSAGE][PASSED] - Actual text 'Omitido por ANA DELAMATANIEVES' and expected text 'Omitido por ANA DELAMATANIEVES' are matched 

2022-06-23 19:44:26 - [TEST_STEP][PASSED] - click(findTestObject("1. Constant/xpath", ["xpath":"/html/body/div[1]/div[2]/div[8]/div[3]/div/div[3]/div[3]/div/ul/li[2]/a"])): Object: 'Object Repository/1. Constant/xpath' is clicked on

2022-06-23 19:44:27 - [MESSAGE][PASSED] - Object: 'Object Repository/1. Constant/xpath' is clicked on

2022-06-23 19:44:27 - [TEST_STEP][PASSED] - delay(5): Delayed 5 second(s)

2022-06-23 19:44:32 - [MESSAGE][PASSED] - Delayed 5 second(s)

2022-06-23 19:44:32 - [TEST_STEP][PASSED] - click(findTestObject("1. Constant/xpath", ["xpath":"/html/body/div[1]/div[2]/div[8]/div[3]/div/div[3]/div[3]/div/div/div[2]/div/div[1]/div/div[1]/div[2]/a"])): Object: 'Object Repository/1. Constant/xpath' is clicked on

2022-06-23 19:44:35 - [MESSAGE][PASSED] - Object: 'Object Repository/1. Constant/xpath' is clicked on

2022-06-23 19:44:35 - [TEST_STEP][PASSED] - delay(5): Delayed 5 second(s)

2022-06-23 19:44:40 - [MESSAGE][PASSED] - Delayed 5 second(s)

2022-06-23 19:44:40 - [TEST_STEP][PASSED] - takeScreenshot(): Taking screenshot successfully

2022-06-23 19:44:41 - [MESSAGE][PASSED] - Taking screenshot successfully
[[ATTACHMENT|D:\\Projet Test Auto\\Mediabox Test Automation\\Reports\\20220623_184212\\03. Parallel Testing (Testing)\\TS -PT PART 3\\03. StarPack Full Lifecycle_SAS_Task\\20220623_184213\\1656006280894.png]]

2022-06-23 19:44:41 - [TEST_STEP][PASSED] - ActualSkipAuto_ES = getText(findTestObject("1. Constant/xpath", ["xpath":"/html/body/div[1]/div[2]/div[8]/div[3]/div/div[3]/div[3]/div/div/div[2]/div/div[1]/div/div[2]/h5"])): Text of object 'Object Repository/1. Constant/xpath' is: 'Skipped automatically (empty group)'

2022-06-23 19:44:42 - [MESSAGE][PASSED] - Text of object 'Object Repository/1. Constant/xpath' is: 'Skipped automatically (empty group)'

2022-06-23 19:44:42 - [TEST_STEP][PASSED] - I.print("Skip is displayed - " + ActualSkipAuto_ES): null

2022-06-23 19:44:42 - [TEST_STEP][PASSED] - ExpectSkipAuto_ES = "Skipped automatically (empty group)": null

2022-06-23 19:44:42 - [TEST_STEP][PASSED] - verifyMatch(ExpectSkipAuto_ES, ActualSkipAuto_ES, false): Actual text 'Skipped automatically (empty group)' and expected text 'Skipped automatically (empty group)' are matched 

2022-06-23 19:44:42 - [MESSAGE][PASSED] - Actual text 'Skipped automatically (empty group)' and expected text 'Skipped automatically (empty group)' are matched 

2022-06-23 19:44:42 - [TEST_STEP][PASSED] - click(findTestObject("1. Constant/xpath", ["xpath":"/html/body/div[1]/div[2]/div[8]/div[2]/div/nav/ol/li[2]/a"])): Object: 'Object Repository/1. Constant/xpath' is clicked on

2022-06-23 19:44:46 - [MESSAGE][PASSED] - Object: 'Object Repository/1. Constant/xpath' is clicked on

2022-06-23 19:44:46 - [TEST_STEP][PASSED] - takeScreenshot(): Taking screenshot successfully

2022-06-23 19:44:47 - [MESSAGE][PASSED] - Taking screenshot successfully
[[ATTACHMENT|D:\\Projet Test Auto\\Mediabox Test Automation\\Reports\\20220623_184212\\03. Parallel Testing (Testing)\\TS -PT PART 3\\03. StarPack Full Lifecycle_SAS_Task\\20220623_184213\\1656006286831.png]]

2022-06-23 19:44:47 - [TEST_STEP][PASSED] - Alifecycle_PAF = getText(findTestObject("1. Constant/xpath", ["xpath":"/html/body/div[1]/div[2]/div[4]/div[3]/div/div[2]/div[2]/div[1]/table/tbody/tr[2]/td[7]/span[2]"])): Text of object 'Object Repository/1. Constant/xpath' is: 'PAF'

2022-06-23 19:44:48 - [MESSAGE][PASSED] - Text of object 'Object Repository/1. Constant/xpath' is: 'PAF'

2022-06-23 19:44:48 - [TEST_STEP][PASSED] - I.print("Lifecycle - " + Alifecycle_PAF): null

2022-06-23 19:44:48 - [TEST_STEP][PASSED] - Elifecycle_PAF = "PAF": null

2022-06-23 19:44:48 - [TEST_STEP][PASSED] - verifyMatch(Alifecycle_PAF, Elifecycle_PAF, false): Actual text 'PAF' and expected text 'PAF' are matched 

2022-06-23 19:44:48 - [MESSAGE][PASSED] - Actual text 'PAF' and expected text 'PAF' are matched 

2022-06-23 19:44:48 - [TEST_STEP][PASSED] - click(findTestObject("1. Constant/xpath", ["xpath":"/html/body/div[1]/div[2]/div[4]/div[3]/div/div[2]/div[2]/div[1]/table/tbody/tr[2]/td[4]/a"])): Object: 'Object Repository/1. Constant/xpath' is clicked on

2022-06-23 19:44:54 - [MESSAGE][PASSED] - Object: 'Object Repository/1. Constant/xpath' is clicked on

2022-06-23 19:44:54 - [TEST_STEP][PASSED] - click(findTestObject("1. Constant/xpath", ["xpath":"//*[@id="kt_content"]/div[3]/div/ul/li[3]/a"])): Object: 'Object Repository/1. Constant/xpath' is clicked on

2022-06-23 19:44:58 - [MESSAGE][PASSED] - Object: 'Object Repository/1. Constant/xpath' is clicked on

2022-06-23 19:44:58 - [TEST_STEP][PASSED] - I.Pagedown(): Execute JavaScript 'window.scrollTo(0, document.body.scrollHeight)' successfully

2022-06-23 19:44:58 - [MESSAGE][PASSED] - Execute JavaScript 'window.scrollTo(0, document.body.scrollHeight)' successfully

2022-06-23 19:44:58 - [TEST_STEP][PASSED] - mouseOver(findTestObject("1. Constant/xpath", ["xpath":"/html/body/div[1]/div[2]/div[8]/div[3]/div/div[3]/div[3]/div/div/div[2]/div/div[3]/div/div[1]/div[2]/div/a[2]"])): Object: 'Object Repository/1. Constant/xpath' is hovered

2022-06-23 19:44:59 - [MESSAGE][PASSED] - Object: 'Object Repository/1. Constant/xpath' is hovered

2022-06-23 19:44:59 - [TEST_STEP][PASSED] - takeScreenshot(): Taking screenshot successfully

2022-06-23 19:45:00 - [MESSAGE][PASSED] - Taking screenshot successfully
[[ATTACHMENT|D:\\Projet Test Auto\\Mediabox Test Automation\\Reports\\20220623_184212\\03. Parallel Testing (Testing)\\TS -PT PART 3\\03. StarPack Full Lifecycle_SAS_Task\\20220623_184213\\1656006299920.png]]

2022-06-23 19:45:00 - [TEST_STEP][PASSED] - Atooltip_del = getText(findTestObject("1. Constant/xpath", ["xpath":"/html/body/div[9]/div[2]"])): Text of object 'Object Repository/1. Constant/xpath' is: 'Borrar esta fase'

2022-06-23 19:45:02 - [MESSAGE][PASSED] - Text of object 'Object Repository/1. Constant/xpath' is: 'Borrar esta fase'

2022-06-23 19:45:02 - [TEST_STEP][PASSED] - Etooltip_del = "Borrar esta fase": null

2022-06-23 19:45:02 - [TEST_STEP][PASSED] - verifyMatch(Atooltip_del, Etooltip_del, false): Actual text 'Borrar esta fase' and expected text 'Borrar esta fase' are matched 

2022-06-23 19:45:02 - [MESSAGE][PASSED] - Actual text 'Borrar esta fase' and expected text 'Borrar esta fase' are matched 

2022-06-23 19:45:02 - [TEST_STEP][PASSED] - click(findTestObject("1. Constant/xpath", ["xpath":"/html/body/div[1]/div[2]/div[8]/div[3]/div/div[3]/div[3]/div/div/div[2]/div/div[3]/div/div[1]/div[2]/div/a[2]"])): Object: 'Object Repository/1. Constant/xpath' is clicked on

2022-06-23 19:45:03 - [MESSAGE][PASSED] - Object: 'Object Repository/1. Constant/xpath' is clicked on

2022-06-23 19:45:03 - [TEST_STEP][PASSED] - takeScreenshot(): Taking screenshot successfully

2022-06-23 19:45:04 - [MESSAGE][PASSED] - Taking screenshot successfully
[[ATTACHMENT|D:\\Projet Test Auto\\Mediabox Test Automation\\Reports\\20220623_184212\\03. Parallel Testing (Testing)\\TS -PT PART 3\\03. StarPack Full Lifecycle_SAS_Task\\20220623_184213\\1656006303887.png]]

2022-06-23 19:45:04 - [TEST_STEP][PASSED] - click(findTestObject("1. Constant/xpath", ["xpath":"//*[@id="kt_body"]/div[9]/div/div/div[2]/button[2]"])): Object: 'Object Repository/1. Constant/xpath' is clicked on

2022-06-23 19:45:12 - [MESSAGE][PASSED] - Object: 'Object Repository/1. Constant/xpath' is clicked on

2022-06-23 19:45:12 - [TEST_STEP][PASSED] - takeScreenshot(): Taking screenshot successfully

2022-06-23 19:45:15 - [MESSAGE][PASSED] - Taking screenshot successfully
[[ATTACHMENT|D:\\Projet Test Auto\\Mediabox Test Automation\\Reports\\20220623_184212\\03. Parallel Testing (Testing)\\TS -PT PART 3\\03. StarPack Full Lifecycle_SAS_Task\\20220623_184213\\1656006314388.png]]

2022-06-23 19:45:15 - [TEST_STEP][PASSED] - ActualSuceessDel = getText(findTestObject("1. Constant/xpath", ["xpath":"//*[@id="toast-container"]/div/div[2]"])): Text of object 'Object Repository/1. Constant/xpath' is: 'The phase Final artworks has been removed'

2022-06-23 19:45:15 - [MESSAGE][PASSED] - Text of object 'Object Repository/1. Constant/xpath' is: 'The phase Final artworks has been removed'

2022-06-23 19:45:15 - [TEST_STEP][PASSED] - I.print("Skip is displayed - " + ActualSuceessDel): null

2022-06-23 19:45:15 - [TEST_STEP][PASSED] - Exp_SuceessDel = "The phase Final artworks has been removed": null

2022-06-23 19:45:15 - [TEST_STEP][PASSED] - verifyMatch(ActualSuceessDel, Exp_SuceessDel, false): Actual text 'The phase Final artworks has been removed' and expected text 'The phase Final artworks has been removed' are matched 

2022-06-23 19:45:15 - [MESSAGE][PASSED] - Actual text 'The phase Final artworks has been removed' and expected text 'The phase Final artworks has been removed' are matched 

2022-06-23 19:45:15 - [TEST_STEP][PASSED] - takeScreenshot(): Taking screenshot successfully

2022-06-23 19:45:16 - [MESSAGE][PASSED] - Taking screenshot successfully
[[ATTACHMENT|D:\\Projet Test Auto\\Mediabox Test Automation\\Reports\\20220623_184212\\03. Parallel Testing (Testing)\\TS -PT PART 3\\03. StarPack Full Lifecycle_SAS_Task\\20220623_184213\\1656006315732.png]]

2022-06-23 19:45:16 - [TEST_STEP][PASSED] - delay(1): Delayed 1 second(s)

2022-06-23 19:45:17 - [MESSAGE][PASSED] - Delayed 1 second(s)

2022-06-23 19:45:17 - [TEST_STEP][PASSED] - I.Logout(): Delayed 3 second(s)

2022-06-23 19:45:20 - [MESSAGE][PASSED] - Delayed 3 second(s)

2022-06-23 19:45:22 - [MESSAGE][PASSED] - Object: 'Object Repository/1. Constant/xpath' is clicked on

2022-06-23 19:45:25 - [MESSAGE][PASSED] - Delayed 3 second(s)

2022-06-23 19:45:29 - [MESSAGE][PASSED] - Object: 'Object Repository/1. Constant/xpath' is clicked on

2022-06-23 19:45:32 - [MESSAGE][PASSED] - Delayed 3 second(s)

2022-06-23 19:45:32 - [TEST_STEP][PASSED] - I.Login_password("suser", password_suser): Object: 'Object Repository/1. Constant/xpath' is clicked on

2022-06-23 19:45:33 - [MESSAGE][PASSED] - Text 'suser' is set on object 'Object Repository/1. Constant/xpath'

2022-06-23 19:45:34 - [MESSAGE][PASSED] - Delayed 1 second(s)

2022-06-23 19:45:37 - [MESSAGE][PASSED] - Text 'dchi2' is set on object 'Object Repository/1. Constant/xpath'

2022-06-23 19:45:38 - [MESSAGE][PASSED] - Delayed 1 second(s)

2022-06-23 19:45:42 - [MESSAGE][PASSED] - Object: 'Object Repository/1. Constant/xpath' is clicked on

2022-06-23 19:45:42 - [TEST_STEP][PASSED] - takeScreenshot(): Taking screenshot successfully

2022-06-23 19:45:43 - [MESSAGE][PASSED] - Taking screenshot successfully
[[ATTACHMENT|D:\\Projet Test Auto\\Mediabox Test Automation\\Reports\\20220623_184212\\03. Parallel Testing (Testing)\\TS -PT PART 3\\03. StarPack Full Lifecycle_SAS_Task\\20220623_184213\\1656006342915.png]]

2022-06-23 19:45:43 - [TEST_STEP][PASSED] - click(findTestObject("1. Constant/02_LHSMenu_Projects")): Object: 'Object Repository/1. Constant/02_LHSMenu_Projects' is clicked on

2022-06-23 19:45:48 - [MESSAGE][PASSED] - Object: 'Object Repository/1. Constant/02_LHSMenu_Projects' is clicked on

2022-06-23 19:45:48 - [TEST_STEP][PASSED] - I.SearchProjectNo(Project_No, findTestObject("1. Constant/xpath", ["xpath":"//*[@id="form_filters"]/div[4]/button"])): Delayed 5 second(s)

2022-06-23 19:45:51 - [MESSAGE][PASSED] - Text 'MI001281' is set on object 'Object Repository/1. Constant/xpath'

2022-06-23 19:45:54 - [MESSAGE][PASSED] - Delayed 3 second(s)

2022-06-23 19:45:59 - [MESSAGE][PASSED] - Object: 'Object Repository/1. Constant/xpath' is clicked on

2022-06-23 19:46:04 - [MESSAGE][PASSED] - Delayed 5 second(s)

2022-06-23 19:46:04 - [TEST_STEP][PASSED] - takeScreenshot(): Taking screenshot successfully

2022-06-23 19:46:06 - [MESSAGE][PASSED] - Taking screenshot successfully
[[ATTACHMENT|D:\\Projet Test Auto\\Mediabox Test Automation\\Reports\\20220623_184212\\03. Parallel Testing (Testing)\\TS -PT PART 3\\03. StarPack Full Lifecycle_SAS_Task\\20220623_184213\\1656006364963.png]]

2022-06-23 19:46:06 - [TEST_STEP][PASSED] - click(findTestObject("Object Repository/StarPack - Full Lifecycle (AWIS)/6.03 suser id_source_refID__td4_a", ["refID":"source_" + refID])): Object: 'Object Repository/StarPack - Full Lifecycle (AWIS)/6.03 suser id_source_refID__td4_a' is clicked on

2022-06-23 19:46:09 - [MESSAGE][PASSED] - Object: 'Object Repository/StarPack - Full Lifecycle (AWIS)/6.03 suser id_source_refID__td4_a' is clicked on

2022-06-23 19:46:09 - [TEST_STEP][PASSED] - click(findTestObject("1. Constant/xpath", ["xpath":"//*[@id="kt_content"]/div[3]/div/ul/li[3]/a"])): Object: 'Object Repository/1. Constant/xpath' is clicked on

2022-06-23 19:46:11 - [MESSAGE][PASSED] - Object: 'Object Repository/1. Constant/xpath' is clicked on

2022-06-23 19:46:11 - [TEST_STEP][PASSED] - mouseOver(findTestObject("1. Constant/xpath", ["xpath":"/html/body/div[1]/div[2]/div[8]/div[3]/div/div[3]/div[3]/div/div/div[2]/div/div[2]/div/div[1]/div[2]/div/a[1]"])): Object: 'Object Repository/1. Constant/xpath' is hovered

2022-06-23 19:46:14 - [MESSAGE][PASSED] - Object: 'Object Repository/1. Constant/xpath' is hovered

2022-06-23 19:46:14 - [TEST_STEP][PASSED] - takeScreenshot(): Taking screenshot successfully

2022-06-23 19:46:15 - [MESSAGE][PASSED] - Taking screenshot successfully
[[ATTACHMENT|D:\\Projet Test Auto\\Mediabox Test Automation\\Reports\\20220623_184212\\03. Parallel Testing (Testing)\\TS -PT PART 3\\03. StarPack Full Lifecycle_SAS_Task\\20220623_184213\\1656006375242.png]]

2022-06-23 19:46:15 - [TEST_STEP][PASSED] - Atooltip_AddPhase = getText(findTestObject("1. Constant/xpath", ["xpath":"/html/body/div[9]/div[2]"])): Text of object 'Object Repository/1. Constant/xpath' is: 'Add phases'

2022-06-23 19:46:16 - [MESSAGE][PASSED] - Text of object 'Object Repository/1. Constant/xpath' is: 'Add phases'

2022-06-23 19:46:16 - [TEST_STEP][PASSED] - I.print("tooltip Actual for Add phase -" + Atooltip_AddPhase): null

2022-06-23 19:46:16 - [TEST_STEP][PASSED] - Etooltip_AddPhase = "Add phases": null

2022-06-23 19:46:16 - [TEST_STEP][PASSED] - verifyMatch(Atooltip_AddPhase, Etooltip_AddPhase, false): Actual text 'Add phases' and expected text 'Add phases' are matched 

2022-06-23 19:46:16 - [MESSAGE][PASSED] - Actual text 'Add phases' and expected text 'Add phases' are matched 

2022-06-23 19:46:16 - [TEST_STEP][PASSED] - click(findTestObject("1. Constant/xpath", ["xpath":"/html/body/div[1]/div[2]/div[8]/div[3]/div/div[3]/div[3]/div/div/div[2]/div/div[2]/div/div[1]/div[2]/div/a[1]"])): Object: 'Object Repository/1. Constant/xpath' is clicked on

2022-06-23 19:46:18 - [MESSAGE][PASSED] - Object: 'Object Repository/1. Constant/xpath' is clicked on

2022-06-23 19:46:18 - [TEST_STEP][PASSED] - delay(1): Delayed 1 second(s)

2022-06-23 19:46:19 - [MESSAGE][PASSED] - Delayed 1 second(s)

2022-06-23 19:46:19 - [TEST_STEP][PASSED] - selectOptionByValue(findTestObject("1. Constant/01_id_field_id", ["field_id":"added_phase"]), "52", false): All options with value '52' are selected in object 'Object Repository/1. Constant/01_id_field_id' 

2022-06-23 19:46:21 - [MESSAGE][PASSED] - All options with value '52' are selected in object 'Object Repository/1. Constant/01_id_field_id' 

2022-06-23 19:46:21 - [TEST_STEP][PASSED] - takeScreenshot(): Taking screenshot successfully

2022-06-23 19:46:22 - [MESSAGE][PASSED] - Taking screenshot successfully
[[ATTACHMENT|D:\\Projet Test Auto\\Mediabox Test Automation\\Reports\\20220623_184212\\03. Parallel Testing (Testing)\\TS -PT PART 3\\03. StarPack Full Lifecycle_SAS_Task\\20220623_184213\\1656006381627.png]]

2022-06-23 19:46:22 - [TEST_STEP][PASSED] - click(findTestObject("1. Constant/xpath", ["xpath":"//*[@id="modal_addphase"]/div/div/div[3]/button[2]"])): Object: 'Object Repository/1. Constant/xpath' is clicked on

2022-06-23 19:46:30 - [MESSAGE][PASSED] - Object: 'Object Repository/1. Constant/xpath' is clicked on

2022-06-23 19:46:30 - [TEST_STEP][PASSED] - Asuccess_AddPhase = getText(findTestObject("1. Constant/xpath", ["xpath":"//*[@id="toast-container"]/div/div[2]"])): Text of object 'Object Repository/1. Constant/xpath' is: 'The phase Final artworks has been added after the phase PAF'

2022-06-23 19:46:31 - [MESSAGE][PASSED] - Text of object 'Object Repository/1. Constant/xpath' is: 'The phase Final artworks has been added after the phase PAF'

2022-06-23 19:46:31 - [TEST_STEP][PASSED] - I.print("tooltip Actual for Add phase -" + Asuccess_AddPhase): null

2022-06-23 19:46:31 - [TEST_STEP][PASSED] - Esuccess_AddPhase = "The phase Final artworks has been added after the phase PAF": null

2022-06-23 19:46:31 - [TEST_STEP][PASSED] - verifyMatch(Asuccess_AddPhase, Esuccess_AddPhase, false): Actual text 'The phase Final artworks has been added after the phase PAF' and expected text 'The phase Final artworks has been added after the phase PAF' are matched 

2022-06-23 19:46:31 - [MESSAGE][PASSED] - Actual text 'The phase Final artworks has been added after the phase PAF' and expected text 'The phase Final artworks has been added after the phase PAF' are matched 

2022-06-23 19:46:31 - [TEST_STEP][PASSED] - takeScreenshot(): Taking screenshot successfully

2022-06-23 19:46:32 - [MESSAGE][PASSED] - Taking screenshot successfully
[[ATTACHMENT|D:\\Projet Test Auto\\Mediabox Test Automation\\Reports\\20220623_184212\\03. Parallel Testing (Testing)\\TS -PT PART 3\\03. StarPack Full Lifecycle_SAS_Task\\20220623_184213\\1656006391762.png]]

2022-06-23 19:46:32 - [TEST_STEP][PASSED] - APhase = getText(findTestObject("1. Constant/xpath", ["xpath":"/html/body/div[1]/div[2]/div[8]/div[3]/div/div[3]/div[3]/div/div/div[2]/div/div[3]/div/div[1]/div[1]/h3"])): Text of object 'Object Repository/1. Constant/xpath' is: 'Final artworks'

2022-06-23 19:46:33 - [MESSAGE][PASSED] - Text of object 'Object Repository/1. Constant/xpath' is: 'Final artworks'

2022-06-23 19:46:33 - [TEST_STEP][PASSED] - EPhase = "Final artworks": null

2022-06-23 19:46:33 - [TEST_STEP][PASSED] - verifyMatch(APhase, EPhase, false): Actual text 'Final artworks' and expected text 'Final artworks' are matched 

2022-06-23 19:46:33 - [MESSAGE][PASSED] - Actual text 'Final artworks' and expected text 'Final artworks' are matched 

2022-06-23 19:46:33 - [TEST_STEP][PASSED] - click(findTestObject("1. Constant/xpath", ["xpath":"/html/body/div[1]/div[2]/div[8]/div[3]/div/div[3]/div[3]/div/div/div[2]/div/div[3]/div/div[1]/div[2]/a"])): Object: 'Object Repository/1. Constant/xpath' is clicked on

2022-06-23 19:46:35 - [MESSAGE][PASSED] - Object: 'Object Repository/1. Constant/xpath' is clicked on

2022-06-23 19:46:35 - [TEST_STEP][PASSED] - delay(1): Delayed 1 second(s)

2022-06-23 19:46:36 - [MESSAGE][PASSED] - Delayed 1 second(s)

2022-06-23 19:46:36 - [TEST_STEP][PASSED] - takeScreenshot(): Taking screenshot successfully

2022-06-23 19:46:37 - [MESSAGE][PASSED] - Taking screenshot successfully
[[ATTACHMENT|D:\\Projet Test Auto\\Mediabox Test Automation\\Reports\\20220623_184212\\03. Parallel Testing (Testing)\\TS -PT PART 3\\03. StarPack Full Lifecycle_SAS_Task\\20220623_184213\\1656006397063.png]]

2022-06-23 19:46:37 - [TEST_STEP][PASSED] - AddedPhase_A = getText(findTestObject("1. Constant/xpath", ["xpath":"/html/body/div[1]/div[2]/div[8]/div[3]/div/div[3]/div[3]/div/div/div[2]/div/div[3]/div/div[2]/h6"])): Text of object 'Object Repository/1. Constant/xpath' is: 'Added manually 23/06/2022 19:46 By s user'

2022-06-23 19:46:37 - [MESSAGE][PASSED] - Text of object 'Object Repository/1. Constant/xpath' is: 'Added manually 23/06/2022 19:46 By s user'

2022-06-23 19:46:37 - [TEST_STEP][PASSED] - I.print("added manually -" + AddedPhase_A): null

2022-06-23 19:46:37 - [TEST_STEP][PASSED] - date = I.gettimedate_Format(): null

2022-06-23 19:46:37 - [TEST_STEP][PASSED] - AddedPhase_E = " Added manually " + date: null

2022-06-23 19:46:37 - [TEST_STEP][PASSED] - if (AddedPhase_A.contains(AddedPhase_E)): null

2022-06-23 19:46:37 - [TEST_STEP][PASSED] - delay(5): Delayed 5 second(s)

2022-06-23 19:46:42 - [MESSAGE][PASSED] - Delayed 5 second(s)

2022-06-23 19:46:42 - [TEST_STEP][PASSED] - I.Pagedown(): Execute JavaScript 'window.scrollTo(0, document.body.scrollHeight)' successfully

2022-06-23 19:46:43 - [MESSAGE][PASSED] - Execute JavaScript 'window.scrollTo(0, document.body.scrollHeight)' successfully

2022-06-23 19:46:43 - [TEST_STEP][PASSED] - mouseOver(findTestObject("1. Constant/xpath", ["xpath":"/html/body/div[1]/div[2]/div[8]/div[3]/div/div[3]/div[3]/div/div/div[2]/div/div[2]/div/div[1]/div[2]/div/a[3]"])): Object: 'Object Repository/1. Constant/xpath' is hovered

2022-06-23 19:46:44 - [MESSAGE][PASSED] - Object: 'Object Repository/1. Constant/xpath' is hovered

2022-06-23 19:46:44 - [TEST_STEP][PASSED] - delay(1): Delayed 1 second(s)

2022-06-23 19:46:45 - [MESSAGE][PASSED] - Delayed 1 second(s)

2022-06-23 19:46:45 - [TEST_STEP][PASSED] - A_SkipPhase_480 = getText(findTestObject("1. Constant/xpath", ["xpath":"/html/body/div[9]/div[2]"])): Text of object 'Object Repository/1. Constant/xpath' is: 'View infos'

2022-06-23 19:46:48 - [MESSAGE][PASSED] - Text of object 'Object Repository/1. Constant/xpath' is: 'View infos'

2022-06-23 19:46:48 - [TEST_STEP][PASSED] - I.print("tooltip Actual for Skip phase -" + A_SkipPhase_480): null

2022-06-23 19:46:48 - [TEST_STEP][PASSED] - E_SkipPhase_480 = "Skip this phase": null

2022-06-23 19:46:48 - [TEST_STEP][PASSED] - "180": null

2022-06-23 19:46:48 - [TEST_STEP][PASSED] - click(findTestObject("1. Constant/xpath", ["xpath":"/html/body/div[1]/div[2]/div[8]/div[3]/div/div[3]/div[3]/div/div/div[2]/div/div[2]/div/div[1]/div[2]/div/a[3]"])): Object: 'Object Repository/1. Constant/xpath' is clicked on

2022-06-23 19:46:52 - [MESSAGE][PASSED] - Object: 'Object Repository/1. Constant/xpath' is clicked on

2022-06-23 19:46:52 - [TEST_STEP][PASSED] - takeScreenshot(): Taking screenshot successfully

2022-06-23 19:46:53 - [MESSAGE][PASSED] - Taking screenshot successfully
[[ATTACHMENT|D:\\Projet Test Auto\\Mediabox Test Automation\\Reports\\20220623_184212\\03. Parallel Testing (Testing)\\TS -PT PART 3\\03. StarPack Full Lifecycle_SAS_Task\\20220623_184213\\1656006412746.png]]

2022-06-23 19:46:53 - [TEST_STEP][PASSED] - click(findTestObject("1. Constant/xpath", ["xpath":"/html/body/div[1]/div[2]/div[8]/div[3]/div/form[4]/div/div/div/div[3]/button[2]"])): Object: 'Object Repository/1. Constant/xpath' is clicked on

2022-06-23 19:46:58 - [MESSAGE][PASSED] - Object: 'Object Repository/1. Constant/xpath' is clicked on

2022-06-23 19:46:58 - [TEST_STEP][PASSED] - delay(5): Delayed 5 second(s)

2022-06-23 19:47:03 - [MESSAGE][PASSED] - Delayed 5 second(s)

2022-06-23 19:47:03 - [TEST_STEP][PASSED] - verifyElementClickable(findTestObject("1. Constant/xpath", ["xpath":"/html/body/div[1]/div[2]/div[8]/div[3]/div/div[3]/div[3]/div/div/div[2]/div/div[3]/div/div[1]/div[2]/div/a[4]"])): Object 'Object Repository/1. Constant/xpath' is clickable

2022-06-23 19:47:04 - [MESSAGE][PASSED] - Object 'Object Repository/1. Constant/xpath' is clickable

2022-06-23 19:47:04 - [TEST_STEP][PASSED] - delay(2): Delayed 2 second(s)

2022-06-23 19:47:06 - [MESSAGE][PASSED] - Delayed 2 second(s)

2022-06-23 19:47:06 - [TEST_STEP][PASSED] - mouseOver(findTestObject("1. Constant/xpath", ["xpath":"/html/body/div[1]/div[2]/div[8]/div[3]/div/div[3]/div[3]/div/div/div[2]/div/div[3]/div/div[1]/div[2]/div/a[4]"])): Object: 'Object Repository/1. Constant/xpath' is hovered

2022-06-23 19:47:07 - [MESSAGE][PASSED] - Object: 'Object Repository/1. Constant/xpath' is hovered

2022-06-23 19:47:07 - [TEST_STEP][PASSED] - delay(1): Delayed 1 second(s)

2022-06-23 19:47:08 - [MESSAGE][PASSED] - Delayed 1 second(s)

2022-06-23 19:47:08 - [TEST_STEP][PASSED] - Atooltip_SA = getText(findTestObject("1. Constant/xpath", ["xpath":"/html/body/div[9]/div[2]"])): Text of object 'Object Repository/1. Constant/xpath' is: 'Go back to PAF'

2022-06-23 19:47:08 - [MESSAGE][PASSED] - Text of object 'Object Repository/1. Constant/xpath' is: 'Go back to PAF'

2022-06-23 19:47:08 - [TEST_STEP][PASSED] - I.print("tooltip Actual for Add phase -" + Atooltip_SA): null

2022-06-23 19:47:08 - [TEST_STEP][PASSED] - Etooltip_SA = "Go back to PAF": null

2022-06-23 19:47:08 - [TEST_STEP][PASSED] - takeScreenshot(): Taking screenshot successfully

2022-06-23 19:47:09 - [MESSAGE][PASSED] - Taking screenshot successfully
[[ATTACHMENT|D:\\Projet Test Auto\\Mediabox Test Automation\\Reports\\20220623_184212\\03. Parallel Testing (Testing)\\TS -PT PART 3\\03. StarPack Full Lifecycle_SAS_Task\\20220623_184213\\1656006428951.png]]

2022-06-23 19:47:09 - [TEST_STEP][PASSED] - verifyMatch(Atooltip_SA, Etooltip_SA, false): Actual text 'Go back to PAF' and expected text 'Go back to PAF' are matched 

2022-06-23 19:47:09 - [MESSAGE][PASSED] - Actual text 'Go back to PAF' and expected text 'Go back to PAF' are matched 

2022-06-23 19:47:09 - [TEST_STEP][PASSED] - click(findTestObject("1. Constant/xpath", ["xpath":"//*[@id="kt_subheader"]/div/nav/ol/li[2]"])): Object: 'Object Repository/1. Constant/xpath' is clicked on

2022-06-23 19:47:15 - [MESSAGE][PASSED] - Object: 'Object Repository/1. Constant/xpath' is clicked on

2022-06-23 19:47:15 - [TEST_STEP][PASSED] - verifyElementClickable(findTestObject("Object Repository/StarPack - Full Lifecycle (AWIS)/6.04 suser id_refID_td9_a4", ["refID":"source_" + refID])): Object 'Object Repository/StarPack - Full Lifecycle (AWIS)/6.04 suser id_refID_td9_a4' is clickable

2022-06-23 19:47:16 - [MESSAGE][PASSED] - Object 'Object Repository/StarPack - Full Lifecycle (AWIS)/6.04 suser id_refID_td9_a4' is clickable

2022-06-23 19:47:16 - [TEST_STEP][PASSED] - mouseOver(findTestObject("Object Repository/StarPack - Full Lifecycle (AWIS)/6.04 suser id_refID_td9_a4", ["refID":"source_" + refID])): Object: 'Object Repository/StarPack - Full Lifecycle (AWIS)/6.04 suser id_refID_td9_a4' is hovered

2022-06-23 19:47:16 - [MESSAGE][PASSED] - Object: 'Object Repository/StarPack - Full Lifecycle (AWIS)/6.04 suser id_refID_td9_a4' is hovered

2022-06-23 19:47:16 - [TEST_STEP][PASSED] - takeScreenshot(): Taking screenshot successfully

2022-06-23 19:47:17 - [MESSAGE][PASSED] - Taking screenshot successfully
[[ATTACHMENT|D:\\Projet Test Auto\\Mediabox Test Automation\\Reports\\20220623_184212\\03. Parallel Testing (Testing)\\TS -PT PART 3\\03. StarPack Full Lifecycle_SAS_Task\\20220623_184213\\1656006436952.png]]

2022-06-23 19:47:17 - [TEST_STEP][PASSED] - delay(1): Delayed 1 second(s)

2022-06-23 19:47:18 - [MESSAGE][PASSED] - Delayed 1 second(s)

2022-06-23 19:47:18 - [TEST_STEP][PASSED] - Atooltip_SA2 = getText(findTestObject("1. Constant/xpath", ["xpath":"/html/body/div[9]/div[2]"])): Text of object 'Object Repository/1. Constant/xpath' is: 'Go back to PAF'

2022-06-23 19:47:20 - [MESSAGE][PASSED] - Text of object 'Object Repository/1. Constant/xpath' is: 'Go back to PAF'

2022-06-23 19:47:20 - [TEST_STEP][PASSED] - I.print("tooltip Actual for SA -" + Atooltip_SA2): null

2022-06-23 19:47:20 - [TEST_STEP][PASSED] - Etooltip_SA2 = "Go back to PAF": null

2022-06-23 19:47:20 - [TEST_STEP][PASSED] - verifyMatch(Atooltip_SA2, Etooltip_SA2, false): Actual text 'Go back to PAF' and expected text 'Go back to PAF' are matched 

2022-06-23 19:47:20 - [MESSAGE][PASSED] - Actual text 'Go back to PAF' and expected text 'Go back to PAF' are matched 

2022-06-23 19:47:20 - [TEST_STEP][PASSED] - I.Logout(): Delayed 3 second(s)

2022-06-23 19:47:23 - [MESSAGE][PASSED] - Delayed 3 second(s)

2022-06-23 19:47:26 - [MESSAGE][PASSED] - Object: 'Object Repository/1. Constant/xpath' is clicked on

2022-06-23 19:47:29 - [MESSAGE][PASSED] - Delayed 3 second(s)

2022-06-23 19:47:38 - [MESSAGE][PASSED] - Object: 'Object Repository/1. Constant/xpath' is clicked on

2022-06-23 19:47:41 - [MESSAGE][PASSED] - Delayed 3 second(s)

2022-06-23 19:47:41 - [TEST_STEP][PASSED] - I.Login_password("aherms", password_aherms): Object: 'Object Repository/1. Constant/xpath' is clicked on

2022-06-23 19:47:44 - [MESSAGE][PASSED] - Text 'aherms' is set on object 'Object Repository/1. Constant/xpath'

2022-06-23 19:47:45 - [MESSAGE][PASSED] - Delayed 1 second(s)

2022-06-23 19:47:52 - [MESSAGE][PASSED] - Text 'dchi3' is set on object 'Object Repository/1. Constant/xpath'

2022-06-23 19:47:53 - [MESSAGE][PASSED] - Delayed 1 second(s)

2022-06-23 19:48:01 - [MESSAGE][PASSED] - Object: 'Object Repository/1. Constant/xpath' is clicked on

2022-06-23 19:48:01 - [TEST_STEP][PASSED] - delay(2): Delayed 2 second(s)

2022-06-23 19:48:03 - [MESSAGE][PASSED] - Delayed 2 second(s)

2022-06-23 19:48:03 - [TEST_STEP][PASSED] - click(findTestObject("1. Constant/02_LHSMenu_Projects")): Object: 'Object Repository/1. Constant/02_LHSMenu_Projects' is clicked on

2022-06-23 19:48:07 - [MESSAGE][PASSED] - Object: 'Object Repository/1. Constant/02_LHSMenu_Projects' is clicked on

2022-06-23 19:48:07 - [TEST_STEP][PASSED] - I.SearchProjectNo(Project_No, findTestObject("1. Constant/xpath", ["xpath":"//*[@id="form_filters"]/div[4]/button"])): Delayed 5 second(s)

2022-06-23 19:48:13 - [MESSAGE][PASSED] - Text 'MI001281' is set on object 'Object Repository/1. Constant/xpath'

2022-06-23 19:48:16 - [MESSAGE][PASSED] - Delayed 3 second(s)

2022-06-23 19:48:21 - [MESSAGE][PASSED] - Object: 'Object Repository/1. Constant/xpath' is clicked on

2022-06-23 19:48:26 - [MESSAGE][PASSED] - Delayed 5 second(s)

2022-06-23 19:48:26 - [TEST_STEP][PASSED] - verifyElementNotPresent(findTestObject("Object Repository/StarPack - Full Lifecycle (AWIS)/5.07 Agency1 id_refID_td8", ["refID":"source_" + refID]), 10): Web element with id: 'Object Repository/StarPack - Full Lifecycle (AWIS)/5.07 Agency1 id_refID_td8' located by 'By.xpath: //*[@id="source_6395"]/td[8]/a' is not present after '10' second(s)

2022-06-23 19:48:27 - [MESSAGE][PASSED] - Web element with id: 'Object Repository/StarPack - Full Lifecycle (AWIS)/5.07 Agency1 id_refID_td8' located by 'By.xpath: //*[@id="source_6395"]/td[8]/a' is not present after '10' second(s)

2022-06-23 19:48:27 - [TEST_STEP][PASSED] - takeScreenshot(): Taking screenshot successfully

2022-06-23 19:48:29 - [MESSAGE][PASSED] - Taking screenshot successfully
[[ATTACHMENT|D:\\Projet Test Auto\\Mediabox Test Automation\\Reports\\20220623_184212\\03. Parallel Testing (Testing)\\TS -PT PART 3\\03. StarPack Full Lifecycle_SAS_Task\\20220623_184213\\1656006508591.png]]

2022-06-23 19:48:29 - [TEST_STEP][PASSED] - click(findTestObject("1. Constant/xpath", ["xpath":"//*[@id="source_" + refID + ""]/td[4]/a"])): Object: 'Object Repository/1. Constant/xpath' is clicked on

2022-06-23 19:48:33 - [MESSAGE][PASSED] - Object: 'Object Repository/1. Constant/xpath' is clicked on

2022-06-23 19:48:33 - [TEST_STEP][PASSED] - click(findTestObject("1. Constant/xpath", ["xpath":"//*[@id="kt_content"]/div[3]/div/ul/li[3]/a"])): Object: 'Object Repository/1. Constant/xpath' is clicked on

2022-06-23 19:48:35 - [MESSAGE][PASSED] - Object: 'Object Repository/1. Constant/xpath' is clicked on

2022-06-23 19:48:35 - [TEST_STEP][PASSED] - delay(5): Delayed 5 second(s)

2022-06-23 19:48:40 - [MESSAGE][PASSED] - Delayed 5 second(s)

2022-06-23 19:48:40 - [TEST_STEP][PASSED] - takeScreenshot(): Taking screenshot successfully

2022-06-23 19:48:41 - [MESSAGE][PASSED] - Taking screenshot successfully
[[ATTACHMENT|D:\\Projet Test Auto\\Mediabox Test Automation\\Reports\\20220623_184212\\03. Parallel Testing (Testing)\\TS -PT PART 3\\03. StarPack Full Lifecycle_SAS_Task\\20220623_184213\\1656006521096.png]]

2022-06-23 19:48:41 - [TEST_STEP][PASSED] - verifyElementNotPresent(findTestObject("1. Constant/xpath", ["xpath":"/html/body/div[1]/div[2]/div[8]/div[3]/div/div[3]/div[3]/div/div/div[2]/div/div[3]/div/div[1]/div[2]/div/a[5]"]), 10): Web element with id: 'Object Repository/1. Constant/xpath' located by 'By.xpath: /html/body/div[1]/div[2]/div[8]/div[3]/div/div[3]/div[3]/div/div/div[2]/div/div[3]/div/div[1]/div[2]/div/a[5]' is not present after '10' second(s)

2022-06-23 19:48:42 - [MESSAGE][PASSED] - Web element with id: 'Object Repository/1. Constant/xpath' located by 'By.xpath: /html/body/div[1]/div[2]/div[8]/div[3]/div/div[3]/div[3]/div/div/div[2]/div/div[3]/div/div[1]/div[2]/div/a[5]' is not present after '10' second(s)

2022-06-23 19:48:42 - [TEST_STEP][PASSED] - verifyElementNotPresent(findTestObject("1. Constant/xpath", ["xpath":"/html/body/div[1]/div[2]/div[8]/div[3]/div/div[3]/div[3]/div/div/div[2]/div/div[3]/div/div[1]/div[2]/div/a[6]"]), 10): Web element with id: 'Object Repository/1. Constant/xpath' located by 'By.xpath: /html/body/div[1]/div[2]/div[8]/div[3]/div/div[3]/div[3]/div/div/div[2]/div/div[3]/div/div[1]/div[2]/div/a[6]' is not present after '10' second(s)

2022-06-23 19:48:43 - [MESSAGE][PASSED] - Web element with id: 'Object Repository/1. Constant/xpath' located by 'By.xpath: /html/body/div[1]/div[2]/div[8]/div[3]/div/div[3]/div[3]/div/div/div[2]/div/div[3]/div/div[1]/div[2]/div/a[6]' is not present after '10' second(s)

2022-06-23 19:48:43 - [TEST_STEP][PASSED] - I.Logout(): Delayed 3 second(s)

2022-06-23 19:48:46 - [MESSAGE][PASSED] - Delayed 3 second(s)

2022-06-23 19:48:47 - [MESSAGE][PASSED] - Object: 'Object Repository/1. Constant/xpath' is clicked on

2022-06-23 19:48:50 - [MESSAGE][PASSED] - Delayed 3 second(s)

2022-06-23 19:48:54 - [MESSAGE][PASSED] - Object: 'Object Repository/1. Constant/xpath' is clicked on

2022-06-23 19:48:57 - [MESSAGE][PASSED] - Delayed 3 second(s)

2022-06-23 19:48:57 - [TEST_STEP][PASSED] - I.Login_password("kcannoosamy_dia", password_kcannoosamy_dia): Object: 'Object Repository/1. Constant/xpath' is clicked on

2022-06-23 19:49:00 - [MESSAGE][PASSED] - Text 'kcannoosamy_dia' is set on object 'Object Repository/1. Constant/xpath'

2022-06-23 19:49:01 - [MESSAGE][PASSED] - Delayed 1 second(s)

2022-06-23 19:49:03 - [MESSAGE][PASSED] - Text 'dchi' is set on object 'Object Repository/1. Constant/xpath'

2022-06-23 19:49:04 - [MESSAGE][PASSED] - Delayed 1 second(s)

2022-06-23 19:49:09 - [MESSAGE][PASSED] - Object: 'Object Repository/1. Constant/xpath' is clicked on

2022-06-23 19:49:09 - [TEST_STEP][PASSED] - click(findTestObject("1. Constant/02_LHSMenu_Projects")): Object: 'Object Repository/1. Constant/02_LHSMenu_Projects' is clicked on

2022-06-23 19:49:12 - [MESSAGE][PASSED] - Object: 'Object Repository/1. Constant/02_LHSMenu_Projects' is clicked on

2022-06-23 19:49:12 - [TEST_STEP][PASSED] - takeScreenshot(): Taking screenshot successfully

2022-06-23 19:49:13 - [MESSAGE][PASSED] - Taking screenshot successfully
[[ATTACHMENT|D:\\Projet Test Auto\\Mediabox Test Automation\\Reports\\20220623_184212\\03. Parallel Testing (Testing)\\TS -PT PART 3\\03. StarPack Full Lifecycle_SAS_Task\\20220623_184213\\1656006553358.png]]

2022-06-23 19:49:13 - [TEST_STEP][PASSED] - I.SearchProjectNo(Project_No, findTestObject("1. Constant/xpath", ["xpath":"//*[@id="form_filters"]/div[4]/button"])): Delayed 5 second(s)

2022-06-23 19:49:16 - [MESSAGE][PASSED] - Text 'MI001281' is set on object 'Object Repository/1. Constant/xpath'

2022-06-23 19:49:19 - [MESSAGE][PASSED] - Delayed 3 second(s)

2022-06-23 19:49:22 - [MESSAGE][PASSED] - Object: 'Object Repository/1. Constant/xpath' is clicked on

2022-06-23 19:49:27 - [MESSAGE][PASSED] - Delayed 5 second(s)

2022-06-23 19:49:27 - [TEST_STEP][PASSED] - verifyElementPresent(findTestObject("1. Constant/xpath", ["xpath":"//*[@id="source_" + refID + ""]/td[9]/a"]), 10): Object 'Object Repository/1. Constant/xpath' is present

2022-06-23 19:49:27 - [MESSAGE][PASSED] - Object 'Object Repository/1. Constant/xpath' is present

2022-06-23 19:49:27 - [TEST_STEP][PASSED] - takeScreenshot(): Taking screenshot successfully

2022-06-23 19:49:28 - [MESSAGE][PASSED] - Taking screenshot successfully
[[ATTACHMENT|D:\\Projet Test Auto\\Mediabox Test Automation\\Reports\\20220623_184212\\03. Parallel Testing (Testing)\\TS -PT PART 3\\03. StarPack Full Lifecycle_SAS_Task\\20220623_184213\\1656006568276.png]]

2022-06-23 19:49:28 - [TEST_STEP][PASSED] - mouseOver(findTestObject("1. Constant/xpath", ["xpath":"//*[@id="source_" + refID + ""]/td[9]/a"])): Object: 'Object Repository/1. Constant/xpath' is hovered

2022-06-23 19:49:29 - [MESSAGE][PASSED] - Object: 'Object Repository/1. Constant/xpath' is hovered

2022-06-23 19:49:29 - [TEST_STEP][PASSED] - Atooltip_SkipPhase_Support = getText(findTestObject("1. Constant/xpath", ["xpath":"/html/body/div[9]/div[2]"])): Text of object 'Object Repository/1. Constant/xpath' is: 'Go back to PAF'

2022-06-23 19:49:30 - [MESSAGE][PASSED] - Text of object 'Object Repository/1. Constant/xpath' is: 'Go back to PAF'

2022-06-23 19:49:30 - [TEST_STEP][PASSED] - I.print("tooltip Actual for Add phase -" + Atooltip_SkipPhase_Support): null

2022-06-23 19:49:30 - [TEST_STEP][PASSED] - Etooltip_SkipPhase_Support = "Go back to PAF": null

2022-06-23 19:49:30 - [TEST_STEP][PASSED] - verifyMatch(Atooltip_SkipPhase_Support, Etooltip_SkipPhase_Support, false): Actual text 'Go back to PAF' and expected text 'Go back to PAF' are matched 

2022-06-23 19:49:30 - [MESSAGE][PASSED] - Actual text 'Go back to PAF' and expected text 'Go back to PAF' are matched 

2022-06-23 19:49:30 - [TEST_STEP][PASSED] - takeScreenshot(): Taking screenshot successfully

2022-06-23 19:49:31 - [MESSAGE][PASSED] - Taking screenshot successfully
[[ATTACHMENT|D:\\Projet Test Auto\\Mediabox Test Automation\\Reports\\20220623_184212\\03. Parallel Testing (Testing)\\TS -PT PART 3\\03. StarPack Full Lifecycle_SAS_Task\\20220623_184213\\1656006570687.png]]

2022-06-23 19:49:31 - [TEST_STEP][PASSED] - click(findTestObject("1. Constant/xpath", ["xpath":"//*[@id="source_" + refID + ""]/td[4]/a"])): Object: 'Object Repository/1. Constant/xpath' is clicked on

2022-06-23 19:49:33 - [MESSAGE][PASSED] - Object: 'Object Repository/1. Constant/xpath' is clicked on

2022-06-23 19:49:33 - [TEST_STEP][PASSED] - delay(5): Delayed 5 second(s)

2022-06-23 19:49:38 - [MESSAGE][PASSED] - Delayed 5 second(s)

2022-06-23 19:49:38 - [TEST_STEP][PASSED] - click(findTestObject("1. Constant/xpath", ["xpath":"//*[@id="kt_content"]/div[3]/div/ul/li[3]/a"])): Object: 'Object Repository/1. Constant/xpath' is clicked on

2022-06-23 19:49:40 - [MESSAGE][PASSED] - Object: 'Object Repository/1. Constant/xpath' is clicked on

2022-06-23 19:49:40 - [TEST_STEP][PASSED] - delay(5): Delayed 5 second(s)

2022-06-23 19:49:45 - [MESSAGE][PASSED] - Delayed 5 second(s)

2022-06-23 19:49:45 - [TEST_STEP][PASSED] - takeScreenshot(): Taking screenshot successfully

2022-06-23 19:49:47 - [MESSAGE][PASSED] - Taking screenshot successfully
[[ATTACHMENT|D:\\Projet Test Auto\\Mediabox Test Automation\\Reports\\20220623_184212\\03. Parallel Testing (Testing)\\TS -PT PART 3\\03. StarPack Full Lifecycle_SAS_Task\\20220623_184213\\1656006586488.png]]

2022-06-23 19:49:47 - [TEST_STEP][PASSED] - mouseOver(findTestObject("1. Constant/xpath", ["xpath":"/html/body/div[1]/div[2]/div[8]/div[3]/div/div[3]/div[3]/div/div/div[2]/div/div[3]/div/div[1]/div[2]/div/a[4]"])): Object: 'Object Repository/1. Constant/xpath' is hovered

2022-06-23 19:49:48 - [MESSAGE][PASSED] - Object: 'Object Repository/1. Constant/xpath' is hovered

2022-06-23 19:49:48 - [TEST_STEP][PASSED] - ALtooltip_SkipPhase_Support = getText(findTestObject("1. Constant/xpath", ["xpath":"/html/body/div[9]/div[2]"])): Text of object 'Object Repository/1. Constant/xpath' is: 'Go back to PAF'

2022-06-23 19:49:48 - [MESSAGE][PASSED] - Text of object 'Object Repository/1. Constant/xpath' is: 'Go back to PAF'

2022-06-23 19:49:48 - [TEST_STEP][PASSED] - I.print("tooltip Actual for Add phase -" + ALtooltip_SkipPhase_Support): null

2022-06-23 19:49:48 - [TEST_STEP][PASSED] - ELtooltip_SkipPhase_Support = "Go back to PAF": null

2022-06-23 19:49:48 - [TEST_STEP][PASSED] - verifyMatch(ALtooltip_SkipPhase_Support, ELtooltip_SkipPhase_Support, false): Actual text 'Go back to PAF' and expected text 'Go back to PAF' are matched 

2022-06-23 19:49:48 - [MESSAGE][PASSED] - Actual text 'Go back to PAF' and expected text 'Go back to PAF' are matched 

2022-06-23 19:49:48 - [TEST_STEP][PASSED] - click(findTestObject("1. Constant/xpath", ["xpath":"/html/body/div[1]/div[2]/div[8]/div[3]/div/div[3]/div[3]/div/div/div[2]/div/div[3]/div/div[1]/div[2]/div/a[4]"])): Object: 'Object Repository/1. Constant/xpath' is clicked on

2022-06-23 19:49:49 - [MESSAGE][PASSED] - Object: 'Object Repository/1. Constant/xpath' is clicked on

2022-06-23 19:49:49 - [TEST_STEP][PASSED] - delay(1): Delayed 1 second(s)

2022-06-23 19:49:50 - [MESSAGE][PASSED] - Delayed 1 second(s)

2022-06-23 19:49:50 - [TEST_STEP][PASSED] - takeScreenshot(): Taking screenshot successfully

2022-06-23 19:49:51 - [MESSAGE][PASSED] - Taking screenshot successfully
[[ATTACHMENT|D:\\Projet Test Auto\\Mediabox Test Automation\\Reports\\20220623_184212\\03. Parallel Testing (Testing)\\TS -PT PART 3\\03. StarPack Full Lifecycle_SAS_Task\\20220623_184213\\1656006590666.png]]

2022-06-23 19:49:51 - [TEST_STEP][PASSED] - click(findTestObject("1. Constant/xpath", ["xpath":"//*[@id="modal_support_action_shortcut"]/div/div/div[3]/button[2]"])): Object: 'Object Repository/1. Constant/xpath' is clicked on

2022-06-23 19:49:56 - [MESSAGE][PASSED] - Object: 'Object Repository/1. Constant/xpath' is clicked on

2022-06-23 19:49:56 - [TEST_STEP][PASSED] - click(findTestObject("1. Constant/xpath", ["xpath":"//*[@id="kt_content"]/div[3]/div/ul/li[3]/a"])): Object: 'Object Repository/1. Constant/xpath' is clicked on

2022-06-23 19:49:57 - [MESSAGE][PASSED] - Object: 'Object Repository/1. Constant/xpath' is clicked on

2022-06-23 19:49:57 - [TEST_STEP][PASSED] - delay(2): Delayed 2 second(s)

2022-06-23 19:49:59 - [MESSAGE][PASSED] - Delayed 2 second(s)

2022-06-23 19:49:59 - [TEST_STEP][PASSED] - takeScreenshot(): Taking screenshot successfully

2022-06-23 19:50:01 - [MESSAGE][PASSED] - Taking screenshot successfully
[[ATTACHMENT|D:\\Projet Test Auto\\Mediabox Test Automation\\Reports\\20220623_184212\\03. Parallel Testing (Testing)\\TS -PT PART 3\\03. StarPack Full Lifecycle_SAS_Task\\20220623_184213\\1656006600740.png]]

2022-06-23 19:50:01 - [TEST_STEP][PASSED] - I.Pagedown(): Execute JavaScript 'window.scrollTo(0, document.body.scrollHeight)' successfully

2022-06-23 19:50:02 - [MESSAGE][PASSED] - Execute JavaScript 'window.scrollTo(0, document.body.scrollHeight)' successfully

2022-06-23 19:50:02 - [TEST_STEP][PASSED] - LAddedPhase_A1 = getText(findTestObject("1. Constant/xpath", ["xpath":"/html/body/div[1]/div[2]/div[8]/div[3]/div/div[3]/div[3]/div/div/div[2]/div/div[4]/div/div[2]/h6"])): Text of object 'Object Repository/1. Constant/xpath' is: 'Added manually 23/06/2022 19:49 By Kormaley Cannoosamy'

2022-06-23 19:50:02 - [MESSAGE][PASSED] - Text of object 'Object Repository/1. Constant/xpath' is: 'Added manually 23/06/2022 19:49 By Kormaley Cannoosamy'

2022-06-23 19:50:02 - [TEST_STEP][PASSED] - date1 = I.gettimedate_Format(): null

2022-06-23 19:50:02 - [TEST_STEP][PASSED] - LAddedPhase_E1 = " Added manually " + date1: null

2022-06-23 19:50:02 - [TEST_STEP][PASSED] - if (LAddedPhase_A1.contains(LAddedPhase_E1)): null

2022-06-23 19:50:02 - [TEST_STEP][PASSED] - delay(1): Delayed 1 second(s)

2022-06-23 19:50:03 - [MESSAGE][PASSED] - Delayed 1 second(s)

2022-06-23 19:50:03 - [TEST_STEP][PASSED] - click(findTestObject("1. Constant/xpath", ["xpath":"/html/body/div[1]/div[2]/div[8]/div[3]/div/div[3]/div[3]/div/div/div[2]/div/div[5]/div/div[1]/div[2]/a"])): Object: 'Object Repository/1. Constant/xpath' is clicked on

2022-06-23 19:50:04 - [MESSAGE][PASSED] - Object: 'Object Repository/1. Constant/xpath' is clicked on

2022-06-23 19:50:04 - [TEST_STEP][PASSED] - I.Pagedown(): Execute JavaScript 'window.scrollTo(0, document.body.scrollHeight)' successfully

2022-06-23 19:50:04 - [MESSAGE][PASSED] - Execute JavaScript 'window.scrollTo(0, document.body.scrollHeight)' successfully

2022-06-23 19:50:04 - [TEST_STEP][PASSED] - delay(2): Delayed 2 second(s)

2022-06-23 19:50:06 - [MESSAGE][PASSED] - Delayed 2 second(s)

2022-06-23 19:50:06 - [TEST_STEP][PASSED] - takeScreenshot(): Taking screenshot successfully

2022-06-23 19:50:07 - [MESSAGE][PASSED] - Taking screenshot successfully
[[ATTACHMENT|D:\\Projet Test Auto\\Mediabox Test Automation\\Reports\\20220623_184212\\03. Parallel Testing (Testing)\\TS -PT PART 3\\03. StarPack Full Lifecycle_SAS_Task\\20220623_184213\\1656006606848.png]]

2022-06-23 19:50:07 - [TEST_STEP][PASSED] - LAddedPhase_A2 = getText(findTestObject("1. Constant/xpath", ["xpath":"/html/body/div[1]/div[2]/div[8]/div[3]/div/div[3]/div[3]/div/div/div[2]/div/div[5]/div/div[2]/h6"])): Text of object 'Object Repository/1. Constant/xpath' is: 'Added manually 23/06/2022 19:49 By Kormaley Cannoosamy'

2022-06-23 19:50:07 - [MESSAGE][PASSED] - Text of object 'Object Repository/1. Constant/xpath' is: 'Added manually 23/06/2022 19:49 By Kormaley Cannoosamy'

2022-06-23 19:50:07 - [TEST_STEP][PASSED] - date2 = I.gettimedate_Format(): null

2022-06-23 19:50:07 - [TEST_STEP][PASSED] - LAddedPhase_E2 = " Added manually " + date2: null

2022-06-23 19:50:07 - [TEST_STEP][PASSED] - if (LAddedPhase_A2.contains(LAddedPhase_E2)): null

2022-06-23 19:50:07 - [TEST_STEP][PASSED] - takeScreenshot(): Taking screenshot successfully

2022-06-23 19:50:08 - [MESSAGE][PASSED] - Taking screenshot successfully
[[ATTACHMENT|D:\\Projet Test Auto\\Mediabox Test Automation\\Reports\\20220623_184212\\03. Parallel Testing (Testing)\\TS -PT PART 3\\03. StarPack Full Lifecycle_SAS_Task\\20220623_184213\\1656006607665.png]]

2022-06-23 19:50:08 - [TEST_STEP][PASSED] - I.Logout(): Delayed 3 second(s)

2022-06-23 19:50:11 - [MESSAGE][PASSED] - Delayed 3 second(s)

2022-06-23 19:50:12 - [MESSAGE][PASSED] - Object: 'Object Repository/1. Constant/xpath' is clicked on

2022-06-23 19:50:15 - [MESSAGE][PASSED] - Delayed 3 second(s)

2022-06-23 19:50:18 - [MESSAGE][PASSED] - Object: 'Object Repository/1. Constant/xpath' is clicked on

2022-06-23 19:50:21 - [MESSAGE][PASSED] - Delayed 3 second(s)

2022-06-23 19:50:21 - [TEST_STEP][PASSED] - I.Login_password("suser", password_suser): Object: 'Object Repository/1. Constant/xpath' is clicked on

2022-06-23 19:50:23 - [MESSAGE][PASSED] - Text 'suser' is set on object 'Object Repository/1. Constant/xpath'

2022-06-23 19:50:24 - [MESSAGE][PASSED] - Delayed 1 second(s)

2022-06-23 19:50:25 - [MESSAGE][PASSED] - Text 'dchi2' is set on object 'Object Repository/1. Constant/xpath'

2022-06-23 19:50:26 - [MESSAGE][PASSED] - Delayed 1 second(s)

2022-06-23 19:50:33 - [MESSAGE][PASSED] - Object: 'Object Repository/1. Constant/xpath' is clicked on

2022-06-23 19:50:33 - [TEST_STEP][PASSED] - click(findTestObject("1. Constant/02_LHSMenu_Projects")): Object: 'Object Repository/1. Constant/02_LHSMenu_Projects' is clicked on

2022-06-23 19:50:41 - [MESSAGE][PASSED] - Object: 'Object Repository/1. Constant/02_LHSMenu_Projects' is clicked on

2022-06-23 19:50:41 - [TEST_STEP][PASSED] - takeScreenshot(): Taking screenshot successfully

2022-06-23 19:50:41 - [MESSAGE][PASSED] - Taking screenshot successfully
[[ATTACHMENT|D:\\Projet Test Auto\\Mediabox Test Automation\\Reports\\20220623_184212\\03. Parallel Testing (Testing)\\TS -PT PART 3\\03. StarPack Full Lifecycle_SAS_Task\\20220623_184213\\1656006641324.png]]

2022-06-23 19:50:41 - [TEST_STEP][PASSED] - click(findTestObject("1. Constant/xpath", ["xpath":"//*[@id="kt_subheader"]/div/nav/ol/li[1]/a"])): Object: 'Object Repository/1. Constant/xpath' is clicked on

2022-06-23 19:50:45 - [MESSAGE][PASSED] - Object: 'Object Repository/1. Constant/xpath' is clicked on

2022-06-23 19:50:45 - [TEST_STEP][PASSED] - I.SearchProjectNo(Project_No, findTestObject("1. Constant/xpath", ["xpath":"//*[@id="form_filters"]/div[4]/button"])): Delayed 5 second(s)

2022-06-23 19:50:46 - [MESSAGE][PASSED] - Text 'MI001281' is set on object 'Object Repository/1. Constant/xpath'

2022-06-23 19:50:49 - [MESSAGE][PASSED] - Delayed 3 second(s)

2022-06-23 19:50:52 - [MESSAGE][PASSED] - Object: 'Object Repository/1. Constant/xpath' is clicked on

2022-06-23 19:50:57 - [MESSAGE][PASSED] - Delayed 5 second(s)

2022-06-23 19:50:57 - [TEST_STEP][PASSED] - delay(1): Delayed 1 second(s)

2022-06-23 19:50:58 - [MESSAGE][PASSED] - Delayed 1 second(s)

2022-06-23 19:50:58 - [TEST_STEP][PASSED] - click(findTestObject("Object Repository/StarPack - Full Lifecycle (AWIS)/6.03 suser id_source_refID__td4_a", ["refID":"source_" + refID])): Object: 'Object Repository/StarPack - Full Lifecycle (AWIS)/6.03 suser id_source_refID__td4_a' is clicked on

2022-06-23 19:51:02 - [MESSAGE][PASSED] - Object: 'Object Repository/StarPack - Full Lifecycle (AWIS)/6.03 suser id_source_refID__td4_a' is clicked on

2022-06-23 19:51:02 - [TEST_STEP][PASSED] - click(findTestObject("1. Constant/xpath", ["xpath":"//*[@id="kt_content"]/div[3]/div/ul/li[3]/a"])): Object: 'Object Repository/1. Constant/xpath' is clicked on

2022-06-23 19:51:05 - [MESSAGE][PASSED] - Object: 'Object Repository/1. Constant/xpath' is clicked on

2022-06-23 19:51:05 - [TEST_STEP][PASSED] - delay(2): Delayed 2 second(s)

2022-06-23 19:51:07 - [MESSAGE][PASSED] - Delayed 2 second(s)

2022-06-23 19:51:07 - [TEST_STEP][PASSED] - click(findTestObject("1. Constant/xpath", ["xpath":"/html/body/div[1]/div[2]/div[8]/div[3]/div/div[3]/div[3]/div/div/div[2]/div/div[4]/div/div[1]/div[2]/div/a[3]"])): Object: 'Object Repository/1. Constant/xpath' is clicked on

2022-06-23 19:51:10 - [MESSAGE][PASSED] - Object: 'Object Repository/1. Constant/xpath' is clicked on

2022-06-23 19:51:10 - [TEST_STEP][PASSED] - click(findTestObject("1. Constant/xpath", ["xpath":"//*[@id="modal_skip_phase"]/div/div/div[3]/button[2]"])): Object: 'Object Repository/1. Constant/xpath' is clicked on

2022-06-23 19:51:13 - [MESSAGE][PASSED] - Object: 'Object Repository/1. Constant/xpath' is clicked on

2022-06-23 19:51:13 - [TEST_STEP][PASSED] - delay(1): Delayed 1 second(s)

2022-06-23 19:51:14 - [MESSAGE][PASSED] - Delayed 1 second(s)

2022-06-23 19:51:14 - [TEST_STEP][PASSED] - click(findTestObject("1. Constant/xpath", ["xpath":"//*[@id="kt_subheader"]/div/nav/ol/li[2]/a"])): Object: 'Object Repository/1. Constant/xpath' is clicked on

2022-06-23 19:51:18 - [MESSAGE][PASSED] - Object: 'Object Repository/1. Constant/xpath' is clicked on

2022-06-23 19:51:18 - [TEST_STEP][PASSED] - delay(1): Delayed 1 second(s)

2022-06-23 19:51:19 - [MESSAGE][PASSED] - Delayed 1 second(s)

2022-06-23 19:51:19 - [TEST_STEP][PASSED] - takeScreenshot(): Taking screenshot successfully

2022-06-23 19:51:19 - [MESSAGE][PASSED] - Taking screenshot successfully
[[ATTACHMENT|D:\\Projet Test Auto\\Mediabox Test Automation\\Reports\\20220623_184212\\03. Parallel Testing (Testing)\\TS -PT PART 3\\03. StarPack Full Lifecycle_SAS_Task\\20220623_184213\\1656006679359.png]]

2022-06-23 19:51:19 - [TEST_STEP][PASSED] - click(findTestObject("Object Repository/StarPack - Full Lifecycle (AWIS)/6.04 suser id_refID_td9_a4", ["refID":"source_" + refID])): Object: 'Object Repository/StarPack - Full Lifecycle (AWIS)/6.04 suser id_refID_td9_a4' is clicked on

2022-06-23 19:51:23 - [MESSAGE][PASSED] - Object: 'Object Repository/StarPack - Full Lifecycle (AWIS)/6.04 suser id_refID_td9_a4' is clicked on

2022-06-23 19:51:23 - [TEST_STEP][PASSED] - takeScreenshot(): Taking screenshot successfully

2022-06-23 19:51:23 - [MESSAGE][PASSED] - Taking screenshot successfully
[[ATTACHMENT|D:\\Projet Test Auto\\Mediabox Test Automation\\Reports\\20220623_184212\\03. Parallel Testing (Testing)\\TS -PT PART 3\\03. StarPack Full Lifecycle_SAS_Task\\20220623_184213\\1656006683512.png]]

2022-06-23 19:51:23 - [TEST_STEP][PASSED] - click(findTestObject("1. Constant/xpath", ["xpath":"//*[@id="modal_support_action_shortcut"]/div/div/div[2]/button[2]"])): Object: 'Object Repository/1. Constant/xpath' is clicked on

2022-06-23 19:51:29 - [MESSAGE][PASSED] - Object: 'Object Repository/1. Constant/xpath' is clicked on

2022-06-23 19:51:29 - [TEST_STEP][PASSED] - click(findTestObject("1. Constant/xpath", ["xpath":"//*[@id="kt_subheader"]/div/nav/ol/li[1]/a"])): Object: 'Object Repository/1. Constant/xpath' is clicked on

2022-06-23 19:51:34 - [MESSAGE][PASSED] - Object: 'Object Repository/1. Constant/xpath' is clicked on

2022-06-23 19:51:34 - [TEST_STEP][PASSED] - I.SearchProjectNo(Project_No, findTestObject("1. Constant/xpath", ["xpath":"//*[@id="form_filters"]/div[4]/button"])): Delayed 5 second(s)

2022-06-23 19:51:35 - [MESSAGE][PASSED] - Text 'MI001281' is set on object 'Object Repository/1. Constant/xpath'

2022-06-23 19:51:38 - [MESSAGE][PASSED] - Delayed 3 second(s)

2022-06-23 19:51:43 - [MESSAGE][PASSED] - Object: 'Object Repository/1. Constant/xpath' is clicked on

2022-06-23 19:51:48 - [MESSAGE][PASSED] - Delayed 5 second(s)

2022-06-23 19:51:48 - [TEST_STEP][PASSED] - delay(1): Delayed 1 second(s)

2022-06-23 19:51:49 - [MESSAGE][PASSED] - Delayed 1 second(s)

2022-06-23 19:51:49 - [TEST_STEP][PASSED] - A_Status_Lifecycle = getText(findTestObject("Object Repository/StarPack - Full Lifecycle (AWIS)/5.08 Agency2 Lifecycle status id_refID_td6_span2", ["refID":"source_" + refID])): Text of object 'Object Repository/StarPack - Full Lifecycle (AWIS)/5.08 Agency2 Lifecycle status id_refID_td6_span2' is: 'PAF'

2022-06-23 19:51:50 - [MESSAGE][PASSED] - Text of object 'Object Repository/StarPack - Full Lifecycle (AWIS)/5.08 Agency2 Lifecycle status id_refID_td6_span2' is: 'PAF'

2022-06-23 19:51:50 - [TEST_STEP][PASSED] - I.print("tooltip Actual for Add phase -" + A_Status_Lifecycle): null

2022-06-23 19:51:50 - [TEST_STEP][PASSED] - E_Status_Lifecycle = "PAF": null

2022-06-23 19:51:50 - [TEST_STEP][PASSED] - verifyMatch(A_Status_Lifecycle, E_Status_Lifecycle, false): Actual text 'PAF' and expected text 'PAF' are matched 

2022-06-23 19:51:50 - [MESSAGE][PASSED] - Actual text 'PAF' and expected text 'PAF' are matched 

2022-06-23 19:51:50 - [TEST_STEP][PASSED] - takeScreenshot(): Taking screenshot successfully

2022-06-23 19:51:51 - [MESSAGE][PASSED] - Taking screenshot successfully
[[ATTACHMENT|D:\\Projet Test Auto\\Mediabox Test Automation\\Reports\\20220623_184212\\03. Parallel Testing (Testing)\\TS -PT PART 3\\03. StarPack Full Lifecycle_SAS_Task\\20220623_184213\\1656006711484.png]]

2022-06-23 19:51:51 - [TEST_STEP][PASSED] - click(findTestObject("Object Repository/StarPack - Full Lifecycle (AWIS)/6.03 suser id_source_refID__td4_a", ["refID":"source_" + refID])): Object: 'Object Repository/StarPack - Full Lifecycle (AWIS)/6.03 suser id_source_refID__td4_a' is clicked on

2022-06-23 19:51:54 - [MESSAGE][PASSED] - Object: 'Object Repository/StarPack - Full Lifecycle (AWIS)/6.03 suser id_source_refID__td4_a' is clicked on

2022-06-23 19:51:54 - [TEST_STEP][PASSED] - click(findTestObject("1. Constant/xpath", ["xpath":"//*[@id="kt_content"]/div[3]/div/ul/li[3]/a"])): Object: 'Object Repository/1. Constant/xpath' is clicked on

2022-06-23 19:51:56 - [MESSAGE][PASSED] - Object: 'Object Repository/1. Constant/xpath' is clicked on

2022-06-23 19:51:56 - [TEST_STEP][PASSED] - click(findTestObject("1. Constant/xpath", ["xpath":"/html/body/div[1]/div[2]/div[8]/div[3]/div/div[3]/div[3]/div/div/div[2]/div/div[7]/div/div[1]/div[2]/div/a[2]"])): Object: 'Object Repository/1. Constant/xpath' is clicked on

2022-06-23 19:51:57 - [MESSAGE][PASSED] - Object: 'Object Repository/1. Constant/xpath' is clicked on

2022-06-23 19:51:57 - [TEST_STEP][PASSED] - click(findTestObject("1. Constant/xpath", ["xpath":"//*[@id="kt_body"]/div[9]/div/div/div[2]/button[2]"])): Object: 'Object Repository/1. Constant/xpath' is clicked on

2022-06-23 19:52:01 - [MESSAGE][PASSED] - Object: 'Object Repository/1. Constant/xpath' is clicked on

2022-06-23 19:52:01 - [TEST_STEP][PASSED] - takeScreenshot(): Taking screenshot successfully

2022-06-23 19:52:04 - [MESSAGE][PASSED] - Taking screenshot successfully
[[ATTACHMENT|D:\\Projet Test Auto\\Mediabox Test Automation\\Reports\\20220623_184212\\03. Parallel Testing (Testing)\\TS -PT PART 3\\03. StarPack Full Lifecycle_SAS_Task\\20220623_184213\\1656006723393.png]]

2022-06-23 19:52:04 - [TEST_STEP][PASSED] - click(findTestObject("1. Constant/xpath", ["xpath":"/html/body/div[1]/div[2]/div[8]/div[3]/div/div[3]/div[3]/div/div/div[2]/div/div[6]/div/div[1]/div[2]/div/a[3]"])): Object: 'Object Repository/1. Constant/xpath' is clicked on

2022-06-23 19:52:07 - [MESSAGE][PASSED] - Object: 'Object Repository/1. Constant/xpath' is clicked on

2022-06-23 19:52:07 - [TEST_STEP][PASSED] - click(findTestObject("1. Constant/xpath", ["xpath":"//*[@id="modal_skip_phase"]/div/div/div[3]/button[2]"])): Object: 'Object Repository/1. Constant/xpath' is clicked on

2022-06-23 19:52:11 - [MESSAGE][PASSED] - Object: 'Object Repository/1. Constant/xpath' is clicked on

2022-06-23 19:52:11 - [TEST_STEP][PASSED] - takeScreenshot(): Taking screenshot successfully

2022-06-23 19:52:13 - [MESSAGE][PASSED] - Taking screenshot successfully
[[ATTACHMENT|D:\\Projet Test Auto\\Mediabox Test Automation\\Reports\\20220623_184212\\03. Parallel Testing (Testing)\\TS -PT PART 3\\03. StarPack Full Lifecycle_SAS_Task\\20220623_184213\\1656006732837.png]]

2022-06-23 19:52:13 - [TEST_STEP][PASSED] - click(findTestObject("1. Constant/xpath", ["xpath":"/html/body/div[1]/div[2]/div[8]/div[3]/div/div[3]/div[3]/div/ul/li[3]/a"])): Object: 'Object Repository/1. Constant/xpath' is clicked on

2022-06-23 19:52:15 - [MESSAGE][PASSED] - Object: 'Object Repository/1. Constant/xpath' is clicked on

2022-06-23 19:52:15 - [TEST_STEP][PASSED] - click(findTestObject("1. Constant/xpath", ["xpath":"/html/body/div[1]/div[2]/div[8]/div[3]/div/div[3]/div[3]/div/div/div[3]/div/div[2]/div/div[1]/div[2]/div/a[2]"])): Object: 'Object Repository/1. Constant/xpath' is clicked on

2022-06-23 19:52:16 - [MESSAGE][PASSED] - Object: 'Object Repository/1. Constant/xpath' is clicked on

2022-06-23 19:52:16 - [TEST_STEP][PASSED] - click(findTestObject("1. Constant/xpath", ["xpath":"//*[@id="kt_body"]/div[9]/div/div/div[2]/button[2]"])): Object: 'Object Repository/1. Constant/xpath' is clicked on

2022-06-23 19:52:27 - [MESSAGE][PASSED] - Object: 'Object Repository/1. Constant/xpath' is clicked on

2022-06-23 19:52:27 - [TEST_STEP][PASSED] - takeScreenshot(): Taking screenshot successfully

2022-06-23 19:52:29 - [MESSAGE][PASSED] - Taking screenshot successfully
[[ATTACHMENT|D:\\Projet Test Auto\\Mediabox Test Automation\\Reports\\20220623_184212\\03. Parallel Testing (Testing)\\TS -PT PART 3\\03. StarPack Full Lifecycle_SAS_Task\\20220623_184213\\1656006748820.png]]

2022-06-23 19:52:29 - [TEST_STEP][PASSED] - click(findTestObject("1. Constant/xpath", ["xpath":"/html/body/div[1]/div[2]/div[8]/div[3]/div/div[3]/div[3]/div/div/div[3]/div/div[1]/div/div[1]/div[2]/div/a[3]"])): Object: 'Object Repository/1. Constant/xpath' is clicked on

2022-06-23 19:52:30 - [MESSAGE][PASSED] - Object: 'Object Repository/1. Constant/xpath' is clicked on

2022-06-23 19:52:30 - [TEST_STEP][PASSED] - click(findTestObject("1. Constant/xpath", ["xpath":"//*[@id="modal_skip_phase"]/div/div/div[3]/button[2]"])): Object: 'Object Repository/1. Constant/xpath' is clicked on

2022-06-23 19:52:35 - [MESSAGE][PASSED] - Object: 'Object Repository/1. Constant/xpath' is clicked on

2022-06-23 19:52:35 - [TEST_STEP][PASSED] - click(findTestObject("1. Constant/xpath", ["xpath":"//*[@id="kt_subheader"]/div/nav/ol/li[2]/a"])): Object: 'Object Repository/1. Constant/xpath' is clicked on

2022-06-23 19:52:38 - [MESSAGE][PASSED] - Object: 'Object Repository/1. Constant/xpath' is clicked on

2022-06-23 19:52:38 - [TEST_STEP][PASSED] - verifyElementPresent(findTestObject("Object Repository/StarPack - Full Lifecycle (AWIS)/6.06 suser id_refID_td9_a3", ["refID":"source_" + refID]), 10): Object 'Object Repository/StarPack - Full Lifecycle (AWIS)/6.06 suser id_refID_td9_a3' is present

2022-06-23 19:52:39 - [MESSAGE][PASSED] - Object 'Object Repository/StarPack - Full Lifecycle (AWIS)/6.06 suser id_refID_td9_a3' is present

2022-06-23 19:52:39 - [TEST_STEP][PASSED] - mouseOver(findTestObject("Object Repository/StarPack - Full Lifecycle (AWIS)/6.06 suser id_refID_td9_a3", ["refID":"source_" + refID])): Object: 'Object Repository/StarPack - Full Lifecycle (AWIS)/6.06 suser id_refID_td9_a3' is hovered

2022-06-23 19:52:40 - [MESSAGE][PASSED] - Object: 'Object Repository/StarPack - Full Lifecycle (AWIS)/6.06 suser id_refID_td9_a3' is hovered

2022-06-23 19:52:40 - [TEST_STEP][PASSED] - A_Status_Lifecycle_Completed = getText(findTestObject("1. Constant/xpath", ["xpath":"/html/body/div[9]/div[2]"])): Text of object 'Object Repository/1. Constant/xpath' is: 'Go back to PAF'

2022-06-23 19:52:41 - [MESSAGE][PASSED] - Text of object 'Object Repository/1. Constant/xpath' is: 'Go back to PAF'

2022-06-23 19:52:41 - [TEST_STEP][PASSED] - I.print("tooltip Actual for Status -" + A_Status_Lifecycle_Completed): null

2022-06-23 19:52:41 - [TEST_STEP][PASSED] - E_Status_Lifecycle_Completed = "Go back to PAF": null

2022-06-23 19:52:41 - [TEST_STEP][PASSED] - verifyMatch(A_Status_Lifecycle_Completed, E_Status_Lifecycle_Completed, false): Actual text 'Go back to PAF' and expected text 'Go back to PAF' are matched 

2022-06-23 19:52:41 - [MESSAGE][PASSED] - Actual text 'Go back to PAF' and expected text 'Go back to PAF' are matched 

2022-06-23 19:52:41 - [TEST_STEP][PASSED] - click(findTestObject("Object Repository/StarPack - Full Lifecycle (AWIS)/6.06 suser id_refID_td9_a3", ["refID":"source_" + refID])): Object: 'Object Repository/StarPack - Full Lifecycle (AWIS)/6.06 suser id_refID_td9_a3' is clicked on

2022-06-23 19:52:42 - [MESSAGE][PASSED] - Object: 'Object Repository/StarPack - Full Lifecycle (AWIS)/6.06 suser id_refID_td9_a3' is clicked on

2022-06-23 19:52:42 - [TEST_STEP][PASSED] - click(findTestObject("1. Constant/xpath", ["xpath":"//*[@id="modal_support_action_shortcut"]/div/div/div[2]/button[2]"])): Object: 'Object Repository/1. Constant/xpath' is clicked on

2022-06-23 19:52:47 - [MESSAGE][PASSED] - Object: 'Object Repository/1. Constant/xpath' is clicked on

2022-06-23 19:52:47 - [TEST_STEP][PASSED] - click(findTestObject("1. Constant/xpath", ["xpath":"//*[@id="kt_content"]/div[3]/div/ul/li[3]/a"])): Object: 'Object Repository/1. Constant/xpath' is clicked on

2022-06-23 19:52:50 - [MESSAGE][PASSED] - Object: 'Object Repository/1. Constant/xpath' is clicked on

2022-06-23 19:52:50 - [TEST_STEP][PASSED] - click(findTestObject("1. Constant/xpath", ["xpath":"/html/body/div[1]/div[2]/div[8]/div[3]/div/div[3]/div[3]/div/div/div[4]/div/div[1]/div/div[1]/div[2]/div/a[3]"])): Object: 'Object Repository/1. Constant/xpath' is clicked on

2022-06-23 19:52:51 - [MESSAGE][PASSED] - Object: 'Object Repository/1. Constant/xpath' is clicked on

2022-06-23 19:52:51 - [TEST_STEP][PASSED] - click(findTestObject("1. Constant/xpath", ["xpath":"//*[@id="modal_skip_phase"]/div/div/div[3]/button[2]"])): Object: 'Object Repository/1. Constant/xpath' is clicked on

2022-06-23 19:52:55 - [MESSAGE][PASSED] - Object: 'Object Repository/1. Constant/xpath' is clicked on

2022-06-23 19:52:55 - [TEST_STEP][PASSED] - click(findTestObject("1. Constant/xpath", ["xpath":"/html/body/div[1]/div[2]/div[8]/div[3]/div/div[3]/div[3]/div/div/div[4]/div/div[2]/div/div[1]/div[2]/div/a[3]"])): Object: 'Object Repository/1. Constant/xpath' is clicked on

2022-06-23 19:52:58 - [MESSAGE][PASSED] - Object: 'Object Repository/1. Constant/xpath' is clicked on

2022-06-23 19:52:58 - [TEST_STEP][PASSED] - click(findTestObject("1. Constant/xpath", ["xpath":"//*[@id="modal_skip_phase"]/div/div/div[3]/button[2]"])): Object: 'Object Repository/1. Constant/xpath' is clicked on

2022-06-23 19:53:03 - [MESSAGE][PASSED] - Object: 'Object Repository/1. Constant/xpath' is clicked on

2022-06-23 19:53:03 - [TEST_STEP][PASSED] - click(findTestObject("1. Constant/xpath", ["xpath":"/html/body/div[1]/div[2]/div[8]/div[3]/div/div[3]/div[3]/div/ul/li[5]/a"])): Object: 'Object Repository/1. Constant/xpath' is clicked on

2022-06-23 19:53:04 - [MESSAGE][PASSED] - Object: 'Object Repository/1. Constant/xpath' is clicked on

2022-06-23 19:53:04 - [TEST_STEP][PASSED] - click(findTestObject("1. Constant/xpath", ["xpath":"/html/body/div[1]/div[2]/div[8]/div[3]/div/div[3]/div[3]/div/div/div[5]/div/div[2]/div/div[1]/div[2]/div/a[2]"])): Object: 'Object Repository/1. Constant/xpath' is clicked on

2022-06-23 19:53:05 - [MESSAGE][PASSED] - Object: 'Object Repository/1. Constant/xpath' is clicked on

2022-06-23 19:53:05 - [TEST_STEP][PASSED] - click(findTestObject("1. Constant/xpath", ["xpath":"//*[@id="kt_body"]/div[9]/div/div/div[2]/button[2]"])): Object: 'Object Repository/1. Constant/xpath' is clicked on

2022-06-23 19:53:15 - [MESSAGE][PASSED] - Object: 'Object Repository/1. Constant/xpath' is clicked on

2022-06-23 19:53:15 - [TEST_STEP][PASSED] - click(findTestObject("1. Constant/xpath", ["xpath":"/html/body/div[1]/div[2]/div[8]/div[3]/div/div[3]/div[3]/div/div/div[5]/div/div[1]/div/div[1]/div[2]/div/a[3]"])): Object: 'Object Repository/1. Constant/xpath' is clicked on

2022-06-23 19:53:18 - [MESSAGE][PASSED] - Object: 'Object Repository/1. Constant/xpath' is clicked on

2022-06-23 19:53:18 - [TEST_STEP][PASSED] - click(findTestObject("1. Constant/xpath", ["xpath":"//*[@id="modal_skip_phase"]/div/div/div[3]/button[2]"])): Object: 'Object Repository/1. Constant/xpath' is clicked on

2022-06-23 19:53:21 - [MESSAGE][PASSED] - Object: 'Object Repository/1. Constant/xpath' is clicked on

2022-06-23 19:53:21 - [TEST_STEP][PASSED] - click(findTestObject("1. Constant/xpath", ["xpath":"//*[@id="kt_subheader"]/div/nav/ol/li[2]/a"])): Object: 'Object Repository/1. Constant/xpath' is clicked on

2022-06-23 19:53:24 - [MESSAGE][PASSED] - Object: 'Object Repository/1. Constant/xpath' is clicked on

2022-06-23 19:53:24 - [TEST_STEP][PASSED] - click(findTestObject("Object Repository/StarPack - Full Lifecycle (AWIS)/5.04 Agency1 id_refID_td9_a2", ["refID":"source_" + refID])): Object: 'Object Repository/StarPack - Full Lifecycle (AWIS)/5.04 Agency1 id_refID_td9_a2' is clicked on

2022-06-23 19:53:29 - [MESSAGE][PASSED] - Object: 'Object Repository/StarPack - Full Lifecycle (AWIS)/5.04 Agency1 id_refID_td9_a2' is clicked on

2022-06-23 19:53:29 - [TEST_STEP][PASSED] - verifyElementPresent(findTestObject("Object Repository/StarPack - Full Lifecycle (AWIS)/5.04 Agency1 id_refID_td9_a2", ["refID":"source_" + refID]), 10): Object 'Object Repository/StarPack - Full Lifecycle (AWIS)/5.04 Agency1 id_refID_td9_a2' is present

2022-06-23 19:53:29 - [MESSAGE][PASSED] - Object 'Object Repository/StarPack - Full Lifecycle (AWIS)/5.04 Agency1 id_refID_td9_a2' is present

2022-06-23 19:53:29 - [TEST_STEP][PASSED] - closeBrowser(): Browser is closed

2022-06-23 19:53:41 - [MESSAGE][PASSED] - Browser is closed

2022-06-23 19:53:41 - [TEST_STEP][PASSED] - Start listener action : sampleAfterTestCase: null]]></system-out>
         <system-err><![CDATA[]]></system-err>
      </testcase>
      <testcase name="Test Cases/18. Tag Sephora Npp Starpack Task (Standard_ Question_ Prod)/18.05 StarPack change of rights (Prod)_Ticket4757" time="954.63" classname="Test Cases/18. Tag Sephora Npp Starpack Task (Standard_ Question_ Prod)/18.05 StarPack change of rights (Prod)_Ticket4757" status="PASSED">
         <system-out><![CDATA[2022-06-23 19:53:41 - [TEST_CASE][PASSED] - Test Cases/18. Tag Sephora Npp Starpack Task (Standard_ Question_ Prod)/18.05 StarPack change of rights (Prod)_Ticket4757: Test Cases/18. Tag Sephora Npp Starpack Task (Standard_ Question_ Prod)/18.05 StarPack change of rights (Prod)_Ticket4757

2022-06-23 19:53:42 - [TEST_STEP][PASSED] - data = findTestData("Data Files/Username_Password/Starpack (10June2021)"): null

2022-06-23 19:53:42 - [TEST_STEP][PASSED] - password_suser = data.getValue(2, 1): null

2022-06-23 19:53:42 - [TEST_STEP][PASSED] - password_aherms = data.getValue(2, 2): null

2022-06-23 19:53:42 - [TEST_STEP][PASSED] - password_agluszczynska = data.getValue(2, 3): null

2022-06-23 19:53:42 - [TEST_STEP][PASSED] - password_jmaciaszczyk = data.getValue(2, 4): null

2022-06-23 19:53:42 - [TEST_STEP][PASSED] - password_aterreshernandez = data.getValue(2, 5): null

2022-06-23 19:53:42 - [TEST_STEP][PASSED] - password_amartin_arbol = data.getValue(2, 6): null

2022-06-23 19:53:42 - [TEST_STEP][PASSED] - password_adelamatanieves = data.getValue(2, 7): null

2022-06-23 19:53:42 - [TEST_STEP][PASSED] - password_kcannoosamy_dia = data.getValue(2, 8): null

2022-06-23 19:53:42 - [TEST_STEP][PASSED] - password_ysanzmonedero = data.getValue(2, 16): null

2022-06-23 19:53:42 - [TEST_STEP][PASSED] - password_bsolletbravo = data.getValue(2, 17): null

2022-06-23 19:53:42 - [TEST_STEP][PASSED] - password_agarciasanchez = data.getValue(2, 18): null

2022-06-23 19:53:42 - [TEST_STEP][PASSED] - data_urlRELAUTO = findTestData("Data Files/URL/URL_relauto"): null

2022-06-23 19:53:42 - [TEST_STEP][PASSED] - Url_Starpack = data_urlRELAUTO.getValue(2, 2): null

2022-06-23 19:53:42 - [TEST_STEP][PASSED] - openBrowser(Url_Starpack): Browser is opened with url: 'http://mdb-release.diadeis.lan/MediaboxIndependence/?MBI_datasource=RELTESTAUTO_STARPACK'

2022-06-23 19:53:42 - [MESSAGE][INFO] - Starting 'Chrome (headless)' driver

2022-06-23 19:53:42 - [MESSAGE][INFO] - User set preference: ['args', '[--window-size=1920,1080, --headless]']

2022-06-23 19:53:42 - [MESSAGE][INFO] - Action delay is set to 0 milliseconds

2022-06-23 19:54:06 - [MESSAGE][PASSED] - Browser is opened with url: 'http://mdb-release.diadeis.lan/MediaboxIndependence/?MBI_datasource=RELTESTAUTO_STARPACK'

2022-06-23 19:54:06 - [TEST_STEP][PASSED] - maximizeWindow(): Current window maximized

2022-06-23 19:54:06 - [MESSAGE][PASSED] - Current window maximized

2022-06-23 19:54:06 - [TEST_STEP][PASSED] - I.Login_password("adelamatanieves", password_adelamatanieves): Object: 'Object Repository/1. Constant/xpath' is clicked on

2022-06-23 19:54:09 - [MESSAGE][PASSED] - Text 'adelamatanieves' is set on object 'Object Repository/1. Constant/xpath'

2022-06-23 19:54:10 - [MESSAGE][PASSED] - Delayed 1 second(s)

2022-06-23 19:54:11 - [MESSAGE][PASSED] - Text 'dchi4' is set on object 'Object Repository/1. Constant/xpath'

2022-06-23 19:54:12 - [MESSAGE][PASSED] - Delayed 1 second(s)

2022-06-23 19:54:26 - [MESSAGE][PASSED] - Object: 'Object Repository/1. Constant/xpath' is clicked on

2022-06-23 19:54:26 - [TEST_STEP][PASSED] - takeScreenshot(): Taking screenshot successfully

2022-06-23 19:54:26 - [MESSAGE][PASSED] - Taking screenshot successfully
[[ATTACHMENT|D:\\Projet Test Auto\\Mediabox Test Automation\\Reports\\20220623_184212\\03. Parallel Testing (Testing)\\TS -PT PART 3\\03. StarPack Full Lifecycle_SAS_Task\\20220623_184213\\1656006866656.png]]

2022-06-23 19:54:26 - [TEST_STEP][PASSED] - click(findTestObject("1. Constant/02_LHSMenu_Projects")): Object: 'Object Repository/1. Constant/02_LHSMenu_Projects' is clicked on

2022-06-23 19:54:31 - [MESSAGE][PASSED] - Object: 'Object Repository/1. Constant/02_LHSMenu_Projects' is clicked on

2022-06-23 19:54:31 - [TEST_STEP][PASSED] - click(findTestObject("xxx Todelete/3 ProjectListPage_Create_Project_Button")): Object: 'Object Repository/xxx Todelete/3 ProjectListPage_Create_Project_Button' is clicked on

2022-06-23 19:54:33 - [MESSAGE][PASSED] - Object: 'Object Repository/xxx Todelete/3 ProjectListPage_Create_Project_Button' is clicked on

2022-06-23 19:54:33 - [TEST_STEP][PASSED] - takeScreenshot(): Taking screenshot successfully

2022-06-23 19:54:33 - [MESSAGE][PASSED] - Taking screenshot successfully
[[ATTACHMENT|D:\\Projet Test Auto\\Mediabox Test Automation\\Reports\\20220623_184212\\03. Parallel Testing (Testing)\\TS -PT PART 3\\03. StarPack Full Lifecycle_SAS_Task\\20220623_184213\\1656006873093.png]]

2022-06-23 19:54:33 - [TEST_STEP][PASSED] - project_name = "AutoTest_Chrome_Starpack" + RandomStringUtils.randomAlphanumeric(10) + "_" + I.gettimedate(): null

2022-06-23 19:54:33 - [TEST_STEP][PASSED] - setText(findTestObject("HL Full Lifecycle/4 CreateProjPage_inputProjectname"), project_name): Text 'AutoTest_Chrome_StarpacksoBWhlnXh5_juin232022_195433' is set on object 'Object Repository/HL Full Lifecycle/4 CreateProjPage_inputProjectname'

2022-06-23 19:54:35 - [MESSAGE][PASSED] - Text 'AutoTest_Chrome_StarpacksoBWhlnXh5_juin232022_195433' is set on object 'Object Repository/HL Full Lifecycle/4 CreateProjPage_inputProjectname'

2022-06-23 19:54:35 - [TEST_STEP][PASSED] - click(findTestObject("HL Full Lifecycle/4 CreateProjPage_Create Project_Bluebutton")): Object: 'Object Repository/HL Full Lifecycle/4 CreateProjPage_Create Project_Bluebutton' is clicked on

2022-06-23 19:54:39 - [MESSAGE][PASSED] - Object: 'Object Repository/HL Full Lifecycle/4 CreateProjPage_Create Project_Bluebutton' is clicked on

2022-06-23 19:54:39 - [TEST_STEP][PASSED] - delay(1): Delayed 1 second(s)

2022-06-23 19:54:40 - [MESSAGE][PASSED] - Delayed 1 second(s)

2022-06-23 19:54:40 - [TEST_STEP][PASSED] - takeScreenshot(): Taking screenshot successfully

2022-06-23 19:54:40 - [MESSAGE][PASSED] - Taking screenshot successfully
[[ATTACHMENT|D:\\Projet Test Auto\\Mediabox Test Automation\\Reports\\20220623_184212\\03. Parallel Testing (Testing)\\TS -PT PART 3\\03. StarPack Full Lifecycle_SAS_Task\\20220623_184213\\1656006880405.png]]

2022-06-23 19:54:40 - [TEST_STEP][PASSED] - selectOptionByValue(findTestObject("1. Constant/01_id_field_id", ["field_id":"var_98"]), "122", false): All options with value '122' are selected in object 'Object Repository/1. Constant/01_id_field_id' 

2022-06-23 19:54:42 - [MESSAGE][PASSED] - All options with value '122' are selected in object 'Object Repository/1. Constant/01_id_field_id' 

2022-06-23 19:54:42 - [TEST_STEP][PASSED] - delay(1): Delayed 1 second(s)

2022-06-23 19:54:43 - [MESSAGE][PASSED] - Delayed 1 second(s)

2022-06-23 19:54:43 - [TEST_STEP][PASSED] - selectOptionByValue(findTestObject("1. Constant/01_id_field_id", ["field_id":"var_9"]), "amartin_arbol", false): All options with value 'amartin_arbol' are selected in object 'Object Repository/1. Constant/01_id_field_id' 

2022-06-23 19:54:45 - [MESSAGE][PASSED] - All options with value 'amartin_arbol' are selected in object 'Object Repository/1. Constant/01_id_field_id' 

2022-06-23 19:54:45 - [TEST_STEP][PASSED] - delay(1): Delayed 1 second(s)

2022-06-23 19:54:46 - [MESSAGE][PASSED] - Delayed 1 second(s)

2022-06-23 19:54:46 - [TEST_STEP][PASSED] - selectOptionByValue(findTestObject("1. Constant/01_id_field_id", ["field_id":"var_10"]), "aterreshernandez", false): All options with value 'aterreshernandez' are selected in object 'Object Repository/1. Constant/01_id_field_id' 

2022-06-23 19:54:49 - [MESSAGE][PASSED] - All options with value 'aterreshernandez' are selected in object 'Object Repository/1. Constant/01_id_field_id' 

2022-06-23 19:54:49 - [TEST_STEP][PASSED] - delay(1): Delayed 1 second(s)

2022-06-23 19:54:50 - [MESSAGE][PASSED] - Delayed 1 second(s)

2022-06-23 19:54:50 - [TEST_STEP][PASSED] - selectOptionByValue(findTestObject("Object Repository/xxx Todelete/1.4 ModifyProPage_MF(IDP)"), "nalonsobermejo", true): All options with value 'nalonsobermejo' are selected in object 'Object Repository/xxx Todelete/1.4 ModifyProPage_MF(IDP)'  using regular expression

2022-06-23 19:54:56 - [MESSAGE][PASSED] - All options with value 'nalonsobermejo' are selected in object 'Object Repository/xxx Todelete/1.4 ModifyProPage_MF(IDP)'  using regular expression

2022-06-23 19:54:56 - [TEST_STEP][PASSED] - delay(1): Delayed 1 second(s)

2022-06-23 19:54:57 - [MESSAGE][PASSED] - Delayed 1 second(s)

2022-06-23 19:54:57 - [TEST_STEP][PASSED] - click(findTestObject("Object Repository/xxx Todelete/1.41 ModifyProPage_AddMF")): Object: 'Object Repository/xxx Todelete/1.41 ModifyProPage_AddMF' is clicked on

2022-06-23 19:54:57 - [MESSAGE][PASSED] - Object: 'Object Repository/xxx Todelete/1.41 ModifyProPage_AddMF' is clicked on

2022-06-23 19:54:57 - [TEST_STEP][PASSED] - delay(1): Delayed 1 second(s)

2022-06-23 19:54:58 - [MESSAGE][PASSED] - Delayed 1 second(s)

2022-06-23 19:54:58 - [TEST_STEP][PASSED] - selectOptionByValue(findTestObject("1. Constant/01_id_field_id", ["field_id":"var_15"]), "292", false): All options with value '292' are selected in object 'Object Repository/1. Constant/01_id_field_id' 

2022-06-23 19:55:00 - [MESSAGE][PASSED] - All options with value '292' are selected in object 'Object Repository/1. Constant/01_id_field_id' 

2022-06-23 19:55:00 - [TEST_STEP][PASSED] - delay(1): Delayed 1 second(s)

2022-06-23 19:55:01 - [MESSAGE][PASSED] - Delayed 1 second(s)

2022-06-23 19:55:01 - [TEST_STEP][PASSED] - value = getAttribute(findTestObject("Object Repository/StarPack - Full Lifecycle (AWIS)/1.6 ModifyProPage _NDP"), "value"): Attribute 'value' of object 'Object Repository/StarPack - Full Lifecycle (AWIS)/1.6 ModifyProPage _NDP' is: 'MCBRIDE, S.A.'

2022-06-23 19:55:02 - [MESSAGE][PASSED] - Attribute 'value' of object 'Object Repository/StarPack - Full Lifecycle (AWIS)/1.6 ModifyProPage _NDP' is: 'MCBRIDE, S.A.'

2022-06-23 19:55:02 - [TEST_STEP][PASSED] - delay(1): Delayed 1 second(s)

2022-06-23 19:55:03 - [MESSAGE][PASSED] - Delayed 1 second(s)

2022-06-23 19:55:03 - [TEST_STEP][PASSED] - delay(1): Delayed 1 second(s)

2022-06-23 19:55:04 - [MESSAGE][PASSED] - Delayed 1 second(s)

2022-06-23 19:55:04 - [TEST_STEP][PASSED] - selectOptionByValue(findTestObject("1. Constant/01_id_field_id", ["field_id":"var_26"]), "94", false): All options with value '94' are selected in object 'Object Repository/1. Constant/01_id_field_id' 

2022-06-23 19:55:05 - [MESSAGE][PASSED] - All options with value '94' are selected in object 'Object Repository/1. Constant/01_id_field_id' 

2022-06-23 19:55:05 - [TEST_STEP][PASSED] - delay(1): Delayed 1 second(s)

2022-06-23 19:55:06 - [MESSAGE][PASSED] - Delayed 1 second(s)

2022-06-23 19:55:06 - [TEST_STEP][PASSED] - selectOptionByValue(findTestObject("1. Constant/01_id_field_id", ["field_id":"var_12"]), "94", false): All options with value '94' are selected in object 'Object Repository/1. Constant/01_id_field_id' 

2022-06-23 19:55:09 - [MESSAGE][PASSED] - All options with value '94' are selected in object 'Object Repository/1. Constant/01_id_field_id' 

2022-06-23 19:55:09 - [TEST_STEP][PASSED] - delay(1): Delayed 1 second(s)

2022-06-23 19:55:10 - [MESSAGE][PASSED] - Delayed 1 second(s)

2022-06-23 19:55:10 - [TEST_STEP][PASSED] - selectOptionByValue(findTestObject("1. Constant/01_id_field_id", ["field_id":"var_27"]), "734", false): All options with value '734' are selected in object 'Object Repository/1. Constant/01_id_field_id' 

2022-06-23 19:55:14 - [MESSAGE][PASSED] - All options with value '734' are selected in object 'Object Repository/1. Constant/01_id_field_id' 

2022-06-23 19:55:14 - [TEST_STEP][PASSED] - delay(1): Delayed 1 second(s)

2022-06-23 19:55:15 - [MESSAGE][PASSED] - Delayed 1 second(s)

2022-06-23 19:55:15 - [TEST_STEP][PASSED] - selectOptionByValue(findTestObject("1. Constant/01_id_field_id", ["field_id":"var_71"]), "efood", false): All options with value 'efood' are selected in object 'Object Repository/1. Constant/01_id_field_id' 

2022-06-23 19:55:17 - [MESSAGE][PASSED] - All options with value 'efood' are selected in object 'Object Repository/1. Constant/01_id_field_id' 

2022-06-23 19:55:17 - [TEST_STEP][PASSED] - delay(1): Delayed 1 second(s)

2022-06-23 19:55:18 - [MESSAGE][PASSED] - Delayed 1 second(s)

2022-06-23 19:55:18 - [TEST_STEP][PASSED] - takeScreenshot(): Taking screenshot successfully

2022-06-23 19:55:18 - [MESSAGE][PASSED] - Taking screenshot successfully
[[ATTACHMENT|D:\\Projet Test Auto\\Mediabox Test Automation\\Reports\\20220623_184212\\03. Parallel Testing (Testing)\\TS -PT PART 3\\03. StarPack Full Lifecycle_SAS_Task\\20220623_184213\\1656006918486.png]]

2022-06-23 19:55:18 - [TEST_STEP][PASSED] - delay(10): Delayed 10 second(s)

2022-06-23 19:55:28 - [MESSAGE][PASSED] - Delayed 10 second(s)

2022-06-23 19:55:28 - [TEST_STEP][PASSED] - click(findTestObject("HL Full Lifecycle/5 ModifyProjPage_button_Update")): Object: 'Object Repository/HL Full Lifecycle/5 ModifyProjPage_button_Update' is clicked on

2022-06-23 19:55:33 - [MESSAGE][PASSED] - Object: 'Object Repository/HL Full Lifecycle/5 ModifyProjPage_button_Update' is clicked on

2022-06-23 19:55:33 - [TEST_STEP][PASSED] - waitForPageLoad(10): Wait for page load successfully

2022-06-23 19:55:33 - [MESSAGE][PASSED] - Wait for page load successfully

2022-06-23 19:55:33 - [TEST_STEP][PASSED] - delay(5): Delayed 5 second(s)

2022-06-23 19:55:38 - [MESSAGE][PASSED] - Delayed 5 second(s)

2022-06-23 19:55:38 - [TEST_STEP][PASSED] - Project_No = I.ProjectNo(): Current window's url is: 'http://mdb-release.diadeis.lan/MediaboxIndependence/Base/ExecAction?IDSession=MBI%21RELTESTAUTO_STARPACK%21J70ZX2IMGSIRF0WP058JOGO0J3K24MNM6FGBZ6Q2&default_action=AfficheFichesProjet&id_project=MI001282'

2022-06-23 19:55:43 - [MESSAGE][PASSED] - Delayed 5 second(s)

2022-06-23 19:55:43 - [MESSAGE][PASSED] - Current window's url is: 'http://mdb-release.diadeis.lan/MediaboxIndependence/Base/ExecAction?IDSession=MBI%21RELTESTAUTO_STARPACK%21J70ZX2IMGSIRF0WP058JOGO0J3K24MNM6FGBZ6Q2&default_action=AfficheFichesProjet&id_project=MI001282'

2022-06-23 19:55:43 - [TEST_STEP][PASSED] - click(findTestObject("HL Full Lifecycle/6 ReferenceListPage_createrefbutton")): Object: 'Object Repository/HL Full Lifecycle/6 ReferenceListPage_createrefbutton' is clicked on

2022-06-23 19:55:45 - [MESSAGE][PASSED] - Object: 'Object Repository/HL Full Lifecycle/6 ReferenceListPage_createrefbutton' is clicked on

2022-06-23 19:55:45 - [TEST_STEP][PASSED] - click(findTestObject("HL Full Lifecycle/6 ReferenceListPaga_Create a component_button")): Object: 'Object Repository/HL Full Lifecycle/6 ReferenceListPaga_Create a component_button' is clicked on

2022-06-23 19:55:48 - [MESSAGE][PASSED] - Object: 'Object Repository/HL Full Lifecycle/6 ReferenceListPaga_Create a component_button' is clicked on

2022-06-23 19:55:48 - [TEST_STEP][PASSED] - waitForPageLoad(10): Wait for page load successfully

2022-06-23 19:55:48 - [MESSAGE][PASSED] - Wait for page load successfully

2022-06-23 19:55:48 - [TEST_STEP][PASSED] - takeScreenshot(): Taking screenshot successfully

2022-06-23 19:55:49 - [MESSAGE][PASSED] - Taking screenshot successfully
[[ATTACHMENT|D:\\Projet Test Auto\\Mediabox Test Automation\\Reports\\20220623_184212\\03. Parallel Testing (Testing)\\TS -PT PART 3\\03. StarPack Full Lifecycle_SAS_Task\\20220623_184213\\1656006948565.png]]

2022-06-23 19:55:49 - [TEST_STEP][PASSED] - selectOptionByValue(findTestObject("1. Constant/01_id_field_id", ["field_id":"ref_type"]), "6", false): All options with value '6' are selected in object 'Object Repository/1. Constant/01_id_field_id' 

2022-06-23 19:55:52 - [MESSAGE][PASSED] - All options with value '6' are selected in object 'Object Repository/1. Constant/01_id_field_id' 

2022-06-23 19:55:52 - [TEST_STEP][PASSED] - click(findTestObject("HL Full Lifecycle/6 ReferencePg_Create a component_bluebutton")): Object: 'Object Repository/HL Full Lifecycle/6 ReferencePg_Create a component_bluebutton' is clicked on

2022-06-23 19:55:58 - [MESSAGE][PASSED] - Object: 'Object Repository/HL Full Lifecycle/6 ReferencePg_Create a component_bluebutton' is clicked on

2022-06-23 19:55:58 - [TEST_STEP][PASSED] - refID = I.RefID(): Current window's url is: 'http://mdb-release.diadeis.lan/MediaboxIndependence/Base/ExecAction?IDSession=MBI%21RELTESTAUTO_STARPACK%21J70ZX2IMGSIRF0WP058JOGO0J3K24MNM6FGBZ6Q2&default_action=ModifierRef&id_project=MI001282&id_ref=6396&action_from=create_ref'

2022-06-23 19:56:03 - [MESSAGE][PASSED] - Delayed 5 second(s)

2022-06-23 19:56:04 - [MESSAGE][PASSED] - Current window's url is: 'http://mdb-release.diadeis.lan/MediaboxIndependence/Base/ExecAction?IDSession=MBI%21RELTESTAUTO_STARPACK%21J70ZX2IMGSIRF0WP058JOGO0J3K24MNM6FGBZ6Q2&default_action=ModifierRef&id_project=MI001282&id_ref=6396&action_from=create_ref'

2022-06-23 19:56:04 - [TEST_STEP][PASSED] - out.println(refID): null

2022-06-23 19:56:04 - [TEST_STEP][PASSED] - takeScreenshot(): Taking screenshot successfully

2022-06-23 19:56:05 - [MESSAGE][PASSED] - Taking screenshot successfully
[[ATTACHMENT|D:\\Projet Test Auto\\Mediabox Test Automation\\Reports\\20220623_184212\\03. Parallel Testing (Testing)\\TS -PT PART 3\\03. StarPack Full Lifecycle_SAS_Task\\20220623_184213\\1656006964497.png]]

2022-06-23 19:56:05 - [TEST_STEP][PASSED] - sendKeys(findTestObject("1. Constant/01_id_field_id", ["field_id":"var_28"]), "209293"): Keys '209293' sent to object: 'Object Repository/1. Constant/01_id_field_id'

2022-06-23 19:56:06 - [MESSAGE][PASSED] - Keys '209293' sent to object: 'Object Repository/1. Constant/01_id_field_id'

2022-06-23 19:56:06 - [TEST_STEP][PASSED] - sendKeys(findTestObject("1. Constant/01_id_field_id", ["field_id":"var_30"]), "test Submarca"): Keys 'test Submarca' sent to object: 'Object Repository/1. Constant/01_id_field_id'

2022-06-23 19:56:07 - [MESSAGE][PASSED] - Keys 'test Submarca' sent to object: 'Object Repository/1. Constant/01_id_field_id'

2022-06-23 19:56:07 - [TEST_STEP][PASSED] - sendKeys(findTestObject("1. Constant/01_id_field_id", ["field_id":"var_31"]), "test Submarca Vínculo con bulto: test Submarca"): Keys 'test Submarca Vínculo con bulto: test Submarca' sent to object: 'Object Repository/1. Constant/01_id_field_id'

2022-06-23 19:56:09 - [MESSAGE][PASSED] - Keys 'test Submarca Vínculo con bulto: test Submarca' sent to object: 'Object Repository/1. Constant/01_id_field_id'

2022-06-23 19:56:09 - [TEST_STEP][PASSED] - selectOptionByValue(findTestObject("1. Constant/01_id_field_id", ["field_id":"var_38"]), "24", false): All options with value '24' are selected in object 'Object Repository/1. Constant/01_id_field_id' 

2022-06-23 19:56:12 - [MESSAGE][PASSED] - All options with value '24' are selected in object 'Object Repository/1. Constant/01_id_field_id' 

2022-06-23 19:56:12 - [TEST_STEP][PASSED] - sendKeys(findTestObject("1. Constant/01_id_field_id", ["field_id":"var_39"]), "8480017155061"): Keys '8480017155061' sent to object: 'Object Repository/1. Constant/01_id_field_id'

2022-06-23 19:56:13 - [MESSAGE][PASSED] - Keys '8480017155061' sent to object: 'Object Repository/1. Constant/01_id_field_id'

2022-06-23 19:56:13 - [TEST_STEP][PASSED] - selectOptionByValue(findTestObject("1. Constant/01_id_field_id", ["field_id":"selSource_19"]), "22", false): All options with value '22' are selected in object 'Object Repository/1. Constant/01_id_field_id' 

2022-06-23 19:56:15 - [MESSAGE][PASSED] - All options with value '22' are selected in object 'Object Repository/1. Constant/01_id_field_id' 

2022-06-23 19:56:15 - [TEST_STEP][PASSED] - click(findTestObject("Object Repository/xxx Todelete/2.01 ModifyRef_Pais")): Object: 'Object Repository/xxx Todelete/2.01 ModifyRef_Pais' is clicked on

2022-06-23 19:56:16 - [MESSAGE][PASSED] - Object: 'Object Repository/xxx Todelete/2.01 ModifyRef_Pais' is clicked on

2022-06-23 19:56:16 - [TEST_STEP][PASSED] - selectOptionByValue(findTestObject("1. Constant/01_id_field_id", ["field_id":"var_75"]), "26", false): All options with value '26' are selected in object 'Object Repository/1. Constant/01_id_field_id' 

2022-06-23 19:56:17 - [MESSAGE][PASSED] - All options with value '26' are selected in object 'Object Repository/1. Constant/01_id_field_id' 

2022-06-23 19:56:17 - [TEST_STEP][PASSED] - click(findTestObject("HL Full Lifecycle/7 ModifyRefPage_button_Save")): Object: 'Object Repository/HL Full Lifecycle/7 ModifyRefPage_button_Save' is clicked on

2022-06-23 19:56:22 - [MESSAGE][PASSED] - Object: 'Object Repository/HL Full Lifecycle/7 ModifyRefPage_button_Save' is clicked on

2022-06-23 19:56:22 - [TEST_STEP][PASSED] - I.Logout(): Delayed 3 second(s)

2022-06-23 19:56:25 - [MESSAGE][PASSED] - Delayed 3 second(s)

2022-06-23 19:56:27 - [MESSAGE][PASSED] - Object: 'Object Repository/1. Constant/xpath' is clicked on

2022-06-23 19:56:30 - [MESSAGE][PASSED] - Delayed 3 second(s)

2022-06-23 19:56:36 - [MESSAGE][PASSED] - Object: 'Object Repository/1. Constant/xpath' is clicked on

2022-06-23 19:56:39 - [MESSAGE][PASSED] - Delayed 3 second(s)

2022-06-23 19:56:39 - [TEST_STEP][PASSED] - I.Login_password("suser", password_suser): Object: 'Object Repository/1. Constant/xpath' is clicked on

2022-06-23 19:56:40 - [MESSAGE][PASSED] - Text 'suser' is set on object 'Object Repository/1. Constant/xpath'

2022-06-23 19:56:41 - [MESSAGE][PASSED] - Delayed 1 second(s)

2022-06-23 19:56:43 - [MESSAGE][PASSED] - Text 'dchi2' is set on object 'Object Repository/1. Constant/xpath'

2022-06-23 19:56:44 - [MESSAGE][PASSED] - Delayed 1 second(s)

2022-06-23 19:56:48 - [MESSAGE][PASSED] - Object: 'Object Repository/1. Constant/xpath' is clicked on

2022-06-23 19:56:48 - [TEST_STEP][PASSED] - takeScreenshot(): Taking screenshot successfully

2022-06-23 19:56:49 - [MESSAGE][PASSED] - Taking screenshot successfully
[[ATTACHMENT|D:\\Projet Test Auto\\Mediabox Test Automation\\Reports\\20220623_184212\\03. Parallel Testing (Testing)\\TS -PT PART 3\\03. StarPack Full Lifecycle_SAS_Task\\20220623_184213\\1656007008915.png]]

2022-06-23 19:56:49 - [TEST_STEP][PASSED] - click(findTestObject("1. Constant/02_LHSMenu_Projects")): Object: 'Object Repository/1. Constant/02_LHSMenu_Projects' is clicked on

2022-06-23 19:56:55 - [MESSAGE][PASSED] - Object: 'Object Repository/1. Constant/02_LHSMenu_Projects' is clicked on

2022-06-23 19:56:55 - [TEST_STEP][PASSED] - I.SearchProjectNo(Project_No, findTestObject("HL Full Lifecycle/9 Filter_Button_Apply")): Delayed 5 second(s)

2022-06-23 19:56:59 - [MESSAGE][PASSED] - Text 'MI001282' is set on object 'Object Repository/1. Constant/xpath'

2022-06-23 19:57:02 - [MESSAGE][PASSED] - Delayed 3 second(s)

2022-06-23 19:57:08 - [MESSAGE][PASSED] - Object: 'Object Repository/HL Full Lifecycle/9 Filter_Button_Apply' is clicked on

2022-06-23 19:57:13 - [MESSAGE][PASSED] - Delayed 5 second(s)

2022-06-23 19:57:13 - [TEST_STEP][PASSED] - I.superedit_ref(findTestObject("Object Repository/StarPack - Full Lifecycle (AWIS)/3.02 Suser super edit", ["refID":"source_" + refID]), findTestObject("Object Repository/StarPack - Full Lifecycle (AWIS)/3.03 Suser super edit (option)", ["refID":"source_" + refID])): Object: 'Object Repository/StarPack - Full Lifecycle (AWIS)/3.03 Suser super edit (option)' is clicked on

2022-06-23 19:57:15 - [MESSAGE][PASSED] - Object: 'Object Repository/StarPack - Full Lifecycle (AWIS)/3.02 Suser super edit' is clicked on

2022-06-23 19:57:18 - [MESSAGE][PASSED] - Delayed 3 second(s)

2022-06-23 19:57:23 - [MESSAGE][PASSED] - Object: 'Object Repository/StarPack - Full Lifecycle (AWIS)/3.03 Suser super edit (option)' is clicked on

2022-06-23 19:57:23 - [TEST_STEP][PASSED] - takeScreenshot(): Taking screenshot successfully

2022-06-23 19:57:25 - [MESSAGE][PASSED] - Taking screenshot successfully
[[ATTACHMENT|D:\\Projet Test Auto\\Mediabox Test Automation\\Reports\\20220623_184212\\03. Parallel Testing (Testing)\\TS -PT PART 3\\03. StarPack Full Lifecycle_SAS_Task\\20220623_184213\\1656007044820.png]]

2022-06-23 19:57:25 - [TEST_STEP][PASSED] - I.click_button_javascript(findTestObject("Object Repository/StarPack - Full Lifecycle (AWIS)/3.04 Suser select option button(yes)", ["field_ID":"field_var_40"])): Execute JavaScript 'arguments[0].click()' successfully

2022-06-23 19:57:27 - [MESSAGE][PASSED] - Execute JavaScript 'arguments[0].click()' successfully

2022-06-23 19:57:27 - [TEST_STEP][PASSED] - I.click_button_javascript(findTestObject("Object Repository/StarPack - Full Lifecycle (AWIS)/3.04 Suser select option button(yes)", ["field_ID":"field_var_41"])): Execute JavaScript 'arguments[0].click()' successfully

2022-06-23 19:57:27 - [MESSAGE][PASSED] - Execute JavaScript 'arguments[0].click()' successfully

2022-06-23 19:57:27 - [TEST_STEP][PASSED] - I.click_button_javascript(findTestObject("Object Repository/StarPack - Full Lifecycle (AWIS)/3.04 Suser select option button(yes)", ["field_ID":"field_var_42"])): Execute JavaScript 'arguments[0].click()' successfully

2022-06-23 19:57:27 - [MESSAGE][PASSED] - Execute JavaScript 'arguments[0].click()' successfully

2022-06-23 19:57:27 - [TEST_STEP][PASSED] - I.click_button_javascript(findTestObject("Object Repository/StarPack - Full Lifecycle (AWIS)/3.04 Suser select option button(yes)", ["field_ID":"field_var_43"])): Execute JavaScript 'arguments[0].click()' successfully

2022-06-23 19:57:28 - [MESSAGE][PASSED] - Execute JavaScript 'arguments[0].click()' successfully

2022-06-23 19:57:28 - [TEST_STEP][PASSED] - I.click_button_javascript(findTestObject("Object Repository/StarPack - Full Lifecycle (AWIS)/3.04 Suser select option button(No)", ["field_ID":"field_var_44"])): Execute JavaScript 'arguments[0].click()' successfully

2022-06-23 19:57:28 - [MESSAGE][PASSED] - Execute JavaScript 'arguments[0].click()' successfully

2022-06-23 19:57:28 - [TEST_STEP][PASSED] - I.click_button_javascript(findTestObject("Object Repository/StarPack - Full Lifecycle (AWIS)/3.04 Suser select option button(No)", ["field_ID":"field_var_45"])): Execute JavaScript 'arguments[0].click()' successfully

2022-06-23 19:57:28 - [MESSAGE][PASSED] - Execute JavaScript 'arguments[0].click()' successfully

2022-06-23 19:57:28 - [TEST_STEP][PASSED] - I.click_button_javascript(findTestObject("Object Repository/StarPack - Full Lifecycle (AWIS)/3.04 Suser select option button(No)", ["field_ID":"field_var_99"])): Execute JavaScript 'arguments[0].click()' successfully

2022-06-23 19:57:29 - [MESSAGE][PASSED] - Execute JavaScript 'arguments[0].click()' successfully

2022-06-23 19:57:29 - [TEST_STEP][PASSED] - click(findTestObject("Object Repository/StarPack - Full Lifecycle (AWIS)/3.05 Suser saves for super edit ref")): Object: 'Object Repository/StarPack - Full Lifecycle (AWIS)/3.05 Suser saves for super edit ref' is clicked on

2022-06-23 19:57:33 - [MESSAGE][PASSED] - Object: 'Object Repository/StarPack - Full Lifecycle (AWIS)/3.05 Suser saves for super edit ref' is clicked on

2022-06-23 19:57:33 - [TEST_STEP][PASSED] - I.Logout(): Delayed 3 second(s)

2022-06-23 19:57:36 - [MESSAGE][PASSED] - Delayed 3 second(s)

2022-06-23 19:57:38 - [MESSAGE][PASSED] - Object: 'Object Repository/1. Constant/xpath' is clicked on

2022-06-23 19:57:41 - [MESSAGE][PASSED] - Delayed 3 second(s)

2022-06-23 19:57:48 - [MESSAGE][PASSED] - Object: 'Object Repository/1. Constant/xpath' is clicked on

2022-06-23 19:57:51 - [MESSAGE][PASSED] - Delayed 3 second(s)

2022-06-23 19:57:51 - [TEST_STEP][PASSED] - I.Login_password("adelamatanieves", password_adelamatanieves): Object: 'Object Repository/1. Constant/xpath' is clicked on

2022-06-23 19:57:53 - [MESSAGE][PASSED] - Text 'adelamatanieves' is set on object 'Object Repository/1. Constant/xpath'

2022-06-23 19:57:54 - [MESSAGE][PASSED] - Delayed 1 second(s)

2022-06-23 19:57:59 - [MESSAGE][PASSED] - Text 'dchi4' is set on object 'Object Repository/1. Constant/xpath'

2022-06-23 19:58:00 - [MESSAGE][PASSED] - Delayed 1 second(s)

2022-06-23 19:58:06 - [MESSAGE][PASSED] - Object: 'Object Repository/1. Constant/xpath' is clicked on

2022-06-23 19:58:06 - [TEST_STEP][PASSED] - takeScreenshot(): Taking screenshot successfully

2022-06-23 19:58:08 - [MESSAGE][PASSED] - Taking screenshot successfully
[[ATTACHMENT|D:\\Projet Test Auto\\Mediabox Test Automation\\Reports\\20220623_184212\\03. Parallel Testing (Testing)\\TS -PT PART 3\\03. StarPack Full Lifecycle_SAS_Task\\20220623_184213\\1656007087188.png]]

2022-06-23 19:58:08 - [TEST_STEP][PASSED] - click(findTestObject("1. Constant/02_LHSMenu_Projects")): Object: 'Object Repository/1. Constant/02_LHSMenu_Projects' is clicked on

2022-06-23 19:58:15 - [MESSAGE][PASSED] - Object: 'Object Repository/1. Constant/02_LHSMenu_Projects' is clicked on

2022-06-23 19:58:15 - [TEST_STEP][PASSED] - I.SearchProjectNo(Project_No, findTestObject("HL Full Lifecycle/9 Filter_Button_Apply")): Delayed 5 second(s)

2022-06-23 19:58:24 - [MESSAGE][PASSED] - Text 'MI001282' is set on object 'Object Repository/1. Constant/xpath'

2022-06-23 19:58:27 - [MESSAGE][PASSED] - Delayed 3 second(s)

2022-06-23 19:58:36 - [MESSAGE][PASSED] - Object: 'Object Repository/HL Full Lifecycle/9 Filter_Button_Apply' is clicked on

2022-06-23 19:58:41 - [MESSAGE][PASSED] - Delayed 5 second(s)

2022-06-23 19:58:41 - [TEST_STEP][PASSED] - click(findTestObject("1. Constant/xpath", ["xpath":"/html/body/div[1]/div[2]/div[4]/div[3]/div/div[2]/div[2]/div[1]/table/tbody/tr[2]/td[10]/a[3]"])): Object: 'Object Repository/1. Constant/xpath' is clicked on

2022-06-23 19:58:48 - [MESSAGE][PASSED] - Object: 'Object Repository/1. Constant/xpath' is clicked on

2022-06-23 19:58:48 - [TEST_STEP][PASSED] - click(findTestObject("Object Repository/StarPack - Full Lifecycle (AWIS)/2.031 RefPg_AnnaSubmit", ["id":"1"])): Object: 'Object Repository/StarPack - Full Lifecycle (AWIS)/2.031 RefPg_AnnaSubmit' is clicked on

2022-06-23 19:58:57 - [MESSAGE][PASSED] - Object: 'Object Repository/StarPack - Full Lifecycle (AWIS)/2.031 RefPg_AnnaSubmit' is clicked on

2022-06-23 19:58:57 - [TEST_STEP][PASSED] - click(findTestObject("Object Repository/StarPack - Full Lifecycle (AWIS)/2.03 Block anna")): Object: 'Object Repository/StarPack - Full Lifecycle (AWIS)/2.03 Block anna' is clicked on

2022-06-23 19:59:03 - [MESSAGE][PASSED] - Object: 'Object Repository/StarPack - Full Lifecycle (AWIS)/2.03 Block anna' is clicked on

2022-06-23 19:59:03 - [TEST_STEP][PASSED] - I.click_button_javascript(findTestObject("1. Constant/xpath", ["xpath":"//*[@id="card_phase_group_2464_ModifFiche"]/div[2]/div[1]/div/div[1]/label[2]"])): Execute JavaScript 'arguments[0].click()' successfully

2022-06-23 19:59:06 - [MESSAGE][PASSED] - Execute JavaScript 'arguments[0].click()' successfully

2022-06-23 19:59:06 - [TEST_STEP][PASSED] - I.click_button_javascript(findTestObject("1. Constant/xpath", ["xpath":"//*[@id="card_phase_group_2464_ModifFiche"]/div[2]/div[2]/div/div[1]/label[2]"])): Execute JavaScript 'arguments[0].click()' successfully

2022-06-23 19:59:09 - [MESSAGE][PASSED] - Execute JavaScript 'arguments[0].click()' successfully

2022-06-23 19:59:09 - [TEST_STEP][PASSED] - I.click_button_javascript(findTestObject("1. Constant/xpath", ["xpath":"//*[@id="card_phase_group_2464_ModifFiche"]/div[2]/div[3]/div/div[1]/label[1]"])): Execute JavaScript 'arguments[0].click()' successfully

2022-06-23 19:59:10 - [MESSAGE][PASSED] - Execute JavaScript 'arguments[0].click()' successfully

2022-06-23 19:59:10 - [TEST_STEP][PASSED] - I.Pagedown(): Execute JavaScript 'window.scrollTo(0, document.body.scrollHeight)' successfully

2022-06-23 19:59:11 - [MESSAGE][PASSED] - Execute JavaScript 'window.scrollTo(0, document.body.scrollHeight)' successfully

2022-06-23 19:59:11 - [TEST_STEP][PASSED] - click(findTestObject("Object Repository/StarPack - Full Lifecycle (AWIS)/2.05 RefPg_submit")): Object: 'Object Repository/StarPack - Full Lifecycle (AWIS)/2.05 RefPg_submit' is clicked on

2022-06-23 19:59:23 - [MESSAGE][PASSED] - Object: 'Object Repository/StarPack - Full Lifecycle (AWIS)/2.05 RefPg_submit' is clicked on

2022-06-23 19:59:23 - [TEST_STEP][PASSED] - delay(2): Delayed 2 second(s)

2022-06-23 19:59:25 - [MESSAGE][PASSED] - Delayed 2 second(s)

2022-06-23 19:59:25 - [TEST_STEP][PASSED] - takeScreenshot(): Taking screenshot successfully

2022-06-23 19:59:27 - [MESSAGE][PASSED] - Taking screenshot successfully
[[ATTACHMENT|D:\\Projet Test Auto\\Mediabox Test Automation\\Reports\\20220623_184212\\03. Parallel Testing (Testing)\\TS -PT PART 3\\03. StarPack Full Lifecycle_SAS_Task\\20220623_184213\\1656007166060.png]]

2022-06-23 19:59:27 - [TEST_STEP][PASSED] - I.Logout(): Delayed 3 second(s)

2022-06-23 19:59:30 - [MESSAGE][PASSED] - Delayed 3 second(s)

2022-06-23 19:59:33 - [MESSAGE][PASSED] - Object: 'Object Repository/1. Constant/xpath' is clicked on

2022-06-23 19:59:36 - [MESSAGE][PASSED] - Delayed 3 second(s)

2022-06-23 19:59:41 - [MESSAGE][PASSED] - Object: 'Object Repository/1. Constant/xpath' is clicked on

2022-06-23 19:59:44 - [MESSAGE][PASSED] - Delayed 3 second(s)

2022-06-23 19:59:44 - [TEST_STEP][PASSED] - refID_TD = Integer.parseInt(refID) + 1: null

2022-06-23 19:59:44 - [TEST_STEP][PASSED] - I.Login_password("suser", password_suser): Object: 'Object Repository/1. Constant/xpath' is clicked on

2022-06-23 19:59:47 - [MESSAGE][PASSED] - Text 'suser' is set on object 'Object Repository/1. Constant/xpath'

2022-06-23 19:59:48 - [MESSAGE][PASSED] - Delayed 1 second(s)

2022-06-23 19:59:50 - [MESSAGE][PASSED] - Text 'dchi2' is set on object 'Object Repository/1. Constant/xpath'

2022-06-23 19:59:51 - [MESSAGE][PASSED] - Delayed 1 second(s)

2022-06-23 19:59:56 - [MESSAGE][PASSED] - Object: 'Object Repository/1. Constant/xpath' is clicked on

2022-06-23 19:59:56 - [TEST_STEP][PASSED] - takeScreenshot(): Taking screenshot successfully

2022-06-23 19:59:56 - [MESSAGE][PASSED] - Taking screenshot successfully
[[ATTACHMENT|D:\\Projet Test Auto\\Mediabox Test Automation\\Reports\\20220623_184212\\03. Parallel Testing (Testing)\\TS -PT PART 3\\03. StarPack Full Lifecycle_SAS_Task\\20220623_184213\\1656007196270.png]]

2022-06-23 19:59:56 - [TEST_STEP][PASSED] - click(findTestObject("1. Constant/02_LHSMenu_Projects")): Object: 'Object Repository/1. Constant/02_LHSMenu_Projects' is clicked on

2022-06-23 20:00:00 - [MESSAGE][PASSED] - Object: 'Object Repository/1. Constant/02_LHSMenu_Projects' is clicked on

2022-06-23 20:00:00 - [TEST_STEP][PASSED] - I.SearchProjectNo(Project_No, findTestObject("HL Full Lifecycle/9 Filter_Button_Apply")): Delayed 5 second(s)

2022-06-23 20:00:01 - [MESSAGE][PASSED] - Text 'MI001282' is set on object 'Object Repository/1. Constant/xpath'

2022-06-23 20:00:04 - [MESSAGE][PASSED] - Delayed 3 second(s)

2022-06-23 20:00:07 - [MESSAGE][PASSED] - Object: 'Object Repository/HL Full Lifecycle/9 Filter_Button_Apply' is clicked on

2022-06-23 20:00:12 - [MESSAGE][PASSED] - Delayed 5 second(s)

2022-06-23 20:00:12 - [TEST_STEP][PASSED] - color1 = getCSSValue(findTestObject("Object Repository/StarPack - Full Lifecycle (AWIS)/4.012 Supploer proceed to next phase (PS)", ["refID":"source_" + refID_TD]), "color", OPTIONAL): Get CSS 'color' value on 'Object Repository/StarPack - Full Lifecycle (AWIS)/4.012 Supploer proceed to next phase (PS)' successfully: 'rgba(255, 255, 255, 1)'.

2022-06-23 20:00:13 - [MESSAGE][PASSED] - Get CSS 'color' value on 'Object Repository/StarPack - Full Lifecycle (AWIS)/4.012 Supploer proceed to next phase (PS)' successfully: 'rgba(255, 255, 255, 1)'.

2022-06-23 20:00:13 - [TEST_STEP][PASSED] - I.print(color1): null

2022-06-23 20:00:13 - [TEST_STEP][PASSED] - while (color1 == "rgba(255, 255, 255, 1)"): null

2022-06-23 20:00:13 - [TEST_STEP][PASSED] - click(findTestObject("Object Repository/StarPack - Full Lifecycle (AWIS)/4.012 Supploer proceed to next phase (PS)", ["refID":"source_" + refID_TD])): Object: 'Object Repository/StarPack - Full Lifecycle (AWIS)/4.012 Supploer proceed to next phase (PS)' is clicked on

2022-06-23 20:00:15 - [MESSAGE][PASSED] - Object: 'Object Repository/StarPack - Full Lifecycle (AWIS)/4.012 Supploer proceed to next phase (PS)' is clicked on

2022-06-23 20:00:15 - [TEST_STEP][PASSED] - takeScreenshot(): Taking screenshot successfully

2022-06-23 20:00:16 - [MESSAGE][PASSED] - Taking screenshot successfully
[[ATTACHMENT|D:\\Projet Test Auto\\Mediabox Test Automation\\Reports\\20220623_184212\\03. Parallel Testing (Testing)\\TS -PT PART 3\\03. StarPack Full Lifecycle_SAS_Task\\20220623_184213\\1656007216307.png]]

2022-06-23 20:00:16 - [TEST_STEP][PASSED] - I.UploadDoc_sendkey_Prod(findTestObject("1. Constant/xpath", ["xpath":"//*[@id="kt_body"]/input[2]"]), "D:\Upoad_File\Upload doc\testdataaddition1.jpg", "testdataaddition1.jpg"): Delayed 5 second(s)

2022-06-23 20:00:17 - [MESSAGE][PASSED] - Scroll to object 'Object Repository/1. Constant/xpath' successfully

2022-06-23 20:00:22 - [MESSAGE][PASSED] - Delayed 5 second(s)

2022-06-23 20:00:24 - [MESSAGE][PASSED] - File 'D:\Upoad_File\Upload doc\testdataaddition1.jpg' sent to object: 'Object Repository/1. Constant/xpath'

2022-06-23 20:00:29 - [MESSAGE][PASSED] - Delayed 5 second(s)

2022-06-23 20:00:29 - [MESSAGE][PASSED] - Text 'testdataaddition1.jpg' is present on page 

2022-06-23 20:00:34 - [MESSAGE][PASSED] - Delayed 5 second(s)

2022-06-23 20:00:39 - [MESSAGE][PASSED] - Delayed 5 second(s)

2022-06-23 20:00:39 - [TEST_STEP][PASSED] - takeScreenshot(): Taking screenshot successfully

2022-06-23 20:00:40 - [MESSAGE][PASSED] - Taking screenshot successfully
[[ATTACHMENT|D:\\Projet Test Auto\\Mediabox Test Automation\\Reports\\20220623_184212\\03. Parallel Testing (Testing)\\TS -PT PART 3\\03. StarPack Full Lifecycle_SAS_Task\\20220623_184213\\1656007239811.png]]

2022-06-23 20:00:40 - [TEST_STEP][PASSED] - delay(10): Delayed 10 second(s)

2022-06-23 20:00:50 - [MESSAGE][PASSED] - Delayed 10 second(s)

2022-06-23 20:00:50 - [TEST_STEP][PASSED] - selectOptionByValue(findTestObject("1. Constant/xpath", ["xpath":"//*[@id="var_27"]"]), "651", false): All options with value '651' are selected in object 'Object Repository/1. Constant/xpath' 

2022-06-23 20:00:51 - [MESSAGE][PASSED] - All options with value '651' are selected in object 'Object Repository/1. Constant/xpath' 

2022-06-23 20:00:51 - [TEST_STEP][PASSED] - I.click_button_javascript(findTestObject("Object Repository/HL Full Lifecycle/12 ReferncePage_Button_Updatensenddoc")): Execute JavaScript 'arguments[0].click()' successfully

2022-06-23 20:00:58 - [MESSAGE][PASSED] - Execute JavaScript 'arguments[0].click()' successfully

2022-06-23 20:00:58 - [TEST_STEP][PASSED] - delay(5): Delayed 5 second(s)

2022-06-23 20:01:03 - [MESSAGE][PASSED] - Delayed 5 second(s)

2022-06-23 20:01:03 - [TEST_STEP][PASSED] - if (verifyElementPresent(findTestObject("Object Repository/StarPack - Full Lifecycle (AWIS)/4.012 Supploer proceed to next phase (PS)", ["refID":"source_" + refID_TD]), 10, OPTIONAL)): com.kms.katalon.core.webui.exception.WebElementNotFoundException: Web element with id: 'Object Repository/StarPack - Full Lifecycle (AWIS)/4.012 Supploer proceed to next phase (PS)' located by '//*[@id='source_6397']/td[9]/a[2]' not found (Root cause: com.kms.katalon.core.exception.StepFailedException: com.kms.katalon.core.webui.exception.WebElementNotFoundException: Web element with id: 'Object Repository/StarPack - Full Lifecycle (AWIS)/4.012 Supploer proceed to next phase (PS)' located by '//*[@id='source_6397']/td[9]/a[2]' not found
	at com.kms.katalon.core.webui.keyword.internal.WebUIKeywordMain.stepFailed(WebUIKeywordMain.groovy:64)
	at com.kms.katalon.core.webui.keyword.builtin.VerifyElementPresentKeyword$_verifyElementPresent_closure1.doCall(VerifyElementPresentKeyword.groovy:85)
	at com.kms.katalon.core.webui.keyword.builtin.VerifyElementPresentKeyword$_verifyElementPresent_closure1.call(VerifyElementPresentKeyword.groovy)
	at com.kms.katalon.core.webui.keyword.internal.WebUIKeywordMain.runKeyword(WebUIKeywordMain.groovy:20)
	at com.kms.katalon.core.webui.keyword.builtin.VerifyElementPresentKeyword.verifyElementPresent(VerifyElementPresentKeyword.groovy:92)
	at com.kms.katalon.core.webui.keyword.builtin.VerifyElementPresentKeyword.execute(VerifyElementPresentKeyword.groovy:68)
	at com.kms.katalon.core.keyword.internal.KeywordExecutor.executeKeywordForPlatform(KeywordExecutor.groovy:74)
	at com.kms.katalon.core.webui.keyword.WebUiBuiltInKeywords.verifyElementPresent(WebUiBuiltInKeywords.groovy:1448)
	at com.kms.katalon.core.webui.keyword.WebUiBuiltInKeywords$verifyElementPresent$18.call(Unknown Source)
	at 18.05 StarPack change of rights (Prod)_Ticket4757.run(18.05 StarPack change of rights (Prod)_Ticket4757:405)
	at com.kms.katalon.core.main.ScriptEngine.run(ScriptEngine.java:194)
	at com.kms.katalon.core.main.ScriptEngine.runScriptAsRawText(ScriptEngine.java:119)
	at com.kms.katalon.core.main.TestCaseExecutor.runScript(TestCaseExecutor.java:445)
	at com.kms.katalon.core.main.TestCaseExecutor.doExecute(TestCaseExecutor.java:436)
	at com.kms.katalon.core.main.TestCaseExecutor.processExecutionPhase(TestCaseExecutor.java:415)
	at com.kms.katalon.core.main.TestCaseExecutor.accessMainPhase(TestCaseExecutor.java:407)
	at com.kms.katalon.core.main.TestCaseExecutor.execute(TestCaseExecutor.java:284)
	at com.kms.katalon.core.common.CommonExecutor.accessTestCaseMainPhase(CommonExecutor.java:65)
	at com.kms.katalon.core.main.TestSuiteExecutor.accessTestSuiteMainPhase(TestSuiteExecutor.java:144)
	at com.kms.katalon.core.main.TestSuiteExecutor.execute(TestSuiteExecutor.java:106)
	at com.kms.katalon.core.main.TestCaseMain.startTestSuite(TestCaseMain.java:185)
	at com.kms.katalon.core.main.TestCaseMain$startTestSuite$0.call(Unknown Source)
	at TempTestSuite1656002533984.run(TempTestSuite1656002533984.groovy:36)
)

2022-06-23 20:01:15 - [MESSAGE][INFO] - Unable to find the element located by 'By.xpath: //*[@id='source_6397']/td[9]/a[2]'. Please recheck the objects properties to make sure the desired element is located. 

2022-06-23 20:01:16 - [MESSAGE][WARNING] - com.kms.katalon.core.webui.exception.WebElementNotFoundException: Web element with id: 'Object Repository/StarPack - Full Lifecycle (AWIS)/4.012 Supploer proceed to next phase (PS)' located by '//*[@id='source_6397']/td[9]/a[2]' not found (Root cause: com.kms.katalon.core.exception.StepFailedException: com.kms.katalon.core.webui.exception.WebElementNotFoundException: Web element with id: 'Object Repository/StarPack - Full Lifecycle (AWIS)/4.012 Supploer proceed to next phase (PS)' located by '//*[@id='source_6397']/td[9]/a[2]' not found
	at com.kms.katalon.core.webui.keyword.internal.WebUIKeywordMain.stepFailed(WebUIKeywordMain.groovy:64)
	at com.kms.katalon.core.webui.keyword.builtin.VerifyElementPresentKeyword$_verifyElementPresent_closure1.doCall(VerifyElementPresentKeyword.groovy:85)
	at com.kms.katalon.core.webui.keyword.builtin.VerifyElementPresentKeyword$_verifyElementPresent_closure1.call(VerifyElementPresentKeyword.groovy)
	at com.kms.katalon.core.webui.keyword.internal.WebUIKeywordMain.runKeyword(WebUIKeywordMain.groovy:20)
	at com.kms.katalon.core.webui.keyword.builtin.VerifyElementPresentKeyword.verifyElementPresent(VerifyElementPresentKeyword.groovy:92)
	at com.kms.katalon.core.webui.keyword.builtin.VerifyElementPresentKeyword.execute(VerifyElementPresentKeyword.groovy:68)
	at com.kms.katalon.core.keyword.internal.KeywordExecutor.executeKeywordForPlatform(KeywordExecutor.groovy:74)
	at com.kms.katalon.core.webui.keyword.WebUiBuiltInKeywords.verifyElementPresent(WebUiBuiltInKeywords.groovy:1448)
	at com.kms.katalon.core.webui.keyword.WebUiBuiltInKeywords$verifyElementPresent$18.call(Unknown Source)
	at 18.05 StarPack change of rights (Prod)_Ticket4757.run(18.05 StarPack change of rights (Prod)_Ticket4757:405)
	at com.kms.katalon.core.main.ScriptEngine.run(ScriptEngine.java:194)
	at com.kms.katalon.core.main.ScriptEngine.runScriptAsRawText(ScriptEngine.java:119)
	at com.kms.katalon.core.main.TestCaseExecutor.runScript(TestCaseExecutor.java:445)
	at com.kms.katalon.core.main.TestCaseExecutor.doExecute(TestCaseExecutor.java:436)
	at com.kms.katalon.core.main.TestCaseExecutor.processExecutionPhase(TestCaseExecutor.java:415)
	at com.kms.katalon.core.main.TestCaseExecutor.accessMainPhase(TestCaseExecutor.java:407)
	at com.kms.katalon.core.main.TestCaseExecutor.execute(TestCaseExecutor.java:284)
	at com.kms.katalon.core.common.CommonExecutor.accessTestCaseMainPhase(CommonExecutor.java:65)
	at com.kms.katalon.core.main.TestSuiteExecutor.accessTestSuiteMainPhase(TestSuiteExecutor.java:144)
	at com.kms.katalon.core.main.TestSuiteExecutor.execute(TestSuiteExecutor.java:106)
	at com.kms.katalon.core.main.TestCaseMain.startTestSuite(TestCaseMain.java:185)
	at com.kms.katalon.core.main.TestCaseMain$startTestSuite$0.call(Unknown Source)
	at TempTestSuite1656002533984.run(TempTestSuite1656002533984.groovy:36)
)
[[ATTACHMENT|D:\\Projet Test Auto\\Mediabox Test Automation\\Reports\\20220623_184212\\03. Parallel Testing (Testing)\\TS -PT PART 3\\03. StarPack Full Lifecycle_SAS_Task\\20220623_184213\\1656007275137.png]]

2022-06-23 20:01:16 - [TEST_STEP][PASSED] - else: null

2022-06-23 20:01:16 - [TEST_STEP][PASSED] - color1 = "white": null

2022-06-23 20:01:16 - [TEST_STEP][PASSED] - I.Logout(): Delayed 3 second(s)

2022-06-23 20:01:19 - [MESSAGE][PASSED] - Delayed 3 second(s)

2022-06-23 20:01:19 - [MESSAGE][PASSED] - Object: 'Object Repository/1. Constant/xpath' is clicked on

2022-06-23 20:01:22 - [MESSAGE][PASSED] - Delayed 3 second(s)

2022-06-23 20:01:25 - [MESSAGE][PASSED] - Object: 'Object Repository/1. Constant/xpath' is clicked on

2022-06-23 20:01:28 - [MESSAGE][PASSED] - Delayed 3 second(s)

2022-06-23 20:01:28 - [TEST_STEP][PASSED] - I.Login_password("ysanzmonedero", password_ysanzmonedero): Object: 'Object Repository/1. Constant/xpath' is clicked on

2022-06-23 20:01:29 - [MESSAGE][PASSED] - Text 'ysanzmonedero' is set on object 'Object Repository/1. Constant/xpath'

2022-06-23 20:01:30 - [MESSAGE][PASSED] - Delayed 1 second(s)

2022-06-23 20:01:32 - [MESSAGE][PASSED] - Text 'dchi' is set on object 'Object Repository/1. Constant/xpath'

2022-06-23 20:01:33 - [MESSAGE][PASSED] - Delayed 1 second(s)

2022-06-23 20:01:39 - [MESSAGE][PASSED] - Object: 'Object Repository/1. Constant/xpath' is clicked on

2022-06-23 20:01:39 - [TEST_STEP][PASSED] - takeScreenshot(): Taking screenshot successfully

2022-06-23 20:01:40 - [MESSAGE][PASSED] - Taking screenshot successfully
[[ATTACHMENT|D:\\Projet Test Auto\\Mediabox Test Automation\\Reports\\20220623_184212\\03. Parallel Testing (Testing)\\TS -PT PART 3\\03. StarPack Full Lifecycle_SAS_Task\\20220623_184213\\1656007299866.png]]

2022-06-23 20:01:40 - [TEST_STEP][PASSED] - click(findTestObject("1. Constant/xpath", ["xpath":"//*[@id="kt_header"]/div/div[2]/div[1]/div[1]/div"])): Object: 'Object Repository/1. Constant/xpath' is clicked on

2022-06-23 20:01:40 - [MESSAGE][PASSED] - Object: 'Object Repository/1. Constant/xpath' is clicked on

2022-06-23 20:01:40 - [TEST_STEP][PASSED] - delay(1): Delayed 1 second(s)

2022-06-23 20:01:41 - [MESSAGE][PASSED] - Delayed 1 second(s)

2022-06-23 20:01:41 - [TEST_STEP][PASSED] - click(findTestObject("1. Constant/xpath", ["xpath":"//*[@id="kt_header"]/div/div[2]/div[1]/div[2]/form/div[3]/a"])): Object: 'Object Repository/1. Constant/xpath' is clicked on

2022-06-23 20:01:47 - [MESSAGE][PASSED] - Object: 'Object Repository/1. Constant/xpath' is clicked on

2022-06-23 20:01:47 - [TEST_STEP][PASSED] - delay(1): Delayed 1 second(s)

2022-06-23 20:01:48 - [MESSAGE][PASSED] - Delayed 1 second(s)

2022-06-23 20:01:48 - [TEST_STEP][PASSED] - taskno_1 = getText(findTestObject("1. Constant/xpath", ["xpath":"//*[@id="kt_content"]/div[3]/div/div/div[1]/div[1]/h3/span"])): Text of object 'Object Repository/1. Constant/xpath' is: '41'

2022-06-23 20:01:49 - [MESSAGE][PASSED] - Text of object 'Object Repository/1. Constant/xpath' is: '41'

2022-06-23 20:01:49 - [TEST_STEP][PASSED] - taskno_11 = Double.parseDouble(taskno_1): null

2022-06-23 20:01:49 - [TEST_STEP][PASSED] - n = 1: null

2022-06-23 20:01:49 - [TEST_STEP][PASSED] - while (n <= taskno_11): null

2022-06-23 20:01:49 - [TEST_STEP][PASSED] - result = getText(findTestObject("1. Constant/xpath", ["xpath":"/html/body/div[1]/div[2]/div[8]/div[3]/div/div/div[2]/div/table/tbody/tr[" + n + "]/td[1]/a"]), OPTIONAL): Text of object 'Object Repository/1. Constant/xpath' is: 'Review document for reference Technical Drawing of project AutoTest_Chrome_StarpacksoBWhlnXh5_juin232022_195433 (MI001282)'

2022-06-23 20:01:49 - [MESSAGE][PASSED] - Text of object 'Object Repository/1. Constant/xpath' is: 'Review document for reference Technical Drawing of project AutoTest_Chrome_StarpacksoBWhlnXh5_juin232022_195433 (MI001282)'

2022-06-23 20:01:49 - [TEST_STEP][PASSED] - if (result.contains(Project_No)): null

2022-06-23 20:01:49 - [TEST_STEP][PASSED] - click(findTestObject("1. Constant/xpath", ["xpath":"/html/body/div[1]/div[2]/div[8]/div[3]/div/div/div[2]/div/table/tbody/tr[" + n + "]/td[1]/a"])): Object: 'Object Repository/1. Constant/xpath' is clicked on

2022-06-23 20:01:56 - [MESSAGE][PASSED] - Object: 'Object Repository/1. Constant/xpath' is clicked on

2022-06-23 20:01:56 - [TEST_STEP][PASSED] - break: null

2022-06-23 20:01:56 - [TEST_STEP][PASSED] - delay(1): Delayed 1 second(s)

2022-06-23 20:01:57 - [MESSAGE][PASSED] - Delayed 1 second(s)

2022-06-23 20:01:57 - [TEST_STEP][PASSED] - mouseOver(findTestObject("Object Repository/HL Full Lifecycle/Function_access Viewer2")): Object: 'Object Repository/HL Full Lifecycle/Function_access Viewer2' is hovered

2022-06-23 20:01:58 - [MESSAGE][PASSED] - Object: 'Object Repository/HL Full Lifecycle/Function_access Viewer2' is hovered

2022-06-23 20:01:58 - [TEST_STEP][PASSED] - delay(2): Delayed 2 second(s)

2022-06-23 20:02:00 - [MESSAGE][PASSED] - Delayed 2 second(s)

2022-06-23 20:02:00 - [TEST_STEP][PASSED] - click(findTestObject("Object Repository/HL Full Lifecycle/Function_access Viewer2")): Object: 'Object Repository/HL Full Lifecycle/Function_access Viewer2' is clicked on

2022-06-23 20:02:01 - [MESSAGE][PASSED] - Object: 'Object Repository/HL Full Lifecycle/Function_access Viewer2' is clicked on

2022-06-23 20:02:01 - [TEST_STEP][PASSED] - delay(1): Delayed 1 second(s)

2022-06-23 20:02:02 - [MESSAGE][PASSED] - Delayed 1 second(s)

2022-06-23 20:02:02 - [TEST_STEP][PASSED] - click(findTestObject("1. Constant/xpath", ["xpath":"//*[@id="BtnrefusalButton"]"])): Object: 'Object Repository/1. Constant/xpath' is clicked on

2022-06-23 20:02:04 - [MESSAGE][PASSED] - Object: 'Object Repository/1. Constant/xpath' is clicked on

2022-06-23 20:02:04 - [TEST_STEP][PASSED] - delay(1): Delayed 1 second(s)

2022-06-23 20:02:05 - [MESSAGE][PASSED] - Delayed 1 second(s)

2022-06-23 20:02:05 - [TEST_STEP][PASSED] - click(findTestObject("1. Constant/xpath", ["xpath":"//*[@id="disable_rejectionButton"]"])): Object: 'Object Repository/1. Constant/xpath' is clicked on

2022-06-23 20:02:12 - [MESSAGE][PASSED] - Object: 'Object Repository/1. Constant/xpath' is clicked on

2022-06-23 20:02:12 - [TEST_STEP][PASSED] - delay(1): Delayed 1 second(s)

2022-06-23 20:02:13 - [MESSAGE][PASSED] - Delayed 1 second(s)

2022-06-23 20:02:13 - [TEST_STEP][PASSED] - taskno_22 = I.Get_Task_No("//*[@id="kt_header"]/div/div[2]/div[1]/div[1]/span"): Text of object 'Object Repository/1. Constant/xpath' is: '40'

2022-06-23 20:02:13 - [MESSAGE][PASSED] - Text of object 'Object Repository/1. Constant/xpath' is: '40'

2022-06-23 20:02:13 - [TEST_STEP][PASSED] - verifyEqual(taskno_11 - 1, taskno_22): Actual object '40' and expected object '40' are equal

2022-06-23 20:02:13 - [MESSAGE][PASSED] - Actual object '40' and expected object '40' are equal

2022-06-23 20:02:13 - [TEST_STEP][PASSED] - I.Logout(): Delayed 3 second(s)

2022-06-23 20:02:16 - [MESSAGE][PASSED] - Delayed 3 second(s)

2022-06-23 20:02:18 - [MESSAGE][PASSED] - Object: 'Object Repository/1. Constant/xpath' is clicked on

2022-06-23 20:02:21 - [MESSAGE][PASSED] - Delayed 3 second(s)

2022-06-23 20:02:25 - [MESSAGE][PASSED] - Object: 'Object Repository/1. Constant/xpath' is clicked on

2022-06-23 20:02:28 - [MESSAGE][PASSED] - Delayed 3 second(s)

2022-06-23 20:02:28 - [TEST_STEP][PASSED] - I.Login_password("agarciasanchez", password_agarciasanchez): Object: 'Object Repository/1. Constant/xpath' is clicked on

2022-06-23 20:02:28 - [MESSAGE][PASSED] - Text 'agarciasanchez' is set on object 'Object Repository/1. Constant/xpath'

2022-06-23 20:02:29 - [MESSAGE][PASSED] - Delayed 1 second(s)

2022-06-23 20:02:33 - [MESSAGE][PASSED] - Text 'dchi' is set on object 'Object Repository/1. Constant/xpath'

2022-06-23 20:02:34 - [MESSAGE][PASSED] - Delayed 1 second(s)

2022-06-23 20:02:38 - [MESSAGE][PASSED] - Object: 'Object Repository/1. Constant/xpath' is clicked on

2022-06-23 20:02:38 - [TEST_STEP][PASSED] - takeScreenshot(): Taking screenshot successfully

2022-06-23 20:02:39 - [MESSAGE][PASSED] - Taking screenshot successfully
[[ATTACHMENT|D:\\Projet Test Auto\\Mediabox Test Automation\\Reports\\20220623_184212\\03. Parallel Testing (Testing)\\TS -PT PART 3\\03. StarPack Full Lifecycle_SAS_Task\\20220623_184213\\1656007359003.png]]

2022-06-23 20:02:39 - [TEST_STEP][PASSED] - task_no3 = I.Get_Task_No("//*[@id="kt_header"]/div/div[2]/div[1]/div[1]/span"): Text of object 'Object Repository/1. Constant/xpath' is: '34'

2022-06-23 20:02:40 - [MESSAGE][PASSED] - Text of object 'Object Repository/1. Constant/xpath' is: '34'

2022-06-23 20:02:40 - [TEST_STEP][PASSED] - I.Logout(): Delayed 3 second(s)

2022-06-23 20:02:43 - [MESSAGE][PASSED] - Delayed 3 second(s)

2022-06-23 20:02:45 - [MESSAGE][PASSED] - Object: 'Object Repository/1. Constant/xpath' is clicked on

2022-06-23 20:02:48 - [MESSAGE][PASSED] - Delayed 3 second(s)

2022-06-23 20:02:51 - [MESSAGE][PASSED] - Object: 'Object Repository/1. Constant/xpath' is clicked on

2022-06-23 20:02:54 - [MESSAGE][PASSED] - Delayed 3 second(s)

2022-06-23 20:02:54 - [TEST_STEP][PASSED] - I.Login_password("suser", password_suser): Object: 'Object Repository/1. Constant/xpath' is clicked on

2022-06-23 20:02:55 - [MESSAGE][PASSED] - Text 'suser' is set on object 'Object Repository/1. Constant/xpath'

2022-06-23 20:02:56 - [MESSAGE][PASSED] - Delayed 1 second(s)

2022-06-23 20:02:59 - [MESSAGE][PASSED] - Text 'dchi2' is set on object 'Object Repository/1. Constant/xpath'

2022-06-23 20:03:00 - [MESSAGE][PASSED] - Delayed 1 second(s)

2022-06-23 20:03:04 - [MESSAGE][PASSED] - Object: 'Object Repository/1. Constant/xpath' is clicked on

2022-06-23 20:03:04 - [TEST_STEP][PASSED] - takeScreenshot(): Taking screenshot successfully

2022-06-23 20:03:04 - [MESSAGE][PASSED] - Taking screenshot successfully
[[ATTACHMENT|D:\\Projet Test Auto\\Mediabox Test Automation\\Reports\\20220623_184212\\03. Parallel Testing (Testing)\\TS -PT PART 3\\03. StarPack Full Lifecycle_SAS_Task\\20220623_184213\\1656007384378.png]]

2022-06-23 20:03:04 - [TEST_STEP][PASSED] - click(findTestObject("1. Constant/02_LHSMenu_Projects")): Object: 'Object Repository/1. Constant/02_LHSMenu_Projects' is clicked on

2022-06-23 20:03:08 - [MESSAGE][PASSED] - Object: 'Object Repository/1. Constant/02_LHSMenu_Projects' is clicked on

2022-06-23 20:03:08 - [TEST_STEP][PASSED] - I.SearchProjectNo(Project_No, findTestObject("HL Full Lifecycle/9 Filter_Button_Apply")): Delayed 5 second(s)

2022-06-23 20:03:10 - [MESSAGE][PASSED] - Text 'MI001282' is set on object 'Object Repository/1. Constant/xpath'

2022-06-23 20:03:13 - [MESSAGE][PASSED] - Delayed 3 second(s)

2022-06-23 20:03:17 - [MESSAGE][PASSED] - Object: 'Object Repository/HL Full Lifecycle/9 Filter_Button_Apply' is clicked on

2022-06-23 20:03:22 - [MESSAGE][PASSED] - Delayed 5 second(s)

2022-06-23 20:03:22 - [TEST_STEP][PASSED] - color2 = getCSSValue(findTestObject("Object Repository/StarPack - Full Lifecycle (AWIS)/4.012 Supploer proceed to next phase (PS)", ["refID":"source_" + refID_TD]), "color", OPTIONAL): Get CSS 'color' value on 'Object Repository/StarPack - Full Lifecycle (AWIS)/4.012 Supploer proceed to next phase (PS)' successfully: 'rgba(255, 255, 255, 1)'.

2022-06-23 20:03:22 - [MESSAGE][PASSED] - Get CSS 'color' value on 'Object Repository/StarPack - Full Lifecycle (AWIS)/4.012 Supploer proceed to next phase (PS)' successfully: 'rgba(255, 255, 255, 1)'.

2022-06-23 20:03:22 - [TEST_STEP][PASSED] - I.print(color2): null

2022-06-23 20:03:22 - [TEST_STEP][PASSED] - while (color2 == "rgba(255, 255, 255, 1)"): null

2022-06-23 20:03:22 - [TEST_STEP][PASSED] - click(findTestObject("Object Repository/StarPack - Full Lifecycle (AWIS)/4.012 Supploer proceed to next phase (PS)", ["refID":"source_" + refID_TD])): Object: 'Object Repository/StarPack - Full Lifecycle (AWIS)/4.012 Supploer proceed to next phase (PS)' is clicked on

2022-06-23 20:03:25 - [MESSAGE][PASSED] - Object: 'Object Repository/StarPack - Full Lifecycle (AWIS)/4.012 Supploer proceed to next phase (PS)' is clicked on

2022-06-23 20:03:25 - [TEST_STEP][PASSED] - takeScreenshot(): Taking screenshot successfully

2022-06-23 20:03:26 - [MESSAGE][PASSED] - Taking screenshot successfully
[[ATTACHMENT|D:\\Projet Test Auto\\Mediabox Test Automation\\Reports\\20220623_184212\\03. Parallel Testing (Testing)\\TS -PT PART 3\\03. StarPack Full Lifecycle_SAS_Task\\20220623_184213\\1656007406214.png]]

2022-06-23 20:03:26 - [TEST_STEP][PASSED] - I.UploadDoc_sendkey_Prod(findTestObject("1. Constant/xpath", ["xpath":"//*[@id="kt_body"]/input[2]"]), "D:\Upoad_File\Upload doc\testdataaddition1.jpg", "testdataaddition1.jpg"): Delayed 5 second(s)

2022-06-23 20:03:27 - [MESSAGE][PASSED] - Scroll to object 'Object Repository/1. Constant/xpath' successfully

2022-06-23 20:03:32 - [MESSAGE][PASSED] - Delayed 5 second(s)

2022-06-23 20:03:33 - [MESSAGE][PASSED] - File 'D:\Upoad_File\Upload doc\testdataaddition1.jpg' sent to object: 'Object Repository/1. Constant/xpath'

2022-06-23 20:03:38 - [MESSAGE][PASSED] - Delayed 5 second(s)

2022-06-23 20:03:39 - [MESSAGE][PASSED] - Text 'testdataaddition1.jpg' is present on page 

2022-06-23 20:03:44 - [MESSAGE][PASSED] - Delayed 5 second(s)

2022-06-23 20:03:49 - [MESSAGE][PASSED] - Delayed 5 second(s)

2022-06-23 20:03:49 - [TEST_STEP][PASSED] - takeScreenshot(): Taking screenshot successfully

2022-06-23 20:03:49 - [MESSAGE][PASSED] - Taking screenshot successfully
[[ATTACHMENT|D:\\Projet Test Auto\\Mediabox Test Automation\\Reports\\20220623_184212\\03. Parallel Testing (Testing)\\TS -PT PART 3\\03. StarPack Full Lifecycle_SAS_Task\\20220623_184213\\1656007429345.png]]

2022-06-23 20:03:49 - [TEST_STEP][PASSED] - delay(10): Delayed 10 second(s)

2022-06-23 20:03:59 - [MESSAGE][PASSED] - Delayed 10 second(s)

2022-06-23 20:03:59 - [TEST_STEP][PASSED] - selectOptionByValue(findTestObject("1. Constant/xpath", ["xpath":"//*[@id="var_27"]"]), "645", false): All options with value '645' are selected in object 'Object Repository/1. Constant/xpath' 

2022-06-23 20:04:01 - [MESSAGE][PASSED] - All options with value '645' are selected in object 'Object Repository/1. Constant/xpath' 

2022-06-23 20:04:01 - [TEST_STEP][PASSED] - I.click_button_javascript(findTestObject("Object Repository/HL Full Lifecycle/12 ReferncePage_Button_Updatensenddoc")): Execute JavaScript 'arguments[0].click()' successfully

2022-06-23 20:04:08 - [MESSAGE][PASSED] - Execute JavaScript 'arguments[0].click()' successfully

2022-06-23 20:04:08 - [TEST_STEP][PASSED] - delay(5): Delayed 5 second(s)

2022-06-23 20:04:13 - [MESSAGE][PASSED] - Delayed 5 second(s)

2022-06-23 20:04:13 - [TEST_STEP][PASSED] - if (verifyElementPresent(findTestObject("Object Repository/StarPack - Full Lifecycle (AWIS)/4.012 Supploer proceed to next phase (PS)", ["refID":"source_" + refID_TD]), 10, OPTIONAL)): com.kms.katalon.core.webui.exception.WebElementNotFoundException: Web element with id: 'Object Repository/StarPack - Full Lifecycle (AWIS)/4.012 Supploer proceed to next phase (PS)' located by '//*[@id='source_6397']/td[9]/a[2]' not found (Root cause: com.kms.katalon.core.exception.StepFailedException: com.kms.katalon.core.webui.exception.WebElementNotFoundException: Web element with id: 'Object Repository/StarPack - Full Lifecycle (AWIS)/4.012 Supploer proceed to next phase (PS)' located by '//*[@id='source_6397']/td[9]/a[2]' not found
	at com.kms.katalon.core.webui.keyword.internal.WebUIKeywordMain.stepFailed(WebUIKeywordMain.groovy:64)
	at com.kms.katalon.core.webui.keyword.builtin.VerifyElementPresentKeyword$_verifyElementPresent_closure1.doCall(VerifyElementPresentKeyword.groovy:85)
	at com.kms.katalon.core.webui.keyword.builtin.VerifyElementPresentKeyword$_verifyElementPresent_closure1.call(VerifyElementPresentKeyword.groovy)
	at com.kms.katalon.core.webui.keyword.internal.WebUIKeywordMain.runKeyword(WebUIKeywordMain.groovy:20)
	at com.kms.katalon.core.webui.keyword.builtin.VerifyElementPresentKeyword.verifyElementPresent(VerifyElementPresentKeyword.groovy:92)
	at com.kms.katalon.core.webui.keyword.builtin.VerifyElementPresentKeyword.execute(VerifyElementPresentKeyword.groovy:68)
	at com.kms.katalon.core.keyword.internal.KeywordExecutor.executeKeywordForPlatform(KeywordExecutor.groovy:74)
	at com.kms.katalon.core.webui.keyword.WebUiBuiltInKeywords.verifyElementPresent(WebUiBuiltInKeywords.groovy:1448)
	at com.kms.katalon.core.webui.keyword.WebUiBuiltInKeywords$verifyElementPresent$18.call(Unknown Source)
	at 18.05 StarPack change of rights (Prod)_Ticket4757.run(18.05 StarPack change of rights (Prod)_Ticket4757:542)
	at com.kms.katalon.core.main.ScriptEngine.run(ScriptEngine.java:194)
	at com.kms.katalon.core.main.ScriptEngine.runScriptAsRawText(ScriptEngine.java:119)
	at com.kms.katalon.core.main.TestCaseExecutor.runScript(TestCaseExecutor.java:445)
	at com.kms.katalon.core.main.TestCaseExecutor.doExecute(TestCaseExecutor.java:436)
	at com.kms.katalon.core.main.TestCaseExecutor.processExecutionPhase(TestCaseExecutor.java:415)
	at com.kms.katalon.core.main.TestCaseExecutor.accessMainPhase(TestCaseExecutor.java:407)
	at com.kms.katalon.core.main.TestCaseExecutor.execute(TestCaseExecutor.java:284)
	at com.kms.katalon.core.common.CommonExecutor.accessTestCaseMainPhase(CommonExecutor.java:65)
	at com.kms.katalon.core.main.TestSuiteExecutor.accessTestSuiteMainPhase(TestSuiteExecutor.java:144)
	at com.kms.katalon.core.main.TestSuiteExecutor.execute(TestSuiteExecutor.java:106)
	at com.kms.katalon.core.main.TestCaseMain.startTestSuite(TestCaseMain.java:185)
	at com.kms.katalon.core.main.TestCaseMain$startTestSuite$0.call(Unknown Source)
	at TempTestSuite1656002533984.run(TempTestSuite1656002533984.groovy:36)
)

2022-06-23 20:04:24 - [MESSAGE][INFO] - Unable to find the element located by 'By.xpath: //*[@id='source_6397']/td[9]/a[2]'. Please recheck the objects properties to make sure the desired element is located. 

2022-06-23 20:04:25 - [MESSAGE][WARNING] - com.kms.katalon.core.webui.exception.WebElementNotFoundException: Web element with id: 'Object Repository/StarPack - Full Lifecycle (AWIS)/4.012 Supploer proceed to next phase (PS)' located by '//*[@id='source_6397']/td[9]/a[2]' not found (Root cause: com.kms.katalon.core.exception.StepFailedException: com.kms.katalon.core.webui.exception.WebElementNotFoundException: Web element with id: 'Object Repository/StarPack - Full Lifecycle (AWIS)/4.012 Supploer proceed to next phase (PS)' located by '//*[@id='source_6397']/td[9]/a[2]' not found
	at com.kms.katalon.core.webui.keyword.internal.WebUIKeywordMain.stepFailed(WebUIKeywordMain.groovy:64)
	at com.kms.katalon.core.webui.keyword.builtin.VerifyElementPresentKeyword$_verifyElementPresent_closure1.doCall(VerifyElementPresentKeyword.groovy:85)
	at com.kms.katalon.core.webui.keyword.builtin.VerifyElementPresentKeyword$_verifyElementPresent_closure1.call(VerifyElementPresentKeyword.groovy)
	at com.kms.katalon.core.webui.keyword.internal.WebUIKeywordMain.runKeyword(WebUIKeywordMain.groovy:20)
	at com.kms.katalon.core.webui.keyword.builtin.VerifyElementPresentKeyword.verifyElementPresent(VerifyElementPresentKeyword.groovy:92)
	at com.kms.katalon.core.webui.keyword.builtin.VerifyElementPresentKeyword.execute(VerifyElementPresentKeyword.groovy:68)
	at com.kms.katalon.core.keyword.internal.KeywordExecutor.executeKeywordForPlatform(KeywordExecutor.groovy:74)
	at com.kms.katalon.core.webui.keyword.WebUiBuiltInKeywords.verifyElementPresent(WebUiBuiltInKeywords.groovy:1448)
	at com.kms.katalon.core.webui.keyword.WebUiBuiltInKeywords$verifyElementPresent$18.call(Unknown Source)
	at 18.05 StarPack change of rights (Prod)_Ticket4757.run(18.05 StarPack change of rights (Prod)_Ticket4757:542)
	at com.kms.katalon.core.main.ScriptEngine.run(ScriptEngine.java:194)
	at com.kms.katalon.core.main.ScriptEngine.runScriptAsRawText(ScriptEngine.java:119)
	at com.kms.katalon.core.main.TestCaseExecutor.runScript(TestCaseExecutor.java:445)
	at com.kms.katalon.core.main.TestCaseExecutor.doExecute(TestCaseExecutor.java:436)
	at com.kms.katalon.core.main.TestCaseExecutor.processExecutionPhase(TestCaseExecutor.java:415)
	at com.kms.katalon.core.main.TestCaseExecutor.accessMainPhase(TestCaseExecutor.java:407)
	at com.kms.katalon.core.main.TestCaseExecutor.execute(TestCaseExecutor.java:284)
	at com.kms.katalon.core.common.CommonExecutor.accessTestCaseMainPhase(CommonExecutor.java:65)
	at com.kms.katalon.core.main.TestSuiteExecutor.accessTestSuiteMainPhase(TestSuiteExecutor.java:144)
	at com.kms.katalon.core.main.TestSuiteExecutor.execute(TestSuiteExecutor.java:106)
	at com.kms.katalon.core.main.TestCaseMain.startTestSuite(TestCaseMain.java:185)
	at com.kms.katalon.core.main.TestCaseMain$startTestSuite$0.call(Unknown Source)
	at TempTestSuite1656002533984.run(TempTestSuite1656002533984.groovy:36)
)
[[ATTACHMENT|D:\\Projet Test Auto\\Mediabox Test Automation\\Reports\\20220623_184212\\03. Parallel Testing (Testing)\\TS -PT PART 3\\03. StarPack Full Lifecycle_SAS_Task\\20220623_184213\\1656007464884.png]]

2022-06-23 20:04:25 - [TEST_STEP][PASSED] - else: null

2022-06-23 20:04:25 - [TEST_STEP][PASSED] - color2 = "white": null

2022-06-23 20:04:25 - [TEST_STEP][PASSED] - I.Logout(): Delayed 3 second(s)

2022-06-23 20:04:28 - [MESSAGE][PASSED] - Delayed 3 second(s)

2022-06-23 20:04:28 - [MESSAGE][PASSED] - Object: 'Object Repository/1. Constant/xpath' is clicked on

2022-06-23 20:04:31 - [MESSAGE][PASSED] - Delayed 3 second(s)

2022-06-23 20:04:33 - [MESSAGE][PASSED] - Object: 'Object Repository/1. Constant/xpath' is clicked on

2022-06-23 20:04:37 - [MESSAGE][PASSED] - Delayed 3 second(s)

2022-06-23 20:04:37 - [TEST_STEP][PASSED] - I.Login_password("agarciasanchez", password_agarciasanchez): Object: 'Object Repository/1. Constant/xpath' is clicked on

2022-06-23 20:04:39 - [MESSAGE][PASSED] - Text 'agarciasanchez' is set on object 'Object Repository/1. Constant/xpath'

2022-06-23 20:04:40 - [MESSAGE][PASSED] - Delayed 1 second(s)

2022-06-23 20:04:42 - [MESSAGE][PASSED] - Text 'dchi' is set on object 'Object Repository/1. Constant/xpath'

2022-06-23 20:04:43 - [MESSAGE][PASSED] - Delayed 1 second(s)

2022-06-23 20:04:47 - [MESSAGE][PASSED] - Object: 'Object Repository/1. Constant/xpath' is clicked on

2022-06-23 20:04:47 - [TEST_STEP][PASSED] - takeScreenshot(): Taking screenshot successfully

2022-06-23 20:04:47 - [MESSAGE][PASSED] - Taking screenshot successfully
[[ATTACHMENT|D:\\Projet Test Auto\\Mediabox Test Automation\\Reports\\20220623_184212\\03. Parallel Testing (Testing)\\TS -PT PART 3\\03. StarPack Full Lifecycle_SAS_Task\\20220623_184213\\1656007487611.png]]

2022-06-23 20:04:47 - [TEST_STEP][PASSED] - task_no4 = I.Get_Task_No("//*[@id="kt_header"]/div/div[2]/div[1]/div[1]/span"): Text of object 'Object Repository/1. Constant/xpath' is: '35'

2022-06-23 20:04:48 - [MESSAGE][PASSED] - Text of object 'Object Repository/1. Constant/xpath' is: '35'

2022-06-23 20:04:48 - [TEST_STEP][PASSED] - verifyEqual(task_no3, task_no4 - 1): Actual object '34' and expected object '34' are equal

2022-06-23 20:04:48 - [MESSAGE][PASSED] - Actual object '34' and expected object '34' are equal

2022-06-23 20:04:48 - [TEST_STEP][PASSED] - click(findTestObject("1. Constant/xpath", ["xpath":"//*[@id="kt_header"]/div/div[2]/div[1]/div[1]/div"])): Object: 'Object Repository/1. Constant/xpath' is clicked on

2022-06-23 20:04:48 - [MESSAGE][PASSED] - Object: 'Object Repository/1. Constant/xpath' is clicked on

2022-06-23 20:04:48 - [TEST_STEP][PASSED] - delay(1): Delayed 1 second(s)

2022-06-23 20:04:49 - [MESSAGE][PASSED] - Delayed 1 second(s)

2022-06-23 20:04:49 - [TEST_STEP][PASSED] - click(findTestObject("1. Constant/xpath", ["xpath":"//*[@id="kt_header"]/div/div[2]/div[1]/div[2]/form/div[3]/a"])): Object: 'Object Repository/1. Constant/xpath' is clicked on

2022-06-23 20:04:54 - [MESSAGE][PASSED] - Object: 'Object Repository/1. Constant/xpath' is clicked on

2022-06-23 20:04:54 - [TEST_STEP][PASSED] - delay(1): Delayed 1 second(s)

2022-06-23 20:04:55 - [MESSAGE][PASSED] - Delayed 1 second(s)

2022-06-23 20:04:55 - [TEST_STEP][PASSED] - selectOptionByValue(findTestObject("1. Constant/xpath", ["xpath":"//*[@id="kt_content"]/div[3]/div/div/div[1]/div[1]/div/form/select"]), "250", false): All options with value '250' are selected in object 'Object Repository/1. Constant/xpath' 

2022-06-23 20:04:57 - [MESSAGE][PASSED] - All options with value '250' are selected in object 'Object Repository/1. Constant/xpath' 

2022-06-23 20:04:57 - [TEST_STEP][PASSED] - delay(1): Delayed 1 second(s)

2022-06-23 20:04:58 - [MESSAGE][PASSED] - Delayed 1 second(s)

2022-06-23 20:04:58 - [TEST_STEP][PASSED] - m = 1: null

2022-06-23 20:04:58 - [TEST_STEP][PASSED] - while (m <= task_no4): null

2022-06-23 20:04:58 - [TEST_STEP][PASSED] - result = getText(findTestObject("1. Constant/xpath", ["xpath":"/html/body/div[1]/div[2]/div[8]/div[3]/div/div/div[2]/div/table/tbody/tr[" + m + "]/td[1]/a"]), OPTIONAL): Text of object 'Object Repository/1. Constant/xpath' is: 'Mark final printed sample reception date: 112529_ACEIT OLIV VIRG EXTR DIA 1L_0077754_ACEITES DEL SUR COOSUR,S.A - 2021_LA ALMAZARA DEL OLIVAR_OLIVE OIL (labels) - MI000096'

2022-06-23 20:04:59 - [MESSAGE][PASSED] - Text of object 'Object Repository/1. Constant/xpath' is: 'Mark final printed sample reception date: 112529_ACEIT OLIV VIRG EXTR DIA 1L_0077754_ACEITES DEL SUR COOSUR,S.A - 2021_LA ALMAZARA DEL OLIVAR_OLIVE OIL (labels) - MI000096'

2022-06-23 20:04:59 - [TEST_STEP][PASSED] - if (result.contains(Project_No)): null

2022-06-23 20:04:59 - [TEST_STEP][PASSED] - else: null

2022-06-23 20:04:59 - [TEST_STEP][PASSED] - m = m + 1: null

2022-06-23 20:04:59 - [TEST_STEP][PASSED] - if (m > taskno_11): null

2022-06-23 20:04:59 - [TEST_STEP][PASSED] - result = getText(findTestObject("1. Constant/xpath", ["xpath":"/html/body/div[1]/div[2]/div[8]/div[3]/div/div/div[2]/div/table/tbody/tr[" + m + "]/td[1]/a"]), OPTIONAL): Text of object 'Object Repository/1. Constant/xpath' is: 'Mark final printed sample reception date: 000104_ACEITE OLIVA 0,4º DIA 1 L_0077586_SOVENA ESPAÑA, SAU - 2021_LA ALMAZARA DEL OLIVAR_OLIVE OIL (labels) - MI000096'

2022-06-23 20:05:00 - [MESSAGE][PASSED] - Text of object 'Object Repository/1. Constant/xpath' is: 'Mark final printed sample reception date: 000104_ACEITE OLIVA 0,4º DIA 1 L_0077586_SOVENA ESPAÑA, SAU - 2021_LA ALMAZARA DEL OLIVAR_OLIVE OIL (labels) - MI000096'

2022-06-23 20:05:00 - [TEST_STEP][PASSED] - if (result.contains(Project_No)): null

2022-06-23 20:05:00 - [TEST_STEP][PASSED] - else: null

2022-06-23 20:05:00 - [TEST_STEP][PASSED] - m = m + 1: null

2022-06-23 20:05:00 - [TEST_STEP][PASSED] - if (m > taskno_11): null

2022-06-23 20:05:00 - [TEST_STEP][PASSED] - result = getText(findTestObject("1. Constant/xpath", ["xpath":"/html/body/div[1]/div[2]/div[8]/div[3]/div/div/div[2]/div/table/tbody/tr[" + m + "]/td[1]/a"]), OPTIONAL): Text of object 'Object Repository/1. Constant/xpath' is: 'Mark final printed sample reception date: 000105_ACEITE OLIVA DIA 1º DIA 1 L_0077586_SOVENA ESPAÑA, SAU - 2021_LA ALMAZARA DEL OLIVAR_OLIVE OIL (labels) - MI000096'

2022-06-23 20:05:01 - [MESSAGE][PASSED] - Text of object 'Object Repository/1. Constant/xpath' is: 'Mark final printed sample reception date: 000105_ACEITE OLIVA DIA 1º DIA 1 L_0077586_SOVENA ESPAÑA, SAU - 2021_LA ALMAZARA DEL OLIVAR_OLIVE OIL (labels) - MI000096'

2022-06-23 20:05:01 - [TEST_STEP][PASSED] - if (result.contains(Project_No)): null

2022-06-23 20:05:01 - [TEST_STEP][PASSED] - else: null

2022-06-23 20:05:01 - [TEST_STEP][PASSED] - m = m + 1: null

2022-06-23 20:05:01 - [TEST_STEP][PASSED] - if (m > taskno_11): null

2022-06-23 20:05:01 - [TEST_STEP][PASSED] - result = getText(findTestObject("1. Constant/xpath", ["xpath":"/html/body/div[1]/div[2]/div[8]/div[3]/div/div/div[2]/div/table/tbody/tr[" + m + "]/td[1]/a"]), OPTIONAL): Text of object 'Object Repository/1. Constant/xpath' is: 'Mark final printed sample reception date: 107364_ACEITE OLIVA 1º DIA 5LT_0077586_SOVENA ESPAÑA, SAU - 2021_LA ALMAZARA DEL OLIVAR_OLIVE OIL (labels) - MI000096'

2022-06-23 20:05:01 - [MESSAGE][PASSED] - Text of object 'Object Repository/1. Constant/xpath' is: 'Mark final printed sample reception date: 107364_ACEITE OLIVA 1º DIA 5LT_0077586_SOVENA ESPAÑA, SAU - 2021_LA ALMAZARA DEL OLIVAR_OLIVE OIL (labels) - MI000096'

2022-06-23 20:05:01 - [TEST_STEP][PASSED] - if (result.contains(Project_No)): null

2022-06-23 20:05:01 - [TEST_STEP][PASSED] - else: null

2022-06-23 20:05:01 - [TEST_STEP][PASSED] - m = m + 1: null

2022-06-23 20:05:01 - [TEST_STEP][PASSED] - if (m > taskno_11): null

2022-06-23 20:05:01 - [TEST_STEP][PASSED] - result = getText(findTestObject("1. Constant/xpath", ["xpath":"/html/body/div[1]/div[2]/div[8]/div[3]/div/div/div[2]/div/table/tbody/tr[" + m + "]/td[1]/a"]), OPTIONAL): Text of object 'Object Repository/1. Constant/xpath' is: 'Mark final printed sample reception date: 026995_AGUA MINERAL NATURAL OVIDA 1,5LT_0077097_EUROINVERSIONES AGUAS DE SOUSAS SLU - WATER_2021 - MI000264'

2022-06-23 20:05:01 - [MESSAGE][PASSED] - Text of object 'Object Repository/1. Constant/xpath' is: 'Mark final printed sample reception date: 026995_AGUA MINERAL NATURAL OVIDA 1,5LT_0077097_EUROINVERSIONES AGUAS DE SOUSAS SLU - WATER_2021 - MI000264'

2022-06-23 20:05:01 - [TEST_STEP][PASSED] - if (result.contains(Project_No)): null

2022-06-23 20:05:01 - [TEST_STEP][PASSED] - else: null

2022-06-23 20:05:01 - [TEST_STEP][PASSED] - m = m + 1: null

2022-06-23 20:05:01 - [TEST_STEP][PASSED] - if (m > taskno_11): null

2022-06-23 20:05:01 - [TEST_STEP][PASSED] - result = getText(findTestObject("1. Constant/xpath", ["xpath":"/html/body/div[1]/div[2]/div[8]/div[3]/div/div/div[2]/div/table/tbody/tr[" + m + "]/td[1]/a"]), OPTIONAL): Text of object 'Object Repository/1. Constant/xpath' is: 'Mark final printed sample reception date: 026996_AGUA MINERAL NATURAL OVIDA 5 L_0077097_EUROINVERSIONES AGUAS DE SOUSAS SLU - WATER_2021 - MI000264'

2022-06-23 20:05:02 - [MESSAGE][PASSED] - Text of object 'Object Repository/1. Constant/xpath' is: 'Mark final printed sample reception date: 026996_AGUA MINERAL NATURAL OVIDA 5 L_0077097_EUROINVERSIONES AGUAS DE SOUSAS SLU - WATER_2021 - MI000264'

2022-06-23 20:05:02 - [TEST_STEP][PASSED] - if (result.contains(Project_No)): null

2022-06-23 20:05:02 - [TEST_STEP][PASSED] - else: null

2022-06-23 20:05:02 - [TEST_STEP][PASSED] - m = m + 1: null

2022-06-23 20:05:02 - [TEST_STEP][PASSED] - if (m > taskno_11): null

2022-06-23 20:05:02 - [TEST_STEP][PASSED] - result = getText(findTestObject("1. Constant/xpath", ["xpath":"/html/body/div[1]/div[2]/div[8]/div[3]/div/div/div[2]/div/table/tbody/tr[" + m + "]/td[1]/a"]), OPTIONAL): Text of object 'Object Repository/1. Constant/xpath' is: 'Mark final printed sample reception date: 037776_AGUA MINER NATUR S/G OVIDA 50CL_0077097_EUROINVERSIONES AGUAS DE SOUSAS SLU - WATER_2021 - MI000264'

2022-06-23 20:05:02 - [MESSAGE][PASSED] - Text of object 'Object Repository/1. Constant/xpath' is: 'Mark final printed sample reception date: 037776_AGUA MINER NATUR S/G OVIDA 50CL_0077097_EUROINVERSIONES AGUAS DE SOUSAS SLU - WATER_2021 - MI000264'

2022-06-23 20:05:02 - [TEST_STEP][PASSED] - if (result.contains(Project_No)): null

2022-06-23 20:05:02 - [TEST_STEP][PASSED] - else: null

2022-06-23 20:05:02 - [TEST_STEP][PASSED] - m = m + 1: null

2022-06-23 20:05:02 - [TEST_STEP][PASSED] - if (m > taskno_11): null

2022-06-23 20:05:02 - [TEST_STEP][PASSED] - result = getText(findTestObject("1. Constant/xpath", ["xpath":"/html/body/div[1]/div[2]/div[8]/div[3]/div/div/div[2]/div/table/tbody/tr[" + m + "]/td[1]/a"]), OPTIONAL): Text of object 'Object Repository/1. Constant/xpath' is: 'Mark final printed sample reception date: 026995_AGUA MINERAL NATURAL OVIDA 1,5LT_0075436_MANANTIALES DEL PIEDRA S.A. - WATER_2021 - MI000264'

2022-06-23 20:05:02 - [MESSAGE][PASSED] - Text of object 'Object Repository/1. Constant/xpath' is: 'Mark final printed sample reception date: 026995_AGUA MINERAL NATURAL OVIDA 1,5LT_0075436_MANANTIALES DEL PIEDRA S.A. - WATER_2021 - MI000264'

2022-06-23 20:05:02 - [TEST_STEP][PASSED] - if (result.contains(Project_No)): null

2022-06-23 20:05:02 - [TEST_STEP][PASSED] - else: null

2022-06-23 20:05:02 - [TEST_STEP][PASSED] - m = m + 1: null

2022-06-23 20:05:02 - [TEST_STEP][PASSED] - if (m > taskno_11): null

2022-06-23 20:05:02 - [TEST_STEP][PASSED] - result = getText(findTestObject("1. Constant/xpath", ["xpath":"/html/body/div[1]/div[2]/div[8]/div[3]/div/div/div[2]/div/table/tbody/tr[" + m + "]/td[1]/a"]), OPTIONAL): Text of object 'Object Repository/1. Constant/xpath' is: 'Mark final printed sample reception date: 026996_AGUA MINERAL NATURAL OVIDA 5 L_0075436_MANANTIALES DEL PIEDRA S.A. - WATER_2021 - MI000264'

2022-06-23 20:05:03 - [MESSAGE][PASSED] - Text of object 'Object Repository/1. Constant/xpath' is: 'Mark final printed sample reception date: 026996_AGUA MINERAL NATURAL OVIDA 5 L_0075436_MANANTIALES DEL PIEDRA S.A. - WATER_2021 - MI000264'

2022-06-23 20:05:03 - [TEST_STEP][PASSED] - if (result.contains(Project_No)): null

2022-06-23 20:05:03 - [TEST_STEP][PASSED] - else: null

2022-06-23 20:05:03 - [TEST_STEP][PASSED] - m = m + 1: null

2022-06-23 20:05:03 - [TEST_STEP][PASSED] - if (m > taskno_11): null

2022-06-23 20:05:03 - [TEST_STEP][PASSED] - result = getText(findTestObject("1. Constant/xpath", ["xpath":"/html/body/div[1]/div[2]/div[8]/div[3]/div/div/div[2]/div/table/tbody/tr[" + m + "]/td[1]/a"]), OPTIONAL): Text of object 'Object Repository/1. Constant/xpath' is: 'Mark final printed sample reception date: 038657_AGUA MINERAL NATURAL OVIDA 8 L_0075436_MANANTIALES DEL PIEDRA S.A. - WATER_2021 - MI000264'

2022-06-23 20:05:03 - [MESSAGE][PASSED] - Text of object 'Object Repository/1. Constant/xpath' is: 'Mark final printed sample reception date: 038657_AGUA MINERAL NATURAL OVIDA 8 L_0075436_MANANTIALES DEL PIEDRA S.A. - WATER_2021 - MI000264'

2022-06-23 20:05:03 - [TEST_STEP][PASSED] - if (result.contains(Project_No)): null

2022-06-23 20:05:03 - [TEST_STEP][PASSED] - else: null

2022-06-23 20:05:03 - [TEST_STEP][PASSED] - m = m + 1: null

2022-06-23 20:05:03 - [TEST_STEP][PASSED] - if (m > taskno_11): null

2022-06-23 20:05:03 - [TEST_STEP][PASSED] - result = getText(findTestObject("1. Constant/xpath", ["xpath":"/html/body/div[1]/div[2]/div[8]/div[3]/div/div/div[2]/div/table/tbody/tr[" + m + "]/td[1]/a"]), OPTIONAL): Text of object 'Object Repository/1. Constant/xpath' is: 'Require info for PAF: 055428_VINO TIN.C/DENOMINAC COVAD 75CL_0084871_CAVES DA MONTANHA - 2021_VINOS_DOURO_OLD DESIGN - MI000379'

2022-06-23 20:05:03 - [MESSAGE][PASSED] - Text of object 'Object Repository/1. Constant/xpath' is: 'Require info for PAF: 055428_VINO TIN.C/DENOMINAC COVAD 75CL_0084871_CAVES DA MONTANHA - 2021_VINOS_DOURO_OLD DESIGN - MI000379'

2022-06-23 20:05:03 - [TEST_STEP][PASSED] - if (result.contains(Project_No)): null

2022-06-23 20:05:03 - [TEST_STEP][PASSED] - else: null

2022-06-23 20:05:03 - [TEST_STEP][PASSED] - m = m + 1: null

2022-06-23 20:05:03 - [TEST_STEP][PASSED] - if (m > taskno_11): null

2022-06-23 20:05:03 - [TEST_STEP][PASSED] - result = getText(findTestObject("1. Constant/xpath", ["xpath":"/html/body/div[1]/div[2]/div[8]/div[3]/div/div/div[2]/div/table/tbody/tr[" + m + "]/td[1]/a"]), OPTIONAL): Text of object 'Object Repository/1. Constant/xpath' is: 'Require info for PAF: 055429_VINO TINTO RESERVA COVAD 75CL_0084871_CAVES DA MONTANHA - 2021_VINOS_DOURO_OLD DESIGN - MI000379'

2022-06-23 20:05:04 - [MESSAGE][PASSED] - Text of object 'Object Repository/1. Constant/xpath' is: 'Require info for PAF: 055429_VINO TINTO RESERVA COVAD 75CL_0084871_CAVES DA MONTANHA - 2021_VINOS_DOURO_OLD DESIGN - MI000379'

2022-06-23 20:05:04 - [TEST_STEP][PASSED] - if (result.contains(Project_No)): null

2022-06-23 20:05:04 - [TEST_STEP][PASSED] - else: null

2022-06-23 20:05:04 - [TEST_STEP][PASSED] - m = m + 1: null

2022-06-23 20:05:04 - [TEST_STEP][PASSED] - if (m > taskno_11): null

2022-06-23 20:05:04 - [TEST_STEP][PASSED] - result = getText(findTestObject("1. Constant/xpath", ["xpath":"/html/body/div[1]/div[2]/div[8]/div[3]/div/div/div[2]/div/table/tbody/tr[" + m + "]/td[1]/a"]), OPTIONAL): Text of object 'Object Repository/1. Constant/xpath' is: 'Require info for PAF: 099469_VINO BLANCO DOURO COVAD 75CL_0084871_CAVES DA MONTANHA - 2021_VINOS_DOURO_OLD DESIGN - MI000379'

2022-06-23 20:05:04 - [MESSAGE][PASSED] - Text of object 'Object Repository/1. Constant/xpath' is: 'Require info for PAF: 099469_VINO BLANCO DOURO COVAD 75CL_0084871_CAVES DA MONTANHA - 2021_VINOS_DOURO_OLD DESIGN - MI000379'

2022-06-23 20:05:04 - [TEST_STEP][PASSED] - if (result.contains(Project_No)): null

2022-06-23 20:05:04 - [TEST_STEP][PASSED] - else: null

2022-06-23 20:05:04 - [TEST_STEP][PASSED] - m = m + 1: null

2022-06-23 20:05:04 - [TEST_STEP][PASSED] - if (m > taskno_11): null

2022-06-23 20:05:04 - [TEST_STEP][PASSED] - result = getText(findTestObject("1. Constant/xpath", ["xpath":"/html/body/div[1]/div[2]/div[8]/div[3]/div/div/div[2]/div/table/tbody/tr[" + m + "]/td[1]/a"]), OPTIONAL): Text of object 'Object Repository/1. Constant/xpath' is: 'Require info for PAF: 272359_VINO BL ALBARI LIAS GALIC 70CL_0085110_BODEGAS LA VAL, S.L. - VINOS GALLEGOS (MENCÍA, GODELLO, RIBEIRO & ALBARIÑOS)'

2022-06-23 20:05:05 - [MESSAGE][PASSED] - Text of object 'Object Repository/1. Constant/xpath' is: 'Require info for PAF: 272359_VINO BL ALBARI LIAS GALIC 70CL_0085110_BODEGAS LA VAL, S.L. - VINOS GALLEGOS (MENCÍA, GODELLO, RIBEIRO & ALBARIÑOS)'

2022-06-23 20:05:05 - [TEST_STEP][PASSED] - if (result.contains(Project_No)): null

2022-06-23 20:05:05 - [TEST_STEP][PASSED] - else: null

2022-06-23 20:05:05 - [TEST_STEP][PASSED] - m = m + 1: null

2022-06-23 20:05:05 - [TEST_STEP][PASSED] - if (m > taskno_11): null

2022-06-23 20:05:05 - [TEST_STEP][PASSED] - result = getText(findTestObject("1. Constant/xpath", ["xpath":"/html/body/div[1]/div[2]/div[8]/div[3]/div/div/div[2]/div/table/tbody/tr[" + m + "]/td[1]/a"]), OPTIONAL): Text of object 'Object Repository/1. Constant/xpath' is: 'Upload packaging briefing: DETERGENTES - DETERGENTES II'

2022-06-23 20:05:05 - [MESSAGE][PASSED] - Text of object 'Object Repository/1. Constant/xpath' is: 'Upload packaging briefing: DETERGENTES - DETERGENTES II'

2022-06-23 20:05:05 - [TEST_STEP][PASSED] - if (result.contains(Project_No)): null

2022-06-23 20:05:05 - [TEST_STEP][PASSED] - else: null

2022-06-23 20:05:05 - [TEST_STEP][PASSED] - m = m + 1: null

2022-06-23 20:05:05 - [TEST_STEP][PASSED] - if (m > taskno_11): null

2022-06-23 20:05:05 - [TEST_STEP][PASSED] - result = getText(findTestObject("1. Constant/xpath", ["xpath":"/html/body/div[1]/div[2]/div[8]/div[3]/div/div/div[2]/div/table/tbody/tr[" + m + "]/td[1]/a"]), OPTIONAL): Text of object 'Object Repository/1. Constant/xpath' is: 'Mark final printed sample reception date: 269522_VIN TTO CZA R DUERO PREMI 75CL_0085057_BOD.SEÑORIO DE NAVA,S.A. - Vinos DO Ribera del Duero premium - MI000083'

2022-06-23 20:05:05 - [MESSAGE][PASSED] - Text of object 'Object Repository/1. Constant/xpath' is: 'Mark final printed sample reception date: 269522_VIN TTO CZA R DUERO PREMI 75CL_0085057_BOD.SEÑORIO DE NAVA,S.A. - Vinos DO Ribera del Duero premium - MI000083'

2022-06-23 20:05:05 - [TEST_STEP][PASSED] - if (result.contains(Project_No)): null

2022-06-23 20:05:05 - [TEST_STEP][PASSED] - else: null

2022-06-23 20:05:05 - [TEST_STEP][PASSED] - m = m + 1: null

2022-06-23 20:05:05 - [TEST_STEP][PASSED] - if (m > taskno_11): null

2022-06-23 20:05:05 - [TEST_STEP][PASSED] - result = getText(findTestObject("1. Constant/xpath", ["xpath":"/html/body/div[1]/div[2]/div[8]/div[3]/div/div/div[2]/div/table/tbody/tr[" + m + "]/td[1]/a"]), OPTIONAL): Text of object 'Object Repository/1. Constant/xpath' is: 'Mark final printed sample reception date: 049895_ACEIT OLIVA SUAVE DIA 5LITR_0077586_SOVENA ESPAÑA, SAU - 2021_LA ALMAZARA DEL OLIVAR_OLIVE OIL (labels) - MI000096'

2022-06-23 20:05:05 - [MESSAGE][PASSED] - Text of object 'Object Repository/1. Constant/xpath' is: 'Mark final printed sample reception date: 049895_ACEIT OLIVA SUAVE DIA 5LITR_0077586_SOVENA ESPAÑA, SAU - 2021_LA ALMAZARA DEL OLIVAR_OLIVE OIL (labels) - MI000096'

2022-06-23 20:05:05 - [TEST_STEP][PASSED] - if (result.contains(Project_No)): null

2022-06-23 20:05:05 - [TEST_STEP][PASSED] - else: null

2022-06-23 20:05:05 - [TEST_STEP][PASSED] - m = m + 1: null

2022-06-23 20:05:05 - [TEST_STEP][PASSED] - if (m > taskno_11): null

2022-06-23 20:05:05 - [TEST_STEP][PASSED] - result = getText(findTestObject("1. Constant/xpath", ["xpath":"/html/body/div[1]/div[2]/div[8]/div[3]/div/div/div[2]/div/table/tbody/tr[" + m + "]/td[1]/a"]), OPTIONAL): Text of object 'Object Repository/1. Constant/xpath' is: 'Require info for PAF: 273425_SIDRA ESPUMOSA SIDRA 6X250_0075270_ENVASADOS EVA, S.A. - SIDRA ESPUMOSA 75 & 6 X 250'

2022-06-23 20:05:06 - [MESSAGE][PASSED] - Text of object 'Object Repository/1. Constant/xpath' is: 'Require info for PAF: 273425_SIDRA ESPUMOSA SIDRA 6X250_0075270_ENVASADOS EVA, S.A. - SIDRA ESPUMOSA 75 & 6 X 250'

2022-06-23 20:05:06 - [TEST_STEP][PASSED] - if (result.contains(Project_No)): null

2022-06-23 20:05:06 - [TEST_STEP][PASSED] - else: null

2022-06-23 20:05:06 - [TEST_STEP][PASSED] - m = m + 1: null

2022-06-23 20:05:06 - [TEST_STEP][PASSED] - if (m > taskno_11): null

2022-06-23 20:05:06 - [TEST_STEP][PASSED] - result = getText(findTestObject("1. Constant/xpath", ["xpath":"/html/body/div[1]/div[2]/div[8]/div[3]/div/div/div[2]/div/table/tbody/tr[" + m + "]/td[1]/a"]), OPTIONAL): Text of object 'Object Repository/1. Constant/xpath' is: 'Require info for PAF: 273424_SIDRA ESPUMOSA SIDRA 75CL_0075270_ENVASADOS EVA, S.A. - SIDRA ESPUMOSA 75 & 6 X 250'

2022-06-23 20:05:06 - [MESSAGE][PASSED] - Text of object 'Object Repository/1. Constant/xpath' is: 'Require info for PAF: 273424_SIDRA ESPUMOSA SIDRA 75CL_0075270_ENVASADOS EVA, S.A. - SIDRA ESPUMOSA 75 & 6 X 250'

2022-06-23 20:05:06 - [TEST_STEP][PASSED] - if (result.contains(Project_No)): null

2022-06-23 20:05:06 - [TEST_STEP][PASSED] - else: null

2022-06-23 20:05:06 - [TEST_STEP][PASSED] - m = m + 1: null

2022-06-23 20:05:06 - [TEST_STEP][PASSED] - if (m > taskno_11): null

2022-06-23 20:05:06 - [TEST_STEP][PASSED] - result = getText(findTestObject("1. Constant/xpath", ["xpath":"/html/body/div[1]/div[2]/div[8]/div[3]/div/div/div[2]/div/table/tbody/tr[" + m + "]/td[1]/a"]), OPTIONAL): Text of object 'Object Repository/1. Constant/xpath' is: 'Require info for PAF: 267012_VIN TINT ECOL JUMILL SISMI 75CL_0085115_BODEGAS COOP SAN ISIDRO DE JUMILLA - VINO DO JUMILLA - MI000318'

2022-06-23 20:05:07 - [MESSAGE][PASSED] - Text of object 'Object Repository/1. Constant/xpath' is: 'Require info for PAF: 267012_VIN TINT ECOL JUMILL SISMI 75CL_0085115_BODEGAS COOP SAN ISIDRO DE JUMILLA - VINO DO JUMILLA - MI000318'

2022-06-23 20:05:07 - [TEST_STEP][PASSED] - if (result.contains(Project_No)): null

2022-06-23 20:05:07 - [TEST_STEP][PASSED] - else: null

2022-06-23 20:05:07 - [TEST_STEP][PASSED] - m = m + 1: null

2022-06-23 20:05:07 - [TEST_STEP][PASSED] - if (m > taskno_11): null

2022-06-23 20:05:07 - [TEST_STEP][PASSED] - result = getText(findTestObject("1. Constant/xpath", ["xpath":"/html/body/div[1]/div[2]/div[8]/div[3]/div/div/div[2]/div/table/tbody/tr[" + m + "]/td[1]/a"]), OPTIONAL): Text of object 'Object Repository/1. Constant/xpath' is: 'Require info for PAF: 273424_SIDRA ESPUMOSA SIDRA 75CL_0075270_ENVASADOS EVA, S.A. - SIDRA ESPUMOSA 75 & 6 X 250'

2022-06-23 20:05:07 - [MESSAGE][PASSED] - Text of object 'Object Repository/1. Constant/xpath' is: 'Require info for PAF: 273424_SIDRA ESPUMOSA SIDRA 75CL_0075270_ENVASADOS EVA, S.A. - SIDRA ESPUMOSA 75 & 6 X 250'

2022-06-23 20:05:07 - [TEST_STEP][PASSED] - if (result.contains(Project_No)): null

2022-06-23 20:05:07 - [TEST_STEP][PASSED] - else: null

2022-06-23 20:05:07 - [TEST_STEP][PASSED] - m = m + 1: null

2022-06-23 20:05:07 - [TEST_STEP][PASSED] - if (m > taskno_11): null

2022-06-23 20:05:07 - [TEST_STEP][PASSED] - result = getText(findTestObject("1. Constant/xpath", ["xpath":"/html/body/div[1]/div[2]/div[8]/div[3]/div/div/div[2]/div/table/tbody/tr[" + m + "]/td[1]/a"]), OPTIONAL): Text of object 'Object Repository/1. Constant/xpath' is: 'Require info for PAF: 273425_SIDRA ESPUMOSA SIDRA 6X250_0075270_ENVASADOS EVA, S.A. - SIDRA ESPUMOSA 75 & 6 X 250'

2022-06-23 20:05:07 - [MESSAGE][PASSED] - Text of object 'Object Repository/1. Constant/xpath' is: 'Require info for PAF: 273425_SIDRA ESPUMOSA SIDRA 6X250_0075270_ENVASADOS EVA, S.A. - SIDRA ESPUMOSA 75 & 6 X 250'

2022-06-23 20:05:07 - [TEST_STEP][PASSED] - if (result.contains(Project_No)): null

2022-06-23 20:05:07 - [TEST_STEP][PASSED] - else: null

2022-06-23 20:05:07 - [TEST_STEP][PASSED] - m = m + 1: null

2022-06-23 20:05:07 - [TEST_STEP][PASSED] - if (m > taskno_11): null

2022-06-23 20:05:07 - [TEST_STEP][PASSED] - result = getText(findTestObject("1. Constant/xpath", ["xpath":"/html/body/div[1]/div[2]/div[8]/div[3]/div/div/div[2]/div/table/tbody/tr[" + m + "]/td[1]/a"]), OPTIONAL): Text of object 'Object Repository/1. Constant/xpath' is: 'Require info for PAF: 272358_VINO BL ALBAR RIA BA GALIC 70CL_0085110_BODEGAS LA VAL, S.L. - VINOS GALLEGOS (MENCÍA, GODELLO, RIBEIRO & ALBARIÑOS)'

2022-06-23 20:05:08 - [MESSAGE][PASSED] - Text of object 'Object Repository/1. Constant/xpath' is: 'Require info for PAF: 272358_VINO BL ALBAR RIA BA GALIC 70CL_0085110_BODEGAS LA VAL, S.L. - VINOS GALLEGOS (MENCÍA, GODELLO, RIBEIRO & ALBARIÑOS)'

2022-06-23 20:05:08 - [TEST_STEP][PASSED] - if (result.contains(Project_No)): null

2022-06-23 20:05:08 - [TEST_STEP][PASSED] - else: null

2022-06-23 20:05:08 - [TEST_STEP][PASSED] - m = m + 1: null

2022-06-23 20:05:08 - [TEST_STEP][PASSED] - if (m > taskno_11): null

2022-06-23 20:05:08 - [TEST_STEP][PASSED] - result = getText(findTestObject("1. Constant/xpath", ["xpath":"/html/body/div[1]/div[2]/div[8]/div[3]/div/div/div[2]/div/table/tbody/tr[" + m + "]/td[1]/a"]), OPTIONAL): Text of object 'Object Repository/1. Constant/xpath' is: 'Require info for PAF: 143044_CERVEZA C/LIMON DIA 6X25C_0076907_BRASSERIE DE SAINT-OMER - 2021_RAMBLERS_BEERS - MI000270'

2022-06-23 20:05:08 - [MESSAGE][PASSED] - Text of object 'Object Repository/1. Constant/xpath' is: 'Require info for PAF: 143044_CERVEZA C/LIMON DIA 6X25C_0076907_BRASSERIE DE SAINT-OMER - 2021_RAMBLERS_BEERS - MI000270'

2022-06-23 20:05:08 - [TEST_STEP][PASSED] - if (result.contains(Project_No)): null

2022-06-23 20:05:08 - [TEST_STEP][PASSED] - else: null

2022-06-23 20:05:08 - [TEST_STEP][PASSED] - m = m + 1: null

2022-06-23 20:05:08 - [TEST_STEP][PASSED] - if (m > taskno_11): null

2022-06-23 20:05:08 - [TEST_STEP][PASSED] - result = getText(findTestObject("1. Constant/xpath", ["xpath":"/html/body/div[1]/div[2]/div[8]/div[3]/div/div/div[2]/div/table/tbody/tr[" + m + "]/td[1]/a"]), OPTIONAL): Text of object 'Object Repository/1. Constant/xpath' is: 'Require info for PAF: 143044_CERVEZA C/LIMON DIA 6X25C_0076907_BRASSERIE DE SAINT-OMER - 2021_RAMBLERS_BEERS - MI000270'

2022-06-23 20:05:08 - [MESSAGE][PASSED] - Text of object 'Object Repository/1. Constant/xpath' is: 'Require info for PAF: 143044_CERVEZA C/LIMON DIA 6X25C_0076907_BRASSERIE DE SAINT-OMER - 2021_RAMBLERS_BEERS - MI000270'

2022-06-23 20:05:08 - [TEST_STEP][PASSED] - if (result.contains(Project_No)): null

2022-06-23 20:05:08 - [TEST_STEP][PASSED] - else: null

2022-06-23 20:05:08 - [TEST_STEP][PASSED] - m = m + 1: null

2022-06-23 20:05:08 - [TEST_STEP][PASSED] - if (m > taskno_11): null

2022-06-23 20:05:08 - [TEST_STEP][PASSED] - result = getText(findTestObject("1. Constant/xpath", ["xpath":"/html/body/div[1]/div[2]/div[8]/div[3]/div/div/div[2]/div/table/tbody/tr[" + m + "]/td[1]/a"]), OPTIONAL): Text of object 'Object Repository/1. Constant/xpath' is: 'Mark final printed sample reception date: 026995_AGUA MINERAL NATURAL OVIDA 1,5LT_0083947_BASILIO RIVERA E HIJOS, S.A. - WATER_2021 - MI000264'

2022-06-23 20:05:08 - [MESSAGE][PASSED] - Text of object 'Object Repository/1. Constant/xpath' is: 'Mark final printed sample reception date: 026995_AGUA MINERAL NATURAL OVIDA 1,5LT_0083947_BASILIO RIVERA E HIJOS, S.A. - WATER_2021 - MI000264'

2022-06-23 20:05:08 - [TEST_STEP][PASSED] - if (result.contains(Project_No)): null

2022-06-23 20:05:08 - [TEST_STEP][PASSED] - else: null

2022-06-23 20:05:08 - [TEST_STEP][PASSED] - m = m + 1: null

2022-06-23 20:05:08 - [TEST_STEP][PASSED] - if (m > taskno_11): null

2022-06-23 20:05:08 - [TEST_STEP][PASSED] - result = getText(findTestObject("1. Constant/xpath", ["xpath":"/html/body/div[1]/div[2]/div[8]/div[3]/div/div/div[2]/div/table/tbody/tr[" + m + "]/td[1]/a"]), OPTIONAL): Text of object 'Object Repository/1. Constant/xpath' is: 'Mark final printed sample reception date: 026996_AGUA MINERAL NATURAL OVIDA 5 L_0083947_BASILIO RIVERA E HIJOS, S.A. - WATER_2021 - MI000264'

2022-06-23 20:05:08 - [MESSAGE][PASSED] - Text of object 'Object Repository/1. Constant/xpath' is: 'Mark final printed sample reception date: 026996_AGUA MINERAL NATURAL OVIDA 5 L_0083947_BASILIO RIVERA E HIJOS, S.A. - WATER_2021 - MI000264'

2022-06-23 20:05:08 - [TEST_STEP][PASSED] - if (result.contains(Project_No)): null

2022-06-23 20:05:08 - [TEST_STEP][PASSED] - else: null

2022-06-23 20:05:08 - [TEST_STEP][PASSED] - m = m + 1: null

2022-06-23 20:05:08 - [TEST_STEP][PASSED] - if (m > taskno_11): null

2022-06-23 20:05:08 - [TEST_STEP][PASSED] - result = getText(findTestObject("1. Constant/xpath", ["xpath":"/html/body/div[1]/div[2]/div[8]/div[3]/div/div/div[2]/div/table/tbody/tr[" + m + "]/td[1]/a"]), OPTIONAL): Text of object 'Object Repository/1. Constant/xpath' is: 'Mark final printed sample reception date: 037776_AGUA MINER NATUR S/G OVIDA 50CL_0083947_BASILIO RIVERA E HIJOS, S.A. - WATER_2021 - MI000264'

2022-06-23 20:05:09 - [MESSAGE][PASSED] - Text of object 'Object Repository/1. Constant/xpath' is: 'Mark final printed sample reception date: 037776_AGUA MINER NATUR S/G OVIDA 50CL_0083947_BASILIO RIVERA E HIJOS, S.A. - WATER_2021 - MI000264'

2022-06-23 20:05:09 - [TEST_STEP][PASSED] - if (result.contains(Project_No)): null

2022-06-23 20:05:09 - [TEST_STEP][PASSED] - else: null

2022-06-23 20:05:09 - [TEST_STEP][PASSED] - m = m + 1: null

2022-06-23 20:05:09 - [TEST_STEP][PASSED] - if (m > taskno_11): null

2022-06-23 20:05:09 - [TEST_STEP][PASSED] - result = getText(findTestObject("1. Constant/xpath", ["xpath":"/html/body/div[1]/div[2]/div[8]/div[3]/div/div/div[2]/div/table/tbody/tr[" + m + "]/td[1]/a"]), OPTIONAL): Text of object 'Object Repository/1. Constant/xpath' is: 'Review document for reference Technical Drawing of project AutoTest_Chrome_StarpackEfc7LQ2vwO_mars152022_161029 (MI000972)'

2022-06-23 20:05:09 - [MESSAGE][PASSED] - Text of object 'Object Repository/1. Constant/xpath' is: 'Review document for reference Technical Drawing of project AutoTest_Chrome_StarpackEfc7LQ2vwO_mars152022_161029 (MI000972)'

2022-06-23 20:05:09 - [TEST_STEP][PASSED] - if (result.contains(Project_No)): null

2022-06-23 20:05:09 - [TEST_STEP][PASSED] - else: null

2022-06-23 20:05:09 - [TEST_STEP][PASSED] - m = m + 1: null

2022-06-23 20:05:09 - [TEST_STEP][PASSED] - if (m > taskno_11): null

2022-06-23 20:05:09 - [TEST_STEP][PASSED] - result = getText(findTestObject("1. Constant/xpath", ["xpath":"/html/body/div[1]/div[2]/div[8]/div[3]/div/div/div[2]/div/table/tbody/tr[" + m + "]/td[1]/a"]), OPTIONAL): Text of object 'Object Repository/1. Constant/xpath' is: 'Out of Office - MI001009 / refID : 5991 To Verify the task of Out of Office'

2022-06-23 20:05:09 - [MESSAGE][PASSED] - Text of object 'Object Repository/1. Constant/xpath' is: 'Out of Office - MI001009 / refID : 5991 To Verify the task of Out of Office'

2022-06-23 20:05:09 - [TEST_STEP][PASSED] - if (result.contains(Project_No)): null

2022-06-23 20:05:09 - [TEST_STEP][PASSED] - else: null

2022-06-23 20:05:09 - [TEST_STEP][PASSED] - m = m + 1: null

2022-06-23 20:05:09 - [TEST_STEP][PASSED] - if (m > taskno_11): null

2022-06-23 20:05:09 - [TEST_STEP][PASSED] - result = getText(findTestObject("1. Constant/xpath", ["xpath":"/html/body/div[1]/div[2]/div[8]/div[3]/div/div/div[2]/div/table/tbody/tr[" + m + "]/td[1]/a"]), OPTIONAL): Text of object 'Object Repository/1. Constant/xpath' is: 'Out of Office - MI001034 / refID : 6030 To Verify the task of Out of Office'

2022-06-23 20:05:10 - [MESSAGE][PASSED] - Text of object 'Object Repository/1. Constant/xpath' is: 'Out of Office - MI001034 / refID : 6030 To Verify the task of Out of Office'

2022-06-23 20:05:10 - [TEST_STEP][PASSED] - if (result.contains(Project_No)): null

2022-06-23 20:05:10 - [TEST_STEP][PASSED] - else: null

2022-06-23 20:05:10 - [TEST_STEP][PASSED] - m = m + 1: null

2022-06-23 20:05:10 - [TEST_STEP][PASSED] - if (m > taskno_11): null

2022-06-23 20:05:10 - [TEST_STEP][PASSED] - result = getText(findTestObject("1. Constant/xpath", ["xpath":"/html/body/div[1]/div[2]/div[8]/div[3]/div/div/div[2]/div/table/tbody/tr[" + m + "]/td[1]/a"]), OPTIONAL): Text of object 'Object Repository/1. Constant/xpath' is: 'Out of Office - MI001034 / refID : 6032 To Verify the task of Out of Office'

2022-06-23 20:05:10 - [MESSAGE][PASSED] - Text of object 'Object Repository/1. Constant/xpath' is: 'Out of Office - MI001034 / refID : 6032 To Verify the task of Out of Office'

2022-06-23 20:05:10 - [TEST_STEP][PASSED] - if (result.contains(Project_No)): null

2022-06-23 20:05:10 - [TEST_STEP][PASSED] - else: null

2022-06-23 20:05:10 - [TEST_STEP][PASSED] - m = m + 1: null

2022-06-23 20:05:10 - [TEST_STEP][PASSED] - if (m > taskno_11): null

2022-06-23 20:05:10 - [TEST_STEP][PASSED] - result = getText(findTestObject("1. Constant/xpath", ["xpath":"/html/body/div[1]/div[2]/div[8]/div[3]/div/div/div[2]/div/table/tbody/tr[" + m + "]/td[1]/a"]), OPTIONAL): Text of object 'Object Repository/1. Constant/xpath' is: 'Review document for reference Technical Drawing of project AutoTest_Chrome_StarpackRJeHp2FiPD_avr.222022_161005 (MI001047)'

2022-06-23 20:05:10 - [MESSAGE][PASSED] - Text of object 'Object Repository/1. Constant/xpath' is: 'Review document for reference Technical Drawing of project AutoTest_Chrome_StarpackRJeHp2FiPD_avr.222022_161005 (MI001047)'

2022-06-23 20:05:10 - [TEST_STEP][PASSED] - if (result.contains(Project_No)): null

2022-06-23 20:05:10 - [TEST_STEP][PASSED] - else: null

2022-06-23 20:05:10 - [TEST_STEP][PASSED] - m = m + 1: null

2022-06-23 20:05:10 - [TEST_STEP][PASSED] - if (m > taskno_11): null

2022-06-23 20:05:10 - [TEST_STEP][PASSED] - result = getText(findTestObject("1. Constant/xpath", ["xpath":"/html/body/div[1]/div[2]/div[8]/div[3]/div/div/div[2]/div/table/tbody/tr[" + m + "]/td[1]/a"]), OPTIONAL): Text of object 'Object Repository/1. Constant/xpath' is: 'Out of Office - MI001249 / refID : 6335 To Verify the task of Out of Office'

2022-06-23 20:05:11 - [MESSAGE][PASSED] - Text of object 'Object Repository/1. Constant/xpath' is: 'Out of Office - MI001249 / refID : 6335 To Verify the task of Out of Office'

2022-06-23 20:05:11 - [TEST_STEP][PASSED] - if (result.contains(Project_No)): null

2022-06-23 20:05:11 - [TEST_STEP][PASSED] - else: null

2022-06-23 20:05:11 - [TEST_STEP][PASSED] - m = m + 1: null

2022-06-23 20:05:11 - [TEST_STEP][PASSED] - if (m > taskno_11): null

2022-06-23 20:05:11 - [TEST_STEP][PASSED] - result = getText(findTestObject("1. Constant/xpath", ["xpath":"/html/body/div[1]/div[2]/div[8]/div[3]/div/div/div[2]/div/table/tbody/tr[" + m + "]/td[1]/a"]), OPTIONAL): Text of object 'Object Repository/1. Constant/xpath' is: 'Review document for reference Technical Drawing of project AutoTest_Chrome_StarpacksoBWhlnXh5_juin232022_195433 (MI001282)'

2022-06-23 20:05:11 - [MESSAGE][PASSED] - Text of object 'Object Repository/1. Constant/xpath' is: 'Review document for reference Technical Drawing of project AutoTest_Chrome_StarpacksoBWhlnXh5_juin232022_195433 (MI001282)'

2022-06-23 20:05:11 - [TEST_STEP][PASSED] - if (result.contains(Project_No)): null

2022-06-23 20:05:11 - [TEST_STEP][PASSED] - click(findTestObject("1. Constant/xpath", ["xpath":"/html/body/div[1]/div[2]/div[8]/div[3]/div/div/div[2]/div/table/tbody/tr[" + m + "]/td[1]/a"])): Object: 'Object Repository/1. Constant/xpath' is clicked on

2022-06-23 20:05:15 - [MESSAGE][PASSED] - Object: 'Object Repository/1. Constant/xpath' is clicked on

2022-06-23 20:05:15 - [TEST_STEP][PASSED] - break: null

2022-06-23 20:05:15 - [TEST_STEP][PASSED] - verifyElementVisible(findTestObject("1. Constant/xpath", ["xpath":"//*[@id="aff_doc_preview"]"])): Object 'Object Repository/1. Constant/xpath' is visible

2022-06-23 20:05:17 - [MESSAGE][PASSED] - Object 'Object Repository/1. Constant/xpath' is visible

2022-06-23 20:05:17 - [TEST_STEP][PASSED] - I.Logout(): Delayed 3 second(s)

2022-06-23 20:05:20 - [MESSAGE][PASSED] - Delayed 3 second(s)

2022-06-23 20:05:22 - [MESSAGE][PASSED] - Object: 'Object Repository/1. Constant/xpath' is clicked on

2022-06-23 20:05:25 - [MESSAGE][PASSED] - Delayed 3 second(s)

2022-06-23 20:05:29 - [MESSAGE][PASSED] - Object: 'Object Repository/1. Constant/xpath' is clicked on

2022-06-23 20:05:32 - [MESSAGE][PASSED] - Delayed 3 second(s)

2022-06-23 20:05:32 - [TEST_STEP][PASSED] - I.Login_password("suser", password_suser): Object: 'Object Repository/1. Constant/xpath' is clicked on

2022-06-23 20:05:33 - [MESSAGE][PASSED] - Text 'suser' is set on object 'Object Repository/1. Constant/xpath'

2022-06-23 20:05:34 - [MESSAGE][PASSED] - Delayed 1 second(s)

2022-06-23 20:05:35 - [MESSAGE][PASSED] - Text 'dchi2' is set on object 'Object Repository/1. Constant/xpath'

2022-06-23 20:05:36 - [MESSAGE][PASSED] - Delayed 1 second(s)

2022-06-23 20:05:41 - [MESSAGE][PASSED] - Object: 'Object Repository/1. Constant/xpath' is clicked on

2022-06-23 20:05:41 - [TEST_STEP][PASSED] - takeScreenshot(): Taking screenshot successfully

2022-06-23 20:05:41 - [MESSAGE][PASSED] - Taking screenshot successfully
[[ATTACHMENT|D:\\Projet Test Auto\\Mediabox Test Automation\\Reports\\20220623_184212\\03. Parallel Testing (Testing)\\TS -PT PART 3\\03. StarPack Full Lifecycle_SAS_Task\\20220623_184213\\1656007541471.png]]

2022-06-23 20:05:41 - [TEST_STEP][PASSED] - click(findTestObject("1. Constant/02_LHSMenu_Projects")): Object: 'Object Repository/1. Constant/02_LHSMenu_Projects' is clicked on

2022-06-23 20:05:45 - [MESSAGE][PASSED] - Object: 'Object Repository/1. Constant/02_LHSMenu_Projects' is clicked on

2022-06-23 20:05:45 - [TEST_STEP][PASSED] - I.SearchProjectNo(Project_No, findTestObject("HL Full Lifecycle/9 Filter_Button_Apply")): Delayed 5 second(s)

2022-06-23 20:05:46 - [MESSAGE][PASSED] - Text 'MI001282' is set on object 'Object Repository/1. Constant/xpath'

2022-06-23 20:05:49 - [MESSAGE][PASSED] - Delayed 3 second(s)

2022-06-23 20:05:53 - [MESSAGE][PASSED] - Object: 'Object Repository/HL Full Lifecycle/9 Filter_Button_Apply' is clicked on

2022-06-23 20:05:58 - [MESSAGE][PASSED] - Delayed 5 second(s)

2022-06-23 20:05:58 - [TEST_STEP][PASSED] - click(findTestObject("1. Constant/xpath", ["xpath":"//*[@id="source_" + refID_TD + ""]/td[9]/a"])): Object: 'Object Repository/1. Constant/xpath' is clicked on

2022-06-23 20:06:00 - [MESSAGE][PASSED] - Object: 'Object Repository/1. Constant/xpath' is clicked on

2022-06-23 20:06:00 - [TEST_STEP][PASSED] - takeScreenshot(): Taking screenshot successfully

2022-06-23 20:06:02 - [MESSAGE][PASSED] - Taking screenshot successfully
[[ATTACHMENT|D:\\Projet Test Auto\\Mediabox Test Automation\\Reports\\20220623_184212\\03. Parallel Testing (Testing)\\TS -PT PART 3\\03. StarPack Full Lifecycle_SAS_Task\\20220623_184213\\1656007561827.png]]

2022-06-23 20:06:02 - [TEST_STEP][PASSED] - I.UploadDoc_sendkey_Prod(findTestObject("1. Constant/xpath", ["xpath":"//*[@id="kt_body"]/input[2]"]), "D:\Upoad_File\Upload doc\testdataaddition1.jpg", "testdataaddition1.jpg"): Delayed 5 second(s)

2022-06-23 20:06:02 - [MESSAGE][PASSED] - Scroll to object 'Object Repository/1. Constant/xpath' successfully

2022-06-23 20:06:07 - [MESSAGE][PASSED] - Delayed 5 second(s)

2022-06-23 20:06:08 - [MESSAGE][PASSED] - File 'D:\Upoad_File\Upload doc\testdataaddition1.jpg' sent to object: 'Object Repository/1. Constant/xpath'

2022-06-23 20:06:13 - [MESSAGE][PASSED] - Delayed 5 second(s)

2022-06-23 20:06:14 - [MESSAGE][PASSED] - Text 'testdataaddition1.jpg' is present on page 

2022-06-23 20:06:19 - [MESSAGE][PASSED] - Delayed 5 second(s)

2022-06-23 20:06:24 - [MESSAGE][PASSED] - Delayed 5 second(s)

2022-06-23 20:06:24 - [TEST_STEP][PASSED] - takeScreenshot(): Taking screenshot successfully

2022-06-23 20:06:24 - [MESSAGE][PASSED] - Taking screenshot successfully
[[ATTACHMENT|D:\\Projet Test Auto\\Mediabox Test Automation\\Reports\\20220623_184212\\03. Parallel Testing (Testing)\\TS -PT PART 3\\03. StarPack Full Lifecycle_SAS_Task\\20220623_184213\\1656007584464.png]]

2022-06-23 20:06:24 - [TEST_STEP][PASSED] - delay(10): Delayed 10 second(s)

2022-06-23 20:06:34 - [MESSAGE][PASSED] - Delayed 10 second(s)

2022-06-23 20:06:34 - [TEST_STEP][PASSED] - selectOptionByValue(findTestObject("1. Constant/xpath", ["xpath":"//*[@id="var_27"]"]), "650", false): All options with value '650' are selected in object 'Object Repository/1. Constant/xpath' 

2022-06-23 20:06:36 - [MESSAGE][PASSED] - All options with value '650' are selected in object 'Object Repository/1. Constant/xpath' 

2022-06-23 20:06:36 - [TEST_STEP][PASSED] - I.click_button_javascript(findTestObject("Object Repository/HL Full Lifecycle/12 ReferncePage_Button_Updatensenddoc")): Execute JavaScript 'arguments[0].click()' successfully

2022-06-23 20:06:45 - [MESSAGE][PASSED] - Execute JavaScript 'arguments[0].click()' successfully

2022-06-23 20:06:45 - [TEST_STEP][PASSED] - delay(5): Delayed 5 second(s)

2022-06-23 20:06:50 - [MESSAGE][PASSED] - Delayed 5 second(s)

2022-06-23 20:06:50 - [TEST_STEP][PASSED] - I.Logout(): Delayed 3 second(s)

2022-06-23 20:06:53 - [MESSAGE][PASSED] - Delayed 3 second(s)

2022-06-23 20:06:54 - [MESSAGE][PASSED] - Object: 'Object Repository/1. Constant/xpath' is clicked on

2022-06-23 20:06:57 - [MESSAGE][PASSED] - Delayed 3 second(s)

2022-06-23 20:07:00 - [MESSAGE][PASSED] - Object: 'Object Repository/1. Constant/xpath' is clicked on

2022-06-23 20:07:03 - [MESSAGE][PASSED] - Delayed 3 second(s)

2022-06-23 20:07:03 - [TEST_STEP][PASSED] - I.Login_password("bsolletbravo", password_bsolletbravo): Object: 'Object Repository/1. Constant/xpath' is clicked on

2022-06-23 20:07:04 - [MESSAGE][PASSED] - Text 'bsolletbravo' is set on object 'Object Repository/1. Constant/xpath'

2022-06-23 20:07:05 - [MESSAGE][PASSED] - Delayed 1 second(s)

2022-06-23 20:07:06 - [MESSAGE][PASSED] - Text 'dchi' is set on object 'Object Repository/1. Constant/xpath'

2022-06-23 20:07:07 - [MESSAGE][PASSED] - Delayed 1 second(s)

2022-06-23 20:07:12 - [MESSAGE][PASSED] - Object: 'Object Repository/1. Constant/xpath' is clicked on

2022-06-23 20:07:12 - [TEST_STEP][PASSED] - takeScreenshot(): Taking screenshot successfully

2022-06-23 20:07:12 - [MESSAGE][PASSED] - Taking screenshot successfully
[[ATTACHMENT|D:\\Projet Test Auto\\Mediabox Test Automation\\Reports\\20220623_184212\\03. Parallel Testing (Testing)\\TS -PT PART 3\\03. StarPack Full Lifecycle_SAS_Task\\20220623_184213\\1656007632221.png]]

2022-06-23 20:07:12 - [TEST_STEP][PASSED] - task_no5 = I.Get_Task_No("//*[@id="kt_header"]/div/div[2]/div[1]/div[1]/span"): Text of object 'Object Repository/1. Constant/xpath' is: '9'

2022-06-23 20:07:13 - [MESSAGE][PASSED] - Text of object 'Object Repository/1. Constant/xpath' is: '9'

2022-06-23 20:07:13 - [TEST_STEP][PASSED] - click(findTestObject("1. Constant/xpath", ["xpath":"//*[@id="kt_header"]/div/div[2]/div[1]/div[1]/div"])): Object: 'Object Repository/1. Constant/xpath' is clicked on

2022-06-23 20:07:13 - [MESSAGE][PASSED] - Object: 'Object Repository/1. Constant/xpath' is clicked on

2022-06-23 20:07:13 - [TEST_STEP][PASSED] - delay(1): Delayed 1 second(s)

2022-06-23 20:07:14 - [MESSAGE][PASSED] - Delayed 1 second(s)

2022-06-23 20:07:14 - [TEST_STEP][PASSED] - click(findTestObject("1. Constant/xpath", ["xpath":"//*[@id="kt_header"]/div/div[2]/div[1]/div[2]/form/div[3]/a"])): Object: 'Object Repository/1. Constant/xpath' is clicked on

2022-06-23 20:07:18 - [MESSAGE][PASSED] - Object: 'Object Repository/1. Constant/xpath' is clicked on

2022-06-23 20:07:18 - [TEST_STEP][PASSED] - delay(1): Delayed 1 second(s)

2022-06-23 20:07:19 - [MESSAGE][PASSED] - Delayed 1 second(s)

2022-06-23 20:07:19 - [TEST_STEP][PASSED] - selectOptionByValue(findTestObject("1. Constant/xpath", ["xpath":"//*[@id="kt_content"]/div[3]/div/div/div[1]/div[1]/div/form/select"]), "250", false): All options with value '250' are selected in object 'Object Repository/1. Constant/xpath' 

2022-06-23 20:07:20 - [MESSAGE][PASSED] - All options with value '250' are selected in object 'Object Repository/1. Constant/xpath' 

2022-06-23 20:07:20 - [TEST_STEP][PASSED] - delay(1): Delayed 1 second(s)

2022-06-23 20:07:21 - [MESSAGE][PASSED] - Delayed 1 second(s)

2022-06-23 20:07:21 - [TEST_STEP][PASSED] - k = 1: null

2022-06-23 20:07:21 - [TEST_STEP][PASSED] - while (k <= task_no5): null

2022-06-23 20:07:21 - [TEST_STEP][PASSED] - result = getText(findTestObject("1. Constant/xpath", ["xpath":"/html/body/div[1]/div[2]/div[8]/div[3]/div/div/div[2]/div/table/tbody/tr[" + k + "]/td[1]/a"]), OPTIONAL): Text of object 'Object Repository/1. Constant/xpath' is: 'Mark final printed sample reception date: 000297_MIEL DIA 1 KG_0084682_MAES HONEY INT. S.L.U - 2020_MIEL LOVE_HONEY - MI000036'

2022-06-23 20:07:22 - [MESSAGE][PASSED] - Text of object 'Object Repository/1. Constant/xpath' is: 'Mark final printed sample reception date: 000297_MIEL DIA 1 KG_0084682_MAES HONEY INT. S.L.U - 2020_MIEL LOVE_HONEY - MI000036'

2022-06-23 20:07:22 - [TEST_STEP][PASSED] - if (result.contains(Project_No)): null

2022-06-23 20:07:22 - [TEST_STEP][PASSED] - else: null

2022-06-23 20:07:22 - [TEST_STEP][PASSED] - k = k + 1: null

2022-06-23 20:07:22 - [TEST_STEP][PASSED] - if (k > task_no5): null

2022-06-23 20:07:22 - [TEST_STEP][PASSED] - result = getText(findTestObject("1. Constant/xpath", ["xpath":"/html/body/div[1]/div[2]/div[8]/div[3]/div/div/div[2]/div/table/tbody/tr[" + k + "]/td[1]/a"]), OPTIONAL): Text of object 'Object Repository/1. Constant/xpath' is: 'Mark final printed sample reception date: 133109_MIEL FLORES ANTIGOTE DIA 500GR_0084682_MAES HONEY INT. S.L.U - 2020_MIEL LOVE_HONEY - MI000036'

2022-06-23 20:07:22 - [MESSAGE][PASSED] - Text of object 'Object Repository/1. Constant/xpath' is: 'Mark final printed sample reception date: 133109_MIEL FLORES ANTIGOTE DIA 500GR_0084682_MAES HONEY INT. S.L.U - 2020_MIEL LOVE_HONEY - MI000036'

2022-06-23 20:07:22 - [TEST_STEP][PASSED] - if (result.contains(Project_No)): null

2022-06-23 20:07:22 - [TEST_STEP][PASSED] - else: null

2022-06-23 20:07:22 - [TEST_STEP][PASSED] - k = k + 1: null

2022-06-23 20:07:22 - [TEST_STEP][PASSED] - if (k > task_no5): null

2022-06-23 20:07:22 - [TEST_STEP][PASSED] - result = getText(findTestObject("1. Constant/xpath", ["xpath":"/html/body/div[1]/div[2]/div[8]/div[3]/div/div/div[2]/div/table/tbody/tr[" + k + "]/td[1]/a"]), OPTIONAL): Text of object 'Object Repository/1. Constant/xpath' is: 'Mark final printed sample reception date: 034329_COCO RALLADO DIA 200GR_0082988_EMILIO VILAR, LDA. - 2020_NATURMUNDO_COCO RALADO PT - MI000176'

2022-06-23 20:07:23 - [MESSAGE][PASSED] - Text of object 'Object Repository/1. Constant/xpath' is: 'Mark final printed sample reception date: 034329_COCO RALLADO DIA 200GR_0082988_EMILIO VILAR, LDA. - 2020_NATURMUNDO_COCO RALADO PT - MI000176'

2022-06-23 20:07:23 - [TEST_STEP][PASSED] - if (result.contains(Project_No)): null

2022-06-23 20:07:23 - [TEST_STEP][PASSED] - else: null

2022-06-23 20:07:23 - [TEST_STEP][PASSED] - k = k + 1: null

2022-06-23 20:07:23 - [TEST_STEP][PASSED] - if (k > task_no5): null

2022-06-23 20:07:23 - [TEST_STEP][PASSED] - result = getText(findTestObject("1. Constant/xpath", ["xpath":"/html/body/div[1]/div[2]/div[8]/div[3]/div/div/div[2]/div/table/tbody/tr[" + k + "]/td[1]/a"]), OPTIONAL): Text of object 'Object Repository/1. Constant/xpath' is: 'Upload packaging briefing: Pan Rallado - 2021_EL MOLINO DE DIA_BREAD CRUMBS & FLOUR'

2022-06-23 20:07:23 - [MESSAGE][PASSED] - Text of object 'Object Repository/1. Constant/xpath' is: 'Upload packaging briefing: Pan Rallado - 2021_EL MOLINO DE DIA_BREAD CRUMBS & FLOUR'

2022-06-23 20:07:23 - [TEST_STEP][PASSED] - if (result.contains(Project_No)): null

2022-06-23 20:07:23 - [TEST_STEP][PASSED] - else: null

2022-06-23 20:07:23 - [TEST_STEP][PASSED] - k = k + 1: null

2022-06-23 20:07:23 - [TEST_STEP][PASSED] - if (k > task_no5): null

2022-06-23 20:07:23 - [TEST_STEP][PASSED] - result = getText(findTestObject("1. Constant/xpath", ["xpath":"/html/body/div[1]/div[2]/div[8]/div[3]/div/div/div[2]/div/table/tbody/tr[" + k + "]/td[1]/a"]), OPTIONAL): Text of object 'Object Repository/1. Constant/xpath' is: 'Out of Office - MI001009 / refID : 5991 To Verify the task of Out of Office'

2022-06-23 20:07:24 - [MESSAGE][PASSED] - Text of object 'Object Repository/1. Constant/xpath' is: 'Out of Office - MI001009 / refID : 5991 To Verify the task of Out of Office'

2022-06-23 20:07:24 - [TEST_STEP][PASSED] - if (result.contains(Project_No)): null

2022-06-23 20:07:24 - [TEST_STEP][PASSED] - else: null

2022-06-23 20:07:24 - [TEST_STEP][PASSED] - k = k + 1: null

2022-06-23 20:07:24 - [TEST_STEP][PASSED] - if (k > task_no5): null

2022-06-23 20:07:24 - [TEST_STEP][PASSED] - result = getText(findTestObject("1. Constant/xpath", ["xpath":"/html/body/div[1]/div[2]/div[8]/div[3]/div/div/div[2]/div/table/tbody/tr[" + k + "]/td[1]/a"]), OPTIONAL): Text of object 'Object Repository/1. Constant/xpath' is: 'Out of Office - MI001034 / refID : 6030 To Verify the task of Out of Office'

2022-06-23 20:07:25 - [MESSAGE][PASSED] - Text of object 'Object Repository/1. Constant/xpath' is: 'Out of Office - MI001034 / refID : 6030 To Verify the task of Out of Office'

2022-06-23 20:07:25 - [TEST_STEP][PASSED] - if (result.contains(Project_No)): null

2022-06-23 20:07:25 - [TEST_STEP][PASSED] - else: null

2022-06-23 20:07:25 - [TEST_STEP][PASSED] - k = k + 1: null

2022-06-23 20:07:25 - [TEST_STEP][PASSED] - if (k > task_no5): null

2022-06-23 20:07:25 - [TEST_STEP][PASSED] - result = getText(findTestObject("1. Constant/xpath", ["xpath":"/html/body/div[1]/div[2]/div[8]/div[3]/div/div/div[2]/div/table/tbody/tr[" + k + "]/td[1]/a"]), OPTIONAL): Text of object 'Object Repository/1. Constant/xpath' is: 'Out of Office - MI001034 / refID : 6032 To Verify the task of Out of Office'

2022-06-23 20:07:25 - [MESSAGE][PASSED] - Text of object 'Object Repository/1. Constant/xpath' is: 'Out of Office - MI001034 / refID : 6032 To Verify the task of Out of Office'

2022-06-23 20:07:25 - [TEST_STEP][PASSED] - if (result.contains(Project_No)): null

2022-06-23 20:07:25 - [TEST_STEP][PASSED] - else: null

2022-06-23 20:07:25 - [TEST_STEP][PASSED] - k = k + 1: null

2022-06-23 20:07:25 - [TEST_STEP][PASSED] - if (k > task_no5): null

2022-06-23 20:07:25 - [TEST_STEP][PASSED] - result = getText(findTestObject("1. Constant/xpath", ["xpath":"/html/body/div[1]/div[2]/div[8]/div[3]/div/div/div[2]/div/table/tbody/tr[" + k + "]/td[1]/a"]), OPTIONAL): Text of object 'Object Repository/1. Constant/xpath' is: 'Out of Office - MI001249 / refID : 6335 To Verify the task of Out of Office'

2022-06-23 20:07:25 - [MESSAGE][PASSED] - Text of object 'Object Repository/1. Constant/xpath' is: 'Out of Office - MI001249 / refID : 6335 To Verify the task of Out of Office'

2022-06-23 20:07:25 - [TEST_STEP][PASSED] - if (result.contains(Project_No)): null

2022-06-23 20:07:25 - [TEST_STEP][PASSED] - else: null

2022-06-23 20:07:25 - [TEST_STEP][PASSED] - k = k + 1: null

2022-06-23 20:07:25 - [TEST_STEP][PASSED] - if (k > task_no5): null

2022-06-23 20:07:25 - [TEST_STEP][PASSED] - result = getText(findTestObject("1. Constant/xpath", ["xpath":"/html/body/div[1]/div[2]/div[8]/div[3]/div/div/div[2]/div/table/tbody/tr[" + k + "]/td[1]/a"]), OPTIONAL): Text of object 'Object Repository/1. Constant/xpath' is: 'Review document for reference Technical Drawing of project AutoTest_Chrome_StarpacksoBWhlnXh5_juin232022_195433 (MI001282)'

2022-06-23 20:07:26 - [MESSAGE][PASSED] - Text of object 'Object Repository/1. Constant/xpath' is: 'Review document for reference Technical Drawing of project AutoTest_Chrome_StarpacksoBWhlnXh5_juin232022_195433 (MI001282)'

2022-06-23 20:07:26 - [TEST_STEP][PASSED] - if (result.contains(Project_No)): null

2022-06-23 20:07:26 - [TEST_STEP][PASSED] - click(findTestObject("1. Constant/xpath", ["xpath":"/html/body/div[1]/div[2]/div[8]/div[3]/div/div/div[2]/div/table/tbody/tr[" + k + "]/td[1]/a"])): Object: 'Object Repository/1. Constant/xpath' is clicked on

2022-06-23 20:07:29 - [MESSAGE][PASSED] - Object: 'Object Repository/1. Constant/xpath' is clicked on

2022-06-23 20:07:29 - [TEST_STEP][PASSED] - break: null

2022-06-23 20:07:29 - [TEST_STEP][PASSED] - I.AWF_approve_view(): Object: 'Object Repository/HL Full Lifecycle/Function_Appbutton2' is clicked on

2022-06-23 20:07:31 - [MESSAGE][PASSED] - Wait for page load successfully

2022-06-23 20:07:41 - [MESSAGE][PASSED] - Delayed 10 second(s)

2022-06-23 20:07:42 - [MESSAGE][PASSED] - Object: 'Object Repository/HL Full Lifecycle/Function_access Viewer2' is hovered

2022-06-23 20:07:45 - [MESSAGE][PASSED] - Delayed 3 second(s)

2022-06-23 20:07:46 - [MESSAGE][PASSED] - Object: 'Object Repository/HL Full Lifecycle/Function_access Viewer2' is clicked on

2022-06-23 20:07:51 - [MESSAGE][PASSED] - Delayed 5 second(s)

2022-06-23 20:07:53 - [MESSAGE][PASSED] - Object: 'Object Repository/HL Full Lifecycle/Function_AppButton' is clicked on

2022-06-23 20:07:58 - [MESSAGE][PASSED] - Delayed 5 second(s)

2022-06-23 20:08:02 - [MESSAGE][PASSED] - Object: 'Object Repository/HL Full Lifecycle/Function_Appbutton2' is clicked on

2022-06-23 20:08:02 - [TEST_STEP][PASSED] - delay(1): Delayed 1 second(s)

2022-06-23 20:08:03 - [MESSAGE][PASSED] - Delayed 1 second(s)

2022-06-23 20:08:03 - [TEST_STEP][PASSED] - click(findTestObject("1. Constant/xpath", ["xpath":"/html/body/div[1]/div[2]/div[4]/div[3]/div/div[2]/div[2]/div[1]/table/tbody/tr[5]/td[11]/a"])): Object: 'Object Repository/1. Constant/xpath' is clicked on

2022-06-23 20:08:08 - [MESSAGE][PASSED] - Object: 'Object Repository/1. Constant/xpath' is clicked on

2022-06-23 20:08:08 - [TEST_STEP][PASSED] - delay(1): Delayed 1 second(s)

2022-06-23 20:08:09 - [MESSAGE][PASSED] - Delayed 1 second(s)

2022-06-23 20:08:09 - [TEST_STEP][PASSED] - task_no6 = I.Get_Task_No("//*[@id="kt_header"]/div/div[2]/div[1]/div[1]/span"): Text of object 'Object Repository/1. Constant/xpath' is: '8'

2022-06-23 20:08:09 - [MESSAGE][PASSED] - Text of object 'Object Repository/1. Constant/xpath' is: '8'

2022-06-23 20:08:09 - [TEST_STEP][PASSED] - verifyEqual(task_no6, task_no5 - 1): Actual object '8' and expected object '8' are equal

2022-06-23 20:08:09 - [MESSAGE][PASSED] - Actual object '8' and expected object '8' are equal

2022-06-23 20:08:09 - [TEST_STEP][PASSED] - I.Logout(): Delayed 3 second(s)

2022-06-23 20:08:12 - [MESSAGE][PASSED] - Delayed 3 second(s)

2022-06-23 20:08:13 - [MESSAGE][PASSED] - Object: 'Object Repository/1. Constant/xpath' is clicked on

2022-06-23 20:08:16 - [MESSAGE][PASSED] - Delayed 3 second(s)

2022-06-23 20:08:19 - [MESSAGE][PASSED] - Object: 'Object Repository/1. Constant/xpath' is clicked on

2022-06-23 20:08:22 - [MESSAGE][PASSED] - Delayed 3 second(s)

2022-06-23 20:08:22 - [TEST_STEP][PASSED] - I.Login_password("suser", password_suser): Object: 'Object Repository/1. Constant/xpath' is clicked on

2022-06-23 20:08:25 - [MESSAGE][PASSED] - Text 'suser' is set on object 'Object Repository/1. Constant/xpath'

2022-06-23 20:08:26 - [MESSAGE][PASSED] - Delayed 1 second(s)

2022-06-23 20:08:28 - [MESSAGE][PASSED] - Text 'dchi2' is set on object 'Object Repository/1. Constant/xpath'

2022-06-23 20:08:29 - [MESSAGE][PASSED] - Delayed 1 second(s)

2022-06-23 20:08:33 - [MESSAGE][PASSED] - Object: 'Object Repository/1. Constant/xpath' is clicked on

2022-06-23 20:08:33 - [TEST_STEP][PASSED] - takeScreenshot(): Taking screenshot successfully

2022-06-23 20:08:34 - [MESSAGE][PASSED] - Taking screenshot successfully
[[ATTACHMENT|D:\\Projet Test Auto\\Mediabox Test Automation\\Reports\\20220623_184212\\03. Parallel Testing (Testing)\\TS -PT PART 3\\03. StarPack Full Lifecycle_SAS_Task\\20220623_184213\\1656007713723.png]]

2022-06-23 20:08:34 - [TEST_STEP][PASSED] - click(findTestObject("1. Constant/02_LHSMenu_Projects")): Object: 'Object Repository/1. Constant/02_LHSMenu_Projects' is clicked on

2022-06-23 20:08:38 - [MESSAGE][PASSED] - Object: 'Object Repository/1. Constant/02_LHSMenu_Projects' is clicked on

2022-06-23 20:08:38 - [TEST_STEP][PASSED] - I.SearchProjectNo(Project_No, findTestObject("HL Full Lifecycle/9 Filter_Button_Apply")): Delayed 5 second(s)

2022-06-23 20:08:40 - [MESSAGE][PASSED] - Text 'MI001282' is set on object 'Object Repository/1. Constant/xpath'

2022-06-23 20:08:43 - [MESSAGE][PASSED] - Delayed 3 second(s)

2022-06-23 20:08:46 - [MESSAGE][PASSED] - Object: 'Object Repository/HL Full Lifecycle/9 Filter_Button_Apply' is clicked on

2022-06-23 20:08:51 - [MESSAGE][PASSED] - Delayed 5 second(s)

2022-06-23 20:08:51 - [TEST_STEP][PASSED] - delay(1): Delayed 1 second(s)

2022-06-23 20:08:52 - [MESSAGE][PASSED] - Delayed 1 second(s)

2022-06-23 20:08:52 - [TEST_STEP][PASSED] - click(findTestObject("1. Constant/xpath", ["xpath":"//*[@id="card_project"]/div[2]/div/div[3]/a[4]"])): Object: 'Object Repository/1. Constant/xpath' is clicked on

2022-06-23 20:08:57 - [MESSAGE][PASSED] - Object: 'Object Repository/1. Constant/xpath' is clicked on

2022-06-23 20:08:57 - [TEST_STEP][PASSED] - Expected_R = "You cannot close this project because it contains at least 1 reference not completed, not deleted or not cancelled.": null

2022-06-23 20:08:57 - [TEST_STEP][PASSED] - Actual_R = getText(findTestObject("1. Constant/xpath", ["xpath":"//*[@id="toast-container"]/div/div[2]"])): Text of object 'Object Repository/1. Constant/xpath' is: 'You cannot close this project because it contains at least 1 reference not completed, not deleted or not cancelled.'

2022-06-23 20:08:58 - [MESSAGE][PASSED] - Text of object 'Object Repository/1. Constant/xpath' is: 'You cannot close this project because it contains at least 1 reference not completed, not deleted or not cancelled.'

2022-06-23 20:08:58 - [TEST_STEP][PASSED] - verifyMatch(Actual_R, Expected_R, false): Actual text 'You cannot close this project because it contains at least 1 reference not completed, not deleted or not cancelled.' and expected text 'You cannot close this project because it contains at least 1 reference not completed, not deleted or not cancelled.' are matched 

2022-06-23 20:08:58 - [MESSAGE][PASSED] - Actual text 'You cannot close this project because it contains at least 1 reference not completed, not deleted or not cancelled.' and expected text 'You cannot close this project because it contains at least 1 reference not completed, not deleted or not cancelled.' are matched 

2022-06-23 20:08:58 - [TEST_STEP][PASSED] - takeScreenshot(): Taking screenshot successfully

2022-06-23 20:08:59 - [MESSAGE][PASSED] - Taking screenshot successfully
[[ATTACHMENT|D:\\Projet Test Auto\\Mediabox Test Automation\\Reports\\20220623_184212\\03. Parallel Testing (Testing)\\TS -PT PART 3\\03. StarPack Full Lifecycle_SAS_Task\\20220623_184213\\1656007738340.png]]

2022-06-23 20:08:59 - [TEST_STEP][PASSED] - I.SearchProjectNo(Project_No, findTestObject("HL Full Lifecycle/9 Filter_Button_Apply")): Delayed 5 second(s)

2022-06-23 20:09:00 - [MESSAGE][PASSED] - Text 'MI001282' is set on object 'Object Repository/1. Constant/xpath'

2022-06-23 20:09:03 - [MESSAGE][PASSED] - Delayed 3 second(s)

2022-06-23 20:09:07 - [MESSAGE][PASSED] - Object: 'Object Repository/HL Full Lifecycle/9 Filter_Button_Apply' is clicked on

2022-06-23 20:09:12 - [MESSAGE][PASSED] - Delayed 5 second(s)

2022-06-23 20:09:12 - [TEST_STEP][PASSED] - delay(1): Delayed 1 second(s)

2022-06-23 20:09:13 - [MESSAGE][PASSED] - Delayed 1 second(s)

2022-06-23 20:09:13 - [TEST_STEP][PASSED] - click(findTestObject("1. Constant/xpath", ["xpath":"//*[@id="source_" + refID + ""]/td[9]/div[2]/button"])): Object: 'Object Repository/1. Constant/xpath' is clicked on

2022-06-23 20:09:14 - [MESSAGE][PASSED] - Object: 'Object Repository/1. Constant/xpath' is clicked on

2022-06-23 20:09:14 - [TEST_STEP][PASSED] - delay(1): Delayed 1 second(s)

2022-06-23 20:09:15 - [MESSAGE][PASSED] - Delayed 1 second(s)

2022-06-23 20:09:15 - [TEST_STEP][PASSED] - click(findTestObject("1. Constant/xpath", ["xpath":"//*[@id="source_" + refID + ""]/td[9]/div[2]/div/a[3]"])): Object: 'Object Repository/1. Constant/xpath' is clicked on

2022-06-23 20:09:16 - [MESSAGE][PASSED] - Object: 'Object Repository/1. Constant/xpath' is clicked on

2022-06-23 20:09:16 - [TEST_STEP][PASSED] - delay(1): Delayed 1 second(s)

2022-06-23 20:09:17 - [MESSAGE][PASSED] - Delayed 1 second(s)

2022-06-23 20:09:17 - [TEST_STEP][PASSED] - takeScreenshot(): Taking screenshot successfully

2022-06-23 20:09:18 - [MESSAGE][PASSED] - Taking screenshot successfully
[[ATTACHMENT|D:\\Projet Test Auto\\Mediabox Test Automation\\Reports\\20220623_184212\\03. Parallel Testing (Testing)\\TS -PT PART 3\\03. StarPack Full Lifecycle_SAS_Task\\20220623_184213\\1656007758218.png]]

2022-06-23 20:09:18 - [TEST_STEP][PASSED] - delay(1): Delayed 1 second(s)

2022-06-23 20:09:19 - [MESSAGE][PASSED] - Delayed 1 second(s)

2022-06-23 20:09:19 - [TEST_STEP][PASSED] - click(findTestObject("1. Constant/xpath", ["xpath":"//*[@id="kt_body"]/div[9]/div/div/div[2]/button[2]"])): Object: 'Object Repository/1. Constant/xpath' is clicked on

2022-06-23 20:09:23 - [MESSAGE][PASSED] - Object: 'Object Repository/1. Constant/xpath' is clicked on

2022-06-23 20:09:23 - [TEST_STEP][PASSED] - delay(1): Delayed 1 second(s)

2022-06-23 20:09:24 - [MESSAGE][PASSED] - Delayed 1 second(s)

2022-06-23 20:09:24 - [TEST_STEP][PASSED] - click(findTestObject("1. Constant/xpath", ["xpath":"//*[@id="card_project"]/div[2]/div/div[3]/a[4]"])): Object: 'Object Repository/1. Constant/xpath' is clicked on

2022-06-23 20:09:29 - [MESSAGE][PASSED] - Object: 'Object Repository/1. Constant/xpath' is clicked on

2022-06-23 20:09:29 - [TEST_STEP][PASSED] - Expected_R2 = "Project closed.": null

2022-06-23 20:09:29 - [TEST_STEP][PASSED] - Actual_R2 = getText(findTestObject("1. Constant/xpath", ["xpath":"//*[@id="toast-container"]/div/div[2]"])): Text of object 'Object Repository/1. Constant/xpath' is: 'Project closed.'

2022-06-23 20:09:29 - [MESSAGE][PASSED] - Text of object 'Object Repository/1. Constant/xpath' is: 'Project closed.'

2022-06-23 20:09:29 - [TEST_STEP][PASSED] - verifyMatch(Actual_R2, Expected_R2, false): Actual text 'Project closed.' and expected text 'Project closed.' are matched 

2022-06-23 20:09:29 - [MESSAGE][PASSED] - Actual text 'Project closed.' and expected text 'Project closed.' are matched 

2022-06-23 20:09:29 - [TEST_STEP][PASSED] - closeBrowser(): Browser is closed

2022-06-23 20:09:35 - [MESSAGE][PASSED] - Browser is closed

2022-06-23 20:09:35 - [TEST_STEP][PASSED] - Start listener action : sampleAfterTestCase: null]]></system-out>
         <system-err><![CDATA[]]></system-err>
      </testcase>
      <system-out><![CDATA[2022-06-23 18:43:20 - [TEST_SUITE][PASSED] - 03. StarPack Full Lifecycle_SAS_Task: Test Cases/18. Tag Sephora Npp Starpack Task (Standard_ Question_ Prod)/18.05 StarPack change of rights (Prod)_Ticket4757]]></system-out>
      <system-err><![CDATA[]]></system-err>
   </testsuite>
</testsuites>
