<?xml version="1.0" encoding="UTF-8"?>
<testsuites name="02. Sephora - Full Lifecycle FS Process and Control Tag(Chrome) - headless" time="5741.253" tests="6" failures="0" errors="0">
   <testsuite name="02. Sephora - Full Lifecycle FS Process and Control Tag(Chrome) - headless" tests="6" failures="0" errors="0" time="5741.253" skipped="0" timestamp="2022-06-23 18:22:24" hostname="lamhe - DPF-MBI-VERIF.ad.sgsco.int" id="Test Suites/03. Parallel Testing (Testing)/TS -PT PART 3/02. Sephora - Full Lifecycle FS Process and Control Tag(Chrome) - headless">
      <properties>
         <property name="deviceName" value=""/>
         <property name="devicePlatform" value=""/>
         <property name="logFolder" value="D:\\Projet Test Auto\\Mediabox Test Automation\\Reports\\20220623_182213\\03. Parallel Testing (Testing)\\TS -PT PART 3\\02. Sephora - Full Lifecycle FS Process and Control Tag(Chrome) - headless\\20220623_182213"/>
         <property name="logFiles" value="D:\\Projet Test Auto\\Mediabox Test Automation\\Reports\\20220623_182213\\03. Parallel Testing (Testing)\\TS -PT PART 3\\02. Sephora - Full Lifecycle FS Process and Control Tag(Chrome) - headless\\20220623_182213\\execution0.log"/>
         <property name="attachments" value="D:\\Projet Test Auto\\Mediabox Test Automation\\Reports\\20220623_182213\\03. Parallel Testing (Testing)\\TS -PT PART 3\\02. Sephora - Full Lifecycle FS Process and Control Tag(Chrome) - headless\\20220623_182213\\1656001393992.png, D:\\Projet Test Auto\\Mediabox Test Automation\\Reports\\20220623_182213\\03. Parallel Testing (Testing)\\TS -PT PART 3\\02. Sephora - Full Lifecycle FS Process and Control Tag(Chrome) - headless\\20220623_182213\\1656001409862.png, D:\\Projet Test Auto\\Mediabox Test Automation\\Reports\\20220623_182213\\03. Parallel Testing (Testing)\\TS -PT PART 3\\02. Sephora - Full Lifecycle FS Process and Control Tag(Chrome) - headless\\20220623_182213\\1656001498472.png, D:\\Projet Test Auto\\Mediabox Test Automation\\Reports\\20220623_182213\\03. Parallel Testing (Testing)\\TS -PT PART 3\\02. Sephora - Full Lifecycle FS Process and Control Tag(Chrome) - headless\\20220623_182213\\1656001523672.png, D:\\Projet Test Auto\\Mediabox Test Automation\\Reports\\20220623_182213\\03. Parallel Testing (Testing)\\TS -PT PART 3\\02. Sephora - Full Lifecycle FS Process and Control Tag(Chrome) - headless\\20220623_182213\\1656001536696.png, D:\\Projet Test Auto\\Mediabox Test Automation\\Reports\\20220623_182213\\03. Parallel Testing (Testing)\\TS -PT PART 3\\02. Sephora - Full Lifecycle FS Process and Control Tag(Chrome) - headless\\20220623_182213\\1656001547065.png, D:\\Projet Test Auto\\Mediabox Test Automation\\Reports\\20220623_182213\\03. Parallel Testing (Testing)\\TS -PT PART 3\\02. Sephora - Full Lifecycle FS Process and Control Tag(Chrome) - headless\\20220623_182213\\1656001558001.png, D:\\Projet Test Auto\\Mediabox Test Automation\\Reports\\20220623_182213\\03. Parallel Testing (Testing)\\TS -PT PART 3\\02. Sephora - Full Lifecycle FS Process and Control Tag(Chrome) - headless\\20220623_182213\\1656001560893.png, D:\\Projet Test Auto\\Mediabox Test Automation\\Reports\\20220623_182213\\03. Parallel Testing (Testing)\\TS -PT PART 3\\02. Sephora - Full Lifecycle FS Process and Control Tag(Chrome) - headless\\20220623_182213\\1656001564838.png, D:\\Projet Test Auto\\Mediabox Test Automation\\Reports\\20220623_182213\\03. Parallel Testing (Testing)\\TS -PT PART 3\\02. Sephora - Full Lifecycle FS Process and Control Tag(Chrome) - headless\\20220623_182213\\1656001574284.png, D:\\Projet Test Auto\\Mediabox Test Automation\\Reports\\20220623_182213\\03. Parallel Testing (Testing)\\TS -PT PART 3\\02. Sephora - Full Lifecycle FS Process and Control Tag(Chrome) - headless\\20220623_182213\\1656001577163.png, D:\\Projet Test Auto\\Mediabox Test Automation\\Reports\\20220623_182213\\03. Parallel Testing (Testing)\\TS -PT PART 3\\02. Sephora - Full Lifecycle FS Process and Control Tag(Chrome) - headless\\20220623_182213\\1656001609142.png, D:\\Projet Test Auto\\Mediabox Test Automation\\Reports\\20220623_182213\\03. Parallel Testing (Testing)\\TS -PT PART 3\\02. Sephora - Full Lifecycle FS Process and Control Tag(Chrome) - headless\\20220623_182213\\1656001667892.png, D:\\Projet Test Auto\\Mediabox Test Automation\\Reports\\20220623_182213\\03. Parallel Testing (Testing)\\TS -PT PART 3\\02. Sephora - Full Lifecycle FS Process and Control Tag(Chrome) - headless\\20220623_182213\\1656001690061.png, D:\\Projet Test Auto\\Mediabox Test Automation\\Reports\\20220623_182213\\03. Parallel Testing (Testing)\\TS -PT PART 3\\02. Sephora - Full Lifecycle FS Process and Control Tag(Chrome) - headless\\20220623_182213\\1656001707707.png, D:\\Projet Test Auto\\Mediabox Test Automation\\Reports\\20220623_182213\\03. Parallel Testing (Testing)\\TS -PT PART 3\\02. Sephora - Full Lifecycle FS Process and Control Tag(Chrome) - headless\\20220623_182213\\1656001765683.png, D:\\Projet Test Auto\\Mediabox Test Automation\\Reports\\20220623_182213\\03. Parallel Testing (Testing)\\TS -PT PART 3\\02. Sephora - Full Lifecycle FS Process and Control Tag(Chrome) - headless\\20220623_182213\\1656001777626.png, D:\\Projet Test Auto\\Mediabox Test Automation\\Reports\\20220623_182213\\03. Parallel Testing (Testing)\\TS -PT PART 3\\02. Sephora - Full Lifecycle FS Process and Control Tag(Chrome) - headless\\20220623_182213\\1656001787411.png, D:\\Projet Test Auto\\Mediabox Test Automation\\Reports\\20220623_182213\\03. Parallel Testing (Testing)\\TS -PT PART 3\\02. Sephora - Full Lifecycle FS Process and Control Tag(Chrome) - headless\\20220623_182213\\1656001789954.png, D:\\Projet Test Auto\\Mediabox Test Automation\\Reports\\20220623_182213\\03. Parallel Testing (Testing)\\TS -PT PART 3\\02. Sephora - Full Lifecycle FS Process and Control Tag(Chrome) - headless\\20220623_182213\\1656001793498.png, D:\\Projet Test Auto\\Mediabox Test Automation\\Reports\\20220623_182213\\03. Parallel Testing (Testing)\\TS -PT PART 3\\02. Sephora - Full Lifecycle FS Process and Control Tag(Chrome) - headless\\20220623_182213\\1656001965478.png, D:\\Projet Test Auto\\Mediabox Test Automation\\Reports\\20220623_182213\\03. Parallel Testing (Testing)\\TS -PT PART 3\\02. Sephora - Full Lifecycle FS Process and Control Tag(Chrome) - headless\\20220623_182213\\1656001995198.png, D:\\Projet Test Auto\\Mediabox Test Automation\\Reports\\20220623_182213\\03. Parallel Testing (Testing)\\TS -PT PART 3\\02. Sephora - Full Lifecycle FS Process and Control Tag(Chrome) - headless\\20220623_182213\\1656002028051.png, D:\\Projet Test Auto\\Mediabox Test Automation\\Reports\\20220623_182213\\03. Parallel Testing (Testing)\\TS -PT PART 3\\02. Sephora - Full Lifecycle FS Process and Control Tag(Chrome) - headless\\20220623_182213\\1656002070012.png, D:\\Projet Test Auto\\Mediabox Test Automation\\Reports\\20220623_182213\\03. Parallel Testing (Testing)\\TS -PT PART 3\\02. Sephora - Full Lifecycle FS Process and Control Tag(Chrome) - headless\\20220623_182213\\1656002085473.png, D:\\Projet Test Auto\\Mediabox Test Automation\\Reports\\20220623_182213\\03. Parallel Testing (Testing)\\TS -PT PART 3\\02. Sephora - Full Lifecycle FS Process and Control Tag(Chrome) - headless\\20220623_182213\\1656002117229.png, D:\\Projet Test Auto\\Mediabox Test Automation\\Reports\\20220623_182213\\03. Parallel Testing (Testing)\\TS -PT PART 3\\02. Sephora - Full Lifecycle FS Process and Control Tag(Chrome) - headless\\20220623_182213\\1656002166712.png, D:\\Projet Test Auto\\Mediabox Test Automation\\Reports\\20220623_182213\\03. Parallel Testing (Testing)\\TS -PT PART 3\\02. Sephora - Full Lifecycle FS Process and Control Tag(Chrome) - headless\\20220623_182213\\1656002213545.png, D:\\Projet Test Auto\\Mediabox Test Automation\\Reports\\20220623_182213\\03. Parallel Testing (Testing)\\TS -PT PART 3\\02. Sephora - Full Lifecycle FS Process and Control Tag(Chrome) - headless\\20220623_182213\\1656002332283.png, D:\\Projet Test Auto\\Mediabox Test Automation\\Reports\\20220623_182213\\03. Parallel Testing (Testing)\\TS -PT PART 3\\02. Sephora - Full Lifecycle FS Process and Control Tag(Chrome) - headless\\20220623_182213\\1656002355039.png, D:\\Projet Test Auto\\Mediabox Test Automation\\Reports\\20220623_182213\\03. Parallel Testing (Testing)\\TS -PT PART 3\\02. Sephora - Full Lifecycle FS Process and Control Tag(Chrome) - headless\\20220623_182213\\1656002434168.png, D:\\Projet Test Auto\\Mediabox Test Automation\\Reports\\20220623_182213\\03. Parallel Testing (Testing)\\TS -PT PART 3\\02. Sephora - Full Lifecycle FS Process and Control Tag(Chrome) - headless\\20220623_182213\\1656002465477.png, D:\\Projet Test Auto\\Mediabox Test Automation\\Reports\\20220623_182213\\03. Parallel Testing (Testing)\\TS -PT PART 3\\02. Sephora - Full Lifecycle FS Process and Control Tag(Chrome) - headless\\20220623_182213\\1656002494458.png, D:\\Projet Test Auto\\Mediabox Test Automation\\Reports\\20220623_182213\\03. Parallel Testing (Testing)\\TS -PT PART 3\\02. Sephora - Full Lifecycle FS Process and Control Tag(Chrome) - headless\\20220623_182213\\1656002517896.png, D:\\Projet Test Auto\\Mediabox Test Automation\\Reports\\20220623_182213\\03. Parallel Testing (Testing)\\TS -PT PART 3\\02. Sephora - Full Lifecycle FS Process and Control Tag(Chrome) - headless\\20220623_182213\\1656002569046.png, D:\\Projet Test Auto\\Mediabox Test Automation\\Reports\\20220623_182213\\03. Parallel Testing (Testing)\\TS -PT PART 3\\02. Sephora - Full Lifecycle FS Process and Control Tag(Chrome) - headless\\20220623_182213\\1656002686827.png, D:\\Projet Test Auto\\Mediabox Test Automation\\Reports\\20220623_182213\\03. Parallel Testing (Testing)\\TS -PT PART 3\\02. Sephora - Full Lifecycle FS Process and Control Tag(Chrome) - headless\\20220623_182213\\1656002757940.png, D:\\Projet Test Auto\\Mediabox Test Automation\\Reports\\20220623_182213\\03. Parallel Testing (Testing)\\TS -PT PART 3\\02. Sephora - Full Lifecycle FS Process and Control Tag(Chrome) - headless\\20220623_182213\\1656002777589.png, D:\\Projet Test Auto\\Mediabox Test Automation\\Reports\\20220623_182213\\03. Parallel Testing (Testing)\\TS -PT PART 3\\02. Sephora - Full Lifecycle FS Process and Control Tag(Chrome) - headless\\20220623_182213\\1656002887897.png, D:\\Projet Test Auto\\Mediabox Test Automation\\Reports\\20220623_182213\\03. Parallel Testing (Testing)\\TS -PT PART 3\\02. Sephora - Full Lifecycle FS Process and Control Tag(Chrome) - headless\\20220623_182213\\1656002907151.png, D:\\Projet Test Auto\\Mediabox Test Automation\\Reports\\20220623_182213\\03. Parallel Testing (Testing)\\TS -PT PART 3\\02. Sephora - Full Lifecycle FS Process and Control Tag(Chrome) - headless\\20220623_182213\\1656002922020.png, D:\\Projet Test Auto\\Mediabox Test Automation\\Reports\\20220623_182213\\03. Parallel Testing (Testing)\\TS -PT PART 3\\02. Sephora - Full Lifecycle FS Process and Control Tag(Chrome) - headless\\20220623_182213\\1656002940812.png, D:\\Projet Test Auto\\Mediabox Test Automation\\Reports\\20220623_182213\\03. Parallel Testing (Testing)\\TS -PT PART 3\\02. Sephora - Full Lifecycle FS Process and Control Tag(Chrome) - headless\\20220623_182213\\1656002993364.png, D:\\Projet Test Auto\\Mediabox Test Automation\\Reports\\20220623_182213\\03. Parallel Testing (Testing)\\TS -PT PART 3\\02. Sephora - Full Lifecycle FS Process and Control Tag(Chrome) - headless\\20220623_182213\\1656002996038.png, D:\\Projet Test Auto\\Mediabox Test Automation\\Reports\\20220623_182213\\03. Parallel Testing (Testing)\\TS -PT PART 3\\02. Sephora - Full Lifecycle FS Process and Control Tag(Chrome) - headless\\20220623_182213\\1656002998313.png, D:\\Projet Test Auto\\Mediabox Test Automation\\Reports\\20220623_182213\\03. Parallel Testing (Testing)\\TS -PT PART 3\\02. Sephora - Full Lifecycle FS Process and Control Tag(Chrome) - headless\\20220623_182213\\1656003007527.png, D:\\Projet Test Auto\\Mediabox Test Automation\\Reports\\20220623_182213\\03. Parallel Testing (Testing)\\TS -PT PART 3\\02. Sephora - Full Lifecycle FS Process and Control Tag(Chrome) - headless\\20220623_182213\\1656003019356.png, D:\\Projet Test Auto\\Mediabox Test Automation\\Reports\\20220623_182213\\03. Parallel Testing (Testing)\\TS -PT PART 3\\02. Sephora - Full Lifecycle FS Process and Control Tag(Chrome) - headless\\20220623_182213\\1656003056653.png, D:\\Projet Test Auto\\Mediabox Test Automation\\Reports\\20220623_182213\\03. Parallel Testing (Testing)\\TS -PT PART 3\\02. Sephora - Full Lifecycle FS Process and Control Tag(Chrome) - headless\\20220623_182213\\1656003063172.png, D:\\Projet Test Auto\\Mediabox Test Automation\\Reports\\20220623_182213\\03. Parallel Testing (Testing)\\TS -PT PART 3\\02. Sephora - Full Lifecycle FS Process and Control Tag(Chrome) - headless\\20220623_182213\\1656003067677.png, D:\\Projet Test Auto\\Mediabox Test Automation\\Reports\\20220623_182213\\03. Parallel Testing (Testing)\\TS -PT PART 3\\02. Sephora - Full Lifecycle FS Process and Control Tag(Chrome) - headless\\20220623_182213\\1656003072272.png, D:\\Projet Test Auto\\Mediabox Test Automation\\Reports\\20220623_182213\\03. Parallel Testing (Testing)\\TS -PT PART 3\\02. Sephora - Full Lifecycle FS Process and Control Tag(Chrome) - headless\\20220623_182213\\1656003077966.png, D:\\Projet Test Auto\\Mediabox Test Automation\\Reports\\20220623_182213\\03. Parallel Testing (Testing)\\TS -PT PART 3\\02. Sephora - Full Lifecycle FS Process and Control Tag(Chrome) - headless\\20220623_182213\\1656003085321.png, D:\\Projet Test Auto\\Mediabox Test Automation\\Reports\\20220623_182213\\03. Parallel Testing (Testing)\\TS -PT PART 3\\02. Sephora - Full Lifecycle FS Process and Control Tag(Chrome) - headless\\20220623_182213\\1656003095413.png, D:\\Projet Test Auto\\Mediabox Test Automation\\Reports\\20220623_182213\\03. Parallel Testing (Testing)\\TS -PT PART 3\\02. Sephora - Full Lifecycle FS Process and Control Tag(Chrome) - headless\\20220623_182213\\1656003215168.png, D:\\Projet Test Auto\\Mediabox Test Automation\\Reports\\20220623_182213\\03. Parallel Testing (Testing)\\TS -PT PART 3\\02. Sephora - Full Lifecycle FS Process and Control Tag(Chrome) - headless\\20220623_182213\\1656003355243.png, D:\\Projet Test Auto\\Mediabox Test Automation\\Reports\\20220623_182213\\03. Parallel Testing (Testing)\\TS -PT PART 3\\02. Sephora - Full Lifecycle FS Process and Control Tag(Chrome) - headless\\20220623_182213\\1656003394155.png, D:\\Projet Test Auto\\Mediabox Test Automation\\Reports\\20220623_182213\\03. Parallel Testing (Testing)\\TS -PT PART 3\\02. Sephora - Full Lifecycle FS Process and Control Tag(Chrome) - headless\\20220623_182213\\1656003502047.png, D:\\Projet Test Auto\\Mediabox Test Automation\\Reports\\20220623_182213\\03. Parallel Testing (Testing)\\TS -PT PART 3\\02. Sephora - Full Lifecycle FS Process and Control Tag(Chrome) - headless\\20220623_182213\\1656003511944.png, D:\\Projet Test Auto\\Mediabox Test Automation\\Reports\\20220623_182213\\03. Parallel Testing (Testing)\\TS -PT PART 3\\02. Sephora - Full Lifecycle FS Process and Control Tag(Chrome) - headless\\20220623_182213\\1656003656893.png, D:\\Projet Test Auto\\Mediabox Test Automation\\Reports\\20220623_182213\\03. Parallel Testing (Testing)\\TS -PT PART 3\\02. Sephora - Full Lifecycle FS Process and Control Tag(Chrome) - headless\\20220623_182213\\1656003690990.png, D:\\Projet Test Auto\\Mediabox Test Automation\\Reports\\20220623_182213\\03. Parallel Testing (Testing)\\TS -PT PART 3\\02. Sephora - Full Lifecycle FS Process and Control Tag(Chrome) - headless\\20220623_182213\\1656003860220.png, D:\\Projet Test Auto\\Mediabox Test Automation\\Reports\\20220623_182213\\03. Parallel Testing (Testing)\\TS -PT PART 3\\02. Sephora - Full Lifecycle FS Process and Control Tag(Chrome) - headless\\20220623_182213\\1656003945815.png, D:\\Projet Test Auto\\Mediabox Test Automation\\Reports\\20220623_182213\\03. Parallel Testing (Testing)\\TS -PT PART 3\\02. Sephora - Full Lifecycle FS Process and Control Tag(Chrome) - headless\\20220623_182213\\1656004004768.png, D:\\Projet Test Auto\\Mediabox Test Automation\\Reports\\20220623_182213\\03. Parallel Testing (Testing)\\TS -PT PART 3\\02. Sephora - Full Lifecycle FS Process and Control Tag(Chrome) - headless\\20220623_182213\\1656004172202.png, D:\\Projet Test Auto\\Mediabox Test Automation\\Reports\\20220623_182213\\03. Parallel Testing (Testing)\\TS -PT PART 3\\02. Sephora - Full Lifecycle FS Process and Control Tag(Chrome) - headless\\20220623_182213\\1656004175311.png, D:\\Projet Test Auto\\Mediabox Test Automation\\Reports\\20220623_182213\\03. Parallel Testing (Testing)\\TS -PT PART 3\\02. Sephora - Full Lifecycle FS Process and Control Tag(Chrome) - headless\\20220623_182213\\1656004179750.png, D:\\Projet Test Auto\\Mediabox Test Automation\\Reports\\20220623_182213\\03. Parallel Testing (Testing)\\TS -PT PART 3\\02. Sephora - Full Lifecycle FS Process and Control Tag(Chrome) - headless\\20220623_182213\\1656004183553.png, D:\\Projet Test Auto\\Mediabox Test Automation\\Reports\\20220623_182213\\03. Parallel Testing (Testing)\\TS -PT PART 3\\02. Sephora - Full Lifecycle FS Process and Control Tag(Chrome) - headless\\20220623_182213\\1656004186668.png, D:\\Projet Test Auto\\Mediabox Test Automation\\Reports\\20220623_182213\\03. Parallel Testing (Testing)\\TS -PT PART 3\\02. Sephora - Full Lifecycle FS Process and Control Tag(Chrome) - headless\\20220623_182213\\1656004191148.png, D:\\Projet Test Auto\\Mediabox Test Automation\\Reports\\20220623_182213\\03. Parallel Testing (Testing)\\TS -PT PART 3\\02. Sephora - Full Lifecycle FS Process and Control Tag(Chrome) - headless\\20220623_182213\\1656004206167.png, D:\\Projet Test Auto\\Mediabox Test Automation\\Reports\\20220623_182213\\03. Parallel Testing (Testing)\\TS -PT PART 3\\02. Sephora - Full Lifecycle FS Process and Control Tag(Chrome) - headless\\20220623_182213\\1656004238565.png, D:\\Projet Test Auto\\Mediabox Test Automation\\Reports\\20220623_182213\\03. Parallel Testing (Testing)\\TS -PT PART 3\\02. Sephora - Full Lifecycle FS Process and Control Tag(Chrome) - headless\\20220623_182213\\1656004365284.png, D:\\Projet Test Auto\\Mediabox Test Automation\\Reports\\20220623_182213\\03. Parallel Testing (Testing)\\TS -PT PART 3\\02. Sephora - Full Lifecycle FS Process and Control Tag(Chrome) - headless\\20220623_182213\\1656004373135.png, D:\\Projet Test Auto\\Mediabox Test Automation\\Reports\\20220623_182213\\03. Parallel Testing (Testing)\\TS -PT PART 3\\02. Sephora - Full Lifecycle FS Process and Control Tag(Chrome) - headless\\20220623_182213\\1656004386703.png, D:\\Projet Test Auto\\Mediabox Test Automation\\Reports\\20220623_182213\\03. Parallel Testing (Testing)\\TS -PT PART 3\\02. Sephora - Full Lifecycle FS Process and Control Tag(Chrome) - headless\\20220623_182213\\1656004492351.png, D:\\Projet Test Auto\\Mediabox Test Automation\\Reports\\20220623_182213\\03. Parallel Testing (Testing)\\TS -PT PART 3\\02. Sephora - Full Lifecycle FS Process and Control Tag(Chrome) - headless\\20220623_182213\\1656004551165.png, D:\\Projet Test Auto\\Mediabox Test Automation\\Reports\\20220623_182213\\03. Parallel Testing (Testing)\\TS -PT PART 3\\02. Sephora - Full Lifecycle FS Process and Control Tag(Chrome) - headless\\20220623_182213\\1656004671700.png, D:\\Projet Test Auto\\Mediabox Test Automation\\Reports\\20220623_182213\\03. Parallel Testing (Testing)\\TS -PT PART 3\\02. Sephora - Full Lifecycle FS Process and Control Tag(Chrome) - headless\\20220623_182213\\1656004710296.png, D:\\Projet Test Auto\\Mediabox Test Automation\\Reports\\20220623_182213\\03. Parallel Testing (Testing)\\TS -PT PART 3\\02. Sephora - Full Lifecycle FS Process and Control Tag(Chrome) - headless\\20220623_182213\\1656004752625.png, D:\\Projet Test Auto\\Mediabox Test Automation\\Reports\\20220623_182213\\03. Parallel Testing (Testing)\\TS -PT PART 3\\02. Sephora - Full Lifecycle FS Process and Control Tag(Chrome) - headless\\20220623_182213\\1656004757517.png, D:\\Projet Test Auto\\Mediabox Test Automation\\Reports\\20220623_182213\\03. Parallel Testing (Testing)\\TS -PT PART 3\\02. Sephora - Full Lifecycle FS Process and Control Tag(Chrome) - headless\\20220623_182213\\1656004772300.png, D:\\Projet Test Auto\\Mediabox Test Automation\\Reports\\20220623_182213\\03. Parallel Testing (Testing)\\TS -PT PART 3\\02. Sephora - Full Lifecycle FS Process and Control Tag(Chrome) - headless\\20220623_182213\\1656004853545.png, D:\\Projet Test Auto\\Mediabox Test Automation\\Reports\\20220623_182213\\03. Parallel Testing (Testing)\\TS -PT PART 3\\02. Sephora - Full Lifecycle FS Process and Control Tag(Chrome) - headless\\20220623_182213\\1656004884173.png, D:\\Projet Test Auto\\Mediabox Test Automation\\Reports\\20220623_182213\\03. Parallel Testing (Testing)\\TS -PT PART 3\\02. Sephora - Full Lifecycle FS Process and Control Tag(Chrome) - headless\\20220623_182213\\1656004998048.png, D:\\Projet Test Auto\\Mediabox Test Automation\\Reports\\20220623_182213\\03. Parallel Testing (Testing)\\TS -PT PART 3\\02. Sephora - Full Lifecycle FS Process and Control Tag(Chrome) - headless\\20220623_182213\\1656005000706.png, D:\\Projet Test Auto\\Mediabox Test Automation\\Reports\\20220623_182213\\03. Parallel Testing (Testing)\\TS -PT PART 3\\02. Sephora - Full Lifecycle FS Process and Control Tag(Chrome) - headless\\20220623_182213\\1656005027041.png, D:\\Projet Test Auto\\Mediabox Test Automation\\Reports\\20220623_182213\\03. Parallel Testing (Testing)\\TS -PT PART 3\\02. Sephora - Full Lifecycle FS Process and Control Tag(Chrome) - headless\\20220623_182213\\1656005036809.png, D:\\Projet Test Auto\\Mediabox Test Automation\\Reports\\20220623_182213\\03. Parallel Testing (Testing)\\TS -PT PART 3\\02. Sephora - Full Lifecycle FS Process and Control Tag(Chrome) - headless\\20220623_182213\\1656005118494.png, D:\\Projet Test Auto\\Mediabox Test Automation\\Reports\\20220623_182213\\03. Parallel Testing (Testing)\\TS -PT PART 3\\02. Sephora - Full Lifecycle FS Process and Control Tag(Chrome) - headless\\20220623_182213\\1656005124344.png, D:\\Projet Test Auto\\Mediabox Test Automation\\Reports\\20220623_182213\\03. Parallel Testing (Testing)\\TS -PT PART 3\\02. Sephora - Full Lifecycle FS Process and Control Tag(Chrome) - headless\\20220623_182213\\1656005134392.png, D:\\Projet Test Auto\\Mediabox Test Automation\\Reports\\20220623_182213\\03. Parallel Testing (Testing)\\TS -PT PART 3\\02. Sephora - Full Lifecycle FS Process and Control Tag(Chrome) - headless\\20220623_182213\\1656005144202.png, D:\\Projet Test Auto\\Mediabox Test Automation\\Reports\\20220623_182213\\03. Parallel Testing (Testing)\\TS -PT PART 3\\02. Sephora - Full Lifecycle FS Process and Control Tag(Chrome) - headless\\20220623_182213\\1656005173504.png, D:\\Projet Test Auto\\Mediabox Test Automation\\Reports\\20220623_182213\\03. Parallel Testing (Testing)\\TS -PT PART 3\\02. Sephora - Full Lifecycle FS Process and Control Tag(Chrome) - headless\\20220623_182213\\1656005281863.png, D:\\Projet Test Auto\\Mediabox Test Automation\\Reports\\20220623_182213\\03. Parallel Testing (Testing)\\TS -PT PART 3\\02. Sephora - Full Lifecycle FS Process and Control Tag(Chrome) - headless\\20220623_182213\\1656005285694.png, D:\\Projet Test Auto\\Mediabox Test Automation\\Reports\\20220623_182213\\03. Parallel Testing (Testing)\\TS -PT PART 3\\02. Sephora - Full Lifecycle FS Process and Control Tag(Chrome) - headless\\20220623_182213\\1656005318393.png, D:\\Projet Test Auto\\Mediabox Test Automation\\Reports\\20220623_182213\\03. Parallel Testing (Testing)\\TS -PT PART 3\\02. Sephora - Full Lifecycle FS Process and Control Tag(Chrome) - headless\\20220623_182213\\1656005333434.png, D:\\Projet Test Auto\\Mediabox Test Automation\\Reports\\20220623_182213\\03. Parallel Testing (Testing)\\TS -PT PART 3\\02. Sephora - Full Lifecycle FS Process and Control Tag(Chrome) - headless\\20220623_182213\\1656005441579.png, D:\\Projet Test Auto\\Mediabox Test Automation\\Reports\\20220623_182213\\03. Parallel Testing (Testing)\\TS -PT PART 3\\02. Sephora - Full Lifecycle FS Process and Control Tag(Chrome) - headless\\20220623_182213\\1656005443641.png, D:\\Projet Test Auto\\Mediabox Test Automation\\Reports\\20220623_182213\\03. Parallel Testing (Testing)\\TS -PT PART 3\\02. Sephora - Full Lifecycle FS Process and Control Tag(Chrome) - headless\\20220623_182213\\1656005457779.png, D:\\Projet Test Auto\\Mediabox Test Automation\\Reports\\20220623_182213\\03. Parallel Testing (Testing)\\TS -PT PART 3\\02. Sephora - Full Lifecycle FS Process and Control Tag(Chrome) - headless\\20220623_182213\\1656005485097.png, D:\\Projet Test Auto\\Mediabox Test Automation\\Reports\\20220623_182213\\03. Parallel Testing (Testing)\\TS -PT PART 3\\02. Sephora - Full Lifecycle FS Process and Control Tag(Chrome) - headless\\20220623_182213\\1656005622390.png, D:\\Projet Test Auto\\Mediabox Test Automation\\Reports\\20220623_182213\\03. Parallel Testing (Testing)\\TS -PT PART 3\\02. Sephora - Full Lifecycle FS Process and Control Tag(Chrome) - headless\\20220623_182213\\1656005778487.png, D:\\Projet Test Auto\\Mediabox Test Automation\\Reports\\20220623_182213\\03. Parallel Testing (Testing)\\TS -PT PART 3\\02. Sephora - Full Lifecycle FS Process and Control Tag(Chrome) - headless\\20220623_182213\\1656005780984.png, D:\\Projet Test Auto\\Mediabox Test Automation\\Reports\\20220623_182213\\03. Parallel Testing (Testing)\\TS -PT PART 3\\02. Sephora - Full Lifecycle FS Process and Control Tag(Chrome) - headless\\20220623_182213\\1656005810820.png, D:\\Projet Test Auto\\Mediabox Test Automation\\Reports\\20220623_182213\\03. Parallel Testing (Testing)\\TS -PT PART 3\\02. Sephora - Full Lifecycle FS Process and Control Tag(Chrome) - headless\\20220623_182213\\1656005821817.png, D:\\Projet Test Auto\\Mediabox Test Automation\\Reports\\20220623_182213\\03. Parallel Testing (Testing)\\TS -PT PART 3\\02. Sephora - Full Lifecycle FS Process and Control Tag(Chrome) - headless\\20220623_182213\\1656005936619.png, D:\\Projet Test Auto\\Mediabox Test Automation\\Reports\\20220623_182213\\03. Parallel Testing (Testing)\\TS -PT PART 3\\02. Sephora - Full Lifecycle FS Process and Control Tag(Chrome) - headless\\20220623_182213\\1656005940034.png, D:\\Projet Test Auto\\Mediabox Test Automation\\Reports\\20220623_182213\\03. Parallel Testing (Testing)\\TS -PT PART 3\\02. Sephora - Full Lifecycle FS Process and Control Tag(Chrome) - headless\\20220623_182213\\1656005963179.png, D:\\Projet Test Auto\\Mediabox Test Automation\\Reports\\20220623_182213\\03. Parallel Testing (Testing)\\TS -PT PART 3\\02. Sephora - Full Lifecycle FS Process and Control Tag(Chrome) - headless\\20220623_182213\\1656005971140.png, D:\\Projet Test Auto\\Mediabox Test Automation\\Reports\\20220623_182213\\03. Parallel Testing (Testing)\\TS -PT PART 3\\02. Sephora - Full Lifecycle FS Process and Control Tag(Chrome) - headless\\20220623_182213\\1656005977237.png, D:\\Projet Test Auto\\Mediabox Test Automation\\Reports\\20220623_182213\\03. Parallel Testing (Testing)\\TS -PT PART 3\\02. Sephora - Full Lifecycle FS Process and Control Tag(Chrome) - headless\\20220623_182213\\1656005987044.png, D:\\Projet Test Auto\\Mediabox Test Automation\\Reports\\20220623_182213\\03. Parallel Testing (Testing)\\TS -PT PART 3\\02. Sephora - Full Lifecycle FS Process and Control Tag(Chrome) - headless\\20220623_182213\\1656006076025.png, D:\\Projet Test Auto\\Mediabox Test Automation\\Reports\\20220623_182213\\03. Parallel Testing (Testing)\\TS -PT PART 3\\02. Sephora - Full Lifecycle FS Process and Control Tag(Chrome) - headless\\20220623_182213\\1656006138989.png, D:\\Projet Test Auto\\Mediabox Test Automation\\Reports\\20220623_182213\\03. Parallel Testing (Testing)\\TS -PT PART 3\\02. Sephora - Full Lifecycle FS Process and Control Tag(Chrome) - headless\\20220623_182213\\1656006168452.png, D:\\Projet Test Auto\\Mediabox Test Automation\\Reports\\20220623_182213\\03. Parallel Testing (Testing)\\TS -PT PART 3\\02. Sephora - Full Lifecycle FS Process and Control Tag(Chrome) - headless\\20220623_182213\\1656006297725.png, D:\\Projet Test Auto\\Mediabox Test Automation\\Reports\\20220623_182213\\03. Parallel Testing (Testing)\\TS -PT PART 3\\02. Sephora - Full Lifecycle FS Process and Control Tag(Chrome) - headless\\20220623_182213\\1656006299828.png, D:\\Projet Test Auto\\Mediabox Test Automation\\Reports\\20220623_182213\\03. Parallel Testing (Testing)\\TS -PT PART 3\\02. Sephora - Full Lifecycle FS Process and Control Tag(Chrome) - headless\\20220623_182213\\1656006323551.png, D:\\Projet Test Auto\\Mediabox Test Automation\\Reports\\20220623_182213\\03. Parallel Testing (Testing)\\TS -PT PART 3\\02. Sephora - Full Lifecycle FS Process and Control Tag(Chrome) - headless\\20220623_182213\\1656006429891.png, D:\\Projet Test Auto\\Mediabox Test Automation\\Reports\\20220623_182213\\03. Parallel Testing (Testing)\\TS -PT PART 3\\02. Sephora - Full Lifecycle FS Process and Control Tag(Chrome) - headless\\20220623_182213\\1656006463017.png, D:\\Projet Test Auto\\Mediabox Test Automation\\Reports\\20220623_182213\\03. Parallel Testing (Testing)\\TS -PT PART 3\\02. Sephora - Full Lifecycle FS Process and Control Tag(Chrome) - headless\\20220623_182213\\1656006481225.png, D:\\Projet Test Auto\\Mediabox Test Automation\\Reports\\20220623_182213\\03. Parallel Testing (Testing)\\TS -PT PART 3\\02. Sephora - Full Lifecycle FS Process and Control Tag(Chrome) - headless\\20220623_182213\\1656006484454.png, D:\\Projet Test Auto\\Mediabox Test Automation\\Reports\\20220623_182213\\03. Parallel Testing (Testing)\\TS -PT PART 3\\02. Sephora - Full Lifecycle FS Process and Control Tag(Chrome) - headless\\20220623_182213\\1656006492902.png, D:\\Projet Test Auto\\Mediabox Test Automation\\Reports\\20220623_182213\\03. Parallel Testing (Testing)\\TS -PT PART 3\\02. Sephora - Full Lifecycle FS Process and Control Tag(Chrome) - headless\\20220623_182213\\1656006654719.png, D:\\Projet Test Auto\\Mediabox Test Automation\\Reports\\20220623_182213\\03. Parallel Testing (Testing)\\TS -PT PART 3\\02. Sephora - Full Lifecycle FS Process and Control Tag(Chrome) - headless\\20220623_182213\\1656006683932.png, D:\\Projet Test Auto\\Mediabox Test Automation\\Reports\\20220623_182213\\03. Parallel Testing (Testing)\\TS -PT PART 3\\02. Sephora - Full Lifecycle FS Process and Control Tag(Chrome) - headless\\20220623_182213\\1656006821125.png, D:\\Projet Test Auto\\Mediabox Test Automation\\Reports\\20220623_182213\\03. Parallel Testing (Testing)\\TS -PT PART 3\\02. Sephora - Full Lifecycle FS Process and Control Tag(Chrome) - headless\\20220623_182213\\1656006896421.png, D:\\Projet Test Auto\\Mediabox Test Automation\\Reports\\20220623_182213\\03. Parallel Testing (Testing)\\TS -PT PART 3\\02. Sephora - Full Lifecycle FS Process and Control Tag(Chrome) - headless\\20220623_182213\\1656007017942.png, D:\\Projet Test Auto\\Mediabox Test Automation\\Reports\\20220623_182213\\03. Parallel Testing (Testing)\\TS -PT PART 3\\02. Sephora - Full Lifecycle FS Process and Control Tag(Chrome) - headless\\20220623_182213\\1656007053957.png"/>
         <property name="hostName" value="lamhe - DPF-MBI-VERIF.ad.sgsco.int"/>
         <property name="os" value="Windows 10 64bit"/>
         <property name="katalonVersion" value="8.3.0.208"/>
         <property name="browser" value="Chrome 102.0.5005.115"/>
         <property name="hostAddress" value="10.15.10.53"/>
         <property name="sessionId" value="da3315d8048ab68769a8a037e83ee084"/>
         <property name="seleniumVersion" value="3.141.59"/>
         <property name="proxyInformation" value="ProxyInformation { proxyOption=NO_PROXY, proxyServerType=HTTP, username=, password=********, proxyServerAddress=, proxyServerPort=0, executionList=&quot;&quot;, isApplyToDesiredCapabilities=true }"/>
         <property name="platform" value="Windows 10"/>
      </properties>
      <testcase name="Test Cases/19. Dreyers Support Action (Ongoing ref_completed)/19.01 Dreyers SAS Add Step (Ongoing ref) S4 - P1" time="369.686" classname="Test Cases/19. Dreyers Support Action (Ongoing ref_completed)/19.01 Dreyers SAS Add Step (Ongoing ref) S4 - P1" status="PASSED">
         <system-out><![CDATA[2022-06-23 18:22:25 - [TEST_CASE][PASSED] - Test Cases/19. Dreyers Support Action (Ongoing ref_completed)/19.01 Dreyers SAS Add Step (Ongoing ref) S4 - P1: Test Cases/19. Dreyers Support Action (Ongoing ref_completed)/19.01 Dreyers SAS Add Step (Ongoing ref) S4 - P1

2022-06-23 18:22:27 - [TEST_STEP][PASSED] - data_Dreyers = findTestData("Data Files/Username_Password/Dreyer"): null

2022-06-23 18:22:27 - [TEST_STEP][PASSED] - password_blemco = data_Dreyers.getValue(2, 2): null

2022-06-23 18:22:27 - [TEST_STEP][PASSED] - password_nturner = data_Dreyers.getValue(2, 6): null

2022-06-23 18:22:27 - [TEST_STEP][PASSED] - data_urlRELAUTO = findTestData("Data Files/URL/URL_relauto"): null

2022-06-23 18:22:27 - [TEST_STEP][PASSED] - Url_Dreyer = data_urlRELAUTO.getValue(2, 4): null

2022-06-23 18:22:27 - [TEST_STEP][PASSED] - I.clearnotepad("D:\Upoad_File\Projet_ Login\Dreyers\19.1\19.1_Dreyers_ProjectNo.txt"): null

2022-06-23 18:22:28 - [TEST_STEP][PASSED] - I.clearnotepad("D:\Upoad_File\Projet_ Login\Dreyers\19.1\19.1_Dreyers_refID.txt"): null

2022-06-23 18:22:28 - [TEST_STEP][PASSED] - openBrowser(Url_Dreyer): Browser is opened with url: 'http://mdb-release.diadeis.lan/MediaboxIndependence/?MBI_datasource=RELTESTAUTO_DREYERS'

2022-06-23 18:22:29 - [MESSAGE][INFO] - Starting 'Chrome' driver

2022-06-23 18:22:29 - [MESSAGE][INFO] - User set preference: ['arg', '[[--lang=en-GB]]']

2022-06-23 18:22:29 - [MESSAGE][INFO] - Action delay is set to 0 milliseconds

2022-06-23 18:22:53 - [MESSAGE][PASSED] - Browser is opened with url: 'http://mdb-release.diadeis.lan/MediaboxIndependence/?MBI_datasource=RELTESTAUTO_DREYERS'

2022-06-23 18:22:53 - [TEST_STEP][PASSED] - maximizeWindow(): Current window maximized

2022-06-23 18:22:53 - [MESSAGE][PASSED] - Current window maximized

2022-06-23 18:22:53 - [TEST_STEP][PASSED] - I.Login_password("blemco", password_blemco): Object: 'Object Repository/1. Constant/xpath' is clicked on

2022-06-23 18:22:55 - [MESSAGE][PASSED] - Text 'blemco' is set on object 'Object Repository/1. Constant/xpath'

2022-06-23 18:22:56 - [MESSAGE][PASSED] - Delayed 1 second(s)

2022-06-23 18:22:57 - [MESSAGE][PASSED] - Text 'diadeis1' is set on object 'Object Repository/1. Constant/xpath'

2022-06-23 18:22:58 - [MESSAGE][PASSED] - Delayed 1 second(s)

2022-06-23 18:23:13 - [MESSAGE][PASSED] - Object: 'Object Repository/1. Constant/xpath' is clicked on

2022-06-23 18:23:13 - [TEST_STEP][PASSED] - takeScreenshot(): Taking screenshot successfully

2022-06-23 18:23:15 - [MESSAGE][PASSED] - Taking screenshot successfully
[[ATTACHMENT|D:\\Projet Test Auto\\Mediabox Test Automation\\Reports\\20220623_182213\\03. Parallel Testing (Testing)\\TS -PT PART 3\\02. Sephora - Full Lifecycle FS Process and Control Tag(Chrome) - headless\\20220623_182213\\1656001393992.png]]

2022-06-23 18:23:15 - [TEST_STEP][PASSED] - click(findTestObject("1. Constant/02_LHSMenu_Projects")): Object: 'Object Repository/1. Constant/02_LHSMenu_Projects' is clicked on

2022-06-23 18:23:21 - [MESSAGE][PASSED] - Object: 'Object Repository/1. Constant/02_LHSMenu_Projects' is clicked on

2022-06-23 18:23:21 - [TEST_STEP][PASSED] - click(findTestObject("1. Constant/xpath", ["xpath":"//*[@id="kt_content"]/div[3]/div/div/div[1]/div[2]/a[1]"])): Object: 'Object Repository/1. Constant/xpath' is clicked on

2022-06-23 18:23:29 - [MESSAGE][PASSED] - Object: 'Object Repository/1. Constant/xpath' is clicked on

2022-06-23 18:23:29 - [TEST_STEP][PASSED] - takeScreenshot(): Taking screenshot successfully

2022-06-23 18:23:30 - [MESSAGE][PASSED] - Taking screenshot successfully
[[ATTACHMENT|D:\\Projet Test Auto\\Mediabox Test Automation\\Reports\\20220623_182213\\03. Parallel Testing (Testing)\\TS -PT PART 3\\02. Sephora - Full Lifecycle FS Process and Control Tag(Chrome) - headless\\20220623_182213\\1656001409862.png]]

2022-06-23 18:23:30 - [TEST_STEP][PASSED] - I.click_button_javascript(findTestObject("1. Constant/xpath", ["xpath":"//*[@id="field_var_24"]/div/div/label[2]"])): Execute JavaScript 'arguments[0].click()' successfully

2022-06-23 18:23:31 - [MESSAGE][PASSED] - Execute JavaScript 'arguments[0].click()' successfully

2022-06-23 18:23:31 - [TEST_STEP][PASSED] - selectOptionByValue(findTestObject("1. Constant/xpath", ["xpath":"//*[@id="var_89"]"]), "123", false): All options with value '123' are selected in object 'Object Repository/1. Constant/xpath' 

2022-06-23 18:23:35 - [MESSAGE][PASSED] - All options with value '123' are selected in object 'Object Repository/1. Constant/xpath' 

2022-06-23 18:23:35 - [TEST_STEP][PASSED] - I.select_multiplelist("//*[@id="selSource_25"]", "//*[@id="btnAdd_25"]", "blemco"): Delayed 1 second(s)

2022-06-23 18:23:36 - [MESSAGE][PASSED] - Delayed 1 second(s)

2022-06-23 18:23:39 - [MESSAGE][PASSED] - All options with value 'blemco' are selected in object 'Object Repository/1. Constant/xpath' 

2022-06-23 18:23:41 - [MESSAGE][PASSED] - Delayed 2 second(s)

2022-06-23 18:23:42 - [MESSAGE][PASSED] - Object: 'Object Repository/1. Constant/xpath' is clicked on

2022-06-23 18:23:43 - [MESSAGE][PASSED] - Delayed 1 second(s)

2022-06-23 18:23:43 - [TEST_STEP][PASSED] - selectOptionByValue(findTestObject("1. Constant/xpath", ["xpath":"//*[@id="var_9"]"]), "18", false): All options with value '18' are selected in object 'Object Repository/1. Constant/xpath' 

2022-06-23 18:23:45 - [MESSAGE][PASSED] - All options with value '18' are selected in object 'Object Repository/1. Constant/xpath' 

2022-06-23 18:23:45 - [TEST_STEP][PASSED] - selectOptionByValue(findTestObject("1. Constant/xpath", ["xpath":"//*[@id="var_52"]"]), "111", false): All options with value '111' are selected in object 'Object Repository/1. Constant/xpath' 

2022-06-23 18:23:47 - [MESSAGE][PASSED] - All options with value '111' are selected in object 'Object Repository/1. Constant/xpath' 

2022-06-23 18:23:47 - [TEST_STEP][PASSED] - project_name = "Auto_SAS_" + RandomStringUtils.randomAlphanumeric(3) + "_" + I.gettimedate(): null

2022-06-23 18:23:47 - [TEST_STEP][PASSED] - setText(findTestObject("1. Constant/xpath", ["xpath":"//*[@id="var_91"]"]), project_name): Text 'Auto_SAS_Z55_juin232022_182347' is set on object 'Object Repository/1. Constant/xpath'

2022-06-23 18:23:51 - [MESSAGE][PASSED] - Text 'Auto_SAS_Z55_juin232022_182347' is set on object 'Object Repository/1. Constant/xpath'

2022-06-23 18:23:51 - [TEST_STEP][PASSED] - selectOptionByValue(findTestObject("1. Constant/xpath", ["xpath":"//*[@id="var_30"]"]), "97", false): All options with value '97' are selected in object 'Object Repository/1. Constant/xpath' 

2022-06-23 18:23:54 - [MESSAGE][PASSED] - All options with value '97' are selected in object 'Object Repository/1. Constant/xpath' 

2022-06-23 18:23:54 - [TEST_STEP][PASSED] - selectOptionByValue(findTestObject("1. Constant/xpath", ["xpath":"//*[@id="var_11"]"]), "334", false): All options with value '334' are selected in object 'Object Repository/1. Constant/xpath' 

2022-06-23 18:23:57 - [MESSAGE][PASSED] - All options with value '334' are selected in object 'Object Repository/1. Constant/xpath' 

2022-06-23 18:23:57 - [TEST_STEP][PASSED] - setText(findTestObject("1. Constant/xpath", ["xpath":"//*[@id="var_22"]"]), "01/01/2030"): Text '01/01/2030' is set on object 'Object Repository/1. Constant/xpath'

2022-06-23 18:23:59 - [MESSAGE][PASSED] - Text '01/01/2030' is set on object 'Object Repository/1. Constant/xpath'

2022-06-23 18:23:59 - [TEST_STEP][PASSED] - setText(findTestObject("1. Constant/xpath", ["xpath":"//*[@id="var_23"]"]), "01/01/2030"): Text '01/01/2030' is set on object 'Object Repository/1. Constant/xpath'

2022-06-23 18:24:01 - [MESSAGE][PASSED] - Text '01/01/2030' is set on object 'Object Repository/1. Constant/xpath'

2022-06-23 18:24:01 - [TEST_STEP][PASSED] - setText(findTestObject("1. Constant/xpath", ["xpath":"//*[@id="var_14"]"]), "01/01/2030"): Text '01/01/2030' is set on object 'Object Repository/1. Constant/xpath'

2022-06-23 18:24:03 - [MESSAGE][PASSED] - Text '01/01/2030' is set on object 'Object Repository/1. Constant/xpath'

2022-06-23 18:24:03 - [TEST_STEP][PASSED] - selectOptionByValue(findTestObject("1. Constant/xpath", ["xpath":"//*[@id="selSource_13"]"]), "mbaughman", false): All options with value 'mbaughman' are selected in object 'Object Repository/1. Constant/xpath' 

2022-06-23 18:24:04 - [MESSAGE][PASSED] - All options with value 'mbaughman' are selected in object 'Object Repository/1. Constant/xpath' 

2022-06-23 18:24:04 - [TEST_STEP][PASSED] - I.select_multiplelist("//*[@id="selSource_13"]", "//*[@id="btnAdd_13"]", "rjaiven"): Delayed 1 second(s)

2022-06-23 18:24:05 - [MESSAGE][PASSED] - Delayed 1 second(s)

2022-06-23 18:24:06 - [MESSAGE][PASSED] - All options with value 'rjaiven' are selected in object 'Object Repository/1. Constant/xpath' 

2022-06-23 18:24:08 - [MESSAGE][PASSED] - Delayed 2 second(s)

2022-06-23 18:24:09 - [MESSAGE][PASSED] - Object: 'Object Repository/1. Constant/xpath' is clicked on

2022-06-23 18:24:10 - [MESSAGE][PASSED] - Delayed 1 second(s)

2022-06-23 18:24:10 - [TEST_STEP][PASSED] - selectOptionByValue(findTestObject("1. Constant/xpath", ["xpath":"//*[@id="selSource_27"]"]), "amassoth", false): All options with value 'amassoth' are selected in object 'Object Repository/1. Constant/xpath' 

2022-06-23 18:24:14 - [MESSAGE][PASSED] - All options with value 'amassoth' are selected in object 'Object Repository/1. Constant/xpath' 

2022-06-23 18:24:14 - [TEST_STEP][PASSED] - I.select_multiplelist("//*[@id="selSource_27"]", "//*[@id="btnAdd_27"]", "nturner"): Delayed 1 second(s)

2022-06-23 18:24:15 - [MESSAGE][PASSED] - Delayed 1 second(s)

2022-06-23 18:24:16 - [MESSAGE][PASSED] - All options with value 'nturner' are selected in object 'Object Repository/1. Constant/xpath' 

2022-06-23 18:24:18 - [MESSAGE][PASSED] - Delayed 2 second(s)

2022-06-23 18:24:21 - [MESSAGE][PASSED] - Object: 'Object Repository/1. Constant/xpath' is clicked on

2022-06-23 18:24:22 - [MESSAGE][PASSED] - Delayed 1 second(s)

2022-06-23 18:24:22 - [TEST_STEP][PASSED] - I.select_multiplelist("//*[@id="selSource_167"]", "//*[@id="btnAdd_167"]", "lmary"): Delayed 1 second(s)

2022-06-23 18:24:23 - [MESSAGE][PASSED] - Delayed 1 second(s)

2022-06-23 18:24:26 - [MESSAGE][PASSED] - All options with value 'lmary' are selected in object 'Object Repository/1. Constant/xpath' 

2022-06-23 18:24:28 - [MESSAGE][PASSED] - Delayed 2 second(s)

2022-06-23 18:24:29 - [MESSAGE][PASSED] - Object: 'Object Repository/1. Constant/xpath' is clicked on

2022-06-23 18:24:30 - [MESSAGE][PASSED] - Delayed 1 second(s)

2022-06-23 18:24:30 - [TEST_STEP][PASSED] - selectOptionByValue(findTestObject("1. Constant/xpath", ["xpath":"//*[@id="selSource_166"]"]), "bbenjamin", false): All options with value 'bbenjamin' are selected in object 'Object Repository/1. Constant/xpath' 

2022-06-23 18:24:33 - [MESSAGE][PASSED] - All options with value 'bbenjamin' are selected in object 'Object Repository/1. Constant/xpath' 

2022-06-23 18:24:33 - [TEST_STEP][PASSED] - I.select_multiplelist("//*[@id="selSource_166"]", "//*[@id="btnAdd_166"]", "lschwabe"): Delayed 1 second(s)

2022-06-23 18:24:34 - [MESSAGE][PASSED] - Delayed 1 second(s)

2022-06-23 18:24:36 - [MESSAGE][PASSED] - All options with value 'lschwabe' are selected in object 'Object Repository/1. Constant/xpath' 

2022-06-23 18:24:39 - [MESSAGE][PASSED] - Delayed 2 second(s)

2022-06-23 18:24:39 - [MESSAGE][PASSED] - Object: 'Object Repository/1. Constant/xpath' is clicked on

2022-06-23 18:24:40 - [MESSAGE][PASSED] - Delayed 1 second(s)

2022-06-23 18:24:40 - [TEST_STEP][PASSED] - I.select_multiplelist("//*[@id="selSource_26"]", "//*[@id="btnAdd_26"]", "talexeeva"): Delayed 1 second(s)

2022-06-23 18:24:41 - [MESSAGE][PASSED] - Delayed 1 second(s)

2022-06-23 18:24:43 - [MESSAGE][PASSED] - All options with value 'talexeeva' are selected in object 'Object Repository/1. Constant/xpath' 

2022-06-23 18:24:45 - [MESSAGE][PASSED] - Delayed 2 second(s)

2022-06-23 18:24:45 - [MESSAGE][PASSED] - Object: 'Object Repository/1. Constant/xpath' is clicked on

2022-06-23 18:24:46 - [MESSAGE][PASSED] - Delayed 1 second(s)

2022-06-23 18:24:46 - [TEST_STEP][PASSED] - selectOptionByValue(findTestObject("1. Constant/xpath", ["xpath":"//*[@id="selSource_29"]"]), "bharandi", false): All options with value 'bharandi' are selected in object 'Object Repository/1. Constant/xpath' 

2022-06-23 18:24:48 - [MESSAGE][PASSED] - All options with value 'bharandi' are selected in object 'Object Repository/1. Constant/xpath' 

2022-06-23 18:24:48 - [TEST_STEP][PASSED] - selectOptionByValue(findTestObject("1. Constant/xpath", ["xpath":"//*[@id="selSource_29"]"]), "bmilhomme", false): All options with value 'bmilhomme' are selected in object 'Object Repository/1. Constant/xpath' 

2022-06-23 18:24:49 - [MESSAGE][PASSED] - All options with value 'bmilhomme' are selected in object 'Object Repository/1. Constant/xpath' 

2022-06-23 18:24:49 - [TEST_STEP][PASSED] - I.select_multiplelist("//*[@id="selSource_29"]", "//*[@id="btnAdd_29"]", "rmorrone_2"): Delayed 1 second(s)

2022-06-23 18:24:50 - [MESSAGE][PASSED] - Delayed 1 second(s)

2022-06-23 18:24:51 - [MESSAGE][PASSED] - All options with value 'rmorrone_2' are selected in object 'Object Repository/1. Constant/xpath' 

2022-06-23 18:24:53 - [MESSAGE][PASSED] - Delayed 2 second(s)

2022-06-23 18:24:55 - [MESSAGE][PASSED] - Object: 'Object Repository/1. Constant/xpath' is clicked on

2022-06-23 18:24:56 - [MESSAGE][PASSED] - Delayed 1 second(s)

2022-06-23 18:24:56 - [TEST_STEP][PASSED] - I.Pagedown(): Execute JavaScript 'window.scrollTo(0, document.body.scrollHeight)' successfully

2022-06-23 18:24:57 - [MESSAGE][PASSED] - Execute JavaScript 'window.scrollTo(0, document.body.scrollHeight)' successfully

2022-06-23 18:24:57 - [TEST_STEP][PASSED] - takeScreenshot(): Taking screenshot successfully

2022-06-23 18:24:58 - [MESSAGE][PASSED] - Taking screenshot successfully
[[ATTACHMENT|D:\\Projet Test Auto\\Mediabox Test Automation\\Reports\\20220623_182213\\03. Parallel Testing (Testing)\\TS -PT PART 3\\02. Sephora - Full Lifecycle FS Process and Control Tag(Chrome) - headless\\20220623_182213\\1656001498472.png]]

2022-06-23 18:24:58 - [TEST_STEP][PASSED] - delay(6): Delayed 6 second(s)

2022-06-23 18:25:04 - [MESSAGE][PASSED] - Delayed 6 second(s)

2022-06-23 18:25:04 - [TEST_STEP][PASSED] - click(findTestObject("1. Constant/xpath", ["xpath":"//*[@id="ModifFiche"]/div[3]/div/button"])): Object: 'Object Repository/1. Constant/xpath' is clicked on

2022-06-23 18:25:15 - [MESSAGE][PASSED] - Object: 'Object Repository/1. Constant/xpath' is clicked on

2022-06-23 18:25:15 - [TEST_STEP][PASSED] - delay(2): Delayed 2 second(s)

2022-06-23 18:25:17 - [MESSAGE][PASSED] - Delayed 2 second(s)

2022-06-23 18:25:17 - [TEST_STEP][PASSED] - Project_No = I.ProjectNo(): Current window's url is: 'http://mdb-release.diadeis.lan/MediaboxIndependence/Base/ExecAction?IDSession=MBI%21RELTESTAUTO_DREYERS%21EBP54AG3ALE4EYOL07YYOWGTHDUDN81CPHWRZI0N&default_action=AfficheFichesProjet&id_project=MI000883'

2022-06-23 18:25:22 - [MESSAGE][PASSED] - Delayed 5 second(s)

2022-06-23 18:25:22 - [MESSAGE][PASSED] - Current window's url is: 'http://mdb-release.diadeis.lan/MediaboxIndependence/Base/ExecAction?IDSession=MBI%21RELTESTAUTO_DREYERS%21EBP54AG3ALE4EYOL07YYOWGTHDUDN81CPHWRZI0N&default_action=AfficheFichesProjet&id_project=MI000883'

2022-06-23 18:25:22 - [TEST_STEP][PASSED] - takeScreenshot(): Taking screenshot successfully

2022-06-23 18:25:24 - [MESSAGE][PASSED] - Taking screenshot successfully
[[ATTACHMENT|D:\\Projet Test Auto\\Mediabox Test Automation\\Reports\\20220623_182213\\03. Parallel Testing (Testing)\\TS -PT PART 3\\02. Sephora - Full Lifecycle FS Process and Control Tag(Chrome) - headless\\20220623_182213\\1656001523672.png]]

2022-06-23 18:25:24 - [TEST_STEP][PASSED] - click(findTestObject("1. Constant/xpath", ["xpath":"//*[@id="create_ref_btn"]/button"])): Object: 'Object Repository/1. Constant/xpath' is clicked on

2022-06-23 18:25:25 - [MESSAGE][PASSED] - Object: 'Object Repository/1. Constant/xpath' is clicked on

2022-06-23 18:25:25 - [TEST_STEP][PASSED] - delay(1): Delayed 1 second(s)

2022-06-23 18:25:26 - [MESSAGE][PASSED] - Delayed 1 second(s)

2022-06-23 18:25:26 - [TEST_STEP][PASSED] - click(findTestObject("1. Constant/xpath", ["xpath":"//*[@id="create_ref_btn"]/div/a"])): Object: 'Object Repository/1. Constant/xpath' is clicked on

2022-06-23 18:25:30 - [MESSAGE][PASSED] - Object: 'Object Repository/1. Constant/xpath' is clicked on

2022-06-23 18:25:30 - [TEST_STEP][PASSED] - selectOptionByValue(findTestObject("1. Constant/xpath", ["xpath":"//*[@id="lfc_tpl"]"]), "36", false): All options with value '36' are selected in object 'Object Repository/1. Constant/xpath' 

2022-06-23 18:25:33 - [MESSAGE][PASSED] - All options with value '36' are selected in object 'Object Repository/1. Constant/xpath' 

2022-06-23 18:25:33 - [TEST_STEP][PASSED] - ref_name = "P1_Auto_SAS_S4_" + RandomStringUtils.randomAlphanumeric(5) + I.gettimedate(): null

2022-06-23 18:25:33 - [TEST_STEP][PASSED] - setText(findTestObject("1. Constant/xpath", ["xpath":"//*[@id="var_name"]"]), ref_name): Text 'P1_Auto_SAS_S4_nzSGrjuin232022_182533' is set on object 'Object Repository/1. Constant/xpath'

2022-06-23 18:25:36 - [MESSAGE][PASSED] - Text 'P1_Auto_SAS_S4_nzSGrjuin232022_182533' is set on object 'Object Repository/1. Constant/xpath'

2022-06-23 18:25:36 - [TEST_STEP][PASSED] - takeScreenshot(): Taking screenshot successfully

2022-06-23 18:25:37 - [MESSAGE][PASSED] - Taking screenshot successfully
[[ATTACHMENT|D:\\Projet Test Auto\\Mediabox Test Automation\\Reports\\20220623_182213\\03. Parallel Testing (Testing)\\TS -PT PART 3\\02. Sephora - Full Lifecycle FS Process and Control Tag(Chrome) - headless\\20220623_182213\\1656001536696.png]]

2022-06-23 18:25:37 - [TEST_STEP][PASSED] - click(findTestObject("1. Constant/xpath", ["xpath":"//*[@id="createRefBottom"]"])): Object: 'Object Repository/1. Constant/xpath' is clicked on

2022-06-23 18:25:45 - [MESSAGE][PASSED] - Object: 'Object Repository/1. Constant/xpath' is clicked on

2022-06-23 18:25:45 - [TEST_STEP][PASSED] - delay(1): Delayed 1 second(s)

2022-06-23 18:25:46 - [MESSAGE][PASSED] - Delayed 1 second(s)

2022-06-23 18:25:46 - [TEST_STEP][PASSED] - takeScreenshot(): Taking screenshot successfully

2022-06-23 18:25:47 - [MESSAGE][PASSED] - Taking screenshot successfully
[[ATTACHMENT|D:\\Projet Test Auto\\Mediabox Test Automation\\Reports\\20220623_182213\\03. Parallel Testing (Testing)\\TS -PT PART 3\\02. Sephora - Full Lifecycle FS Process and Control Tag(Chrome) - headless\\20220623_182213\\1656001547065.png]]

2022-06-23 18:25:47 - [TEST_STEP][PASSED] - refID = I.RefID(): Current window's url is: 'http://mdb-release.diadeis.lan/MediaboxIndependence/Base/ExecAction?IDSession=MBI%21RELTESTAUTO_DREYERS%21EBP54AG3ALE4EYOL07YYOWGTHDUDN81CPHWRZI0N&default_action=ModifierRef&id_project=MI000883&id_ref=5296&action_from=create_ref'

2022-06-23 18:25:52 - [MESSAGE][PASSED] - Delayed 5 second(s)

2022-06-23 18:25:52 - [MESSAGE][PASSED] - Current window's url is: 'http://mdb-release.diadeis.lan/MediaboxIndependence/Base/ExecAction?IDSession=MBI%21RELTESTAUTO_DREYERS%21EBP54AG3ALE4EYOL07YYOWGTHDUDN81CPHWRZI0N&default_action=ModifierRef&id_project=MI000883&id_ref=5296&action_from=create_ref'

2022-06-23 18:25:52 - [TEST_STEP][PASSED] - click(findTestObject("1. Constant/xpath", ["xpath":"//*[@id="type_save"]"])): Object: 'Object Repository/1. Constant/xpath' is clicked on

2022-06-23 18:25:57 - [MESSAGE][PASSED] - Object: 'Object Repository/1. Constant/xpath' is clicked on

2022-06-23 18:25:57 - [TEST_STEP][PASSED] - takeScreenshot(): Taking screenshot successfully

2022-06-23 18:25:58 - [MESSAGE][PASSED] - Taking screenshot successfully
[[ATTACHMENT|D:\\Projet Test Auto\\Mediabox Test Automation\\Reports\\20220623_182213\\03. Parallel Testing (Testing)\\TS -PT PART 3\\02. Sephora - Full Lifecycle FS Process and Control Tag(Chrome) - headless\\20220623_182213\\1656001558001.png]]

2022-06-23 18:25:58 - [TEST_STEP][PASSED] - click(findTestObject("1. Constant/xpath", ["xpath":"//*[@id="source_" + refID + ""]/td[13]/div[1]/button"])): Object: 'Object Repository/1. Constant/xpath' is clicked on

2022-06-23 18:25:59 - [MESSAGE][PASSED] - Object: 'Object Repository/1. Constant/xpath' is clicked on

2022-06-23 18:25:59 - [TEST_STEP][PASSED] - delay(1): Delayed 1 second(s)

2022-06-23 18:26:00 - [MESSAGE][PASSED] - Delayed 1 second(s)

2022-06-23 18:26:00 - [TEST_STEP][PASSED] - takeScreenshot(): Taking screenshot successfully

2022-06-23 18:26:01 - [MESSAGE][PASSED] - Taking screenshot successfully
[[ATTACHMENT|D:\\Projet Test Auto\\Mediabox Test Automation\\Reports\\20220623_182213\\03. Parallel Testing (Testing)\\TS -PT PART 3\\02. Sephora - Full Lifecycle FS Process and Control Tag(Chrome) - headless\\20220623_182213\\1656001560893.png]]

2022-06-23 18:26:01 - [TEST_STEP][PASSED] - delay(1): Delayed 1 second(s)

2022-06-23 18:26:02 - [MESSAGE][PASSED] - Delayed 1 second(s)

2022-06-23 18:26:02 - [TEST_STEP][PASSED] - x = 20: null

2022-06-23 18:26:02 - [TEST_STEP][PASSED] - i = 1: null

2022-06-23 18:26:02 - [TEST_STEP][PASSED] - while (i <= x): null

2022-06-23 18:26:02 - [TEST_STEP][PASSED] - Expected_SAS_Selected = "SAS: S4 - Skip 1.2 / Add Step A / Skip 1.1": null

2022-06-23 18:26:02 - [TEST_STEP][PASSED] - xpath_SAS = "//*[@id="source_" + refID + ""]/td[13]/div[1]/div/a[" + i + "]": null

2022-06-23 18:26:02 - [TEST_STEP][PASSED] - Actual_SAS = getText(findTestObject("1. Constant/xpath", ["xpath":xpath_SAS])): Text of object 'Object Repository/1. Constant/xpath' is: 'SAS: S4 - Skip 1.2 / Add Step A / Skip 1.1'

2022-06-23 18:26:03 - [MESSAGE][PASSED] - Text of object 'Object Repository/1. Constant/xpath' is: 'SAS: S4 - Skip 1.2 / Add Step A / Skip 1.1'

2022-06-23 18:26:03 - [TEST_STEP][PASSED] - if (Actual_SAS.contains(Expected_SAS_Selected)): null

2022-06-23 18:26:03 - [TEST_STEP][PASSED] - click(findTestObject("1. Constant/xpath", ["xpath":xpath_SAS])): Object: 'Object Repository/1. Constant/xpath' is clicked on

2022-06-23 18:26:04 - [MESSAGE][PASSED] - Object: 'Object Repository/1. Constant/xpath' is clicked on

2022-06-23 18:26:04 - [TEST_STEP][PASSED] - break: null

2022-06-23 18:26:04 - [TEST_STEP][PASSED] - takeScreenshot(): Taking screenshot successfully

2022-06-23 18:26:05 - [MESSAGE][PASSED] - Taking screenshot successfully
[[ATTACHMENT|D:\\Projet Test Auto\\Mediabox Test Automation\\Reports\\20220623_182213\\03. Parallel Testing (Testing)\\TS -PT PART 3\\02. Sephora - Full Lifecycle FS Process and Control Tag(Chrome) - headless\\20220623_182213\\1656001564838.png]]

2022-06-23 18:26:05 - [TEST_STEP][PASSED] - click(findTestObject("1. Constant/xpath", ["xpath":"//*[@id="confirmSupportActionShortcut"]"])): Object: 'Object Repository/1. Constant/xpath' is clicked on

2022-06-23 18:26:13 - [MESSAGE][PASSED] - Object: 'Object Repository/1. Constant/xpath' is clicked on

2022-06-23 18:26:13 - [TEST_STEP][PASSED] - takeScreenshot(): Taking screenshot successfully

2022-06-23 18:26:14 - [MESSAGE][PASSED] - Taking screenshot successfully
[[ATTACHMENT|D:\\Projet Test Auto\\Mediabox Test Automation\\Reports\\20220623_182213\\03. Parallel Testing (Testing)\\TS -PT PART 3\\02. Sephora - Full Lifecycle FS Process and Control Tag(Chrome) - headless\\20220623_182213\\1656001574284.png]]

2022-06-23 18:26:14 - [TEST_STEP][PASSED] - click(findTestObject("1. Constant/xpath", ["xpath":"//*[@id="kt_content"]/div[3]/div/ul/li[3]/a"])): Object: 'Object Repository/1. Constant/xpath' is clicked on

2022-06-23 18:26:16 - [MESSAGE][PASSED] - Object: 'Object Repository/1. Constant/xpath' is clicked on

2022-06-23 18:26:16 - [TEST_STEP][PASSED] - takeScreenshot(): Taking screenshot successfully

2022-06-23 18:26:17 - [MESSAGE][PASSED] - Taking screenshot successfully
[[ATTACHMENT|D:\\Projet Test Auto\\Mediabox Test Automation\\Reports\\20220623_182213\\03. Parallel Testing (Testing)\\TS -PT PART 3\\02. Sephora - Full Lifecycle FS Process and Control Tag(Chrome) - headless\\20220623_182213\\1656001577163.png]]

2022-06-23 18:26:17 - [TEST_STEP][PASSED] - delay(1): Delayed 1 second(s)

2022-06-23 18:26:18 - [MESSAGE][PASSED] - Delayed 1 second(s)

2022-06-23 18:26:18 - [TEST_STEP][PASSED] - Status_StepA_1 = getAttribute(findTestObject("1. Constant/xpath", ["xpath":"/html/body/div[1]/div[2]/div[8]/div[3]/div/div[3]/div[3]/div/ul/li[1]/a"]), "class"): Attribute 'class' of object 'Object Repository/1. Constant/xpath' is: 'nav-link timeline-badge badge-xl  bg-complete '

2022-06-23 18:26:19 - [MESSAGE][PASSED] - Attribute 'class' of object 'Object Repository/1. Constant/xpath' is: 'nav-link timeline-badge badge-xl  bg-complete '

2022-06-23 18:26:19 - [TEST_STEP][PASSED] - verifyMatch(Status_StepA_1, "nav-link timeline-badge badge-xl  bg-complete ", false): Actual text 'nav-link timeline-badge badge-xl  bg-complete ' and expected text 'nav-link timeline-badge badge-xl  bg-complete ' are matched 

2022-06-23 18:26:19 - [MESSAGE][PASSED] - Actual text 'nav-link timeline-badge badge-xl  bg-complete ' and expected text 'nav-link timeline-badge badge-xl  bg-complete ' are matched 

2022-06-23 18:26:19 - [TEST_STEP][PASSED] - Name_StepA_1 = I.Get_Stepname("/html/body/div[1]/div[2]/div[8]/div[3]/div/div[3]/div[3]/div/ul/li[1]/a"): Attribute 'href' of object 'Object Repository/1. Constant/xpath' is: 'http://mdb-release.diadeis.lan/MediaboxIndependence/Base/ExecAction?action=VoirRef&IDSession=MBI!RELTESTAUTO_DREYERS!EBP54AG3ALE4EYOL07YYOWGTHDUDN81CPHWRZI0N&num=76E38VAFVN&id_ref=5296#tab_lifecycle_SASStepA_12259'

2022-06-23 18:26:24 - [MESSAGE][PASSED] - Delayed 5 second(s)

2022-06-23 18:26:26 - [MESSAGE][PASSED] - Attribute 'href' of object 'Object Repository/1. Constant/xpath' is: 'http://mdb-release.diadeis.lan/MediaboxIndependence/Base/ExecAction?action=VoirRef&IDSession=MBI!RELTESTAUTO_DREYERS!EBP54AG3ALE4EYOL07YYOWGTHDUDN81CPHWRZI0N&num=76E38VAFVN&id_ref=5296#tab_lifecycle_SASStepA_12259'

2022-06-23 18:26:26 - [TEST_STEP][PASSED] - verifyMatch(Name_StepA_1, "SASStepA", false): Actual text 'SASStepA' and expected text 'SASStepA' are matched 

2022-06-23 18:26:26 - [MESSAGE][PASSED] - Actual text 'SASStepA' and expected text 'SASStepA' are matched 

2022-06-23 18:26:26 - [TEST_STEP][PASSED] - Status_StepA_2 = getAttribute(findTestObject("1. Constant/xpath", ["xpath":"/html/body/div[1]/div[2]/div[8]/div[3]/div/div[3]/div[3]/div/ul/li[2]/a"]), "class"): Attribute 'class' of object 'Object Repository/1. Constant/xpath' is: 'nav-link timeline-badge badge-xl  bg-pending active'

2022-06-23 18:26:27 - [MESSAGE][PASSED] - Attribute 'class' of object 'Object Repository/1. Constant/xpath' is: 'nav-link timeline-badge badge-xl  bg-pending active'

2022-06-23 18:26:27 - [TEST_STEP][PASSED] - verifyMatch(Status_StepA_2, "nav-link timeline-badge badge-xl  bg-pending active", false): Actual text 'nav-link timeline-badge badge-xl  bg-pending active' and expected text 'nav-link timeline-badge badge-xl  bg-pending active' are matched 

2022-06-23 18:26:27 - [MESSAGE][PASSED] - Actual text 'nav-link timeline-badge badge-xl  bg-pending active' and expected text 'nav-link timeline-badge badge-xl  bg-pending active' are matched 

2022-06-23 18:26:27 - [TEST_STEP][PASSED] - Name_StepA_2 = I.Get_Stepname("/html/body/div[1]/div[2]/div[8]/div[3]/div/div[3]/div[3]/div/ul/li[2]/a"): Attribute 'href' of object 'Object Repository/1. Constant/xpath' is: 'http://mdb-release.diadeis.lan/MediaboxIndependence/Base/ExecAction?action=VoirRef&IDSession=MBI!RELTESTAUTO_DREYERS!EBP54AG3ALE4EYOL07YYOWGTHDUDN81CPHWRZI0N&num=76E38VAFVN&id_ref=5296#tab_lifecycle_SASStepA_12262'

2022-06-23 18:26:32 - [MESSAGE][PASSED] - Delayed 5 second(s)

2022-06-23 18:26:34 - [MESSAGE][PASSED] - Attribute 'href' of object 'Object Repository/1. Constant/xpath' is: 'http://mdb-release.diadeis.lan/MediaboxIndependence/Base/ExecAction?action=VoirRef&IDSession=MBI!RELTESTAUTO_DREYERS!EBP54AG3ALE4EYOL07YYOWGTHDUDN81CPHWRZI0N&num=76E38VAFVN&id_ref=5296#tab_lifecycle_SASStepA_12262'

2022-06-23 18:26:34 - [TEST_STEP][PASSED] - verifyMatch(Name_StepA_2, "SASStepA", false): Actual text 'SASStepA' and expected text 'SASStepA' are matched 

2022-06-23 18:26:34 - [MESSAGE][PASSED] - Actual text 'SASStepA' and expected text 'SASStepA' are matched 

2022-06-23 18:26:34 - [TEST_STEP][PASSED] - Name_StepAP11_2 = getText(findTestObject("1. Constant/xpath", ["xpath":"/html/body/div[1]/div[2]/div[8]/div[3]/div/div[3]/div[3]/div/div/div[2]/div/div[1]/div/div[1]/div[1]/h3"])): Text of object 'Object Repository/1. Constant/xpath' is: 'Phase 1.1 [Standard]'

2022-06-23 18:26:35 - [MESSAGE][PASSED] - Text of object 'Object Repository/1. Constant/xpath' is: 'Phase 1.1 [Standard]'

2022-06-23 18:26:35 - [TEST_STEP][PASSED] - verifyMatch(Name_StepAP11_2, "Phase 1.1 [Standard]", false): Actual text 'Phase 1.1 [Standard]' and expected text 'Phase 1.1 [Standard]' are matched 

2022-06-23 18:26:35 - [MESSAGE][PASSED] - Actual text 'Phase 1.1 [Standard]' and expected text 'Phase 1.1 [Standard]' are matched 

2022-06-23 18:26:35 - [TEST_STEP][PASSED] - Added_StepAP11_2 = getText(findTestObject("1. Constant/xpath", ["xpath":"/html/body/div[1]/div[2]/div[8]/div[3]/div/div[3]/div[3]/div/div/div[2]/div/div[1]/div/div[2]/h6"])): Text of object 'Object Repository/1. Constant/xpath' is: 'Added manually 06/23/22 09:26 AM By Brian Lemco'

2022-06-23 18:26:35 - [MESSAGE][PASSED] - Text of object 'Object Repository/1. Constant/xpath' is: 'Added manually 06/23/22 09:26 AM By Brian Lemco'

2022-06-23 18:26:35 - [TEST_STEP][PASSED] - if (Added_StepAP11_2.contains("Added manually")): Actual object '1' and expected object '1' are equal

2022-06-23 18:26:35 - [TEST_STEP][PASSED] - verifyEqual(1, 1): Actual object '1' and expected object '1' are equal

2022-06-23 18:26:35 - [MESSAGE][PASSED] - Actual object '1' and expected object '1' are equal

2022-06-23 18:26:35 - [TEST_STEP][PASSED] - Name_StepAP12_2 = getText(findTestObject("1. Constant/xpath", ["xpath":"/html/body/div[1]/div[2]/div[8]/div[3]/div/div[3]/div[3]/div/div/div[2]/div/div[2]/div/div[1]/div[1]/h3"])): Text of object 'Object Repository/1. Constant/xpath' is: 'Phase 1.2 [Standard Phase]'

2022-06-23 18:26:36 - [MESSAGE][PASSED] - Text of object 'Object Repository/1. Constant/xpath' is: 'Phase 1.2 [Standard Phase]'

2022-06-23 18:26:36 - [TEST_STEP][PASSED] - verifyMatch(Name_StepAP12_2, "Phase 1.2 [Standard Phase]", false): Actual text 'Phase 1.2 [Standard Phase]' and expected text 'Phase 1.2 [Standard Phase]' are matched 

2022-06-23 18:26:36 - [MESSAGE][PASSED] - Actual text 'Phase 1.2 [Standard Phase]' and expected text 'Phase 1.2 [Standard Phase]' are matched 

2022-06-23 18:26:36 - [TEST_STEP][PASSED] - Status_StepB_3 = getAttribute(findTestObject("1. Constant/xpath", ["xpath":"/html/body/div[1]/div[2]/div[8]/div[3]/div/div[3]/div[3]/div/ul/li[3]/a"]), "class"): Attribute 'class' of object 'Object Repository/1. Constant/xpath' is: 'nav-link timeline-badge badge-xl  bg-waiting '

2022-06-23 18:26:36 - [MESSAGE][PASSED] - Attribute 'class' of object 'Object Repository/1. Constant/xpath' is: 'nav-link timeline-badge badge-xl  bg-waiting '

2022-06-23 18:26:36 - [TEST_STEP][PASSED] - verifyMatch(Status_StepB_3, "nav-link timeline-badge badge-xl  bg-waiting ", false): Actual text 'nav-link timeline-badge badge-xl  bg-waiting ' and expected text 'nav-link timeline-badge badge-xl  bg-waiting ' are matched 

2022-06-23 18:26:36 - [MESSAGE][PASSED] - Actual text 'nav-link timeline-badge badge-xl  bg-waiting ' and expected text 'nav-link timeline-badge badge-xl  bg-waiting ' are matched 

2022-06-23 18:26:36 - [TEST_STEP][PASSED] - Name_StepB_3 = I.Get_Stepname("/html/body/div[1]/div[2]/div[8]/div[3]/div/div[3]/div[3]/div/ul/li[3]/a"): Attribute 'href' of object 'Object Repository/1. Constant/xpath' is: 'http://mdb-release.diadeis.lan/MediaboxIndependence/Base/ExecAction?action=VoirRef&IDSession=MBI!RELTESTAUTO_DREYERS!EBP54AG3ALE4EYOL07YYOWGTHDUDN81CPHWRZI0N&num=76E38VAFVN&id_ref=5296#tab_lifecycle_SASStepB_12260'

2022-06-23 18:26:41 - [MESSAGE][PASSED] - Delayed 5 second(s)

2022-06-23 18:26:42 - [MESSAGE][PASSED] - Attribute 'href' of object 'Object Repository/1. Constant/xpath' is: 'http://mdb-release.diadeis.lan/MediaboxIndependence/Base/ExecAction?action=VoirRef&IDSession=MBI!RELTESTAUTO_DREYERS!EBP54AG3ALE4EYOL07YYOWGTHDUDN81CPHWRZI0N&num=76E38VAFVN&id_ref=5296#tab_lifecycle_SASStepB_12260'

2022-06-23 18:26:42 - [TEST_STEP][PASSED] - verifyMatch(Name_StepB_3, "SASStepB", false): Actual text 'SASStepB' and expected text 'SASStepB' are matched 

2022-06-23 18:26:42 - [MESSAGE][PASSED] - Actual text 'SASStepB' and expected text 'SASStepB' are matched 

2022-06-23 18:26:42 - [TEST_STEP][PASSED] - click(findTestObject("1. Constant/xpath", ["xpath":"/html/body/div[1]/div[2]/div[8]/div[2]/div/nav/ol/li[2]/a"])): Object: 'Object Repository/1. Constant/xpath' is clicked on

2022-06-23 18:26:48 - [MESSAGE][PASSED] - Object: 'Object Repository/1. Constant/xpath' is clicked on

2022-06-23 18:26:48 - [TEST_STEP][PASSED] - takeScreenshot(): Taking screenshot successfully

2022-06-23 18:26:49 - [MESSAGE][PASSED] - Taking screenshot successfully
[[ATTACHMENT|D:\\Projet Test Auto\\Mediabox Test Automation\\Reports\\20220623_182213\\03. Parallel Testing (Testing)\\TS -PT PART 3\\02. Sephora - Full Lifecycle FS Process and Control Tag(Chrome) - headless\\20220623_182213\\1656001609142.png]]

2022-06-23 18:26:49 - [TEST_STEP][PASSED] - click(findTestObject("1. Constant/xpath", ["xpath":"//*[@id="source_" + refID + ""]/td[13]/a[3]"])): Object: 'Object Repository/1. Constant/xpath' is clicked on

2022-06-23 18:26:52 - [MESSAGE][PASSED] - Object: 'Object Repository/1. Constant/xpath' is clicked on

2022-06-23 18:26:52 - [TEST_STEP][PASSED] - click(findTestObject("1. Constant/xpath", ["xpath":"//*[@id="ModifFiche"]/div[1]/div/button[2]"])): Object: 'Object Repository/1. Constant/xpath' is clicked on

2022-06-23 18:27:04 - [MESSAGE][PASSED] - Object: 'Object Repository/1. Constant/xpath' is clicked on

2022-06-23 18:27:04 - [TEST_STEP][PASSED] - I.Logout(): Delayed 3 second(s)

2022-06-23 18:27:07 - [MESSAGE][PASSED] - Delayed 3 second(s)

2022-06-23 18:27:09 - [MESSAGE][PASSED] - Object: 'Object Repository/1. Constant/xpath' is clicked on

2022-06-23 18:27:12 - [MESSAGE][PASSED] - Delayed 3 second(s)

2022-06-23 18:27:34 - [MESSAGE][PASSED] - Object: 'Object Repository/1. Constant/xpath' is clicked on

2022-06-23 18:27:37 - [MESSAGE][PASSED] - Delayed 3 second(s)

2022-06-23 18:27:37 - [TEST_STEP][PASSED] - I.Login_password("nturner", password_nturner): Object: 'Object Repository/1. Constant/xpath' is clicked on

2022-06-23 18:27:38 - [MESSAGE][PASSED] - Text 'nturner' is set on object 'Object Repository/1. Constant/xpath'

2022-06-23 18:27:39 - [MESSAGE][PASSED] - Delayed 1 second(s)

2022-06-23 18:27:41 - [MESSAGE][PASSED] - Text 'diadeis1' is set on object 'Object Repository/1. Constant/xpath'

2022-06-23 18:27:42 - [MESSAGE][PASSED] - Delayed 1 second(s)

2022-06-23 18:27:46 - [MESSAGE][PASSED] - Object: 'Object Repository/1. Constant/xpath' is clicked on

2022-06-23 18:27:46 - [TEST_STEP][PASSED] - delay(1): Delayed 1 second(s)

2022-06-23 18:27:47 - [MESSAGE][PASSED] - Delayed 1 second(s)

2022-06-23 18:27:47 - [TEST_STEP][PASSED] - takeScreenshot(): Taking screenshot successfully

2022-06-23 18:27:48 - [MESSAGE][PASSED] - Taking screenshot successfully
[[ATTACHMENT|D:\\Projet Test Auto\\Mediabox Test Automation\\Reports\\20220623_182213\\03. Parallel Testing (Testing)\\TS -PT PART 3\\02. Sephora - Full Lifecycle FS Process and Control Tag(Chrome) - headless\\20220623_182213\\1656001667892.png]]

2022-06-23 18:27:48 - [TEST_STEP][PASSED] - click(findTestObject("1. Constant/02_LHSMenu_Projects")): Object: 'Object Repository/1. Constant/02_LHSMenu_Projects' is clicked on

2022-06-23 18:27:52 - [MESSAGE][PASSED] - Object: 'Object Repository/1. Constant/02_LHSMenu_Projects' is clicked on

2022-06-23 18:27:52 - [TEST_STEP][PASSED] - I.SearchProjectNo_xpath(Project_No, "//*[@id="keynum_project"]", "//*[@id="form_filters"]/div[4]/button"): Delayed 5 second(s)

2022-06-23 18:27:53 - [MESSAGE][PASSED] - Delayed 1 second(s)

2022-06-23 18:27:56 - [MESSAGE][PASSED] - Text 'MI000883' is set on object 'Object Repository/1. Constant/xpath'

2022-06-23 18:27:59 - [MESSAGE][PASSED] - Delayed 3 second(s)

2022-06-23 18:28:00 - [MESSAGE][PASSED] - Scroll to object 'Object Repository/1. Constant/xpath' successfully

2022-06-23 18:28:04 - [MESSAGE][PASSED] - Object: 'Object Repository/1. Constant/xpath' is clicked on

2022-06-23 18:28:09 - [MESSAGE][PASSED] - Delayed 5 second(s)

2022-06-23 18:28:09 - [TEST_STEP][PASSED] - takeScreenshot(): Taking screenshot successfully

2022-06-23 18:28:10 - [MESSAGE][PASSED] - Taking screenshot successfully
[[ATTACHMENT|D:\\Projet Test Auto\\Mediabox Test Automation\\Reports\\20220623_182213\\03. Parallel Testing (Testing)\\TS -PT PART 3\\02. Sephora - Full Lifecycle FS Process and Control Tag(Chrome) - headless\\20220623_182213\\1656001690061.png]]

2022-06-23 18:28:10 - [TEST_STEP][PASSED] - click(findTestObject("1. Constant/xpath", ["xpath":"//*[@id="source_" + refID + ""]/td[13]/a[2]"])): Object: 'Object Repository/1. Constant/xpath' is clicked on

2022-06-23 18:28:15 - [MESSAGE][PASSED] - Object: 'Object Repository/1. Constant/xpath' is clicked on

2022-06-23 18:28:15 - [TEST_STEP][PASSED] - click(findTestObject("1. Constant/xpath", ["xpath":"//*[@id="ModifFiche"]/div[1]/div/button[2]"])): Object: 'Object Repository/1. Constant/xpath' is clicked on

2022-06-23 18:28:20 - [MESSAGE][PASSED] - Object: 'Object Repository/1. Constant/xpath' is clicked on

2022-06-23 18:28:20 - [TEST_STEP][PASSED] - Lifecycle_Status = getText(findTestObject("1. Constant/xpath", ["xpath":"//*[@id="source_" + refID + ""]/td[12]/span[1]"])): Text of object 'Object Repository/1. Constant/xpath' is: 'Phase 2.1 [Production]'

2022-06-23 18:28:25 - [MESSAGE][PASSED] - Text of object 'Object Repository/1. Constant/xpath' is: 'Phase 2.1 [Production]'

2022-06-23 18:28:25 - [TEST_STEP][PASSED] - verifyMatch(Lifecycle_Status, "Phase 2.1 [Production]", false): Actual text 'Phase 2.1 [Production]' and expected text 'Phase 2.1 [Production]' are matched 

2022-06-23 18:28:25 - [MESSAGE][PASSED] - Actual text 'Phase 2.1 [Production]' and expected text 'Phase 2.1 [Production]' are matched 

2022-06-23 18:28:25 - [TEST_STEP][PASSED] - takeScreenshot(): Taking screenshot successfully

2022-06-23 18:28:28 - [MESSAGE][PASSED] - Taking screenshot successfully
[[ATTACHMENT|D:\\Projet Test Auto\\Mediabox Test Automation\\Reports\\20220623_182213\\03. Parallel Testing (Testing)\\TS -PT PART 3\\02. Sephora - Full Lifecycle FS Process and Control Tag(Chrome) - headless\\20220623_182213\\1656001707707.png]]

2022-06-23 18:28:28 - [TEST_STEP][PASSED] - I.writenotepad("D:\Upoad_File\Projet_ Login\Dreyers\19.1\19.1_Dreyers_ProjectNo.txt", Project_No): null

2022-06-23 18:28:28 - [TEST_STEP][PASSED] - I.writenotepad("D:\Upoad_File\Projet_ Login\Dreyers\19.1\19.1_Dreyers_refID.txt", refID): null

2022-06-23 18:28:28 - [TEST_STEP][PASSED] - closeBrowser(): Browser is closed

2022-06-23 18:28:35 - [MESSAGE][PASSED] - Browser is closed

2022-06-23 18:28:35 - [TEST_STEP][PASSED] - Start listener action : sampleAfterTestCase: null]]></system-out>
         <system-err><![CDATA[]]></system-err>
      </testcase>
      <testcase name="Test Cases/03. Sephora Full Lifecycle - FS Process/3.01 Sephora FullLifecycle FS Process(Chrome) 15.01 P1" time="1070.672" classname="Test Cases/03. Sephora Full Lifecycle - FS Process/3.01 Sephora FullLifecycle FS Process(Chrome) 15.01 P1" status="PASSED">
         <system-out><![CDATA[2022-06-23 18:28:35 - [TEST_CASE][PASSED] - Test Cases/03. Sephora Full Lifecycle - FS Process/3.01 Sephora FullLifecycle FS Process(Chrome) 15.01 P1: Test Cases/03. Sephora Full Lifecycle - FS Process/3.01 Sephora FullLifecycle FS Process(Chrome) 15.01 P1

2022-06-23 18:28:37 - [TEST_STEP][PASSED] - data_Sephora = findTestData("Data Files/Username_Password/Sephora"): null

2022-06-23 18:28:37 - [TEST_STEP][PASSED] - password_atran = data_Sephora.getValue(2, 1): null

2022-06-23 18:28:37 - [TEST_STEP][PASSED] - password_marketing = data_Sephora.getValue(2, 2): null

2022-06-23 18:28:37 - [TEST_STEP][PASSED] - password_regulatory = data_Sephora.getValue(2, 3): null

2022-06-23 18:28:37 - [TEST_STEP][PASSED] - password_studio = data_Sephora.getValue(2, 4): null

2022-06-23 18:28:37 - [TEST_STEP][PASSED] - password_cmouzawak = data_Sephora.getValue(2, 6): null

2022-06-23 18:28:37 - [TEST_STEP][PASSED] - password_aalbeaux = data_Sephora.getValue(2, 7): null

2022-06-23 18:28:37 - [TEST_STEP][PASSED] - password_hgarnier = data_Sephora.getValue(2, 8): null

2022-06-23 18:28:37 - [TEST_STEP][PASSED] - password_iraz = data_Sephora.getValue(2, 5): null

2022-06-23 18:28:37 - [TEST_STEP][PASSED] - data_urlRELAUTO = findTestData("Data Files/URL/URL_relauto"): null

2022-06-23 18:28:37 - [TEST_STEP][PASSED] - Url_Sephora = data_urlRELAUTO.getValue(2, 1): null

2022-06-23 18:28:37 - [TEST_STEP][PASSED] - I.clearnotepad("D:\Upoad_File\Projet_ Login\Sephora\3.01\3.01_Sephora_ProjectNo.txt"): null

2022-06-23 18:28:37 - [TEST_STEP][PASSED] - I.clearnotepad("D:\Upoad_File\Projet_ Login\Sephora\3.01\3.01_Sephora_refID.txt"): null

2022-06-23 18:28:37 - [TEST_STEP][PASSED] - openBrowser(Url_Sephora): Browser is opened with url: 'http://mdb-release.diadeis.lan/MediaboxIndependence/?MBI_datasource=RELTESTAUTO_SEPHORA'

2022-06-23 18:28:37 - [MESSAGE][INFO] - Starting 'Chrome' driver

2022-06-23 18:28:37 - [MESSAGE][INFO] - User set preference: ['arg', '[[--lang=en-GB]]']

2022-06-23 18:28:37 - [MESSAGE][INFO] - Action delay is set to 0 milliseconds

2022-06-23 18:29:24 - [MESSAGE][PASSED] - Browser is opened with url: 'http://mdb-release.diadeis.lan/MediaboxIndependence/?MBI_datasource=RELTESTAUTO_SEPHORA'

2022-06-23 18:29:24 - [TEST_STEP][PASSED] - maximizeWindow(): Current window maximized

2022-06-23 18:29:25 - [MESSAGE][PASSED] - Current window maximized

2022-06-23 18:29:25 - [TEST_STEP][PASSED] - takeScreenshot(): Taking screenshot successfully

2022-06-23 18:29:25 - [MESSAGE][PASSED] - Taking screenshot successfully
[[ATTACHMENT|D:\\Projet Test Auto\\Mediabox Test Automation\\Reports\\20220623_182213\\03. Parallel Testing (Testing)\\TS -PT PART 3\\02. Sephora - Full Lifecycle FS Process and Control Tag(Chrome) - headless\\20220623_182213\\1656001765683.png]]

2022-06-23 18:29:25 - [TEST_STEP][PASSED] - I.Login_password("atran", password_atran): Object: 'Object Repository/1. Constant/xpath' is clicked on

2022-06-23 18:29:27 - [MESSAGE][PASSED] - Text 'atran' is set on object 'Object Repository/1. Constant/xpath'

2022-06-23 18:29:28 - [MESSAGE][PASSED] - Delayed 1 second(s)

2022-06-23 18:29:29 - [MESSAGE][PASSED] - Text 'dchi3' is set on object 'Object Repository/1. Constant/xpath'

2022-06-23 18:29:30 - [MESSAGE][PASSED] - Delayed 1 second(s)

2022-06-23 18:29:37 - [MESSAGE][PASSED] - Object: 'Object Repository/1. Constant/xpath' is clicked on

2022-06-23 18:29:37 - [TEST_STEP][PASSED] - takeScreenshot(): Taking screenshot successfully

2022-06-23 18:29:37 - [MESSAGE][PASSED] - Taking screenshot successfully
[[ATTACHMENT|D:\\Projet Test Auto\\Mediabox Test Automation\\Reports\\20220623_182213\\03. Parallel Testing (Testing)\\TS -PT PART 3\\02. Sephora - Full Lifecycle FS Process and Control Tag(Chrome) - headless\\20220623_182213\\1656001777626.png]]

2022-06-23 18:29:37 - [TEST_STEP][PASSED] - click(findTestObject("1. Constant/02_LHSMenu_Projects")): Object: 'Object Repository/1. Constant/02_LHSMenu_Projects' is clicked on

2022-06-23 18:29:43 - [MESSAGE][PASSED] - Object: 'Object Repository/1. Constant/02_LHSMenu_Projects' is clicked on

2022-06-23 18:29:43 - [TEST_STEP][PASSED] - click(findTestObject("Object Repository/1. Constant/xpath", ["xpath":"//*[@id="kt_content"]/div[3]/div/div/div[1]/div[2]/a[1]"])): Object: 'Object Repository/1. Constant/xpath' is clicked on

2022-06-23 18:29:46 - [MESSAGE][PASSED] - Object: 'Object Repository/1. Constant/xpath' is clicked on

2022-06-23 18:29:46 - [TEST_STEP][PASSED] - takeScreenshot(): Taking screenshot successfully

2022-06-23 18:29:47 - [MESSAGE][PASSED] - Taking screenshot successfully
[[ATTACHMENT|D:\\Projet Test Auto\\Mediabox Test Automation\\Reports\\20220623_182213\\03. Parallel Testing (Testing)\\TS -PT PART 3\\02. Sephora - Full Lifecycle FS Process and Control Tag(Chrome) - headless\\20220623_182213\\1656001787411.png]]

2022-06-23 18:29:47 - [TEST_STEP][PASSED] - project_name = "AutoTest_Chrome_" + RandomStringUtils.randomAlphanumeric(10) + "_" + I.gettimedate(): null

2022-06-23 18:29:47 - [TEST_STEP][PASSED] - setText(findTestObject("HL Full Lifecycle/4 CreateProjPage_inputProjectname"), project_name): Text 'AutoTest_Chrome_4fSUmGWe2j_juin232022_182947' is set on object 'Object Repository/HL Full Lifecycle/4 CreateProjPage_inputProjectname'

2022-06-23 18:29:49 - [MESSAGE][PASSED] - Text 'AutoTest_Chrome_4fSUmGWe2j_juin232022_182947' is set on object 'Object Repository/HL Full Lifecycle/4 CreateProjPage_inputProjectname'

2022-06-23 18:29:49 - [TEST_STEP][PASSED] - takeScreenshot(): Taking screenshot successfully

2022-06-23 18:29:50 - [MESSAGE][PASSED] - Taking screenshot successfully
[[ATTACHMENT|D:\\Projet Test Auto\\Mediabox Test Automation\\Reports\\20220623_182213\\03. Parallel Testing (Testing)\\TS -PT PART 3\\02. Sephora - Full Lifecycle FS Process and Control Tag(Chrome) - headless\\20220623_182213\\1656001789954.png]]

2022-06-23 18:29:50 - [TEST_STEP][PASSED] - click(findTestObject("HL Full Lifecycle/4 CreateProjPage_Create Project_Bluebutton")): Object: 'Object Repository/HL Full Lifecycle/4 CreateProjPage_Create Project_Bluebutton' is clicked on

2022-06-23 18:29:52 - [MESSAGE][PASSED] - Object: 'Object Repository/HL Full Lifecycle/4 CreateProjPage_Create Project_Bluebutton' is clicked on

2022-06-23 18:29:52 - [TEST_STEP][PASSED] - takeScreenshot(): Taking screenshot successfully

2022-06-23 18:29:53 - [MESSAGE][PASSED] - Taking screenshot successfully
[[ATTACHMENT|D:\\Projet Test Auto\\Mediabox Test Automation\\Reports\\20220623_182213\\03. Parallel Testing (Testing)\\TS -PT PART 3\\02. Sephora - Full Lifecycle FS Process and Control Tag(Chrome) - headless\\20220623_182213\\1656001793498.png]]

2022-06-23 18:29:53 - [TEST_STEP][PASSED] - setText(findTestObject("HL Full Lifecycle/5 ModifyProjPage_input_code_project_field"), "12345"): Text '12345' is set on object 'Object Repository/HL Full Lifecycle/5 ModifyProjPage_input_code_project_field'

2022-06-23 18:29:54 - [MESSAGE][PASSED] - Text '12345' is set on object 'Object Repository/HL Full Lifecycle/5 ModifyProjPage_input_code_project_field'

2022-06-23 18:29:54 - [TEST_STEP][PASSED] - selectOptionByLabel(findTestObject("HL Full Lifecycle/5 ModifyProjPage_dropdown_category_field"), "Hair", true): All options with label 'Hair' are selected in object 'Object Repository/HL Full Lifecycle/5 ModifyProjPage_dropdown_category_field'  using regular expression

2022-06-23 18:29:55 - [MESSAGE][PASSED] - All options with label 'Hair' are selected in object 'Object Repository/HL Full Lifecycle/5 ModifyProjPage_dropdown_category_field'  using regular expression

2022-06-23 18:29:55 - [TEST_STEP][PASSED] - selectOptionByLabel(findTestObject("HL Full Lifecycle/5 ModifyProjPage_dropdown_segment_field"), "BATH BODY", true): All options with label 'BATH BODY' are selected in object 'Object Repository/HL Full Lifecycle/5 ModifyProjPage_dropdown_segment_field'  using regular expression

2022-06-23 18:29:57 - [MESSAGE][PASSED] - All options with label 'BATH BODY' are selected in object 'Object Repository/HL Full Lifecycle/5 ModifyProjPage_dropdown_segment_field'  using regular expression

2022-06-23 18:29:57 - [TEST_STEP][PASSED] - selectOptionByLabel(findTestObject("HL Full Lifecycle/5 ModifyProjPage_dropdown_type_field"), "One Shot", true): All options with label 'One Shot' are selected in object 'Object Repository/HL Full Lifecycle/5 ModifyProjPage_dropdown_type_field'  using regular expression

2022-06-23 18:29:58 - [MESSAGE][PASSED] - All options with label 'One Shot' are selected in object 'Object Repository/HL Full Lifecycle/5 ModifyProjPage_dropdown_type_field'  using regular expression

2022-06-23 18:29:58 - [TEST_STEP][PASSED] - selectOptionByValue(findTestObject("HL Full Lifecycle/5 ModifyProjPage_select_Scope_field"), "20", true): All options with value '20' are selected in object 'Object Repository/HL Full Lifecycle/5 ModifyProjPage_select_Scope_field'  using regular expression

2022-06-23 18:30:00 - [MESSAGE][PASSED] - All options with value '20' are selected in object 'Object Repository/HL Full Lifecycle/5 ModifyProjPage_select_Scope_field'  using regular expression

2022-06-23 18:30:00 - [TEST_STEP][PASSED] - click(findTestObject("HL Full Lifecycle/5 ModifyProjPage_button_Add_Scope_field")): Object: 'Object Repository/HL Full Lifecycle/5 ModifyProjPage_button_Add_Scope_field' is clicked on

2022-06-23 18:30:01 - [MESSAGE][PASSED] - Object: 'Object Repository/HL Full Lifecycle/5 ModifyProjPage_button_Add_Scope_field' is clicked on

2022-06-23 18:30:01 - [TEST_STEP][PASSED] - selectOptionByLabel(findTestObject("HL Full Lifecycle/5 ModifyProjPage_dropdown_MAD_field"), "Christmas", true): All options with label 'Christmas' are selected in object 'Object Repository/HL Full Lifecycle/5 ModifyProjPage_dropdown_MAD_field'  using regular expression

2022-06-23 18:30:50 - [MESSAGE][PASSED] - All options with label 'Christmas' are selected in object 'Object Repository/HL Full Lifecycle/5 ModifyProjPage_dropdown_MAD_field'  using regular expression

2022-06-23 18:30:50 - [TEST_STEP][PASSED] - click(findTestObject("HL Full Lifecycle/5 ModifyProjPage_date_select2-var_35-container_field")): Object: 'Object Repository/HL Full Lifecycle/5 ModifyProjPage_date_select2-var_35-container_field' is clicked on

2022-06-23 18:30:52 - [MESSAGE][PASSED] - Object: 'Object Repository/HL Full Lifecycle/5 ModifyProjPage_date_select2-var_35-container_field' is clicked on

2022-06-23 18:30:52 - [TEST_STEP][PASSED] - selectOptionByValue(findTestObject("HL Full Lifecycle/5 ModifyProjPage_dropdown_year_field"), "119", true): All options with value '119' are selected in object 'Object Repository/HL Full Lifecycle/5 ModifyProjPage_dropdown_year_field'  using regular expression

2022-06-23 18:30:56 - [MESSAGE][PASSED] - All options with value '119' are selected in object 'Object Repository/HL Full Lifecycle/5 ModifyProjPage_dropdown_year_field'  using regular expression

2022-06-23 18:30:56 - [TEST_STEP][PASSED] - click(findTestObject("HL Full Lifecycle/5 ModifyProjPage_date_select2-var_35-container_field")): Object: 'Object Repository/HL Full Lifecycle/5 ModifyProjPage_date_select2-var_35-container_field' is clicked on

2022-06-23 18:30:58 - [MESSAGE][PASSED] - Object: 'Object Repository/HL Full Lifecycle/5 ModifyProjPage_date_select2-var_35-container_field' is clicked on

2022-06-23 18:30:58 - [TEST_STEP][PASSED] - selectOptionByValue(findTestObject("HL Full Lifecycle/5 ModifyProjPage_select_DevPack_field"), "devpack", true): All options with value 'devpack' are selected in object 'Object Repository/HL Full Lifecycle/5 ModifyProjPage_select_DevPack_field'  using regular expression

2022-06-23 18:31:10 - [MESSAGE][PASSED] - All options with value 'devpack' are selected in object 'Object Repository/HL Full Lifecycle/5 ModifyProjPage_select_DevPack_field'  using regular expression

2022-06-23 18:31:10 - [TEST_STEP][PASSED] - click(findTestObject("HL Full Lifecycle/5 ModifyProjPage_button_Add_DevPack_field")): Object: 'Object Repository/HL Full Lifecycle/5 ModifyProjPage_button_Add_DevPack_field' is clicked on

2022-06-23 18:31:12 - [MESSAGE][PASSED] - Object: 'Object Repository/HL Full Lifecycle/5 ModifyProjPage_button_Add_DevPack_field' is clicked on

2022-06-23 18:31:12 - [TEST_STEP][PASSED] - selectOptionByValue(findTestObject("HL Full Lifecycle/5 ModifyProjPage_select_DevFS_field"), "atran", true): All options with value 'atran' are selected in object 'Object Repository/HL Full Lifecycle/5 ModifyProjPage_select_DevFS_field'  using regular expression

2022-06-23 18:31:20 - [MESSAGE][PASSED] - All options with value 'atran' are selected in object 'Object Repository/HL Full Lifecycle/5 ModifyProjPage_select_DevFS_field'  using regular expression

2022-06-23 18:31:20 - [TEST_STEP][PASSED] - click(findTestObject("HL Full Lifecycle/5 ModifyProjPage_Add_DevFS_button")): Object: 'Object Repository/HL Full Lifecycle/5 ModifyProjPage_Add_DevFS_button' is clicked on

2022-06-23 18:31:21 - [MESSAGE][PASSED] - Object: 'Object Repository/HL Full Lifecycle/5 ModifyProjPage_Add_DevFS_button' is clicked on

2022-06-23 18:31:21 - [TEST_STEP][PASSED] - selectOptionByValue(findTestObject("HL Full Lifecycle/5 ModifyProjPage_select_Marketing_field"), "marketing", true): All options with value 'marketing' are selected in object 'Object Repository/HL Full Lifecycle/5 ModifyProjPage_select_Marketing_field'  using regular expression

2022-06-23 18:31:55 - [MESSAGE][PASSED] - All options with value 'marketing' are selected in object 'Object Repository/HL Full Lifecycle/5 ModifyProjPage_select_Marketing_field'  using regular expression

2022-06-23 18:31:55 - [TEST_STEP][PASSED] - click(findTestObject("HL Full Lifecycle/5 ModifyProjPage_Add_Marketing_button")): Object: 'Object Repository/HL Full Lifecycle/5 ModifyProjPage_Add_Marketing_button' is clicked on

2022-06-23 18:31:57 - [MESSAGE][PASSED] - Object: 'Object Repository/HL Full Lifecycle/5 ModifyProjPage_Add_Marketing_button' is clicked on

2022-06-23 18:31:57 - [TEST_STEP][PASSED] - selectOptionByValue(findTestObject("HL Full Lifecycle/5 ModifyProjPage_select_Regulatory_field"), "regulatory", true): All options with value 'regulatory' are selected in object 'Object Repository/HL Full Lifecycle/5 ModifyProjPage_select_Regulatory_field'  using regular expression

2022-06-23 18:32:05 - [MESSAGE][PASSED] - All options with value 'regulatory' are selected in object 'Object Repository/HL Full Lifecycle/5 ModifyProjPage_select_Regulatory_field'  using regular expression

2022-06-23 18:32:05 - [TEST_STEP][PASSED] - click(findTestObject("HL Full Lifecycle/5 ModifyProjPage_Add_Regulatory_button")): Object: 'Object Repository/HL Full Lifecycle/5 ModifyProjPage_Add_Regulatory_button' is clicked on

2022-06-23 18:32:07 - [MESSAGE][PASSED] - Object: 'Object Repository/HL Full Lifecycle/5 ModifyProjPage_Add_Regulatory_button' is clicked on

2022-06-23 18:32:07 - [TEST_STEP][PASSED] - selectOptionByValue(findTestObject("HL Full Lifecycle/5 ModifyProjPage_select_Studio_field"), "studio", true): All options with value 'studio' are selected in object 'Object Repository/HL Full Lifecycle/5 ModifyProjPage_select_Studio_field'  using regular expression

2022-06-23 18:32:13 - [MESSAGE][PASSED] - All options with value 'studio' are selected in object 'Object Repository/HL Full Lifecycle/5 ModifyProjPage_select_Studio_field'  using regular expression

2022-06-23 18:32:13 - [TEST_STEP][PASSED] - click(findTestObject("HL Full Lifecycle/5 ModifyProjPage_Add_Studio_button")): Object: 'Object Repository/HL Full Lifecycle/5 ModifyProjPage_Add_Studio_button' is clicked on

2022-06-23 18:32:15 - [MESSAGE][PASSED] - Object: 'Object Repository/HL Full Lifecycle/5 ModifyProjPage_Add_Studio_button' is clicked on

2022-06-23 18:32:15 - [TEST_STEP][PASSED] - delay(5): Delayed 5 second(s)

2022-06-23 18:32:20 - [MESSAGE][PASSED] - Delayed 5 second(s)

2022-06-23 18:32:20 - [TEST_STEP][PASSED] - click(findTestObject("HL Full Lifecycle/5 ModifyProjPage_button_Update")): Object: 'Object Repository/HL Full Lifecycle/5 ModifyProjPage_button_Update' is clicked on

2022-06-23 18:32:29 - [MESSAGE][PASSED] - Object: 'Object Repository/HL Full Lifecycle/5 ModifyProjPage_button_Update' is clicked on

2022-06-23 18:32:29 - [TEST_STEP][PASSED] - delay(5): Delayed 5 second(s)

2022-06-23 18:32:34 - [MESSAGE][PASSED] - Delayed 5 second(s)

2022-06-23 18:32:34 - [TEST_STEP][PASSED] - Project_No = I.ProjectNo(): Current window's url is: 'http://mdb-release.diadeis.lan/MediaboxIndependence/Base/ExecAction?IDSession=MBI%21RELTESTAUTO_SEPHORA%2124FGPRCL9OHWHZD4FCZ1VCW0G3LP1OAV70R3ZFXO&default_action=AfficheFichesProjet&id_project=MI001953'

2022-06-23 18:32:39 - [MESSAGE][PASSED] - Delayed 5 second(s)

2022-06-23 18:32:39 - [MESSAGE][PASSED] - Current window's url is: 'http://mdb-release.diadeis.lan/MediaboxIndependence/Base/ExecAction?IDSession=MBI%21RELTESTAUTO_SEPHORA%2124FGPRCL9OHWHZD4FCZ1VCW0G3LP1OAV70R3ZFXO&default_action=AfficheFichesProjet&id_project=MI001953'

2022-06-23 18:32:39 - [TEST_STEP][PASSED] - click(findTestObject("HL Full Lifecycle/6 ReferenceListPage_createrefbutton")): Object: 'Object Repository/HL Full Lifecycle/6 ReferenceListPage_createrefbutton' is clicked on

2022-06-23 18:32:39 - [MESSAGE][PASSED] - Object: 'Object Repository/HL Full Lifecycle/6 ReferenceListPage_createrefbutton' is clicked on

2022-06-23 18:32:39 - [TEST_STEP][PASSED] - click(findTestObject("HL Full Lifecycle/6 ReferenceListPaga_Create a component_button")): Object: 'Object Repository/HL Full Lifecycle/6 ReferenceListPaga_Create a component_button' is clicked on

2022-06-23 18:32:42 - [MESSAGE][PASSED] - Object: 'Object Repository/HL Full Lifecycle/6 ReferenceListPaga_Create a component_button' is clicked on

2022-06-23 18:32:42 - [TEST_STEP][PASSED] - waitForPageLoad(25): Wait for page load successfully

2022-06-23 18:32:42 - [MESSAGE][PASSED] - Wait for page load successfully

2022-06-23 18:32:42 - [TEST_STEP][PASSED] - selectOptionByLabel(findTestObject("HL Full Lifecycle/6 ReferenceList_Choose Lifecycle"), "FS process", false): All options with label 'FS process' are selected in object 'Object Repository/HL Full Lifecycle/6 ReferenceList_Choose Lifecycle' 

2022-06-23 18:32:43 - [MESSAGE][PASSED] - All options with label 'FS process' are selected in object 'Object Repository/HL Full Lifecycle/6 ReferenceList_Choose Lifecycle' 

2022-06-23 18:32:43 - [TEST_STEP][PASSED] - ref_name = RandomStringUtils.randomAlphanumeric(10) + "_" + I.gettimedate(): null

2022-06-23 18:32:43 - [TEST_STEP][PASSED] - setText(findTestObject("HL Full Lifecycle/6 Reference_input_Component name_field"), "Component_" + ref_name): Text 'Component_F4r7vlvUtq_juin232022_183243' is set on object 'Object Repository/HL Full Lifecycle/6 Reference_input_Component name_field'

2022-06-23 18:32:45 - [MESSAGE][PASSED] - Text 'Component_F4r7vlvUtq_juin232022_183243' is set on object 'Object Repository/HL Full Lifecycle/6 Reference_input_Component name_field'

2022-06-23 18:32:45 - [TEST_STEP][PASSED] - takeScreenshot(): Taking screenshot successfully

2022-06-23 18:32:46 - [MESSAGE][PASSED] - Taking screenshot successfully
[[ATTACHMENT|D:\\Projet Test Auto\\Mediabox Test Automation\\Reports\\20220623_182213\\03. Parallel Testing (Testing)\\TS -PT PART 3\\02. Sephora - Full Lifecycle FS Process and Control Tag(Chrome) - headless\\20220623_182213\\1656001965478.png]]

2022-06-23 18:32:46 - [TEST_STEP][PASSED] - click(findTestObject("HL Full Lifecycle/6 ReferencePg_Create a component_bluebutton")): Object: 'Object Repository/HL Full Lifecycle/6 ReferencePg_Create a component_bluebutton' is clicked on

2022-06-23 18:32:50 - [MESSAGE][PASSED] - Object: 'Object Repository/HL Full Lifecycle/6 ReferencePg_Create a component_bluebutton' is clicked on

2022-06-23 18:32:50 - [TEST_STEP][PASSED] - delay(5): Delayed 5 second(s)

2022-06-23 18:32:55 - [MESSAGE][PASSED] - Delayed 5 second(s)

2022-06-23 18:32:55 - [TEST_STEP][PASSED] - refID = I.RefID(): Current window's url is: 'http://mdb-release.diadeis.lan/MediaboxIndependence/Base/ExecAction?IDSession=MBI%21RELTESTAUTO_SEPHORA%2124FGPRCL9OHWHZD4FCZ1VCW0G3LP1OAV70R3ZFXO&default_action=ModifierRef&id_project=MI001953&id_ref=5050&action_from=create_ref'

2022-06-23 18:33:00 - [MESSAGE][PASSED] - Delayed 5 second(s)

2022-06-23 18:33:00 - [MESSAGE][PASSED] - Current window's url is: 'http://mdb-release.diadeis.lan/MediaboxIndependence/Base/ExecAction?IDSession=MBI%21RELTESTAUTO_SEPHORA%2124FGPRCL9OHWHZD4FCZ1VCW0G3LP1OAV70R3ZFXO&default_action=ModifierRef&id_project=MI001953&id_ref=5050&action_from=create_ref'

2022-06-23 18:33:00 - [TEST_STEP][PASSED] - selectOptionByLabel(findTestObject("HL Full Lifecycle/7 ModifyRefPage_Select_DDC Status_field"), "Complete", false): All options with label 'Complete' are selected in object 'Object Repository/HL Full Lifecycle/7 ModifyRefPage_Select_DDC Status_field' 

2022-06-23 18:33:01 - [MESSAGE][PASSED] - All options with label 'Complete' are selected in object 'Object Repository/HL Full Lifecycle/7 ModifyRefPage_Select_DDC Status_field' 

2022-06-23 18:33:01 - [TEST_STEP][PASSED] - click(findTestObject("Object Repository/Control Tag/2.4 Closing Date")): Object: 'Object Repository/Control Tag/2.4 Closing Date' is clicked on

2022-06-23 18:33:02 - [MESSAGE][PASSED] - Object: 'Object Repository/Control Tag/2.4 Closing Date' is clicked on

2022-06-23 18:33:02 - [TEST_STEP][PASSED] - click(findTestObject("Object Repository/Control Tag/2.5 Closing date (choose date)")): Object: 'Object Repository/Control Tag/2.5 Closing date (choose date)' is clicked on

2022-06-23 18:33:03 - [MESSAGE][PASSED] - Object: 'Object Repository/Control Tag/2.5 Closing date (choose date)' is clicked on

2022-06-23 18:33:03 - [TEST_STEP][PASSED] - delay(1): Delayed 1 second(s)

2022-06-23 18:33:04 - [MESSAGE][PASSED] - Delayed 1 second(s)

2022-06-23 18:33:04 - [TEST_STEP][PASSED] - click(findTestObject("HL Full Lifecycle/7 ModifyRefPage_la-calendar_field")): Object: 'Object Repository/HL Full Lifecycle/7 ModifyRefPage_la-calendar_field' is clicked on

2022-06-23 18:33:04 - [MESSAGE][PASSED] - Object: 'Object Repository/HL Full Lifecycle/7 ModifyRefPage_la-calendar_field' is clicked on

2022-06-23 18:33:04 - [TEST_STEP][PASSED] - delay(1): Delayed 1 second(s)

2022-06-23 18:33:05 - [MESSAGE][PASSED] - Delayed 1 second(s)

2022-06-23 18:33:05 - [TEST_STEP][PASSED] - click(findTestObject("Object Repository/Control Tag/2.5 Closing date (choose date)")): Object: 'Object Repository/Control Tag/2.5 Closing date (choose date)' is clicked on

2022-06-23 18:33:06 - [MESSAGE][PASSED] - Object: 'Object Repository/Control Tag/2.5 Closing date (choose date)' is clicked on

2022-06-23 18:33:06 - [TEST_STEP][PASSED] - selectOptionByLabel(findTestObject("HL Full Lifecycle/7 ModifyRefPage_Select_Pack_Type"), "Primaire", false): All options with label 'Primaire' are selected in object 'Object Repository/HL Full Lifecycle/7 ModifyRefPage_Select_Pack_Type' 

2022-06-23 18:33:07 - [MESSAGE][PASSED] - All options with label 'Primaire' are selected in object 'Object Repository/HL Full Lifecycle/7 ModifyRefPage_Select_Pack_Type' 

2022-06-23 18:33:07 - [TEST_STEP][PASSED] - selectOptionByLabel(findTestObject("HL Full Lifecycle/7 ModifyRefPage_Select_Component_Type"), "Etui", false): All options with label 'Etui' are selected in object 'Object Repository/HL Full Lifecycle/7 ModifyRefPage_Select_Component_Type' 

2022-06-23 18:33:08 - [MESSAGE][PASSED] - All options with label 'Etui' are selected in object 'Object Repository/HL Full Lifecycle/7 ModifyRefPage_Select_Component_Type' 

2022-06-23 18:33:08 - [TEST_STEP][PASSED] - selectOptionByLabel(findTestObject("HL Full Lifecycle/7 ModifyRefPage_Select_printer"), "AIRCOS", false): All options with label 'AIRCOS' are selected in object 'Object Repository/HL Full Lifecycle/7 ModifyRefPage_Select_printer' 

2022-06-23 18:33:09 - [MESSAGE][PASSED] - All options with label 'AIRCOS' are selected in object 'Object Repository/HL Full Lifecycle/7 ModifyRefPage_Select_printer' 

2022-06-23 18:33:09 - [TEST_STEP][PASSED] - scrollToElement(findTestObject("HL Full Lifecycle/7 ModifyRefPage_button_Save"), 10): Scroll to object 'Object Repository/HL Full Lifecycle/7 ModifyRefPage_button_Save' successfully

2022-06-23 18:33:09 - [MESSAGE][PASSED] - Scroll to object 'Object Repository/HL Full Lifecycle/7 ModifyRefPage_button_Save' successfully

2022-06-23 18:33:09 - [TEST_STEP][PASSED] - click(findTestObject("HL Full Lifecycle/7 ModifyRefPage_button_Save")): Object: 'Object Repository/HL Full Lifecycle/7 ModifyRefPage_button_Save' is clicked on

2022-06-23 18:33:14 - [MESSAGE][PASSED] - Object: 'Object Repository/HL Full Lifecycle/7 ModifyRefPage_button_Save' is clicked on

2022-06-23 18:33:14 - [TEST_STEP][PASSED] - takeScreenshot(): Taking screenshot successfully

2022-06-23 18:33:15 - [MESSAGE][PASSED] - Taking screenshot successfully
[[ATTACHMENT|D:\\Projet Test Auto\\Mediabox Test Automation\\Reports\\20220623_182213\\03. Parallel Testing (Testing)\\TS -PT PART 3\\02. Sephora - Full Lifecycle FS Process and Control Tag(Chrome) - headless\\20220623_182213\\1656001995198.png]]

2022-06-23 18:33:15 - [TEST_STEP][PASSED] - delay(3): Delayed 3 second(s)

2022-06-23 18:33:18 - [MESSAGE][PASSED] - Delayed 3 second(s)

2022-06-23 18:33:18 - [TEST_STEP][PASSED] - click(findTestObject("HL Full Lifecycle/8 ReferencePage_ActionButton", ["refID":"source_" + refID])): Object: 'Object Repository/HL Full Lifecycle/8 ReferencePage_ActionButton' is clicked on

2022-06-23 18:33:21 - [MESSAGE][PASSED] - Object: 'Object Repository/HL Full Lifecycle/8 ReferencePage_ActionButton' is clicked on

2022-06-23 18:33:21 - [TEST_STEP][PASSED] - click(findTestObject("HL Full Lifecycle/8 ReferencePage_button_Send to Marketing")): Object: 'Object Repository/HL Full Lifecycle/8 ReferencePage_button_Send to Marketing' is clicked on

2022-06-23 18:33:25 - [MESSAGE][PASSED] - Object: 'Object Repository/HL Full Lifecycle/8 ReferencePage_button_Send to Marketing' is clicked on

2022-06-23 18:33:25 - [TEST_STEP][PASSED] - I.Logout(): Delayed 3 second(s)

2022-06-23 18:33:28 - [MESSAGE][PASSED] - Delayed 3 second(s)

2022-06-23 18:33:29 - [MESSAGE][PASSED] - Object: 'Object Repository/1. Constant/xpath' is clicked on

2022-06-23 18:33:32 - [MESSAGE][PASSED] - Delayed 3 second(s)

2022-06-23 18:33:38 - [MESSAGE][PASSED] - Object: 'Object Repository/1. Constant/xpath' is clicked on

2022-06-23 18:33:41 - [MESSAGE][PASSED] - Delayed 3 second(s)

2022-06-23 18:33:41 - [TEST_STEP][PASSED] - I.Login_password("marketing", password_marketing): Object: 'Object Repository/1. Constant/xpath' is clicked on

2022-06-23 18:33:41 - [MESSAGE][PASSED] - Text 'marketing' is set on object 'Object Repository/1. Constant/xpath'

2022-06-23 18:33:42 - [MESSAGE][PASSED] - Delayed 1 second(s)

2022-06-23 18:33:43 - [MESSAGE][PASSED] - Text 'dchi3' is set on object 'Object Repository/1. Constant/xpath'

2022-06-23 18:33:44 - [MESSAGE][PASSED] - Delayed 1 second(s)

2022-06-23 18:33:47 - [MESSAGE][PASSED] - Object: 'Object Repository/1. Constant/xpath' is clicked on

2022-06-23 18:33:47 - [TEST_STEP][PASSED] - takeScreenshot(): Taking screenshot successfully

2022-06-23 18:33:48 - [MESSAGE][PASSED] - Taking screenshot successfully
[[ATTACHMENT|D:\\Projet Test Auto\\Mediabox Test Automation\\Reports\\20220623_182213\\03. Parallel Testing (Testing)\\TS -PT PART 3\\02. Sephora - Full Lifecycle FS Process and Control Tag(Chrome) - headless\\20220623_182213\\1656002028051.png]]

2022-06-23 18:33:48 - [TEST_STEP][PASSED] - click(findTestObject("1. Constant/02_LHSMenu_Projects")): Object: 'Object Repository/1. Constant/02_LHSMenu_Projects' is clicked on

2022-06-23 18:33:51 - [MESSAGE][PASSED] - Object: 'Object Repository/1. Constant/02_LHSMenu_Projects' is clicked on

2022-06-23 18:33:51 - [TEST_STEP][PASSED] - I.SearchProjectNo(Project_No, findTestObject("HL Full Lifecycle/9 Filter_Button_Apply")): Delayed 5 second(s)

2022-06-23 18:33:52 - [MESSAGE][PASSED] - Text 'MI001953' is set on object 'Object Repository/1. Constant/xpath'

2022-06-23 18:33:55 - [MESSAGE][PASSED] - Delayed 3 second(s)

2022-06-23 18:33:57 - [MESSAGE][PASSED] - Object: 'Object Repository/HL Full Lifecycle/9 Filter_Button_Apply' is clicked on

2022-06-23 18:34:02 - [MESSAGE][PASSED] - Delayed 5 second(s)

2022-06-23 18:34:02 - [TEST_STEP][PASSED] - click(findTestObject("HL Full Lifecycle/9 RefPage_i_B_fa fa-arrow-circle-right_1", ["refID":"source_" + refID])): Object: 'Object Repository/HL Full Lifecycle/9 RefPage_i_B_fa fa-arrow-circle-right_1' is clicked on

2022-06-23 18:34:04 - [MESSAGE][PASSED] - Object: 'Object Repository/HL Full Lifecycle/9 RefPage_i_B_fa fa-arrow-circle-right_1' is clicked on

2022-06-23 18:34:04 - [TEST_STEP][PASSED] - click(findTestObject("HL Full Lifecycle/9 RefPage_button_Send to Regulatory")): Object: 'Object Repository/HL Full Lifecycle/9 RefPage_button_Send to Regulatory' is clicked on

2022-06-23 18:34:07 - [MESSAGE][PASSED] - Object: 'Object Repository/HL Full Lifecycle/9 RefPage_button_Send to Regulatory' is clicked on

2022-06-23 18:34:07 - [TEST_STEP][PASSED] - I.Logout(): Delayed 3 second(s)

2022-06-23 18:34:10 - [MESSAGE][PASSED] - Delayed 3 second(s)

2022-06-23 18:34:11 - [MESSAGE][PASSED] - Object: 'Object Repository/1. Constant/xpath' is clicked on

2022-06-23 18:34:14 - [MESSAGE][PASSED] - Delayed 3 second(s)

2022-06-23 18:34:18 - [MESSAGE][PASSED] - Object: 'Object Repository/1. Constant/xpath' is clicked on

2022-06-23 18:34:21 - [MESSAGE][PASSED] - Delayed 3 second(s)

2022-06-23 18:34:21 - [TEST_STEP][PASSED] - I.Login_password("regulatory", password_regulatory): Object: 'Object Repository/1. Constant/xpath' is clicked on

2022-06-23 18:34:22 - [MESSAGE][PASSED] - Text 'regulatory' is set on object 'Object Repository/1. Constant/xpath'

2022-06-23 18:34:23 - [MESSAGE][PASSED] - Delayed 1 second(s)

2022-06-23 18:34:24 - [MESSAGE][PASSED] - Text 'dchi3' is set on object 'Object Repository/1. Constant/xpath'

2022-06-23 18:34:25 - [MESSAGE][PASSED] - Delayed 1 second(s)

2022-06-23 18:34:29 - [MESSAGE][PASSED] - Object: 'Object Repository/1. Constant/xpath' is clicked on

2022-06-23 18:34:29 - [TEST_STEP][PASSED] - takeScreenshot(): Taking screenshot successfully

2022-06-23 18:34:30 - [MESSAGE][PASSED] - Taking screenshot successfully
[[ATTACHMENT|D:\\Projet Test Auto\\Mediabox Test Automation\\Reports\\20220623_182213\\03. Parallel Testing (Testing)\\TS -PT PART 3\\02. Sephora - Full Lifecycle FS Process and Control Tag(Chrome) - headless\\20220623_182213\\1656002070012.png]]

2022-06-23 18:34:30 - [TEST_STEP][PASSED] - click(findTestObject("1. Constant/02_LHSMenu_Projects")): Object: 'Object Repository/1. Constant/02_LHSMenu_Projects' is clicked on

2022-06-23 18:34:33 - [MESSAGE][PASSED] - Object: 'Object Repository/1. Constant/02_LHSMenu_Projects' is clicked on

2022-06-23 18:34:33 - [TEST_STEP][PASSED] - I.SearchProjectNo(Project_No, findTestObject("HL Full Lifecycle/9 Filter_Button_Apply")): Delayed 5 second(s)

2022-06-23 18:34:34 - [MESSAGE][PASSED] - Text 'MI001953' is set on object 'Object Repository/1. Constant/xpath'

2022-06-23 18:34:37 - [MESSAGE][PASSED] - Delayed 3 second(s)

2022-06-23 18:34:39 - [MESSAGE][PASSED] - Object: 'Object Repository/HL Full Lifecycle/9 Filter_Button_Apply' is clicked on

2022-06-23 18:34:44 - [MESSAGE][PASSED] - Delayed 5 second(s)

2022-06-23 18:34:44 - [TEST_STEP][PASSED] - click(findTestObject("HL Full Lifecycle/10.1_RefPage_questionphase", ["refID":"source_" + refID])): Object: 'Object Repository/HL Full Lifecycle/10.1_RefPage_questionphase' is clicked on

2022-06-23 18:34:44 - [MESSAGE][PASSED] - Object: 'Object Repository/HL Full Lifecycle/10.1_RefPage_questionphase' is clicked on

2022-06-23 18:34:44 - [TEST_STEP][PASSED] - takeScreenshot(): Taking screenshot successfully

2022-06-23 18:34:46 - [MESSAGE][PASSED] - Taking screenshot successfully
[[ATTACHMENT|D:\\Projet Test Auto\\Mediabox Test Automation\\Reports\\20220623_182213\\03. Parallel Testing (Testing)\\TS -PT PART 3\\02. Sephora - Full Lifecycle FS Process and Control Tag(Chrome) - headless\\20220623_182213\\1656002085473.png]]

2022-06-23 18:34:46 - [TEST_STEP][PASSED] - click(findTestObject("HL Full Lifecycle/10.2 ReferencPAge_button_Send to studio", ["refID":"source_" + refID])): Object: 'Object Repository/HL Full Lifecycle/10.2 ReferencPAge_button_Send to studio' is clicked on

2022-06-23 18:34:49 - [MESSAGE][PASSED] - Object: 'Object Repository/HL Full Lifecycle/10.2 ReferencPAge_button_Send to studio' is clicked on

2022-06-23 18:34:49 - [TEST_STEP][PASSED] - click(findTestObject("HL Full Lifecycle/10.3 RefPage_Submitstudio")): Object: 'Object Repository/HL Full Lifecycle/10.3 RefPage_Submitstudio' is clicked on

2022-06-23 18:34:55 - [MESSAGE][PASSED] - Object: 'Object Repository/HL Full Lifecycle/10.3 RefPage_Submitstudio' is clicked on

2022-06-23 18:34:55 - [TEST_STEP][PASSED] - I.Logout(): Delayed 3 second(s)

2022-06-23 18:34:58 - [MESSAGE][PASSED] - Delayed 3 second(s)

2022-06-23 18:34:59 - [MESSAGE][PASSED] - Object: 'Object Repository/1. Constant/xpath' is clicked on

2022-06-23 18:35:02 - [MESSAGE][PASSED] - Delayed 3 second(s)

2022-06-23 18:35:07 - [MESSAGE][PASSED] - Object: 'Object Repository/1. Constant/xpath' is clicked on

2022-06-23 18:35:10 - [MESSAGE][PASSED] - Delayed 3 second(s)

2022-06-23 18:35:10 - [TEST_STEP][PASSED] - I.Login_password("studio", password_studio): Object: 'Object Repository/1. Constant/xpath' is clicked on

2022-06-23 18:35:10 - [MESSAGE][PASSED] - Text 'studio' is set on object 'Object Repository/1. Constant/xpath'

2022-06-23 18:35:11 - [MESSAGE][PASSED] - Delayed 1 second(s)

2022-06-23 18:35:12 - [MESSAGE][PASSED] - Text 'dchi4' is set on object 'Object Repository/1. Constant/xpath'

2022-06-23 18:35:13 - [MESSAGE][PASSED] - Delayed 1 second(s)

2022-06-23 18:35:16 - [MESSAGE][PASSED] - Object: 'Object Repository/1. Constant/xpath' is clicked on

2022-06-23 18:35:16 - [TEST_STEP][PASSED] - takeScreenshot(): Taking screenshot successfully

2022-06-23 18:35:17 - [MESSAGE][PASSED] - Taking screenshot successfully
[[ATTACHMENT|D:\\Projet Test Auto\\Mediabox Test Automation\\Reports\\20220623_182213\\03. Parallel Testing (Testing)\\TS -PT PART 3\\02. Sephora - Full Lifecycle FS Process and Control Tag(Chrome) - headless\\20220623_182213\\1656002117229.png]]

2022-06-23 18:35:17 - [TEST_STEP][PASSED] - click(findTestObject("1. Constant/02_LHSMenu_Projects")): Object: 'Object Repository/1. Constant/02_LHSMenu_Projects' is clicked on

2022-06-23 18:35:20 - [MESSAGE][PASSED] - Object: 'Object Repository/1. Constant/02_LHSMenu_Projects' is clicked on

2022-06-23 18:35:20 - [TEST_STEP][PASSED] - I.SearchProjectNo(Project_No, findTestObject("HL Full Lifecycle/9 Filter_Button_Apply")): Delayed 5 second(s)

2022-06-23 18:35:21 - [MESSAGE][PASSED] - Text 'MI001953' is set on object 'Object Repository/1. Constant/xpath'

2022-06-23 18:35:24 - [MESSAGE][PASSED] - Delayed 3 second(s)

2022-06-23 18:35:27 - [MESSAGE][PASSED] - Object: 'Object Repository/HL Full Lifecycle/9 Filter_Button_Apply' is clicked on

2022-06-23 18:35:32 - [MESSAGE][PASSED] - Delayed 5 second(s)

2022-06-23 18:35:32 - [TEST_STEP][PASSED] - waitForElementClickable(findTestObject("HL Full Lifecycle/10.10 RefPage_Question", ["refID":"source_" + refID]), 10): Object 'Object Repository/HL Full Lifecycle/10.10 RefPage_Question' is clickable

2022-06-23 18:35:34 - [MESSAGE][PASSED] - Object 'Object Repository/HL Full Lifecycle/10.10 RefPage_Question' is clickable

2022-06-23 18:35:34 - [TEST_STEP][PASSED] - click(findTestObject("HL Full Lifecycle/10.10 RefPage_Question", ["refID":"source_" + refID])): Object: 'Object Repository/HL Full Lifecycle/10.10 RefPage_Question' is clicked on

2022-06-23 18:35:35 - [MESSAGE][PASSED] - Object: 'Object Repository/HL Full Lifecycle/10.10 RefPage_Question' is clicked on

2022-06-23 18:35:35 - [TEST_STEP][PASSED] - click(findTestObject("HL Full Lifecycle/11 ReferencePage_Question_a_Accept the brief", ["refID":"source_" + refID])): Object: 'Object Repository/HL Full Lifecycle/11 ReferencePage_Question_a_Accept the brief' is clicked on

2022-06-23 18:35:37 - [MESSAGE][PASSED] - Object: 'Object Repository/HL Full Lifecycle/11 ReferencePage_Question_a_Accept the brief' is clicked on

2022-06-23 18:35:37 - [TEST_STEP][PASSED] - selectOptionByValue(findTestObject("1. Constant/xpath", ["xpath":"//*[@id="var_133"]"]), "282", false): All options with value '282' are selected in object 'Object Repository/1. Constant/xpath' 

2022-06-23 18:35:39 - [MESSAGE][PASSED] - All options with value '282' are selected in object 'Object Repository/1. Constant/xpath' 

2022-06-23 18:35:39 - [TEST_STEP][PASSED] - click(findTestObject("HL Full Lifecycle/11 RefPage_Button_AcceptBrief", ["refID":"source_" + refID])): Object: 'Object Repository/HL Full Lifecycle/11 RefPage_Button_AcceptBrief' is clicked on

2022-06-23 18:35:43 - [MESSAGE][PASSED] - Object: 'Object Repository/HL Full Lifecycle/11 RefPage_Button_AcceptBrief' is clicked on

2022-06-23 18:35:43 - [TEST_STEP][PASSED] - color1 = getCSSValue(findTestObject("1. Constant/xpath", ["xpath":"//*[@id="source_" + refID + ""]/td[8]/a"]), "color", OPTIONAL): Get CSS 'color' value on 'Object Repository/1. Constant/xpath' successfully: 'rgba(255, 255, 255, 1)'.

2022-06-23 18:35:43 - [MESSAGE][PASSED] - Get CSS 'color' value on 'Object Repository/1. Constant/xpath' successfully: 'rgba(255, 255, 255, 1)'.

2022-06-23 18:35:43 - [TEST_STEP][PASSED] - I.print(color1): null

2022-06-23 18:35:43 - [TEST_STEP][PASSED] - while (color1 == "rgba(255, 255, 255, 1)"): Get CSS 'color' value on 'Object Repository/1. Constant/xpath' successfully: 'rgba(54, 153, 255, 1)'.

2022-06-23 18:35:43 - [TEST_STEP][PASSED] - click(findTestObject("1. Constant/xpath", ["xpath":"//*[@id="source_" + refID + ""]/td[8]/a"])): Object: 'Object Repository/1. Constant/xpath' is clicked on

2022-06-23 18:35:45 - [MESSAGE][PASSED] - Object: 'Object Repository/1. Constant/xpath' is clicked on

2022-06-23 18:35:45 - [TEST_STEP][PASSED] - I.UploadDoc_sendkey_Prod(findTestObject("1. Constant/xpath", ["xpath":"//*[@id="kt_body"]/input[2]"]), "D:\Upoad_File\Upload doc\testdata1.jpg", "testdata1"): Delayed 5 second(s)

2022-06-23 18:35:45 - [MESSAGE][PASSED] - Scroll to object 'Object Repository/1. Constant/xpath' successfully

2022-06-23 18:35:50 - [MESSAGE][PASSED] - Delayed 5 second(s)

2022-06-23 18:35:50 - [MESSAGE][PASSED] - File 'D:\Upoad_File\Upload doc\testdata1.jpg' sent to object: 'Object Repository/1. Constant/xpath'

2022-06-23 18:35:55 - [MESSAGE][PASSED] - Delayed 5 second(s)

2022-06-23 18:35:56 - [MESSAGE][PASSED] - Text 'testdata1' is present on page 

2022-06-23 18:36:01 - [MESSAGE][PASSED] - Delayed 5 second(s)

2022-06-23 18:36:06 - [MESSAGE][PASSED] - Delayed 5 second(s)

2022-06-23 18:36:06 - [TEST_STEP][PASSED] - takeScreenshot(): Taking screenshot successfully

2022-06-23 18:36:07 - [MESSAGE][PASSED] - Taking screenshot successfully
[[ATTACHMENT|D:\\Projet Test Auto\\Mediabox Test Automation\\Reports\\20220623_182213\\03. Parallel Testing (Testing)\\TS -PT PART 3\\02. Sephora - Full Lifecycle FS Process and Control Tag(Chrome) - headless\\20220623_182213\\1656002166712.png]]

2022-06-23 18:36:07 - [TEST_STEP][PASSED] - delay(10): Delayed 10 second(s)

2022-06-23 18:36:17 - [MESSAGE][PASSED] - Delayed 10 second(s)

2022-06-23 18:36:17 - [TEST_STEP][PASSED] - click(findTestObject("HL Full Lifecycle/12 ReferncePage_Button_Updatensenddoc")): Object: 'Object Repository/HL Full Lifecycle/12 ReferncePage_Button_Updatensenddoc' is clicked on

2022-06-23 18:36:23 - [MESSAGE][PASSED] - Object: 'Object Repository/HL Full Lifecycle/12 ReferncePage_Button_Updatensenddoc' is clicked on

2022-06-23 18:36:23 - [TEST_STEP][PASSED] - delay(5): Delayed 5 second(s)

2022-06-23 18:36:28 - [MESSAGE][PASSED] - Delayed 5 second(s)

2022-06-23 18:36:28 - [TEST_STEP][PASSED] - color1 = getCSSValue(findTestObject("1. Constant/xpath", ["xpath":"//*[@id="source_" + refID + ""]/td[8]/a"]), "color", OPTIONAL): Get CSS 'color' value on 'Object Repository/1. Constant/xpath' successfully: 'rgba(54, 153, 255, 1)'.

2022-06-23 18:36:29 - [MESSAGE][PASSED] - Get CSS 'color' value on 'Object Repository/1. Constant/xpath' successfully: 'rgba(54, 153, 255, 1)'.

2022-06-23 18:36:29 - [TEST_STEP][PASSED] - I.Logout(): Delayed 3 second(s)

2022-06-23 18:36:32 - [MESSAGE][PASSED] - Delayed 3 second(s)

2022-06-23 18:36:32 - [MESSAGE][PASSED] - Object: 'Object Repository/1. Constant/xpath' is clicked on

2022-06-23 18:36:35 - [MESSAGE][PASSED] - Delayed 3 second(s)

2022-06-23 18:36:42 - [MESSAGE][PASSED] - Object: 'Object Repository/1. Constant/xpath' is clicked on

2022-06-23 18:36:45 - [MESSAGE][PASSED] - Delayed 3 second(s)

2022-06-23 18:36:45 - [TEST_STEP][PASSED] - I.Login_password("marketing", password_marketing): Object: 'Object Repository/1. Constant/xpath' is clicked on

2022-06-23 18:36:45 - [MESSAGE][PASSED] - Text 'marketing' is set on object 'Object Repository/1. Constant/xpath'

2022-06-23 18:36:46 - [MESSAGE][PASSED] - Delayed 1 second(s)

2022-06-23 18:36:47 - [MESSAGE][PASSED] - Text 'dchi3' is set on object 'Object Repository/1. Constant/xpath'

2022-06-23 18:36:48 - [MESSAGE][PASSED] - Delayed 1 second(s)

2022-06-23 18:36:53 - [MESSAGE][PASSED] - Object: 'Object Repository/1. Constant/xpath' is clicked on

2022-06-23 18:36:53 - [TEST_STEP][PASSED] - takeScreenshot(): Taking screenshot successfully

2022-06-23 18:36:53 - [MESSAGE][PASSED] - Taking screenshot successfully
[[ATTACHMENT|D:\\Projet Test Auto\\Mediabox Test Automation\\Reports\\20220623_182213\\03. Parallel Testing (Testing)\\TS -PT PART 3\\02. Sephora - Full Lifecycle FS Process and Control Tag(Chrome) - headless\\20220623_182213\\1656002213545.png]]

2022-06-23 18:36:53 - [TEST_STEP][PASSED] - click(findTestObject("1. Constant/02_LHSMenu_Projects")): Object: 'Object Repository/1. Constant/02_LHSMenu_Projects' is clicked on

2022-06-23 18:36:56 - [MESSAGE][PASSED] - Object: 'Object Repository/1. Constant/02_LHSMenu_Projects' is clicked on

2022-06-23 18:36:56 - [TEST_STEP][PASSED] - I.SearchProjectNo(Project_No, findTestObject("HL Full Lifecycle/9 Filter_Button_Apply")): Delayed 5 second(s)

2022-06-23 18:36:57 - [MESSAGE][PASSED] - Text 'MI001953' is set on object 'Object Repository/1. Constant/xpath'

2022-06-23 18:37:00 - [MESSAGE][PASSED] - Delayed 3 second(s)

2022-06-23 18:37:02 - [MESSAGE][PASSED] - Object: 'Object Repository/HL Full Lifecycle/9 Filter_Button_Apply' is clicked on

2022-06-23 18:37:07 - [MESSAGE][PASSED] - Delayed 5 second(s)

2022-06-23 18:37:07 - [TEST_STEP][PASSED] - I.AWF_approve_byaction(findTestObject("1. Constant/xpath", ["xpath":"//*[@id="source_" + refID + ""]/td[7]/a"])): Object: 'Object Repository/HL Full Lifecycle/Function_Appbutton2' is clicked on

2022-06-23 18:37:12 - [MESSAGE][PASSED] - Delayed 5 second(s)

2022-06-23 18:37:22 - [MESSAGE][PASSED] - Object: 'Object Repository/1. Constant/xpath' is clicked on

2022-06-23 18:37:23 - [MESSAGE][PASSED] - Object: 'Object Repository/HL Full Lifecycle/Function_access Viewer2' is hovered

2022-06-23 18:37:26 - [MESSAGE][PASSED] - Delayed 3 second(s)

2022-06-23 18:37:27 - [MESSAGE][PASSED] - Object: 'Object Repository/HL Full Lifecycle/Function_access Viewer2' is clicked on

2022-06-23 18:37:32 - [MESSAGE][PASSED] - Delayed 5 second(s)

2022-06-23 18:37:33 - [MESSAGE][PASSED] - Object: 'Object Repository/HL Full Lifecycle/Function_AppButton' is clicked on

2022-06-23 18:37:38 - [MESSAGE][PASSED] - Delayed 5 second(s)

2022-06-23 18:37:42 - [MESSAGE][PASSED] - Object: 'Object Repository/HL Full Lifecycle/Function_Appbutton2' is clicked on

2022-06-23 18:37:42 - [TEST_STEP][PASSED] - I.Logout(): Delayed 3 second(s)

2022-06-23 18:37:45 - [MESSAGE][PASSED] - Delayed 3 second(s)

2022-06-23 18:37:46 - [MESSAGE][PASSED] - Object: 'Object Repository/1. Constant/xpath' is clicked on

2022-06-23 18:37:49 - [MESSAGE][PASSED] - Delayed 3 second(s)

2022-06-23 18:37:53 - [MESSAGE][PASSED] - Object: 'Object Repository/1. Constant/xpath' is clicked on

2022-06-23 18:37:56 - [MESSAGE][PASSED] - Delayed 3 second(s)

2022-06-23 18:37:56 - [TEST_STEP][PASSED] - I.Login_password("regulatory", password_regulatory): Object: 'Object Repository/1. Constant/xpath' is clicked on

2022-06-23 18:37:57 - [MESSAGE][PASSED] - Text 'regulatory' is set on object 'Object Repository/1. Constant/xpath'

2022-06-23 18:37:58 - [MESSAGE][PASSED] - Delayed 1 second(s)

2022-06-23 18:37:59 - [MESSAGE][PASSED] - Text 'dchi3' is set on object 'Object Repository/1. Constant/xpath'

2022-06-23 18:38:00 - [MESSAGE][PASSED] - Delayed 1 second(s)

2022-06-23 18:38:03 - [MESSAGE][PASSED] - Object: 'Object Repository/1. Constant/xpath' is clicked on

2022-06-23 18:38:03 - [TEST_STEP][PASSED] - click(findTestObject("1. Constant/02_LHSMenu_Projects")): Object: 'Object Repository/1. Constant/02_LHSMenu_Projects' is clicked on

2022-06-23 18:38:06 - [MESSAGE][PASSED] - Object: 'Object Repository/1. Constant/02_LHSMenu_Projects' is clicked on

2022-06-23 18:38:06 - [TEST_STEP][PASSED] - I.SearchProjectNo(Project_No, findTestObject("HL Full Lifecycle/9 Filter_Button_Apply")): Delayed 5 second(s)

2022-06-23 18:38:07 - [MESSAGE][PASSED] - Text 'MI001953' is set on object 'Object Repository/1. Constant/xpath'

2022-06-23 18:38:10 - [MESSAGE][PASSED] - Delayed 3 second(s)

2022-06-23 18:38:13 - [MESSAGE][PASSED] - Object: 'Object Repository/HL Full Lifecycle/9 Filter_Button_Apply' is clicked on

2022-06-23 18:38:18 - [MESSAGE][PASSED] - Delayed 5 second(s)

2022-06-23 18:38:18 - [TEST_STEP][PASSED] - waitForPageLoad(10): Wait for page load successfully

2022-06-23 18:38:18 - [MESSAGE][PASSED] - Wait for page load successfully

2022-06-23 18:38:18 - [TEST_STEP][PASSED] - I.AWF_approve_byaction(findTestObject("1. Constant/xpath", ["xpath":"//*[@id="source_" + refID + ""]/td[7]/a"])): Object: 'Object Repository/HL Full Lifecycle/Function_Appbutton2' is clicked on

2022-06-23 18:38:23 - [MESSAGE][PASSED] - Delayed 5 second(s)

2022-06-23 18:38:31 - [MESSAGE][PASSED] - Object: 'Object Repository/1. Constant/xpath' is clicked on

2022-06-23 18:38:33 - [MESSAGE][PASSED] - Object: 'Object Repository/HL Full Lifecycle/Function_access Viewer2' is hovered

2022-06-23 18:38:36 - [MESSAGE][PASSED] - Delayed 3 second(s)

2022-06-23 18:38:37 - [MESSAGE][PASSED] - Object: 'Object Repository/HL Full Lifecycle/Function_access Viewer2' is clicked on

2022-06-23 18:38:42 - [MESSAGE][PASSED] - Delayed 5 second(s)

2022-06-23 18:38:43 - [MESSAGE][PASSED] - Object: 'Object Repository/HL Full Lifecycle/Function_AppButton' is clicked on

2022-06-23 18:38:48 - [MESSAGE][PASSED] - Delayed 5 second(s)

2022-06-23 18:38:51 - [MESSAGE][PASSED] - Object: 'Object Repository/HL Full Lifecycle/Function_Appbutton2' is clicked on

2022-06-23 18:38:51 - [TEST_STEP][PASSED] - takeScreenshot(): Taking screenshot successfully

2022-06-23 18:38:52 - [MESSAGE][PASSED] - Taking screenshot successfully
[[ATTACHMENT|D:\\Projet Test Auto\\Mediabox Test Automation\\Reports\\20220623_182213\\03. Parallel Testing (Testing)\\TS -PT PART 3\\02. Sephora - Full Lifecycle FS Process and Control Tag(Chrome) - headless\\20220623_182213\\1656002332283.png]]

2022-06-23 18:38:52 - [TEST_STEP][PASSED] - I.Logout(): Delayed 3 second(s)

2022-06-23 18:38:55 - [MESSAGE][PASSED] - Delayed 3 second(s)

2022-06-23 18:38:56 - [MESSAGE][PASSED] - Object: 'Object Repository/1. Constant/xpath' is clicked on

2022-06-23 18:38:59 - [MESSAGE][PASSED] - Delayed 3 second(s)

2022-06-23 18:39:03 - [MESSAGE][PASSED] - Object: 'Object Repository/1. Constant/xpath' is clicked on

2022-06-23 18:39:06 - [MESSAGE][PASSED] - Delayed 3 second(s)

2022-06-23 18:39:06 - [TEST_STEP][PASSED] - I.Login_password("atran", password_atran): Object: 'Object Repository/1. Constant/xpath' is clicked on

2022-06-23 18:39:07 - [MESSAGE][PASSED] - Text 'atran' is set on object 'Object Repository/1. Constant/xpath'

2022-06-23 18:39:08 - [MESSAGE][PASSED] - Delayed 1 second(s)

2022-06-23 18:39:09 - [MESSAGE][PASSED] - Text 'dchi3' is set on object 'Object Repository/1. Constant/xpath'

2022-06-23 18:39:10 - [MESSAGE][PASSED] - Delayed 1 second(s)

2022-06-23 18:39:14 - [MESSAGE][PASSED] - Object: 'Object Repository/1. Constant/xpath' is clicked on

2022-06-23 18:39:14 - [TEST_STEP][PASSED] - takeScreenshot(): Taking screenshot successfully

2022-06-23 18:39:15 - [MESSAGE][PASSED] - Taking screenshot successfully
[[ATTACHMENT|D:\\Projet Test Auto\\Mediabox Test Automation\\Reports\\20220623_182213\\03. Parallel Testing (Testing)\\TS -PT PART 3\\02. Sephora - Full Lifecycle FS Process and Control Tag(Chrome) - headless\\20220623_182213\\1656002355039.png]]

2022-06-23 18:39:15 - [TEST_STEP][PASSED] - click(findTestObject("1. Constant/02_LHSMenu_Projects")): Object: 'Object Repository/1. Constant/02_LHSMenu_Projects' is clicked on

2022-06-23 18:39:19 - [MESSAGE][PASSED] - Object: 'Object Repository/1. Constant/02_LHSMenu_Projects' is clicked on

2022-06-23 18:39:19 - [TEST_STEP][PASSED] - I.SearchProjectNo(Project_No, findTestObject("HL Full Lifecycle/9 Filter_Button_Apply")): Delayed 5 second(s)

2022-06-23 18:39:20 - [MESSAGE][PASSED] - Text 'MI001953' is set on object 'Object Repository/1. Constant/xpath'

2022-06-23 18:39:23 - [MESSAGE][PASSED] - Delayed 3 second(s)

2022-06-23 18:39:26 - [MESSAGE][PASSED] - Object: 'Object Repository/HL Full Lifecycle/9 Filter_Button_Apply' is clicked on

2022-06-23 18:39:31 - [MESSAGE][PASSED] - Delayed 5 second(s)

2022-06-23 18:39:31 - [TEST_STEP][PASSED] - delay(10): Delayed 10 second(s)

2022-06-23 18:39:41 - [MESSAGE][PASSED] - Delayed 10 second(s)

2022-06-23 18:39:41 - [TEST_STEP][PASSED] - I.AWF_approve_byaction(findTestObject("Object Repository/HL Full Lifecycle/Function AWFAction2", ["refID":"source_" + refID])): Object: 'Object Repository/HL Full Lifecycle/Function_Appbutton2' is clicked on

2022-06-23 18:39:46 - [MESSAGE][PASSED] - Delayed 5 second(s)

2022-06-23 18:39:50 - [MESSAGE][PASSED] - Object: 'Object Repository/HL Full Lifecycle/Function AWFAction2' is clicked on

2022-06-23 18:39:51 - [MESSAGE][PASSED] - Object: 'Object Repository/HL Full Lifecycle/Function_access Viewer2' is hovered

2022-06-23 18:39:54 - [MESSAGE][PASSED] - Delayed 3 second(s)

2022-06-23 18:39:55 - [MESSAGE][PASSED] - Object: 'Object Repository/HL Full Lifecycle/Function_access Viewer2' is clicked on

2022-06-23 18:40:00 - [MESSAGE][PASSED] - Delayed 5 second(s)

2022-06-23 18:40:00 - [MESSAGE][PASSED] - Object: 'Object Repository/HL Full Lifecycle/Function_AppButton' is clicked on

2022-06-23 18:40:05 - [MESSAGE][PASSED] - Delayed 5 second(s)

2022-06-23 18:40:17 - [MESSAGE][PASSED] - Object: 'Object Repository/HL Full Lifecycle/Function_Appbutton2' is clicked on

2022-06-23 18:40:17 - [TEST_STEP][PASSED] - delay(1): Delayed 1 second(s)

2022-06-23 18:40:18 - [MESSAGE][PASSED] - Delayed 1 second(s)

2022-06-23 18:40:18 - [TEST_STEP][PASSED] - click(findTestObject("HL Full Lifecycle/15 RefPage_Button_Submit_AurelieTran", ["refID":"source_" + refID])): Object: 'Object Repository/HL Full Lifecycle/15 RefPage_Button_Submit_AurelieTran' is clicked on

2022-06-23 18:40:19 - [MESSAGE][PASSED] - Object: 'Object Repository/HL Full Lifecycle/15 RefPage_Button_Submit_AurelieTran' is clicked on

2022-06-23 18:40:19 - [TEST_STEP][PASSED] - delay(1): Delayed 1 second(s)

2022-06-23 18:40:20 - [MESSAGE][PASSED] - Delayed 1 second(s)

2022-06-23 18:40:20 - [TEST_STEP][PASSED] - click(findTestObject("HL Full Lifecycle/15 RefPage_Question_sendtodiadeis", ["refID":"source_" + refID])): Object: 'Object Repository/HL Full Lifecycle/15 RefPage_Question_sendtodiadeis' is clicked on

2022-06-23 18:40:22 - [MESSAGE][PASSED] - Object: 'Object Repository/HL Full Lifecycle/15 RefPage_Question_sendtodiadeis' is clicked on

2022-06-23 18:40:22 - [TEST_STEP][PASSED] - delay(3): Delayed 3 second(s)

2022-06-23 18:40:25 - [MESSAGE][PASSED] - Delayed 3 second(s)

2022-06-23 18:40:25 - [TEST_STEP][PASSED] - setText(findTestObject("HL Full Lifecycle/15 RefPage_Field_CODEEAN"), "Code EAn Test"): Text 'Code EAn Test' is set on object 'Object Repository/HL Full Lifecycle/15 RefPage_Field_CODEEAN'

2022-06-23 18:40:26 - [MESSAGE][PASSED] - Text 'Code EAn Test' is set on object 'Object Repository/HL Full Lifecycle/15 RefPage_Field_CODEEAN'

2022-06-23 18:40:26 - [TEST_STEP][PASSED] - setText(findTestObject("HL Full Lifecycle/15 RefPg_Field_Brief_photogravuremandatory"), "Brief photogravuremandatory"): Text 'Brief photogravuremandatory' is set on object 'Object Repository/HL Full Lifecycle/15 RefPg_Field_Brief_photogravuremandatory'

2022-06-23 18:40:29 - [MESSAGE][PASSED] - Text 'Brief photogravuremandatory' is set on object 'Object Repository/HL Full Lifecycle/15 RefPg_Field_Brief_photogravuremandatory'

2022-06-23 18:40:29 - [TEST_STEP][PASSED] - setText(findTestObject("HL Full Lifecycle/15 RefPg_Field_Brief_Field_NoRepro"), "Number of colors Repromandatory"): Text 'Number of colors Repromandatory' is set on object 'Object Repository/HL Full Lifecycle/15 RefPg_Field_Brief_Field_NoRepro'

2022-06-23 18:40:30 - [MESSAGE][PASSED] - Text 'Number of colors Repromandatory' is set on object 'Object Repository/HL Full Lifecycle/15 RefPg_Field_Brief_Field_NoRepro'

2022-06-23 18:40:30 - [TEST_STEP][PASSED] - selectOptionByValue(findTestObject("HL Full Lifecycle/15 RefPg_Field_Brief_Field_PrinterType"), "109", false): All options with value '109' are selected in object 'Object Repository/HL Full Lifecycle/15 RefPg_Field_Brief_Field_PrinterType' 

2022-06-23 18:40:31 - [MESSAGE][PASSED] - All options with value '109' are selected in object 'Object Repository/HL Full Lifecycle/15 RefPg_Field_Brief_Field_PrinterType' 

2022-06-23 18:40:31 - [TEST_STEP][PASSED] - click(findTestObject("HL Full Lifecycle/15 RefPg_Field_Brief_Field_ML_add")): Object: 'Object Repository/HL Full Lifecycle/15 RefPg_Field_Brief_Field_ML_add' is clicked on

2022-06-23 18:40:31 - [MESSAGE][PASSED] - Object: 'Object Repository/HL Full Lifecycle/15 RefPg_Field_Brief_Field_ML_add' is clicked on

2022-06-23 18:40:31 - [TEST_STEP][PASSED] - click(findTestObject("HL Full Lifecycle/15 RefPg_Field_Brief_Field_MAD_suppliermandatory")): Object: 'Object Repository/HL Full Lifecycle/15 RefPg_Field_Brief_Field_MAD_suppliermandatory' is clicked on

2022-06-23 18:40:32 - [MESSAGE][PASSED] - Object: 'Object Repository/HL Full Lifecycle/15 RefPg_Field_Brief_Field_MAD_suppliermandatory' is clicked on

2022-06-23 18:40:32 - [TEST_STEP][PASSED] - click(findTestObject("HL Full Lifecycle/15 RefPg_Field_Brief_Field_MAD_yr")): Object: 'Object Repository/HL Full Lifecycle/15 RefPg_Field_Brief_Field_MAD_yr' is clicked on

2022-06-23 18:40:32 - [MESSAGE][PASSED] - Object: 'Object Repository/HL Full Lifecycle/15 RefPg_Field_Brief_Field_MAD_yr' is clicked on

2022-06-23 18:40:32 - [TEST_STEP][PASSED] - click(findTestObject("HL Full Lifecycle/15 RefPg_Field_Brief_Field_MAD_suppliermandatory")): Object: 'Object Repository/HL Full Lifecycle/15 RefPg_Field_Brief_Field_MAD_suppliermandatory' is clicked on

2022-06-23 18:40:33 - [MESSAGE][PASSED] - Object: 'Object Repository/HL Full Lifecycle/15 RefPg_Field_Brief_Field_MAD_suppliermandatory' is clicked on

2022-06-23 18:40:33 - [TEST_STEP][PASSED] - scrollToElement(findTestObject("HL Full Lifecycle/15 RefPage_Button_Submittodiadies"), 5): Scroll to object 'Object Repository/HL Full Lifecycle/15 RefPage_Button_Submittodiadies' successfully

2022-06-23 18:40:33 - [MESSAGE][PASSED] - Scroll to object 'Object Repository/HL Full Lifecycle/15 RefPage_Button_Submittodiadies' successfully

2022-06-23 18:40:33 - [TEST_STEP][PASSED] - takeScreenshot(): Taking screenshot successfully

2022-06-23 18:40:34 - [MESSAGE][PASSED] - Taking screenshot successfully
[[ATTACHMENT|D:\\Projet Test Auto\\Mediabox Test Automation\\Reports\\20220623_182213\\03. Parallel Testing (Testing)\\TS -PT PART 3\\02. Sephora - Full Lifecycle FS Process and Control Tag(Chrome) - headless\\20220623_182213\\1656002434168.png]]

2022-06-23 18:40:34 - [TEST_STEP][PASSED] - I.click_button_javascript(findTestObject("HL Full Lifecycle/15 RefPage_Button_Submittodiadies")): Execute JavaScript 'arguments[0].click()' successfully

2022-06-23 18:40:40 - [MESSAGE][PASSED] - Execute JavaScript 'arguments[0].click()' successfully

2022-06-23 18:40:40 - [TEST_STEP][PASSED] - I.Logout(): Delayed 3 second(s)

2022-06-23 18:40:43 - [MESSAGE][PASSED] - Delayed 3 second(s)

2022-06-23 18:40:43 - [MESSAGE][PASSED] - Object: 'Object Repository/1. Constant/xpath' is clicked on

2022-06-23 18:40:46 - [MESSAGE][PASSED] - Delayed 3 second(s)

2022-06-23 18:40:54 - [MESSAGE][PASSED] - Object: 'Object Repository/1. Constant/xpath' is clicked on

2022-06-23 18:40:57 - [MESSAGE][PASSED] - Delayed 3 second(s)

2022-06-23 18:40:57 - [TEST_STEP][PASSED] - I.Login_password("cmouzawak", password_cmouzawak): Object: 'Object Repository/1. Constant/xpath' is clicked on

2022-06-23 18:40:58 - [MESSAGE][PASSED] - Text 'cmouzawak' is set on object 'Object Repository/1. Constant/xpath'

2022-06-23 18:40:59 - [MESSAGE][PASSED] - Delayed 1 second(s)

2022-06-23 18:41:00 - [MESSAGE][PASSED] - Text 'dchi' is set on object 'Object Repository/1. Constant/xpath'

2022-06-23 18:41:01 - [MESSAGE][PASSED] - Delayed 1 second(s)

2022-06-23 18:41:05 - [MESSAGE][PASSED] - Object: 'Object Repository/1. Constant/xpath' is clicked on

2022-06-23 18:41:05 - [TEST_STEP][PASSED] - takeScreenshot(): Taking screenshot successfully

2022-06-23 18:41:05 - [MESSAGE][PASSED] - Taking screenshot successfully
[[ATTACHMENT|D:\\Projet Test Auto\\Mediabox Test Automation\\Reports\\20220623_182213\\03. Parallel Testing (Testing)\\TS -PT PART 3\\02. Sephora - Full Lifecycle FS Process and Control Tag(Chrome) - headless\\20220623_182213\\1656002465477.png]]

2022-06-23 18:41:05 - [TEST_STEP][PASSED] - waitForElementClickable(findTestObject("HL Full Lifecycle/2 LHSMenu_Projet(FR)"), 10): Object 'Object Repository/HL Full Lifecycle/2 LHSMenu_Projet(FR)' is clickable

2022-06-23 18:41:06 - [MESSAGE][PASSED] - Object 'Object Repository/HL Full Lifecycle/2 LHSMenu_Projet(FR)' is clickable

2022-06-23 18:41:06 - [TEST_STEP][PASSED] - click(findTestObject("HL Full Lifecycle/2 LHSMenu_Projet(FR)")): Object: 'Object Repository/HL Full Lifecycle/2 LHSMenu_Projet(FR)' is clicked on

2022-06-23 18:41:10 - [MESSAGE][PASSED] - Object: 'Object Repository/HL Full Lifecycle/2 LHSMenu_Projet(FR)' is clicked on

2022-06-23 18:41:10 - [TEST_STEP][PASSED] - I.SearchProjectNo(Project_No, findTestObject("HL Full Lifecycle/2 Filter_ Button_FR_Apply")): Delayed 5 second(s)

2022-06-23 18:41:11 - [MESSAGE][PASSED] - Text 'MI001953' is set on object 'Object Repository/1. Constant/xpath'

2022-06-23 18:41:14 - [MESSAGE][PASSED] - Delayed 3 second(s)

2022-06-23 18:41:16 - [MESSAGE][PASSED] - Object: 'Object Repository/HL Full Lifecycle/2 Filter_ Button_FR_Apply' is clicked on

2022-06-23 18:41:21 - [MESSAGE][PASSED] - Delayed 5 second(s)

2022-06-23 18:41:21 - [TEST_STEP][PASSED] - waitForElementClickable(findTestObject("HL Full Lifecycle/16 RefListPg_Button_Submit_Cyril", ["refID":"source_" + refID]), 10): Object 'Object Repository/HL Full Lifecycle/16 RefListPg_Button_Submit_Cyril' is clickable

2022-06-23 18:41:22 - [MESSAGE][PASSED] - Object 'Object Repository/HL Full Lifecycle/16 RefListPg_Button_Submit_Cyril' is clickable

2022-06-23 18:41:22 - [TEST_STEP][PASSED] - click(findTestObject("HL Full Lifecycle/16 RefListPg_Button_Submit_Cyril", ["refID":"source_" + refID])): Object: 'Object Repository/HL Full Lifecycle/16 RefListPg_Button_Submit_Cyril' is clicked on

2022-06-23 18:41:23 - [MESSAGE][PASSED] - Object: 'Object Repository/HL Full Lifecycle/16 RefListPg_Button_Submit_Cyril' is clicked on

2022-06-23 18:41:23 - [TEST_STEP][PASSED] - delay(1): Delayed 1 second(s)

2022-06-23 18:41:24 - [MESSAGE][PASSED] - Delayed 1 second(s)

2022-06-23 18:41:24 - [TEST_STEP][PASSED] - I.UploadDoc_sendkey_field("//*[@id="var_123"]", "D:\Upoad_File\Upload doc\testdata1.jpg", "testdata1"): Text 'testdata1' is present on page 

2022-06-23 18:41:26 - [MESSAGE][PASSED] - Delayed 2 second(s)

2022-06-23 18:41:27 - [MESSAGE][PASSED] - Keys 'D:\Upoad_File\Upload doc\testdata1.jpg' sent to object: 'Object Repository/1. Constant/xpath'

2022-06-23 18:41:28 - [MESSAGE][PASSED] - Text 'testdata1' is present on page 

2022-06-23 18:41:28 - [TEST_STEP][PASSED] - delay(1): Delayed 1 second(s)

2022-06-23 18:41:29 - [MESSAGE][PASSED] - Delayed 1 second(s)

2022-06-23 18:41:29 - [TEST_STEP][PASSED] - click(findTestObject("HL Full Lifecycle/16 RefPg_Button_SubmitCyril")): Object: 'Object Repository/HL Full Lifecycle/16 RefPg_Button_SubmitCyril' is clicked on

2022-06-23 18:41:34 - [MESSAGE][PASSED] - Object: 'Object Repository/HL Full Lifecycle/16 RefPg_Button_SubmitCyril' is clicked on

2022-06-23 18:41:34 - [TEST_STEP][PASSED] - takeScreenshot(): Taking screenshot successfully

2022-06-23 18:41:34 - [MESSAGE][PASSED] - Taking screenshot successfully
[[ATTACHMENT|D:\\Projet Test Auto\\Mediabox Test Automation\\Reports\\20220623_182213\\03. Parallel Testing (Testing)\\TS -PT PART 3\\02. Sephora - Full Lifecycle FS Process and Control Tag(Chrome) - headless\\20220623_182213\\1656002494458.png]]

2022-06-23 18:41:34 - [TEST_STEP][PASSED] - I.Logout(): Delayed 3 second(s)

2022-06-23 18:41:37 - [MESSAGE][PASSED] - Delayed 3 second(s)

2022-06-23 18:41:38 - [MESSAGE][PASSED] - Object: 'Object Repository/1. Constant/xpath' is clicked on

2022-06-23 18:41:41 - [MESSAGE][PASSED] - Delayed 3 second(s)

2022-06-23 18:41:47 - [MESSAGE][PASSED] - Object: 'Object Repository/1. Constant/xpath' is clicked on

2022-06-23 18:41:50 - [MESSAGE][PASSED] - Delayed 3 second(s)

2022-06-23 18:41:50 - [TEST_STEP][PASSED] - I.Login_password("lraz", password_iraz): Object: 'Object Repository/1. Constant/xpath' is clicked on

2022-06-23 18:41:51 - [MESSAGE][PASSED] - Text 'lraz' is set on object 'Object Repository/1. Constant/xpath'

2022-06-23 18:41:52 - [MESSAGE][PASSED] - Delayed 1 second(s)

2022-06-23 18:41:53 - [MESSAGE][PASSED] - Text 'dchi3' is set on object 'Object Repository/1. Constant/xpath'

2022-06-23 18:41:54 - [MESSAGE][PASSED] - Delayed 1 second(s)

2022-06-23 18:41:57 - [MESSAGE][PASSED] - Object: 'Object Repository/1. Constant/xpath' is clicked on

2022-06-23 18:41:57 - [TEST_STEP][PASSED] - takeScreenshot(): Taking screenshot successfully

2022-06-23 18:41:58 - [MESSAGE][PASSED] - Taking screenshot successfully
[[ATTACHMENT|D:\\Projet Test Auto\\Mediabox Test Automation\\Reports\\20220623_182213\\03. Parallel Testing (Testing)\\TS -PT PART 3\\02. Sephora - Full Lifecycle FS Process and Control Tag(Chrome) - headless\\20220623_182213\\1656002517896.png]]

2022-06-23 18:41:58 - [TEST_STEP][PASSED] - click(findTestObject("1. Constant/02_LHSMenu_Projects")): Object: 'Object Repository/1. Constant/02_LHSMenu_Projects' is clicked on

2022-06-23 18:42:01 - [MESSAGE][PASSED] - Object: 'Object Repository/1. Constant/02_LHSMenu_Projects' is clicked on

2022-06-23 18:42:01 - [TEST_STEP][PASSED] - I.SearchProjectNo(Project_No, findTestObject("HL Full Lifecycle/9 Filter_Button_Apply")): Delayed 5 second(s)

2022-06-23 18:42:02 - [MESSAGE][PASSED] - Text 'MI001953' is set on object 'Object Repository/1. Constant/xpath'

2022-06-23 18:42:05 - [MESSAGE][PASSED] - Delayed 3 second(s)

2022-06-23 18:42:07 - [MESSAGE][PASSED] - Object: 'Object Repository/HL Full Lifecycle/9 Filter_Button_Apply' is clicked on

2022-06-23 18:42:12 - [MESSAGE][PASSED] - Delayed 5 second(s)

2022-06-23 18:42:12 - [TEST_STEP][PASSED] - delay(3): Delayed 3 second(s)

2022-06-23 18:42:15 - [MESSAGE][PASSED] - Delayed 3 second(s)

2022-06-23 18:42:15 - [TEST_STEP][PASSED] - color2 = getCSSValue(findTestObject("1. Constant/xpath", ["xpath":"//*[@id="source_" + refID + ""]/td[8]/a"]), "color", OPTIONAL): Get CSS 'color' value on 'Object Repository/1. Constant/xpath' successfully: 'rgba(255, 255, 255, 1)'.

2022-06-23 18:42:16 - [MESSAGE][PASSED] - Get CSS 'color' value on 'Object Repository/1. Constant/xpath' successfully: 'rgba(255, 255, 255, 1)'.

2022-06-23 18:42:16 - [TEST_STEP][PASSED] - I.print(color2): null

2022-06-23 18:42:16 - [TEST_STEP][PASSED] - while (color2 == "rgba(255, 255, 255, 1)"): Get CSS 'color' value on 'Object Repository/1. Constant/xpath' successfully: 'rgba(54, 153, 255, 1)'.

2022-06-23 18:42:16 - [TEST_STEP][PASSED] - click(findTestObject("1. Constant/xpath", ["xpath":"//*[@id="source_" + refID + ""]/td[8]/a"])): Object: 'Object Repository/1. Constant/xpath' is clicked on

2022-06-23 18:42:21 - [MESSAGE][PASSED] - Object: 'Object Repository/1. Constant/xpath' is clicked on

2022-06-23 18:42:21 - [TEST_STEP][PASSED] - I.UploadDoc_sendkey_Prod(findTestObject("1. Constant/xpath", ["xpath":"//*[@id="kt_body"]/input[2]"]), "D:\Upoad_File\Upload doc\testdata1.jpg", "testdata1"): Delayed 5 second(s)

2022-06-23 18:42:21 - [MESSAGE][PASSED] - Scroll to object 'Object Repository/1. Constant/xpath' successfully

2022-06-23 18:42:26 - [MESSAGE][PASSED] - Delayed 5 second(s)

2022-06-23 18:42:31 - [MESSAGE][PASSED] - File 'D:\Upoad_File\Upload doc\testdata1.jpg' sent to object: 'Object Repository/1. Constant/xpath'

2022-06-23 18:42:36 - [MESSAGE][PASSED] - Delayed 5 second(s)

2022-06-23 18:42:37 - [MESSAGE][PASSED] - Text 'testdata1' is present on page 

2022-06-23 18:42:42 - [MESSAGE][PASSED] - Delayed 5 second(s)

2022-06-23 18:42:47 - [MESSAGE][PASSED] - Delayed 5 second(s)

2022-06-23 18:42:47 - [TEST_STEP][PASSED] - takeScreenshot(): Taking screenshot successfully

2022-06-23 18:42:49 - [MESSAGE][PASSED] - Taking screenshot successfully
[[ATTACHMENT|D:\\Projet Test Auto\\Mediabox Test Automation\\Reports\\20220623_182213\\03. Parallel Testing (Testing)\\TS -PT PART 3\\02. Sephora - Full Lifecycle FS Process and Control Tag(Chrome) - headless\\20220623_182213\\1656002569046.png]]

2022-06-23 18:42:49 - [TEST_STEP][PASSED] - delay(10): Delayed 10 second(s)

2022-06-23 18:42:59 - [MESSAGE][PASSED] - Delayed 10 second(s)

2022-06-23 18:42:59 - [TEST_STEP][PASSED] - click(findTestObject("HL Full Lifecycle/9.1 REfPg_Button_Upload_IR_Part 1")): Object: 'Object Repository/HL Full Lifecycle/9.1 REfPg_Button_Upload_IR_Part 1' is clicked on

2022-06-23 18:43:04 - [MESSAGE][PASSED] - Object: 'Object Repository/HL Full Lifecycle/9.1 REfPg_Button_Upload_IR_Part 1' is clicked on

2022-06-23 18:43:04 - [TEST_STEP][PASSED] - delay(5): Delayed 5 second(s)

2022-06-23 18:43:09 - [MESSAGE][PASSED] - Delayed 5 second(s)

2022-06-23 18:43:09 - [TEST_STEP][PASSED] - color2 = getCSSValue(findTestObject("1. Constant/xpath", ["xpath":"//*[@id="source_" + refID + ""]/td[8]/a"]), "color", OPTIONAL): Get CSS 'color' value on 'Object Repository/1. Constant/xpath' successfully: 'rgba(54, 153, 255, 1)'.

2022-06-23 18:43:11 - [MESSAGE][PASSED] - Get CSS 'color' value on 'Object Repository/1. Constant/xpath' successfully: 'rgba(54, 153, 255, 1)'.

2022-06-23 18:43:11 - [TEST_STEP][PASSED] - I.Logout(): Delayed 3 second(s)

2022-06-23 18:43:14 - [MESSAGE][PASSED] - Delayed 3 second(s)

2022-06-23 18:43:17 - [MESSAGE][PASSED] - Object: 'Object Repository/1. Constant/xpath' is clicked on

2022-06-23 18:43:20 - [MESSAGE][PASSED] - Delayed 3 second(s)

2022-06-23 18:44:22 - [MESSAGE][PASSED] - Object: 'Object Repository/1. Constant/xpath' is clicked on

2022-06-23 18:44:25 - [MESSAGE][PASSED] - Delayed 3 second(s)

2022-06-23 18:44:25 - [TEST_STEP][PASSED] - I.Login_password("atran", password_atran): Object: 'Object Repository/1. Constant/xpath' is clicked on

2022-06-23 18:44:28 - [MESSAGE][PASSED] - Text 'atran' is set on object 'Object Repository/1. Constant/xpath'

2022-06-23 18:44:29 - [MESSAGE][PASSED] - Delayed 1 second(s)

2022-06-23 18:44:36 - [MESSAGE][PASSED] - Text 'dchi3' is set on object 'Object Repository/1. Constant/xpath'

2022-06-23 18:44:37 - [MESSAGE][PASSED] - Delayed 1 second(s)

2022-06-23 18:44:46 - [MESSAGE][PASSED] - Object: 'Object Repository/1. Constant/xpath' is clicked on

2022-06-23 18:44:46 - [TEST_STEP][PASSED] - takeScreenshot(): Taking screenshot successfully

2022-06-23 18:44:47 - [MESSAGE][PASSED] - Taking screenshot successfully
[[ATTACHMENT|D:\\Projet Test Auto\\Mediabox Test Automation\\Reports\\20220623_182213\\03. Parallel Testing (Testing)\\TS -PT PART 3\\02. Sephora - Full Lifecycle FS Process and Control Tag(Chrome) - headless\\20220623_182213\\1656002686827.png]]

2022-06-23 18:44:47 - [TEST_STEP][PASSED] - click(findTestObject("1. Constant/02_LHSMenu_Projects")): Object: 'Object Repository/1. Constant/02_LHSMenu_Projects' is clicked on

2022-06-23 18:44:56 - [MESSAGE][PASSED] - Object: 'Object Repository/1. Constant/02_LHSMenu_Projects' is clicked on

2022-06-23 18:44:56 - [TEST_STEP][PASSED] - I.SearchProjectNo(Project_No, findTestObject("HL Full Lifecycle/9 Filter_Button_Apply")): Delayed 5 second(s)

2022-06-23 18:45:03 - [MESSAGE][PASSED] - Text 'MI001953' is set on object 'Object Repository/1. Constant/xpath'

2022-06-23 18:45:06 - [MESSAGE][PASSED] - Delayed 3 second(s)

2022-06-23 18:45:11 - [MESSAGE][PASSED] - Object: 'Object Repository/HL Full Lifecycle/9 Filter_Button_Apply' is clicked on

2022-06-23 18:45:16 - [MESSAGE][PASSED] - Delayed 5 second(s)

2022-06-23 18:45:16 - [TEST_STEP][PASSED] - click(findTestObject("HL Full Lifecycle/14 RefListPg_Reflink2", ["refID":"source_" + refID])): Object: 'Object Repository/HL Full Lifecycle/14 RefListPg_Reflink2' is clicked on

2022-06-23 18:45:26 - [MESSAGE][PASSED] - Object: 'Object Repository/HL Full Lifecycle/14 RefListPg_Reflink2' is clicked on

2022-06-23 18:45:26 - [TEST_STEP][PASSED] - I.AWF_approve(): Delayed 3 second(s)

2022-06-23 18:45:26 - [MESSAGE][PASSED] - Wait for page load successfully

2022-06-23 18:45:27 - [MESSAGE][PASSED] - Delayed 1 second(s)

2022-06-23 18:45:34 - [MESSAGE][PASSED] - Object: 'Object Repository/HL Full Lifecycle/Function_Doctab' is clicked on

2022-06-23 18:45:36 - [MESSAGE][PASSED] - Delayed 2 second(s)

2022-06-23 18:45:40 - [MESSAGE][PASSED] - Object: 'Object Repository/HL Full Lifecycle/Function_Access to viewer' is clicked on

2022-06-23 18:45:41 - [MESSAGE][PASSED] - Delayed 1 second(s)

2022-06-23 18:45:45 - [MESSAGE][PASSED] - Object: 'Object Repository/HL Full Lifecycle/Function_AppButton' is clicked on

2022-06-23 18:45:46 - [MESSAGE][PASSED] - Delayed 1 second(s)

2022-06-23 18:45:53 - [MESSAGE][PASSED] - Object: 'Object Repository/HL Full Lifecycle/Function_Appbutton2' is clicked on

2022-06-23 18:45:56 - [MESSAGE][PASSED] - Delayed 3 second(s)

2022-06-23 18:45:56 - [TEST_STEP][PASSED] - takeScreenshot(): Taking screenshot successfully

2022-06-23 18:45:59 - [MESSAGE][PASSED] - Taking screenshot successfully
[[ATTACHMENT|D:\\Projet Test Auto\\Mediabox Test Automation\\Reports\\20220623_182213\\03. Parallel Testing (Testing)\\TS -PT PART 3\\02. Sephora - Full Lifecycle FS Process and Control Tag(Chrome) - headless\\20220623_182213\\1656002757940.png]]

2022-06-23 18:45:59 - [TEST_STEP][PASSED] - click(findTestObject("HL Full Lifecycle/17 Ref_Button_Submit_question", ["refID":"source_" + refID])): Object: 'Object Repository/HL Full Lifecycle/17 Ref_Button_Submit_question' is clicked on

2022-06-23 18:46:00 - [MESSAGE][PASSED] - Object: 'Object Repository/HL Full Lifecycle/17 Ref_Button_Submit_question' is clicked on

2022-06-23 18:46:00 - [TEST_STEP][PASSED] - click(findTestObject("HL Full Lifecycle/17 Ref_Options_DDCupdated", ["refID":"source_" + refID])): Object: 'Object Repository/HL Full Lifecycle/17 Ref_Options_DDCupdated' is clicked on

2022-06-23 18:46:07 - [MESSAGE][PASSED] - Object: 'Object Repository/HL Full Lifecycle/17 Ref_Options_DDCupdated' is clicked on

2022-06-23 18:46:07 - [TEST_STEP][PASSED] - click(findTestObject("HL Full Lifecycle/17.1 Ref_Question_DDCUpdated")): Object: 'Object Repository/HL Full Lifecycle/17.1 Ref_Question_DDCUpdated' is clicked on

2022-06-23 18:46:15 - [MESSAGE][PASSED] - Object: 'Object Repository/HL Full Lifecycle/17.1 Ref_Question_DDCUpdated' is clicked on

2022-06-23 18:46:15 - [TEST_STEP][PASSED] - I.status(findTestObject("HL Full Lifecycle/Status", ["refID":"source_" + refID])): Status contain Complete.

2022-06-23 18:46:17 - [MESSAGE][PASSED] - Text of object 'Object Repository/HL Full Lifecycle/Status' is: 'Complete'

2022-06-23 18:46:17 - [MESSAGE][PASSED] - Status contain Complete.

2022-06-23 18:46:17 - [TEST_STEP][PASSED] - takeScreenshot(): Taking screenshot successfully

2022-06-23 18:46:18 - [MESSAGE][PASSED] - Taking screenshot successfully
[[ATTACHMENT|D:\\Projet Test Auto\\Mediabox Test Automation\\Reports\\20220623_182213\\03. Parallel Testing (Testing)\\TS -PT PART 3\\02. Sephora - Full Lifecycle FS Process and Control Tag(Chrome) - headless\\20220623_182213\\1656002777589.png]]

2022-06-23 18:46:18 - [TEST_STEP][PASSED] - I.writenotepad("D:\Upoad_File\Projet_ Login\Sephora\3.01\3.01_Sephora_ProjectNo.txt", Project_No): null

2022-06-23 18:46:18 - [TEST_STEP][PASSED] - I.writenotepad("D:\Upoad_File\Projet_ Login\Sephora\3.01\3.01_Sephora_refID.txt", refID): null

2022-06-23 18:46:18 - [TEST_STEP][PASSED] - closeBrowser(): Browser is closed

2022-06-23 18:46:26 - [MESSAGE][PASSED] - Browser is closed

2022-06-23 18:46:26 - [TEST_STEP][PASSED] - Start listener action : sampleAfterTestCase: null]]></system-out>
         <system-err><![CDATA[]]></system-err>
      </testcase>
      <testcase name="Test Cases/03. Sephora Full Lifecycle - FS Process/3.02 Sephora FullLifecycle FS Process(Chrome)_ControlTag 15.02P1" time="1993.1" classname="Test Cases/03. Sephora Full Lifecycle - FS Process/3.02 Sephora FullLifecycle FS Process(Chrome)_ControlTag 15.02P1" status="PASSED">
         <system-out><![CDATA[2022-06-23 18:46:26 - [TEST_CASE][PASSED] - Test Cases/03. Sephora Full Lifecycle - FS Process/3.02 Sephora FullLifecycle FS Process(Chrome)_ControlTag 15.02P1: Test Cases/03. Sephora Full Lifecycle - FS Process/3.02 Sephora FullLifecycle FS Process(Chrome)_ControlTag 15.02P1

2022-06-23 18:46:29 - [TEST_STEP][PASSED] - data_Sephora = findTestData("Data Files/Username_Password/Sephora"): null

2022-06-23 18:46:29 - [TEST_STEP][PASSED] - password_atran = data_Sephora.getValue(2, 1): null

2022-06-23 18:46:29 - [TEST_STEP][PASSED] - password_marketing = data_Sephora.getValue(2, 2): null

2022-06-23 18:46:29 - [TEST_STEP][PASSED] - password_regulatory = data_Sephora.getValue(2, 3): null

2022-06-23 18:46:29 - [TEST_STEP][PASSED] - password_studio = data_Sephora.getValue(2, 4): null

2022-06-23 18:46:29 - [TEST_STEP][PASSED] - password_iraz = data_Sephora.getValue(2, 5): null

2022-06-23 18:46:29 - [TEST_STEP][PASSED] - data_urlRELAUTO = findTestData("Data Files/URL/URL_relauto"): null

2022-06-23 18:46:29 - [TEST_STEP][PASSED] - Url_Sephora = data_urlRELAUTO.getValue(2, 1): null

2022-06-23 18:46:29 - [TEST_STEP][PASSED] - I.clearnotepad("D:\Upoad_File\Projet_ Login\Sephora\3.02\3.02_Sephora_ProjectNo.txt"): null

2022-06-23 18:46:29 - [TEST_STEP][PASSED] - I.clearnotepad("D:\Upoad_File\Projet_ Login\Sephora\3.02\3.02_Sephora_refID.txt"): null

2022-06-23 18:46:29 - [TEST_STEP][PASSED] - log = new com.kms.katalon.core.logging.KeywordLogger(): null

2022-06-23 18:46:29 - [TEST_STEP][PASSED] - openBrowser(Url_Sephora): Browser is opened with url: 'http://mdb-release.diadeis.lan/MediaboxIndependence/?MBI_datasource=RELTESTAUTO_SEPHORA'

2022-06-23 18:46:29 - [MESSAGE][INFO] - Starting 'Chrome' driver

2022-06-23 18:46:29 - [MESSAGE][INFO] - User set preference: ['arg', '[[--lang=en-GB]]']

2022-06-23 18:46:29 - [MESSAGE][INFO] - Action delay is set to 0 milliseconds

2022-06-23 18:47:38 - [MESSAGE][PASSED] - Browser is opened with url: 'http://mdb-release.diadeis.lan/MediaboxIndependence/?MBI_datasource=RELTESTAUTO_SEPHORA'

2022-06-23 18:47:38 - [TEST_STEP][PASSED] - maximizeWindow(): Current window maximized

2022-06-23 18:47:38 - [MESSAGE][PASSED] - Current window maximized

2022-06-23 18:47:38 - [TEST_STEP][PASSED] - I.Login_password("atran", password_atran): Object: 'Object Repository/1. Constant/xpath' is clicked on

2022-06-23 18:47:41 - [MESSAGE][PASSED] - Text 'atran' is set on object 'Object Repository/1. Constant/xpath'

2022-06-23 18:47:42 - [MESSAGE][PASSED] - Delayed 1 second(s)

2022-06-23 18:47:46 - [MESSAGE][PASSED] - Text 'dchi3' is set on object 'Object Repository/1. Constant/xpath'

2022-06-23 18:47:47 - [MESSAGE][PASSED] - Delayed 1 second(s)

2022-06-23 18:48:05 - [MESSAGE][PASSED] - Object: 'Object Repository/1. Constant/xpath' is clicked on

2022-06-23 18:48:05 - [TEST_STEP][PASSED] - takeScreenshot(): Taking screenshot successfully

2022-06-23 18:48:08 - [MESSAGE][PASSED] - Taking screenshot successfully
[[ATTACHMENT|D:\\Projet Test Auto\\Mediabox Test Automation\\Reports\\20220623_182213\\03. Parallel Testing (Testing)\\TS -PT PART 3\\02. Sephora - Full Lifecycle FS Process and Control Tag(Chrome) - headless\\20220623_182213\\1656002887897.png]]

2022-06-23 18:48:08 - [TEST_STEP][PASSED] - click(findTestObject("1. Constant/02_LHSMenu_Projects")): Object: 'Object Repository/1. Constant/02_LHSMenu_Projects' is clicked on

2022-06-23 18:48:15 - [MESSAGE][PASSED] - Object: 'Object Repository/1. Constant/02_LHSMenu_Projects' is clicked on

2022-06-23 18:48:15 - [TEST_STEP][PASSED] - click(findTestObject("Object Repository/1. Constant/xpath", ["xpath":"//*[@id="kt_content"]/div[3]/div/div/div[1]/div[2]/a[1]"])): Object: 'Object Repository/1. Constant/xpath' is clicked on

2022-06-23 18:48:19 - [MESSAGE][PASSED] - Object: 'Object Repository/1. Constant/xpath' is clicked on

2022-06-23 18:48:19 - [TEST_STEP][PASSED] - click(findTestObject("HL Full Lifecycle/4 CreateProjPage_Create Project_Bluebutton")): Object: 'Object Repository/HL Full Lifecycle/4 CreateProjPage_Create Project_Bluebutton' is clicked on

2022-06-23 18:48:21 - [MESSAGE][PASSED] - Object: 'Object Repository/HL Full Lifecycle/4 CreateProjPage_Create Project_Bluebutton' is clicked on

2022-06-23 18:48:21 - [TEST_STEP][PASSED] - I.verifyErrormsg_toastr("Project name ", findTestObject("Control Tag/1.1Toastr_name_msg"), "Please fill project name", log): Text of object 'Object Repository/Control Tag/1.1Toastr_name_msg' is: 'Project
Please fill project name'

2022-06-23 18:48:22 - [MESSAGE][PASSED] - Object 'Object Repository/Control Tag/1.1Toastr_name_msg' is visible

2022-06-23 18:48:23 - [MESSAGE][PASSED] - Text of object 'Object Repository/Control Tag/1.1Toastr_name_msg' is: 'Project
Please fill project name'

2022-06-23 18:48:23 - [TEST_STEP][PASSED] - I.verifystar("Project name", findTestObject("Object Repository/Control Tag/1.2 asteriximage_controltag", ["field_name":"prj_name"]), log): Taking screenshot successfully

2022-06-23 18:48:25 - [MESSAGE][PASSED] - Object 'Object Repository/Control Tag/1.2 asteriximage_controltag' is visible

2022-06-23 18:48:28 - [MESSAGE][PASSED] - Taking screenshot successfully
[[ATTACHMENT|D:\\Projet Test Auto\\Mediabox Test Automation\\Reports\\20220623_182213\\03. Parallel Testing (Testing)\\TS -PT PART 3\\02. Sephora - Full Lifecycle FS Process and Control Tag(Chrome) - headless\\20220623_182213\\1656002907151.png]]

2022-06-23 18:48:28 - [TEST_STEP][PASSED] - click(findTestObject("Object Repository/Control Tag/1.3 ProjectCreationPage_cancelbutton")): Object: 'Object Repository/Control Tag/1.3 ProjectCreationPage_cancelbutton' is clicked on

2022-06-23 18:48:35 - [MESSAGE][PASSED] - Object: 'Object Repository/Control Tag/1.3 ProjectCreationPage_cancelbutton' is clicked on

2022-06-23 18:48:35 - [TEST_STEP][PASSED] - click(findTestObject("Object Repository/1. Constant/xpath", ["xpath":"//*[@id="kt_content"]/div[3]/div/div/div[1]/div[2]/a[1]"])): Object: 'Object Repository/1. Constant/xpath' is clicked on

2022-06-23 18:48:40 - [MESSAGE][PASSED] - Object: 'Object Repository/1. Constant/xpath' is clicked on

2022-06-23 18:48:40 - [TEST_STEP][PASSED] - takeScreenshot(): Taking screenshot successfully

2022-06-23 18:48:43 - [MESSAGE][PASSED] - Taking screenshot successfully
[[ATTACHMENT|D:\\Projet Test Auto\\Mediabox Test Automation\\Reports\\20220623_182213\\03. Parallel Testing (Testing)\\TS -PT PART 3\\02. Sephora - Full Lifecycle FS Process and Control Tag(Chrome) - headless\\20220623_182213\\1656002922020.png]]

2022-06-23 18:48:43 - [TEST_STEP][PASSED] - project_name = "AutoTest_Controltag_" + RandomStringUtils.randomAlphanumeric(10) + "_" + I.gettimedate(): null

2022-06-23 18:48:43 - [TEST_STEP][PASSED] - setText(findTestObject("HL Full Lifecycle/4 CreateProjPage_inputProjectname"), project_name): Text 'AutoTest_Controltag_lkP899z9h3_juin232022_184843' is set on object 'Object Repository/HL Full Lifecycle/4 CreateProjPage_inputProjectname'

2022-06-23 18:48:47 - [MESSAGE][PASSED] - Text 'AutoTest_Controltag_lkP899z9h3_juin232022_184843' is set on object 'Object Repository/HL Full Lifecycle/4 CreateProjPage_inputProjectname'

2022-06-23 18:48:47 - [TEST_STEP][PASSED] - click(findTestObject("HL Full Lifecycle/4 CreateProjPage_Create Project_Bluebutton")): Object: 'Object Repository/HL Full Lifecycle/4 CreateProjPage_Create Project_Bluebutton' is clicked on

2022-06-23 18:48:54 - [MESSAGE][PASSED] - Object: 'Object Repository/HL Full Lifecycle/4 CreateProjPage_Create Project_Bluebutton' is clicked on

2022-06-23 18:48:54 - [TEST_STEP][PASSED] - delay(5): Delayed 5 second(s)

2022-06-23 18:48:59 - [MESSAGE][PASSED] - Delayed 5 second(s)

2022-06-23 18:48:59 - [TEST_STEP][PASSED] - takeScreenshot(): Taking screenshot successfully

2022-06-23 18:49:01 - [MESSAGE][PASSED] - Taking screenshot successfully
[[ATTACHMENT|D:\\Projet Test Auto\\Mediabox Test Automation\\Reports\\20220623_182213\\03. Parallel Testing (Testing)\\TS -PT PART 3\\02. Sephora - Full Lifecycle FS Process and Control Tag(Chrome) - headless\\20220623_182213\\1656002940812.png]]

2022-06-23 18:49:01 - [TEST_STEP][PASSED] - selectOptionByValue(findTestObject("HL Full Lifecycle/5 ModifyProjPage_select_DevFS_field"), "atran", true): All options with value 'atran' are selected in object 'Object Repository/HL Full Lifecycle/5 ModifyProjPage_select_DevFS_field'  using regular expression

2022-06-23 18:49:18 - [MESSAGE][PASSED] - All options with value 'atran' are selected in object 'Object Repository/HL Full Lifecycle/5 ModifyProjPage_select_DevFS_field'  using regular expression

2022-06-23 18:49:18 - [TEST_STEP][PASSED] - click(findTestObject("HL Full Lifecycle/5 ModifyProjPage_Add_DevFS_button")): Object: 'Object Repository/HL Full Lifecycle/5 ModifyProjPage_Add_DevFS_button' is clicked on

2022-06-23 18:49:21 - [MESSAGE][PASSED] - Object: 'Object Repository/HL Full Lifecycle/5 ModifyProjPage_Add_DevFS_button' is clicked on

2022-06-23 18:49:21 - [TEST_STEP][PASSED] - delay(5): Delayed 5 second(s)

2022-06-23 18:49:26 - [MESSAGE][PASSED] - Delayed 5 second(s)

2022-06-23 18:49:26 - [TEST_STEP][PASSED] - click(findTestObject("HL Full Lifecycle/5 ModifyProjPage_button_Update")): Object: 'Object Repository/HL Full Lifecycle/5 ModifyProjPage_button_Update' is clicked on

2022-06-23 18:49:32 - [MESSAGE][PASSED] - Object: 'Object Repository/HL Full Lifecycle/5 ModifyProjPage_button_Update' is clicked on

2022-06-23 18:49:32 - [TEST_STEP][PASSED] - delay(5): Delayed 5 second(s)

2022-06-23 18:49:37 - [MESSAGE][PASSED] - Delayed 5 second(s)

2022-06-23 18:49:37 - [TEST_STEP][PASSED] - Project_No = I.ProjectNo(): Current window's url is: 'http://mdb-release.diadeis.lan/MediaboxIndependence/Base/ExecAction?IDSession=MBI%21RELTESTAUTO_SEPHORA%211JM9IU7GD7KNP5SUSKDUQPF9G0Z187IH8XJFAM9H&default_action=AfficheFichesProjet&id_project=MI001954'

2022-06-23 18:49:42 - [MESSAGE][PASSED] - Delayed 5 second(s)

2022-06-23 18:49:42 - [MESSAGE][PASSED] - Current window's url is: 'http://mdb-release.diadeis.lan/MediaboxIndependence/Base/ExecAction?IDSession=MBI%21RELTESTAUTO_SEPHORA%211JM9IU7GD7KNP5SUSKDUQPF9G0Z187IH8XJFAM9H&default_action=AfficheFichesProjet&id_project=MI001954'

2022-06-23 18:49:42 - [TEST_STEP][PASSED] - delay(2): Delayed 2 second(s)

2022-06-23 18:49:44 - [MESSAGE][PASSED] - Delayed 2 second(s)

2022-06-23 18:49:44 - [TEST_STEP][PASSED] - click(findTestObject("HL Full Lifecycle/6 ReferenceListPage_createrefbutton")): Object: 'Object Repository/HL Full Lifecycle/6 ReferenceListPage_createrefbutton' is clicked on

2022-06-23 18:49:45 - [MESSAGE][PASSED] - Object: 'Object Repository/HL Full Lifecycle/6 ReferenceListPage_createrefbutton' is clicked on

2022-06-23 18:49:45 - [TEST_STEP][PASSED] - click(findTestObject("HL Full Lifecycle/6 ReferenceListPaga_Create a component_button")): Object: 'Object Repository/HL Full Lifecycle/6 ReferenceListPaga_Create a component_button' is clicked on

2022-06-23 18:49:52 - [MESSAGE][PASSED] - Object: 'Object Repository/HL Full Lifecycle/6 ReferenceListPaga_Create a component_button' is clicked on

2022-06-23 18:49:52 - [TEST_STEP][PASSED] - waitForPageLoad(25): Wait for page load successfully

2022-06-23 18:49:52 - [MESSAGE][PASSED] - Wait for page load successfully

2022-06-23 18:49:52 - [TEST_STEP][PASSED] - takeScreenshot(): Taking screenshot successfully

2022-06-23 18:49:54 - [MESSAGE][PASSED] - Taking screenshot successfully
[[ATTACHMENT|D:\\Projet Test Auto\\Mediabox Test Automation\\Reports\\20220623_182213\\03. Parallel Testing (Testing)\\TS -PT PART 3\\02. Sephora - Full Lifecycle FS Process and Control Tag(Chrome) - headless\\20220623_182213\\1656002993364.png]]

2022-06-23 18:49:54 - [TEST_STEP][PASSED] - I.verifystar("Lifecycle", findTestObject("Object Repository/Control Tag/1.2 asteriximage_controltag", ["field_name":"lifecycle_block"]), log): Taking screenshot successfully

2022-06-23 18:49:55 - [MESSAGE][PASSED] - Object 'Object Repository/Control Tag/1.2 asteriximage_controltag' is visible

2022-06-23 18:49:56 - [MESSAGE][PASSED] - Taking screenshot successfully
[[ATTACHMENT|D:\\Projet Test Auto\\Mediabox Test Automation\\Reports\\20220623_182213\\03. Parallel Testing (Testing)\\TS -PT PART 3\\02. Sephora - Full Lifecycle FS Process and Control Tag(Chrome) - headless\\20220623_182213\\1656002996038.png]]

2022-06-23 18:49:56 - [TEST_STEP][PASSED] - I.verifystar("Component name", findTestObject("Object Repository/Control Tag/1.2 asteriximage_controltag", ["field_name":"ref_name"]), log): Taking screenshot successfully

2022-06-23 18:49:57 - [MESSAGE][PASSED] - Object 'Object Repository/Control Tag/1.2 asteriximage_controltag' is visible

2022-06-23 18:49:58 - [MESSAGE][PASSED] - Taking screenshot successfully
[[ATTACHMENT|D:\\Projet Test Auto\\Mediabox Test Automation\\Reports\\20220623_182213\\03. Parallel Testing (Testing)\\TS -PT PART 3\\02. Sephora - Full Lifecycle FS Process and Control Tag(Chrome) - headless\\20220623_182213\\1656002998313.png]]

2022-06-23 18:49:58 - [TEST_STEP][PASSED] - selectOptionByLabel(findTestObject("HL Full Lifecycle/6 ReferenceList_Choose Lifecycle"), "FS process", false): All options with label 'FS process' are selected in object 'Object Repository/HL Full Lifecycle/6 ReferenceList_Choose Lifecycle' 

2022-06-23 18:50:03 - [MESSAGE][PASSED] - All options with label 'FS process' are selected in object 'Object Repository/HL Full Lifecycle/6 ReferenceList_Choose Lifecycle' 

2022-06-23 18:50:03 - [TEST_STEP][PASSED] - click(findTestObject("HL Full Lifecycle/6 ReferencePg_Create a component_bluebutton")): Object: 'Object Repository/HL Full Lifecycle/6 ReferencePg_Create a component_bluebutton' is clicked on

2022-06-23 18:50:04 - [MESSAGE][PASSED] - Object: 'Object Repository/HL Full Lifecycle/6 ReferencePg_Create a component_bluebutton' is clicked on

2022-06-23 18:50:04 - [TEST_STEP][PASSED] - ErrorMsg1 = "Please fill in a component name": null

2022-06-23 18:50:04 - [TEST_STEP][PASSED] - I.verifyErrormsg_toastr("Component name field ", findTestObject("Control Tag/1.1Toastr_name_msg"), ErrorMsg1, log): Text of object 'Object Repository/Control Tag/1.1Toastr_name_msg' is: '×
Component
Please fill in a component name'

2022-06-23 18:50:05 - [MESSAGE][PASSED] - Object 'Object Repository/Control Tag/1.1Toastr_name_msg' is visible

2022-06-23 18:50:06 - [MESSAGE][PASSED] - Text of object 'Object Repository/Control Tag/1.1Toastr_name_msg' is: '×
Component
Please fill in a component name'

2022-06-23 18:50:06 - [TEST_STEP][PASSED] - takeScreenshot(): Taking screenshot successfully

2022-06-23 18:50:07 - [MESSAGE][PASSED] - Taking screenshot successfully
[[ATTACHMENT|D:\\Projet Test Auto\\Mediabox Test Automation\\Reports\\20220623_182213\\03. Parallel Testing (Testing)\\TS -PT PART 3\\02. Sephora - Full Lifecycle FS Process and Control Tag(Chrome) - headless\\20220623_182213\\1656003007527.png]]

2022-06-23 18:50:07 - [TEST_STEP][PASSED] - click(findTestObject("Object Repository/Control Tag/1.4 Refpage_deselect")): Object: 'Object Repository/Control Tag/1.4 Refpage_deselect' is clicked on

2022-06-23 18:50:09 - [MESSAGE][PASSED] - Object: 'Object Repository/Control Tag/1.4 Refpage_deselect' is clicked on

2022-06-23 18:50:09 - [TEST_STEP][PASSED] - ref_name = RandomStringUtils.randomAlphanumeric(10) + "_" + I.gettimedate(): null

2022-06-23 18:50:09 - [TEST_STEP][PASSED] - setText(findTestObject("HL Full Lifecycle/6 Reference_input_Component name_field"), "Component_" + ref_name): Text 'Component_Pa9lP3JJwk_juin232022_185009' is set on object 'Object Repository/HL Full Lifecycle/6 Reference_input_Component name_field'

2022-06-23 18:50:12 - [MESSAGE][PASSED] - Text 'Component_Pa9lP3JJwk_juin232022_185009' is set on object 'Object Repository/HL Full Lifecycle/6 Reference_input_Component name_field'

2022-06-23 18:50:12 - [TEST_STEP][PASSED] - click(findTestObject("1. Constant/xpath", ["xpath":"//*[@id="ModifFiche"]/div[1]/div/button"])): Object: 'Object Repository/1. Constant/xpath' is clicked on

2022-06-23 18:50:15 - [MESSAGE][PASSED] - Object: 'Object Repository/1. Constant/xpath' is clicked on

2022-06-23 18:50:15 - [TEST_STEP][PASSED] - ErrorMsg2 = "Please select a life cycle": null

2022-06-23 18:50:15 - [TEST_STEP][PASSED] - I.verifyErrormsg_toastr("Lifecycle  field ", findTestObject("Control Tag/1.1Toastr_name_msg"), ErrorMsg2, log): Text of object 'Object Repository/Control Tag/1.1Toastr_name_msg' is: '×
Component
Please select a life cycle'

2022-06-23 18:50:16 - [MESSAGE][PASSED] - Object 'Object Repository/Control Tag/1.1Toastr_name_msg' is visible

2022-06-23 18:50:17 - [MESSAGE][PASSED] - Text of object 'Object Repository/Control Tag/1.1Toastr_name_msg' is: '×
Component
Please select a life cycle'

2022-06-23 18:50:17 - [TEST_STEP][PASSED] - takeScreenshot(): Taking screenshot successfully

2022-06-23 18:50:20 - [MESSAGE][PASSED] - Taking screenshot successfully
[[ATTACHMENT|D:\\Projet Test Auto\\Mediabox Test Automation\\Reports\\20220623_182213\\03. Parallel Testing (Testing)\\TS -PT PART 3\\02. Sephora - Full Lifecycle FS Process and Control Tag(Chrome) - headless\\20220623_182213\\1656003019356.png]]

2022-06-23 18:50:20 - [TEST_STEP][PASSED] - selectOptionByLabel(findTestObject("HL Full Lifecycle/6 ReferenceList_Choose Lifecycle"), "FS process", false): All options with label 'FS process' are selected in object 'Object Repository/HL Full Lifecycle/6 ReferenceList_Choose Lifecycle' 

2022-06-23 18:50:23 - [MESSAGE][PASSED] - All options with label 'FS process' are selected in object 'Object Repository/HL Full Lifecycle/6 ReferenceList_Choose Lifecycle' 

2022-06-23 18:50:23 - [TEST_STEP][PASSED] - click(findTestObject("HL Full Lifecycle/6 ReferencePg_Create a component_bluebutton")): Object: 'Object Repository/HL Full Lifecycle/6 ReferencePg_Create a component_bluebutton' is clicked on

2022-06-23 18:50:29 - [MESSAGE][PASSED] - Object: 'Object Repository/HL Full Lifecycle/6 ReferencePg_Create a component_bluebutton' is clicked on

2022-06-23 18:50:29 - [TEST_STEP][PASSED] - refID = I.RefID(): Current window's url is: 'http://mdb-release.diadeis.lan/MediaboxIndependence/Base/ExecAction?IDSession=MBI%21RELTESTAUTO_SEPHORA%211JM9IU7GD7KNP5SUSKDUQPF9G0Z187IH8XJFAM9H&default_action=ModifierRef&id_project=MI001954&id_ref=5051&action_from=create_ref'

2022-06-23 18:50:34 - [MESSAGE][PASSED] - Delayed 5 second(s)

2022-06-23 18:50:35 - [MESSAGE][PASSED] - Current window's url is: 'http://mdb-release.diadeis.lan/MediaboxIndependence/Base/ExecAction?IDSession=MBI%21RELTESTAUTO_SEPHORA%211JM9IU7GD7KNP5SUSKDUQPF9G0Z187IH8XJFAM9H&default_action=ModifierRef&id_project=MI001954&id_ref=5051&action_from=create_ref'

2022-06-23 18:50:35 - [TEST_STEP][PASSED] - click(findTestObject("HL Full Lifecycle/7 ModifyRefPage_button_Save")): Object: 'Object Repository/HL Full Lifecycle/7 ModifyRefPage_button_Save' is clicked on

2022-06-23 18:50:43 - [MESSAGE][PASSED] - Object: 'Object Repository/HL Full Lifecycle/7 ModifyRefPage_button_Save' is clicked on

2022-06-23 18:50:43 - [TEST_STEP][PASSED] - click(findTestObject("Object Repository/HL Full Lifecycle/2 Reflist_submit(atran)", ["refID":"source_" + refID])): Object: 'Object Repository/HL Full Lifecycle/2 Reflist_submit(atran)' is clicked on

2022-06-23 18:50:52 - [MESSAGE][PASSED] - Object: 'Object Repository/HL Full Lifecycle/2 Reflist_submit(atran)' is clicked on

2022-06-23 18:50:52 - [TEST_STEP][PASSED] - takeScreenshot(): Taking screenshot successfully

2022-06-23 18:50:58 - [MESSAGE][PASSED] - Taking screenshot successfully
[[ATTACHMENT|D:\\Projet Test Auto\\Mediabox Test Automation\\Reports\\20220623_182213\\03. Parallel Testing (Testing)\\TS -PT PART 3\\02. Sephora - Full Lifecycle FS Process and Control Tag(Chrome) - headless\\20220623_182213\\1656003056653.png]]

2022-06-23 18:50:58 - [TEST_STEP][PASSED] - I.verifystar("Closing date DDC", findTestObject("Object Repository/Control Tag/1.5 Controltag_onForm", ["field_id":"2"]), log): Taking screenshot successfully

2022-06-23 18:51:00 - [MESSAGE][PASSED] - Object 'Object Repository/Control Tag/1.5 Controltag_onForm' is visible

2022-06-23 18:51:03 - [MESSAGE][PASSED] - Taking screenshot successfully
[[ATTACHMENT|D:\\Projet Test Auto\\Mediabox Test Automation\\Reports\\20220623_182213\\03. Parallel Testing (Testing)\\TS -PT PART 3\\02. Sephora - Full Lifecycle FS Process and Control Tag(Chrome) - headless\\20220623_182213\\1656003063172.png]]

2022-06-23 18:51:03 - [TEST_STEP][PASSED] - I.verifystar("Sending date of the decor document", findTestObject("Object Repository/Control Tag/1.5 Controltag_onForm", ["field_id":"2"]), log): Taking screenshot successfully

2022-06-23 18:51:05 - [MESSAGE][PASSED] - Object 'Object Repository/Control Tag/1.5 Controltag_onForm' is visible

2022-06-23 18:51:08 - [MESSAGE][PASSED] - Taking screenshot successfully
[[ATTACHMENT|D:\\Projet Test Auto\\Mediabox Test Automation\\Reports\\20220623_182213\\03. Parallel Testing (Testing)\\TS -PT PART 3\\02. Sephora - Full Lifecycle FS Process and Control Tag(Chrome) - headless\\20220623_182213\\1656003067677.png]]

2022-06-23 18:51:08 - [TEST_STEP][PASSED] - I.verifystar("Pack typemandatory", findTestObject("Object Repository/Control Tag/1.5 Controltag_onForm", ["field_id":"2"]), log): Taking screenshot successfully

2022-06-23 18:51:11 - [MESSAGE][PASSED] - Object 'Object Repository/Control Tag/1.5 Controltag_onForm' is visible

2022-06-23 18:51:14 - [MESSAGE][PASSED] - Taking screenshot successfully
[[ATTACHMENT|D:\\Projet Test Auto\\Mediabox Test Automation\\Reports\\20220623_182213\\03. Parallel Testing (Testing)\\TS -PT PART 3\\02. Sephora - Full Lifecycle FS Process and Control Tag(Chrome) - headless\\20220623_182213\\1656003072272.png]]

2022-06-23 18:51:14 - [TEST_STEP][PASSED] - scrollToElement(findTestObject("Object Repository/Control Tag/1.5 Controltag_onForm", ["field_id":"2"]), 1): Scroll to object 'Object Repository/Control Tag/1.5 Controltag_onForm' successfully

2022-06-23 18:51:15 - [MESSAGE][PASSED] - Scroll to object 'Object Repository/Control Tag/1.5 Controltag_onForm' successfully

2022-06-23 18:51:15 - [TEST_STEP][PASSED] - I.verifystar("Component type", findTestObject("Object Repository/Control Tag/1.5 Controltag_onForm", ["field_id":"2"]), log): Taking screenshot successfully

2022-06-23 18:51:17 - [MESSAGE][PASSED] - Object 'Object Repository/Control Tag/1.5 Controltag_onForm' is visible

2022-06-23 18:51:18 - [MESSAGE][PASSED] - Taking screenshot successfully
[[ATTACHMENT|D:\\Projet Test Auto\\Mediabox Test Automation\\Reports\\20220623_182213\\03. Parallel Testing (Testing)\\TS -PT PART 3\\02. Sephora - Full Lifecycle FS Process and Control Tag(Chrome) - headless\\20220623_182213\\1656003077966.png]]

2022-06-23 18:51:18 - [TEST_STEP][PASSED] - executeJavaScript("window.scrollTo(0, document.body.scrollHeight)", []): Execute JavaScript 'window.scrollTo(0, document.body.scrollHeight)' successfully

2022-06-23 18:51:18 - [MESSAGE][PASSED] - Execute JavaScript 'window.scrollTo(0, document.body.scrollHeight)' successfully

2022-06-23 18:51:18 - [TEST_STEP][PASSED] - click(findTestObject("Object Repository/HL Full Lifecycle/8 sendtomarketing(atran)")): Object: 'Object Repository/HL Full Lifecycle/8 sendtomarketing(atran)' is clicked on

2022-06-23 18:51:24 - [MESSAGE][PASSED] - Object: 'Object Repository/HL Full Lifecycle/8 sendtomarketing(atran)' is clicked on

2022-06-23 18:51:24 - [TEST_STEP][PASSED] - takeScreenshot(): Taking screenshot successfully

2022-06-23 18:51:25 - [MESSAGE][PASSED] - Taking screenshot successfully
[[ATTACHMENT|D:\\Projet Test Auto\\Mediabox Test Automation\\Reports\\20220623_182213\\03. Parallel Testing (Testing)\\TS -PT PART 3\\02. Sephora - Full Lifecycle FS Process and Control Tag(Chrome) - headless\\20220623_182213\\1656003085321.png]]

2022-06-23 18:51:25 - [TEST_STEP][PASSED] - bError_msg_actualP = getText(findTestObject("Object Repository/Control Tag/1.12 CT Project (atran)")): Text of object 'Object Repository/Control Tag/1.12 CT Project (atran)' is: 'Type is missing
Category is missing
Segment is missing
MAD is missing
Year is missing'

2022-06-23 18:51:27 - [MESSAGE][PASSED] - Text of object 'Object Repository/Control Tag/1.12 CT Project (atran)' is: 'Type is missing
Category is missing
Segment is missing
MAD is missing
Year is missing'

2022-06-23 18:51:27 - [TEST_STEP][PASSED] - lines2P = new java.util.ArrayList(): null

2022-06-23 18:51:27 - [TEST_STEP][PASSED] - line2sP = bError_msg_actualP.split("
"): null

2022-06-23 18:51:27 - [TEST_STEP][PASSED] - if (lines2P.contains("Type is missing") && lines2P.contains("Category is missing") && lines2P.contains("Segment is missing") && lines2P.contains("MAD is missing") && lines2P.contains("Year is missing")): null

2022-06-23 18:51:27 - [TEST_STEP][FAILED] - else: WARNING! The Project Control tag error messages are not displayed the fields: Category, Segment, MAD, Year,  -  Test KO

2022-06-23 18:51:27 - [TEST_STEP][PASSED] - out.println("KO - Missing Control tag on Project"): null

2022-06-23 18:51:27 - [TEST_STEP][FAILED] - log.logFailed("WARNING! The Project Control tag error messages are not displayed the fields: Category, Segment, MAD, Year,  -  Test KO"): WARNING! The Project Control tag error messages are not displayed the fields: Category, Segment, MAD, Year,  -  Test KO

2022-06-23 18:51:27 - [MESSAGE][FAILED] - WARNING! The Project Control tag error messages are not displayed the fields: Category, Segment, MAD, Year,  -  Test KO

2022-06-23 18:51:27 - [TEST_STEP][PASSED] - bError_msg_actual = getText(findTestObject("Object Repository/Control Tag/2.1 CT_ref(atran)")): Text of object 'Object Repository/Control Tag/2.1 CT_ref(atran)' is: 'Type is missing
Category is missing
Segment is missing
MAD is missing
Year is missing'

2022-06-23 18:51:28 - [MESSAGE][PASSED] - Text of object 'Object Repository/Control Tag/2.1 CT_ref(atran)' is: 'Type is missing
Category is missing
Segment is missing
MAD is missing
Year is missing'

2022-06-23 18:51:28 - [TEST_STEP][PASSED] - lines2 = new java.util.ArrayList(): null

2022-06-23 18:51:28 - [TEST_STEP][PASSED] - line2s = bError_msg_actual.split("
"): null

2022-06-23 18:51:28 - [TEST_STEP][PASSED] - if (lines2.contains("Sending date of the decor document is missing") && lines2.contains("Closing date DDC is missing") && lines2.contains("Component type is missing") && lines2.contains("Pack type is missing")): null

2022-06-23 18:51:28 - [TEST_STEP][FAILED] - else: WARNING! The Reference Control tag error messages are not displayed the fields: Closing date DDC,Sending date of the decor document,Pack type, Component type -  Test KO

2022-06-23 18:51:28 - [TEST_STEP][PASSED] - out.println("KO - Missing Control Tag on Reference"): null

2022-06-23 18:51:28 - [TEST_STEP][FAILED] - log.logFailed("WARNING! The Reference Control tag error messages are not displayed the fields: Closing date DDC,Sending date of the decor document,Pack type, Component type -  Test KO"): WARNING! The Reference Control tag error messages are not displayed the fields: Closing date DDC,Sending date of the decor document,Pack type, Component type -  Test KO

2022-06-23 18:51:28 - [MESSAGE][FAILED] - WARNING! The Reference Control tag error messages are not displayed the fields: Closing date DDC,Sending date of the decor document,Pack type, Component type -  Test KO

2022-06-23 18:51:28 - [TEST_STEP][PASSED] - click(findTestObject("Object Repository/Control Tag/2.2 ButtonModifyProject")): Object: 'Object Repository/Control Tag/2.2 ButtonModifyProject' is clicked on

2022-06-23 18:51:34 - [MESSAGE][PASSED] - Object: 'Object Repository/Control Tag/2.2 ButtonModifyProject' is clicked on

2022-06-23 18:51:34 - [TEST_STEP][PASSED] - takeScreenshot(): Taking screenshot successfully

2022-06-23 18:51:36 - [MESSAGE][PASSED] - Taking screenshot successfully
[[ATTACHMENT|D:\\Projet Test Auto\\Mediabox Test Automation\\Reports\\20220623_182213\\03. Parallel Testing (Testing)\\TS -PT PART 3\\02. Sephora - Full Lifecycle FS Process and Control Tag(Chrome) - headless\\20220623_182213\\1656003095413.png]]

2022-06-23 18:51:36 - [TEST_STEP][PASSED] - setText(findTestObject("HL Full Lifecycle/5 ModifyProjPage_input_code_project_field"), "12345"): Text '12345' is set on object 'Object Repository/HL Full Lifecycle/5 ModifyProjPage_input_code_project_field'

2022-06-23 18:51:37 - [MESSAGE][PASSED] - Text '12345' is set on object 'Object Repository/HL Full Lifecycle/5 ModifyProjPage_input_code_project_field'

2022-06-23 18:51:37 - [TEST_STEP][PASSED] - selectOptionByLabel(findTestObject("HL Full Lifecycle/5 ModifyProjPage_dropdown_category_field"), "Hair", true): All options with label 'Hair' are selected in object 'Object Repository/HL Full Lifecycle/5 ModifyProjPage_dropdown_category_field'  using regular expression

2022-06-23 18:51:46 - [MESSAGE][PASSED] - All options with label 'Hair' are selected in object 'Object Repository/HL Full Lifecycle/5 ModifyProjPage_dropdown_category_field'  using regular expression

2022-06-23 18:51:46 - [TEST_STEP][PASSED] - selectOptionByLabel(findTestObject("HL Full Lifecycle/5 ModifyProjPage_dropdown_segment_field"), "BATH BODY", true): All options with label 'BATH BODY' are selected in object 'Object Repository/HL Full Lifecycle/5 ModifyProjPage_dropdown_segment_field'  using regular expression

2022-06-23 18:51:59 - [MESSAGE][PASSED] - All options with label 'BATH BODY' are selected in object 'Object Repository/HL Full Lifecycle/5 ModifyProjPage_dropdown_segment_field'  using regular expression

2022-06-23 18:51:59 - [TEST_STEP][PASSED] - selectOptionByLabel(findTestObject("HL Full Lifecycle/5 ModifyProjPage_dropdown_type_field"), "One Shot", true): All options with label 'One Shot' are selected in object 'Object Repository/HL Full Lifecycle/5 ModifyProjPage_dropdown_type_field'  using regular expression

2022-06-23 18:52:08 - [MESSAGE][PASSED] - All options with label 'One Shot' are selected in object 'Object Repository/HL Full Lifecycle/5 ModifyProjPage_dropdown_type_field'  using regular expression

2022-06-23 18:52:08 - [TEST_STEP][PASSED] - selectOptionByValue(findTestObject("HL Full Lifecycle/5 ModifyProjPage_select_Scope_field"), "20", true): All options with value '20' are selected in object 'Object Repository/HL Full Lifecycle/5 ModifyProjPage_select_Scope_field'  using regular expression

2022-06-23 18:52:16 - [MESSAGE][PASSED] - All options with value '20' are selected in object 'Object Repository/HL Full Lifecycle/5 ModifyProjPage_select_Scope_field'  using regular expression

2022-06-23 18:52:16 - [TEST_STEP][PASSED] - click(findTestObject("HL Full Lifecycle/5 ModifyProjPage_button_Add_Scope_field")): Object: 'Object Repository/HL Full Lifecycle/5 ModifyProjPage_button_Add_Scope_field' is clicked on

2022-06-23 18:52:18 - [MESSAGE][PASSED] - Object: 'Object Repository/HL Full Lifecycle/5 ModifyProjPage_button_Add_Scope_field' is clicked on

2022-06-23 18:52:18 - [TEST_STEP][PASSED] - selectOptionByLabel(findTestObject("HL Full Lifecycle/5 ModifyProjPage_dropdown_MAD_field"), "Christmas", true): All options with label 'Christmas' are selected in object 'Object Repository/HL Full Lifecycle/5 ModifyProjPage_dropdown_MAD_field'  using regular expression

2022-06-23 18:52:24 - [MESSAGE][PASSED] - All options with label 'Christmas' are selected in object 'Object Repository/HL Full Lifecycle/5 ModifyProjPage_dropdown_MAD_field'  using regular expression

2022-06-23 18:52:24 - [TEST_STEP][PASSED] - click(findTestObject("HL Full Lifecycle/5 ModifyProjPage_date_select2-var_35-container_field")): Object: 'Object Repository/HL Full Lifecycle/5 ModifyProjPage_date_select2-var_35-container_field' is clicked on

2022-06-23 18:52:25 - [MESSAGE][PASSED] - Object: 'Object Repository/HL Full Lifecycle/5 ModifyProjPage_date_select2-var_35-container_field' is clicked on

2022-06-23 18:52:25 - [TEST_STEP][PASSED] - selectOptionByValue(findTestObject("HL Full Lifecycle/5 ModifyProjPage_dropdown_year_field"), "119", true): All options with value '119' are selected in object 'Object Repository/HL Full Lifecycle/5 ModifyProjPage_dropdown_year_field'  using regular expression

2022-06-23 18:52:30 - [MESSAGE][PASSED] - All options with value '119' are selected in object 'Object Repository/HL Full Lifecycle/5 ModifyProjPage_dropdown_year_field'  using regular expression

2022-06-23 18:52:30 - [TEST_STEP][PASSED] - click(findTestObject("HL Full Lifecycle/5 ModifyProjPage_date_select2-var_35-container_field")): Object: 'Object Repository/HL Full Lifecycle/5 ModifyProjPage_date_select2-var_35-container_field' is clicked on

2022-06-23 18:52:32 - [MESSAGE][PASSED] - Object: 'Object Repository/HL Full Lifecycle/5 ModifyProjPage_date_select2-var_35-container_field' is clicked on

2022-06-23 18:52:32 - [TEST_STEP][PASSED] - selectOptionByValue(findTestObject("HL Full Lifecycle/5 ModifyProjPage_select_DevPack_field"), "devpack", true): All options with value 'devpack' are selected in object 'Object Repository/HL Full Lifecycle/5 ModifyProjPage_select_DevPack_field'  using regular expression

2022-06-23 18:52:39 - [MESSAGE][PASSED] - All options with value 'devpack' are selected in object 'Object Repository/HL Full Lifecycle/5 ModifyProjPage_select_DevPack_field'  using regular expression

2022-06-23 18:52:39 - [TEST_STEP][PASSED] - click(findTestObject("HL Full Lifecycle/5 ModifyProjPage_button_Add_DevPack_field")): Object: 'Object Repository/HL Full Lifecycle/5 ModifyProjPage_button_Add_DevPack_field' is clicked on

2022-06-23 18:52:40 - [MESSAGE][PASSED] - Object: 'Object Repository/HL Full Lifecycle/5 ModifyProjPage_button_Add_DevPack_field' is clicked on

2022-06-23 18:52:40 - [TEST_STEP][PASSED] - selectOptionByValue(findTestObject("HL Full Lifecycle/5 ModifyProjPage_select_Marketing_field"), "marketing", true): All options with value 'marketing' are selected in object 'Object Repository/HL Full Lifecycle/5 ModifyProjPage_select_Marketing_field'  using regular expression

2022-06-23 18:52:56 - [MESSAGE][PASSED] - All options with value 'marketing' are selected in object 'Object Repository/HL Full Lifecycle/5 ModifyProjPage_select_Marketing_field'  using regular expression

2022-06-23 18:52:56 - [TEST_STEP][PASSED] - click(findTestObject("HL Full Lifecycle/5 ModifyProjPage_Add_Marketing_button")): Object: 'Object Repository/HL Full Lifecycle/5 ModifyProjPage_Add_Marketing_button' is clicked on

2022-06-23 18:52:57 - [MESSAGE][PASSED] - Object: 'Object Repository/HL Full Lifecycle/5 ModifyProjPage_Add_Marketing_button' is clicked on

2022-06-23 18:52:57 - [TEST_STEP][PASSED] - selectOptionByValue(findTestObject("HL Full Lifecycle/5 ModifyProjPage_select_Regulatory_field"), "regulatory", true): All options with value 'regulatory' are selected in object 'Object Repository/HL Full Lifecycle/5 ModifyProjPage_select_Regulatory_field'  using regular expression

2022-06-23 18:53:07 - [MESSAGE][PASSED] - All options with value 'regulatory' are selected in object 'Object Repository/HL Full Lifecycle/5 ModifyProjPage_select_Regulatory_field'  using regular expression

2022-06-23 18:53:07 - [TEST_STEP][PASSED] - click(findTestObject("HL Full Lifecycle/5 ModifyProjPage_Add_Regulatory_button")): Object: 'Object Repository/HL Full Lifecycle/5 ModifyProjPage_Add_Regulatory_button' is clicked on

2022-06-23 18:53:09 - [MESSAGE][PASSED] - Object: 'Object Repository/HL Full Lifecycle/5 ModifyProjPage_Add_Regulatory_button' is clicked on

2022-06-23 18:53:09 - [TEST_STEP][PASSED] - selectOptionByValue(findTestObject("HL Full Lifecycle/5 ModifyProjPage_select_Studio_field"), "studio", true): All options with value 'studio' are selected in object 'Object Repository/HL Full Lifecycle/5 ModifyProjPage_select_Studio_field'  using regular expression

2022-06-23 18:53:17 - [MESSAGE][PASSED] - All options with value 'studio' are selected in object 'Object Repository/HL Full Lifecycle/5 ModifyProjPage_select_Studio_field'  using regular expression

2022-06-23 18:53:17 - [TEST_STEP][PASSED] - click(findTestObject("HL Full Lifecycle/5 ModifyProjPage_Add_Studio_button")): Object: 'Object Repository/HL Full Lifecycle/5 ModifyProjPage_Add_Studio_button' is clicked on

2022-06-23 18:53:20 - [MESSAGE][PASSED] - Object: 'Object Repository/HL Full Lifecycle/5 ModifyProjPage_Add_Studio_button' is clicked on

2022-06-23 18:53:20 - [TEST_STEP][PASSED] - click(findTestObject("HL Full Lifecycle/5 ModifyProjPage_button_Update")): Object: 'Object Repository/HL Full Lifecycle/5 ModifyProjPage_button_Update' is clicked on

2022-06-23 18:53:25 - [MESSAGE][PASSED] - Object: 'Object Repository/HL Full Lifecycle/5 ModifyProjPage_button_Update' is clicked on

2022-06-23 18:53:25 - [TEST_STEP][PASSED] - click(findTestObject("Object Repository/HL Full Lifecycle/2 Reflist_submit(atran)", ["refID":"source_" + refID])): Object: 'Object Repository/HL Full Lifecycle/2 Reflist_submit(atran)' is clicked on

2022-06-23 18:53:30 - [MESSAGE][PASSED] - Object: 'Object Repository/HL Full Lifecycle/2 Reflist_submit(atran)' is clicked on

2022-06-23 18:53:30 - [TEST_STEP][PASSED] - click(findTestObject("Object Repository/HL Full Lifecycle/8 sendtomarketing(atran)")): Object: 'Object Repository/HL Full Lifecycle/8 sendtomarketing(atran)' is clicked on

2022-06-23 18:53:34 - [MESSAGE][PASSED] - Object: 'Object Repository/HL Full Lifecycle/8 sendtomarketing(atran)' is clicked on

2022-06-23 18:53:34 - [TEST_STEP][PASSED] - takeScreenshot(): Taking screenshot successfully

2022-06-23 18:53:35 - [MESSAGE][PASSED] - Taking screenshot successfully
[[ATTACHMENT|D:\\Projet Test Auto\\Mediabox Test Automation\\Reports\\20220623_182213\\03. Parallel Testing (Testing)\\TS -PT PART 3\\02. Sephora - Full Lifecycle FS Process and Control Tag(Chrome) - headless\\20220623_182213\\1656003215168.png]]

2022-06-23 18:53:35 - [TEST_STEP][PASSED] - bError_msg_actual1 = getText(findTestObject("Object Repository/Control Tag/2.1 CT_ref(atran)")): Text of object 'Object Repository/Control Tag/2.1 CT_ref(atran)' is: 'Sending date of the decor document is missing
Closing date DDC is missing
Component type is missing
Pack type is missing'

2022-06-23 18:53:36 - [MESSAGE][PASSED] - Text of object 'Object Repository/Control Tag/2.1 CT_ref(atran)' is: 'Sending date of the decor document is missing
Closing date DDC is missing
Component type is missing
Pack type is missing'

2022-06-23 18:53:36 - [TEST_STEP][PASSED] - lines21 = new java.util.ArrayList(): null

2022-06-23 18:53:36 - [TEST_STEP][PASSED] - line2s = bError_msg_actual1.split("
"): null

2022-06-23 18:53:36 - [TEST_STEP][PASSED] - if (lines21.contains("Sending date of the decor document is missing") && lines21.contains("Closing date DDC is missing") && lines21.contains("Component type is missing") && lines21.contains("Pack type is missing")): null

2022-06-23 18:53:36 - [TEST_STEP][FAILED] - else: WARNING! The Control tag error messages are not displayed the fields: Closing date DDC,Sending date of the decor document,Pack type, Component type -  Test KO

2022-06-23 18:53:36 - [TEST_STEP][PASSED] - out.println("KO - Missing Control Tag on Reference"): null

2022-06-23 18:53:36 - [TEST_STEP][FAILED] - log.logFailed("WARNING! The Control tag error messages are not displayed the fields: Closing date DDC,Sending date of the decor document,Pack type, Component type -  Test KO"): WARNING! The Control tag error messages are not displayed the fields: Closing date DDC,Sending date of the decor document,Pack type, Component type -  Test KO

2022-06-23 18:53:36 - [MESSAGE][FAILED] - WARNING! The Control tag error messages are not displayed the fields: Closing date DDC,Sending date of the decor document,Pack type, Component type -  Test KO

2022-06-23 18:53:36 - [TEST_STEP][PASSED] - delay(1): Delayed 1 second(s)

2022-06-23 18:53:37 - [MESSAGE][PASSED] - Delayed 1 second(s)

2022-06-23 18:53:37 - [TEST_STEP][PASSED] - click(findTestObject("Object Repository/Control Tag/2.23 Button Modify Component (atran)")): Object: 'Object Repository/Control Tag/2.23 Button Modify Component (atran)' is clicked on

2022-06-23 18:53:43 - [MESSAGE][PASSED] - Object: 'Object Repository/Control Tag/2.23 Button Modify Component (atran)' is clicked on

2022-06-23 18:53:43 - [TEST_STEP][PASSED] - click(findTestObject("Object Repository/Control Tag/2.3 cancelbutton(atran)")): Object: 'Object Repository/Control Tag/2.3 cancelbutton(atran)' is clicked on

2022-06-23 18:53:49 - [MESSAGE][PASSED] - Object: 'Object Repository/Control Tag/2.3 cancelbutton(atran)' is clicked on

2022-06-23 18:53:49 - [TEST_STEP][PASSED] - click(findTestObject("Object Repository/HL Full Lifecycle/2 Reflist_submit(atran)", ["refID":"source_" + refID])): Object: 'Object Repository/HL Full Lifecycle/2 Reflist_submit(atran)' is clicked on

2022-06-23 18:53:54 - [MESSAGE][PASSED] - Object: 'Object Repository/HL Full Lifecycle/2 Reflist_submit(atran)' is clicked on

2022-06-23 18:53:54 - [TEST_STEP][PASSED] - "User atran: modify the following fields:": null

2022-06-23 18:53:54 - [TEST_STEP][PASSED] - selectOptionByLabel(findTestObject("HL Full Lifecycle/7 ModifyRefPage_Select_DDC Status_field"), "Complete", false): All options with label 'Complete' are selected in object 'Object Repository/HL Full Lifecycle/7 ModifyRefPage_Select_DDC Status_field' 

2022-06-23 18:54:00 - [MESSAGE][PASSED] - All options with label 'Complete' are selected in object 'Object Repository/HL Full Lifecycle/7 ModifyRefPage_Select_DDC Status_field' 

2022-06-23 18:54:00 - [TEST_STEP][PASSED] - click(findTestObject("Object Repository/Control Tag/2.4 Closing Date")): Object: 'Object Repository/Control Tag/2.4 Closing Date' is clicked on

2022-06-23 18:54:05 - [MESSAGE][PASSED] - Object: 'Object Repository/Control Tag/2.4 Closing Date' is clicked on

2022-06-23 18:54:05 - [TEST_STEP][PASSED] - click(findTestObject("Object Repository/Control Tag/2.5 Closing date (choose date)")): Object: 'Object Repository/Control Tag/2.5 Closing date (choose date)' is clicked on

2022-06-23 18:54:08 - [MESSAGE][PASSED] - Object: 'Object Repository/Control Tag/2.5 Closing date (choose date)' is clicked on

2022-06-23 18:54:08 - [TEST_STEP][PASSED] - delay(1): Delayed 1 second(s)

2022-06-23 18:54:09 - [MESSAGE][PASSED] - Delayed 1 second(s)

2022-06-23 18:54:09 - [TEST_STEP][PASSED] - click(findTestObject("HL Full Lifecycle/7 ModifyRefPage_la-calendar_field")): Object: 'Object Repository/HL Full Lifecycle/7 ModifyRefPage_la-calendar_field' is clicked on

2022-06-23 18:54:12 - [MESSAGE][PASSED] - Object: 'Object Repository/HL Full Lifecycle/7 ModifyRefPage_la-calendar_field' is clicked on

2022-06-23 18:54:12 - [TEST_STEP][PASSED] - delay(1): Delayed 1 second(s)

2022-06-23 18:54:13 - [MESSAGE][PASSED] - Delayed 1 second(s)

2022-06-23 18:54:13 - [TEST_STEP][PASSED] - click(findTestObject("Object Repository/Control Tag/2.5 Closing date (choose date)")): Object: 'Object Repository/Control Tag/2.5 Closing date (choose date)' is clicked on

2022-06-23 18:54:17 - [MESSAGE][PASSED] - Object: 'Object Repository/Control Tag/2.5 Closing date (choose date)' is clicked on

2022-06-23 18:54:17 - [TEST_STEP][PASSED] - selectOptionByLabel(findTestObject("HL Full Lifecycle/7 ModifyRefPage_Select_Pack_Type"), "Primaire", false): All options with label 'Primaire' are selected in object 'Object Repository/HL Full Lifecycle/7 ModifyRefPage_Select_Pack_Type' 

2022-06-23 18:54:21 - [MESSAGE][PASSED] - All options with label 'Primaire' are selected in object 'Object Repository/HL Full Lifecycle/7 ModifyRefPage_Select_Pack_Type' 

2022-06-23 18:54:21 - [TEST_STEP][PASSED] - selectOptionByLabel(findTestObject("HL Full Lifecycle/7 ModifyRefPage_Select_Component_Type"), "Etui", false): All options with label 'Etui' are selected in object 'Object Repository/HL Full Lifecycle/7 ModifyRefPage_Select_Component_Type' 

2022-06-23 18:54:23 - [MESSAGE][PASSED] - All options with label 'Etui' are selected in object 'Object Repository/HL Full Lifecycle/7 ModifyRefPage_Select_Component_Type' 

2022-06-23 18:54:23 - [TEST_STEP][PASSED] - selectOptionByLabel(findTestObject("HL Full Lifecycle/7 ModifyRefPage_Select_printer"), "AIRCOS", false): All options with label 'AIRCOS' are selected in object 'Object Repository/HL Full Lifecycle/7 ModifyRefPage_Select_printer' 

2022-06-23 18:54:26 - [MESSAGE][PASSED] - All options with label 'AIRCOS' are selected in object 'Object Repository/HL Full Lifecycle/7 ModifyRefPage_Select_printer' 

2022-06-23 18:54:26 - [TEST_STEP][PASSED] - waitForPageLoad(5): Wait for page load successfully

2022-06-23 18:54:26 - [MESSAGE][PASSED] - Wait for page load successfully

2022-06-23 18:54:26 - [TEST_STEP][PASSED] - executeJavaScript("window.scrollTo(0, document.body.scrollHeight)", []): Execute JavaScript 'window.scrollTo(0, document.body.scrollHeight)' successfully

2022-06-23 18:54:26 - [MESSAGE][PASSED] - Execute JavaScript 'window.scrollTo(0, document.body.scrollHeight)' successfully

2022-06-23 18:54:26 - [TEST_STEP][PASSED] - click(findTestObject("Object Repository/HL Full Lifecycle/8 sendtomarketing(atran)")): Object: 'Object Repository/HL Full Lifecycle/8 sendtomarketing(atran)' is clicked on

2022-06-23 18:54:31 - [MESSAGE][PASSED] - Object: 'Object Repository/HL Full Lifecycle/8 sendtomarketing(atran)' is clicked on

2022-06-23 18:54:31 - [TEST_STEP][PASSED] - I.Logout(): Delayed 3 second(s)

2022-06-23 18:54:34 - [MESSAGE][PASSED] - Delayed 3 second(s)

2022-06-23 18:54:37 - [MESSAGE][PASSED] - Object: 'Object Repository/1. Constant/xpath' is clicked on

2022-06-23 18:54:40 - [MESSAGE][PASSED] - Delayed 3 second(s)

2022-06-23 18:55:38 - [MESSAGE][PASSED] - Object: 'Object Repository/1. Constant/xpath' is clicked on

2022-06-23 18:55:41 - [MESSAGE][PASSED] - Delayed 3 second(s)

2022-06-23 18:55:41 - [TEST_STEP][PASSED] - I.Login_password("marketing", password_marketing): Object: 'Object Repository/1. Constant/xpath' is clicked on

2022-06-23 18:55:44 - [MESSAGE][PASSED] - Text 'marketing' is set on object 'Object Repository/1. Constant/xpath'

2022-06-23 18:55:45 - [MESSAGE][PASSED] - Delayed 1 second(s)

2022-06-23 18:55:47 - [MESSAGE][PASSED] - Text 'dchi3' is set on object 'Object Repository/1. Constant/xpath'

2022-06-23 18:55:48 - [MESSAGE][PASSED] - Delayed 1 second(s)

2022-06-23 18:55:54 - [MESSAGE][PASSED] - Object: 'Object Repository/1. Constant/xpath' is clicked on

2022-06-23 18:55:54 - [TEST_STEP][PASSED] - takeScreenshot(): Taking screenshot successfully

2022-06-23 18:55:55 - [MESSAGE][PASSED] - Taking screenshot successfully
[[ATTACHMENT|D:\\Projet Test Auto\\Mediabox Test Automation\\Reports\\20220623_182213\\03. Parallel Testing (Testing)\\TS -PT PART 3\\02. Sephora - Full Lifecycle FS Process and Control Tag(Chrome) - headless\\20220623_182213\\1656003355243.png]]

2022-06-23 18:55:55 - [TEST_STEP][PASSED] - click(findTestObject("1. Constant/02_LHSMenu_Projects")): Object: 'Object Repository/1. Constant/02_LHSMenu_Projects' is clicked on

2022-06-23 18:55:59 - [MESSAGE][PASSED] - Object: 'Object Repository/1. Constant/02_LHSMenu_Projects' is clicked on

2022-06-23 18:55:59 - [TEST_STEP][PASSED] - I.SearchProjectNo(Project_No, findTestObject("HL Full Lifecycle/9 Filter_Button_Apply")): Delayed 5 second(s)

2022-06-23 18:56:02 - [MESSAGE][PASSED] - Text 'MI001954' is set on object 'Object Repository/1. Constant/xpath'

2022-06-23 18:56:05 - [MESSAGE][PASSED] - Delayed 3 second(s)

2022-06-23 18:56:11 - [MESSAGE][PASSED] - Object: 'Object Repository/HL Full Lifecycle/9 Filter_Button_Apply' is clicked on

2022-06-23 18:56:16 - [MESSAGE][PASSED] - Delayed 5 second(s)

2022-06-23 18:56:16 - [TEST_STEP][PASSED] - delay(3): Delayed 3 second(s)

2022-06-23 18:56:19 - [MESSAGE][PASSED] - Delayed 3 second(s)

2022-06-23 18:56:19 - [TEST_STEP][PASSED] - click(findTestObject("HL Full Lifecycle/9 RefPage_i_B_fa fa-arrow-circle-right_1", ["refID":"source_" + refID])): Object: 'Object Repository/HL Full Lifecycle/9 RefPage_i_B_fa fa-arrow-circle-right_1' is clicked on

2022-06-23 18:56:25 - [MESSAGE][PASSED] - Object: 'Object Repository/HL Full Lifecycle/9 RefPage_i_B_fa fa-arrow-circle-right_1' is clicked on

2022-06-23 18:56:25 - [TEST_STEP][PASSED] - click(findTestObject("HL Full Lifecycle/9 RefPage_button_Send to Regulatory")): Object: 'Object Repository/HL Full Lifecycle/9 RefPage_button_Send to Regulatory' is clicked on

2022-06-23 18:56:33 - [MESSAGE][PASSED] - Object: 'Object Repository/HL Full Lifecycle/9 RefPage_button_Send to Regulatory' is clicked on

2022-06-23 18:56:33 - [TEST_STEP][PASSED] - takeScreenshot(): Taking screenshot successfully

2022-06-23 18:56:34 - [MESSAGE][PASSED] - Taking screenshot successfully
[[ATTACHMENT|D:\\Projet Test Auto\\Mediabox Test Automation\\Reports\\20220623_182213\\03. Parallel Testing (Testing)\\TS -PT PART 3\\02. Sephora - Full Lifecycle FS Process and Control Tag(Chrome) - headless\\20220623_182213\\1656003394155.png]]

2022-06-23 18:56:34 - [TEST_STEP][PASSED] - I.Logout(): Delayed 3 second(s)

2022-06-23 18:56:37 - [MESSAGE][PASSED] - Delayed 3 second(s)

2022-06-23 18:56:39 - [MESSAGE][PASSED] - Object: 'Object Repository/1. Constant/xpath' is clicked on

2022-06-23 18:56:42 - [MESSAGE][PASSED] - Delayed 3 second(s)

2022-06-23 18:57:38 - [MESSAGE][PASSED] - Object: 'Object Repository/1. Constant/xpath' is clicked on

2022-06-23 18:57:41 - [MESSAGE][PASSED] - Delayed 3 second(s)

2022-06-23 18:57:41 - [TEST_STEP][PASSED] - I.Login_password("regulatory", password_regulatory): Object: 'Object Repository/1. Constant/xpath' is clicked on

2022-06-23 18:57:46 - [MESSAGE][PASSED] - Text 'regulatory' is set on object 'Object Repository/1. Constant/xpath'

2022-06-23 18:57:47 - [MESSAGE][PASSED] - Delayed 1 second(s)

2022-06-23 18:57:51 - [MESSAGE][PASSED] - Text 'dchi3' is set on object 'Object Repository/1. Constant/xpath'

2022-06-23 18:57:52 - [MESSAGE][PASSED] - Delayed 1 second(s)

2022-06-23 18:57:59 - [MESSAGE][PASSED] - Object: 'Object Repository/1. Constant/xpath' is clicked on

2022-06-23 18:57:59 - [TEST_STEP][PASSED] - click(findTestObject("1. Constant/02_LHSMenu_Projects")): Object: 'Object Repository/1. Constant/02_LHSMenu_Projects' is clicked on

2022-06-23 18:58:04 - [MESSAGE][PASSED] - Object: 'Object Repository/1. Constant/02_LHSMenu_Projects' is clicked on

2022-06-23 18:58:04 - [TEST_STEP][PASSED] - I.SearchProjectNo(Project_No, findTestObject("HL Full Lifecycle/9 Filter_Button_Apply")): Delayed 5 second(s)

2022-06-23 18:58:06 - [MESSAGE][PASSED] - Text 'MI001954' is set on object 'Object Repository/1. Constant/xpath'

2022-06-23 18:58:09 - [MESSAGE][PASSED] - Delayed 3 second(s)

2022-06-23 18:58:14 - [MESSAGE][PASSED] - Object: 'Object Repository/HL Full Lifecycle/9 Filter_Button_Apply' is clicked on

2022-06-23 18:58:19 - [MESSAGE][PASSED] - Delayed 5 second(s)

2022-06-23 18:58:19 - [TEST_STEP][PASSED] - click(findTestObject("HL Full Lifecycle/10.1_RefPage_questionphase", ["refID":"source_" + refID])): Object: 'Object Repository/HL Full Lifecycle/10.1_RefPage_questionphase' is clicked on

2022-06-23 18:58:21 - [MESSAGE][PASSED] - Object: 'Object Repository/HL Full Lifecycle/10.1_RefPage_questionphase' is clicked on

2022-06-23 18:58:21 - [TEST_STEP][PASSED] - takeScreenshot(): Taking screenshot successfully

2022-06-23 18:58:22 - [MESSAGE][PASSED] - Taking screenshot successfully
[[ATTACHMENT|D:\\Projet Test Auto\\Mediabox Test Automation\\Reports\\20220623_182213\\03. Parallel Testing (Testing)\\TS -PT PART 3\\02. Sephora - Full Lifecycle FS Process and Control Tag(Chrome) - headless\\20220623_182213\\1656003502047.png]]

2022-06-23 18:58:22 - [TEST_STEP][PASSED] - click(findTestObject("HL Full Lifecycle/10.2 ReferencPAge_button_Send to studio", ["refID":"source_" + refID])): Object: 'Object Repository/HL Full Lifecycle/10.2 ReferencPAge_button_Send to studio' is clicked on

2022-06-23 18:58:25 - [MESSAGE][PASSED] - Object: 'Object Repository/HL Full Lifecycle/10.2 ReferencPAge_button_Send to studio' is clicked on

2022-06-23 18:58:25 - [TEST_STEP][PASSED] - click(findTestObject("HL Full Lifecycle/10.3 RefPage_Submitstudio")): Object: 'Object Repository/HL Full Lifecycle/10.3 RefPage_Submitstudio' is clicked on

2022-06-23 18:58:31 - [MESSAGE][PASSED] - Object: 'Object Repository/HL Full Lifecycle/10.3 RefPage_Submitstudio' is clicked on

2022-06-23 18:58:31 - [TEST_STEP][PASSED] - takeScreenshot(): Taking screenshot successfully

2022-06-23 18:58:32 - [MESSAGE][PASSED] - Taking screenshot successfully
[[ATTACHMENT|D:\\Projet Test Auto\\Mediabox Test Automation\\Reports\\20220623_182213\\03. Parallel Testing (Testing)\\TS -PT PART 3\\02. Sephora - Full Lifecycle FS Process and Control Tag(Chrome) - headless\\20220623_182213\\1656003511944.png]]

2022-06-23 18:58:32 - [TEST_STEP][PASSED] - I.Logout(): Delayed 3 second(s)

2022-06-23 18:58:35 - [MESSAGE][PASSED] - Delayed 3 second(s)

2022-06-23 18:58:37 - [MESSAGE][PASSED] - Object: 'Object Repository/1. Constant/xpath' is clicked on

2022-06-23 18:58:40 - [MESSAGE][PASSED] - Delayed 3 second(s)

2022-06-23 18:59:30 - [MESSAGE][PASSED] - Object: 'Object Repository/1. Constant/xpath' is clicked on

2022-06-23 18:59:33 - [MESSAGE][PASSED] - Delayed 3 second(s)

2022-06-23 18:59:33 - [TEST_STEP][PASSED] - I.Login_password("studio", password_studio): Object: 'Object Repository/1. Constant/xpath' is clicked on

2022-06-23 18:59:35 - [MESSAGE][PASSED] - Text 'studio' is set on object 'Object Repository/1. Constant/xpath'

2022-06-23 18:59:36 - [MESSAGE][PASSED] - Delayed 1 second(s)

2022-06-23 18:59:40 - [MESSAGE][PASSED] - Text 'dchi4' is set on object 'Object Repository/1. Constant/xpath'

2022-06-23 18:59:41 - [MESSAGE][PASSED] - Delayed 1 second(s)

2022-06-23 18:59:46 - [MESSAGE][PASSED] - Object: 'Object Repository/1. Constant/xpath' is clicked on

2022-06-23 18:59:46 - [TEST_STEP][PASSED] - click(findTestObject("1. Constant/02_LHSMenu_Projects")): Object: 'Object Repository/1. Constant/02_LHSMenu_Projects' is clicked on

2022-06-23 18:59:52 - [MESSAGE][PASSED] - Object: 'Object Repository/1. Constant/02_LHSMenu_Projects' is clicked on

2022-06-23 18:59:52 - [TEST_STEP][PASSED] - I.SearchProjectNo(Project_No, findTestObject("HL Full Lifecycle/9 Filter_Button_Apply")): Delayed 5 second(s)

2022-06-23 18:59:54 - [MESSAGE][PASSED] - Text 'MI001954' is set on object 'Object Repository/1. Constant/xpath'

2022-06-23 18:59:57 - [MESSAGE][PASSED] - Delayed 3 second(s)

2022-06-23 19:00:02 - [MESSAGE][PASSED] - Object: 'Object Repository/HL Full Lifecycle/9 Filter_Button_Apply' is clicked on

2022-06-23 19:00:07 - [MESSAGE][PASSED] - Delayed 5 second(s)

2022-06-23 19:00:07 - [TEST_STEP][PASSED] - waitForElementClickable(findTestObject("HL Full Lifecycle/10.10 RefPage_Question", ["refID":"source_" + refID]), 10): Object 'Object Repository/HL Full Lifecycle/10.10 RefPage_Question' is clickable

2022-06-23 19:00:08 - [MESSAGE][PASSED] - Object 'Object Repository/HL Full Lifecycle/10.10 RefPage_Question' is clickable

2022-06-23 19:00:08 - [TEST_STEP][PASSED] - click(findTestObject("HL Full Lifecycle/10.10 RefPage_Question", ["refID":"source_" + refID])): Object: 'Object Repository/HL Full Lifecycle/10.10 RefPage_Question' is clicked on

2022-06-23 19:00:11 - [MESSAGE][PASSED] - Object: 'Object Repository/HL Full Lifecycle/10.10 RefPage_Question' is clicked on

2022-06-23 19:00:11 - [TEST_STEP][PASSED] - click(findTestObject("HL Full Lifecycle/11 ReferencePage_Question_a_Accept the brief", ["refID":"source_" + refID])): Object: 'Object Repository/HL Full Lifecycle/11 ReferencePage_Question_a_Accept the brief' is clicked on

2022-06-23 19:00:14 - [MESSAGE][PASSED] - Object: 'Object Repository/HL Full Lifecycle/11 ReferencePage_Question_a_Accept the brief' is clicked on

2022-06-23 19:00:14 - [TEST_STEP][PASSED] - click(findTestObject("HL Full Lifecycle/11 RefPage_Button_AcceptBrief", ["refID":"source_" + refID])): Object: 'Object Repository/HL Full Lifecycle/11 RefPage_Button_AcceptBrief' is clicked on

2022-06-23 19:00:20 - [MESSAGE][PASSED] - Object: 'Object Repository/HL Full Lifecycle/11 RefPage_Button_AcceptBrief' is clicked on

2022-06-23 19:00:20 - [TEST_STEP][PASSED] - delay(1): Delayed 1 second(s)

2022-06-23 19:00:21 - [MESSAGE][PASSED] - Delayed 1 second(s)

2022-06-23 19:00:21 - [TEST_STEP][PASSED] - color1 = getCSSValue(findTestObject("1. Constant/xpath", ["xpath":"//*[@id="source_" + refID + ""]/td[8]/a"]), "color", OPTIONAL): Get CSS 'color' value on 'Object Repository/1. Constant/xpath' successfully: 'rgba(255, 255, 255, 1)'.

2022-06-23 19:00:23 - [MESSAGE][PASSED] - Get CSS 'color' value on 'Object Repository/1. Constant/xpath' successfully: 'rgba(255, 255, 255, 1)'.

2022-06-23 19:00:23 - [TEST_STEP][PASSED] - I.print(color1): null

2022-06-23 19:00:23 - [TEST_STEP][PASSED] - while (color1 == "rgba(255, 255, 255, 1)"): Get CSS 'color' value on 'Object Repository/1. Constant/xpath' successfully: 'rgba(54, 153, 255, 1)'.

2022-06-23 19:00:23 - [TEST_STEP][PASSED] - click(findTestObject("1. Constant/xpath", ["xpath":"//*[@id="source_" + refID + ""]/td[8]/a"])): Object: 'Object Repository/1. Constant/xpath' is clicked on

2022-06-23 19:00:27 - [MESSAGE][PASSED] - Object: 'Object Repository/1. Constant/xpath' is clicked on

2022-06-23 19:00:27 - [TEST_STEP][PASSED] - I.UploadDoc_sendkey_Prod(findTestObject("1. Constant/xpath", ["xpath":"//*[@id="kt_body"]/input[2]"]), "D:\Upoad_File\Upload doc\testdata1.pdf", "testdata1"): Delayed 5 second(s)

2022-06-23 19:00:30 - [MESSAGE][PASSED] - Scroll to object 'Object Repository/1. Constant/xpath' successfully

2022-06-23 19:00:35 - [MESSAGE][PASSED] - Delayed 5 second(s)

2022-06-23 19:00:38 - [MESSAGE][PASSED] - File 'D:\Upoad_File\Upload doc\testdata1.pdf' sent to object: 'Object Repository/1. Constant/xpath'

2022-06-23 19:00:43 - [MESSAGE][PASSED] - Delayed 5 second(s)

2022-06-23 19:00:46 - [MESSAGE][PASSED] - Text 'testdata1' is present on page 

2022-06-23 19:00:51 - [MESSAGE][PASSED] - Delayed 5 second(s)

2022-06-23 19:00:56 - [MESSAGE][PASSED] - Delayed 5 second(s)

2022-06-23 19:00:56 - [TEST_STEP][PASSED] - takeScreenshot(): Taking screenshot successfully

2022-06-23 19:00:58 - [MESSAGE][PASSED] - Taking screenshot successfully
[[ATTACHMENT|D:\\Projet Test Auto\\Mediabox Test Automation\\Reports\\20220623_182213\\03. Parallel Testing (Testing)\\TS -PT PART 3\\02. Sephora - Full Lifecycle FS Process and Control Tag(Chrome) - headless\\20220623_182213\\1656003656893.png]]

2022-06-23 19:00:58 - [TEST_STEP][PASSED] - delay(10): Delayed 10 second(s)

2022-06-23 19:01:08 - [MESSAGE][PASSED] - Delayed 10 second(s)

2022-06-23 19:01:08 - [TEST_STEP][PASSED] - click(findTestObject("HL Full Lifecycle/12 ReferncePage_Button_Updatensenddoc")): Object: 'Object Repository/HL Full Lifecycle/12 ReferncePage_Button_Updatensenddoc' is clicked on

2022-06-23 19:01:19 - [MESSAGE][PASSED] - Object: 'Object Repository/HL Full Lifecycle/12 ReferncePage_Button_Updatensenddoc' is clicked on

2022-06-23 19:01:19 - [TEST_STEP][PASSED] - delay(5): Delayed 5 second(s)

2022-06-23 19:01:24 - [MESSAGE][PASSED] - Delayed 5 second(s)

2022-06-23 19:01:24 - [TEST_STEP][PASSED] - color1 = getCSSValue(findTestObject("1. Constant/xpath", ["xpath":"//*[@id="source_" + refID + ""]/td[8]/a"]), "color", OPTIONAL): Get CSS 'color' value on 'Object Repository/1. Constant/xpath' successfully: 'rgba(54, 153, 255, 1)'.

2022-06-23 19:01:27 - [MESSAGE][PASSED] - Get CSS 'color' value on 'Object Repository/1. Constant/xpath' successfully: 'rgba(54, 153, 255, 1)'.

2022-06-23 19:01:27 - [TEST_STEP][PASSED] - delay(2): Delayed 2 second(s)

2022-06-23 19:01:29 - [MESSAGE][PASSED] - Delayed 2 second(s)

2022-06-23 19:01:29 - [TEST_STEP][PASSED] - takeScreenshot(): Taking screenshot successfully

2022-06-23 19:01:31 - [MESSAGE][PASSED] - Taking screenshot successfully
[[ATTACHMENT|D:\\Projet Test Auto\\Mediabox Test Automation\\Reports\\20220623_182213\\03. Parallel Testing (Testing)\\TS -PT PART 3\\02. Sephora - Full Lifecycle FS Process and Control Tag(Chrome) - headless\\20220623_182213\\1656003690990.png]]

2022-06-23 19:01:31 - [TEST_STEP][PASSED] - I.Logout(): Delayed 3 second(s)

2022-06-23 19:01:34 - [MESSAGE][PASSED] - Delayed 3 second(s)

2022-06-23 19:01:36 - [MESSAGE][PASSED] - Object: 'Object Repository/1. Constant/xpath' is clicked on

2022-06-23 19:01:39 - [MESSAGE][PASSED] - Delayed 3 second(s)

2022-06-23 19:02:50 - [MESSAGE][PASSED] - Object: 'Object Repository/1. Constant/xpath' is clicked on

2022-06-23 19:02:53 - [MESSAGE][PASSED] - Delayed 3 second(s)

2022-06-23 19:02:53 - [TEST_STEP][PASSED] - I.Login_password("marketing", password_marketing): Object: 'Object Repository/1. Constant/xpath' is clicked on

2022-06-23 19:02:57 - [MESSAGE][PASSED] - Text 'marketing' is set on object 'Object Repository/1. Constant/xpath'

2022-06-23 19:02:58 - [MESSAGE][PASSED] - Delayed 1 second(s)

2022-06-23 19:03:03 - [MESSAGE][PASSED] - Text 'dchi3' is set on object 'Object Repository/1. Constant/xpath'

2022-06-23 19:03:04 - [MESSAGE][PASSED] - Delayed 1 second(s)

2022-06-23 19:03:10 - [MESSAGE][PASSED] - Object: 'Object Repository/1. Constant/xpath' is clicked on

2022-06-23 19:03:10 - [TEST_STEP][PASSED] - click(findTestObject("1. Constant/02_LHSMenu_Projects")): Object: 'Object Repository/1. Constant/02_LHSMenu_Projects' is clicked on

2022-06-23 19:03:15 - [MESSAGE][PASSED] - Object: 'Object Repository/1. Constant/02_LHSMenu_Projects' is clicked on

2022-06-23 19:03:15 - [TEST_STEP][PASSED] - I.SearchProjectNo(Project_No, findTestObject("HL Full Lifecycle/9 Filter_Button_Apply")): Delayed 5 second(s)

2022-06-23 19:03:18 - [MESSAGE][PASSED] - Text 'MI001954' is set on object 'Object Repository/1. Constant/xpath'

2022-06-23 19:03:21 - [MESSAGE][PASSED] - Delayed 3 second(s)

2022-06-23 19:03:25 - [MESSAGE][PASSED] - Object: 'Object Repository/HL Full Lifecycle/9 Filter_Button_Apply' is clicked on

2022-06-23 19:03:30 - [MESSAGE][PASSED] - Delayed 5 second(s)

2022-06-23 19:03:30 - [TEST_STEP][PASSED] - delay(2): Delayed 2 second(s)

2022-06-23 19:03:32 - [MESSAGE][PASSED] - Delayed 2 second(s)

2022-06-23 19:03:32 - [TEST_STEP][PASSED] - I.AWF_approve_byaction(findTestObject("1. Constant/xpath", ["xpath":"//*[@id="source_" + refID + ""]/td[7]/a"])): Object: 'Object Repository/HL Full Lifecycle/Function_Appbutton2' is clicked on

2022-06-23 19:03:38 - [MESSAGE][PASSED] - Delayed 5 second(s)

2022-06-23 19:03:52 - [MESSAGE][PASSED] - Object: 'Object Repository/1. Constant/xpath' is clicked on

2022-06-23 19:03:53 - [MESSAGE][PASSED] - Object: 'Object Repository/HL Full Lifecycle/Function_access Viewer2' is hovered

2022-06-23 19:03:56 - [MESSAGE][PASSED] - Delayed 3 second(s)

2022-06-23 19:03:59 - [MESSAGE][PASSED] - Object: 'Object Repository/HL Full Lifecycle/Function_access Viewer2' is clicked on

2022-06-23 19:04:04 - [MESSAGE][PASSED] - Delayed 5 second(s)

2022-06-23 19:04:07 - [MESSAGE][PASSED] - Object: 'Object Repository/HL Full Lifecycle/Function_AppButton' is clicked on

2022-06-23 19:04:12 - [MESSAGE][PASSED] - Delayed 5 second(s)

2022-06-23 19:04:19 - [MESSAGE][PASSED] - Object: 'Object Repository/HL Full Lifecycle/Function_Appbutton2' is clicked on

2022-06-23 19:04:19 - [TEST_STEP][PASSED] - takeScreenshot(): Taking screenshot successfully

2022-06-23 19:04:20 - [MESSAGE][PASSED] - Taking screenshot successfully
[[ATTACHMENT|D:\\Projet Test Auto\\Mediabox Test Automation\\Reports\\20220623_182213\\03. Parallel Testing (Testing)\\TS -PT PART 3\\02. Sephora - Full Lifecycle FS Process and Control Tag(Chrome) - headless\\20220623_182213\\1656003860220.png]]

2022-06-23 19:04:20 - [TEST_STEP][PASSED] - I.Logout(): Delayed 3 second(s)

2022-06-23 19:04:23 - [MESSAGE][PASSED] - Delayed 3 second(s)

2022-06-23 19:04:25 - [MESSAGE][PASSED] - Object: 'Object Repository/1. Constant/xpath' is clicked on

2022-06-23 19:04:28 - [MESSAGE][PASSED] - Delayed 3 second(s)

2022-06-23 19:05:27 - [MESSAGE][PASSED] - Object: 'Object Repository/1. Constant/xpath' is clicked on

2022-06-23 19:05:30 - [MESSAGE][PASSED] - Delayed 3 second(s)

2022-06-23 19:05:30 - [TEST_STEP][PASSED] - I.Login_password("regulatory", password_regulatory): Object: 'Object Repository/1. Constant/xpath' is clicked on

2022-06-23 19:05:31 - [MESSAGE][PASSED] - Text 'regulatory' is set on object 'Object Repository/1. Constant/xpath'

2022-06-23 19:05:32 - [MESSAGE][PASSED] - Delayed 1 second(s)

2022-06-23 19:05:36 - [MESSAGE][PASSED] - Text 'dchi3' is set on object 'Object Repository/1. Constant/xpath'

2022-06-23 19:05:37 - [MESSAGE][PASSED] - Delayed 1 second(s)

2022-06-23 19:05:44 - [MESSAGE][PASSED] - Object: 'Object Repository/1. Constant/xpath' is clicked on

2022-06-23 19:05:44 - [TEST_STEP][PASSED] - takeScreenshot(): Taking screenshot successfully

2022-06-23 19:05:46 - [MESSAGE][PASSED] - Taking screenshot successfully
[[ATTACHMENT|D:\\Projet Test Auto\\Mediabox Test Automation\\Reports\\20220623_182213\\03. Parallel Testing (Testing)\\TS -PT PART 3\\02. Sephora - Full Lifecycle FS Process and Control Tag(Chrome) - headless\\20220623_182213\\1656003945815.png]]

2022-06-23 19:05:46 - [TEST_STEP][PASSED] - click(findTestObject("1. Constant/02_LHSMenu_Projects")): Object: 'Object Repository/1. Constant/02_LHSMenu_Projects' is clicked on

2022-06-23 19:05:50 - [MESSAGE][PASSED] - Object: 'Object Repository/1. Constant/02_LHSMenu_Projects' is clicked on

2022-06-23 19:05:50 - [TEST_STEP][PASSED] - I.SearchProjectNo(Project_No, findTestObject("HL Full Lifecycle/9 Filter_Button_Apply")): Delayed 5 second(s)

2022-06-23 19:05:53 - [MESSAGE][PASSED] - Text 'MI001954' is set on object 'Object Repository/1. Constant/xpath'

2022-06-23 19:05:56 - [MESSAGE][PASSED] - Delayed 3 second(s)

2022-06-23 19:06:00 - [MESSAGE][PASSED] - Object: 'Object Repository/HL Full Lifecycle/9 Filter_Button_Apply' is clicked on

2022-06-23 19:06:05 - [MESSAGE][PASSED] - Delayed 5 second(s)

2022-06-23 19:06:05 - [TEST_STEP][PASSED] - waitForPageLoad(10): Wait for page load successfully

2022-06-23 19:06:06 - [MESSAGE][PASSED] - Wait for page load successfully

2022-06-23 19:06:06 - [TEST_STEP][PASSED] - I.AWF_approve_byaction(findTestObject("1. Constant/xpath", ["xpath":"//*[@id="source_" + refID + ""]/td[7]/a"])): Object: 'Object Repository/HL Full Lifecycle/Function_Appbutton2' is clicked on

2022-06-23 19:06:11 - [MESSAGE][PASSED] - Delayed 5 second(s)

2022-06-23 19:06:20 - [MESSAGE][PASSED] - Object: 'Object Repository/1. Constant/xpath' is clicked on

2022-06-23 19:06:22 - [MESSAGE][PASSED] - Object: 'Object Repository/HL Full Lifecycle/Function_access Viewer2' is hovered

2022-06-23 19:06:25 - [MESSAGE][PASSED] - Delayed 3 second(s)

2022-06-23 19:06:26 - [MESSAGE][PASSED] - Object: 'Object Repository/HL Full Lifecycle/Function_access Viewer2' is clicked on

2022-06-23 19:06:31 - [MESSAGE][PASSED] - Delayed 5 second(s)

2022-06-23 19:06:33 - [MESSAGE][PASSED] - Object: 'Object Repository/HL Full Lifecycle/Function_AppButton' is clicked on

2022-06-23 19:06:38 - [MESSAGE][PASSED] - Delayed 5 second(s)

2022-06-23 19:06:44 - [MESSAGE][PASSED] - Object: 'Object Repository/HL Full Lifecycle/Function_Appbutton2' is clicked on

2022-06-23 19:06:44 - [TEST_STEP][PASSED] - takeScreenshot(): Taking screenshot successfully

2022-06-23 19:06:45 - [MESSAGE][PASSED] - Taking screenshot successfully
[[ATTACHMENT|D:\\Projet Test Auto\\Mediabox Test Automation\\Reports\\20220623_182213\\03. Parallel Testing (Testing)\\TS -PT PART 3\\02. Sephora - Full Lifecycle FS Process and Control Tag(Chrome) - headless\\20220623_182213\\1656004004768.png]]

2022-06-23 19:06:45 - [TEST_STEP][PASSED] - I.Logout(): Delayed 3 second(s)

2022-06-23 19:06:48 - [MESSAGE][PASSED] - Delayed 3 second(s)

2022-06-23 19:06:49 - [MESSAGE][PASSED] - Object: 'Object Repository/1. Constant/xpath' is clicked on

2022-06-23 19:06:52 - [MESSAGE][PASSED] - Delayed 3 second(s)

2022-06-23 19:07:48 - [MESSAGE][PASSED] - Object: 'Object Repository/1. Constant/xpath' is clicked on

2022-06-23 19:07:51 - [MESSAGE][PASSED] - Delayed 3 second(s)

2022-06-23 19:07:51 - [TEST_STEP][PASSED] - I.Login_password("atran", password_atran): Object: 'Object Repository/1. Constant/xpath' is clicked on

2022-06-23 19:07:58 - [MESSAGE][PASSED] - Text 'atran' is set on object 'Object Repository/1. Constant/xpath'

2022-06-23 19:07:59 - [MESSAGE][PASSED] - Delayed 1 second(s)

2022-06-23 19:08:02 - [MESSAGE][PASSED] - Text 'dchi3' is set on object 'Object Repository/1. Constant/xpath'

2022-06-23 19:08:03 - [MESSAGE][PASSED] - Delayed 1 second(s)

2022-06-23 19:08:10 - [MESSAGE][PASSED] - Object: 'Object Repository/1. Constant/xpath' is clicked on

2022-06-23 19:08:10 - [TEST_STEP][PASSED] - click(findTestObject("1. Constant/02_LHSMenu_Projects")): Object: 'Object Repository/1. Constant/02_LHSMenu_Projects' is clicked on

2022-06-23 19:08:16 - [MESSAGE][PASSED] - Object: 'Object Repository/1. Constant/02_LHSMenu_Projects' is clicked on

2022-06-23 19:08:16 - [TEST_STEP][PASSED] - I.SearchProjectNo(Project_No, findTestObject("HL Full Lifecycle/9 Filter_Button_Apply")): Delayed 5 second(s)

2022-06-23 19:08:22 - [MESSAGE][PASSED] - Text 'MI001954' is set on object 'Object Repository/1. Constant/xpath'

2022-06-23 19:08:25 - [MESSAGE][PASSED] - Delayed 3 second(s)

2022-06-23 19:08:31 - [MESSAGE][PASSED] - Object: 'Object Repository/HL Full Lifecycle/9 Filter_Button_Apply' is clicked on

2022-06-23 19:08:36 - [MESSAGE][PASSED] - Delayed 5 second(s)

2022-06-23 19:08:36 - [TEST_STEP][PASSED] - waitForPageLoad(5): Wait for page load successfully

2022-06-23 19:08:37 - [MESSAGE][PASSED] - Wait for page load successfully

2022-06-23 19:08:37 - [TEST_STEP][PASSED] - I.AWF_approve_byaction(findTestObject("Object Repository/HL Full Lifecycle/Function AWFAction2", ["refID":"source_" + refID])): Object: 'Object Repository/HL Full Lifecycle/Function_Appbutton2' is clicked on

2022-06-23 19:08:42 - [MESSAGE][PASSED] - Delayed 5 second(s)

2022-06-23 19:08:54 - [MESSAGE][PASSED] - Object: 'Object Repository/HL Full Lifecycle/Function AWFAction2' is clicked on

2022-06-23 19:08:56 - [MESSAGE][PASSED] - Object: 'Object Repository/HL Full Lifecycle/Function_access Viewer2' is hovered

2022-06-23 19:08:59 - [MESSAGE][PASSED] - Delayed 3 second(s)

2022-06-23 19:09:02 - [MESSAGE][PASSED] - Object: 'Object Repository/HL Full Lifecycle/Function_access Viewer2' is clicked on

2022-06-23 19:09:07 - [MESSAGE][PASSED] - Delayed 5 second(s)

2022-06-23 19:09:09 - [MESSAGE][PASSED] - Object: 'Object Repository/HL Full Lifecycle/Function_AppButton' is clicked on

2022-06-23 19:09:14 - [MESSAGE][PASSED] - Delayed 5 second(s)

2022-06-23 19:09:20 - [MESSAGE][PASSED] - Object: 'Object Repository/HL Full Lifecycle/Function_Appbutton2' is clicked on

2022-06-23 19:09:20 - [TEST_STEP][PASSED] - delay(1): Delayed 1 second(s)

2022-06-23 19:09:21 - [MESSAGE][PASSED] - Delayed 1 second(s)

2022-06-23 19:09:21 - [TEST_STEP][PASSED] - click(findTestObject("HL Full Lifecycle/15 RefPage_Button_Submit_AurelieTran", ["refID":"source_" + refID])): Object: 'Object Repository/HL Full Lifecycle/15 RefPage_Button_Submit_AurelieTran' is clicked on

2022-06-23 19:09:23 - [MESSAGE][PASSED] - Object: 'Object Repository/HL Full Lifecycle/15 RefPage_Button_Submit_AurelieTran' is clicked on

2022-06-23 19:09:23 - [TEST_STEP][PASSED] - delay(1): Delayed 1 second(s)

2022-06-23 19:09:24 - [MESSAGE][PASSED] - Delayed 1 second(s)

2022-06-23 19:09:24 - [TEST_STEP][PASSED] - click(findTestObject("HL Full Lifecycle/15 RefPage_Question_sendtodiadeis", ["refID":"source_" + refID])): Object: 'Object Repository/HL Full Lifecycle/15 RefPage_Question_sendtodiadeis' is clicked on

2022-06-23 19:09:28 - [MESSAGE][PASSED] - Object: 'Object Repository/HL Full Lifecycle/15 RefPage_Question_sendtodiadeis' is clicked on

2022-06-23 19:09:28 - [TEST_STEP][PASSED] - scrollToElement(findTestObject("Object Repository/Control Tag/3.0 codeEANCT(atran)"), 1): Scroll to object 'Object Repository/Control Tag/3.0 codeEANCT(atran)' successfully

2022-06-23 19:09:29 - [MESSAGE][PASSED] - Scroll to object 'Object Repository/Control Tag/3.0 codeEANCT(atran)' successfully

2022-06-23 19:09:29 - [TEST_STEP][PASSED] - I.verifystar("Code EAN", findTestObject("Object Repository/Control Tag/3.0 codeEANCT(atran)"), log): Taking screenshot successfully

2022-06-23 19:09:31 - [MESSAGE][PASSED] - Object 'Object Repository/Control Tag/3.0 codeEANCT(atran)' is visible

2022-06-23 19:09:32 - [MESSAGE][PASSED] - Taking screenshot successfully
[[ATTACHMENT|D:\\Projet Test Auto\\Mediabox Test Automation\\Reports\\20220623_182213\\03. Parallel Testing (Testing)\\TS -PT PART 3\\02. Sephora - Full Lifecycle FS Process and Control Tag(Chrome) - headless\\20220623_182213\\1656004172202.png]]

2022-06-23 19:09:32 - [TEST_STEP][PASSED] - executeJavaScript("window.scrollTo(0, document.body.scrollHeight)", []): Execute JavaScript 'window.scrollTo(0, document.body.scrollHeight)' successfully

2022-06-23 19:09:33 - [MESSAGE][PASSED] - Execute JavaScript 'window.scrollTo(0, document.body.scrollHeight)' successfully

2022-06-23 19:09:33 - [TEST_STEP][PASSED] - I.verifystar("Brief photogravure", findTestObject("Object Repository/Control Tag/3.1 BP_CT"), log): Taking screenshot successfully

2022-06-23 19:09:34 - [MESSAGE][PASSED] - Object 'Object Repository/Control Tag/3.1 BP_CT' is visible

2022-06-23 19:09:36 - [MESSAGE][PASSED] - Taking screenshot successfully
[[ATTACHMENT|D:\\Projet Test Auto\\Mediabox Test Automation\\Reports\\20220623_182213\\03. Parallel Testing (Testing)\\TS -PT PART 3\\02. Sephora - Full Lifecycle FS Process and Control Tag(Chrome) - headless\\20220623_182213\\1656004175311.png]]

2022-06-23 19:09:36 - [TEST_STEP][PASSED] - I.verifystar("Number of colors Repro", findTestObject("Object Repository/Control Tag/3.1 NoColorCT"), log): Taking screenshot successfully

2022-06-23 19:09:38 - [MESSAGE][PASSED] - Object 'Object Repository/Control Tag/3.1 NoColorCT' is visible

2022-06-23 19:09:40 - [MESSAGE][PASSED] - Taking screenshot successfully
[[ATTACHMENT|D:\\Projet Test Auto\\Mediabox Test Automation\\Reports\\20220623_182213\\03. Parallel Testing (Testing)\\TS -PT PART 3\\02. Sephora - Full Lifecycle FS Process and Control Tag(Chrome) - headless\\20220623_182213\\1656004179750.png]]

2022-06-23 19:09:40 - [TEST_STEP][PASSED] - I.verifystar("MAD supplier", findTestObject("Object Repository/Control Tag/3.1 MADCT"), log): Taking screenshot successfully

2022-06-23 19:09:42 - [MESSAGE][PASSED] - Object 'Object Repository/Control Tag/3.1 MADCT' is visible

2022-06-23 19:09:44 - [MESSAGE][PASSED] - Taking screenshot successfully
[[ATTACHMENT|D:\\Projet Test Auto\\Mediabox Test Automation\\Reports\\20220623_182213\\03. Parallel Testing (Testing)\\TS -PT PART 3\\02. Sephora - Full Lifecycle FS Process and Control Tag(Chrome) - headless\\20220623_182213\\1656004183553.png]]

2022-06-23 19:09:44 - [TEST_STEP][PASSED] - I.verifystar("Print type", findTestObject("Object Repository/Control Tag/3.1 PrinterTypeCT"), log): Taking screenshot successfully

2022-06-23 19:09:45 - [MESSAGE][PASSED] - Object 'Object Repository/Control Tag/3.1 PrinterTypeCT' is visible

2022-06-23 19:09:47 - [MESSAGE][PASSED] - Taking screenshot successfully
[[ATTACHMENT|D:\\Projet Test Auto\\Mediabox Test Automation\\Reports\\20220623_182213\\03. Parallel Testing (Testing)\\TS -PT PART 3\\02. Sephora - Full Lifecycle FS Process and Control Tag(Chrome) - headless\\20220623_182213\\1656004186668.png]]

2022-06-23 19:09:47 - [TEST_STEP][PASSED] - scrollToElement(findTestObject("HL Full Lifecycle/15 RefPage_Button_Submittodiadies"), 5): Scroll to object 'Object Repository/HL Full Lifecycle/15 RefPage_Button_Submittodiadies' successfully

2022-06-23 19:09:48 - [MESSAGE][PASSED] - Scroll to object 'Object Repository/HL Full Lifecycle/15 RefPage_Button_Submittodiadies' successfully

2022-06-23 19:09:48 - [TEST_STEP][PASSED] - click(findTestObject("HL Full Lifecycle/15 RefPage_Button_Submittodiadies")): Object: 'Object Repository/HL Full Lifecycle/15 RefPage_Button_Submittodiadies' is clicked on

2022-06-23 19:09:50 - [MESSAGE][PASSED] - Object: 'Object Repository/HL Full Lifecycle/15 RefPage_Button_Submittodiadies' is clicked on

2022-06-23 19:09:50 - [TEST_STEP][PASSED] - takeScreenshot(): Taking screenshot successfully

2022-06-23 19:09:51 - [MESSAGE][PASSED] - Taking screenshot successfully
[[ATTACHMENT|D:\\Projet Test Auto\\Mediabox Test Automation\\Reports\\20220623_182213\\03. Parallel Testing (Testing)\\TS -PT PART 3\\02. Sephora - Full Lifecycle FS Process and Control Tag(Chrome) - headless\\20220623_182213\\1656004191148.png]]

2022-06-23 19:09:51 - [TEST_STEP][PASSED] - click(findTestObject("Object Repository/Control Tag/3.1 cancel(atran)")): Object: 'Object Repository/Control Tag/3.1 cancel(atran)' is clicked on

2022-06-23 19:09:56 - [MESSAGE][PASSED] - Object: 'Object Repository/Control Tag/3.1 cancel(atran)' is clicked on

2022-06-23 19:09:56 - [TEST_STEP][PASSED] - click(findTestObject("HL Full Lifecycle/15 RefPage_Button_Submit_AurelieTran", ["refID":"source_" + refID])): Object: 'Object Repository/HL Full Lifecycle/15 RefPage_Button_Submit_AurelieTran' is clicked on

2022-06-23 19:09:58 - [MESSAGE][PASSED] - Object: 'Object Repository/HL Full Lifecycle/15 RefPage_Button_Submit_AurelieTran' is clicked on

2022-06-23 19:09:58 - [TEST_STEP][PASSED] - delay(1): Delayed 1 second(s)

2022-06-23 19:09:59 - [MESSAGE][PASSED] - Delayed 1 second(s)

2022-06-23 19:09:59 - [TEST_STEP][PASSED] - click(findTestObject("HL Full Lifecycle/15 RefPage_Question_sendtodiadeis", ["refID":"source_" + refID])): Object: 'Object Repository/HL Full Lifecycle/15 RefPage_Question_sendtodiadeis' is clicked on

2022-06-23 19:10:03 - [MESSAGE][PASSED] - Object: 'Object Repository/HL Full Lifecycle/15 RefPage_Question_sendtodiadeis' is clicked on

2022-06-23 19:10:03 - [TEST_STEP][PASSED] - delay(1): Delayed 1 second(s)

2022-06-23 19:10:04 - [MESSAGE][PASSED] - Delayed 1 second(s)

2022-06-23 19:10:04 - [TEST_STEP][PASSED] - takeScreenshot(): Taking screenshot successfully

2022-06-23 19:10:07 - [MESSAGE][PASSED] - Taking screenshot successfully
[[ATTACHMENT|D:\\Projet Test Auto\\Mediabox Test Automation\\Reports\\20220623_182213\\03. Parallel Testing (Testing)\\TS -PT PART 3\\02. Sephora - Full Lifecycle FS Process and Control Tag(Chrome) - headless\\20220623_182213\\1656004206167.png]]

2022-06-23 19:10:07 - [TEST_STEP][PASSED] - setText(findTestObject("HL Full Lifecycle/15 RefPage_Field_CODEEAN"), "Code EAn Test"): Text 'Code EAn Test' is set on object 'Object Repository/HL Full Lifecycle/15 RefPage_Field_CODEEAN'

2022-06-23 19:10:11 - [MESSAGE][PASSED] - Text 'Code EAn Test' is set on object 'Object Repository/HL Full Lifecycle/15 RefPage_Field_CODEEAN'

2022-06-23 19:10:11 - [TEST_STEP][PASSED] - setText(findTestObject("HL Full Lifecycle/15 RefPg_Field_Brief_photogravuremandatory"), "Brief photogravuremandatory"): Text 'Brief photogravuremandatory' is set on object 'Object Repository/HL Full Lifecycle/15 RefPg_Field_Brief_photogravuremandatory'

2022-06-23 19:10:15 - [MESSAGE][PASSED] - Text 'Brief photogravuremandatory' is set on object 'Object Repository/HL Full Lifecycle/15 RefPg_Field_Brief_photogravuremandatory'

2022-06-23 19:10:15 - [TEST_STEP][PASSED] - setText(findTestObject("HL Full Lifecycle/15 RefPg_Field_Brief_Field_NoRepro"), "Number of colors Repromandatory"): Text 'Number of colors Repromandatory' is set on object 'Object Repository/HL Full Lifecycle/15 RefPg_Field_Brief_Field_NoRepro'

2022-06-23 19:10:22 - [MESSAGE][PASSED] - Text 'Number of colors Repromandatory' is set on object 'Object Repository/HL Full Lifecycle/15 RefPg_Field_Brief_Field_NoRepro'

2022-06-23 19:10:22 - [TEST_STEP][PASSED] - selectOptionByValue(findTestObject("HL Full Lifecycle/15 RefPg_Field_Brief_Field_PrinterType"), "109", false): All options with value '109' are selected in object 'Object Repository/HL Full Lifecycle/15 RefPg_Field_Brief_Field_PrinterType' 

2022-06-23 19:10:27 - [MESSAGE][PASSED] - All options with value '109' are selected in object 'Object Repository/HL Full Lifecycle/15 RefPg_Field_Brief_Field_PrinterType' 

2022-06-23 19:10:27 - [TEST_STEP][PASSED] - click(findTestObject("HL Full Lifecycle/15 RefPg_Field_Brief_Field_ML_add")): Object: 'Object Repository/HL Full Lifecycle/15 RefPg_Field_Brief_Field_ML_add' is clicked on

2022-06-23 19:10:31 - [MESSAGE][PASSED] - Object: 'Object Repository/HL Full Lifecycle/15 RefPg_Field_Brief_Field_ML_add' is clicked on

2022-06-23 19:10:31 - [TEST_STEP][PASSED] - click(findTestObject("HL Full Lifecycle/15 RefPg_Field_Brief_Field_MAD_suppliermandatory")): Object: 'Object Repository/HL Full Lifecycle/15 RefPg_Field_Brief_Field_MAD_suppliermandatory' is clicked on

2022-06-23 19:10:32 - [MESSAGE][PASSED] - Object: 'Object Repository/HL Full Lifecycle/15 RefPg_Field_Brief_Field_MAD_suppliermandatory' is clicked on

2022-06-23 19:10:32 - [TEST_STEP][PASSED] - click(findTestObject("HL Full Lifecycle/15 RefPg_Field_Brief_Field_MAD_yr")): Object: 'Object Repository/HL Full Lifecycle/15 RefPg_Field_Brief_Field_MAD_yr' is clicked on

2022-06-23 19:10:34 - [MESSAGE][PASSED] - Object: 'Object Repository/HL Full Lifecycle/15 RefPg_Field_Brief_Field_MAD_yr' is clicked on

2022-06-23 19:10:34 - [TEST_STEP][PASSED] - click(findTestObject("HL Full Lifecycle/15 RefPg_Field_Brief_Field_MAD_suppliermandatory")): Object: 'Object Repository/HL Full Lifecycle/15 RefPg_Field_Brief_Field_MAD_suppliermandatory' is clicked on

2022-06-23 19:10:36 - [MESSAGE][PASSED] - Object: 'Object Repository/HL Full Lifecycle/15 RefPg_Field_Brief_Field_MAD_suppliermandatory' is clicked on

2022-06-23 19:10:36 - [TEST_STEP][PASSED] - scrollToElement(findTestObject("HL Full Lifecycle/15 RefPage_Button_Submittodiadies"), 5): Scroll to object 'Object Repository/HL Full Lifecycle/15 RefPage_Button_Submittodiadies' successfully

2022-06-23 19:10:37 - [MESSAGE][PASSED] - Scroll to object 'Object Repository/HL Full Lifecycle/15 RefPage_Button_Submittodiadies' successfully

2022-06-23 19:10:37 - [TEST_STEP][PASSED] - takeScreenshot(): Taking screenshot successfully

2022-06-23 19:10:39 - [MESSAGE][PASSED] - Taking screenshot successfully
[[ATTACHMENT|D:\\Projet Test Auto\\Mediabox Test Automation\\Reports\\20220623_182213\\03. Parallel Testing (Testing)\\TS -PT PART 3\\02. Sephora - Full Lifecycle FS Process and Control Tag(Chrome) - headless\\20220623_182213\\1656004238565.png]]

2022-06-23 19:10:39 - [TEST_STEP][PASSED] - I.click_button_javascript(findTestObject("HL Full Lifecycle/15 RefPage_Button_Submittodiadies")): Execute JavaScript 'arguments[0].click()' successfully

2022-06-23 19:10:45 - [MESSAGE][PASSED] - Execute JavaScript 'arguments[0].click()' successfully

2022-06-23 19:10:45 - [TEST_STEP][PASSED] - delay(2): Delayed 2 second(s)

2022-06-23 19:10:47 - [MESSAGE][PASSED] - Delayed 2 second(s)

2022-06-23 19:10:47 - [TEST_STEP][PASSED] - I.Logout(): Delayed 3 second(s)

2022-06-23 19:10:50 - [MESSAGE][PASSED] - Delayed 3 second(s)

2022-06-23 19:10:53 - [MESSAGE][PASSED] - Object: 'Object Repository/1. Constant/xpath' is clicked on

2022-06-23 19:10:56 - [MESSAGE][PASSED] - Delayed 3 second(s)

2022-06-23 19:11:53 - [MESSAGE][PASSED] - Object: 'Object Repository/1. Constant/xpath' is clicked on

2022-06-23 19:11:56 - [MESSAGE][PASSED] - Delayed 3 second(s)

2022-06-23 19:11:56 - [TEST_STEP][PASSED] - I.Login_password("studio", password_studio): Object: 'Object Repository/1. Constant/xpath' is clicked on

2022-06-23 19:11:58 - [MESSAGE][PASSED] - Text 'studio' is set on object 'Object Repository/1. Constant/xpath'

2022-06-23 19:11:59 - [MESSAGE][PASSED] - Delayed 1 second(s)

2022-06-23 19:12:01 - [MESSAGE][PASSED] - Text 'dchi4' is set on object 'Object Repository/1. Constant/xpath'

2022-06-23 19:12:02 - [MESSAGE][PASSED] - Delayed 1 second(s)

2022-06-23 19:12:06 - [MESSAGE][PASSED] - Object: 'Object Repository/1. Constant/xpath' is clicked on

2022-06-23 19:12:06 - [TEST_STEP][PASSED] - click(findTestObject("1. Constant/02_LHSMenu_Projects")): Object: 'Object Repository/1. Constant/02_LHSMenu_Projects' is clicked on

2022-06-23 19:12:11 - [MESSAGE][PASSED] - Object: 'Object Repository/1. Constant/02_LHSMenu_Projects' is clicked on

2022-06-23 19:12:11 - [TEST_STEP][PASSED] - I.SearchProjectNo(Project_No, findTestObject("HL Full Lifecycle/9 Filter_Button_Apply")): Delayed 5 second(s)

2022-06-23 19:12:19 - [MESSAGE][PASSED] - Text 'MI001954' is set on object 'Object Repository/1. Constant/xpath'

2022-06-23 19:12:22 - [MESSAGE][PASSED] - Delayed 3 second(s)

2022-06-23 19:12:29 - [MESSAGE][PASSED] - Object: 'Object Repository/HL Full Lifecycle/9 Filter_Button_Apply' is clicked on

2022-06-23 19:12:34 - [MESSAGE][PASSED] - Delayed 5 second(s)

2022-06-23 19:12:34 - [TEST_STEP][PASSED] - waitForElementClickable(findTestObject("Object Repository/HL Full Lifecycle/16.11 Ref_Submit Studio(studio)", ["refID":"source_" + refID]), 10): Object 'Object Repository/HL Full Lifecycle/16.11 Ref_Submit Studio(studio)' is clickable

2022-06-23 19:12:37 - [MESSAGE][PASSED] - Object 'Object Repository/HL Full Lifecycle/16.11 Ref_Submit Studio(studio)' is clickable

2022-06-23 19:12:37 - [TEST_STEP][PASSED] - click(findTestObject("Object Repository/HL Full Lifecycle/16.11 Ref_Submit Studio(studio)", ["refID":"source_" + refID])): Object: 'Object Repository/HL Full Lifecycle/16.11 Ref_Submit Studio(studio)' is clicked on

2022-06-23 19:12:41 - [MESSAGE][PASSED] - Object: 'Object Repository/HL Full Lifecycle/16.11 Ref_Submit Studio(studio)' is clicked on

2022-06-23 19:12:41 - [TEST_STEP][PASSED] - delay(1): Delayed 1 second(s)

2022-06-23 19:12:42 - [MESSAGE][PASSED] - Delayed 1 second(s)

2022-06-23 19:12:42 - [TEST_STEP][PASSED] - I.verifystar("Exe files archive", findTestObject("Object Repository/Control Tag/1.2.1 asterix exe"), log): Taking screenshot successfully

2022-06-23 19:12:43 - [MESSAGE][PASSED] - Object 'Object Repository/Control Tag/1.2.1 asterix exe' is visible

2022-06-23 19:12:46 - [MESSAGE][PASSED] - Taking screenshot successfully
[[ATTACHMENT|D:\\Projet Test Auto\\Mediabox Test Automation\\Reports\\20220623_182213\\03. Parallel Testing (Testing)\\TS -PT PART 3\\02. Sephora - Full Lifecycle FS Process and Control Tag(Chrome) - headless\\20220623_182213\\1656004365284.png]]

2022-06-23 19:12:46 - [TEST_STEP][PASSED] - click(findTestObject("HL Full Lifecycle/16 RefPg_Button_SubmitCyril")): Object: 'Object Repository/HL Full Lifecycle/16 RefPg_Button_SubmitCyril' is clicked on

2022-06-23 19:12:52 - [MESSAGE][PASSED] - Object: 'Object Repository/HL Full Lifecycle/16 RefPg_Button_SubmitCyril' is clicked on

2022-06-23 19:12:52 - [TEST_STEP][PASSED] - takeScreenshot(): Taking screenshot successfully

2022-06-23 19:12:53 - [MESSAGE][PASSED] - Taking screenshot successfully
[[ATTACHMENT|D:\\Projet Test Auto\\Mediabox Test Automation\\Reports\\20220623_182213\\03. Parallel Testing (Testing)\\TS -PT PART 3\\02. Sephora - Full Lifecycle FS Process and Control Tag(Chrome) - headless\\20220623_182213\\1656004373135.png]]

2022-06-23 19:12:53 - [TEST_STEP][PASSED] - I.verifyErrormsg_EXACT("Exe files archive", findTestObject("Object Repository/Control Tag/3.3 Errormsg(studio)"), "Exe files archive is missing", log): Text of object 'Object Repository/Control Tag/3.3 Errormsg(studio)' is: 'Exe files archive is missing'

2022-06-23 19:12:54 - [MESSAGE][PASSED] - Text of object 'Object Repository/Control Tag/3.3 Errormsg(studio)' is: 'Exe files archive is missing'

2022-06-23 19:12:54 - [TEST_STEP][PASSED] - click(findTestObject("Control Tag/2.2 ButtonModifyProject")): Object: 'Object Repository/Control Tag/2.2 ButtonModifyProject' is clicked on

2022-06-23 19:12:57 - [MESSAGE][PASSED] - Object: 'Object Repository/Control Tag/2.2 ButtonModifyProject' is clicked on

2022-06-23 19:12:57 - [TEST_STEP][PASSED] - delay(1): Delayed 1 second(s)

2022-06-23 19:12:58 - [MESSAGE][PASSED] - Delayed 1 second(s)

2022-06-23 19:12:58 - [TEST_STEP][PASSED] - I.UploadDoc_sendkey_field("//*[@id="var_123"]", "D:\Upoad_File\Upload doc\testdata1.jpg", "testdata1"): Text 'testdata1' is present on page 

2022-06-23 19:13:00 - [MESSAGE][PASSED] - Delayed 2 second(s)

2022-06-23 19:13:03 - [MESSAGE][PASSED] - Keys 'D:\Upoad_File\Upload doc\testdata1.jpg' sent to object: 'Object Repository/1. Constant/xpath'

2022-06-23 19:13:04 - [MESSAGE][PASSED] - Text 'testdata1' is present on page 

2022-06-23 19:13:04 - [TEST_STEP][PASSED] - delay(1): Delayed 1 second(s)

2022-06-23 19:13:05 - [MESSAGE][PASSED] - Delayed 1 second(s)

2022-06-23 19:13:05 - [TEST_STEP][PASSED] - takeScreenshot(): Taking screenshot successfully

2022-06-23 19:13:07 - [MESSAGE][PASSED] - Taking screenshot successfully
[[ATTACHMENT|D:\\Projet Test Auto\\Mediabox Test Automation\\Reports\\20220623_182213\\03. Parallel Testing (Testing)\\TS -PT PART 3\\02. Sephora - Full Lifecycle FS Process and Control Tag(Chrome) - headless\\20220623_182213\\1656004386703.png]]

2022-06-23 19:13:07 - [TEST_STEP][PASSED] - click(findTestObject("Object Repository/HL Full Lifecycle/16.2 savebutton(studio)")): Object: 'Object Repository/HL Full Lifecycle/16.2 savebutton(studio)' is clicked on

2022-06-23 19:13:12 - [MESSAGE][PASSED] - Object: 'Object Repository/HL Full Lifecycle/16.2 savebutton(studio)' is clicked on

2022-06-23 19:13:12 - [TEST_STEP][PASSED] - click(findTestObject("Object Repository/HL Full Lifecycle/16.11 Ref_Submit Studio(studio)", ["refID":"source_" + refID])): Object: 'Object Repository/HL Full Lifecycle/16.11 Ref_Submit Studio(studio)' is clicked on

2022-06-23 19:13:18 - [MESSAGE][PASSED] - Object: 'Object Repository/HL Full Lifecycle/16.11 Ref_Submit Studio(studio)' is clicked on

2022-06-23 19:13:18 - [TEST_STEP][PASSED] - click(findTestObject("Object Repository/HL Full Lifecycle/16.3 submit(studio)")): Object: 'Object Repository/HL Full Lifecycle/16.3 submit(studio)' is clicked on

2022-06-23 19:13:25 - [MESSAGE][PASSED] - Object: 'Object Repository/HL Full Lifecycle/16.3 submit(studio)' is clicked on

2022-06-23 19:13:25 - [TEST_STEP][PASSED] - I.Logout(): Delayed 3 second(s)

2022-06-23 19:13:28 - [MESSAGE][PASSED] - Delayed 3 second(s)

2022-06-23 19:13:30 - [MESSAGE][PASSED] - Object: 'Object Repository/1. Constant/xpath' is clicked on

2022-06-23 19:13:33 - [MESSAGE][PASSED] - Delayed 3 second(s)

2022-06-23 19:14:30 - [MESSAGE][PASSED] - Object: 'Object Repository/1. Constant/xpath' is clicked on

2022-06-23 19:14:33 - [MESSAGE][PASSED] - Delayed 3 second(s)

2022-06-23 19:14:33 - [TEST_STEP][PASSED] - I.Login_password("lraz", password_iraz): Object: 'Object Repository/1. Constant/xpath' is clicked on

2022-06-23 19:14:38 - [MESSAGE][PASSED] - Text 'lraz' is set on object 'Object Repository/1. Constant/xpath'

2022-06-23 19:14:39 - [MESSAGE][PASSED] - Delayed 1 second(s)

2022-06-23 19:14:43 - [MESSAGE][PASSED] - Text 'dchi3' is set on object 'Object Repository/1. Constant/xpath'

2022-06-23 19:14:44 - [MESSAGE][PASSED] - Delayed 1 second(s)

2022-06-23 19:14:51 - [MESSAGE][PASSED] - Object: 'Object Repository/1. Constant/xpath' is clicked on

2022-06-23 19:14:51 - [TEST_STEP][PASSED] - takeScreenshot(): Taking screenshot successfully

2022-06-23 19:14:52 - [MESSAGE][PASSED] - Taking screenshot successfully
[[ATTACHMENT|D:\\Projet Test Auto\\Mediabox Test Automation\\Reports\\20220623_182213\\03. Parallel Testing (Testing)\\TS -PT PART 3\\02. Sephora - Full Lifecycle FS Process and Control Tag(Chrome) - headless\\20220623_182213\\1656004492351.png]]

2022-06-23 19:14:52 - [TEST_STEP][PASSED] - click(findTestObject("1. Constant/02_LHSMenu_Projects")): Object: 'Object Repository/1. Constant/02_LHSMenu_Projects' is clicked on

2022-06-23 19:14:59 - [MESSAGE][PASSED] - Object: 'Object Repository/1. Constant/02_LHSMenu_Projects' is clicked on

2022-06-23 19:14:59 - [TEST_STEP][PASSED] - I.SearchProjectNo(Project_No, findTestObject("HL Full Lifecycle/9 Filter_Button_Apply")): Delayed 5 second(s)

2022-06-23 19:15:05 - [MESSAGE][PASSED] - Text 'MI001954' is set on object 'Object Repository/1. Constant/xpath'

2022-06-23 19:15:08 - [MESSAGE][PASSED] - Delayed 3 second(s)

2022-06-23 19:15:13 - [MESSAGE][PASSED] - Object: 'Object Repository/HL Full Lifecycle/9 Filter_Button_Apply' is clicked on

2022-06-23 19:15:18 - [MESSAGE][PASSED] - Delayed 5 second(s)

2022-06-23 19:15:18 - [TEST_STEP][PASSED] - delay(3): Delayed 3 second(s)

2022-06-23 19:15:21 - [MESSAGE][PASSED] - Delayed 3 second(s)

2022-06-23 19:15:21 - [TEST_STEP][PASSED] - color2 = getCSSValue(findTestObject("1. Constant/xpath", ["xpath":"//*[@id="source_" + refID + ""]/td[8]/a"]), "color", OPTIONAL): Get CSS 'color' value on 'Object Repository/1. Constant/xpath' successfully: 'rgba(255, 255, 255, 1)'.

2022-06-23 19:15:22 - [MESSAGE][PASSED] - Get CSS 'color' value on 'Object Repository/1. Constant/xpath' successfully: 'rgba(255, 255, 255, 1)'.

2022-06-23 19:15:22 - [TEST_STEP][PASSED] - I.print(color2): null

2022-06-23 19:15:22 - [TEST_STEP][PASSED] - while (color2 == "rgba(255, 255, 255, 1)"): Get CSS 'color' value on 'Object Repository/1. Constant/xpath' successfully: 'rgba(54, 153, 255, 1)'.

2022-06-23 19:15:22 - [TEST_STEP][PASSED] - click(findTestObject("1. Constant/xpath", ["xpath":"//*[@id="source_" + refID + ""]/td[8]/a"])): Object: 'Object Repository/1. Constant/xpath' is clicked on

2022-06-23 19:15:25 - [MESSAGE][PASSED] - Object: 'Object Repository/1. Constant/xpath' is clicked on

2022-06-23 19:15:25 - [TEST_STEP][PASSED] - I.UploadDoc_sendkey_Prod(findTestObject("1. Constant/xpath", ["xpath":"//*[@id="kt_body"]/input[2]"]), "D:\Upoad_File\Upload doc\testdata1.pdf", "testdata1"): Delayed 5 second(s)

2022-06-23 19:15:25 - [MESSAGE][PASSED] - Scroll to object 'Object Repository/1. Constant/xpath' successfully

2022-06-23 19:15:30 - [MESSAGE][PASSED] - Delayed 5 second(s)

2022-06-23 19:15:32 - [MESSAGE][PASSED] - File 'D:\Upoad_File\Upload doc\testdata1.pdf' sent to object: 'Object Repository/1. Constant/xpath'

2022-06-23 19:15:37 - [MESSAGE][PASSED] - Delayed 5 second(s)

2022-06-23 19:15:40 - [MESSAGE][PASSED] - Text 'testdata1' is present on page 

2022-06-23 19:15:45 - [MESSAGE][PASSED] - Delayed 5 second(s)

2022-06-23 19:15:50 - [MESSAGE][PASSED] - Delayed 5 second(s)

2022-06-23 19:15:50 - [TEST_STEP][PASSED] - takeScreenshot(): Taking screenshot successfully

2022-06-23 19:15:51 - [MESSAGE][PASSED] - Taking screenshot successfully
[[ATTACHMENT|D:\\Projet Test Auto\\Mediabox Test Automation\\Reports\\20220623_182213\\03. Parallel Testing (Testing)\\TS -PT PART 3\\02. Sephora - Full Lifecycle FS Process and Control Tag(Chrome) - headless\\20220623_182213\\1656004551165.png]]

2022-06-23 19:15:51 - [TEST_STEP][PASSED] - delay(10): Delayed 10 second(s)

2022-06-23 19:16:01 - [MESSAGE][PASSED] - Delayed 10 second(s)

2022-06-23 19:16:01 - [TEST_STEP][PASSED] - click(findTestObject("HL Full Lifecycle/9.1 REfPg_Button_Upload_IR_Part 1")): Object: 'Object Repository/HL Full Lifecycle/9.1 REfPg_Button_Upload_IR_Part 1' is clicked on

2022-06-23 19:16:08 - [MESSAGE][PASSED] - Object: 'Object Repository/HL Full Lifecycle/9.1 REfPg_Button_Upload_IR_Part 1' is clicked on

2022-06-23 19:16:08 - [TEST_STEP][PASSED] - delay(5): Delayed 5 second(s)

2022-06-23 19:16:13 - [MESSAGE][PASSED] - Delayed 5 second(s)

2022-06-23 19:16:13 - [TEST_STEP][PASSED] - color2 = getCSSValue(findTestObject("1. Constant/xpath", ["xpath":"//*[@id="source_" + refID + ""]/td[8]/a"]), "color", OPTIONAL): Get CSS 'color' value on 'Object Repository/1. Constant/xpath' successfully: 'rgba(54, 153, 255, 1)'.

2022-06-23 19:16:13 - [MESSAGE][PASSED] - Get CSS 'color' value on 'Object Repository/1. Constant/xpath' successfully: 'rgba(54, 153, 255, 1)'.

2022-06-23 19:16:13 - [TEST_STEP][PASSED] - delay(1): Delayed 1 second(s)

2022-06-23 19:16:14 - [MESSAGE][PASSED] - Delayed 1 second(s)

2022-06-23 19:16:14 - [TEST_STEP][PASSED] - I.Logout(): Delayed 3 second(s)

2022-06-23 19:16:18 - [MESSAGE][PASSED] - Delayed 3 second(s)

2022-06-23 19:16:19 - [MESSAGE][PASSED] - Object: 'Object Repository/1. Constant/xpath' is clicked on

2022-06-23 19:16:22 - [MESSAGE][PASSED] - Delayed 3 second(s)

2022-06-23 19:17:30 - [MESSAGE][PASSED] - Object: 'Object Repository/1. Constant/xpath' is clicked on

2022-06-23 19:17:33 - [MESSAGE][PASSED] - Delayed 3 second(s)

2022-06-23 19:17:33 - [TEST_STEP][PASSED] - I.Login_password("atran", password_atran): Object: 'Object Repository/1. Constant/xpath' is clicked on

2022-06-23 19:17:38 - [MESSAGE][PASSED] - Text 'atran' is set on object 'Object Repository/1. Constant/xpath'

2022-06-23 19:17:39 - [MESSAGE][PASSED] - Delayed 1 second(s)

2022-06-23 19:17:41 - [MESSAGE][PASSED] - Text 'dchi3' is set on object 'Object Repository/1. Constant/xpath'

2022-06-23 19:17:42 - [MESSAGE][PASSED] - Delayed 1 second(s)

2022-06-23 19:17:50 - [MESSAGE][PASSED] - Object: 'Object Repository/1. Constant/xpath' is clicked on

2022-06-23 19:17:50 - [TEST_STEP][PASSED] - takeScreenshot(): Taking screenshot successfully

2022-06-23 19:17:52 - [MESSAGE][PASSED] - Taking screenshot successfully
[[ATTACHMENT|D:\\Projet Test Auto\\Mediabox Test Automation\\Reports\\20220623_182213\\03. Parallel Testing (Testing)\\TS -PT PART 3\\02. Sephora - Full Lifecycle FS Process and Control Tag(Chrome) - headless\\20220623_182213\\1656004671700.png]]

2022-06-23 19:17:52 - [TEST_STEP][PASSED] - click(findTestObject("1. Constant/02_LHSMenu_Projects")): Object: 'Object Repository/1. Constant/02_LHSMenu_Projects' is clicked on

2022-06-23 19:17:57 - [MESSAGE][PASSED] - Object: 'Object Repository/1. Constant/02_LHSMenu_Projects' is clicked on

2022-06-23 19:17:57 - [TEST_STEP][PASSED] - I.SearchProjectNo(Project_No, findTestObject("HL Full Lifecycle/9 Filter_Button_Apply")): Delayed 5 second(s)

2022-06-23 19:18:02 - [MESSAGE][PASSED] - Text 'MI001954' is set on object 'Object Repository/1. Constant/xpath'

2022-06-23 19:18:05 - [MESSAGE][PASSED] - Delayed 3 second(s)

2022-06-23 19:18:10 - [MESSAGE][PASSED] - Object: 'Object Repository/HL Full Lifecycle/9 Filter_Button_Apply' is clicked on

2022-06-23 19:18:15 - [MESSAGE][PASSED] - Delayed 5 second(s)

2022-06-23 19:18:15 - [TEST_STEP][PASSED] - click(findTestObject("Object Repository/HL Full Lifecycle/14.1 RefList_Eye(Atran)", ["refID":"source_" + refID])): Object: 'Object Repository/HL Full Lifecycle/14.1 RefList_Eye(Atran)' is clicked on

2022-06-23 19:18:27 - [MESSAGE][PASSED] - Object: 'Object Repository/HL Full Lifecycle/14.1 RefList_Eye(Atran)' is clicked on

2022-06-23 19:18:27 - [TEST_STEP][PASSED] - delay(1): Delayed 1 second(s)

2022-06-23 19:18:28 - [MESSAGE][PASSED] - Delayed 1 second(s)

2022-06-23 19:18:28 - [TEST_STEP][PASSED] - takeScreenshot(): Taking screenshot successfully

2022-06-23 19:18:31 - [MESSAGE][PASSED] - Taking screenshot successfully
[[ATTACHMENT|D:\\Projet Test Auto\\Mediabox Test Automation\\Reports\\20220623_182213\\03. Parallel Testing (Testing)\\TS -PT PART 3\\02. Sephora - Full Lifecycle FS Process and Control Tag(Chrome) - headless\\20220623_182213\\1656004710296.png]]

2022-06-23 19:18:31 - [TEST_STEP][PASSED] - I.AWF_approve_view(): Object: 'Object Repository/HL Full Lifecycle/Function_Appbutton2' is clicked on

2022-06-23 19:18:31 - [MESSAGE][PASSED] - Wait for page load successfully

2022-06-23 19:18:41 - [MESSAGE][PASSED] - Delayed 10 second(s)

2022-06-23 19:18:43 - [MESSAGE][PASSED] - Object: 'Object Repository/HL Full Lifecycle/Function_access Viewer2' is hovered

2022-06-23 19:18:46 - [MESSAGE][PASSED] - Delayed 3 second(s)

2022-06-23 19:18:49 - [MESSAGE][PASSED] - Object: 'Object Repository/HL Full Lifecycle/Function_access Viewer2' is clicked on

2022-06-23 19:18:54 - [MESSAGE][PASSED] - Delayed 5 second(s)

2022-06-23 19:18:55 - [MESSAGE][PASSED] - Object: 'Object Repository/HL Full Lifecycle/Function_AppButton' is clicked on

2022-06-23 19:19:00 - [MESSAGE][PASSED] - Delayed 5 second(s)

2022-06-23 19:19:11 - [MESSAGE][PASSED] - Object: 'Object Repository/HL Full Lifecycle/Function_Appbutton2' is clicked on

2022-06-23 19:19:11 - [TEST_STEP][PASSED] - takeScreenshot(): Taking screenshot successfully

2022-06-23 19:19:13 - [MESSAGE][PASSED] - Taking screenshot successfully
[[ATTACHMENT|D:\\Projet Test Auto\\Mediabox Test Automation\\Reports\\20220623_182213\\03. Parallel Testing (Testing)\\TS -PT PART 3\\02. Sephora - Full Lifecycle FS Process and Control Tag(Chrome) - headless\\20220623_182213\\1656004752625.png]]

2022-06-23 19:19:13 - [TEST_STEP][PASSED] - click(findTestObject("HL Full Lifecycle/17 Ref_Button_Submit_question", ["refID":"source_" + refID])): Object: 'Object Repository/HL Full Lifecycle/17 Ref_Button_Submit_question' is clicked on

2022-06-23 19:19:16 - [MESSAGE][PASSED] - Object: 'Object Repository/HL Full Lifecycle/17 Ref_Button_Submit_question' is clicked on

2022-06-23 19:19:16 - [TEST_STEP][PASSED] - takeScreenshot(): Taking screenshot successfully

2022-06-23 19:19:18 - [MESSAGE][PASSED] - Taking screenshot successfully
[[ATTACHMENT|D:\\Projet Test Auto\\Mediabox Test Automation\\Reports\\20220623_182213\\03. Parallel Testing (Testing)\\TS -PT PART 3\\02. Sephora - Full Lifecycle FS Process and Control Tag(Chrome) - headless\\20220623_182213\\1656004757517.png]]

2022-06-23 19:19:18 - [TEST_STEP][PASSED] - click(findTestObject("HL Full Lifecycle/17 Ref_Options_DDCupdated", ["refID":"source_" + refID])): Object: 'Object Repository/HL Full Lifecycle/17 Ref_Options_DDCupdated' is clicked on

2022-06-23 19:19:23 - [MESSAGE][PASSED] - Object: 'Object Repository/HL Full Lifecycle/17 Ref_Options_DDCupdated' is clicked on

2022-06-23 19:19:23 - [TEST_STEP][PASSED] - click(findTestObject("HL Full Lifecycle/17.1 Ref_Question_DDCUpdated")): Object: 'Object Repository/HL Full Lifecycle/17.1 Ref_Question_DDCUpdated' is clicked on

2022-06-23 19:19:30 - [MESSAGE][PASSED] - Object: 'Object Repository/HL Full Lifecycle/17.1 Ref_Question_DDCUpdated' is clicked on

2022-06-23 19:19:30 - [TEST_STEP][PASSED] - I.status(findTestObject("HL Full Lifecycle/Status", ["refID":"source_" + refID])): Status contain Complete.

2022-06-23 19:19:31 - [MESSAGE][PASSED] - Text of object 'Object Repository/HL Full Lifecycle/Status' is: 'Complete'

2022-06-23 19:19:31 - [MESSAGE][PASSED] - Status contain Complete.

2022-06-23 19:19:31 - [TEST_STEP][PASSED] - takeScreenshot(): Taking screenshot successfully

2022-06-23 19:19:32 - [MESSAGE][PASSED] - Taking screenshot successfully
[[ATTACHMENT|D:\\Projet Test Auto\\Mediabox Test Automation\\Reports\\20220623_182213\\03. Parallel Testing (Testing)\\TS -PT PART 3\\02. Sephora - Full Lifecycle FS Process and Control Tag(Chrome) - headless\\20220623_182213\\1656004772300.png]]

2022-06-23 19:19:32 - [TEST_STEP][PASSED] - I.writenotepad("D:\Upoad_File\Projet_ Login\Sephora\3.02\3.02_Sephora_ProjectNo.txt", Project_No): null

2022-06-23 19:19:32 - [TEST_STEP][PASSED] - I.writenotepad("D:\Upoad_File\Projet_ Login\Sephora\3.02\3.02_Sephora_refID.txt", refID): null

2022-06-23 19:19:32 - [TEST_STEP][PASSED] - closeBrowser(): Browser is closed

2022-06-23 19:19:39 - [MESSAGE][PASSED] - Browser is closed

2022-06-23 19:19:39 - [TEST_STEP][PASSED] - Start listener action : sampleAfterTestCase: null]]></system-out>
         <system-err><![CDATA[]]></system-err>
      </testcase>
      <testcase name="Test Cases/15 Sephora _ Starpack Add Phase Manually (Completed_Not completed ref)/15.01 Sephora Flashback (Completed ref) Addd Phase - Existing ref 3.01 P2" time="1220.88" classname="Test Cases/15 Sephora _ Starpack Add Phase Manually (Completed_Not completed ref)/15.01 Sephora Flashback (Completed ref) Addd Phase - Existing ref 3.01 P2" status="PASSED">
         <system-out><![CDATA[2022-06-23 19:19:39 - [TEST_CASE][PASSED] - Test Cases/15 Sephora _ Starpack Add Phase Manually (Completed_Not completed ref)/15.01 Sephora Flashback (Completed ref) Addd Phase - Existing ref 3.01 P2: Test Cases/15 Sephora _ Starpack Add Phase Manually (Completed_Not completed ref)/15.01 Sephora Flashback (Completed ref) Addd Phase - Existing ref 3.01 P2

2022-06-23 19:19:40 - [TEST_STEP][PASSED] - data_Sephora = findTestData("Data Files/Username_Password/Sephora"): null

2022-06-23 19:19:40 - [TEST_STEP][PASSED] - password_atran = data_Sephora.getValue(2, 1): null

2022-06-23 19:19:40 - [TEST_STEP][PASSED] - password_marketing = data_Sephora.getValue(2, 2): null

2022-06-23 19:19:40 - [TEST_STEP][PASSED] - password_regulatory = data_Sephora.getValue(2, 3): null

2022-06-23 19:19:40 - [TEST_STEP][PASSED] - password_studio = data_Sephora.getValue(2, 4): null

2022-06-23 19:19:40 - [TEST_STEP][PASSED] - password_iraz = data_Sephora.getValue(2, 5): null

2022-06-23 19:19:40 - [TEST_STEP][PASSED] - password_cmouzawak = data_Sephora.getValue(2, 6): null

2022-06-23 19:19:40 - [TEST_STEP][PASSED] - password_aalbeaux = data_Sephora.getValue(2, 7): null

2022-06-23 19:19:40 - [TEST_STEP][PASSED] - password_hgarnier = data_Sephora.getValue(2, 8): null

2022-06-23 19:19:40 - [TEST_STEP][PASSED] - password_emartineau = data_Sephora.getValue(2, 9): null

2022-06-23 19:19:40 - [TEST_STEP][PASSED] - password_suser = data_Sephora.getValue(2, 10): null

2022-06-23 19:19:40 - [TEST_STEP][PASSED] - password_lmorel = data_Sephora.getValue(2, 11): null

2022-06-23 19:19:40 - [TEST_STEP][PASSED] - data_urlRELAUTO = findTestData("Data Files/URL/URL_relauto"): null

2022-06-23 19:19:40 - [TEST_STEP][PASSED] - Url_Sephora = data_urlRELAUTO.getValue(2, 1): null

2022-06-23 19:19:40 - [TEST_STEP][PASSED] - Project_No = I.readnotepad("D:\Upoad_File\Projet_ Login\Sephora\3.01\3.01_Sephora_ProjectNo.txt"): null

2022-06-23 19:19:40 - [TEST_STEP][PASSED] - refID = I.readnotepad("D:\Upoad_File\Projet_ Login\Sephora\3.01\3.01_Sephora_refID.txt"): null

2022-06-23 19:19:40 - [TEST_STEP][PASSED] - openBrowser(Url_Sephora): Browser is opened with url: 'http://mdb-release.diadeis.lan/MediaboxIndependence/?MBI_datasource=RELTESTAUTO_SEPHORA'

2022-06-23 19:19:40 - [MESSAGE][INFO] - Starting 'Chrome' driver

2022-06-23 19:19:40 - [MESSAGE][INFO] - User set preference: ['arg', '[[--lang=en-GB]]']

2022-06-23 19:19:40 - [MESSAGE][INFO] - Action delay is set to 0 milliseconds

2022-06-23 19:20:50 - [MESSAGE][PASSED] - Browser is opened with url: 'http://mdb-release.diadeis.lan/MediaboxIndependence/?MBI_datasource=RELTESTAUTO_SEPHORA'

2022-06-23 19:20:50 - [TEST_STEP][PASSED] - maximizeWindow(): Current window maximized

2022-06-23 19:20:52 - [MESSAGE][PASSED] - Current window maximized

2022-06-23 19:20:52 - [TEST_STEP][PASSED] - takeScreenshot(): Taking screenshot successfully

2022-06-23 19:20:54 - [MESSAGE][PASSED] - Taking screenshot successfully
[[ATTACHMENT|D:\\Projet Test Auto\\Mediabox Test Automation\\Reports\\20220623_182213\\03. Parallel Testing (Testing)\\TS -PT PART 3\\02. Sephora - Full Lifecycle FS Process and Control Tag(Chrome) - headless\\20220623_182213\\1656004853545.png]]

2022-06-23 19:20:54 - [TEST_STEP][PASSED] - I.Login_password("marketing", password_marketing): Object: 'Object Repository/1. Constant/xpath' is clicked on

2022-06-23 19:20:59 - [MESSAGE][PASSED] - Text 'marketing' is set on object 'Object Repository/1. Constant/xpath'

2022-06-23 19:21:00 - [MESSAGE][PASSED] - Delayed 1 second(s)

2022-06-23 19:21:06 - [MESSAGE][PASSED] - Text 'dchi3' is set on object 'Object Repository/1. Constant/xpath'

2022-06-23 19:21:07 - [MESSAGE][PASSED] - Delayed 1 second(s)

2022-06-23 19:21:22 - [MESSAGE][PASSED] - Object: 'Object Repository/1. Constant/xpath' is clicked on

2022-06-23 19:21:22 - [TEST_STEP][PASSED] - delay(1): Delayed 1 second(s)

2022-06-23 19:21:23 - [MESSAGE][PASSED] - Delayed 1 second(s)

2022-06-23 19:21:23 - [TEST_STEP][PASSED] - takeScreenshot(): Taking screenshot successfully

2022-06-23 19:21:24 - [MESSAGE][PASSED] - Taking screenshot successfully
[[ATTACHMENT|D:\\Projet Test Auto\\Mediabox Test Automation\\Reports\\20220623_182213\\03. Parallel Testing (Testing)\\TS -PT PART 3\\02. Sephora - Full Lifecycle FS Process and Control Tag(Chrome) - headless\\20220623_182213\\1656004884173.png]]

2022-06-23 19:21:24 - [TEST_STEP][PASSED] - task1 = getText(findTestObject("1. Constant/xpath", ["xpath":"//*[@id="kt_header"]/div/div[2]/div[1]/div[1]/span"])): Text of object 'Object Repository/1. Constant/xpath' is: '51'

2022-06-23 19:21:26 - [MESSAGE][PASSED] - Text of object 'Object Repository/1. Constant/xpath' is: '51'

2022-06-23 19:21:26 - [TEST_STEP][PASSED] - I.Logout(): Delayed 3 second(s)

2022-06-23 19:21:29 - [MESSAGE][PASSED] - Delayed 3 second(s)

2022-06-23 19:21:31 - [MESSAGE][PASSED] - Object: 'Object Repository/1. Constant/xpath' is clicked on

2022-06-23 19:21:34 - [MESSAGE][PASSED] - Delayed 3 second(s)

2022-06-23 19:22:28 - [MESSAGE][PASSED] - Object: 'Object Repository/1. Constant/xpath' is clicked on

2022-06-23 19:22:31 - [MESSAGE][PASSED] - Delayed 3 second(s)

2022-06-23 19:22:31 - [TEST_STEP][PASSED] - I.Login_password("lraz", password_iraz): Object: 'Object Repository/1. Constant/xpath' is clicked on

2022-06-23 19:22:36 - [MESSAGE][PASSED] - Text 'lraz' is set on object 'Object Repository/1. Constant/xpath'

2022-06-23 19:22:37 - [MESSAGE][PASSED] - Delayed 1 second(s)

2022-06-23 19:22:39 - [MESSAGE][PASSED] - Text 'dchi3' is set on object 'Object Repository/1. Constant/xpath'

2022-06-23 19:22:40 - [MESSAGE][PASSED] - Delayed 1 second(s)

2022-06-23 19:22:48 - [MESSAGE][PASSED] - Object: 'Object Repository/1. Constant/xpath' is clicked on

2022-06-23 19:22:48 - [TEST_STEP][PASSED] - click(findTestObject("1. Constant/02_LHSMenu_Projects")): Object: 'Object Repository/1. Constant/02_LHSMenu_Projects' is clicked on

2022-06-23 19:22:55 - [MESSAGE][PASSED] - Object: 'Object Repository/1. Constant/02_LHSMenu_Projects' is clicked on

2022-06-23 19:22:55 - [TEST_STEP][PASSED] - I.SearchProjectNo_xpath(Project_No, "//*[@id="keynum_project"]", "/html/body/div[1]/div[1]/div[2]/div/ul/li[2]/div/div/form/div[4]/button"): Delayed 5 second(s)

2022-06-23 19:22:56 - [MESSAGE][PASSED] - Delayed 1 second(s)

2022-06-23 19:23:00 - [MESSAGE][PASSED] - Text 'MI001953' is set on object 'Object Repository/1. Constant/xpath'

2022-06-23 19:23:03 - [MESSAGE][PASSED] - Delayed 3 second(s)

2022-06-23 19:23:05 - [MESSAGE][PASSED] - Scroll to object 'Object Repository/1. Constant/xpath' successfully

2022-06-23 19:23:12 - [MESSAGE][PASSED] - Object: 'Object Repository/1. Constant/xpath' is clicked on

2022-06-23 19:23:17 - [MESSAGE][PASSED] - Delayed 5 second(s)

2022-06-23 19:23:17 - [TEST_STEP][PASSED] - takeScreenshot(): Taking screenshot successfully

2022-06-23 19:23:18 - [MESSAGE][PASSED] - Taking screenshot successfully
[[ATTACHMENT|D:\\Projet Test Auto\\Mediabox Test Automation\\Reports\\20220623_182213\\03. Parallel Testing (Testing)\\TS -PT PART 3\\02. Sephora - Full Lifecycle FS Process and Control Tag(Chrome) - headless\\20220623_182213\\1656004998048.png]]

2022-06-23 19:23:18 - [TEST_STEP][PASSED] - delay(1): Delayed 1 second(s)

2022-06-23 19:23:19 - [MESSAGE][PASSED] - Delayed 1 second(s)

2022-06-23 19:23:19 - [TEST_STEP][PASSED] - takeScreenshot(): Taking screenshot successfully

2022-06-23 19:23:21 - [MESSAGE][PASSED] - Taking screenshot successfully
[[ATTACHMENT|D:\\Projet Test Auto\\Mediabox Test Automation\\Reports\\20220623_182213\\03. Parallel Testing (Testing)\\TS -PT PART 3\\02. Sephora - Full Lifecycle FS Process and Control Tag(Chrome) - headless\\20220623_182213\\1656005000706.png]]

2022-06-23 19:23:21 - [TEST_STEP][PASSED] - click(findTestObject("1. Constant/xpath", ["xpath":"//*[@id="source_" + refID + ""]/td[4]/a"])): Object: 'Object Repository/1. Constant/xpath' is clicked on

2022-06-23 19:23:34 - [MESSAGE][PASSED] - Object: 'Object Repository/1. Constant/xpath' is clicked on

2022-06-23 19:23:34 - [TEST_STEP][PASSED] - delay(2): Delayed 2 second(s)

2022-06-23 19:23:36 - [MESSAGE][PASSED] - Delayed 2 second(s)

2022-06-23 19:23:36 - [TEST_STEP][PASSED] - click(findTestObject("1. Constant/xpath", ["xpath":"//*[@id="kt_content"]/div[3]/div/ul/li[3]/a"])): Object: 'Object Repository/1. Constant/xpath' is clicked on

2022-06-23 19:23:39 - [MESSAGE][PASSED] - Object: 'Object Repository/1. Constant/xpath' is clicked on

2022-06-23 19:23:39 - [TEST_STEP][PASSED] - click(findTestObject("1. Constant/xpath", ["xpath":"/html/body/div[1]/div[2]/div[8]/div[3]/div/div[3]/div[3]/div/ul/li[4]/a"])): Object: 'Object Repository/1. Constant/xpath' is clicked on

2022-06-23 19:23:40 - [MESSAGE][PASSED] - Object: 'Object Repository/1. Constant/xpath' is clicked on

2022-06-23 19:23:40 - [TEST_STEP][PASSED] - delay(3): Delayed 3 second(s)

2022-06-23 19:23:43 - [MESSAGE][PASSED] - Delayed 3 second(s)

2022-06-23 19:23:43 - [TEST_STEP][PASSED] - click(findTestObject("1. Constant/xpath", ["xpath":"/html/body/div[1]/div[2]/div[8]/div[3]/div/div[3]/div[3]/div/div/div[4]/div/div/div/div[1]/div[2]/div/a[1]"])): Object: 'Object Repository/1. Constant/xpath' is clicked on

2022-06-23 19:23:45 - [MESSAGE][PASSED] - Object: 'Object Repository/1. Constant/xpath' is clicked on

2022-06-23 19:23:45 - [TEST_STEP][PASSED] - delay(1): Delayed 1 second(s)

2022-06-23 19:23:46 - [MESSAGE][PASSED] - Delayed 1 second(s)

2022-06-23 19:23:46 - [TEST_STEP][PASSED] - takeScreenshot(): Taking screenshot successfully

2022-06-23 19:23:47 - [MESSAGE][PASSED] - Taking screenshot successfully
[[ATTACHMENT|D:\\Projet Test Auto\\Mediabox Test Automation\\Reports\\20220623_182213\\03. Parallel Testing (Testing)\\TS -PT PART 3\\02. Sephora - Full Lifecycle FS Process and Control Tag(Chrome) - headless\\20220623_182213\\1656005027041.png]]

2022-06-23 19:23:47 - [TEST_STEP][PASSED] - Actual_title1 = getText(findTestObject("1. Constant/xpath", ["xpath":"/html/body/div[1]/div[2]/div[8]/div[3]/div/form[2]/div/div/div/div[1]/h4[2]"])): Text of object 'Object Repository/1. Constant/xpath' is: 'Select steps or phases to add after the phase: DDC update'

2022-06-23 19:23:48 - [MESSAGE][PASSED] - Text of object 'Object Repository/1. Constant/xpath' is: 'Select steps or phases to add after the phase: DDC update'

2022-06-23 19:23:48 - [TEST_STEP][PASSED] - verifyMatch(Actual_title1, "Select steps or phases to add after the phase: DDC update", false): Actual text 'Select steps or phases to add after the phase: DDC update' and expected text 'Select steps or phases to add after the phase: DDC update' are matched 

2022-06-23 19:23:48 - [MESSAGE][PASSED] - Actual text 'Select steps or phases to add after the phase: DDC update' and expected text 'Select steps or phases to add after the phase: DDC update' are matched 

2022-06-23 19:23:48 - [TEST_STEP][PASSED] - selectOptionByValue(findTestObject("1. Constant/xpath", ["xpath":"//*[@id="added_phase"]"]), "71", false): All options with value '71' are selected in object 'Object Repository/1. Constant/xpath' 

2022-06-23 19:23:51 - [MESSAGE][PASSED] - All options with value '71' are selected in object 'Object Repository/1. Constant/xpath' 

2022-06-23 19:23:51 - [TEST_STEP][PASSED] - click(findTestObject("1. Constant/xpath", ["xpath":"//*[@id="modal_addphase"]/div/div/div[3]/button[2]"])): Object: 'Object Repository/1. Constant/xpath' is clicked on

2022-06-23 19:23:55 - [MESSAGE][PASSED] - Object: 'Object Repository/1. Constant/xpath' is clicked on

2022-06-23 19:23:55 - [TEST_STEP][PASSED] - takeScreenshot(): Taking screenshot successfully

2022-06-23 19:23:57 - [MESSAGE][PASSED] - Taking screenshot successfully
[[ATTACHMENT|D:\\Projet Test Auto\\Mediabox Test Automation\\Reports\\20220623_182213\\03. Parallel Testing (Testing)\\TS -PT PART 3\\02. Sephora - Full Lifecycle FS Process and Control Tag(Chrome) - headless\\20220623_182213\\1656005036809.png]]

2022-06-23 19:23:57 - [TEST_STEP][PASSED] - delay(2): Delayed 2 second(s)

2022-06-23 19:23:59 - [MESSAGE][PASSED] - Delayed 2 second(s)

2022-06-23 19:23:59 - [TEST_STEP][PASSED] - verifyElementNotPresent(findTestObject("1. Constant/xpath", ["xpath":"/html/body/div[1]/div[2]/div[8]/div[3]/div/div[3]/div[3]/div/ul/li[5]/a"]), 5): Web element with id: 'Object Repository/1. Constant/xpath' located by 'By.xpath: /html/body/div[1]/div[2]/div[8]/div[3]/div/div[3]/div[3]/div/ul/li[5]/a' is not present after '5' second(s)

2022-06-23 19:24:00 - [MESSAGE][PASSED] - Web element with id: 'Object Repository/1. Constant/xpath' located by 'By.xpath: /html/body/div[1]/div[2]/div[8]/div[3]/div/div[3]/div[3]/div/ul/li[5]/a' is not present after '5' second(s)

2022-06-23 19:24:00 - [TEST_STEP][PASSED] - Actual_added1 = getText(findTestObject("1. Constant/xpath", ["xpath":"/html/body/div[1]/div[2]/div[8]/div[3]/div/div[3]/div[3]/div/div/div[4]/div/div[2]/div/div[2]/h6"])): Text of object 'Object Repository/1. Constant/xpath' is: 'Added manually 23/06/2022 19:23 By Lorriane RAZAFINDRAMISA'

2022-06-23 19:24:01 - [MESSAGE][PASSED] - Text of object 'Object Repository/1. Constant/xpath' is: 'Added manually 23/06/2022 19:23 By Lorriane RAZAFINDRAMISA'

2022-06-23 19:24:01 - [TEST_STEP][PASSED] - test1 = Actual_added1.contains("Added manually"): null

2022-06-23 19:24:01 - [TEST_STEP][PASSED] - verifyMatch(test1, "true", false): Actual text 'true' and expected text 'true' are matched 

2022-06-23 19:24:01 - [MESSAGE][PASSED] - Actual text 'true' and expected text 'true' are matched 

2022-06-23 19:24:01 - [TEST_STEP][PASSED] - test2 = Actual_added1.contains("By Lorriane RAZAFINDRAMISA"): null

2022-06-23 19:24:01 - [TEST_STEP][PASSED] - verifyMatch(test2, "true", false): Actual text 'true' and expected text 'true' are matched 

2022-06-23 19:24:01 - [MESSAGE][PASSED] - Actual text 'true' and expected text 'true' are matched 

2022-06-23 19:24:01 - [TEST_STEP][PASSED] - delay(1): Delayed 1 second(s)

2022-06-23 19:24:02 - [MESSAGE][PASSED] - Delayed 1 second(s)

2022-06-23 19:24:02 - [TEST_STEP][PASSED] - I.Logout(): Delayed 3 second(s)

2022-06-23 19:24:05 - [MESSAGE][PASSED] - Delayed 3 second(s)

2022-06-23 19:24:06 - [MESSAGE][PASSED] - Object: 'Object Repository/1. Constant/xpath' is clicked on

2022-06-23 19:24:09 - [MESSAGE][PASSED] - Delayed 3 second(s)

2022-06-23 19:25:02 - [MESSAGE][PASSED] - Object: 'Object Repository/1. Constant/xpath' is clicked on

2022-06-23 19:25:05 - [MESSAGE][PASSED] - Delayed 3 second(s)

2022-06-23 19:25:05 - [TEST_STEP][PASSED] - I.Login_password("marketing", password_marketing): Object: 'Object Repository/1. Constant/xpath' is clicked on

2022-06-23 19:25:08 - [MESSAGE][PASSED] - Text 'marketing' is set on object 'Object Repository/1. Constant/xpath'

2022-06-23 19:25:09 - [MESSAGE][PASSED] - Delayed 1 second(s)

2022-06-23 19:25:12 - [MESSAGE][PASSED] - Text 'dchi3' is set on object 'Object Repository/1. Constant/xpath'

2022-06-23 19:25:13 - [MESSAGE][PASSED] - Delayed 1 second(s)

2022-06-23 19:25:17 - [MESSAGE][PASSED] - Object: 'Object Repository/1. Constant/xpath' is clicked on

2022-06-23 19:25:17 - [TEST_STEP][PASSED] - takeScreenshot(): Taking screenshot successfully

2022-06-23 19:25:18 - [MESSAGE][PASSED] - Taking screenshot successfully
[[ATTACHMENT|D:\\Projet Test Auto\\Mediabox Test Automation\\Reports\\20220623_182213\\03. Parallel Testing (Testing)\\TS -PT PART 3\\02. Sephora - Full Lifecycle FS Process and Control Tag(Chrome) - headless\\20220623_182213\\1656005118494.png]]

2022-06-23 19:25:18 - [TEST_STEP][PASSED] - Atask2 = getText(findTestObject("1. Constant/xpath", ["xpath":"//*[@id="kt_header"]/div/div[2]/div[1]/div[1]/span"])): Text of object 'Object Repository/1. Constant/xpath' is: '52'

2022-06-23 19:25:20 - [MESSAGE][PASSED] - Text of object 'Object Repository/1. Constant/xpath' is: '52'

2022-06-23 19:25:20 - [TEST_STEP][PASSED] - task2 = Integer.parseInt(task1) + 1: null

2022-06-23 19:25:20 - [TEST_STEP][PASSED] - verifyMatch(Atask2, task2, false): Actual text '52' and expected text '52' are matched 

2022-06-23 19:25:20 - [MESSAGE][PASSED] - Actual text '52' and expected text '52' are matched 

2022-06-23 19:25:20 - [TEST_STEP][PASSED] - click(findTestObject("1. Constant/xpath", ["xpath":"//*[@id="kt_header"]/div/div[2]/div[1]/div[1]/div"])): Object: 'Object Repository/1. Constant/xpath' is clicked on

2022-06-23 19:25:21 - [MESSAGE][PASSED] - Object: 'Object Repository/1. Constant/xpath' is clicked on

2022-06-23 19:25:21 - [TEST_STEP][PASSED] - delay(1): Delayed 1 second(s)

2022-06-23 19:25:22 - [MESSAGE][PASSED] - Delayed 1 second(s)

2022-06-23 19:25:22 - [TEST_STEP][PASSED] - takeScreenshot(): Taking screenshot successfully

2022-06-23 19:25:25 - [MESSAGE][PASSED] - Taking screenshot successfully
[[ATTACHMENT|D:\\Projet Test Auto\\Mediabox Test Automation\\Reports\\20220623_182213\\03. Parallel Testing (Testing)\\TS -PT PART 3\\02. Sephora - Full Lifecycle FS Process and Control Tag(Chrome) - headless\\20220623_182213\\1656005124344.png]]

2022-06-23 19:25:25 - [TEST_STEP][PASSED] - delay(1): Delayed 1 second(s)

2022-06-23 19:25:26 - [MESSAGE][PASSED] - Delayed 1 second(s)

2022-06-23 19:25:26 - [TEST_STEP][PASSED] - click(findTestObject("1. Constant/xpath", ["xpath":"//*[@id="kt_header"]/div/div[2]/div[1]/div[2]/form/div[3]/a"])): Object: 'Object Repository/1. Constant/xpath' is clicked on

2022-06-23 19:25:32 - [MESSAGE][PASSED] - Object: 'Object Repository/1. Constant/xpath' is clicked on

2022-06-23 19:25:32 - [TEST_STEP][PASSED] - delay(1): Delayed 1 second(s)

2022-06-23 19:25:33 - [MESSAGE][PASSED] - Delayed 1 second(s)

2022-06-23 19:25:33 - [TEST_STEP][PASSED] - takeScreenshot(): Taking screenshot successfully

2022-06-23 19:25:34 - [MESSAGE][PASSED] - Taking screenshot successfully
[[ATTACHMENT|D:\\Projet Test Auto\\Mediabox Test Automation\\Reports\\20220623_182213\\03. Parallel Testing (Testing)\\TS -PT PART 3\\02. Sephora - Full Lifecycle FS Process and Control Tag(Chrome) - headless\\20220623_182213\\1656005134392.png]]

2022-06-23 19:25:34 - [TEST_STEP][PASSED] - delay(1): Delayed 1 second(s)

2022-06-23 19:25:35 - [MESSAGE][PASSED] - Delayed 1 second(s)

2022-06-23 19:25:35 - [TEST_STEP][PASSED] - selectOptionByValue(findTestObject("1. Constant/xpath", ["xpath":"//*[@id="select2_taskTypes"]"]), "DDC_to_update", false): All options with value 'DDC_to_update' are selected in object 'Object Repository/1. Constant/xpath' 

2022-06-23 19:25:42 - [MESSAGE][PASSED] - All options with value 'DDC_to_update' are selected in object 'Object Repository/1. Constant/xpath' 

2022-06-23 19:25:42 - [TEST_STEP][PASSED] - delay(1): Delayed 1 second(s)

2022-06-23 19:25:43 - [MESSAGE][PASSED] - Delayed 1 second(s)

2022-06-23 19:25:43 - [TEST_STEP][PASSED] - takeScreenshot(): Taking screenshot successfully

2022-06-23 19:25:44 - [MESSAGE][PASSED] - Taking screenshot successfully
[[ATTACHMENT|D:\\Projet Test Auto\\Mediabox Test Automation\\Reports\\20220623_182213\\03. Parallel Testing (Testing)\\TS -PT PART 3\\02. Sephora - Full Lifecycle FS Process and Control Tag(Chrome) - headless\\20220623_182213\\1656005144202.png]]

2022-06-23 19:25:44 - [TEST_STEP][PASSED] - click(findTestObject("1. Constant/xpath", ["xpath":"//*[@id="form_task_filters"]/div[5]/button"])): Object: 'Object Repository/1. Constant/xpath' is clicked on

2022-06-23 19:25:50 - [MESSAGE][PASSED] - Object: 'Object Repository/1. Constant/xpath' is clicked on

2022-06-23 19:25:50 - [TEST_STEP][PASSED] - delay(1): Delayed 1 second(s)

2022-06-23 19:25:51 - [MESSAGE][PASSED] - Delayed 1 second(s)

2022-06-23 19:25:51 - [TEST_STEP][PASSED] - click(findTestObject("1. Constant/xpath", ["xpath":"/html/body/div[1]/div[2]/div[8]/div[3]/div/div/div[2]/div/table/tbody/tr/td[1]/a"])): Object: 'Object Repository/1. Constant/xpath' is clicked on

2022-06-23 19:25:55 - [MESSAGE][PASSED] - Object: 'Object Repository/1. Constant/xpath' is clicked on

2022-06-23 19:25:55 - [TEST_STEP][PASSED] - delay(1): Delayed 1 second(s)

2022-06-23 19:25:56 - [MESSAGE][PASSED] - Delayed 1 second(s)

2022-06-23 19:25:56 - [TEST_STEP][PASSED] - I.submitquesiton_ref(findTestObject("1. Constant/xpath", ["xpath":"//*[@id="source_" + refID + ""]/td[7]/div/button"]), findTestObject("1. Constant/xpath", ["xpath":"//*[@id="source_" + refID + ""]/td[7]/div/div/a[1]"])): Object: 'Object Repository/1. Constant/xpath' is clicked on

2022-06-23 19:25:58 - [MESSAGE][PASSED] - Object: 'Object Repository/1. Constant/xpath' is clicked on

2022-06-23 19:26:01 - [MESSAGE][PASSED] - Delayed 3 second(s)

2022-06-23 19:26:06 - [MESSAGE][PASSED] - Object: 'Object Repository/1. Constant/xpath' is clicked on

2022-06-23 19:26:06 - [TEST_STEP][PASSED] - click(findTestObject("1. Constant/xpath", ["xpath":"/html/body/div[1]/div[2]/div[4]/div[3]/div/div[2]/div[2]/form/div[1]/div/button[2]"])): Object: 'Object Repository/1. Constant/xpath' is clicked on

2022-06-23 19:26:12 - [MESSAGE][PASSED] - Object: 'Object Repository/1. Constant/xpath' is clicked on

2022-06-23 19:26:12 - [TEST_STEP][PASSED] - takeScreenshot(): Taking screenshot successfully

2022-06-23 19:26:14 - [MESSAGE][PASSED] - Taking screenshot successfully
[[ATTACHMENT|D:\\Projet Test Auto\\Mediabox Test Automation\\Reports\\20220623_182213\\03. Parallel Testing (Testing)\\TS -PT PART 3\\02. Sephora - Full Lifecycle FS Process and Control Tag(Chrome) - headless\\20220623_182213\\1656005173504.png]]

2022-06-23 19:26:14 - [TEST_STEP][PASSED] - delay(1): Delayed 1 second(s)

2022-06-23 19:26:15 - [MESSAGE][PASSED] - Delayed 1 second(s)

2022-06-23 19:26:15 - [TEST_STEP][PASSED] - lifecycle_complete1 = getText(findTestObject("1. Constant/xpath", ["xpath":"//*[@id="source_" + refID + ""]/td[5]/span"])): Text of object 'Object Repository/1. Constant/xpath' is: 'Complete'

2022-06-23 19:26:17 - [MESSAGE][PASSED] - Text of object 'Object Repository/1. Constant/xpath' is: 'Complete'

2022-06-23 19:26:17 - [TEST_STEP][PASSED] - verifyMatch(lifecycle_complete1, "Complete", false): Actual text 'Complete' and expected text 'Complete' are matched 

2022-06-23 19:26:17 - [MESSAGE][PASSED] - Actual text 'Complete' and expected text 'Complete' are matched 

2022-06-23 19:26:17 - [TEST_STEP][PASSED] - delay(1): Delayed 1 second(s)

2022-06-23 19:26:18 - [MESSAGE][PASSED] - Delayed 1 second(s)

2022-06-23 19:26:18 - [TEST_STEP][PASSED] - Atask3 = getText(findTestObject("1. Constant/xpath", ["xpath":"//*[@id="kt_header"]/div/div[2]/div[1]/div[1]/span"])): Text of object 'Object Repository/1. Constant/xpath' is: '51'

2022-06-23 19:26:19 - [MESSAGE][PASSED] - Text of object 'Object Repository/1. Constant/xpath' is: '51'

2022-06-23 19:26:19 - [TEST_STEP][PASSED] - verifyMatch(Atask3, task1, false): Actual text '51' and expected text '51' are matched 

2022-06-23 19:26:19 - [MESSAGE][PASSED] - Actual text '51' and expected text '51' are matched 

2022-06-23 19:26:19 - [TEST_STEP][PASSED] - I.Logout(): Delayed 3 second(s)

2022-06-23 19:26:22 - [MESSAGE][PASSED] - Delayed 3 second(s)

2022-06-23 19:26:24 - [MESSAGE][PASSED] - Object: 'Object Repository/1. Constant/xpath' is clicked on

2022-06-23 19:26:27 - [MESSAGE][PASSED] - Delayed 3 second(s)

2022-06-23 19:27:18 - [MESSAGE][PASSED] - Object: 'Object Repository/1. Constant/xpath' is clicked on

2022-06-23 19:27:21 - [MESSAGE][PASSED] - Delayed 3 second(s)

2022-06-23 19:27:21 - [TEST_STEP][PASSED] - I.Login_password("lraz", password_iraz): Object: 'Object Repository/1. Constant/xpath' is clicked on

2022-06-23 19:27:25 - [MESSAGE][PASSED] - Text 'lraz' is set on object 'Object Repository/1. Constant/xpath'

2022-06-23 19:27:26 - [MESSAGE][PASSED] - Delayed 1 second(s)

2022-06-23 19:27:28 - [MESSAGE][PASSED] - Text 'dchi3' is set on object 'Object Repository/1. Constant/xpath'

2022-06-23 19:27:29 - [MESSAGE][PASSED] - Delayed 1 second(s)

2022-06-23 19:27:35 - [MESSAGE][PASSED] - Object: 'Object Repository/1. Constant/xpath' is clicked on

2022-06-23 19:27:35 - [TEST_STEP][PASSED] - click(findTestObject("1. Constant/02_LHSMenu_Projects")): Object: 'Object Repository/1. Constant/02_LHSMenu_Projects' is clicked on

2022-06-23 19:27:41 - [MESSAGE][PASSED] - Object: 'Object Repository/1. Constant/02_LHSMenu_Projects' is clicked on

2022-06-23 19:27:41 - [TEST_STEP][PASSED] - I.SearchProjectNo_xpath(Project_No, "//*[@id="keynum_project"]", "/html/body/div[1]/div[1]/div[2]/div/ul/li[2]/div/div/form/div[4]/button"): Delayed 5 second(s)

2022-06-23 19:27:42 - [MESSAGE][PASSED] - Delayed 1 second(s)

2022-06-23 19:27:46 - [MESSAGE][PASSED] - Text 'MI001953' is set on object 'Object Repository/1. Constant/xpath'

2022-06-23 19:27:49 - [MESSAGE][PASSED] - Delayed 3 second(s)

2022-06-23 19:27:51 - [MESSAGE][PASSED] - Scroll to object 'Object Repository/1. Constant/xpath' successfully

2022-06-23 19:27:54 - [MESSAGE][PASSED] - Object: 'Object Repository/1. Constant/xpath' is clicked on

2022-06-23 19:27:59 - [MESSAGE][PASSED] - Delayed 5 second(s)

2022-06-23 19:27:59 - [TEST_STEP][PASSED] - takeScreenshot(): Taking screenshot successfully

2022-06-23 19:28:02 - [MESSAGE][PASSED] - Taking screenshot successfully
[[ATTACHMENT|D:\\Projet Test Auto\\Mediabox Test Automation\\Reports\\20220623_182213\\03. Parallel Testing (Testing)\\TS -PT PART 3\\02. Sephora - Full Lifecycle FS Process and Control Tag(Chrome) - headless\\20220623_182213\\1656005281863.png]]

2022-06-23 19:28:02 - [TEST_STEP][PASSED] - delay(1): Delayed 1 second(s)

2022-06-23 19:28:03 - [MESSAGE][PASSED] - Delayed 1 second(s)

2022-06-23 19:28:03 - [TEST_STEP][PASSED] - takeScreenshot(): Taking screenshot successfully

2022-06-23 19:28:06 - [MESSAGE][PASSED] - Taking screenshot successfully
[[ATTACHMENT|D:\\Projet Test Auto\\Mediabox Test Automation\\Reports\\20220623_182213\\03. Parallel Testing (Testing)\\TS -PT PART 3\\02. Sephora - Full Lifecycle FS Process and Control Tag(Chrome) - headless\\20220623_182213\\1656005285694.png]]

2022-06-23 19:28:06 - [TEST_STEP][PASSED] - click(findTestObject("1. Constant/xpath", ["xpath":"//*[@id="source_" + refID + ""]/td[4]/a"])): Object: 'Object Repository/1. Constant/xpath' is clicked on

2022-06-23 19:28:16 - [MESSAGE][PASSED] - Object: 'Object Repository/1. Constant/xpath' is clicked on

2022-06-23 19:28:16 - [TEST_STEP][PASSED] - delay(2): Delayed 2 second(s)

2022-06-23 19:28:18 - [MESSAGE][PASSED] - Delayed 2 second(s)

2022-06-23 19:28:18 - [TEST_STEP][PASSED] - click(findTestObject("1. Constant/xpath", ["xpath":"//*[@id="kt_content"]/div[3]/div/ul/li[3]/a"])): Object: 'Object Repository/1. Constant/xpath' is clicked on

2022-06-23 19:28:24 - [MESSAGE][PASSED] - Object: 'Object Repository/1. Constant/xpath' is clicked on

2022-06-23 19:28:24 - [TEST_STEP][PASSED] - click(findTestObject("1. Constant/xpath", ["xpath":"/html/body/div[1]/div[2]/div[8]/div[3]/div/div[3]/div[3]/div/ul/li[4]/a"])): Object: 'Object Repository/1. Constant/xpath' is clicked on

2022-06-23 19:28:26 - [MESSAGE][PASSED] - Object: 'Object Repository/1. Constant/xpath' is clicked on

2022-06-23 19:28:26 - [TEST_STEP][PASSED] - delay(1): Delayed 1 second(s)

2022-06-23 19:28:27 - [MESSAGE][PASSED] - Delayed 1 second(s)

2022-06-23 19:28:27 - [TEST_STEP][PASSED] - click(findTestObject("1. Constant/xpath", ["xpath":"/html/body/div[1]/div[2]/div[8]/div[3]/div/div[3]/div[3]/div/div/div[4]/div/div[2]/div/div[1]/div[2]/div/a[1]"])): Object: 'Object Repository/1. Constant/xpath' is clicked on

2022-06-23 19:28:29 - [MESSAGE][PASSED] - Object: 'Object Repository/1. Constant/xpath' is clicked on

2022-06-23 19:28:29 - [TEST_STEP][PASSED] - delay(1): Delayed 1 second(s)

2022-06-23 19:28:30 - [MESSAGE][PASSED] - Delayed 1 second(s)

2022-06-23 19:28:30 - [TEST_STEP][PASSED] - selectOptionByValue(findTestObject("1. Constant/xpath", ["xpath":"//*[@id="added_phase"]"]), "79", false): All options with value '79' are selected in object 'Object Repository/1. Constant/xpath' 

2022-06-23 19:28:36 - [MESSAGE][PASSED] - All options with value '79' are selected in object 'Object Repository/1. Constant/xpath' 

2022-06-23 19:28:36 - [TEST_STEP][PASSED] - delay(1): Delayed 1 second(s)

2022-06-23 19:28:37 - [MESSAGE][PASSED] - Delayed 1 second(s)

2022-06-23 19:28:37 - [TEST_STEP][PASSED] - takeScreenshot(): Taking screenshot successfully

2022-06-23 19:28:39 - [MESSAGE][PASSED] - Taking screenshot successfully
[[ATTACHMENT|D:\\Projet Test Auto\\Mediabox Test Automation\\Reports\\20220623_182213\\03. Parallel Testing (Testing)\\TS -PT PART 3\\02. Sephora - Full Lifecycle FS Process and Control Tag(Chrome) - headless\\20220623_182213\\1656005318393.png]]

2022-06-23 19:28:39 - [TEST_STEP][PASSED] - click(findTestObject("1. Constant/xpath", ["xpath":"//*[@id="modal_addphase"]/div/div/div[3]/button[2]"])): Object: 'Object Repository/1. Constant/xpath' is clicked on

2022-06-23 19:28:49 - [MESSAGE][PASSED] - Object: 'Object Repository/1. Constant/xpath' is clicked on

2022-06-23 19:28:49 - [TEST_STEP][PASSED] - delay(1): Delayed 1 second(s)

2022-06-23 19:28:50 - [MESSAGE][PASSED] - Delayed 1 second(s)

2022-06-23 19:28:50 - [TEST_STEP][PASSED] - verifyElementVisible(findTestObject("1. Constant/xpath", ["xpath":"/html/body/div[1]/div[2]/div[8]/div[3]/div/div[3]/div[3]/div/ul/li[5]/a"])): Object 'Object Repository/1. Constant/xpath' is visible

2022-06-23 19:28:52 - [MESSAGE][PASSED] - Object 'Object Repository/1. Constant/xpath' is visible

2022-06-23 19:28:52 - [TEST_STEP][PASSED] - takeScreenshot(): Taking screenshot successfully

2022-06-23 19:28:54 - [MESSAGE][PASSED] - Taking screenshot successfully
[[ATTACHMENT|D:\\Projet Test Auto\\Mediabox Test Automation\\Reports\\20220623_182213\\03. Parallel Testing (Testing)\\TS -PT PART 3\\02. Sephora - Full Lifecycle FS Process and Control Tag(Chrome) - headless\\20220623_182213\\1656005333434.png]]

2022-06-23 19:28:54 - [TEST_STEP][PASSED] - Actual_added2 = getText(findTestObject("1. Constant/xpath", ["xpath":"/html/body/div[1]/div[2]/div[8]/div[3]/div/div[3]/div[3]/div/div/div[5]/div/div/div/div[2]/h6"])): Text of object 'Object Repository/1. Constant/xpath' is: 'Added manually 23/06/2022 19:28 By Lorriane RAZAFINDRAMISA'

2022-06-23 19:28:56 - [MESSAGE][PASSED] - Text of object 'Object Repository/1. Constant/xpath' is: 'Added manually 23/06/2022 19:28 By Lorriane RAZAFINDRAMISA'

2022-06-23 19:28:56 - [TEST_STEP][PASSED] - test12 = Actual_added2.contains("Added manually"): null

2022-06-23 19:28:56 - [TEST_STEP][PASSED] - verifyMatch(test12, "true", false): Actual text 'true' and expected text 'true' are matched 

2022-06-23 19:28:56 - [MESSAGE][PASSED] - Actual text 'true' and expected text 'true' are matched 

2022-06-23 19:28:56 - [TEST_STEP][PASSED] - test22 = Actual_added2.contains("By Lorriane RAZAFINDRAMISA"): null

2022-06-23 19:28:56 - [TEST_STEP][PASSED] - verifyMatch(test22, "true", false): Actual text 'true' and expected text 'true' are matched 

2022-06-23 19:28:56 - [MESSAGE][PASSED] - Actual text 'true' and expected text 'true' are matched 

2022-06-23 19:28:56 - [TEST_STEP][PASSED] - I.Logout(): Delayed 3 second(s)

2022-06-23 19:28:59 - [MESSAGE][PASSED] - Delayed 3 second(s)

2022-06-23 19:29:01 - [MESSAGE][PASSED] - Object: 'Object Repository/1. Constant/xpath' is clicked on

2022-06-23 19:29:04 - [MESSAGE][PASSED] - Delayed 3 second(s)

2022-06-23 19:29:50 - [MESSAGE][PASSED] - Object: 'Object Repository/1. Constant/xpath' is clicked on

2022-06-23 19:29:53 - [MESSAGE][PASSED] - Delayed 3 second(s)

2022-06-23 19:29:53 - [TEST_STEP][PASSED] - I.Login_password("lmorel", password_lmorel): Object: 'Object Repository/1. Constant/xpath' is clicked on

2022-06-23 19:29:59 - [MESSAGE][PASSED] - Text 'lmorel' is set on object 'Object Repository/1. Constant/xpath'

2022-06-23 19:30:00 - [MESSAGE][PASSED] - Delayed 1 second(s)

2022-06-23 19:30:07 - [MESSAGE][PASSED] - Text 'dchi1' is set on object 'Object Repository/1. Constant/xpath'

2022-06-23 19:30:08 - [MESSAGE][PASSED] - Delayed 1 second(s)

2022-06-23 19:30:15 - [MESSAGE][PASSED] - Object: 'Object Repository/1. Constant/xpath' is clicked on

2022-06-23 19:30:15 - [TEST_STEP][PASSED] - Atask33 = getText(findTestObject("1. Constant/xpath", ["xpath":"//*[@id="kt_header"]/div/div[2]/div[1]/div[1]/span"])): Text of object 'Object Repository/1. Constant/xpath' is: '16'

2022-06-23 19:30:16 - [MESSAGE][PASSED] - Text of object 'Object Repository/1. Constant/xpath' is: '16'

2022-06-23 19:30:16 - [TEST_STEP][PASSED] - click(findTestObject("1. Constant/02_LHSMenu_Projects")): Object: 'Object Repository/1. Constant/02_LHSMenu_Projects' is clicked on

2022-06-23 19:30:21 - [MESSAGE][PASSED] - Object: 'Object Repository/1. Constant/02_LHSMenu_Projects' is clicked on

2022-06-23 19:30:21 - [TEST_STEP][PASSED] - I.SearchProjectNo_xpath(Project_No, "//*[@id="keynum_project"]", "/html/body/div[1]/div[1]/div[2]/div/ul/li[2]/div/div/form/div[4]/button"): Delayed 5 second(s)

2022-06-23 19:30:22 - [MESSAGE][PASSED] - Delayed 1 second(s)

2022-06-23 19:30:25 - [MESSAGE][PASSED] - Text 'MI001953' is set on object 'Object Repository/1. Constant/xpath'

2022-06-23 19:30:28 - [MESSAGE][PASSED] - Delayed 3 second(s)

2022-06-23 19:30:30 - [MESSAGE][PASSED] - Scroll to object 'Object Repository/1. Constant/xpath' successfully

2022-06-23 19:30:36 - [MESSAGE][PASSED] - Object: 'Object Repository/1. Constant/xpath' is clicked on

2022-06-23 19:30:41 - [MESSAGE][PASSED] - Delayed 5 second(s)

2022-06-23 19:30:41 - [TEST_STEP][PASSED] - takeScreenshot(): Taking screenshot successfully

2022-06-23 19:30:41 - [MESSAGE][PASSED] - Taking screenshot successfully
[[ATTACHMENT|D:\\Projet Test Auto\\Mediabox Test Automation\\Reports\\20220623_182213\\03. Parallel Testing (Testing)\\TS -PT PART 3\\02. Sephora - Full Lifecycle FS Process and Control Tag(Chrome) - headless\\20220623_182213\\1656005441579.png]]

2022-06-23 19:30:41 - [TEST_STEP][PASSED] - delay(1): Delayed 1 second(s)

2022-06-23 19:30:42 - [MESSAGE][PASSED] - Delayed 1 second(s)

2022-06-23 19:30:42 - [TEST_STEP][PASSED] - takeScreenshot(): Taking screenshot successfully

2022-06-23 19:30:45 - [MESSAGE][PASSED] - Taking screenshot successfully
[[ATTACHMENT|D:\\Projet Test Auto\\Mediabox Test Automation\\Reports\\20220623_182213\\03. Parallel Testing (Testing)\\TS -PT PART 3\\02. Sephora - Full Lifecycle FS Process and Control Tag(Chrome) - headless\\20220623_182213\\1656005443641.png]]

2022-06-23 19:30:45 - [TEST_STEP][PASSED] - lf1 = getText(findTestObject("1. Constant/xpath", ["xpath":"//*[@id="source_" + refID + ""]/td[5]/span[1]"])): Text of object 'Object Repository/1. Constant/xpath' is: 'BAG PROD (Printer)'

2022-06-23 19:30:46 - [MESSAGE][PASSED] - Text of object 'Object Repository/1. Constant/xpath' is: 'BAG PROD (Printer)'

2022-06-23 19:30:46 - [TEST_STEP][PASSED] - verifyMatch(lf1, "BAG PROD (Printer)", false): Actual text 'BAG PROD (Printer)' and expected text 'BAG PROD (Printer)' are matched 

2022-06-23 19:30:46 - [MESSAGE][PASSED] - Actual text 'BAG PROD (Printer)' and expected text 'BAG PROD (Printer)' are matched 

2022-06-23 19:30:46 - [TEST_STEP][PASSED] - color1 = getCSSValue(findTestObject("1. Constant/xpath", ["xpath":"//*[@id="source_" + refID + ""]/td[7]/a"]), "color", OPTIONAL): Get CSS 'color' value on 'Object Repository/1. Constant/xpath' successfully: 'rgba(255, 255, 255, 1)'.

2022-06-23 19:30:48 - [MESSAGE][PASSED] - Get CSS 'color' value on 'Object Repository/1. Constant/xpath' successfully: 'rgba(255, 255, 255, 1)'.

2022-06-23 19:30:48 - [TEST_STEP][PASSED] - I.print(color1): null

2022-06-23 19:30:48 - [TEST_STEP][PASSED] - while (color1 == "rgba(255, 255, 255, 1)"): null

2022-06-23 19:30:48 - [TEST_STEP][PASSED] - click(findTestObject("1. Constant/xpath", ["xpath":"//*[@id="source_" + refID + ""]/td[7]/a"])): Object: 'Object Repository/1. Constant/xpath' is clicked on

2022-06-23 19:30:56 - [MESSAGE][PASSED] - Object: 'Object Repository/1. Constant/xpath' is clicked on

2022-06-23 19:30:56 - [TEST_STEP][PASSED] - takeScreenshot(): Taking screenshot successfully

2022-06-23 19:30:59 - [MESSAGE][PASSED] - Taking screenshot successfully
[[ATTACHMENT|D:\\Projet Test Auto\\Mediabox Test Automation\\Reports\\20220623_182213\\03. Parallel Testing (Testing)\\TS -PT PART 3\\02. Sephora - Full Lifecycle FS Process and Control Tag(Chrome) - headless\\20220623_182213\\1656005457779.png]]

2022-06-23 19:30:59 - [TEST_STEP][PASSED] - I.UploadDoc_sendkey_Prod(findTestObject("1. Constant/xpath", ["xpath":"//*[@id="kt_body"]/input[2]"]), "D:\Upoad_File\Upload doc\testdataaddition1.pdf", "testdataaddition1.pdf"): Delayed 5 second(s)

2022-06-23 19:31:00 - [MESSAGE][PASSED] - Scroll to object 'Object Repository/1. Constant/xpath' successfully

2022-06-23 19:31:05 - [MESSAGE][PASSED] - Delayed 5 second(s)

2022-06-23 19:31:07 - [MESSAGE][PASSED] - File 'D:\Upoad_File\Upload doc\testdataaddition1.pdf' sent to object: 'Object Repository/1. Constant/xpath'

2022-06-23 19:31:12 - [MESSAGE][PASSED] - Delayed 5 second(s)

2022-06-23 19:31:13 - [MESSAGE][PASSED] - Text 'testdataaddition1.pdf' is present on page 

2022-06-23 19:31:18 - [MESSAGE][PASSED] - Delayed 5 second(s)

2022-06-23 19:31:23 - [MESSAGE][PASSED] - Delayed 5 second(s)

2022-06-23 19:31:23 - [TEST_STEP][PASSED] - takeScreenshot(): Taking screenshot successfully

2022-06-23 19:31:25 - [MESSAGE][PASSED] - Taking screenshot successfully
[[ATTACHMENT|D:\\Projet Test Auto\\Mediabox Test Automation\\Reports\\20220623_182213\\03. Parallel Testing (Testing)\\TS -PT PART 3\\02. Sephora - Full Lifecycle FS Process and Control Tag(Chrome) - headless\\20220623_182213\\1656005485097.png]]

2022-06-23 19:31:25 - [TEST_STEP][PASSED] - delay(10): Delayed 10 second(s)

2022-06-23 19:31:35 - [MESSAGE][PASSED] - Delayed 10 second(s)

2022-06-23 19:31:35 - [TEST_STEP][PASSED] - I.click_button_javascript(findTestObject("Object Repository/HL Full Lifecycle/12 ReferncePage_Button_Updatensenddoc")): Execute JavaScript 'arguments[0].click()' successfully

2022-06-23 19:31:43 - [MESSAGE][PASSED] - Execute JavaScript 'arguments[0].click()' successfully

2022-06-23 19:31:43 - [TEST_STEP][PASSED] - delay(5): Delayed 5 second(s)

2022-06-23 19:31:48 - [MESSAGE][PASSED] - Delayed 5 second(s)

2022-06-23 19:31:48 - [TEST_STEP][PASSED] - if (verifyElementPresent(findTestObject("1. Constant/xpath", ["xpath":"//*[@id="source_" + refID + ""]/td[7]/a"]), 10, OPTIONAL)): null

2022-06-23 19:31:49 - [MESSAGE][PASSED] - Object 'Object Repository/1. Constant/xpath' is present

2022-06-23 19:31:49 - [TEST_STEP][PASSED] - color1 = getCSSValue(findTestObject("1. Constant/xpath", ["xpath":"//*[@id="source_" + refID + ""]/td[7]/a"]), "color", OPTIONAL): Get CSS 'color' value on 'Object Repository/1. Constant/xpath' successfully: 'rgba(54, 153, 255, 1)'.

2022-06-23 19:31:51 - [MESSAGE][PASSED] - Get CSS 'color' value on 'Object Repository/1. Constant/xpath' successfully: 'rgba(54, 153, 255, 1)'.

2022-06-23 19:31:51 - [TEST_STEP][PASSED] - Atask4 = getText(findTestObject("1. Constant/xpath", ["xpath":"//*[@id="kt_header"]/div/div[2]/div[1]/div[1]/span"])): Text of object 'Object Repository/1. Constant/xpath' is: '15'

2022-06-23 19:31:53 - [MESSAGE][PASSED] - Text of object 'Object Repository/1. Constant/xpath' is: '15'

2022-06-23 19:31:53 - [TEST_STEP][PASSED] - task4 = Integer.parseInt(Atask33) - 1: null

2022-06-23 19:31:53 - [TEST_STEP][PASSED] - verifyEqual(Integer.parseInt(Atask4), task4): Actual object '15' and expected object '15' are equal

2022-06-23 19:31:53 - [MESSAGE][PASSED] - Actual object '15' and expected object '15' are equal

2022-06-23 19:31:53 - [TEST_STEP][PASSED] - I.Logout(): Delayed 3 second(s)

2022-06-23 19:31:56 - [MESSAGE][PASSED] - Delayed 3 second(s)

2022-06-23 19:31:58 - [MESSAGE][PASSED] - Object: 'Object Repository/1. Constant/xpath' is clicked on

2022-06-23 19:32:01 - [MESSAGE][PASSED] - Delayed 3 second(s)

2022-06-23 19:32:58 - [MESSAGE][PASSED] - Object: 'Object Repository/1. Constant/xpath' is clicked on

2022-06-23 19:33:01 - [MESSAGE][PASSED] - Delayed 3 second(s)

2022-06-23 19:33:01 - [TEST_STEP][PASSED] - I.Login_password("atran", password_atran): Object: 'Object Repository/1. Constant/xpath' is clicked on

2022-06-23 19:33:04 - [MESSAGE][PASSED] - Text 'atran' is set on object 'Object Repository/1. Constant/xpath'

2022-06-23 19:33:05 - [MESSAGE][PASSED] - Delayed 1 second(s)

2022-06-23 19:33:07 - [MESSAGE][PASSED] - Text 'dchi3' is set on object 'Object Repository/1. Constant/xpath'

2022-06-23 19:33:08 - [MESSAGE][PASSED] - Delayed 1 second(s)

2022-06-23 19:33:14 - [MESSAGE][PASSED] - Object: 'Object Repository/1. Constant/xpath' is clicked on

2022-06-23 19:33:14 - [TEST_STEP][PASSED] - click(findTestObject("1. Constant/02_LHSMenu_Projects")): Object: 'Object Repository/1. Constant/02_LHSMenu_Projects' is clicked on

2022-06-23 19:33:19 - [MESSAGE][PASSED] - Object: 'Object Repository/1. Constant/02_LHSMenu_Projects' is clicked on

2022-06-23 19:33:19 - [TEST_STEP][PASSED] - I.SearchProjectNo_xpath(Project_No, "//*[@id="keynum_project"]", "/html/body/div[1]/div[1]/div[2]/div/ul/li[2]/div/div/form/div[4]/button"): Delayed 5 second(s)

2022-06-23 19:33:20 - [MESSAGE][PASSED] - Delayed 1 second(s)

2022-06-23 19:33:27 - [MESSAGE][PASSED] - Text 'MI001953' is set on object 'Object Repository/1. Constant/xpath'

2022-06-23 19:33:30 - [MESSAGE][PASSED] - Delayed 3 second(s)

2022-06-23 19:33:31 - [MESSAGE][PASSED] - Scroll to object 'Object Repository/1. Constant/xpath' successfully

2022-06-23 19:33:35 - [MESSAGE][PASSED] - Object: 'Object Repository/1. Constant/xpath' is clicked on

2022-06-23 19:33:40 - [MESSAGE][PASSED] - Delayed 5 second(s)

2022-06-23 19:33:40 - [TEST_STEP][PASSED] - takeScreenshot(): Taking screenshot successfully

2022-06-23 19:33:42 - [MESSAGE][PASSED] - Taking screenshot successfully
[[ATTACHMENT|D:\\Projet Test Auto\\Mediabox Test Automation\\Reports\\20220623_182213\\03. Parallel Testing (Testing)\\TS -PT PART 3\\02. Sephora - Full Lifecycle FS Process and Control Tag(Chrome) - headless\\20220623_182213\\1656005622390.png]]

2022-06-23 19:33:42 - [TEST_STEP][PASSED] - delay(1): Delayed 1 second(s)

2022-06-23 19:33:43 - [MESSAGE][PASSED] - Delayed 1 second(s)

2022-06-23 19:33:43 - [TEST_STEP][PASSED] - I.AWF_approve_byaction(findTestObject("1. Constant/xpath", ["xpath":"//*[@id="source_" + refID + ""]/td[7]/a"])): Object: 'Object Repository/HL Full Lifecycle/Function_Appbutton2' is clicked on

2022-06-23 19:33:49 - [MESSAGE][PASSED] - Delayed 5 second(s)

2022-06-23 19:33:57 - [MESSAGE][PASSED] - Object: 'Object Repository/1. Constant/xpath' is clicked on

2022-06-23 19:34:00 - [MESSAGE][PASSED] - Object: 'Object Repository/HL Full Lifecycle/Function_access Viewer2' is hovered

2022-06-23 19:34:03 - [MESSAGE][PASSED] - Delayed 3 second(s)

2022-06-23 19:34:05 - [MESSAGE][PASSED] - Object: 'Object Repository/HL Full Lifecycle/Function_access Viewer2' is clicked on

2022-06-23 19:34:10 - [MESSAGE][PASSED] - Delayed 5 second(s)

2022-06-23 19:34:11 - [MESSAGE][PASSED] - Object: 'Object Repository/HL Full Lifecycle/Function_AppButton' is clicked on

2022-06-23 19:34:16 - [MESSAGE][PASSED] - Delayed 5 second(s)

2022-06-23 19:34:24 - [MESSAGE][PASSED] - Object: 'Object Repository/HL Full Lifecycle/Function_Appbutton2' is clicked on

2022-06-23 19:34:24 - [TEST_STEP][PASSED] - delay(1): Delayed 1 second(s)

2022-06-23 19:34:25 - [MESSAGE][PASSED] - Delayed 1 second(s)

2022-06-23 19:34:25 - [TEST_STEP][PASSED] - lf2 = getText(findTestObject("1. Constant/xpath", ["xpath":"//*[@id="source_" + refID + ""]/td[5]/span"])): Text of object 'Object Repository/1. Constant/xpath' is: 'Complete'

2022-06-23 19:34:26 - [MESSAGE][PASSED] - Text of object 'Object Repository/1. Constant/xpath' is: 'Complete'

2022-06-23 19:34:26 - [TEST_STEP][PASSED] - verifyMatch(lf2, "Complete", false): Actual text 'Complete' and expected text 'Complete' are matched 

2022-06-23 19:34:26 - [MESSAGE][PASSED] - Actual text 'Complete' and expected text 'Complete' are matched 

2022-06-23 19:34:26 - [TEST_STEP][PASSED] - I.Logout(): Delayed 3 second(s)

2022-06-23 19:34:29 - [MESSAGE][PASSED] - Delayed 3 second(s)

2022-06-23 19:34:32 - [MESSAGE][PASSED] - Object: 'Object Repository/1. Constant/xpath' is clicked on

2022-06-23 19:34:35 - [MESSAGE][PASSED] - Delayed 3 second(s)

2022-06-23 19:35:30 - [MESSAGE][PASSED] - Object: 'Object Repository/1. Constant/xpath' is clicked on

2022-06-23 19:35:33 - [MESSAGE][PASSED] - Delayed 3 second(s)

2022-06-23 19:35:33 - [TEST_STEP][PASSED] - I.Login_password("lraz", password_iraz): Object: 'Object Repository/1. Constant/xpath' is clicked on

2022-06-23 19:35:37 - [MESSAGE][PASSED] - Text 'lraz' is set on object 'Object Repository/1. Constant/xpath'

2022-06-23 19:35:38 - [MESSAGE][PASSED] - Delayed 1 second(s)

2022-06-23 19:35:41 - [MESSAGE][PASSED] - Text 'dchi3' is set on object 'Object Repository/1. Constant/xpath'

2022-06-23 19:35:42 - [MESSAGE][PASSED] - Delayed 1 second(s)

2022-06-23 19:35:54 - [MESSAGE][PASSED] - Object: 'Object Repository/1. Constant/xpath' is clicked on

2022-06-23 19:35:54 - [TEST_STEP][PASSED] - click(findTestObject("1. Constant/02_LHSMenu_Projects")): Object: 'Object Repository/1. Constant/02_LHSMenu_Projects' is clicked on

2022-06-23 19:35:58 - [MESSAGE][PASSED] - Object: 'Object Repository/1. Constant/02_LHSMenu_Projects' is clicked on

2022-06-23 19:35:58 - [TEST_STEP][PASSED] - I.SearchProjectNo_xpath(Project_No, "//*[@id="keynum_project"]", "/html/body/div[1]/div[1]/div[2]/div/ul/li[2]/div/div/form/div[4]/button"): Delayed 5 second(s)

2022-06-23 19:35:59 - [MESSAGE][PASSED] - Delayed 1 second(s)

2022-06-23 19:36:03 - [MESSAGE][PASSED] - Text 'MI001953' is set on object 'Object Repository/1. Constant/xpath'

2022-06-23 19:36:06 - [MESSAGE][PASSED] - Delayed 3 second(s)

2022-06-23 19:36:07 - [MESSAGE][PASSED] - Scroll to object 'Object Repository/1. Constant/xpath' successfully

2022-06-23 19:36:12 - [MESSAGE][PASSED] - Object: 'Object Repository/1. Constant/xpath' is clicked on

2022-06-23 19:36:17 - [MESSAGE][PASSED] - Delayed 5 second(s)

2022-06-23 19:36:17 - [TEST_STEP][PASSED] - takeScreenshot(): Taking screenshot successfully

2022-06-23 19:36:19 - [MESSAGE][PASSED] - Taking screenshot successfully
[[ATTACHMENT|D:\\Projet Test Auto\\Mediabox Test Automation\\Reports\\20220623_182213\\03. Parallel Testing (Testing)\\TS -PT PART 3\\02. Sephora - Full Lifecycle FS Process and Control Tag(Chrome) - headless\\20220623_182213\\1656005778487.png]]

2022-06-23 19:36:19 - [TEST_STEP][PASSED] - delay(1): Delayed 1 second(s)

2022-06-23 19:36:20 - [MESSAGE][PASSED] - Delayed 1 second(s)

2022-06-23 19:36:20 - [TEST_STEP][PASSED] - takeScreenshot(): Taking screenshot successfully

2022-06-23 19:36:22 - [MESSAGE][PASSED] - Taking screenshot successfully
[[ATTACHMENT|D:\\Projet Test Auto\\Mediabox Test Automation\\Reports\\20220623_182213\\03. Parallel Testing (Testing)\\TS -PT PART 3\\02. Sephora - Full Lifecycle FS Process and Control Tag(Chrome) - headless\\20220623_182213\\1656005780984.png]]

2022-06-23 19:36:22 - [TEST_STEP][PASSED] - click(findTestObject("1. Constant/xpath", ["xpath":"//*[@id="source_" + refID + ""]/td[4]/a"])): Object: 'Object Repository/1. Constant/xpath' is clicked on

2022-06-23 19:36:34 - [MESSAGE][PASSED] - Object: 'Object Repository/1. Constant/xpath' is clicked on

2022-06-23 19:36:34 - [TEST_STEP][PASSED] - delay(2): Delayed 2 second(s)

2022-06-23 19:36:36 - [MESSAGE][PASSED] - Delayed 2 second(s)

2022-06-23 19:36:36 - [TEST_STEP][PASSED] - click(findTestObject("1. Constant/xpath", ["xpath":"//*[@id="kt_content"]/div[3]/div/ul/li[3]/a"])): Object: 'Object Repository/1. Constant/xpath' is clicked on

2022-06-23 19:36:39 - [MESSAGE][PASSED] - Object: 'Object Repository/1. Constant/xpath' is clicked on

2022-06-23 19:36:39 - [TEST_STEP][PASSED] - click(findTestObject("1. Constant/xpath", ["xpath":"/html/body/div[1]/div[2]/div[8]/div[3]/div/div[3]/div[3]/div/ul/li[5]/a"])): Object: 'Object Repository/1. Constant/xpath' is clicked on

2022-06-23 19:36:41 - [MESSAGE][PASSED] - Object: 'Object Repository/1. Constant/xpath' is clicked on

2022-06-23 19:36:41 - [TEST_STEP][PASSED] - delay(1): Delayed 1 second(s)

2022-06-23 19:36:42 - [MESSAGE][PASSED] - Delayed 1 second(s)

2022-06-23 19:36:42 - [TEST_STEP][PASSED] - click(findTestObject("1. Constant/xpath", ["xpath":"/html/body/div[1]/div[2]/div[8]/div[3]/div/div[3]/div[3]/div/div/div[5]/div/div[2]/div/div[1]/div[2]/a[3]"])): Object: 'Object Repository/1. Constant/xpath' is clicked on

2022-06-23 19:36:45 - [MESSAGE][PASSED] - Object: 'Object Repository/1. Constant/xpath' is clicked on

2022-06-23 19:36:45 - [TEST_STEP][PASSED] - delay(1): Delayed 1 second(s)

2022-06-23 19:36:46 - [MESSAGE][PASSED] - Delayed 1 second(s)

2022-06-23 19:36:46 - [TEST_STEP][PASSED] - selectOptionByValue(findTestObject("1. Constant/xpath", ["xpath":"//*[@id="added_phase"]"]), "47", false): All options with value '47' are selected in object 'Object Repository/1. Constant/xpath' 

2022-06-23 19:36:48 - [MESSAGE][PASSED] - All options with value '47' are selected in object 'Object Repository/1. Constant/xpath' 

2022-06-23 19:36:48 - [TEST_STEP][PASSED] - delay(1): Delayed 1 second(s)

2022-06-23 19:36:49 - [MESSAGE][PASSED] - Delayed 1 second(s)

2022-06-23 19:36:49 - [TEST_STEP][PASSED] - takeScreenshot(): Taking screenshot successfully

2022-06-23 19:36:51 - [MESSAGE][PASSED] - Taking screenshot successfully
[[ATTACHMENT|D:\\Projet Test Auto\\Mediabox Test Automation\\Reports\\20220623_182213\\03. Parallel Testing (Testing)\\TS -PT PART 3\\02. Sephora - Full Lifecycle FS Process and Control Tag(Chrome) - headless\\20220623_182213\\1656005810820.png]]

2022-06-23 19:36:51 - [TEST_STEP][PASSED] - click(findTestObject("1. Constant/xpath", ["xpath":"//*[@id="modal_addphase"]/div/div/div[3]/button[2]"])): Object: 'Object Repository/1. Constant/xpath' is clicked on

2022-06-23 19:36:56 - [MESSAGE][PASSED] - Object: 'Object Repository/1. Constant/xpath' is clicked on

2022-06-23 19:36:56 - [TEST_STEP][PASSED] - delay(1): Delayed 1 second(s)

2022-06-23 19:36:57 - [MESSAGE][PASSED] - Delayed 1 second(s)

2022-06-23 19:36:57 - [TEST_STEP][PASSED] - verifyElementVisible(findTestObject("1. Constant/xpath", ["xpath":"/html/body/div[1]/div[2]/div[8]/div[3]/div/div[3]/div[3]/div/ul/li[6]/a"])): Object 'Object Repository/1. Constant/xpath' is visible

2022-06-23 19:36:59 - [MESSAGE][PASSED] - Object 'Object Repository/1. Constant/xpath' is visible

2022-06-23 19:36:59 - [TEST_STEP][PASSED] - delay(1): Delayed 1 second(s)

2022-06-23 19:37:00 - [MESSAGE][PASSED] - Delayed 1 second(s)

2022-06-23 19:37:00 - [TEST_STEP][PASSED] - takeScreenshot(): Taking screenshot successfully

2022-06-23 19:37:02 - [MESSAGE][PASSED] - Taking screenshot successfully
[[ATTACHMENT|D:\\Projet Test Auto\\Mediabox Test Automation\\Reports\\20220623_182213\\03. Parallel Testing (Testing)\\TS -PT PART 3\\02. Sephora - Full Lifecycle FS Process and Control Tag(Chrome) - headless\\20220623_182213\\1656005821817.png]]

2022-06-23 19:37:02 - [TEST_STEP][PASSED] - I.Logout(): Delayed 3 second(s)

2022-06-23 19:37:05 - [MESSAGE][PASSED] - Delayed 3 second(s)

2022-06-23 19:37:07 - [MESSAGE][PASSED] - Object: 'Object Repository/1. Constant/xpath' is clicked on

2022-06-23 19:37:10 - [MESSAGE][PASSED] - Delayed 3 second(s)

2022-06-23 19:38:08 - [MESSAGE][PASSED] - Object: 'Object Repository/1. Constant/xpath' is clicked on

2022-06-23 19:38:11 - [MESSAGE][PASSED] - Delayed 3 second(s)

2022-06-23 19:38:11 - [TEST_STEP][PASSED] - I.Login_password("atran", password_atran): Object: 'Object Repository/1. Constant/xpath' is clicked on

2022-06-23 19:38:15 - [MESSAGE][PASSED] - Text 'atran' is set on object 'Object Repository/1. Constant/xpath'

2022-06-23 19:38:16 - [MESSAGE][PASSED] - Delayed 1 second(s)

2022-06-23 19:38:21 - [MESSAGE][PASSED] - Text 'dchi3' is set on object 'Object Repository/1. Constant/xpath'

2022-06-23 19:38:22 - [MESSAGE][PASSED] - Delayed 1 second(s)

2022-06-23 19:38:29 - [MESSAGE][PASSED] - Object: 'Object Repository/1. Constant/xpath' is clicked on

2022-06-23 19:38:29 - [TEST_STEP][PASSED] - click(findTestObject("1. Constant/02_LHSMenu_Projects")): Object: 'Object Repository/1. Constant/02_LHSMenu_Projects' is clicked on

2022-06-23 19:38:34 - [MESSAGE][PASSED] - Object: 'Object Repository/1. Constant/02_LHSMenu_Projects' is clicked on

2022-06-23 19:38:34 - [TEST_STEP][PASSED] - I.SearchProjectNo_xpath(Project_No, "//*[@id="keynum_project"]", "/html/body/div[1]/div[1]/div[2]/div/ul/li[2]/div/div/form/div[4]/button"): Delayed 5 second(s)

2022-06-23 19:38:35 - [MESSAGE][PASSED] - Delayed 1 second(s)

2022-06-23 19:38:40 - [MESSAGE][PASSED] - Text 'MI001953' is set on object 'Object Repository/1. Constant/xpath'

2022-06-23 19:38:43 - [MESSAGE][PASSED] - Delayed 3 second(s)

2022-06-23 19:38:45 - [MESSAGE][PASSED] - Scroll to object 'Object Repository/1. Constant/xpath' successfully

2022-06-23 19:38:50 - [MESSAGE][PASSED] - Object: 'Object Repository/1. Constant/xpath' is clicked on

2022-06-23 19:38:55 - [MESSAGE][PASSED] - Delayed 5 second(s)

2022-06-23 19:38:55 - [TEST_STEP][PASSED] - takeScreenshot(): Taking screenshot successfully

2022-06-23 19:38:57 - [MESSAGE][PASSED] - Taking screenshot successfully
[[ATTACHMENT|D:\\Projet Test Auto\\Mediabox Test Automation\\Reports\\20220623_182213\\03. Parallel Testing (Testing)\\TS -PT PART 3\\02. Sephora - Full Lifecycle FS Process and Control Tag(Chrome) - headless\\20220623_182213\\1656005936619.png]]

2022-06-23 19:38:57 - [TEST_STEP][PASSED] - delay(1): Delayed 1 second(s)

2022-06-23 19:38:58 - [MESSAGE][PASSED] - Delayed 1 second(s)

2022-06-23 19:38:58 - [TEST_STEP][PASSED] - takeScreenshot(): Taking screenshot successfully

2022-06-23 19:39:00 - [MESSAGE][PASSED] - Taking screenshot successfully
[[ATTACHMENT|D:\\Projet Test Auto\\Mediabox Test Automation\\Reports\\20220623_182213\\03. Parallel Testing (Testing)\\TS -PT PART 3\\02. Sephora - Full Lifecycle FS Process and Control Tag(Chrome) - headless\\20220623_182213\\1656005940034.png]]

2022-06-23 19:39:00 - [TEST_STEP][PASSED] - lf3 = getText(findTestObject("1. Constant/xpath", ["xpath":"//*[@id="source_" + refID + ""]/td[5]/span"])): Text of object 'Object Repository/1. Constant/xpath' is: 'FS Part'

2022-06-23 19:39:02 - [MESSAGE][PASSED] - Text of object 'Object Repository/1. Constant/xpath' is: 'FS Part'

2022-06-23 19:39:02 - [TEST_STEP][PASSED] - verifyMatch(lf3, "FS Part", false): Actual text 'FS Part' and expected text 'FS Part' are matched 

2022-06-23 19:39:02 - [MESSAGE][PASSED] - Actual text 'FS Part' and expected text 'FS Part' are matched 

2022-06-23 19:39:02 - [TEST_STEP][PASSED] - click(findTestObject("1. Constant/xpath", ["xpath":"//*[@id="source_" + refID + ""]/td[4]/a"])): Object: 'Object Repository/1. Constant/xpath' is clicked on

2022-06-23 19:39:13 - [MESSAGE][PASSED] - Object: 'Object Repository/1. Constant/xpath' is clicked on

2022-06-23 19:39:13 - [TEST_STEP][PASSED] - delay(2): Delayed 2 second(s)

2022-06-23 19:39:15 - [MESSAGE][PASSED] - Delayed 2 second(s)

2022-06-23 19:39:15 - [TEST_STEP][PASSED] - click(findTestObject("1. Constant/xpath", ["xpath":"//*[@id="kt_content"]/div[3]/div/ul/li[3]/a"])): Object: 'Object Repository/1. Constant/xpath' is clicked on

2022-06-23 19:39:19 - [MESSAGE][PASSED] - Object: 'Object Repository/1. Constant/xpath' is clicked on

2022-06-23 19:39:19 - [TEST_STEP][PASSED] - click(findTestObject("1. Constant/xpath", ["xpath":"/html/body/div[1]/div[2]/div[8]/div[3]/div/div[3]/div[3]/div/ul/li[6]/a"])): Object: 'Object Repository/1. Constant/xpath' is clicked on

2022-06-23 19:39:21 - [MESSAGE][PASSED] - Object: 'Object Repository/1. Constant/xpath' is clicked on

2022-06-23 19:39:21 - [TEST_STEP][PASSED] - delay(1): Delayed 1 second(s)

2022-06-23 19:39:22 - [MESSAGE][PASSED] - Delayed 1 second(s)

2022-06-23 19:39:22 - [TEST_STEP][PASSED] - takeScreenshot(): Taking screenshot successfully

2022-06-23 19:39:23 - [MESSAGE][PASSED] - Taking screenshot successfully
[[ATTACHMENT|D:\\Projet Test Auto\\Mediabox Test Automation\\Reports\\20220623_182213\\03. Parallel Testing (Testing)\\TS -PT PART 3\\02. Sephora - Full Lifecycle FS Process and Control Tag(Chrome) - headless\\20220623_182213\\1656005963179.png]]

2022-06-23 19:39:23 - [TEST_STEP][PASSED] - Actual_added4 = getText(findTestObject("1. Constant/xpath", ["xpath":"/html/body/div[1]/div[2]/div[8]/div[3]/div/div[3]/div[3]/div/div/div[6]/div/div/div/div[2]/h6"])): Text of object 'Object Repository/1. Constant/xpath' is: 'Added manually 23/06/2022 19:36 By Lorriane RAZAFINDRAMISA'

2022-06-23 19:39:25 - [MESSAGE][PASSED] - Text of object 'Object Repository/1. Constant/xpath' is: 'Added manually 23/06/2022 19:36 By Lorriane RAZAFINDRAMISA'

2022-06-23 19:39:25 - [TEST_STEP][PASSED] - test14 = Actual_added4.contains("Added manually"): null

2022-06-23 19:39:25 - [TEST_STEP][PASSED] - verifyMatch(test14, "true", false): Actual text 'true' and expected text 'true' are matched 

2022-06-23 19:39:25 - [MESSAGE][PASSED] - Actual text 'true' and expected text 'true' are matched 

2022-06-23 19:39:25 - [TEST_STEP][PASSED] - test24 = Actual_added4.contains("By Lorriane RAZAFINDRAMISA"): null

2022-06-23 19:39:25 - [TEST_STEP][PASSED] - verifyMatch(test24, "true", false): Actual text 'true' and expected text 'true' are matched 

2022-06-23 19:39:25 - [MESSAGE][PASSED] - Actual text 'true' and expected text 'true' are matched 

2022-06-23 19:39:25 - [TEST_STEP][PASSED] - click(findTestObject("1. Constant/xpath", ["xpath":"//*[@id="kt_subheader"]/div/nav/ol/li[2]/a"])): Object: 'Object Repository/1. Constant/xpath' is clicked on

2022-06-23 19:39:28 - [MESSAGE][PASSED] - Object: 'Object Repository/1. Constant/xpath' is clicked on

2022-06-23 19:39:28 - [TEST_STEP][PASSED] - delay(1): Delayed 1 second(s)

2022-06-23 19:39:29 - [MESSAGE][PASSED] - Delayed 1 second(s)

2022-06-23 19:39:29 - [TEST_STEP][PASSED] - takeScreenshot(): Taking screenshot successfully

2022-06-23 19:39:32 - [MESSAGE][PASSED] - Taking screenshot successfully
[[ATTACHMENT|D:\\Projet Test Auto\\Mediabox Test Automation\\Reports\\20220623_182213\\03. Parallel Testing (Testing)\\TS -PT PART 3\\02. Sephora - Full Lifecycle FS Process and Control Tag(Chrome) - headless\\20220623_182213\\1656005971140.png]]

2022-06-23 19:39:32 - [TEST_STEP][PASSED] - click(findTestObject("1. Constant/xpath", ["xpath":"//*[@id="source_" + refID + ""]/td[7]/a"])): Object: 'Object Repository/1. Constant/xpath' is clicked on

2022-06-23 19:39:36 - [MESSAGE][PASSED] - Object: 'Object Repository/1. Constant/xpath' is clicked on

2022-06-23 19:39:36 - [TEST_STEP][PASSED] - takeScreenshot(): Taking screenshot successfully

2022-06-23 19:39:37 - [MESSAGE][PASSED] - Taking screenshot successfully
[[ATTACHMENT|D:\\Projet Test Auto\\Mediabox Test Automation\\Reports\\20220623_182213\\03. Parallel Testing (Testing)\\TS -PT PART 3\\02. Sephora - Full Lifecycle FS Process and Control Tag(Chrome) - headless\\20220623_182213\\1656005977237.png]]

2022-06-23 19:39:37 - [TEST_STEP][PASSED] - click(findTestObject("1. Constant/xpath", ["xpath":"//*[@id="ModifFiche"]/div[1]/div/button[2]"])): Object: 'Object Repository/1. Constant/xpath' is clicked on

2022-06-23 19:39:44 - [MESSAGE][PASSED] - Object: 'Object Repository/1. Constant/xpath' is clicked on

2022-06-23 19:39:44 - [TEST_STEP][PASSED] - delay(1): Delayed 1 second(s)

2022-06-23 19:39:45 - [MESSAGE][PASSED] - Delayed 1 second(s)

2022-06-23 19:39:45 - [TEST_STEP][PASSED] - takeScreenshot(): Taking screenshot successfully

2022-06-23 19:39:47 - [MESSAGE][PASSED] - Taking screenshot successfully
[[ATTACHMENT|D:\\Projet Test Auto\\Mediabox Test Automation\\Reports\\20220623_182213\\03. Parallel Testing (Testing)\\TS -PT PART 3\\02. Sephora - Full Lifecycle FS Process and Control Tag(Chrome) - headless\\20220623_182213\\1656005987044.png]]

2022-06-23 19:39:47 - [TEST_STEP][PASSED] - lf4 = getText(findTestObject("1. Constant/xpath", ["xpath":"//*[@id="source_" + refID + ""]/td[5]/span"])): Text of object 'Object Repository/1. Constant/xpath' is: 'Complete'

2022-06-23 19:39:49 - [MESSAGE][PASSED] - Text of object 'Object Repository/1. Constant/xpath' is: 'Complete'

2022-06-23 19:39:49 - [TEST_STEP][PASSED] - verifyMatch(lf4, "Complete", false): Actual text 'Complete' and expected text 'Complete' are matched 

2022-06-23 19:39:49 - [MESSAGE][PASSED] - Actual text 'Complete' and expected text 'Complete' are matched 

2022-06-23 19:39:49 - [TEST_STEP][PASSED] - closeBrowser(): Browser is closed

2022-06-23 19:40:00 - [MESSAGE][PASSED] - Browser is closed

2022-06-23 19:40:00 - [TEST_STEP][PASSED] - Start listener action : sampleAfterTestCase: null]]></system-out>
         <system-err><![CDATA[]]></system-err>
      </testcase>
      <testcase name="Test Cases/15 Sephora _ Starpack Add Phase Manually (Completed_Not completed ref)/15.02 Sephora Flashback (Completed ref) Add step group - Existing ref 3.02 P2" time="360.696" classname="Test Cases/15 Sephora _ Starpack Add Phase Manually (Completed_Not completed ref)/15.02 Sephora Flashback (Completed ref) Add step group - Existing ref 3.02 P2" status="PASSED">
         <system-out><![CDATA[2022-06-23 19:40:00 - [TEST_CASE][PASSED] - Test Cases/15 Sephora _ Starpack Add Phase Manually (Completed_Not completed ref)/15.02 Sephora Flashback (Completed ref) Add step group - Existing ref 3.02 P2: Test Cases/15 Sephora _ Starpack Add Phase Manually (Completed_Not completed ref)/15.02 Sephora Flashback (Completed ref) Add step group - Existing ref 3.02 P2

2022-06-23 19:40:01 - [TEST_STEP][PASSED] - data_Sephora = findTestData("Data Files/Username_Password/Sephora"): null

2022-06-23 19:40:01 - [TEST_STEP][PASSED] - password_atran = data_Sephora.getValue(2, 1): null

2022-06-23 19:40:01 - [TEST_STEP][PASSED] - password_marketing = data_Sephora.getValue(2, 2): null

2022-06-23 19:40:01 - [TEST_STEP][PASSED] - password_regulatory = data_Sephora.getValue(2, 3): null

2022-06-23 19:40:01 - [TEST_STEP][PASSED] - password_studio = data_Sephora.getValue(2, 4): null

2022-06-23 19:40:01 - [TEST_STEP][PASSED] - password_iraz = data_Sephora.getValue(2, 5): null

2022-06-23 19:40:01 - [TEST_STEP][PASSED] - password_cmouzawak = data_Sephora.getValue(2, 6): null

2022-06-23 19:40:01 - [TEST_STEP][PASSED] - password_aalbeaux = data_Sephora.getValue(2, 7): null

2022-06-23 19:40:01 - [TEST_STEP][PASSED] - password_hgarnier = data_Sephora.getValue(2, 8): null

2022-06-23 19:40:01 - [TEST_STEP][PASSED] - password_emartineau = data_Sephora.getValue(2, 9): null

2022-06-23 19:40:01 - [TEST_STEP][PASSED] - password_suser = data_Sephora.getValue(2, 10): null

2022-06-23 19:40:01 - [TEST_STEP][PASSED] - password_lmorel = data_Sephora.getValue(2, 11): null

2022-06-23 19:40:01 - [TEST_STEP][PASSED] - data_urlRELAUTO = findTestData("Data Files/URL/URL_relauto"): null

2022-06-23 19:40:01 - [TEST_STEP][PASSED] - Url_Sephora = data_urlRELAUTO.getValue(2, 1): null

2022-06-23 19:40:01 - [TEST_STEP][PASSED] - Project_No = I.readnotepad("D:\Upoad_File\Projet_ Login\Sephora\3.02\3.02_Sephora_ProjectNo.txt"): null

2022-06-23 19:40:01 - [TEST_STEP][PASSED] - refID = I.readnotepad("D:\Upoad_File\Projet_ Login\Sephora\3.02\3.02_Sephora_refID.txt"): null

2022-06-23 19:40:01 - [TEST_STEP][PASSED] - openBrowser(Url_Sephora): Browser is opened with url: 'http://mdb-release.diadeis.lan/MediaboxIndependence/?MBI_datasource=RELTESTAUTO_SEPHORA'

2022-06-23 19:40:01 - [MESSAGE][INFO] - Starting 'Chrome' driver

2022-06-23 19:40:01 - [MESSAGE][INFO] - User set preference: ['arg', '[[--lang=en-GB]]']

2022-06-23 19:40:01 - [MESSAGE][INFO] - Action delay is set to 0 milliseconds

2022-06-23 19:41:01 - [MESSAGE][PASSED] - Browser is opened with url: 'http://mdb-release.diadeis.lan/MediaboxIndependence/?MBI_datasource=RELTESTAUTO_SEPHORA'

2022-06-23 19:41:01 - [TEST_STEP][PASSED] - maximizeWindow(): Current window maximized

2022-06-23 19:41:14 - [MESSAGE][PASSED] - Current window maximized

2022-06-23 19:41:14 - [TEST_STEP][PASSED] - takeScreenshot(): Taking screenshot successfully

2022-06-23 19:41:17 - [MESSAGE][PASSED] - Taking screenshot successfully
[[ATTACHMENT|D:\\Projet Test Auto\\Mediabox Test Automation\\Reports\\20220623_182213\\03. Parallel Testing (Testing)\\TS -PT PART 3\\02. Sephora - Full Lifecycle FS Process and Control Tag(Chrome) - headless\\20220623_182213\\1656006076025.png]]

2022-06-23 19:41:17 - [TEST_STEP][PASSED] - I.Login_password("lraz", password_iraz): Object: 'Object Repository/1. Constant/xpath' is clicked on

2022-06-23 19:41:27 - [MESSAGE][PASSED] - Text 'lraz' is set on object 'Object Repository/1. Constant/xpath'

2022-06-23 19:41:28 - [MESSAGE][PASSED] - Delayed 1 second(s)

2022-06-23 19:41:34 - [MESSAGE][PASSED] - Text 'dchi3' is set on object 'Object Repository/1. Constant/xpath'

2022-06-23 19:41:35 - [MESSAGE][PASSED] - Delayed 1 second(s)

2022-06-23 19:41:51 - [MESSAGE][PASSED] - Object: 'Object Repository/1. Constant/xpath' is clicked on

2022-06-23 19:41:51 - [TEST_STEP][PASSED] - click(findTestObject("1. Constant/02_LHSMenu_Projects")): Object: 'Object Repository/1. Constant/02_LHSMenu_Projects' is clicked on

2022-06-23 19:41:58 - [MESSAGE][PASSED] - Object: 'Object Repository/1. Constant/02_LHSMenu_Projects' is clicked on

2022-06-23 19:41:58 - [TEST_STEP][PASSED] - I.SearchProjectNo_xpath(Project_No, "//*[@id="keynum_project"]", "/html/body/div[1]/div[1]/div[2]/div/ul/li[2]/div/div/form/div[4]/button"): Delayed 5 second(s)

2022-06-23 19:41:59 - [MESSAGE][PASSED] - Delayed 1 second(s)

2022-06-23 19:42:03 - [MESSAGE][PASSED] - Text 'MI001954' is set on object 'Object Repository/1. Constant/xpath'

2022-06-23 19:42:06 - [MESSAGE][PASSED] - Delayed 3 second(s)

2022-06-23 19:42:07 - [MESSAGE][PASSED] - Scroll to object 'Object Repository/1. Constant/xpath' successfully

2022-06-23 19:42:12 - [MESSAGE][PASSED] - Object: 'Object Repository/1. Constant/xpath' is clicked on

2022-06-23 19:42:17 - [MESSAGE][PASSED] - Delayed 5 second(s)

2022-06-23 19:42:17 - [TEST_STEP][PASSED] - delay(1): Delayed 1 second(s)

2022-06-23 19:42:18 - [MESSAGE][PASSED] - Delayed 1 second(s)

2022-06-23 19:42:18 - [TEST_STEP][PASSED] - takeScreenshot(): Taking screenshot successfully

2022-06-23 19:42:19 - [MESSAGE][PASSED] - Taking screenshot successfully
[[ATTACHMENT|D:\\Projet Test Auto\\Mediabox Test Automation\\Reports\\20220623_182213\\03. Parallel Testing (Testing)\\TS -PT PART 3\\02. Sephora - Full Lifecycle FS Process and Control Tag(Chrome) - headless\\20220623_182213\\1656006138989.png]]

2022-06-23 19:42:19 - [TEST_STEP][PASSED] - click(findTestObject("1. Constant/xpath", ["xpath":"//*[@id="source_" + refID + ""]/td[4]/a"])): Object: 'Object Repository/1. Constant/xpath' is clicked on

2022-06-23 19:42:34 - [MESSAGE][PASSED] - Object: 'Object Repository/1. Constant/xpath' is clicked on

2022-06-23 19:42:34 - [TEST_STEP][PASSED] - delay(2): Delayed 2 second(s)

2022-06-23 19:42:36 - [MESSAGE][PASSED] - Delayed 2 second(s)

2022-06-23 19:42:36 - [TEST_STEP][PASSED] - click(findTestObject("1. Constant/xpath", ["xpath":"//*[@id="kt_content"]/div[3]/div/ul/li[3]/a"])): Object: 'Object Repository/1. Constant/xpath' is clicked on

2022-06-23 19:42:39 - [MESSAGE][PASSED] - Object: 'Object Repository/1. Constant/xpath' is clicked on

2022-06-23 19:42:39 - [TEST_STEP][PASSED] - click(findTestObject("1. Constant/xpath", ["xpath":"/html/body/div[1]/div[2]/div[8]/div[3]/div/div[3]/div[3]/div/ul/li[4]/a"])): Object: 'Object Repository/1. Constant/xpath' is clicked on

2022-06-23 19:42:40 - [MESSAGE][PASSED] - Object: 'Object Repository/1. Constant/xpath' is clicked on

2022-06-23 19:42:40 - [TEST_STEP][PASSED] - delay(1): Delayed 1 second(s)

2022-06-23 19:42:41 - [MESSAGE][PASSED] - Delayed 1 second(s)

2022-06-23 19:42:41 - [TEST_STEP][PASSED] - click(findTestObject("1. Constant/xpath", ["xpath":"/html/body/div[1]/div[2]/div[8]/div[3]/div/div[3]/div[3]/div/div/div[4]/div/div/div/div[1]/div[2]/div/a[1]"])): Object: 'Object Repository/1. Constant/xpath' is clicked on

2022-06-23 19:42:45 - [MESSAGE][PASSED] - Object: 'Object Repository/1. Constant/xpath' is clicked on

2022-06-23 19:42:45 - [TEST_STEP][PASSED] - delay(1): Delayed 1 second(s)

2022-06-23 19:42:46 - [MESSAGE][PASSED] - Delayed 1 second(s)

2022-06-23 19:42:46 - [TEST_STEP][PASSED] - takeScreenshot(): Taking screenshot successfully

2022-06-23 19:42:49 - [MESSAGE][PASSED] - Taking screenshot successfully
[[ATTACHMENT|D:\\Projet Test Auto\\Mediabox Test Automation\\Reports\\20220623_182213\\03. Parallel Testing (Testing)\\TS -PT PART 3\\02. Sephora - Full Lifecycle FS Process and Control Tag(Chrome) - headless\\20220623_182213\\1656006168452.png]]

2022-06-23 19:42:49 - [TEST_STEP][PASSED] - selectOptionByValue(findTestObject("1. Constant/xpath", ["xpath":"//*[@id="added_grp_step"]"]), "11", false): All options with value '11' are selected in object 'Object Repository/1. Constant/xpath' 

2022-06-23 19:42:53 - [MESSAGE][PASSED] - All options with value '11' are selected in object 'Object Repository/1. Constant/xpath' 

2022-06-23 19:42:53 - [TEST_STEP][PASSED] - click(findTestObject("1. Constant/xpath", ["xpath":"//*[@id="modal_addphase"]/div/div/div[3]/button[2]"])): Object: 'Object Repository/1. Constant/xpath' is clicked on

2022-06-23 19:43:01 - [MESSAGE][PASSED] - Object: 'Object Repository/1. Constant/xpath' is clicked on

2022-06-23 19:43:01 - [TEST_STEP][PASSED] - delay(2): Delayed 2 second(s)

2022-06-23 19:43:03 - [MESSAGE][PASSED] - Delayed 2 second(s)

2022-06-23 19:43:03 - [TEST_STEP][PASSED] - verifyElementPresent(findTestObject("1. Constant/xpath", ["xpath":"/html/body/div[1]/div[2]/div[8]/div[3]/div/div[3]/div[3]/div/ul/li[5]/a"]), 5): Object 'Object Repository/1. Constant/xpath' is present

2022-06-23 19:43:04 - [MESSAGE][PASSED] - Object 'Object Repository/1. Constant/xpath' is present

2022-06-23 19:43:04 - [TEST_STEP][PASSED] - verifyElementPresent(findTestObject("1. Constant/xpath", ["xpath":"/html/body/div[1]/div[2]/div[8]/div[3]/div/div[3]/div[3]/div/ul/li[6]/a"]), 5): Object 'Object Repository/1. Constant/xpath' is present

2022-06-23 19:43:05 - [MESSAGE][PASSED] - Object 'Object Repository/1. Constant/xpath' is present

2022-06-23 19:43:05 - [TEST_STEP][PASSED] - I.Logout(): Delayed 3 second(s)

2022-06-23 19:43:08 - [MESSAGE][PASSED] - Delayed 3 second(s)

2022-06-23 19:43:11 - [MESSAGE][PASSED] - Object: 'Object Repository/1. Constant/xpath' is clicked on

2022-06-23 19:43:15 - [MESSAGE][PASSED] - Delayed 3 second(s)

2022-06-23 19:44:08 - [MESSAGE][PASSED] - Object: 'Object Repository/1. Constant/xpath' is clicked on

2022-06-23 19:44:11 - [MESSAGE][PASSED] - Delayed 3 second(s)

2022-06-23 19:44:11 - [TEST_STEP][PASSED] - I.Login_password("studio", password_studio): Object: 'Object Repository/1. Constant/xpath' is clicked on

2022-06-23 19:44:17 - [MESSAGE][PASSED] - Text 'studio' is set on object 'Object Repository/1. Constant/xpath'

2022-06-23 19:44:18 - [MESSAGE][PASSED] - Delayed 1 second(s)

2022-06-23 19:44:24 - [MESSAGE][PASSED] - Text 'dchi4' is set on object 'Object Repository/1. Constant/xpath'

2022-06-23 19:44:25 - [MESSAGE][PASSED] - Delayed 1 second(s)

2022-06-23 19:44:30 - [MESSAGE][PASSED] - Object: 'Object Repository/1. Constant/xpath' is clicked on

2022-06-23 19:44:30 - [TEST_STEP][PASSED] - click(findTestObject("1. Constant/02_LHSMenu_Projects")): Object: 'Object Repository/1. Constant/02_LHSMenu_Projects' is clicked on

2022-06-23 19:44:35 - [MESSAGE][PASSED] - Object: 'Object Repository/1. Constant/02_LHSMenu_Projects' is clicked on

2022-06-23 19:44:35 - [TEST_STEP][PASSED] - I.SearchProjectNo_xpath(Project_No, "//*[@id="keynum_project"]", "/html/body/div[1]/div[1]/div[2]/div/ul/li[2]/div/div/form/div[4]/button"): Delayed 5 second(s)

2022-06-23 19:44:36 - [MESSAGE][PASSED] - Delayed 1 second(s)

2022-06-23 19:44:39 - [MESSAGE][PASSED] - Text 'MI001954' is set on object 'Object Repository/1. Constant/xpath'

2022-06-23 19:44:42 - [MESSAGE][PASSED] - Delayed 3 second(s)

2022-06-23 19:44:43 - [MESSAGE][PASSED] - Scroll to object 'Object Repository/1. Constant/xpath' successfully

2022-06-23 19:44:51 - [MESSAGE][PASSED] - Object: 'Object Repository/1. Constant/xpath' is clicked on

2022-06-23 19:44:56 - [MESSAGE][PASSED] - Delayed 5 second(s)

2022-06-23 19:44:56 - [TEST_STEP][PASSED] - takeScreenshot(): Taking screenshot successfully

2022-06-23 19:44:58 - [MESSAGE][PASSED] - Taking screenshot successfully
[[ATTACHMENT|D:\\Projet Test Auto\\Mediabox Test Automation\\Reports\\20220623_182213\\03. Parallel Testing (Testing)\\TS -PT PART 3\\02. Sephora - Full Lifecycle FS Process and Control Tag(Chrome) - headless\\20220623_182213\\1656006297725.png]]

2022-06-23 19:44:58 - [TEST_STEP][PASSED] - delay(1): Delayed 1 second(s)

2022-06-23 19:44:59 - [MESSAGE][PASSED] - Delayed 1 second(s)

2022-06-23 19:44:59 - [TEST_STEP][PASSED] - takeScreenshot(): Taking screenshot successfully

2022-06-23 19:45:00 - [MESSAGE][PASSED] - Taking screenshot successfully
[[ATTACHMENT|D:\\Projet Test Auto\\Mediabox Test Automation\\Reports\\20220623_182213\\03. Parallel Testing (Testing)\\TS -PT PART 3\\02. Sephora - Full Lifecycle FS Process and Control Tag(Chrome) - headless\\20220623_182213\\1656006299828.png]]

2022-06-23 19:45:00 - [TEST_STEP][PASSED] - lf1 = getText(findTestObject("1. Constant/xpath", ["xpath":"//*[@id="source_" + refID + ""]/td[5]/span[1]"])): Text of object 'Object Repository/1. Constant/xpath' is: 'Studio ACK'

2022-06-23 19:45:02 - [MESSAGE][PASSED] - Text of object 'Object Repository/1. Constant/xpath' is: 'Studio ACK'

2022-06-23 19:45:02 - [TEST_STEP][PASSED] - verifyMatch(lf1, "Studio ACK", false): Actual text 'Studio ACK' and expected text 'Studio ACK' are matched 

2022-06-23 19:45:02 - [MESSAGE][PASSED] - Actual text 'Studio ACK' and expected text 'Studio ACK' are matched 

2022-06-23 19:45:02 - [TEST_STEP][PASSED] - I.submitquesiton_ref(findTestObject("1. Constant/xpath", ["xpath":"//*[@id="source_" + refID + ""]/td[8]/div/button"]), findTestObject("1. Constant/xpath", ["xpath":"//*[@id="source_" + refID + ""]/td[8]/div/div/a"])): Object: 'Object Repository/1. Constant/xpath' is clicked on

2022-06-23 19:45:06 - [MESSAGE][PASSED] - Object: 'Object Repository/1. Constant/xpath' is clicked on

2022-06-23 19:45:09 - [MESSAGE][PASSED] - Delayed 3 second(s)

2022-06-23 19:45:15 - [MESSAGE][PASSED] - Object: 'Object Repository/1. Constant/xpath' is clicked on

2022-06-23 19:45:15 - [TEST_STEP][PASSED] - click(findTestObject("1. Constant/xpath", ["xpath":"//*[@id="ModifFiche"]/div[1]/div/button[2]"])): Object: 'Object Repository/1. Constant/xpath' is clicked on

2022-06-23 19:45:21 - [MESSAGE][PASSED] - Object: 'Object Repository/1. Constant/xpath' is clicked on

2022-06-23 19:45:21 - [TEST_STEP][PASSED] - takeScreenshot(): Taking screenshot successfully

2022-06-23 19:45:24 - [MESSAGE][PASSED] - Taking screenshot successfully
[[ATTACHMENT|D:\\Projet Test Auto\\Mediabox Test Automation\\Reports\\20220623_182213\\03. Parallel Testing (Testing)\\TS -PT PART 3\\02. Sephora - Full Lifecycle FS Process and Control Tag(Chrome) - headless\\20220623_182213\\1656006323551.png]]

2022-06-23 19:45:24 - [TEST_STEP][PASSED] - lf2 = getText(findTestObject("1. Constant/xpath", ["xpath":"//*[@id="source_" + refID + ""]/td[5]/span[1]"])): Text of object 'Object Repository/1. Constant/xpath' is: 'DDC Prod'

2022-06-23 19:45:26 - [MESSAGE][PASSED] - Text of object 'Object Repository/1. Constant/xpath' is: 'DDC Prod'

2022-06-23 19:45:26 - [TEST_STEP][PASSED] - verifyMatch(lf2, "DDC Prod", false): Actual text 'DDC Prod' and expected text 'DDC Prod' are matched 

2022-06-23 19:45:26 - [MESSAGE][PASSED] - Actual text 'DDC Prod' and expected text 'DDC Prod' are matched 

2022-06-23 19:45:26 - [TEST_STEP][PASSED] - closeBrowser(): Browser is closed

2022-06-23 19:46:00 - [MESSAGE][PASSED] - Browser is closed

2022-06-23 19:46:00 - [TEST_STEP][PASSED] - Start listener action : sampleAfterTestCase: null]]></system-out>
         <system-err><![CDATA[]]></system-err>
      </testcase>
      <testcase name="Test Cases/18. Tag Sephora Npp Starpack Task (Standard_ Question_ Prod)/18.03 Sephora Change of RightsTicket 5399" time="724.727" classname="Test Cases/18. Tag Sephora Npp Starpack Task (Standard_ Question_ Prod)/18.03 Sephora Change of RightsTicket 5399" status="PASSED">
         <system-out><![CDATA[2022-06-23 19:46:00 - [TEST_CASE][PASSED] - Test Cases/18. Tag Sephora Npp Starpack Task (Standard_ Question_ Prod)/18.03 Sephora Change of RightsTicket 5399: Test Cases/18. Tag Sephora Npp Starpack Task (Standard_ Question_ Prod)/18.03 Sephora Change of RightsTicket 5399

2022-06-23 19:46:01 - [TEST_STEP][PASSED] - data_Sephora = findTestData("Data Files/Username_Password/Sephora"): null

2022-06-23 19:46:01 - [TEST_STEP][PASSED] - password_atran = data_Sephora.getValue(2, 1): null

2022-06-23 19:46:01 - [TEST_STEP][PASSED] - password_marketing = data_Sephora.getValue(2, 2): null

2022-06-23 19:46:01 - [TEST_STEP][PASSED] - password_regulatory = data_Sephora.getValue(2, 3): null

2022-06-23 19:46:01 - [TEST_STEP][PASSED] - password_studio = data_Sephora.getValue(2, 4): null

2022-06-23 19:46:01 - [TEST_STEP][PASSED] - password_iraz = data_Sephora.getValue(2, 5): null

2022-06-23 19:46:01 - [TEST_STEP][PASSED] - password_cmouzawak = data_Sephora.getValue(2, 6): null

2022-06-23 19:46:01 - [TEST_STEP][PASSED] - password_aalbeaux = data_Sephora.getValue(2, 7): null

2022-06-23 19:46:01 - [TEST_STEP][PASSED] - password_hgarnier = data_Sephora.getValue(2, 8): null

2022-06-23 19:46:01 - [TEST_STEP][PASSED] - password_emartineau = data_Sephora.getValue(2, 9): null

2022-06-23 19:46:01 - [TEST_STEP][PASSED] - password_suser = data_Sephora.getValue(2, 10): null

2022-06-23 19:46:01 - [TEST_STEP][PASSED] - password_lmorel = data_Sephora.getValue(2, 11): null

2022-06-23 19:46:01 - [TEST_STEP][PASSED] - password_ageindreau = data_Sephora.getValue(2, 12): null

2022-06-23 19:46:01 - [TEST_STEP][PASSED] - password_ytallant = data_Sephora.getValue(2, 13): null

2022-06-23 19:46:01 - [TEST_STEP][PASSED] - data_urlRELAUTO = findTestData("Data Files/URL/URL_relauto"): null

2022-06-23 19:46:01 - [TEST_STEP][PASSED] - Url_Sephora = data_urlRELAUTO.getValue(2, 1): null

2022-06-23 19:46:01 - [TEST_STEP][PASSED] - openBrowser(Url_Sephora): Browser is opened with url: 'http://mdb-release.diadeis.lan/MediaboxIndependence/?MBI_datasource=RELTESTAUTO_SEPHORA'

2022-06-23 19:46:01 - [MESSAGE][INFO] - Starting 'Chrome' driver

2022-06-23 19:46:01 - [MESSAGE][INFO] - User set preference: ['arg', '[[--lang=en-GB]]']

2022-06-23 19:46:02 - [MESSAGE][INFO] - Action delay is set to 0 milliseconds

2022-06-23 19:47:08 - [MESSAGE][PASSED] - Browser is opened with url: 'http://mdb-release.diadeis.lan/MediaboxIndependence/?MBI_datasource=RELTESTAUTO_SEPHORA'

2022-06-23 19:47:08 - [TEST_STEP][PASSED] - maximizeWindow(): Current window maximized

2022-06-23 19:47:08 - [MESSAGE][PASSED] - Current window maximized

2022-06-23 19:47:08 - [TEST_STEP][PASSED] - takeScreenshot(): Taking screenshot successfully

2022-06-23 19:47:10 - [MESSAGE][PASSED] - Taking screenshot successfully
[[ATTACHMENT|D:\\Projet Test Auto\\Mediabox Test Automation\\Reports\\20220623_182213\\03. Parallel Testing (Testing)\\TS -PT PART 3\\02. Sephora - Full Lifecycle FS Process and Control Tag(Chrome) - headless\\20220623_182213\\1656006429891.png]]

2022-06-23 19:47:10 - [TEST_STEP][PASSED] - I.Login_password("atran", password_atran): Object: 'Object Repository/1. Constant/xpath' is clicked on

2022-06-23 19:47:13 - [MESSAGE][PASSED] - Text 'atran' is set on object 'Object Repository/1. Constant/xpath'

2022-06-23 19:47:14 - [MESSAGE][PASSED] - Delayed 1 second(s)

2022-06-23 19:47:18 - [MESSAGE][PASSED] - Text 'dchi3' is set on object 'Object Repository/1. Constant/xpath'

2022-06-23 19:47:19 - [MESSAGE][PASSED] - Delayed 1 second(s)

2022-06-23 19:47:42 - [MESSAGE][PASSED] - Object: 'Object Repository/1. Constant/xpath' is clicked on

2022-06-23 19:47:42 - [TEST_STEP][PASSED] - takeScreenshot(): Taking screenshot successfully

2022-06-23 19:47:43 - [MESSAGE][PASSED] - Taking screenshot successfully
[[ATTACHMENT|D:\\Projet Test Auto\\Mediabox Test Automation\\Reports\\20220623_182213\\03. Parallel Testing (Testing)\\TS -PT PART 3\\02. Sephora - Full Lifecycle FS Process and Control Tag(Chrome) - headless\\20220623_182213\\1656006463017.png]]

2022-06-23 19:47:43 - [TEST_STEP][PASSED] - click(findTestObject("1. Constant/02_LHSMenu_Projects")): Object: 'Object Repository/1. Constant/02_LHSMenu_Projects' is clicked on

2022-06-23 19:47:52 - [MESSAGE][PASSED] - Object: 'Object Repository/1. Constant/02_LHSMenu_Projects' is clicked on

2022-06-23 19:47:52 - [TEST_STEP][PASSED] - click(findTestObject("xxx Todelete/3 ProjectListPage_Create_Project_Button")): Object: 'Object Repository/xxx Todelete/3 ProjectListPage_Create_Project_Button' is clicked on

2022-06-23 19:47:59 - [MESSAGE][PASSED] - Object: 'Object Repository/xxx Todelete/3 ProjectListPage_Create_Project_Button' is clicked on

2022-06-23 19:47:59 - [TEST_STEP][PASSED] - takeScreenshot(): Taking screenshot successfully

2022-06-23 19:48:01 - [MESSAGE][PASSED] - Taking screenshot successfully
[[ATTACHMENT|D:\\Projet Test Auto\\Mediabox Test Automation\\Reports\\20220623_182213\\03. Parallel Testing (Testing)\\TS -PT PART 3\\02. Sephora - Full Lifecycle FS Process and Control Tag(Chrome) - headless\\20220623_182213\\1656006481225.png]]

2022-06-23 19:48:01 - [TEST_STEP][PASSED] - project_name = "AutoTest_Chrome_" + RandomStringUtils.randomAlphanumeric(10) + "_" + I.gettimedate(): null

2022-06-23 19:48:01 - [TEST_STEP][PASSED] - setText(findTestObject("HL Full Lifecycle/4 CreateProjPage_inputProjectname"), project_name): Text 'AutoTest_Chrome_d7InaNvNMT_juin232022_194801' is set on object 'Object Repository/HL Full Lifecycle/4 CreateProjPage_inputProjectname'

2022-06-23 19:48:03 - [MESSAGE][PASSED] - Text 'AutoTest_Chrome_d7InaNvNMT_juin232022_194801' is set on object 'Object Repository/HL Full Lifecycle/4 CreateProjPage_inputProjectname'

2022-06-23 19:48:03 - [TEST_STEP][PASSED] - takeScreenshot(): Taking screenshot successfully

2022-06-23 19:48:05 - [MESSAGE][PASSED] - Taking screenshot successfully
[[ATTACHMENT|D:\\Projet Test Auto\\Mediabox Test Automation\\Reports\\20220623_182213\\03. Parallel Testing (Testing)\\TS -PT PART 3\\02. Sephora - Full Lifecycle FS Process and Control Tag(Chrome) - headless\\20220623_182213\\1656006484454.png]]

2022-06-23 19:48:05 - [TEST_STEP][PASSED] - click(findTestObject("HL Full Lifecycle/4 CreateProjPage_Create Project_Bluebutton")): Object: 'Object Repository/HL Full Lifecycle/4 CreateProjPage_Create Project_Bluebutton' is clicked on

2022-06-23 19:48:11 - [MESSAGE][PASSED] - Object: 'Object Repository/HL Full Lifecycle/4 CreateProjPage_Create Project_Bluebutton' is clicked on

2022-06-23 19:48:11 - [TEST_STEP][PASSED] - takeScreenshot(): Taking screenshot successfully

2022-06-23 19:48:13 - [MESSAGE][PASSED] - Taking screenshot successfully
[[ATTACHMENT|D:\\Projet Test Auto\\Mediabox Test Automation\\Reports\\20220623_182213\\03. Parallel Testing (Testing)\\TS -PT PART 3\\02. Sephora - Full Lifecycle FS Process and Control Tag(Chrome) - headless\\20220623_182213\\1656006492902.png]]

2022-06-23 19:48:13 - [TEST_STEP][PASSED] - setText(findTestObject("HL Full Lifecycle/5 ModifyProjPage_input_code_project_field"), "12345"): Text '12345' is set on object 'Object Repository/HL Full Lifecycle/5 ModifyProjPage_input_code_project_field'

2022-06-23 19:48:17 - [MESSAGE][PASSED] - Text '12345' is set on object 'Object Repository/HL Full Lifecycle/5 ModifyProjPage_input_code_project_field'

2022-06-23 19:48:17 - [TEST_STEP][PASSED] - selectOptionByLabel(findTestObject("HL Full Lifecycle/5 ModifyProjPage_dropdown_category_field"), "Hair", true): All options with label 'Hair' are selected in object 'Object Repository/HL Full Lifecycle/5 ModifyProjPage_dropdown_category_field'  using regular expression

2022-06-23 19:48:23 - [MESSAGE][PASSED] - All options with label 'Hair' are selected in object 'Object Repository/HL Full Lifecycle/5 ModifyProjPage_dropdown_category_field'  using regular expression

2022-06-23 19:48:23 - [TEST_STEP][PASSED] - selectOptionByLabel(findTestObject("HL Full Lifecycle/5 ModifyProjPage_dropdown_segment_field"), "BATH BODY", true): All options with label 'BATH BODY' are selected in object 'Object Repository/HL Full Lifecycle/5 ModifyProjPage_dropdown_segment_field'  using regular expression

2022-06-23 19:48:39 - [MESSAGE][PASSED] - All options with label 'BATH BODY' are selected in object 'Object Repository/HL Full Lifecycle/5 ModifyProjPage_dropdown_segment_field'  using regular expression

2022-06-23 19:48:39 - [TEST_STEP][PASSED] - selectOptionByLabel(findTestObject("HL Full Lifecycle/5 ModifyProjPage_dropdown_type_field"), "One Shot", true): All options with label 'One Shot' are selected in object 'Object Repository/HL Full Lifecycle/5 ModifyProjPage_dropdown_type_field'  using regular expression

2022-06-23 19:48:46 - [MESSAGE][PASSED] - All options with label 'One Shot' are selected in object 'Object Repository/HL Full Lifecycle/5 ModifyProjPage_dropdown_type_field'  using regular expression

2022-06-23 19:48:46 - [TEST_STEP][PASSED] - selectOptionByValue(findTestObject("HL Full Lifecycle/5 ModifyProjPage_select_Scope_field"), "20", true): All options with value '20' are selected in object 'Object Repository/HL Full Lifecycle/5 ModifyProjPage_select_Scope_field'  using regular expression

2022-06-23 19:48:55 - [MESSAGE][PASSED] - All options with value '20' are selected in object 'Object Repository/HL Full Lifecycle/5 ModifyProjPage_select_Scope_field'  using regular expression

2022-06-23 19:48:55 - [TEST_STEP][PASSED] - click(findTestObject("HL Full Lifecycle/5 ModifyProjPage_button_Add_Scope_field")): Object: 'Object Repository/HL Full Lifecycle/5 ModifyProjPage_button_Add_Scope_field' is clicked on

2022-06-23 19:48:58 - [MESSAGE][PASSED] - Object: 'Object Repository/HL Full Lifecycle/5 ModifyProjPage_button_Add_Scope_field' is clicked on

2022-06-23 19:48:58 - [TEST_STEP][PASSED] - selectOptionByLabel(findTestObject("HL Full Lifecycle/5 ModifyProjPage_dropdown_MAD_field"), "Christmas", true): All options with label 'Christmas' are selected in object 'Object Repository/HL Full Lifecycle/5 ModifyProjPage_dropdown_MAD_field'  using regular expression

2022-06-23 19:49:03 - [MESSAGE][PASSED] - All options with label 'Christmas' are selected in object 'Object Repository/HL Full Lifecycle/5 ModifyProjPage_dropdown_MAD_field'  using regular expression

2022-06-23 19:49:03 - [TEST_STEP][PASSED] - click(findTestObject("HL Full Lifecycle/5 ModifyProjPage_date_select2-var_35-container_field")): Object: 'Object Repository/HL Full Lifecycle/5 ModifyProjPage_date_select2-var_35-container_field' is clicked on

2022-06-23 19:49:05 - [MESSAGE][PASSED] - Object: 'Object Repository/HL Full Lifecycle/5 ModifyProjPage_date_select2-var_35-container_field' is clicked on

2022-06-23 19:49:05 - [TEST_STEP][PASSED] - selectOptionByValue(findTestObject("HL Full Lifecycle/5 ModifyProjPage_dropdown_year_field"), "119", true): All options with value '119' are selected in object 'Object Repository/HL Full Lifecycle/5 ModifyProjPage_dropdown_year_field'  using regular expression

2022-06-23 19:49:14 - [MESSAGE][PASSED] - All options with value '119' are selected in object 'Object Repository/HL Full Lifecycle/5 ModifyProjPage_dropdown_year_field'  using regular expression

2022-06-23 19:49:14 - [TEST_STEP][PASSED] - click(findTestObject("HL Full Lifecycle/5 ModifyProjPage_date_select2-var_35-container_field")): Object: 'Object Repository/HL Full Lifecycle/5 ModifyProjPage_date_select2-var_35-container_field' is clicked on

2022-06-23 19:49:17 - [MESSAGE][PASSED] - Object: 'Object Repository/HL Full Lifecycle/5 ModifyProjPage_date_select2-var_35-container_field' is clicked on

2022-06-23 19:49:17 - [TEST_STEP][PASSED] - selectOptionByValue(findTestObject("HL Full Lifecycle/5 ModifyProjPage_select_DevPack_field"), "devpack", true): All options with value 'devpack' are selected in object 'Object Repository/HL Full Lifecycle/5 ModifyProjPage_select_DevPack_field'  using regular expression

2022-06-23 19:49:23 - [MESSAGE][PASSED] - All options with value 'devpack' are selected in object 'Object Repository/HL Full Lifecycle/5 ModifyProjPage_select_DevPack_field'  using regular expression

2022-06-23 19:49:23 - [TEST_STEP][PASSED] - click(findTestObject("HL Full Lifecycle/5 ModifyProjPage_button_Add_DevPack_field")): Object: 'Object Repository/HL Full Lifecycle/5 ModifyProjPage_button_Add_DevPack_field' is clicked on

2022-06-23 19:49:24 - [MESSAGE][PASSED] - Object: 'Object Repository/HL Full Lifecycle/5 ModifyProjPage_button_Add_DevPack_field' is clicked on

2022-06-23 19:49:24 - [TEST_STEP][PASSED] - selectOptionByValue(findTestObject("HL Full Lifecycle/5 ModifyProjPage_select_DevFS_field"), "atran", true): All options with value 'atran' are selected in object 'Object Repository/HL Full Lifecycle/5 ModifyProjPage_select_DevFS_field'  using regular expression

2022-06-23 19:49:31 - [MESSAGE][PASSED] - All options with value 'atran' are selected in object 'Object Repository/HL Full Lifecycle/5 ModifyProjPage_select_DevFS_field'  using regular expression

2022-06-23 19:49:31 - [TEST_STEP][PASSED] - click(findTestObject("HL Full Lifecycle/5 ModifyProjPage_Add_DevFS_button")): Object: 'Object Repository/HL Full Lifecycle/5 ModifyProjPage_Add_DevFS_button' is clicked on

2022-06-23 19:49:34 - [MESSAGE][PASSED] - Object: 'Object Repository/HL Full Lifecycle/5 ModifyProjPage_Add_DevFS_button' is clicked on

2022-06-23 19:49:34 - [TEST_STEP][PASSED] - selectOptionByValue(findTestObject("HL Full Lifecycle/5 ModifyProjPage_select_Marketing_field"), "marketing", true): All options with value 'marketing' are selected in object 'Object Repository/HL Full Lifecycle/5 ModifyProjPage_select_Marketing_field'  using regular expression

2022-06-23 19:49:56 - [MESSAGE][PASSED] - All options with value 'marketing' are selected in object 'Object Repository/HL Full Lifecycle/5 ModifyProjPage_select_Marketing_field'  using regular expression

2022-06-23 19:49:56 - [TEST_STEP][PASSED] - click(findTestObject("HL Full Lifecycle/5 ModifyProjPage_Add_Marketing_button")): Object: 'Object Repository/HL Full Lifecycle/5 ModifyProjPage_Add_Marketing_button' is clicked on

2022-06-23 19:49:58 - [MESSAGE][PASSED] - Object: 'Object Repository/HL Full Lifecycle/5 ModifyProjPage_Add_Marketing_button' is clicked on

2022-06-23 19:49:58 - [TEST_STEP][PASSED] - selectOptionByValue(findTestObject("HL Full Lifecycle/5 ModifyProjPage_select_Regulatory_field"), "regulatory", true): All options with value 'regulatory' are selected in object 'Object Repository/HL Full Lifecycle/5 ModifyProjPage_select_Regulatory_field'  using regular expression

2022-06-23 19:50:08 - [MESSAGE][PASSED] - All options with value 'regulatory' are selected in object 'Object Repository/HL Full Lifecycle/5 ModifyProjPage_select_Regulatory_field'  using regular expression

2022-06-23 19:50:08 - [TEST_STEP][PASSED] - click(findTestObject("HL Full Lifecycle/5 ModifyProjPage_Add_Regulatory_button")): Object: 'Object Repository/HL Full Lifecycle/5 ModifyProjPage_Add_Regulatory_button' is clicked on

2022-06-23 19:50:09 - [MESSAGE][PASSED] - Object: 'Object Repository/HL Full Lifecycle/5 ModifyProjPage_Add_Regulatory_button' is clicked on

2022-06-23 19:50:09 - [TEST_STEP][PASSED] - selectOptionByValue(findTestObject("HL Full Lifecycle/5 ModifyProjPage_select_Studio_field"), "studio", true): All options with value 'studio' are selected in object 'Object Repository/HL Full Lifecycle/5 ModifyProjPage_select_Studio_field'  using regular expression

2022-06-23 19:50:16 - [MESSAGE][PASSED] - All options with value 'studio' are selected in object 'Object Repository/HL Full Lifecycle/5 ModifyProjPage_select_Studio_field'  using regular expression

2022-06-23 19:50:16 - [TEST_STEP][PASSED] - click(findTestObject("HL Full Lifecycle/5 ModifyProjPage_Add_Studio_button")): Object: 'Object Repository/HL Full Lifecycle/5 ModifyProjPage_Add_Studio_button' is clicked on

2022-06-23 19:50:18 - [MESSAGE][PASSED] - Object: 'Object Repository/HL Full Lifecycle/5 ModifyProjPage_Add_Studio_button' is clicked on

2022-06-23 19:50:18 - [TEST_STEP][PASSED] - delay(8): Delayed 8 second(s)

2022-06-23 19:50:26 - [MESSAGE][PASSED] - Delayed 8 second(s)

2022-06-23 19:50:26 - [TEST_STEP][PASSED] - click(findTestObject("HL Full Lifecycle/5 ModifyProjPage_button_Update")): Object: 'Object Repository/HL Full Lifecycle/5 ModifyProjPage_button_Update' is clicked on

2022-06-23 19:50:34 - [MESSAGE][PASSED] - Object: 'Object Repository/HL Full Lifecycle/5 ModifyProjPage_button_Update' is clicked on

2022-06-23 19:50:34 - [TEST_STEP][PASSED] - delay(2): Delayed 2 second(s)

2022-06-23 19:50:36 - [MESSAGE][PASSED] - Delayed 2 second(s)

2022-06-23 19:50:36 - [TEST_STEP][PASSED] - Project_No = I.ProjectNo(): Current window's url is: 'http://mdb-release.diadeis.lan/MediaboxIndependence/Base/ExecAction?IDSession=MBI%21RELTESTAUTO_SEPHORA%21JGZ05G2U3PFV24KY15GHT8QOMM6VY0NTL2L6OAAI&default_action=AfficheFichesProjet&id_project=MI001955'

2022-06-23 19:50:41 - [MESSAGE][PASSED] - Delayed 5 second(s)

2022-06-23 19:50:41 - [MESSAGE][PASSED] - Current window's url is: 'http://mdb-release.diadeis.lan/MediaboxIndependence/Base/ExecAction?IDSession=MBI%21RELTESTAUTO_SEPHORA%21JGZ05G2U3PFV24KY15GHT8QOMM6VY0NTL2L6OAAI&default_action=AfficheFichesProjet&id_project=MI001955'

2022-06-23 19:50:41 - [TEST_STEP][PASSED] - click(findTestObject("HL Full Lifecycle/6 ReferenceListPage_createrefbutton")): Object: 'Object Repository/HL Full Lifecycle/6 ReferenceListPage_createrefbutton' is clicked on

2022-06-23 19:50:43 - [MESSAGE][PASSED] - Object: 'Object Repository/HL Full Lifecycle/6 ReferenceListPage_createrefbutton' is clicked on

2022-06-23 19:50:43 - [TEST_STEP][PASSED] - delay(2): Delayed 2 second(s)

2022-06-23 19:50:45 - [MESSAGE][PASSED] - Delayed 2 second(s)

2022-06-23 19:50:45 - [TEST_STEP][PASSED] - click(findTestObject("HL Full Lifecycle/6 ReferenceListPaga_Create a component_button")): Object: 'Object Repository/HL Full Lifecycle/6 ReferenceListPaga_Create a component_button' is clicked on

2022-06-23 19:50:47 - [MESSAGE][PASSED] - Object: 'Object Repository/HL Full Lifecycle/6 ReferenceListPaga_Create a component_button' is clicked on

2022-06-23 19:50:47 - [TEST_STEP][PASSED] - waitForPageLoad(25): Wait for page load successfully

2022-06-23 19:50:47 - [MESSAGE][PASSED] - Wait for page load successfully

2022-06-23 19:50:47 - [TEST_STEP][PASSED] - selectOptionByLabel(findTestObject("HL Full Lifecycle/6 ReferenceList_Choose Lifecycle"), "Ticket 5399 Lifecycle", false): All options with label 'Ticket 5399 Lifecycle' are selected in object 'Object Repository/HL Full Lifecycle/6 ReferenceList_Choose Lifecycle' 

2022-06-23 19:50:49 - [MESSAGE][PASSED] - All options with label 'Ticket 5399 Lifecycle' are selected in object 'Object Repository/HL Full Lifecycle/6 ReferenceList_Choose Lifecycle' 

2022-06-23 19:50:49 - [TEST_STEP][PASSED] - ref_name = RandomStringUtils.randomAlphanumeric(10) + "_" + I.gettimedate(): null

2022-06-23 19:50:49 - [TEST_STEP][PASSED] - setText(findTestObject("HL Full Lifecycle/6 Reference_input_Component name_field"), "Component_" + ref_name): Text 'Component_Dorz8ozUqu_juin232022_195049' is set on object 'Object Repository/HL Full Lifecycle/6 Reference_input_Component name_field'

2022-06-23 19:50:53 - [MESSAGE][PASSED] - Text 'Component_Dorz8ozUqu_juin232022_195049' is set on object 'Object Repository/HL Full Lifecycle/6 Reference_input_Component name_field'

2022-06-23 19:50:53 - [TEST_STEP][PASSED] - takeScreenshot(): Taking screenshot successfully

2022-06-23 19:50:55 - [MESSAGE][PASSED] - Taking screenshot successfully
[[ATTACHMENT|D:\\Projet Test Auto\\Mediabox Test Automation\\Reports\\20220623_182213\\03. Parallel Testing (Testing)\\TS -PT PART 3\\02. Sephora - Full Lifecycle FS Process and Control Tag(Chrome) - headless\\20220623_182213\\1656006654719.png]]

2022-06-23 19:50:55 - [TEST_STEP][PASSED] - selectOptionByValue(findTestObject("1. Constant/xpath", ["xpath":"//*[@id="var_18"]"]), "180", false): All options with value '180' are selected in object 'Object Repository/1. Constant/xpath' 

2022-06-23 19:50:58 - [MESSAGE][PASSED] - All options with value '180' are selected in object 'Object Repository/1. Constant/xpath' 

2022-06-23 19:50:58 - [TEST_STEP][PASSED] - click(findTestObject("HL Full Lifecycle/6 ReferencePg_Create a component_bluebutton")): Object: 'Object Repository/HL Full Lifecycle/6 ReferencePg_Create a component_bluebutton' is clicked on

2022-06-23 19:51:05 - [MESSAGE][PASSED] - Object: 'Object Repository/HL Full Lifecycle/6 ReferencePg_Create a component_bluebutton' is clicked on

2022-06-23 19:51:05 - [TEST_STEP][PASSED] - delay(5): Delayed 5 second(s)

2022-06-23 19:51:10 - [MESSAGE][PASSED] - Delayed 5 second(s)

2022-06-23 19:51:10 - [TEST_STEP][PASSED] - refID = I.RefID(): Current window's url is: 'http://mdb-release.diadeis.lan/MediaboxIndependence/Base/ExecAction?IDSession=MBI%21RELTESTAUTO_SEPHORA%21JGZ05G2U3PFV24KY15GHT8QOMM6VY0NTL2L6OAAI&default_action=ModifierRef&id_project=MI001955&id_ref=5052&action_from=create_ref'

2022-06-23 19:51:15 - [MESSAGE][PASSED] - Delayed 5 second(s)

2022-06-23 19:51:15 - [MESSAGE][PASSED] - Current window's url is: 'http://mdb-release.diadeis.lan/MediaboxIndependence/Base/ExecAction?IDSession=MBI%21RELTESTAUTO_SEPHORA%21JGZ05G2U3PFV24KY15GHT8QOMM6VY0NTL2L6OAAI&default_action=ModifierRef&id_project=MI001955&id_ref=5052&action_from=create_ref'

2022-06-23 19:51:15 - [TEST_STEP][PASSED] - click(findTestObject("HL Full Lifecycle/7 ModifyRefPage_button_Save")): Object: 'Object Repository/HL Full Lifecycle/7 ModifyRefPage_button_Save' is clicked on

2022-06-23 19:51:23 - [MESSAGE][PASSED] - Object: 'Object Repository/HL Full Lifecycle/7 ModifyRefPage_button_Save' is clicked on

2022-06-23 19:51:23 - [TEST_STEP][PASSED] - takeScreenshot(): Taking screenshot successfully

2022-06-23 19:51:24 - [MESSAGE][PASSED] - Taking screenshot successfully
[[ATTACHMENT|D:\\Projet Test Auto\\Mediabox Test Automation\\Reports\\20220623_182213\\03. Parallel Testing (Testing)\\TS -PT PART 3\\02. Sephora - Full Lifecycle FS Process and Control Tag(Chrome) - headless\\20220623_182213\\1656006683932.png]]

2022-06-23 19:51:24 - [TEST_STEP][PASSED] - delay(3): Delayed 3 second(s)

2022-06-23 19:51:27 - [MESSAGE][PASSED] - Delayed 3 second(s)

2022-06-23 19:51:27 - [TEST_STEP][PASSED] - click(findTestObject("1. Constant/xpath", ["xpath":"//*[@id="source_" + refID + ""]/td[7]/a"])): Object: 'Object Repository/1. Constant/xpath' is clicked on

2022-06-23 19:51:32 - [MESSAGE][PASSED] - Object: 'Object Repository/1. Constant/xpath' is clicked on

2022-06-23 19:51:32 - [TEST_STEP][PASSED] - click(findTestObject("1. Constant/xpath", ["xpath":"//*[@id="ModifFiche"]/div[1]/div/button[2]"])): Object: 'Object Repository/1. Constant/xpath' is clicked on

2022-06-23 19:51:48 - [MESSAGE][PASSED] - Object: 'Object Repository/1. Constant/xpath' is clicked on

2022-06-23 19:51:48 - [TEST_STEP][PASSED] - click(findTestObject("1. Constant/xpath", ["xpath":"//*[@id="source_" + refID + ""]/td[7]/div[1]/button"])): Object: 'Object Repository/1. Constant/xpath' is clicked on

2022-06-23 19:51:51 - [MESSAGE][PASSED] - Object: 'Object Repository/1. Constant/xpath' is clicked on

2022-06-23 19:51:51 - [TEST_STEP][PASSED] - delay(1): Delayed 1 second(s)

2022-06-23 19:51:52 - [MESSAGE][PASSED] - Delayed 1 second(s)

2022-06-23 19:51:52 - [TEST_STEP][PASSED] - click(findTestObject("1. Constant/xpath", ["xpath":"//*[@id="source_" + refID + ""]/td[7]/div[1]/div/a[2]"])): Object: 'Object Repository/1. Constant/xpath' is clicked on

2022-06-23 19:51:55 - [MESSAGE][PASSED] - Object: 'Object Repository/1. Constant/xpath' is clicked on

2022-06-23 19:51:55 - [TEST_STEP][PASSED] - selectOptionByValue(findTestObject("1. Constant/xpath", ["xpath":"//*[@id="var_18"]"]), "182", false): All options with value '182' are selected in object 'Object Repository/1. Constant/xpath' 

2022-06-23 19:51:59 - [MESSAGE][PASSED] - All options with value '182' are selected in object 'Object Repository/1. Constant/xpath' 

2022-06-23 19:51:59 - [TEST_STEP][PASSED] - click(findTestObject("1. Constant/xpath", ["xpath":"//*[@id="ModifFiche"]/div[1]/div/button[2]"])): Object: 'Object Repository/1. Constant/xpath' is clicked on

2022-06-23 19:52:15 - [MESSAGE][PASSED] - Object: 'Object Repository/1. Constant/xpath' is clicked on

2022-06-23 19:52:15 - [TEST_STEP][PASSED] - I.Logout(): Delayed 3 second(s)

2022-06-23 19:52:18 - [MESSAGE][PASSED] - Delayed 3 second(s)

2022-06-23 19:52:20 - [MESSAGE][PASSED] - Object: 'Object Repository/1. Constant/xpath' is clicked on

2022-06-23 19:52:23 - [MESSAGE][PASSED] - Delayed 3 second(s)

2022-06-23 19:53:23 - [MESSAGE][PASSED] - Object: 'Object Repository/1. Constant/xpath' is clicked on

2022-06-23 19:53:26 - [MESSAGE][PASSED] - Delayed 3 second(s)

2022-06-23 19:53:26 - [TEST_STEP][PASSED] - I.Login_password("ageindreau", password_ageindreau): Object: 'Object Repository/1. Constant/xpath' is clicked on

2022-06-23 19:53:28 - [MESSAGE][PASSED] - Text 'ageindreau' is set on object 'Object Repository/1. Constant/xpath'

2022-06-23 19:53:29 - [MESSAGE][PASSED] - Delayed 1 second(s)

2022-06-23 19:53:32 - [MESSAGE][PASSED] - Text 'dchi' is set on object 'Object Repository/1. Constant/xpath'

2022-06-23 19:53:33 - [MESSAGE][PASSED] - Delayed 1 second(s)

2022-06-23 19:53:39 - [MESSAGE][PASSED] - Object: 'Object Repository/1. Constant/xpath' is clicked on

2022-06-23 19:53:39 - [TEST_STEP][PASSED] - takeScreenshot(): Taking screenshot successfully

2022-06-23 19:53:42 - [MESSAGE][PASSED] - Taking screenshot successfully
[[ATTACHMENT|D:\\Projet Test Auto\\Mediabox Test Automation\\Reports\\20220623_182213\\03. Parallel Testing (Testing)\\TS -PT PART 3\\02. Sephora - Full Lifecycle FS Process and Control Tag(Chrome) - headless\\20220623_182213\\1656006821125.png]]

2022-06-23 19:53:42 - [TEST_STEP][PASSED] - t1 = getText(findTestObject("1. Constant/xpath", ["xpath":"//*[@id="kt_header"]/div/div[2]/div[1]/div[1]"])): Text of object 'Object Repository/1. Constant/xpath' is: '5'

2022-06-23 19:53:46 - [MESSAGE][PASSED] - Text of object 'Object Repository/1. Constant/xpath' is: '5'

2022-06-23 19:53:46 - [TEST_STEP][PASSED] - a = Integer.parseInt(t1): null

2022-06-23 19:53:46 - [TEST_STEP][PASSED] - click(findTestObject("1. Constant/xpath", ["xpath":"//*[@id="kt_header"]/div/div[2]/div[1]/div[1]"])): Object: 'Object Repository/1. Constant/xpath' is clicked on

2022-06-23 19:53:49 - [MESSAGE][PASSED] - Object: 'Object Repository/1. Constant/xpath' is clicked on

2022-06-23 19:53:49 - [TEST_STEP][PASSED] - delay(1): Delayed 1 second(s)

2022-06-23 19:53:50 - [MESSAGE][PASSED] - Delayed 1 second(s)

2022-06-23 19:53:50 - [TEST_STEP][PASSED] - u = 1: null

2022-06-23 19:53:50 - [TEST_STEP][PASSED] - result = getText(findTestObject("1. Constant/xpath", ["xpath":"//*[@id="kt_header"]/div/div[2]/div[1]/div[2]/form/div[2]"]), OPTIONAL): Text of object 'Object Repository/1. Constant/xpath' is: 'Standard Phase 1.4 for ProjectNo. project_num% /RefID. %ref_num%
10/03/2022
Standard Phase 1.3 for ProjectNo. MI001613 /RefID. 3692
14/04/2022
Standard Phase 1.4 for ProjectNo. MI001613 /RefID. 3693
15/04/2022
Standard Phase 1.1 for ProjectNo. MI001772 /RefID. 4040
12/05/2022'

2022-06-23 19:53:52 - [MESSAGE][PASSED] - Text of object 'Object Repository/1. Constant/xpath' is: 'Standard Phase 1.4 for ProjectNo. project_num% /RefID. %ref_num%
10/03/2022
Standard Phase 1.3 for ProjectNo. MI001613 /RefID. 3692
14/04/2022
Standard Phase 1.4 for ProjectNo. MI001613 /RefID. 3693
15/04/2022
Standard Phase 1.1 for ProjectNo. MI001772 /RefID. 4040
12/05/2022'

2022-06-23 19:53:52 - [TEST_STEP][PASSED] - if (result.contains(Project_No)): null

2022-06-23 19:53:52 - [TEST_STEP][PASSED] - else: Actual object '1' and expected object '1' are equal

2022-06-23 19:53:52 - [TEST_STEP][PASSED] - verifyEqual(1, 1): Actual object '1' and expected object '1' are equal

2022-06-23 19:53:52 - [MESSAGE][PASSED] - Actual object '1' and expected object '1' are equal

2022-06-23 19:53:52 - [TEST_STEP][PASSED] - I.Logout(): Delayed 3 second(s)

2022-06-23 19:53:55 - [MESSAGE][PASSED] - Delayed 3 second(s)

2022-06-23 19:53:56 - [MESSAGE][PASSED] - Object: 'Object Repository/1. Constant/xpath' is clicked on

2022-06-23 19:53:59 - [MESSAGE][PASSED] - Delayed 3 second(s)

2022-06-23 19:54:38 - [MESSAGE][PASSED] - Object: 'Object Repository/1. Constant/xpath' is clicked on

2022-06-23 19:54:41 - [MESSAGE][PASSED] - Delayed 3 second(s)

2022-06-23 19:54:41 - [TEST_STEP][PASSED] - I.Login_password("ytallant", password_ytallant): Object: 'Object Repository/1. Constant/xpath' is clicked on

2022-06-23 19:54:44 - [MESSAGE][PASSED] - Text 'ytallant' is set on object 'Object Repository/1. Constant/xpath'

2022-06-23 19:54:45 - [MESSAGE][PASSED] - Delayed 1 second(s)

2022-06-23 19:54:49 - [MESSAGE][PASSED] - Text 'dchi' is set on object 'Object Repository/1. Constant/xpath'

2022-06-23 19:54:50 - [MESSAGE][PASSED] - Delayed 1 second(s)

2022-06-23 19:54:55 - [MESSAGE][PASSED] - Object: 'Object Repository/1. Constant/xpath' is clicked on

2022-06-23 19:54:55 - [TEST_STEP][PASSED] - takeScreenshot(): Taking screenshot successfully

2022-06-23 19:54:56 - [MESSAGE][PASSED] - Taking screenshot successfully
[[ATTACHMENT|D:\\Projet Test Auto\\Mediabox Test Automation\\Reports\\20220623_182213\\03. Parallel Testing (Testing)\\TS -PT PART 3\\02. Sephora - Full Lifecycle FS Process and Control Tag(Chrome) - headless\\20220623_182213\\1656006896421.png]]

2022-06-23 19:54:56 - [TEST_STEP][PASSED] - t2 = getText(findTestObject("1. Constant/xpath", ["xpath":"//*[@id="kt_header"]/div/div[2]/div[1]/div[1]/span"])): Text of object 'Object Repository/1. Constant/xpath' is: '3'

2022-06-23 19:54:57 - [MESSAGE][PASSED] - Text of object 'Object Repository/1. Constant/xpath' is: '3'

2022-06-23 19:54:57 - [TEST_STEP][PASSED] - click(findTestObject("1. Constant/xpath", ["xpath":"//*[@id="kt_header"]/div/div[2]/div[1]/div[1]"])): Object: 'Object Repository/1. Constant/xpath' is clicked on

2022-06-23 19:54:59 - [MESSAGE][PASSED] - Object: 'Object Repository/1. Constant/xpath' is clicked on

2022-06-23 19:54:59 - [TEST_STEP][PASSED] - b = Integer.parseInt(t2): null

2022-06-23 19:54:59 - [TEST_STEP][PASSED] - delay(1): Delayed 1 second(s)

2022-06-23 19:55:00 - [MESSAGE][PASSED] - Delayed 1 second(s)

2022-06-23 19:55:00 - [TEST_STEP][PASSED] - c = 1: null

2022-06-23 19:55:00 - [TEST_STEP][PASSED] - while (c <= b): null

2022-06-23 19:55:00 - [TEST_STEP][PASSED] - result1 = getText(findTestObject("1. Constant/xpath", ["xpath":"//*[@id="kt_header"]/div/div[2]/div[1]/div[2]/form/div[2]/a[" + c + "]/div[2]/span[1]"])): Text of object 'Object Repository/1. Constant/xpath' is: 'BAG to send for  Colorful Magnetic Inclusions - SU21 - Etiquette peel Off colorful magnetic inclusions'

2022-06-23 19:55:01 - [MESSAGE][PASSED] - Text of object 'Object Repository/1. Constant/xpath' is: 'BAG to send for  Colorful Magnetic Inclusions - SU21 - Etiquette peel Off colorful magnetic inclusions'

2022-06-23 19:55:01 - [TEST_STEP][PASSED] - if (result1.contains("ProjectNo. " + Project_No + " /RefID. " + refID)): null

2022-06-23 19:55:01 - [TEST_STEP][PASSED] - else: null

2022-06-23 19:55:01 - [TEST_STEP][PASSED] - c = c + 1: null

2022-06-23 19:55:01 - [TEST_STEP][PASSED] - if (c > b): null

2022-06-23 19:55:01 - [TEST_STEP][PASSED] - result1 = getText(findTestObject("1. Constant/xpath", ["xpath":"//*[@id="kt_header"]/div/div[2]/div[1]/div[2]/form/div[2]/a[" + c + "]/div[2]/span[1]"])): Text of object 'Object Repository/1. Constant/xpath' is: 'Standard Phase 1.3 for ProjectNo. MI001613 /RefID. 4452'

2022-06-23 19:55:03 - [MESSAGE][PASSED] - Text of object 'Object Repository/1. Constant/xpath' is: 'Standard Phase 1.3 for ProjectNo. MI001613 /RefID. 4452'

2022-06-23 19:55:03 - [TEST_STEP][PASSED] - if (result1.contains("ProjectNo. " + Project_No + " /RefID. " + refID)): null

2022-06-23 19:55:03 - [TEST_STEP][PASSED] - else: null

2022-06-23 19:55:03 - [TEST_STEP][PASSED] - c = c + 1: null

2022-06-23 19:55:03 - [TEST_STEP][PASSED] - if (c > b): null

2022-06-23 19:55:03 - [TEST_STEP][PASSED] - result1 = getText(findTestObject("1. Constant/xpath", ["xpath":"//*[@id="kt_header"]/div/div[2]/div[1]/div[2]/form/div[2]/a[" + c + "]/div[2]/span[1]"])): Text of object 'Object Repository/1. Constant/xpath' is: 'Standard Phase 1.1 for ProjectNo. MI001955 /RefID. 5052'

2022-06-23 19:55:03 - [MESSAGE][PASSED] - Text of object 'Object Repository/1. Constant/xpath' is: 'Standard Phase 1.1 for ProjectNo. MI001955 /RefID. 5052'

2022-06-23 19:55:03 - [TEST_STEP][PASSED] - if (result1.contains("ProjectNo. " + Project_No + " /RefID. " + refID)): null

2022-06-23 19:55:03 - [TEST_STEP][PASSED] - click(findTestObject("1. Constant/xpath", ["xpath":"//*[@id="kt_header"]/div/div[2]/div[1]/div[2]/form/div[2]/a[" + c + "]"])): Object: 'Object Repository/1. Constant/xpath' is clicked on

2022-06-23 19:55:07 - [MESSAGE][PASSED] - Object: 'Object Repository/1. Constant/xpath' is clicked on

2022-06-23 19:55:07 - [TEST_STEP][PASSED] - break: null

2022-06-23 19:55:07 - [TEST_STEP][PASSED] - click(findTestObject("1. Constant/xpath", ["xpath":"//*[@id="source_" + refID + ""]/td[7]/a"])): Object: 'Object Repository/1. Constant/xpath' is clicked on

2022-06-23 19:55:12 - [MESSAGE][PASSED] - Object: 'Object Repository/1. Constant/xpath' is clicked on

2022-06-23 19:55:12 - [TEST_STEP][PASSED] - click(findTestObject("1. Constant/xpath", ["xpath":"//*[@id="ModifFiche"]/div[1]/div/button[2]"])): Object: 'Object Repository/1. Constant/xpath' is clicked on

2022-06-23 19:55:32 - [MESSAGE][PASSED] - Object: 'Object Repository/1. Constant/xpath' is clicked on

2022-06-23 19:55:32 - [TEST_STEP][PASSED] - r = 1: null

2022-06-23 19:55:32 - [TEST_STEP][PASSED] - while (r <= b): null

2022-06-23 19:55:32 - [TEST_STEP][PASSED] - result1 = getText(findTestObject("1. Constant/xpath", ["xpath":"//*[@id="kt_header"]/div/div[2]/div[1]/div[2]/form/div[2]/a[" + r + "]"])): Text of object 'Object Repository/1. Constant/xpath' is: ''

2022-06-23 19:55:34 - [MESSAGE][PASSED] - Text of object 'Object Repository/1. Constant/xpath' is: ''

2022-06-23 19:55:34 - [TEST_STEP][PASSED] - if (result1.contains("ProjectNo. " + Project_No + " /RefID. " + refID)): null

2022-06-23 19:55:34 - [TEST_STEP][PASSED] - else: null

2022-06-23 19:55:34 - [TEST_STEP][PASSED] - r = r + 1: null

2022-06-23 19:55:34 - [TEST_STEP][PASSED] - if (r == b): null

2022-06-23 19:55:34 - [TEST_STEP][PASSED] - result1 = getText(findTestObject("1. Constant/xpath", ["xpath":"//*[@id="kt_header"]/div/div[2]/div[1]/div[2]/form/div[2]/a[" + r + "]"])): Text of object 'Object Repository/1. Constant/xpath' is: ''

2022-06-23 19:55:35 - [MESSAGE][PASSED] - Text of object 'Object Repository/1. Constant/xpath' is: ''

2022-06-23 19:55:35 - [TEST_STEP][PASSED] - if (result1.contains("ProjectNo. " + Project_No + " /RefID. " + refID)): null

2022-06-23 19:55:35 - [TEST_STEP][PASSED] - else: null

2022-06-23 19:55:35 - [TEST_STEP][PASSED] - r = r + 1: null

2022-06-23 19:55:35 - [TEST_STEP][PASSED] - if (r == b): null

2022-06-23 19:55:35 - [TEST_STEP][PASSED] - verifyEqual(1, 1): Actual object '1' and expected object '1' are equal

2022-06-23 19:55:35 - [MESSAGE][PASSED] - Actual object '1' and expected object '1' are equal

2022-06-23 19:55:35 - [TEST_STEP][PASSED] - break: null

2022-06-23 19:55:35 - [TEST_STEP][PASSED] - I.Logout(): Delayed 3 second(s)

2022-06-23 19:55:38 - [MESSAGE][PASSED] - Delayed 3 second(s)

2022-06-23 19:55:41 - [MESSAGE][PASSED] - Object: 'Object Repository/1. Constant/xpath' is clicked on

2022-06-23 19:55:44 - [MESSAGE][PASSED] - Delayed 3 second(s)

2022-06-23 19:56:35 - [MESSAGE][PASSED] - Object: 'Object Repository/1. Constant/xpath' is clicked on

2022-06-23 19:56:38 - [MESSAGE][PASSED] - Delayed 3 second(s)

2022-06-23 19:56:38 - [TEST_STEP][PASSED] - I.Login_password("suser", password_suser): Object: 'Object Repository/1. Constant/xpath' is clicked on

2022-06-23 19:56:41 - [MESSAGE][PASSED] - Text 'suser' is set on object 'Object Repository/1. Constant/xpath'

2022-06-23 19:56:42 - [MESSAGE][PASSED] - Delayed 1 second(s)

2022-06-23 19:56:47 - [MESSAGE][PASSED] - Text 'dchi1' is set on object 'Object Repository/1. Constant/xpath'

2022-06-23 19:56:48 - [MESSAGE][PASSED] - Delayed 1 second(s)

2022-06-23 19:56:56 - [MESSAGE][PASSED] - Object: 'Object Repository/1. Constant/xpath' is clicked on

2022-06-23 19:56:56 - [TEST_STEP][PASSED] - takeScreenshot(): Taking screenshot successfully

2022-06-23 19:56:58 - [MESSAGE][PASSED] - Taking screenshot successfully
[[ATTACHMENT|D:\\Projet Test Auto\\Mediabox Test Automation\\Reports\\20220623_182213\\03. Parallel Testing (Testing)\\TS -PT PART 3\\02. Sephora - Full Lifecycle FS Process and Control Tag(Chrome) - headless\\20220623_182213\\1656007017942.png]]

2022-06-23 19:56:58 - [TEST_STEP][PASSED] - click(findTestObject("1. Constant/xpath", ["xpath":"//*[@id="menu_2"]/a"])): Object: 'Object Repository/1. Constant/xpath' is clicked on

2022-06-23 19:57:10 - [MESSAGE][PASSED] - Object: 'Object Repository/1. Constant/xpath' is clicked on

2022-06-23 19:57:10 - [TEST_STEP][PASSED] - I.SearchProjectNo_xpath(Project_No, "//*[@id="keynum_project"]", "//*[@id="form_filters"]/div[10]/button"): Delayed 5 second(s)

2022-06-23 19:57:11 - [MESSAGE][PASSED] - Delayed 1 second(s)

2022-06-23 19:57:15 - [MESSAGE][PASSED] - Text 'MI001955' is set on object 'Object Repository/1. Constant/xpath'

2022-06-23 19:57:18 - [MESSAGE][PASSED] - Delayed 3 second(s)

2022-06-23 19:57:20 - [MESSAGE][PASSED] - Scroll to object 'Object Repository/1. Constant/xpath' successfully

2022-06-23 19:57:27 - [MESSAGE][PASSED] - Object: 'Object Repository/1. Constant/xpath' is clicked on

2022-06-23 19:57:32 - [MESSAGE][PASSED] - Delayed 5 second(s)

2022-06-23 19:57:32 - [TEST_STEP][PASSED] - delay(1): Delayed 1 second(s)

2022-06-23 19:57:33 - [MESSAGE][PASSED] - Delayed 1 second(s)

2022-06-23 19:57:33 - [TEST_STEP][PASSED] - takeScreenshot(): Taking screenshot successfully

2022-06-23 19:57:34 - [MESSAGE][PASSED] - Taking screenshot successfully
[[ATTACHMENT|D:\\Projet Test Auto\\Mediabox Test Automation\\Reports\\20220623_182213\\03. Parallel Testing (Testing)\\TS -PT PART 3\\02. Sephora - Full Lifecycle FS Process and Control Tag(Chrome) - headless\\20220623_182213\\1656007053957.png]]

2022-06-23 19:57:34 - [TEST_STEP][PASSED] - click(findTestObject("1. Constant/xpath", ["xpath":"//*[@id="source_" + refID + ""]/td[14]/div/button"])): Object: 'Object Repository/1. Constant/xpath' is clicked on

2022-06-23 19:57:35 - [MESSAGE][PASSED] - Object: 'Object Repository/1. Constant/xpath' is clicked on

2022-06-23 19:57:35 - [TEST_STEP][PASSED] - delay(1): Delayed 1 second(s)

2022-06-23 19:57:36 - [MESSAGE][PASSED] - Delayed 1 second(s)

2022-06-23 19:57:36 - [TEST_STEP][PASSED] - click(findTestObject("1. Constant/xpath", ["xpath":"//*[@id="source_" + refID + ""]/td[14]/div/div/a[3]"])): Object: 'Object Repository/1. Constant/xpath' is clicked on

2022-06-23 19:57:39 - [MESSAGE][PASSED] - Object: 'Object Repository/1. Constant/xpath' is clicked on

2022-06-23 19:57:39 - [TEST_STEP][PASSED] - delay(1): Delayed 1 second(s)

2022-06-23 19:57:40 - [MESSAGE][PASSED] - Delayed 1 second(s)

2022-06-23 19:57:40 - [TEST_STEP][PASSED] - click(findTestObject("1. Constant/xpath", ["xpath":"//*[@id="kt_body"]/div[9]/div/div/div[2]/button[2]"])): Object: 'Object Repository/1. Constant/xpath' is clicked on

2022-06-23 19:57:46 - [MESSAGE][PASSED] - Object: 'Object Repository/1. Constant/xpath' is clicked on

2022-06-23 19:57:46 - [TEST_STEP][PASSED] - click(findTestObject("1. Constant/xpath", ["xpath":"//*[@id="card_project"]/div[2]/div/div[3]/a[4]"])): Object: 'Object Repository/1. Constant/xpath' is clicked on

2022-06-23 19:57:59 - [MESSAGE][PASSED] - Object: 'Object Repository/1. Constant/xpath' is clicked on

2022-06-23 19:57:59 - [TEST_STEP][PASSED] - closeBrowser(): Browser is closed

2022-06-23 19:58:05 - [MESSAGE][PASSED] - Browser is closed

2022-06-23 19:58:05 - [TEST_STEP][PASSED] - Start listener action : sampleAfterTestCase: null]]></system-out>
         <system-err><![CDATA[]]></system-err>
      </testcase>
      <system-out><![CDATA[2022-06-23 18:22:24 - [TEST_SUITE][PASSED] - 02. Sephora - Full Lifecycle FS Process and Control Tag(Chrome) - headless: Test Cases/18. Tag Sephora Npp Starpack Task (Standard_ Question_ Prod)/18.03 Sephora Change of RightsTicket 5399]]></system-out>
      <system-err><![CDATA[]]></system-err>
   </testsuite>
</testsuites>
