<?xml version="1.0" encoding="UTF-8"?>
<testsuites name="14.05 Dreyers Support Action (Ongoing _ Completed ref) - PART 5" time="1889.389" tests="6" failures="0" errors="0">
   <testsuite name="14.05 Dreyers Support Action (Ongoing _ Completed ref) - PART 5" tests="6" failures="0" errors="0" time="1889.389" skipped="0" timestamp="2022-06-09 20:50:40" hostname="lamhe - DPF-MBI-VERIF.ad.sgsco.int" id="Test Suites/03. Parallel Testing (Testing)/TS -PT PART 3/14.05 Dreyers Support Action (Ongoing _ Completed ref) - PART 5">
      <properties>
         <property name="deviceName" value=""/>
         <property name="devicePlatform" value=""/>
         <property name="logFolder" value="D:\\Projet Test Auto\\Mediabox Test Automation\\Reports\\20220609_181011\\03. Parallel Testing (Testing)\\TS -PT PART 3\\14.05 Dreyers Support Action (Ongoing _ Completed ref) - PART 5\\20220609_181111"/>
         <property name="logFiles" value="D:\\Projet Test Auto\\Mediabox Test Automation\\Reports\\20220609_181011\\03. Parallel Testing (Testing)\\TS -PT PART 3\\14.05 Dreyers Support Action (Ongoing _ Completed ref) - PART 5\\20220609_181111\\execution0.log"/>
         <property name="attachments" value="D:\\Projet Test Auto\\Mediabox Test Automation\\Reports\\20220609_181011\\03. Parallel Testing (Testing)\\TS -PT PART 3\\14.05 Dreyers Support Action (Ongoing _ Completed ref) - PART 5\\20220609_181111\\1654800689866.png, D:\\Projet Test Auto\\Mediabox Test Automation\\Reports\\20220609_181011\\03. Parallel Testing (Testing)\\TS -PT PART 3\\14.05 Dreyers Support Action (Ongoing _ Completed ref) - PART 5\\20220609_181111\\1654800696679.png, D:\\Projet Test Auto\\Mediabox Test Automation\\Reports\\20220609_181011\\03. Parallel Testing (Testing)\\TS -PT PART 3\\14.05 Dreyers Support Action (Ongoing _ Completed ref) - PART 5\\20220609_181111\\1654800700984.png, D:\\Projet Test Auto\\Mediabox Test Automation\\Reports\\20220609_181011\\03. Parallel Testing (Testing)\\TS -PT PART 3\\14.05 Dreyers Support Action (Ongoing _ Completed ref) - PART 5\\20220609_181111\\1654800711965.png, D:\\Projet Test Auto\\Mediabox Test Automation\\Reports\\20220609_181011\\03. Parallel Testing (Testing)\\TS -PT PART 3\\14.05 Dreyers Support Action (Ongoing _ Completed ref) - PART 5\\20220609_181111\\1654800732773.png, D:\\Projet Test Auto\\Mediabox Test Automation\\Reports\\20220609_181011\\03. Parallel Testing (Testing)\\TS -PT PART 3\\14.05 Dreyers Support Action (Ongoing _ Completed ref) - PART 5\\20220609_181111\\1654800743091.png, D:\\Projet Test Auto\\Mediabox Test Automation\\Reports\\20220609_181011\\03. Parallel Testing (Testing)\\TS -PT PART 3\\14.05 Dreyers Support Action (Ongoing _ Completed ref) - PART 5\\20220609_181111\\1654800766396.png, D:\\Projet Test Auto\\Mediabox Test Automation\\Reports\\20220609_181011\\03. Parallel Testing (Testing)\\TS -PT PART 3\\14.05 Dreyers Support Action (Ongoing _ Completed ref) - PART 5\\20220609_181111\\1654800787461.png, D:\\Projet Test Auto\\Mediabox Test Automation\\Reports\\20220609_181011\\03. Parallel Testing (Testing)\\TS -PT PART 3\\14.05 Dreyers Support Action (Ongoing _ Completed ref) - PART 5\\20220609_181111\\1654800790858.png, D:\\Projet Test Auto\\Mediabox Test Automation\\Reports\\20220609_181011\\03. Parallel Testing (Testing)\\TS -PT PART 3\\14.05 Dreyers Support Action (Ongoing _ Completed ref) - PART 5\\20220609_181111\\1654800819800.png, D:\\Projet Test Auto\\Mediabox Test Automation\\Reports\\20220609_181011\\03. Parallel Testing (Testing)\\TS -PT PART 3\\14.05 Dreyers Support Action (Ongoing _ Completed ref) - PART 5\\20220609_181111\\1654800831733.png, D:\\Projet Test Auto\\Mediabox Test Automation\\Reports\\20220609_181011\\03. Parallel Testing (Testing)\\TS -PT PART 3\\14.05 Dreyers Support Action (Ongoing _ Completed ref) - PART 5\\20220609_181111\\1654800838071.png, D:\\Projet Test Auto\\Mediabox Test Automation\\Reports\\20220609_181011\\03. Parallel Testing (Testing)\\TS -PT PART 3\\14.05 Dreyers Support Action (Ongoing _ Completed ref) - PART 5\\20220609_181111\\1654800841797.png, D:\\Projet Test Auto\\Mediabox Test Automation\\Reports\\20220609_181011\\03. Parallel Testing (Testing)\\TS -PT PART 3\\14.05 Dreyers Support Action (Ongoing _ Completed ref) - PART 5\\20220609_181111\\1654800843163.png, D:\\Projet Test Auto\\Mediabox Test Automation\\Reports\\20220609_181011\\03. Parallel Testing (Testing)\\TS -PT PART 3\\14.05 Dreyers Support Action (Ongoing _ Completed ref) - PART 5\\20220609_181111\\1654800847103.png, D:\\Projet Test Auto\\Mediabox Test Automation\\Reports\\20220609_181011\\03. Parallel Testing (Testing)\\TS -PT PART 3\\14.05 Dreyers Support Action (Ongoing _ Completed ref) - PART 5\\20220609_181111\\1654800850270.png, D:\\Projet Test Auto\\Mediabox Test Automation\\Reports\\20220609_181011\\03. Parallel Testing (Testing)\\TS -PT PART 3\\14.05 Dreyers Support Action (Ongoing _ Completed ref) - PART 5\\20220609_181111\\1654800909924.png, D:\\Projet Test Auto\\Mediabox Test Automation\\Reports\\20220609_181011\\03. Parallel Testing (Testing)\\TS -PT PART 3\\14.05 Dreyers Support Action (Ongoing _ Completed ref) - PART 5\\20220609_181111\\1654800966705.png, D:\\Projet Test Auto\\Mediabox Test Automation\\Reports\\20220609_181011\\03. Parallel Testing (Testing)\\TS -PT PART 3\\14.05 Dreyers Support Action (Ongoing _ Completed ref) - PART 5\\20220609_181111\\1654801016108.png, D:\\Projet Test Auto\\Mediabox Test Automation\\Reports\\20220609_181011\\03. Parallel Testing (Testing)\\TS -PT PART 3\\14.05 Dreyers Support Action (Ongoing _ Completed ref) - PART 5\\20220609_181111\\1654801023144.png, D:\\Projet Test Auto\\Mediabox Test Automation\\Reports\\20220609_181011\\03. Parallel Testing (Testing)\\TS -PT PART 3\\14.05 Dreyers Support Action (Ongoing _ Completed ref) - PART 5\\20220609_181111\\1654801027775.png, D:\\Projet Test Auto\\Mediabox Test Automation\\Reports\\20220609_181011\\03. Parallel Testing (Testing)\\TS -PT PART 3\\14.05 Dreyers Support Action (Ongoing _ Completed ref) - PART 5\\20220609_181111\\1654801039969.png, D:\\Projet Test Auto\\Mediabox Test Automation\\Reports\\20220609_181011\\03. Parallel Testing (Testing)\\TS -PT PART 3\\14.05 Dreyers Support Action (Ongoing _ Completed ref) - PART 5\\20220609_181111\\1654801058445.png, D:\\Projet Test Auto\\Mediabox Test Automation\\Reports\\20220609_181011\\03. Parallel Testing (Testing)\\TS -PT PART 3\\14.05 Dreyers Support Action (Ongoing _ Completed ref) - PART 5\\20220609_181111\\1654801067791.png, D:\\Projet Test Auto\\Mediabox Test Automation\\Reports\\20220609_181011\\03. Parallel Testing (Testing)\\TS -PT PART 3\\14.05 Dreyers Support Action (Ongoing _ Completed ref) - PART 5\\20220609_181111\\1654801091201.png, D:\\Projet Test Auto\\Mediabox Test Automation\\Reports\\20220609_181011\\03. Parallel Testing (Testing)\\TS -PT PART 3\\14.05 Dreyers Support Action (Ongoing _ Completed ref) - PART 5\\20220609_181111\\1654801109785.png, D:\\Projet Test Auto\\Mediabox Test Automation\\Reports\\20220609_181011\\03. Parallel Testing (Testing)\\TS -PT PART 3\\14.05 Dreyers Support Action (Ongoing _ Completed ref) - PART 5\\20220609_181111\\1654801114030.png, D:\\Projet Test Auto\\Mediabox Test Automation\\Reports\\20220609_181011\\03. Parallel Testing (Testing)\\TS -PT PART 3\\14.05 Dreyers Support Action (Ongoing _ Completed ref) - PART 5\\20220609_181111\\1654801142528.png, D:\\Projet Test Auto\\Mediabox Test Automation\\Reports\\20220609_181011\\03. Parallel Testing (Testing)\\TS -PT PART 3\\14.05 Dreyers Support Action (Ongoing _ Completed ref) - PART 5\\20220609_181111\\1654801152599.png, D:\\Projet Test Auto\\Mediabox Test Automation\\Reports\\20220609_181011\\03. Parallel Testing (Testing)\\TS -PT PART 3\\14.05 Dreyers Support Action (Ongoing _ Completed ref) - PART 5\\20220609_181111\\1654801158014.png, D:\\Projet Test Auto\\Mediabox Test Automation\\Reports\\20220609_181011\\03. Parallel Testing (Testing)\\TS -PT PART 3\\14.05 Dreyers Support Action (Ongoing _ Completed ref) - PART 5\\20220609_181111\\1654801190037.png, D:\\Projet Test Auto\\Mediabox Test Automation\\Reports\\20220609_181011\\03. Parallel Testing (Testing)\\TS -PT PART 3\\14.05 Dreyers Support Action (Ongoing _ Completed ref) - PART 5\\20220609_181111\\1654801207107.png, D:\\Projet Test Auto\\Mediabox Test Automation\\Reports\\20220609_181011\\03. Parallel Testing (Testing)\\TS -PT PART 3\\14.05 Dreyers Support Action (Ongoing _ Completed ref) - PART 5\\20220609_181111\\1654801229535.png, D:\\Projet Test Auto\\Mediabox Test Automation\\Reports\\20220609_181011\\03. Parallel Testing (Testing)\\TS -PT PART 3\\14.05 Dreyers Support Action (Ongoing _ Completed ref) - PART 5\\20220609_181111\\1654801231246.png, D:\\Projet Test Auto\\Mediabox Test Automation\\Reports\\20220609_181011\\03. Parallel Testing (Testing)\\TS -PT PART 3\\14.05 Dreyers Support Action (Ongoing _ Completed ref) - PART 5\\20220609_181111\\1654801236186.png, D:\\Projet Test Auto\\Mediabox Test Automation\\Reports\\20220609_181011\\03. Parallel Testing (Testing)\\TS -PT PART 3\\14.05 Dreyers Support Action (Ongoing _ Completed ref) - PART 5\\20220609_181111\\1654801238848.png, D:\\Projet Test Auto\\Mediabox Test Automation\\Reports\\20220609_181011\\03. Parallel Testing (Testing)\\TS -PT PART 3\\14.05 Dreyers Support Action (Ongoing _ Completed ref) - PART 5\\20220609_181111\\1654801297461.png, D:\\Projet Test Auto\\Mediabox Test Automation\\Reports\\20220609_181011\\03. Parallel Testing (Testing)\\TS -PT PART 3\\14.05 Dreyers Support Action (Ongoing _ Completed ref) - PART 5\\20220609_181111\\1654801307819.png, D:\\Projet Test Auto\\Mediabox Test Automation\\Reports\\20220609_181011\\03. Parallel Testing (Testing)\\TS -PT PART 3\\14.05 Dreyers Support Action (Ongoing _ Completed ref) - PART 5\\20220609_181111\\1654801353890.png, D:\\Projet Test Auto\\Mediabox Test Automation\\Reports\\20220609_181011\\03. Parallel Testing (Testing)\\TS -PT PART 3\\14.05 Dreyers Support Action (Ongoing _ Completed ref) - PART 5\\20220609_181111\\1654801364932.png, D:\\Projet Test Auto\\Mediabox Test Automation\\Reports\\20220609_181011\\03. Parallel Testing (Testing)\\TS -PT PART 3\\14.05 Dreyers Support Action (Ongoing _ Completed ref) - PART 5\\20220609_181111\\1654801418642.png, D:\\Projet Test Auto\\Mediabox Test Automation\\Reports\\20220609_181011\\03. Parallel Testing (Testing)\\TS -PT PART 3\\14.05 Dreyers Support Action (Ongoing _ Completed ref) - PART 5\\20220609_181111\\1654801431256.png, D:\\Projet Test Auto\\Mediabox Test Automation\\Reports\\20220609_181011\\03. Parallel Testing (Testing)\\TS -PT PART 3\\14.05 Dreyers Support Action (Ongoing _ Completed ref) - PART 5\\20220609_181111\\1654801512353.png, D:\\Projet Test Auto\\Mediabox Test Automation\\Reports\\20220609_181011\\03. Parallel Testing (Testing)\\TS -PT PART 3\\14.05 Dreyers Support Action (Ongoing _ Completed ref) - PART 5\\20220609_181111\\1654801521312.png, D:\\Projet Test Auto\\Mediabox Test Automation\\Reports\\20220609_181011\\03. Parallel Testing (Testing)\\TS -PT PART 3\\14.05 Dreyers Support Action (Ongoing _ Completed ref) - PART 5\\20220609_181111\\1654801561241.png, D:\\Projet Test Auto\\Mediabox Test Automation\\Reports\\20220609_181011\\03. Parallel Testing (Testing)\\TS -PT PART 3\\14.05 Dreyers Support Action (Ongoing _ Completed ref) - PART 5\\20220609_181111\\1654801574351.png, D:\\Projet Test Auto\\Mediabox Test Automation\\Reports\\20220609_181011\\03. Parallel Testing (Testing)\\TS -PT PART 3\\14.05 Dreyers Support Action (Ongoing _ Completed ref) - PART 5\\20220609_181111\\1654801598182.png, D:\\Projet Test Auto\\Mediabox Test Automation\\Reports\\20220609_181011\\03. Parallel Testing (Testing)\\TS -PT PART 3\\14.05 Dreyers Support Action (Ongoing _ Completed ref) - PART 5\\20220609_181111\\1654801663011.png, D:\\Projet Test Auto\\Mediabox Test Automation\\Reports\\20220609_181011\\03. Parallel Testing (Testing)\\TS -PT PART 3\\14.05 Dreyers Support Action (Ongoing _ Completed ref) - PART 5\\20220609_181111\\1654801690352.png, D:\\Projet Test Auto\\Mediabox Test Automation\\Reports\\20220609_181011\\03. Parallel Testing (Testing)\\TS -PT PART 3\\14.05 Dreyers Support Action (Ongoing _ Completed ref) - PART 5\\20220609_181111\\1654801740153.png, D:\\Projet Test Auto\\Mediabox Test Automation\\Reports\\20220609_181011\\03. Parallel Testing (Testing)\\TS -PT PART 3\\14.05 Dreyers Support Action (Ongoing _ Completed ref) - PART 5\\20220609_181111\\1654801757669.png, D:\\Projet Test Auto\\Mediabox Test Automation\\Reports\\20220609_181011\\03. Parallel Testing (Testing)\\TS -PT PART 3\\14.05 Dreyers Support Action (Ongoing _ Completed ref) - PART 5\\20220609_181111\\1654801758570.png, D:\\Projet Test Auto\\Mediabox Test Automation\\Reports\\20220609_181011\\03. Parallel Testing (Testing)\\TS -PT PART 3\\14.05 Dreyers Support Action (Ongoing _ Completed ref) - PART 5\\20220609_181111\\1654801765437.png, D:\\Projet Test Auto\\Mediabox Test Automation\\Reports\\20220609_181011\\03. Parallel Testing (Testing)\\TS -PT PART 3\\14.05 Dreyers Support Action (Ongoing _ Completed ref) - PART 5\\20220609_181111\\1654801770126.png, D:\\Projet Test Auto\\Mediabox Test Automation\\Reports\\20220609_181011\\03. Parallel Testing (Testing)\\TS -PT PART 3\\14.05 Dreyers Support Action (Ongoing _ Completed ref) - PART 5\\20220609_181111\\1654801772878.png, D:\\Projet Test Auto\\Mediabox Test Automation\\Reports\\20220609_181011\\03. Parallel Testing (Testing)\\TS -PT PART 3\\14.05 Dreyers Support Action (Ongoing _ Completed ref) - PART 5\\20220609_181111\\1654801822593.png, D:\\Projet Test Auto\\Mediabox Test Automation\\Reports\\20220609_181011\\03. Parallel Testing (Testing)\\TS -PT PART 3\\14.05 Dreyers Support Action (Ongoing _ Completed ref) - PART 5\\20220609_181111\\1654801836511.png, D:\\Projet Test Auto\\Mediabox Test Automation\\Reports\\20220609_181011\\03. Parallel Testing (Testing)\\TS -PT PART 3\\14.05 Dreyers Support Action (Ongoing _ Completed ref) - PART 5\\20220609_181111\\1654801861932.png, D:\\Projet Test Auto\\Mediabox Test Automation\\Reports\\20220609_181011\\03. Parallel Testing (Testing)\\TS -PT PART 3\\14.05 Dreyers Support Action (Ongoing _ Completed ref) - PART 5\\20220609_181111\\1654801876817.png, D:\\Projet Test Auto\\Mediabox Test Automation\\Reports\\20220609_181011\\03. Parallel Testing (Testing)\\TS -PT PART 3\\14.05 Dreyers Support Action (Ongoing _ Completed ref) - PART 5\\20220609_181111\\1654801888715.png, D:\\Projet Test Auto\\Mediabox Test Automation\\Reports\\20220609_181011\\03. Parallel Testing (Testing)\\TS -PT PART 3\\14.05 Dreyers Support Action (Ongoing _ Completed ref) - PART 5\\20220609_181111\\1654801928767.png, D:\\Projet Test Auto\\Mediabox Test Automation\\Reports\\20220609_181011\\03. Parallel Testing (Testing)\\TS -PT PART 3\\14.05 Dreyers Support Action (Ongoing _ Completed ref) - PART 5\\20220609_181111\\1654801935851.png, D:\\Projet Test Auto\\Mediabox Test Automation\\Reports\\20220609_181011\\03. Parallel Testing (Testing)\\TS -PT PART 3\\14.05 Dreyers Support Action (Ongoing _ Completed ref) - PART 5\\20220609_181111\\1654801941906.png, D:\\Projet Test Auto\\Mediabox Test Automation\\Reports\\20220609_181011\\03. Parallel Testing (Testing)\\TS -PT PART 3\\14.05 Dreyers Support Action (Ongoing _ Completed ref) - PART 5\\20220609_181111\\1654801953161.png, D:\\Projet Test Auto\\Mediabox Test Automation\\Reports\\20220609_181011\\03. Parallel Testing (Testing)\\TS -PT PART 3\\14.05 Dreyers Support Action (Ongoing _ Completed ref) - PART 5\\20220609_181111\\1654801973208.png, D:\\Projet Test Auto\\Mediabox Test Automation\\Reports\\20220609_181011\\03. Parallel Testing (Testing)\\TS -PT PART 3\\14.05 Dreyers Support Action (Ongoing _ Completed ref) - PART 5\\20220609_181111\\1654801973823.png, D:\\Projet Test Auto\\Mediabox Test Automation\\Reports\\20220609_181011\\03. Parallel Testing (Testing)\\TS -PT PART 3\\14.05 Dreyers Support Action (Ongoing _ Completed ref) - PART 5\\20220609_181111\\1654801975777.png, D:\\Projet Test Auto\\Mediabox Test Automation\\Reports\\20220609_181011\\03. Parallel Testing (Testing)\\TS -PT PART 3\\14.05 Dreyers Support Action (Ongoing _ Completed ref) - PART 5\\20220609_181111\\1654801979055.png, D:\\Projet Test Auto\\Mediabox Test Automation\\Reports\\20220609_181011\\03. Parallel Testing (Testing)\\TS -PT PART 3\\14.05 Dreyers Support Action (Ongoing _ Completed ref) - PART 5\\20220609_181111\\1654801981315.png, D:\\Projet Test Auto\\Mediabox Test Automation\\Reports\\20220609_181011\\03. Parallel Testing (Testing)\\TS -PT PART 3\\14.05 Dreyers Support Action (Ongoing _ Completed ref) - PART 5\\20220609_181111\\1654802006690.png, D:\\Projet Test Auto\\Mediabox Test Automation\\Reports\\20220609_181011\\03. Parallel Testing (Testing)\\TS -PT PART 3\\14.05 Dreyers Support Action (Ongoing _ Completed ref) - PART 5\\20220609_181111\\1654802028090.png, D:\\Projet Test Auto\\Mediabox Test Automation\\Reports\\20220609_181011\\03. Parallel Testing (Testing)\\TS -PT PART 3\\14.05 Dreyers Support Action (Ongoing _ Completed ref) - PART 5\\20220609_181111\\1654802049262.png, D:\\Projet Test Auto\\Mediabox Test Automation\\Reports\\20220609_181011\\03. Parallel Testing (Testing)\\TS -PT PART 3\\14.05 Dreyers Support Action (Ongoing _ Completed ref) - PART 5\\20220609_181111\\1654802152085.png, D:\\Projet Test Auto\\Mediabox Test Automation\\Reports\\20220609_181011\\03. Parallel Testing (Testing)\\TS -PT PART 3\\14.05 Dreyers Support Action (Ongoing _ Completed ref) - PART 5\\20220609_181111\\1654802159200.png, D:\\Projet Test Auto\\Mediabox Test Automation\\Reports\\20220609_181011\\03. Parallel Testing (Testing)\\TS -PT PART 3\\14.05 Dreyers Support Action (Ongoing _ Completed ref) - PART 5\\20220609_181111\\1654802164208.png, D:\\Projet Test Auto\\Mediabox Test Automation\\Reports\\20220609_181011\\03. Parallel Testing (Testing)\\TS -PT PART 3\\14.05 Dreyers Support Action (Ongoing _ Completed ref) - PART 5\\20220609_181111\\1654802181091.png, D:\\Projet Test Auto\\Mediabox Test Automation\\Reports\\20220609_181011\\03. Parallel Testing (Testing)\\TS -PT PART 3\\14.05 Dreyers Support Action (Ongoing _ Completed ref) - PART 5\\20220609_181111\\1654802204189.png, D:\\Projet Test Auto\\Mediabox Test Automation\\Reports\\20220609_181011\\03. Parallel Testing (Testing)\\TS -PT PART 3\\14.05 Dreyers Support Action (Ongoing _ Completed ref) - PART 5\\20220609_181111\\1654802204671.png, D:\\Projet Test Auto\\Mediabox Test Automation\\Reports\\20220609_181011\\03. Parallel Testing (Testing)\\TS -PT PART 3\\14.05 Dreyers Support Action (Ongoing _ Completed ref) - PART 5\\20220609_181111\\1654802206502.png, D:\\Projet Test Auto\\Mediabox Test Automation\\Reports\\20220609_181011\\03. Parallel Testing (Testing)\\TS -PT PART 3\\14.05 Dreyers Support Action (Ongoing _ Completed ref) - PART 5\\20220609_181111\\1654802209860.png, D:\\Projet Test Auto\\Mediabox Test Automation\\Reports\\20220609_181011\\03. Parallel Testing (Testing)\\TS -PT PART 3\\14.05 Dreyers Support Action (Ongoing _ Completed ref) - PART 5\\20220609_181111\\1654802213105.png, D:\\Projet Test Auto\\Mediabox Test Automation\\Reports\\20220609_181011\\03. Parallel Testing (Testing)\\TS -PT PART 3\\14.05 Dreyers Support Action (Ongoing _ Completed ref) - PART 5\\20220609_181111\\1654802266596.png, D:\\Projet Test Auto\\Mediabox Test Automation\\Reports\\20220609_181011\\03. Parallel Testing (Testing)\\TS -PT PART 3\\14.05 Dreyers Support Action (Ongoing _ Completed ref) - PART 5\\20220609_181111\\1654802279287.png, D:\\Projet Test Auto\\Mediabox Test Automation\\Reports\\20220609_181011\\03. Parallel Testing (Testing)\\TS -PT PART 3\\14.05 Dreyers Support Action (Ongoing _ Completed ref) - PART 5\\20220609_181111\\1654802342461.png, D:\\Projet Test Auto\\Mediabox Test Automation\\Reports\\20220609_181011\\03. Parallel Testing (Testing)\\TS -PT PART 3\\14.05 Dreyers Support Action (Ongoing _ Completed ref) - PART 5\\20220609_181111\\1654802356739.png, D:\\Projet Test Auto\\Mediabox Test Automation\\Reports\\20220609_181011\\03. Parallel Testing (Testing)\\TS -PT PART 3\\14.05 Dreyers Support Action (Ongoing _ Completed ref) - PART 5\\20220609_181111\\1654802362827.png, D:\\Projet Test Auto\\Mediabox Test Automation\\Reports\\20220609_181011\\03. Parallel Testing (Testing)\\TS -PT PART 3\\14.05 Dreyers Support Action (Ongoing _ Completed ref) - PART 5\\20220609_181111\\1654802376437.png, D:\\Projet Test Auto\\Mediabox Test Automation\\Reports\\20220609_181011\\03. Parallel Testing (Testing)\\TS -PT PART 3\\14.05 Dreyers Support Action (Ongoing _ Completed ref) - PART 5\\20220609_181111\\1654802390612.png, D:\\Projet Test Auto\\Mediabox Test Automation\\Reports\\20220609_181011\\03. Parallel Testing (Testing)\\TS -PT PART 3\\14.05 Dreyers Support Action (Ongoing _ Completed ref) - PART 5\\20220609_181111\\1654802392522.png, D:\\Projet Test Auto\\Mediabox Test Automation\\Reports\\20220609_181011\\03. Parallel Testing (Testing)\\TS -PT PART 3\\14.05 Dreyers Support Action (Ongoing _ Completed ref) - PART 5\\20220609_181111\\1654802396854.png, D:\\Projet Test Auto\\Mediabox Test Automation\\Reports\\20220609_181011\\03. Parallel Testing (Testing)\\TS -PT PART 3\\14.05 Dreyers Support Action (Ongoing _ Completed ref) - PART 5\\20220609_181111\\1654802398258.png, D:\\Projet Test Auto\\Mediabox Test Automation\\Reports\\20220609_181011\\03. Parallel Testing (Testing)\\TS -PT PART 3\\14.05 Dreyers Support Action (Ongoing _ Completed ref) - PART 5\\20220609_181111\\1654802450803.png, D:\\Projet Test Auto\\Mediabox Test Automation\\Reports\\20220609_181011\\03. Parallel Testing (Testing)\\TS -PT PART 3\\14.05 Dreyers Support Action (Ongoing _ Completed ref) - PART 5\\20220609_181111\\1654802463504.png, D:\\Projet Test Auto\\Mediabox Test Automation\\Reports\\20220609_181011\\03. Parallel Testing (Testing)\\TS -PT PART 3\\14.05 Dreyers Support Action (Ongoing _ Completed ref) - PART 5\\20220609_181111\\1654802502172.png, D:\\Projet Test Auto\\Mediabox Test Automation\\Reports\\20220609_181011\\03. Parallel Testing (Testing)\\TS -PT PART 3\\14.05 Dreyers Support Action (Ongoing _ Completed ref) - PART 5\\20220609_181111\\1654802515364.png"/>
         <property name="hostName" value="lamhe - DPF-MBI-VERIF.ad.sgsco.int"/>
         <property name="os" value="Windows 10 64bit"/>
         <property name="katalonVersion" value="8.3.0.208"/>
         <property name="browser" value="Chrome 102.0.5005.63"/>
         <property name="hostAddress" value="10.15.10.53"/>
         <property name="sessionId" value="4e117d34f3524342b469a9e2e7374f16"/>
         <property name="seleniumVersion" value="3.141.59"/>
         <property name="proxyInformation" value="ProxyInformation { proxyOption=NO_PROXY, proxyServerType=HTTP, username=, password=********, proxyServerAddress=, proxyServerPort=0, executionList=&quot;&quot;, isApplyToDesiredCapabilities=true }"/>
         <property name="platform" value="Windows 10"/>
      </properties>
      <testcase name="Test Cases/19. Dreyers Support Action (Ongoing ref_completed)/19.25 Dreyers SAS Add Phase group (Ongoing ref) S32 - P25" time="334.089" classname="Test Cases/19. Dreyers Support Action (Ongoing ref_completed)/19.25 Dreyers SAS Add Phase group (Ongoing ref) S32 - P25" status="PASSED">
         <system-out><![CDATA[2022-06-09 20:50:41 - [TEST_CASE][PASSED] - Test Cases/19. Dreyers Support Action (Ongoing ref_completed)/19.25 Dreyers SAS Add Phase group (Ongoing ref) S32 - P25: Test Cases/19. Dreyers Support Action (Ongoing ref_completed)/19.25 Dreyers SAS Add Phase group (Ongoing ref) S32 - P25

2022-06-09 20:50:43 - [TEST_STEP][PASSED] - data_Dreyers = findTestData("Data Files/Username_Password/Dreyer"): null

2022-06-09 20:50:43 - [TEST_STEP][PASSED] - password_suser = data_Dreyers.getValue(2, 1): null

2022-06-09 20:50:43 - [TEST_STEP][PASSED] - password_blemco = data_Dreyers.getValue(2, 2): null

2022-06-09 20:50:43 - [TEST_STEP][PASSED] - password_nturner = data_Dreyers.getValue(2, 6): null

2022-06-09 20:50:43 - [TEST_STEP][PASSED] - data_urlRELAUTO = findTestData("Data Files/URL/URL_relauto"): null

2022-06-09 20:50:43 - [TEST_STEP][PASSED] - Url_Dreyer = data_urlRELAUTO.getValue(2, 4): null

2022-06-09 20:50:43 - [TEST_STEP][PASSED] - Project_No = I.readnotepad("D:\Upoad_File\Projet_ Login\Dreyers\19.1\19.1_Dreyers_ProjectNo.txt"): null

2022-06-09 20:50:43 - [TEST_STEP][PASSED] - refID = I.readnotepad("D:\Upoad_File\Projet_ Login\Dreyers\19.1\19.1_Dreyers_refID.txt"): null

2022-06-09 20:50:43 - [TEST_STEP][PASSED] - openBrowser(Url_Dreyer): Browser is opened with url: 'http://mdb-release.diadeis.lan/MediaboxIndependence/?MBI_datasource=RELTESTAUTO_DREYERS'

2022-06-09 20:50:44 - [MESSAGE][INFO] - Starting 'Chrome (headless)' driver

2022-06-09 20:50:44 - [MESSAGE][INFO] - User set preference: ['args', '[--window-size=1920,1080, --headless]']

2022-06-09 20:50:44 - [MESSAGE][INFO] - Action delay is set to 0 milliseconds

2022-06-09 20:50:58 - [MESSAGE][PASSED] - Browser is opened with url: 'http://mdb-release.diadeis.lan/MediaboxIndependence/?MBI_datasource=RELTESTAUTO_DREYERS'

2022-06-09 20:50:58 - [TEST_STEP][PASSED] - maximizeWindow(): Current window maximized

2022-06-09 20:50:58 - [MESSAGE][PASSED] - Current window maximized

2022-06-09 20:50:58 - [TEST_STEP][PASSED] - I.Login_password("suser", password_suser): Object: 'Object Repository/1. Constant/xpath' is clicked on

2022-06-09 20:50:59 - [MESSAGE][PASSED] - Text 'suser' is set on object 'Object Repository/1. Constant/xpath'

2022-06-09 20:51:00 - [MESSAGE][PASSED] - Delayed 1 second(s)

2022-06-09 20:51:01 - [MESSAGE][PASSED] - Text 'diadeis' is set on object 'Object Repository/1. Constant/xpath'

2022-06-09 20:51:02 - [MESSAGE][PASSED] - Delayed 1 second(s)

2022-06-09 20:51:10 - [MESSAGE][PASSED] - Object: 'Object Repository/1. Constant/xpath' is clicked on

2022-06-09 20:51:10 - [TEST_STEP][PASSED] - click(findTestObject("1. Constant/02_LHSMenu_Projects")): Object: 'Object Repository/1. Constant/02_LHSMenu_Projects' is clicked on

2022-06-09 20:51:16 - [MESSAGE][PASSED] - Object: 'Object Repository/1. Constant/02_LHSMenu_Projects' is clicked on

2022-06-09 20:51:16 - [TEST_STEP][PASSED] - I.SearchProjectNo_xpath(Project_No, "//*[@id="keynum_project"]", "//*[@id="form_filters"]/div[4]/button"): Delayed 5 second(s)

2022-06-09 20:51:17 - [MESSAGE][PASSED] - Delayed 1 second(s)

2022-06-09 20:51:17 - [MESSAGE][PASSED] - Text 'MI000876' is set on object 'Object Repository/1. Constant/xpath'

2022-06-09 20:51:20 - [MESSAGE][PASSED] - Delayed 3 second(s)

2022-06-09 20:51:20 - [MESSAGE][PASSED] - Scroll to object 'Object Repository/1. Constant/xpath' successfully

2022-06-09 20:51:24 - [MESSAGE][PASSED] - Object: 'Object Repository/1. Constant/xpath' is clicked on

2022-06-09 20:51:29 - [MESSAGE][PASSED] - Delayed 5 second(s)

2022-06-09 20:51:29 - [TEST_STEP][PASSED] - takeScreenshot(): Taking screenshot successfully

2022-06-09 20:51:30 - [MESSAGE][PASSED] - Taking screenshot successfully
[[ATTACHMENT|D:\\Projet Test Auto\\Mediabox Test Automation\\Reports\\20220609_181011\\03. Parallel Testing (Testing)\\TS -PT PART 3\\14.05 Dreyers Support Action (Ongoing _ Completed ref) - PART 5\\20220609_181111\\1654800689866.png]]

2022-06-09 20:51:30 - [TEST_STEP][PASSED] - click(findTestObject("1. Constant/xpath", ["xpath":"//*[@id="create_ref_btn"]/button"])): Object: 'Object Repository/1. Constant/xpath' is clicked on

2022-06-09 20:51:30 - [MESSAGE][PASSED] - Object: 'Object Repository/1. Constant/xpath' is clicked on

2022-06-09 20:51:30 - [TEST_STEP][PASSED] - click(findTestObject("1. Constant/xpath", ["xpath":"//*[@id="create_ref_btn"]/div/a"])): Object: 'Object Repository/1. Constant/xpath' is clicked on

2022-06-09 20:51:32 - [MESSAGE][PASSED] - Object: 'Object Repository/1. Constant/xpath' is clicked on

2022-06-09 20:51:32 - [TEST_STEP][PASSED] - delay(1): Delayed 1 second(s)

2022-06-09 20:51:33 - [MESSAGE][PASSED] - Delayed 1 second(s)

2022-06-09 20:51:33 - [TEST_STEP][PASSED] - selectOptionByValue(findTestObject("1. Constant/xpath", ["xpath":"//*[@id="lfc_tpl"]"]), "36", false): All options with value '36' are selected in object 'Object Repository/1. Constant/xpath' 

2022-06-09 20:51:35 - [MESSAGE][PASSED] - All options with value '36' are selected in object 'Object Repository/1. Constant/xpath' 

2022-06-09 20:51:35 - [TEST_STEP][PASSED] - ref_name = "P25_Auto_SAS_S32_" + RandomStringUtils.randomAlphanumeric(5) + I.gettimedate(): null

2022-06-09 20:51:35 - [TEST_STEP][PASSED] - delay(1): Delayed 1 second(s)

2022-06-09 20:51:36 - [MESSAGE][PASSED] - Delayed 1 second(s)

2022-06-09 20:51:36 - [TEST_STEP][PASSED] - setText(findTestObject("1. Constant/xpath", ["xpath":"//*[@id="var_name"]"]), ref_name): Text 'P25_Auto_SAS_S32_NupxXjuin092022_205135' is set on object 'Object Repository/1. Constant/xpath'

2022-06-09 20:51:36 - [MESSAGE][PASSED] - Text 'P25_Auto_SAS_S32_NupxXjuin092022_205135' is set on object 'Object Repository/1. Constant/xpath'

2022-06-09 20:51:36 - [TEST_STEP][PASSED] - takeScreenshot(): Taking screenshot successfully

2022-06-09 20:51:36 - [MESSAGE][PASSED] - Taking screenshot successfully
[[ATTACHMENT|D:\\Projet Test Auto\\Mediabox Test Automation\\Reports\\20220609_181011\\03. Parallel Testing (Testing)\\TS -PT PART 3\\14.05 Dreyers Support Action (Ongoing _ Completed ref) - PART 5\\20220609_181111\\1654800696679.png]]

2022-06-09 20:51:36 - [TEST_STEP][PASSED] - click(findTestObject("1. Constant/xpath", ["xpath":"//*[@id="createRefBottom"]"])): Object: 'Object Repository/1. Constant/xpath' is clicked on

2022-06-09 20:51:39 - [MESSAGE][PASSED] - Object: 'Object Repository/1. Constant/xpath' is clicked on

2022-06-09 20:51:39 - [TEST_STEP][PASSED] - delay(1): Delayed 1 second(s)

2022-06-09 20:51:40 - [MESSAGE][PASSED] - Delayed 1 second(s)

2022-06-09 20:51:40 - [TEST_STEP][PASSED] - takeScreenshot(): Taking screenshot successfully

2022-06-09 20:51:41 - [MESSAGE][PASSED] - Taking screenshot successfully
[[ATTACHMENT|D:\\Projet Test Auto\\Mediabox Test Automation\\Reports\\20220609_181011\\03. Parallel Testing (Testing)\\TS -PT PART 3\\14.05 Dreyers Support Action (Ongoing _ Completed ref) - PART 5\\20220609_181111\\1654800700984.png]]

2022-06-09 20:51:41 - [TEST_STEP][PASSED] - refID25 = I.RefID(): Current window's url is: 'http://mdb-release.diadeis.lan/MediaboxIndependence/Base/ExecAction?IDSession=MBI%21RELTESTAUTO_DREYERS%21DGOM8EPI6NB779ERE2CG65F5JLBU9UURSHL5LRRC&default_action=ModifierRef&id_project=MI000876&id_ref=5283&action_from=create_ref'

2022-06-09 20:51:46 - [MESSAGE][PASSED] - Delayed 5 second(s)

2022-06-09 20:51:46 - [MESSAGE][PASSED] - Current window's url is: 'http://mdb-release.diadeis.lan/MediaboxIndependence/Base/ExecAction?IDSession=MBI%21RELTESTAUTO_DREYERS%21DGOM8EPI6NB779ERE2CG65F5JLBU9UURSHL5LRRC&default_action=ModifierRef&id_project=MI000876&id_ref=5283&action_from=create_ref'

2022-06-09 20:51:46 - [TEST_STEP][PASSED] - click(findTestObject("1. Constant/xpath", ["xpath":"//*[@id="type_save"]"])): Object: 'Object Repository/1. Constant/xpath' is clicked on

2022-06-09 20:51:51 - [MESSAGE][PASSED] - Object: 'Object Repository/1. Constant/xpath' is clicked on

2022-06-09 20:51:51 - [TEST_STEP][PASSED] - takeScreenshot(): Taking screenshot successfully

2022-06-09 20:51:52 - [MESSAGE][PASSED] - Taking screenshot successfully
[[ATTACHMENT|D:\\Projet Test Auto\\Mediabox Test Automation\\Reports\\20220609_181011\\03. Parallel Testing (Testing)\\TS -PT PART 3\\14.05 Dreyers Support Action (Ongoing _ Completed ref) - PART 5\\20220609_181111\\1654800711965.png]]

2022-06-09 20:51:52 - [TEST_STEP][PASSED] - delay(1): Delayed 1 second(s)

2022-06-09 20:51:53 - [MESSAGE][PASSED] - Delayed 1 second(s)

2022-06-09 20:51:53 - [TEST_STEP][PASSED] - I.SearchRefNo_xpath("P25_Auto", "//*[@id="fiche_filter_keywords11"]", "//*[@id="form_filters"]/div[3]/button"): Delayed 5 second(s)

2022-06-09 20:51:54 - [MESSAGE][PASSED] - Delayed 1 second(s)

2022-06-09 20:51:54 - [MESSAGE][PASSED] - Text 'P25_Auto' is set on object 'Object Repository/1. Constant/xpath'

2022-06-09 20:51:57 - [MESSAGE][PASSED] - Delayed 3 second(s)

2022-06-09 20:51:58 - [MESSAGE][PASSED] - Scroll to object 'Object Repository/1. Constant/xpath' successfully

2022-06-09 20:52:00 - [MESSAGE][PASSED] - Object: 'Object Repository/1. Constant/xpath' is clicked on

2022-06-09 20:52:05 - [MESSAGE][PASSED] - Delayed 5 second(s)

2022-06-09 20:52:05 - [TEST_STEP][PASSED] - click(findTestObject("1. Constant/xpath", ["xpath":"//*[@id="source_" + refID25 + ""]/td[14]/a[3]"])): Object: 'Object Repository/1. Constant/xpath' is clicked on

2022-06-09 20:52:08 - [MESSAGE][PASSED] - Object: 'Object Repository/1. Constant/xpath' is clicked on

2022-06-09 20:52:08 - [TEST_STEP][PASSED] - click(findTestObject("1. Constant/xpath", ["xpath":"//*[@id="ModifFiche"]/div[1]/div/button[2]"])): Object: 'Object Repository/1. Constant/xpath' is clicked on

2022-06-09 20:52:12 - [MESSAGE][PASSED] - Object: 'Object Repository/1. Constant/xpath' is clicked on

2022-06-09 20:52:12 - [TEST_STEP][PASSED] - takeScreenshot(): Taking screenshot successfully

2022-06-09 20:52:13 - [MESSAGE][PASSED] - Taking screenshot successfully
[[ATTACHMENT|D:\\Projet Test Auto\\Mediabox Test Automation\\Reports\\20220609_181011\\03. Parallel Testing (Testing)\\TS -PT PART 3\\14.05 Dreyers Support Action (Ongoing _ Completed ref) - PART 5\\20220609_181111\\1654800732773.png]]

2022-06-09 20:52:13 - [TEST_STEP][PASSED] - delay(1): Delayed 1 second(s)

2022-06-09 20:52:14 - [MESSAGE][PASSED] - Delayed 1 second(s)

2022-06-09 20:52:14 - [TEST_STEP][PASSED] - click(findTestObject("1. Constant/xpath", ["xpath":"//*[@id="source_" + refID25 + ""]/td[14]/a[3]"])): Object: 'Object Repository/1. Constant/xpath' is clicked on

2022-06-09 20:52:16 - [MESSAGE][PASSED] - Object: 'Object Repository/1. Constant/xpath' is clicked on

2022-06-09 20:52:16 - [TEST_STEP][PASSED] - click(findTestObject("1. Constant/xpath", ["xpath":"//*[@id="ModifFiche"]/div[1]/div/button[2]"])): Object: 'Object Repository/1. Constant/xpath' is clicked on

2022-06-09 20:52:23 - [MESSAGE][PASSED] - Object: 'Object Repository/1. Constant/xpath' is clicked on

2022-06-09 20:52:23 - [TEST_STEP][PASSED] - takeScreenshot(): Taking screenshot successfully

2022-06-09 20:52:23 - [MESSAGE][PASSED] - Taking screenshot successfully
[[ATTACHMENT|D:\\Projet Test Auto\\Mediabox Test Automation\\Reports\\20220609_181011\\03. Parallel Testing (Testing)\\TS -PT PART 3\\14.05 Dreyers Support Action (Ongoing _ Completed ref) - PART 5\\20220609_181111\\1654800743091.png]]

2022-06-09 20:52:23 - [TEST_STEP][PASSED] - delay(1): Delayed 1 second(s)

2022-06-09 20:52:24 - [MESSAGE][PASSED] - Delayed 1 second(s)

2022-06-09 20:52:24 - [TEST_STEP][PASSED] - color1 = getCSSValue(findTestObject("1. Constant/xpath", ["xpath":"//*[@id="source_" + refID25 + ""]/td[14]/a[2]"]), "color", OPTIONAL): Get CSS 'color' value on 'Object Repository/1. Constant/xpath' successfully: 'rgba(255, 255, 255, 1)'.

2022-06-09 20:52:24 - [MESSAGE][PASSED] - Get CSS 'color' value on 'Object Repository/1. Constant/xpath' successfully: 'rgba(255, 255, 255, 1)'.

2022-06-09 20:52:24 - [TEST_STEP][PASSED] - while (color1 == "rgba(255, 255, 255, 1)"): Get CSS 'color' value on 'Object Repository/1. Constant/xpath' successfully: 'rgba(54, 153, 255, 1)'.

2022-06-09 20:52:24 - [TEST_STEP][PASSED] - click(findTestObject("1. Constant/xpath", ["xpath":"//*[@id="source_" + refID25 + ""]/td[14]/a[2]"])): Object: 'Object Repository/1. Constant/xpath' is clicked on

2022-06-09 20:52:25 - [MESSAGE][PASSED] - Object: 'Object Repository/1. Constant/xpath' is clicked on

2022-06-09 20:52:25 - [TEST_STEP][PASSED] - I.UploadDoc_sendkey_Prod(findTestObject("1. Constant/xpath", ["xpath":"//*[@id="kt_body"]/input[2]"]), "D:\Upoad_File\Upload doc\testdata1.pdf", "testdata1"): Delayed 5 second(s)

2022-06-09 20:52:25 - [MESSAGE][PASSED] - Scroll to object 'Object Repository/1. Constant/xpath' successfully

2022-06-09 20:52:30 - [MESSAGE][PASSED] - Delayed 5 second(s)

2022-06-09 20:52:31 - [MESSAGE][PASSED] - File 'D:\Upoad_File\Upload doc\testdata1.pdf' sent to object: 'Object Repository/1. Constant/xpath'

2022-06-09 20:52:36 - [MESSAGE][PASSED] - Delayed 5 second(s)

2022-06-09 20:52:36 - [MESSAGE][PASSED] - Text 'testdata1' is present on page 

2022-06-09 20:52:41 - [MESSAGE][PASSED] - Delayed 5 second(s)

2022-06-09 20:52:46 - [MESSAGE][PASSED] - Delayed 5 second(s)

2022-06-09 20:52:46 - [TEST_STEP][PASSED] - takeScreenshot(): Taking screenshot successfully

2022-06-09 20:52:46 - [MESSAGE][PASSED] - Taking screenshot successfully
[[ATTACHMENT|D:\\Projet Test Auto\\Mediabox Test Automation\\Reports\\20220609_181011\\03. Parallel Testing (Testing)\\TS -PT PART 3\\14.05 Dreyers Support Action (Ongoing _ Completed ref) - PART 5\\20220609_181111\\1654800766396.png]]

2022-06-09 20:52:46 - [TEST_STEP][PASSED] - delay(10): Delayed 10 second(s)

2022-06-09 20:52:56 - [MESSAGE][PASSED] - Delayed 10 second(s)

2022-06-09 20:52:56 - [TEST_STEP][PASSED] - click(findTestObject("HL Full Lifecycle/12 ReferncePage_Button_Updatensenddoc")): Object: 'Object Repository/HL Full Lifecycle/12 ReferncePage_Button_Updatensenddoc' is clicked on

2022-06-09 20:53:01 - [MESSAGE][PASSED] - Object: 'Object Repository/HL Full Lifecycle/12 ReferncePage_Button_Updatensenddoc' is clicked on

2022-06-09 20:53:01 - [TEST_STEP][PASSED] - delay(5): Delayed 5 second(s)

2022-06-09 20:53:06 - [MESSAGE][PASSED] - Delayed 5 second(s)

2022-06-09 20:53:06 - [TEST_STEP][PASSED] - color1 = getCSSValue(findTestObject("1. Constant/xpath", ["xpath":"//*[@id="source_" + refID25 + ""]/td[14]/a[2]"]), "color", OPTIONAL): Get CSS 'color' value on 'Object Repository/1. Constant/xpath' successfully: 'rgba(54, 153, 255, 1)'.

2022-06-09 20:53:07 - [MESSAGE][PASSED] - Get CSS 'color' value on 'Object Repository/1. Constant/xpath' successfully: 'rgba(54, 153, 255, 1)'.

2022-06-09 20:53:07 - [TEST_STEP][PASSED] - takeScreenshot(): Taking screenshot successfully

2022-06-09 20:53:07 - [MESSAGE][PASSED] - Taking screenshot successfully
[[ATTACHMENT|D:\\Projet Test Auto\\Mediabox Test Automation\\Reports\\20220609_181011\\03. Parallel Testing (Testing)\\TS -PT PART 3\\14.05 Dreyers Support Action (Ongoing _ Completed ref) - PART 5\\20220609_181111\\1654800787461.png]]

2022-06-09 20:53:07 - [TEST_STEP][PASSED] - click(findTestObject("1. Constant/xpath", ["xpath":"//*[@id="source_" + refID25 + ""]/td[6]/a"])): Object: 'Object Repository/1. Constant/xpath' is clicked on

2022-06-09 20:53:10 - [MESSAGE][PASSED] - Object: 'Object Repository/1. Constant/xpath' is clicked on

2022-06-09 20:53:10 - [TEST_STEP][PASSED] - takeScreenshot(): Taking screenshot successfully

2022-06-09 20:53:11 - [MESSAGE][PASSED] - Taking screenshot successfully
[[ATTACHMENT|D:\\Projet Test Auto\\Mediabox Test Automation\\Reports\\20220609_181011\\03. Parallel Testing (Testing)\\TS -PT PART 3\\14.05 Dreyers Support Action (Ongoing _ Completed ref) - PART 5\\20220609_181111\\1654800790858.png]]

2022-06-09 20:53:11 - [TEST_STEP][PASSED] - delay(1): Delayed 1 second(s)

2022-06-09 20:53:12 - [MESSAGE][PASSED] - Delayed 1 second(s)

2022-06-09 20:53:12 - [TEST_STEP][PASSED] - I.Approveforothers("/html/body/div[1]/div[2]/div[8]/div[3]/div/div[3]/div[2]/div/div[3]/div/div[2]/div[1]/div/div[2]/div/div[2]/div[2]/div/div/div[1]/img", "/html/body/div[1]/div[2]/div[8]/div[3]/div/div[3]/div[2]/div/div[3]/div/div[2]/div[1]/div/div[2]/div/div[2]/div[2]/div/div/div[6]/a[2]/span"): Object: 'Object Repository/1. Constant/xpath' is clicked on

2022-06-09 20:53:15 - [MESSAGE][PASSED] - Object: 'Object Repository/1. Constant/xpath' is clicked on

2022-06-09 20:53:16 - [MESSAGE][PASSED] - Delayed 1 second(s)

2022-06-09 20:53:17 - [MESSAGE][PASSED] - Object: 'Object Repository/1. Constant/xpath' is clicked on

2022-06-09 20:53:18 - [MESSAGE][PASSED] - Delayed 1 second(s)

2022-06-09 20:53:19 - [MESSAGE][PASSED] - Object: 'Object Repository/1. Constant/xpath' is hovered

2022-06-09 20:53:19 - [MESSAGE][PASSED] - Object: 'Object Repository/1. Constant/xpath' is clicked on

2022-06-09 20:53:20 - [MESSAGE][PASSED] - Delayed 1 second(s)

2022-06-09 20:53:24 - [MESSAGE][PASSED] - Object: 'Object Repository/1. Constant/xpath' is clicked on

2022-06-09 20:53:24 - [TEST_STEP][PASSED] - delay(1): Delayed 1 second(s)

2022-06-09 20:53:25 - [MESSAGE][PASSED] - Delayed 1 second(s)

2022-06-09 20:53:25 - [TEST_STEP][PASSED] - click(findTestObject("1. Constant/xpath", ["xpath":"//*[@id="kt_subheader"]/div/nav/ol/li[2]/a"])): Object: 'Object Repository/1. Constant/xpath' is clicked on

2022-06-09 20:53:28 - [MESSAGE][PASSED] - Object: 'Object Repository/1. Constant/xpath' is clicked on

2022-06-09 20:53:28 - [TEST_STEP][PASSED] - delay(1): Delayed 1 second(s)

2022-06-09 20:53:29 - [MESSAGE][PASSED] - Delayed 1 second(s)

2022-06-09 20:53:29 - [TEST_STEP][PASSED] - I.submitquesiton_ref(findTestObject("1. Constant/xpath", ["xpath":"//*[@id="source_" + refID25 + ""]/td[14]/div[1]/button"]), findTestObject("1. Constant/xpath", ["xpath":"//*[@id="source_" + refID25 + ""]/td[14]/div[1]/div/a[1]"])): Object: 'Object Repository/1. Constant/xpath' is clicked on

2022-06-09 20:53:30 - [MESSAGE][PASSED] - Object: 'Object Repository/1. Constant/xpath' is clicked on

2022-06-09 20:53:33 - [MESSAGE][PASSED] - Delayed 3 second(s)

2022-06-09 20:53:35 - [MESSAGE][PASSED] - Object: 'Object Repository/1. Constant/xpath' is clicked on

2022-06-09 20:53:35 - [TEST_STEP][PASSED] - click(findTestObject("1. Constant/xpath", ["xpath":"//*[@id="ModifFiche"]/div[1]/div/button[2]"])): Object: 'Object Repository/1. Constant/xpath' is clicked on

2022-06-09 20:53:39 - [MESSAGE][PASSED] - Object: 'Object Repository/1. Constant/xpath' is clicked on

2022-06-09 20:53:39 - [TEST_STEP][PASSED] - takeScreenshot(): Taking screenshot successfully

2022-06-09 20:53:40 - [MESSAGE][PASSED] - Taking screenshot successfully
[[ATTACHMENT|D:\\Projet Test Auto\\Mediabox Test Automation\\Reports\\20220609_181011\\03. Parallel Testing (Testing)\\TS -PT PART 3\\14.05 Dreyers Support Action (Ongoing _ Completed ref) - PART 5\\20220609_181111\\1654800819800.png]]

2022-06-09 20:53:40 - [TEST_STEP][PASSED] - I.submitquesiton_ref(findTestObject("1. Constant/xpath", ["xpath":"//*[@id="source_" + refID25 + ""]/td[14]/div[1]/button"]), findTestObject("1. Constant/xpath", ["xpath":"//*[@id="source_" + refID25 + ""]/td[14]/div[1]/div/a[1]"])): Object: 'Object Repository/1. Constant/xpath' is clicked on

2022-06-09 20:53:40 - [MESSAGE][PASSED] - Object: 'Object Repository/1. Constant/xpath' is clicked on

2022-06-09 20:53:43 - [MESSAGE][PASSED] - Delayed 3 second(s)

2022-06-09 20:53:46 - [MESSAGE][PASSED] - Object: 'Object Repository/1. Constant/xpath' is clicked on

2022-06-09 20:53:46 - [TEST_STEP][PASSED] - click(findTestObject("1. Constant/xpath", ["xpath":"//*[@id="ModifFiche"]/div[1]/div/button[2]"])): Object: 'Object Repository/1. Constant/xpath' is clicked on

2022-06-09 20:53:51 - [MESSAGE][PASSED] - Object: 'Object Repository/1. Constant/xpath' is clicked on

2022-06-09 20:53:51 - [TEST_STEP][PASSED] - takeScreenshot(): Taking screenshot successfully

2022-06-09 20:53:52 - [MESSAGE][PASSED] - Taking screenshot successfully
[[ATTACHMENT|D:\\Projet Test Auto\\Mediabox Test Automation\\Reports\\20220609_181011\\03. Parallel Testing (Testing)\\TS -PT PART 3\\14.05 Dreyers Support Action (Ongoing _ Completed ref) - PART 5\\20220609_181111\\1654800831733.png]]

2022-06-09 20:53:52 - [TEST_STEP][PASSED] - click(findTestObject("1. Constant/xpath", ["xpath":"//*[@id="source_" + refID25 + ""]/td[14]/a[3]"])): Object: 'Object Repository/1. Constant/xpath' is clicked on

2022-06-09 20:53:54 - [MESSAGE][PASSED] - Object: 'Object Repository/1. Constant/xpath' is clicked on

2022-06-09 20:53:54 - [TEST_STEP][PASSED] - click(findTestObject("1. Constant/xpath", ["xpath":"//*[@id="ModifFiche"]/div[1]/div/button[2]"])): Object: 'Object Repository/1. Constant/xpath' is clicked on

2022-06-09 20:53:58 - [MESSAGE][PASSED] - Object: 'Object Repository/1. Constant/xpath' is clicked on

2022-06-09 20:53:58 - [TEST_STEP][PASSED] - takeScreenshot(): Taking screenshot successfully

2022-06-09 20:53:58 - [MESSAGE][PASSED] - Taking screenshot successfully
[[ATTACHMENT|D:\\Projet Test Auto\\Mediabox Test Automation\\Reports\\20220609_181011\\03. Parallel Testing (Testing)\\TS -PT PART 3\\14.05 Dreyers Support Action (Ongoing _ Completed ref) - PART 5\\20220609_181111\\1654800838071.png]]

2022-06-09 20:53:58 - [TEST_STEP][PASSED] - click(findTestObject("1. Constant/xpath", ["xpath":"//*[@id="source_" + refID25 + ""]/td[14]/div[1]/button"])): Object: 'Object Repository/1. Constant/xpath' is clicked on

2022-06-09 20:53:58 - [MESSAGE][PASSED] - Object: 'Object Repository/1. Constant/xpath' is clicked on

2022-06-09 20:53:58 - [TEST_STEP][PASSED] - delay(1): Delayed 1 second(s)

2022-06-09 20:53:59 - [MESSAGE][PASSED] - Delayed 1 second(s)

2022-06-09 20:53:59 - [TEST_STEP][PASSED] - x = 20: null

2022-06-09 20:53:59 - [TEST_STEP][PASSED] - i = 1: null

2022-06-09 20:53:59 - [TEST_STEP][PASSED] - while (i <= x): null

2022-06-09 20:53:59 - [TEST_STEP][PASSED] - Expected_SAS_Selected = "SAS S30: Add Phase Group SA/ Skip to Phase 1.1": null

2022-06-09 20:53:59 - [TEST_STEP][PASSED] - xpath_SAS = "//*[@id="source_" + refID25 + ""]/td[14]/div[1]/div/a[" + i + "]": null

2022-06-09 20:53:59 - [TEST_STEP][PASSED] - Actual_SAS = getText(findTestObject("1. Constant/xpath", ["xpath":xpath_SAS])): Text of object 'Object Repository/1. Constant/xpath' is: 'SAS: S6 - Add Steps C'

2022-06-09 20:54:00 - [MESSAGE][PASSED] - Text of object 'Object Repository/1. Constant/xpath' is: 'SAS: S6 - Add Steps C'

2022-06-09 20:54:00 - [TEST_STEP][PASSED] - I.print(i): null

2022-06-09 20:54:00 - [TEST_STEP][PASSED] - if (Actual_SAS.contains(Expected_SAS_Selected)): null

2022-06-09 20:54:00 - [TEST_STEP][PASSED] - i = i + 1: null

2022-06-09 20:54:00 - [TEST_STEP][PASSED] - Expected_SAS_Selected = "SAS S30: Add Phase Group SA/ Skip to Phase 1.1": null

2022-06-09 20:54:00 - [TEST_STEP][PASSED] - xpath_SAS = "//*[@id="source_" + refID25 + ""]/td[14]/div[1]/div/a[" + i + "]": null

2022-06-09 20:54:00 - [TEST_STEP][PASSED] - Actual_SAS = getText(findTestObject("1. Constant/xpath", ["xpath":xpath_SAS])): Text of object 'Object Repository/1. Constant/xpath' is: 'SAS S14 - Add Step group (SAS Lifecycle - SAS Step C)'

2022-06-09 20:54:00 - [MESSAGE][PASSED] - Text of object 'Object Repository/1. Constant/xpath' is: 'SAS S14 - Add Step group (SAS Lifecycle - SAS Step C)'

2022-06-09 20:54:00 - [TEST_STEP][PASSED] - I.print(i): null

2022-06-09 20:54:00 - [TEST_STEP][PASSED] - if (Actual_SAS.contains(Expected_SAS_Selected)): null

2022-06-09 20:54:00 - [TEST_STEP][PASSED] - i = i + 1: null

2022-06-09 20:54:00 - [TEST_STEP][PASSED] - Expected_SAS_Selected = "SAS S30: Add Phase Group SA/ Skip to Phase 1.1": null

2022-06-09 20:54:00 - [TEST_STEP][PASSED] - xpath_SAS = "//*[@id="source_" + refID25 + ""]/td[14]/div[1]/div/a[" + i + "]": null

2022-06-09 20:54:00 - [TEST_STEP][PASSED] - Actual_SAS = getText(findTestObject("1. Constant/xpath", ["xpath":xpath_SAS])): Text of object 'Object Repository/1. Constant/xpath' is: 'SAS: S15 - Add Step Group A & C'

2022-06-09 20:54:00 - [MESSAGE][PASSED] - Text of object 'Object Repository/1. Constant/xpath' is: 'SAS: S15 - Add Step Group A & C'

2022-06-09 20:54:00 - [TEST_STEP][PASSED] - I.print(i): null

2022-06-09 20:54:00 - [TEST_STEP][PASSED] - if (Actual_SAS.contains(Expected_SAS_Selected)): null

2022-06-09 20:54:00 - [TEST_STEP][PASSED] - i = i + 1: null

2022-06-09 20:54:00 - [TEST_STEP][PASSED] - Expected_SAS_Selected = "SAS S30: Add Phase Group SA/ Skip to Phase 1.1": null

2022-06-09 20:54:00 - [TEST_STEP][PASSED] - xpath_SAS = "//*[@id="source_" + refID25 + ""]/td[14]/div[1]/div/a[" + i + "]": null

2022-06-09 20:54:00 - [TEST_STEP][PASSED] - Actual_SAS = getText(findTestObject("1. Constant/xpath", ["xpath":xpath_SAS])): Text of object 'Object Repository/1. Constant/xpath' is: 'SAS S27: Add PG Step C/ Skip P3.1'

2022-06-09 20:54:00 - [MESSAGE][PASSED] - Text of object 'Object Repository/1. Constant/xpath' is: 'SAS S27: Add PG Step C/ Skip P3.1'

2022-06-09 20:54:00 - [TEST_STEP][PASSED] - I.print(i): null

2022-06-09 20:54:00 - [TEST_STEP][PASSED] - if (Actual_SAS.contains(Expected_SAS_Selected)): null

2022-06-09 20:54:00 - [TEST_STEP][PASSED] - i = i + 1: null

2022-06-09 20:54:00 - [TEST_STEP][PASSED] - Expected_SAS_Selected = "SAS S30: Add Phase Group SA/ Skip to Phase 1.1": null

2022-06-09 20:54:00 - [TEST_STEP][PASSED] - xpath_SAS = "//*[@id="source_" + refID25 + ""]/td[14]/div[1]/div/a[" + i + "]": null

2022-06-09 20:54:00 - [TEST_STEP][PASSED] - Actual_SAS = getText(findTestObject("1. Constant/xpath", ["xpath":xpath_SAS])): Text of object 'Object Repository/1. Constant/xpath' is: 'SAS S28: Skip P3.4/Add PG Step C/ Skip P3.1'

2022-06-09 20:54:00 - [MESSAGE][PASSED] - Text of object 'Object Repository/1. Constant/xpath' is: 'SAS S28: Skip P3.4/Add PG Step C/ Skip P3.1'

2022-06-09 20:54:00 - [TEST_STEP][PASSED] - I.print(i): null

2022-06-09 20:54:00 - [TEST_STEP][PASSED] - if (Actual_SAS.contains(Expected_SAS_Selected)): null

2022-06-09 20:54:00 - [TEST_STEP][PASSED] - i = i + 1: null

2022-06-09 20:54:00 - [TEST_STEP][PASSED] - Expected_SAS_Selected = "SAS S30: Add Phase Group SA/ Skip to Phase 1.1": null

2022-06-09 20:54:00 - [TEST_STEP][PASSED] - xpath_SAS = "//*[@id="source_" + refID25 + ""]/td[14]/div[1]/div/a[" + i + "]": null

2022-06-09 20:54:00 - [TEST_STEP][PASSED] - Actual_SAS = getText(findTestObject("1. Constant/xpath", ["xpath":xpath_SAS])): Text of object 'Object Repository/1. Constant/xpath' is: 'SAS S29: Add Step C / Skip P3.1'

2022-06-09 20:54:01 - [MESSAGE][PASSED] - Text of object 'Object Repository/1. Constant/xpath' is: 'SAS S29: Add Step C / Skip P3.1'

2022-06-09 20:54:01 - [TEST_STEP][PASSED] - I.print(i): null

2022-06-09 20:54:01 - [TEST_STEP][PASSED] - if (Actual_SAS.contains(Expected_SAS_Selected)): null

2022-06-09 20:54:01 - [TEST_STEP][PASSED] - i = i + 1: null

2022-06-09 20:54:01 - [TEST_STEP][PASSED] - Expected_SAS_Selected = "SAS S30: Add Phase Group SA/ Skip to Phase 1.1": null

2022-06-09 20:54:01 - [TEST_STEP][PASSED] - xpath_SAS = "//*[@id="source_" + refID25 + ""]/td[14]/div[1]/div/a[" + i + "]": null

2022-06-09 20:54:01 - [TEST_STEP][PASSED] - Actual_SAS = getText(findTestObject("1. Constant/xpath", ["xpath":xpath_SAS])): Text of object 'Object Repository/1. Constant/xpath' is: 'SAS S31: Skip Phase 3.5/Add Phase Group SA/ Skip to Phase 1.1'

2022-06-09 20:54:01 - [MESSAGE][PASSED] - Text of object 'Object Repository/1. Constant/xpath' is: 'SAS S31: Skip Phase 3.5/Add Phase Group SA/ Skip to Phase 1.1'

2022-06-09 20:54:01 - [TEST_STEP][PASSED] - I.print(i): null

2022-06-09 20:54:01 - [TEST_STEP][PASSED] - if (Actual_SAS.contains(Expected_SAS_Selected)): null

2022-06-09 20:54:01 - [TEST_STEP][PASSED] - i = i + 1: null

2022-06-09 20:54:01 - [TEST_STEP][PASSED] - Expected_SAS_Selected = "SAS S30: Add Phase Group SA/ Skip to Phase 1.1": null

2022-06-09 20:54:01 - [TEST_STEP][PASSED] - xpath_SAS = "//*[@id="source_" + refID25 + ""]/td[14]/div[1]/div/a[" + i + "]": null

2022-06-09 20:54:01 - [TEST_STEP][PASSED] - Actual_SAS = getText(findTestObject("1. Constant/xpath", ["xpath":xpath_SAS])): Text of object 'Object Repository/1. Constant/xpath' is: 'SAS S30: Add Phase Group SA/ Skip to Phase 1.1'

2022-06-09 20:54:01 - [MESSAGE][PASSED] - Text of object 'Object Repository/1. Constant/xpath' is: 'SAS S30: Add Phase Group SA/ Skip to Phase 1.1'

2022-06-09 20:54:01 - [TEST_STEP][PASSED] - I.print(i): null

2022-06-09 20:54:01 - [TEST_STEP][PASSED] - if (Actual_SAS.contains(Expected_SAS_Selected)): null

2022-06-09 20:54:01 - [TEST_STEP][PASSED] - click(findTestObject("1. Constant/xpath", ["xpath":xpath_SAS])): Object: 'Object Repository/1. Constant/xpath' is clicked on

2022-06-09 20:54:01 - [MESSAGE][PASSED] - Object: 'Object Repository/1. Constant/xpath' is clicked on

2022-06-09 20:54:01 - [TEST_STEP][PASSED] - break: null

2022-06-09 20:54:01 - [TEST_STEP][PASSED] - takeScreenshot(): Taking screenshot successfully

2022-06-09 20:54:02 - [MESSAGE][PASSED] - Taking screenshot successfully
[[ATTACHMENT|D:\\Projet Test Auto\\Mediabox Test Automation\\Reports\\20220609_181011\\03. Parallel Testing (Testing)\\TS -PT PART 3\\14.05 Dreyers Support Action (Ongoing _ Completed ref) - PART 5\\20220609_181111\\1654800841797.png]]

2022-06-09 20:54:02 - [TEST_STEP][PASSED] - delay(1): Delayed 1 second(s)

2022-06-09 20:54:03 - [MESSAGE][PASSED] - Delayed 1 second(s)

2022-06-09 20:54:03 - [TEST_STEP][PASSED] - takeScreenshot(): Taking screenshot successfully

2022-06-09 20:54:03 - [MESSAGE][PASSED] - Taking screenshot successfully
[[ATTACHMENT|D:\\Projet Test Auto\\Mediabox Test Automation\\Reports\\20220609_181011\\03. Parallel Testing (Testing)\\TS -PT PART 3\\14.05 Dreyers Support Action (Ongoing _ Completed ref) - PART 5\\20220609_181111\\1654800843163.png]]

2022-06-09 20:54:03 - [TEST_STEP][PASSED] - click(findTestObject("1. Constant/xpath", ["xpath":"//*[@id="confirmSupportActionShortcut"]"])): Object: 'Object Repository/1. Constant/xpath' is clicked on

2022-06-09 20:54:07 - [MESSAGE][PASSED] - Object: 'Object Repository/1. Constant/xpath' is clicked on

2022-06-09 20:54:07 - [TEST_STEP][PASSED] - takeScreenshot(): Taking screenshot successfully

2022-06-09 20:54:07 - [MESSAGE][PASSED] - Taking screenshot successfully
[[ATTACHMENT|D:\\Projet Test Auto\\Mediabox Test Automation\\Reports\\20220609_181011\\03. Parallel Testing (Testing)\\TS -PT PART 3\\14.05 Dreyers Support Action (Ongoing _ Completed ref) - PART 5\\20220609_181111\\1654800847103.png]]

2022-06-09 20:54:07 - [TEST_STEP][PASSED] - click(findTestObject("1. Constant/xpath", ["xpath":"//*[@id="kt_content"]/div[3]/div/ul/li[3]/a"])): Object: 'Object Repository/1. Constant/xpath' is clicked on

2022-06-09 20:54:10 - [MESSAGE][PASSED] - Object: 'Object Repository/1. Constant/xpath' is clicked on

2022-06-09 20:54:10 - [TEST_STEP][PASSED] - takeScreenshot(): Taking screenshot successfully

2022-06-09 20:54:10 - [MESSAGE][PASSED] - Taking screenshot successfully
[[ATTACHMENT|D:\\Projet Test Auto\\Mediabox Test Automation\\Reports\\20220609_181011\\03. Parallel Testing (Testing)\\TS -PT PART 3\\14.05 Dreyers Support Action (Ongoing _ Completed ref) - PART 5\\20220609_181111\\1654800850270.png]]

2022-06-09 20:54:10 - [TEST_STEP][PASSED] - StepA_1 = getAttribute(findTestObject("1. Constant/xpath", ["xpath":"/html/body/div[1]/div[2]/div[8]/div[3]/div/div[3]/div[3]/div/ul/li[4]/a"]), "class"): Attribute 'class' of object 'Object Repository/1. Constant/xpath' is: 'nav-link timeline-badge badge-xl  bg-pending active'

2022-06-09 20:54:11 - [MESSAGE][PASSED] - Attribute 'class' of object 'Object Repository/1. Constant/xpath' is: 'nav-link timeline-badge badge-xl  bg-pending active'

2022-06-09 20:54:11 - [TEST_STEP][PASSED] - verifyMatch(StepA_1, "nav-link timeline-badge badge-xl  bg-pending active", false): Actual text 'nav-link timeline-badge badge-xl  bg-pending active' and expected text 'nav-link timeline-badge badge-xl  bg-pending active' are matched 

2022-06-09 20:54:11 - [MESSAGE][PASSED] - Actual text 'nav-link timeline-badge badge-xl  bg-pending active' and expected text 'nav-link timeline-badge badge-xl  bg-pending active' are matched 

2022-06-09 20:54:11 - [TEST_STEP][PASSED] - StepA_11 = I.Get_Stepname("/html/body/div[1]/div[2]/div[8]/div[3]/div/div[3]/div[3]/div/ul/li[4]/a"): Attribute 'href' of object 'Object Repository/1. Constant/xpath' is: 'http://mdb-release.diadeis.lan/MediaboxIndependence/Base/ExecAction?action=VoirRef&IDSession=MBI!RELTESTAUTO_DREYERS!DGOM8EPI6NB779ERE2CG65F5JLBU9UURSHL5LRRC&num=79VAY8613U&id_ref=5283#tab_lifecycle_SASStepA_12216'

2022-06-09 20:54:16 - [MESSAGE][PASSED] - Delayed 5 second(s)

2022-06-09 20:54:16 - [MESSAGE][PASSED] - Attribute 'href' of object 'Object Repository/1. Constant/xpath' is: 'http://mdb-release.diadeis.lan/MediaboxIndependence/Base/ExecAction?action=VoirRef&IDSession=MBI!RELTESTAUTO_DREYERS!DGOM8EPI6NB779ERE2CG65F5JLBU9UURSHL5LRRC&num=79VAY8613U&id_ref=5283#tab_lifecycle_SASStepA_12216'

2022-06-09 20:54:16 - [TEST_STEP][PASSED] - verifyMatch(StepA_11, "SASStepA", false): Actual text 'SASStepA' and expected text 'SASStepA' are matched 

2022-06-09 20:54:16 - [MESSAGE][PASSED] - Actual text 'SASStepA' and expected text 'SASStepA' are matched 

2022-06-09 20:54:16 - [TEST_STEP][PASSED] - StepA_4 = getText(findTestObject("1. Constant/xpath", ["xpath":"/html/body/div[1]/div[2]/div[8]/div[3]/div/div[3]/div[3]/div/div/div[4]/div/div[1]/div/div[1]/div[1]/h3"])): Text of object 'Object Repository/1. Constant/xpath' is: 'Phase 1.1 [Standard]'

2022-06-09 20:54:16 - [MESSAGE][PASSED] - Text of object 'Object Repository/1. Constant/xpath' is: 'Phase 1.1 [Standard]'

2022-06-09 20:54:16 - [TEST_STEP][PASSED] - verifyMatch(StepA_4, "Phase 1.1 [Standard]", false): Actual text 'Phase 1.1 [Standard]' and expected text 'Phase 1.1 [Standard]' are matched 

2022-06-09 20:54:16 - [MESSAGE][PASSED] - Actual text 'Phase 1.1 [Standard]' and expected text 'Phase 1.1 [Standard]' are matched 

2022-06-09 20:54:16 - [TEST_STEP][PASSED] - Started_StepAP1_1 = getText(findTestObject("1. Constant/xpath", ["xpath":"/html/body/div[1]/div[2]/div[8]/div[3]/div/div[3]/div[3]/div/div/div[4]/div/div[1]/div/div[2]/div[1]"])): Text of object 'Object Repository/1. Constant/xpath' is: 'Started 06/09/22 02:54 PM'

2022-06-09 20:54:17 - [MESSAGE][PASSED] - Text of object 'Object Repository/1. Constant/xpath' is: 'Started 06/09/22 02:54 PM'

2022-06-09 20:54:17 - [TEST_STEP][PASSED] - if (Started_StepAP1_1.contains("Started")): Actual object '1' and expected object '1' are equal

2022-06-09 20:54:17 - [TEST_STEP][PASSED] - verifyEqual(1, 1): Actual object '1' and expected object '1' are equal

2022-06-09 20:54:17 - [MESSAGE][PASSED] - Actual object '1' and expected object '1' are equal

2022-06-09 20:54:17 - [TEST_STEP][PASSED] - verifyElementNotPresent(findTestObject("1. Constant/xpath", ["xpath":"/html/body/div[1]/div[2]/div[8]/div[3]/div/div[3]/div[3]/div/ul/li[5]/a"]), 10): Web element with id: 'Object Repository/1. Constant/xpath' located by 'By.xpath: /html/body/div[1]/div[2]/div[8]/div[3]/div/div[3]/div[3]/div/ul/li[5]/a' is not present after '10' second(s)

2022-06-09 20:54:17 - [MESSAGE][PASSED] - Web element with id: 'Object Repository/1. Constant/xpath' located by 'By.xpath: /html/body/div[1]/div[2]/div[8]/div[3]/div/div[3]/div[3]/div/ul/li[5]/a' is not present after '10' second(s)

2022-06-09 20:54:17 - [TEST_STEP][PASSED] - click(findTestObject("1. Constant/xpath", ["xpath":"/html/body/div[1]/div[2]/div[8]/div[2]/div/nav/ol/li[2]/a"])): Object: 'Object Repository/1. Constant/xpath' is clicked on

2022-06-09 20:54:19 - [MESSAGE][PASSED] - Object: 'Object Repository/1. Constant/xpath' is clicked on

2022-06-09 20:54:19 - [TEST_STEP][PASSED] - Lifecycle_Status1 = getText(findTestObject("1. Constant/xpath", ["xpath":"//*[@id="source_" + refID25 + ""]/td[11]/span[1]"])): Text of object 'Object Repository/1. Constant/xpath' is: 'Phase 1.1 [Standard]'

2022-06-09 20:54:19 - [MESSAGE][PASSED] - Text of object 'Object Repository/1. Constant/xpath' is: 'Phase 1.1 [Standard]'

2022-06-09 20:54:19 - [TEST_STEP][PASSED] - verifyMatch(Lifecycle_Status1, "Phase 1.1 [Standard]", false): Actual text 'Phase 1.1 [Standard]' and expected text 'Phase 1.1 [Standard]' are matched 

2022-06-09 20:54:19 - [MESSAGE][PASSED] - Actual text 'Phase 1.1 [Standard]' and expected text 'Phase 1.1 [Standard]' are matched 

2022-06-09 20:54:19 - [TEST_STEP][PASSED] - I.Logout(): Delayed 3 second(s)

2022-06-09 20:54:22 - [MESSAGE][PASSED] - Delayed 3 second(s)

2022-06-09 20:54:23 - [MESSAGE][PASSED] - Object: 'Object Repository/1. Constant/xpath' is clicked on

2022-06-09 20:54:26 - [MESSAGE][PASSED] - Delayed 3 second(s)

2022-06-09 20:54:27 - [MESSAGE][PASSED] - Object: 'Object Repository/1. Constant/xpath' is clicked on

2022-06-09 20:54:30 - [MESSAGE][PASSED] - Delayed 3 second(s)

2022-06-09 20:54:30 - [TEST_STEP][PASSED] - I.Login_password("blemco", password_blemco): Object: 'Object Repository/1. Constant/xpath' is clicked on

2022-06-09 20:54:30 - [MESSAGE][PASSED] - Text 'blemco' is set on object 'Object Repository/1. Constant/xpath'

2022-06-09 20:54:31 - [MESSAGE][PASSED] - Delayed 1 second(s)

2022-06-09 20:54:33 - [MESSAGE][PASSED] - Text 'diadeis1' is set on object 'Object Repository/1. Constant/xpath'

2022-06-09 20:54:34 - [MESSAGE][PASSED] - Delayed 1 second(s)

2022-06-09 20:54:38 - [MESSAGE][PASSED] - Object: 'Object Repository/1. Constant/xpath' is clicked on

2022-06-09 20:54:38 - [TEST_STEP][PASSED] - click(findTestObject("1. Constant/02_LHSMenu_Projects")): Object: 'Object Repository/1. Constant/02_LHSMenu_Projects' is clicked on

2022-06-09 20:54:42 - [MESSAGE][PASSED] - Object: 'Object Repository/1. Constant/02_LHSMenu_Projects' is clicked on

2022-06-09 20:54:42 - [TEST_STEP][PASSED] - I.SearchProjectNo_xpath(Project_No, "//*[@id="keynum_project"]", "//*[@id="form_filters"]/div[4]/button"): Delayed 5 second(s)

2022-06-09 20:54:43 - [MESSAGE][PASSED] - Delayed 1 second(s)

2022-06-09 20:54:43 - [MESSAGE][PASSED] - Text 'MI000876' is set on object 'Object Repository/1. Constant/xpath'

2022-06-09 20:54:46 - [MESSAGE][PASSED] - Delayed 3 second(s)

2022-06-09 20:54:46 - [MESSAGE][PASSED] - Scroll to object 'Object Repository/1. Constant/xpath' successfully

2022-06-09 20:54:50 - [MESSAGE][PASSED] - Object: 'Object Repository/1. Constant/xpath' is clicked on

2022-06-09 20:54:55 - [MESSAGE][PASSED] - Delayed 5 second(s)

2022-06-09 20:54:55 - [TEST_STEP][PASSED] - I.SearchRefNo_xpath("P25_Auto", "//*[@id="fiche_filter_keywords11"]", "//*[@id="form_filters"]/div[3]/button"): Delayed 5 second(s)

2022-06-09 20:54:56 - [MESSAGE][PASSED] - Delayed 1 second(s)

2022-06-09 20:54:57 - [MESSAGE][PASSED] - Text 'P25_Auto' is set on object 'Object Repository/1. Constant/xpath'

2022-06-09 20:55:00 - [MESSAGE][PASSED] - Delayed 3 second(s)

2022-06-09 20:55:01 - [MESSAGE][PASSED] - Scroll to object 'Object Repository/1. Constant/xpath' successfully

2022-06-09 20:55:04 - [MESSAGE][PASSED] - Object: 'Object Repository/1. Constant/xpath' is clicked on

2022-06-09 20:55:09 - [MESSAGE][PASSED] - Delayed 5 second(s)

2022-06-09 20:55:09 - [TEST_STEP][PASSED] - takeScreenshot(): Taking screenshot successfully

2022-06-09 20:55:10 - [MESSAGE][PASSED] - Taking screenshot successfully
[[ATTACHMENT|D:\\Projet Test Auto\\Mediabox Test Automation\\Reports\\20220609_181011\\03. Parallel Testing (Testing)\\TS -PT PART 3\\14.05 Dreyers Support Action (Ongoing _ Completed ref) - PART 5\\20220609_181111\\1654800909924.png]]

2022-06-09 20:55:10 - [TEST_STEP][PASSED] - click(findTestObject("1. Constant/xpath", ["xpath":"//*[@id="source_" + refID25 + ""]/td[13]/a[3]"])): Object: 'Object Repository/1. Constant/xpath' is clicked on

2022-06-09 20:55:12 - [MESSAGE][PASSED] - Object: 'Object Repository/1. Constant/xpath' is clicked on

2022-06-09 20:55:12 - [TEST_STEP][PASSED] - click(findTestObject("1. Constant/xpath", ["xpath":"//*[@id="ModifFiche"]/div[1]/div/button[2]"])): Object: 'Object Repository/1. Constant/xpath' is clicked on

2022-06-09 20:55:16 - [MESSAGE][PASSED] - Object: 'Object Repository/1. Constant/xpath' is clicked on

2022-06-09 20:55:16 - [TEST_STEP][PASSED] - Lifecycle_Status3 = getText(findTestObject("1. Constant/xpath", ["xpath":"//*[@id="source_" + refID25 + ""]/td[12]/span[1]"])): Text of object 'Object Repository/1. Constant/xpath' is: 'Phase 1.2 [Standard Phase]'

2022-06-09 20:55:16 - [MESSAGE][PASSED] - Text of object 'Object Repository/1. Constant/xpath' is: 'Phase 1.2 [Standard Phase]'

2022-06-09 20:55:16 - [TEST_STEP][PASSED] - verifyMatch(Lifecycle_Status3, "Phase 1.2 [Standard Phase]", false): Actual text 'Phase 1.2 [Standard Phase]' and expected text 'Phase 1.2 [Standard Phase]' are matched 

2022-06-09 20:55:16 - [MESSAGE][PASSED] - Actual text 'Phase 1.2 [Standard Phase]' and expected text 'Phase 1.2 [Standard Phase]' are matched 

2022-06-09 20:55:16 - [TEST_STEP][PASSED] - I.Logout(): Delayed 3 second(s)

2022-06-09 20:55:19 - [MESSAGE][PASSED] - Delayed 3 second(s)

2022-06-09 20:55:19 - [MESSAGE][PASSED] - Object: 'Object Repository/1. Constant/xpath' is clicked on

2022-06-09 20:55:22 - [MESSAGE][PASSED] - Delayed 3 second(s)

2022-06-09 20:55:25 - [MESSAGE][PASSED] - Object: 'Object Repository/1. Constant/xpath' is clicked on

2022-06-09 20:55:28 - [MESSAGE][PASSED] - Delayed 3 second(s)

2022-06-09 20:55:28 - [TEST_STEP][PASSED] - I.Login_password("nturner", password_nturner): Object: 'Object Repository/1. Constant/xpath' is clicked on

2022-06-09 20:55:29 - [MESSAGE][PASSED] - Text 'nturner' is set on object 'Object Repository/1. Constant/xpath'

2022-06-09 20:55:30 - [MESSAGE][PASSED] - Delayed 1 second(s)

2022-06-09 20:55:31 - [MESSAGE][PASSED] - Text 'diadeis1' is set on object 'Object Repository/1. Constant/xpath'

2022-06-09 20:55:32 - [MESSAGE][PASSED] - Delayed 1 second(s)

2022-06-09 20:55:36 - [MESSAGE][PASSED] - Object: 'Object Repository/1. Constant/xpath' is clicked on

2022-06-09 20:55:36 - [TEST_STEP][PASSED] - click(findTestObject("1. Constant/02_LHSMenu_Projects")): Object: 'Object Repository/1. Constant/02_LHSMenu_Projects' is clicked on

2022-06-09 20:55:38 - [MESSAGE][PASSED] - Object: 'Object Repository/1. Constant/02_LHSMenu_Projects' is clicked on

2022-06-09 20:55:38 - [TEST_STEP][PASSED] - I.SearchProjectNo_xpath(Project_No, "//*[@id="keynum_project"]", "//*[@id="form_filters"]/div[4]/button"): Delayed 5 second(s)

2022-06-09 20:55:39 - [MESSAGE][PASSED] - Delayed 1 second(s)

2022-06-09 20:55:41 - [MESSAGE][PASSED] - Text 'MI000876' is set on object 'Object Repository/1. Constant/xpath'

2022-06-09 20:55:44 - [MESSAGE][PASSED] - Delayed 3 second(s)

2022-06-09 20:55:44 - [MESSAGE][PASSED] - Scroll to object 'Object Repository/1. Constant/xpath' successfully

2022-06-09 20:55:47 - [MESSAGE][PASSED] - Object: 'Object Repository/1. Constant/xpath' is clicked on

2022-06-09 20:55:52 - [MESSAGE][PASSED] - Delayed 5 second(s)

2022-06-09 20:55:52 - [TEST_STEP][PASSED] - I.SearchRefNo_xpath("P25_Auto", "//*[@id="fiche_filter_keywords11"]", "//*[@id="form_filters"]/div[3]/button"): Delayed 5 second(s)

2022-06-09 20:55:53 - [MESSAGE][PASSED] - Delayed 1 second(s)

2022-06-09 20:55:54 - [MESSAGE][PASSED] - Text 'P25_Auto' is set on object 'Object Repository/1. Constant/xpath'

2022-06-09 20:55:57 - [MESSAGE][PASSED] - Delayed 3 second(s)

2022-06-09 20:55:58 - [MESSAGE][PASSED] - Scroll to object 'Object Repository/1. Constant/xpath' successfully

2022-06-09 20:56:00 - [MESSAGE][PASSED] - Object: 'Object Repository/1. Constant/xpath' is clicked on

2022-06-09 20:56:05 - [MESSAGE][PASSED] - Delayed 5 second(s)

2022-06-09 20:56:05 - [TEST_STEP][PASSED] - delay(1): Delayed 1 second(s)

2022-06-09 20:56:06 - [MESSAGE][PASSED] - Delayed 1 second(s)

2022-06-09 20:56:06 - [TEST_STEP][PASSED] - takeScreenshot(): Taking screenshot successfully

2022-06-09 20:56:07 - [MESSAGE][PASSED] - Taking screenshot successfully
[[ATTACHMENT|D:\\Projet Test Auto\\Mediabox Test Automation\\Reports\\20220609_181011\\03. Parallel Testing (Testing)\\TS -PT PART 3\\14.05 Dreyers Support Action (Ongoing _ Completed ref) - PART 5\\20220609_181111\\1654800966705.png]]

2022-06-09 20:56:07 - [TEST_STEP][PASSED] - click(findTestObject("1. Constant/xpath", ["xpath":"//*[@id="source_" + refID25 + ""]/td[13]/a[2]"])): Object: 'Object Repository/1. Constant/xpath' is clicked on

2022-06-09 20:56:09 - [MESSAGE][PASSED] - Object: 'Object Repository/1. Constant/xpath' is clicked on

2022-06-09 20:56:09 - [TEST_STEP][PASSED] - click(findTestObject("1. Constant/xpath", ["xpath":"//*[@id="ModifFiche"]/div[1]/div/button[2]"])): Object: 'Object Repository/1. Constant/xpath' is clicked on

2022-06-09 20:56:14 - [MESSAGE][PASSED] - Object: 'Object Repository/1. Constant/xpath' is clicked on

2022-06-09 20:56:14 - [TEST_STEP][PASSED] - Lifecycle_Status11 = getText(findTestObject("1. Constant/xpath", ["xpath":"//*[@id="source_" + refID25 + ""]/td[12]/span[1]"])): Text of object 'Object Repository/1. Constant/xpath' is: 'Complete'

2022-06-09 20:56:14 - [MESSAGE][PASSED] - Text of object 'Object Repository/1. Constant/xpath' is: 'Complete'

2022-06-09 20:56:14 - [TEST_STEP][PASSED] - verifyMatch(Lifecycle_Status11, "Complete", false): Actual text 'Complete' and expected text 'Complete' are matched 

2022-06-09 20:56:14 - [MESSAGE][PASSED] - Actual text 'Complete' and expected text 'Complete' are matched 

2022-06-09 20:56:14 - [TEST_STEP][PASSED] - closeBrowser(): Browser is closed

2022-06-09 20:56:15 - [MESSAGE][PASSED] - Browser is closed

2022-06-09 20:56:15 - [TEST_STEP][PASSED] - Start listener action : sampleAfterTestCase: null]]></system-out>
         <system-err><![CDATA[]]></system-err>
      </testcase>
      <testcase name="Test Cases/19. Dreyers Support Action (Ongoing ref_completed)/19.26 Dreyers SAS Add Phase group (Completed) S33 - P26 (will be used in P27)" time="719.024" classname="Test Cases/19. Dreyers Support Action (Ongoing ref_completed)/19.26 Dreyers SAS Add Phase group (Completed) S33 - P26 (will be used in P27)" status="PASSED">
         <system-out><![CDATA[2022-06-09 20:56:15 - [TEST_CASE][PASSED] - Test Cases/19. Dreyers Support Action (Ongoing ref_completed)/19.26 Dreyers SAS Add Phase group (Completed) S33 - P26 (will be used in P27): Test Cases/19. Dreyers Support Action (Ongoing ref_completed)/19.26 Dreyers SAS Add Phase group (Completed) S33 - P26 (will be used in P27)

2022-06-09 20:56:16 - [TEST_STEP][PASSED] - data_Dreyers = findTestData("Data Files/Username_Password/Dreyer"): null

2022-06-09 20:56:16 - [TEST_STEP][PASSED] - password_suser = data_Dreyers.getValue(2, 1): null

2022-06-09 20:56:16 - [TEST_STEP][PASSED] - password_blemco = data_Dreyers.getValue(2, 2): null

2022-06-09 20:56:16 - [TEST_STEP][PASSED] - password_nturner = data_Dreyers.getValue(2, 6): null

2022-06-09 20:56:16 - [TEST_STEP][PASSED] - password_talexeeva = data_Dreyers.getValue(2, 7): null

2022-06-09 20:56:16 - [TEST_STEP][PASSED] - password_jryan = data_Dreyers.getValue(2, 12): null

2022-06-09 20:56:16 - [TEST_STEP][PASSED] - password_lmary = data_Dreyers.getValue(2, 13): null

2022-06-09 20:56:16 - [TEST_STEP][PASSED] - data_urlRELAUTO = findTestData("Data Files/URL/URL_relauto"): null

2022-06-09 20:56:16 - [TEST_STEP][PASSED] - Url_Dreyer = data_urlRELAUTO.getValue(2, 4): null

2022-06-09 20:56:16 - [TEST_STEP][PASSED] - Project_No = I.readnotepad("D:\Upoad_File\Projet_ Login\Dreyers\19.1\19.1_Dreyers_ProjectNo.txt"): null

2022-06-09 20:56:16 - [TEST_STEP][PASSED] - refID = I.readnotepad("D:\Upoad_File\Projet_ Login\Dreyers\19.1\19.1_Dreyers_refID.txt"): null

2022-06-09 20:56:16 - [TEST_STEP][PASSED] - I.clearnotepad("D:\Upoad_File\Projet_ Login\Dreyers\19.1\19.26_Dreyers_refID26.txt"): null

2022-06-09 20:56:16 - [TEST_STEP][PASSED] - openBrowser(Url_Dreyer): Browser is opened with url: 'http://mdb-release.diadeis.lan/MediaboxIndependence/?MBI_datasource=RELTESTAUTO_DREYERS'

2022-06-09 20:56:16 - [MESSAGE][INFO] - Starting 'Chrome (headless)' driver

2022-06-09 20:56:16 - [MESSAGE][INFO] - User set preference: ['args', '[--window-size=1920,1080, --headless]']

2022-06-09 20:56:16 - [MESSAGE][INFO] - Action delay is set to 0 milliseconds

2022-06-09 20:56:24 - [MESSAGE][PASSED] - Browser is opened with url: 'http://mdb-release.diadeis.lan/MediaboxIndependence/?MBI_datasource=RELTESTAUTO_DREYERS'

2022-06-09 20:56:24 - [TEST_STEP][PASSED] - maximizeWindow(): Current window maximized

2022-06-09 20:56:24 - [MESSAGE][PASSED] - Current window maximized

2022-06-09 20:56:24 - [TEST_STEP][PASSED] - I.Login_password("suser", password_suser): Object: 'Object Repository/1. Constant/xpath' is clicked on

2022-06-09 20:56:25 - [MESSAGE][PASSED] - Text 'suser' is set on object 'Object Repository/1. Constant/xpath'

2022-06-09 20:56:26 - [MESSAGE][PASSED] - Delayed 1 second(s)

2022-06-09 20:56:27 - [MESSAGE][PASSED] - Text 'diadeis' is set on object 'Object Repository/1. Constant/xpath'

2022-06-09 20:56:28 - [MESSAGE][PASSED] - Delayed 1 second(s)

2022-06-09 20:56:38 - [MESSAGE][PASSED] - Object: 'Object Repository/1. Constant/xpath' is clicked on

2022-06-09 20:56:38 - [TEST_STEP][PASSED] - click(findTestObject("1. Constant/02_LHSMenu_Projects")): Object: 'Object Repository/1. Constant/02_LHSMenu_Projects' is clicked on

2022-06-09 20:56:41 - [MESSAGE][PASSED] - Object: 'Object Repository/1. Constant/02_LHSMenu_Projects' is clicked on

2022-06-09 20:56:41 - [TEST_STEP][PASSED] - I.SearchProjectNo_xpath(Project_No, "//*[@id="keynum_project"]", "//*[@id="form_filters"]/div[4]/button"): Delayed 5 second(s)

2022-06-09 20:56:42 - [MESSAGE][PASSED] - Delayed 1 second(s)

2022-06-09 20:56:43 - [MESSAGE][PASSED] - Text 'MI000876' is set on object 'Object Repository/1. Constant/xpath'

2022-06-09 20:56:46 - [MESSAGE][PASSED] - Delayed 3 second(s)

2022-06-09 20:56:46 - [MESSAGE][PASSED] - Scroll to object 'Object Repository/1. Constant/xpath' successfully

2022-06-09 20:56:50 - [MESSAGE][PASSED] - Object: 'Object Repository/1. Constant/xpath' is clicked on

2022-06-09 20:56:55 - [MESSAGE][PASSED] - Delayed 5 second(s)

2022-06-09 20:56:55 - [TEST_STEP][PASSED] - takeScreenshot(): Taking screenshot successfully

2022-06-09 20:56:56 - [MESSAGE][PASSED] - Taking screenshot successfully
[[ATTACHMENT|D:\\Projet Test Auto\\Mediabox Test Automation\\Reports\\20220609_181011\\03. Parallel Testing (Testing)\\TS -PT PART 3\\14.05 Dreyers Support Action (Ongoing _ Completed ref) - PART 5\\20220609_181111\\1654801016108.png]]

2022-06-09 20:56:56 - [TEST_STEP][PASSED] - click(findTestObject("1. Constant/xpath", ["xpath":"//*[@id="create_ref_btn"]/button"])): Object: 'Object Repository/1. Constant/xpath' is clicked on

2022-06-09 20:56:57 - [MESSAGE][PASSED] - Object: 'Object Repository/1. Constant/xpath' is clicked on

2022-06-09 20:56:57 - [TEST_STEP][PASSED] - click(findTestObject("1. Constant/xpath", ["xpath":"//*[@id="create_ref_btn"]/div/a"])): Object: 'Object Repository/1. Constant/xpath' is clicked on

2022-06-09 20:56:59 - [MESSAGE][PASSED] - Object: 'Object Repository/1. Constant/xpath' is clicked on

2022-06-09 20:56:59 - [TEST_STEP][PASSED] - delay(1): Delayed 1 second(s)

2022-06-09 20:57:00 - [MESSAGE][PASSED] - Delayed 1 second(s)

2022-06-09 20:57:00 - [TEST_STEP][PASSED] - selectOptionByValue(findTestObject("1. Constant/xpath", ["xpath":"//*[@id="lfc_tpl"]"]), "36", false): All options with value '36' are selected in object 'Object Repository/1. Constant/xpath' 

2022-06-09 20:57:01 - [MESSAGE][PASSED] - All options with value '36' are selected in object 'Object Repository/1. Constant/xpath' 

2022-06-09 20:57:01 - [TEST_STEP][PASSED] - ref_name = "P26_Auto_SAS_S33_" + RandomStringUtils.randomAlphanumeric(5) + I.gettimedate(): null

2022-06-09 20:57:01 - [TEST_STEP][PASSED] - delay(1): Delayed 1 second(s)

2022-06-09 20:57:02 - [MESSAGE][PASSED] - Delayed 1 second(s)

2022-06-09 20:57:02 - [TEST_STEP][PASSED] - setText(findTestObject("1. Constant/xpath", ["xpath":"//*[@id="var_name"]"]), ref_name): Text 'P26_Auto_SAS_S33_jzEqBjuin092022_205701' is set on object 'Object Repository/1. Constant/xpath'

2022-06-09 20:57:02 - [MESSAGE][PASSED] - Text 'P26_Auto_SAS_S33_jzEqBjuin092022_205701' is set on object 'Object Repository/1. Constant/xpath'

2022-06-09 20:57:02 - [TEST_STEP][PASSED] - takeScreenshot(): Taking screenshot successfully

2022-06-09 20:57:03 - [MESSAGE][PASSED] - Taking screenshot successfully
[[ATTACHMENT|D:\\Projet Test Auto\\Mediabox Test Automation\\Reports\\20220609_181011\\03. Parallel Testing (Testing)\\TS -PT PART 3\\14.05 Dreyers Support Action (Ongoing _ Completed ref) - PART 5\\20220609_181111\\1654801023144.png]]

2022-06-09 20:57:03 - [TEST_STEP][PASSED] - click(findTestObject("1. Constant/xpath", ["xpath":"//*[@id="createRefBottom"]"])): Object: 'Object Repository/1. Constant/xpath' is clicked on

2022-06-09 20:57:06 - [MESSAGE][PASSED] - Object: 'Object Repository/1. Constant/xpath' is clicked on

2022-06-09 20:57:06 - [TEST_STEP][PASSED] - delay(1): Delayed 1 second(s)

2022-06-09 20:57:07 - [MESSAGE][PASSED] - Delayed 1 second(s)

2022-06-09 20:57:07 - [TEST_STEP][PASSED] - takeScreenshot(): Taking screenshot successfully

2022-06-09 20:57:08 - [MESSAGE][PASSED] - Taking screenshot successfully
[[ATTACHMENT|D:\\Projet Test Auto\\Mediabox Test Automation\\Reports\\20220609_181011\\03. Parallel Testing (Testing)\\TS -PT PART 3\\14.05 Dreyers Support Action (Ongoing _ Completed ref) - PART 5\\20220609_181111\\1654801027775.png]]

2022-06-09 20:57:08 - [TEST_STEP][PASSED] - refID26 = I.RefID(): Current window's url is: 'http://mdb-release.diadeis.lan/MediaboxIndependence/Base/ExecAction?IDSession=MBI%21RELTESTAUTO_DREYERS%21B3TKU3P5MQCIRY0HDKHNGQPUH1ASUH71MH6LUBV7&default_action=ModifierRef&id_project=MI000876&id_ref=5285&action_from=create_ref'

2022-06-09 20:57:13 - [MESSAGE][PASSED] - Delayed 5 second(s)

2022-06-09 20:57:13 - [MESSAGE][PASSED] - Current window's url is: 'http://mdb-release.diadeis.lan/MediaboxIndependence/Base/ExecAction?IDSession=MBI%21RELTESTAUTO_DREYERS%21B3TKU3P5MQCIRY0HDKHNGQPUH1ASUH71MH6LUBV7&default_action=ModifierRef&id_project=MI000876&id_ref=5285&action_from=create_ref'

2022-06-09 20:57:13 - [TEST_STEP][PASSED] - click(findTestObject("1. Constant/xpath", ["xpath":"//*[@id="type_save"]"])): Object: 'Object Repository/1. Constant/xpath' is clicked on

2022-06-09 20:57:19 - [MESSAGE][PASSED] - Object: 'Object Repository/1. Constant/xpath' is clicked on

2022-06-09 20:57:19 - [TEST_STEP][PASSED] - takeScreenshot(): Taking screenshot successfully

2022-06-09 20:57:20 - [MESSAGE][PASSED] - Taking screenshot successfully
[[ATTACHMENT|D:\\Projet Test Auto\\Mediabox Test Automation\\Reports\\20220609_181011\\03. Parallel Testing (Testing)\\TS -PT PART 3\\14.05 Dreyers Support Action (Ongoing _ Completed ref) - PART 5\\20220609_181111\\1654801039969.png]]

2022-06-09 20:57:20 - [TEST_STEP][PASSED] - delay(1): Delayed 1 second(s)

2022-06-09 20:57:21 - [MESSAGE][PASSED] - Delayed 1 second(s)

2022-06-09 20:57:21 - [TEST_STEP][PASSED] - I.SearchRefNo_xpath("P26_Auto", "//*[@id="fiche_filter_keywords11"]", "//*[@id="form_filters"]/div[3]/button"): Delayed 5 second(s)

2022-06-09 20:57:22 - [MESSAGE][PASSED] - Delayed 1 second(s)

2022-06-09 20:57:22 - [MESSAGE][PASSED] - Text 'P26_Auto' is set on object 'Object Repository/1. Constant/xpath'

2022-06-09 20:57:25 - [MESSAGE][PASSED] - Delayed 3 second(s)

2022-06-09 20:57:26 - [MESSAGE][PASSED] - Scroll to object 'Object Repository/1. Constant/xpath' successfully

2022-06-09 20:57:28 - [MESSAGE][PASSED] - Object: 'Object Repository/1. Constant/xpath' is clicked on

2022-06-09 20:57:33 - [MESSAGE][PASSED] - Delayed 5 second(s)

2022-06-09 20:57:33 - [TEST_STEP][PASSED] - click(findTestObject("1. Constant/xpath", ["xpath":"//*[@id="source_" + refID26 + ""]/td[14]/a[3]"])): Object: 'Object Repository/1. Constant/xpath' is clicked on

2022-06-09 20:57:35 - [MESSAGE][PASSED] - Object: 'Object Repository/1. Constant/xpath' is clicked on

2022-06-09 20:57:35 - [TEST_STEP][PASSED] - click(findTestObject("1. Constant/xpath", ["xpath":"//*[@id="ModifFiche"]/div[1]/div/button[2]"])): Object: 'Object Repository/1. Constant/xpath' is clicked on

2022-06-09 20:57:38 - [MESSAGE][PASSED] - Object: 'Object Repository/1. Constant/xpath' is clicked on

2022-06-09 20:57:38 - [TEST_STEP][PASSED] - takeScreenshot(): Taking screenshot successfully

2022-06-09 20:57:38 - [MESSAGE][PASSED] - Taking screenshot successfully
[[ATTACHMENT|D:\\Projet Test Auto\\Mediabox Test Automation\\Reports\\20220609_181011\\03. Parallel Testing (Testing)\\TS -PT PART 3\\14.05 Dreyers Support Action (Ongoing _ Completed ref) - PART 5\\20220609_181111\\1654801058445.png]]

2022-06-09 20:57:38 - [TEST_STEP][PASSED] - delay(1): Delayed 1 second(s)

2022-06-09 20:57:39 - [MESSAGE][PASSED] - Delayed 1 second(s)

2022-06-09 20:57:39 - [TEST_STEP][PASSED] - click(findTestObject("1. Constant/xpath", ["xpath":"//*[@id="source_" + refID26 + ""]/td[14]/a[3]"])): Object: 'Object Repository/1. Constant/xpath' is clicked on

2022-06-09 20:57:41 - [MESSAGE][PASSED] - Object: 'Object Repository/1. Constant/xpath' is clicked on

2022-06-09 20:57:41 - [TEST_STEP][PASSED] - click(findTestObject("1. Constant/xpath", ["xpath":"//*[@id="ModifFiche"]/div[1]/div/button[2]"])): Object: 'Object Repository/1. Constant/xpath' is clicked on

2022-06-09 20:57:47 - [MESSAGE][PASSED] - Object: 'Object Repository/1. Constant/xpath' is clicked on

2022-06-09 20:57:47 - [TEST_STEP][PASSED] - takeScreenshot(): Taking screenshot successfully

2022-06-09 20:57:48 - [MESSAGE][PASSED] - Taking screenshot successfully
[[ATTACHMENT|D:\\Projet Test Auto\\Mediabox Test Automation\\Reports\\20220609_181011\\03. Parallel Testing (Testing)\\TS -PT PART 3\\14.05 Dreyers Support Action (Ongoing _ Completed ref) - PART 5\\20220609_181111\\1654801067791.png]]

2022-06-09 20:57:48 - [TEST_STEP][PASSED] - delay(1): Delayed 1 second(s)

2022-06-09 20:57:49 - [MESSAGE][PASSED] - Delayed 1 second(s)

2022-06-09 20:57:49 - [TEST_STEP][PASSED] - color1 = getCSSValue(findTestObject("1. Constant/xpath", ["xpath":"//*[@id="source_" + refID26 + ""]/td[14]/a[2]"]), "color", OPTIONAL): Get CSS 'color' value on 'Object Repository/1. Constant/xpath' successfully: 'rgba(255, 255, 255, 1)'.

2022-06-09 20:57:49 - [MESSAGE][PASSED] - Get CSS 'color' value on 'Object Repository/1. Constant/xpath' successfully: 'rgba(255, 255, 255, 1)'.

2022-06-09 20:57:49 - [TEST_STEP][PASSED] - while (color1 == "rgba(255, 255, 255, 1)"): Get CSS 'color' value on 'Object Repository/1. Constant/xpath' successfully: 'rgba(54, 153, 255, 1)'.

2022-06-09 20:57:49 - [TEST_STEP][PASSED] - click(findTestObject("1. Constant/xpath", ["xpath":"//*[@id="source_" + refID26 + ""]/td[14]/a[2]"])): Object: 'Object Repository/1. Constant/xpath' is clicked on

2022-06-09 20:57:50 - [MESSAGE][PASSED] - Object: 'Object Repository/1. Constant/xpath' is clicked on

2022-06-09 20:57:50 - [TEST_STEP][PASSED] - I.UploadDoc_sendkey_Prod(findTestObject("1. Constant/xpath", ["xpath":"//*[@id="kt_body"]/input[2]"]), "D:\Upoad_File\Upload doc\testdata1.pdf", "testdata1"): Delayed 5 second(s)

2022-06-09 20:57:50 - [MESSAGE][PASSED] - Scroll to object 'Object Repository/1. Constant/xpath' successfully

2022-06-09 20:57:55 - [MESSAGE][PASSED] - Delayed 5 second(s)

2022-06-09 20:57:55 - [MESSAGE][PASSED] - File 'D:\Upoad_File\Upload doc\testdata1.pdf' sent to object: 'Object Repository/1. Constant/xpath'

2022-06-09 20:58:00 - [MESSAGE][PASSED] - Delayed 5 second(s)

2022-06-09 20:58:01 - [MESSAGE][PASSED] - Text 'testdata1' is present on page 

2022-06-09 20:58:06 - [MESSAGE][PASSED] - Delayed 5 second(s)

2022-06-09 20:58:11 - [MESSAGE][PASSED] - Delayed 5 second(s)

2022-06-09 20:58:11 - [TEST_STEP][PASSED] - takeScreenshot(): Taking screenshot successfully

2022-06-09 20:58:11 - [MESSAGE][PASSED] - Taking screenshot successfully
[[ATTACHMENT|D:\\Projet Test Auto\\Mediabox Test Automation\\Reports\\20220609_181011\\03. Parallel Testing (Testing)\\TS -PT PART 3\\14.05 Dreyers Support Action (Ongoing _ Completed ref) - PART 5\\20220609_181111\\1654801091201.png]]

2022-06-09 20:58:11 - [TEST_STEP][PASSED] - delay(8): Delayed 8 second(s)

2022-06-09 20:58:19 - [MESSAGE][PASSED] - Delayed 8 second(s)

2022-06-09 20:58:19 - [TEST_STEP][PASSED] - click(findTestObject("HL Full Lifecycle/12 ReferncePage_Button_Updatensenddoc")): Object: 'Object Repository/HL Full Lifecycle/12 ReferncePage_Button_Updatensenddoc' is clicked on

2022-06-09 20:58:25 - [MESSAGE][PASSED] - Object: 'Object Repository/HL Full Lifecycle/12 ReferncePage_Button_Updatensenddoc' is clicked on

2022-06-09 20:58:25 - [TEST_STEP][PASSED] - delay(4): Delayed 4 second(s)

2022-06-09 20:58:29 - [MESSAGE][PASSED] - Delayed 4 second(s)

2022-06-09 20:58:29 - [TEST_STEP][PASSED] - color1 = getCSSValue(findTestObject("1. Constant/xpath", ["xpath":"//*[@id="source_" + refID26 + ""]/td[14]/a[2]"]), "color", OPTIONAL): Get CSS 'color' value on 'Object Repository/1. Constant/xpath' successfully: 'rgba(54, 153, 255, 1)'.

2022-06-09 20:58:29 - [MESSAGE][PASSED] - Get CSS 'color' value on 'Object Repository/1. Constant/xpath' successfully: 'rgba(54, 153, 255, 1)'.

2022-06-09 20:58:29 - [TEST_STEP][PASSED] - takeScreenshot(): Taking screenshot successfully

2022-06-09 20:58:30 - [MESSAGE][PASSED] - Taking screenshot successfully
[[ATTACHMENT|D:\\Projet Test Auto\\Mediabox Test Automation\\Reports\\20220609_181011\\03. Parallel Testing (Testing)\\TS -PT PART 3\\14.05 Dreyers Support Action (Ongoing _ Completed ref) - PART 5\\20220609_181111\\1654801109785.png]]

2022-06-09 20:58:30 - [TEST_STEP][PASSED] - click(findTestObject("1. Constant/xpath", ["xpath":"//*[@id="source_" + refID26 + ""]/td[6]/a"])): Object: 'Object Repository/1. Constant/xpath' is clicked on

2022-06-09 20:58:33 - [MESSAGE][PASSED] - Object: 'Object Repository/1. Constant/xpath' is clicked on

2022-06-09 20:58:33 - [TEST_STEP][PASSED] - takeScreenshot(): Taking screenshot successfully

2022-06-09 20:58:34 - [MESSAGE][PASSED] - Taking screenshot successfully
[[ATTACHMENT|D:\\Projet Test Auto\\Mediabox Test Automation\\Reports\\20220609_181011\\03. Parallel Testing (Testing)\\TS -PT PART 3\\14.05 Dreyers Support Action (Ongoing _ Completed ref) - PART 5\\20220609_181111\\1654801114030.png]]

2022-06-09 20:58:34 - [TEST_STEP][PASSED] - delay(1): Delayed 1 second(s)

2022-06-09 20:58:35 - [MESSAGE][PASSED] - Delayed 1 second(s)

2022-06-09 20:58:35 - [TEST_STEP][PASSED] - I.Approveforothers("/html/body/div[1]/div[2]/div[8]/div[3]/div/div[3]/div[2]/div/div[3]/div/div[2]/div[1]/div/div[2]/div/div[2]/div[2]/div/div/div[1]/img", "/html/body/div[1]/div[2]/div[8]/div[3]/div/div[3]/div[2]/div/div[3]/div/div[2]/div[1]/div/div[2]/div/div[2]/div[2]/div/div/div[6]/a[2]/span"): Object: 'Object Repository/1. Constant/xpath' is clicked on

2022-06-09 20:58:36 - [MESSAGE][PASSED] - Object: 'Object Repository/1. Constant/xpath' is clicked on

2022-06-09 20:58:37 - [MESSAGE][PASSED] - Delayed 1 second(s)

2022-06-09 20:58:37 - [MESSAGE][PASSED] - Object: 'Object Repository/1. Constant/xpath' is clicked on

2022-06-09 20:58:38 - [MESSAGE][PASSED] - Delayed 1 second(s)

2022-06-09 20:58:39 - [MESSAGE][PASSED] - Object: 'Object Repository/1. Constant/xpath' is hovered

2022-06-09 20:58:39 - [MESSAGE][PASSED] - Object: 'Object Repository/1. Constant/xpath' is clicked on

2022-06-09 20:58:40 - [MESSAGE][PASSED] - Delayed 1 second(s)

2022-06-09 20:58:46 - [MESSAGE][PASSED] - Object: 'Object Repository/1. Constant/xpath' is clicked on

2022-06-09 20:58:46 - [TEST_STEP][PASSED] - delay(1): Delayed 1 second(s)

2022-06-09 20:58:47 - [MESSAGE][PASSED] - Delayed 1 second(s)

2022-06-09 20:58:47 - [TEST_STEP][PASSED] - click(findTestObject("1. Constant/xpath", ["xpath":"//*[@id="kt_subheader"]/div/nav/ol/li[2]/a"])): Object: 'Object Repository/1. Constant/xpath' is clicked on

2022-06-09 20:58:49 - [MESSAGE][PASSED] - Object: 'Object Repository/1. Constant/xpath' is clicked on

2022-06-09 20:58:49 - [TEST_STEP][PASSED] - delay(1): Delayed 1 second(s)

2022-06-09 20:58:50 - [MESSAGE][PASSED] - Delayed 1 second(s)

2022-06-09 20:58:50 - [TEST_STEP][PASSED] - I.submitquesiton_ref(findTestObject("1. Constant/xpath", ["xpath":"//*[@id="source_" + refID26 + ""]/td[14]/div[1]/button"]), findTestObject("1. Constant/xpath", ["xpath":"//*[@id="source_" + refID26 + ""]/td[14]/div[1]/div/a[1]"])): Object: 'Object Repository/1. Constant/xpath' is clicked on

2022-06-09 20:58:52 - [MESSAGE][PASSED] - Object: 'Object Repository/1. Constant/xpath' is clicked on

2022-06-09 20:58:55 - [MESSAGE][PASSED] - Delayed 3 second(s)

2022-06-09 20:58:59 - [MESSAGE][PASSED] - Object: 'Object Repository/1. Constant/xpath' is clicked on

2022-06-09 20:58:59 - [TEST_STEP][PASSED] - click(findTestObject("1. Constant/xpath", ["xpath":"//*[@id="ModifFiche"]/div[1]/div/button[2]"])): Object: 'Object Repository/1. Constant/xpath' is clicked on

2022-06-09 20:59:02 - [MESSAGE][PASSED] - Object: 'Object Repository/1. Constant/xpath' is clicked on

2022-06-09 20:59:02 - [TEST_STEP][PASSED] - takeScreenshot(): Taking screenshot successfully

2022-06-09 20:59:02 - [MESSAGE][PASSED] - Taking screenshot successfully
[[ATTACHMENT|D:\\Projet Test Auto\\Mediabox Test Automation\\Reports\\20220609_181011\\03. Parallel Testing (Testing)\\TS -PT PART 3\\14.05 Dreyers Support Action (Ongoing _ Completed ref) - PART 5\\20220609_181111\\1654801142528.png]]

2022-06-09 20:59:02 - [TEST_STEP][PASSED] - I.submitquesiton_ref(findTestObject("1. Constant/xpath", ["xpath":"//*[@id="source_" + refID26 + ""]/td[14]/div[1]/button"]), findTestObject("1. Constant/xpath", ["xpath":"//*[@id="source_" + refID26 + ""]/td[14]/div[1]/div/a[1]"])): Object: 'Object Repository/1. Constant/xpath' is clicked on

2022-06-09 20:59:03 - [MESSAGE][PASSED] - Object: 'Object Repository/1. Constant/xpath' is clicked on

2022-06-09 20:59:06 - [MESSAGE][PASSED] - Delayed 3 second(s)

2022-06-09 20:59:07 - [MESSAGE][PASSED] - Object: 'Object Repository/1. Constant/xpath' is clicked on

2022-06-09 20:59:07 - [TEST_STEP][PASSED] - click(findTestObject("1. Constant/xpath", ["xpath":"//*[@id="ModifFiche"]/div[1]/div/button[2]"])): Object: 'Object Repository/1. Constant/xpath' is clicked on

2022-06-09 20:59:12 - [MESSAGE][PASSED] - Object: 'Object Repository/1. Constant/xpath' is clicked on

2022-06-09 20:59:12 - [TEST_STEP][PASSED] - takeScreenshot(): Taking screenshot successfully

2022-06-09 20:59:12 - [MESSAGE][PASSED] - Taking screenshot successfully
[[ATTACHMENT|D:\\Projet Test Auto\\Mediabox Test Automation\\Reports\\20220609_181011\\03. Parallel Testing (Testing)\\TS -PT PART 3\\14.05 Dreyers Support Action (Ongoing _ Completed ref) - PART 5\\20220609_181111\\1654801152599.png]]

2022-06-09 20:59:12 - [TEST_STEP][PASSED] - click(findTestObject("1. Constant/xpath", ["xpath":"//*[@id="source_" + refID26 + ""]/td[14]/a[3]"])): Object: 'Object Repository/1. Constant/xpath' is clicked on

2022-06-09 20:59:14 - [MESSAGE][PASSED] - Object: 'Object Repository/1. Constant/xpath' is clicked on

2022-06-09 20:59:14 - [TEST_STEP][PASSED] - click(findTestObject("1. Constant/xpath", ["xpath":"//*[@id="ModifFiche"]/div[1]/div/button[2]"])): Object: 'Object Repository/1. Constant/xpath' is clicked on

2022-06-09 20:59:17 - [MESSAGE][PASSED] - Object: 'Object Repository/1. Constant/xpath' is clicked on

2022-06-09 20:59:17 - [TEST_STEP][PASSED] - takeScreenshot(): Taking screenshot successfully

2022-06-09 20:59:18 - [MESSAGE][PASSED] - Taking screenshot successfully
[[ATTACHMENT|D:\\Projet Test Auto\\Mediabox Test Automation\\Reports\\20220609_181011\\03. Parallel Testing (Testing)\\TS -PT PART 3\\14.05 Dreyers Support Action (Ongoing _ Completed ref) - PART 5\\20220609_181111\\1654801158014.png]]

2022-06-09 20:59:18 - [TEST_STEP][PASSED] - click(findTestObject("1. Constant/xpath", ["xpath":"//*[@id="source_" + refID26 + ""]/td[14]/a[3]"])): Object: 'Object Repository/1. Constant/xpath' is clicked on

2022-06-09 20:59:21 - [MESSAGE][PASSED] - Object: 'Object Repository/1. Constant/xpath' is clicked on

2022-06-09 20:59:21 - [TEST_STEP][PASSED] - click(findTestObject("1. Constant/xpath", ["xpath":"//*[@id="ModifFiche"]/div[1]/div/button[2]"])): Object: 'Object Repository/1. Constant/xpath' is clicked on

2022-06-09 20:59:26 - [MESSAGE][PASSED] - Object: 'Object Repository/1. Constant/xpath' is clicked on

2022-06-09 20:59:26 - [TEST_STEP][PASSED] - color2 = getCSSValue(findTestObject("1. Constant/xpath", ["xpath":"//*[@id="source_" + refID26 + ""]/td[14]/a[2]"]), "color", OPTIONAL): Get CSS 'color' value on 'Object Repository/1. Constant/xpath' successfully: 'rgba(255, 255, 255, 1)'.

2022-06-09 20:59:27 - [MESSAGE][PASSED] - Get CSS 'color' value on 'Object Repository/1. Constant/xpath' successfully: 'rgba(255, 255, 255, 1)'.

2022-06-09 20:59:27 - [TEST_STEP][PASSED] - while (color2 == "rgba(255, 255, 255, 1)"): Get CSS 'color' value on 'Object Repository/1. Constant/xpath' successfully: 'rgba(54, 153, 255, 1)'.

2022-06-09 20:59:27 - [TEST_STEP][PASSED] - click(findTestObject("1. Constant/xpath", ["xpath":"//*[@id="source_" + refID26 + ""]/td[14]/a[2]"])): Object: 'Object Repository/1. Constant/xpath' is clicked on

2022-06-09 20:59:28 - [MESSAGE][PASSED] - Object: 'Object Repository/1. Constant/xpath' is clicked on

2022-06-09 20:59:28 - [TEST_STEP][PASSED] - selectOptionByValue(findTestObject("1. Constant/xpath", ["xpath":"//*[@id="id_approval_flow_tpl"]"]), "80", false): All options with value '80' are selected in object 'Object Repository/1. Constant/xpath' 

2022-06-09 20:59:29 - [MESSAGE][PASSED] - All options with value '80' are selected in object 'Object Repository/1. Constant/xpath' 

2022-06-09 20:59:29 - [TEST_STEP][PASSED] - I.UploadDoc_sendkey_Prod(findTestObject("1. Constant/xpath", ["xpath":"//*[@id="kt_body"]/input[2]"]), "D:\Upoad_File\Upload doc\testdata1.jpg", "testdata1"): Delayed 5 second(s)

2022-06-09 20:59:29 - [MESSAGE][PASSED] - Scroll to object 'Object Repository/1. Constant/xpath' successfully

2022-06-09 20:59:34 - [MESSAGE][PASSED] - Delayed 5 second(s)

2022-06-09 20:59:34 - [MESSAGE][PASSED] - File 'D:\Upoad_File\Upload doc\testdata1.jpg' sent to object: 'Object Repository/1. Constant/xpath'

2022-06-09 20:59:39 - [MESSAGE][PASSED] - Delayed 5 second(s)

2022-06-09 20:59:40 - [MESSAGE][PASSED] - Text 'testdata1' is present on page 

2022-06-09 20:59:45 - [MESSAGE][PASSED] - Delayed 5 second(s)

2022-06-09 20:59:50 - [MESSAGE][PASSED] - Delayed 5 second(s)

2022-06-09 20:59:50 - [TEST_STEP][PASSED] - takeScreenshot(): Taking screenshot successfully

2022-06-09 20:59:50 - [MESSAGE][PASSED] - Taking screenshot successfully
[[ATTACHMENT|D:\\Projet Test Auto\\Mediabox Test Automation\\Reports\\20220609_181011\\03. Parallel Testing (Testing)\\TS -PT PART 3\\14.05 Dreyers Support Action (Ongoing _ Completed ref) - PART 5\\20220609_181111\\1654801190037.png]]

2022-06-09 20:59:50 - [TEST_STEP][PASSED] - delay(8): Delayed 8 second(s)

2022-06-09 20:59:58 - [MESSAGE][PASSED] - Delayed 8 second(s)

2022-06-09 20:59:58 - [TEST_STEP][PASSED] - click(findTestObject("HL Full Lifecycle/12 ReferncePage_Button_Updatensenddoc")): Object: 'Object Repository/HL Full Lifecycle/12 ReferncePage_Button_Updatensenddoc' is clicked on

2022-06-09 21:00:01 - [MESSAGE][PASSED] - Object: 'Object Repository/HL Full Lifecycle/12 ReferncePage_Button_Updatensenddoc' is clicked on

2022-06-09 21:00:01 - [TEST_STEP][PASSED] - delay(3): Delayed 3 second(s)

2022-06-09 21:00:04 - [MESSAGE][PASSED] - Delayed 3 second(s)

2022-06-09 21:00:04 - [TEST_STEP][PASSED] - color2 = getCSSValue(findTestObject("1. Constant/xpath", ["xpath":"//*[@id="source_" + refID26 + ""]/td[14]/a[2]"]), "color", OPTIONAL): Get CSS 'color' value on 'Object Repository/1. Constant/xpath' successfully: 'rgba(54, 153, 255, 1)'.

2022-06-09 21:00:05 - [MESSAGE][PASSED] - Get CSS 'color' value on 'Object Repository/1. Constant/xpath' successfully: 'rgba(54, 153, 255, 1)'.

2022-06-09 21:00:05 - [TEST_STEP][PASSED] - click(findTestObject("1. Constant/xpath", ["xpath":"//*[@id="source_" + refID26 + ""]/td[6]/a"])): Object: 'Object Repository/1. Constant/xpath' is clicked on

2022-06-09 21:00:07 - [MESSAGE][PASSED] - Object: 'Object Repository/1. Constant/xpath' is clicked on

2022-06-09 21:00:07 - [TEST_STEP][PASSED] - takeScreenshot(): Taking screenshot successfully

2022-06-09 21:00:07 - [MESSAGE][PASSED] - Taking screenshot successfully
[[ATTACHMENT|D:\\Projet Test Auto\\Mediabox Test Automation\\Reports\\20220609_181011\\03. Parallel Testing (Testing)\\TS -PT PART 3\\14.05 Dreyers Support Action (Ongoing _ Completed ref) - PART 5\\20220609_181111\\1654801207107.png]]

2022-06-09 21:00:07 - [TEST_STEP][PASSED] - delay(1): Delayed 1 second(s)

2022-06-09 21:00:08 - [MESSAGE][PASSED] - Delayed 1 second(s)

2022-06-09 21:00:08 - [TEST_STEP][PASSED] - I.Approveforothers("/html/body/div[1]/div[2]/div[8]/div[3]/div/div[3]/div[2]/div/div[3]/div/div[2]/div[1]/div/div[2]/div/div[2]/div[2]/div/div/div[1]/img", "/html/body/div[1]/div[2]/div[8]/div[3]/div/div[3]/div[2]/div/div[3]/div/div[2]/div[1]/div/div[2]/div/div[2]/div[2]/div/div/div[6]/a[2]/span"): Object: 'Object Repository/1. Constant/xpath' is clicked on

2022-06-09 21:00:11 - [MESSAGE][PASSED] - Object: 'Object Repository/1. Constant/xpath' is clicked on

2022-06-09 21:00:12 - [MESSAGE][PASSED] - Delayed 1 second(s)

2022-06-09 21:00:12 - [MESSAGE][PASSED] - Object: 'Object Repository/1. Constant/xpath' is clicked on

2022-06-09 21:00:13 - [MESSAGE][PASSED] - Delayed 1 second(s)

2022-06-09 21:00:13 - [MESSAGE][PASSED] - Object: 'Object Repository/1. Constant/xpath' is hovered

2022-06-09 21:00:13 - [MESSAGE][PASSED] - Object: 'Object Repository/1. Constant/xpath' is clicked on

2022-06-09 21:00:14 - [MESSAGE][PASSED] - Delayed 1 second(s)

2022-06-09 21:00:19 - [MESSAGE][PASSED] - Object: 'Object Repository/1. Constant/xpath' is clicked on

2022-06-09 21:00:19 - [TEST_STEP][PASSED] - click(findTestObject("1. Constant/xpath", ["xpath":"//*[@id="kt_subheader"]/div/nav/ol/li[2]/a"])): Object: 'Object Repository/1. Constant/xpath' is clicked on

2022-06-09 21:00:21 - [MESSAGE][PASSED] - Object: 'Object Repository/1. Constant/xpath' is clicked on

2022-06-09 21:00:21 - [TEST_STEP][PASSED] - delay(1): Delayed 1 second(s)

2022-06-09 21:00:22 - [MESSAGE][PASSED] - Delayed 1 second(s)

2022-06-09 21:00:22 - [TEST_STEP][PASSED] - click(findTestObject("1. Constant/xpath", ["xpath":"//*[@id="source_" + refID26 + ""]/td[14]/div[1]/button"])): Object: 'Object Repository/1. Constant/xpath' is clicked on

2022-06-09 21:00:24 - [MESSAGE][PASSED] - Object: 'Object Repository/1. Constant/xpath' is clicked on

2022-06-09 21:00:24 - [TEST_STEP][PASSED] - delay(1): Delayed 1 second(s)

2022-06-09 21:00:25 - [MESSAGE][PASSED] - Delayed 1 second(s)

2022-06-09 21:00:25 - [TEST_STEP][PASSED] - x = 20: null

2022-06-09 21:00:25 - [TEST_STEP][PASSED] - i = 1: null

2022-06-09 21:00:25 - [TEST_STEP][PASSED] - while (i <= x): null

2022-06-09 21:00:25 - [TEST_STEP][PASSED] - Expected_SAS_Selected = "SAS S27: Add Phase Group Step C/ Skip P3.1": null

2022-06-09 21:00:25 - [TEST_STEP][PASSED] - xpath_SAS = "//*[@id="source_" + refID26 + ""]/td[14]/div[1]/div/a[" + i + "]": null

2022-06-09 21:00:25 - [TEST_STEP][PASSED] - Actual_SAS = getText(findTestObject("1. Constant/xpath", ["xpath":xpath_SAS])): Text of object 'Object Repository/1. Constant/xpath' is: 'SAS S21 - Add Step Group C&A / Skip P3.4 [Complete]'

2022-06-09 21:00:25 - [MESSAGE][PASSED] - Text of object 'Object Repository/1. Constant/xpath' is: 'SAS S21 - Add Step Group C&A / Skip P3.4 [Complete]'

2022-06-09 21:00:25 - [TEST_STEP][PASSED] - I.print(i): null

2022-06-09 21:00:25 - [TEST_STEP][PASSED] - if (Actual_SAS.contains(Expected_SAS_Selected)): null

2022-06-09 21:00:25 - [TEST_STEP][PASSED] - i = i + 1: null

2022-06-09 21:00:25 - [TEST_STEP][PASSED] - Expected_SAS_Selected = "SAS S27: Add Phase Group Step C/ Skip P3.1": null

2022-06-09 21:00:25 - [TEST_STEP][PASSED] - xpath_SAS = "//*[@id="source_" + refID26 + ""]/td[14]/div[1]/div/a[" + i + "]": null

2022-06-09 21:00:25 - [TEST_STEP][PASSED] - Actual_SAS = getText(findTestObject("1. Constant/xpath", ["xpath":xpath_SAS])): Text of object 'Object Repository/1. Constant/xpath' is: 'SAS: S6 - Add Steps C'

2022-06-09 21:00:26 - [MESSAGE][PASSED] - Text of object 'Object Repository/1. Constant/xpath' is: 'SAS: S6 - Add Steps C'

2022-06-09 21:00:26 - [TEST_STEP][PASSED] - I.print(i): null

2022-06-09 21:00:26 - [TEST_STEP][PASSED] - if (Actual_SAS.contains(Expected_SAS_Selected)): null

2022-06-09 21:00:26 - [TEST_STEP][PASSED] - i = i + 1: null

2022-06-09 21:00:26 - [TEST_STEP][PASSED] - Expected_SAS_Selected = "SAS S27: Add Phase Group Step C/ Skip P3.1": null

2022-06-09 21:00:26 - [TEST_STEP][PASSED] - xpath_SAS = "//*[@id="source_" + refID26 + ""]/td[14]/div[1]/div/a[" + i + "]": null

2022-06-09 21:00:26 - [TEST_STEP][PASSED] - Actual_SAS = getText(findTestObject("1. Constant/xpath", ["xpath":xpath_SAS])): Text of object 'Object Repository/1. Constant/xpath' is: 'SAS: S14 - Add Step group (SAS Lifecycle - SAS Step C)'

2022-06-09 21:00:26 - [MESSAGE][PASSED] - Text of object 'Object Repository/1. Constant/xpath' is: 'SAS: S14 - Add Step group (SAS Lifecycle - SAS Step C)'

2022-06-09 21:00:26 - [TEST_STEP][PASSED] - I.print(i): null

2022-06-09 21:00:26 - [TEST_STEP][PASSED] - if (Actual_SAS.contains(Expected_SAS_Selected)): null

2022-06-09 21:00:26 - [TEST_STEP][PASSED] - i = i + 1: null

2022-06-09 21:00:26 - [TEST_STEP][PASSED] - Expected_SAS_Selected = "SAS S27: Add Phase Group Step C/ Skip P3.1": null

2022-06-09 21:00:26 - [TEST_STEP][PASSED] - xpath_SAS = "//*[@id="source_" + refID26 + ""]/td[14]/div[1]/div/a[" + i + "]": null

2022-06-09 21:00:26 - [TEST_STEP][PASSED] - Actual_SAS = getText(findTestObject("1. Constant/xpath", ["xpath":xpath_SAS])): Text of object 'Object Repository/1. Constant/xpath' is: 'SAS: S15 - Add Step Group A & C'

2022-06-09 21:00:26 - [MESSAGE][PASSED] - Text of object 'Object Repository/1. Constant/xpath' is: 'SAS: S15 - Add Step Group A & C'

2022-06-09 21:00:26 - [TEST_STEP][PASSED] - I.print(i): null

2022-06-09 21:00:26 - [TEST_STEP][PASSED] - if (Actual_SAS.contains(Expected_SAS_Selected)): null

2022-06-09 21:00:26 - [TEST_STEP][PASSED] - i = i + 1: null

2022-06-09 21:00:26 - [TEST_STEP][PASSED] - Expected_SAS_Selected = "SAS S27: Add Phase Group Step C/ Skip P3.1": null

2022-06-09 21:00:26 - [TEST_STEP][PASSED] - xpath_SAS = "//*[@id="source_" + refID26 + ""]/td[14]/div[1]/div/a[" + i + "]": null

2022-06-09 21:00:26 - [TEST_STEP][PASSED] - Actual_SAS = getText(findTestObject("1. Constant/xpath", ["xpath":xpath_SAS])): Text of object 'Object Repository/1. Constant/xpath' is: 'SAS S18: Add Step C / Skip Phase 3.5 [Complete]'

2022-06-09 21:00:27 - [MESSAGE][PASSED] - Text of object 'Object Repository/1. Constant/xpath' is: 'SAS S18: Add Step C / Skip Phase 3.5 [Complete]'

2022-06-09 21:00:27 - [TEST_STEP][PASSED] - I.print(i): null

2022-06-09 21:00:27 - [TEST_STEP][PASSED] - if (Actual_SAS.contains(Expected_SAS_Selected)): null

2022-06-09 21:00:27 - [TEST_STEP][PASSED] - i = i + 1: null

2022-06-09 21:00:27 - [TEST_STEP][PASSED] - Expected_SAS_Selected = "SAS S27: Add Phase Group Step C/ Skip P3.1": null

2022-06-09 21:00:27 - [TEST_STEP][PASSED] - xpath_SAS = "//*[@id="source_" + refID26 + ""]/td[14]/div[1]/div/a[" + i + "]": null

2022-06-09 21:00:27 - [TEST_STEP][PASSED] - Actual_SAS = getText(findTestObject("1. Constant/xpath", ["xpath":xpath_SAS])): Text of object 'Object Repository/1. Constant/xpath' is: 'SAS S19: Add Step Group A/ Skip Phase 1.2 [Complete]'

2022-06-09 21:00:28 - [MESSAGE][PASSED] - Text of object 'Object Repository/1. Constant/xpath' is: 'SAS S19: Add Step Group A/ Skip Phase 1.2 [Complete]'

2022-06-09 21:00:28 - [TEST_STEP][PASSED] - I.print(i): null

2022-06-09 21:00:28 - [TEST_STEP][PASSED] - if (Actual_SAS.contains(Expected_SAS_Selected)): null

2022-06-09 21:00:28 - [TEST_STEP][PASSED] - i = i + 1: null

2022-06-09 21:00:28 - [TEST_STEP][PASSED] - Expected_SAS_Selected = "SAS S27: Add Phase Group Step C/ Skip P3.1": null

2022-06-09 21:00:28 - [TEST_STEP][PASSED] - xpath_SAS = "//*[@id="source_" + refID26 + ""]/td[14]/div[1]/div/a[" + i + "]": null

2022-06-09 21:00:28 - [TEST_STEP][PASSED] - Actual_SAS = getText(findTestObject("1. Constant/xpath", ["xpath":xpath_SAS])): Text of object 'Object Repository/1. Constant/xpath' is: 'SAS S20: Add Step Group AC/ Skip Phase 1.2 [Complete]'

2022-06-09 21:00:28 - [MESSAGE][PASSED] - Text of object 'Object Repository/1. Constant/xpath' is: 'SAS S20: Add Step Group AC/ Skip Phase 1.2 [Complete]'

2022-06-09 21:00:28 - [TEST_STEP][PASSED] - I.print(i): null

2022-06-09 21:00:28 - [TEST_STEP][PASSED] - if (Actual_SAS.contains(Expected_SAS_Selected)): null

2022-06-09 21:00:28 - [TEST_STEP][PASSED] - i = i + 1: null

2022-06-09 21:00:28 - [TEST_STEP][PASSED] - Expected_SAS_Selected = "SAS S27: Add Phase Group Step C/ Skip P3.1": null

2022-06-09 21:00:28 - [TEST_STEP][PASSED] - xpath_SAS = "//*[@id="source_" + refID26 + ""]/td[14]/div[1]/div/a[" + i + "]": null

2022-06-09 21:00:28 - [TEST_STEP][PASSED] - Actual_SAS = getText(findTestObject("1. Constant/xpath", ["xpath":xpath_SAS])): Text of object 'Object Repository/1. Constant/xpath' is: 'SAS S30: Add Phase Group SA/ Skip to Phase 1.1'

2022-06-09 21:00:28 - [MESSAGE][PASSED] - Text of object 'Object Repository/1. Constant/xpath' is: 'SAS S30: Add Phase Group SA/ Skip to Phase 1.1'

2022-06-09 21:00:28 - [TEST_STEP][PASSED] - I.print(i): null

2022-06-09 21:00:28 - [TEST_STEP][PASSED] - if (Actual_SAS.contains(Expected_SAS_Selected)): null

2022-06-09 21:00:28 - [TEST_STEP][PASSED] - i = i + 1: null

2022-06-09 21:00:28 - [TEST_STEP][PASSED] - Expected_SAS_Selected = "SAS S27: Add Phase Group Step C/ Skip P3.1": null

2022-06-09 21:00:28 - [TEST_STEP][PASSED] - xpath_SAS = "//*[@id="source_" + refID26 + ""]/td[14]/div[1]/div/a[" + i + "]": null

2022-06-09 21:00:28 - [TEST_STEP][PASSED] - Actual_SAS = getText(findTestObject("1. Constant/xpath", ["xpath":xpath_SAS])): Text of object 'Object Repository/1. Constant/xpath' is: 'SAS S27: Add Phase Group Step C/ Skip P3.1'

2022-06-09 21:00:29 - [MESSAGE][PASSED] - Text of object 'Object Repository/1. Constant/xpath' is: 'SAS S27: Add Phase Group Step C/ Skip P3.1'

2022-06-09 21:00:29 - [TEST_STEP][PASSED] - I.print(i): null

2022-06-09 21:00:29 - [TEST_STEP][PASSED] - if (Actual_SAS.contains(Expected_SAS_Selected)): null

2022-06-09 21:00:29 - [TEST_STEP][PASSED] - click(findTestObject("1. Constant/xpath", ["xpath":xpath_SAS])): Object: 'Object Repository/1. Constant/xpath' is clicked on

2022-06-09 21:00:29 - [MESSAGE][PASSED] - Object: 'Object Repository/1. Constant/xpath' is clicked on

2022-06-09 21:00:29 - [TEST_STEP][PASSED] - break: null

2022-06-09 21:00:29 - [TEST_STEP][PASSED] - takeScreenshot(): Taking screenshot successfully

2022-06-09 21:00:29 - [MESSAGE][PASSED] - Taking screenshot successfully
[[ATTACHMENT|D:\\Projet Test Auto\\Mediabox Test Automation\\Reports\\20220609_181011\\03. Parallel Testing (Testing)\\TS -PT PART 3\\14.05 Dreyers Support Action (Ongoing _ Completed ref) - PART 5\\20220609_181111\\1654801229535.png]]

2022-06-09 21:00:29 - [TEST_STEP][PASSED] - delay(1): Delayed 1 second(s)

2022-06-09 21:00:30 - [MESSAGE][PASSED] - Delayed 1 second(s)

2022-06-09 21:00:30 - [TEST_STEP][PASSED] - takeScreenshot(): Taking screenshot successfully

2022-06-09 21:00:31 - [MESSAGE][PASSED] - Taking screenshot successfully
[[ATTACHMENT|D:\\Projet Test Auto\\Mediabox Test Automation\\Reports\\20220609_181011\\03. Parallel Testing (Testing)\\TS -PT PART 3\\14.05 Dreyers Support Action (Ongoing _ Completed ref) - PART 5\\20220609_181111\\1654801231246.png]]

2022-06-09 21:00:31 - [TEST_STEP][PASSED] - click(findTestObject("1. Constant/xpath", ["xpath":"//*[@id="confirmSupportActionShortcut"]"])): Object: 'Object Repository/1. Constant/xpath' is clicked on

2022-06-09 21:00:36 - [MESSAGE][PASSED] - Object: 'Object Repository/1. Constant/xpath' is clicked on

2022-06-09 21:00:36 - [TEST_STEP][PASSED] - takeScreenshot(): Taking screenshot successfully

2022-06-09 21:00:36 - [MESSAGE][PASSED] - Taking screenshot successfully
[[ATTACHMENT|D:\\Projet Test Auto\\Mediabox Test Automation\\Reports\\20220609_181011\\03. Parallel Testing (Testing)\\TS -PT PART 3\\14.05 Dreyers Support Action (Ongoing _ Completed ref) - PART 5\\20220609_181111\\1654801236186.png]]

2022-06-09 21:00:36 - [TEST_STEP][PASSED] - click(findTestObject("1. Constant/xpath", ["xpath":"//*[@id="kt_content"]/div[3]/div/ul/li[3]/a"])): Object: 'Object Repository/1. Constant/xpath' is clicked on

2022-06-09 21:00:38 - [MESSAGE][PASSED] - Object: 'Object Repository/1. Constant/xpath' is clicked on

2022-06-09 21:00:38 - [TEST_STEP][PASSED] - takeScreenshot(): Taking screenshot successfully

2022-06-09 21:00:39 - [MESSAGE][PASSED] - Taking screenshot successfully
[[ATTACHMENT|D:\\Projet Test Auto\\Mediabox Test Automation\\Reports\\20220609_181011\\03. Parallel Testing (Testing)\\TS -PT PART 3\\14.05 Dreyers Support Action (Ongoing _ Completed ref) - PART 5\\20220609_181111\\1654801238848.png]]

2022-06-09 21:00:39 - [TEST_STEP][PASSED] - StepC_1 = getAttribute(findTestObject("1. Constant/xpath", ["xpath":"/html/body/div[1]/div[2]/div[8]/div[3]/div/div[3]/div[3]/div/ul/li[3]/a"]), "class"): Attribute 'class' of object 'Object Repository/1. Constant/xpath' is: 'nav-link timeline-badge badge-xl  bg-pending active'

2022-06-09 21:00:39 - [MESSAGE][PASSED] - Attribute 'class' of object 'Object Repository/1. Constant/xpath' is: 'nav-link timeline-badge badge-xl  bg-pending active'

2022-06-09 21:00:39 - [TEST_STEP][PASSED] - verifyMatch(StepC_1, "nav-link timeline-badge badge-xl  bg-pending active", false): Actual text 'nav-link timeline-badge badge-xl  bg-pending active' and expected text 'nav-link timeline-badge badge-xl  bg-pending active' are matched 

2022-06-09 21:00:39 - [MESSAGE][PASSED] - Actual text 'nav-link timeline-badge badge-xl  bg-pending active' and expected text 'nav-link timeline-badge badge-xl  bg-pending active' are matched 

2022-06-09 21:00:39 - [TEST_STEP][PASSED] - StepC_11 = I.Get_Stepname("/html/body/div[1]/div[2]/div[8]/div[3]/div/div[3]/div[3]/div/ul/li[3]/a"): Attribute 'href' of object 'Object Repository/1. Constant/xpath' is: 'http://mdb-release.diadeis.lan/MediaboxIndependence/Base/ExecAction?action=VoirRef&IDSession=MBI!RELTESTAUTO_DREYERS!B3TKU3P5MQCIRY0HDKHNGQPUH1ASUH71MH6LUBV7&num=4K8DHWEFV8&id_ref=5285#tab_lifecycle_SASStepC_12222'

2022-06-09 21:00:44 - [MESSAGE][PASSED] - Delayed 5 second(s)

2022-06-09 21:00:44 - [MESSAGE][PASSED] - Attribute 'href' of object 'Object Repository/1. Constant/xpath' is: 'http://mdb-release.diadeis.lan/MediaboxIndependence/Base/ExecAction?action=VoirRef&IDSession=MBI!RELTESTAUTO_DREYERS!B3TKU3P5MQCIRY0HDKHNGQPUH1ASUH71MH6LUBV7&num=4K8DHWEFV8&id_ref=5285#tab_lifecycle_SASStepC_12222'

2022-06-09 21:00:44 - [TEST_STEP][PASSED] - verifyMatch(StepC_11, "SASStepC", false): Actual text 'SASStepC' and expected text 'SASStepC' are matched 

2022-06-09 21:00:44 - [MESSAGE][PASSED] - Actual text 'SASStepC' and expected text 'SASStepC' are matched 

2022-06-09 21:00:44 - [TEST_STEP][PASSED] - StepC_4 = getText(findTestObject("1. Constant/xpath", ["xpath":"/html/body/div[1]/div[2]/div[8]/div[3]/div/div[3]/div[3]/div/div/div[3]/div/div[7]/div/div[1]/div[1]/h3"])): Text of object 'Object Repository/1. Constant/xpath' is: 'Phase 3.1 [Question]'

2022-06-09 21:00:45 - [MESSAGE][PASSED] - Text of object 'Object Repository/1. Constant/xpath' is: 'Phase 3.1 [Question]'

2022-06-09 21:00:45 - [TEST_STEP][PASSED] - verifyMatch(StepC_4, "Phase 3.1 [Question]", false): Actual text 'Phase 3.1 [Question]' and expected text 'Phase 3.1 [Question]' are matched 

2022-06-09 21:00:45 - [MESSAGE][PASSED] - Actual text 'Phase 3.1 [Question]' and expected text 'Phase 3.1 [Question]' are matched 

2022-06-09 21:00:45 - [TEST_STEP][PASSED] - Started_StepCP3_1 = getText(findTestObject("1. Constant/xpath", ["xpath":"/html/body/div[1]/div[2]/div[8]/div[3]/div/div[3]/div[3]/div/div/div[3]/div/div[7]/div/div[2]/div[1]"])): Text of object 'Object Repository/1. Constant/xpath' is: 'Started 06/09/22 03:00 PM'

2022-06-09 21:00:45 - [MESSAGE][PASSED] - Text of object 'Object Repository/1. Constant/xpath' is: 'Started 06/09/22 03:00 PM'

2022-06-09 21:00:45 - [TEST_STEP][PASSED] - if (Started_StepCP3_1.contains("Started")): Actual object '1' and expected object '1' are equal

2022-06-09 21:00:45 - [TEST_STEP][PASSED] - verifyEqual(1, 1): Actual object '1' and expected object '1' are equal

2022-06-09 21:00:45 - [MESSAGE][PASSED] - Actual object '1' and expected object '1' are equal

2022-06-09 21:00:45 - [TEST_STEP][PASSED] - verifyElementNotPresent(findTestObject("1. Constant/xpath", ["xpath":"/html/body/div[1]/div[2]/div[8]/div[3]/div/div[3]/div[3]/div/ul/li[4]/a"]), 10): Web element with id: 'Object Repository/1. Constant/xpath' located by 'By.xpath: /html/body/div[1]/div[2]/div[8]/div[3]/div/div[3]/div[3]/div/ul/li[4]/a' is not present after '10' second(s)

2022-06-09 21:00:46 - [MESSAGE][PASSED] - Web element with id: 'Object Repository/1. Constant/xpath' located by 'By.xpath: /html/body/div[1]/div[2]/div[8]/div[3]/div/div[3]/div[3]/div/ul/li[4]/a' is not present after '10' second(s)

2022-06-09 21:00:46 - [TEST_STEP][PASSED] - click(findTestObject("1. Constant/xpath", ["xpath":"/html/body/div[1]/div[2]/div[8]/div[2]/div/nav/ol/li[2]/a"])): Object: 'Object Repository/1. Constant/xpath' is clicked on

2022-06-09 21:00:48 - [MESSAGE][PASSED] - Object: 'Object Repository/1. Constant/xpath' is clicked on

2022-06-09 21:00:48 - [TEST_STEP][PASSED] - Lifecycle_Status1 = getText(findTestObject("1. Constant/xpath", ["xpath":"//*[@id="source_" + refID26 + ""]/td[11]/span[1]"])): Text of object 'Object Repository/1. Constant/xpath' is: 'Phase 3.1 [Question]'

2022-06-09 21:00:48 - [MESSAGE][PASSED] - Text of object 'Object Repository/1. Constant/xpath' is: 'Phase 3.1 [Question]'

2022-06-09 21:00:48 - [TEST_STEP][PASSED] - verifyMatch(Lifecycle_Status1, "Phase 3.1 [Question]", false): Actual text 'Phase 3.1 [Question]' and expected text 'Phase 3.1 [Question]' are matched 

2022-06-09 21:00:48 - [MESSAGE][PASSED] - Actual text 'Phase 3.1 [Question]' and expected text 'Phase 3.1 [Question]' are matched 

2022-06-09 21:00:48 - [TEST_STEP][PASSED] - I.Logout(): Delayed 3 second(s)

2022-06-09 21:00:51 - [MESSAGE][PASSED] - Delayed 3 second(s)

2022-06-09 21:00:52 - [MESSAGE][PASSED] - Object: 'Object Repository/1. Constant/xpath' is clicked on

2022-06-09 21:00:55 - [MESSAGE][PASSED] - Delayed 3 second(s)

2022-06-09 21:00:56 - [MESSAGE][PASSED] - Object: 'Object Repository/1. Constant/xpath' is clicked on

2022-06-09 21:00:59 - [MESSAGE][PASSED] - Delayed 3 second(s)

2022-06-09 21:00:59 - [TEST_STEP][PASSED] - I.Login_password("talexeeva", password_talexeeva): Object: 'Object Repository/1. Constant/xpath' is clicked on

2022-06-09 21:01:00 - [MESSAGE][PASSED] - Text 'talexeeva' is set on object 'Object Repository/1. Constant/xpath'

2022-06-09 21:01:01 - [MESSAGE][PASSED] - Delayed 1 second(s)

2022-06-09 21:01:01 - [MESSAGE][PASSED] - Text 'diadeis2' is set on object 'Object Repository/1. Constant/xpath'

2022-06-09 21:01:02 - [MESSAGE][PASSED] - Delayed 1 second(s)

2022-06-09 21:01:07 - [MESSAGE][PASSED] - Object: 'Object Repository/1. Constant/xpath' is clicked on

2022-06-09 21:01:07 - [TEST_STEP][PASSED] - click(findTestObject("1. Constant/02_LHSMenu_Projects")): Object: 'Object Repository/1. Constant/02_LHSMenu_Projects' is clicked on

2022-06-09 21:01:12 - [MESSAGE][PASSED] - Object: 'Object Repository/1. Constant/02_LHSMenu_Projects' is clicked on

2022-06-09 21:01:12 - [TEST_STEP][PASSED] - I.SearchProjectNo_xpath(Project_No, "//*[@id="keynum_project"]", "//*[@id="form_filters"]/div[4]/button"): Delayed 5 second(s)

2022-06-09 21:01:13 - [MESSAGE][PASSED] - Delayed 1 second(s)

2022-06-09 21:01:13 - [MESSAGE][PASSED] - Text 'MI000876' is set on object 'Object Repository/1. Constant/xpath'

2022-06-09 21:01:16 - [MESSAGE][PASSED] - Delayed 3 second(s)

2022-06-09 21:01:17 - [MESSAGE][PASSED] - Scroll to object 'Object Repository/1. Constant/xpath' successfully

2022-06-09 21:01:20 - [MESSAGE][PASSED] - Object: 'Object Repository/1. Constant/xpath' is clicked on

2022-06-09 21:01:25 - [MESSAGE][PASSED] - Delayed 5 second(s)

2022-06-09 21:01:25 - [TEST_STEP][PASSED] - I.SearchRefNo_xpath("P26_Auto", "//*[@id="fiche_filter_keywords11"]", "//*[@id="form_filters"]/div[3]/button"): Delayed 5 second(s)

2022-06-09 21:01:26 - [MESSAGE][PASSED] - Delayed 1 second(s)

2022-06-09 21:01:26 - [MESSAGE][PASSED] - Text 'P26_Auto' is set on object 'Object Repository/1. Constant/xpath'

2022-06-09 21:01:29 - [MESSAGE][PASSED] - Delayed 3 second(s)

2022-06-09 21:01:30 - [MESSAGE][PASSED] - Scroll to object 'Object Repository/1. Constant/xpath' successfully

2022-06-09 21:01:32 - [MESSAGE][PASSED] - Object: 'Object Repository/1. Constant/xpath' is clicked on

2022-06-09 21:01:37 - [MESSAGE][PASSED] - Delayed 5 second(s)

2022-06-09 21:01:37 - [TEST_STEP][PASSED] - takeScreenshot(): Taking screenshot successfully

2022-06-09 21:01:37 - [MESSAGE][PASSED] - Taking screenshot successfully
[[ATTACHMENT|D:\\Projet Test Auto\\Mediabox Test Automation\\Reports\\20220609_181011\\03. Parallel Testing (Testing)\\TS -PT PART 3\\14.05 Dreyers Support Action (Ongoing _ Completed ref) - PART 5\\20220609_181111\\1654801297461.png]]

2022-06-09 21:01:37 - [TEST_STEP][PASSED] - I.submitquesiton_ref(findTestObject("1. Constant/xpath", ["xpath":"//*[@id="source_" + refID26 + ""]/td[13]/div[1]/button"]), findTestObject("1. Constant/xpath", ["xpath":"//*[@id="source_" + refID26 + ""]/td[13]/div[1]/div/a[1]"])): Object: 'Object Repository/1. Constant/xpath' is clicked on

2022-06-09 21:01:38 - [MESSAGE][PASSED] - Object: 'Object Repository/1. Constant/xpath' is clicked on

2022-06-09 21:01:41 - [MESSAGE][PASSED] - Delayed 3 second(s)

2022-06-09 21:01:42 - [MESSAGE][PASSED] - Object: 'Object Repository/1. Constant/xpath' is clicked on

2022-06-09 21:01:42 - [TEST_STEP][PASSED] - click(findTestObject("1. Constant/xpath", ["xpath":"//*[@id="ModifFiche"]/div[1]/div/button[2]"])): Object: 'Object Repository/1. Constant/xpath' is clicked on

2022-06-09 21:01:47 - [MESSAGE][PASSED] - Object: 'Object Repository/1. Constant/xpath' is clicked on

2022-06-09 21:01:47 - [TEST_STEP][PASSED] - takeScreenshot(): Taking screenshot successfully

2022-06-09 21:01:48 - [MESSAGE][PASSED] - Taking screenshot successfully
[[ATTACHMENT|D:\\Projet Test Auto\\Mediabox Test Automation\\Reports\\20220609_181011\\03. Parallel Testing (Testing)\\TS -PT PART 3\\14.05 Dreyers Support Action (Ongoing _ Completed ref) - PART 5\\20220609_181111\\1654801307819.png]]

2022-06-09 21:01:48 - [TEST_STEP][PASSED] - Lifecycle_Status2 = getText(findTestObject("1. Constant/xpath", ["xpath":"//*[@id="source_" + refID26 + ""]/td[12]/span[1]"])): Text of object 'Object Repository/1. Constant/xpath' is: 'Phase 3.2 [Question]'

2022-06-09 21:01:48 - [MESSAGE][PASSED] - Text of object 'Object Repository/1. Constant/xpath' is: 'Phase 3.2 [Question]'

2022-06-09 21:01:48 - [TEST_STEP][PASSED] - verifyMatch(Lifecycle_Status2, "Phase 3.2 [Question]", false): Actual text 'Phase 3.2 [Question]' and expected text 'Phase 3.2 [Question]' are matched 

2022-06-09 21:01:48 - [MESSAGE][PASSED] - Actual text 'Phase 3.2 [Question]' and expected text 'Phase 3.2 [Question]' are matched 

2022-06-09 21:01:48 - [TEST_STEP][PASSED] - I.Logout(): Delayed 3 second(s)

2022-06-09 21:01:51 - [MESSAGE][PASSED] - Delayed 3 second(s)

2022-06-09 21:01:51 - [MESSAGE][PASSED] - Object: 'Object Repository/1. Constant/xpath' is clicked on

2022-06-09 21:01:54 - [MESSAGE][PASSED] - Delayed 3 second(s)

2022-06-09 21:01:56 - [MESSAGE][PASSED] - Object: 'Object Repository/1. Constant/xpath' is clicked on

2022-06-09 21:01:59 - [MESSAGE][PASSED] - Delayed 3 second(s)

2022-06-09 21:01:59 - [TEST_STEP][PASSED] - I.Login_password("nturner", password_nturner): Object: 'Object Repository/1. Constant/xpath' is clicked on

2022-06-09 21:01:59 - [MESSAGE][PASSED] - Text 'nturner' is set on object 'Object Repository/1. Constant/xpath'

2022-06-09 21:02:00 - [MESSAGE][PASSED] - Delayed 1 second(s)

2022-06-09 21:02:00 - [MESSAGE][PASSED] - Text 'diadeis1' is set on object 'Object Repository/1. Constant/xpath'

2022-06-09 21:02:01 - [MESSAGE][PASSED] - Delayed 1 second(s)

2022-06-09 21:02:04 - [MESSAGE][PASSED] - Object: 'Object Repository/1. Constant/xpath' is clicked on

2022-06-09 21:02:04 - [TEST_STEP][PASSED] - delay(1): Delayed 1 second(s)

2022-06-09 21:02:05 - [MESSAGE][PASSED] - Delayed 1 second(s)

2022-06-09 21:02:05 - [TEST_STEP][PASSED] - click(findTestObject("1. Constant/02_LHSMenu_Projects")): Object: 'Object Repository/1. Constant/02_LHSMenu_Projects' is clicked on

2022-06-09 21:02:07 - [MESSAGE][PASSED] - Object: 'Object Repository/1. Constant/02_LHSMenu_Projects' is clicked on

2022-06-09 21:02:07 - [TEST_STEP][PASSED] - I.SearchProjectNo_xpath(Project_No, "//*[@id="keynum_project"]", "//*[@id="form_filters"]/div[4]/button"): Delayed 5 second(s)

2022-06-09 21:02:08 - [MESSAGE][PASSED] - Delayed 1 second(s)

2022-06-09 21:02:09 - [MESSAGE][PASSED] - Text 'MI000876' is set on object 'Object Repository/1. Constant/xpath'

2022-06-09 21:02:12 - [MESSAGE][PASSED] - Delayed 3 second(s)

2022-06-09 21:02:12 - [MESSAGE][PASSED] - Scroll to object 'Object Repository/1. Constant/xpath' successfully

2022-06-09 21:02:16 - [MESSAGE][PASSED] - Object: 'Object Repository/1. Constant/xpath' is clicked on

2022-06-09 21:02:21 - [MESSAGE][PASSED] - Delayed 5 second(s)

2022-06-09 21:02:21 - [TEST_STEP][PASSED] - I.SearchRefNo_xpath("P26_Auto", "//*[@id="fiche_filter_keywords11"]", "//*[@id="form_filters"]/div[3]/button"): Delayed 5 second(s)

2022-06-09 21:02:22 - [MESSAGE][PASSED] - Delayed 1 second(s)

2022-06-09 21:02:22 - [MESSAGE][PASSED] - Text 'P26_Auto' is set on object 'Object Repository/1. Constant/xpath'

2022-06-09 21:02:25 - [MESSAGE][PASSED] - Delayed 3 second(s)

2022-06-09 21:02:25 - [MESSAGE][PASSED] - Scroll to object 'Object Repository/1. Constant/xpath' successfully

2022-06-09 21:02:28 - [MESSAGE][PASSED] - Object: 'Object Repository/1. Constant/xpath' is clicked on

2022-06-09 21:02:33 - [MESSAGE][PASSED] - Delayed 5 second(s)

2022-06-09 21:02:33 - [TEST_STEP][PASSED] - takeScreenshot(): Taking screenshot successfully

2022-06-09 21:02:34 - [MESSAGE][PASSED] - Taking screenshot successfully
[[ATTACHMENT|D:\\Projet Test Auto\\Mediabox Test Automation\\Reports\\20220609_181011\\03. Parallel Testing (Testing)\\TS -PT PART 3\\14.05 Dreyers Support Action (Ongoing _ Completed ref) - PART 5\\20220609_181111\\1654801353890.png]]

2022-06-09 21:02:34 - [TEST_STEP][PASSED] - I.submitquesiton_ref(findTestObject("1. Constant/xpath", ["xpath":"//*[@id="source_" + refID26 + ""]/td[13]/div/button"]), findTestObject("1. Constant/xpath", ["xpath":"//*[@id="source_" + refID26 + ""]/td[13]/div/div/a[1]"])): Object: 'Object Repository/1. Constant/xpath' is clicked on

2022-06-09 21:02:34 - [MESSAGE][PASSED] - Object: 'Object Repository/1. Constant/xpath' is clicked on

2022-06-09 21:02:37 - [MESSAGE][PASSED] - Delayed 3 second(s)

2022-06-09 21:02:39 - [MESSAGE][PASSED] - Object: 'Object Repository/1. Constant/xpath' is clicked on

2022-06-09 21:02:39 - [TEST_STEP][PASSED] - click(findTestObject("1. Constant/xpath", ["xpath":"//*[@id="ModifFiche"]/div[1]/div/button[2]"])): Object: 'Object Repository/1. Constant/xpath' is clicked on

2022-06-09 21:02:44 - [MESSAGE][PASSED] - Object: 'Object Repository/1. Constant/xpath' is clicked on

2022-06-09 21:02:44 - [TEST_STEP][PASSED] - Lifecycle_Status3 = getText(findTestObject("1. Constant/xpath", ["xpath":"//*[@id="source_" + refID26 + ""]/td[12]/span[1]"])): Text of object 'Object Repository/1. Constant/xpath' is: 'Phase 3.3 [Standard]'

2022-06-09 21:02:44 - [MESSAGE][PASSED] - Text of object 'Object Repository/1. Constant/xpath' is: 'Phase 3.3 [Standard]'

2022-06-09 21:02:44 - [TEST_STEP][PASSED] - verifyMatch(Lifecycle_Status3, "Phase 3.3 [Standard]", false): Actual text 'Phase 3.3 [Standard]' and expected text 'Phase 3.3 [Standard]' are matched 

2022-06-09 21:02:44 - [MESSAGE][PASSED] - Actual text 'Phase 3.3 [Standard]' and expected text 'Phase 3.3 [Standard]' are matched 

2022-06-09 21:02:44 - [TEST_STEP][PASSED] - takeScreenshot(): Taking screenshot successfully

2022-06-09 21:02:45 - [MESSAGE][PASSED] - Taking screenshot successfully
[[ATTACHMENT|D:\\Projet Test Auto\\Mediabox Test Automation\\Reports\\20220609_181011\\03. Parallel Testing (Testing)\\TS -PT PART 3\\14.05 Dreyers Support Action (Ongoing _ Completed ref) - PART 5\\20220609_181111\\1654801364932.png]]

2022-06-09 21:02:45 - [TEST_STEP][PASSED] - I.Logout(): Delayed 3 second(s)

2022-06-09 21:02:48 - [MESSAGE][PASSED] - Delayed 3 second(s)

2022-06-09 21:02:48 - [MESSAGE][PASSED] - Object: 'Object Repository/1. Constant/xpath' is clicked on

2022-06-09 21:02:51 - [MESSAGE][PASSED] - Delayed 3 second(s)

2022-06-09 21:02:53 - [MESSAGE][PASSED] - Object: 'Object Repository/1. Constant/xpath' is clicked on

2022-06-09 21:02:56 - [MESSAGE][PASSED] - Delayed 3 second(s)

2022-06-09 21:02:56 - [TEST_STEP][PASSED] - I.Login_password("jryan", password_jryan): Object: 'Object Repository/1. Constant/xpath' is clicked on

2022-06-09 21:02:56 - [MESSAGE][PASSED] - Text 'jryan' is set on object 'Object Repository/1. Constant/xpath'

2022-06-09 21:02:57 - [MESSAGE][PASSED] - Delayed 1 second(s)

2022-06-09 21:02:58 - [MESSAGE][PASSED] - Text 'diadeis' is set on object 'Object Repository/1. Constant/xpath'

2022-06-09 21:02:59 - [MESSAGE][PASSED] - Delayed 1 second(s)

2022-06-09 21:03:03 - [MESSAGE][PASSED] - Object: 'Object Repository/1. Constant/xpath' is clicked on

2022-06-09 21:03:03 - [TEST_STEP][PASSED] - click(findTestObject("1. Constant/02_LHSMenu_Projects")): Object: 'Object Repository/1. Constant/02_LHSMenu_Projects' is clicked on

2022-06-09 21:03:07 - [MESSAGE][PASSED] - Object: 'Object Repository/1. Constant/02_LHSMenu_Projects' is clicked on

2022-06-09 21:03:07 - [TEST_STEP][PASSED] - I.SearchProjectNo_xpath(Project_No, "//*[@id="keynum_project"]", "//*[@id="form_filters"]/div[4]/button"): Delayed 5 second(s)

2022-06-09 21:03:08 - [MESSAGE][PASSED] - Delayed 1 second(s)

2022-06-09 21:03:09 - [MESSAGE][PASSED] - Text 'MI000876' is set on object 'Object Repository/1. Constant/xpath'

2022-06-09 21:03:12 - [MESSAGE][PASSED] - Delayed 3 second(s)

2022-06-09 21:03:12 - [MESSAGE][PASSED] - Scroll to object 'Object Repository/1. Constant/xpath' successfully

2022-06-09 21:03:17 - [MESSAGE][PASSED] - Object: 'Object Repository/1. Constant/xpath' is clicked on

2022-06-09 21:03:22 - [MESSAGE][PASSED] - Delayed 5 second(s)

2022-06-09 21:03:22 - [TEST_STEP][PASSED] - I.SearchRefNo_xpath("P26_Auto", "//*[@id="fiche_filter_keywords11"]", "//*[@id="form_filters"]/div[3]/button"): Delayed 5 second(s)

2022-06-09 21:03:23 - [MESSAGE][PASSED] - Delayed 1 second(s)

2022-06-09 21:03:25 - [MESSAGE][PASSED] - Text 'P26_Auto' is set on object 'Object Repository/1. Constant/xpath'

2022-06-09 21:03:28 - [MESSAGE][PASSED] - Delayed 3 second(s)

2022-06-09 21:03:30 - [MESSAGE][PASSED] - Scroll to object 'Object Repository/1. Constant/xpath' successfully

2022-06-09 21:03:33 - [MESSAGE][PASSED] - Object: 'Object Repository/1. Constant/xpath' is clicked on

2022-06-09 21:03:38 - [MESSAGE][PASSED] - Delayed 5 second(s)

2022-06-09 21:03:38 - [TEST_STEP][PASSED] - takeScreenshot(): Taking screenshot successfully

2022-06-09 21:03:38 - [MESSAGE][PASSED] - Taking screenshot successfully
[[ATTACHMENT|D:\\Projet Test Auto\\Mediabox Test Automation\\Reports\\20220609_181011\\03. Parallel Testing (Testing)\\TS -PT PART 3\\14.05 Dreyers Support Action (Ongoing _ Completed ref) - PART 5\\20220609_181111\\1654801418642.png]]

2022-06-09 21:03:38 - [TEST_STEP][PASSED] - click(findTestObject("1. Constant/xpath", ["xpath":"//*[@id="source_" + refID26 + ""]/td[14]/a[2]"])): Object: 'Object Repository/1. Constant/xpath' is clicked on

2022-06-09 21:03:42 - [MESSAGE][PASSED] - Object: 'Object Repository/1. Constant/xpath' is clicked on

2022-06-09 21:03:42 - [TEST_STEP][PASSED] - click(findTestObject("1. Constant/xpath", ["xpath":"//*[@id="ModifFiche"]/div[1]/div/button[2]"])): Object: 'Object Repository/1. Constant/xpath' is clicked on

2022-06-09 21:03:49 - [MESSAGE][PASSED] - Object: 'Object Repository/1. Constant/xpath' is clicked on

2022-06-09 21:03:49 - [TEST_STEP][PASSED] - Lifecycle_Status4 = getText(findTestObject("1. Constant/xpath", ["xpath":"//*[@id="source_" + refID26 + ""]/td[12]/span[1]"])): Text of object 'Object Repository/1. Constant/xpath' is: 'Phase 3.4 [Standard]'

2022-06-09 21:03:50 - [MESSAGE][PASSED] - Text of object 'Object Repository/1. Constant/xpath' is: 'Phase 3.4 [Standard]'

2022-06-09 21:03:50 - [TEST_STEP][PASSED] - verifyMatch(Lifecycle_Status4, "Phase 3.4 [Standard]", false): Actual text 'Phase 3.4 [Standard]' and expected text 'Phase 3.4 [Standard]' are matched 

2022-06-09 21:03:50 - [MESSAGE][PASSED] - Actual text 'Phase 3.4 [Standard]' and expected text 'Phase 3.4 [Standard]' are matched 

2022-06-09 21:03:50 - [TEST_STEP][PASSED] - takeScreenshot(): Taking screenshot successfully

2022-06-09 21:03:52 - [MESSAGE][PASSED] - Taking screenshot successfully
[[ATTACHMENT|D:\\Projet Test Auto\\Mediabox Test Automation\\Reports\\20220609_181011\\03. Parallel Testing (Testing)\\TS -PT PART 3\\14.05 Dreyers Support Action (Ongoing _ Completed ref) - PART 5\\20220609_181111\\1654801431256.png]]

2022-06-09 21:03:52 - [TEST_STEP][PASSED] - I.Logout(): Delayed 3 second(s)

2022-06-09 21:03:55 - [MESSAGE][PASSED] - Delayed 3 second(s)

2022-06-09 21:03:57 - [MESSAGE][PASSED] - Object: 'Object Repository/1. Constant/xpath' is clicked on

2022-06-09 21:04:00 - [MESSAGE][PASSED] - Delayed 3 second(s)

2022-06-09 21:04:07 - [MESSAGE][PASSED] - Object: 'Object Repository/1. Constant/xpath' is clicked on

2022-06-09 21:04:10 - [MESSAGE][PASSED] - Delayed 3 second(s)

2022-06-09 21:04:10 - [TEST_STEP][PASSED] - I.Login_password("nturner", password_nturner): Object: 'Object Repository/1. Constant/xpath' is clicked on

2022-06-09 21:04:15 - [MESSAGE][PASSED] - Text 'nturner' is set on object 'Object Repository/1. Constant/xpath'

2022-06-09 21:04:16 - [MESSAGE][PASSED] - Delayed 1 second(s)

2022-06-09 21:04:17 - [MESSAGE][PASSED] - Text 'diadeis1' is set on object 'Object Repository/1. Constant/xpath'

2022-06-09 21:04:18 - [MESSAGE][PASSED] - Delayed 1 second(s)

2022-06-09 21:04:27 - [MESSAGE][PASSED] - Object: 'Object Repository/1. Constant/xpath' is clicked on

2022-06-09 21:04:27 - [TEST_STEP][PASSED] - click(findTestObject("1. Constant/02_LHSMenu_Projects")): Object: 'Object Repository/1. Constant/02_LHSMenu_Projects' is clicked on

2022-06-09 21:04:32 - [MESSAGE][PASSED] - Object: 'Object Repository/1. Constant/02_LHSMenu_Projects' is clicked on

2022-06-09 21:04:32 - [TEST_STEP][PASSED] - I.SearchProjectNo_xpath(Project_No, "//*[@id="keynum_project"]", "//*[@id="form_filters"]/div[4]/button"): Delayed 5 second(s)

2022-06-09 21:04:33 - [MESSAGE][PASSED] - Delayed 1 second(s)

2022-06-09 21:04:36 - [MESSAGE][PASSED] - Text 'MI000876' is set on object 'Object Repository/1. Constant/xpath'

2022-06-09 21:04:39 - [MESSAGE][PASSED] - Delayed 3 second(s)

2022-06-09 21:04:41 - [MESSAGE][PASSED] - Scroll to object 'Object Repository/1. Constant/xpath' successfully

2022-06-09 21:04:47 - [MESSAGE][PASSED] - Object: 'Object Repository/1. Constant/xpath' is clicked on

2022-06-09 21:04:52 - [MESSAGE][PASSED] - Delayed 5 second(s)

2022-06-09 21:04:52 - [TEST_STEP][PASSED] - I.SearchRefNo_xpath("P26_Auto", "//*[@id="fiche_filter_keywords11"]", "//*[@id="form_filters"]/div[3]/button"): Delayed 5 second(s)

2022-06-09 21:04:53 - [MESSAGE][PASSED] - Delayed 1 second(s)

2022-06-09 21:04:56 - [MESSAGE][PASSED] - Text 'P26_Auto' is set on object 'Object Repository/1. Constant/xpath'

2022-06-09 21:04:59 - [MESSAGE][PASSED] - Delayed 3 second(s)

2022-06-09 21:05:01 - [MESSAGE][PASSED] - Scroll to object 'Object Repository/1. Constant/xpath' successfully

2022-06-09 21:05:06 - [MESSAGE][PASSED] - Object: 'Object Repository/1. Constant/xpath' is clicked on

2022-06-09 21:05:11 - [MESSAGE][PASSED] - Delayed 5 second(s)

2022-06-09 21:05:11 - [TEST_STEP][PASSED] - takeScreenshot(): Taking screenshot successfully

2022-06-09 21:05:13 - [MESSAGE][PASSED] - Taking screenshot successfully
[[ATTACHMENT|D:\\Projet Test Auto\\Mediabox Test Automation\\Reports\\20220609_181011\\03. Parallel Testing (Testing)\\TS -PT PART 3\\14.05 Dreyers Support Action (Ongoing _ Completed ref) - PART 5\\20220609_181111\\1654801512353.png]]

2022-06-09 21:05:13 - [TEST_STEP][PASSED] - click(findTestObject("1. Constant/xpath", ["xpath":"//*[@id="source_" + refID26 + ""]/td[13]/a[2]"])): Object: 'Object Repository/1. Constant/xpath' is clicked on

2022-06-09 21:05:16 - [MESSAGE][PASSED] - Object: 'Object Repository/1. Constant/xpath' is clicked on

2022-06-09 21:05:16 - [TEST_STEP][PASSED] - click(findTestObject("1. Constant/xpath", ["xpath":"//*[@id="ModifFiche"]/div[1]/div/button[2]"])): Object: 'Object Repository/1. Constant/xpath' is clicked on

2022-06-09 21:05:20 - [MESSAGE][PASSED] - Object: 'Object Repository/1. Constant/xpath' is clicked on

2022-06-09 21:05:20 - [TEST_STEP][PASSED] - Lifecycle_Status5 = getText(findTestObject("1. Constant/xpath", ["xpath":"//*[@id="source_" + refID26 + ""]/td[12]/span[1]"])): Text of object 'Object Repository/1. Constant/xpath' is: 'Phase 3.5[Prod]'

2022-06-09 21:05:21 - [MESSAGE][PASSED] - Text of object 'Object Repository/1. Constant/xpath' is: 'Phase 3.5[Prod]'

2022-06-09 21:05:21 - [TEST_STEP][PASSED] - verifyMatch(Lifecycle_Status5, "Phase 3.5[Prod]", false): Actual text 'Phase 3.5[Prod]' and expected text 'Phase 3.5[Prod]' are matched 

2022-06-09 21:05:21 - [MESSAGE][PASSED] - Actual text 'Phase 3.5[Prod]' and expected text 'Phase 3.5[Prod]' are matched 

2022-06-09 21:05:21 - [TEST_STEP][PASSED] - takeScreenshot(): Taking screenshot successfully

2022-06-09 21:05:21 - [MESSAGE][PASSED] - Taking screenshot successfully
[[ATTACHMENT|D:\\Projet Test Auto\\Mediabox Test Automation\\Reports\\20220609_181011\\03. Parallel Testing (Testing)\\TS -PT PART 3\\14.05 Dreyers Support Action (Ongoing _ Completed ref) - PART 5\\20220609_181111\\1654801521312.png]]

2022-06-09 21:05:21 - [TEST_STEP][PASSED] - I.Logout(): Delayed 3 second(s)

2022-06-09 21:05:24 - [MESSAGE][PASSED] - Delayed 3 second(s)

2022-06-09 21:05:25 - [MESSAGE][PASSED] - Object: 'Object Repository/1. Constant/xpath' is clicked on

2022-06-09 21:05:28 - [MESSAGE][PASSED] - Delayed 3 second(s)

2022-06-09 21:05:30 - [MESSAGE][PASSED] - Object: 'Object Repository/1. Constant/xpath' is clicked on

2022-06-09 21:05:33 - [MESSAGE][PASSED] - Delayed 3 second(s)

2022-06-09 21:05:33 - [TEST_STEP][PASSED] - I.Login_password("lmary", password_lmary): Object: 'Object Repository/1. Constant/xpath' is clicked on

2022-06-09 21:05:33 - [MESSAGE][PASSED] - Text 'lmary' is set on object 'Object Repository/1. Constant/xpath'

2022-06-09 21:05:34 - [MESSAGE][PASSED] - Delayed 1 second(s)

2022-06-09 21:05:35 - [MESSAGE][PASSED] - Text 'diadeis' is set on object 'Object Repository/1. Constant/xpath'

2022-06-09 21:05:36 - [MESSAGE][PASSED] - Delayed 1 second(s)

2022-06-09 21:05:39 - [MESSAGE][PASSED] - Object: 'Object Repository/1. Constant/xpath' is clicked on

2022-06-09 21:05:39 - [TEST_STEP][PASSED] - click(findTestObject("1. Constant/02_LHSMenu_Projects")): Object: 'Object Repository/1. Constant/02_LHSMenu_Projects' is clicked on

2022-06-09 21:05:41 - [MESSAGE][PASSED] - Object: 'Object Repository/1. Constant/02_LHSMenu_Projects' is clicked on

2022-06-09 21:05:41 - [TEST_STEP][PASSED] - I.SearchProjectNo_xpath(Project_No, "//*[@id="keynum_project"]", "//*[@id="form_filters"]/div[4]/button"): Delayed 5 second(s)

2022-06-09 21:05:42 - [MESSAGE][PASSED] - Delayed 1 second(s)

2022-06-09 21:05:42 - [MESSAGE][PASSED] - Text 'MI000876' is set on object 'Object Repository/1. Constant/xpath'

2022-06-09 21:05:45 - [MESSAGE][PASSED] - Delayed 3 second(s)

2022-06-09 21:05:48 - [MESSAGE][PASSED] - Scroll to object 'Object Repository/1. Constant/xpath' successfully

2022-06-09 21:05:56 - [MESSAGE][PASSED] - Object: 'Object Repository/1. Constant/xpath' is clicked on

2022-06-09 21:06:01 - [MESSAGE][PASSED] - Delayed 5 second(s)

2022-06-09 21:06:01 - [TEST_STEP][PASSED] - takeScreenshot(): Taking screenshot successfully

2022-06-09 21:06:01 - [MESSAGE][PASSED] - Taking screenshot successfully
[[ATTACHMENT|D:\\Projet Test Auto\\Mediabox Test Automation\\Reports\\20220609_181011\\03. Parallel Testing (Testing)\\TS -PT PART 3\\14.05 Dreyers Support Action (Ongoing _ Completed ref) - PART 5\\20220609_181111\\1654801561241.png]]

2022-06-09 21:06:01 - [TEST_STEP][PASSED] - I.SearchRefNo_xpath("P26_Auto", "//*[@id="fiche_filter_keywords11"]", "//*[@id="form_filters"]/div[3]/button"): Delayed 5 second(s)

2022-06-09 21:06:02 - [MESSAGE][PASSED] - Delayed 1 second(s)

2022-06-09 21:06:03 - [MESSAGE][PASSED] - Text 'P26_Auto' is set on object 'Object Repository/1. Constant/xpath'

2022-06-09 21:06:06 - [MESSAGE][PASSED] - Delayed 3 second(s)

2022-06-09 21:06:06 - [MESSAGE][PASSED] - Scroll to object 'Object Repository/1. Constant/xpath' successfully

2022-06-09 21:06:09 - [MESSAGE][PASSED] - Object: 'Object Repository/1. Constant/xpath' is clicked on

2022-06-09 21:06:14 - [MESSAGE][PASSED] - Delayed 5 second(s)

2022-06-09 21:06:14 - [TEST_STEP][PASSED] - takeScreenshot(): Taking screenshot successfully

2022-06-09 21:06:14 - [MESSAGE][PASSED] - Taking screenshot successfully
[[ATTACHMENT|D:\\Projet Test Auto\\Mediabox Test Automation\\Reports\\20220609_181011\\03. Parallel Testing (Testing)\\TS -PT PART 3\\14.05 Dreyers Support Action (Ongoing _ Completed ref) - PART 5\\20220609_181111\\1654801574351.png]]

2022-06-09 21:06:14 - [TEST_STEP][PASSED] - color3 = getCSSValue(findTestObject("1. Constant/xpath", ["xpath":"//*[@id="source_" + refID26 + ""]/td[13]/a"]), "color", OPTIONAL): Get CSS 'color' value on 'Object Repository/1. Constant/xpath' successfully: 'rgba(255, 255, 255, 1)'.

2022-06-09 21:06:14 - [MESSAGE][PASSED] - Get CSS 'color' value on 'Object Repository/1. Constant/xpath' successfully: 'rgba(255, 255, 255, 1)'.

2022-06-09 21:06:14 - [TEST_STEP][PASSED] - while (color3 == "rgba(255, 255, 255, 1)"): Get CSS 'color' value on 'Object Repository/1. Constant/xpath' successfully: 'rgba(54, 153, 255, 1)'.

2022-06-09 21:06:14 - [TEST_STEP][PASSED] - click(findTestObject("1. Constant/xpath", ["xpath":"//*[@id="source_" + refID26 + ""]/td[13]/a"])): Object: 'Object Repository/1. Constant/xpath' is clicked on

2022-06-09 21:06:16 - [MESSAGE][PASSED] - Object: 'Object Repository/1. Constant/xpath' is clicked on

2022-06-09 21:06:16 - [TEST_STEP][PASSED] - selectOptionByValue(findTestObject("1. Constant/xpath", ["xpath":"//*[@id="id_approval_flow_tpl"]"]), "80", false): All options with value '80' are selected in object 'Object Repository/1. Constant/xpath' 

2022-06-09 21:06:16 - [MESSAGE][PASSED] - All options with value '80' are selected in object 'Object Repository/1. Constant/xpath' 

2022-06-09 21:06:16 - [TEST_STEP][PASSED] - I.UploadDoc_sendkey_Prod(findTestObject("1. Constant/xpath", ["xpath":"//*[@id="kt_body"]/input[2]"]), "D:\Upoad_File\Upload doc\testdata1.jpg", "testdata1"): Delayed 5 second(s)

2022-06-09 21:06:17 - [MESSAGE][PASSED] - Scroll to object 'Object Repository/1. Constant/xpath' successfully

2022-06-09 21:06:22 - [MESSAGE][PASSED] - Delayed 5 second(s)

2022-06-09 21:06:22 - [MESSAGE][PASSED] - File 'D:\Upoad_File\Upload doc\testdata1.jpg' sent to object: 'Object Repository/1. Constant/xpath'

2022-06-09 21:06:27 - [MESSAGE][PASSED] - Delayed 5 second(s)

2022-06-09 21:06:27 - [MESSAGE][PASSED] - Text 'testdata1' is present on page 

2022-06-09 21:06:32 - [MESSAGE][PASSED] - Delayed 5 second(s)

2022-06-09 21:06:38 - [MESSAGE][PASSED] - Delayed 5 second(s)

2022-06-09 21:06:38 - [TEST_STEP][PASSED] - takeScreenshot(): Taking screenshot successfully

2022-06-09 21:06:38 - [MESSAGE][PASSED] - Taking screenshot successfully
[[ATTACHMENT|D:\\Projet Test Auto\\Mediabox Test Automation\\Reports\\20220609_181011\\03. Parallel Testing (Testing)\\TS -PT PART 3\\14.05 Dreyers Support Action (Ongoing _ Completed ref) - PART 5\\20220609_181111\\1654801598182.png]]

2022-06-09 21:06:38 - [TEST_STEP][PASSED] - delay(8): Delayed 8 second(s)

2022-06-09 21:06:46 - [MESSAGE][PASSED] - Delayed 8 second(s)

2022-06-09 21:06:46 - [TEST_STEP][PASSED] - click(findTestObject("HL Full Lifecycle/12 ReferncePage_Button_Updatensenddoc")): Object: 'Object Repository/HL Full Lifecycle/12 ReferncePage_Button_Updatensenddoc' is clicked on

2022-06-09 21:06:49 - [MESSAGE][PASSED] - Object: 'Object Repository/HL Full Lifecycle/12 ReferncePage_Button_Updatensenddoc' is clicked on

2022-06-09 21:06:49 - [TEST_STEP][PASSED] - delay(4): Delayed 4 second(s)

2022-06-09 21:06:53 - [MESSAGE][PASSED] - Delayed 4 second(s)

2022-06-09 21:06:53 - [TEST_STEP][PASSED] - color3 = getCSSValue(findTestObject("1. Constant/xpath", ["xpath":"//*[@id="source_" + refID26 + ""]/td[13]/a"]), "color", OPTIONAL): Get CSS 'color' value on 'Object Repository/1. Constant/xpath' successfully: 'rgba(54, 153, 255, 1)'.

2022-06-09 21:06:54 - [MESSAGE][PASSED] - Get CSS 'color' value on 'Object Repository/1. Constant/xpath' successfully: 'rgba(54, 153, 255, 1)'.

2022-06-09 21:06:54 - [TEST_STEP][PASSED] - I.Logout(): Delayed 3 second(s)

2022-06-09 21:06:57 - [MESSAGE][PASSED] - Delayed 3 second(s)

2022-06-09 21:06:57 - [MESSAGE][PASSED] - Object: 'Object Repository/1. Constant/xpath' is clicked on

2022-06-09 21:07:00 - [MESSAGE][PASSED] - Delayed 3 second(s)

2022-06-09 21:07:01 - [MESSAGE][PASSED] - Object: 'Object Repository/1. Constant/xpath' is clicked on

2022-06-09 21:07:04 - [MESSAGE][PASSED] - Delayed 3 second(s)

2022-06-09 21:07:04 - [TEST_STEP][PASSED] - I.Login_password("blemco", password_blemco): Object: 'Object Repository/1. Constant/xpath' is clicked on

2022-06-09 21:07:05 - [MESSAGE][PASSED] - Text 'blemco' is set on object 'Object Repository/1. Constant/xpath'

2022-06-09 21:07:06 - [MESSAGE][PASSED] - Delayed 1 second(s)

2022-06-09 21:07:06 - [MESSAGE][PASSED] - Text 'diadeis1' is set on object 'Object Repository/1. Constant/xpath'

2022-06-09 21:07:07 - [MESSAGE][PASSED] - Delayed 1 second(s)

2022-06-09 21:07:12 - [MESSAGE][PASSED] - Object: 'Object Repository/1. Constant/xpath' is clicked on

2022-06-09 21:07:12 - [TEST_STEP][PASSED] - click(findTestObject("1. Constant/02_LHSMenu_Projects")): Object: 'Object Repository/1. Constant/02_LHSMenu_Projects' is clicked on

2022-06-09 21:07:16 - [MESSAGE][PASSED] - Object: 'Object Repository/1. Constant/02_LHSMenu_Projects' is clicked on

2022-06-09 21:07:16 - [TEST_STEP][PASSED] - I.SearchProjectNo_xpath(Project_No, "//*[@id="keynum_project"]", "//*[@id="form_filters"]/div[4]/button"): Delayed 5 second(s)

2022-06-09 21:07:17 - [MESSAGE][PASSED] - Delayed 1 second(s)

2022-06-09 21:07:17 - [MESSAGE][PASSED] - Text 'MI000876' is set on object 'Object Repository/1. Constant/xpath'

2022-06-09 21:07:20 - [MESSAGE][PASSED] - Delayed 3 second(s)

2022-06-09 21:07:20 - [MESSAGE][PASSED] - Scroll to object 'Object Repository/1. Constant/xpath' successfully

2022-06-09 21:07:24 - [MESSAGE][PASSED] - Object: 'Object Repository/1. Constant/xpath' is clicked on

2022-06-09 21:07:29 - [MESSAGE][PASSED] - Delayed 5 second(s)

2022-06-09 21:07:29 - [TEST_STEP][PASSED] - I.SearchRefNo_xpath("P26_Auto", "//*[@id="fiche_filter_keywords11"]", "//*[@id="form_filters"]/div[3]/button"): Delayed 5 second(s)

2022-06-09 21:07:30 - [MESSAGE][PASSED] - Delayed 1 second(s)

2022-06-09 21:07:32 - [MESSAGE][PASSED] - Text 'P26_Auto' is set on object 'Object Repository/1. Constant/xpath'

2022-06-09 21:07:35 - [MESSAGE][PASSED] - Delayed 3 second(s)

2022-06-09 21:07:35 - [MESSAGE][PASSED] - Scroll to object 'Object Repository/1. Constant/xpath' successfully

2022-06-09 21:07:37 - [MESSAGE][PASSED] - Object: 'Object Repository/1. Constant/xpath' is clicked on

2022-06-09 21:07:42 - [MESSAGE][PASSED] - Delayed 5 second(s)

2022-06-09 21:07:42 - [TEST_STEP][PASSED] - takeScreenshot(): Taking screenshot successfully

2022-06-09 21:07:43 - [MESSAGE][PASSED] - Taking screenshot successfully
[[ATTACHMENT|D:\\Projet Test Auto\\Mediabox Test Automation\\Reports\\20220609_181011\\03. Parallel Testing (Testing)\\TS -PT PART 3\\14.05 Dreyers Support Action (Ongoing _ Completed ref) - PART 5\\20220609_181111\\1654801663011.png]]

2022-06-09 21:07:43 - [TEST_STEP][PASSED] - I.AWF_approve_byaction(findTestObject("1. Constant/xpath", ["xpath":"//*[@id="source_" + refID26 + ""]/td[13]/a[2]"])): Object: 'Object Repository/HL Full Lifecycle/Function_Appbutton2' is clicked on

2022-06-09 21:07:48 - [MESSAGE][PASSED] - Delayed 5 second(s)

2022-06-09 21:07:50 - [MESSAGE][PASSED] - Object: 'Object Repository/1. Constant/xpath' is clicked on

2022-06-09 21:07:52 - [MESSAGE][PASSED] - Object: 'Object Repository/HL Full Lifecycle/Function_access Viewer2' is hovered

2022-06-09 21:07:55 - [MESSAGE][PASSED] - Delayed 3 second(s)

2022-06-09 21:07:56 - [MESSAGE][PASSED] - Object: 'Object Repository/HL Full Lifecycle/Function_access Viewer2' is clicked on

2022-06-09 21:08:01 - [MESSAGE][PASSED] - Delayed 5 second(s)

2022-06-09 21:08:02 - [MESSAGE][PASSED] - Object: 'Object Repository/HL Full Lifecycle/Function_AppButton' is clicked on

2022-06-09 21:08:07 - [MESSAGE][PASSED] - Delayed 5 second(s)

2022-06-09 21:08:10 - [MESSAGE][PASSED] - Object: 'Object Repository/HL Full Lifecycle/Function_Appbutton2' is clicked on

2022-06-09 21:08:10 - [TEST_STEP][PASSED] - Lifecycle_Status6 = getText(findTestObject("1. Constant/xpath", ["xpath":"//*[@id="source_" + refID26 + ""]/td[12]/span[1]"])): Text of object 'Object Repository/1. Constant/xpath' is: 'Complete'

2022-06-09 21:08:10 - [MESSAGE][PASSED] - Text of object 'Object Repository/1. Constant/xpath' is: 'Complete'

2022-06-09 21:08:10 - [TEST_STEP][PASSED] - verifyMatch(Lifecycle_Status6, "Complete", false): Actual text 'Complete' and expected text 'Complete' are matched 

2022-06-09 21:08:10 - [MESSAGE][PASSED] - Actual text 'Complete' and expected text 'Complete' are matched 

2022-06-09 21:08:10 - [TEST_STEP][PASSED] - takeScreenshot(): Taking screenshot successfully

2022-06-09 21:08:10 - [MESSAGE][PASSED] - Taking screenshot successfully
[[ATTACHMENT|D:\\Projet Test Auto\\Mediabox Test Automation\\Reports\\20220609_181011\\03. Parallel Testing (Testing)\\TS -PT PART 3\\14.05 Dreyers Support Action (Ongoing _ Completed ref) - PART 5\\20220609_181111\\1654801690352.png]]

2022-06-09 21:08:10 - [TEST_STEP][PASSED] - I.writenotepad("D:\Upoad_File\Projet_ Login\Dreyers\19.1\19.26_Dreyers_refID26.txt", refID26): null

2022-06-09 21:08:10 - [TEST_STEP][PASSED] - closeBrowser(): Browser is closed

2022-06-09 21:08:14 - [MESSAGE][PASSED] - Browser is closed

2022-06-09 21:08:14 - [TEST_STEP][PASSED] - Start listener action : sampleAfterTestCase: null]]></system-out>
         <system-err><![CDATA[]]></system-err>
      </testcase>
      <testcase name="Test Cases/19. Dreyers Support Action (Ongoing ref_completed)/19.27 Dreyers SAS Add Phase group (Completed) S34 - Used P26_P27" time="201.898" classname="Test Cases/19. Dreyers Support Action (Ongoing ref_completed)/19.27 Dreyers SAS Add Phase group (Completed) S34 - Used P26_P27" status="PASSED">
         <system-out><![CDATA[2022-06-09 21:08:14 - [TEST_CASE][PASSED] - Test Cases/19. Dreyers Support Action (Ongoing ref_completed)/19.27 Dreyers SAS Add Phase group (Completed) S34 - Used P26_P27: Test Cases/19. Dreyers Support Action (Ongoing ref_completed)/19.27 Dreyers SAS Add Phase group (Completed) S34 - Used P26_P27

2022-06-09 21:08:15 - [TEST_STEP][PASSED] - data_Dreyers = findTestData("Data Files/Username_Password/Dreyer"): null

2022-06-09 21:08:15 - [TEST_STEP][PASSED] - password_suser = data_Dreyers.getValue(2, 1): null

2022-06-09 21:08:15 - [TEST_STEP][PASSED] - password_blemco = data_Dreyers.getValue(2, 2): null

2022-06-09 21:08:15 - [TEST_STEP][PASSED] - password_nturner = data_Dreyers.getValue(2, 6): null

2022-06-09 21:08:15 - [TEST_STEP][PASSED] - data_urlRELAUTO = findTestData("Data Files/URL/URL_relauto"): null

2022-06-09 21:08:15 - [TEST_STEP][PASSED] - Url_Dreyer = data_urlRELAUTO.getValue(2, 4): null

2022-06-09 21:08:15 - [TEST_STEP][PASSED] - Project_No = I.readnotepad("D:\Upoad_File\Projet_ Login\Dreyers\19.1\19.1_Dreyers_ProjectNo.txt"): null

2022-06-09 21:08:15 - [TEST_STEP][PASSED] - refID = I.readnotepad("D:\Upoad_File\Projet_ Login\Dreyers\19.1\19.1_Dreyers_refID.txt"): null

2022-06-09 21:08:15 - [TEST_STEP][PASSED] - refID26 = I.readnotepad("D:\Upoad_File\Projet_ Login\Dreyers\19.1\19.26_Dreyers_refID26.txt"): null

2022-06-09 21:08:15 - [TEST_STEP][PASSED] - openBrowser(Url_Dreyer): Browser is opened with url: 'http://mdb-release.diadeis.lan/MediaboxIndependence/?MBI_datasource=RELTESTAUTO_DREYERS'

2022-06-09 21:08:15 - [MESSAGE][INFO] - Starting 'Chrome (headless)' driver

2022-06-09 21:08:15 - [MESSAGE][INFO] - User set preference: ['args', '[--window-size=1920,1080, --headless]']

2022-06-09 21:08:15 - [MESSAGE][INFO] - Action delay is set to 0 milliseconds

2022-06-09 21:08:23 - [MESSAGE][PASSED] - Browser is opened with url: 'http://mdb-release.diadeis.lan/MediaboxIndependence/?MBI_datasource=RELTESTAUTO_DREYERS'

2022-06-09 21:08:23 - [TEST_STEP][PASSED] - maximizeWindow(): Current window maximized

2022-06-09 21:08:23 - [MESSAGE][PASSED] - Current window maximized

2022-06-09 21:08:23 - [TEST_STEP][PASSED] - I.Login_password("suser", password_suser): Object: 'Object Repository/1. Constant/xpath' is clicked on

2022-06-09 21:08:25 - [MESSAGE][PASSED] - Text 'suser' is set on object 'Object Repository/1. Constant/xpath'

2022-06-09 21:08:26 - [MESSAGE][PASSED] - Delayed 1 second(s)

2022-06-09 21:08:26 - [MESSAGE][PASSED] - Text 'diadeis' is set on object 'Object Repository/1. Constant/xpath'

2022-06-09 21:08:27 - [MESSAGE][PASSED] - Delayed 1 second(s)

2022-06-09 21:08:37 - [MESSAGE][PASSED] - Object: 'Object Repository/1. Constant/xpath' is clicked on

2022-06-09 21:08:37 - [TEST_STEP][PASSED] - click(findTestObject("1. Constant/02_LHSMenu_Projects")): Object: 'Object Repository/1. Constant/02_LHSMenu_Projects' is clicked on

2022-06-09 21:08:45 - [MESSAGE][PASSED] - Object: 'Object Repository/1. Constant/02_LHSMenu_Projects' is clicked on

2022-06-09 21:08:45 - [TEST_STEP][PASSED] - I.SearchProjectNo_xpath(Project_No, "//*[@id="keynum_project"]", "//*[@id="form_filters"]/div[4]/button"): Delayed 5 second(s)

2022-06-09 21:08:46 - [MESSAGE][PASSED] - Delayed 1 second(s)

2022-06-09 21:08:46 - [MESSAGE][PASSED] - Text 'MI000876' is set on object 'Object Repository/1. Constant/xpath'

2022-06-09 21:08:49 - [MESSAGE][PASSED] - Delayed 3 second(s)

2022-06-09 21:08:49 - [MESSAGE][PASSED] - Scroll to object 'Object Repository/1. Constant/xpath' successfully

2022-06-09 21:08:55 - [MESSAGE][PASSED] - Object: 'Object Repository/1. Constant/xpath' is clicked on

2022-06-09 21:09:00 - [MESSAGE][PASSED] - Delayed 5 second(s)

2022-06-09 21:09:00 - [TEST_STEP][PASSED] - takeScreenshot(): Taking screenshot successfully

2022-06-09 21:09:00 - [MESSAGE][PASSED] - Taking screenshot successfully
[[ATTACHMENT|D:\\Projet Test Auto\\Mediabox Test Automation\\Reports\\20220609_181011\\03. Parallel Testing (Testing)\\TS -PT PART 3\\14.05 Dreyers Support Action (Ongoing _ Completed ref) - PART 5\\20220609_181111\\1654801740153.png]]

2022-06-09 21:09:00 - [TEST_STEP][PASSED] - I.SearchRefNo_xpath("P26_Auto", "//*[@id="fiche_filter_keywords11"]", "//*[@id="form_filters"]/div[3]/button"): Delayed 5 second(s)

2022-06-09 21:09:01 - [MESSAGE][PASSED] - Delayed 1 second(s)

2022-06-09 21:09:02 - [MESSAGE][PASSED] - Text 'P26_Auto' is set on object 'Object Repository/1. Constant/xpath'

2022-06-09 21:09:05 - [MESSAGE][PASSED] - Delayed 3 second(s)

2022-06-09 21:09:05 - [MESSAGE][PASSED] - Scroll to object 'Object Repository/1. Constant/xpath' successfully

2022-06-09 21:09:07 - [MESSAGE][PASSED] - Object: 'Object Repository/1. Constant/xpath' is clicked on

2022-06-09 21:09:12 - [MESSAGE][PASSED] - Delayed 5 second(s)

2022-06-09 21:09:12 - [TEST_STEP][PASSED] - click(findTestObject("1. Constant/xpath", ["xpath":"//*[@id="source_" + refID26 + ""]/td[6]/a"])): Object: 'Object Repository/1. Constant/xpath' is clicked on

2022-06-09 21:09:15 - [MESSAGE][PASSED] - Object: 'Object Repository/1. Constant/xpath' is clicked on

2022-06-09 21:09:15 - [TEST_STEP][PASSED] - click(findTestObject("1. Constant/xpath", ["xpath":"//*[@id="kt_content"]/div[3]/div/ul/li[3]/a"])): Object: 'Object Repository/1. Constant/xpath' is clicked on

2022-06-09 21:09:17 - [MESSAGE][PASSED] - Object: 'Object Repository/1. Constant/xpath' is clicked on

2022-06-09 21:09:17 - [TEST_STEP][PASSED] - takeScreenshot(): Taking screenshot successfully

2022-06-09 21:09:17 - [MESSAGE][PASSED] - Taking screenshot successfully
[[ATTACHMENT|D:\\Projet Test Auto\\Mediabox Test Automation\\Reports\\20220609_181011\\03. Parallel Testing (Testing)\\TS -PT PART 3\\14.05 Dreyers Support Action (Ongoing _ Completed ref) - PART 5\\20220609_181111\\1654801757669.png]]

2022-06-09 21:09:17 - [TEST_STEP][PASSED] - click(findTestObject("1. Constant/xpath", ["xpath":"/html/body/div[1]/div[2]/div[8]/div[3]/div/div[3]/div[3]/div/ul/li[3]/a"])): Object: 'Object Repository/1. Constant/xpath' is clicked on

2022-06-09 21:09:18 - [MESSAGE][PASSED] - Object: 'Object Repository/1. Constant/xpath' is clicked on

2022-06-09 21:09:18 - [TEST_STEP][PASSED] - click(findTestObject("1. Constant/xpath", ["xpath":"/html/body/div[1]/div[2]/div[8]/div[3]/div/div[3]/div[3]/div/div/div[3]/div/div[11]/div/div[1]/div[2]/div/button"])): Object: 'Object Repository/1. Constant/xpath' is clicked on

2022-06-09 21:09:18 - [MESSAGE][PASSED] - Object: 'Object Repository/1. Constant/xpath' is clicked on

2022-06-09 21:09:18 - [TEST_STEP][PASSED] - takeScreenshot(): Taking screenshot successfully

2022-06-09 21:09:18 - [MESSAGE][PASSED] - Taking screenshot successfully
[[ATTACHMENT|D:\\Projet Test Auto\\Mediabox Test Automation\\Reports\\20220609_181011\\03. Parallel Testing (Testing)\\TS -PT PART 3\\14.05 Dreyers Support Action (Ongoing _ Completed ref) - PART 5\\20220609_181111\\1654801758570.png]]

2022-06-09 21:09:18 - [TEST_STEP][PASSED] - delay(1): Delayed 1 second(s)

2022-06-09 21:09:19 - [MESSAGE][PASSED] - Delayed 1 second(s)

2022-06-09 21:09:19 - [TEST_STEP][PASSED] - x = 15: null

2022-06-09 21:09:19 - [TEST_STEP][PASSED] - i = 1: null

2022-06-09 21:09:19 - [TEST_STEP][PASSED] - while (i <= x): null

2022-06-09 21:09:19 - [TEST_STEP][PASSED] - Expected_SAS_Selected = "SAS S30: Add Phase Group SA/ Skip to Phase 1.1": null

2022-06-09 21:09:19 - [TEST_STEP][PASSED] - xpath_SAS = "/html/body/div[1]/div[2]/div[8]/div[3]/div/div[3]/div[3]/div/div/div[3]/div/div[11]/div/div[1]/div[2]/div/div/a[" + i + "]": null

2022-06-09 21:09:19 - [TEST_STEP][PASSED] - Actual_SAS = getText(findTestObject("1. Constant/xpath", ["xpath":xpath_SAS])): Text of object 'Object Repository/1. Constant/xpath' is: 'SAS S21 - Add Step Group C&A / Skip P3.4 [Complete]'

2022-06-09 21:09:20 - [MESSAGE][PASSED] - Text of object 'Object Repository/1. Constant/xpath' is: 'SAS S21 - Add Step Group C&A / Skip P3.4 [Complete]'

2022-06-09 21:09:20 - [TEST_STEP][PASSED] - I.print(i): null

2022-06-09 21:09:20 - [TEST_STEP][PASSED] - if (Actual_SAS.contains(Expected_SAS_Selected)): null

2022-06-09 21:09:20 - [TEST_STEP][PASSED] - i = i + 1: null

2022-06-09 21:09:20 - [TEST_STEP][PASSED] - Expected_SAS_Selected = "SAS S30: Add Phase Group SA/ Skip to Phase 1.1": null

2022-06-09 21:09:20 - [TEST_STEP][PASSED] - xpath_SAS = "/html/body/div[1]/div[2]/div[8]/div[3]/div/div[3]/div[3]/div/div/div[3]/div/div[11]/div/div[1]/div[2]/div/div/a[" + i + "]": null

2022-06-09 21:09:20 - [TEST_STEP][PASSED] - Actual_SAS = getText(findTestObject("1. Constant/xpath", ["xpath":xpath_SAS])): Text of object 'Object Repository/1. Constant/xpath' is: 'SAS: S6 - Add Steps C'

2022-06-09 21:09:20 - [MESSAGE][PASSED] - Text of object 'Object Repository/1. Constant/xpath' is: 'SAS: S6 - Add Steps C'

2022-06-09 21:09:20 - [TEST_STEP][PASSED] - I.print(i): null

2022-06-09 21:09:20 - [TEST_STEP][PASSED] - if (Actual_SAS.contains(Expected_SAS_Selected)): null

2022-06-09 21:09:20 - [TEST_STEP][PASSED] - i = i + 1: null

2022-06-09 21:09:20 - [TEST_STEP][PASSED] - Expected_SAS_Selected = "SAS S30: Add Phase Group SA/ Skip to Phase 1.1": null

2022-06-09 21:09:20 - [TEST_STEP][PASSED] - xpath_SAS = "/html/body/div[1]/div[2]/div[8]/div[3]/div/div[3]/div[3]/div/div/div[3]/div/div[11]/div/div[1]/div[2]/div/div/a[" + i + "]": null

2022-06-09 21:09:20 - [TEST_STEP][PASSED] - Actual_SAS = getText(findTestObject("1. Constant/xpath", ["xpath":xpath_SAS])): Text of object 'Object Repository/1. Constant/xpath' is: 'SAS: S14 - Add Step group (SAS Lifecycle - SAS Step C)'

2022-06-09 21:09:20 - [MESSAGE][PASSED] - Text of object 'Object Repository/1. Constant/xpath' is: 'SAS: S14 - Add Step group (SAS Lifecycle - SAS Step C)'

2022-06-09 21:09:20 - [TEST_STEP][PASSED] - I.print(i): null

2022-06-09 21:09:20 - [TEST_STEP][PASSED] - if (Actual_SAS.contains(Expected_SAS_Selected)): null

2022-06-09 21:09:20 - [TEST_STEP][PASSED] - i = i + 1: null

2022-06-09 21:09:20 - [TEST_STEP][PASSED] - Expected_SAS_Selected = "SAS S30: Add Phase Group SA/ Skip to Phase 1.1": null

2022-06-09 21:09:20 - [TEST_STEP][PASSED] - xpath_SAS = "/html/body/div[1]/div[2]/div[8]/div[3]/div/div[3]/div[3]/div/div/div[3]/div/div[11]/div/div[1]/div[2]/div/div/a[" + i + "]": null

2022-06-09 21:09:20 - [TEST_STEP][PASSED] - Actual_SAS = getText(findTestObject("1. Constant/xpath", ["xpath":xpath_SAS])): Text of object 'Object Repository/1. Constant/xpath' is: 'SAS: S15 - Add Step Group A & C'

2022-06-09 21:09:21 - [MESSAGE][PASSED] - Text of object 'Object Repository/1. Constant/xpath' is: 'SAS: S15 - Add Step Group A & C'

2022-06-09 21:09:21 - [TEST_STEP][PASSED] - I.print(i): null

2022-06-09 21:09:21 - [TEST_STEP][PASSED] - if (Actual_SAS.contains(Expected_SAS_Selected)): null

2022-06-09 21:09:21 - [TEST_STEP][PASSED] - i = i + 1: null

2022-06-09 21:09:21 - [TEST_STEP][PASSED] - Expected_SAS_Selected = "SAS S30: Add Phase Group SA/ Skip to Phase 1.1": null

2022-06-09 21:09:21 - [TEST_STEP][PASSED] - xpath_SAS = "/html/body/div[1]/div[2]/div[8]/div[3]/div/div[3]/div[3]/div/div/div[3]/div/div[11]/div/div[1]/div[2]/div/div/a[" + i + "]": null

2022-06-09 21:09:21 - [TEST_STEP][PASSED] - Actual_SAS = getText(findTestObject("1. Constant/xpath", ["xpath":xpath_SAS])): Text of object 'Object Repository/1. Constant/xpath' is: 'SAS S18: Add Step C / Skip Phase 3.5 [Complete]'

2022-06-09 21:09:22 - [MESSAGE][PASSED] - Text of object 'Object Repository/1. Constant/xpath' is: 'SAS S18: Add Step C / Skip Phase 3.5 [Complete]'

2022-06-09 21:09:22 - [TEST_STEP][PASSED] - I.print(i): null

2022-06-09 21:09:22 - [TEST_STEP][PASSED] - if (Actual_SAS.contains(Expected_SAS_Selected)): null

2022-06-09 21:09:22 - [TEST_STEP][PASSED] - i = i + 1: null

2022-06-09 21:09:22 - [TEST_STEP][PASSED] - Expected_SAS_Selected = "SAS S30: Add Phase Group SA/ Skip to Phase 1.1": null

2022-06-09 21:09:22 - [TEST_STEP][PASSED] - xpath_SAS = "/html/body/div[1]/div[2]/div[8]/div[3]/div/div[3]/div[3]/div/div/div[3]/div/div[11]/div/div[1]/div[2]/div/div/a[" + i + "]": null

2022-06-09 21:09:22 - [TEST_STEP][PASSED] - Actual_SAS = getText(findTestObject("1. Constant/xpath", ["xpath":xpath_SAS])): Text of object 'Object Repository/1. Constant/xpath' is: 'SAS S19: Add Step Group A/ Skip Phase 1.2 [Complete]'

2022-06-09 21:09:22 - [MESSAGE][PASSED] - Text of object 'Object Repository/1. Constant/xpath' is: 'SAS S19: Add Step Group A/ Skip Phase 1.2 [Complete]'

2022-06-09 21:09:22 - [TEST_STEP][PASSED] - I.print(i): null

2022-06-09 21:09:22 - [TEST_STEP][PASSED] - if (Actual_SAS.contains(Expected_SAS_Selected)): null

2022-06-09 21:09:22 - [TEST_STEP][PASSED] - i = i + 1: null

2022-06-09 21:09:22 - [TEST_STEP][PASSED] - Expected_SAS_Selected = "SAS S30: Add Phase Group SA/ Skip to Phase 1.1": null

2022-06-09 21:09:22 - [TEST_STEP][PASSED] - xpath_SAS = "/html/body/div[1]/div[2]/div[8]/div[3]/div/div[3]/div[3]/div/div/div[3]/div/div[11]/div/div[1]/div[2]/div/div/a[" + i + "]": null

2022-06-09 21:09:22 - [TEST_STEP][PASSED] - Actual_SAS = getText(findTestObject("1. Constant/xpath", ["xpath":xpath_SAS])): Text of object 'Object Repository/1. Constant/xpath' is: 'SAS S20: Add Step Group AC/ Skip Phase 1.2 [Complete]'

2022-06-09 21:09:23 - [MESSAGE][PASSED] - Text of object 'Object Repository/1. Constant/xpath' is: 'SAS S20: Add Step Group AC/ Skip Phase 1.2 [Complete]'

2022-06-09 21:09:23 - [TEST_STEP][PASSED] - I.print(i): null

2022-06-09 21:09:23 - [TEST_STEP][PASSED] - if (Actual_SAS.contains(Expected_SAS_Selected)): null

2022-06-09 21:09:23 - [TEST_STEP][PASSED] - i = i + 1: null

2022-06-09 21:09:23 - [TEST_STEP][PASSED] - Expected_SAS_Selected = "SAS S30: Add Phase Group SA/ Skip to Phase 1.1": null

2022-06-09 21:09:23 - [TEST_STEP][PASSED] - xpath_SAS = "/html/body/div[1]/div[2]/div[8]/div[3]/div/div[3]/div[3]/div/div/div[3]/div/div[11]/div/div[1]/div[2]/div/div/a[" + i + "]": null

2022-06-09 21:09:23 - [TEST_STEP][PASSED] - Actual_SAS = getText(findTestObject("1. Constant/xpath", ["xpath":xpath_SAS])): Text of object 'Object Repository/1. Constant/xpath' is: 'SAS S30: Add Phase Group SA/ Skip to Phase 1.1'

2022-06-09 21:09:23 - [MESSAGE][PASSED] - Text of object 'Object Repository/1. Constant/xpath' is: 'SAS S30: Add Phase Group SA/ Skip to Phase 1.1'

2022-06-09 21:09:23 - [TEST_STEP][PASSED] - I.print(i): null

2022-06-09 21:09:23 - [TEST_STEP][PASSED] - if (Actual_SAS.contains(Expected_SAS_Selected)): null

2022-06-09 21:09:23 - [TEST_STEP][PASSED] - I.click_button_javascriptS(xpath_SAS): Execute JavaScript 'arguments[0].click()' successfully

2022-06-09 21:09:25 - [MESSAGE][PASSED] - Execute JavaScript 'arguments[0].click()' successfully

2022-06-09 21:09:25 - [TEST_STEP][PASSED] - break: null

2022-06-09 21:09:25 - [TEST_STEP][PASSED] - takeScreenshot(): Taking screenshot successfully

2022-06-09 21:09:26 - [MESSAGE][PASSED] - Taking screenshot successfully
[[ATTACHMENT|D:\\Projet Test Auto\\Mediabox Test Automation\\Reports\\20220609_181011\\03. Parallel Testing (Testing)\\TS -PT PART 3\\14.05 Dreyers Support Action (Ongoing _ Completed ref) - PART 5\\20220609_181111\\1654801765437.png]]

2022-06-09 21:09:26 - [TEST_STEP][PASSED] - click(findTestObject("1. Constant/xpath", ["xpath":"//*[@id="confirmSupportActionShortcut"]"])): Object: 'Object Repository/1. Constant/xpath' is clicked on

2022-06-09 21:09:29 - [MESSAGE][PASSED] - Object: 'Object Repository/1. Constant/xpath' is clicked on

2022-06-09 21:09:29 - [TEST_STEP][PASSED] - takeScreenshot(): Taking screenshot successfully

2022-06-09 21:09:30 - [MESSAGE][PASSED] - Taking screenshot successfully
[[ATTACHMENT|D:\\Projet Test Auto\\Mediabox Test Automation\\Reports\\20220609_181011\\03. Parallel Testing (Testing)\\TS -PT PART 3\\14.05 Dreyers Support Action (Ongoing _ Completed ref) - PART 5\\20220609_181111\\1654801770126.png]]

2022-06-09 21:09:30 - [TEST_STEP][PASSED] - click(findTestObject("1. Constant/xpath", ["xpath":"//*[@id="kt_content"]/div[3]/div/ul/li[3]/a"])): Object: 'Object Repository/1. Constant/xpath' is clicked on

2022-06-09 21:09:32 - [MESSAGE][PASSED] - Object: 'Object Repository/1. Constant/xpath' is clicked on

2022-06-09 21:09:32 - [TEST_STEP][PASSED] - takeScreenshot(): Taking screenshot successfully

2022-06-09 21:09:33 - [MESSAGE][PASSED] - Taking screenshot successfully
[[ATTACHMENT|D:\\Projet Test Auto\\Mediabox Test Automation\\Reports\\20220609_181011\\03. Parallel Testing (Testing)\\TS -PT PART 3\\14.05 Dreyers Support Action (Ongoing _ Completed ref) - PART 5\\20220609_181111\\1654801772878.png]]

2022-06-09 21:09:33 - [TEST_STEP][PASSED] - StepC_1 = getAttribute(findTestObject("1. Constant/xpath", ["xpath":"/html/body/div[1]/div[2]/div[8]/div[3]/div/div[3]/div[3]/div/ul/li[3]/a"]), "class"): Attribute 'class' of object 'Object Repository/1. Constant/xpath' is: 'nav-link timeline-badge badge-xl  bg-complete '

2022-06-09 21:09:33 - [MESSAGE][PASSED] - Attribute 'class' of object 'Object Repository/1. Constant/xpath' is: 'nav-link timeline-badge badge-xl  bg-complete '

2022-06-09 21:09:33 - [TEST_STEP][PASSED] - verifyMatch(StepC_1, "nav-link timeline-badge badge-xl  bg-complete ", false): Actual text 'nav-link timeline-badge badge-xl  bg-complete ' and expected text 'nav-link timeline-badge badge-xl  bg-complete ' are matched 

2022-06-09 21:09:33 - [MESSAGE][PASSED] - Actual text 'nav-link timeline-badge badge-xl  bg-complete ' and expected text 'nav-link timeline-badge badge-xl  bg-complete ' are matched 

2022-06-09 21:09:33 - [TEST_STEP][PASSED] - StepC_11 = I.Get_Stepname("/html/body/div[1]/div[2]/div[8]/div[3]/div/div[3]/div[3]/div/ul/li[3]/a"): Attribute 'href' of object 'Object Repository/1. Constant/xpath' is: 'http://mdb-release.diadeis.lan/MediaboxIndependence/Base/ExecAction?action=VoirRef&IDSession=MBI!RELTESTAUTO_DREYERS!F6Y5XDYB2DFIKGLJOOKX1N2S5SHFK4Y49J8MTKQ1&num=P5I1IJFCZ9&id_ref=5285#tab_lifecycle_SASStepC_12222'

2022-06-09 21:09:38 - [MESSAGE][PASSED] - Delayed 5 second(s)

2022-06-09 21:09:38 - [MESSAGE][PASSED] - Attribute 'href' of object 'Object Repository/1. Constant/xpath' is: 'http://mdb-release.diadeis.lan/MediaboxIndependence/Base/ExecAction?action=VoirRef&IDSession=MBI!RELTESTAUTO_DREYERS!F6Y5XDYB2DFIKGLJOOKX1N2S5SHFK4Y49J8MTKQ1&num=P5I1IJFCZ9&id_ref=5285#tab_lifecycle_SASStepC_12222'

2022-06-09 21:09:38 - [TEST_STEP][PASSED] - verifyMatch(StepC_11, "SASStepC", false): Actual text 'SASStepC' and expected text 'SASStepC' are matched 

2022-06-09 21:09:38 - [MESSAGE][PASSED] - Actual text 'SASStepC' and expected text 'SASStepC' are matched 

2022-06-09 21:09:38 - [TEST_STEP][PASSED] - StepA_2 = getAttribute(findTestObject("1. Constant/xpath", ["xpath":"/html/body/div[1]/div[2]/div[8]/div[3]/div/div[3]/div[3]/div/ul/li[4]/a"]), "class"): Attribute 'class' of object 'Object Repository/1. Constant/xpath' is: 'nav-link timeline-badge badge-xl  bg-pending active'

2022-06-09 21:09:38 - [MESSAGE][PASSED] - Attribute 'class' of object 'Object Repository/1. Constant/xpath' is: 'nav-link timeline-badge badge-xl  bg-pending active'

2022-06-09 21:09:38 - [TEST_STEP][PASSED] - verifyMatch(StepA_2, "nav-link timeline-badge badge-xl  bg-pending active", false): Actual text 'nav-link timeline-badge badge-xl  bg-pending active' and expected text 'nav-link timeline-badge badge-xl  bg-pending active' are matched 

2022-06-09 21:09:38 - [MESSAGE][PASSED] - Actual text 'nav-link timeline-badge badge-xl  bg-pending active' and expected text 'nav-link timeline-badge badge-xl  bg-pending active' are matched 

2022-06-09 21:09:38 - [TEST_STEP][PASSED] - StepA_22 = I.Get_Stepname("/html/body/div[1]/div[2]/div[8]/div[3]/div/div[3]/div[3]/div/ul/li[4]/a"): Attribute 'href' of object 'Object Repository/1. Constant/xpath' is: 'http://mdb-release.diadeis.lan/MediaboxIndependence/Base/ExecAction?action=VoirRef&IDSession=MBI!RELTESTAUTO_DREYERS!F6Y5XDYB2DFIKGLJOOKX1N2S5SHFK4Y49J8MTKQ1&num=P5I1IJFCZ9&id_ref=5285#tab_lifecycle_SASStepA_12226'

2022-06-09 21:09:43 - [MESSAGE][PASSED] - Delayed 5 second(s)

2022-06-09 21:09:44 - [MESSAGE][PASSED] - Attribute 'href' of object 'Object Repository/1. Constant/xpath' is: 'http://mdb-release.diadeis.lan/MediaboxIndependence/Base/ExecAction?action=VoirRef&IDSession=MBI!RELTESTAUTO_DREYERS!F6Y5XDYB2DFIKGLJOOKX1N2S5SHFK4Y49J8MTKQ1&num=P5I1IJFCZ9&id_ref=5285#tab_lifecycle_SASStepA_12226'

2022-06-09 21:09:44 - [TEST_STEP][PASSED] - verifyMatch(StepA_22, "SASStepA", false): Actual text 'SASStepA' and expected text 'SASStepA' are matched 

2022-06-09 21:09:44 - [MESSAGE][PASSED] - Actual text 'SASStepA' and expected text 'SASStepA' are matched 

2022-06-09 21:09:44 - [TEST_STEP][PASSED] - StepA_11 = getText(findTestObject("1. Constant/xpath", ["xpath":"/html/body/div[1]/div[2]/div[8]/div[3]/div/div[3]/div[3]/div/div/div[4]/div/div[1]/div/div[1]/div[1]/h3"])): Text of object 'Object Repository/1. Constant/xpath' is: 'Phase 1.1 [Standard]'

2022-06-09 21:09:44 - [MESSAGE][PASSED] - Text of object 'Object Repository/1. Constant/xpath' is: 'Phase 1.1 [Standard]'

2022-06-09 21:09:44 - [TEST_STEP][PASSED] - verifyMatch(StepA_11, "Phase 1.1 [Standard]", false): Actual text 'Phase 1.1 [Standard]' and expected text 'Phase 1.1 [Standard]' are matched 

2022-06-09 21:09:44 - [MESSAGE][PASSED] - Actual text 'Phase 1.1 [Standard]' and expected text 'Phase 1.1 [Standard]' are matched 

2022-06-09 21:09:44 - [TEST_STEP][PASSED] - Started_StepA_11 = getText(findTestObject("1. Constant/xpath", ["xpath":"/html/body/div[1]/div[2]/div[8]/div[3]/div/div[3]/div[3]/div/div/div[4]/div/div[1]/div/div[2]/div[1]"])): Text of object 'Object Repository/1. Constant/xpath' is: 'Started 06/09/22 03:09 PM'

2022-06-09 21:09:44 - [MESSAGE][PASSED] - Text of object 'Object Repository/1. Constant/xpath' is: 'Started 06/09/22 03:09 PM'

2022-06-09 21:09:44 - [TEST_STEP][PASSED] - if (Started_StepA_11.contains("Started")): Actual object '1' and expected object '1' are equal

2022-06-09 21:09:44 - [TEST_STEP][PASSED] - verifyEqual(1, 1): Actual object '1' and expected object '1' are equal

2022-06-09 21:09:44 - [MESSAGE][PASSED] - Actual object '1' and expected object '1' are equal

2022-06-09 21:09:44 - [TEST_STEP][PASSED] - I.Logout(): Delayed 3 second(s)

2022-06-09 21:09:47 - [MESSAGE][PASSED] - Delayed 3 second(s)

2022-06-09 21:09:47 - [MESSAGE][PASSED] - Object: 'Object Repository/1. Constant/xpath' is clicked on

2022-06-09 21:09:50 - [MESSAGE][PASSED] - Delayed 3 second(s)

2022-06-09 21:09:52 - [MESSAGE][PASSED] - Object: 'Object Repository/1. Constant/xpath' is clicked on

2022-06-09 21:09:55 - [MESSAGE][PASSED] - Delayed 3 second(s)

2022-06-09 21:09:55 - [TEST_STEP][PASSED] - I.Login_password("blemco", password_blemco): Object: 'Object Repository/1. Constant/xpath' is clicked on

2022-06-09 21:09:55 - [MESSAGE][PASSED] - Text 'blemco' is set on object 'Object Repository/1. Constant/xpath'

2022-06-09 21:09:56 - [MESSAGE][PASSED] - Delayed 1 second(s)

2022-06-09 21:09:57 - [MESSAGE][PASSED] - Text 'diadeis1' is set on object 'Object Repository/1. Constant/xpath'

2022-06-09 21:09:58 - [MESSAGE][PASSED] - Delayed 1 second(s)

2022-06-09 21:10:02 - [MESSAGE][PASSED] - Object: 'Object Repository/1. Constant/xpath' is clicked on

2022-06-09 21:10:02 - [TEST_STEP][PASSED] - click(findTestObject("1. Constant/02_LHSMenu_Projects")): Object: 'Object Repository/1. Constant/02_LHSMenu_Projects' is clicked on

2022-06-09 21:10:06 - [MESSAGE][PASSED] - Object: 'Object Repository/1. Constant/02_LHSMenu_Projects' is clicked on

2022-06-09 21:10:06 - [TEST_STEP][PASSED] - I.SearchProjectNo_xpath(Project_No, "//*[@id="keynum_project"]", "//*[@id="form_filters"]/div[4]/button"): Delayed 5 second(s)

2022-06-09 21:10:07 - [MESSAGE][PASSED] - Delayed 1 second(s)

2022-06-09 21:10:08 - [MESSAGE][PASSED] - Text 'MI000876' is set on object 'Object Repository/1. Constant/xpath'

2022-06-09 21:10:11 - [MESSAGE][PASSED] - Delayed 3 second(s)

2022-06-09 21:10:11 - [MESSAGE][PASSED] - Scroll to object 'Object Repository/1. Constant/xpath' successfully

2022-06-09 21:10:17 - [MESSAGE][PASSED] - Object: 'Object Repository/1. Constant/xpath' is clicked on

2022-06-09 21:10:22 - [MESSAGE][PASSED] - Delayed 5 second(s)

2022-06-09 21:10:22 - [TEST_STEP][PASSED] - takeScreenshot(): Taking screenshot successfully

2022-06-09 21:10:23 - [MESSAGE][PASSED] - Taking screenshot successfully
[[ATTACHMENT|D:\\Projet Test Auto\\Mediabox Test Automation\\Reports\\20220609_181011\\03. Parallel Testing (Testing)\\TS -PT PART 3\\14.05 Dreyers Support Action (Ongoing _ Completed ref) - PART 5\\20220609_181111\\1654801822593.png]]

2022-06-09 21:10:23 - [TEST_STEP][PASSED] - I.SearchRefNo_xpath("P26_Auto", "//*[@id="fiche_filter_keywords11"]", "//*[@id="form_filters"]/div[3]/button"): Delayed 5 second(s)

2022-06-09 21:10:24 - [MESSAGE][PASSED] - Delayed 1 second(s)

2022-06-09 21:10:24 - [MESSAGE][PASSED] - Text 'P26_Auto' is set on object 'Object Repository/1. Constant/xpath'

2022-06-09 21:10:27 - [MESSAGE][PASSED] - Delayed 3 second(s)

2022-06-09 21:10:27 - [MESSAGE][PASSED] - Scroll to object 'Object Repository/1. Constant/xpath' successfully

2022-06-09 21:10:31 - [MESSAGE][PASSED] - Object: 'Object Repository/1. Constant/xpath' is clicked on

2022-06-09 21:10:36 - [MESSAGE][PASSED] - Delayed 5 second(s)

2022-06-09 21:10:36 - [TEST_STEP][PASSED] - takeScreenshot(): Taking screenshot successfully

2022-06-09 21:10:36 - [MESSAGE][PASSED] - Taking screenshot successfully
[[ATTACHMENT|D:\\Projet Test Auto\\Mediabox Test Automation\\Reports\\20220609_181011\\03. Parallel Testing (Testing)\\TS -PT PART 3\\14.05 Dreyers Support Action (Ongoing _ Completed ref) - PART 5\\20220609_181111\\1654801836511.png]]

2022-06-09 21:10:36 - [TEST_STEP][PASSED] - Lifecycle_Status66 = getText(findTestObject("1. Constant/xpath", ["xpath":"//*[@id="source_" + refID26 + ""]/td[12]/span[1]"])): Text of object 'Object Repository/1. Constant/xpath' is: 'Phase 1.1 [Standard]'

2022-06-09 21:10:36 - [MESSAGE][PASSED] - Text of object 'Object Repository/1. Constant/xpath' is: 'Phase 1.1 [Standard]'

2022-06-09 21:10:36 - [TEST_STEP][PASSED] - verifyMatch(Lifecycle_Status66, "Phase 1.1 [Standard]", false): Actual text 'Phase 1.1 [Standard]' and expected text 'Phase 1.1 [Standard]' are matched 

2022-06-09 21:10:36 - [MESSAGE][PASSED] - Actual text 'Phase 1.1 [Standard]' and expected text 'Phase 1.1 [Standard]' are matched 

2022-06-09 21:10:36 - [TEST_STEP][PASSED] - click(findTestObject("1. Constant/xpath", ["xpath":"//*[@id="source_" + refID26 + ""]/td[13]/a[3]"])): Object: 'Object Repository/1. Constant/xpath' is clicked on

2022-06-09 21:10:38 - [MESSAGE][PASSED] - Object: 'Object Repository/1. Constant/xpath' is clicked on

2022-06-09 21:10:38 - [TEST_STEP][PASSED] - click(findTestObject("1. Constant/xpath", ["xpath":"//*[@id="ModifFiche"]/div[1]/div/button[2]"])): Object: 'Object Repository/1. Constant/xpath' is clicked on

2022-06-09 21:10:43 - [MESSAGE][PASSED] - Object: 'Object Repository/1. Constant/xpath' is clicked on

2022-06-09 21:10:43 - [TEST_STEP][PASSED] - Lifecycle_Status3 = getText(findTestObject("1. Constant/xpath", ["xpath":"//*[@id="source_" + refID26 + ""]/td[12]/span[1]"])): Text of object 'Object Repository/1. Constant/xpath' is: 'Phase 1.2 [Standard Phase]'

2022-06-09 21:10:43 - [MESSAGE][PASSED] - Text of object 'Object Repository/1. Constant/xpath' is: 'Phase 1.2 [Standard Phase]'

2022-06-09 21:10:43 - [TEST_STEP][PASSED] - verifyMatch(Lifecycle_Status3, "Phase 1.2 [Standard Phase]", false): Actual text 'Phase 1.2 [Standard Phase]' and expected text 'Phase 1.2 [Standard Phase]' are matched 

2022-06-09 21:10:43 - [MESSAGE][PASSED] - Actual text 'Phase 1.2 [Standard Phase]' and expected text 'Phase 1.2 [Standard Phase]' are matched 

2022-06-09 21:10:43 - [TEST_STEP][PASSED] - I.Logout(): Delayed 3 second(s)

2022-06-09 21:10:46 - [MESSAGE][PASSED] - Delayed 3 second(s)

2022-06-09 21:10:47 - [MESSAGE][PASSED] - Object: 'Object Repository/1. Constant/xpath' is clicked on

2022-06-09 21:10:50 - [MESSAGE][PASSED] - Delayed 3 second(s)

2022-06-09 21:10:51 - [MESSAGE][PASSED] - Object: 'Object Repository/1. Constant/xpath' is clicked on

2022-06-09 21:10:54 - [MESSAGE][PASSED] - Delayed 3 second(s)

2022-06-09 21:10:54 - [TEST_STEP][PASSED] - I.Login_password("nturner", password_nturner): Object: 'Object Repository/1. Constant/xpath' is clicked on

2022-06-09 21:10:55 - [MESSAGE][PASSED] - Text 'nturner' is set on object 'Object Repository/1. Constant/xpath'

2022-06-09 21:10:56 - [MESSAGE][PASSED] - Delayed 1 second(s)

2022-06-09 21:10:56 - [MESSAGE][PASSED] - Text 'diadeis1' is set on object 'Object Repository/1. Constant/xpath'

2022-06-09 21:10:57 - [MESSAGE][PASSED] - Delayed 1 second(s)

2022-06-09 21:11:01 - [MESSAGE][PASSED] - Object: 'Object Repository/1. Constant/xpath' is clicked on

2022-06-09 21:11:01 - [TEST_STEP][PASSED] - takeScreenshot(): Taking screenshot successfully

2022-06-09 21:11:02 - [MESSAGE][PASSED] - Taking screenshot successfully
[[ATTACHMENT|D:\\Projet Test Auto\\Mediabox Test Automation\\Reports\\20220609_181011\\03. Parallel Testing (Testing)\\TS -PT PART 3\\14.05 Dreyers Support Action (Ongoing _ Completed ref) - PART 5\\20220609_181111\\1654801861932.png]]

2022-06-09 21:11:02 - [TEST_STEP][PASSED] - click(findTestObject("1. Constant/02_LHSMenu_Projects")): Object: 'Object Repository/1. Constant/02_LHSMenu_Projects' is clicked on

2022-06-09 21:11:04 - [MESSAGE][PASSED] - Object: 'Object Repository/1. Constant/02_LHSMenu_Projects' is clicked on

2022-06-09 21:11:04 - [TEST_STEP][PASSED] - I.SearchProjectNo_xpath(Project_No, "//*[@id="keynum_project"]", "//*[@id="form_filters"]/div[4]/button"): Delayed 5 second(s)

2022-06-09 21:11:05 - [MESSAGE][PASSED] - Delayed 1 second(s)

2022-06-09 21:11:05 - [MESSAGE][PASSED] - Text 'MI000876' is set on object 'Object Repository/1. Constant/xpath'

2022-06-09 21:11:08 - [MESSAGE][PASSED] - Delayed 3 second(s)

2022-06-09 21:11:08 - [MESSAGE][PASSED] - Scroll to object 'Object Repository/1. Constant/xpath' successfully

2022-06-09 21:11:11 - [MESSAGE][PASSED] - Object: 'Object Repository/1. Constant/xpath' is clicked on

2022-06-09 21:11:16 - [MESSAGE][PASSED] - Delayed 5 second(s)

2022-06-09 21:11:16 - [TEST_STEP][PASSED] - takeScreenshot(): Taking screenshot successfully

2022-06-09 21:11:17 - [MESSAGE][PASSED] - Taking screenshot successfully
[[ATTACHMENT|D:\\Projet Test Auto\\Mediabox Test Automation\\Reports\\20220609_181011\\03. Parallel Testing (Testing)\\TS -PT PART 3\\14.05 Dreyers Support Action (Ongoing _ Completed ref) - PART 5\\20220609_181111\\1654801876817.png]]

2022-06-09 21:11:17 - [TEST_STEP][PASSED] - I.SearchRefNo_xpath("P26_Auto", "//*[@id="fiche_filter_keywords11"]", "//*[@id="form_filters"]/div[3]/button"): Delayed 5 second(s)

2022-06-09 21:11:18 - [MESSAGE][PASSED] - Delayed 1 second(s)

2022-06-09 21:11:18 - [MESSAGE][PASSED] - Text 'P26_Auto' is set on object 'Object Repository/1. Constant/xpath'

2022-06-09 21:11:21 - [MESSAGE][PASSED] - Delayed 3 second(s)

2022-06-09 21:11:21 - [MESSAGE][PASSED] - Scroll to object 'Object Repository/1. Constant/xpath' successfully

2022-06-09 21:11:23 - [MESSAGE][PASSED] - Object: 'Object Repository/1. Constant/xpath' is clicked on

2022-06-09 21:11:28 - [MESSAGE][PASSED] - Delayed 5 second(s)

2022-06-09 21:11:28 - [TEST_STEP][PASSED] - takeScreenshot(): Taking screenshot successfully

2022-06-09 21:11:28 - [MESSAGE][PASSED] - Taking screenshot successfully
[[ATTACHMENT|D:\\Projet Test Auto\\Mediabox Test Automation\\Reports\\20220609_181011\\03. Parallel Testing (Testing)\\TS -PT PART 3\\14.05 Dreyers Support Action (Ongoing _ Completed ref) - PART 5\\20220609_181111\\1654801888715.png]]

2022-06-09 21:11:28 - [TEST_STEP][PASSED] - click(findTestObject("1. Constant/xpath", ["xpath":"//*[@id="source_" + refID26 + ""]/td[13]/a[2]"])): Object: 'Object Repository/1. Constant/xpath' is clicked on

2022-06-09 21:11:30 - [MESSAGE][PASSED] - Object: 'Object Repository/1. Constant/xpath' is clicked on

2022-06-09 21:11:30 - [TEST_STEP][PASSED] - click(findTestObject("1. Constant/xpath", ["xpath":"//*[@id="ModifFiche"]/div[1]/div/button[2]"])): Object: 'Object Repository/1. Constant/xpath' is clicked on

2022-06-09 21:11:35 - [MESSAGE][PASSED] - Object: 'Object Repository/1. Constant/xpath' is clicked on

2022-06-09 21:11:35 - [TEST_STEP][PASSED] - Lifecycle_Status4 = getText(findTestObject("1. Constant/xpath", ["xpath":"//*[@id="source_" + refID26 + ""]/td[12]/span[1]"])): Text of object 'Object Repository/1. Constant/xpath' is: 'Complete'

2022-06-09 21:11:35 - [MESSAGE][PASSED] - Text of object 'Object Repository/1. Constant/xpath' is: 'Complete'

2022-06-09 21:11:35 - [TEST_STEP][PASSED] - verifyMatch(Lifecycle_Status4, "Complete", false): Actual text 'Complete' and expected text 'Complete' are matched 

2022-06-09 21:11:35 - [MESSAGE][PASSED] - Actual text 'Complete' and expected text 'Complete' are matched 

2022-06-09 21:11:35 - [TEST_STEP][PASSED] - closeBrowser(): Browser is closed

2022-06-09 21:11:36 - [MESSAGE][PASSED] - Browser is closed

2022-06-09 21:11:36 - [TEST_STEP][PASSED] - Start listener action : sampleAfterTestCase: null]]></system-out>
         <system-err><![CDATA[]]></system-err>
      </testcase>
      <testcase name="Test Cases/19. Dreyers Support Action (Ongoing ref_completed)/19.28 Dreyers SAS Add Phase (Ongoing ref) S36 - P28" time="198.871" classname="Test Cases/19. Dreyers Support Action (Ongoing ref_completed)/19.28 Dreyers SAS Add Phase (Ongoing ref) S36 - P28" status="PASSED">
         <system-out><![CDATA[2022-06-09 21:11:36 - [TEST_CASE][PASSED] - Test Cases/19. Dreyers Support Action (Ongoing ref_completed)/19.28 Dreyers SAS Add Phase (Ongoing ref) S36 - P28: Test Cases/19. Dreyers Support Action (Ongoing ref_completed)/19.28 Dreyers SAS Add Phase (Ongoing ref) S36 - P28

2022-06-09 21:11:37 - [TEST_STEP][PASSED] - data_Dreyers = findTestData("Data Files/Username_Password/Dreyer"): null

2022-06-09 21:11:37 - [TEST_STEP][PASSED] - password_suser = data_Dreyers.getValue(2, 1): null

2022-06-09 21:11:37 - [TEST_STEP][PASSED] - password_nturner = data_Dreyers.getValue(2, 6): null

2022-06-09 21:11:37 - [TEST_STEP][PASSED] - data_urlRELAUTO = findTestData("Data Files/URL/URL_relauto"): null

2022-06-09 21:11:37 - [TEST_STEP][PASSED] - Url_Dreyer = data_urlRELAUTO.getValue(2, 4): null

2022-06-09 21:11:37 - [TEST_STEP][PASSED] - Project_No = I.readnotepad("D:\Upoad_File\Projet_ Login\Dreyers\19.1\19.1_Dreyers_ProjectNo.txt"): null

2022-06-09 21:11:37 - [TEST_STEP][PASSED] - refID = I.readnotepad("D:\Upoad_File\Projet_ Login\Dreyers\19.1\19.1_Dreyers_refID.txt"): null

2022-06-09 21:11:37 - [TEST_STEP][PASSED] - openBrowser(Url_Dreyer): Browser is opened with url: 'http://mdb-release.diadeis.lan/MediaboxIndependence/?MBI_datasource=RELTESTAUTO_DREYERS'

2022-06-09 21:11:37 - [MESSAGE][INFO] - Starting 'Chrome (headless)' driver

2022-06-09 21:11:37 - [MESSAGE][INFO] - User set preference: ['args', '[--window-size=1920,1080, --headless]']

2022-06-09 21:11:37 - [MESSAGE][INFO] - Action delay is set to 0 milliseconds

2022-06-09 21:11:42 - [MESSAGE][PASSED] - Browser is opened with url: 'http://mdb-release.diadeis.lan/MediaboxIndependence/?MBI_datasource=RELTESTAUTO_DREYERS'

2022-06-09 21:11:42 - [TEST_STEP][PASSED] - maximizeWindow(): Current window maximized

2022-06-09 21:11:42 - [MESSAGE][PASSED] - Current window maximized

2022-06-09 21:11:42 - [TEST_STEP][PASSED] - I.Login_password("suser", password_suser): Object: 'Object Repository/1. Constant/xpath' is clicked on

2022-06-09 21:11:42 - [MESSAGE][PASSED] - Text 'suser' is set on object 'Object Repository/1. Constant/xpath'

2022-06-09 21:11:43 - [MESSAGE][PASSED] - Delayed 1 second(s)

2022-06-09 21:11:44 - [MESSAGE][PASSED] - Text 'diadeis' is set on object 'Object Repository/1. Constant/xpath'

2022-06-09 21:11:45 - [MESSAGE][PASSED] - Delayed 1 second(s)

2022-06-09 21:11:50 - [MESSAGE][PASSED] - Object: 'Object Repository/1. Constant/xpath' is clicked on

2022-06-09 21:11:50 - [TEST_STEP][PASSED] - click(findTestObject("1. Constant/02_LHSMenu_Projects")): Object: 'Object Repository/1. Constant/02_LHSMenu_Projects' is clicked on

2022-06-09 21:11:52 - [MESSAGE][PASSED] - Object: 'Object Repository/1. Constant/02_LHSMenu_Projects' is clicked on

2022-06-09 21:11:52 - [TEST_STEP][PASSED] - I.SearchProjectNo_xpath(Project_No, "//*[@id="keynum_project"]", "//*[@id="form_filters"]/div[4]/button"): Delayed 5 second(s)

2022-06-09 21:11:53 - [MESSAGE][PASSED] - Delayed 1 second(s)

2022-06-09 21:11:54 - [MESSAGE][PASSED] - Text 'MI000876' is set on object 'Object Repository/1. Constant/xpath'

2022-06-09 21:11:57 - [MESSAGE][PASSED] - Delayed 3 second(s)

2022-06-09 21:11:58 - [MESSAGE][PASSED] - Scroll to object 'Object Repository/1. Constant/xpath' successfully

2022-06-09 21:12:03 - [MESSAGE][PASSED] - Object: 'Object Repository/1. Constant/xpath' is clicked on

2022-06-09 21:12:08 - [MESSAGE][PASSED] - Delayed 5 second(s)

2022-06-09 21:12:08 - [TEST_STEP][PASSED] - takeScreenshot(): Taking screenshot successfully

2022-06-09 21:12:09 - [MESSAGE][PASSED] - Taking screenshot successfully
[[ATTACHMENT|D:\\Projet Test Auto\\Mediabox Test Automation\\Reports\\20220609_181011\\03. Parallel Testing (Testing)\\TS -PT PART 3\\14.05 Dreyers Support Action (Ongoing _ Completed ref) - PART 5\\20220609_181111\\1654801928767.png]]

2022-06-09 21:12:09 - [TEST_STEP][PASSED] - click(findTestObject("1. Constant/xpath", ["xpath":"//*[@id="create_ref_btn"]/button"])): Object: 'Object Repository/1. Constant/xpath' is clicked on

2022-06-09 21:12:09 - [MESSAGE][PASSED] - Object: 'Object Repository/1. Constant/xpath' is clicked on

2022-06-09 21:12:09 - [TEST_STEP][PASSED] - delay(1): Delayed 1 second(s)

2022-06-09 21:12:10 - [MESSAGE][PASSED] - Delayed 1 second(s)

2022-06-09 21:12:10 - [TEST_STEP][PASSED] - click(findTestObject("1. Constant/xpath", ["xpath":"//*[@id="create_ref_btn"]/div/a"])): Object: 'Object Repository/1. Constant/xpath' is clicked on

2022-06-09 21:12:12 - [MESSAGE][PASSED] - Object: 'Object Repository/1. Constant/xpath' is clicked on

2022-06-09 21:12:12 - [TEST_STEP][PASSED] - delay(1): Delayed 1 second(s)

2022-06-09 21:12:13 - [MESSAGE][PASSED] - Delayed 1 second(s)

2022-06-09 21:12:13 - [TEST_STEP][PASSED] - selectOptionByValue(findTestObject("1. Constant/xpath", ["xpath":"//*[@id="lfc_tpl"]"]), "36", false): All options with value '36' are selected in object 'Object Repository/1. Constant/xpath' 

2022-06-09 21:12:14 - [MESSAGE][PASSED] - All options with value '36' are selected in object 'Object Repository/1. Constant/xpath' 

2022-06-09 21:12:14 - [TEST_STEP][PASSED] - ref_name = "P28_Auto_SAS_S36_" + RandomStringUtils.randomAlphanumeric(5) + I.gettimedate(): null

2022-06-09 21:12:14 - [TEST_STEP][PASSED] - delay(1): Delayed 1 second(s)

2022-06-09 21:12:15 - [MESSAGE][PASSED] - Delayed 1 second(s)

2022-06-09 21:12:15 - [TEST_STEP][PASSED] - setText(findTestObject("1. Constant/xpath", ["xpath":"//*[@id="var_name"]"]), ref_name): Text 'P28_Auto_SAS_S36_Lgidzjuin092022_211214' is set on object 'Object Repository/1. Constant/xpath'

2022-06-09 21:12:15 - [MESSAGE][PASSED] - Text 'P28_Auto_SAS_S36_Lgidzjuin092022_211214' is set on object 'Object Repository/1. Constant/xpath'

2022-06-09 21:12:15 - [TEST_STEP][PASSED] - takeScreenshot(): Taking screenshot successfully

2022-06-09 21:12:16 - [MESSAGE][PASSED] - Taking screenshot successfully
[[ATTACHMENT|D:\\Projet Test Auto\\Mediabox Test Automation\\Reports\\20220609_181011\\03. Parallel Testing (Testing)\\TS -PT PART 3\\14.05 Dreyers Support Action (Ongoing _ Completed ref) - PART 5\\20220609_181111\\1654801935851.png]]

2022-06-09 21:12:16 - [TEST_STEP][PASSED] - click(findTestObject("1. Constant/xpath", ["xpath":"//*[@id="createRefBottom"]"])): Object: 'Object Repository/1. Constant/xpath' is clicked on

2022-06-09 21:12:20 - [MESSAGE][PASSED] - Object: 'Object Repository/1. Constant/xpath' is clicked on

2022-06-09 21:12:20 - [TEST_STEP][PASSED] - delay(1): Delayed 1 second(s)

2022-06-09 21:12:21 - [MESSAGE][PASSED] - Delayed 1 second(s)

2022-06-09 21:12:21 - [TEST_STEP][PASSED] - takeScreenshot(): Taking screenshot successfully

2022-06-09 21:12:22 - [MESSAGE][PASSED] - Taking screenshot successfully
[[ATTACHMENT|D:\\Projet Test Auto\\Mediabox Test Automation\\Reports\\20220609_181011\\03. Parallel Testing (Testing)\\TS -PT PART 3\\14.05 Dreyers Support Action (Ongoing _ Completed ref) - PART 5\\20220609_181111\\1654801941906.png]]

2022-06-09 21:12:22 - [TEST_STEP][PASSED] - refID28 = I.RefID(): Current window's url is: 'http://mdb-release.diadeis.lan/MediaboxIndependence/Base/ExecAction?IDSession=MBI%21RELTESTAUTO_DREYERS%21K5P0RWS0U94HXA6UOWFKCYHRV8B38KA1KRIV5ZV1&default_action=ModifierRef&id_project=MI000876&id_ref=5287&action_from=create_ref'

2022-06-09 21:12:27 - [MESSAGE][PASSED] - Delayed 5 second(s)

2022-06-09 21:12:27 - [MESSAGE][PASSED] - Current window's url is: 'http://mdb-release.diadeis.lan/MediaboxIndependence/Base/ExecAction?IDSession=MBI%21RELTESTAUTO_DREYERS%21K5P0RWS0U94HXA6UOWFKCYHRV8B38KA1KRIV5ZV1&default_action=ModifierRef&id_project=MI000876&id_ref=5287&action_from=create_ref'

2022-06-09 21:12:27 - [TEST_STEP][PASSED] - I.print("refID" + refID28): null

2022-06-09 21:12:27 - [TEST_STEP][PASSED] - click(findTestObject("1. Constant/xpath", ["xpath":"//*[@id="type_save"]"])): Object: 'Object Repository/1. Constant/xpath' is clicked on

2022-06-09 21:12:32 - [MESSAGE][PASSED] - Object: 'Object Repository/1. Constant/xpath' is clicked on

2022-06-09 21:12:32 - [TEST_STEP][PASSED] - takeScreenshot(): Taking screenshot successfully

2022-06-09 21:12:33 - [MESSAGE][PASSED] - Taking screenshot successfully
[[ATTACHMENT|D:\\Projet Test Auto\\Mediabox Test Automation\\Reports\\20220609_181011\\03. Parallel Testing (Testing)\\TS -PT PART 3\\14.05 Dreyers Support Action (Ongoing _ Completed ref) - PART 5\\20220609_181111\\1654801953161.png]]

2022-06-09 21:12:33 - [TEST_STEP][PASSED] - delay(1): Delayed 1 second(s)

2022-06-09 21:12:34 - [MESSAGE][PASSED] - Delayed 1 second(s)

2022-06-09 21:12:34 - [TEST_STEP][PASSED] - I.SearchRefNo_xpath("P28_Auto", "//*[@id="fiche_filter_keywords11"]", "//*[@id="form_filters"]/div[3]/button"): Delayed 5 second(s)

2022-06-09 21:12:35 - [MESSAGE][PASSED] - Delayed 1 second(s)

2022-06-09 21:12:35 - [MESSAGE][PASSED] - Text 'P28_Auto' is set on object 'Object Repository/1. Constant/xpath'

2022-06-09 21:12:38 - [MESSAGE][PASSED] - Delayed 3 second(s)

2022-06-09 21:12:38 - [MESSAGE][PASSED] - Scroll to object 'Object Repository/1. Constant/xpath' successfully

2022-06-09 21:12:41 - [MESSAGE][PASSED] - Object: 'Object Repository/1. Constant/xpath' is clicked on

2022-06-09 21:12:46 - [MESSAGE][PASSED] - Delayed 5 second(s)

2022-06-09 21:12:46 - [TEST_STEP][PASSED] - click(findTestObject("1. Constant/xpath", ["xpath":"//*[@id="source_" + refID28 + ""]/td[6]/a"])): Object: 'Object Repository/1. Constant/xpath' is clicked on

2022-06-09 21:12:51 - [MESSAGE][PASSED] - Object: 'Object Repository/1. Constant/xpath' is clicked on

2022-06-09 21:12:51 - [TEST_STEP][PASSED] - click(findTestObject("1. Constant/xpath", ["xpath":"//*[@id="kt_content"]/div[3]/div/ul/li[3]/a"])): Object: 'Object Repository/1. Constant/xpath' is clicked on

2022-06-09 21:12:53 - [MESSAGE][PASSED] - Object: 'Object Repository/1. Constant/xpath' is clicked on

2022-06-09 21:12:53 - [TEST_STEP][PASSED] - takeScreenshot(): Taking screenshot successfully

2022-06-09 21:12:53 - [MESSAGE][PASSED] - Taking screenshot successfully
[[ATTACHMENT|D:\\Projet Test Auto\\Mediabox Test Automation\\Reports\\20220609_181011\\03. Parallel Testing (Testing)\\TS -PT PART 3\\14.05 Dreyers Support Action (Ongoing _ Completed ref) - PART 5\\20220609_181111\\1654801973208.png]]

2022-06-09 21:12:53 - [TEST_STEP][PASSED] - click(findTestObject("1. Constant/xpath", ["xpath":"/html/body/div[1]/div[2]/div[8]/div[3]/div/div[3]/div[3]/div/div/div[1]/div/div[1]/div/div[1]/div[2]/div/button"])): Object: 'Object Repository/1. Constant/xpath' is clicked on

2022-06-09 21:12:53 - [MESSAGE][PASSED] - Object: 'Object Repository/1. Constant/xpath' is clicked on

2022-06-09 21:12:53 - [TEST_STEP][PASSED] - takeScreenshot(): Taking screenshot successfully

2022-06-09 21:12:54 - [MESSAGE][PASSED] - Taking screenshot successfully
[[ATTACHMENT|D:\\Projet Test Auto\\Mediabox Test Automation\\Reports\\20220609_181011\\03. Parallel Testing (Testing)\\TS -PT PART 3\\14.05 Dreyers Support Action (Ongoing _ Completed ref) - PART 5\\20220609_181111\\1654801973823.png]]

2022-06-09 21:12:54 - [TEST_STEP][PASSED] - delay(1): Delayed 1 second(s)

2022-06-09 21:12:55 - [MESSAGE][PASSED] - Delayed 1 second(s)

2022-06-09 21:12:55 - [TEST_STEP][PASSED] - x = 15: null

2022-06-09 21:12:55 - [TEST_STEP][PASSED] - i = 1: null

2022-06-09 21:12:55 - [TEST_STEP][PASSED] - while (i <= x): null

2022-06-09 21:12:55 - [TEST_STEP][PASSED] - Expected_SAS_Selected = "SAS S36 : Add Phase 1.2 / Skip Phase 1.2": null

2022-06-09 21:12:55 - [TEST_STEP][PASSED] - xpath_SAS = "/html/body/div[1]/div[2]/div[8]/div[3]/div/div[3]/div[3]/div/div/div[1]/div/div[1]/div/div[1]/div[2]/div/div/a[" + i + "]": null

2022-06-09 21:12:55 - [TEST_STEP][PASSED] - Actual_SAS = getText(findTestObject("1. Constant/xpath", ["xpath":xpath_SAS])): Text of object 'Object Repository/1. Constant/xpath' is: 'SAS S37: Skip P1.2/Add Phase 1.1/ Skip P1.1'

2022-06-09 21:12:55 - [MESSAGE][PASSED] - Text of object 'Object Repository/1. Constant/xpath' is: 'SAS S37: Skip P1.2/Add Phase 1.1/ Skip P1.1'

2022-06-09 21:12:55 - [TEST_STEP][PASSED] - I.print(i): null

2022-06-09 21:12:55 - [TEST_STEP][PASSED] - if (Actual_SAS.contains(Expected_SAS_Selected)): null

2022-06-09 21:12:55 - [TEST_STEP][PASSED] - i = i + 1: null

2022-06-09 21:12:55 - [TEST_STEP][PASSED] - Expected_SAS_Selected = "SAS S36 : Add Phase 1.2 / Skip Phase 1.2": null

2022-06-09 21:12:55 - [TEST_STEP][PASSED] - xpath_SAS = "/html/body/div[1]/div[2]/div[8]/div[3]/div/div[3]/div[3]/div/div/div[1]/div/div[1]/div/div[1]/div[2]/div/div/a[" + i + "]": null

2022-06-09 21:12:55 - [TEST_STEP][PASSED] - Actual_SAS = getText(findTestObject("1. Constant/xpath", ["xpath":xpath_SAS])): Text of object 'Object Repository/1. Constant/xpath' is: 'SAS: S4 - Skip 1.2 / Add Step A / Skip 1.1'

2022-06-09 21:12:55 - [MESSAGE][PASSED] - Text of object 'Object Repository/1. Constant/xpath' is: 'SAS: S4 - Skip 1.2 / Add Step A / Skip 1.1'

2022-06-09 21:12:55 - [TEST_STEP][PASSED] - I.print(i): null

2022-06-09 21:12:55 - [TEST_STEP][PASSED] - if (Actual_SAS.contains(Expected_SAS_Selected)): null

2022-06-09 21:12:55 - [TEST_STEP][PASSED] - i = i + 1: null

2022-06-09 21:12:55 - [TEST_STEP][PASSED] - Expected_SAS_Selected = "SAS S36 : Add Phase 1.2 / Skip Phase 1.2": null

2022-06-09 21:12:55 - [TEST_STEP][PASSED] - xpath_SAS = "/html/body/div[1]/div[2]/div[8]/div[3]/div/div[3]/div[3]/div/div/div[1]/div/div[1]/div/div[1]/div[2]/div/div/a[" + i + "]": null

2022-06-09 21:12:55 - [TEST_STEP][PASSED] - Actual_SAS = getText(findTestObject("1. Constant/xpath", ["xpath":xpath_SAS])): Text of object 'Object Repository/1. Constant/xpath' is: 'SAS S23: Skip P1.2/ Add PG 1.1_1.2/ Skip P1.1'

2022-06-09 21:12:55 - [MESSAGE][PASSED] - Text of object 'Object Repository/1. Constant/xpath' is: 'SAS S23: Skip P1.2/ Add PG 1.1_1.2/ Skip P1.1'

2022-06-09 21:12:55 - [TEST_STEP][PASSED] - I.print(i): null

2022-06-09 21:12:55 - [TEST_STEP][PASSED] - if (Actual_SAS.contains(Expected_SAS_Selected)): null

2022-06-09 21:12:55 - [TEST_STEP][PASSED] - i = i + 1: null

2022-06-09 21:12:55 - [TEST_STEP][PASSED] - Expected_SAS_Selected = "SAS S36 : Add Phase 1.2 / Skip Phase 1.2": null

2022-06-09 21:12:55 - [TEST_STEP][PASSED] - xpath_SAS = "/html/body/div[1]/div[2]/div[8]/div[3]/div/div[3]/div[3]/div/div/div[1]/div/div[1]/div/div[1]/div[2]/div/div/a[" + i + "]": null

2022-06-09 21:12:55 - [TEST_STEP][PASSED] - Actual_SAS = getText(findTestObject("1. Constant/xpath", ["xpath":xpath_SAS])): Text of object 'Object Repository/1. Constant/xpath' is: 'SAS S36 : Add Phase 1.2 / Skip Phase 1.2'

2022-06-09 21:12:55 - [MESSAGE][PASSED] - Text of object 'Object Repository/1. Constant/xpath' is: 'SAS S36 : Add Phase 1.2 / Skip Phase 1.2'

2022-06-09 21:12:55 - [TEST_STEP][PASSED] - I.print(i): null

2022-06-09 21:12:55 - [TEST_STEP][PASSED] - if (Actual_SAS.contains(Expected_SAS_Selected)): null

2022-06-09 21:12:55 - [TEST_STEP][PASSED] - I.click_button_javascriptS(xpath_SAS): Execute JavaScript 'arguments[0].click()' successfully

2022-06-09 21:12:55 - [MESSAGE][PASSED] - Execute JavaScript 'arguments[0].click()' successfully

2022-06-09 21:12:55 - [TEST_STEP][PASSED] - break: null

2022-06-09 21:12:55 - [TEST_STEP][PASSED] - takeScreenshot(): Taking screenshot successfully

2022-06-09 21:12:56 - [MESSAGE][PASSED] - Taking screenshot successfully
[[ATTACHMENT|D:\\Projet Test Auto\\Mediabox Test Automation\\Reports\\20220609_181011\\03. Parallel Testing (Testing)\\TS -PT PART 3\\14.05 Dreyers Support Action (Ongoing _ Completed ref) - PART 5\\20220609_181111\\1654801975777.png]]

2022-06-09 21:12:56 - [TEST_STEP][PASSED] - click(findTestObject("1. Constant/xpath", ["xpath":"//*[@id="confirmSupportActionShortcut"]"])): Object: 'Object Repository/1. Constant/xpath' is clicked on

2022-06-09 21:12:59 - [MESSAGE][PASSED] - Object: 'Object Repository/1. Constant/xpath' is clicked on

2022-06-09 21:12:59 - [TEST_STEP][PASSED] - takeScreenshot(): Taking screenshot successfully

2022-06-09 21:12:59 - [MESSAGE][PASSED] - Taking screenshot successfully
[[ATTACHMENT|D:\\Projet Test Auto\\Mediabox Test Automation\\Reports\\20220609_181011\\03. Parallel Testing (Testing)\\TS -PT PART 3\\14.05 Dreyers Support Action (Ongoing _ Completed ref) - PART 5\\20220609_181111\\1654801979055.png]]

2022-06-09 21:12:59 - [TEST_STEP][PASSED] - click(findTestObject("1. Constant/xpath", ["xpath":"//*[@id="kt_content"]/div[3]/div/ul/li[3]/a"])): Object: 'Object Repository/1. Constant/xpath' is clicked on

2022-06-09 21:13:01 - [MESSAGE][PASSED] - Object: 'Object Repository/1. Constant/xpath' is clicked on

2022-06-09 21:13:01 - [TEST_STEP][PASSED] - takeScreenshot(): Taking screenshot successfully

2022-06-09 21:13:01 - [MESSAGE][PASSED] - Taking screenshot successfully
[[ATTACHMENT|D:\\Projet Test Auto\\Mediabox Test Automation\\Reports\\20220609_181011\\03. Parallel Testing (Testing)\\TS -PT PART 3\\14.05 Dreyers Support Action (Ongoing _ Completed ref) - PART 5\\20220609_181111\\1654801981315.png]]

2022-06-09 21:13:01 - [TEST_STEP][PASSED] - StepA_1 = getAttribute(findTestObject("1. Constant/xpath", ["xpath":"/html/body/div[1]/div[2]/div[8]/div[3]/div/div[3]/div[3]/div/ul/li[1]/a"]), "class"): Attribute 'class' of object 'Object Repository/1. Constant/xpath' is: 'nav-link timeline-badge badge-xl  bg-pending active'

2022-06-09 21:13:01 - [MESSAGE][PASSED] - Attribute 'class' of object 'Object Repository/1. Constant/xpath' is: 'nav-link timeline-badge badge-xl  bg-pending active'

2022-06-09 21:13:01 - [TEST_STEP][PASSED] - verifyMatch(StepA_1, "nav-link timeline-badge badge-xl  bg-pending active", false): Actual text 'nav-link timeline-badge badge-xl  bg-pending active' and expected text 'nav-link timeline-badge badge-xl  bg-pending active' are matched 

2022-06-09 21:13:01 - [MESSAGE][PASSED] - Actual text 'nav-link timeline-badge badge-xl  bg-pending active' and expected text 'nav-link timeline-badge badge-xl  bg-pending active' are matched 

2022-06-09 21:13:01 - [TEST_STEP][PASSED] - StepA_11 = I.Get_Stepname("/html/body/div[1]/div[2]/div[8]/div[3]/div/div[3]/div[3]/div/ul/li[1]/a"): Attribute 'href' of object 'Object Repository/1. Constant/xpath' is: 'http://mdb-release.diadeis.lan/MediaboxIndependence/Base/ExecAction?action=VoirRef&IDSession=MBI!RELTESTAUTO_DREYERS!K5P0RWS0U94HXA6UOWFKCYHRV8B38KA1KRIV5ZV1&num=HMDYA9Y29Q&id_ref=5287#tab_lifecycle_SASStepA_12227'

2022-06-09 21:13:06 - [MESSAGE][PASSED] - Delayed 5 second(s)

2022-06-09 21:13:06 - [MESSAGE][PASSED] - Attribute 'href' of object 'Object Repository/1. Constant/xpath' is: 'http://mdb-release.diadeis.lan/MediaboxIndependence/Base/ExecAction?action=VoirRef&IDSession=MBI!RELTESTAUTO_DREYERS!K5P0RWS0U94HXA6UOWFKCYHRV8B38KA1KRIV5ZV1&num=HMDYA9Y29Q&id_ref=5287#tab_lifecycle_SASStepA_12227'

2022-06-09 21:13:06 - [TEST_STEP][PASSED] - verifyMatch(StepA_11, "SASStepA", false): Actual text 'SASStepA' and expected text 'SASStepA' are matched 

2022-06-09 21:13:06 - [MESSAGE][PASSED] - Actual text 'SASStepA' and expected text 'SASStepA' are matched 

2022-06-09 21:13:06 - [TEST_STEP][PASSED] - StepA2_11 = getAttribute(findTestObject("1. Constant/xpath", ["xpath":"/html/body/div[1]/div[2]/div[8]/div[3]/div/div[3]/div[3]/div/div/div[1]/div/div[1]/span"]), "class"): Attribute 'class' of object 'Object Repository/1. Constant/xpath' is: 'timeline-badge badge-md bg-complete '

2022-06-09 21:13:07 - [MESSAGE][PASSED] - Attribute 'class' of object 'Object Repository/1. Constant/xpath' is: 'timeline-badge badge-md bg-complete '

2022-06-09 21:13:07 - [TEST_STEP][PASSED] - verifyMatch(StepA2_11, "timeline-badge badge-md bg-complete ", false): Actual text 'timeline-badge badge-md bg-complete ' and expected text 'timeline-badge badge-md bg-complete ' are matched 

2022-06-09 21:13:07 - [MESSAGE][PASSED] - Actual text 'timeline-badge badge-md bg-complete ' and expected text 'timeline-badge badge-md bg-complete ' are matched 

2022-06-09 21:13:07 - [TEST_STEP][PASSED] - Name_StepA2_11 = getText(findTestObject("1. Constant/xpath", ["xpath":"/html/body/div[1]/div[2]/div[8]/div[3]/div/div[3]/div[3]/div/div/div[1]/div/div[1]/div/div[1]/div[1]/h3"])): Text of object 'Object Repository/1. Constant/xpath' is: 'Phase 1.1 [Standard]'

2022-06-09 21:13:07 - [MESSAGE][PASSED] - Text of object 'Object Repository/1. Constant/xpath' is: 'Phase 1.1 [Standard]'

2022-06-09 21:13:07 - [TEST_STEP][PASSED] - verifyMatch(Name_StepA2_11, "Phase 1.1 [Standard]", false): Actual text 'Phase 1.1 [Standard]' and expected text 'Phase 1.1 [Standard]' are matched 

2022-06-09 21:13:07 - [MESSAGE][PASSED] - Actual text 'Phase 1.1 [Standard]' and expected text 'Phase 1.1 [Standard]' are matched 

2022-06-09 21:13:07 - [TEST_STEP][PASSED] - Added_StepA2_12 = getText(findTestObject("1. Constant/xpath", ["xpath":"/html/body/div[1]/div[2]/div[8]/div[3]/div/div[3]/div[3]/div/div/div[1]/div/div[2]/div/div[1]/div[1]/h3"])): Text of object 'Object Repository/1. Constant/xpath' is: 'Phase 1.2 [Standard Phase]'

2022-06-09 21:13:07 - [MESSAGE][PASSED] - Text of object 'Object Repository/1. Constant/xpath' is: 'Phase 1.2 [Standard Phase]'

2022-06-09 21:13:07 - [TEST_STEP][PASSED] - verifyMatch(Added_StepA2_12, "Phase 1.2 [Standard Phase]", false): Actual text 'Phase 1.2 [Standard Phase]' and expected text 'Phase 1.2 [Standard Phase]' are matched 

2022-06-09 21:13:07 - [MESSAGE][PASSED] - Actual text 'Phase 1.2 [Standard Phase]' and expected text 'Phase 1.2 [Standard Phase]' are matched 

2022-06-09 21:13:07 - [TEST_STEP][PASSED] - Started_StepA2_11 = getText(findTestObject("1. Constant/xpath", ["xpath":"/html/body/div[1]/div[2]/div[8]/div[3]/div/div[3]/div[3]/div/div/div[1]/div/div[2]/div/div[2]/div[1]"])): Text of object 'Object Repository/1. Constant/xpath' is: 'Started 06/09/22 03:12 PM'

2022-06-09 21:13:07 - [MESSAGE][PASSED] - Text of object 'Object Repository/1. Constant/xpath' is: 'Started 06/09/22 03:12 PM'

2022-06-09 21:13:07 - [TEST_STEP][PASSED] - if (Started_StepA2_11.contains("Started")): Actual object '1' and expected object '1' are equal

2022-06-09 21:13:07 - [TEST_STEP][PASSED] - verifyEqual(1, 1): Actual object '1' and expected object '1' are equal

2022-06-09 21:13:07 - [MESSAGE][PASSED] - Actual object '1' and expected object '1' are equal

2022-06-09 21:13:07 - [TEST_STEP][PASSED] - I.Logout(): Delayed 3 second(s)

2022-06-09 21:13:10 - [MESSAGE][PASSED] - Delayed 3 second(s)

2022-06-09 21:13:10 - [MESSAGE][PASSED] - Object: 'Object Repository/1. Constant/xpath' is clicked on

2022-06-09 21:13:13 - [MESSAGE][PASSED] - Delayed 3 second(s)

2022-06-09 21:13:15 - [MESSAGE][PASSED] - Object: 'Object Repository/1. Constant/xpath' is clicked on

2022-06-09 21:13:18 - [MESSAGE][PASSED] - Delayed 3 second(s)

2022-06-09 21:13:18 - [TEST_STEP][PASSED] - I.Login_password("nturner", password_nturner): Object: 'Object Repository/1. Constant/xpath' is clicked on

2022-06-09 21:13:19 - [MESSAGE][PASSED] - Text 'nturner' is set on object 'Object Repository/1. Constant/xpath'

2022-06-09 21:13:20 - [MESSAGE][PASSED] - Delayed 1 second(s)

2022-06-09 21:13:20 - [MESSAGE][PASSED] - Text 'diadeis1' is set on object 'Object Repository/1. Constant/xpath'

2022-06-09 21:13:21 - [MESSAGE][PASSED] - Delayed 1 second(s)

2022-06-09 21:13:26 - [MESSAGE][PASSED] - Object: 'Object Repository/1. Constant/xpath' is clicked on

2022-06-09 21:13:26 - [TEST_STEP][PASSED] - takeScreenshot(): Taking screenshot successfully

2022-06-09 21:13:27 - [MESSAGE][PASSED] - Taking screenshot successfully
[[ATTACHMENT|D:\\Projet Test Auto\\Mediabox Test Automation\\Reports\\20220609_181011\\03. Parallel Testing (Testing)\\TS -PT PART 3\\14.05 Dreyers Support Action (Ongoing _ Completed ref) - PART 5\\20220609_181111\\1654802006690.png]]

2022-06-09 21:13:27 - [TEST_STEP][PASSED] - click(findTestObject("1. Constant/02_LHSMenu_Projects")): Object: 'Object Repository/1. Constant/02_LHSMenu_Projects' is clicked on

2022-06-09 21:13:31 - [MESSAGE][PASSED] - Object: 'Object Repository/1. Constant/02_LHSMenu_Projects' is clicked on

2022-06-09 21:13:31 - [TEST_STEP][PASSED] - I.SearchProjectNo_xpath(Project_No, "//*[@id="keynum_project"]", "//*[@id="form_filters"]/div[4]/button"): Delayed 5 second(s)

2022-06-09 21:13:32 - [MESSAGE][PASSED] - Delayed 1 second(s)

2022-06-09 21:13:32 - [MESSAGE][PASSED] - Text 'MI000876' is set on object 'Object Repository/1. Constant/xpath'

2022-06-09 21:13:35 - [MESSAGE][PASSED] - Delayed 3 second(s)

2022-06-09 21:13:37 - [MESSAGE][PASSED] - Scroll to object 'Object Repository/1. Constant/xpath' successfully

2022-06-09 21:13:42 - [MESSAGE][PASSED] - Object: 'Object Repository/1. Constant/xpath' is clicked on

2022-06-09 21:13:47 - [MESSAGE][PASSED] - Delayed 5 second(s)

2022-06-09 21:13:47 - [TEST_STEP][PASSED] - takeScreenshot(): Taking screenshot successfully

2022-06-09 21:13:49 - [MESSAGE][PASSED] - Taking screenshot successfully
[[ATTACHMENT|D:\\Projet Test Auto\\Mediabox Test Automation\\Reports\\20220609_181011\\03. Parallel Testing (Testing)\\TS -PT PART 3\\14.05 Dreyers Support Action (Ongoing _ Completed ref) - PART 5\\20220609_181111\\1654802028090.png]]

2022-06-09 21:13:49 - [TEST_STEP][PASSED] - I.SearchRefNo_xpath("P28_Auto", "//*[@id="fiche_filter_keywords11"]", "//*[@id="form_filters"]/div[3]/button"): Delayed 5 second(s)

2022-06-09 21:13:50 - [MESSAGE][PASSED] - Delayed 1 second(s)

2022-06-09 21:13:54 - [MESSAGE][PASSED] - Text 'P28_Auto' is set on object 'Object Repository/1. Constant/xpath'

2022-06-09 21:13:57 - [MESSAGE][PASSED] - Delayed 3 second(s)

2022-06-09 21:13:58 - [MESSAGE][PASSED] - Scroll to object 'Object Repository/1. Constant/xpath' successfully

2022-06-09 21:14:02 - [MESSAGE][PASSED] - Object: 'Object Repository/1. Constant/xpath' is clicked on

2022-06-09 21:14:07 - [MESSAGE][PASSED] - Delayed 5 second(s)

2022-06-09 21:14:07 - [TEST_STEP][PASSED] - delay(1): Delayed 1 second(s)

2022-06-09 21:14:08 - [MESSAGE][PASSED] - Delayed 1 second(s)

2022-06-09 21:14:08 - [TEST_STEP][PASSED] - takeScreenshot(): Taking screenshot successfully

2022-06-09 21:14:09 - [MESSAGE][PASSED] - Taking screenshot successfully
[[ATTACHMENT|D:\\Projet Test Auto\\Mediabox Test Automation\\Reports\\20220609_181011\\03. Parallel Testing (Testing)\\TS -PT PART 3\\14.05 Dreyers Support Action (Ongoing _ Completed ref) - PART 5\\20220609_181111\\1654802049262.png]]

2022-06-09 21:14:09 - [TEST_STEP][PASSED] - Lifecycle_Status1 = getText(findTestObject("1. Constant/xpath", ["xpath":"//*[@id="source_" + refID28 + ""]/td[12]/span[1]"])): Text of object 'Object Repository/1. Constant/xpath' is: 'Phase 1.2 [Standard Phase]'

2022-06-09 21:14:11 - [MESSAGE][PASSED] - Text of object 'Object Repository/1. Constant/xpath' is: 'Phase 1.2 [Standard Phase]'

2022-06-09 21:14:11 - [TEST_STEP][PASSED] - verifyMatch(Lifecycle_Status1, "Phase 1.2 [Standard Phase]", false): Actual text 'Phase 1.2 [Standard Phase]' and expected text 'Phase 1.2 [Standard Phase]' are matched 

2022-06-09 21:14:11 - [MESSAGE][PASSED] - Actual text 'Phase 1.2 [Standard Phase]' and expected text 'Phase 1.2 [Standard Phase]' are matched 

2022-06-09 21:14:11 - [TEST_STEP][PASSED] - click(findTestObject("1. Constant/xpath", ["xpath":"//*[@id="source_" + refID28 + ""]/td[13]/a[2]"])): Object: 'Object Repository/1. Constant/xpath' is clicked on

2022-06-09 21:14:16 - [MESSAGE][PASSED] - Object: 'Object Repository/1. Constant/xpath' is clicked on

2022-06-09 21:14:16 - [TEST_STEP][PASSED] - click(findTestObject("1. Constant/xpath", ["xpath":"//*[@id="ModifFiche"]/div[1]/div/button[2]"])): Object: 'Object Repository/1. Constant/xpath' is clicked on

2022-06-09 21:14:27 - [MESSAGE][PASSED] - Object: 'Object Repository/1. Constant/xpath' is clicked on

2022-06-09 21:14:27 - [TEST_STEP][PASSED] - Lifecycle_Status2 = getText(findTestObject("1. Constant/xpath", ["xpath":"//*[@id="source_" + refID28 + ""]/td[12]/span[1]"])): Text of object 'Object Repository/1. Constant/xpath' is: 'Phase 1.2 [Standard Phase]'

2022-06-09 21:14:28 - [MESSAGE][PASSED] - Text of object 'Object Repository/1. Constant/xpath' is: 'Phase 1.2 [Standard Phase]'

2022-06-09 21:14:28 - [TEST_STEP][PASSED] - verifyMatch(Lifecycle_Status2, "Phase 1.2 [Standard Phase]", false): Actual text 'Phase 1.2 [Standard Phase]' and expected text 'Phase 1.2 [Standard Phase]' are matched 

2022-06-09 21:14:28 - [MESSAGE][PASSED] - Actual text 'Phase 1.2 [Standard Phase]' and expected text 'Phase 1.2 [Standard Phase]' are matched 

2022-06-09 21:14:28 - [TEST_STEP][PASSED] - click(findTestObject("1. Constant/xpath", ["xpath":"//*[@id="source_" + refID28 + ""]/td[13]/a[2]"])): Object: 'Object Repository/1. Constant/xpath' is clicked on

2022-06-09 21:14:34 - [MESSAGE][PASSED] - Object: 'Object Repository/1. Constant/xpath' is clicked on

2022-06-09 21:14:34 - [TEST_STEP][PASSED] - click(findTestObject("1. Constant/xpath", ["xpath":"//*[@id="ModifFiche"]/div[1]/div/button[2]"])): Object: 'Object Repository/1. Constant/xpath' is clicked on

2022-06-09 21:14:42 - [MESSAGE][PASSED] - Object: 'Object Repository/1. Constant/xpath' is clicked on

2022-06-09 21:14:42 - [TEST_STEP][PASSED] - Lifecycle_Status3 = getText(findTestObject("1. Constant/xpath", ["xpath":"//*[@id="source_" + refID28 + ""]/td[12]/span[1]"])): Text of object 'Object Repository/1. Constant/xpath' is: 'Phase 2.1 [Production]'

2022-06-09 21:14:44 - [MESSAGE][PASSED] - Text of object 'Object Repository/1. Constant/xpath' is: 'Phase 2.1 [Production]'

2022-06-09 21:14:44 - [TEST_STEP][PASSED] - verifyMatch(Lifecycle_Status3, "Phase 2.1 [Production]", false): Actual text 'Phase 2.1 [Production]' and expected text 'Phase 2.1 [Production]' are matched 

2022-06-09 21:14:44 - [MESSAGE][PASSED] - Actual text 'Phase 2.1 [Production]' and expected text 'Phase 2.1 [Production]' are matched 

2022-06-09 21:14:44 - [TEST_STEP][PASSED] - closeBrowser(): Browser is closed

2022-06-09 21:14:55 - [MESSAGE][PASSED] - Browser is closed

2022-06-09 21:14:55 - [TEST_STEP][PASSED] - Start listener action : sampleAfterTestCase: null]]></system-out>
         <system-err><![CDATA[]]></system-err>
      </testcase>
      <testcase name="Test Cases/19. Dreyers Support Action (Ongoing ref_completed)/19.29 Dreyers SAS Add Phase (Ongoing ref) S37 - P29" time="195.675" classname="Test Cases/19. Dreyers Support Action (Ongoing ref_completed)/19.29 Dreyers SAS Add Phase (Ongoing ref) S37 - P29" status="PASSED">
         <system-out><![CDATA[2022-06-09 21:14:55 - [TEST_CASE][PASSED] - Test Cases/19. Dreyers Support Action (Ongoing ref_completed)/19.29 Dreyers SAS Add Phase (Ongoing ref) S37 - P29: Test Cases/19. Dreyers Support Action (Ongoing ref_completed)/19.29 Dreyers SAS Add Phase (Ongoing ref) S37 - P29

2022-06-09 21:14:57 - [TEST_STEP][PASSED] - data_Dreyers = findTestData("Data Files/Username_Password/Dreyer"): null

2022-06-09 21:14:57 - [TEST_STEP][PASSED] - password_suser = data_Dreyers.getValue(2, 1): null

2022-06-09 21:14:57 - [TEST_STEP][PASSED] - password_blemco = data_Dreyers.getValue(2, 2): null

2022-06-09 21:14:57 - [TEST_STEP][PASSED] - data_urlRELAUTO = findTestData("Data Files/URL/URL_relauto"): null

2022-06-09 21:14:57 - [TEST_STEP][PASSED] - Url_Dreyer = data_urlRELAUTO.getValue(2, 4): null

2022-06-09 21:14:57 - [TEST_STEP][PASSED] - Project_No = I.readnotepad("D:\Upoad_File\Projet_ Login\Dreyers\19.1\19.1_Dreyers_ProjectNo.txt"): null

2022-06-09 21:14:57 - [TEST_STEP][PASSED] - refID = I.readnotepad("D:\Upoad_File\Projet_ Login\Dreyers\19.1\19.1_Dreyers_refID.txt"): null

2022-06-09 21:14:57 - [TEST_STEP][PASSED] - openBrowser(Url_Dreyer): Browser is opened with url: 'http://mdb-release.diadeis.lan/MediaboxIndependence/?MBI_datasource=RELTESTAUTO_DREYERS'

2022-06-09 21:14:57 - [MESSAGE][INFO] - Starting 'Chrome (headless)' driver

2022-06-09 21:14:57 - [MESSAGE][INFO] - User set preference: ['args', '[--window-size=1920,1080, --headless]']

2022-06-09 21:14:57 - [MESSAGE][INFO] - Action delay is set to 0 milliseconds

2022-06-09 21:15:14 - [MESSAGE][PASSED] - Browser is opened with url: 'http://mdb-release.diadeis.lan/MediaboxIndependence/?MBI_datasource=RELTESTAUTO_DREYERS'

2022-06-09 21:15:14 - [TEST_STEP][PASSED] - maximizeWindow(): Current window maximized

2022-06-09 21:15:14 - [MESSAGE][PASSED] - Current window maximized

2022-06-09 21:15:14 - [TEST_STEP][PASSED] - I.Login_password("suser", password_suser): Object: 'Object Repository/1. Constant/xpath' is clicked on

2022-06-09 21:15:14 - [MESSAGE][PASSED] - Text 'suser' is set on object 'Object Repository/1. Constant/xpath'

2022-06-09 21:15:15 - [MESSAGE][PASSED] - Delayed 1 second(s)

2022-06-09 21:15:16 - [MESSAGE][PASSED] - Text 'diadeis' is set on object 'Object Repository/1. Constant/xpath'

2022-06-09 21:15:17 - [MESSAGE][PASSED] - Delayed 1 second(s)

2022-06-09 21:15:26 - [MESSAGE][PASSED] - Object: 'Object Repository/1. Constant/xpath' is clicked on

2022-06-09 21:15:26 - [TEST_STEP][PASSED] - click(findTestObject("1. Constant/02_LHSMenu_Projects")): Object: 'Object Repository/1. Constant/02_LHSMenu_Projects' is clicked on

2022-06-09 21:15:28 - [MESSAGE][PASSED] - Object: 'Object Repository/1. Constant/02_LHSMenu_Projects' is clicked on

2022-06-09 21:15:28 - [TEST_STEP][PASSED] - I.SearchProjectNo_xpath(Project_No, "//*[@id="keynum_project"]", "//*[@id="form_filters"]/div[4]/button"): Delayed 5 second(s)

2022-06-09 21:15:29 - [MESSAGE][PASSED] - Delayed 1 second(s)

2022-06-09 21:15:30 - [MESSAGE][PASSED] - Text 'MI000876' is set on object 'Object Repository/1. Constant/xpath'

2022-06-09 21:15:33 - [MESSAGE][PASSED] - Delayed 3 second(s)

2022-06-09 21:15:35 - [MESSAGE][PASSED] - Scroll to object 'Object Repository/1. Constant/xpath' successfully

2022-06-09 21:15:46 - [MESSAGE][PASSED] - Object: 'Object Repository/1. Constant/xpath' is clicked on

2022-06-09 21:15:51 - [MESSAGE][PASSED] - Delayed 5 second(s)

2022-06-09 21:15:51 - [TEST_STEP][PASSED] - takeScreenshot(): Taking screenshot successfully

2022-06-09 21:15:52 - [MESSAGE][PASSED] - Taking screenshot successfully
[[ATTACHMENT|D:\\Projet Test Auto\\Mediabox Test Automation\\Reports\\20220609_181011\\03. Parallel Testing (Testing)\\TS -PT PART 3\\14.05 Dreyers Support Action (Ongoing _ Completed ref) - PART 5\\20220609_181111\\1654802152085.png]]

2022-06-09 21:15:52 - [TEST_STEP][PASSED] - click(findTestObject("1. Constant/xpath", ["xpath":"//*[@id="create_ref_btn"]/button"])): Object: 'Object Repository/1. Constant/xpath' is clicked on

2022-06-09 21:15:52 - [MESSAGE][PASSED] - Object: 'Object Repository/1. Constant/xpath' is clicked on

2022-06-09 21:15:52 - [TEST_STEP][PASSED] - delay(1): Delayed 1 second(s)

2022-06-09 21:15:53 - [MESSAGE][PASSED] - Delayed 1 second(s)

2022-06-09 21:15:53 - [TEST_STEP][PASSED] - click(findTestObject("1. Constant/xpath", ["xpath":"//*[@id="create_ref_btn"]/div/a"])): Object: 'Object Repository/1. Constant/xpath' is clicked on

2022-06-09 21:15:55 - [MESSAGE][PASSED] - Object: 'Object Repository/1. Constant/xpath' is clicked on

2022-06-09 21:15:55 - [TEST_STEP][PASSED] - delay(1): Delayed 1 second(s)

2022-06-09 21:15:56 - [MESSAGE][PASSED] - Delayed 1 second(s)

2022-06-09 21:15:56 - [TEST_STEP][PASSED] - selectOptionByValue(findTestObject("1. Constant/xpath", ["xpath":"//*[@id="lfc_tpl"]"]), "36", false): All options with value '36' are selected in object 'Object Repository/1. Constant/xpath' 

2022-06-09 21:15:57 - [MESSAGE][PASSED] - All options with value '36' are selected in object 'Object Repository/1. Constant/xpath' 

2022-06-09 21:15:57 - [TEST_STEP][PASSED] - ref_name = "P29_Auto_SAS_S37_" + RandomStringUtils.randomAlphanumeric(5) + I.gettimedate(): null

2022-06-09 21:15:57 - [TEST_STEP][PASSED] - delay(1): Delayed 1 second(s)

2022-06-09 21:15:58 - [MESSAGE][PASSED] - Delayed 1 second(s)

2022-06-09 21:15:58 - [TEST_STEP][PASSED] - setText(findTestObject("1. Constant/xpath", ["xpath":"//*[@id="var_name"]"]), ref_name): Text 'P29_Auto_SAS_S37_OhtWtjuin092022_211557' is set on object 'Object Repository/1. Constant/xpath'

2022-06-09 21:15:59 - [MESSAGE][PASSED] - Text 'P29_Auto_SAS_S37_OhtWtjuin092022_211557' is set on object 'Object Repository/1. Constant/xpath'

2022-06-09 21:15:59 - [TEST_STEP][PASSED] - takeScreenshot(): Taking screenshot successfully

2022-06-09 21:15:59 - [MESSAGE][PASSED] - Taking screenshot successfully
[[ATTACHMENT|D:\\Projet Test Auto\\Mediabox Test Automation\\Reports\\20220609_181011\\03. Parallel Testing (Testing)\\TS -PT PART 3\\14.05 Dreyers Support Action (Ongoing _ Completed ref) - PART 5\\20220609_181111\\1654802159200.png]]

2022-06-09 21:15:59 - [TEST_STEP][PASSED] - click(findTestObject("1. Constant/xpath", ["xpath":"//*[@id="createRefBottom"]"])): Object: 'Object Repository/1. Constant/xpath' is clicked on

2022-06-09 21:16:03 - [MESSAGE][PASSED] - Object: 'Object Repository/1. Constant/xpath' is clicked on

2022-06-09 21:16:03 - [TEST_STEP][PASSED] - delay(1): Delayed 1 second(s)

2022-06-09 21:16:04 - [MESSAGE][PASSED] - Delayed 1 second(s)

2022-06-09 21:16:04 - [TEST_STEP][PASSED] - takeScreenshot(): Taking screenshot successfully

2022-06-09 21:16:04 - [MESSAGE][PASSED] - Taking screenshot successfully
[[ATTACHMENT|D:\\Projet Test Auto\\Mediabox Test Automation\\Reports\\20220609_181011\\03. Parallel Testing (Testing)\\TS -PT PART 3\\14.05 Dreyers Support Action (Ongoing _ Completed ref) - PART 5\\20220609_181111\\1654802164208.png]]

2022-06-09 21:16:04 - [TEST_STEP][PASSED] - refID29 = I.RefID(): Current window's url is: 'http://mdb-release.diadeis.lan/MediaboxIndependence/Base/ExecAction?IDSession=MBI%21RELTESTAUTO_DREYERS%2171L5ECUC32B5VI6QCH0K13OSKSNDOGYV09IKBOO1&default_action=ModifierRef&id_project=MI000876&id_ref=5288&action_from=create_ref'

2022-06-09 21:16:09 - [MESSAGE][PASSED] - Delayed 5 second(s)

2022-06-09 21:16:09 - [MESSAGE][PASSED] - Current window's url is: 'http://mdb-release.diadeis.lan/MediaboxIndependence/Base/ExecAction?IDSession=MBI%21RELTESTAUTO_DREYERS%2171L5ECUC32B5VI6QCH0K13OSKSNDOGYV09IKBOO1&default_action=ModifierRef&id_project=MI000876&id_ref=5288&action_from=create_ref'

2022-06-09 21:16:09 - [TEST_STEP][PASSED] - I.print("refID" + refID29): null

2022-06-09 21:16:09 - [TEST_STEP][PASSED] - click(findTestObject("1. Constant/xpath", ["xpath":"//*[@id="type_save"]"])): Object: 'Object Repository/1. Constant/xpath' is clicked on

2022-06-09 21:16:21 - [MESSAGE][PASSED] - Object: 'Object Repository/1. Constant/xpath' is clicked on

2022-06-09 21:16:21 - [TEST_STEP][PASSED] - takeScreenshot(): Taking screenshot successfully

2022-06-09 21:16:21 - [MESSAGE][PASSED] - Taking screenshot successfully
[[ATTACHMENT|D:\\Projet Test Auto\\Mediabox Test Automation\\Reports\\20220609_181011\\03. Parallel Testing (Testing)\\TS -PT PART 3\\14.05 Dreyers Support Action (Ongoing _ Completed ref) - PART 5\\20220609_181111\\1654802181091.png]]

2022-06-09 21:16:21 - [TEST_STEP][PASSED] - delay(1): Delayed 1 second(s)

2022-06-09 21:16:22 - [MESSAGE][PASSED] - Delayed 1 second(s)

2022-06-09 21:16:22 - [TEST_STEP][PASSED] - I.SearchRefNo_xpath("P29_Auto", "//*[@id="fiche_filter_keywords11"]", "//*[@id="form_filters"]/div[3]/button"): Delayed 5 second(s)

2022-06-09 21:16:23 - [MESSAGE][PASSED] - Delayed 1 second(s)

2022-06-09 21:16:23 - [MESSAGE][PASSED] - Text 'P29_Auto' is set on object 'Object Repository/1. Constant/xpath'

2022-06-09 21:16:26 - [MESSAGE][PASSED] - Delayed 3 second(s)

2022-06-09 21:16:27 - [MESSAGE][PASSED] - Scroll to object 'Object Repository/1. Constant/xpath' successfully

2022-06-09 21:16:30 - [MESSAGE][PASSED] - Object: 'Object Repository/1. Constant/xpath' is clicked on

2022-06-09 21:16:35 - [MESSAGE][PASSED] - Delayed 5 second(s)

2022-06-09 21:16:35 - [TEST_STEP][PASSED] - click(findTestObject("1. Constant/xpath", ["xpath":"//*[@id="source_" + refID29 + ""]/td[6]/a"])): Object: 'Object Repository/1. Constant/xpath' is clicked on

2022-06-09 21:16:39 - [MESSAGE][PASSED] - Object: 'Object Repository/1. Constant/xpath' is clicked on

2022-06-09 21:16:39 - [TEST_STEP][PASSED] - click(findTestObject("1. Constant/xpath", ["xpath":"//*[@id="kt_content"]/div[3]/div/ul/li[3]/a"])): Object: 'Object Repository/1. Constant/xpath' is clicked on

2022-06-09 21:16:44 - [MESSAGE][PASSED] - Object: 'Object Repository/1. Constant/xpath' is clicked on

2022-06-09 21:16:44 - [TEST_STEP][PASSED] - takeScreenshot(): Taking screenshot successfully

2022-06-09 21:16:44 - [MESSAGE][PASSED] - Taking screenshot successfully
[[ATTACHMENT|D:\\Projet Test Auto\\Mediabox Test Automation\\Reports\\20220609_181011\\03. Parallel Testing (Testing)\\TS -PT PART 3\\14.05 Dreyers Support Action (Ongoing _ Completed ref) - PART 5\\20220609_181111\\1654802204189.png]]

2022-06-09 21:16:44 - [TEST_STEP][PASSED] - click(findTestObject("1. Constant/xpath", ["xpath":"/html/body/div[1]/div[2]/div[8]/div[3]/div/div[3]/div[3]/div/div/div[1]/div/div[1]/div/div[1]/div[2]/div/button"])): Object: 'Object Repository/1. Constant/xpath' is clicked on

2022-06-09 21:16:44 - [MESSAGE][PASSED] - Object: 'Object Repository/1. Constant/xpath' is clicked on

2022-06-09 21:16:44 - [TEST_STEP][PASSED] - takeScreenshot(): Taking screenshot successfully

2022-06-09 21:16:45 - [MESSAGE][PASSED] - Taking screenshot successfully
[[ATTACHMENT|D:\\Projet Test Auto\\Mediabox Test Automation\\Reports\\20220609_181011\\03. Parallel Testing (Testing)\\TS -PT PART 3\\14.05 Dreyers Support Action (Ongoing _ Completed ref) - PART 5\\20220609_181111\\1654802204671.png]]

2022-06-09 21:16:45 - [TEST_STEP][PASSED] - delay(1): Delayed 1 second(s)

2022-06-09 21:16:46 - [MESSAGE][PASSED] - Delayed 1 second(s)

2022-06-09 21:16:46 - [TEST_STEP][PASSED] - x = 15: null

2022-06-09 21:16:46 - [TEST_STEP][PASSED] - i = 1: null

2022-06-09 21:16:46 - [TEST_STEP][PASSED] - while (i <= x): null

2022-06-09 21:16:46 - [TEST_STEP][PASSED] - Expected_SAS_Selected = "SAS S37: Skip P1.2/Add Phase 1.1/ Skip P1.1": null

2022-06-09 21:16:46 - [TEST_STEP][PASSED] - xpath_SAS = "/html/body/div[1]/div[2]/div[8]/div[3]/div/div[3]/div[3]/div/div/div[1]/div/div[1]/div/div[1]/div[2]/div/div/a[" + i + "]": null

2022-06-09 21:16:46 - [TEST_STEP][PASSED] - Actual_SAS = getText(findTestObject("1. Constant/xpath", ["xpath":xpath_SAS])): Text of object 'Object Repository/1. Constant/xpath' is: 'SAS S37: Skip P1.2/Add Phase 1.1/ Skip P1.1'

2022-06-09 21:16:46 - [MESSAGE][PASSED] - Text of object 'Object Repository/1. Constant/xpath' is: 'SAS S37: Skip P1.2/Add Phase 1.1/ Skip P1.1'

2022-06-09 21:16:46 - [TEST_STEP][PASSED] - I.print(i): null

2022-06-09 21:16:46 - [TEST_STEP][PASSED] - if (Actual_SAS.contains(Expected_SAS_Selected)): null

2022-06-09 21:16:46 - [TEST_STEP][PASSED] - I.click_button_javascriptS(xpath_SAS): Execute JavaScript 'arguments[0].click()' successfully

2022-06-09 21:16:46 - [MESSAGE][PASSED] - Execute JavaScript 'arguments[0].click()' successfully

2022-06-09 21:16:46 - [TEST_STEP][PASSED] - break: null

2022-06-09 21:16:46 - [TEST_STEP][PASSED] - takeScreenshot(): Taking screenshot successfully

2022-06-09 21:16:46 - [MESSAGE][PASSED] - Taking screenshot successfully
[[ATTACHMENT|D:\\Projet Test Auto\\Mediabox Test Automation\\Reports\\20220609_181011\\03. Parallel Testing (Testing)\\TS -PT PART 3\\14.05 Dreyers Support Action (Ongoing _ Completed ref) - PART 5\\20220609_181111\\1654802206502.png]]

2022-06-09 21:16:46 - [TEST_STEP][PASSED] - click(findTestObject("1. Constant/xpath", ["xpath":"//*[@id="confirmSupportActionShortcut"]"])): Object: 'Object Repository/1. Constant/xpath' is clicked on

2022-06-09 21:16:49 - [MESSAGE][PASSED] - Object: 'Object Repository/1. Constant/xpath' is clicked on

2022-06-09 21:16:49 - [TEST_STEP][PASSED] - takeScreenshot(): Taking screenshot successfully

2022-06-09 21:16:50 - [MESSAGE][PASSED] - Taking screenshot successfully
[[ATTACHMENT|D:\\Projet Test Auto\\Mediabox Test Automation\\Reports\\20220609_181011\\03. Parallel Testing (Testing)\\TS -PT PART 3\\14.05 Dreyers Support Action (Ongoing _ Completed ref) - PART 5\\20220609_181111\\1654802209860.png]]

2022-06-09 21:16:50 - [TEST_STEP][PASSED] - click(findTestObject("1. Constant/xpath", ["xpath":"//*[@id="kt_content"]/div[3]/div/ul/li[3]/a"])): Object: 'Object Repository/1. Constant/xpath' is clicked on

2022-06-09 21:16:53 - [MESSAGE][PASSED] - Object: 'Object Repository/1. Constant/xpath' is clicked on

2022-06-09 21:16:53 - [TEST_STEP][PASSED] - takeScreenshot(): Taking screenshot successfully

2022-06-09 21:16:53 - [MESSAGE][PASSED] - Taking screenshot successfully
[[ATTACHMENT|D:\\Projet Test Auto\\Mediabox Test Automation\\Reports\\20220609_181011\\03. Parallel Testing (Testing)\\TS -PT PART 3\\14.05 Dreyers Support Action (Ongoing _ Completed ref) - PART 5\\20220609_181111\\1654802213105.png]]

2022-06-09 21:16:53 - [TEST_STEP][PASSED] - StepA_1 = getAttribute(findTestObject("1. Constant/xpath", ["xpath":"/html/body/div[1]/div[2]/div[8]/div[3]/div/div[3]/div[3]/div/ul/li[1]/a"]), "class"): Attribute 'class' of object 'Object Repository/1. Constant/xpath' is: 'nav-link timeline-badge badge-xl  bg-pending active'

2022-06-09 21:16:53 - [MESSAGE][PASSED] - Attribute 'class' of object 'Object Repository/1. Constant/xpath' is: 'nav-link timeline-badge badge-xl  bg-pending active'

2022-06-09 21:16:53 - [TEST_STEP][PASSED] - verifyMatch(StepA_1, "nav-link timeline-badge badge-xl  bg-pending active", false): Actual text 'nav-link timeline-badge badge-xl  bg-pending active' and expected text 'nav-link timeline-badge badge-xl  bg-pending active' are matched 

2022-06-09 21:16:53 - [MESSAGE][PASSED] - Actual text 'nav-link timeline-badge badge-xl  bg-pending active' and expected text 'nav-link timeline-badge badge-xl  bg-pending active' are matched 

2022-06-09 21:16:53 - [TEST_STEP][PASSED] - StepA_11 = I.Get_Stepname("/html/body/div[1]/div[2]/div[8]/div[3]/div/div[3]/div[3]/div/ul/li[1]/a"): Attribute 'href' of object 'Object Repository/1. Constant/xpath' is: 'http://mdb-release.diadeis.lan/MediaboxIndependence/Base/ExecAction?action=VoirRef&IDSession=MBI!RELTESTAUTO_DREYERS!71L5ECUC32B5VI6QCH0K13OSKSNDOGYV09IKBOO1&num=PPAC4EX8FM&id_ref=5288#tab_lifecycle_SASStepA_12230'

2022-06-09 21:16:58 - [MESSAGE][PASSED] - Delayed 5 second(s)

2022-06-09 21:16:59 - [MESSAGE][PASSED] - Attribute 'href' of object 'Object Repository/1. Constant/xpath' is: 'http://mdb-release.diadeis.lan/MediaboxIndependence/Base/ExecAction?action=VoirRef&IDSession=MBI!RELTESTAUTO_DREYERS!71L5ECUC32B5VI6QCH0K13OSKSNDOGYV09IKBOO1&num=PPAC4EX8FM&id_ref=5288#tab_lifecycle_SASStepA_12230'

2022-06-09 21:16:59 - [TEST_STEP][PASSED] - verifyMatch(StepA_11, "SASStepA", false): Actual text 'SASStepA' and expected text 'SASStepA' are matched 

2022-06-09 21:16:59 - [MESSAGE][PASSED] - Actual text 'SASStepA' and expected text 'SASStepA' are matched 

2022-06-09 21:16:59 - [TEST_STEP][PASSED] - StepA2_11 = getAttribute(findTestObject("1. Constant/xpath", ["xpath":"/html/body/div[1]/div[2]/div[8]/div[3]/div/div[3]/div[3]/div/div/div[1]/div/div[1]/span"]), "class"): Attribute 'class' of object 'Object Repository/1. Constant/xpath' is: 'timeline-badge badge-md bg-complete '

2022-06-09 21:16:59 - [MESSAGE][PASSED] - Attribute 'class' of object 'Object Repository/1. Constant/xpath' is: 'timeline-badge badge-md bg-complete '

2022-06-09 21:16:59 - [TEST_STEP][PASSED] - verifyMatch(StepA2_11, "timeline-badge badge-md bg-complete ", false): Actual text 'timeline-badge badge-md bg-complete ' and expected text 'timeline-badge badge-md bg-complete ' are matched 

2022-06-09 21:16:59 - [MESSAGE][PASSED] - Actual text 'timeline-badge badge-md bg-complete ' and expected text 'timeline-badge badge-md bg-complete ' are matched 

2022-06-09 21:16:59 - [TEST_STEP][PASSED] - Name_StepA2_11 = getText(findTestObject("1. Constant/xpath", ["xpath":"/html/body/div[1]/div[2]/div[8]/div[3]/div/div[3]/div[3]/div/div/div[1]/div/div[1]/div/div[1]/div[1]/h3"])): Text of object 'Object Repository/1. Constant/xpath' is: 'Phase 1.1 [Standard]'

2022-06-09 21:16:59 - [MESSAGE][PASSED] - Text of object 'Object Repository/1. Constant/xpath' is: 'Phase 1.1 [Standard]'

2022-06-09 21:16:59 - [TEST_STEP][PASSED] - verifyMatch(Name_StepA2_11, "Phase 1.1 [Standard]", false): Actual text 'Phase 1.1 [Standard]' and expected text 'Phase 1.1 [Standard]' are matched 

2022-06-09 21:16:59 - [MESSAGE][PASSED] - Actual text 'Phase 1.1 [Standard]' and expected text 'Phase 1.1 [Standard]' are matched 

2022-06-09 21:16:59 - [TEST_STEP][PASSED] - StepA2_12 = getAttribute(findTestObject("1. Constant/xpath", ["xpath":"/html/body/div[1]/div[2]/div[8]/div[3]/div/div[3]/div[3]/div/div/div[1]/div/div[2]/span"]), "class"): Attribute 'class' of object 'Object Repository/1. Constant/xpath' is: 'timeline-badge badge-md bg-complete timeline-vertical-after-xl'

2022-06-09 21:17:00 - [MESSAGE][PASSED] - Attribute 'class' of object 'Object Repository/1. Constant/xpath' is: 'timeline-badge badge-md bg-complete timeline-vertical-after-xl'

2022-06-09 21:17:00 - [TEST_STEP][PASSED] - verifyMatch(StepA2_12, "timeline-badge badge-md bg-complete timeline-vertical-after-xl", false): Actual text 'timeline-badge badge-md bg-complete timeline-vertical-after-xl' and expected text 'timeline-badge badge-md bg-complete timeline-vertical-after-xl' are matched 

2022-06-09 21:17:00 - [MESSAGE][PASSED] - Actual text 'timeline-badge badge-md bg-complete timeline-vertical-after-xl' and expected text 'timeline-badge badge-md bg-complete timeline-vertical-after-xl' are matched 

2022-06-09 21:17:00 - [TEST_STEP][PASSED] - Name_StepA2_12 = getText(findTestObject("1. Constant/xpath", ["xpath":"/html/body/div[1]/div[2]/div[8]/div[3]/div/div[3]/div[3]/div/div/div[1]/div/div[2]/div/div[1]/div[1]/h3"])): Text of object 'Object Repository/1. Constant/xpath' is: 'Phase 1.2 [Standard Phase]'

2022-06-09 21:17:00 - [MESSAGE][PASSED] - Text of object 'Object Repository/1. Constant/xpath' is: 'Phase 1.2 [Standard Phase]'

2022-06-09 21:17:00 - [TEST_STEP][PASSED] - verifyMatch(Name_StepA2_12, "Phase 1.2 [Standard Phase]", false): Actual text 'Phase 1.2 [Standard Phase]' and expected text 'Phase 1.2 [Standard Phase]' are matched 

2022-06-09 21:17:00 - [MESSAGE][PASSED] - Actual text 'Phase 1.2 [Standard Phase]' and expected text 'Phase 1.2 [Standard Phase]' are matched 

2022-06-09 21:17:00 - [TEST_STEP][PASSED] - A_StepA2_12 = getAttribute(findTestObject("1. Constant/xpath", ["xpath":"/html/body/div[1]/div[2]/div[8]/div[3]/div/div[3]/div[3]/div/div/div[1]/div/div[3]/span"]), "class"): Attribute 'class' of object 'Object Repository/1. Constant/xpath' is: 'timeline-badge badge-md bg-pending timeline-vertical-after-xl'

2022-06-09 21:17:00 - [MESSAGE][PASSED] - Attribute 'class' of object 'Object Repository/1. Constant/xpath' is: 'timeline-badge badge-md bg-pending timeline-vertical-after-xl'

2022-06-09 21:17:00 - [TEST_STEP][PASSED] - verifyMatch(A_StepA2_12, "timeline-badge badge-md bg-pending timeline-vertical-after-xl", false): Actual text 'timeline-badge badge-md bg-pending timeline-vertical-after-xl' and expected text 'timeline-badge badge-md bg-pending timeline-vertical-after-xl' are matched 

2022-06-09 21:17:00 - [MESSAGE][PASSED] - Actual text 'timeline-badge badge-md bg-pending timeline-vertical-after-xl' and expected text 'timeline-badge badge-md bg-pending timeline-vertical-after-xl' are matched 

2022-06-09 21:17:00 - [TEST_STEP][PASSED] - Added_StepA2_12 = getText(findTestObject("1. Constant/xpath", ["xpath":"/html/body/div[1]/div[2]/div[8]/div[3]/div/div[3]/div[3]/div/div/div[1]/div/div[3]/div/div[1]/div[1]/h3"])): Text of object 'Object Repository/1. Constant/xpath' is: 'Phase 1.1 [Standard]'

2022-06-09 21:17:00 - [MESSAGE][PASSED] - Text of object 'Object Repository/1. Constant/xpath' is: 'Phase 1.1 [Standard]'

2022-06-09 21:17:00 - [TEST_STEP][PASSED] - verifyMatch(Added_StepA2_12, "Phase 1.1 [Standard]", false): Actual text 'Phase 1.1 [Standard]' and expected text 'Phase 1.1 [Standard]' are matched 

2022-06-09 21:17:00 - [MESSAGE][PASSED] - Actual text 'Phase 1.1 [Standard]' and expected text 'Phase 1.1 [Standard]' are matched 

2022-06-09 21:17:00 - [TEST_STEP][PASSED] - Started_StepA2_11 = getText(findTestObject("1. Constant/xpath", ["xpath":"/html/body/div[1]/div[2]/div[8]/div[3]/div/div[3]/div[3]/div/div/div[1]/div/div[3]/div/div[2]/div[1]"])): Text of object 'Object Repository/1. Constant/xpath' is: 'Started 06/09/22 03:16 PM'

2022-06-09 21:17:00 - [MESSAGE][PASSED] - Text of object 'Object Repository/1. Constant/xpath' is: 'Started 06/09/22 03:16 PM'

2022-06-09 21:17:00 - [TEST_STEP][PASSED] - if (Started_StepA2_11.contains("Started")): Actual object '1' and expected object '1' are equal

2022-06-09 21:17:00 - [TEST_STEP][PASSED] - verifyEqual(1, 1): Actual object '1' and expected object '1' are equal

2022-06-09 21:17:00 - [MESSAGE][PASSED] - Actual object '1' and expected object '1' are equal

2022-06-09 21:17:00 - [TEST_STEP][PASSED] - StepB_2 = getAttribute(findTestObject("1. Constant/xpath", ["xpath":"/html/body/div[1]/div[2]/div[8]/div[3]/div/div[3]/div[3]/div/ul/li[2]/a"]), "class"): Attribute 'class' of object 'Object Repository/1. Constant/xpath' is: 'nav-link timeline-badge badge-xl  bg-waiting '

2022-06-09 21:17:00 - [MESSAGE][PASSED] - Attribute 'class' of object 'Object Repository/1. Constant/xpath' is: 'nav-link timeline-badge badge-xl  bg-waiting '

2022-06-09 21:17:00 - [TEST_STEP][PASSED] - verifyMatch(StepB_2, "nav-link timeline-badge badge-xl  bg-waiting ", false): Actual text 'nav-link timeline-badge badge-xl  bg-waiting ' and expected text 'nav-link timeline-badge badge-xl  bg-waiting ' are matched 

2022-06-09 21:17:00 - [MESSAGE][PASSED] - Actual text 'nav-link timeline-badge badge-xl  bg-waiting ' and expected text 'nav-link timeline-badge badge-xl  bg-waiting ' are matched 

2022-06-09 21:17:00 - [TEST_STEP][PASSED] - StepB_21 = I.Get_Stepname("/html/body/div[1]/div[2]/div[8]/div[3]/div/div[3]/div[3]/div/ul/li[2]/a"): Attribute 'href' of object 'Object Repository/1. Constant/xpath' is: 'http://mdb-release.diadeis.lan/MediaboxIndependence/Base/ExecAction?action=VoirRef&IDSession=MBI!RELTESTAUTO_DREYERS!71L5ECUC32B5VI6QCH0K13OSKSNDOGYV09IKBOO1&num=PPAC4EX8FM&id_ref=5288#tab_lifecycle_SASStepB_12231'

2022-06-09 21:17:05 - [MESSAGE][PASSED] - Delayed 5 second(s)

2022-06-09 21:17:05 - [MESSAGE][PASSED] - Attribute 'href' of object 'Object Repository/1. Constant/xpath' is: 'http://mdb-release.diadeis.lan/MediaboxIndependence/Base/ExecAction?action=VoirRef&IDSession=MBI!RELTESTAUTO_DREYERS!71L5ECUC32B5VI6QCH0K13OSKSNDOGYV09IKBOO1&num=PPAC4EX8FM&id_ref=5288#tab_lifecycle_SASStepB_12231'

2022-06-09 21:17:05 - [TEST_STEP][PASSED] - verifyMatch(StepB_21, "SASStepB", false): Actual text 'SASStepB' and expected text 'SASStepB' are matched 

2022-06-09 21:17:05 - [MESSAGE][PASSED] - Actual text 'SASStepB' and expected text 'SASStepB' are matched 

2022-06-09 21:17:05 - [TEST_STEP][PASSED] - I.Logout(): Delayed 3 second(s)

2022-06-09 21:17:08 - [MESSAGE][PASSED] - Delayed 3 second(s)

2022-06-09 21:17:09 - [MESSAGE][PASSED] - Object: 'Object Repository/1. Constant/xpath' is clicked on

2022-06-09 21:17:12 - [MESSAGE][PASSED] - Delayed 3 second(s)

2022-06-09 21:17:15 - [MESSAGE][PASSED] - Object: 'Object Repository/1. Constant/xpath' is clicked on

2022-06-09 21:17:18 - [MESSAGE][PASSED] - Delayed 3 second(s)

2022-06-09 21:17:18 - [TEST_STEP][PASSED] - I.Login_password("blemco", password_blemco): Object: 'Object Repository/1. Constant/xpath' is clicked on

2022-06-09 21:17:18 - [MESSAGE][PASSED] - Text 'blemco' is set on object 'Object Repository/1. Constant/xpath'

2022-06-09 21:17:19 - [MESSAGE][PASSED] - Delayed 1 second(s)

2022-06-09 21:17:19 - [MESSAGE][PASSED] - Text 'diadeis1' is set on object 'Object Repository/1. Constant/xpath'

2022-06-09 21:17:20 - [MESSAGE][PASSED] - Delayed 1 second(s)

2022-06-09 21:17:25 - [MESSAGE][PASSED] - Object: 'Object Repository/1. Constant/xpath' is clicked on

2022-06-09 21:17:25 - [TEST_STEP][PASSED] - click(findTestObject("1. Constant/02_LHSMenu_Projects")): Object: 'Object Repository/1. Constant/02_LHSMenu_Projects' is clicked on

2022-06-09 21:17:29 - [MESSAGE][PASSED] - Object: 'Object Repository/1. Constant/02_LHSMenu_Projects' is clicked on

2022-06-09 21:17:29 - [TEST_STEP][PASSED] - I.SearchProjectNo_xpath(Project_No, "//*[@id="keynum_project"]", "//*[@id="form_filters"]/div[4]/button"): Delayed 5 second(s)

2022-06-09 21:17:30 - [MESSAGE][PASSED] - Delayed 1 second(s)

2022-06-09 21:17:30 - [MESSAGE][PASSED] - Text 'MI000876' is set on object 'Object Repository/1. Constant/xpath'

2022-06-09 21:17:33 - [MESSAGE][PASSED] - Delayed 3 second(s)

2022-06-09 21:17:33 - [MESSAGE][PASSED] - Scroll to object 'Object Repository/1. Constant/xpath' successfully

2022-06-09 21:17:41 - [MESSAGE][PASSED] - Object: 'Object Repository/1. Constant/xpath' is clicked on

2022-06-09 21:17:46 - [MESSAGE][PASSED] - Delayed 5 second(s)

2022-06-09 21:17:46 - [TEST_STEP][PASSED] - takeScreenshot(): Taking screenshot successfully

2022-06-09 21:17:47 - [MESSAGE][PASSED] - Taking screenshot successfully
[[ATTACHMENT|D:\\Projet Test Auto\\Mediabox Test Automation\\Reports\\20220609_181011\\03. Parallel Testing (Testing)\\TS -PT PART 3\\14.05 Dreyers Support Action (Ongoing _ Completed ref) - PART 5\\20220609_181111\\1654802266596.png]]

2022-06-09 21:17:47 - [TEST_STEP][PASSED] - I.SearchRefNo_xpath("P29_Auto", "//*[@id="fiche_filter_keywords11"]", "//*[@id="form_filters"]/div[3]/button"): Delayed 5 second(s)

2022-06-09 21:17:48 - [MESSAGE][PASSED] - Delayed 1 second(s)

2022-06-09 21:17:48 - [MESSAGE][PASSED] - Text 'P29_Auto' is set on object 'Object Repository/1. Constant/xpath'

2022-06-09 21:17:51 - [MESSAGE][PASSED] - Delayed 3 second(s)

2022-06-09 21:17:52 - [MESSAGE][PASSED] - Scroll to object 'Object Repository/1. Constant/xpath' successfully

2022-06-09 21:17:54 - [MESSAGE][PASSED] - Object: 'Object Repository/1. Constant/xpath' is clicked on

2022-06-09 21:17:59 - [MESSAGE][PASSED] - Delayed 5 second(s)

2022-06-09 21:17:59 - [TEST_STEP][PASSED] - takeScreenshot(): Taking screenshot successfully

2022-06-09 21:17:59 - [MESSAGE][PASSED] - Taking screenshot successfully
[[ATTACHMENT|D:\\Projet Test Auto\\Mediabox Test Automation\\Reports\\20220609_181011\\03. Parallel Testing (Testing)\\TS -PT PART 3\\14.05 Dreyers Support Action (Ongoing _ Completed ref) - PART 5\\20220609_181111\\1654802279287.png]]

2022-06-09 21:17:59 - [TEST_STEP][PASSED] - Lifecycle_Status66 = getText(findTestObject("1. Constant/xpath", ["xpath":"//*[@id="source_" + refID29 + ""]/td[12]/span[1]"])): Text of object 'Object Repository/1. Constant/xpath' is: 'Phase 1.1 [Standard]'

2022-06-09 21:18:00 - [MESSAGE][PASSED] - Text of object 'Object Repository/1. Constant/xpath' is: 'Phase 1.1 [Standard]'

2022-06-09 21:18:00 - [TEST_STEP][PASSED] - verifyMatch(Lifecycle_Status66, "Phase 1.1 [Standard]", false): Actual text 'Phase 1.1 [Standard]' and expected text 'Phase 1.1 [Standard]' are matched 

2022-06-09 21:18:00 - [MESSAGE][PASSED] - Actual text 'Phase 1.1 [Standard]' and expected text 'Phase 1.1 [Standard]' are matched 

2022-06-09 21:18:00 - [TEST_STEP][PASSED] - click(findTestObject("1. Constant/xpath", ["xpath":"//*[@id="source_" + refID29 + ""]/td[13]/a[3]"])): Object: 'Object Repository/1. Constant/xpath' is clicked on

2022-06-09 21:18:01 - [MESSAGE][PASSED] - Object: 'Object Repository/1. Constant/xpath' is clicked on

2022-06-09 21:18:01 - [TEST_STEP][PASSED] - click(findTestObject("1. Constant/xpath", ["xpath":"//*[@id="ModifFiche"]/div[1]/div/button[2]"])): Object: 'Object Repository/1. Constant/xpath' is clicked on

2022-06-09 21:18:10 - [MESSAGE][PASSED] - Object: 'Object Repository/1. Constant/xpath' is clicked on

2022-06-09 21:18:10 - [TEST_STEP][PASSED] - Lifecycle_Status3 = getText(findTestObject("1. Constant/xpath", ["xpath":"//*[@id="source_" + refID29 + ""]/td[12]/span[1]"])): Text of object 'Object Repository/1. Constant/xpath' is: 'Phase 2.1 [Production]'

2022-06-09 21:18:10 - [MESSAGE][PASSED] - Text of object 'Object Repository/1. Constant/xpath' is: 'Phase 2.1 [Production]'

2022-06-09 21:18:10 - [TEST_STEP][PASSED] - verifyMatch(Lifecycle_Status3, "Phase 2.1 [Production]", false): Actual text 'Phase 2.1 [Production]' and expected text 'Phase 2.1 [Production]' are matched 

2022-06-09 21:18:10 - [MESSAGE][PASSED] - Actual text 'Phase 2.1 [Production]' and expected text 'Phase 2.1 [Production]' are matched 

2022-06-09 21:18:10 - [TEST_STEP][PASSED] - closeBrowser(): Browser is closed

2022-06-09 21:18:11 - [MESSAGE][PASSED] - Browser is closed

2022-06-09 21:18:11 - [TEST_STEP][PASSED] - Start listener action : sampleAfterTestCase: null]]></system-out>
         <system-err><![CDATA[]]></system-err>
      </testcase>
      <testcase name="Test Cases/19. Dreyers Support Action (Ongoing ref_completed)/19.30 Dreyers SAS Add Phase (Ongoing ref) S38 - P30" time="238.352" classname="Test Cases/19. Dreyers Support Action (Ongoing ref_completed)/19.30 Dreyers SAS Add Phase (Ongoing ref) S38 - P30" status="PASSED">
         <system-out><![CDATA[2022-06-09 21:18:11 - [TEST_CASE][PASSED] - Test Cases/19. Dreyers Support Action (Ongoing ref_completed)/19.30 Dreyers SAS Add Phase (Ongoing ref) S38 - P30: Test Cases/19. Dreyers Support Action (Ongoing ref_completed)/19.30 Dreyers SAS Add Phase (Ongoing ref) S38 - P30

2022-06-09 21:18:12 - [TEST_STEP][PASSED] - data_Dreyers = findTestData("Data Files/Username_Password/Dreyer"): null

2022-06-09 21:18:12 - [TEST_STEP][PASSED] - password_suser = data_Dreyers.getValue(2, 1): null

2022-06-09 21:18:12 - [TEST_STEP][PASSED] - password_nturner = data_Dreyers.getValue(2, 6): null

2022-06-09 21:18:12 - [TEST_STEP][PASSED] - password_jryan = data_Dreyers.getValue(2, 12): null

2022-06-09 21:18:12 - [TEST_STEP][PASSED] - data_urlRELAUTO = findTestData("Data Files/URL/URL_relauto"): null

2022-06-09 21:18:12 - [TEST_STEP][PASSED] - Url_Dreyer = data_urlRELAUTO.getValue(2, 4): null

2022-06-09 21:18:12 - [TEST_STEP][PASSED] - Project_No = I.readnotepad("D:\Upoad_File\Projet_ Login\Dreyers\19.1\19.1_Dreyers_ProjectNo.txt"): null

2022-06-09 21:18:12 - [TEST_STEP][PASSED] - refID = I.readnotepad("D:\Upoad_File\Projet_ Login\Dreyers\19.1\19.1_Dreyers_refID.txt"): null

2022-06-09 21:18:12 - [TEST_STEP][PASSED] - openBrowser(Url_Dreyer): Browser is opened with url: 'http://mdb-release.diadeis.lan/MediaboxIndependence/?MBI_datasource=RELTESTAUTO_DREYERS'

2022-06-09 21:18:12 - [MESSAGE][INFO] - Starting 'Chrome (headless)' driver

2022-06-09 21:18:12 - [MESSAGE][INFO] - User set preference: ['args', '[--window-size=1920,1080, --headless]']

2022-06-09 21:18:12 - [MESSAGE][INFO] - Action delay is set to 0 milliseconds

2022-06-09 21:18:18 - [MESSAGE][PASSED] - Browser is opened with url: 'http://mdb-release.diadeis.lan/MediaboxIndependence/?MBI_datasource=RELTESTAUTO_DREYERS'

2022-06-09 21:18:18 - [TEST_STEP][PASSED] - maximizeWindow(): Current window maximized

2022-06-09 21:18:18 - [MESSAGE][PASSED] - Current window maximized

2022-06-09 21:18:18 - [TEST_STEP][PASSED] - I.Login_password("suser", password_suser): Object: 'Object Repository/1. Constant/xpath' is clicked on

2022-06-09 21:18:19 - [MESSAGE][PASSED] - Text 'suser' is set on object 'Object Repository/1. Constant/xpath'

2022-06-09 21:18:20 - [MESSAGE][PASSED] - Delayed 1 second(s)

2022-06-09 21:18:21 - [MESSAGE][PASSED] - Text 'diadeis' is set on object 'Object Repository/1. Constant/xpath'

2022-06-09 21:18:22 - [MESSAGE][PASSED] - Delayed 1 second(s)

2022-06-09 21:18:37 - [MESSAGE][PASSED] - Object: 'Object Repository/1. Constant/xpath' is clicked on

2022-06-09 21:18:37 - [TEST_STEP][PASSED] - click(findTestObject("1. Constant/02_LHSMenu_Projects")): Object: 'Object Repository/1. Constant/02_LHSMenu_Projects' is clicked on

2022-06-09 21:18:46 - [MESSAGE][PASSED] - Object: 'Object Repository/1. Constant/02_LHSMenu_Projects' is clicked on

2022-06-09 21:18:46 - [TEST_STEP][PASSED] - I.SearchProjectNo_xpath(Project_No, "//*[@id="keynum_project"]", "//*[@id="form_filters"]/div[4]/button"): Delayed 5 second(s)

2022-06-09 21:18:47 - [MESSAGE][PASSED] - Delayed 1 second(s)

2022-06-09 21:18:48 - [MESSAGE][PASSED] - Text 'MI000876' is set on object 'Object Repository/1. Constant/xpath'

2022-06-09 21:18:51 - [MESSAGE][PASSED] - Delayed 3 second(s)

2022-06-09 21:18:52 - [MESSAGE][PASSED] - Scroll to object 'Object Repository/1. Constant/xpath' successfully

2022-06-09 21:18:57 - [MESSAGE][PASSED] - Object: 'Object Repository/1. Constant/xpath' is clicked on

2022-06-09 21:19:02 - [MESSAGE][PASSED] - Delayed 5 second(s)

2022-06-09 21:19:02 - [TEST_STEP][PASSED] - takeScreenshot(): Taking screenshot successfully

2022-06-09 21:19:03 - [MESSAGE][PASSED] - Taking screenshot successfully
[[ATTACHMENT|D:\\Projet Test Auto\\Mediabox Test Automation\\Reports\\20220609_181011\\03. Parallel Testing (Testing)\\TS -PT PART 3\\14.05 Dreyers Support Action (Ongoing _ Completed ref) - PART 5\\20220609_181111\\1654802342461.png]]

2022-06-09 21:19:03 - [TEST_STEP][PASSED] - click(findTestObject("1. Constant/xpath", ["xpath":"//*[@id="create_ref_btn"]/button"])): Object: 'Object Repository/1. Constant/xpath' is clicked on

2022-06-09 21:19:03 - [MESSAGE][PASSED] - Object: 'Object Repository/1. Constant/xpath' is clicked on

2022-06-09 21:19:03 - [TEST_STEP][PASSED] - delay(1): Delayed 1 second(s)

2022-06-09 21:19:04 - [MESSAGE][PASSED] - Delayed 1 second(s)

2022-06-09 21:19:04 - [TEST_STEP][PASSED] - click(findTestObject("1. Constant/xpath", ["xpath":"//*[@id="create_ref_btn"]/div/a"])): Object: 'Object Repository/1. Constant/xpath' is clicked on

2022-06-09 21:19:06 - [MESSAGE][PASSED] - Object: 'Object Repository/1. Constant/xpath' is clicked on

2022-06-09 21:19:06 - [TEST_STEP][PASSED] - delay(1): Delayed 1 second(s)

2022-06-09 21:19:07 - [MESSAGE][PASSED] - Delayed 1 second(s)

2022-06-09 21:19:07 - [TEST_STEP][PASSED] - selectOptionByValue(findTestObject("1. Constant/xpath", ["xpath":"//*[@id="lfc_tpl"]"]), "36", false): All options with value '36' are selected in object 'Object Repository/1. Constant/xpath' 

2022-06-09 21:19:14 - [MESSAGE][PASSED] - All options with value '36' are selected in object 'Object Repository/1. Constant/xpath' 

2022-06-09 21:19:14 - [TEST_STEP][PASSED] - ref_name = "P30_Auto_SAS_S38_" + RandomStringUtils.randomAlphanumeric(5) + I.gettimedate(): null

2022-06-09 21:19:14 - [TEST_STEP][PASSED] - delay(1): Delayed 1 second(s)

2022-06-09 21:19:15 - [MESSAGE][PASSED] - Delayed 1 second(s)

2022-06-09 21:19:15 - [TEST_STEP][PASSED] - setText(findTestObject("1. Constant/xpath", ["xpath":"//*[@id="var_name"]"]), ref_name): Text 'P30_Auto_SAS_S38_KYdJSjuin092022_211914' is set on object 'Object Repository/1. Constant/xpath'

2022-06-09 21:19:16 - [MESSAGE][PASSED] - Text 'P30_Auto_SAS_S38_KYdJSjuin092022_211914' is set on object 'Object Repository/1. Constant/xpath'

2022-06-09 21:19:16 - [TEST_STEP][PASSED] - takeScreenshot(): Taking screenshot successfully

2022-06-09 21:19:17 - [MESSAGE][PASSED] - Taking screenshot successfully
[[ATTACHMENT|D:\\Projet Test Auto\\Mediabox Test Automation\\Reports\\20220609_181011\\03. Parallel Testing (Testing)\\TS -PT PART 3\\14.05 Dreyers Support Action (Ongoing _ Completed ref) - PART 5\\20220609_181111\\1654802356739.png]]

2022-06-09 21:19:17 - [TEST_STEP][PASSED] - click(findTestObject("1. Constant/xpath", ["xpath":"//*[@id="createRefBottom"]"])): Object: 'Object Repository/1. Constant/xpath' is clicked on

2022-06-09 21:19:21 - [MESSAGE][PASSED] - Object: 'Object Repository/1. Constant/xpath' is clicked on

2022-06-09 21:19:21 - [TEST_STEP][PASSED] - delay(1): Delayed 1 second(s)

2022-06-09 21:19:22 - [MESSAGE][PASSED] - Delayed 1 second(s)

2022-06-09 21:19:22 - [TEST_STEP][PASSED] - takeScreenshot(): Taking screenshot successfully

2022-06-09 21:19:23 - [MESSAGE][PASSED] - Taking screenshot successfully
[[ATTACHMENT|D:\\Projet Test Auto\\Mediabox Test Automation\\Reports\\20220609_181011\\03. Parallel Testing (Testing)\\TS -PT PART 3\\14.05 Dreyers Support Action (Ongoing _ Completed ref) - PART 5\\20220609_181111\\1654802362827.png]]

2022-06-09 21:19:23 - [TEST_STEP][PASSED] - refID30 = I.RefID(): Current window's url is: 'http://mdb-release.diadeis.lan/MediaboxIndependence/Base/ExecAction?IDSession=MBI%21RELTESTAUTO_DREYERS%21QPHXPHQV6POR0PT0BDHWBQDO3VPCHY5QDCZWXRR0&default_action=ModifierRef&id_project=MI000876&id_ref=5290&action_from=create_ref'

2022-06-09 21:19:28 - [MESSAGE][PASSED] - Delayed 5 second(s)

2022-06-09 21:19:28 - [MESSAGE][PASSED] - Current window's url is: 'http://mdb-release.diadeis.lan/MediaboxIndependence/Base/ExecAction?IDSession=MBI%21RELTESTAUTO_DREYERS%21QPHXPHQV6POR0PT0BDHWBQDO3VPCHY5QDCZWXRR0&default_action=ModifierRef&id_project=MI000876&id_ref=5290&action_from=create_ref'

2022-06-09 21:19:28 - [TEST_STEP][PASSED] - I.print("refID" + refID30): null

2022-06-09 21:19:28 - [TEST_STEP][PASSED] - click(findTestObject("1. Constant/xpath", ["xpath":"//*[@id="type_save"]"])): Object: 'Object Repository/1. Constant/xpath' is clicked on

2022-06-09 21:19:36 - [MESSAGE][PASSED] - Object: 'Object Repository/1. Constant/xpath' is clicked on

2022-06-09 21:19:36 - [TEST_STEP][PASSED] - takeScreenshot(): Taking screenshot successfully

2022-06-09 21:19:36 - [MESSAGE][PASSED] - Taking screenshot successfully
[[ATTACHMENT|D:\\Projet Test Auto\\Mediabox Test Automation\\Reports\\20220609_181011\\03. Parallel Testing (Testing)\\TS -PT PART 3\\14.05 Dreyers Support Action (Ongoing _ Completed ref) - PART 5\\20220609_181111\\1654802376437.png]]

2022-06-09 21:19:36 - [TEST_STEP][PASSED] - delay(1): Delayed 1 second(s)

2022-06-09 21:19:37 - [MESSAGE][PASSED] - Delayed 1 second(s)

2022-06-09 21:19:37 - [TEST_STEP][PASSED] - I.SearchRefNo_xpath("P30_Auto", "//*[@id="fiche_filter_keywords11"]", "//*[@id="form_filters"]/div[3]/button"): Delayed 5 second(s)

2022-06-09 21:19:38 - [MESSAGE][PASSED] - Delayed 1 second(s)

2022-06-09 21:19:39 - [MESSAGE][PASSED] - Text 'P30_Auto' is set on object 'Object Repository/1. Constant/xpath'

2022-06-09 21:19:42 - [MESSAGE][PASSED] - Delayed 3 second(s)

2022-06-09 21:19:42 - [MESSAGE][PASSED] - Scroll to object 'Object Repository/1. Constant/xpath' successfully

2022-06-09 21:19:45 - [MESSAGE][PASSED] - Object: 'Object Repository/1. Constant/xpath' is clicked on

2022-06-09 21:19:50 - [MESSAGE][PASSED] - Delayed 5 second(s)

2022-06-09 21:19:50 - [TEST_STEP][PASSED] - click(findTestObject("1. Constant/xpath", ["xpath":"//*[@id="source_" + refID30 + ""]/td[14]/div[1]/button"])): Object: 'Object Repository/1. Constant/xpath' is clicked on

2022-06-09 21:19:50 - [MESSAGE][PASSED] - Object: 'Object Repository/1. Constant/xpath' is clicked on

2022-06-09 21:19:50 - [TEST_STEP][PASSED] - takeScreenshot(): Taking screenshot successfully

2022-06-09 21:19:50 - [MESSAGE][PASSED] - Taking screenshot successfully
[[ATTACHMENT|D:\\Projet Test Auto\\Mediabox Test Automation\\Reports\\20220609_181011\\03. Parallel Testing (Testing)\\TS -PT PART 3\\14.05 Dreyers Support Action (Ongoing _ Completed ref) - PART 5\\20220609_181111\\1654802390612.png]]

2022-06-09 21:19:50 - [TEST_STEP][PASSED] - delay(1): Delayed 1 second(s)

2022-06-09 21:19:51 - [MESSAGE][PASSED] - Delayed 1 second(s)

2022-06-09 21:19:51 - [TEST_STEP][PASSED] - x = 20: null

2022-06-09 21:19:51 - [TEST_STEP][PASSED] - i = 1: null

2022-06-09 21:19:51 - [TEST_STEP][PASSED] - while (i <= x): null

2022-06-09 21:19:51 - [TEST_STEP][PASSED] - Expected_SAS_Selected = "SAS S38: Add Phase 3.3 / Skip Phase 1.2": null

2022-06-09 21:19:51 - [TEST_STEP][PASSED] - xpath_SAS = "//*[@id="source_" + refID30 + ""]/td[14]/div[1]/div/a[" + i + "]": null

2022-06-09 21:19:51 - [TEST_STEP][PASSED] - Actual_SAS = getText(findTestObject("1. Constant/xpath", ["xpath":xpath_SAS])): Text of object 'Object Repository/1. Constant/xpath' is: 'SAS: S4 - Skip 1.2 / Add Step A / Skip 1.1'

2022-06-09 21:19:51 - [MESSAGE][PASSED] - Text of object 'Object Repository/1. Constant/xpath' is: 'SAS: S4 - Skip 1.2 / Add Step A / Skip 1.1'

2022-06-09 21:19:51 - [TEST_STEP][PASSED] - if (Actual_SAS.contains(Expected_SAS_Selected)): null

2022-06-09 21:19:51 - [TEST_STEP][PASSED] - i = i + 1: null

2022-06-09 21:19:51 - [TEST_STEP][PASSED] - Expected_SAS_Selected = "SAS S38: Add Phase 3.3 / Skip Phase 1.2": null

2022-06-09 21:19:51 - [TEST_STEP][PASSED] - xpath_SAS = "//*[@id="source_" + refID30 + ""]/td[14]/div[1]/div/a[" + i + "]": null

2022-06-09 21:19:51 - [TEST_STEP][PASSED] - Actual_SAS = getText(findTestObject("1. Constant/xpath", ["xpath":xpath_SAS])): Text of object 'Object Repository/1. Constant/xpath' is: 'SAS S23: Skip P1.2/ Add PG 1.1_1.2/ Skip P1.1'

2022-06-09 21:19:52 - [MESSAGE][PASSED] - Text of object 'Object Repository/1. Constant/xpath' is: 'SAS S23: Skip P1.2/ Add PG 1.1_1.2/ Skip P1.1'

2022-06-09 21:19:52 - [TEST_STEP][PASSED] - if (Actual_SAS.contains(Expected_SAS_Selected)): null

2022-06-09 21:19:52 - [TEST_STEP][PASSED] - i = i + 1: null

2022-06-09 21:19:52 - [TEST_STEP][PASSED] - Expected_SAS_Selected = "SAS S38: Add Phase 3.3 / Skip Phase 1.2": null

2022-06-09 21:19:52 - [TEST_STEP][PASSED] - xpath_SAS = "//*[@id="source_" + refID30 + ""]/td[14]/div[1]/div/a[" + i + "]": null

2022-06-09 21:19:52 - [TEST_STEP][PASSED] - Actual_SAS = getText(findTestObject("1. Constant/xpath", ["xpath":xpath_SAS])): Text of object 'Object Repository/1. Constant/xpath' is: 'SAS S36 : Add Phase 1.2 / Skip Phase 1.2'

2022-06-09 21:19:52 - [MESSAGE][PASSED] - Text of object 'Object Repository/1. Constant/xpath' is: 'SAS S36 : Add Phase 1.2 / Skip Phase 1.2'

2022-06-09 21:19:52 - [TEST_STEP][PASSED] - if (Actual_SAS.contains(Expected_SAS_Selected)): null

2022-06-09 21:19:52 - [TEST_STEP][PASSED] - i = i + 1: null

2022-06-09 21:19:52 - [TEST_STEP][PASSED] - Expected_SAS_Selected = "SAS S38: Add Phase 3.3 / Skip Phase 1.2": null

2022-06-09 21:19:52 - [TEST_STEP][PASSED] - xpath_SAS = "//*[@id="source_" + refID30 + ""]/td[14]/div[1]/div/a[" + i + "]": null

2022-06-09 21:19:52 - [TEST_STEP][PASSED] - Actual_SAS = getText(findTestObject("1. Constant/xpath", ["xpath":xpath_SAS])): Text of object 'Object Repository/1. Constant/xpath' is: 'SAS S38: Add Phase 3.3 / Skip Phase 1.2'

2022-06-09 21:19:52 - [MESSAGE][PASSED] - Text of object 'Object Repository/1. Constant/xpath' is: 'SAS S38: Add Phase 3.3 / Skip Phase 1.2'

2022-06-09 21:19:52 - [TEST_STEP][PASSED] - if (Actual_SAS.contains(Expected_SAS_Selected)): null

2022-06-09 21:19:52 - [TEST_STEP][PASSED] - I.click_button_javascriptS(xpath_SAS): Execute JavaScript 'arguments[0].click()' successfully

2022-06-09 21:19:52 - [MESSAGE][PASSED] - Execute JavaScript 'arguments[0].click()' successfully

2022-06-09 21:19:52 - [TEST_STEP][PASSED] - break: null

2022-06-09 21:19:52 - [TEST_STEP][PASSED] - takeScreenshot(): Taking screenshot successfully

2022-06-09 21:19:52 - [MESSAGE][PASSED] - Taking screenshot successfully
[[ATTACHMENT|D:\\Projet Test Auto\\Mediabox Test Automation\\Reports\\20220609_181011\\03. Parallel Testing (Testing)\\TS -PT PART 3\\14.05 Dreyers Support Action (Ongoing _ Completed ref) - PART 5\\20220609_181111\\1654802392522.png]]

2022-06-09 21:19:52 - [TEST_STEP][PASSED] - click(findTestObject("1. Constant/xpath", ["xpath":"//*[@id="confirmSupportActionShortcut"]"])): Object: 'Object Repository/1. Constant/xpath' is clicked on

2022-06-09 21:19:56 - [MESSAGE][PASSED] - Object: 'Object Repository/1. Constant/xpath' is clicked on

2022-06-09 21:19:56 - [TEST_STEP][PASSED] - takeScreenshot(): Taking screenshot successfully

2022-06-09 21:19:57 - [MESSAGE][PASSED] - Taking screenshot successfully
[[ATTACHMENT|D:\\Projet Test Auto\\Mediabox Test Automation\\Reports\\20220609_181011\\03. Parallel Testing (Testing)\\TS -PT PART 3\\14.05 Dreyers Support Action (Ongoing _ Completed ref) - PART 5\\20220609_181111\\1654802396854.png]]

2022-06-09 21:19:57 - [TEST_STEP][PASSED] - click(findTestObject("1. Constant/xpath", ["xpath":"//*[@id="kt_content"]/div[3]/div/ul/li[3]/a"])): Object: 'Object Repository/1. Constant/xpath' is clicked on

2022-06-09 21:19:58 - [MESSAGE][PASSED] - Object: 'Object Repository/1. Constant/xpath' is clicked on

2022-06-09 21:19:58 - [TEST_STEP][PASSED] - takeScreenshot(): Taking screenshot successfully

2022-06-09 21:19:58 - [MESSAGE][PASSED] - Taking screenshot successfully
[[ATTACHMENT|D:\\Projet Test Auto\\Mediabox Test Automation\\Reports\\20220609_181011\\03. Parallel Testing (Testing)\\TS -PT PART 3\\14.05 Dreyers Support Action (Ongoing _ Completed ref) - PART 5\\20220609_181111\\1654802398258.png]]

2022-06-09 21:19:58 - [TEST_STEP][PASSED] - StepA_1 = getAttribute(findTestObject("1. Constant/xpath", ["xpath":"/html/body/div[1]/div[2]/div[8]/div[3]/div/div[3]/div[3]/div/ul/li[1]/a"]), "class"): Attribute 'class' of object 'Object Repository/1. Constant/xpath' is: 'nav-link timeline-badge badge-xl  bg-pending active'

2022-06-09 21:19:59 - [MESSAGE][PASSED] - Attribute 'class' of object 'Object Repository/1. Constant/xpath' is: 'nav-link timeline-badge badge-xl  bg-pending active'

2022-06-09 21:19:59 - [TEST_STEP][PASSED] - verifyMatch(StepA_1, "nav-link timeline-badge badge-xl  bg-pending active", false): Actual text 'nav-link timeline-badge badge-xl  bg-pending active' and expected text 'nav-link timeline-badge badge-xl  bg-pending active' are matched 

2022-06-09 21:19:59 - [MESSAGE][PASSED] - Actual text 'nav-link timeline-badge badge-xl  bg-pending active' and expected text 'nav-link timeline-badge badge-xl  bg-pending active' are matched 

2022-06-09 21:19:59 - [TEST_STEP][PASSED] - StepA_11 = I.Get_Stepname("/html/body/div[1]/div[2]/div[8]/div[3]/div/div[3]/div[3]/div/ul/li[1]/a"): Attribute 'href' of object 'Object Repository/1. Constant/xpath' is: 'http://mdb-release.diadeis.lan/MediaboxIndependence/Base/ExecAction?action=VoirRef&IDSession=MBI!RELTESTAUTO_DREYERS!QPHXPHQV6POR0PT0BDHWBQDO3VPCHY5QDCZWXRR0&num=OKGV73WQCY&id_ref=5290#tab_lifecycle_SASStepA_12236'

2022-06-09 21:20:04 - [MESSAGE][PASSED] - Delayed 5 second(s)

2022-06-09 21:20:04 - [MESSAGE][PASSED] - Attribute 'href' of object 'Object Repository/1. Constant/xpath' is: 'http://mdb-release.diadeis.lan/MediaboxIndependence/Base/ExecAction?action=VoirRef&IDSession=MBI!RELTESTAUTO_DREYERS!QPHXPHQV6POR0PT0BDHWBQDO3VPCHY5QDCZWXRR0&num=OKGV73WQCY&id_ref=5290#tab_lifecycle_SASStepA_12236'

2022-06-09 21:20:04 - [TEST_STEP][PASSED] - verifyMatch(StepA_11, "SASStepA", false): Actual text 'SASStepA' and expected text 'SASStepA' are matched 

2022-06-09 21:20:04 - [MESSAGE][PASSED] - Actual text 'SASStepA' and expected text 'SASStepA' are matched 

2022-06-09 21:20:04 - [TEST_STEP][PASSED] - StepAP2_11 = getAttribute(findTestObject("1. Constant/xpath", ["xpath":"/html/body/div[1]/div[2]/div[8]/div[3]/div/div[3]/div[3]/div/div/div[1]/div/div[1]/span"]), "class"): Attribute 'class' of object 'Object Repository/1. Constant/xpath' is: 'timeline-badge badge-md bg-complete '

2022-06-09 21:20:04 - [MESSAGE][PASSED] - Attribute 'class' of object 'Object Repository/1. Constant/xpath' is: 'timeline-badge badge-md bg-complete '

2022-06-09 21:20:04 - [TEST_STEP][PASSED] - verifyMatch(StepAP2_11, "timeline-badge badge-md bg-complete ", false): Actual text 'timeline-badge badge-md bg-complete ' and expected text 'timeline-badge badge-md bg-complete ' are matched 

2022-06-09 21:20:04 - [MESSAGE][PASSED] - Actual text 'timeline-badge badge-md bg-complete ' and expected text 'timeline-badge badge-md bg-complete ' are matched 

2022-06-09 21:20:04 - [TEST_STEP][PASSED] - Name_StepA2_11 = getText(findTestObject("1. Constant/xpath", ["xpath":"/html/body/div[1]/div[2]/div[8]/div[3]/div/div[3]/div[3]/div/div/div[1]/div/div[1]/div/div[1]/div[1]/h3"])): Text of object 'Object Repository/1. Constant/xpath' is: 'Phase 1.1 [Standard]'

2022-06-09 21:20:04 - [MESSAGE][PASSED] - Text of object 'Object Repository/1. Constant/xpath' is: 'Phase 1.1 [Standard]'

2022-06-09 21:20:04 - [TEST_STEP][PASSED] - verifyMatch(Name_StepA2_11, "Phase 1.1 [Standard]", false): Actual text 'Phase 1.1 [Standard]' and expected text 'Phase 1.1 [Standard]' are matched 

2022-06-09 21:20:04 - [MESSAGE][PASSED] - Actual text 'Phase 1.1 [Standard]' and expected text 'Phase 1.1 [Standard]' are matched 

2022-06-09 21:20:04 - [TEST_STEP][PASSED] - StepA2_12 = getAttribute(findTestObject("1. Constant/xpath", ["xpath":"/html/body/div[1]/div[2]/div[8]/div[3]/div/div[3]/div[3]/div/div/div[1]/div/div[2]/span"]), "class"): Attribute 'class' of object 'Object Repository/1. Constant/xpath' is: 'timeline-badge badge-md bg-pending timeline-vertical-after-xl'

2022-06-09 21:20:04 - [MESSAGE][PASSED] - Attribute 'class' of object 'Object Repository/1. Constant/xpath' is: 'timeline-badge badge-md bg-pending timeline-vertical-after-xl'

2022-06-09 21:20:04 - [TEST_STEP][PASSED] - verifyMatch(StepA2_12, "timeline-badge badge-md bg-pending timeline-vertical-after-xl", false): Actual text 'timeline-badge badge-md bg-pending timeline-vertical-after-xl' and expected text 'timeline-badge badge-md bg-pending timeline-vertical-after-xl' are matched 

2022-06-09 21:20:04 - [MESSAGE][PASSED] - Actual text 'timeline-badge badge-md bg-pending timeline-vertical-after-xl' and expected text 'timeline-badge badge-md bg-pending timeline-vertical-after-xl' are matched 

2022-06-09 21:20:04 - [TEST_STEP][PASSED] - Name_StepA2_12 = getText(findTestObject("1. Constant/xpath", ["xpath":"/html/body/div[1]/div[2]/div[8]/div[3]/div/div[3]/div[3]/div/div/div[1]/div/div[2]/div/div[1]/div[1]/h3"])): Text of object 'Object Repository/1. Constant/xpath' is: 'Phase 1.2 [Standard Phase]'

2022-06-09 21:20:04 - [MESSAGE][PASSED] - Text of object 'Object Repository/1. Constant/xpath' is: 'Phase 1.2 [Standard Phase]'

2022-06-09 21:20:04 - [TEST_STEP][PASSED] - verifyMatch(Name_StepA2_12, "Phase 1.2 [Standard Phase]", false): Actual text 'Phase 1.2 [Standard Phase]' and expected text 'Phase 1.2 [Standard Phase]' are matched 

2022-06-09 21:20:04 - [MESSAGE][PASSED] - Actual text 'Phase 1.2 [Standard Phase]' and expected text 'Phase 1.2 [Standard Phase]' are matched 

2022-06-09 21:20:04 - [TEST_STEP][PASSED] - Started_StepA2_11 = getText(findTestObject("1. Constant/xpath", ["xpath":"/html/body/div[1]/div[2]/div[8]/div[3]/div/div[3]/div[3]/div/div/div[1]/div/div[2]/div/div[2]/div[1]"])): Text of object 'Object Repository/1. Constant/xpath' is: 'Started 06/09/22 03:19 PM'

2022-06-09 21:20:04 - [MESSAGE][PASSED] - Text of object 'Object Repository/1. Constant/xpath' is: 'Started 06/09/22 03:19 PM'

2022-06-09 21:20:04 - [TEST_STEP][PASSED] - if (Started_StepA2_11.contains("Started")): Actual object '1' and expected object '1' are equal

2022-06-09 21:20:04 - [TEST_STEP][PASSED] - verifyEqual(1, 1): Actual object '1' and expected object '1' are equal

2022-06-09 21:20:04 - [MESSAGE][PASSED] - Actual object '1' and expected object '1' are equal

2022-06-09 21:20:04 - [TEST_STEP][PASSED] - StepC_2 = getAttribute(findTestObject("1. Constant/xpath", ["xpath":"/html/body/div[1]/div[2]/div[8]/div[3]/div/div[3]/div[3]/div/ul/li[2]/a"]), "class"): Attribute 'class' of object 'Object Repository/1. Constant/xpath' is: 'nav-link timeline-badge badge-xl  bg-waiting '

2022-06-09 21:20:04 - [MESSAGE][PASSED] - Attribute 'class' of object 'Object Repository/1. Constant/xpath' is: 'nav-link timeline-badge badge-xl  bg-waiting '

2022-06-09 21:20:04 - [TEST_STEP][PASSED] - verifyMatch(StepC_2, "nav-link timeline-badge badge-xl  bg-waiting ", false): Actual text 'nav-link timeline-badge badge-xl  bg-waiting ' and expected text 'nav-link timeline-badge badge-xl  bg-waiting ' are matched 

2022-06-09 21:20:04 - [MESSAGE][PASSED] - Actual text 'nav-link timeline-badge badge-xl  bg-waiting ' and expected text 'nav-link timeline-badge badge-xl  bg-waiting ' are matched 

2022-06-09 21:20:04 - [TEST_STEP][PASSED] - StepC_21 = I.Get_Stepname("/html/body/div[1]/div[2]/div[8]/div[3]/div/div[3]/div[3]/div/ul/li[2]/a"): Attribute 'href' of object 'Object Repository/1. Constant/xpath' is: 'http://mdb-release.diadeis.lan/MediaboxIndependence/Base/ExecAction?action=VoirRef&IDSession=MBI!RELTESTAUTO_DREYERS!QPHXPHQV6POR0PT0BDHWBQDO3VPCHY5QDCZWXRR0&num=OKGV73WQCY&id_ref=5290#tab_lifecycle_SASStepC_12239'

2022-06-09 21:20:09 - [MESSAGE][PASSED] - Delayed 5 second(s)

2022-06-09 21:20:10 - [MESSAGE][PASSED] - Attribute 'href' of object 'Object Repository/1. Constant/xpath' is: 'http://mdb-release.diadeis.lan/MediaboxIndependence/Base/ExecAction?action=VoirRef&IDSession=MBI!RELTESTAUTO_DREYERS!QPHXPHQV6POR0PT0BDHWBQDO3VPCHY5QDCZWXRR0&num=OKGV73WQCY&id_ref=5290#tab_lifecycle_SASStepC_12239'

2022-06-09 21:20:10 - [TEST_STEP][PASSED] - verifyMatch(StepC_21, "SASStepC", false): Actual text 'SASStepC' and expected text 'SASStepC' are matched 

2022-06-09 21:20:10 - [MESSAGE][PASSED] - Actual text 'SASStepC' and expected text 'SASStepC' are matched 

2022-06-09 21:20:10 - [TEST_STEP][PASSED] - StepB_3 = getAttribute(findTestObject("1. Constant/xpath", ["xpath":"/html/body/div[1]/div[2]/div[8]/div[3]/div/div[3]/div[3]/div/ul/li[3]/a"]), "class"): Attribute 'class' of object 'Object Repository/1. Constant/xpath' is: 'nav-link timeline-badge badge-xl  bg-waiting '

2022-06-09 21:20:11 - [MESSAGE][PASSED] - Attribute 'class' of object 'Object Repository/1. Constant/xpath' is: 'nav-link timeline-badge badge-xl  bg-waiting '

2022-06-09 21:20:11 - [TEST_STEP][PASSED] - verifyMatch(StepB_3, "nav-link timeline-badge badge-xl  bg-waiting ", false): Actual text 'nav-link timeline-badge badge-xl  bg-waiting ' and expected text 'nav-link timeline-badge badge-xl  bg-waiting ' are matched 

2022-06-09 21:20:11 - [MESSAGE][PASSED] - Actual text 'nav-link timeline-badge badge-xl  bg-waiting ' and expected text 'nav-link timeline-badge badge-xl  bg-waiting ' are matched 

2022-06-09 21:20:11 - [TEST_STEP][PASSED] - StepB_31 = I.Get_Stepname("/html/body/div[1]/div[2]/div[8]/div[3]/div/div[3]/div[3]/div/ul/li[3]/a"): Attribute 'href' of object 'Object Repository/1. Constant/xpath' is: 'http://mdb-release.diadeis.lan/MediaboxIndependence/Base/ExecAction?action=VoirRef&IDSession=MBI!RELTESTAUTO_DREYERS!QPHXPHQV6POR0PT0BDHWBQDO3VPCHY5QDCZWXRR0&num=OKGV73WQCY&id_ref=5290#tab_lifecycle_SASStepB_12237'

2022-06-09 21:20:16 - [MESSAGE][PASSED] - Delayed 5 second(s)

2022-06-09 21:20:16 - [MESSAGE][PASSED] - Attribute 'href' of object 'Object Repository/1. Constant/xpath' is: 'http://mdb-release.diadeis.lan/MediaboxIndependence/Base/ExecAction?action=VoirRef&IDSession=MBI!RELTESTAUTO_DREYERS!QPHXPHQV6POR0PT0BDHWBQDO3VPCHY5QDCZWXRR0&num=OKGV73WQCY&id_ref=5290#tab_lifecycle_SASStepB_12237'

2022-06-09 21:20:16 - [TEST_STEP][PASSED] - verifyMatch(StepB_31, "SASStepB", false): Actual text 'SASStepB' and expected text 'SASStepB' are matched 

2022-06-09 21:20:16 - [MESSAGE][PASSED] - Actual text 'SASStepB' and expected text 'SASStepB' are matched 

2022-06-09 21:20:16 - [TEST_STEP][PASSED] - I.Logout(): Delayed 3 second(s)

2022-06-09 21:20:19 - [MESSAGE][PASSED] - Delayed 3 second(s)

2022-06-09 21:20:19 - [MESSAGE][PASSED] - Object: 'Object Repository/1. Constant/xpath' is clicked on

2022-06-09 21:20:22 - [MESSAGE][PASSED] - Delayed 3 second(s)

2022-06-09 21:20:24 - [MESSAGE][PASSED] - Object: 'Object Repository/1. Constant/xpath' is clicked on

2022-06-09 21:20:27 - [MESSAGE][PASSED] - Delayed 3 second(s)

2022-06-09 21:20:27 - [TEST_STEP][PASSED] - I.Login_password("nturner", password_nturner): Object: 'Object Repository/1. Constant/xpath' is clicked on

2022-06-09 21:20:27 - [MESSAGE][PASSED] - Text 'nturner' is set on object 'Object Repository/1. Constant/xpath'

2022-06-09 21:20:28 - [MESSAGE][PASSED] - Delayed 1 second(s)

2022-06-09 21:20:28 - [MESSAGE][PASSED] - Text 'diadeis1' is set on object 'Object Repository/1. Constant/xpath'

2022-06-09 21:20:29 - [MESSAGE][PASSED] - Delayed 1 second(s)

2022-06-09 21:20:33 - [MESSAGE][PASSED] - Object: 'Object Repository/1. Constant/xpath' is clicked on

2022-06-09 21:20:33 - [TEST_STEP][PASSED] - click(findTestObject("1. Constant/02_LHSMenu_Projects")): Object: 'Object Repository/1. Constant/02_LHSMenu_Projects' is clicked on

2022-06-09 21:20:38 - [MESSAGE][PASSED] - Object: 'Object Repository/1. Constant/02_LHSMenu_Projects' is clicked on

2022-06-09 21:20:38 - [TEST_STEP][PASSED] - I.SearchProjectNo_xpath(Project_No, "//*[@id="keynum_project"]", "//*[@id="form_filters"]/div[4]/button"): Delayed 5 second(s)

2022-06-09 21:20:39 - [MESSAGE][PASSED] - Delayed 1 second(s)

2022-06-09 21:20:39 - [MESSAGE][PASSED] - Text 'MI000876' is set on object 'Object Repository/1. Constant/xpath'

2022-06-09 21:20:42 - [MESSAGE][PASSED] - Delayed 3 second(s)

2022-06-09 21:20:42 - [MESSAGE][PASSED] - Scroll to object 'Object Repository/1. Constant/xpath' successfully

2022-06-09 21:20:45 - [MESSAGE][PASSED] - Object: 'Object Repository/1. Constant/xpath' is clicked on

2022-06-09 21:20:50 - [MESSAGE][PASSED] - Delayed 5 second(s)

2022-06-09 21:20:50 - [TEST_STEP][PASSED] - takeScreenshot(): Taking screenshot successfully

2022-06-09 21:20:51 - [MESSAGE][PASSED] - Taking screenshot successfully
[[ATTACHMENT|D:\\Projet Test Auto\\Mediabox Test Automation\\Reports\\20220609_181011\\03. Parallel Testing (Testing)\\TS -PT PART 3\\14.05 Dreyers Support Action (Ongoing _ Completed ref) - PART 5\\20220609_181111\\1654802450803.png]]

2022-06-09 21:20:51 - [TEST_STEP][PASSED] - I.SearchRefNo_xpath("P30_Auto", "//*[@id="fiche_filter_keywords11"]", "//*[@id="form_filters"]/div[3]/button"): Delayed 5 second(s)

2022-06-09 21:20:52 - [MESSAGE][PASSED] - Delayed 1 second(s)

2022-06-09 21:20:52 - [MESSAGE][PASSED] - Text 'P30_Auto' is set on object 'Object Repository/1. Constant/xpath'

2022-06-09 21:20:55 - [MESSAGE][PASSED] - Delayed 3 second(s)

2022-06-09 21:20:55 - [MESSAGE][PASSED] - Scroll to object 'Object Repository/1. Constant/xpath' successfully

2022-06-09 21:20:57 - [MESSAGE][PASSED] - Object: 'Object Repository/1. Constant/xpath' is clicked on

2022-06-09 21:21:02 - [MESSAGE][PASSED] - Delayed 5 second(s)

2022-06-09 21:21:02 - [TEST_STEP][PASSED] - delay(1): Delayed 1 second(s)

2022-06-09 21:21:03 - [MESSAGE][PASSED] - Delayed 1 second(s)

2022-06-09 21:21:03 - [TEST_STEP][PASSED] - takeScreenshot(): Taking screenshot successfully

2022-06-09 21:21:03 - [MESSAGE][PASSED] - Taking screenshot successfully
[[ATTACHMENT|D:\\Projet Test Auto\\Mediabox Test Automation\\Reports\\20220609_181011\\03. Parallel Testing (Testing)\\TS -PT PART 3\\14.05 Dreyers Support Action (Ongoing _ Completed ref) - PART 5\\20220609_181111\\1654802463504.png]]

2022-06-09 21:21:03 - [TEST_STEP][PASSED] - Lifecycle_Status1 = getText(findTestObject("1. Constant/xpath", ["xpath":"//*[@id="source_" + refID30 + ""]/td[12]/span[1]"])): Text of object 'Object Repository/1. Constant/xpath' is: 'Phase 1.2 [Standard Phase]'

2022-06-09 21:21:03 - [MESSAGE][PASSED] - Text of object 'Object Repository/1. Constant/xpath' is: 'Phase 1.2 [Standard Phase]'

2022-06-09 21:21:03 - [TEST_STEP][PASSED] - verifyMatch(Lifecycle_Status1, "Phase 1.2 [Standard Phase]", false): Actual text 'Phase 1.2 [Standard Phase]' and expected text 'Phase 1.2 [Standard Phase]' are matched 

2022-06-09 21:21:03 - [MESSAGE][PASSED] - Actual text 'Phase 1.2 [Standard Phase]' and expected text 'Phase 1.2 [Standard Phase]' are matched 

2022-06-09 21:21:03 - [TEST_STEP][PASSED] - click(findTestObject("1. Constant/xpath", ["xpath":"//*[@id="source_" + refID30 + ""]/td[13]/a[2]"])): Object: 'Object Repository/1. Constant/xpath' is clicked on

2022-06-09 21:21:05 - [MESSAGE][PASSED] - Object: 'Object Repository/1. Constant/xpath' is clicked on

2022-06-09 21:21:05 - [TEST_STEP][PASSED] - click(findTestObject("1. Constant/xpath", ["xpath":"//*[@id="ModifFiche"]/div[1]/div/button[2]"])): Object: 'Object Repository/1. Constant/xpath' is clicked on

2022-06-09 21:21:08 - [MESSAGE][PASSED] - Object: 'Object Repository/1. Constant/xpath' is clicked on

2022-06-09 21:21:08 - [TEST_STEP][PASSED] - Lifecycle_Status2 = getText(findTestObject("1. Constant/xpath", ["xpath":"//*[@id="source_" + refID30 + ""]/td[12]/span[1]"])): Text of object 'Object Repository/1. Constant/xpath' is: 'Phase 3.3 [Standard]'

2022-06-09 21:21:08 - [MESSAGE][PASSED] - Text of object 'Object Repository/1. Constant/xpath' is: 'Phase 3.3 [Standard]'

2022-06-09 21:21:08 - [TEST_STEP][PASSED] - verifyMatch(Lifecycle_Status2, "Phase 3.3 [Standard]", false): Actual text 'Phase 3.3 [Standard]' and expected text 'Phase 3.3 [Standard]' are matched 

2022-06-09 21:21:08 - [MESSAGE][PASSED] - Actual text 'Phase 3.3 [Standard]' and expected text 'Phase 3.3 [Standard]' are matched 

2022-06-09 21:21:08 - [TEST_STEP][PASSED] - I.Logout(): Delayed 3 second(s)

2022-06-09 21:21:11 - [MESSAGE][PASSED] - Delayed 3 second(s)

2022-06-09 21:21:12 - [MESSAGE][PASSED] - Object: 'Object Repository/1. Constant/xpath' is clicked on

2022-06-09 21:21:15 - [MESSAGE][PASSED] - Delayed 3 second(s)

2022-06-09 21:21:19 - [MESSAGE][PASSED] - Object: 'Object Repository/1. Constant/xpath' is clicked on

2022-06-09 21:21:22 - [MESSAGE][PASSED] - Delayed 3 second(s)

2022-06-09 21:21:22 - [TEST_STEP][PASSED] - I.Login_password("jryan", password_jryan): Object: 'Object Repository/1. Constant/xpath' is clicked on

2022-06-09 21:21:22 - [MESSAGE][PASSED] - Text 'jryan' is set on object 'Object Repository/1. Constant/xpath'

2022-06-09 21:21:23 - [MESSAGE][PASSED] - Delayed 1 second(s)

2022-06-09 21:21:23 - [MESSAGE][PASSED] - Text 'diadeis' is set on object 'Object Repository/1. Constant/xpath'

2022-06-09 21:21:24 - [MESSAGE][PASSED] - Delayed 1 second(s)

2022-06-09 21:21:27 - [MESSAGE][PASSED] - Object: 'Object Repository/1. Constant/xpath' is clicked on

2022-06-09 21:21:27 - [TEST_STEP][PASSED] - click(findTestObject("1. Constant/02_LHSMenu_Projects")): Object: 'Object Repository/1. Constant/02_LHSMenu_Projects' is clicked on

2022-06-09 21:21:29 - [MESSAGE][PASSED] - Object: 'Object Repository/1. Constant/02_LHSMenu_Projects' is clicked on

2022-06-09 21:21:29 - [TEST_STEP][PASSED] - I.SearchProjectNo_xpath(Project_No, "//*[@id="keynum_project"]", "//*[@id="form_filters"]/div[4]/button"): Delayed 5 second(s)

2022-06-09 21:21:30 - [MESSAGE][PASSED] - Delayed 1 second(s)

2022-06-09 21:21:30 - [MESSAGE][PASSED] - Text 'MI000876' is set on object 'Object Repository/1. Constant/xpath'

2022-06-09 21:21:33 - [MESSAGE][PASSED] - Delayed 3 second(s)

2022-06-09 21:21:34 - [MESSAGE][PASSED] - Scroll to object 'Object Repository/1. Constant/xpath' successfully

2022-06-09 21:21:37 - [MESSAGE][PASSED] - Object: 'Object Repository/1. Constant/xpath' is clicked on

2022-06-09 21:21:42 - [MESSAGE][PASSED] - Delayed 5 second(s)

2022-06-09 21:21:42 - [TEST_STEP][PASSED] - takeScreenshot(): Taking screenshot successfully

2022-06-09 21:21:42 - [MESSAGE][PASSED] - Taking screenshot successfully
[[ATTACHMENT|D:\\Projet Test Auto\\Mediabox Test Automation\\Reports\\20220609_181011\\03. Parallel Testing (Testing)\\TS -PT PART 3\\14.05 Dreyers Support Action (Ongoing _ Completed ref) - PART 5\\20220609_181111\\1654802502172.png]]

2022-06-09 21:21:42 - [TEST_STEP][PASSED] - I.SearchRefNo_xpath("P30_Auto", "//*[@id="fiche_filter_keywords11"]", "//*[@id="form_filters"]/div[3]/button"): Delayed 5 second(s)

2022-06-09 21:21:43 - [MESSAGE][PASSED] - Delayed 1 second(s)

2022-06-09 21:21:44 - [MESSAGE][PASSED] - Text 'P30_Auto' is set on object 'Object Repository/1. Constant/xpath'

2022-06-09 21:21:47 - [MESSAGE][PASSED] - Delayed 3 second(s)

2022-06-09 21:21:47 - [MESSAGE][PASSED] - Scroll to object 'Object Repository/1. Constant/xpath' successfully

2022-06-09 21:21:50 - [MESSAGE][PASSED] - Object: 'Object Repository/1. Constant/xpath' is clicked on

2022-06-09 21:21:55 - [MESSAGE][PASSED] - Delayed 5 second(s)

2022-06-09 21:21:55 - [TEST_STEP][PASSED] - takeScreenshot(): Taking screenshot successfully

2022-06-09 21:21:55 - [MESSAGE][PASSED] - Taking screenshot successfully
[[ATTACHMENT|D:\\Projet Test Auto\\Mediabox Test Automation\\Reports\\20220609_181011\\03. Parallel Testing (Testing)\\TS -PT PART 3\\14.05 Dreyers Support Action (Ongoing _ Completed ref) - PART 5\\20220609_181111\\1654802515364.png]]

2022-06-09 21:21:55 - [TEST_STEP][PASSED] - click(findTestObject("1. Constant/xpath", ["xpath":"//*[@id="source_" + refID30 + ""]/td[14]/a[2]"])): Object: 'Object Repository/1. Constant/xpath' is clicked on

2022-06-09 21:21:57 - [MESSAGE][PASSED] - Object: 'Object Repository/1. Constant/xpath' is clicked on

2022-06-09 21:21:57 - [TEST_STEP][PASSED] - click(findTestObject("1. Constant/xpath", ["xpath":"//*[@id="ModifFiche"]/div[1]/div/button[2]"])): Object: 'Object Repository/1. Constant/xpath' is clicked on

2022-06-09 21:22:04 - [MESSAGE][PASSED] - Object: 'Object Repository/1. Constant/xpath' is clicked on

2022-06-09 21:22:04 - [TEST_STEP][PASSED] - Lifecycle_Status3 = getText(findTestObject("1. Constant/xpath", ["xpath":"//*[@id="source_" + refID30 + ""]/td[12]/span[1]"])): Text of object 'Object Repository/1. Constant/xpath' is: 'Phase 2.1 [Production]'

2022-06-09 21:22:05 - [MESSAGE][PASSED] - Text of object 'Object Repository/1. Constant/xpath' is: 'Phase 2.1 [Production]'

2022-06-09 21:22:05 - [TEST_STEP][PASSED] - verifyMatch(Lifecycle_Status3, "Phase 2.1 [Production]", false): Actual text 'Phase 2.1 [Production]' and expected text 'Phase 2.1 [Production]' are matched 

2022-06-09 21:22:05 - [MESSAGE][PASSED] - Actual text 'Phase 2.1 [Production]' and expected text 'Phase 2.1 [Production]' are matched 

2022-06-09 21:22:05 - [TEST_STEP][PASSED] - closeBrowser(): Browser is closed

2022-06-09 21:22:09 - [MESSAGE][PASSED] - Browser is closed

2022-06-09 21:22:09 - [TEST_STEP][PASSED] - Start listener action : sampleAfterTestCase: null]]></system-out>
         <system-err><![CDATA[]]></system-err>
      </testcase>
      <system-out><![CDATA[2022-06-09 20:50:40 - [TEST_SUITE][PASSED] - 14.05 Dreyers Support Action (Ongoing _ Completed ref) - PART 5: Test Cases/19. Dreyers Support Action (Ongoing ref_completed)/19.30 Dreyers SAS Add Phase (Ongoing ref) S38 - P30]]></system-out>
      <system-err><![CDATA[]]></system-err>
   </testsuite>
</testsuites>
