<?xml version="1.0" encoding="UTF-8"?>
<testsuites name="Retest For failed TC" time="1375.25" tests="3" failures="0" errors="0">
   <testsuite name="Retest For failed TC" tests="3" failures="0" errors="0" time="1375.25" skipped="0" timestamp="2022-06-24 11:02:51" hostname="lamhe - DPF-MBI-VERIF.ad.sgsco.int" id="Test Suites/03. Parallel Testing (Testing)/TS -PT PART 3/Retest For failed TC">
      <properties>
         <property name="deviceName" value=""/>
         <property name="devicePlatform" value=""/>
         <property name="logFolder" value="D:\\Projet Test Auto\\Mediabox Test Automation\\Reports\\20220624_110238\\03. Parallel Testing (Testing)\\TS -PT PART 3\\Retest For failed TC\\20220624_110240"/>
         <property name="logFiles" value="D:\\Projet Test Auto\\Mediabox Test Automation\\Reports\\20220624_110238\\03. Parallel Testing (Testing)\\TS -PT PART 3\\Retest For failed TC\\20220624_110240\\execution0.log"/>
         <property name="attachments" value="D:\\Projet Test Auto\\Mediabox Test Automation\\Reports\\20220624_110238\\03. Parallel Testing (Testing)\\TS -PT PART 3\\Retest For failed TC\\20220624_110240\\1656061391990.png, D:\\Projet Test Auto\\Mediabox Test Automation\\Reports\\20220624_110238\\03. Parallel Testing (Testing)\\TS -PT PART 3\\Retest For failed TC\\20220624_110240\\1656061416256.png, D:\\Projet Test Auto\\Mediabox Test Automation\\Reports\\20220624_110238\\03. Parallel Testing (Testing)\\TS -PT PART 3\\Retest For failed TC\\20220624_110240\\1656061433498.png, D:\\Projet Test Auto\\Mediabox Test Automation\\Reports\\20220624_110238\\03. Parallel Testing (Testing)\\TS -PT PART 3\\Retest For failed TC\\20220624_110240\\1656061512289.png, D:\\Projet Test Auto\\Mediabox Test Automation\\Reports\\20220624_110238\\03. Parallel Testing (Testing)\\TS -PT PART 3\\Retest For failed TC\\20220624_110240\\1656061517623.png, D:\\Projet Test Auto\\Mediabox Test Automation\\Reports\\20220624_110238\\03. Parallel Testing (Testing)\\TS -PT PART 3\\Retest For failed TC\\20220624_110240\\1656061705349.png, D:\\Projet Test Auto\\Mediabox Test Automation\\Reports\\20220624_110238\\03. Parallel Testing (Testing)\\TS -PT PART 3\\Retest For failed TC\\20220624_110240\\1656061769525.png, D:\\Projet Test Auto\\Mediabox Test Automation\\Reports\\20220624_110238\\03. Parallel Testing (Testing)\\TS -PT PART 3\\Retest For failed TC\\20220624_110240\\1656061773656.png, D:\\Projet Test Auto\\Mediabox Test Automation\\Reports\\20220624_110238\\03. Parallel Testing (Testing)\\TS -PT PART 3\\Retest For failed TC\\20220624_110240\\1656061945917.png, D:\\Projet Test Auto\\Mediabox Test Automation\\Reports\\20220624_110238\\03. Parallel Testing (Testing)\\TS -PT PART 3\\Retest For failed TC\\20220624_110240\\1656062132412.png, D:\\Projet Test Auto\\Mediabox Test Automation\\Reports\\20220624_110238\\03. Parallel Testing (Testing)\\TS -PT PART 3\\Retest For failed TC\\20220624_110240\\1656062215999.png, D:\\Projet Test Auto\\Mediabox Test Automation\\Reports\\20220624_110238\\03. Parallel Testing (Testing)\\TS -PT PART 3\\Retest For failed TC\\20220624_110240\\1656062241427.png, D:\\Projet Test Auto\\Mediabox Test Automation\\Reports\\20220624_110238\\03. Parallel Testing (Testing)\\TS -PT PART 3\\Retest For failed TC\\20220624_110240\\1656062248204.png, D:\\Projet Test Auto\\Mediabox Test Automation\\Reports\\20220624_110238\\03. Parallel Testing (Testing)\\TS -PT PART 3\\Retest For failed TC\\20220624_110240\\1656062281241.png, D:\\Projet Test Auto\\Mediabox Test Automation\\Reports\\20220624_110238\\03. Parallel Testing (Testing)\\TS -PT PART 3\\Retest For failed TC\\20220624_110240\\1656062281860.png, D:\\Projet Test Auto\\Mediabox Test Automation\\Reports\\20220624_110238\\03. Parallel Testing (Testing)\\TS -PT PART 3\\Retest For failed TC\\20220624_110240\\1656062284885.png, D:\\Projet Test Auto\\Mediabox Test Automation\\Reports\\20220624_110238\\03. Parallel Testing (Testing)\\TS -PT PART 3\\Retest For failed TC\\20220624_110240\\1656062412048.png, D:\\Projet Test Auto\\Mediabox Test Automation\\Reports\\20220624_110238\\03. Parallel Testing (Testing)\\TS -PT PART 3\\Retest For failed TC\\20220624_110240\\1656062446266.png, D:\\Projet Test Auto\\Mediabox Test Automation\\Reports\\20220624_110238\\03. Parallel Testing (Testing)\\TS -PT PART 3\\Retest For failed TC\\20220624_110240\\1656062458904.png, D:\\Projet Test Auto\\Mediabox Test Automation\\Reports\\20220624_110238\\03. Parallel Testing (Testing)\\TS -PT PART 3\\Retest For failed TC\\20220624_110240\\1656062484575.png, D:\\Projet Test Auto\\Mediabox Test Automation\\Reports\\20220624_110238\\03. Parallel Testing (Testing)\\TS -PT PART 3\\Retest For failed TC\\20220624_110240\\1656062513125.png, D:\\Projet Test Auto\\Mediabox Test Automation\\Reports\\20220624_110238\\03. Parallel Testing (Testing)\\TS -PT PART 3\\Retest For failed TC\\20220624_110240\\1656062527232.png, D:\\Projet Test Auto\\Mediabox Test Automation\\Reports\\20220624_110238\\03. Parallel Testing (Testing)\\TS -PT PART 3\\Retest For failed TC\\20220624_110240\\1656062531043.png, D:\\Projet Test Auto\\Mediabox Test Automation\\Reports\\20220624_110238\\03. Parallel Testing (Testing)\\TS -PT PART 3\\Retest For failed TC\\20220624_110240\\1656062535256.png, D:\\Projet Test Auto\\Mediabox Test Automation\\Reports\\20220624_110238\\03. Parallel Testing (Testing)\\TS -PT PART 3\\Retest For failed TC\\20220624_110240\\1656062548545.png, D:\\Projet Test Auto\\Mediabox Test Automation\\Reports\\20220624_110238\\03. Parallel Testing (Testing)\\TS -PT PART 3\\Retest For failed TC\\20220624_110240\\1656062597622.png, D:\\Projet Test Auto\\Mediabox Test Automation\\Reports\\20220624_110238\\03. Parallel Testing (Testing)\\TS -PT PART 3\\Retest For failed TC\\20220624_110240\\1656062686934.png, D:\\Projet Test Auto\\Mediabox Test Automation\\Reports\\20220624_110238\\03. Parallel Testing (Testing)\\TS -PT PART 3\\Retest For failed TC\\20220624_110240\\1656062710365.png, D:\\Projet Test Auto\\Mediabox Test Automation\\Reports\\20220624_110238\\03. Parallel Testing (Testing)\\TS -PT PART 3\\Retest For failed TC\\20220624_110240\\1656062739488.png"/>
         <property name="hostName" value="lamhe - DPF-MBI-VERIF.ad.sgsco.int"/>
         <property name="os" value="Windows 10 64bit"/>
         <property name="katalonVersion" value="8.3.0.208"/>
         <property name="browser" value="Chrome 102.0.5005.115"/>
         <property name="hostAddress" value="10.15.10.53"/>
         <property name="sessionId" value="5306591a20d72e76a51d6fd051b86d60"/>
         <property name="seleniumVersion" value="3.141.59"/>
         <property name="proxyInformation" value="ProxyInformation { proxyOption=NO_PROXY, proxyServerType=HTTP, username=, password=********, proxyServerAddress=, proxyServerPort=0, executionList=&quot;&quot;, isApplyToDesiredCapabilities=true }"/>
         <property name="platform" value="Windows 10"/>
      </properties>
      <testcase name="Test Cases/11. Tag Simultaneous Modification of ref (P1 - P4 consecutive)/11.1 Tag Simultaneous Modif of ref (super edit) PART 1" time="503.022" classname="Test Cases/11. Tag Simultaneous Modification of ref (P1 - P4 consecutive)/11.1 Tag Simultaneous Modif of ref (super edit) PART 1" status="PASSED">
         <system-out><![CDATA[2022-06-24 11:02:52 - [TEST_CASE][PASSED] - Test Cases/11. Tag Simultaneous Modification of ref (P1 - P4 consecutive)/11.1 Tag Simultaneous Modif of ref (super edit) PART 1: Test Cases/11. Tag Simultaneous Modification of ref (P1 - P4 consecutive)/11.1 Tag Simultaneous Modif of ref (super edit) PART 1

2022-06-24 11:02:55 - [TEST_STEP][PASSED] - data_Tag = findTestData("Data Files/Username_Password/Tag"): null

2022-06-24 11:02:55 - [TEST_STEP][PASSED] - password_jedun = data_Tag.getValue(3, 1): null

2022-06-24 11:02:55 - [TEST_STEP][PASSED] - password_tliu = data_Tag.getValue(3, 8): null

2022-06-24 11:02:55 - [TEST_STEP][PASSED] - I.clearnotepad("D:\Upoad_File\Projet_ Login\Tag\11.01 Tag Project_No\11.01_Tag_ProjectNo.txt"): null

2022-06-24 11:02:55 - [TEST_STEP][PASSED] - I.clearnotepad("D:\Upoad_File\Projet_ Login\Tag\11.01 Tag Project_No\11.01_Tag_refID.txt"): null

2022-06-24 11:02:55 - [TEST_STEP][PASSED] - data_urlRELAUTO = findTestData("Data Files/URL/URL_relauto"): null

2022-06-24 11:02:55 - [TEST_STEP][PASSED] - Url_Tag = data_urlRELAUTO.getValue(2, 3): null

2022-06-24 11:02:55 - [TEST_STEP][PASSED] - System.setProperty("webdriver.chrome.driver", "D:\Katalon_Studio\configuration\resources\drivers\chromedriver_win32\chromedriver.exe"): null

2022-06-24 11:02:55 - [TEST_STEP][PASSED] - driver1 = new org.openqa.selenium.chrome.ChromeDriver(): null

2022-06-24 11:03:02 - [TEST_STEP][PASSED] - changeWebDriver(driver1): null

2022-06-24 11:03:03 - [TEST_STEP][PASSED] - navigateToUrl(Url_Tag): Navigate to 'http://mdb-release.diadeis.lan/MediaboxIndependence/?MBI_datasource=RELTESTAUTO_TAG' successfully

2022-06-24 11:03:11 - [MESSAGE][PASSED] - Navigate to 'http://mdb-release.diadeis.lan/MediaboxIndependence/?MBI_datasource=RELTESTAUTO_TAG' successfully

2022-06-24 11:03:11 - [TEST_STEP][PASSED] - maximizeWindow(): Current window maximized

2022-06-24 11:03:11 - [MESSAGE][PASSED] - Current window maximized

2022-06-24 11:03:11 - [TEST_STEP][PASSED] - waitForPageLoad(30): Wait for page load successfully

2022-06-24 11:03:11 - [MESSAGE][PASSED] - Wait for page load successfully

2022-06-24 11:03:11 - [TEST_STEP][PASSED] - takeScreenshot(): Taking screenshot successfully

2022-06-24 11:03:12 - [MESSAGE][PASSED] - Taking screenshot successfully
[[ATTACHMENT|D:\\Projet Test Auto\\Mediabox Test Automation\\Reports\\20220624_110238\\03. Parallel Testing (Testing)\\TS -PT PART 3\\Retest For failed TC\\20220624_110240\\1656061391990.png]]

2022-06-24 11:03:12 - [TEST_STEP][PASSED] - I.Login_password("jedun", password_jedun): Object: 'Object Repository/1. Constant/xpath' is clicked on

2022-06-24 11:03:13 - [MESSAGE][PASSED] - Text 'jedun' is set on object 'Object Repository/1. Constant/xpath'

2022-06-24 11:03:14 - [MESSAGE][PASSED] - Delayed 1 second(s)

2022-06-24 11:03:14 - [MESSAGE][PASSED] - Text 'dchi' is set on object 'Object Repository/1. Constant/xpath'

2022-06-24 11:03:15 - [MESSAGE][PASSED] - Delayed 1 second(s)

2022-06-24 11:03:21 - [MESSAGE][PASSED] - Object: 'Object Repository/1. Constant/xpath' is clicked on

2022-06-24 11:03:21 - [TEST_STEP][PASSED] - click(findTestObject("1. Constant/02_LHSMenu_Projects")): Object: 'Object Repository/1. Constant/02_LHSMenu_Projects' is clicked on

2022-06-24 11:03:30 - [MESSAGE][PASSED] - Object: 'Object Repository/1. Constant/02_LHSMenu_Projects' is clicked on

2022-06-24 11:03:30 - [TEST_STEP][PASSED] - click(findTestObject("1. Constant/xpath", ["xpath":"//*[@id="kt_content"]/div[3]/div/div/div[1]/div[2]/a[1]"])): Object: 'Object Repository/1. Constant/xpath' is clicked on

2022-06-24 11:03:34 - [MESSAGE][PASSED] - Object: 'Object Repository/1. Constant/xpath' is clicked on

2022-06-24 11:03:34 - [TEST_STEP][PASSED] - delay(1): Delayed 1 second(s)

2022-06-24 11:03:35 - [MESSAGE][PASSED] - Delayed 1 second(s)

2022-06-24 11:03:35 - [TEST_STEP][PASSED] - takeScreenshot(): Taking screenshot successfully

2022-06-24 11:03:36 - [MESSAGE][PASSED] - Taking screenshot successfully
[[ATTACHMENT|D:\\Projet Test Auto\\Mediabox Test Automation\\Reports\\20220624_110238\\03. Parallel Testing (Testing)\\TS -PT PART 3\\Retest For failed TC\\20220624_110240\\1656061416256.png]]

2022-06-24 11:03:36 - [TEST_STEP][PASSED] - I.SelectFromList_Value("//*[@id="project_template"]", "11"): Delayed 2 second(s)

2022-06-24 11:03:41 - [MESSAGE][PASSED] - All options with value '11' are selected in object 'Object Repository/1. Constant/xpath' 

2022-06-24 11:03:43 - [MESSAGE][PASSED] - Delayed 2 second(s)

2022-06-24 11:03:43 - [TEST_STEP][PASSED] - click(findTestObject("1. Constant/xpath", ["xpath":"//*[@id="ModifFiche"]/div[3]/div/button"])): Object: 'Object Repository/1. Constant/xpath' is clicked on

2022-06-24 11:03:51 - [MESSAGE][PASSED] - Object: 'Object Repository/1. Constant/xpath' is clicked on

2022-06-24 11:03:51 - [TEST_STEP][PASSED] - delay(2): Delayed 2 second(s)

2022-06-24 11:03:53 - [MESSAGE][PASSED] - Delayed 2 second(s)

2022-06-24 11:03:53 - [TEST_STEP][PASSED] - takeScreenshot(): Taking screenshot successfully

2022-06-24 11:03:53 - [MESSAGE][PASSED] - Taking screenshot successfully
[[ATTACHMENT|D:\\Projet Test Auto\\Mediabox Test Automation\\Reports\\20220624_110238\\03. Parallel Testing (Testing)\\TS -PT PART 3\\Retest For failed TC\\20220624_110240\\1656061433498.png]]

2022-06-24 11:03:53 - [TEST_STEP][PASSED] - Project_name = "AutoTest_Tag_SimultaneousRef_" + RandomStringUtils.randomAlphanumeric(10) + "_" + I.gettimedate(): null

2022-06-24 11:03:53 - [TEST_STEP][PASSED] - setText(findTestObject("1. Constant/xpath", ["xpath":"//*[@id="var_141"]"]), Project_name): Text 'AutoTest_Tag_SimultaneousRef_OHrDa3Y9pH_juin242022_110353' is set on object 'Object Repository/1. Constant/xpath'

2022-06-24 11:03:54 - [MESSAGE][PASSED] - Text 'AutoTest_Tag_SimultaneousRef_OHrDa3Y9pH_juin242022_110353' is set on object 'Object Repository/1. Constant/xpath'

2022-06-24 11:03:54 - [TEST_STEP][PASSED] - I.SelectFromList_Value("//*[@id="var_12"]", "1025"): Delayed 2 second(s)

2022-06-24 11:03:54 - [MESSAGE][PASSED] - All options with value '1025' are selected in object 'Object Repository/1. Constant/xpath' 

2022-06-24 11:03:56 - [MESSAGE][PASSED] - Delayed 2 second(s)

2022-06-24 11:03:56 - [TEST_STEP][PASSED] - I.SelectFromList_Value("//*[@id="var_116"]", "1070"): Delayed 2 second(s)

2022-06-24 11:03:57 - [MESSAGE][PASSED] - All options with value '1070' are selected in object 'Object Repository/1. Constant/xpath' 

2022-06-24 11:03:59 - [MESSAGE][PASSED] - Delayed 2 second(s)

2022-06-24 11:03:59 - [TEST_STEP][PASSED] - I.SelectFromList_Value("//*[@id="var_262"]", "16352"): Delayed 2 second(s)

2022-06-24 11:03:59 - [MESSAGE][PASSED] - All options with value '16352' are selected in object 'Object Repository/1. Constant/xpath' 

2022-06-24 11:04:01 - [MESSAGE][PASSED] - Delayed 2 second(s)

2022-06-24 11:04:01 - [TEST_STEP][PASSED] - setText(findTestObject("1. Constant/xpath", ["xpath":"//*[@id="var_14"]"]), "10/10/2020"): Text '10/10/2020' is set on object 'Object Repository/1. Constant/xpath'

2022-06-24 11:04:02 - [MESSAGE][PASSED] - Text '10/10/2020' is set on object 'Object Repository/1. Constant/xpath'

2022-06-24 11:04:02 - [TEST_STEP][PASSED] - I.SelectFromList_Value("//*[@id="var_15"]", "57"): Delayed 2 second(s)

2022-06-24 11:04:03 - [MESSAGE][PASSED] - All options with value '57' are selected in object 'Object Repository/1. Constant/xpath' 

2022-06-24 11:04:05 - [MESSAGE][PASSED] - Delayed 2 second(s)

2022-06-24 11:04:05 - [TEST_STEP][PASSED] - delay(2): Delayed 2 second(s)

2022-06-24 11:04:07 - [MESSAGE][PASSED] - Delayed 2 second(s)

2022-06-24 11:04:07 - [TEST_STEP][PASSED] - I.SelectFromList_Value("//*[@id="var_16"]", "46"): Delayed 2 second(s)

2022-06-24 11:04:08 - [MESSAGE][PASSED] - All options with value '46' are selected in object 'Object Repository/1. Constant/xpath' 

2022-06-24 11:04:10 - [MESSAGE][PASSED] - Delayed 2 second(s)

2022-06-24 11:04:10 - [TEST_STEP][PASSED] - delay(2): Delayed 2 second(s)

2022-06-24 11:04:12 - [MESSAGE][PASSED] - Delayed 2 second(s)

2022-06-24 11:04:12 - [TEST_STEP][PASSED] - I.SelectFromList_Value("//*[@id="var_17"]", "12174"): Delayed 2 second(s)

2022-06-24 11:04:12 - [MESSAGE][PASSED] - All options with value '12174' are selected in object 'Object Repository/1. Constant/xpath' 

2022-06-24 11:04:14 - [MESSAGE][PASSED] - Delayed 2 second(s)

2022-06-24 11:04:14 - [TEST_STEP][PASSED] - delay(2): Delayed 2 second(s)

2022-06-24 11:04:17 - [MESSAGE][PASSED] - Delayed 2 second(s)

2022-06-24 11:04:17 - [TEST_STEP][PASSED] - I.SelectFromList_Value("//*[@id="var_18"]", "12414"): Delayed 2 second(s)

2022-06-24 11:04:18 - [MESSAGE][PASSED] - All options with value '12414' are selected in object 'Object Repository/1. Constant/xpath' 

2022-06-24 11:04:20 - [MESSAGE][PASSED] - Delayed 2 second(s)

2022-06-24 11:04:20 - [TEST_STEP][PASSED] - delay(2): Delayed 2 second(s)

2022-06-24 11:04:22 - [MESSAGE][PASSED] - Delayed 2 second(s)

2022-06-24 11:04:22 - [TEST_STEP][PASSED] - I.SelectFromList_Value("//*[@id="var_20"]", "3773"): Delayed 2 second(s)

2022-06-24 11:04:23 - [MESSAGE][PASSED] - All options with value '3773' are selected in object 'Object Repository/1. Constant/xpath' 

2022-06-24 11:04:25 - [MESSAGE][PASSED] - Delayed 2 second(s)

2022-06-24 11:04:25 - [TEST_STEP][PASSED] - delay(2): Delayed 2 second(s)

2022-06-24 11:04:27 - [MESSAGE][PASSED] - Delayed 2 second(s)

2022-06-24 11:04:27 - [TEST_STEP][PASSED] - I.SelectFromList_Value("//*[@id="var_21"]", "246"): Delayed 2 second(s)

2022-06-24 11:04:27 - [MESSAGE][PASSED] - All options with value '246' are selected in object 'Object Repository/1. Constant/xpath' 

2022-06-24 11:04:29 - [MESSAGE][PASSED] - Delayed 2 second(s)

2022-06-24 11:04:29 - [TEST_STEP][PASSED] - delay(2): Delayed 2 second(s)

2022-06-24 11:04:31 - [MESSAGE][PASSED] - Delayed 2 second(s)

2022-06-24 11:04:31 - [TEST_STEP][PASSED] - I.SelectFromList_Value("//*[@id="var_22"]", "3853"): Delayed 2 second(s)

2022-06-24 11:04:32 - [MESSAGE][PASSED] - All options with value '3853' are selected in object 'Object Repository/1. Constant/xpath' 

2022-06-24 11:04:34 - [MESSAGE][PASSED] - Delayed 2 second(s)

2022-06-24 11:04:34 - [TEST_STEP][PASSED] - I.SelectFromList_Value("//*[@id="selSource_23"]", "achatin"): Delayed 2 second(s)

2022-06-24 11:04:35 - [MESSAGE][PASSED] - All options with value 'achatin' are selected in object 'Object Repository/1. Constant/xpath' 

2022-06-24 11:04:37 - [MESSAGE][PASSED] - Delayed 2 second(s)

2022-06-24 11:04:37 - [TEST_STEP][PASSED] - I.select_multiplelist("//*[@id="selSource_23"]", "//*[@id="btnAdd_23"]", "tliu"): Delayed 1 second(s)

2022-06-24 11:04:38 - [MESSAGE][PASSED] - Delayed 1 second(s)

2022-06-24 11:04:38 - [MESSAGE][PASSED] - All options with value 'tliu' are selected in object 'Object Repository/1. Constant/xpath' 

2022-06-24 11:04:40 - [MESSAGE][PASSED] - Delayed 2 second(s)

2022-06-24 11:04:41 - [MESSAGE][PASSED] - Object: 'Object Repository/1. Constant/xpath' is clicked on

2022-06-24 11:04:42 - [MESSAGE][PASSED] - Delayed 1 second(s)

2022-06-24 11:04:42 - [TEST_STEP][PASSED] - delay(1): Delayed 1 second(s)

2022-06-24 11:04:43 - [MESSAGE][PASSED] - Delayed 1 second(s)

2022-06-24 11:04:43 - [TEST_STEP][PASSED] - I.select_multiplelist("//*[@id="selSource_24"]", "//*[@id="btnAdd_24"]", "asamyn"): Delayed 1 second(s)

2022-06-24 11:04:44 - [MESSAGE][PASSED] - Delayed 1 second(s)

2022-06-24 11:04:45 - [MESSAGE][PASSED] - All options with value 'asamyn' are selected in object 'Object Repository/1. Constant/xpath' 

2022-06-24 11:04:47 - [MESSAGE][PASSED] - Delayed 2 second(s)

2022-06-24 11:04:47 - [MESSAGE][PASSED] - Object: 'Object Repository/1. Constant/xpath' is clicked on

2022-06-24 11:04:48 - [MESSAGE][PASSED] - Delayed 1 second(s)

2022-06-24 11:04:48 - [TEST_STEP][PASSED] - delay(3): Delayed 3 second(s)

2022-06-24 11:04:51 - [MESSAGE][PASSED] - Delayed 3 second(s)

2022-06-24 11:04:51 - [TEST_STEP][PASSED] - click(findTestObject("HL Full Lifecycle/5 ModifyProjPage_button_Update")): Object: 'Object Repository/HL Full Lifecycle/5 ModifyProjPage_button_Update' is clicked on

2022-06-24 11:04:56 - [MESSAGE][PASSED] - Object: 'Object Repository/HL Full Lifecycle/5 ModifyProjPage_button_Update' is clicked on

2022-06-24 11:04:56 - [TEST_STEP][PASSED] - delay(10): Delayed 10 second(s)

2022-06-24 11:05:06 - [MESSAGE][PASSED] - Delayed 10 second(s)

2022-06-24 11:05:06 - [TEST_STEP][PASSED] - Project_No = I.ProjectNo(): Current window's url is: 'http://mdb-release.diadeis.lan/MediaboxIndependence/Base/ExecAction?IDSession=MBI%21RELTESTAUTO_TAG%217JDQ636JZO6JKWCYKV21WBJ0TC5HVV11PVYY90R2&default_action=AfficheFichesProjet&id_project=MI003413'

2022-06-24 11:05:11 - [MESSAGE][PASSED] - Delayed 5 second(s)

2022-06-24 11:05:12 - [MESSAGE][PASSED] - Current window's url is: 'http://mdb-release.diadeis.lan/MediaboxIndependence/Base/ExecAction?IDSession=MBI%21RELTESTAUTO_TAG%217JDQ636JZO6JKWCYKV21WBJ0TC5HVV11PVYY90R2&default_action=AfficheFichesProjet&id_project=MI003413'

2022-06-24 11:05:12 - [TEST_STEP][PASSED] - takeScreenshot(): Taking screenshot successfully

2022-06-24 11:05:12 - [MESSAGE][PASSED] - Taking screenshot successfully
[[ATTACHMENT|D:\\Projet Test Auto\\Mediabox Test Automation\\Reports\\20220624_110238\\03. Parallel Testing (Testing)\\TS -PT PART 3\\Retest For failed TC\\20220624_110240\\1656061512289.png]]

2022-06-24 11:05:12 - [TEST_STEP][PASSED] - click(findTestObject("1. Constant/xpath", ["xpath":"//*[@id="create_ref_btn"]/button"])): Object: 'Object Repository/1. Constant/xpath' is clicked on

2022-06-24 11:05:13 - [MESSAGE][PASSED] - Object: 'Object Repository/1. Constant/xpath' is clicked on

2022-06-24 11:05:13 - [TEST_STEP][PASSED] - click(findTestObject("1. Constant/xpath", ["xpath":"//*[@id="create_ref_btn"]/div/a[1]"])): Object: 'Object Repository/1. Constant/xpath' is clicked on

2022-06-24 11:05:17 - [MESSAGE][PASSED] - Object: 'Object Repository/1. Constant/xpath' is clicked on

2022-06-24 11:05:17 - [TEST_STEP][PASSED] - takeScreenshot(): Taking screenshot successfully

2022-06-24 11:05:17 - [MESSAGE][PASSED] - Taking screenshot successfully
[[ATTACHMENT|D:\\Projet Test Auto\\Mediabox Test Automation\\Reports\\20220624_110238\\03. Parallel Testing (Testing)\\TS -PT PART 3\\Retest For failed TC\\20220624_110240\\1656061517623.png]]

2022-06-24 11:05:17 - [TEST_STEP][PASSED] - I.SelectFromList_Value("//*[@id="ref_type"]", "5"): Delayed 2 second(s)

2022-06-24 11:05:21 - [MESSAGE][PASSED] - All options with value '5' are selected in object 'Object Repository/1. Constant/xpath' 

2022-06-24 11:05:23 - [MESSAGE][PASSED] - Delayed 2 second(s)

2022-06-24 11:05:23 - [TEST_STEP][PASSED] - click(findTestObject("1. Constant/xpath", ["xpath":"//*[@id="ModifFiche"]/div[1]/div/button"])): Object: 'Object Repository/1. Constant/xpath' is clicked on

2022-06-24 11:05:34 - [MESSAGE][PASSED] - Object: 'Object Repository/1. Constant/xpath' is clicked on

2022-06-24 11:05:34 - [TEST_STEP][PASSED] - delay(1): Delayed 1 second(s)

2022-06-24 11:05:35 - [MESSAGE][PASSED] - Delayed 1 second(s)

2022-06-24 11:05:35 - [TEST_STEP][PASSED] - refID = I.RefID_tag(): Current window's url is: 'http://mdb-release.diadeis.lan/MediaboxIndependence/Base/ExecAction?IDSession=MBI%21RELTESTAUTO_TAG%217JDQ636JZO6JKWCYKV21WBJ0TC5HVV11PVYY90R2&default_action=ModifierRef&id_project=MI003413&id_ref=24444&action_from=create_ref'

2022-06-24 11:05:40 - [MESSAGE][PASSED] - Delayed 5 second(s)

2022-06-24 11:05:40 - [MESSAGE][PASSED] - Current window's url is: 'http://mdb-release.diadeis.lan/MediaboxIndependence/Base/ExecAction?IDSession=MBI%21RELTESTAUTO_TAG%217JDQ636JZO6JKWCYKV21WBJ0TC5HVV11PVYY90R2&default_action=ModifierRef&id_project=MI003413&id_ref=24444&action_from=create_ref'

2022-06-24 11:05:40 - [TEST_STEP][PASSED] - click(findTestObject("1. Constant/xpath", ["xpath":"//*[@id="ModifFiche"]/div[1]/div[1]/a"])): Object: 'Object Repository/1. Constant/xpath' is clicked on

2022-06-24 11:05:48 - [MESSAGE][PASSED] - Object: 'Object Repository/1. Constant/xpath' is clicked on

2022-06-24 11:05:48 - [TEST_STEP][PASSED] - delay(1): Delayed 1 second(s)

2022-06-24 11:05:49 - [MESSAGE][PASSED] - Delayed 1 second(s)

2022-06-24 11:05:49 - [TEST_STEP][PASSED] - I.writenotepad("D:\Upoad_File\Projet_ Login\Tag\11.01 Tag Project_No\11.01_Tag_ProjectNo.txt", Project_No): null

2022-06-24 11:05:49 - [TEST_STEP][PASSED] - I.writenotepad("D:\Upoad_File\Projet_ Login\Tag\11.01 Tag Project_No\11.01_Tag_refID.txt", refID): null

2022-06-24 11:05:49 - [TEST_STEP][PASSED] - I.superedit_ref(findTestObject("1. Constant/xpath", ["xpath":"//*[@id="source_" + refID + ""]/td[15]/div[2]/button"]), findTestObject("1. Constant/xpath", ["xpath":"//*[@id="source_" + refID + ""]/td[15]/div[2]/div/a[4]"])): Object: 'Object Repository/1. Constant/xpath' is clicked on

2022-06-24 11:05:51 - [MESSAGE][PASSED] - Object: 'Object Repository/1. Constant/xpath' is clicked on

2022-06-24 11:05:54 - [MESSAGE][PASSED] - Delayed 3 second(s)

2022-06-24 11:06:07 - [MESSAGE][PASSED] - Object: 'Object Repository/1. Constant/xpath' is clicked on

2022-06-24 11:06:07 - [TEST_STEP][PASSED] - delay(1): Delayed 1 second(s)

2022-06-24 11:06:08 - [MESSAGE][PASSED] - Delayed 1 second(s)

2022-06-24 11:06:08 - [TEST_STEP][PASSED] - setText(findTestObject("1. Constant/xpath", ["xpath":"//*[@id="var_117"]"]), "W1_SUPER_EDIT_JEDUN"): Text 'W1_SUPER_EDIT_JEDUN' is set on object 'Object Repository/1. Constant/xpath'

2022-06-24 11:06:17 - [MESSAGE][PASSED] - Text 'W1_SUPER_EDIT_JEDUN' is set on object 'Object Repository/1. Constant/xpath'

2022-06-24 11:06:17 - [TEST_STEP][PASSED] - currentWindow = getWindowIndex(): Current window's index is: 0

2022-06-24 11:06:17 - [MESSAGE][PASSED] - Current window's index is: 0

2022-06-24 11:06:17 - [TEST_STEP][PASSED] - driver2 = new org.openqa.selenium.chrome.ChromeDriver(): null

2022-06-24 11:06:30 - [TEST_STEP][PASSED] - changeWebDriver(driver2): null

2022-06-24 11:06:30 - [TEST_STEP][PASSED] - maximizeWindow(): Current window maximized

2022-06-24 11:06:31 - [MESSAGE][PASSED] - Current window maximized

2022-06-24 11:06:31 - [TEST_STEP][PASSED] - navigateToUrl(Url_Tag): Navigate to 'http://mdb-release.diadeis.lan/MediaboxIndependence/?MBI_datasource=RELTESTAUTO_TAG' successfully

2022-06-24 11:07:28 - [MESSAGE][PASSED] - Navigate to 'http://mdb-release.diadeis.lan/MediaboxIndependence/?MBI_datasource=RELTESTAUTO_TAG' successfully

2022-06-24 11:07:28 - [TEST_STEP][PASSED] - waitForPageLoad(30): Wait for page load successfully

2022-06-24 11:07:28 - [MESSAGE][PASSED] - Wait for page load successfully

2022-06-24 11:07:28 - [TEST_STEP][PASSED] - I.Login_password("tliu", password_tliu): Object: 'Object Repository/1. Constant/xpath' is clicked on

2022-06-24 11:07:30 - [MESSAGE][PASSED] - Text 'tliu' is set on object 'Object Repository/1. Constant/xpath'

2022-06-24 11:07:31 - [MESSAGE][PASSED] - Delayed 1 second(s)

2022-06-24 11:07:33 - [MESSAGE][PASSED] - Text 'dchi' is set on object 'Object Repository/1. Constant/xpath'

2022-06-24 11:07:34 - [MESSAGE][PASSED] - Delayed 1 second(s)

2022-06-24 11:08:24 - [MESSAGE][PASSED] - Object: 'Object Repository/1. Constant/xpath' is clicked on

2022-06-24 11:08:24 - [TEST_STEP][PASSED] - takeScreenshot(): Taking screenshot successfully

2022-06-24 11:08:26 - [MESSAGE][PASSED] - Taking screenshot successfully
[[ATTACHMENT|D:\\Projet Test Auto\\Mediabox Test Automation\\Reports\\20220624_110238\\03. Parallel Testing (Testing)\\TS -PT PART 3\\Retest For failed TC\\20220624_110240\\1656061705349.png]]

2022-06-24 11:08:26 - [TEST_STEP][PASSED] - click(findTestObject("1. Constant/02_LHSMenu_Projects")): Object: 'Object Repository/1. Constant/02_LHSMenu_Projects' is clicked on

2022-06-24 11:08:40 - [MESSAGE][PASSED] - Object: 'Object Repository/1. Constant/02_LHSMenu_Projects' is clicked on

2022-06-24 11:08:40 - [TEST_STEP][PASSED] - I.SearchProjectNo_xpath(Project_No, "//*[@id="keynum_project"]", "//*[@id="form_filters"]/div[4]/button"): Delayed 5 second(s)

2022-06-24 11:08:41 - [MESSAGE][PASSED] - Delayed 1 second(s)

2022-06-24 11:08:47 - [MESSAGE][PASSED] - Text 'MI003413' is set on object 'Object Repository/1. Constant/xpath'

2022-06-24 11:08:50 - [MESSAGE][PASSED] - Delayed 3 second(s)

2022-06-24 11:08:51 - [MESSAGE][PASSED] - Scroll to object 'Object Repository/1. Constant/xpath' successfully

2022-06-24 11:09:01 - [MESSAGE][PASSED] - Object: 'Object Repository/1. Constant/xpath' is clicked on

2022-06-24 11:09:06 - [MESSAGE][PASSED] - Delayed 5 second(s)

2022-06-24 11:09:06 - [TEST_STEP][PASSED] - delay(3): Delayed 3 second(s)

2022-06-24 11:09:09 - [MESSAGE][PASSED] - Delayed 3 second(s)

2022-06-24 11:09:09 - [TEST_STEP][PASSED] - I.superedit_ref(findTestObject("1. Constant/xpath", ["xpath":"//*[@id="source_" + refID + ""]/td[13]/div/button"]), findTestObject("1. Constant/xpath", ["xpath":"//*[@id="source_" + refID + ""]/td[13]/div/div/a[4]"])): Object: 'Object Repository/1. Constant/xpath' is clicked on

2022-06-24 11:09:12 - [MESSAGE][PASSED] - Object: 'Object Repository/1. Constant/xpath' is clicked on

2022-06-24 11:09:15 - [MESSAGE][PASSED] - Delayed 3 second(s)

2022-06-24 11:09:19 - [MESSAGE][PASSED] - Object: 'Object Repository/1. Constant/xpath' is clicked on

2022-06-24 11:09:19 - [TEST_STEP][PASSED] - delay(1): Delayed 1 second(s)

2022-06-24 11:09:20 - [MESSAGE][PASSED] - Delayed 1 second(s)

2022-06-24 11:09:20 - [TEST_STEP][PASSED] - setText(findTestObject("1. Constant/xpath", ["xpath":"//*[@id="var_117"]"]), "W2_SUPER_EDIT_TINA"): Text 'W2_SUPER_EDIT_TINA' is set on object 'Object Repository/1. Constant/xpath'

2022-06-24 11:09:22 - [MESSAGE][PASSED] - Text 'W2_SUPER_EDIT_TINA' is set on object 'Object Repository/1. Constant/xpath'

2022-06-24 11:09:22 - [TEST_STEP][PASSED] - click(findTestObject("1. Constant/xpath", ["xpath":"//*[@id="ModifFiche"]/div[1]/div/button"])): Object: 'Object Repository/1. Constant/xpath' is clicked on

2022-06-24 11:09:27 - [MESSAGE][PASSED] - Object: 'Object Repository/1. Constant/xpath' is clicked on

2022-06-24 11:09:27 - [TEST_STEP][PASSED] - I.VerifyMatchToastrmsg("//*[@id="toast-container"]/div/div[2]", "Modifications of the reference W2_SUPER_EDIT_TINA____ have been saved"): Actual text 'Modifications of the reference W2_SUPER_EDIT_TINA____ have been saved' and expected text 'Modifications of the reference W2_SUPER_EDIT_TINA____ have been saved' are matched 

2022-06-24 11:09:28 - [MESSAGE][PASSED] - Object 'Object Repository/1. Constant/xpath' is visible

2022-06-24 11:09:29 - [MESSAGE][PASSED] - Text of object 'Object Repository/1. Constant/xpath' is: 'Modifications of the reference W2_SUPER_EDIT_TINA____ have been saved'

2022-06-24 11:09:30 - [MESSAGE][PASSED] - Taking screenshot successfully
[[ATTACHMENT|D:\\Projet Test Auto\\Mediabox Test Automation\\Reports\\20220624_110238\\03. Parallel Testing (Testing)\\TS -PT PART 3\\Retest For failed TC\\20220624_110240\\1656061769525.png]]

2022-06-24 11:09:30 - [MESSAGE][PASSED] - Actual text 'Modifications of the reference W2_SUPER_EDIT_TINA____ have been saved' and expected text 'Modifications of the reference W2_SUPER_EDIT_TINA____ have been saved' are matched 

2022-06-24 11:09:30 - [TEST_STEP][PASSED] - changeWebDriver(driver1): null

2022-06-24 11:09:30 - [TEST_STEP][PASSED] - I.click_button_javascript(findTestObject("1. Constant/xpath", ["xpath":"//*[@id="ModifFiche"]/div[1]/div/button"])): Execute JavaScript 'arguments[0].click()' successfully

2022-06-24 11:09:32 - [MESSAGE][PASSED] - Execute JavaScript 'arguments[0].click()' successfully

2022-06-24 11:09:32 - [TEST_STEP][PASSED] - I.VerifyMatchToastrmsg("//*[@id="toast-container"]/div/div[2]", "Your changes can't be saved because another user updated values in this form in the meantime. Please reload the page to display them."): Actual text 'Your changes can't be saved because another user updated values in this form in the meantime. Please reload the page to display them.' and expected text 'Your changes can't be saved because another user updated values in this form in the meantime. Please reload the page to display them.' are matched 

2022-06-24 11:09:33 - [MESSAGE][PASSED] - Object 'Object Repository/1. Constant/xpath' is visible

2022-06-24 11:09:33 - [MESSAGE][PASSED] - Text of object 'Object Repository/1. Constant/xpath' is: 'Your changes can't be saved because another user updated values in this form in the meantime. Please reload the page to display them.'

2022-06-24 11:09:33 - [MESSAGE][PASSED] - Taking screenshot successfully
[[ATTACHMENT|D:\\Projet Test Auto\\Mediabox Test Automation\\Reports\\20220624_110238\\03. Parallel Testing (Testing)\\TS -PT PART 3\\Retest For failed TC\\20220624_110240\\1656061773656.png]]

2022-06-24 11:09:33 - [MESSAGE][PASSED] - Actual text 'Your changes can't be saved because another user updated values in this form in the meantime. Please reload the page to display them.' and expected text 'Your changes can't be saved because another user updated values in this form in the meantime. Please reload the page to display them.' are matched 

2022-06-24 11:09:33 - [TEST_STEP][PASSED] - I.click_button_javascript(findTestObject("1. Constant/xpath", ["xpath":"//*[@id="ModifFiche"]/div[1]/div/a"])): Execute JavaScript 'arguments[0].click()' successfully

2022-06-24 11:09:41 - [MESSAGE][PASSED] - Execute JavaScript 'arguments[0].click()' successfully

2022-06-24 11:09:41 - [TEST_STEP][PASSED] - delay(1): Delayed 1 second(s)

2022-06-24 11:09:42 - [MESSAGE][PASSED] - Delayed 1 second(s)

2022-06-24 11:09:42 - [TEST_STEP][PASSED] - click(findTestObject("1. Constant/xpath", ["xpath":"//*[@id="source_" + refID + ""]/td[6]/a"])): Object: 'Object Repository/1. Constant/xpath' is clicked on

2022-06-24 11:09:49 - [MESSAGE][PASSED] - Object: 'Object Repository/1. Constant/xpath' is clicked on

2022-06-24 11:09:49 - [TEST_STEP][PASSED] - delay(1): Delayed 1 second(s)

2022-06-24 11:09:50 - [MESSAGE][PASSED] - Delayed 1 second(s)

2022-06-24 11:09:50 - [TEST_STEP][PASSED] - I.VerifyMatchText("/html/body/div[1]/div[2]/div[8]/div[3]/div/div[3]/div[1]/div/div[1]/div/div[2]/div[2]/div[1]/div[2]/div[1]/div/span", "W2_SUPER_EDIT_TINA"): Actual text 'W2_SUPER_EDIT_TINA' and expected text 'W2_SUPER_EDIT_TINA' are matched 

2022-06-24 11:09:51 - [MESSAGE][PASSED] - Text of object 'Object Repository/1. Constant/xpath' is: 'W2_SUPER_EDIT_TINA'

2022-06-24 11:09:52 - [MESSAGE][PASSED] - Delayed 1 second(s)

2022-06-24 11:09:52 - [MESSAGE][PASSED] - Actual text 'W2_SUPER_EDIT_TINA' and expected text 'W2_SUPER_EDIT_TINA' are matched 

2022-06-24 11:09:52 - [TEST_STEP][PASSED] - closeBrowser(): Browser is closed

2022-06-24 11:10:20 - [MESSAGE][PASSED] - Browser is closed

2022-06-24 11:10:20 - [TEST_STEP][PASSED] - changeWebDriver(driver2): null

2022-06-24 11:10:21 - [TEST_STEP][PASSED] - closeBrowser(): Browser is closed

2022-06-24 11:11:15 - [MESSAGE][PASSED] - Browser is closed

2022-06-24 11:11:15 - [TEST_STEP][PASSED] - Start listener action : sampleAfterTestCase: null]]></system-out>
         <system-err><![CDATA[]]></system-err>
      </testcase>
      <testcase name="Test Cases/11. Tag Simultaneous Modification of ref (P1 - P4 consecutive)/11.4 Simultaneous Modif of Ref (Submit) PART 4" time="458.618" classname="Test Cases/11. Tag Simultaneous Modification of ref (P1 - P4 consecutive)/11.4 Simultaneous Modif of Ref (Submit) PART 4" status="PASSED">
         <system-out><![CDATA[2022-06-24 11:11:15 - [TEST_CASE][PASSED] - Test Cases/11. Tag Simultaneous Modification of ref (P1 - P4 consecutive)/11.4 Simultaneous Modif of Ref (Submit) PART 4: Test Cases/11. Tag Simultaneous Modification of ref (P1 - P4 consecutive)/11.4 Simultaneous Modif of Ref (Submit) PART 4

2022-06-24 11:11:17 - [TEST_STEP][PASSED] - data_Tag = findTestData("Data Files/Username_Password/Tag"): null

2022-06-24 11:11:17 - [TEST_STEP][PASSED] - password_jedun = data_Tag.getValue(3, 1): null

2022-06-24 11:11:17 - [TEST_STEP][PASSED] - password_tliu = data_Tag.getValue(3, 8): null

2022-06-24 11:11:17 - [TEST_STEP][PASSED] - data_urlRELAUTO = findTestData("Data Files/URL/URL_relauto"): null

2022-06-24 11:11:17 - [TEST_STEP][PASSED] - Url_Tag = data_urlRELAUTO.getValue(2, 3): null

2022-06-24 11:11:17 - [TEST_STEP][PASSED] - Project_No = I.readnotepad("D:\Upoad_File\Projet_ Login\Tag\11.01 Tag Project_No\11.01_Tag_ProjectNo.txt"): null

2022-06-24 11:11:17 - [TEST_STEP][PASSED] - refID = I.readnotepad("D:\Upoad_File\Projet_ Login\Tag\11.01 Tag Project_No\11.01_Tag_refID.txt"): null

2022-06-24 11:11:17 - [TEST_STEP][PASSED] - System.setProperty("webdriver.chrome.driver", "D:\Katalon_Studio\configuration\resources\drivers\chromedriver_win32\chromedriver.exe"): null

2022-06-24 11:11:17 - [TEST_STEP][PASSED] - driver1 = new org.openqa.selenium.chrome.ChromeDriver(): null

2022-06-24 11:11:30 - [TEST_STEP][PASSED] - changeWebDriver(driver1): null

2022-06-24 11:11:30 - [TEST_STEP][PASSED] - navigateToUrl(Url_Tag): Navigate to 'http://mdb-release.diadeis.lan/MediaboxIndependence/?MBI_datasource=RELTESTAUTO_TAG' successfully

2022-06-24 11:12:22 - [MESSAGE][PASSED] - Navigate to 'http://mdb-release.diadeis.lan/MediaboxIndependence/?MBI_datasource=RELTESTAUTO_TAG' successfully

2022-06-24 11:12:22 - [TEST_STEP][PASSED] - maximizeWindow(): Current window maximized

2022-06-24 11:12:25 - [MESSAGE][PASSED] - Current window maximized

2022-06-24 11:12:25 - [TEST_STEP][PASSED] - waitForPageLoad(30): Wait for page load successfully

2022-06-24 11:12:25 - [MESSAGE][PASSED] - Wait for page load successfully

2022-06-24 11:12:25 - [TEST_STEP][PASSED] - takeScreenshot(): Taking screenshot successfully

2022-06-24 11:12:26 - [MESSAGE][PASSED] - Taking screenshot successfully
[[ATTACHMENT|D:\\Projet Test Auto\\Mediabox Test Automation\\Reports\\20220624_110238\\03. Parallel Testing (Testing)\\TS -PT PART 3\\Retest For failed TC\\20220624_110240\\1656061945917.png]]

2022-06-24 11:12:26 - [TEST_STEP][PASSED] - I.Login_password("jedun", password_jedun): Object: 'Object Repository/1. Constant/xpath' is clicked on

2022-06-24 11:12:31 - [MESSAGE][PASSED] - Text 'jedun' is set on object 'Object Repository/1. Constant/xpath'

2022-06-24 11:12:32 - [MESSAGE][PASSED] - Delayed 1 second(s)

2022-06-24 11:13:47 - [MESSAGE][PASSED] - Text 'dchi' is set on object 'Object Repository/1. Constant/xpath'

2022-06-24 11:13:48 - [MESSAGE][PASSED] - Delayed 1 second(s)

2022-06-24 11:14:35 - [MESSAGE][PASSED] - Object: 'Object Repository/1. Constant/xpath' is clicked on

2022-06-24 11:14:35 - [TEST_STEP][PASSED] - click(findTestObject("1. Constant/02_LHSMenu_Projects")): Object: 'Object Repository/1. Constant/02_LHSMenu_Projects' is clicked on

2022-06-24 11:14:51 - [MESSAGE][PASSED] - Object: 'Object Repository/1. Constant/02_LHSMenu_Projects' is clicked on

2022-06-24 11:14:51 - [TEST_STEP][PASSED] - I.SearchProjectNo_xpath(Project_No, "//*[@id="keynum_project"]", "//*[@id="form_filters"]/div[7]/button"): Delayed 5 second(s)

2022-06-24 11:14:52 - [MESSAGE][PASSED] - Delayed 1 second(s)

2022-06-24 11:14:55 - [MESSAGE][PASSED] - Text 'MI003413' is set on object 'Object Repository/1. Constant/xpath'

2022-06-24 11:14:58 - [MESSAGE][PASSED] - Delayed 3 second(s)

2022-06-24 11:14:59 - [MESSAGE][PASSED] - Scroll to object 'Object Repository/1. Constant/xpath' successfully

2022-06-24 11:15:14 - [MESSAGE][PASSED] - Object: 'Object Repository/1. Constant/xpath' is clicked on

2022-06-24 11:15:19 - [MESSAGE][PASSED] - Delayed 5 second(s)

2022-06-24 11:15:19 - [TEST_STEP][PASSED] - click(findTestObject("1. Constant/xpath", ["xpath":"//*[@id="source_" + refID + ""]/td[15]/a[3]"])): Object: 'Object Repository/1. Constant/xpath' is clicked on

2022-06-24 11:15:31 - [MESSAGE][PASSED] - Object: 'Object Repository/1. Constant/xpath' is clicked on

2022-06-24 11:15:31 - [TEST_STEP][PASSED] - takeScreenshot(): Taking screenshot successfully

2022-06-24 11:15:32 - [MESSAGE][PASSED] - Taking screenshot successfully
[[ATTACHMENT|D:\\Projet Test Auto\\Mediabox Test Automation\\Reports\\20220624_110238\\03. Parallel Testing (Testing)\\TS -PT PART 3\\Retest For failed TC\\20220624_110240\\1656062132412.png]]

2022-06-24 11:15:32 - [TEST_STEP][PASSED] - delay(1): Delayed 1 second(s)

2022-06-24 11:15:33 - [MESSAGE][PASSED] - Delayed 1 second(s)

2022-06-24 11:15:33 - [TEST_STEP][PASSED] - driver2 = new org.openqa.selenium.chrome.ChromeDriver(): null

2022-06-24 11:15:43 - [TEST_STEP][PASSED] - changeWebDriver(driver2): null

2022-06-24 11:15:44 - [TEST_STEP][PASSED] - maximizeWindow(): Current window maximized

2022-06-24 11:15:44 - [MESSAGE][PASSED] - Current window maximized

2022-06-24 11:15:44 - [TEST_STEP][PASSED] - navigateToUrl(Url_Tag): Navigate to 'http://mdb-release.diadeis.lan/MediaboxIndependence/?MBI_datasource=RELTESTAUTO_TAG' successfully

2022-06-24 11:16:39 - [MESSAGE][PASSED] - Navigate to 'http://mdb-release.diadeis.lan/MediaboxIndependence/?MBI_datasource=RELTESTAUTO_TAG' successfully

2022-06-24 11:16:39 - [TEST_STEP][PASSED] - waitForPageLoad(30): Wait for page load successfully

2022-06-24 11:16:39 - [MESSAGE][PASSED] - Wait for page load successfully

2022-06-24 11:16:39 - [TEST_STEP][PASSED] - I.Login_password("tliu", password_tliu): Object: 'Object Repository/1. Constant/xpath' is clicked on

2022-06-24 11:16:39 - [MESSAGE][PASSED] - Text 'tliu' is set on object 'Object Repository/1. Constant/xpath'

2022-06-24 11:16:40 - [MESSAGE][PASSED] - Delayed 1 second(s)

2022-06-24 11:16:41 - [MESSAGE][PASSED] - Text 'dchi' is set on object 'Object Repository/1. Constant/xpath'

2022-06-24 11:16:42 - [MESSAGE][PASSED] - Delayed 1 second(s)

2022-06-24 11:16:55 - [MESSAGE][PASSED] - Object: 'Object Repository/1. Constant/xpath' is clicked on

2022-06-24 11:16:55 - [TEST_STEP][PASSED] - takeScreenshot(): Taking screenshot successfully

2022-06-24 11:16:56 - [MESSAGE][PASSED] - Taking screenshot successfully
[[ATTACHMENT|D:\\Projet Test Auto\\Mediabox Test Automation\\Reports\\20220624_110238\\03. Parallel Testing (Testing)\\TS -PT PART 3\\Retest For failed TC\\20220624_110240\\1656062215999.png]]

2022-06-24 11:16:56 - [TEST_STEP][PASSED] - click(findTestObject("1. Constant/02_LHSMenu_Projects")): Object: 'Object Repository/1. Constant/02_LHSMenu_Projects' is clicked on

2022-06-24 11:17:03 - [MESSAGE][PASSED] - Object: 'Object Repository/1. Constant/02_LHSMenu_Projects' is clicked on

2022-06-24 11:17:03 - [TEST_STEP][PASSED] - I.SearchProjectNo_xpath(Project_No, "//*[@id="keynum_project"]", "//*[@id="form_filters"]/div[4]/button"): Delayed 5 second(s)

2022-06-24 11:17:04 - [MESSAGE][PASSED] - Delayed 1 second(s)

2022-06-24 11:17:06 - [MESSAGE][PASSED] - Text 'MI003413' is set on object 'Object Repository/1. Constant/xpath'

2022-06-24 11:17:09 - [MESSAGE][PASSED] - Delayed 3 second(s)

2022-06-24 11:17:10 - [MESSAGE][PASSED] - Scroll to object 'Object Repository/1. Constant/xpath' successfully

2022-06-24 11:17:16 - [MESSAGE][PASSED] - Object: 'Object Repository/1. Constant/xpath' is clicked on

2022-06-24 11:17:21 - [MESSAGE][PASSED] - Delayed 5 second(s)

2022-06-24 11:17:21 - [TEST_STEP][PASSED] - takeScreenshot(): Taking screenshot successfully

2022-06-24 11:17:21 - [MESSAGE][PASSED] - Taking screenshot successfully
[[ATTACHMENT|D:\\Projet Test Auto\\Mediabox Test Automation\\Reports\\20220624_110238\\03. Parallel Testing (Testing)\\TS -PT PART 3\\Retest For failed TC\\20220624_110240\\1656062241427.png]]

2022-06-24 11:17:21 - [TEST_STEP][PASSED] - click(findTestObject("1. Constant/xpath", ["xpath":"//*[@id="source_" + refID + ""]/td[13]/a[3]"])): Object: 'Object Repository/1. Constant/xpath' is clicked on

2022-06-24 11:17:27 - [MESSAGE][PASSED] - Object: 'Object Repository/1. Constant/xpath' is clicked on

2022-06-24 11:17:27 - [TEST_STEP][PASSED] - takeScreenshot(): Taking screenshot successfully

2022-06-24 11:17:29 - [MESSAGE][PASSED] - Taking screenshot successfully
[[ATTACHMENT|D:\\Projet Test Auto\\Mediabox Test Automation\\Reports\\20220624_110238\\03. Parallel Testing (Testing)\\TS -PT PART 3\\Retest For failed TC\\20220624_110240\\1656062248204.png]]

2022-06-24 11:17:29 - [TEST_STEP][PASSED] - I.SelectFromList_Value("//*[@id="var_57"]", "144"): Delayed 2 second(s)

2022-06-24 11:17:30 - [MESSAGE][PASSED] - All options with value '144' are selected in object 'Object Repository/1. Constant/xpath' 

2022-06-24 11:17:32 - [MESSAGE][PASSED] - Delayed 2 second(s)

2022-06-24 11:17:32 - [TEST_STEP][PASSED] - I.SelectFromList_Value("//*[@id="var_28"]", "62"): Delayed 2 second(s)

2022-06-24 11:17:33 - [MESSAGE][PASSED] - All options with value '62' are selected in object 'Object Repository/1. Constant/xpath' 

2022-06-24 11:17:35 - [MESSAGE][PASSED] - Delayed 2 second(s)

2022-06-24 11:17:35 - [TEST_STEP][PASSED] - setText(findTestObject("1. Constant/xpath", ["xpath":"//*[@id="var_54"]"]), "222"): Text '222' is set on object 'Object Repository/1. Constant/xpath'

2022-06-24 11:17:37 - [MESSAGE][PASSED] - Text '222' is set on object 'Object Repository/1. Constant/xpath'

2022-06-24 11:17:37 - [TEST_STEP][PASSED] - I.SelectFromList_Value("//*[@id="var_55"]", "122"): Delayed 2 second(s)

2022-06-24 11:17:39 - [MESSAGE][PASSED] - All options with value '122' are selected in object 'Object Repository/1. Constant/xpath' 

2022-06-24 11:17:41 - [MESSAGE][PASSED] - Delayed 2 second(s)

2022-06-24 11:17:41 - [TEST_STEP][PASSED] - I.SelectFromList_Value("//*[@id="var_50"]", "15593"): Delayed 2 second(s)

2022-06-24 11:17:43 - [MESSAGE][PASSED] - All options with value '15593' are selected in object 'Object Repository/1. Constant/xpath' 

2022-06-24 11:17:45 - [MESSAGE][PASSED] - Delayed 2 second(s)

2022-06-24 11:17:45 - [TEST_STEP][PASSED] - I.click_button_javascript(findTestObject("1. Constant/xpath", ["xpath":"//*[@id="ModifFiche"]/div[1]/div/button[2]"])): Execute JavaScript 'arguments[0].click()' successfully

2022-06-24 11:17:58 - [MESSAGE][PASSED] - Execute JavaScript 'arguments[0].click()' successfully

2022-06-24 11:17:58 - [TEST_STEP][PASSED] - delay(1): Delayed 1 second(s)

2022-06-24 11:17:59 - [MESSAGE][PASSED] - Delayed 1 second(s)

2022-06-24 11:17:59 - [TEST_STEP][PASSED] - I.VerifyMatchText("//*[@id="source_" + refID + ""]/td[11]/span[1]", "C&A: Brief completion"): Actual text 'C&A: Brief completion' and expected text 'C&A: Brief completion' are matched 

2022-06-24 11:18:00 - [MESSAGE][PASSED] - Text of object 'Object Repository/1. Constant/xpath' is: 'C&A: Brief completion'

2022-06-24 11:18:01 - [MESSAGE][PASSED] - Delayed 1 second(s)

2022-06-24 11:18:01 - [MESSAGE][PASSED] - Actual text 'C&A: Brief completion' and expected text 'C&A: Brief completion' are matched 

2022-06-24 11:18:01 - [TEST_STEP][PASSED] - takeScreenshot(): Taking screenshot successfully

2022-06-24 11:18:01 - [MESSAGE][PASSED] - Taking screenshot successfully
[[ATTACHMENT|D:\\Projet Test Auto\\Mediabox Test Automation\\Reports\\20220624_110238\\03. Parallel Testing (Testing)\\TS -PT PART 3\\Retest For failed TC\\20220624_110240\\1656062281241.png]]

2022-06-24 11:18:01 - [TEST_STEP][PASSED] - changeWebDriver(driver1): null

2022-06-24 11:18:01 - [TEST_STEP][PASSED] - takeScreenshot(): Taking screenshot successfully

2022-06-24 11:18:02 - [MESSAGE][PASSED] - Taking screenshot successfully
[[ATTACHMENT|D:\\Projet Test Auto\\Mediabox Test Automation\\Reports\\20220624_110238\\03. Parallel Testing (Testing)\\TS -PT PART 3\\Retest For failed TC\\20220624_110240\\1656062281860.png]]

2022-06-24 11:18:02 - [TEST_STEP][PASSED] - I.click_button_javascript(findTestObject("1. Constant/xpath", ["xpath":"//*[@id="ModifFiche"]/div[1]/div/button[2]"])): Execute JavaScript 'arguments[0].click()' successfully

2022-06-24 11:18:03 - [MESSAGE][PASSED] - Execute JavaScript 'arguments[0].click()' successfully

2022-06-24 11:18:03 - [TEST_STEP][PASSED] - I.VerifyMatchToastrmsg("//*[@id="toast-container"]/div/div[2]", "Your changes can't be saved because another user updated values in this form in the meantime. Please reload the page to display them."): Actual text 'Your changes can't be saved because another user updated values in this form in the meantime. Please reload the page to display them.' and expected text 'Your changes can't be saved because another user updated values in this form in the meantime. Please reload the page to display them.' are matched 

2022-06-24 11:18:04 - [MESSAGE][PASSED] - Object 'Object Repository/1. Constant/xpath' is visible

2022-06-24 11:18:04 - [MESSAGE][PASSED] - Text of object 'Object Repository/1. Constant/xpath' is: 'Your changes can't be saved because another user updated values in this form in the meantime. Please reload the page to display them.'

2022-06-24 11:18:05 - [MESSAGE][PASSED] - Taking screenshot successfully
[[ATTACHMENT|D:\\Projet Test Auto\\Mediabox Test Automation\\Reports\\20220624_110238\\03. Parallel Testing (Testing)\\TS -PT PART 3\\Retest For failed TC\\20220624_110240\\1656062284885.png]]

2022-06-24 11:18:05 - [MESSAGE][PASSED] - Actual text 'Your changes can't be saved because another user updated values in this form in the meantime. Please reload the page to display them.' and expected text 'Your changes can't be saved because another user updated values in this form in the meantime. Please reload the page to display them.' are matched 

2022-06-24 11:18:05 - [TEST_STEP][PASSED] - I.click_button_javascript(findTestObject("1. Constant/xpath", ["xpath":"//*[@id="ModifFiche"]/div[1]/div/a"])): Execute JavaScript 'arguments[0].click()' successfully

2022-06-24 11:18:10 - [MESSAGE][PASSED] - Execute JavaScript 'arguments[0].click()' successfully

2022-06-24 11:18:10 - [TEST_STEP][PASSED] - delay(1): Delayed 1 second(s)

2022-06-24 11:18:11 - [MESSAGE][PASSED] - Delayed 1 second(s)

2022-06-24 11:18:11 - [TEST_STEP][PASSED] - click(findTestObject("1. Constant/xpath", ["xpath":"//*[@id="source_" + refID + ""]/td[6]/a"])): Object: 'Object Repository/1. Constant/xpath' is clicked on

2022-06-24 11:18:16 - [MESSAGE][PASSED] - Object: 'Object Repository/1. Constant/xpath' is clicked on

2022-06-24 11:18:16 - [TEST_STEP][PASSED] - delay(1): Delayed 1 second(s)

2022-06-24 11:18:17 - [MESSAGE][PASSED] - Delayed 1 second(s)

2022-06-24 11:18:17 - [TEST_STEP][PASSED] - click(findTestObject("1. Constant/xpath", ["xpath":"//*[@id="aff_full_brief"]"])): Object: 'Object Repository/1. Constant/xpath' is clicked on

2022-06-24 11:18:20 - [MESSAGE][PASSED] - Object: 'Object Repository/1. Constant/xpath' is clicked on

2022-06-24 11:18:20 - [TEST_STEP][PASSED] - I.VerifyMatchText("/html/body/div[1]/div[2]/div[8]/div[3]/div/div[3]/div[1]/div/div[2]/div/div[2]/div[2]/div[4]/div[2]/div[3]/div", "Other"): Actual text 'Other' and expected text 'Other' are matched 

2022-06-24 11:18:22 - [MESSAGE][PASSED] - Text of object 'Object Repository/1. Constant/xpath' is: 'Other'

2022-06-24 11:18:23 - [MESSAGE][PASSED] - Delayed 1 second(s)

2022-06-24 11:18:23 - [MESSAGE][PASSED] - Actual text 'Other' and expected text 'Other' are matched 

2022-06-24 11:18:23 - [TEST_STEP][PASSED] - closeBrowser(): Browser is closed

2022-06-24 11:18:36 - [MESSAGE][PASSED] - Browser is closed

2022-06-24 11:18:36 - [TEST_STEP][PASSED] - changeWebDriver(driver2): null

2022-06-24 11:18:36 - [TEST_STEP][PASSED] - closeBrowser(): Browser is closed

2022-06-24 11:18:54 - [MESSAGE][PASSED] - Browser is closed

2022-06-24 11:18:54 - [TEST_STEP][PASSED] - Start listener action : sampleAfterTestCase: null]]></system-out>
         <system-err><![CDATA[]]></system-err>
      </testcase>
      <testcase name="Test Cases/19. Dreyers Support Action (Ongoing ref_completed)/19.02 Dreyers SAS Add Step (Ongoing ref) S5 - P2" time="412.612" classname="Test Cases/19. Dreyers Support Action (Ongoing ref_completed)/19.02 Dreyers SAS Add Step (Ongoing ref) S5 - P2" status="PASSED">
         <system-out><![CDATA[2022-06-24 11:18:54 - [TEST_CASE][PASSED] - Test Cases/19. Dreyers Support Action (Ongoing ref_completed)/19.02 Dreyers SAS Add Step (Ongoing ref) S5 - P2: Test Cases/19. Dreyers Support Action (Ongoing ref_completed)/19.02 Dreyers SAS Add Step (Ongoing ref) S5 - P2

2022-06-24 11:18:55 - [TEST_STEP][PASSED] - data_Dreyers = findTestData("Data Files/Username_Password/Dreyer"): null

2022-06-24 11:18:55 - [TEST_STEP][PASSED] - password_blemco = data_Dreyers.getValue(2, 2): null

2022-06-24 11:18:55 - [TEST_STEP][PASSED] - password_nturner = data_Dreyers.getValue(2, 6): null

2022-06-24 11:18:55 - [TEST_STEP][PASSED] - data_urlRELAUTO = findTestData("Data Files/URL/URL_relauto"): null

2022-06-24 11:18:55 - [TEST_STEP][PASSED] - Url_Dreyer = data_urlRELAUTO.getValue(2, 4): null

2022-06-24 11:18:55 - [TEST_STEP][PASSED] - Project_No = I.readnotepad("D:\Upoad_File\Projet_ Login\Dreyers\19.1\19.1_Dreyers_ProjectNo.txt"): null

2022-06-24 11:18:55 - [TEST_STEP][PASSED] - refID = I.readnotepad("D:\Upoad_File\Projet_ Login\Dreyers\19.1\19.1_Dreyers_refID.txt"): null

2022-06-24 11:18:55 - [TEST_STEP][PASSED] - openBrowser(Url_Dreyer): Browser is opened with url: 'http://mdb-release.diadeis.lan/MediaboxIndependence/?MBI_datasource=RELTESTAUTO_DREYERS'

2022-06-24 11:18:55 - [MESSAGE][INFO] - Starting 'Chrome' driver

2022-06-24 11:18:55 - [MESSAGE][INFO] - User set preference: ['arg', '[[--lang=en-GB]]']

2022-06-24 11:18:55 - [MESSAGE][INFO] - Action delay is set to 0 milliseconds

2022-06-24 11:19:53 - [MESSAGE][PASSED] - Browser is opened with url: 'http://mdb-release.diadeis.lan/MediaboxIndependence/?MBI_datasource=RELTESTAUTO_DREYERS'

2022-06-24 11:19:53 - [TEST_STEP][PASSED] - maximizeWindow(): Current window maximized

2022-06-24 11:19:54 - [MESSAGE][PASSED] - Current window maximized

2022-06-24 11:19:54 - [TEST_STEP][PASSED] - I.Login_password("blemco", password_blemco): Object: 'Object Repository/1. Constant/xpath' is clicked on

2022-06-24 11:19:55 - [MESSAGE][PASSED] - Text 'blemco' is set on object 'Object Repository/1. Constant/xpath'

2022-06-24 11:19:56 - [MESSAGE][PASSED] - Delayed 1 second(s)

2022-06-24 11:19:57 - [MESSAGE][PASSED] - Text 'diadeis1' is set on object 'Object Repository/1. Constant/xpath'

2022-06-24 11:19:58 - [MESSAGE][PASSED] - Delayed 1 second(s)

2022-06-24 11:20:11 - [MESSAGE][PASSED] - Object: 'Object Repository/1. Constant/xpath' is clicked on

2022-06-24 11:20:11 - [TEST_STEP][PASSED] - takeScreenshot(): Taking screenshot successfully

2022-06-24 11:20:12 - [MESSAGE][PASSED] - Taking screenshot successfully
[[ATTACHMENT|D:\\Projet Test Auto\\Mediabox Test Automation\\Reports\\20220624_110238\\03. Parallel Testing (Testing)\\TS -PT PART 3\\Retest For failed TC\\20220624_110240\\1656062412048.png]]

2022-06-24 11:20:12 - [TEST_STEP][PASSED] - click(findTestObject("1. Constant/02_LHSMenu_Projects")): Object: 'Object Repository/1. Constant/02_LHSMenu_Projects' is clicked on

2022-06-24 11:20:18 - [MESSAGE][PASSED] - Object: 'Object Repository/1. Constant/02_LHSMenu_Projects' is clicked on

2022-06-24 11:20:18 - [TEST_STEP][PASSED] - I.SearchProjectNo_xpath(Project_No, "//*[@id="keynum_project"]", "//*[@id="form_filters"]/div[4]/button"): Delayed 5 second(s)

2022-06-24 11:20:19 - [MESSAGE][PASSED] - Delayed 1 second(s)

2022-06-24 11:20:20 - [MESSAGE][PASSED] - Text 'MI000883' is set on object 'Object Repository/1. Constant/xpath'

2022-06-24 11:20:23 - [MESSAGE][PASSED] - Delayed 3 second(s)

2022-06-24 11:20:25 - [MESSAGE][PASSED] - Scroll to object 'Object Repository/1. Constant/xpath' successfully

2022-06-24 11:20:40 - [MESSAGE][PASSED] - Object: 'Object Repository/1. Constant/xpath' is clicked on

2022-06-24 11:20:45 - [MESSAGE][PASSED] - Delayed 5 second(s)

2022-06-24 11:20:45 - [TEST_STEP][PASSED] - takeScreenshot(): Taking screenshot successfully

2022-06-24 11:20:46 - [MESSAGE][PASSED] - Taking screenshot successfully
[[ATTACHMENT|D:\\Projet Test Auto\\Mediabox Test Automation\\Reports\\20220624_110238\\03. Parallel Testing (Testing)\\TS -PT PART 3\\Retest For failed TC\\20220624_110240\\1656062446266.png]]

2022-06-24 11:20:46 - [TEST_STEP][PASSED] - click(findTestObject("1. Constant/xpath", ["xpath":"//*[@id="create_ref_btn"]/button"])): Object: 'Object Repository/1. Constant/xpath' is clicked on

2022-06-24 11:20:48 - [MESSAGE][PASSED] - Object: 'Object Repository/1. Constant/xpath' is clicked on

2022-06-24 11:20:48 - [TEST_STEP][PASSED] - delay(1): Delayed 1 second(s)

2022-06-24 11:20:49 - [MESSAGE][PASSED] - Delayed 1 second(s)

2022-06-24 11:20:49 - [TEST_STEP][PASSED] - click(findTestObject("1. Constant/xpath", ["xpath":"//*[@id="create_ref_btn"]/div/a"])): Object: 'Object Repository/1. Constant/xpath' is clicked on

2022-06-24 11:20:52 - [MESSAGE][PASSED] - Object: 'Object Repository/1. Constant/xpath' is clicked on

2022-06-24 11:20:52 - [TEST_STEP][PASSED] - selectOptionByValue(findTestObject("1. Constant/xpath", ["xpath":"//*[@id="lfc_tpl"]"]), "36", false): All options with value '36' are selected in object 'Object Repository/1. Constant/xpath' 

2022-06-24 11:20:55 - [MESSAGE][PASSED] - All options with value '36' are selected in object 'Object Repository/1. Constant/xpath' 

2022-06-24 11:20:55 - [TEST_STEP][PASSED] - ref_name = "P2_Auto_SAS_S5_" + RandomStringUtils.randomAlphanumeric(5) + I.gettimedate(): null

2022-06-24 11:20:55 - [TEST_STEP][PASSED] - delay(1): Delayed 1 second(s)

2022-06-24 11:20:56 - [MESSAGE][PASSED] - Delayed 1 second(s)

2022-06-24 11:20:56 - [TEST_STEP][PASSED] - setText(findTestObject("1. Constant/xpath", ["xpath":"//*[@id="var_name"]"]), ref_name): Text 'P2_Auto_SAS_S5_7OPYOjuin242022_112055' is set on object 'Object Repository/1. Constant/xpath'

2022-06-24 11:20:58 - [MESSAGE][PASSED] - Text 'P2_Auto_SAS_S5_7OPYOjuin242022_112055' is set on object 'Object Repository/1. Constant/xpath'

2022-06-24 11:20:58 - [TEST_STEP][PASSED] - takeScreenshot(): Taking screenshot successfully

2022-06-24 11:20:59 - [MESSAGE][PASSED] - Taking screenshot successfully
[[ATTACHMENT|D:\\Projet Test Auto\\Mediabox Test Automation\\Reports\\20220624_110238\\03. Parallel Testing (Testing)\\TS -PT PART 3\\Retest For failed TC\\20220624_110240\\1656062458904.png]]

2022-06-24 11:20:59 - [TEST_STEP][PASSED] - click(findTestObject("1. Constant/xpath", ["xpath":"//*[@id="createRefBottom"]"])): Object: 'Object Repository/1. Constant/xpath' is clicked on

2022-06-24 11:21:08 - [MESSAGE][PASSED] - Object: 'Object Repository/1. Constant/xpath' is clicked on

2022-06-24 11:21:08 - [TEST_STEP][PASSED] - delay(1): Delayed 1 second(s)

2022-06-24 11:21:09 - [MESSAGE][PASSED] - Delayed 1 second(s)

2022-06-24 11:21:09 - [TEST_STEP][PASSED] - refID2 = I.RefID(): Current window's url is: 'http://mdb-release.diadeis.lan/MediaboxIndependence/Base/ExecAction?IDSession=MBI%21RELTESTAUTO_DREYERS%21489AGIT8YGUA3JH72NQV4OAIX4GOTCFNLD37LU87&default_action=ModifierRef&id_project=MI000883&id_ref=5346&action_from=create_ref'

2022-06-24 11:21:14 - [MESSAGE][PASSED] - Delayed 5 second(s)

2022-06-24 11:21:14 - [MESSAGE][PASSED] - Current window's url is: 'http://mdb-release.diadeis.lan/MediaboxIndependence/Base/ExecAction?IDSession=MBI%21RELTESTAUTO_DREYERS%21489AGIT8YGUA3JH72NQV4OAIX4GOTCFNLD37LU87&default_action=ModifierRef&id_project=MI000883&id_ref=5346&action_from=create_ref'

2022-06-24 11:21:14 - [TEST_STEP][PASSED] - click(findTestObject("1. Constant/xpath", ["xpath":"//*[@id="type_save"]"])): Object: 'Object Repository/1. Constant/xpath' is clicked on

2022-06-24 11:21:23 - [MESSAGE][PASSED] - Object: 'Object Repository/1. Constant/xpath' is clicked on

2022-06-24 11:21:23 - [TEST_STEP][PASSED] - takeScreenshot(): Taking screenshot successfully

2022-06-24 11:21:24 - [MESSAGE][PASSED] - Taking screenshot successfully
[[ATTACHMENT|D:\\Projet Test Auto\\Mediabox Test Automation\\Reports\\20220624_110238\\03. Parallel Testing (Testing)\\TS -PT PART 3\\Retest For failed TC\\20220624_110240\\1656062484575.png]]

2022-06-24 11:21:24 - [TEST_STEP][PASSED] - delay(1): Delayed 1 second(s)

2022-06-24 11:21:25 - [MESSAGE][PASSED] - Delayed 1 second(s)

2022-06-24 11:21:25 - [TEST_STEP][PASSED] - I.SearchRefNo_xpath("P2_Auto", "//*[@id="fiche_filter_keywords11"]", "//*[@id="form_filters"]/div[3]/button"): Delayed 5 second(s)

2022-06-24 11:21:27 - [MESSAGE][PASSED] - Delayed 1 second(s)

2022-06-24 11:21:29 - [MESSAGE][PASSED] - Text 'P2_Auto' is set on object 'Object Repository/1. Constant/xpath'

2022-06-24 11:21:32 - [MESSAGE][PASSED] - Delayed 3 second(s)

2022-06-24 11:21:32 - [MESSAGE][PASSED] - Scroll to object 'Object Repository/1. Constant/xpath' successfully

2022-06-24 11:21:36 - [MESSAGE][PASSED] - Object: 'Object Repository/1. Constant/xpath' is clicked on

2022-06-24 11:21:41 - [MESSAGE][PASSED] - Delayed 5 second(s)

2022-06-24 11:21:41 - [TEST_STEP][PASSED] - click(findTestObject("1. Constant/xpath", ["xpath":"//*[@id="source_" + refID2 + ""]/td[13]/a[3]"])): Object: 'Object Repository/1. Constant/xpath' is clicked on

2022-06-24 11:21:44 - [MESSAGE][PASSED] - Object: 'Object Repository/1. Constant/xpath' is clicked on

2022-06-24 11:21:44 - [TEST_STEP][PASSED] - click(findTestObject("1. Constant/xpath", ["xpath":"//*[@id="ModifFiche"]/div[1]/div/button[2]"])): Object: 'Object Repository/1. Constant/xpath' is clicked on

2022-06-24 11:21:52 - [MESSAGE][PASSED] - Object: 'Object Repository/1. Constant/xpath' is clicked on

2022-06-24 11:21:52 - [TEST_STEP][PASSED] - takeScreenshot(): Taking screenshot successfully

2022-06-24 11:21:53 - [MESSAGE][PASSED] - Taking screenshot successfully
[[ATTACHMENT|D:\\Projet Test Auto\\Mediabox Test Automation\\Reports\\20220624_110238\\03. Parallel Testing (Testing)\\TS -PT PART 3\\Retest For failed TC\\20220624_110240\\1656062513125.png]]

2022-06-24 11:21:53 - [TEST_STEP][PASSED] - click(findTestObject("1. Constant/xpath", ["xpath":"//*[@id="source_" + refID2 + ""]/td[6]/a"])): Object: 'Object Repository/1. Constant/xpath' is clicked on

2022-06-24 11:21:59 - [MESSAGE][PASSED] - Object: 'Object Repository/1. Constant/xpath' is clicked on

2022-06-24 11:21:59 - [TEST_STEP][PASSED] - delay(1): Delayed 1 second(s)

2022-06-24 11:22:00 - [MESSAGE][PASSED] - Delayed 1 second(s)

2022-06-24 11:22:00 - [TEST_STEP][PASSED] - click(findTestObject("1. Constant/xpath", ["xpath":"//*[@id="kt_content"]/div[3]/div/ul/li[3]/a"])): Object: 'Object Repository/1. Constant/xpath' is clicked on

2022-06-24 11:22:02 - [MESSAGE][PASSED] - Object: 'Object Repository/1. Constant/xpath' is clicked on

2022-06-24 11:22:02 - [TEST_STEP][PASSED] - takeScreenshot(): Taking screenshot successfully

2022-06-24 11:22:07 - [MESSAGE][PASSED] - Taking screenshot successfully
[[ATTACHMENT|D:\\Projet Test Auto\\Mediabox Test Automation\\Reports\\20220624_110238\\03. Parallel Testing (Testing)\\TS -PT PART 3\\Retest For failed TC\\20220624_110240\\1656062527232.png]]

2022-06-24 11:22:07 - [TEST_STEP][PASSED] - delay(1): Delayed 1 second(s)

2022-06-24 11:22:08 - [MESSAGE][PASSED] - Delayed 1 second(s)

2022-06-24 11:22:08 - [TEST_STEP][PASSED] - click(findTestObject("1. Constant/xpath", ["xpath":"/html/body/div[1]/div[2]/div[8]/div[3]/div/div[3]/div[3]/div/div/div[1]/div/div[2]/div/div[1]/div[2]/div/button"])): Object: 'Object Repository/1. Constant/xpath' is clicked on

2022-06-24 11:22:09 - [MESSAGE][PASSED] - Object: 'Object Repository/1. Constant/xpath' is clicked on

2022-06-24 11:22:09 - [TEST_STEP][PASSED] - delay(1): Delayed 1 second(s)

2022-06-24 11:22:10 - [MESSAGE][PASSED] - Delayed 1 second(s)

2022-06-24 11:22:10 - [TEST_STEP][PASSED] - takeScreenshot(): Taking screenshot successfully

2022-06-24 11:22:11 - [MESSAGE][PASSED] - Taking screenshot successfully
[[ATTACHMENT|D:\\Projet Test Auto\\Mediabox Test Automation\\Reports\\20220624_110238\\03. Parallel Testing (Testing)\\TS -PT PART 3\\Retest For failed TC\\20220624_110240\\1656062531043.png]]

2022-06-24 11:22:11 - [TEST_STEP][PASSED] - delay(1): Delayed 1 second(s)

2022-06-24 11:22:12 - [MESSAGE][PASSED] - Delayed 1 second(s)

2022-06-24 11:22:12 - [TEST_STEP][PASSED] - x = 3: null

2022-06-24 11:22:12 - [TEST_STEP][PASSED] - i = 1: null

2022-06-24 11:22:12 - [TEST_STEP][PASSED] - while (i <= x): null

2022-06-24 11:22:12 - [TEST_STEP][PASSED] - Expected_SAS_Selected = "1. SAS S05: Add Steps A/ Skip Phase 1.1": null

2022-06-24 11:22:12 - [TEST_STEP][PASSED] - xpath_SAS = "/html/body/div[1]/div[2]/div[8]/div[3]/div/div[3]/div[3]/div/div/div[1]/div/div[2]/div/div[1]/div[2]/div/div/a[" + i + "]": null

2022-06-24 11:22:12 - [TEST_STEP][PASSED] - Actual_SAS = getText(findTestObject("1. Constant/xpath", ["xpath":xpath_SAS])): Text of object 'Object Repository/1. Constant/xpath' is: '2. SAS S39: Skip Phase 1.2 / Add Phase 3.3'

2022-06-24 11:22:13 - [MESSAGE][PASSED] - Text of object 'Object Repository/1. Constant/xpath' is: '2. SAS S39: Skip Phase 1.2 / Add Phase 3.3'

2022-06-24 11:22:13 - [TEST_STEP][PASSED] - I.print(i): null

2022-06-24 11:22:13 - [TEST_STEP][PASSED] - if (Actual_SAS.contains(Expected_SAS_Selected)): null

2022-06-24 11:22:13 - [TEST_STEP][PASSED] - i = i + 1: null

2022-06-24 11:22:13 - [TEST_STEP][PASSED] - Expected_SAS_Selected = "1. SAS S05: Add Steps A/ Skip Phase 1.1": null

2022-06-24 11:22:13 - [TEST_STEP][PASSED] - xpath_SAS = "/html/body/div[1]/div[2]/div[8]/div[3]/div/div[3]/div[3]/div/div/div[1]/div/div[2]/div/div[1]/div[2]/div/div/a[" + i + "]": null

2022-06-24 11:22:13 - [TEST_STEP][PASSED] - Actual_SAS = getText(findTestObject("1. Constant/xpath", ["xpath":xpath_SAS])): Text of object 'Object Repository/1. Constant/xpath' is: '1. SAS S05: Add Steps A/ Skip Phase 1.1'

2022-06-24 11:22:14 - [MESSAGE][PASSED] - Text of object 'Object Repository/1. Constant/xpath' is: '1. SAS S05: Add Steps A/ Skip Phase 1.1'

2022-06-24 11:22:14 - [TEST_STEP][PASSED] - I.print(i): null

2022-06-24 11:22:14 - [TEST_STEP][PASSED] - if (Actual_SAS.contains(Expected_SAS_Selected)): null

2022-06-24 11:22:14 - [TEST_STEP][PASSED] - click(findTestObject("1. Constant/xpath", ["xpath":xpath_SAS])): Object: 'Object Repository/1. Constant/xpath' is clicked on

2022-06-24 11:22:14 - [MESSAGE][PASSED] - Object: 'Object Repository/1. Constant/xpath' is clicked on

2022-06-24 11:22:14 - [TEST_STEP][PASSED] - break: null

2022-06-24 11:22:14 - [TEST_STEP][PASSED] - takeScreenshot(): Taking screenshot successfully

2022-06-24 11:22:15 - [MESSAGE][PASSED] - Taking screenshot successfully
[[ATTACHMENT|D:\\Projet Test Auto\\Mediabox Test Automation\\Reports\\20220624_110238\\03. Parallel Testing (Testing)\\TS -PT PART 3\\Retest For failed TC\\20220624_110240\\1656062535256.png]]

2022-06-24 11:22:15 - [TEST_STEP][PASSED] - delay(1): Delayed 1 second(s)

2022-06-24 11:22:16 - [MESSAGE][PASSED] - Delayed 1 second(s)

2022-06-24 11:22:16 - [TEST_STEP][PASSED] - click(findTestObject("1. Constant/xpath", ["xpath":"//*[@id="confirmSupportActionShortcut"]"])): Object: 'Object Repository/1. Constant/xpath' is clicked on

2022-06-24 11:22:25 - [MESSAGE][PASSED] - Object: 'Object Repository/1. Constant/xpath' is clicked on

2022-06-24 11:22:25 - [TEST_STEP][PASSED] - click(findTestObject("1. Constant/xpath", ["xpath":"//*[@id="kt_content"]/div[3]/div/ul/li[3]/a"])): Object: 'Object Repository/1. Constant/xpath' is clicked on

2022-06-24 11:22:28 - [MESSAGE][PASSED] - Object: 'Object Repository/1. Constant/xpath' is clicked on

2022-06-24 11:22:28 - [TEST_STEP][PASSED] - takeScreenshot(): Taking screenshot successfully

2022-06-24 11:22:29 - [MESSAGE][PASSED] - Taking screenshot successfully
[[ATTACHMENT|D:\\Projet Test Auto\\Mediabox Test Automation\\Reports\\20220624_110238\\03. Parallel Testing (Testing)\\TS -PT PART 3\\Retest For failed TC\\20220624_110240\\1656062548545.png]]

2022-06-24 11:22:29 - [TEST_STEP][PASSED] - StepA_1 = getAttribute(findTestObject("1. Constant/xpath", ["xpath":"/html/body/div[1]/div[2]/div[8]/div[3]/div/div[3]/div[3]/div/ul/li[1]/a"]), "class"): Attribute 'class' of object 'Object Repository/1. Constant/xpath' is: 'nav-link timeline-badge badge-xl  bg-complete '

2022-06-24 11:22:29 - [MESSAGE][PASSED] - Attribute 'class' of object 'Object Repository/1. Constant/xpath' is: 'nav-link timeline-badge badge-xl  bg-complete '

2022-06-24 11:22:29 - [TEST_STEP][PASSED] - verifyMatch(StepA_1, "nav-link timeline-badge badge-xl  bg-complete ", false): Actual text 'nav-link timeline-badge badge-xl  bg-complete ' and expected text 'nav-link timeline-badge badge-xl  bg-complete ' are matched 

2022-06-24 11:22:29 - [MESSAGE][PASSED] - Actual text 'nav-link timeline-badge badge-xl  bg-complete ' and expected text 'nav-link timeline-badge badge-xl  bg-complete ' are matched 

2022-06-24 11:22:29 - [TEST_STEP][PASSED] - StepA_11 = I.Get_Stepname("/html/body/div[1]/div[2]/div[8]/div[3]/div/div[3]/div[3]/div/ul/li[1]/a"): Attribute 'href' of object 'Object Repository/1. Constant/xpath' is: 'http://mdb-release.diadeis.lan/MediaboxIndependence/Base/ExecAction?action=VoirRef&IDSession=MBI!RELTESTAUTO_DREYERS!489AGIT8YGUA3JH72NQV4OAIX4GOTCFNLD37LU87&num=TD9KSG5C9S&id_ref=5346#tab_lifecycle_SASStepA_12414'

2022-06-24 11:22:34 - [MESSAGE][PASSED] - Delayed 5 second(s)

2022-06-24 11:22:35 - [MESSAGE][PASSED] - Attribute 'href' of object 'Object Repository/1. Constant/xpath' is: 'http://mdb-release.diadeis.lan/MediaboxIndependence/Base/ExecAction?action=VoirRef&IDSession=MBI!RELTESTAUTO_DREYERS!489AGIT8YGUA3JH72NQV4OAIX4GOTCFNLD37LU87&num=TD9KSG5C9S&id_ref=5346#tab_lifecycle_SASStepA_12414'

2022-06-24 11:22:35 - [TEST_STEP][PASSED] - verifyMatch(StepA_11, "SASStepA", false): Actual text 'SASStepA' and expected text 'SASStepA' are matched 

2022-06-24 11:22:35 - [MESSAGE][PASSED] - Actual text 'SASStepA' and expected text 'SASStepA' are matched 

2022-06-24 11:22:35 - [TEST_STEP][PASSED] - StepA_2 = getAttribute(findTestObject("1. Constant/xpath", ["xpath":"/html/body/div[1]/div[2]/div[8]/div[3]/div/div[3]/div[3]/div/ul/li[2]/a"]), "class"): Attribute 'class' of object 'Object Repository/1. Constant/xpath' is: 'nav-link timeline-badge badge-xl  bg-pending active'

2022-06-24 11:22:36 - [MESSAGE][PASSED] - Attribute 'class' of object 'Object Repository/1. Constant/xpath' is: 'nav-link timeline-badge badge-xl  bg-pending active'

2022-06-24 11:22:36 - [TEST_STEP][PASSED] - verifyMatch(StepA_2, "nav-link timeline-badge badge-xl  bg-pending active", false): Actual text 'nav-link timeline-badge badge-xl  bg-pending active' and expected text 'nav-link timeline-badge badge-xl  bg-pending active' are matched 

2022-06-24 11:22:36 - [MESSAGE][PASSED] - Actual text 'nav-link timeline-badge badge-xl  bg-pending active' and expected text 'nav-link timeline-badge badge-xl  bg-pending active' are matched 

2022-06-24 11:22:36 - [TEST_STEP][PASSED] - StepA_22 = I.Get_Stepname("/html/body/div[1]/div[2]/div[8]/div[3]/div/div[3]/div[3]/div/ul/li[2]/a"): Attribute 'href' of object 'Object Repository/1. Constant/xpath' is: 'http://mdb-release.diadeis.lan/MediaboxIndependence/Base/ExecAction?action=VoirRef&IDSession=MBI!RELTESTAUTO_DREYERS!489AGIT8YGUA3JH72NQV4OAIX4GOTCFNLD37LU87&num=TD9KSG5C9S&id_ref=5346#tab_lifecycle_SASStepA_12417'

2022-06-24 11:22:41 - [MESSAGE][PASSED] - Delayed 5 second(s)

2022-06-24 11:22:42 - [MESSAGE][PASSED] - Attribute 'href' of object 'Object Repository/1. Constant/xpath' is: 'http://mdb-release.diadeis.lan/MediaboxIndependence/Base/ExecAction?action=VoirRef&IDSession=MBI!RELTESTAUTO_DREYERS!489AGIT8YGUA3JH72NQV4OAIX4GOTCFNLD37LU87&num=TD9KSG5C9S&id_ref=5346#tab_lifecycle_SASStepA_12417'

2022-06-24 11:22:42 - [TEST_STEP][PASSED] - verifyMatch(StepA_22, "SASStepA", false): Actual text 'SASStepA' and expected text 'SASStepA' are matched 

2022-06-24 11:22:42 - [MESSAGE][PASSED] - Actual text 'SASStepA' and expected text 'SASStepA' are matched 

2022-06-24 11:22:42 - [TEST_STEP][PASSED] - Name_StepAP1_2 = getText(findTestObject("1. Constant/xpath", ["xpath":"/html/body/div[1]/div[2]/div[8]/div[3]/div/div[3]/div[3]/div/div/div[2]/div/div[1]/div/div[1]/div[1]/h3"])): Text of object 'Object Repository/1. Constant/xpath' is: 'Phase 1.1 [Standard]'

2022-06-24 11:22:43 - [MESSAGE][PASSED] - Text of object 'Object Repository/1. Constant/xpath' is: 'Phase 1.1 [Standard]'

2022-06-24 11:22:43 - [TEST_STEP][PASSED] - verifyMatch(Name_StepAP1_2, "Phase 1.1 [Standard]", false): Actual text 'Phase 1.1 [Standard]' and expected text 'Phase 1.1 [Standard]' are matched 

2022-06-24 11:22:43 - [MESSAGE][PASSED] - Actual text 'Phase 1.1 [Standard]' and expected text 'Phase 1.1 [Standard]' are matched 

2022-06-24 11:22:43 - [TEST_STEP][PASSED] - added_StepAP1_2 = getText(findTestObject("1. Constant/xpath", ["xpath":"/html/body/div[1]/div[2]/div[8]/div[3]/div/div[3]/div[3]/div/div/div[2]/div/div[1]/div/div[2]/h6"])): Text of object 'Object Repository/1. Constant/xpath' is: 'Added manually 06/24/22 02:22 AM By Brian Lemco'

2022-06-24 11:22:44 - [MESSAGE][PASSED] - Text of object 'Object Repository/1. Constant/xpath' is: 'Added manually 06/24/22 02:22 AM By Brian Lemco'

2022-06-24 11:22:44 - [TEST_STEP][PASSED] - if (added_StepAP1_2.contains("Added manually")): Actual object '1' and expected object '1' are equal

2022-06-24 11:22:44 - [TEST_STEP][PASSED] - verifyEqual(1, 1): Actual object '1' and expected object '1' are equal

2022-06-24 11:22:44 - [MESSAGE][PASSED] - Actual object '1' and expected object '1' are equal

2022-06-24 11:22:44 - [TEST_STEP][PASSED] - Name_StepAP2_2 = getText(findTestObject("1. Constant/xpath", ["xpath":"/html/body/div[1]/div[2]/div[8]/div[3]/div/div[3]/div[3]/div/div/div[2]/div/div[2]/div/div[1]/div[1]/h3"])): Text of object 'Object Repository/1. Constant/xpath' is: 'Phase 1.2 [Standard Phase]'

2022-06-24 11:22:45 - [MESSAGE][PASSED] - Text of object 'Object Repository/1. Constant/xpath' is: 'Phase 1.2 [Standard Phase]'

2022-06-24 11:22:45 - [TEST_STEP][PASSED] - verifyMatch(Name_StepAP2_2, "Phase 1.2 [Standard Phase]", false): Actual text 'Phase 1.2 [Standard Phase]' and expected text 'Phase 1.2 [Standard Phase]' are matched 

2022-06-24 11:22:45 - [MESSAGE][PASSED] - Actual text 'Phase 1.2 [Standard Phase]' and expected text 'Phase 1.2 [Standard Phase]' are matched 

2022-06-24 11:22:45 - [TEST_STEP][PASSED] - StepB_3 = getAttribute(findTestObject("1. Constant/xpath", ["xpath":"/html/body/div[1]/div[2]/div[8]/div[3]/div/div[3]/div[3]/div/ul/li[3]/a"]), "class"): Attribute 'class' of object 'Object Repository/1. Constant/xpath' is: 'nav-link timeline-badge badge-xl  bg-waiting '

2022-06-24 11:22:46 - [MESSAGE][PASSED] - Attribute 'class' of object 'Object Repository/1. Constant/xpath' is: 'nav-link timeline-badge badge-xl  bg-waiting '

2022-06-24 11:22:46 - [TEST_STEP][PASSED] - verifyMatch(StepB_3, "nav-link timeline-badge badge-xl  bg-waiting ", false): Actual text 'nav-link timeline-badge badge-xl  bg-waiting ' and expected text 'nav-link timeline-badge badge-xl  bg-waiting ' are matched 

2022-06-24 11:22:46 - [MESSAGE][PASSED] - Actual text 'nav-link timeline-badge badge-xl  bg-waiting ' and expected text 'nav-link timeline-badge badge-xl  bg-waiting ' are matched 

2022-06-24 11:22:46 - [TEST_STEP][PASSED] - StepB_33 = I.Get_Stepname("/html/body/div[1]/div[2]/div[8]/div[3]/div/div[3]/div[3]/div/ul/li[3]/a"): Attribute 'href' of object 'Object Repository/1. Constant/xpath' is: 'http://mdb-release.diadeis.lan/MediaboxIndependence/Base/ExecAction?action=VoirRef&IDSession=MBI!RELTESTAUTO_DREYERS!489AGIT8YGUA3JH72NQV4OAIX4GOTCFNLD37LU87&num=TD9KSG5C9S&id_ref=5346#tab_lifecycle_SASStepB_12415'

2022-06-24 11:22:51 - [MESSAGE][PASSED] - Delayed 5 second(s)

2022-06-24 11:22:52 - [MESSAGE][PASSED] - Attribute 'href' of object 'Object Repository/1. Constant/xpath' is: 'http://mdb-release.diadeis.lan/MediaboxIndependence/Base/ExecAction?action=VoirRef&IDSession=MBI!RELTESTAUTO_DREYERS!489AGIT8YGUA3JH72NQV4OAIX4GOTCFNLD37LU87&num=TD9KSG5C9S&id_ref=5346#tab_lifecycle_SASStepB_12415'

2022-06-24 11:22:52 - [TEST_STEP][PASSED] - verifyMatch(StepB_33, "SASStepB", false): Actual text 'SASStepB' and expected text 'SASStepB' are matched 

2022-06-24 11:22:52 - [MESSAGE][PASSED] - Actual text 'SASStepB' and expected text 'SASStepB' are matched 

2022-06-24 11:22:52 - [TEST_STEP][PASSED] - click(findTestObject("1. Constant/xpath", ["xpath":"/html/body/div[1]/div[2]/div[8]/div[2]/div/nav/ol/li[2]/a"])): Object: 'Object Repository/1. Constant/xpath' is clicked on

2022-06-24 11:22:59 - [MESSAGE][PASSED] - Object: 'Object Repository/1. Constant/xpath' is clicked on

2022-06-24 11:22:59 - [TEST_STEP][PASSED] - I.SearchRefNo_xpath("P2_Auto", "//*[@id="fiche_filter_keywords11"]", "//*[@id="form_filters"]/div[3]/button"): Delayed 5 second(s)

2022-06-24 11:23:00 - [MESSAGE][PASSED] - Delayed 1 second(s)

2022-06-24 11:23:03 - [MESSAGE][PASSED] - Text 'P2_Auto' is set on object 'Object Repository/1. Constant/xpath'

2022-06-24 11:23:06 - [MESSAGE][PASSED] - Delayed 3 second(s)

2022-06-24 11:23:07 - [MESSAGE][PASSED] - Scroll to object 'Object Repository/1. Constant/xpath' successfully

2022-06-24 11:23:12 - [MESSAGE][PASSED] - Object: 'Object Repository/1. Constant/xpath' is clicked on

2022-06-24 11:23:17 - [MESSAGE][PASSED] - Delayed 5 second(s)

2022-06-24 11:23:17 - [TEST_STEP][PASSED] - takeScreenshot(): Taking screenshot successfully

2022-06-24 11:23:18 - [MESSAGE][PASSED] - Taking screenshot successfully
[[ATTACHMENT|D:\\Projet Test Auto\\Mediabox Test Automation\\Reports\\20220624_110238\\03. Parallel Testing (Testing)\\TS -PT PART 3\\Retest For failed TC\\20220624_110240\\1656062597622.png]]

2022-06-24 11:23:18 - [TEST_STEP][PASSED] - click(findTestObject("1. Constant/xpath", ["xpath":"//*[@id="source_" + refID2 + ""]/td[13]/a[3]"])): Object: 'Object Repository/1. Constant/xpath' is clicked on

2022-06-24 11:23:25 - [MESSAGE][PASSED] - Object: 'Object Repository/1. Constant/xpath' is clicked on

2022-06-24 11:23:25 - [TEST_STEP][PASSED] - click(findTestObject("1. Constant/xpath", ["xpath":"//*[@id="ModifFiche"]/div[1]/div/button[2]"])): Object: 'Object Repository/1. Constant/xpath' is clicked on

2022-06-24 11:23:30 - [MESSAGE][PASSED] - Object: 'Object Repository/1. Constant/xpath' is clicked on

2022-06-24 11:23:30 - [TEST_STEP][PASSED] - I.Logout(): Delayed 3 second(s)

2022-06-24 11:23:33 - [MESSAGE][PASSED] - Delayed 3 second(s)

2022-06-24 11:23:34 - [MESSAGE][PASSED] - Object: 'Object Repository/1. Constant/xpath' is clicked on

2022-06-24 11:23:37 - [MESSAGE][PASSED] - Delayed 3 second(s)

2022-06-24 11:24:30 - [MESSAGE][PASSED] - Object: 'Object Repository/1. Constant/xpath' is clicked on

2022-06-24 11:24:33 - [MESSAGE][PASSED] - Delayed 3 second(s)

2022-06-24 11:24:33 - [TEST_STEP][PASSED] - I.Login_password("nturner", password_nturner): Object: 'Object Repository/1. Constant/xpath' is clicked on

2022-06-24 11:24:35 - [MESSAGE][PASSED] - Text 'nturner' is set on object 'Object Repository/1. Constant/xpath'

2022-06-24 11:24:36 - [MESSAGE][PASSED] - Delayed 1 second(s)

2022-06-24 11:24:37 - [MESSAGE][PASSED] - Text 'diadeis1' is set on object 'Object Repository/1. Constant/xpath'

2022-06-24 11:24:38 - [MESSAGE][PASSED] - Delayed 1 second(s)

2022-06-24 11:24:45 - [MESSAGE][PASSED] - Object: 'Object Repository/1. Constant/xpath' is clicked on

2022-06-24 11:24:45 - [TEST_STEP][PASSED] - delay(1): Delayed 1 second(s)

2022-06-24 11:24:46 - [MESSAGE][PASSED] - Delayed 1 second(s)

2022-06-24 11:24:46 - [TEST_STEP][PASSED] - takeScreenshot(): Taking screenshot successfully

2022-06-24 11:24:47 - [MESSAGE][PASSED] - Taking screenshot successfully
[[ATTACHMENT|D:\\Projet Test Auto\\Mediabox Test Automation\\Reports\\20220624_110238\\03. Parallel Testing (Testing)\\TS -PT PART 3\\Retest For failed TC\\20220624_110240\\1656062686934.png]]

2022-06-24 11:24:47 - [TEST_STEP][PASSED] - click(findTestObject("1. Constant/02_LHSMenu_Projects")): Object: 'Object Repository/1. Constant/02_LHSMenu_Projects' is clicked on

2022-06-24 11:24:51 - [MESSAGE][PASSED] - Object: 'Object Repository/1. Constant/02_LHSMenu_Projects' is clicked on

2022-06-24 11:24:51 - [TEST_STEP][PASSED] - I.SearchProjectNo_xpath(Project_No, "//*[@id="keynum_project"]", "//*[@id="form_filters"]/div[4]/button"): Delayed 5 second(s)

2022-06-24 11:24:52 - [MESSAGE][PASSED] - Delayed 1 second(s)

2022-06-24 11:24:54 - [MESSAGE][PASSED] - Text 'MI000883' is set on object 'Object Repository/1. Constant/xpath'

2022-06-24 11:24:57 - [MESSAGE][PASSED] - Delayed 3 second(s)

2022-06-24 11:24:58 - [MESSAGE][PASSED] - Scroll to object 'Object Repository/1. Constant/xpath' successfully

2022-06-24 11:25:04 - [MESSAGE][PASSED] - Object: 'Object Repository/1. Constant/xpath' is clicked on

2022-06-24 11:25:09 - [MESSAGE][PASSED] - Delayed 5 second(s)

2022-06-24 11:25:09 - [TEST_STEP][PASSED] - takeScreenshot(): Taking screenshot successfully

2022-06-24 11:25:11 - [MESSAGE][PASSED] - Taking screenshot successfully
[[ATTACHMENT|D:\\Projet Test Auto\\Mediabox Test Automation\\Reports\\20220624_110238\\03. Parallel Testing (Testing)\\TS -PT PART 3\\Retest For failed TC\\20220624_110240\\1656062710365.png]]

2022-06-24 11:25:11 - [TEST_STEP][PASSED] - I.SearchRefNo_xpath("P2_Auto", "//*[@id="fiche_filter_keywords11"]", "//*[@id="form_filters"]/div[3]/button"): Delayed 5 second(s)

2022-06-24 11:25:12 - [MESSAGE][PASSED] - Delayed 1 second(s)

2022-06-24 11:25:13 - [MESSAGE][PASSED] - Text 'P2_Auto' is set on object 'Object Repository/1. Constant/xpath'

2022-06-24 11:25:16 - [MESSAGE][PASSED] - Delayed 3 second(s)

2022-06-24 11:25:17 - [MESSAGE][PASSED] - Scroll to object 'Object Repository/1. Constant/xpath' successfully

2022-06-24 11:25:22 - [MESSAGE][PASSED] - Object: 'Object Repository/1. Constant/xpath' is clicked on

2022-06-24 11:25:27 - [MESSAGE][PASSED] - Delayed 5 second(s)

2022-06-24 11:25:27 - [TEST_STEP][PASSED] - delay(1): Delayed 1 second(s)

2022-06-24 11:25:28 - [MESSAGE][PASSED] - Delayed 1 second(s)

2022-06-24 11:25:28 - [TEST_STEP][PASSED] - click(findTestObject("1. Constant/xpath", ["xpath":"//*[@id="source_" + refID2 + ""]/td[13]/a[2]"])): Object: 'Object Repository/1. Constant/xpath' is clicked on

2022-06-24 11:25:30 - [MESSAGE][PASSED] - Object: 'Object Repository/1. Constant/xpath' is clicked on

2022-06-24 11:25:30 - [TEST_STEP][PASSED] - click(findTestObject("1. Constant/xpath", ["xpath":"//*[@id="ModifFiche"]/div[1]/div/button[2]"])): Object: 'Object Repository/1. Constant/xpath' is clicked on

2022-06-24 11:25:38 - [MESSAGE][PASSED] - Object: 'Object Repository/1. Constant/xpath' is clicked on

2022-06-24 11:25:38 - [TEST_STEP][PASSED] - Lifecycle_Status = getText(findTestObject("1. Constant/xpath", ["xpath":"//*[@id="source_" + refID2 + ""]/td[12]/span[1]"])): Text of object 'Object Repository/1. Constant/xpath' is: 'Phase 2.1 [Production]'

2022-06-24 11:25:39 - [MESSAGE][PASSED] - Text of object 'Object Repository/1. Constant/xpath' is: 'Phase 2.1 [Production]'

2022-06-24 11:25:39 - [TEST_STEP][PASSED] - verifyMatch(Lifecycle_Status, "Phase 2.1 [Production]", false): Actual text 'Phase 2.1 [Production]' and expected text 'Phase 2.1 [Production]' are matched 

2022-06-24 11:25:39 - [MESSAGE][PASSED] - Actual text 'Phase 2.1 [Production]' and expected text 'Phase 2.1 [Production]' are matched 

2022-06-24 11:25:39 - [TEST_STEP][PASSED] - takeScreenshot(): Taking screenshot successfully

2022-06-24 11:25:39 - [MESSAGE][PASSED] - Taking screenshot successfully
[[ATTACHMENT|D:\\Projet Test Auto\\Mediabox Test Automation\\Reports\\20220624_110238\\03. Parallel Testing (Testing)\\TS -PT PART 3\\Retest For failed TC\\20220624_110240\\1656062739488.png]]

2022-06-24 11:25:39 - [TEST_STEP][PASSED] - closeBrowser(): Browser is closed

2022-06-24 11:25:46 - [MESSAGE][PASSED] - Browser is closed

2022-06-24 11:25:46 - [TEST_STEP][PASSED] - Start listener action : sampleAfterTestCase: null]]></system-out>
         <system-err><![CDATA[]]></system-err>
      </testcase>
      <system-out><![CDATA[2022-06-24 11:02:51 - [TEST_SUITE][PASSED] - Retest For failed TC: Test Cases/19. Dreyers Support Action (Ongoing ref_completed)/19.02 Dreyers SAS Add Step (Ongoing ref) S5 - P2]]></system-out>
      <system-err><![CDATA[]]></system-err>
   </testsuite>
</testsuites>
