<?xml version="1.0" encoding="UTF-8"?>
<testsuites name="14.03 Dreyers Support Action (Ongoing _ Completed ref) - PART 3" time="3777.271" tests="6" failures="0" errors="0">
   <testsuite name="14.03 Dreyers Support Action (Ongoing _ Completed ref) - PART 3" tests="6" failures="0" errors="0" time="3777.271" skipped="0" timestamp="2022-06-23 21:56:43" hostname="lamhe - DPF-MBI-VERIF.ad.sgsco.int" id="Test Suites/03. Parallel Testing (Testing)/TS -PT PART 3/14.03 Dreyers Support Action (Ongoing _ Completed ref) - PART 3">
      <properties>
         <property name="deviceName" value=""/>
         <property name="devicePlatform" value=""/>
         <property name="logFolder" value="D:\\Projet Test Auto\\Mediabox Test Automation\\Reports\\20220623_184212\\03. Parallel Testing (Testing)\\TS -PT PART 3\\14.03 Dreyers Support Action (Ongoing _ Completed ref) - PART 3\\20220623_184230"/>
         <property name="logFiles" value="D:\\Projet Test Auto\\Mediabox Test Automation\\Reports\\20220623_184212\\03. Parallel Testing (Testing)\\TS -PT PART 3\\14.03 Dreyers Support Action (Ongoing _ Completed ref) - PART 3\\20220623_184230\\execution0.log"/>
         <property name="attachments" value="D:\\Projet Test Auto\\Mediabox Test Automation\\Reports\\20220623_184212\\03. Parallel Testing (Testing)\\TS -PT PART 3\\14.03 Dreyers Support Action (Ongoing _ Completed ref) - PART 3\\20220623_184230\\1656014279917.png, D:\\Projet Test Auto\\Mediabox Test Automation\\Reports\\20220623_184212\\03. Parallel Testing (Testing)\\TS -PT PART 3\\14.03 Dreyers Support Action (Ongoing _ Completed ref) - PART 3\\20220623_184230\\1656014294741.png, D:\\Projet Test Auto\\Mediabox Test Automation\\Reports\\20220623_184212\\03. Parallel Testing (Testing)\\TS -PT PART 3\\14.03 Dreyers Support Action (Ongoing _ Completed ref) - PART 3\\20220623_184230\\1656014299816.png, D:\\Projet Test Auto\\Mediabox Test Automation\\Reports\\20220623_184212\\03. Parallel Testing (Testing)\\TS -PT PART 3\\14.03 Dreyers Support Action (Ongoing _ Completed ref) - PART 3\\20220623_184230\\1656014310797.png, D:\\Projet Test Auto\\Mediabox Test Automation\\Reports\\20220623_184212\\03. Parallel Testing (Testing)\\TS -PT PART 3\\14.03 Dreyers Support Action (Ongoing _ Completed ref) - PART 3\\20220623_184230\\1656014335763.png, D:\\Projet Test Auto\\Mediabox Test Automation\\Reports\\20220623_184212\\03. Parallel Testing (Testing)\\TS -PT PART 3\\14.03 Dreyers Support Action (Ongoing _ Completed ref) - PART 3\\20220623_184230\\1656014346918.png, D:\\Projet Test Auto\\Mediabox Test Automation\\Reports\\20220623_184212\\03. Parallel Testing (Testing)\\TS -PT PART 3\\14.03 Dreyers Support Action (Ongoing _ Completed ref) - PART 3\\20220623_184230\\1656014373284.png, D:\\Projet Test Auto\\Mediabox Test Automation\\Reports\\20220623_184212\\03. Parallel Testing (Testing)\\TS -PT PART 3\\14.03 Dreyers Support Action (Ongoing _ Completed ref) - PART 3\\20220623_184230\\1656014393207.png, D:\\Projet Test Auto\\Mediabox Test Automation\\Reports\\20220623_184212\\03. Parallel Testing (Testing)\\TS -PT PART 3\\14.03 Dreyers Support Action (Ongoing _ Completed ref) - PART 3\\20220623_184230\\1656014398165.png, D:\\Projet Test Auto\\Mediabox Test Automation\\Reports\\20220623_184212\\03. Parallel Testing (Testing)\\TS -PT PART 3\\14.03 Dreyers Support Action (Ongoing _ Completed ref) - PART 3\\20220623_184230\\1656014436501.png, D:\\Projet Test Auto\\Mediabox Test Automation\\Reports\\20220623_184212\\03. Parallel Testing (Testing)\\TS -PT PART 3\\14.03 Dreyers Support Action (Ongoing _ Completed ref) - PART 3\\20220623_184230\\1656014451973.png, D:\\Projet Test Auto\\Mediabox Test Automation\\Reports\\20220623_184212\\03. Parallel Testing (Testing)\\TS -PT PART 3\\14.03 Dreyers Support Action (Ongoing _ Completed ref) - PART 3\\20220623_184230\\1656014459274.png, D:\\Projet Test Auto\\Mediabox Test Automation\\Reports\\20220623_184212\\03. Parallel Testing (Testing)\\TS -PT PART 3\\14.03 Dreyers Support Action (Ongoing _ Completed ref) - PART 3\\20220623_184230\\1656014468302.png, D:\\Projet Test Auto\\Mediabox Test Automation\\Reports\\20220623_184212\\03. Parallel Testing (Testing)\\TS -PT PART 3\\14.03 Dreyers Support Action (Ongoing _ Completed ref) - PART 3\\20220623_184230\\1656014470921.png, D:\\Projet Test Auto\\Mediabox Test Automation\\Reports\\20220623_184212\\03. Parallel Testing (Testing)\\TS -PT PART 3\\14.03 Dreyers Support Action (Ongoing _ Completed ref) - PART 3\\20220623_184230\\1656014475227.png, D:\\Projet Test Auto\\Mediabox Test Automation\\Reports\\20220623_184212\\03. Parallel Testing (Testing)\\TS -PT PART 3\\14.03 Dreyers Support Action (Ongoing _ Completed ref) - PART 3\\20220623_184230\\1656014481348.png, D:\\Projet Test Auto\\Mediabox Test Automation\\Reports\\20220623_184212\\03. Parallel Testing (Testing)\\TS -PT PART 3\\14.03 Dreyers Support Action (Ongoing _ Completed ref) - PART 3\\20220623_184230\\1656014484301.png, D:\\Projet Test Auto\\Mediabox Test Automation\\Reports\\20220623_184212\\03. Parallel Testing (Testing)\\TS -PT PART 3\\14.03 Dreyers Support Action (Ongoing _ Completed ref) - PART 3\\20220623_184230\\1656014507615.png, D:\\Projet Test Auto\\Mediabox Test Automation\\Reports\\20220623_184212\\03. Parallel Testing (Testing)\\TS -PT PART 3\\14.03 Dreyers Support Action (Ongoing _ Completed ref) - PART 3\\20220623_184230\\1656014534147.png, D:\\Projet Test Auto\\Mediabox Test Automation\\Reports\\20220623_184212\\03. Parallel Testing (Testing)\\TS -PT PART 3\\14.03 Dreyers Support Action (Ongoing _ Completed ref) - PART 3\\20220623_184230\\1656014553548.png, D:\\Projet Test Auto\\Mediabox Test Automation\\Reports\\20220623_184212\\03. Parallel Testing (Testing)\\TS -PT PART 3\\14.03 Dreyers Support Action (Ongoing _ Completed ref) - PART 3\\20220623_184230\\1656014557174.png, D:\\Projet Test Auto\\Mediabox Test Automation\\Reports\\20220623_184212\\03. Parallel Testing (Testing)\\TS -PT PART 3\\14.03 Dreyers Support Action (Ongoing _ Completed ref) - PART 3\\20220623_184230\\1656014576169.png, D:\\Projet Test Auto\\Mediabox Test Automation\\Reports\\20220623_184212\\03. Parallel Testing (Testing)\\TS -PT PART 3\\14.03 Dreyers Support Action (Ongoing _ Completed ref) - PART 3\\20220623_184230\\1656014620825.png, D:\\Projet Test Auto\\Mediabox Test Automation\\Reports\\20220623_184212\\03. Parallel Testing (Testing)\\TS -PT PART 3\\14.03 Dreyers Support Action (Ongoing _ Completed ref) - PART 3\\20220623_184230\\1656014690188.png, D:\\Projet Test Auto\\Mediabox Test Automation\\Reports\\20220623_184212\\03. Parallel Testing (Testing)\\TS -PT PART 3\\14.03 Dreyers Support Action (Ongoing _ Completed ref) - PART 3\\20220623_184230\\1656014709395.png, D:\\Projet Test Auto\\Mediabox Test Automation\\Reports\\20220623_184212\\03. Parallel Testing (Testing)\\TS -PT PART 3\\14.03 Dreyers Support Action (Ongoing _ Completed ref) - PART 3\\20220623_184230\\1656014758232.png, D:\\Projet Test Auto\\Mediabox Test Automation\\Reports\\20220623_184212\\03. Parallel Testing (Testing)\\TS -PT PART 3\\14.03 Dreyers Support Action (Ongoing _ Completed ref) - PART 3\\20220623_184230\\1656014777083.png, D:\\Projet Test Auto\\Mediabox Test Automation\\Reports\\20220623_184212\\03. Parallel Testing (Testing)\\TS -PT PART 3\\14.03 Dreyers Support Action (Ongoing _ Completed ref) - PART 3\\20220623_184230\\1656014843234.png, D:\\Projet Test Auto\\Mediabox Test Automation\\Reports\\20220623_184212\\03. Parallel Testing (Testing)\\TS -PT PART 3\\14.03 Dreyers Support Action (Ongoing _ Completed ref) - PART 3\\20220623_184230\\1656014856727.png, D:\\Projet Test Auto\\Mediabox Test Automation\\Reports\\20220623_184212\\03. Parallel Testing (Testing)\\TS -PT PART 3\\14.03 Dreyers Support Action (Ongoing _ Completed ref) - PART 3\\20220623_184230\\1656014905851.png, D:\\Projet Test Auto\\Mediabox Test Automation\\Reports\\20220623_184212\\03. Parallel Testing (Testing)\\TS -PT PART 3\\14.03 Dreyers Support Action (Ongoing _ Completed ref) - PART 3\\20220623_184230\\1656014937265.png, D:\\Projet Test Auto\\Mediabox Test Automation\\Reports\\20220623_184212\\03. Parallel Testing (Testing)\\TS -PT PART 3\\14.03 Dreyers Support Action (Ongoing _ Completed ref) - PART 3\\20220623_184230\\1656014961784.png, D:\\Projet Test Auto\\Mediabox Test Automation\\Reports\\20220623_184212\\03. Parallel Testing (Testing)\\TS -PT PART 3\\14.03 Dreyers Support Action (Ongoing _ Completed ref) - PART 3\\20220623_184230\\1656014978574.png, D:\\Projet Test Auto\\Mediabox Test Automation\\Reports\\20220623_184212\\03. Parallel Testing (Testing)\\TS -PT PART 3\\14.03 Dreyers Support Action (Ongoing _ Completed ref) - PART 3\\20220623_184230\\1656014994298.png, D:\\Projet Test Auto\\Mediabox Test Automation\\Reports\\20220623_184212\\03. Parallel Testing (Testing)\\TS -PT PART 3\\14.03 Dreyers Support Action (Ongoing _ Completed ref) - PART 3\\20220623_184230\\1656015001774.png, D:\\Projet Test Auto\\Mediabox Test Automation\\Reports\\20220623_184212\\03. Parallel Testing (Testing)\\TS -PT PART 3\\14.03 Dreyers Support Action (Ongoing _ Completed ref) - PART 3\\20220623_184230\\1656015046171.png, D:\\Projet Test Auto\\Mediabox Test Automation\\Reports\\20220623_184212\\03. Parallel Testing (Testing)\\TS -PT PART 3\\14.03 Dreyers Support Action (Ongoing _ Completed ref) - PART 3\\20220623_184230\\1656015073634.png, D:\\Projet Test Auto\\Mediabox Test Automation\\Reports\\20220623_184212\\03. Parallel Testing (Testing)\\TS -PT PART 3\\14.03 Dreyers Support Action (Ongoing _ Completed ref) - PART 3\\20220623_184230\\1656015134845.png, D:\\Projet Test Auto\\Mediabox Test Automation\\Reports\\20220623_184212\\03. Parallel Testing (Testing)\\TS -PT PART 3\\14.03 Dreyers Support Action (Ongoing _ Completed ref) - PART 3\\20220623_184230\\1656015162258.png, D:\\Projet Test Auto\\Mediabox Test Automation\\Reports\\20220623_184212\\03. Parallel Testing (Testing)\\TS -PT PART 3\\14.03 Dreyers Support Action (Ongoing _ Completed ref) - PART 3\\20220623_184230\\1656015233215.png, D:\\Projet Test Auto\\Mediabox Test Automation\\Reports\\20220623_184212\\03. Parallel Testing (Testing)\\TS -PT PART 3\\14.03 Dreyers Support Action (Ongoing _ Completed ref) - PART 3\\20220623_184230\\1656015286476.png, D:\\Projet Test Auto\\Mediabox Test Automation\\Reports\\20220623_184212\\03. Parallel Testing (Testing)\\TS -PT PART 3\\14.03 Dreyers Support Action (Ongoing _ Completed ref) - PART 3\\20220623_184230\\1656015363670.png, D:\\Projet Test Auto\\Mediabox Test Automation\\Reports\\20220623_184212\\03. Parallel Testing (Testing)\\TS -PT PART 3\\14.03 Dreyers Support Action (Ongoing _ Completed ref) - PART 3\\20220623_184230\\1656015386036.png, D:\\Projet Test Auto\\Mediabox Test Automation\\Reports\\20220623_184212\\03. Parallel Testing (Testing)\\TS -PT PART 3\\14.03 Dreyers Support Action (Ongoing _ Completed ref) - PART 3\\20220623_184230\\1656015388370.png, D:\\Projet Test Auto\\Mediabox Test Automation\\Reports\\20220623_184212\\03. Parallel Testing (Testing)\\TS -PT PART 3\\14.03 Dreyers Support Action (Ongoing _ Completed ref) - PART 3\\20220623_184230\\1656015390617.png, D:\\Projet Test Auto\\Mediabox Test Automation\\Reports\\20220623_184212\\03. Parallel Testing (Testing)\\TS -PT PART 3\\14.03 Dreyers Support Action (Ongoing _ Completed ref) - PART 3\\20220623_184230\\1656015395874.png, D:\\Projet Test Auto\\Mediabox Test Automation\\Reports\\20220623_184212\\03. Parallel Testing (Testing)\\TS -PT PART 3\\14.03 Dreyers Support Action (Ongoing _ Completed ref) - PART 3\\20220623_184230\\1656015400159.png, D:\\Projet Test Auto\\Mediabox Test Automation\\Reports\\20220623_184212\\03. Parallel Testing (Testing)\\TS -PT PART 3\\14.03 Dreyers Support Action (Ongoing _ Completed ref) - PART 3\\20220623_184230\\1656015463240.png, D:\\Projet Test Auto\\Mediabox Test Automation\\Reports\\20220623_184212\\03. Parallel Testing (Testing)\\TS -PT PART 3\\14.03 Dreyers Support Action (Ongoing _ Completed ref) - PART 3\\20220623_184230\\1656015529424.png, D:\\Projet Test Auto\\Mediabox Test Automation\\Reports\\20220623_184212\\03. Parallel Testing (Testing)\\TS -PT PART 3\\14.03 Dreyers Support Action (Ongoing _ Completed ref) - PART 3\\20220623_184230\\1656015545073.png, D:\\Projet Test Auto\\Mediabox Test Automation\\Reports\\20220623_184212\\03. Parallel Testing (Testing)\\TS -PT PART 3\\14.03 Dreyers Support Action (Ongoing _ Completed ref) - PART 3\\20220623_184230\\1656015573009.png, D:\\Projet Test Auto\\Mediabox Test Automation\\Reports\\20220623_184212\\03. Parallel Testing (Testing)\\TS -PT PART 3\\14.03 Dreyers Support Action (Ongoing _ Completed ref) - PART 3\\20220623_184230\\1656015643682.png, D:\\Projet Test Auto\\Mediabox Test Automation\\Reports\\20220623_184212\\03. Parallel Testing (Testing)\\TS -PT PART 3\\14.03 Dreyers Support Action (Ongoing _ Completed ref) - PART 3\\20220623_184230\\1656015686529.png, D:\\Projet Test Auto\\Mediabox Test Automation\\Reports\\20220623_184212\\03. Parallel Testing (Testing)\\TS -PT PART 3\\14.03 Dreyers Support Action (Ongoing _ Completed ref) - PART 3\\20220623_184230\\1656015775682.png, D:\\Projet Test Auto\\Mediabox Test Automation\\Reports\\20220623_184212\\03. Parallel Testing (Testing)\\TS -PT PART 3\\14.03 Dreyers Support Action (Ongoing _ Completed ref) - PART 3\\20220623_184230\\1656015786935.png, D:\\Projet Test Auto\\Mediabox Test Automation\\Reports\\20220623_184212\\03. Parallel Testing (Testing)\\TS -PT PART 3\\14.03 Dreyers Support Action (Ongoing _ Completed ref) - PART 3\\20220623_184230\\1656015792138.png, D:\\Projet Test Auto\\Mediabox Test Automation\\Reports\\20220623_184212\\03. Parallel Testing (Testing)\\TS -PT PART 3\\14.03 Dreyers Support Action (Ongoing _ Completed ref) - PART 3\\20220623_184230\\1656015805801.png, D:\\Projet Test Auto\\Mediabox Test Automation\\Reports\\20220623_184212\\03. Parallel Testing (Testing)\\TS -PT PART 3\\14.03 Dreyers Support Action (Ongoing _ Completed ref) - PART 3\\20220623_184230\\1656015829465.png, D:\\Projet Test Auto\\Mediabox Test Automation\\Reports\\20220623_184212\\03. Parallel Testing (Testing)\\TS -PT PART 3\\14.03 Dreyers Support Action (Ongoing _ Completed ref) - PART 3\\20220623_184230\\1656015838814.png, D:\\Projet Test Auto\\Mediabox Test Automation\\Reports\\20220623_184212\\03. Parallel Testing (Testing)\\TS -PT PART 3\\14.03 Dreyers Support Action (Ongoing _ Completed ref) - PART 3\\20220623_184230\\1656015866525.png, D:\\Projet Test Auto\\Mediabox Test Automation\\Reports\\20220623_184212\\03. Parallel Testing (Testing)\\TS -PT PART 3\\14.03 Dreyers Support Action (Ongoing _ Completed ref) - PART 3\\20220623_184230\\1656015885139.png, D:\\Projet Test Auto\\Mediabox Test Automation\\Reports\\20220623_184212\\03. Parallel Testing (Testing)\\TS -PT PART 3\\14.03 Dreyers Support Action (Ongoing _ Completed ref) - PART 3\\20220623_184230\\1656015890121.png, D:\\Projet Test Auto\\Mediabox Test Automation\\Reports\\20220623_184212\\03. Parallel Testing (Testing)\\TS -PT PART 3\\14.03 Dreyers Support Action (Ongoing _ Completed ref) - PART 3\\20220623_184230\\1656015931492.png, D:\\Projet Test Auto\\Mediabox Test Automation\\Reports\\20220623_184212\\03. Parallel Testing (Testing)\\TS -PT PART 3\\14.03 Dreyers Support Action (Ongoing _ Completed ref) - PART 3\\20220623_184230\\1656015943238.png, D:\\Projet Test Auto\\Mediabox Test Automation\\Reports\\20220623_184212\\03. Parallel Testing (Testing)\\TS -PT PART 3\\14.03 Dreyers Support Action (Ongoing _ Completed ref) - PART 3\\20220623_184230\\1656015957947.png, D:\\Projet Test Auto\\Mediabox Test Automation\\Reports\\20220623_184212\\03. Parallel Testing (Testing)\\TS -PT PART 3\\14.03 Dreyers Support Action (Ongoing _ Completed ref) - PART 3\\20220623_184230\\1656015959937.png, D:\\Projet Test Auto\\Mediabox Test Automation\\Reports\\20220623_184212\\03. Parallel Testing (Testing)\\TS -PT PART 3\\14.03 Dreyers Support Action (Ongoing _ Completed ref) - PART 3\\20220623_184230\\1656015964294.png, D:\\Projet Test Auto\\Mediabox Test Automation\\Reports\\20220623_184212\\03. Parallel Testing (Testing)\\TS -PT PART 3\\14.03 Dreyers Support Action (Ongoing _ Completed ref) - PART 3\\20220623_184230\\1656015969459.png, D:\\Projet Test Auto\\Mediabox Test Automation\\Reports\\20220623_184212\\03. Parallel Testing (Testing)\\TS -PT PART 3\\14.03 Dreyers Support Action (Ongoing _ Completed ref) - PART 3\\20220623_184230\\1656015973311.png, D:\\Projet Test Auto\\Mediabox Test Automation\\Reports\\20220623_184212\\03. Parallel Testing (Testing)\\TS -PT PART 3\\14.03 Dreyers Support Action (Ongoing _ Completed ref) - PART 3\\20220623_184230\\1656015974756.png, D:\\Projet Test Auto\\Mediabox Test Automation\\Reports\\20220623_184212\\03. Parallel Testing (Testing)\\TS -PT PART 3\\14.03 Dreyers Support Action (Ongoing _ Completed ref) - PART 3\\20220623_184230\\1656016038390.png, D:\\Projet Test Auto\\Mediabox Test Automation\\Reports\\20220623_184212\\03. Parallel Testing (Testing)\\TS -PT PART 3\\14.03 Dreyers Support Action (Ongoing _ Completed ref) - PART 3\\20220623_184230\\1656016103651.png, D:\\Projet Test Auto\\Mediabox Test Automation\\Reports\\20220623_184212\\03. Parallel Testing (Testing)\\TS -PT PART 3\\14.03 Dreyers Support Action (Ongoing _ Completed ref) - PART 3\\20220623_184230\\1656016118647.png, D:\\Projet Test Auto\\Mediabox Test Automation\\Reports\\20220623_184212\\03. Parallel Testing (Testing)\\TS -PT PART 3\\14.03 Dreyers Support Action (Ongoing _ Completed ref) - PART 3\\20220623_184230\\1656016145648.png, D:\\Projet Test Auto\\Mediabox Test Automation\\Reports\\20220623_184212\\03. Parallel Testing (Testing)\\TS -PT PART 3\\14.03 Dreyers Support Action (Ongoing _ Completed ref) - PART 3\\20220623_184230\\1656016221350.png, D:\\Projet Test Auto\\Mediabox Test Automation\\Reports\\20220623_184212\\03. Parallel Testing (Testing)\\TS -PT PART 3\\14.03 Dreyers Support Action (Ongoing _ Completed ref) - PART 3\\20220623_184230\\1656016327213.png, D:\\Projet Test Auto\\Mediabox Test Automation\\Reports\\20220623_184212\\03. Parallel Testing (Testing)\\TS -PT PART 3\\14.03 Dreyers Support Action (Ongoing _ Completed ref) - PART 3\\20220623_184230\\1656016396264.png, D:\\Projet Test Auto\\Mediabox Test Automation\\Reports\\20220623_184212\\03. Parallel Testing (Testing)\\TS -PT PART 3\\14.03 Dreyers Support Action (Ongoing _ Completed ref) - PART 3\\20220623_184230\\1656016411385.png, D:\\Projet Test Auto\\Mediabox Test Automation\\Reports\\20220623_184212\\03. Parallel Testing (Testing)\\TS -PT PART 3\\14.03 Dreyers Support Action (Ongoing _ Completed ref) - PART 3\\20220623_184230\\1656016495369.png, D:\\Projet Test Auto\\Mediabox Test Automation\\Reports\\20220623_184212\\03. Parallel Testing (Testing)\\TS -PT PART 3\\14.03 Dreyers Support Action (Ongoing _ Completed ref) - PART 3\\20220623_184230\\1656016508139.png, D:\\Projet Test Auto\\Mediabox Test Automation\\Reports\\20220623_184212\\03. Parallel Testing (Testing)\\TS -PT PART 3\\14.03 Dreyers Support Action (Ongoing _ Completed ref) - PART 3\\20220623_184230\\1656016514309.png, D:\\Projet Test Auto\\Mediabox Test Automation\\Reports\\20220623_184212\\03. Parallel Testing (Testing)\\TS -PT PART 3\\14.03 Dreyers Support Action (Ongoing _ Completed ref) - PART 3\\20220623_184230\\1656016527880.png, D:\\Projet Test Auto\\Mediabox Test Automation\\Reports\\20220623_184212\\03. Parallel Testing (Testing)\\TS -PT PART 3\\14.03 Dreyers Support Action (Ongoing _ Completed ref) - PART 3\\20220623_184230\\1656016552563.png, D:\\Projet Test Auto\\Mediabox Test Automation\\Reports\\20220623_184212\\03. Parallel Testing (Testing)\\TS -PT PART 3\\14.03 Dreyers Support Action (Ongoing _ Completed ref) - PART 3\\20220623_184230\\1656016564848.png, D:\\Projet Test Auto\\Mediabox Test Automation\\Reports\\20220623_184212\\03. Parallel Testing (Testing)\\TS -PT PART 3\\14.03 Dreyers Support Action (Ongoing _ Completed ref) - PART 3\\20220623_184230\\1656016592453.png, D:\\Projet Test Auto\\Mediabox Test Automation\\Reports\\20220623_184212\\03. Parallel Testing (Testing)\\TS -PT PART 3\\14.03 Dreyers Support Action (Ongoing _ Completed ref) - PART 3\\20220623_184230\\1656016612416.png, D:\\Projet Test Auto\\Mediabox Test Automation\\Reports\\20220623_184212\\03. Parallel Testing (Testing)\\TS -PT PART 3\\14.03 Dreyers Support Action (Ongoing _ Completed ref) - PART 3\\20220623_184230\\1656016618599.png, D:\\Projet Test Auto\\Mediabox Test Automation\\Reports\\20220623_184212\\03. Parallel Testing (Testing)\\TS -PT PART 3\\14.03 Dreyers Support Action (Ongoing _ Completed ref) - PART 3\\20220623_184230\\1656016651806.png, D:\\Projet Test Auto\\Mediabox Test Automation\\Reports\\20220623_184212\\03. Parallel Testing (Testing)\\TS -PT PART 3\\14.03 Dreyers Support Action (Ongoing _ Completed ref) - PART 3\\20220623_184230\\1656016665099.png, D:\\Projet Test Auto\\Mediabox Test Automation\\Reports\\20220623_184212\\03. Parallel Testing (Testing)\\TS -PT PART 3\\14.03 Dreyers Support Action (Ongoing _ Completed ref) - PART 3\\20220623_184230\\1656016676374.png, D:\\Projet Test Auto\\Mediabox Test Automation\\Reports\\20220623_184212\\03. Parallel Testing (Testing)\\TS -PT PART 3\\14.03 Dreyers Support Action (Ongoing _ Completed ref) - PART 3\\20220623_184230\\1656016679919.png, D:\\Projet Test Auto\\Mediabox Test Automation\\Reports\\20220623_184212\\03. Parallel Testing (Testing)\\TS -PT PART 3\\14.03 Dreyers Support Action (Ongoing _ Completed ref) - PART 3\\20220623_184230\\1656016685069.png, D:\\Projet Test Auto\\Mediabox Test Automation\\Reports\\20220623_184212\\03. Parallel Testing (Testing)\\TS -PT PART 3\\14.03 Dreyers Support Action (Ongoing _ Completed ref) - PART 3\\20220623_184230\\1656016690234.png, D:\\Projet Test Auto\\Mediabox Test Automation\\Reports\\20220623_184212\\03. Parallel Testing (Testing)\\TS -PT PART 3\\14.03 Dreyers Support Action (Ongoing _ Completed ref) - PART 3\\20220623_184230\\1656016691165.png, D:\\Projet Test Auto\\Mediabox Test Automation\\Reports\\20220623_184212\\03. Parallel Testing (Testing)\\TS -PT PART 3\\14.03 Dreyers Support Action (Ongoing _ Completed ref) - PART 3\\20220623_184230\\1656016749016.png, D:\\Projet Test Auto\\Mediabox Test Automation\\Reports\\20220623_184212\\03. Parallel Testing (Testing)\\TS -PT PART 3\\14.03 Dreyers Support Action (Ongoing _ Completed ref) - PART 3\\20220623_184230\\1656016817177.png, D:\\Projet Test Auto\\Mediabox Test Automation\\Reports\\20220623_184212\\03. Parallel Testing (Testing)\\TS -PT PART 3\\14.03 Dreyers Support Action (Ongoing _ Completed ref) - PART 3\\20220623_184230\\1656016835971.png, D:\\Projet Test Auto\\Mediabox Test Automation\\Reports\\20220623_184212\\03. Parallel Testing (Testing)\\TS -PT PART 3\\14.03 Dreyers Support Action (Ongoing _ Completed ref) - PART 3\\20220623_184230\\1656016864985.png, D:\\Projet Test Auto\\Mediabox Test Automation\\Reports\\20220623_184212\\03. Parallel Testing (Testing)\\TS -PT PART 3\\14.03 Dreyers Support Action (Ongoing _ Completed ref) - PART 3\\20220623_184230\\1656016912148.png, D:\\Projet Test Auto\\Mediabox Test Automation\\Reports\\20220623_184212\\03. Parallel Testing (Testing)\\TS -PT PART 3\\14.03 Dreyers Support Action (Ongoing _ Completed ref) - PART 3\\20220623_184230\\1656016932493.png, D:\\Projet Test Auto\\Mediabox Test Automation\\Reports\\20220623_184212\\03. Parallel Testing (Testing)\\TS -PT PART 3\\14.03 Dreyers Support Action (Ongoing _ Completed ref) - PART 3\\20220623_184230\\1656017037005.png, D:\\Projet Test Auto\\Mediabox Test Automation\\Reports\\20220623_184212\\03. Parallel Testing (Testing)\\TS -PT PART 3\\14.03 Dreyers Support Action (Ongoing _ Completed ref) - PART 3\\20220623_184230\\1656017050755.png, D:\\Projet Test Auto\\Mediabox Test Automation\\Reports\\20220623_184212\\03. Parallel Testing (Testing)\\TS -PT PART 3\\14.03 Dreyers Support Action (Ongoing _ Completed ref) - PART 3\\20220623_184230\\1656017119018.png, D:\\Projet Test Auto\\Mediabox Test Automation\\Reports\\20220623_184212\\03. Parallel Testing (Testing)\\TS -PT PART 3\\14.03 Dreyers Support Action (Ongoing _ Completed ref) - PART 3\\20220623_184230\\1656017132497.png, D:\\Projet Test Auto\\Mediabox Test Automation\\Reports\\20220623_184212\\03. Parallel Testing (Testing)\\TS -PT PART 3\\14.03 Dreyers Support Action (Ongoing _ Completed ref) - PART 3\\20220623_184230\\1656017139558.png, D:\\Projet Test Auto\\Mediabox Test Automation\\Reports\\20220623_184212\\03. Parallel Testing (Testing)\\TS -PT PART 3\\14.03 Dreyers Support Action (Ongoing _ Completed ref) - PART 3\\20220623_184230\\1656017151026.png, D:\\Projet Test Auto\\Mediabox Test Automation\\Reports\\20220623_184212\\03. Parallel Testing (Testing)\\TS -PT PART 3\\14.03 Dreyers Support Action (Ongoing _ Completed ref) - PART 3\\20220623_184230\\1656017170184.png, D:\\Projet Test Auto\\Mediabox Test Automation\\Reports\\20220623_184212\\03. Parallel Testing (Testing)\\TS -PT PART 3\\14.03 Dreyers Support Action (Ongoing _ Completed ref) - PART 3\\20220623_184230\\1656017172781.png, D:\\Projet Test Auto\\Mediabox Test Automation\\Reports\\20220623_184212\\03. Parallel Testing (Testing)\\TS -PT PART 3\\14.03 Dreyers Support Action (Ongoing _ Completed ref) - PART 3\\20220623_184230\\1656017184571.png, D:\\Projet Test Auto\\Mediabox Test Automation\\Reports\\20220623_184212\\03. Parallel Testing (Testing)\\TS -PT PART 3\\14.03 Dreyers Support Action (Ongoing _ Completed ref) - PART 3\\20220623_184230\\1656017221307.png, D:\\Projet Test Auto\\Mediabox Test Automation\\Reports\\20220623_184212\\03. Parallel Testing (Testing)\\TS -PT PART 3\\14.03 Dreyers Support Action (Ongoing _ Completed ref) - PART 3\\20220623_184230\\1656017286032.png, D:\\Projet Test Auto\\Mediabox Test Automation\\Reports\\20220623_184212\\03. Parallel Testing (Testing)\\TS -PT PART 3\\14.03 Dreyers Support Action (Ongoing _ Completed ref) - PART 3\\20220623_184230\\1656017383679.png, D:\\Projet Test Auto\\Mediabox Test Automation\\Reports\\20220623_184212\\03. Parallel Testing (Testing)\\TS -PT PART 3\\14.03 Dreyers Support Action (Ongoing _ Completed ref) - PART 3\\20220623_184230\\1656017402920.png, D:\\Projet Test Auto\\Mediabox Test Automation\\Reports\\20220623_184212\\03. Parallel Testing (Testing)\\TS -PT PART 3\\14.03 Dreyers Support Action (Ongoing _ Completed ref) - PART 3\\20220623_184230\\1656017407164.png, D:\\Projet Test Auto\\Mediabox Test Automation\\Reports\\20220623_184212\\03. Parallel Testing (Testing)\\TS -PT PART 3\\14.03 Dreyers Support Action (Ongoing _ Completed ref) - PART 3\\20220623_184230\\1656017442350.png, D:\\Projet Test Auto\\Mediabox Test Automation\\Reports\\20220623_184212\\03. Parallel Testing (Testing)\\TS -PT PART 3\\14.03 Dreyers Support Action (Ongoing _ Completed ref) - PART 3\\20220623_184230\\1656017456933.png, D:\\Projet Test Auto\\Mediabox Test Automation\\Reports\\20220623_184212\\03. Parallel Testing (Testing)\\TS -PT PART 3\\14.03 Dreyers Support Action (Ongoing _ Completed ref) - PART 3\\20220623_184230\\1656017466924.png, D:\\Projet Test Auto\\Mediabox Test Automation\\Reports\\20220623_184212\\03. Parallel Testing (Testing)\\TS -PT PART 3\\14.03 Dreyers Support Action (Ongoing _ Completed ref) - PART 3\\20220623_184230\\1656017530609.png, D:\\Projet Test Auto\\Mediabox Test Automation\\Reports\\20220623_184212\\03. Parallel Testing (Testing)\\TS -PT PART 3\\14.03 Dreyers Support Action (Ongoing _ Completed ref) - PART 3\\20220623_184230\\1656017557799.png, D:\\Projet Test Auto\\Mediabox Test Automation\\Reports\\20220623_184212\\03. Parallel Testing (Testing)\\TS -PT PART 3\\14.03 Dreyers Support Action (Ongoing _ Completed ref) - PART 3\\20220623_184230\\1656017621109.png, D:\\Projet Test Auto\\Mediabox Test Automation\\Reports\\20220623_184212\\03. Parallel Testing (Testing)\\TS -PT PART 3\\14.03 Dreyers Support Action (Ongoing _ Completed ref) - PART 3\\20220623_184230\\1656017747956.png, D:\\Projet Test Auto\\Mediabox Test Automation\\Reports\\20220623_184212\\03. Parallel Testing (Testing)\\TS -PT PART 3\\14.03 Dreyers Support Action (Ongoing _ Completed ref) - PART 3\\20220623_184230\\1656017760207.png, D:\\Projet Test Auto\\Mediabox Test Automation\\Reports\\20220623_184212\\03. Parallel Testing (Testing)\\TS -PT PART 3\\14.03 Dreyers Support Action (Ongoing _ Completed ref) - PART 3\\20220623_184230\\1656017765012.png, D:\\Projet Test Auto\\Mediabox Test Automation\\Reports\\20220623_184212\\03. Parallel Testing (Testing)\\TS -PT PART 3\\14.03 Dreyers Support Action (Ongoing _ Completed ref) - PART 3\\20220623_184230\\1656017777031.png, D:\\Projet Test Auto\\Mediabox Test Automation\\Reports\\20220623_184212\\03. Parallel Testing (Testing)\\TS -PT PART 3\\14.03 Dreyers Support Action (Ongoing _ Completed ref) - PART 3\\20220623_184230\\1656017802568.png, D:\\Projet Test Auto\\Mediabox Test Automation\\Reports\\20220623_184212\\03. Parallel Testing (Testing)\\TS -PT PART 3\\14.03 Dreyers Support Action (Ongoing _ Completed ref) - PART 3\\20220623_184230\\1656017813379.png, D:\\Projet Test Auto\\Mediabox Test Automation\\Reports\\20220623_184212\\03. Parallel Testing (Testing)\\TS -PT PART 3\\14.03 Dreyers Support Action (Ongoing _ Completed ref) - PART 3\\20220623_184230\\1656017821852.png, D:\\Projet Test Auto\\Mediabox Test Automation\\Reports\\20220623_184212\\03. Parallel Testing (Testing)\\TS -PT PART 3\\14.03 Dreyers Support Action (Ongoing _ Completed ref) - PART 3\\20220623_184230\\1656017898825.png, D:\\Projet Test Auto\\Mediabox Test Automation\\Reports\\20220623_184212\\03. Parallel Testing (Testing)\\TS -PT PART 3\\14.03 Dreyers Support Action (Ongoing _ Completed ref) - PART 3\\20220623_184230\\1656017970614.png"/>
         <property name="hostName" value="lamhe - DPF-MBI-VERIF.ad.sgsco.int"/>
         <property name="os" value="Windows 10 64bit"/>
         <property name="katalonVersion" value="8.3.0.208"/>
         <property name="browser" value="Chrome 102.0.5005.115"/>
         <property name="hostAddress" value="10.15.10.53"/>
         <property name="sessionId" value="09dbed9b82f68f256266299cb56625a7"/>
         <property name="seleniumVersion" value="3.141.59"/>
         <property name="proxyInformation" value="ProxyInformation { proxyOption=NO_PROXY, proxyServerType=HTTP, username=, password=********, proxyServerAddress=, proxyServerPort=0, executionList=&quot;&quot;, isApplyToDesiredCapabilities=true }"/>
         <property name="platform" value="Windows 10"/>
      </properties>
      <testcase name="Test Cases/19. Dreyers Support Action (Ongoing ref_completed)/19.10 Dreyers SAS Add Step Group (Ongoing ref) S15- P10 (will be used in P16)" time="1093.815" classname="Test Cases/19. Dreyers Support Action (Ongoing ref_completed)/19.10 Dreyers SAS Add Step Group (Ongoing ref) S15- P10 (will be used in P16)" status="PASSED">
         <system-out><![CDATA[2022-06-23 21:56:44 - [TEST_CASE][PASSED] - Test Cases/19. Dreyers Support Action (Ongoing ref_completed)/19.10 Dreyers SAS Add Step Group (Ongoing ref) S15- P10 (will be used in P16): Test Cases/19. Dreyers Support Action (Ongoing ref_completed)/19.10 Dreyers SAS Add Step Group (Ongoing ref) S15- P10 (will be used in P16)

2022-06-23 21:56:45 - [TEST_STEP][PASSED] - data_Dreyers = findTestData("Data Files/Username_Password/Dreyer"): null

2022-06-23 21:56:45 - [TEST_STEP][PASSED] - password_suser = data_Dreyers.getValue(2, 1): null

2022-06-23 21:56:45 - [TEST_STEP][PASSED] - password_blemco = data_Dreyers.getValue(2, 2): null

2022-06-23 21:56:45 - [TEST_STEP][PASSED] - password_nturner = data_Dreyers.getValue(2, 6): null

2022-06-23 21:56:45 - [TEST_STEP][PASSED] - password_talexeeva = data_Dreyers.getValue(2, 7): null

2022-06-23 21:56:45 - [TEST_STEP][PASSED] - password_jryan = data_Dreyers.getValue(2, 12): null

2022-06-23 21:56:45 - [TEST_STEP][PASSED] - password_lmary = data_Dreyers.getValue(2, 13): null

2022-06-23 21:56:45 - [TEST_STEP][PASSED] - data_urlRELAUTO = findTestData("Data Files/URL/URL_relauto"): null

2022-06-23 21:56:45 - [TEST_STEP][PASSED] - Url_Dreyer = data_urlRELAUTO.getValue(2, 4): null

2022-06-23 21:56:45 - [TEST_STEP][PASSED] - Project_No = I.readnotepad("D:\Upoad_File\Projet_ Login\Dreyers\19.1\19.1_Dreyers_ProjectNo.txt"): null

2022-06-23 21:56:45 - [TEST_STEP][PASSED] - refID = I.readnotepad("D:\Upoad_File\Projet_ Login\Dreyers\19.1\19.1_Dreyers_refID.txt"): null

2022-06-23 21:56:45 - [TEST_STEP][PASSED] - I.clearnotepad("D:\Upoad_File\Projet_ Login\Dreyers\19.1\19.10_Dreyers_refID10.txt"): null

2022-06-23 21:56:46 - [TEST_STEP][PASSED] - openBrowser(Url_Dreyer): Browser is opened with url: 'http://mdb-release.diadeis.lan/MediaboxIndependence/?MBI_datasource=RELTESTAUTO_DREYERS'

2022-06-23 21:56:46 - [MESSAGE][INFO] - Starting 'Chrome (headless)' driver

2022-06-23 21:56:46 - [MESSAGE][INFO] - User set preference: ['args', '[--window-size=1920,1080, --headless]']

2022-06-23 21:56:46 - [MESSAGE][INFO] - Action delay is set to 0 milliseconds

2022-06-23 21:57:11 - [MESSAGE][PASSED] - Browser is opened with url: 'http://mdb-release.diadeis.lan/MediaboxIndependence/?MBI_datasource=RELTESTAUTO_DREYERS'

2022-06-23 21:57:11 - [TEST_STEP][PASSED] - maximizeWindow(): Current window maximized

2022-06-23 21:57:12 - [MESSAGE][PASSED] - Current window maximized

2022-06-23 21:57:12 - [TEST_STEP][PASSED] - I.Login_password("suser", password_suser): Object: 'Object Repository/1. Constant/xpath' is clicked on

2022-06-23 21:57:13 - [MESSAGE][PASSED] - Text 'suser' is set on object 'Object Repository/1. Constant/xpath'

2022-06-23 21:57:14 - [MESSAGE][PASSED] - Delayed 1 second(s)

2022-06-23 21:57:18 - [MESSAGE][PASSED] - Text 'diadeis' is set on object 'Object Repository/1. Constant/xpath'

2022-06-23 21:57:19 - [MESSAGE][PASSED] - Delayed 1 second(s)

2022-06-23 21:57:34 - [MESSAGE][PASSED] - Object: 'Object Repository/1. Constant/xpath' is clicked on

2022-06-23 21:57:34 - [TEST_STEP][PASSED] - click(findTestObject("1. Constant/02_LHSMenu_Projects")): Object: 'Object Repository/1. Constant/02_LHSMenu_Projects' is clicked on

2022-06-23 21:57:41 - [MESSAGE][PASSED] - Object: 'Object Repository/1. Constant/02_LHSMenu_Projects' is clicked on

2022-06-23 21:57:41 - [TEST_STEP][PASSED] - I.SearchProjectNo_xpath(Project_No, "//*[@id="keynum_project"]", "//*[@id="form_filters"]/div[4]/button"): Delayed 5 second(s)

2022-06-23 21:57:42 - [MESSAGE][PASSED] - Delayed 1 second(s)

2022-06-23 21:57:45 - [MESSAGE][PASSED] - Text 'MI000883' is set on object 'Object Repository/1. Constant/xpath'

2022-06-23 21:57:48 - [MESSAGE][PASSED] - Delayed 3 second(s)

2022-06-23 21:57:49 - [MESSAGE][PASSED] - Scroll to object 'Object Repository/1. Constant/xpath' successfully

2022-06-23 21:57:53 - [MESSAGE][PASSED] - Object: 'Object Repository/1. Constant/xpath' is clicked on

2022-06-23 21:57:58 - [MESSAGE][PASSED] - Delayed 5 second(s)

2022-06-23 21:57:58 - [TEST_STEP][PASSED] - takeScreenshot(): Taking screenshot successfully

2022-06-23 21:58:00 - [MESSAGE][PASSED] - Taking screenshot successfully
[[ATTACHMENT|D:\\Projet Test Auto\\Mediabox Test Automation\\Reports\\20220623_184212\\03. Parallel Testing (Testing)\\TS -PT PART 3\\14.03 Dreyers Support Action (Ongoing _ Completed ref) - PART 3\\20220623_184230\\1656014279917.png]]

2022-06-23 21:58:00 - [TEST_STEP][PASSED] - click(findTestObject("1. Constant/xpath", ["xpath":"//*[@id="create_ref_btn"]/button"])): Object: 'Object Repository/1. Constant/xpath' is clicked on

2022-06-23 21:58:02 - [MESSAGE][PASSED] - Object: 'Object Repository/1. Constant/xpath' is clicked on

2022-06-23 21:58:02 - [TEST_STEP][PASSED] - delay(1): Delayed 1 second(s)

2022-06-23 21:58:03 - [MESSAGE][PASSED] - Delayed 1 second(s)

2022-06-23 21:58:03 - [TEST_STEP][PASSED] - click(findTestObject("1. Constant/xpath", ["xpath":"//*[@id="create_ref_btn"]/div/a"])): Object: 'Object Repository/1. Constant/xpath' is clicked on

2022-06-23 21:58:08 - [MESSAGE][PASSED] - Object: 'Object Repository/1. Constant/xpath' is clicked on

2022-06-23 21:58:08 - [TEST_STEP][PASSED] - delay(1): Delayed 1 second(s)

2022-06-23 21:58:09 - [MESSAGE][PASSED] - Delayed 1 second(s)

2022-06-23 21:58:09 - [TEST_STEP][PASSED] - selectOptionByValue(findTestObject("1. Constant/xpath", ["xpath":"//*[@id="lfc_tpl"]"]), "36", false): All options with value '36' are selected in object 'Object Repository/1. Constant/xpath' 

2022-06-23 21:58:11 - [MESSAGE][PASSED] - All options with value '36' are selected in object 'Object Repository/1. Constant/xpath' 

2022-06-23 21:58:11 - [TEST_STEP][PASSED] - ref_name = "P10_Auto_SAS_S15_" + RandomStringUtils.randomAlphanumeric(5) + I.gettimedate(): null

2022-06-23 21:58:11 - [TEST_STEP][PASSED] - delay(1): Delayed 1 second(s)

2022-06-23 21:58:12 - [MESSAGE][PASSED] - Delayed 1 second(s)

2022-06-23 21:58:12 - [TEST_STEP][PASSED] - setText(findTestObject("1. Constant/xpath", ["xpath":"//*[@id="var_name"]"]), ref_name): Text 'P10_Auto_SAS_S15_H7INWjuin232022_215811' is set on object 'Object Repository/1. Constant/xpath'

2022-06-23 21:58:14 - [MESSAGE][PASSED] - Text 'P10_Auto_SAS_S15_H7INWjuin232022_215811' is set on object 'Object Repository/1. Constant/xpath'

2022-06-23 21:58:14 - [TEST_STEP][PASSED] - takeScreenshot(): Taking screenshot successfully

2022-06-23 21:58:15 - [MESSAGE][PASSED] - Taking screenshot successfully
[[ATTACHMENT|D:\\Projet Test Auto\\Mediabox Test Automation\\Reports\\20220623_184212\\03. Parallel Testing (Testing)\\TS -PT PART 3\\14.03 Dreyers Support Action (Ongoing _ Completed ref) - PART 3\\20220623_184230\\1656014294741.png]]

2022-06-23 21:58:15 - [TEST_STEP][PASSED] - click(findTestObject("1. Constant/xpath", ["xpath":"//*[@id="createRefBottom"]"])): Object: 'Object Repository/1. Constant/xpath' is clicked on

2022-06-23 21:58:18 - [MESSAGE][PASSED] - Object: 'Object Repository/1. Constant/xpath' is clicked on

2022-06-23 21:58:18 - [TEST_STEP][PASSED] - delay(1): Delayed 1 second(s)

2022-06-23 21:58:19 - [MESSAGE][PASSED] - Delayed 1 second(s)

2022-06-23 21:58:19 - [TEST_STEP][PASSED] - takeScreenshot(): Taking screenshot successfully

2022-06-23 21:58:20 - [MESSAGE][PASSED] - Taking screenshot successfully
[[ATTACHMENT|D:\\Projet Test Auto\\Mediabox Test Automation\\Reports\\20220623_184212\\03. Parallel Testing (Testing)\\TS -PT PART 3\\14.03 Dreyers Support Action (Ongoing _ Completed ref) - PART 3\\20220623_184230\\1656014299816.png]]

2022-06-23 21:58:20 - [TEST_STEP][PASSED] - refID10 = I.RefID(): Current window's url is: 'http://mdb-release.diadeis.lan/MediaboxIndependence/Base/ExecAction?IDSession=MBI%21RELTESTAUTO_DREYERS%210P0GOKUJFAJA0KLW46UMV0H1FSBQ9MCC9X6PK4B4&default_action=ModifierRef&id_project=MI000883&id_ref=5324&action_from=create_ref'

2022-06-23 21:58:25 - [MESSAGE][PASSED] - Delayed 5 second(s)

2022-06-23 21:58:25 - [MESSAGE][PASSED] - Current window's url is: 'http://mdb-release.diadeis.lan/MediaboxIndependence/Base/ExecAction?IDSession=MBI%21RELTESTAUTO_DREYERS%210P0GOKUJFAJA0KLW46UMV0H1FSBQ9MCC9X6PK4B4&default_action=ModifierRef&id_project=MI000883&id_ref=5324&action_from=create_ref'

2022-06-23 21:58:25 - [TEST_STEP][PASSED] - click(findTestObject("1. Constant/xpath", ["xpath":"//*[@id="type_save"]"])): Object: 'Object Repository/1. Constant/xpath' is clicked on

2022-06-23 21:58:30 - [MESSAGE][PASSED] - Object: 'Object Repository/1. Constant/xpath' is clicked on

2022-06-23 21:58:30 - [TEST_STEP][PASSED] - takeScreenshot(): Taking screenshot successfully

2022-06-23 21:58:31 - [MESSAGE][PASSED] - Taking screenshot successfully
[[ATTACHMENT|D:\\Projet Test Auto\\Mediabox Test Automation\\Reports\\20220623_184212\\03. Parallel Testing (Testing)\\TS -PT PART 3\\14.03 Dreyers Support Action (Ongoing _ Completed ref) - PART 3\\20220623_184230\\1656014310797.png]]

2022-06-23 21:58:31 - [TEST_STEP][PASSED] - delay(1): Delayed 1 second(s)

2022-06-23 21:58:32 - [MESSAGE][PASSED] - Delayed 1 second(s)

2022-06-23 21:58:32 - [TEST_STEP][PASSED] - I.SearchRefNo_xpath("P10_Auto", "//*[@id="fiche_filter_keywords11"]", "//*[@id="form_filters"]/div[3]/button"): Delayed 5 second(s)

2022-06-23 21:58:33 - [MESSAGE][PASSED] - Delayed 1 second(s)

2022-06-23 21:58:34 - [MESSAGE][PASSED] - Text 'P10_Auto' is set on object 'Object Repository/1. Constant/xpath'

2022-06-23 21:58:37 - [MESSAGE][PASSED] - Delayed 3 second(s)

2022-06-23 21:58:37 - [MESSAGE][PASSED] - Scroll to object 'Object Repository/1. Constant/xpath' successfully

2022-06-23 21:58:42 - [MESSAGE][PASSED] - Object: 'Object Repository/1. Constant/xpath' is clicked on

2022-06-23 21:58:47 - [MESSAGE][PASSED] - Delayed 5 second(s)

2022-06-23 21:58:47 - [TEST_STEP][PASSED] - click(findTestObject("1. Constant/xpath", ["xpath":"//*[@id="source_" + refID10 + ""]/td[14]/a[3]"])): Object: 'Object Repository/1. Constant/xpath' is clicked on

2022-06-23 21:58:50 - [MESSAGE][PASSED] - Object: 'Object Repository/1. Constant/xpath' is clicked on

2022-06-23 21:58:50 - [TEST_STEP][PASSED] - click(findTestObject("1. Constant/xpath", ["xpath":"//*[@id="ModifFiche"]/div[1]/div/button[2]"])): Object: 'Object Repository/1. Constant/xpath' is clicked on

2022-06-23 21:58:55 - [MESSAGE][PASSED] - Object: 'Object Repository/1. Constant/xpath' is clicked on

2022-06-23 21:58:55 - [TEST_STEP][PASSED] - takeScreenshot(): Taking screenshot successfully

2022-06-23 21:58:56 - [MESSAGE][PASSED] - Taking screenshot successfully
[[ATTACHMENT|D:\\Projet Test Auto\\Mediabox Test Automation\\Reports\\20220623_184212\\03. Parallel Testing (Testing)\\TS -PT PART 3\\14.03 Dreyers Support Action (Ongoing _ Completed ref) - PART 3\\20220623_184230\\1656014335763.png]]

2022-06-23 21:58:56 - [TEST_STEP][PASSED] - delay(1): Delayed 1 second(s)

2022-06-23 21:58:57 - [MESSAGE][PASSED] - Delayed 1 second(s)

2022-06-23 21:58:57 - [TEST_STEP][PASSED] - click(findTestObject("1. Constant/xpath", ["xpath":"//*[@id="source_" + refID10 + ""]/td[14]/a[3]"])): Object: 'Object Repository/1. Constant/xpath' is clicked on

2022-06-23 21:59:00 - [MESSAGE][PASSED] - Object: 'Object Repository/1. Constant/xpath' is clicked on

2022-06-23 21:59:00 - [TEST_STEP][PASSED] - click(findTestObject("1. Constant/xpath", ["xpath":"//*[@id="ModifFiche"]/div[1]/div/button[2]"])): Object: 'Object Repository/1. Constant/xpath' is clicked on

2022-06-23 21:59:06 - [MESSAGE][PASSED] - Object: 'Object Repository/1. Constant/xpath' is clicked on

2022-06-23 21:59:06 - [TEST_STEP][PASSED] - takeScreenshot(): Taking screenshot successfully

2022-06-23 21:59:07 - [MESSAGE][PASSED] - Taking screenshot successfully
[[ATTACHMENT|D:\\Projet Test Auto\\Mediabox Test Automation\\Reports\\20220623_184212\\03. Parallel Testing (Testing)\\TS -PT PART 3\\14.03 Dreyers Support Action (Ongoing _ Completed ref) - PART 3\\20220623_184230\\1656014346918.png]]

2022-06-23 21:59:07 - [TEST_STEP][PASSED] - delay(1): Delayed 1 second(s)

2022-06-23 21:59:08 - [MESSAGE][PASSED] - Delayed 1 second(s)

2022-06-23 21:59:08 - [TEST_STEP][PASSED] - color1 = getCSSValue(findTestObject("1. Constant/xpath", ["xpath":"//*[@id="source_" + refID10 + ""]/td[14]/a[2]"]), "color", OPTIONAL): Get CSS 'color' value on 'Object Repository/1. Constant/xpath' successfully: 'rgba(255, 255, 255, 1)'.

2022-06-23 21:59:08 - [MESSAGE][PASSED] - Get CSS 'color' value on 'Object Repository/1. Constant/xpath' successfully: 'rgba(255, 255, 255, 1)'.

2022-06-23 21:59:08 - [TEST_STEP][PASSED] - I.print(color1): null

2022-06-23 21:59:08 - [TEST_STEP][PASSED] - while (color1 == "rgba(255, 255, 255, 1)"): Get CSS 'color' value on 'Object Repository/1. Constant/xpath' successfully: 'rgba(54, 153, 255, 1)'.

2022-06-23 21:59:08 - [TEST_STEP][PASSED] - click(findTestObject("1. Constant/xpath", ["xpath":"//*[@id="source_" + refID10 + ""]/td[14]/a[2]"])): Object: 'Object Repository/1. Constant/xpath' is clicked on

2022-06-23 21:59:11 - [MESSAGE][PASSED] - Object: 'Object Repository/1. Constant/xpath' is clicked on

2022-06-23 21:59:11 - [TEST_STEP][PASSED] - I.UploadDoc_sendkey_Prod(findTestObject("1. Constant/xpath", ["xpath":"//*[@id="kt_body"]/input[2]"]), "D:\Upoad_File\Upload doc\testdata1.pdf", "testdata1"): Delayed 5 second(s)

2022-06-23 21:59:11 - [MESSAGE][PASSED] - Scroll to object 'Object Repository/1. Constant/xpath' successfully

2022-06-23 21:59:16 - [MESSAGE][PASSED] - Delayed 5 second(s)

2022-06-23 21:59:17 - [MESSAGE][PASSED] - File 'D:\Upoad_File\Upload doc\testdata1.pdf' sent to object: 'Object Repository/1. Constant/xpath'

2022-06-23 21:59:22 - [MESSAGE][PASSED] - Delayed 5 second(s)

2022-06-23 21:59:22 - [MESSAGE][PASSED] - Text 'testdata1' is present on page 

2022-06-23 21:59:27 - [MESSAGE][PASSED] - Delayed 5 second(s)

2022-06-23 21:59:32 - [MESSAGE][PASSED] - Delayed 5 second(s)

2022-06-23 21:59:32 - [TEST_STEP][PASSED] - takeScreenshot(): Taking screenshot successfully

2022-06-23 21:59:33 - [MESSAGE][PASSED] - Taking screenshot successfully
[[ATTACHMENT|D:\\Projet Test Auto\\Mediabox Test Automation\\Reports\\20220623_184212\\03. Parallel Testing (Testing)\\TS -PT PART 3\\14.03 Dreyers Support Action (Ongoing _ Completed ref) - PART 3\\20220623_184230\\1656014373284.png]]

2022-06-23 21:59:33 - [TEST_STEP][PASSED] - delay(8): Delayed 8 second(s)

2022-06-23 21:59:41 - [MESSAGE][PASSED] - Delayed 8 second(s)

2022-06-23 21:59:41 - [TEST_STEP][PASSED] - click(findTestObject("HL Full Lifecycle/12 ReferncePage_Button_Updatensenddoc")): Object: 'Object Repository/HL Full Lifecycle/12 ReferncePage_Button_Updatensenddoc' is clicked on

2022-06-23 21:59:47 - [MESSAGE][PASSED] - Object: 'Object Repository/HL Full Lifecycle/12 ReferncePage_Button_Updatensenddoc' is clicked on

2022-06-23 21:59:47 - [TEST_STEP][PASSED] - delay(5): Delayed 5 second(s)

2022-06-23 21:59:52 - [MESSAGE][PASSED] - Delayed 5 second(s)

2022-06-23 21:59:52 - [TEST_STEP][PASSED] - color1 = getCSSValue(findTestObject("1. Constant/xpath", ["xpath":"//*[@id="source_" + refID10 + ""]/td[14]/a[2]"]), "color", OPTIONAL): Get CSS 'color' value on 'Object Repository/1. Constant/xpath' successfully: 'rgba(54, 153, 255, 1)'.

2022-06-23 21:59:53 - [MESSAGE][PASSED] - Get CSS 'color' value on 'Object Repository/1. Constant/xpath' successfully: 'rgba(54, 153, 255, 1)'.

2022-06-23 21:59:53 - [TEST_STEP][PASSED] - takeScreenshot(): Taking screenshot successfully

2022-06-23 21:59:53 - [MESSAGE][PASSED] - Taking screenshot successfully
[[ATTACHMENT|D:\\Projet Test Auto\\Mediabox Test Automation\\Reports\\20220623_184212\\03. Parallel Testing (Testing)\\TS -PT PART 3\\14.03 Dreyers Support Action (Ongoing _ Completed ref) - PART 3\\20220623_184230\\1656014393207.png]]

2022-06-23 21:59:53 - [TEST_STEP][PASSED] - click(findTestObject("1. Constant/xpath", ["xpath":"//*[@id="source_" + refID10 + ""]/td[6]/a"])): Object: 'Object Repository/1. Constant/xpath' is clicked on

2022-06-23 21:59:58 - [MESSAGE][PASSED] - Object: 'Object Repository/1. Constant/xpath' is clicked on

2022-06-23 21:59:58 - [TEST_STEP][PASSED] - takeScreenshot(): Taking screenshot successfully

2022-06-23 21:59:58 - [MESSAGE][PASSED] - Taking screenshot successfully
[[ATTACHMENT|D:\\Projet Test Auto\\Mediabox Test Automation\\Reports\\20220623_184212\\03. Parallel Testing (Testing)\\TS -PT PART 3\\14.03 Dreyers Support Action (Ongoing _ Completed ref) - PART 3\\20220623_184230\\1656014398165.png]]

2022-06-23 21:59:58 - [TEST_STEP][PASSED] - delay(1): Delayed 1 second(s)

2022-06-23 21:59:59 - [MESSAGE][PASSED] - Delayed 1 second(s)

2022-06-23 21:59:59 - [TEST_STEP][PASSED] - I.Approveforothers("/html/body/div[1]/div[2]/div[8]/div[3]/div/div[3]/div[2]/div/div[3]/div/div[2]/div[1]/div/div[2]/div/div[2]/div[2]/div/div/div[1]/img", "/html/body/div[1]/div[2]/div[8]/div[3]/div/div[3]/div[2]/div/div[3]/div/div[2]/div[1]/div/div[2]/div/div[2]/div[2]/div/div/div[6]/a[2]/span"): Object: 'Object Repository/1. Constant/xpath' is clicked on

2022-06-23 22:00:02 - [MESSAGE][PASSED] - Object: 'Object Repository/1. Constant/xpath' is clicked on

2022-06-23 22:00:03 - [MESSAGE][PASSED] - Delayed 1 second(s)

2022-06-23 22:00:04 - [MESSAGE][PASSED] - Object: 'Object Repository/1. Constant/xpath' is clicked on

2022-06-23 22:00:05 - [MESSAGE][PASSED] - Delayed 1 second(s)

2022-06-23 22:00:08 - [MESSAGE][PASSED] - Object: 'Object Repository/1. Constant/xpath' is hovered

2022-06-23 22:00:10 - [MESSAGE][PASSED] - Object: 'Object Repository/1. Constant/xpath' is clicked on

2022-06-23 22:00:11 - [MESSAGE][PASSED] - Delayed 1 second(s)

2022-06-23 22:00:18 - [MESSAGE][PASSED] - Object: 'Object Repository/1. Constant/xpath' is clicked on

2022-06-23 22:00:18 - [TEST_STEP][PASSED] - delay(1): Delayed 1 second(s)

2022-06-23 22:00:19 - [MESSAGE][PASSED] - Delayed 1 second(s)

2022-06-23 22:00:19 - [TEST_STEP][PASSED] - click(findTestObject("1. Constant/xpath", ["xpath":"//*[@id="kt_subheader"]/div/nav/ol/li[2]/a"])): Object: 'Object Repository/1. Constant/xpath' is clicked on

2022-06-23 22:00:22 - [MESSAGE][PASSED] - Object: 'Object Repository/1. Constant/xpath' is clicked on

2022-06-23 22:00:22 - [TEST_STEP][PASSED] - delay(1): Delayed 1 second(s)

2022-06-23 22:00:23 - [MESSAGE][PASSED] - Delayed 1 second(s)

2022-06-23 22:00:23 - [TEST_STEP][PASSED] - I.submitquesiton_ref(findTestObject("1. Constant/xpath", ["xpath":"//*[@id="source_" + refID10 + ""]/td[14]/div[1]/button"]), findTestObject("1. Constant/xpath", ["xpath":"//*[@id="source_" + refID10 + ""]/td[14]/div[1]/div/a[1]"])): Object: 'Object Repository/1. Constant/xpath' is clicked on

2022-06-23 22:00:24 - [MESSAGE][PASSED] - Object: 'Object Repository/1. Constant/xpath' is clicked on

2022-06-23 22:00:27 - [MESSAGE][PASSED] - Delayed 3 second(s)

2022-06-23 22:00:31 - [MESSAGE][PASSED] - Object: 'Object Repository/1. Constant/xpath' is clicked on

2022-06-23 22:00:31 - [TEST_STEP][PASSED] - click(findTestObject("1. Constant/xpath", ["xpath":"//*[@id="ModifFiche"]/div[1]/div/button[2]"])): Object: 'Object Repository/1. Constant/xpath' is clicked on

2022-06-23 22:00:36 - [MESSAGE][PASSED] - Object: 'Object Repository/1. Constant/xpath' is clicked on

2022-06-23 22:00:36 - [TEST_STEP][PASSED] - takeScreenshot(): Taking screenshot successfully

2022-06-23 22:00:36 - [MESSAGE][PASSED] - Taking screenshot successfully
[[ATTACHMENT|D:\\Projet Test Auto\\Mediabox Test Automation\\Reports\\20220623_184212\\03. Parallel Testing (Testing)\\TS -PT PART 3\\14.03 Dreyers Support Action (Ongoing _ Completed ref) - PART 3\\20220623_184230\\1656014436501.png]]

2022-06-23 22:00:36 - [TEST_STEP][PASSED] - I.submitquesiton_ref(findTestObject("1. Constant/xpath", ["xpath":"//*[@id="source_" + refID10 + ""]/td[14]/div[1]/button"]), findTestObject("1. Constant/xpath", ["xpath":"//*[@id="source_" + refID10 + ""]/td[14]/div[1]/div/a[1]"])): Object: 'Object Repository/1. Constant/xpath' is clicked on

2022-06-23 22:00:38 - [MESSAGE][PASSED] - Object: 'Object Repository/1. Constant/xpath' is clicked on

2022-06-23 22:00:41 - [MESSAGE][PASSED] - Delayed 3 second(s)

2022-06-23 22:00:44 - [MESSAGE][PASSED] - Object: 'Object Repository/1. Constant/xpath' is clicked on

2022-06-23 22:00:44 - [TEST_STEP][PASSED] - click(findTestObject("1. Constant/xpath", ["xpath":"//*[@id="ModifFiche"]/div[1]/div/button[2]"])): Object: 'Object Repository/1. Constant/xpath' is clicked on

2022-06-23 22:00:51 - [MESSAGE][PASSED] - Object: 'Object Repository/1. Constant/xpath' is clicked on

2022-06-23 22:00:51 - [TEST_STEP][PASSED] - takeScreenshot(): Taking screenshot successfully

2022-06-23 22:00:52 - [MESSAGE][PASSED] - Taking screenshot successfully
[[ATTACHMENT|D:\\Projet Test Auto\\Mediabox Test Automation\\Reports\\20220623_184212\\03. Parallel Testing (Testing)\\TS -PT PART 3\\14.03 Dreyers Support Action (Ongoing _ Completed ref) - PART 3\\20220623_184230\\1656014451973.png]]

2022-06-23 22:00:52 - [TEST_STEP][PASSED] - click(findTestObject("1. Constant/xpath", ["xpath":"//*[@id="source_" + refID10 + ""]/td[14]/a[3]"])): Object: 'Object Repository/1. Constant/xpath' is clicked on

2022-06-23 22:00:55 - [MESSAGE][PASSED] - Object: 'Object Repository/1. Constant/xpath' is clicked on

2022-06-23 22:00:55 - [TEST_STEP][PASSED] - click(findTestObject("1. Constant/xpath", ["xpath":"//*[@id="ModifFiche"]/div[1]/div/button[2]"])): Object: 'Object Repository/1. Constant/xpath' is clicked on

2022-06-23 22:00:59 - [MESSAGE][PASSED] - Object: 'Object Repository/1. Constant/xpath' is clicked on

2022-06-23 22:00:59 - [TEST_STEP][PASSED] - takeScreenshot(): Taking screenshot successfully

2022-06-23 22:00:59 - [MESSAGE][PASSED] - Taking screenshot successfully
[[ATTACHMENT|D:\\Projet Test Auto\\Mediabox Test Automation\\Reports\\20220623_184212\\03. Parallel Testing (Testing)\\TS -PT PART 3\\14.03 Dreyers Support Action (Ongoing _ Completed ref) - PART 3\\20220623_184230\\1656014459274.png]]

2022-06-23 22:00:59 - [TEST_STEP][PASSED] - click(findTestObject("1. Constant/xpath", ["xpath":"//*[@id="source_" + refID10 + ""]/td[14]/a[3]"])): Object: 'Object Repository/1. Constant/xpath' is clicked on

2022-06-23 22:01:02 - [MESSAGE][PASSED] - Object: 'Object Repository/1. Constant/xpath' is clicked on

2022-06-23 22:01:02 - [TEST_STEP][PASSED] - click(findTestObject("1. Constant/xpath", ["xpath":"//*[@id="ModifFiche"]/div[1]/div/button[2]"])): Object: 'Object Repository/1. Constant/xpath' is clicked on

2022-06-23 22:01:08 - [MESSAGE][PASSED] - Object: 'Object Repository/1. Constant/xpath' is clicked on

2022-06-23 22:01:08 - [TEST_STEP][PASSED] - takeScreenshot(): Taking screenshot successfully

2022-06-23 22:01:08 - [MESSAGE][PASSED] - Taking screenshot successfully
[[ATTACHMENT|D:\\Projet Test Auto\\Mediabox Test Automation\\Reports\\20220623_184212\\03. Parallel Testing (Testing)\\TS -PT PART 3\\14.03 Dreyers Support Action (Ongoing _ Completed ref) - PART 3\\20220623_184230\\1656014468302.png]]

2022-06-23 22:01:08 - [TEST_STEP][PASSED] - click(findTestObject("1. Constant/xpath", ["xpath":"//*[@id="source_" + refID10 + ""]/td[14]/div[1]/button"])): Object: 'Object Repository/1. Constant/xpath' is clicked on

2022-06-23 22:01:09 - [MESSAGE][PASSED] - Object: 'Object Repository/1. Constant/xpath' is clicked on

2022-06-23 22:01:09 - [TEST_STEP][PASSED] - delay(1): Delayed 1 second(s)

2022-06-23 22:01:10 - [MESSAGE][PASSED] - Delayed 1 second(s)

2022-06-23 22:01:10 - [TEST_STEP][PASSED] - takeScreenshot(): Taking screenshot successfully

2022-06-23 22:01:11 - [MESSAGE][PASSED] - Taking screenshot successfully
[[ATTACHMENT|D:\\Projet Test Auto\\Mediabox Test Automation\\Reports\\20220623_184212\\03. Parallel Testing (Testing)\\TS -PT PART 3\\14.03 Dreyers Support Action (Ongoing _ Completed ref) - PART 3\\20220623_184230\\1656014470921.png]]

2022-06-23 22:01:11 - [TEST_STEP][PASSED] - delay(1): Delayed 1 second(s)

2022-06-23 22:01:12 - [MESSAGE][PASSED] - Delayed 1 second(s)

2022-06-23 22:01:12 - [TEST_STEP][PASSED] - x = 20: null

2022-06-23 22:01:12 - [TEST_STEP][PASSED] - i = 1: null

2022-06-23 22:01:12 - [TEST_STEP][PASSED] - while (i <= x): null

2022-06-23 22:01:12 - [TEST_STEP][PASSED] - Expected_SAS_Selected = "SAS: S15 - Add Step Group A & C": null

2022-06-23 22:01:12 - [TEST_STEP][PASSED] - xpath_SAS = "//*[@id="source_" + refID10 + ""]/td[14]/div[1]/div/a[" + i + "]": null

2022-06-23 22:01:12 - [TEST_STEP][PASSED] - Actual_SAS = getText(findTestObject("1. Constant/xpath", ["xpath":xpath_SAS])): Text of object 'Object Repository/1. Constant/xpath' is: 'SAS S21 - Add Step Group C&A / Skip P3.4 [Complete]'

2022-06-23 22:01:12 - [MESSAGE][PASSED] - Text of object 'Object Repository/1. Constant/xpath' is: 'SAS S21 - Add Step Group C&A / Skip P3.4 [Complete]'

2022-06-23 22:01:12 - [TEST_STEP][PASSED] - I.print(i): null

2022-06-23 22:01:12 - [TEST_STEP][PASSED] - if (Actual_SAS.contains(Expected_SAS_Selected)): null

2022-06-23 22:01:12 - [TEST_STEP][PASSED] - i = i + 1: null

2022-06-23 22:01:12 - [TEST_STEP][PASSED] - Expected_SAS_Selected = "SAS: S15 - Add Step Group A & C": null

2022-06-23 22:01:12 - [TEST_STEP][PASSED] - xpath_SAS = "//*[@id="source_" + refID10 + ""]/td[14]/div[1]/div/a[" + i + "]": null

2022-06-23 22:01:12 - [TEST_STEP][PASSED] - Actual_SAS = getText(findTestObject("1. Constant/xpath", ["xpath":xpath_SAS])): Text of object 'Object Repository/1. Constant/xpath' is: 'SAS: S6 - Add Steps C'

2022-06-23 22:01:12 - [MESSAGE][PASSED] - Text of object 'Object Repository/1. Constant/xpath' is: 'SAS: S6 - Add Steps C'

2022-06-23 22:01:12 - [TEST_STEP][PASSED] - I.print(i): null

2022-06-23 22:01:12 - [TEST_STEP][PASSED] - if (Actual_SAS.contains(Expected_SAS_Selected)): null

2022-06-23 22:01:12 - [TEST_STEP][PASSED] - i = i + 1: null

2022-06-23 22:01:12 - [TEST_STEP][PASSED] - Expected_SAS_Selected = "SAS: S15 - Add Step Group A & C": null

2022-06-23 22:01:12 - [TEST_STEP][PASSED] - xpath_SAS = "//*[@id="source_" + refID10 + ""]/td[14]/div[1]/div/a[" + i + "]": null

2022-06-23 22:01:12 - [TEST_STEP][PASSED] - Actual_SAS = getText(findTestObject("1. Constant/xpath", ["xpath":xpath_SAS])): Text of object 'Object Repository/1. Constant/xpath' is: 'SAS: S14 - Add Step group (SAS Lifecycle - SAS Step C)'

2022-06-23 22:01:13 - [MESSAGE][PASSED] - Text of object 'Object Repository/1. Constant/xpath' is: 'SAS: S14 - Add Step group (SAS Lifecycle - SAS Step C)'

2022-06-23 22:01:13 - [TEST_STEP][PASSED] - I.print(i): null

2022-06-23 22:01:13 - [TEST_STEP][PASSED] - if (Actual_SAS.contains(Expected_SAS_Selected)): null

2022-06-23 22:01:13 - [TEST_STEP][PASSED] - i = i + 1: null

2022-06-23 22:01:13 - [TEST_STEP][PASSED] - Expected_SAS_Selected = "SAS: S15 - Add Step Group A & C": null

2022-06-23 22:01:13 - [TEST_STEP][PASSED] - xpath_SAS = "//*[@id="source_" + refID10 + ""]/td[14]/div[1]/div/a[" + i + "]": null

2022-06-23 22:01:13 - [TEST_STEP][PASSED] - Actual_SAS = getText(findTestObject("1. Constant/xpath", ["xpath":xpath_SAS])): Text of object 'Object Repository/1. Constant/xpath' is: 'SAS: S15 - Add Step Group A & C'

2022-06-23 22:01:13 - [MESSAGE][PASSED] - Text of object 'Object Repository/1. Constant/xpath' is: 'SAS: S15 - Add Step Group A & C'

2022-06-23 22:01:13 - [TEST_STEP][PASSED] - I.print(i): null

2022-06-23 22:01:13 - [TEST_STEP][PASSED] - if (Actual_SAS.contains(Expected_SAS_Selected)): null

2022-06-23 22:01:13 - [TEST_STEP][PASSED] - click(findTestObject("1. Constant/xpath", ["xpath":xpath_SAS])): Object: 'Object Repository/1. Constant/xpath' is clicked on

2022-06-23 22:01:14 - [MESSAGE][PASSED] - Object: 'Object Repository/1. Constant/xpath' is clicked on

2022-06-23 22:01:14 - [TEST_STEP][PASSED] - break: null

2022-06-23 22:01:14 - [TEST_STEP][PASSED] - takeScreenshot(): Taking screenshot successfully

2022-06-23 22:01:16 - [MESSAGE][PASSED] - Taking screenshot successfully
[[ATTACHMENT|D:\\Projet Test Auto\\Mediabox Test Automation\\Reports\\20220623_184212\\03. Parallel Testing (Testing)\\TS -PT PART 3\\14.03 Dreyers Support Action (Ongoing _ Completed ref) - PART 3\\20220623_184230\\1656014475227.png]]

2022-06-23 22:01:16 - [TEST_STEP][PASSED] - click(findTestObject("1. Constant/xpath", ["xpath":"//*[@id="confirmSupportActionShortcut"]"])): Object: 'Object Repository/1. Constant/xpath' is clicked on

2022-06-23 22:01:21 - [MESSAGE][PASSED] - Object: 'Object Repository/1. Constant/xpath' is clicked on

2022-06-23 22:01:21 - [TEST_STEP][PASSED] - takeScreenshot(): Taking screenshot successfully

2022-06-23 22:01:21 - [MESSAGE][PASSED] - Taking screenshot successfully
[[ATTACHMENT|D:\\Projet Test Auto\\Mediabox Test Automation\\Reports\\20220623_184212\\03. Parallel Testing (Testing)\\TS -PT PART 3\\14.03 Dreyers Support Action (Ongoing _ Completed ref) - PART 3\\20220623_184230\\1656014481348.png]]

2022-06-23 22:01:21 - [TEST_STEP][PASSED] - click(findTestObject("1. Constant/xpath", ["xpath":"//*[@id="kt_content"]/div[3]/div/ul/li[3]/a"])): Object: 'Object Repository/1. Constant/xpath' is clicked on

2022-06-23 22:01:24 - [MESSAGE][PASSED] - Object: 'Object Repository/1. Constant/xpath' is clicked on

2022-06-23 22:01:24 - [TEST_STEP][PASSED] - takeScreenshot(): Taking screenshot successfully

2022-06-23 22:01:24 - [MESSAGE][PASSED] - Taking screenshot successfully
[[ATTACHMENT|D:\\Projet Test Auto\\Mediabox Test Automation\\Reports\\20220623_184212\\03. Parallel Testing (Testing)\\TS -PT PART 3\\14.03 Dreyers Support Action (Ongoing _ Completed ref) - PART 3\\20220623_184230\\1656014484301.png]]

2022-06-23 22:01:24 - [TEST_STEP][PASSED] - StepC_1 = getAttribute(findTestObject("1. Constant/xpath", ["xpath":"/html/body/div[1]/div[2]/div[8]/div[3]/div/div[3]/div[3]/div/ul/li[3]/a"]), "class"): Attribute 'class' of object 'Object Repository/1. Constant/xpath' is: 'nav-link timeline-badge badge-xl  bg-pending active'

2022-06-23 22:01:25 - [MESSAGE][PASSED] - Attribute 'class' of object 'Object Repository/1. Constant/xpath' is: 'nav-link timeline-badge badge-xl  bg-pending active'

2022-06-23 22:01:25 - [TEST_STEP][PASSED] - verifyMatch(StepC_1, "nav-link timeline-badge badge-xl  bg-pending active", false): Actual text 'nav-link timeline-badge badge-xl  bg-pending active' and expected text 'nav-link timeline-badge badge-xl  bg-pending active' are matched 

2022-06-23 22:01:25 - [MESSAGE][PASSED] - Actual text 'nav-link timeline-badge badge-xl  bg-pending active' and expected text 'nav-link timeline-badge badge-xl  bg-pending active' are matched 

2022-06-23 22:01:25 - [TEST_STEP][PASSED] - StepC_11 = I.Get_Stepname("/html/body/div[1]/div[2]/div[8]/div[3]/div/div[3]/div[3]/div/ul/li[3]/a"): Attribute 'href' of object 'Object Repository/1. Constant/xpath' is: 'http://mdb-release.diadeis.lan/MediaboxIndependence/Base/ExecAction?action=VoirRef&IDSession=MBI!RELTESTAUTO_DREYERS!0P0GOKUJFAJA0KLW46UMV0H1FSBQ9MCC9X6PK4B4&num=IJQCI1JKG7&id_ref=5324#tab_lifecycle_SASStepC_12336'

2022-06-23 22:01:30 - [MESSAGE][PASSED] - Delayed 5 second(s)

2022-06-23 22:01:30 - [MESSAGE][PASSED] - Attribute 'href' of object 'Object Repository/1. Constant/xpath' is: 'http://mdb-release.diadeis.lan/MediaboxIndependence/Base/ExecAction?action=VoirRef&IDSession=MBI!RELTESTAUTO_DREYERS!0P0GOKUJFAJA0KLW46UMV0H1FSBQ9MCC9X6PK4B4&num=IJQCI1JKG7&id_ref=5324#tab_lifecycle_SASStepC_12336'

2022-06-23 22:01:30 - [TEST_STEP][PASSED] - verifyMatch(StepC_11, "SASStepC", false): Actual text 'SASStepC' and expected text 'SASStepC' are matched 

2022-06-23 22:01:30 - [MESSAGE][PASSED] - Actual text 'SASStepC' and expected text 'SASStepC' are matched 

2022-06-23 22:01:30 - [TEST_STEP][PASSED] - Started_StepCP5_1 = getText(findTestObject("1. Constant/xpath", ["xpath":"/html/body/div[1]/div[2]/div[8]/div[3]/div/div[3]/div[3]/div/div/div[3]/div/div[5]/div/div[2]/div[1]"])): Text of object 'Object Repository/1. Constant/xpath' is: 'Started 06/23/22 04:01 PM'

2022-06-23 22:01:31 - [MESSAGE][PASSED] - Text of object 'Object Repository/1. Constant/xpath' is: 'Started 06/23/22 04:01 PM'

2022-06-23 22:01:31 - [TEST_STEP][PASSED] - if (Started_StepCP5_1.contains("Started")): Actual object '1' and expected object '1' are equal

2022-06-23 22:01:31 - [TEST_STEP][PASSED] - verifyEqual(1, 1): Actual object '1' and expected object '1' are equal

2022-06-23 22:01:31 - [MESSAGE][PASSED] - Actual object '1' and expected object '1' are equal

2022-06-23 22:01:31 - [TEST_STEP][PASSED] - verifyElementNotPresent(findTestObject("1. Constant/xpath", ["xpath":"/html/body/div[1]/div[2]/div[8]/div[3]/div/div[3]/div[3]/div/div/div[3]/div/div[6]"]), 10): Web element with id: 'Object Repository/1. Constant/xpath' located by 'By.xpath: /html/body/div[1]/div[2]/div[8]/div[3]/div/div[3]/div[3]/div/div/div[3]/div/div[6]' is not present after '10' second(s)

2022-06-23 22:01:32 - [MESSAGE][PASSED] - Web element with id: 'Object Repository/1. Constant/xpath' located by 'By.xpath: /html/body/div[1]/div[2]/div[8]/div[3]/div/div[3]/div[3]/div/div/div[3]/div/div[6]' is not present after '10' second(s)

2022-06-23 22:01:32 - [TEST_STEP][PASSED] - StepA_2 = getAttribute(findTestObject("1. Constant/xpath", ["xpath":"/html/body/div[1]/div[2]/div[8]/div[3]/div/div[3]/div[3]/div/ul/li[4]/a"]), "class"): Attribute 'class' of object 'Object Repository/1. Constant/xpath' is: 'nav-link timeline-badge badge-xl  bg-waiting '

2022-06-23 22:01:33 - [MESSAGE][PASSED] - Attribute 'class' of object 'Object Repository/1. Constant/xpath' is: 'nav-link timeline-badge badge-xl  bg-waiting '

2022-06-23 22:01:33 - [TEST_STEP][PASSED] - verifyMatch(StepA_2, "nav-link timeline-badge badge-xl  bg-waiting ", false): Actual text 'nav-link timeline-badge badge-xl  bg-waiting ' and expected text 'nav-link timeline-badge badge-xl  bg-waiting ' are matched 

2022-06-23 22:01:33 - [MESSAGE][PASSED] - Actual text 'nav-link timeline-badge badge-xl  bg-waiting ' and expected text 'nav-link timeline-badge badge-xl  bg-waiting ' are matched 

2022-06-23 22:01:33 - [TEST_STEP][PASSED] - StepA_22 = I.Get_Stepname("/html/body/div[1]/div[2]/div[8]/div[3]/div/div[3]/div[3]/div/ul/li[4]/a"): Attribute 'href' of object 'Object Repository/1. Constant/xpath' is: 'http://mdb-release.diadeis.lan/MediaboxIndependence/Base/ExecAction?action=VoirRef&IDSession=MBI!RELTESTAUTO_DREYERS!0P0GOKUJFAJA0KLW46UMV0H1FSBQ9MCC9X6PK4B4&num=IJQCI1JKG7&id_ref=5324#tab_lifecycle_SASStepA_12337'

2022-06-23 22:01:38 - [MESSAGE][PASSED] - Delayed 5 second(s)

2022-06-23 22:01:38 - [MESSAGE][PASSED] - Attribute 'href' of object 'Object Repository/1. Constant/xpath' is: 'http://mdb-release.diadeis.lan/MediaboxIndependence/Base/ExecAction?action=VoirRef&IDSession=MBI!RELTESTAUTO_DREYERS!0P0GOKUJFAJA0KLW46UMV0H1FSBQ9MCC9X6PK4B4&num=IJQCI1JKG7&id_ref=5324#tab_lifecycle_SASStepA_12337'

2022-06-23 22:01:38 - [TEST_STEP][PASSED] - verifyMatch(StepA_22, "SASStepA", false): Actual text 'SASStepA' and expected text 'SASStepA' are matched 

2022-06-23 22:01:38 - [MESSAGE][PASSED] - Actual text 'SASStepA' and expected text 'SASStepA' are matched 

2022-06-23 22:01:38 - [TEST_STEP][PASSED] - StepC_3 = getAttribute(findTestObject("1. Constant/xpath", ["xpath":"/html/body/div[1]/div[2]/div[8]/div[3]/div/div[3]/div[3]/div/ul/li[5]/a"]), "class"): Attribute 'class' of object 'Object Repository/1. Constant/xpath' is: 'nav-link timeline-badge badge-xl  bg-waiting '

2022-06-23 22:01:38 - [MESSAGE][PASSED] - Attribute 'class' of object 'Object Repository/1. Constant/xpath' is: 'nav-link timeline-badge badge-xl  bg-waiting '

2022-06-23 22:01:38 - [TEST_STEP][PASSED] - verifyMatch(StepC_3, "nav-link timeline-badge badge-xl  bg-waiting ", false): Actual text 'nav-link timeline-badge badge-xl  bg-waiting ' and expected text 'nav-link timeline-badge badge-xl  bg-waiting ' are matched 

2022-06-23 22:01:38 - [MESSAGE][PASSED] - Actual text 'nav-link timeline-badge badge-xl  bg-waiting ' and expected text 'nav-link timeline-badge badge-xl  bg-waiting ' are matched 

2022-06-23 22:01:38 - [TEST_STEP][PASSED] - StepC_33 = I.Get_Stepname("/html/body/div[1]/div[2]/div[8]/div[3]/div/div[3]/div[3]/div/ul/li[5]/a"): Attribute 'href' of object 'Object Repository/1. Constant/xpath' is: 'http://mdb-release.diadeis.lan/MediaboxIndependence/Base/ExecAction?action=VoirRef&IDSession=MBI!RELTESTAUTO_DREYERS!0P0GOKUJFAJA0KLW46UMV0H1FSBQ9MCC9X6PK4B4&num=IJQCI1JKG7&id_ref=5324#tab_lifecycle_SASStepC_12338'

2022-06-23 22:01:43 - [MESSAGE][PASSED] - Delayed 5 second(s)

2022-06-23 22:01:44 - [MESSAGE][PASSED] - Attribute 'href' of object 'Object Repository/1. Constant/xpath' is: 'http://mdb-release.diadeis.lan/MediaboxIndependence/Base/ExecAction?action=VoirRef&IDSession=MBI!RELTESTAUTO_DREYERS!0P0GOKUJFAJA0KLW46UMV0H1FSBQ9MCC9X6PK4B4&num=IJQCI1JKG7&id_ref=5324#tab_lifecycle_SASStepC_12338'

2022-06-23 22:01:44 - [TEST_STEP][PASSED] - verifyMatch(StepC_33, "SASStepC", false): Actual text 'SASStepC' and expected text 'SASStepC' are matched 

2022-06-23 22:01:44 - [MESSAGE][PASSED] - Actual text 'SASStepC' and expected text 'SASStepC' are matched 

2022-06-23 22:01:44 - [TEST_STEP][PASSED] - click(findTestObject("1. Constant/xpath", ["xpath":"/html/body/div[1]/div[2]/div[8]/div[2]/div/nav/ol/li[2]/a"])): Object: 'Object Repository/1. Constant/xpath' is clicked on

2022-06-23 22:01:47 - [MESSAGE][PASSED] - Object: 'Object Repository/1. Constant/xpath' is clicked on

2022-06-23 22:01:47 - [TEST_STEP][PASSED] - takeScreenshot(): Taking screenshot successfully

2022-06-23 22:01:48 - [MESSAGE][PASSED] - Taking screenshot successfully
[[ATTACHMENT|D:\\Projet Test Auto\\Mediabox Test Automation\\Reports\\20220623_184212\\03. Parallel Testing (Testing)\\TS -PT PART 3\\14.03 Dreyers Support Action (Ongoing _ Completed ref) - PART 3\\20220623_184230\\1656014507615.png]]

2022-06-23 22:01:48 - [TEST_STEP][PASSED] - delay(1): Delayed 1 second(s)

2022-06-23 22:01:49 - [MESSAGE][PASSED] - Delayed 1 second(s)

2022-06-23 22:01:49 - [TEST_STEP][PASSED] - color2 = getCSSValue(findTestObject("1. Constant/xpath", ["xpath":"//*[@id="source_" + refID10 + ""]/td[14]/a[2]"]), "color", OPTIONAL): Get CSS 'color' value on 'Object Repository/1. Constant/xpath' successfully: 'rgba(255, 255, 255, 1)'.

2022-06-23 22:01:49 - [MESSAGE][PASSED] - Get CSS 'color' value on 'Object Repository/1. Constant/xpath' successfully: 'rgba(255, 255, 255, 1)'.

2022-06-23 22:01:49 - [TEST_STEP][PASSED] - I.print(color2): null

2022-06-23 22:01:49 - [TEST_STEP][PASSED] - while (color2 == "rgba(255, 255, 255, 1)"): Get CSS 'color' value on 'Object Repository/1. Constant/xpath' successfully: 'rgba(54, 153, 255, 1)'.

2022-06-23 22:01:49 - [TEST_STEP][PASSED] - click(findTestObject("1. Constant/xpath", ["xpath":"//*[@id="source_" + refID10 + ""]/td[14]/a[2]"])): Object: 'Object Repository/1. Constant/xpath' is clicked on

2022-06-23 22:01:51 - [MESSAGE][PASSED] - Object: 'Object Repository/1. Constant/xpath' is clicked on

2022-06-23 22:01:51 - [TEST_STEP][PASSED] - selectOptionByValue(findTestObject("1. Constant/xpath", ["xpath":"//*[@id="id_approval_flow_tpl"]"]), "80", false): All options with value '80' are selected in object 'Object Repository/1. Constant/xpath' 

2022-06-23 22:01:52 - [MESSAGE][PASSED] - All options with value '80' are selected in object 'Object Repository/1. Constant/xpath' 

2022-06-23 22:01:52 - [TEST_STEP][PASSED] - I.UploadDoc_sendkey_Prod(findTestObject("1. Constant/xpath", ["xpath":"//*[@id="kt_body"]/input[2]"]), "D:\Upoad_File\Upload doc\testdata1.jpg", "testdata1"): Delayed 5 second(s)

2022-06-23 22:01:52 - [MESSAGE][PASSED] - Scroll to object 'Object Repository/1. Constant/xpath' successfully

2022-06-23 22:01:57 - [MESSAGE][PASSED] - Delayed 5 second(s)

2022-06-23 22:01:58 - [MESSAGE][PASSED] - File 'D:\Upoad_File\Upload doc\testdata1.jpg' sent to object: 'Object Repository/1. Constant/xpath'

2022-06-23 22:02:03 - [MESSAGE][PASSED] - Delayed 5 second(s)

2022-06-23 22:02:04 - [MESSAGE][PASSED] - Text 'testdata1' is present on page 

2022-06-23 22:02:09 - [MESSAGE][PASSED] - Delayed 5 second(s)

2022-06-23 22:02:14 - [MESSAGE][PASSED] - Delayed 5 second(s)

2022-06-23 22:02:14 - [TEST_STEP][PASSED] - takeScreenshot(): Taking screenshot successfully

2022-06-23 22:02:14 - [MESSAGE][PASSED] - Taking screenshot successfully
[[ATTACHMENT|D:\\Projet Test Auto\\Mediabox Test Automation\\Reports\\20220623_184212\\03. Parallel Testing (Testing)\\TS -PT PART 3\\14.03 Dreyers Support Action (Ongoing _ Completed ref) - PART 3\\20220623_184230\\1656014534147.png]]

2022-06-23 22:02:14 - [TEST_STEP][PASSED] - delay(8): Delayed 8 second(s)

2022-06-23 22:02:22 - [MESSAGE][PASSED] - Delayed 8 second(s)

2022-06-23 22:02:22 - [TEST_STEP][PASSED] - click(findTestObject("HL Full Lifecycle/12 ReferncePage_Button_Updatensenddoc")): Object: 'Object Repository/HL Full Lifecycle/12 ReferncePage_Button_Updatensenddoc' is clicked on

2022-06-23 22:02:27 - [MESSAGE][PASSED] - Object: 'Object Repository/HL Full Lifecycle/12 ReferncePage_Button_Updatensenddoc' is clicked on

2022-06-23 22:02:27 - [TEST_STEP][PASSED] - delay(5): Delayed 5 second(s)

2022-06-23 22:02:32 - [MESSAGE][PASSED] - Delayed 5 second(s)

2022-06-23 22:02:32 - [TEST_STEP][PASSED] - color2 = getCSSValue(findTestObject("1. Constant/xpath", ["xpath":"//*[@id="source_" + refID10 + ""]/td[14]/a[2]"]), "color", OPTIONAL): Get CSS 'color' value on 'Object Repository/1. Constant/xpath' successfully: 'rgba(54, 153, 255, 1)'.

2022-06-23 22:02:33 - [MESSAGE][PASSED] - Get CSS 'color' value on 'Object Repository/1. Constant/xpath' successfully: 'rgba(54, 153, 255, 1)'.

2022-06-23 22:02:33 - [TEST_STEP][PASSED] - takeScreenshot(): Taking screenshot successfully

2022-06-23 22:02:34 - [MESSAGE][PASSED] - Taking screenshot successfully
[[ATTACHMENT|D:\\Projet Test Auto\\Mediabox Test Automation\\Reports\\20220623_184212\\03. Parallel Testing (Testing)\\TS -PT PART 3\\14.03 Dreyers Support Action (Ongoing _ Completed ref) - PART 3\\20220623_184230\\1656014553548.png]]

2022-06-23 22:02:34 - [TEST_STEP][PASSED] - click(findTestObject("1. Constant/xpath", ["xpath":"//*[@id="source_" + refID10 + ""]/td[6]/a"])): Object: 'Object Repository/1. Constant/xpath' is clicked on

2022-06-23 22:02:37 - [MESSAGE][PASSED] - Object: 'Object Repository/1. Constant/xpath' is clicked on

2022-06-23 22:02:37 - [TEST_STEP][PASSED] - takeScreenshot(): Taking screenshot successfully

2022-06-23 22:02:37 - [MESSAGE][PASSED] - Taking screenshot successfully
[[ATTACHMENT|D:\\Projet Test Auto\\Mediabox Test Automation\\Reports\\20220623_184212\\03. Parallel Testing (Testing)\\TS -PT PART 3\\14.03 Dreyers Support Action (Ongoing _ Completed ref) - PART 3\\20220623_184230\\1656014557174.png]]

2022-06-23 22:02:37 - [TEST_STEP][PASSED] - delay(1): Delayed 1 second(s)

2022-06-23 22:02:38 - [MESSAGE][PASSED] - Delayed 1 second(s)

2022-06-23 22:02:38 - [TEST_STEP][PASSED] - I.Approveforothers("/html/body/div[1]/div[2]/div[8]/div[3]/div/div[3]/div[2]/div/div[3]/div/div[2]/div[1]/div/div[2]/div/div[2]/div[2]/div/div/div[1]/img", "/html/body/div[1]/div[2]/div[8]/div[3]/div/div[3]/div[2]/div/div[3]/div/div[2]/div[1]/div/div[2]/div/div[2]/div[2]/div/div/div[6]/a[2]/span"): Object: 'Object Repository/1. Constant/xpath' is clicked on

2022-06-23 22:02:41 - [MESSAGE][PASSED] - Object: 'Object Repository/1. Constant/xpath' is clicked on

2022-06-23 22:02:42 - [MESSAGE][PASSED] - Delayed 1 second(s)

2022-06-23 22:02:45 - [MESSAGE][PASSED] - Object: 'Object Repository/1. Constant/xpath' is clicked on

2022-06-23 22:02:46 - [MESSAGE][PASSED] - Delayed 1 second(s)

2022-06-23 22:02:48 - [MESSAGE][PASSED] - Object: 'Object Repository/1. Constant/xpath' is hovered

2022-06-23 22:02:49 - [MESSAGE][PASSED] - Object: 'Object Repository/1. Constant/xpath' is clicked on

2022-06-23 22:02:50 - [MESSAGE][PASSED] - Delayed 1 second(s)

2022-06-23 22:02:54 - [MESSAGE][PASSED] - Object: 'Object Repository/1. Constant/xpath' is clicked on

2022-06-23 22:02:54 - [TEST_STEP][PASSED] - delay(1): Delayed 1 second(s)

2022-06-23 22:02:55 - [MESSAGE][PASSED] - Delayed 1 second(s)

2022-06-23 22:02:55 - [TEST_STEP][PASSED] - takeScreenshot(): Taking screenshot successfully

2022-06-23 22:02:56 - [MESSAGE][PASSED] - Taking screenshot successfully
[[ATTACHMENT|D:\\Projet Test Auto\\Mediabox Test Automation\\Reports\\20220623_184212\\03. Parallel Testing (Testing)\\TS -PT PART 3\\14.03 Dreyers Support Action (Ongoing _ Completed ref) - PART 3\\20220623_184230\\1656014576169.png]]

2022-06-23 22:02:56 - [TEST_STEP][PASSED] - I.Logout(): Delayed 3 second(s)

2022-06-23 22:02:59 - [MESSAGE][PASSED] - Delayed 3 second(s)

2022-06-23 22:03:02 - [MESSAGE][PASSED] - Object: 'Object Repository/1. Constant/xpath' is clicked on

2022-06-23 22:03:05 - [MESSAGE][PASSED] - Delayed 3 second(s)

2022-06-23 22:03:09 - [MESSAGE][PASSED] - Object: 'Object Repository/1. Constant/xpath' is clicked on

2022-06-23 22:03:12 - [MESSAGE][PASSED] - Delayed 3 second(s)

2022-06-23 22:03:12 - [TEST_STEP][PASSED] - I.Login_password("nturner", password_nturner): Object: 'Object Repository/1. Constant/xpath' is clicked on

2022-06-23 22:03:12 - [MESSAGE][PASSED] - Text 'nturner' is set on object 'Object Repository/1. Constant/xpath'

2022-06-23 22:03:13 - [MESSAGE][PASSED] - Delayed 1 second(s)

2022-06-23 22:03:16 - [MESSAGE][PASSED] - Text 'diadeis1' is set on object 'Object Repository/1. Constant/xpath'

2022-06-23 22:03:17 - [MESSAGE][PASSED] - Delayed 1 second(s)

2022-06-23 22:03:21 - [MESSAGE][PASSED] - Object: 'Object Repository/1. Constant/xpath' is clicked on

2022-06-23 22:03:21 - [TEST_STEP][PASSED] - click(findTestObject("1. Constant/02_LHSMenu_Projects")): Object: 'Object Repository/1. Constant/02_LHSMenu_Projects' is clicked on

2022-06-23 22:03:24 - [MESSAGE][PASSED] - Object: 'Object Repository/1. Constant/02_LHSMenu_Projects' is clicked on

2022-06-23 22:03:24 - [TEST_STEP][PASSED] - I.SearchProjectNo_xpath(Project_No, "//*[@id="keynum_project"]", "//*[@id="form_filters"]/div[4]/button"): Delayed 5 second(s)

2022-06-23 22:03:25 - [MESSAGE][PASSED] - Delayed 1 second(s)

2022-06-23 22:03:28 - [MESSAGE][PASSED] - Text 'MI000883' is set on object 'Object Repository/1. Constant/xpath'

2022-06-23 22:03:31 - [MESSAGE][PASSED] - Delayed 3 second(s)

2022-06-23 22:03:32 - [MESSAGE][PASSED] - Scroll to object 'Object Repository/1. Constant/xpath' successfully

2022-06-23 22:03:35 - [MESSAGE][PASSED] - Object: 'Object Repository/1. Constant/xpath' is clicked on

2022-06-23 22:03:40 - [MESSAGE][PASSED] - Delayed 5 second(s)

2022-06-23 22:03:40 - [TEST_STEP][PASSED] - takeScreenshot(): Taking screenshot successfully

2022-06-23 22:03:41 - [MESSAGE][PASSED] - Taking screenshot successfully
[[ATTACHMENT|D:\\Projet Test Auto\\Mediabox Test Automation\\Reports\\20220623_184212\\03. Parallel Testing (Testing)\\TS -PT PART 3\\14.03 Dreyers Support Action (Ongoing _ Completed ref) - PART 3\\20220623_184230\\1656014620825.png]]

2022-06-23 22:03:41 - [TEST_STEP][PASSED] - I.SearchRefNo_xpath("P10_Auto", "//*[@id="fiche_filter_keywords11"]", "//*[@id="form_filters"]/div[3]/button"): Delayed 5 second(s)

2022-06-23 22:03:42 - [MESSAGE][PASSED] - Delayed 1 second(s)

2022-06-23 22:03:44 - [MESSAGE][PASSED] - Text 'P10_Auto' is set on object 'Object Repository/1. Constant/xpath'

2022-06-23 22:03:47 - [MESSAGE][PASSED] - Delayed 3 second(s)

2022-06-23 22:03:49 - [MESSAGE][PASSED] - Scroll to object 'Object Repository/1. Constant/xpath' successfully

2022-06-23 22:03:54 - [MESSAGE][PASSED] - Object: 'Object Repository/1. Constant/xpath' is clicked on

2022-06-23 22:03:59 - [MESSAGE][PASSED] - Delayed 5 second(s)

2022-06-23 22:03:59 - [TEST_STEP][PASSED] - delay(1): Delayed 1 second(s)

2022-06-23 22:04:00 - [MESSAGE][PASSED] - Delayed 1 second(s)

2022-06-23 22:04:00 - [TEST_STEP][PASSED] - Lifecycle_Status2 = getText(findTestObject("1. Constant/xpath", ["xpath":"//*[@id="source_" + refID10 + ""]/td[12]/span[1]"])): Text of object 'Object Repository/1. Constant/xpath' is: 'Phase 1.1 [Standard]'

2022-06-23 22:04:00 - [MESSAGE][PASSED] - Text of object 'Object Repository/1. Constant/xpath' is: 'Phase 1.1 [Standard]'

2022-06-23 22:04:00 - [TEST_STEP][PASSED] - verifyMatch(Lifecycle_Status2, "Phase 1.1 [Standard]", false): Actual text 'Phase 1.1 [Standard]' and expected text 'Phase 1.1 [Standard]' are matched 

2022-06-23 22:04:00 - [MESSAGE][PASSED] - Actual text 'Phase 1.1 [Standard]' and expected text 'Phase 1.1 [Standard]' are matched 

2022-06-23 22:04:00 - [TEST_STEP][PASSED] - I.Logout(): Delayed 3 second(s)

2022-06-23 22:04:03 - [MESSAGE][PASSED] - Delayed 3 second(s)

2022-06-23 22:04:05 - [MESSAGE][PASSED] - Object: 'Object Repository/1. Constant/xpath' is clicked on

2022-06-23 22:04:08 - [MESSAGE][PASSED] - Delayed 3 second(s)

2022-06-23 22:04:11 - [MESSAGE][PASSED] - Object: 'Object Repository/1. Constant/xpath' is clicked on

2022-06-23 22:04:14 - [MESSAGE][PASSED] - Delayed 3 second(s)

2022-06-23 22:04:14 - [TEST_STEP][PASSED] - I.Login_password("blemco", password_blemco): Object: 'Object Repository/1. Constant/xpath' is clicked on

2022-06-23 22:04:18 - [MESSAGE][PASSED] - Text 'blemco' is set on object 'Object Repository/1. Constant/xpath'

2022-06-23 22:04:19 - [MESSAGE][PASSED] - Delayed 1 second(s)

2022-06-23 22:04:20 - [MESSAGE][PASSED] - Text 'diadeis1' is set on object 'Object Repository/1. Constant/xpath'

2022-06-23 22:04:21 - [MESSAGE][PASSED] - Delayed 1 second(s)

2022-06-23 22:04:27 - [MESSAGE][PASSED] - Object: 'Object Repository/1. Constant/xpath' is clicked on

2022-06-23 22:04:27 - [TEST_STEP][PASSED] - click(findTestObject("1. Constant/02_LHSMenu_Projects")): Object: 'Object Repository/1. Constant/02_LHSMenu_Projects' is clicked on

2022-06-23 22:04:32 - [MESSAGE][PASSED] - Object: 'Object Repository/1. Constant/02_LHSMenu_Projects' is clicked on

2022-06-23 22:04:32 - [TEST_STEP][PASSED] - I.SearchProjectNo_xpath(Project_No, "//*[@id="keynum_project"]", "//*[@id="form_filters"]/div[4]/button"): Delayed 5 second(s)

2022-06-23 22:04:33 - [MESSAGE][PASSED] - Delayed 1 second(s)

2022-06-23 22:04:35 - [MESSAGE][PASSED] - Text 'MI000883' is set on object 'Object Repository/1. Constant/xpath'

2022-06-23 22:04:38 - [MESSAGE][PASSED] - Delayed 3 second(s)

2022-06-23 22:04:39 - [MESSAGE][PASSED] - Scroll to object 'Object Repository/1. Constant/xpath' successfully

2022-06-23 22:04:44 - [MESSAGE][PASSED] - Object: 'Object Repository/1. Constant/xpath' is clicked on

2022-06-23 22:04:49 - [MESSAGE][PASSED] - Delayed 5 second(s)

2022-06-23 22:04:49 - [TEST_STEP][PASSED] - takeScreenshot(): Taking screenshot successfully

2022-06-23 22:04:50 - [MESSAGE][PASSED] - Taking screenshot successfully
[[ATTACHMENT|D:\\Projet Test Auto\\Mediabox Test Automation\\Reports\\20220623_184212\\03. Parallel Testing (Testing)\\TS -PT PART 3\\14.03 Dreyers Support Action (Ongoing _ Completed ref) - PART 3\\20220623_184230\\1656014690188.png]]

2022-06-23 22:04:50 - [TEST_STEP][PASSED] - I.SearchRefNo_xpath("P10_Auto", "//*[@id="fiche_filter_keywords11"]", "//*[@id="form_filters"]/div[3]/button"): Delayed 5 second(s)

2022-06-23 22:04:51 - [MESSAGE][PASSED] - Delayed 1 second(s)

2022-06-23 22:04:54 - [MESSAGE][PASSED] - Text 'P10_Auto' is set on object 'Object Repository/1. Constant/xpath'

2022-06-23 22:04:57 - [MESSAGE][PASSED] - Delayed 3 second(s)

2022-06-23 22:04:58 - [MESSAGE][PASSED] - Scroll to object 'Object Repository/1. Constant/xpath' successfully

2022-06-23 22:05:03 - [MESSAGE][PASSED] - Object: 'Object Repository/1. Constant/xpath' is clicked on

2022-06-23 22:05:08 - [MESSAGE][PASSED] - Delayed 5 second(s)

2022-06-23 22:05:08 - [TEST_STEP][PASSED] - takeScreenshot(): Taking screenshot successfully

2022-06-23 22:05:09 - [MESSAGE][PASSED] - Taking screenshot successfully
[[ATTACHMENT|D:\\Projet Test Auto\\Mediabox Test Automation\\Reports\\20220623_184212\\03. Parallel Testing (Testing)\\TS -PT PART 3\\14.03 Dreyers Support Action (Ongoing _ Completed ref) - PART 3\\20220623_184230\\1656014709395.png]]

2022-06-23 22:05:09 - [TEST_STEP][PASSED] - click(findTestObject("1. Constant/xpath", ["xpath":"//*[@id="source_" + refID10 + ""]/td[13]/a[3]"])): Object: 'Object Repository/1. Constant/xpath' is clicked on

2022-06-23 22:05:11 - [MESSAGE][PASSED] - Object: 'Object Repository/1. Constant/xpath' is clicked on

2022-06-23 22:05:11 - [TEST_STEP][PASSED] - click(findTestObject("1. Constant/xpath", ["xpath":"//*[@id="ModifFiche"]/div[1]/div/button[2]"])): Object: 'Object Repository/1. Constant/xpath' is clicked on

2022-06-23 22:05:15 - [MESSAGE][PASSED] - Object: 'Object Repository/1. Constant/xpath' is clicked on

2022-06-23 22:05:15 - [TEST_STEP][PASSED] - Lifecycle_Status3 = getText(findTestObject("1. Constant/xpath", ["xpath":"//*[@id="source_" + refID10 + ""]/td[12]/span[1]"])): Text of object 'Object Repository/1. Constant/xpath' is: 'Phase 1.2 [Standard Phase]'

2022-06-23 22:05:16 - [MESSAGE][PASSED] - Text of object 'Object Repository/1. Constant/xpath' is: 'Phase 1.2 [Standard Phase]'

2022-06-23 22:05:16 - [TEST_STEP][PASSED] - verifyMatch(Lifecycle_Status3, "Phase 1.2 [Standard Phase]", false): Actual text 'Phase 1.2 [Standard Phase]' and expected text 'Phase 1.2 [Standard Phase]' are matched 

2022-06-23 22:05:16 - [MESSAGE][PASSED] - Actual text 'Phase 1.2 [Standard Phase]' and expected text 'Phase 1.2 [Standard Phase]' are matched 

2022-06-23 22:05:16 - [TEST_STEP][PASSED] - I.Logout(): Delayed 3 second(s)

2022-06-23 22:05:19 - [MESSAGE][PASSED] - Delayed 3 second(s)

2022-06-23 22:05:20 - [MESSAGE][PASSED] - Object: 'Object Repository/1. Constant/xpath' is clicked on

2022-06-23 22:05:23 - [MESSAGE][PASSED] - Delayed 3 second(s)

2022-06-23 22:05:25 - [MESSAGE][PASSED] - Object: 'Object Repository/1. Constant/xpath' is clicked on

2022-06-23 22:05:28 - [MESSAGE][PASSED] - Delayed 3 second(s)

2022-06-23 22:05:28 - [TEST_STEP][PASSED] - I.Login_password("nturner", password_nturner): Object: 'Object Repository/1. Constant/xpath' is clicked on

2022-06-23 22:05:30 - [MESSAGE][PASSED] - Text 'nturner' is set on object 'Object Repository/1. Constant/xpath'

2022-06-23 22:05:31 - [MESSAGE][PASSED] - Delayed 1 second(s)

2022-06-23 22:05:31 - [MESSAGE][PASSED] - Text 'diadeis1' is set on object 'Object Repository/1. Constant/xpath'

2022-06-23 22:05:32 - [MESSAGE][PASSED] - Delayed 1 second(s)

2022-06-23 22:05:37 - [MESSAGE][PASSED] - Object: 'Object Repository/1. Constant/xpath' is clicked on

2022-06-23 22:05:37 - [TEST_STEP][PASSED] - click(findTestObject("1. Constant/02_LHSMenu_Projects")): Object: 'Object Repository/1. Constant/02_LHSMenu_Projects' is clicked on

2022-06-23 22:05:42 - [MESSAGE][PASSED] - Object: 'Object Repository/1. Constant/02_LHSMenu_Projects' is clicked on

2022-06-23 22:05:42 - [TEST_STEP][PASSED] - I.SearchProjectNo_xpath(Project_No, "//*[@id="keynum_project"]", "//*[@id="form_filters"]/div[4]/button"): Delayed 5 second(s)

2022-06-23 22:05:43 - [MESSAGE][PASSED] - Delayed 1 second(s)

2022-06-23 22:05:45 - [MESSAGE][PASSED] - Text 'MI000883' is set on object 'Object Repository/1. Constant/xpath'

2022-06-23 22:05:48 - [MESSAGE][PASSED] - Delayed 3 second(s)

2022-06-23 22:05:48 - [MESSAGE][PASSED] - Scroll to object 'Object Repository/1. Constant/xpath' successfully

2022-06-23 22:05:52 - [MESSAGE][PASSED] - Object: 'Object Repository/1. Constant/xpath' is clicked on

2022-06-23 22:05:57 - [MESSAGE][PASSED] - Delayed 5 second(s)

2022-06-23 22:05:57 - [TEST_STEP][PASSED] - takeScreenshot(): Taking screenshot successfully

2022-06-23 22:05:58 - [MESSAGE][PASSED] - Taking screenshot successfully
[[ATTACHMENT|D:\\Projet Test Auto\\Mediabox Test Automation\\Reports\\20220623_184212\\03. Parallel Testing (Testing)\\TS -PT PART 3\\14.03 Dreyers Support Action (Ongoing _ Completed ref) - PART 3\\20220623_184230\\1656014758232.png]]

2022-06-23 22:05:58 - [TEST_STEP][PASSED] - I.SearchRefNo_xpath("P10_Auto", "//*[@id="fiche_filter_keywords11"]", "//*[@id="form_filters"]/div[3]/button"): Delayed 5 second(s)

2022-06-23 22:05:59 - [MESSAGE][PASSED] - Delayed 1 second(s)

2022-06-23 22:06:03 - [MESSAGE][PASSED] - Text 'P10_Auto' is set on object 'Object Repository/1. Constant/xpath'

2022-06-23 22:06:06 - [MESSAGE][PASSED] - Delayed 3 second(s)

2022-06-23 22:06:07 - [MESSAGE][PASSED] - Scroll to object 'Object Repository/1. Constant/xpath' successfully

2022-06-23 22:06:10 - [MESSAGE][PASSED] - Object: 'Object Repository/1. Constant/xpath' is clicked on

2022-06-23 22:06:15 - [MESSAGE][PASSED] - Delayed 5 second(s)

2022-06-23 22:06:15 - [TEST_STEP][PASSED] - delay(1): Delayed 1 second(s)

2022-06-23 22:06:16 - [MESSAGE][PASSED] - Delayed 1 second(s)

2022-06-23 22:06:16 - [TEST_STEP][PASSED] - takeScreenshot(): Taking screenshot successfully

2022-06-23 22:06:17 - [MESSAGE][PASSED] - Taking screenshot successfully
[[ATTACHMENT|D:\\Projet Test Auto\\Mediabox Test Automation\\Reports\\20220623_184212\\03. Parallel Testing (Testing)\\TS -PT PART 3\\14.03 Dreyers Support Action (Ongoing _ Completed ref) - PART 3\\20220623_184230\\1656014777083.png]]

2022-06-23 22:06:17 - [TEST_STEP][PASSED] - click(findTestObject("1. Constant/xpath", ["xpath":"//*[@id="source_" + refID10 + ""]/td[13]/a[2]"])): Object: 'Object Repository/1. Constant/xpath' is clicked on

2022-06-23 22:06:20 - [MESSAGE][PASSED] - Object: 'Object Repository/1. Constant/xpath' is clicked on

2022-06-23 22:06:20 - [TEST_STEP][PASSED] - click(findTestObject("1. Constant/xpath", ["xpath":"//*[@id="ModifFiche"]/div[1]/div/button[2]"])): Object: 'Object Repository/1. Constant/xpath' is clicked on

2022-06-23 22:06:25 - [MESSAGE][PASSED] - Object: 'Object Repository/1. Constant/xpath' is clicked on

2022-06-23 22:06:25 - [TEST_STEP][PASSED] - Lifecycle_Status11 = getText(findTestObject("1. Constant/xpath", ["xpath":"//*[@id="source_" + refID10 + ""]/td[12]/span[1]"])): Text of object 'Object Repository/1. Constant/xpath' is: 'Phase 3.1 [Question]'

2022-06-23 22:06:25 - [MESSAGE][PASSED] - Text of object 'Object Repository/1. Constant/xpath' is: 'Phase 3.1 [Question]'

2022-06-23 22:06:25 - [TEST_STEP][PASSED] - verifyMatch(Lifecycle_Status11, "Phase 3.1 [Question]", false): Actual text 'Phase 3.1 [Question]' and expected text 'Phase 3.1 [Question]' are matched 

2022-06-23 22:06:25 - [MESSAGE][PASSED] - Actual text 'Phase 3.1 [Question]' and expected text 'Phase 3.1 [Question]' are matched 

2022-06-23 22:06:25 - [TEST_STEP][PASSED] - I.Logout(): Delayed 3 second(s)

2022-06-23 22:06:28 - [MESSAGE][PASSED] - Delayed 3 second(s)

2022-06-23 22:06:30 - [MESSAGE][PASSED] - Object: 'Object Repository/1. Constant/xpath' is clicked on

2022-06-23 22:06:33 - [MESSAGE][PASSED] - Delayed 3 second(s)

2022-06-23 22:06:36 - [MESSAGE][PASSED] - Object: 'Object Repository/1. Constant/xpath' is clicked on

2022-06-23 22:06:39 - [MESSAGE][PASSED] - Delayed 3 second(s)

2022-06-23 22:06:39 - [TEST_STEP][PASSED] - I.Login_password("talexeeva", password_talexeeva): Object: 'Object Repository/1. Constant/xpath' is clicked on

2022-06-23 22:06:40 - [MESSAGE][PASSED] - Text 'talexeeva' is set on object 'Object Repository/1. Constant/xpath'

2022-06-23 22:06:41 - [MESSAGE][PASSED] - Delayed 1 second(s)

2022-06-23 22:06:42 - [MESSAGE][PASSED] - Text 'diadeis2' is set on object 'Object Repository/1. Constant/xpath'

2022-06-23 22:06:43 - [MESSAGE][PASSED] - Delayed 1 second(s)

2022-06-23 22:06:49 - [MESSAGE][PASSED] - Object: 'Object Repository/1. Constant/xpath' is clicked on

2022-06-23 22:06:49 - [TEST_STEP][PASSED] - click(findTestObject("1. Constant/02_LHSMenu_Projects")): Object: 'Object Repository/1. Constant/02_LHSMenu_Projects' is clicked on

2022-06-23 22:06:51 - [MESSAGE][PASSED] - Object: 'Object Repository/1. Constant/02_LHSMenu_Projects' is clicked on

2022-06-23 22:06:51 - [TEST_STEP][PASSED] - I.SearchProjectNo_xpath(Project_No, "//*[@id="keynum_project"]", "//*[@id="form_filters"]/div[4]/button"): Delayed 5 second(s)

2022-06-23 22:06:52 - [MESSAGE][PASSED] - Delayed 1 second(s)

2022-06-23 22:06:54 - [MESSAGE][PASSED] - Text 'MI000883' is set on object 'Object Repository/1. Constant/xpath'

2022-06-23 22:06:57 - [MESSAGE][PASSED] - Delayed 3 second(s)

2022-06-23 22:06:58 - [MESSAGE][PASSED] - Scroll to object 'Object Repository/1. Constant/xpath' successfully

2022-06-23 22:07:01 - [MESSAGE][PASSED] - Object: 'Object Repository/1. Constant/xpath' is clicked on

2022-06-23 22:07:06 - [MESSAGE][PASSED] - Delayed 5 second(s)

2022-06-23 22:07:06 - [TEST_STEP][PASSED] - I.SearchRefNo_xpath("P10_Auto", "//*[@id="fiche_filter_keywords11"]", "//*[@id="form_filters"]/div[3]/button"): Delayed 5 second(s)

2022-06-23 22:07:07 - [MESSAGE][PASSED] - Delayed 1 second(s)

2022-06-23 22:07:09 - [MESSAGE][PASSED] - Text 'P10_Auto' is set on object 'Object Repository/1. Constant/xpath'

2022-06-23 22:07:12 - [MESSAGE][PASSED] - Delayed 3 second(s)

2022-06-23 22:07:12 - [MESSAGE][PASSED] - Scroll to object 'Object Repository/1. Constant/xpath' successfully

2022-06-23 22:07:17 - [MESSAGE][PASSED] - Object: 'Object Repository/1. Constant/xpath' is clicked on

2022-06-23 22:07:22 - [MESSAGE][PASSED] - Delayed 5 second(s)

2022-06-23 22:07:22 - [TEST_STEP][PASSED] - takeScreenshot(): Taking screenshot successfully

2022-06-23 22:07:24 - [MESSAGE][PASSED] - Taking screenshot successfully
[[ATTACHMENT|D:\\Projet Test Auto\\Mediabox Test Automation\\Reports\\20220623_184212\\03. Parallel Testing (Testing)\\TS -PT PART 3\\14.03 Dreyers Support Action (Ongoing _ Completed ref) - PART 3\\20220623_184230\\1656014843234.png]]

2022-06-23 22:07:24 - [TEST_STEP][PASSED] - I.submitquesiton_ref(findTestObject("1. Constant/xpath", ["xpath":"//*[@id="source_" + refID10 + ""]/td[13]/div[1]/button"]), findTestObject("1. Constant/xpath", ["xpath":"//*[@id="source_" + refID10 + ""]/td[13]/div[1]/div/a[1]"])): Object: 'Object Repository/1. Constant/xpath' is clicked on

2022-06-23 22:07:25 - [MESSAGE][PASSED] - Object: 'Object Repository/1. Constant/xpath' is clicked on

2022-06-23 22:07:28 - [MESSAGE][PASSED] - Delayed 3 second(s)

2022-06-23 22:07:30 - [MESSAGE][PASSED] - Object: 'Object Repository/1. Constant/xpath' is clicked on

2022-06-23 22:07:30 - [TEST_STEP][PASSED] - click(findTestObject("1. Constant/xpath", ["xpath":"//*[@id="ModifFiche"]/div[1]/div/button[2]"])): Object: 'Object Repository/1. Constant/xpath' is clicked on

2022-06-23 22:07:36 - [MESSAGE][PASSED] - Object: 'Object Repository/1. Constant/xpath' is clicked on

2022-06-23 22:07:36 - [TEST_STEP][PASSED] - takeScreenshot(): Taking screenshot successfully

2022-06-23 22:07:37 - [MESSAGE][PASSED] - Taking screenshot successfully
[[ATTACHMENT|D:\\Projet Test Auto\\Mediabox Test Automation\\Reports\\20220623_184212\\03. Parallel Testing (Testing)\\TS -PT PART 3\\14.03 Dreyers Support Action (Ongoing _ Completed ref) - PART 3\\20220623_184230\\1656014856727.png]]

2022-06-23 22:07:37 - [TEST_STEP][PASSED] - Lifecycle_Status22 = getText(findTestObject("1. Constant/xpath", ["xpath":"//*[@id="source_" + refID10 + ""]/td[12]/span[1]"])): Text of object 'Object Repository/1. Constant/xpath' is: 'Phase 3.2 [Question]'

2022-06-23 22:07:38 - [MESSAGE][PASSED] - Text of object 'Object Repository/1. Constant/xpath' is: 'Phase 3.2 [Question]'

2022-06-23 22:07:38 - [TEST_STEP][PASSED] - verifyMatch(Lifecycle_Status22, "Phase 3.2 [Question]", false): Actual text 'Phase 3.2 [Question]' and expected text 'Phase 3.2 [Question]' are matched 

2022-06-23 22:07:38 - [MESSAGE][PASSED] - Actual text 'Phase 3.2 [Question]' and expected text 'Phase 3.2 [Question]' are matched 

2022-06-23 22:07:38 - [TEST_STEP][PASSED] - I.Logout(): Delayed 3 second(s)

2022-06-23 22:07:41 - [MESSAGE][PASSED] - Delayed 3 second(s)

2022-06-23 22:07:43 - [MESSAGE][PASSED] - Object: 'Object Repository/1. Constant/xpath' is clicked on

2022-06-23 22:07:46 - [MESSAGE][PASSED] - Delayed 3 second(s)

2022-06-23 22:07:49 - [MESSAGE][PASSED] - Object: 'Object Repository/1. Constant/xpath' is clicked on

2022-06-23 22:07:52 - [MESSAGE][PASSED] - Delayed 3 second(s)

2022-06-23 22:07:52 - [TEST_STEP][PASSED] - I.Login_password("nturner", password_nturner): Object: 'Object Repository/1. Constant/xpath' is clicked on

2022-06-23 22:07:55 - [MESSAGE][PASSED] - Text 'nturner' is set on object 'Object Repository/1. Constant/xpath'

2022-06-23 22:07:56 - [MESSAGE][PASSED] - Delayed 1 second(s)

2022-06-23 22:07:58 - [MESSAGE][PASSED] - Text 'diadeis1' is set on object 'Object Repository/1. Constant/xpath'

2022-06-23 22:07:59 - [MESSAGE][PASSED] - Delayed 1 second(s)

2022-06-23 22:08:04 - [MESSAGE][PASSED] - Object: 'Object Repository/1. Constant/xpath' is clicked on

2022-06-23 22:08:04 - [TEST_STEP][PASSED] - click(findTestObject("1. Constant/02_LHSMenu_Projects")): Object: 'Object Repository/1. Constant/02_LHSMenu_Projects' is clicked on

2022-06-23 22:08:06 - [MESSAGE][PASSED] - Object: 'Object Repository/1. Constant/02_LHSMenu_Projects' is clicked on

2022-06-23 22:08:06 - [TEST_STEP][PASSED] - I.SearchProjectNo_xpath(Project_No, "//*[@id="keynum_project"]", "//*[@id="form_filters"]/div[4]/button"): Delayed 5 second(s)

2022-06-23 22:08:07 - [MESSAGE][PASSED] - Delayed 1 second(s)

2022-06-23 22:08:08 - [MESSAGE][PASSED] - Text 'MI000883' is set on object 'Object Repository/1. Constant/xpath'

2022-06-23 22:08:11 - [MESSAGE][PASSED] - Delayed 3 second(s)

2022-06-23 22:08:12 - [MESSAGE][PASSED] - Scroll to object 'Object Repository/1. Constant/xpath' successfully

2022-06-23 22:08:20 - [MESSAGE][PASSED] - Object: 'Object Repository/1. Constant/xpath' is clicked on

2022-06-23 22:08:25 - [MESSAGE][PASSED] - Delayed 5 second(s)

2022-06-23 22:08:25 - [TEST_STEP][PASSED] - takeScreenshot(): Taking screenshot successfully

2022-06-23 22:08:26 - [MESSAGE][PASSED] - Taking screenshot successfully
[[ATTACHMENT|D:\\Projet Test Auto\\Mediabox Test Automation\\Reports\\20220623_184212\\03. Parallel Testing (Testing)\\TS -PT PART 3\\14.03 Dreyers Support Action (Ongoing _ Completed ref) - PART 3\\20220623_184230\\1656014905851.png]]

2022-06-23 22:08:26 - [TEST_STEP][PASSED] - I.SearchRefNo_xpath("P10_Auto", "//*[@id="fiche_filter_keywords11"]", "//*[@id="form_filters"]/div[3]/button"): Delayed 5 second(s)

2022-06-23 22:08:27 - [MESSAGE][PASSED] - Delayed 1 second(s)

2022-06-23 22:08:28 - [MESSAGE][PASSED] - Text 'P10_Auto' is set on object 'Object Repository/1. Constant/xpath'

2022-06-23 22:08:31 - [MESSAGE][PASSED] - Delayed 3 second(s)

2022-06-23 22:08:33 - [MESSAGE][PASSED] - Scroll to object 'Object Repository/1. Constant/xpath' successfully

2022-06-23 22:08:38 - [MESSAGE][PASSED] - Object: 'Object Repository/1. Constant/xpath' is clicked on

2022-06-23 22:08:43 - [MESSAGE][PASSED] - Delayed 5 second(s)

2022-06-23 22:08:43 - [TEST_STEP][PASSED] - I.submitquesiton_ref(findTestObject("1. Constant/xpath", ["xpath":"//*[@id="source_" + refID10 + ""]/td[13]/div/button"]), findTestObject("1. Constant/xpath", ["xpath":"//*[@id="source_" + refID10 + ""]/td[13]/div/div/a[1]"])): Object: 'Object Repository/1. Constant/xpath' is clicked on

2022-06-23 22:08:46 - [MESSAGE][PASSED] - Object: 'Object Repository/1. Constant/xpath' is clicked on

2022-06-23 22:08:49 - [MESSAGE][PASSED] - Delayed 3 second(s)

2022-06-23 22:08:52 - [MESSAGE][PASSED] - Object: 'Object Repository/1. Constant/xpath' is clicked on

2022-06-23 22:08:52 - [TEST_STEP][PASSED] - click(findTestObject("1. Constant/xpath", ["xpath":"//*[@id="ModifFiche"]/div[1]/div/button[2]"])): Object: 'Object Repository/1. Constant/xpath' is clicked on

2022-06-23 22:08:56 - [MESSAGE][PASSED] - Object: 'Object Repository/1. Constant/xpath' is clicked on

2022-06-23 22:08:56 - [TEST_STEP][PASSED] - Lifecycle_Status33 = getText(findTestObject("1. Constant/xpath", ["xpath":"//*[@id="source_" + refID10 + ""]/td[12]/span[1]"])): Text of object 'Object Repository/1. Constant/xpath' is: 'Phase 3.3 [Standard]'

2022-06-23 22:08:57 - [MESSAGE][PASSED] - Text of object 'Object Repository/1. Constant/xpath' is: 'Phase 3.3 [Standard]'

2022-06-23 22:08:57 - [TEST_STEP][PASSED] - verifyMatch(Lifecycle_Status33, "Phase 3.3 [Standard]", false): Actual text 'Phase 3.3 [Standard]' and expected text 'Phase 3.3 [Standard]' are matched 

2022-06-23 22:08:57 - [MESSAGE][PASSED] - Actual text 'Phase 3.3 [Standard]' and expected text 'Phase 3.3 [Standard]' are matched 

2022-06-23 22:08:57 - [TEST_STEP][PASSED] - takeScreenshot(): Taking screenshot successfully

2022-06-23 22:08:57 - [MESSAGE][PASSED] - Taking screenshot successfully
[[ATTACHMENT|D:\\Projet Test Auto\\Mediabox Test Automation\\Reports\\20220623_184212\\03. Parallel Testing (Testing)\\TS -PT PART 3\\14.03 Dreyers Support Action (Ongoing _ Completed ref) - PART 3\\20220623_184230\\1656014937265.png]]

2022-06-23 22:08:57 - [TEST_STEP][PASSED] - I.Logout(): Delayed 3 second(s)

2022-06-23 22:09:00 - [MESSAGE][PASSED] - Delayed 3 second(s)

2022-06-23 22:09:01 - [MESSAGE][PASSED] - Object: 'Object Repository/1. Constant/xpath' is clicked on

2022-06-23 22:09:04 - [MESSAGE][PASSED] - Delayed 3 second(s)

2022-06-23 22:09:09 - [MESSAGE][PASSED] - Object: 'Object Repository/1. Constant/xpath' is clicked on

2022-06-23 22:09:12 - [MESSAGE][PASSED] - Delayed 3 second(s)

2022-06-23 22:09:12 - [TEST_STEP][PASSED] - I.Login_password("jryan", password_jryan): Object: 'Object Repository/1. Constant/xpath' is clicked on

2022-06-23 22:09:14 - [MESSAGE][PASSED] - Text 'jryan' is set on object 'Object Repository/1. Constant/xpath'

2022-06-23 22:09:15 - [MESSAGE][PASSED] - Delayed 1 second(s)

2022-06-23 22:09:17 - [MESSAGE][PASSED] - Text 'diadeis' is set on object 'Object Repository/1. Constant/xpath'

2022-06-23 22:09:18 - [MESSAGE][PASSED] - Delayed 1 second(s)

2022-06-23 22:09:21 - [MESSAGE][PASSED] - Object: 'Object Repository/1. Constant/xpath' is clicked on

2022-06-23 22:09:21 - [TEST_STEP][PASSED] - takeScreenshot(): Taking screenshot successfully

2022-06-23 22:09:22 - [MESSAGE][PASSED] - Taking screenshot successfully
[[ATTACHMENT|D:\\Projet Test Auto\\Mediabox Test Automation\\Reports\\20220623_184212\\03. Parallel Testing (Testing)\\TS -PT PART 3\\14.03 Dreyers Support Action (Ongoing _ Completed ref) - PART 3\\20220623_184230\\1656014961784.png]]

2022-06-23 22:09:22 - [TEST_STEP][PASSED] - click(findTestObject("1. Constant/02_LHSMenu_Projects")): Object: 'Object Repository/1. Constant/02_LHSMenu_Projects' is clicked on

2022-06-23 22:09:25 - [MESSAGE][PASSED] - Object: 'Object Repository/1. Constant/02_LHSMenu_Projects' is clicked on

2022-06-23 22:09:25 - [TEST_STEP][PASSED] - I.SearchProjectNo_xpath(Project_No, "//*[@id="keynum_project"]", "//*[@id="form_filters"]/div[4]/button"): Delayed 5 second(s)

2022-06-23 22:09:26 - [MESSAGE][PASSED] - Delayed 1 second(s)

2022-06-23 22:09:26 - [MESSAGE][PASSED] - Text 'MI000883' is set on object 'Object Repository/1. Constant/xpath'

2022-06-23 22:09:29 - [MESSAGE][PASSED] - Delayed 3 second(s)

2022-06-23 22:09:30 - [MESSAGE][PASSED] - Scroll to object 'Object Repository/1. Constant/xpath' successfully

2022-06-23 22:09:33 - [MESSAGE][PASSED] - Object: 'Object Repository/1. Constant/xpath' is clicked on

2022-06-23 22:09:38 - [MESSAGE][PASSED] - Delayed 5 second(s)

2022-06-23 22:09:38 - [TEST_STEP][PASSED] - takeScreenshot(): Taking screenshot successfully

2022-06-23 22:09:39 - [MESSAGE][PASSED] - Taking screenshot successfully
[[ATTACHMENT|D:\\Projet Test Auto\\Mediabox Test Automation\\Reports\\20220623_184212\\03. Parallel Testing (Testing)\\TS -PT PART 3\\14.03 Dreyers Support Action (Ongoing _ Completed ref) - PART 3\\20220623_184230\\1656014978574.png]]

2022-06-23 22:09:39 - [TEST_STEP][PASSED] - I.SearchRefNo_xpath("P10_Auto", "//*[@id="fiche_filter_keywords11"]", "//*[@id="form_filters"]/div[3]/button"): Delayed 5 second(s)

2022-06-23 22:09:40 - [MESSAGE][PASSED] - Delayed 1 second(s)

2022-06-23 22:09:41 - [MESSAGE][PASSED] - Text 'P10_Auto' is set on object 'Object Repository/1. Constant/xpath'

2022-06-23 22:09:44 - [MESSAGE][PASSED] - Delayed 3 second(s)

2022-06-23 22:09:45 - [MESSAGE][PASSED] - Scroll to object 'Object Repository/1. Constant/xpath' successfully

2022-06-23 22:09:49 - [MESSAGE][PASSED] - Object: 'Object Repository/1. Constant/xpath' is clicked on

2022-06-23 22:09:54 - [MESSAGE][PASSED] - Delayed 5 second(s)

2022-06-23 22:09:54 - [TEST_STEP][PASSED] - takeScreenshot(): Taking screenshot successfully

2022-06-23 22:09:54 - [MESSAGE][PASSED] - Taking screenshot successfully
[[ATTACHMENT|D:\\Projet Test Auto\\Mediabox Test Automation\\Reports\\20220623_184212\\03. Parallel Testing (Testing)\\TS -PT PART 3\\14.03 Dreyers Support Action (Ongoing _ Completed ref) - PART 3\\20220623_184230\\1656014994298.png]]

2022-06-23 22:09:54 - [TEST_STEP][PASSED] - click(findTestObject("1. Constant/xpath", ["xpath":"//*[@id="source_" + refID10 + ""]/td[14]/a[2]"])): Object: 'Object Repository/1. Constant/xpath' is clicked on

2022-06-23 22:09:56 - [MESSAGE][PASSED] - Object: 'Object Repository/1. Constant/xpath' is clicked on

2022-06-23 22:09:56 - [TEST_STEP][PASSED] - click(findTestObject("1. Constant/xpath", ["xpath":"//*[@id="ModifFiche"]/div[1]/div/button[2]"])): Object: 'Object Repository/1. Constant/xpath' is clicked on

2022-06-23 22:10:00 - [MESSAGE][PASSED] - Object: 'Object Repository/1. Constant/xpath' is clicked on

2022-06-23 22:10:00 - [TEST_STEP][PASSED] - Lifecycle_Status44 = getText(findTestObject("1. Constant/xpath", ["xpath":"//*[@id="source_" + refID10 + ""]/td[12]/span[1]"])): Text of object 'Object Repository/1. Constant/xpath' is: 'Phase 3.4 [Standard]'

2022-06-23 22:10:01 - [MESSAGE][PASSED] - Text of object 'Object Repository/1. Constant/xpath' is: 'Phase 3.4 [Standard]'

2022-06-23 22:10:01 - [TEST_STEP][PASSED] - verifyMatch(Lifecycle_Status44, "Phase 3.4 [Standard]", false): Actual text 'Phase 3.4 [Standard]' and expected text 'Phase 3.4 [Standard]' are matched 

2022-06-23 22:10:01 - [MESSAGE][PASSED] - Actual text 'Phase 3.4 [Standard]' and expected text 'Phase 3.4 [Standard]' are matched 

2022-06-23 22:10:01 - [TEST_STEP][PASSED] - takeScreenshot(): Taking screenshot successfully

2022-06-23 22:10:02 - [MESSAGE][PASSED] - Taking screenshot successfully
[[ATTACHMENT|D:\\Projet Test Auto\\Mediabox Test Automation\\Reports\\20220623_184212\\03. Parallel Testing (Testing)\\TS -PT PART 3\\14.03 Dreyers Support Action (Ongoing _ Completed ref) - PART 3\\20220623_184230\\1656015001774.png]]

2022-06-23 22:10:02 - [TEST_STEP][PASSED] - I.Logout(): Delayed 3 second(s)

2022-06-23 22:10:05 - [MESSAGE][PASSED] - Delayed 3 second(s)

2022-06-23 22:10:06 - [MESSAGE][PASSED] - Object: 'Object Repository/1. Constant/xpath' is clicked on

2022-06-23 22:10:09 - [MESSAGE][PASSED] - Delayed 3 second(s)

2022-06-23 22:10:13 - [MESSAGE][PASSED] - Object: 'Object Repository/1. Constant/xpath' is clicked on

2022-06-23 22:10:16 - [MESSAGE][PASSED] - Delayed 3 second(s)

2022-06-23 22:10:16 - [TEST_STEP][PASSED] - I.Login_password("nturner", password_nturner): Object: 'Object Repository/1. Constant/xpath' is clicked on

2022-06-23 22:10:17 - [MESSAGE][PASSED] - Text 'nturner' is set on object 'Object Repository/1. Constant/xpath'

2022-06-23 22:10:18 - [MESSAGE][PASSED] - Delayed 1 second(s)

2022-06-23 22:10:20 - [MESSAGE][PASSED] - Text 'diadeis1' is set on object 'Object Repository/1. Constant/xpath'

2022-06-23 22:10:21 - [MESSAGE][PASSED] - Delayed 1 second(s)

2022-06-23 22:10:26 - [MESSAGE][PASSED] - Object: 'Object Repository/1. Constant/xpath' is clicked on

2022-06-23 22:10:26 - [TEST_STEP][PASSED] - click(findTestObject("1. Constant/02_LHSMenu_Projects")): Object: 'Object Repository/1. Constant/02_LHSMenu_Projects' is clicked on

2022-06-23 22:10:29 - [MESSAGE][PASSED] - Object: 'Object Repository/1. Constant/02_LHSMenu_Projects' is clicked on

2022-06-23 22:10:29 - [TEST_STEP][PASSED] - I.SearchProjectNo_xpath(Project_No, "//*[@id="keynum_project"]", "//*[@id="form_filters"]/div[4]/button"): Delayed 5 second(s)

2022-06-23 22:10:30 - [MESSAGE][PASSED] - Delayed 1 second(s)

2022-06-23 22:10:32 - [MESSAGE][PASSED] - Text 'MI000883' is set on object 'Object Repository/1. Constant/xpath'

2022-06-23 22:10:35 - [MESSAGE][PASSED] - Delayed 3 second(s)

2022-06-23 22:10:36 - [MESSAGE][PASSED] - Scroll to object 'Object Repository/1. Constant/xpath' successfully

2022-06-23 22:10:40 - [MESSAGE][PASSED] - Object: 'Object Repository/1. Constant/xpath' is clicked on

2022-06-23 22:10:45 - [MESSAGE][PASSED] - Delayed 5 second(s)

2022-06-23 22:10:45 - [TEST_STEP][PASSED] - takeScreenshot(): Taking screenshot successfully

2022-06-23 22:10:46 - [MESSAGE][PASSED] - Taking screenshot successfully
[[ATTACHMENT|D:\\Projet Test Auto\\Mediabox Test Automation\\Reports\\20220623_184212\\03. Parallel Testing (Testing)\\TS -PT PART 3\\14.03 Dreyers Support Action (Ongoing _ Completed ref) - PART 3\\20220623_184230\\1656015046171.png]]

2022-06-23 22:10:46 - [TEST_STEP][PASSED] - I.SearchRefNo_xpath("P10_Auto", "//*[@id="fiche_filter_keywords11"]", "//*[@id="form_filters"]/div[3]/button"): Delayed 5 second(s)

2022-06-23 22:10:47 - [MESSAGE][PASSED] - Delayed 1 second(s)

2022-06-23 22:10:49 - [MESSAGE][PASSED] - Text 'P10_Auto' is set on object 'Object Repository/1. Constant/xpath'

2022-06-23 22:10:52 - [MESSAGE][PASSED] - Delayed 3 second(s)

2022-06-23 22:10:52 - [MESSAGE][PASSED] - Scroll to object 'Object Repository/1. Constant/xpath' successfully

2022-06-23 22:10:54 - [MESSAGE][PASSED] - Object: 'Object Repository/1. Constant/xpath' is clicked on

2022-06-23 22:10:59 - [MESSAGE][PASSED] - Delayed 5 second(s)

2022-06-23 22:10:59 - [TEST_STEP][PASSED] - click(findTestObject("1. Constant/xpath", ["xpath":"//*[@id="source_" + refID10 + ""]/td[13]/a[2]"])): Object: 'Object Repository/1. Constant/xpath' is clicked on

2022-06-23 22:11:03 - [MESSAGE][PASSED] - Object: 'Object Repository/1. Constant/xpath' is clicked on

2022-06-23 22:11:03 - [TEST_STEP][PASSED] - click(findTestObject("1. Constant/xpath", ["xpath":"//*[@id="ModifFiche"]/div[1]/div/button[2]"])): Object: 'Object Repository/1. Constant/xpath' is clicked on

2022-06-23 22:11:11 - [MESSAGE][PASSED] - Object: 'Object Repository/1. Constant/xpath' is clicked on

2022-06-23 22:11:11 - [TEST_STEP][PASSED] - Lifecycle_Status55 = getText(findTestObject("1. Constant/xpath", ["xpath":"//*[@id="source_" + refID10 + ""]/td[12]/span[1]"])): Text of object 'Object Repository/1. Constant/xpath' is: 'Phase 3.5[Prod]'

2022-06-23 22:11:13 - [MESSAGE][PASSED] - Text of object 'Object Repository/1. Constant/xpath' is: 'Phase 3.5[Prod]'

2022-06-23 22:11:13 - [TEST_STEP][PASSED] - verifyMatch(Lifecycle_Status55, "Phase 3.5[Prod]", false): Actual text 'Phase 3.5[Prod]' and expected text 'Phase 3.5[Prod]' are matched 

2022-06-23 22:11:13 - [MESSAGE][PASSED] - Actual text 'Phase 3.5[Prod]' and expected text 'Phase 3.5[Prod]' are matched 

2022-06-23 22:11:13 - [TEST_STEP][PASSED] - takeScreenshot(): Taking screenshot successfully

2022-06-23 22:11:14 - [MESSAGE][PASSED] - Taking screenshot successfully
[[ATTACHMENT|D:\\Projet Test Auto\\Mediabox Test Automation\\Reports\\20220623_184212\\03. Parallel Testing (Testing)\\TS -PT PART 3\\14.03 Dreyers Support Action (Ongoing _ Completed ref) - PART 3\\20220623_184230\\1656015073634.png]]

2022-06-23 22:11:14 - [TEST_STEP][PASSED] - I.Logout(): Delayed 3 second(s)

2022-06-23 22:11:17 - [MESSAGE][PASSED] - Delayed 3 second(s)

2022-06-23 22:11:19 - [MESSAGE][PASSED] - Object: 'Object Repository/1. Constant/xpath' is clicked on

2022-06-23 22:11:22 - [MESSAGE][PASSED] - Delayed 3 second(s)

2022-06-23 22:11:28 - [MESSAGE][PASSED] - Object: 'Object Repository/1. Constant/xpath' is clicked on

2022-06-23 22:11:31 - [MESSAGE][PASSED] - Delayed 3 second(s)

2022-06-23 22:11:31 - [TEST_STEP][PASSED] - I.Login_password("lmary", password_lmary): Object: 'Object Repository/1. Constant/xpath' is clicked on

2022-06-23 22:11:33 - [MESSAGE][PASSED] - Text 'lmary' is set on object 'Object Repository/1. Constant/xpath'

2022-06-23 22:11:34 - [MESSAGE][PASSED] - Delayed 1 second(s)

2022-06-23 22:11:36 - [MESSAGE][PASSED] - Text 'diadeis' is set on object 'Object Repository/1. Constant/xpath'

2022-06-23 22:11:37 - [MESSAGE][PASSED] - Delayed 1 second(s)

2022-06-23 22:11:42 - [MESSAGE][PASSED] - Object: 'Object Repository/1. Constant/xpath' is clicked on

2022-06-23 22:11:42 - [TEST_STEP][PASSED] - click(findTestObject("1. Constant/02_LHSMenu_Projects")): Object: 'Object Repository/1. Constant/02_LHSMenu_Projects' is clicked on

2022-06-23 22:11:44 - [MESSAGE][PASSED] - Object: 'Object Repository/1. Constant/02_LHSMenu_Projects' is clicked on

2022-06-23 22:11:44 - [TEST_STEP][PASSED] - I.SearchProjectNo_xpath(Project_No, "//*[@id="keynum_project"]", "//*[@id="form_filters"]/div[4]/button"): Delayed 5 second(s)

2022-06-23 22:11:45 - [MESSAGE][PASSED] - Delayed 1 second(s)

2022-06-23 22:11:47 - [MESSAGE][PASSED] - Text 'MI000883' is set on object 'Object Repository/1. Constant/xpath'

2022-06-23 22:11:50 - [MESSAGE][PASSED] - Delayed 3 second(s)

2022-06-23 22:11:51 - [MESSAGE][PASSED] - Scroll to object 'Object Repository/1. Constant/xpath' successfully

2022-06-23 22:11:55 - [MESSAGE][PASSED] - Object: 'Object Repository/1. Constant/xpath' is clicked on

2022-06-23 22:12:00 - [MESSAGE][PASSED] - Delayed 5 second(s)

2022-06-23 22:12:00 - [TEST_STEP][PASSED] - I.SearchRefNo_xpath("P10_Auto", "//*[@id="fiche_filter_keywords11"]", "//*[@id="form_filters"]/div[3]/button"): Delayed 5 second(s)

2022-06-23 22:12:01 - [MESSAGE][PASSED] - Delayed 1 second(s)

2022-06-23 22:12:02 - [MESSAGE][PASSED] - Text 'P10_Auto' is set on object 'Object Repository/1. Constant/xpath'

2022-06-23 22:12:05 - [MESSAGE][PASSED] - Delayed 3 second(s)

2022-06-23 22:12:06 - [MESSAGE][PASSED] - Scroll to object 'Object Repository/1. Constant/xpath' successfully

2022-06-23 22:12:09 - [MESSAGE][PASSED] - Object: 'Object Repository/1. Constant/xpath' is clicked on

2022-06-23 22:12:14 - [MESSAGE][PASSED] - Delayed 5 second(s)

2022-06-23 22:12:14 - [TEST_STEP][PASSED] - takeScreenshot(): Taking screenshot successfully

2022-06-23 22:12:15 - [MESSAGE][PASSED] - Taking screenshot successfully
[[ATTACHMENT|D:\\Projet Test Auto\\Mediabox Test Automation\\Reports\\20220623_184212\\03. Parallel Testing (Testing)\\TS -PT PART 3\\14.03 Dreyers Support Action (Ongoing _ Completed ref) - PART 3\\20220623_184230\\1656015134845.png]]

2022-06-23 22:12:15 - [TEST_STEP][PASSED] - color3 = getCSSValue(findTestObject("1. Constant/xpath", ["xpath":"//*[@id="source_" + refID10 + ""]/td[13]/a"]), "color", OPTIONAL): Get CSS 'color' value on 'Object Repository/1. Constant/xpath' successfully: 'rgba(255, 255, 255, 1)'.

2022-06-23 22:12:16 - [MESSAGE][PASSED] - Get CSS 'color' value on 'Object Repository/1. Constant/xpath' successfully: 'rgba(255, 255, 255, 1)'.

2022-06-23 22:12:16 - [TEST_STEP][PASSED] - while (color3 == "rgba(255, 255, 255, 1)"): Get CSS 'color' value on 'Object Repository/1. Constant/xpath' successfully: 'rgba(54, 153, 255, 1)'.

2022-06-23 22:12:16 - [TEST_STEP][PASSED] - click(findTestObject("1. Constant/xpath", ["xpath":"//*[@id="source_" + refID10 + ""]/td[13]/a"])): Object: 'Object Repository/1. Constant/xpath' is clicked on

2022-06-23 22:12:18 - [MESSAGE][PASSED] - Object: 'Object Repository/1. Constant/xpath' is clicked on

2022-06-23 22:12:18 - [TEST_STEP][PASSED] - selectOptionByValue(findTestObject("1. Constant/xpath", ["xpath":"//*[@id="id_approval_flow_tpl"]"]), "80", false): All options with value '80' are selected in object 'Object Repository/1. Constant/xpath' 

2022-06-23 22:12:19 - [MESSAGE][PASSED] - All options with value '80' are selected in object 'Object Repository/1. Constant/xpath' 

2022-06-23 22:12:19 - [TEST_STEP][PASSED] - I.UploadDoc_sendkey_Prod(findTestObject("1. Constant/xpath", ["xpath":"//*[@id="kt_body"]/input[2]"]), "D:\Upoad_File\Upload doc\testdata1.jpg", "testdata1"): Delayed 5 second(s)

2022-06-23 22:12:20 - [MESSAGE][PASSED] - Scroll to object 'Object Repository/1. Constant/xpath' successfully

2022-06-23 22:12:25 - [MESSAGE][PASSED] - Delayed 5 second(s)

2022-06-23 22:12:26 - [MESSAGE][PASSED] - File 'D:\Upoad_File\Upload doc\testdata1.jpg' sent to object: 'Object Repository/1. Constant/xpath'

2022-06-23 22:12:31 - [MESSAGE][PASSED] - Delayed 5 second(s)

2022-06-23 22:12:31 - [MESSAGE][PASSED] - Text 'testdata1' is present on page 

2022-06-23 22:12:36 - [MESSAGE][PASSED] - Delayed 5 second(s)

2022-06-23 22:12:41 - [MESSAGE][PASSED] - Delayed 5 second(s)

2022-06-23 22:12:41 - [TEST_STEP][PASSED] - takeScreenshot(): Taking screenshot successfully

2022-06-23 22:12:42 - [MESSAGE][PASSED] - Taking screenshot successfully
[[ATTACHMENT|D:\\Projet Test Auto\\Mediabox Test Automation\\Reports\\20220623_184212\\03. Parallel Testing (Testing)\\TS -PT PART 3\\14.03 Dreyers Support Action (Ongoing _ Completed ref) - PART 3\\20220623_184230\\1656015162258.png]]

2022-06-23 22:12:42 - [TEST_STEP][PASSED] - delay(8): Delayed 8 second(s)

2022-06-23 22:12:50 - [MESSAGE][PASSED] - Delayed 8 second(s)

2022-06-23 22:12:50 - [TEST_STEP][PASSED] - click(findTestObject("HL Full Lifecycle/12 ReferncePage_Button_Updatensenddoc")): Object: 'Object Repository/HL Full Lifecycle/12 ReferncePage_Button_Updatensenddoc' is clicked on

2022-06-23 22:12:57 - [MESSAGE][PASSED] - Object: 'Object Repository/HL Full Lifecycle/12 ReferncePage_Button_Updatensenddoc' is clicked on

2022-06-23 22:12:57 - [TEST_STEP][PASSED] - delay(5): Delayed 5 second(s)

2022-06-23 22:13:02 - [MESSAGE][PASSED] - Delayed 5 second(s)

2022-06-23 22:13:02 - [TEST_STEP][PASSED] - color3 = getCSSValue(findTestObject("1. Constant/xpath", ["xpath":"//*[@id="source_" + refID10 + ""]/td[13]/a"]), "color", OPTIONAL): Get CSS 'color' value on 'Object Repository/1. Constant/xpath' successfully: 'rgba(54, 153, 255, 1)'.

2022-06-23 22:13:04 - [MESSAGE][PASSED] - Get CSS 'color' value on 'Object Repository/1. Constant/xpath' successfully: 'rgba(54, 153, 255, 1)'.

2022-06-23 22:13:04 - [TEST_STEP][PASSED] - I.Logout(): Delayed 3 second(s)

2022-06-23 22:13:07 - [MESSAGE][PASSED] - Delayed 3 second(s)

2022-06-23 22:13:08 - [MESSAGE][PASSED] - Object: 'Object Repository/1. Constant/xpath' is clicked on

2022-06-23 22:13:11 - [MESSAGE][PASSED] - Delayed 3 second(s)

2022-06-23 22:13:16 - [MESSAGE][PASSED] - Object: 'Object Repository/1. Constant/xpath' is clicked on

2022-06-23 22:13:19 - [MESSAGE][PASSED] - Delayed 3 second(s)

2022-06-23 22:13:19 - [TEST_STEP][PASSED] - I.Login_password("blemco", password_blemco): Object: 'Object Repository/1. Constant/xpath' is clicked on

2022-06-23 22:13:20 - [MESSAGE][PASSED] - Text 'blemco' is set on object 'Object Repository/1. Constant/xpath'

2022-06-23 22:13:21 - [MESSAGE][PASSED] - Delayed 1 second(s)

2022-06-23 22:13:22 - [MESSAGE][PASSED] - Text 'diadeis1' is set on object 'Object Repository/1. Constant/xpath'

2022-06-23 22:13:23 - [MESSAGE][PASSED] - Delayed 1 second(s)

2022-06-23 22:13:30 - [MESSAGE][PASSED] - Object: 'Object Repository/1. Constant/xpath' is clicked on

2022-06-23 22:13:30 - [TEST_STEP][PASSED] - click(findTestObject("1. Constant/02_LHSMenu_Projects")): Object: 'Object Repository/1. Constant/02_LHSMenu_Projects' is clicked on

2022-06-23 22:13:37 - [MESSAGE][PASSED] - Object: 'Object Repository/1. Constant/02_LHSMenu_Projects' is clicked on

2022-06-23 22:13:37 - [TEST_STEP][PASSED] - I.SearchProjectNo_xpath(Project_No, "//*[@id="keynum_project"]", "//*[@id="form_filters"]/div[4]/button"): Delayed 5 second(s)

2022-06-23 22:13:38 - [MESSAGE][PASSED] - Delayed 1 second(s)

2022-06-23 22:13:39 - [MESSAGE][PASSED] - Text 'MI000883' is set on object 'Object Repository/1. Constant/xpath'

2022-06-23 22:13:42 - [MESSAGE][PASSED] - Delayed 3 second(s)

2022-06-23 22:13:43 - [MESSAGE][PASSED] - Scroll to object 'Object Repository/1. Constant/xpath' successfully

2022-06-23 22:13:47 - [MESSAGE][PASSED] - Object: 'Object Repository/1. Constant/xpath' is clicked on

2022-06-23 22:13:52 - [MESSAGE][PASSED] - Delayed 5 second(s)

2022-06-23 22:13:52 - [TEST_STEP][PASSED] - takeScreenshot(): Taking screenshot successfully

2022-06-23 22:13:54 - [MESSAGE][PASSED] - Taking screenshot successfully
[[ATTACHMENT|D:\\Projet Test Auto\\Mediabox Test Automation\\Reports\\20220623_184212\\03. Parallel Testing (Testing)\\TS -PT PART 3\\14.03 Dreyers Support Action (Ongoing _ Completed ref) - PART 3\\20220623_184230\\1656015233215.png]]

2022-06-23 22:13:54 - [TEST_STEP][PASSED] - I.SearchRefNo_xpath("P10_Auto", "//*[@id="fiche_filter_keywords11"]", "//*[@id="form_filters"]/div[3]/button"): Delayed 5 second(s)

2022-06-23 22:13:55 - [MESSAGE][PASSED] - Delayed 1 second(s)

2022-06-23 22:13:55 - [MESSAGE][PASSED] - Text 'P10_Auto' is set on object 'Object Repository/1. Constant/xpath'

2022-06-23 22:13:58 - [MESSAGE][PASSED] - Delayed 3 second(s)

2022-06-23 22:14:01 - [MESSAGE][PASSED] - Scroll to object 'Object Repository/1. Constant/xpath' successfully

2022-06-23 22:14:07 - [MESSAGE][PASSED] - Object: 'Object Repository/1. Constant/xpath' is clicked on

2022-06-23 22:14:12 - [MESSAGE][PASSED] - Delayed 5 second(s)

2022-06-23 22:14:12 - [TEST_STEP][PASSED] - I.AWF_approve_byaction(findTestObject("1. Constant/xpath", ["xpath":"//*[@id="source_" + refID10 + ""]/td[13]/a[2]"])): Object: 'Object Repository/HL Full Lifecycle/Function_Appbutton2' is clicked on

2022-06-23 22:14:17 - [MESSAGE][PASSED] - Delayed 5 second(s)

2022-06-23 22:14:20 - [MESSAGE][PASSED] - Object: 'Object Repository/1. Constant/xpath' is clicked on

2022-06-23 22:14:23 - [MESSAGE][PASSED] - Object: 'Object Repository/HL Full Lifecycle/Function_access Viewer2' is hovered

2022-06-23 22:14:26 - [MESSAGE][PASSED] - Delayed 3 second(s)

2022-06-23 22:14:27 - [MESSAGE][PASSED] - Object: 'Object Repository/HL Full Lifecycle/Function_access Viewer2' is clicked on

2022-06-23 22:14:32 - [MESSAGE][PASSED] - Delayed 5 second(s)

2022-06-23 22:14:34 - [MESSAGE][PASSED] - Object: 'Object Repository/HL Full Lifecycle/Function_AppButton' is clicked on

2022-06-23 22:14:39 - [MESSAGE][PASSED] - Delayed 5 second(s)

2022-06-23 22:14:45 - [MESSAGE][PASSED] - Object: 'Object Repository/HL Full Lifecycle/Function_Appbutton2' is clicked on

2022-06-23 22:14:45 - [TEST_STEP][PASSED] - Lifecycle_Status66 = getText(findTestObject("1. Constant/xpath", ["xpath":"//*[@id="source_" + refID10 + ""]/td[12]/span[1]"])): Text of object 'Object Repository/1. Constant/xpath' is: 'Complete'

2022-06-23 22:14:46 - [MESSAGE][PASSED] - Text of object 'Object Repository/1. Constant/xpath' is: 'Complete'

2022-06-23 22:14:46 - [TEST_STEP][PASSED] - verifyMatch(Lifecycle_Status66, "Complete", false): Actual text 'Complete' and expected text 'Complete' are matched 

2022-06-23 22:14:46 - [MESSAGE][PASSED] - Actual text 'Complete' and expected text 'Complete' are matched 

2022-06-23 22:14:46 - [TEST_STEP][PASSED] - takeScreenshot(): Taking screenshot successfully

2022-06-23 22:14:47 - [MESSAGE][PASSED] - Taking screenshot successfully
[[ATTACHMENT|D:\\Projet Test Auto\\Mediabox Test Automation\\Reports\\20220623_184212\\03. Parallel Testing (Testing)\\TS -PT PART 3\\14.03 Dreyers Support Action (Ongoing _ Completed ref) - PART 3\\20220623_184230\\1656015286476.png]]

2022-06-23 22:14:47 - [TEST_STEP][PASSED] - I.writenotepad("D:\Upoad_File\Projet_ Login\Dreyers\19.1\19.10_Dreyers_refID10.txt", refID10): null

2022-06-23 22:14:47 - [TEST_STEP][PASSED] - closeBrowser(): Browser is closed

2022-06-23 22:14:57 - [MESSAGE][PASSED] - Browser is closed

2022-06-23 22:14:57 - [TEST_STEP][PASSED] - Start listener action : sampleAfterTestCase: null]]></system-out>
         <system-err><![CDATA[]]></system-err>
      </testcase>
      <testcase name="Test Cases/19. Dreyers Support Action (Ongoing ref_completed)/19.16 Dreyers SAS Add Step Group (Completed) S21 Used P10_P16" time="416.857" classname="Test Cases/19. Dreyers Support Action (Ongoing ref_completed)/19.16 Dreyers SAS Add Step Group (Completed) S21 Used P10_P16" status="PASSED">
         <system-out><![CDATA[2022-06-23 22:14:58 - [TEST_CASE][PASSED] - Test Cases/19. Dreyers Support Action (Ongoing ref_completed)/19.16 Dreyers SAS Add Step Group (Completed) S21 Used P10_P16: Test Cases/19. Dreyers Support Action (Ongoing ref_completed)/19.16 Dreyers SAS Add Step Group (Completed) S21 Used P10_P16

2022-06-23 22:14:58 - [TEST_STEP][PASSED] - data_Dreyers = findTestData("Data Files/Username_Password/Dreyer"): null

2022-06-23 22:14:58 - [TEST_STEP][PASSED] - password_suser = data_Dreyers.getValue(2, 1): null

2022-06-23 22:14:58 - [TEST_STEP][PASSED] - password_blemco = data_Dreyers.getValue(2, 2): null

2022-06-23 22:14:58 - [TEST_STEP][PASSED] - password_nturner = data_Dreyers.getValue(2, 6): null

2022-06-23 22:14:58 - [TEST_STEP][PASSED] - password_lmary = data_Dreyers.getValue(2, 13): null

2022-06-23 22:14:58 - [TEST_STEP][PASSED] - data_urlRELAUTO = findTestData("Data Files/URL/URL_relauto"): null

2022-06-23 22:14:58 - [TEST_STEP][PASSED] - Url_Dreyer = data_urlRELAUTO.getValue(2, 4): null

2022-06-23 22:14:58 - [TEST_STEP][PASSED] - Project_No = I.readnotepad("D:\Upoad_File\Projet_ Login\Dreyers\19.1\19.1_Dreyers_ProjectNo.txt"): null

2022-06-23 22:14:58 - [TEST_STEP][PASSED] - refID = I.readnotepad("D:\Upoad_File\Projet_ Login\Dreyers\19.1\19.1_Dreyers_refID.txt"): null

2022-06-23 22:14:58 - [TEST_STEP][PASSED] - refID10 = I.readnotepad("D:\Upoad_File\Projet_ Login\Dreyers\19.1\19.10_Dreyers_refID10.txt"): null

2022-06-23 22:14:58 - [TEST_STEP][PASSED] - openBrowser(Url_Dreyer): Browser is opened with url: 'http://mdb-release.diadeis.lan/MediaboxIndependence/?MBI_datasource=RELTESTAUTO_DREYERS'

2022-06-23 22:14:58 - [MESSAGE][INFO] - Starting 'Chrome (headless)' driver

2022-06-23 22:14:58 - [MESSAGE][INFO] - User set preference: ['args', '[--window-size=1920,1080, --headless]']

2022-06-23 22:14:58 - [MESSAGE][INFO] - Action delay is set to 0 milliseconds

2022-06-23 22:15:21 - [MESSAGE][PASSED] - Browser is opened with url: 'http://mdb-release.diadeis.lan/MediaboxIndependence/?MBI_datasource=RELTESTAUTO_DREYERS'

2022-06-23 22:15:21 - [TEST_STEP][PASSED] - maximizeWindow(): Current window maximized

2022-06-23 22:15:22 - [MESSAGE][PASSED] - Current window maximized

2022-06-23 22:15:22 - [TEST_STEP][PASSED] - I.Login_password("suser", password_suser): Object: 'Object Repository/1. Constant/xpath' is clicked on

2022-06-23 22:15:23 - [MESSAGE][PASSED] - Text 'suser' is set on object 'Object Repository/1. Constant/xpath'

2022-06-23 22:15:24 - [MESSAGE][PASSED] - Delayed 1 second(s)

2022-06-23 22:15:26 - [MESSAGE][PASSED] - Text 'diadeis' is set on object 'Object Repository/1. Constant/xpath'

2022-06-23 22:15:27 - [MESSAGE][PASSED] - Delayed 1 second(s)

2022-06-23 22:15:42 - [MESSAGE][PASSED] - Object: 'Object Repository/1. Constant/xpath' is clicked on

2022-06-23 22:15:42 - [TEST_STEP][PASSED] - click(findTestObject("1. Constant/02_LHSMenu_Projects")): Object: 'Object Repository/1. Constant/02_LHSMenu_Projects' is clicked on

2022-06-23 22:15:47 - [MESSAGE][PASSED] - Object: 'Object Repository/1. Constant/02_LHSMenu_Projects' is clicked on

2022-06-23 22:15:47 - [TEST_STEP][PASSED] - I.SearchProjectNo_xpath(Project_No, "//*[@id="keynum_project"]", "//*[@id="form_filters"]/div[4]/button"): Delayed 5 second(s)

2022-06-23 22:15:48 - [MESSAGE][PASSED] - Delayed 1 second(s)

2022-06-23 22:15:51 - [MESSAGE][PASSED] - Text 'MI000883' is set on object 'Object Repository/1. Constant/xpath'

2022-06-23 22:15:54 - [MESSAGE][PASSED] - Delayed 3 second(s)

2022-06-23 22:15:55 - [MESSAGE][PASSED] - Scroll to object 'Object Repository/1. Constant/xpath' successfully

2022-06-23 22:15:58 - [MESSAGE][PASSED] - Object: 'Object Repository/1. Constant/xpath' is clicked on

2022-06-23 22:16:03 - [MESSAGE][PASSED] - Delayed 5 second(s)

2022-06-23 22:16:03 - [TEST_STEP][PASSED] - takeScreenshot(): Taking screenshot successfully

2022-06-23 22:16:04 - [MESSAGE][PASSED] - Taking screenshot successfully
[[ATTACHMENT|D:\\Projet Test Auto\\Mediabox Test Automation\\Reports\\20220623_184212\\03. Parallel Testing (Testing)\\TS -PT PART 3\\14.03 Dreyers Support Action (Ongoing _ Completed ref) - PART 3\\20220623_184230\\1656015363670.png]]

2022-06-23 22:16:04 - [TEST_STEP][PASSED] - I.SearchRefNo_xpath("P10_Auto", "//*[@id="fiche_filter_keywords11"]", "//*[@id="form_filters"]/div[3]/button"): Delayed 5 second(s)

2022-06-23 22:16:05 - [MESSAGE][PASSED] - Delayed 1 second(s)

2022-06-23 22:16:06 - [MESSAGE][PASSED] - Text 'P10_Auto' is set on object 'Object Repository/1. Constant/xpath'

2022-06-23 22:16:09 - [MESSAGE][PASSED] - Delayed 3 second(s)

2022-06-23 22:16:09 - [MESSAGE][PASSED] - Scroll to object 'Object Repository/1. Constant/xpath' successfully

2022-06-23 22:16:12 - [MESSAGE][PASSED] - Object: 'Object Repository/1. Constant/xpath' is clicked on

2022-06-23 22:16:17 - [MESSAGE][PASSED] - Delayed 5 second(s)

2022-06-23 22:16:17 - [TEST_STEP][PASSED] - click(findTestObject("1. Constant/xpath", ["xpath":"//*[@id="source_" + refID10 + ""]/td[6]/a"])): Object: 'Object Repository/1. Constant/xpath' is clicked on

2022-06-23 22:16:21 - [MESSAGE][PASSED] - Object: 'Object Repository/1. Constant/xpath' is clicked on

2022-06-23 22:16:21 - [TEST_STEP][PASSED] - click(findTestObject("1. Constant/xpath", ["xpath":"//*[@id="kt_content"]/div[3]/div/ul/li[3]/a"])): Object: 'Object Repository/1. Constant/xpath' is clicked on

2022-06-23 22:16:25 - [MESSAGE][PASSED] - Object: 'Object Repository/1. Constant/xpath' is clicked on

2022-06-23 22:16:25 - [TEST_STEP][PASSED] - takeScreenshot(): Taking screenshot successfully

2022-06-23 22:16:26 - [MESSAGE][PASSED] - Taking screenshot successfully
[[ATTACHMENT|D:\\Projet Test Auto\\Mediabox Test Automation\\Reports\\20220623_184212\\03. Parallel Testing (Testing)\\TS -PT PART 3\\14.03 Dreyers Support Action (Ongoing _ Completed ref) - PART 3\\20220623_184230\\1656015386036.png]]

2022-06-23 22:16:26 - [TEST_STEP][PASSED] - click(findTestObject("1. Constant/xpath", ["xpath":"/html/body/div[1]/div[2]/div[8]/div[3]/div/div[3]/div[3]/div/ul/li[5]/a"])): Object: 'Object Repository/1. Constant/xpath' is clicked on

2022-06-23 22:16:27 - [MESSAGE][PASSED] - Object: 'Object Repository/1. Constant/xpath' is clicked on

2022-06-23 22:16:27 - [TEST_STEP][PASSED] - click(findTestObject("1. Constant/xpath", ["xpath":"/html/body/div[1]/div[2]/div[8]/div[3]/div/div[3]/div[3]/div/div/div[5]/div/div[5]/div/div[1]/div[2]/div/button"])): Object: 'Object Repository/1. Constant/xpath' is clicked on

2022-06-23 22:16:28 - [MESSAGE][PASSED] - Object: 'Object Repository/1. Constant/xpath' is clicked on

2022-06-23 22:16:28 - [TEST_STEP][PASSED] - takeScreenshot(): Taking screenshot successfully

2022-06-23 22:16:28 - [MESSAGE][PASSED] - Taking screenshot successfully
[[ATTACHMENT|D:\\Projet Test Auto\\Mediabox Test Automation\\Reports\\20220623_184212\\03. Parallel Testing (Testing)\\TS -PT PART 3\\14.03 Dreyers Support Action (Ongoing _ Completed ref) - PART 3\\20220623_184230\\1656015388370.png]]

2022-06-23 22:16:28 - [TEST_STEP][PASSED] - delay(1): Delayed 1 second(s)

2022-06-23 22:16:29 - [MESSAGE][PASSED] - Delayed 1 second(s)

2022-06-23 22:16:29 - [TEST_STEP][PASSED] - x = 15: null

2022-06-23 22:16:29 - [TEST_STEP][PASSED] - i = 1: null

2022-06-23 22:16:29 - [TEST_STEP][PASSED] - while (i <= x): null

2022-06-23 22:16:29 - [TEST_STEP][PASSED] - Expected_SAS_Selected = "SAS S21 - Add Step Group C&A / Skip P3.4 [Complete]": null

2022-06-23 22:16:29 - [TEST_STEP][PASSED] - xpath_SAS = "/html/body/div[1]/div[2]/div[8]/div[3]/div/div[3]/div[3]/div/div/div[5]/div/div[5]/div/div[1]/div[2]/div/div/a[" + i + "]": null

2022-06-23 22:16:29 - [TEST_STEP][PASSED] - Actual_SAS = getText(findTestObject("1. Constant/xpath", ["xpath":xpath_SAS])): Text of object 'Object Repository/1. Constant/xpath' is: 'SAS S20: Add Step Group AC/ Skip Phase 1.2 [Complete]'

2022-06-23 22:16:30 - [MESSAGE][PASSED] - Text of object 'Object Repository/1. Constant/xpath' is: 'SAS S20: Add Step Group AC/ Skip Phase 1.2 [Complete]'

2022-06-23 22:16:30 - [TEST_STEP][PASSED] - I.print(i): null

2022-06-23 22:16:30 - [TEST_STEP][PASSED] - if (Actual_SAS.contains(Expected_SAS_Selected)): null

2022-06-23 22:16:30 - [TEST_STEP][PASSED] - i = i + 1: null

2022-06-23 22:16:30 - [TEST_STEP][PASSED] - Expected_SAS_Selected = "SAS S21 - Add Step Group C&A / Skip P3.4 [Complete]": null

2022-06-23 22:16:30 - [TEST_STEP][PASSED] - xpath_SAS = "/html/body/div[1]/div[2]/div[8]/div[3]/div/div[3]/div[3]/div/div/div[5]/div/div[5]/div/div[1]/div[2]/div/div/a[" + i + "]": null

2022-06-23 22:16:30 - [TEST_STEP][PASSED] - Actual_SAS = getText(findTestObject("1. Constant/xpath", ["xpath":xpath_SAS])): Text of object 'Object Repository/1. Constant/xpath' is: 'SAS S21 - Add Step Group C&A / Skip P3.4 [Complete]'

2022-06-23 22:16:30 - [MESSAGE][PASSED] - Text of object 'Object Repository/1. Constant/xpath' is: 'SAS S21 - Add Step Group C&A / Skip P3.4 [Complete]'

2022-06-23 22:16:30 - [TEST_STEP][PASSED] - I.print(i): null

2022-06-23 22:16:30 - [TEST_STEP][PASSED] - if (Actual_SAS.contains(Expected_SAS_Selected)): null

2022-06-23 22:16:30 - [TEST_STEP][PASSED] - I.click_button_javascriptS(xpath_SAS): Execute JavaScript 'arguments[0].click()' successfully

2022-06-23 22:16:30 - [MESSAGE][PASSED] - Execute JavaScript 'arguments[0].click()' successfully

2022-06-23 22:16:30 - [TEST_STEP][PASSED] - break: null

2022-06-23 22:16:30 - [TEST_STEP][PASSED] - takeScreenshot(): Taking screenshot successfully

2022-06-23 22:16:30 - [MESSAGE][PASSED] - Taking screenshot successfully
[[ATTACHMENT|D:\\Projet Test Auto\\Mediabox Test Automation\\Reports\\20220623_184212\\03. Parallel Testing (Testing)\\TS -PT PART 3\\14.03 Dreyers Support Action (Ongoing _ Completed ref) - PART 3\\20220623_184230\\1656015390617.png]]

2022-06-23 22:16:30 - [TEST_STEP][PASSED] - click(findTestObject("1. Constant/xpath", ["xpath":"//*[@id="confirmSupportActionShortcut"]"])): Object: 'Object Repository/1. Constant/xpath' is clicked on

2022-06-23 22:16:35 - [MESSAGE][PASSED] - Object: 'Object Repository/1. Constant/xpath' is clicked on

2022-06-23 22:16:35 - [TEST_STEP][PASSED] - takeScreenshot(): Taking screenshot successfully

2022-06-23 22:16:36 - [MESSAGE][PASSED] - Taking screenshot successfully
[[ATTACHMENT|D:\\Projet Test Auto\\Mediabox Test Automation\\Reports\\20220623_184212\\03. Parallel Testing (Testing)\\TS -PT PART 3\\14.03 Dreyers Support Action (Ongoing _ Completed ref) - PART 3\\20220623_184230\\1656015395874.png]]

2022-06-23 22:16:36 - [TEST_STEP][PASSED] - click(findTestObject("1. Constant/xpath", ["xpath":"//*[@id="kt_content"]/div[3]/div/ul/li[3]/a"])): Object: 'Object Repository/1. Constant/xpath' is clicked on

2022-06-23 22:16:39 - [MESSAGE][PASSED] - Object: 'Object Repository/1. Constant/xpath' is clicked on

2022-06-23 22:16:39 - [TEST_STEP][PASSED] - takeScreenshot(): Taking screenshot successfully

2022-06-23 22:16:40 - [MESSAGE][PASSED] - Taking screenshot successfully
[[ATTACHMENT|D:\\Projet Test Auto\\Mediabox Test Automation\\Reports\\20220623_184212\\03. Parallel Testing (Testing)\\TS -PT PART 3\\14.03 Dreyers Support Action (Ongoing _ Completed ref) - PART 3\\20220623_184230\\1656015400159.png]]

2022-06-23 22:16:40 - [TEST_STEP][PASSED] - StepC_1 = getAttribute(findTestObject("1. Constant/xpath", ["xpath":"/html/body/div[1]/div[2]/div[8]/div[3]/div/div[3]/div[3]/div/ul/li[5]/a"]), "class"): Attribute 'class' of object 'Object Repository/1. Constant/xpath' is: 'nav-link timeline-badge badge-xl  bg-complete '

2022-06-23 22:16:40 - [MESSAGE][PASSED] - Attribute 'class' of object 'Object Repository/1. Constant/xpath' is: 'nav-link timeline-badge badge-xl  bg-complete '

2022-06-23 22:16:40 - [TEST_STEP][PASSED] - verifyMatch(StepC_1, "nav-link timeline-badge badge-xl  bg-complete ", false): Actual text 'nav-link timeline-badge badge-xl  bg-complete ' and expected text 'nav-link timeline-badge badge-xl  bg-complete ' are matched 

2022-06-23 22:16:40 - [MESSAGE][PASSED] - Actual text 'nav-link timeline-badge badge-xl  bg-complete ' and expected text 'nav-link timeline-badge badge-xl  bg-complete ' are matched 

2022-06-23 22:16:40 - [TEST_STEP][PASSED] - StepC_11 = I.Get_Stepname("/html/body/div[1]/div[2]/div[8]/div[3]/div/div[3]/div[3]/div/ul/li[5]/a"): Attribute 'href' of object 'Object Repository/1. Constant/xpath' is: 'http://mdb-release.diadeis.lan/MediaboxIndependence/Base/ExecAction?action=VoirRef&IDSession=MBI!RELTESTAUTO_DREYERS!Y73IT5UQPPLPGXEMH7KYMKQFOAOM7HYB9Y9YTNTQ&num=NT11TVKT2G&id_ref=5324#tab_lifecycle_SASStepC_12338'

2022-06-23 22:16:46 - [MESSAGE][PASSED] - Delayed 5 second(s)

2022-06-23 22:16:46 - [MESSAGE][PASSED] - Attribute 'href' of object 'Object Repository/1. Constant/xpath' is: 'http://mdb-release.diadeis.lan/MediaboxIndependence/Base/ExecAction?action=VoirRef&IDSession=MBI!RELTESTAUTO_DREYERS!Y73IT5UQPPLPGXEMH7KYMKQFOAOM7HYB9Y9YTNTQ&num=NT11TVKT2G&id_ref=5324#tab_lifecycle_SASStepC_12338'

2022-06-23 22:16:46 - [TEST_STEP][PASSED] - verifyMatch(StepC_11, "SASStepC", false): Actual text 'SASStepC' and expected text 'SASStepC' are matched 

2022-06-23 22:16:46 - [MESSAGE][PASSED] - Actual text 'SASStepC' and expected text 'SASStepC' are matched 

2022-06-23 22:16:46 - [TEST_STEP][PASSED] - StepC_2 = getAttribute(findTestObject("1. Constant/xpath", ["xpath":"/html/body/div[1]/div[2]/div[8]/div[3]/div/div[3]/div[3]/div/ul/li[6]/a"]), "class"): Attribute 'class' of object 'Object Repository/1. Constant/xpath' is: 'nav-link timeline-badge badge-xl  bg-pending active'

2022-06-23 22:16:46 - [MESSAGE][PASSED] - Attribute 'class' of object 'Object Repository/1. Constant/xpath' is: 'nav-link timeline-badge badge-xl  bg-pending active'

2022-06-23 22:16:46 - [TEST_STEP][PASSED] - verifyMatch(StepC_2, "nav-link timeline-badge badge-xl  bg-pending active", false): Actual text 'nav-link timeline-badge badge-xl  bg-pending active' and expected text 'nav-link timeline-badge badge-xl  bg-pending active' are matched 

2022-06-23 22:16:46 - [MESSAGE][PASSED] - Actual text 'nav-link timeline-badge badge-xl  bg-pending active' and expected text 'nav-link timeline-badge badge-xl  bg-pending active' are matched 

2022-06-23 22:16:46 - [TEST_STEP][PASSED] - StepC_22 = I.Get_Stepname("/html/body/div[1]/div[2]/div[8]/div[3]/div/div[3]/div[3]/div/ul/li[6]/a"): Attribute 'href' of object 'Object Repository/1. Constant/xpath' is: 'http://mdb-release.diadeis.lan/MediaboxIndependence/Base/ExecAction?action=VoirRef&IDSession=MBI!RELTESTAUTO_DREYERS!Y73IT5UQPPLPGXEMH7KYMKQFOAOM7HYB9Y9YTNTQ&num=NT11TVKT2G&id_ref=5324#tab_lifecycle_SASStepC_12339'

2022-06-23 22:16:51 - [MESSAGE][PASSED] - Delayed 5 second(s)

2022-06-23 22:16:52 - [MESSAGE][PASSED] - Attribute 'href' of object 'Object Repository/1. Constant/xpath' is: 'http://mdb-release.diadeis.lan/MediaboxIndependence/Base/ExecAction?action=VoirRef&IDSession=MBI!RELTESTAUTO_DREYERS!Y73IT5UQPPLPGXEMH7KYMKQFOAOM7HYB9Y9YTNTQ&num=NT11TVKT2G&id_ref=5324#tab_lifecycle_SASStepC_12339'

2022-06-23 22:16:52 - [TEST_STEP][PASSED] - verifyMatch(StepC_22, "SASStepC", false): Actual text 'SASStepC' and expected text 'SASStepC' are matched 

2022-06-23 22:16:52 - [MESSAGE][PASSED] - Actual text 'SASStepC' and expected text 'SASStepC' are matched 

2022-06-23 22:16:52 - [TEST_STEP][PASSED] - Started_StepC_34 = getText(findTestObject("1. Constant/xpath", ["xpath":"/html/body/div[1]/div[2]/div[8]/div[3]/div/div[3]/div[3]/div/div/div[6]/div/div[4]/div/div[2]/div[1]"])): Text of object 'Object Repository/1. Constant/xpath' is: 'Started 06/23/22 04:16 PM'

2022-06-23 22:16:52 - [MESSAGE][PASSED] - Text of object 'Object Repository/1. Constant/xpath' is: 'Started 06/23/22 04:16 PM'

2022-06-23 22:16:52 - [TEST_STEP][PASSED] - if (Started_StepC_34.contains("Started")): Actual object '1' and expected object '1' are equal

2022-06-23 22:16:52 - [TEST_STEP][PASSED] - verifyEqual(1, 1): Actual object '1' and expected object '1' are equal

2022-06-23 22:16:52 - [MESSAGE][PASSED] - Actual object '1' and expected object '1' are equal

2022-06-23 22:16:52 - [TEST_STEP][PASSED] - StepA_3 = getAttribute(findTestObject("1. Constant/xpath", ["xpath":"/html/body/div[1]/div[2]/div[8]/div[3]/div/div[3]/div[3]/div/ul/li[7]/a"]), "class"): Attribute 'class' of object 'Object Repository/1. Constant/xpath' is: 'nav-link timeline-badge badge-xl  bg-waiting '

2022-06-23 22:16:53 - [MESSAGE][PASSED] - Attribute 'class' of object 'Object Repository/1. Constant/xpath' is: 'nav-link timeline-badge badge-xl  bg-waiting '

2022-06-23 22:16:53 - [TEST_STEP][PASSED] - verifyMatch(StepA_3, "nav-link timeline-badge badge-xl  bg-waiting ", false): Actual text 'nav-link timeline-badge badge-xl  bg-waiting ' and expected text 'nav-link timeline-badge badge-xl  bg-waiting ' are matched 

2022-06-23 22:16:53 - [MESSAGE][PASSED] - Actual text 'nav-link timeline-badge badge-xl  bg-waiting ' and expected text 'nav-link timeline-badge badge-xl  bg-waiting ' are matched 

2022-06-23 22:16:53 - [TEST_STEP][PASSED] - StepA_33 = I.Get_Stepname("/html/body/div[1]/div[2]/div[8]/div[3]/div/div[3]/div[3]/div/ul/li[7]/a"): Attribute 'href' of object 'Object Repository/1. Constant/xpath' is: 'http://mdb-release.diadeis.lan/MediaboxIndependence/Base/ExecAction?action=VoirRef&IDSession=MBI!RELTESTAUTO_DREYERS!Y73IT5UQPPLPGXEMH7KYMKQFOAOM7HYB9Y9YTNTQ&num=NT11TVKT2G&id_ref=5324#tab_lifecycle_SASStepA_12340'

2022-06-23 22:16:58 - [MESSAGE][PASSED] - Delayed 5 second(s)

2022-06-23 22:16:58 - [MESSAGE][PASSED] - Attribute 'href' of object 'Object Repository/1. Constant/xpath' is: 'http://mdb-release.diadeis.lan/MediaboxIndependence/Base/ExecAction?action=VoirRef&IDSession=MBI!RELTESTAUTO_DREYERS!Y73IT5UQPPLPGXEMH7KYMKQFOAOM7HYB9Y9YTNTQ&num=NT11TVKT2G&id_ref=5324#tab_lifecycle_SASStepA_12340'

2022-06-23 22:16:58 - [TEST_STEP][PASSED] - verifyMatch(StepA_33, "SASStepA", false): Actual text 'SASStepA' and expected text 'SASStepA' are matched 

2022-06-23 22:16:58 - [MESSAGE][PASSED] - Actual text 'SASStepA' and expected text 'SASStepA' are matched 

2022-06-23 22:16:58 - [TEST_STEP][PASSED] - I.Logout(): Delayed 3 second(s)

2022-06-23 22:17:01 - [MESSAGE][PASSED] - Delayed 3 second(s)

2022-06-23 22:17:03 - [MESSAGE][PASSED] - Object: 'Object Repository/1. Constant/xpath' is clicked on

2022-06-23 22:17:06 - [MESSAGE][PASSED] - Delayed 3 second(s)

2022-06-23 22:17:09 - [MESSAGE][PASSED] - Object: 'Object Repository/1. Constant/xpath' is clicked on

2022-06-23 22:17:12 - [MESSAGE][PASSED] - Delayed 3 second(s)

2022-06-23 22:17:12 - [TEST_STEP][PASSED] - I.Login_password("nturner", password_nturner): Object: 'Object Repository/1. Constant/xpath' is clicked on

2022-06-23 22:17:14 - [MESSAGE][PASSED] - Text 'nturner' is set on object 'Object Repository/1. Constant/xpath'

2022-06-23 22:17:15 - [MESSAGE][PASSED] - Delayed 1 second(s)

2022-06-23 22:17:16 - [MESSAGE][PASSED] - Text 'diadeis1' is set on object 'Object Repository/1. Constant/xpath'

2022-06-23 22:17:17 - [MESSAGE][PASSED] - Delayed 1 second(s)

2022-06-23 22:17:22 - [MESSAGE][PASSED] - Object: 'Object Repository/1. Constant/xpath' is clicked on

2022-06-23 22:17:22 - [TEST_STEP][PASSED] - click(findTestObject("1. Constant/02_LHSMenu_Projects")): Object: 'Object Repository/1. Constant/02_LHSMenu_Projects' is clicked on

2022-06-23 22:17:27 - [MESSAGE][PASSED] - Object: 'Object Repository/1. Constant/02_LHSMenu_Projects' is clicked on

2022-06-23 22:17:27 - [TEST_STEP][PASSED] - I.SearchProjectNo_xpath(Project_No, "//*[@id="keynum_project"]", "//*[@id="form_filters"]/div[4]/button"): Delayed 5 second(s)

2022-06-23 22:17:28 - [MESSAGE][PASSED] - Delayed 1 second(s)

2022-06-23 22:17:30 - [MESSAGE][PASSED] - Text 'MI000883' is set on object 'Object Repository/1. Constant/xpath'

2022-06-23 22:17:33 - [MESSAGE][PASSED] - Delayed 3 second(s)

2022-06-23 22:17:33 - [MESSAGE][PASSED] - Scroll to object 'Object Repository/1. Constant/xpath' successfully

2022-06-23 22:17:38 - [MESSAGE][PASSED] - Object: 'Object Repository/1. Constant/xpath' is clicked on

2022-06-23 22:17:43 - [MESSAGE][PASSED] - Delayed 5 second(s)

2022-06-23 22:17:43 - [TEST_STEP][PASSED] - takeScreenshot(): Taking screenshot successfully

2022-06-23 22:17:43 - [MESSAGE][PASSED] - Taking screenshot successfully
[[ATTACHMENT|D:\\Projet Test Auto\\Mediabox Test Automation\\Reports\\20220623_184212\\03. Parallel Testing (Testing)\\TS -PT PART 3\\14.03 Dreyers Support Action (Ongoing _ Completed ref) - PART 3\\20220623_184230\\1656015463240.png]]

2022-06-23 22:17:43 - [TEST_STEP][PASSED] - I.SearchRefNo_xpath("P10_Auto", "//*[@id="fiche_filter_keywords11"]", "//*[@id="form_filters"]/div[3]/button"): Delayed 5 second(s)

2022-06-23 22:17:44 - [MESSAGE][PASSED] - Delayed 1 second(s)

2022-06-23 22:17:46 - [MESSAGE][PASSED] - Text 'P10_Auto' is set on object 'Object Repository/1. Constant/xpath'

2022-06-23 22:17:49 - [MESSAGE][PASSED] - Delayed 3 second(s)

2022-06-23 22:17:50 - [MESSAGE][PASSED] - Scroll to object 'Object Repository/1. Constant/xpath' successfully

2022-06-23 22:17:53 - [MESSAGE][PASSED] - Object: 'Object Repository/1. Constant/xpath' is clicked on

2022-06-23 22:17:58 - [MESSAGE][PASSED] - Delayed 5 second(s)

2022-06-23 22:17:58 - [TEST_STEP][PASSED] - delay(1): Delayed 1 second(s)

2022-06-23 22:17:59 - [MESSAGE][PASSED] - Delayed 1 second(s)

2022-06-23 22:17:59 - [TEST_STEP][PASSED] - Lifecycle_Status1 = getText(findTestObject("1. Constant/xpath", ["xpath":"//*[@id="source_" + refID10 + ""]/td[12]/span[1]"])): Text of object 'Object Repository/1. Constant/xpath' is: 'Phase 3.4 [Standard]'

2022-06-23 22:18:00 - [MESSAGE][PASSED] - Text of object 'Object Repository/1. Constant/xpath' is: 'Phase 3.4 [Standard]'

2022-06-23 22:18:00 - [TEST_STEP][PASSED] - verifyMatch(Lifecycle_Status1, "Phase 3.4 [Standard]", false): Actual text 'Phase 3.4 [Standard]' and expected text 'Phase 3.4 [Standard]' are matched 

2022-06-23 22:18:00 - [MESSAGE][PASSED] - Actual text 'Phase 3.4 [Standard]' and expected text 'Phase 3.4 [Standard]' are matched 

2022-06-23 22:18:00 - [TEST_STEP][PASSED] - click(findTestObject("1. Constant/xpath", ["xpath":"//*[@id="source_" + refID10 + ""]/td[13]/a[2]"])): Object: 'Object Repository/1. Constant/xpath' is clicked on

2022-06-23 22:18:03 - [MESSAGE][PASSED] - Object: 'Object Repository/1. Constant/xpath' is clicked on

2022-06-23 22:18:03 - [TEST_STEP][PASSED] - click(findTestObject("1. Constant/xpath", ["xpath":"//*[@id="ModifFiche"]/div[1]/div/button[2]"])): Object: 'Object Repository/1. Constant/xpath' is clicked on

2022-06-23 22:18:08 - [MESSAGE][PASSED] - Object: 'Object Repository/1. Constant/xpath' is clicked on

2022-06-23 22:18:08 - [TEST_STEP][PASSED] - Lifecycle_Status2 = getText(findTestObject("1. Constant/xpath", ["xpath":"//*[@id="source_" + refID10 + ""]/td[12]/span[1]"])): Text of object 'Object Repository/1. Constant/xpath' is: 'Phase 3.5[Prod]'

2022-06-23 22:18:08 - [MESSAGE][PASSED] - Text of object 'Object Repository/1. Constant/xpath' is: 'Phase 3.5[Prod]'

2022-06-23 22:18:08 - [TEST_STEP][PASSED] - verifyMatch(Lifecycle_Status2, "Phase 3.5[Prod]", false): Actual text 'Phase 3.5[Prod]' and expected text 'Phase 3.5[Prod]' are matched 

2022-06-23 22:18:08 - [MESSAGE][PASSED] - Actual text 'Phase 3.5[Prod]' and expected text 'Phase 3.5[Prod]' are matched 

2022-06-23 22:18:08 - [TEST_STEP][PASSED] - I.Logout(): Delayed 3 second(s)

2022-06-23 22:18:11 - [MESSAGE][PASSED] - Delayed 3 second(s)

2022-06-23 22:18:12 - [MESSAGE][PASSED] - Object: 'Object Repository/1. Constant/xpath' is clicked on

2022-06-23 22:18:15 - [MESSAGE][PASSED] - Delayed 3 second(s)

2022-06-23 22:18:18 - [MESSAGE][PASSED] - Object: 'Object Repository/1. Constant/xpath' is clicked on

2022-06-23 22:18:21 - [MESSAGE][PASSED] - Delayed 3 second(s)

2022-06-23 22:18:21 - [TEST_STEP][PASSED] - I.Login_password("lmary", password_lmary): Object: 'Object Repository/1. Constant/xpath' is clicked on

2022-06-23 22:18:22 - [MESSAGE][PASSED] - Text 'lmary' is set on object 'Object Repository/1. Constant/xpath'

2022-06-23 22:18:23 - [MESSAGE][PASSED] - Delayed 1 second(s)

2022-06-23 22:18:24 - [MESSAGE][PASSED] - Text 'diadeis' is set on object 'Object Repository/1. Constant/xpath'

2022-06-23 22:18:25 - [MESSAGE][PASSED] - Delayed 1 second(s)

2022-06-23 22:18:29 - [MESSAGE][PASSED] - Object: 'Object Repository/1. Constant/xpath' is clicked on

2022-06-23 22:18:29 - [TEST_STEP][PASSED] - click(findTestObject("1. Constant/02_LHSMenu_Projects")): Object: 'Object Repository/1. Constant/02_LHSMenu_Projects' is clicked on

2022-06-23 22:18:32 - [MESSAGE][PASSED] - Object: 'Object Repository/1. Constant/02_LHSMenu_Projects' is clicked on

2022-06-23 22:18:32 - [TEST_STEP][PASSED] - I.SearchProjectNo_xpath(Project_No, "//*[@id="keynum_project"]", "//*[@id="form_filters"]/div[4]/button"): Delayed 5 second(s)

2022-06-23 22:18:33 - [MESSAGE][PASSED] - Delayed 1 second(s)

2022-06-23 22:18:35 - [MESSAGE][PASSED] - Text 'MI000883' is set on object 'Object Repository/1. Constant/xpath'

2022-06-23 22:18:38 - [MESSAGE][PASSED] - Delayed 3 second(s)

2022-06-23 22:18:40 - [MESSAGE][PASSED] - Scroll to object 'Object Repository/1. Constant/xpath' successfully

2022-06-23 22:18:44 - [MESSAGE][PASSED] - Object: 'Object Repository/1. Constant/xpath' is clicked on

2022-06-23 22:18:49 - [MESSAGE][PASSED] - Delayed 5 second(s)

2022-06-23 22:18:49 - [TEST_STEP][PASSED] - takeScreenshot(): Taking screenshot successfully

2022-06-23 22:18:50 - [MESSAGE][PASSED] - Taking screenshot successfully
[[ATTACHMENT|D:\\Projet Test Auto\\Mediabox Test Automation\\Reports\\20220623_184212\\03. Parallel Testing (Testing)\\TS -PT PART 3\\14.03 Dreyers Support Action (Ongoing _ Completed ref) - PART 3\\20220623_184230\\1656015529424.png]]

2022-06-23 22:18:50 - [TEST_STEP][PASSED] - I.SearchRefNo_xpath("P10_Auto", "//*[@id="fiche_filter_keywords11"]", "//*[@id="form_filters"]/div[3]/button"): Delayed 5 second(s)

2022-06-23 22:18:51 - [MESSAGE][PASSED] - Delayed 1 second(s)

2022-06-23 22:18:52 - [MESSAGE][PASSED] - Text 'P10_Auto' is set on object 'Object Repository/1. Constant/xpath'

2022-06-23 22:18:55 - [MESSAGE][PASSED] - Delayed 3 second(s)

2022-06-23 22:18:55 - [MESSAGE][PASSED] - Scroll to object 'Object Repository/1. Constant/xpath' successfully

2022-06-23 22:18:59 - [MESSAGE][PASSED] - Object: 'Object Repository/1. Constant/xpath' is clicked on

2022-06-23 22:19:04 - [MESSAGE][PASSED] - Delayed 5 second(s)

2022-06-23 22:19:04 - [TEST_STEP][PASSED] - takeScreenshot(): Taking screenshot successfully

2022-06-23 22:19:05 - [MESSAGE][PASSED] - Taking screenshot successfully
[[ATTACHMENT|D:\\Projet Test Auto\\Mediabox Test Automation\\Reports\\20220623_184212\\03. Parallel Testing (Testing)\\TS -PT PART 3\\14.03 Dreyers Support Action (Ongoing _ Completed ref) - PART 3\\20220623_184230\\1656015545073.png]]

2022-06-23 22:19:05 - [TEST_STEP][PASSED] - color3 = getCSSValue(findTestObject("1. Constant/xpath", ["xpath":"//*[@id="source_" + refID10 + ""]/td[13]/a"]), "color", OPTIONAL): Get CSS 'color' value on 'Object Repository/1. Constant/xpath' successfully: 'rgba(255, 255, 255, 1)'.

2022-06-23 22:19:06 - [MESSAGE][PASSED] - Get CSS 'color' value on 'Object Repository/1. Constant/xpath' successfully: 'rgba(255, 255, 255, 1)'.

2022-06-23 22:19:06 - [TEST_STEP][PASSED] - while (color3 == "rgba(255, 255, 255, 1)"): Get CSS 'color' value on 'Object Repository/1. Constant/xpath' successfully: 'rgba(54, 153, 255, 1)'.

2022-06-23 22:19:06 - [TEST_STEP][PASSED] - click(findTestObject("1. Constant/xpath", ["xpath":"//*[@id="source_" + refID10 + ""]/td[13]/a"])): Object: 'Object Repository/1. Constant/xpath' is clicked on

2022-06-23 22:19:08 - [MESSAGE][PASSED] - Object: 'Object Repository/1. Constant/xpath' is clicked on

2022-06-23 22:19:08 - [TEST_STEP][PASSED] - selectOptionByValue(findTestObject("1. Constant/xpath", ["xpath":"//*[@id="id_approval_flow_tpl"]"]), "80", false): All options with value '80' are selected in object 'Object Repository/1. Constant/xpath' 

2022-06-23 22:19:09 - [MESSAGE][PASSED] - All options with value '80' are selected in object 'Object Repository/1. Constant/xpath' 

2022-06-23 22:19:09 - [TEST_STEP][PASSED] - I.UploadDoc_sendkey_Prod(findTestObject("1. Constant/xpath", ["xpath":"//*[@id="kt_body"]/input[2]"]), "D:\Upoad_File\Upload doc\testdata1.jpg", "testdata1"): Delayed 5 second(s)

2022-06-23 22:19:10 - [MESSAGE][PASSED] - Scroll to object 'Object Repository/1. Constant/xpath' successfully

2022-06-23 22:19:15 - [MESSAGE][PASSED] - Delayed 5 second(s)

2022-06-23 22:19:16 - [MESSAGE][PASSED] - File 'D:\Upoad_File\Upload doc\testdata1.jpg' sent to object: 'Object Repository/1. Constant/xpath'

2022-06-23 22:19:21 - [MESSAGE][PASSED] - Delayed 5 second(s)

2022-06-23 22:19:22 - [MESSAGE][PASSED] - Text 'testdata1' is present on page 

2022-06-23 22:19:27 - [MESSAGE][PASSED] - Delayed 5 second(s)

2022-06-23 22:19:32 - [MESSAGE][PASSED] - Delayed 5 second(s)

2022-06-23 22:19:32 - [TEST_STEP][PASSED] - takeScreenshot(): Taking screenshot successfully

2022-06-23 22:19:33 - [MESSAGE][PASSED] - Taking screenshot successfully
[[ATTACHMENT|D:\\Projet Test Auto\\Mediabox Test Automation\\Reports\\20220623_184212\\03. Parallel Testing (Testing)\\TS -PT PART 3\\14.03 Dreyers Support Action (Ongoing _ Completed ref) - PART 3\\20220623_184230\\1656015573009.png]]

2022-06-23 22:19:33 - [TEST_STEP][PASSED] - delay(8): Delayed 8 second(s)

2022-06-23 22:19:41 - [MESSAGE][PASSED] - Delayed 8 second(s)

2022-06-23 22:19:41 - [TEST_STEP][PASSED] - click(findTestObject("HL Full Lifecycle/12 ReferncePage_Button_Updatensenddoc")): Object: 'Object Repository/HL Full Lifecycle/12 ReferncePage_Button_Updatensenddoc' is clicked on

2022-06-23 22:19:47 - [MESSAGE][PASSED] - Object: 'Object Repository/HL Full Lifecycle/12 ReferncePage_Button_Updatensenddoc' is clicked on

2022-06-23 22:19:47 - [TEST_STEP][PASSED] - delay(5): Delayed 5 second(s)

2022-06-23 22:19:52 - [MESSAGE][PASSED] - Delayed 5 second(s)

2022-06-23 22:19:52 - [TEST_STEP][PASSED] - color3 = getCSSValue(findTestObject("1. Constant/xpath", ["xpath":"//*[@id="source_" + refID10 + ""]/td[13]/a"]), "color", OPTIONAL): Get CSS 'color' value on 'Object Repository/1. Constant/xpath' successfully: 'rgba(54, 153, 255, 1)'.

2022-06-23 22:19:53 - [MESSAGE][PASSED] - Get CSS 'color' value on 'Object Repository/1. Constant/xpath' successfully: 'rgba(54, 153, 255, 1)'.

2022-06-23 22:19:53 - [TEST_STEP][PASSED] - I.Logout(): Delayed 3 second(s)

2022-06-23 22:19:56 - [MESSAGE][PASSED] - Delayed 3 second(s)

2022-06-23 22:19:57 - [MESSAGE][PASSED] - Object: 'Object Repository/1. Constant/xpath' is clicked on

2022-06-23 22:20:00 - [MESSAGE][PASSED] - Delayed 3 second(s)

2022-06-23 22:20:06 - [MESSAGE][PASSED] - Object: 'Object Repository/1. Constant/xpath' is clicked on

2022-06-23 22:20:09 - [MESSAGE][PASSED] - Delayed 3 second(s)

2022-06-23 22:20:09 - [TEST_STEP][PASSED] - I.Login_password("blemco", password_blemco): Object: 'Object Repository/1. Constant/xpath' is clicked on

2022-06-23 22:20:12 - [MESSAGE][PASSED] - Text 'blemco' is set on object 'Object Repository/1. Constant/xpath'

2022-06-23 22:20:13 - [MESSAGE][PASSED] - Delayed 1 second(s)

2022-06-23 22:20:14 - [MESSAGE][PASSED] - Text 'diadeis1' is set on object 'Object Repository/1. Constant/xpath'

2022-06-23 22:20:15 - [MESSAGE][PASSED] - Delayed 1 second(s)

2022-06-23 22:20:20 - [MESSAGE][PASSED] - Object: 'Object Repository/1. Constant/xpath' is clicked on

2022-06-23 22:20:20 - [TEST_STEP][PASSED] - click(findTestObject("1. Constant/02_LHSMenu_Projects")): Object: 'Object Repository/1. Constant/02_LHSMenu_Projects' is clicked on

2022-06-23 22:20:24 - [MESSAGE][PASSED] - Object: 'Object Repository/1. Constant/02_LHSMenu_Projects' is clicked on

2022-06-23 22:20:24 - [TEST_STEP][PASSED] - I.SearchProjectNo_xpath(Project_No, "//*[@id="keynum_project"]", "//*[@id="form_filters"]/div[4]/button"): Delayed 5 second(s)

2022-06-23 22:20:25 - [MESSAGE][PASSED] - Delayed 1 second(s)

2022-06-23 22:20:29 - [MESSAGE][PASSED] - Text 'MI000883' is set on object 'Object Repository/1. Constant/xpath'

2022-06-23 22:20:32 - [MESSAGE][PASSED] - Delayed 3 second(s)

2022-06-23 22:20:32 - [MESSAGE][PASSED] - Scroll to object 'Object Repository/1. Constant/xpath' successfully

2022-06-23 22:20:38 - [MESSAGE][PASSED] - Object: 'Object Repository/1. Constant/xpath' is clicked on

2022-06-23 22:20:43 - [MESSAGE][PASSED] - Delayed 5 second(s)

2022-06-23 22:20:43 - [TEST_STEP][PASSED] - takeScreenshot(): Taking screenshot successfully

2022-06-23 22:20:44 - [MESSAGE][PASSED] - Taking screenshot successfully
[[ATTACHMENT|D:\\Projet Test Auto\\Mediabox Test Automation\\Reports\\20220623_184212\\03. Parallel Testing (Testing)\\TS -PT PART 3\\14.03 Dreyers Support Action (Ongoing _ Completed ref) - PART 3\\20220623_184230\\1656015643682.png]]

2022-06-23 22:20:44 - [TEST_STEP][PASSED] - I.SearchRefNo_xpath("P10_Auto", "//*[@id="fiche_filter_keywords11"]", "//*[@id="form_filters"]/div[3]/button"): Delayed 5 second(s)

2022-06-23 22:20:45 - [MESSAGE][PASSED] - Delayed 1 second(s)

2022-06-23 22:20:45 - [MESSAGE][PASSED] - Text 'P10_Auto' is set on object 'Object Repository/1. Constant/xpath'

2022-06-23 22:20:48 - [MESSAGE][PASSED] - Delayed 3 second(s)

2022-06-23 22:20:48 - [MESSAGE][PASSED] - Scroll to object 'Object Repository/1. Constant/xpath' successfully

2022-06-23 22:20:51 - [MESSAGE][PASSED] - Object: 'Object Repository/1. Constant/xpath' is clicked on

2022-06-23 22:20:56 - [MESSAGE][PASSED] - Delayed 5 second(s)

2022-06-23 22:20:56 - [TEST_STEP][PASSED] - I.AWF_approve_byaction(findTestObject("1. Constant/xpath", ["xpath":"//*[@id="source_" + refID10 + ""]/td[13]/a[2]"])): Object: 'Object Repository/HL Full Lifecycle/Function_Appbutton2' is clicked on

2022-06-23 22:21:01 - [MESSAGE][PASSED] - Delayed 5 second(s)

2022-06-23 22:21:04 - [MESSAGE][PASSED] - Object: 'Object Repository/1. Constant/xpath' is clicked on

2022-06-23 22:21:06 - [MESSAGE][PASSED] - Object: 'Object Repository/HL Full Lifecycle/Function_access Viewer2' is hovered

2022-06-23 22:21:09 - [MESSAGE][PASSED] - Delayed 3 second(s)

2022-06-23 22:21:10 - [MESSAGE][PASSED] - Object: 'Object Repository/HL Full Lifecycle/Function_access Viewer2' is clicked on

2022-06-23 22:21:15 - [MESSAGE][PASSED] - Delayed 5 second(s)

2022-06-23 22:21:17 - [MESSAGE][PASSED] - Object: 'Object Repository/HL Full Lifecycle/Function_AppButton' is clicked on

2022-06-23 22:21:22 - [MESSAGE][PASSED] - Delayed 5 second(s)

2022-06-23 22:21:26 - [MESSAGE][PASSED] - Object: 'Object Repository/HL Full Lifecycle/Function_Appbutton2' is clicked on

2022-06-23 22:21:26 - [TEST_STEP][PASSED] - Lifecycle_Status66 = getText(findTestObject("1. Constant/xpath", ["xpath":"//*[@id="source_" + refID10 + ""]/td[12]/span[1]"])): Text of object 'Object Repository/1. Constant/xpath' is: 'Phase 1.1 [Standard]'

2022-06-23 22:21:26 - [MESSAGE][PASSED] - Text of object 'Object Repository/1. Constant/xpath' is: 'Phase 1.1 [Standard]'

2022-06-23 22:21:26 - [TEST_STEP][PASSED] - verifyMatch(Lifecycle_Status66, "Phase 1.1 [Standard]", false): Actual text 'Phase 1.1 [Standard]' and expected text 'Phase 1.1 [Standard]' are matched 

2022-06-23 22:21:26 - [MESSAGE][PASSED] - Actual text 'Phase 1.1 [Standard]' and expected text 'Phase 1.1 [Standard]' are matched 

2022-06-23 22:21:26 - [TEST_STEP][PASSED] - takeScreenshot(): Taking screenshot successfully

2022-06-23 22:21:26 - [MESSAGE][PASSED] - Taking screenshot successfully
[[ATTACHMENT|D:\\Projet Test Auto\\Mediabox Test Automation\\Reports\\20220623_184212\\03. Parallel Testing (Testing)\\TS -PT PART 3\\14.03 Dreyers Support Action (Ongoing _ Completed ref) - PART 3\\20220623_184230\\1656015686529.png]]

2022-06-23 22:21:26 - [TEST_STEP][PASSED] - click(findTestObject("1. Constant/xpath", ["xpath":"//*[@id="source_" + refID10 + ""]/td[13]/a[3]"])): Object: 'Object Repository/1. Constant/xpath' is clicked on

2022-06-23 22:21:30 - [MESSAGE][PASSED] - Object: 'Object Repository/1. Constant/xpath' is clicked on

2022-06-23 22:21:30 - [TEST_STEP][PASSED] - click(findTestObject("1. Constant/xpath", ["xpath":"//*[@id="ModifFiche"]/div[1]/div/button[2]"])): Object: 'Object Repository/1. Constant/xpath' is clicked on

2022-06-23 22:21:33 - [MESSAGE][PASSED] - Object: 'Object Repository/1. Constant/xpath' is clicked on

2022-06-23 22:21:33 - [TEST_STEP][PASSED] - Lifecycle_Status3 = getText(findTestObject("1. Constant/xpath", ["xpath":"//*[@id="source_" + refID10 + ""]/td[12]/span[1]"])): Text of object 'Object Repository/1. Constant/xpath' is: 'Phase 1.2 [Standard Phase]'

2022-06-23 22:21:34 - [MESSAGE][PASSED] - Text of object 'Object Repository/1. Constant/xpath' is: 'Phase 1.2 [Standard Phase]'

2022-06-23 22:21:34 - [TEST_STEP][PASSED] - verifyMatch(Lifecycle_Status3, "Phase 1.2 [Standard Phase]", false): Actual text 'Phase 1.2 [Standard Phase]' and expected text 'Phase 1.2 [Standard Phase]' are matched 

2022-06-23 22:21:34 - [MESSAGE][PASSED] - Actual text 'Phase 1.2 [Standard Phase]' and expected text 'Phase 1.2 [Standard Phase]' are matched 

2022-06-23 22:21:34 - [TEST_STEP][PASSED] - I.Logout(): Delayed 3 second(s)

2022-06-23 22:21:37 - [MESSAGE][PASSED] - Delayed 3 second(s)

2022-06-23 22:21:38 - [MESSAGE][PASSED] - Object: 'Object Repository/1. Constant/xpath' is clicked on

2022-06-23 22:21:41 - [MESSAGE][PASSED] - Delayed 3 second(s)

2022-06-23 22:21:44 - [MESSAGE][PASSED] - Object: 'Object Repository/1. Constant/xpath' is clicked on

2022-06-23 22:21:47 - [MESSAGE][PASSED] - Delayed 3 second(s)

2022-06-23 22:21:47 - [TEST_STEP][PASSED] - closeBrowser(): Browser is closed

2022-06-23 22:21:54 - [MESSAGE][PASSED] - Browser is closed

2022-06-23 22:21:54 - [TEST_STEP][PASSED] - Start listener action : sampleAfterTestCase: null]]></system-out>
         <system-err><![CDATA[]]></system-err>
      </testcase>
      <testcase name="Test Cases/19. Dreyers Support Action (Ongoing ref_completed)/19.11 Dreyers SAS Add Step Group (Ongoing ref) S16- P11" time="713.458" classname="Test Cases/19. Dreyers Support Action (Ongoing ref_completed)/19.11 Dreyers SAS Add Step Group (Ongoing ref) S16- P11" status="PASSED">
         <system-out><![CDATA[2022-06-23 22:21:54 - [TEST_CASE][PASSED] - Test Cases/19. Dreyers Support Action (Ongoing ref_completed)/19.11 Dreyers SAS Add Step Group (Ongoing ref) S16- P11: Test Cases/19. Dreyers Support Action (Ongoing ref_completed)/19.11 Dreyers SAS Add Step Group (Ongoing ref) S16- P11

2022-06-23 22:21:55 - [TEST_STEP][PASSED] - data_Dreyers = findTestData("Data Files/Username_Password/Dreyer"): null

2022-06-23 22:21:55 - [TEST_STEP][PASSED] - password_suser = data_Dreyers.getValue(2, 1): null

2022-06-23 22:21:55 - [TEST_STEP][PASSED] - password_blemco = data_Dreyers.getValue(2, 2): null

2022-06-23 22:21:55 - [TEST_STEP][PASSED] - password_nturner = data_Dreyers.getValue(2, 6): null

2022-06-23 22:21:55 - [TEST_STEP][PASSED] - password_lmary = data_Dreyers.getValue(2, 13): null

2022-06-23 22:21:55 - [TEST_STEP][PASSED] - data_urlRELAUTO = findTestData("Data Files/URL/URL_relauto"): null

2022-06-23 22:21:55 - [TEST_STEP][PASSED] - Url_Dreyer = data_urlRELAUTO.getValue(2, 4): null

2022-06-23 22:21:55 - [TEST_STEP][PASSED] - Project_No = I.readnotepad("D:\Upoad_File\Projet_ Login\Dreyers\19.1\19.1_Dreyers_ProjectNo.txt"): null

2022-06-23 22:21:55 - [TEST_STEP][PASSED] - refID = I.readnotepad("D:\Upoad_File\Projet_ Login\Dreyers\19.1\19.1_Dreyers_refID.txt"): null

2022-06-23 22:21:55 - [TEST_STEP][PASSED] - openBrowser(Url_Dreyer): Browser is opened with url: 'http://mdb-release.diadeis.lan/MediaboxIndependence/?MBI_datasource=RELTESTAUTO_DREYERS'

2022-06-23 22:21:55 - [MESSAGE][INFO] - Starting 'Chrome (headless)' driver

2022-06-23 22:21:55 - [MESSAGE][INFO] - User set preference: ['args', '[--window-size=1920,1080, --headless]']

2022-06-23 22:21:55 - [MESSAGE][INFO] - Action delay is set to 0 milliseconds

2022-06-23 22:22:18 - [MESSAGE][PASSED] - Browser is opened with url: 'http://mdb-release.diadeis.lan/MediaboxIndependence/?MBI_datasource=RELTESTAUTO_DREYERS'

2022-06-23 22:22:18 - [TEST_STEP][PASSED] - maximizeWindow(): Current window maximized

2022-06-23 22:22:19 - [MESSAGE][PASSED] - Current window maximized

2022-06-23 22:22:19 - [TEST_STEP][PASSED] - I.Login_password("suser", password_suser): Object: 'Object Repository/1. Constant/xpath' is clicked on

2022-06-23 22:22:19 - [MESSAGE][PASSED] - Text 'suser' is set on object 'Object Repository/1. Constant/xpath'

2022-06-23 22:22:20 - [MESSAGE][PASSED] - Delayed 1 second(s)

2022-06-23 22:22:22 - [MESSAGE][PASSED] - Text 'diadeis' is set on object 'Object Repository/1. Constant/xpath'

2022-06-23 22:22:23 - [MESSAGE][PASSED] - Delayed 1 second(s)

2022-06-23 22:22:33 - [MESSAGE][PASSED] - Object: 'Object Repository/1. Constant/xpath' is clicked on

2022-06-23 22:22:33 - [TEST_STEP][PASSED] - click(findTestObject("1. Constant/02_LHSMenu_Projects")): Object: 'Object Repository/1. Constant/02_LHSMenu_Projects' is clicked on

2022-06-23 22:22:38 - [MESSAGE][PASSED] - Object: 'Object Repository/1. Constant/02_LHSMenu_Projects' is clicked on

2022-06-23 22:22:38 - [TEST_STEP][PASSED] - I.SearchProjectNo_xpath(Project_No, "//*[@id="keynum_project"]", "//*[@id="form_filters"]/div[4]/button"): Delayed 5 second(s)

2022-06-23 22:22:39 - [MESSAGE][PASSED] - Delayed 1 second(s)

2022-06-23 22:22:42 - [MESSAGE][PASSED] - Text 'MI000883' is set on object 'Object Repository/1. Constant/xpath'

2022-06-23 22:22:45 - [MESSAGE][PASSED] - Delayed 3 second(s)

2022-06-23 22:22:46 - [MESSAGE][PASSED] - Scroll to object 'Object Repository/1. Constant/xpath' successfully

2022-06-23 22:22:50 - [MESSAGE][PASSED] - Object: 'Object Repository/1. Constant/xpath' is clicked on

2022-06-23 22:22:55 - [MESSAGE][PASSED] - Delayed 5 second(s)

2022-06-23 22:22:55 - [TEST_STEP][PASSED] - takeScreenshot(): Taking screenshot successfully

2022-06-23 22:22:56 - [MESSAGE][PASSED] - Taking screenshot successfully
[[ATTACHMENT|D:\\Projet Test Auto\\Mediabox Test Automation\\Reports\\20220623_184212\\03. Parallel Testing (Testing)\\TS -PT PART 3\\14.03 Dreyers Support Action (Ongoing _ Completed ref) - PART 3\\20220623_184230\\1656015775682.png]]

2022-06-23 22:22:56 - [TEST_STEP][PASSED] - click(findTestObject("1. Constant/xpath", ["xpath":"//*[@id="create_ref_btn"]/button"])): Object: 'Object Repository/1. Constant/xpath' is clicked on

2022-06-23 22:22:56 - [MESSAGE][PASSED] - Object: 'Object Repository/1. Constant/xpath' is clicked on

2022-06-23 22:22:56 - [TEST_STEP][PASSED] - delay(1): Delayed 1 second(s)

2022-06-23 22:22:57 - [MESSAGE][PASSED] - Delayed 1 second(s)

2022-06-23 22:22:57 - [TEST_STEP][PASSED] - click(findTestObject("1. Constant/xpath", ["xpath":"//*[@id="create_ref_btn"]/div/a"])): Object: 'Object Repository/1. Constant/xpath' is clicked on

2022-06-23 22:22:59 - [MESSAGE][PASSED] - Object: 'Object Repository/1. Constant/xpath' is clicked on

2022-06-23 22:22:59 - [TEST_STEP][PASSED] - delay(1): Delayed 1 second(s)

2022-06-23 22:23:00 - [MESSAGE][PASSED] - Delayed 1 second(s)

2022-06-23 22:23:00 - [TEST_STEP][PASSED] - selectOptionByValue(findTestObject("1. Constant/xpath", ["xpath":"//*[@id="lfc_tpl"]"]), "36", false): All options with value '36' are selected in object 'Object Repository/1. Constant/xpath' 

2022-06-23 22:23:04 - [MESSAGE][PASSED] - All options with value '36' are selected in object 'Object Repository/1. Constant/xpath' 

2022-06-23 22:23:04 - [TEST_STEP][PASSED] - ref_name = "P11_Auto_SAS_S16_" + RandomStringUtils.randomAlphanumeric(5) + I.gettimedate(): null

2022-06-23 22:23:04 - [TEST_STEP][PASSED] - delay(1): Delayed 1 second(s)

2022-06-23 22:23:05 - [MESSAGE][PASSED] - Delayed 1 second(s)

2022-06-23 22:23:05 - [TEST_STEP][PASSED] - setText(findTestObject("1. Constant/xpath", ["xpath":"//*[@id="var_name"]"]), ref_name): Text 'P11_Auto_SAS_S16_W9llojuin232022_222304' is set on object 'Object Repository/1. Constant/xpath'

2022-06-23 22:23:06 - [MESSAGE][PASSED] - Text 'P11_Auto_SAS_S16_W9llojuin232022_222304' is set on object 'Object Repository/1. Constant/xpath'

2022-06-23 22:23:06 - [TEST_STEP][PASSED] - takeScreenshot(): Taking screenshot successfully

2022-06-23 22:23:07 - [MESSAGE][PASSED] - Taking screenshot successfully
[[ATTACHMENT|D:\\Projet Test Auto\\Mediabox Test Automation\\Reports\\20220623_184212\\03. Parallel Testing (Testing)\\TS -PT PART 3\\14.03 Dreyers Support Action (Ongoing _ Completed ref) - PART 3\\20220623_184230\\1656015786935.png]]

2022-06-23 22:23:07 - [TEST_STEP][PASSED] - click(findTestObject("1. Constant/xpath", ["xpath":"//*[@id="createRefBottom"]"])): Object: 'Object Repository/1. Constant/xpath' is clicked on

2022-06-23 22:23:11 - [MESSAGE][PASSED] - Object: 'Object Repository/1. Constant/xpath' is clicked on

2022-06-23 22:23:11 - [TEST_STEP][PASSED] - delay(1): Delayed 1 second(s)

2022-06-23 22:23:12 - [MESSAGE][PASSED] - Delayed 1 second(s)

2022-06-23 22:23:12 - [TEST_STEP][PASSED] - takeScreenshot(): Taking screenshot successfully

2022-06-23 22:23:12 - [MESSAGE][PASSED] - Taking screenshot successfully
[[ATTACHMENT|D:\\Projet Test Auto\\Mediabox Test Automation\\Reports\\20220623_184212\\03. Parallel Testing (Testing)\\TS -PT PART 3\\14.03 Dreyers Support Action (Ongoing _ Completed ref) - PART 3\\20220623_184230\\1656015792138.png]]

2022-06-23 22:23:12 - [TEST_STEP][PASSED] - refID11 = I.RefID(): Current window's url is: 'http://mdb-release.diadeis.lan/MediaboxIndependence/Base/ExecAction?IDSession=MBI%21RELTESTAUTO_DREYERS%21M06VY6780A8Z06DCH1FHDDFBL75JDF8GGRR5MT6C&default_action=ModifierRef&id_project=MI000883&id_ref=5325&action_from=create_ref'

2022-06-23 22:23:17 - [MESSAGE][PASSED] - Delayed 5 second(s)

2022-06-23 22:23:17 - [MESSAGE][PASSED] - Current window's url is: 'http://mdb-release.diadeis.lan/MediaboxIndependence/Base/ExecAction?IDSession=MBI%21RELTESTAUTO_DREYERS%21M06VY6780A8Z06DCH1FHDDFBL75JDF8GGRR5MT6C&default_action=ModifierRef&id_project=MI000883&id_ref=5325&action_from=create_ref'

2022-06-23 22:23:17 - [TEST_STEP][PASSED] - click(findTestObject("1. Constant/xpath", ["xpath":"//*[@id="type_save"]"])): Object: 'Object Repository/1. Constant/xpath' is clicked on

2022-06-23 22:23:25 - [MESSAGE][PASSED] - Object: 'Object Repository/1. Constant/xpath' is clicked on

2022-06-23 22:23:25 - [TEST_STEP][PASSED] - takeScreenshot(): Taking screenshot successfully

2022-06-23 22:23:26 - [MESSAGE][PASSED] - Taking screenshot successfully
[[ATTACHMENT|D:\\Projet Test Auto\\Mediabox Test Automation\\Reports\\20220623_184212\\03. Parallel Testing (Testing)\\TS -PT PART 3\\14.03 Dreyers Support Action (Ongoing _ Completed ref) - PART 3\\20220623_184230\\1656015805801.png]]

2022-06-23 22:23:26 - [TEST_STEP][PASSED] - delay(1): Delayed 1 second(s)

2022-06-23 22:23:27 - [MESSAGE][PASSED] - Delayed 1 second(s)

2022-06-23 22:23:27 - [TEST_STEP][PASSED] - I.SearchRefNo_xpath("P11_Auto", "//*[@id="fiche_filter_keywords11"]", "//*[@id="form_filters"]/div[3]/button"): Delayed 5 second(s)

2022-06-23 22:23:28 - [MESSAGE][PASSED] - Delayed 1 second(s)

2022-06-23 22:23:29 - [MESSAGE][PASSED] - Text 'P11_Auto' is set on object 'Object Repository/1. Constant/xpath'

2022-06-23 22:23:32 - [MESSAGE][PASSED] - Delayed 3 second(s)

2022-06-23 22:23:32 - [MESSAGE][PASSED] - Scroll to object 'Object Repository/1. Constant/xpath' successfully

2022-06-23 22:23:36 - [MESSAGE][PASSED] - Object: 'Object Repository/1. Constant/xpath' is clicked on

2022-06-23 22:23:41 - [MESSAGE][PASSED] - Delayed 5 second(s)

2022-06-23 22:23:41 - [TEST_STEP][PASSED] - click(findTestObject("1. Constant/xpath", ["xpath":"//*[@id="source_" + refID11 + ""]/td[14]/a[3]"])): Object: 'Object Repository/1. Constant/xpath' is clicked on

2022-06-23 22:23:44 - [MESSAGE][PASSED] - Object: 'Object Repository/1. Constant/xpath' is clicked on

2022-06-23 22:23:44 - [TEST_STEP][PASSED] - click(findTestObject("1. Constant/xpath", ["xpath":"//*[@id="ModifFiche"]/div[1]/div/button[2]"])): Object: 'Object Repository/1. Constant/xpath' is clicked on

2022-06-23 22:23:49 - [MESSAGE][PASSED] - Object: 'Object Repository/1. Constant/xpath' is clicked on

2022-06-23 22:23:49 - [TEST_STEP][PASSED] - takeScreenshot(): Taking screenshot successfully

2022-06-23 22:23:50 - [MESSAGE][PASSED] - Taking screenshot successfully
[[ATTACHMENT|D:\\Projet Test Auto\\Mediabox Test Automation\\Reports\\20220623_184212\\03. Parallel Testing (Testing)\\TS -PT PART 3\\14.03 Dreyers Support Action (Ongoing _ Completed ref) - PART 3\\20220623_184230\\1656015829465.png]]

2022-06-23 22:23:50 - [TEST_STEP][PASSED] - delay(1): Delayed 1 second(s)

2022-06-23 22:23:51 - [MESSAGE][PASSED] - Delayed 1 second(s)

2022-06-23 22:23:51 - [TEST_STEP][PASSED] - click(findTestObject("1. Constant/xpath", ["xpath":"//*[@id="source_" + refID11 + ""]/td[14]/a[3]"])): Object: 'Object Repository/1. Constant/xpath' is clicked on

2022-06-23 22:23:53 - [MESSAGE][PASSED] - Object: 'Object Repository/1. Constant/xpath' is clicked on

2022-06-23 22:23:53 - [TEST_STEP][PASSED] - click(findTestObject("1. Constant/xpath", ["xpath":"//*[@id="ModifFiche"]/div[1]/div/button[2]"])): Object: 'Object Repository/1. Constant/xpath' is clicked on

2022-06-23 22:23:58 - [MESSAGE][PASSED] - Object: 'Object Repository/1. Constant/xpath' is clicked on

2022-06-23 22:23:58 - [TEST_STEP][PASSED] - takeScreenshot(): Taking screenshot successfully

2022-06-23 22:23:59 - [MESSAGE][PASSED] - Taking screenshot successfully
[[ATTACHMENT|D:\\Projet Test Auto\\Mediabox Test Automation\\Reports\\20220623_184212\\03. Parallel Testing (Testing)\\TS -PT PART 3\\14.03 Dreyers Support Action (Ongoing _ Completed ref) - PART 3\\20220623_184230\\1656015838814.png]]

2022-06-23 22:23:59 - [TEST_STEP][PASSED] - delay(1): Delayed 1 second(s)

2022-06-23 22:24:00 - [MESSAGE][PASSED] - Delayed 1 second(s)

2022-06-23 22:24:00 - [TEST_STEP][PASSED] - color1 = getCSSValue(findTestObject("1. Constant/xpath", ["xpath":"//*[@id="source_" + refID11 + ""]/td[14]/a[2]"]), "color", OPTIONAL): Get CSS 'color' value on 'Object Repository/1. Constant/xpath' successfully: 'rgba(255, 255, 255, 1)'.

2022-06-23 22:24:01 - [MESSAGE][PASSED] - Get CSS 'color' value on 'Object Repository/1. Constant/xpath' successfully: 'rgba(255, 255, 255, 1)'.

2022-06-23 22:24:01 - [TEST_STEP][PASSED] - while (color1 == "rgba(255, 255, 255, 1)"): Get CSS 'color' value on 'Object Repository/1. Constant/xpath' successfully: 'rgba(54, 153, 255, 1)'.

2022-06-23 22:24:01 - [TEST_STEP][PASSED] - click(findTestObject("1. Constant/xpath", ["xpath":"//*[@id="source_" + refID11 + ""]/td[14]/a[2]"])): Object: 'Object Repository/1. Constant/xpath' is clicked on

2022-06-23 22:24:04 - [MESSAGE][PASSED] - Object: 'Object Repository/1. Constant/xpath' is clicked on

2022-06-23 22:24:04 - [TEST_STEP][PASSED] - I.UploadDoc_sendkey_Prod(findTestObject("1. Constant/xpath", ["xpath":"//*[@id="kt_body"]/input[2]"]), "D:\Upoad_File\Upload doc\testdata1.pdf", "testdata1"): Delayed 5 second(s)

2022-06-23 22:24:04 - [MESSAGE][PASSED] - Scroll to object 'Object Repository/1. Constant/xpath' successfully

2022-06-23 22:24:09 - [MESSAGE][PASSED] - Delayed 5 second(s)

2022-06-23 22:24:10 - [MESSAGE][PASSED] - File 'D:\Upoad_File\Upload doc\testdata1.pdf' sent to object: 'Object Repository/1. Constant/xpath'

2022-06-23 22:24:15 - [MESSAGE][PASSED] - Delayed 5 second(s)

2022-06-23 22:24:16 - [MESSAGE][PASSED] - Text 'testdata1' is present on page 

2022-06-23 22:24:21 - [MESSAGE][PASSED] - Delayed 5 second(s)

2022-06-23 22:24:26 - [MESSAGE][PASSED] - Delayed 5 second(s)

2022-06-23 22:24:26 - [TEST_STEP][PASSED] - takeScreenshot(): Taking screenshot successfully

2022-06-23 22:24:27 - [MESSAGE][PASSED] - Taking screenshot successfully
[[ATTACHMENT|D:\\Projet Test Auto\\Mediabox Test Automation\\Reports\\20220623_184212\\03. Parallel Testing (Testing)\\TS -PT PART 3\\14.03 Dreyers Support Action (Ongoing _ Completed ref) - PART 3\\20220623_184230\\1656015866525.png]]

2022-06-23 22:24:27 - [TEST_STEP][PASSED] - delay(8): Delayed 8 second(s)

2022-06-23 22:24:35 - [MESSAGE][PASSED] - Delayed 8 second(s)

2022-06-23 22:24:35 - [TEST_STEP][PASSED] - click(findTestObject("HL Full Lifecycle/12 ReferncePage_Button_Updatensenddoc")): Object: 'Object Repository/HL Full Lifecycle/12 ReferncePage_Button_Updatensenddoc' is clicked on

2022-06-23 22:24:40 - [MESSAGE][PASSED] - Object: 'Object Repository/HL Full Lifecycle/12 ReferncePage_Button_Updatensenddoc' is clicked on

2022-06-23 22:24:40 - [TEST_STEP][PASSED] - delay(4): Delayed 4 second(s)

2022-06-23 22:24:44 - [MESSAGE][PASSED] - Delayed 4 second(s)

2022-06-23 22:24:44 - [TEST_STEP][PASSED] - color1 = getCSSValue(findTestObject("1. Constant/xpath", ["xpath":"//*[@id="source_" + refID11 + ""]/td[14]/a[2]"]), "color", OPTIONAL): Get CSS 'color' value on 'Object Repository/1. Constant/xpath' successfully: 'rgba(54, 153, 255, 1)'.

2022-06-23 22:24:45 - [MESSAGE][PASSED] - Get CSS 'color' value on 'Object Repository/1. Constant/xpath' successfully: 'rgba(54, 153, 255, 1)'.

2022-06-23 22:24:45 - [TEST_STEP][PASSED] - takeScreenshot(): Taking screenshot successfully

2022-06-23 22:24:45 - [MESSAGE][PASSED] - Taking screenshot successfully
[[ATTACHMENT|D:\\Projet Test Auto\\Mediabox Test Automation\\Reports\\20220623_184212\\03. Parallel Testing (Testing)\\TS -PT PART 3\\14.03 Dreyers Support Action (Ongoing _ Completed ref) - PART 3\\20220623_184230\\1656015885139.png]]

2022-06-23 22:24:45 - [TEST_STEP][PASSED] - click(findTestObject("1. Constant/xpath", ["xpath":"//*[@id="source_" + refID11 + ""]/td[6]/a"])): Object: 'Object Repository/1. Constant/xpath' is clicked on

2022-06-23 22:24:49 - [MESSAGE][PASSED] - Object: 'Object Repository/1. Constant/xpath' is clicked on

2022-06-23 22:24:49 - [TEST_STEP][PASSED] - takeScreenshot(): Taking screenshot successfully

2022-06-23 22:24:50 - [MESSAGE][PASSED] - Taking screenshot successfully
[[ATTACHMENT|D:\\Projet Test Auto\\Mediabox Test Automation\\Reports\\20220623_184212\\03. Parallel Testing (Testing)\\TS -PT PART 3\\14.03 Dreyers Support Action (Ongoing _ Completed ref) - PART 3\\20220623_184230\\1656015890121.png]]

2022-06-23 22:24:50 - [TEST_STEP][PASSED] - delay(1): Delayed 1 second(s)

2022-06-23 22:24:51 - [MESSAGE][PASSED] - Delayed 1 second(s)

2022-06-23 22:24:51 - [TEST_STEP][PASSED] - I.Approveforothers("/html/body/div[1]/div[2]/div[8]/div[3]/div/div[3]/div[2]/div/div[3]/div/div[2]/div[1]/div/div[2]/div/div[2]/div[2]/div/div/div[1]/img", "/html/body/div[1]/div[2]/div[8]/div[3]/div/div[3]/div[2]/div/div[3]/div/div[2]/div[1]/div/div[2]/div/div[2]/div[2]/div/div/div[6]/a[2]/span"): Object: 'Object Repository/1. Constant/xpath' is clicked on

2022-06-23 22:24:53 - [MESSAGE][PASSED] - Object: 'Object Repository/1. Constant/xpath' is clicked on

2022-06-23 22:24:54 - [MESSAGE][PASSED] - Delayed 1 second(s)

2022-06-23 22:24:57 - [MESSAGE][PASSED] - Object: 'Object Repository/1. Constant/xpath' is clicked on

2022-06-23 22:24:58 - [MESSAGE][PASSED] - Delayed 1 second(s)

2022-06-23 22:25:00 - [MESSAGE][PASSED] - Object: 'Object Repository/1. Constant/xpath' is hovered

2022-06-23 22:25:01 - [MESSAGE][PASSED] - Object: 'Object Repository/1. Constant/xpath' is clicked on

2022-06-23 22:25:02 - [MESSAGE][PASSED] - Delayed 1 second(s)

2022-06-23 22:25:11 - [MESSAGE][PASSED] - Object: 'Object Repository/1. Constant/xpath' is clicked on

2022-06-23 22:25:11 - [TEST_STEP][PASSED] - delay(1): Delayed 1 second(s)

2022-06-23 22:25:12 - [MESSAGE][PASSED] - Delayed 1 second(s)

2022-06-23 22:25:12 - [TEST_STEP][PASSED] - click(findTestObject("1. Constant/xpath", ["xpath":"//*[@id="kt_subheader"]/div/nav/ol/li[2]/a"])): Object: 'Object Repository/1. Constant/xpath' is clicked on

2022-06-23 22:25:17 - [MESSAGE][PASSED] - Object: 'Object Repository/1. Constant/xpath' is clicked on

2022-06-23 22:25:17 - [TEST_STEP][PASSED] - delay(1): Delayed 1 second(s)

2022-06-23 22:25:18 - [MESSAGE][PASSED] - Delayed 1 second(s)

2022-06-23 22:25:18 - [TEST_STEP][PASSED] - I.submitquesiton_ref(findTestObject("1. Constant/xpath", ["xpath":"//*[@id="source_" + refID11 + ""]/td[14]/div[1]/button"]), findTestObject("1. Constant/xpath", ["xpath":"//*[@id="source_" + refID11 + ""]/td[14]/div[1]/div/a[1]"])): Object: 'Object Repository/1. Constant/xpath' is clicked on

2022-06-23 22:25:20 - [MESSAGE][PASSED] - Object: 'Object Repository/1. Constant/xpath' is clicked on

2022-06-23 22:25:23 - [MESSAGE][PASSED] - Delayed 3 second(s)

2022-06-23 22:25:25 - [MESSAGE][PASSED] - Object: 'Object Repository/1. Constant/xpath' is clicked on

2022-06-23 22:25:25 - [TEST_STEP][PASSED] - click(findTestObject("1. Constant/xpath", ["xpath":"//*[@id="ModifFiche"]/div[1]/div/button[2]"])): Object: 'Object Repository/1. Constant/xpath' is clicked on

2022-06-23 22:25:31 - [MESSAGE][PASSED] - Object: 'Object Repository/1. Constant/xpath' is clicked on

2022-06-23 22:25:31 - [TEST_STEP][PASSED] - takeScreenshot(): Taking screenshot successfully

2022-06-23 22:25:31 - [MESSAGE][PASSED] - Taking screenshot successfully
[[ATTACHMENT|D:\\Projet Test Auto\\Mediabox Test Automation\\Reports\\20220623_184212\\03. Parallel Testing (Testing)\\TS -PT PART 3\\14.03 Dreyers Support Action (Ongoing _ Completed ref) - PART 3\\20220623_184230\\1656015931492.png]]

2022-06-23 22:25:31 - [TEST_STEP][PASSED] - I.submitquesiton_ref(findTestObject("1. Constant/xpath", ["xpath":"//*[@id="source_" + refID11 + ""]/td[14]/div[1]/button"]), findTestObject("1. Constant/xpath", ["xpath":"//*[@id="source_" + refID11 + ""]/td[14]/div[1]/div/a[1]"])): Object: 'Object Repository/1. Constant/xpath' is clicked on

2022-06-23 22:25:32 - [MESSAGE][PASSED] - Object: 'Object Repository/1. Constant/xpath' is clicked on

2022-06-23 22:25:35 - [MESSAGE][PASSED] - Delayed 3 second(s)

2022-06-23 22:25:37 - [MESSAGE][PASSED] - Object: 'Object Repository/1. Constant/xpath' is clicked on

2022-06-23 22:25:37 - [TEST_STEP][PASSED] - click(findTestObject("1. Constant/xpath", ["xpath":"//*[@id="ModifFiche"]/div[1]/div/button[2]"])): Object: 'Object Repository/1. Constant/xpath' is clicked on

2022-06-23 22:25:43 - [MESSAGE][PASSED] - Object: 'Object Repository/1. Constant/xpath' is clicked on

2022-06-23 22:25:43 - [TEST_STEP][PASSED] - takeScreenshot(): Taking screenshot successfully

2022-06-23 22:25:43 - [MESSAGE][PASSED] - Taking screenshot successfully
[[ATTACHMENT|D:\\Projet Test Auto\\Mediabox Test Automation\\Reports\\20220623_184212\\03. Parallel Testing (Testing)\\TS -PT PART 3\\14.03 Dreyers Support Action (Ongoing _ Completed ref) - PART 3\\20220623_184230\\1656015943238.png]]

2022-06-23 22:25:43 - [TEST_STEP][PASSED] - click(findTestObject("1. Constant/xpath", ["xpath":"//*[@id="source_" + refID11 + ""]/td[14]/a[3]"])): Object: 'Object Repository/1. Constant/xpath' is clicked on

2022-06-23 22:25:47 - [MESSAGE][PASSED] - Object: 'Object Repository/1. Constant/xpath' is clicked on

2022-06-23 22:25:47 - [TEST_STEP][PASSED] - click(findTestObject("1. Constant/xpath", ["xpath":"//*[@id="ModifFiche"]/div[1]/div/button[2]"])): Object: 'Object Repository/1. Constant/xpath' is clicked on

2022-06-23 22:25:52 - [MESSAGE][PASSED] - Object: 'Object Repository/1. Constant/xpath' is clicked on

2022-06-23 22:25:52 - [TEST_STEP][PASSED] - click(findTestObject("1. Constant/xpath", ["xpath":"//*[@id="source_" + refID11 + ""]/td[6]/a"])): Object: 'Object Repository/1. Constant/xpath' is clicked on

2022-06-23 22:25:55 - [MESSAGE][PASSED] - Object: 'Object Repository/1. Constant/xpath' is clicked on

2022-06-23 22:25:55 - [TEST_STEP][PASSED] - click(findTestObject("1. Constant/xpath", ["xpath":"//*[@id="kt_content"]/div[3]/div/ul/li[3]/a"])): Object: 'Object Repository/1. Constant/xpath' is clicked on

2022-06-23 22:25:57 - [MESSAGE][PASSED] - Object: 'Object Repository/1. Constant/xpath' is clicked on

2022-06-23 22:25:57 - [TEST_STEP][PASSED] - takeScreenshot(): Taking screenshot successfully

2022-06-23 22:25:58 - [MESSAGE][PASSED] - Taking screenshot successfully
[[ATTACHMENT|D:\\Projet Test Auto\\Mediabox Test Automation\\Reports\\20220623_184212\\03. Parallel Testing (Testing)\\TS -PT PART 3\\14.03 Dreyers Support Action (Ongoing _ Completed ref) - PART 3\\20220623_184230\\1656015957947.png]]

2022-06-23 22:25:58 - [TEST_STEP][PASSED] - click(findTestObject("1. Constant/xpath", ["xpath":"/html/body/div[1]/div[2]/div[8]/div[3]/div/div[3]/div[3]/div/div/div[3]/div/div[4]/div/div[1]/div[2]/div/button"])): Object: 'Object Repository/1. Constant/xpath' is clicked on

2022-06-23 22:25:58 - [MESSAGE][PASSED] - Object: 'Object Repository/1. Constant/xpath' is clicked on

2022-06-23 22:25:58 - [TEST_STEP][PASSED] - delay(1): Delayed 1 second(s)

2022-06-23 22:25:59 - [MESSAGE][PASSED] - Delayed 1 second(s)

2022-06-23 22:25:59 - [TEST_STEP][PASSED] - takeScreenshot(): Taking screenshot successfully

2022-06-23 22:26:00 - [MESSAGE][PASSED] - Taking screenshot successfully
[[ATTACHMENT|D:\\Projet Test Auto\\Mediabox Test Automation\\Reports\\20220623_184212\\03. Parallel Testing (Testing)\\TS -PT PART 3\\14.03 Dreyers Support Action (Ongoing _ Completed ref) - PART 3\\20220623_184230\\1656015959937.png]]

2022-06-23 22:26:00 - [TEST_STEP][PASSED] - delay(1): Delayed 1 second(s)

2022-06-23 22:26:01 - [MESSAGE][PASSED] - Delayed 1 second(s)

2022-06-23 22:26:01 - [TEST_STEP][PASSED] - x = 10: null

2022-06-23 22:26:01 - [TEST_STEP][PASSED] - i = 1: null

2022-06-23 22:26:01 - [TEST_STEP][PASSED] - while (i <= x): null

2022-06-23 22:26:01 - [TEST_STEP][PASSED] - Expected_SAS_Selected = "SAS: S15 - Add Step Group A & C": null

2022-06-23 22:26:01 - [TEST_STEP][PASSED] - xpath_SAS = "/html/body/div[1]/div[2]/div[8]/div[3]/div/div[3]/div[3]/div/div/div[3]/div/div[4]/div/div[1]/div[2]/div/div/a[" + i + "]": null

2022-06-23 22:26:01 - [TEST_STEP][PASSED] - Actual_SAS = getText(findTestObject("1. Constant/xpath", ["xpath":xpath_SAS])): Text of object 'Object Repository/1. Constant/xpath' is: 'SAS S41: Add Phase 3.5 / Skip P3.4'

2022-06-23 22:26:02 - [MESSAGE][PASSED] - Text of object 'Object Repository/1. Constant/xpath' is: 'SAS S41: Add Phase 3.5 / Skip P3.4'

2022-06-23 22:26:02 - [TEST_STEP][PASSED] - I.print(i): null

2022-06-23 22:26:02 - [TEST_STEP][PASSED] - if (Actual_SAS.contains(Expected_SAS_Selected)): null

2022-06-23 22:26:02 - [TEST_STEP][PASSED] - i = i + 1: null

2022-06-23 22:26:02 - [TEST_STEP][PASSED] - Expected_SAS_Selected = "SAS: S15 - Add Step Group A & C": null

2022-06-23 22:26:02 - [TEST_STEP][PASSED] - xpath_SAS = "/html/body/div[1]/div[2]/div[8]/div[3]/div/div[3]/div[3]/div/div/div[3]/div/div[4]/div/div[1]/div[2]/div/div/a[" + i + "]": null

2022-06-23 22:26:02 - [TEST_STEP][PASSED] - Actual_SAS = getText(findTestObject("1. Constant/xpath", ["xpath":xpath_SAS])): Text of object 'Object Repository/1. Constant/xpath' is: 'SAS: S6 - Add Steps C'

2022-06-23 22:26:03 - [MESSAGE][PASSED] - Text of object 'Object Repository/1. Constant/xpath' is: 'SAS: S6 - Add Steps C'

2022-06-23 22:26:03 - [TEST_STEP][PASSED] - I.print(i): null

2022-06-23 22:26:03 - [TEST_STEP][PASSED] - if (Actual_SAS.contains(Expected_SAS_Selected)): null

2022-06-23 22:26:03 - [TEST_STEP][PASSED] - i = i + 1: null

2022-06-23 22:26:03 - [TEST_STEP][PASSED] - Expected_SAS_Selected = "SAS: S15 - Add Step Group A & C": null

2022-06-23 22:26:03 - [TEST_STEP][PASSED] - xpath_SAS = "/html/body/div[1]/div[2]/div[8]/div[3]/div/div[3]/div[3]/div/div/div[3]/div/div[4]/div/div[1]/div[2]/div/div/a[" + i + "]": null

2022-06-23 22:26:03 - [TEST_STEP][PASSED] - Actual_SAS = getText(findTestObject("1. Constant/xpath", ["xpath":xpath_SAS])): Text of object 'Object Repository/1. Constant/xpath' is: 'SAS S14 - Add Step group (SAS Lifecycle - SAS Step C)'

2022-06-23 22:26:03 - [MESSAGE][PASSED] - Text of object 'Object Repository/1. Constant/xpath' is: 'SAS S14 - Add Step group (SAS Lifecycle - SAS Step C)'

2022-06-23 22:26:03 - [TEST_STEP][PASSED] - I.print(i): null

2022-06-23 22:26:03 - [TEST_STEP][PASSED] - if (Actual_SAS.contains(Expected_SAS_Selected)): null

2022-06-23 22:26:03 - [TEST_STEP][PASSED] - i = i + 1: null

2022-06-23 22:26:03 - [TEST_STEP][PASSED] - Expected_SAS_Selected = "SAS: S15 - Add Step Group A & C": null

2022-06-23 22:26:03 - [TEST_STEP][PASSED] - xpath_SAS = "/html/body/div[1]/div[2]/div[8]/div[3]/div/div[3]/div[3]/div/div/div[3]/div/div[4]/div/div[1]/div[2]/div/div/a[" + i + "]": null

2022-06-23 22:26:03 - [TEST_STEP][PASSED] - Actual_SAS = getText(findTestObject("1. Constant/xpath", ["xpath":xpath_SAS])): Text of object 'Object Repository/1. Constant/xpath' is: 'SAS: S15 - Add Step Group A & C'

2022-06-23 22:26:03 - [MESSAGE][PASSED] - Text of object 'Object Repository/1. Constant/xpath' is: 'SAS: S15 - Add Step Group A & C'

2022-06-23 22:26:03 - [TEST_STEP][PASSED] - I.print(i): null

2022-06-23 22:26:03 - [TEST_STEP][PASSED] - if (Actual_SAS.contains(Expected_SAS_Selected)): null

2022-06-23 22:26:03 - [TEST_STEP][PASSED] - click(findTestObject("1. Constant/xpath", ["xpath":xpath_SAS])): Object: 'Object Repository/1. Constant/xpath' is clicked on

2022-06-23 22:26:03 - [MESSAGE][PASSED] - Object: 'Object Repository/1. Constant/xpath' is clicked on

2022-06-23 22:26:03 - [TEST_STEP][PASSED] - break: null

2022-06-23 22:26:03 - [TEST_STEP][PASSED] - takeScreenshot(): Taking screenshot successfully

2022-06-23 22:26:04 - [MESSAGE][PASSED] - Taking screenshot successfully
[[ATTACHMENT|D:\\Projet Test Auto\\Mediabox Test Automation\\Reports\\20220623_184212\\03. Parallel Testing (Testing)\\TS -PT PART 3\\14.03 Dreyers Support Action (Ongoing _ Completed ref) - PART 3\\20220623_184230\\1656015964294.png]]

2022-06-23 22:26:04 - [TEST_STEP][PASSED] - click(findTestObject("1. Constant/xpath", ["xpath":"//*[@id="confirmSupportActionShortcut"]"])): Object: 'Object Repository/1. Constant/xpath' is clicked on

2022-06-23 22:26:09 - [MESSAGE][PASSED] - Object: 'Object Repository/1. Constant/xpath' is clicked on

2022-06-23 22:26:09 - [TEST_STEP][PASSED] - takeScreenshot(): Taking screenshot successfully

2022-06-23 22:26:10 - [MESSAGE][PASSED] - Taking screenshot successfully
[[ATTACHMENT|D:\\Projet Test Auto\\Mediabox Test Automation\\Reports\\20220623_184212\\03. Parallel Testing (Testing)\\TS -PT PART 3\\14.03 Dreyers Support Action (Ongoing _ Completed ref) - PART 3\\20220623_184230\\1656015969459.png]]

2022-06-23 22:26:10 - [TEST_STEP][PASSED] - click(findTestObject("1. Constant/xpath", ["xpath":"//*[@id="kt_content"]/div[3]/div/ul/li[3]/a"])): Object: 'Object Repository/1. Constant/xpath' is clicked on

2022-06-23 22:26:13 - [MESSAGE][PASSED] - Object: 'Object Repository/1. Constant/xpath' is clicked on

2022-06-23 22:26:13 - [TEST_STEP][PASSED] - takeScreenshot(): Taking screenshot successfully

2022-06-23 22:26:14 - [MESSAGE][PASSED] - Taking screenshot successfully
[[ATTACHMENT|D:\\Projet Test Auto\\Mediabox Test Automation\\Reports\\20220623_184212\\03. Parallel Testing (Testing)\\TS -PT PART 3\\14.03 Dreyers Support Action (Ongoing _ Completed ref) - PART 3\\20220623_184230\\1656015973311.png]]

2022-06-23 22:26:14 - [TEST_STEP][PASSED] - takeScreenshot(): Taking screenshot successfully

2022-06-23 22:26:15 - [MESSAGE][PASSED] - Taking screenshot successfully
[[ATTACHMENT|D:\\Projet Test Auto\\Mediabox Test Automation\\Reports\\20220623_184212\\03. Parallel Testing (Testing)\\TS -PT PART 3\\14.03 Dreyers Support Action (Ongoing _ Completed ref) - PART 3\\20220623_184230\\1656015974756.png]]

2022-06-23 22:26:15 - [TEST_STEP][PASSED] - StepC_1 = getAttribute(findTestObject("1. Constant/xpath", ["xpath":"/html/body/div[1]/div[2]/div[8]/div[3]/div/div[3]/div[3]/div/ul/li[3]/a"]), "class"): Attribute 'class' of object 'Object Repository/1. Constant/xpath' is: 'nav-link timeline-badge badge-xl  bg-pending active'

2022-06-23 22:26:16 - [MESSAGE][PASSED] - Attribute 'class' of object 'Object Repository/1. Constant/xpath' is: 'nav-link timeline-badge badge-xl  bg-pending active'

2022-06-23 22:26:16 - [TEST_STEP][PASSED] - verifyMatch(StepC_1, "nav-link timeline-badge badge-xl  bg-pending active", false): Actual text 'nav-link timeline-badge badge-xl  bg-pending active' and expected text 'nav-link timeline-badge badge-xl  bg-pending active' are matched 

2022-06-23 22:26:16 - [MESSAGE][PASSED] - Actual text 'nav-link timeline-badge badge-xl  bg-pending active' and expected text 'nav-link timeline-badge badge-xl  bg-pending active' are matched 

2022-06-23 22:26:16 - [TEST_STEP][PASSED] - StepC_11 = I.Get_Stepname("/html/body/div[1]/div[2]/div[8]/div[3]/div/div[3]/div[3]/div/ul/li[3]/a"): Attribute 'href' of object 'Object Repository/1. Constant/xpath' is: 'http://mdb-release.diadeis.lan/MediaboxIndependence/Base/ExecAction?action=VoirRef&IDSession=MBI!RELTESTAUTO_DREYERS!M06VY6780A8Z06DCH1FHDDFBL75JDF8GGRR5MT6C&num=MCV07YVPLP&id_ref=5325#tab_lifecycle_SASStepC_12343'

2022-06-23 22:26:21 - [MESSAGE][PASSED] - Delayed 5 second(s)

2022-06-23 22:26:22 - [MESSAGE][PASSED] - Attribute 'href' of object 'Object Repository/1. Constant/xpath' is: 'http://mdb-release.diadeis.lan/MediaboxIndependence/Base/ExecAction?action=VoirRef&IDSession=MBI!RELTESTAUTO_DREYERS!M06VY6780A8Z06DCH1FHDDFBL75JDF8GGRR5MT6C&num=MCV07YVPLP&id_ref=5325#tab_lifecycle_SASStepC_12343'

2022-06-23 22:26:22 - [TEST_STEP][PASSED] - verifyMatch(StepC_11, "SASStepC", false): Actual text 'SASStepC' and expected text 'SASStepC' are matched 

2022-06-23 22:26:22 - [MESSAGE][PASSED] - Actual text 'SASStepC' and expected text 'SASStepC' are matched 

2022-06-23 22:26:22 - [TEST_STEP][PASSED] - Started_StepCP4_1 = getText(findTestObject("1. Constant/xpath", ["xpath":"/html/body/div[1]/div[2]/div[8]/div[3]/div/div[3]/div[3]/div/div/div[3]/div/div[4]/div/div[2]/div[1]"])): Text of object 'Object Repository/1. Constant/xpath' is: 'Started 06/23/22 04:25 PM'

2022-06-23 22:26:22 - [MESSAGE][PASSED] - Text of object 'Object Repository/1. Constant/xpath' is: 'Started 06/23/22 04:25 PM'

2022-06-23 22:26:22 - [TEST_STEP][PASSED] - if (Started_StepCP4_1.contains("Started")): Actual object '1' and expected object '1' are equal

2022-06-23 22:26:22 - [TEST_STEP][PASSED] - verifyEqual(1, 1): Actual object '1' and expected object '1' are equal

2022-06-23 22:26:22 - [MESSAGE][PASSED] - Actual object '1' and expected object '1' are equal

2022-06-23 22:26:22 - [TEST_STEP][PASSED] - verifyElementNotPresent(findTestObject("1. Constant/xpath", ["xpath":"/html/body/div[1]/div[2]/div[8]/div[3]/div/div[3]/div[3]/div/div/div[3]/div/div[6]"]), 10): Web element with id: 'Object Repository/1. Constant/xpath' located by 'By.xpath: /html/body/div[1]/div[2]/div[8]/div[3]/div/div[3]/div[3]/div/div/div[3]/div/div[6]' is not present after '10' second(s)

2022-06-23 22:26:22 - [MESSAGE][PASSED] - Web element with id: 'Object Repository/1. Constant/xpath' located by 'By.xpath: /html/body/div[1]/div[2]/div[8]/div[3]/div/div[3]/div[3]/div/div/div[3]/div/div[6]' is not present after '10' second(s)

2022-06-23 22:26:22 - [TEST_STEP][PASSED] - StepA_2 = getAttribute(findTestObject("1. Constant/xpath", ["xpath":"/html/body/div[1]/div[2]/div[8]/div[3]/div/div[3]/div[3]/div/ul/li[4]/a"]), "class"): Attribute 'class' of object 'Object Repository/1. Constant/xpath' is: 'nav-link timeline-badge badge-xl  bg-waiting '

2022-06-23 22:26:23 - [MESSAGE][PASSED] - Attribute 'class' of object 'Object Repository/1. Constant/xpath' is: 'nav-link timeline-badge badge-xl  bg-waiting '

2022-06-23 22:26:23 - [TEST_STEP][PASSED] - verifyMatch(StepA_2, "nav-link timeline-badge badge-xl  bg-waiting ", false): Actual text 'nav-link timeline-badge badge-xl  bg-waiting ' and expected text 'nav-link timeline-badge badge-xl  bg-waiting ' are matched 

2022-06-23 22:26:23 - [MESSAGE][PASSED] - Actual text 'nav-link timeline-badge badge-xl  bg-waiting ' and expected text 'nav-link timeline-badge badge-xl  bg-waiting ' are matched 

2022-06-23 22:26:23 - [TEST_STEP][PASSED] - StepA_22 = I.Get_Stepname("/html/body/div[1]/div[2]/div[8]/div[3]/div/div[3]/div[3]/div/ul/li[4]/a"): Attribute 'href' of object 'Object Repository/1. Constant/xpath' is: 'http://mdb-release.diadeis.lan/MediaboxIndependence/Base/ExecAction?action=VoirRef&IDSession=MBI!RELTESTAUTO_DREYERS!M06VY6780A8Z06DCH1FHDDFBL75JDF8GGRR5MT6C&num=MCV07YVPLP&id_ref=5325#tab_lifecycle_SASStepA_12344'

2022-06-23 22:26:28 - [MESSAGE][PASSED] - Delayed 5 second(s)

2022-06-23 22:26:28 - [MESSAGE][PASSED] - Attribute 'href' of object 'Object Repository/1. Constant/xpath' is: 'http://mdb-release.diadeis.lan/MediaboxIndependence/Base/ExecAction?action=VoirRef&IDSession=MBI!RELTESTAUTO_DREYERS!M06VY6780A8Z06DCH1FHDDFBL75JDF8GGRR5MT6C&num=MCV07YVPLP&id_ref=5325#tab_lifecycle_SASStepA_12344'

2022-06-23 22:26:28 - [TEST_STEP][PASSED] - verifyMatch(StepA_22, "SASStepA", false): Actual text 'SASStepA' and expected text 'SASStepA' are matched 

2022-06-23 22:26:28 - [MESSAGE][PASSED] - Actual text 'SASStepA' and expected text 'SASStepA' are matched 

2022-06-23 22:26:28 - [TEST_STEP][PASSED] - StepC_3 = getAttribute(findTestObject("1. Constant/xpath", ["xpath":"/html/body/div[1]/div[2]/div[8]/div[3]/div/div[3]/div[3]/div/ul/li[5]/a"]), "class"): Attribute 'class' of object 'Object Repository/1. Constant/xpath' is: 'nav-link timeline-badge badge-xl  bg-waiting '

2022-06-23 22:26:28 - [MESSAGE][PASSED] - Attribute 'class' of object 'Object Repository/1. Constant/xpath' is: 'nav-link timeline-badge badge-xl  bg-waiting '

2022-06-23 22:26:28 - [TEST_STEP][PASSED] - verifyMatch(StepC_3, "nav-link timeline-badge badge-xl  bg-waiting ", false): Actual text 'nav-link timeline-badge badge-xl  bg-waiting ' and expected text 'nav-link timeline-badge badge-xl  bg-waiting ' are matched 

2022-06-23 22:26:28 - [MESSAGE][PASSED] - Actual text 'nav-link timeline-badge badge-xl  bg-waiting ' and expected text 'nav-link timeline-badge badge-xl  bg-waiting ' are matched 

2022-06-23 22:26:28 - [TEST_STEP][PASSED] - StepC_33 = I.Get_Stepname("/html/body/div[1]/div[2]/div[8]/div[3]/div/div[3]/div[3]/div/ul/li[5]/a"): Attribute 'href' of object 'Object Repository/1. Constant/xpath' is: 'http://mdb-release.diadeis.lan/MediaboxIndependence/Base/ExecAction?action=VoirRef&IDSession=MBI!RELTESTAUTO_DREYERS!M06VY6780A8Z06DCH1FHDDFBL75JDF8GGRR5MT6C&num=MCV07YVPLP&id_ref=5325#tab_lifecycle_SASStepC_12345'

2022-06-23 22:26:33 - [MESSAGE][PASSED] - Delayed 5 second(s)

2022-06-23 22:26:35 - [MESSAGE][PASSED] - Attribute 'href' of object 'Object Repository/1. Constant/xpath' is: 'http://mdb-release.diadeis.lan/MediaboxIndependence/Base/ExecAction?action=VoirRef&IDSession=MBI!RELTESTAUTO_DREYERS!M06VY6780A8Z06DCH1FHDDFBL75JDF8GGRR5MT6C&num=MCV07YVPLP&id_ref=5325#tab_lifecycle_SASStepC_12345'

2022-06-23 22:26:35 - [TEST_STEP][PASSED] - verifyMatch(StepC_33, "SASStepC", false): Actual text 'SASStepC' and expected text 'SASStepC' are matched 

2022-06-23 22:26:35 - [MESSAGE][PASSED] - Actual text 'SASStepC' and expected text 'SASStepC' are matched 

2022-06-23 22:26:35 - [TEST_STEP][PASSED] - click(findTestObject("1. Constant/xpath", ["xpath":"/html/body/div[1]/div[2]/div[8]/div[2]/div/nav/ol/li[2]/a"])): Object: 'Object Repository/1. Constant/xpath' is clicked on

2022-06-23 22:26:39 - [MESSAGE][PASSED] - Object: 'Object Repository/1. Constant/xpath' is clicked on

2022-06-23 22:26:39 - [TEST_STEP][PASSED] - I.Logout(): Delayed 3 second(s)

2022-06-23 22:26:42 - [MESSAGE][PASSED] - Delayed 3 second(s)

2022-06-23 22:26:43 - [MESSAGE][PASSED] - Object: 'Object Repository/1. Constant/xpath' is clicked on

2022-06-23 22:26:46 - [MESSAGE][PASSED] - Delayed 3 second(s)

2022-06-23 22:26:49 - [MESSAGE][PASSED] - Object: 'Object Repository/1. Constant/xpath' is clicked on

2022-06-23 22:26:52 - [MESSAGE][PASSED] - Delayed 3 second(s)

2022-06-23 22:26:52 - [TEST_STEP][PASSED] - I.Login_password("nturner", password_nturner): Object: 'Object Repository/1. Constant/xpath' is clicked on

2022-06-23 22:26:53 - [MESSAGE][PASSED] - Text 'nturner' is set on object 'Object Repository/1. Constant/xpath'

2022-06-23 22:26:54 - [MESSAGE][PASSED] - Delayed 1 second(s)

2022-06-23 22:26:55 - [MESSAGE][PASSED] - Text 'diadeis1' is set on object 'Object Repository/1. Constant/xpath'

2022-06-23 22:26:56 - [MESSAGE][PASSED] - Delayed 1 second(s)

2022-06-23 22:27:00 - [MESSAGE][PASSED] - Object: 'Object Repository/1. Constant/xpath' is clicked on

2022-06-23 22:27:00 - [TEST_STEP][PASSED] - click(findTestObject("1. Constant/02_LHSMenu_Projects")): Object: 'Object Repository/1. Constant/02_LHSMenu_Projects' is clicked on

2022-06-23 22:27:02 - [MESSAGE][PASSED] - Object: 'Object Repository/1. Constant/02_LHSMenu_Projects' is clicked on

2022-06-23 22:27:02 - [TEST_STEP][PASSED] - I.SearchProjectNo_xpath(Project_No, "//*[@id="keynum_project"]", "//*[@id="form_filters"]/div[4]/button"): Delayed 5 second(s)

2022-06-23 22:27:03 - [MESSAGE][PASSED] - Delayed 1 second(s)

2022-06-23 22:27:06 - [MESSAGE][PASSED] - Text 'MI000883' is set on object 'Object Repository/1. Constant/xpath'

2022-06-23 22:27:09 - [MESSAGE][PASSED] - Delayed 3 second(s)

2022-06-23 22:27:09 - [MESSAGE][PASSED] - Scroll to object 'Object Repository/1. Constant/xpath' successfully

2022-06-23 22:27:13 - [MESSAGE][PASSED] - Object: 'Object Repository/1. Constant/xpath' is clicked on

2022-06-23 22:27:18 - [MESSAGE][PASSED] - Delayed 5 second(s)

2022-06-23 22:27:18 - [TEST_STEP][PASSED] - takeScreenshot(): Taking screenshot successfully

2022-06-23 22:27:18 - [MESSAGE][PASSED] - Taking screenshot successfully
[[ATTACHMENT|D:\\Projet Test Auto\\Mediabox Test Automation\\Reports\\20220623_184212\\03. Parallel Testing (Testing)\\TS -PT PART 3\\14.03 Dreyers Support Action (Ongoing _ Completed ref) - PART 3\\20220623_184230\\1656016038390.png]]

2022-06-23 22:27:18 - [TEST_STEP][PASSED] - I.SearchRefNo_xpath("P11_Auto", "//*[@id="fiche_filter_keywords11"]", "//*[@id="form_filters"]/div[3]/button"): Delayed 5 second(s)

2022-06-23 22:27:19 - [MESSAGE][PASSED] - Delayed 1 second(s)

2022-06-23 22:27:22 - [MESSAGE][PASSED] - Text 'P11_Auto' is set on object 'Object Repository/1. Constant/xpath'

2022-06-23 22:27:25 - [MESSAGE][PASSED] - Delayed 3 second(s)

2022-06-23 22:27:26 - [MESSAGE][PASSED] - Scroll to object 'Object Repository/1. Constant/xpath' successfully

2022-06-23 22:27:29 - [MESSAGE][PASSED] - Object: 'Object Repository/1. Constant/xpath' is clicked on

2022-06-23 22:27:34 - [MESSAGE][PASSED] - Delayed 5 second(s)

2022-06-23 22:27:34 - [TEST_STEP][PASSED] - delay(1): Delayed 1 second(s)

2022-06-23 22:27:35 - [MESSAGE][PASSED] - Delayed 1 second(s)

2022-06-23 22:27:35 - [TEST_STEP][PASSED] - Lifecycle_Status1 = getText(findTestObject("1. Constant/xpath", ["xpath":"//*[@id="source_" + refID11 + ""]/td[12]/span[1]"])): Text of object 'Object Repository/1. Constant/xpath' is: 'Phase 3.4 [Standard]'

2022-06-23 22:27:35 - [MESSAGE][PASSED] - Text of object 'Object Repository/1. Constant/xpath' is: 'Phase 3.4 [Standard]'

2022-06-23 22:27:35 - [TEST_STEP][PASSED] - verifyMatch(Lifecycle_Status1, "Phase 3.4 [Standard]", false): Actual text 'Phase 3.4 [Standard]' and expected text 'Phase 3.4 [Standard]' are matched 

2022-06-23 22:27:35 - [MESSAGE][PASSED] - Actual text 'Phase 3.4 [Standard]' and expected text 'Phase 3.4 [Standard]' are matched 

2022-06-23 22:27:35 - [TEST_STEP][PASSED] - click(findTestObject("1. Constant/xpath", ["xpath":"//*[@id="source_" + refID11 + ""]/td[13]/a[2]"])): Object: 'Object Repository/1. Constant/xpath' is clicked on

2022-06-23 22:27:38 - [MESSAGE][PASSED] - Object: 'Object Repository/1. Constant/xpath' is clicked on

2022-06-23 22:27:38 - [TEST_STEP][PASSED] - click(findTestObject("1. Constant/xpath", ["xpath":"//*[@id="ModifFiche"]/div[1]/div/button[2]"])): Object: 'Object Repository/1. Constant/xpath' is clicked on

2022-06-23 22:27:42 - [MESSAGE][PASSED] - Object: 'Object Repository/1. Constant/xpath' is clicked on

2022-06-23 22:27:42 - [TEST_STEP][PASSED] - Lifecycle_Status2 = getText(findTestObject("1. Constant/xpath", ["xpath":"//*[@id="source_" + refID11 + ""]/td[12]/span[1]"])): Text of object 'Object Repository/1. Constant/xpath' is: 'Phase 3.5[Prod]'

2022-06-23 22:27:42 - [MESSAGE][PASSED] - Text of object 'Object Repository/1. Constant/xpath' is: 'Phase 3.5[Prod]'

2022-06-23 22:27:42 - [TEST_STEP][PASSED] - verifyMatch(Lifecycle_Status2, "Phase 3.5[Prod]", false): Actual text 'Phase 3.5[Prod]' and expected text 'Phase 3.5[Prod]' are matched 

2022-06-23 22:27:42 - [MESSAGE][PASSED] - Actual text 'Phase 3.5[Prod]' and expected text 'Phase 3.5[Prod]' are matched 

2022-06-23 22:27:42 - [TEST_STEP][PASSED] - I.Logout(): Delayed 3 second(s)

2022-06-23 22:27:45 - [MESSAGE][PASSED] - Delayed 3 second(s)

2022-06-23 22:27:46 - [MESSAGE][PASSED] - Object: 'Object Repository/1. Constant/xpath' is clicked on

2022-06-23 22:27:49 - [MESSAGE][PASSED] - Delayed 3 second(s)

2022-06-23 22:27:52 - [MESSAGE][PASSED] - Object: 'Object Repository/1. Constant/xpath' is clicked on

2022-06-23 22:27:55 - [MESSAGE][PASSED] - Delayed 3 second(s)

2022-06-23 22:27:55 - [TEST_STEP][PASSED] - I.Login_password("lmary", password_lmary): Object: 'Object Repository/1. Constant/xpath' is clicked on

2022-06-23 22:27:55 - [MESSAGE][PASSED] - Text 'lmary' is set on object 'Object Repository/1. Constant/xpath'

2022-06-23 22:27:56 - [MESSAGE][PASSED] - Delayed 1 second(s)

2022-06-23 22:27:57 - [MESSAGE][PASSED] - Text 'diadeis' is set on object 'Object Repository/1. Constant/xpath'

2022-06-23 22:27:58 - [MESSAGE][PASSED] - Delayed 1 second(s)

2022-06-23 22:28:02 - [MESSAGE][PASSED] - Object: 'Object Repository/1. Constant/xpath' is clicked on

2022-06-23 22:28:02 - [TEST_STEP][PASSED] - click(findTestObject("1. Constant/02_LHSMenu_Projects")): Object: 'Object Repository/1. Constant/02_LHSMenu_Projects' is clicked on

2022-06-23 22:28:08 - [MESSAGE][PASSED] - Object: 'Object Repository/1. Constant/02_LHSMenu_Projects' is clicked on

2022-06-23 22:28:08 - [TEST_STEP][PASSED] - I.SearchProjectNo_xpath(Project_No, "//*[@id="keynum_project"]", "//*[@id="form_filters"]/div[4]/button"): Delayed 5 second(s)

2022-06-23 22:28:09 - [MESSAGE][PASSED] - Delayed 1 second(s)

2022-06-23 22:28:11 - [MESSAGE][PASSED] - Text 'MI000883' is set on object 'Object Repository/1. Constant/xpath'

2022-06-23 22:28:14 - [MESSAGE][PASSED] - Delayed 3 second(s)

2022-06-23 22:28:15 - [MESSAGE][PASSED] - Scroll to object 'Object Repository/1. Constant/xpath' successfully

2022-06-23 22:28:18 - [MESSAGE][PASSED] - Object: 'Object Repository/1. Constant/xpath' is clicked on

2022-06-23 22:28:23 - [MESSAGE][PASSED] - Delayed 5 second(s)

2022-06-23 22:28:23 - [TEST_STEP][PASSED] - takeScreenshot(): Taking screenshot successfully

2022-06-23 22:28:24 - [MESSAGE][PASSED] - Taking screenshot successfully
[[ATTACHMENT|D:\\Projet Test Auto\\Mediabox Test Automation\\Reports\\20220623_184212\\03. Parallel Testing (Testing)\\TS -PT PART 3\\14.03 Dreyers Support Action (Ongoing _ Completed ref) - PART 3\\20220623_184230\\1656016103651.png]]

2022-06-23 22:28:24 - [TEST_STEP][PASSED] - I.SearchRefNo_xpath("P11_Auto", "//*[@id="fiche_filter_keywords11"]", "//*[@id="form_filters"]/div[3]/button"): Delayed 5 second(s)

2022-06-23 22:28:25 - [MESSAGE][PASSED] - Delayed 1 second(s)

2022-06-23 22:28:27 - [MESSAGE][PASSED] - Text 'P11_Auto' is set on object 'Object Repository/1. Constant/xpath'

2022-06-23 22:28:30 - [MESSAGE][PASSED] - Delayed 3 second(s)

2022-06-23 22:28:30 - [MESSAGE][PASSED] - Scroll to object 'Object Repository/1. Constant/xpath' successfully

2022-06-23 22:28:33 - [MESSAGE][PASSED] - Object: 'Object Repository/1. Constant/xpath' is clicked on

2022-06-23 22:28:38 - [MESSAGE][PASSED] - Delayed 5 second(s)

2022-06-23 22:28:38 - [TEST_STEP][PASSED] - takeScreenshot(): Taking screenshot successfully

2022-06-23 22:28:39 - [MESSAGE][PASSED] - Taking screenshot successfully
[[ATTACHMENT|D:\\Projet Test Auto\\Mediabox Test Automation\\Reports\\20220623_184212\\03. Parallel Testing (Testing)\\TS -PT PART 3\\14.03 Dreyers Support Action (Ongoing _ Completed ref) - PART 3\\20220623_184230\\1656016118647.png]]

2022-06-23 22:28:39 - [TEST_STEP][PASSED] - color3 = getCSSValue(findTestObject("1. Constant/xpath", ["xpath":"//*[@id="source_" + refID11 + ""]/td[13]/a"]), "color", OPTIONAL): Get CSS 'color' value on 'Object Repository/1. Constant/xpath' successfully: 'rgba(255, 255, 255, 1)'.

2022-06-23 22:28:39 - [MESSAGE][PASSED] - Get CSS 'color' value on 'Object Repository/1. Constant/xpath' successfully: 'rgba(255, 255, 255, 1)'.

2022-06-23 22:28:39 - [TEST_STEP][PASSED] - while (color3 == "rgba(255, 255, 255, 1)"): Get CSS 'color' value on 'Object Repository/1. Constant/xpath' successfully: 'rgba(54, 153, 255, 1)'.

2022-06-23 22:28:39 - [TEST_STEP][PASSED] - click(findTestObject("1. Constant/xpath", ["xpath":"//*[@id="source_" + refID11 + ""]/td[13]/a"])): Object: 'Object Repository/1. Constant/xpath' is clicked on

2022-06-23 22:28:41 - [MESSAGE][PASSED] - Object: 'Object Repository/1. Constant/xpath' is clicked on

2022-06-23 22:28:41 - [TEST_STEP][PASSED] - selectOptionByValue(findTestObject("1. Constant/xpath", ["xpath":"//*[@id="id_approval_flow_tpl"]"]), "80", false): All options with value '80' are selected in object 'Object Repository/1. Constant/xpath' 

2022-06-23 22:28:43 - [MESSAGE][PASSED] - All options with value '80' are selected in object 'Object Repository/1. Constant/xpath' 

2022-06-23 22:28:43 - [TEST_STEP][PASSED] - I.UploadDoc_sendkey_Prod(findTestObject("1. Constant/xpath", ["xpath":"//*[@id="kt_body"]/input[2]"]), "D:\Upoad_File\Upload doc\testdata1.jpg", "testdata1"): Delayed 5 second(s)

2022-06-23 22:28:44 - [MESSAGE][PASSED] - Scroll to object 'Object Repository/1. Constant/xpath' successfully

2022-06-23 22:28:49 - [MESSAGE][PASSED] - Delayed 5 second(s)

2022-06-23 22:28:49 - [MESSAGE][PASSED] - File 'D:\Upoad_File\Upload doc\testdata1.jpg' sent to object: 'Object Repository/1. Constant/xpath'

2022-06-23 22:28:54 - [MESSAGE][PASSED] - Delayed 5 second(s)

2022-06-23 22:28:55 - [MESSAGE][PASSED] - Text 'testdata1' is present on page 

2022-06-23 22:29:00 - [MESSAGE][PASSED] - Delayed 5 second(s)

2022-06-23 22:29:05 - [MESSAGE][PASSED] - Delayed 5 second(s)

2022-06-23 22:29:05 - [TEST_STEP][PASSED] - takeScreenshot(): Taking screenshot successfully

2022-06-23 22:29:06 - [MESSAGE][PASSED] - Taking screenshot successfully
[[ATTACHMENT|D:\\Projet Test Auto\\Mediabox Test Automation\\Reports\\20220623_184212\\03. Parallel Testing (Testing)\\TS -PT PART 3\\14.03 Dreyers Support Action (Ongoing _ Completed ref) - PART 3\\20220623_184230\\1656016145648.png]]

2022-06-23 22:29:06 - [TEST_STEP][PASSED] - delay(10): Delayed 10 second(s)

2022-06-23 22:29:16 - [MESSAGE][PASSED] - Delayed 10 second(s)

2022-06-23 22:29:16 - [TEST_STEP][PASSED] - click(findTestObject("HL Full Lifecycle/12 ReferncePage_Button_Updatensenddoc")): Object: 'Object Repository/HL Full Lifecycle/12 ReferncePage_Button_Updatensenddoc' is clicked on

2022-06-23 22:29:21 - [MESSAGE][PASSED] - Object: 'Object Repository/HL Full Lifecycle/12 ReferncePage_Button_Updatensenddoc' is clicked on

2022-06-23 22:29:21 - [TEST_STEP][PASSED] - delay(5): Delayed 5 second(s)

2022-06-23 22:29:26 - [MESSAGE][PASSED] - Delayed 5 second(s)

2022-06-23 22:29:26 - [TEST_STEP][PASSED] - color3 = getCSSValue(findTestObject("1. Constant/xpath", ["xpath":"//*[@id="source_" + refID11 + ""]/td[13]/a"]), "color", OPTIONAL): Get CSS 'color' value on 'Object Repository/1. Constant/xpath' successfully: 'rgba(54, 153, 255, 1)'.

2022-06-23 22:29:27 - [MESSAGE][PASSED] - Get CSS 'color' value on 'Object Repository/1. Constant/xpath' successfully: 'rgba(54, 153, 255, 1)'.

2022-06-23 22:29:27 - [TEST_STEP][PASSED] - I.Logout(): Delayed 3 second(s)

2022-06-23 22:29:31 - [MESSAGE][PASSED] - Delayed 3 second(s)

2022-06-23 22:29:31 - [MESSAGE][PASSED] - Object: 'Object Repository/1. Constant/xpath' is clicked on

2022-06-23 22:29:34 - [MESSAGE][PASSED] - Delayed 3 second(s)

2022-06-23 22:29:41 - [MESSAGE][PASSED] - Object: 'Object Repository/1. Constant/xpath' is clicked on

2022-06-23 22:29:44 - [MESSAGE][PASSED] - Delayed 3 second(s)

2022-06-23 22:29:44 - [TEST_STEP][PASSED] - I.Login_password("blemco", password_blemco): Object: 'Object Repository/1. Constant/xpath' is clicked on

2022-06-23 22:29:46 - [MESSAGE][PASSED] - Text 'blemco' is set on object 'Object Repository/1. Constant/xpath'

2022-06-23 22:29:47 - [MESSAGE][PASSED] - Delayed 1 second(s)

2022-06-23 22:29:51 - [MESSAGE][PASSED] - Text 'diadeis1' is set on object 'Object Repository/1. Constant/xpath'

2022-06-23 22:29:52 - [MESSAGE][PASSED] - Delayed 1 second(s)

2022-06-23 22:29:58 - [MESSAGE][PASSED] - Object: 'Object Repository/1. Constant/xpath' is clicked on

2022-06-23 22:29:58 - [TEST_STEP][PASSED] - click(findTestObject("1. Constant/02_LHSMenu_Projects")): Object: 'Object Repository/1. Constant/02_LHSMenu_Projects' is clicked on

2022-06-23 22:30:03 - [MESSAGE][PASSED] - Object: 'Object Repository/1. Constant/02_LHSMenu_Projects' is clicked on

2022-06-23 22:30:03 - [TEST_STEP][PASSED] - I.SearchProjectNo_xpath(Project_No, "//*[@id="keynum_project"]", "//*[@id="form_filters"]/div[4]/button"): Delayed 5 second(s)

2022-06-23 22:30:04 - [MESSAGE][PASSED] - Delayed 1 second(s)

2022-06-23 22:30:06 - [MESSAGE][PASSED] - Text 'MI000883' is set on object 'Object Repository/1. Constant/xpath'

2022-06-23 22:30:09 - [MESSAGE][PASSED] - Delayed 3 second(s)

2022-06-23 22:30:10 - [MESSAGE][PASSED] - Scroll to object 'Object Repository/1. Constant/xpath' successfully

2022-06-23 22:30:15 - [MESSAGE][PASSED] - Object: 'Object Repository/1. Constant/xpath' is clicked on

2022-06-23 22:30:20 - [MESSAGE][PASSED] - Delayed 5 second(s)

2022-06-23 22:30:20 - [TEST_STEP][PASSED] - takeScreenshot(): Taking screenshot successfully

2022-06-23 22:30:22 - [MESSAGE][PASSED] - Taking screenshot successfully
[[ATTACHMENT|D:\\Projet Test Auto\\Mediabox Test Automation\\Reports\\20220623_184212\\03. Parallel Testing (Testing)\\TS -PT PART 3\\14.03 Dreyers Support Action (Ongoing _ Completed ref) - PART 3\\20220623_184230\\1656016221350.png]]

2022-06-23 22:30:22 - [TEST_STEP][PASSED] - I.SearchRefNo_xpath("P11_Auto", "//*[@id="fiche_filter_keywords11"]", "//*[@id="form_filters"]/div[3]/button"): Delayed 5 second(s)

2022-06-23 22:30:23 - [MESSAGE][PASSED] - Delayed 1 second(s)

2022-06-23 22:30:24 - [MESSAGE][PASSED] - Text 'P11_Auto' is set on object 'Object Repository/1. Constant/xpath'

2022-06-23 22:30:27 - [MESSAGE][PASSED] - Delayed 3 second(s)

2022-06-23 22:30:28 - [MESSAGE][PASSED] - Scroll to object 'Object Repository/1. Constant/xpath' successfully

2022-06-23 22:30:30 - [MESSAGE][PASSED] - Object: 'Object Repository/1. Constant/xpath' is clicked on

2022-06-23 22:30:35 - [MESSAGE][PASSED] - Delayed 5 second(s)

2022-06-23 22:30:35 - [TEST_STEP][PASSED] - I.AWF_approve_byaction(findTestObject("1. Constant/xpath", ["xpath":"//*[@id="source_" + refID11 + ""]/td[13]/a[2]"])): Object: 'Object Repository/HL Full Lifecycle/Function_Appbutton2' is clicked on

2022-06-23 22:30:40 - [MESSAGE][PASSED] - Delayed 5 second(s)

2022-06-23 22:30:45 - [MESSAGE][PASSED] - Object: 'Object Repository/1. Constant/xpath' is clicked on

2022-06-23 22:30:46 - [MESSAGE][PASSED] - Object: 'Object Repository/HL Full Lifecycle/Function_access Viewer2' is hovered

2022-06-23 22:30:49 - [MESSAGE][PASSED] - Delayed 3 second(s)

2022-06-23 22:30:51 - [MESSAGE][PASSED] - Object: 'Object Repository/HL Full Lifecycle/Function_access Viewer2' is clicked on

2022-06-23 22:30:56 - [MESSAGE][PASSED] - Delayed 5 second(s)

2022-06-23 22:30:57 - [MESSAGE][PASSED] - Object: 'Object Repository/HL Full Lifecycle/Function_AppButton' is clicked on

2022-06-23 22:31:02 - [MESSAGE][PASSED] - Delayed 5 second(s)

2022-06-23 22:31:06 - [MESSAGE][PASSED] - Object: 'Object Repository/HL Full Lifecycle/Function_Appbutton2' is clicked on

2022-06-23 22:31:06 - [TEST_STEP][PASSED] - Lifecycle_Status3 = getText(findTestObject("1. Constant/xpath", ["xpath":"//*[@id="source_" + refID11 + ""]/td[12]/span[1]"])): Text of object 'Object Repository/1. Constant/xpath' is: 'Phase 1.1 [Standard]'

2022-06-23 22:31:06 - [MESSAGE][PASSED] - Text of object 'Object Repository/1. Constant/xpath' is: 'Phase 1.1 [Standard]'

2022-06-23 22:31:06 - [TEST_STEP][PASSED] - verifyMatch(Lifecycle_Status3, "Phase 1.1 [Standard]", false): Actual text 'Phase 1.1 [Standard]' and expected text 'Phase 1.1 [Standard]' are matched 

2022-06-23 22:31:06 - [MESSAGE][PASSED] - Actual text 'Phase 1.1 [Standard]' and expected text 'Phase 1.1 [Standard]' are matched 

2022-06-23 22:31:06 - [TEST_STEP][PASSED] - I.Logout(): Delayed 3 second(s)

2022-06-23 22:31:09 - [MESSAGE][PASSED] - Delayed 3 second(s)

2022-06-23 22:31:10 - [MESSAGE][PASSED] - Object: 'Object Repository/1. Constant/xpath' is clicked on

2022-06-23 22:31:13 - [MESSAGE][PASSED] - Delayed 3 second(s)

2022-06-23 22:31:17 - [MESSAGE][PASSED] - Object: 'Object Repository/1. Constant/xpath' is clicked on

2022-06-23 22:31:20 - [MESSAGE][PASSED] - Delayed 3 second(s)

2022-06-23 22:31:20 - [TEST_STEP][PASSED] - I.Login_password("nturner", password_nturner): Object: 'Object Repository/1. Constant/xpath' is clicked on

2022-06-23 22:31:21 - [MESSAGE][PASSED] - Text 'nturner' is set on object 'Object Repository/1. Constant/xpath'

2022-06-23 22:31:22 - [MESSAGE][PASSED] - Delayed 1 second(s)

2022-06-23 22:31:24 - [MESSAGE][PASSED] - Text 'diadeis1' is set on object 'Object Repository/1. Constant/xpath'

2022-06-23 22:31:25 - [MESSAGE][PASSED] - Delayed 1 second(s)

2022-06-23 22:31:35 - [MESSAGE][PASSED] - Object: 'Object Repository/1. Constant/xpath' is clicked on

2022-06-23 22:31:35 - [TEST_STEP][PASSED] - click(findTestObject("1. Constant/02_LHSMenu_Projects")): Object: 'Object Repository/1. Constant/02_LHSMenu_Projects' is clicked on

2022-06-23 22:31:44 - [MESSAGE][PASSED] - Object: 'Object Repository/1. Constant/02_LHSMenu_Projects' is clicked on

2022-06-23 22:31:44 - [TEST_STEP][PASSED] - I.SearchProjectNo_xpath(Project_No, "//*[@id="keynum_project"]", "//*[@id="form_filters"]/div[4]/button"): Delayed 5 second(s)

2022-06-23 22:31:45 - [MESSAGE][PASSED] - Delayed 1 second(s)

2022-06-23 22:31:49 - [MESSAGE][PASSED] - Text 'MI000883' is set on object 'Object Repository/1. Constant/xpath'

2022-06-23 22:31:52 - [MESSAGE][PASSED] - Delayed 3 second(s)

2022-06-23 22:31:54 - [MESSAGE][PASSED] - Scroll to object 'Object Repository/1. Constant/xpath' successfully

2022-06-23 22:32:01 - [MESSAGE][PASSED] - Object: 'Object Repository/1. Constant/xpath' is clicked on

2022-06-23 22:32:06 - [MESSAGE][PASSED] - Delayed 5 second(s)

2022-06-23 22:32:06 - [TEST_STEP][PASSED] - takeScreenshot(): Taking screenshot successfully

2022-06-23 22:32:08 - [MESSAGE][PASSED] - Taking screenshot successfully
[[ATTACHMENT|D:\\Projet Test Auto\\Mediabox Test Automation\\Reports\\20220623_184212\\03. Parallel Testing (Testing)\\TS -PT PART 3\\14.03 Dreyers Support Action (Ongoing _ Completed ref) - PART 3\\20220623_184230\\1656016327213.png]]

2022-06-23 22:32:08 - [TEST_STEP][PASSED] - I.SearchRefNo_xpath("P11_Auto", "//*[@id="fiche_filter_keywords11"]", "//*[@id="form_filters"]/div[3]/button"): Delayed 5 second(s)

2022-06-23 22:32:09 - [MESSAGE][PASSED] - Delayed 1 second(s)

2022-06-23 22:32:16 - [MESSAGE][PASSED] - Text 'P11_Auto' is set on object 'Object Repository/1. Constant/xpath'

2022-06-23 22:32:19 - [MESSAGE][PASSED] - Delayed 3 second(s)

2022-06-23 22:32:19 - [MESSAGE][PASSED] - Scroll to object 'Object Repository/1. Constant/xpath' successfully

2022-06-23 22:32:24 - [MESSAGE][PASSED] - Object: 'Object Repository/1. Constant/xpath' is clicked on

2022-06-23 22:32:29 - [MESSAGE][PASSED] - Delayed 5 second(s)

2022-06-23 22:32:29 - [TEST_STEP][PASSED] - delay(1): Delayed 1 second(s)

2022-06-23 22:32:30 - [MESSAGE][PASSED] - Delayed 1 second(s)

2022-06-23 22:32:30 - [TEST_STEP][PASSED] - Lifecycle_Status4 = getText(findTestObject("1. Constant/xpath", ["xpath":"//*[@id="source_" + refID11 + ""]/td[12]/span[1]"])): Text of object 'Object Repository/1. Constant/xpath' is: 'Phase 1.1 [Standard]'

2022-06-23 22:32:30 - [MESSAGE][PASSED] - Text of object 'Object Repository/1. Constant/xpath' is: 'Phase 1.1 [Standard]'

2022-06-23 22:32:30 - [TEST_STEP][PASSED] - verifyMatch(Lifecycle_Status4, "Phase 1.1 [Standard]", false): Actual text 'Phase 1.1 [Standard]' and expected text 'Phase 1.1 [Standard]' are matched 

2022-06-23 22:32:30 - [MESSAGE][PASSED] - Actual text 'Phase 1.1 [Standard]' and expected text 'Phase 1.1 [Standard]' are matched 

2022-06-23 22:32:30 - [TEST_STEP][PASSED] - I.Logout(): Delayed 3 second(s)

2022-06-23 22:32:33 - [MESSAGE][PASSED] - Delayed 3 second(s)

2022-06-23 22:32:34 - [MESSAGE][PASSED] - Object: 'Object Repository/1. Constant/xpath' is clicked on

2022-06-23 22:32:37 - [MESSAGE][PASSED] - Delayed 3 second(s)

2022-06-23 22:32:40 - [MESSAGE][PASSED] - Object: 'Object Repository/1. Constant/xpath' is clicked on

2022-06-23 22:32:43 - [MESSAGE][PASSED] - Delayed 3 second(s)

2022-06-23 22:32:43 - [TEST_STEP][PASSED] - I.Login_password("blemco", password_blemco): Object: 'Object Repository/1. Constant/xpath' is clicked on

2022-06-23 22:32:44 - [MESSAGE][PASSED] - Text 'blemco' is set on object 'Object Repository/1. Constant/xpath'

2022-06-23 22:32:45 - [MESSAGE][PASSED] - Delayed 1 second(s)

2022-06-23 22:32:48 - [MESSAGE][PASSED] - Text 'diadeis1' is set on object 'Object Repository/1. Constant/xpath'

2022-06-23 22:32:49 - [MESSAGE][PASSED] - Delayed 1 second(s)

2022-06-23 22:32:54 - [MESSAGE][PASSED] - Object: 'Object Repository/1. Constant/xpath' is clicked on

2022-06-23 22:32:54 - [TEST_STEP][PASSED] - click(findTestObject("1. Constant/02_LHSMenu_Projects")): Object: 'Object Repository/1. Constant/02_LHSMenu_Projects' is clicked on

2022-06-23 22:33:00 - [MESSAGE][PASSED] - Object: 'Object Repository/1. Constant/02_LHSMenu_Projects' is clicked on

2022-06-23 22:33:00 - [TEST_STEP][PASSED] - I.SearchProjectNo_xpath(Project_No, "//*[@id="keynum_project"]", "//*[@id="form_filters"]/div[4]/button"): Delayed 5 second(s)

2022-06-23 22:33:01 - [MESSAGE][PASSED] - Delayed 1 second(s)

2022-06-23 22:33:03 - [MESSAGE][PASSED] - Text 'MI000883' is set on object 'Object Repository/1. Constant/xpath'

2022-06-23 22:33:06 - [MESSAGE][PASSED] - Delayed 3 second(s)

2022-06-23 22:33:07 - [MESSAGE][PASSED] - Scroll to object 'Object Repository/1. Constant/xpath' successfully

2022-06-23 22:33:10 - [MESSAGE][PASSED] - Object: 'Object Repository/1. Constant/xpath' is clicked on

2022-06-23 22:33:15 - [MESSAGE][PASSED] - Delayed 5 second(s)

2022-06-23 22:33:15 - [TEST_STEP][PASSED] - takeScreenshot(): Taking screenshot successfully

2022-06-23 22:33:17 - [MESSAGE][PASSED] - Taking screenshot successfully
[[ATTACHMENT|D:\\Projet Test Auto\\Mediabox Test Automation\\Reports\\20220623_184212\\03. Parallel Testing (Testing)\\TS -PT PART 3\\14.03 Dreyers Support Action (Ongoing _ Completed ref) - PART 3\\20220623_184230\\1656016396264.png]]

2022-06-23 22:33:17 - [TEST_STEP][PASSED] - I.SearchRefNo_xpath("P11_Auto", "//*[@id="fiche_filter_keywords11"]", "//*[@id="form_filters"]/div[3]/button"): Delayed 5 second(s)

2022-06-23 22:33:18 - [MESSAGE][PASSED] - Delayed 1 second(s)

2022-06-23 22:33:20 - [MESSAGE][PASSED] - Text 'P11_Auto' is set on object 'Object Repository/1. Constant/xpath'

2022-06-23 22:33:23 - [MESSAGE][PASSED] - Delayed 3 second(s)

2022-06-23 22:33:23 - [MESSAGE][PASSED] - Scroll to object 'Object Repository/1. Constant/xpath' successfully

2022-06-23 22:33:26 - [MESSAGE][PASSED] - Object: 'Object Repository/1. Constant/xpath' is clicked on

2022-06-23 22:33:31 - [MESSAGE][PASSED] - Delayed 5 second(s)

2022-06-23 22:33:31 - [TEST_STEP][PASSED] - takeScreenshot(): Taking screenshot successfully

2022-06-23 22:33:31 - [MESSAGE][PASSED] - Taking screenshot successfully
[[ATTACHMENT|D:\\Projet Test Auto\\Mediabox Test Automation\\Reports\\20220623_184212\\03. Parallel Testing (Testing)\\TS -PT PART 3\\14.03 Dreyers Support Action (Ongoing _ Completed ref) - PART 3\\20220623_184230\\1656016411385.png]]

2022-06-23 22:33:31 - [TEST_STEP][PASSED] - click(findTestObject("1. Constant/xpath", ["xpath":"//*[@id="source_" + refID11 + ""]/td[13]/a[3]"])): Object: 'Object Repository/1. Constant/xpath' is clicked on

2022-06-23 22:33:35 - [MESSAGE][PASSED] - Object: 'Object Repository/1. Constant/xpath' is clicked on

2022-06-23 22:33:35 - [TEST_STEP][PASSED] - click(findTestObject("1. Constant/xpath", ["xpath":"//*[@id="ModifFiche"]/div[1]/div/button[2]"])): Object: 'Object Repository/1. Constant/xpath' is clicked on

2022-06-23 22:33:42 - [MESSAGE][PASSED] - Object: 'Object Repository/1. Constant/xpath' is clicked on

2022-06-23 22:33:42 - [TEST_STEP][PASSED] - Lifecycle_Status5 = getText(findTestObject("1. Constant/xpath", ["xpath":"//*[@id="source_" + refID11 + ""]/td[12]/span[1]"])): Text of object 'Object Repository/1. Constant/xpath' is: 'Phase 1.2 [Standard Phase]'

2022-06-23 22:33:42 - [MESSAGE][PASSED] - Text of object 'Object Repository/1. Constant/xpath' is: 'Phase 1.2 [Standard Phase]'

2022-06-23 22:33:42 - [TEST_STEP][PASSED] - verifyMatch(Lifecycle_Status5, "Phase 1.2 [Standard Phase]", false): Actual text 'Phase 1.2 [Standard Phase]' and expected text 'Phase 1.2 [Standard Phase]' are matched 

2022-06-23 22:33:42 - [MESSAGE][PASSED] - Actual text 'Phase 1.2 [Standard Phase]' and expected text 'Phase 1.2 [Standard Phase]' are matched 

2022-06-23 22:33:42 - [TEST_STEP][PASSED] - closeBrowser(): Browser is closed

2022-06-23 22:33:48 - [MESSAGE][PASSED] - Browser is closed

2022-06-23 22:33:48 - [TEST_STEP][PASSED] - Start listener action : sampleAfterTestCase: null]]></system-out>
         <system-err><![CDATA[]]></system-err>
      </testcase>
      <testcase name="Test Cases/19. Dreyers Support Action (Ongoing ref_completed)/19.12 Dreyers SAS Add Step Group (Ongoing ref) S17- P12" time="630.611" classname="Test Cases/19. Dreyers Support Action (Ongoing ref_completed)/19.12 Dreyers SAS Add Step Group (Ongoing ref) S17- P12" status="PASSED">
         <system-out><![CDATA[2022-06-23 22:33:48 - [TEST_CASE][PASSED] - Test Cases/19. Dreyers Support Action (Ongoing ref_completed)/19.12 Dreyers SAS Add Step Group (Ongoing ref) S17- P12: Test Cases/19. Dreyers Support Action (Ongoing ref_completed)/19.12 Dreyers SAS Add Step Group (Ongoing ref) S17- P12

2022-06-23 22:33:48 - [TEST_STEP][PASSED] - data_Dreyers = findTestData("Data Files/Username_Password/Dreyer"): null

2022-06-23 22:33:48 - [TEST_STEP][PASSED] - password_suser = data_Dreyers.getValue(2, 1): null

2022-06-23 22:33:48 - [TEST_STEP][PASSED] - password_blemco = data_Dreyers.getValue(2, 2): null

2022-06-23 22:33:48 - [TEST_STEP][PASSED] - password_amassoth = data_Dreyers.getValue(2, 3): null

2022-06-23 22:33:48 - [TEST_STEP][PASSED] - password_bharandi = data_Dreyers.getValue(2, 4): null

2022-06-23 22:33:48 - [TEST_STEP][PASSED] - password_mbaughman = data_Dreyers.getValue(2, 5): null

2022-06-23 22:33:48 - [TEST_STEP][PASSED] - password_nturner = data_Dreyers.getValue(2, 6): null

2022-06-23 22:33:48 - [TEST_STEP][PASSED] - password_talexeeva = data_Dreyers.getValue(2, 7): null

2022-06-23 22:33:48 - [TEST_STEP][PASSED] - password_bmilhomme = data_Dreyers.getValue(2, 8): null

2022-06-23 22:33:48 - [TEST_STEP][PASSED] - password_rjaiven = data_Dreyers.getValue(2, 9): null

2022-06-23 22:33:48 - [TEST_STEP][PASSED] - password_agarcia = data_Dreyers.getValue(2, 10): null

2022-06-23 22:33:48 - [TEST_STEP][PASSED] - password_bcollins = data_Dreyers.getValue(2, 11): null

2022-06-23 22:33:48 - [TEST_STEP][PASSED] - password_jryan = data_Dreyers.getValue(2, 12): null

2022-06-23 22:33:48 - [TEST_STEP][PASSED] - password_lmary = data_Dreyers.getValue(2, 13): null

2022-06-23 22:33:48 - [TEST_STEP][PASSED] - data_urlRELAUTO = findTestData("Data Files/URL/URL_relauto"): null

2022-06-23 22:33:49 - [TEST_STEP][PASSED] - Url_Dreyer = data_urlRELAUTO.getValue(2, 4): null

2022-06-23 22:33:49 - [TEST_STEP][PASSED] - Project_No = I.readnotepad("D:\Upoad_File\Projet_ Login\Dreyers\19.1\19.1_Dreyers_ProjectNo.txt"): null

2022-06-23 22:33:49 - [TEST_STEP][PASSED] - refID = I.readnotepad("D:\Upoad_File\Projet_ Login\Dreyers\19.1\19.1_Dreyers_refID.txt"): null

2022-06-23 22:33:49 - [TEST_STEP][PASSED] - openBrowser(Url_Dreyer): Browser is opened with url: 'http://mdb-release.diadeis.lan/MediaboxIndependence/?MBI_datasource=RELTESTAUTO_DREYERS'

2022-06-23 22:33:49 - [MESSAGE][INFO] - Starting 'Chrome (headless)' driver

2022-06-23 22:33:49 - [MESSAGE][INFO] - User set preference: ['args', '[--window-size=1920,1080, --headless]']

2022-06-23 22:33:49 - [MESSAGE][INFO] - Action delay is set to 0 milliseconds

2022-06-23 22:34:12 - [MESSAGE][PASSED] - Browser is opened with url: 'http://mdb-release.diadeis.lan/MediaboxIndependence/?MBI_datasource=RELTESTAUTO_DREYERS'

2022-06-23 22:34:12 - [TEST_STEP][PASSED] - maximizeWindow(): Current window maximized

2022-06-23 22:34:12 - [MESSAGE][PASSED] - Current window maximized

2022-06-23 22:34:12 - [TEST_STEP][PASSED] - I.Login_password("suser", password_suser): Object: 'Object Repository/1. Constant/xpath' is clicked on

2022-06-23 22:34:13 - [MESSAGE][PASSED] - Text 'suser' is set on object 'Object Repository/1. Constant/xpath'

2022-06-23 22:34:14 - [MESSAGE][PASSED] - Delayed 1 second(s)

2022-06-23 22:34:18 - [MESSAGE][PASSED] - Text 'diadeis' is set on object 'Object Repository/1. Constant/xpath'

2022-06-23 22:34:19 - [MESSAGE][PASSED] - Delayed 1 second(s)

2022-06-23 22:34:27 - [MESSAGE][PASSED] - Object: 'Object Repository/1. Constant/xpath' is clicked on

2022-06-23 22:34:27 - [TEST_STEP][PASSED] - click(findTestObject("1. Constant/02_LHSMenu_Projects")): Object: 'Object Repository/1. Constant/02_LHSMenu_Projects' is clicked on

2022-06-23 22:34:34 - [MESSAGE][PASSED] - Object: 'Object Repository/1. Constant/02_LHSMenu_Projects' is clicked on

2022-06-23 22:34:34 - [TEST_STEP][PASSED] - I.SearchProjectNo_xpath(Project_No, "//*[@id="keynum_project"]", "//*[@id="form_filters"]/div[4]/button"): Delayed 5 second(s)

2022-06-23 22:34:35 - [MESSAGE][PASSED] - Delayed 1 second(s)

2022-06-23 22:34:41 - [MESSAGE][PASSED] - Text 'MI000883' is set on object 'Object Repository/1. Constant/xpath'

2022-06-23 22:34:44 - [MESSAGE][PASSED] - Delayed 3 second(s)

2022-06-23 22:34:44 - [MESSAGE][PASSED] - Scroll to object 'Object Repository/1. Constant/xpath' successfully

2022-06-23 22:34:50 - [MESSAGE][PASSED] - Object: 'Object Repository/1. Constant/xpath' is clicked on

2022-06-23 22:34:55 - [MESSAGE][PASSED] - Delayed 5 second(s)

2022-06-23 22:34:55 - [TEST_STEP][PASSED] - takeScreenshot(): Taking screenshot successfully

2022-06-23 22:34:55 - [MESSAGE][PASSED] - Taking screenshot successfully
[[ATTACHMENT|D:\\Projet Test Auto\\Mediabox Test Automation\\Reports\\20220623_184212\\03. Parallel Testing (Testing)\\TS -PT PART 3\\14.03 Dreyers Support Action (Ongoing _ Completed ref) - PART 3\\20220623_184230\\1656016495369.png]]

2022-06-23 22:34:55 - [TEST_STEP][PASSED] - click(findTestObject("1. Constant/xpath", ["xpath":"//*[@id="create_ref_btn"]/button"])): Object: 'Object Repository/1. Constant/xpath' is clicked on

2022-06-23 22:34:56 - [MESSAGE][PASSED] - Object: 'Object Repository/1. Constant/xpath' is clicked on

2022-06-23 22:34:56 - [TEST_STEP][PASSED] - delay(1): Delayed 1 second(s)

2022-06-23 22:34:57 - [MESSAGE][PASSED] - Delayed 1 second(s)

2022-06-23 22:34:57 - [TEST_STEP][PASSED] - click(findTestObject("1. Constant/xpath", ["xpath":"//*[@id="create_ref_btn"]/div/a"])): Object: 'Object Repository/1. Constant/xpath' is clicked on

2022-06-23 22:35:01 - [MESSAGE][PASSED] - Object: 'Object Repository/1. Constant/xpath' is clicked on

2022-06-23 22:35:01 - [TEST_STEP][PASSED] - selectOptionByValue(findTestObject("1. Constant/xpath", ["xpath":"//*[@id="lfc_tpl"]"]), "36", false): All options with value '36' are selected in object 'Object Repository/1. Constant/xpath' 

2022-06-23 22:35:03 - [MESSAGE][PASSED] - All options with value '36' are selected in object 'Object Repository/1. Constant/xpath' 

2022-06-23 22:35:03 - [TEST_STEP][PASSED] - ref_name = "P12_Auto_SAS_S17_" + RandomStringUtils.randomAlphanumeric(5) + I.gettimedate(): null

2022-06-23 22:35:03 - [TEST_STEP][PASSED] - delay(1): Delayed 1 second(s)

2022-06-23 22:35:04 - [MESSAGE][PASSED] - Delayed 1 second(s)

2022-06-23 22:35:04 - [TEST_STEP][PASSED] - setText(findTestObject("1. Constant/xpath", ["xpath":"//*[@id="var_name"]"]), ref_name): Text 'P12_Auto_SAS_S17_p3ppojuin232022_223503' is set on object 'Object Repository/1. Constant/xpath'

2022-06-23 22:35:07 - [MESSAGE][PASSED] - Text 'P12_Auto_SAS_S17_p3ppojuin232022_223503' is set on object 'Object Repository/1. Constant/xpath'

2022-06-23 22:35:07 - [TEST_STEP][PASSED] - takeScreenshot(): Taking screenshot successfully

2022-06-23 22:35:08 - [MESSAGE][PASSED] - Taking screenshot successfully
[[ATTACHMENT|D:\\Projet Test Auto\\Mediabox Test Automation\\Reports\\20220623_184212\\03. Parallel Testing (Testing)\\TS -PT PART 3\\14.03 Dreyers Support Action (Ongoing _ Completed ref) - PART 3\\20220623_184230\\1656016508139.png]]

2022-06-23 22:35:08 - [TEST_STEP][PASSED] - click(findTestObject("1. Constant/xpath", ["xpath":"//*[@id="createRefBottom"]"])): Object: 'Object Repository/1. Constant/xpath' is clicked on

2022-06-23 22:35:12 - [MESSAGE][PASSED] - Object: 'Object Repository/1. Constant/xpath' is clicked on

2022-06-23 22:35:12 - [TEST_STEP][PASSED] - delay(1): Delayed 1 second(s)

2022-06-23 22:35:13 - [MESSAGE][PASSED] - Delayed 1 second(s)

2022-06-23 22:35:13 - [TEST_STEP][PASSED] - takeScreenshot(): Taking screenshot successfully

2022-06-23 22:35:15 - [MESSAGE][PASSED] - Taking screenshot successfully
[[ATTACHMENT|D:\\Projet Test Auto\\Mediabox Test Automation\\Reports\\20220623_184212\\03. Parallel Testing (Testing)\\TS -PT PART 3\\14.03 Dreyers Support Action (Ongoing _ Completed ref) - PART 3\\20220623_184230\\1656016514309.png]]

2022-06-23 22:35:15 - [TEST_STEP][PASSED] - refID12 = I.RefID(): Current window's url is: 'http://mdb-release.diadeis.lan/MediaboxIndependence/Base/ExecAction?IDSession=MBI%21RELTESTAUTO_DREYERS%21PFQIIG7E9TILFHKMITULO0VSDY4SDB8MDEFUOCDT&default_action=ModifierRef&id_project=MI000883&id_ref=5327&action_from=create_ref'

2022-06-23 22:35:20 - [MESSAGE][PASSED] - Delayed 5 second(s)

2022-06-23 22:35:20 - [MESSAGE][PASSED] - Current window's url is: 'http://mdb-release.diadeis.lan/MediaboxIndependence/Base/ExecAction?IDSession=MBI%21RELTESTAUTO_DREYERS%21PFQIIG7E9TILFHKMITULO0VSDY4SDB8MDEFUOCDT&default_action=ModifierRef&id_project=MI000883&id_ref=5327&action_from=create_ref'

2022-06-23 22:35:20 - [TEST_STEP][PASSED] - click(findTestObject("1. Constant/xpath", ["xpath":"//*[@id="type_save"]"])): Object: 'Object Repository/1. Constant/xpath' is clicked on

2022-06-23 22:35:27 - [MESSAGE][PASSED] - Object: 'Object Repository/1. Constant/xpath' is clicked on

2022-06-23 22:35:27 - [TEST_STEP][PASSED] - takeScreenshot(): Taking screenshot successfully

2022-06-23 22:35:28 - [MESSAGE][PASSED] - Taking screenshot successfully
[[ATTACHMENT|D:\\Projet Test Auto\\Mediabox Test Automation\\Reports\\20220623_184212\\03. Parallel Testing (Testing)\\TS -PT PART 3\\14.03 Dreyers Support Action (Ongoing _ Completed ref) - PART 3\\20220623_184230\\1656016527880.png]]

2022-06-23 22:35:28 - [TEST_STEP][PASSED] - delay(1): Delayed 1 second(s)

2022-06-23 22:35:29 - [MESSAGE][PASSED] - Delayed 1 second(s)

2022-06-23 22:35:29 - [TEST_STEP][PASSED] - I.SearchRefNo_xpath("P12_Auto", "//*[@id="fiche_filter_keywords11"]", "//*[@id="form_filters"]/div[3]/button"): Delayed 5 second(s)

2022-06-23 22:35:30 - [MESSAGE][PASSED] - Delayed 1 second(s)

2022-06-23 22:35:33 - [MESSAGE][PASSED] - Text 'P12_Auto' is set on object 'Object Repository/1. Constant/xpath'

2022-06-23 22:35:36 - [MESSAGE][PASSED] - Delayed 3 second(s)

2022-06-23 22:35:37 - [MESSAGE][PASSED] - Scroll to object 'Object Repository/1. Constant/xpath' successfully

2022-06-23 22:35:40 - [MESSAGE][PASSED] - Object: 'Object Repository/1. Constant/xpath' is clicked on

2022-06-23 22:35:45 - [MESSAGE][PASSED] - Delayed 5 second(s)

2022-06-23 22:35:45 - [TEST_STEP][PASSED] - click(findTestObject("1. Constant/xpath", ["xpath":"//*[@id="source_" + refID12 + ""]/td[14]/a[3]"])): Object: 'Object Repository/1. Constant/xpath' is clicked on

2022-06-23 22:35:47 - [MESSAGE][PASSED] - Object: 'Object Repository/1. Constant/xpath' is clicked on

2022-06-23 22:35:47 - [TEST_STEP][PASSED] - click(findTestObject("1. Constant/xpath", ["xpath":"//*[@id="ModifFiche"]/div[1]/div/button[2]"])): Object: 'Object Repository/1. Constant/xpath' is clicked on

2022-06-23 22:35:52 - [MESSAGE][PASSED] - Object: 'Object Repository/1. Constant/xpath' is clicked on

2022-06-23 22:35:52 - [TEST_STEP][PASSED] - takeScreenshot(): Taking screenshot successfully

2022-06-23 22:35:53 - [MESSAGE][PASSED] - Taking screenshot successfully
[[ATTACHMENT|D:\\Projet Test Auto\\Mediabox Test Automation\\Reports\\20220623_184212\\03. Parallel Testing (Testing)\\TS -PT PART 3\\14.03 Dreyers Support Action (Ongoing _ Completed ref) - PART 3\\20220623_184230\\1656016552563.png]]

2022-06-23 22:35:53 - [TEST_STEP][PASSED] - delay(1): Delayed 1 second(s)

2022-06-23 22:35:54 - [MESSAGE][PASSED] - Delayed 1 second(s)

2022-06-23 22:35:54 - [TEST_STEP][PASSED] - click(findTestObject("1. Constant/xpath", ["xpath":"//*[@id="source_" + refID12 + ""]/td[14]/a[3]"])): Object: 'Object Repository/1. Constant/xpath' is clicked on

2022-06-23 22:35:58 - [MESSAGE][PASSED] - Object: 'Object Repository/1. Constant/xpath' is clicked on

2022-06-23 22:35:58 - [TEST_STEP][PASSED] - click(findTestObject("1. Constant/xpath", ["xpath":"//*[@id="ModifFiche"]/div[1]/div/button[2]"])): Object: 'Object Repository/1. Constant/xpath' is clicked on

2022-06-23 22:36:04 - [MESSAGE][PASSED] - Object: 'Object Repository/1. Constant/xpath' is clicked on

2022-06-23 22:36:04 - [TEST_STEP][PASSED] - takeScreenshot(): Taking screenshot successfully

2022-06-23 22:36:05 - [MESSAGE][PASSED] - Taking screenshot successfully
[[ATTACHMENT|D:\\Projet Test Auto\\Mediabox Test Automation\\Reports\\20220623_184212\\03. Parallel Testing (Testing)\\TS -PT PART 3\\14.03 Dreyers Support Action (Ongoing _ Completed ref) - PART 3\\20220623_184230\\1656016564848.png]]

2022-06-23 22:36:05 - [TEST_STEP][PASSED] - delay(1): Delayed 1 second(s)

2022-06-23 22:36:06 - [MESSAGE][PASSED] - Delayed 1 second(s)

2022-06-23 22:36:06 - [TEST_STEP][PASSED] - color1 = getCSSValue(findTestObject("1. Constant/xpath", ["xpath":"//*[@id="source_" + refID12 + ""]/td[14]/a[2]"]), "color", OPTIONAL): Get CSS 'color' value on 'Object Repository/1. Constant/xpath' successfully: 'rgba(255, 255, 255, 1)'.

2022-06-23 22:36:07 - [MESSAGE][PASSED] - Get CSS 'color' value on 'Object Repository/1. Constant/xpath' successfully: 'rgba(255, 255, 255, 1)'.

2022-06-23 22:36:07 - [TEST_STEP][PASSED] - I.print(color1): null

2022-06-23 22:36:07 - [TEST_STEP][PASSED] - while (color1 == "rgba(255, 255, 255, 1)"): Get CSS 'color' value on 'Object Repository/1. Constant/xpath' successfully: 'rgba(54, 153, 255, 1)'.

2022-06-23 22:36:07 - [TEST_STEP][PASSED] - click(findTestObject("1. Constant/xpath", ["xpath":"//*[@id="source_" + refID12 + ""]/td[14]/a[2]"])): Object: 'Object Repository/1. Constant/xpath' is clicked on

2022-06-23 22:36:09 - [MESSAGE][PASSED] - Object: 'Object Repository/1. Constant/xpath' is clicked on

2022-06-23 22:36:09 - [TEST_STEP][PASSED] - I.UploadDoc_sendkey_Prod(findTestObject("1. Constant/xpath", ["xpath":"//*[@id="kt_body"]/input[2]"]), "D:\Upoad_File\Upload doc\testdata1.pdf", "testdata1"): Delayed 5 second(s)

2022-06-23 22:36:10 - [MESSAGE][PASSED] - Scroll to object 'Object Repository/1. Constant/xpath' successfully

2022-06-23 22:36:15 - [MESSAGE][PASSED] - Delayed 5 second(s)

2022-06-23 22:36:16 - [MESSAGE][PASSED] - File 'D:\Upoad_File\Upload doc\testdata1.pdf' sent to object: 'Object Repository/1. Constant/xpath'

2022-06-23 22:36:21 - [MESSAGE][PASSED] - Delayed 5 second(s)

2022-06-23 22:36:21 - [MESSAGE][PASSED] - Text 'testdata1' is present on page 

2022-06-23 22:36:26 - [MESSAGE][PASSED] - Delayed 5 second(s)

2022-06-23 22:36:31 - [MESSAGE][PASSED] - Delayed 5 second(s)

2022-06-23 22:36:31 - [TEST_STEP][PASSED] - takeScreenshot(): Taking screenshot successfully

2022-06-23 22:36:32 - [MESSAGE][PASSED] - Taking screenshot successfully
[[ATTACHMENT|D:\\Projet Test Auto\\Mediabox Test Automation\\Reports\\20220623_184212\\03. Parallel Testing (Testing)\\TS -PT PART 3\\14.03 Dreyers Support Action (Ongoing _ Completed ref) - PART 3\\20220623_184230\\1656016592453.png]]

2022-06-23 22:36:32 - [TEST_STEP][PASSED] - delay(8): Delayed 8 second(s)

2022-06-23 22:36:40 - [MESSAGE][PASSED] - Delayed 8 second(s)

2022-06-23 22:36:40 - [TEST_STEP][PASSED] - click(findTestObject("HL Full Lifecycle/12 ReferncePage_Button_Updatensenddoc")): Object: 'Object Repository/HL Full Lifecycle/12 ReferncePage_Button_Updatensenddoc' is clicked on

2022-06-23 22:36:47 - [MESSAGE][PASSED] - Object: 'Object Repository/HL Full Lifecycle/12 ReferncePage_Button_Updatensenddoc' is clicked on

2022-06-23 22:36:47 - [TEST_STEP][PASSED] - delay(4): Delayed 4 second(s)

2022-06-23 22:36:51 - [MESSAGE][PASSED] - Delayed 4 second(s)

2022-06-23 22:36:51 - [TEST_STEP][PASSED] - color1 = getCSSValue(findTestObject("1. Constant/xpath", ["xpath":"//*[@id="source_" + refID12 + ""]/td[14]/a[2]"]), "color", OPTIONAL): Get CSS 'color' value on 'Object Repository/1. Constant/xpath' successfully: 'rgba(54, 153, 255, 1)'.

2022-06-23 22:36:52 - [MESSAGE][PASSED] - Get CSS 'color' value on 'Object Repository/1. Constant/xpath' successfully: 'rgba(54, 153, 255, 1)'.

2022-06-23 22:36:52 - [TEST_STEP][PASSED] - takeScreenshot(): Taking screenshot successfully

2022-06-23 22:36:52 - [MESSAGE][PASSED] - Taking screenshot successfully
[[ATTACHMENT|D:\\Projet Test Auto\\Mediabox Test Automation\\Reports\\20220623_184212\\03. Parallel Testing (Testing)\\TS -PT PART 3\\14.03 Dreyers Support Action (Ongoing _ Completed ref) - PART 3\\20220623_184230\\1656016612416.png]]

2022-06-23 22:36:52 - [TEST_STEP][PASSED] - click(findTestObject("1. Constant/xpath", ["xpath":"//*[@id="source_" + refID12 + ""]/td[6]/a"])): Object: 'Object Repository/1. Constant/xpath' is clicked on

2022-06-23 22:36:58 - [MESSAGE][PASSED] - Object: 'Object Repository/1. Constant/xpath' is clicked on

2022-06-23 22:36:58 - [TEST_STEP][PASSED] - takeScreenshot(): Taking screenshot successfully

2022-06-23 22:36:59 - [MESSAGE][PASSED] - Taking screenshot successfully
[[ATTACHMENT|D:\\Projet Test Auto\\Mediabox Test Automation\\Reports\\20220623_184212\\03. Parallel Testing (Testing)\\TS -PT PART 3\\14.03 Dreyers Support Action (Ongoing _ Completed ref) - PART 3\\20220623_184230\\1656016618599.png]]

2022-06-23 22:36:59 - [TEST_STEP][PASSED] - delay(1): Delayed 1 second(s)

2022-06-23 22:37:00 - [MESSAGE][PASSED] - Delayed 1 second(s)

2022-06-23 22:37:00 - [TEST_STEP][PASSED] - I.Approveforothers("/html/body/div[1]/div[2]/div[8]/div[3]/div/div[3]/div[2]/div/div[3]/div/div[2]/div[1]/div/div[2]/div/div[2]/div[2]/div/div/div[1]/img", "/html/body/div[1]/div[2]/div[8]/div[3]/div/div[3]/div[2]/div/div[3]/div/div[2]/div[1]/div/div[2]/div/div[2]/div[2]/div/div/div[6]/a[2]/span"): Object: 'Object Repository/1. Constant/xpath' is clicked on

2022-06-23 22:37:01 - [MESSAGE][PASSED] - Object: 'Object Repository/1. Constant/xpath' is clicked on

2022-06-23 22:37:02 - [MESSAGE][PASSED] - Delayed 1 second(s)

2022-06-23 22:37:04 - [MESSAGE][PASSED] - Object: 'Object Repository/1. Constant/xpath' is clicked on

2022-06-23 22:37:05 - [MESSAGE][PASSED] - Delayed 1 second(s)

2022-06-23 22:37:07 - [MESSAGE][PASSED] - Object: 'Object Repository/1. Constant/xpath' is hovered

2022-06-23 22:37:08 - [MESSAGE][PASSED] - Object: 'Object Repository/1. Constant/xpath' is clicked on

2022-06-23 22:37:09 - [MESSAGE][PASSED] - Delayed 1 second(s)

2022-06-23 22:37:14 - [MESSAGE][PASSED] - Object: 'Object Repository/1. Constant/xpath' is clicked on

2022-06-23 22:37:14 - [TEST_STEP][PASSED] - delay(1): Delayed 1 second(s)

2022-06-23 22:37:15 - [MESSAGE][PASSED] - Delayed 1 second(s)

2022-06-23 22:37:15 - [TEST_STEP][PASSED] - click(findTestObject("1. Constant/xpath", ["xpath":"//*[@id="kt_subheader"]/div/nav/ol/li[2]/a"])): Object: 'Object Repository/1. Constant/xpath' is clicked on

2022-06-23 22:37:18 - [MESSAGE][PASSED] - Object: 'Object Repository/1. Constant/xpath' is clicked on

2022-06-23 22:37:18 - [TEST_STEP][PASSED] - delay(1): Delayed 1 second(s)

2022-06-23 22:37:19 - [MESSAGE][PASSED] - Delayed 1 second(s)

2022-06-23 22:37:19 - [TEST_STEP][PASSED] - I.submitquesiton_ref(findTestObject("1. Constant/xpath", ["xpath":"//*[@id="source_" + refID12 + ""]/td[14]/div[1]/button"]), findTestObject("1. Constant/xpath", ["xpath":"//*[@id="source_" + refID12 + ""]/td[14]/div[1]/div/a[1]"])): Object: 'Object Repository/1. Constant/xpath' is clicked on

2022-06-23 22:37:20 - [MESSAGE][PASSED] - Object: 'Object Repository/1. Constant/xpath' is clicked on

2022-06-23 22:37:23 - [MESSAGE][PASSED] - Delayed 3 second(s)

2022-06-23 22:37:26 - [MESSAGE][PASSED] - Object: 'Object Repository/1. Constant/xpath' is clicked on

2022-06-23 22:37:26 - [TEST_STEP][PASSED] - click(findTestObject("1. Constant/xpath", ["xpath":"//*[@id="ModifFiche"]/div[1]/div/button[2]"])): Object: 'Object Repository/1. Constant/xpath' is clicked on

2022-06-23 22:37:31 - [MESSAGE][PASSED] - Object: 'Object Repository/1. Constant/xpath' is clicked on

2022-06-23 22:37:31 - [TEST_STEP][PASSED] - takeScreenshot(): Taking screenshot successfully

2022-06-23 22:37:32 - [MESSAGE][PASSED] - Taking screenshot successfully
[[ATTACHMENT|D:\\Projet Test Auto\\Mediabox Test Automation\\Reports\\20220623_184212\\03. Parallel Testing (Testing)\\TS -PT PART 3\\14.03 Dreyers Support Action (Ongoing _ Completed ref) - PART 3\\20220623_184230\\1656016651806.png]]

2022-06-23 22:37:32 - [TEST_STEP][PASSED] - I.submitquesiton_ref(findTestObject("1. Constant/xpath", ["xpath":"//*[@id="source_" + refID12 + ""]/td[14]/div[1]/button"]), findTestObject("1. Constant/xpath", ["xpath":"//*[@id="source_" + refID12 + ""]/td[14]/div[1]/div/a[1]"])): Object: 'Object Repository/1. Constant/xpath' is clicked on

2022-06-23 22:37:33 - [MESSAGE][PASSED] - Object: 'Object Repository/1. Constant/xpath' is clicked on

2022-06-23 22:37:36 - [MESSAGE][PASSED] - Delayed 3 second(s)

2022-06-23 22:37:38 - [MESSAGE][PASSED] - Object: 'Object Repository/1. Constant/xpath' is clicked on

2022-06-23 22:37:38 - [TEST_STEP][PASSED] - click(findTestObject("1. Constant/xpath", ["xpath":"//*[@id="ModifFiche"]/div[1]/div/button[2]"])): Object: 'Object Repository/1. Constant/xpath' is clicked on

2022-06-23 22:37:44 - [MESSAGE][PASSED] - Object: 'Object Repository/1. Constant/xpath' is clicked on

2022-06-23 22:37:44 - [TEST_STEP][PASSED] - takeScreenshot(): Taking screenshot successfully

2022-06-23 22:37:46 - [MESSAGE][PASSED] - Taking screenshot successfully
[[ATTACHMENT|D:\\Projet Test Auto\\Mediabox Test Automation\\Reports\\20220623_184212\\03. Parallel Testing (Testing)\\TS -PT PART 3\\14.03 Dreyers Support Action (Ongoing _ Completed ref) - PART 3\\20220623_184230\\1656016665099.png]]

2022-06-23 22:37:46 - [TEST_STEP][PASSED] - click(findTestObject("1. Constant/xpath", ["xpath":"//*[@id="source_" + refID12 + ""]/td[14]/a[3]"])): Object: 'Object Repository/1. Constant/xpath' is clicked on

2022-06-23 22:37:48 - [MESSAGE][PASSED] - Object: 'Object Repository/1. Constant/xpath' is clicked on

2022-06-23 22:37:48 - [TEST_STEP][PASSED] - click(findTestObject("1. Constant/xpath", ["xpath":"//*[@id="ModifFiche"]/div[1]/div/button[2]"])): Object: 'Object Repository/1. Constant/xpath' is clicked on

2022-06-23 22:37:54 - [MESSAGE][PASSED] - Object: 'Object Repository/1. Constant/xpath' is clicked on

2022-06-23 22:37:54 - [TEST_STEP][PASSED] - click(findTestObject("1. Constant/xpath", ["xpath":"//*[@id="source_" + refID12 + ""]/td[14]/div[1]/button"])): Object: 'Object Repository/1. Constant/xpath' is clicked on

2022-06-23 22:37:54 - [MESSAGE][PASSED] - Object: 'Object Repository/1. Constant/xpath' is clicked on

2022-06-23 22:37:54 - [TEST_STEP][PASSED] - delay(1): Delayed 1 second(s)

2022-06-23 22:37:55 - [MESSAGE][PASSED] - Delayed 1 second(s)

2022-06-23 22:37:55 - [TEST_STEP][PASSED] - takeScreenshot(): Taking screenshot successfully

2022-06-23 22:37:56 - [MESSAGE][PASSED] - Taking screenshot successfully
[[ATTACHMENT|D:\\Projet Test Auto\\Mediabox Test Automation\\Reports\\20220623_184212\\03. Parallel Testing (Testing)\\TS -PT PART 3\\14.03 Dreyers Support Action (Ongoing _ Completed ref) - PART 3\\20220623_184230\\1656016676374.png]]

2022-06-23 22:37:56 - [TEST_STEP][PASSED] - delay(1): Delayed 1 second(s)

2022-06-23 22:37:57 - [MESSAGE][PASSED] - Delayed 1 second(s)

2022-06-23 22:37:57 - [TEST_STEP][PASSED] - x = 20: null

2022-06-23 22:37:57 - [TEST_STEP][PASSED] - i = 1: null

2022-06-23 22:37:57 - [TEST_STEP][PASSED] - while (i <= x): null

2022-06-23 22:37:57 - [TEST_STEP][PASSED] - Expected_SAS_Selected = "SAS S14 - Add Step group (SAS Lifecycle - SAS Step C)": null

2022-06-23 22:37:57 - [TEST_STEP][PASSED] - xpath_SAS = "//*[@id="source_" + refID12 + ""]/td[14]/div[1]/div/a[" + i + "]": null

2022-06-23 22:37:57 - [TEST_STEP][PASSED] - Actual_SAS = getText(findTestObject("1. Constant/xpath", ["xpath":xpath_SAS])): Text of object 'Object Repository/1. Constant/xpath' is: 'SAS: S6 - Add Steps C'

2022-06-23 22:37:58 - [MESSAGE][PASSED] - Text of object 'Object Repository/1. Constant/xpath' is: 'SAS: S6 - Add Steps C'

2022-06-23 22:37:58 - [TEST_STEP][PASSED] - I.print(i): null

2022-06-23 22:37:58 - [TEST_STEP][PASSED] - if (Actual_SAS.contains(Expected_SAS_Selected)): null

2022-06-23 22:37:58 - [TEST_STEP][PASSED] - i = i + 1: null

2022-06-23 22:37:58 - [TEST_STEP][PASSED] - Expected_SAS_Selected = "SAS S14 - Add Step group (SAS Lifecycle - SAS Step C)": null

2022-06-23 22:37:58 - [TEST_STEP][PASSED] - xpath_SAS = "//*[@id="source_" + refID12 + ""]/td[14]/div[1]/div/a[" + i + "]": null

2022-06-23 22:37:58 - [TEST_STEP][PASSED] - Actual_SAS = getText(findTestObject("1. Constant/xpath", ["xpath":xpath_SAS])): Text of object 'Object Repository/1. Constant/xpath' is: 'SAS S14 - Add Step group (SAS Lifecycle - SAS Step C)'

2022-06-23 22:37:59 - [MESSAGE][PASSED] - Text of object 'Object Repository/1. Constant/xpath' is: 'SAS S14 - Add Step group (SAS Lifecycle - SAS Step C)'

2022-06-23 22:37:59 - [TEST_STEP][PASSED] - I.print(i): null

2022-06-23 22:37:59 - [TEST_STEP][PASSED] - if (Actual_SAS.contains(Expected_SAS_Selected)): null

2022-06-23 22:37:59 - [TEST_STEP][PASSED] - click(findTestObject("1. Constant/xpath", ["xpath":xpath_SAS])): Object: 'Object Repository/1. Constant/xpath' is clicked on

2022-06-23 22:37:59 - [MESSAGE][PASSED] - Object: 'Object Repository/1. Constant/xpath' is clicked on

2022-06-23 22:37:59 - [TEST_STEP][PASSED] - break: null

2022-06-23 22:37:59 - [TEST_STEP][PASSED] - takeScreenshot(): Taking screenshot successfully

2022-06-23 22:38:00 - [MESSAGE][PASSED] - Taking screenshot successfully
[[ATTACHMENT|D:\\Projet Test Auto\\Mediabox Test Automation\\Reports\\20220623_184212\\03. Parallel Testing (Testing)\\TS -PT PART 3\\14.03 Dreyers Support Action (Ongoing _ Completed ref) - PART 3\\20220623_184230\\1656016679919.png]]

2022-06-23 22:38:00 - [TEST_STEP][PASSED] - click(findTestObject("1. Constant/xpath", ["xpath":"//*[@id="confirmSupportActionShortcut"]"])): Object: 'Object Repository/1. Constant/xpath' is clicked on

2022-06-23 22:38:04 - [MESSAGE][PASSED] - Object: 'Object Repository/1. Constant/xpath' is clicked on

2022-06-23 22:38:04 - [TEST_STEP][PASSED] - takeScreenshot(): Taking screenshot successfully

2022-06-23 22:38:05 - [MESSAGE][PASSED] - Taking screenshot successfully
[[ATTACHMENT|D:\\Projet Test Auto\\Mediabox Test Automation\\Reports\\20220623_184212\\03. Parallel Testing (Testing)\\TS -PT PART 3\\14.03 Dreyers Support Action (Ongoing _ Completed ref) - PART 3\\20220623_184230\\1656016685069.png]]

2022-06-23 22:38:05 - [TEST_STEP][PASSED] - click(findTestObject("1. Constant/xpath", ["xpath":"//*[@id="kt_content"]/div[3]/div/ul/li[3]/a"])): Object: 'Object Repository/1. Constant/xpath' is clicked on

2022-06-23 22:38:09 - [MESSAGE][PASSED] - Object: 'Object Repository/1. Constant/xpath' is clicked on

2022-06-23 22:38:09 - [TEST_STEP][PASSED] - takeScreenshot(): Taking screenshot successfully

2022-06-23 22:38:10 - [MESSAGE][PASSED] - Taking screenshot successfully
[[ATTACHMENT|D:\\Projet Test Auto\\Mediabox Test Automation\\Reports\\20220623_184212\\03. Parallel Testing (Testing)\\TS -PT PART 3\\14.03 Dreyers Support Action (Ongoing _ Completed ref) - PART 3\\20220623_184230\\1656016690234.png]]

2022-06-23 22:38:10 - [TEST_STEP][PASSED] - takeScreenshot(): Taking screenshot successfully

2022-06-23 22:38:11 - [MESSAGE][PASSED] - Taking screenshot successfully
[[ATTACHMENT|D:\\Projet Test Auto\\Mediabox Test Automation\\Reports\\20220623_184212\\03. Parallel Testing (Testing)\\TS -PT PART 3\\14.03 Dreyers Support Action (Ongoing _ Completed ref) - PART 3\\20220623_184230\\1656016691165.png]]

2022-06-23 22:38:11 - [TEST_STEP][PASSED] - StepC_1 = getAttribute(findTestObject("1. Constant/xpath", ["xpath":"/html/body/div[1]/div[2]/div[8]/div[3]/div/div[3]/div[3]/div/ul/li[3]/a"]), "class"): Attribute 'class' of object 'Object Repository/1. Constant/xpath' is: 'nav-link timeline-badge badge-xl  bg-pending active'

2022-06-23 22:38:12 - [MESSAGE][PASSED] - Attribute 'class' of object 'Object Repository/1. Constant/xpath' is: 'nav-link timeline-badge badge-xl  bg-pending active'

2022-06-23 22:38:12 - [TEST_STEP][PASSED] - verifyMatch(StepC_1, "nav-link timeline-badge badge-xl  bg-pending active", false): Actual text 'nav-link timeline-badge badge-xl  bg-pending active' and expected text 'nav-link timeline-badge badge-xl  bg-pending active' are matched 

2022-06-23 22:38:12 - [MESSAGE][PASSED] - Actual text 'nav-link timeline-badge badge-xl  bg-pending active' and expected text 'nav-link timeline-badge badge-xl  bg-pending active' are matched 

2022-06-23 22:38:12 - [TEST_STEP][PASSED] - StepC_11 = I.Get_Stepname("/html/body/div[1]/div[2]/div[8]/div[3]/div/div[3]/div[3]/div/ul/li[3]/a"): Attribute 'href' of object 'Object Repository/1. Constant/xpath' is: 'http://mdb-release.diadeis.lan/MediaboxIndependence/Base/ExecAction?action=VoirRef&IDSession=MBI!RELTESTAUTO_DREYERS!PFQIIG7E9TILFHKMITULO0VSDY4SDB8MDEFUOCDT&num=I2KMDDFJXE&id_ref=5327#tab_lifecycle_SASStepC_12351'

2022-06-23 22:38:17 - [MESSAGE][PASSED] - Delayed 5 second(s)

2022-06-23 22:38:17 - [MESSAGE][PASSED] - Attribute 'href' of object 'Object Repository/1. Constant/xpath' is: 'http://mdb-release.diadeis.lan/MediaboxIndependence/Base/ExecAction?action=VoirRef&IDSession=MBI!RELTESTAUTO_DREYERS!PFQIIG7E9TILFHKMITULO0VSDY4SDB8MDEFUOCDT&num=I2KMDDFJXE&id_ref=5327#tab_lifecycle_SASStepC_12351'

2022-06-23 22:38:17 - [TEST_STEP][PASSED] - verifyMatch(StepC_11, "SASStepC", false): Actual text 'SASStepC' and expected text 'SASStepC' are matched 

2022-06-23 22:38:17 - [MESSAGE][PASSED] - Actual text 'SASStepC' and expected text 'SASStepC' are matched 

2022-06-23 22:38:17 - [TEST_STEP][PASSED] - Started_StepCP4_1 = getText(findTestObject("1. Constant/xpath", ["xpath":"/html/body/div[1]/div[2]/div[8]/div[3]/div/div[3]/div[3]/div/div/div[3]/div/div[4]/div/div[2]/div[1]"])): Text of object 'Object Repository/1. Constant/xpath' is: 'Started 06/23/22 04:37 PM'

2022-06-23 22:38:18 - [MESSAGE][PASSED] - Text of object 'Object Repository/1. Constant/xpath' is: 'Started 06/23/22 04:37 PM'

2022-06-23 22:38:18 - [TEST_STEP][PASSED] - if (Started_StepCP4_1.contains("Started")): Actual object '1' and expected object '1' are equal

2022-06-23 22:38:18 - [TEST_STEP][PASSED] - verifyEqual(1, 1): Actual object '1' and expected object '1' are equal

2022-06-23 22:38:18 - [MESSAGE][PASSED] - Actual object '1' and expected object '1' are equal

2022-06-23 22:38:18 - [TEST_STEP][PASSED] - verifyElementNotPresent(findTestObject("1. Constant/xpath", ["xpath":"/html/body/div[1]/div[2]/div[8]/div[3]/div/div[3]/div[3]/div/div/div[3]/div/div[6]"]), 10): Web element with id: 'Object Repository/1. Constant/xpath' located by 'By.xpath: /html/body/div[1]/div[2]/div[8]/div[3]/div/div[3]/div[3]/div/div/div[3]/div/div[6]' is not present after '10' second(s)

2022-06-23 22:38:19 - [MESSAGE][PASSED] - Web element with id: 'Object Repository/1. Constant/xpath' located by 'By.xpath: /html/body/div[1]/div[2]/div[8]/div[3]/div/div[3]/div[3]/div/div/div[3]/div/div[6]' is not present after '10' second(s)

2022-06-23 22:38:19 - [TEST_STEP][PASSED] - StepC_3 = getAttribute(findTestObject("1. Constant/xpath", ["xpath":"/html/body/div[1]/div[2]/div[8]/div[3]/div/div[3]/div[3]/div/ul/li[4]/a"]), "class"): Attribute 'class' of object 'Object Repository/1. Constant/xpath' is: 'nav-link timeline-badge badge-xl  bg-waiting '

2022-06-23 22:38:19 - [MESSAGE][PASSED] - Attribute 'class' of object 'Object Repository/1. Constant/xpath' is: 'nav-link timeline-badge badge-xl  bg-waiting '

2022-06-23 22:38:19 - [TEST_STEP][PASSED] - verifyMatch(StepC_3, "nav-link timeline-badge badge-xl  bg-waiting ", false): Actual text 'nav-link timeline-badge badge-xl  bg-waiting ' and expected text 'nav-link timeline-badge badge-xl  bg-waiting ' are matched 

2022-06-23 22:38:19 - [MESSAGE][PASSED] - Actual text 'nav-link timeline-badge badge-xl  bg-waiting ' and expected text 'nav-link timeline-badge badge-xl  bg-waiting ' are matched 

2022-06-23 22:38:19 - [TEST_STEP][PASSED] - StepC_33 = I.Get_Stepname("/html/body/div[1]/div[2]/div[8]/div[3]/div/div[3]/div[3]/div/ul/li[4]/a"): Attribute 'href' of object 'Object Repository/1. Constant/xpath' is: 'http://mdb-release.diadeis.lan/MediaboxIndependence/Base/ExecAction?action=VoirRef&IDSession=MBI!RELTESTAUTO_DREYERS!PFQIIG7E9TILFHKMITULO0VSDY4SDB8MDEFUOCDT&num=I2KMDDFJXE&id_ref=5327#tab_lifecycle_SASStepC_12352'

2022-06-23 22:38:24 - [MESSAGE][PASSED] - Delayed 5 second(s)

2022-06-23 22:38:24 - [MESSAGE][PASSED] - Attribute 'href' of object 'Object Repository/1. Constant/xpath' is: 'http://mdb-release.diadeis.lan/MediaboxIndependence/Base/ExecAction?action=VoirRef&IDSession=MBI!RELTESTAUTO_DREYERS!PFQIIG7E9TILFHKMITULO0VSDY4SDB8MDEFUOCDT&num=I2KMDDFJXE&id_ref=5327#tab_lifecycle_SASStepC_12352'

2022-06-23 22:38:24 - [TEST_STEP][PASSED] - verifyMatch(StepC_33, "SASStepC", false): Actual text 'SASStepC' and expected text 'SASStepC' are matched 

2022-06-23 22:38:24 - [MESSAGE][PASSED] - Actual text 'SASStepC' and expected text 'SASStepC' are matched 

2022-06-23 22:38:24 - [TEST_STEP][PASSED] - I.Logout(): Delayed 3 second(s)

2022-06-23 22:38:27 - [MESSAGE][PASSED] - Delayed 3 second(s)

2022-06-23 22:38:28 - [MESSAGE][PASSED] - Object: 'Object Repository/1. Constant/xpath' is clicked on

2022-06-23 22:38:31 - [MESSAGE][PASSED] - Delayed 3 second(s)

2022-06-23 22:38:35 - [MESSAGE][PASSED] - Object: 'Object Repository/1. Constant/xpath' is clicked on

2022-06-23 22:38:38 - [MESSAGE][PASSED] - Delayed 3 second(s)

2022-06-23 22:38:38 - [TEST_STEP][PASSED] - I.Login_password("nturner", password_nturner): Object: 'Object Repository/1. Constant/xpath' is clicked on

2022-06-23 22:38:40 - [MESSAGE][PASSED] - Text 'nturner' is set on object 'Object Repository/1. Constant/xpath'

2022-06-23 22:38:41 - [MESSAGE][PASSED] - Delayed 1 second(s)

2022-06-23 22:38:43 - [MESSAGE][PASSED] - Text 'diadeis1' is set on object 'Object Repository/1. Constant/xpath'

2022-06-23 22:38:44 - [MESSAGE][PASSED] - Delayed 1 second(s)

2022-06-23 22:38:49 - [MESSAGE][PASSED] - Object: 'Object Repository/1. Constant/xpath' is clicked on

2022-06-23 22:38:49 - [TEST_STEP][PASSED] - click(findTestObject("1. Constant/02_LHSMenu_Projects")): Object: 'Object Repository/1. Constant/02_LHSMenu_Projects' is clicked on

2022-06-23 22:38:52 - [MESSAGE][PASSED] - Object: 'Object Repository/1. Constant/02_LHSMenu_Projects' is clicked on

2022-06-23 22:38:52 - [TEST_STEP][PASSED] - I.SearchProjectNo_xpath(Project_No, "//*[@id="keynum_project"]", "//*[@id="form_filters"]/div[4]/button"): Delayed 5 second(s)

2022-06-23 22:38:53 - [MESSAGE][PASSED] - Delayed 1 second(s)

2022-06-23 22:38:55 - [MESSAGE][PASSED] - Text 'MI000883' is set on object 'Object Repository/1. Constant/xpath'

2022-06-23 22:38:58 - [MESSAGE][PASSED] - Delayed 3 second(s)

2022-06-23 22:38:59 - [MESSAGE][PASSED] - Scroll to object 'Object Repository/1. Constant/xpath' successfully

2022-06-23 22:39:03 - [MESSAGE][PASSED] - Object: 'Object Repository/1. Constant/xpath' is clicked on

2022-06-23 22:39:08 - [MESSAGE][PASSED] - Delayed 5 second(s)

2022-06-23 22:39:08 - [TEST_STEP][PASSED] - takeScreenshot(): Taking screenshot successfully

2022-06-23 22:39:09 - [MESSAGE][PASSED] - Taking screenshot successfully
[[ATTACHMENT|D:\\Projet Test Auto\\Mediabox Test Automation\\Reports\\20220623_184212\\03. Parallel Testing (Testing)\\TS -PT PART 3\\14.03 Dreyers Support Action (Ongoing _ Completed ref) - PART 3\\20220623_184230\\1656016749016.png]]

2022-06-23 22:39:09 - [TEST_STEP][PASSED] - I.SearchRefNo_xpath("P12_Auto", "//*[@id="fiche_filter_keywords11"]", "//*[@id="form_filters"]/div[3]/button"): Delayed 5 second(s)

2022-06-23 22:39:10 - [MESSAGE][PASSED] - Delayed 1 second(s)

2022-06-23 22:39:12 - [MESSAGE][PASSED] - Text 'P12_Auto' is set on object 'Object Repository/1. Constant/xpath'

2022-06-23 22:39:15 - [MESSAGE][PASSED] - Delayed 3 second(s)

2022-06-23 22:39:15 - [MESSAGE][PASSED] - Scroll to object 'Object Repository/1. Constant/xpath' successfully

2022-06-23 22:39:18 - [MESSAGE][PASSED] - Object: 'Object Repository/1. Constant/xpath' is clicked on

2022-06-23 22:39:23 - [MESSAGE][PASSED] - Delayed 5 second(s)

2022-06-23 22:39:23 - [TEST_STEP][PASSED] - delay(1): Delayed 1 second(s)

2022-06-23 22:39:24 - [MESSAGE][PASSED] - Delayed 1 second(s)

2022-06-23 22:39:24 - [TEST_STEP][PASSED] - Lifecycle_Status1 = getText(findTestObject("1. Constant/xpath", ["xpath":"//*[@id="source_" + refID12 + ""]/td[12]/span[1]"])): Text of object 'Object Repository/1. Constant/xpath' is: 'Phase 3.4 [Standard]'

2022-06-23 22:39:24 - [MESSAGE][PASSED] - Text of object 'Object Repository/1. Constant/xpath' is: 'Phase 3.4 [Standard]'

2022-06-23 22:39:24 - [TEST_STEP][PASSED] - verifyMatch(Lifecycle_Status1, "Phase 3.4 [Standard]", false): Actual text 'Phase 3.4 [Standard]' and expected text 'Phase 3.4 [Standard]' are matched 

2022-06-23 22:39:24 - [MESSAGE][PASSED] - Actual text 'Phase 3.4 [Standard]' and expected text 'Phase 3.4 [Standard]' are matched 

2022-06-23 22:39:24 - [TEST_STEP][PASSED] - click(findTestObject("1. Constant/xpath", ["xpath":"//*[@id="source_" + refID12 + ""]/td[13]/a[2]"])): Object: 'Object Repository/1. Constant/xpath' is clicked on

2022-06-23 22:39:27 - [MESSAGE][PASSED] - Object: 'Object Repository/1. Constant/xpath' is clicked on

2022-06-23 22:39:27 - [TEST_STEP][PASSED] - click(findTestObject("1. Constant/xpath", ["xpath":"//*[@id="ModifFiche"]/div[1]/div/button[2]"])): Object: 'Object Repository/1. Constant/xpath' is clicked on

2022-06-23 22:39:32 - [MESSAGE][PASSED] - Object: 'Object Repository/1. Constant/xpath' is clicked on

2022-06-23 22:39:32 - [TEST_STEP][PASSED] - Lifecycle_Status2 = getText(findTestObject("1. Constant/xpath", ["xpath":"//*[@id="source_" + refID12 + ""]/td[12]/span[1]"])): Text of object 'Object Repository/1. Constant/xpath' is: 'Phase 3.5[Prod]'

2022-06-23 22:39:33 - [MESSAGE][PASSED] - Text of object 'Object Repository/1. Constant/xpath' is: 'Phase 3.5[Prod]'

2022-06-23 22:39:33 - [TEST_STEP][PASSED] - verifyMatch(Lifecycle_Status2, "Phase 3.5[Prod]", false): Actual text 'Phase 3.5[Prod]' and expected text 'Phase 3.5[Prod]' are matched 

2022-06-23 22:39:33 - [MESSAGE][PASSED] - Actual text 'Phase 3.5[Prod]' and expected text 'Phase 3.5[Prod]' are matched 

2022-06-23 22:39:33 - [TEST_STEP][PASSED] - I.Logout(): Delayed 3 second(s)

2022-06-23 22:39:36 - [MESSAGE][PASSED] - Delayed 3 second(s)

2022-06-23 22:39:36 - [MESSAGE][PASSED] - Object: 'Object Repository/1. Constant/xpath' is clicked on

2022-06-23 22:39:39 - [MESSAGE][PASSED] - Delayed 3 second(s)

2022-06-23 22:39:43 - [MESSAGE][PASSED] - Object: 'Object Repository/1. Constant/xpath' is clicked on

2022-06-23 22:39:46 - [MESSAGE][PASSED] - Delayed 3 second(s)

2022-06-23 22:39:46 - [TEST_STEP][PASSED] - I.Login_password("lmary", password_lmary): Object: 'Object Repository/1. Constant/xpath' is clicked on

2022-06-23 22:39:50 - [MESSAGE][PASSED] - Text 'lmary' is set on object 'Object Repository/1. Constant/xpath'

2022-06-23 22:39:51 - [MESSAGE][PASSED] - Delayed 1 second(s)

2022-06-23 22:39:52 - [MESSAGE][PASSED] - Text 'diadeis' is set on object 'Object Repository/1. Constant/xpath'

2022-06-23 22:39:53 - [MESSAGE][PASSED] - Delayed 1 second(s)

2022-06-23 22:39:59 - [MESSAGE][PASSED] - Object: 'Object Repository/1. Constant/xpath' is clicked on

2022-06-23 22:39:59 - [TEST_STEP][PASSED] - click(findTestObject("1. Constant/02_LHSMenu_Projects")): Object: 'Object Repository/1. Constant/02_LHSMenu_Projects' is clicked on

2022-06-23 22:40:02 - [MESSAGE][PASSED] - Object: 'Object Repository/1. Constant/02_LHSMenu_Projects' is clicked on

2022-06-23 22:40:02 - [TEST_STEP][PASSED] - I.SearchProjectNo_xpath(Project_No, "//*[@id="keynum_project"]", "//*[@id="form_filters"]/div[4]/button"): Delayed 5 second(s)

2022-06-23 22:40:03 - [MESSAGE][PASSED] - Delayed 1 second(s)

2022-06-23 22:40:04 - [MESSAGE][PASSED] - Text 'MI000883' is set on object 'Object Repository/1. Constant/xpath'

2022-06-23 22:40:07 - [MESSAGE][PASSED] - Delayed 3 second(s)

2022-06-23 22:40:08 - [MESSAGE][PASSED] - Scroll to object 'Object Repository/1. Constant/xpath' successfully

2022-06-23 22:40:11 - [MESSAGE][PASSED] - Object: 'Object Repository/1. Constant/xpath' is clicked on

2022-06-23 22:40:16 - [MESSAGE][PASSED] - Delayed 5 second(s)

2022-06-23 22:40:16 - [TEST_STEP][PASSED] - takeScreenshot(): Taking screenshot successfully

2022-06-23 22:40:17 - [MESSAGE][PASSED] - Taking screenshot successfully
[[ATTACHMENT|D:\\Projet Test Auto\\Mediabox Test Automation\\Reports\\20220623_184212\\03. Parallel Testing (Testing)\\TS -PT PART 3\\14.03 Dreyers Support Action (Ongoing _ Completed ref) - PART 3\\20220623_184230\\1656016817177.png]]

2022-06-23 22:40:17 - [TEST_STEP][PASSED] - I.SearchRefNo_xpath("P12_Auto", "//*[@id="fiche_filter_keywords11"]", "//*[@id="form_filters"]/div[3]/button"): Delayed 5 second(s)

2022-06-23 22:40:18 - [MESSAGE][PASSED] - Delayed 1 second(s)

2022-06-23 22:40:21 - [MESSAGE][PASSED] - Text 'P12_Auto' is set on object 'Object Repository/1. Constant/xpath'

2022-06-23 22:40:24 - [MESSAGE][PASSED] - Delayed 3 second(s)

2022-06-23 22:40:26 - [MESSAGE][PASSED] - Scroll to object 'Object Repository/1. Constant/xpath' successfully

2022-06-23 22:40:30 - [MESSAGE][PASSED] - Object: 'Object Repository/1. Constant/xpath' is clicked on

2022-06-23 22:40:35 - [MESSAGE][PASSED] - Delayed 5 second(s)

2022-06-23 22:40:35 - [TEST_STEP][PASSED] - takeScreenshot(): Taking screenshot successfully

2022-06-23 22:40:36 - [MESSAGE][PASSED] - Taking screenshot successfully
[[ATTACHMENT|D:\\Projet Test Auto\\Mediabox Test Automation\\Reports\\20220623_184212\\03. Parallel Testing (Testing)\\TS -PT PART 3\\14.03 Dreyers Support Action (Ongoing _ Completed ref) - PART 3\\20220623_184230\\1656016835971.png]]

2022-06-23 22:40:36 - [TEST_STEP][PASSED] - color3 = getCSSValue(findTestObject("1. Constant/xpath", ["xpath":"//*[@id="source_" + refID12 + ""]/td[13]/a"]), "color", OPTIONAL): Get CSS 'color' value on 'Object Repository/1. Constant/xpath' successfully: 'rgba(255, 255, 255, 1)'.

2022-06-23 22:40:37 - [MESSAGE][PASSED] - Get CSS 'color' value on 'Object Repository/1. Constant/xpath' successfully: 'rgba(255, 255, 255, 1)'.

2022-06-23 22:40:37 - [TEST_STEP][PASSED] - while (color3 == "rgba(255, 255, 255, 1)"): Get CSS 'color' value on 'Object Repository/1. Constant/xpath' successfully: 'rgba(54, 153, 255, 1)'.

2022-06-23 22:40:37 - [TEST_STEP][PASSED] - click(findTestObject("1. Constant/xpath", ["xpath":"//*[@id="source_" + refID12 + ""]/td[13]/a"])): Object: 'Object Repository/1. Constant/xpath' is clicked on

2022-06-23 22:40:40 - [MESSAGE][PASSED] - Object: 'Object Repository/1. Constant/xpath' is clicked on

2022-06-23 22:40:40 - [TEST_STEP][PASSED] - selectOptionByValue(findTestObject("1. Constant/xpath", ["xpath":"//*[@id="id_approval_flow_tpl"]"]), "80", false): All options with value '80' are selected in object 'Object Repository/1. Constant/xpath' 

2022-06-23 22:40:42 - [MESSAGE][PASSED] - All options with value '80' are selected in object 'Object Repository/1. Constant/xpath' 

2022-06-23 22:40:42 - [TEST_STEP][PASSED] - I.UploadDoc_sendkey_Prod(findTestObject("1. Constant/xpath", ["xpath":"//*[@id="kt_body"]/input[2]"]), "D:\Upoad_File\Upload doc\testdata1.jpg", "testdata1"): Delayed 5 second(s)

2022-06-23 22:40:43 - [MESSAGE][PASSED] - Scroll to object 'Object Repository/1. Constant/xpath' successfully

2022-06-23 22:40:48 - [MESSAGE][PASSED] - Delayed 5 second(s)

2022-06-23 22:40:49 - [MESSAGE][PASSED] - File 'D:\Upoad_File\Upload doc\testdata1.jpg' sent to object: 'Object Repository/1. Constant/xpath'

2022-06-23 22:40:54 - [MESSAGE][PASSED] - Delayed 5 second(s)

2022-06-23 22:40:54 - [MESSAGE][PASSED] - Text 'testdata1' is present on page 

2022-06-23 22:40:59 - [MESSAGE][PASSED] - Delayed 5 second(s)

2022-06-23 22:41:04 - [MESSAGE][PASSED] - Delayed 5 second(s)

2022-06-23 22:41:04 - [TEST_STEP][PASSED] - takeScreenshot(): Taking screenshot successfully

2022-06-23 22:41:05 - [MESSAGE][PASSED] - Taking screenshot successfully
[[ATTACHMENT|D:\\Projet Test Auto\\Mediabox Test Automation\\Reports\\20220623_184212\\03. Parallel Testing (Testing)\\TS -PT PART 3\\14.03 Dreyers Support Action (Ongoing _ Completed ref) - PART 3\\20220623_184230\\1656016864985.png]]

2022-06-23 22:41:05 - [TEST_STEP][PASSED] - delay(10): Delayed 10 second(s)

2022-06-23 22:41:15 - [MESSAGE][PASSED] - Delayed 10 second(s)

2022-06-23 22:41:15 - [TEST_STEP][PASSED] - click(findTestObject("HL Full Lifecycle/12 ReferncePage_Button_Updatensenddoc")): Object: 'Object Repository/HL Full Lifecycle/12 ReferncePage_Button_Updatensenddoc' is clicked on

2022-06-23 22:41:21 - [MESSAGE][PASSED] - Object: 'Object Repository/HL Full Lifecycle/12 ReferncePage_Button_Updatensenddoc' is clicked on

2022-06-23 22:41:21 - [TEST_STEP][PASSED] - delay(5): Delayed 5 second(s)

2022-06-23 22:41:26 - [MESSAGE][PASSED] - Delayed 5 second(s)

2022-06-23 22:41:26 - [TEST_STEP][PASSED] - color3 = getCSSValue(findTestObject("1. Constant/xpath", ["xpath":"//*[@id="source_" + refID12 + ""]/td[13]/a"]), "color", OPTIONAL): Get CSS 'color' value on 'Object Repository/1. Constant/xpath' successfully: 'rgba(54, 153, 255, 1)'.

2022-06-23 22:41:27 - [MESSAGE][PASSED] - Get CSS 'color' value on 'Object Repository/1. Constant/xpath' successfully: 'rgba(54, 153, 255, 1)'.

2022-06-23 22:41:27 - [TEST_STEP][PASSED] - I.Logout(): Delayed 3 second(s)

2022-06-23 22:41:30 - [MESSAGE][PASSED] - Delayed 3 second(s)

2022-06-23 22:41:31 - [MESSAGE][PASSED] - Object: 'Object Repository/1. Constant/xpath' is clicked on

2022-06-23 22:41:34 - [MESSAGE][PASSED] - Delayed 3 second(s)

2022-06-23 22:41:38 - [MESSAGE][PASSED] - Object: 'Object Repository/1. Constant/xpath' is clicked on

2022-06-23 22:41:41 - [MESSAGE][PASSED] - Delayed 3 second(s)

2022-06-23 22:41:41 - [TEST_STEP][PASSED] - I.Login_password("blemco", password_blemco): Object: 'Object Repository/1. Constant/xpath' is clicked on

2022-06-23 22:41:42 - [MESSAGE][PASSED] - Text 'blemco' is set on object 'Object Repository/1. Constant/xpath'

2022-06-23 22:41:43 - [MESSAGE][PASSED] - Delayed 1 second(s)

2022-06-23 22:41:45 - [MESSAGE][PASSED] - Text 'diadeis1' is set on object 'Object Repository/1. Constant/xpath'

2022-06-23 22:41:46 - [MESSAGE][PASSED] - Delayed 1 second(s)

2022-06-23 22:41:51 - [MESSAGE][PASSED] - Object: 'Object Repository/1. Constant/xpath' is clicked on

2022-06-23 22:41:51 - [TEST_STEP][PASSED] - takeScreenshot(): Taking screenshot successfully

2022-06-23 22:41:52 - [MESSAGE][PASSED] - Taking screenshot successfully
[[ATTACHMENT|D:\\Projet Test Auto\\Mediabox Test Automation\\Reports\\20220623_184212\\03. Parallel Testing (Testing)\\TS -PT PART 3\\14.03 Dreyers Support Action (Ongoing _ Completed ref) - PART 3\\20220623_184230\\1656016912148.png]]

2022-06-23 22:41:52 - [TEST_STEP][PASSED] - click(findTestObject("1. Constant/02_LHSMenu_Projects")): Object: 'Object Repository/1. Constant/02_LHSMenu_Projects' is clicked on

2022-06-23 22:41:57 - [MESSAGE][PASSED] - Object: 'Object Repository/1. Constant/02_LHSMenu_Projects' is clicked on

2022-06-23 22:41:57 - [TEST_STEP][PASSED] - I.SearchProjectNo_xpath(Project_No, "//*[@id="keynum_project"]", "//*[@id="form_filters"]/div[4]/button"): Delayed 5 second(s)

2022-06-23 22:41:58 - [MESSAGE][PASSED] - Delayed 1 second(s)

2022-06-23 22:41:59 - [MESSAGE][PASSED] - Text 'MI000883' is set on object 'Object Repository/1. Constant/xpath'

2022-06-23 22:42:02 - [MESSAGE][PASSED] - Delayed 3 second(s)

2022-06-23 22:42:03 - [MESSAGE][PASSED] - Scroll to object 'Object Repository/1. Constant/xpath' successfully

2022-06-23 22:42:07 - [MESSAGE][PASSED] - Object: 'Object Repository/1. Constant/xpath' is clicked on

2022-06-23 22:42:12 - [MESSAGE][PASSED] - Delayed 5 second(s)

2022-06-23 22:42:12 - [TEST_STEP][PASSED] - takeScreenshot(): Taking screenshot successfully

2022-06-23 22:42:13 - [MESSAGE][PASSED] - Taking screenshot successfully
[[ATTACHMENT|D:\\Projet Test Auto\\Mediabox Test Automation\\Reports\\20220623_184212\\03. Parallel Testing (Testing)\\TS -PT PART 3\\14.03 Dreyers Support Action (Ongoing _ Completed ref) - PART 3\\20220623_184230\\1656016932493.png]]

2022-06-23 22:42:13 - [TEST_STEP][PASSED] - I.SearchRefNo_xpath("P12_Auto", "//*[@id="fiche_filter_keywords11"]", "//*[@id="form_filters"]/div[3]/button"): Delayed 5 second(s)

2022-06-23 22:42:14 - [MESSAGE][PASSED] - Delayed 1 second(s)

2022-06-23 22:42:17 - [MESSAGE][PASSED] - Text 'P12_Auto' is set on object 'Object Repository/1. Constant/xpath'

2022-06-23 22:42:20 - [MESSAGE][PASSED] - Delayed 3 second(s)

2022-06-23 22:42:20 - [MESSAGE][PASSED] - Scroll to object 'Object Repository/1. Constant/xpath' successfully

2022-06-23 22:42:23 - [MESSAGE][PASSED] - Object: 'Object Repository/1. Constant/xpath' is clicked on

2022-06-23 22:42:28 - [MESSAGE][PASSED] - Delayed 5 second(s)

2022-06-23 22:42:28 - [TEST_STEP][PASSED] - I.AWF_approve_byaction(findTestObject("1. Constant/xpath", ["xpath":"//*[@id="source_" + refID12 + ""]/td[13]/a[2]"])): Object: 'Object Repository/HL Full Lifecycle/Function_Appbutton2' is clicked on

2022-06-23 22:42:33 - [MESSAGE][PASSED] - Delayed 5 second(s)

2022-06-23 22:42:36 - [MESSAGE][PASSED] - Object: 'Object Repository/1. Constant/xpath' is clicked on

2022-06-23 22:42:40 - [MESSAGE][PASSED] - Object: 'Object Repository/HL Full Lifecycle/Function_access Viewer2' is hovered

2022-06-23 22:42:43 - [MESSAGE][PASSED] - Delayed 3 second(s)

2022-06-23 22:42:45 - [MESSAGE][PASSED] - Object: 'Object Repository/HL Full Lifecycle/Function_access Viewer2' is clicked on

2022-06-23 22:42:50 - [MESSAGE][PASSED] - Delayed 5 second(s)

2022-06-23 22:42:51 - [MESSAGE][PASSED] - Object: 'Object Repository/HL Full Lifecycle/Function_AppButton' is clicked on

2022-06-23 22:42:56 - [MESSAGE][PASSED] - Delayed 5 second(s)

2022-06-23 22:43:01 - [MESSAGE][PASSED] - Object: 'Object Repository/HL Full Lifecycle/Function_Appbutton2' is clicked on

2022-06-23 22:43:01 - [TEST_STEP][PASSED] - Lifecycle_Status66 = getText(findTestObject("1. Constant/xpath", ["xpath":"//*[@id="source_" + refID12 + ""]/td[12]/span[1]"])): Text of object 'Object Repository/1. Constant/xpath' is: 'Phase 3.1 [Question]'

2022-06-23 22:43:01 - [MESSAGE][PASSED] - Text of object 'Object Repository/1. Constant/xpath' is: 'Phase 3.1 [Question]'

2022-06-23 22:43:01 - [TEST_STEP][PASSED] - I.Logout(): Delayed 3 second(s)

2022-06-23 22:43:04 - [MESSAGE][PASSED] - Delayed 3 second(s)

2022-06-23 22:43:06 - [MESSAGE][PASSED] - Object: 'Object Repository/1. Constant/xpath' is clicked on

2022-06-23 22:43:09 - [MESSAGE][PASSED] - Delayed 3 second(s)

2022-06-23 22:43:12 - [MESSAGE][PASSED] - Object: 'Object Repository/1. Constant/xpath' is clicked on

2022-06-23 22:43:15 - [MESSAGE][PASSED] - Delayed 3 second(s)

2022-06-23 22:43:15 - [TEST_STEP][PASSED] - I.Login_password("talexeeva", password_talexeeva): Object: 'Object Repository/1. Constant/xpath' is clicked on

2022-06-23 22:43:16 - [MESSAGE][PASSED] - Text 'talexeeva' is set on object 'Object Repository/1. Constant/xpath'

2022-06-23 22:43:17 - [MESSAGE][PASSED] - Delayed 1 second(s)

2022-06-23 22:43:18 - [MESSAGE][PASSED] - Text 'diadeis2' is set on object 'Object Repository/1. Constant/xpath'

2022-06-23 22:43:19 - [MESSAGE][PASSED] - Delayed 1 second(s)

2022-06-23 22:43:23 - [MESSAGE][PASSED] - Object: 'Object Repository/1. Constant/xpath' is clicked on

2022-06-23 22:43:23 - [TEST_STEP][PASSED] - click(findTestObject("1. Constant/02_LHSMenu_Projects")): Object: 'Object Repository/1. Constant/02_LHSMenu_Projects' is clicked on

2022-06-23 22:43:25 - [MESSAGE][PASSED] - Object: 'Object Repository/1. Constant/02_LHSMenu_Projects' is clicked on

2022-06-23 22:43:25 - [TEST_STEP][PASSED] - I.SearchProjectNo_xpath(Project_No, "//*[@id="keynum_project"]", "//*[@id="form_filters"]/div[4]/button"): Delayed 5 second(s)

2022-06-23 22:43:26 - [MESSAGE][PASSED] - Delayed 1 second(s)

2022-06-23 22:43:27 - [MESSAGE][PASSED] - Text 'MI000883' is set on object 'Object Repository/1. Constant/xpath'

2022-06-23 22:43:30 - [MESSAGE][PASSED] - Delayed 3 second(s)

2022-06-23 22:43:32 - [MESSAGE][PASSED] - Scroll to object 'Object Repository/1. Constant/xpath' successfully

2022-06-23 22:43:37 - [MESSAGE][PASSED] - Object: 'Object Repository/1. Constant/xpath' is clicked on

2022-06-23 22:43:42 - [MESSAGE][PASSED] - Delayed 5 second(s)

2022-06-23 22:43:42 - [TEST_STEP][PASSED] - I.SearchRefNo_xpath("P12_Auto", "//*[@id="fiche_filter_keywords11"]", "//*[@id="form_filters"]/div[3]/button"): Delayed 5 second(s)

2022-06-23 22:43:43 - [MESSAGE][PASSED] - Delayed 1 second(s)

2022-06-23 22:43:44 - [MESSAGE][PASSED] - Text 'P12_Auto' is set on object 'Object Repository/1. Constant/xpath'

2022-06-23 22:43:47 - [MESSAGE][PASSED] - Delayed 3 second(s)

2022-06-23 22:43:48 - [MESSAGE][PASSED] - Scroll to object 'Object Repository/1. Constant/xpath' successfully

2022-06-23 22:43:51 - [MESSAGE][PASSED] - Object: 'Object Repository/1. Constant/xpath' is clicked on

2022-06-23 22:43:56 - [MESSAGE][PASSED] - Delayed 5 second(s)

2022-06-23 22:43:56 - [TEST_STEP][PASSED] - takeScreenshot(): Taking screenshot successfully

2022-06-23 22:43:57 - [MESSAGE][PASSED] - Taking screenshot successfully
[[ATTACHMENT|D:\\Projet Test Auto\\Mediabox Test Automation\\Reports\\20220623_184212\\03. Parallel Testing (Testing)\\TS -PT PART 3\\14.03 Dreyers Support Action (Ongoing _ Completed ref) - PART 3\\20220623_184230\\1656017037005.png]]

2022-06-23 22:43:57 - [TEST_STEP][PASSED] - I.submitquesiton_ref(findTestObject("1. Constant/xpath", ["xpath":"//*[@id="source_" + refID12 + ""]/td[13]/div[1]/button"]), findTestObject("1. Constant/xpath", ["xpath":"//*[@id="source_" + refID12 + ""]/td[13]/div[1]/div/a[1]"])): Object: 'Object Repository/1. Constant/xpath' is clicked on

2022-06-23 22:43:58 - [MESSAGE][PASSED] - Object: 'Object Repository/1. Constant/xpath' is clicked on

2022-06-23 22:44:01 - [MESSAGE][PASSED] - Delayed 3 second(s)

2022-06-23 22:44:05 - [MESSAGE][PASSED] - Object: 'Object Repository/1. Constant/xpath' is clicked on

2022-06-23 22:44:05 - [TEST_STEP][PASSED] - click(findTestObject("1. Constant/xpath", ["xpath":"//*[@id="ModifFiche"]/div[1]/div/button[2]"])): Object: 'Object Repository/1. Constant/xpath' is clicked on

2022-06-23 22:44:10 - [MESSAGE][PASSED] - Object: 'Object Repository/1. Constant/xpath' is clicked on

2022-06-23 22:44:10 - [TEST_STEP][PASSED] - takeScreenshot(): Taking screenshot successfully

2022-06-23 22:44:11 - [MESSAGE][PASSED] - Taking screenshot successfully
[[ATTACHMENT|D:\\Projet Test Auto\\Mediabox Test Automation\\Reports\\20220623_184212\\03. Parallel Testing (Testing)\\TS -PT PART 3\\14.03 Dreyers Support Action (Ongoing _ Completed ref) - PART 3\\20220623_184230\\1656017050755.png]]

2022-06-23 22:44:11 - [TEST_STEP][PASSED] - Lifecycle_Status22 = getText(findTestObject("1. Constant/xpath", ["xpath":"//*[@id="source_" + refID12 + ""]/td[12]/span[1]"])): Text of object 'Object Repository/1. Constant/xpath' is: 'Phase 3.2 [Question]'

2022-06-23 22:44:12 - [MESSAGE][PASSED] - Text of object 'Object Repository/1. Constant/xpath' is: 'Phase 3.2 [Question]'

2022-06-23 22:44:12 - [TEST_STEP][PASSED] - verifyMatch(Lifecycle_Status22, "Phase 3.2 [Question]", false): Actual text 'Phase 3.2 [Question]' and expected text 'Phase 3.2 [Question]' are matched 

2022-06-23 22:44:12 - [MESSAGE][PASSED] - Actual text 'Phase 3.2 [Question]' and expected text 'Phase 3.2 [Question]' are matched 

2022-06-23 22:44:12 - [TEST_STEP][PASSED] - closeBrowser(): Browser is closed

2022-06-23 22:44:18 - [MESSAGE][PASSED] - Browser is closed

2022-06-23 22:44:18 - [TEST_STEP][PASSED] - Start listener action : sampleAfterTestCase: null]]></system-out>
         <system-err><![CDATA[]]></system-err>
      </testcase>
      <testcase name="Test Cases/19. Dreyers Support Action (Ongoing ref_completed)/19.17 Dreyers SAS Add Phase group (Ongoing ref) S23 - P17" time="616.637" classname="Test Cases/19. Dreyers Support Action (Ongoing ref_completed)/19.17 Dreyers SAS Add Phase group (Ongoing ref) S23 - P17" status="PASSED">
         <system-out><![CDATA[2022-06-23 22:44:18 - [TEST_CASE][PASSED] - Test Cases/19. Dreyers Support Action (Ongoing ref_completed)/19.17 Dreyers SAS Add Phase group (Ongoing ref) S23 - P17: Test Cases/19. Dreyers Support Action (Ongoing ref_completed)/19.17 Dreyers SAS Add Phase group (Ongoing ref) S23 - P17

2022-06-23 22:44:19 - [TEST_STEP][PASSED] - data_Dreyers = findTestData("Data Files/Username_Password/Dreyer"): null

2022-06-23 22:44:19 - [TEST_STEP][PASSED] - password_suser = data_Dreyers.getValue(2, 1): null

2022-06-23 22:44:19 - [TEST_STEP][PASSED] - password_blemco = data_Dreyers.getValue(2, 2): null

2022-06-23 22:44:19 - [TEST_STEP][PASSED] - password_nturner = data_Dreyers.getValue(2, 6): null

2022-06-23 22:44:19 - [TEST_STEP][PASSED] - password_lmary = data_Dreyers.getValue(2, 13): null

2022-06-23 22:44:19 - [TEST_STEP][PASSED] - data_urlRELAUTO = findTestData("Data Files/URL/URL_relauto"): null

2022-06-23 22:44:19 - [TEST_STEP][PASSED] - Url_Dreyer = data_urlRELAUTO.getValue(2, 4): null

2022-06-23 22:44:19 - [TEST_STEP][PASSED] - Project_No = I.readnotepad("D:\Upoad_File\Projet_ Login\Dreyers\19.1\19.1_Dreyers_ProjectNo.txt"): null

2022-06-23 22:44:19 - [TEST_STEP][PASSED] - refID = I.readnotepad("D:\Upoad_File\Projet_ Login\Dreyers\19.1\19.1_Dreyers_refID.txt"): null

2022-06-23 22:44:19 - [TEST_STEP][PASSED] - openBrowser(Url_Dreyer): Browser is opened with url: 'http://mdb-release.diadeis.lan/MediaboxIndependence/?MBI_datasource=RELTESTAUTO_DREYERS'

2022-06-23 22:44:19 - [MESSAGE][INFO] - Starting 'Chrome (headless)' driver

2022-06-23 22:44:19 - [MESSAGE][INFO] - User set preference: ['args', '[--window-size=1920,1080, --headless]']

2022-06-23 22:44:19 - [MESSAGE][INFO] - Action delay is set to 0 milliseconds

2022-06-23 22:44:40 - [MESSAGE][PASSED] - Browser is opened with url: 'http://mdb-release.diadeis.lan/MediaboxIndependence/?MBI_datasource=RELTESTAUTO_DREYERS'

2022-06-23 22:44:40 - [TEST_STEP][PASSED] - maximizeWindow(): Current window maximized

2022-06-23 22:44:41 - [MESSAGE][PASSED] - Current window maximized

2022-06-23 22:44:41 - [TEST_STEP][PASSED] - I.Login_password("blemco", password_blemco): Object: 'Object Repository/1. Constant/xpath' is clicked on

2022-06-23 22:44:44 - [MESSAGE][PASSED] - Text 'blemco' is set on object 'Object Repository/1. Constant/xpath'

2022-06-23 22:44:45 - [MESSAGE][PASSED] - Delayed 1 second(s)

2022-06-23 22:44:46 - [MESSAGE][PASSED] - Text 'diadeis1' is set on object 'Object Repository/1. Constant/xpath'

2022-06-23 22:44:47 - [MESSAGE][PASSED] - Delayed 1 second(s)

2022-06-23 22:44:58 - [MESSAGE][PASSED] - Object: 'Object Repository/1. Constant/xpath' is clicked on

2022-06-23 22:44:58 - [TEST_STEP][PASSED] - click(findTestObject("1. Constant/02_LHSMenu_Projects")): Object: 'Object Repository/1. Constant/02_LHSMenu_Projects' is clicked on

2022-06-23 22:45:03 - [MESSAGE][PASSED] - Object: 'Object Repository/1. Constant/02_LHSMenu_Projects' is clicked on

2022-06-23 22:45:03 - [TEST_STEP][PASSED] - I.SearchProjectNo_xpath(Project_No, "//*[@id="keynum_project"]", "//*[@id="form_filters"]/div[4]/button"): Delayed 5 second(s)

2022-06-23 22:45:04 - [MESSAGE][PASSED] - Delayed 1 second(s)

2022-06-23 22:45:05 - [MESSAGE][PASSED] - Text 'MI000883' is set on object 'Object Repository/1. Constant/xpath'

2022-06-23 22:45:08 - [MESSAGE][PASSED] - Delayed 3 second(s)

2022-06-23 22:45:08 - [MESSAGE][PASSED] - Scroll to object 'Object Repository/1. Constant/xpath' successfully

2022-06-23 22:45:13 - [MESSAGE][PASSED] - Object: 'Object Repository/1. Constant/xpath' is clicked on

2022-06-23 22:45:18 - [MESSAGE][PASSED] - Delayed 5 second(s)

2022-06-23 22:45:18 - [TEST_STEP][PASSED] - takeScreenshot(): Taking screenshot successfully

2022-06-23 22:45:19 - [MESSAGE][PASSED] - Taking screenshot successfully
[[ATTACHMENT|D:\\Projet Test Auto\\Mediabox Test Automation\\Reports\\20220623_184212\\03. Parallel Testing (Testing)\\TS -PT PART 3\\14.03 Dreyers Support Action (Ongoing _ Completed ref) - PART 3\\20220623_184230\\1656017119018.png]]

2022-06-23 22:45:19 - [TEST_STEP][PASSED] - click(findTestObject("1. Constant/xpath", ["xpath":"//*[@id="create_ref_btn"]/button"])): Object: 'Object Repository/1. Constant/xpath' is clicked on

2022-06-23 22:45:20 - [MESSAGE][PASSED] - Object: 'Object Repository/1. Constant/xpath' is clicked on

2022-06-23 22:45:20 - [TEST_STEP][PASSED] - delay(1): Delayed 1 second(s)

2022-06-23 22:45:21 - [MESSAGE][PASSED] - Delayed 1 second(s)

2022-06-23 22:45:21 - [TEST_STEP][PASSED] - click(findTestObject("1. Constant/xpath", ["xpath":"//*[@id="create_ref_btn"]/div/a"])): Object: 'Object Repository/1. Constant/xpath' is clicked on

2022-06-23 22:45:24 - [MESSAGE][PASSED] - Object: 'Object Repository/1. Constant/xpath' is clicked on

2022-06-23 22:45:24 - [TEST_STEP][PASSED] - delay(1): Delayed 1 second(s)

2022-06-23 22:45:25 - [MESSAGE][PASSED] - Delayed 1 second(s)

2022-06-23 22:45:25 - [TEST_STEP][PASSED] - selectOptionByValue(findTestObject("1. Constant/xpath", ["xpath":"//*[@id="lfc_tpl"]"]), "36", false): All options with value '36' are selected in object 'Object Repository/1. Constant/xpath' 

2022-06-23 22:45:28 - [MESSAGE][PASSED] - All options with value '36' are selected in object 'Object Repository/1. Constant/xpath' 

2022-06-23 22:45:28 - [TEST_STEP][PASSED] - ref_name = "P17_Auto_SAS_S23_" + RandomStringUtils.randomAlphanumeric(5) + I.gettimedate(): null

2022-06-23 22:45:28 - [TEST_STEP][PASSED] - delay(1): Delayed 1 second(s)

2022-06-23 22:45:29 - [MESSAGE][PASSED] - Delayed 1 second(s)

2022-06-23 22:45:29 - [TEST_STEP][PASSED] - setText(findTestObject("1. Constant/xpath", ["xpath":"//*[@id="var_name"]"]), ref_name): Text 'P17_Auto_SAS_S23_rT11Ejuin232022_224528' is set on object 'Object Repository/1. Constant/xpath'

2022-06-23 22:45:31 - [MESSAGE][PASSED] - Text 'P17_Auto_SAS_S23_rT11Ejuin232022_224528' is set on object 'Object Repository/1. Constant/xpath'

2022-06-23 22:45:31 - [TEST_STEP][PASSED] - takeScreenshot(): Taking screenshot successfully

2022-06-23 22:45:33 - [MESSAGE][PASSED] - Taking screenshot successfully
[[ATTACHMENT|D:\\Projet Test Auto\\Mediabox Test Automation\\Reports\\20220623_184212\\03. Parallel Testing (Testing)\\TS -PT PART 3\\14.03 Dreyers Support Action (Ongoing _ Completed ref) - PART 3\\20220623_184230\\1656017132497.png]]

2022-06-23 22:45:33 - [TEST_STEP][PASSED] - click(findTestObject("1. Constant/xpath", ["xpath":"//*[@id="createRefBottom"]"])): Object: 'Object Repository/1. Constant/xpath' is clicked on

2022-06-23 22:45:38 - [MESSAGE][PASSED] - Object: 'Object Repository/1. Constant/xpath' is clicked on

2022-06-23 22:45:38 - [TEST_STEP][PASSED] - delay(1): Delayed 1 second(s)

2022-06-23 22:45:39 - [MESSAGE][PASSED] - Delayed 1 second(s)

2022-06-23 22:45:39 - [TEST_STEP][PASSED] - takeScreenshot(): Taking screenshot successfully

2022-06-23 22:45:40 - [MESSAGE][PASSED] - Taking screenshot successfully
[[ATTACHMENT|D:\\Projet Test Auto\\Mediabox Test Automation\\Reports\\20220623_184212\\03. Parallel Testing (Testing)\\TS -PT PART 3\\14.03 Dreyers Support Action (Ongoing _ Completed ref) - PART 3\\20220623_184230\\1656017139558.png]]

2022-06-23 22:45:40 - [TEST_STEP][PASSED] - refID17 = I.RefID(): Current window's url is: 'http://mdb-release.diadeis.lan/MediaboxIndependence/Base/ExecAction?IDSession=MBI%21RELTESTAUTO_DREYERS%21OY116BOD9432FQV3HA7CWT4V8732CUPVPPRW99CS&default_action=ModifierRef&id_project=MI000883&id_ref=5328&action_from=create_ref'

2022-06-23 22:45:45 - [MESSAGE][PASSED] - Delayed 5 second(s)

2022-06-23 22:45:45 - [MESSAGE][PASSED] - Current window's url is: 'http://mdb-release.diadeis.lan/MediaboxIndependence/Base/ExecAction?IDSession=MBI%21RELTESTAUTO_DREYERS%21OY116BOD9432FQV3HA7CWT4V8732CUPVPPRW99CS&default_action=ModifierRef&id_project=MI000883&id_ref=5328&action_from=create_ref'

2022-06-23 22:45:45 - [TEST_STEP][PASSED] - click(findTestObject("1. Constant/xpath", ["xpath":"//*[@id="type_save"]"])): Object: 'Object Repository/1. Constant/xpath' is clicked on

2022-06-23 22:45:50 - [MESSAGE][PASSED] - Object: 'Object Repository/1. Constant/xpath' is clicked on

2022-06-23 22:45:50 - [TEST_STEP][PASSED] - takeScreenshot(): Taking screenshot successfully

2022-06-23 22:45:51 - [MESSAGE][PASSED] - Taking screenshot successfully
[[ATTACHMENT|D:\\Projet Test Auto\\Mediabox Test Automation\\Reports\\20220623_184212\\03. Parallel Testing (Testing)\\TS -PT PART 3\\14.03 Dreyers Support Action (Ongoing _ Completed ref) - PART 3\\20220623_184230\\1656017151026.png]]

2022-06-23 22:45:51 - [TEST_STEP][PASSED] - delay(1): Delayed 1 second(s)

2022-06-23 22:45:52 - [MESSAGE][PASSED] - Delayed 1 second(s)

2022-06-23 22:45:52 - [TEST_STEP][PASSED] - I.SearchRefNo_xpath("P17_Auto", "//*[@id="fiche_filter_keywords11"]", "//*[@id="form_filters"]/div[3]/button"): Delayed 5 second(s)

2022-06-23 22:45:53 - [MESSAGE][PASSED] - Delayed 1 second(s)

2022-06-23 22:45:54 - [MESSAGE][PASSED] - Text 'P17_Auto' is set on object 'Object Repository/1. Constant/xpath'

2022-06-23 22:45:57 - [MESSAGE][PASSED] - Delayed 3 second(s)

2022-06-23 22:45:59 - [MESSAGE][PASSED] - Scroll to object 'Object Repository/1. Constant/xpath' successfully

2022-06-23 22:46:03 - [MESSAGE][PASSED] - Object: 'Object Repository/1. Constant/xpath' is clicked on

2022-06-23 22:46:08 - [MESSAGE][PASSED] - Delayed 5 second(s)

2022-06-23 22:46:08 - [TEST_STEP][PASSED] - click(findTestObject("1. Constant/xpath", ["xpath":"//*[@id="source_" + refID17 + ""]/td[13]/div[1]/button"])): Object: 'Object Repository/1. Constant/xpath' is clicked on

2022-06-23 22:46:09 - [MESSAGE][PASSED] - Object: 'Object Repository/1. Constant/xpath' is clicked on

2022-06-23 22:46:09 - [TEST_STEP][PASSED] - delay(1): Delayed 1 second(s)

2022-06-23 22:46:10 - [MESSAGE][PASSED] - Delayed 1 second(s)

2022-06-23 22:46:10 - [TEST_STEP][PASSED] - takeScreenshot(): Taking screenshot successfully

2022-06-23 22:46:10 - [MESSAGE][PASSED] - Taking screenshot successfully
[[ATTACHMENT|D:\\Projet Test Auto\\Mediabox Test Automation\\Reports\\20220623_184212\\03. Parallel Testing (Testing)\\TS -PT PART 3\\14.03 Dreyers Support Action (Ongoing _ Completed ref) - PART 3\\20220623_184230\\1656017170184.png]]

2022-06-23 22:46:10 - [TEST_STEP][PASSED] - delay(1): Delayed 1 second(s)

2022-06-23 22:46:11 - [MESSAGE][PASSED] - Delayed 1 second(s)

2022-06-23 22:46:11 - [TEST_STEP][PASSED] - x = 20: null

2022-06-23 22:46:11 - [TEST_STEP][PASSED] - i = 1: null

2022-06-23 22:46:11 - [TEST_STEP][PASSED] - while (i <= x): null

2022-06-23 22:46:11 - [TEST_STEP][PASSED] - Expected_SAS_Selected = "SAS S23: Skip P1.2/ Add PG 1.1_1.2/ Skip P1.1": null

2022-06-23 22:46:11 - [TEST_STEP][PASSED] - xpath_SAS = "//*[@id="source_" + refID17 + ""]/td[13]/div[1]/div/a[" + i + "]": null

2022-06-23 22:46:11 - [TEST_STEP][PASSED] - Actual_SAS = getText(findTestObject("1. Constant/xpath", ["xpath":xpath_SAS])): Text of object 'Object Repository/1. Constant/xpath' is: 'SAS: S4 - Skip 1.2 / Add Step A / Skip 1.1'

2022-06-23 22:46:12 - [MESSAGE][PASSED] - Text of object 'Object Repository/1. Constant/xpath' is: 'SAS: S4 - Skip 1.2 / Add Step A / Skip 1.1'

2022-06-23 22:46:12 - [TEST_STEP][PASSED] - I.print(i): null

2022-06-23 22:46:12 - [TEST_STEP][PASSED] - if (Actual_SAS.contains(Expected_SAS_Selected)): null

2022-06-23 22:46:12 - [TEST_STEP][PASSED] - i = i + 1: null

2022-06-23 22:46:12 - [TEST_STEP][PASSED] - Expected_SAS_Selected = "SAS S23: Skip P1.2/ Add PG 1.1_1.2/ Skip P1.1": null

2022-06-23 22:46:12 - [TEST_STEP][PASSED] - xpath_SAS = "//*[@id="source_" + refID17 + ""]/td[13]/div[1]/div/a[" + i + "]": null

2022-06-23 22:46:12 - [TEST_STEP][PASSED] - Actual_SAS = getText(findTestObject("1. Constant/xpath", ["xpath":xpath_SAS])): Text of object 'Object Repository/1. Constant/xpath' is: 'SAS S23: Skip P1.2/ Add PG 1.1_1.2/ Skip P1.1'

2022-06-23 22:46:12 - [MESSAGE][PASSED] - Text of object 'Object Repository/1. Constant/xpath' is: 'SAS S23: Skip P1.2/ Add PG 1.1_1.2/ Skip P1.1'

2022-06-23 22:46:12 - [TEST_STEP][PASSED] - I.print(i): null

2022-06-23 22:46:12 - [TEST_STEP][PASSED] - if (Actual_SAS.contains(Expected_SAS_Selected)): null

2022-06-23 22:46:12 - [TEST_STEP][PASSED] - click(findTestObject("1. Constant/xpath", ["xpath":xpath_SAS])): Object: 'Object Repository/1. Constant/xpath' is clicked on

2022-06-23 22:46:12 - [MESSAGE][PASSED] - Object: 'Object Repository/1. Constant/xpath' is clicked on

2022-06-23 22:46:12 - [TEST_STEP][PASSED] - break: null

2022-06-23 22:46:12 - [TEST_STEP][PASSED] - takeScreenshot(): Taking screenshot successfully

2022-06-23 22:46:13 - [MESSAGE][PASSED] - Taking screenshot successfully
[[ATTACHMENT|D:\\Projet Test Auto\\Mediabox Test Automation\\Reports\\20220623_184212\\03. Parallel Testing (Testing)\\TS -PT PART 3\\14.03 Dreyers Support Action (Ongoing _ Completed ref) - PART 3\\20220623_184230\\1656017172781.png]]

2022-06-23 22:46:13 - [TEST_STEP][PASSED] - delay(1): Delayed 1 second(s)

2022-06-23 22:46:14 - [MESSAGE][PASSED] - Delayed 1 second(s)

2022-06-23 22:46:14 - [TEST_STEP][PASSED] - click(findTestObject("1. Constant/xpath", ["xpath":"//*[@id="confirmSupportActionShortcut"]"])): Object: 'Object Repository/1. Constant/xpath' is clicked on

2022-06-23 22:46:21 - [MESSAGE][PASSED] - Object: 'Object Repository/1. Constant/xpath' is clicked on

2022-06-23 22:46:21 - [TEST_STEP][PASSED] - click(findTestObject("1. Constant/xpath", ["xpath":"//*[@id="kt_content"]/div[3]/div/ul/li[3]/a"])): Object: 'Object Repository/1. Constant/xpath' is clicked on

2022-06-23 22:46:24 - [MESSAGE][PASSED] - Object: 'Object Repository/1. Constant/xpath' is clicked on

2022-06-23 22:46:24 - [TEST_STEP][PASSED] - takeScreenshot(): Taking screenshot successfully

2022-06-23 22:46:24 - [MESSAGE][PASSED] - Taking screenshot successfully
[[ATTACHMENT|D:\\Projet Test Auto\\Mediabox Test Automation\\Reports\\20220623_184212\\03. Parallel Testing (Testing)\\TS -PT PART 3\\14.03 Dreyers Support Action (Ongoing _ Completed ref) - PART 3\\20220623_184230\\1656017184571.png]]

2022-06-23 22:46:24 - [TEST_STEP][PASSED] - StepA_1 = getAttribute(findTestObject("1. Constant/xpath", ["xpath":"/html/body/div[1]/div[2]/div[8]/div[3]/div/div[3]/div[3]/div/ul/li[1]/a"]), "class"): Attribute 'class' of object 'Object Repository/1. Constant/xpath' is: 'nav-link timeline-badge badge-xl  bg-pending active'

2022-06-23 22:46:25 - [MESSAGE][PASSED] - Attribute 'class' of object 'Object Repository/1. Constant/xpath' is: 'nav-link timeline-badge badge-xl  bg-pending active'

2022-06-23 22:46:25 - [TEST_STEP][PASSED] - verifyMatch(StepA_1, "nav-link timeline-badge badge-xl  bg-pending active", false): Actual text 'nav-link timeline-badge badge-xl  bg-pending active' and expected text 'nav-link timeline-badge badge-xl  bg-pending active' are matched 

2022-06-23 22:46:25 - [MESSAGE][PASSED] - Actual text 'nav-link timeline-badge badge-xl  bg-pending active' and expected text 'nav-link timeline-badge badge-xl  bg-pending active' are matched 

2022-06-23 22:46:25 - [TEST_STEP][PASSED] - StepA_11 = I.Get_Stepname("/html/body/div[1]/div[2]/div[8]/div[3]/div/div[3]/div[3]/div/ul/li[1]/a"): Attribute 'href' of object 'Object Repository/1. Constant/xpath' is: 'http://mdb-release.diadeis.lan/MediaboxIndependence/Base/ExecAction?action=VoirRef&IDSession=MBI!RELTESTAUTO_DREYERS!OY116BOD9432FQV3HA7CWT4V8732CUPVPPRW99CS&num=11T64RX180&id_ref=5328#tab_lifecycle_SASStepA_12353'

2022-06-23 22:46:30 - [MESSAGE][PASSED] - Delayed 5 second(s)

2022-06-23 22:46:31 - [MESSAGE][PASSED] - Attribute 'href' of object 'Object Repository/1. Constant/xpath' is: 'http://mdb-release.diadeis.lan/MediaboxIndependence/Base/ExecAction?action=VoirRef&IDSession=MBI!RELTESTAUTO_DREYERS!OY116BOD9432FQV3HA7CWT4V8732CUPVPPRW99CS&num=11T64RX180&id_ref=5328#tab_lifecycle_SASStepA_12353'

2022-06-23 22:46:31 - [TEST_STEP][PASSED] - verifyMatch(StepA_11, "SASStepA", false): Actual text 'SASStepA' and expected text 'SASStepA' are matched 

2022-06-23 22:46:31 - [MESSAGE][PASSED] - Actual text 'SASStepA' and expected text 'SASStepA' are matched 

2022-06-23 22:46:31 - [TEST_STEP][PASSED] - Name_StepAP1_2 = getText(findTestObject("1. Constant/xpath", ["xpath":"/html/body/div[1]/div[2]/div[8]/div[3]/div/div[3]/div[3]/div/div/div[1]/div/div[3]/div/div[1]/div[1]/h3"])): Text of object 'Object Repository/1. Constant/xpath' is: 'Phase 1.1 [Standard]'

2022-06-23 22:46:31 - [MESSAGE][PASSED] - Text of object 'Object Repository/1. Constant/xpath' is: 'Phase 1.1 [Standard]'

2022-06-23 22:46:31 - [TEST_STEP][PASSED] - verifyMatch(Name_StepAP1_2, "Phase 1.1 [Standard]", false): Actual text 'Phase 1.1 [Standard]' and expected text 'Phase 1.1 [Standard]' are matched 

2022-06-23 22:46:31 - [MESSAGE][PASSED] - Actual text 'Phase 1.1 [Standard]' and expected text 'Phase 1.1 [Standard]' are matched 

2022-06-23 22:46:31 - [TEST_STEP][PASSED] - added_StepAP11_2 = getText(findTestObject("1. Constant/xpath", ["xpath":"/html/body/div[1]/div[2]/div[8]/div[3]/div/div[3]/div[3]/div/div/div[1]/div/div[3]/div/div[2]/h6"])): Text of object 'Object Repository/1. Constant/xpath' is: 'Added manually 06/23/22 01:46 PM By Brian Lemco'

2022-06-23 22:46:33 - [MESSAGE][PASSED] - Text of object 'Object Repository/1. Constant/xpath' is: 'Added manually 06/23/22 01:46 PM By Brian Lemco'

2022-06-23 22:46:33 - [TEST_STEP][PASSED] - if (added_StepAP11_2.contains("Added manually")): Actual object '1' and expected object '1' are equal

2022-06-23 22:46:33 - [TEST_STEP][PASSED] - verifyEqual(1, 1): Actual object '1' and expected object '1' are equal

2022-06-23 22:46:33 - [MESSAGE][PASSED] - Actual object '1' and expected object '1' are equal

2022-06-23 22:46:33 - [TEST_STEP][PASSED] - added_StepAP1_2 = getText(findTestObject("1. Constant/xpath", ["xpath":"/html/body/div[1]/div[2]/div[8]/div[3]/div/div[3]/div[3]/div/div/div[1]/div/div[3]/div/div[2]/div[1]"])): Text of object 'Object Repository/1. Constant/xpath' is: 'Started 06/23/22 01:46 PM'

2022-06-23 22:46:34 - [MESSAGE][PASSED] - Text of object 'Object Repository/1. Constant/xpath' is: 'Started 06/23/22 01:46 PM'

2022-06-23 22:46:34 - [TEST_STEP][PASSED] - if (added_StepAP1_2.contains("Started")): Actual object '1' and expected object '1' are equal

2022-06-23 22:46:34 - [TEST_STEP][PASSED] - verifyEqual(1, 1): Actual object '1' and expected object '1' are equal

2022-06-23 22:46:34 - [MESSAGE][PASSED] - Actual object '1' and expected object '1' are equal

2022-06-23 22:46:34 - [TEST_STEP][PASSED] - Name_StepAP2_2 = getText(findTestObject("1. Constant/xpath", ["xpath":"/html/body/div[1]/div[2]/div[8]/div[3]/div/div[3]/div[3]/div/div/div[1]/div/div[4]/div/div[1]/div[1]/h3"])): Text of object 'Object Repository/1. Constant/xpath' is: 'Phase 1.2 [Standard Phase]'

2022-06-23 22:46:35 - [MESSAGE][PASSED] - Text of object 'Object Repository/1. Constant/xpath' is: 'Phase 1.2 [Standard Phase]'

2022-06-23 22:46:35 - [TEST_STEP][PASSED] - verifyMatch(Name_StepAP2_2, "Phase 1.2 [Standard Phase]", false): Actual text 'Phase 1.2 [Standard Phase]' and expected text 'Phase 1.2 [Standard Phase]' are matched 

2022-06-23 22:46:35 - [MESSAGE][PASSED] - Actual text 'Phase 1.2 [Standard Phase]' and expected text 'Phase 1.2 [Standard Phase]' are matched 

2022-06-23 22:46:35 - [TEST_STEP][PASSED] - StepB_3 = getAttribute(findTestObject("1. Constant/xpath", ["xpath":"/html/body/div[1]/div[2]/div[8]/div[3]/div/div[3]/div[3]/div/ul/li[2]/a"]), "class"): Attribute 'class' of object 'Object Repository/1. Constant/xpath' is: 'nav-link timeline-badge badge-xl  bg-waiting '

2022-06-23 22:46:36 - [MESSAGE][PASSED] - Attribute 'class' of object 'Object Repository/1. Constant/xpath' is: 'nav-link timeline-badge badge-xl  bg-waiting '

2022-06-23 22:46:36 - [TEST_STEP][PASSED] - verifyMatch(StepB_3, "nav-link timeline-badge badge-xl  bg-waiting ", false): Actual text 'nav-link timeline-badge badge-xl  bg-waiting ' and expected text 'nav-link timeline-badge badge-xl  bg-waiting ' are matched 

2022-06-23 22:46:36 - [MESSAGE][PASSED] - Actual text 'nav-link timeline-badge badge-xl  bg-waiting ' and expected text 'nav-link timeline-badge badge-xl  bg-waiting ' are matched 

2022-06-23 22:46:36 - [TEST_STEP][PASSED] - StepB_33 = I.Get_Stepname("/html/body/div[1]/div[2]/div[8]/div[3]/div/div[3]/div[3]/div/ul/li[2]/a"): Attribute 'href' of object 'Object Repository/1. Constant/xpath' is: 'http://mdb-release.diadeis.lan/MediaboxIndependence/Base/ExecAction?action=VoirRef&IDSession=MBI!RELTESTAUTO_DREYERS!OY116BOD9432FQV3HA7CWT4V8732CUPVPPRW99CS&num=11T64RX180&id_ref=5328#tab_lifecycle_SASStepB_12354'

2022-06-23 22:46:41 - [MESSAGE][PASSED] - Delayed 5 second(s)

2022-06-23 22:46:42 - [MESSAGE][PASSED] - Attribute 'href' of object 'Object Repository/1. Constant/xpath' is: 'http://mdb-release.diadeis.lan/MediaboxIndependence/Base/ExecAction?action=VoirRef&IDSession=MBI!RELTESTAUTO_DREYERS!OY116BOD9432FQV3HA7CWT4V8732CUPVPPRW99CS&num=11T64RX180&id_ref=5328#tab_lifecycle_SASStepB_12354'

2022-06-23 22:46:42 - [TEST_STEP][PASSED] - verifyMatch(StepB_33, "SASStepB", false): Actual text 'SASStepB' and expected text 'SASStepB' are matched 

2022-06-23 22:46:42 - [MESSAGE][PASSED] - Actual text 'SASStepB' and expected text 'SASStepB' are matched 

2022-06-23 22:46:42 - [TEST_STEP][PASSED] - click(findTestObject("1. Constant/xpath", ["xpath":"/html/body/div[1]/div[2]/div[8]/div[2]/div/nav/ol/li[2]/a"])): Object: 'Object Repository/1. Constant/xpath' is clicked on

2022-06-23 22:46:44 - [MESSAGE][PASSED] - Object: 'Object Repository/1. Constant/xpath' is clicked on

2022-06-23 22:46:44 - [TEST_STEP][PASSED] - I.SearchRefNo_xpath("P17_Auto", "//*[@id="fiche_filter_keywords11"]", "//*[@id="form_filters"]/div[3]/button"): Delayed 5 second(s)

2022-06-23 22:46:45 - [MESSAGE][PASSED] - Delayed 1 second(s)

2022-06-23 22:46:47 - [MESSAGE][PASSED] - Text 'P17_Auto' is set on object 'Object Repository/1. Constant/xpath'

2022-06-23 22:46:50 - [MESSAGE][PASSED] - Delayed 3 second(s)

2022-06-23 22:46:52 - [MESSAGE][PASSED] - Scroll to object 'Object Repository/1. Constant/xpath' successfully

2022-06-23 22:46:56 - [MESSAGE][PASSED] - Object: 'Object Repository/1. Constant/xpath' is clicked on

2022-06-23 22:47:01 - [MESSAGE][PASSED] - Delayed 5 second(s)

2022-06-23 22:47:01 - [TEST_STEP][PASSED] - takeScreenshot(): Taking screenshot successfully

2022-06-23 22:47:01 - [MESSAGE][PASSED] - Taking screenshot successfully
[[ATTACHMENT|D:\\Projet Test Auto\\Mediabox Test Automation\\Reports\\20220623_184212\\03. Parallel Testing (Testing)\\TS -PT PART 3\\14.03 Dreyers Support Action (Ongoing _ Completed ref) - PART 3\\20220623_184230\\1656017221307.png]]

2022-06-23 22:47:01 - [TEST_STEP][PASSED] - click(findTestObject("1. Constant/xpath", ["xpath":"//*[@id="source_" + refID17 + ""]/td[13]/a[3]"])): Object: 'Object Repository/1. Constant/xpath' is clicked on

2022-06-23 22:47:03 - [MESSAGE][PASSED] - Object: 'Object Repository/1. Constant/xpath' is clicked on

2022-06-23 22:47:03 - [TEST_STEP][PASSED] - click(findTestObject("1. Constant/xpath", ["xpath":"//*[@id="ModifFiche"]/div[1]/div/button[2]"])): Object: 'Object Repository/1. Constant/xpath' is clicked on

2022-06-23 22:47:08 - [MESSAGE][PASSED] - Object: 'Object Repository/1. Constant/xpath' is clicked on

2022-06-23 22:47:08 - [TEST_STEP][PASSED] - I.Logout(): Delayed 3 second(s)

2022-06-23 22:47:11 - [MESSAGE][PASSED] - Delayed 3 second(s)

2022-06-23 22:47:12 - [MESSAGE][PASSED] - Object: 'Object Repository/1. Constant/xpath' is clicked on

2022-06-23 22:47:15 - [MESSAGE][PASSED] - Delayed 3 second(s)

2022-06-23 22:47:17 - [MESSAGE][PASSED] - Object: 'Object Repository/1. Constant/xpath' is clicked on

2022-06-23 22:47:20 - [MESSAGE][PASSED] - Delayed 3 second(s)

2022-06-23 22:47:20 - [TEST_STEP][PASSED] - I.Login_password("nturner", password_nturner): Object: 'Object Repository/1. Constant/xpath' is clicked on

2022-06-23 22:47:23 - [MESSAGE][PASSED] - Text 'nturner' is set on object 'Object Repository/1. Constant/xpath'

2022-06-23 22:47:24 - [MESSAGE][PASSED] - Delayed 1 second(s)

2022-06-23 22:47:25 - [MESSAGE][PASSED] - Text 'diadeis1' is set on object 'Object Repository/1. Constant/xpath'

2022-06-23 22:47:26 - [MESSAGE][PASSED] - Delayed 1 second(s)

2022-06-23 22:47:31 - [MESSAGE][PASSED] - Object: 'Object Repository/1. Constant/xpath' is clicked on

2022-06-23 22:47:31 - [TEST_STEP][PASSED] - click(findTestObject("1. Constant/02_LHSMenu_Projects")): Object: 'Object Repository/1. Constant/02_LHSMenu_Projects' is clicked on

2022-06-23 22:47:34 - [MESSAGE][PASSED] - Object: 'Object Repository/1. Constant/02_LHSMenu_Projects' is clicked on

2022-06-23 22:47:34 - [TEST_STEP][PASSED] - I.SearchProjectNo_xpath(Project_No, "//*[@id="keynum_project"]", "//*[@id="form_filters"]/div[4]/button"): Delayed 5 second(s)

2022-06-23 22:47:35 - [MESSAGE][PASSED] - Delayed 1 second(s)

2022-06-23 22:47:39 - [MESSAGE][PASSED] - Text 'MI000883' is set on object 'Object Repository/1. Constant/xpath'

2022-06-23 22:47:42 - [MESSAGE][PASSED] - Delayed 3 second(s)

2022-06-23 22:47:42 - [MESSAGE][PASSED] - Scroll to object 'Object Repository/1. Constant/xpath' successfully

2022-06-23 22:47:46 - [MESSAGE][PASSED] - Object: 'Object Repository/1. Constant/xpath' is clicked on

2022-06-23 22:47:51 - [MESSAGE][PASSED] - Delayed 5 second(s)

2022-06-23 22:47:51 - [TEST_STEP][PASSED] - I.SearchRefNo_xpath("P17_Auto", "//*[@id="fiche_filter_keywords11"]", "//*[@id="form_filters"]/div[3]/button"): Delayed 5 second(s)

2022-06-23 22:47:52 - [MESSAGE][PASSED] - Delayed 1 second(s)

2022-06-23 22:47:54 - [MESSAGE][PASSED] - Text 'P17_Auto' is set on object 'Object Repository/1. Constant/xpath'

2022-06-23 22:47:57 - [MESSAGE][PASSED] - Delayed 3 second(s)

2022-06-23 22:47:58 - [MESSAGE][PASSED] - Scroll to object 'Object Repository/1. Constant/xpath' successfully

2022-06-23 22:48:00 - [MESSAGE][PASSED] - Object: 'Object Repository/1. Constant/xpath' is clicked on

2022-06-23 22:48:05 - [MESSAGE][PASSED] - Delayed 5 second(s)

2022-06-23 22:48:05 - [TEST_STEP][PASSED] - takeScreenshot(): Taking screenshot successfully

2022-06-23 22:48:06 - [MESSAGE][PASSED] - Taking screenshot successfully
[[ATTACHMENT|D:\\Projet Test Auto\\Mediabox Test Automation\\Reports\\20220623_184212\\03. Parallel Testing (Testing)\\TS -PT PART 3\\14.03 Dreyers Support Action (Ongoing _ Completed ref) - PART 3\\20220623_184230\\1656017286032.png]]

2022-06-23 22:48:06 - [TEST_STEP][PASSED] - Lifecycle_Status3 = getText(findTestObject("1. Constant/xpath", ["xpath":"//*[@id="source_" + refID17 + ""]/td[12]/span[1]"])): Text of object 'Object Repository/1. Constant/xpath' is: 'Phase 1.2 [Standard Phase]'

2022-06-23 22:48:07 - [MESSAGE][PASSED] - Text of object 'Object Repository/1. Constant/xpath' is: 'Phase 1.2 [Standard Phase]'

2022-06-23 22:48:07 - [TEST_STEP][PASSED] - verifyMatch(Lifecycle_Status3, "Phase 1.2 [Standard Phase]", false): Actual text 'Phase 1.2 [Standard Phase]' and expected text 'Phase 1.2 [Standard Phase]' are matched 

2022-06-23 22:48:07 - [MESSAGE][PASSED] - Actual text 'Phase 1.2 [Standard Phase]' and expected text 'Phase 1.2 [Standard Phase]' are matched 

2022-06-23 22:48:07 - [TEST_STEP][PASSED] - click(findTestObject("1. Constant/xpath", ["xpath":"//*[@id="source_" + refID17 + ""]/td[13]/a[2]"])): Object: 'Object Repository/1. Constant/xpath' is clicked on

2022-06-23 22:48:11 - [MESSAGE][PASSED] - Object: 'Object Repository/1. Constant/xpath' is clicked on

2022-06-23 22:48:11 - [TEST_STEP][PASSED] - click(findTestObject("1. Constant/xpath", ["xpath":"//*[@id="ModifFiche"]/div[1]/div/button[2]"])): Object: 'Object Repository/1. Constant/xpath' is clicked on

2022-06-23 22:48:15 - [MESSAGE][PASSED] - Object: 'Object Repository/1. Constant/xpath' is clicked on

2022-06-23 22:48:15 - [TEST_STEP][PASSED] - Lifecycle_Status4 = getText(findTestObject("1. Constant/xpath", ["xpath":"//*[@id="source_" + refID17 + ""]/td[12]/span[1]"])): Text of object 'Object Repository/1. Constant/xpath' is: 'Phase 2.1 [Production]'

2022-06-23 22:48:15 - [MESSAGE][PASSED] - Text of object 'Object Repository/1. Constant/xpath' is: 'Phase 2.1 [Production]'

2022-06-23 22:48:15 - [TEST_STEP][PASSED] - verifyMatch(Lifecycle_Status4, "Phase 2.1 [Production]", false): Actual text 'Phase 2.1 [Production]' and expected text 'Phase 2.1 [Production]' are matched 

2022-06-23 22:48:15 - [MESSAGE][PASSED] - Actual text 'Phase 2.1 [Production]' and expected text 'Phase 2.1 [Production]' are matched 

2022-06-23 22:48:15 - [TEST_STEP][PASSED] - I.Logout(): Delayed 3 second(s)

2022-06-23 22:48:18 - [MESSAGE][PASSED] - Delayed 3 second(s)

2022-06-23 22:48:20 - [MESSAGE][PASSED] - Object: 'Object Repository/1. Constant/xpath' is clicked on

2022-06-23 22:48:23 - [MESSAGE][PASSED] - Delayed 3 second(s)

2022-06-23 22:48:27 - [MESSAGE][PASSED] - Object: 'Object Repository/1. Constant/xpath' is clicked on

2022-06-23 22:48:30 - [MESSAGE][PASSED] - Delayed 3 second(s)

2022-06-23 22:48:30 - [TEST_STEP][PASSED] - I.Login_password("suser", password_suser): Object: 'Object Repository/1. Constant/xpath' is clicked on

2022-06-23 22:48:31 - [MESSAGE][PASSED] - Text 'suser' is set on object 'Object Repository/1. Constant/xpath'

2022-06-23 22:48:32 - [MESSAGE][PASSED] - Delayed 1 second(s)

2022-06-23 22:48:35 - [MESSAGE][PASSED] - Text 'diadeis' is set on object 'Object Repository/1. Constant/xpath'

2022-06-23 22:48:36 - [MESSAGE][PASSED] - Delayed 1 second(s)

2022-06-23 22:48:41 - [MESSAGE][PASSED] - Object: 'Object Repository/1. Constant/xpath' is clicked on

2022-06-23 22:48:41 - [TEST_STEP][PASSED] - click(findTestObject("1. Constant/02_LHSMenu_Projects")): Object: 'Object Repository/1. Constant/02_LHSMenu_Projects' is clicked on

2022-06-23 22:48:44 - [MESSAGE][PASSED] - Object: 'Object Repository/1. Constant/02_LHSMenu_Projects' is clicked on

2022-06-23 22:48:44 - [TEST_STEP][PASSED] - I.SearchProjectNo_xpath(Project_No, "//*[@id="keynum_project"]", "//*[@id="form_filters"]/div[4]/button"): Delayed 5 second(s)

2022-06-23 22:48:45 - [MESSAGE][PASSED] - Delayed 1 second(s)

2022-06-23 22:48:47 - [MESSAGE][PASSED] - Text 'MI000883' is set on object 'Object Repository/1. Constant/xpath'

2022-06-23 22:48:50 - [MESSAGE][PASSED] - Delayed 3 second(s)

2022-06-23 22:48:50 - [MESSAGE][PASSED] - Scroll to object 'Object Repository/1. Constant/xpath' successfully

2022-06-23 22:48:54 - [MESSAGE][PASSED] - Object: 'Object Repository/1. Constant/xpath' is clicked on

2022-06-23 22:48:59 - [MESSAGE][PASSED] - Delayed 5 second(s)

2022-06-23 22:48:59 - [TEST_STEP][PASSED] - I.SearchRefNo_xpath("P17_Auto", "//*[@id="fiche_filter_keywords11"]", "//*[@id="form_filters"]/div[3]/button"): Delayed 5 second(s)

2022-06-23 22:49:00 - [MESSAGE][PASSED] - Delayed 1 second(s)

2022-06-23 22:49:03 - [MESSAGE][PASSED] - Text 'P17_Auto' is set on object 'Object Repository/1. Constant/xpath'

2022-06-23 22:49:06 - [MESSAGE][PASSED] - Delayed 3 second(s)

2022-06-23 22:49:06 - [MESSAGE][PASSED] - Scroll to object 'Object Repository/1. Constant/xpath' successfully

2022-06-23 22:49:10 - [MESSAGE][PASSED] - Object: 'Object Repository/1. Constant/xpath' is clicked on

2022-06-23 22:49:15 - [MESSAGE][PASSED] - Delayed 5 second(s)

2022-06-23 22:49:15 - [TEST_STEP][PASSED] - color1 = getCSSValue(findTestObject("1. Constant/xpath", ["xpath":"//*[@id="source_" + refID17 + ""]/td[14]/a[2]"]), "color", OPTIONAL): Get CSS 'color' value on 'Object Repository/1. Constant/xpath' successfully: 'rgba(255, 255, 255, 1)'.

2022-06-23 22:49:16 - [MESSAGE][PASSED] - Get CSS 'color' value on 'Object Repository/1. Constant/xpath' successfully: 'rgba(255, 255, 255, 1)'.

2022-06-23 22:49:16 - [TEST_STEP][PASSED] - while (color1 == "rgba(255, 255, 255, 1)"): Get CSS 'color' value on 'Object Repository/1. Constant/xpath' successfully: 'rgba(54, 153, 255, 1)'.

2022-06-23 22:49:16 - [TEST_STEP][PASSED] - click(findTestObject("1. Constant/xpath", ["xpath":"//*[@id="source_" + refID17 + ""]/td[14]/a[2]"])): Object: 'Object Repository/1. Constant/xpath' is clicked on

2022-06-23 22:49:18 - [MESSAGE][PASSED] - Object: 'Object Repository/1. Constant/xpath' is clicked on

2022-06-23 22:49:18 - [TEST_STEP][PASSED] - I.UploadDoc_sendkey_Prod(findTestObject("1. Constant/xpath", ["xpath":"//*[@id="kt_body"]/input[2]"]), "D:\Upoad_File\Upload doc\testdata1.pdf", "testdata1"): Delayed 5 second(s)

2022-06-23 22:49:19 - [MESSAGE][PASSED] - Scroll to object 'Object Repository/1. Constant/xpath' successfully

2022-06-23 22:49:24 - [MESSAGE][PASSED] - Delayed 5 second(s)

2022-06-23 22:49:26 - [MESSAGE][PASSED] - File 'D:\Upoad_File\Upload doc\testdata1.pdf' sent to object: 'Object Repository/1. Constant/xpath'

2022-06-23 22:49:31 - [MESSAGE][PASSED] - Delayed 5 second(s)

2022-06-23 22:49:33 - [MESSAGE][PASSED] - Text 'testdata1' is present on page 

2022-06-23 22:49:38 - [MESSAGE][PASSED] - Delayed 5 second(s)

2022-06-23 22:49:43 - [MESSAGE][PASSED] - Delayed 5 second(s)

2022-06-23 22:49:43 - [TEST_STEP][PASSED] - takeScreenshot(): Taking screenshot successfully

2022-06-23 22:49:44 - [MESSAGE][PASSED] - Taking screenshot successfully
[[ATTACHMENT|D:\\Projet Test Auto\\Mediabox Test Automation\\Reports\\20220623_184212\\03. Parallel Testing (Testing)\\TS -PT PART 3\\14.03 Dreyers Support Action (Ongoing _ Completed ref) - PART 3\\20220623_184230\\1656017383679.png]]

2022-06-23 22:49:44 - [TEST_STEP][PASSED] - delay(8): Delayed 8 second(s)

2022-06-23 22:49:52 - [MESSAGE][PASSED] - Delayed 8 second(s)

2022-06-23 22:49:52 - [TEST_STEP][PASSED] - click(findTestObject("HL Full Lifecycle/12 ReferncePage_Button_Updatensenddoc")): Object: 'Object Repository/HL Full Lifecycle/12 ReferncePage_Button_Updatensenddoc' is clicked on

2022-06-23 22:49:58 - [MESSAGE][PASSED] - Object: 'Object Repository/HL Full Lifecycle/12 ReferncePage_Button_Updatensenddoc' is clicked on

2022-06-23 22:49:58 - [TEST_STEP][PASSED] - delay(4): Delayed 4 second(s)

2022-06-23 22:50:02 - [MESSAGE][PASSED] - Delayed 4 second(s)

2022-06-23 22:50:02 - [TEST_STEP][PASSED] - color1 = getCSSValue(findTestObject("1. Constant/xpath", ["xpath":"//*[@id="source_" + refID17 + ""]/td[14]/a[2]"]), "color", OPTIONAL): Get CSS 'color' value on 'Object Repository/1. Constant/xpath' successfully: 'rgba(54, 153, 255, 1)'.

2022-06-23 22:50:02 - [MESSAGE][PASSED] - Get CSS 'color' value on 'Object Repository/1. Constant/xpath' successfully: 'rgba(54, 153, 255, 1)'.

2022-06-23 22:50:02 - [TEST_STEP][PASSED] - takeScreenshot(): Taking screenshot successfully

2022-06-23 22:50:03 - [MESSAGE][PASSED] - Taking screenshot successfully
[[ATTACHMENT|D:\\Projet Test Auto\\Mediabox Test Automation\\Reports\\20220623_184212\\03. Parallel Testing (Testing)\\TS -PT PART 3\\14.03 Dreyers Support Action (Ongoing _ Completed ref) - PART 3\\20220623_184230\\1656017402920.png]]

2022-06-23 22:50:03 - [TEST_STEP][PASSED] - click(findTestObject("1. Constant/xpath", ["xpath":"//*[@id="source_" + refID17 + ""]/td[6]/a"])): Object: 'Object Repository/1. Constant/xpath' is clicked on

2022-06-23 22:50:06 - [MESSAGE][PASSED] - Object: 'Object Repository/1. Constant/xpath' is clicked on

2022-06-23 22:50:06 - [TEST_STEP][PASSED] - takeScreenshot(): Taking screenshot successfully

2022-06-23 22:50:08 - [MESSAGE][PASSED] - Taking screenshot successfully
[[ATTACHMENT|D:\\Projet Test Auto\\Mediabox Test Automation\\Reports\\20220623_184212\\03. Parallel Testing (Testing)\\TS -PT PART 3\\14.03 Dreyers Support Action (Ongoing _ Completed ref) - PART 3\\20220623_184230\\1656017407164.png]]

2022-06-23 22:50:08 - [TEST_STEP][PASSED] - delay(1): Delayed 1 second(s)

2022-06-23 22:50:09 - [MESSAGE][PASSED] - Delayed 1 second(s)

2022-06-23 22:50:09 - [TEST_STEP][PASSED] - I.Approveforothers("/html/body/div[1]/div[2]/div[8]/div[3]/div/div[3]/div[2]/div/div[3]/div/div[2]/div[1]/div/div[2]/div/div[2]/div[2]/div/div/div[1]/img", "/html/body/div[1]/div[2]/div[8]/div[3]/div/div[3]/div[2]/div/div[3]/div/div[2]/div[1]/div/div[2]/div/div[2]/div[2]/div/div/div[6]/a[2]/span"): Object: 'Object Repository/1. Constant/xpath' is clicked on

2022-06-23 22:50:10 - [MESSAGE][PASSED] - Object: 'Object Repository/1. Constant/xpath' is clicked on

2022-06-23 22:50:11 - [MESSAGE][PASSED] - Delayed 1 second(s)

2022-06-23 22:50:12 - [MESSAGE][PASSED] - Object: 'Object Repository/1. Constant/xpath' is clicked on

2022-06-23 22:50:13 - [MESSAGE][PASSED] - Delayed 1 second(s)

2022-06-23 22:50:14 - [MESSAGE][PASSED] - Object: 'Object Repository/1. Constant/xpath' is hovered

2022-06-23 22:50:15 - [MESSAGE][PASSED] - Object: 'Object Repository/1. Constant/xpath' is clicked on

2022-06-23 22:50:16 - [MESSAGE][PASSED] - Delayed 1 second(s)

2022-06-23 22:50:21 - [MESSAGE][PASSED] - Object: 'Object Repository/1. Constant/xpath' is clicked on

2022-06-23 22:50:21 - [TEST_STEP][PASSED] - delay(1): Delayed 1 second(s)

2022-06-23 22:50:22 - [MESSAGE][PASSED] - Delayed 1 second(s)

2022-06-23 22:50:22 - [TEST_STEP][PASSED] - click(findTestObject("1. Constant/xpath", ["xpath":"//*[@id="kt_subheader"]/div/nav/ol/li[2]/a"])): Object: 'Object Repository/1. Constant/xpath' is clicked on

2022-06-23 22:50:26 - [MESSAGE][PASSED] - Object: 'Object Repository/1. Constant/xpath' is clicked on

2022-06-23 22:50:26 - [TEST_STEP][PASSED] - delay(1): Delayed 1 second(s)

2022-06-23 22:50:27 - [MESSAGE][PASSED] - Delayed 1 second(s)

2022-06-23 22:50:27 - [TEST_STEP][PASSED] - I.submitquesiton_ref(findTestObject("1. Constant/xpath", ["xpath":"//*[@id="source_" + refID17 + ""]/td[14]/div[1]/button"]), findTestObject("1. Constant/xpath", ["xpath":"//*[@id="source_" + refID17 + ""]/td[14]/div[1]/div/a[1]"])): Object: 'Object Repository/1. Constant/xpath' is clicked on

2022-06-23 22:50:28 - [MESSAGE][PASSED] - Object: 'Object Repository/1. Constant/xpath' is clicked on

2022-06-23 22:50:31 - [MESSAGE][PASSED] - Delayed 3 second(s)

2022-06-23 22:50:34 - [MESSAGE][PASSED] - Object: 'Object Repository/1. Constant/xpath' is clicked on

2022-06-23 22:50:34 - [TEST_STEP][PASSED] - click(findTestObject("1. Constant/xpath", ["xpath":"//*[@id="ModifFiche"]/div[1]/div/button[2]"])): Object: 'Object Repository/1. Constant/xpath' is clicked on

2022-06-23 22:50:41 - [MESSAGE][PASSED] - Object: 'Object Repository/1. Constant/xpath' is clicked on

2022-06-23 22:50:41 - [TEST_STEP][PASSED] - takeScreenshot(): Taking screenshot successfully

2022-06-23 22:50:43 - [MESSAGE][PASSED] - Taking screenshot successfully
[[ATTACHMENT|D:\\Projet Test Auto\\Mediabox Test Automation\\Reports\\20220623_184212\\03. Parallel Testing (Testing)\\TS -PT PART 3\\14.03 Dreyers Support Action (Ongoing _ Completed ref) - PART 3\\20220623_184230\\1656017442350.png]]

2022-06-23 22:50:43 - [TEST_STEP][PASSED] - I.submitquesiton_ref(findTestObject("1. Constant/xpath", ["xpath":"//*[@id="source_" + refID17 + ""]/td[14]/div[1]/button"]), findTestObject("1. Constant/xpath", ["xpath":"//*[@id="source_" + refID17 + ""]/td[14]/div[1]/div/a[1]"])): Object: 'Object Repository/1. Constant/xpath' is clicked on

2022-06-23 22:50:45 - [MESSAGE][PASSED] - Object: 'Object Repository/1. Constant/xpath' is clicked on

2022-06-23 22:50:48 - [MESSAGE][PASSED] - Delayed 3 second(s)

2022-06-23 22:50:50 - [MESSAGE][PASSED] - Object: 'Object Repository/1. Constant/xpath' is clicked on

2022-06-23 22:50:50 - [TEST_STEP][PASSED] - click(findTestObject("1. Constant/xpath", ["xpath":"//*[@id="ModifFiche"]/div[1]/div/button[2]"])): Object: 'Object Repository/1. Constant/xpath' is clicked on

2022-06-23 22:50:56 - [MESSAGE][PASSED] - Object: 'Object Repository/1. Constant/xpath' is clicked on

2022-06-23 22:50:56 - [TEST_STEP][PASSED] - takeScreenshot(): Taking screenshot successfully

2022-06-23 22:50:57 - [MESSAGE][PASSED] - Taking screenshot successfully
[[ATTACHMENT|D:\\Projet Test Auto\\Mediabox Test Automation\\Reports\\20220623_184212\\03. Parallel Testing (Testing)\\TS -PT PART 3\\14.03 Dreyers Support Action (Ongoing _ Completed ref) - PART 3\\20220623_184230\\1656017456933.png]]

2022-06-23 22:50:57 - [TEST_STEP][PASSED] - click(findTestObject("1. Constant/xpath", ["xpath":"//*[@id="source_" + refID17 + ""]/td[14]/a[3]"])): Object: 'Object Repository/1. Constant/xpath' is clicked on

2022-06-23 22:51:00 - [MESSAGE][PASSED] - Object: 'Object Repository/1. Constant/xpath' is clicked on

2022-06-23 22:51:00 - [TEST_STEP][PASSED] - click(findTestObject("1. Constant/xpath", ["xpath":"//*[@id="ModifFiche"]/div[1]/div/button[2]"])): Object: 'Object Repository/1. Constant/xpath' is clicked on

2022-06-23 22:51:06 - [MESSAGE][PASSED] - Object: 'Object Repository/1. Constant/xpath' is clicked on

2022-06-23 22:51:06 - [TEST_STEP][PASSED] - takeScreenshot(): Taking screenshot successfully

2022-06-23 22:51:07 - [MESSAGE][PASSED] - Taking screenshot successfully
[[ATTACHMENT|D:\\Projet Test Auto\\Mediabox Test Automation\\Reports\\20220623_184212\\03. Parallel Testing (Testing)\\TS -PT PART 3\\14.03 Dreyers Support Action (Ongoing _ Completed ref) - PART 3\\20220623_184230\\1656017466924.png]]

2022-06-23 22:51:07 - [TEST_STEP][PASSED] - click(findTestObject("1. Constant/xpath", ["xpath":"//*[@id="source_" + refID17 + ""]/td[14]/a[3]"])): Object: 'Object Repository/1. Constant/xpath' is clicked on

2022-06-23 22:51:09 - [MESSAGE][PASSED] - Object: 'Object Repository/1. Constant/xpath' is clicked on

2022-06-23 22:51:09 - [TEST_STEP][PASSED] - click(findTestObject("1. Constant/xpath", ["xpath":"//*[@id="ModifFiche"]/div[1]/div/button[2]"])): Object: 'Object Repository/1. Constant/xpath' is clicked on

2022-06-23 22:51:14 - [MESSAGE][PASSED] - Object: 'Object Repository/1. Constant/xpath' is clicked on

2022-06-23 22:51:14 - [TEST_STEP][PASSED] - I.Logout(): Delayed 3 second(s)

2022-06-23 22:51:17 - [MESSAGE][PASSED] - Delayed 3 second(s)

2022-06-23 22:51:19 - [MESSAGE][PASSED] - Object: 'Object Repository/1. Constant/xpath' is clicked on

2022-06-23 22:51:22 - [MESSAGE][PASSED] - Delayed 3 second(s)

2022-06-23 22:51:25 - [MESSAGE][PASSED] - Object: 'Object Repository/1. Constant/xpath' is clicked on

2022-06-23 22:51:28 - [MESSAGE][PASSED] - Delayed 3 second(s)

2022-06-23 22:51:28 - [TEST_STEP][PASSED] - I.Login_password("lmary", password_lmary): Object: 'Object Repository/1. Constant/xpath' is clicked on

2022-06-23 22:51:29 - [MESSAGE][PASSED] - Text 'lmary' is set on object 'Object Repository/1. Constant/xpath'

2022-06-23 22:51:30 - [MESSAGE][PASSED] - Delayed 1 second(s)

2022-06-23 22:51:31 - [MESSAGE][PASSED] - Text 'diadeis' is set on object 'Object Repository/1. Constant/xpath'

2022-06-23 22:51:32 - [MESSAGE][PASSED] - Delayed 1 second(s)

2022-06-23 22:51:38 - [MESSAGE][PASSED] - Object: 'Object Repository/1. Constant/xpath' is clicked on

2022-06-23 22:51:38 - [TEST_STEP][PASSED] - click(findTestObject("1. Constant/02_LHSMenu_Projects")): Object: 'Object Repository/1. Constant/02_LHSMenu_Projects' is clicked on

2022-06-23 22:51:40 - [MESSAGE][PASSED] - Object: 'Object Repository/1. Constant/02_LHSMenu_Projects' is clicked on

2022-06-23 22:51:40 - [TEST_STEP][PASSED] - I.SearchProjectNo_xpath(Project_No, "//*[@id="keynum_project"]", "//*[@id="form_filters"]/div[4]/button"): Delayed 5 second(s)

2022-06-23 22:51:41 - [MESSAGE][PASSED] - Delayed 1 second(s)

2022-06-23 22:51:43 - [MESSAGE][PASSED] - Text 'MI000883' is set on object 'Object Repository/1. Constant/xpath'

2022-06-23 22:51:46 - [MESSAGE][PASSED] - Delayed 3 second(s)

2022-06-23 22:51:47 - [MESSAGE][PASSED] - Scroll to object 'Object Repository/1. Constant/xpath' successfully

2022-06-23 22:51:50 - [MESSAGE][PASSED] - Object: 'Object Repository/1. Constant/xpath' is clicked on

2022-06-23 22:51:55 - [MESSAGE][PASSED] - Delayed 5 second(s)

2022-06-23 22:51:55 - [TEST_STEP][PASSED] - I.SearchRefNo_xpath("P17_Auto", "//*[@id="fiche_filter_keywords11"]", "//*[@id="form_filters"]/div[3]/button"): Delayed 5 second(s)

2022-06-23 22:51:56 - [MESSAGE][PASSED] - Delayed 1 second(s)

2022-06-23 22:51:57 - [MESSAGE][PASSED] - Text 'P17_Auto' is set on object 'Object Repository/1. Constant/xpath'

2022-06-23 22:52:00 - [MESSAGE][PASSED] - Delayed 3 second(s)

2022-06-23 22:52:01 - [MESSAGE][PASSED] - Scroll to object 'Object Repository/1. Constant/xpath' successfully

2022-06-23 22:52:05 - [MESSAGE][PASSED] - Object: 'Object Repository/1. Constant/xpath' is clicked on

2022-06-23 22:52:10 - [MESSAGE][PASSED] - Delayed 5 second(s)

2022-06-23 22:52:10 - [TEST_STEP][PASSED] - takeScreenshot(): Taking screenshot successfully

2022-06-23 22:52:10 - [MESSAGE][PASSED] - Taking screenshot successfully
[[ATTACHMENT|D:\\Projet Test Auto\\Mediabox Test Automation\\Reports\\20220623_184212\\03. Parallel Testing (Testing)\\TS -PT PART 3\\14.03 Dreyers Support Action (Ongoing _ Completed ref) - PART 3\\20220623_184230\\1656017530609.png]]

2022-06-23 22:52:10 - [TEST_STEP][PASSED] - color3 = getCSSValue(findTestObject("1. Constant/xpath", ["xpath":"//*[@id="source_" + refID17 + ""]/td[13]/a"]), "color", OPTIONAL): Get CSS 'color' value on 'Object Repository/1. Constant/xpath' successfully: 'rgba(255, 255, 255, 1)'.

2022-06-23 22:52:11 - [MESSAGE][PASSED] - Get CSS 'color' value on 'Object Repository/1. Constant/xpath' successfully: 'rgba(255, 255, 255, 1)'.

2022-06-23 22:52:11 - [TEST_STEP][PASSED] - while (color3 == "rgba(255, 255, 255, 1)"): Get CSS 'color' value on 'Object Repository/1. Constant/xpath' successfully: 'rgba(54, 153, 255, 1)'.

2022-06-23 22:52:11 - [TEST_STEP][PASSED] - click(findTestObject("1. Constant/xpath", ["xpath":"//*[@id="source_" + refID17 + ""]/td[13]/a"])): Object: 'Object Repository/1. Constant/xpath' is clicked on

2022-06-23 22:52:12 - [MESSAGE][PASSED] - Object: 'Object Repository/1. Constant/xpath' is clicked on

2022-06-23 22:52:12 - [TEST_STEP][PASSED] - selectOptionByValue(findTestObject("1. Constant/xpath", ["xpath":"//*[@id="id_approval_flow_tpl"]"]), "80", false): All options with value '80' are selected in object 'Object Repository/1. Constant/xpath' 

2022-06-23 22:52:14 - [MESSAGE][PASSED] - All options with value '80' are selected in object 'Object Repository/1. Constant/xpath' 

2022-06-23 22:52:14 - [TEST_STEP][PASSED] - I.UploadDoc_sendkey_Prod(findTestObject("1. Constant/xpath", ["xpath":"//*[@id="kt_body"]/input[2]"]), "D:\Upoad_File\Upload doc\testdata1.jpg", "testdata1"): Delayed 5 second(s)

2022-06-23 22:52:14 - [MESSAGE][PASSED] - Scroll to object 'Object Repository/1. Constant/xpath' successfully

2022-06-23 22:52:19 - [MESSAGE][PASSED] - Delayed 5 second(s)

2022-06-23 22:52:20 - [MESSAGE][PASSED] - File 'D:\Upoad_File\Upload doc\testdata1.jpg' sent to object: 'Object Repository/1. Constant/xpath'

2022-06-23 22:52:25 - [MESSAGE][PASSED] - Delayed 5 second(s)

2022-06-23 22:52:27 - [MESSAGE][PASSED] - Text 'testdata1' is present on page 

2022-06-23 22:52:32 - [MESSAGE][PASSED] - Delayed 5 second(s)

2022-06-23 22:52:37 - [MESSAGE][PASSED] - Delayed 5 second(s)

2022-06-23 22:52:37 - [TEST_STEP][PASSED] - takeScreenshot(): Taking screenshot successfully

2022-06-23 22:52:38 - [MESSAGE][PASSED] - Taking screenshot successfully
[[ATTACHMENT|D:\\Projet Test Auto\\Mediabox Test Automation\\Reports\\20220623_184212\\03. Parallel Testing (Testing)\\TS -PT PART 3\\14.03 Dreyers Support Action (Ongoing _ Completed ref) - PART 3\\20220623_184230\\1656017557799.png]]

2022-06-23 22:52:38 - [TEST_STEP][PASSED] - delay(8): Delayed 8 second(s)

2022-06-23 22:52:46 - [MESSAGE][PASSED] - Delayed 8 second(s)

2022-06-23 22:52:46 - [TEST_STEP][PASSED] - click(findTestObject("HL Full Lifecycle/12 ReferncePage_Button_Updatensenddoc")): Object: 'Object Repository/HL Full Lifecycle/12 ReferncePage_Button_Updatensenddoc' is clicked on

2022-06-23 22:52:52 - [MESSAGE][PASSED] - Object: 'Object Repository/HL Full Lifecycle/12 ReferncePage_Button_Updatensenddoc' is clicked on

2022-06-23 22:52:52 - [TEST_STEP][PASSED] - delay(4): Delayed 4 second(s)

2022-06-23 22:52:56 - [MESSAGE][PASSED] - Delayed 4 second(s)

2022-06-23 22:52:56 - [TEST_STEP][PASSED] - color3 = getCSSValue(findTestObject("1. Constant/xpath", ["xpath":"//*[@id="source_" + refID17 + ""]/td[13]/a"]), "color", OPTIONAL): Get CSS 'color' value on 'Object Repository/1. Constant/xpath' successfully: 'rgba(54, 153, 255, 1)'.

2022-06-23 22:52:57 - [MESSAGE][PASSED] - Get CSS 'color' value on 'Object Repository/1. Constant/xpath' successfully: 'rgba(54, 153, 255, 1)'.

2022-06-23 22:52:57 - [TEST_STEP][PASSED] - I.Logout(): Delayed 3 second(s)

2022-06-23 22:53:00 - [MESSAGE][PASSED] - Delayed 3 second(s)

2022-06-23 22:53:01 - [MESSAGE][PASSED] - Object: 'Object Repository/1. Constant/xpath' is clicked on

2022-06-23 22:53:04 - [MESSAGE][PASSED] - Delayed 3 second(s)

2022-06-23 22:53:09 - [MESSAGE][PASSED] - Object: 'Object Repository/1. Constant/xpath' is clicked on

2022-06-23 22:53:12 - [MESSAGE][PASSED] - Delayed 3 second(s)

2022-06-23 22:53:12 - [TEST_STEP][PASSED] - I.Login_password("blemco", password_blemco): Object: 'Object Repository/1. Constant/xpath' is clicked on

2022-06-23 22:53:13 - [MESSAGE][PASSED] - Text 'blemco' is set on object 'Object Repository/1. Constant/xpath'

2022-06-23 22:53:14 - [MESSAGE][PASSED] - Delayed 1 second(s)

2022-06-23 22:53:15 - [MESSAGE][PASSED] - Text 'diadeis1' is set on object 'Object Repository/1. Constant/xpath'

2022-06-23 22:53:16 - [MESSAGE][PASSED] - Delayed 1 second(s)

2022-06-23 22:53:20 - [MESSAGE][PASSED] - Object: 'Object Repository/1. Constant/xpath' is clicked on

2022-06-23 22:53:20 - [TEST_STEP][PASSED] - click(findTestObject("1. Constant/02_LHSMenu_Projects")): Object: 'Object Repository/1. Constant/02_LHSMenu_Projects' is clicked on

2022-06-23 22:53:24 - [MESSAGE][PASSED] - Object: 'Object Repository/1. Constant/02_LHSMenu_Projects' is clicked on

2022-06-23 22:53:24 - [TEST_STEP][PASSED] - I.SearchProjectNo_xpath(Project_No, "//*[@id="keynum_project"]", "//*[@id="form_filters"]/div[4]/button"): Delayed 5 second(s)

2022-06-23 22:53:25 - [MESSAGE][PASSED] - Delayed 1 second(s)

2022-06-23 22:53:27 - [MESSAGE][PASSED] - Text 'MI000883' is set on object 'Object Repository/1. Constant/xpath'

2022-06-23 22:53:30 - [MESSAGE][PASSED] - Delayed 3 second(s)

2022-06-23 22:53:31 - [MESSAGE][PASSED] - Scroll to object 'Object Repository/1. Constant/xpath' successfully

2022-06-23 22:53:35 - [MESSAGE][PASSED] - Object: 'Object Repository/1. Constant/xpath' is clicked on

2022-06-23 22:53:40 - [MESSAGE][PASSED] - Delayed 5 second(s)

2022-06-23 22:53:40 - [TEST_STEP][PASSED] - takeScreenshot(): Taking screenshot successfully

2022-06-23 22:53:41 - [MESSAGE][PASSED] - Taking screenshot successfully
[[ATTACHMENT|D:\\Projet Test Auto\\Mediabox Test Automation\\Reports\\20220623_184212\\03. Parallel Testing (Testing)\\TS -PT PART 3\\14.03 Dreyers Support Action (Ongoing _ Completed ref) - PART 3\\20220623_184230\\1656017621109.png]]

2022-06-23 22:53:41 - [TEST_STEP][PASSED] - I.SearchRefNo_xpath("P17_Auto", "//*[@id="fiche_filter_keywords11"]", "//*[@id="form_filters"]/div[3]/button"): Delayed 5 second(s)

2022-06-23 22:53:42 - [MESSAGE][PASSED] - Delayed 1 second(s)

2022-06-23 22:53:44 - [MESSAGE][PASSED] - Text 'P17_Auto' is set on object 'Object Repository/1. Constant/xpath'

2022-06-23 22:53:47 - [MESSAGE][PASSED] - Delayed 3 second(s)

2022-06-23 22:53:47 - [MESSAGE][PASSED] - Scroll to object 'Object Repository/1. Constant/xpath' successfully

2022-06-23 22:53:52 - [MESSAGE][PASSED] - Object: 'Object Repository/1. Constant/xpath' is clicked on

2022-06-23 22:53:57 - [MESSAGE][PASSED] - Delayed 5 second(s)

2022-06-23 22:53:57 - [TEST_STEP][PASSED] - I.AWF_approve_byaction(findTestObject("1. Constant/xpath", ["xpath":"//*[@id="source_" + refID17 + ""]/td[13]/a[2]"])): Object: 'Object Repository/HL Full Lifecycle/Function_Appbutton2' is clicked on

2022-06-23 22:54:02 - [MESSAGE][PASSED] - Delayed 5 second(s)

2022-06-23 22:54:06 - [MESSAGE][PASSED] - Object: 'Object Repository/1. Constant/xpath' is clicked on

2022-06-23 22:54:09 - [MESSAGE][PASSED] - Object: 'Object Repository/HL Full Lifecycle/Function_access Viewer2' is hovered

2022-06-23 22:54:12 - [MESSAGE][PASSED] - Delayed 3 second(s)

2022-06-23 22:54:13 - [MESSAGE][PASSED] - Object: 'Object Repository/HL Full Lifecycle/Function_access Viewer2' is clicked on

2022-06-23 22:54:18 - [MESSAGE][PASSED] - Delayed 5 second(s)

2022-06-23 22:54:21 - [MESSAGE][PASSED] - Object: 'Object Repository/HL Full Lifecycle/Function_AppButton' is clicked on

2022-06-23 22:54:26 - [MESSAGE][PASSED] - Delayed 5 second(s)

2022-06-23 22:54:33 - [MESSAGE][PASSED] - Object: 'Object Repository/HL Full Lifecycle/Function_Appbutton2' is clicked on

2022-06-23 22:54:33 - [TEST_STEP][PASSED] - Lifecycle_Status6 = getText(findTestObject("1. Constant/xpath", ["xpath":"//*[@id="source_" + refID17 + ""]/td[12]/span[1]"])): Text of object 'Object Repository/1. Constant/xpath' is: 'Complete'

2022-06-23 22:54:34 - [MESSAGE][PASSED] - Text of object 'Object Repository/1. Constant/xpath' is: 'Complete'

2022-06-23 22:54:34 - [TEST_STEP][PASSED] - verifyMatch(Lifecycle_Status6, "Complete", false): Actual text 'Complete' and expected text 'Complete' are matched 

2022-06-23 22:54:34 - [MESSAGE][PASSED] - Actual text 'Complete' and expected text 'Complete' are matched 

2022-06-23 22:54:34 - [TEST_STEP][PASSED] - closeBrowser(): Browser is closed

2022-06-23 22:54:35 - [MESSAGE][PASSED] - Browser is closed

2022-06-23 22:54:35 - [TEST_STEP][PASSED] - Start listener action : sampleAfterTestCase: null]]></system-out>
         <system-err><![CDATA[]]></system-err>
      </testcase>
      <testcase name="Test Cases/19. Dreyers Support Action (Ongoing ref_completed)/19.18 Dreyers SAS Add Phase group (Ongoing ref) S24 - P18" time="305.223" classname="Test Cases/19. Dreyers Support Action (Ongoing ref_completed)/19.18 Dreyers SAS Add Phase group (Ongoing ref) S24 - P18" status="PASSED">
         <system-out><![CDATA[2022-06-23 22:54:35 - [TEST_CASE][PASSED] - Test Cases/19. Dreyers Support Action (Ongoing ref_completed)/19.18 Dreyers SAS Add Phase group (Ongoing ref) S24 - P18: Test Cases/19. Dreyers Support Action (Ongoing ref_completed)/19.18 Dreyers SAS Add Phase group (Ongoing ref) S24 - P18

2022-06-23 22:54:36 - [TEST_STEP][PASSED] - data_Dreyers = findTestData("Data Files/Username_Password/Dreyer"): null

2022-06-23 22:54:36 - [TEST_STEP][PASSED] - password_blemco = data_Dreyers.getValue(2, 2): null

2022-06-23 22:54:36 - [TEST_STEP][PASSED] - password_nturner = data_Dreyers.getValue(2, 6): null

2022-06-23 22:54:36 - [TEST_STEP][PASSED] - password_lmary = data_Dreyers.getValue(2, 13): null

2022-06-23 22:54:36 - [TEST_STEP][PASSED] - data_urlRELAUTO = findTestData("Data Files/URL/URL_relauto"): null

2022-06-23 22:54:36 - [TEST_STEP][PASSED] - Url_Dreyer = data_urlRELAUTO.getValue(2, 4): null

2022-06-23 22:54:36 - [TEST_STEP][PASSED] - Project_No = I.readnotepad("D:\Upoad_File\Projet_ Login\Dreyers\19.1\19.1_Dreyers_ProjectNo.txt"): null

2022-06-23 22:54:36 - [TEST_STEP][PASSED] - refID = I.readnotepad("D:\Upoad_File\Projet_ Login\Dreyers\19.1\19.1_Dreyers_refID.txt"): null

2022-06-23 22:54:36 - [TEST_STEP][PASSED] - openBrowser(Url_Dreyer): Browser is opened with url: 'http://mdb-release.diadeis.lan/MediaboxIndependence/?MBI_datasource=RELTESTAUTO_DREYERS'

2022-06-23 22:54:36 - [MESSAGE][INFO] - Starting 'Chrome (headless)' driver

2022-06-23 22:54:36 - [MESSAGE][INFO] - User set preference: ['args', '[--window-size=1920,1080, --headless]']

2022-06-23 22:54:36 - [MESSAGE][INFO] - Action delay is set to 0 milliseconds

2022-06-23 22:55:02 - [MESSAGE][PASSED] - Browser is opened with url: 'http://mdb-release.diadeis.lan/MediaboxIndependence/?MBI_datasource=RELTESTAUTO_DREYERS'

2022-06-23 22:55:02 - [TEST_STEP][PASSED] - maximizeWindow(): Current window maximized

2022-06-23 22:55:02 - [MESSAGE][PASSED] - Current window maximized

2022-06-23 22:55:02 - [TEST_STEP][PASSED] - I.Login_password("blemco", password_blemco): Object: 'Object Repository/1. Constant/xpath' is clicked on

2022-06-23 22:55:03 - [MESSAGE][PASSED] - Text 'blemco' is set on object 'Object Repository/1. Constant/xpath'

2022-06-23 22:55:04 - [MESSAGE][PASSED] - Delayed 1 second(s)

2022-06-23 22:55:06 - [MESSAGE][PASSED] - Text 'diadeis1' is set on object 'Object Repository/1. Constant/xpath'

2022-06-23 22:55:07 - [MESSAGE][PASSED] - Delayed 1 second(s)

2022-06-23 22:55:23 - [MESSAGE][PASSED] - Object: 'Object Repository/1. Constant/xpath' is clicked on

2022-06-23 22:55:23 - [TEST_STEP][PASSED] - click(findTestObject("1. Constant/02_LHSMenu_Projects")): Object: 'Object Repository/1. Constant/02_LHSMenu_Projects' is clicked on

2022-06-23 22:55:31 - [MESSAGE][PASSED] - Object: 'Object Repository/1. Constant/02_LHSMenu_Projects' is clicked on

2022-06-23 22:55:31 - [TEST_STEP][PASSED] - I.SearchProjectNo_xpath(Project_No, "//*[@id="keynum_project"]", "//*[@id="form_filters"]/div[4]/button"): Delayed 5 second(s)

2022-06-23 22:55:32 - [MESSAGE][PASSED] - Delayed 1 second(s)

2022-06-23 22:55:33 - [MESSAGE][PASSED] - Text 'MI000883' is set on object 'Object Repository/1. Constant/xpath'

2022-06-23 22:55:36 - [MESSAGE][PASSED] - Delayed 3 second(s)

2022-06-23 22:55:37 - [MESSAGE][PASSED] - Scroll to object 'Object Repository/1. Constant/xpath' successfully

2022-06-23 22:55:42 - [MESSAGE][PASSED] - Object: 'Object Repository/1. Constant/xpath' is clicked on

2022-06-23 22:55:47 - [MESSAGE][PASSED] - Delayed 5 second(s)

2022-06-23 22:55:47 - [TEST_STEP][PASSED] - takeScreenshot(): Taking screenshot successfully

2022-06-23 22:55:48 - [MESSAGE][PASSED] - Taking screenshot successfully
[[ATTACHMENT|D:\\Projet Test Auto\\Mediabox Test Automation\\Reports\\20220623_184212\\03. Parallel Testing (Testing)\\TS -PT PART 3\\14.03 Dreyers Support Action (Ongoing _ Completed ref) - PART 3\\20220623_184230\\1656017747956.png]]

2022-06-23 22:55:48 - [TEST_STEP][PASSED] - click(findTestObject("1. Constant/xpath", ["xpath":"//*[@id="create_ref_btn"]/button"])): Object: 'Object Repository/1. Constant/xpath' is clicked on

2022-06-23 22:55:48 - [MESSAGE][PASSED] - Object: 'Object Repository/1. Constant/xpath' is clicked on

2022-06-23 22:55:48 - [TEST_STEP][PASSED] - delay(1): Delayed 1 second(s)

2022-06-23 22:55:49 - [MESSAGE][PASSED] - Delayed 1 second(s)

2022-06-23 22:55:49 - [TEST_STEP][PASSED] - click(findTestObject("1. Constant/xpath", ["xpath":"//*[@id="create_ref_btn"]/div/a"])): Object: 'Object Repository/1. Constant/xpath' is clicked on

2022-06-23 22:55:53 - [MESSAGE][PASSED] - Object: 'Object Repository/1. Constant/xpath' is clicked on

2022-06-23 22:55:53 - [TEST_STEP][PASSED] - delay(1): Delayed 1 second(s)

2022-06-23 22:55:54 - [MESSAGE][PASSED] - Delayed 1 second(s)

2022-06-23 22:55:54 - [TEST_STEP][PASSED] - selectOptionByValue(findTestObject("1. Constant/xpath", ["xpath":"//*[@id="lfc_tpl"]"]), "37", false): All options with value '37' are selected in object 'Object Repository/1. Constant/xpath' 

2022-06-23 22:55:57 - [MESSAGE][PASSED] - All options with value '37' are selected in object 'Object Repository/1. Constant/xpath' 

2022-06-23 22:55:57 - [TEST_STEP][PASSED] - ref_name = "P18_Auto_SAS_S24_" + RandomStringUtils.randomAlphanumeric(5) + I.gettimedate(): null

2022-06-23 22:55:57 - [TEST_STEP][PASSED] - delay(1): Delayed 1 second(s)

2022-06-23 22:55:58 - [MESSAGE][PASSED] - Delayed 1 second(s)

2022-06-23 22:55:58 - [TEST_STEP][PASSED] - setText(findTestObject("1. Constant/xpath", ["xpath":"//*[@id="var_name"]"]), ref_name): Text 'P18_Auto_SAS_S24_hRHFQjuin232022_225557' is set on object 'Object Repository/1. Constant/xpath'

2022-06-23 22:56:00 - [MESSAGE][PASSED] - Text 'P18_Auto_SAS_S24_hRHFQjuin232022_225557' is set on object 'Object Repository/1. Constant/xpath'

2022-06-23 22:56:00 - [TEST_STEP][PASSED] - takeScreenshot(): Taking screenshot successfully

2022-06-23 22:56:00 - [MESSAGE][PASSED] - Taking screenshot successfully
[[ATTACHMENT|D:\\Projet Test Auto\\Mediabox Test Automation\\Reports\\20220623_184212\\03. Parallel Testing (Testing)\\TS -PT PART 3\\14.03 Dreyers Support Action (Ongoing _ Completed ref) - PART 3\\20220623_184230\\1656017760207.png]]

2022-06-23 22:56:00 - [TEST_STEP][PASSED] - click(findTestObject("1. Constant/xpath", ["xpath":"//*[@id="createRefBottom"]"])): Object: 'Object Repository/1. Constant/xpath' is clicked on

2022-06-23 22:56:03 - [MESSAGE][PASSED] - Object: 'Object Repository/1. Constant/xpath' is clicked on

2022-06-23 22:56:03 - [TEST_STEP][PASSED] - delay(1): Delayed 1 second(s)

2022-06-23 22:56:04 - [MESSAGE][PASSED] - Delayed 1 second(s)

2022-06-23 22:56:04 - [TEST_STEP][PASSED] - takeScreenshot(): Taking screenshot successfully

2022-06-23 22:56:05 - [MESSAGE][PASSED] - Taking screenshot successfully
[[ATTACHMENT|D:\\Projet Test Auto\\Mediabox Test Automation\\Reports\\20220623_184212\\03. Parallel Testing (Testing)\\TS -PT PART 3\\14.03 Dreyers Support Action (Ongoing _ Completed ref) - PART 3\\20220623_184230\\1656017765012.png]]

2022-06-23 22:56:05 - [TEST_STEP][PASSED] - refID18 = I.RefID(): Current window's url is: 'http://mdb-release.diadeis.lan/MediaboxIndependence/Base/ExecAction?IDSession=MBI%21RELTESTAUTO_DREYERS%21FH91MYFN3NYCYLRCGWHYGWZACI0N6IE0LS0ZE9ZY&default_action=ModifierRef&id_project=MI000883&id_ref=5330&action_from=create_ref'

2022-06-23 22:56:10 - [MESSAGE][PASSED] - Delayed 5 second(s)

2022-06-23 22:56:10 - [MESSAGE][PASSED] - Current window's url is: 'http://mdb-release.diadeis.lan/MediaboxIndependence/Base/ExecAction?IDSession=MBI%21RELTESTAUTO_DREYERS%21FH91MYFN3NYCYLRCGWHYGWZACI0N6IE0LS0ZE9ZY&default_action=ModifierRef&id_project=MI000883&id_ref=5330&action_from=create_ref'

2022-06-23 22:56:10 - [TEST_STEP][PASSED] - click(findTestObject("1. Constant/xpath", ["xpath":"//*[@id="type_save"]"])): Object: 'Object Repository/1. Constant/xpath' is clicked on

2022-06-23 22:56:16 - [MESSAGE][PASSED] - Object: 'Object Repository/1. Constant/xpath' is clicked on

2022-06-23 22:56:16 - [TEST_STEP][PASSED] - takeScreenshot(): Taking screenshot successfully

2022-06-23 22:56:17 - [MESSAGE][PASSED] - Taking screenshot successfully
[[ATTACHMENT|D:\\Projet Test Auto\\Mediabox Test Automation\\Reports\\20220623_184212\\03. Parallel Testing (Testing)\\TS -PT PART 3\\14.03 Dreyers Support Action (Ongoing _ Completed ref) - PART 3\\20220623_184230\\1656017777031.png]]

2022-06-23 22:56:17 - [TEST_STEP][PASSED] - I.SearchRefNo_xpath("P18_Auto", "//*[@id="fiche_filter_keywords11"]", "//*[@id="form_filters"]/div[3]/button"): Delayed 5 second(s)

2022-06-23 22:56:18 - [MESSAGE][PASSED] - Delayed 1 second(s)

2022-06-23 22:56:21 - [MESSAGE][PASSED] - Text 'P18_Auto' is set on object 'Object Repository/1. Constant/xpath'

2022-06-23 22:56:24 - [MESSAGE][PASSED] - Delayed 3 second(s)

2022-06-23 22:56:24 - [MESSAGE][PASSED] - Scroll to object 'Object Repository/1. Constant/xpath' successfully

2022-06-23 22:56:29 - [MESSAGE][PASSED] - Object: 'Object Repository/1. Constant/xpath' is clicked on

2022-06-23 22:56:34 - [MESSAGE][PASSED] - Delayed 5 second(s)

2022-06-23 22:56:34 - [TEST_STEP][PASSED] - click(findTestObject("1. Constant/xpath", ["xpath":"//*[@id="source_" + refID18 + ""]/td[6]/a"])): Object: 'Object Repository/1. Constant/xpath' is clicked on

2022-06-23 22:56:38 - [MESSAGE][PASSED] - Object: 'Object Repository/1. Constant/xpath' is clicked on

2022-06-23 22:56:38 - [TEST_STEP][PASSED] - delay(1): Delayed 1 second(s)

2022-06-23 22:56:39 - [MESSAGE][PASSED] - Delayed 1 second(s)

2022-06-23 22:56:39 - [TEST_STEP][PASSED] - click(findTestObject("1. Constant/xpath", ["xpath":"//*[@id="kt_content"]/div[3]/div/ul/li[3]/a"])): Object: 'Object Repository/1. Constant/xpath' is clicked on

2022-06-23 22:56:42 - [MESSAGE][PASSED] - Object: 'Object Repository/1. Constant/xpath' is clicked on

2022-06-23 22:56:42 - [TEST_STEP][PASSED] - takeScreenshot(): Taking screenshot successfully

2022-06-23 22:56:43 - [MESSAGE][PASSED] - Taking screenshot successfully
[[ATTACHMENT|D:\\Projet Test Auto\\Mediabox Test Automation\\Reports\\20220623_184212\\03. Parallel Testing (Testing)\\TS -PT PART 3\\14.03 Dreyers Support Action (Ongoing _ Completed ref) - PART 3\\20220623_184230\\1656017802568.png]]

2022-06-23 22:56:43 - [TEST_STEP][PASSED] - delay(1): Delayed 1 second(s)

2022-06-23 22:56:44 - [MESSAGE][PASSED] - Delayed 1 second(s)

2022-06-23 22:56:44 - [TEST_STEP][PASSED] - click(findTestObject("1. Constant/xpath", ["xpath":"/html/body/div[1]/div[2]/div[8]/div[3]/div/div[3]/div[3]/div/div/div[1]/div/div[1]/div/div[1]/div[2]/div/button"])): Object: 'Object Repository/1. Constant/xpath' is clicked on

2022-06-23 22:56:46 - [MESSAGE][PASSED] - Object: 'Object Repository/1. Constant/xpath' is clicked on

2022-06-23 22:56:46 - [TEST_STEP][PASSED] - delay(1): Delayed 1 second(s)

2022-06-23 22:56:47 - [MESSAGE][PASSED] - Delayed 1 second(s)

2022-06-23 22:56:47 - [TEST_STEP][PASSED] - x = 11: null

2022-06-23 22:56:47 - [TEST_STEP][PASSED] - i = 1: null

2022-06-23 22:56:47 - [TEST_STEP][PASSED] - while (i <= x): null

2022-06-23 22:56:47 - [TEST_STEP][PASSED] - Expected_SAS_Selected = "S24 : Skip P1.2/ Add PG Step A/ Skip Phase 1.1": null

2022-06-23 22:56:47 - [TEST_STEP][PASSED] - xpath_SAS = "/html/body/div[1]/div[2]/div[8]/div[3]/div/div[3]/div[3]/div/div/div[1]/div/div[1]/div/div[1]/div[2]/div/div/a[" + i + "]": null

2022-06-23 22:56:47 - [TEST_STEP][PASSED] - Actual_SAS = getText(findTestObject("1. Constant/xpath", ["xpath":xpath_SAS])): Text of object 'Object Repository/1. Constant/xpath' is: 'SAS S12: Skip P1.2/ Add Step A/ Skip P1.1'

2022-06-23 22:56:48 - [MESSAGE][PASSED] - Text of object 'Object Repository/1. Constant/xpath' is: 'SAS S12: Skip P1.2/ Add Step A/ Skip P1.1'

2022-06-23 22:56:48 - [TEST_STEP][PASSED] - I.print(i): null

2022-06-23 22:56:48 - [TEST_STEP][PASSED] - if (Actual_SAS.contains(Expected_SAS_Selected)): null

2022-06-23 22:56:48 - [TEST_STEP][PASSED] - i = i + 1: null

2022-06-23 22:56:48 - [TEST_STEP][PASSED] - Expected_SAS_Selected = "S24 : Skip P1.2/ Add PG Step A/ Skip Phase 1.1": null

2022-06-23 22:56:48 - [TEST_STEP][PASSED] - xpath_SAS = "/html/body/div[1]/div[2]/div[8]/div[3]/div/div[3]/div[3]/div/div/div[1]/div/div[1]/div/div[1]/div[2]/div/div/a[" + i + "]": null

2022-06-23 22:56:48 - [TEST_STEP][PASSED] - Actual_SAS = getText(findTestObject("1. Constant/xpath", ["xpath":xpath_SAS])): Text of object 'Object Repository/1. Constant/xpath' is: 'S25 : Add PG Step A/ Skip Phase 1.1'

2022-06-23 22:56:50 - [MESSAGE][PASSED] - Text of object 'Object Repository/1. Constant/xpath' is: 'S25 : Add PG Step A/ Skip Phase 1.1'

2022-06-23 22:56:50 - [TEST_STEP][PASSED] - I.print(i): null

2022-06-23 22:56:50 - [TEST_STEP][PASSED] - if (Actual_SAS.contains(Expected_SAS_Selected)): null

2022-06-23 22:56:50 - [TEST_STEP][PASSED] - i = i + 1: null

2022-06-23 22:56:50 - [TEST_STEP][PASSED] - Expected_SAS_Selected = "S24 : Skip P1.2/ Add PG Step A/ Skip Phase 1.1": null

2022-06-23 22:56:50 - [TEST_STEP][PASSED] - xpath_SAS = "/html/body/div[1]/div[2]/div[8]/div[3]/div/div[3]/div[3]/div/div/div[1]/div/div[1]/div/div[1]/div[2]/div/div/a[" + i + "]": null

2022-06-23 22:56:50 - [TEST_STEP][PASSED] - Actual_SAS = getText(findTestObject("1. Constant/xpath", ["xpath":xpath_SAS])): Text of object 'Object Repository/1. Constant/xpath' is: 'S24 : Skip P1.2/ Add PG Step A/ Skip Phase 1.1'

2022-06-23 22:56:50 - [MESSAGE][PASSED] - Text of object 'Object Repository/1. Constant/xpath' is: 'S24 : Skip P1.2/ Add PG Step A/ Skip Phase 1.1'

2022-06-23 22:56:50 - [TEST_STEP][PASSED] - I.print(i): null

2022-06-23 22:56:50 - [TEST_STEP][PASSED] - if (Actual_SAS.contains(Expected_SAS_Selected)): null

2022-06-23 22:56:50 - [TEST_STEP][PASSED] - click(findTestObject("1. Constant/xpath", ["xpath":xpath_SAS])): Object: 'Object Repository/1. Constant/xpath' is clicked on

2022-06-23 22:56:52 - [MESSAGE][PASSED] - Object: 'Object Repository/1. Constant/xpath' is clicked on

2022-06-23 22:56:52 - [TEST_STEP][PASSED] - break: null

2022-06-23 22:56:52 - [TEST_STEP][PASSED] - delay(1): Delayed 1 second(s)

2022-06-23 22:56:53 - [MESSAGE][PASSED] - Delayed 1 second(s)

2022-06-23 22:56:53 - [TEST_STEP][PASSED] - takeScreenshot(): Taking screenshot successfully

2022-06-23 22:56:53 - [MESSAGE][PASSED] - Taking screenshot successfully
[[ATTACHMENT|D:\\Projet Test Auto\\Mediabox Test Automation\\Reports\\20220623_184212\\03. Parallel Testing (Testing)\\TS -PT PART 3\\14.03 Dreyers Support Action (Ongoing _ Completed ref) - PART 3\\20220623_184230\\1656017813379.png]]

2022-06-23 22:56:53 - [TEST_STEP][PASSED] - delay(1): Delayed 1 second(s)

2022-06-23 22:56:54 - [MESSAGE][PASSED] - Delayed 1 second(s)

2022-06-23 22:56:54 - [TEST_STEP][PASSED] - click(findTestObject("1. Constant/xpath", ["xpath":"//*[@id="confirmSupportActionShortcut"]"])): Object: 'Object Repository/1. Constant/xpath' is clicked on

2022-06-23 22:56:59 - [MESSAGE][PASSED] - Object: 'Object Repository/1. Constant/xpath' is clicked on

2022-06-23 22:56:59 - [TEST_STEP][PASSED] - click(findTestObject("1. Constant/xpath", ["xpath":"//*[@id="kt_content"]/div[3]/div/ul/li[3]/a"])): Object: 'Object Repository/1. Constant/xpath' is clicked on

2022-06-23 22:57:01 - [MESSAGE][PASSED] - Object: 'Object Repository/1. Constant/xpath' is clicked on

2022-06-23 22:57:01 - [TEST_STEP][PASSED] - takeScreenshot(): Taking screenshot successfully

2022-06-23 22:57:02 - [MESSAGE][PASSED] - Taking screenshot successfully
[[ATTACHMENT|D:\\Projet Test Auto\\Mediabox Test Automation\\Reports\\20220623_184212\\03. Parallel Testing (Testing)\\TS -PT PART 3\\14.03 Dreyers Support Action (Ongoing _ Completed ref) - PART 3\\20220623_184230\\1656017821852.png]]

2022-06-23 22:57:02 - [TEST_STEP][PASSED] - StepA_1 = getAttribute(findTestObject("1. Constant/xpath", ["xpath":"/html/body/div[1]/div[2]/div[8]/div[3]/div/div[3]/div[3]/div/ul/li[1]/a"]), "class"): Attribute 'class' of object 'Object Repository/1. Constant/xpath' is: 'nav-link timeline-badge badge-xl  bg-pending active'

2022-06-23 22:57:03 - [MESSAGE][PASSED] - Attribute 'class' of object 'Object Repository/1. Constant/xpath' is: 'nav-link timeline-badge badge-xl  bg-pending active'

2022-06-23 22:57:03 - [TEST_STEP][PASSED] - verifyMatch(StepA_1, "nav-link timeline-badge badge-xl  bg-pending active", false): Actual text 'nav-link timeline-badge badge-xl  bg-pending active' and expected text 'nav-link timeline-badge badge-xl  bg-pending active' are matched 

2022-06-23 22:57:03 - [MESSAGE][PASSED] - Actual text 'nav-link timeline-badge badge-xl  bg-pending active' and expected text 'nav-link timeline-badge badge-xl  bg-pending active' are matched 

2022-06-23 22:57:03 - [TEST_STEP][PASSED] - StepA11 = I.Get_Stepname("/html/body/div[1]/div[2]/div[8]/div[3]/div/div[3]/div[3]/div/ul/li[1]/a"): Attribute 'href' of object 'Object Repository/1. Constant/xpath' is: 'http://mdb-release.diadeis.lan/MediaboxIndependence/Base/ExecAction?action=VoirRef&IDSession=MBI!RELTESTAUTO_DREYERS!FH91MYFN3NYCYLRCGWHYGWZACI0N6IE0LS0ZE9ZY&num=AKK1AA7ILD&id_ref=5330#tab_lifecycle_SASStepA_12359'

2022-06-23 22:57:08 - [MESSAGE][PASSED] - Delayed 5 second(s)

2022-06-23 22:57:09 - [MESSAGE][PASSED] - Attribute 'href' of object 'Object Repository/1. Constant/xpath' is: 'http://mdb-release.diadeis.lan/MediaboxIndependence/Base/ExecAction?action=VoirRef&IDSession=MBI!RELTESTAUTO_DREYERS!FH91MYFN3NYCYLRCGWHYGWZACI0N6IE0LS0ZE9ZY&num=AKK1AA7ILD&id_ref=5330#tab_lifecycle_SASStepA_12359'

2022-06-23 22:57:09 - [TEST_STEP][PASSED] - verifyMatch(StepA11, "SASStepA", false): Actual text 'SASStepA' and expected text 'SASStepA' are matched 

2022-06-23 22:57:09 - [MESSAGE][PASSED] - Actual text 'SASStepA' and expected text 'SASStepA' are matched 

2022-06-23 22:57:09 - [TEST_STEP][PASSED] - Name_StepAP1_2 = getText(findTestObject("1. Constant/xpath", ["xpath":"/html/body/div[1]/div[2]/div[8]/div[3]/div/div[3]/div[3]/div/div/div[1]/div/div[3]/div/div[1]/div[1]/h3"])): Text of object 'Object Repository/1. Constant/xpath' is: 'Phase 1.1 [Standard]'

2022-06-23 22:57:09 - [MESSAGE][PASSED] - Text of object 'Object Repository/1. Constant/xpath' is: 'Phase 1.1 [Standard]'

2022-06-23 22:57:09 - [TEST_STEP][PASSED] - verifyMatch(Name_StepAP1_2, "Phase 1.1 [Standard]", false): Actual text 'Phase 1.1 [Standard]' and expected text 'Phase 1.1 [Standard]' are matched 

2022-06-23 22:57:09 - [MESSAGE][PASSED] - Actual text 'Phase 1.1 [Standard]' and expected text 'Phase 1.1 [Standard]' are matched 

2022-06-23 22:57:09 - [TEST_STEP][PASSED] - ST_StepAP1_2 = getText(findTestObject("1. Constant/xpath", ["xpath":"/html/body/div[1]/div[2]/div[8]/div[3]/div/div[3]/div[3]/div/div/div[1]/div/div[3]/div/div[2]/div[1]"])): Text of object 'Object Repository/1. Constant/xpath' is: 'Started 06/23/22 01:56 PM'

2022-06-23 22:57:09 - [MESSAGE][PASSED] - Text of object 'Object Repository/1. Constant/xpath' is: 'Started 06/23/22 01:56 PM'

2022-06-23 22:57:09 - [TEST_STEP][PASSED] - if (ST_StepAP1_2.contains("Started")): Actual object '1' and expected object '1' are equal

2022-06-23 22:57:09 - [TEST_STEP][PASSED] - verifyEqual(1, 1): Actual object '1' and expected object '1' are equal

2022-06-23 22:57:09 - [MESSAGE][PASSED] - Actual object '1' and expected object '1' are equal

2022-06-23 22:57:09 - [TEST_STEP][PASSED] - added_StepAP1_2 = getText(findTestObject("1. Constant/xpath", ["xpath":"/html/body/div[1]/div[2]/div[8]/div[3]/div/div[3]/div[3]/div/div/div[1]/div/div[3]/div/div[2]/h6"])): Text of object 'Object Repository/1. Constant/xpath' is: 'Added manually 06/23/22 01:56 PM By Brian Lemco'

2022-06-23 22:57:10 - [MESSAGE][PASSED] - Text of object 'Object Repository/1. Constant/xpath' is: 'Added manually 06/23/22 01:56 PM By Brian Lemco'

2022-06-23 22:57:10 - [TEST_STEP][PASSED] - if (added_StepAP1_2.contains("Added manually")): Actual object '1' and expected object '1' are equal

2022-06-23 22:57:10 - [TEST_STEP][PASSED] - verifyEqual(1, 1): Actual object '1' and expected object '1' are equal

2022-06-23 22:57:10 - [MESSAGE][PASSED] - Actual object '1' and expected object '1' are equal

2022-06-23 22:57:10 - [TEST_STEP][PASSED] - Name_StepAP2_2 = getText(findTestObject("1. Constant/xpath", ["xpath":"/html/body/div[1]/div[2]/div[8]/div[3]/div/div[3]/div[3]/div/div/div[1]/div/div[4]/div/div[1]/div[1]/h3"])): Text of object 'Object Repository/1. Constant/xpath' is: 'Phase 1.2 [Standard Phase]'

2022-06-23 22:57:10 - [MESSAGE][PASSED] - Text of object 'Object Repository/1. Constant/xpath' is: 'Phase 1.2 [Standard Phase]'

2022-06-23 22:57:10 - [TEST_STEP][PASSED] - verifyMatch(Name_StepAP2_2, "Phase 1.2 [Standard Phase]", false): Actual text 'Phase 1.2 [Standard Phase]' and expected text 'Phase 1.2 [Standard Phase]' are matched 

2022-06-23 22:57:10 - [MESSAGE][PASSED] - Actual text 'Phase 1.2 [Standard Phase]' and expected text 'Phase 1.2 [Standard Phase]' are matched 

2022-06-23 22:57:10 - [TEST_STEP][PASSED] - StepB_3 = getAttribute(findTestObject("1. Constant/xpath", ["xpath":"/html/body/div[1]/div[2]/div[8]/div[3]/div/div[3]/div[3]/div/ul/li[2]/a"]), "class"): Attribute 'class' of object 'Object Repository/1. Constant/xpath' is: 'nav-link timeline-badge badge-xl  bg-waiting '

2022-06-23 22:57:10 - [MESSAGE][PASSED] - Attribute 'class' of object 'Object Repository/1. Constant/xpath' is: 'nav-link timeline-badge badge-xl  bg-waiting '

2022-06-23 22:57:10 - [TEST_STEP][PASSED] - verifyMatch(StepB_3, "nav-link timeline-badge badge-xl  bg-waiting ", false): Actual text 'nav-link timeline-badge badge-xl  bg-waiting ' and expected text 'nav-link timeline-badge badge-xl  bg-waiting ' are matched 

2022-06-23 22:57:10 - [MESSAGE][PASSED] - Actual text 'nav-link timeline-badge badge-xl  bg-waiting ' and expected text 'nav-link timeline-badge badge-xl  bg-waiting ' are matched 

2022-06-23 22:57:10 - [TEST_STEP][PASSED] - StepB_33 = I.Get_Stepname("/html/body/div[1]/div[2]/div[8]/div[3]/div/div[3]/div[3]/div/ul/li[2]/a"): Attribute 'href' of object 'Object Repository/1. Constant/xpath' is: 'http://mdb-release.diadeis.lan/MediaboxIndependence/Base/ExecAction?action=VoirRef&IDSession=MBI!RELTESTAUTO_DREYERS!FH91MYFN3NYCYLRCGWHYGWZACI0N6IE0LS0ZE9ZY&num=AKK1AA7ILD&id_ref=5330#tab_lifecycle_SASStepB_12360'

2022-06-23 22:57:15 - [MESSAGE][PASSED] - Delayed 5 second(s)

2022-06-23 22:57:18 - [MESSAGE][PASSED] - Attribute 'href' of object 'Object Repository/1. Constant/xpath' is: 'http://mdb-release.diadeis.lan/MediaboxIndependence/Base/ExecAction?action=VoirRef&IDSession=MBI!RELTESTAUTO_DREYERS!FH91MYFN3NYCYLRCGWHYGWZACI0N6IE0LS0ZE9ZY&num=AKK1AA7ILD&id_ref=5330#tab_lifecycle_SASStepB_12360'

2022-06-23 22:57:18 - [TEST_STEP][PASSED] - verifyMatch(StepB_33, "SASStepB", false): Actual text 'SASStepB' and expected text 'SASStepB' are matched 

2022-06-23 22:57:18 - [MESSAGE][PASSED] - Actual text 'SASStepB' and expected text 'SASStepB' are matched 

2022-06-23 22:57:18 - [TEST_STEP][PASSED] - I.Logout(): Delayed 3 second(s)

2022-06-23 22:57:21 - [MESSAGE][PASSED] - Delayed 3 second(s)

2022-06-23 22:57:22 - [MESSAGE][PASSED] - Object: 'Object Repository/1. Constant/xpath' is clicked on

2022-06-23 22:57:25 - [MESSAGE][PASSED] - Delayed 3 second(s)

2022-06-23 22:57:29 - [MESSAGE][PASSED] - Object: 'Object Repository/1. Constant/xpath' is clicked on

2022-06-23 22:57:32 - [MESSAGE][PASSED] - Delayed 3 second(s)

2022-06-23 22:57:32 - [TEST_STEP][PASSED] - I.Login_password("nturner", password_nturner): Object: 'Object Repository/1. Constant/xpath' is clicked on

2022-06-23 22:57:33 - [MESSAGE][PASSED] - Text 'nturner' is set on object 'Object Repository/1. Constant/xpath'

2022-06-23 22:57:34 - [MESSAGE][PASSED] - Delayed 1 second(s)

2022-06-23 22:57:35 - [MESSAGE][PASSED] - Text 'diadeis1' is set on object 'Object Repository/1. Constant/xpath'

2022-06-23 22:57:36 - [MESSAGE][PASSED] - Delayed 1 second(s)

2022-06-23 22:57:40 - [MESSAGE][PASSED] - Object: 'Object Repository/1. Constant/xpath' is clicked on

2022-06-23 22:57:40 - [TEST_STEP][PASSED] - click(findTestObject("1. Constant/02_LHSMenu_Projects")): Object: 'Object Repository/1. Constant/02_LHSMenu_Projects' is clicked on

2022-06-23 22:57:43 - [MESSAGE][PASSED] - Object: 'Object Repository/1. Constant/02_LHSMenu_Projects' is clicked on

2022-06-23 22:57:43 - [TEST_STEP][PASSED] - I.SearchProjectNo_xpath(Project_No, "//*[@id="keynum_project"]", "//*[@id="form_filters"]/div[4]/button"): Delayed 5 second(s)

2022-06-23 22:57:44 - [MESSAGE][PASSED] - Delayed 1 second(s)

2022-06-23 22:57:46 - [MESSAGE][PASSED] - Text 'MI000883' is set on object 'Object Repository/1. Constant/xpath'

2022-06-23 22:57:49 - [MESSAGE][PASSED] - Delayed 3 second(s)

2022-06-23 22:57:50 - [MESSAGE][PASSED] - Scroll to object 'Object Repository/1. Constant/xpath' successfully

2022-06-23 22:57:56 - [MESSAGE][PASSED] - Object: 'Object Repository/1. Constant/xpath' is clicked on

2022-06-23 22:58:01 - [MESSAGE][PASSED] - Delayed 5 second(s)

2022-06-23 22:58:01 - [TEST_STEP][PASSED] - I.SearchRefNo_xpath("P18_Auto", "//*[@id="fiche_filter_keywords11"]", "//*[@id="form_filters"]/div[3]/button"): Delayed 5 second(s)

2022-06-23 22:58:02 - [MESSAGE][PASSED] - Delayed 1 second(s)

2022-06-23 22:58:04 - [MESSAGE][PASSED] - Text 'P18_Auto' is set on object 'Object Repository/1. Constant/xpath'

2022-06-23 22:58:07 - [MESSAGE][PASSED] - Delayed 3 second(s)

2022-06-23 22:58:07 - [MESSAGE][PASSED] - Scroll to object 'Object Repository/1. Constant/xpath' successfully

2022-06-23 22:58:13 - [MESSAGE][PASSED] - Object: 'Object Repository/1. Constant/xpath' is clicked on

2022-06-23 22:58:18 - [MESSAGE][PASSED] - Delayed 5 second(s)

2022-06-23 22:58:18 - [TEST_STEP][PASSED] - takeScreenshot(): Taking screenshot successfully

2022-06-23 22:58:19 - [MESSAGE][PASSED] - Taking screenshot successfully
[[ATTACHMENT|D:\\Projet Test Auto\\Mediabox Test Automation\\Reports\\20220623_184212\\03. Parallel Testing (Testing)\\TS -PT PART 3\\14.03 Dreyers Support Action (Ongoing _ Completed ref) - PART 3\\20220623_184230\\1656017898825.png]]

2022-06-23 22:58:19 - [TEST_STEP][PASSED] - delay(1): Delayed 1 second(s)

2022-06-23 22:58:20 - [MESSAGE][PASSED] - Delayed 1 second(s)

2022-06-23 22:58:20 - [TEST_STEP][PASSED] - Lifecycle_Status2 = getText(findTestObject("1. Constant/xpath", ["xpath":"//*[@id="source_" + refID18 + ""]/td[12]/span[1]"])): Text of object 'Object Repository/1. Constant/xpath' is: 'Phase 1.1 [Standard]'

2022-06-23 22:58:20 - [MESSAGE][PASSED] - Text of object 'Object Repository/1. Constant/xpath' is: 'Phase 1.1 [Standard]'

2022-06-23 22:58:20 - [TEST_STEP][PASSED] - verifyMatch(Lifecycle_Status2, "Phase 1.1 [Standard]", false): Actual text 'Phase 1.1 [Standard]' and expected text 'Phase 1.1 [Standard]' are matched 

2022-06-23 22:58:20 - [MESSAGE][PASSED] - Actual text 'Phase 1.1 [Standard]' and expected text 'Phase 1.1 [Standard]' are matched 

2022-06-23 22:58:20 - [TEST_STEP][PASSED] - click(findTestObject("1. Constant/xpath", ["xpath":"//*[@id="source_" + refID18 + ""]/td[13]/a[2]"])): Object: 'Object Repository/1. Constant/xpath' is clicked on

2022-06-23 22:58:23 - [MESSAGE][PASSED] - Object: 'Object Repository/1. Constant/xpath' is clicked on

2022-06-23 22:58:23 - [TEST_STEP][PASSED] - click(findTestObject("1. Constant/xpath", ["xpath":"//*[@id="ModifFiche"]/div[1]/div/button[2]"])): Object: 'Object Repository/1. Constant/xpath' is clicked on

2022-06-23 22:58:27 - [MESSAGE][PASSED] - Object: 'Object Repository/1. Constant/xpath' is clicked on

2022-06-23 22:58:27 - [TEST_STEP][PASSED] - Lifecycle_Status3 = getText(findTestObject("1. Constant/xpath", ["xpath":"//*[@id="source_" + refID18 + ""]/td[12]/span[1]"])): Text of object 'Object Repository/1. Constant/xpath' is: 'Phase 1.2 [Standard Phase]'

2022-06-23 22:58:28 - [MESSAGE][PASSED] - Text of object 'Object Repository/1. Constant/xpath' is: 'Phase 1.2 [Standard Phase]'

2022-06-23 22:58:28 - [TEST_STEP][PASSED] - verifyMatch(Lifecycle_Status3, "Phase 1.2 [Standard Phase]", false): Actual text 'Phase 1.2 [Standard Phase]' and expected text 'Phase 1.2 [Standard Phase]' are matched 

2022-06-23 22:58:28 - [MESSAGE][PASSED] - Actual text 'Phase 1.2 [Standard Phase]' and expected text 'Phase 1.2 [Standard Phase]' are matched 

2022-06-23 22:58:28 - [TEST_STEP][PASSED] - I.Logout(): Delayed 3 second(s)

2022-06-23 22:58:31 - [MESSAGE][PASSED] - Delayed 3 second(s)

2022-06-23 22:58:32 - [MESSAGE][PASSED] - Object: 'Object Repository/1. Constant/xpath' is clicked on

2022-06-23 22:58:35 - [MESSAGE][PASSED] - Delayed 3 second(s)

2022-06-23 22:58:39 - [MESSAGE][PASSED] - Object: 'Object Repository/1. Constant/xpath' is clicked on

2022-06-23 22:58:42 - [MESSAGE][PASSED] - Delayed 3 second(s)

2022-06-23 22:58:42 - [TEST_STEP][PASSED] - I.Login_password("lmary", password_lmary): Object: 'Object Repository/1. Constant/xpath' is clicked on

2022-06-23 22:58:43 - [MESSAGE][PASSED] - Text 'lmary' is set on object 'Object Repository/1. Constant/xpath'

2022-06-23 22:58:44 - [MESSAGE][PASSED] - Delayed 1 second(s)

2022-06-23 22:58:45 - [MESSAGE][PASSED] - Text 'diadeis' is set on object 'Object Repository/1. Constant/xpath'

2022-06-23 22:58:46 - [MESSAGE][PASSED] - Delayed 1 second(s)

2022-06-23 22:58:52 - [MESSAGE][PASSED] - Object: 'Object Repository/1. Constant/xpath' is clicked on

2022-06-23 22:58:52 - [TEST_STEP][PASSED] - click(findTestObject("1. Constant/02_LHSMenu_Projects")): Object: 'Object Repository/1. Constant/02_LHSMenu_Projects' is clicked on

2022-06-23 22:58:57 - [MESSAGE][PASSED] - Object: 'Object Repository/1. Constant/02_LHSMenu_Projects' is clicked on

2022-06-23 22:58:57 - [TEST_STEP][PASSED] - I.SearchProjectNo_xpath(Project_No, "//*[@id="keynum_project"]", "//*[@id="form_filters"]/div[4]/button"): Delayed 5 second(s)

2022-06-23 22:58:58 - [MESSAGE][PASSED] - Delayed 1 second(s)

2022-06-23 22:59:00 - [MESSAGE][PASSED] - Text 'MI000883' is set on object 'Object Repository/1. Constant/xpath'

2022-06-23 22:59:03 - [MESSAGE][PASSED] - Delayed 3 second(s)

2022-06-23 22:59:04 - [MESSAGE][PASSED] - Scroll to object 'Object Repository/1. Constant/xpath' successfully

2022-06-23 22:59:09 - [MESSAGE][PASSED] - Object: 'Object Repository/1. Constant/xpath' is clicked on

2022-06-23 22:59:14 - [MESSAGE][PASSED] - Delayed 5 second(s)

2022-06-23 22:59:14 - [TEST_STEP][PASSED] - I.SearchRefNo_xpath("P18_Auto", "//*[@id="fiche_filter_keywords11"]", "//*[@id="form_filters"]/div[3]/button"): Delayed 5 second(s)

2022-06-23 22:59:15 - [MESSAGE][PASSED] - Delayed 1 second(s)

2022-06-23 22:59:17 - [MESSAGE][PASSED] - Text 'P18_Auto' is set on object 'Object Repository/1. Constant/xpath'

2022-06-23 22:59:20 - [MESSAGE][PASSED] - Delayed 3 second(s)

2022-06-23 22:59:21 - [MESSAGE][PASSED] - Scroll to object 'Object Repository/1. Constant/xpath' successfully

2022-06-23 22:59:25 - [MESSAGE][PASSED] - Object: 'Object Repository/1. Constant/xpath' is clicked on

2022-06-23 22:59:30 - [MESSAGE][PASSED] - Delayed 5 second(s)

2022-06-23 22:59:30 - [TEST_STEP][PASSED] - takeScreenshot(): Taking screenshot successfully

2022-06-23 22:59:31 - [MESSAGE][PASSED] - Taking screenshot successfully
[[ATTACHMENT|D:\\Projet Test Auto\\Mediabox Test Automation\\Reports\\20220623_184212\\03. Parallel Testing (Testing)\\TS -PT PART 3\\14.03 Dreyers Support Action (Ongoing _ Completed ref) - PART 3\\20220623_184230\\1656017970614.png]]

2022-06-23 22:59:31 - [TEST_STEP][PASSED] - click(findTestObject("1. Constant/xpath", ["xpath":"//*[@id="source_" + refID18 + ""]/td[13]/a[2]"])): Object: 'Object Repository/1. Constant/xpath' is clicked on

2022-06-23 22:59:34 - [MESSAGE][PASSED] - Object: 'Object Repository/1. Constant/xpath' is clicked on

2022-06-23 22:59:34 - [TEST_STEP][PASSED] - click(findTestObject("1. Constant/xpath", ["xpath":"//*[@id="ModifFiche"]/div[1]/div/button[2]"])): Object: 'Object Repository/1. Constant/xpath' is clicked on

2022-06-23 22:59:38 - [MESSAGE][PASSED] - Object: 'Object Repository/1. Constant/xpath' is clicked on

2022-06-23 22:59:38 - [TEST_STEP][PASSED] - Lifecycle_Status4 = getText(findTestObject("1. Constant/xpath", ["xpath":"//*[@id="source_" + refID18 + ""]/td[12]/span[1]"])): Text of object 'Object Repository/1. Constant/xpath' is: 'Phase 2.1 [Production]'

2022-06-23 22:59:39 - [MESSAGE][PASSED] - Text of object 'Object Repository/1. Constant/xpath' is: 'Phase 2.1 [Production]'

2022-06-23 22:59:39 - [TEST_STEP][PASSED] - verifyMatch(Lifecycle_Status4, "Phase 2.1 [Production]", false): Actual text 'Phase 2.1 [Production]' and expected text 'Phase 2.1 [Production]' are matched 

2022-06-23 22:59:39 - [MESSAGE][PASSED] - Actual text 'Phase 2.1 [Production]' and expected text 'Phase 2.1 [Production]' are matched 

2022-06-23 22:59:39 - [TEST_STEP][PASSED] - closeBrowser(): Browser is closed

2022-06-23 22:59:40 - [MESSAGE][PASSED] - Browser is closed

2022-06-23 22:59:40 - [TEST_STEP][PASSED] - Start listener action : sampleAfterTestCase: null]]></system-out>
         <system-err><![CDATA[]]></system-err>
      </testcase>
      <system-out><![CDATA[2022-06-23 21:56:43 - [TEST_SUITE][PASSED] - 14.03 Dreyers Support Action (Ongoing _ Completed ref) - PART 3: Test Cases/19. Dreyers Support Action (Ongoing ref_completed)/19.18 Dreyers SAS Add Phase group (Ongoing ref) S24 - P18]]></system-out>
      <system-err><![CDATA[]]></system-err>
   </testsuite>
</testsuites>
