<?xml version="1.0" encoding="UTF-8"?>
<testsuites name="07 Tag Sephora Dreyers _ Empty Group _Lifecycle condition" time="3405.785" tests="10" failures="0" errors="0">
   <testsuite name="07 Tag Sephora Dreyers _ Empty Group _Lifecycle condition" tests="10" failures="0" errors="0" time="3405.785" skipped="0" timestamp="2022-06-23 20:12:10" hostname="lamhe - DPF-MBI-VERIF.ad.sgsco.int" id="Test Suites/03. Parallel Testing (Testing)/TS -PT PART 3/07 Tag Sephora Dreyers _ Empty Group _Lifecycle condition">
      <properties>
         <property name="deviceName" value=""/>
         <property name="devicePlatform" value=""/>
         <property name="logFolder" value="D:\\Projet Test Auto\\Mediabox Test Automation\\Reports\\20220623_184212\\03. Parallel Testing (Testing)\\TS -PT PART 3\\07 Tag Sephora Dreyers _ Empty Group _Lifecycle condition\\20220623_184221"/>
         <property name="logFiles" value="D:\\Projet Test Auto\\Mediabox Test Automation\\Reports\\20220623_184212\\03. Parallel Testing (Testing)\\TS -PT PART 3\\07 Tag Sephora Dreyers _ Empty Group _Lifecycle condition\\20220623_184221\\execution0.log"/>
         <property name="attachments" value="D:\\Projet Test Auto\\Mediabox Test Automation\\Reports\\20220623_184212\\03. Parallel Testing (Testing)\\TS -PT PART 3\\07 Tag Sephora Dreyers _ Empty Group _Lifecycle condition\\20220623_184221\\1656007964806.png, D:\\Projet Test Auto\\Mediabox Test Automation\\Reports\\20220623_184212\\03. Parallel Testing (Testing)\\TS -PT PART 3\\07 Tag Sephora Dreyers _ Empty Group _Lifecycle condition\\20220623_184221\\1656008019916.png, D:\\Projet Test Auto\\Mediabox Test Automation\\Reports\\20220623_184212\\03. Parallel Testing (Testing)\\TS -PT PART 3\\07 Tag Sephora Dreyers _ Empty Group _Lifecycle condition\\20220623_184221\\1656008035543.png, D:\\Projet Test Auto\\Mediabox Test Automation\\Reports\\20220623_184212\\03. Parallel Testing (Testing)\\TS -PT PART 3\\07 Tag Sephora Dreyers _ Empty Group _Lifecycle condition\\20220623_184221\\1656008050413.png, D:\\Projet Test Auto\\Mediabox Test Automation\\Reports\\20220623_184212\\03. Parallel Testing (Testing)\\TS -PT PART 3\\07 Tag Sephora Dreyers _ Empty Group _Lifecycle condition\\20220623_184221\\1656008076347.png, D:\\Projet Test Auto\\Mediabox Test Automation\\Reports\\20220623_184212\\03. Parallel Testing (Testing)\\TS -PT PART 3\\07 Tag Sephora Dreyers _ Empty Group _Lifecycle condition\\20220623_184221\\1656008142641.png, D:\\Projet Test Auto\\Mediabox Test Automation\\Reports\\20220623_184212\\03. Parallel Testing (Testing)\\TS -PT PART 3\\07 Tag Sephora Dreyers _ Empty Group _Lifecycle condition\\20220623_184221\\1656008194121.png, D:\\Projet Test Auto\\Mediabox Test Automation\\Reports\\20220623_184212\\03. Parallel Testing (Testing)\\TS -PT PART 3\\07 Tag Sephora Dreyers _ Empty Group _Lifecycle condition\\20220623_184221\\1656008201335.png, D:\\Projet Test Auto\\Mediabox Test Automation\\Reports\\20220623_184212\\03. Parallel Testing (Testing)\\TS -PT PART 3\\07 Tag Sephora Dreyers _ Empty Group _Lifecycle condition\\20220623_184221\\1656008234920.png, D:\\Projet Test Auto\\Mediabox Test Automation\\Reports\\20220623_184212\\03. Parallel Testing (Testing)\\TS -PT PART 3\\07 Tag Sephora Dreyers _ Empty Group _Lifecycle condition\\20220623_184221\\1656008275771.png, D:\\Projet Test Auto\\Mediabox Test Automation\\Reports\\20220623_184212\\03. Parallel Testing (Testing)\\TS -PT PART 3\\07 Tag Sephora Dreyers _ Empty Group _Lifecycle condition\\20220623_184221\\1656008293394.png, D:\\Projet Test Auto\\Mediabox Test Automation\\Reports\\20220623_184212\\03. Parallel Testing (Testing)\\TS -PT PART 3\\07 Tag Sephora Dreyers _ Empty Group _Lifecycle condition\\20220623_184221\\1656008300624.png, D:\\Projet Test Auto\\Mediabox Test Automation\\Reports\\20220623_184212\\03. Parallel Testing (Testing)\\TS -PT PART 3\\07 Tag Sephora Dreyers _ Empty Group _Lifecycle condition\\20220623_184221\\1656008303597.png, D:\\Projet Test Auto\\Mediabox Test Automation\\Reports\\20220623_184212\\03. Parallel Testing (Testing)\\TS -PT PART 3\\07 Tag Sephora Dreyers _ Empty Group _Lifecycle condition\\20220623_184221\\1656008308650.png, D:\\Projet Test Auto\\Mediabox Test Automation\\Reports\\20220623_184212\\03. Parallel Testing (Testing)\\TS -PT PART 3\\07 Tag Sephora Dreyers _ Empty Group _Lifecycle condition\\20220623_184221\\1656008313104.png, D:\\Projet Test Auto\\Mediabox Test Automation\\Reports\\20220623_184212\\03. Parallel Testing (Testing)\\TS -PT PART 3\\07 Tag Sephora Dreyers _ Empty Group _Lifecycle condition\\20220623_184221\\1656008327725.png, D:\\Projet Test Auto\\Mediabox Test Automation\\Reports\\20220623_184212\\03. Parallel Testing (Testing)\\TS -PT PART 3\\07 Tag Sephora Dreyers _ Empty Group _Lifecycle condition\\20220623_184221\\1656008346523.png, D:\\Projet Test Auto\\Mediabox Test Automation\\Reports\\20220623_184212\\03. Parallel Testing (Testing)\\TS -PT PART 3\\07 Tag Sephora Dreyers _ Empty Group _Lifecycle condition\\20220623_184221\\1656008358934.png, D:\\Projet Test Auto\\Mediabox Test Automation\\Reports\\20220623_184212\\03. Parallel Testing (Testing)\\TS -PT PART 3\\07 Tag Sephora Dreyers _ Empty Group _Lifecycle condition\\20220623_184221\\1656008363263.png, D:\\Projet Test Auto\\Mediabox Test Automation\\Reports\\20220623_184212\\03. Parallel Testing (Testing)\\TS -PT PART 3\\07 Tag Sephora Dreyers _ Empty Group _Lifecycle condition\\20220623_184221\\1656008367063.png, D:\\Projet Test Auto\\Mediabox Test Automation\\Reports\\20220623_184212\\03. Parallel Testing (Testing)\\TS -PT PART 3\\07 Tag Sephora Dreyers _ Empty Group _Lifecycle condition\\20220623_184221\\1656008381868.png, D:\\Projet Test Auto\\Mediabox Test Automation\\Reports\\20220623_184212\\03. Parallel Testing (Testing)\\TS -PT PART 3\\07 Tag Sephora Dreyers _ Empty Group _Lifecycle condition\\20220623_184221\\1656008384907.png, D:\\Projet Test Auto\\Mediabox Test Automation\\Reports\\20220623_184212\\03. Parallel Testing (Testing)\\TS -PT PART 3\\07 Tag Sephora Dreyers _ Empty Group _Lifecycle condition\\20220623_184221\\1656008399820.png, D:\\Projet Test Auto\\Mediabox Test Automation\\Reports\\20220623_184212\\03. Parallel Testing (Testing)\\TS -PT PART 3\\07 Tag Sephora Dreyers _ Empty Group _Lifecycle condition\\20220623_184221\\1656008410962.png, D:\\Projet Test Auto\\Mediabox Test Automation\\Reports\\20220623_184212\\03. Parallel Testing (Testing)\\TS -PT PART 3\\07 Tag Sephora Dreyers _ Empty Group _Lifecycle condition\\20220623_184221\\1656008413647.png, D:\\Projet Test Auto\\Mediabox Test Automation\\Reports\\20220623_184212\\03. Parallel Testing (Testing)\\TS -PT PART 3\\07 Tag Sephora Dreyers _ Empty Group _Lifecycle condition\\20220623_184221\\1656008418282.png, D:\\Projet Test Auto\\Mediabox Test Automation\\Reports\\20220623_184212\\03. Parallel Testing (Testing)\\TS -PT PART 3\\07 Tag Sephora Dreyers _ Empty Group _Lifecycle condition\\20220623_184221\\1656008434603.png, D:\\Projet Test Auto\\Mediabox Test Automation\\Reports\\20220623_184212\\03. Parallel Testing (Testing)\\TS -PT PART 3\\07 Tag Sephora Dreyers _ Empty Group _Lifecycle condition\\20220623_184221\\1656008436950.png, D:\\Projet Test Auto\\Mediabox Test Automation\\Reports\\20220623_184212\\03. Parallel Testing (Testing)\\TS -PT PART 3\\07 Tag Sephora Dreyers _ Empty Group _Lifecycle condition\\20220623_184221\\1656008444557.png, D:\\Projet Test Auto\\Mediabox Test Automation\\Reports\\20220623_184212\\03. Parallel Testing (Testing)\\TS -PT PART 3\\07 Tag Sephora Dreyers _ Empty Group _Lifecycle condition\\20220623_184221\\1656008450860.png, D:\\Projet Test Auto\\Mediabox Test Automation\\Reports\\20220623_184212\\03. Parallel Testing (Testing)\\TS -PT PART 3\\07 Tag Sephora Dreyers _ Empty Group _Lifecycle condition\\20220623_184221\\1656008456679.png, D:\\Projet Test Auto\\Mediabox Test Automation\\Reports\\20220623_184212\\03. Parallel Testing (Testing)\\TS -PT PART 3\\07 Tag Sephora Dreyers _ Empty Group _Lifecycle condition\\20220623_184221\\1656008475659.png, D:\\Projet Test Auto\\Mediabox Test Automation\\Reports\\20220623_184212\\03. Parallel Testing (Testing)\\TS -PT PART 3\\07 Tag Sephora Dreyers _ Empty Group _Lifecycle condition\\20220623_184221\\1656008478759.png, D:\\Projet Test Auto\\Mediabox Test Automation\\Reports\\20220623_184212\\03. Parallel Testing (Testing)\\TS -PT PART 3\\07 Tag Sephora Dreyers _ Empty Group _Lifecycle condition\\20220623_184221\\1656008495866.png, D:\\Projet Test Auto\\Mediabox Test Automation\\Reports\\20220623_184212\\03. Parallel Testing (Testing)\\TS -PT PART 3\\07 Tag Sephora Dreyers _ Empty Group _Lifecycle condition\\20220623_184221\\1656008502884.png, D:\\Projet Test Auto\\Mediabox Test Automation\\Reports\\20220623_184212\\03. Parallel Testing (Testing)\\TS -PT PART 3\\07 Tag Sephora Dreyers _ Empty Group _Lifecycle condition\\20220623_184221\\1656008503764.png, D:\\Projet Test Auto\\Mediabox Test Automation\\Reports\\20220623_184212\\03. Parallel Testing (Testing)\\TS -PT PART 3\\07 Tag Sephora Dreyers _ Empty Group _Lifecycle condition\\20220623_184221\\1656008510254.png, D:\\Projet Test Auto\\Mediabox Test Automation\\Reports\\20220623_184212\\03. Parallel Testing (Testing)\\TS -PT PART 3\\07 Tag Sephora Dreyers _ Empty Group _Lifecycle condition\\20220623_184221\\1656008516376.png, D:\\Projet Test Auto\\Mediabox Test Automation\\Reports\\20220623_184212\\03. Parallel Testing (Testing)\\TS -PT PART 3\\07 Tag Sephora Dreyers _ Empty Group _Lifecycle condition\\20220623_184221\\1656008545286.png, D:\\Projet Test Auto\\Mediabox Test Automation\\Reports\\20220623_184212\\03. Parallel Testing (Testing)\\TS -PT PART 3\\07 Tag Sephora Dreyers _ Empty Group _Lifecycle condition\\20220623_184221\\1656008577757.png, D:\\Projet Test Auto\\Mediabox Test Automation\\Reports\\20220623_184212\\03. Parallel Testing (Testing)\\TS -PT PART 3\\07 Tag Sephora Dreyers _ Empty Group _Lifecycle condition\\20220623_184221\\1656008663798.png, D:\\Projet Test Auto\\Mediabox Test Automation\\Reports\\20220623_184212\\03. Parallel Testing (Testing)\\TS -PT PART 3\\07 Tag Sephora Dreyers _ Empty Group _Lifecycle condition\\20220623_184221\\1656008676585.png, D:\\Projet Test Auto\\Mediabox Test Automation\\Reports\\20220623_184212\\03. Parallel Testing (Testing)\\TS -PT PART 3\\07 Tag Sephora Dreyers _ Empty Group _Lifecycle condition\\20220623_184221\\1656008707380.png, D:\\Projet Test Auto\\Mediabox Test Automation\\Reports\\20220623_184212\\03. Parallel Testing (Testing)\\TS -PT PART 3\\07 Tag Sephora Dreyers _ Empty Group _Lifecycle condition\\20220623_184221\\1656008725536.png, D:\\Projet Test Auto\\Mediabox Test Automation\\Reports\\20220623_184212\\03. Parallel Testing (Testing)\\TS -PT PART 3\\07 Tag Sephora Dreyers _ Empty Group _Lifecycle condition\\20220623_184221\\1656008732635.png, D:\\Projet Test Auto\\Mediabox Test Automation\\Reports\\20220623_184212\\03. Parallel Testing (Testing)\\TS -PT PART 3\\07 Tag Sephora Dreyers _ Empty Group _Lifecycle condition\\20220623_184221\\1656008778091.png, D:\\Projet Test Auto\\Mediabox Test Automation\\Reports\\20220623_184212\\03. Parallel Testing (Testing)\\TS -PT PART 3\\07 Tag Sephora Dreyers _ Empty Group _Lifecycle condition\\20220623_184221\\1656008841466.png, D:\\Projet Test Auto\\Mediabox Test Automation\\Reports\\20220623_184212\\03. Parallel Testing (Testing)\\TS -PT PART 3\\07 Tag Sephora Dreyers _ Empty Group _Lifecycle condition\\20220623_184221\\1656008911601.png, D:\\Projet Test Auto\\Mediabox Test Automation\\Reports\\20220623_184212\\03. Parallel Testing (Testing)\\TS -PT PART 3\\07 Tag Sephora Dreyers _ Empty Group _Lifecycle condition\\20220623_184221\\1656008919380.png, D:\\Projet Test Auto\\Mediabox Test Automation\\Reports\\20220623_184212\\03. Parallel Testing (Testing)\\TS -PT PART 3\\07 Tag Sephora Dreyers _ Empty Group _Lifecycle condition\\20220623_184221\\1656008978922.png, D:\\Projet Test Auto\\Mediabox Test Automation\\Reports\\20220623_184212\\03. Parallel Testing (Testing)\\TS -PT PART 3\\07 Tag Sephora Dreyers _ Empty Group _Lifecycle condition\\20220623_184221\\1656009047581.png, D:\\Projet Test Auto\\Mediabox Test Automation\\Reports\\20220623_184212\\03. Parallel Testing (Testing)\\TS -PT PART 3\\07 Tag Sephora Dreyers _ Empty Group _Lifecycle condition\\20220623_184221\\1656009074318.png, D:\\Projet Test Auto\\Mediabox Test Automation\\Reports\\20220623_184212\\03. Parallel Testing (Testing)\\TS -PT PART 3\\07 Tag Sephora Dreyers _ Empty Group _Lifecycle condition\\20220623_184221\\1656009101651.png, D:\\Projet Test Auto\\Mediabox Test Automation\\Reports\\20220623_184212\\03. Parallel Testing (Testing)\\TS -PT PART 3\\07 Tag Sephora Dreyers _ Empty Group _Lifecycle condition\\20220623_184221\\1656009105583.png, D:\\Projet Test Auto\\Mediabox Test Automation\\Reports\\20220623_184212\\03. Parallel Testing (Testing)\\TS -PT PART 3\\07 Tag Sephora Dreyers _ Empty Group _Lifecycle condition\\20220623_184221\\1656009118772.png, D:\\Projet Test Auto\\Mediabox Test Automation\\Reports\\20220623_184212\\03. Parallel Testing (Testing)\\TS -PT PART 3\\07 Tag Sephora Dreyers _ Empty Group _Lifecycle condition\\20220623_184221\\1656009123884.png, D:\\Projet Test Auto\\Mediabox Test Automation\\Reports\\20220623_184212\\03. Parallel Testing (Testing)\\TS -PT PART 3\\07 Tag Sephora Dreyers _ Empty Group _Lifecycle condition\\20220623_184221\\1656009129529.png, D:\\Projet Test Auto\\Mediabox Test Automation\\Reports\\20220623_184212\\03. Parallel Testing (Testing)\\TS -PT PART 3\\07 Tag Sephora Dreyers _ Empty Group _Lifecycle condition\\20220623_184221\\1656009142646.png, D:\\Projet Test Auto\\Mediabox Test Automation\\Reports\\20220623_184212\\03. Parallel Testing (Testing)\\TS -PT PART 3\\07 Tag Sephora Dreyers _ Empty Group _Lifecycle condition\\20220623_184221\\1656009146836.png, D:\\Projet Test Auto\\Mediabox Test Automation\\Reports\\20220623_184212\\03. Parallel Testing (Testing)\\TS -PT PART 3\\07 Tag Sephora Dreyers _ Empty Group _Lifecycle condition\\20220623_184221\\1656009162844.png, D:\\Projet Test Auto\\Mediabox Test Automation\\Reports\\20220623_184212\\03. Parallel Testing (Testing)\\TS -PT PART 3\\07 Tag Sephora Dreyers _ Empty Group _Lifecycle condition\\20220623_184221\\1656009201925.png, D:\\Projet Test Auto\\Mediabox Test Automation\\Reports\\20220623_184212\\03. Parallel Testing (Testing)\\TS -PT PART 3\\07 Tag Sephora Dreyers _ Empty Group _Lifecycle condition\\20220623_184221\\1656009225410.png, D:\\Projet Test Auto\\Mediabox Test Automation\\Reports\\20220623_184212\\03. Parallel Testing (Testing)\\TS -PT PART 3\\07 Tag Sephora Dreyers _ Empty Group _Lifecycle condition\\20220623_184221\\1656009233796.png, D:\\Projet Test Auto\\Mediabox Test Automation\\Reports\\20220623_184212\\03. Parallel Testing (Testing)\\TS -PT PART 3\\07 Tag Sephora Dreyers _ Empty Group _Lifecycle condition\\20220623_184221\\1656009271871.png, D:\\Projet Test Auto\\Mediabox Test Automation\\Reports\\20220623_184212\\03. Parallel Testing (Testing)\\TS -PT PART 3\\07 Tag Sephora Dreyers _ Empty Group _Lifecycle condition\\20220623_184221\\1656009298427.png, D:\\Projet Test Auto\\Mediabox Test Automation\\Reports\\20220623_184212\\03. Parallel Testing (Testing)\\TS -PT PART 3\\07 Tag Sephora Dreyers _ Empty Group _Lifecycle condition\\20220623_184221\\1656009303227.png, D:\\Projet Test Auto\\Mediabox Test Automation\\Reports\\20220623_184212\\03. Parallel Testing (Testing)\\TS -PT PART 3\\07 Tag Sephora Dreyers _ Empty Group _Lifecycle condition\\20220623_184221\\1656009343046.png, D:\\Projet Test Auto\\Mediabox Test Automation\\Reports\\20220623_184212\\03. Parallel Testing (Testing)\\TS -PT PART 3\\07 Tag Sephora Dreyers _ Empty Group _Lifecycle condition\\20220623_184221\\1656009365239.png, D:\\Projet Test Auto\\Mediabox Test Automation\\Reports\\20220623_184212\\03. Parallel Testing (Testing)\\TS -PT PART 3\\07 Tag Sephora Dreyers _ Empty Group _Lifecycle condition\\20220623_184221\\1656009369479.png, D:\\Projet Test Auto\\Mediabox Test Automation\\Reports\\20220623_184212\\03. Parallel Testing (Testing)\\TS -PT PART 3\\07 Tag Sephora Dreyers _ Empty Group _Lifecycle condition\\20220623_184221\\1656009403245.png, D:\\Projet Test Auto\\Mediabox Test Automation\\Reports\\20220623_184212\\03. Parallel Testing (Testing)\\TS -PT PART 3\\07 Tag Sephora Dreyers _ Empty Group _Lifecycle condition\\20220623_184221\\1656009429082.png, D:\\Projet Test Auto\\Mediabox Test Automation\\Reports\\20220623_184212\\03. Parallel Testing (Testing)\\TS -PT PART 3\\07 Tag Sephora Dreyers _ Empty Group _Lifecycle condition\\20220623_184221\\1656009489787.png, D:\\Projet Test Auto\\Mediabox Test Automation\\Reports\\20220623_184212\\03. Parallel Testing (Testing)\\TS -PT PART 3\\07 Tag Sephora Dreyers _ Empty Group _Lifecycle condition\\20220623_184221\\1656009511205.png, D:\\Projet Test Auto\\Mediabox Test Automation\\Reports\\20220623_184212\\03. Parallel Testing (Testing)\\TS -PT PART 3\\07 Tag Sephora Dreyers _ Empty Group _Lifecycle condition\\20220623_184221\\1656009517501.png, D:\\Projet Test Auto\\Mediabox Test Automation\\Reports\\20220623_184212\\03. Parallel Testing (Testing)\\TS -PT PART 3\\07 Tag Sephora Dreyers _ Empty Group _Lifecycle condition\\20220623_184221\\1656009525276.png, D:\\Projet Test Auto\\Mediabox Test Automation\\Reports\\20220623_184212\\03. Parallel Testing (Testing)\\TS -PT PART 3\\07 Tag Sephora Dreyers _ Empty Group _Lifecycle condition\\20220623_184221\\1656009558288.png, D:\\Projet Test Auto\\Mediabox Test Automation\\Reports\\20220623_184212\\03. Parallel Testing (Testing)\\TS -PT PART 3\\07 Tag Sephora Dreyers _ Empty Group _Lifecycle condition\\20220623_184221\\1656009598158.png, D:\\Projet Test Auto\\Mediabox Test Automation\\Reports\\20220623_184212\\03. Parallel Testing (Testing)\\TS -PT PART 3\\07 Tag Sephora Dreyers _ Empty Group _Lifecycle condition\\20220623_184221\\1656009739875.png, D:\\Projet Test Auto\\Mediabox Test Automation\\Reports\\20220623_184212\\03. Parallel Testing (Testing)\\TS -PT PART 3\\07 Tag Sephora Dreyers _ Empty Group _Lifecycle condition\\20220623_184221\\1656009752585.png, D:\\Projet Test Auto\\Mediabox Test Automation\\Reports\\20220623_184212\\03. Parallel Testing (Testing)\\TS -PT PART 3\\07 Tag Sephora Dreyers _ Empty Group _Lifecycle condition\\20220623_184221\\1656009784784.png, D:\\Projet Test Auto\\Mediabox Test Automation\\Reports\\20220623_184212\\03. Parallel Testing (Testing)\\TS -PT PART 3\\07 Tag Sephora Dreyers _ Empty Group _Lifecycle condition\\20220623_184221\\1656009800340.png, D:\\Projet Test Auto\\Mediabox Test Automation\\Reports\\20220623_184212\\03. Parallel Testing (Testing)\\TS -PT PART 3\\07 Tag Sephora Dreyers _ Empty Group _Lifecycle condition\\20220623_184221\\1656009808073.png, D:\\Projet Test Auto\\Mediabox Test Automation\\Reports\\20220623_184212\\03. Parallel Testing (Testing)\\TS -PT PART 3\\07 Tag Sephora Dreyers _ Empty Group _Lifecycle condition\\20220623_184221\\1656009856813.png, D:\\Projet Test Auto\\Mediabox Test Automation\\Reports\\20220623_184212\\03. Parallel Testing (Testing)\\TS -PT PART 3\\07 Tag Sephora Dreyers _ Empty Group _Lifecycle condition\\20220623_184221\\1656009875230.png, D:\\Projet Test Auto\\Mediabox Test Automation\\Reports\\20220623_184212\\03. Parallel Testing (Testing)\\TS -PT PART 3\\07 Tag Sephora Dreyers _ Empty Group _Lifecycle condition\\20220623_184221\\1656009902155.png, D:\\Projet Test Auto\\Mediabox Test Automation\\Reports\\20220623_184212\\03. Parallel Testing (Testing)\\TS -PT PART 3\\07 Tag Sephora Dreyers _ Empty Group _Lifecycle condition\\20220623_184221\\1656009914029.png, D:\\Projet Test Auto\\Mediabox Test Automation\\Reports\\20220623_184212\\03. Parallel Testing (Testing)\\TS -PT PART 3\\07 Tag Sephora Dreyers _ Empty Group _Lifecycle condition\\20220623_184221\\1656009915528.png, D:\\Projet Test Auto\\Mediabox Test Automation\\Reports\\20220623_184212\\03. Parallel Testing (Testing)\\TS -PT PART 3\\07 Tag Sephora Dreyers _ Empty Group _Lifecycle condition\\20220623_184221\\1656009930029.png, D:\\Projet Test Auto\\Mediabox Test Automation\\Reports\\20220623_184212\\03. Parallel Testing (Testing)\\TS -PT PART 3\\07 Tag Sephora Dreyers _ Empty Group _Lifecycle condition\\20220623_184221\\1656009962451.png, D:\\Projet Test Auto\\Mediabox Test Automation\\Reports\\20220623_184212\\03. Parallel Testing (Testing)\\TS -PT PART 3\\07 Tag Sephora Dreyers _ Empty Group _Lifecycle condition\\20220623_184221\\1656009982982.png, D:\\Projet Test Auto\\Mediabox Test Automation\\Reports\\20220623_184212\\03. Parallel Testing (Testing)\\TS -PT PART 3\\07 Tag Sephora Dreyers _ Empty Group _Lifecycle condition\\20220623_184221\\1656009986995.png, D:\\Projet Test Auto\\Mediabox Test Automation\\Reports\\20220623_184212\\03. Parallel Testing (Testing)\\TS -PT PART 3\\07 Tag Sephora Dreyers _ Empty Group _Lifecycle condition\\20220623_184221\\1656010019709.png, D:\\Projet Test Auto\\Mediabox Test Automation\\Reports\\20220623_184212\\03. Parallel Testing (Testing)\\TS -PT PART 3\\07 Tag Sephora Dreyers _ Empty Group _Lifecycle condition\\20220623_184221\\1656010037093.png, D:\\Projet Test Auto\\Mediabox Test Automation\\Reports\\20220623_184212\\03. Parallel Testing (Testing)\\TS -PT PART 3\\07 Tag Sephora Dreyers _ Empty Group _Lifecycle condition\\20220623_184221\\1656010040414.png, D:\\Projet Test Auto\\Mediabox Test Automation\\Reports\\20220623_184212\\03. Parallel Testing (Testing)\\TS -PT PART 3\\07 Tag Sephora Dreyers _ Empty Group _Lifecycle condition\\20220623_184221\\1656010072731.png, D:\\Projet Test Auto\\Mediabox Test Automation\\Reports\\20220623_184212\\03. Parallel Testing (Testing)\\TS -PT PART 3\\07 Tag Sephora Dreyers _ Empty Group _Lifecycle condition\\20220623_184221\\1656010093878.png, D:\\Projet Test Auto\\Mediabox Test Automation\\Reports\\20220623_184212\\03. Parallel Testing (Testing)\\TS -PT PART 3\\07 Tag Sephora Dreyers _ Empty Group _Lifecycle condition\\20220623_184221\\1656010101868.png, D:\\Projet Test Auto\\Mediabox Test Automation\\Reports\\20220623_184212\\03. Parallel Testing (Testing)\\TS -PT PART 3\\07 Tag Sephora Dreyers _ Empty Group _Lifecycle condition\\20220623_184221\\1656010104625.png, D:\\Projet Test Auto\\Mediabox Test Automation\\Reports\\20220623_184212\\03. Parallel Testing (Testing)\\TS -PT PART 3\\07 Tag Sephora Dreyers _ Empty Group _Lifecycle condition\\20220623_184221\\1656010107623.png, D:\\Projet Test Auto\\Mediabox Test Automation\\Reports\\20220623_184212\\03. Parallel Testing (Testing)\\TS -PT PART 3\\07 Tag Sephora Dreyers _ Empty Group _Lifecycle condition\\20220623_184221\\1656010110767.png, D:\\Projet Test Auto\\Mediabox Test Automation\\Reports\\20220623_184212\\03. Parallel Testing (Testing)\\TS -PT PART 3\\07 Tag Sephora Dreyers _ Empty Group _Lifecycle condition\\20220623_184221\\1656010116908.png, D:\\Projet Test Auto\\Mediabox Test Automation\\Reports\\20220623_184212\\03. Parallel Testing (Testing)\\TS -PT PART 3\\07 Tag Sephora Dreyers _ Empty Group _Lifecycle condition\\20220623_184221\\1656010126308.png, D:\\Projet Test Auto\\Mediabox Test Automation\\Reports\\20220623_184212\\03. Parallel Testing (Testing)\\TS -PT PART 3\\07 Tag Sephora Dreyers _ Empty Group _Lifecycle condition\\20220623_184221\\1656010133039.png, D:\\Projet Test Auto\\Mediabox Test Automation\\Reports\\20220623_184212\\03. Parallel Testing (Testing)\\TS -PT PART 3\\07 Tag Sephora Dreyers _ Empty Group _Lifecycle condition\\20220623_184221\\1656010140620.png, D:\\Projet Test Auto\\Mediabox Test Automation\\Reports\\20220623_184212\\03. Parallel Testing (Testing)\\TS -PT PART 3\\07 Tag Sephora Dreyers _ Empty Group _Lifecycle condition\\20220623_184221\\1656010147709.png, D:\\Projet Test Auto\\Mediabox Test Automation\\Reports\\20220623_184212\\03. Parallel Testing (Testing)\\TS -PT PART 3\\07 Tag Sephora Dreyers _ Empty Group _Lifecycle condition\\20220623_184221\\1656010163624.png, D:\\Projet Test Auto\\Mediabox Test Automation\\Reports\\20220623_184212\\03. Parallel Testing (Testing)\\TS -PT PART 3\\07 Tag Sephora Dreyers _ Empty Group _Lifecycle condition\\20220623_184221\\1656010166642.png, D:\\Projet Test Auto\\Mediabox Test Automation\\Reports\\20220623_184212\\03. Parallel Testing (Testing)\\TS -PT PART 3\\07 Tag Sephora Dreyers _ Empty Group _Lifecycle condition\\20220623_184221\\1656010169858.png, D:\\Projet Test Auto\\Mediabox Test Automation\\Reports\\20220623_184212\\03. Parallel Testing (Testing)\\TS -PT PART 3\\07 Tag Sephora Dreyers _ Empty Group _Lifecycle condition\\20220623_184221\\1656010178073.png, D:\\Projet Test Auto\\Mediabox Test Automation\\Reports\\20220623_184212\\03. Parallel Testing (Testing)\\TS -PT PART 3\\07 Tag Sephora Dreyers _ Empty Group _Lifecycle condition\\20220623_184221\\1656010225819.png, D:\\Projet Test Auto\\Mediabox Test Automation\\Reports\\20220623_184212\\03. Parallel Testing (Testing)\\TS -PT PART 3\\07 Tag Sephora Dreyers _ Empty Group _Lifecycle condition\\20220623_184221\\1656010259720.png, D:\\Projet Test Auto\\Mediabox Test Automation\\Reports\\20220623_184212\\03. Parallel Testing (Testing)\\TS -PT PART 3\\07 Tag Sephora Dreyers _ Empty Group _Lifecycle condition\\20220623_184221\\1656010381992.png, D:\\Projet Test Auto\\Mediabox Test Automation\\Reports\\20220623_184212\\03. Parallel Testing (Testing)\\TS -PT PART 3\\07 Tag Sephora Dreyers _ Empty Group _Lifecycle condition\\20220623_184221\\1656010401297.png, D:\\Projet Test Auto\\Mediabox Test Automation\\Reports\\20220623_184212\\03. Parallel Testing (Testing)\\TS -PT PART 3\\07 Tag Sephora Dreyers _ Empty Group _Lifecycle condition\\20220623_184221\\1656010407598.png, D:\\Projet Test Auto\\Mediabox Test Automation\\Reports\\20220623_184212\\03. Parallel Testing (Testing)\\TS -PT PART 3\\07 Tag Sephora Dreyers _ Empty Group _Lifecycle condition\\20220623_184221\\1656010430287.png, D:\\Projet Test Auto\\Mediabox Test Automation\\Reports\\20220623_184212\\03. Parallel Testing (Testing)\\TS -PT PART 3\\07 Tag Sephora Dreyers _ Empty Group _Lifecycle condition\\20220623_184221\\1656010457446.png, D:\\Projet Test Auto\\Mediabox Test Automation\\Reports\\20220623_184212\\03. Parallel Testing (Testing)\\TS -PT PART 3\\07 Tag Sephora Dreyers _ Empty Group _Lifecycle condition\\20220623_184221\\1656010467412.png, D:\\Projet Test Auto\\Mediabox Test Automation\\Reports\\20220623_184212\\03. Parallel Testing (Testing)\\TS -PT PART 3\\07 Tag Sephora Dreyers _ Empty Group _Lifecycle condition\\20220623_184221\\1656010492391.png, D:\\Projet Test Auto\\Mediabox Test Automation\\Reports\\20220623_184212\\03. Parallel Testing (Testing)\\TS -PT PART 3\\07 Tag Sephora Dreyers _ Empty Group _Lifecycle condition\\20220623_184221\\1656010508117.png, D:\\Projet Test Auto\\Mediabox Test Automation\\Reports\\20220623_184212\\03. Parallel Testing (Testing)\\TS -PT PART 3\\07 Tag Sephora Dreyers _ Empty Group _Lifecycle condition\\20220623_184221\\1656010533535.png, D:\\Projet Test Auto\\Mediabox Test Automation\\Reports\\20220623_184212\\03. Parallel Testing (Testing)\\TS -PT PART 3\\07 Tag Sephora Dreyers _ Empty Group _Lifecycle condition\\20220623_184221\\1656010543327.png, D:\\Projet Test Auto\\Mediabox Test Automation\\Reports\\20220623_184212\\03. Parallel Testing (Testing)\\TS -PT PART 3\\07 Tag Sephora Dreyers _ Empty Group _Lifecycle condition\\20220623_184221\\1656010569573.png, D:\\Projet Test Auto\\Mediabox Test Automation\\Reports\\20220623_184212\\03. Parallel Testing (Testing)\\TS -PT PART 3\\07 Tag Sephora Dreyers _ Empty Group _Lifecycle condition\\20220623_184221\\1656010585809.png, D:\\Projet Test Auto\\Mediabox Test Automation\\Reports\\20220623_184212\\03. Parallel Testing (Testing)\\TS -PT PART 3\\07 Tag Sephora Dreyers _ Empty Group _Lifecycle condition\\20220623_184221\\1656010622645.png, D:\\Projet Test Auto\\Mediabox Test Automation\\Reports\\20220623_184212\\03. Parallel Testing (Testing)\\TS -PT PART 3\\07 Tag Sephora Dreyers _ Empty Group _Lifecycle condition\\20220623_184221\\1656010644397.png, D:\\Projet Test Auto\\Mediabox Test Automation\\Reports\\20220623_184212\\03. Parallel Testing (Testing)\\TS -PT PART 3\\07 Tag Sephora Dreyers _ Empty Group _Lifecycle condition\\20220623_184221\\1656010677215.png, D:\\Projet Test Auto\\Mediabox Test Automation\\Reports\\20220623_184212\\03. Parallel Testing (Testing)\\TS -PT PART 3\\07 Tag Sephora Dreyers _ Empty Group _Lifecycle condition\\20220623_184221\\1656010689244.png, D:\\Projet Test Auto\\Mediabox Test Automation\\Reports\\20220623_184212\\03. Parallel Testing (Testing)\\TS -PT PART 3\\07 Tag Sephora Dreyers _ Empty Group _Lifecycle condition\\20220623_184221\\1656010700634.png, D:\\Projet Test Auto\\Mediabox Test Automation\\Reports\\20220623_184212\\03. Parallel Testing (Testing)\\TS -PT PART 3\\07 Tag Sephora Dreyers _ Empty Group _Lifecycle condition\\20220623_184221\\1656010708937.png, D:\\Projet Test Auto\\Mediabox Test Automation\\Reports\\20220623_184212\\03. Parallel Testing (Testing)\\TS -PT PART 3\\07 Tag Sephora Dreyers _ Empty Group _Lifecycle condition\\20220623_184221\\1656010718833.png, D:\\Projet Test Auto\\Mediabox Test Automation\\Reports\\20220623_184212\\03. Parallel Testing (Testing)\\TS -PT PART 3\\07 Tag Sephora Dreyers _ Empty Group _Lifecycle condition\\20220623_184221\\1656010726181.png, D:\\Projet Test Auto\\Mediabox Test Automation\\Reports\\20220623_184212\\03. Parallel Testing (Testing)\\TS -PT PART 3\\07 Tag Sephora Dreyers _ Empty Group _Lifecycle condition\\20220623_184221\\1656010733581.png, D:\\Projet Test Auto\\Mediabox Test Automation\\Reports\\20220623_184212\\03. Parallel Testing (Testing)\\TS -PT PART 3\\07 Tag Sephora Dreyers _ Empty Group _Lifecycle condition\\20220623_184221\\1656010745828.png, D:\\Projet Test Auto\\Mediabox Test Automation\\Reports\\20220623_184212\\03. Parallel Testing (Testing)\\TS -PT PART 3\\07 Tag Sephora Dreyers _ Empty Group _Lifecycle condition\\20220623_184221\\1656010754830.png, D:\\Projet Test Auto\\Mediabox Test Automation\\Reports\\20220623_184212\\03. Parallel Testing (Testing)\\TS -PT PART 3\\07 Tag Sephora Dreyers _ Empty Group _Lifecycle condition\\20220623_184221\\1656010760404.png, D:\\Projet Test Auto\\Mediabox Test Automation\\Reports\\20220623_184212\\03. Parallel Testing (Testing)\\TS -PT PART 3\\07 Tag Sephora Dreyers _ Empty Group _Lifecycle condition\\20220623_184221\\1656010767907.png, D:\\Projet Test Auto\\Mediabox Test Automation\\Reports\\20220623_184212\\03. Parallel Testing (Testing)\\TS -PT PART 3\\07 Tag Sephora Dreyers _ Empty Group _Lifecycle condition\\20220623_184221\\1656010776872.png, D:\\Projet Test Auto\\Mediabox Test Automation\\Reports\\20220623_184212\\03. Parallel Testing (Testing)\\TS -PT PART 3\\07 Tag Sephora Dreyers _ Empty Group _Lifecycle condition\\20220623_184221\\1656010814643.png, D:\\Projet Test Auto\\Mediabox Test Automation\\Reports\\20220623_184212\\03. Parallel Testing (Testing)\\TS -PT PART 3\\07 Tag Sephora Dreyers _ Empty Group _Lifecycle condition\\20220623_184221\\1656010869433.png, D:\\Projet Test Auto\\Mediabox Test Automation\\Reports\\20220623_184212\\03. Parallel Testing (Testing)\\TS -PT PART 3\\07 Tag Sephora Dreyers _ Empty Group _Lifecycle condition\\20220623_184221\\1656010981270.png, D:\\Projet Test Auto\\Mediabox Test Automation\\Reports\\20220623_184212\\03. Parallel Testing (Testing)\\TS -PT PART 3\\07 Tag Sephora Dreyers _ Empty Group _Lifecycle condition\\20220623_184221\\1656010991200.png, D:\\Projet Test Auto\\Mediabox Test Automation\\Reports\\20220623_184212\\03. Parallel Testing (Testing)\\TS -PT PART 3\\07 Tag Sephora Dreyers _ Empty Group _Lifecycle condition\\20220623_184221\\1656010997695.png, D:\\Projet Test Auto\\Mediabox Test Automation\\Reports\\20220623_184212\\03. Parallel Testing (Testing)\\TS -PT PART 3\\07 Tag Sephora Dreyers _ Empty Group _Lifecycle condition\\20220623_184221\\1656011014079.png, D:\\Projet Test Auto\\Mediabox Test Automation\\Reports\\20220623_184212\\03. Parallel Testing (Testing)\\TS -PT PART 3\\07 Tag Sephora Dreyers _ Empty Group _Lifecycle condition\\20220623_184221\\1656011032081.png, D:\\Projet Test Auto\\Mediabox Test Automation\\Reports\\20220623_184212\\03. Parallel Testing (Testing)\\TS -PT PART 3\\07 Tag Sephora Dreyers _ Empty Group _Lifecycle condition\\20220623_184221\\1656011041119.png, D:\\Projet Test Auto\\Mediabox Test Automation\\Reports\\20220623_184212\\03. Parallel Testing (Testing)\\TS -PT PART 3\\07 Tag Sephora Dreyers _ Empty Group _Lifecycle condition\\20220623_184221\\1656011054911.png, D:\\Projet Test Auto\\Mediabox Test Automation\\Reports\\20220623_184212\\03. Parallel Testing (Testing)\\TS -PT PART 3\\07 Tag Sephora Dreyers _ Empty Group _Lifecycle condition\\20220623_184221\\1656011066953.png, D:\\Projet Test Auto\\Mediabox Test Automation\\Reports\\20220623_184212\\03. Parallel Testing (Testing)\\TS -PT PART 3\\07 Tag Sephora Dreyers _ Empty Group _Lifecycle condition\\20220623_184221\\1656011075300.png, D:\\Projet Test Auto\\Mediabox Test Automation\\Reports\\20220623_184212\\03. Parallel Testing (Testing)\\TS -PT PART 3\\07 Tag Sephora Dreyers _ Empty Group _Lifecycle condition\\20220623_184221\\1656011084398.png, D:\\Projet Test Auto\\Mediabox Test Automation\\Reports\\20220623_184212\\03. Parallel Testing (Testing)\\TS -PT PART 3\\07 Tag Sephora Dreyers _ Empty Group _Lifecycle condition\\20220623_184221\\1656011092044.png, D:\\Projet Test Auto\\Mediabox Test Automation\\Reports\\20220623_184212\\03. Parallel Testing (Testing)\\TS -PT PART 3\\07 Tag Sephora Dreyers _ Empty Group _Lifecycle condition\\20220623_184221\\1656011101806.png, D:\\Projet Test Auto\\Mediabox Test Automation\\Reports\\20220623_184212\\03. Parallel Testing (Testing)\\TS -PT PART 3\\07 Tag Sephora Dreyers _ Empty Group _Lifecycle condition\\20220623_184221\\1656011135100.png, D:\\Projet Test Auto\\Mediabox Test Automation\\Reports\\20220623_184212\\03. Parallel Testing (Testing)\\TS -PT PART 3\\07 Tag Sephora Dreyers _ Empty Group _Lifecycle condition\\20220623_184221\\1656011164080.png, D:\\Projet Test Auto\\Mediabox Test Automation\\Reports\\20220623_184212\\03. Parallel Testing (Testing)\\TS -PT PART 3\\07 Tag Sephora Dreyers _ Empty Group _Lifecycle condition\\20220623_184221\\1656011199549.png, D:\\Projet Test Auto\\Mediabox Test Automation\\Reports\\20220623_184212\\03. Parallel Testing (Testing)\\TS -PT PART 3\\07 Tag Sephora Dreyers _ Empty Group _Lifecycle condition\\20220623_184221\\1656011202438.png, D:\\Projet Test Auto\\Mediabox Test Automation\\Reports\\20220623_184212\\03. Parallel Testing (Testing)\\TS -PT PART 3\\07 Tag Sephora Dreyers _ Empty Group _Lifecycle condition\\20220623_184221\\1656011211159.png, D:\\Projet Test Auto\\Mediabox Test Automation\\Reports\\20220623_184212\\03. Parallel Testing (Testing)\\TS -PT PART 3\\07 Tag Sephora Dreyers _ Empty Group _Lifecycle condition\\20220623_184221\\1656011220925.png, D:\\Projet Test Auto\\Mediabox Test Automation\\Reports\\20220623_184212\\03. Parallel Testing (Testing)\\TS -PT PART 3\\07 Tag Sephora Dreyers _ Empty Group _Lifecycle condition\\20220623_184221\\1656011228431.png, D:\\Projet Test Auto\\Mediabox Test Automation\\Reports\\20220623_184212\\03. Parallel Testing (Testing)\\TS -PT PART 3\\07 Tag Sephora Dreyers _ Empty Group _Lifecycle condition\\20220623_184221\\1656011232473.png, D:\\Projet Test Auto\\Mediabox Test Automation\\Reports\\20220623_184212\\03. Parallel Testing (Testing)\\TS -PT PART 3\\07 Tag Sephora Dreyers _ Empty Group _Lifecycle condition\\20220623_184221\\1656011240848.png, D:\\Projet Test Auto\\Mediabox Test Automation\\Reports\\20220623_184212\\03. Parallel Testing (Testing)\\TS -PT PART 3\\07 Tag Sephora Dreyers _ Empty Group _Lifecycle condition\\20220623_184221\\1656011248458.png, D:\\Projet Test Auto\\Mediabox Test Automation\\Reports\\20220623_184212\\03. Parallel Testing (Testing)\\TS -PT PART 3\\07 Tag Sephora Dreyers _ Empty Group _Lifecycle condition\\20220623_184221\\1656011255893.png, D:\\Projet Test Auto\\Mediabox Test Automation\\Reports\\20220623_184212\\03. Parallel Testing (Testing)\\TS -PT PART 3\\07 Tag Sephora Dreyers _ Empty Group _Lifecycle condition\\20220623_184221\\1656011295875.png, D:\\Projet Test Auto\\Mediabox Test Automation\\Reports\\20220623_184212\\03. Parallel Testing (Testing)\\TS -PT PART 3\\07 Tag Sephora Dreyers _ Empty Group _Lifecycle condition\\20220623_184221\\1656011300629.png, D:\\Projet Test Auto\\Mediabox Test Automation\\Reports\\20220623_184212\\03. Parallel Testing (Testing)\\TS -PT PART 3\\07 Tag Sephora Dreyers _ Empty Group _Lifecycle condition\\20220623_184221\\1656011307877.png, D:\\Projet Test Auto\\Mediabox Test Automation\\Reports\\20220623_184212\\03. Parallel Testing (Testing)\\TS -PT PART 3\\07 Tag Sephora Dreyers _ Empty Group _Lifecycle condition\\20220623_184221\\1656011309893.png, D:\\Projet Test Auto\\Mediabox Test Automation\\Reports\\20220623_184212\\03. Parallel Testing (Testing)\\TS -PT PART 3\\07 Tag Sephora Dreyers _ Empty Group _Lifecycle condition\\20220623_184221\\1656011312630.png"/>
         <property name="hostName" value="lamhe - DPF-MBI-VERIF.ad.sgsco.int"/>
         <property name="os" value="Windows 10 64bit"/>
         <property name="katalonVersion" value="8.3.0.208"/>
         <property name="browser" value="Chrome 102.0.5005.115"/>
         <property name="hostAddress" value="10.15.10.53"/>
         <property name="sessionId" value="3bb0e44d7998bdc0ff6d8712b1246d60"/>
         <property name="seleniumVersion" value="3.141.59"/>
         <property name="proxyInformation" value="ProxyInformation { proxyOption=NO_PROXY, proxyServerType=HTTP, username=, password=********, proxyServerAddress=, proxyServerPort=0, executionList=&quot;&quot;, isApplyToDesiredCapabilities=true }"/>
         <property name="platform" value="Windows 10"/>
      </properties>
      <testcase name="Test Cases/12. Tag Sephora Control Tag on Empty Group/12.1 Tag Empty Group Filtered group ( all field is filled _ no user) Existing P" time="190.461" classname="Test Cases/12. Tag Sephora Control Tag on Empty Group/12.1 Tag Empty Group Filtered group ( all field is filled _ no user) Existing P" status="PASSED">
         <system-out><![CDATA[2022-06-23 20:12:11 - [TEST_CASE][PASSED] - Test Cases/12. Tag Sephora Control Tag on Empty Group/12.1 Tag Empty Group Filtered group ( all field is filled _ no user) Existing P: Test Cases/12. Tag Sephora Control Tag on Empty Group/12.1 Tag Empty Group Filtered group ( all field is filled _ no user) Existing P

2022-06-23 20:12:12 - [TEST_STEP][PASSED] - data_Tag = findTestData("Data Files/Username_Password/Tag"): null

2022-06-23 20:12:13 - [TEST_STEP][PASSED] - password_jedun = data_Tag.getValue(3, 1): null

2022-06-23 20:12:13 - [TEST_STEP][PASSED] - password_rrowland = data_Tag.getValue(3, 2): null

2022-06-23 20:12:13 - [TEST_STEP][PASSED] - password_stest = data_Tag.getValue(3, 3): null

2022-06-23 20:12:13 - [TEST_STEP][PASSED] - password_itroin = data_Tag.getValue(3, 4): null

2022-06-23 20:12:13 - [TEST_STEP][PASSED] - password_igedik = data_Tag.getValue(3, 5): null

2022-06-23 20:12:13 - [TEST_STEP][PASSED] - password_mderdour = data_Tag.getValue(3, 6): null

2022-06-23 20:12:13 - [TEST_STEP][PASSED] - password_achatin = data_Tag.getValue(3, 7): null

2022-06-23 20:12:13 - [TEST_STEP][PASSED] - password_tliu = data_Tag.getValue(3, 8): null

2022-06-23 20:12:13 - [TEST_STEP][PASSED] - password_ccaramella = data_Tag.getValue(3, 9): null

2022-06-23 20:12:13 - [TEST_STEP][PASSED] - password_achay = data_Tag.getValue(3, 10): null

2022-06-23 20:12:13 - [TEST_STEP][PASSED] - password_cbono = data_Tag.getValue(3, 11): null

2022-06-23 20:12:13 - [TEST_STEP][PASSED] - password_pmareri = data_Tag.getValue(3, 12): null

2022-06-23 20:12:13 - [TEST_STEP][PASSED] - data_urlRELAUTO = findTestData("Data Files/URL/URL_relauto"): null

2022-06-23 20:12:13 - [TEST_STEP][PASSED] - Url_Tag = data_urlRELAUTO.getValue(2, 3): null

2022-06-23 20:12:13 - [TEST_STEP][PASSED] - Project_No = "MI003394": null

2022-06-23 20:12:13 - [TEST_STEP][PASSED] - ref_ID = "24383": null

2022-06-23 20:12:13 - [TEST_STEP][PASSED] - openBrowser(Url_Tag): Browser is opened with url: 'http://mdb-release.diadeis.lan/MediaboxIndependence/?MBI_datasource=RELTESTAUTO_TAG'

2022-06-23 20:12:14 - [MESSAGE][INFO] - Starting 'Chrome (headless)' driver

2022-06-23 20:12:14 - [MESSAGE][INFO] - User set preference: ['args', '[--window-size=1920,1080, --headless]']

2022-06-23 20:12:14 - [MESSAGE][INFO] - Action delay is set to 0 milliseconds

2022-06-23 20:12:43 - [MESSAGE][PASSED] - Browser is opened with url: 'http://mdb-release.diadeis.lan/MediaboxIndependence/?MBI_datasource=RELTESTAUTO_TAG'

2022-06-23 20:12:43 - [TEST_STEP][PASSED] - maximizeWindow(): Current window maximized

2022-06-23 20:12:43 - [MESSAGE][PASSED] - Current window maximized

2022-06-23 20:12:43 - [TEST_STEP][PASSED] - waitForPageLoad(30): Wait for page load successfully

2022-06-23 20:12:44 - [MESSAGE][PASSED] - Wait for page load successfully

2022-06-23 20:12:44 - [TEST_STEP][PASSED] - takeScreenshot(): Taking screenshot successfully

2022-06-23 20:12:45 - [MESSAGE][PASSED] - Taking screenshot successfully
[[ATTACHMENT|D:\\Projet Test Auto\\Mediabox Test Automation\\Reports\\20220623_184212\\03. Parallel Testing (Testing)\\TS -PT PART 3\\07 Tag Sephora Dreyers _ Empty Group _Lifecycle condition\\20220623_184221\\1656007964806.png]]

2022-06-23 20:12:45 - [TEST_STEP][PASSED] - I.Login_password("pmareri", password_pmareri): Object: 'Object Repository/1. Constant/xpath' is clicked on

2022-06-23 20:12:47 - [MESSAGE][PASSED] - Text 'pmareri' is set on object 'Object Repository/1. Constant/xpath'

2022-06-23 20:12:48 - [MESSAGE][PASSED] - Delayed 1 second(s)

2022-06-23 20:12:51 - [MESSAGE][PASSED] - Text 'dchi' is set on object 'Object Repository/1. Constant/xpath'

2022-06-23 20:12:52 - [MESSAGE][PASSED] - Delayed 1 second(s)

2022-06-23 20:13:07 - [MESSAGE][PASSED] - Object: 'Object Repository/1. Constant/xpath' is clicked on

2022-06-23 20:13:07 - [TEST_STEP][PASSED] - click(findTestObject("1. Constant/02_LHSMenu_Projects")): Object: 'Object Repository/1. Constant/02_LHSMenu_Projects' is clicked on

2022-06-23 20:13:17 - [MESSAGE][PASSED] - Object: 'Object Repository/1. Constant/02_LHSMenu_Projects' is clicked on

2022-06-23 20:13:17 - [TEST_STEP][PASSED] - I.SearchProjectNo_xpath(Project_No, "//*[@id="keynum_project"]", "//*[@id="form_filters"]/div[8]/button"): Delayed 5 second(s)

2022-06-23 20:13:18 - [MESSAGE][PASSED] - Delayed 1 second(s)

2022-06-23 20:13:21 - [MESSAGE][PASSED] - Text 'MI003394' is set on object 'Object Repository/1. Constant/xpath'

2022-06-23 20:13:24 - [MESSAGE][PASSED] - Delayed 3 second(s)

2022-06-23 20:13:25 - [MESSAGE][PASSED] - Scroll to object 'Object Repository/1. Constant/xpath' successfully

2022-06-23 20:13:34 - [MESSAGE][PASSED] - Object: 'Object Repository/1. Constant/xpath' is clicked on

2022-06-23 20:13:39 - [MESSAGE][PASSED] - Delayed 5 second(s)

2022-06-23 20:13:39 - [TEST_STEP][PASSED] - takeScreenshot(): Taking screenshot successfully

2022-06-23 20:13:40 - [MESSAGE][PASSED] - Taking screenshot successfully
[[ATTACHMENT|D:\\Projet Test Auto\\Mediabox Test Automation\\Reports\\20220623_184212\\03. Parallel Testing (Testing)\\TS -PT PART 3\\07 Tag Sephora Dreyers _ Empty Group _Lifecycle condition\\20220623_184221\\1656008019916.png]]

2022-06-23 20:13:40 - [TEST_STEP][PASSED] - delay(1): Delayed 1 second(s)

2022-06-23 20:13:41 - [MESSAGE][PASSED] - Delayed 1 second(s)

2022-06-23 20:13:41 - [TEST_STEP][PASSED] - click(findTestObject("1. Constant/xpath", ["xpath":"//*[@id="ancre_24373"]/a[2]"])): Object: 'Object Repository/1. Constant/xpath' is clicked on

2022-06-23 20:13:47 - [MESSAGE][PASSED] - Object: 'Object Repository/1. Constant/xpath' is clicked on

2022-06-23 20:13:47 - [TEST_STEP][PASSED] - I.click_button_javascript(findTestObject("1. Constant/xpath", ["xpath":"//*[@id="ModifFiche"]/div[1]/div/button[2]"])): Execute JavaScript 'arguments[0].click()' successfully

2022-06-23 20:13:54 - [MESSAGE][PASSED] - Execute JavaScript 'arguments[0].click()' successfully

2022-06-23 20:13:54 - [TEST_STEP][PASSED] - delay(1): Delayed 1 second(s)

2022-06-23 20:13:55 - [MESSAGE][PASSED] - Delayed 1 second(s)

2022-06-23 20:13:55 - [TEST_STEP][PASSED] - takeScreenshot(): Taking screenshot successfully

2022-06-23 20:13:55 - [MESSAGE][PASSED] - Taking screenshot successfully
[[ATTACHMENT|D:\\Projet Test Auto\\Mediabox Test Automation\\Reports\\20220623_184212\\03. Parallel Testing (Testing)\\TS -PT PART 3\\07 Tag Sephora Dreyers _ Empty Group _Lifecycle condition\\20220623_184221\\1656008035543.png]]

2022-06-23 20:13:55 - [TEST_STEP][PASSED] - empty_G1 = getText(findTestObject("1. Constant/xpath", ["xpath":"//*[@id="cardctrlphase"]/div[1]/div[1]/h3/span"])): Text of object 'Object Repository/1. Constant/xpath' is: 'Error : empty groups'

2022-06-23 20:13:56 - [MESSAGE][PASSED] - Text of object 'Object Repository/1. Constant/xpath' is: 'Error : empty groups'

2022-06-23 20:13:56 - [TEST_STEP][PASSED] - I.print(empty_G1): null

2022-06-23 20:13:56 - [TEST_STEP][PASSED] - verifyMatch(empty_G1, "Error : empty groups", false): Actual text 'Error : empty groups' and expected text 'Error : empty groups' are matched 

2022-06-23 20:13:56 - [MESSAGE][PASSED] - Actual text 'Error : empty groups' and expected text 'Error : empty groups' are matched 

2022-06-23 20:13:56 - [TEST_STEP][PASSED] - click(findTestObject("1. Constant/xpath", ["xpath":"//*[@id="cardctrlphase"]/div[1]/div[2]/a"])): Object: 'Object Repository/1. Constant/xpath' is clicked on

2022-06-23 20:13:56 - [MESSAGE][PASSED] - Object: 'Object Repository/1. Constant/xpath' is clicked on

2022-06-23 20:13:56 - [TEST_STEP][PASSED] - delay(2): Delayed 2 second(s)

2022-06-23 20:13:58 - [MESSAGE][PASSED] - Delayed 2 second(s)

2022-06-23 20:13:58 - [TEST_STEP][PASSED] - verifyElementNotVisible(findTestObject("1. Constant/xpath", ["xpath":"//*[@id="cardctrlphase"]/div[2]"])): Object 'Object Repository/1. Constant/xpath' is NOT visible

2022-06-23 20:14:00 - [MESSAGE][PASSED] - Object 'Object Repository/1. Constant/xpath' is NOT visible

2022-06-23 20:14:00 - [TEST_STEP][PASSED] - click(findTestObject("1. Constant/xpath", ["xpath":"//*[@id="cardctrlphase"]/div[1]/div[2]/a"])): Object: 'Object Repository/1. Constant/xpath' is clicked on

2022-06-23 20:14:03 - [MESSAGE][PASSED] - Object: 'Object Repository/1. Constant/xpath' is clicked on

2022-06-23 20:14:03 - [TEST_STEP][PASSED] - verifyElementVisible(findTestObject("1. Constant/xpath", ["xpath":"//*[@id="cardctrlphase"]/div[2]"])): Object 'Object Repository/1. Constant/xpath' is visible

2022-06-23 20:14:04 - [MESSAGE][PASSED] - Object 'Object Repository/1. Constant/xpath' is visible

2022-06-23 20:14:04 - [TEST_STEP][PASSED] - EmptyG_title = getText(findTestObject("1. Constant/xpath", ["xpath":"//*[@id="cardctrlphase"]/div[1]/div[1]/h3/span"])): Text of object 'Object Repository/1. Constant/xpath' is: 'Error : empty groups'

2022-06-23 20:14:04 - [MESSAGE][PASSED] - Text of object 'Object Repository/1. Constant/xpath' is: 'Error : empty groups'

2022-06-23 20:14:04 - [TEST_STEP][PASSED] - I.print(EmptyG_title): null

2022-06-23 20:14:04 - [TEST_STEP][PASSED] - verifyMatch("Error : empty groups", EmptyG_title, false): Actual text 'Error : empty groups' and expected text 'Error : empty groups' are matched 

2022-06-23 20:14:04 - [MESSAGE][PASSED] - Actual text 'Error : empty groups' and expected text 'Error : empty groups' are matched 

2022-06-23 20:14:04 - [TEST_STEP][PASSED] - EmptyG_PotentialProb = getText(findTestObject("1. Constant/xpath", ["xpath":"//*[@id="cardctrlphase"]/div[2]"])): Text of object 'Object Repository/1. Constant/xpath' is: 'Local Marketing (Leader) + Sub-Axis
Potential problem with these fields:
Signature (Project)
Garnier
Sub Axis (Project)
Hair Care
Leader country (Reference)
Algeria
Local Marketing (Approver) + Sub-Axis
Potential problem with these fields:
Signature (Project)
Garnier
Sub Axis (Project)
Hair Care
Approver countries/zones (Reference)
Belize
Algeria
Cambodia (kampuchea)
Modify this project
Modify this reference brief'

2022-06-23 20:14:04 - [MESSAGE][PASSED] - Text of object 'Object Repository/1. Constant/xpath' is: 'Local Marketing (Leader) + Sub-Axis
Potential problem with these fields:
Signature (Project)
Garnier
Sub Axis (Project)
Hair Care
Leader country (Reference)
Algeria
Local Marketing (Approver) + Sub-Axis
Potential problem with these fields:
Signature (Project)
Garnier
Sub Axis (Project)
Hair Care
Approver countries/zones (Reference)
Belize
Algeria
Cambodia (kampuchea)
Modify this project
Modify this reference brief'

2022-06-23 20:14:04 - [TEST_STEP][PASSED] - I.print(EmptyG_PotentialProb): null

2022-06-23 20:14:04 - [TEST_STEP][PASSED] - Expected_EmotyG_msg = "Local Marketing (Leader) + Sub-Axis" + "
" + "Potential problem with these fields:" + "
" + "Signature (Project)" + "
" + "Garnier" + "
" + "Sub Axis (Project)" + "
" + "Hair Care" + "
" + "Leader country (Reference)" + "
" + "Algeria" + "
" + "Local Marketing (Approver) + Sub-Axis" + "
" + "Potential problem with these fields:" + "
" + "Signature (Project)" + "
" + "Garnier" + "
" + "Sub Axis (Project)" + "
" + "Hair Care" + "
" + "Approver countries/zones (Reference)" + "
" + "Belize" + "
" + "Algeria" + "
" + "Cambodia (kampuchea)" + "
" + "Modify this project" + "
" + "Modify this reference brief": null

2022-06-23 20:14:04 - [TEST_STEP][PASSED] - I.print(Expected_EmotyG_msg): null

2022-06-23 20:14:04 - [TEST_STEP][PASSED] - verifyMatch(Expected_EmotyG_msg, EmptyG_PotentialProb, false): Actual text 'Local Marketing (Leader) + Sub-Axis
Potential problem with these fields:
Signature (Project)
Garnier
Sub Axis (Project)
Hair Care
Leader country (Reference)
Algeria
Local Marketing (Approver) + Sub-Axis
Potential problem with these fields:
Signature (Project)
Garnier
Sub Axis (Project)
Hair Care
Approver countries/zones (Reference)
Belize
Algeria
Cambodia (kampuchea)
Modify this project
Modify this reference brief' and expected text 'Local Marketing (Leader) + Sub-Axis
Potential problem with these fields:
Signature (Project)
Garnier
Sub Axis (Project)
Hair Care
Leader country (Reference)
Algeria
Local Marketing (Approver) + Sub-Axis
Potential problem with these fields:
Signature (Project)
Garnier
Sub Axis (Project)
Hair Care
Approver countries/zones (Reference)
Belize
Algeria
Cambodia (kampuchea)
Modify this project
Modify this reference brief' are matched 

2022-06-23 20:14:04 - [MESSAGE][PASSED] - Actual text 'Local Marketing (Leader) + Sub-Axis
Potential problem with these fields:
Signature (Project)
Garnier
Sub Axis (Project)
Hair Care
Leader country (Reference)
Algeria
Local Marketing (Approver) + Sub-Axis
Potential problem with these fields:
Signature (Project)
Garnier
Sub Axis (Project)
Hair Care
Approver countries/zones (Reference)
Belize
Algeria
Cambodia (kampuchea)
Modify this project
Modify this reference brief' and expected text 'Local Marketing (Leader) + Sub-Axis
Potential problem with these fields:
Signature (Project)
Garnier
Sub Axis (Project)
Hair Care
Leader country (Reference)
Algeria
Local Marketing (Approver) + Sub-Axis
Potential problem with these fields:
Signature (Project)
Garnier
Sub Axis (Project)
Hair Care
Approver countries/zones (Reference)
Belize
Algeria
Cambodia (kampuchea)
Modify this project
Modify this reference brief' are matched 

2022-06-23 20:14:04 - [TEST_STEP][PASSED] - click(findTestObject("1. Constant/xpath", ["xpath":"//*[@id="cardctrlphase"]/div[2]/div[9]/a[1]"])): Object: 'Object Repository/1. Constant/xpath' is clicked on

2022-06-23 20:14:09 - [MESSAGE][PASSED] - Object: 'Object Repository/1. Constant/xpath' is clicked on

2022-06-23 20:14:09 - [TEST_STEP][PASSED] - delay(1): Delayed 1 second(s)

2022-06-23 20:14:10 - [MESSAGE][PASSED] - Delayed 1 second(s)

2022-06-23 20:14:10 - [TEST_STEP][PASSED] - takeScreenshot(): Taking screenshot successfully

2022-06-23 20:14:11 - [MESSAGE][PASSED] - Taking screenshot successfully
[[ATTACHMENT|D:\\Projet Test Auto\\Mediabox Test Automation\\Reports\\20220623_184212\\03. Parallel Testing (Testing)\\TS -PT PART 3\\07 Tag Sephora Dreyers _ Empty Group _Lifecycle condition\\20220623_184221\\1656008050413.png]]

2022-06-23 20:14:11 - [TEST_STEP][PASSED] - verifyElementPresent(findTestObject("1. Constant/xpath", ["xpath":"//*[@id="var_141"]"]), 5): Object 'Object Repository/1. Constant/xpath' is present

2022-06-23 20:14:11 - [MESSAGE][PASSED] - Object 'Object Repository/1. Constant/xpath' is present

2022-06-23 20:14:11 - [TEST_STEP][PASSED] - setText(findTestObject("1. Constant/xpath", ["xpath":"//*[@id="var_141"]"]), "[Do not Edit] Existing Project Auto for Control Tag  Empty Group (Part 2) modif"): Text '[Do not Edit] Existing Project Auto for Control Tag  Empty Group (Part 2) modif' is set on object 'Object Repository/1. Constant/xpath'

2022-06-23 20:14:12 - [MESSAGE][PASSED] - Text '[Do not Edit] Existing Project Auto for Control Tag  Empty Group (Part 2) modif' is set on object 'Object Repository/1. Constant/xpath'

2022-06-23 20:14:12 - [TEST_STEP][PASSED] - click(findTestObject("1. Constant/xpath", ["xpath":"//*[@id="ModifFiche"]/div[1]/div/button"])): Object: 'Object Repository/1. Constant/xpath' is clicked on

2022-06-23 20:14:22 - [MESSAGE][PASSED] - Object: 'Object Repository/1. Constant/xpath' is clicked on

2022-06-23 20:14:22 - [TEST_STEP][PASSED] - delay(1): Delayed 1 second(s)

2022-06-23 20:14:23 - [MESSAGE][PASSED] - Delayed 1 second(s)

2022-06-23 20:14:23 - [TEST_STEP][PASSED] - ProjectName = getText(findTestObject("1. Constant/xpath", ["xpath":"//*[@id="card_project"]/div[1]/div[1]/h3"])): Text of object 'Object Repository/1. Constant/xpath' is: 'Garnier_Ga.Min Neo_2021_[Do not Edit] Existing Project Auto for Control Tag Empty Group (Part 2) modif - MI003394'

2022-06-23 20:14:24 - [MESSAGE][PASSED] - Text of object 'Object Repository/1. Constant/xpath' is: 'Garnier_Ga.Min Neo_2021_[Do not Edit] Existing Project Auto for Control Tag Empty Group (Part 2) modif - MI003394'

2022-06-23 20:14:24 - [TEST_STEP][PASSED] - I.print(ProjectName): null

2022-06-23 20:14:24 - [TEST_STEP][PASSED] - verifyMatch(ProjectName, "Garnier_Ga.Min Neo_2021_[Do not Edit] Existing Project Auto for Control Tag Empty Group (Part 2) modif - MI003394", false): Actual text 'Garnier_Ga.Min Neo_2021_[Do not Edit] Existing Project Auto for Control Tag Empty Group (Part 2) modif - MI003394' and expected text 'Garnier_Ga.Min Neo_2021_[Do not Edit] Existing Project Auto for Control Tag Empty Group (Part 2) modif - MI003394' are matched 

2022-06-23 20:14:24 - [MESSAGE][PASSED] - Actual text 'Garnier_Ga.Min Neo_2021_[Do not Edit] Existing Project Auto for Control Tag Empty Group (Part 2) modif - MI003394' and expected text 'Garnier_Ga.Min Neo_2021_[Do not Edit] Existing Project Auto for Control Tag Empty Group (Part 2) modif - MI003394' are matched 

2022-06-23 20:14:24 - [TEST_STEP][PASSED] - delay(1): Delayed 1 second(s)

2022-06-23 20:14:25 - [MESSAGE][PASSED] - Delayed 1 second(s)

2022-06-23 20:14:25 - [TEST_STEP][PASSED] - click(findTestObject("1. Constant/xpath", ["xpath":"//*[@id="ancre_24373"]/a[2]"])): Object: 'Object Repository/1. Constant/xpath' is clicked on

2022-06-23 20:14:29 - [MESSAGE][PASSED] - Object: 'Object Repository/1. Constant/xpath' is clicked on

2022-06-23 20:14:29 - [TEST_STEP][PASSED] - delay(1): Delayed 1 second(s)

2022-06-23 20:14:30 - [MESSAGE][PASSED] - Delayed 1 second(s)

2022-06-23 20:14:30 - [TEST_STEP][PASSED] - I.click_button_javascript(findTestObject("1. Constant/xpath", ["xpath":"//*[@id="ModifFiche"]/div[1]/div/button[2]"])): Execute JavaScript 'arguments[0].click()' successfully

2022-06-23 20:14:36 - [MESSAGE][PASSED] - Execute JavaScript 'arguments[0].click()' successfully

2022-06-23 20:14:36 - [TEST_STEP][PASSED] - takeScreenshot(): Taking screenshot successfully

2022-06-23 20:14:36 - [MESSAGE][PASSED] - Taking screenshot successfully
[[ATTACHMENT|D:\\Projet Test Auto\\Mediabox Test Automation\\Reports\\20220623_184212\\03. Parallel Testing (Testing)\\TS -PT PART 3\\07 Tag Sephora Dreyers _ Empty Group _Lifecycle condition\\20220623_184221\\1656008076347.png]]

2022-06-23 20:14:36 - [TEST_STEP][PASSED] - click(findTestObject("1. Constant/xpath", ["xpath":"//*[@id="cardctrlphase"]/div[2]/div[9]/a[2]"])): Object: 'Object Repository/1. Constant/xpath' is clicked on

2022-06-23 20:14:41 - [MESSAGE][PASSED] - Object: 'Object Repository/1. Constant/xpath' is clicked on

2022-06-23 20:14:41 - [TEST_STEP][PASSED] - delay(1): Delayed 1 second(s)

2022-06-23 20:14:42 - [MESSAGE][PASSED] - Delayed 1 second(s)

2022-06-23 20:14:42 - [TEST_STEP][PASSED] - click(findTestObject("1. Constant/xpath", ["xpath":"//*[@id="ModifFiche"]/div[1]/div[1]/a"])): Object: 'Object Repository/1. Constant/xpath' is clicked on

2022-06-23 20:14:48 - [MESSAGE][PASSED] - Object: 'Object Repository/1. Constant/xpath' is clicked on

2022-06-23 20:14:48 - [TEST_STEP][PASSED] - click(findTestObject("1. Constant/xpath", ["xpath":"//*[@id="ancre_24373"]/a[2]"])): Object: 'Object Repository/1. Constant/xpath' is clicked on

2022-06-23 20:14:52 - [MESSAGE][PASSED] - Object: 'Object Repository/1. Constant/xpath' is clicked on

2022-06-23 20:14:52 - [TEST_STEP][PASSED] - scrollToElement(findTestObject("1. Constant/xpath", ["xpath":"//*[@id="var_71"]"]), 5): Scroll to object 'Object Repository/1. Constant/xpath' successfully

2022-06-23 20:14:52 - [MESSAGE][PASSED] - Scroll to object 'Object Repository/1. Constant/xpath' successfully

2022-06-23 20:14:52 - [TEST_STEP][PASSED] - selectOptionByValue(findTestObject("1. Constant/xpath", ["xpath":"//*[@id="var_71"]"]), "1055", false): All options with value '1055' are selected in object 'Object Repository/1. Constant/xpath' 

2022-06-23 20:14:54 - [MESSAGE][PASSED] - All options with value '1055' are selected in object 'Object Repository/1. Constant/xpath' 

2022-06-23 20:14:54 - [TEST_STEP][PASSED] - I.select_multiplelist("//*[@id="selSource_72"]", "//*[@id="btnAdd_72"]", "1055"): Delayed 1 second(s)

2022-06-23 20:14:55 - [MESSAGE][PASSED] - Delayed 1 second(s)

2022-06-23 20:14:57 - [MESSAGE][PASSED] - All options with value '1055' are selected in object 'Object Repository/1. Constant/xpath' 

2022-06-23 20:14:59 - [MESSAGE][PASSED] - Delayed 2 second(s)

2022-06-23 20:15:01 - [MESSAGE][PASSED] - Object: 'Object Repository/1. Constant/xpath' is clicked on

2022-06-23 20:15:02 - [MESSAGE][PASSED] - Delayed 1 second(s)

2022-06-23 20:15:02 - [TEST_STEP][PASSED] - I.click_button_javascript(findTestObject("1. Constant/xpath", ["xpath":"//*[@id="ModifFiche"]/div[1]/div/button[2]"])): Execute JavaScript 'arguments[0].click()' successfully

2022-06-23 20:15:13 - [MESSAGE][PASSED] - Execute JavaScript 'arguments[0].click()' successfully

2022-06-23 20:15:13 - [TEST_STEP][PASSED] - lifecycle_status = getText(findTestObject("1. Constant/xpath", ["xpath":"//*[@id="source_24371"]/td[13]/span[1]"])): Text of object 'Object Repository/1. Constant/xpath' is: 'Leader MKT: Brief completion'

2022-06-23 20:15:14 - [MESSAGE][PASSED] - Text of object 'Object Repository/1. Constant/xpath' is: 'Leader MKT: Brief completion'

2022-06-23 20:15:14 - [TEST_STEP][PASSED] - verifyMatch(lifecycle_status, "Leader MKT: Brief completion", false): Actual text 'Leader MKT: Brief completion' and expected text 'Leader MKT: Brief completion' are matched 

2022-06-23 20:15:14 - [MESSAGE][PASSED] - Actual text 'Leader MKT: Brief completion' and expected text 'Leader MKT: Brief completion' are matched 

2022-06-23 20:15:14 - [TEST_STEP][PASSED] - closeBrowser(): Browser is closed

2022-06-23 20:15:22 - [MESSAGE][PASSED] - Browser is closed

2022-06-23 20:15:22 - [TEST_STEP][PASSED] - Start listener action : sampleAfterTestCase: null]]></system-out>
         <system-err><![CDATA[]]></system-err>
      </testcase>
      <testcase name="Test Cases/12. Tag Sephora Control Tag on Empty Group/12.2 Tag Existing Project Empty Group Filtered group (one of the field is empty _ no error)" time="132.051" classname="Test Cases/12. Tag Sephora Control Tag on Empty Group/12.2 Tag Existing Project Empty Group Filtered group (one of the field is empty _ no error)" status="PASSED">
         <system-out><![CDATA[2022-06-23 20:15:22 - [TEST_CASE][PASSED] - Test Cases/12. Tag Sephora Control Tag on Empty Group/12.2 Tag Existing Project Empty Group Filtered group (one of the field is empty _ no error): Test Cases/12. Tag Sephora Control Tag on Empty Group/12.2 Tag Existing Project Empty Group Filtered group (one of the field is empty _ no error)

2022-06-23 20:15:22 - [TEST_STEP][PASSED] - data_Tag = findTestData("Data Files/Username_Password/Tag"): null

2022-06-23 20:15:22 - [TEST_STEP][PASSED] - password_jedun = data_Tag.getValue(3, 1): null

2022-06-23 20:15:22 - [TEST_STEP][PASSED] - password_rrowland = data_Tag.getValue(3, 2): null

2022-06-23 20:15:22 - [TEST_STEP][PASSED] - password_stest = data_Tag.getValue(3, 3): null

2022-06-23 20:15:22 - [TEST_STEP][PASSED] - password_itroin = data_Tag.getValue(3, 4): null

2022-06-23 20:15:22 - [TEST_STEP][PASSED] - password_igedik = data_Tag.getValue(3, 5): null

2022-06-23 20:15:22 - [TEST_STEP][PASSED] - password_mderdour = data_Tag.getValue(3, 6): null

2022-06-23 20:15:22 - [TEST_STEP][PASSED] - password_achatin = data_Tag.getValue(3, 7): null

2022-06-23 20:15:22 - [TEST_STEP][PASSED] - password_tliu = data_Tag.getValue(3, 8): null

2022-06-23 20:15:22 - [TEST_STEP][PASSED] - password_ccaramella = data_Tag.getValue(3, 9): null

2022-06-23 20:15:22 - [TEST_STEP][PASSED] - password_achay = data_Tag.getValue(3, 10): null

2022-06-23 20:15:22 - [TEST_STEP][PASSED] - password_cbono = data_Tag.getValue(3, 11): null

2022-06-23 20:15:22 - [TEST_STEP][PASSED] - password_pmareri = data_Tag.getValue(3, 12): null

2022-06-23 20:15:22 - [TEST_STEP][PASSED] - data_urlRELAUTO = findTestData("Data Files/URL/URL_relauto"): null

2022-06-23 20:15:22 - [TEST_STEP][PASSED] - Url_Tag = data_urlRELAUTO.getValue(2, 3): null

2022-06-23 20:15:22 - [TEST_STEP][PASSED] - Project_No = "MI003394": null

2022-06-23 20:15:22 - [TEST_STEP][PASSED] - ref_ID = "14874": null

2022-06-23 20:15:22 - [TEST_STEP][PASSED] - openBrowser(Url_Tag): Browser is opened with url: 'http://mdb-release.diadeis.lan/MediaboxIndependence/?MBI_datasource=RELTESTAUTO_TAG'

2022-06-23 20:15:22 - [MESSAGE][INFO] - Starting 'Chrome (headless)' driver

2022-06-23 20:15:22 - [MESSAGE][INFO] - User set preference: ['args', '[--window-size=1920,1080, --headless]']

2022-06-23 20:15:22 - [MESSAGE][INFO] - Action delay is set to 0 milliseconds

2022-06-23 20:15:41 - [MESSAGE][PASSED] - Browser is opened with url: 'http://mdb-release.diadeis.lan/MediaboxIndependence/?MBI_datasource=RELTESTAUTO_TAG'

2022-06-23 20:15:41 - [TEST_STEP][PASSED] - maximizeWindow(): Current window maximized

2022-06-23 20:15:42 - [MESSAGE][PASSED] - Current window maximized

2022-06-23 20:15:42 - [TEST_STEP][PASSED] - waitForPageLoad(30): Wait for page load successfully

2022-06-23 20:15:42 - [MESSAGE][PASSED] - Wait for page load successfully

2022-06-23 20:15:42 - [TEST_STEP][PASSED] - takeScreenshot(): Taking screenshot successfully

2022-06-23 20:15:43 - [MESSAGE][PASSED] - Taking screenshot successfully
[[ATTACHMENT|D:\\Projet Test Auto\\Mediabox Test Automation\\Reports\\20220623_184212\\03. Parallel Testing (Testing)\\TS -PT PART 3\\07 Tag Sephora Dreyers _ Empty Group _Lifecycle condition\\20220623_184221\\1656008142641.png]]

2022-06-23 20:15:43 - [TEST_STEP][PASSED] - I.Login_password("pmareri", password_pmareri): Object: 'Object Repository/1. Constant/xpath' is clicked on

2022-06-23 20:15:44 - [MESSAGE][PASSED] - Text 'pmareri' is set on object 'Object Repository/1. Constant/xpath'

2022-06-23 20:15:45 - [MESSAGE][PASSED] - Delayed 1 second(s)

2022-06-23 20:15:46 - [MESSAGE][PASSED] - Text 'dchi' is set on object 'Object Repository/1. Constant/xpath'

2022-06-23 20:15:47 - [MESSAGE][PASSED] - Delayed 1 second(s)

2022-06-23 20:16:02 - [MESSAGE][PASSED] - Object: 'Object Repository/1. Constant/xpath' is clicked on

2022-06-23 20:16:02 - [TEST_STEP][PASSED] - click(findTestObject("1. Constant/02_LHSMenu_Projects")): Object: 'Object Repository/1. Constant/02_LHSMenu_Projects' is clicked on

2022-06-23 20:16:13 - [MESSAGE][PASSED] - Object: 'Object Repository/1. Constant/02_LHSMenu_Projects' is clicked on

2022-06-23 20:16:13 - [TEST_STEP][PASSED] - I.SearchProjectNo_xpath(Project_No, "//*[@id="keynum_project"]", "//*[@id="form_filters"]/div[8]/button"): Delayed 5 second(s)

2022-06-23 20:16:14 - [MESSAGE][PASSED] - Delayed 1 second(s)

2022-06-23 20:16:16 - [MESSAGE][PASSED] - Text 'MI003394' is set on object 'Object Repository/1. Constant/xpath'

2022-06-23 20:16:19 - [MESSAGE][PASSED] - Delayed 3 second(s)

2022-06-23 20:16:19 - [MESSAGE][PASSED] - Scroll to object 'Object Repository/1. Constant/xpath' successfully

2022-06-23 20:16:28 - [MESSAGE][PASSED] - Object: 'Object Repository/1. Constant/xpath' is clicked on

2022-06-23 20:16:33 - [MESSAGE][PASSED] - Delayed 5 second(s)

2022-06-23 20:16:33 - [TEST_STEP][PASSED] - takeScreenshot(): Taking screenshot successfully

2022-06-23 20:16:35 - [MESSAGE][PASSED] - Taking screenshot successfully
[[ATTACHMENT|D:\\Projet Test Auto\\Mediabox Test Automation\\Reports\\20220623_184212\\03. Parallel Testing (Testing)\\TS -PT PART 3\\07 Tag Sephora Dreyers _ Empty Group _Lifecycle condition\\20220623_184221\\1656008194121.png]]

2022-06-23 20:16:35 - [TEST_STEP][PASSED] - delay(1): Delayed 1 second(s)

2022-06-23 20:16:36 - [MESSAGE][PASSED] - Delayed 1 second(s)

2022-06-23 20:16:36 - [TEST_STEP][PASSED] - click(findTestObject("1. Constant/xpath", ["xpath":"//*[@id="source_24374"]/td[15]/a[2]"])): Object: 'Object Repository/1. Constant/xpath' is clicked on

2022-06-23 20:16:41 - [MESSAGE][PASSED] - Object: 'Object Repository/1. Constant/xpath' is clicked on

2022-06-23 20:16:41 - [TEST_STEP][PASSED] - takeScreenshot(): Taking screenshot successfully

2022-06-23 20:16:42 - [MESSAGE][PASSED] - Taking screenshot successfully
[[ATTACHMENT|D:\\Projet Test Auto\\Mediabox Test Automation\\Reports\\20220623_184212\\03. Parallel Testing (Testing)\\TS -PT PART 3\\07 Tag Sephora Dreyers _ Empty Group _Lifecycle condition\\20220623_184221\\1656008201335.png]]

2022-06-23 20:16:42 - [TEST_STEP][PASSED] - I.select_multiplelist("//*[@id="selSource_10"]", "//*[@id="btnAdd_10"]", "1303"): Delayed 1 second(s)

2022-06-23 20:16:43 - [MESSAGE][PASSED] - Delayed 1 second(s)

2022-06-23 20:16:44 - [MESSAGE][PASSED] - All options with value '1303' are selected in object 'Object Repository/1. Constant/xpath' 

2022-06-23 20:16:46 - [MESSAGE][PASSED] - Delayed 2 second(s)

2022-06-23 20:16:47 - [MESSAGE][PASSED] - Object: 'Object Repository/1. Constant/xpath' is clicked on

2022-06-23 20:16:48 - [MESSAGE][PASSED] - Delayed 1 second(s)

2022-06-23 20:16:48 - [TEST_STEP][PASSED] - selectOptionByValue(findTestObject("1. Constant/xpath", ["xpath":"//*[@id="var_166"]"]), "1191", false): All options with value '1191' are selected in object 'Object Repository/1. Constant/xpath' 

2022-06-23 20:16:51 - [MESSAGE][PASSED] - All options with value '1191' are selected in object 'Object Repository/1. Constant/xpath' 

2022-06-23 20:16:51 - [TEST_STEP][PASSED] - selectOptionByValue(findTestObject("1. Constant/xpath", ["xpath":"//*[@id="var_71"]"]), "1518", false): All options with value '1518' are selected in object 'Object Repository/1. Constant/xpath' 

2022-06-23 20:16:53 - [MESSAGE][PASSED] - All options with value '1518' are selected in object 'Object Repository/1. Constant/xpath' 

2022-06-23 20:16:53 - [TEST_STEP][PASSED] - I.click_button_javascript(findTestObject("1. Constant/xpath", ["xpath":"//*[@id="ModifFiche"]/div[1]/div/button[2]"])): Execute JavaScript 'arguments[0].click()' successfully

2022-06-23 20:16:59 - [MESSAGE][PASSED] - Execute JavaScript 'arguments[0].click()' successfully

2022-06-23 20:16:59 - [TEST_STEP][PASSED] - delay(1): Delayed 1 second(s)

2022-06-23 20:17:00 - [MESSAGE][PASSED] - Delayed 1 second(s)

2022-06-23 20:17:00 - [TEST_STEP][PASSED] - click(findTestObject("1. Constant/xpath", ["xpath":"//*[@id="kt_subheader"]/div/nav/ol/li[2]/a"])): Object: 'Object Repository/1. Constant/xpath' is clicked on

2022-06-23 20:17:06 - [MESSAGE][PASSED] - Object: 'Object Repository/1. Constant/xpath' is clicked on

2022-06-23 20:17:06 - [TEST_STEP][PASSED] - delay(3): Delayed 3 second(s)

2022-06-23 20:17:09 - [MESSAGE][PASSED] - Delayed 3 second(s)

2022-06-23 20:17:09 - [TEST_STEP][PASSED] - click(findTestObject("1. Constant/xpath", ["xpath":"//*[@id="source_24374"]/td[15]/a[2]"])): Object: 'Object Repository/1. Constant/xpath' is clicked on

2022-06-23 20:17:14 - [MESSAGE][PASSED] - Object: 'Object Repository/1. Constant/xpath' is clicked on

2022-06-23 20:17:14 - [TEST_STEP][PASSED] - takeScreenshot(): Taking screenshot successfully

2022-06-23 20:17:15 - [MESSAGE][PASSED] - Taking screenshot successfully
[[ATTACHMENT|D:\\Projet Test Auto\\Mediabox Test Automation\\Reports\\20220623_184212\\03. Parallel Testing (Testing)\\TS -PT PART 3\\07 Tag Sephora Dreyers _ Empty Group _Lifecycle condition\\20220623_184221\\1656008234920.png]]

2022-06-23 20:17:15 - [TEST_STEP][PASSED] - selectOptionByValue(findTestObject("1. Constant/xpath", ["xpath":"//*[@id="var_71"]"]), "", false): All options with value '' are selected in object 'Object Repository/1. Constant/xpath' 

2022-06-23 20:17:16 - [MESSAGE][PASSED] - All options with value '' are selected in object 'Object Repository/1. Constant/xpath' 

2022-06-23 20:17:16 - [TEST_STEP][PASSED] - selectOptionByValue(findTestObject("1. Constant/xpath", ["xpath":"//*[@id="var_166"]"]), "1190", false): All options with value '1190' are selected in object 'Object Repository/1. Constant/xpath' 

2022-06-23 20:17:20 - [MESSAGE][PASSED] - All options with value '1190' are selected in object 'Object Repository/1. Constant/xpath' 

2022-06-23 20:17:20 - [TEST_STEP][PASSED] - I.click_button_javascript(findTestObject("1. Constant/xpath", ["xpath":"//*[@id="ModifFiche"]/div[1]/div/button[1]"])): Execute JavaScript 'arguments[0].click()' successfully

2022-06-23 20:17:26 - [MESSAGE][PASSED] - Execute JavaScript 'arguments[0].click()' successfully

2022-06-23 20:17:26 - [TEST_STEP][PASSED] - delay(1): Delayed 1 second(s)

2022-06-23 20:17:27 - [MESSAGE][PASSED] - Delayed 1 second(s)

2022-06-23 20:17:27 - [TEST_STEP][PASSED] - lifecycle_status = getText(findTestObject("1. Constant/xpath", ["xpath":"//*[@id="source_24374"]/td[13]/span[1]"])): Text of object 'Object Repository/1. Constant/xpath' is: 'Plant: Brief completion'

2022-06-23 20:17:27 - [MESSAGE][PASSED] - Text of object 'Object Repository/1. Constant/xpath' is: 'Plant: Brief completion'

2022-06-23 20:17:27 - [TEST_STEP][PASSED] - verifyMatch(lifecycle_status, "Plant: Brief completion", false): Actual text 'Plant: Brief completion' and expected text 'Plant: Brief completion' are matched 

2022-06-23 20:17:27 - [MESSAGE][PASSED] - Actual text 'Plant: Brief completion' and expected text 'Plant: Brief completion' are matched 

2022-06-23 20:17:27 - [TEST_STEP][PASSED] - closeBrowser(): Browser is closed

2022-06-23 20:17:34 - [MESSAGE][PASSED] - Browser is closed

2022-06-23 20:17:34 - [TEST_STEP][PASSED] - Start listener action : sampleAfterTestCase: null]]></system-out>
         <system-err><![CDATA[]]></system-err>
      </testcase>
      <testcase name="Test Cases/12. Tag Sephora Control Tag on Empty Group/12.3 Sephora Empty Group Filtered Gr (Field empty) _ User field _ Question phase" time="269.659" classname="Test Cases/12. Tag Sephora Control Tag on Empty Group/12.3 Sephora Empty Group Filtered Gr (Field empty) _ User field _ Question phase" status="PASSED">
         <system-out><![CDATA[2022-06-23 20:17:34 - [TEST_CASE][PASSED] - Test Cases/12. Tag Sephora Control Tag on Empty Group/12.3 Sephora Empty Group Filtered Gr (Field empty) _ User field _ Question phase: Test Cases/12. Tag Sephora Control Tag on Empty Group/12.3 Sephora Empty Group Filtered Gr (Field empty) _ User field _ Question phase

2022-06-23 20:17:35 - [TEST_STEP][PASSED] - data_Sephora = findTestData("Data Files/Username_Password/Sephora"): null

2022-06-23 20:17:35 - [TEST_STEP][PASSED] - password_atran = data_Sephora.getValue(2, 1): null

2022-06-23 20:17:35 - [TEST_STEP][PASSED] - password_marketing = data_Sephora.getValue(2, 2): null

2022-06-23 20:17:35 - [TEST_STEP][PASSED] - password_regulatory = data_Sephora.getValue(2, 3): null

2022-06-23 20:17:35 - [TEST_STEP][PASSED] - password_studio = data_Sephora.getValue(2, 4): null

2022-06-23 20:17:35 - [TEST_STEP][PASSED] - password_iraz = data_Sephora.getValue(2, 5): null

2022-06-23 20:17:35 - [TEST_STEP][PASSED] - password_cmouzawak = data_Sephora.getValue(2, 6): null

2022-06-23 20:17:35 - [TEST_STEP][PASSED] - password_aalbeaux = data_Sephora.getValue(2, 7): null

2022-06-23 20:17:35 - [TEST_STEP][PASSED] - password_hgarnier = data_Sephora.getValue(2, 8): null

2022-06-23 20:17:35 - [TEST_STEP][PASSED] - password_emartineau = data_Sephora.getValue(2, 9): null

2022-06-23 20:17:35 - [TEST_STEP][PASSED] - data_urlRELAUTO = findTestData("Data Files/URL/URL_relauto"): null

2022-06-23 20:17:35 - [TEST_STEP][PASSED] - Url_Sephora = data_urlRELAUTO.getValue(2, 1): null

2022-06-23 20:17:35 - [TEST_STEP][PASSED] - openBrowser(Url_Sephora): Browser is opened with url: 'http://mdb-release.diadeis.lan/MediaboxIndependence/?MBI_datasource=RELTESTAUTO_SEPHORA'

2022-06-23 20:17:35 - [MESSAGE][INFO] - Starting 'Chrome (headless)' driver

2022-06-23 20:17:35 - [MESSAGE][INFO] - User set preference: ['args', '[--window-size=1920,1080, --headless]']

2022-06-23 20:17:35 - [MESSAGE][INFO] - Action delay is set to 0 milliseconds

2022-06-23 20:17:55 - [MESSAGE][PASSED] - Browser is opened with url: 'http://mdb-release.diadeis.lan/MediaboxIndependence/?MBI_datasource=RELTESTAUTO_SEPHORA'

2022-06-23 20:17:55 - [TEST_STEP][PASSED] - maximizeWindow(): Current window maximized

2022-06-23 20:17:55 - [MESSAGE][PASSED] - Current window maximized

2022-06-23 20:17:55 - [TEST_STEP][PASSED] - takeScreenshot(): Taking screenshot successfully

2022-06-23 20:17:56 - [MESSAGE][PASSED] - Taking screenshot successfully
[[ATTACHMENT|D:\\Projet Test Auto\\Mediabox Test Automation\\Reports\\20220623_184212\\03. Parallel Testing (Testing)\\TS -PT PART 3\\07 Tag Sephora Dreyers _ Empty Group _Lifecycle condition\\20220623_184221\\1656008275771.png]]

2022-06-23 20:17:56 - [TEST_STEP][PASSED] - I.Login_password("emartineau", password_emartineau): Object: 'Object Repository/1. Constant/xpath' is clicked on

2022-06-23 20:17:57 - [MESSAGE][PASSED] - Text 'emartineau' is set on object 'Object Repository/1. Constant/xpath'

2022-06-23 20:17:58 - [MESSAGE][PASSED] - Delayed 1 second(s)

2022-06-23 20:17:59 - [MESSAGE][PASSED] - Text 'dchi3' is set on object 'Object Repository/1. Constant/xpath'

2022-06-23 20:18:00 - [MESSAGE][PASSED] - Delayed 1 second(s)

2022-06-23 20:18:12 - [MESSAGE][PASSED] - Object: 'Object Repository/1. Constant/xpath' is clicked on

2022-06-23 20:18:12 - [TEST_STEP][PASSED] - takeScreenshot(): Taking screenshot successfully

2022-06-23 20:18:13 - [MESSAGE][PASSED] - Taking screenshot successfully
[[ATTACHMENT|D:\\Projet Test Auto\\Mediabox Test Automation\\Reports\\20220623_184212\\03. Parallel Testing (Testing)\\TS -PT PART 3\\07 Tag Sephora Dreyers _ Empty Group _Lifecycle condition\\20220623_184221\\1656008293394.png]]

2022-06-23 20:18:13 - [TEST_STEP][PASSED] - click(findTestObject("1. Constant/02_LHSMenu_Projects")): Object: 'Object Repository/1. Constant/02_LHSMenu_Projects' is clicked on

2022-06-23 20:18:17 - [MESSAGE][PASSED] - Object: 'Object Repository/1. Constant/02_LHSMenu_Projects' is clicked on

2022-06-23 20:18:17 - [TEST_STEP][PASSED] - click(findTestObject("xxx Todelete/3 ProjectListPage_Create_Project_Button")): Object: 'Object Repository/xxx Todelete/3 ProjectListPage_Create_Project_Button' is clicked on

2022-06-23 20:18:20 - [MESSAGE][PASSED] - Object: 'Object Repository/xxx Todelete/3 ProjectListPage_Create_Project_Button' is clicked on

2022-06-23 20:18:20 - [TEST_STEP][PASSED] - takeScreenshot(): Taking screenshot successfully

2022-06-23 20:18:20 - [MESSAGE][PASSED] - Taking screenshot successfully
[[ATTACHMENT|D:\\Projet Test Auto\\Mediabox Test Automation\\Reports\\20220623_184212\\03. Parallel Testing (Testing)\\TS -PT PART 3\\07 Tag Sephora Dreyers _ Empty Group _Lifecycle condition\\20220623_184221\\1656008300624.png]]

2022-06-23 20:18:20 - [TEST_STEP][PASSED] - project_name = "AutoTest_Chrome_EmptyGroup_" + RandomStringUtils.randomAlphanumeric(10) + "_" + I.gettimedate(): null

2022-06-23 20:18:20 - [TEST_STEP][PASSED] - setText(findTestObject("HL Full Lifecycle/4 CreateProjPage_inputProjectname"), project_name): Text 'AutoTest_Chrome_EmptyGroup_5bKFxSiuIU_juin232022_201820' is set on object 'Object Repository/HL Full Lifecycle/4 CreateProjPage_inputProjectname'

2022-06-23 20:18:23 - [MESSAGE][PASSED] - Text 'AutoTest_Chrome_EmptyGroup_5bKFxSiuIU_juin232022_201820' is set on object 'Object Repository/HL Full Lifecycle/4 CreateProjPage_inputProjectname'

2022-06-23 20:18:23 - [TEST_STEP][PASSED] - takeScreenshot(): Taking screenshot successfully

2022-06-23 20:18:24 - [MESSAGE][PASSED] - Taking screenshot successfully
[[ATTACHMENT|D:\\Projet Test Auto\\Mediabox Test Automation\\Reports\\20220623_184212\\03. Parallel Testing (Testing)\\TS -PT PART 3\\07 Tag Sephora Dreyers _ Empty Group _Lifecycle condition\\20220623_184221\\1656008303597.png]]

2022-06-23 20:18:24 - [TEST_STEP][PASSED] - click(findTestObject("HL Full Lifecycle/4 CreateProjPage_Create Project_Bluebutton")): Object: 'Object Repository/HL Full Lifecycle/4 CreateProjPage_Create Project_Bluebutton' is clicked on

2022-06-23 20:18:28 - [MESSAGE][PASSED] - Object: 'Object Repository/HL Full Lifecycle/4 CreateProjPage_Create Project_Bluebutton' is clicked on

2022-06-23 20:18:28 - [TEST_STEP][PASSED] - takeScreenshot(): Taking screenshot successfully

2022-06-23 20:18:29 - [MESSAGE][PASSED] - Taking screenshot successfully
[[ATTACHMENT|D:\\Projet Test Auto\\Mediabox Test Automation\\Reports\\20220623_184212\\03. Parallel Testing (Testing)\\TS -PT PART 3\\07 Tag Sephora Dreyers _ Empty Group _Lifecycle condition\\20220623_184221\\1656008308650.png]]

2022-06-23 20:18:29 - [TEST_STEP][PASSED] - delay(1): Delayed 1 second(s)

2022-06-23 20:18:30 - [MESSAGE][PASSED] - Delayed 1 second(s)

2022-06-23 20:18:30 - [TEST_STEP][PASSED] - click(findTestObject("1. Constant/xpath", ["xpath":"//*[@id="card_phase_group_4294_ModifFiche"]/div[1]/div[2]/a"])): Object: 'Object Repository/1. Constant/xpath' is clicked on

2022-06-23 20:18:31 - [MESSAGE][PASSED] - Object: 'Object Repository/1. Constant/xpath' is clicked on

2022-06-23 20:18:31 - [TEST_STEP][PASSED] - delay(1): Delayed 1 second(s)

2022-06-23 20:18:32 - [MESSAGE][PASSED] - Delayed 1 second(s)

2022-06-23 20:18:32 - [TEST_STEP][PASSED] - verifyElementNotVisible(findTestObject("1. Constant/xpath", ["xpath":"//*[@id="card_phase_group_4294_ModifFiche"]/div[2]"]), OPTIONAL): Object 'Object Repository/1. Constant/xpath' is NOT visible

2022-06-23 20:18:33 - [MESSAGE][PASSED] - Object 'Object Repository/1. Constant/xpath' is NOT visible

2022-06-23 20:18:33 - [TEST_STEP][PASSED] - takeScreenshot(): Taking screenshot successfully

2022-06-23 20:18:33 - [MESSAGE][PASSED] - Taking screenshot successfully
[[ATTACHMENT|D:\\Projet Test Auto\\Mediabox Test Automation\\Reports\\20220623_184212\\03. Parallel Testing (Testing)\\TS -PT PART 3\\07 Tag Sephora Dreyers _ Empty Group _Lifecycle condition\\20220623_184221\\1656008313104.png]]

2022-06-23 20:18:33 - [TEST_STEP][PASSED] - click(findTestObject("1. Constant/xpath", ["xpath":"//*[@id="card_phase_group_4294_ModifFiche"]/div[1]/div[2]/a"])): Object: 'Object Repository/1. Constant/xpath' is clicked on

2022-06-23 20:18:35 - [MESSAGE][PASSED] - Object: 'Object Repository/1. Constant/xpath' is clicked on

2022-06-23 20:18:35 - [TEST_STEP][PASSED] - delay(1): Delayed 1 second(s)

2022-06-23 20:18:36 - [MESSAGE][PASSED] - Delayed 1 second(s)

2022-06-23 20:18:36 - [TEST_STEP][PASSED] - verifyElementVisible(findTestObject("1. Constant/xpath", ["xpath":"//*[@id="card_phase_group_4294_ModifFiche"]/div[2]"]), OPTIONAL): Object 'Object Repository/1. Constant/xpath' is visible

2022-06-23 20:18:37 - [MESSAGE][PASSED] - Object 'Object Repository/1. Constant/xpath' is visible

2022-06-23 20:18:37 - [TEST_STEP][PASSED] - delay(10): Delayed 10 second(s)

2022-06-23 20:18:47 - [MESSAGE][PASSED] - Delayed 10 second(s)

2022-06-23 20:18:47 - [TEST_STEP][PASSED] - takeScreenshot(): Taking screenshot successfully

2022-06-23 20:18:48 - [MESSAGE][PASSED] - Taking screenshot successfully
[[ATTACHMENT|D:\\Projet Test Auto\\Mediabox Test Automation\\Reports\\20220623_184212\\03. Parallel Testing (Testing)\\TS -PT PART 3\\07 Tag Sephora Dreyers _ Empty Group _Lifecycle condition\\20220623_184221\\1656008327725.png]]

2022-06-23 20:18:48 - [TEST_STEP][PASSED] - click(findTestObject("HL Full Lifecycle/5 ModifyProjPage_button_Update")): Object: 'Object Repository/HL Full Lifecycle/5 ModifyProjPage_button_Update' is clicked on

2022-06-23 20:18:53 - [MESSAGE][PASSED] - Object: 'Object Repository/HL Full Lifecycle/5 ModifyProjPage_button_Update' is clicked on

2022-06-23 20:18:53 - [TEST_STEP][PASSED] - Project_No = I.ProjectNo(): Current window's url is: 'http://mdb-release.diadeis.lan/MediaboxIndependence/Base/ExecAction?IDSession=MBI%21RELTESTAUTO_SEPHORA%21S91384EXWPO87YWWZP65K2D23O82OZE3PYRL7QOX&default_action=AfficheFichesProjet&id_project=MI001956'

2022-06-23 20:18:58 - [MESSAGE][PASSED] - Delayed 5 second(s)

2022-06-23 20:18:58 - [MESSAGE][PASSED] - Current window's url is: 'http://mdb-release.diadeis.lan/MediaboxIndependence/Base/ExecAction?IDSession=MBI%21RELTESTAUTO_SEPHORA%21S91384EXWPO87YWWZP65K2D23O82OZE3PYRL7QOX&default_action=AfficheFichesProjet&id_project=MI001956'

2022-06-23 20:18:58 - [TEST_STEP][PASSED] - click(findTestObject("HL Full Lifecycle/6 ReferenceListPage_createrefbutton")): Object: 'Object Repository/HL Full Lifecycle/6 ReferenceListPage_createrefbutton' is clicked on

2022-06-23 20:18:59 - [MESSAGE][PASSED] - Object: 'Object Repository/HL Full Lifecycle/6 ReferenceListPage_createrefbutton' is clicked on

2022-06-23 20:18:59 - [TEST_STEP][PASSED] - click(findTestObject("HL Full Lifecycle/6 ReferenceListPaga_Create a component_button")): Object: 'Object Repository/HL Full Lifecycle/6 ReferenceListPaga_Create a component_button' is clicked on

2022-06-23 20:19:01 - [MESSAGE][PASSED] - Object: 'Object Repository/HL Full Lifecycle/6 ReferenceListPaga_Create a component_button' is clicked on

2022-06-23 20:19:01 - [TEST_STEP][PASSED] - waitForPageLoad(25): Wait for page load successfully

2022-06-23 20:19:01 - [MESSAGE][PASSED] - Wait for page load successfully

2022-06-23 20:19:01 - [TEST_STEP][PASSED] - selectOptionByValue(findTestObject("HL Full Lifecycle/6 ReferenceList_Choose Lifecycle"), "32", false): All options with value '32' are selected in object 'Object Repository/HL Full Lifecycle/6 ReferenceList_Choose Lifecycle' 

2022-06-23 20:19:03 - [MESSAGE][PASSED] - All options with value '32' are selected in object 'Object Repository/HL Full Lifecycle/6 ReferenceList_Choose Lifecycle' 

2022-06-23 20:19:03 - [TEST_STEP][PASSED] - ref_name = RandomStringUtils.randomAlphanumeric(10) + "_EmptyGroup_" + I.gettimedate(): null

2022-06-23 20:19:03 - [TEST_STEP][PASSED] - setText(findTestObject("HL Full Lifecycle/6 Reference_input_Component name_field"), "Component_" + ref_name): Text 'Component_PhnOodgVz0_EmptyGroup_juin232022_201903' is set on object 'Object Repository/HL Full Lifecycle/6 Reference_input_Component name_field'

2022-06-23 20:19:05 - [MESSAGE][PASSED] - Text 'Component_PhnOodgVz0_EmptyGroup_juin232022_201903' is set on object 'Object Repository/HL Full Lifecycle/6 Reference_input_Component name_field'

2022-06-23 20:19:05 - [TEST_STEP][PASSED] - takeScreenshot(): Taking screenshot successfully

2022-06-23 20:19:07 - [MESSAGE][PASSED] - Taking screenshot successfully
[[ATTACHMENT|D:\\Projet Test Auto\\Mediabox Test Automation\\Reports\\20220623_184212\\03. Parallel Testing (Testing)\\TS -PT PART 3\\07 Tag Sephora Dreyers _ Empty Group _Lifecycle condition\\20220623_184221\\1656008346523.png]]

2022-06-23 20:19:07 - [TEST_STEP][PASSED] - click(findTestObject("HL Full Lifecycle/6 ReferencePg_Create a component_bluebutton")): Object: 'Object Repository/HL Full Lifecycle/6 ReferencePg_Create a component_bluebutton' is clicked on

2022-06-23 20:19:13 - [MESSAGE][PASSED] - Object: 'Object Repository/HL Full Lifecycle/6 ReferencePg_Create a component_bluebutton' is clicked on

2022-06-23 20:19:13 - [TEST_STEP][PASSED] - refID = I.RefID(): Current window's url is: 'http://mdb-release.diadeis.lan/MediaboxIndependence/Base/ExecAction?IDSession=MBI%21RELTESTAUTO_SEPHORA%21S91384EXWPO87YWWZP65K2D23O82OZE3PYRL7QOX&default_action=ModifierRef&id_project=MI001956&id_ref=5053&action_from=create_ref'

2022-06-23 20:19:18 - [MESSAGE][PASSED] - Delayed 5 second(s)

2022-06-23 20:19:18 - [MESSAGE][PASSED] - Current window's url is: 'http://mdb-release.diadeis.lan/MediaboxIndependence/Base/ExecAction?IDSession=MBI%21RELTESTAUTO_SEPHORA%21S91384EXWPO87YWWZP65K2D23O82OZE3PYRL7QOX&default_action=ModifierRef&id_project=MI001956&id_ref=5053&action_from=create_ref'

2022-06-23 20:19:18 - [TEST_STEP][PASSED] - takeScreenshot(): Taking screenshot successfully

2022-06-23 20:19:19 - [MESSAGE][PASSED] - Taking screenshot successfully
[[ATTACHMENT|D:\\Projet Test Auto\\Mediabox Test Automation\\Reports\\20220623_184212\\03. Parallel Testing (Testing)\\TS -PT PART 3\\07 Tag Sephora Dreyers _ Empty Group _Lifecycle condition\\20220623_184221\\1656008358934.png]]

2022-06-23 20:19:19 - [TEST_STEP][PASSED] - delay(1): Delayed 1 second(s)

2022-06-23 20:19:20 - [MESSAGE][PASSED] - Delayed 1 second(s)

2022-06-23 20:19:20 - [TEST_STEP][PASSED] - click(findTestObject("1. Constant/xpath", ["xpath":"//*[@id="card_phase_group_7196_ModifFiche"]/div[1]/div[2]/a"])): Object: 'Object Repository/1. Constant/xpath' is clicked on

2022-06-23 20:19:22 - [MESSAGE][PASSED] - Object: 'Object Repository/1. Constant/xpath' is clicked on

2022-06-23 20:19:22 - [TEST_STEP][PASSED] - delay(1): Delayed 1 second(s)

2022-06-23 20:19:23 - [MESSAGE][PASSED] - Delayed 1 second(s)

2022-06-23 20:19:23 - [TEST_STEP][PASSED] - verifyElementNotVisible(findTestObject("1. Constant/xpath", ["xpath":"//*[@id="card_phase_group_7196_ModifFiche"]/div[2]"]), OPTIONAL): Object 'Object Repository/1. Constant/xpath' is NOT visible

2022-06-23 20:19:23 - [MESSAGE][PASSED] - Object 'Object Repository/1. Constant/xpath' is NOT visible

2022-06-23 20:19:23 - [TEST_STEP][PASSED] - takeScreenshot(): Taking screenshot successfully

2022-06-23 20:19:23 - [MESSAGE][PASSED] - Taking screenshot successfully
[[ATTACHMENT|D:\\Projet Test Auto\\Mediabox Test Automation\\Reports\\20220623_184212\\03. Parallel Testing (Testing)\\TS -PT PART 3\\07 Tag Sephora Dreyers _ Empty Group _Lifecycle condition\\20220623_184221\\1656008363263.png]]

2022-06-23 20:19:23 - [TEST_STEP][PASSED] - click(findTestObject("1. Constant/xpath", ["xpath":"//*[@id="card_phase_group_7196_ModifFiche"]/div[1]/div[2]/a"])): Object: 'Object Repository/1. Constant/xpath' is clicked on

2022-06-23 20:19:23 - [MESSAGE][PASSED] - Object: 'Object Repository/1. Constant/xpath' is clicked on

2022-06-23 20:19:23 - [TEST_STEP][PASSED] - delay(1): Delayed 1 second(s)

2022-06-23 20:19:24 - [MESSAGE][PASSED] - Delayed 1 second(s)

2022-06-23 20:19:24 - [TEST_STEP][PASSED] - verifyElementVisible(findTestObject("1. Constant/xpath", ["xpath":"//*[@id="card_phase_group_7196_ModifFiche"]/div[2]"]), OPTIONAL): Object 'Object Repository/1. Constant/xpath' is visible

2022-06-23 20:19:25 - [MESSAGE][PASSED] - Object 'Object Repository/1. Constant/xpath' is visible

2022-06-23 20:19:25 - [TEST_STEP][PASSED] - delay(1): Delayed 1 second(s)

2022-06-23 20:19:26 - [MESSAGE][PASSED] - Delayed 1 second(s)

2022-06-23 20:19:26 - [TEST_STEP][PASSED] - takeScreenshot(): Taking screenshot successfully

2022-06-23 20:19:27 - [MESSAGE][PASSED] - Taking screenshot successfully
[[ATTACHMENT|D:\\Projet Test Auto\\Mediabox Test Automation\\Reports\\20220623_184212\\03. Parallel Testing (Testing)\\TS -PT PART 3\\07 Tag Sephora Dreyers _ Empty Group _Lifecycle condition\\20220623_184221\\1656008367063.png]]

2022-06-23 20:19:27 - [TEST_STEP][PASSED] - click(findTestObject("HL Full Lifecycle/7 ModifyRefPage_button_Save")): Object: 'Object Repository/HL Full Lifecycle/7 ModifyRefPage_button_Save' is clicked on

2022-06-23 20:19:31 - [MESSAGE][PASSED] - Object: 'Object Repository/HL Full Lifecycle/7 ModifyRefPage_button_Save' is clicked on

2022-06-23 20:19:31 - [TEST_STEP][PASSED] - delay(3): Delayed 3 second(s)

2022-06-23 20:19:34 - [MESSAGE][PASSED] - Delayed 3 second(s)

2022-06-23 20:19:34 - [TEST_STEP][PASSED] - click(findTestObject("HL Full Lifecycle/8 ReferencePage_ActionButton", ["refID":"source_" + refID])): Object: 'Object Repository/HL Full Lifecycle/8 ReferencePage_ActionButton' is clicked on

2022-06-23 20:19:37 - [MESSAGE][PASSED] - Object: 'Object Repository/HL Full Lifecycle/8 ReferencePage_ActionButton' is clicked on

2022-06-23 20:19:37 - [TEST_STEP][PASSED] - click(findTestObject("Object Repository/TAG/id_ModifFiche_div3_div_button2")): Object: 'Object Repository/TAG/id_ModifFiche_div3_div_button2' is clicked on

2022-06-23 20:19:41 - [MESSAGE][PASSED] - Object: 'Object Repository/TAG/id_ModifFiche_div3_div_button2' is clicked on

2022-06-23 20:19:41 - [TEST_STEP][PASSED] - takeScreenshot(): Taking screenshot successfully

2022-06-23 20:19:42 - [MESSAGE][PASSED] - Taking screenshot successfully
[[ATTACHMENT|D:\\Projet Test Auto\\Mediabox Test Automation\\Reports\\20220623_184212\\03. Parallel Testing (Testing)\\TS -PT PART 3\\07 Tag Sephora Dreyers _ Empty Group _Lifecycle condition\\20220623_184221\\1656008381868.png]]

2022-06-23 20:19:42 - [TEST_STEP][PASSED] - Actual_Error_msg1 = getText(findTestObject("1. Constant/xpath", ["xpath":"//*[@id="cardctrlphase"]/div[2]"])): Text of object 'Object Repository/1. Constant/xpath' is: 'Studio (Project)
This group has no related user
Modify this project'

2022-06-23 20:19:42 - [MESSAGE][PASSED] - Text of object 'Object Repository/1. Constant/xpath' is: 'Studio (Project)
This group has no related user
Modify this project'

2022-06-23 20:19:42 - [TEST_STEP][PASSED] - I.print(Actual_Error_msg1): null

2022-06-23 20:19:42 - [TEST_STEP][PASSED] - Expected_Error_msg1 = "Studio (Project)" + "
" + "This group has no related user" + "
" + "Modify this project": null

2022-06-23 20:19:42 - [TEST_STEP][PASSED] - verifyMatch(Actual_Error_msg1, Expected_Error_msg1, false): Actual text 'Studio (Project)
This group has no related user
Modify this project' and expected text 'Studio (Project)
This group has no related user
Modify this project' are matched 

2022-06-23 20:19:42 - [MESSAGE][PASSED] - Actual text 'Studio (Project)
This group has no related user
Modify this project' and expected text 'Studio (Project)
This group has no related user
Modify this project' are matched 

2022-06-23 20:19:42 - [TEST_STEP][PASSED] - click(findTestObject("1. Constant/xpath", ["xpath":"//*[@id="cardctrlphase"]/div[2]/div[2]/div/a"])): Object: 'Object Repository/1. Constant/xpath' is clicked on

2022-06-23 20:19:44 - [MESSAGE][PASSED] - Object: 'Object Repository/1. Constant/xpath' is clicked on

2022-06-23 20:19:44 - [TEST_STEP][PASSED] - takeScreenshot(): Taking screenshot successfully

2022-06-23 20:19:45 - [MESSAGE][PASSED] - Taking screenshot successfully
[[ATTACHMENT|D:\\Projet Test Auto\\Mediabox Test Automation\\Reports\\20220623_184212\\03. Parallel Testing (Testing)\\TS -PT PART 3\\07 Tag Sephora Dreyers _ Empty Group _Lifecycle condition\\20220623_184221\\1656008384907.png]]

2022-06-23 20:19:45 - [TEST_STEP][PASSED] - delay(1): Delayed 1 second(s)

2022-06-23 20:19:46 - [MESSAGE][PASSED] - Delayed 1 second(s)

2022-06-23 20:19:46 - [TEST_STEP][PASSED] - I.select_multiplelist("//*[@id="selSource_24"]", "//*[@id="btnAdd_24"]", "studio"): Delayed 1 second(s)

2022-06-23 20:19:47 - [MESSAGE][PASSED] - Delayed 1 second(s)

2022-06-23 20:19:49 - [MESSAGE][PASSED] - All options with value 'studio' are selected in object 'Object Repository/1. Constant/xpath' 

2022-06-23 20:19:51 - [MESSAGE][PASSED] - Delayed 2 second(s)

2022-06-23 20:19:53 - [MESSAGE][PASSED] - Object: 'Object Repository/1. Constant/xpath' is clicked on

2022-06-23 20:19:54 - [MESSAGE][PASSED] - Delayed 1 second(s)

2022-06-23 20:19:54 - [TEST_STEP][PASSED] - I.click_button_javascript(findTestObject("1. Constant/xpath", ["xpath":"//*[@id="ModifFiche"]/div[3]/div/button"])): Execute JavaScript 'arguments[0].click()' successfully

2022-06-23 20:19:59 - [MESSAGE][PASSED] - Execute JavaScript 'arguments[0].click()' successfully

2022-06-23 20:19:59 - [TEST_STEP][PASSED] - takeScreenshot(): Taking screenshot successfully

2022-06-23 20:20:00 - [MESSAGE][PASSED] - Taking screenshot successfully
[[ATTACHMENT|D:\\Projet Test Auto\\Mediabox Test Automation\\Reports\\20220623_184212\\03. Parallel Testing (Testing)\\TS -PT PART 3\\07 Tag Sephora Dreyers _ Empty Group _Lifecycle condition\\20220623_184221\\1656008399820.png]]

2022-06-23 20:20:00 - [TEST_STEP][PASSED] - click(findTestObject("HL Full Lifecycle/8 ReferencePage_ActionButton", ["refID":"source_" + refID])): Object: 'Object Repository/HL Full Lifecycle/8 ReferencePage_ActionButton' is clicked on

2022-06-23 20:20:03 - [MESSAGE][PASSED] - Object: 'Object Repository/HL Full Lifecycle/8 ReferencePage_ActionButton' is clicked on

2022-06-23 20:20:03 - [TEST_STEP][PASSED] - click(findTestObject("Object Repository/TAG/id_ModifFiche_div3_div_button2")): Object: 'Object Repository/TAG/id_ModifFiche_div3_div_button2' is clicked on

2022-06-23 20:20:08 - [MESSAGE][PASSED] - Object: 'Object Repository/TAG/id_ModifFiche_div3_div_button2' is clicked on

2022-06-23 20:20:08 - [TEST_STEP][PASSED] - Actual_status1 = getText(findTestObject("Object Repository/TAG/id_refid_td5_span1", ["refID":"source_" + refID])): Text of object 'Object Repository/TAG/id_refid_td5_span1' is: 'Phase 1.2'

2022-06-23 20:20:09 - [MESSAGE][PASSED] - Text of object 'Object Repository/TAG/id_refid_td5_span1' is: 'Phase 1.2'

2022-06-23 20:20:09 - [TEST_STEP][PASSED] - verifyMatch(Actual_status1, "Phase 1.2", false): Actual text 'Phase 1.2' and expected text 'Phase 1.2' are matched 

2022-06-23 20:20:09 - [MESSAGE][PASSED] - Actual text 'Phase 1.2' and expected text 'Phase 1.2' are matched 

2022-06-23 20:20:09 - [TEST_STEP][PASSED] - click(findTestObject("HL Full Lifecycle/8 ReferencePage_ActionButton", ["refID":"source_" + refID])): Object: 'Object Repository/HL Full Lifecycle/8 ReferencePage_ActionButton' is clicked on

2022-06-23 20:20:10 - [MESSAGE][PASSED] - Object: 'Object Repository/HL Full Lifecycle/8 ReferencePage_ActionButton' is clicked on

2022-06-23 20:20:10 - [TEST_STEP][PASSED] - takeScreenshot(): Taking screenshot successfully

2022-06-23 20:20:11 - [MESSAGE][PASSED] - Taking screenshot successfully
[[ATTACHMENT|D:\\Projet Test Auto\\Mediabox Test Automation\\Reports\\20220623_184212\\03. Parallel Testing (Testing)\\TS -PT PART 3\\07 Tag Sephora Dreyers _ Empty Group _Lifecycle condition\\20220623_184221\\1656008410962.png]]

2022-06-23 20:20:11 - [TEST_STEP][PASSED] - click(findTestObject("Object Repository/TAG/id_ModifFiche_div3_div_button2")): Object: 'Object Repository/TAG/id_ModifFiche_div3_div_button2' is clicked on

2022-06-23 20:20:13 - [MESSAGE][PASSED] - Object: 'Object Repository/TAG/id_ModifFiche_div3_div_button2' is clicked on

2022-06-23 20:20:13 - [TEST_STEP][PASSED] - takeScreenshot(): Taking screenshot successfully

2022-06-23 20:20:13 - [MESSAGE][PASSED] - Taking screenshot successfully
[[ATTACHMENT|D:\\Projet Test Auto\\Mediabox Test Automation\\Reports\\20220623_184212\\03. Parallel Testing (Testing)\\TS -PT PART 3\\07 Tag Sephora Dreyers _ Empty Group _Lifecycle condition\\20220623_184221\\1656008413647.png]]

2022-06-23 20:20:13 - [TEST_STEP][PASSED] - Actual_Error_msg2 = getText(findTestObject("1. Constant/xpath", ["xpath":"//*[@id="cardctrlphase"]/div[2]"])): Text of object 'Object Repository/1. Constant/xpath' is: 'Printer_FG
Potential problem with these fields:
Printer (Component)
Modify this component brief'

2022-06-23 20:20:16 - [MESSAGE][PASSED] - Text of object 'Object Repository/1. Constant/xpath' is: 'Printer_FG
Potential problem with these fields:
Printer (Component)
Modify this component brief'

2022-06-23 20:20:16 - [TEST_STEP][PASSED] - I.print(Actual_Error_msg2): null

2022-06-23 20:20:16 - [TEST_STEP][PASSED] - Expected_Error_msg2 = "Printer_FG" + "
" + "Potential problem with these fields:" + "
" + "Printer (Component)" + "
" + "Modify this component brief": null

2022-06-23 20:20:16 - [TEST_STEP][PASSED] - verifyMatch(Actual_Error_msg2, Expected_Error_msg2, false): Actual text 'Printer_FG
Potential problem with these fields:
Printer (Component)
Modify this component brief' and expected text 'Printer_FG
Potential problem with these fields:
Printer (Component)
Modify this component brief' are matched 

2022-06-23 20:20:16 - [MESSAGE][PASSED] - Actual text 'Printer_FG
Potential problem with these fields:
Printer (Component)
Modify this component brief' and expected text 'Printer_FG
Potential problem with these fields:
Printer (Component)
Modify this component brief' are matched 

2022-06-23 20:20:16 - [TEST_STEP][PASSED] - click(findTestObject("1. Constant/xpath", ["xpath":"//*[@id="cardctrlphase"]/div[2]/div[3]/div/a"])): Object: 'Object Repository/1. Constant/xpath' is clicked on

2022-06-23 20:20:18 - [MESSAGE][PASSED] - Object: 'Object Repository/1. Constant/xpath' is clicked on

2022-06-23 20:20:18 - [TEST_STEP][PASSED] - takeScreenshot(): Taking screenshot successfully

2022-06-23 20:20:18 - [MESSAGE][PASSED] - Taking screenshot successfully
[[ATTACHMENT|D:\\Projet Test Auto\\Mediabox Test Automation\\Reports\\20220623_184212\\03. Parallel Testing (Testing)\\TS -PT PART 3\\07 Tag Sephora Dreyers _ Empty Group _Lifecycle condition\\20220623_184221\\1656008418282.png]]

2022-06-23 20:20:18 - [TEST_STEP][PASSED] - delay(1): Delayed 1 second(s)

2022-06-23 20:20:19 - [MESSAGE][PASSED] - Delayed 1 second(s)

2022-06-23 20:20:19 - [TEST_STEP][PASSED] - selectOptionByValue(findTestObject("1. Constant/xpath", ["xpath":"//*[@id="var_18"]"]), "180", false): All options with value '180' are selected in object 'Object Repository/1. Constant/xpath' 

2022-06-23 20:20:21 - [MESSAGE][PASSED] - All options with value '180' are selected in object 'Object Repository/1. Constant/xpath' 

2022-06-23 20:20:21 - [TEST_STEP][PASSED] - click(findTestObject("1. Constant/xpath", ["xpath":"//*[@id="type_save"]"])): Object: 'Object Repository/1. Constant/xpath' is clicked on

2022-06-23 20:20:25 - [MESSAGE][PASSED] - Object: 'Object Repository/1. Constant/xpath' is clicked on

2022-06-23 20:20:25 - [TEST_STEP][PASSED] - click(findTestObject("HL Full Lifecycle/8 ReferencePage_ActionButton", ["refID":"source_" + refID])): Object: 'Object Repository/HL Full Lifecycle/8 ReferencePage_ActionButton' is clicked on

2022-06-23 20:20:28 - [MESSAGE][PASSED] - Object: 'Object Repository/HL Full Lifecycle/8 ReferencePage_ActionButton' is clicked on

2022-06-23 20:20:28 - [TEST_STEP][PASSED] - click(findTestObject("Object Repository/TAG/id_ModifFiche_div3_div_button2")): Object: 'Object Repository/TAG/id_ModifFiche_div3_div_button2' is clicked on

2022-06-23 20:20:34 - [MESSAGE][PASSED] - Object: 'Object Repository/TAG/id_ModifFiche_div3_div_button2' is clicked on

2022-06-23 20:20:34 - [TEST_STEP][PASSED] - takeScreenshot(): Taking screenshot successfully

2022-06-23 20:20:35 - [MESSAGE][PASSED] - Taking screenshot successfully
[[ATTACHMENT|D:\\Projet Test Auto\\Mediabox Test Automation\\Reports\\20220623_184212\\03. Parallel Testing (Testing)\\TS -PT PART 3\\07 Tag Sephora Dreyers _ Empty Group _Lifecycle condition\\20220623_184221\\1656008434603.png]]

2022-06-23 20:20:35 - [TEST_STEP][PASSED] - Actual_status2 = getText(findTestObject("Object Repository/TAG/id_refid_td5_span1", ["refID":"source_" + refID])): Text of object 'Object Repository/TAG/id_refid_td5_span1' is: 'Phase 2.1'

2022-06-23 20:20:36 - [MESSAGE][PASSED] - Text of object 'Object Repository/TAG/id_refid_td5_span1' is: 'Phase 2.1'

2022-06-23 20:20:36 - [TEST_STEP][PASSED] - verifyMatch(Actual_status2, "Phase 2.1", false): Actual text 'Phase 2.1' and expected text 'Phase 2.1' are matched 

2022-06-23 20:20:36 - [MESSAGE][PASSED] - Actual text 'Phase 2.1' and expected text 'Phase 2.1' are matched 

2022-06-23 20:20:36 - [TEST_STEP][PASSED] - takeScreenshot(): Taking screenshot successfully

2022-06-23 20:20:37 - [MESSAGE][PASSED] - Taking screenshot successfully
[[ATTACHMENT|D:\\Projet Test Auto\\Mediabox Test Automation\\Reports\\20220623_184212\\03. Parallel Testing (Testing)\\TS -PT PART 3\\07 Tag Sephora Dreyers _ Empty Group _Lifecycle condition\\20220623_184221\\1656008436950.png]]

2022-06-23 20:20:37 - [TEST_STEP][PASSED] - I.submitquesiton_ref(findTestObject("Object Repository/TAG/id_refid_td7_div_1", ["refID":"source_" + refID]), findTestObject("Object Repository/TAG/id_refid_td7_div1_div_a1", ["refID":"source_" + refID])): Object: 'Object Repository/TAG/id_refid_td7_div1_div_a1' is clicked on

2022-06-23 20:20:39 - [MESSAGE][PASSED] - Object: 'Object Repository/TAG/id_refid_td7_div_1' is clicked on

2022-06-23 20:20:42 - [MESSAGE][PASSED] - Delayed 3 second(s)

2022-06-23 20:20:44 - [MESSAGE][PASSED] - Object: 'Object Repository/TAG/id_refid_td7_div1_div_a1' is clicked on

2022-06-23 20:20:44 - [TEST_STEP][PASSED] - takeScreenshot(): Taking screenshot successfully

2022-06-23 20:20:44 - [MESSAGE][PASSED] - Taking screenshot successfully
[[ATTACHMENT|D:\\Projet Test Auto\\Mediabox Test Automation\\Reports\\20220623_184212\\03. Parallel Testing (Testing)\\TS -PT PART 3\\07 Tag Sephora Dreyers _ Empty Group _Lifecycle condition\\20220623_184221\\1656008444557.png]]

2022-06-23 20:20:44 - [TEST_STEP][PASSED] - selectOptionByValue(findTestObject("1. Constant/xpath", ["xpath":"//*[@id="var_133"]"]), "268", false): All options with value '268' are selected in object 'Object Repository/1. Constant/xpath' 

2022-06-23 20:20:47 - [MESSAGE][PASSED] - All options with value '268' are selected in object 'Object Repository/1. Constant/xpath' 

2022-06-23 20:20:47 - [TEST_STEP][PASSED] - click(findTestObject("Object Repository/TAG/id_ModifFiche_div3_div_button2")): Object: 'Object Repository/TAG/id_ModifFiche_div3_div_button2' is clicked on

2022-06-23 20:20:50 - [MESSAGE][PASSED] - Object: 'Object Repository/TAG/id_ModifFiche_div3_div_button2' is clicked on

2022-06-23 20:20:50 - [TEST_STEP][PASSED] - takeScreenshot(): Taking screenshot successfully

2022-06-23 20:20:51 - [MESSAGE][PASSED] - Taking screenshot successfully
[[ATTACHMENT|D:\\Projet Test Auto\\Mediabox Test Automation\\Reports\\20220623_184212\\03. Parallel Testing (Testing)\\TS -PT PART 3\\07 Tag Sephora Dreyers _ Empty Group _Lifecycle condition\\20220623_184221\\1656008450860.png]]

2022-06-23 20:20:51 - [TEST_STEP][PASSED] - Actual_Error_msg3 = getText(findTestObject("1. Constant/xpath", ["xpath":"//*[@id="cardctrlphase"]/div[2]"])): Text of object 'Object Repository/1. Constant/xpath' is: 'Studio (Project)
Potential problem with these fields:
External agency (Component)
ANAIS LEFEVRE
Modify this component brief'

2022-06-23 20:20:52 - [MESSAGE][PASSED] - Text of object 'Object Repository/1. Constant/xpath' is: 'Studio (Project)
Potential problem with these fields:
External agency (Component)
ANAIS LEFEVRE
Modify this component brief'

2022-06-23 20:20:52 - [TEST_STEP][PASSED] - I.print(Actual_Error_msg3): null

2022-06-23 20:20:52 - [TEST_STEP][PASSED] - Expected_Error_msg3 = "Studio (Project)" + "
" + "Potential problem with these fields:" + "
" + "External agency (Component)" + "
" + "ANAIS LEFEVRE" + "
" + "Modify this component brief": null

2022-06-23 20:20:52 - [TEST_STEP][PASSED] - verifyMatch(Actual_Error_msg3, Expected_Error_msg3, false): Actual text 'Studio (Project)
Potential problem with these fields:
External agency (Component)
ANAIS LEFEVRE
Modify this component brief' and expected text 'Studio (Project)
Potential problem with these fields:
External agency (Component)
ANAIS LEFEVRE
Modify this component brief' are matched 

2022-06-23 20:20:52 - [MESSAGE][PASSED] - Actual text 'Studio (Project)
Potential problem with these fields:
External agency (Component)
ANAIS LEFEVRE
Modify this component brief' and expected text 'Studio (Project)
Potential problem with these fields:
External agency (Component)
ANAIS LEFEVRE
Modify this component brief' are matched 

2022-06-23 20:20:52 - [TEST_STEP][PASSED] - click(findTestObject("1. Constant/xpath", ["xpath":"//*[@id="cardctrlphase"]/div[2]/div[3]/div/a"])): Object: 'Object Repository/1. Constant/xpath' is clicked on

2022-06-23 20:20:56 - [MESSAGE][PASSED] - Object: 'Object Repository/1. Constant/xpath' is clicked on

2022-06-23 20:20:56 - [TEST_STEP][PASSED] - takeScreenshot(): Taking screenshot successfully

2022-06-23 20:20:57 - [MESSAGE][PASSED] - Taking screenshot successfully
[[ATTACHMENT|D:\\Projet Test Auto\\Mediabox Test Automation\\Reports\\20220623_184212\\03. Parallel Testing (Testing)\\TS -PT PART 3\\07 Tag Sephora Dreyers _ Empty Group _Lifecycle condition\\20220623_184221\\1656008456679.png]]

2022-06-23 20:20:57 - [TEST_STEP][PASSED] - delay(1): Delayed 1 second(s)

2022-06-23 20:20:58 - [MESSAGE][PASSED] - Delayed 1 second(s)

2022-06-23 20:20:58 - [TEST_STEP][PASSED] - click(findTestObject("1. Constant/xpath", ["xpath":"//*[@id="type_save"]"])): Object: 'Object Repository/1. Constant/xpath' is clicked on

2022-06-23 20:21:04 - [MESSAGE][PASSED] - Object: 'Object Repository/1. Constant/xpath' is clicked on

2022-06-23 20:21:04 - [TEST_STEP][PASSED] - I.submitquesiton_ref(findTestObject("Object Repository/TAG/id_refid_td7_div_1", ["refID":"source_" + refID]), findTestObject("Object Repository/TAG/id_refid_td7_div1_div_a2", ["refID":"source_" + refID])): Object: 'Object Repository/TAG/id_refid_td7_div1_div_a2' is clicked on

2022-06-23 20:21:06 - [MESSAGE][PASSED] - Object: 'Object Repository/TAG/id_refid_td7_div_1' is clicked on

2022-06-23 20:21:09 - [MESSAGE][PASSED] - Delayed 3 second(s)

2022-06-23 20:21:11 - [MESSAGE][PASSED] - Object: 'Object Repository/TAG/id_refid_td7_div1_div_a2' is clicked on

2022-06-23 20:21:11 - [TEST_STEP][PASSED] - click(findTestObject("Object Repository/TAG/id_ModifFiche_div3_div_button2")): Object: 'Object Repository/TAG/id_ModifFiche_div3_div_button2' is clicked on

2022-06-23 20:21:15 - [MESSAGE][PASSED] - Object: 'Object Repository/TAG/id_ModifFiche_div3_div_button2' is clicked on

2022-06-23 20:21:15 - [TEST_STEP][PASSED] - takeScreenshot(): Taking screenshot successfully

2022-06-23 20:21:16 - [MESSAGE][PASSED] - Taking screenshot successfully
[[ATTACHMENT|D:\\Projet Test Auto\\Mediabox Test Automation\\Reports\\20220623_184212\\03. Parallel Testing (Testing)\\TS -PT PART 3\\07 Tag Sephora Dreyers _ Empty Group _Lifecycle condition\\20220623_184221\\1656008475659.png]]

2022-06-23 20:21:16 - [TEST_STEP][PASSED] - Actual_Error_msg4 = getText(findTestObject("1. Constant/xpath", ["xpath":"//*[@id="cardctrlphase"]/div[2]"])): Text of object 'Object Repository/1. Constant/xpath' is: 'Studio (Project)
Potential problem with these fields:
External agency (Component)
ANAIS LEFEVRE
Modify this component brief'

2022-06-23 20:21:17 - [MESSAGE][PASSED] - Text of object 'Object Repository/1. Constant/xpath' is: 'Studio (Project)
Potential problem with these fields:
External agency (Component)
ANAIS LEFEVRE
Modify this component brief'

2022-06-23 20:21:17 - [TEST_STEP][PASSED] - I.print(Actual_Error_msg4): null

2022-06-23 20:21:17 - [TEST_STEP][PASSED] - Expected_Error_msg4 = "Studio (Project)" + "
" + "Potential problem with these fields:" + "
" + "External agency (Component)" + "
" + "ANAIS LEFEVRE" + "
" + "Modify this component brief": null

2022-06-23 20:21:17 - [TEST_STEP][PASSED] - verifyMatch(Actual_Error_msg4, Expected_Error_msg4, false): Actual text 'Studio (Project)
Potential problem with these fields:
External agency (Component)
ANAIS LEFEVRE
Modify this component brief' and expected text 'Studio (Project)
Potential problem with these fields:
External agency (Component)
ANAIS LEFEVRE
Modify this component brief' are matched 

2022-06-23 20:21:17 - [MESSAGE][PASSED] - Actual text 'Studio (Project)
Potential problem with these fields:
External agency (Component)
ANAIS LEFEVRE
Modify this component brief' and expected text 'Studio (Project)
Potential problem with these fields:
External agency (Component)
ANAIS LEFEVRE
Modify this component brief' are matched 

2022-06-23 20:21:17 - [TEST_STEP][PASSED] - click(findTestObject("1. Constant/xpath", ["xpath":"//*[@id="cardctrlphase"]/div[2]/div[3]/div/a"])): Object: 'Object Repository/1. Constant/xpath' is clicked on

2022-06-23 20:21:18 - [MESSAGE][PASSED] - Object: 'Object Repository/1. Constant/xpath' is clicked on

2022-06-23 20:21:18 - [TEST_STEP][PASSED] - takeScreenshot(): Taking screenshot successfully

2022-06-23 20:21:19 - [MESSAGE][PASSED] - Taking screenshot successfully
[[ATTACHMENT|D:\\Projet Test Auto\\Mediabox Test Automation\\Reports\\20220623_184212\\03. Parallel Testing (Testing)\\TS -PT PART 3\\07 Tag Sephora Dreyers _ Empty Group _Lifecycle condition\\20220623_184221\\1656008478759.png]]

2022-06-23 20:21:19 - [TEST_STEP][PASSED] - delay(1): Delayed 1 second(s)

2022-06-23 20:21:20 - [MESSAGE][PASSED] - Delayed 1 second(s)

2022-06-23 20:21:20 - [TEST_STEP][PASSED] - selectOptionByValue(findTestObject("1. Constant/xpath", ["xpath":"//*[@id="var_133"]"]), "253", false): All options with value '253' are selected in object 'Object Repository/1. Constant/xpath' 

2022-06-23 20:21:21 - [MESSAGE][PASSED] - All options with value '253' are selected in object 'Object Repository/1. Constant/xpath' 

2022-06-23 20:21:21 - [TEST_STEP][PASSED] - click(findTestObject("1. Constant/xpath", ["xpath":"//*[@id="type_save"]"])): Object: 'Object Repository/1. Constant/xpath' is clicked on

2022-06-23 20:21:24 - [MESSAGE][PASSED] - Object: 'Object Repository/1. Constant/xpath' is clicked on

2022-06-23 20:21:24 - [TEST_STEP][PASSED] - I.submitquesiton_ref(findTestObject("Object Repository/TAG/id_refid_td7_div_1", ["refID":"source_" + refID]), findTestObject("Object Repository/TAG/id_refid_td7_div1_div_a2", ["refID":"source_" + refID])): Object: 'Object Repository/TAG/id_refid_td7_div1_div_a2' is clicked on

2022-06-23 20:21:25 - [MESSAGE][PASSED] - Object: 'Object Repository/TAG/id_refid_td7_div_1' is clicked on

2022-06-23 20:21:28 - [MESSAGE][PASSED] - Delayed 3 second(s)

2022-06-23 20:21:30 - [MESSAGE][PASSED] - Object: 'Object Repository/TAG/id_refid_td7_div1_div_a2' is clicked on

2022-06-23 20:21:30 - [TEST_STEP][PASSED] - click(findTestObject("Object Repository/TAG/id_ModifFiche_div3_div_button2")): Object: 'Object Repository/TAG/id_ModifFiche_div3_div_button2' is clicked on

2022-06-23 20:21:35 - [MESSAGE][PASSED] - Object: 'Object Repository/TAG/id_ModifFiche_div3_div_button2' is clicked on

2022-06-23 20:21:35 - [TEST_STEP][PASSED] - takeScreenshot(): Taking screenshot successfully

2022-06-23 20:21:36 - [MESSAGE][PASSED] - Taking screenshot successfully
[[ATTACHMENT|D:\\Projet Test Auto\\Mediabox Test Automation\\Reports\\20220623_184212\\03. Parallel Testing (Testing)\\TS -PT PART 3\\07 Tag Sephora Dreyers _ Empty Group _Lifecycle condition\\20220623_184221\\1656008495866.png]]

2022-06-23 20:21:36 - [TEST_STEP][PASSED] - Actual_status3 = getText(findTestObject("Object Repository/TAG/id_refid_td5_span1", ["refID":"source_" + refID])): Text of object 'Object Repository/TAG/id_refid_td5_span1' is: 'Phase 1.2'

2022-06-23 20:21:37 - [MESSAGE][PASSED] - Text of object 'Object Repository/TAG/id_refid_td5_span1' is: 'Phase 1.2'

2022-06-23 20:21:37 - [TEST_STEP][PASSED] - verifyMatch(Actual_status3, "Phase 1.2", false): Actual text 'Phase 1.2' and expected text 'Phase 1.2' are matched 

2022-06-23 20:21:37 - [MESSAGE][PASSED] - Actual text 'Phase 1.2' and expected text 'Phase 1.2' are matched 

2022-06-23 20:21:37 - [TEST_STEP][PASSED] - click(findTestObject("HL Full Lifecycle/8 ReferencePage_ActionButton", ["refID":"source_" + refID])): Object: 'Object Repository/HL Full Lifecycle/8 ReferencePage_ActionButton' is clicked on

2022-06-23 20:21:38 - [MESSAGE][PASSED] - Object: 'Object Repository/HL Full Lifecycle/8 ReferencePage_ActionButton' is clicked on

2022-06-23 20:21:38 - [TEST_STEP][PASSED] - click(findTestObject("Object Repository/TAG/id_ModifFiche_div3_div_button2")): Object: 'Object Repository/TAG/id_ModifFiche_div3_div_button2' is clicked on

2022-06-23 20:21:42 - [MESSAGE][PASSED] - Object: 'Object Repository/TAG/id_ModifFiche_div3_div_button2' is clicked on

2022-06-23 20:21:42 - [TEST_STEP][PASSED] - takeScreenshot(): Taking screenshot successfully

2022-06-23 20:21:43 - [MESSAGE][PASSED] - Taking screenshot successfully
[[ATTACHMENT|D:\\Projet Test Auto\\Mediabox Test Automation\\Reports\\20220623_184212\\03. Parallel Testing (Testing)\\TS -PT PART 3\\07 Tag Sephora Dreyers _ Empty Group _Lifecycle condition\\20220623_184221\\1656008502884.png]]

2022-06-23 20:21:43 - [TEST_STEP][PASSED] - Actual_status4 = getText(findTestObject("Object Repository/TAG/id_refid_td5_span1", ["refID":"source_" + refID])): Text of object 'Object Repository/TAG/id_refid_td5_span1' is: 'Phase 2.1'

2022-06-23 20:21:43 - [MESSAGE][PASSED] - Text of object 'Object Repository/TAG/id_refid_td5_span1' is: 'Phase 2.1'

2022-06-23 20:21:43 - [TEST_STEP][PASSED] - verifyMatch(Actual_status4, "Phase 2.1", false): Actual text 'Phase 2.1' and expected text 'Phase 2.1' are matched 

2022-06-23 20:21:43 - [MESSAGE][PASSED] - Actual text 'Phase 2.1' and expected text 'Phase 2.1' are matched 

2022-06-23 20:21:43 - [TEST_STEP][PASSED] - takeScreenshot(): Taking screenshot successfully

2022-06-23 20:21:44 - [MESSAGE][PASSED] - Taking screenshot successfully
[[ATTACHMENT|D:\\Projet Test Auto\\Mediabox Test Automation\\Reports\\20220623_184212\\03. Parallel Testing (Testing)\\TS -PT PART 3\\07 Tag Sephora Dreyers _ Empty Group _Lifecycle condition\\20220623_184221\\1656008503764.png]]

2022-06-23 20:21:44 - [TEST_STEP][PASSED] - I.submitquesiton_ref(findTestObject("Object Repository/TAG/id_refid_td7_div_1", ["refID":"source_" + refID]), findTestObject("Object Repository/TAG/id_refid_td7_div1_div_a1", ["refID":"source_" + refID])): Object: 'Object Repository/TAG/id_refid_td7_div1_div_a1' is clicked on

2022-06-23 20:21:45 - [MESSAGE][PASSED] - Object: 'Object Repository/TAG/id_refid_td7_div_1' is clicked on

2022-06-23 20:21:48 - [MESSAGE][PASSED] - Delayed 3 second(s)

2022-06-23 20:21:49 - [MESSAGE][PASSED] - Object: 'Object Repository/TAG/id_refid_td7_div1_div_a1' is clicked on

2022-06-23 20:21:49 - [TEST_STEP][PASSED] - takeScreenshot(): Taking screenshot successfully

2022-06-23 20:21:50 - [MESSAGE][PASSED] - Taking screenshot successfully
[[ATTACHMENT|D:\\Projet Test Auto\\Mediabox Test Automation\\Reports\\20220623_184212\\03. Parallel Testing (Testing)\\TS -PT PART 3\\07 Tag Sephora Dreyers _ Empty Group _Lifecycle condition\\20220623_184221\\1656008510254.png]]

2022-06-23 20:21:50 - [TEST_STEP][PASSED] - click(findTestObject("Object Repository/TAG/id_ModifFiche_div3_div_button2")): Object: 'Object Repository/TAG/id_ModifFiche_div3_div_button2' is clicked on

2022-06-23 20:21:56 - [MESSAGE][PASSED] - Object: 'Object Repository/TAG/id_ModifFiche_div3_div_button2' is clicked on

2022-06-23 20:21:56 - [TEST_STEP][PASSED] - takeScreenshot(): Taking screenshot successfully

2022-06-23 20:21:56 - [MESSAGE][PASSED] - Taking screenshot successfully
[[ATTACHMENT|D:\\Projet Test Auto\\Mediabox Test Automation\\Reports\\20220623_184212\\03. Parallel Testing (Testing)\\TS -PT PART 3\\07 Tag Sephora Dreyers _ Empty Group _Lifecycle condition\\20220623_184221\\1656008516376.png]]

2022-06-23 20:21:56 - [TEST_STEP][PASSED] - Actual_status5 = getText(findTestObject("Object Repository/TAG/id_refid_td5_span", ["refID":"source_" + refID])): Text of object 'Object Repository/TAG/id_refid_td5_span' is: 'Complete'

2022-06-23 20:21:56 - [MESSAGE][PASSED] - Text of object 'Object Repository/TAG/id_refid_td5_span' is: 'Complete'

2022-06-23 20:21:56 - [TEST_STEP][PASSED] - verifyMatch(Actual_status5, "Complete", false): Actual text 'Complete' and expected text 'Complete' are matched 

2022-06-23 20:21:56 - [MESSAGE][PASSED] - Actual text 'Complete' and expected text 'Complete' are matched 

2022-06-23 20:21:56 - [TEST_STEP][PASSED] - closeBrowser(): Browser is closed

2022-06-23 20:22:03 - [MESSAGE][PASSED] - Browser is closed

2022-06-23 20:22:03 - [TEST_STEP][PASSED] - Start listener action : sampleAfterTestCase: null]]></system-out>
         <system-err><![CDATA[]]></system-err>
      </testcase>
      <testcase name="Test Cases/13. Dreyers Lifecycle condition/13.1 Dreyers Lifecycle conditions _ Partial Submission user field P1(16.02)" time="498.406" classname="Test Cases/13. Dreyers Lifecycle condition/13.1 Dreyers Lifecycle conditions _ Partial Submission user field P1(16.02)" status="PASSED">
         <system-out><![CDATA[2022-06-23 20:22:03 - [TEST_CASE][PASSED] - Test Cases/13. Dreyers Lifecycle condition/13.1 Dreyers Lifecycle conditions _ Partial Submission user field P1(16.02): Test Cases/13. Dreyers Lifecycle condition/13.1 Dreyers Lifecycle conditions _ Partial Submission user field P1(16.02)

2022-06-23 20:22:04 - [TEST_STEP][PASSED] - data_Dreyers = findTestData("Data Files/Username_Password/Dreyer"): null

2022-06-23 20:22:04 - [TEST_STEP][PASSED] - password_suser = data_Dreyers.getValue(2, 1): null

2022-06-23 20:22:04 - [TEST_STEP][PASSED] - password_blemco = data_Dreyers.getValue(2, 2): null

2022-06-23 20:22:04 - [TEST_STEP][PASSED] - password_amassoth = data_Dreyers.getValue(2, 3): null

2022-06-23 20:22:04 - [TEST_STEP][PASSED] - password_bharandi = data_Dreyers.getValue(2, 4): null

2022-06-23 20:22:04 - [TEST_STEP][PASSED] - password_mbaughman = data_Dreyers.getValue(2, 5): null

2022-06-23 20:22:04 - [TEST_STEP][PASSED] - data_urlRELAUTO = findTestData("Data Files/URL/URL_relauto"): null

2022-06-23 20:22:04 - [TEST_STEP][PASSED] - Url_Dreyer = data_urlRELAUTO.getValue(2, 4): null

2022-06-23 20:22:04 - [TEST_STEP][PASSED] - I.clearnotepad("D:\Upoad_File\Projet_ Login\Dreyers\13.1\13.1_Dreyers_ProjectNo.txt"): null

2022-06-23 20:22:04 - [TEST_STEP][PASSED] - I.clearnotepad("D:\Upoad_File\Projet_ Login\Dreyers\13.1\13.1_Dreyers_refID_Deliverable(D).txt"): null

2022-06-23 20:22:04 - [TEST_STEP][PASSED] - I.clearnotepad("D:\Upoad_File\Projet_ Login\Dreyers\13.1\13.1_Dreyers_refID_Design(M).txt"): null

2022-06-23 20:22:04 - [TEST_STEP][PASSED] - I.clearnotepad("D:\Upoad_File\Projet_ Login\Dreyers\13.1\13.1_Dreyers_refID_APL(GD).txt"): null

2022-06-23 20:22:04 - [TEST_STEP][PASSED] - I.clearnotepad("D:\Upoad_File\Projet_ Login\Dreyers\13.1\13.1_Dreyers_refID_LI(GD).txt"): null

2022-06-23 20:22:04 - [TEST_STEP][PASSED] - openBrowser(Url_Dreyer): Browser is opened with url: 'http://mdb-release.diadeis.lan/MediaboxIndependence/?MBI_datasource=RELTESTAUTO_DREYERS'

2022-06-23 20:22:04 - [MESSAGE][INFO] - Starting 'Chrome (headless)' driver

2022-06-23 20:22:04 - [MESSAGE][INFO] - User set preference: ['args', '[--window-size=1920,1080, --headless]']

2022-06-23 20:22:04 - [MESSAGE][INFO] - Action delay is set to 0 milliseconds

2022-06-23 20:22:24 - [MESSAGE][PASSED] - Browser is opened with url: 'http://mdb-release.diadeis.lan/MediaboxIndependence/?MBI_datasource=RELTESTAUTO_DREYERS'

2022-06-23 20:22:24 - [TEST_STEP][PASSED] - maximizeWindow(): Current window maximized

2022-06-23 20:22:24 - [MESSAGE][PASSED] - Current window maximized

2022-06-23 20:22:24 - [TEST_STEP][PASSED] - waitForPageLoad(30): Wait for page load successfully

2022-06-23 20:22:24 - [MESSAGE][PASSED] - Wait for page load successfully

2022-06-23 20:22:24 - [TEST_STEP][PASSED] - takeScreenshot(): Taking screenshot successfully

2022-06-23 20:22:25 - [MESSAGE][PASSED] - Taking screenshot successfully
[[ATTACHMENT|D:\\Projet Test Auto\\Mediabox Test Automation\\Reports\\20220623_184212\\03. Parallel Testing (Testing)\\TS -PT PART 3\\07 Tag Sephora Dreyers _ Empty Group _Lifecycle condition\\20220623_184221\\1656008545286.png]]

2022-06-23 20:22:25 - [TEST_STEP][PASSED] - I.Login_password("blemco", password_blemco): Object: 'Object Repository/1. Constant/xpath' is clicked on

2022-06-23 20:22:26 - [MESSAGE][PASSED] - Text 'blemco' is set on object 'Object Repository/1. Constant/xpath'

2022-06-23 20:22:27 - [MESSAGE][PASSED] - Delayed 1 second(s)

2022-06-23 20:22:30 - [MESSAGE][PASSED] - Text 'diadeis1' is set on object 'Object Repository/1. Constant/xpath'

2022-06-23 20:22:31 - [MESSAGE][PASSED] - Delayed 1 second(s)

2022-06-23 20:22:46 - [MESSAGE][PASSED] - Object: 'Object Repository/1. Constant/xpath' is clicked on

2022-06-23 20:22:46 - [TEST_STEP][PASSED] - click(findTestObject("1. Constant/02_LHSMenu_Projects")): Object: 'Object Repository/1. Constant/02_LHSMenu_Projects' is clicked on

2022-06-23 20:22:53 - [MESSAGE][PASSED] - Object: 'Object Repository/1. Constant/02_LHSMenu_Projects' is clicked on

2022-06-23 20:22:53 - [TEST_STEP][PASSED] - click(findTestObject("1. Constant/xpath", ["xpath":"//*[@id="kt_content"]/div[3]/div/div/div[1]/div[2]/a[1]"])): Object: 'Object Repository/1. Constant/xpath' is clicked on

2022-06-23 20:22:57 - [MESSAGE][PASSED] - Object: 'Object Repository/1. Constant/xpath' is clicked on

2022-06-23 20:22:57 - [TEST_STEP][PASSED] - takeScreenshot(): Taking screenshot successfully

2022-06-23 20:22:58 - [MESSAGE][PASSED] - Taking screenshot successfully
[[ATTACHMENT|D:\\Projet Test Auto\\Mediabox Test Automation\\Reports\\20220623_184212\\03. Parallel Testing (Testing)\\TS -PT PART 3\\07 Tag Sephora Dreyers _ Empty Group _Lifecycle condition\\20220623_184221\\1656008577757.png]]

2022-06-23 20:22:58 - [TEST_STEP][PASSED] - I.click_button_javascript(findTestObject("1. Constant/xpath", ["xpath":"//*[@id="field_var_24"]/div/div/label[2]"])): Execute JavaScript 'arguments[0].click()' successfully

2022-06-23 20:22:58 - [MESSAGE][PASSED] - Execute JavaScript 'arguments[0].click()' successfully

2022-06-23 20:22:58 - [TEST_STEP][PASSED] - selectOptionByValue(findTestObject("1. Constant/xpath", ["xpath":"//*[@id="var_89"]"]), "123", false): All options with value '123' are selected in object 'Object Repository/1. Constant/xpath' 

2022-06-23 20:23:00 - [MESSAGE][PASSED] - All options with value '123' are selected in object 'Object Repository/1. Constant/xpath' 

2022-06-23 20:23:00 - [TEST_STEP][PASSED] - I.select_multiplelist("//*[@id="selSource_25"]", "//*[@id="btnAdd_25"]", "blemco"): Delayed 1 second(s)

2022-06-23 20:23:01 - [MESSAGE][PASSED] - Delayed 1 second(s)

2022-06-23 20:23:03 - [MESSAGE][PASSED] - All options with value 'blemco' are selected in object 'Object Repository/1. Constant/xpath' 

2022-06-23 20:23:05 - [MESSAGE][PASSED] - Delayed 2 second(s)

2022-06-23 20:23:06 - [MESSAGE][PASSED] - Object: 'Object Repository/1. Constant/xpath' is clicked on

2022-06-23 20:23:07 - [MESSAGE][PASSED] - Delayed 1 second(s)

2022-06-23 20:23:07 - [TEST_STEP][PASSED] - selectOptionByValue(findTestObject("1. Constant/xpath", ["xpath":"//*[@id="var_9"]"]), "18", false): All options with value '18' are selected in object 'Object Repository/1. Constant/xpath' 

2022-06-23 20:23:10 - [MESSAGE][PASSED] - All options with value '18' are selected in object 'Object Repository/1. Constant/xpath' 

2022-06-23 20:23:10 - [TEST_STEP][PASSED] - selectOptionByValue(findTestObject("1. Constant/xpath", ["xpath":"//*[@id="var_52"]"]), "108", false): All options with value '108' are selected in object 'Object Repository/1. Constant/xpath' 

2022-06-23 20:23:10 - [MESSAGE][PASSED] - All options with value '108' are selected in object 'Object Repository/1. Constant/xpath' 

2022-06-23 20:23:10 - [TEST_STEP][PASSED] - project_name = "Auto_LifecycleCondition_" + RandomStringUtils.randomAlphanumeric(3) + "_" + I.gettimedate(): null

2022-06-23 20:23:10 - [TEST_STEP][PASSED] - setText(findTestObject("1. Constant/xpath", ["xpath":"//*[@id="var_91"]"]), project_name): Text 'Auto_LifecycleCondition_YAW_juin232022_202310' is set on object 'Object Repository/1. Constant/xpath'

2022-06-23 20:23:11 - [MESSAGE][PASSED] - Text 'Auto_LifecycleCondition_YAW_juin232022_202310' is set on object 'Object Repository/1. Constant/xpath'

2022-06-23 20:23:11 - [TEST_STEP][PASSED] - selectOptionByValue(findTestObject("1. Constant/xpath", ["xpath":"//*[@id="var_30"]"]), "97", false): All options with value '97' are selected in object 'Object Repository/1. Constant/xpath' 

2022-06-23 20:23:11 - [MESSAGE][PASSED] - All options with value '97' are selected in object 'Object Repository/1. Constant/xpath' 

2022-06-23 20:23:11 - [TEST_STEP][PASSED] - selectOptionByValue(findTestObject("1. Constant/xpath", ["xpath":"//*[@id="var_11"]"]), "334", false): All options with value '334' are selected in object 'Object Repository/1. Constant/xpath' 

2022-06-23 20:23:11 - [MESSAGE][PASSED] - All options with value '334' are selected in object 'Object Repository/1. Constant/xpath' 

2022-06-23 20:23:11 - [TEST_STEP][PASSED] - setText(findTestObject("1. Constant/xpath", ["xpath":"//*[@id="var_22"]"]), "01/01/2030"): Text '01/01/2030' is set on object 'Object Repository/1. Constant/xpath'

2022-06-23 20:23:12 - [MESSAGE][PASSED] - Text '01/01/2030' is set on object 'Object Repository/1. Constant/xpath'

2022-06-23 20:23:12 - [TEST_STEP][PASSED] - setText(findTestObject("1. Constant/xpath", ["xpath":"//*[@id="var_23"]"]), "01/01/2030"): Text '01/01/2030' is set on object 'Object Repository/1. Constant/xpath'

2022-06-23 20:23:13 - [MESSAGE][PASSED] - Text '01/01/2030' is set on object 'Object Repository/1. Constant/xpath'

2022-06-23 20:23:13 - [TEST_STEP][PASSED] - setText(findTestObject("1. Constant/xpath", ["xpath":"//*[@id="var_14"]"]), "01/01/2030"): Text '01/01/2030' is set on object 'Object Repository/1. Constant/xpath'

2022-06-23 20:23:14 - [MESSAGE][PASSED] - Text '01/01/2030' is set on object 'Object Repository/1. Constant/xpath'

2022-06-23 20:23:14 - [TEST_STEP][PASSED] - selectOptionByValue(findTestObject("1. Constant/xpath", ["xpath":"//*[@id="selSource_13"]"]), "mbaughman", false): All options with value 'mbaughman' are selected in object 'Object Repository/1. Constant/xpath' 

2022-06-23 20:23:14 - [MESSAGE][PASSED] - All options with value 'mbaughman' are selected in object 'Object Repository/1. Constant/xpath' 

2022-06-23 20:23:14 - [TEST_STEP][PASSED] - I.select_multiplelist("//*[@id="selSource_13"]", "//*[@id="btnAdd_13"]", "rjaiven"): Delayed 1 second(s)

2022-06-23 20:23:15 - [MESSAGE][PASSED] - Delayed 1 second(s)

2022-06-23 20:23:16 - [MESSAGE][PASSED] - All options with value 'rjaiven' are selected in object 'Object Repository/1. Constant/xpath' 

2022-06-23 20:23:18 - [MESSAGE][PASSED] - Delayed 2 second(s)

2022-06-23 20:23:19 - [MESSAGE][PASSED] - Object: 'Object Repository/1. Constant/xpath' is clicked on

2022-06-23 20:23:20 - [MESSAGE][PASSED] - Delayed 1 second(s)

2022-06-23 20:23:20 - [TEST_STEP][PASSED] - selectOptionByValue(findTestObject("1. Constant/xpath", ["xpath":"//*[@id="selSource_27"]"]), "amassoth", false): All options with value 'amassoth' are selected in object 'Object Repository/1. Constant/xpath' 

2022-06-23 20:23:23 - [MESSAGE][PASSED] - All options with value 'amassoth' are selected in object 'Object Repository/1. Constant/xpath' 

2022-06-23 20:23:23 - [TEST_STEP][PASSED] - I.select_multiplelist("//*[@id="selSource_27"]", "//*[@id="btnAdd_27"]", "nturner"): Delayed 1 second(s)

2022-06-23 20:23:24 - [MESSAGE][PASSED] - Delayed 1 second(s)

2022-06-23 20:23:25 - [MESSAGE][PASSED] - All options with value 'nturner' are selected in object 'Object Repository/1. Constant/xpath' 

2022-06-23 20:23:27 - [MESSAGE][PASSED] - Delayed 2 second(s)

2022-06-23 20:23:27 - [MESSAGE][PASSED] - Object: 'Object Repository/1. Constant/xpath' is clicked on

2022-06-23 20:23:28 - [MESSAGE][PASSED] - Delayed 1 second(s)

2022-06-23 20:23:28 - [TEST_STEP][PASSED] - I.select_multiplelist("//*[@id="selSource_167"]", "//*[@id="btnAdd_167"]", "lmary"): Delayed 1 second(s)

2022-06-23 20:23:29 - [MESSAGE][PASSED] - Delayed 1 second(s)

2022-06-23 20:23:31 - [MESSAGE][PASSED] - All options with value 'lmary' are selected in object 'Object Repository/1. Constant/xpath' 

2022-06-23 20:23:33 - [MESSAGE][PASSED] - Delayed 2 second(s)

2022-06-23 20:23:36 - [MESSAGE][PASSED] - Object: 'Object Repository/1. Constant/xpath' is clicked on

2022-06-23 20:23:37 - [MESSAGE][PASSED] - Delayed 1 second(s)

2022-06-23 20:23:37 - [TEST_STEP][PASSED] - selectOptionByValue(findTestObject("1. Constant/xpath", ["xpath":"//*[@id="selSource_166"]"]), "bbenjamin", false): All options with value 'bbenjamin' are selected in object 'Object Repository/1. Constant/xpath' 

2022-06-23 20:23:38 - [MESSAGE][PASSED] - All options with value 'bbenjamin' are selected in object 'Object Repository/1. Constant/xpath' 

2022-06-23 20:23:38 - [TEST_STEP][PASSED] - I.select_multiplelist("//*[@id="selSource_166"]", "//*[@id="btnAdd_166"]", "lschwabe"): Delayed 1 second(s)

2022-06-23 20:23:39 - [MESSAGE][PASSED] - Delayed 1 second(s)

2022-06-23 20:23:41 - [MESSAGE][PASSED] - All options with value 'lschwabe' are selected in object 'Object Repository/1. Constant/xpath' 

2022-06-23 20:23:43 - [MESSAGE][PASSED] - Delayed 2 second(s)

2022-06-23 20:23:44 - [MESSAGE][PASSED] - Object: 'Object Repository/1. Constant/xpath' is clicked on

2022-06-23 20:23:45 - [MESSAGE][PASSED] - Delayed 1 second(s)

2022-06-23 20:23:45 - [TEST_STEP][PASSED] - I.select_multiplelist("//*[@id="selSource_26"]", "//*[@id="btnAdd_26"]", "talexeeva"): Delayed 1 second(s)

2022-06-23 20:23:46 - [MESSAGE][PASSED] - Delayed 1 second(s)

2022-06-23 20:23:48 - [MESSAGE][PASSED] - All options with value 'talexeeva' are selected in object 'Object Repository/1. Constant/xpath' 

2022-06-23 20:23:50 - [MESSAGE][PASSED] - Delayed 2 second(s)

2022-06-23 20:23:51 - [MESSAGE][PASSED] - Object: 'Object Repository/1. Constant/xpath' is clicked on

2022-06-23 20:23:52 - [MESSAGE][PASSED] - Delayed 1 second(s)

2022-06-23 20:23:52 - [TEST_STEP][PASSED] - selectOptionByValue(findTestObject("1. Constant/xpath", ["xpath":"//*[@id="selSource_29"]"]), "bharandi", false): All options with value 'bharandi' are selected in object 'Object Repository/1. Constant/xpath' 

2022-06-23 20:23:54 - [MESSAGE][PASSED] - All options with value 'bharandi' are selected in object 'Object Repository/1. Constant/xpath' 

2022-06-23 20:23:54 - [TEST_STEP][PASSED] - selectOptionByValue(findTestObject("1. Constant/xpath", ["xpath":"//*[@id="selSource_29"]"]), "bmilhomme", false): All options with value 'bmilhomme' are selected in object 'Object Repository/1. Constant/xpath' 

2022-06-23 20:23:56 - [MESSAGE][PASSED] - All options with value 'bmilhomme' are selected in object 'Object Repository/1. Constant/xpath' 

2022-06-23 20:23:56 - [TEST_STEP][PASSED] - I.select_multiplelist("//*[@id="selSource_29"]", "//*[@id="btnAdd_29"]", "rmorrone_2"): Delayed 1 second(s)

2022-06-23 20:23:57 - [MESSAGE][PASSED] - Delayed 1 second(s)

2022-06-23 20:23:59 - [MESSAGE][PASSED] - All options with value 'rmorrone_2' are selected in object 'Object Repository/1. Constant/xpath' 

2022-06-23 20:24:01 - [MESSAGE][PASSED] - Delayed 2 second(s)

2022-06-23 20:24:02 - [MESSAGE][PASSED] - Object: 'Object Repository/1. Constant/xpath' is clicked on

2022-06-23 20:24:03 - [MESSAGE][PASSED] - Delayed 1 second(s)

2022-06-23 20:24:03 - [TEST_STEP][PASSED] - I.Pagedown(): Execute JavaScript 'window.scrollTo(0, document.body.scrollHeight)' successfully

2022-06-23 20:24:04 - [MESSAGE][PASSED] - Execute JavaScript 'window.scrollTo(0, document.body.scrollHeight)' successfully

2022-06-23 20:24:04 - [TEST_STEP][PASSED] - click(findTestObject("1. Constant/xpath", ["xpath":"//*[@id="ModifFiche"]/div[3]/div/button"])): Object: 'Object Repository/1. Constant/xpath' is clicked on

2022-06-23 20:24:08 - [MESSAGE][PASSED] - Object: 'Object Repository/1. Constant/xpath' is clicked on

2022-06-23 20:24:08 - [TEST_STEP][PASSED] - delay(10): Delayed 10 second(s)

2022-06-23 20:24:18 - [MESSAGE][PASSED] - Delayed 10 second(s)

2022-06-23 20:24:18 - [TEST_STEP][PASSED] - Project_No = I.ProjectNo(): Current window's url is: 'http://mdb-release.diadeis.lan/MediaboxIndependence/Base/ExecAction?IDSession=MBI%21RELTESTAUTO_DREYERS%210XOX2EO6TJONDQ3IMWPL9Z4OMVB9UPW7MLFRSDFE&default_action=AfficheFichesProjet&id_project=MI000885'

2022-06-23 20:24:23 - [MESSAGE][PASSED] - Delayed 5 second(s)

2022-06-23 20:24:23 - [MESSAGE][PASSED] - Current window's url is: 'http://mdb-release.diadeis.lan/MediaboxIndependence/Base/ExecAction?IDSession=MBI%21RELTESTAUTO_DREYERS%210XOX2EO6TJONDQ3IMWPL9Z4OMVB9UPW7MLFRSDFE&default_action=AfficheFichesProjet&id_project=MI000885'

2022-06-23 20:24:23 - [TEST_STEP][PASSED] - takeScreenshot(): Taking screenshot successfully

2022-06-23 20:24:24 - [MESSAGE][PASSED] - Taking screenshot successfully
[[ATTACHMENT|D:\\Projet Test Auto\\Mediabox Test Automation\\Reports\\20220623_184212\\03. Parallel Testing (Testing)\\TS -PT PART 3\\07 Tag Sephora Dreyers _ Empty Group _Lifecycle condition\\20220623_184221\\1656008663798.png]]

2022-06-23 20:24:24 - [TEST_STEP][PASSED] - click(findTestObject("1. Constant/xpath", ["xpath":"//*[@id="create_ref_btn"]/button"])): Object: 'Object Repository/1. Constant/xpath' is clicked on

2022-06-23 20:24:25 - [MESSAGE][PASSED] - Object: 'Object Repository/1. Constant/xpath' is clicked on

2022-06-23 20:24:25 - [TEST_STEP][PASSED] - delay(1): Delayed 1 second(s)

2022-06-23 20:24:26 - [MESSAGE][PASSED] - Delayed 1 second(s)

2022-06-23 20:24:26 - [TEST_STEP][PASSED] - click(findTestObject("1. Constant/xpath", ["xpath":"//*[@id="create_ref_btn"]/div/a"])): Object: 'Object Repository/1. Constant/xpath' is clicked on

2022-06-23 20:24:30 - [MESSAGE][PASSED] - Object: 'Object Repository/1. Constant/xpath' is clicked on

2022-06-23 20:24:30 - [TEST_STEP][PASSED] - ref_name = RandomStringUtils.randomAlphanumeric(5) + "_Auto_" + I.gettimedate(): null

2022-06-23 20:24:30 - [TEST_STEP][PASSED] - setText(findTestObject("1. Constant/xpath", ["xpath":"//*[@id="var_name"]"]), ref_name): Text '7vShb_Auto_juin232022_202430' is set on object 'Object Repository/1. Constant/xpath'

2022-06-23 20:24:31 - [MESSAGE][PASSED] - Text '7vShb_Auto_juin232022_202430' is set on object 'Object Repository/1. Constant/xpath'

2022-06-23 20:24:31 - [TEST_STEP][PASSED] - click(findTestObject("1. Constant/xpath", ["xpath":"//*[@id="ModifFiche"]/div[2]/div[2]/div/button"])): Object: 'Object Repository/1. Constant/xpath' is clicked on

2022-06-23 20:24:36 - [MESSAGE][PASSED] - Object: 'Object Repository/1. Constant/xpath' is clicked on

2022-06-23 20:24:36 - [TEST_STEP][PASSED] - takeScreenshot(): Taking screenshot successfully

2022-06-23 20:24:36 - [MESSAGE][PASSED] - Taking screenshot successfully
[[ATTACHMENT|D:\\Projet Test Auto\\Mediabox Test Automation\\Reports\\20220623_184212\\03. Parallel Testing (Testing)\\TS -PT PART 3\\07 Tag Sephora Dreyers _ Empty Group _Lifecycle condition\\20220623_184221\\1656008676585.png]]

2022-06-23 20:24:36 - [TEST_STEP][PASSED] - delay(1): Delayed 1 second(s)

2022-06-23 20:24:37 - [MESSAGE][PASSED] - Delayed 1 second(s)

2022-06-23 20:24:37 - [TEST_STEP][PASSED] - click(findTestObject("1. Constant/xpath", ["xpath":"/html/body/div[1]/div[2]/div[4]/div[3]/div/div[2]/div[2]/div[1]/table/tbody/tr/td[6]/a"])): Object: 'Object Repository/1. Constant/xpath' is clicked on

2022-06-23 20:24:43 - [MESSAGE][PASSED] - Object: 'Object Repository/1. Constant/xpath' is clicked on

2022-06-23 20:24:43 - [TEST_STEP][PASSED] - refID = I.RefID(): Current window's url is: 'http://mdb-release.diadeis.lan/MediaboxIndependence/Base/ExecAction?action=VoirRef&IDSession=MBI!RELTESTAUTO_DREYERS!0XOX2EO6TJONDQ3IMWPL9Z4OMVB9UPW7MLFRSDFE&num=01RMRPDCM6&id_ref=5299'

2022-06-23 20:24:48 - [MESSAGE][PASSED] - Delayed 5 second(s)

2022-06-23 20:24:48 - [MESSAGE][PASSED] - Current window's url is: 'http://mdb-release.diadeis.lan/MediaboxIndependence/Base/ExecAction?action=VoirRef&IDSession=MBI!RELTESTAUTO_DREYERS!0XOX2EO6TJONDQ3IMWPL9Z4OMVB9UPW7MLFRSDFE&num=01RMRPDCM6&id_ref=5299'

2022-06-23 20:24:48 - [TEST_STEP][PASSED] - refID_daughter1 = Integer.parseInt(refID) + 1: null

2022-06-23 20:24:48 - [TEST_STEP][PASSED] - refID_LI = Integer.parseInt(refID) + 2: null

2022-06-23 20:24:48 - [TEST_STEP][PASSED] - refID_APL = Integer.parseInt(refID) + 3: null

2022-06-23 20:24:48 - [TEST_STEP][PASSED] - I.print(refID): null

2022-06-23 20:24:48 - [TEST_STEP][PASSED] - I.print(refID_daughter1): null

2022-06-23 20:24:48 - [TEST_STEP][PASSED] - click(findTestObject("1. Constant/xpath", ["xpath":"//*[@id="kt_subheader"]/div/nav/ol/li[2]/a"])): Object: 'Object Repository/1. Constant/xpath' is clicked on

2022-06-23 20:24:51 - [MESSAGE][PASSED] - Object: 'Object Repository/1. Constant/xpath' is clicked on

2022-06-23 20:24:51 - [TEST_STEP][PASSED] - lifecyclestatus1 = getText(findTestObject("1. Constant/xpath", ["xpath":"//*[@id="source_" + refID + ""]/td[12]/span"])): Text of object 'Object Repository/1. Constant/xpath' is: 'Complete'

2022-06-23 20:24:51 - [MESSAGE][PASSED] - Text of object 'Object Repository/1. Constant/xpath' is: 'Complete'

2022-06-23 20:24:51 - [TEST_STEP][PASSED] - verifyMatch(lifecyclestatus1, "Complete", false): Actual text 'Complete' and expected text 'Complete' are matched 

2022-06-23 20:24:51 - [MESSAGE][PASSED] - Actual text 'Complete' and expected text 'Complete' are matched 

2022-06-23 20:24:51 - [TEST_STEP][PASSED] - click(findTestObject("TAG/id_refid_td13_a", ["refID":"source_" + refID])): Object: 'Object Repository/TAG/id_refid_td13_a' is clicked on

2022-06-23 20:24:56 - [MESSAGE][PASSED] - Object: 'Object Repository/TAG/id_refid_td13_a' is clicked on

2022-06-23 20:24:56 - [TEST_STEP][PASSED] - click(findTestObject("1. Constant/xpath", ["xpath":"//*[@id="type_save"]"])): Object: 'Object Repository/1. Constant/xpath' is clicked on

2022-06-23 20:25:03 - [MESSAGE][PASSED] - Object: 'Object Repository/1. Constant/xpath' is clicked on

2022-06-23 20:25:03 - [TEST_STEP][PASSED] - click(findTestObject("1. Constant/xpath", ["xpath":"//*[@id="source_" + refID_daughter1 + ""]/td[15]/a[2]"])): Object: 'Object Repository/1. Constant/xpath' is clicked on

2022-06-23 20:25:07 - [MESSAGE][PASSED] - Object: 'Object Repository/1. Constant/xpath' is clicked on

2022-06-23 20:25:07 - [TEST_STEP][PASSED] - takeScreenshot(): Taking screenshot successfully

2022-06-23 20:25:07 - [MESSAGE][PASSED] - Taking screenshot successfully
[[ATTACHMENT|D:\\Projet Test Auto\\Mediabox Test Automation\\Reports\\20220623_184212\\03. Parallel Testing (Testing)\\TS -PT PART 3\\07 Tag Sephora Dreyers _ Empty Group _Lifecycle condition\\20220623_184221\\1656008707380.png]]

2022-06-23 20:25:07 - [TEST_STEP][PASSED] - delay(1): Delayed 1 second(s)

2022-06-23 20:25:08 - [MESSAGE][PASSED] - Delayed 1 second(s)

2022-06-23 20:25:08 - [TEST_STEP][PASSED] - setText(findTestObject("1. Constant/xpath", ["xpath":"//*[@id="var_137"]"]), "Auto_Daughter_1"): Text 'Auto_Daughter_1' is set on object 'Object Repository/1. Constant/xpath'

2022-06-23 20:25:10 - [MESSAGE][PASSED] - Text 'Auto_Daughter_1' is set on object 'Object Repository/1. Constant/xpath'

2022-06-23 20:25:10 - [TEST_STEP][PASSED] - click(findTestObject("1. Constant/xpath", ["xpath":"//*[@id="field_var_90"]/div/div/label[1]"])): Object: 'Object Repository/1. Constant/xpath' is clicked on

2022-06-23 20:25:11 - [MESSAGE][PASSED] - Object: 'Object Repository/1. Constant/xpath' is clicked on

2022-06-23 20:25:11 - [TEST_STEP][PASSED] - click(findTestObject("1. Constant/xpath", ["xpath":"//*[@id="field_var_155"]/div/div/label[1]"])): Object: 'Object Repository/1. Constant/xpath' is clicked on

2022-06-23 20:25:12 - [MESSAGE][PASSED] - Object: 'Object Repository/1. Constant/xpath' is clicked on

2022-06-23 20:25:12 - [TEST_STEP][PASSED] - selectOptionByValue(findTestObject("1. Constant/xpath", ["xpath":"//*[@id="var_15"]"]), "77", false): All options with value '77' are selected in object 'Object Repository/1. Constant/xpath' 

2022-06-23 20:25:13 - [MESSAGE][PASSED] - All options with value '77' are selected in object 'Object Repository/1. Constant/xpath' 

2022-06-23 20:25:13 - [TEST_STEP][PASSED] - selectOptionByValue(findTestObject("1. Constant/xpath", ["xpath":"//*[@id="var_17"]"]), "153", false): All options with value '153' are selected in object 'Object Repository/1. Constant/xpath' 

2022-06-23 20:25:15 - [MESSAGE][PASSED] - All options with value '153' are selected in object 'Object Repository/1. Constant/xpath' 

2022-06-23 20:25:15 - [TEST_STEP][PASSED] - selectOptionByValue(findTestObject("1. Constant/xpath", ["xpath":"//*[@id="var_106"]"]), "145", false): All options with value '145' are selected in object 'Object Repository/1. Constant/xpath' 

2022-06-23 20:25:16 - [MESSAGE][PASSED] - All options with value '145' are selected in object 'Object Repository/1. Constant/xpath' 

2022-06-23 20:25:16 - [TEST_STEP][PASSED] - I.click_button_javascript(findTestObject("1. Constant/xpath", ["xpath":"//*[@id="ModifFiche"]/div[1]/div/button[2]"])): Execute JavaScript 'arguments[0].click()' successfully

2022-06-23 20:25:24 - [MESSAGE][PASSED] - Execute JavaScript 'arguments[0].click()' successfully

2022-06-23 20:25:24 - [TEST_STEP][PASSED] - takeScreenshot(): Taking screenshot successfully

2022-06-23 20:25:26 - [MESSAGE][PASSED] - Taking screenshot successfully
[[ATTACHMENT|D:\\Projet Test Auto\\Mediabox Test Automation\\Reports\\20220623_184212\\03. Parallel Testing (Testing)\\TS -PT PART 3\\07 Tag Sephora Dreyers _ Empty Group _Lifecycle condition\\20220623_184221\\1656008725536.png]]

2022-06-23 20:25:26 - [TEST_STEP][PASSED] - lifecyclestatus2 = getText(findTestObject("1. Constant/xpath", ["xpath":"//*[@id="source_" + refID_daughter1 + ""]/td[16]/span[1]"])): Text of object 'Object Repository/1. Constant/xpath' is: 'Waiting for APL and LI'

2022-06-23 20:25:26 - [MESSAGE][PASSED] - Text of object 'Object Repository/1. Constant/xpath' is: 'Waiting for APL and LI'

2022-06-23 20:25:26 - [TEST_STEP][PASSED] - verifyMatch(lifecyclestatus2, "Waiting for APL and LI", false): Actual text 'Waiting for APL and LI' and expected text 'Waiting for APL and LI' are matched 

2022-06-23 20:25:26 - [MESSAGE][PASSED] - Actual text 'Waiting for APL and LI' and expected text 'Waiting for APL and LI' are matched 

2022-06-23 20:25:26 - [TEST_STEP][PASSED] - delay(1): Delayed 1 second(s)

2022-06-23 20:25:27 - [MESSAGE][PASSED] - Delayed 1 second(s)

2022-06-23 20:25:27 - [TEST_STEP][PASSED] - click(findTestObject("1. Constant/xpath", ["xpath":"//*[@id="ancre_" + refID_APL + ""]/a"])): Object: 'Object Repository/1. Constant/xpath' is clicked on

2022-06-23 20:25:32 - [MESSAGE][PASSED] - Object: 'Object Repository/1. Constant/xpath' is clicked on

2022-06-23 20:25:32 - [TEST_STEP][PASSED] - toastr1 = getText(findTestObject("1. Constant/xpath", ["xpath":"//*[@id="toast-container"]/div/div[2]"])): Text of object 'Object Repository/1. Constant/xpath' is: 'The condition 'Label Information Complete' is not matched'

2022-06-23 20:25:32 - [MESSAGE][PASSED] - Text of object 'Object Repository/1. Constant/xpath' is: 'The condition 'Label Information Complete' is not matched'

2022-06-23 20:25:32 - [TEST_STEP][PASSED] - verifyMatch(toastr1, "The condition 'Label Information Complete' is not matched", false): Actual text 'The condition 'Label Information Complete' is not matched' and expected text 'The condition 'Label Information Complete' is not matched' are matched 

2022-06-23 20:25:32 - [MESSAGE][PASSED] - Actual text 'The condition 'Label Information Complete' is not matched' and expected text 'The condition 'Label Information Complete' is not matched' are matched 

2022-06-23 20:25:32 - [TEST_STEP][PASSED] - I.print(toastr1): null

2022-06-23 20:25:32 - [TEST_STEP][PASSED] - takeScreenshot(): Taking screenshot successfully

2022-06-23 20:25:33 - [MESSAGE][PASSED] - Taking screenshot successfully
[[ATTACHMENT|D:\\Projet Test Auto\\Mediabox Test Automation\\Reports\\20220623_184212\\03. Parallel Testing (Testing)\\TS -PT PART 3\\07 Tag Sephora Dreyers _ Empty Group _Lifecycle condition\\20220623_184221\\1656008732635.png]]

2022-06-23 20:25:33 - [TEST_STEP][PASSED] - lifecyclestatus3 = getText(findTestObject("1. Constant/xpath", ["xpath":"//*[@id="source_" + refID_daughter1 + ""]/td[16]/span[1]"])): Text of object 'Object Repository/1. Constant/xpath' is: 'Waiting for APL and LI'

2022-06-23 20:25:33 - [MESSAGE][PASSED] - Text of object 'Object Repository/1. Constant/xpath' is: 'Waiting for APL and LI'

2022-06-23 20:25:33 - [TEST_STEP][PASSED] - verifyMatch(lifecyclestatus3, "Waiting for APL and LI", false): Actual text 'Waiting for APL and LI' and expected text 'Waiting for APL and LI' are matched 

2022-06-23 20:25:33 - [MESSAGE][PASSED] - Actual text 'Waiting for APL and LI' and expected text 'Waiting for APL and LI' are matched 

2022-06-23 20:25:33 - [TEST_STEP][PASSED] - I.Logout(): Delayed 3 second(s)

2022-06-23 20:25:36 - [MESSAGE][PASSED] - Delayed 3 second(s)

2022-06-23 20:25:39 - [MESSAGE][PASSED] - Object: 'Object Repository/1. Constant/xpath' is clicked on

2022-06-23 20:25:42 - [MESSAGE][PASSED] - Delayed 3 second(s)

2022-06-23 20:25:45 - [MESSAGE][PASSED] - Object: 'Object Repository/1. Constant/xpath' is clicked on

2022-06-23 20:25:48 - [MESSAGE][PASSED] - Delayed 3 second(s)

2022-06-23 20:25:48 - [TEST_STEP][PASSED] - I.Login_password("amassoth", password_amassoth): Object: 'Object Repository/1. Constant/xpath' is clicked on

2022-06-23 20:25:49 - [MESSAGE][PASSED] - Text 'amassoth' is set on object 'Object Repository/1. Constant/xpath'

2022-06-23 20:25:50 - [MESSAGE][PASSED] - Delayed 1 second(s)

2022-06-23 20:25:53 - [MESSAGE][PASSED] - Text 'diadeis' is set on object 'Object Repository/1. Constant/xpath'

2022-06-23 20:25:54 - [MESSAGE][PASSED] - Delayed 1 second(s)

2022-06-23 20:25:59 - [MESSAGE][PASSED] - Object: 'Object Repository/1. Constant/xpath' is clicked on

2022-06-23 20:25:59 - [TEST_STEP][PASSED] - click(findTestObject("1. Constant/02_LHSMenu_Projects")): Object: 'Object Repository/1. Constant/02_LHSMenu_Projects' is clicked on

2022-06-23 20:26:01 - [MESSAGE][PASSED] - Object: 'Object Repository/1. Constant/02_LHSMenu_Projects' is clicked on

2022-06-23 20:26:01 - [TEST_STEP][PASSED] - I.SearchProjectNo(Project_No, findTestObject("HL Full Lifecycle/9 Filter_Button_Apply")): Delayed 5 second(s)

2022-06-23 20:26:02 - [MESSAGE][PASSED] - Text 'MI000885' is set on object 'Object Repository/1. Constant/xpath'

2022-06-23 20:26:05 - [MESSAGE][PASSED] - Delayed 3 second(s)

2022-06-23 20:26:12 - [MESSAGE][PASSED] - Object: 'Object Repository/HL Full Lifecycle/9 Filter_Button_Apply' is clicked on

2022-06-23 20:26:17 - [MESSAGE][PASSED] - Delayed 5 second(s)

2022-06-23 20:26:17 - [TEST_STEP][PASSED] - takeScreenshot(): Taking screenshot successfully

2022-06-23 20:26:19 - [MESSAGE][PASSED] - Taking screenshot successfully
[[ATTACHMENT|D:\\Projet Test Auto\\Mediabox Test Automation\\Reports\\20220623_184212\\03. Parallel Testing (Testing)\\TS -PT PART 3\\07 Tag Sephora Dreyers _ Empty Group _Lifecycle condition\\20220623_184221\\1656008778091.png]]

2022-06-23 20:26:19 - [TEST_STEP][PASSED] - delay(1): Delayed 1 second(s)

2022-06-23 20:26:20 - [MESSAGE][PASSED] - Delayed 1 second(s)

2022-06-23 20:26:20 - [TEST_STEP][PASSED] - click(findTestObject("1. Constant/xpath", ["xpath":"//*[@id="source_" + refID_LI + ""]/td[17]/a[2]"])): Object: 'Object Repository/1. Constant/xpath' is clicked on

2022-06-23 20:26:25 - [MESSAGE][PASSED] - Object: 'Object Repository/1. Constant/xpath' is clicked on

2022-06-23 20:26:25 - [TEST_STEP][PASSED] - click(findTestObject("1. Constant/xpath", ["xpath":"//*[@id="ModifFiche"]/div[1]/div/button[2]"])): Object: 'Object Repository/1. Constant/xpath' is clicked on

2022-06-23 20:26:33 - [MESSAGE][PASSED] - Object: 'Object Repository/1. Constant/xpath' is clicked on

2022-06-23 20:26:33 - [TEST_STEP][PASSED] - lifecyclestatus4 = getText(findTestObject("1. Constant/xpath", ["xpath":"//*[@id="source_" + refID + ""]/td[16]/span[1]"])): Text of object 'Object Repository/1. Constant/xpath' is: 'Complete'

2022-06-23 20:26:33 - [MESSAGE][PASSED] - Text of object 'Object Repository/1. Constant/xpath' is: 'Complete'

2022-06-23 20:26:33 - [TEST_STEP][PASSED] - verifyMatch(lifecyclestatus4, "Complete", false): Actual text 'Complete' and expected text 'Complete' are matched 

2022-06-23 20:26:33 - [MESSAGE][PASSED] - Actual text 'Complete' and expected text 'Complete' are matched 

2022-06-23 20:26:33 - [TEST_STEP][PASSED] - lifecyclestatus5 = getText(findTestObject("1. Constant/xpath", ["xpath":"//*[@id="source_" + refID_LI + ""]/td[16]/span[1]"])): Text of object 'Object Repository/1. Constant/xpath' is: 'Information  Input'

2022-06-23 20:26:34 - [MESSAGE][PASSED] - Text of object 'Object Repository/1. Constant/xpath' is: 'Information  Input'

2022-06-23 20:26:34 - [TEST_STEP][PASSED] - verifyMatch(lifecyclestatus5, "Information  Input", false): Actual text 'Information  Input' and expected text 'Information  Input' are matched 

2022-06-23 20:26:34 - [MESSAGE][PASSED] - Actual text 'Information  Input' and expected text 'Information  Input' are matched 

2022-06-23 20:26:34 - [TEST_STEP][PASSED] - I.Logout(): Delayed 3 second(s)

2022-06-23 20:26:37 - [MESSAGE][PASSED] - Delayed 3 second(s)

2022-06-23 20:26:38 - [MESSAGE][PASSED] - Object: 'Object Repository/1. Constant/xpath' is clicked on

2022-06-23 20:26:41 - [MESSAGE][PASSED] - Delayed 3 second(s)

2022-06-23 20:26:46 - [MESSAGE][PASSED] - Object: 'Object Repository/1. Constant/xpath' is clicked on

2022-06-23 20:26:49 - [MESSAGE][PASSED] - Delayed 3 second(s)

2022-06-23 20:26:49 - [TEST_STEP][PASSED] - I.Login_password("bharandi", password_bharandi): Object: 'Object Repository/1. Constant/xpath' is clicked on

2022-06-23 20:26:52 - [MESSAGE][PASSED] - Text 'bharandi' is set on object 'Object Repository/1. Constant/xpath'

2022-06-23 20:26:53 - [MESSAGE][PASSED] - Delayed 1 second(s)

2022-06-23 20:26:54 - [MESSAGE][PASSED] - Text 'diadeis' is set on object 'Object Repository/1. Constant/xpath'

2022-06-23 20:26:55 - [MESSAGE][PASSED] - Delayed 1 second(s)

2022-06-23 20:27:01 - [MESSAGE][PASSED] - Object: 'Object Repository/1. Constant/xpath' is clicked on

2022-06-23 20:27:01 - [TEST_STEP][PASSED] - click(findTestObject("1. Constant/02_LHSMenu_Projects")): Object: 'Object Repository/1. Constant/02_LHSMenu_Projects' is clicked on

2022-06-23 20:27:05 - [MESSAGE][PASSED] - Object: 'Object Repository/1. Constant/02_LHSMenu_Projects' is clicked on

2022-06-23 20:27:05 - [TEST_STEP][PASSED] - I.SearchProjectNo(Project_No, findTestObject("HL Full Lifecycle/9 Filter_Button_Apply")): Delayed 5 second(s)

2022-06-23 20:27:07 - [MESSAGE][PASSED] - Text 'MI000885' is set on object 'Object Repository/1. Constant/xpath'

2022-06-23 20:27:10 - [MESSAGE][PASSED] - Delayed 3 second(s)

2022-06-23 20:27:15 - [MESSAGE][PASSED] - Object: 'Object Repository/HL Full Lifecycle/9 Filter_Button_Apply' is clicked on

2022-06-23 20:27:20 - [MESSAGE][PASSED] - Delayed 5 second(s)

2022-06-23 20:27:20 - [TEST_STEP][PASSED] - takeScreenshot(): Taking screenshot successfully

2022-06-23 20:27:22 - [MESSAGE][PASSED] - Taking screenshot successfully
[[ATTACHMENT|D:\\Projet Test Auto\\Mediabox Test Automation\\Reports\\20220623_184212\\03. Parallel Testing (Testing)\\TS -PT PART 3\\07 Tag Sephora Dreyers _ Empty Group _Lifecycle condition\\20220623_184221\\1656008841466.png]]

2022-06-23 20:27:22 - [TEST_STEP][PASSED] - delay(1): Delayed 1 second(s)

2022-06-23 20:27:23 - [MESSAGE][PASSED] - Delayed 1 second(s)

2022-06-23 20:27:23 - [TEST_STEP][PASSED] - click(findTestObject("1. Constant/xpath", ["xpath":"//*[@id="source_" + refID_LI + ""]/td[17]/a[2]"])): Object: 'Object Repository/1. Constant/xpath' is clicked on

2022-06-23 20:27:32 - [MESSAGE][PASSED] - Object: 'Object Repository/1. Constant/xpath' is clicked on

2022-06-23 20:27:32 - [TEST_STEP][PASSED] - click(findTestObject("1. Constant/xpath", ["xpath":"//*[@id="ModifFiche"]/div[1]/div/button[2]"])): Object: 'Object Repository/1. Constant/xpath' is clicked on

2022-06-23 20:27:38 - [MESSAGE][PASSED] - Object: 'Object Repository/1. Constant/xpath' is clicked on

2022-06-23 20:27:38 - [TEST_STEP][PASSED] - lifecyclestatus9 = getText(findTestObject("1. Constant/xpath", ["xpath":"//*[@id="source_" + refID_daughter1 + ""]/td[16]/span[1]"])): Text of object 'Object Repository/1. Constant/xpath' is: 'Waiting for APL and LI'

2022-06-23 20:27:38 - [MESSAGE][PASSED] - Text of object 'Object Repository/1. Constant/xpath' is: 'Waiting for APL and LI'

2022-06-23 20:27:38 - [TEST_STEP][PASSED] - verifyMatch(lifecyclestatus9, "Waiting for APL and LI", false): Actual text 'Waiting for APL and LI' and expected text 'Waiting for APL and LI' are matched 

2022-06-23 20:27:38 - [MESSAGE][PASSED] - Actual text 'Waiting for APL and LI' and expected text 'Waiting for APL and LI' are matched 

2022-06-23 20:27:38 - [TEST_STEP][PASSED] - lifecyclestatus6 = getText(findTestObject("1. Constant/xpath", ["xpath":"//*[@id="source_" + refID_LI + ""]/td[16]/span[1]"])): Text of object 'Object Repository/1. Constant/xpath' is: 'Information  Input'

2022-06-23 20:27:39 - [MESSAGE][PASSED] - Text of object 'Object Repository/1. Constant/xpath' is: 'Information  Input'

2022-06-23 20:27:39 - [TEST_STEP][PASSED] - verifyMatch(lifecyclestatus6, "Information  Input", false): Actual text 'Information  Input' and expected text 'Information  Input' are matched 

2022-06-23 20:27:39 - [MESSAGE][PASSED] - Actual text 'Information  Input' and expected text 'Information  Input' are matched 

2022-06-23 20:27:39 - [TEST_STEP][PASSED] - I.Logout(): Delayed 3 second(s)

2022-06-23 20:27:42 - [MESSAGE][PASSED] - Delayed 3 second(s)

2022-06-23 20:27:43 - [MESSAGE][PASSED] - Object: 'Object Repository/1. Constant/xpath' is clicked on

2022-06-23 20:27:46 - [MESSAGE][PASSED] - Delayed 3 second(s)

2022-06-23 20:27:50 - [MESSAGE][PASSED] - Object: 'Object Repository/1. Constant/xpath' is clicked on

2022-06-23 20:27:53 - [MESSAGE][PASSED] - Delayed 3 second(s)

2022-06-23 20:27:53 - [TEST_STEP][PASSED] - I.Login_password("blemco", password_blemco): Object: 'Object Repository/1. Constant/xpath' is clicked on

2022-06-23 20:27:55 - [MESSAGE][PASSED] - Text 'blemco' is set on object 'Object Repository/1. Constant/xpath'

2022-06-23 20:27:56 - [MESSAGE][PASSED] - Delayed 1 second(s)

2022-06-23 20:27:59 - [MESSAGE][PASSED] - Text 'diadeis1' is set on object 'Object Repository/1. Constant/xpath'

2022-06-23 20:28:00 - [MESSAGE][PASSED] - Delayed 1 second(s)

2022-06-23 20:28:06 - [MESSAGE][PASSED] - Object: 'Object Repository/1. Constant/xpath' is clicked on

2022-06-23 20:28:06 - [TEST_STEP][PASSED] - click(findTestObject("1. Constant/02_LHSMenu_Projects")): Object: 'Object Repository/1. Constant/02_LHSMenu_Projects' is clicked on

2022-06-23 20:28:13 - [MESSAGE][PASSED] - Object: 'Object Repository/1. Constant/02_LHSMenu_Projects' is clicked on

2022-06-23 20:28:13 - [TEST_STEP][PASSED] - I.SearchProjectNo(Project_No, findTestObject("HL Full Lifecycle/9 Filter_Button_Apply")): Delayed 5 second(s)

2022-06-23 20:28:16 - [MESSAGE][PASSED] - Text 'MI000885' is set on object 'Object Repository/1. Constant/xpath'

2022-06-23 20:28:19 - [MESSAGE][PASSED] - Delayed 3 second(s)

2022-06-23 20:28:25 - [MESSAGE][PASSED] - Object: 'Object Repository/HL Full Lifecycle/9 Filter_Button_Apply' is clicked on

2022-06-23 20:28:30 - [MESSAGE][PASSED] - Delayed 5 second(s)

2022-06-23 20:28:30 - [TEST_STEP][PASSED] - takeScreenshot(): Taking screenshot successfully

2022-06-23 20:28:32 - [MESSAGE][PASSED] - Taking screenshot successfully
[[ATTACHMENT|D:\\Projet Test Auto\\Mediabox Test Automation\\Reports\\20220623_184212\\03. Parallel Testing (Testing)\\TS -PT PART 3\\07 Tag Sephora Dreyers _ Empty Group _Lifecycle condition\\20220623_184221\\1656008911601.png]]

2022-06-23 20:28:32 - [TEST_STEP][PASSED] - click(findTestObject("1. Constant/xpath", ["xpath":"//*[@id="ancre_" + refID_APL + ""]/a"])): Object: 'Object Repository/1. Constant/xpath' is clicked on

2022-06-23 20:28:37 - [MESSAGE][PASSED] - Object: 'Object Repository/1. Constant/xpath' is clicked on

2022-06-23 20:28:37 - [TEST_STEP][PASSED] - toastr2 = getText(findTestObject("1. Constant/xpath", ["xpath":"//*[@id="toast-container"]/div/div[2]"])): Text of object 'Object Repository/1. Constant/xpath' is: 'The condition 'Label Information Complete' is not matched'

2022-06-23 20:28:38 - [MESSAGE][PASSED] - Text of object 'Object Repository/1. Constant/xpath' is: 'The condition 'Label Information Complete' is not matched'

2022-06-23 20:28:38 - [TEST_STEP][PASSED] - verifyMatch(toastr2, "The condition 'Label Information Complete' is not matched", false): Actual text 'The condition 'Label Information Complete' is not matched' and expected text 'The condition 'Label Information Complete' is not matched' are matched 

2022-06-23 20:28:38 - [MESSAGE][PASSED] - Actual text 'The condition 'Label Information Complete' is not matched' and expected text 'The condition 'Label Information Complete' is not matched' are matched 

2022-06-23 20:28:38 - [TEST_STEP][PASSED] - I.print(toastr2): null

2022-06-23 20:28:38 - [TEST_STEP][PASSED] - takeScreenshot(): Taking screenshot successfully

2022-06-23 20:28:40 - [MESSAGE][PASSED] - Taking screenshot successfully
[[ATTACHMENT|D:\\Projet Test Auto\\Mediabox Test Automation\\Reports\\20220623_184212\\03. Parallel Testing (Testing)\\TS -PT PART 3\\07 Tag Sephora Dreyers _ Empty Group _Lifecycle condition\\20220623_184221\\1656008919380.png]]

2022-06-23 20:28:40 - [TEST_STEP][PASSED] - I.Logout(): Delayed 3 second(s)

2022-06-23 20:28:43 - [MESSAGE][PASSED] - Delayed 3 second(s)

2022-06-23 20:28:44 - [MESSAGE][PASSED] - Object: 'Object Repository/1. Constant/xpath' is clicked on

2022-06-23 20:28:47 - [MESSAGE][PASSED] - Delayed 3 second(s)

2022-06-23 20:28:52 - [MESSAGE][PASSED] - Object: 'Object Repository/1. Constant/xpath' is clicked on

2022-06-23 20:28:55 - [MESSAGE][PASSED] - Delayed 3 second(s)

2022-06-23 20:28:55 - [TEST_STEP][PASSED] - I.Login_password("mbaughman", password_mbaughman): Object: 'Object Repository/1. Constant/xpath' is clicked on

2022-06-23 20:28:56 - [MESSAGE][PASSED] - Text 'mbaughman' is set on object 'Object Repository/1. Constant/xpath'

2022-06-23 20:28:57 - [MESSAGE][PASSED] - Delayed 1 second(s)

2022-06-23 20:29:03 - [MESSAGE][PASSED] - Text 'diadeis' is set on object 'Object Repository/1. Constant/xpath'

2022-06-23 20:29:04 - [MESSAGE][PASSED] - Delayed 1 second(s)

2022-06-23 20:29:14 - [MESSAGE][PASSED] - Object: 'Object Repository/1. Constant/xpath' is clicked on

2022-06-23 20:29:14 - [TEST_STEP][PASSED] - click(findTestObject("1. Constant/02_LHSMenu_Projects")): Object: 'Object Repository/1. Constant/02_LHSMenu_Projects' is clicked on

2022-06-23 20:29:19 - [MESSAGE][PASSED] - Object: 'Object Repository/1. Constant/02_LHSMenu_Projects' is clicked on

2022-06-23 20:29:19 - [TEST_STEP][PASSED] - I.SearchProjectNo(Project_No, findTestObject("HL Full Lifecycle/9 Filter_Button_Apply")): Delayed 5 second(s)

2022-06-23 20:29:24 - [MESSAGE][PASSED] - Text 'MI000885' is set on object 'Object Repository/1. Constant/xpath'

2022-06-23 20:29:27 - [MESSAGE][PASSED] - Delayed 3 second(s)

2022-06-23 20:29:33 - [MESSAGE][PASSED] - Object: 'Object Repository/HL Full Lifecycle/9 Filter_Button_Apply' is clicked on

2022-06-23 20:29:38 - [MESSAGE][PASSED] - Delayed 5 second(s)

2022-06-23 20:29:38 - [TEST_STEP][PASSED] - takeScreenshot(): Taking screenshot successfully

2022-06-23 20:29:39 - [MESSAGE][PASSED] - Taking screenshot successfully
[[ATTACHMENT|D:\\Projet Test Auto\\Mediabox Test Automation\\Reports\\20220623_184212\\03. Parallel Testing (Testing)\\TS -PT PART 3\\07 Tag Sephora Dreyers _ Empty Group _Lifecycle condition\\20220623_184221\\1656008978922.png]]

2022-06-23 20:29:39 - [TEST_STEP][PASSED] - click(findTestObject("1. Constant/xpath", ["xpath":"//*[@id="source_" + refID_LI + ""]/td[18]/a[2]"])): Object: 'Object Repository/1. Constant/xpath' is clicked on

2022-06-23 20:29:44 - [MESSAGE][PASSED] - Object: 'Object Repository/1. Constant/xpath' is clicked on

2022-06-23 20:29:44 - [TEST_STEP][PASSED] - click(findTestObject("1. Constant/xpath", ["xpath":"//*[@id="ModifFiche"]/div[1]/div/button[2]"])): Object: 'Object Repository/1. Constant/xpath' is clicked on

2022-06-23 20:29:50 - [MESSAGE][PASSED] - Object: 'Object Repository/1. Constant/xpath' is clicked on

2022-06-23 20:29:50 - [TEST_STEP][PASSED] - lifecyclestatus8 = getText(findTestObject("1. Constant/xpath", ["xpath":"//*[@id="source_" + refID_daughter1 + ""]/td[16]/span[1]"])): Text of object 'Object Repository/1. Constant/xpath' is: 'Artwork Upload'

2022-06-23 20:29:51 - [MESSAGE][PASSED] - Text of object 'Object Repository/1. Constant/xpath' is: 'Artwork Upload'

2022-06-23 20:29:51 - [TEST_STEP][PASSED] - verifyMatch(lifecyclestatus8, "Artwork Upload", false): Actual text 'Artwork Upload' and expected text 'Artwork Upload' are matched 

2022-06-23 20:29:51 - [MESSAGE][PASSED] - Actual text 'Artwork Upload' and expected text 'Artwork Upload' are matched 

2022-06-23 20:29:51 - [TEST_STEP][PASSED] - lifecyclestatus7 = getText(findTestObject("1. Constant/xpath", ["xpath":"//*[@id="source_" + refID_LI + ""]/td[16]/span"])): Text of object 'Object Repository/1. Constant/xpath' is: 'Complete'

2022-06-23 20:29:53 - [MESSAGE][PASSED] - Text of object 'Object Repository/1. Constant/xpath' is: 'Complete'

2022-06-23 20:29:53 - [TEST_STEP][PASSED] - verifyMatch(lifecyclestatus7, "Complete", false): Actual text 'Complete' and expected text 'Complete' are matched 

2022-06-23 20:29:53 - [MESSAGE][PASSED] - Actual text 'Complete' and expected text 'Complete' are matched 

2022-06-23 20:29:53 - [TEST_STEP][PASSED] - I.Logout(): Delayed 3 second(s)

2022-06-23 20:29:56 - [MESSAGE][PASSED] - Delayed 3 second(s)

2022-06-23 20:29:59 - [MESSAGE][PASSED] - Object: 'Object Repository/1. Constant/xpath' is clicked on

2022-06-23 20:30:02 - [MESSAGE][PASSED] - Delayed 3 second(s)

2022-06-23 20:30:08 - [MESSAGE][PASSED] - Object: 'Object Repository/1. Constant/xpath' is clicked on

2022-06-23 20:30:11 - [MESSAGE][PASSED] - Delayed 3 second(s)

2022-06-23 20:30:11 - [TEST_STEP][PASSED] - I.writenotepad("D:\Upoad_File\Projet_ Login\Dreyers\13.1\13.1_Dreyers_ProjectNo.txt", Project_No): null

2022-06-23 20:30:11 - [TEST_STEP][PASSED] - I.writenotepad("D:\Upoad_File\Projet_ Login\Dreyers\13.1\13.1_Dreyers_refID_Deliverable(D).txt", refID_daughter1): null

2022-06-23 20:30:11 - [TEST_STEP][PASSED] - I.writenotepad("D:\Upoad_File\Projet_ Login\Dreyers\13.1\13.1_Dreyers_refID_Design(M).txt", refID): null

2022-06-23 20:30:11 - [TEST_STEP][PASSED] - I.writenotepad("D:\Upoad_File\Projet_ Login\Dreyers\13.1\13.1_Dreyers_refID_APL(GD).txt", refID_APL): null

2022-06-23 20:30:11 - [TEST_STEP][PASSED] - I.writenotepad("D:\Upoad_File\Projet_ Login\Dreyers\13.1\13.1_Dreyers_refID_LI(GD).txt", refID_LI): null

2022-06-23 20:30:11 - [TEST_STEP][PASSED] - closeBrowser(): Browser is closed

2022-06-23 20:30:22 - [MESSAGE][PASSED] - Browser is closed

2022-06-23 20:30:22 - [TEST_STEP][PASSED] - Start listener action : sampleAfterTestCase: null]]></system-out>
         <system-err><![CDATA[]]></system-err>
      </testcase>
      <testcase name="Test Cases/16 Support action (Completed ref)/16.02 Dreyers Support action Add Step _ Partial Submis(Completed ref) 13.01 P2" time="505.025" classname="Test Cases/16 Support action (Completed ref)/16.02 Dreyers Support action Add Step _ Partial Submis(Completed ref) 13.01 P2" status="PASSED">
         <system-out><![CDATA[2022-06-23 20:30:22 - [TEST_CASE][PASSED] - Test Cases/16 Support action (Completed ref)/16.02 Dreyers Support action Add Step _ Partial Submis(Completed ref) 13.01 P2: Test Cases/16 Support action (Completed ref)/16.02 Dreyers Support action Add Step _ Partial Submis(Completed ref) 13.01 P2

2022-06-23 20:30:23 - [TEST_STEP][PASSED] - data_Dreyers = findTestData("Data Files/Username_Password/Dreyer"): null

2022-06-23 20:30:23 - [TEST_STEP][PASSED] - password_suser = data_Dreyers.getValue(2, 1): null

2022-06-23 20:30:23 - [TEST_STEP][PASSED] - password_blemco = data_Dreyers.getValue(2, 2): null

2022-06-23 20:30:23 - [TEST_STEP][PASSED] - password_amassoth = data_Dreyers.getValue(2, 3): null

2022-06-23 20:30:23 - [TEST_STEP][PASSED] - password_bharandi = data_Dreyers.getValue(2, 4): null

2022-06-23 20:30:23 - [TEST_STEP][PASSED] - password_mbaughman = data_Dreyers.getValue(2, 5): null

2022-06-23 20:30:23 - [TEST_STEP][PASSED] - password_nturner = data_Dreyers.getValue(2, 6): null

2022-06-23 20:30:23 - [TEST_STEP][PASSED] - password_talexeeva = data_Dreyers.getValue(2, 7): null

2022-06-23 20:30:23 - [TEST_STEP][PASSED] - password_bmilhomme = data_Dreyers.getValue(2, 8): null

2022-06-23 20:30:23 - [TEST_STEP][PASSED] - password_rjaiven = data_Dreyers.getValue(2, 9): null

2022-06-23 20:30:23 - [TEST_STEP][PASSED] - data_urlRELAUTO = findTestData("Data Files/URL/URL_relauto"): null

2022-06-23 20:30:23 - [TEST_STEP][PASSED] - Url_Dreyer = data_urlRELAUTO.getValue(2, 4): null

2022-06-23 20:30:23 - [TEST_STEP][PASSED] - Project_No = I.readnotepad("D:\Upoad_File\Projet_ Login\Dreyers\13.1\13.1_Dreyers_ProjectNo.txt"): null

2022-06-23 20:30:23 - [TEST_STEP][PASSED] - refID = I.readnotepad("D:\Upoad_File\Projet_ Login\Dreyers\13.1\13.1_Dreyers_refID_Design(M).txt"): null

2022-06-23 20:30:23 - [TEST_STEP][PASSED] - refID_daughter1 = I.readnotepad("D:\Upoad_File\Projet_ Login\Dreyers\13.1\13.1_Dreyers_refID_Deliverable(D).txt"): null

2022-06-23 20:30:23 - [TEST_STEP][PASSED] - refID_APL = I.readnotepad("D:\Upoad_File\Projet_ Login\Dreyers\13.1\13.1_Dreyers_refID_APL(GD).txt"): null

2022-06-23 20:30:23 - [TEST_STEP][PASSED] - refID_LI = I.readnotepad("D:\Upoad_File\Projet_ Login\Dreyers\13.1\13.1_Dreyers_refID_LI(GD).txt"): null

2022-06-23 20:30:23 - [TEST_STEP][PASSED] - openBrowser(Url_Dreyer): Browser is opened with url: 'http://mdb-release.diadeis.lan/MediaboxIndependence/?MBI_datasource=RELTESTAUTO_DREYERS'

2022-06-23 20:30:23 - [MESSAGE][INFO] - Starting 'Chrome (headless)' driver

2022-06-23 20:30:23 - [MESSAGE][INFO] - User set preference: ['args', '[--window-size=1920,1080, --headless]']

2022-06-23 20:30:23 - [MESSAGE][INFO] - Action delay is set to 0 milliseconds

2022-06-23 20:30:46 - [MESSAGE][PASSED] - Browser is opened with url: 'http://mdb-release.diadeis.lan/MediaboxIndependence/?MBI_datasource=RELTESTAUTO_DREYERS'

2022-06-23 20:30:46 - [TEST_STEP][PASSED] - maximizeWindow(): Current window maximized

2022-06-23 20:30:47 - [MESSAGE][PASSED] - Current window maximized

2022-06-23 20:30:47 - [TEST_STEP][PASSED] - waitForPageLoad(30): Wait for page load successfully

2022-06-23 20:30:47 - [MESSAGE][PASSED] - Wait for page load successfully

2022-06-23 20:30:47 - [TEST_STEP][PASSED] - takeScreenshot(): Taking screenshot successfully

2022-06-23 20:30:48 - [MESSAGE][PASSED] - Taking screenshot successfully
[[ATTACHMENT|D:\\Projet Test Auto\\Mediabox Test Automation\\Reports\\20220623_184212\\03. Parallel Testing (Testing)\\TS -PT PART 3\\07 Tag Sephora Dreyers _ Empty Group _Lifecycle condition\\20220623_184221\\1656009047581.png]]

2022-06-23 20:30:48 - [TEST_STEP][PASSED] - I.Login_password("blemco", password_blemco): Object: 'Object Repository/1. Constant/xpath' is clicked on

2022-06-23 20:30:50 - [MESSAGE][PASSED] - Text 'blemco' is set on object 'Object Repository/1. Constant/xpath'

2022-06-23 20:30:51 - [MESSAGE][PASSED] - Delayed 1 second(s)

2022-06-23 20:30:54 - [MESSAGE][PASSED] - Text 'diadeis1' is set on object 'Object Repository/1. Constant/xpath'

2022-06-23 20:30:55 - [MESSAGE][PASSED] - Delayed 1 second(s)

2022-06-23 20:31:14 - [MESSAGE][PASSED] - Object: 'Object Repository/1. Constant/xpath' is clicked on

2022-06-23 20:31:14 - [TEST_STEP][PASSED] - takeScreenshot(): Taking screenshot successfully

2022-06-23 20:31:14 - [MESSAGE][PASSED] - Taking screenshot successfully
[[ATTACHMENT|D:\\Projet Test Auto\\Mediabox Test Automation\\Reports\\20220623_184212\\03. Parallel Testing (Testing)\\TS -PT PART 3\\07 Tag Sephora Dreyers _ Empty Group _Lifecycle condition\\20220623_184221\\1656009074318.png]]

2022-06-23 20:31:14 - [TEST_STEP][PASSED] - click(findTestObject("1. Constant/02_LHSMenu_Projects")): Object: 'Object Repository/1. Constant/02_LHSMenu_Projects' is clicked on

2022-06-23 20:31:21 - [MESSAGE][PASSED] - Object: 'Object Repository/1. Constant/02_LHSMenu_Projects' is clicked on

2022-06-23 20:31:21 - [TEST_STEP][PASSED] - I.SearchProjectNo(Project_No, findTestObject("1. Constant/xpath", ["xpath":"//*[@id="form_filters"]/div[4]/button"])): Delayed 5 second(s)

2022-06-23 20:31:24 - [MESSAGE][PASSED] - Text 'MI000885' is set on object 'Object Repository/1. Constant/xpath'

2022-06-23 20:31:27 - [MESSAGE][PASSED] - Delayed 3 second(s)

2022-06-23 20:31:35 - [MESSAGE][PASSED] - Object: 'Object Repository/1. Constant/xpath' is clicked on

2022-06-23 20:31:40 - [MESSAGE][PASSED] - Delayed 5 second(s)

2022-06-23 20:31:40 - [TEST_STEP][PASSED] - delay(1): Delayed 1 second(s)

2022-06-23 20:31:41 - [MESSAGE][PASSED] - Delayed 1 second(s)

2022-06-23 20:31:41 - [TEST_STEP][PASSED] - takeScreenshot(): Taking screenshot successfully

2022-06-23 20:31:42 - [MESSAGE][PASSED] - Taking screenshot successfully
[[ATTACHMENT|D:\\Projet Test Auto\\Mediabox Test Automation\\Reports\\20220623_184212\\03. Parallel Testing (Testing)\\TS -PT PART 3\\07 Tag Sephora Dreyers _ Empty Group _Lifecycle condition\\20220623_184221\\1656009101651.png]]

2022-06-23 20:31:42 - [TEST_STEP][PASSED] - mouseOver(findTestObject("1. Constant/xpath", ["xpath":"//*[@id="source_" + refID_LI + ""]/td[17]/div[1]/button"])): Object: 'Object Repository/1. Constant/xpath' is hovered

2022-06-23 20:31:44 - [MESSAGE][PASSED] - Object: 'Object Repository/1. Constant/xpath' is hovered

2022-06-23 20:31:44 - [TEST_STEP][PASSED] - delay(1): Delayed 1 second(s)

2022-06-23 20:31:45 - [MESSAGE][PASSED] - Delayed 1 second(s)

2022-06-23 20:31:45 - [TEST_STEP][PASSED] - takeScreenshot(): Taking screenshot successfully

2022-06-23 20:31:46 - [MESSAGE][PASSED] - Taking screenshot successfully
[[ATTACHMENT|D:\\Projet Test Auto\\Mediabox Test Automation\\Reports\\20220623_184212\\03. Parallel Testing (Testing)\\TS -PT PART 3\\07 Tag Sephora Dreyers _ Empty Group _Lifecycle condition\\20220623_184221\\1656009105583.png]]

2022-06-23 20:31:46 - [TEST_STEP][PASSED] - delay(2): Delayed 2 second(s)

2022-06-23 20:31:48 - [MESSAGE][PASSED] - Delayed 2 second(s)

2022-06-23 20:31:48 - [TEST_STEP][PASSED] - Actual_SAS1 = getText(findTestObject("1. Constant/xpath", ["xpath":"/html/body/div[9]/div[2]"])): Text of object 'Object Repository/1. Constant/xpath' is: 'Support action shortcuts'

2022-06-23 20:31:49 - [MESSAGE][PASSED] - Text of object 'Object Repository/1. Constant/xpath' is: 'Support action shortcuts'

2022-06-23 20:31:49 - [TEST_STEP][PASSED] - verifyMatch(Actual_SAS1, "Support action shortcuts", false): Actual text 'Support action shortcuts' and expected text 'Support action shortcuts' are matched 

2022-06-23 20:31:49 - [MESSAGE][PASSED] - Actual text 'Support action shortcuts' and expected text 'Support action shortcuts' are matched 

2022-06-23 20:31:49 - [TEST_STEP][PASSED] - click(findTestObject("1. Constant/xpath", ["xpath":"//*[@id="source_" + refID_LI + ""]/td[10]/a"])): Object: 'Object Repository/1. Constant/xpath' is clicked on

2022-06-23 20:31:55 - [MESSAGE][PASSED] - Object: 'Object Repository/1. Constant/xpath' is clicked on

2022-06-23 20:31:55 - [TEST_STEP][PASSED] - click(findTestObject("1. Constant/xpath", ["xpath":"//*[@id="kt_content"]/div[3]/div/ul/li[3]/a"])): Object: 'Object Repository/1. Constant/xpath' is clicked on

2022-06-23 20:31:58 - [MESSAGE][PASSED] - Object: 'Object Repository/1. Constant/xpath' is clicked on

2022-06-23 20:31:58 - [TEST_STEP][PASSED] - takeScreenshot(): Taking screenshot successfully

2022-06-23 20:31:59 - [MESSAGE][PASSED] - Taking screenshot successfully
[[ATTACHMENT|D:\\Projet Test Auto\\Mediabox Test Automation\\Reports\\20220623_184212\\03. Parallel Testing (Testing)\\TS -PT PART 3\\07 Tag Sephora Dreyers _ Empty Group _Lifecycle condition\\20220623_184221\\1656009118772.png]]

2022-06-23 20:31:59 - [TEST_STEP][PASSED] - delay(2): Delayed 2 second(s)

2022-06-23 20:32:01 - [MESSAGE][PASSED] - Delayed 2 second(s)

2022-06-23 20:32:01 - [TEST_STEP][PASSED] - click(findTestObject("1. Constant/xpath", ["xpath":"/html/body/div[1]/div[2]/div[8]/div[3]/div/div[3]/div[3]/div/ul/li/a"])): Object: 'Object Repository/1. Constant/xpath' is clicked on

2022-06-23 20:32:02 - [MESSAGE][PASSED] - Object: 'Object Repository/1. Constant/xpath' is clicked on

2022-06-23 20:32:02 - [TEST_STEP][PASSED] - delay(1): Delayed 1 second(s)

2022-06-23 20:32:03 - [MESSAGE][PASSED] - Delayed 1 second(s)

2022-06-23 20:32:03 - [TEST_STEP][PASSED] - takeScreenshot(): Taking screenshot successfully

2022-06-23 20:32:04 - [MESSAGE][PASSED] - Taking screenshot successfully
[[ATTACHMENT|D:\\Projet Test Auto\\Mediabox Test Automation\\Reports\\20220623_184212\\03. Parallel Testing (Testing)\\TS -PT PART 3\\07 Tag Sephora Dreyers _ Empty Group _Lifecycle condition\\20220623_184221\\1656009123884.png]]

2022-06-23 20:32:04 - [TEST_STEP][PASSED] - delay(1): Delayed 1 second(s)

2022-06-23 20:32:05 - [MESSAGE][PASSED] - Delayed 1 second(s)

2022-06-23 20:32:05 - [TEST_STEP][PASSED] - mouseOver(findTestObject("1. Constant/xpath", ["xpath":"/html/body/div[1]/div[2]/div[8]/div[3]/div/div[3]/div[3]/div/div/div/div/div/div/div[1]/div[2]/div/button"])): Object: 'Object Repository/1. Constant/xpath' is hovered

2022-06-23 20:32:08 - [MESSAGE][PASSED] - Object: 'Object Repository/1. Constant/xpath' is hovered

2022-06-23 20:32:08 - [TEST_STEP][PASSED] - delay(1): Delayed 1 second(s)

2022-06-23 20:32:09 - [MESSAGE][PASSED] - Delayed 1 second(s)

2022-06-23 20:32:09 - [TEST_STEP][PASSED] - takeScreenshot(): Taking screenshot successfully

2022-06-23 20:32:10 - [MESSAGE][PASSED] - Taking screenshot successfully
[[ATTACHMENT|D:\\Projet Test Auto\\Mediabox Test Automation\\Reports\\20220623_184212\\03. Parallel Testing (Testing)\\TS -PT PART 3\\07 Tag Sephora Dreyers _ Empty Group _Lifecycle condition\\20220623_184221\\1656009129529.png]]

2022-06-23 20:32:10 - [TEST_STEP][PASSED] - delay(1): Delayed 1 second(s)

2022-06-23 20:32:11 - [MESSAGE][PASSED] - Delayed 1 second(s)

2022-06-23 20:32:11 - [TEST_STEP][PASSED] - Actual_SAS = getText(findTestObject("1. Constant/xpath", ["xpath":"/html/body/div[9]/div[2]"])): Text of object 'Object Repository/1. Constant/xpath' is: 'Support action shortcuts'

2022-06-23 20:32:12 - [MESSAGE][PASSED] - Text of object 'Object Repository/1. Constant/xpath' is: 'Support action shortcuts'

2022-06-23 20:32:12 - [TEST_STEP][PASSED] - verifyMatch(Actual_SAS, "Support action shortcuts", false): Actual text 'Support action shortcuts' and expected text 'Support action shortcuts' are matched 

2022-06-23 20:32:12 - [MESSAGE][PASSED] - Actual text 'Support action shortcuts' and expected text 'Support action shortcuts' are matched 

2022-06-23 20:32:12 - [TEST_STEP][PASSED] - click(findTestObject("1. Constant/xpath", ["xpath":"/html/body/div[1]/div[2]/div[8]/div[3]/div/div[3]/div[3]/div/div/div/div/div/div/div[1]/div[2]/div/button"])): Object: 'Object Repository/1. Constant/xpath' is clicked on

2022-06-23 20:32:14 - [MESSAGE][PASSED] - Object: 'Object Repository/1. Constant/xpath' is clicked on

2022-06-23 20:32:14 - [TEST_STEP][PASSED] - delay(1): Delayed 1 second(s)

2022-06-23 20:32:15 - [MESSAGE][PASSED] - Delayed 1 second(s)

2022-06-23 20:32:15 - [TEST_STEP][PASSED] - x = 20: null

2022-06-23 20:32:15 - [TEST_STEP][PASSED] - i = 1: null

2022-06-23 20:32:15 - [TEST_STEP][PASSED] - while (i <= x): null

2022-06-23 20:32:15 - [TEST_STEP][PASSED] - Expected_SAS_Selected2 = "Restart for Marketing, Regulatory and Tech Pack": null

2022-06-23 20:32:15 - [TEST_STEP][PASSED] - xpath_SAS2 = "/html/body/div[1]/div[2]/div[8]/div[3]/div/div[3]/div[3]/div/div/div/div/div/div/div[1]/div[2]/div/div/a[" + i + "]": null

2022-06-23 20:32:15 - [TEST_STEP][PASSED] - Actual_SAS2 = getText(findTestObject("1. Constant/xpath", ["xpath":xpath_SAS2])): Text of object 'Object Repository/1. Constant/xpath' is: 'Restart for Marketing, Regulatory and Tech Pack'

2022-06-23 20:32:16 - [MESSAGE][PASSED] - Text of object 'Object Repository/1. Constant/xpath' is: 'Restart for Marketing, Regulatory and Tech Pack'

2022-06-23 20:32:16 - [TEST_STEP][PASSED] - I.print(i): null

2022-06-23 20:32:16 - [TEST_STEP][PASSED] - if (Actual_SAS2.contains(Expected_SAS_Selected2)): null

2022-06-23 20:32:16 - [TEST_STEP][PASSED] - click(findTestObject("1. Constant/xpath", ["xpath":xpath_SAS2])): Object: 'Object Repository/1. Constant/xpath' is clicked on

2022-06-23 20:32:18 - [MESSAGE][PASSED] - Object: 'Object Repository/1. Constant/xpath' is clicked on

2022-06-23 20:32:18 - [TEST_STEP][PASSED] - break: null

2022-06-23 20:32:18 - [TEST_STEP][PASSED] - delay(1): Delayed 1 second(s)

2022-06-23 20:32:19 - [MESSAGE][PASSED] - Delayed 1 second(s)

2022-06-23 20:32:19 - [TEST_STEP][PASSED] - Actual_SASReason = getText(findTestObject("1. Constant/xpath", ["xpath":"//*[@id="id_div_support_action_reason"]/label"])): Text of object 'Object Repository/1. Constant/xpath' is: 'Select a support action reason'

2022-06-23 20:32:21 - [MESSAGE][PASSED] - Text of object 'Object Repository/1. Constant/xpath' is: 'Select a support action reason'

2022-06-23 20:32:21 - [TEST_STEP][PASSED] - verifyMatch(Actual_SASReason, "Select a support action reason", false): Actual text 'Select a support action reason' and expected text 'Select a support action reason' are matched 

2022-06-23 20:32:21 - [MESSAGE][PASSED] - Actual text 'Select a support action reason' and expected text 'Select a support action reason' are matched 

2022-06-23 20:32:21 - [TEST_STEP][PASSED] - takeScreenshot(): Taking screenshot successfully

2022-06-23 20:32:23 - [MESSAGE][PASSED] - Taking screenshot successfully
[[ATTACHMENT|D:\\Projet Test Auto\\Mediabox Test Automation\\Reports\\20220623_184212\\03. Parallel Testing (Testing)\\TS -PT PART 3\\07 Tag Sephora Dreyers _ Empty Group _Lifecycle condition\\20220623_184221\\1656009142646.png]]

2022-06-23 20:32:23 - [TEST_STEP][PASSED] - click(findTestObject("1. Constant/xpath", ["xpath":"//*[@id="modal_support_action_shortcut"]/div/div/div[3]/button[2]"])): Object: 'Object Repository/1. Constant/xpath' is clicked on

2022-06-23 20:32:25 - [MESSAGE][PASSED] - Object: 'Object Repository/1. Constant/xpath' is clicked on

2022-06-23 20:32:25 - [TEST_STEP][PASSED] - Actual_SASmiss = getText(findTestObject("1. Constant/xpath", ["xpath":"//*[@id="toast-container"]/div/div[2]"])): Text of object 'Object Repository/1. Constant/xpath' is: 'Support action reason is missing'

2022-06-23 20:32:26 - [MESSAGE][PASSED] - Text of object 'Object Repository/1. Constant/xpath' is: 'Support action reason is missing'

2022-06-23 20:32:26 - [TEST_STEP][PASSED] - verifyMatch(Actual_SASmiss, "Support action reason is missing", false): Actual text 'Support action reason is missing' and expected text 'Support action reason is missing' are matched 

2022-06-23 20:32:26 - [MESSAGE][PASSED] - Actual text 'Support action reason is missing' and expected text 'Support action reason is missing' are matched 

2022-06-23 20:32:26 - [TEST_STEP][PASSED] - takeScreenshot(): Taking screenshot successfully

2022-06-23 20:32:27 - [MESSAGE][PASSED] - Taking screenshot successfully
[[ATTACHMENT|D:\\Projet Test Auto\\Mediabox Test Automation\\Reports\\20220623_184212\\03. Parallel Testing (Testing)\\TS -PT PART 3\\07 Tag Sephora Dreyers _ Empty Group _Lifecycle condition\\20220623_184221\\1656009146836.png]]

2022-06-23 20:32:27 - [TEST_STEP][PASSED] - delay(1): Delayed 1 second(s)

2022-06-23 20:32:28 - [MESSAGE][PASSED] - Delayed 1 second(s)

2022-06-23 20:32:28 - [TEST_STEP][PASSED] - selectOptionByValue(findTestObject("1. Constant/xpath", ["xpath":"//*[@id="added_support_action_reason"]"]), "2", false): All options with value '2' are selected in object 'Object Repository/1. Constant/xpath' 

2022-06-23 20:32:33 - [MESSAGE][PASSED] - All options with value '2' are selected in object 'Object Repository/1. Constant/xpath' 

2022-06-23 20:32:33 - [TEST_STEP][PASSED] - click(findTestObject("1. Constant/xpath", ["xpath":"//*[@id="modal_support_action_shortcut"]/div/div/div[3]/button[2]"])): Object: 'Object Repository/1. Constant/xpath' is clicked on

2022-06-23 20:32:40 - [MESSAGE][PASSED] - Object: 'Object Repository/1. Constant/xpath' is clicked on

2022-06-23 20:32:40 - [TEST_STEP][PASSED] - click(findTestObject("1. Constant/xpath", ["xpath":"//*[@id="kt_content"]/div[3]/div/ul/li[3]/a"])): Object: 'Object Repository/1. Constant/xpath' is clicked on

2022-06-23 20:32:42 - [MESSAGE][PASSED] - Object: 'Object Repository/1. Constant/xpath' is clicked on

2022-06-23 20:32:42 - [TEST_STEP][PASSED] - takeScreenshot(): Taking screenshot successfully

2022-06-23 20:32:43 - [MESSAGE][PASSED] - Taking screenshot successfully
[[ATTACHMENT|D:\\Projet Test Auto\\Mediabox Test Automation\\Reports\\20220623_184212\\03. Parallel Testing (Testing)\\TS -PT PART 3\\07 Tag Sephora Dreyers _ Empty Group _Lifecycle condition\\20220623_184221\\1656009162844.png]]

2022-06-23 20:32:43 - [TEST_STEP][PASSED] - verifyElementVisible(findTestObject("1. Constant/xpath", ["xpath":"/html/body/div[1]/div[2]/div[8]/div[3]/div/div[3]/div[3]/div/ul/li[1]/a"])): Object 'Object Repository/1. Constant/xpath' is visible

2022-06-23 20:32:44 - [MESSAGE][PASSED] - Object 'Object Repository/1. Constant/xpath' is visible

2022-06-23 20:32:44 - [TEST_STEP][PASSED] - verifyElementVisible(findTestObject("1. Constant/xpath", ["xpath":"/html/body/div[1]/div[2]/div[8]/div[3]/div/div[3]/div[3]/div/ul/li[2]/a"])): Object 'Object Repository/1. Constant/xpath' is visible

2022-06-23 20:32:46 - [MESSAGE][PASSED] - Object 'Object Repository/1. Constant/xpath' is visible

2022-06-23 20:32:46 - [TEST_STEP][PASSED] - I.Pagedown(): Execute JavaScript 'window.scrollTo(0, document.body.scrollHeight)' successfully

2022-06-23 20:32:46 - [MESSAGE][PASSED] - Execute JavaScript 'window.scrollTo(0, document.body.scrollHeight)' successfully

2022-06-23 20:32:46 - [TEST_STEP][PASSED] - Actual_InfoInput1 = getText(findTestObject("1. Constant/xpath", ["xpath":"/html/body/div[1]/div[2]/div[8]/div[3]/div/div[3]/div[3]/div/div/div[2]/div/div/div/div[1]/div[1]/h3"])): Text of object 'Object Repository/1. Constant/xpath' is: 'Information Input'

2022-06-23 20:32:47 - [MESSAGE][PASSED] - Text of object 'Object Repository/1. Constant/xpath' is: 'Information Input'

2022-06-23 20:32:47 - [TEST_STEP][PASSED] - verifyMatch(Actual_InfoInput1, "Information Input", false): Actual text 'Information Input' and expected text 'Information Input' are matched 

2022-06-23 20:32:47 - [MESSAGE][PASSED] - Actual text 'Information Input' and expected text 'Information Input' are matched 

2022-06-23 20:32:47 - [TEST_STEP][PASSED] - Actual_reg = getText(findTestObject("1. Constant/xpath", ["xpath":"/html/body/div[1]/div[2]/div[8]/div[3]/div/div[3]/div[3]/div/div/div[2]/div/div/div/div[2]/h5[2]"])): Text of object 'Object Repository/1. Constant/xpath' is: 'Regulatory'

2022-06-23 20:32:48 - [MESSAGE][PASSED] - Text of object 'Object Repository/1. Constant/xpath' is: 'Regulatory'

2022-06-23 20:32:48 - [TEST_STEP][PASSED] - verifyMatch(Actual_reg, "Regulatory", false): Actual text 'Regulatory' and expected text 'Regulatory' are matched 

2022-06-23 20:32:48 - [MESSAGE][PASSED] - Actual text 'Regulatory' and expected text 'Regulatory' are matched 

2022-06-23 20:32:48 - [TEST_STEP][PASSED] - Actual_reg1 = getText(findTestObject("1. Constant/xpath", ["xpath":"/html/body/div[1]/div[2]/div[8]/div[3]/div/div[3]/div[3]/div/div/div[2]/div/div/div/div[2]/h5[3]"])): Text of object 'Object Repository/1. Constant/xpath' is: 'Tech Packaging'

2022-06-23 20:32:48 - [MESSAGE][PASSED] - Text of object 'Object Repository/1. Constant/xpath' is: 'Tech Packaging'

2022-06-23 20:32:48 - [TEST_STEP][PASSED] - verifyMatch(Actual_reg1, "Tech Packaging", false): Actual text 'Tech Packaging' and expected text 'Tech Packaging' are matched 

2022-06-23 20:32:48 - [MESSAGE][PASSED] - Actual text 'Tech Packaging' and expected text 'Tech Packaging' are matched 

2022-06-23 20:32:48 - [TEST_STEP][PASSED] - Actual_reg22 = getText(findTestObject("1. Constant/xpath", ["xpath":"/html/body/div[1]/div[2]/div[8]/div[3]/div/div[3]/div[3]/div/div/div[2]/div/div/div/div[2]/h5[4]"])): Text of object 'Object Repository/1. Constant/xpath' is: 'Marketing'

2022-06-23 20:32:49 - [MESSAGE][PASSED] - Text of object 'Object Repository/1. Constant/xpath' is: 'Marketing'

2022-06-23 20:32:49 - [TEST_STEP][PASSED] - verifyMatch(Actual_reg22, "Marketing", false): Actual text 'Marketing' and expected text 'Marketing' are matched 

2022-06-23 20:32:49 - [MESSAGE][PASSED] - Actual text 'Marketing' and expected text 'Marketing' are matched 

2022-06-23 20:32:49 - [TEST_STEP][PASSED] - delay(5): Delayed 5 second(s)

2022-06-23 20:32:54 - [MESSAGE][PASSED] - Delayed 5 second(s)

2022-06-23 20:32:54 - [TEST_STEP][PASSED] - I.Logout(): Delayed 3 second(s)

2022-06-23 20:32:57 - [MESSAGE][PASSED] - Delayed 3 second(s)

2022-06-23 20:32:58 - [MESSAGE][PASSED] - Object: 'Object Repository/1. Constant/xpath' is clicked on

2022-06-23 20:33:01 - [MESSAGE][PASSED] - Delayed 3 second(s)

2022-06-23 20:33:05 - [MESSAGE][PASSED] - Object: 'Object Repository/1. Constant/xpath' is clicked on

2022-06-23 20:33:08 - [MESSAGE][PASSED] - Delayed 3 second(s)

2022-06-23 20:33:08 - [TEST_STEP][PASSED] - I.Login_password("nturner", password_nturner): Object: 'Object Repository/1. Constant/xpath' is clicked on

2022-06-23 20:33:11 - [MESSAGE][PASSED] - Text 'nturner' is set on object 'Object Repository/1. Constant/xpath'

2022-06-23 20:33:12 - [MESSAGE][PASSED] - Delayed 1 second(s)

2022-06-23 20:33:14 - [MESSAGE][PASSED] - Text 'diadeis1' is set on object 'Object Repository/1. Constant/xpath'

2022-06-23 20:33:15 - [MESSAGE][PASSED] - Delayed 1 second(s)

2022-06-23 20:33:21 - [MESSAGE][PASSED] - Object: 'Object Repository/1. Constant/xpath' is clicked on

2022-06-23 20:33:21 - [TEST_STEP][PASSED] - takeScreenshot(): Taking screenshot successfully

2022-06-23 20:33:22 - [MESSAGE][PASSED] - Taking screenshot successfully
[[ATTACHMENT|D:\\Projet Test Auto\\Mediabox Test Automation\\Reports\\20220623_184212\\03. Parallel Testing (Testing)\\TS -PT PART 3\\07 Tag Sephora Dreyers _ Empty Group _Lifecycle condition\\20220623_184221\\1656009201925.png]]

2022-06-23 20:33:22 - [TEST_STEP][PASSED] - click(findTestObject("1. Constant/02_LHSMenu_Projects")): Object: 'Object Repository/1. Constant/02_LHSMenu_Projects' is clicked on

2022-06-23 20:33:27 - [MESSAGE][PASSED] - Object: 'Object Repository/1. Constant/02_LHSMenu_Projects' is clicked on

2022-06-23 20:33:27 - [TEST_STEP][PASSED] - I.SearchProjectNo(Project_No, findTestObject("1. Constant/xpath", ["xpath":"//*[@id="form_filters"]/div[4]/button"])): Delayed 5 second(s)

2022-06-23 20:33:29 - [MESSAGE][PASSED] - Text 'MI000885' is set on object 'Object Repository/1. Constant/xpath'

2022-06-23 20:33:32 - [MESSAGE][PASSED] - Delayed 3 second(s)

2022-06-23 20:33:38 - [MESSAGE][PASSED] - Object: 'Object Repository/1. Constant/xpath' is clicked on

2022-06-23 20:33:43 - [MESSAGE][PASSED] - Delayed 5 second(s)

2022-06-23 20:33:43 - [TEST_STEP][PASSED] - delay(1): Delayed 1 second(s)

2022-06-23 20:33:44 - [MESSAGE][PASSED] - Delayed 1 second(s)

2022-06-23 20:33:44 - [TEST_STEP][PASSED] - takeScreenshot(): Taking screenshot successfully

2022-06-23 20:33:45 - [MESSAGE][PASSED] - Taking screenshot successfully
[[ATTACHMENT|D:\\Projet Test Auto\\Mediabox Test Automation\\Reports\\20220623_184212\\03. Parallel Testing (Testing)\\TS -PT PART 3\\07 Tag Sephora Dreyers _ Empty Group _Lifecycle condition\\20220623_184221\\1656009225410.png]]

2022-06-23 20:33:45 - [TEST_STEP][PASSED] - task1 = getText(findTestObject("1. Constant/xpath", ["xpath":"//*[@id="kt_header"]/div/div[2]/div[1]/div[1]/span"])): Text of object 'Object Repository/1. Constant/xpath' is: '29'

2022-06-23 20:33:46 - [MESSAGE][PASSED] - Text of object 'Object Repository/1. Constant/xpath' is: '29'

2022-06-23 20:33:46 - [TEST_STEP][PASSED] - alfs1 = getText(findTestObject("1. Constant/xpath", ["xpath":"//*[@id="source_" + refID_LI + ""]/td[16]/span[1]"])): Text of object 'Object Repository/1. Constant/xpath' is: 'Information  Input'

2022-06-23 20:33:48 - [MESSAGE][PASSED] - Text of object 'Object Repository/1. Constant/xpath' is: 'Information  Input'

2022-06-23 20:33:48 - [TEST_STEP][PASSED] - verifyMatch(alfs1, "Information  Input", false): Actual text 'Information  Input' and expected text 'Information  Input' are matched 

2022-06-23 20:33:48 - [MESSAGE][PASSED] - Actual text 'Information  Input' and expected text 'Information  Input' are matched 

2022-06-23 20:33:48 - [TEST_STEP][PASSED] - click(findTestObject("1. Constant/xpath", ["xpath":"//*[@id="source_" + refID_LI + ""]/td[17]/a[2]"])): Object: 'Object Repository/1. Constant/xpath' is clicked on

2022-06-23 20:33:53 - [MESSAGE][PASSED] - Object: 'Object Repository/1. Constant/xpath' is clicked on

2022-06-23 20:33:53 - [TEST_STEP][PASSED] - takeScreenshot(): Taking screenshot successfully

2022-06-23 20:33:54 - [MESSAGE][PASSED] - Taking screenshot successfully
[[ATTACHMENT|D:\\Projet Test Auto\\Mediabox Test Automation\\Reports\\20220623_184212\\03. Parallel Testing (Testing)\\TS -PT PART 3\\07 Tag Sephora Dreyers _ Empty Group _Lifecycle condition\\20220623_184221\\1656009233796.png]]

2022-06-23 20:33:54 - [TEST_STEP][PASSED] - click(findTestObject("1. Constant/xpath", ["xpath":"//*[@id="ModifFiche"]/div[1]/div/button[2]"])): Object: 'Object Repository/1. Constant/xpath' is clicked on

2022-06-23 20:34:00 - [MESSAGE][PASSED] - Object: 'Object Repository/1. Constant/xpath' is clicked on

2022-06-23 20:34:00 - [TEST_STEP][PASSED] - alfs2 = getText(findTestObject("1. Constant/xpath", ["xpath":"//*[@id="source_" + refID_LI + ""]/td[16]/span[1]"])): Text of object 'Object Repository/1. Constant/xpath' is: 'Information  Input'

2022-06-23 20:34:01 - [MESSAGE][PASSED] - Text of object 'Object Repository/1. Constant/xpath' is: 'Information  Input'

2022-06-23 20:34:01 - [TEST_STEP][PASSED] - verifyMatch(alfs2, "Information  Input", false): Actual text 'Information  Input' and expected text 'Information  Input' are matched 

2022-06-23 20:34:01 - [MESSAGE][PASSED] - Actual text 'Information  Input' and expected text 'Information  Input' are matched 

2022-06-23 20:34:01 - [TEST_STEP][PASSED] - Atask2 = getText(findTestObject("1. Constant/xpath", ["xpath":"//*[@id="kt_header"]/div/div[2]/div[1]/div[1]/span"])): Text of object 'Object Repository/1. Constant/xpath' is: '28'

2022-06-23 20:34:01 - [MESSAGE][PASSED] - Text of object 'Object Repository/1. Constant/xpath' is: '28'

2022-06-23 20:34:01 - [TEST_STEP][PASSED] - task2 = Integer.parseInt(task1) - 1: null

2022-06-23 20:34:01 - [TEST_STEP][PASSED] - verifyMatch(Atask2, task2, false): Actual text '28' and expected text '28' are matched 

2022-06-23 20:34:01 - [MESSAGE][PASSED] - Actual text '28' and expected text '28' are matched 

2022-06-23 20:34:01 - [TEST_STEP][PASSED] - I.Logout(): Delayed 3 second(s)

2022-06-23 20:34:04 - [MESSAGE][PASSED] - Delayed 3 second(s)

2022-06-23 20:34:06 - [MESSAGE][PASSED] - Object: 'Object Repository/1. Constant/xpath' is clicked on

2022-06-23 20:34:09 - [MESSAGE][PASSED] - Delayed 3 second(s)

2022-06-23 20:34:14 - [MESSAGE][PASSED] - Object: 'Object Repository/1. Constant/xpath' is clicked on

2022-06-23 20:34:17 - [MESSAGE][PASSED] - Delayed 3 second(s)

2022-06-23 20:34:17 - [TEST_STEP][PASSED] - I.Login_password("amassoth", password_amassoth): Object: 'Object Repository/1. Constant/xpath' is clicked on

2022-06-23 20:34:19 - [MESSAGE][PASSED] - Text 'amassoth' is set on object 'Object Repository/1. Constant/xpath'

2022-06-23 20:34:20 - [MESSAGE][PASSED] - Delayed 1 second(s)

2022-06-23 20:34:24 - [MESSAGE][PASSED] - Text 'diadeis' is set on object 'Object Repository/1. Constant/xpath'

2022-06-23 20:34:25 - [MESSAGE][PASSED] - Delayed 1 second(s)

2022-06-23 20:34:31 - [MESSAGE][PASSED] - Object: 'Object Repository/1. Constant/xpath' is clicked on

2022-06-23 20:34:31 - [TEST_STEP][PASSED] - takeScreenshot(): Taking screenshot successfully

2022-06-23 20:34:32 - [MESSAGE][PASSED] - Taking screenshot successfully
[[ATTACHMENT|D:\\Projet Test Auto\\Mediabox Test Automation\\Reports\\20220623_184212\\03. Parallel Testing (Testing)\\TS -PT PART 3\\07 Tag Sephora Dreyers _ Empty Group _Lifecycle condition\\20220623_184221\\1656009271871.png]]

2022-06-23 20:34:32 - [TEST_STEP][PASSED] - click(findTestObject("1. Constant/02_LHSMenu_Projects")): Object: 'Object Repository/1. Constant/02_LHSMenu_Projects' is clicked on

2022-06-23 20:34:37 - [MESSAGE][PASSED] - Object: 'Object Repository/1. Constant/02_LHSMenu_Projects' is clicked on

2022-06-23 20:34:37 - [TEST_STEP][PASSED] - I.SearchProjectNo(Project_No, findTestObject("1. Constant/xpath", ["xpath":"//*[@id="form_filters"]/div[4]/button"])): Delayed 5 second(s)

2022-06-23 20:34:42 - [MESSAGE][PASSED] - Text 'MI000885' is set on object 'Object Repository/1. Constant/xpath'

2022-06-23 20:34:45 - [MESSAGE][PASSED] - Delayed 3 second(s)

2022-06-23 20:34:52 - [MESSAGE][PASSED] - Object: 'Object Repository/1. Constant/xpath' is clicked on

2022-06-23 20:34:57 - [MESSAGE][PASSED] - Delayed 5 second(s)

2022-06-23 20:34:57 - [TEST_STEP][PASSED] - delay(1): Delayed 1 second(s)

2022-06-23 20:34:58 - [MESSAGE][PASSED] - Delayed 1 second(s)

2022-06-23 20:34:58 - [TEST_STEP][PASSED] - takeScreenshot(): Taking screenshot successfully

2022-06-23 20:34:59 - [MESSAGE][PASSED] - Taking screenshot successfully
[[ATTACHMENT|D:\\Projet Test Auto\\Mediabox Test Automation\\Reports\\20220623_184212\\03. Parallel Testing (Testing)\\TS -PT PART 3\\07 Tag Sephora Dreyers _ Empty Group _Lifecycle condition\\20220623_184221\\1656009298427.png]]

2022-06-23 20:34:59 - [TEST_STEP][PASSED] - click(findTestObject("1. Constant/xpath", ["xpath":"//*[@id="source_" + refID_LI + ""]/td[17]/a[2]"])): Object: 'Object Repository/1. Constant/xpath' is clicked on

2022-06-23 20:35:03 - [MESSAGE][PASSED] - Object: 'Object Repository/1. Constant/xpath' is clicked on

2022-06-23 20:35:03 - [TEST_STEP][PASSED] - takeScreenshot(): Taking screenshot successfully

2022-06-23 20:35:03 - [MESSAGE][PASSED] - Taking screenshot successfully
[[ATTACHMENT|D:\\Projet Test Auto\\Mediabox Test Automation\\Reports\\20220623_184212\\03. Parallel Testing (Testing)\\TS -PT PART 3\\07 Tag Sephora Dreyers _ Empty Group _Lifecycle condition\\20220623_184221\\1656009303227.png]]

2022-06-23 20:35:03 - [TEST_STEP][PASSED] - click(findTestObject("1. Constant/xpath", ["xpath":"//*[@id="ModifFiche"]/div[1]/div/button[2]"])): Object: 'Object Repository/1. Constant/xpath' is clicked on

2022-06-23 20:35:08 - [MESSAGE][PASSED] - Object: 'Object Repository/1. Constant/xpath' is clicked on

2022-06-23 20:35:08 - [TEST_STEP][PASSED] - I.Logout(): Delayed 3 second(s)

2022-06-23 20:35:11 - [MESSAGE][PASSED] - Delayed 3 second(s)

2022-06-23 20:35:13 - [MESSAGE][PASSED] - Object: 'Object Repository/1. Constant/xpath' is clicked on

2022-06-23 20:35:16 - [MESSAGE][PASSED] - Delayed 3 second(s)

2022-06-23 20:35:26 - [MESSAGE][PASSED] - Object: 'Object Repository/1. Constant/xpath' is clicked on

2022-06-23 20:35:29 - [MESSAGE][PASSED] - Delayed 3 second(s)

2022-06-23 20:35:29 - [TEST_STEP][PASSED] - I.Login_password("bmilhomme", password_bmilhomme): Object: 'Object Repository/1. Constant/xpath' is clicked on

2022-06-23 20:35:30 - [MESSAGE][PASSED] - Text 'bmilhomme' is set on object 'Object Repository/1. Constant/xpath'

2022-06-23 20:35:31 - [MESSAGE][PASSED] - Delayed 1 second(s)

2022-06-23 20:35:34 - [MESSAGE][PASSED] - Text 'diadeis1' is set on object 'Object Repository/1. Constant/xpath'

2022-06-23 20:35:35 - [MESSAGE][PASSED] - Delayed 1 second(s)

2022-06-23 20:35:42 - [MESSAGE][PASSED] - Object: 'Object Repository/1. Constant/xpath' is clicked on

2022-06-23 20:35:42 - [TEST_STEP][PASSED] - takeScreenshot(): Taking screenshot successfully

2022-06-23 20:35:43 - [MESSAGE][PASSED] - Taking screenshot successfully
[[ATTACHMENT|D:\\Projet Test Auto\\Mediabox Test Automation\\Reports\\20220623_184212\\03. Parallel Testing (Testing)\\TS -PT PART 3\\07 Tag Sephora Dreyers _ Empty Group _Lifecycle condition\\20220623_184221\\1656009343046.png]]

2022-06-23 20:35:43 - [TEST_STEP][PASSED] - click(findTestObject("1. Constant/02_LHSMenu_Projects")): Object: 'Object Repository/1. Constant/02_LHSMenu_Projects' is clicked on

2022-06-23 20:35:48 - [MESSAGE][PASSED] - Object: 'Object Repository/1. Constant/02_LHSMenu_Projects' is clicked on

2022-06-23 20:35:48 - [TEST_STEP][PASSED] - I.SearchProjectNo(Project_No, findTestObject("1. Constant/xpath", ["xpath":"//*[@id="form_filters"]/div[4]/button"])): Delayed 5 second(s)

2022-06-23 20:35:50 - [MESSAGE][PASSED] - Text 'MI000885' is set on object 'Object Repository/1. Constant/xpath'

2022-06-23 20:35:53 - [MESSAGE][PASSED] - Delayed 3 second(s)

2022-06-23 20:35:58 - [MESSAGE][PASSED] - Object: 'Object Repository/1. Constant/xpath' is clicked on

2022-06-23 20:36:03 - [MESSAGE][PASSED] - Delayed 5 second(s)

2022-06-23 20:36:03 - [TEST_STEP][PASSED] - delay(1): Delayed 1 second(s)

2022-06-23 20:36:04 - [MESSAGE][PASSED] - Delayed 1 second(s)

2022-06-23 20:36:04 - [TEST_STEP][PASSED] - takeScreenshot(): Taking screenshot successfully

2022-06-23 20:36:06 - [MESSAGE][PASSED] - Taking screenshot successfully
[[ATTACHMENT|D:\\Projet Test Auto\\Mediabox Test Automation\\Reports\\20220623_184212\\03. Parallel Testing (Testing)\\TS -PT PART 3\\07 Tag Sephora Dreyers _ Empty Group _Lifecycle condition\\20220623_184221\\1656009365239.png]]

2022-06-23 20:36:06 - [TEST_STEP][PASSED] - click(findTestObject("1. Constant/xpath", ["xpath":"//*[@id="source_" + refID_LI + ""]/td[18]/a[2]"])): Object: 'Object Repository/1. Constant/xpath' is clicked on

2022-06-23 20:36:09 - [MESSAGE][PASSED] - Object: 'Object Repository/1. Constant/xpath' is clicked on

2022-06-23 20:36:09 - [TEST_STEP][PASSED] - takeScreenshot(): Taking screenshot successfully

2022-06-23 20:36:09 - [MESSAGE][PASSED] - Taking screenshot successfully
[[ATTACHMENT|D:\\Projet Test Auto\\Mediabox Test Automation\\Reports\\20220623_184212\\03. Parallel Testing (Testing)\\TS -PT PART 3\\07 Tag Sephora Dreyers _ Empty Group _Lifecycle condition\\20220623_184221\\1656009369479.png]]

2022-06-23 20:36:09 - [TEST_STEP][PASSED] - click(findTestObject("1. Constant/xpath", ["xpath":"//*[@id="ModifFiche"]/div[1]/div/button[2]"])): Object: 'Object Repository/1. Constant/xpath' is clicked on

2022-06-23 20:36:14 - [MESSAGE][PASSED] - Object: 'Object Repository/1. Constant/xpath' is clicked on

2022-06-23 20:36:14 - [TEST_STEP][PASSED] - delay(1): Delayed 1 second(s)

2022-06-23 20:36:15 - [MESSAGE][PASSED] - Delayed 1 second(s)

2022-06-23 20:36:15 - [TEST_STEP][PASSED] - alfs3 = getText(findTestObject("1. Constant/xpath", ["xpath":"//*[@id="source_" + refID_LI + ""]/td[16]/span[1]"])): Text of object 'Object Repository/1. Constant/xpath' is: 'Information  Input'

2022-06-23 20:36:16 - [MESSAGE][PASSED] - Text of object 'Object Repository/1. Constant/xpath' is: 'Information  Input'

2022-06-23 20:36:16 - [TEST_STEP][PASSED] - verifyMatch(alfs3, "Information  Input", false): Actual text 'Information  Input' and expected text 'Information  Input' are matched 

2022-06-23 20:36:16 - [MESSAGE][PASSED] - Actual text 'Information  Input' and expected text 'Information  Input' are matched 

2022-06-23 20:36:16 - [TEST_STEP][PASSED] - I.Logout(): Delayed 3 second(s)

2022-06-23 20:36:19 - [MESSAGE][PASSED] - Delayed 3 second(s)

2022-06-23 20:36:20 - [MESSAGE][PASSED] - Object: 'Object Repository/1. Constant/xpath' is clicked on

2022-06-23 20:36:23 - [MESSAGE][PASSED] - Delayed 3 second(s)

2022-06-23 20:36:27 - [MESSAGE][PASSED] - Object: 'Object Repository/1. Constant/xpath' is clicked on

2022-06-23 20:36:30 - [MESSAGE][PASSED] - Delayed 3 second(s)

2022-06-23 20:36:30 - [TEST_STEP][PASSED] - I.Login_password("blemco", password_blemco): Object: 'Object Repository/1. Constant/xpath' is clicked on

2022-06-23 20:36:32 - [MESSAGE][PASSED] - Text 'blemco' is set on object 'Object Repository/1. Constant/xpath'

2022-06-23 20:36:33 - [MESSAGE][PASSED] - Delayed 1 second(s)

2022-06-23 20:36:37 - [MESSAGE][PASSED] - Text 'diadeis1' is set on object 'Object Repository/1. Constant/xpath'

2022-06-23 20:36:38 - [MESSAGE][PASSED] - Delayed 1 second(s)

2022-06-23 20:36:42 - [MESSAGE][PASSED] - Object: 'Object Repository/1. Constant/xpath' is clicked on

2022-06-23 20:36:42 - [TEST_STEP][PASSED] - takeScreenshot(): Taking screenshot successfully

2022-06-23 20:36:44 - [MESSAGE][PASSED] - Taking screenshot successfully
[[ATTACHMENT|D:\\Projet Test Auto\\Mediabox Test Automation\\Reports\\20220623_184212\\03. Parallel Testing (Testing)\\TS -PT PART 3\\07 Tag Sephora Dreyers _ Empty Group _Lifecycle condition\\20220623_184221\\1656009403245.png]]

2022-06-23 20:36:44 - [TEST_STEP][PASSED] - click(findTestObject("1. Constant/02_LHSMenu_Projects")): Object: 'Object Repository/1. Constant/02_LHSMenu_Projects' is clicked on

2022-06-23 20:36:49 - [MESSAGE][PASSED] - Object: 'Object Repository/1. Constant/02_LHSMenu_Projects' is clicked on

2022-06-23 20:36:49 - [TEST_STEP][PASSED] - I.SearchProjectNo(Project_No, findTestObject("1. Constant/xpath", ["xpath":"//*[@id="form_filters"]/div[4]/button"])): Delayed 5 second(s)

2022-06-23 20:36:52 - [MESSAGE][PASSED] - Text 'MI000885' is set on object 'Object Repository/1. Constant/xpath'

2022-06-23 20:36:55 - [MESSAGE][PASSED] - Delayed 3 second(s)

2022-06-23 20:37:02 - [MESSAGE][PASSED] - Object: 'Object Repository/1. Constant/xpath' is clicked on

2022-06-23 20:37:07 - [MESSAGE][PASSED] - Delayed 5 second(s)

2022-06-23 20:37:07 - [TEST_STEP][PASSED] - delay(1): Delayed 1 second(s)

2022-06-23 20:37:08 - [MESSAGE][PASSED] - Delayed 1 second(s)

2022-06-23 20:37:08 - [TEST_STEP][PASSED] - takeScreenshot(): Taking screenshot successfully

2022-06-23 20:37:09 - [MESSAGE][PASSED] - Taking screenshot successfully
[[ATTACHMENT|D:\\Projet Test Auto\\Mediabox Test Automation\\Reports\\20220623_184212\\03. Parallel Testing (Testing)\\TS -PT PART 3\\07 Tag Sephora Dreyers _ Empty Group _Lifecycle condition\\20220623_184221\\1656009429082.png]]

2022-06-23 20:37:09 - [TEST_STEP][PASSED] - click(findTestObject("1. Constant/xpath", ["xpath":"//*[@id="source_" + refID_daughter1 + ""]/td[10]/a[1]/span"])): Object: 'Object Repository/1. Constant/xpath' is clicked on

2022-06-23 20:37:13 - [MESSAGE][PASSED] - Object: 'Object Repository/1. Constant/xpath' is clicked on

2022-06-23 20:37:13 - [TEST_STEP][PASSED] - click(findTestObject("1. Constant/xpath", ["xpath":"//*[@id="kt_content"]/div[3]/div/ul/li[3]/a"])): Object: 'Object Repository/1. Constant/xpath' is clicked on

2022-06-23 20:37:17 - [MESSAGE][PASSED] - Object: 'Object Repository/1. Constant/xpath' is clicked on

2022-06-23 20:37:17 - [TEST_STEP][PASSED] - click(findTestObject("1. Constant/xpath", ["xpath":"/html/body/div[1]/div[2]/div[8]/div[3]/div/div[3]/div[3]/div/div/div[1]/div/div[3]/div/div[1]/div[2]/div/a[1]"])): Object: 'Object Repository/1. Constant/xpath' is clicked on

2022-06-23 20:37:19 - [MESSAGE][PASSED] - Object: 'Object Repository/1. Constant/xpath' is clicked on

2022-06-23 20:37:19 - [TEST_STEP][PASSED] - delay(1): Delayed 1 second(s)

2022-06-23 20:37:20 - [MESSAGE][PASSED] - Delayed 1 second(s)

2022-06-23 20:37:20 - [TEST_STEP][PASSED] - selectOptionByValue(findTestObject("1. Constant/xpath", ["xpath":"//*[@id="added_phase"]"]), "80", false): All options with value '80' are selected in object 'Object Repository/1. Constant/xpath' 

2022-06-23 20:37:23 - [MESSAGE][PASSED] - All options with value '80' are selected in object 'Object Repository/1. Constant/xpath' 

2022-06-23 20:37:23 - [TEST_STEP][PASSED] - click(findTestObject("1. Constant/xpath", ["xpath":"//*[@id="modal_addphase"]/div/div/div[3]/button[2]"])): Object: 'Object Repository/1. Constant/xpath' is clicked on

2022-06-23 20:37:28 - [MESSAGE][PASSED] - Object: 'Object Repository/1. Constant/xpath' is clicked on

2022-06-23 20:37:28 - [TEST_STEP][PASSED] - delay(1): Delayed 1 second(s)

2022-06-23 20:37:29 - [MESSAGE][PASSED] - Delayed 1 second(s)

2022-06-23 20:37:29 - [TEST_STEP][PASSED] - I.Pagedown(): Execute JavaScript 'window.scrollTo(0, document.body.scrollHeight)' successfully

2022-06-23 20:37:30 - [MESSAGE][PASSED] - Execute JavaScript 'window.scrollTo(0, document.body.scrollHeight)' successfully

2022-06-23 20:37:30 - [TEST_STEP][PASSED] - click(findTestObject("1. Constant/xpath", ["xpath":"/html/body/div[1]/div[2]/div[8]/div[3]/div/div[3]/div[3]/div/div/div[1]/div/div[3]/div/div[1]/div[2]/div/a[3]"])): Object: 'Object Repository/1. Constant/xpath' is clicked on

2022-06-23 20:37:31 - [MESSAGE][PASSED] - Object: 'Object Repository/1. Constant/xpath' is clicked on

2022-06-23 20:37:31 - [TEST_STEP][PASSED] - click(findTestObject("1. Constant/xpath", ["xpath":"//*[@id="modal_skip_phase"]/div/div/div[3]/button[2]"])): Object: 'Object Repository/1. Constant/xpath' is clicked on

2022-06-23 20:37:40 - [MESSAGE][PASSED] - Object: 'Object Repository/1. Constant/xpath' is clicked on

2022-06-23 20:37:40 - [TEST_STEP][PASSED] - I.Logout(): Delayed 3 second(s)

2022-06-23 20:37:43 - [MESSAGE][PASSED] - Delayed 3 second(s)

2022-06-23 20:37:45 - [MESSAGE][PASSED] - Object: 'Object Repository/1. Constant/xpath' is clicked on

2022-06-23 20:37:48 - [MESSAGE][PASSED] - Delayed 3 second(s)

2022-06-23 20:37:53 - [MESSAGE][PASSED] - Object: 'Object Repository/1. Constant/xpath' is clicked on

2022-06-23 20:37:56 - [MESSAGE][PASSED] - Delayed 3 second(s)

2022-06-23 20:37:56 - [TEST_STEP][PASSED] - I.Login_password("rjaiven", password_rjaiven): Object: 'Object Repository/1. Constant/xpath' is clicked on

2022-06-23 20:37:58 - [MESSAGE][PASSED] - Text 'rjaiven' is set on object 'Object Repository/1. Constant/xpath'

2022-06-23 20:37:59 - [MESSAGE][PASSED] - Delayed 1 second(s)

2022-06-23 20:38:01 - [MESSAGE][PASSED] - Text 'diadeis1' is set on object 'Object Repository/1. Constant/xpath'

2022-06-23 20:38:02 - [MESSAGE][PASSED] - Delayed 1 second(s)

2022-06-23 20:38:09 - [MESSAGE][PASSED] - Object: 'Object Repository/1. Constant/xpath' is clicked on

2022-06-23 20:38:09 - [TEST_STEP][PASSED] - takeScreenshot(): Taking screenshot successfully

2022-06-23 20:38:10 - [MESSAGE][PASSED] - Taking screenshot successfully
[[ATTACHMENT|D:\\Projet Test Auto\\Mediabox Test Automation\\Reports\\20220623_184212\\03. Parallel Testing (Testing)\\TS -PT PART 3\\07 Tag Sephora Dreyers _ Empty Group _Lifecycle condition\\20220623_184221\\1656009489787.png]]

2022-06-23 20:38:10 - [TEST_STEP][PASSED] - click(findTestObject("1. Constant/02_LHSMenu_Projects")): Object: 'Object Repository/1. Constant/02_LHSMenu_Projects' is clicked on

2022-06-23 20:38:14 - [MESSAGE][PASSED] - Object: 'Object Repository/1. Constant/02_LHSMenu_Projects' is clicked on

2022-06-23 20:38:14 - [TEST_STEP][PASSED] - I.SearchProjectNo(Project_No, findTestObject("1. Constant/xpath", ["xpath":"//*[@id="form_filters"]/div[4]/button"])): Delayed 5 second(s)

2022-06-23 20:38:17 - [MESSAGE][PASSED] - Text 'MI000885' is set on object 'Object Repository/1. Constant/xpath'

2022-06-23 20:38:20 - [MESSAGE][PASSED] - Delayed 3 second(s)

2022-06-23 20:38:23 - [MESSAGE][PASSED] - Object: 'Object Repository/1. Constant/xpath' is clicked on

2022-06-23 20:38:28 - [MESSAGE][PASSED] - Delayed 5 second(s)

2022-06-23 20:38:28 - [TEST_STEP][PASSED] - delay(1): Delayed 1 second(s)

2022-06-23 20:38:29 - [MESSAGE][PASSED] - Delayed 1 second(s)

2022-06-23 20:38:29 - [TEST_STEP][PASSED] - takeScreenshot(): Taking screenshot successfully

2022-06-23 20:38:32 - [MESSAGE][PASSED] - Taking screenshot successfully
[[ATTACHMENT|D:\\Projet Test Auto\\Mediabox Test Automation\\Reports\\20220623_184212\\03. Parallel Testing (Testing)\\TS -PT PART 3\\07 Tag Sephora Dreyers _ Empty Group _Lifecycle condition\\20220623_184221\\1656009511205.png]]

2022-06-23 20:38:32 - [TEST_STEP][PASSED] - click(findTestObject("1. Constant/xpath", ["xpath":"//*[@id="source_" + refID_LI + ""]/td[18]/a[2]"])): Object: 'Object Repository/1. Constant/xpath' is clicked on

2022-06-23 20:38:37 - [MESSAGE][PASSED] - Object: 'Object Repository/1. Constant/xpath' is clicked on

2022-06-23 20:38:37 - [TEST_STEP][PASSED] - takeScreenshot(): Taking screenshot successfully

2022-06-23 20:38:37 - [MESSAGE][PASSED] - Taking screenshot successfully
[[ATTACHMENT|D:\\Projet Test Auto\\Mediabox Test Automation\\Reports\\20220623_184212\\03. Parallel Testing (Testing)\\TS -PT PART 3\\07 Tag Sephora Dreyers _ Empty Group _Lifecycle condition\\20220623_184221\\1656009517501.png]]

2022-06-23 20:38:37 - [TEST_STEP][PASSED] - click(findTestObject("1. Constant/xpath", ["xpath":"//*[@id="ModifFiche"]/div[1]/div/button[2]"])): Object: 'Object Repository/1. Constant/xpath' is clicked on

2022-06-23 20:38:44 - [MESSAGE][PASSED] - Object: 'Object Repository/1. Constant/xpath' is clicked on

2022-06-23 20:38:44 - [TEST_STEP][PASSED] - takeScreenshot(): Taking screenshot successfully

2022-06-23 20:38:45 - [MESSAGE][PASSED] - Taking screenshot successfully
[[ATTACHMENT|D:\\Projet Test Auto\\Mediabox Test Automation\\Reports\\20220623_184212\\03. Parallel Testing (Testing)\\TS -PT PART 3\\07 Tag Sephora Dreyers _ Empty Group _Lifecycle condition\\20220623_184221\\1656009525276.png]]

2022-06-23 20:38:45 - [TEST_STEP][PASSED] - alfs4 = getText(findTestObject("1. Constant/xpath", ["xpath":"//*[@id="source_" + refID_LI + ""]/td[16]/span"])): Text of object 'Object Repository/1. Constant/xpath' is: 'Complete'

2022-06-23 20:38:47 - [MESSAGE][PASSED] - Text of object 'Object Repository/1. Constant/xpath' is: 'Complete'

2022-06-23 20:38:47 - [TEST_STEP][PASSED] - verifyMatch(alfs4, "Complete", false): Actual text 'Complete' and expected text 'Complete' are matched 

2022-06-23 20:38:47 - [MESSAGE][PASSED] - Actual text 'Complete' and expected text 'Complete' are matched 

2022-06-23 20:38:47 - [TEST_STEP][PASSED] - Start listener action : sampleAfterTestCase: null]]></system-out>
         <system-err><![CDATA[]]></system-err>
      </testcase>
      <testcase name="Test Cases/13. Dreyers Lifecycle condition/13.2 Dreyers Lifecycle conditions _ Partial Submission Backup User field P1 (16.03)" time="305.933" classname="Test Cases/13. Dreyers Lifecycle condition/13.2 Dreyers Lifecycle conditions _ Partial Submission Backup User field P1 (16.03)" status="PASSED">
         <system-out><![CDATA[2022-06-23 20:38:47 - [TEST_CASE][PASSED] - Test Cases/13. Dreyers Lifecycle condition/13.2 Dreyers Lifecycle conditions _ Partial Submission Backup User field P1 (16.03): Test Cases/13. Dreyers Lifecycle condition/13.2 Dreyers Lifecycle conditions _ Partial Submission Backup User field P1 (16.03)

2022-06-23 20:38:47 - [TEST_STEP][PASSED] - data_Dreyers = findTestData("Data Files/Username_Password/Dreyer"): null

2022-06-23 20:38:47 - [TEST_STEP][PASSED] - password_suser = data_Dreyers.getValue(2, 1): null

2022-06-23 20:38:47 - [TEST_STEP][PASSED] - password_blemco = data_Dreyers.getValue(2, 2): null

2022-06-23 20:38:47 - [TEST_STEP][PASSED] - password_amassoth = data_Dreyers.getValue(2, 3): null

2022-06-23 20:38:47 - [TEST_STEP][PASSED] - password_bharandi = data_Dreyers.getValue(2, 4): null

2022-06-23 20:38:47 - [TEST_STEP][PASSED] - password_mbaughman = data_Dreyers.getValue(2, 5): null

2022-06-23 20:38:47 - [TEST_STEP][PASSED] - password_nturner = data_Dreyers.getValue(2, 6): null

2022-06-23 20:38:47 - [TEST_STEP][PASSED] - password_talexeeva = data_Dreyers.getValue(2, 7): null

2022-06-23 20:38:47 - [TEST_STEP][PASSED] - data_urlRELAUTO = findTestData("Data Files/URL/URL_relauto"): null

2022-06-23 20:38:47 - [TEST_STEP][PASSED] - Url_Dreyer = data_urlRELAUTO.getValue(2, 4): null

2022-06-23 20:38:47 - [TEST_STEP][PASSED] - I.clearnotepad("D:\Upoad_File\Projet_ Login\Dreyers\13.2\13.2_Dreyers_ProjectNo.txt"): null

2022-06-23 20:38:47 - [TEST_STEP][PASSED] - I.clearnotepad("D:\Upoad_File\Projet_ Login\Dreyers\13.2\13.2_Dreyers_refID_Deliverable(D).txt"): null

2022-06-23 20:38:47 - [TEST_STEP][PASSED] - I.clearnotepad("D:\Upoad_File\Projet_ Login\Dreyers\13.2\13.2_Dreyers_refID_Design(M).txt"): null

2022-06-23 20:38:47 - [TEST_STEP][PASSED] - I.clearnotepad("D:\Upoad_File\Projet_ Login\Dreyers\13.2\13.2_Dreyers_refID_APL(GD).txt"): null

2022-06-23 20:38:47 - [TEST_STEP][PASSED] - I.clearnotepad("D:\Upoad_File\Projet_ Login\Dreyers\13.2\13.2_Dreyers_refID_LI(GD).txt"): null

2022-06-23 20:38:47 - [TEST_STEP][PASSED] - openBrowser(Url_Dreyer): Browser is opened with url: 'http://mdb-release.diadeis.lan/MediaboxIndependence/?MBI_datasource=RELTESTAUTO_DREYERS'

2022-06-23 20:38:47 - [MESSAGE][WARNING] - A browser is already opened. Closing browser and opening a new one

2022-06-23 20:38:54 - [MESSAGE][INFO] - Starting 'Chrome (headless)' driver

2022-06-23 20:38:54 - [MESSAGE][INFO] - User set preference: ['args', '[--window-size=1920,1080, --headless]']

2022-06-23 20:38:54 - [MESSAGE][INFO] - Action delay is set to 0 milliseconds

2022-06-23 20:39:16 - [MESSAGE][PASSED] - Browser is opened with url: 'http://mdb-release.diadeis.lan/MediaboxIndependence/?MBI_datasource=RELTESTAUTO_DREYERS'

2022-06-23 20:39:16 - [TEST_STEP][PASSED] - maximizeWindow(): Current window maximized

2022-06-23 20:39:17 - [MESSAGE][PASSED] - Current window maximized

2022-06-23 20:39:17 - [TEST_STEP][PASSED] - waitForPageLoad(30): Wait for page load successfully

2022-06-23 20:39:17 - [MESSAGE][PASSED] - Wait for page load successfully

2022-06-23 20:39:17 - [TEST_STEP][PASSED] - takeScreenshot(): Taking screenshot successfully

2022-06-23 20:39:19 - [MESSAGE][PASSED] - Taking screenshot successfully
[[ATTACHMENT|D:\\Projet Test Auto\\Mediabox Test Automation\\Reports\\20220623_184212\\03. Parallel Testing (Testing)\\TS -PT PART 3\\07 Tag Sephora Dreyers _ Empty Group _Lifecycle condition\\20220623_184221\\1656009558288.png]]

2022-06-23 20:39:19 - [TEST_STEP][PASSED] - I.Login_password("blemco", password_blemco): Object: 'Object Repository/1. Constant/xpath' is clicked on

2022-06-23 20:39:21 - [MESSAGE][PASSED] - Text 'blemco' is set on object 'Object Repository/1. Constant/xpath'

2022-06-23 20:39:22 - [MESSAGE][PASSED] - Delayed 1 second(s)

2022-06-23 20:39:24 - [MESSAGE][PASSED] - Text 'diadeis1' is set on object 'Object Repository/1. Constant/xpath'

2022-06-23 20:39:25 - [MESSAGE][PASSED] - Delayed 1 second(s)

2022-06-23 20:39:44 - [MESSAGE][PASSED] - Object: 'Object Repository/1. Constant/xpath' is clicked on

2022-06-23 20:39:44 - [TEST_STEP][PASSED] - click(findTestObject("1. Constant/02_LHSMenu_Projects")): Object: 'Object Repository/1. Constant/02_LHSMenu_Projects' is clicked on

2022-06-23 20:39:51 - [MESSAGE][PASSED] - Object: 'Object Repository/1. Constant/02_LHSMenu_Projects' is clicked on

2022-06-23 20:39:51 - [TEST_STEP][PASSED] - click(findTestObject("1. Constant/xpath", ["xpath":"//*[@id="kt_content"]/div[3]/div/div/div[1]/div[2]/a[1]"])): Object: 'Object Repository/1. Constant/xpath' is clicked on

2022-06-23 20:39:57 - [MESSAGE][PASSED] - Object: 'Object Repository/1. Constant/xpath' is clicked on

2022-06-23 20:39:57 - [TEST_STEP][PASSED] - takeScreenshot(): Taking screenshot successfully

2022-06-23 20:39:58 - [MESSAGE][PASSED] - Taking screenshot successfully
[[ATTACHMENT|D:\\Projet Test Auto\\Mediabox Test Automation\\Reports\\20220623_184212\\03. Parallel Testing (Testing)\\TS -PT PART 3\\07 Tag Sephora Dreyers _ Empty Group _Lifecycle condition\\20220623_184221\\1656009598158.png]]

2022-06-23 20:39:58 - [TEST_STEP][PASSED] - I.click_button_javascript(findTestObject("1. Constant/xpath", ["xpath":"//*[@id="field_var_24"]/div/div/label[2]"])): Execute JavaScript 'arguments[0].click()' successfully

2022-06-23 20:39:59 - [MESSAGE][PASSED] - Execute JavaScript 'arguments[0].click()' successfully

2022-06-23 20:39:59 - [TEST_STEP][PASSED] - selectOptionByValue(findTestObject("1. Constant/xpath", ["xpath":"//*[@id="var_89"]"]), "123", false): All options with value '123' are selected in object 'Object Repository/1. Constant/xpath' 

2022-06-23 20:40:01 - [MESSAGE][PASSED] - All options with value '123' are selected in object 'Object Repository/1. Constant/xpath' 

2022-06-23 20:40:01 - [TEST_STEP][PASSED] - selectOptionByValue(findTestObject("1. Constant/xpath", ["xpath":"//*[@id="selSource_25"]"]), "modonnell", false): All options with value 'modonnell' are selected in object 'Object Repository/1. Constant/xpath' 

2022-06-23 20:40:04 - [MESSAGE][PASSED] - All options with value 'modonnell' are selected in object 'Object Repository/1. Constant/xpath' 

2022-06-23 20:40:04 - [TEST_STEP][PASSED] - I.select_multiplelist("//*[@id="selSource_25"]", "//*[@id="btnAdd_25"]", "blemco"): Delayed 1 second(s)

2022-06-23 20:40:05 - [MESSAGE][PASSED] - Delayed 1 second(s)

2022-06-23 20:40:09 - [MESSAGE][PASSED] - All options with value 'blemco' are selected in object 'Object Repository/1. Constant/xpath' 

2022-06-23 20:40:11 - [MESSAGE][PASSED] - Delayed 2 second(s)

2022-06-23 20:40:12 - [MESSAGE][PASSED] - Object: 'Object Repository/1. Constant/xpath' is clicked on

2022-06-23 20:40:13 - [MESSAGE][PASSED] - Delayed 1 second(s)

2022-06-23 20:40:13 - [TEST_STEP][PASSED] - selectOptionByValue(findTestObject("1. Constant/xpath", ["xpath":"//*[@id="var_9"]"]), "18", false): All options with value '18' are selected in object 'Object Repository/1. Constant/xpath' 

2022-06-23 20:40:15 - [MESSAGE][PASSED] - All options with value '18' are selected in object 'Object Repository/1. Constant/xpath' 

2022-06-23 20:40:15 - [TEST_STEP][PASSED] - selectOptionByValue(findTestObject("1. Constant/xpath", ["xpath":"//*[@id="var_52"]"]), "108", false): All options with value '108' are selected in object 'Object Repository/1. Constant/xpath' 

2022-06-23 20:40:19 - [MESSAGE][PASSED] - All options with value '108' are selected in object 'Object Repository/1. Constant/xpath' 

2022-06-23 20:40:19 - [TEST_STEP][PASSED] - project_name = "Auto_LifecycleCondition_Backup_" + RandomStringUtils.randomAlphanumeric(3) + "_" + I.gettimedate(): null

2022-06-23 20:40:19 - [TEST_STEP][PASSED] - setText(findTestObject("1. Constant/xpath", ["xpath":"//*[@id="var_91"]"]), project_name): Text 'Auto_LifecycleCondition_Backup_o2g_juin232022_204019' is set on object 'Object Repository/1. Constant/xpath'

2022-06-23 20:40:23 - [MESSAGE][PASSED] - Text 'Auto_LifecycleCondition_Backup_o2g_juin232022_204019' is set on object 'Object Repository/1. Constant/xpath'

2022-06-23 20:40:23 - [TEST_STEP][PASSED] - selectOptionByValue(findTestObject("1. Constant/xpath", ["xpath":"//*[@id="var_30"]"]), "97", false): All options with value '97' are selected in object 'Object Repository/1. Constant/xpath' 

2022-06-23 20:40:27 - [MESSAGE][PASSED] - All options with value '97' are selected in object 'Object Repository/1. Constant/xpath' 

2022-06-23 20:40:27 - [TEST_STEP][PASSED] - selectOptionByValue(findTestObject("1. Constant/xpath", ["xpath":"//*[@id="var_11"]"]), "334", false): All options with value '334' are selected in object 'Object Repository/1. Constant/xpath' 

2022-06-23 20:40:30 - [MESSAGE][PASSED] - All options with value '334' are selected in object 'Object Repository/1. Constant/xpath' 

2022-06-23 20:40:30 - [TEST_STEP][PASSED] - setText(findTestObject("1. Constant/xpath", ["xpath":"//*[@id="var_22"]"]), "01/01/2030"): Text '01/01/2030' is set on object 'Object Repository/1. Constant/xpath'

2022-06-23 20:40:33 - [MESSAGE][PASSED] - Text '01/01/2030' is set on object 'Object Repository/1. Constant/xpath'

2022-06-23 20:40:33 - [TEST_STEP][PASSED] - setText(findTestObject("1. Constant/xpath", ["xpath":"//*[@id="var_23"]"]), "01/01/2030"): Text '01/01/2030' is set on object 'Object Repository/1. Constant/xpath'

2022-06-23 20:40:37 - [MESSAGE][PASSED] - Text '01/01/2030' is set on object 'Object Repository/1. Constant/xpath'

2022-06-23 20:40:37 - [TEST_STEP][PASSED] - setText(findTestObject("1. Constant/xpath", ["xpath":"//*[@id="var_14"]"]), "01/01/2030"): Text '01/01/2030' is set on object 'Object Repository/1. Constant/xpath'

2022-06-23 20:40:42 - [MESSAGE][PASSED] - Text '01/01/2030' is set on object 'Object Repository/1. Constant/xpath'

2022-06-23 20:40:42 - [TEST_STEP][PASSED] - selectOptionByValue(findTestObject("1. Constant/xpath", ["xpath":"//*[@id="selSource_13"]"]), "mbaughman", false): All options with value 'mbaughman' are selected in object 'Object Repository/1. Constant/xpath' 

2022-06-23 20:40:44 - [MESSAGE][PASSED] - All options with value 'mbaughman' are selected in object 'Object Repository/1. Constant/xpath' 

2022-06-23 20:40:44 - [TEST_STEP][PASSED] - I.select_multiplelist("//*[@id="selSource_13"]", "//*[@id="btnAdd_13"]", "rjaiven"): Delayed 1 second(s)

2022-06-23 20:40:45 - [MESSAGE][PASSED] - Delayed 1 second(s)

2022-06-23 20:40:48 - [MESSAGE][PASSED] - All options with value 'rjaiven' are selected in object 'Object Repository/1. Constant/xpath' 

2022-06-23 20:40:50 - [MESSAGE][PASSED] - Delayed 2 second(s)

2022-06-23 20:40:51 - [MESSAGE][PASSED] - Object: 'Object Repository/1. Constant/xpath' is clicked on

2022-06-23 20:40:52 - [MESSAGE][PASSED] - Delayed 1 second(s)

2022-06-23 20:40:52 - [TEST_STEP][PASSED] - selectOptionByValue(findTestObject("1. Constant/xpath", ["xpath":"//*[@id="selSource_27"]"]), "amassoth", false): All options with value 'amassoth' are selected in object 'Object Repository/1. Constant/xpath' 

2022-06-23 20:40:58 - [MESSAGE][PASSED] - All options with value 'amassoth' are selected in object 'Object Repository/1. Constant/xpath' 

2022-06-23 20:40:58 - [TEST_STEP][PASSED] - I.select_multiplelist("//*[@id="selSource_27"]", "//*[@id="btnAdd_27"]", "nturner"): Delayed 1 second(s)

2022-06-23 20:40:59 - [MESSAGE][PASSED] - Delayed 1 second(s)

2022-06-23 20:41:02 - [MESSAGE][PASSED] - All options with value 'nturner' are selected in object 'Object Repository/1. Constant/xpath' 

2022-06-23 20:41:04 - [MESSAGE][PASSED] - Delayed 2 second(s)

2022-06-23 20:41:06 - [MESSAGE][PASSED] - Object: 'Object Repository/1. Constant/xpath' is clicked on

2022-06-23 20:41:07 - [MESSAGE][PASSED] - Delayed 1 second(s)

2022-06-23 20:41:07 - [TEST_STEP][PASSED] - I.select_multiplelist("//*[@id="selSource_167"]", "//*[@id="btnAdd_167"]", "lmary"): Delayed 1 second(s)

2022-06-23 20:41:08 - [MESSAGE][PASSED] - Delayed 1 second(s)

2022-06-23 20:41:12 - [MESSAGE][PASSED] - All options with value 'lmary' are selected in object 'Object Repository/1. Constant/xpath' 

2022-06-23 20:41:14 - [MESSAGE][PASSED] - Delayed 2 second(s)

2022-06-23 20:41:15 - [MESSAGE][PASSED] - Object: 'Object Repository/1. Constant/xpath' is clicked on

2022-06-23 20:41:16 - [MESSAGE][PASSED] - Delayed 1 second(s)

2022-06-23 20:41:16 - [TEST_STEP][PASSED] - selectOptionByValue(findTestObject("1. Constant/xpath", ["xpath":"//*[@id="selSource_166"]"]), "bbenjamin", false): All options with value 'bbenjamin' are selected in object 'Object Repository/1. Constant/xpath' 

2022-06-23 20:41:20 - [MESSAGE][PASSED] - All options with value 'bbenjamin' are selected in object 'Object Repository/1. Constant/xpath' 

2022-06-23 20:41:20 - [TEST_STEP][PASSED] - I.select_multiplelist("//*[@id="selSource_166"]", "//*[@id="btnAdd_166"]", "lschwabe"): Delayed 1 second(s)

2022-06-23 20:41:21 - [MESSAGE][PASSED] - Delayed 1 second(s)

2022-06-23 20:41:25 - [MESSAGE][PASSED] - All options with value 'lschwabe' are selected in object 'Object Repository/1. Constant/xpath' 

2022-06-23 20:41:27 - [MESSAGE][PASSED] - Delayed 2 second(s)

2022-06-23 20:41:30 - [MESSAGE][PASSED] - Object: 'Object Repository/1. Constant/xpath' is clicked on

2022-06-23 20:41:31 - [MESSAGE][PASSED] - Delayed 1 second(s)

2022-06-23 20:41:31 - [TEST_STEP][PASSED] - I.select_multiplelist("//*[@id="selSource_26"]", "//*[@id="btnAdd_26"]", "talexeeva"): Delayed 1 second(s)

2022-06-23 20:41:32 - [MESSAGE][PASSED] - Delayed 1 second(s)

2022-06-23 20:41:36 - [MESSAGE][PASSED] - All options with value 'talexeeva' are selected in object 'Object Repository/1. Constant/xpath' 

2022-06-23 20:41:38 - [MESSAGE][PASSED] - Delayed 2 second(s)

2022-06-23 20:41:42 - [MESSAGE][PASSED] - Object: 'Object Repository/1. Constant/xpath' is clicked on

2022-06-23 20:41:43 - [MESSAGE][PASSED] - Delayed 1 second(s)

2022-06-23 20:41:43 - [TEST_STEP][PASSED] - selectOptionByValue(findTestObject("1. Constant/xpath", ["xpath":"//*[@id="selSource_29"]"]), "bharandi", false): All options with value 'bharandi' are selected in object 'Object Repository/1. Constant/xpath' 

2022-06-23 20:41:47 - [MESSAGE][PASSED] - All options with value 'bharandi' are selected in object 'Object Repository/1. Constant/xpath' 

2022-06-23 20:41:47 - [TEST_STEP][PASSED] - selectOptionByValue(findTestObject("1. Constant/xpath", ["xpath":"//*[@id="selSource_29"]"]), "bmilhomme", false): All options with value 'bmilhomme' are selected in object 'Object Repository/1. Constant/xpath' 

2022-06-23 20:41:51 - [MESSAGE][PASSED] - All options with value 'bmilhomme' are selected in object 'Object Repository/1. Constant/xpath' 

2022-06-23 20:41:51 - [TEST_STEP][PASSED] - I.select_multiplelist("//*[@id="selSource_29"]", "//*[@id="btnAdd_29"]", "rmorrone_2"): Delayed 1 second(s)

2022-06-23 20:41:52 - [MESSAGE][PASSED] - Delayed 1 second(s)

2022-06-23 20:41:54 - [MESSAGE][PASSED] - All options with value 'rmorrone_2' are selected in object 'Object Repository/1. Constant/xpath' 

2022-06-23 20:41:56 - [MESSAGE][PASSED] - Delayed 2 second(s)

2022-06-23 20:41:57 - [MESSAGE][PASSED] - Object: 'Object Repository/1. Constant/xpath' is clicked on

2022-06-23 20:41:58 - [MESSAGE][PASSED] - Delayed 1 second(s)

2022-06-23 20:41:58 - [TEST_STEP][PASSED] - I.Pagedown(): Execute JavaScript 'window.scrollTo(0, document.body.scrollHeight)' successfully

2022-06-23 20:41:59 - [MESSAGE][PASSED] - Execute JavaScript 'window.scrollTo(0, document.body.scrollHeight)' successfully

2022-06-23 20:41:59 - [TEST_STEP][PASSED] - click(findTestObject("1. Constant/xpath", ["xpath":"//*[@id="ModifFiche"]/div[3]/div/button"])): Object: 'Object Repository/1. Constant/xpath' is clicked on

2022-06-23 20:42:04 - [MESSAGE][PASSED] - Object: 'Object Repository/1. Constant/xpath' is clicked on

2022-06-23 20:42:04 - [TEST_STEP][PASSED] - delay(10): Delayed 10 second(s)

2022-06-23 20:42:14 - [MESSAGE][PASSED] - Delayed 10 second(s)

2022-06-23 20:42:14 - [TEST_STEP][PASSED] - Project_No = I.ProjectNo(): Current window's url is: 'http://mdb-release.diadeis.lan/MediaboxIndependence/Base/ExecAction?IDSession=MBI%21RELTESTAUTO_DREYERS%21G8KAYANR2KLKQOVAKGI821BZ9NMGLRK0MRIVZ0Q7&default_action=AfficheFichesProjet&id_project=MI000886'

2022-06-23 20:42:19 - [MESSAGE][PASSED] - Delayed 5 second(s)

2022-06-23 20:42:19 - [MESSAGE][PASSED] - Current window's url is: 'http://mdb-release.diadeis.lan/MediaboxIndependence/Base/ExecAction?IDSession=MBI%21RELTESTAUTO_DREYERS%21G8KAYANR2KLKQOVAKGI821BZ9NMGLRK0MRIVZ0Q7&default_action=AfficheFichesProjet&id_project=MI000886'

2022-06-23 20:42:19 - [TEST_STEP][PASSED] - takeScreenshot(): Taking screenshot successfully

2022-06-23 20:42:20 - [MESSAGE][PASSED] - Taking screenshot successfully
[[ATTACHMENT|D:\\Projet Test Auto\\Mediabox Test Automation\\Reports\\20220623_184212\\03. Parallel Testing (Testing)\\TS -PT PART 3\\07 Tag Sephora Dreyers _ Empty Group _Lifecycle condition\\20220623_184221\\1656009739875.png]]

2022-06-23 20:42:20 - [TEST_STEP][PASSED] - click(findTestObject("1. Constant/xpath", ["xpath":"//*[@id="create_ref_btn"]/button"])): Object: 'Object Repository/1. Constant/xpath' is clicked on

2022-06-23 20:42:20 - [MESSAGE][PASSED] - Object: 'Object Repository/1. Constant/xpath' is clicked on

2022-06-23 20:42:20 - [TEST_STEP][PASSED] - delay(1): Delayed 1 second(s)

2022-06-23 20:42:21 - [MESSAGE][PASSED] - Delayed 1 second(s)

2022-06-23 20:42:21 - [TEST_STEP][PASSED] - click(findTestObject("1. Constant/xpath", ["xpath":"//*[@id="create_ref_btn"]/div/a"])): Object: 'Object Repository/1. Constant/xpath' is clicked on

2022-06-23 20:42:25 - [MESSAGE][PASSED] - Object: 'Object Repository/1. Constant/xpath' is clicked on

2022-06-23 20:42:25 - [TEST_STEP][PASSED] - ref_name = RandomStringUtils.randomAlphanumeric(5) + "_Auto_" + I.gettimedate(): null

2022-06-23 20:42:25 - [TEST_STEP][PASSED] - setText(findTestObject("1. Constant/xpath", ["xpath":"//*[@id="var_name"]"]), ref_name): Text 'oV953_Auto_juin232022_204225' is set on object 'Object Repository/1. Constant/xpath'

2022-06-23 20:42:27 - [MESSAGE][PASSED] - Text 'oV953_Auto_juin232022_204225' is set on object 'Object Repository/1. Constant/xpath'

2022-06-23 20:42:27 - [TEST_STEP][PASSED] - click(findTestObject("1. Constant/xpath", ["xpath":"//*[@id="ModifFiche"]/div[2]/div[2]/div/button"])): Object: 'Object Repository/1. Constant/xpath' is clicked on

2022-06-23 20:42:32 - [MESSAGE][PASSED] - Object: 'Object Repository/1. Constant/xpath' is clicked on

2022-06-23 20:42:32 - [TEST_STEP][PASSED] - takeScreenshot(): Taking screenshot successfully

2022-06-23 20:42:33 - [MESSAGE][PASSED] - Taking screenshot successfully
[[ATTACHMENT|D:\\Projet Test Auto\\Mediabox Test Automation\\Reports\\20220623_184212\\03. Parallel Testing (Testing)\\TS -PT PART 3\\07 Tag Sephora Dreyers _ Empty Group _Lifecycle condition\\20220623_184221\\1656009752585.png]]

2022-06-23 20:42:33 - [TEST_STEP][PASSED] - delay(1): Delayed 1 second(s)

2022-06-23 20:42:34 - [MESSAGE][PASSED] - Delayed 1 second(s)

2022-06-23 20:42:34 - [TEST_STEP][PASSED] - click(findTestObject("1. Constant/xpath", ["xpath":"/html/body/div[1]/div[2]/div[4]/div[3]/div/div[2]/div[2]/div[1]/table/tbody/tr/td[6]/a"])): Object: 'Object Repository/1. Constant/xpath' is clicked on

2022-06-23 20:42:38 - [MESSAGE][PASSED] - Object: 'Object Repository/1. Constant/xpath' is clicked on

2022-06-23 20:42:38 - [TEST_STEP][PASSED] - refID = I.RefID(): Current window's url is: 'http://mdb-release.diadeis.lan/MediaboxIndependence/Base/ExecAction?action=VoirRef&IDSession=MBI!RELTESTAUTO_DREYERS!G8KAYANR2KLKQOVAKGI821BZ9NMGLRK0MRIVZ0Q7&num=QK0L2OWYCD&id_ref=5304'

2022-06-23 20:42:43 - [MESSAGE][PASSED] - Delayed 5 second(s)

2022-06-23 20:42:43 - [MESSAGE][PASSED] - Current window's url is: 'http://mdb-release.diadeis.lan/MediaboxIndependence/Base/ExecAction?action=VoirRef&IDSession=MBI!RELTESTAUTO_DREYERS!G8KAYANR2KLKQOVAKGI821BZ9NMGLRK0MRIVZ0Q7&num=QK0L2OWYCD&id_ref=5304'

2022-06-23 20:42:43 - [TEST_STEP][PASSED] - refID_daughter1 = Integer.parseInt(refID) + 1: null

2022-06-23 20:42:43 - [TEST_STEP][PASSED] - refID_LI = Integer.parseInt(refID) + 2: null

2022-06-23 20:42:43 - [TEST_STEP][PASSED] - refID_APL = Integer.parseInt(refID) + 3: null

2022-06-23 20:42:43 - [TEST_STEP][PASSED] - I.print(refID): null

2022-06-23 20:42:43 - [TEST_STEP][PASSED] - I.print(refID_daughter1): null

2022-06-23 20:42:43 - [TEST_STEP][PASSED] - click(findTestObject("1. Constant/xpath", ["xpath":"//*[@id="kt_subheader"]/div/nav/ol/li[2]/a"])): Object: 'Object Repository/1. Constant/xpath' is clicked on

2022-06-23 20:42:46 - [MESSAGE][PASSED] - Object: 'Object Repository/1. Constant/xpath' is clicked on

2022-06-23 20:42:46 - [TEST_STEP][PASSED] - lifecyclestatus1 = getText(findTestObject("1. Constant/xpath", ["xpath":"//*[@id="source_" + refID + ""]/td[12]/span"])): Text of object 'Object Repository/1. Constant/xpath' is: 'Complete'

2022-06-23 20:42:48 - [MESSAGE][PASSED] - Text of object 'Object Repository/1. Constant/xpath' is: 'Complete'

2022-06-23 20:42:48 - [TEST_STEP][PASSED] - verifyMatch(lifecyclestatus1, "Complete", false): Actual text 'Complete' and expected text 'Complete' are matched 

2022-06-23 20:42:48 - [MESSAGE][PASSED] - Actual text 'Complete' and expected text 'Complete' are matched 

2022-06-23 20:42:48 - [TEST_STEP][PASSED] - click(findTestObject("TAG/id_refid_td13_a", ["refID":"source_" + refID])): Object: 'Object Repository/TAG/id_refid_td13_a' is clicked on

2022-06-23 20:42:54 - [MESSAGE][PASSED] - Object: 'Object Repository/TAG/id_refid_td13_a' is clicked on

2022-06-23 20:42:54 - [TEST_STEP][PASSED] - click(findTestObject("1. Constant/xpath", ["xpath":"//*[@id="type_save"]"])): Object: 'Object Repository/1. Constant/xpath' is clicked on

2022-06-23 20:42:58 - [MESSAGE][PASSED] - Object: 'Object Repository/1. Constant/xpath' is clicked on

2022-06-23 20:42:58 - [TEST_STEP][PASSED] - delay(3): Delayed 3 second(s)

2022-06-23 20:43:01 - [MESSAGE][PASSED] - Delayed 3 second(s)

2022-06-23 20:43:01 - [TEST_STEP][PASSED] - click(findTestObject("1. Constant/xpath", ["xpath":"//*[@id="source_" + refID_daughter1 + ""]/td[15]/a[2]"])): Object: 'Object Repository/1. Constant/xpath' is clicked on

2022-06-23 20:43:04 - [MESSAGE][PASSED] - Object: 'Object Repository/1. Constant/xpath' is clicked on

2022-06-23 20:43:04 - [TEST_STEP][PASSED] - takeScreenshot(): Taking screenshot successfully

2022-06-23 20:43:05 - [MESSAGE][PASSED] - Taking screenshot successfully
[[ATTACHMENT|D:\\Projet Test Auto\\Mediabox Test Automation\\Reports\\20220623_184212\\03. Parallel Testing (Testing)\\TS -PT PART 3\\07 Tag Sephora Dreyers _ Empty Group _Lifecycle condition\\20220623_184221\\1656009784784.png]]

2022-06-23 20:43:05 - [TEST_STEP][PASSED] - delay(1): Delayed 1 second(s)

2022-06-23 20:43:06 - [MESSAGE][PASSED] - Delayed 1 second(s)

2022-06-23 20:43:06 - [TEST_STEP][PASSED] - setText(findTestObject("1. Constant/xpath", ["xpath":"//*[@id="var_137"]"]), "Auto_Daughter_1"): Text 'Auto_Daughter_1' is set on object 'Object Repository/1. Constant/xpath'

2022-06-23 20:43:07 - [MESSAGE][PASSED] - Text 'Auto_Daughter_1' is set on object 'Object Repository/1. Constant/xpath'

2022-06-23 20:43:07 - [TEST_STEP][PASSED] - click(findTestObject("1. Constant/xpath", ["xpath":"//*[@id="field_var_90"]/div/div/label[1]"])): Object: 'Object Repository/1. Constant/xpath' is clicked on

2022-06-23 20:43:08 - [MESSAGE][PASSED] - Object: 'Object Repository/1. Constant/xpath' is clicked on

2022-06-23 20:43:08 - [TEST_STEP][PASSED] - click(findTestObject("1. Constant/xpath", ["xpath":"//*[@id="field_var_155"]/div/div/label[1]"])): Object: 'Object Repository/1. Constant/xpath' is clicked on

2022-06-23 20:43:09 - [MESSAGE][PASSED] - Object: 'Object Repository/1. Constant/xpath' is clicked on

2022-06-23 20:43:09 - [TEST_STEP][PASSED] - selectOptionByValue(findTestObject("1. Constant/xpath", ["xpath":"//*[@id="var_15"]"]), "77", false): All options with value '77' are selected in object 'Object Repository/1. Constant/xpath' 

2022-06-23 20:43:10 - [MESSAGE][PASSED] - All options with value '77' are selected in object 'Object Repository/1. Constant/xpath' 

2022-06-23 20:43:10 - [TEST_STEP][PASSED] - selectOptionByValue(findTestObject("1. Constant/xpath", ["xpath":"//*[@id="var_17"]"]), "153", false): All options with value '153' are selected in object 'Object Repository/1. Constant/xpath' 

2022-06-23 20:43:11 - [MESSAGE][PASSED] - All options with value '153' are selected in object 'Object Repository/1. Constant/xpath' 

2022-06-23 20:43:11 - [TEST_STEP][PASSED] - selectOptionByValue(findTestObject("1. Constant/xpath", ["xpath":"//*[@id="var_106"]"]), "145", false): All options with value '145' are selected in object 'Object Repository/1. Constant/xpath' 

2022-06-23 20:43:12 - [MESSAGE][PASSED] - All options with value '145' are selected in object 'Object Repository/1. Constant/xpath' 

2022-06-23 20:43:12 - [TEST_STEP][PASSED] - I.click_button_javascript(findTestObject("1. Constant/xpath", ["xpath":"//*[@id="ModifFiche"]/div[1]/div/button[2]"])): Execute JavaScript 'arguments[0].click()' successfully

2022-06-23 20:43:20 - [MESSAGE][PASSED] - Execute JavaScript 'arguments[0].click()' successfully

2022-06-23 20:43:20 - [TEST_STEP][PASSED] - takeScreenshot(): Taking screenshot successfully

2022-06-23 20:43:20 - [MESSAGE][PASSED] - Taking screenshot successfully
[[ATTACHMENT|D:\\Projet Test Auto\\Mediabox Test Automation\\Reports\\20220623_184212\\03. Parallel Testing (Testing)\\TS -PT PART 3\\07 Tag Sephora Dreyers _ Empty Group _Lifecycle condition\\20220623_184221\\1656009800340.png]]

2022-06-23 20:43:20 - [TEST_STEP][PASSED] - lifecyclestatus2 = getText(findTestObject("1. Constant/xpath", ["xpath":"//*[@id="source_" + refID_daughter1 + ""]/td[16]/span[1]"])): Text of object 'Object Repository/1. Constant/xpath' is: 'Waiting for APL and LI'

2022-06-23 20:43:21 - [MESSAGE][PASSED] - Text of object 'Object Repository/1. Constant/xpath' is: 'Waiting for APL and LI'

2022-06-23 20:43:21 - [TEST_STEP][PASSED] - verifyMatch(lifecyclestatus2, "Waiting for APL and LI", false): Actual text 'Waiting for APL and LI' and expected text 'Waiting for APL and LI' are matched 

2022-06-23 20:43:21 - [MESSAGE][PASSED] - Actual text 'Waiting for APL and LI' and expected text 'Waiting for APL and LI' are matched 

2022-06-23 20:43:21 - [TEST_STEP][PASSED] - delay(1): Delayed 1 second(s)

2022-06-23 20:43:22 - [MESSAGE][PASSED] - Delayed 1 second(s)

2022-06-23 20:43:22 - [TEST_STEP][PASSED] - click(findTestObject("1. Constant/xpath", ["xpath":"//*[@id="ancre_" + refID_APL + ""]/a"])): Object: 'Object Repository/1. Constant/xpath' is clicked on

2022-06-23 20:43:27 - [MESSAGE][PASSED] - Object: 'Object Repository/1. Constant/xpath' is clicked on

2022-06-23 20:43:27 - [TEST_STEP][PASSED] - toastr1 = getText(findTestObject("1. Constant/xpath", ["xpath":"//*[@id="toast-container"]/div/div[2]"])): Text of object 'Object Repository/1. Constant/xpath' is: 'The condition 'Label Information Complete' is not matched'

2022-06-23 20:43:27 - [MESSAGE][PASSED] - Text of object 'Object Repository/1. Constant/xpath' is: 'The condition 'Label Information Complete' is not matched'

2022-06-23 20:43:27 - [TEST_STEP][PASSED] - verifyMatch(toastr1, "The condition 'Label Information Complete' is not matched", false): Actual text 'The condition 'Label Information Complete' is not matched' and expected text 'The condition 'Label Information Complete' is not matched' are matched 

2022-06-23 20:43:27 - [MESSAGE][PASSED] - Actual text 'The condition 'Label Information Complete' is not matched' and expected text 'The condition 'Label Information Complete' is not matched' are matched 

2022-06-23 20:43:27 - [TEST_STEP][PASSED] - I.print(toastr1): null

2022-06-23 20:43:27 - [TEST_STEP][PASSED] - takeScreenshot(): Taking screenshot successfully

2022-06-23 20:43:28 - [MESSAGE][PASSED] - Taking screenshot successfully
[[ATTACHMENT|D:\\Projet Test Auto\\Mediabox Test Automation\\Reports\\20220623_184212\\03. Parallel Testing (Testing)\\TS -PT PART 3\\07 Tag Sephora Dreyers _ Empty Group _Lifecycle condition\\20220623_184221\\1656009808073.png]]

2022-06-23 20:43:28 - [TEST_STEP][PASSED] - lifecyclestatus3 = getText(findTestObject("1. Constant/xpath", ["xpath":"//*[@id="source_" + refID_daughter1 + ""]/td[16]/span[1]"])): Text of object 'Object Repository/1. Constant/xpath' is: 'Waiting for APL and LI'

2022-06-23 20:43:29 - [MESSAGE][PASSED] - Text of object 'Object Repository/1. Constant/xpath' is: 'Waiting for APL and LI'

2022-06-23 20:43:29 - [TEST_STEP][PASSED] - verifyMatch(lifecyclestatus3, "Waiting for APL and LI", false): Actual text 'Waiting for APL and LI' and expected text 'Waiting for APL and LI' are matched 

2022-06-23 20:43:29 - [MESSAGE][PASSED] - Actual text 'Waiting for APL and LI' and expected text 'Waiting for APL and LI' are matched 

2022-06-23 20:43:29 - [TEST_STEP][PASSED] - click(findTestObject("1. Constant/xpath", ["xpath":"//*[@id="source_" + refID_LI + ""]/td[17]/a[2]"])): Object: 'Object Repository/1. Constant/xpath' is clicked on

2022-06-23 20:43:32 - [MESSAGE][PASSED] - Object: 'Object Repository/1. Constant/xpath' is clicked on

2022-06-23 20:43:32 - [TEST_STEP][PASSED] - click(findTestObject("1. Constant/xpath", ["xpath":"//*[@id="ModifFiche"]/div[1]/div/button[2]"])): Object: 'Object Repository/1. Constant/xpath' is clicked on

2022-06-23 20:43:40 - [MESSAGE][PASSED] - Object: 'Object Repository/1. Constant/xpath' is clicked on

2022-06-23 20:43:40 - [TEST_STEP][PASSED] - lifecyclestatus4 = getText(findTestObject("1. Constant/xpath", ["xpath":"//*[@id="source_" + refID_daughter1 + ""]/td[16]/span[1]"])): Text of object 'Object Repository/1. Constant/xpath' is: 'Artwork Upload'

2022-06-23 20:43:41 - [MESSAGE][PASSED] - Text of object 'Object Repository/1. Constant/xpath' is: 'Artwork Upload'

2022-06-23 20:43:41 - [TEST_STEP][PASSED] - verifyMatch(lifecyclestatus4, "Artwork Upload", false): Actual text 'Artwork Upload' and expected text 'Artwork Upload' are matched 

2022-06-23 20:43:41 - [MESSAGE][PASSED] - Actual text 'Artwork Upload' and expected text 'Artwork Upload' are matched 

2022-06-23 20:43:41 - [TEST_STEP][PASSED] - lifecyclestatus5 = getText(findTestObject("1. Constant/xpath", ["xpath":"//*[@id="source_" + refID_LI + ""]/td[16]/span[1]"])): Text of object 'Object Repository/1. Constant/xpath' is: 'Complete'

2022-06-23 20:43:41 - [MESSAGE][PASSED] - Text of object 'Object Repository/1. Constant/xpath' is: 'Complete'

2022-06-23 20:43:41 - [TEST_STEP][PASSED] - verifyMatch(lifecyclestatus5, "Complete", false): Actual text 'Complete' and expected text 'Complete' are matched 

2022-06-23 20:43:41 - [MESSAGE][PASSED] - Actual text 'Complete' and expected text 'Complete' are matched 

2022-06-23 20:43:41 - [TEST_STEP][PASSED] - I.writenotepad("D:\Upoad_File\Projet_ Login\Dreyers\13.2\13.2_Dreyers_ProjectNo.txt", Project_No): null

2022-06-23 20:43:41 - [TEST_STEP][PASSED] - I.writenotepad("D:\Upoad_File\Projet_ Login\Dreyers\13.2\13.2_Dreyers_refID_Deliverable(D).txt", refID_daughter1): null

2022-06-23 20:43:41 - [TEST_STEP][PASSED] - I.writenotepad("D:\Upoad_File\Projet_ Login\Dreyers\13.2\13.2_Dreyers_refID_Design(M).txt", refID): null

2022-06-23 20:43:41 - [TEST_STEP][PASSED] - I.writenotepad("D:\Upoad_File\Projet_ Login\Dreyers\13.2\13.2_Dreyers_refID_APL(GD).txt", refID_APL): null

2022-06-23 20:43:41 - [TEST_STEP][PASSED] - I.writenotepad("D:\Upoad_File\Projet_ Login\Dreyers\13.2\13.2_Dreyers_refID_LI(GD).txt", refID_LI): null

2022-06-23 20:43:41 - [TEST_STEP][PASSED] - closeBrowser(): Browser is closed

2022-06-23 20:43:53 - [MESSAGE][PASSED] - Browser is closed

2022-06-23 20:43:53 - [TEST_STEP][PASSED] - Start listener action : sampleAfterTestCase: null]]></system-out>
         <system-err><![CDATA[]]></system-err>
      </testcase>
      <testcase name="Test Cases/16 Support action (Completed ref)/16.03 Dreyers Support action Add phase (Completed ref) 13.02 P2" time="371.694" classname="Test Cases/16 Support action (Completed ref)/16.03 Dreyers Support action Add phase (Completed ref) 13.02 P2" status="PASSED">
         <system-out><![CDATA[2022-06-23 20:43:53 - [TEST_CASE][PASSED] - Test Cases/16 Support action (Completed ref)/16.03 Dreyers Support action Add phase (Completed ref) 13.02 P2: Test Cases/16 Support action (Completed ref)/16.03 Dreyers Support action Add phase (Completed ref) 13.02 P2

2022-06-23 20:43:54 - [TEST_STEP][PASSED] - data_Dreyers = findTestData("Data Files/Username_Password/Dreyer"): null

2022-06-23 20:43:54 - [TEST_STEP][PASSED] - password_suser = data_Dreyers.getValue(2, 1): null

2022-06-23 20:43:54 - [TEST_STEP][PASSED] - password_blemco = data_Dreyers.getValue(2, 2): null

2022-06-23 20:43:54 - [TEST_STEP][PASSED] - password_amassoth = data_Dreyers.getValue(2, 3): null

2022-06-23 20:43:54 - [TEST_STEP][PASSED] - password_bharandi = data_Dreyers.getValue(2, 4): null

2022-06-23 20:43:54 - [TEST_STEP][PASSED] - password_mbaughman = data_Dreyers.getValue(2, 5): null

2022-06-23 20:43:54 - [TEST_STEP][PASSED] - password_nturner = data_Dreyers.getValue(2, 6): null

2022-06-23 20:43:54 - [TEST_STEP][PASSED] - password_talexeeva = data_Dreyers.getValue(2, 7): null

2022-06-23 20:43:54 - [TEST_STEP][PASSED] - password_bmilhomme = data_Dreyers.getValue(2, 8): null

2022-06-23 20:43:54 - [TEST_STEP][PASSED] - password_rjaiven = data_Dreyers.getValue(2, 9): null

2022-06-23 20:43:54 - [TEST_STEP][PASSED] - data_urlRELAUTO = findTestData("Data Files/URL/URL_relauto"): null

2022-06-23 20:43:54 - [TEST_STEP][PASSED] - Url_Dreyer = data_urlRELAUTO.getValue(2, 4): null

2022-06-23 20:43:54 - [TEST_STEP][PASSED] - Project_No = I.readnotepad("D:\Upoad_File\Projet_ Login\Dreyers\13.2\13.2_Dreyers_ProjectNo.txt"): null

2022-06-23 20:43:54 - [TEST_STEP][PASSED] - refID = I.readnotepad("D:\Upoad_File\Projet_ Login\Dreyers\13.2\13.2_Dreyers_refID_Design(M).txt"): null

2022-06-23 20:43:54 - [TEST_STEP][PASSED] - refID_daughter1 = I.readnotepad("D:\Upoad_File\Projet_ Login\Dreyers\13.2\13.2_Dreyers_refID_Deliverable(D).txt"): null

2022-06-23 20:43:54 - [TEST_STEP][PASSED] - refID_APL = I.readnotepad("D:\Upoad_File\Projet_ Login\Dreyers\13.2\13.2_Dreyers_refID_APL(GD).txt"): null

2022-06-23 20:43:54 - [TEST_STEP][PASSED] - refID_LI = I.readnotepad("D:\Upoad_File\Projet_ Login\Dreyers\13.2\13.2_Dreyers_refID_LI(GD).txt"): null

2022-06-23 20:43:54 - [TEST_STEP][PASSED] - openBrowser(Url_Dreyer): Browser is opened with url: 'http://mdb-release.diadeis.lan/MediaboxIndependence/?MBI_datasource=RELTESTAUTO_DREYERS'

2022-06-23 20:43:54 - [MESSAGE][INFO] - Starting 'Chrome (headless)' driver

2022-06-23 20:43:54 - [MESSAGE][INFO] - User set preference: ['args', '[--window-size=1920,1080, --headless]']

2022-06-23 20:43:54 - [MESSAGE][INFO] - Action delay is set to 0 milliseconds

2022-06-23 20:44:15 - [MESSAGE][PASSED] - Browser is opened with url: 'http://mdb-release.diadeis.lan/MediaboxIndependence/?MBI_datasource=RELTESTAUTO_DREYERS'

2022-06-23 20:44:15 - [TEST_STEP][PASSED] - maximizeWindow(): Current window maximized

2022-06-23 20:44:16 - [MESSAGE][PASSED] - Current window maximized

2022-06-23 20:44:16 - [TEST_STEP][PASSED] - waitForPageLoad(30): Wait for page load successfully

2022-06-23 20:44:16 - [MESSAGE][PASSED] - Wait for page load successfully

2022-06-23 20:44:16 - [TEST_STEP][PASSED] - takeScreenshot(): Taking screenshot successfully

2022-06-23 20:44:17 - [MESSAGE][PASSED] - Taking screenshot successfully
[[ATTACHMENT|D:\\Projet Test Auto\\Mediabox Test Automation\\Reports\\20220623_184212\\03. Parallel Testing (Testing)\\TS -PT PART 3\\07 Tag Sephora Dreyers _ Empty Group _Lifecycle condition\\20220623_184221\\1656009856813.png]]

2022-06-23 20:44:17 - [TEST_STEP][PASSED] - I.Login_password("blemco", password_blemco): Object: 'Object Repository/1. Constant/xpath' is clicked on

2022-06-23 20:44:18 - [MESSAGE][PASSED] - Text 'blemco' is set on object 'Object Repository/1. Constant/xpath'

2022-06-23 20:44:19 - [MESSAGE][PASSED] - Delayed 1 second(s)

2022-06-23 20:44:20 - [MESSAGE][PASSED] - Text 'diadeis1' is set on object 'Object Repository/1. Constant/xpath'

2022-06-23 20:44:21 - [MESSAGE][PASSED] - Delayed 1 second(s)

2022-06-23 20:44:34 - [MESSAGE][PASSED] - Object: 'Object Repository/1. Constant/xpath' is clicked on

2022-06-23 20:44:34 - [TEST_STEP][PASSED] - takeScreenshot(): Taking screenshot successfully

2022-06-23 20:44:35 - [MESSAGE][PASSED] - Taking screenshot successfully
[[ATTACHMENT|D:\\Projet Test Auto\\Mediabox Test Automation\\Reports\\20220623_184212\\03. Parallel Testing (Testing)\\TS -PT PART 3\\07 Tag Sephora Dreyers _ Empty Group _Lifecycle condition\\20220623_184221\\1656009875230.png]]

2022-06-23 20:44:35 - [TEST_STEP][PASSED] - click(findTestObject("1. Constant/02_LHSMenu_Projects")): Object: 'Object Repository/1. Constant/02_LHSMenu_Projects' is clicked on

2022-06-23 20:44:42 - [MESSAGE][PASSED] - Object: 'Object Repository/1. Constant/02_LHSMenu_Projects' is clicked on

2022-06-23 20:44:42 - [TEST_STEP][PASSED] - I.SearchProjectNo(Project_No, findTestObject("1. Constant/xpath", ["xpath":"//*[@id="form_filters"]/div[4]/button"])): Delayed 5 second(s)

2022-06-23 20:44:47 - [MESSAGE][PASSED] - Text 'MI000886' is set on object 'Object Repository/1. Constant/xpath'

2022-06-23 20:44:50 - [MESSAGE][PASSED] - Delayed 3 second(s)

2022-06-23 20:44:53 - [MESSAGE][PASSED] - Object: 'Object Repository/1. Constant/xpath' is clicked on

2022-06-23 20:44:58 - [MESSAGE][PASSED] - Delayed 5 second(s)

2022-06-23 20:44:58 - [TEST_STEP][PASSED] - delay(1): Delayed 1 second(s)

2022-06-23 20:44:59 - [MESSAGE][PASSED] - Delayed 1 second(s)

2022-06-23 20:44:59 - [TEST_STEP][PASSED] - mouseOver(findTestObject("1. Constant/xpath", ["xpath":"//*[@id="source_" + refID_LI + ""]/td[17]/div[1]/button"])): Object: 'Object Repository/1. Constant/xpath' is hovered

2022-06-23 20:45:00 - [MESSAGE][PASSED] - Object: 'Object Repository/1. Constant/xpath' is hovered

2022-06-23 20:45:00 - [TEST_STEP][PASSED] - delay(1): Delayed 1 second(s)

2022-06-23 20:45:01 - [MESSAGE][PASSED] - Delayed 1 second(s)

2022-06-23 20:45:01 - [TEST_STEP][PASSED] - takeScreenshot(): Taking screenshot successfully

2022-06-23 20:45:02 - [MESSAGE][PASSED] - Taking screenshot successfully
[[ATTACHMENT|D:\\Projet Test Auto\\Mediabox Test Automation\\Reports\\20220623_184212\\03. Parallel Testing (Testing)\\TS -PT PART 3\\07 Tag Sephora Dreyers _ Empty Group _Lifecycle condition\\20220623_184221\\1656009902155.png]]

2022-06-23 20:45:02 - [TEST_STEP][PASSED] - delay(1): Delayed 1 second(s)

2022-06-23 20:45:03 - [MESSAGE][PASSED] - Delayed 1 second(s)

2022-06-23 20:45:03 - [TEST_STEP][PASSED] - Actual_SAS = getText(findTestObject("1. Constant/xpath", ["xpath":"/html/body/div[9]/div[2]"])): Text of object 'Object Repository/1. Constant/xpath' is: 'Support action shortcuts'

2022-06-23 20:45:04 - [MESSAGE][PASSED] - Text of object 'Object Repository/1. Constant/xpath' is: 'Support action shortcuts'

2022-06-23 20:45:04 - [TEST_STEP][PASSED] - delay(1): Delayed 1 second(s)

2022-06-23 20:45:05 - [MESSAGE][PASSED] - Delayed 1 second(s)

2022-06-23 20:45:05 - [TEST_STEP][PASSED] - verifyMatch(Actual_SAS, "Support action shortcuts", false): Actual text 'Support action shortcuts' and expected text 'Support action shortcuts' are matched 

2022-06-23 20:45:05 - [MESSAGE][PASSED] - Actual text 'Support action shortcuts' and expected text 'Support action shortcuts' are matched 

2022-06-23 20:45:05 - [TEST_STEP][PASSED] - click(findTestObject("1. Constant/xpath", ["xpath":"//*[@id="source_" + refID_LI + ""]/td[17]/div[1]/button"])): Object: 'Object Repository/1. Constant/xpath' is clicked on

2022-06-23 20:45:06 - [MESSAGE][PASSED] - Object: 'Object Repository/1. Constant/xpath' is clicked on

2022-06-23 20:45:06 - [TEST_STEP][PASSED] - delay(1): Delayed 1 second(s)

2022-06-23 20:45:07 - [MESSAGE][PASSED] - Delayed 1 second(s)

2022-06-23 20:45:07 - [TEST_STEP][PASSED] - x = 20: null

2022-06-23 20:45:07 - [TEST_STEP][PASSED] - i = 1: null

2022-06-23 20:45:07 - [TEST_STEP][PASSED] - while (i <= x): null

2022-06-23 20:45:07 - [TEST_STEP][PASSED] - Expected_SAS_Selected1 = "Restart for Regulatory and Tech Pack": null

2022-06-23 20:45:07 - [TEST_STEP][PASSED] - xpath_SAS1 = "//*[@id="source_" + refID_LI + ""]/td[17]/div[1]/div/a[" + i + "]": null

2022-06-23 20:45:07 - [TEST_STEP][PASSED] - Actual_SAS1 = getText(findTestObject("1. Constant/xpath", ["xpath":xpath_SAS1])): Text of object 'Object Repository/1. Constant/xpath' is: 'Restart for Marketing, Regulatory and Tech Pack'

2022-06-23 20:45:07 - [MESSAGE][PASSED] - Text of object 'Object Repository/1. Constant/xpath' is: 'Restart for Marketing, Regulatory and Tech Pack'

2022-06-23 20:45:07 - [TEST_STEP][PASSED] - I.print(i): null

2022-06-23 20:45:07 - [TEST_STEP][PASSED] - if (Actual_SAS1.contains(Expected_SAS_Selected1)): null

2022-06-23 20:45:07 - [TEST_STEP][PASSED] - i = i + 1: null

2022-06-23 20:45:07 - [TEST_STEP][PASSED] - Expected_SAS_Selected1 = "Restart for Regulatory and Tech Pack": null

2022-06-23 20:45:07 - [TEST_STEP][PASSED] - xpath_SAS1 = "//*[@id="source_" + refID_LI + ""]/td[17]/div[1]/div/a[" + i + "]": null

2022-06-23 20:45:07 - [TEST_STEP][PASSED] - Actual_SAS1 = getText(findTestObject("1. Constant/xpath", ["xpath":xpath_SAS1])): Text of object 'Object Repository/1. Constant/xpath' is: 'Restart for Marketing Only'

2022-06-23 20:45:08 - [MESSAGE][PASSED] - Text of object 'Object Repository/1. Constant/xpath' is: 'Restart for Marketing Only'

2022-06-23 20:45:08 - [TEST_STEP][PASSED] - I.print(i): null

2022-06-23 20:45:08 - [TEST_STEP][PASSED] - if (Actual_SAS1.contains(Expected_SAS_Selected1)): null

2022-06-23 20:45:08 - [TEST_STEP][PASSED] - i = i + 1: null

2022-06-23 20:45:08 - [TEST_STEP][PASSED] - Expected_SAS_Selected1 = "Restart for Regulatory and Tech Pack": null

2022-06-23 20:45:08 - [TEST_STEP][PASSED] - xpath_SAS1 = "//*[@id="source_" + refID_LI + ""]/td[17]/div[1]/div/a[" + i + "]": null

2022-06-23 20:45:08 - [TEST_STEP][PASSED] - Actual_SAS1 = getText(findTestObject("1. Constant/xpath", ["xpath":xpath_SAS1])): Text of object 'Object Repository/1. Constant/xpath' is: 'Restart for Regulatory Only'

2022-06-23 20:45:08 - [MESSAGE][PASSED] - Text of object 'Object Repository/1. Constant/xpath' is: 'Restart for Regulatory Only'

2022-06-23 20:45:08 - [TEST_STEP][PASSED] - I.print(i): null

2022-06-23 20:45:08 - [TEST_STEP][PASSED] - if (Actual_SAS1.contains(Expected_SAS_Selected1)): null

2022-06-23 20:45:08 - [TEST_STEP][PASSED] - i = i + 1: null

2022-06-23 20:45:08 - [TEST_STEP][PASSED] - Expected_SAS_Selected1 = "Restart for Regulatory and Tech Pack": null

2022-06-23 20:45:08 - [TEST_STEP][PASSED] - xpath_SAS1 = "//*[@id="source_" + refID_LI + ""]/td[17]/div[1]/div/a[" + i + "]": null

2022-06-23 20:45:08 - [TEST_STEP][PASSED] - Actual_SAS1 = getText(findTestObject("1. Constant/xpath", ["xpath":xpath_SAS1])): Text of object 'Object Repository/1. Constant/xpath' is: 'Restart for Tech Pack Only'

2022-06-23 20:45:08 - [MESSAGE][PASSED] - Text of object 'Object Repository/1. Constant/xpath' is: 'Restart for Tech Pack Only'

2022-06-23 20:45:08 - [TEST_STEP][PASSED] - I.print(i): null

2022-06-23 20:45:08 - [TEST_STEP][PASSED] - if (Actual_SAS1.contains(Expected_SAS_Selected1)): null

2022-06-23 20:45:08 - [TEST_STEP][PASSED] - i = i + 1: null

2022-06-23 20:45:08 - [TEST_STEP][PASSED] - Expected_SAS_Selected1 = "Restart for Regulatory and Tech Pack": null

2022-06-23 20:45:08 - [TEST_STEP][PASSED] - xpath_SAS1 = "//*[@id="source_" + refID_LI + ""]/td[17]/div[1]/div/a[" + i + "]": null

2022-06-23 20:45:08 - [TEST_STEP][PASSED] - Actual_SAS1 = getText(findTestObject("1. Constant/xpath", ["xpath":xpath_SAS1])): Text of object 'Object Repository/1. Constant/xpath' is: 'Restart for Marketing and Regulatory'

2022-06-23 20:45:09 - [MESSAGE][PASSED] - Text of object 'Object Repository/1. Constant/xpath' is: 'Restart for Marketing and Regulatory'

2022-06-23 20:45:09 - [TEST_STEP][PASSED] - I.print(i): null

2022-06-23 20:45:09 - [TEST_STEP][PASSED] - if (Actual_SAS1.contains(Expected_SAS_Selected1)): null

2022-06-23 20:45:09 - [TEST_STEP][PASSED] - i = i + 1: null

2022-06-23 20:45:09 - [TEST_STEP][PASSED] - Expected_SAS_Selected1 = "Restart for Regulatory and Tech Pack": null

2022-06-23 20:45:09 - [TEST_STEP][PASSED] - xpath_SAS1 = "//*[@id="source_" + refID_LI + ""]/td[17]/div[1]/div/a[" + i + "]": null

2022-06-23 20:45:09 - [TEST_STEP][PASSED] - Actual_SAS1 = getText(findTestObject("1. Constant/xpath", ["xpath":xpath_SAS1])): Text of object 'Object Repository/1. Constant/xpath' is: 'Restart for Marketing and Tech Pack'

2022-06-23 20:45:09 - [MESSAGE][PASSED] - Text of object 'Object Repository/1. Constant/xpath' is: 'Restart for Marketing and Tech Pack'

2022-06-23 20:45:09 - [TEST_STEP][PASSED] - I.print(i): null

2022-06-23 20:45:09 - [TEST_STEP][PASSED] - if (Actual_SAS1.contains(Expected_SAS_Selected1)): null

2022-06-23 20:45:09 - [TEST_STEP][PASSED] - i = i + 1: null

2022-06-23 20:45:09 - [TEST_STEP][PASSED] - Expected_SAS_Selected1 = "Restart for Regulatory and Tech Pack": null

2022-06-23 20:45:09 - [TEST_STEP][PASSED] - xpath_SAS1 = "//*[@id="source_" + refID_LI + ""]/td[17]/div[1]/div/a[" + i + "]": null

2022-06-23 20:45:09 - [TEST_STEP][PASSED] - Actual_SAS1 = getText(findTestObject("1. Constant/xpath", ["xpath":xpath_SAS1])): Text of object 'Object Repository/1. Constant/xpath' is: 'Restart for Regulatory and Tech Pack'

2022-06-23 20:45:11 - [MESSAGE][PASSED] - Text of object 'Object Repository/1. Constant/xpath' is: 'Restart for Regulatory and Tech Pack'

2022-06-23 20:45:11 - [TEST_STEP][PASSED] - I.print(i): null

2022-06-23 20:45:11 - [TEST_STEP][PASSED] - if (Actual_SAS1.contains(Expected_SAS_Selected1)): null

2022-06-23 20:45:11 - [TEST_STEP][PASSED] - click(findTestObject("1. Constant/xpath", ["xpath":xpath_SAS1])): Object: 'Object Repository/1. Constant/xpath' is clicked on

2022-06-23 20:45:12 - [MESSAGE][PASSED] - Object: 'Object Repository/1. Constant/xpath' is clicked on

2022-06-23 20:45:12 - [TEST_STEP][PASSED] - break: null

2022-06-23 20:45:12 - [TEST_STEP][PASSED] - delay(1): Delayed 1 second(s)

2022-06-23 20:45:13 - [MESSAGE][PASSED] - Delayed 1 second(s)

2022-06-23 20:45:13 - [TEST_STEP][PASSED] - Actual_SASReason = getText(findTestObject("1. Constant/xpath", ["xpath":"//*[@id="id_div_support_action_reason"]/label"])): Text of object 'Object Repository/1. Constant/xpath' is: 'Select a support action reason'

2022-06-23 20:45:14 - [MESSAGE][PASSED] - Text of object 'Object Repository/1. Constant/xpath' is: 'Select a support action reason'

2022-06-23 20:45:14 - [TEST_STEP][PASSED] - verifyMatch(Actual_SASReason, "Select a support action reason", false): Actual text 'Select a support action reason' and expected text 'Select a support action reason' are matched 

2022-06-23 20:45:14 - [MESSAGE][PASSED] - Actual text 'Select a support action reason' and expected text 'Select a support action reason' are matched 

2022-06-23 20:45:14 - [TEST_STEP][PASSED] - takeScreenshot(): Taking screenshot successfully

2022-06-23 20:45:14 - [MESSAGE][PASSED] - Taking screenshot successfully
[[ATTACHMENT|D:\\Projet Test Auto\\Mediabox Test Automation\\Reports\\20220623_184212\\03. Parallel Testing (Testing)\\TS -PT PART 3\\07 Tag Sephora Dreyers _ Empty Group _Lifecycle condition\\20220623_184221\\1656009914029.png]]

2022-06-23 20:45:14 - [TEST_STEP][PASSED] - click(findTestObject("1. Constant/xpath", ["xpath":"//*[@id="modal_support_action_shortcut"]/div/div/div[2]/button[2]"])): Object: 'Object Repository/1. Constant/xpath' is clicked on

2022-06-23 20:45:15 - [MESSAGE][PASSED] - Object: 'Object Repository/1. Constant/xpath' is clicked on

2022-06-23 20:45:15 - [TEST_STEP][PASSED] - Actual_SASmiss = getText(findTestObject("1. Constant/xpath", ["xpath":"//*[@id="toast-container"]/div/div[2]"])): Text of object 'Object Repository/1. Constant/xpath' is: 'Support action reason is missing'

2022-06-23 20:45:15 - [MESSAGE][PASSED] - Text of object 'Object Repository/1. Constant/xpath' is: 'Support action reason is missing'

2022-06-23 20:45:15 - [TEST_STEP][PASSED] - verifyMatch(Actual_SASmiss, "Support action reason is missing", false): Actual text 'Support action reason is missing' and expected text 'Support action reason is missing' are matched 

2022-06-23 20:45:15 - [MESSAGE][PASSED] - Actual text 'Support action reason is missing' and expected text 'Support action reason is missing' are matched 

2022-06-23 20:45:15 - [TEST_STEP][PASSED] - takeScreenshot(): Taking screenshot successfully

2022-06-23 20:45:15 - [MESSAGE][PASSED] - Taking screenshot successfully
[[ATTACHMENT|D:\\Projet Test Auto\\Mediabox Test Automation\\Reports\\20220623_184212\\03. Parallel Testing (Testing)\\TS -PT PART 3\\07 Tag Sephora Dreyers _ Empty Group _Lifecycle condition\\20220623_184221\\1656009915528.png]]

2022-06-23 20:45:15 - [TEST_STEP][PASSED] - delay(1): Delayed 1 second(s)

2022-06-23 20:45:16 - [MESSAGE][PASSED] - Delayed 1 second(s)

2022-06-23 20:45:16 - [TEST_STEP][PASSED] - selectOptionByValue(findTestObject("1. Constant/xpath", ["xpath":"//*[@id="added_support_action_reason"]"]), "1", false): All options with value '1' are selected in object 'Object Repository/1. Constant/xpath' 

2022-06-23 20:45:20 - [MESSAGE][PASSED] - All options with value '1' are selected in object 'Object Repository/1. Constant/xpath' 

2022-06-23 20:45:20 - [TEST_STEP][PASSED] - click(findTestObject("1. Constant/xpath", ["xpath":"//*[@id="modal_support_action_shortcut"]/div/div/div[2]/button[2]"])): Object: 'Object Repository/1. Constant/xpath' is clicked on

2022-06-23 20:45:28 - [MESSAGE][PASSED] - Object: 'Object Repository/1. Constant/xpath' is clicked on

2022-06-23 20:45:28 - [TEST_STEP][PASSED] - click(findTestObject("1. Constant/xpath", ["xpath":"//*[@id="kt_content"]/div[3]/div/ul/li[3]/a"])): Object: 'Object Repository/1. Constant/xpath' is clicked on

2022-06-23 20:45:29 - [MESSAGE][PASSED] - Object: 'Object Repository/1. Constant/xpath' is clicked on

2022-06-23 20:45:29 - [TEST_STEP][PASSED] - takeScreenshot(): Taking screenshot successfully

2022-06-23 20:45:30 - [MESSAGE][PASSED] - Taking screenshot successfully
[[ATTACHMENT|D:\\Projet Test Auto\\Mediabox Test Automation\\Reports\\20220623_184212\\03. Parallel Testing (Testing)\\TS -PT PART 3\\07 Tag Sephora Dreyers _ Empty Group _Lifecycle condition\\20220623_184221\\1656009930029.png]]

2022-06-23 20:45:30 - [TEST_STEP][PASSED] - verifyElementVisible(findTestObject("1. Constant/xpath", ["xpath":"/html/body/div[1]/div[2]/div[8]/div[3]/div/div[3]/div[3]/div/ul/li[1]/a"])): Object 'Object Repository/1. Constant/xpath' is visible

2022-06-23 20:45:31 - [MESSAGE][PASSED] - Object 'Object Repository/1. Constant/xpath' is visible

2022-06-23 20:45:31 - [TEST_STEP][PASSED] - verifyElementVisible(findTestObject("1. Constant/xpath", ["xpath":"/html/body/div[1]/div[2]/div[8]/div[3]/div/div[3]/div[3]/div/ul/li[2]/a"])): Object 'Object Repository/1. Constant/xpath' is visible

2022-06-23 20:45:31 - [MESSAGE][PASSED] - Object 'Object Repository/1. Constant/xpath' is visible

2022-06-23 20:45:31 - [TEST_STEP][PASSED] - I.Pagedown(): Execute JavaScript 'window.scrollTo(0, document.body.scrollHeight)' successfully

2022-06-23 20:45:31 - [MESSAGE][PASSED] - Execute JavaScript 'window.scrollTo(0, document.body.scrollHeight)' successfully

2022-06-23 20:45:31 - [TEST_STEP][PASSED] - Actual_InfoInput1 = getText(findTestObject("1. Constant/xpath", ["xpath":"/html/body/div[1]/div[2]/div[8]/div[3]/div/div[3]/div[3]/div/div/div[2]/div/div/div/div[1]/div[1]/h3"])): Text of object 'Object Repository/1. Constant/xpath' is: 'Information Input: Regulatory and Tech Pack'

2022-06-23 20:45:32 - [MESSAGE][PASSED] - Text of object 'Object Repository/1. Constant/xpath' is: 'Information Input: Regulatory and Tech Pack'

2022-06-23 20:45:32 - [TEST_STEP][PASSED] - verifyMatch(Actual_InfoInput1, "Information Input: Regulatory and Tech Pack", false): Actual text 'Information Input: Regulatory and Tech Pack' and expected text 'Information Input: Regulatory and Tech Pack' are matched 

2022-06-23 20:45:32 - [MESSAGE][PASSED] - Actual text 'Information Input: Regulatory and Tech Pack' and expected text 'Information Input: Regulatory and Tech Pack' are matched 

2022-06-23 20:45:32 - [TEST_STEP][PASSED] - I.Logout(): Delayed 3 second(s)

2022-06-23 20:45:35 - [MESSAGE][PASSED] - Delayed 3 second(s)

2022-06-23 20:45:36 - [MESSAGE][PASSED] - Object: 'Object Repository/1. Constant/xpath' is clicked on

2022-06-23 20:45:39 - [MESSAGE][PASSED] - Delayed 3 second(s)

2022-06-23 20:45:44 - [MESSAGE][PASSED] - Object: 'Object Repository/1. Constant/xpath' is clicked on

2022-06-23 20:45:47 - [MESSAGE][PASSED] - Delayed 3 second(s)

2022-06-23 20:45:47 - [TEST_STEP][PASSED] - I.Login_password("nturner", password_nturner): Object: 'Object Repository/1. Constant/xpath' is clicked on

2022-06-23 20:45:51 - [MESSAGE][PASSED] - Text 'nturner' is set on object 'Object Repository/1. Constant/xpath'

2022-06-23 20:45:52 - [MESSAGE][PASSED] - Delayed 1 second(s)

2022-06-23 20:45:52 - [MESSAGE][PASSED] - Text 'diadeis1' is set on object 'Object Repository/1. Constant/xpath'

2022-06-23 20:45:53 - [MESSAGE][PASSED] - Delayed 1 second(s)

2022-06-23 20:46:02 - [MESSAGE][PASSED] - Object: 'Object Repository/1. Constant/xpath' is clicked on

2022-06-23 20:46:02 - [TEST_STEP][PASSED] - takeScreenshot(): Taking screenshot successfully

2022-06-23 20:46:02 - [MESSAGE][PASSED] - Taking screenshot successfully
[[ATTACHMENT|D:\\Projet Test Auto\\Mediabox Test Automation\\Reports\\20220623_184212\\03. Parallel Testing (Testing)\\TS -PT PART 3\\07 Tag Sephora Dreyers _ Empty Group _Lifecycle condition\\20220623_184221\\1656009962451.png]]

2022-06-23 20:46:02 - [TEST_STEP][PASSED] - click(findTestObject("1. Constant/02_LHSMenu_Projects")): Object: 'Object Repository/1. Constant/02_LHSMenu_Projects' is clicked on

2022-06-23 20:46:07 - [MESSAGE][PASSED] - Object: 'Object Repository/1. Constant/02_LHSMenu_Projects' is clicked on

2022-06-23 20:46:07 - [TEST_STEP][PASSED] - I.SearchProjectNo(Project_No, findTestObject("1. Constant/xpath", ["xpath":"//*[@id="form_filters"]/div[4]/button"])): Delayed 5 second(s)

2022-06-23 20:46:09 - [MESSAGE][PASSED] - Text 'MI000886' is set on object 'Object Repository/1. Constant/xpath'

2022-06-23 20:46:12 - [MESSAGE][PASSED] - Delayed 3 second(s)

2022-06-23 20:46:16 - [MESSAGE][PASSED] - Object: 'Object Repository/1. Constant/xpath' is clicked on

2022-06-23 20:46:21 - [MESSAGE][PASSED] - Delayed 5 second(s)

2022-06-23 20:46:21 - [TEST_STEP][PASSED] - delay(1): Delayed 1 second(s)

2022-06-23 20:46:22 - [MESSAGE][PASSED] - Delayed 1 second(s)

2022-06-23 20:46:22 - [TEST_STEP][PASSED] - takeScreenshot(): Taking screenshot successfully

2022-06-23 20:46:23 - [MESSAGE][PASSED] - Taking screenshot successfully
[[ATTACHMENT|D:\\Projet Test Auto\\Mediabox Test Automation\\Reports\\20220623_184212\\03. Parallel Testing (Testing)\\TS -PT PART 3\\07 Tag Sephora Dreyers _ Empty Group _Lifecycle condition\\20220623_184221\\1656009982982.png]]

2022-06-23 20:46:23 - [TEST_STEP][PASSED] - task1 = getText(findTestObject("1. Constant/xpath", ["xpath":"//*[@id="kt_header"]/div/div[2]/div[1]/div[1]/span"])): Text of object 'Object Repository/1. Constant/xpath' is: '29'

2022-06-23 20:46:24 - [MESSAGE][PASSED] - Text of object 'Object Repository/1. Constant/xpath' is: '29'

2022-06-23 20:46:24 - [TEST_STEP][PASSED] - alfs1 = getText(findTestObject("1. Constant/xpath", ["xpath":"//*[@id="source_" + refID_LI + ""]/td[16]/span[1]"])): Text of object 'Object Repository/1. Constant/xpath' is: 'Information Input: Regulatory and Tech Pack'

2022-06-23 20:46:24 - [MESSAGE][PASSED] - Text of object 'Object Repository/1. Constant/xpath' is: 'Information Input: Regulatory and Tech Pack'

2022-06-23 20:46:24 - [TEST_STEP][PASSED] - verifyMatch(alfs1, "Information Input: Regulatory and Tech Pack", false): Actual text 'Information Input: Regulatory and Tech Pack' and expected text 'Information Input: Regulatory and Tech Pack' are matched 

2022-06-23 20:46:24 - [MESSAGE][PASSED] - Actual text 'Information Input: Regulatory and Tech Pack' and expected text 'Information Input: Regulatory and Tech Pack' are matched 

2022-06-23 20:46:24 - [TEST_STEP][PASSED] - click(findTestObject("1. Constant/xpath", ["xpath":"//*[@id="source_" + refID_LI + ""]/td[17]/a[2]"])): Object: 'Object Repository/1. Constant/xpath' is clicked on

2022-06-23 20:46:26 - [MESSAGE][PASSED] - Object: 'Object Repository/1. Constant/xpath' is clicked on

2022-06-23 20:46:26 - [TEST_STEP][PASSED] - takeScreenshot(): Taking screenshot successfully

2022-06-23 20:46:27 - [MESSAGE][PASSED] - Taking screenshot successfully
[[ATTACHMENT|D:\\Projet Test Auto\\Mediabox Test Automation\\Reports\\20220623_184212\\03. Parallel Testing (Testing)\\TS -PT PART 3\\07 Tag Sephora Dreyers _ Empty Group _Lifecycle condition\\20220623_184221\\1656009986995.png]]

2022-06-23 20:46:27 - [TEST_STEP][PASSED] - click(findTestObject("1. Constant/xpath", ["xpath":"//*[@id="ModifFiche"]/div[1]/div/button[2]"])): Object: 'Object Repository/1. Constant/xpath' is clicked on

2022-06-23 20:46:34 - [MESSAGE][PASSED] - Object: 'Object Repository/1. Constant/xpath' is clicked on

2022-06-23 20:46:34 - [TEST_STEP][PASSED] - alfs2 = getText(findTestObject("1. Constant/xpath", ["xpath":"//*[@id="source_" + refID_LI + ""]/td[16]/span[1]"])): Text of object 'Object Repository/1. Constant/xpath' is: 'Information Input: Regulatory and Tech Pack'

2022-06-23 20:46:34 - [MESSAGE][PASSED] - Text of object 'Object Repository/1. Constant/xpath' is: 'Information Input: Regulatory and Tech Pack'

2022-06-23 20:46:34 - [TEST_STEP][PASSED] - verifyMatch(alfs2, "Information Input: Regulatory and Tech Pack", false): Actual text 'Information Input: Regulatory and Tech Pack' and expected text 'Information Input: Regulatory and Tech Pack' are matched 

2022-06-23 20:46:34 - [MESSAGE][PASSED] - Actual text 'Information Input: Regulatory and Tech Pack' and expected text 'Information Input: Regulatory and Tech Pack' are matched 

2022-06-23 20:46:34 - [TEST_STEP][PASSED] - Atask2 = getText(findTestObject("1. Constant/xpath", ["xpath":"//*[@id="kt_header"]/div/div[2]/div[1]/div[1]/span"])): Text of object 'Object Repository/1. Constant/xpath' is: '28'

2022-06-23 20:46:35 - [MESSAGE][PASSED] - Text of object 'Object Repository/1. Constant/xpath' is: '28'

2022-06-23 20:46:35 - [TEST_STEP][PASSED] - task2 = Integer.parseInt(task1) - 1: null

2022-06-23 20:46:35 - [TEST_STEP][PASSED] - verifyMatch(Atask2, task2, false): Actual text '28' and expected text '28' are matched 

2022-06-23 20:46:35 - [MESSAGE][PASSED] - Actual text '28' and expected text '28' are matched 

2022-06-23 20:46:35 - [TEST_STEP][PASSED] - I.Logout(): Delayed 3 second(s)

2022-06-23 20:46:38 - [MESSAGE][PASSED] - Delayed 3 second(s)

2022-06-23 20:46:39 - [MESSAGE][PASSED] - Object: 'Object Repository/1. Constant/xpath' is clicked on

2022-06-23 20:46:42 - [MESSAGE][PASSED] - Delayed 3 second(s)

2022-06-23 20:46:45 - [MESSAGE][PASSED] - Object: 'Object Repository/1. Constant/xpath' is clicked on

2022-06-23 20:46:48 - [MESSAGE][PASSED] - Delayed 3 second(s)

2022-06-23 20:46:48 - [TEST_STEP][PASSED] - I.Login_password("bmilhomme", password_bmilhomme): Object: 'Object Repository/1. Constant/xpath' is clicked on

2022-06-23 20:46:50 - [MESSAGE][PASSED] - Text 'bmilhomme' is set on object 'Object Repository/1. Constant/xpath'

2022-06-23 20:46:51 - [MESSAGE][PASSED] - Delayed 1 second(s)

2022-06-23 20:46:53 - [MESSAGE][PASSED] - Text 'diadeis1' is set on object 'Object Repository/1. Constant/xpath'

2022-06-23 20:46:54 - [MESSAGE][PASSED] - Delayed 1 second(s)

2022-06-23 20:46:59 - [MESSAGE][PASSED] - Object: 'Object Repository/1. Constant/xpath' is clicked on

2022-06-23 20:46:59 - [TEST_STEP][PASSED] - takeScreenshot(): Taking screenshot successfully

2022-06-23 20:47:00 - [MESSAGE][PASSED] - Taking screenshot successfully
[[ATTACHMENT|D:\\Projet Test Auto\\Mediabox Test Automation\\Reports\\20220623_184212\\03. Parallel Testing (Testing)\\TS -PT PART 3\\07 Tag Sephora Dreyers _ Empty Group _Lifecycle condition\\20220623_184221\\1656010019709.png]]

2022-06-23 20:47:00 - [TEST_STEP][PASSED] - click(findTestObject("1. Constant/02_LHSMenu_Projects")): Object: 'Object Repository/1. Constant/02_LHSMenu_Projects' is clicked on

2022-06-23 20:47:03 - [MESSAGE][PASSED] - Object: 'Object Repository/1. Constant/02_LHSMenu_Projects' is clicked on

2022-06-23 20:47:03 - [TEST_STEP][PASSED] - I.SearchProjectNo(Project_No, findTestObject("1. Constant/xpath", ["xpath":"//*[@id="form_filters"]/div[4]/button"])): Delayed 5 second(s)

2022-06-23 20:47:04 - [MESSAGE][PASSED] - Text 'MI000886' is set on object 'Object Repository/1. Constant/xpath'

2022-06-23 20:47:07 - [MESSAGE][PASSED] - Delayed 3 second(s)

2022-06-23 20:47:10 - [MESSAGE][PASSED] - Object: 'Object Repository/1. Constant/xpath' is clicked on

2022-06-23 20:47:15 - [MESSAGE][PASSED] - Delayed 5 second(s)

2022-06-23 20:47:15 - [TEST_STEP][PASSED] - delay(1): Delayed 1 second(s)

2022-06-23 20:47:16 - [MESSAGE][PASSED] - Delayed 1 second(s)

2022-06-23 20:47:16 - [TEST_STEP][PASSED] - takeScreenshot(): Taking screenshot successfully

2022-06-23 20:47:18 - [MESSAGE][PASSED] - Taking screenshot successfully
[[ATTACHMENT|D:\\Projet Test Auto\\Mediabox Test Automation\\Reports\\20220623_184212\\03. Parallel Testing (Testing)\\TS -PT PART 3\\07 Tag Sephora Dreyers _ Empty Group _Lifecycle condition\\20220623_184221\\1656010037093.png]]

2022-06-23 20:47:18 - [TEST_STEP][PASSED] - click(findTestObject("1. Constant/xpath", ["xpath":"//*[@id="source_" + refID_LI + ""]/td[18]/a[2]"])): Object: 'Object Repository/1. Constant/xpath' is clicked on

2022-06-23 20:47:20 - [MESSAGE][PASSED] - Object: 'Object Repository/1. Constant/xpath' is clicked on

2022-06-23 20:47:20 - [TEST_STEP][PASSED] - takeScreenshot(): Taking screenshot successfully

2022-06-23 20:47:20 - [MESSAGE][PASSED] - Taking screenshot successfully
[[ATTACHMENT|D:\\Projet Test Auto\\Mediabox Test Automation\\Reports\\20220623_184212\\03. Parallel Testing (Testing)\\TS -PT PART 3\\07 Tag Sephora Dreyers _ Empty Group _Lifecycle condition\\20220623_184221\\1656010040414.png]]

2022-06-23 20:47:20 - [TEST_STEP][PASSED] - click(findTestObject("1. Constant/xpath", ["xpath":"//*[@id="ModifFiche"]/div[1]/div/button[2]"])): Object: 'Object Repository/1. Constant/xpath' is clicked on

2022-06-23 20:47:26 - [MESSAGE][PASSED] - Object: 'Object Repository/1. Constant/xpath' is clicked on

2022-06-23 20:47:26 - [TEST_STEP][PASSED] - delay(1): Delayed 1 second(s)

2022-06-23 20:47:27 - [MESSAGE][PASSED] - Delayed 1 second(s)

2022-06-23 20:47:27 - [TEST_STEP][PASSED] - alfs3 = getText(findTestObject("1. Constant/xpath", ["xpath":"//*[@id="source_" + refID_LI + ""]/td[16]/span[1]"])): Text of object 'Object Repository/1. Constant/xpath' is: 'Complete'

2022-06-23 20:47:28 - [MESSAGE][PASSED] - Text of object 'Object Repository/1. Constant/xpath' is: 'Complete'

2022-06-23 20:47:28 - [TEST_STEP][PASSED] - verifyMatch(alfs3, "Complete", false): Actual text 'Complete' and expected text 'Complete' are matched 

2022-06-23 20:47:28 - [MESSAGE][PASSED] - Actual text 'Complete' and expected text 'Complete' are matched 

2022-06-23 20:47:28 - [TEST_STEP][PASSED] - I.Logout(): Delayed 3 second(s)

2022-06-23 20:47:31 - [MESSAGE][PASSED] - Delayed 3 second(s)

2022-06-23 20:47:32 - [MESSAGE][PASSED] - Object: 'Object Repository/1. Constant/xpath' is clicked on

2022-06-23 20:47:35 - [MESSAGE][PASSED] - Delayed 3 second(s)

2022-06-23 20:47:39 - [MESSAGE][PASSED] - Object: 'Object Repository/1. Constant/xpath' is clicked on

2022-06-23 20:47:42 - [MESSAGE][PASSED] - Delayed 3 second(s)

2022-06-23 20:47:42 - [TEST_STEP][PASSED] - I.Login_password("blemco", password_blemco): Object: 'Object Repository/1. Constant/xpath' is clicked on

2022-06-23 20:47:44 - [MESSAGE][PASSED] - Text 'blemco' is set on object 'Object Repository/1. Constant/xpath'

2022-06-23 20:47:45 - [MESSAGE][PASSED] - Delayed 1 second(s)

2022-06-23 20:47:45 - [MESSAGE][PASSED] - Text 'diadeis1' is set on object 'Object Repository/1. Constant/xpath'

2022-06-23 20:47:46 - [MESSAGE][PASSED] - Delayed 1 second(s)

2022-06-23 20:47:51 - [MESSAGE][PASSED] - Object: 'Object Repository/1. Constant/xpath' is clicked on

2022-06-23 20:47:51 - [TEST_STEP][PASSED] - takeScreenshot(): Taking screenshot successfully

2022-06-23 20:47:53 - [MESSAGE][PASSED] - Taking screenshot successfully
[[ATTACHMENT|D:\\Projet Test Auto\\Mediabox Test Automation\\Reports\\20220623_184212\\03. Parallel Testing (Testing)\\TS -PT PART 3\\07 Tag Sephora Dreyers _ Empty Group _Lifecycle condition\\20220623_184221\\1656010072731.png]]

2022-06-23 20:47:53 - [TEST_STEP][PASSED] - click(findTestObject("1. Constant/02_LHSMenu_Projects")): Object: 'Object Repository/1. Constant/02_LHSMenu_Projects' is clicked on

2022-06-23 20:47:57 - [MESSAGE][PASSED] - Object: 'Object Repository/1. Constant/02_LHSMenu_Projects' is clicked on

2022-06-23 20:47:57 - [TEST_STEP][PASSED] - I.SearchProjectNo(Project_No, findTestObject("1. Constant/xpath", ["xpath":"//*[@id="form_filters"]/div[4]/button"])): Delayed 5 second(s)

2022-06-23 20:48:00 - [MESSAGE][PASSED] - Text 'MI000886' is set on object 'Object Repository/1. Constant/xpath'

2022-06-23 20:48:03 - [MESSAGE][PASSED] - Delayed 3 second(s)

2022-06-23 20:48:07 - [MESSAGE][PASSED] - Object: 'Object Repository/1. Constant/xpath' is clicked on

2022-06-23 20:48:12 - [MESSAGE][PASSED] - Delayed 5 second(s)

2022-06-23 20:48:12 - [TEST_STEP][PASSED] - delay(1): Delayed 1 second(s)

2022-06-23 20:48:13 - [MESSAGE][PASSED] - Delayed 1 second(s)

2022-06-23 20:48:13 - [TEST_STEP][PASSED] - takeScreenshot(): Taking screenshot successfully

2022-06-23 20:48:14 - [MESSAGE][PASSED] - Taking screenshot successfully
[[ATTACHMENT|D:\\Projet Test Auto\\Mediabox Test Automation\\Reports\\20220623_184212\\03. Parallel Testing (Testing)\\TS -PT PART 3\\07 Tag Sephora Dreyers _ Empty Group _Lifecycle condition\\20220623_184221\\1656010093878.png]]

2022-06-23 20:48:14 - [TEST_STEP][PASSED] - click(findTestObject("1. Constant/xpath", ["xpath":"//*[@id="source_" + refID_LI + ""]/td[10]/a[1]/span"])): Object: 'Object Repository/1. Constant/xpath' is clicked on

2022-06-23 20:48:18 - [MESSAGE][PASSED] - Object: 'Object Repository/1. Constant/xpath' is clicked on

2022-06-23 20:48:18 - [TEST_STEP][PASSED] - click(findTestObject("1. Constant/xpath", ["xpath":"//*[@id="kt_content"]/div[3]/div/ul/li[3]/a"])): Object: 'Object Repository/1. Constant/xpath' is clicked on

2022-06-23 20:48:21 - [MESSAGE][PASSED] - Object: 'Object Repository/1. Constant/xpath' is clicked on

2022-06-23 20:48:21 - [TEST_STEP][PASSED] - takeScreenshot(): Taking screenshot successfully

2022-06-23 20:48:22 - [MESSAGE][PASSED] - Taking screenshot successfully
[[ATTACHMENT|D:\\Projet Test Auto\\Mediabox Test Automation\\Reports\\20220623_184212\\03. Parallel Testing (Testing)\\TS -PT PART 3\\07 Tag Sephora Dreyers _ Empty Group _Lifecycle condition\\20220623_184221\\1656010101868.png]]

2022-06-23 20:48:22 - [TEST_STEP][PASSED] - delay(1): Delayed 1 second(s)

2022-06-23 20:48:23 - [MESSAGE][PASSED] - Delayed 1 second(s)

2022-06-23 20:48:23 - [TEST_STEP][PASSED] - click(findTestObject("1. Constant/xpath", ["xpath":"/html/body/div[1]/div[2]/div[8]/div[3]/div/div[3]/div[3]/div/ul/li[1]/a"])): Object: 'Object Repository/1. Constant/xpath' is clicked on

2022-06-23 20:48:24 - [MESSAGE][PASSED] - Object: 'Object Repository/1. Constant/xpath' is clicked on

2022-06-23 20:48:24 - [TEST_STEP][PASSED] - takeScreenshot(): Taking screenshot successfully

2022-06-23 20:48:25 - [MESSAGE][PASSED] - Taking screenshot successfully
[[ATTACHMENT|D:\\Projet Test Auto\\Mediabox Test Automation\\Reports\\20220623_184212\\03. Parallel Testing (Testing)\\TS -PT PART 3\\07 Tag Sephora Dreyers _ Empty Group _Lifecycle condition\\20220623_184221\\1656010104625.png]]

2022-06-23 20:48:25 - [TEST_STEP][PASSED] - delay(1): Delayed 1 second(s)

2022-06-23 20:48:26 - [MESSAGE][PASSED] - Delayed 1 second(s)

2022-06-23 20:48:26 - [TEST_STEP][PASSED] - click(findTestObject("1. Constant/xpath", ["xpath":"/html/body/div[1]/div[2]/div[8]/div[3]/div/div[3]/div[3]/div/div/div[1]/div/div/div/div[1]/div[2]/a"])): Object: 'Object Repository/1. Constant/xpath' is clicked on

2022-06-23 20:48:27 - [MESSAGE][PASSED] - Object: 'Object Repository/1. Constant/xpath' is clicked on

2022-06-23 20:48:27 - [TEST_STEP][PASSED] - takeScreenshot(): Taking screenshot successfully

2022-06-23 20:48:28 - [MESSAGE][PASSED] - Taking screenshot successfully
[[ATTACHMENT|D:\\Projet Test Auto\\Mediabox Test Automation\\Reports\\20220623_184212\\03. Parallel Testing (Testing)\\TS -PT PART 3\\07 Tag Sephora Dreyers _ Empty Group _Lifecycle condition\\20220623_184221\\1656010107623.png]]

2022-06-23 20:48:28 - [TEST_STEP][PASSED] - delay(1): Delayed 1 second(s)

2022-06-23 20:48:29 - [MESSAGE][PASSED] - Delayed 1 second(s)

2022-06-23 20:48:29 - [TEST_STEP][PASSED] - alr1 = getText(findTestObject("1. Constant/xpath", ["xpath":"/html/body/div[1]/div[2]/div[8]/div[3]/div/div[3]/div[3]/div/div/div[1]/div/div/div/div[2]/h5"])): Text of object 'Object Repository/1. Constant/xpath' is: 'CHOSEN REASON : "Rejection from Artwork Agency" By Brian Lemco'

2022-06-23 20:48:29 - [MESSAGE][PASSED] - Text of object 'Object Repository/1. Constant/xpath' is: 'CHOSEN REASON : "Rejection from Artwork Agency" By Brian Lemco'

2022-06-23 20:48:29 - [TEST_STEP][PASSED] - verifyMatch(alr1, "CHOSEN REASON : "Rejection from Artwork Agency" By Brian Lemco", false): Actual text 'CHOSEN REASON : "Rejection from Artwork Agency" By Brian Lemco' and expected text 'CHOSEN REASON : "Rejection from Artwork Agency" By Brian Lemco' are matched 

2022-06-23 20:48:29 - [MESSAGE][PASSED] - Actual text 'CHOSEN REASON : "Rejection from Artwork Agency" By Brian Lemco' and expected text 'CHOSEN REASON : "Rejection from Artwork Agency" By Brian Lemco' are matched 

2022-06-23 20:48:29 - [TEST_STEP][PASSED] - click(findTestObject("1. Constant/xpath", ["xpath":"/html/body/div[1]/div[2]/div[8]/div[3]/div/div[3]/div[3]/div/ul/li[2]/a"])): Object: 'Object Repository/1. Constant/xpath' is clicked on

2022-06-23 20:48:29 - [MESSAGE][PASSED] - Object: 'Object Repository/1. Constant/xpath' is clicked on

2022-06-23 20:48:29 - [TEST_STEP][PASSED] - delay(1): Delayed 1 second(s)

2022-06-23 20:48:30 - [MESSAGE][PASSED] - Delayed 1 second(s)

2022-06-23 20:48:30 - [TEST_STEP][PASSED] - takeScreenshot(): Taking screenshot successfully

2022-06-23 20:48:31 - [MESSAGE][PASSED] - Taking screenshot successfully
[[ATTACHMENT|D:\\Projet Test Auto\\Mediabox Test Automation\\Reports\\20220623_184212\\03. Parallel Testing (Testing)\\TS -PT PART 3\\07 Tag Sephora Dreyers _ Empty Group _Lifecycle condition\\20220623_184221\\1656010110767.png]]

2022-06-23 20:48:31 - [TEST_STEP][PASSED] - delay(1): Delayed 1 second(s)

2022-06-23 20:48:32 - [MESSAGE][PASSED] - Delayed 1 second(s)

2022-06-23 20:48:32 - [TEST_STEP][PASSED] - click(findTestObject("1. Constant/xpath", ["xpath":"/html/body/div[1]/div[2]/div[8]/div[3]/div/div[3]/div[3]/div/div/div[2]/div/div/div/div[1]/div[2]/div/button"])): Object: 'Object Repository/1. Constant/xpath' is clicked on

2022-06-23 20:48:32 - [MESSAGE][PASSED] - Object: 'Object Repository/1. Constant/xpath' is clicked on

2022-06-23 20:48:32 - [TEST_STEP][PASSED] - delay(1): Delayed 1 second(s)

2022-06-23 20:48:33 - [MESSAGE][PASSED] - Delayed 1 second(s)

2022-06-23 20:48:33 - [TEST_STEP][PASSED] - I.click_button_javascript(findTestObject("1. Constant/xpath", ["xpath":"/html/body/div[1]/div[2]/div[8]/div[3]/div/div[3]/div[3]/div/div/div[2]/div/div/div/div[1]/div[2]/div/div/a[4]"])): Execute JavaScript 'arguments[0].click()' successfully

2022-06-23 20:48:35 - [MESSAGE][PASSED] - Execute JavaScript 'arguments[0].click()' successfully

2022-06-23 20:48:35 - [TEST_STEP][PASSED] - delay(1): Delayed 1 second(s)

2022-06-23 20:48:36 - [MESSAGE][PASSED] - Delayed 1 second(s)

2022-06-23 20:48:36 - [TEST_STEP][PASSED] - selectOptionByValue(findTestObject("1. Constant/xpath", ["xpath":"//*[@id="added_support_action_reason"]"]), "2", false): All options with value '2' are selected in object 'Object Repository/1. Constant/xpath' 

2022-06-23 20:48:36 - [MESSAGE][PASSED] - All options with value '2' are selected in object 'Object Repository/1. Constant/xpath' 

2022-06-23 20:48:36 - [TEST_STEP][PASSED] - takeScreenshot(): Taking screenshot successfully

2022-06-23 20:48:37 - [MESSAGE][PASSED] - Taking screenshot successfully
[[ATTACHMENT|D:\\Projet Test Auto\\Mediabox Test Automation\\Reports\\20220623_184212\\03. Parallel Testing (Testing)\\TS -PT PART 3\\07 Tag Sephora Dreyers _ Empty Group _Lifecycle condition\\20220623_184221\\1656010116908.png]]

2022-06-23 20:48:37 - [TEST_STEP][PASSED] - click(findTestObject("1. Constant/xpath", ["xpath":"//*[@id="modal_support_action_shortcut"]/div/div/div[3]/button[2]"])): Object: 'Object Repository/1. Constant/xpath' is clicked on

2022-06-23 20:48:42 - [MESSAGE][PASSED] - Object: 'Object Repository/1. Constant/xpath' is clicked on

2022-06-23 20:48:42 - [TEST_STEP][PASSED] - click(findTestObject("1. Constant/xpath", ["xpath":"//*[@id="kt_content"]/div[3]/div/ul/li[3]/a"])): Object: 'Object Repository/1. Constant/xpath' is clicked on

2022-06-23 20:48:45 - [MESSAGE][PASSED] - Object: 'Object Repository/1. Constant/xpath' is clicked on

2022-06-23 20:48:45 - [TEST_STEP][PASSED] - takeScreenshot(): Taking screenshot successfully

2022-06-23 20:48:46 - [MESSAGE][PASSED] - Taking screenshot successfully
[[ATTACHMENT|D:\\Projet Test Auto\\Mediabox Test Automation\\Reports\\20220623_184212\\03. Parallel Testing (Testing)\\TS -PT PART 3\\07 Tag Sephora Dreyers _ Empty Group _Lifecycle condition\\20220623_184221\\1656010126308.png]]

2022-06-23 20:48:46 - [TEST_STEP][PASSED] - alp1 = getText(findTestObject("1. Constant/xpath", ["xpath":"/html/body/div[1]/div[2]/div[8]/div[3]/div/div[3]/div[3]/div/div/div[2]/div/div[2]/div/div[1]/div[1]/h3"])): Text of object 'Object Repository/1. Constant/xpath' is: 'Information Input : Tech Pack Only'

2022-06-23 20:48:47 - [MESSAGE][PASSED] - Text of object 'Object Repository/1. Constant/xpath' is: 'Information Input : Tech Pack Only'

2022-06-23 20:48:47 - [TEST_STEP][PASSED] - verifyMatch(alp1, "Information Input : Tech Pack Only", false): Actual text 'Information Input : Tech Pack Only' and expected text 'Information Input : Tech Pack Only' are matched 

2022-06-23 20:48:47 - [MESSAGE][PASSED] - Actual text 'Information Input : Tech Pack Only' and expected text 'Information Input : Tech Pack Only' are matched 

2022-06-23 20:48:47 - [TEST_STEP][PASSED] - delay(1): Delayed 1 second(s)

2022-06-23 20:48:48 - [MESSAGE][PASSED] - Delayed 1 second(s)

2022-06-23 20:48:48 - [TEST_STEP][PASSED] - click(findTestObject("1. Constant/xpath", ["xpath":"/html/body/div[1]/div[2]/div[8]/div[3]/div/div[3]/div[3]/div/div/div[2]/div/div[1]/div/div[1]/div[2]/a"])): Object: 'Object Repository/1. Constant/xpath' is clicked on

2022-06-23 20:48:51 - [MESSAGE][PASSED] - Object: 'Object Repository/1. Constant/xpath' is clicked on

2022-06-23 20:48:51 - [TEST_STEP][PASSED] - delay(1): Delayed 1 second(s)

2022-06-23 20:48:52 - [MESSAGE][PASSED] - Delayed 1 second(s)

2022-06-23 20:48:52 - [TEST_STEP][PASSED] - takeScreenshot(): Taking screenshot successfully

2022-06-23 20:48:54 - [MESSAGE][PASSED] - Taking screenshot successfully
[[ATTACHMENT|D:\\Projet Test Auto\\Mediabox Test Automation\\Reports\\20220623_184212\\03. Parallel Testing (Testing)\\TS -PT PART 3\\07 Tag Sephora Dreyers _ Empty Group _Lifecycle condition\\20220623_184221\\1656010133039.png]]

2022-06-23 20:48:54 - [TEST_STEP][PASSED] - alr2 = getText(findTestObject("1. Constant/xpath", ["xpath":"/html/body/div[1]/div[2]/div[8]/div[3]/div/div[3]/div[3]/div/div/div[2]/div/div[1]/div/div[2]/h5[1]"])): Text of object 'Object Repository/1. Constant/xpath' is: 'CHOSEN REASON : "Internal Correction" By Brian Lemco'

2022-06-23 20:48:54 - [MESSAGE][PASSED] - Text of object 'Object Repository/1. Constant/xpath' is: 'CHOSEN REASON : "Internal Correction" By Brian Lemco'

2022-06-23 20:48:54 - [TEST_STEP][PASSED] - verifyMatch(alr2, "CHOSEN REASON : "Internal Correction" By Brian Lemco", false): Actual text 'CHOSEN REASON : "Internal Correction" By Brian Lemco' and expected text 'CHOSEN REASON : "Internal Correction" By Brian Lemco' are matched 

2022-06-23 20:48:54 - [MESSAGE][PASSED] - Actual text 'CHOSEN REASON : "Internal Correction" By Brian Lemco' and expected text 'CHOSEN REASON : "Internal Correction" By Brian Lemco' are matched 

2022-06-23 20:48:54 - [TEST_STEP][PASSED] - I.Pagedown(): Execute JavaScript 'window.scrollTo(0, document.body.scrollHeight)' successfully

2022-06-23 20:48:54 - [MESSAGE][PASSED] - Execute JavaScript 'window.scrollTo(0, document.body.scrollHeight)' successfully

2022-06-23 20:48:54 - [TEST_STEP][PASSED] - click(findTestObject("1. Constant/xpath", ["xpath":"/html/body/div[1]/div[2]/div[8]/div[3]/div/div[3]/div[3]/div/div/div[2]/div/div[2]/div/div[1]/div[2]/div/button"])): Object: 'Object Repository/1. Constant/xpath' is clicked on

2022-06-23 20:48:55 - [MESSAGE][PASSED] - Object: 'Object Repository/1. Constant/xpath' is clicked on

2022-06-23 20:48:55 - [TEST_STEP][PASSED] - delay(1): Delayed 1 second(s)

2022-06-23 20:48:56 - [MESSAGE][PASSED] - Delayed 1 second(s)

2022-06-23 20:48:56 - [TEST_STEP][PASSED] - click(findTestObject("1. Constant/xpath", ["xpath":"/html/body/div[1]/div[2]/div[8]/div[3]/div/div[3]/div[3]/div/div/div[2]/div/div[2]/div/div[1]/div[2]/div/div/a[1]"])): Object: 'Object Repository/1. Constant/xpath' is clicked on

2022-06-23 20:48:57 - [MESSAGE][PASSED] - Object: 'Object Repository/1. Constant/xpath' is clicked on

2022-06-23 20:48:57 - [TEST_STEP][PASSED] - delay(1): Delayed 1 second(s)

2022-06-23 20:48:58 - [MESSAGE][PASSED] - Delayed 1 second(s)

2022-06-23 20:48:58 - [TEST_STEP][PASSED] - selectOptionByValue(findTestObject("1. Constant/xpath", ["xpath":"//*[@id="added_support_action_reason"]"]), "2", false): All options with value '2' are selected in object 'Object Repository/1. Constant/xpath' 

2022-06-23 20:49:00 - [MESSAGE][PASSED] - All options with value '2' are selected in object 'Object Repository/1. Constant/xpath' 

2022-06-23 20:49:00 - [TEST_STEP][PASSED] - takeScreenshot(): Taking screenshot successfully

2022-06-23 20:49:01 - [MESSAGE][PASSED] - Taking screenshot successfully
[[ATTACHMENT|D:\\Projet Test Auto\\Mediabox Test Automation\\Reports\\20220623_184212\\03. Parallel Testing (Testing)\\TS -PT PART 3\\07 Tag Sephora Dreyers _ Empty Group _Lifecycle condition\\20220623_184221\\1656010140620.png]]

2022-06-23 20:49:01 - [TEST_STEP][PASSED] - click(findTestObject("1. Constant/xpath", ["xpath":"//*[@id="modal_support_action_shortcut"]/div/div/div[3]/button[2]"])): Object: 'Object Repository/1. Constant/xpath' is clicked on

2022-06-23 20:49:05 - [MESSAGE][PASSED] - Object: 'Object Repository/1. Constant/xpath' is clicked on

2022-06-23 20:49:05 - [TEST_STEP][PASSED] - click(findTestObject("1. Constant/xpath", ["xpath":"//*[@id="kt_content"]/div[3]/div/ul/li[3]/a"])): Object: 'Object Repository/1. Constant/xpath' is clicked on

2022-06-23 20:49:07 - [MESSAGE][PASSED] - Object: 'Object Repository/1. Constant/xpath' is clicked on

2022-06-23 20:49:07 - [TEST_STEP][PASSED] - takeScreenshot(): Taking screenshot successfully

2022-06-23 20:49:08 - [MESSAGE][PASSED] - Taking screenshot successfully
[[ATTACHMENT|D:\\Projet Test Auto\\Mediabox Test Automation\\Reports\\20220623_184212\\03. Parallel Testing (Testing)\\TS -PT PART 3\\07 Tag Sephora Dreyers _ Empty Group _Lifecycle condition\\20220623_184221\\1656010147709.png]]

2022-06-23 20:49:08 - [TEST_STEP][PASSED] - verifyElementVisible(findTestObject("1. Constant/xpath", ["xpath":"/html/body/div[1]/div[2]/div[8]/div[3]/div/div[3]/div[3]/div/ul/li[3]/a"])): Object 'Object Repository/1. Constant/xpath' is visible

2022-06-23 20:49:09 - [MESSAGE][PASSED] - Object 'Object Repository/1. Constant/xpath' is visible

2022-06-23 20:49:09 - [TEST_STEP][PASSED] - delay(1): Delayed 1 second(s)

2022-06-23 20:49:10 - [MESSAGE][PASSED] - Delayed 1 second(s)

2022-06-23 20:49:10 - [TEST_STEP][PASSED] - click(findTestObject("1. Constant/xpath", ["xpath":"/html/body/div[1]/div[2]/div[8]/div[3]/div/div[3]/div[3]/div/ul/li[3]/a"])): Object: 'Object Repository/1. Constant/xpath' is clicked on

2022-06-23 20:49:10 - [MESSAGE][PASSED] - Object: 'Object Repository/1. Constant/xpath' is clicked on

2022-06-23 20:49:10 - [TEST_STEP][PASSED] - delay(1): Delayed 1 second(s)

2022-06-23 20:49:11 - [MESSAGE][PASSED] - Delayed 1 second(s)

2022-06-23 20:49:11 - [TEST_STEP][PASSED] - Actual_InfoInput11 = getText(findTestObject("1. Constant/xpath", ["xpath":"/html/body/div[1]/div[2]/div[8]/div[3]/div/div[3]/div[3]/div/div/div[3]/div/div/div/div[1]/div[1]"])): Text of object 'Object Repository/1. Constant/xpath' is: 'Information Input'

2022-06-23 20:49:12 - [MESSAGE][PASSED] - Text of object 'Object Repository/1. Constant/xpath' is: 'Information Input'

2022-06-23 20:49:12 - [TEST_STEP][PASSED] - verifyMatch(Actual_InfoInput11, "Information Input", false): Actual text 'Information Input' and expected text 'Information Input' are matched 

2022-06-23 20:49:12 - [MESSAGE][PASSED] - Actual text 'Information Input' and expected text 'Information Input' are matched 

2022-06-23 20:49:12 - [TEST_STEP][PASSED] - click(findTestObject("1. Constant/xpath", ["xpath":"/html/body/div[1]/div[2]/div[8]/div[2]/div/nav/ol/li[2]/a"])): Object: 'Object Repository/1. Constant/xpath' is clicked on

2022-06-23 20:49:15 - [MESSAGE][PASSED] - Object: 'Object Repository/1. Constant/xpath' is clicked on

2022-06-23 20:49:15 - [TEST_STEP][PASSED] - delay(1): Delayed 1 second(s)

2022-06-23 20:49:16 - [MESSAGE][PASSED] - Delayed 1 second(s)

2022-06-23 20:49:16 - [TEST_STEP][PASSED] - alfs14 = getText(findTestObject("1. Constant/xpath", ["xpath":"//*[@id="source_" + refID_LI + ""]/td[16]/span[1]"])): Text of object 'Object Repository/1. Constant/xpath' is: 'Information  Input : Tech Pack Only'

2022-06-23 20:49:17 - [MESSAGE][PASSED] - Text of object 'Object Repository/1. Constant/xpath' is: 'Information  Input : Tech Pack Only'

2022-06-23 20:49:17 - [TEST_STEP][PASSED] - verifyMatch(alfs14, "Information  Input : Tech Pack Only", false): Actual text 'Information  Input : Tech Pack Only' and expected text 'Information  Input : Tech Pack Only' are matched 

2022-06-23 20:49:17 - [MESSAGE][PASSED] - Actual text 'Information  Input : Tech Pack Only' and expected text 'Information  Input : Tech Pack Only' are matched 

2022-06-23 20:49:17 - [TEST_STEP][PASSED] - click(findTestObject("1. Constant/xpath", ["xpath":"//*[@id="source_" + refID_LI + ""]/td[10]/a[1]/span"])): Object: 'Object Repository/1. Constant/xpath' is clicked on

2022-06-23 20:49:20 - [MESSAGE][PASSED] - Object: 'Object Repository/1. Constant/xpath' is clicked on

2022-06-23 20:49:20 - [TEST_STEP][PASSED] - click(findTestObject("1. Constant/xpath", ["xpath":"//*[@id="kt_content"]/div[3]/div/ul/li[3]/a"])): Object: 'Object Repository/1. Constant/xpath' is clicked on

2022-06-23 20:49:23 - [MESSAGE][PASSED] - Object: 'Object Repository/1. Constant/xpath' is clicked on

2022-06-23 20:49:23 - [TEST_STEP][PASSED] - takeScreenshot(): Taking screenshot successfully

2022-06-23 20:49:24 - [MESSAGE][PASSED] - Taking screenshot successfully
[[ATTACHMENT|D:\\Projet Test Auto\\Mediabox Test Automation\\Reports\\20220623_184212\\03. Parallel Testing (Testing)\\TS -PT PART 3\\07 Tag Sephora Dreyers _ Empty Group _Lifecycle condition\\20220623_184221\\1656010163624.png]]

2022-06-23 20:49:24 - [TEST_STEP][PASSED] - delay(1): Delayed 1 second(s)

2022-06-23 20:49:25 - [MESSAGE][PASSED] - Delayed 1 second(s)

2022-06-23 20:49:25 - [TEST_STEP][PASSED] - click(findTestObject("1. Constant/xpath", ["xpath":"/html/body/div[1]/div[2]/div[8]/div[3]/div/div[3]/div[3]/div/ul/li[3]/a"])): Object: 'Object Repository/1. Constant/xpath' is clicked on

2022-06-23 20:49:26 - [MESSAGE][PASSED] - Object: 'Object Repository/1. Constant/xpath' is clicked on

2022-06-23 20:49:26 - [TEST_STEP][PASSED] - takeScreenshot(): Taking screenshot successfully

2022-06-23 20:49:27 - [MESSAGE][PASSED] - Taking screenshot successfully
[[ATTACHMENT|D:\\Projet Test Auto\\Mediabox Test Automation\\Reports\\20220623_184212\\03. Parallel Testing (Testing)\\TS -PT PART 3\\07 Tag Sephora Dreyers _ Empty Group _Lifecycle condition\\20220623_184221\\1656010166642.png]]

2022-06-23 20:49:27 - [TEST_STEP][PASSED] - delay(1): Delayed 1 second(s)

2022-06-23 20:49:28 - [MESSAGE][PASSED] - Delayed 1 second(s)

2022-06-23 20:49:28 - [TEST_STEP][PASSED] - click(findTestObject("1. Constant/xpath", ["xpath":"/html/body/div[1]/div[2]/div[8]/div[3]/div/div[3]/div[3]/div/div/div[3]/div/div/div/div[1]/div[2]/div/a[2]"])): Object: 'Object Repository/1. Constant/xpath' is clicked on

2022-06-23 20:49:29 - [MESSAGE][PASSED] - Object: 'Object Repository/1. Constant/xpath' is clicked on

2022-06-23 20:49:29 - [TEST_STEP][PASSED] - takeScreenshot(): Taking screenshot successfully

2022-06-23 20:49:30 - [MESSAGE][PASSED] - Taking screenshot successfully
[[ATTACHMENT|D:\\Projet Test Auto\\Mediabox Test Automation\\Reports\\20220623_184212\\03. Parallel Testing (Testing)\\TS -PT PART 3\\07 Tag Sephora Dreyers _ Empty Group _Lifecycle condition\\20220623_184221\\1656010169858.png]]

2022-06-23 20:49:30 - [TEST_STEP][PASSED] - delay(1): Delayed 1 second(s)

2022-06-23 20:49:31 - [MESSAGE][PASSED] - Delayed 1 second(s)

2022-06-23 20:49:31 - [TEST_STEP][PASSED] - click(findTestObject("1. Constant/xpath", ["xpath":"//*[@id="kt_body"]/div[9]/div/div/div[2]/button[2]"])): Object: 'Object Repository/1. Constant/xpath' is clicked on

2022-06-23 20:49:35 - [MESSAGE][PASSED] - Object: 'Object Repository/1. Constant/xpath' is clicked on

2022-06-23 20:49:35 - [TEST_STEP][PASSED] - I.Pagedown(): Execute JavaScript 'window.scrollTo(0, document.body.scrollHeight)' successfully

2022-06-23 20:49:36 - [MESSAGE][PASSED] - Execute JavaScript 'window.scrollTo(0, document.body.scrollHeight)' successfully

2022-06-23 20:49:36 - [TEST_STEP][PASSED] - I.click_button_javascript(findTestObject("1. Constant/xpath", ["xpath":"/html/body/div[1]/div[2]/div[8]/div[3]/div/div[3]/div[3]/div/div/div[2]/div/div[2]/div/div[1]/div[2]/div/a[3]"])): Execute JavaScript 'arguments[0].click()' successfully

2022-06-23 20:49:37 - [MESSAGE][PASSED] - Execute JavaScript 'arguments[0].click()' successfully

2022-06-23 20:49:37 - [TEST_STEP][PASSED] - takeScreenshot(): Taking screenshot successfully

2022-06-23 20:49:38 - [MESSAGE][PASSED] - Taking screenshot successfully
[[ATTACHMENT|D:\\Projet Test Auto\\Mediabox Test Automation\\Reports\\20220623_184212\\03. Parallel Testing (Testing)\\TS -PT PART 3\\07 Tag Sephora Dreyers _ Empty Group _Lifecycle condition\\20220623_184221\\1656010178073.png]]

2022-06-23 20:49:38 - [TEST_STEP][PASSED] - delay(1): Delayed 1 second(s)

2022-06-23 20:49:39 - [MESSAGE][PASSED] - Delayed 1 second(s)

2022-06-23 20:49:39 - [TEST_STEP][PASSED] - selectOptionByValue(findTestObject("1. Constant/xpath", ["xpath":"//*[@id="added_support_action_reason_skip"]"]), "1", false): All options with value '1' are selected in object 'Object Repository/1. Constant/xpath' 

2022-06-23 20:49:41 - [MESSAGE][PASSED] - All options with value '1' are selected in object 'Object Repository/1. Constant/xpath' 

2022-06-23 20:49:41 - [TEST_STEP][PASSED] - click(findTestObject("1. Constant/xpath", ["xpath":"//*[@id="modal_skip_phase"]/div/div/div[3]/button[2]"])): Object: 'Object Repository/1. Constant/xpath' is clicked on

2022-06-23 20:49:46 - [MESSAGE][PASSED] - Object: 'Object Repository/1. Constant/xpath' is clicked on

2022-06-23 20:49:46 - [TEST_STEP][PASSED] - delay(5): Delayed 5 second(s)

2022-06-23 20:49:51 - [MESSAGE][PASSED] - Delayed 5 second(s)

2022-06-23 20:49:51 - [TEST_STEP][PASSED] - click(findTestObject("1. Constant/xpath", ["xpath":"//*[@id="kt_subheader"]/div/nav/ol/li[2]/a"])): Object: 'Object Repository/1. Constant/xpath' is clicked on

2022-06-23 20:49:56 - [MESSAGE][PASSED] - Object: 'Object Repository/1. Constant/xpath' is clicked on

2022-06-23 20:49:56 - [TEST_STEP][PASSED] - delay(1): Delayed 1 second(s)

2022-06-23 20:49:57 - [MESSAGE][PASSED] - Delayed 1 second(s)

2022-06-23 20:49:57 - [TEST_STEP][PASSED] - alfs15 = getText(findTestObject("1. Constant/xpath", ["xpath":"//*[@id="source_" + refID_LI + ""]/td[16]/span"])): Text of object 'Object Repository/1. Constant/xpath' is: 'Complete'

2022-06-23 20:49:58 - [MESSAGE][PASSED] - Text of object 'Object Repository/1. Constant/xpath' is: 'Complete'

2022-06-23 20:49:58 - [TEST_STEP][PASSED] - verifyMatch(alfs15, "Complete", false): Actual text 'Complete' and expected text 'Complete' are matched 

2022-06-23 20:49:58 - [MESSAGE][PASSED] - Actual text 'Complete' and expected text 'Complete' are matched 

2022-06-23 20:49:58 - [TEST_STEP][PASSED] - closeBrowser(): Browser is closed

2022-06-23 20:50:04 - [MESSAGE][PASSED] - Browser is closed

2022-06-23 20:50:04 - [TEST_STEP][PASSED] - Start listener action : sampleAfterTestCase: null]]></system-out>
         <system-err><![CDATA[]]></system-err>
      </testcase>
      <testcase name="Test Cases/13. Dreyers Lifecycle condition/13.3 Dreyers Lifecycle conditions_ref filles complètées (2026)" time="581.019" classname="Test Cases/13. Dreyers Lifecycle condition/13.3 Dreyers Lifecycle conditions_ref filles complètées (2026)" status="PASSED">
         <system-out><![CDATA[2022-06-23 20:50:04 - [TEST_CASE][PASSED] - Test Cases/13. Dreyers Lifecycle condition/13.3 Dreyers Lifecycle conditions_ref filles complètées (2026): Test Cases/13. Dreyers Lifecycle condition/13.3 Dreyers Lifecycle conditions_ref filles complètées (2026)

2022-06-23 20:50:05 - [TEST_STEP][PASSED] - data_Dreyers = findTestData("Data Files/Username_Password/Dreyer"): null

2022-06-23 20:50:05 - [TEST_STEP][PASSED] - password_suser = data_Dreyers.getValue(2, 1): null

2022-06-23 20:50:05 - [TEST_STEP][PASSED] - password_blemco = data_Dreyers.getValue(2, 2): null

2022-06-23 20:50:05 - [TEST_STEP][PASSED] - password_amassoth = data_Dreyers.getValue(2, 3): null

2022-06-23 20:50:05 - [TEST_STEP][PASSED] - password_bharandi = data_Dreyers.getValue(2, 4): null

2022-06-23 20:50:05 - [TEST_STEP][PASSED] - password_mbaughman = data_Dreyers.getValue(2, 5): null

2022-06-23 20:50:05 - [TEST_STEP][PASSED] - data_urlRELAUTO = findTestData("Data Files/URL/URL_relauto"): null

2022-06-23 20:50:05 - [TEST_STEP][PASSED] - Url_Dreyer = data_urlRELAUTO.getValue(2, 4): null

2022-06-23 20:50:05 - [TEST_STEP][PASSED] - openBrowser(Url_Dreyer): Browser is opened with url: 'http://mdb-release.diadeis.lan/MediaboxIndependence/?MBI_datasource=RELTESTAUTO_DREYERS'

2022-06-23 20:50:05 - [MESSAGE][INFO] - Starting 'Chrome (headless)' driver

2022-06-23 20:50:05 - [MESSAGE][INFO] - User set preference: ['args', '[--window-size=1920,1080, --headless]']

2022-06-23 20:50:05 - [MESSAGE][INFO] - Action delay is set to 0 milliseconds

2022-06-23 20:50:25 - [MESSAGE][PASSED] - Browser is opened with url: 'http://mdb-release.diadeis.lan/MediaboxIndependence/?MBI_datasource=RELTESTAUTO_DREYERS'

2022-06-23 20:50:25 - [TEST_STEP][PASSED] - maximizeWindow(): Current window maximized

2022-06-23 20:50:25 - [MESSAGE][PASSED] - Current window maximized

2022-06-23 20:50:25 - [TEST_STEP][PASSED] - waitForPageLoad(30): Wait for page load successfully

2022-06-23 20:50:25 - [MESSAGE][PASSED] - Wait for page load successfully

2022-06-23 20:50:25 - [TEST_STEP][PASSED] - takeScreenshot(): Taking screenshot successfully

2022-06-23 20:50:26 - [MESSAGE][PASSED] - Taking screenshot successfully
[[ATTACHMENT|D:\\Projet Test Auto\\Mediabox Test Automation\\Reports\\20220623_184212\\03. Parallel Testing (Testing)\\TS -PT PART 3\\07 Tag Sephora Dreyers _ Empty Group _Lifecycle condition\\20220623_184221\\1656010225819.png]]

2022-06-23 20:50:26 - [TEST_STEP][PASSED] - I.Login_password("blemco", password_blemco): Object: 'Object Repository/1. Constant/xpath' is clicked on

2022-06-23 20:50:27 - [MESSAGE][PASSED] - Text 'blemco' is set on object 'Object Repository/1. Constant/xpath'

2022-06-23 20:50:28 - [MESSAGE][PASSED] - Delayed 1 second(s)

2022-06-23 20:50:29 - [MESSAGE][PASSED] - Text 'diadeis1' is set on object 'Object Repository/1. Constant/xpath'

2022-06-23 20:50:30 - [MESSAGE][PASSED] - Delayed 1 second(s)

2022-06-23 20:50:42 - [MESSAGE][PASSED] - Object: 'Object Repository/1. Constant/xpath' is clicked on

2022-06-23 20:50:42 - [TEST_STEP][PASSED] - delay(1): Delayed 1 second(s)

2022-06-23 20:50:43 - [MESSAGE][PASSED] - Delayed 1 second(s)

2022-06-23 20:50:43 - [TEST_STEP][PASSED] - click(findTestObject("1. Constant/02_LHSMenu_Projects")): Object: 'Object Repository/1. Constant/02_LHSMenu_Projects' is clicked on

2022-06-23 20:50:52 - [MESSAGE][PASSED] - Object: 'Object Repository/1. Constant/02_LHSMenu_Projects' is clicked on

2022-06-23 20:50:52 - [TEST_STEP][PASSED] - click(findTestObject("1. Constant/xpath", ["xpath":"//*[@id="kt_content"]/div[3]/div/div/div[1]/div[2]/a[1]"])): Object: 'Object Repository/1. Constant/xpath' is clicked on

2022-06-23 20:50:59 - [MESSAGE][PASSED] - Object: 'Object Repository/1. Constant/xpath' is clicked on

2022-06-23 20:50:59 - [TEST_STEP][PASSED] - takeScreenshot(): Taking screenshot successfully

2022-06-23 20:51:00 - [MESSAGE][PASSED] - Taking screenshot successfully
[[ATTACHMENT|D:\\Projet Test Auto\\Mediabox Test Automation\\Reports\\20220623_184212\\03. Parallel Testing (Testing)\\TS -PT PART 3\\07 Tag Sephora Dreyers _ Empty Group _Lifecycle condition\\20220623_184221\\1656010259720.png]]

2022-06-23 20:51:00 - [TEST_STEP][PASSED] - I.click_button_javascript(findTestObject("1. Constant/xpath", ["xpath":"//*[@id="field_var_24"]/div/div/label[2]"])): Execute JavaScript 'arguments[0].click()' successfully

2022-06-23 20:51:02 - [MESSAGE][PASSED] - Execute JavaScript 'arguments[0].click()' successfully

2022-06-23 20:51:02 - [TEST_STEP][PASSED] - selectOptionByValue(findTestObject("1. Constant/xpath", ["xpath":"//*[@id="var_89"]"]), "123", false): All options with value '123' are selected in object 'Object Repository/1. Constant/xpath' 

2022-06-23 20:51:04 - [MESSAGE][PASSED] - All options with value '123' are selected in object 'Object Repository/1. Constant/xpath' 

2022-06-23 20:51:04 - [TEST_STEP][PASSED] - selectOptionByValue(findTestObject("1. Constant/xpath", ["xpath":"//*[@id="selSource_25"]"]), "modonnell", false): All options with value 'modonnell' are selected in object 'Object Repository/1. Constant/xpath' 

2022-06-23 20:51:06 - [MESSAGE][PASSED] - All options with value 'modonnell' are selected in object 'Object Repository/1. Constant/xpath' 

2022-06-23 20:51:06 - [TEST_STEP][PASSED] - I.select_multiplelist("//*[@id="selSource_25"]", "//*[@id="btnAdd_25"]", "blemco"): Delayed 1 second(s)

2022-06-23 20:51:07 - [MESSAGE][PASSED] - Delayed 1 second(s)

2022-06-23 20:51:11 - [MESSAGE][PASSED] - All options with value 'blemco' are selected in object 'Object Repository/1. Constant/xpath' 

2022-06-23 20:51:13 - [MESSAGE][PASSED] - Delayed 2 second(s)

2022-06-23 20:51:14 - [MESSAGE][PASSED] - Object: 'Object Repository/1. Constant/xpath' is clicked on

2022-06-23 20:51:15 - [MESSAGE][PASSED] - Delayed 1 second(s)

2022-06-23 20:51:15 - [TEST_STEP][PASSED] - selectOptionByValue(findTestObject("1. Constant/xpath", ["xpath":"//*[@id="var_9"]"]), "18", false): All options with value '18' are selected in object 'Object Repository/1. Constant/xpath' 

2022-06-23 20:51:16 - [MESSAGE][PASSED] - All options with value '18' are selected in object 'Object Repository/1. Constant/xpath' 

2022-06-23 20:51:16 - [TEST_STEP][PASSED] - selectOptionByValue(findTestObject("1. Constant/xpath", ["xpath":"//*[@id="var_52"]"]), "112", false): All options with value '112' are selected in object 'Object Repository/1. Constant/xpath' 

2022-06-23 20:51:17 - [MESSAGE][PASSED] - All options with value '112' are selected in object 'Object Repository/1. Constant/xpath' 

2022-06-23 20:51:17 - [TEST_STEP][PASSED] - project_name = "Auto_LifecycleCondition_Backup_" + RandomStringUtils.randomAlphanumeric(3) + "_" + I.gettimedate(): null

2022-06-23 20:51:17 - [TEST_STEP][PASSED] - setText(findTestObject("1. Constant/xpath", ["xpath":"//*[@id="var_91"]"]), project_name): Text 'Auto_LifecycleCondition_Backup_DSG_juin232022_205117' is set on object 'Object Repository/1. Constant/xpath'

2022-06-23 20:51:20 - [MESSAGE][PASSED] - Text 'Auto_LifecycleCondition_Backup_DSG_juin232022_205117' is set on object 'Object Repository/1. Constant/xpath'

2022-06-23 20:51:20 - [TEST_STEP][PASSED] - selectOptionByValue(findTestObject("1. Constant/xpath", ["xpath":"//*[@id="var_30"]"]), "97", false): All options with value '97' are selected in object 'Object Repository/1. Constant/xpath' 

2022-06-23 20:51:21 - [MESSAGE][PASSED] - All options with value '97' are selected in object 'Object Repository/1. Constant/xpath' 

2022-06-23 20:51:21 - [TEST_STEP][PASSED] - selectOptionByValue(findTestObject("1. Constant/xpath", ["xpath":"//*[@id="var_11"]"]), "334", false): All options with value '334' are selected in object 'Object Repository/1. Constant/xpath' 

2022-06-23 20:51:22 - [MESSAGE][PASSED] - All options with value '334' are selected in object 'Object Repository/1. Constant/xpath' 

2022-06-23 20:51:22 - [TEST_STEP][PASSED] - setText(findTestObject("1. Constant/xpath", ["xpath":"//*[@id="var_22"]"]), "01/01/2030"): Text '01/01/2030' is set on object 'Object Repository/1. Constant/xpath'

2022-06-23 20:51:23 - [MESSAGE][PASSED] - Text '01/01/2030' is set on object 'Object Repository/1. Constant/xpath'

2022-06-23 20:51:23 - [TEST_STEP][PASSED] - setText(findTestObject("1. Constant/xpath", ["xpath":"//*[@id="var_23"]"]), "01/01/2030"): Text '01/01/2030' is set on object 'Object Repository/1. Constant/xpath'

2022-06-23 20:51:25 - [MESSAGE][PASSED] - Text '01/01/2030' is set on object 'Object Repository/1. Constant/xpath'

2022-06-23 20:51:25 - [TEST_STEP][PASSED] - setText(findTestObject("1. Constant/xpath", ["xpath":"//*[@id="var_14"]"]), "01/01/2030"): Text '01/01/2030' is set on object 'Object Repository/1. Constant/xpath'

2022-06-23 20:51:26 - [MESSAGE][PASSED] - Text '01/01/2030' is set on object 'Object Repository/1. Constant/xpath'

2022-06-23 20:51:26 - [TEST_STEP][PASSED] - selectOptionByValue(findTestObject("1. Constant/xpath", ["xpath":"//*[@id="selSource_13"]"]), "mbaughman", false): All options with value 'mbaughman' are selected in object 'Object Repository/1. Constant/xpath' 

2022-06-23 20:51:26 - [MESSAGE][PASSED] - All options with value 'mbaughman' are selected in object 'Object Repository/1. Constant/xpath' 

2022-06-23 20:51:26 - [TEST_STEP][PASSED] - I.select_multiplelist("//*[@id="selSource_13"]", "//*[@id="btnAdd_13"]", "rjaiven"): Delayed 1 second(s)

2022-06-23 20:51:27 - [MESSAGE][PASSED] - Delayed 1 second(s)

2022-06-23 20:51:29 - [MESSAGE][PASSED] - All options with value 'rjaiven' are selected in object 'Object Repository/1. Constant/xpath' 

2022-06-23 20:51:31 - [MESSAGE][PASSED] - Delayed 2 second(s)

2022-06-23 20:51:31 - [MESSAGE][PASSED] - Object: 'Object Repository/1. Constant/xpath' is clicked on

2022-06-23 20:51:32 - [MESSAGE][PASSED] - Delayed 1 second(s)

2022-06-23 20:51:32 - [TEST_STEP][PASSED] - selectOptionByValue(findTestObject("1. Constant/xpath", ["xpath":"//*[@id="selSource_27"]"]), "amassoth", false): All options with value 'amassoth' are selected in object 'Object Repository/1. Constant/xpath' 

2022-06-23 20:51:36 - [MESSAGE][PASSED] - All options with value 'amassoth' are selected in object 'Object Repository/1. Constant/xpath' 

2022-06-23 20:51:36 - [TEST_STEP][PASSED] - I.select_multiplelist("//*[@id="selSource_27"]", "//*[@id="btnAdd_27"]", "nturner"): Delayed 1 second(s)

2022-06-23 20:51:37 - [MESSAGE][PASSED] - Delayed 1 second(s)

2022-06-23 20:51:39 - [MESSAGE][PASSED] - All options with value 'nturner' are selected in object 'Object Repository/1. Constant/xpath' 

2022-06-23 20:51:41 - [MESSAGE][PASSED] - Delayed 2 second(s)

2022-06-23 20:51:44 - [MESSAGE][PASSED] - Object: 'Object Repository/1. Constant/xpath' is clicked on

2022-06-23 20:51:45 - [MESSAGE][PASSED] - Delayed 1 second(s)

2022-06-23 20:51:45 - [TEST_STEP][PASSED] - I.select_multiplelist("//*[@id="selSource_167"]", "//*[@id="btnAdd_167"]", "lmary"): Delayed 1 second(s)

2022-06-23 20:51:46 - [MESSAGE][PASSED] - Delayed 1 second(s)

2022-06-23 20:51:49 - [MESSAGE][PASSED] - All options with value 'lmary' are selected in object 'Object Repository/1. Constant/xpath' 

2022-06-23 20:51:51 - [MESSAGE][PASSED] - Delayed 2 second(s)

2022-06-23 20:51:53 - [MESSAGE][PASSED] - Object: 'Object Repository/1. Constant/xpath' is clicked on

2022-06-23 20:51:54 - [MESSAGE][PASSED] - Delayed 1 second(s)

2022-06-23 20:51:54 - [TEST_STEP][PASSED] - selectOptionByValue(findTestObject("1. Constant/xpath", ["xpath":"//*[@id="selSource_166"]"]), "bbenjamin", false): All options with value 'bbenjamin' are selected in object 'Object Repository/1. Constant/xpath' 

2022-06-23 20:51:58 - [MESSAGE][PASSED] - All options with value 'bbenjamin' are selected in object 'Object Repository/1. Constant/xpath' 

2022-06-23 20:51:58 - [TEST_STEP][PASSED] - I.select_multiplelist("//*[@id="selSource_166"]", "//*[@id="btnAdd_166"]", "lschwabe"): Delayed 1 second(s)

2022-06-23 20:51:59 - [MESSAGE][PASSED] - Delayed 1 second(s)

2022-06-23 20:52:04 - [MESSAGE][PASSED] - All options with value 'lschwabe' are selected in object 'Object Repository/1. Constant/xpath' 

2022-06-23 20:52:06 - [MESSAGE][PASSED] - Delayed 2 second(s)

2022-06-23 20:52:08 - [MESSAGE][PASSED] - Object: 'Object Repository/1. Constant/xpath' is clicked on

2022-06-23 20:52:09 - [MESSAGE][PASSED] - Delayed 1 second(s)

2022-06-23 20:52:09 - [TEST_STEP][PASSED] - I.select_multiplelist("//*[@id="selSource_26"]", "//*[@id="btnAdd_26"]", "talexeeva"): Delayed 1 second(s)

2022-06-23 20:52:10 - [MESSAGE][PASSED] - Delayed 1 second(s)

2022-06-23 20:52:14 - [MESSAGE][PASSED] - All options with value 'talexeeva' are selected in object 'Object Repository/1. Constant/xpath' 

2022-06-23 20:52:16 - [MESSAGE][PASSED] - Delayed 2 second(s)

2022-06-23 20:52:18 - [MESSAGE][PASSED] - Object: 'Object Repository/1. Constant/xpath' is clicked on

2022-06-23 20:52:19 - [MESSAGE][PASSED] - Delayed 1 second(s)

2022-06-23 20:52:19 - [TEST_STEP][PASSED] - selectOptionByValue(findTestObject("1. Constant/xpath", ["xpath":"//*[@id="selSource_29"]"]), "bharandi", false): All options with value 'bharandi' are selected in object 'Object Repository/1. Constant/xpath' 

2022-06-23 20:52:23 - [MESSAGE][PASSED] - All options with value 'bharandi' are selected in object 'Object Repository/1. Constant/xpath' 

2022-06-23 20:52:23 - [TEST_STEP][PASSED] - selectOptionByValue(findTestObject("1. Constant/xpath", ["xpath":"//*[@id="selSource_29"]"]), "bmilhomme", false): All options with value 'bmilhomme' are selected in object 'Object Repository/1. Constant/xpath' 

2022-06-23 20:52:29 - [MESSAGE][PASSED] - All options with value 'bmilhomme' are selected in object 'Object Repository/1. Constant/xpath' 

2022-06-23 20:52:29 - [TEST_STEP][PASSED] - I.select_multiplelist("//*[@id="selSource_29"]", "//*[@id="btnAdd_29"]", "rmorrone_2"): Delayed 1 second(s)

2022-06-23 20:52:30 - [MESSAGE][PASSED] - Delayed 1 second(s)

2022-06-23 20:52:34 - [MESSAGE][PASSED] - All options with value 'rmorrone_2' are selected in object 'Object Repository/1. Constant/xpath' 

2022-06-23 20:52:36 - [MESSAGE][PASSED] - Delayed 2 second(s)

2022-06-23 20:52:37 - [MESSAGE][PASSED] - Object: 'Object Repository/1. Constant/xpath' is clicked on

2022-06-23 20:52:38 - [MESSAGE][PASSED] - Delayed 1 second(s)

2022-06-23 20:52:38 - [TEST_STEP][PASSED] - I.Pagedown(): Execute JavaScript 'window.scrollTo(0, document.body.scrollHeight)' successfully

2022-06-23 20:52:39 - [MESSAGE][PASSED] - Execute JavaScript 'window.scrollTo(0, document.body.scrollHeight)' successfully

2022-06-23 20:52:39 - [TEST_STEP][PASSED] - click(findTestObject("1. Constant/xpath", ["xpath":"//*[@id="ModifFiche"]/div[3]/div/button"])): Object: 'Object Repository/1. Constant/xpath' is clicked on

2022-06-23 20:52:45 - [MESSAGE][PASSED] - Object: 'Object Repository/1. Constant/xpath' is clicked on

2022-06-23 20:52:45 - [TEST_STEP][PASSED] - delay(10): Delayed 10 second(s)

2022-06-23 20:52:55 - [MESSAGE][PASSED] - Delayed 10 second(s)

2022-06-23 20:52:55 - [TEST_STEP][PASSED] - Project_No = I.ProjectNo(): Current window's url is: 'http://mdb-release.diadeis.lan/MediaboxIndependence/Base/ExecAction?IDSession=MBI%21RELTESTAUTO_DREYERS%2101T53ZJ2MDUPGFF204NOS3QRNK8GICI03W9EU1ZN&default_action=AfficheFichesProjet&id_project=MI000887'

2022-06-23 20:53:00 - [MESSAGE][PASSED] - Delayed 5 second(s)

2022-06-23 20:53:01 - [MESSAGE][PASSED] - Current window's url is: 'http://mdb-release.diadeis.lan/MediaboxIndependence/Base/ExecAction?IDSession=MBI%21RELTESTAUTO_DREYERS%2101T53ZJ2MDUPGFF204NOS3QRNK8GICI03W9EU1ZN&default_action=AfficheFichesProjet&id_project=MI000887'

2022-06-23 20:53:01 - [TEST_STEP][PASSED] - I.print(Project_No): null

2022-06-23 20:53:01 - [TEST_STEP][PASSED] - takeScreenshot(): Taking screenshot successfully

2022-06-23 20:53:02 - [MESSAGE][PASSED] - Taking screenshot successfully
[[ATTACHMENT|D:\\Projet Test Auto\\Mediabox Test Automation\\Reports\\20220623_184212\\03. Parallel Testing (Testing)\\TS -PT PART 3\\07 Tag Sephora Dreyers _ Empty Group _Lifecycle condition\\20220623_184221\\1656010381992.png]]

2022-06-23 20:53:02 - [TEST_STEP][PASSED] - click(findTestObject("1. Constant/xpath", ["xpath":"//*[@id="create_ref_btn"]/button"])): Object: 'Object Repository/1. Constant/xpath' is clicked on

2022-06-23 20:53:05 - [MESSAGE][PASSED] - Object: 'Object Repository/1. Constant/xpath' is clicked on

2022-06-23 20:53:05 - [TEST_STEP][PASSED] - delay(1): Delayed 1 second(s)

2022-06-23 20:53:06 - [MESSAGE][PASSED] - Delayed 1 second(s)

2022-06-23 20:53:06 - [TEST_STEP][PASSED] - click(findTestObject("1. Constant/xpath", ["xpath":"//*[@id="create_ref_btn"]/div/a"])): Object: 'Object Repository/1. Constant/xpath' is clicked on

2022-06-23 20:53:10 - [MESSAGE][PASSED] - Object: 'Object Repository/1. Constant/xpath' is clicked on

2022-06-23 20:53:10 - [TEST_STEP][PASSED] - selectOptionByValue(findTestObject("1. Constant/xpath", ["xpath":"//*[@id="lfc_tpl"]"]), "28", false): All options with value '28' are selected in object 'Object Repository/1. Constant/xpath' 

2022-06-23 20:53:15 - [MESSAGE][PASSED] - All options with value '28' are selected in object 'Object Repository/1. Constant/xpath' 

2022-06-23 20:53:15 - [TEST_STEP][PASSED] - ref_name = RandomStringUtils.randomAlphanumeric(5) + "_Auto_A4A_" + I.gettimedate(): null

2022-06-23 20:53:15 - [TEST_STEP][PASSED] - setText(findTestObject("1. Constant/xpath", ["xpath":"//*[@id="var_name"]"]), ref_name): Text 'YYRmH_Auto_A4A_juin232022_205315' is set on object 'Object Repository/1. Constant/xpath'

2022-06-23 20:53:20 - [MESSAGE][PASSED] - Text 'YYRmH_Auto_A4A_juin232022_205315' is set on object 'Object Repository/1. Constant/xpath'

2022-06-23 20:53:20 - [TEST_STEP][PASSED] - takeScreenshot(): Taking screenshot successfully

2022-06-23 20:53:21 - [MESSAGE][PASSED] - Taking screenshot successfully
[[ATTACHMENT|D:\\Projet Test Auto\\Mediabox Test Automation\\Reports\\20220623_184212\\03. Parallel Testing (Testing)\\TS -PT PART 3\\07 Tag Sephora Dreyers _ Empty Group _Lifecycle condition\\20220623_184221\\1656010401297.png]]

2022-06-23 20:53:21 - [TEST_STEP][PASSED] - click(findTestObject("1. Constant/xpath", ["xpath":"//*[@id="ModifFiche"]/div[3]/div/button"])): Object: 'Object Repository/1. Constant/xpath' is clicked on

2022-06-23 20:53:26 - [MESSAGE][PASSED] - Object: 'Object Repository/1. Constant/xpath' is clicked on

2022-06-23 20:53:26 - [TEST_STEP][PASSED] - takeScreenshot(): Taking screenshot successfully

2022-06-23 20:53:28 - [MESSAGE][PASSED] - Taking screenshot successfully
[[ATTACHMENT|D:\\Projet Test Auto\\Mediabox Test Automation\\Reports\\20220623_184212\\03. Parallel Testing (Testing)\\TS -PT PART 3\\07 Tag Sephora Dreyers _ Empty Group _Lifecycle condition\\20220623_184221\\1656010407598.png]]

2022-06-23 20:53:28 - [TEST_STEP][PASSED] - delay(1): Delayed 1 second(s)

2022-06-23 20:53:29 - [MESSAGE][PASSED] - Delayed 1 second(s)

2022-06-23 20:53:29 - [TEST_STEP][PASSED] - refID_Mother = I.RefID(): Current window's url is: 'http://mdb-release.diadeis.lan/MediaboxIndependence/Base/ExecAction?IDSession=MBI%21RELTESTAUTO_DREYERS%2101T53ZJ2MDUPGFF204NOS3QRNK8GICI03W9EU1ZN&default_action=ModifierRef&id_project=MI000887&id_ref=5308&action_from=create_ref'

2022-06-23 20:53:34 - [MESSAGE][PASSED] - Delayed 5 second(s)

2022-06-23 20:53:34 - [MESSAGE][PASSED] - Current window's url is: 'http://mdb-release.diadeis.lan/MediaboxIndependence/Base/ExecAction?IDSession=MBI%21RELTESTAUTO_DREYERS%2101T53ZJ2MDUPGFF204NOS3QRNK8GICI03W9EU1ZN&default_action=ModifierRef&id_project=MI000887&id_ref=5308&action_from=create_ref'

2022-06-23 20:53:34 - [TEST_STEP][PASSED] - I.print(refID_Mother): null

2022-06-23 20:53:34 - [TEST_STEP][PASSED] - click(findTestObject("1. Constant/xpath", ["xpath":"//*[@id="type_save"]"])): Object: 'Object Repository/1. Constant/xpath' is clicked on

2022-06-23 20:53:41 - [MESSAGE][PASSED] - Object: 'Object Repository/1. Constant/xpath' is clicked on

2022-06-23 20:53:41 - [TEST_STEP][PASSED] - click(findTestObject("1. Constant/xpath", ["xpath":"//*[@id="source_" + refID_Mother + ""]/td[13]/a[1]"])): Object: 'Object Repository/1. Constant/xpath' is clicked on

2022-06-23 20:53:44 - [MESSAGE][PASSED] - Object: 'Object Repository/1. Constant/xpath' is clicked on

2022-06-23 20:53:44 - [TEST_STEP][PASSED] - selectOptionByValue(findTestObject("1. Constant/xpath", ["xpath":"//*[@id="lfc_tpl"]"]), "29", false): All options with value '29' are selected in object 'Object Repository/1. Constant/xpath' 

2022-06-23 20:53:49 - [MESSAGE][PASSED] - All options with value '29' are selected in object 'Object Repository/1. Constant/xpath' 

2022-06-23 20:53:49 - [TEST_STEP][PASSED] - takeScreenshot(): Taking screenshot successfully

2022-06-23 20:53:51 - [MESSAGE][PASSED] - Taking screenshot successfully
[[ATTACHMENT|D:\\Projet Test Auto\\Mediabox Test Automation\\Reports\\20220623_184212\\03. Parallel Testing (Testing)\\TS -PT PART 3\\07 Tag Sephora Dreyers _ Empty Group _Lifecycle condition\\20220623_184221\\1656010430287.png]]

2022-06-23 20:53:51 - [TEST_STEP][PASSED] - click(findTestObject("1. Constant/xpath", ["xpath":"//*[@id="ModifFiche"]/div[3]/div/button"])): Object: 'Object Repository/1. Constant/xpath' is clicked on

2022-06-23 20:53:57 - [MESSAGE][PASSED] - Object: 'Object Repository/1. Constant/xpath' is clicked on

2022-06-23 20:53:57 - [TEST_STEP][PASSED] - refID_Daughter1 = I.RefID(): Current window's url is: 'http://mdb-release.diadeis.lan/MediaboxIndependence/Base/ExecAction?IDSession=MBI%21RELTESTAUTO_DREYERS%2101T53ZJ2MDUPGFF204NOS3QRNK8GICI03W9EU1ZN&default_action=ModifierRef&id_project=MI000887&id_ref=5309&action_from=create_ref'

2022-06-23 20:54:02 - [MESSAGE][PASSED] - Delayed 5 second(s)

2022-06-23 20:54:02 - [MESSAGE][PASSED] - Current window's url is: 'http://mdb-release.diadeis.lan/MediaboxIndependence/Base/ExecAction?IDSession=MBI%21RELTESTAUTO_DREYERS%2101T53ZJ2MDUPGFF204NOS3QRNK8GICI03W9EU1ZN&default_action=ModifierRef&id_project=MI000887&id_ref=5309&action_from=create_ref'

2022-06-23 20:54:02 - [TEST_STEP][PASSED] - I.print(refID_Daughter1): null

2022-06-23 20:54:02 - [TEST_STEP][PASSED] - setText(findTestObject("1. Constant/xpath", ["xpath":"//*[@id="var_137"]"]), "Daughter 1"): Text 'Daughter 1' is set on object 'Object Repository/1. Constant/xpath'

2022-06-23 20:54:07 - [MESSAGE][PASSED] - Text 'Daughter 1' is set on object 'Object Repository/1. Constant/xpath'

2022-06-23 20:54:07 - [TEST_STEP][PASSED] - click(findTestObject("1. Constant/xpath", ["xpath":"//*[@id="type_save"]"])): Object: 'Object Repository/1. Constant/xpath' is clicked on

2022-06-23 20:54:15 - [MESSAGE][PASSED] - Object: 'Object Repository/1. Constant/xpath' is clicked on

2022-06-23 20:54:15 - [TEST_STEP][PASSED] - delay(1): Delayed 1 second(s)

2022-06-23 20:54:16 - [MESSAGE][PASSED] - Delayed 1 second(s)

2022-06-23 20:54:16 - [TEST_STEP][PASSED] - takeScreenshot(): Taking screenshot successfully

2022-06-23 20:54:18 - [MESSAGE][PASSED] - Taking screenshot successfully
[[ATTACHMENT|D:\\Projet Test Auto\\Mediabox Test Automation\\Reports\\20220623_184212\\03. Parallel Testing (Testing)\\TS -PT PART 3\\07 Tag Sephora Dreyers _ Empty Group _Lifecycle condition\\20220623_184221\\1656010457446.png]]

2022-06-23 20:54:18 - [TEST_STEP][PASSED] - click(findTestObject("1. Constant/xpath", ["xpath":"//*[@id="source_" + refID_Mother + ""]/td[15]/a[1]"])): Object: 'Object Repository/1. Constant/xpath' is clicked on

2022-06-23 20:54:21 - [MESSAGE][PASSED] - Object: 'Object Repository/1. Constant/xpath' is clicked on

2022-06-23 20:54:21 - [TEST_STEP][PASSED] - selectOptionByValue(findTestObject("1. Constant/xpath", ["xpath":"//*[@id="lfc_tpl"]"]), "29", false): All options with value '29' are selected in object 'Object Repository/1. Constant/xpath' 

2022-06-23 20:54:26 - [MESSAGE][PASSED] - All options with value '29' are selected in object 'Object Repository/1. Constant/xpath' 

2022-06-23 20:54:26 - [TEST_STEP][PASSED] - takeScreenshot(): Taking screenshot successfully

2022-06-23 20:54:28 - [MESSAGE][PASSED] - Taking screenshot successfully
[[ATTACHMENT|D:\\Projet Test Auto\\Mediabox Test Automation\\Reports\\20220623_184212\\03. Parallel Testing (Testing)\\TS -PT PART 3\\07 Tag Sephora Dreyers _ Empty Group _Lifecycle condition\\20220623_184221\\1656010467412.png]]

2022-06-23 20:54:28 - [TEST_STEP][PASSED] - click(findTestObject("1. Constant/xpath", ["xpath":"//*[@id="ModifFiche"]/div[3]/div/button"])): Object: 'Object Repository/1. Constant/xpath' is clicked on

2022-06-23 20:54:34 - [MESSAGE][PASSED] - Object: 'Object Repository/1. Constant/xpath' is clicked on

2022-06-23 20:54:34 - [TEST_STEP][PASSED] - refID_Daughter2 = I.RefID(): Current window's url is: 'http://mdb-release.diadeis.lan/MediaboxIndependence/Base/ExecAction?IDSession=MBI%21RELTESTAUTO_DREYERS%2101T53ZJ2MDUPGFF204NOS3QRNK8GICI03W9EU1ZN&default_action=ModifierRef&id_project=MI000887&id_ref=5310&action_from=create_ref'

2022-06-23 20:54:39 - [MESSAGE][PASSED] - Delayed 5 second(s)

2022-06-23 20:54:40 - [MESSAGE][PASSED] - Current window's url is: 'http://mdb-release.diadeis.lan/MediaboxIndependence/Base/ExecAction?IDSession=MBI%21RELTESTAUTO_DREYERS%2101T53ZJ2MDUPGFF204NOS3QRNK8GICI03W9EU1ZN&default_action=ModifierRef&id_project=MI000887&id_ref=5310&action_from=create_ref'

2022-06-23 20:54:40 - [TEST_STEP][PASSED] - I.print(refID_Daughter2): null

2022-06-23 20:54:40 - [TEST_STEP][PASSED] - setText(findTestObject("1. Constant/xpath", ["xpath":"//*[@id="var_137"]"]), "Daughter 2"): Text 'Daughter 2' is set on object 'Object Repository/1. Constant/xpath'

2022-06-23 20:54:44 - [MESSAGE][PASSED] - Text 'Daughter 2' is set on object 'Object Repository/1. Constant/xpath'

2022-06-23 20:54:44 - [TEST_STEP][PASSED] - click(findTestObject("1. Constant/xpath", ["xpath":"//*[@id="type_save"]"])): Object: 'Object Repository/1. Constant/xpath' is clicked on

2022-06-23 20:54:50 - [MESSAGE][PASSED] - Object: 'Object Repository/1. Constant/xpath' is clicked on

2022-06-23 20:54:50 - [TEST_STEP][PASSED] - delay(1): Delayed 1 second(s)

2022-06-23 20:54:51 - [MESSAGE][PASSED] - Delayed 1 second(s)

2022-06-23 20:54:51 - [TEST_STEP][PASSED] - takeScreenshot(): Taking screenshot successfully

2022-06-23 20:54:53 - [MESSAGE][PASSED] - Taking screenshot successfully
[[ATTACHMENT|D:\\Projet Test Auto\\Mediabox Test Automation\\Reports\\20220623_184212\\03. Parallel Testing (Testing)\\TS -PT PART 3\\07 Tag Sephora Dreyers _ Empty Group _Lifecycle condition\\20220623_184221\\1656010492391.png]]

2022-06-23 20:54:53 - [TEST_STEP][PASSED] - click(findTestObject("1. Constant/xpath", ["xpath":"//*[@id="source_" + refID_Daughter1 + ""]/td[15]/div[1]/button"])): Object: 'Object Repository/1. Constant/xpath' is clicked on

2022-06-23 20:54:55 - [MESSAGE][PASSED] - Object: 'Object Repository/1. Constant/xpath' is clicked on

2022-06-23 20:54:55 - [TEST_STEP][PASSED] - delay(2): Delayed 2 second(s)

2022-06-23 20:54:57 - [MESSAGE][PASSED] - Delayed 2 second(s)

2022-06-23 20:54:57 - [TEST_STEP][PASSED] - click(findTestObject("1. Constant/xpath", ["xpath":"//*[@id="source_" + refID_Daughter1 + ""]/td[15]/div[1]/div/a[2]"])): Object: 'Object Repository/1. Constant/xpath' is clicked on

2022-06-23 20:55:02 - [MESSAGE][PASSED] - Object: 'Object Repository/1. Constant/xpath' is clicked on

2022-06-23 20:55:02 - [TEST_STEP][PASSED] - selectOptionByValue(findTestObject("1. Constant/xpath", ["xpath":"//*[@id="lfc_tpl"]"]), "30", false): All options with value '30' are selected in object 'Object Repository/1. Constant/xpath' 

2022-06-23 20:55:07 - [MESSAGE][PASSED] - All options with value '30' are selected in object 'Object Repository/1. Constant/xpath' 

2022-06-23 20:55:07 - [TEST_STEP][PASSED] - takeScreenshot(): Taking screenshot successfully

2022-06-23 20:55:09 - [MESSAGE][PASSED] - Taking screenshot successfully
[[ATTACHMENT|D:\\Projet Test Auto\\Mediabox Test Automation\\Reports\\20220623_184212\\03. Parallel Testing (Testing)\\TS -PT PART 3\\07 Tag Sephora Dreyers _ Empty Group _Lifecycle condition\\20220623_184221\\1656010508117.png]]

2022-06-23 20:55:09 - [TEST_STEP][PASSED] - click(findTestObject("1. Constant/xpath", ["xpath":"//*[@id="ModifFiche"]/div[1]/div/button"])): Object: 'Object Repository/1. Constant/xpath' is clicked on

2022-06-23 20:55:15 - [MESSAGE][PASSED] - Object: 'Object Repository/1. Constant/xpath' is clicked on

2022-06-23 20:55:15 - [TEST_STEP][PASSED] - refID_GrandDaughter1 = I.RefID(): Current window's url is: 'http://mdb-release.diadeis.lan/MediaboxIndependence/Base/ExecAction?IDSession=MBI%21RELTESTAUTO_DREYERS%2101T53ZJ2MDUPGFF204NOS3QRNK8GICI03W9EU1ZN&default_action=ModifierRef&id_project=MI000887&id_ref=5311&action_from=create_ref'

2022-06-23 20:55:20 - [MESSAGE][PASSED] - Delayed 5 second(s)

2022-06-23 20:55:21 - [MESSAGE][PASSED] - Current window's url is: 'http://mdb-release.diadeis.lan/MediaboxIndependence/Base/ExecAction?IDSession=MBI%21RELTESTAUTO_DREYERS%2101T53ZJ2MDUPGFF204NOS3QRNK8GICI03W9EU1ZN&default_action=ModifierRef&id_project=MI000887&id_ref=5311&action_from=create_ref'

2022-06-23 20:55:21 - [TEST_STEP][PASSED] - I.print(refID_GrandDaughter1): null

2022-06-23 20:55:21 - [TEST_STEP][PASSED] - setText(findTestObject("1. Constant/xpath", ["xpath":"//*[@id="var_137"]"]), "Grand Daughter 1"): Text 'Grand Daughter 1' is set on object 'Object Repository/1. Constant/xpath'

2022-06-23 20:55:24 - [MESSAGE][PASSED] - Text 'Grand Daughter 1' is set on object 'Object Repository/1. Constant/xpath'

2022-06-23 20:55:24 - [TEST_STEP][PASSED] - click(findTestObject("1. Constant/xpath", ["xpath":"//*[@id="type_save"]"])): Object: 'Object Repository/1. Constant/xpath' is clicked on

2022-06-23 20:55:31 - [MESSAGE][PASSED] - Object: 'Object Repository/1. Constant/xpath' is clicked on

2022-06-23 20:55:31 - [TEST_STEP][PASSED] - delay(1): Delayed 1 second(s)

2022-06-23 20:55:32 - [MESSAGE][PASSED] - Delayed 1 second(s)

2022-06-23 20:55:32 - [TEST_STEP][PASSED] - takeScreenshot(): Taking screenshot successfully

2022-06-23 20:55:34 - [MESSAGE][PASSED] - Taking screenshot successfully
[[ATTACHMENT|D:\\Projet Test Auto\\Mediabox Test Automation\\Reports\\20220623_184212\\03. Parallel Testing (Testing)\\TS -PT PART 3\\07 Tag Sephora Dreyers _ Empty Group _Lifecycle condition\\20220623_184221\\1656010533535.png]]

2022-06-23 20:55:34 - [TEST_STEP][PASSED] - delay(1): Delayed 1 second(s)

2022-06-23 20:55:35 - [MESSAGE][PASSED] - Delayed 1 second(s)

2022-06-23 20:55:35 - [TEST_STEP][PASSED] - click(findTestObject("1. Constant/xpath", ["xpath":"//*[@id="ancre_" + refID_Daughter2 + ""]/a[1]"])): Object: 'Object Repository/1. Constant/xpath' is clicked on

2022-06-23 20:55:39 - [MESSAGE][PASSED] - Object: 'Object Repository/1. Constant/xpath' is clicked on

2022-06-23 20:55:39 - [TEST_STEP][PASSED] - delay(2): Delayed 2 second(s)

2022-06-23 20:55:41 - [MESSAGE][PASSED] - Delayed 2 second(s)

2022-06-23 20:55:41 - [TEST_STEP][PASSED] - selectOptionByValue(findTestObject("1. Constant/xpath", ["xpath":"//*[@id="lfc_tpl"]"]), "31", false): All options with value '31' are selected in object 'Object Repository/1. Constant/xpath' 

2022-06-23 20:55:42 - [MESSAGE][PASSED] - All options with value '31' are selected in object 'Object Repository/1. Constant/xpath' 

2022-06-23 20:55:42 - [TEST_STEP][PASSED] - takeScreenshot(): Taking screenshot successfully

2022-06-23 20:55:44 - [MESSAGE][PASSED] - Taking screenshot successfully
[[ATTACHMENT|D:\\Projet Test Auto\\Mediabox Test Automation\\Reports\\20220623_184212\\03. Parallel Testing (Testing)\\TS -PT PART 3\\07 Tag Sephora Dreyers _ Empty Group _Lifecycle condition\\20220623_184221\\1656010543327.png]]

2022-06-23 20:55:44 - [TEST_STEP][PASSED] - click(findTestObject("1. Constant/xpath", ["xpath":"//*[@id="ModifFiche"]/div[1]/div/button"])): Object: 'Object Repository/1. Constant/xpath' is clicked on

2022-06-23 20:55:51 - [MESSAGE][PASSED] - Object: 'Object Repository/1. Constant/xpath' is clicked on

2022-06-23 20:55:51 - [TEST_STEP][PASSED] - refID_GrandDaughter2 = I.RefID(): Current window's url is: 'http://mdb-release.diadeis.lan/MediaboxIndependence/Base/ExecAction?IDSession=MBI%21RELTESTAUTO_DREYERS%2101T53ZJ2MDUPGFF204NOS3QRNK8GICI03W9EU1ZN&default_action=ModifierRef&id_project=MI000887&id_ref=5312&action_from=create_ref'

2022-06-23 20:55:56 - [MESSAGE][PASSED] - Delayed 5 second(s)

2022-06-23 20:55:56 - [MESSAGE][PASSED] - Current window's url is: 'http://mdb-release.diadeis.lan/MediaboxIndependence/Base/ExecAction?IDSession=MBI%21RELTESTAUTO_DREYERS%2101T53ZJ2MDUPGFF204NOS3QRNK8GICI03W9EU1ZN&default_action=ModifierRef&id_project=MI000887&id_ref=5312&action_from=create_ref'

2022-06-23 20:55:56 - [TEST_STEP][PASSED] - I.print(refID_GrandDaughter2): null

2022-06-23 20:55:56 - [TEST_STEP][PASSED] - setText(findTestObject("1. Constant/xpath", ["xpath":"//*[@id="var_137"]"]), "Grand Daughter 2"): Text 'Grand Daughter 2' is set on object 'Object Repository/1. Constant/xpath'

2022-06-23 20:56:01 - [MESSAGE][PASSED] - Text 'Grand Daughter 2' is set on object 'Object Repository/1. Constant/xpath'

2022-06-23 20:56:01 - [TEST_STEP][PASSED] - click(findTestObject("1. Constant/xpath", ["xpath":"//*[@id="type_save"]"])): Object: 'Object Repository/1. Constant/xpath' is clicked on

2022-06-23 20:56:09 - [MESSAGE][PASSED] - Object: 'Object Repository/1. Constant/xpath' is clicked on

2022-06-23 20:56:09 - [TEST_STEP][PASSED] - takeScreenshot(): Taking screenshot successfully

2022-06-23 20:56:10 - [MESSAGE][PASSED] - Taking screenshot successfully
[[ATTACHMENT|D:\\Projet Test Auto\\Mediabox Test Automation\\Reports\\20220623_184212\\03. Parallel Testing (Testing)\\TS -PT PART 3\\07 Tag Sephora Dreyers _ Empty Group _Lifecycle condition\\20220623_184221\\1656010569573.png]]

2022-06-23 20:56:10 - [TEST_STEP][PASSED] - delay(1): Delayed 1 second(s)

2022-06-23 20:56:11 - [MESSAGE][PASSED] - Delayed 1 second(s)

2022-06-23 20:56:11 - [TEST_STEP][PASSED] - click(findTestObject("1. Constant/xpath", ["xpath":"//*[@id="source_" + refID_Daughter2 + ""]/td[17]/div[1]/button"])): Object: 'Object Repository/1. Constant/xpath' is clicked on

2022-06-23 20:56:13 - [MESSAGE][PASSED] - Object: 'Object Repository/1. Constant/xpath' is clicked on

2022-06-23 20:56:13 - [TEST_STEP][PASSED] - delay(2): Delayed 2 second(s)

2022-06-23 20:56:15 - [MESSAGE][PASSED] - Delayed 2 second(s)

2022-06-23 20:56:15 - [TEST_STEP][PASSED] - click(findTestObject("1. Constant/xpath", ["xpath":"//*[@id="source_" + refID_Daughter2 + ""]/td[17]/div[1]/div/a[2]"])): Object: 'Object Repository/1. Constant/xpath' is clicked on

2022-06-23 20:56:19 - [MESSAGE][PASSED] - Object: 'Object Repository/1. Constant/xpath' is clicked on

2022-06-23 20:56:19 - [TEST_STEP][PASSED] - selectOptionByValue(findTestObject("1. Constant/xpath", ["xpath":"//*[@id="lfc_tpl"]"]), "30", false): All options with value '30' are selected in object 'Object Repository/1. Constant/xpath' 

2022-06-23 20:56:24 - [MESSAGE][PASSED] - All options with value '30' are selected in object 'Object Repository/1. Constant/xpath' 

2022-06-23 20:56:24 - [TEST_STEP][PASSED] - takeScreenshot(): Taking screenshot successfully

2022-06-23 20:56:26 - [MESSAGE][PASSED] - Taking screenshot successfully
[[ATTACHMENT|D:\\Projet Test Auto\\Mediabox Test Automation\\Reports\\20220623_184212\\03. Parallel Testing (Testing)\\TS -PT PART 3\\07 Tag Sephora Dreyers _ Empty Group _Lifecycle condition\\20220623_184221\\1656010585809.png]]

2022-06-23 20:56:26 - [TEST_STEP][PASSED] - click(findTestObject("1. Constant/xpath", ["xpath":"//*[@id="ModifFiche"]/div[1]/div/button"])): Object: 'Object Repository/1. Constant/xpath' is clicked on

2022-06-23 20:56:33 - [MESSAGE][PASSED] - Object: 'Object Repository/1. Constant/xpath' is clicked on

2022-06-23 20:56:33 - [TEST_STEP][PASSED] - refID_GrandDaughter3 = I.RefID(): Current window's url is: 'http://mdb-release.diadeis.lan/MediaboxIndependence/Base/ExecAction?IDSession=MBI%21RELTESTAUTO_DREYERS%2101T53ZJ2MDUPGFF204NOS3QRNK8GICI03W9EU1ZN&default_action=ModifierRef&id_project=MI000887&id_ref=5313&action_from=create_ref'

2022-06-23 20:56:38 - [MESSAGE][PASSED] - Delayed 5 second(s)

2022-06-23 20:56:39 - [MESSAGE][PASSED] - Current window's url is: 'http://mdb-release.diadeis.lan/MediaboxIndependence/Base/ExecAction?IDSession=MBI%21RELTESTAUTO_DREYERS%2101T53ZJ2MDUPGFF204NOS3QRNK8GICI03W9EU1ZN&default_action=ModifierRef&id_project=MI000887&id_ref=5313&action_from=create_ref'

2022-06-23 20:56:39 - [TEST_STEP][PASSED] - I.print(refID_GrandDaughter3): null

2022-06-23 20:56:39 - [TEST_STEP][PASSED] - setText(findTestObject("1. Constant/xpath", ["xpath":"//*[@id="var_137"]"]), "Grand Daughter 3"): Text 'Grand Daughter 3' is set on object 'Object Repository/1. Constant/xpath'

2022-06-23 20:56:50 - [MESSAGE][PASSED] - Text 'Grand Daughter 3' is set on object 'Object Repository/1. Constant/xpath'

2022-06-23 20:56:50 - [TEST_STEP][PASSED] - click(findTestObject("1. Constant/xpath", ["xpath":"//*[@id="type_save"]"])): Object: 'Object Repository/1. Constant/xpath' is clicked on

2022-06-23 20:57:00 - [MESSAGE][PASSED] - Object: 'Object Repository/1. Constant/xpath' is clicked on

2022-06-23 20:57:00 - [TEST_STEP][PASSED] - delay(1): Delayed 1 second(s)

2022-06-23 20:57:01 - [MESSAGE][PASSED] - Delayed 1 second(s)

2022-06-23 20:57:01 - [TEST_STEP][PASSED] - takeScreenshot(): Taking screenshot successfully

2022-06-23 20:57:03 - [MESSAGE][PASSED] - Taking screenshot successfully
[[ATTACHMENT|D:\\Projet Test Auto\\Mediabox Test Automation\\Reports\\20220623_184212\\03. Parallel Testing (Testing)\\TS -PT PART 3\\07 Tag Sephora Dreyers _ Empty Group _Lifecycle condition\\20220623_184221\\1656010622645.png]]

2022-06-23 20:57:03 - [TEST_STEP][PASSED] - delay(1): Delayed 1 second(s)

2022-06-23 20:57:04 - [MESSAGE][PASSED] - Delayed 1 second(s)

2022-06-23 20:57:04 - [TEST_STEP][PASSED] - click(findTestObject("1. Constant/xpath", ["xpath":"//*[@id="source_" + refID_Daughter2 + ""]/td[17]/a[1]"])): Object: 'Object Repository/1. Constant/xpath' is clicked on

2022-06-23 20:57:13 - [MESSAGE][PASSED] - Object: 'Object Repository/1. Constant/xpath' is clicked on

2022-06-23 20:57:13 - [TEST_STEP][PASSED] - delay(2): Delayed 2 second(s)

2022-06-23 20:57:15 - [MESSAGE][PASSED] - Delayed 2 second(s)

2022-06-23 20:57:15 - [TEST_STEP][PASSED] - selectOptionByValue(findTestObject("1. Constant/xpath", ["xpath":"//*[@id="lfc_tpl"]"]), "31", false): All options with value '31' are selected in object 'Object Repository/1. Constant/xpath' 

2022-06-23 20:57:23 - [MESSAGE][PASSED] - All options with value '31' are selected in object 'Object Repository/1. Constant/xpath' 

2022-06-23 20:57:23 - [TEST_STEP][PASSED] - takeScreenshot(): Taking screenshot successfully

2022-06-23 20:57:25 - [MESSAGE][PASSED] - Taking screenshot successfully
[[ATTACHMENT|D:\\Projet Test Auto\\Mediabox Test Automation\\Reports\\20220623_184212\\03. Parallel Testing (Testing)\\TS -PT PART 3\\07 Tag Sephora Dreyers _ Empty Group _Lifecycle condition\\20220623_184221\\1656010644397.png]]

2022-06-23 20:57:25 - [TEST_STEP][PASSED] - click(findTestObject("1. Constant/xpath", ["xpath":"//*[@id="ModifFiche"]/div[1]/div/button"])): Object: 'Object Repository/1. Constant/xpath' is clicked on

2022-06-23 20:57:34 - [MESSAGE][PASSED] - Object: 'Object Repository/1. Constant/xpath' is clicked on

2022-06-23 20:57:34 - [TEST_STEP][PASSED] - refID_GrandDaughter4 = I.RefID(): Current window's url is: 'http://mdb-release.diadeis.lan/MediaboxIndependence/Base/ExecAction?IDSession=MBI%21RELTESTAUTO_DREYERS%2101T53ZJ2MDUPGFF204NOS3QRNK8GICI03W9EU1ZN&default_action=ModifierRef&id_project=MI000887&id_ref=5314&action_from=create_ref'

2022-06-23 20:57:39 - [MESSAGE][PASSED] - Delayed 5 second(s)

2022-06-23 20:57:39 - [MESSAGE][PASSED] - Current window's url is: 'http://mdb-release.diadeis.lan/MediaboxIndependence/Base/ExecAction?IDSession=MBI%21RELTESTAUTO_DREYERS%2101T53ZJ2MDUPGFF204NOS3QRNK8GICI03W9EU1ZN&default_action=ModifierRef&id_project=MI000887&id_ref=5314&action_from=create_ref'

2022-06-23 20:57:39 - [TEST_STEP][PASSED] - I.print(refID_GrandDaughter4): null

2022-06-23 20:57:39 - [TEST_STEP][PASSED] - setText(findTestObject("1. Constant/xpath", ["xpath":"//*[@id="var_137"]"]), "Grand Daughter 4"): Text 'Grand Daughter 4' is set on object 'Object Repository/1. Constant/xpath'

2022-06-23 20:57:47 - [MESSAGE][PASSED] - Text 'Grand Daughter 4' is set on object 'Object Repository/1. Constant/xpath'

2022-06-23 20:57:47 - [TEST_STEP][PASSED] - click(findTestObject("1. Constant/xpath", ["xpath":"//*[@id="type_save"]"])): Object: 'Object Repository/1. Constant/xpath' is clicked on

2022-06-23 20:57:56 - [MESSAGE][PASSED] - Object: 'Object Repository/1. Constant/xpath' is clicked on

2022-06-23 20:57:56 - [TEST_STEP][PASSED] - takeScreenshot(): Taking screenshot successfully

2022-06-23 20:57:58 - [MESSAGE][PASSED] - Taking screenshot successfully
[[ATTACHMENT|D:\\Projet Test Auto\\Mediabox Test Automation\\Reports\\20220623_184212\\03. Parallel Testing (Testing)\\TS -PT PART 3\\07 Tag Sephora Dreyers _ Empty Group _Lifecycle condition\\20220623_184221\\1656010677215.png]]

2022-06-23 20:57:58 - [TEST_STEP][PASSED] - delay(1): Delayed 1 second(s)

2022-06-23 20:57:59 - [MESSAGE][PASSED] - Delayed 1 second(s)

2022-06-23 20:57:59 - [TEST_STEP][PASSED] - click(findTestObject("1. Constant/xpath", ["xpath":"//*[@id="ancre_" + refID_Daughter2 + ""]/a[2]"])): Object: 'Object Repository/1. Constant/xpath' is clicked on

2022-06-23 20:58:08 - [MESSAGE][PASSED] - Object: 'Object Repository/1. Constant/xpath' is clicked on

2022-06-23 20:58:08 - [TEST_STEP][PASSED] - takeScreenshot(): Taking screenshot successfully

2022-06-23 20:58:10 - [MESSAGE][PASSED] - Taking screenshot successfully
[[ATTACHMENT|D:\\Projet Test Auto\\Mediabox Test Automation\\Reports\\20220623_184212\\03. Parallel Testing (Testing)\\TS -PT PART 3\\07 Tag Sephora Dreyers _ Empty Group _Lifecycle condition\\20220623_184221\\1656010689244.png]]

2022-06-23 20:58:10 - [TEST_STEP][PASSED] - click(findTestObject("1. Constant/xpath", ["xpath":"//*[@id="ModifFiche"]/div[1]/div/button[2]"])): Object: 'Object Repository/1. Constant/xpath' is clicked on

2022-06-23 20:58:20 - [MESSAGE][PASSED] - Object: 'Object Repository/1. Constant/xpath' is clicked on

2022-06-23 20:58:20 - [TEST_STEP][PASSED] - takeScreenshot(): Taking screenshot successfully

2022-06-23 20:58:21 - [MESSAGE][PASSED] - Taking screenshot successfully
[[ATTACHMENT|D:\\Projet Test Auto\\Mediabox Test Automation\\Reports\\20220623_184212\\03. Parallel Testing (Testing)\\TS -PT PART 3\\07 Tag Sephora Dreyers _ Empty Group _Lifecycle condition\\20220623_184221\\1656010700634.png]]

2022-06-23 20:58:21 - [TEST_STEP][PASSED] - delay(1): Delayed 1 second(s)

2022-06-23 20:58:22 - [MESSAGE][PASSED] - Delayed 1 second(s)

2022-06-23 20:58:22 - [TEST_STEP][PASSED] - Actual_Lifecycle1_GD1 = getText(findTestObject("1. Constant/xpath", ["xpath":"//*[@id="source_" + refID_GrandDaughter1 + ""]/td[16]/span[1]"])): Text of object 'Object Repository/1. Constant/xpath' is: 'GD1 Phase 2.1'

2022-06-23 20:58:23 - [MESSAGE][PASSED] - Text of object 'Object Repository/1. Constant/xpath' is: 'GD1 Phase 2.1'

2022-06-23 20:58:23 - [TEST_STEP][PASSED] - verifyMatch(Actual_Lifecycle1_GD1, "GD1 Phase 2.1", false): Actual text 'GD1 Phase 2.1' and expected text 'GD1 Phase 2.1' are matched 

2022-06-23 20:58:23 - [MESSAGE][PASSED] - Actual text 'GD1 Phase 2.1' and expected text 'GD1 Phase 2.1' are matched 

2022-06-23 20:58:23 - [TEST_STEP][PASSED] - click(findTestObject("1. Constant/xpath", ["xpath":"//*[@id="ancre_" + refID_GrandDaughter3 + ""]/a[2]"])): Object: 'Object Repository/1. Constant/xpath' is clicked on

2022-06-23 20:58:28 - [MESSAGE][PASSED] - Object: 'Object Repository/1. Constant/xpath' is clicked on

2022-06-23 20:58:28 - [TEST_STEP][PASSED] - takeScreenshot(): Taking screenshot successfully

2022-06-23 20:58:30 - [MESSAGE][PASSED] - Taking screenshot successfully
[[ATTACHMENT|D:\\Projet Test Auto\\Mediabox Test Automation\\Reports\\20220623_184212\\03. Parallel Testing (Testing)\\TS -PT PART 3\\07 Tag Sephora Dreyers _ Empty Group _Lifecycle condition\\20220623_184221\\1656010708937.png]]

2022-06-23 20:58:30 - [TEST_STEP][PASSED] - click(findTestObject("1. Constant/xpath", ["xpath":"//*[@id="ModifFiche"]/div[1]/div/button[2]"])): Object: 'Object Repository/1. Constant/xpath' is clicked on

2022-06-23 20:58:36 - [MESSAGE][PASSED] - Object: 'Object Repository/1. Constant/xpath' is clicked on

2022-06-23 20:58:36 - [TEST_STEP][PASSED] - delay(1): Delayed 1 second(s)

2022-06-23 20:58:37 - [MESSAGE][PASSED] - Delayed 1 second(s)

2022-06-23 20:58:37 - [TEST_STEP][PASSED] - Actual_Lifecycle1_GD2 = getText(findTestObject("1. Constant/xpath", ["xpath":"//*[@id="source_" + refID_GrandDaughter2 + ""]/td[16]/span[1]"])): Text of object 'Object Repository/1. Constant/xpath' is: 'GD2 Phase 2.1'

2022-06-23 20:58:38 - [MESSAGE][PASSED] - Text of object 'Object Repository/1. Constant/xpath' is: 'GD2 Phase 2.1'

2022-06-23 20:58:38 - [TEST_STEP][PASSED] - verifyMatch(Actual_Lifecycle1_GD2, "GD2 Phase 2.1", false): Actual text 'GD2 Phase 2.1' and expected text 'GD2 Phase 2.1' are matched 

2022-06-23 20:58:38 - [MESSAGE][PASSED] - Actual text 'GD2 Phase 2.1' and expected text 'GD2 Phase 2.1' are matched 

2022-06-23 20:58:38 - [TEST_STEP][PASSED] - takeScreenshot(): Taking screenshot successfully

2022-06-23 20:58:39 - [MESSAGE][PASSED] - Taking screenshot successfully
[[ATTACHMENT|D:\\Projet Test Auto\\Mediabox Test Automation\\Reports\\20220623_184212\\03. Parallel Testing (Testing)\\TS -PT PART 3\\07 Tag Sephora Dreyers _ Empty Group _Lifecycle condition\\20220623_184221\\1656010718833.png]]

2022-06-23 20:58:39 - [TEST_STEP][PASSED] - click(findTestObject("1. Constant/xpath", ["xpath":"//*[@id="ancre_" + refID_Daughter2 + ""]/a[2]"])): Object: 'Object Repository/1. Constant/xpath' is clicked on

2022-06-23 20:58:45 - [MESSAGE][PASSED] - Object: 'Object Repository/1. Constant/xpath' is clicked on

2022-06-23 20:58:45 - [TEST_STEP][PASSED] - takeScreenshot(): Taking screenshot successfully

2022-06-23 20:58:47 - [MESSAGE][PASSED] - Taking screenshot successfully
[[ATTACHMENT|D:\\Projet Test Auto\\Mediabox Test Automation\\Reports\\20220623_184212\\03. Parallel Testing (Testing)\\TS -PT PART 3\\07 Tag Sephora Dreyers _ Empty Group _Lifecycle condition\\20220623_184221\\1656010726181.png]]

2022-06-23 20:58:47 - [TEST_STEP][PASSED] - click(findTestObject("1. Constant/xpath", ["xpath":"//*[@id="ModifFiche"]/div[1]/div/button[2]"])): Object: 'Object Repository/1. Constant/xpath' is clicked on

2022-06-23 20:58:53 - [MESSAGE][PASSED] - Object: 'Object Repository/1. Constant/xpath' is clicked on

2022-06-23 20:58:53 - [TEST_STEP][PASSED] - takeScreenshot(): Taking screenshot successfully

2022-06-23 20:58:54 - [MESSAGE][PASSED] - Taking screenshot successfully
[[ATTACHMENT|D:\\Projet Test Auto\\Mediabox Test Automation\\Reports\\20220623_184212\\03. Parallel Testing (Testing)\\TS -PT PART 3\\07 Tag Sephora Dreyers _ Empty Group _Lifecycle condition\\20220623_184221\\1656010733581.png]]

2022-06-23 20:58:54 - [TEST_STEP][PASSED] - delay(1): Delayed 1 second(s)

2022-06-23 20:58:55 - [MESSAGE][PASSED] - Delayed 1 second(s)

2022-06-23 20:58:55 - [TEST_STEP][PASSED] - Actual_Lifecycle2_GD1 = getText(findTestObject("1. Constant/xpath", ["xpath":"//*[@id="source_" + refID_GrandDaughter1 + ""]/td[16]/span"])): Text of object 'Object Repository/1. Constant/xpath' is: 'Complete'

2022-06-23 20:58:57 - [MESSAGE][PASSED] - Text of object 'Object Repository/1. Constant/xpath' is: 'Complete'

2022-06-23 20:58:57 - [TEST_STEP][PASSED] - verifyMatch(Actual_Lifecycle2_GD1, "Complete", false): Actual text 'Complete' and expected text 'Complete' are matched 

2022-06-23 20:58:57 - [MESSAGE][PASSED] - Actual text 'Complete' and expected text 'Complete' are matched 

2022-06-23 20:58:57 - [TEST_STEP][PASSED] - Actual_Lifecycle1_D1 = getText(findTestObject("1. Constant/xpath", ["xpath":"//*[@id="source_" + refID_Daughter1 + ""]/td[16]/span[1]"])): Text of object 'Object Repository/1. Constant/xpath' is: 'Daughter Phase 1.1'

2022-06-23 20:58:58 - [MESSAGE][PASSED] - Text of object 'Object Repository/1. Constant/xpath' is: 'Daughter Phase 1.1'

2022-06-23 20:58:58 - [TEST_STEP][PASSED] - verifyMatch(Actual_Lifecycle1_D1, "Daughter Phase 1.1", false): Actual text 'Daughter Phase 1.1' and expected text 'Daughter Phase 1.1' are matched 

2022-06-23 20:58:58 - [MESSAGE][PASSED] - Actual text 'Daughter Phase 1.1' and expected text 'Daughter Phase 1.1' are matched 

2022-06-23 20:58:58 - [TEST_STEP][PASSED] - Actual_Lifecycle1_D2 = getText(findTestObject("1. Constant/xpath", ["xpath":"//*[@id="source_" + refID_Daughter2 + ""]/td[16]/span[1]"])): Text of object 'Object Repository/1. Constant/xpath' is: 'Daughter Phase 1.1'

2022-06-23 20:58:59 - [MESSAGE][PASSED] - Text of object 'Object Repository/1. Constant/xpath' is: 'Daughter Phase 1.1'

2022-06-23 20:58:59 - [TEST_STEP][PASSED] - verifyMatch(Actual_Lifecycle1_D2, "Daughter Phase 1.1", false): Actual text 'Daughter Phase 1.1' and expected text 'Daughter Phase 1.1' are matched 

2022-06-23 20:58:59 - [MESSAGE][PASSED] - Actual text 'Daughter Phase 1.1' and expected text 'Daughter Phase 1.1' are matched 

2022-06-23 20:58:59 - [TEST_STEP][PASSED] - click(findTestObject("1. Constant/xpath", ["xpath":"//*[@id="ancre_" + refID_GrandDaughter3 + ""]/a[2]"])): Object: 'Object Repository/1. Constant/xpath' is clicked on

2022-06-23 20:59:04 - [MESSAGE][PASSED] - Object: 'Object Repository/1. Constant/xpath' is clicked on

2022-06-23 20:59:04 - [TEST_STEP][PASSED] - takeScreenshot(): Taking screenshot successfully

2022-06-23 20:59:06 - [MESSAGE][PASSED] - Taking screenshot successfully
[[ATTACHMENT|D:\\Projet Test Auto\\Mediabox Test Automation\\Reports\\20220623_184212\\03. Parallel Testing (Testing)\\TS -PT PART 3\\07 Tag Sephora Dreyers _ Empty Group _Lifecycle condition\\20220623_184221\\1656010745828.png]]

2022-06-23 20:59:06 - [TEST_STEP][PASSED] - click(findTestObject("1. Constant/xpath", ["xpath":"//*[@id="ModifFiche"]/div[1]/div/button[2]"])): Object: 'Object Repository/1. Constant/xpath' is clicked on

2022-06-23 20:59:14 - [MESSAGE][PASSED] - Object: 'Object Repository/1. Constant/xpath' is clicked on

2022-06-23 20:59:14 - [TEST_STEP][PASSED] - takeScreenshot(): Taking screenshot successfully

2022-06-23 20:59:15 - [MESSAGE][PASSED] - Taking screenshot successfully
[[ATTACHMENT|D:\\Projet Test Auto\\Mediabox Test Automation\\Reports\\20220623_184212\\03. Parallel Testing (Testing)\\TS -PT PART 3\\07 Tag Sephora Dreyers _ Empty Group _Lifecycle condition\\20220623_184221\\1656010754830.png]]

2022-06-23 20:59:15 - [TEST_STEP][PASSED] - Actual_Lifecycle2_GD11 = getText(findTestObject("1. Constant/xpath", ["xpath":"//*[@id="source_" + refID_GrandDaughter1 + ""]/td[16]/span"])): Text of object 'Object Repository/1. Constant/xpath' is: 'Complete'

2022-06-23 20:59:16 - [MESSAGE][PASSED] - Text of object 'Object Repository/1. Constant/xpath' is: 'Complete'

2022-06-23 20:59:16 - [TEST_STEP][PASSED] - verifyMatch(Actual_Lifecycle2_GD11, "Complete", false): Actual text 'Complete' and expected text 'Complete' are matched 

2022-06-23 20:59:16 - [MESSAGE][PASSED] - Actual text 'Complete' and expected text 'Complete' are matched 

2022-06-23 20:59:16 - [TEST_STEP][PASSED] - Actual_Lifecycle1_D12 = getText(findTestObject("1. Constant/xpath", ["xpath":"//*[@id="source_" + refID_Daughter1 + ""]/td[16]/span[1]"])): Text of object 'Object Repository/1. Constant/xpath' is: 'Daughter Phase 2.1'

2022-06-23 20:59:18 - [MESSAGE][PASSED] - Text of object 'Object Repository/1. Constant/xpath' is: 'Daughter Phase 2.1'

2022-06-23 20:59:18 - [TEST_STEP][PASSED] - verifyMatch(Actual_Lifecycle1_D12, "Daughter Phase 2.1", false): Actual text 'Daughter Phase 2.1' and expected text 'Daughter Phase 2.1' are matched 

2022-06-23 20:59:18 - [MESSAGE][PASSED] - Actual text 'Daughter Phase 2.1' and expected text 'Daughter Phase 2.1' are matched 

2022-06-23 20:59:18 - [TEST_STEP][PASSED] - Actual_Lifecycle1_D22 = getText(findTestObject("1. Constant/xpath", ["xpath":"//*[@id="source_" + refID_Daughter2 + ""]/td[16]/span[1]"])): Text of object 'Object Repository/1. Constant/xpath' is: 'Daughter Phase 1.1'

2022-06-23 20:59:19 - [MESSAGE][PASSED] - Text of object 'Object Repository/1. Constant/xpath' is: 'Daughter Phase 1.1'

2022-06-23 20:59:19 - [TEST_STEP][PASSED] - verifyMatch(Actual_Lifecycle1_D22, "Daughter Phase 1.1", false): Actual text 'Daughter Phase 1.1' and expected text 'Daughter Phase 1.1' are matched 

2022-06-23 20:59:19 - [MESSAGE][PASSED] - Actual text 'Daughter Phase 1.1' and expected text 'Daughter Phase 1.1' are matched 

2022-06-23 20:59:19 - [TEST_STEP][PASSED] - takeScreenshot(): Taking screenshot successfully

2022-06-23 20:59:21 - [MESSAGE][PASSED] - Taking screenshot successfully
[[ATTACHMENT|D:\\Projet Test Auto\\Mediabox Test Automation\\Reports\\20220623_184212\\03. Parallel Testing (Testing)\\TS -PT PART 3\\07 Tag Sephora Dreyers _ Empty Group _Lifecycle condition\\20220623_184221\\1656010760404.png]]

2022-06-23 20:59:21 - [TEST_STEP][PASSED] - click(findTestObject("1. Constant/xpath", ["xpath":"//*[@id="ancre_" + refID_GrandDaughter2 + ""]/a[2]"])): Object: 'Object Repository/1. Constant/xpath' is clicked on

2022-06-23 20:59:27 - [MESSAGE][PASSED] - Object: 'Object Repository/1. Constant/xpath' is clicked on

2022-06-23 20:59:27 - [TEST_STEP][PASSED] - takeScreenshot(): Taking screenshot successfully

2022-06-23 20:59:28 - [MESSAGE][PASSED] - Taking screenshot successfully
[[ATTACHMENT|D:\\Projet Test Auto\\Mediabox Test Automation\\Reports\\20220623_184212\\03. Parallel Testing (Testing)\\TS -PT PART 3\\07 Tag Sephora Dreyers _ Empty Group _Lifecycle condition\\20220623_184221\\1656010767907.png]]

2022-06-23 20:59:28 - [TEST_STEP][PASSED] - click(findTestObject("1. Constant/xpath", ["xpath":"//*[@id="ModifFiche"]/div[1]/div/button[2]"])): Object: 'Object Repository/1. Constant/xpath' is clicked on

2022-06-23 20:59:36 - [MESSAGE][PASSED] - Object: 'Object Repository/1. Constant/xpath' is clicked on

2022-06-23 20:59:36 - [TEST_STEP][PASSED] - takeScreenshot(): Taking screenshot successfully

2022-06-23 20:59:37 - [MESSAGE][PASSED] - Taking screenshot successfully
[[ATTACHMENT|D:\\Projet Test Auto\\Mediabox Test Automation\\Reports\\20220623_184212\\03. Parallel Testing (Testing)\\TS -PT PART 3\\07 Tag Sephora Dreyers _ Empty Group _Lifecycle condition\\20220623_184221\\1656010776872.png]]

2022-06-23 20:59:37 - [TEST_STEP][PASSED] - Actual_Lifecycle_D1_Complete = getText(findTestObject("1. Constant/xpath", ["xpath":"//*[@id="source_" + refID_Daughter1 + ""]/td[16]/span"])): Text of object 'Object Repository/1. Constant/xpath' is: 'Complete'

2022-06-23 20:59:38 - [MESSAGE][PASSED] - Text of object 'Object Repository/1. Constant/xpath' is: 'Complete'

2022-06-23 20:59:38 - [TEST_STEP][PASSED] - verifyMatch(Actual_Lifecycle_D1_Complete, "Complete", false): Actual text 'Complete' and expected text 'Complete' are matched 

2022-06-23 20:59:38 - [MESSAGE][PASSED] - Actual text 'Complete' and expected text 'Complete' are matched 

2022-06-23 20:59:38 - [TEST_STEP][PASSED] - closeBrowser(): Browser is closed

2022-06-23 20:59:45 - [MESSAGE][PASSED] - Browser is closed

2022-06-23 20:59:45 - [TEST_STEP][PASSED] - Start listener action : sampleAfterTestCase: null]]></system-out>
         <system-err><![CDATA[]]></system-err>
      </testcase>
      <testcase name="Test Cases/13. Dreyers Lifecycle condition/13.4 Dreyers Lifecycle conditions_Control Tag (2026)" time="318.031" classname="Test Cases/13. Dreyers Lifecycle condition/13.4 Dreyers Lifecycle conditions_Control Tag (2026)" status="PASSED">
         <system-out><![CDATA[2022-06-23 20:59:45 - [TEST_CASE][PASSED] - Test Cases/13. Dreyers Lifecycle condition/13.4 Dreyers Lifecycle conditions_Control Tag (2026): Test Cases/13. Dreyers Lifecycle condition/13.4 Dreyers Lifecycle conditions_Control Tag (2026)

2022-06-23 20:59:47 - [TEST_STEP][PASSED] - data_Dreyers = findTestData("Data Files/Username_Password/Dreyer"): null

2022-06-23 20:59:47 - [TEST_STEP][PASSED] - password_suser = data_Dreyers.getValue(2, 1): null

2022-06-23 20:59:47 - [TEST_STEP][PASSED] - password_blemco = data_Dreyers.getValue(2, 2): null

2022-06-23 20:59:47 - [TEST_STEP][PASSED] - password_amassoth = data_Dreyers.getValue(2, 3): null

2022-06-23 20:59:47 - [TEST_STEP][PASSED] - password_bharandi = data_Dreyers.getValue(2, 4): null

2022-06-23 20:59:47 - [TEST_STEP][PASSED] - password_mbaughman = data_Dreyers.getValue(2, 5): null

2022-06-23 20:59:47 - [TEST_STEP][PASSED] - data_urlRELAUTO = findTestData("Data Files/URL/URL_relauto"): null

2022-06-23 20:59:47 - [TEST_STEP][PASSED] - Url_Dreyer = data_urlRELAUTO.getValue(2, 4): null

2022-06-23 20:59:47 - [TEST_STEP][PASSED] - openBrowser(Url_Dreyer): Browser is opened with url: 'http://mdb-release.diadeis.lan/MediaboxIndependence/?MBI_datasource=RELTESTAUTO_DREYERS'

2022-06-23 20:59:47 - [MESSAGE][INFO] - Starting 'Chrome (headless)' driver

2022-06-23 20:59:47 - [MESSAGE][INFO] - User set preference: ['args', '[--window-size=1920,1080, --headless]']

2022-06-23 20:59:47 - [MESSAGE][INFO] - Action delay is set to 0 milliseconds

2022-06-23 21:00:13 - [MESSAGE][PASSED] - Browser is opened with url: 'http://mdb-release.diadeis.lan/MediaboxIndependence/?MBI_datasource=RELTESTAUTO_DREYERS'

2022-06-23 21:00:13 - [TEST_STEP][PASSED] - maximizeWindow(): Current window maximized

2022-06-23 21:00:13 - [MESSAGE][PASSED] - Current window maximized

2022-06-23 21:00:13 - [TEST_STEP][PASSED] - waitForPageLoad(30): Wait for page load successfully

2022-06-23 21:00:14 - [MESSAGE][PASSED] - Wait for page load successfully

2022-06-23 21:00:14 - [TEST_STEP][PASSED] - takeScreenshot(): Taking screenshot successfully

2022-06-23 21:00:15 - [MESSAGE][PASSED] - Taking screenshot successfully
[[ATTACHMENT|D:\\Projet Test Auto\\Mediabox Test Automation\\Reports\\20220623_184212\\03. Parallel Testing (Testing)\\TS -PT PART 3\\07 Tag Sephora Dreyers _ Empty Group _Lifecycle condition\\20220623_184221\\1656010814643.png]]

2022-06-23 21:00:15 - [TEST_STEP][PASSED] - I.Login_password("blemco", password_blemco): Object: 'Object Repository/1. Constant/xpath' is clicked on

2022-06-23 21:00:19 - [MESSAGE][PASSED] - Text 'blemco' is set on object 'Object Repository/1. Constant/xpath'

2022-06-23 21:00:20 - [MESSAGE][PASSED] - Delayed 1 second(s)

2022-06-23 21:00:25 - [MESSAGE][PASSED] - Text 'diadeis1' is set on object 'Object Repository/1. Constant/xpath'

2022-06-23 21:00:26 - [MESSAGE][PASSED] - Delayed 1 second(s)

2022-06-23 21:00:51 - [MESSAGE][PASSED] - Object: 'Object Repository/1. Constant/xpath' is clicked on

2022-06-23 21:00:51 - [TEST_STEP][PASSED] - delay(1): Delayed 1 second(s)

2022-06-23 21:00:52 - [MESSAGE][PASSED] - Delayed 1 second(s)

2022-06-23 21:00:52 - [TEST_STEP][PASSED] - click(findTestObject("1. Constant/02_LHSMenu_Projects")): Object: 'Object Repository/1. Constant/02_LHSMenu_Projects' is clicked on

2022-06-23 21:01:01 - [MESSAGE][PASSED] - Object: 'Object Repository/1. Constant/02_LHSMenu_Projects' is clicked on

2022-06-23 21:01:01 - [TEST_STEP][PASSED] - click(findTestObject("1. Constant/xpath", ["xpath":"//*[@id="kt_content"]/div[3]/div/div/div[1]/div[2]/a[1]"])): Object: 'Object Repository/1. Constant/xpath' is clicked on

2022-06-23 21:01:08 - [MESSAGE][PASSED] - Object: 'Object Repository/1. Constant/xpath' is clicked on

2022-06-23 21:01:08 - [TEST_STEP][PASSED] - takeScreenshot(): Taking screenshot successfully

2022-06-23 21:01:10 - [MESSAGE][PASSED] - Taking screenshot successfully
[[ATTACHMENT|D:\\Projet Test Auto\\Mediabox Test Automation\\Reports\\20220623_184212\\03. Parallel Testing (Testing)\\TS -PT PART 3\\07 Tag Sephora Dreyers _ Empty Group _Lifecycle condition\\20220623_184221\\1656010869433.png]]

2022-06-23 21:01:10 - [TEST_STEP][PASSED] - I.click_button_javascript(findTestObject("1. Constant/xpath", ["xpath":"//*[@id="field_var_24"]/div/div/label[2]"])): Execute JavaScript 'arguments[0].click()' successfully

2022-06-23 21:01:11 - [MESSAGE][PASSED] - Execute JavaScript 'arguments[0].click()' successfully

2022-06-23 21:01:11 - [TEST_STEP][PASSED] - selectOptionByValue(findTestObject("1. Constant/xpath", ["xpath":"//*[@id="var_89"]"]), "123", false): All options with value '123' are selected in object 'Object Repository/1. Constant/xpath' 

2022-06-23 21:01:15 - [MESSAGE][PASSED] - All options with value '123' are selected in object 'Object Repository/1. Constant/xpath' 

2022-06-23 21:01:15 - [TEST_STEP][PASSED] - selectOptionByValue(findTestObject("1. Constant/xpath", ["xpath":"//*[@id="selSource_25"]"]), "modonnell", false): All options with value 'modonnell' are selected in object 'Object Repository/1. Constant/xpath' 

2022-06-23 21:01:19 - [MESSAGE][PASSED] - All options with value 'modonnell' are selected in object 'Object Repository/1. Constant/xpath' 

2022-06-23 21:01:19 - [TEST_STEP][PASSED] - I.select_multiplelist("//*[@id="selSource_25"]", "//*[@id="btnAdd_25"]", "blemco"): Delayed 1 second(s)

2022-06-23 21:01:20 - [MESSAGE][PASSED] - Delayed 1 second(s)

2022-06-23 21:01:24 - [MESSAGE][PASSED] - All options with value 'blemco' are selected in object 'Object Repository/1. Constant/xpath' 

2022-06-23 21:01:26 - [MESSAGE][PASSED] - Delayed 2 second(s)

2022-06-23 21:01:29 - [MESSAGE][PASSED] - Object: 'Object Repository/1. Constant/xpath' is clicked on

2022-06-23 21:01:30 - [MESSAGE][PASSED] - Delayed 1 second(s)

2022-06-23 21:01:30 - [TEST_STEP][PASSED] - selectOptionByValue(findTestObject("1. Constant/xpath", ["xpath":"//*[@id="var_9"]"]), "18", false): All options with value '18' are selected in object 'Object Repository/1. Constant/xpath' 

2022-06-23 21:01:34 - [MESSAGE][PASSED] - All options with value '18' are selected in object 'Object Repository/1. Constant/xpath' 

2022-06-23 21:01:34 - [TEST_STEP][PASSED] - selectOptionByValue(findTestObject("1. Constant/xpath", ["xpath":"//*[@id="var_52"]"]), "112", false): All options with value '112' are selected in object 'Object Repository/1. Constant/xpath' 

2022-06-23 21:01:38 - [MESSAGE][PASSED] - All options with value '112' are selected in object 'Object Repository/1. Constant/xpath' 

2022-06-23 21:01:38 - [TEST_STEP][PASSED] - project_name = "Auto_LifecycleCondition_Backup_" + RandomStringUtils.randomAlphanumeric(3) + "_" + I.gettimedate(): null

2022-06-23 21:01:38 - [TEST_STEP][PASSED] - setText(findTestObject("1. Constant/xpath", ["xpath":"//*[@id="var_91"]"]), project_name): Text 'Auto_LifecycleCondition_Backup_47C_juin232022_210138' is set on object 'Object Repository/1. Constant/xpath'

2022-06-23 21:01:40 - [MESSAGE][PASSED] - Text 'Auto_LifecycleCondition_Backup_47C_juin232022_210138' is set on object 'Object Repository/1. Constant/xpath'

2022-06-23 21:01:40 - [TEST_STEP][PASSED] - selectOptionByValue(findTestObject("1. Constant/xpath", ["xpath":"//*[@id="var_30"]"]), "97", false): All options with value '97' are selected in object 'Object Repository/1. Constant/xpath' 

2022-06-23 21:01:43 - [MESSAGE][PASSED] - All options with value '97' are selected in object 'Object Repository/1. Constant/xpath' 

2022-06-23 21:01:43 - [TEST_STEP][PASSED] - selectOptionByValue(findTestObject("1. Constant/xpath", ["xpath":"//*[@id="var_11"]"]), "334", false): All options with value '334' are selected in object 'Object Repository/1. Constant/xpath' 

2022-06-23 21:01:46 - [MESSAGE][PASSED] - All options with value '334' are selected in object 'Object Repository/1. Constant/xpath' 

2022-06-23 21:01:46 - [TEST_STEP][PASSED] - setText(findTestObject("1. Constant/xpath", ["xpath":"//*[@id="var_22"]"]), "01/01/2030"): Text '01/01/2030' is set on object 'Object Repository/1. Constant/xpath'

2022-06-23 21:01:48 - [MESSAGE][PASSED] - Text '01/01/2030' is set on object 'Object Repository/1. Constant/xpath'

2022-06-23 21:01:48 - [TEST_STEP][PASSED] - setText(findTestObject("1. Constant/xpath", ["xpath":"//*[@id="var_23"]"]), "01/01/2030"): Text '01/01/2030' is set on object 'Object Repository/1. Constant/xpath'

2022-06-23 21:01:49 - [MESSAGE][PASSED] - Text '01/01/2030' is set on object 'Object Repository/1. Constant/xpath'

2022-06-23 21:01:49 - [TEST_STEP][PASSED] - setText(findTestObject("1. Constant/xpath", ["xpath":"//*[@id="var_14"]"]), "01/01/2030"): Text '01/01/2030' is set on object 'Object Repository/1. Constant/xpath'

2022-06-23 21:01:51 - [MESSAGE][PASSED] - Text '01/01/2030' is set on object 'Object Repository/1. Constant/xpath'

2022-06-23 21:01:51 - [TEST_STEP][PASSED] - selectOptionByValue(findTestObject("1. Constant/xpath", ["xpath":"//*[@id="selSource_13"]"]), "mbaughman", false): All options with value 'mbaughman' are selected in object 'Object Repository/1. Constant/xpath' 

2022-06-23 21:01:52 - [MESSAGE][PASSED] - All options with value 'mbaughman' are selected in object 'Object Repository/1. Constant/xpath' 

2022-06-23 21:01:52 - [TEST_STEP][PASSED] - I.select_multiplelist("//*[@id="selSource_13"]", "//*[@id="btnAdd_13"]", "rjaiven"): Delayed 1 second(s)

2022-06-23 21:01:53 - [MESSAGE][PASSED] - Delayed 1 second(s)

2022-06-23 21:01:54 - [MESSAGE][PASSED] - All options with value 'rjaiven' are selected in object 'Object Repository/1. Constant/xpath' 

2022-06-23 21:01:56 - [MESSAGE][PASSED] - Delayed 2 second(s)

2022-06-23 21:01:56 - [MESSAGE][PASSED] - Object: 'Object Repository/1. Constant/xpath' is clicked on

2022-06-23 21:01:57 - [MESSAGE][PASSED] - Delayed 1 second(s)

2022-06-23 21:01:57 - [TEST_STEP][PASSED] - selectOptionByValue(findTestObject("1. Constant/xpath", ["xpath":"//*[@id="selSource_27"]"]), "amassoth", false): All options with value 'amassoth' are selected in object 'Object Repository/1. Constant/xpath' 

2022-06-23 21:01:57 - [MESSAGE][PASSED] - All options with value 'amassoth' are selected in object 'Object Repository/1. Constant/xpath' 

2022-06-23 21:01:57 - [TEST_STEP][PASSED] - I.select_multiplelist("//*[@id="selSource_27"]", "//*[@id="btnAdd_27"]", "nturner"): Delayed 1 second(s)

2022-06-23 21:01:58 - [MESSAGE][PASSED] - Delayed 1 second(s)

2022-06-23 21:02:00 - [MESSAGE][PASSED] - All options with value 'nturner' are selected in object 'Object Repository/1. Constant/xpath' 

2022-06-23 21:02:02 - [MESSAGE][PASSED] - Delayed 2 second(s)

2022-06-23 21:02:03 - [MESSAGE][PASSED] - Object: 'Object Repository/1. Constant/xpath' is clicked on

2022-06-23 21:02:04 - [MESSAGE][PASSED] - Delayed 1 second(s)

2022-06-23 21:02:04 - [TEST_STEP][PASSED] - I.select_multiplelist("//*[@id="selSource_167"]", "//*[@id="btnAdd_167"]", "lmary"): Delayed 1 second(s)

2022-06-23 21:02:05 - [MESSAGE][PASSED] - Delayed 1 second(s)

2022-06-23 21:02:07 - [MESSAGE][PASSED] - All options with value 'lmary' are selected in object 'Object Repository/1. Constant/xpath' 

2022-06-23 21:02:09 - [MESSAGE][PASSED] - Delayed 2 second(s)

2022-06-23 21:02:12 - [MESSAGE][PASSED] - Object: 'Object Repository/1. Constant/xpath' is clicked on

2022-06-23 21:02:13 - [MESSAGE][PASSED] - Delayed 1 second(s)

2022-06-23 21:02:13 - [TEST_STEP][PASSED] - selectOptionByValue(findTestObject("1. Constant/xpath", ["xpath":"//*[@id="selSource_166"]"]), "bbenjamin", false): All options with value 'bbenjamin' are selected in object 'Object Repository/1. Constant/xpath' 

2022-06-23 21:02:17 - [MESSAGE][PASSED] - All options with value 'bbenjamin' are selected in object 'Object Repository/1. Constant/xpath' 

2022-06-23 21:02:17 - [TEST_STEP][PASSED] - I.select_multiplelist("//*[@id="selSource_166"]", "//*[@id="btnAdd_166"]", "lschwabe"): Delayed 1 second(s)

2022-06-23 21:02:18 - [MESSAGE][PASSED] - Delayed 1 second(s)

2022-06-23 21:02:20 - [MESSAGE][PASSED] - All options with value 'lschwabe' are selected in object 'Object Repository/1. Constant/xpath' 

2022-06-23 21:02:22 - [MESSAGE][PASSED] - Delayed 2 second(s)

2022-06-23 21:02:23 - [MESSAGE][PASSED] - Object: 'Object Repository/1. Constant/xpath' is clicked on

2022-06-23 21:02:24 - [MESSAGE][PASSED] - Delayed 1 second(s)

2022-06-23 21:02:24 - [TEST_STEP][PASSED] - I.select_multiplelist("//*[@id="selSource_26"]", "//*[@id="btnAdd_26"]", "talexeeva"): Delayed 1 second(s)

2022-06-23 21:02:25 - [MESSAGE][PASSED] - Delayed 1 second(s)

2022-06-23 21:02:27 - [MESSAGE][PASSED] - All options with value 'talexeeva' are selected in object 'Object Repository/1. Constant/xpath' 

2022-06-23 21:02:29 - [MESSAGE][PASSED] - Delayed 2 second(s)

2022-06-23 21:02:30 - [MESSAGE][PASSED] - Object: 'Object Repository/1. Constant/xpath' is clicked on

2022-06-23 21:02:31 - [MESSAGE][PASSED] - Delayed 1 second(s)

2022-06-23 21:02:31 - [TEST_STEP][PASSED] - selectOptionByValue(findTestObject("1. Constant/xpath", ["xpath":"//*[@id="selSource_29"]"]), "bharandi", false): All options with value 'bharandi' are selected in object 'Object Repository/1. Constant/xpath' 

2022-06-23 21:02:33 - [MESSAGE][PASSED] - All options with value 'bharandi' are selected in object 'Object Repository/1. Constant/xpath' 

2022-06-23 21:02:33 - [TEST_STEP][PASSED] - selectOptionByValue(findTestObject("1. Constant/xpath", ["xpath":"//*[@id="selSource_29"]"]), "bmilhomme", false): All options with value 'bmilhomme' are selected in object 'Object Repository/1. Constant/xpath' 

2022-06-23 21:02:37 - [MESSAGE][PASSED] - All options with value 'bmilhomme' are selected in object 'Object Repository/1. Constant/xpath' 

2022-06-23 21:02:37 - [TEST_STEP][PASSED] - I.select_multiplelist("//*[@id="selSource_29"]", "//*[@id="btnAdd_29"]", "rmorrone_2"): Delayed 1 second(s)

2022-06-23 21:02:38 - [MESSAGE][PASSED] - Delayed 1 second(s)

2022-06-23 21:02:40 - [MESSAGE][PASSED] - All options with value 'rmorrone_2' are selected in object 'Object Repository/1. Constant/xpath' 

2022-06-23 21:02:42 - [MESSAGE][PASSED] - Delayed 2 second(s)

2022-06-23 21:02:43 - [MESSAGE][PASSED] - Object: 'Object Repository/1. Constant/xpath' is clicked on

2022-06-23 21:02:44 - [MESSAGE][PASSED] - Delayed 1 second(s)

2022-06-23 21:02:44 - [TEST_STEP][PASSED] - I.Pagedown(): Execute JavaScript 'window.scrollTo(0, document.body.scrollHeight)' successfully

2022-06-23 21:02:44 - [MESSAGE][PASSED] - Execute JavaScript 'window.scrollTo(0, document.body.scrollHeight)' successfully

2022-06-23 21:02:44 - [TEST_STEP][PASSED] - click(findTestObject("1. Constant/xpath", ["xpath":"//*[@id="ModifFiche"]/div[3]/div/button"])): Object: 'Object Repository/1. Constant/xpath' is clicked on

2022-06-23 21:02:50 - [MESSAGE][PASSED] - Object: 'Object Repository/1. Constant/xpath' is clicked on

2022-06-23 21:02:50 - [TEST_STEP][PASSED] - delay(5): Delayed 5 second(s)

2022-06-23 21:02:55 - [MESSAGE][PASSED] - Delayed 5 second(s)

2022-06-23 21:02:55 - [TEST_STEP][PASSED] - Project_No = I.ProjectNo(): Current window's url is: 'http://mdb-release.diadeis.lan/MediaboxIndependence/Base/ExecAction?IDSession=MBI%21RELTESTAUTO_DREYERS%21JG8DV61Z3XZ6DFDI9J850RP1RO0QY0FUFZ15RJPX&default_action=AfficheFichesProjet&id_project=MI000888'

2022-06-23 21:03:00 - [MESSAGE][PASSED] - Delayed 5 second(s)

2022-06-23 21:03:00 - [MESSAGE][PASSED] - Current window's url is: 'http://mdb-release.diadeis.lan/MediaboxIndependence/Base/ExecAction?IDSession=MBI%21RELTESTAUTO_DREYERS%21JG8DV61Z3XZ6DFDI9J850RP1RO0QY0FUFZ15RJPX&default_action=AfficheFichesProjet&id_project=MI000888'

2022-06-23 21:03:00 - [TEST_STEP][PASSED] - I.print(Project_No): null

2022-06-23 21:03:00 - [TEST_STEP][PASSED] - takeScreenshot(): Taking screenshot successfully

2022-06-23 21:03:01 - [MESSAGE][PASSED] - Taking screenshot successfully
[[ATTACHMENT|D:\\Projet Test Auto\\Mediabox Test Automation\\Reports\\20220623_184212\\03. Parallel Testing (Testing)\\TS -PT PART 3\\07 Tag Sephora Dreyers _ Empty Group _Lifecycle condition\\20220623_184221\\1656010981270.png]]

2022-06-23 21:03:01 - [TEST_STEP][PASSED] - click(findTestObject("1. Constant/xpath", ["xpath":"//*[@id="create_ref_btn"]/button"])): Object: 'Object Repository/1. Constant/xpath' is clicked on

2022-06-23 21:03:02 - [MESSAGE][PASSED] - Object: 'Object Repository/1. Constant/xpath' is clicked on

2022-06-23 21:03:02 - [TEST_STEP][PASSED] - delay(1): Delayed 1 second(s)

2022-06-23 21:03:03 - [MESSAGE][PASSED] - Delayed 1 second(s)

2022-06-23 21:03:03 - [TEST_STEP][PASSED] - click(findTestObject("1. Constant/xpath", ["xpath":"//*[@id="create_ref_btn"]/div/a"])): Object: 'Object Repository/1. Constant/xpath' is clicked on

2022-06-23 21:03:06 - [MESSAGE][PASSED] - Object: 'Object Repository/1. Constant/xpath' is clicked on

2022-06-23 21:03:06 - [TEST_STEP][PASSED] - selectOptionByValue(findTestObject("1. Constant/xpath", ["xpath":"//*[@id="lfc_tpl"]"]), "32", false): All options with value '32' are selected in object 'Object Repository/1. Constant/xpath' 

2022-06-23 21:03:08 - [MESSAGE][PASSED] - All options with value '32' are selected in object 'Object Repository/1. Constant/xpath' 

2022-06-23 21:03:08 - [TEST_STEP][PASSED] - ref_name = RandomStringUtils.randomAlphanumeric(5) + "_Auto_A4B_" + I.gettimedate(): null

2022-06-23 21:03:08 - [TEST_STEP][PASSED] - setText(findTestObject("1. Constant/xpath", ["xpath":"//*[@id="var_name"]"]), ref_name): Text 'mcN7L_Auto_A4B_juin232022_210308' is set on object 'Object Repository/1. Constant/xpath'

2022-06-23 21:03:11 - [MESSAGE][PASSED] - Text 'mcN7L_Auto_A4B_juin232022_210308' is set on object 'Object Repository/1. Constant/xpath'

2022-06-23 21:03:11 - [TEST_STEP][PASSED] - takeScreenshot(): Taking screenshot successfully

2022-06-23 21:03:11 - [MESSAGE][PASSED] - Taking screenshot successfully
[[ATTACHMENT|D:\\Projet Test Auto\\Mediabox Test Automation\\Reports\\20220623_184212\\03. Parallel Testing (Testing)\\TS -PT PART 3\\07 Tag Sephora Dreyers _ Empty Group _Lifecycle condition\\20220623_184221\\1656010991200.png]]

2022-06-23 21:03:11 - [TEST_STEP][PASSED] - click(findTestObject("1. Constant/xpath", ["xpath":"//*[@id="ModifFiche"]/div[3]/div/button"])): Object: 'Object Repository/1. Constant/xpath' is clicked on

2022-06-23 21:03:17 - [MESSAGE][PASSED] - Object: 'Object Repository/1. Constant/xpath' is clicked on

2022-06-23 21:03:17 - [TEST_STEP][PASSED] - takeScreenshot(): Taking screenshot successfully

2022-06-23 21:03:18 - [MESSAGE][PASSED] - Taking screenshot successfully
[[ATTACHMENT|D:\\Projet Test Auto\\Mediabox Test Automation\\Reports\\20220623_184212\\03. Parallel Testing (Testing)\\TS -PT PART 3\\07 Tag Sephora Dreyers _ Empty Group _Lifecycle condition\\20220623_184221\\1656010997695.png]]

2022-06-23 21:03:18 - [TEST_STEP][PASSED] - delay(1): Delayed 1 second(s)

2022-06-23 21:03:19 - [MESSAGE][PASSED] - Delayed 1 second(s)

2022-06-23 21:03:19 - [TEST_STEP][PASSED] - refID_Mother = I.RefID(): Current window's url is: 'http://mdb-release.diadeis.lan/MediaboxIndependence/Base/ExecAction?IDSession=MBI%21RELTESTAUTO_DREYERS%21JG8DV61Z3XZ6DFDI9J850RP1RO0QY0FUFZ15RJPX&default_action=ModifierRef&id_project=MI000888&id_ref=5315&action_from=create_ref'

2022-06-23 21:03:24 - [MESSAGE][PASSED] - Delayed 5 second(s)

2022-06-23 21:03:24 - [MESSAGE][PASSED] - Current window's url is: 'http://mdb-release.diadeis.lan/MediaboxIndependence/Base/ExecAction?IDSession=MBI%21RELTESTAUTO_DREYERS%21JG8DV61Z3XZ6DFDI9J850RP1RO0QY0FUFZ15RJPX&default_action=ModifierRef&id_project=MI000888&id_ref=5315&action_from=create_ref'

2022-06-23 21:03:24 - [TEST_STEP][PASSED] - I.print(refID_Mother): null

2022-06-23 21:03:24 - [TEST_STEP][PASSED] - click(findTestObject("1. Constant/xpath", ["xpath":"//*[@id="type_save"]"])): Object: 'Object Repository/1. Constant/xpath' is clicked on

2022-06-23 21:03:28 - [MESSAGE][PASSED] - Object: 'Object Repository/1. Constant/xpath' is clicked on

2022-06-23 21:03:28 - [TEST_STEP][PASSED] - click(findTestObject("1. Constant/xpath", ["xpath":"//*[@id="source_" + refID_Mother + ""]/td[13]/a[1]"])): Object: 'Object Repository/1. Constant/xpath' is clicked on

2022-06-23 21:03:31 - [MESSAGE][PASSED] - Object: 'Object Repository/1. Constant/xpath' is clicked on

2022-06-23 21:03:31 - [TEST_STEP][PASSED] - selectOptionByValue(findTestObject("1. Constant/xpath", ["xpath":"//*[@id="lfc_tpl"]"]), "33", false): All options with value '33' are selected in object 'Object Repository/1. Constant/xpath' 

2022-06-23 21:03:33 - [MESSAGE][PASSED] - All options with value '33' are selected in object 'Object Repository/1. Constant/xpath' 

2022-06-23 21:03:33 - [TEST_STEP][PASSED] - takeScreenshot(): Taking screenshot successfully

2022-06-23 21:03:34 - [MESSAGE][PASSED] - Taking screenshot successfully
[[ATTACHMENT|D:\\Projet Test Auto\\Mediabox Test Automation\\Reports\\20220623_184212\\03. Parallel Testing (Testing)\\TS -PT PART 3\\07 Tag Sephora Dreyers _ Empty Group _Lifecycle condition\\20220623_184221\\1656011014079.png]]

2022-06-23 21:03:34 - [TEST_STEP][PASSED] - click(findTestObject("1. Constant/xpath", ["xpath":"//*[@id="ModifFiche"]/div[3]/div/button"])): Object: 'Object Repository/1. Constant/xpath' is clicked on

2022-06-23 21:03:39 - [MESSAGE][PASSED] - Object: 'Object Repository/1. Constant/xpath' is clicked on

2022-06-23 21:03:39 - [TEST_STEP][PASSED] - refID_Daughter1 = I.RefID(): Current window's url is: 'http://mdb-release.diadeis.lan/MediaboxIndependence/Base/ExecAction?IDSession=MBI%21RELTESTAUTO_DREYERS%21JG8DV61Z3XZ6DFDI9J850RP1RO0QY0FUFZ15RJPX&default_action=ModifierRef&id_project=MI000888&id_ref=5316&action_from=create_ref'

2022-06-23 21:03:44 - [MESSAGE][PASSED] - Delayed 5 second(s)

2022-06-23 21:03:45 - [MESSAGE][PASSED] - Current window's url is: 'http://mdb-release.diadeis.lan/MediaboxIndependence/Base/ExecAction?IDSession=MBI%21RELTESTAUTO_DREYERS%21JG8DV61Z3XZ6DFDI9J850RP1RO0QY0FUFZ15RJPX&default_action=ModifierRef&id_project=MI000888&id_ref=5316&action_from=create_ref'

2022-06-23 21:03:45 - [TEST_STEP][PASSED] - I.print(refID_Daughter1): null

2022-06-23 21:03:45 - [TEST_STEP][PASSED] - setText(findTestObject("1. Constant/xpath", ["xpath":"//*[@id="var_137"]"]), "Daughter 1"): Text 'Daughter 1' is set on object 'Object Repository/1. Constant/xpath'

2022-06-23 21:03:46 - [MESSAGE][PASSED] - Text 'Daughter 1' is set on object 'Object Repository/1. Constant/xpath'

2022-06-23 21:03:46 - [TEST_STEP][PASSED] - click(findTestObject("1. Constant/xpath", ["xpath":"//*[@id="type_save"]"])): Object: 'Object Repository/1. Constant/xpath' is clicked on

2022-06-23 21:03:50 - [MESSAGE][PASSED] - Object: 'Object Repository/1. Constant/xpath' is clicked on

2022-06-23 21:03:50 - [TEST_STEP][PASSED] - delay(1): Delayed 1 second(s)

2022-06-23 21:03:51 - [MESSAGE][PASSED] - Delayed 1 second(s)

2022-06-23 21:03:51 - [TEST_STEP][PASSED] - takeScreenshot(): Taking screenshot successfully

2022-06-23 21:03:52 - [MESSAGE][PASSED] - Taking screenshot successfully
[[ATTACHMENT|D:\\Projet Test Auto\\Mediabox Test Automation\\Reports\\20220623_184212\\03. Parallel Testing (Testing)\\TS -PT PART 3\\07 Tag Sephora Dreyers _ Empty Group _Lifecycle condition\\20220623_184221\\1656011032081.png]]

2022-06-23 21:03:52 - [TEST_STEP][PASSED] - click(findTestObject("1. Constant/xpath", ["xpath":"//*[@id="source_" + refID_Mother + ""]/td[15]/a[3]"])): Object: 'Object Repository/1. Constant/xpath' is clicked on

2022-06-23 21:03:54 - [MESSAGE][PASSED] - Object: 'Object Repository/1. Constant/xpath' is clicked on

2022-06-23 21:03:54 - [TEST_STEP][PASSED] - delay(1): Delayed 1 second(s)

2022-06-23 21:03:55 - [MESSAGE][PASSED] - Delayed 1 second(s)

2022-06-23 21:03:55 - [TEST_STEP][PASSED] - click(findTestObject("1. Constant/xpath", ["xpath":"//*[@id="ModifFiche"]/div[1]/div/button[2]"])): Object: 'Object Repository/1. Constant/xpath' is clicked on

2022-06-23 21:04:01 - [MESSAGE][PASSED] - Object: 'Object Repository/1. Constant/xpath' is clicked on

2022-06-23 21:04:01 - [TEST_STEP][PASSED] - takeScreenshot(): Taking screenshot successfully

2022-06-23 21:04:01 - [MESSAGE][PASSED] - Taking screenshot successfully
[[ATTACHMENT|D:\\Projet Test Auto\\Mediabox Test Automation\\Reports\\20220623_184212\\03. Parallel Testing (Testing)\\TS -PT PART 3\\07 Tag Sephora Dreyers _ Empty Group _Lifecycle condition\\20220623_184221\\1656011041119.png]]

2022-06-23 21:04:01 - [TEST_STEP][PASSED] - delay(1): Delayed 1 second(s)

2022-06-23 21:04:02 - [MESSAGE][PASSED] - Delayed 1 second(s)

2022-06-23 21:04:02 - [TEST_STEP][PASSED] - Toastr_msg = getText(findTestObject("1. Constant/xpath", ["xpath":"//*[@id="toast-container"]/div/div[2]"])): Text of object 'Object Repository/1. Constant/xpath' is: 'The condition 'LC4: Deliverable - Deliverable Information' is not matched'

2022-06-23 21:04:03 - [MESSAGE][PASSED] - Text of object 'Object Repository/1. Constant/xpath' is: 'The condition 'LC4: Deliverable - Deliverable Information' is not matched'

2022-06-23 21:04:03 - [TEST_STEP][PASSED] - verifyMatch(Toastr_msg, "The condition 'LC4: Deliverable - Deliverable Information' is not matched", false): Actual text 'The condition 'LC4: Deliverable - Deliverable Information' is not matched' and expected text 'The condition 'LC4: Deliverable - Deliverable Information' is not matched' are matched 

2022-06-23 21:04:03 - [MESSAGE][PASSED] - Actual text 'The condition 'LC4: Deliverable - Deliverable Information' is not matched' and expected text 'The condition 'LC4: Deliverable - Deliverable Information' is not matched' are matched 

2022-06-23 21:04:03 - [TEST_STEP][PASSED] - L1 = getText(findTestObject("1. Constant/xpath", ["xpath":"//*[@id="source_" + refID_Mother + ""]/td[14]/span[1]"])): Text of object 'Object Repository/1. Constant/xpath' is: 'Mother Phase 1.1'

2022-06-23 21:04:04 - [MESSAGE][PASSED] - Text of object 'Object Repository/1. Constant/xpath' is: 'Mother Phase 1.1'

2022-06-23 21:04:04 - [TEST_STEP][PASSED] - verifyMatch(L1, "Mother Phase 1.1", false): Actual text 'Mother Phase 1.1' and expected text 'Mother Phase 1.1' are matched 

2022-06-23 21:04:04 - [MESSAGE][PASSED] - Actual text 'Mother Phase 1.1' and expected text 'Mother Phase 1.1' are matched 

2022-06-23 21:04:04 - [TEST_STEP][PASSED] - click(findTestObject("1. Constant/xpath", ["xpath":"//*[@id="source_" + refID_Daughter1 + ""]/td[15]/a[2]"])): Object: 'Object Repository/1. Constant/xpath' is clicked on

2022-06-23 21:04:09 - [MESSAGE][PASSED] - Object: 'Object Repository/1. Constant/xpath' is clicked on

2022-06-23 21:04:09 - [TEST_STEP][PASSED] - delay(1): Delayed 1 second(s)

2022-06-23 21:04:10 - [MESSAGE][PASSED] - Delayed 1 second(s)

2022-06-23 21:04:10 - [TEST_STEP][PASSED] - click(findTestObject("1. Constant/xpath", ["xpath":"//*[@id="ModifFiche"]/div[1]/div/button[2]"])): Object: 'Object Repository/1. Constant/xpath' is clicked on

2022-06-23 21:04:14 - [MESSAGE][PASSED] - Object: 'Object Repository/1. Constant/xpath' is clicked on

2022-06-23 21:04:14 - [TEST_STEP][PASSED] - takeScreenshot(): Taking screenshot successfully

2022-06-23 21:04:15 - [MESSAGE][PASSED] - Taking screenshot successfully
[[ATTACHMENT|D:\\Projet Test Auto\\Mediabox Test Automation\\Reports\\20220623_184212\\03. Parallel Testing (Testing)\\TS -PT PART 3\\07 Tag Sephora Dreyers _ Empty Group _Lifecycle condition\\20220623_184221\\1656011054911.png]]

2022-06-23 21:04:15 - [TEST_STEP][PASSED] - delay(1): Delayed 1 second(s)

2022-06-23 21:04:16 - [MESSAGE][PASSED] - Delayed 1 second(s)

2022-06-23 21:04:16 - [TEST_STEP][PASSED] - click(findTestObject("1. Constant/xpath", ["xpath":"//*[@id="source_" + refID_Mother + ""]/td[15]/a[3]"])): Object: 'Object Repository/1. Constant/xpath' is clicked on

2022-06-23 21:04:19 - [MESSAGE][PASSED] - Object: 'Object Repository/1. Constant/xpath' is clicked on

2022-06-23 21:04:19 - [TEST_STEP][PASSED] - delay(1): Delayed 1 second(s)

2022-06-23 21:04:20 - [MESSAGE][PASSED] - Delayed 1 second(s)

2022-06-23 21:04:20 - [TEST_STEP][PASSED] - click(findTestObject("1. Constant/xpath", ["xpath":"//*[@id="ModifFiche"]/div[1]/div/button[2]"])): Object: 'Object Repository/1. Constant/xpath' is clicked on

2022-06-23 21:04:26 - [MESSAGE][PASSED] - Object: 'Object Repository/1. Constant/xpath' is clicked on

2022-06-23 21:04:26 - [TEST_STEP][PASSED] - takeScreenshot(): Taking screenshot successfully

2022-06-23 21:04:27 - [MESSAGE][PASSED] - Taking screenshot successfully
[[ATTACHMENT|D:\\Projet Test Auto\\Mediabox Test Automation\\Reports\\20220623_184212\\03. Parallel Testing (Testing)\\TS -PT PART 3\\07 Tag Sephora Dreyers _ Empty Group _Lifecycle condition\\20220623_184221\\1656011066953.png]]

2022-06-23 21:04:27 - [TEST_STEP][PASSED] - delay(1): Delayed 1 second(s)

2022-06-23 21:04:28 - [MESSAGE][PASSED] - Delayed 1 second(s)

2022-06-23 21:04:28 - [TEST_STEP][PASSED] - L2 = getText(findTestObject("1. Constant/xpath", ["xpath":"//*[@id="source_" + refID_Mother + ""]/td[14]/span[1]"])): Text of object 'Object Repository/1. Constant/xpath' is: 'Mother Phase 2.1'

2022-06-23 21:04:30 - [MESSAGE][PASSED] - Text of object 'Object Repository/1. Constant/xpath' is: 'Mother Phase 2.1'

2022-06-23 21:04:30 - [TEST_STEP][PASSED] - verifyMatch(L2, "Mother Phase 2.1", false): Actual text 'Mother Phase 2.1' and expected text 'Mother Phase 2.1' are matched 

2022-06-23 21:04:30 - [MESSAGE][PASSED] - Actual text 'Mother Phase 2.1' and expected text 'Mother Phase 2.1' are matched 

2022-06-23 21:04:30 - [TEST_STEP][PASSED] - click(findTestObject("1. Constant/xpath", ["xpath":"//*[@id="source_" + refID_Daughter1 + ""]/td[15]/a[2]"])): Object: 'Object Repository/1. Constant/xpath' is clicked on

2022-06-23 21:04:35 - [MESSAGE][PASSED] - Object: 'Object Repository/1. Constant/xpath' is clicked on

2022-06-23 21:04:35 - [TEST_STEP][PASSED] - takeScreenshot(): Taking screenshot successfully

2022-06-23 21:04:35 - [MESSAGE][PASSED] - Taking screenshot successfully
[[ATTACHMENT|D:\\Projet Test Auto\\Mediabox Test Automation\\Reports\\20220623_184212\\03. Parallel Testing (Testing)\\TS -PT PART 3\\07 Tag Sephora Dreyers _ Empty Group _Lifecycle condition\\20220623_184221\\1656011075300.png]]

2022-06-23 21:04:35 - [TEST_STEP][PASSED] - delay(1): Delayed 1 second(s)

2022-06-23 21:04:36 - [MESSAGE][PASSED] - Delayed 1 second(s)

2022-06-23 21:04:36 - [TEST_STEP][PASSED] - scrollToElement(findTestObject("1. Constant/xpath", ["xpath":"//*[@id="field_var_90"]/div/div/label[2]"]), 5): Scroll to object 'Object Repository/1. Constant/xpath' successfully

2022-06-23 21:04:37 - [MESSAGE][PASSED] - Scroll to object 'Object Repository/1. Constant/xpath' successfully

2022-06-23 21:04:37 - [TEST_STEP][PASSED] - I.click_button_javascript(findTestObject("1. Constant/xpath", ["xpath":"//*[@id="field_var_90"]/div/div/label[2]"])): Execute JavaScript 'arguments[0].click()' successfully

2022-06-23 21:04:37 - [MESSAGE][PASSED] - Execute JavaScript 'arguments[0].click()' successfully

2022-06-23 21:04:37 - [TEST_STEP][PASSED] - I.click_button_javascript(findTestObject("1. Constant/xpath", ["xpath":"//*[@id="field_var_155"]/div/div/label[2]"])): Execute JavaScript 'arguments[0].click()' successfully

2022-06-23 21:04:38 - [MESSAGE][PASSED] - Execute JavaScript 'arguments[0].click()' successfully

2022-06-23 21:04:38 - [TEST_STEP][PASSED] - selectOptionByValue(findTestObject("1. Constant/xpath", ["xpath":"//*[@id="var_15"]"]), "77", false): All options with value '77' are selected in object 'Object Repository/1. Constant/xpath' 

2022-06-23 21:04:40 - [MESSAGE][PASSED] - All options with value '77' are selected in object 'Object Repository/1. Constant/xpath' 

2022-06-23 21:04:40 - [TEST_STEP][PASSED] - selectOptionByValue(findTestObject("1. Constant/xpath", ["xpath":"//*[@id="var_17"]"]), "153", false): All options with value '153' are selected in object 'Object Repository/1. Constant/xpath' 

2022-06-23 21:04:40 - [MESSAGE][PASSED] - All options with value '153' are selected in object 'Object Repository/1. Constant/xpath' 

2022-06-23 21:04:40 - [TEST_STEP][PASSED] - selectOptionByValue(findTestObject("1. Constant/xpath", ["xpath":"//*[@id="var_106"]"]), "145", false): All options with value '145' are selected in object 'Object Repository/1. Constant/xpath' 

2022-06-23 21:04:43 - [MESSAGE][PASSED] - All options with value '145' are selected in object 'Object Repository/1. Constant/xpath' 

2022-06-23 21:04:43 - [TEST_STEP][PASSED] - I.Pagedown(): Execute JavaScript 'window.scrollTo(0, document.body.scrollHeight)' successfully

2022-06-23 21:04:44 - [MESSAGE][PASSED] - Execute JavaScript 'window.scrollTo(0, document.body.scrollHeight)' successfully

2022-06-23 21:04:44 - [TEST_STEP][PASSED] - takeScreenshot(): Taking screenshot successfully

2022-06-23 21:04:45 - [MESSAGE][PASSED] - Taking screenshot successfully
[[ATTACHMENT|D:\\Projet Test Auto\\Mediabox Test Automation\\Reports\\20220623_184212\\03. Parallel Testing (Testing)\\TS -PT PART 3\\07 Tag Sephora Dreyers _ Empty Group _Lifecycle condition\\20220623_184221\\1656011084398.png]]

2022-06-23 21:04:45 - [TEST_STEP][PASSED] - click(findTestObject("1. Constant/xpath", ["xpath":"//*[@id="ModifFiche"]/div[3]/div/button[1]"])): Object: 'Object Repository/1. Constant/xpath' is clicked on

2022-06-23 21:04:50 - [MESSAGE][PASSED] - Object: 'Object Repository/1. Constant/xpath' is clicked on

2022-06-23 21:04:50 - [TEST_STEP][PASSED] - delay(1): Delayed 1 second(s)

2022-06-23 21:04:51 - [MESSAGE][PASSED] - Delayed 1 second(s)

2022-06-23 21:04:51 - [TEST_STEP][PASSED] - takeScreenshot(): Taking screenshot successfully

2022-06-23 21:04:52 - [MESSAGE][PASSED] - Taking screenshot successfully
[[ATTACHMENT|D:\\Projet Test Auto\\Mediabox Test Automation\\Reports\\20220623_184212\\03. Parallel Testing (Testing)\\TS -PT PART 3\\07 Tag Sephora Dreyers _ Empty Group _Lifecycle condition\\20220623_184221\\1656011092044.png]]

2022-06-23 21:04:52 - [TEST_STEP][PASSED] - click(findTestObject("1. Constant/xpath", ["xpath":"//*[@id="source_" + refID_Mother + ""]/td[15]/a[3]"])): Object: 'Object Repository/1. Constant/xpath' is clicked on

2022-06-23 21:04:56 - [MESSAGE][PASSED] - Object: 'Object Repository/1. Constant/xpath' is clicked on

2022-06-23 21:04:56 - [TEST_STEP][PASSED] - delay(1): Delayed 1 second(s)

2022-06-23 21:04:57 - [MESSAGE][PASSED] - Delayed 1 second(s)

2022-06-23 21:04:57 - [TEST_STEP][PASSED] - click(findTestObject("1. Constant/xpath", ["xpath":"//*[@id="ModifFiche"]/div[1]/div/button[2]"])): Object: 'Object Repository/1. Constant/xpath' is clicked on

2022-06-23 21:05:01 - [MESSAGE][PASSED] - Object: 'Object Repository/1. Constant/xpath' is clicked on

2022-06-23 21:05:01 - [TEST_STEP][PASSED] - takeScreenshot(): Taking screenshot successfully

2022-06-23 21:05:02 - [MESSAGE][PASSED] - Taking screenshot successfully
[[ATTACHMENT|D:\\Projet Test Auto\\Mediabox Test Automation\\Reports\\20220623_184212\\03. Parallel Testing (Testing)\\TS -PT PART 3\\07 Tag Sephora Dreyers _ Empty Group _Lifecycle condition\\20220623_184221\\1656011101806.png]]

2022-06-23 21:05:02 - [TEST_STEP][PASSED] - delay(1): Delayed 1 second(s)

2022-06-23 21:05:03 - [MESSAGE][PASSED] - Delayed 1 second(s)

2022-06-23 21:05:03 - [TEST_STEP][PASSED] - L3 = getText(findTestObject("1. Constant/xpath", ["xpath":"//*[@id="source_" + refID_Mother + ""]/td[14]/span"])): Text of object 'Object Repository/1. Constant/xpath' is: 'Complete'

2022-06-23 21:05:03 - [MESSAGE][PASSED] - Text of object 'Object Repository/1. Constant/xpath' is: 'Complete'

2022-06-23 21:05:03 - [TEST_STEP][PASSED] - verifyMatch(L3, "Complete", false): Actual text 'Complete' and expected text 'Complete' are matched 

2022-06-23 21:05:03 - [MESSAGE][PASSED] - Actual text 'Complete' and expected text 'Complete' are matched 

2022-06-23 21:05:03 - [TEST_STEP][PASSED] - L4 = getText(findTestObject("1. Constant/xpath", ["xpath":"//*[@id="source_" + refID_Daughter1 + ""]/td[14]/span"])): Text of object 'Object Repository/1. Constant/xpath' is: 'Complete'

2022-06-23 21:05:03 - [MESSAGE][PASSED] - Text of object 'Object Repository/1. Constant/xpath' is: 'Complete'

2022-06-23 21:05:03 - [TEST_STEP][PASSED] - verifyMatch(L4, "Complete", false): Actual text 'Complete' and expected text 'Complete' are matched 

2022-06-23 21:05:03 - [MESSAGE][PASSED] - Actual text 'Complete' and expected text 'Complete' are matched 

2022-06-23 21:05:03 - [TEST_STEP][PASSED] - Start listener action : sampleAfterTestCase: null]]></system-out>
         <system-err><![CDATA[]]></system-err>
      </testcase>
      <testcase name="Test Cases/13. Dreyers Lifecycle condition/13.5 Click n Print _ Lifecycle conditions_UserField" time="232.623" classname="Test Cases/13. Dreyers Lifecycle condition/13.5 Click n Print _ Lifecycle conditions_UserField" status="PASSED">
         <system-out><![CDATA[2022-06-23 21:05:03 - [TEST_CASE][PASSED] - Test Cases/13. Dreyers Lifecycle condition/13.5 Click n Print _ Lifecycle conditions_UserField: Test Cases/13. Dreyers Lifecycle condition/13.5 Click n Print _ Lifecycle conditions_UserField

2022-06-23 21:05:04 - [TEST_STEP][PASSED] - data_ClicknPrint = findTestData("Data Files/Username_Password/ClicknPrint"): null

2022-06-23 21:05:04 - [TEST_STEP][PASSED] - password_suser = data_ClicknPrint.getValue(2, 1): null

2022-06-23 21:05:04 - [TEST_STEP][PASSED] - password_gbouquard = data_ClicknPrint.getValue(2, 2): null

2022-06-23 21:05:04 - [TEST_STEP][PASSED] - password_jde_rcr = data_ClicknPrint.getValue(2, 3): null

2022-06-23 21:05:04 - [TEST_STEP][PASSED] - data_urlRELAUTO = findTestData("Data Files/URL/URL_relauto"): null

2022-06-23 21:05:04 - [TEST_STEP][PASSED] - Url_ClicknPrint = data_urlRELAUTO.getValue(2, 6): null

2022-06-23 21:05:04 - [TEST_STEP][PASSED] - openBrowser(Url_ClicknPrint): Browser is opened with url: 'http://mdb-release.diadeis.lan/MediaboxIndependence/?MBI_datasource=RELTESTAUTO_CLICKNPRINT'

2022-06-23 21:05:04 - [MESSAGE][WARNING] - A browser is already opened. Closing browser and opening a new one

2022-06-23 21:05:11 - [MESSAGE][INFO] - Starting 'Chrome (headless)' driver

2022-06-23 21:05:11 - [MESSAGE][INFO] - User set preference: ['args', '[--window-size=1920,1080, --headless]']

2022-06-23 21:05:11 - [MESSAGE][INFO] - Action delay is set to 0 milliseconds

2022-06-23 21:05:33 - [MESSAGE][PASSED] - Browser is opened with url: 'http://mdb-release.diadeis.lan/MediaboxIndependence/?MBI_datasource=RELTESTAUTO_CLICKNPRINT'

2022-06-23 21:05:33 - [TEST_STEP][PASSED] - maximizeWindow(): Current window maximized

2022-06-23 21:05:34 - [MESSAGE][PASSED] - Current window maximized

2022-06-23 21:05:34 - [TEST_STEP][PASSED] - waitForPageLoad(30): Wait for page load successfully

2022-06-23 21:05:35 - [MESSAGE][PASSED] - Wait for page load successfully

2022-06-23 21:05:35 - [TEST_STEP][PASSED] - takeScreenshot(): Taking screenshot successfully

2022-06-23 21:05:35 - [MESSAGE][PASSED] - Taking screenshot successfully
[[ATTACHMENT|D:\\Projet Test Auto\\Mediabox Test Automation\\Reports\\20220623_184212\\03. Parallel Testing (Testing)\\TS -PT PART 3\\07 Tag Sephora Dreyers _ Empty Group _Lifecycle condition\\20220623_184221\\1656011135100.png]]

2022-06-23 21:05:35 - [TEST_STEP][PASSED] - I.Login_password("gbouquard", password_gbouquard): Object: 'Object Repository/1. Constant/xpath' is clicked on

2022-06-23 21:05:37 - [MESSAGE][PASSED] - Text 'gbouquard' is set on object 'Object Repository/1. Constant/xpath'

2022-06-23 21:05:38 - [MESSAGE][PASSED] - Delayed 1 second(s)

2022-06-23 21:05:39 - [MESSAGE][PASSED] - Text 'dchi' is set on object 'Object Repository/1. Constant/xpath'

2022-06-23 21:05:40 - [MESSAGE][PASSED] - Delayed 1 second(s)

2022-06-23 21:05:52 - [MESSAGE][PASSED] - Object: 'Object Repository/1. Constant/xpath' is clicked on

2022-06-23 21:05:52 - [TEST_STEP][PASSED] - click(findTestObject("1. Constant/02_LHSMenu_Projects")): Object: 'Object Repository/1. Constant/02_LHSMenu_Projects' is clicked on

2022-06-23 21:05:58 - [MESSAGE][PASSED] - Object: 'Object Repository/1. Constant/02_LHSMenu_Projects' is clicked on

2022-06-23 21:05:58 - [TEST_STEP][PASSED] - click(findTestObject("1. Constant/xpath", ["xpath":"//*[@id="kt_content"]/div[3]/div/div/div[1]/div[2]/a[1]"])): Object: 'Object Repository/1. Constant/xpath' is clicked on

2022-06-23 21:06:03 - [MESSAGE][PASSED] - Object: 'Object Repository/1. Constant/xpath' is clicked on

2022-06-23 21:06:03 - [TEST_STEP][PASSED] - takeScreenshot(): Taking screenshot successfully

2022-06-23 21:06:04 - [MESSAGE][PASSED] - Taking screenshot successfully
[[ATTACHMENT|D:\\Projet Test Auto\\Mediabox Test Automation\\Reports\\20220623_184212\\03. Parallel Testing (Testing)\\TS -PT PART 3\\07 Tag Sephora Dreyers _ Empty Group _Lifecycle condition\\20220623_184221\\1656011164080.png]]

2022-06-23 21:06:04 - [TEST_STEP][PASSED] - delay(1): Delayed 1 second(s)

2022-06-23 21:06:05 - [MESSAGE][PASSED] - Delayed 1 second(s)

2022-06-23 21:06:05 - [TEST_STEP][PASSED] - selectOptionByValue(findTestObject("1. Constant/xpath", ["xpath":"//*[@id="var_18"]"]), "4340", false): All options with value '4340' are selected in object 'Object Repository/1. Constant/xpath' 

2022-06-23 21:06:08 - [MESSAGE][PASSED] - All options with value '4340' are selected in object 'Object Repository/1. Constant/xpath' 

2022-06-23 21:06:08 - [TEST_STEP][PASSED] - delay(1): Delayed 1 second(s)

2022-06-23 21:06:09 - [MESSAGE][PASSED] - Delayed 1 second(s)

2022-06-23 21:06:09 - [TEST_STEP][PASSED] - setText(findTestObject("1. Constant/xpath", ["xpath":"//*[@id="var_22"]"]), "01/01/2030"): Text '01/01/2030' is set on object 'Object Repository/1. Constant/xpath'

2022-06-23 21:06:11 - [MESSAGE][PASSED] - Text '01/01/2030' is set on object 'Object Repository/1. Constant/xpath'

2022-06-23 21:06:11 - [TEST_STEP][PASSED] - delay(1): Delayed 1 second(s)

2022-06-23 21:06:12 - [MESSAGE][PASSED] - Delayed 1 second(s)

2022-06-23 21:06:12 - [TEST_STEP][PASSED] - setText(findTestObject("1. Constant/xpath", ["xpath":"//*[@id="var_173"]"]), "Commentaires test"): Text 'Commentaires test' is set on object 'Object Repository/1. Constant/xpath'

2022-06-23 21:06:13 - [MESSAGE][PASSED] - Text 'Commentaires test' is set on object 'Object Repository/1. Constant/xpath'

2022-06-23 21:06:13 - [TEST_STEP][PASSED] - delay(5): Delayed 5 second(s)

2022-06-23 21:06:18 - [MESSAGE][PASSED] - Delayed 5 second(s)

2022-06-23 21:06:18 - [TEST_STEP][PASSED] - I.Pagedown(): Execute JavaScript 'window.scrollTo(0, document.body.scrollHeight)' successfully

2022-06-23 21:06:18 - [MESSAGE][PASSED] - Execute JavaScript 'window.scrollTo(0, document.body.scrollHeight)' successfully

2022-06-23 21:06:18 - [TEST_STEP][PASSED] - click(findTestObject("1. Constant/xpath", ["xpath":"//*[@id="ModifFiche"]/div[3]/div/button"])): Object: 'Object Repository/1. Constant/xpath' is clicked on

2022-06-23 21:06:24 - [MESSAGE][PASSED] - Object: 'Object Repository/1. Constant/xpath' is clicked on

2022-06-23 21:06:24 - [TEST_STEP][PASSED] - delay(10): Delayed 10 second(s)

2022-06-23 21:06:34 - [MESSAGE][PASSED] - Delayed 10 second(s)

2022-06-23 21:06:34 - [TEST_STEP][PASSED] - Project_No = I.ProjectNo(): Current window's url is: 'http://mdb-release.diadeis.lan/MediaboxIndependence/Base/ExecAction?IDSession=MBI%21RELTESTAUTO_CLICKNPRINT%218XHA1SE945D1EK7O4OBWW43A85T6CFLGWBBTH5Z5&default_action=AfficheFichesProjet&id_project=MI000495'

2022-06-23 21:06:39 - [MESSAGE][PASSED] - Delayed 5 second(s)

2022-06-23 21:06:39 - [MESSAGE][PASSED] - Current window's url is: 'http://mdb-release.diadeis.lan/MediaboxIndependence/Base/ExecAction?IDSession=MBI%21RELTESTAUTO_CLICKNPRINT%218XHA1SE945D1EK7O4OBWW43A85T6CFLGWBBTH5Z5&default_action=AfficheFichesProjet&id_project=MI000495'

2022-06-23 21:06:39 - [TEST_STEP][PASSED] - takeScreenshot(): Taking screenshot successfully

2022-06-23 21:06:40 - [MESSAGE][PASSED] - Taking screenshot successfully
[[ATTACHMENT|D:\\Projet Test Auto\\Mediabox Test Automation\\Reports\\20220623_184212\\03. Parallel Testing (Testing)\\TS -PT PART 3\\07 Tag Sephora Dreyers _ Empty Group _Lifecycle condition\\20220623_184221\\1656011199549.png]]

2022-06-23 21:06:40 - [TEST_STEP][PASSED] - click(findTestObject("1. Constant/xpath", ["xpath":"//*[@id="create_ref_btn"]/button"])): Object: 'Object Repository/1. Constant/xpath' is clicked on

2022-06-23 21:06:40 - [MESSAGE][PASSED] - Object: 'Object Repository/1. Constant/xpath' is clicked on

2022-06-23 21:06:40 - [TEST_STEP][PASSED] - delay(1): Delayed 1 second(s)

2022-06-23 21:06:41 - [MESSAGE][PASSED] - Delayed 1 second(s)

2022-06-23 21:06:41 - [TEST_STEP][PASSED] - takeScreenshot(): Taking screenshot successfully

2022-06-23 21:06:43 - [MESSAGE][PASSED] - Taking screenshot successfully
[[ATTACHMENT|D:\\Projet Test Auto\\Mediabox Test Automation\\Reports\\20220623_184212\\03. Parallel Testing (Testing)\\TS -PT PART 3\\07 Tag Sephora Dreyers _ Empty Group _Lifecycle condition\\20220623_184221\\1656011202438.png]]

2022-06-23 21:06:43 - [TEST_STEP][PASSED] - click(findTestObject("1. Constant/xpath", ["xpath":"//*[@id="create_ref_btn"]/div/a[1]"])): Object: 'Object Repository/1. Constant/xpath' is clicked on

2022-06-23 21:06:48 - [MESSAGE][PASSED] - Object: 'Object Repository/1. Constant/xpath' is clicked on

2022-06-23 21:06:48 - [TEST_STEP][PASSED] - delay(1): Delayed 1 second(s)

2022-06-23 21:06:49 - [MESSAGE][PASSED] - Delayed 1 second(s)

2022-06-23 21:06:49 - [TEST_STEP][PASSED] - click(findTestObject("1. Constant/xpath", ["xpath":"//*[@id="create_ref_btn"]/button"])): Object: 'Object Repository/1. Constant/xpath' is clicked on

2022-06-23 21:06:49 - [MESSAGE][PASSED] - Object: 'Object Repository/1. Constant/xpath' is clicked on

2022-06-23 21:06:49 - [TEST_STEP][PASSED] - delay(1): Delayed 1 second(s)

2022-06-23 21:06:50 - [MESSAGE][PASSED] - Delayed 1 second(s)

2022-06-23 21:06:50 - [TEST_STEP][PASSED] - takeScreenshot(): Taking screenshot successfully

2022-06-23 21:06:51 - [MESSAGE][PASSED] - Taking screenshot successfully
[[ATTACHMENT|D:\\Projet Test Auto\\Mediabox Test Automation\\Reports\\20220623_184212\\03. Parallel Testing (Testing)\\TS -PT PART 3\\07 Tag Sephora Dreyers _ Empty Group _Lifecycle condition\\20220623_184221\\1656011211159.png]]

2022-06-23 21:06:51 - [TEST_STEP][PASSED] - click(findTestObject("1. Constant/xpath", ["xpath":"//*[@id="btnImportFromPOS"]"])): Object: 'Object Repository/1. Constant/xpath' is clicked on

2022-06-23 21:06:58 - [MESSAGE][PASSED] - Object: 'Object Repository/1. Constant/xpath' is clicked on

2022-06-23 21:06:58 - [TEST_STEP][PASSED] - delay(2): Delayed 2 second(s)

2022-06-23 21:07:00 - [MESSAGE][PASSED] - Delayed 2 second(s)

2022-06-23 21:07:00 - [TEST_STEP][PASSED] - takeScreenshot(): Taking screenshot successfully

2022-06-23 21:07:01 - [MESSAGE][PASSED] - Taking screenshot successfully
[[ATTACHMENT|D:\\Projet Test Auto\\Mediabox Test Automation\\Reports\\20220623_184212\\03. Parallel Testing (Testing)\\TS -PT PART 3\\07 Tag Sephora Dreyers _ Empty Group _Lifecycle condition\\20220623_184221\\1656011220925.png]]

2022-06-23 21:07:01 - [TEST_STEP][PASSED] - setText(findTestObject("1. Constant/xpath", ["xpath":"//*[@id="fiche_filter_keywords11"]"]), "2167"): Text '2167' is set on object 'Object Repository/1. Constant/xpath'

2022-06-23 21:07:04 - [MESSAGE][PASSED] - Text '2167' is set on object 'Object Repository/1. Constant/xpath'

2022-06-23 21:07:04 - [TEST_STEP][PASSED] - click(findTestObject("1. Constant/xpath", ["xpath":"//*[@id="form_filters"]/div[3]/button"])): Object: 'Object Repository/1. Constant/xpath' is clicked on

2022-06-23 21:07:08 - [MESSAGE][PASSED] - Object: 'Object Repository/1. Constant/xpath' is clicked on

2022-06-23 21:07:08 - [TEST_STEP][PASSED] - takeScreenshot(): Taking screenshot successfully

2022-06-23 21:07:08 - [MESSAGE][PASSED] - Taking screenshot successfully
[[ATTACHMENT|D:\\Projet Test Auto\\Mediabox Test Automation\\Reports\\20220623_184212\\03. Parallel Testing (Testing)\\TS -PT PART 3\\07 Tag Sephora Dreyers _ Empty Group _Lifecycle condition\\20220623_184221\\1656011228431.png]]

2022-06-23 21:07:08 - [TEST_STEP][PASSED] - click(findTestObject("1. Constant/xpath", ["xpath":"//*[@id="btnduplicatereference"]"])): Object: 'Object Repository/1. Constant/xpath' is clicked on

2022-06-23 21:07:11 - [MESSAGE][PASSED] - Object: 'Object Repository/1. Constant/xpath' is clicked on

2022-06-23 21:07:11 - [TEST_STEP][PASSED] - delay(1): Delayed 1 second(s)

2022-06-23 21:07:12 - [MESSAGE][PASSED] - Delayed 1 second(s)

2022-06-23 21:07:12 - [TEST_STEP][PASSED] - takeScreenshot(): Taking screenshot successfully

2022-06-23 21:07:13 - [MESSAGE][PASSED] - Taking screenshot successfully
[[ATTACHMENT|D:\\Projet Test Auto\\Mediabox Test Automation\\Reports\\20220623_184212\\03. Parallel Testing (Testing)\\TS -PT PART 3\\07 Tag Sephora Dreyers _ Empty Group _Lifecycle condition\\20220623_184221\\1656011232473.png]]

2022-06-23 21:07:13 - [TEST_STEP][PASSED] - delay(1): Delayed 1 second(s)

2022-06-23 21:07:14 - [MESSAGE][PASSED] - Delayed 1 second(s)

2022-06-23 21:07:14 - [TEST_STEP][PASSED] - check(findTestObject("1. Constant/xpath", ["xpath":"/html/body/div[1]/div[2]/div[4]/div[3]/div/div[2]/div[2]/div[1]/table/tbody/tr[2]/td[1]/label"])): Object 'Object Repository/1. Constant/xpath' is checked

2022-06-23 21:07:15 - [MESSAGE][PASSED] - Object 'Object Repository/1. Constant/xpath' is checked

2022-06-23 21:07:15 - [TEST_STEP][PASSED] - click(findTestObject("1. Constant/xpath", ["xpath":"//*[@id="action_btnduplicatereference"]"])): Object: 'Object Repository/1. Constant/xpath' is clicked on

2022-06-23 21:07:18 - [MESSAGE][PASSED] - Object: 'Object Repository/1. Constant/xpath' is clicked on

2022-06-23 21:07:18 - [TEST_STEP][PASSED] - delay(2): Delayed 2 second(s)

2022-06-23 21:07:20 - [MESSAGE][PASSED] - Delayed 2 second(s)

2022-06-23 21:07:20 - [TEST_STEP][PASSED] - takeScreenshot(): Taking screenshot successfully

2022-06-23 21:07:21 - [MESSAGE][PASSED] - Taking screenshot successfully
[[ATTACHMENT|D:\\Projet Test Auto\\Mediabox Test Automation\\Reports\\20220623_184212\\03. Parallel Testing (Testing)\\TS -PT PART 3\\07 Tag Sephora Dreyers _ Empty Group _Lifecycle condition\\20220623_184221\\1656011240848.png]]

2022-06-23 21:07:21 - [TEST_STEP][PASSED] - Project_name1 = getText(findTestObject("1. Constant/xpath", ["xpath":"//*[@id="select2-nbProject-container"]"])): Text of object 'Object Repository/1. Constant/xpath' is: 'ADMF - FABRICE BRAOUEZEC - MI000495'

2022-06-23 21:07:22 - [MESSAGE][PASSED] - Text of object 'Object Repository/1. Constant/xpath' is: 'ADMF - FABRICE BRAOUEZEC - MI000495'

2022-06-23 21:07:22 - [TEST_STEP][PASSED] - verifyMatch(Project_name1, "ADMF - FABRICE BRAOUEZEC - " + Project_No, false): Actual text 'ADMF - FABRICE BRAOUEZEC - MI000495' and expected text 'ADMF - FABRICE BRAOUEZEC - MI000495' are matched 

2022-06-23 21:07:22 - [MESSAGE][PASSED] - Actual text 'ADMF - FABRICE BRAOUEZEC - MI000495' and expected text 'ADMF - FABRICE BRAOUEZEC - MI000495' are matched 

2022-06-23 21:07:22 - [TEST_STEP][PASSED] - I.print(Project_name1): null

2022-06-23 21:07:22 - [TEST_STEP][PASSED] - click(findTestObject("1. Constant/xpath", ["xpath":"//*[@id="btn_submit_duplication"]"])): Object: 'Object Repository/1. Constant/xpath' is clicked on

2022-06-23 21:07:27 - [MESSAGE][PASSED] - Object: 'Object Repository/1. Constant/xpath' is clicked on

2022-06-23 21:07:27 - [TEST_STEP][PASSED] - takeScreenshot(): Taking screenshot successfully

2022-06-23 21:07:29 - [MESSAGE][PASSED] - Taking screenshot successfully
[[ATTACHMENT|D:\\Projet Test Auto\\Mediabox Test Automation\\Reports\\20220623_184212\\03. Parallel Testing (Testing)\\TS -PT PART 3\\07 Tag Sephora Dreyers _ Empty Group _Lifecycle condition\\20220623_184221\\1656011248458.png]]

2022-06-23 21:07:29 - [TEST_STEP][PASSED] - delay(1): Delayed 1 second(s)

2022-06-23 21:07:30 - [MESSAGE][PASSED] - Delayed 1 second(s)

2022-06-23 21:07:30 - [TEST_STEP][PASSED] - click(findTestObject("1. Constant/xpath", ["xpath":"/html/body/div[1]/div[2]/div[4]/div[3]/div/div[2]/div[2]/div[1]/table/tbody/tr[2]/td[12]/a"])): Object: 'Object Repository/1. Constant/xpath' is clicked on

2022-06-23 21:07:33 - [MESSAGE][PASSED] - Object: 'Object Repository/1. Constant/xpath' is clicked on

2022-06-23 21:07:33 - [TEST_STEP][PASSED] - delay(1): Delayed 1 second(s)

2022-06-23 21:07:34 - [MESSAGE][PASSED] - Delayed 1 second(s)

2022-06-23 21:07:34 - [TEST_STEP][PASSED] - toastr1 = getText(findTestObject("1. Constant/xpath", ["xpath":"//*[@id="toast-container"]/div/div[2]"])): Text of object 'Object Repository/1. Constant/xpath' is: 'The condition 'Quantité des produits - JDE' is not matched'

2022-06-23 21:07:35 - [MESSAGE][PASSED] - Text of object 'Object Repository/1. Constant/xpath' is: 'The condition 'Quantité des produits - JDE' is not matched'

2022-06-23 21:07:35 - [TEST_STEP][PASSED] - verifyMatch(toastr1, "The condition 'Quantité des produits - JDE' is not matched", false): Actual text 'The condition 'Quantité des produits - JDE' is not matched' and expected text 'The condition 'Quantité des produits - JDE' is not matched' are matched 

2022-06-23 21:07:35 - [MESSAGE][PASSED] - Actual text 'The condition 'Quantité des produits - JDE' is not matched' and expected text 'The condition 'Quantité des produits - JDE' is not matched' are matched 

2022-06-23 21:07:35 - [TEST_STEP][PASSED] - takeScreenshot(): Taking screenshot successfully

2022-06-23 21:07:36 - [MESSAGE][PASSED] - Taking screenshot successfully
[[ATTACHMENT|D:\\Projet Test Auto\\Mediabox Test Automation\\Reports\\20220623_184212\\03. Parallel Testing (Testing)\\TS -PT PART 3\\07 Tag Sephora Dreyers _ Empty Group _Lifecycle condition\\20220623_184221\\1656011255893.png]]

2022-06-23 21:07:36 - [TEST_STEP][PASSED] - I.Logout(): Delayed 3 second(s)

2022-06-23 21:07:39 - [MESSAGE][PASSED] - Delayed 3 second(s)

2022-06-23 21:07:40 - [MESSAGE][PASSED] - Object: 'Object Repository/1. Constant/xpath' is clicked on

2022-06-23 21:07:43 - [MESSAGE][PASSED] - Delayed 3 second(s)

2022-06-23 21:07:46 - [MESSAGE][PASSED] - Object: 'Object Repository/1. Constant/xpath' is clicked on

2022-06-23 21:07:49 - [MESSAGE][PASSED] - Delayed 3 second(s)

2022-06-23 21:07:49 - [TEST_STEP][PASSED] - I.Login_password("jde_rcr", password_jde_rcr): Object: 'Object Repository/1. Constant/xpath' is clicked on

2022-06-23 21:07:51 - [MESSAGE][PASSED] - Text 'jde_rcr' is set on object 'Object Repository/1. Constant/xpath'

2022-06-23 21:07:52 - [MESSAGE][PASSED] - Delayed 1 second(s)

2022-06-23 21:07:53 - [MESSAGE][PASSED] - Text 'dchi1' is set on object 'Object Repository/1. Constant/xpath'

2022-06-23 21:07:54 - [MESSAGE][PASSED] - Delayed 1 second(s)

2022-06-23 21:07:59 - [MESSAGE][PASSED] - Object: 'Object Repository/1. Constant/xpath' is clicked on

2022-06-23 21:07:59 - [TEST_STEP][PASSED] - click(findTestObject("1. Constant/02_LHSMenu_Projects")): Object: 'Object Repository/1. Constant/02_LHSMenu_Projects' is clicked on

2022-06-23 21:08:03 - [MESSAGE][PASSED] - Object: 'Object Repository/1. Constant/02_LHSMenu_Projects' is clicked on

2022-06-23 21:08:03 - [TEST_STEP][PASSED] - I.SearchProjectNo(Project_No, findTestObject("1. Constant/xpath", ["xpath":"//*[@id="form_filters"]/div[4]/button"])): Delayed 5 second(s)

2022-06-23 21:08:04 - [MESSAGE][PASSED] - Text 'MI000495' is set on object 'Object Repository/1. Constant/xpath'

2022-06-23 21:08:07 - [MESSAGE][PASSED] - Delayed 3 second(s)

2022-06-23 21:08:10 - [MESSAGE][PASSED] - Object: 'Object Repository/1. Constant/xpath' is clicked on

2022-06-23 21:08:15 - [MESSAGE][PASSED] - Delayed 5 second(s)

2022-06-23 21:08:15 - [TEST_STEP][PASSED] - takeScreenshot(): Taking screenshot successfully

2022-06-23 21:08:16 - [MESSAGE][PASSED] - Taking screenshot successfully
[[ATTACHMENT|D:\\Projet Test Auto\\Mediabox Test Automation\\Reports\\20220623_184212\\03. Parallel Testing (Testing)\\TS -PT PART 3\\07 Tag Sephora Dreyers _ Empty Group _Lifecycle condition\\20220623_184221\\1656011295875.png]]

2022-06-23 21:08:16 - [TEST_STEP][PASSED] - click(findTestObject("1. Constant/xpath", ["xpath":"/html/body/div[1]/div[2]/div[4]/div[3]/div/div[2]/div[2]/div[1]/table/tbody/tr[1]/td[9]/a[1]"])): Object: 'Object Repository/1. Constant/xpath' is clicked on

2022-06-23 21:08:20 - [MESSAGE][PASSED] - Object: 'Object Repository/1. Constant/xpath' is clicked on

2022-06-23 21:08:20 - [TEST_STEP][PASSED] - takeScreenshot(): Taking screenshot successfully

2022-06-23 21:08:20 - [MESSAGE][PASSED] - Taking screenshot successfully
[[ATTACHMENT|D:\\Projet Test Auto\\Mediabox Test Automation\\Reports\\20220623_184212\\03. Parallel Testing (Testing)\\TS -PT PART 3\\07 Tag Sephora Dreyers _ Empty Group _Lifecycle condition\\20220623_184221\\1656011300629.png]]

2022-06-23 21:08:20 - [TEST_STEP][PASSED] - refID = I.RefID(): Current window's url is: 'http://mdb-release.diadeis.lan/MediaboxIndependence/Base/ExecAction?action=VoirRef&IDSession=MBI!RELTESTAUTO_CLICKNPRINT!OY4BXDRECKTFVXIKGCWWHOH72SJHW255SS66CNH8&num=VZKRY5EY3L&id_ref=3819'

2022-06-23 21:08:25 - [MESSAGE][PASSED] - Delayed 5 second(s)

2022-06-23 21:08:26 - [MESSAGE][PASSED] - Current window's url is: 'http://mdb-release.diadeis.lan/MediaboxIndependence/Base/ExecAction?action=VoirRef&IDSession=MBI!RELTESTAUTO_CLICKNPRINT!OY4BXDRECKTFVXIKGCWWHOH72SJHW255SS66CNH8&num=VZKRY5EY3L&id_ref=3819'

2022-06-23 21:08:26 - [TEST_STEP][PASSED] - refID_daughter1 = Integer.parseInt(refID) + 1: null

2022-06-23 21:08:26 - [TEST_STEP][PASSED] - I.print(refID): null

2022-06-23 21:08:26 - [TEST_STEP][PASSED] - I.print(refID_daughter1): null

2022-06-23 21:08:26 - [TEST_STEP][PASSED] - click(findTestObject("1. Constant/xpath", ["xpath":"//*[@id="kt_content"]/div[3]/div/ul/li[3]/a"])): Object: 'Object Repository/1. Constant/xpath' is clicked on

2022-06-23 21:08:27 - [MESSAGE][PASSED] - Object: 'Object Repository/1. Constant/xpath' is clicked on

2022-06-23 21:08:27 - [TEST_STEP][PASSED] - lifecyclestatus_Mother = getText(findTestObject("1. Constant/xpath", ["xpath":"/html/body/div[1]/div[2]/div[8]/div[3]/div/div[3]/div[3]/div/div/div[1]/div/div/div/div[1]/div[1]/h3"])): Text of object 'Object Repository/1. Constant/xpath' is: 'Attente des produits individuels'

2022-06-23 21:08:27 - [MESSAGE][PASSED] - Text of object 'Object Repository/1. Constant/xpath' is: 'Attente des produits individuels'

2022-06-23 21:08:27 - [TEST_STEP][PASSED] - verifyMatch(lifecyclestatus_Mother, "Attente des produits individuels", false): Actual text 'Attente des produits individuels' and expected text 'Attente des produits individuels' are matched 

2022-06-23 21:08:27 - [MESSAGE][PASSED] - Actual text 'Attente des produits individuels' and expected text 'Attente des produits individuels' are matched 

2022-06-23 21:08:27 - [TEST_STEP][PASSED] - takeScreenshot(): Taking screenshot successfully

2022-06-23 21:08:28 - [MESSAGE][PASSED] - Taking screenshot successfully
[[ATTACHMENT|D:\\Projet Test Auto\\Mediabox Test Automation\\Reports\\20220623_184212\\03. Parallel Testing (Testing)\\TS -PT PART 3\\07 Tag Sephora Dreyers _ Empty Group _Lifecycle condition\\20220623_184221\\1656011307877.png]]

2022-06-23 21:08:28 - [TEST_STEP][PASSED] - click(findTestObject("1. Constant/xpath", ["xpath":"//*[@id="kt_subheader"]/div/nav/ol/li[2]/a"])): Object: 'Object Repository/1. Constant/xpath' is clicked on

2022-06-23 21:08:29 - [MESSAGE][PASSED] - Object: 'Object Repository/1. Constant/xpath' is clicked on

2022-06-23 21:08:29 - [TEST_STEP][PASSED] - takeScreenshot(): Taking screenshot successfully

2022-06-23 21:08:30 - [MESSAGE][PASSED] - Taking screenshot successfully
[[ATTACHMENT|D:\\Projet Test Auto\\Mediabox Test Automation\\Reports\\20220623_184212\\03. Parallel Testing (Testing)\\TS -PT PART 3\\07 Tag Sephora Dreyers _ Empty Group _Lifecycle condition\\20220623_184221\\1656011309893.png]]

2022-06-23 21:08:30 - [TEST_STEP][PASSED] - click(findTestObject("1. Constant/xpath", ["xpath":"//*[@id="source_" + refID_daughter1 + ""]/td[12]/a[2]"])): Object: 'Object Repository/1. Constant/xpath' is clicked on

2022-06-23 21:08:32 - [MESSAGE][PASSED] - Object: 'Object Repository/1. Constant/xpath' is clicked on

2022-06-23 21:08:32 - [TEST_STEP][PASSED] - takeScreenshot(): Taking screenshot successfully

2022-06-23 21:08:32 - [MESSAGE][PASSED] - Taking screenshot successfully
[[ATTACHMENT|D:\\Projet Test Auto\\Mediabox Test Automation\\Reports\\20220623_184212\\03. Parallel Testing (Testing)\\TS -PT PART 3\\07 Tag Sephora Dreyers _ Empty Group _Lifecycle condition\\20220623_184221\\1656011312630.png]]

2022-06-23 21:08:32 - [TEST_STEP][PASSED] - setText(findTestObject("1. Constant/xpath", ["xpath":"//*[@id="var_23"]"]), "1"): Text '1' is set on object 'Object Repository/1. Constant/xpath'

2022-06-23 21:08:33 - [MESSAGE][PASSED] - Text '1' is set on object 'Object Repository/1. Constant/xpath'

2022-06-23 21:08:33 - [TEST_STEP][PASSED] - click(findTestObject("1. Constant/xpath", ["xpath":"//*[@id="ModifFiche"]/div[1]/div/button[2]"])): Object: 'Object Repository/1. Constant/xpath' is clicked on

2022-06-23 21:08:39 - [MESSAGE][PASSED] - Object: 'Object Repository/1. Constant/xpath' is clicked on

2022-06-23 21:08:39 - [TEST_STEP][PASSED] - click(findTestObject("1. Constant/xpath", ["xpath":"//*[@id="source_" + refID + ""]/td[12]/a"])): Object: 'Object Repository/1. Constant/xpath' is clicked on

2022-06-23 21:08:44 - [MESSAGE][PASSED] - Object: 'Object Repository/1. Constant/xpath' is clicked on

2022-06-23 21:08:44 - [TEST_STEP][PASSED] - delay(1): Delayed 1 second(s)

2022-06-23 21:08:45 - [MESSAGE][PASSED] - Delayed 1 second(s)

2022-06-23 21:08:45 - [TEST_STEP][PASSED] - click(findTestObject("1. Constant/xpath", ["xpath":"//*[@id="source_" + refID + ""]/td[9]/a[1]"])): Object: 'Object Repository/1. Constant/xpath' is clicked on

2022-06-23 21:08:48 - [MESSAGE][PASSED] - Object: 'Object Repository/1. Constant/xpath' is clicked on

2022-06-23 21:08:48 - [TEST_STEP][PASSED] - click(findTestObject("1. Constant/xpath", ["xpath":"//*[@id="kt_content"]/div[3]/div/ul/li[3]/a"])): Object: 'Object Repository/1. Constant/xpath' is clicked on

2022-06-23 21:08:50 - [MESSAGE][PASSED] - Object: 'Object Repository/1. Constant/xpath' is clicked on

2022-06-23 21:08:50 - [TEST_STEP][PASSED] - lifecyclestatus_Mother1 = getText(findTestObject("1. Constant/xpath", ["xpath":"/html/body/div[1]/div[2]/div[8]/div[3]/div/div[3]/div[3]/div/div/div[2]/div/div/div/div[1]/div[1]/h3"])): Text of object 'Object Repository/1. Constant/xpath' is: 'Vérification de la quantité'

2022-06-23 21:08:50 - [MESSAGE][PASSED] - Text of object 'Object Repository/1. Constant/xpath' is: 'Vérification de la quantité'

2022-06-23 21:08:50 - [TEST_STEP][PASSED] - verifyMatch(lifecyclestatus_Mother1, "Vérification de la quantité", false): Actual text 'Vérification de la quantité' and expected text 'Vérification de la quantité' are matched 

2022-06-23 21:08:50 - [MESSAGE][PASSED] - Actual text 'Vérification de la quantité' and expected text 'Vérification de la quantité' are matched 

2022-06-23 21:08:50 - [TEST_STEP][PASSED] - closeBrowser(): Browser is closed

2022-06-23 21:08:56 - [MESSAGE][PASSED] - Browser is closed

2022-06-23 21:08:56 - [TEST_STEP][PASSED] - Start listener action : sampleAfterTestCase: null]]></system-out>
         <system-err><![CDATA[]]></system-err>
      </testcase>
      <system-out><![CDATA[2022-06-23 20:12:10 - [TEST_SUITE][PASSED] - 07 Tag Sephora Dreyers _ Empty Group _Lifecycle condition: Test Cases/13. Dreyers Lifecycle condition/13.5 Click n Print _ Lifecycle conditions_UserField]]></system-out>
      <system-err><![CDATA[]]></system-err>
   </testsuite>
</testsuites>
