<?xml version="1.0" encoding="UTF-8"?>
<testsuites name="03. StarPack Full Lifecycle_SAS_Task" time="3899.338" tests="7" failures="0" errors="0">
   <testsuite name="03. StarPack Full Lifecycle_SAS_Task" tests="7" failures="0" errors="0" time="3899.338" skipped="0" timestamp="2022-06-09 18:11:59" hostname="lamhe - DPF-MBI-VERIF.ad.sgsco.int" id="Test Suites/03. Parallel Testing (Testing)/TS -PT PART 3/03. StarPack Full Lifecycle_SAS_Task">
      <properties>
         <property name="deviceName" value=""/>
         <property name="devicePlatform" value=""/>
         <property name="logFolder" value="D:\\Projet Test Auto\\Mediabox Test Automation\\Reports\\20220609_181011\\03. Parallel Testing (Testing)\\TS -PT PART 3\\03. StarPack Full Lifecycle_SAS_Task\\20220609_181034"/>
         <property name="logFiles" value="D:\\Projet Test Auto\\Mediabox Test Automation\\Reports\\20220609_181011\\03. Parallel Testing (Testing)\\TS -PT PART 3\\03. StarPack Full Lifecycle_SAS_Task\\20220609_181034\\execution0.log"/>
         <property name="attachments" value="D:\\Projet Test Auto\\Mediabox Test Automation\\Reports\\20220609_181011\\03. Parallel Testing (Testing)\\TS -PT PART 3\\03. StarPack Full Lifecycle_SAS_Task\\20220609_181034\\1654791169186.png, D:\\Projet Test Auto\\Mediabox Test Automation\\Reports\\20220609_181011\\03. Parallel Testing (Testing)\\TS -PT PART 3\\03. StarPack Full Lifecycle_SAS_Task\\20220609_181034\\1654791179235.png, D:\\Projet Test Auto\\Mediabox Test Automation\\Reports\\20220609_181011\\03. Parallel Testing (Testing)\\TS -PT PART 3\\03. StarPack Full Lifecycle_SAS_Task\\20220609_181034\\1654791188755.png, D:\\Projet Test Auto\\Mediabox Test Automation\\Reports\\20220609_181011\\03. Parallel Testing (Testing)\\TS -PT PART 3\\03. StarPack Full Lifecycle_SAS_Task\\20220609_181034\\1654791225142.png, D:\\Projet Test Auto\\Mediabox Test Automation\\Reports\\20220609_181011\\03. Parallel Testing (Testing)\\TS -PT PART 3\\03. StarPack Full Lifecycle_SAS_Task\\20220609_181034\\1654791253267.png, D:\\Projet Test Auto\\Mediabox Test Automation\\Reports\\20220609_181011\\03. Parallel Testing (Testing)\\TS -PT PART 3\\03. StarPack Full Lifecycle_SAS_Task\\20220609_181034\\1654791268799.png, D:\\Projet Test Auto\\Mediabox Test Automation\\Reports\\20220609_181011\\03. Parallel Testing (Testing)\\TS -PT PART 3\\03. StarPack Full Lifecycle_SAS_Task\\20220609_181034\\1654791305694.png, D:\\Projet Test Auto\\Mediabox Test Automation\\Reports\\20220609_181011\\03. Parallel Testing (Testing)\\TS -PT PART 3\\03. StarPack Full Lifecycle_SAS_Task\\20220609_181034\\1654791331950.png, D:\\Projet Test Auto\\Mediabox Test Automation\\Reports\\20220609_181011\\03. Parallel Testing (Testing)\\TS -PT PART 3\\03. StarPack Full Lifecycle_SAS_Task\\20220609_181034\\1654791358298.png, D:\\Projet Test Auto\\Mediabox Test Automation\\Reports\\20220609_181011\\03. Parallel Testing (Testing)\\TS -PT PART 3\\03. StarPack Full Lifecycle_SAS_Task\\20220609_181034\\1654791404048.png, D:\\Projet Test Auto\\Mediabox Test Automation\\Reports\\20220609_181011\\03. Parallel Testing (Testing)\\TS -PT PART 3\\03. StarPack Full Lifecycle_SAS_Task\\20220609_181034\\1654791428820.png, D:\\Projet Test Auto\\Mediabox Test Automation\\Reports\\20220609_181011\\03. Parallel Testing (Testing)\\TS -PT PART 3\\03. StarPack Full Lifecycle_SAS_Task\\20220609_181034\\1654791446142.png, D:\\Projet Test Auto\\Mediabox Test Automation\\Reports\\20220609_181011\\03. Parallel Testing (Testing)\\TS -PT PART 3\\03. StarPack Full Lifecycle_SAS_Task\\20220609_181034\\1654791465873.png, D:\\Projet Test Auto\\Mediabox Test Automation\\Reports\\20220609_181011\\03. Parallel Testing (Testing)\\TS -PT PART 3\\03. StarPack Full Lifecycle_SAS_Task\\20220609_181034\\1654791484761.png, D:\\Projet Test Auto\\Mediabox Test Automation\\Reports\\20220609_181011\\03. Parallel Testing (Testing)\\TS -PT PART 3\\03. StarPack Full Lifecycle_SAS_Task\\20220609_181034\\1654791499708.png, D:\\Projet Test Auto\\Mediabox Test Automation\\Reports\\20220609_181011\\03. Parallel Testing (Testing)\\TS -PT PART 3\\03. StarPack Full Lifecycle_SAS_Task\\20220609_181034\\1654791503078.png, D:\\Projet Test Auto\\Mediabox Test Automation\\Reports\\20220609_181011\\03. Parallel Testing (Testing)\\TS -PT PART 3\\03. StarPack Full Lifecycle_SAS_Task\\20220609_181034\\1654791510137.png, D:\\Projet Test Auto\\Mediabox Test Automation\\Reports\\20220609_181011\\03. Parallel Testing (Testing)\\TS -PT PART 3\\03. StarPack Full Lifecycle_SAS_Task\\20220609_181034\\1654791515818.png, D:\\Projet Test Auto\\Mediabox Test Automation\\Reports\\20220609_181011\\03. Parallel Testing (Testing)\\TS -PT PART 3\\03. StarPack Full Lifecycle_SAS_Task\\20220609_181034\\1654791518941.png, D:\\Projet Test Auto\\Mediabox Test Automation\\Reports\\20220609_181011\\03. Parallel Testing (Testing)\\TS -PT PART 3\\03. StarPack Full Lifecycle_SAS_Task\\20220609_181034\\1654791524784.png, D:\\Projet Test Auto\\Mediabox Test Automation\\Reports\\20220609_181011\\03. Parallel Testing (Testing)\\TS -PT PART 3\\03. StarPack Full Lifecycle_SAS_Task\\20220609_181034\\1654791529621.png, D:\\Projet Test Auto\\Mediabox Test Automation\\Reports\\20220609_181011\\03. Parallel Testing (Testing)\\TS -PT PART 3\\03. StarPack Full Lifecycle_SAS_Task\\20220609_181034\\1654791550918.png, D:\\Projet Test Auto\\Mediabox Test Automation\\Reports\\20220609_181011\\03. Parallel Testing (Testing)\\TS -PT PART 3\\03. StarPack Full Lifecycle_SAS_Task\\20220609_181034\\1654791586049.png, D:\\Projet Test Auto\\Mediabox Test Automation\\Reports\\20220609_181011\\03. Parallel Testing (Testing)\\TS -PT PART 3\\03. StarPack Full Lifecycle_SAS_Task\\20220609_181034\\1654791604884.png, D:\\Projet Test Auto\\Mediabox Test Automation\\Reports\\20220609_181011\\03. Parallel Testing (Testing)\\TS -PT PART 3\\03. StarPack Full Lifecycle_SAS_Task\\20220609_181034\\1654791666838.png, D:\\Projet Test Auto\\Mediabox Test Automation\\Reports\\20220609_181011\\03. Parallel Testing (Testing)\\TS -PT PART 3\\03. StarPack Full Lifecycle_SAS_Task\\20220609_181034\\1654791668992.png, D:\\Projet Test Auto\\Mediabox Test Automation\\Reports\\20220609_181011\\03. Parallel Testing (Testing)\\TS -PT PART 3\\03. StarPack Full Lifecycle_SAS_Task\\20220609_181034\\1654791686938.png, D:\\Projet Test Auto\\Mediabox Test Automation\\Reports\\20220609_181011\\03. Parallel Testing (Testing)\\TS -PT PART 3\\03. StarPack Full Lifecycle_SAS_Task\\20220609_181034\\1654791713354.png, D:\\Projet Test Auto\\Mediabox Test Automation\\Reports\\20220609_181011\\03. Parallel Testing (Testing)\\TS -PT PART 3\\03. StarPack Full Lifecycle_SAS_Task\\20220609_181034\\1654791735794.png, D:\\Projet Test Auto\\Mediabox Test Automation\\Reports\\20220609_181011\\03. Parallel Testing (Testing)\\TS -PT PART 3\\03. StarPack Full Lifecycle_SAS_Task\\20220609_181034\\1654791770216.png, D:\\Projet Test Auto\\Mediabox Test Automation\\Reports\\20220609_181011\\03. Parallel Testing (Testing)\\TS -PT PART 3\\03. StarPack Full Lifecycle_SAS_Task\\20220609_181034\\1654791794084.png, D:\\Projet Test Auto\\Mediabox Test Automation\\Reports\\20220609_181011\\03. Parallel Testing (Testing)\\TS -PT PART 3\\03. StarPack Full Lifecycle_SAS_Task\\20220609_181034\\1654791864338.png, D:\\Projet Test Auto\\Mediabox Test Automation\\Reports\\20220609_181011\\03. Parallel Testing (Testing)\\TS -PT PART 3\\03. StarPack Full Lifecycle_SAS_Task\\20220609_181034\\1654791948658.png, D:\\Projet Test Auto\\Mediabox Test Automation\\Reports\\20220609_181011\\03. Parallel Testing (Testing)\\TS -PT PART 3\\03. StarPack Full Lifecycle_SAS_Task\\20220609_181034\\1654791990631.png, D:\\Projet Test Auto\\Mediabox Test Automation\\Reports\\20220609_181011\\03. Parallel Testing (Testing)\\TS -PT PART 3\\03. StarPack Full Lifecycle_SAS_Task\\20220609_181034\\1654792018790.png, D:\\Projet Test Auto\\Mediabox Test Automation\\Reports\\20220609_181011\\03. Parallel Testing (Testing)\\TS -PT PART 3\\03. StarPack Full Lifecycle_SAS_Task\\20220609_181034\\1654792040598.png, D:\\Projet Test Auto\\Mediabox Test Automation\\Reports\\20220609_181011\\03. Parallel Testing (Testing)\\TS -PT PART 3\\03. StarPack Full Lifecycle_SAS_Task\\20220609_181034\\1654792075483.png, D:\\Projet Test Auto\\Mediabox Test Automation\\Reports\\20220609_181011\\03. Parallel Testing (Testing)\\TS -PT PART 3\\03. StarPack Full Lifecycle_SAS_Task\\20220609_181034\\1654792096162.png, D:\\Projet Test Auto\\Mediabox Test Automation\\Reports\\20220609_181011\\03. Parallel Testing (Testing)\\TS -PT PART 3\\03. StarPack Full Lifecycle_SAS_Task\\20220609_181034\\1654792172453.png, D:\\Projet Test Auto\\Mediabox Test Automation\\Reports\\20220609_181011\\03. Parallel Testing (Testing)\\TS -PT PART 3\\03. StarPack Full Lifecycle_SAS_Task\\20220609_181034\\1654792210748.png, D:\\Projet Test Auto\\Mediabox Test Automation\\Reports\\20220609_181011\\03. Parallel Testing (Testing)\\TS -PT PART 3\\03. StarPack Full Lifecycle_SAS_Task\\20220609_181034\\1654792230497.png, D:\\Projet Test Auto\\Mediabox Test Automation\\Reports\\20220609_181011\\03. Parallel Testing (Testing)\\TS -PT PART 3\\03. StarPack Full Lifecycle_SAS_Task\\20220609_181034\\1654792263561.png, D:\\Projet Test Auto\\Mediabox Test Automation\\Reports\\20220609_181011\\03. Parallel Testing (Testing)\\TS -PT PART 3\\03. StarPack Full Lifecycle_SAS_Task\\20220609_181034\\1654792268816.png, D:\\Projet Test Auto\\Mediabox Test Automation\\Reports\\20220609_181011\\03. Parallel Testing (Testing)\\TS -PT PART 3\\03. StarPack Full Lifecycle_SAS_Task\\20220609_181034\\1654792273834.png, D:\\Projet Test Auto\\Mediabox Test Automation\\Reports\\20220609_181011\\03. Parallel Testing (Testing)\\TS -PT PART 3\\03. StarPack Full Lifecycle_SAS_Task\\20220609_181034\\1654792312652.png, D:\\Projet Test Auto\\Mediabox Test Automation\\Reports\\20220609_181011\\03. Parallel Testing (Testing)\\TS -PT PART 3\\03. StarPack Full Lifecycle_SAS_Task\\20220609_181034\\1654792341477.png, D:\\Projet Test Auto\\Mediabox Test Automation\\Reports\\20220609_181011\\03. Parallel Testing (Testing)\\TS -PT PART 3\\03. StarPack Full Lifecycle_SAS_Task\\20220609_181034\\1654792365473.png, D:\\Projet Test Auto\\Mediabox Test Automation\\Reports\\20220609_181011\\03. Parallel Testing (Testing)\\TS -PT PART 3\\03. StarPack Full Lifecycle_SAS_Task\\20220609_181034\\1654792422003.png, D:\\Projet Test Auto\\Mediabox Test Automation\\Reports\\20220609_181011\\03. Parallel Testing (Testing)\\TS -PT PART 3\\03. StarPack Full Lifecycle_SAS_Task\\20220609_181034\\1654792427905.png, D:\\Projet Test Auto\\Mediabox Test Automation\\Reports\\20220609_181011\\03. Parallel Testing (Testing)\\TS -PT PART 3\\03. StarPack Full Lifecycle_SAS_Task\\20220609_181034\\1654792451979.png, D:\\Projet Test Auto\\Mediabox Test Automation\\Reports\\20220609_181011\\03. Parallel Testing (Testing)\\TS -PT PART 3\\03. StarPack Full Lifecycle_SAS_Task\\20220609_181034\\1654792473702.png, D:\\Projet Test Auto\\Mediabox Test Automation\\Reports\\20220609_181011\\03. Parallel Testing (Testing)\\TS -PT PART 3\\03. StarPack Full Lifecycle_SAS_Task\\20220609_181034\\1654792505635.png, D:\\Projet Test Auto\\Mediabox Test Automation\\Reports\\20220609_181011\\03. Parallel Testing (Testing)\\TS -PT PART 3\\03. StarPack Full Lifecycle_SAS_Task\\20220609_181034\\1654792576090.png, D:\\Projet Test Auto\\Mediabox Test Automation\\Reports\\20220609_181011\\03. Parallel Testing (Testing)\\TS -PT PART 3\\03. StarPack Full Lifecycle_SAS_Task\\20220609_181034\\1654792596701.png, D:\\Projet Test Auto\\Mediabox Test Automation\\Reports\\20220609_181011\\03. Parallel Testing (Testing)\\TS -PT PART 3\\03. StarPack Full Lifecycle_SAS_Task\\20220609_181034\\1654792598477.png, D:\\Projet Test Auto\\Mediabox Test Automation\\Reports\\20220609_181011\\03. Parallel Testing (Testing)\\TS -PT PART 3\\03. StarPack Full Lifecycle_SAS_Task\\20220609_181034\\1654792602686.png, D:\\Projet Test Auto\\Mediabox Test Automation\\Reports\\20220609_181011\\03. Parallel Testing (Testing)\\TS -PT PART 3\\03. StarPack Full Lifecycle_SAS_Task\\20220609_181034\\1654792603248.png, D:\\Projet Test Auto\\Mediabox Test Automation\\Reports\\20220609_181011\\03. Parallel Testing (Testing)\\TS -PT PART 3\\03. StarPack Full Lifecycle_SAS_Task\\20220609_181034\\1654792605135.png, D:\\Projet Test Auto\\Mediabox Test Automation\\Reports\\20220609_181011\\03. Parallel Testing (Testing)\\TS -PT PART 3\\03. StarPack Full Lifecycle_SAS_Task\\20220609_181034\\1654792608945.png, D:\\Projet Test Auto\\Mediabox Test Automation\\Reports\\20220609_181011\\03. Parallel Testing (Testing)\\TS -PT PART 3\\03. StarPack Full Lifecycle_SAS_Task\\20220609_181034\\1654792617812.png, D:\\Projet Test Auto\\Mediabox Test Automation\\Reports\\20220609_181011\\03. Parallel Testing (Testing)\\TS -PT PART 3\\03. StarPack Full Lifecycle_SAS_Task\\20220609_181034\\1654792625759.png, D:\\Projet Test Auto\\Mediabox Test Automation\\Reports\\20220609_181011\\03. Parallel Testing (Testing)\\TS -PT PART 3\\03. StarPack Full Lifecycle_SAS_Task\\20220609_181034\\1654792631743.png, D:\\Projet Test Auto\\Mediabox Test Automation\\Reports\\20220609_181011\\03. Parallel Testing (Testing)\\TS -PT PART 3\\03. StarPack Full Lifecycle_SAS_Task\\20220609_181034\\1654792643296.png, D:\\Projet Test Auto\\Mediabox Test Automation\\Reports\\20220609_181011\\03. Parallel Testing (Testing)\\TS -PT PART 3\\03. StarPack Full Lifecycle_SAS_Task\\20220609_181034\\1654792648043.png, D:\\Projet Test Auto\\Mediabox Test Automation\\Reports\\20220609_181011\\03. Parallel Testing (Testing)\\TS -PT PART 3\\03. StarPack Full Lifecycle_SAS_Task\\20220609_181034\\1654792672695.png, D:\\Projet Test Auto\\Mediabox Test Automation\\Reports\\20220609_181011\\03. Parallel Testing (Testing)\\TS -PT PART 3\\03. StarPack Full Lifecycle_SAS_Task\\20220609_181034\\1654792689331.png, D:\\Projet Test Auto\\Mediabox Test Automation\\Reports\\20220609_181011\\03. Parallel Testing (Testing)\\TS -PT PART 3\\03. StarPack Full Lifecycle_SAS_Task\\20220609_181034\\1654792692258.png, D:\\Projet Test Auto\\Mediabox Test Automation\\Reports\\20220609_181011\\03. Parallel Testing (Testing)\\TS -PT PART 3\\03. StarPack Full Lifecycle_SAS_Task\\20220609_181034\\1654792706974.png, D:\\Projet Test Auto\\Mediabox Test Automation\\Reports\\20220609_181011\\03. Parallel Testing (Testing)\\TS -PT PART 3\\03. StarPack Full Lifecycle_SAS_Task\\20220609_181034\\1654792729036.png, D:\\Projet Test Auto\\Mediabox Test Automation\\Reports\\20220609_181011\\03. Parallel Testing (Testing)\\TS -PT PART 3\\03. StarPack Full Lifecycle_SAS_Task\\20220609_181034\\1654792733314.png, D:\\Projet Test Auto\\Mediabox Test Automation\\Reports\\20220609_181011\\03. Parallel Testing (Testing)\\TS -PT PART 3\\03. StarPack Full Lifecycle_SAS_Task\\20220609_181034\\1654792747118.png, D:\\Projet Test Auto\\Mediabox Test Automation\\Reports\\20220609_181011\\03. Parallel Testing (Testing)\\TS -PT PART 3\\03. StarPack Full Lifecycle_SAS_Task\\20220609_181034\\1654792754454.png, D:\\Projet Test Auto\\Mediabox Test Automation\\Reports\\20220609_181011\\03. Parallel Testing (Testing)\\TS -PT PART 3\\03. StarPack Full Lifecycle_SAS_Task\\20220609_181034\\1654792769764.png, D:\\Projet Test Auto\\Mediabox Test Automation\\Reports\\20220609_181011\\03. Parallel Testing (Testing)\\TS -PT PART 3\\03. StarPack Full Lifecycle_SAS_Task\\20220609_181034\\1654792820186.png, D:\\Projet Test Auto\\Mediabox Test Automation\\Reports\\20220609_181011\\03. Parallel Testing (Testing)\\TS -PT PART 3\\03. StarPack Full Lifecycle_SAS_Task\\20220609_181034\\1654792825136.png, D:\\Projet Test Auto\\Mediabox Test Automation\\Reports\\20220609_181011\\03. Parallel Testing (Testing)\\TS -PT PART 3\\03. StarPack Full Lifecycle_SAS_Task\\20220609_181034\\1654792830744.png, D:\\Projet Test Auto\\Mediabox Test Automation\\Reports\\20220609_181011\\03. Parallel Testing (Testing)\\TS -PT PART 3\\03. StarPack Full Lifecycle_SAS_Task\\20220609_181034\\1654792858181.png, D:\\Projet Test Auto\\Mediabox Test Automation\\Reports\\20220609_181011\\03. Parallel Testing (Testing)\\TS -PT PART 3\\03. StarPack Full Lifecycle_SAS_Task\\20220609_181034\\1654792877556.png, D:\\Projet Test Auto\\Mediabox Test Automation\\Reports\\20220609_181011\\03. Parallel Testing (Testing)\\TS -PT PART 3\\03. StarPack Full Lifecycle_SAS_Task\\20220609_181034\\1654792888014.png, D:\\Projet Test Auto\\Mediabox Test Automation\\Reports\\20220609_181011\\03. Parallel Testing (Testing)\\TS -PT PART 3\\03. StarPack Full Lifecycle_SAS_Task\\20220609_181034\\1654792920790.png, D:\\Projet Test Auto\\Mediabox Test Automation\\Reports\\20220609_181011\\03. Parallel Testing (Testing)\\TS -PT PART 3\\03. StarPack Full Lifecycle_SAS_Task\\20220609_181034\\1654792922794.png, D:\\Projet Test Auto\\Mediabox Test Automation\\Reports\\20220609_181011\\03. Parallel Testing (Testing)\\TS -PT PART 3\\03. StarPack Full Lifecycle_SAS_Task\\20220609_181034\\1654792943571.png, D:\\Projet Test Auto\\Mediabox Test Automation\\Reports\\20220609_181011\\03. Parallel Testing (Testing)\\TS -PT PART 3\\03. StarPack Full Lifecycle_SAS_Task\\20220609_181034\\1654793000877.png, D:\\Projet Test Auto\\Mediabox Test Automation\\Reports\\20220609_181011\\03. Parallel Testing (Testing)\\TS -PT PART 3\\03. StarPack Full Lifecycle_SAS_Task\\20220609_181034\\1654793074787.png, D:\\Projet Test Auto\\Mediabox Test Automation\\Reports\\20220609_181011\\03. Parallel Testing (Testing)\\TS -PT PART 3\\03. StarPack Full Lifecycle_SAS_Task\\20220609_181034\\1654793123349.png, D:\\Projet Test Auto\\Mediabox Test Automation\\Reports\\20220609_181011\\03. Parallel Testing (Testing)\\TS -PT PART 3\\03. StarPack Full Lifecycle_SAS_Task\\20220609_181034\\1654793191824.png, D:\\Projet Test Auto\\Mediabox Test Automation\\Reports\\20220609_181011\\03. Parallel Testing (Testing)\\TS -PT PART 3\\03. StarPack Full Lifecycle_SAS_Task\\20220609_181034\\1654793259411.png, D:\\Projet Test Auto\\Mediabox Test Automation\\Reports\\20220609_181011\\03. Parallel Testing (Testing)\\TS -PT PART 3\\03. StarPack Full Lifecycle_SAS_Task\\20220609_181034\\1654793299977.png, D:\\Projet Test Auto\\Mediabox Test Automation\\Reports\\20220609_181011\\03. Parallel Testing (Testing)\\TS -PT PART 3\\03. StarPack Full Lifecycle_SAS_Task\\20220609_181034\\1654793317092.png, D:\\Projet Test Auto\\Mediabox Test Automation\\Reports\\20220609_181011\\03. Parallel Testing (Testing)\\TS -PT PART 3\\03. StarPack Full Lifecycle_SAS_Task\\20220609_181034\\1654793338537.png, D:\\Projet Test Auto\\Mediabox Test Automation\\Reports\\20220609_181011\\03. Parallel Testing (Testing)\\TS -PT PART 3\\03. StarPack Full Lifecycle_SAS_Task\\20220609_181034\\1654793372591.png, D:\\Projet Test Auto\\Mediabox Test Automation\\Reports\\20220609_181011\\03. Parallel Testing (Testing)\\TS -PT PART 3\\03. StarPack Full Lifecycle_SAS_Task\\20220609_181034\\1654793395634.png, D:\\Projet Test Auto\\Mediabox Test Automation\\Reports\\20220609_181011\\03. Parallel Testing (Testing)\\TS -PT PART 3\\03. StarPack Full Lifecycle_SAS_Task\\20220609_181034\\1654793463917.png, D:\\Projet Test Auto\\Mediabox Test Automation\\Reports\\20220609_181011\\03. Parallel Testing (Testing)\\TS -PT PART 3\\03. StarPack Full Lifecycle_SAS_Task\\20220609_181034\\1654793507829.png, D:\\Projet Test Auto\\Mediabox Test Automation\\Reports\\20220609_181011\\03. Parallel Testing (Testing)\\TS -PT PART 3\\03. StarPack Full Lifecycle_SAS_Task\\20220609_181034\\1654793528626.png, D:\\Projet Test Auto\\Mediabox Test Automation\\Reports\\20220609_181011\\03. Parallel Testing (Testing)\\TS -PT PART 3\\03. StarPack Full Lifecycle_SAS_Task\\20220609_181034\\1654793554338.png, D:\\Projet Test Auto\\Mediabox Test Automation\\Reports\\20220609_181011\\03. Parallel Testing (Testing)\\TS -PT PART 3\\03. StarPack Full Lifecycle_SAS_Task\\20220609_181034\\1654793573511.png, D:\\Projet Test Auto\\Mediabox Test Automation\\Reports\\20220609_181011\\03. Parallel Testing (Testing)\\TS -PT PART 3\\03. StarPack Full Lifecycle_SAS_Task\\20220609_181034\\1654793575192.png, D:\\Projet Test Auto\\Mediabox Test Automation\\Reports\\20220609_181011\\03. Parallel Testing (Testing)\\TS -PT PART 3\\03. StarPack Full Lifecycle_SAS_Task\\20220609_181034\\1654793576343.png, D:\\Projet Test Auto\\Mediabox Test Automation\\Reports\\20220609_181011\\03. Parallel Testing (Testing)\\TS -PT PART 3\\03. StarPack Full Lifecycle_SAS_Task\\20220609_181034\\1654793585293.png, D:\\Projet Test Auto\\Mediabox Test Automation\\Reports\\20220609_181011\\03. Parallel Testing (Testing)\\TS -PT PART 3\\03. StarPack Full Lifecycle_SAS_Task\\20220609_181034\\1654793590559.png, D:\\Projet Test Auto\\Mediabox Test Automation\\Reports\\20220609_181011\\03. Parallel Testing (Testing)\\TS -PT PART 3\\03. StarPack Full Lifecycle_SAS_Task\\20220609_181034\\1654793593592.png, D:\\Projet Test Auto\\Mediabox Test Automation\\Reports\\20220609_181011\\03. Parallel Testing (Testing)\\TS -PT PART 3\\03. StarPack Full Lifecycle_SAS_Task\\20220609_181034\\1654793602538.png, D:\\Projet Test Auto\\Mediabox Test Automation\\Reports\\20220609_181011\\03. Parallel Testing (Testing)\\TS -PT PART 3\\03. StarPack Full Lifecycle_SAS_Task\\20220609_181034\\1654793613917.png, D:\\Projet Test Auto\\Mediabox Test Automation\\Reports\\20220609_181011\\03. Parallel Testing (Testing)\\TS -PT PART 3\\03. StarPack Full Lifecycle_SAS_Task\\20220609_181034\\1654793634969.png, D:\\Projet Test Auto\\Mediabox Test Automation\\Reports\\20220609_181011\\03. Parallel Testing (Testing)\\TS -PT PART 3\\03. StarPack Full Lifecycle_SAS_Task\\20220609_181034\\1654793690278.png, D:\\Projet Test Auto\\Mediabox Test Automation\\Reports\\20220609_181011\\03. Parallel Testing (Testing)\\TS -PT PART 3\\03. StarPack Full Lifecycle_SAS_Task\\20220609_181034\\1654793755054.png, D:\\Projet Test Auto\\Mediabox Test Automation\\Reports\\20220609_181011\\03. Parallel Testing (Testing)\\TS -PT PART 3\\03. StarPack Full Lifecycle_SAS_Task\\20220609_181034\\1654793761793.png, D:\\Projet Test Auto\\Mediabox Test Automation\\Reports\\20220609_181011\\03. Parallel Testing (Testing)\\TS -PT PART 3\\03. StarPack Full Lifecycle_SAS_Task\\20220609_181034\\1654793767081.png, D:\\Projet Test Auto\\Mediabox Test Automation\\Reports\\20220609_181011\\03. Parallel Testing (Testing)\\TS -PT PART 3\\03. StarPack Full Lifecycle_SAS_Task\\20220609_181034\\1654793786340.png, D:\\Projet Test Auto\\Mediabox Test Automation\\Reports\\20220609_181011\\03. Parallel Testing (Testing)\\TS -PT PART 3\\03. StarPack Full Lifecycle_SAS_Task\\20220609_181034\\1654793812739.png, D:\\Projet Test Auto\\Mediabox Test Automation\\Reports\\20220609_181011\\03. Parallel Testing (Testing)\\TS -PT PART 3\\03. StarPack Full Lifecycle_SAS_Task\\20220609_181034\\1654793822947.png, D:\\Projet Test Auto\\Mediabox Test Automation\\Reports\\20220609_181011\\03. Parallel Testing (Testing)\\TS -PT PART 3\\03. StarPack Full Lifecycle_SAS_Task\\20220609_181034\\1654793831389.png, D:\\Projet Test Auto\\Mediabox Test Automation\\Reports\\20220609_181011\\03. Parallel Testing (Testing)\\TS -PT PART 3\\03. StarPack Full Lifecycle_SAS_Task\\20220609_181034\\1654793834541.png, D:\\Projet Test Auto\\Mediabox Test Automation\\Reports\\20220609_181011\\03. Parallel Testing (Testing)\\TS -PT PART 3\\03. StarPack Full Lifecycle_SAS_Task\\20220609_181034\\1654793840406.png, D:\\Projet Test Auto\\Mediabox Test Automation\\Reports\\20220609_181011\\03. Parallel Testing (Testing)\\TS -PT PART 3\\03. StarPack Full Lifecycle_SAS_Task\\20220609_181034\\1654793848180.png, D:\\Projet Test Auto\\Mediabox Test Automation\\Reports\\20220609_181011\\03. Parallel Testing (Testing)\\TS -PT PART 3\\03. StarPack Full Lifecycle_SAS_Task\\20220609_181034\\1654793854318.png, D:\\Projet Test Auto\\Mediabox Test Automation\\Reports\\20220609_181011\\03. Parallel Testing (Testing)\\TS -PT PART 3\\03. StarPack Full Lifecycle_SAS_Task\\20220609_181034\\1654793855590.png, D:\\Projet Test Auto\\Mediabox Test Automation\\Reports\\20220609_181011\\03. Parallel Testing (Testing)\\TS -PT PART 3\\03. StarPack Full Lifecycle_SAS_Task\\20220609_181034\\1654793856114.png, D:\\Projet Test Auto\\Mediabox Test Automation\\Reports\\20220609_181011\\03. Parallel Testing (Testing)\\TS -PT PART 3\\03. StarPack Full Lifecycle_SAS_Task\\20220609_181034\\1654793856891.png, D:\\Projet Test Auto\\Mediabox Test Automation\\Reports\\20220609_181011\\03. Parallel Testing (Testing)\\TS -PT PART 3\\03. StarPack Full Lifecycle_SAS_Task\\20220609_181034\\1654793861780.png, D:\\Projet Test Auto\\Mediabox Test Automation\\Reports\\20220609_181011\\03. Parallel Testing (Testing)\\TS -PT PART 3\\03. StarPack Full Lifecycle_SAS_Task\\20220609_181034\\1654793864545.png, D:\\Projet Test Auto\\Mediabox Test Automation\\Reports\\20220609_181011\\03. Parallel Testing (Testing)\\TS -PT PART 3\\03. StarPack Full Lifecycle_SAS_Task\\20220609_181034\\1654793876558.png, D:\\Projet Test Auto\\Mediabox Test Automation\\Reports\\20220609_181011\\03. Parallel Testing (Testing)\\TS -PT PART 3\\03. StarPack Full Lifecycle_SAS_Task\\20220609_181034\\1654793880013.png, D:\\Projet Test Auto\\Mediabox Test Automation\\Reports\\20220609_181011\\03. Parallel Testing (Testing)\\TS -PT PART 3\\03. StarPack Full Lifecycle_SAS_Task\\20220609_181034\\1654793887505.png, D:\\Projet Test Auto\\Mediabox Test Automation\\Reports\\20220609_181011\\03. Parallel Testing (Testing)\\TS -PT PART 3\\03. StarPack Full Lifecycle_SAS_Task\\20220609_181034\\1654793890250.png, D:\\Projet Test Auto\\Mediabox Test Automation\\Reports\\20220609_181011\\03. Parallel Testing (Testing)\\TS -PT PART 3\\03. StarPack Full Lifecycle_SAS_Task\\20220609_181034\\1654793893409.png, D:\\Projet Test Auto\\Mediabox Test Automation\\Reports\\20220609_181011\\03. Parallel Testing (Testing)\\TS -PT PART 3\\03. StarPack Full Lifecycle_SAS_Task\\20220609_181034\\1654793894934.png, D:\\Projet Test Auto\\Mediabox Test Automation\\Reports\\20220609_181011\\03. Parallel Testing (Testing)\\TS -PT PART 3\\03. StarPack Full Lifecycle_SAS_Task\\20220609_181034\\1654793934675.png, D:\\Projet Test Auto\\Mediabox Test Automation\\Reports\\20220609_181011\\03. Parallel Testing (Testing)\\TS -PT PART 3\\03. StarPack Full Lifecycle_SAS_Task\\20220609_181034\\1654793959473.png, D:\\Projet Test Auto\\Mediabox Test Automation\\Reports\\20220609_181011\\03. Parallel Testing (Testing)\\TS -PT PART 3\\03. StarPack Full Lifecycle_SAS_Task\\20220609_181034\\1654793972146.png, D:\\Projet Test Auto\\Mediabox Test Automation\\Reports\\20220609_181011\\03. Parallel Testing (Testing)\\TS -PT PART 3\\03. StarPack Full Lifecycle_SAS_Task\\20220609_181034\\1654793982121.png, D:\\Projet Test Auto\\Mediabox Test Automation\\Reports\\20220609_181011\\03. Parallel Testing (Testing)\\TS -PT PART 3\\03. StarPack Full Lifecycle_SAS_Task\\20220609_181034\\1654793986854.png, D:\\Projet Test Auto\\Mediabox Test Automation\\Reports\\20220609_181011\\03. Parallel Testing (Testing)\\TS -PT PART 3\\03. StarPack Full Lifecycle_SAS_Task\\20220609_181034\\1654793991108.png, D:\\Projet Test Auto\\Mediabox Test Automation\\Reports\\20220609_181011\\03. Parallel Testing (Testing)\\TS -PT PART 3\\03. StarPack Full Lifecycle_SAS_Task\\20220609_181034\\1654793998930.png, D:\\Projet Test Auto\\Mediabox Test Automation\\Reports\\20220609_181011\\03. Parallel Testing (Testing)\\TS -PT PART 3\\03. StarPack Full Lifecycle_SAS_Task\\20220609_181034\\1654794014245.png, D:\\Projet Test Auto\\Mediabox Test Automation\\Reports\\20220609_181011\\03. Parallel Testing (Testing)\\TS -PT PART 3\\03. StarPack Full Lifecycle_SAS_Task\\20220609_181034\\1654794020549.png, D:\\Projet Test Auto\\Mediabox Test Automation\\Reports\\20220609_181011\\03. Parallel Testing (Testing)\\TS -PT PART 3\\03. StarPack Full Lifecycle_SAS_Task\\20220609_181034\\1654794058693.png, D:\\Projet Test Auto\\Mediabox Test Automation\\Reports\\20220609_181011\\03. Parallel Testing (Testing)\\TS -PT PART 3\\03. StarPack Full Lifecycle_SAS_Task\\20220609_181034\\1654794068170.png, D:\\Projet Test Auto\\Mediabox Test Automation\\Reports\\20220609_181011\\03. Parallel Testing (Testing)\\TS -PT PART 3\\03. StarPack Full Lifecycle_SAS_Task\\20220609_181034\\1654794090184.png, D:\\Projet Test Auto\\Mediabox Test Automation\\Reports\\20220609_181011\\03. Parallel Testing (Testing)\\TS -PT PART 3\\03. StarPack Full Lifecycle_SAS_Task\\20220609_181034\\1654794101715.png, D:\\Projet Test Auto\\Mediabox Test Automation\\Reports\\20220609_181011\\03. Parallel Testing (Testing)\\TS -PT PART 3\\03. StarPack Full Lifecycle_SAS_Task\\20220609_181034\\1654794102624.png, D:\\Projet Test Auto\\Mediabox Test Automation\\Reports\\20220609_181011\\03. Parallel Testing (Testing)\\TS -PT PART 3\\03. StarPack Full Lifecycle_SAS_Task\\20220609_181034\\1654794118048.png, D:\\Projet Test Auto\\Mediabox Test Automation\\Reports\\20220609_181011\\03. Parallel Testing (Testing)\\TS -PT PART 3\\03. StarPack Full Lifecycle_SAS_Task\\20220609_181034\\1654794121900.png, D:\\Projet Test Auto\\Mediabox Test Automation\\Reports\\20220609_181011\\03. Parallel Testing (Testing)\\TS -PT PART 3\\03. StarPack Full Lifecycle_SAS_Task\\20220609_181034\\1654794130766.png, D:\\Projet Test Auto\\Mediabox Test Automation\\Reports\\20220609_181011\\03. Parallel Testing (Testing)\\TS -PT PART 3\\03. StarPack Full Lifecycle_SAS_Task\\20220609_181034\\1654794135739.png, D:\\Projet Test Auto\\Mediabox Test Automation\\Reports\\20220609_181011\\03. Parallel Testing (Testing)\\TS -PT PART 3\\03. StarPack Full Lifecycle_SAS_Task\\20220609_181034\\1654794137689.png, D:\\Projet Test Auto\\Mediabox Test Automation\\Reports\\20220609_181011\\03. Parallel Testing (Testing)\\TS -PT PART 3\\03. StarPack Full Lifecycle_SAS_Task\\20220609_181034\\1654794159961.png, D:\\Projet Test Auto\\Mediabox Test Automation\\Reports\\20220609_181011\\03. Parallel Testing (Testing)\\TS -PT PART 3\\03. StarPack Full Lifecycle_SAS_Task\\20220609_181034\\1654794191269.png, D:\\Projet Test Auto\\Mediabox Test Automation\\Reports\\20220609_181011\\03. Parallel Testing (Testing)\\TS -PT PART 3\\03. StarPack Full Lifecycle_SAS_Task\\20220609_181034\\1654794192190.png, D:\\Projet Test Auto\\Mediabox Test Automation\\Reports\\20220609_181011\\03. Parallel Testing (Testing)\\TS -PT PART 3\\03. StarPack Full Lifecycle_SAS_Task\\20220609_181034\\1654794216552.png, D:\\Projet Test Auto\\Mediabox Test Automation\\Reports\\20220609_181011\\03. Parallel Testing (Testing)\\TS -PT PART 3\\03. StarPack Full Lifecycle_SAS_Task\\20220609_181034\\1654794226245.png, D:\\Projet Test Auto\\Mediabox Test Automation\\Reports\\20220609_181011\\03. Parallel Testing (Testing)\\TS -PT PART 3\\03. StarPack Full Lifecycle_SAS_Task\\20220609_181034\\1654794230920.png, D:\\Projet Test Auto\\Mediabox Test Automation\\Reports\\20220609_181011\\03. Parallel Testing (Testing)\\TS -PT PART 3\\03. StarPack Full Lifecycle_SAS_Task\\20220609_181034\\1654794245286.png, D:\\Projet Test Auto\\Mediabox Test Automation\\Reports\\20220609_181011\\03. Parallel Testing (Testing)\\TS -PT PART 3\\03. StarPack Full Lifecycle_SAS_Task\\20220609_181034\\1654794320943.png, D:\\Projet Test Auto\\Mediabox Test Automation\\Reports\\20220609_181011\\03. Parallel Testing (Testing)\\TS -PT PART 3\\03. StarPack Full Lifecycle_SAS_Task\\20220609_181034\\1654794328645.png, D:\\Projet Test Auto\\Mediabox Test Automation\\Reports\\20220609_181011\\03. Parallel Testing (Testing)\\TS -PT PART 3\\03. StarPack Full Lifecycle_SAS_Task\\20220609_181034\\1654794336155.png, D:\\Projet Test Auto\\Mediabox Test Automation\\Reports\\20220609_181011\\03. Parallel Testing (Testing)\\TS -PT PART 3\\03. StarPack Full Lifecycle_SAS_Task\\20220609_181034\\1654794356762.png, D:\\Projet Test Auto\\Mediabox Test Automation\\Reports\\20220609_181011\\03. Parallel Testing (Testing)\\TS -PT PART 3\\03. StarPack Full Lifecycle_SAS_Task\\20220609_181034\\1654794383660.png, D:\\Projet Test Auto\\Mediabox Test Automation\\Reports\\20220609_181011\\03. Parallel Testing (Testing)\\TS -PT PART 3\\03. StarPack Full Lifecycle_SAS_Task\\20220609_181034\\1654794397973.png, D:\\Projet Test Auto\\Mediabox Test Automation\\Reports\\20220609_181011\\03. Parallel Testing (Testing)\\TS -PT PART 3\\03. StarPack Full Lifecycle_SAS_Task\\20220609_181034\\1654794425096.png, D:\\Projet Test Auto\\Mediabox Test Automation\\Reports\\20220609_181011\\03. Parallel Testing (Testing)\\TS -PT PART 3\\03. StarPack Full Lifecycle_SAS_Task\\20220609_181034\\1654794448603.png, D:\\Projet Test Auto\\Mediabox Test Automation\\Reports\\20220609_181011\\03. Parallel Testing (Testing)\\TS -PT PART 3\\03. StarPack Full Lifecycle_SAS_Task\\20220609_181034\\1654794474260.png, D:\\Projet Test Auto\\Mediabox Test Automation\\Reports\\20220609_181011\\03. Parallel Testing (Testing)\\TS -PT PART 3\\03. StarPack Full Lifecycle_SAS_Task\\20220609_181034\\1654794512749.png, D:\\Projet Test Auto\\Mediabox Test Automation\\Reports\\20220609_181011\\03. Parallel Testing (Testing)\\TS -PT PART 3\\03. StarPack Full Lifecycle_SAS_Task\\20220609_181034\\1654794531742.png, D:\\Projet Test Auto\\Mediabox Test Automation\\Reports\\20220609_181011\\03. Parallel Testing (Testing)\\TS -PT PART 3\\03. StarPack Full Lifecycle_SAS_Task\\20220609_181034\\1654794549471.png, D:\\Projet Test Auto\\Mediabox Test Automation\\Reports\\20220609_181011\\03. Parallel Testing (Testing)\\TS -PT PART 3\\03. StarPack Full Lifecycle_SAS_Task\\20220609_181034\\1654794571299.png, D:\\Projet Test Auto\\Mediabox Test Automation\\Reports\\20220609_181011\\03. Parallel Testing (Testing)\\TS -PT PART 3\\03. StarPack Full Lifecycle_SAS_Task\\20220609_181034\\1654794605301.png, D:\\Projet Test Auto\\Mediabox Test Automation\\Reports\\20220609_181011\\03. Parallel Testing (Testing)\\TS -PT PART 3\\03. StarPack Full Lifecycle_SAS_Task\\20220609_181034\\1654794622929.png, D:\\Projet Test Auto\\Mediabox Test Automation\\Reports\\20220609_181011\\03. Parallel Testing (Testing)\\TS -PT PART 3\\03. StarPack Full Lifecycle_SAS_Task\\20220609_181034\\1654794667751.png, D:\\Projet Test Auto\\Mediabox Test Automation\\Reports\\20220609_181011\\03. Parallel Testing (Testing)\\TS -PT PART 3\\03. StarPack Full Lifecycle_SAS_Task\\20220609_181034\\1654794684346.png, D:\\Projet Test Auto\\Mediabox Test Automation\\Reports\\20220609_181011\\03. Parallel Testing (Testing)\\TS -PT PART 3\\03. StarPack Full Lifecycle_SAS_Task\\20220609_181034\\1654794703431.png, D:\\Projet Test Auto\\Mediabox Test Automation\\Reports\\20220609_181011\\03. Parallel Testing (Testing)\\TS -PT PART 3\\03. StarPack Full Lifecycle_SAS_Task\\20220609_181034\\1654794724315.png, D:\\Projet Test Auto\\Mediabox Test Automation\\Reports\\20220609_181011\\03. Parallel Testing (Testing)\\TS -PT PART 3\\03. StarPack Full Lifecycle_SAS_Task\\20220609_181034\\1654794757844.png, D:\\Projet Test Auto\\Mediabox Test Automation\\Reports\\20220609_181011\\03. Parallel Testing (Testing)\\TS -PT PART 3\\03. StarPack Full Lifecycle_SAS_Task\\20220609_181034\\1654794778335.png, D:\\Projet Test Auto\\Mediabox Test Automation\\Reports\\20220609_181011\\03. Parallel Testing (Testing)\\TS -PT PART 3\\03. StarPack Full Lifecycle_SAS_Task\\20220609_181034\\1654794817632.png, D:\\Projet Test Auto\\Mediabox Test Automation\\Reports\\20220609_181011\\03. Parallel Testing (Testing)\\TS -PT PART 3\\03. StarPack Full Lifecycle_SAS_Task\\20220609_181034\\1654794834937.png, D:\\Projet Test Auto\\Mediabox Test Automation\\Reports\\20220609_181011\\03. Parallel Testing (Testing)\\TS -PT PART 3\\03. StarPack Full Lifecycle_SAS_Task\\20220609_181034\\1654794858837.png, D:\\Projet Test Auto\\Mediabox Test Automation\\Reports\\20220609_181011\\03. Parallel Testing (Testing)\\TS -PT PART 3\\03. StarPack Full Lifecycle_SAS_Task\\20220609_181034\\1654794901741.png, D:\\Projet Test Auto\\Mediabox Test Automation\\Reports\\20220609_181011\\03. Parallel Testing (Testing)\\TS -PT PART 3\\03. StarPack Full Lifecycle_SAS_Task\\20220609_181034\\1654794967738.png, D:\\Projet Test Auto\\Mediabox Test Automation\\Reports\\20220609_181011\\03. Parallel Testing (Testing)\\TS -PT PART 3\\03. StarPack Full Lifecycle_SAS_Task\\20220609_181034\\1654794988416.png, D:\\Projet Test Auto\\Mediabox Test Automation\\Reports\\20220609_181011\\03. Parallel Testing (Testing)\\TS -PT PART 3\\03. StarPack Full Lifecycle_SAS_Task\\20220609_181034\\1654795006336.png"/>
         <property name="hostName" value="lamhe - DPF-MBI-VERIF.ad.sgsco.int"/>
         <property name="os" value="Windows 10 64bit"/>
         <property name="katalonVersion" value="8.3.0.208"/>
         <property name="browser" value="Chrome 102.0.5005.63"/>
         <property name="hostAddress" value="10.15.10.53"/>
         <property name="sessionId" value="b5b49e1241adbace091d859c1dc9c5c2"/>
         <property name="seleniumVersion" value="3.141.59"/>
         <property name="proxyInformation" value="ProxyInformation { proxyOption=NO_PROXY, proxyServerType=HTTP, username=, password=********, proxyServerAddress=, proxyServerPort=0, executionList=&quot;&quot;, isApplyToDesiredCapabilities=true }"/>
         <property name="platform" value="Windows 10"/>
      </properties>
      <testcase name="Test Cases/04. Star pack Full Lifecycle - AIS _ Long name Artwork without info/4.01 Star Pack Full Lifecycle - AWIS (Chrome)_ACreationDaughRef 15.03 P1" time="1111.29" classname="Test Cases/04. Star pack Full Lifecycle - AIS _ Long name Artwork without info/4.01 Star Pack Full Lifecycle - AWIS (Chrome)_ACreationDaughRef 15.03 P1" status="PASSED">
         <system-out><![CDATA[2022-06-09 18:12:02 - [TEST_CASE][PASSED] - Test Cases/04. Star pack Full Lifecycle - AIS _ Long name Artwork without info/4.01 Star Pack Full Lifecycle - AWIS (Chrome)_ACreationDaughRef 15.03 P1: Test Cases/04. Star pack Full Lifecycle - AIS _ Long name Artwork without info/4.01 Star Pack Full Lifecycle - AWIS (Chrome)_ACreationDaughRef 15.03 P1

2022-06-09 18:12:06 - [TEST_STEP][PASSED] - data = findTestData("Data Files/Username_Password/Starpack (10June2021)"): null

2022-06-09 18:12:06 - [TEST_STEP][PASSED] - password_suser = data.getValue(2, 1): null

2022-06-09 18:12:06 - [TEST_STEP][PASSED] - password_aherms = data.getValue(2, 2): null

2022-06-09 18:12:06 - [TEST_STEP][PASSED] - password_agluszczynska = data.getValue(2, 3): null

2022-06-09 18:12:06 - [TEST_STEP][PASSED] - password_aterreshernandez = data.getValue(2, 5): null

2022-06-09 18:12:06 - [TEST_STEP][PASSED] - password_adelamatanieves = data.getValue(2, 7): null

2022-06-09 18:12:06 - [TEST_STEP][PASSED] - data_urlRELAUTO = findTestData("Data Files/URL/URL_relauto"): null

2022-06-09 18:12:06 - [TEST_STEP][PASSED] - Url_Starpack = data_urlRELAUTO.getValue(2, 2): null

2022-06-09 18:12:06 - [TEST_STEP][PASSED] - log = new com.kms.katalon.core.logging.KeywordLogger(): null

2022-06-09 18:12:06 - [TEST_STEP][PASSED] - I.clearnotepad("D:\Upoad_File\Projet_ Login\StarPack\4.01 StarPack _Project_No\4.01_StarPack_ProjectNo.txt"): null

2022-06-09 18:12:06 - [TEST_STEP][PASSED] - I.clearnotepad("D:\Upoad_File\Projet_ Login\StarPack\4.01 StarPack _Project_No\4.01_StarPack_refID.txt"): null

2022-06-09 18:12:06 - [TEST_STEP][PASSED] - I.clearnotepad("D:\Upoad_File\Projet_ Login\StarPack\4.01 StarPack _Project_No\4.01_StarPack_refID_PS.txt"): null

2022-06-09 18:12:06 - [TEST_STEP][PASSED] - I.clearnotepad("D:\Upoad_File\Projet_ Login\StarPack\4.01 StarPack _Project_No\4.01_StarPack_refID_PTS.txt"): null

2022-06-09 18:12:06 - [TEST_STEP][PASSED] - I.clearnotepad("D:\Upoad_File\Projet_ Login\StarPack\4.01 StarPack _Project_No\4.01_StarPack_refID_TD.txt"): null

2022-06-09 18:12:06 - [TEST_STEP][PASSED] - openBrowser(Url_Starpack): Browser is opened with url: 'http://mdb-release.diadeis.lan/MediaboxIndependence/?MBI_datasource=RELTESTAUTO_STARPACK'

2022-06-09 18:12:09 - [MESSAGE][INFO] - Starting 'Chrome (headless)' driver

2022-06-09 18:12:09 - [MESSAGE][INFO] - User set preference: ['args', '[--window-size=1920,1080, --headless]']

2022-06-09 18:12:10 - [MESSAGE][INFO] - Action delay is set to 0 milliseconds

2022-06-09 18:12:32 - [MESSAGE][PASSED] - Browser is opened with url: 'http://mdb-release.diadeis.lan/MediaboxIndependence/?MBI_datasource=RELTESTAUTO_STARPACK'

2022-06-09 18:12:32 - [TEST_STEP][PASSED] - maximizeWindow(): Current window maximized

2022-06-09 18:12:33 - [MESSAGE][PASSED] - Current window maximized

2022-06-09 18:12:33 - [TEST_STEP][PASSED] - I.Login_password("adelamatanieves", password_adelamatanieves): Object: 'Object Repository/1. Constant/xpath' is clicked on

2022-06-09 18:12:35 - [MESSAGE][PASSED] - Text 'adelamatanieves' is set on object 'Object Repository/1. Constant/xpath'

2022-06-09 18:12:36 - [MESSAGE][PASSED] - Delayed 1 second(s)

2022-06-09 18:12:37 - [MESSAGE][PASSED] - Text 'dchi4' is set on object 'Object Repository/1. Constant/xpath'

2022-06-09 18:12:38 - [MESSAGE][PASSED] - Delayed 1 second(s)

2022-06-09 18:12:48 - [MESSAGE][PASSED] - Object: 'Object Repository/1. Constant/xpath' is clicked on

2022-06-09 18:12:48 - [TEST_STEP][PASSED] - takeScreenshot(): Taking screenshot successfully

2022-06-09 18:12:49 - [MESSAGE][PASSED] - Taking screenshot successfully
[[ATTACHMENT|D:\\Projet Test Auto\\Mediabox Test Automation\\Reports\\20220609_181011\\03. Parallel Testing (Testing)\\TS -PT PART 3\\03. StarPack Full Lifecycle_SAS_Task\\20220609_181034\\1654791169186.png]]

2022-06-09 18:12:49 - [TEST_STEP][PASSED] - click(findTestObject("1. Constant/02_LHSMenu_Projects")): Object: 'Object Repository/1. Constant/02_LHSMenu_Projects' is clicked on

2022-06-09 18:12:56 - [MESSAGE][PASSED] - Object: 'Object Repository/1. Constant/02_LHSMenu_Projects' is clicked on

2022-06-09 18:12:56 - [TEST_STEP][PASSED] - click(findTestObject("Object Repository/1. Constant/xpath", ["xpath":"//*[@id="kt_content"]/div[3]/div/div/div[1]/div[2]/a[1]"])): Object: 'Object Repository/1. Constant/xpath' is clicked on

2022-06-09 18:12:59 - [MESSAGE][PASSED] - Object: 'Object Repository/1. Constant/xpath' is clicked on

2022-06-09 18:12:59 - [TEST_STEP][PASSED] - takeScreenshot(): Taking screenshot successfully

2022-06-09 18:12:59 - [MESSAGE][PASSED] - Taking screenshot successfully
[[ATTACHMENT|D:\\Projet Test Auto\\Mediabox Test Automation\\Reports\\20220609_181011\\03. Parallel Testing (Testing)\\TS -PT PART 3\\03. StarPack Full Lifecycle_SAS_Task\\20220609_181034\\1654791179235.png]]

2022-06-09 18:12:59 - [TEST_STEP][PASSED] - project_name = "TC4.01_AutoTest_Chrome_Starpack" + RandomStringUtils.randomAlphanumeric(10) + "_" + I.gettimedate(): null

2022-06-09 18:12:59 - [TEST_STEP][PASSED] - setText(findTestObject("HL Full Lifecycle/4 CreateProjPage_inputProjectname"), project_name): Text 'TC4.01_AutoTest_Chrome_StarpackE2GAjHYjX4_juin092022_181259' is set on object 'Object Repository/HL Full Lifecycle/4 CreateProjPage_inputProjectname'

2022-06-09 18:13:01 - [MESSAGE][PASSED] - Text 'TC4.01_AutoTest_Chrome_StarpackE2GAjHYjX4_juin092022_181259' is set on object 'Object Repository/HL Full Lifecycle/4 CreateProjPage_inputProjectname'

2022-06-09 18:13:01 - [TEST_STEP][PASSED] - click(findTestObject("HL Full Lifecycle/4 CreateProjPage_Create Project_Bluebutton")): Object: 'Object Repository/HL Full Lifecycle/4 CreateProjPage_Create Project_Bluebutton' is clicked on

2022-06-09 18:13:07 - [MESSAGE][PASSED] - Object: 'Object Repository/HL Full Lifecycle/4 CreateProjPage_Create Project_Bluebutton' is clicked on

2022-06-09 18:13:07 - [TEST_STEP][PASSED] - delay(1): Delayed 1 second(s)

2022-06-09 18:13:08 - [MESSAGE][PASSED] - Delayed 1 second(s)

2022-06-09 18:13:08 - [TEST_STEP][PASSED] - takeScreenshot(): Taking screenshot successfully

2022-06-09 18:13:09 - [MESSAGE][PASSED] - Taking screenshot successfully
[[ATTACHMENT|D:\\Projet Test Auto\\Mediabox Test Automation\\Reports\\20220609_181011\\03. Parallel Testing (Testing)\\TS -PT PART 3\\03. StarPack Full Lifecycle_SAS_Task\\20220609_181034\\1654791188755.png]]

2022-06-09 18:13:09 - [TEST_STEP][PASSED] - I.SelectFromList_Value("//*[@id="var_98"]", "122"): Delayed 2 second(s)

2022-06-09 18:13:11 - [MESSAGE][PASSED] - All options with value '122' are selected in object 'Object Repository/1. Constant/xpath' 

2022-06-09 18:13:13 - [MESSAGE][PASSED] - Delayed 2 second(s)

2022-06-09 18:13:13 - [TEST_STEP][PASSED] - I.SelectFromList_Value("//*[@id="var_9"]", "amartin_arbol"): Delayed 2 second(s)

2022-06-09 18:13:14 - [MESSAGE][PASSED] - All options with value 'amartin_arbol' are selected in object 'Object Repository/1. Constant/xpath' 

2022-06-09 18:13:16 - [MESSAGE][PASSED] - Delayed 2 second(s)

2022-06-09 18:13:16 - [TEST_STEP][PASSED] - I.SelectFromList_Value("//*[@id="var_10"]", "aterreshernandez"): Delayed 2 second(s)

2022-06-09 18:13:18 - [MESSAGE][PASSED] - All options with value 'aterreshernandez' are selected in object 'Object Repository/1. Constant/xpath' 

2022-06-09 18:13:20 - [MESSAGE][PASSED] - Delayed 2 second(s)

2022-06-09 18:13:20 - [TEST_STEP][PASSED] - I.select_multiplelist("//*[@id="selSource_49"]", "//*[@id="btnAdd_49"]", "nalonsobermejo"): Delayed 1 second(s)

2022-06-09 18:13:21 - [MESSAGE][PASSED] - Delayed 1 second(s)

2022-06-09 18:13:23 - [MESSAGE][PASSED] - All options with value 'nalonsobermejo' are selected in object 'Object Repository/1. Constant/xpath' 

2022-06-09 18:13:25 - [MESSAGE][PASSED] - Delayed 2 second(s)

2022-06-09 18:13:25 - [MESSAGE][PASSED] - Object: 'Object Repository/1. Constant/xpath' is clicked on

2022-06-09 18:13:26 - [MESSAGE][PASSED] - Delayed 1 second(s)

2022-06-09 18:13:26 - [TEST_STEP][PASSED] - I.SelectFromList_Value("//*[@id="var_15"]", "292"): Delayed 2 second(s)

2022-06-09 18:13:27 - [MESSAGE][PASSED] - All options with value '292' are selected in object 'Object Repository/1. Constant/xpath' 

2022-06-09 18:13:29 - [MESSAGE][PASSED] - Delayed 2 second(s)

2022-06-09 18:13:29 - [TEST_STEP][PASSED] - value = getAttribute(findTestObject("Object Repository/StarPack - Full Lifecycle (AWIS)/1.6 ModifyProPage _NDP"), "value"): Attribute 'value' of object 'Object Repository/StarPack - Full Lifecycle (AWIS)/1.6 ModifyProPage _NDP' is: 'MCBRIDE, S.A.'

2022-06-09 18:13:30 - [MESSAGE][PASSED] - Attribute 'value' of object 'Object Repository/StarPack - Full Lifecycle (AWIS)/1.6 ModifyProPage _NDP' is: 'MCBRIDE, S.A.'

2022-06-09 18:13:30 - [TEST_STEP][PASSED] - delay(1): Delayed 1 second(s)

2022-06-09 18:13:31 - [MESSAGE][PASSED] - Delayed 1 second(s)

2022-06-09 18:13:31 - [TEST_STEP][PASSED] - if (value == "MCBRIDE, S.A."): null

2022-06-09 18:13:31 - [TEST_STEP][PASSED] - out.println("Value is filled with  value  MCBRIDE, S.A.- Test ok"): null

2022-06-09 18:13:31 - [TEST_STEP][PASSED] - assert true: null

2022-06-09 18:13:31 - [TEST_STEP][PASSED] - delay(1): Delayed 1 second(s)

2022-06-09 18:13:32 - [MESSAGE][PASSED] - Delayed 1 second(s)

2022-06-09 18:13:32 - [TEST_STEP][PASSED] - I.SelectFromList_Value("//*[@id="var_26"]", "94"): Delayed 2 second(s)

2022-06-09 18:13:34 - [MESSAGE][PASSED] - All options with value '94' are selected in object 'Object Repository/1. Constant/xpath' 

2022-06-09 18:13:36 - [MESSAGE][PASSED] - Delayed 2 second(s)

2022-06-09 18:13:36 - [TEST_STEP][PASSED] - I.SelectFromList_Value("//*[@id="var_12"]", "94"): Delayed 2 second(s)

2022-06-09 18:13:37 - [MESSAGE][PASSED] - All options with value '94' are selected in object 'Object Repository/1. Constant/xpath' 

2022-06-09 18:13:39 - [MESSAGE][PASSED] - Delayed 2 second(s)

2022-06-09 18:13:39 - [TEST_STEP][PASSED] - I.SelectFromList_Value("//*[@id="var_27"]", "734"): Delayed 2 second(s)

2022-06-09 18:13:39 - [MESSAGE][PASSED] - All options with value '734' are selected in object 'Object Repository/1. Constant/xpath' 

2022-06-09 18:13:41 - [MESSAGE][PASSED] - Delayed 2 second(s)

2022-06-09 18:13:41 - [TEST_STEP][PASSED] - I.SelectFromList_Value("//*[@id="var_71"]", "efood"): Delayed 2 second(s)

2022-06-09 18:13:43 - [MESSAGE][PASSED] - All options with value 'efood' are selected in object 'Object Repository/1. Constant/xpath' 

2022-06-09 18:13:45 - [MESSAGE][PASSED] - Delayed 2 second(s)

2022-06-09 18:13:45 - [TEST_STEP][PASSED] - takeScreenshot(): Taking screenshot successfully

2022-06-09 18:13:45 - [MESSAGE][PASSED] - Taking screenshot successfully
[[ATTACHMENT|D:\\Projet Test Auto\\Mediabox Test Automation\\Reports\\20220609_181011\\03. Parallel Testing (Testing)\\TS -PT PART 3\\03. StarPack Full Lifecycle_SAS_Task\\20220609_181034\\1654791225142.png]]

2022-06-09 18:13:45 - [TEST_STEP][PASSED] - delay(10): Delayed 10 second(s)

2022-06-09 18:13:55 - [MESSAGE][PASSED] - Delayed 10 second(s)

2022-06-09 18:13:55 - [TEST_STEP][PASSED] - click(findTestObject("HL Full Lifecycle/5 ModifyProjPage_button_Update")): Object: 'Object Repository/HL Full Lifecycle/5 ModifyProjPage_button_Update' is clicked on

2022-06-09 18:13:59 - [MESSAGE][PASSED] - Object: 'Object Repository/HL Full Lifecycle/5 ModifyProjPage_button_Update' is clicked on

2022-06-09 18:13:59 - [TEST_STEP][PASSED] - waitForPageLoad(10): Wait for page load successfully

2022-06-09 18:14:00 - [MESSAGE][PASSED] - Wait for page load successfully

2022-06-09 18:14:00 - [TEST_STEP][PASSED] - delay(5): Delayed 5 second(s)

2022-06-09 18:14:05 - [MESSAGE][PASSED] - Delayed 5 second(s)

2022-06-09 18:14:05 - [TEST_STEP][PASSED] - Project_No = I.ProjectNo(): Current window's url is: 'http://mdb-release.diadeis.lan/MediaboxIndependence/Base/ExecAction?IDSession=MBI%21RELTESTAUTO_STARPACK%21OVXG31E6Z49556GGFCAXFO51545513QSTE08BDLD&default_action=AfficheFichesProjet&id_project=MI001271'

2022-06-09 18:14:10 - [MESSAGE][PASSED] - Delayed 5 second(s)

2022-06-09 18:14:10 - [MESSAGE][PASSED] - Current window's url is: 'http://mdb-release.diadeis.lan/MediaboxIndependence/Base/ExecAction?IDSession=MBI%21RELTESTAUTO_STARPACK%21OVXG31E6Z49556GGFCAXFO51545513QSTE08BDLD&default_action=AfficheFichesProjet&id_project=MI001271'

2022-06-09 18:14:10 - [TEST_STEP][PASSED] - click(findTestObject("HL Full Lifecycle/6 ReferenceListPage_createrefbutton")): Object: 'Object Repository/HL Full Lifecycle/6 ReferenceListPage_createrefbutton' is clicked on

2022-06-09 18:14:11 - [MESSAGE][PASSED] - Object: 'Object Repository/HL Full Lifecycle/6 ReferenceListPage_createrefbutton' is clicked on

2022-06-09 18:14:11 - [TEST_STEP][PASSED] - click(findTestObject("HL Full Lifecycle/6 ReferenceListPaga_Create a component_button")): Object: 'Object Repository/HL Full Lifecycle/6 ReferenceListPaga_Create a component_button' is clicked on

2022-06-09 18:14:13 - [MESSAGE][PASSED] - Object: 'Object Repository/HL Full Lifecycle/6 ReferenceListPaga_Create a component_button' is clicked on

2022-06-09 18:14:13 - [TEST_STEP][PASSED] - waitForPageLoad(10): Wait for page load successfully

2022-06-09 18:14:13 - [MESSAGE][PASSED] - Wait for page load successfully

2022-06-09 18:14:13 - [TEST_STEP][PASSED] - takeScreenshot(): Taking screenshot successfully

2022-06-09 18:14:13 - [MESSAGE][PASSED] - Taking screenshot successfully
[[ATTACHMENT|D:\\Projet Test Auto\\Mediabox Test Automation\\Reports\\20220609_181011\\03. Parallel Testing (Testing)\\TS -PT PART 3\\03. StarPack Full Lifecycle_SAS_Task\\20220609_181034\\1654791253267.png]]

2022-06-09 18:14:13 - [TEST_STEP][PASSED] - I.SelectFromList_Value("//*[@id="ref_type"]", "6"): Delayed 2 second(s)

2022-06-09 18:14:16 - [MESSAGE][PASSED] - All options with value '6' are selected in object 'Object Repository/1. Constant/xpath' 

2022-06-09 18:14:18 - [MESSAGE][PASSED] - Delayed 2 second(s)

2022-06-09 18:14:18 - [TEST_STEP][PASSED] - click(findTestObject("HL Full Lifecycle/6 ReferencePg_Create a component_bluebutton")): Object: 'Object Repository/HL Full Lifecycle/6 ReferencePg_Create a component_bluebutton' is clicked on

2022-06-09 18:14:23 - [MESSAGE][PASSED] - Object: 'Object Repository/HL Full Lifecycle/6 ReferencePg_Create a component_bluebutton' is clicked on

2022-06-09 18:14:23 - [TEST_STEP][PASSED] - refID = I.RefID(): Current window's url is: 'http://mdb-release.diadeis.lan/MediaboxIndependence/Base/ExecAction?IDSession=MBI%21RELTESTAUTO_STARPACK%21OVXG31E6Z49556GGFCAXFO51545513QSTE08BDLD&default_action=ModifierRef&id_project=MI001271&id_ref=6376&action_from=create_ref'

2022-06-09 18:14:28 - [MESSAGE][PASSED] - Delayed 5 second(s)

2022-06-09 18:14:28 - [MESSAGE][PASSED] - Current window's url is: 'http://mdb-release.diadeis.lan/MediaboxIndependence/Base/ExecAction?IDSession=MBI%21RELTESTAUTO_STARPACK%21OVXG31E6Z49556GGFCAXFO51545513QSTE08BDLD&default_action=ModifierRef&id_project=MI001271&id_ref=6376&action_from=create_ref'

2022-06-09 18:14:28 - [TEST_STEP][PASSED] - takeScreenshot(): Taking screenshot successfully

2022-06-09 18:14:29 - [MESSAGE][PASSED] - Taking screenshot successfully
[[ATTACHMENT|D:\\Projet Test Auto\\Mediabox Test Automation\\Reports\\20220609_181011\\03. Parallel Testing (Testing)\\TS -PT PART 3\\03. StarPack Full Lifecycle_SAS_Task\\20220609_181034\\1654791268799.png]]

2022-06-09 18:14:29 - [TEST_STEP][PASSED] - sendKeys(findTestObject("1. Constant/01_id_field_id", ["field_id":"var_28"]), "209293"): Keys '209293' sent to object: 'Object Repository/1. Constant/01_id_field_id'

2022-06-09 18:14:29 - [MESSAGE][PASSED] - Keys '209293' sent to object: 'Object Repository/1. Constant/01_id_field_id'

2022-06-09 18:14:29 - [TEST_STEP][PASSED] - sendKeys(findTestObject("1. Constant/01_id_field_id", ["field_id":"var_30"]), "test Submarca"): Keys 'test Submarca' sent to object: 'Object Repository/1. Constant/01_id_field_id'

2022-06-09 18:14:30 - [MESSAGE][PASSED] - Keys 'test Submarca' sent to object: 'Object Repository/1. Constant/01_id_field_id'

2022-06-09 18:14:30 - [TEST_STEP][PASSED] - sendKeys(findTestObject("1. Constant/01_id_field_id", ["field_id":"var_31"]), "test Submarca Vínculo con bulto: test Submarca"): Keys 'test Submarca Vínculo con bulto: test Submarca' sent to object: 'Object Repository/1. Constant/01_id_field_id'

2022-06-09 18:14:30 - [MESSAGE][PASSED] - Keys 'test Submarca Vínculo con bulto: test Submarca' sent to object: 'Object Repository/1. Constant/01_id_field_id'

2022-06-09 18:14:30 - [TEST_STEP][PASSED] - I.SelectFromList_Value("//*[@id="var_38"]", "24"): Delayed 2 second(s)

2022-06-09 18:14:31 - [MESSAGE][PASSED] - All options with value '24' are selected in object 'Object Repository/1. Constant/xpath' 

2022-06-09 18:14:33 - [MESSAGE][PASSED] - Delayed 2 second(s)

2022-06-09 18:14:33 - [TEST_STEP][PASSED] - sendKeys(findTestObject("1. Constant/01_id_field_id", ["field_id":"var_39"]), "8480017155061"): Keys '8480017155061' sent to object: 'Object Repository/1. Constant/01_id_field_id'

2022-06-09 18:14:33 - [MESSAGE][PASSED] - Keys '8480017155061' sent to object: 'Object Repository/1. Constant/01_id_field_id'

2022-06-09 18:14:33 - [TEST_STEP][PASSED] - I.select_multiplelist("//*[@id="selSource_19"]", "//*[@id="btnAdd_19"]", "22"): Delayed 1 second(s)

2022-06-09 18:14:34 - [MESSAGE][PASSED] - Delayed 1 second(s)

2022-06-09 18:14:34 - [MESSAGE][PASSED] - All options with value '22' are selected in object 'Object Repository/1. Constant/xpath' 

2022-06-09 18:14:36 - [MESSAGE][PASSED] - Delayed 2 second(s)

2022-06-09 18:14:37 - [MESSAGE][PASSED] - Object: 'Object Repository/1. Constant/xpath' is clicked on

2022-06-09 18:14:38 - [MESSAGE][PASSED] - Delayed 1 second(s)

2022-06-09 18:14:38 - [TEST_STEP][PASSED] - I.SelectFromList_Value("//*[@id="var_75"]", "26"): Delayed 2 second(s)

2022-06-09 18:14:38 - [MESSAGE][PASSED] - All options with value '26' are selected in object 'Object Repository/1. Constant/xpath' 

2022-06-09 18:14:40 - [MESSAGE][PASSED] - Delayed 2 second(s)

2022-06-09 18:14:40 - [TEST_STEP][PASSED] - click(findTestObject("HL Full Lifecycle/7 ModifyRefPage_button_Save")): Object: 'Object Repository/HL Full Lifecycle/7 ModifyRefPage_button_Save' is clicked on

2022-06-09 18:14:45 - [MESSAGE][PASSED] - Object: 'Object Repository/HL Full Lifecycle/7 ModifyRefPage_button_Save' is clicked on

2022-06-09 18:14:45 - [TEST_STEP][PASSED] - I.Logout(): Delayed 3 second(s)

2022-06-09 18:14:48 - [MESSAGE][PASSED] - Delayed 3 second(s)

2022-06-09 18:14:50 - [MESSAGE][PASSED] - Object: 'Object Repository/1. Constant/xpath' is clicked on

2022-06-09 18:14:53 - [MESSAGE][PASSED] - Delayed 3 second(s)

2022-06-09 18:14:56 - [MESSAGE][PASSED] - Object: 'Object Repository/1. Constant/xpath' is clicked on

2022-06-09 18:14:59 - [MESSAGE][PASSED] - Delayed 3 second(s)

2022-06-09 18:14:59 - [TEST_STEP][PASSED] - I.Login_password("suser", password_suser): Object: 'Object Repository/1. Constant/xpath' is clicked on

2022-06-09 18:15:00 - [MESSAGE][PASSED] - Text 'suser' is set on object 'Object Repository/1. Constant/xpath'

2022-06-09 18:15:01 - [MESSAGE][PASSED] - Delayed 1 second(s)

2022-06-09 18:15:01 - [MESSAGE][PASSED] - Text 'dchi2' is set on object 'Object Repository/1. Constant/xpath'

2022-06-09 18:15:02 - [MESSAGE][PASSED] - Delayed 1 second(s)

2022-06-09 18:15:05 - [MESSAGE][PASSED] - Object: 'Object Repository/1. Constant/xpath' is clicked on

2022-06-09 18:15:05 - [TEST_STEP][PASSED] - takeScreenshot(): Taking screenshot successfully

2022-06-09 18:15:05 - [MESSAGE][PASSED] - Taking screenshot successfully
[[ATTACHMENT|D:\\Projet Test Auto\\Mediabox Test Automation\\Reports\\20220609_181011\\03. Parallel Testing (Testing)\\TS -PT PART 3\\03. StarPack Full Lifecycle_SAS_Task\\20220609_181034\\1654791305694.png]]

2022-06-09 18:15:05 - [TEST_STEP][PASSED] - click(findTestObject("1. Constant/02_LHSMenu_Projects")): Object: 'Object Repository/1. Constant/02_LHSMenu_Projects' is clicked on

2022-06-09 18:15:09 - [MESSAGE][PASSED] - Object: 'Object Repository/1. Constant/02_LHSMenu_Projects' is clicked on

2022-06-09 18:15:09 - [TEST_STEP][PASSED] - I.SearchProjectNo(Project_No, findTestObject("HL Full Lifecycle/9 Filter_Button_Apply")): Delayed 5 second(s)

2022-06-09 18:15:10 - [MESSAGE][PASSED] - Text 'MI001271' is set on object 'Object Repository/1. Constant/xpath'

2022-06-09 18:15:13 - [MESSAGE][PASSED] - Delayed 3 second(s)

2022-06-09 18:15:16 - [MESSAGE][PASSED] - Object: 'Object Repository/HL Full Lifecycle/9 Filter_Button_Apply' is clicked on

2022-06-09 18:15:21 - [MESSAGE][PASSED] - Delayed 5 second(s)

2022-06-09 18:15:21 - [TEST_STEP][PASSED] - I.superedit_ref(findTestObject("Object Repository/StarPack - Full Lifecycle (AWIS)/3.02 Suser super edit", ["refID":"source_" + refID]), findTestObject("Object Repository/StarPack - Full Lifecycle (AWIS)/3.03 Suser super edit (option)", ["refID":"source_" + refID])): Object: 'Object Repository/StarPack - Full Lifecycle (AWIS)/3.03 Suser super edit (option)' is clicked on

2022-06-09 18:15:22 - [MESSAGE][PASSED] - Object: 'Object Repository/StarPack - Full Lifecycle (AWIS)/3.02 Suser super edit' is clicked on

2022-06-09 18:15:25 - [MESSAGE][PASSED] - Delayed 3 second(s)

2022-06-09 18:15:30 - [MESSAGE][PASSED] - Object: 'Object Repository/StarPack - Full Lifecycle (AWIS)/3.03 Suser super edit (option)' is clicked on

2022-06-09 18:15:30 - [TEST_STEP][PASSED] - takeScreenshot(): Taking screenshot successfully

2022-06-09 18:15:32 - [MESSAGE][PASSED] - Taking screenshot successfully
[[ATTACHMENT|D:\\Projet Test Auto\\Mediabox Test Automation\\Reports\\20220609_181011\\03. Parallel Testing (Testing)\\TS -PT PART 3\\03. StarPack Full Lifecycle_SAS_Task\\20220609_181034\\1654791331950.png]]

2022-06-09 18:15:32 - [TEST_STEP][PASSED] - I.click_button_javascript(findTestObject("Object Repository/StarPack - Full Lifecycle (AWIS)/3.04 Suser select option button(yes)", ["field_ID":"field_var_40"])): Execute JavaScript 'arguments[0].click()' successfully

2022-06-09 18:15:32 - [MESSAGE][PASSED] - Execute JavaScript 'arguments[0].click()' successfully

2022-06-09 18:15:32 - [TEST_STEP][PASSED] - I.click_button_javascript(findTestObject("Object Repository/StarPack - Full Lifecycle (AWIS)/3.04 Suser select option button(yes)", ["field_ID":"field_var_41"])): Execute JavaScript 'arguments[0].click()' successfully

2022-06-09 18:15:33 - [MESSAGE][PASSED] - Execute JavaScript 'arguments[0].click()' successfully

2022-06-09 18:15:33 - [TEST_STEP][PASSED] - I.click_button_javascript(findTestObject("Object Repository/StarPack - Full Lifecycle (AWIS)/3.04 Suser select option button(yes)", ["field_ID":"field_var_42"])): Execute JavaScript 'arguments[0].click()' successfully

2022-06-09 18:15:33 - [MESSAGE][PASSED] - Execute JavaScript 'arguments[0].click()' successfully

2022-06-09 18:15:33 - [TEST_STEP][PASSED] - I.click_button_javascript(findTestObject("Object Repository/StarPack - Full Lifecycle (AWIS)/3.04 Suser select option button(yes)", ["field_ID":"field_var_43"])): Execute JavaScript 'arguments[0].click()' successfully

2022-06-09 18:15:33 - [MESSAGE][PASSED] - Execute JavaScript 'arguments[0].click()' successfully

2022-06-09 18:15:33 - [TEST_STEP][PASSED] - I.click_button_javascript(findTestObject("Object Repository/StarPack - Full Lifecycle (AWIS)/3.04 Suser select option button(No)", ["field_ID":"field_var_44"])): Execute JavaScript 'arguments[0].click()' successfully

2022-06-09 18:15:34 - [MESSAGE][PASSED] - Execute JavaScript 'arguments[0].click()' successfully

2022-06-09 18:15:34 - [TEST_STEP][PASSED] - I.click_button_javascript(findTestObject("Object Repository/StarPack - Full Lifecycle (AWIS)/3.04 Suser select option button(No)", ["field_ID":"field_var_45"])): Execute JavaScript 'arguments[0].click()' successfully

2022-06-09 18:15:34 - [MESSAGE][PASSED] - Execute JavaScript 'arguments[0].click()' successfully

2022-06-09 18:15:34 - [TEST_STEP][PASSED] - I.click_button_javascript(findTestObject("Object Repository/StarPack - Full Lifecycle (AWIS)/3.04 Suser select option button(No)", ["field_ID":"field_var_99"])): Execute JavaScript 'arguments[0].click()' successfully

2022-06-09 18:15:35 - [MESSAGE][PASSED] - Execute JavaScript 'arguments[0].click()' successfully

2022-06-09 18:15:35 - [TEST_STEP][PASSED] - click(findTestObject("Object Repository/StarPack - Full Lifecycle (AWIS)/3.05 Suser saves for super edit ref")): Object: 'Object Repository/StarPack - Full Lifecycle (AWIS)/3.05 Suser saves for super edit ref' is clicked on

2022-06-09 18:15:39 - [MESSAGE][PASSED] - Object: 'Object Repository/StarPack - Full Lifecycle (AWIS)/3.05 Suser saves for super edit ref' is clicked on

2022-06-09 18:15:39 - [TEST_STEP][PASSED] - I.Logout(): Delayed 3 second(s)

2022-06-09 18:15:42 - [MESSAGE][PASSED] - Delayed 3 second(s)

2022-06-09 18:15:43 - [MESSAGE][PASSED] - Object: 'Object Repository/1. Constant/xpath' is clicked on

2022-06-09 18:15:46 - [MESSAGE][PASSED] - Delayed 3 second(s)

2022-06-09 18:15:48 - [MESSAGE][PASSED] - Object: 'Object Repository/1. Constant/xpath' is clicked on

2022-06-09 18:15:51 - [MESSAGE][PASSED] - Delayed 3 second(s)

2022-06-09 18:15:51 - [TEST_STEP][PASSED] - I.Login_password("adelamatanieves", password_adelamatanieves): Object: 'Object Repository/1. Constant/xpath' is clicked on

2022-06-09 18:15:51 - [MESSAGE][PASSED] - Text 'adelamatanieves' is set on object 'Object Repository/1. Constant/xpath'

2022-06-09 18:15:52 - [MESSAGE][PASSED] - Delayed 1 second(s)

2022-06-09 18:15:54 - [MESSAGE][PASSED] - Text 'dchi4' is set on object 'Object Repository/1. Constant/xpath'

2022-06-09 18:15:55 - [MESSAGE][PASSED] - Delayed 1 second(s)

2022-06-09 18:15:58 - [MESSAGE][PASSED] - Object: 'Object Repository/1. Constant/xpath' is clicked on

2022-06-09 18:15:58 - [TEST_STEP][PASSED] - takeScreenshot(): Taking screenshot successfully

2022-06-09 18:15:58 - [MESSAGE][PASSED] - Taking screenshot successfully
[[ATTACHMENT|D:\\Projet Test Auto\\Mediabox Test Automation\\Reports\\20220609_181011\\03. Parallel Testing (Testing)\\TS -PT PART 3\\03. StarPack Full Lifecycle_SAS_Task\\20220609_181034\\1654791358298.png]]

2022-06-09 18:15:58 - [TEST_STEP][PASSED] - click(findTestObject("1. Constant/02_LHSMenu_Projects")): Object: 'Object Repository/1. Constant/02_LHSMenu_Projects' is clicked on

2022-06-09 18:16:00 - [MESSAGE][PASSED] - Object: 'Object Repository/1. Constant/02_LHSMenu_Projects' is clicked on

2022-06-09 18:16:00 - [TEST_STEP][PASSED] - I.SearchProjectNo(Project_No, findTestObject("HL Full Lifecycle/9 Filter_Button_Apply")): Delayed 5 second(s)

2022-06-09 18:16:01 - [MESSAGE][PASSED] - Text 'MI001271' is set on object 'Object Repository/1. Constant/xpath'

2022-06-09 18:16:04 - [MESSAGE][PASSED] - Delayed 3 second(s)

2022-06-09 18:16:07 - [MESSAGE][PASSED] - Object: 'Object Repository/HL Full Lifecycle/9 Filter_Button_Apply' is clicked on

2022-06-09 18:16:12 - [MESSAGE][PASSED] - Delayed 5 second(s)

2022-06-09 18:16:12 - [TEST_STEP][PASSED] - click(findTestObject("1. Constant/xpath", ["xpath":"/html/body/div[1]/div[2]/div[4]/div[3]/div/div[2]/div[2]/div[1]/table/tbody/tr[2]/td[10]/a[3]"])): Object: 'Object Repository/1. Constant/xpath' is clicked on

2022-06-09 18:16:15 - [MESSAGE][PASSED] - Object: 'Object Repository/1. Constant/xpath' is clicked on

2022-06-09 18:16:15 - [TEST_STEP][PASSED] - click(findTestObject("Object Repository/StarPack - Full Lifecycle (AWIS)/2.031 RefPg_AnnaSubmit", ["id":"1"])): Object: 'Object Repository/StarPack - Full Lifecycle (AWIS)/2.031 RefPg_AnnaSubmit' is clicked on

2022-06-09 18:16:23 - [MESSAGE][PASSED] - Object: 'Object Repository/StarPack - Full Lifecycle (AWIS)/2.031 RefPg_AnnaSubmit' is clicked on

2022-06-09 18:16:23 - [TEST_STEP][PASSED] - click(findTestObject("Object Repository/StarPack - Full Lifecycle (AWIS)/2.03 Block anna")): Object: 'Object Repository/StarPack - Full Lifecycle (AWIS)/2.03 Block anna' is clicked on

2022-06-09 18:16:27 - [MESSAGE][PASSED] - Object: 'Object Repository/StarPack - Full Lifecycle (AWIS)/2.03 Block anna' is clicked on

2022-06-09 18:16:27 - [TEST_STEP][PASSED] - I.click_button_javascript(findTestObject("Object Repository/StarPack - Full Lifecycle (AWIS)/2.04 Field yes_No (Auto Daughter ref)", ["id":"1"])): Execute JavaScript 'arguments[0].click()' successfully

2022-06-09 18:16:27 - [MESSAGE][PASSED] - Execute JavaScript 'arguments[0].click()' successfully

2022-06-09 18:16:27 - [TEST_STEP][PASSED] - I.click_button_javascript(findTestObject("Object Repository/StarPack - Full Lifecycle (AWIS)/2.04 Field yes_No (Auto Daughter ref)", ["id":"2"])): Execute JavaScript 'arguments[0].click()' successfully

2022-06-09 18:16:28 - [MESSAGE][PASSED] - Execute JavaScript 'arguments[0].click()' successfully

2022-06-09 18:16:28 - [TEST_STEP][PASSED] - I.click_button_javascript(findTestObject("Object Repository/StarPack - Full Lifecycle (AWIS)/2.04 Field yes_No (Auto Daughter ref)", ["id":"3"])): Execute JavaScript 'arguments[0].click()' successfully

2022-06-09 18:16:29 - [MESSAGE][PASSED] - Execute JavaScript 'arguments[0].click()' successfully

2022-06-09 18:16:29 - [TEST_STEP][PASSED] - I.Pagedown(): Execute JavaScript 'window.scrollTo(0, document.body.scrollHeight)' successfully

2022-06-09 18:16:29 - [MESSAGE][PASSED] - Execute JavaScript 'window.scrollTo(0, document.body.scrollHeight)' successfully

2022-06-09 18:16:29 - [TEST_STEP][PASSED] - click(findTestObject("Object Repository/StarPack - Full Lifecycle (AWIS)/2.05 RefPg_submit")): Object: 'Object Repository/StarPack - Full Lifecycle (AWIS)/2.05 RefPg_submit' is clicked on

2022-06-09 18:16:41 - [MESSAGE][PASSED] - Object: 'Object Repository/StarPack - Full Lifecycle (AWIS)/2.05 RefPg_submit' is clicked on

2022-06-09 18:16:41 - [TEST_STEP][PASSED] - delay(2): Delayed 2 second(s)

2022-06-09 18:16:43 - [MESSAGE][PASSED] - Delayed 2 second(s)

2022-06-09 18:16:43 - [TEST_STEP][PASSED] - takeScreenshot(): Taking screenshot successfully

2022-06-09 18:16:45 - [MESSAGE][PASSED] - Taking screenshot successfully
[[ATTACHMENT|D:\\Projet Test Auto\\Mediabox Test Automation\\Reports\\20220609_181011\\03. Parallel Testing (Testing)\\TS -PT PART 3\\03. StarPack Full Lifecycle_SAS_Task\\20220609_181034\\1654791404048.png]]

2022-06-09 18:16:45 - [TEST_STEP][PASSED] - I.Logout(): Delayed 3 second(s)

2022-06-09 18:16:48 - [MESSAGE][PASSED] - Delayed 3 second(s)

2022-06-09 18:16:49 - [MESSAGE][PASSED] - Object: 'Object Repository/1. Constant/xpath' is clicked on

2022-06-09 18:16:52 - [MESSAGE][PASSED] - Delayed 3 second(s)

2022-06-09 18:16:55 - [MESSAGE][PASSED] - Object: 'Object Repository/1. Constant/xpath' is clicked on

2022-06-09 18:16:58 - [MESSAGE][PASSED] - Delayed 3 second(s)

2022-06-09 18:16:58 - [TEST_STEP][PASSED] - refID_PTS = Integer.parseInt(refID) + 1: null

2022-06-09 18:16:58 - [TEST_STEP][PASSED] - refID_PS = Integer.parseInt(refID) + 2: null

2022-06-09 18:16:58 - [TEST_STEP][PASSED] - refID_TD = Integer.parseInt(refID) + 3: null

2022-06-09 18:16:58 - [TEST_STEP][PASSED] - I.writenotepad("D:\Upoad_File\Projet_ Login\StarPack\4.01 StarPack _Project_No\4.01_StarPack_ProjectNo.txt", Project_No): null

2022-06-09 18:16:58 - [TEST_STEP][PASSED] - I.writenotepad("D:\Upoad_File\Projet_ Login\StarPack\4.01 StarPack _Project_No\4.01_StarPack_refID.txt", refID): null

2022-06-09 18:16:58 - [TEST_STEP][PASSED] - I.writenotepad("D:\Upoad_File\Projet_ Login\StarPack\4.01 StarPack _Project_No\4.01_StarPack_refID_PS.txt", refID_PS): null

2022-06-09 18:16:58 - [TEST_STEP][PASSED] - I.writenotepad("D:\Upoad_File\Projet_ Login\StarPack\4.01 StarPack _Project_No\4.01_StarPack_refID_PTS.txt", refID_PTS): null

2022-06-09 18:16:58 - [TEST_STEP][PASSED] - I.writenotepad("D:\Upoad_File\Projet_ Login\StarPack\4.01 StarPack _Project_No\4.01_StarPack_refID_TD.txt", refID_TD): null

2022-06-09 18:16:58 - [TEST_STEP][PASSED] - I.Login_password("suser", password_suser): Object: 'Object Repository/1. Constant/xpath' is clicked on

2022-06-09 18:17:01 - [MESSAGE][PASSED] - Text 'suser' is set on object 'Object Repository/1. Constant/xpath'

2022-06-09 18:17:02 - [MESSAGE][PASSED] - Delayed 1 second(s)

2022-06-09 18:17:04 - [MESSAGE][PASSED] - Text 'dchi2' is set on object 'Object Repository/1. Constant/xpath'

2022-06-09 18:17:05 - [MESSAGE][PASSED] - Delayed 1 second(s)

2022-06-09 18:17:08 - [MESSAGE][PASSED] - Object: 'Object Repository/1. Constant/xpath' is clicked on

2022-06-09 18:17:08 - [TEST_STEP][PASSED] - takeScreenshot(): Taking screenshot successfully

2022-06-09 18:17:09 - [MESSAGE][PASSED] - Taking screenshot successfully
[[ATTACHMENT|D:\\Projet Test Auto\\Mediabox Test Automation\\Reports\\20220609_181011\\03. Parallel Testing (Testing)\\TS -PT PART 3\\03. StarPack Full Lifecycle_SAS_Task\\20220609_181034\\1654791428820.png]]

2022-06-09 18:17:09 - [TEST_STEP][PASSED] - click(findTestObject("1. Constant/02_LHSMenu_Projects")): Object: 'Object Repository/1. Constant/02_LHSMenu_Projects' is clicked on

2022-06-09 18:17:13 - [MESSAGE][PASSED] - Object: 'Object Repository/1. Constant/02_LHSMenu_Projects' is clicked on

2022-06-09 18:17:13 - [TEST_STEP][PASSED] - I.SearchProjectNo(Project_No, findTestObject("HL Full Lifecycle/9 Filter_Button_Apply")): Delayed 5 second(s)

2022-06-09 18:17:14 - [MESSAGE][PASSED] - Text 'MI001271' is set on object 'Object Repository/1. Constant/xpath'

2022-06-09 18:17:17 - [MESSAGE][PASSED] - Delayed 3 second(s)

2022-06-09 18:17:21 - [MESSAGE][PASSED] - Object: 'Object Repository/HL Full Lifecycle/9 Filter_Button_Apply' is clicked on

2022-06-09 18:17:26 - [MESSAGE][PASSED] - Delayed 5 second(s)

2022-06-09 18:17:26 - [TEST_STEP][PASSED] - takeScreenshot(): Taking screenshot successfully

2022-06-09 18:17:26 - [MESSAGE][PASSED] - Taking screenshot successfully
[[ATTACHMENT|D:\\Projet Test Auto\\Mediabox Test Automation\\Reports\\20220609_181011\\03. Parallel Testing (Testing)\\TS -PT PART 3\\03. StarPack Full Lifecycle_SAS_Task\\20220609_181034\\1654791446142.png]]

2022-06-09 18:17:26 - [TEST_STEP][PASSED] - I.verifyDaughterrefCreated(findTestObject("Object Repository/StarPack - Full Lifecycle (AWIS)/3.01 Suser Ref Daughter verification", ["refID_PTS":"source_" + refID_PTS]), "PTS", log): Text of object 'Object Repository/StarPack - Full Lifecycle (AWIS)/3.01 Suser Ref Daughter verification' is: 'PTS'

2022-06-09 18:17:26 - [MESSAGE][PASSED] - Text of object 'Object Repository/StarPack - Full Lifecycle (AWIS)/3.01 Suser Ref Daughter verification' is: 'PTS'

2022-06-09 18:17:26 - [TEST_STEP][PASSED] - I.verifyDaughterrefCreated(findTestObject("Object Repository/StarPack - Full Lifecycle (AWIS)/3.01 Suser Ref Daughter verification", ["refID_PTS":"source_" + refID_PS]), "Product Sample", log): Text of object 'Object Repository/StarPack - Full Lifecycle (AWIS)/3.01 Suser Ref Daughter verification' is: 'Product Sample'

2022-06-09 18:17:27 - [MESSAGE][PASSED] - Text of object 'Object Repository/StarPack - Full Lifecycle (AWIS)/3.01 Suser Ref Daughter verification' is: 'Product Sample'

2022-06-09 18:17:27 - [TEST_STEP][PASSED] - I.verifyDaughterrefCreated(findTestObject("Object Repository/StarPack - Full Lifecycle (AWIS)/3.01 Suser Ref Daughter verification", ["refID_PTS":"source_" + refID_TD]), "Technical Drawing", log): Text of object 'Object Repository/StarPack - Full Lifecycle (AWIS)/3.01 Suser Ref Daughter verification' is: 'Technical Drawing'

2022-06-09 18:17:27 - [MESSAGE][PASSED] - Text of object 'Object Repository/StarPack - Full Lifecycle (AWIS)/3.01 Suser Ref Daughter verification' is: 'Technical Drawing'

2022-06-09 18:17:27 - [TEST_STEP][PASSED] - I.Logout(): Delayed 3 second(s)

2022-06-09 18:17:30 - [MESSAGE][PASSED] - Delayed 3 second(s)

2022-06-09 18:17:30 - [MESSAGE][PASSED] - Object: 'Object Repository/1. Constant/xpath' is clicked on

2022-06-09 18:17:33 - [MESSAGE][PASSED] - Delayed 3 second(s)

2022-06-09 18:17:35 - [MESSAGE][PASSED] - Object: 'Object Repository/1. Constant/xpath' is clicked on

2022-06-09 18:17:38 - [MESSAGE][PASSED] - Delayed 3 second(s)

2022-06-09 18:17:38 - [TEST_STEP][PASSED] - I.Login_password("aherms", password_aherms): Object: 'Object Repository/1. Constant/xpath' is clicked on

2022-06-09 18:17:39 - [MESSAGE][PASSED] - Text 'aherms' is set on object 'Object Repository/1. Constant/xpath'

2022-06-09 18:17:40 - [MESSAGE][PASSED] - Delayed 1 second(s)

2022-06-09 18:17:41 - [MESSAGE][PASSED] - Text 'dchi3' is set on object 'Object Repository/1. Constant/xpath'

2022-06-09 18:17:42 - [MESSAGE][PASSED] - Delayed 1 second(s)

2022-06-09 18:17:45 - [MESSAGE][PASSED] - Object: 'Object Repository/1. Constant/xpath' is clicked on

2022-06-09 18:17:45 - [TEST_STEP][PASSED] - takeScreenshot(): Taking screenshot successfully

2022-06-09 18:17:46 - [MESSAGE][PASSED] - Taking screenshot successfully
[[ATTACHMENT|D:\\Projet Test Auto\\Mediabox Test Automation\\Reports\\20220609_181011\\03. Parallel Testing (Testing)\\TS -PT PART 3\\03. StarPack Full Lifecycle_SAS_Task\\20220609_181034\\1654791465873.png]]

2022-06-09 18:17:46 - [TEST_STEP][PASSED] - click(findTestObject("1. Constant/02_LHSMenu_Projects")): Object: 'Object Repository/1. Constant/02_LHSMenu_Projects' is clicked on

2022-06-09 18:17:50 - [MESSAGE][PASSED] - Object: 'Object Repository/1. Constant/02_LHSMenu_Projects' is clicked on

2022-06-09 18:17:50 - [TEST_STEP][PASSED] - I.SearchProjectNo(Project_No, findTestObject("HL Full Lifecycle/9 Filter_Button_Apply")): Delayed 5 second(s)

2022-06-09 18:17:50 - [MESSAGE][PASSED] - Text 'MI001271' is set on object 'Object Repository/1. Constant/xpath'

2022-06-09 18:17:53 - [MESSAGE][PASSED] - Delayed 3 second(s)

2022-06-09 18:17:56 - [MESSAGE][PASSED] - Object: 'Object Repository/HL Full Lifecycle/9 Filter_Button_Apply' is clicked on

2022-06-09 18:18:01 - [MESSAGE][PASSED] - Delayed 5 second(s)

2022-06-09 18:18:01 - [TEST_STEP][PASSED] - click(findTestObject("Object Repository/StarPack - Full Lifecycle (AWIS)/4.01 Supplier proceed to next phase(PTS)", ["field_id":"ancre_" + refID_TD])): Object: 'Object Repository/StarPack - Full Lifecycle (AWIS)/4.01 Supplier proceed to next phase(PTS)' is clicked on

2022-06-09 18:18:04 - [MESSAGE][PASSED] - Object: 'Object Repository/StarPack - Full Lifecycle (AWIS)/4.01 Supplier proceed to next phase(PTS)' is clicked on

2022-06-09 18:18:04 - [TEST_STEP][PASSED] - takeScreenshot(): Taking screenshot successfully

2022-06-09 18:18:05 - [MESSAGE][PASSED] - Taking screenshot successfully
[[ATTACHMENT|D:\\Projet Test Auto\\Mediabox Test Automation\\Reports\\20220609_181011\\03. Parallel Testing (Testing)\\TS -PT PART 3\\03. StarPack Full Lifecycle_SAS_Task\\20220609_181034\\1654791484761.png]]

2022-06-09 18:18:05 - [TEST_STEP][PASSED] - I.UploadDoc_sendkey_field("//*[@id="var_77"]", "D:\Upoad_File\Upload doc\testdata1.pdf", "testdata1"): Text 'testdata1' is present on page 

2022-06-09 18:18:07 - [MESSAGE][PASSED] - Delayed 2 second(s)

2022-06-09 18:18:09 - [MESSAGE][PASSED] - Keys 'D:\Upoad_File\Upload doc\testdata1.pdf' sent to object: 'Object Repository/1. Constant/xpath'

2022-06-09 18:18:10 - [MESSAGE][PASSED] - Text 'testdata1' is present on page 

2022-06-09 18:18:10 - [TEST_STEP][PASSED] - setText(findTestObject("1. Constant/01_id_field_id", ["field_id":"var_46"]), "Datos de contacto del proveedor - Text Field"): Text 'Datos de contacto del proveedor - Text Field' is set on object 'Object Repository/1. Constant/01_id_field_id'

2022-06-09 18:18:12 - [MESSAGE][PASSED] - Text 'Datos de contacto del proveedor - Text Field' is set on object 'Object Repository/1. Constant/01_id_field_id'

2022-06-09 18:18:12 - [TEST_STEP][PASSED] - I.Pagedown(): Execute JavaScript 'window.scrollTo(0, document.body.scrollHeight)' successfully

2022-06-09 18:18:12 - [MESSAGE][PASSED] - Execute JavaScript 'window.scrollTo(0, document.body.scrollHeight)' successfully

2022-06-09 18:18:12 - [TEST_STEP][PASSED] - click(findTestObject("1. Constant/xpath", ["xpath":"//*[@id="ModifFiche"]/div[3]/div/button[2]"])): Object: 'Object Repository/1. Constant/xpath' is clicked on

2022-06-09 18:18:19 - [MESSAGE][PASSED] - Object: 'Object Repository/1. Constant/xpath' is clicked on

2022-06-09 18:18:19 - [TEST_STEP][PASSED] - takeScreenshot(): Taking screenshot successfully

2022-06-09 18:18:20 - [MESSAGE][PASSED] - Taking screenshot successfully
[[ATTACHMENT|D:\\Projet Test Auto\\Mediabox Test Automation\\Reports\\20220609_181011\\03. Parallel Testing (Testing)\\TS -PT PART 3\\03. StarPack Full Lifecycle_SAS_Task\\20220609_181034\\1654791499708.png]]

2022-06-09 18:18:20 - [TEST_STEP][PASSED] - click(findTestObject("Object Repository/StarPack - Full Lifecycle (AWIS)/4.012 Supploer proceed to next phase (PS)", ["refID":"source_" + refID_PS])): Object: 'Object Repository/StarPack - Full Lifecycle (AWIS)/4.012 Supploer proceed to next phase (PS)' is clicked on

2022-06-09 18:18:23 - [MESSAGE][PASSED] - Object: 'Object Repository/StarPack - Full Lifecycle (AWIS)/4.012 Supploer proceed to next phase (PS)' is clicked on

2022-06-09 18:18:23 - [TEST_STEP][PASSED] - takeScreenshot(): Taking screenshot successfully

2022-06-09 18:18:23 - [MESSAGE][PASSED] - Taking screenshot successfully
[[ATTACHMENT|D:\\Projet Test Auto\\Mediabox Test Automation\\Reports\\20220609_181011\\03. Parallel Testing (Testing)\\TS -PT PART 3\\03. StarPack Full Lifecycle_SAS_Task\\20220609_181034\\1654791503078.png]]

2022-06-09 18:18:23 - [TEST_STEP][PASSED] - setText(findTestObject("1. Constant/01_id_field_id", ["field_id":"var_24"]), "Número de seguimiento del envío de la muestra de producto- Text Field"): Text 'Número de seguimiento del envío de la muestra de producto- Text Field' is set on object 'Object Repository/1. Constant/01_id_field_id'

2022-06-09 18:18:24 - [MESSAGE][PASSED] - Text 'Número de seguimiento del envío de la muestra de producto- Text Field' is set on object 'Object Repository/1. Constant/01_id_field_id'

2022-06-09 18:18:24 - [TEST_STEP][PASSED] - click(findTestObject("1. Constant/xpath", ["xpath":"//*[@id="ModifFiche"]/div[3]/div/button[2]"])): Object: 'Object Repository/1. Constant/xpath' is clicked on

2022-06-09 18:18:30 - [MESSAGE][PASSED] - Object: 'Object Repository/1. Constant/xpath' is clicked on

2022-06-09 18:18:30 - [TEST_STEP][PASSED] - takeScreenshot(): Taking screenshot successfully

2022-06-09 18:18:30 - [MESSAGE][PASSED] - Taking screenshot successfully
[[ATTACHMENT|D:\\Projet Test Auto\\Mediabox Test Automation\\Reports\\20220609_181011\\03. Parallel Testing (Testing)\\TS -PT PART 3\\03. StarPack Full Lifecycle_SAS_Task\\20220609_181034\\1654791510137.png]]

2022-06-09 18:18:30 - [TEST_STEP][PASSED] - delay(1): Delayed 1 second(s)

2022-06-09 18:18:31 - [MESSAGE][PASSED] - Delayed 1 second(s)

2022-06-09 18:18:31 - [TEST_STEP][PASSED] - click(findTestObject("1. Constant/xpath", ["xpath":"/html/body/div[1]/div[2]/div[4]/div[3]/div/div[2]/div[2]/div[1]/table/tbody/tr[1]/td[4]/a[2]"])): Object: 'Object Repository/1. Constant/xpath' is clicked on

2022-06-09 18:18:32 - [MESSAGE][PASSED] - Object: 'Object Repository/1. Constant/xpath' is clicked on

2022-06-09 18:18:32 - [TEST_STEP][PASSED] - delay(1): Delayed 1 second(s)

2022-06-09 18:18:33 - [MESSAGE][PASSED] - Delayed 1 second(s)

2022-06-09 18:18:33 - [TEST_STEP][PASSED] - verifyElementNotVisible(findTestObject("1. Constant/xpath", ["xpath":"/html/body/div[1]/div[2]/div[4]/div[3]/div/div[2]/div[2]/div[1]/table/tbody/tr[2]/td[4]/a"]), STOP_ON_FAILURE): Object 'Object Repository/1. Constant/xpath' is NOT visible

2022-06-09 18:18:33 - [MESSAGE][PASSED] - Object 'Object Repository/1. Constant/xpath' is NOT visible

2022-06-09 18:18:33 - [TEST_STEP][PASSED] - verifyElementNotVisible(findTestObject("1. Constant/xpath", ["xpath":"/html/body/div[1]/div[2]/div[4]/div[3]/div/div[2]/div[2]/div[1]/table/tbody/tr[3]/td[4]/a"]), STOP_ON_FAILURE): Object 'Object Repository/1. Constant/xpath' is NOT visible

2022-06-09 18:18:34 - [MESSAGE][PASSED] - Object 'Object Repository/1. Constant/xpath' is NOT visible

2022-06-09 18:18:34 - [TEST_STEP][PASSED] - verifyElementNotVisible(findTestObject("1. Constant/xpath", ["xpath":"/html/body/div[1]/div[2]/div[4]/div[3]/div/div[2]/div[2]/div[1]/table/tbody/tr[4]/td[4]/a"]), STOP_ON_FAILURE): Object 'Object Repository/1. Constant/xpath' is NOT visible

2022-06-09 18:18:35 - [MESSAGE][PASSED] - Object 'Object Repository/1. Constant/xpath' is NOT visible

2022-06-09 18:18:35 - [TEST_STEP][PASSED] - takeScreenshot(): Taking screenshot successfully

2022-06-09 18:18:36 - [MESSAGE][PASSED] - Taking screenshot successfully
[[ATTACHMENT|D:\\Projet Test Auto\\Mediabox Test Automation\\Reports\\20220609_181011\\03. Parallel Testing (Testing)\\TS -PT PART 3\\03. StarPack Full Lifecycle_SAS_Task\\20220609_181034\\1654791515818.png]]

2022-06-09 18:18:36 - [TEST_STEP][PASSED] - click(findTestObject("1. Constant/xpath", ["xpath":"/html/body/div[1]/div[2]/div[4]/div[3]/div/div[2]/div[2]/div[1]/table/tbody/tr[1]/td[4]/a[2]"])): Object: 'Object Repository/1. Constant/xpath' is clicked on

2022-06-09 18:18:36 - [MESSAGE][PASSED] - Object: 'Object Repository/1. Constant/xpath' is clicked on

2022-06-09 18:18:36 - [TEST_STEP][PASSED] - delay(1): Delayed 1 second(s)

2022-06-09 18:18:37 - [MESSAGE][PASSED] - Delayed 1 second(s)

2022-06-09 18:18:37 - [TEST_STEP][PASSED] - verifyElementVisible(findTestObject("1. Constant/xpath", ["xpath":"/html/body/div[1]/div[2]/div[4]/div[3]/div/div[2]/div[2]/div[1]/table/tbody/tr[2]/td[4]/a"]), STOP_ON_FAILURE): Object 'Object Repository/1. Constant/xpath' is visible

2022-06-09 18:18:37 - [MESSAGE][PASSED] - Object 'Object Repository/1. Constant/xpath' is visible

2022-06-09 18:18:37 - [TEST_STEP][PASSED] - verifyElementVisible(findTestObject("1. Constant/xpath", ["xpath":"/html/body/div[1]/div[2]/div[4]/div[3]/div/div[2]/div[2]/div[1]/table/tbody/tr[3]/td[4]/a"]), STOP_ON_FAILURE): Object 'Object Repository/1. Constant/xpath' is visible

2022-06-09 18:18:38 - [MESSAGE][PASSED] - Object 'Object Repository/1. Constant/xpath' is visible

2022-06-09 18:18:38 - [TEST_STEP][PASSED] - verifyElementVisible(findTestObject("1. Constant/xpath", ["xpath":"/html/body/div[1]/div[2]/div[4]/div[3]/div/div[2]/div[2]/div[1]/table/tbody/tr[4]/td[4]/a"]), STOP_ON_FAILURE): Object 'Object Repository/1. Constant/xpath' is visible

2022-06-09 18:18:38 - [MESSAGE][PASSED] - Object 'Object Repository/1. Constant/xpath' is visible

2022-06-09 18:18:38 - [TEST_STEP][PASSED] - takeScreenshot(): Taking screenshot successfully

2022-06-09 18:18:39 - [MESSAGE][PASSED] - Taking screenshot successfully
[[ATTACHMENT|D:\\Projet Test Auto\\Mediabox Test Automation\\Reports\\20220609_181011\\03. Parallel Testing (Testing)\\TS -PT PART 3\\03. StarPack Full Lifecycle_SAS_Task\\20220609_181034\\1654791518941.png]]

2022-06-09 18:18:39 - [TEST_STEP][PASSED] - delay(1): Delayed 1 second(s)

2022-06-09 18:18:40 - [MESSAGE][PASSED] - Delayed 1 second(s)

2022-06-09 18:18:40 - [TEST_STEP][PASSED] - click(findTestObject("1. Constant/xpath", ["xpath":"//*[@id="all_a"]"])): Object: 'Object Repository/1. Constant/xpath' is clicked on

2022-06-09 18:18:41 - [MESSAGE][PASSED] - Object: 'Object Repository/1. Constant/xpath' is clicked on

2022-06-09 18:18:41 - [TEST_STEP][PASSED] - delay(1): Delayed 1 second(s)

2022-06-09 18:18:42 - [MESSAGE][PASSED] - Delayed 1 second(s)

2022-06-09 18:18:42 - [TEST_STEP][PASSED] - verifyElementVisible(findTestObject("1. Constant/xpath", ["xpath":"/html/body/div[1]/div[2]/div[4]/div[3]/div/div[2]/div[2]/div[1]/table/tbody/tr[1]/td[4]/a[1]"]), STOP_ON_FAILURE): Object 'Object Repository/1. Constant/xpath' is visible

2022-06-09 18:18:42 - [MESSAGE][PASSED] - Object 'Object Repository/1. Constant/xpath' is visible

2022-06-09 18:18:42 - [TEST_STEP][PASSED] - verifyElementNotVisible(findTestObject("1. Constant/xpath", ["xpath":"/html/body/div[1]/div[2]/div[4]/div[3]/div/div[2]/div[2]/div[1]/table/tbody/tr[2]/td[4]/a"]), STOP_ON_FAILURE): Object 'Object Repository/1. Constant/xpath' is NOT visible

2022-06-09 18:18:44 - [MESSAGE][PASSED] - Object 'Object Repository/1. Constant/xpath' is NOT visible

2022-06-09 18:18:44 - [TEST_STEP][PASSED] - verifyElementNotVisible(findTestObject("1. Constant/xpath", ["xpath":"/html/body/div[1]/div[2]/div[4]/div[3]/div/div[2]/div[2]/div[1]/table/tbody/tr[3]/td[4]/a"]), STOP_ON_FAILURE): Object 'Object Repository/1. Constant/xpath' is NOT visible

2022-06-09 18:18:44 - [MESSAGE][PASSED] - Object 'Object Repository/1. Constant/xpath' is NOT visible

2022-06-09 18:18:44 - [TEST_STEP][PASSED] - verifyElementNotVisible(findTestObject("1. Constant/xpath", ["xpath":"/html/body/div[1]/div[2]/div[4]/div[3]/div/div[2]/div[2]/div[1]/table/tbody/tr[4]/td[4]/a"]), STOP_ON_FAILURE): Object 'Object Repository/1. Constant/xpath' is NOT visible

2022-06-09 18:18:44 - [MESSAGE][PASSED] - Object 'Object Repository/1. Constant/xpath' is NOT visible

2022-06-09 18:18:44 - [TEST_STEP][PASSED] - takeScreenshot(): Taking screenshot successfully

2022-06-09 18:18:45 - [MESSAGE][PASSED] - Taking screenshot successfully
[[ATTACHMENT|D:\\Projet Test Auto\\Mediabox Test Automation\\Reports\\20220609_181011\\03. Parallel Testing (Testing)\\TS -PT PART 3\\03. StarPack Full Lifecycle_SAS_Task\\20220609_181034\\1654791524784.png]]

2022-06-09 18:18:45 - [TEST_STEP][PASSED] - click(findTestObject("1. Constant/xpath", ["xpath":"//*[@id="all_a"]"])): Object: 'Object Repository/1. Constant/xpath' is clicked on

2022-06-09 18:18:45 - [MESSAGE][PASSED] - Object: 'Object Repository/1. Constant/xpath' is clicked on

2022-06-09 18:18:45 - [TEST_STEP][PASSED] - delay(1): Delayed 1 second(s)

2022-06-09 18:18:46 - [MESSAGE][PASSED] - Delayed 1 second(s)

2022-06-09 18:18:46 - [TEST_STEP][PASSED] - verifyElementVisible(findTestObject("1. Constant/xpath", ["xpath":"/html/body/div[1]/div[2]/div[4]/div[3]/div/div[2]/div[2]/div[1]/table/tbody/tr[1]/td[4]/a[1]"]), STOP_ON_FAILURE): Object 'Object Repository/1. Constant/xpath' is visible

2022-06-09 18:18:46 - [MESSAGE][PASSED] - Object 'Object Repository/1. Constant/xpath' is visible

2022-06-09 18:18:46 - [TEST_STEP][PASSED] - verifyElementVisible(findTestObject("1. Constant/xpath", ["xpath":"/html/body/div[1]/div[2]/div[4]/div[3]/div/div[2]/div[2]/div[1]/table/tbody/tr[2]/td[4]/a"]), STOP_ON_FAILURE): Object 'Object Repository/1. Constant/xpath' is visible

2022-06-09 18:18:46 - [MESSAGE][PASSED] - Object 'Object Repository/1. Constant/xpath' is visible

2022-06-09 18:18:46 - [TEST_STEP][PASSED] - verifyElementVisible(findTestObject("1. Constant/xpath", ["xpath":"/html/body/div[1]/div[2]/div[4]/div[3]/div/div[2]/div[2]/div[1]/table/tbody/tr[3]/td[4]/a"]), STOP_ON_FAILURE): Object 'Object Repository/1. Constant/xpath' is visible

2022-06-09 18:18:46 - [MESSAGE][PASSED] - Object 'Object Repository/1. Constant/xpath' is visible

2022-06-09 18:18:46 - [TEST_STEP][PASSED] - verifyElementVisible(findTestObject("1. Constant/xpath", ["xpath":"/html/body/div[1]/div[2]/div[4]/div[3]/div/div[2]/div[2]/div[1]/table/tbody/tr[4]/td[4]/a"]), STOP_ON_FAILURE): Object 'Object Repository/1. Constant/xpath' is visible

2022-06-09 18:18:47 - [MESSAGE][PASSED] - Object 'Object Repository/1. Constant/xpath' is visible

2022-06-09 18:18:47 - [TEST_STEP][PASSED] - color1 = getCSSValue(findTestObject("Object Repository/StarPack - Full Lifecycle (AWIS)/4.012 Supploer proceed to next phase (PS)", ["refID":"source_" + refID_TD]), "color", OPTIONAL): Get CSS 'color' value on 'Object Repository/StarPack - Full Lifecycle (AWIS)/4.012 Supploer proceed to next phase (PS)' successfully: 'rgba(255, 255, 255, 1)'.

2022-06-09 18:18:47 - [MESSAGE][PASSED] - Get CSS 'color' value on 'Object Repository/StarPack - Full Lifecycle (AWIS)/4.012 Supploer proceed to next phase (PS)' successfully: 'rgba(255, 255, 255, 1)'.

2022-06-09 18:18:47 - [TEST_STEP][PASSED] - while (color1 == "rgba(255, 255, 255, 1)"): null

2022-06-09 18:18:47 - [TEST_STEP][PASSED] - click(findTestObject("Object Repository/StarPack - Full Lifecycle (AWIS)/4.012 Supploer proceed to next phase (PS)", ["refID":"source_" + refID_TD])): Object: 'Object Repository/StarPack - Full Lifecycle (AWIS)/4.012 Supploer proceed to next phase (PS)' is clicked on

2022-06-09 18:18:49 - [MESSAGE][PASSED] - Object: 'Object Repository/StarPack - Full Lifecycle (AWIS)/4.012 Supploer proceed to next phase (PS)' is clicked on

2022-06-09 18:18:49 - [TEST_STEP][PASSED] - takeScreenshot(): Taking screenshot successfully

2022-06-09 18:18:49 - [MESSAGE][PASSED] - Taking screenshot successfully
[[ATTACHMENT|D:\\Projet Test Auto\\Mediabox Test Automation\\Reports\\20220609_181011\\03. Parallel Testing (Testing)\\TS -PT PART 3\\03. StarPack Full Lifecycle_SAS_Task\\20220609_181034\\1654791529621.png]]

2022-06-09 18:18:49 - [TEST_STEP][PASSED] - I.UploadDoc_sendkey_Prod(findTestObject("1. Constant/xpath", ["xpath":"//*[@id="kt_body"]/input[2]"]), "D:\Upoad_File\Upload doc\testdataaddition1.jpg", "testdataaddition1.jpg"): Delayed 5 second(s)

2022-06-09 18:18:50 - [MESSAGE][PASSED] - Scroll to object 'Object Repository/1. Constant/xpath' successfully

2022-06-09 18:18:55 - [MESSAGE][PASSED] - Delayed 5 second(s)

2022-06-09 18:18:55 - [MESSAGE][PASSED] - File 'D:\Upoad_File\Upload doc\testdataaddition1.jpg' sent to object: 'Object Repository/1. Constant/xpath'

2022-06-09 18:19:00 - [MESSAGE][PASSED] - Delayed 5 second(s)

2022-06-09 18:19:00 - [MESSAGE][PASSED] - Text 'testdataaddition1.jpg' is present on page 

2022-06-09 18:19:05 - [MESSAGE][PASSED] - Delayed 5 second(s)

2022-06-09 18:19:10 - [MESSAGE][PASSED] - Delayed 5 second(s)

2022-06-09 18:19:10 - [TEST_STEP][PASSED] - takeScreenshot(): Taking screenshot successfully

2022-06-09 18:19:11 - [MESSAGE][PASSED] - Taking screenshot successfully
[[ATTACHMENT|D:\\Projet Test Auto\\Mediabox Test Automation\\Reports\\20220609_181011\\03. Parallel Testing (Testing)\\TS -PT PART 3\\03. StarPack Full Lifecycle_SAS_Task\\20220609_181034\\1654791550918.png]]

2022-06-09 18:19:11 - [TEST_STEP][PASSED] - delay(10): Delayed 10 second(s)

2022-06-09 18:19:21 - [MESSAGE][PASSED] - Delayed 10 second(s)

2022-06-09 18:19:21 - [TEST_STEP][PASSED] - I.click_button_javascript(findTestObject("Object Repository/HL Full Lifecycle/12 ReferncePage_Button_Updatensenddoc")): Execute JavaScript 'arguments[0].click()' successfully

2022-06-09 18:19:29 - [MESSAGE][PASSED] - Execute JavaScript 'arguments[0].click()' successfully

2022-06-09 18:19:29 - [TEST_STEP][PASSED] - delay(5): Delayed 5 second(s)

2022-06-09 18:19:34 - [MESSAGE][PASSED] - Delayed 5 second(s)

2022-06-09 18:19:34 - [TEST_STEP][PASSED] - if (verifyElementPresent(findTestObject("Object Repository/StarPack - Full Lifecycle (AWIS)/4.012 Supploer proceed to next phase (PS)", ["refID":"source_" + refID_TD]), 10, OPTIONAL)): com.kms.katalon.core.webui.exception.WebElementNotFoundException: Web element with id: 'Object Repository/StarPack - Full Lifecycle (AWIS)/4.012 Supploer proceed to next phase (PS)' located by '//*[@id='source_6379']/td[9]/a[2]' not found (Root cause: com.kms.katalon.core.exception.StepFailedException: com.kms.katalon.core.webui.exception.WebElementNotFoundException: Web element with id: 'Object Repository/StarPack - Full Lifecycle (AWIS)/4.012 Supploer proceed to next phase (PS)' located by '//*[@id='source_6379']/td[9]/a[2]' not found
	at com.kms.katalon.core.webui.keyword.internal.WebUIKeywordMain.stepFailed(WebUIKeywordMain.groovy:64)
	at com.kms.katalon.core.webui.keyword.builtin.VerifyElementPresentKeyword$_verifyElementPresent_closure1.doCall(VerifyElementPresentKeyword.groovy:85)
	at com.kms.katalon.core.webui.keyword.builtin.VerifyElementPresentKeyword$_verifyElementPresent_closure1.call(VerifyElementPresentKeyword.groovy)
	at com.kms.katalon.core.webui.keyword.internal.WebUIKeywordMain.runKeyword(WebUIKeywordMain.groovy:20)
	at com.kms.katalon.core.webui.keyword.builtin.VerifyElementPresentKeyword.verifyElementPresent(VerifyElementPresentKeyword.groovy:92)
	at com.kms.katalon.core.webui.keyword.builtin.VerifyElementPresentKeyword.execute(VerifyElementPresentKeyword.groovy:68)
	at com.kms.katalon.core.keyword.internal.KeywordExecutor.executeKeywordForPlatform(KeywordExecutor.groovy:74)
	at com.kms.katalon.core.webui.keyword.WebUiBuiltInKeywords.verifyElementPresent(WebUiBuiltInKeywords.groovy:1448)
	at com.kms.katalon.core.webui.keyword.WebUiBuiltInKeywords$verifyElementPresent$18.call(Unknown Source)
	at 4.01 Star Pack Full Lifecycle - AWIS (Chrome)_ACreationDaughRef 15.03 P1.run(4.01 Star Pack Full Lifecycle - AWIS (Chrome)_ACreationDaughRef 15.03 P1:530)
	at com.kms.katalon.core.main.ScriptEngine.run(ScriptEngine.java:194)
	at com.kms.katalon.core.main.ScriptEngine.runScriptAsRawText(ScriptEngine.java:119)
	at com.kms.katalon.core.main.TestCaseExecutor.runScript(TestCaseExecutor.java:445)
	at com.kms.katalon.core.main.TestCaseExecutor.doExecute(TestCaseExecutor.java:436)
	at com.kms.katalon.core.main.TestCaseExecutor.processExecutionPhase(TestCaseExecutor.java:415)
	at com.kms.katalon.core.main.TestCaseExecutor.accessMainPhase(TestCaseExecutor.java:407)
	at com.kms.katalon.core.main.TestCaseExecutor.execute(TestCaseExecutor.java:284)
	at com.kms.katalon.core.common.CommonExecutor.accessTestCaseMainPhase(CommonExecutor.java:65)
	at com.kms.katalon.core.main.TestSuiteExecutor.accessTestSuiteMainPhase(TestSuiteExecutor.java:144)
	at com.kms.katalon.core.main.TestSuiteExecutor.execute(TestSuiteExecutor.java:106)
	at com.kms.katalon.core.main.TestCaseMain.startTestSuite(TestCaseMain.java:185)
	at com.kms.katalon.core.main.TestCaseMain$startTestSuite$0.call(Unknown Source)
	at TempTestSuite1654791034173.run(TempTestSuite1654791034173.groovy:36)
)

2022-06-09 18:19:46 - [MESSAGE][INFO] - Unable to find the element located by 'By.xpath: //*[@id='source_6379']/td[9]/a[2]'. Please recheck the objects properties to make sure the desired element is located. 

2022-06-09 18:19:46 - [MESSAGE][WARNING] - com.kms.katalon.core.webui.exception.WebElementNotFoundException: Web element with id: 'Object Repository/StarPack - Full Lifecycle (AWIS)/4.012 Supploer proceed to next phase (PS)' located by '//*[@id='source_6379']/td[9]/a[2]' not found (Root cause: com.kms.katalon.core.exception.StepFailedException: com.kms.katalon.core.webui.exception.WebElementNotFoundException: Web element with id: 'Object Repository/StarPack - Full Lifecycle (AWIS)/4.012 Supploer proceed to next phase (PS)' located by '//*[@id='source_6379']/td[9]/a[2]' not found
	at com.kms.katalon.core.webui.keyword.internal.WebUIKeywordMain.stepFailed(WebUIKeywordMain.groovy:64)
	at com.kms.katalon.core.webui.keyword.builtin.VerifyElementPresentKeyword$_verifyElementPresent_closure1.doCall(VerifyElementPresentKeyword.groovy:85)
	at com.kms.katalon.core.webui.keyword.builtin.VerifyElementPresentKeyword$_verifyElementPresent_closure1.call(VerifyElementPresentKeyword.groovy)
	at com.kms.katalon.core.webui.keyword.internal.WebUIKeywordMain.runKeyword(WebUIKeywordMain.groovy:20)
	at com.kms.katalon.core.webui.keyword.builtin.VerifyElementPresentKeyword.verifyElementPresent(VerifyElementPresentKeyword.groovy:92)
	at com.kms.katalon.core.webui.keyword.builtin.VerifyElementPresentKeyword.execute(VerifyElementPresentKeyword.groovy:68)
	at com.kms.katalon.core.keyword.internal.KeywordExecutor.executeKeywordForPlatform(KeywordExecutor.groovy:74)
	at com.kms.katalon.core.webui.keyword.WebUiBuiltInKeywords.verifyElementPresent(WebUiBuiltInKeywords.groovy:1448)
	at com.kms.katalon.core.webui.keyword.WebUiBuiltInKeywords$verifyElementPresent$18.call(Unknown Source)
	at 4.01 Star Pack Full Lifecycle - AWIS (Chrome)_ACreationDaughRef 15.03 P1.run(4.01 Star Pack Full Lifecycle - AWIS (Chrome)_ACreationDaughRef 15.03 P1:530)
	at com.kms.katalon.core.main.ScriptEngine.run(ScriptEngine.java:194)
	at com.kms.katalon.core.main.ScriptEngine.runScriptAsRawText(ScriptEngine.java:119)
	at com.kms.katalon.core.main.TestCaseExecutor.runScript(TestCaseExecutor.java:445)
	at com.kms.katalon.core.main.TestCaseExecutor.doExecute(TestCaseExecutor.java:436)
	at com.kms.katalon.core.main.TestCaseExecutor.processExecutionPhase(TestCaseExecutor.java:415)
	at com.kms.katalon.core.main.TestCaseExecutor.accessMainPhase(TestCaseExecutor.java:407)
	at com.kms.katalon.core.main.TestCaseExecutor.execute(TestCaseExecutor.java:284)
	at com.kms.katalon.core.common.CommonExecutor.accessTestCaseMainPhase(CommonExecutor.java:65)
	at com.kms.katalon.core.main.TestSuiteExecutor.accessTestSuiteMainPhase(TestSuiteExecutor.java:144)
	at com.kms.katalon.core.main.TestSuiteExecutor.execute(TestSuiteExecutor.java:106)
	at com.kms.katalon.core.main.TestCaseMain.startTestSuite(TestCaseMain.java:185)
	at com.kms.katalon.core.main.TestCaseMain$startTestSuite$0.call(Unknown Source)
	at TempTestSuite1654791034173.run(TempTestSuite1654791034173.groovy:36)
)
[[ATTACHMENT|D:\\Projet Test Auto\\Mediabox Test Automation\\Reports\\20220609_181011\\03. Parallel Testing (Testing)\\TS -PT PART 3\\03. StarPack Full Lifecycle_SAS_Task\\20220609_181034\\1654791586049.png]]

2022-06-09 18:19:46 - [TEST_STEP][PASSED] - else: null

2022-06-09 18:19:46 - [TEST_STEP][PASSED] - color1 = "white": null

2022-06-09 18:19:46 - [TEST_STEP][PASSED] - I.Logout(): Delayed 3 second(s)

2022-06-09 18:19:49 - [MESSAGE][PASSED] - Delayed 3 second(s)

2022-06-09 18:19:50 - [MESSAGE][PASSED] - Object: 'Object Repository/1. Constant/xpath' is clicked on

2022-06-09 18:19:53 - [MESSAGE][PASSED] - Delayed 3 second(s)

2022-06-09 18:19:55 - [MESSAGE][PASSED] - Object: 'Object Repository/1. Constant/xpath' is clicked on

2022-06-09 18:19:58 - [MESSAGE][PASSED] - Delayed 3 second(s)

2022-06-09 18:19:58 - [TEST_STEP][PASSED] - I.Login_password("agluszczynska", password_agluszczynska): Object: 'Object Repository/1. Constant/xpath' is clicked on

2022-06-09 18:19:58 - [MESSAGE][PASSED] - Text 'agluszczynska' is set on object 'Object Repository/1. Constant/xpath'

2022-06-09 18:19:59 - [MESSAGE][PASSED] - Delayed 1 second(s)

2022-06-09 18:20:00 - [MESSAGE][PASSED] - Text 'dchi3' is set on object 'Object Repository/1. Constant/xpath'

2022-06-09 18:20:01 - [MESSAGE][PASSED] - Delayed 1 second(s)

2022-06-09 18:20:04 - [MESSAGE][PASSED] - Object: 'Object Repository/1. Constant/xpath' is clicked on

2022-06-09 18:20:04 - [TEST_STEP][PASSED] - takeScreenshot(): Taking screenshot successfully

2022-06-09 18:20:05 - [MESSAGE][PASSED] - Taking screenshot successfully
[[ATTACHMENT|D:\\Projet Test Auto\\Mediabox Test Automation\\Reports\\20220609_181011\\03. Parallel Testing (Testing)\\TS -PT PART 3\\03. StarPack Full Lifecycle_SAS_Task\\20220609_181034\\1654791604884.png]]

2022-06-09 18:20:05 - [TEST_STEP][PASSED] - click(findTestObject("1. Constant/02_LHSMenu_Projects")): Object: 'Object Repository/1. Constant/02_LHSMenu_Projects' is clicked on

2022-06-09 18:20:07 - [MESSAGE][PASSED] - Object: 'Object Repository/1. Constant/02_LHSMenu_Projects' is clicked on

2022-06-09 18:20:07 - [TEST_STEP][PASSED] - I.SearchProjectNo(Project_No, findTestObject("HL Full Lifecycle/9 Filter_Button_Apply")): Delayed 5 second(s)

2022-06-09 18:20:08 - [MESSAGE][PASSED] - Text 'MI001271' is set on object 'Object Repository/1. Constant/xpath'

2022-06-09 18:20:11 - [MESSAGE][PASSED] - Delayed 3 second(s)

2022-06-09 18:20:14 - [MESSAGE][PASSED] - Object: 'Object Repository/HL Full Lifecycle/9 Filter_Button_Apply' is clicked on

2022-06-09 18:20:19 - [MESSAGE][PASSED] - Delayed 5 second(s)

2022-06-09 18:20:19 - [TEST_STEP][PASSED] - click(findTestObject("Object Repository/StarPack - Full Lifecycle (AWIS)/5.01 agency_2 RefPg_Prodbutton(Eye)", ["refID":"source_" + refID_TD])): Object: 'Object Repository/StarPack - Full Lifecycle (AWIS)/5.01 agency_2 RefPg_Prodbutton(Eye)' is clicked on

2022-06-09 18:20:28 - [MESSAGE][PASSED] - Object: 'Object Repository/StarPack - Full Lifecycle (AWIS)/5.01 agency_2 RefPg_Prodbutton(Eye)' is clicked on

2022-06-09 18:20:28 - [TEST_STEP][PASSED] - I.AWF_approve_view(): Object: 'Object Repository/HL Full Lifecycle/Function_Appbutton2' is clicked on

2022-06-09 18:20:28 - [MESSAGE][PASSED] - Wait for page load successfully

2022-06-09 18:20:38 - [MESSAGE][PASSED] - Delayed 10 second(s)

2022-06-09 18:20:39 - [MESSAGE][PASSED] - Object: 'Object Repository/HL Full Lifecycle/Function_access Viewer2' is hovered

2022-06-09 18:20:42 - [MESSAGE][PASSED] - Delayed 3 second(s)

2022-06-09 18:20:43 - [MESSAGE][PASSED] - Object: 'Object Repository/HL Full Lifecycle/Function_access Viewer2' is clicked on

2022-06-09 18:20:48 - [MESSAGE][PASSED] - Delayed 5 second(s)

2022-06-09 18:20:49 - [MESSAGE][PASSED] - Object: 'Object Repository/HL Full Lifecycle/Function_AppButton' is clicked on

2022-06-09 18:20:54 - [MESSAGE][PASSED] - Delayed 5 second(s)

2022-06-09 18:21:00 - [MESSAGE][PASSED] - Object: 'Object Repository/HL Full Lifecycle/Function_Appbutton2' is clicked on

2022-06-09 18:21:00 - [TEST_STEP][PASSED] - delay(1): Delayed 1 second(s)

2022-06-09 18:21:01 - [MESSAGE][PASSED] - Delayed 1 second(s)

2022-06-09 18:21:01 - [TEST_STEP][PASSED] - click(findTestObject("1. Constant/xpath", ["xpath":"//*[@id="source_" + refID_TD + ""]/td[9]/a"])): Object: 'Object Repository/1. Constant/xpath' is clicked on

2022-06-09 18:21:04 - [MESSAGE][PASSED] - Object: 'Object Repository/1. Constant/xpath' is clicked on

2022-06-09 18:21:04 - [TEST_STEP][PASSED] - I.VerifyMatchText("//*[@id="source_" + refID_TD + ""]/td[6]/span", "Complete"): Actual text 'Complete' and expected text 'Complete' are matched 

2022-06-09 18:21:05 - [MESSAGE][PASSED] - Text of object 'Object Repository/1. Constant/xpath' is: 'Complete'

2022-06-09 18:21:06 - [MESSAGE][PASSED] - Delayed 1 second(s)

2022-06-09 18:21:06 - [MESSAGE][PASSED] - Actual text 'Complete' and expected text 'Complete' are matched 

2022-06-09 18:21:06 - [TEST_STEP][PASSED] - takeScreenshot(): Taking screenshot successfully

2022-06-09 18:21:07 - [MESSAGE][PASSED] - Taking screenshot successfully
[[ATTACHMENT|D:\\Projet Test Auto\\Mediabox Test Automation\\Reports\\20220609_181011\\03. Parallel Testing (Testing)\\TS -PT PART 3\\03. StarPack Full Lifecycle_SAS_Task\\20220609_181034\\1654791666838.png]]

2022-06-09 18:21:07 - [TEST_STEP][PASSED] - click(findTestObject("Object Repository/StarPack - Full Lifecycle (AWIS)/5.02 Agency_2_refPg_questionbutton", ["ref_ID":"ancre_" + refID_TD])): Object: 'Object Repository/StarPack - Full Lifecycle (AWIS)/5.02 Agency_2_refPg_questionbutton' is clicked on

2022-06-09 18:21:07 - [MESSAGE][PASSED] - Object: 'Object Repository/StarPack - Full Lifecycle (AWIS)/5.02 Agency_2_refPg_questionbutton' is clicked on

2022-06-09 18:21:07 - [TEST_STEP][PASSED] - click(findTestObject("Object Repository/StarPack - Full Lifecycle (AWIS)/5.021 Agency_2_RefPg_question_approve", ["ref_ID":"ancre_" + refID_TD])): Object: 'Object Repository/StarPack - Full Lifecycle (AWIS)/5.021 Agency_2_RefPg_question_approve' is clicked on

2022-06-09 18:21:07 - [MESSAGE][PASSED] - Object: 'Object Repository/StarPack - Full Lifecycle (AWIS)/5.021 Agency_2_RefPg_question_approve' is clicked on

2022-06-09 18:21:07 - [TEST_STEP][PASSED] - delay(1): Delayed 1 second(s)

2022-06-09 18:21:08 - [MESSAGE][PASSED] - Delayed 1 second(s)

2022-06-09 18:21:08 - [TEST_STEP][PASSED] - takeScreenshot(): Taking screenshot successfully

2022-06-09 18:21:09 - [MESSAGE][PASSED] - Taking screenshot successfully
[[ATTACHMENT|D:\\Projet Test Auto\\Mediabox Test Automation\\Reports\\20220609_181011\\03. Parallel Testing (Testing)\\TS -PT PART 3\\03. StarPack Full Lifecycle_SAS_Task\\20220609_181034\\1654791668992.png]]

2022-06-09 18:21:09 - [TEST_STEP][PASSED] - click(findTestObject("1. Constant/xpath", ["xpath":"//*[@id="kt_body"]/div[9]/div/div/div[2]/button[2]"])): Object: 'Object Repository/1. Constant/xpath' is clicked on

2022-06-09 18:21:19 - [MESSAGE][PASSED] - Object: 'Object Repository/1. Constant/xpath' is clicked on

2022-06-09 18:21:19 - [TEST_STEP][PASSED] - delay(1): Delayed 1 second(s)

2022-06-09 18:21:20 - [MESSAGE][PASSED] - Delayed 1 second(s)

2022-06-09 18:21:20 - [TEST_STEP][PASSED] - click(findTestObject("Object Repository/StarPack - Full Lifecycle (AWIS)/5.03 id_refID_a", ["refID":"ancre_" + refID_TD])): Object: 'Object Repository/StarPack - Full Lifecycle (AWIS)/5.03 id_refID_a' is clicked on

2022-06-09 18:21:24 - [MESSAGE][PASSED] - Object: 'Object Repository/StarPack - Full Lifecycle (AWIS)/5.03 id_refID_a' is clicked on

2022-06-09 18:21:24 - [TEST_STEP][PASSED] - I.VerifyMatchText("//*[@id="source_" + refID_PTS + ""]/td[6]/span", "Complete"): Actual text 'Complete' and expected text 'Complete' are matched 

2022-06-09 18:21:25 - [MESSAGE][PASSED] - Text of object 'Object Repository/1. Constant/xpath' is: 'Complete'

2022-06-09 18:21:26 - [MESSAGE][PASSED] - Delayed 1 second(s)

2022-06-09 18:21:26 - [MESSAGE][PASSED] - Actual text 'Complete' and expected text 'Complete' are matched 

2022-06-09 18:21:26 - [TEST_STEP][PASSED] - takeScreenshot(): Taking screenshot successfully

2022-06-09 18:21:27 - [MESSAGE][PASSED] - Taking screenshot successfully
[[ATTACHMENT|D:\\Projet Test Auto\\Mediabox Test Automation\\Reports\\20220609_181011\\03. Parallel Testing (Testing)\\TS -PT PART 3\\03. StarPack Full Lifecycle_SAS_Task\\20220609_181034\\1654791686938.png]]

2022-06-09 18:21:27 - [TEST_STEP][PASSED] - click(findTestObject("1. Constant/xpath", ["xpath":"//*[@id="source_" + refID_PS + ""]/td[9]/a"])): Object: 'Object Repository/1. Constant/xpath' is clicked on

2022-06-09 18:21:33 - [MESSAGE][PASSED] - Object: 'Object Repository/1. Constant/xpath' is clicked on

2022-06-09 18:21:33 - [TEST_STEP][PASSED] - I.VerifyMatchText("//*[@id="source_" + refID + ""]/td[6]/span[2]", "Wait for PTS/Sample/Tech drawing"): Actual text 'Wait for PTS/Sample/Tech drawing' and expected text 'Wait for PTS/Sample/Tech drawing' are matched 

2022-06-09 18:21:33 - [MESSAGE][PASSED] - Text of object 'Object Repository/1. Constant/xpath' is: 'Wait for PTS/Sample/Tech drawing'

2022-06-09 18:21:34 - [MESSAGE][PASSED] - Delayed 1 second(s)

2022-06-09 18:21:34 - [MESSAGE][PASSED] - Actual text 'Wait for PTS/Sample/Tech drawing' and expected text 'Wait for PTS/Sample/Tech drawing' are matched 

2022-06-09 18:21:34 - [TEST_STEP][PASSED] - click(findTestObject("Object Repository/StarPack - Full Lifecycle (AWIS)/5.04 Agency1 id_refID_td9_a2", ["refID":"source_" + refID_PS])): Object: 'Object Repository/StarPack - Full Lifecycle (AWIS)/5.04 Agency1 id_refID_td9_a2' is clicked on

2022-06-09 18:21:36 - [MESSAGE][PASSED] - Object: 'Object Repository/StarPack - Full Lifecycle (AWIS)/5.04 Agency1 id_refID_td9_a2' is clicked on

2022-06-09 18:21:36 - [TEST_STEP][PASSED] - I.UploadDoc_sendkey_field("//*[@id="var_47"]", "D:\Upoad_File\Upload doc\testdata1.pdf", "testdata1"): Text 'testdata1' is present on page 

2022-06-09 18:21:38 - [MESSAGE][PASSED] - Delayed 2 second(s)

2022-06-09 18:21:38 - [MESSAGE][PASSED] - Keys 'D:\Upoad_File\Upload doc\testdata1.pdf' sent to object: 'Object Repository/1. Constant/xpath'

2022-06-09 18:21:39 - [MESSAGE][PASSED] - Text 'testdata1' is present on page 

2022-06-09 18:21:39 - [TEST_STEP][PASSED] - click(findTestObject("1. Constant/xpath", ["xpath":"//*[@id="ModifFiche"]/div[3]/div/button[2]"])): Object: 'Object Repository/1. Constant/xpath' is clicked on

2022-06-09 18:21:45 - [MESSAGE][PASSED] - Object: 'Object Repository/1. Constant/xpath' is clicked on

2022-06-09 18:21:45 - [TEST_STEP][PASSED] - I.VerifyMatchText("//*[@id="source_" + refID + ""]/td[6]/span[2]", "PAF"): Actual text 'PAF' and expected text 'PAF' are matched 

2022-06-09 18:21:48 - [MESSAGE][PASSED] - Text of object 'Object Repository/1. Constant/xpath' is: 'PAF'

2022-06-09 18:21:49 - [MESSAGE][PASSED] - Delayed 1 second(s)

2022-06-09 18:21:49 - [MESSAGE][PASSED] - Actual text 'PAF' and expected text 'PAF' are matched 

2022-06-09 18:21:49 - [TEST_STEP][PASSED] - color2 = getCSSValue(findTestObject("Object Repository/StarPack - Full Lifecycle (AWIS)/5.06 Agency1 id_refID_a", ["refID":"ancre_" + refID_PS]), "color", OPTIONAL): Get CSS 'color' value on 'Object Repository/StarPack - Full Lifecycle (AWIS)/5.06 Agency1 id_refID_a' successfully: 'rgba(255, 255, 255, 1)'.

2022-06-09 18:21:49 - [MESSAGE][PASSED] - Get CSS 'color' value on 'Object Repository/StarPack - Full Lifecycle (AWIS)/5.06 Agency1 id_refID_a' successfully: 'rgba(255, 255, 255, 1)'.

2022-06-09 18:21:49 - [TEST_STEP][PASSED] - while (color2 == "rgba(255, 255, 255, 1)"): null

2022-06-09 18:21:49 - [TEST_STEP][PASSED] - click(findTestObject("Object Repository/StarPack - Full Lifecycle (AWIS)/5.06 Agency1 id_refID_a", ["refID":"ancre_" + refID_PS])): Object: 'Object Repository/StarPack - Full Lifecycle (AWIS)/5.06 Agency1 id_refID_a' is clicked on

2022-06-09 18:21:52 - [MESSAGE][PASSED] - Object: 'Object Repository/StarPack - Full Lifecycle (AWIS)/5.06 Agency1 id_refID_a' is clicked on

2022-06-09 18:21:52 - [TEST_STEP][PASSED] - takeScreenshot(): Taking screenshot successfully

2022-06-09 18:21:54 - [MESSAGE][PASSED] - Taking screenshot successfully
[[ATTACHMENT|D:\\Projet Test Auto\\Mediabox Test Automation\\Reports\\20220609_181011\\03. Parallel Testing (Testing)\\TS -PT PART 3\\03. StarPack Full Lifecycle_SAS_Task\\20220609_181034\\1654791713354.png]]

2022-06-09 18:21:54 - [TEST_STEP][PASSED] - I.UploadDoc_sendkey_Prod(findTestObject("1. Constant/xpath", ["xpath":"//*[@id="kt_body"]/input[2]"]), "D:\Upoad_File\Upload doc\testdataaddition1.jpg", "testdataaddition1.jpg"): Delayed 5 second(s)

2022-06-09 18:21:54 - [MESSAGE][PASSED] - Scroll to object 'Object Repository/1. Constant/xpath' successfully

2022-06-09 18:21:59 - [MESSAGE][PASSED] - Delayed 5 second(s)

2022-06-09 18:22:00 - [MESSAGE][PASSED] - File 'D:\Upoad_File\Upload doc\testdataaddition1.jpg' sent to object: 'Object Repository/1. Constant/xpath'

2022-06-09 18:22:05 - [MESSAGE][PASSED] - Delayed 5 second(s)

2022-06-09 18:22:05 - [MESSAGE][PASSED] - Text 'testdataaddition1.jpg' is present on page 

2022-06-09 18:22:10 - [MESSAGE][PASSED] - Delayed 5 second(s)

2022-06-09 18:22:15 - [MESSAGE][PASSED] - Delayed 5 second(s)

2022-06-09 18:22:15 - [TEST_STEP][PASSED] - takeScreenshot(): Taking screenshot successfully

2022-06-09 18:22:16 - [MESSAGE][PASSED] - Taking screenshot successfully
[[ATTACHMENT|D:\\Projet Test Auto\\Mediabox Test Automation\\Reports\\20220609_181011\\03. Parallel Testing (Testing)\\TS -PT PART 3\\03. StarPack Full Lifecycle_SAS_Task\\20220609_181034\\1654791735794.png]]

2022-06-09 18:22:16 - [TEST_STEP][PASSED] - delay(10): Delayed 10 second(s)

2022-06-09 18:22:26 - [MESSAGE][PASSED] - Delayed 10 second(s)

2022-06-09 18:22:26 - [TEST_STEP][PASSED] - click(findTestObject("1. Constant/xpath", ["xpath":"//*[@id="ModifFiche"]/div[1]/div/button"])): Object: 'Object Repository/1. Constant/xpath' is clicked on

2022-06-09 18:22:33 - [MESSAGE][PASSED] - Object: 'Object Repository/1. Constant/xpath' is clicked on

2022-06-09 18:22:33 - [TEST_STEP][PASSED] - delay(5): Delayed 5 second(s)

2022-06-09 18:22:38 - [MESSAGE][PASSED] - Delayed 5 second(s)

2022-06-09 18:22:38 - [TEST_STEP][PASSED] - if (verifyElementPresent(findTestObject("Object Repository/StarPack - Full Lifecycle (AWIS)/4.012 Supploer proceed to next phase (PS)", ["refID":"source_" + refID_TD]), 10, OPTIONAL)): com.kms.katalon.core.webui.exception.WebElementNotFoundException: Web element with id: 'Object Repository/StarPack - Full Lifecycle (AWIS)/4.012 Supploer proceed to next phase (PS)' located by '//*[@id='source_6379']/td[9]/a[2]' not found (Root cause: com.kms.katalon.core.exception.StepFailedException: com.kms.katalon.core.webui.exception.WebElementNotFoundException: Web element with id: 'Object Repository/StarPack - Full Lifecycle (AWIS)/4.012 Supploer proceed to next phase (PS)' located by '//*[@id='source_6379']/td[9]/a[2]' not found
	at com.kms.katalon.core.webui.keyword.internal.WebUIKeywordMain.stepFailed(WebUIKeywordMain.groovy:64)
	at com.kms.katalon.core.webui.keyword.builtin.VerifyElementPresentKeyword$_verifyElementPresent_closure1.doCall(VerifyElementPresentKeyword.groovy:85)
	at com.kms.katalon.core.webui.keyword.builtin.VerifyElementPresentKeyword$_verifyElementPresent_closure1.call(VerifyElementPresentKeyword.groovy)
	at com.kms.katalon.core.webui.keyword.internal.WebUIKeywordMain.runKeyword(WebUIKeywordMain.groovy:20)
	at com.kms.katalon.core.webui.keyword.builtin.VerifyElementPresentKeyword.verifyElementPresent(VerifyElementPresentKeyword.groovy:92)
	at com.kms.katalon.core.webui.keyword.builtin.VerifyElementPresentKeyword.execute(VerifyElementPresentKeyword.groovy:68)
	at com.kms.katalon.core.keyword.internal.KeywordExecutor.executeKeywordForPlatform(KeywordExecutor.groovy:74)
	at com.kms.katalon.core.webui.keyword.WebUiBuiltInKeywords.verifyElementPresent(WebUiBuiltInKeywords.groovy:1448)
	at com.kms.katalon.core.webui.keyword.WebUiBuiltInKeywords$verifyElementPresent$18.call(Unknown Source)
	at 4.01 Star Pack Full Lifecycle - AWIS (Chrome)_ACreationDaughRef 15.03 P1.run(4.01 Star Pack Full Lifecycle - AWIS (Chrome)_ACreationDaughRef 15.03 P1:650)
	at com.kms.katalon.core.main.ScriptEngine.run(ScriptEngine.java:194)
	at com.kms.katalon.core.main.ScriptEngine.runScriptAsRawText(ScriptEngine.java:119)
	at com.kms.katalon.core.main.TestCaseExecutor.runScript(TestCaseExecutor.java:445)
	at com.kms.katalon.core.main.TestCaseExecutor.doExecute(TestCaseExecutor.java:436)
	at com.kms.katalon.core.main.TestCaseExecutor.processExecutionPhase(TestCaseExecutor.java:415)
	at com.kms.katalon.core.main.TestCaseExecutor.accessMainPhase(TestCaseExecutor.java:407)
	at com.kms.katalon.core.main.TestCaseExecutor.execute(TestCaseExecutor.java:284)
	at com.kms.katalon.core.common.CommonExecutor.accessTestCaseMainPhase(CommonExecutor.java:65)
	at com.kms.katalon.core.main.TestSuiteExecutor.accessTestSuiteMainPhase(TestSuiteExecutor.java:144)
	at com.kms.katalon.core.main.TestSuiteExecutor.execute(TestSuiteExecutor.java:106)
	at com.kms.katalon.core.main.TestCaseMain.startTestSuite(TestCaseMain.java:185)
	at com.kms.katalon.core.main.TestCaseMain$startTestSuite$0.call(Unknown Source)
	at TempTestSuite1654791034173.run(TempTestSuite1654791034173.groovy:36)
)

2022-06-09 18:22:50 - [MESSAGE][INFO] - Unable to find the element located by 'By.xpath: //*[@id='source_6379']/td[9]/a[2]'. Please recheck the objects properties to make sure the desired element is located. 

2022-06-09 18:22:51 - [MESSAGE][WARNING] - com.kms.katalon.core.webui.exception.WebElementNotFoundException: Web element with id: 'Object Repository/StarPack - Full Lifecycle (AWIS)/4.012 Supploer proceed to next phase (PS)' located by '//*[@id='source_6379']/td[9]/a[2]' not found (Root cause: com.kms.katalon.core.exception.StepFailedException: com.kms.katalon.core.webui.exception.WebElementNotFoundException: Web element with id: 'Object Repository/StarPack - Full Lifecycle (AWIS)/4.012 Supploer proceed to next phase (PS)' located by '//*[@id='source_6379']/td[9]/a[2]' not found
	at com.kms.katalon.core.webui.keyword.internal.WebUIKeywordMain.stepFailed(WebUIKeywordMain.groovy:64)
	at com.kms.katalon.core.webui.keyword.builtin.VerifyElementPresentKeyword$_verifyElementPresent_closure1.doCall(VerifyElementPresentKeyword.groovy:85)
	at com.kms.katalon.core.webui.keyword.builtin.VerifyElementPresentKeyword$_verifyElementPresent_closure1.call(VerifyElementPresentKeyword.groovy)
	at com.kms.katalon.core.webui.keyword.internal.WebUIKeywordMain.runKeyword(WebUIKeywordMain.groovy:20)
	at com.kms.katalon.core.webui.keyword.builtin.VerifyElementPresentKeyword.verifyElementPresent(VerifyElementPresentKeyword.groovy:92)
	at com.kms.katalon.core.webui.keyword.builtin.VerifyElementPresentKeyword.execute(VerifyElementPresentKeyword.groovy:68)
	at com.kms.katalon.core.keyword.internal.KeywordExecutor.executeKeywordForPlatform(KeywordExecutor.groovy:74)
	at com.kms.katalon.core.webui.keyword.WebUiBuiltInKeywords.verifyElementPresent(WebUiBuiltInKeywords.groovy:1448)
	at com.kms.katalon.core.webui.keyword.WebUiBuiltInKeywords$verifyElementPresent$18.call(Unknown Source)
	at 4.01 Star Pack Full Lifecycle - AWIS (Chrome)_ACreationDaughRef 15.03 P1.run(4.01 Star Pack Full Lifecycle - AWIS (Chrome)_ACreationDaughRef 15.03 P1:650)
	at com.kms.katalon.core.main.ScriptEngine.run(ScriptEngine.java:194)
	at com.kms.katalon.core.main.ScriptEngine.runScriptAsRawText(ScriptEngine.java:119)
	at com.kms.katalon.core.main.TestCaseExecutor.runScript(TestCaseExecutor.java:445)
	at com.kms.katalon.core.main.TestCaseExecutor.doExecute(TestCaseExecutor.java:436)
	at com.kms.katalon.core.main.TestCaseExecutor.processExecutionPhase(TestCaseExecutor.java:415)
	at com.kms.katalon.core.main.TestCaseExecutor.accessMainPhase(TestCaseExecutor.java:407)
	at com.kms.katalon.core.main.TestCaseExecutor.execute(TestCaseExecutor.java:284)
	at com.kms.katalon.core.common.CommonExecutor.accessTestCaseMainPhase(CommonExecutor.java:65)
	at com.kms.katalon.core.main.TestSuiteExecutor.accessTestSuiteMainPhase(TestSuiteExecutor.java:144)
	at com.kms.katalon.core.main.TestSuiteExecutor.execute(TestSuiteExecutor.java:106)
	at com.kms.katalon.core.main.TestCaseMain.startTestSuite(TestCaseMain.java:185)
	at com.kms.katalon.core.main.TestCaseMain$startTestSuite$0.call(Unknown Source)
	at TempTestSuite1654791034173.run(TempTestSuite1654791034173.groovy:36)
)
[[ATTACHMENT|D:\\Projet Test Auto\\Mediabox Test Automation\\Reports\\20220609_181011\\03. Parallel Testing (Testing)\\TS -PT PART 3\\03. StarPack Full Lifecycle_SAS_Task\\20220609_181034\\1654791770216.png]]

2022-06-09 18:22:51 - [TEST_STEP][PASSED] - else: null

2022-06-09 18:22:51 - [TEST_STEP][PASSED] - color2 = "white": null

2022-06-09 18:22:51 - [TEST_STEP][PASSED] - I.Logout(): Delayed 3 second(s)

2022-06-09 18:22:54 - [MESSAGE][PASSED] - Delayed 3 second(s)

2022-06-09 18:22:55 - [MESSAGE][PASSED] - Object: 'Object Repository/1. Constant/xpath' is clicked on

2022-06-09 18:22:58 - [MESSAGE][PASSED] - Delayed 3 second(s)

2022-06-09 18:23:00 - [MESSAGE][PASSED] - Object: 'Object Repository/1. Constant/xpath' is clicked on

2022-06-09 18:23:03 - [MESSAGE][PASSED] - Delayed 3 second(s)

2022-06-09 18:23:03 - [TEST_STEP][PASSED] - I.Login_password("aterreshernandez", password_aterreshernandez): Object: 'Object Repository/1. Constant/xpath' is clicked on

2022-06-09 18:23:04 - [MESSAGE][PASSED] - Text 'aterreshernandez' is set on object 'Object Repository/1. Constant/xpath'

2022-06-09 18:23:05 - [MESSAGE][PASSED] - Delayed 1 second(s)

2022-06-09 18:23:06 - [MESSAGE][PASSED] - Text 'dchi' is set on object 'Object Repository/1. Constant/xpath'

2022-06-09 18:23:07 - [MESSAGE][PASSED] - Delayed 1 second(s)

2022-06-09 18:23:13 - [MESSAGE][PASSED] - Object: 'Object Repository/1. Constant/xpath' is clicked on

2022-06-09 18:23:13 - [TEST_STEP][PASSED] - takeScreenshot(): Taking screenshot successfully

2022-06-09 18:23:14 - [MESSAGE][PASSED] - Taking screenshot successfully
[[ATTACHMENT|D:\\Projet Test Auto\\Mediabox Test Automation\\Reports\\20220609_181011\\03. Parallel Testing (Testing)\\TS -PT PART 3\\03. StarPack Full Lifecycle_SAS_Task\\20220609_181034\\1654791794084.png]]

2022-06-09 18:23:14 - [TEST_STEP][PASSED] - click(findTestObject("1. Constant/02_LHSMenu_Projects")): Object: 'Object Repository/1. Constant/02_LHSMenu_Projects' is clicked on

2022-06-09 18:23:17 - [MESSAGE][PASSED] - Object: 'Object Repository/1. Constant/02_LHSMenu_Projects' is clicked on

2022-06-09 18:23:17 - [TEST_STEP][PASSED] - I.SearchProjectNo(Project_No, findTestObject("1. Constant/xpath", ["xpath":"//*[@id="form_filters"]/div[7]/button"])): Delayed 5 second(s)

2022-06-09 18:23:18 - [MESSAGE][PASSED] - Text 'MI001271' is set on object 'Object Repository/1. Constant/xpath'

2022-06-09 18:23:21 - [MESSAGE][PASSED] - Delayed 3 second(s)

2022-06-09 18:23:25 - [MESSAGE][PASSED] - Object: 'Object Repository/1. Constant/xpath' is clicked on

2022-06-09 18:23:30 - [MESSAGE][PASSED] - Delayed 5 second(s)

2022-06-09 18:23:30 - [TEST_STEP][PASSED] - click(findTestObject("1. Constant/xpath", ["xpath":"//*[@id="ancre_" + refID_PS + ""]/a[2]"])): Object: 'Object Repository/1. Constant/xpath' is clicked on

2022-06-09 18:23:33 - [MESSAGE][PASSED] - Object: 'Object Repository/1. Constant/xpath' is clicked on

2022-06-09 18:23:33 - [TEST_STEP][PASSED] - I.AWF_approve_view(): Object: 'Object Repository/HL Full Lifecycle/Function_Appbutton2' is clicked on

2022-06-09 18:23:34 - [MESSAGE][PASSED] - Wait for page load successfully

2022-06-09 18:23:44 - [MESSAGE][PASSED] - Delayed 10 second(s)

2022-06-09 18:23:45 - [MESSAGE][PASSED] - Object: 'Object Repository/HL Full Lifecycle/Function_access Viewer2' is hovered

2022-06-09 18:23:49 - [MESSAGE][PASSED] - Delayed 3 second(s)

2022-06-09 18:23:50 - [MESSAGE][PASSED] - Object: 'Object Repository/HL Full Lifecycle/Function_access Viewer2' is clicked on

2022-06-09 18:23:55 - [MESSAGE][PASSED] - Delayed 5 second(s)

2022-06-09 18:23:56 - [MESSAGE][PASSED] - Object: 'Object Repository/HL Full Lifecycle/Function_AppButton' is clicked on

2022-06-09 18:24:01 - [MESSAGE][PASSED] - Delayed 5 second(s)

2022-06-09 18:24:05 - [MESSAGE][PASSED] - Object: 'Object Repository/HL Full Lifecycle/Function_Appbutton2' is clicked on

2022-06-09 18:24:05 - [TEST_STEP][PASSED] - I.Logout(): Delayed 3 second(s)

2022-06-09 18:24:08 - [MESSAGE][PASSED] - Delayed 3 second(s)

2022-06-09 18:24:08 - [MESSAGE][PASSED] - Object: 'Object Repository/1. Constant/xpath' is clicked on

2022-06-09 18:24:11 - [MESSAGE][PASSED] - Delayed 3 second(s)

2022-06-09 18:24:13 - [MESSAGE][PASSED] - Object: 'Object Repository/1. Constant/xpath' is clicked on

2022-06-09 18:24:16 - [MESSAGE][PASSED] - Delayed 3 second(s)

2022-06-09 18:24:16 - [TEST_STEP][PASSED] - I.Login_password("suser", password_suser): Object: 'Object Repository/1. Constant/xpath' is clicked on

2022-06-09 18:24:17 - [MESSAGE][PASSED] - Text 'suser' is set on object 'Object Repository/1. Constant/xpath'

2022-06-09 18:24:18 - [MESSAGE][PASSED] - Delayed 1 second(s)

2022-06-09 18:24:19 - [MESSAGE][PASSED] - Text 'dchi2' is set on object 'Object Repository/1. Constant/xpath'

2022-06-09 18:24:20 - [MESSAGE][PASSED] - Delayed 1 second(s)

2022-06-09 18:24:24 - [MESSAGE][PASSED] - Object: 'Object Repository/1. Constant/xpath' is clicked on

2022-06-09 18:24:24 - [TEST_STEP][PASSED] - takeScreenshot(): Taking screenshot successfully

2022-06-09 18:24:24 - [MESSAGE][PASSED] - Taking screenshot successfully
[[ATTACHMENT|D:\\Projet Test Auto\\Mediabox Test Automation\\Reports\\20220609_181011\\03. Parallel Testing (Testing)\\TS -PT PART 3\\03. StarPack Full Lifecycle_SAS_Task\\20220609_181034\\1654791864338.png]]

2022-06-09 18:24:24 - [TEST_STEP][PASSED] - click(findTestObject("1. Constant/02_LHSMenu_Projects")): Object: 'Object Repository/1. Constant/02_LHSMenu_Projects' is clicked on

2022-06-09 18:24:28 - [MESSAGE][PASSED] - Object: 'Object Repository/1. Constant/02_LHSMenu_Projects' is clicked on

2022-06-09 18:24:28 - [TEST_STEP][PASSED] - I.SearchProjectNo(Project_No, findTestObject("HL Full Lifecycle/9 Filter_Button_Apply")): Delayed 5 second(s)

2022-06-09 18:24:29 - [MESSAGE][PASSED] - Text 'MI001271' is set on object 'Object Repository/1. Constant/xpath'

2022-06-09 18:24:32 - [MESSAGE][PASSED] - Delayed 3 second(s)

2022-06-09 18:24:35 - [MESSAGE][PASSED] - Object: 'Object Repository/HL Full Lifecycle/9 Filter_Button_Apply' is clicked on

2022-06-09 18:24:40 - [MESSAGE][PASSED] - Delayed 5 second(s)

2022-06-09 18:24:40 - [TEST_STEP][PASSED] - click(findTestObject("Object Repository/StarPack - Full Lifecycle (AWIS)/6.02 suser id_source_refID__td4_a1", ["refID":"source_" + refID])): Object: 'Object Repository/StarPack - Full Lifecycle (AWIS)/6.02 suser id_source_refID__td4_a1' is clicked on

2022-06-09 18:24:44 - [MESSAGE][PASSED] - Object: 'Object Repository/StarPack - Full Lifecycle (AWIS)/6.02 suser id_source_refID__td4_a1' is clicked on

2022-06-09 18:24:44 - [TEST_STEP][PASSED] - I.Approvepermanentlyforothers("//*[@id="level_apl_1"]/div[2]/div[4]/div/div", "//*[@id="level_apl_1"]/div[2]/div[4]/div/div/div[6]/a[2]/span"): Object: 'Object Repository/1. Constant/xpath' is clicked on

2022-06-09 18:24:46 - [MESSAGE][PASSED] - Object: 'Object Repository/1. Constant/xpath' is clicked on

2022-06-09 18:24:47 - [MESSAGE][PASSED] - Delayed 1 second(s)

2022-06-09 18:24:47 - [MESSAGE][PASSED] - Object: 'Object Repository/1. Constant/xpath' is clicked on

2022-06-09 18:24:48 - [MESSAGE][PASSED] - Delayed 1 second(s)

2022-06-09 18:24:49 - [MESSAGE][PASSED] - Object: 'Object Repository/1. Constant/xpath' is hovered

2022-06-09 18:24:49 - [MESSAGE][PASSED] - Object: 'Object Repository/1. Constant/xpath' is clicked on

2022-06-09 18:24:50 - [MESSAGE][PASSED] - Delayed 1 second(s)

2022-06-09 18:24:55 - [MESSAGE][PASSED] - Object: 'Object Repository/1. Constant/xpath' is clicked on

2022-06-09 18:24:55 - [TEST_STEP][PASSED] - delay(1): Delayed 1 second(s)

2022-06-09 18:24:56 - [MESSAGE][PASSED] - Delayed 1 second(s)

2022-06-09 18:24:56 - [TEST_STEP][PASSED] - I.Approveforothers("//*[@id="level_apl_1"]/div[2]/div[2]/div/div/div[1]/img", "//*[@id="level_apl_1"]/div[2]/div[2]/div/div/div[6]/a[2]/span"): Object: 'Object Repository/1. Constant/xpath' is clicked on

2022-06-09 18:24:56 - [MESSAGE][PASSED] - Object: 'Object Repository/1. Constant/xpath' is clicked on

2022-06-09 18:24:57 - [MESSAGE][PASSED] - Delayed 1 second(s)

2022-06-09 18:24:58 - [MESSAGE][PASSED] - Object: 'Object Repository/1. Constant/xpath' is clicked on

2022-06-09 18:24:59 - [MESSAGE][PASSED] - Delayed 1 second(s)

2022-06-09 18:24:59 - [MESSAGE][PASSED] - Object: 'Object Repository/1. Constant/xpath' is hovered

2022-06-09 18:25:00 - [MESSAGE][PASSED] - Object: 'Object Repository/1. Constant/xpath' is clicked on

2022-06-09 18:25:01 - [MESSAGE][PASSED] - Delayed 1 second(s)

2022-06-09 18:25:11 - [MESSAGE][PASSED] - Object: 'Object Repository/1. Constant/xpath' is clicked on

2022-06-09 18:25:11 - [TEST_STEP][PASSED] - delay(1): Delayed 1 second(s)

2022-06-09 18:25:12 - [MESSAGE][PASSED] - Delayed 1 second(s)

2022-06-09 18:25:12 - [TEST_STEP][PASSED] - I.Approveforothers("//*[@id="level_apl_2"]/div[2]/div[2]/div/div", "//*[@id="level_apl_2"]/div[2]/div[2]/div/div/div[6]/a[2]/span"): Object: 'Object Repository/1. Constant/xpath' is clicked on

2022-06-09 18:25:14 - [MESSAGE][PASSED] - Object: 'Object Repository/1. Constant/xpath' is clicked on

2022-06-09 18:25:15 - [MESSAGE][PASSED] - Delayed 1 second(s)

2022-06-09 18:25:16 - [MESSAGE][PASSED] - Object: 'Object Repository/1. Constant/xpath' is clicked on

2022-06-09 18:25:17 - [MESSAGE][PASSED] - Delayed 1 second(s)

2022-06-09 18:25:18 - [MESSAGE][PASSED] - Object: 'Object Repository/1. Constant/xpath' is hovered

2022-06-09 18:25:19 - [MESSAGE][PASSED] - Object: 'Object Repository/1. Constant/xpath' is clicked on

2022-06-09 18:25:20 - [MESSAGE][PASSED] - Delayed 1 second(s)

2022-06-09 18:25:28 - [MESSAGE][PASSED] - Object: 'Object Repository/1. Constant/xpath' is clicked on

2022-06-09 18:25:28 - [TEST_STEP][PASSED] - delay(1): Delayed 1 second(s)

2022-06-09 18:25:29 - [MESSAGE][PASSED] - Delayed 1 second(s)

2022-06-09 18:25:29 - [TEST_STEP][PASSED] - I.Logout(): Delayed 3 second(s)

2022-06-09 18:25:32 - [MESSAGE][PASSED] - Delayed 3 second(s)

2022-06-09 18:25:32 - [MESSAGE][PASSED] - Object: 'Object Repository/1. Constant/xpath' is clicked on

2022-06-09 18:25:35 - [MESSAGE][PASSED] - Delayed 3 second(s)

2022-06-09 18:25:39 - [MESSAGE][PASSED] - Object: 'Object Repository/1. Constant/xpath' is clicked on

2022-06-09 18:25:42 - [MESSAGE][PASSED] - Delayed 3 second(s)

2022-06-09 18:25:42 - [TEST_STEP][PASSED] - I.Login_password("agluszczynska", password_agluszczynska): Object: 'Object Repository/1. Constant/xpath' is clicked on

2022-06-09 18:25:43 - [MESSAGE][PASSED] - Text 'agluszczynska' is set on object 'Object Repository/1. Constant/xpath'

2022-06-09 18:25:44 - [MESSAGE][PASSED] - Delayed 1 second(s)

2022-06-09 18:25:44 - [MESSAGE][PASSED] - Text 'dchi3' is set on object 'Object Repository/1. Constant/xpath'

2022-06-09 18:25:45 - [MESSAGE][PASSED] - Delayed 1 second(s)

2022-06-09 18:25:48 - [MESSAGE][PASSED] - Object: 'Object Repository/1. Constant/xpath' is clicked on

2022-06-09 18:25:48 - [TEST_STEP][PASSED] - takeScreenshot(): Taking screenshot successfully

2022-06-09 18:25:48 - [MESSAGE][PASSED] - Taking screenshot successfully
[[ATTACHMENT|D:\\Projet Test Auto\\Mediabox Test Automation\\Reports\\20220609_181011\\03. Parallel Testing (Testing)\\TS -PT PART 3\\03. StarPack Full Lifecycle_SAS_Task\\20220609_181034\\1654791948658.png]]

2022-06-09 18:25:48 - [TEST_STEP][PASSED] - click(findTestObject("1. Constant/02_LHSMenu_Projects")): Object: 'Object Repository/1. Constant/02_LHSMenu_Projects' is clicked on

2022-06-09 18:25:50 - [MESSAGE][PASSED] - Object: 'Object Repository/1. Constant/02_LHSMenu_Projects' is clicked on

2022-06-09 18:25:50 - [TEST_STEP][PASSED] - I.SearchProjectNo(Project_No, findTestObject("HL Full Lifecycle/9 Filter_Button_Apply")): Delayed 5 second(s)

2022-06-09 18:25:51 - [MESSAGE][PASSED] - Text 'MI001271' is set on object 'Object Repository/1. Constant/xpath'

2022-06-09 18:25:54 - [MESSAGE][PASSED] - Delayed 3 second(s)

2022-06-09 18:25:56 - [MESSAGE][PASSED] - Object: 'Object Repository/HL Full Lifecycle/9 Filter_Button_Apply' is clicked on

2022-06-09 18:26:01 - [MESSAGE][PASSED] - Delayed 5 second(s)

2022-06-09 18:26:01 - [TEST_STEP][PASSED] - click(findTestObject("Object Repository/StarPack - Full Lifecycle (AWIS)/6.01 Anais id_refID_a2", ["refID":"ancre_" + refID_PS])): Object: 'Object Repository/StarPack - Full Lifecycle (AWIS)/6.01 Anais id_refID_a2' is clicked on

2022-06-09 18:26:02 - [MESSAGE][PASSED] - Object: 'Object Repository/StarPack - Full Lifecycle (AWIS)/6.01 Anais id_refID_a2' is clicked on

2022-06-09 18:26:02 - [TEST_STEP][PASSED] - I.UploadDoc_sendkey_field("//*[@id="var_25"]", "D:\Upoad_File\Upload doc\testdata1.pdf", "testdata1"): Text 'testdata1' is present on page 

2022-06-09 18:26:04 - [MESSAGE][PASSED] - Delayed 2 second(s)

2022-06-09 18:26:05 - [MESSAGE][PASSED] - Keys 'D:\Upoad_File\Upload doc\testdata1.pdf' sent to object: 'Object Repository/1. Constant/xpath'

2022-06-09 18:26:05 - [MESSAGE][PASSED] - Text 'testdata1' is present on page 

2022-06-09 18:26:05 - [TEST_STEP][PASSED] - click(findTestObject("1. Constant/xpath", ["xpath":"//*[@id="ModifFiche"]/div[3]/div/button[2]"])): Object: 'Object Repository/1. Constant/xpath' is clicked on

2022-06-09 18:26:10 - [MESSAGE][PASSED] - Object: 'Object Repository/1. Constant/xpath' is clicked on

2022-06-09 18:26:10 - [TEST_STEP][PASSED] - I.Logout(): Delayed 3 second(s)

2022-06-09 18:26:13 - [MESSAGE][PASSED] - Delayed 3 second(s)

2022-06-09 18:26:15 - [MESSAGE][PASSED] - Object: 'Object Repository/1. Constant/xpath' is clicked on

2022-06-09 18:26:18 - [MESSAGE][PASSED] - Delayed 3 second(s)

2022-06-09 18:26:21 - [MESSAGE][PASSED] - Object: 'Object Repository/1. Constant/xpath' is clicked on

2022-06-09 18:26:24 - [MESSAGE][PASSED] - Delayed 3 second(s)

2022-06-09 18:26:24 - [TEST_STEP][PASSED] - I.Login_password("aherms", password_aherms): Object: 'Object Repository/1. Constant/xpath' is clicked on

2022-06-09 18:26:24 - [MESSAGE][PASSED] - Text 'aherms' is set on object 'Object Repository/1. Constant/xpath'

2022-06-09 18:26:25 - [MESSAGE][PASSED] - Delayed 1 second(s)

2022-06-09 18:26:26 - [MESSAGE][PASSED] - Text 'dchi3' is set on object 'Object Repository/1. Constant/xpath'

2022-06-09 18:26:27 - [MESSAGE][PASSED] - Delayed 1 second(s)

2022-06-09 18:26:30 - [MESSAGE][PASSED] - Object: 'Object Repository/1. Constant/xpath' is clicked on

2022-06-09 18:26:30 - [TEST_STEP][PASSED] - takeScreenshot(): Taking screenshot successfully

2022-06-09 18:26:31 - [MESSAGE][PASSED] - Taking screenshot successfully
[[ATTACHMENT|D:\\Projet Test Auto\\Mediabox Test Automation\\Reports\\20220609_181011\\03. Parallel Testing (Testing)\\TS -PT PART 3\\03. StarPack Full Lifecycle_SAS_Task\\20220609_181034\\1654791990631.png]]

2022-06-09 18:26:31 - [TEST_STEP][PASSED] - click(findTestObject("1. Constant/02_LHSMenu_Projects")): Object: 'Object Repository/1. Constant/02_LHSMenu_Projects' is clicked on

2022-06-09 18:26:37 - [MESSAGE][PASSED] - Object: 'Object Repository/1. Constant/02_LHSMenu_Projects' is clicked on

2022-06-09 18:26:37 - [TEST_STEP][PASSED] - I.SearchProjectNo(Project_No, findTestObject("HL Full Lifecycle/9 Filter_Button_Apply")): Delayed 5 second(s)

2022-06-09 18:26:42 - [MESSAGE][PASSED] - Text 'MI001271' is set on object 'Object Repository/1. Constant/xpath'

2022-06-09 18:26:45 - [MESSAGE][PASSED] - Delayed 3 second(s)

2022-06-09 18:26:50 - [MESSAGE][PASSED] - Object: 'Object Repository/HL Full Lifecycle/9 Filter_Button_Apply' is clicked on

2022-06-09 18:26:55 - [MESSAGE][PASSED] - Delayed 5 second(s)

2022-06-09 18:26:55 - [TEST_STEP][PASSED] - color3 = getCSSValue(findTestObject("Object Repository/StarPack - Full Lifecycle (AWIS)/6.01 Anais id_refID_a2", ["refID":"ancre_" + refID_PS]), "color", OPTIONAL): Get CSS 'color' value on 'Object Repository/StarPack - Full Lifecycle (AWIS)/6.01 Anais id_refID_a2' successfully: 'rgba(255, 255, 255, 1)'.

2022-06-09 18:26:56 - [MESSAGE][PASSED] - Get CSS 'color' value on 'Object Repository/StarPack - Full Lifecycle (AWIS)/6.01 Anais id_refID_a2' successfully: 'rgba(255, 255, 255, 1)'.

2022-06-09 18:26:56 - [TEST_STEP][PASSED] - while (color3 == "rgba(255, 255, 255, 1)"): null

2022-06-09 18:26:56 - [TEST_STEP][PASSED] - click(findTestObject("Object Repository/StarPack - Full Lifecycle (AWIS)/6.01 Anais id_refID_a2", ["refID":"ancre_" + refID_PS])): Object: 'Object Repository/StarPack - Full Lifecycle (AWIS)/6.01 Anais id_refID_a2' is clicked on

2022-06-09 18:26:58 - [MESSAGE][PASSED] - Object: 'Object Repository/StarPack - Full Lifecycle (AWIS)/6.01 Anais id_refID_a2' is clicked on

2022-06-09 18:26:58 - [TEST_STEP][PASSED] - takeScreenshot(): Taking screenshot successfully

2022-06-09 18:26:59 - [MESSAGE][PASSED] - Taking screenshot successfully
[[ATTACHMENT|D:\\Projet Test Auto\\Mediabox Test Automation\\Reports\\20220609_181011\\03. Parallel Testing (Testing)\\TS -PT PART 3\\03. StarPack Full Lifecycle_SAS_Task\\20220609_181034\\1654792018790.png]]

2022-06-09 18:26:59 - [TEST_STEP][PASSED] - I.UploadDoc_sendkey_Prod(findTestObject("1. Constant/xpath", ["xpath":"//*[@id="kt_body"]/input[2]"]), "D:\Upoad_File\Upload doc\testdataaddition1.jpg", "testdataaddition1.jpg"): Delayed 5 second(s)

2022-06-09 18:26:59 - [MESSAGE][PASSED] - Scroll to object 'Object Repository/1. Constant/xpath' successfully

2022-06-09 18:27:04 - [MESSAGE][PASSED] - Delayed 5 second(s)

2022-06-09 18:27:04 - [MESSAGE][PASSED] - File 'D:\Upoad_File\Upload doc\testdataaddition1.jpg' sent to object: 'Object Repository/1. Constant/xpath'

2022-06-09 18:27:09 - [MESSAGE][PASSED] - Delayed 5 second(s)

2022-06-09 18:27:10 - [MESSAGE][PASSED] - Text 'testdataaddition1.jpg' is present on page 

2022-06-09 18:27:15 - [MESSAGE][PASSED] - Delayed 5 second(s)

2022-06-09 18:27:20 - [MESSAGE][PASSED] - Delayed 5 second(s)

2022-06-09 18:27:20 - [TEST_STEP][PASSED] - takeScreenshot(): Taking screenshot successfully

2022-06-09 18:27:20 - [MESSAGE][PASSED] - Taking screenshot successfully
[[ATTACHMENT|D:\\Projet Test Auto\\Mediabox Test Automation\\Reports\\20220609_181011\\03. Parallel Testing (Testing)\\TS -PT PART 3\\03. StarPack Full Lifecycle_SAS_Task\\20220609_181034\\1654792040598.png]]

2022-06-09 18:27:20 - [TEST_STEP][PASSED] - delay(10): Delayed 10 second(s)

2022-06-09 18:27:31 - [MESSAGE][PASSED] - Delayed 10 second(s)

2022-06-09 18:27:31 - [TEST_STEP][PASSED] - I.click_button_javascript(findTestObject("Object Repository/HL Full Lifecycle/12 ReferncePage_Button_Updatensenddoc")): Execute JavaScript 'arguments[0].click()' successfully

2022-06-09 18:27:38 - [MESSAGE][PASSED] - Execute JavaScript 'arguments[0].click()' successfully

2022-06-09 18:27:38 - [TEST_STEP][PASSED] - delay(5): Delayed 5 second(s)

2022-06-09 18:27:43 - [MESSAGE][PASSED] - Delayed 5 second(s)

2022-06-09 18:27:43 - [TEST_STEP][PASSED] - if (verifyElementPresent(findTestObject("Object Repository/StarPack - Full Lifecycle (AWIS)/6.01 Anais id_refID_a2", ["refID":"ancre_" + refID_PS]), 10, OPTIONAL)): com.kms.katalon.core.webui.exception.WebElementNotFoundException: Web element with id: 'Object Repository/StarPack - Full Lifecycle (AWIS)/6.01 Anais id_refID_a2' located by '//*[@id="ancre_6378"]/a[2]' not found (Root cause: com.kms.katalon.core.exception.StepFailedException: com.kms.katalon.core.webui.exception.WebElementNotFoundException: Web element with id: 'Object Repository/StarPack - Full Lifecycle (AWIS)/6.01 Anais id_refID_a2' located by '//*[@id="ancre_6378"]/a[2]' not found
	at com.kms.katalon.core.webui.keyword.internal.WebUIKeywordMain.stepFailed(WebUIKeywordMain.groovy:64)
	at com.kms.katalon.core.webui.keyword.builtin.VerifyElementPresentKeyword$_verifyElementPresent_closure1.doCall(VerifyElementPresentKeyword.groovy:85)
	at com.kms.katalon.core.webui.keyword.builtin.VerifyElementPresentKeyword$_verifyElementPresent_closure1.call(VerifyElementPresentKeyword.groovy)
	at com.kms.katalon.core.webui.keyword.internal.WebUIKeywordMain.runKeyword(WebUIKeywordMain.groovy:20)
	at com.kms.katalon.core.webui.keyword.builtin.VerifyElementPresentKeyword.verifyElementPresent(VerifyElementPresentKeyword.groovy:92)
	at com.kms.katalon.core.webui.keyword.builtin.VerifyElementPresentKeyword.execute(VerifyElementPresentKeyword.groovy:68)
	at com.kms.katalon.core.keyword.internal.KeywordExecutor.executeKeywordForPlatform(KeywordExecutor.groovy:74)
	at com.kms.katalon.core.webui.keyword.WebUiBuiltInKeywords.verifyElementPresent(WebUiBuiltInKeywords.groovy:1448)
	at com.kms.katalon.core.webui.keyword.WebUiBuiltInKeywords$verifyElementPresent$18.call(Unknown Source)
	at 4.01 Star Pack Full Lifecycle - AWIS (Chrome)_ACreationDaughRef 15.03 P1.run(4.01 Star Pack Full Lifecycle - AWIS (Chrome)_ACreationDaughRef 15.03 P1:795)
	at com.kms.katalon.core.main.ScriptEngine.run(ScriptEngine.java:194)
	at com.kms.katalon.core.main.ScriptEngine.runScriptAsRawText(ScriptEngine.java:119)
	at com.kms.katalon.core.main.TestCaseExecutor.runScript(TestCaseExecutor.java:445)
	at com.kms.katalon.core.main.TestCaseExecutor.doExecute(TestCaseExecutor.java:436)
	at com.kms.katalon.core.main.TestCaseExecutor.processExecutionPhase(TestCaseExecutor.java:415)
	at com.kms.katalon.core.main.TestCaseExecutor.accessMainPhase(TestCaseExecutor.java:407)
	at com.kms.katalon.core.main.TestCaseExecutor.execute(TestCaseExecutor.java:284)
	at com.kms.katalon.core.common.CommonExecutor.accessTestCaseMainPhase(CommonExecutor.java:65)
	at com.kms.katalon.core.main.TestSuiteExecutor.accessTestSuiteMainPhase(TestSuiteExecutor.java:144)
	at com.kms.katalon.core.main.TestSuiteExecutor.execute(TestSuiteExecutor.java:106)
	at com.kms.katalon.core.main.TestCaseMain.startTestSuite(TestCaseMain.java:185)
	at com.kms.katalon.core.main.TestCaseMain$startTestSuite$0.call(Unknown Source)
	at TempTestSuite1654791034173.run(TempTestSuite1654791034173.groovy:36)
)

2022-06-09 18:27:55 - [MESSAGE][INFO] - Unable to find the element located by 'By.xpath: //*[@id="ancre_6378"]/a[2]'. Please recheck the objects properties to make sure the desired element is located. 

2022-06-09 18:27:55 - [MESSAGE][WARNING] - com.kms.katalon.core.webui.exception.WebElementNotFoundException: Web element with id: 'Object Repository/StarPack - Full Lifecycle (AWIS)/6.01 Anais id_refID_a2' located by '//*[@id="ancre_6378"]/a[2]' not found (Root cause: com.kms.katalon.core.exception.StepFailedException: com.kms.katalon.core.webui.exception.WebElementNotFoundException: Web element with id: 'Object Repository/StarPack - Full Lifecycle (AWIS)/6.01 Anais id_refID_a2' located by '//*[@id="ancre_6378"]/a[2]' not found
	at com.kms.katalon.core.webui.keyword.internal.WebUIKeywordMain.stepFailed(WebUIKeywordMain.groovy:64)
	at com.kms.katalon.core.webui.keyword.builtin.VerifyElementPresentKeyword$_verifyElementPresent_closure1.doCall(VerifyElementPresentKeyword.groovy:85)
	at com.kms.katalon.core.webui.keyword.builtin.VerifyElementPresentKeyword$_verifyElementPresent_closure1.call(VerifyElementPresentKeyword.groovy)
	at com.kms.katalon.core.webui.keyword.internal.WebUIKeywordMain.runKeyword(WebUIKeywordMain.groovy:20)
	at com.kms.katalon.core.webui.keyword.builtin.VerifyElementPresentKeyword.verifyElementPresent(VerifyElementPresentKeyword.groovy:92)
	at com.kms.katalon.core.webui.keyword.builtin.VerifyElementPresentKeyword.execute(VerifyElementPresentKeyword.groovy:68)
	at com.kms.katalon.core.keyword.internal.KeywordExecutor.executeKeywordForPlatform(KeywordExecutor.groovy:74)
	at com.kms.katalon.core.webui.keyword.WebUiBuiltInKeywords.verifyElementPresent(WebUiBuiltInKeywords.groovy:1448)
	at com.kms.katalon.core.webui.keyword.WebUiBuiltInKeywords$verifyElementPresent$18.call(Unknown Source)
	at 4.01 Star Pack Full Lifecycle - AWIS (Chrome)_ACreationDaughRef 15.03 P1.run(4.01 Star Pack Full Lifecycle - AWIS (Chrome)_ACreationDaughRef 15.03 P1:795)
	at com.kms.katalon.core.main.ScriptEngine.run(ScriptEngine.java:194)
	at com.kms.katalon.core.main.ScriptEngine.runScriptAsRawText(ScriptEngine.java:119)
	at com.kms.katalon.core.main.TestCaseExecutor.runScript(TestCaseExecutor.java:445)
	at com.kms.katalon.core.main.TestCaseExecutor.doExecute(TestCaseExecutor.java:436)
	at com.kms.katalon.core.main.TestCaseExecutor.processExecutionPhase(TestCaseExecutor.java:415)
	at com.kms.katalon.core.main.TestCaseExecutor.accessMainPhase(TestCaseExecutor.java:407)
	at com.kms.katalon.core.main.TestCaseExecutor.execute(TestCaseExecutor.java:284)
	at com.kms.katalon.core.common.CommonExecutor.accessTestCaseMainPhase(CommonExecutor.java:65)
	at com.kms.katalon.core.main.TestSuiteExecutor.accessTestSuiteMainPhase(TestSuiteExecutor.java:144)
	at com.kms.katalon.core.main.TestSuiteExecutor.execute(TestSuiteExecutor.java:106)
	at com.kms.katalon.core.main.TestCaseMain.startTestSuite(TestCaseMain.java:185)
	at com.kms.katalon.core.main.TestCaseMain$startTestSuite$0.call(Unknown Source)
	at TempTestSuite1654791034173.run(TempTestSuite1654791034173.groovy:36)
)
[[ATTACHMENT|D:\\Projet Test Auto\\Mediabox Test Automation\\Reports\\20220609_181011\\03. Parallel Testing (Testing)\\TS -PT PART 3\\03. StarPack Full Lifecycle_SAS_Task\\20220609_181034\\1654792075483.png]]

2022-06-09 18:27:55 - [TEST_STEP][PASSED] - else: null

2022-06-09 18:27:55 - [TEST_STEP][PASSED] - color3 = "white": null

2022-06-09 18:27:55 - [TEST_STEP][PASSED] - I.Logout(): Delayed 3 second(s)

2022-06-09 18:27:58 - [MESSAGE][PASSED] - Delayed 3 second(s)

2022-06-09 18:27:59 - [MESSAGE][PASSED] - Object: 'Object Repository/1. Constant/xpath' is clicked on

2022-06-09 18:28:02 - [MESSAGE][PASSED] - Delayed 3 second(s)

2022-06-09 18:28:05 - [MESSAGE][PASSED] - Object: 'Object Repository/1. Constant/xpath' is clicked on

2022-06-09 18:28:08 - [MESSAGE][PASSED] - Delayed 3 second(s)

2022-06-09 18:28:08 - [TEST_STEP][PASSED] - I.Login_password("aterreshernandez", password_aterreshernandez): Object: 'Object Repository/1. Constant/xpath' is clicked on

2022-06-09 18:28:08 - [MESSAGE][PASSED] - Text 'aterreshernandez' is set on object 'Object Repository/1. Constant/xpath'

2022-06-09 18:28:09 - [MESSAGE][PASSED] - Delayed 1 second(s)

2022-06-09 18:28:10 - [MESSAGE][PASSED] - Text 'dchi' is set on object 'Object Repository/1. Constant/xpath'

2022-06-09 18:28:11 - [MESSAGE][PASSED] - Delayed 1 second(s)

2022-06-09 18:28:16 - [MESSAGE][PASSED] - Object: 'Object Repository/1. Constant/xpath' is clicked on

2022-06-09 18:28:16 - [TEST_STEP][PASSED] - takeScreenshot(): Taking screenshot successfully

2022-06-09 18:28:16 - [MESSAGE][PASSED] - Taking screenshot successfully
[[ATTACHMENT|D:\\Projet Test Auto\\Mediabox Test Automation\\Reports\\20220609_181011\\03. Parallel Testing (Testing)\\TS -PT PART 3\\03. StarPack Full Lifecycle_SAS_Task\\20220609_181034\\1654792096162.png]]

2022-06-09 18:28:16 - [TEST_STEP][PASSED] - click(findTestObject("1. Constant/02_LHSMenu_Projects")): Object: 'Object Repository/1. Constant/02_LHSMenu_Projects' is clicked on

2022-06-09 18:28:19 - [MESSAGE][PASSED] - Object: 'Object Repository/1. Constant/02_LHSMenu_Projects' is clicked on

2022-06-09 18:28:19 - [TEST_STEP][PASSED] - I.SearchProjectNo(Project_No, findTestObject("1. Constant/xpath", ["xpath":"//*[@id="form_filters"]/div[7]/button"])): Delayed 5 second(s)

2022-06-09 18:28:19 - [MESSAGE][PASSED] - Text 'MI001271' is set on object 'Object Repository/1. Constant/xpath'

2022-06-09 18:28:22 - [MESSAGE][PASSED] - Delayed 3 second(s)

2022-06-09 18:28:26 - [MESSAGE][PASSED] - Object: 'Object Repository/1. Constant/xpath' is clicked on

2022-06-09 18:28:31 - [MESSAGE][PASSED] - Delayed 5 second(s)

2022-06-09 18:28:31 - [TEST_STEP][PASSED] - click(findTestObject("Object Repository/StarPack - Full Lifecycle (AWIS)/6.01 Anais id_refID_a2", ["refID":"ancre_" + refID_PS])): Object: 'Object Repository/StarPack - Full Lifecycle (AWIS)/6.01 Anais id_refID_a2' is clicked on

2022-06-09 18:28:35 - [MESSAGE][PASSED] - Object: 'Object Repository/StarPack - Full Lifecycle (AWIS)/6.01 Anais id_refID_a2' is clicked on

2022-06-09 18:28:35 - [TEST_STEP][PASSED] - I.AWF_approve_view(): Object: 'Object Repository/HL Full Lifecycle/Function_Appbutton2' is clicked on

2022-06-09 18:28:36 - [MESSAGE][PASSED] - Wait for page load successfully

2022-06-09 18:28:46 - [MESSAGE][PASSED] - Delayed 10 second(s)

2022-06-09 18:28:50 - [MESSAGE][PASSED] - Object: 'Object Repository/HL Full Lifecycle/Function_access Viewer2' is hovered

2022-06-09 18:28:53 - [MESSAGE][PASSED] - Delayed 3 second(s)

2022-06-09 18:28:53 - [MESSAGE][PASSED] - Object: 'Object Repository/HL Full Lifecycle/Function_access Viewer2' is clicked on

2022-06-09 18:28:58 - [MESSAGE][PASSED] - Delayed 5 second(s)

2022-06-09 18:28:59 - [MESSAGE][PASSED] - Object: 'Object Repository/HL Full Lifecycle/Function_AppButton' is clicked on

2022-06-09 18:29:04 - [MESSAGE][PASSED] - Delayed 5 second(s)

2022-06-09 18:29:12 - [MESSAGE][PASSED] - Object: 'Object Repository/HL Full Lifecycle/Function_Appbutton2' is clicked on

2022-06-09 18:29:12 - [TEST_STEP][PASSED] - I.Logout(): Delayed 3 second(s)

2022-06-09 18:29:15 - [MESSAGE][PASSED] - Delayed 3 second(s)

2022-06-09 18:29:15 - [MESSAGE][PASSED] - Object: 'Object Repository/1. Constant/xpath' is clicked on

2022-06-09 18:29:18 - [MESSAGE][PASSED] - Delayed 3 second(s)

2022-06-09 18:29:22 - [MESSAGE][PASSED] - Object: 'Object Repository/1. Constant/xpath' is clicked on

2022-06-09 18:29:25 - [MESSAGE][PASSED] - Delayed 3 second(s)

2022-06-09 18:29:25 - [TEST_STEP][PASSED] - I.Login_password("aherms", password_aherms): Object: 'Object Repository/1. Constant/xpath' is clicked on

2022-06-09 18:29:26 - [MESSAGE][PASSED] - Text 'aherms' is set on object 'Object Repository/1. Constant/xpath'

2022-06-09 18:29:27 - [MESSAGE][PASSED] - Delayed 1 second(s)

2022-06-09 18:29:27 - [MESSAGE][PASSED] - Text 'dchi3' is set on object 'Object Repository/1. Constant/xpath'

2022-06-09 18:29:28 - [MESSAGE][PASSED] - Delayed 1 second(s)

2022-06-09 18:29:32 - [MESSAGE][PASSED] - Object: 'Object Repository/1. Constant/xpath' is clicked on

2022-06-09 18:29:32 - [TEST_STEP][PASSED] - takeScreenshot(): Taking screenshot successfully

2022-06-09 18:29:32 - [MESSAGE][PASSED] - Taking screenshot successfully
[[ATTACHMENT|D:\\Projet Test Auto\\Mediabox Test Automation\\Reports\\20220609_181011\\03. Parallel Testing (Testing)\\TS -PT PART 3\\03. StarPack Full Lifecycle_SAS_Task\\20220609_181034\\1654792172453.png]]

2022-06-09 18:29:32 - [TEST_STEP][PASSED] - click(findTestObject("1. Constant/02_LHSMenu_Projects")): Object: 'Object Repository/1. Constant/02_LHSMenu_Projects' is clicked on

2022-06-09 18:29:35 - [MESSAGE][PASSED] - Object: 'Object Repository/1. Constant/02_LHSMenu_Projects' is clicked on

2022-06-09 18:29:35 - [TEST_STEP][PASSED] - I.SearchProjectNo(Project_No, findTestObject("HL Full Lifecycle/9 Filter_Button_Apply")): Delayed 5 second(s)

2022-06-09 18:29:36 - [MESSAGE][PASSED] - Text 'MI001271' is set on object 'Object Repository/1. Constant/xpath'

2022-06-09 18:29:39 - [MESSAGE][PASSED] - Delayed 3 second(s)

2022-06-09 18:29:41 - [MESSAGE][PASSED] - Object: 'Object Repository/HL Full Lifecycle/9 Filter_Button_Apply' is clicked on

2022-06-09 18:29:46 - [MESSAGE][PASSED] - Delayed 5 second(s)

2022-06-09 18:29:46 - [TEST_STEP][PASSED] - click(findTestObject("Object Repository/StarPack - Full Lifecycle (AWIS)/6.01 Anais id_refID_a2", ["refID":"ancre_" + refID_PS])): Object: 'Object Repository/StarPack - Full Lifecycle (AWIS)/6.01 Anais id_refID_a2' is clicked on

2022-06-09 18:29:48 - [MESSAGE][PASSED] - Object: 'Object Repository/StarPack - Full Lifecycle (AWIS)/6.01 Anais id_refID_a2' is clicked on

2022-06-09 18:29:48 - [TEST_STEP][PASSED] - setText(findTestObject("1. Constant/01_id_field_id", ["field_id":"var_48"]), "Número de seguimiento del envío de la muestra de packagingmandatory"): Text 'Número de seguimiento del envío de la muestra de packagingmandatory' is set on object 'Object Repository/1. Constant/01_id_field_id'

2022-06-09 18:29:48 - [MESSAGE][PASSED] - Text 'Número de seguimiento del envío de la muestra de packagingmandatory' is set on object 'Object Repository/1. Constant/01_id_field_id'

2022-06-09 18:29:48 - [TEST_STEP][PASSED] - click(findTestObject("1. Constant/xpath", ["xpath":"//*[@id="ModifFiche"]/div[3]/div/button[2]"])): Object: 'Object Repository/1. Constant/xpath' is clicked on

2022-06-09 18:29:54 - [MESSAGE][PASSED] - Object: 'Object Repository/1. Constant/xpath' is clicked on

2022-06-09 18:29:54 - [TEST_STEP][PASSED] - I.Logout(): Delayed 3 second(s)

2022-06-09 18:29:57 - [MESSAGE][PASSED] - Delayed 3 second(s)

2022-06-09 18:29:58 - [MESSAGE][PASSED] - Object: 'Object Repository/1. Constant/xpath' is clicked on

2022-06-09 18:30:01 - [MESSAGE][PASSED] - Delayed 3 second(s)

2022-06-09 18:30:02 - [MESSAGE][PASSED] - Object: 'Object Repository/1. Constant/xpath' is clicked on

2022-06-09 18:30:05 - [MESSAGE][PASSED] - Delayed 3 second(s)

2022-06-09 18:30:05 - [TEST_STEP][PASSED] - I.Login_password("aterreshernandez", password_aterreshernandez): Object: 'Object Repository/1. Constant/xpath' is clicked on

2022-06-09 18:30:05 - [MESSAGE][PASSED] - Text 'aterreshernandez' is set on object 'Object Repository/1. Constant/xpath'

2022-06-09 18:30:06 - [MESSAGE][PASSED] - Delayed 1 second(s)

2022-06-09 18:30:06 - [MESSAGE][PASSED] - Text 'dchi' is set on object 'Object Repository/1. Constant/xpath'

2022-06-09 18:30:07 - [MESSAGE][PASSED] - Delayed 1 second(s)

2022-06-09 18:30:10 - [MESSAGE][PASSED] - Object: 'Object Repository/1. Constant/xpath' is clicked on

2022-06-09 18:30:10 - [TEST_STEP][PASSED] - takeScreenshot(): Taking screenshot successfully

2022-06-09 18:30:11 - [MESSAGE][PASSED] - Taking screenshot successfully
[[ATTACHMENT|D:\\Projet Test Auto\\Mediabox Test Automation\\Reports\\20220609_181011\\03. Parallel Testing (Testing)\\TS -PT PART 3\\03. StarPack Full Lifecycle_SAS_Task\\20220609_181034\\1654792210748.png]]

2022-06-09 18:30:11 - [TEST_STEP][PASSED] - click(findTestObject("1. Constant/02_LHSMenu_Projects")): Object: 'Object Repository/1. Constant/02_LHSMenu_Projects' is clicked on

2022-06-09 18:30:13 - [MESSAGE][PASSED] - Object: 'Object Repository/1. Constant/02_LHSMenu_Projects' is clicked on

2022-06-09 18:30:13 - [TEST_STEP][PASSED] - I.SearchProjectNo(Project_No, findTestObject("1. Constant/xpath", ["xpath":"//*[@id="form_filters"]/div[7]/button"])): Delayed 5 second(s)

2022-06-09 18:30:13 - [MESSAGE][PASSED] - Text 'MI001271' is set on object 'Object Repository/1. Constant/xpath'

2022-06-09 18:30:16 - [MESSAGE][PASSED] - Delayed 3 second(s)

2022-06-09 18:30:21 - [MESSAGE][PASSED] - Object: 'Object Repository/1. Constant/xpath' is clicked on

2022-06-09 18:30:26 - [MESSAGE][PASSED] - Delayed 5 second(s)

2022-06-09 18:30:26 - [TEST_STEP][PASSED] - click(findTestObject("Object Repository/StarPack - Full Lifecycle (AWIS)/6.01 Anais id_refID_a2", ["refID":"ancre_" + refID_PS])): Object: 'Object Repository/StarPack - Full Lifecycle (AWIS)/6.01 Anais id_refID_a2' is clicked on

2022-06-09 18:30:30 - [MESSAGE][PASSED] - Object: 'Object Repository/StarPack - Full Lifecycle (AWIS)/6.01 Anais id_refID_a2' is clicked on

2022-06-09 18:30:30 - [TEST_STEP][PASSED] - I.status_lifecycle(findTestObject("1. Constant/xpath", ["xpath":"/html/body/div[1]/div[2]/div[4]/div[3]/div/div[2]/div[2]/div[1]/table/tbody/tr[2]/td[7]/span"]), "Completado"): Status contain Completado.

2022-06-09 18:30:30 - [MESSAGE][PASSED] - Text of object 'Object Repository/1. Constant/xpath' is: 'Completado'

2022-06-09 18:30:30 - [MESSAGE][PASSED] - Status contain Completado.

2022-06-09 18:30:30 - [TEST_STEP][PASSED] - takeScreenshot(): Taking screenshot successfully

2022-06-09 18:30:31 - [MESSAGE][PASSED] - Taking screenshot successfully
[[ATTACHMENT|D:\\Projet Test Auto\\Mediabox Test Automation\\Reports\\20220609_181011\\03. Parallel Testing (Testing)\\TS -PT PART 3\\03. StarPack Full Lifecycle_SAS_Task\\20220609_181034\\1654792230497.png]]

2022-06-09 18:30:31 - [TEST_STEP][PASSED] - closeBrowser(): Browser is closed

2022-06-09 18:30:33 - [MESSAGE][PASSED] - Browser is closed

2022-06-09 18:30:33 - [TEST_STEP][PASSED] - Start listener action : sampleAfterTestCase: null]]></system-out>
         <system-err><![CDATA[]]></system-err>
      </testcase>
      <testcase name="Test Cases/04. Star pack Full Lifecycle - AIS _ Long name Artwork without info/4.04 Star Pack - Project Name (255) _ Ref Name (80) (Chrome)" time="319.198" classname="Test Cases/04. Star pack Full Lifecycle - AIS _ Long name Artwork without info/4.04 Star Pack - Project Name (255) _ Ref Name (80) (Chrome)" status="PASSED">
         <system-out><![CDATA[2022-06-09 18:30:33 - [TEST_CASE][PASSED] - Test Cases/04. Star pack Full Lifecycle - AIS _ Long name Artwork without info/4.04 Star Pack - Project Name (255) _ Ref Name (80) (Chrome): Test Cases/04. Star pack Full Lifecycle - AIS _ Long name Artwork without info/4.04 Star Pack - Project Name (255) _ Ref Name (80) (Chrome)

2022-06-09 18:30:34 - [TEST_STEP][PASSED] - data = findTestData("Data Files/Username_Password/Starpack (10June2021)"): null

2022-06-09 18:30:34 - [TEST_STEP][PASSED] - password_suser = data.getValue(2, 1): null

2022-06-09 18:30:34 - [TEST_STEP][PASSED] - password_aherms = data.getValue(2, 2): null

2022-06-09 18:30:34 - [TEST_STEP][PASSED] - password_agluszczynska = data.getValue(2, 3): null

2022-06-09 18:30:34 - [TEST_STEP][PASSED] - password_jmaciaszczyk = data.getValue(2, 4): null

2022-06-09 18:30:34 - [TEST_STEP][PASSED] - password_aterreshernandez = data.getValue(2, 5): null

2022-06-09 18:30:34 - [TEST_STEP][PASSED] - password_amartin_arbol = data.getValue(2, 6): null

2022-06-09 18:30:34 - [TEST_STEP][PASSED] - password_adelamatanieves = data.getValue(2, 7): null

2022-06-09 18:30:34 - [TEST_STEP][PASSED] - password_kcannoosamy_dia = data.getValue(2, 8): null

2022-06-09 18:30:34 - [TEST_STEP][PASSED] - data_urlRELAUTO = findTestData("Data Files/URL/URL_relauto"): null

2022-06-09 18:30:34 - [TEST_STEP][PASSED] - Url_Starpack = data_urlRELAUTO.getValue(2, 2): null

2022-06-09 18:30:34 - [TEST_STEP][PASSED] - openBrowser(Url_Starpack): Browser is opened with url: 'http://mdb-release.diadeis.lan/MediaboxIndependence/?MBI_datasource=RELTESTAUTO_STARPACK'

2022-06-09 18:30:34 - [MESSAGE][INFO] - Starting 'Chrome (headless)' driver

2022-06-09 18:30:34 - [MESSAGE][INFO] - User set preference: ['args', '[--window-size=1920,1080, --headless]']

2022-06-09 18:30:34 - [MESSAGE][INFO] - Action delay is set to 0 milliseconds

2022-06-09 18:30:44 - [MESSAGE][PASSED] - Browser is opened with url: 'http://mdb-release.diadeis.lan/MediaboxIndependence/?MBI_datasource=RELTESTAUTO_STARPACK'

2022-06-09 18:30:44 - [TEST_STEP][PASSED] - maximizeWindow(): Current window maximized

2022-06-09 18:30:44 - [MESSAGE][PASSED] - Current window maximized

2022-06-09 18:30:44 - [TEST_STEP][PASSED] - I.Login_password("adelamatanieves", password_adelamatanieves): Object: 'Object Repository/1. Constant/xpath' is clicked on

2022-06-09 18:30:45 - [MESSAGE][PASSED] - Text 'adelamatanieves' is set on object 'Object Repository/1. Constant/xpath'

2022-06-09 18:30:46 - [MESSAGE][PASSED] - Delayed 1 second(s)

2022-06-09 18:30:46 - [MESSAGE][PASSED] - Text 'dchi4' is set on object 'Object Repository/1. Constant/xpath'

2022-06-09 18:30:47 - [MESSAGE][PASSED] - Delayed 1 second(s)

2022-06-09 18:31:03 - [MESSAGE][PASSED] - Object: 'Object Repository/1. Constant/xpath' is clicked on

2022-06-09 18:31:03 - [TEST_STEP][PASSED] - takeScreenshot(): Taking screenshot successfully

2022-06-09 18:31:04 - [MESSAGE][PASSED] - Taking screenshot successfully
[[ATTACHMENT|D:\\Projet Test Auto\\Mediabox Test Automation\\Reports\\20220609_181011\\03. Parallel Testing (Testing)\\TS -PT PART 3\\03. StarPack Full Lifecycle_SAS_Task\\20220609_181034\\1654792263561.png]]

2022-06-09 18:31:04 - [TEST_STEP][PASSED] - click(findTestObject("1. Constant/02_LHSMenu_Projects")): Object: 'Object Repository/1. Constant/02_LHSMenu_Projects' is clicked on

2022-06-09 18:31:07 - [MESSAGE][PASSED] - Object: 'Object Repository/1. Constant/02_LHSMenu_Projects' is clicked on

2022-06-09 18:31:07 - [TEST_STEP][PASSED] - click(findTestObject("Object Repository/1. Constant/xpath", ["xpath":"//*[@id="kt_content"]/div[3]/div/div/div[1]/div[2]/a[1]"])): Object: 'Object Repository/1. Constant/xpath' is clicked on

2022-06-09 18:31:08 - [MESSAGE][PASSED] - Object: 'Object Repository/1. Constant/xpath' is clicked on

2022-06-09 18:31:08 - [TEST_STEP][PASSED] - takeScreenshot(): Taking screenshot successfully

2022-06-09 18:31:09 - [MESSAGE][PASSED] - Taking screenshot successfully
[[ATTACHMENT|D:\\Projet Test Auto\\Mediabox Test Automation\\Reports\\20220609_181011\\03. Parallel Testing (Testing)\\TS -PT PART 3\\03. StarPack Full Lifecycle_SAS_Task\\20220609_181034\\1654792268816.png]]

2022-06-09 18:31:09 - [TEST_STEP][PASSED] - project_name0 = "AutoTest_Chrome_Starpack_Long_ProjectName_" + RandomStringUtils.randomAlphanumeric(10) + "_" + I.gettimedate(): null

2022-06-09 18:31:09 - [TEST_STEP][PASSED] - setText(findTestObject("HL Full Lifecycle/4 CreateProjPage_inputProjectname"), project_name0): Text 'AutoTest_Chrome_Starpack_Long_ProjectName_03oP3BLu07_juin092022_183109' is set on object 'Object Repository/HL Full Lifecycle/4 CreateProjPage_inputProjectname'

2022-06-09 18:31:09 - [MESSAGE][PASSED] - Text 'AutoTest_Chrome_Starpack_Long_ProjectName_03oP3BLu07_juin092022_183109' is set on object 'Object Repository/HL Full Lifecycle/4 CreateProjPage_inputProjectname'

2022-06-09 18:31:09 - [TEST_STEP][PASSED] - click(findTestObject("HL Full Lifecycle/4 CreateProjPage_Create Project_Bluebutton")): Object: 'Object Repository/HL Full Lifecycle/4 CreateProjPage_Create Project_Bluebutton' is clicked on

2022-06-09 18:31:12 - [MESSAGE][PASSED] - Object: 'Object Repository/HL Full Lifecycle/4 CreateProjPage_Create Project_Bluebutton' is clicked on

2022-06-09 18:31:12 - [TEST_STEP][PASSED] - delay(1): Delayed 1 second(s)

2022-06-09 18:31:13 - [MESSAGE][PASSED] - Delayed 1 second(s)

2022-06-09 18:31:13 - [TEST_STEP][PASSED] - takeScreenshot(): Taking screenshot successfully

2022-06-09 18:31:14 - [MESSAGE][PASSED] - Taking screenshot successfully
[[ATTACHMENT|D:\\Projet Test Auto\\Mediabox Test Automation\\Reports\\20220609_181011\\03. Parallel Testing (Testing)\\TS -PT PART 3\\03. StarPack Full Lifecycle_SAS_Task\\20220609_181034\\1654792273834.png]]

2022-06-09 18:31:14 - [TEST_STEP][PASSED] - project_name1 = "AutoTest_Chrome_Starpack__Long_ProjectName_" + RandomStringUtils.randomAlphanumeric(195) + "_" + I.gettimedate() + "_tesst": null

2022-06-09 18:31:14 - [TEST_STEP][PASSED] - setText(findTestObject("HL Full Lifecycle/4 CreateProjPage_inputProjectname"), project_name1): Text 'AutoTest_Chrome_Starpack__Long_ProjectName_6VXanN79eouOitFI4s82WHnRYcQNHooaVex51Gix6ZMH9EhyTsXbW6gVcja5RfNlOlhrhPPOKWklZWv3ElEEwWI2wi7brUkVJBHKW5WHIRr1eCBgyZInaqWO4xROBGY3tYnStPFUcGSLr6dG4kYMzKTCTrTPSkMLA7eBvYbOJRrTQgP0Z4rzgCGYxntSEauAQ0S_juin092022_183114_tesst' is set on object 'Object Repository/HL Full Lifecycle/4 CreateProjPage_inputProjectname'

2022-06-09 18:31:16 - [MESSAGE][PASSED] - Text 'AutoTest_Chrome_Starpack__Long_ProjectName_6VXanN79eouOitFI4s82WHnRYcQNHooaVex51Gix6ZMH9EhyTsXbW6gVcja5RfNlOlhrhPPOKWklZWv3ElEEwWI2wi7brUkVJBHKW5WHIRr1eCBgyZInaqWO4xROBGY3tYnStPFUcGSLr6dG4kYMzKTCTrTPSkMLA7eBvYbOJRrTQgP0Z4rzgCGYxntSEauAQ0S_juin092022_183114_tesst' is set on object 'Object Repository/HL Full Lifecycle/4 CreateProjPage_inputProjectname'

2022-06-09 18:31:16 - [TEST_STEP][PASSED] - selectOptionByValue(findTestObject("1. Constant/01_id_field_id", ["field_id":"var_98"]), "122", false): All options with value '122' are selected in object 'Object Repository/1. Constant/01_id_field_id' 

2022-06-09 18:31:17 - [MESSAGE][PASSED] - All options with value '122' are selected in object 'Object Repository/1. Constant/01_id_field_id' 

2022-06-09 18:31:17 - [TEST_STEP][PASSED] - delay(1): Delayed 1 second(s)

2022-06-09 18:31:18 - [MESSAGE][PASSED] - Delayed 1 second(s)

2022-06-09 18:31:18 - [TEST_STEP][PASSED] - selectOptionByValue(findTestObject("1. Constant/01_id_field_id", ["field_id":"var_9"]), "amartin_arbol", false): All options with value 'amartin_arbol' are selected in object 'Object Repository/1. Constant/01_id_field_id' 

2022-06-09 18:31:18 - [MESSAGE][PASSED] - All options with value 'amartin_arbol' are selected in object 'Object Repository/1. Constant/01_id_field_id' 

2022-06-09 18:31:18 - [TEST_STEP][PASSED] - delay(1): Delayed 1 second(s)

2022-06-09 18:31:19 - [MESSAGE][PASSED] - Delayed 1 second(s)

2022-06-09 18:31:19 - [TEST_STEP][PASSED] - selectOptionByValue(findTestObject("1. Constant/01_id_field_id", ["field_id":"var_10"]), "aterreshernandez", false): All options with value 'aterreshernandez' are selected in object 'Object Repository/1. Constant/01_id_field_id' 

2022-06-09 18:31:23 - [MESSAGE][PASSED] - All options with value 'aterreshernandez' are selected in object 'Object Repository/1. Constant/01_id_field_id' 

2022-06-09 18:31:23 - [TEST_STEP][PASSED] - delay(1): Delayed 1 second(s)

2022-06-09 18:31:24 - [MESSAGE][PASSED] - Delayed 1 second(s)

2022-06-09 18:31:24 - [TEST_STEP][PASSED] - selectOptionByValue(findTestObject("Object Repository/xxx Todelete/1.4 ModifyProPage_MF(IDP)"), "nalonsobermejo", true): All options with value 'nalonsobermejo' are selected in object 'Object Repository/xxx Todelete/1.4 ModifyProPage_MF(IDP)'  using regular expression

2022-06-09 18:31:30 - [MESSAGE][PASSED] - All options with value 'nalonsobermejo' are selected in object 'Object Repository/xxx Todelete/1.4 ModifyProPage_MF(IDP)'  using regular expression

2022-06-09 18:31:30 - [TEST_STEP][PASSED] - delay(1): Delayed 1 second(s)

2022-06-09 18:31:31 - [MESSAGE][PASSED] - Delayed 1 second(s)

2022-06-09 18:31:31 - [TEST_STEP][PASSED] - click(findTestObject("Object Repository/xxx Todelete/1.41 ModifyProPage_AddMF")): Object: 'Object Repository/xxx Todelete/1.41 ModifyProPage_AddMF' is clicked on

2022-06-09 18:31:32 - [MESSAGE][PASSED] - Object: 'Object Repository/xxx Todelete/1.41 ModifyProPage_AddMF' is clicked on

2022-06-09 18:31:32 - [TEST_STEP][PASSED] - delay(1): Delayed 1 second(s)

2022-06-09 18:31:33 - [MESSAGE][PASSED] - Delayed 1 second(s)

2022-06-09 18:31:33 - [TEST_STEP][PASSED] - selectOptionByValue(findTestObject("1. Constant/01_id_field_id", ["field_id":"var_15"]), "292", false): All options with value '292' are selected in object 'Object Repository/1. Constant/01_id_field_id' 

2022-06-09 18:31:33 - [MESSAGE][PASSED] - All options with value '292' are selected in object 'Object Repository/1. Constant/01_id_field_id' 

2022-06-09 18:31:33 - [TEST_STEP][PASSED] - delay(1): Delayed 1 second(s)

2022-06-09 18:31:34 - [MESSAGE][PASSED] - Delayed 1 second(s)

2022-06-09 18:31:34 - [TEST_STEP][PASSED] - selectOptionByValue(findTestObject("1. Constant/01_id_field_id", ["field_id":"var_26"]), "94", false): All options with value '94' are selected in object 'Object Repository/1. Constant/01_id_field_id' 

2022-06-09 18:31:35 - [MESSAGE][PASSED] - All options with value '94' are selected in object 'Object Repository/1. Constant/01_id_field_id' 

2022-06-09 18:31:35 - [TEST_STEP][PASSED] - delay(1): Delayed 1 second(s)

2022-06-09 18:31:36 - [MESSAGE][PASSED] - Delayed 1 second(s)

2022-06-09 18:31:36 - [TEST_STEP][PASSED] - selectOptionByValue(findTestObject("1. Constant/01_id_field_id", ["field_id":"var_12"]), "94", false): All options with value '94' are selected in object 'Object Repository/1. Constant/01_id_field_id' 

2022-06-09 18:31:40 - [MESSAGE][PASSED] - All options with value '94' are selected in object 'Object Repository/1. Constant/01_id_field_id' 

2022-06-09 18:31:40 - [TEST_STEP][PASSED] - delay(1): Delayed 1 second(s)

2022-06-09 18:31:41 - [MESSAGE][PASSED] - Delayed 1 second(s)

2022-06-09 18:31:41 - [TEST_STEP][PASSED] - selectOptionByValue(findTestObject("1. Constant/01_id_field_id", ["field_id":"var_27"]), "734", false): All options with value '734' are selected in object 'Object Repository/1. Constant/01_id_field_id' 

2022-06-09 18:31:45 - [MESSAGE][PASSED] - All options with value '734' are selected in object 'Object Repository/1. Constant/01_id_field_id' 

2022-06-09 18:31:45 - [TEST_STEP][PASSED] - delay(1): Delayed 1 second(s)

2022-06-09 18:31:46 - [MESSAGE][PASSED] - Delayed 1 second(s)

2022-06-09 18:31:46 - [TEST_STEP][PASSED] - selectOptionByValue(findTestObject("1. Constant/01_id_field_id", ["field_id":"var_71"]), "efood", false): All options with value 'efood' are selected in object 'Object Repository/1. Constant/01_id_field_id' 

2022-06-09 18:31:47 - [MESSAGE][PASSED] - All options with value 'efood' are selected in object 'Object Repository/1. Constant/01_id_field_id' 

2022-06-09 18:31:47 - [TEST_STEP][PASSED] - delay(5): Delayed 5 second(s)

2022-06-09 18:31:52 - [MESSAGE][PASSED] - Delayed 5 second(s)

2022-06-09 18:31:52 - [TEST_STEP][PASSED] - takeScreenshot(): Taking screenshot successfully

2022-06-09 18:31:52 - [MESSAGE][PASSED] - Taking screenshot successfully
[[ATTACHMENT|D:\\Projet Test Auto\\Mediabox Test Automation\\Reports\\20220609_181011\\03. Parallel Testing (Testing)\\TS -PT PART 3\\03. StarPack Full Lifecycle_SAS_Task\\20220609_181034\\1654792312652.png]]

2022-06-09 18:31:52 - [TEST_STEP][PASSED] - click(findTestObject("HL Full Lifecycle/5 ModifyProjPage_button_Update")): Object: 'Object Repository/HL Full Lifecycle/5 ModifyProjPage_button_Update' is clicked on

2022-06-09 18:31:58 - [MESSAGE][PASSED] - Object: 'Object Repository/HL Full Lifecycle/5 ModifyProjPage_button_Update' is clicked on

2022-06-09 18:31:58 - [TEST_STEP][PASSED] - delay(5): Delayed 5 second(s)

2022-06-09 18:32:03 - [MESSAGE][PASSED] - Delayed 5 second(s)

2022-06-09 18:32:03 - [TEST_STEP][PASSED] - Project_No = I.ProjectNo(): Current window's url is: 'http://mdb-release.diadeis.lan/MediaboxIndependence/Base/ExecAction?IDSession=MBI%21RELTESTAUTO_STARPACK%21RC0AUX46VESNXX9XVHIB4A9SSTNRZXTT402FGIWY&default_action=AfficheFichesProjet&id_project=MI001272'

2022-06-09 18:32:08 - [MESSAGE][PASSED] - Delayed 5 second(s)

2022-06-09 18:32:08 - [MESSAGE][PASSED] - Current window's url is: 'http://mdb-release.diadeis.lan/MediaboxIndependence/Base/ExecAction?IDSession=MBI%21RELTESTAUTO_STARPACK%21RC0AUX46VESNXX9XVHIB4A9SSTNRZXTT402FGIWY&default_action=AfficheFichesProjet&id_project=MI001272'

2022-06-09 18:32:08 - [TEST_STEP][PASSED] - click(findTestObject("Object Repository/StarPack - Full Lifecycle (AWIS)/1.01 View Project id_card_project_div2_div_div3a3")): Object: 'Object Repository/StarPack - Full Lifecycle (AWIS)/1.01 View Project id_card_project_div2_div_div3a3' is clicked on

2022-06-09 18:32:14 - [MESSAGE][PASSED] - Object: 'Object Repository/StarPack - Full Lifecycle (AWIS)/1.01 View Project id_card_project_div2_div_div3a3' is clicked on

2022-06-09 18:32:14 - [TEST_STEP][PASSED] - project_name = getText(findTestObject("1. Constant/xpath", ["xpath":"//*[@id="common_details"]/div[2]/div/div"])): Text of object 'Object Repository/1. Constant/xpath' is: 'AutoTest_Chrome_Starpack__Long_ProjectName_6VXanN79eouOitFI4s82WHnRYcQNHooaVex51Gix6ZMH9EhyTsXbW6gVcja5RfNlOlhrhPPOKWklZWv3ElEEwWI2wi7brUkVJBHKW5WHIRr1eCBgyZInaqWO4xROBGY3tYnStPFUcGSLr6dG4kYMzKTCTrTPSkMLA7eBvYbOJRrTQgP0Z4rzgCGYxntSEauAQ0S_juin092022_18311'

2022-06-09 18:32:15 - [MESSAGE][PASSED] - Text of object 'Object Repository/1. Constant/xpath' is: 'AutoTest_Chrome_Starpack__Long_ProjectName_6VXanN79eouOitFI4s82WHnRYcQNHooaVex51Gix6ZMH9EhyTsXbW6gVcja5RfNlOlhrhPPOKWklZWv3ElEEwWI2wi7brUkVJBHKW5WHIRr1eCBgyZInaqWO4xROBGY3tYnStPFUcGSLr6dG4kYMzKTCTrTPSkMLA7eBvYbOJRrTQgP0Z4rzgCGYxntSEauAQ0S_juin092022_18311'

2022-06-09 18:32:15 - [TEST_STEP][PASSED] - I.print("No. of char for the project " + project_name + "  >   " + project_name.length()): null

2022-06-09 18:32:15 - [TEST_STEP][PASSED] - if (project_name.length() != 255): null

2022-06-09 18:32:15 - [TEST_STEP][PASSED] - click(findTestObject("1. Constant/xpath", ["xpath":"//*[@id="kt_subheader"]/div/nav/ol/li[2]"])): Object: 'Object Repository/1. Constant/xpath' is clicked on

2022-06-09 18:32:17 - [MESSAGE][PASSED] - Object: 'Object Repository/1. Constant/xpath' is clicked on

2022-06-09 18:32:17 - [TEST_STEP][PASSED] - click(findTestObject("HL Full Lifecycle/6 ReferenceListPage_createrefbutton")): Object: 'Object Repository/HL Full Lifecycle/6 ReferenceListPage_createrefbutton' is clicked on

2022-06-09 18:32:17 - [MESSAGE][PASSED] - Object: 'Object Repository/HL Full Lifecycle/6 ReferenceListPage_createrefbutton' is clicked on

2022-06-09 18:32:17 - [TEST_STEP][PASSED] - click(findTestObject("HL Full Lifecycle/6 ReferenceListPaga_Create a component_button")): Object: 'Object Repository/HL Full Lifecycle/6 ReferenceListPaga_Create a component_button' is clicked on

2022-06-09 18:32:20 - [MESSAGE][PASSED] - Object: 'Object Repository/HL Full Lifecycle/6 ReferenceListPaga_Create a component_button' is clicked on

2022-06-09 18:32:20 - [TEST_STEP][PASSED] - waitForPageLoad(10): Wait for page load successfully

2022-06-09 18:32:20 - [MESSAGE][PASSED] - Wait for page load successfully

2022-06-09 18:32:20 - [TEST_STEP][PASSED] - takeScreenshot(): Taking screenshot successfully

2022-06-09 18:32:22 - [MESSAGE][PASSED] - Taking screenshot successfully
[[ATTACHMENT|D:\\Projet Test Auto\\Mediabox Test Automation\\Reports\\20220609_181011\\03. Parallel Testing (Testing)\\TS -PT PART 3\\03. StarPack Full Lifecycle_SAS_Task\\20220609_181034\\1654792341477.png]]

2022-06-09 18:32:22 - [TEST_STEP][PASSED] - selectOptionByValue(findTestObject("1. Constant/01_id_field_id", ["field_id":"ref_type"]), "11", false): All options with value '11' are selected in object 'Object Repository/1. Constant/01_id_field_id' 

2022-06-09 18:32:28 - [MESSAGE][PASSED] - All options with value '11' are selected in object 'Object Repository/1. Constant/01_id_field_id' 

2022-06-09 18:32:28 - [TEST_STEP][PASSED] - ref_name1 = "Long _name_Ref_" + RandomStringUtils.randomAlphanumeric(47) + "_" + I.gettimedate() + "_testttt": null

2022-06-09 18:32:28 - [TEST_STEP][PASSED] - setText(findTestObject("1. Constant/01_id_field_id", ["field_id":"var_name"]), ref_name1): Text 'Long _name_Ref_5jEKN5ySeJGFEHaYvXRVurG5DAHnjZvuZ6vn31UV4qben57_juin092022_183228_testttt' is set on object 'Object Repository/1. Constant/01_id_field_id'

2022-06-09 18:32:34 - [MESSAGE][PASSED] - Text 'Long _name_Ref_5jEKN5ySeJGFEHaYvXRVurG5DAHnjZvuZ6vn31UV4qben57_juin092022_183228_testttt' is set on object 'Object Repository/1. Constant/01_id_field_id'

2022-06-09 18:32:34 - [TEST_STEP][PASSED] - text_ref_name1 = getAttribute(findTestObject("1. Constant/01_id_field_id", ["field_id":"var_name"]), "value"): Attribute 'value' of object 'Object Repository/1. Constant/01_id_field_id' is: 'Long _name_Ref_5jEKN5ySeJGFEHaYvXRVurG5DAHnjZvuZ6vn31UV4qben57_juin092022_183228'

2022-06-09 18:32:35 - [MESSAGE][PASSED] - Attribute 'value' of object 'Object Repository/1. Constant/01_id_field_id' is: 'Long _name_Ref_5jEKN5ySeJGFEHaYvXRVurG5DAHnjZvuZ6vn31UV4qben57_juin092022_183228'

2022-06-09 18:32:35 - [TEST_STEP][PASSED] - I.print("No. of char for the ref " + text_ref_name1 + "  >   " + text_ref_name1.length()): null

2022-06-09 18:32:35 - [TEST_STEP][PASSED] - if (text_ref_name1.length() != 80): null

2022-06-09 18:32:35 - [TEST_STEP][PASSED] - click(findTestObject("HL Full Lifecycle/6 ReferencePg_Create a component_bluebutton")): Object: 'Object Repository/HL Full Lifecycle/6 ReferencePg_Create a component_bluebutton' is clicked on

2022-06-09 18:32:39 - [MESSAGE][PASSED] - Object: 'Object Repository/HL Full Lifecycle/6 ReferencePg_Create a component_bluebutton' is clicked on

2022-06-09 18:32:39 - [TEST_STEP][PASSED] - refID = I.RefID(): Current window's url is: 'http://mdb-release.diadeis.lan/MediaboxIndependence/Base/ExecAction?IDSession=MBI%21RELTESTAUTO_STARPACK%21RC0AUX46VESNXX9XVHIB4A9SSTNRZXTT402FGIWY&default_action=ModifierRef&id_project=MI001272&id_ref=6380&action_from=create_ref'

2022-06-09 18:32:44 - [MESSAGE][PASSED] - Delayed 5 second(s)

2022-06-09 18:32:44 - [MESSAGE][PASSED] - Current window's url is: 'http://mdb-release.diadeis.lan/MediaboxIndependence/Base/ExecAction?IDSession=MBI%21RELTESTAUTO_STARPACK%21RC0AUX46VESNXX9XVHIB4A9SSTNRZXTT402FGIWY&default_action=ModifierRef&id_project=MI001272&id_ref=6380&action_from=create_ref'

2022-06-09 18:32:44 - [TEST_STEP][PASSED] - out.println(refID): null

2022-06-09 18:32:44 - [TEST_STEP][PASSED] - delay(1): Delayed 1 second(s)

2022-06-09 18:32:45 - [MESSAGE][PASSED] - Delayed 1 second(s)

2022-06-09 18:32:45 - [TEST_STEP][PASSED] - takeScreenshot(): Taking screenshot successfully

2022-06-09 18:32:45 - [MESSAGE][PASSED] - Taking screenshot successfully
[[ATTACHMENT|D:\\Projet Test Auto\\Mediabox Test Automation\\Reports\\20220609_181011\\03. Parallel Testing (Testing)\\TS -PT PART 3\\03. StarPack Full Lifecycle_SAS_Task\\20220609_181034\\1654792365473.png]]

2022-06-09 18:32:45 - [TEST_STEP][PASSED] - sendKeys(findTestObject("1. Constant/01_id_field_id", ["field_id":"var_28"]), "209293"): Keys '209293' sent to object: 'Object Repository/1. Constant/01_id_field_id'

2022-06-09 18:32:45 - [MESSAGE][PASSED] - Keys '209293' sent to object: 'Object Repository/1. Constant/01_id_field_id'

2022-06-09 18:32:45 - [TEST_STEP][PASSED] - delay(20): Delayed 20 second(s)

2022-06-09 18:33:05 - [MESSAGE][PASSED] - Delayed 20 second(s)

2022-06-09 18:33:05 - [TEST_STEP][PASSED] - sendKeys(findTestObject("1. Constant/01_id_field_id", ["field_id":"var_30"]), "test Submarca"): Keys 'test Submarca' sent to object: 'Object Repository/1. Constant/01_id_field_id'

2022-06-09 18:33:07 - [MESSAGE][PASSED] - Keys 'test Submarca' sent to object: 'Object Repository/1. Constant/01_id_field_id'

2022-06-09 18:33:07 - [TEST_STEP][PASSED] - sendKeys(findTestObject("1. Constant/01_id_field_id", ["field_id":"var_31"]), "test Submarca Vínculo con bulto: test Submarca"): Keys 'test Submarca Vínculo con bulto: test Submarca' sent to object: 'Object Repository/1. Constant/01_id_field_id'

2022-06-09 18:33:10 - [MESSAGE][PASSED] - Keys 'test Submarca Vínculo con bulto: test Submarca' sent to object: 'Object Repository/1. Constant/01_id_field_id'

2022-06-09 18:33:10 - [TEST_STEP][PASSED] - selectOptionByValue(findTestObject("1. Constant/01_id_field_id", ["field_id":"var_38"]), "24", false): All options with value '24' are selected in object 'Object Repository/1. Constant/01_id_field_id' 

2022-06-09 18:33:13 - [MESSAGE][PASSED] - All options with value '24' are selected in object 'Object Repository/1. Constant/01_id_field_id' 

2022-06-09 18:33:13 - [TEST_STEP][PASSED] - sendKeys(findTestObject("1. Constant/01_id_field_id", ["field_id":"var_39"]), "8480017155061"): Keys '8480017155061' sent to object: 'Object Repository/1. Constant/01_id_field_id'

2022-06-09 18:33:16 - [MESSAGE][PASSED] - Keys '8480017155061' sent to object: 'Object Repository/1. Constant/01_id_field_id'

2022-06-09 18:33:16 - [TEST_STEP][PASSED] - selectOptionByValue(findTestObject("1. Constant/01_id_field_id", ["field_id":"selSource_19"]), "22", false): All options with value '22' are selected in object 'Object Repository/1. Constant/01_id_field_id' 

2022-06-09 18:33:18 - [MESSAGE][PASSED] - All options with value '22' are selected in object 'Object Repository/1. Constant/01_id_field_id' 

2022-06-09 18:33:18 - [TEST_STEP][PASSED] - click(findTestObject("Object Repository/xxx Todelete/2.01 ModifyRef_Pais")): Object: 'Object Repository/xxx Todelete/2.01 ModifyRef_Pais' is clicked on

2022-06-09 18:33:19 - [MESSAGE][PASSED] - Object: 'Object Repository/xxx Todelete/2.01 ModifyRef_Pais' is clicked on

2022-06-09 18:33:19 - [TEST_STEP][PASSED] - selectOptionByValue(findTestObject("1. Constant/01_id_field_id", ["field_id":"var_75"]), "26", false): All options with value '26' are selected in object 'Object Repository/1. Constant/01_id_field_id' 

2022-06-09 18:33:20 - [MESSAGE][PASSED] - All options with value '26' are selected in object 'Object Repository/1. Constant/01_id_field_id' 

2022-06-09 18:33:20 - [TEST_STEP][PASSED] - click(findTestObject("HL Full Lifecycle/7 ModifyRefPage_button_Save")): Object: 'Object Repository/HL Full Lifecycle/7 ModifyRefPage_button_Save' is clicked on

2022-06-09 18:33:26 - [MESSAGE][PASSED] - Object: 'Object Repository/HL Full Lifecycle/7 ModifyRefPage_button_Save' is clicked on

2022-06-09 18:33:26 - [TEST_STEP][PASSED] - click(findTestObject("1. Constant/xpath", ["xpath":"/html/body/div[1]/div[2]/div[4]/div[3]/div/div[2]/div[2]/div[1]/table/tbody/tr[2]/td[10]/a[3]"])): Object: 'Object Repository/1. Constant/xpath' is clicked on

2022-06-09 18:33:29 - [MESSAGE][PASSED] - Object: 'Object Repository/1. Constant/xpath' is clicked on

2022-06-09 18:33:29 - [TEST_STEP][PASSED] - delay(1): Delayed 1 second(s)

2022-06-09 18:33:30 - [MESSAGE][PASSED] - Delayed 1 second(s)

2022-06-09 18:33:30 - [TEST_STEP][PASSED] - click(findTestObject("Object Repository/StarPack - Full Lifecycle (AWIS)/2.031 RefPg_AnnaSubmit", ["id":"1"])): Object: 'Object Repository/StarPack - Full Lifecycle (AWIS)/2.031 RefPg_AnnaSubmit' is clicked on

2022-06-09 18:33:34 - [MESSAGE][PASSED] - Object: 'Object Repository/StarPack - Full Lifecycle (AWIS)/2.031 RefPg_AnnaSubmit' is clicked on

2022-06-09 18:33:34 - [TEST_STEP][PASSED] - click(findTestObject("1. Constant/xpath", ["xpath":"/html/body/div[1]/div[2]/div[4]/div[3]/div/div[2]/div[2]/div[1]/table/tbody/tr[2]/td[4]/a"])): Object: 'Object Repository/1. Constant/xpath' is clicked on

2022-06-09 18:33:38 - [MESSAGE][PASSED] - Object: 'Object Repository/1. Constant/xpath' is clicked on

2022-06-09 18:33:38 - [TEST_STEP][PASSED] - click(findTestObject("1. Constant/xpath", ["xpath":"//*[@id="kt_content"]/div[3]/div/ul/li[3]/a"])): Object: 'Object Repository/1. Constant/xpath' is clicked on

2022-06-09 18:33:41 - [MESSAGE][PASSED] - Object: 'Object Repository/1. Constant/xpath' is clicked on

2022-06-09 18:33:41 - [TEST_STEP][PASSED] - click(findTestObject("1. Constant/xpath", ["xpath":"/html/body/div[1]/div[2]/div[8]/div[3]/div/div[3]/div[3]/div/div/div[1]/div/div[2]/div/div[1]/div[2]/div/a[3]"])): Object: 'Object Repository/1. Constant/xpath' is clicked on

2022-06-09 18:33:41 - [MESSAGE][PASSED] - Object: 'Object Repository/1. Constant/xpath' is clicked on

2022-06-09 18:33:41 - [TEST_STEP][PASSED] - takeScreenshot(): Taking screenshot successfully

2022-06-09 18:33:42 - [MESSAGE][PASSED] - Taking screenshot successfully
[[ATTACHMENT|D:\\Projet Test Auto\\Mediabox Test Automation\\Reports\\20220609_181011\\03. Parallel Testing (Testing)\\TS -PT PART 3\\03. StarPack Full Lifecycle_SAS_Task\\20220609_181034\\1654792422003.png]]

2022-06-09 18:33:42 - [TEST_STEP][PASSED] - click(findTestObject("1. Constant/xpath", ["xpath":"//*[@id="modal_skip_phase"]/div/div/div[3]/button[2]"])): Object: 'Object Repository/1. Constant/xpath' is clicked on

2022-06-09 18:33:45 - [MESSAGE][PASSED] - Object: 'Object Repository/1. Constant/xpath' is clicked on

2022-06-09 18:33:45 - [TEST_STEP][PASSED] - click(findTestObject("1. Constant/xpath", ["xpath":"/html/body/div[1]/div[2]/div[8]/div[3]/div/div[3]/div[3]/div/ul/li[1]/a"])): Object: 'Object Repository/1. Constant/xpath' is clicked on

2022-06-09 18:33:47 - [MESSAGE][PASSED] - Object: 'Object Repository/1. Constant/xpath' is clicked on

2022-06-09 18:33:47 - [TEST_STEP][PASSED] - click(findTestObject("1. Constant/xpath", ["xpath":"/html/body/div[1]/div[2]/div[8]/div[3]/div/div[3]/div[3]/div/div/div[1]/div/div[2]/div/div[1]/div[2]/a"])): Object: 'Object Repository/1. Constant/xpath' is clicked on

2022-06-09 18:33:47 - [MESSAGE][PASSED] - Object: 'Object Repository/1. Constant/xpath' is clicked on

2022-06-09 18:33:47 - [TEST_STEP][PASSED] - takeScreenshot(): Taking screenshot successfully

2022-06-09 18:33:48 - [MESSAGE][PASSED] - Taking screenshot successfully
[[ATTACHMENT|D:\\Projet Test Auto\\Mediabox Test Automation\\Reports\\20220609_181011\\03. Parallel Testing (Testing)\\TS -PT PART 3\\03. StarPack Full Lifecycle_SAS_Task\\20220609_181034\\1654792427905.png]]

2022-06-09 18:33:48 - [TEST_STEP][PASSED] - A_Skip_Anna = getText(findTestObject("1. Constant/xpath", ["xpath":"/html/body/div[1]/div[2]/div[8]/div[3]/div/div[3]/div[3]/div/div/div[1]/div/div[2]/div/div[2]/h5"])): Text of object 'Object Repository/1. Constant/xpath' is: 'Omitido por ANA DELAMATANIEVES'

2022-06-09 18:33:48 - [MESSAGE][PASSED] - Text of object 'Object Repository/1. Constant/xpath' is: 'Omitido por ANA DELAMATANIEVES'

2022-06-09 18:33:48 - [TEST_STEP][PASSED] - I.print("Skip this phase - " + A_Skip_Anna): null

2022-06-09 18:33:48 - [TEST_STEP][PASSED] - E_Skip_Anna = "Omitido por ANA DELAMATANIEVES": null

2022-06-09 18:33:48 - [TEST_STEP][PASSED] - verifyMatch(E_Skip_Anna, A_Skip_Anna, false): Actual text 'Omitido por ANA DELAMATANIEVES' and expected text 'Omitido por ANA DELAMATANIEVES' are matched 

2022-06-09 18:33:48 - [MESSAGE][PASSED] - Actual text 'Omitido por ANA DELAMATANIEVES' and expected text 'Omitido por ANA DELAMATANIEVES' are matched 

2022-06-09 18:33:48 - [TEST_STEP][PASSED] - click(findTestObject("1. Constant/xpath", ["xpath":"/html/body/div[1]/div[2]/div[8]/div[3]/div/div[3]/div[3]/div/ul/li[2]/a"])): Object: 'Object Repository/1. Constant/xpath' is clicked on

2022-06-09 18:33:48 - [MESSAGE][PASSED] - Object: 'Object Repository/1. Constant/xpath' is clicked on

2022-06-09 18:33:48 - [TEST_STEP][PASSED] - click(findTestObject("1. Constant/xpath", ["xpath":"/html/body/div[1]/div[2]/div[8]/div[3]/div/div[3]/div[3]/div/div/div[2]/div/div[2]/div/div[1]/div[2]/div/a[2]"])): Object: 'Object Repository/1. Constant/xpath' is clicked on

2022-06-09 18:33:49 - [MESSAGE][PASSED] - Object: 'Object Repository/1. Constant/xpath' is clicked on

2022-06-09 18:33:49 - [TEST_STEP][PASSED] - click(findTestObject("1. Constant/xpath", ["xpath":"//*[@id="kt_body"]/div[9]/div/div/div[2]/button[2]"])): Object: 'Object Repository/1. Constant/xpath' is clicked on

2022-06-09 18:34:00 - [MESSAGE][PASSED] - Object: 'Object Repository/1. Constant/xpath' is clicked on

2022-06-09 18:34:00 - [TEST_STEP][PASSED] - click(findTestObject("1. Constant/xpath", ["xpath":"/html/body/div[1]/div[2]/div[8]/div[3]/div/div[3]/div[3]/div/div/div[2]/div/div/div/div[1]/div[2]/div/a[3]"])): Object: 'Object Repository/1. Constant/xpath' is clicked on

2022-06-09 18:34:01 - [MESSAGE][PASSED] - Object: 'Object Repository/1. Constant/xpath' is clicked on

2022-06-09 18:34:01 - [TEST_STEP][PASSED] - click(findTestObject("1. Constant/xpath", ["xpath":"//*[@id="modal_skip_phase"]/div/div/div[3]/button[2]"])): Object: 'Object Repository/1. Constant/xpath' is clicked on

2022-06-09 18:34:05 - [MESSAGE][PASSED] - Object: 'Object Repository/1. Constant/xpath' is clicked on

2022-06-09 18:34:05 - [TEST_STEP][PASSED] - click(findTestObject("1. Constant/xpath", ["xpath":"//*[@id="kt_subheader"]/div/nav/ol/li[2]"])): Object: 'Object Repository/1. Constant/xpath' is clicked on

2022-06-09 18:34:07 - [MESSAGE][PASSED] - Object: 'Object Repository/1. Constant/xpath' is clicked on

2022-06-09 18:34:07 - [TEST_STEP][PASSED] - delay(1): Delayed 1 second(s)

2022-06-09 18:34:08 - [MESSAGE][PASSED] - Delayed 1 second(s)

2022-06-09 18:34:08 - [TEST_STEP][PASSED] - color1 = getCSSValue(findTestObject("1. Constant/xpath", ["xpath":"/html/body/div[1]/div[2]/div[4]/div[3]/div/div[2]/div[2]/div[1]/table/tbody/tr[2]/td[10]/a[3]"]), "color", OPTIONAL): Get CSS 'color' value on 'Object Repository/1. Constant/xpath' successfully: 'rgba(255, 255, 255, 1)'.

2022-06-09 18:34:09 - [MESSAGE][PASSED] - Get CSS 'color' value on 'Object Repository/1. Constant/xpath' successfully: 'rgba(255, 255, 255, 1)'.

2022-06-09 18:34:09 - [TEST_STEP][PASSED] - I.print(color1): null

2022-06-09 18:34:09 - [TEST_STEP][PASSED] - while (color1 == "rgba(255, 255, 255, 1)"): null

2022-06-09 18:34:09 - [TEST_STEP][PASSED] - click(findTestObject("1. Constant/xpath", ["xpath":"/html/body/div[1]/div[2]/div[4]/div[3]/div/div[2]/div[2]/div[1]/table/tbody/tr[2]/td[10]/a[3]"])): Object: 'Object Repository/1. Constant/xpath' is clicked on

2022-06-09 18:34:11 - [MESSAGE][PASSED] - Object: 'Object Repository/1. Constant/xpath' is clicked on

2022-06-09 18:34:11 - [TEST_STEP][PASSED] - takeScreenshot(): Taking screenshot successfully

2022-06-09 18:34:12 - [MESSAGE][PASSED] - Taking screenshot successfully
[[ATTACHMENT|D:\\Projet Test Auto\\Mediabox Test Automation\\Reports\\20220609_181011\\03. Parallel Testing (Testing)\\TS -PT PART 3\\03. StarPack Full Lifecycle_SAS_Task\\20220609_181034\\1654792451979.png]]

2022-06-09 18:34:12 - [TEST_STEP][PASSED] - I.UploadDoc_sendkey_Prod(findTestObject("1. Constant/xpath", ["xpath":"//*[@id="kt_body"]/input[2]"]), "D:\Upoad_File\Upload doc\testdataaddition1.jpg", "testdataaddition1.jpg"): Delayed 5 second(s)

2022-06-09 18:34:12 - [MESSAGE][PASSED] - Scroll to object 'Object Repository/1. Constant/xpath' successfully

2022-06-09 18:34:17 - [MESSAGE][PASSED] - Delayed 5 second(s)

2022-06-09 18:34:18 - [MESSAGE][PASSED] - File 'D:\Upoad_File\Upload doc\testdataaddition1.jpg' sent to object: 'Object Repository/1. Constant/xpath'

2022-06-09 18:34:23 - [MESSAGE][PASSED] - Delayed 5 second(s)

2022-06-09 18:34:23 - [MESSAGE][PASSED] - Text 'testdataaddition1.jpg' is present on page 

2022-06-09 18:34:28 - [MESSAGE][PASSED] - Delayed 5 second(s)

2022-06-09 18:34:33 - [MESSAGE][PASSED] - Delayed 5 second(s)

2022-06-09 18:34:33 - [TEST_STEP][PASSED] - takeScreenshot(): Taking screenshot successfully

2022-06-09 18:34:33 - [MESSAGE][PASSED] - Taking screenshot successfully
[[ATTACHMENT|D:\\Projet Test Auto\\Mediabox Test Automation\\Reports\\20220609_181011\\03. Parallel Testing (Testing)\\TS -PT PART 3\\03. StarPack Full Lifecycle_SAS_Task\\20220609_181034\\1654792473702.png]]

2022-06-09 18:34:33 - [TEST_STEP][PASSED] - delay(10): Delayed 10 second(s)

2022-06-09 18:34:43 - [MESSAGE][PASSED] - Delayed 10 second(s)

2022-06-09 18:34:43 - [TEST_STEP][PASSED] - I.click_button_javascript(findTestObject("1. Constant/xpath", ["xpath":"//*[@id="ModifFiche"]/div[1]/div/button"])): Execute JavaScript 'arguments[0].click()' successfully

2022-06-09 18:34:49 - [MESSAGE][PASSED] - Execute JavaScript 'arguments[0].click()' successfully

2022-06-09 18:34:49 - [TEST_STEP][PASSED] - delay(5): Delayed 5 second(s)

2022-06-09 18:34:54 - [MESSAGE][PASSED] - Delayed 5 second(s)

2022-06-09 18:34:54 - [TEST_STEP][PASSED] - if (verifyElementPresent(findTestObject("1. Constant/xpath", ["xpath":"/html/body/div[1]/div[2]/div[4]/div[3]/div/div[2]/div[2]/div[1]/table/tbody/tr[2]/td[10]/a[3]"]), 10, OPTIONAL)): com.kms.katalon.core.webui.exception.WebElementNotFoundException: Web element with id: 'Object Repository/1. Constant/xpath' located by '/html/body/div[1]/div[2]/div[4]/div[3]/div/div[2]/div[2]/div[1]/table/tbody/tr[2]/td[10]/a[3]' not found (Root cause: com.kms.katalon.core.exception.StepFailedException: com.kms.katalon.core.webui.exception.WebElementNotFoundException: Web element with id: 'Object Repository/1. Constant/xpath' located by '/html/body/div[1]/div[2]/div[4]/div[3]/div/div[2]/div[2]/div[1]/table/tbody/tr[2]/td[10]/a[3]' not found
	at com.kms.katalon.core.webui.keyword.internal.WebUIKeywordMain.stepFailed(WebUIKeywordMain.groovy:64)
	at com.kms.katalon.core.webui.keyword.builtin.VerifyElementPresentKeyword$_verifyElementPresent_closure1.doCall(VerifyElementPresentKeyword.groovy:85)
	at com.kms.katalon.core.webui.keyword.builtin.VerifyElementPresentKeyword$_verifyElementPresent_closure1.call(VerifyElementPresentKeyword.groovy)
	at com.kms.katalon.core.webui.keyword.internal.WebUIKeywordMain.runKeyword(WebUIKeywordMain.groovy:20)
	at com.kms.katalon.core.webui.keyword.builtin.VerifyElementPresentKeyword.verifyElementPresent(VerifyElementPresentKeyword.groovy:92)
	at com.kms.katalon.core.webui.keyword.builtin.VerifyElementPresentKeyword.execute(VerifyElementPresentKeyword.groovy:68)
	at com.kms.katalon.core.keyword.internal.KeywordExecutor.executeKeywordForPlatform(KeywordExecutor.groovy:74)
	at com.kms.katalon.core.webui.keyword.WebUiBuiltInKeywords.verifyElementPresent(WebUiBuiltInKeywords.groovy:1448)
	at com.kms.katalon.core.webui.keyword.WebUiBuiltInKeywords$verifyElementPresent$18.call(Unknown Source)
	at 4.04 Star Pack - Project Name (255) _ Ref Name (80) (Chrome).run(4.04 Star Pack - Project Name (255) _ Ref Name (80) (Chrome):343)
	at com.kms.katalon.core.main.ScriptEngine.run(ScriptEngine.java:194)
	at com.kms.katalon.core.main.ScriptEngine.runScriptAsRawText(ScriptEngine.java:119)
	at com.kms.katalon.core.main.TestCaseExecutor.runScript(TestCaseExecutor.java:445)
	at com.kms.katalon.core.main.TestCaseExecutor.doExecute(TestCaseExecutor.java:436)
	at com.kms.katalon.core.main.TestCaseExecutor.processExecutionPhase(TestCaseExecutor.java:415)
	at com.kms.katalon.core.main.TestCaseExecutor.accessMainPhase(TestCaseExecutor.java:407)
	at com.kms.katalon.core.main.TestCaseExecutor.execute(TestCaseExecutor.java:284)
	at com.kms.katalon.core.common.CommonExecutor.accessTestCaseMainPhase(CommonExecutor.java:65)
	at com.kms.katalon.core.main.TestSuiteExecutor.accessTestSuiteMainPhase(TestSuiteExecutor.java:144)
	at com.kms.katalon.core.main.TestSuiteExecutor.execute(TestSuiteExecutor.java:106)
	at com.kms.katalon.core.main.TestCaseMain.startTestSuite(TestCaseMain.java:185)
	at com.kms.katalon.core.main.TestCaseMain$startTestSuite$0.call(Unknown Source)
	at TempTestSuite1654791034173.run(TempTestSuite1654791034173.groovy:36)
)

2022-06-09 18:35:05 - [MESSAGE][INFO] - Unable to find the element located by 'By.xpath: /html/body/div[1]/div[2]/div[4]/div[3]/div/div[2]/div[2]/div[1]/table/tbody/tr[2]/td[10]/a[3]'. Please recheck the objects properties to make sure the desired element is located. 

2022-06-09 18:35:06 - [MESSAGE][WARNING] - com.kms.katalon.core.webui.exception.WebElementNotFoundException: Web element with id: 'Object Repository/1. Constant/xpath' located by '/html/body/div[1]/div[2]/div[4]/div[3]/div/div[2]/div[2]/div[1]/table/tbody/tr[2]/td[10]/a[3]' not found (Root cause: com.kms.katalon.core.exception.StepFailedException: com.kms.katalon.core.webui.exception.WebElementNotFoundException: Web element with id: 'Object Repository/1. Constant/xpath' located by '/html/body/div[1]/div[2]/div[4]/div[3]/div/div[2]/div[2]/div[1]/table/tbody/tr[2]/td[10]/a[3]' not found
	at com.kms.katalon.core.webui.keyword.internal.WebUIKeywordMain.stepFailed(WebUIKeywordMain.groovy:64)
	at com.kms.katalon.core.webui.keyword.builtin.VerifyElementPresentKeyword$_verifyElementPresent_closure1.doCall(VerifyElementPresentKeyword.groovy:85)
	at com.kms.katalon.core.webui.keyword.builtin.VerifyElementPresentKeyword$_verifyElementPresent_closure1.call(VerifyElementPresentKeyword.groovy)
	at com.kms.katalon.core.webui.keyword.internal.WebUIKeywordMain.runKeyword(WebUIKeywordMain.groovy:20)
	at com.kms.katalon.core.webui.keyword.builtin.VerifyElementPresentKeyword.verifyElementPresent(VerifyElementPresentKeyword.groovy:92)
	at com.kms.katalon.core.webui.keyword.builtin.VerifyElementPresentKeyword.execute(VerifyElementPresentKeyword.groovy:68)
	at com.kms.katalon.core.keyword.internal.KeywordExecutor.executeKeywordForPlatform(KeywordExecutor.groovy:74)
	at com.kms.katalon.core.webui.keyword.WebUiBuiltInKeywords.verifyElementPresent(WebUiBuiltInKeywords.groovy:1448)
	at com.kms.katalon.core.webui.keyword.WebUiBuiltInKeywords$verifyElementPresent$18.call(Unknown Source)
	at 4.04 Star Pack - Project Name (255) _ Ref Name (80) (Chrome).run(4.04 Star Pack - Project Name (255) _ Ref Name (80) (Chrome):343)
	at com.kms.katalon.core.main.ScriptEngine.run(ScriptEngine.java:194)
	at com.kms.katalon.core.main.ScriptEngine.runScriptAsRawText(ScriptEngine.java:119)
	at com.kms.katalon.core.main.TestCaseExecutor.runScript(TestCaseExecutor.java:445)
	at com.kms.katalon.core.main.TestCaseExecutor.doExecute(TestCaseExecutor.java:436)
	at com.kms.katalon.core.main.TestCaseExecutor.processExecutionPhase(TestCaseExecutor.java:415)
	at com.kms.katalon.core.main.TestCaseExecutor.accessMainPhase(TestCaseExecutor.java:407)
	at com.kms.katalon.core.main.TestCaseExecutor.execute(TestCaseExecutor.java:284)
	at com.kms.katalon.core.common.CommonExecutor.accessTestCaseMainPhase(CommonExecutor.java:65)
	at com.kms.katalon.core.main.TestSuiteExecutor.accessTestSuiteMainPhase(TestSuiteExecutor.java:144)
	at com.kms.katalon.core.main.TestSuiteExecutor.execute(TestSuiteExecutor.java:106)
	at com.kms.katalon.core.main.TestCaseMain.startTestSuite(TestCaseMain.java:185)
	at com.kms.katalon.core.main.TestCaseMain$startTestSuite$0.call(Unknown Source)
	at TempTestSuite1654791034173.run(TempTestSuite1654791034173.groovy:36)
)
[[ATTACHMENT|D:\\Projet Test Auto\\Mediabox Test Automation\\Reports\\20220609_181011\\03. Parallel Testing (Testing)\\TS -PT PART 3\\03. StarPack Full Lifecycle_SAS_Task\\20220609_181034\\1654792505635.png]]

2022-06-09 18:35:06 - [TEST_STEP][PASSED] - else: null

2022-06-09 18:35:06 - [TEST_STEP][PASSED] - color1 = "white": null

2022-06-09 18:35:06 - [TEST_STEP][PASSED] - click(findTestObject("1. Constant/xpath", ["xpath":"/html/body/div[1]/div[2]/div[4]/div[3]/div/div[2]/div[2]/div[1]/table/tbody/tr[2]/td[4]/a"])): Object: 'Object Repository/1. Constant/xpath' is clicked on

2022-06-09 18:35:08 - [MESSAGE][PASSED] - Object: 'Object Repository/1. Constant/xpath' is clicked on

2022-06-09 18:35:08 - [TEST_STEP][PASSED] - click(findTestObject("1. Constant/xpath", ["xpath":"//*[@id="kt_content"]/div[3]/div/ul/li[3]/a"])): Object: 'Object Repository/1. Constant/xpath' is clicked on

2022-06-09 18:35:10 - [MESSAGE][PASSED] - Object: 'Object Repository/1. Constant/xpath' is clicked on

2022-06-09 18:35:10 - [TEST_STEP][PASSED] - click(findTestObject("1. Constant/xpath", ["xpath":"/html/body/div[1]/div[2]/div[8]/div[3]/div/div[3]/div[3]/div/div/div[3]/div/div[3]/div/div[1]/div[2]/div/a[2]"])): Object: 'Object Repository/1. Constant/xpath' is clicked on

2022-06-09 18:35:10 - [MESSAGE][PASSED] - Object: 'Object Repository/1. Constant/xpath' is clicked on

2022-06-09 18:35:10 - [TEST_STEP][PASSED] - click(findTestObject("1. Constant/xpath", ["xpath":"//*[@id="kt_body"]/div[9]/div/div/div[2]/button[2]"])): Object: 'Object Repository/1. Constant/xpath' is clicked on

2022-06-09 18:35:13 - [MESSAGE][PASSED] - Object: 'Object Repository/1. Constant/xpath' is clicked on

2022-06-09 18:35:13 - [TEST_STEP][PASSED] - click(findTestObject("1. Constant/xpath", ["xpath":"/html/body/div[1]/div[2]/div[8]/div[3]/div/div[3]/div[3]/div/div/div[3]/div/div[3]/div/div[1]/div[2]/div/a[2]"])): Object: 'Object Repository/1. Constant/xpath' is clicked on

2022-06-09 18:35:14 - [MESSAGE][PASSED] - Object: 'Object Repository/1. Constant/xpath' is clicked on

2022-06-09 18:35:14 - [TEST_STEP][PASSED] - click(findTestObject("1. Constant/xpath", ["xpath":"//*[@id="kt_body"]/div[9]/div/div/div[2]/button[2]"])): Object: 'Object Repository/1. Constant/xpath' is clicked on

2022-06-09 18:35:26 - [MESSAGE][PASSED] - Object: 'Object Repository/1. Constant/xpath' is clicked on

2022-06-09 18:35:26 - [TEST_STEP][PASSED] - click(findTestObject("1. Constant/xpath", ["xpath":"//*[@id="kt_content"]/div[3]/div/ul/li[2]/a"])): Object: 'Object Repository/1. Constant/xpath' is clicked on

2022-06-09 18:35:28 - [MESSAGE][PASSED] - Object: 'Object Repository/1. Constant/xpath' is clicked on

2022-06-09 18:35:28 - [TEST_STEP][PASSED] - click(findTestObject("1. Constant/xpath", ["xpath":"//*[@id="aff_doc_AW"]"])): Object: 'Object Repository/1. Constant/xpath' is clicked on

2022-06-09 18:35:28 - [MESSAGE][PASSED] - Object: 'Object Repository/1. Constant/xpath' is clicked on

2022-06-09 18:35:28 - [TEST_STEP][PASSED] - I.Approveforothers("//*[@id="level_apl_0"]/div[2]/div[2]/div/div", "//*[@id="level_apl_0"]/div[2]/div[2]/div/div/div[6]/a[2]/span"): Object: 'Object Repository/1. Constant/xpath' is clicked on

2022-06-09 18:35:29 - [MESSAGE][PASSED] - Object: 'Object Repository/1. Constant/xpath' is clicked on

2022-06-09 18:35:30 - [MESSAGE][PASSED] - Delayed 1 second(s)

2022-06-09 18:35:30 - [MESSAGE][PASSED] - Object: 'Object Repository/1. Constant/xpath' is clicked on

2022-06-09 18:35:31 - [MESSAGE][PASSED] - Delayed 1 second(s)

2022-06-09 18:35:31 - [MESSAGE][PASSED] - Object: 'Object Repository/1. Constant/xpath' is hovered

2022-06-09 18:35:31 - [MESSAGE][PASSED] - Object: 'Object Repository/1. Constant/xpath' is clicked on

2022-06-09 18:35:32 - [MESSAGE][PASSED] - Delayed 1 second(s)

2022-06-09 18:35:37 - [MESSAGE][PASSED] - Object: 'Object Repository/1. Constant/xpath' is clicked on

2022-06-09 18:35:37 - [TEST_STEP][PASSED] - click(findTestObject("1. Constant/xpath", ["xpath":"//*[@id="kt_subheader"]/div/nav/ol/li[2]/a"])): Object: 'Object Repository/1. Constant/xpath' is clicked on

2022-06-09 18:35:51 - [MESSAGE][PASSED] - Object: 'Object Repository/1. Constant/xpath' is clicked on

2022-06-09 18:35:51 - [TEST_STEP][PASSED] - status = getText(findTestObject("1. Constant/xpath", ["xpath":"/html/body/div[1]/div[2]/div[4]/div[3]/div/div[2]/div[2]/div[1]/table/tbody/tr[2]/td[7]/span"])): Text of object 'Object Repository/1. Constant/xpath' is: 'Completado'

2022-06-09 18:35:51 - [MESSAGE][PASSED] - Text of object 'Object Repository/1. Constant/xpath' is: 'Completado'

2022-06-09 18:35:51 - [TEST_STEP][PASSED] - verifyMatch(status, "Completado", false): Actual text 'Completado' and expected text 'Completado' are matched 

2022-06-09 18:35:51 - [MESSAGE][PASSED] - Actual text 'Completado' and expected text 'Completado' are matched 

2022-06-09 18:35:51 - [TEST_STEP][PASSED] - closeBrowser(): Browser is closed

2022-06-09 18:35:52 - [MESSAGE][PASSED] - Browser is closed

2022-06-09 18:35:52 - [TEST_STEP][PASSED] - Start listener action : sampleAfterTestCase: null]]></system-out>
         <system-err><![CDATA[]]></system-err>
      </testcase>
      <testcase name="Test Cases/15 Sephora _ Starpack Add Phase Manually (Completed_Not completed ref)/15.03 Starpack Flashback (Complete ref) Add Phase group - Existing ref 4.01 P2" time="230.862" classname="Test Cases/15 Sephora _ Starpack Add Phase Manually (Completed_Not completed ref)/15.03 Starpack Flashback (Complete ref) Add Phase group - Existing ref 4.01 P2" status="PASSED">
         <system-out><![CDATA[2022-06-09 18:35:52 - [TEST_CASE][PASSED] - Test Cases/15 Sephora _ Starpack Add Phase Manually (Completed_Not completed ref)/15.03 Starpack Flashback (Complete ref) Add Phase group - Existing ref 4.01 P2: Test Cases/15 Sephora _ Starpack Add Phase Manually (Completed_Not completed ref)/15.03 Starpack Flashback (Complete ref) Add Phase group - Existing ref 4.01 P2

2022-06-09 18:35:53 - [TEST_STEP][PASSED] - data = findTestData("Data Files/Username_Password/Starpack (10June2021)"): null

2022-06-09 18:35:53 - [TEST_STEP][PASSED] - password_suser = data.getValue(2, 1): null

2022-06-09 18:35:53 - [TEST_STEP][PASSED] - password_aherms = data.getValue(2, 2): null

2022-06-09 18:35:53 - [TEST_STEP][PASSED] - data_urlRELAUTO = findTestData("Data Files/URL/URL_relauto"): null

2022-06-09 18:35:53 - [TEST_STEP][PASSED] - Url_Starpack = data_urlRELAUTO.getValue(2, 2): null

2022-06-09 18:35:53 - [TEST_STEP][PASSED] - Project_No = I.readnotepad("D:\Upoad_File\Projet_ Login\StarPack\4.01 StarPack _Project_No\4.01_StarPack_ProjectNo.txt"): null

2022-06-09 18:35:53 - [TEST_STEP][PASSED] - refID = I.readnotepad("D:\Upoad_File\Projet_ Login\StarPack\4.01 StarPack _Project_No\4.01_StarPack_refID.txt"): null

2022-06-09 18:35:53 - [TEST_STEP][PASSED] - refID_PS = I.readnotepad("D:\Upoad_File\Projet_ Login\StarPack\4.01 StarPack _Project_No\4.01_StarPack_refID_PS.txt"): null

2022-06-09 18:35:53 - [TEST_STEP][PASSED] - refID_PTS = I.readnotepad("D:\Upoad_File\Projet_ Login\StarPack\4.01 StarPack _Project_No\4.01_StarPack_refID_PTS.txt"): null

2022-06-09 18:35:53 - [TEST_STEP][PASSED] - refID_TD = I.readnotepad("D:\Upoad_File\Projet_ Login\StarPack\4.01 StarPack _Project_No\4.01_StarPack_refID_TD.txt"): null

2022-06-09 18:35:53 - [TEST_STEP][PASSED] - openBrowser(Url_Starpack): Browser is opened with url: 'http://mdb-release.diadeis.lan/MediaboxIndependence/?MBI_datasource=RELTESTAUTO_STARPACK'

2022-06-09 18:35:53 - [MESSAGE][INFO] - Starting 'Chrome (headless)' driver

2022-06-09 18:35:53 - [MESSAGE][INFO] - User set preference: ['args', '[--window-size=1920,1080, --headless]']

2022-06-09 18:35:53 - [MESSAGE][INFO] - Action delay is set to 0 milliseconds

2022-06-09 18:36:01 - [MESSAGE][PASSED] - Browser is opened with url: 'http://mdb-release.diadeis.lan/MediaboxIndependence/?MBI_datasource=RELTESTAUTO_STARPACK'

2022-06-09 18:36:01 - [TEST_STEP][PASSED] - maximizeWindow(): Current window maximized

2022-06-09 18:36:02 - [MESSAGE][PASSED] - Current window maximized

2022-06-09 18:36:02 - [TEST_STEP][PASSED] - I.Login_password("suser", password_suser): Object: 'Object Repository/1. Constant/xpath' is clicked on

2022-06-09 18:36:02 - [MESSAGE][PASSED] - Text 'suser' is set on object 'Object Repository/1. Constant/xpath'

2022-06-09 18:36:03 - [MESSAGE][PASSED] - Delayed 1 second(s)

2022-06-09 18:36:05 - [MESSAGE][PASSED] - Text 'dchi2' is set on object 'Object Repository/1. Constant/xpath'

2022-06-09 18:36:06 - [MESSAGE][PASSED] - Delayed 1 second(s)

2022-06-09 18:36:16 - [MESSAGE][PASSED] - Object: 'Object Repository/1. Constant/xpath' is clicked on

2022-06-09 18:36:16 - [TEST_STEP][PASSED] - takeScreenshot(): Taking screenshot successfully

2022-06-09 18:36:16 - [MESSAGE][PASSED] - Taking screenshot successfully
[[ATTACHMENT|D:\\Projet Test Auto\\Mediabox Test Automation\\Reports\\20220609_181011\\03. Parallel Testing (Testing)\\TS -PT PART 3\\03. StarPack Full Lifecycle_SAS_Task\\20220609_181034\\1654792576090.png]]

2022-06-09 18:36:16 - [TEST_STEP][PASSED] - click(findTestObject("1. Constant/02_LHSMenu_Projects")): Object: 'Object Repository/1. Constant/02_LHSMenu_Projects' is clicked on

2022-06-09 18:36:20 - [MESSAGE][PASSED] - Object: 'Object Repository/1. Constant/02_LHSMenu_Projects' is clicked on

2022-06-09 18:36:20 - [TEST_STEP][PASSED] - I.SearchProjectNo_xpath(Project_No, "//*[@id="keynum_project"]", "//*[@id="form_filters"]/div[4]/button"): Delayed 5 second(s)

2022-06-09 18:36:21 - [MESSAGE][PASSED] - Delayed 1 second(s)

2022-06-09 18:36:22 - [MESSAGE][PASSED] - Text 'MI001271' is set on object 'Object Repository/1. Constant/xpath'

2022-06-09 18:36:25 - [MESSAGE][PASSED] - Delayed 3 second(s)

2022-06-09 18:36:25 - [MESSAGE][PASSED] - Scroll to object 'Object Repository/1. Constant/xpath' successfully

2022-06-09 18:36:31 - [MESSAGE][PASSED] - Object: 'Object Repository/1. Constant/xpath' is clicked on

2022-06-09 18:36:36 - [MESSAGE][PASSED] - Delayed 5 second(s)

2022-06-09 18:36:36 - [TEST_STEP][PASSED] - takeScreenshot(): Taking screenshot successfully

2022-06-09 18:36:37 - [MESSAGE][PASSED] - Taking screenshot successfully
[[ATTACHMENT|D:\\Projet Test Auto\\Mediabox Test Automation\\Reports\\20220609_181011\\03. Parallel Testing (Testing)\\TS -PT PART 3\\03. StarPack Full Lifecycle_SAS_Task\\20220609_181034\\1654792596701.png]]

2022-06-09 18:36:37 - [TEST_STEP][PASSED] - delay(1): Delayed 1 second(s)

2022-06-09 18:36:38 - [MESSAGE][PASSED] - Delayed 1 second(s)

2022-06-09 18:36:38 - [TEST_STEP][PASSED] - setText(findTestObject("1. Constant/xpath", ["xpath":"//*[@id="fiche_filter_keywords11"]"]), "PTS"): Text 'PTS' is set on object 'Object Repository/1. Constant/xpath'

2022-06-09 18:36:38 - [MESSAGE][PASSED] - Text 'PTS' is set on object 'Object Repository/1. Constant/xpath'

2022-06-09 18:36:38 - [TEST_STEP][PASSED] - takeScreenshot(): Taking screenshot successfully

2022-06-09 18:36:38 - [MESSAGE][PASSED] - Taking screenshot successfully
[[ATTACHMENT|D:\\Projet Test Auto\\Mediabox Test Automation\\Reports\\20220609_181011\\03. Parallel Testing (Testing)\\TS -PT PART 3\\03. StarPack Full Lifecycle_SAS_Task\\20220609_181034\\1654792598477.png]]

2022-06-09 18:36:38 - [TEST_STEP][PASSED] - click(findTestObject("1. Constant/xpath", ["xpath":"//*[@id="source_" + refID_PTS + ""]/td[4]/a"])): Object: 'Object Repository/1. Constant/xpath' is clicked on

2022-06-09 18:36:41 - [MESSAGE][PASSED] - Object: 'Object Repository/1. Constant/xpath' is clicked on

2022-06-09 18:36:41 - [TEST_STEP][PASSED] - click(findTestObject("1. Constant/xpath", ["xpath":"//*[@id="kt_content"]/div[3]/div/ul/li[3]/a"])): Object: 'Object Repository/1. Constant/xpath' is clicked on

2022-06-09 18:36:42 - [MESSAGE][PASSED] - Object: 'Object Repository/1. Constant/xpath' is clicked on

2022-06-09 18:36:42 - [TEST_STEP][PASSED] - takeScreenshot(): Taking screenshot successfully

2022-06-09 18:36:42 - [MESSAGE][PASSED] - Taking screenshot successfully
[[ATTACHMENT|D:\\Projet Test Auto\\Mediabox Test Automation\\Reports\\20220609_181011\\03. Parallel Testing (Testing)\\TS -PT PART 3\\03. StarPack Full Lifecycle_SAS_Task\\20220609_181034\\1654792602686.png]]

2022-06-09 18:36:42 - [TEST_STEP][PASSED] - click(findTestObject("1. Constant/xpath", ["xpath":"/html/body/div[1]/div[2]/div[8]/div[3]/div/div[3]/div[3]/div/ul/li/a"])): Object: 'Object Repository/1. Constant/xpath' is clicked on

2022-06-09 18:36:43 - [MESSAGE][PASSED] - Object: 'Object Repository/1. Constant/xpath' is clicked on

2022-06-09 18:36:43 - [TEST_STEP][PASSED] - takeScreenshot(): Taking screenshot successfully

2022-06-09 18:36:43 - [MESSAGE][PASSED] - Taking screenshot successfully
[[ATTACHMENT|D:\\Projet Test Auto\\Mediabox Test Automation\\Reports\\20220609_181011\\03. Parallel Testing (Testing)\\TS -PT PART 3\\03. StarPack Full Lifecycle_SAS_Task\\20220609_181034\\1654792603248.png]]

2022-06-09 18:36:43 - [TEST_STEP][PASSED] - click(findTestObject("1. Constant/xpath", ["xpath":"/html/body/div[1]/div[2]/div[8]/div[3]/div/div[3]/div[3]/div/div/div/div/div[3]/div/div[1]/div[2]/div/a[1]"])): Object: 'Object Repository/1. Constant/xpath' is clicked on

2022-06-09 18:36:43 - [MESSAGE][PASSED] - Object: 'Object Repository/1. Constant/xpath' is clicked on

2022-06-09 18:36:43 - [TEST_STEP][PASSED] - delay(1): Delayed 1 second(s)

2022-06-09 18:36:44 - [MESSAGE][PASSED] - Delayed 1 second(s)

2022-06-09 18:36:44 - [TEST_STEP][PASSED] - takeScreenshot(): Taking screenshot successfully

2022-06-09 18:36:45 - [MESSAGE][PASSED] - Taking screenshot successfully
[[ATTACHMENT|D:\\Projet Test Auto\\Mediabox Test Automation\\Reports\\20220609_181011\\03. Parallel Testing (Testing)\\TS -PT PART 3\\03. StarPack Full Lifecycle_SAS_Task\\20220609_181034\\1654792605135.png]]

2022-06-09 18:36:45 - [TEST_STEP][PASSED] - I.SelectFromList_Value("//*[@id="added_grp_phase"]", "9"): Delayed 2 second(s)

2022-06-09 18:36:45 - [MESSAGE][PASSED] - All options with value '9' are selected in object 'Object Repository/1. Constant/xpath' 

2022-06-09 18:36:47 - [MESSAGE][PASSED] - Delayed 2 second(s)

2022-06-09 18:36:47 - [TEST_STEP][PASSED] - delay(1): Delayed 1 second(s)

2022-06-09 18:36:48 - [MESSAGE][PASSED] - Delayed 1 second(s)

2022-06-09 18:36:48 - [TEST_STEP][PASSED] - takeScreenshot(): Taking screenshot successfully

2022-06-09 18:36:49 - [MESSAGE][PASSED] - Taking screenshot successfully
[[ATTACHMENT|D:\\Projet Test Auto\\Mediabox Test Automation\\Reports\\20220609_181011\\03. Parallel Testing (Testing)\\TS -PT PART 3\\03. StarPack Full Lifecycle_SAS_Task\\20220609_181034\\1654792608945.png]]

2022-06-09 18:36:49 - [TEST_STEP][PASSED] - click(findTestObject("1. Constant/xpath", ["xpath":"//*[@id="modal_addphase"]/div/div/div[3]/button[2]"])): Object: 'Object Repository/1. Constant/xpath' is clicked on

2022-06-09 18:36:54 - [MESSAGE][PASSED] - Object: 'Object Repository/1. Constant/xpath' is clicked on

2022-06-09 18:36:54 - [TEST_STEP][PASSED] - delay(1): Delayed 1 second(s)

2022-06-09 18:36:55 - [MESSAGE][PASSED] - Delayed 1 second(s)

2022-06-09 18:36:55 - [TEST_STEP][PASSED] - I.Pagedown(): Execute JavaScript 'window.scrollTo(0, document.body.scrollHeight)' successfully

2022-06-09 18:36:55 - [MESSAGE][PASSED] - Execute JavaScript 'window.scrollTo(0, document.body.scrollHeight)' successfully

2022-06-09 18:36:55 - [TEST_STEP][PASSED] - I.VerifyMatchText("/html/body/div[1]/div[2]/div[8]/div[3]/div/div[3]/div[3]/div/div/div/div/div[4]/div/div[1]", "PTS"): Actual text 'PTS' and expected text 'PTS' are matched 

2022-06-09 18:36:55 - [MESSAGE][PASSED] - Text of object 'Object Repository/1. Constant/xpath' is: 'PTS'

2022-06-09 18:36:56 - [MESSAGE][PASSED] - Delayed 1 second(s)

2022-06-09 18:36:56 - [MESSAGE][PASSED] - Actual text 'PTS' and expected text 'PTS' are matched 

2022-06-09 18:36:56 - [TEST_STEP][PASSED] - I.VerifyMatchText("/html/body/div[1]/div[2]/div[8]/div[3]/div/div[3]/div[3]/div/div/div/div/div[5]/div/div[1]/div[1]", "PTS Approval"): Actual text 'PTS Approval' and expected text 'PTS Approval' are matched 

2022-06-09 18:36:56 - [MESSAGE][PASSED] - Text of object 'Object Repository/1. Constant/xpath' is: 'PTS Approval'

2022-06-09 18:36:57 - [MESSAGE][PASSED] - Delayed 1 second(s)

2022-06-09 18:36:57 - [MESSAGE][PASSED] - Actual text 'PTS Approval' and expected text 'PTS Approval' are matched 

2022-06-09 18:36:57 - [TEST_STEP][PASSED] - takeScreenshot(): Taking screenshot successfully

2022-06-09 18:36:58 - [MESSAGE][PASSED] - Taking screenshot successfully
[[ATTACHMENT|D:\\Projet Test Auto\\Mediabox Test Automation\\Reports\\20220609_181011\\03. Parallel Testing (Testing)\\TS -PT PART 3\\03. StarPack Full Lifecycle_SAS_Task\\20220609_181034\\1654792617812.png]]

2022-06-09 18:36:58 - [TEST_STEP][PASSED] - click(findTestObject("1. Constant/xpath", ["xpath":"/html/body/div[1]/div[2]/div[8]/div[3]/div/div[3]/div[3]/div/div/div/div/div[4]/div/div[1]/div[2]/div/a[1]"])): Object: 'Object Repository/1. Constant/xpath' is clicked on

2022-06-09 18:36:58 - [MESSAGE][PASSED] - Object: 'Object Repository/1. Constant/xpath' is clicked on

2022-06-09 18:36:58 - [TEST_STEP][PASSED] - delay(1): Delayed 1 second(s)

2022-06-09 18:36:59 - [MESSAGE][PASSED] - Delayed 1 second(s)

2022-06-09 18:36:59 - [TEST_STEP][PASSED] - Entries1 = getNumberOfTotalOption(findTestObject("1. Constant/xpath", ["xpath":"//*[@id="added_phase"]"])): 4 options of object 'Object Repository/1. Constant/xpath' counted

2022-06-09 18:36:59 - [MESSAGE][PASSED] - 4 options of object 'Object Repository/1. Constant/xpath' counted

2022-06-09 18:36:59 - [TEST_STEP][PASSED] - verifyEqual(Entries1, 4): Actual object '4' and expected object '4' are equal

2022-06-09 18:36:59 - [MESSAGE][PASSED] - Actual object '4' and expected object '4' are equal

2022-06-09 18:36:59 - [TEST_STEP][PASSED] - Entries2 = getNumberOfTotalOption(findTestObject("1. Constant/xpath", ["xpath":"//*[@id="added_grp_phase"]"])): 2 options of object 'Object Repository/1. Constant/xpath' counted

2022-06-09 18:37:00 - [MESSAGE][PASSED] - 2 options of object 'Object Repository/1. Constant/xpath' counted

2022-06-09 18:37:00 - [TEST_STEP][PASSED] - verifyEqual(Entries2, 2): Actual object '2' and expected object '2' are equal

2022-06-09 18:37:00 - [MESSAGE][PASSED] - Actual object '2' and expected object '2' are equal

2022-06-09 18:37:00 - [TEST_STEP][PASSED] - I.SelectFromList_Value("//*[@id="added_phase"]", "112"): Delayed 2 second(s)

2022-06-09 18:37:00 - [MESSAGE][PASSED] - All options with value '112' are selected in object 'Object Repository/1. Constant/xpath' 

2022-06-09 18:37:02 - [MESSAGE][PASSED] - Delayed 2 second(s)

2022-06-09 18:37:02 - [TEST_STEP][PASSED] - click(findTestObject("1. Constant/xpath", ["xpath":"//*[@id="modal_addphase"]/div/div/div[3]/button[2]"])): Object: 'Object Repository/1. Constant/xpath' is clicked on

2022-06-09 18:37:05 - [MESSAGE][PASSED] - Object: 'Object Repository/1. Constant/xpath' is clicked on

2022-06-09 18:37:05 - [TEST_STEP][PASSED] - I.Pagedown(): Execute JavaScript 'window.scrollTo(0, document.body.scrollHeight)' successfully

2022-06-09 18:37:05 - [MESSAGE][PASSED] - Execute JavaScript 'window.scrollTo(0, document.body.scrollHeight)' successfully

2022-06-09 18:37:05 - [TEST_STEP][PASSED] - takeScreenshot(): Taking screenshot successfully

2022-06-09 18:37:06 - [MESSAGE][PASSED] - Taking screenshot successfully
[[ATTACHMENT|D:\\Projet Test Auto\\Mediabox Test Automation\\Reports\\20220609_181011\\03. Parallel Testing (Testing)\\TS -PT PART 3\\03. StarPack Full Lifecycle_SAS_Task\\20220609_181034\\1654792625759.png]]

2022-06-09 18:37:06 - [TEST_STEP][PASSED] - delay(1): Delayed 1 second(s)

2022-06-09 18:37:07 - [MESSAGE][PASSED] - Delayed 1 second(s)

2022-06-09 18:37:07 - [TEST_STEP][PASSED] - I.VerifyMatchText("/html/body/div[1]/div[2]/div[8]/div[3]/div/div[3]/div[3]/div/div/div/div/div[5]/div/div[1]", "Complete PTS"): Actual text 'Complete PTS' and expected text 'Complete PTS' are matched 

2022-06-09 18:37:07 - [MESSAGE][PASSED] - Text of object 'Object Repository/1. Constant/xpath' is: 'Complete PTS'

2022-06-09 18:37:08 - [MESSAGE][PASSED] - Delayed 1 second(s)

2022-06-09 18:37:08 - [MESSAGE][PASSED] - Actual text 'Complete PTS' and expected text 'Complete PTS' are matched 

2022-06-09 18:37:08 - [TEST_STEP][PASSED] - I.VerifyMatchText("/html/body/div[1]/div[2]/div[8]/div[3]/div/div[3]/div[3]/div/div/div/div/div[6]/div/div[1]/div[1]", "PTS Approval"): Actual text 'PTS Approval' and expected text 'PTS Approval' are matched 

2022-06-09 18:37:08 - [MESSAGE][PASSED] - Text of object 'Object Repository/1. Constant/xpath' is: 'PTS Approval'

2022-06-09 18:37:09 - [MESSAGE][PASSED] - Delayed 1 second(s)

2022-06-09 18:37:09 - [MESSAGE][PASSED] - Actual text 'PTS Approval' and expected text 'PTS Approval' are matched 

2022-06-09 18:37:09 - [TEST_STEP][PASSED] - click(findTestObject("1. Constant/xpath", ["xpath":"/html/body/div[1]/div[2]/div[8]/div[3]/div/div[3]/div[3]/div/div/div/div/div[6]/div/div[1]/div[2]/div/a[2]"])): Object: 'Object Repository/1. Constant/xpath' is clicked on

2022-06-09 18:37:09 - [MESSAGE][PASSED] - Object: 'Object Repository/1. Constant/xpath' is clicked on

2022-06-09 18:37:09 - [TEST_STEP][PASSED] - delay(2): Delayed 2 second(s)

2022-06-09 18:37:11 - [MESSAGE][PASSED] - Delayed 2 second(s)

2022-06-09 18:37:11 - [TEST_STEP][PASSED] - takeScreenshot(): Taking screenshot successfully

2022-06-09 18:37:12 - [MESSAGE][PASSED] - Taking screenshot successfully
[[ATTACHMENT|D:\\Projet Test Auto\\Mediabox Test Automation\\Reports\\20220609_181011\\03. Parallel Testing (Testing)\\TS -PT PART 3\\03. StarPack Full Lifecycle_SAS_Task\\20220609_181034\\1654792631743.png]]

2022-06-09 18:37:12 - [TEST_STEP][PASSED] - delay(1): Delayed 1 second(s)

2022-06-09 18:37:13 - [MESSAGE][PASSED] - Delayed 1 second(s)

2022-06-09 18:37:13 - [TEST_STEP][PASSED] - click(findTestObject("1. Constant/xpath", ["xpath":"//*[@id="kt_body"]/div[9]/div/div/div[2]/button[2]"])): Object: 'Object Repository/1. Constant/xpath' is clicked on

2022-06-09 18:37:18 - [MESSAGE][PASSED] - Object: 'Object Repository/1. Constant/xpath' is clicked on

2022-06-09 18:37:18 - [TEST_STEP][PASSED] - delay(1): Delayed 1 second(s)

2022-06-09 18:37:19 - [MESSAGE][PASSED] - Delayed 1 second(s)

2022-06-09 18:37:19 - [TEST_STEP][PASSED] - click(findTestObject("1. Constant/xpath", ["xpath":"/html/body/div[1]/div[2]/div[8]/div[3]/div/div[3]/div[3]/div/div/div/div/div[5]/div/div[1]/div[2]/div/a[1]"])): Object: 'Object Repository/1. Constant/xpath' is clicked on

2022-06-09 18:37:19 - [MESSAGE][PASSED] - Object: 'Object Repository/1. Constant/xpath' is clicked on

2022-06-09 18:37:19 - [TEST_STEP][PASSED] - Entries3 = getNumberOfTotalOption(findTestObject("1. Constant/xpath", ["xpath":"//*[@id="added_phase"]"])): 67 options of object 'Object Repository/1. Constant/xpath' counted

2022-06-09 18:37:19 - [MESSAGE][PASSED] - 67 options of object 'Object Repository/1. Constant/xpath' counted

2022-06-09 18:37:19 - [TEST_STEP][PASSED] - Entries4 = getNumberOfTotalOption(findTestObject("1. Constant/xpath", ["xpath":"//*[@id="added_grp_phase"]"])): 5 options of object 'Object Repository/1. Constant/xpath' counted

2022-06-09 18:37:20 - [MESSAGE][PASSED] - 5 options of object 'Object Repository/1. Constant/xpath' counted

2022-06-09 18:37:20 - [TEST_STEP][PASSED] - I.SelectFromList_Value("//*[@id="added_grp_phase"]", "6"): Delayed 2 second(s)

2022-06-09 18:37:21 - [MESSAGE][PASSED] - All options with value '6' are selected in object 'Object Repository/1. Constant/xpath' 

2022-06-09 18:37:23 - [MESSAGE][PASSED] - Delayed 2 second(s)

2022-06-09 18:37:23 - [TEST_STEP][PASSED] - takeScreenshot(): Taking screenshot successfully

2022-06-09 18:37:23 - [MESSAGE][PASSED] - Taking screenshot successfully
[[ATTACHMENT|D:\\Projet Test Auto\\Mediabox Test Automation\\Reports\\20220609_181011\\03. Parallel Testing (Testing)\\TS -PT PART 3\\03. StarPack Full Lifecycle_SAS_Task\\20220609_181034\\1654792643296.png]]

2022-06-09 18:37:23 - [TEST_STEP][PASSED] - click(findTestObject("1. Constant/xpath", ["xpath":"//*[@id="modal_addphase"]/div/div/div[3]/button[2]"])): Object: 'Object Repository/1. Constant/xpath' is clicked on

2022-06-09 18:37:27 - [MESSAGE][PASSED] - Object: 'Object Repository/1. Constant/xpath' is clicked on

2022-06-09 18:37:27 - [TEST_STEP][PASSED] - click(findTestObject("1. Constant/xpath", ["xpath":"/html/body/div[1]/div[2]/div[8]/div[3]/div/div[3]/div[3]/div/ul/li[2]/a"])): Object: 'Object Repository/1. Constant/xpath' is clicked on

2022-06-09 18:37:28 - [MESSAGE][PASSED] - Object: 'Object Repository/1. Constant/xpath' is clicked on

2022-06-09 18:37:28 - [TEST_STEP][PASSED] - takeScreenshot(): Taking screenshot successfully

2022-06-09 18:37:28 - [MESSAGE][PASSED] - Taking screenshot successfully
[[ATTACHMENT|D:\\Projet Test Auto\\Mediabox Test Automation\\Reports\\20220609_181011\\03. Parallel Testing (Testing)\\TS -PT PART 3\\03. StarPack Full Lifecycle_SAS_Task\\20220609_181034\\1654792648043.png]]

2022-06-09 18:37:28 - [TEST_STEP][PASSED] - I.VerifyMatchText("/html/body/div[1]/div[2]/div[8]/div[3]/div/div[3]/div[3]/div/div/div[2]/div/div[1]/div/div[1]", "PAF"): Actual text 'PAF' and expected text 'PAF' are matched 

2022-06-09 18:37:28 - [MESSAGE][PASSED] - Text of object 'Object Repository/1. Constant/xpath' is: 'PAF'

2022-06-09 18:37:29 - [MESSAGE][PASSED] - Delayed 1 second(s)

2022-06-09 18:37:29 - [MESSAGE][PASSED] - Actual text 'PAF' and expected text 'PAF' are matched 

2022-06-09 18:37:29 - [TEST_STEP][PASSED] - I.VerifyMatchText("/html/body/div[1]/div[2]/div[8]/div[3]/div/div[3]/div[3]/div/div/div[2]/div/div[2]/div/div[1]", "Final artworks"): Actual text 'Final artworks' and expected text 'Final artworks' are matched 

2022-06-09 18:37:29 - [MESSAGE][PASSED] - Text of object 'Object Repository/1. Constant/xpath' is: 'Final artworks'

2022-06-09 18:37:30 - [MESSAGE][PASSED] - Delayed 1 second(s)

2022-06-09 18:37:30 - [MESSAGE][PASSED] - Actual text 'Final artworks' and expected text 'Final artworks' are matched 

2022-06-09 18:37:30 - [TEST_STEP][PASSED] - I.Logout(): Delayed 3 second(s)

2022-06-09 18:37:33 - [MESSAGE][PASSED] - Delayed 3 second(s)

2022-06-09 18:37:34 - [MESSAGE][PASSED] - Object: 'Object Repository/1. Constant/xpath' is clicked on

2022-06-09 18:37:37 - [MESSAGE][PASSED] - Delayed 3 second(s)

2022-06-09 18:37:40 - [MESSAGE][PASSED] - Object: 'Object Repository/1. Constant/xpath' is clicked on

2022-06-09 18:37:43 - [MESSAGE][PASSED] - Delayed 3 second(s)

2022-06-09 18:37:43 - [TEST_STEP][PASSED] - I.Login_password("aherms", password_aherms): Object: 'Object Repository/1. Constant/xpath' is clicked on

2022-06-09 18:37:45 - [MESSAGE][PASSED] - Text 'aherms' is set on object 'Object Repository/1. Constant/xpath'

2022-06-09 18:37:46 - [MESSAGE][PASSED] - Delayed 1 second(s)

2022-06-09 18:37:48 - [MESSAGE][PASSED] - Text 'dchi3' is set on object 'Object Repository/1. Constant/xpath'

2022-06-09 18:37:49 - [MESSAGE][PASSED] - Delayed 1 second(s)

2022-06-09 18:37:52 - [MESSAGE][PASSED] - Object: 'Object Repository/1. Constant/xpath' is clicked on

2022-06-09 18:37:52 - [TEST_STEP][PASSED] - takeScreenshot(): Taking screenshot successfully

2022-06-09 18:37:53 - [MESSAGE][PASSED] - Taking screenshot successfully
[[ATTACHMENT|D:\\Projet Test Auto\\Mediabox Test Automation\\Reports\\20220609_181011\\03. Parallel Testing (Testing)\\TS -PT PART 3\\03. StarPack Full Lifecycle_SAS_Task\\20220609_181034\\1654792672695.png]]

2022-06-09 18:37:53 - [TEST_STEP][PASSED] - click(findTestObject("1. Constant/02_LHSMenu_Projects")): Object: 'Object Repository/1. Constant/02_LHSMenu_Projects' is clicked on

2022-06-09 18:37:56 - [MESSAGE][PASSED] - Object: 'Object Repository/1. Constant/02_LHSMenu_Projects' is clicked on

2022-06-09 18:37:56 - [TEST_STEP][PASSED] - I.SearchProjectNo_xpath(Project_No, "//*[@id="keynum_project"]", "//*[@id="form_filters"]/div[4]/button"): Delayed 5 second(s)

2022-06-09 18:37:57 - [MESSAGE][PASSED] - Delayed 1 second(s)

2022-06-09 18:37:57 - [MESSAGE][PASSED] - Text 'MI001271' is set on object 'Object Repository/1. Constant/xpath'

2022-06-09 18:38:00 - [MESSAGE][PASSED] - Delayed 3 second(s)

2022-06-09 18:38:01 - [MESSAGE][PASSED] - Scroll to object 'Object Repository/1. Constant/xpath' successfully

2022-06-09 18:38:03 - [MESSAGE][PASSED] - Object: 'Object Repository/1. Constant/xpath' is clicked on

2022-06-09 18:38:08 - [MESSAGE][PASSED] - Delayed 5 second(s)

2022-06-09 18:38:08 - [TEST_STEP][PASSED] - takeScreenshot(): Taking screenshot successfully

2022-06-09 18:38:10 - [MESSAGE][PASSED] - Taking screenshot successfully
[[ATTACHMENT|D:\\Projet Test Auto\\Mediabox Test Automation\\Reports\\20220609_181011\\03. Parallel Testing (Testing)\\TS -PT PART 3\\03. StarPack Full Lifecycle_SAS_Task\\20220609_181034\\1654792689331.png]]

2022-06-09 18:38:10 - [TEST_STEP][PASSED] - delay(1): Delayed 1 second(s)

2022-06-09 18:38:11 - [MESSAGE][PASSED] - Delayed 1 second(s)

2022-06-09 18:38:11 - [TEST_STEP][PASSED] - takeScreenshot(): Taking screenshot successfully

2022-06-09 18:38:13 - [MESSAGE][PASSED] - Taking screenshot successfully
[[ATTACHMENT|D:\\Projet Test Auto\\Mediabox Test Automation\\Reports\\20220609_181011\\03. Parallel Testing (Testing)\\TS -PT PART 3\\03. StarPack Full Lifecycle_SAS_Task\\20220609_181034\\1654792692258.png]]

2022-06-09 18:38:13 - [TEST_STEP][PASSED] - click(findTestObject("1. Constant/xpath", ["xpath":"/html/body/div[1]/div[2]/div[4]/div[3]/div/div[2]/div[2]/div[1]/table/tbody/tr[2]/td[9]/a[2]"])): Object: 'Object Repository/1. Constant/xpath' is clicked on

2022-06-09 18:38:17 - [MESSAGE][PASSED] - Object: 'Object Repository/1. Constant/xpath' is clicked on

2022-06-09 18:38:17 - [TEST_STEP][PASSED] - click(findTestObject("1. Constant/xpath", ["xpath":"//*[@id="ModifFiche"]/div[1]/div/button[2]"])): Object: 'Object Repository/1. Constant/xpath' is clicked on

2022-06-09 18:38:25 - [MESSAGE][PASSED] - Object: 'Object Repository/1. Constant/xpath' is clicked on

2022-06-09 18:38:25 - [TEST_STEP][PASSED] - delay(1): Delayed 1 second(s)

2022-06-09 18:38:26 - [MESSAGE][PASSED] - Delayed 1 second(s)

2022-06-09 18:38:26 - [TEST_STEP][PASSED] - takeScreenshot(): Taking screenshot successfully

2022-06-09 18:38:27 - [MESSAGE][PASSED] - Taking screenshot successfully
[[ATTACHMENT|D:\\Projet Test Auto\\Mediabox Test Automation\\Reports\\20220609_181011\\03. Parallel Testing (Testing)\\TS -PT PART 3\\03. StarPack Full Lifecycle_SAS_Task\\20220609_181034\\1654792706974.png]]

2022-06-09 18:38:27 - [TEST_STEP][PASSED] - I.VerifyMatchText("//*[@id="source_" + refID_PTS + ""]/td[6]/span[2]", "Complete PTS"): Actual text 'Complete PTS' and expected text 'Complete PTS' are matched 

2022-06-09 18:38:27 - [MESSAGE][PASSED] - Text of object 'Object Repository/1. Constant/xpath' is: 'Complete PTS'

2022-06-09 18:38:28 - [MESSAGE][PASSED] - Delayed 1 second(s)

2022-06-09 18:38:28 - [MESSAGE][PASSED] - Actual text 'Complete PTS' and expected text 'Complete PTS' are matched 

2022-06-09 18:38:28 - [TEST_STEP][PASSED] - I.Logout(): Delayed 3 second(s)

2022-06-09 18:38:31 - [MESSAGE][PASSED] - Delayed 3 second(s)

2022-06-09 18:38:31 - [MESSAGE][PASSED] - Object: 'Object Repository/1. Constant/xpath' is clicked on

2022-06-09 18:38:34 - [MESSAGE][PASSED] - Delayed 3 second(s)

2022-06-09 18:38:38 - [MESSAGE][PASSED] - Object: 'Object Repository/1. Constant/xpath' is clicked on

2022-06-09 18:38:41 - [MESSAGE][PASSED] - Delayed 3 second(s)

2022-06-09 18:38:41 - [TEST_STEP][PASSED] - I.Login_password("suser", password_suser): Object: 'Object Repository/1. Constant/xpath' is clicked on

2022-06-09 18:38:43 - [MESSAGE][PASSED] - Text 'suser' is set on object 'Object Repository/1. Constant/xpath'

2022-06-09 18:38:44 - [MESSAGE][PASSED] - Delayed 1 second(s)

2022-06-09 18:38:45 - [MESSAGE][PASSED] - Text 'dchi2' is set on object 'Object Repository/1. Constant/xpath'

2022-06-09 18:38:46 - [MESSAGE][PASSED] - Delayed 1 second(s)

2022-06-09 18:38:49 - [MESSAGE][PASSED] - Object: 'Object Repository/1. Constant/xpath' is clicked on

2022-06-09 18:38:49 - [TEST_STEP][PASSED] - takeScreenshot(): Taking screenshot successfully

2022-06-09 18:38:49 - [MESSAGE][PASSED] - Taking screenshot successfully
[[ATTACHMENT|D:\\Projet Test Auto\\Mediabox Test Automation\\Reports\\20220609_181011\\03. Parallel Testing (Testing)\\TS -PT PART 3\\03. StarPack Full Lifecycle_SAS_Task\\20220609_181034\\1654792729036.png]]

2022-06-09 18:38:49 - [TEST_STEP][PASSED] - click(findTestObject("1. Constant/02_LHSMenu_Projects")): Object: 'Object Repository/1. Constant/02_LHSMenu_Projects' is clicked on

2022-06-09 18:38:53 - [MESSAGE][PASSED] - Object: 'Object Repository/1. Constant/02_LHSMenu_Projects' is clicked on

2022-06-09 18:38:53 - [TEST_STEP][PASSED] - takeScreenshot(): Taking screenshot successfully

2022-06-09 18:38:53 - [MESSAGE][PASSED] - Taking screenshot successfully
[[ATTACHMENT|D:\\Projet Test Auto\\Mediabox Test Automation\\Reports\\20220609_181011\\03. Parallel Testing (Testing)\\TS -PT PART 3\\03. StarPack Full Lifecycle_SAS_Task\\20220609_181034\\1654792733314.png]]

2022-06-09 18:38:53 - [TEST_STEP][PASSED] - I.SearchProjectNo_xpath(Project_No, "//*[@id="keynum_project"]", "//*[@id="form_filters"]/div[4]/button"): Delayed 5 second(s)

2022-06-09 18:38:54 - [MESSAGE][PASSED] - Delayed 1 second(s)

2022-06-09 18:38:55 - [MESSAGE][PASSED] - Text 'MI001271' is set on object 'Object Repository/1. Constant/xpath'

2022-06-09 18:38:58 - [MESSAGE][PASSED] - Delayed 3 second(s)

2022-06-09 18:38:58 - [MESSAGE][PASSED] - Scroll to object 'Object Repository/1. Constant/xpath' successfully

2022-06-09 18:39:00 - [MESSAGE][PASSED] - Object: 'Object Repository/1. Constant/xpath' is clicked on

2022-06-09 18:39:05 - [MESSAGE][PASSED] - Delayed 5 second(s)

2022-06-09 18:39:05 - [TEST_STEP][PASSED] - delay(1): Delayed 1 second(s)

2022-06-09 18:39:06 - [MESSAGE][PASSED] - Delayed 1 second(s)

2022-06-09 18:39:06 - [TEST_STEP][PASSED] - takeScreenshot(): Taking screenshot successfully

2022-06-09 18:39:07 - [MESSAGE][PASSED] - Taking screenshot successfully
[[ATTACHMENT|D:\\Projet Test Auto\\Mediabox Test Automation\\Reports\\20220609_181011\\03. Parallel Testing (Testing)\\TS -PT PART 3\\03. StarPack Full Lifecycle_SAS_Task\\20220609_181034\\1654792747118.png]]

2022-06-09 18:39:07 - [TEST_STEP][PASSED] - click(findTestObject("1. Constant/xpath", ["xpath":"//*[@id="source_" + refID_PTS + ""]/td[4]/a"])): Object: 'Object Repository/1. Constant/xpath' is clicked on

2022-06-09 18:39:10 - [MESSAGE][PASSED] - Object: 'Object Repository/1. Constant/xpath' is clicked on

2022-06-09 18:39:10 - [TEST_STEP][PASSED] - click(findTestObject("1. Constant/xpath", ["xpath":"//*[@id="kt_content"]/div[3]/div/ul/li[3]/a"])): Object: 'Object Repository/1. Constant/xpath' is clicked on

2022-06-09 18:39:13 - [MESSAGE][PASSED] - Object: 'Object Repository/1. Constant/xpath' is clicked on

2022-06-09 18:39:13 - [TEST_STEP][PASSED] - I.Pagedown(): Execute JavaScript 'window.scrollTo(0, document.body.scrollHeight)' successfully

2022-06-09 18:39:13 - [MESSAGE][PASSED] - Execute JavaScript 'window.scrollTo(0, document.body.scrollHeight)' successfully

2022-06-09 18:39:13 - [TEST_STEP][PASSED] - takeScreenshot(): Taking screenshot successfully

2022-06-09 18:39:15 - [MESSAGE][PASSED] - Taking screenshot successfully
[[ATTACHMENT|D:\\Projet Test Auto\\Mediabox Test Automation\\Reports\\20220609_181011\\03. Parallel Testing (Testing)\\TS -PT PART 3\\03. StarPack Full Lifecycle_SAS_Task\\20220609_181034\\1654792754454.png]]

2022-06-09 18:39:15 - [TEST_STEP][PASSED] - click(findTestObject("1. Constant/xpath", ["xpath":"/html/body/div[1]/div[2]/div[8]/div[3]/div/div[3]/div[3]/div/div/div[1]/div/div[5]/div/div[1]/div[2]/div/a[1]"])): Object: 'Object Repository/1. Constant/xpath' is clicked on

2022-06-09 18:39:18 - [MESSAGE][PASSED] - Object: 'Object Repository/1. Constant/xpath' is clicked on

2022-06-09 18:39:18 - [TEST_STEP][PASSED] - I.SelectFromList_Value("//*[@id="added_grp_phase"]", "6"): Delayed 2 second(s)

2022-06-09 18:39:22 - [MESSAGE][PASSED] - All options with value '6' are selected in object 'Object Repository/1. Constant/xpath' 

2022-06-09 18:39:24 - [MESSAGE][PASSED] - Delayed 2 second(s)

2022-06-09 18:39:24 - [TEST_STEP][PASSED] - click(findTestObject("1. Constant/xpath", ["xpath":"//*[@id="modal_addphase"]/div/div/div[3]/button[2]"])): Object: 'Object Repository/1. Constant/xpath' is clicked on

2022-06-09 18:39:29 - [MESSAGE][PASSED] - Object: 'Object Repository/1. Constant/xpath' is clicked on

2022-06-09 18:39:29 - [TEST_STEP][PASSED] - takeScreenshot(): Taking screenshot successfully

2022-06-09 18:39:30 - [MESSAGE][PASSED] - Taking screenshot successfully
[[ATTACHMENT|D:\\Projet Test Auto\\Mediabox Test Automation\\Reports\\20220609_181011\\03. Parallel Testing (Testing)\\TS -PT PART 3\\03. StarPack Full Lifecycle_SAS_Task\\20220609_181034\\1654792769764.png]]

2022-06-09 18:39:30 - [TEST_STEP][PASSED] - verifyElementNotPresent(findTestObject("1. Constant/xpath", ["xpath":"/html/body/div[1]/div[2]/div[8]/div[3]/div/div[3]/div[3]/div/ul/li[3]/a"]), 0): Web element with id: 'Object Repository/1. Constant/xpath' located by 'By.xpath: /html/body/div[1]/div[2]/div[8]/div[3]/div/div[3]/div[3]/div/ul/li[3]/a' is not present after '30' second(s)

2022-06-09 18:39:30 - [MESSAGE][WARNING] - Timeout '0' is invalid. Using default page load timeout: '30'

2022-06-09 18:39:32 - [MESSAGE][PASSED] - Web element with id: 'Object Repository/1. Constant/xpath' located by 'By.xpath: /html/body/div[1]/div[2]/div[8]/div[3]/div/div[3]/div[3]/div/ul/li[3]/a' is not present after '30' second(s)

2022-06-09 18:39:32 - [TEST_STEP][PASSED] - closeBrowser(): Browser is closed

2022-06-09 18:39:43 - [MESSAGE][PASSED] - Browser is closed

2022-06-09 18:39:43 - [TEST_STEP][PASSED] - Start listener action : sampleAfterTestCase: null]]></system-out>
         <system-err><![CDATA[]]></system-err>
      </testcase>
      <testcase name="Test Cases/04. Star pack Full Lifecycle - AIS _ Long name Artwork without info/4.02 Star Pack Full Lifecycle - AWIS (Chrome)_Sans_Ref_filles" time="746.242" classname="Test Cases/04. Star pack Full Lifecycle - AIS _ Long name Artwork without info/4.02 Star Pack Full Lifecycle - AWIS (Chrome)_Sans_Ref_filles" status="PASSED">
         <system-out><![CDATA[2022-06-09 18:39:43 - [TEST_CASE][PASSED] - Test Cases/04. Star pack Full Lifecycle - AIS _ Long name Artwork without info/4.02 Star Pack Full Lifecycle - AWIS (Chrome)_Sans_Ref_filles: Test Cases/04. Star pack Full Lifecycle - AIS _ Long name Artwork without info/4.02 Star Pack Full Lifecycle - AWIS (Chrome)_Sans_Ref_filles

2022-06-09 18:39:44 - [TEST_STEP][PASSED] - data = findTestData("Data Files/Username_Password/Starpack (10June2021)"): null

2022-06-09 18:39:44 - [TEST_STEP][PASSED] - password_suser = data.getValue(2, 1): null

2022-06-09 18:39:44 - [TEST_STEP][PASSED] - password_aherms = data.getValue(2, 2): null

2022-06-09 18:39:44 - [TEST_STEP][PASSED] - password_agluszczynska = data.getValue(2, 3): null

2022-06-09 18:39:44 - [TEST_STEP][PASSED] - password_jmaciaszczyk = data.getValue(2, 4): null

2022-06-09 18:39:44 - [TEST_STEP][PASSED] - password_aterreshernandez = data.getValue(2, 5): null

2022-06-09 18:39:44 - [TEST_STEP][PASSED] - password_amartin_arbol = data.getValue(2, 6): null

2022-06-09 18:39:44 - [TEST_STEP][PASSED] - password_kcannoosamy_dia = data.getValue(2, 8): null

2022-06-09 18:39:44 - [TEST_STEP][PASSED] - data_urlRELAUTO = findTestData("Data Files/URL/URL_relauto"): null

2022-06-09 18:39:44 - [TEST_STEP][PASSED] - Url_Starpack = data_urlRELAUTO.getValue(2, 2): null

2022-06-09 18:39:44 - [TEST_STEP][PASSED] - log = new com.kms.katalon.core.logging.KeywordLogger(): null

2022-06-09 18:39:44 - [TEST_STEP][PASSED] - openBrowser(Url_Starpack): Browser is opened with url: 'http://mdb-release.diadeis.lan/MediaboxIndependence/?MBI_datasource=RELTESTAUTO_STARPACK'

2022-06-09 18:39:44 - [MESSAGE][INFO] - Starting 'Chrome (headless)' driver

2022-06-09 18:39:44 - [MESSAGE][INFO] - User set preference: ['args', '[--window-size=1920,1080, --headless]']

2022-06-09 18:39:44 - [MESSAGE][INFO] - Action delay is set to 0 milliseconds

2022-06-09 18:40:03 - [MESSAGE][PASSED] - Browser is opened with url: 'http://mdb-release.diadeis.lan/MediaboxIndependence/?MBI_datasource=RELTESTAUTO_STARPACK'

2022-06-09 18:40:03 - [TEST_STEP][PASSED] - maximizeWindow(): Current window maximized

2022-06-09 18:40:03 - [MESSAGE][PASSED] - Current window maximized

2022-06-09 18:40:03 - [TEST_STEP][PASSED] - password_adelamatanieves = data.getValue(2, 7): null

2022-06-09 18:40:03 - [TEST_STEP][PASSED] - I.Login_password("adelamatanieves", password_adelamatanieves): Object: 'Object Repository/1. Constant/xpath' is clicked on

2022-06-09 18:40:04 - [MESSAGE][PASSED] - Text 'adelamatanieves' is set on object 'Object Repository/1. Constant/xpath'

2022-06-09 18:40:05 - [MESSAGE][PASSED] - Delayed 1 second(s)

2022-06-09 18:40:05 - [MESSAGE][PASSED] - Text 'dchi4' is set on object 'Object Repository/1. Constant/xpath'

2022-06-09 18:40:06 - [MESSAGE][PASSED] - Delayed 1 second(s)

2022-06-09 18:40:20 - [MESSAGE][PASSED] - Object: 'Object Repository/1. Constant/xpath' is clicked on

2022-06-09 18:40:20 - [TEST_STEP][PASSED] - takeScreenshot(): Taking screenshot successfully

2022-06-09 18:40:20 - [MESSAGE][PASSED] - Taking screenshot successfully
[[ATTACHMENT|D:\\Projet Test Auto\\Mediabox Test Automation\\Reports\\20220609_181011\\03. Parallel Testing (Testing)\\TS -PT PART 3\\03. StarPack Full Lifecycle_SAS_Task\\20220609_181034\\1654792820186.png]]

2022-06-09 18:40:20 - [TEST_STEP][PASSED] - click(findTestObject("1. Constant/02_LHSMenu_Projects")): Object: 'Object Repository/1. Constant/02_LHSMenu_Projects' is clicked on

2022-06-09 18:40:24 - [MESSAGE][PASSED] - Object: 'Object Repository/1. Constant/02_LHSMenu_Projects' is clicked on

2022-06-09 18:40:24 - [TEST_STEP][PASSED] - click(findTestObject("Object Repository/1. Constant/xpath", ["xpath":"//*[@id="kt_content"]/div[3]/div/div/div[1]/div[2]/a[1]"])): Object: 'Object Repository/1. Constant/xpath' is clicked on

2022-06-09 18:40:25 - [MESSAGE][PASSED] - Object: 'Object Repository/1. Constant/xpath' is clicked on

2022-06-09 18:40:25 - [TEST_STEP][PASSED] - takeScreenshot(): Taking screenshot successfully

2022-06-09 18:40:25 - [MESSAGE][PASSED] - Taking screenshot successfully
[[ATTACHMENT|D:\\Projet Test Auto\\Mediabox Test Automation\\Reports\\20220609_181011\\03. Parallel Testing (Testing)\\TS -PT PART 3\\03. StarPack Full Lifecycle_SAS_Task\\20220609_181034\\1654792825136.png]]

2022-06-09 18:40:25 - [TEST_STEP][PASSED] - project_name0 = "TC4.02_AutoTest_Chrome_Starpack_" + RandomStringUtils.randomAlphanumeric(10) + "_" + I.gettimedate(): null

2022-06-09 18:40:25 - [TEST_STEP][PASSED] - setText(findTestObject("HL Full Lifecycle/4 CreateProjPage_inputProjectname"), project_name0): Text 'TC4.02_AutoTest_Chrome_Starpack_O8eFfzw8H8_juin092022_184025' is set on object 'Object Repository/HL Full Lifecycle/4 CreateProjPage_inputProjectname'

2022-06-09 18:40:25 - [MESSAGE][PASSED] - Text 'TC4.02_AutoTest_Chrome_Starpack_O8eFfzw8H8_juin092022_184025' is set on object 'Object Repository/HL Full Lifecycle/4 CreateProjPage_inputProjectname'

2022-06-09 18:40:25 - [TEST_STEP][PASSED] - click(findTestObject("HL Full Lifecycle/4 CreateProjPage_Create Project_Bluebutton")): Object: 'Object Repository/HL Full Lifecycle/4 CreateProjPage_Create Project_Bluebutton' is clicked on

2022-06-09 18:40:29 - [MESSAGE][PASSED] - Object: 'Object Repository/HL Full Lifecycle/4 CreateProjPage_Create Project_Bluebutton' is clicked on

2022-06-09 18:40:29 - [TEST_STEP][PASSED] - delay(1): Delayed 1 second(s)

2022-06-09 18:40:30 - [MESSAGE][PASSED] - Delayed 1 second(s)

2022-06-09 18:40:30 - [TEST_STEP][PASSED] - takeScreenshot(): Taking screenshot successfully

2022-06-09 18:40:31 - [MESSAGE][PASSED] - Taking screenshot successfully
[[ATTACHMENT|D:\\Projet Test Auto\\Mediabox Test Automation\\Reports\\20220609_181011\\03. Parallel Testing (Testing)\\TS -PT PART 3\\03. StarPack Full Lifecycle_SAS_Task\\20220609_181034\\1654792830744.png]]

2022-06-09 18:40:31 - [TEST_STEP][PASSED] - selectOptionByValue(findTestObject("1. Constant/01_id_field_id", ["field_id":"var_98"]), "122", false): All options with value '122' are selected in object 'Object Repository/1. Constant/01_id_field_id' 

2022-06-09 18:40:31 - [MESSAGE][PASSED] - All options with value '122' are selected in object 'Object Repository/1. Constant/01_id_field_id' 

2022-06-09 18:40:31 - [TEST_STEP][PASSED] - delay(2): Delayed 2 second(s)

2022-06-09 18:40:33 - [MESSAGE][PASSED] - Delayed 2 second(s)

2022-06-09 18:40:33 - [TEST_STEP][PASSED] - selectOptionByValue(findTestObject("1. Constant/01_id_field_id", ["field_id":"var_9"]), "amartin_arbol", false): All options with value 'amartin_arbol' are selected in object 'Object Repository/1. Constant/01_id_field_id' 

2022-06-09 18:40:33 - [MESSAGE][PASSED] - All options with value 'amartin_arbol' are selected in object 'Object Repository/1. Constant/01_id_field_id' 

2022-06-09 18:40:33 - [TEST_STEP][PASSED] - delay(1): Delayed 1 second(s)

2022-06-09 18:40:34 - [MESSAGE][PASSED] - Delayed 1 second(s)

2022-06-09 18:40:34 - [TEST_STEP][PASSED] - selectOptionByValue(findTestObject("1. Constant/01_id_field_id", ["field_id":"var_10"]), "aterreshernandez", false): All options with value 'aterreshernandez' are selected in object 'Object Repository/1. Constant/01_id_field_id' 

2022-06-09 18:40:35 - [MESSAGE][PASSED] - All options with value 'aterreshernandez' are selected in object 'Object Repository/1. Constant/01_id_field_id' 

2022-06-09 18:40:35 - [TEST_STEP][PASSED] - delay(1): Delayed 1 second(s)

2022-06-09 18:40:36 - [MESSAGE][PASSED] - Delayed 1 second(s)

2022-06-09 18:40:36 - [TEST_STEP][PASSED] - selectOptionByValue(findTestObject("Object Repository/xxx Todelete/1.4 ModifyProPage_MF(IDP)"), "nalonsobermejo", true): All options with value 'nalonsobermejo' are selected in object 'Object Repository/xxx Todelete/1.4 ModifyProPage_MF(IDP)'  using regular expression

2022-06-09 18:40:43 - [MESSAGE][PASSED] - All options with value 'nalonsobermejo' are selected in object 'Object Repository/xxx Todelete/1.4 ModifyProPage_MF(IDP)'  using regular expression

2022-06-09 18:40:43 - [TEST_STEP][PASSED] - delay(1): Delayed 1 second(s)

2022-06-09 18:40:44 - [MESSAGE][PASSED] - Delayed 1 second(s)

2022-06-09 18:40:44 - [TEST_STEP][PASSED] - click(findTestObject("Object Repository/xxx Todelete/1.41 ModifyProPage_AddMF")): Object: 'Object Repository/xxx Todelete/1.41 ModifyProPage_AddMF' is clicked on

2022-06-09 18:40:47 - [MESSAGE][PASSED] - Object: 'Object Repository/xxx Todelete/1.41 ModifyProPage_AddMF' is clicked on

2022-06-09 18:40:47 - [TEST_STEP][PASSED] - delay(1): Delayed 1 second(s)

2022-06-09 18:40:48 - [MESSAGE][PASSED] - Delayed 1 second(s)

2022-06-09 18:40:48 - [TEST_STEP][PASSED] - selectOptionByValue(findTestObject("1. Constant/01_id_field_id", ["field_id":"var_15"]), "292", false): All options with value '292' are selected in object 'Object Repository/1. Constant/01_id_field_id' 

2022-06-09 18:40:51 - [MESSAGE][PASSED] - All options with value '292' are selected in object 'Object Repository/1. Constant/01_id_field_id' 

2022-06-09 18:40:51 - [TEST_STEP][PASSED] - delay(1): Delayed 1 second(s)

2022-06-09 18:40:52 - [MESSAGE][PASSED] - Delayed 1 second(s)

2022-06-09 18:40:52 - [TEST_STEP][PASSED] - selectOptionByValue(findTestObject("1. Constant/01_id_field_id", ["field_id":"var_26"]), "94", false): All options with value '94' are selected in object 'Object Repository/1. Constant/01_id_field_id' 

2022-06-09 18:40:52 - [MESSAGE][PASSED] - All options with value '94' are selected in object 'Object Repository/1. Constant/01_id_field_id' 

2022-06-09 18:40:52 - [TEST_STEP][PASSED] - delay(1): Delayed 1 second(s)

2022-06-09 18:40:53 - [MESSAGE][PASSED] - Delayed 1 second(s)

2022-06-09 18:40:53 - [TEST_STEP][PASSED] - selectOptionByValue(findTestObject("1. Constant/01_id_field_id", ["field_id":"var_12"]), "94", false): All options with value '94' are selected in object 'Object Repository/1. Constant/01_id_field_id' 

2022-06-09 18:40:54 - [MESSAGE][PASSED] - All options with value '94' are selected in object 'Object Repository/1. Constant/01_id_field_id' 

2022-06-09 18:40:54 - [TEST_STEP][PASSED] - delay(1): Delayed 1 second(s)

2022-06-09 18:40:55 - [MESSAGE][PASSED] - Delayed 1 second(s)

2022-06-09 18:40:55 - [TEST_STEP][PASSED] - selectOptionByValue(findTestObject("1. Constant/01_id_field_id", ["field_id":"var_27"]), "734", false): All options with value '734' are selected in object 'Object Repository/1. Constant/01_id_field_id' 

2022-06-09 18:40:55 - [MESSAGE][PASSED] - All options with value '734' are selected in object 'Object Repository/1. Constant/01_id_field_id' 

2022-06-09 18:40:55 - [TEST_STEP][PASSED] - delay(1): Delayed 1 second(s)

2022-06-09 18:40:56 - [MESSAGE][PASSED] - Delayed 1 second(s)

2022-06-09 18:40:56 - [TEST_STEP][PASSED] - selectOptionByValue(findTestObject("1. Constant/01_id_field_id", ["field_id":"var_71"]), "efood", false): All options with value 'efood' are selected in object 'Object Repository/1. Constant/01_id_field_id' 

2022-06-09 18:40:57 - [MESSAGE][PASSED] - All options with value 'efood' are selected in object 'Object Repository/1. Constant/01_id_field_id' 

2022-06-09 18:40:57 - [TEST_STEP][PASSED] - delay(1): Delayed 1 second(s)

2022-06-09 18:40:58 - [MESSAGE][PASSED] - Delayed 1 second(s)

2022-06-09 18:40:58 - [TEST_STEP][PASSED] - takeScreenshot(): Taking screenshot successfully

2022-06-09 18:40:58 - [MESSAGE][PASSED] - Taking screenshot successfully
[[ATTACHMENT|D:\\Projet Test Auto\\Mediabox Test Automation\\Reports\\20220609_181011\\03. Parallel Testing (Testing)\\TS -PT PART 3\\03. StarPack Full Lifecycle_SAS_Task\\20220609_181034\\1654792858181.png]]

2022-06-09 18:40:58 - [TEST_STEP][PASSED] - delay(5): Delayed 5 second(s)

2022-06-09 18:41:03 - [MESSAGE][PASSED] - Delayed 5 second(s)

2022-06-09 18:41:03 - [TEST_STEP][PASSED] - click(findTestObject("HL Full Lifecycle/5 ModifyProjPage_button_Update")): Object: 'Object Repository/HL Full Lifecycle/5 ModifyProjPage_button_Update' is clicked on

2022-06-09 18:41:06 - [MESSAGE][PASSED] - Object: 'Object Repository/HL Full Lifecycle/5 ModifyProjPage_button_Update' is clicked on

2022-06-09 18:41:06 - [TEST_STEP][PASSED] - delay(2): Delayed 2 second(s)

2022-06-09 18:41:08 - [MESSAGE][PASSED] - Delayed 2 second(s)

2022-06-09 18:41:08 - [TEST_STEP][PASSED] - Project_No = I.ProjectNo(): Current window's url is: 'http://mdb-release.diadeis.lan/MediaboxIndependence/Base/ExecAction?IDSession=MBI%21RELTESTAUTO_STARPACK%211Y7NH6THBO8KTCEYMZTR77Z3YUMN50QENTQGI2EH&default_action=AfficheFichesProjet&id_project=MI001273'

2022-06-09 18:41:13 - [MESSAGE][PASSED] - Delayed 5 second(s)

2022-06-09 18:41:13 - [MESSAGE][PASSED] - Current window's url is: 'http://mdb-release.diadeis.lan/MediaboxIndependence/Base/ExecAction?IDSession=MBI%21RELTESTAUTO_STARPACK%211Y7NH6THBO8KTCEYMZTR77Z3YUMN50QENTQGI2EH&default_action=AfficheFichesProjet&id_project=MI001273'

2022-06-09 18:41:13 - [TEST_STEP][PASSED] - delay(2): Delayed 2 second(s)

2022-06-09 18:41:15 - [MESSAGE][PASSED] - Delayed 2 second(s)

2022-06-09 18:41:15 - [TEST_STEP][PASSED] - click(findTestObject("HL Full Lifecycle/6 ReferenceListPage_createrefbutton")): Object: 'Object Repository/HL Full Lifecycle/6 ReferenceListPage_createrefbutton' is clicked on

2022-06-09 18:41:15 - [MESSAGE][PASSED] - Object: 'Object Repository/HL Full Lifecycle/6 ReferenceListPage_createrefbutton' is clicked on

2022-06-09 18:41:15 - [TEST_STEP][PASSED] - click(findTestObject("HL Full Lifecycle/6 ReferenceListPaga_Create a component_button")): Object: 'Object Repository/HL Full Lifecycle/6 ReferenceListPaga_Create a component_button' is clicked on

2022-06-09 18:41:17 - [MESSAGE][PASSED] - Object: 'Object Repository/HL Full Lifecycle/6 ReferenceListPaga_Create a component_button' is clicked on

2022-06-09 18:41:17 - [TEST_STEP][PASSED] - waitForPageLoad(10): Wait for page load successfully

2022-06-09 18:41:17 - [MESSAGE][PASSED] - Wait for page load successfully

2022-06-09 18:41:17 - [TEST_STEP][PASSED] - takeScreenshot(): Taking screenshot successfully

2022-06-09 18:41:17 - [MESSAGE][PASSED] - Taking screenshot successfully
[[ATTACHMENT|D:\\Projet Test Auto\\Mediabox Test Automation\\Reports\\20220609_181011\\03. Parallel Testing (Testing)\\TS -PT PART 3\\03. StarPack Full Lifecycle_SAS_Task\\20220609_181034\\1654792877556.png]]

2022-06-09 18:41:17 - [TEST_STEP][PASSED] - selectOptionByValue(findTestObject("1. Constant/01_id_field_id", ["field_id":"ref_type"]), "6", false): All options with value '6' are selected in object 'Object Repository/1. Constant/01_id_field_id' 

2022-06-09 18:41:19 - [MESSAGE][PASSED] - All options with value '6' are selected in object 'Object Repository/1. Constant/01_id_field_id' 

2022-06-09 18:41:19 - [TEST_STEP][PASSED] - click(findTestObject("HL Full Lifecycle/6 ReferencePg_Create a component_bluebutton")): Object: 'Object Repository/HL Full Lifecycle/6 ReferencePg_Create a component_bluebutton' is clicked on

2022-06-09 18:41:22 - [MESSAGE][PASSED] - Object: 'Object Repository/HL Full Lifecycle/6 ReferencePg_Create a component_bluebutton' is clicked on

2022-06-09 18:41:22 - [TEST_STEP][PASSED] - refID = I.RefID(): Current window's url is: 'http://mdb-release.diadeis.lan/MediaboxIndependence/Base/ExecAction?IDSession=MBI%21RELTESTAUTO_STARPACK%211Y7NH6THBO8KTCEYMZTR77Z3YUMN50QENTQGI2EH&default_action=ModifierRef&id_project=MI001273&id_ref=6381&action_from=create_ref'

2022-06-09 18:41:27 - [MESSAGE][PASSED] - Delayed 5 second(s)

2022-06-09 18:41:27 - [MESSAGE][PASSED] - Current window's url is: 'http://mdb-release.diadeis.lan/MediaboxIndependence/Base/ExecAction?IDSession=MBI%21RELTESTAUTO_STARPACK%211Y7NH6THBO8KTCEYMZTR77Z3YUMN50QENTQGI2EH&default_action=ModifierRef&id_project=MI001273&id_ref=6381&action_from=create_ref'

2022-06-09 18:41:28 - [TEST_STEP][PASSED] - out.println(refID): null

2022-06-09 18:41:28 - [TEST_STEP][PASSED] - takeScreenshot(): Taking screenshot successfully

2022-06-09 18:41:28 - [MESSAGE][PASSED] - Taking screenshot successfully
[[ATTACHMENT|D:\\Projet Test Auto\\Mediabox Test Automation\\Reports\\20220609_181011\\03. Parallel Testing (Testing)\\TS -PT PART 3\\03. StarPack Full Lifecycle_SAS_Task\\20220609_181034\\1654792888014.png]]

2022-06-09 18:41:28 - [TEST_STEP][PASSED] - sendKeys(findTestObject("1. Constant/01_id_field_id", ["field_id":"var_28"]), "209293"): Keys '209293' sent to object: 'Object Repository/1. Constant/01_id_field_id'

2022-06-09 18:41:28 - [MESSAGE][PASSED] - Keys '209293' sent to object: 'Object Repository/1. Constant/01_id_field_id'

2022-06-09 18:41:28 - [TEST_STEP][PASSED] - sendKeys(findTestObject("1. Constant/01_id_field_id", ["field_id":"var_30"]), "test Submarca"): Keys 'test Submarca' sent to object: 'Object Repository/1. Constant/01_id_field_id'

2022-06-09 18:41:28 - [MESSAGE][PASSED] - Keys 'test Submarca' sent to object: 'Object Repository/1. Constant/01_id_field_id'

2022-06-09 18:41:28 - [TEST_STEP][PASSED] - sendKeys(findTestObject("1. Constant/01_id_field_id", ["field_id":"var_31"]), "test Submarca Vínculo con bulto: test Submarca"): Keys 'test Submarca Vínculo con bulto: test Submarca' sent to object: 'Object Repository/1. Constant/01_id_field_id'

2022-06-09 18:41:29 - [MESSAGE][PASSED] - Keys 'test Submarca Vínculo con bulto: test Submarca' sent to object: 'Object Repository/1. Constant/01_id_field_id'

2022-06-09 18:41:29 - [TEST_STEP][PASSED] - selectOptionByValue(findTestObject("1. Constant/01_id_field_id", ["field_id":"var_38"]), "24", false): All options with value '24' are selected in object 'Object Repository/1. Constant/01_id_field_id' 

2022-06-09 18:41:29 - [MESSAGE][PASSED] - All options with value '24' are selected in object 'Object Repository/1. Constant/01_id_field_id' 

2022-06-09 18:41:29 - [TEST_STEP][PASSED] - sendKeys(findTestObject("1. Constant/01_id_field_id", ["field_id":"var_39"]), "8480017155061"): Keys '8480017155061' sent to object: 'Object Repository/1. Constant/01_id_field_id'

2022-06-09 18:41:30 - [MESSAGE][PASSED] - Keys '8480017155061' sent to object: 'Object Repository/1. Constant/01_id_field_id'

2022-06-09 18:41:30 - [TEST_STEP][PASSED] - selectOptionByValue(findTestObject("1. Constant/01_id_field_id", ["field_id":"selSource_19"]), "22", false): All options with value '22' are selected in object 'Object Repository/1. Constant/01_id_field_id' 

2022-06-09 18:41:30 - [MESSAGE][PASSED] - All options with value '22' are selected in object 'Object Repository/1. Constant/01_id_field_id' 

2022-06-09 18:41:30 - [TEST_STEP][PASSED] - click(findTestObject("Object Repository/xxx Todelete/2.01 ModifyRef_Pais")): Object: 'Object Repository/xxx Todelete/2.01 ModifyRef_Pais' is clicked on

2022-06-09 18:41:30 - [MESSAGE][PASSED] - Object: 'Object Repository/xxx Todelete/2.01 ModifyRef_Pais' is clicked on

2022-06-09 18:41:30 - [TEST_STEP][PASSED] - selectOptionByValue(findTestObject("1. Constant/01_id_field_id", ["field_id":"var_75"]), "26", false): All options with value '26' are selected in object 'Object Repository/1. Constant/01_id_field_id' 

2022-06-09 18:41:30 - [MESSAGE][PASSED] - All options with value '26' are selected in object 'Object Repository/1. Constant/01_id_field_id' 

2022-06-09 18:41:30 - [TEST_STEP][PASSED] - click(findTestObject("HL Full Lifecycle/7 ModifyRefPage_button_Save")): Object: 'Object Repository/HL Full Lifecycle/7 ModifyRefPage_button_Save' is clicked on

2022-06-09 18:41:35 - [MESSAGE][PASSED] - Object: 'Object Repository/HL Full Lifecycle/7 ModifyRefPage_button_Save' is clicked on

2022-06-09 18:41:35 - [TEST_STEP][PASSED] - click(findTestObject("1. Constant/xpath", ["xpath":"/html/body/div[1]/div[2]/div[4]/div[3]/div/div[2]/div[2]/div[1]/table/tbody/tr[2]/td[10]/a[3]"])): Object: 'Object Repository/1. Constant/xpath' is clicked on

2022-06-09 18:41:37 - [MESSAGE][PASSED] - Object: 'Object Repository/1. Constant/xpath' is clicked on

2022-06-09 18:41:37 - [TEST_STEP][PASSED] - click(findTestObject("Object Repository/StarPack - Full Lifecycle (AWIS)/2.031 RefPg_AnnaSubmit", ["id":"1"])): Object: 'Object Repository/StarPack - Full Lifecycle (AWIS)/2.031 RefPg_AnnaSubmit' is clicked on

2022-06-09 18:41:43 - [MESSAGE][PASSED] - Object: 'Object Repository/StarPack - Full Lifecycle (AWIS)/2.031 RefPg_AnnaSubmit' is clicked on

2022-06-09 18:41:43 - [TEST_STEP][PASSED] - click(findTestObject("Object Repository/StarPack - Full Lifecycle (AWIS)/2.03 Block anna")): Object: 'Object Repository/StarPack - Full Lifecycle (AWIS)/2.03 Block anna' is clicked on

2022-06-09 18:41:48 - [MESSAGE][PASSED] - Object: 'Object Repository/StarPack - Full Lifecycle (AWIS)/2.03 Block anna' is clicked on

2022-06-09 18:41:48 - [TEST_STEP][PASSED] - I.click_button_javascript(findTestObject("Object Repository/StarPack - Full Lifecycle (AWIS)/2.041 Field daughter (NO)", ["id":"1"])): Execute JavaScript 'arguments[0].click()' successfully

2022-06-09 18:41:50 - [MESSAGE][PASSED] - Execute JavaScript 'arguments[0].click()' successfully

2022-06-09 18:41:50 - [TEST_STEP][PASSED] - I.click_button_javascript(findTestObject("Object Repository/StarPack - Full Lifecycle (AWIS)/2.041 Field daughter (NO)", ["id":"2"])): Execute JavaScript 'arguments[0].click()' successfully

2022-06-09 18:41:52 - [MESSAGE][PASSED] - Execute JavaScript 'arguments[0].click()' successfully

2022-06-09 18:41:52 - [TEST_STEP][PASSED] - I.click_button_javascript(findTestObject("Object Repository/StarPack - Full Lifecycle (AWIS)/2.041 Field daughter (NO)", ["id":"3"])): Execute JavaScript 'arguments[0].click()' successfully

2022-06-09 18:41:52 - [MESSAGE][PASSED] - Execute JavaScript 'arguments[0].click()' successfully

2022-06-09 18:41:52 - [TEST_STEP][PASSED] - I.Pagedown(): Execute JavaScript 'window.scrollTo(0, document.body.scrollHeight)' successfully

2022-06-09 18:41:52 - [MESSAGE][PASSED] - Execute JavaScript 'window.scrollTo(0, document.body.scrollHeight)' successfully

2022-06-09 18:41:52 - [TEST_STEP][PASSED] - click(findTestObject("Object Repository/StarPack - Full Lifecycle (AWIS)/2.05 RefPg_submit")): Object: 'Object Repository/StarPack - Full Lifecycle (AWIS)/2.05 RefPg_submit' is clicked on

2022-06-09 18:41:58 - [MESSAGE][PASSED] - Object: 'Object Repository/StarPack - Full Lifecycle (AWIS)/2.05 RefPg_submit' is clicked on

2022-06-09 18:41:58 - [TEST_STEP][PASSED] - delay(2): Delayed 2 second(s)

2022-06-09 18:42:00 - [MESSAGE][PASSED] - Delayed 2 second(s)

2022-06-09 18:42:00 - [TEST_STEP][PASSED] - takeScreenshot(): Taking screenshot successfully

2022-06-09 18:42:01 - [MESSAGE][PASSED] - Taking screenshot successfully
[[ATTACHMENT|D:\\Projet Test Auto\\Mediabox Test Automation\\Reports\\20220609_181011\\03. Parallel Testing (Testing)\\TS -PT PART 3\\03. StarPack Full Lifecycle_SAS_Task\\20220609_181034\\1654792920790.png]]

2022-06-09 18:42:01 - [TEST_STEP][PASSED] - color1 = getCSSValue(findTestObject("1. Constant/xpath", ["xpath":"/html/body/div[1]/div[2]/div[4]/div[3]/div/div[2]/div[2]/div[1]/table/tbody/tr[2]/td[10]/a[2]"]), "color", OPTIONAL): Get CSS 'color' value on 'Object Repository/1. Constant/xpath' successfully: 'rgba(255, 255, 255, 1)'.

2022-06-09 18:42:01 - [MESSAGE][PASSED] - Get CSS 'color' value on 'Object Repository/1. Constant/xpath' successfully: 'rgba(255, 255, 255, 1)'.

2022-06-09 18:42:01 - [TEST_STEP][PASSED] - I.print(color1): null

2022-06-09 18:42:01 - [TEST_STEP][PASSED] - while (color1 == "rgba(255, 255, 255, 1)"): null

2022-06-09 18:42:01 - [TEST_STEP][PASSED] - click(findTestObject("1. Constant/xpath", ["xpath":"/html/body/div[1]/div[2]/div[4]/div[3]/div/div[2]/div[2]/div[1]/table/tbody/tr[2]/td[10]/a[2]"])): Object: 'Object Repository/1. Constant/xpath' is clicked on

2022-06-09 18:42:02 - [MESSAGE][PASSED] - Object: 'Object Repository/1. Constant/xpath' is clicked on

2022-06-09 18:42:02 - [TEST_STEP][PASSED] - takeScreenshot(): Taking screenshot successfully

2022-06-09 18:42:03 - [MESSAGE][PASSED] - Taking screenshot successfully
[[ATTACHMENT|D:\\Projet Test Auto\\Mediabox Test Automation\\Reports\\20220609_181011\\03. Parallel Testing (Testing)\\TS -PT PART 3\\03. StarPack Full Lifecycle_SAS_Task\\20220609_181034\\1654792922794.png]]

2022-06-09 18:42:03 - [TEST_STEP][PASSED] - I.UploadDoc_sendkey_Prod(findTestObject("1. Constant/xpath", ["xpath":"//*[@id="kt_body"]/input[2]"]), "D:\Upoad_File\Upload doc\testdataaddition1.jpg", "testdataaddition1.jpg"): Delayed 5 second(s)

2022-06-09 18:42:03 - [MESSAGE][PASSED] - Scroll to object 'Object Repository/1. Constant/xpath' successfully

2022-06-09 18:42:08 - [MESSAGE][PASSED] - Delayed 5 second(s)

2022-06-09 18:42:08 - [MESSAGE][PASSED] - File 'D:\Upoad_File\Upload doc\testdataaddition1.jpg' sent to object: 'Object Repository/1. Constant/xpath'

2022-06-09 18:42:13 - [MESSAGE][PASSED] - Delayed 5 second(s)

2022-06-09 18:42:13 - [MESSAGE][PASSED] - Text 'testdataaddition1.jpg' is present on page 

2022-06-09 18:42:18 - [MESSAGE][PASSED] - Delayed 5 second(s)

2022-06-09 18:42:23 - [MESSAGE][PASSED] - Delayed 5 second(s)

2022-06-09 18:42:23 - [TEST_STEP][PASSED] - takeScreenshot(): Taking screenshot successfully

2022-06-09 18:42:23 - [MESSAGE][PASSED] - Taking screenshot successfully
[[ATTACHMENT|D:\\Projet Test Auto\\Mediabox Test Automation\\Reports\\20220609_181011\\03. Parallel Testing (Testing)\\TS -PT PART 3\\03. StarPack Full Lifecycle_SAS_Task\\20220609_181034\\1654792943571.png]]

2022-06-09 18:42:23 - [TEST_STEP][PASSED] - delay(10): Delayed 10 second(s)

2022-06-09 18:42:33 - [MESSAGE][PASSED] - Delayed 10 second(s)

2022-06-09 18:42:33 - [TEST_STEP][PASSED] - I.click_button_javascript(findTestObject("1. Constant/xpath", ["xpath":"//*[@id="ModifFiche"]/div[1]/div/button"])): Execute JavaScript 'arguments[0].click()' successfully

2022-06-09 18:42:43 - [MESSAGE][PASSED] - Execute JavaScript 'arguments[0].click()' successfully

2022-06-09 18:42:43 - [TEST_STEP][PASSED] - delay(5): Delayed 5 second(s)

2022-06-09 18:42:48 - [MESSAGE][PASSED] - Delayed 5 second(s)

2022-06-09 18:42:48 - [TEST_STEP][PASSED] - if (verifyElementPresent(findTestObject("1. Constant/xpath", ["xpath":"/html/body/div[1]/div[2]/div[4]/div[3]/div/div[2]/div[2]/div[1]/table/tbody/tr[2]/td[10]/a[2]"]), 10, OPTIONAL)): null

2022-06-09 18:42:50 - [MESSAGE][PASSED] - Object 'Object Repository/1. Constant/xpath' is present

2022-06-09 18:42:50 - [TEST_STEP][PASSED] - color1 = getCSSValue(findTestObject("1. Constant/xpath", ["xpath":"/html/body/div[1]/div[2]/div[4]/div[3]/div/div[2]/div[2]/div[1]/table/tbody/tr[2]/td[10]/a[2]"]), "color", OPTIONAL): Get CSS 'color' value on 'Object Repository/1. Constant/xpath' successfully: 'rgba(54, 153, 255, 1)'.

2022-06-09 18:42:51 - [MESSAGE][PASSED] - Get CSS 'color' value on 'Object Repository/1. Constant/xpath' successfully: 'rgba(54, 153, 255, 1)'.

2022-06-09 18:42:51 - [TEST_STEP][PASSED] - I.Logout(): Delayed 3 second(s)

2022-06-09 18:42:54 - [MESSAGE][PASSED] - Delayed 3 second(s)

2022-06-09 18:42:57 - [MESSAGE][PASSED] - Object: 'Object Repository/1. Constant/xpath' is clicked on

2022-06-09 18:43:00 - [MESSAGE][PASSED] - Delayed 3 second(s)

2022-06-09 18:43:07 - [MESSAGE][PASSED] - Object: 'Object Repository/1. Constant/xpath' is clicked on

2022-06-09 18:43:10 - [MESSAGE][PASSED] - Delayed 3 second(s)

2022-06-09 18:43:10 - [TEST_STEP][PASSED] - I.Login_password("aterreshernandez", password_aterreshernandez): Object: 'Object Repository/1. Constant/xpath' is clicked on

2022-06-09 18:43:13 - [MESSAGE][PASSED] - Text 'aterreshernandez' is set on object 'Object Repository/1. Constant/xpath'

2022-06-09 18:43:14 - [MESSAGE][PASSED] - Delayed 1 second(s)

2022-06-09 18:43:15 - [MESSAGE][PASSED] - Text 'dchi' is set on object 'Object Repository/1. Constant/xpath'

2022-06-09 18:43:16 - [MESSAGE][PASSED] - Delayed 1 second(s)

2022-06-09 18:43:20 - [MESSAGE][PASSED] - Object: 'Object Repository/1. Constant/xpath' is clicked on

2022-06-09 18:43:20 - [TEST_STEP][PASSED] - takeScreenshot(): Taking screenshot successfully

2022-06-09 18:43:21 - [MESSAGE][PASSED] - Taking screenshot successfully
[[ATTACHMENT|D:\\Projet Test Auto\\Mediabox Test Automation\\Reports\\20220609_181011\\03. Parallel Testing (Testing)\\TS -PT PART 3\\03. StarPack Full Lifecycle_SAS_Task\\20220609_181034\\1654793000877.png]]

2022-06-09 18:43:21 - [TEST_STEP][PASSED] - click(findTestObject("1. Constant/02_LHSMenu_Projects")): Object: 'Object Repository/1. Constant/02_LHSMenu_Projects' is clicked on

2022-06-09 18:43:23 - [MESSAGE][PASSED] - Object: 'Object Repository/1. Constant/02_LHSMenu_Projects' is clicked on

2022-06-09 18:43:23 - [TEST_STEP][PASSED] - I.SearchProjectNo(Project_No, findTestObject("1. Constant/xpath", ["xpath":"//*[@id="form_filters"]/div[7]/button"])): Delayed 5 second(s)

2022-06-09 18:43:24 - [MESSAGE][PASSED] - Text 'MI001273' is set on object 'Object Repository/1. Constant/xpath'

2022-06-09 18:43:27 - [MESSAGE][PASSED] - Delayed 3 second(s)

2022-06-09 18:43:30 - [MESSAGE][PASSED] - Object: 'Object Repository/1. Constant/xpath' is clicked on

2022-06-09 18:43:35 - [MESSAGE][PASSED] - Delayed 5 second(s)

2022-06-09 18:43:35 - [TEST_STEP][PASSED] - click(findTestObject("1. Constant/xpath", ["xpath":"/html/body/div[1]/div[2]/div[4]/div[3]/div/div[2]/div[2]/div[1]/table/tbody/tr[2]/td[12]/a[2]"])): Object: 'Object Repository/1. Constant/xpath' is clicked on

2022-06-09 18:43:40 - [MESSAGE][PASSED] - Object: 'Object Repository/1. Constant/xpath' is clicked on

2022-06-09 18:43:40 - [TEST_STEP][PASSED] - delay(2): Delayed 2 second(s)

2022-06-09 18:43:42 - [MESSAGE][PASSED] - Delayed 2 second(s)

2022-06-09 18:43:42 - [TEST_STEP][PASSED] - I.AWF_approve_view(): Object: 'Object Repository/HL Full Lifecycle/Function_Appbutton2' is clicked on

2022-06-09 18:43:42 - [MESSAGE][PASSED] - Wait for page load successfully

2022-06-09 18:43:52 - [MESSAGE][PASSED] - Delayed 10 second(s)

2022-06-09 18:43:54 - [MESSAGE][PASSED] - Object: 'Object Repository/HL Full Lifecycle/Function_access Viewer2' is hovered

2022-06-09 18:43:57 - [MESSAGE][PASSED] - Delayed 3 second(s)

2022-06-09 18:43:57 - [MESSAGE][PASSED] - Object: 'Object Repository/HL Full Lifecycle/Function_access Viewer2' is clicked on

2022-06-09 18:44:02 - [MESSAGE][PASSED] - Delayed 5 second(s)

2022-06-09 18:44:05 - [MESSAGE][PASSED] - Object: 'Object Repository/HL Full Lifecycle/Function_AppButton' is clicked on

2022-06-09 18:44:10 - [MESSAGE][PASSED] - Delayed 5 second(s)

2022-06-09 18:44:16 - [MESSAGE][PASSED] - Object: 'Object Repository/HL Full Lifecycle/Function_Appbutton2' is clicked on

2022-06-09 18:44:16 - [TEST_STEP][PASSED] - I.Logout(): Delayed 3 second(s)

2022-06-09 18:44:19 - [MESSAGE][PASSED] - Delayed 3 second(s)

2022-06-09 18:44:19 - [MESSAGE][PASSED] - Object: 'Object Repository/1. Constant/xpath' is clicked on

2022-06-09 18:44:22 - [MESSAGE][PASSED] - Delayed 3 second(s)

2022-06-09 18:44:25 - [MESSAGE][PASSED] - Object: 'Object Repository/1. Constant/xpath' is clicked on

2022-06-09 18:44:28 - [MESSAGE][PASSED] - Delayed 3 second(s)

2022-06-09 18:44:28 - [TEST_STEP][PASSED] - I.Login_password("aherms", password_aherms): Object: 'Object Repository/1. Constant/xpath' is clicked on

2022-06-09 18:44:28 - [MESSAGE][PASSED] - Text 'aherms' is set on object 'Object Repository/1. Constant/xpath'

2022-06-09 18:44:29 - [MESSAGE][PASSED] - Delayed 1 second(s)

2022-06-09 18:44:30 - [MESSAGE][PASSED] - Text 'dchi3' is set on object 'Object Repository/1. Constant/xpath'

2022-06-09 18:44:31 - [MESSAGE][PASSED] - Delayed 1 second(s)

2022-06-09 18:44:34 - [MESSAGE][PASSED] - Object: 'Object Repository/1. Constant/xpath' is clicked on

2022-06-09 18:44:34 - [TEST_STEP][PASSED] - takeScreenshot(): Taking screenshot successfully

2022-06-09 18:44:35 - [MESSAGE][PASSED] - Taking screenshot successfully
[[ATTACHMENT|D:\\Projet Test Auto\\Mediabox Test Automation\\Reports\\20220609_181011\\03. Parallel Testing (Testing)\\TS -PT PART 3\\03. StarPack Full Lifecycle_SAS_Task\\20220609_181034\\1654793074787.png]]

2022-06-09 18:44:35 - [TEST_STEP][PASSED] - click(findTestObject("1. Constant/02_LHSMenu_Projects")): Object: 'Object Repository/1. Constant/02_LHSMenu_Projects' is clicked on

2022-06-09 18:44:38 - [MESSAGE][PASSED] - Object: 'Object Repository/1. Constant/02_LHSMenu_Projects' is clicked on

2022-06-09 18:44:38 - [TEST_STEP][PASSED] - I.SearchProjectNo(Project_No, findTestObject("HL Full Lifecycle/9 Filter_Button_Apply")): Delayed 5 second(s)

2022-06-09 18:44:39 - [MESSAGE][PASSED] - Text 'MI001273' is set on object 'Object Repository/1. Constant/xpath'

2022-06-09 18:44:42 - [MESSAGE][PASSED] - Delayed 3 second(s)

2022-06-09 18:44:45 - [MESSAGE][PASSED] - Object: 'Object Repository/HL Full Lifecycle/9 Filter_Button_Apply' is clicked on

2022-06-09 18:44:50 - [MESSAGE][PASSED] - Delayed 5 second(s)

2022-06-09 18:44:50 - [TEST_STEP][PASSED] - click(findTestObject("Object Repository/StarPack - Full Lifecycle (AWIS)/5.07 Agency1 id_refID_td8", ["refID":"source_" + refID])): Object: 'Object Repository/StarPack - Full Lifecycle (AWIS)/5.07 Agency1 id_refID_td8' is clicked on

2022-06-09 18:44:52 - [MESSAGE][PASSED] - Object: 'Object Repository/StarPack - Full Lifecycle (AWIS)/5.07 Agency1 id_refID_td8' is clicked on

2022-06-09 18:44:52 - [TEST_STEP][PASSED] - waitForPageLoad(5): Wait for page load successfully

2022-06-09 18:44:54 - [MESSAGE][PASSED] - Wait for page load successfully

2022-06-09 18:44:54 - [TEST_STEP][PASSED] - mouseOver(findTestObject("Object Repository/HL Full Lifecycle/Function_access Viewer2")): Object: 'Object Repository/HL Full Lifecycle/Function_access Viewer2' is hovered

2022-06-09 18:44:55 - [MESSAGE][PASSED] - Object: 'Object Repository/HL Full Lifecycle/Function_access Viewer2' is hovered

2022-06-09 18:44:55 - [TEST_STEP][PASSED] - delay(1): Delayed 1 second(s)

2022-06-09 18:44:56 - [MESSAGE][PASSED] - Delayed 1 second(s)

2022-06-09 18:44:56 - [TEST_STEP][PASSED] - click(findTestObject("Object Repository/HL Full Lifecycle/Function_access Viewer2")): Object: 'Object Repository/HL Full Lifecycle/Function_access Viewer2' is clicked on

2022-06-09 18:44:56 - [MESSAGE][PASSED] - Object: 'Object Repository/HL Full Lifecycle/Function_access Viewer2' is clicked on

2022-06-09 18:44:56 - [TEST_STEP][PASSED] - delay(1): Delayed 1 second(s)

2022-06-09 18:44:57 - [MESSAGE][PASSED] - Delayed 1 second(s)

2022-06-09 18:44:57 - [TEST_STEP][PASSED] - click(findTestObject("HL Full Lifecycle/Function_AppButton")): Object: 'Object Repository/HL Full Lifecycle/Function_AppButton' is clicked on

2022-06-09 18:44:58 - [MESSAGE][PASSED] - Object: 'Object Repository/HL Full Lifecycle/Function_AppButton' is clicked on

2022-06-09 18:44:58 - [TEST_STEP][PASSED] - delay(1): Delayed 1 second(s)

2022-06-09 18:44:59 - [MESSAGE][PASSED] - Delayed 1 second(s)

2022-06-09 18:44:59 - [TEST_STEP][PASSED] - click(findTestObject("xxx Todelete/xpath", ["xpath":"//*[@id="approvePermButton"]"])): Object: 'Object Repository/xxx Todelete/xpath' is clicked on

2022-06-09 18:45:03 - [MESSAGE][PASSED] - Object: 'Object Repository/xxx Todelete/xpath' is clicked on

2022-06-09 18:45:03 - [TEST_STEP][PASSED] - delay(1): Delayed 1 second(s)

2022-06-09 18:45:04 - [MESSAGE][PASSED] - Delayed 1 second(s)

2022-06-09 18:45:04 - [TEST_STEP][PASSED] - I.Logout(): Delayed 3 second(s)

2022-06-09 18:45:08 - [MESSAGE][PASSED] - Delayed 3 second(s)

2022-06-09 18:45:08 - [MESSAGE][PASSED] - Object: 'Object Repository/1. Constant/xpath' is clicked on

2022-06-09 18:45:11 - [MESSAGE][PASSED] - Delayed 3 second(s)

2022-06-09 18:45:12 - [MESSAGE][PASSED] - Object: 'Object Repository/1. Constant/xpath' is clicked on

2022-06-09 18:45:15 - [MESSAGE][PASSED] - Delayed 3 second(s)

2022-06-09 18:45:15 - [TEST_STEP][PASSED] - I.Login_password("amartin_arbol", password_amartin_arbol): Object: 'Object Repository/1. Constant/xpath' is clicked on

2022-06-09 18:45:17 - [MESSAGE][PASSED] - Text 'amartin_arbol' is set on object 'Object Repository/1. Constant/xpath'

2022-06-09 18:45:18 - [MESSAGE][PASSED] - Delayed 1 second(s)

2022-06-09 18:45:18 - [MESSAGE][PASSED] - Text 'dchi' is set on object 'Object Repository/1. Constant/xpath'

2022-06-09 18:45:19 - [MESSAGE][PASSED] - Delayed 1 second(s)

2022-06-09 18:45:23 - [MESSAGE][PASSED] - Object: 'Object Repository/1. Constant/xpath' is clicked on

2022-06-09 18:45:23 - [TEST_STEP][PASSED] - takeScreenshot(): Taking screenshot successfully

2022-06-09 18:45:23 - [MESSAGE][PASSED] - Taking screenshot successfully
[[ATTACHMENT|D:\\Projet Test Auto\\Mediabox Test Automation\\Reports\\20220609_181011\\03. Parallel Testing (Testing)\\TS -PT PART 3\\03. StarPack Full Lifecycle_SAS_Task\\20220609_181034\\1654793123349.png]]

2022-06-09 18:45:23 - [TEST_STEP][PASSED] - click(findTestObject("1. Constant/02_LHSMenu_Projects")): Object: 'Object Repository/1. Constant/02_LHSMenu_Projects' is clicked on

2022-06-09 18:45:26 - [MESSAGE][PASSED] - Object: 'Object Repository/1. Constant/02_LHSMenu_Projects' is clicked on

2022-06-09 18:45:26 - [TEST_STEP][PASSED] - I.SearchProjectNo(Project_No, findTestObject("HL Full Lifecycle/9 Filter_Button_Apply")): Delayed 5 second(s)

2022-06-09 18:45:27 - [MESSAGE][PASSED] - Text 'MI001273' is set on object 'Object Repository/1. Constant/xpath'

2022-06-09 18:45:30 - [MESSAGE][PASSED] - Delayed 3 second(s)

2022-06-09 18:45:32 - [MESSAGE][PASSED] - Object: 'Object Repository/HL Full Lifecycle/9 Filter_Button_Apply' is clicked on

2022-06-09 18:45:37 - [MESSAGE][PASSED] - Delayed 5 second(s)

2022-06-09 18:45:37 - [TEST_STEP][PASSED] - click(findTestObject("1. Constant/02_LHSMenu_Projects")): Object: 'Object Repository/1. Constant/02_LHSMenu_Projects' is clicked on

2022-06-09 18:45:37 - [MESSAGE][PASSED] - Object: 'Object Repository/1. Constant/02_LHSMenu_Projects' is clicked on

2022-06-09 18:45:37 - [TEST_STEP][PASSED] - click(findTestObject("Object Repository/StarPack - Full Lifecycle (AWIS)/5.04 Agency1 id_refID_td9_a2", ["refID":"source_" + refID])): Object: 'Object Repository/StarPack - Full Lifecycle (AWIS)/5.04 Agency1 id_refID_td9_a2' is clicked on

2022-06-09 18:45:41 - [MESSAGE][PASSED] - Object: 'Object Repository/StarPack - Full Lifecycle (AWIS)/5.04 Agency1 id_refID_td9_a2' is clicked on

2022-06-09 18:45:41 - [TEST_STEP][PASSED] - I.AWF_approve_view(): Object: 'Object Repository/HL Full Lifecycle/Function_Appbutton2' is clicked on

2022-06-09 18:45:42 - [MESSAGE][PASSED] - Wait for page load successfully

2022-06-09 18:45:52 - [MESSAGE][PASSED] - Delayed 10 second(s)

2022-06-09 18:45:53 - [MESSAGE][PASSED] - Object: 'Object Repository/HL Full Lifecycle/Function_access Viewer2' is hovered

2022-06-09 18:45:56 - [MESSAGE][PASSED] - Delayed 3 second(s)

2022-06-09 18:45:56 - [MESSAGE][PASSED] - Object: 'Object Repository/HL Full Lifecycle/Function_access Viewer2' is clicked on

2022-06-09 18:46:01 - [MESSAGE][PASSED] - Delayed 5 second(s)

2022-06-09 18:46:04 - [MESSAGE][PASSED] - Object: 'Object Repository/HL Full Lifecycle/Function_AppButton' is clicked on

2022-06-09 18:46:09 - [MESSAGE][PASSED] - Delayed 5 second(s)

2022-06-09 18:46:12 - [MESSAGE][PASSED] - Object: 'Object Repository/HL Full Lifecycle/Function_Appbutton2' is clicked on

2022-06-09 18:46:12 - [TEST_STEP][PASSED] - I.Logout(): Delayed 3 second(s)

2022-06-09 18:46:15 - [MESSAGE][PASSED] - Delayed 3 second(s)

2022-06-09 18:46:16 - [MESSAGE][PASSED] - Object: 'Object Repository/1. Constant/xpath' is clicked on

2022-06-09 18:46:19 - [MESSAGE][PASSED] - Delayed 3 second(s)

2022-06-09 18:46:23 - [MESSAGE][PASSED] - Object: 'Object Repository/1. Constant/xpath' is clicked on

2022-06-09 18:46:26 - [MESSAGE][PASSED] - Delayed 3 second(s)

2022-06-09 18:46:26 - [TEST_STEP][PASSED] - I.Login_password("aterreshernandez", password_aterreshernandez): Object: 'Object Repository/1. Constant/xpath' is clicked on

2022-06-09 18:46:26 - [MESSAGE][PASSED] - Text 'aterreshernandez' is set on object 'Object Repository/1. Constant/xpath'

2022-06-09 18:46:27 - [MESSAGE][PASSED] - Delayed 1 second(s)

2022-06-09 18:46:27 - [MESSAGE][PASSED] - Text 'dchi' is set on object 'Object Repository/1. Constant/xpath'

2022-06-09 18:46:28 - [MESSAGE][PASSED] - Delayed 1 second(s)

2022-06-09 18:46:31 - [MESSAGE][PASSED] - Object: 'Object Repository/1. Constant/xpath' is clicked on

2022-06-09 18:46:31 - [TEST_STEP][PASSED] - takeScreenshot(): Taking screenshot successfully

2022-06-09 18:46:32 - [MESSAGE][PASSED] - Taking screenshot successfully
[[ATTACHMENT|D:\\Projet Test Auto\\Mediabox Test Automation\\Reports\\20220609_181011\\03. Parallel Testing (Testing)\\TS -PT PART 3\\03. StarPack Full Lifecycle_SAS_Task\\20220609_181034\\1654793191824.png]]

2022-06-09 18:46:32 - [TEST_STEP][PASSED] - click(findTestObject("1. Constant/02_LHSMenu_Projects")): Object: 'Object Repository/1. Constant/02_LHSMenu_Projects' is clicked on

2022-06-09 18:46:34 - [MESSAGE][PASSED] - Object: 'Object Repository/1. Constant/02_LHSMenu_Projects' is clicked on

2022-06-09 18:46:34 - [TEST_STEP][PASSED] - I.SearchProjectNo(Project_No, findTestObject("1. Constant/xpath", ["xpath":"//*[@id="form_filters"]/div[7]/button"])): Delayed 5 second(s)

2022-06-09 18:46:36 - [MESSAGE][PASSED] - Text 'MI001273' is set on object 'Object Repository/1. Constant/xpath'

2022-06-09 18:46:39 - [MESSAGE][PASSED] - Delayed 3 second(s)

2022-06-09 18:46:43 - [MESSAGE][PASSED] - Object: 'Object Repository/1. Constant/xpath' is clicked on

2022-06-09 18:46:48 - [MESSAGE][PASSED] - Delayed 5 second(s)

2022-06-09 18:46:48 - [TEST_STEP][PASSED] - click(findTestObject("1. Constant/xpath", ["xpath":"/html/body/div[1]/div[2]/div[4]/div[3]/div/div[2]/div[2]/div[1]/table/tbody/tr[2]/td[12]/a[2]"])): Object: 'Object Repository/1. Constant/xpath' is clicked on

2022-06-09 18:46:51 - [MESSAGE][PASSED] - Object: 'Object Repository/1. Constant/xpath' is clicked on

2022-06-09 18:46:51 - [TEST_STEP][PASSED] - delay(3): Delayed 3 second(s)

2022-06-09 18:46:54 - [MESSAGE][PASSED] - Delayed 3 second(s)

2022-06-09 18:46:54 - [TEST_STEP][PASSED] - I.AWF_approve_view(): Object: 'Object Repository/HL Full Lifecycle/Function_Appbutton2' is clicked on

2022-06-09 18:46:54 - [MESSAGE][PASSED] - Wait for page load successfully

2022-06-09 18:47:04 - [MESSAGE][PASSED] - Delayed 10 second(s)

2022-06-09 18:47:04 - [MESSAGE][PASSED] - Object: 'Object Repository/HL Full Lifecycle/Function_access Viewer2' is hovered

2022-06-09 18:47:07 - [MESSAGE][PASSED] - Delayed 3 second(s)

2022-06-09 18:47:08 - [MESSAGE][PASSED] - Object: 'Object Repository/HL Full Lifecycle/Function_access Viewer2' is clicked on

2022-06-09 18:47:13 - [MESSAGE][PASSED] - Delayed 5 second(s)

2022-06-09 18:47:14 - [MESSAGE][PASSED] - Object: 'Object Repository/HL Full Lifecycle/Function_AppButton' is clicked on

2022-06-09 18:47:19 - [MESSAGE][PASSED] - Delayed 5 second(s)

2022-06-09 18:47:22 - [MESSAGE][PASSED] - Object: 'Object Repository/HL Full Lifecycle/Function_Appbutton2' is clicked on

2022-06-09 18:47:22 - [TEST_STEP][PASSED] - I.Logout(): Delayed 3 second(s)

2022-06-09 18:47:25 - [MESSAGE][PASSED] - Delayed 3 second(s)

2022-06-09 18:47:25 - [MESSAGE][PASSED] - Object: 'Object Repository/1. Constant/xpath' is clicked on

2022-06-09 18:47:28 - [MESSAGE][PASSED] - Delayed 3 second(s)

2022-06-09 18:47:30 - [MESSAGE][PASSED] - Object: 'Object Repository/1. Constant/xpath' is clicked on

2022-06-09 18:47:33 - [MESSAGE][PASSED] - Delayed 3 second(s)

2022-06-09 18:47:33 - [TEST_STEP][PASSED] - I.Login_password("agluszczynska", password_agluszczynska): Object: 'Object Repository/1. Constant/xpath' is clicked on

2022-06-09 18:47:34 - [MESSAGE][PASSED] - Text 'agluszczynska' is set on object 'Object Repository/1. Constant/xpath'

2022-06-09 18:47:35 - [MESSAGE][PASSED] - Delayed 1 second(s)

2022-06-09 18:47:35 - [MESSAGE][PASSED] - Text 'dchi3' is set on object 'Object Repository/1. Constant/xpath'

2022-06-09 18:47:36 - [MESSAGE][PASSED] - Delayed 1 second(s)

2022-06-09 18:47:39 - [MESSAGE][PASSED] - Object: 'Object Repository/1. Constant/xpath' is clicked on

2022-06-09 18:47:39 - [TEST_STEP][PASSED] - takeScreenshot(): Taking screenshot successfully

2022-06-09 18:47:39 - [MESSAGE][PASSED] - Taking screenshot successfully
[[ATTACHMENT|D:\\Projet Test Auto\\Mediabox Test Automation\\Reports\\20220609_181011\\03. Parallel Testing (Testing)\\TS -PT PART 3\\03. StarPack Full Lifecycle_SAS_Task\\20220609_181034\\1654793259411.png]]

2022-06-09 18:47:39 - [TEST_STEP][PASSED] - click(findTestObject("1. Constant/02_LHSMenu_Projects")): Object: 'Object Repository/1. Constant/02_LHSMenu_Projects' is clicked on

2022-06-09 18:47:41 - [MESSAGE][PASSED] - Object: 'Object Repository/1. Constant/02_LHSMenu_Projects' is clicked on

2022-06-09 18:47:41 - [TEST_STEP][PASSED] - I.SearchProjectNo(Project_No, findTestObject("HL Full Lifecycle/9 Filter_Button_Apply")): Delayed 5 second(s)

2022-06-09 18:47:41 - [MESSAGE][PASSED] - Text 'MI001273' is set on object 'Object Repository/1. Constant/xpath'

2022-06-09 18:47:44 - [MESSAGE][PASSED] - Delayed 3 second(s)

2022-06-09 18:47:47 - [MESSAGE][PASSED] - Object: 'Object Repository/HL Full Lifecycle/9 Filter_Button_Apply' is clicked on

2022-06-09 18:47:52 - [MESSAGE][PASSED] - Delayed 5 second(s)

2022-06-09 18:47:52 - [TEST_STEP][PASSED] - click(findTestObject("Object Repository/StarPack - Full Lifecycle (AWIS)/5.04 Agency1 id_refID_td9_a2", ["refID":"source_" + refID])): Object: 'Object Repository/StarPack - Full Lifecycle (AWIS)/5.04 Agency1 id_refID_td9_a2' is clicked on

2022-06-09 18:47:55 - [MESSAGE][PASSED] - Object: 'Object Repository/StarPack - Full Lifecycle (AWIS)/5.04 Agency1 id_refID_td9_a2' is clicked on

2022-06-09 18:47:55 - [TEST_STEP][PASSED] - I.UploadDoc_sendkey_field("//*[@id="var_25"]", "D:\Upoad_File\Upload doc\testdata1.pdf", "testdata1"): Text 'testdata1' is present on page 

2022-06-09 18:47:57 - [MESSAGE][PASSED] - Delayed 2 second(s)

2022-06-09 18:47:59 - [MESSAGE][PASSED] - Keys 'D:\Upoad_File\Upload doc\testdata1.pdf' sent to object: 'Object Repository/1. Constant/xpath'

2022-06-09 18:47:59 - [MESSAGE][PASSED] - Text 'testdata1' is present on page 

2022-06-09 18:47:59 - [TEST_STEP][PASSED] - click(findTestObject("1. Constant/xpath", ["xpath":"//*[@id="ModifFiche"]/div[3]/div/button[2]"])): Object: 'Object Repository/1. Constant/xpath' is clicked on

2022-06-09 18:48:04 - [MESSAGE][PASSED] - Object: 'Object Repository/1. Constant/xpath' is clicked on

2022-06-09 18:48:04 - [TEST_STEP][PASSED] - I.Logout(): Delayed 3 second(s)

2022-06-09 18:48:07 - [MESSAGE][PASSED] - Delayed 3 second(s)

2022-06-09 18:48:07 - [MESSAGE][PASSED] - Object: 'Object Repository/1. Constant/xpath' is clicked on

2022-06-09 18:48:10 - [MESSAGE][PASSED] - Delayed 3 second(s)

2022-06-09 18:48:12 - [MESSAGE][PASSED] - Object: 'Object Repository/1. Constant/xpath' is clicked on

2022-06-09 18:48:15 - [MESSAGE][PASSED] - Delayed 3 second(s)

2022-06-09 18:48:15 - [TEST_STEP][PASSED] - I.Login_password("aherms", password_aherms): Object: 'Object Repository/1. Constant/xpath' is clicked on

2022-06-09 18:48:15 - [MESSAGE][PASSED] - Text 'aherms' is set on object 'Object Repository/1. Constant/xpath'

2022-06-09 18:48:16 - [MESSAGE][PASSED] - Delayed 1 second(s)

2022-06-09 18:48:16 - [MESSAGE][PASSED] - Text 'dchi3' is set on object 'Object Repository/1. Constant/xpath'

2022-06-09 18:48:17 - [MESSAGE][PASSED] - Delayed 1 second(s)

2022-06-09 18:48:19 - [MESSAGE][PASSED] - Object: 'Object Repository/1. Constant/xpath' is clicked on

2022-06-09 18:48:19 - [TEST_STEP][PASSED] - takeScreenshot(): Taking screenshot successfully

2022-06-09 18:48:20 - [MESSAGE][PASSED] - Taking screenshot successfully
[[ATTACHMENT|D:\\Projet Test Auto\\Mediabox Test Automation\\Reports\\20220609_181011\\03. Parallel Testing (Testing)\\TS -PT PART 3\\03. StarPack Full Lifecycle_SAS_Task\\20220609_181034\\1654793299977.png]]

2022-06-09 18:48:20 - [TEST_STEP][PASSED] - click(findTestObject("1. Constant/02_LHSMenu_Projects")): Object: 'Object Repository/1. Constant/02_LHSMenu_Projects' is clicked on

2022-06-09 18:48:24 - [MESSAGE][PASSED] - Object: 'Object Repository/1. Constant/02_LHSMenu_Projects' is clicked on

2022-06-09 18:48:24 - [TEST_STEP][PASSED] - I.SearchProjectNo(Project_No, findTestObject("HL Full Lifecycle/9 Filter_Button_Apply")): Delayed 5 second(s)

2022-06-09 18:48:25 - [MESSAGE][PASSED] - Text 'MI001273' is set on object 'Object Repository/1. Constant/xpath'

2022-06-09 18:48:28 - [MESSAGE][PASSED] - Delayed 3 second(s)

2022-06-09 18:48:30 - [MESSAGE][PASSED] - Object: 'Object Repository/HL Full Lifecycle/9 Filter_Button_Apply' is clicked on

2022-06-09 18:48:35 - [MESSAGE][PASSED] - Delayed 5 second(s)

2022-06-09 18:48:35 - [TEST_STEP][PASSED] - color2 = getCSSValue(findTestObject("Object Repository/StarPack - Full Lifecycle (AWIS)/5.04 Agency1 id_refID_td9_a2", ["refID":"source_" + refID]), "color", OPTIONAL): Get CSS 'color' value on 'Object Repository/StarPack - Full Lifecycle (AWIS)/5.04 Agency1 id_refID_td9_a2' successfully: 'rgba(255, 255, 255, 1)'.

2022-06-09 18:48:35 - [MESSAGE][PASSED] - Get CSS 'color' value on 'Object Repository/StarPack - Full Lifecycle (AWIS)/5.04 Agency1 id_refID_td9_a2' successfully: 'rgba(255, 255, 255, 1)'.

2022-06-09 18:48:35 - [TEST_STEP][PASSED] - I.print(color2): null

2022-06-09 18:48:35 - [TEST_STEP][PASSED] - while (color2 == "rgba(255, 255, 255, 1)"): null

2022-06-09 18:48:35 - [TEST_STEP][PASSED] - click(findTestObject("Object Repository/StarPack - Full Lifecycle (AWIS)/5.04 Agency1 id_refID_td9_a2", ["refID":"source_" + refID])): Object: 'Object Repository/StarPack - Full Lifecycle (AWIS)/5.04 Agency1 id_refID_td9_a2' is clicked on

2022-06-09 18:48:37 - [MESSAGE][PASSED] - Object: 'Object Repository/StarPack - Full Lifecycle (AWIS)/5.04 Agency1 id_refID_td9_a2' is clicked on

2022-06-09 18:48:37 - [TEST_STEP][PASSED] - takeScreenshot(): Taking screenshot successfully

2022-06-09 18:48:37 - [MESSAGE][PASSED] - Taking screenshot successfully
[[ATTACHMENT|D:\\Projet Test Auto\\Mediabox Test Automation\\Reports\\20220609_181011\\03. Parallel Testing (Testing)\\TS -PT PART 3\\03. StarPack Full Lifecycle_SAS_Task\\20220609_181034\\1654793317092.png]]

2022-06-09 18:48:37 - [TEST_STEP][PASSED] - I.UploadDoc_sendkey_Prod(findTestObject("1. Constant/xpath", ["xpath":"//*[@id="kt_body"]/input[2]"]), "D:\Upoad_File\Upload doc\testdataaddition1.jpg", "testdataaddition1.jpg"): Delayed 5 second(s)

2022-06-09 18:48:37 - [MESSAGE][PASSED] - Scroll to object 'Object Repository/1. Constant/xpath' successfully

2022-06-09 18:48:42 - [MESSAGE][PASSED] - Delayed 5 second(s)

2022-06-09 18:48:42 - [MESSAGE][PASSED] - File 'D:\Upoad_File\Upload doc\testdataaddition1.jpg' sent to object: 'Object Repository/1. Constant/xpath'

2022-06-09 18:48:47 - [MESSAGE][PASSED] - Delayed 5 second(s)

2022-06-09 18:48:48 - [MESSAGE][PASSED] - Text 'testdataaddition1.jpg' is present on page 

2022-06-09 18:48:53 - [MESSAGE][PASSED] - Delayed 5 second(s)

2022-06-09 18:48:58 - [MESSAGE][PASSED] - Delayed 5 second(s)

2022-06-09 18:48:58 - [TEST_STEP][PASSED] - takeScreenshot(): Taking screenshot successfully

2022-06-09 18:48:58 - [MESSAGE][PASSED] - Taking screenshot successfully
[[ATTACHMENT|D:\\Projet Test Auto\\Mediabox Test Automation\\Reports\\20220609_181011\\03. Parallel Testing (Testing)\\TS -PT PART 3\\03. StarPack Full Lifecycle_SAS_Task\\20220609_181034\\1654793338537.png]]

2022-06-09 18:48:58 - [TEST_STEP][PASSED] - delay(10): Delayed 10 second(s)

2022-06-09 18:49:08 - [MESSAGE][PASSED] - Delayed 10 second(s)

2022-06-09 18:49:08 - [TEST_STEP][PASSED] - I.click_button_javascript(findTestObject("1. Constant/xpath", ["xpath":"//*[@id="ModifFiche"]/div[1]/div/button"])): Execute JavaScript 'arguments[0].click()' successfully

2022-06-09 18:49:16 - [MESSAGE][PASSED] - Execute JavaScript 'arguments[0].click()' successfully

2022-06-09 18:49:16 - [TEST_STEP][PASSED] - delay(5): Delayed 5 second(s)

2022-06-09 18:49:21 - [MESSAGE][PASSED] - Delayed 5 second(s)

2022-06-09 18:49:21 - [TEST_STEP][PASSED] - if (verifyElementPresent(findTestObject("Object Repository/StarPack - Full Lifecycle (AWIS)/5.04 Agency1 id_refID_td9_a2", ["refID":"source_" + refID]), 10, OPTIONAL)): com.kms.katalon.core.webui.exception.WebElementNotFoundException: Web element with id: 'Object Repository/StarPack - Full Lifecycle (AWIS)/5.04 Agency1 id_refID_td9_a2' located by '//*[@id="source_6381"]/td[9]/a[2] ' not found (Root cause: com.kms.katalon.core.exception.StepFailedException: com.kms.katalon.core.webui.exception.WebElementNotFoundException: Web element with id: 'Object Repository/StarPack - Full Lifecycle (AWIS)/5.04 Agency1 id_refID_td9_a2' located by '//*[@id="source_6381"]/td[9]/a[2] ' not found
	at com.kms.katalon.core.webui.keyword.internal.WebUIKeywordMain.stepFailed(WebUIKeywordMain.groovy:64)
	at com.kms.katalon.core.webui.keyword.builtin.VerifyElementPresentKeyword$_verifyElementPresent_closure1.doCall(VerifyElementPresentKeyword.groovy:85)
	at com.kms.katalon.core.webui.keyword.builtin.VerifyElementPresentKeyword$_verifyElementPresent_closure1.call(VerifyElementPresentKeyword.groovy)
	at com.kms.katalon.core.webui.keyword.internal.WebUIKeywordMain.runKeyword(WebUIKeywordMain.groovy:20)
	at com.kms.katalon.core.webui.keyword.builtin.VerifyElementPresentKeyword.verifyElementPresent(VerifyElementPresentKeyword.groovy:92)
	at com.kms.katalon.core.webui.keyword.builtin.VerifyElementPresentKeyword.execute(VerifyElementPresentKeyword.groovy:68)
	at com.kms.katalon.core.keyword.internal.KeywordExecutor.executeKeywordForPlatform(KeywordExecutor.groovy:74)
	at com.kms.katalon.core.webui.keyword.WebUiBuiltInKeywords.verifyElementPresent(WebUiBuiltInKeywords.groovy:1448)
	at com.kms.katalon.core.webui.keyword.WebUiBuiltInKeywords$verifyElementPresent$18.call(Unknown Source)
	at 4.02 Star Pack Full Lifecycle - AWIS (Chrome)_Sans_Ref_filles.run(4.02 Star Pack Full Lifecycle - AWIS (Chrome)_Sans_Ref_filles:508)
	at com.kms.katalon.core.main.ScriptEngine.run(ScriptEngine.java:194)
	at com.kms.katalon.core.main.ScriptEngine.runScriptAsRawText(ScriptEngine.java:119)
	at com.kms.katalon.core.main.TestCaseExecutor.runScript(TestCaseExecutor.java:445)
	at com.kms.katalon.core.main.TestCaseExecutor.doExecute(TestCaseExecutor.java:436)
	at com.kms.katalon.core.main.TestCaseExecutor.processExecutionPhase(TestCaseExecutor.java:415)
	at com.kms.katalon.core.main.TestCaseExecutor.accessMainPhase(TestCaseExecutor.java:407)
	at com.kms.katalon.core.main.TestCaseExecutor.execute(TestCaseExecutor.java:284)
	at com.kms.katalon.core.common.CommonExecutor.accessTestCaseMainPhase(CommonExecutor.java:65)
	at com.kms.katalon.core.main.TestSuiteExecutor.accessTestSuiteMainPhase(TestSuiteExecutor.java:144)
	at com.kms.katalon.core.main.TestSuiteExecutor.execute(TestSuiteExecutor.java:106)
	at com.kms.katalon.core.main.TestCaseMain.startTestSuite(TestCaseMain.java:185)
	at com.kms.katalon.core.main.TestCaseMain$startTestSuite$0.call(Unknown Source)
	at TempTestSuite1654791034173.run(TempTestSuite1654791034173.groovy:36)
)

2022-06-09 18:49:32 - [MESSAGE][INFO] - Unable to find the element located by 'By.xpath: //*[@id="source_6381"]/td[9]/a[2] '. Please recheck the objects properties to make sure the desired element is located. 

2022-06-09 18:49:32 - [MESSAGE][WARNING] - com.kms.katalon.core.webui.exception.WebElementNotFoundException: Web element with id: 'Object Repository/StarPack - Full Lifecycle (AWIS)/5.04 Agency1 id_refID_td9_a2' located by '//*[@id="source_6381"]/td[9]/a[2] ' not found (Root cause: com.kms.katalon.core.exception.StepFailedException: com.kms.katalon.core.webui.exception.WebElementNotFoundException: Web element with id: 'Object Repository/StarPack - Full Lifecycle (AWIS)/5.04 Agency1 id_refID_td9_a2' located by '//*[@id="source_6381"]/td[9]/a[2] ' not found
	at com.kms.katalon.core.webui.keyword.internal.WebUIKeywordMain.stepFailed(WebUIKeywordMain.groovy:64)
	at com.kms.katalon.core.webui.keyword.builtin.VerifyElementPresentKeyword$_verifyElementPresent_closure1.doCall(VerifyElementPresentKeyword.groovy:85)
	at com.kms.katalon.core.webui.keyword.builtin.VerifyElementPresentKeyword$_verifyElementPresent_closure1.call(VerifyElementPresentKeyword.groovy)
	at com.kms.katalon.core.webui.keyword.internal.WebUIKeywordMain.runKeyword(WebUIKeywordMain.groovy:20)
	at com.kms.katalon.core.webui.keyword.builtin.VerifyElementPresentKeyword.verifyElementPresent(VerifyElementPresentKeyword.groovy:92)
	at com.kms.katalon.core.webui.keyword.builtin.VerifyElementPresentKeyword.execute(VerifyElementPresentKeyword.groovy:68)
	at com.kms.katalon.core.keyword.internal.KeywordExecutor.executeKeywordForPlatform(KeywordExecutor.groovy:74)
	at com.kms.katalon.core.webui.keyword.WebUiBuiltInKeywords.verifyElementPresent(WebUiBuiltInKeywords.groovy:1448)
	at com.kms.katalon.core.webui.keyword.WebUiBuiltInKeywords$verifyElementPresent$18.call(Unknown Source)
	at 4.02 Star Pack Full Lifecycle - AWIS (Chrome)_Sans_Ref_filles.run(4.02 Star Pack Full Lifecycle - AWIS (Chrome)_Sans_Ref_filles:508)
	at com.kms.katalon.core.main.ScriptEngine.run(ScriptEngine.java:194)
	at com.kms.katalon.core.main.ScriptEngine.runScriptAsRawText(ScriptEngine.java:119)
	at com.kms.katalon.core.main.TestCaseExecutor.runScript(TestCaseExecutor.java:445)
	at com.kms.katalon.core.main.TestCaseExecutor.doExecute(TestCaseExecutor.java:436)
	at com.kms.katalon.core.main.TestCaseExecutor.processExecutionPhase(TestCaseExecutor.java:415)
	at com.kms.katalon.core.main.TestCaseExecutor.accessMainPhase(TestCaseExecutor.java:407)
	at com.kms.katalon.core.main.TestCaseExecutor.execute(TestCaseExecutor.java:284)
	at com.kms.katalon.core.common.CommonExecutor.accessTestCaseMainPhase(CommonExecutor.java:65)
	at com.kms.katalon.core.main.TestSuiteExecutor.accessTestSuiteMainPhase(TestSuiteExecutor.java:144)
	at com.kms.katalon.core.main.TestSuiteExecutor.execute(TestSuiteExecutor.java:106)
	at com.kms.katalon.core.main.TestCaseMain.startTestSuite(TestCaseMain.java:185)
	at com.kms.katalon.core.main.TestCaseMain$startTestSuite$0.call(Unknown Source)
	at TempTestSuite1654791034173.run(TempTestSuite1654791034173.groovy:36)
)
[[ATTACHMENT|D:\\Projet Test Auto\\Mediabox Test Automation\\Reports\\20220609_181011\\03. Parallel Testing (Testing)\\TS -PT PART 3\\03. StarPack Full Lifecycle_SAS_Task\\20220609_181034\\1654793372591.png]]

2022-06-09 18:49:32 - [TEST_STEP][PASSED] - else: null

2022-06-09 18:49:32 - [TEST_STEP][PASSED] - color2 = "white": null

2022-06-09 18:49:32 - [TEST_STEP][PASSED] - I.Logout(): Delayed 3 second(s)

2022-06-09 18:49:35 - [MESSAGE][PASSED] - Delayed 3 second(s)

2022-06-09 18:49:36 - [MESSAGE][PASSED] - Object: 'Object Repository/1. Constant/xpath' is clicked on

2022-06-09 18:49:39 - [MESSAGE][PASSED] - Delayed 3 second(s)

2022-06-09 18:49:42 - [MESSAGE][PASSED] - Object: 'Object Repository/1. Constant/xpath' is clicked on

2022-06-09 18:49:45 - [MESSAGE][PASSED] - Delayed 3 second(s)

2022-06-09 18:49:45 - [TEST_STEP][PASSED] - I.Login_password("aterreshernandez", password_aterreshernandez): Object: 'Object Repository/1. Constant/xpath' is clicked on

2022-06-09 18:49:45 - [MESSAGE][PASSED] - Text 'aterreshernandez' is set on object 'Object Repository/1. Constant/xpath'

2022-06-09 18:49:46 - [MESSAGE][PASSED] - Delayed 1 second(s)

2022-06-09 18:49:46 - [MESSAGE][PASSED] - Text 'dchi' is set on object 'Object Repository/1. Constant/xpath'

2022-06-09 18:49:47 - [MESSAGE][PASSED] - Delayed 1 second(s)

2022-06-09 18:49:55 - [MESSAGE][PASSED] - Object: 'Object Repository/1. Constant/xpath' is clicked on

2022-06-09 18:49:55 - [TEST_STEP][PASSED] - takeScreenshot(): Taking screenshot successfully

2022-06-09 18:49:55 - [MESSAGE][PASSED] - Taking screenshot successfully
[[ATTACHMENT|D:\\Projet Test Auto\\Mediabox Test Automation\\Reports\\20220609_181011\\03. Parallel Testing (Testing)\\TS -PT PART 3\\03. StarPack Full Lifecycle_SAS_Task\\20220609_181034\\1654793395634.png]]

2022-06-09 18:49:55 - [TEST_STEP][PASSED] - click(findTestObject("1. Constant/02_LHSMenu_Projects")): Object: 'Object Repository/1. Constant/02_LHSMenu_Projects' is clicked on

2022-06-09 18:49:57 - [MESSAGE][PASSED] - Object: 'Object Repository/1. Constant/02_LHSMenu_Projects' is clicked on

2022-06-09 18:49:57 - [TEST_STEP][PASSED] - I.SearchProjectNo(Project_No, findTestObject("1. Constant/xpath", ["xpath":"//*[@id="form_filters"]/div[7]/button"])): Delayed 5 second(s)

2022-06-09 18:49:57 - [MESSAGE][PASSED] - Text 'MI001273' is set on object 'Object Repository/1. Constant/xpath'

2022-06-09 18:50:00 - [MESSAGE][PASSED] - Delayed 3 second(s)

2022-06-09 18:50:04 - [MESSAGE][PASSED] - Object: 'Object Repository/1. Constant/xpath' is clicked on

2022-06-09 18:50:09 - [MESSAGE][PASSED] - Delayed 5 second(s)

2022-06-09 18:50:09 - [TEST_STEP][PASSED] - click(findTestObject("1. Constant/xpath", ["xpath":"/html/body/div[1]/div[2]/div[4]/div[3]/div/div[2]/div[2]/div[1]/table/tbody/tr[2]/td[12]/a[2]"])): Object: 'Object Repository/1. Constant/xpath' is clicked on

2022-06-09 18:50:11 - [MESSAGE][PASSED] - Object: 'Object Repository/1. Constant/xpath' is clicked on

2022-06-09 18:50:11 - [TEST_STEP][PASSED] - I.AWF_approve_view(): Object: 'Object Repository/HL Full Lifecycle/Function_Appbutton2' is clicked on

2022-06-09 18:50:15 - [MESSAGE][PASSED] - Wait for page load successfully

2022-06-09 18:50:25 - [MESSAGE][PASSED] - Delayed 10 second(s)

2022-06-09 18:50:25 - [MESSAGE][PASSED] - Object: 'Object Repository/HL Full Lifecycle/Function_access Viewer2' is hovered

2022-06-09 18:50:28 - [MESSAGE][PASSED] - Delayed 3 second(s)

2022-06-09 18:50:29 - [MESSAGE][PASSED] - Object: 'Object Repository/HL Full Lifecycle/Function_access Viewer2' is clicked on

2022-06-09 18:50:34 - [MESSAGE][PASSED] - Delayed 5 second(s)

2022-06-09 18:50:34 - [MESSAGE][PASSED] - Object: 'Object Repository/HL Full Lifecycle/Function_AppButton' is clicked on

2022-06-09 18:50:39 - [MESSAGE][PASSED] - Delayed 5 second(s)

2022-06-09 18:50:44 - [MESSAGE][PASSED] - Object: 'Object Repository/HL Full Lifecycle/Function_Appbutton2' is clicked on

2022-06-09 18:50:44 - [TEST_STEP][PASSED] - I.Logout(): Delayed 3 second(s)

2022-06-09 18:50:47 - [MESSAGE][PASSED] - Delayed 3 second(s)

2022-06-09 18:50:47 - [MESSAGE][PASSED] - Object: 'Object Repository/1. Constant/xpath' is clicked on

2022-06-09 18:50:50 - [MESSAGE][PASSED] - Delayed 3 second(s)

2022-06-09 18:50:52 - [MESSAGE][PASSED] - Object: 'Object Repository/1. Constant/xpath' is clicked on

2022-06-09 18:50:55 - [MESSAGE][PASSED] - Delayed 3 second(s)

2022-06-09 18:50:55 - [TEST_STEP][PASSED] - I.Login_password("aherms", password_aherms): Object: 'Object Repository/1. Constant/xpath' is clicked on

2022-06-09 18:50:56 - [MESSAGE][PASSED] - Text 'aherms' is set on object 'Object Repository/1. Constant/xpath'

2022-06-09 18:50:57 - [MESSAGE][PASSED] - Delayed 1 second(s)

2022-06-09 18:50:57 - [MESSAGE][PASSED] - Text 'dchi3' is set on object 'Object Repository/1. Constant/xpath'

2022-06-09 18:50:58 - [MESSAGE][PASSED] - Delayed 1 second(s)

2022-06-09 18:51:03 - [MESSAGE][PASSED] - Object: 'Object Repository/1. Constant/xpath' is clicked on

2022-06-09 18:51:03 - [TEST_STEP][PASSED] - takeScreenshot(): Taking screenshot successfully

2022-06-09 18:51:04 - [MESSAGE][PASSED] - Taking screenshot successfully
[[ATTACHMENT|D:\\Projet Test Auto\\Mediabox Test Automation\\Reports\\20220609_181011\\03. Parallel Testing (Testing)\\TS -PT PART 3\\03. StarPack Full Lifecycle_SAS_Task\\20220609_181034\\1654793463917.png]]

2022-06-09 18:51:04 - [TEST_STEP][PASSED] - click(findTestObject("1. Constant/02_LHSMenu_Projects")): Object: 'Object Repository/1. Constant/02_LHSMenu_Projects' is clicked on

2022-06-09 18:51:07 - [MESSAGE][PASSED] - Object: 'Object Repository/1. Constant/02_LHSMenu_Projects' is clicked on

2022-06-09 18:51:07 - [TEST_STEP][PASSED] - I.SearchProjectNo(Project_No, findTestObject("HL Full Lifecycle/9 Filter_Button_Apply")): Delayed 5 second(s)

2022-06-09 18:51:08 - [MESSAGE][PASSED] - Text 'MI001273' is set on object 'Object Repository/1. Constant/xpath'

2022-06-09 18:51:11 - [MESSAGE][PASSED] - Delayed 3 second(s)

2022-06-09 18:51:14 - [MESSAGE][PASSED] - Object: 'Object Repository/HL Full Lifecycle/9 Filter_Button_Apply' is clicked on

2022-06-09 18:51:19 - [MESSAGE][PASSED] - Delayed 5 second(s)

2022-06-09 18:51:19 - [TEST_STEP][PASSED] - click(findTestObject("Object Repository/StarPack - Full Lifecycle (AWIS)/5.04 Agency1 id_refID_td9_a2", ["refID":"source_" + refID])): Object: 'Object Repository/StarPack - Full Lifecycle (AWIS)/5.04 Agency1 id_refID_td9_a2' is clicked on

2022-06-09 18:51:20 - [MESSAGE][PASSED] - Object: 'Object Repository/StarPack - Full Lifecycle (AWIS)/5.04 Agency1 id_refID_td9_a2' is clicked on

2022-06-09 18:51:20 - [TEST_STEP][PASSED] - setText(findTestObject("1. Constant/01_id_field_id", ["field_id":"var_48"]), "Número de seguimiento del envío de la muestra de packagingmandatory"): Text 'Número de seguimiento del envío de la muestra de packagingmandatory' is set on object 'Object Repository/1. Constant/01_id_field_id'

2022-06-09 18:51:22 - [MESSAGE][PASSED] - Text 'Número de seguimiento del envío de la muestra de packagingmandatory' is set on object 'Object Repository/1. Constant/01_id_field_id'

2022-06-09 18:51:22 - [TEST_STEP][PASSED] - click(findTestObject("1. Constant/xpath", ["xpath":"//*[@id="ModifFiche"]/div[3]/div/button[2]"])): Object: 'Object Repository/1. Constant/xpath' is clicked on

2022-06-09 18:51:27 - [MESSAGE][PASSED] - Object: 'Object Repository/1. Constant/xpath' is clicked on

2022-06-09 18:51:27 - [TEST_STEP][PASSED] - I.Logout(): Delayed 3 second(s)

2022-06-09 18:51:30 - [MESSAGE][PASSED] - Delayed 3 second(s)

2022-06-09 18:51:31 - [MESSAGE][PASSED] - Object: 'Object Repository/1. Constant/xpath' is clicked on

2022-06-09 18:51:34 - [MESSAGE][PASSED] - Delayed 3 second(s)

2022-06-09 18:51:36 - [MESSAGE][PASSED] - Object: 'Object Repository/1. Constant/xpath' is clicked on

2022-06-09 18:51:39 - [MESSAGE][PASSED] - Delayed 3 second(s)

2022-06-09 18:51:39 - [TEST_STEP][PASSED] - I.Login_password("aterreshernandez", password_aterreshernandez): Object: 'Object Repository/1. Constant/xpath' is clicked on

2022-06-09 18:51:39 - [MESSAGE][PASSED] - Text 'aterreshernandez' is set on object 'Object Repository/1. Constant/xpath'

2022-06-09 18:51:40 - [MESSAGE][PASSED] - Delayed 1 second(s)

2022-06-09 18:51:41 - [MESSAGE][PASSED] - Text 'dchi' is set on object 'Object Repository/1. Constant/xpath'

2022-06-09 18:51:42 - [MESSAGE][PASSED] - Delayed 1 second(s)

2022-06-09 18:51:47 - [MESSAGE][PASSED] - Object: 'Object Repository/1. Constant/xpath' is clicked on

2022-06-09 18:51:47 - [TEST_STEP][PASSED] - takeScreenshot(): Taking screenshot successfully

2022-06-09 18:51:48 - [MESSAGE][PASSED] - Taking screenshot successfully
[[ATTACHMENT|D:\\Projet Test Auto\\Mediabox Test Automation\\Reports\\20220609_181011\\03. Parallel Testing (Testing)\\TS -PT PART 3\\03. StarPack Full Lifecycle_SAS_Task\\20220609_181034\\1654793507829.png]]

2022-06-09 18:51:48 - [TEST_STEP][PASSED] - click(findTestObject("1. Constant/02_LHSMenu_Projects")): Object: 'Object Repository/1. Constant/02_LHSMenu_Projects' is clicked on

2022-06-09 18:51:51 - [MESSAGE][PASSED] - Object: 'Object Repository/1. Constant/02_LHSMenu_Projects' is clicked on

2022-06-09 18:51:51 - [TEST_STEP][PASSED] - I.SearchProjectNo(Project_No, findTestObject("1. Constant/xpath", ["xpath":"//*[@id="form_filters"]/div[7]/button"])): Delayed 5 second(s)

2022-06-09 18:51:53 - [MESSAGE][PASSED] - Text 'MI001273' is set on object 'Object Repository/1. Constant/xpath'

2022-06-09 18:51:56 - [MESSAGE][PASSED] - Delayed 3 second(s)

2022-06-09 18:51:59 - [MESSAGE][PASSED] - Object: 'Object Repository/1. Constant/xpath' is clicked on

2022-06-09 18:52:04 - [MESSAGE][PASSED] - Delayed 5 second(s)

2022-06-09 18:52:04 - [TEST_STEP][PASSED] - click(findTestObject("1. Constant/xpath", ["xpath":"/html/body/div[1]/div[2]/div[4]/div[3]/div/div[2]/div[2]/div[1]/table/tbody/tr[2]/td[12]/a[2]"])): Object: 'Object Repository/1. Constant/xpath' is clicked on

2022-06-09 18:52:08 - [MESSAGE][PASSED] - Object: 'Object Repository/1. Constant/xpath' is clicked on

2022-06-09 18:52:08 - [TEST_STEP][PASSED] - I.status_lifecycle(findTestObject("1. Constant/xpath", ["xpath":"/html/body/div[1]/div[2]/div[4]/div[3]/div/div[2]/div[2]/div[1]/table/tbody/tr[2]/td[7]/span"]), "Completado"): Status contain Completado.

2022-06-09 18:52:08 - [MESSAGE][PASSED] - Text of object 'Object Repository/1. Constant/xpath' is: 'Completado'

2022-06-09 18:52:08 - [MESSAGE][PASSED] - Status contain Completado.

2022-06-09 18:52:08 - [TEST_STEP][PASSED] - takeScreenshot(): Taking screenshot successfully

2022-06-09 18:52:08 - [MESSAGE][PASSED] - Taking screenshot successfully
[[ATTACHMENT|D:\\Projet Test Auto\\Mediabox Test Automation\\Reports\\20220609_181011\\03. Parallel Testing (Testing)\\TS -PT PART 3\\03. StarPack Full Lifecycle_SAS_Task\\20220609_181034\\1654793528626.png]]

2022-06-09 18:52:08 - [TEST_STEP][PASSED] - closeBrowser(): Browser is closed

2022-06-09 18:52:10 - [MESSAGE][PASSED] - Browser is closed

2022-06-09 18:52:10 - [TEST_STEP][PASSED] - Start listener action : sampleAfterTestCase: null]]></system-out>
         <system-err><![CDATA[]]></system-err>
      </testcase>
      <testcase name="Test Cases/16 Support action (Completed ref)/16.01 StarPack Support action (Completed ref) Existing ref 4.01_15.03_ P3" time="178.049" classname="Test Cases/16 Support action (Completed ref)/16.01 StarPack Support action (Completed ref) Existing ref 4.01_15.03_ P3" status="PASSED">
         <system-out><![CDATA[2022-06-09 18:52:10 - [TEST_CASE][PASSED] - Test Cases/16 Support action (Completed ref)/16.01 StarPack Support action (Completed ref) Existing ref 4.01_15.03_ P3: Test Cases/16 Support action (Completed ref)/16.01 StarPack Support action (Completed ref) Existing ref 4.01_15.03_ P3

2022-06-09 18:52:10 - [TEST_STEP][PASSED] - data = findTestData("Data Files/Username_Password/Starpack (10June2021)"): null

2022-06-09 18:52:10 - [TEST_STEP][PASSED] - password_aterreshernandez = data.getValue(2, 5): null

2022-06-09 18:52:10 - [TEST_STEP][PASSED] - data_urlRELAUTO = findTestData("Data Files/URL/URL_relauto"): null

2022-06-09 18:52:10 - [TEST_STEP][PASSED] - Url_Starpack = data_urlRELAUTO.getValue(2, 2): null

2022-06-09 18:52:10 - [TEST_STEP][PASSED] - Project_No = I.readnotepad("D:\Upoad_File\Projet_ Login\StarPack\4.01 StarPack _Project_No\4.01_StarPack_ProjectNo.txt"): null

2022-06-09 18:52:10 - [TEST_STEP][PASSED] - refID = I.readnotepad("D:\Upoad_File\Projet_ Login\StarPack\4.01 StarPack _Project_No\4.01_StarPack_refID.txt"): null

2022-06-09 18:52:10 - [TEST_STEP][PASSED] - refID_PS = I.readnotepad("D:\Upoad_File\Projet_ Login\StarPack\4.01 StarPack _Project_No\4.01_StarPack_refID_PS.txt"): null

2022-06-09 18:52:10 - [TEST_STEP][PASSED] - refID_PTS = I.readnotepad("D:\Upoad_File\Projet_ Login\StarPack\4.01 StarPack _Project_No\4.01_StarPack_refID_PTS.txt"): null

2022-06-09 18:52:10 - [TEST_STEP][PASSED] - refID_TD = I.readnotepad("D:\Upoad_File\Projet_ Login\StarPack\4.01 StarPack _Project_No\4.01_StarPack_refID_TD.txt"): null

2022-06-09 18:52:11 - [TEST_STEP][PASSED] - openBrowser(Url_Starpack): Browser is opened with url: 'http://mdb-release.diadeis.lan/MediaboxIndependence/?MBI_datasource=RELTESTAUTO_STARPACK'

2022-06-09 18:52:11 - [MESSAGE][INFO] - Starting 'Chrome (headless)' driver

2022-06-09 18:52:11 - [MESSAGE][INFO] - User set preference: ['args', '[--window-size=1920,1080, --headless]']

2022-06-09 18:52:11 - [MESSAGE][INFO] - Action delay is set to 0 milliseconds

2022-06-09 18:52:18 - [MESSAGE][PASSED] - Browser is opened with url: 'http://mdb-release.diadeis.lan/MediaboxIndependence/?MBI_datasource=RELTESTAUTO_STARPACK'

2022-06-09 18:52:18 - [TEST_STEP][PASSED] - maximizeWindow(): Current window maximized

2022-06-09 18:52:18 - [MESSAGE][PASSED] - Current window maximized

2022-06-09 18:52:18 - [TEST_STEP][PASSED] - I.Login_password("aterreshernandez", password_aterreshernandez): Object: 'Object Repository/1. Constant/xpath' is clicked on

2022-06-09 18:52:20 - [MESSAGE][PASSED] - Text 'aterreshernandez' is set on object 'Object Repository/1. Constant/xpath'

2022-06-09 18:52:21 - [MESSAGE][PASSED] - Delayed 1 second(s)

2022-06-09 18:52:22 - [MESSAGE][PASSED] - Text 'dchi' is set on object 'Object Repository/1. Constant/xpath'

2022-06-09 18:52:23 - [MESSAGE][PASSED] - Delayed 1 second(s)

2022-06-09 18:52:34 - [MESSAGE][PASSED] - Object: 'Object Repository/1. Constant/xpath' is clicked on

2022-06-09 18:52:34 - [TEST_STEP][PASSED] - takeScreenshot(): Taking screenshot successfully

2022-06-09 18:52:34 - [MESSAGE][PASSED] - Taking screenshot successfully
[[ATTACHMENT|D:\\Projet Test Auto\\Mediabox Test Automation\\Reports\\20220609_181011\\03. Parallel Testing (Testing)\\TS -PT PART 3\\03. StarPack Full Lifecycle_SAS_Task\\20220609_181034\\1654793554338.png]]

2022-06-09 18:52:34 - [TEST_STEP][PASSED] - click(findTestObject("1. Constant/02_LHSMenu_Projects")): Object: 'Object Repository/1. Constant/02_LHSMenu_Projects' is clicked on

2022-06-09 18:52:37 - [MESSAGE][PASSED] - Object: 'Object Repository/1. Constant/02_LHSMenu_Projects' is clicked on

2022-06-09 18:52:37 - [TEST_STEP][PASSED] - I.SearchProjectNo_xpath(Project_No, "//*[@id="keynum_project"]", "//*[@id="form_filters"]/div[7]/button"): Delayed 5 second(s)

2022-06-09 18:52:38 - [MESSAGE][PASSED] - Delayed 1 second(s)

2022-06-09 18:52:39 - [MESSAGE][PASSED] - Text 'MI001271' is set on object 'Object Repository/1. Constant/xpath'

2022-06-09 18:52:42 - [MESSAGE][PASSED] - Delayed 3 second(s)

2022-06-09 18:52:43 - [MESSAGE][PASSED] - Scroll to object 'Object Repository/1. Constant/xpath' successfully

2022-06-09 18:52:48 - [MESSAGE][PASSED] - Object: 'Object Repository/1. Constant/xpath' is clicked on

2022-06-09 18:52:53 - [MESSAGE][PASSED] - Delayed 5 second(s)

2022-06-09 18:52:53 - [TEST_STEP][PASSED] - takeScreenshot(): Taking screenshot successfully

2022-06-09 18:52:53 - [MESSAGE][PASSED] - Taking screenshot successfully
[[ATTACHMENT|D:\\Projet Test Auto\\Mediabox Test Automation\\Reports\\20220609_181011\\03. Parallel Testing (Testing)\\TS -PT PART 3\\03. StarPack Full Lifecycle_SAS_Task\\20220609_181034\\1654793573511.png]]

2022-06-09 18:52:53 - [TEST_STEP][PASSED] - delay(1): Delayed 1 second(s)

2022-06-09 18:52:54 - [MESSAGE][PASSED] - Delayed 1 second(s)

2022-06-09 18:52:54 - [TEST_STEP][PASSED] - takeScreenshot(): Taking screenshot successfully

2022-06-09 18:52:55 - [MESSAGE][PASSED] - Taking screenshot successfully
[[ATTACHMENT|D:\\Projet Test Auto\\Mediabox Test Automation\\Reports\\20220609_181011\\03. Parallel Testing (Testing)\\TS -PT PART 3\\03. StarPack Full Lifecycle_SAS_Task\\20220609_181034\\1654793575192.png]]

2022-06-09 18:52:55 - [TEST_STEP][PASSED] - takeScreenshot(): Taking screenshot successfully

2022-06-09 18:52:56 - [MESSAGE][PASSED] - Taking screenshot successfully
[[ATTACHMENT|D:\\Projet Test Auto\\Mediabox Test Automation\\Reports\\20220609_181011\\03. Parallel Testing (Testing)\\TS -PT PART 3\\03. StarPack Full Lifecycle_SAS_Task\\20220609_181034\\1654793576343.png]]

2022-06-09 18:52:56 - [TEST_STEP][PASSED] - delay(1): Delayed 1 second(s)

2022-06-09 18:52:57 - [MESSAGE][PASSED] - Delayed 1 second(s)

2022-06-09 18:52:57 - [TEST_STEP][PASSED] - click(findTestObject("1. Constant/xpath", ["xpath":"/html/body/div[1]/div[2]/div[4]/div[3]/div/div[2]/div[2]/div[1]/table/tbody/tr[2]/td[4]/a[1]"])): Object: 'Object Repository/1. Constant/xpath' is clicked on

2022-06-09 18:53:02 - [MESSAGE][PASSED] - Object: 'Object Repository/1. Constant/xpath' is clicked on

2022-06-09 18:53:02 - [TEST_STEP][PASSED] - click(findTestObject("1. Constant/xpath", ["xpath":"//*[@id="kt_content"]/div[3]/div/ul/li[3]/a"])): Object: 'Object Repository/1. Constant/xpath' is clicked on

2022-06-09 18:53:04 - [MESSAGE][PASSED] - Object: 'Object Repository/1. Constant/xpath' is clicked on

2022-06-09 18:53:04 - [TEST_STEP][PASSED] - delay(1): Delayed 1 second(s)

2022-06-09 18:53:05 - [MESSAGE][PASSED] - Delayed 1 second(s)

2022-06-09 18:53:05 - [TEST_STEP][PASSED] - click(findTestObject("1. Constant/xpath", ["xpath":"/html/body/div[1]/div[2]/div[8]/div[3]/div/div[3]/div[3]/div/ul/li[3]/a"])): Object: 'Object Repository/1. Constant/xpath' is clicked on

2022-06-09 18:53:05 - [MESSAGE][PASSED] - Object: 'Object Repository/1. Constant/xpath' is clicked on

2022-06-09 18:53:05 - [TEST_STEP][PASSED] - I.Pagedown(): Execute JavaScript 'window.scrollTo(0, document.body.scrollHeight)' successfully

2022-06-09 18:53:05 - [MESSAGE][PASSED] - Execute JavaScript 'window.scrollTo(0, document.body.scrollHeight)' successfully

2022-06-09 18:53:05 - [TEST_STEP][PASSED] - takeScreenshot(): Taking screenshot successfully

2022-06-09 18:53:05 - [MESSAGE][PASSED] - Taking screenshot successfully
[[ATTACHMENT|D:\\Projet Test Auto\\Mediabox Test Automation\\Reports\\20220609_181011\\03. Parallel Testing (Testing)\\TS -PT PART 3\\03. StarPack Full Lifecycle_SAS_Task\\20220609_181034\\1654793585293.png]]

2022-06-09 18:53:05 - [TEST_STEP][PASSED] - verifyElementVisible(findTestObject("1. Constant/xpath", ["xpath":"/html/body/div[1]/div[2]/div[8]/div[3]/div/div[3]/div[3]/div/div/div[3]/div/div[4]/div/div[1]/div[2]/div/a[4]"])): Object 'Object Repository/1. Constant/xpath' is visible

2022-06-09 18:53:06 - [MESSAGE][PASSED] - Object 'Object Repository/1. Constant/xpath' is visible

2022-06-09 18:53:06 - [TEST_STEP][PASSED] - verifyElementVisible(findTestObject("1. Constant/xpath", ["xpath":"/html/body/div[1]/div[2]/div[8]/div[3]/div/div[3]/div[3]/div/div/div[3]/div/div[4]/div/div[1]/div[2]/div/a[1]"])): Object 'Object Repository/1. Constant/xpath' is visible

2022-06-09 18:53:06 - [MESSAGE][PASSED] - Object 'Object Repository/1. Constant/xpath' is visible

2022-06-09 18:53:06 - [TEST_STEP][PASSED] - verifyElementVisible(findTestObject("1. Constant/xpath", ["xpath":"/html/body/div[1]/div[2]/div[8]/div[3]/div/div[3]/div[3]/div/div/div[3]/div/div[4]/div/div[1]/div[2]/a"])): Object 'Object Repository/1. Constant/xpath' is visible

2022-06-09 18:53:06 - [MESSAGE][PASSED] - Object 'Object Repository/1. Constant/xpath' is visible

2022-06-09 18:53:06 - [TEST_STEP][PASSED] - verifyElementClickable(findTestObject("1. Constant/xpath", ["xpath":"/html/body/div[1]/div[2]/div[8]/div[3]/div/div[3]/div[3]/div/div/div[3]/div/div[4]/div/div[1]/div[2]/div/a[4]"])): Object 'Object Repository/1. Constant/xpath' is clickable

2022-06-09 18:53:06 - [MESSAGE][PASSED] - Object 'Object Repository/1. Constant/xpath' is clickable

2022-06-09 18:53:06 - [TEST_STEP][PASSED] - click(findTestObject("1. Constant/xpath", ["xpath":"//*[@id="kt_subheader"]/div/nav/ol/li[2]/a"])): Object: 'Object Repository/1. Constant/xpath' is clicked on

2022-06-09 18:53:10 - [MESSAGE][PASSED] - Object: 'Object Repository/1. Constant/xpath' is clicked on

2022-06-09 18:53:10 - [TEST_STEP][PASSED] - takeScreenshot(): Taking screenshot successfully

2022-06-09 18:53:10 - [MESSAGE][PASSED] - Taking screenshot successfully
[[ATTACHMENT|D:\\Projet Test Auto\\Mediabox Test Automation\\Reports\\20220609_181011\\03. Parallel Testing (Testing)\\TS -PT PART 3\\03. StarPack Full Lifecycle_SAS_Task\\20220609_181034\\1654793590559.png]]

2022-06-09 18:53:10 - [TEST_STEP][PASSED] - delay(1): Delayed 1 second(s)

2022-06-09 18:53:11 - [MESSAGE][PASSED] - Delayed 1 second(s)

2022-06-09 18:53:11 - [TEST_STEP][PASSED] - click(findTestObject("1. Constant/xpath", ["xpath":"/html/body/div[1]/div[2]/div[4]/div[3]/div/div[2]/div[2]/div[1]/table/tbody/tr[2]/td[12]/a[2]"])): Object: 'Object Repository/1. Constant/xpath' is clicked on

2022-06-09 18:53:13 - [MESSAGE][PASSED] - Object: 'Object Repository/1. Constant/xpath' is clicked on

2022-06-09 18:53:13 - [TEST_STEP][PASSED] - takeScreenshot(): Taking screenshot successfully

2022-06-09 18:53:14 - [MESSAGE][PASSED] - Taking screenshot successfully
[[ATTACHMENT|D:\\Projet Test Auto\\Mediabox Test Automation\\Reports\\20220609_181011\\03. Parallel Testing (Testing)\\TS -PT PART 3\\03. StarPack Full Lifecycle_SAS_Task\\20220609_181034\\1654793593592.png]]

2022-06-09 18:53:14 - [TEST_STEP][PASSED] - delay(1): Delayed 1 second(s)

2022-06-09 18:53:15 - [MESSAGE][PASSED] - Delayed 1 second(s)

2022-06-09 18:53:15 - [TEST_STEP][PASSED] - click(findTestObject("1. Constant/xpath", ["xpath":"//*[@id="modal_support_action_shortcut"]/div/div/div[2]/button[2]"])): Object: 'Object Repository/1. Constant/xpath' is clicked on

2022-06-09 18:53:21 - [MESSAGE][PASSED] - Object: 'Object Repository/1. Constant/xpath' is clicked on

2022-06-09 18:53:21 - [TEST_STEP][PASSED] - delay(1): Delayed 1 second(s)

2022-06-09 18:53:22 - [MESSAGE][PASSED] - Delayed 1 second(s)

2022-06-09 18:53:22 - [TEST_STEP][PASSED] - takeScreenshot(): Taking screenshot successfully

2022-06-09 18:53:22 - [MESSAGE][PASSED] - Taking screenshot successfully
[[ATTACHMENT|D:\\Projet Test Auto\\Mediabox Test Automation\\Reports\\20220609_181011\\03. Parallel Testing (Testing)\\TS -PT PART 3\\03. StarPack Full Lifecycle_SAS_Task\\20220609_181034\\1654793602538.png]]

2022-06-09 18:53:22 - [TEST_STEP][PASSED] - click(findTestObject("1. Constant/xpath", ["xpath":"//*[@id="kt_content"]/div[3]/div/ul/li[3]/a"])): Object: 'Object Repository/1. Constant/xpath' is clicked on

2022-06-09 18:53:26 - [MESSAGE][PASSED] - Object: 'Object Repository/1. Constant/xpath' is clicked on

2022-06-09 18:53:26 - [TEST_STEP][PASSED] - verifyElementVisible(findTestObject("1. Constant/xpath", ["xpath":"/html/body/div[1]/div[2]/div[8]/div[3]/div/div[3]/div[3]/div/ul/li[4]/a"])): Object 'Object Repository/1. Constant/xpath' is visible

2022-06-09 18:53:26 - [MESSAGE][PASSED] - Object 'Object Repository/1. Constant/xpath' is visible

2022-06-09 18:53:26 - [TEST_STEP][PASSED] - verifyElementVisible(findTestObject("1. Constant/xpath", ["xpath":"/html/body/div[1]/div[2]/div[8]/div[3]/div/div[3]/div[3]/div/ul/li[5]/a"])): Object 'Object Repository/1. Constant/xpath' is visible

2022-06-09 18:53:26 - [MESSAGE][PASSED] - Object 'Object Repository/1. Constant/xpath' is visible

2022-06-09 18:53:26 - [TEST_STEP][PASSED] - click(findTestObject("1. Constant/xpath", ["xpath":"//*[@id="kt_subheader"]/div/nav/ol/li[2]/a"])): Object: 'Object Repository/1. Constant/xpath' is clicked on

2022-06-09 18:53:29 - [MESSAGE][PASSED] - Object: 'Object Repository/1. Constant/xpath' is clicked on

2022-06-09 18:53:29 - [TEST_STEP][PASSED] - I.VerifyMatchText("/html/body/div[1]/div[2]/div[4]/div[3]/div/div[2]/div[2]/div[1]/table/tbody/tr[2]/td[7]/span[2]", "PAF"): Actual text 'PAF' and expected text 'PAF' are matched 

2022-06-09 18:53:30 - [MESSAGE][PASSED] - Text of object 'Object Repository/1. Constant/xpath' is: 'PAF'

2022-06-09 18:53:31 - [MESSAGE][PASSED] - Delayed 1 second(s)

2022-06-09 18:53:31 - [MESSAGE][PASSED] - Actual text 'PAF' and expected text 'PAF' are matched 

2022-06-09 18:53:31 - [TEST_STEP][PASSED] - color1 = getCSSValue(findTestObject("1. Constant/xpath", ["xpath":"/html/body/div[1]/div[2]/div[4]/div[3]/div/div[2]/div[2]/div[1]/table/tbody/tr[2]/td[12]/a[2]"]), "color", OPTIONAL): Get CSS 'color' value on 'Object Repository/1. Constant/xpath' successfully: 'rgba(255, 255, 255, 1)'.

2022-06-09 18:53:31 - [MESSAGE][PASSED] - Get CSS 'color' value on 'Object Repository/1. Constant/xpath' successfully: 'rgba(255, 255, 255, 1)'.

2022-06-09 18:53:31 - [TEST_STEP][PASSED] - while (color1 == "rgba(255, 255, 255, 1)"): null

2022-06-09 18:53:31 - [TEST_STEP][PASSED] - click(findTestObject("1. Constant/xpath", ["xpath":"/html/body/div[1]/div[2]/div[4]/div[3]/div/div[2]/div[2]/div[1]/table/tbody/tr[2]/td[12]/a[2]"])): Object: 'Object Repository/1. Constant/xpath' is clicked on

2022-06-09 18:53:33 - [MESSAGE][PASSED] - Object: 'Object Repository/1. Constant/xpath' is clicked on

2022-06-09 18:53:33 - [TEST_STEP][PASSED] - takeScreenshot(): Taking screenshot successfully

2022-06-09 18:53:34 - [MESSAGE][PASSED] - Taking screenshot successfully
[[ATTACHMENT|D:\\Projet Test Auto\\Mediabox Test Automation\\Reports\\20220609_181011\\03. Parallel Testing (Testing)\\TS -PT PART 3\\03. StarPack Full Lifecycle_SAS_Task\\20220609_181034\\1654793613917.png]]

2022-06-09 18:53:34 - [TEST_STEP][PASSED] - I.UploadDoc_sendkey_Prod(findTestObject("1. Constant/xpath", ["xpath":"//*[@id="kt_body"]/input[2]"]), "D:\Upoad_File\Upload doc\testdataaddition1.pdf", "testdataaddition1.pdf"): Delayed 5 second(s)

2022-06-09 18:53:34 - [MESSAGE][PASSED] - Scroll to object 'Object Repository/1. Constant/xpath' successfully

2022-06-09 18:53:39 - [MESSAGE][PASSED] - Delayed 5 second(s)

2022-06-09 18:53:39 - [MESSAGE][PASSED] - File 'D:\Upoad_File\Upload doc\testdataaddition1.pdf' sent to object: 'Object Repository/1. Constant/xpath'

2022-06-09 18:53:44 - [MESSAGE][PASSED] - Delayed 5 second(s)

2022-06-09 18:53:44 - [MESSAGE][PASSED] - Text 'testdataaddition1.pdf' is present on page 

2022-06-09 18:53:49 - [MESSAGE][PASSED] - Delayed 5 second(s)

2022-06-09 18:53:54 - [MESSAGE][PASSED] - Delayed 5 second(s)

2022-06-09 18:53:54 - [TEST_STEP][PASSED] - takeScreenshot(): Taking screenshot successfully

2022-06-09 18:53:55 - [MESSAGE][PASSED] - Taking screenshot successfully
[[ATTACHMENT|D:\\Projet Test Auto\\Mediabox Test Automation\\Reports\\20220609_181011\\03. Parallel Testing (Testing)\\TS -PT PART 3\\03. StarPack Full Lifecycle_SAS_Task\\20220609_181034\\1654793634969.png]]

2022-06-09 18:53:55 - [TEST_STEP][PASSED] - delay(10): Delayed 10 second(s)

2022-06-09 18:54:05 - [MESSAGE][PASSED] - Delayed 10 second(s)

2022-06-09 18:54:05 - [TEST_STEP][PASSED] - I.click_button_javascript(findTestObject("Object Repository/HL Full Lifecycle/12 ReferncePage_Button_Updatensenddoc")): Execute JavaScript 'arguments[0].click()' successfully

2022-06-09 18:54:14 - [MESSAGE][PASSED] - Execute JavaScript 'arguments[0].click()' successfully

2022-06-09 18:54:14 - [TEST_STEP][PASSED] - delay(5): Delayed 5 second(s)

2022-06-09 18:54:19 - [MESSAGE][PASSED] - Delayed 5 second(s)

2022-06-09 18:54:19 - [TEST_STEP][PASSED] - if (verifyElementPresent(findTestObject("1. Constant/xpath", ["xpath":"/html/body/div[1]/div[2]/div[4]/div[3]/div/div[2]/div[2]/div[1]/table/tbody/tr[2]/td[12]/a[3]"]), 10, OPTIONAL)): null

2022-06-09 18:54:19 - [MESSAGE][PASSED] - Object 'Object Repository/1. Constant/xpath' is present

2022-06-09 18:54:19 - [TEST_STEP][PASSED] - color1 = getCSSValue(findTestObject("1. Constant/xpath", ["xpath":"/html/body/div[1]/div[2]/div[4]/div[3]/div/div[2]/div[2]/div[1]/table/tbody/tr[2]/td[12]/a[3]"]), "color", OPTIONAL): Get CSS 'color' value on 'Object Repository/1. Constant/xpath' successfully: 'rgba(54, 153, 255, 1)'.

2022-06-09 18:54:19 - [MESSAGE][PASSED] - Get CSS 'color' value on 'Object Repository/1. Constant/xpath' successfully: 'rgba(54, 153, 255, 1)'.

2022-06-09 18:54:19 - [TEST_STEP][PASSED] - I.AWF_approve_byaction(findTestObject("1. Constant/xpath", ["xpath":"/html/body/div[1]/div[2]/div[4]/div[3]/div/div[2]/div[2]/div[1]/table/tbody/tr[2]/td[12]/a[2]"])): Object: 'Object Repository/HL Full Lifecycle/Function_Appbutton2' is clicked on

2022-06-09 18:54:24 - [MESSAGE][PASSED] - Delayed 5 second(s)

2022-06-09 18:54:27 - [MESSAGE][PASSED] - Object: 'Object Repository/1. Constant/xpath' is clicked on

2022-06-09 18:54:30 - [MESSAGE][PASSED] - Object: 'Object Repository/HL Full Lifecycle/Function_access Viewer2' is hovered

2022-06-09 18:54:33 - [MESSAGE][PASSED] - Delayed 3 second(s)

2022-06-09 18:54:34 - [MESSAGE][PASSED] - Object: 'Object Repository/HL Full Lifecycle/Function_access Viewer2' is clicked on

2022-06-09 18:54:39 - [MESSAGE][PASSED] - Delayed 5 second(s)

2022-06-09 18:54:39 - [MESSAGE][PASSED] - Object: 'Object Repository/HL Full Lifecycle/Function_AppButton' is clicked on

2022-06-09 18:54:44 - [MESSAGE][PASSED] - Delayed 5 second(s)

2022-06-09 18:54:50 - [MESSAGE][PASSED] - Object: 'Object Repository/HL Full Lifecycle/Function_Appbutton2' is clicked on

2022-06-09 18:54:50 - [TEST_STEP][PASSED] - takeScreenshot(): Taking screenshot successfully

2022-06-09 18:54:50 - [MESSAGE][PASSED] - Taking screenshot successfully
[[ATTACHMENT|D:\\Projet Test Auto\\Mediabox Test Automation\\Reports\\20220609_181011\\03. Parallel Testing (Testing)\\TS -PT PART 3\\03. StarPack Full Lifecycle_SAS_Task\\20220609_181034\\1654793690278.png]]

2022-06-09 18:54:50 - [TEST_STEP][PASSED] - delay(1): Delayed 1 second(s)

2022-06-09 18:54:51 - [MESSAGE][PASSED] - Delayed 1 second(s)

2022-06-09 18:54:51 - [TEST_STEP][PASSED] - I.VerifyMatchText("/html/body/div[1]/div[2]/div[4]/div[3]/div/div[2]/div[2]/div[1]/table/tbody/tr[2]/td[7]/span[2]", "Buyer supplier approval-L1"): Actual text 'Buyer supplier approval-L1' and expected text 'Buyer supplier approval-L1' are matched 

2022-06-09 18:54:54 - [MESSAGE][PASSED] - Text of object 'Object Repository/1. Constant/xpath' is: 'Buyer supplier approval-L1'

2022-06-09 18:54:55 - [MESSAGE][PASSED] - Delayed 1 second(s)

2022-06-09 18:54:55 - [MESSAGE][PASSED] - Actual text 'Buyer supplier approval-L1' and expected text 'Buyer supplier approval-L1' are matched 

2022-06-09 18:54:55 - [TEST_STEP][PASSED] - closeBrowser(): Browser is closed

2022-06-09 18:55:08 - [MESSAGE][PASSED] - Browser is closed

2022-06-09 18:55:08 - [TEST_STEP][PASSED] - Start listener action : sampleAfterTestCase: null]]></system-out>
         <system-err><![CDATA[]]></system-err>
      </testcase>
      <testcase name="Test Cases/04. Star pack Full Lifecycle - AIS _ Long name Artwork without info/4.03 Star Pack Support action _ flashback (Chrome)" time="592.333" classname="Test Cases/04. Star pack Full Lifecycle - AIS _ Long name Artwork without info/4.03 Star Pack Support action _ flashback (Chrome)" status="PASSED">
         <system-out><![CDATA[2022-06-09 18:55:08 - [TEST_CASE][PASSED] - Test Cases/04. Star pack Full Lifecycle - AIS _ Long name Artwork without info/4.03 Star Pack Support action _ flashback (Chrome): Test Cases/04. Star pack Full Lifecycle - AIS _ Long name Artwork without info/4.03 Star Pack Support action _ flashback (Chrome)

2022-06-09 18:55:10 - [TEST_STEP][PASSED] - data = findTestData("Data Files/Username_Password/Starpack (10June2021)"): null

2022-06-09 18:55:10 - [TEST_STEP][PASSED] - password_aherms = data.getValue(2, 2): null

2022-06-09 18:55:10 - [TEST_STEP][PASSED] - password_agluszczynska = data.getValue(2, 3): null

2022-06-09 18:55:10 - [TEST_STEP][PASSED] - password_suser = data.getValue(2, 1): null

2022-06-09 18:55:10 - [TEST_STEP][PASSED] - password_jmaciaszczyk = data.getValue(2, 4): null

2022-06-09 18:55:10 - [TEST_STEP][PASSED] - password_aterreshernandez = data.getValue(2, 5): null

2022-06-09 18:55:10 - [TEST_STEP][PASSED] - password_amartin_arbol = data.getValue(2, 6): null

2022-06-09 18:55:10 - [TEST_STEP][PASSED] - password_adelamatanieves = data.getValue(2, 7): null

2022-06-09 18:55:10 - [TEST_STEP][PASSED] - password_kcannoosamy_dia = data.getValue(2, 8): null

2022-06-09 18:55:10 - [TEST_STEP][PASSED] - data_urlRELAUTO = findTestData("Data Files/URL/URL_relauto"): null

2022-06-09 18:55:10 - [TEST_STEP][PASSED] - Url_Starpack = data_urlRELAUTO.getValue(2, 2): null

2022-06-09 18:55:10 - [TEST_STEP][PASSED] - log = new com.kms.katalon.core.logging.KeywordLogger(): null

2022-06-09 18:55:10 - [TEST_STEP][PASSED] - openBrowser(Url_Starpack): Browser is opened with url: 'http://mdb-release.diadeis.lan/MediaboxIndependence/?MBI_datasource=RELTESTAUTO_STARPACK'

2022-06-09 18:55:10 - [MESSAGE][INFO] - Starting 'Chrome (headless)' driver

2022-06-09 18:55:10 - [MESSAGE][INFO] - User set preference: ['args', '[--window-size=1920,1080, --headless]']

2022-06-09 18:55:10 - [MESSAGE][INFO] - Action delay is set to 0 milliseconds

2022-06-09 18:55:41 - [MESSAGE][PASSED] - Browser is opened with url: 'http://mdb-release.diadeis.lan/MediaboxIndependence/?MBI_datasource=RELTESTAUTO_STARPACK'

2022-06-09 18:55:41 - [TEST_STEP][PASSED] - maximizeWindow(): Current window maximized

2022-06-09 18:55:41 - [MESSAGE][PASSED] - Current window maximized

2022-06-09 18:55:41 - [TEST_STEP][PASSED] - I.Login_password("adelamatanieves", password_adelamatanieves): Object: 'Object Repository/1. Constant/xpath' is clicked on

2022-06-09 18:55:42 - [MESSAGE][PASSED] - Text 'adelamatanieves' is set on object 'Object Repository/1. Constant/xpath'

2022-06-09 18:55:43 - [MESSAGE][PASSED] - Delayed 1 second(s)

2022-06-09 18:55:43 - [MESSAGE][PASSED] - Text 'dchi4' is set on object 'Object Repository/1. Constant/xpath'

2022-06-09 18:55:44 - [MESSAGE][PASSED] - Delayed 1 second(s)

2022-06-09 18:55:54 - [MESSAGE][PASSED] - Object: 'Object Repository/1. Constant/xpath' is clicked on

2022-06-09 18:55:54 - [TEST_STEP][PASSED] - takeScreenshot(): Taking screenshot successfully

2022-06-09 18:55:55 - [MESSAGE][PASSED] - Taking screenshot successfully
[[ATTACHMENT|D:\\Projet Test Auto\\Mediabox Test Automation\\Reports\\20220609_181011\\03. Parallel Testing (Testing)\\TS -PT PART 3\\03. StarPack Full Lifecycle_SAS_Task\\20220609_181034\\1654793755054.png]]

2022-06-09 18:55:55 - [TEST_STEP][PASSED] - click(findTestObject("1. Constant/02_LHSMenu_Projects")): Object: 'Object Repository/1. Constant/02_LHSMenu_Projects' is clicked on

2022-06-09 18:55:59 - [MESSAGE][PASSED] - Object: 'Object Repository/1. Constant/02_LHSMenu_Projects' is clicked on

2022-06-09 18:55:59 - [TEST_STEP][PASSED] - click(findTestObject("Object Repository/1. Constant/xpath", ["xpath":"//*[@id="kt_content"]/div[3]/div/div/div[1]/div[2]/a[1]"])): Object: 'Object Repository/1. Constant/xpath' is clicked on

2022-06-09 18:56:01 - [MESSAGE][PASSED] - Object: 'Object Repository/1. Constant/xpath' is clicked on

2022-06-09 18:56:01 - [TEST_STEP][PASSED] - takeScreenshot(): Taking screenshot successfully

2022-06-09 18:56:02 - [MESSAGE][PASSED] - Taking screenshot successfully
[[ATTACHMENT|D:\\Projet Test Auto\\Mediabox Test Automation\\Reports\\20220609_181011\\03. Parallel Testing (Testing)\\TS -PT PART 3\\03. StarPack Full Lifecycle_SAS_Task\\20220609_181034\\1654793761793.png]]

2022-06-09 18:56:02 - [TEST_STEP][PASSED] - project_name0 = "AutoTest_Chrome_Starpack_" + RandomStringUtils.randomAlphanumeric(10) + "_" + I.gettimedate(): null

2022-06-09 18:56:02 - [TEST_STEP][PASSED] - setText(findTestObject("HL Full Lifecycle/4 CreateProjPage_inputProjectname"), project_name0): Text 'AutoTest_Chrome_Starpack_8jEtgoPzlv_juin092022_185602' is set on object 'Object Repository/HL Full Lifecycle/4 CreateProjPage_inputProjectname'

2022-06-09 18:56:02 - [MESSAGE][PASSED] - Text 'AutoTest_Chrome_Starpack_8jEtgoPzlv_juin092022_185602' is set on object 'Object Repository/HL Full Lifecycle/4 CreateProjPage_inputProjectname'

2022-06-09 18:56:02 - [TEST_STEP][PASSED] - click(findTestObject("HL Full Lifecycle/4 CreateProjPage_Create Project_Bluebutton")): Object: 'Object Repository/HL Full Lifecycle/4 CreateProjPage_Create Project_Bluebutton' is clicked on

2022-06-09 18:56:06 - [MESSAGE][PASSED] - Object: 'Object Repository/HL Full Lifecycle/4 CreateProjPage_Create Project_Bluebutton' is clicked on

2022-06-09 18:56:06 - [TEST_STEP][PASSED] - delay(1): Delayed 1 second(s)

2022-06-09 18:56:07 - [MESSAGE][PASSED] - Delayed 1 second(s)

2022-06-09 18:56:07 - [TEST_STEP][PASSED] - takeScreenshot(): Taking screenshot successfully

2022-06-09 18:56:07 - [MESSAGE][PASSED] - Taking screenshot successfully
[[ATTACHMENT|D:\\Projet Test Auto\\Mediabox Test Automation\\Reports\\20220609_181011\\03. Parallel Testing (Testing)\\TS -PT PART 3\\03. StarPack Full Lifecycle_SAS_Task\\20220609_181034\\1654793767081.png]]

2022-06-09 18:56:07 - [TEST_STEP][PASSED] - project_name1 = "AutoTest_Chrome_Starpack_" + RandomStringUtils.randomAlphanumeric(20) + "_" + I.gettimedate(): null

2022-06-09 18:56:07 - [TEST_STEP][PASSED] - setText(findTestObject("HL Full Lifecycle/4 CreateProjPage_inputProjectname"), project_name1): Text 'AutoTest_Chrome_Starpack_oPvTDf3cmajCzyNbe9cb_juin092022_185607' is set on object 'Object Repository/HL Full Lifecycle/4 CreateProjPage_inputProjectname'

2022-06-09 18:56:08 - [MESSAGE][PASSED] - Text 'AutoTest_Chrome_Starpack_oPvTDf3cmajCzyNbe9cb_juin092022_185607' is set on object 'Object Repository/HL Full Lifecycle/4 CreateProjPage_inputProjectname'

2022-06-09 18:56:08 - [TEST_STEP][PASSED] - delay(1): Delayed 1 second(s)

2022-06-09 18:56:09 - [MESSAGE][PASSED] - Delayed 1 second(s)

2022-06-09 18:56:09 - [TEST_STEP][PASSED] - selectOptionByValue(findTestObject("1. Constant/01_id_field_id", ["field_id":"var_98"]), "122", false): All options with value '122' are selected in object 'Object Repository/1. Constant/01_id_field_id' 

2022-06-09 18:56:09 - [MESSAGE][PASSED] - All options with value '122' are selected in object 'Object Repository/1. Constant/01_id_field_id' 

2022-06-09 18:56:09 - [TEST_STEP][PASSED] - delay(1): Delayed 1 second(s)

2022-06-09 18:56:10 - [MESSAGE][PASSED] - Delayed 1 second(s)

2022-06-09 18:56:10 - [TEST_STEP][PASSED] - selectOptionByValue(findTestObject("1. Constant/01_id_field_id", ["field_id":"var_9"]), "amartin_arbol", false): All options with value 'amartin_arbol' are selected in object 'Object Repository/1. Constant/01_id_field_id' 

2022-06-09 18:56:11 - [MESSAGE][PASSED] - All options with value 'amartin_arbol' are selected in object 'Object Repository/1. Constant/01_id_field_id' 

2022-06-09 18:56:11 - [TEST_STEP][PASSED] - delay(1): Delayed 1 second(s)

2022-06-09 18:56:12 - [MESSAGE][PASSED] - Delayed 1 second(s)

2022-06-09 18:56:12 - [TEST_STEP][PASSED] - selectOptionByValue(findTestObject("1. Constant/01_id_field_id", ["field_id":"var_10"]), "aterreshernandez", false): All options with value 'aterreshernandez' are selected in object 'Object Repository/1. Constant/01_id_field_id' 

2022-06-09 18:56:13 - [MESSAGE][PASSED] - All options with value 'aterreshernandez' are selected in object 'Object Repository/1. Constant/01_id_field_id' 

2022-06-09 18:56:13 - [TEST_STEP][PASSED] - delay(1): Delayed 1 second(s)

2022-06-09 18:56:14 - [MESSAGE][PASSED] - Delayed 1 second(s)

2022-06-09 18:56:14 - [TEST_STEP][PASSED] - selectOptionByValue(findTestObject("Object Repository/xxx Todelete/1.4 ModifyProPage_MF(IDP)"), "nalonsobermejo", true): All options with value 'nalonsobermejo' are selected in object 'Object Repository/xxx Todelete/1.4 ModifyProPage_MF(IDP)'  using regular expression

2022-06-09 18:56:14 - [MESSAGE][PASSED] - All options with value 'nalonsobermejo' are selected in object 'Object Repository/xxx Todelete/1.4 ModifyProPage_MF(IDP)'  using regular expression

2022-06-09 18:56:14 - [TEST_STEP][PASSED] - delay(1): Delayed 1 second(s)

2022-06-09 18:56:15 - [MESSAGE][PASSED] - Delayed 1 second(s)

2022-06-09 18:56:15 - [TEST_STEP][PASSED] - click(findTestObject("Object Repository/xxx Todelete/1.41 ModifyProPage_AddMF")): Object: 'Object Repository/xxx Todelete/1.41 ModifyProPage_AddMF' is clicked on

2022-06-09 18:56:16 - [MESSAGE][PASSED] - Object: 'Object Repository/xxx Todelete/1.41 ModifyProPage_AddMF' is clicked on

2022-06-09 18:56:16 - [TEST_STEP][PASSED] - delay(1): Delayed 1 second(s)

2022-06-09 18:56:17 - [MESSAGE][PASSED] - Delayed 1 second(s)

2022-06-09 18:56:17 - [TEST_STEP][PASSED] - selectOptionByValue(findTestObject("1. Constant/01_id_field_id", ["field_id":"var_15"]), "292", false): All options with value '292' are selected in object 'Object Repository/1. Constant/01_id_field_id' 

2022-06-09 18:56:18 - [MESSAGE][PASSED] - All options with value '292' are selected in object 'Object Repository/1. Constant/01_id_field_id' 

2022-06-09 18:56:18 - [TEST_STEP][PASSED] - delay(1): Delayed 1 second(s)

2022-06-09 18:56:19 - [MESSAGE][PASSED] - Delayed 1 second(s)

2022-06-09 18:56:19 - [TEST_STEP][PASSED] - selectOptionByValue(findTestObject("1. Constant/01_id_field_id", ["field_id":"var_26"]), "94", false): All options with value '94' are selected in object 'Object Repository/1. Constant/01_id_field_id' 

2022-06-09 18:56:20 - [MESSAGE][PASSED] - All options with value '94' are selected in object 'Object Repository/1. Constant/01_id_field_id' 

2022-06-09 18:56:20 - [TEST_STEP][PASSED] - delay(1): Delayed 1 second(s)

2022-06-09 18:56:21 - [MESSAGE][PASSED] - Delayed 1 second(s)

2022-06-09 18:56:21 - [TEST_STEP][PASSED] - selectOptionByValue(findTestObject("1. Constant/01_id_field_id", ["field_id":"var_12"]), "94", false): All options with value '94' are selected in object 'Object Repository/1. Constant/01_id_field_id' 

2022-06-09 18:56:21 - [MESSAGE][PASSED] - All options with value '94' are selected in object 'Object Repository/1. Constant/01_id_field_id' 

2022-06-09 18:56:21 - [TEST_STEP][PASSED] - delay(1): Delayed 1 second(s)

2022-06-09 18:56:22 - [MESSAGE][PASSED] - Delayed 1 second(s)

2022-06-09 18:56:22 - [TEST_STEP][PASSED] - selectOptionByValue(findTestObject("1. Constant/01_id_field_id", ["field_id":"var_27"]), "734", false): All options with value '734' are selected in object 'Object Repository/1. Constant/01_id_field_id' 

2022-06-09 18:56:23 - [MESSAGE][PASSED] - All options with value '734' are selected in object 'Object Repository/1. Constant/01_id_field_id' 

2022-06-09 18:56:23 - [TEST_STEP][PASSED] - delay(1): Delayed 1 second(s)

2022-06-09 18:56:24 - [MESSAGE][PASSED] - Delayed 1 second(s)

2022-06-09 18:56:24 - [TEST_STEP][PASSED] - selectOptionByValue(findTestObject("1. Constant/01_id_field_id", ["field_id":"var_71"]), "efood", false): All options with value 'efood' are selected in object 'Object Repository/1. Constant/01_id_field_id' 

2022-06-09 18:56:26 - [MESSAGE][PASSED] - All options with value 'efood' are selected in object 'Object Repository/1. Constant/01_id_field_id' 

2022-06-09 18:56:26 - [TEST_STEP][PASSED] - takeScreenshot(): Taking screenshot successfully

2022-06-09 18:56:26 - [MESSAGE][PASSED] - Taking screenshot successfully
[[ATTACHMENT|D:\\Projet Test Auto\\Mediabox Test Automation\\Reports\\20220609_181011\\03. Parallel Testing (Testing)\\TS -PT PART 3\\03. StarPack Full Lifecycle_SAS_Task\\20220609_181034\\1654793786340.png]]

2022-06-09 18:56:26 - [TEST_STEP][PASSED] - delay(5): Delayed 5 second(s)

2022-06-09 18:56:31 - [MESSAGE][PASSED] - Delayed 5 second(s)

2022-06-09 18:56:31 - [TEST_STEP][PASSED] - click(findTestObject("HL Full Lifecycle/5 ModifyProjPage_button_Update")): Object: 'Object Repository/HL Full Lifecycle/5 ModifyProjPage_button_Update' is clicked on

2022-06-09 18:56:34 - [MESSAGE][PASSED] - Object: 'Object Repository/HL Full Lifecycle/5 ModifyProjPage_button_Update' is clicked on

2022-06-09 18:56:34 - [TEST_STEP][PASSED] - delay(10): Delayed 10 second(s)

2022-06-09 18:56:44 - [MESSAGE][PASSED] - Delayed 10 second(s)

2022-06-09 18:56:44 - [TEST_STEP][PASSED] - Project_No = I.ProjectNo(): Current window's url is: 'http://mdb-release.diadeis.lan/MediaboxIndependence/Base/ExecAction?IDSession=MBI%21RELTESTAUTO_STARPACK%21WZDACU79Q48EBZ3YRWHZFJMK66J2H9XUXQRHA56P&default_action=AfficheFichesProjet&id_project=MI001274'

2022-06-09 18:56:49 - [MESSAGE][PASSED] - Delayed 5 second(s)

2022-06-09 18:56:50 - [MESSAGE][PASSED] - Current window's url is: 'http://mdb-release.diadeis.lan/MediaboxIndependence/Base/ExecAction?IDSession=MBI%21RELTESTAUTO_STARPACK%21WZDACU79Q48EBZ3YRWHZFJMK66J2H9XUXQRHA56P&default_action=AfficheFichesProjet&id_project=MI001274'

2022-06-09 18:56:50 - [TEST_STEP][PASSED] - click(findTestObject("HL Full Lifecycle/6 ReferenceListPage_createrefbutton")): Object: 'Object Repository/HL Full Lifecycle/6 ReferenceListPage_createrefbutton' is clicked on

2022-06-09 18:56:50 - [MESSAGE][PASSED] - Object: 'Object Repository/HL Full Lifecycle/6 ReferenceListPage_createrefbutton' is clicked on

2022-06-09 18:56:50 - [TEST_STEP][PASSED] - click(findTestObject("HL Full Lifecycle/6 ReferenceListPaga_Create a component_button")): Object: 'Object Repository/HL Full Lifecycle/6 ReferenceListPaga_Create a component_button' is clicked on

2022-06-09 18:56:52 - [MESSAGE][PASSED] - Object: 'Object Repository/HL Full Lifecycle/6 ReferenceListPaga_Create a component_button' is clicked on

2022-06-09 18:56:52 - [TEST_STEP][PASSED] - waitForPageLoad(10): Wait for page load successfully

2022-06-09 18:56:52 - [MESSAGE][PASSED] - Wait for page load successfully

2022-06-09 18:56:52 - [TEST_STEP][PASSED] - takeScreenshot(): Taking screenshot successfully

2022-06-09 18:56:53 - [MESSAGE][PASSED] - Taking screenshot successfully
[[ATTACHMENT|D:\\Projet Test Auto\\Mediabox Test Automation\\Reports\\20220609_181011\\03. Parallel Testing (Testing)\\TS -PT PART 3\\03. StarPack Full Lifecycle_SAS_Task\\20220609_181034\\1654793812739.png]]

2022-06-09 18:56:53 - [TEST_STEP][PASSED] - selectOptionByValue(findTestObject("1. Constant/01_id_field_id", ["field_id":"ref_type"]), "6", false): All options with value '6' are selected in object 'Object Repository/1. Constant/01_id_field_id' 

2022-06-09 18:56:54 - [MESSAGE][PASSED] - All options with value '6' are selected in object 'Object Repository/1. Constant/01_id_field_id' 

2022-06-09 18:56:54 - [TEST_STEP][PASSED] - click(findTestObject("HL Full Lifecycle/6 ReferencePg_Create a component_bluebutton")): Object: 'Object Repository/HL Full Lifecycle/6 ReferencePg_Create a component_bluebutton' is clicked on

2022-06-09 18:56:57 - [MESSAGE][PASSED] - Object: 'Object Repository/HL Full Lifecycle/6 ReferencePg_Create a component_bluebutton' is clicked on

2022-06-09 18:56:57 - [TEST_STEP][PASSED] - refID = I.RefID(): Current window's url is: 'http://mdb-release.diadeis.lan/MediaboxIndependence/Base/ExecAction?IDSession=MBI%21RELTESTAUTO_STARPACK%21WZDACU79Q48EBZ3YRWHZFJMK66J2H9XUXQRHA56P&default_action=ModifierRef&id_project=MI001274&id_ref=6382&action_from=create_ref'

2022-06-09 18:57:02 - [MESSAGE][PASSED] - Delayed 5 second(s)

2022-06-09 18:57:02 - [MESSAGE][PASSED] - Current window's url is: 'http://mdb-release.diadeis.lan/MediaboxIndependence/Base/ExecAction?IDSession=MBI%21RELTESTAUTO_STARPACK%21WZDACU79Q48EBZ3YRWHZFJMK66J2H9XUXQRHA56P&default_action=ModifierRef&id_project=MI001274&id_ref=6382&action_from=create_ref'

2022-06-09 18:57:02 - [TEST_STEP][PASSED] - out.println(refID): null

2022-06-09 18:57:02 - [TEST_STEP][PASSED] - takeScreenshot(): Taking screenshot successfully

2022-06-09 18:57:03 - [MESSAGE][PASSED] - Taking screenshot successfully
[[ATTACHMENT|D:\\Projet Test Auto\\Mediabox Test Automation\\Reports\\20220609_181011\\03. Parallel Testing (Testing)\\TS -PT PART 3\\03. StarPack Full Lifecycle_SAS_Task\\20220609_181034\\1654793822947.png]]

2022-06-09 18:57:03 - [TEST_STEP][PASSED] - sendKeys(findTestObject("1. Constant/01_id_field_id", ["field_id":"var_28"]), "209293"): Keys '209293' sent to object: 'Object Repository/1. Constant/01_id_field_id'

2022-06-09 18:57:03 - [MESSAGE][PASSED] - Keys '209293' sent to object: 'Object Repository/1. Constant/01_id_field_id'

2022-06-09 18:57:03 - [TEST_STEP][PASSED] - sendKeys(findTestObject("1. Constant/01_id_field_id", ["field_id":"var_30"]), "test Submarca"): Keys 'test Submarca' sent to object: 'Object Repository/1. Constant/01_id_field_id'

2022-06-09 18:57:03 - [MESSAGE][PASSED] - Keys 'test Submarca' sent to object: 'Object Repository/1. Constant/01_id_field_id'

2022-06-09 18:57:03 - [TEST_STEP][PASSED] - sendKeys(findTestObject("1. Constant/01_id_field_id", ["field_id":"var_31"]), "test Submarca Vínculo con bulto: test Submarca"): Keys 'test Submarca Vínculo con bulto: test Submarca' sent to object: 'Object Repository/1. Constant/01_id_field_id'

2022-06-09 18:57:04 - [MESSAGE][PASSED] - Keys 'test Submarca Vínculo con bulto: test Submarca' sent to object: 'Object Repository/1. Constant/01_id_field_id'

2022-06-09 18:57:04 - [TEST_STEP][PASSED] - selectOptionByValue(findTestObject("1. Constant/01_id_field_id", ["field_id":"var_38"]), "24", false): All options with value '24' are selected in object 'Object Repository/1. Constant/01_id_field_id' 

2022-06-09 18:57:04 - [MESSAGE][PASSED] - All options with value '24' are selected in object 'Object Repository/1. Constant/01_id_field_id' 

2022-06-09 18:57:04 - [TEST_STEP][PASSED] - sendKeys(findTestObject("1. Constant/01_id_field_id", ["field_id":"var_39"]), "8480017155061"): Keys '8480017155061' sent to object: 'Object Repository/1. Constant/01_id_field_id'

2022-06-09 18:57:04 - [MESSAGE][PASSED] - Keys '8480017155061' sent to object: 'Object Repository/1. Constant/01_id_field_id'

2022-06-09 18:57:04 - [TEST_STEP][PASSED] - selectOptionByValue(findTestObject("1. Constant/01_id_field_id", ["field_id":"selSource_19"]), "22", false): All options with value '22' are selected in object 'Object Repository/1. Constant/01_id_field_id' 

2022-06-09 18:57:05 - [MESSAGE][PASSED] - All options with value '22' are selected in object 'Object Repository/1. Constant/01_id_field_id' 

2022-06-09 18:57:05 - [TEST_STEP][PASSED] - click(findTestObject("Object Repository/xxx Todelete/2.01 ModifyRef_Pais")): Object: 'Object Repository/xxx Todelete/2.01 ModifyRef_Pais' is clicked on

2022-06-09 18:57:05 - [MESSAGE][PASSED] - Object: 'Object Repository/xxx Todelete/2.01 ModifyRef_Pais' is clicked on

2022-06-09 18:57:05 - [TEST_STEP][PASSED] - selectOptionByValue(findTestObject("1. Constant/01_id_field_id", ["field_id":"var_75"]), "26", false): All options with value '26' are selected in object 'Object Repository/1. Constant/01_id_field_id' 

2022-06-09 18:57:05 - [MESSAGE][PASSED] - All options with value '26' are selected in object 'Object Repository/1. Constant/01_id_field_id' 

2022-06-09 18:57:05 - [TEST_STEP][PASSED] - click(findTestObject("HL Full Lifecycle/7 ModifyRefPage_button_Save")): Object: 'Object Repository/HL Full Lifecycle/7 ModifyRefPage_button_Save' is clicked on

2022-06-09 18:57:11 - [MESSAGE][PASSED] - Object: 'Object Repository/HL Full Lifecycle/7 ModifyRefPage_button_Save' is clicked on

2022-06-09 18:57:11 - [TEST_STEP][PASSED] - takeScreenshot(): Taking screenshot successfully

2022-06-09 18:57:11 - [MESSAGE][PASSED] - Taking screenshot successfully
[[ATTACHMENT|D:\\Projet Test Auto\\Mediabox Test Automation\\Reports\\20220609_181011\\03. Parallel Testing (Testing)\\TS -PT PART 3\\03. StarPack Full Lifecycle_SAS_Task\\20220609_181034\\1654793831389.png]]

2022-06-09 18:57:11 - [TEST_STEP][PASSED] - click(findTestObject("1. Constant/xpath", ["xpath":"/html/body/div[1]/div[2]/div[4]/div[3]/div/div[2]/div[2]/div[1]/table/tbody/tr[2]/td[10]/a[3]"])): Object: 'Object Repository/1. Constant/xpath' is clicked on

2022-06-09 18:57:14 - [MESSAGE][PASSED] - Object: 'Object Repository/1. Constant/xpath' is clicked on

2022-06-09 18:57:14 - [TEST_STEP][PASSED] - takeScreenshot(): Taking screenshot successfully

2022-06-09 18:57:14 - [MESSAGE][PASSED] - Taking screenshot successfully
[[ATTACHMENT|D:\\Projet Test Auto\\Mediabox Test Automation\\Reports\\20220609_181011\\03. Parallel Testing (Testing)\\TS -PT PART 3\\03. StarPack Full Lifecycle_SAS_Task\\20220609_181034\\1654793834541.png]]

2022-06-09 18:57:14 - [TEST_STEP][PASSED] - click(findTestObject("Object Repository/StarPack - Full Lifecycle (AWIS)/2.031 RefPg_AnnaSubmit", ["id":"1"])): Object: 'Object Repository/StarPack - Full Lifecycle (AWIS)/2.031 RefPg_AnnaSubmit' is clicked on

2022-06-09 18:57:20 - [MESSAGE][PASSED] - Object: 'Object Repository/StarPack - Full Lifecycle (AWIS)/2.031 RefPg_AnnaSubmit' is clicked on

2022-06-09 18:57:20 - [TEST_STEP][PASSED] - takeScreenshot(): Taking screenshot successfully

2022-06-09 18:57:20 - [MESSAGE][PASSED] - Taking screenshot successfully
[[ATTACHMENT|D:\\Projet Test Auto\\Mediabox Test Automation\\Reports\\20220609_181011\\03. Parallel Testing (Testing)\\TS -PT PART 3\\03. StarPack Full Lifecycle_SAS_Task\\20220609_181034\\1654793840406.png]]

2022-06-09 18:57:20 - [TEST_STEP][PASSED] - click(findTestObject("1. Constant/xpath", ["xpath":"/html/body/div[1]/div[2]/div[4]/div[3]/div/div[2]/div[2]/div[1]/table/tbody/tr[2]/td[4]/a"])): Object: 'Object Repository/1. Constant/xpath' is clicked on

2022-06-09 18:57:23 - [MESSAGE][PASSED] - Object: 'Object Repository/1. Constant/xpath' is clicked on

2022-06-09 18:57:23 - [TEST_STEP][PASSED] - delay(5): Delayed 5 second(s)

2022-06-09 18:57:28 - [MESSAGE][PASSED] - Delayed 5 second(s)

2022-06-09 18:57:28 - [TEST_STEP][PASSED] - takeScreenshot(): Taking screenshot successfully

2022-06-09 18:57:28 - [MESSAGE][PASSED] - Taking screenshot successfully
[[ATTACHMENT|D:\\Projet Test Auto\\Mediabox Test Automation\\Reports\\20220609_181011\\03. Parallel Testing (Testing)\\TS -PT PART 3\\03. StarPack Full Lifecycle_SAS_Task\\20220609_181034\\1654793848180.png]]

2022-06-09 18:57:28 - [TEST_STEP][PASSED] - click(findTestObject("1. Constant/xpath", ["xpath":"//*[@id="kt_content"]/div[3]/div/ul/li[3]/a"])): Object: 'Object Repository/1. Constant/xpath' is clicked on

2022-06-09 18:57:29 - [MESSAGE][PASSED] - Object: 'Object Repository/1. Constant/xpath' is clicked on

2022-06-09 18:57:29 - [TEST_STEP][PASSED] - delay(2): Delayed 2 second(s)

2022-06-09 18:57:31 - [MESSAGE][PASSED] - Delayed 2 second(s)

2022-06-09 18:57:31 - [TEST_STEP][PASSED] - mouseOver(findTestObject("1. Constant/xpath", ["xpath":"/html/body/div[1]/div[2]/div[8]/div[3]/div/div[3]/div[3]/div/div/div[1]/div/div[2]/div/div[1]/div[2]/div/a[3]"])): Object: 'Object Repository/1. Constant/xpath' is hovered

2022-06-09 18:57:32 - [MESSAGE][PASSED] - Object: 'Object Repository/1. Constant/xpath' is hovered

2022-06-09 18:57:32 - [TEST_STEP][PASSED] - Atooltip_skip = getText(findTestObject("1. Constant/xpath", ["xpath":"/html/body/div[9]/div[2]"])): Text of object 'Object Repository/1. Constant/xpath' is: 'Saltar esta fase'

2022-06-09 18:57:33 - [MESSAGE][PASSED] - Text of object 'Object Repository/1. Constant/xpath' is: 'Saltar esta fase'

2022-06-09 18:57:33 - [TEST_STEP][PASSED] - I.print("Atooltip_skip " + Atooltip_skip): null

2022-06-09 18:57:33 - [TEST_STEP][PASSED] - Etooltip_skip = "Saltar esta fase": null

2022-06-09 18:57:33 - [TEST_STEP][PASSED] - verifyMatch(Atooltip_skip, Etooltip_skip, false): Actual text 'Saltar esta fase' and expected text 'Saltar esta fase' are matched 

2022-06-09 18:57:33 - [MESSAGE][PASSED] - Actual text 'Saltar esta fase' and expected text 'Saltar esta fase' are matched 

2022-06-09 18:57:33 - [TEST_STEP][PASSED] - takeScreenshot(): Taking screenshot successfully

2022-06-09 18:57:34 - [MESSAGE][PASSED] - Taking screenshot successfully
[[ATTACHMENT|D:\\Projet Test Auto\\Mediabox Test Automation\\Reports\\20220609_181011\\03. Parallel Testing (Testing)\\TS -PT PART 3\\03. StarPack Full Lifecycle_SAS_Task\\20220609_181034\\1654793854318.png]]

2022-06-09 18:57:34 - [TEST_STEP][PASSED] - click(findTestObject("1. Constant/xpath", ["xpath":"/html/body/div[1]/div[2]/div[8]/div[3]/div/div[3]/div[3]/div/div/div[1]/div/div[2]/div/div[1]/div[2]/div/a[3]"])): Object: 'Object Repository/1. Constant/xpath' is clicked on

2022-06-09 18:57:35 - [MESSAGE][PASSED] - Object: 'Object Repository/1. Constant/xpath' is clicked on

2022-06-09 18:57:35 - [TEST_STEP][PASSED] - takeScreenshot(): Taking screenshot successfully

2022-06-09 18:57:35 - [MESSAGE][PASSED] - Taking screenshot successfully
[[ATTACHMENT|D:\\Projet Test Auto\\Mediabox Test Automation\\Reports\\20220609_181011\\03. Parallel Testing (Testing)\\TS -PT PART 3\\03. StarPack Full Lifecycle_SAS_Task\\20220609_181034\\1654793855590.png]]

2022-06-09 18:57:35 - [TEST_STEP][PASSED] - click(findTestObject("1. Constant/xpath", ["xpath":"//*[@id="modal_skip_phase"]/div/div/div[3]/button[1]"])): Object: 'Object Repository/1. Constant/xpath' is clicked on

2022-06-09 18:57:36 - [MESSAGE][PASSED] - Object: 'Object Repository/1. Constant/xpath' is clicked on

2022-06-09 18:57:36 - [TEST_STEP][PASSED] - takeScreenshot(): Taking screenshot successfully

2022-06-09 18:57:36 - [MESSAGE][PASSED] - Taking screenshot successfully
[[ATTACHMENT|D:\\Projet Test Auto\\Mediabox Test Automation\\Reports\\20220609_181011\\03. Parallel Testing (Testing)\\TS -PT PART 3\\03. StarPack Full Lifecycle_SAS_Task\\20220609_181034\\1654793856114.png]]

2022-06-09 18:57:36 - [TEST_STEP][PASSED] - click(findTestObject("1. Constant/xpath", ["xpath":"/html/body/div[1]/div[2]/div[8]/div[3]/div/div[3]/div[3]/div/div/div[1]/div/div[2]/div/div[1]/div[2]/div/a[3]"])): Object: 'Object Repository/1. Constant/xpath' is clicked on

2022-06-09 18:57:36 - [MESSAGE][PASSED] - Object: 'Object Repository/1. Constant/xpath' is clicked on

2022-06-09 18:57:36 - [TEST_STEP][PASSED] - takeScreenshot(): Taking screenshot successfully

2022-06-09 18:57:37 - [MESSAGE][PASSED] - Taking screenshot successfully
[[ATTACHMENT|D:\\Projet Test Auto\\Mediabox Test Automation\\Reports\\20220609_181011\\03. Parallel Testing (Testing)\\TS -PT PART 3\\03. StarPack Full Lifecycle_SAS_Task\\20220609_181034\\1654793856891.png]]

2022-06-09 18:57:37 - [TEST_STEP][PASSED] - click(findTestObject("1. Constant/xpath", ["xpath":"//*[@id="modal_skip_phase"]/div/div/div[3]/button[2]"])): Object: 'Object Repository/1. Constant/xpath' is clicked on

2022-06-09 18:57:41 - [MESSAGE][PASSED] - Object: 'Object Repository/1. Constant/xpath' is clicked on

2022-06-09 18:57:41 - [TEST_STEP][PASSED] - takeScreenshot(): Taking screenshot successfully

2022-06-09 18:57:42 - [MESSAGE][PASSED] - Taking screenshot successfully
[[ATTACHMENT|D:\\Projet Test Auto\\Mediabox Test Automation\\Reports\\20220609_181011\\03. Parallel Testing (Testing)\\TS -PT PART 3\\03. StarPack Full Lifecycle_SAS_Task\\20220609_181034\\1654793861780.png]]

2022-06-09 18:57:42 - [TEST_STEP][PASSED] - Actual_Successmsg = getText(findTestObject("1. Constant/xpath", ["xpath":"//*[@id="toast-container"]/div/div[2]"])): Text of object 'Object Repository/1. Constant/xpath' is: 'Se ha omitido la fase Briefing'

2022-06-09 18:57:42 - [MESSAGE][PASSED] - Text of object 'Object Repository/1. Constant/xpath' is: 'Se ha omitido la fase Briefing'

2022-06-09 18:57:42 - [TEST_STEP][PASSED] - Expected_Successmsg = "Se ha omitido la fase Briefing": null

2022-06-09 18:57:42 - [TEST_STEP][PASSED] - I.print("Actual error msg - " + Actual_Successmsg): null

2022-06-09 18:57:42 - [TEST_STEP][PASSED] - verifyMatch(Actual_Successmsg, Expected_Successmsg, false): Actual text 'Se ha omitido la fase Briefing' and expected text 'Se ha omitido la fase Briefing' are matched 

2022-06-09 18:57:42 - [MESSAGE][PASSED] - Actual text 'Se ha omitido la fase Briefing' and expected text 'Se ha omitido la fase Briefing' are matched 

2022-06-09 18:57:42 - [TEST_STEP][PASSED] - click(findTestObject("1. Constant/xpath", ["xpath":"/html/body/div[1]/div[2]/div[8]/div[3]/div/div[3]/div[3]/div/ul/li[1]/a"])): Object: 'Object Repository/1. Constant/xpath' is clicked on

2022-06-09 18:57:43 - [MESSAGE][PASSED] - Object: 'Object Repository/1. Constant/xpath' is clicked on

2022-06-09 18:57:43 - [TEST_STEP][PASSED] - click(findTestObject("1. Constant/xpath", ["xpath":"/html/body/div[1]/div[2]/div[8]/div[3]/div/div[3]/div[3]/div/div/div[1]/div/div[2]/div/div[1]/div[2]/a"])): Object: 'Object Repository/1. Constant/xpath' is clicked on

2022-06-09 18:57:43 - [MESSAGE][PASSED] - Object: 'Object Repository/1. Constant/xpath' is clicked on

2022-06-09 18:57:43 - [TEST_STEP][PASSED] - delay(1): Delayed 1 second(s)

2022-06-09 18:57:44 - [MESSAGE][PASSED] - Delayed 1 second(s)

2022-06-09 18:57:44 - [TEST_STEP][PASSED] - takeScreenshot(): Taking screenshot successfully

2022-06-09 18:57:44 - [MESSAGE][PASSED] - Taking screenshot successfully
[[ATTACHMENT|D:\\Projet Test Auto\\Mediabox Test Automation\\Reports\\20220609_181011\\03. Parallel Testing (Testing)\\TS -PT PART 3\\03. StarPack Full Lifecycle_SAS_Task\\20220609_181034\\1654793864545.png]]

2022-06-09 18:57:44 - [TEST_STEP][PASSED] - ActualSkip_ES = getText(findTestObject("1. Constant/xpath", ["xpath":"/html/body/div[1]/div[2]/div[8]/div[3]/div/div[3]/div[3]/div/div/div[1]/div/div[2]/div/div[2]/h5"])): Text of object 'Object Repository/1. Constant/xpath' is: 'Omitido por ANA DELAMATANIEVES'

2022-06-09 18:57:45 - [MESSAGE][PASSED] - Text of object 'Object Repository/1. Constant/xpath' is: 'Omitido por ANA DELAMATANIEVES'

2022-06-09 18:57:45 - [TEST_STEP][PASSED] - I.print("Skip is displayed - " + ActualSkip_ES): null

2022-06-09 18:57:45 - [TEST_STEP][PASSED] - ExpectSkip_ES = "Omitido por ANA DELAMATANIEVES": null

2022-06-09 18:57:45 - [TEST_STEP][PASSED] - verifyMatch(ExpectSkip_ES, ActualSkip_ES, false): Actual text 'Omitido por ANA DELAMATANIEVES' and expected text 'Omitido por ANA DELAMATANIEVES' are matched 

2022-06-09 18:57:45 - [MESSAGE][PASSED] - Actual text 'Omitido por ANA DELAMATANIEVES' and expected text 'Omitido por ANA DELAMATANIEVES' are matched 

2022-06-09 18:57:45 - [TEST_STEP][PASSED] - click(findTestObject("1. Constant/xpath", ["xpath":"/html/body/div[1]/div[2]/div[8]/div[3]/div/div[3]/div[3]/div/ul/li[2]/a"])): Object: 'Object Repository/1. Constant/xpath' is clicked on

2022-06-09 18:57:45 - [MESSAGE][PASSED] - Object: 'Object Repository/1. Constant/xpath' is clicked on

2022-06-09 18:57:45 - [TEST_STEP][PASSED] - delay(5): Delayed 5 second(s)

2022-06-09 18:57:50 - [MESSAGE][PASSED] - Delayed 5 second(s)

2022-06-09 18:57:50 - [TEST_STEP][PASSED] - click(findTestObject("1. Constant/xpath", ["xpath":"/html/body/div[1]/div[2]/div[8]/div[3]/div/div[3]/div[3]/div/div/div[2]/div/div[1]/div/div[1]/div[2]/a"])): Object: 'Object Repository/1. Constant/xpath' is clicked on

2022-06-09 18:57:51 - [MESSAGE][PASSED] - Object: 'Object Repository/1. Constant/xpath' is clicked on

2022-06-09 18:57:51 - [TEST_STEP][PASSED] - delay(5): Delayed 5 second(s)

2022-06-09 18:57:56 - [MESSAGE][PASSED] - Delayed 5 second(s)

2022-06-09 18:57:56 - [TEST_STEP][PASSED] - takeScreenshot(): Taking screenshot successfully

2022-06-09 18:57:56 - [MESSAGE][PASSED] - Taking screenshot successfully
[[ATTACHMENT|D:\\Projet Test Auto\\Mediabox Test Automation\\Reports\\20220609_181011\\03. Parallel Testing (Testing)\\TS -PT PART 3\\03. StarPack Full Lifecycle_SAS_Task\\20220609_181034\\1654793876558.png]]

2022-06-09 18:57:56 - [TEST_STEP][PASSED] - ActualSkipAuto_ES = getText(findTestObject("1. Constant/xpath", ["xpath":"/html/body/div[1]/div[2]/div[8]/div[3]/div/div[3]/div[3]/div/div/div[2]/div/div[1]/div/div[2]/h5"])): Text of object 'Object Repository/1. Constant/xpath' is: 'Skipped automatically (empty group)'

2022-06-09 18:57:57 - [MESSAGE][PASSED] - Text of object 'Object Repository/1. Constant/xpath' is: 'Skipped automatically (empty group)'

2022-06-09 18:57:57 - [TEST_STEP][PASSED] - I.print("Skip is displayed - " + ActualSkipAuto_ES): null

2022-06-09 18:57:57 - [TEST_STEP][PASSED] - ExpectSkipAuto_ES = "Skipped automatically (empty group)": null

2022-06-09 18:57:57 - [TEST_STEP][PASSED] - verifyMatch(ExpectSkipAuto_ES, ActualSkipAuto_ES, false): Actual text 'Skipped automatically (empty group)' and expected text 'Skipped automatically (empty group)' are matched 

2022-06-09 18:57:57 - [MESSAGE][PASSED] - Actual text 'Skipped automatically (empty group)' and expected text 'Skipped automatically (empty group)' are matched 

2022-06-09 18:57:57 - [TEST_STEP][PASSED] - click(findTestObject("1. Constant/xpath", ["xpath":"/html/body/div[1]/div[2]/div[8]/div[2]/div/nav/ol/li[2]/a"])): Object: 'Object Repository/1. Constant/xpath' is clicked on

2022-06-09 18:57:59 - [MESSAGE][PASSED] - Object: 'Object Repository/1. Constant/xpath' is clicked on

2022-06-09 18:57:59 - [TEST_STEP][PASSED] - takeScreenshot(): Taking screenshot successfully

2022-06-09 18:58:00 - [MESSAGE][PASSED] - Taking screenshot successfully
[[ATTACHMENT|D:\\Projet Test Auto\\Mediabox Test Automation\\Reports\\20220609_181011\\03. Parallel Testing (Testing)\\TS -PT PART 3\\03. StarPack Full Lifecycle_SAS_Task\\20220609_181034\\1654793880013.png]]

2022-06-09 18:58:00 - [TEST_STEP][PASSED] - Alifecycle_PAF = getText(findTestObject("1. Constant/xpath", ["xpath":"/html/body/div[1]/div[2]/div[4]/div[3]/div/div[2]/div[2]/div[1]/table/tbody/tr[2]/td[7]/span[2]"])): Text of object 'Object Repository/1. Constant/xpath' is: 'PAF'

2022-06-09 18:58:00 - [MESSAGE][PASSED] - Text of object 'Object Repository/1. Constant/xpath' is: 'PAF'

2022-06-09 18:58:00 - [TEST_STEP][PASSED] - I.print("Lifecycle - " + Alifecycle_PAF): null

2022-06-09 18:58:00 - [TEST_STEP][PASSED] - Elifecycle_PAF = "PAF": null

2022-06-09 18:58:00 - [TEST_STEP][PASSED] - verifyMatch(Alifecycle_PAF, Elifecycle_PAF, false): Actual text 'PAF' and expected text 'PAF' are matched 

2022-06-09 18:58:00 - [MESSAGE][PASSED] - Actual text 'PAF' and expected text 'PAF' are matched 

2022-06-09 18:58:00 - [TEST_STEP][PASSED] - click(findTestObject("1. Constant/xpath", ["xpath":"/html/body/div[1]/div[2]/div[4]/div[3]/div/div[2]/div[2]/div[1]/table/tbody/tr[2]/td[4]/a"])): Object: 'Object Repository/1. Constant/xpath' is clicked on

2022-06-09 18:58:02 - [MESSAGE][PASSED] - Object: 'Object Repository/1. Constant/xpath' is clicked on

2022-06-09 18:58:02 - [TEST_STEP][PASSED] - click(findTestObject("1. Constant/xpath", ["xpath":"//*[@id="kt_content"]/div[3]/div/ul/li[3]/a"])): Object: 'Object Repository/1. Constant/xpath' is clicked on

2022-06-09 18:58:04 - [MESSAGE][PASSED] - Object: 'Object Repository/1. Constant/xpath' is clicked on

2022-06-09 18:58:04 - [TEST_STEP][PASSED] - I.Pagedown(): Execute JavaScript 'window.scrollTo(0, document.body.scrollHeight)' successfully

2022-06-09 18:58:04 - [MESSAGE][PASSED] - Execute JavaScript 'window.scrollTo(0, document.body.scrollHeight)' successfully

2022-06-09 18:58:04 - [TEST_STEP][PASSED] - mouseOver(findTestObject("1. Constant/xpath", ["xpath":"/html/body/div[1]/div[2]/div[8]/div[3]/div/div[3]/div[3]/div/div/div[2]/div/div[3]/div/div[1]/div[2]/div/a[2]"])): Object: 'Object Repository/1. Constant/xpath' is hovered

2022-06-09 18:58:06 - [MESSAGE][PASSED] - Object: 'Object Repository/1. Constant/xpath' is hovered

2022-06-09 18:58:06 - [TEST_STEP][PASSED] - takeScreenshot(): Taking screenshot successfully

2022-06-09 18:58:08 - [MESSAGE][PASSED] - Taking screenshot successfully
[[ATTACHMENT|D:\\Projet Test Auto\\Mediabox Test Automation\\Reports\\20220609_181011\\03. Parallel Testing (Testing)\\TS -PT PART 3\\03. StarPack Full Lifecycle_SAS_Task\\20220609_181034\\1654793887505.png]]

2022-06-09 18:58:08 - [TEST_STEP][PASSED] - Atooltip_del = getText(findTestObject("1. Constant/xpath", ["xpath":"/html/body/div[9]/div[2]"])): Text of object 'Object Repository/1. Constant/xpath' is: 'Borrar esta fase'

2022-06-09 18:58:08 - [MESSAGE][PASSED] - Text of object 'Object Repository/1. Constant/xpath' is: 'Borrar esta fase'

2022-06-09 18:58:08 - [TEST_STEP][PASSED] - Etooltip_del = "Borrar esta fase": null

2022-06-09 18:58:08 - [TEST_STEP][PASSED] - verifyMatch(Atooltip_del, Etooltip_del, false): Actual text 'Borrar esta fase' and expected text 'Borrar esta fase' are matched 

2022-06-09 18:58:08 - [MESSAGE][PASSED] - Actual text 'Borrar esta fase' and expected text 'Borrar esta fase' are matched 

2022-06-09 18:58:08 - [TEST_STEP][PASSED] - click(findTestObject("1. Constant/xpath", ["xpath":"/html/body/div[1]/div[2]/div[8]/div[3]/div/div[3]/div[3]/div/div/div[2]/div/div[3]/div/div[1]/div[2]/div/a[2]"])): Object: 'Object Repository/1. Constant/xpath' is clicked on

2022-06-09 18:58:10 - [MESSAGE][PASSED] - Object: 'Object Repository/1. Constant/xpath' is clicked on

2022-06-09 18:58:10 - [TEST_STEP][PASSED] - takeScreenshot(): Taking screenshot successfully

2022-06-09 18:58:10 - [MESSAGE][PASSED] - Taking screenshot successfully
[[ATTACHMENT|D:\\Projet Test Auto\\Mediabox Test Automation\\Reports\\20220609_181011\\03. Parallel Testing (Testing)\\TS -PT PART 3\\03. StarPack Full Lifecycle_SAS_Task\\20220609_181034\\1654793890250.png]]

2022-06-09 18:58:10 - [TEST_STEP][PASSED] - click(findTestObject("1. Constant/xpath", ["xpath":"//*[@id="kt_body"]/div[9]/div/div/div[2]/button[2]"])): Object: 'Object Repository/1. Constant/xpath' is clicked on

2022-06-09 18:58:12 - [MESSAGE][PASSED] - Object: 'Object Repository/1. Constant/xpath' is clicked on

2022-06-09 18:58:12 - [TEST_STEP][PASSED] - takeScreenshot(): Taking screenshot successfully

2022-06-09 18:58:13 - [MESSAGE][PASSED] - Taking screenshot successfully
[[ATTACHMENT|D:\\Projet Test Auto\\Mediabox Test Automation\\Reports\\20220609_181011\\03. Parallel Testing (Testing)\\TS -PT PART 3\\03. StarPack Full Lifecycle_SAS_Task\\20220609_181034\\1654793893409.png]]

2022-06-09 18:58:13 - [TEST_STEP][PASSED] - ActualSuceessDel = getText(findTestObject("1. Constant/xpath", ["xpath":"//*[@id="toast-container"]/div/div[2]"])): Text of object 'Object Repository/1. Constant/xpath' is: 'The phase Final artworks has been removed'

2022-06-09 18:58:13 - [MESSAGE][PASSED] - Text of object 'Object Repository/1. Constant/xpath' is: 'The phase Final artworks has been removed'

2022-06-09 18:58:13 - [TEST_STEP][PASSED] - I.print("Skip is displayed - " + ActualSuceessDel): null

2022-06-09 18:58:13 - [TEST_STEP][PASSED] - Exp_SuceessDel = "The phase Final artworks has been removed": null

2022-06-09 18:58:13 - [TEST_STEP][PASSED] - verifyMatch(ActualSuceessDel, Exp_SuceessDel, false): Actual text 'The phase Final artworks has been removed' and expected text 'The phase Final artworks has been removed' are matched 

2022-06-09 18:58:13 - [MESSAGE][PASSED] - Actual text 'The phase Final artworks has been removed' and expected text 'The phase Final artworks has been removed' are matched 

2022-06-09 18:58:13 - [TEST_STEP][PASSED] - takeScreenshot(): Taking screenshot successfully

2022-06-09 18:58:16 - [MESSAGE][PASSED] - Taking screenshot successfully
[[ATTACHMENT|D:\\Projet Test Auto\\Mediabox Test Automation\\Reports\\20220609_181011\\03. Parallel Testing (Testing)\\TS -PT PART 3\\03. StarPack Full Lifecycle_SAS_Task\\20220609_181034\\1654793894934.png]]

2022-06-09 18:58:16 - [TEST_STEP][PASSED] - delay(1): Delayed 1 second(s)

2022-06-09 18:58:17 - [MESSAGE][PASSED] - Delayed 1 second(s)

2022-06-09 18:58:17 - [TEST_STEP][PASSED] - I.Logout(): Delayed 3 second(s)

2022-06-09 18:58:20 - [MESSAGE][PASSED] - Delayed 3 second(s)

2022-06-09 18:58:22 - [MESSAGE][PASSED] - Object: 'Object Repository/1. Constant/xpath' is clicked on

2022-06-09 18:58:25 - [MESSAGE][PASSED] - Delayed 3 second(s)

2022-06-09 18:58:31 - [MESSAGE][PASSED] - Object: 'Object Repository/1. Constant/xpath' is clicked on

2022-06-09 18:58:34 - [MESSAGE][PASSED] - Delayed 3 second(s)

2022-06-09 18:58:34 - [TEST_STEP][PASSED] - I.Login_password("suser", password_suser): Object: 'Object Repository/1. Constant/xpath' is clicked on

2022-06-09 18:58:39 - [MESSAGE][PASSED] - Text 'suser' is set on object 'Object Repository/1. Constant/xpath'

2022-06-09 18:58:40 - [MESSAGE][PASSED] - Delayed 1 second(s)

2022-06-09 18:58:44 - [MESSAGE][PASSED] - Text 'dchi2' is set on object 'Object Repository/1. Constant/xpath'

2022-06-09 18:58:45 - [MESSAGE][PASSED] - Delayed 1 second(s)

2022-06-09 18:58:54 - [MESSAGE][PASSED] - Object: 'Object Repository/1. Constant/xpath' is clicked on

2022-06-09 18:58:54 - [TEST_STEP][PASSED] - takeScreenshot(): Taking screenshot successfully

2022-06-09 18:58:56 - [MESSAGE][PASSED] - Taking screenshot successfully
[[ATTACHMENT|D:\\Projet Test Auto\\Mediabox Test Automation\\Reports\\20220609_181011\\03. Parallel Testing (Testing)\\TS -PT PART 3\\03. StarPack Full Lifecycle_SAS_Task\\20220609_181034\\1654793934675.png]]

2022-06-09 18:58:56 - [TEST_STEP][PASSED] - click(findTestObject("1. Constant/02_LHSMenu_Projects")): Object: 'Object Repository/1. Constant/02_LHSMenu_Projects' is clicked on

2022-06-09 18:59:02 - [MESSAGE][PASSED] - Object: 'Object Repository/1. Constant/02_LHSMenu_Projects' is clicked on

2022-06-09 18:59:02 - [TEST_STEP][PASSED] - I.SearchProjectNo(Project_No, findTestObject("1. Constant/xpath", ["xpath":"//*[@id="form_filters"]/div[4]/button"])): Delayed 5 second(s)

2022-06-09 18:59:05 - [MESSAGE][PASSED] - Text 'MI001274' is set on object 'Object Repository/1. Constant/xpath'

2022-06-09 18:59:08 - [MESSAGE][PASSED] - Delayed 3 second(s)

2022-06-09 18:59:13 - [MESSAGE][PASSED] - Object: 'Object Repository/1. Constant/xpath' is clicked on

2022-06-09 18:59:18 - [MESSAGE][PASSED] - Delayed 5 second(s)

2022-06-09 18:59:18 - [TEST_STEP][PASSED] - takeScreenshot(): Taking screenshot successfully

2022-06-09 18:59:20 - [MESSAGE][PASSED] - Taking screenshot successfully
[[ATTACHMENT|D:\\Projet Test Auto\\Mediabox Test Automation\\Reports\\20220609_181011\\03. Parallel Testing (Testing)\\TS -PT PART 3\\03. StarPack Full Lifecycle_SAS_Task\\20220609_181034\\1654793959473.png]]

2022-06-09 18:59:20 - [TEST_STEP][PASSED] - click(findTestObject("Object Repository/StarPack - Full Lifecycle (AWIS)/6.03 suser id_source_refID__td4_a", ["refID":"source_" + refID])): Object: 'Object Repository/StarPack - Full Lifecycle (AWIS)/6.03 suser id_source_refID__td4_a' is clicked on

2022-06-09 18:59:25 - [MESSAGE][PASSED] - Object: 'Object Repository/StarPack - Full Lifecycle (AWIS)/6.03 suser id_source_refID__td4_a' is clicked on

2022-06-09 18:59:25 - [TEST_STEP][PASSED] - click(findTestObject("1. Constant/xpath", ["xpath":"//*[@id="kt_content"]/div[3]/div/ul/li[3]/a"])): Object: 'Object Repository/1. Constant/xpath' is clicked on

2022-06-09 18:59:28 - [MESSAGE][PASSED] - Object: 'Object Repository/1. Constant/xpath' is clicked on

2022-06-09 18:59:28 - [TEST_STEP][PASSED] - mouseOver(findTestObject("1. Constant/xpath", ["xpath":"/html/body/div[1]/div[2]/div[8]/div[3]/div/div[3]/div[3]/div/div/div[2]/div/div[2]/div/div[1]/div[2]/div/a[1]"])): Object: 'Object Repository/1. Constant/xpath' is hovered

2022-06-09 18:59:31 - [MESSAGE][PASSED] - Object: 'Object Repository/1. Constant/xpath' is hovered

2022-06-09 18:59:31 - [TEST_STEP][PASSED] - takeScreenshot(): Taking screenshot successfully

2022-06-09 18:59:32 - [MESSAGE][PASSED] - Taking screenshot successfully
[[ATTACHMENT|D:\\Projet Test Auto\\Mediabox Test Automation\\Reports\\20220609_181011\\03. Parallel Testing (Testing)\\TS -PT PART 3\\03. StarPack Full Lifecycle_SAS_Task\\20220609_181034\\1654793972146.png]]

2022-06-09 18:59:32 - [TEST_STEP][PASSED] - Atooltip_AddPhase = getText(findTestObject("1. Constant/xpath", ["xpath":"/html/body/div[9]/div[2]"])): Text of object 'Object Repository/1. Constant/xpath' is: 'Add phases'

2022-06-09 18:59:34 - [MESSAGE][PASSED] - Text of object 'Object Repository/1. Constant/xpath' is: 'Add phases'

2022-06-09 18:59:34 - [TEST_STEP][PASSED] - I.print("tooltip Actual for Add phase -" + Atooltip_AddPhase): null

2022-06-09 18:59:34 - [TEST_STEP][PASSED] - Etooltip_AddPhase = "Add phases": null

2022-06-09 18:59:34 - [TEST_STEP][PASSED] - verifyMatch(Atooltip_AddPhase, Etooltip_AddPhase, false): Actual text 'Add phases' and expected text 'Add phases' are matched 

2022-06-09 18:59:34 - [MESSAGE][PASSED] - Actual text 'Add phases' and expected text 'Add phases' are matched 

2022-06-09 18:59:34 - [TEST_STEP][PASSED] - click(findTestObject("1. Constant/xpath", ["xpath":"/html/body/div[1]/div[2]/div[8]/div[3]/div/div[3]/div[3]/div/div/div[2]/div/div[2]/div/div[1]/div[2]/div/a[1]"])): Object: 'Object Repository/1. Constant/xpath' is clicked on

2022-06-09 18:59:36 - [MESSAGE][PASSED] - Object: 'Object Repository/1. Constant/xpath' is clicked on

2022-06-09 18:59:36 - [TEST_STEP][PASSED] - delay(1): Delayed 1 second(s)

2022-06-09 18:59:37 - [MESSAGE][PASSED] - Delayed 1 second(s)

2022-06-09 18:59:37 - [TEST_STEP][PASSED] - selectOptionByValue(findTestObject("1. Constant/01_id_field_id", ["field_id":"added_phase"]), "52", false): All options with value '52' are selected in object 'Object Repository/1. Constant/01_id_field_id' 

2022-06-09 18:59:41 - [MESSAGE][PASSED] - All options with value '52' are selected in object 'Object Repository/1. Constant/01_id_field_id' 

2022-06-09 18:59:41 - [TEST_STEP][PASSED] - takeScreenshot(): Taking screenshot successfully

2022-06-09 18:59:42 - [MESSAGE][PASSED] - Taking screenshot successfully
[[ATTACHMENT|D:\\Projet Test Auto\\Mediabox Test Automation\\Reports\\20220609_181011\\03. Parallel Testing (Testing)\\TS -PT PART 3\\03. StarPack Full Lifecycle_SAS_Task\\20220609_181034\\1654793982121.png]]

2022-06-09 18:59:42 - [TEST_STEP][PASSED] - click(findTestObject("1. Constant/xpath", ["xpath":"//*[@id="modal_addphase"]/div/div/div[3]/button[2]"])): Object: 'Object Repository/1. Constant/xpath' is clicked on

2022-06-09 18:59:46 - [MESSAGE][PASSED] - Object: 'Object Repository/1. Constant/xpath' is clicked on

2022-06-09 18:59:46 - [TEST_STEP][PASSED] - Asuccess_AddPhase = getText(findTestObject("1. Constant/xpath", ["xpath":"//*[@id="toast-container"]/div/div[2]"])): Text of object 'Object Repository/1. Constant/xpath' is: 'The phase Final artworks has been added after the phase PAF'

2022-06-09 18:59:46 - [MESSAGE][PASSED] - Text of object 'Object Repository/1. Constant/xpath' is: 'The phase Final artworks has been added after the phase PAF'

2022-06-09 18:59:46 - [TEST_STEP][PASSED] - I.print("tooltip Actual for Add phase -" + Asuccess_AddPhase): null

2022-06-09 18:59:46 - [TEST_STEP][PASSED] - Esuccess_AddPhase = "The phase Final artworks has been added after the phase PAF": null

2022-06-09 18:59:46 - [TEST_STEP][PASSED] - verifyMatch(Asuccess_AddPhase, Esuccess_AddPhase, false): Actual text 'The phase Final artworks has been added after the phase PAF' and expected text 'The phase Final artworks has been added after the phase PAF' are matched 

2022-06-09 18:59:46 - [MESSAGE][PASSED] - Actual text 'The phase Final artworks has been added after the phase PAF' and expected text 'The phase Final artworks has been added after the phase PAF' are matched 

2022-06-09 18:59:46 - [TEST_STEP][PASSED] - takeScreenshot(): Taking screenshot successfully

2022-06-09 18:59:47 - [MESSAGE][PASSED] - Taking screenshot successfully
[[ATTACHMENT|D:\\Projet Test Auto\\Mediabox Test Automation\\Reports\\20220609_181011\\03. Parallel Testing (Testing)\\TS -PT PART 3\\03. StarPack Full Lifecycle_SAS_Task\\20220609_181034\\1654793986854.png]]

2022-06-09 18:59:47 - [TEST_STEP][PASSED] - APhase = getText(findTestObject("1. Constant/xpath", ["xpath":"/html/body/div[1]/div[2]/div[8]/div[3]/div/div[3]/div[3]/div/div/div[2]/div/div[3]/div/div[1]/div[1]/h3"])): Text of object 'Object Repository/1. Constant/xpath' is: 'Final artworks'

2022-06-09 18:59:49 - [MESSAGE][PASSED] - Text of object 'Object Repository/1. Constant/xpath' is: 'Final artworks'

2022-06-09 18:59:49 - [TEST_STEP][PASSED] - EPhase = "Final artworks": null

2022-06-09 18:59:49 - [TEST_STEP][PASSED] - verifyMatch(APhase, EPhase, false): Actual text 'Final artworks' and expected text 'Final artworks' are matched 

2022-06-09 18:59:49 - [MESSAGE][PASSED] - Actual text 'Final artworks' and expected text 'Final artworks' are matched 

2022-06-09 18:59:49 - [TEST_STEP][PASSED] - click(findTestObject("1. Constant/xpath", ["xpath":"/html/body/div[1]/div[2]/div[8]/div[3]/div/div[3]/div[3]/div/div/div[2]/div/div[3]/div/div[1]/div[2]/a"])): Object: 'Object Repository/1. Constant/xpath' is clicked on

2022-06-09 18:59:50 - [MESSAGE][PASSED] - Object: 'Object Repository/1. Constant/xpath' is clicked on

2022-06-09 18:59:50 - [TEST_STEP][PASSED] - delay(1): Delayed 1 second(s)

2022-06-09 18:59:51 - [MESSAGE][PASSED] - Delayed 1 second(s)

2022-06-09 18:59:51 - [TEST_STEP][PASSED] - takeScreenshot(): Taking screenshot successfully

2022-06-09 18:59:51 - [MESSAGE][PASSED] - Taking screenshot successfully
[[ATTACHMENT|D:\\Projet Test Auto\\Mediabox Test Automation\\Reports\\20220609_181011\\03. Parallel Testing (Testing)\\TS -PT PART 3\\03. StarPack Full Lifecycle_SAS_Task\\20220609_181034\\1654793991108.png]]

2022-06-09 18:59:51 - [TEST_STEP][PASSED] - AddedPhase_A = getText(findTestObject("1. Constant/xpath", ["xpath":"/html/body/div[1]/div[2]/div[8]/div[3]/div/div[3]/div[3]/div/div/div[2]/div/div[3]/div/div[2]/h6"])): Text of object 'Object Repository/1. Constant/xpath' is: 'Added manually 09/06/2022 18:59 By s user'

2022-06-09 18:59:51 - [MESSAGE][PASSED] - Text of object 'Object Repository/1. Constant/xpath' is: 'Added manually 09/06/2022 18:59 By s user'

2022-06-09 18:59:51 - [TEST_STEP][PASSED] - I.print("added manually -" + AddedPhase_A): null

2022-06-09 18:59:51 - [TEST_STEP][PASSED] - date = I.gettimedate_Format(): null

2022-06-09 18:59:51 - [TEST_STEP][PASSED] - AddedPhase_E = " Added manually " + date: null

2022-06-09 18:59:51 - [TEST_STEP][PASSED] - if (AddedPhase_A.contains(AddedPhase_E)): null

2022-06-09 18:59:51 - [TEST_STEP][PASSED] - delay(5): Delayed 5 second(s)

2022-06-09 18:59:56 - [MESSAGE][PASSED] - Delayed 5 second(s)

2022-06-09 18:59:56 - [TEST_STEP][PASSED] - I.Pagedown(): Execute JavaScript 'window.scrollTo(0, document.body.scrollHeight)' successfully

2022-06-09 18:59:56 - [MESSAGE][PASSED] - Execute JavaScript 'window.scrollTo(0, document.body.scrollHeight)' successfully

2022-06-09 18:59:56 - [TEST_STEP][PASSED] - mouseOver(findTestObject("1. Constant/xpath", ["xpath":"/html/body/div[1]/div[2]/div[8]/div[3]/div/div[3]/div[3]/div/div/div[2]/div/div[2]/div/div[1]/div[2]/div/a[3]"])): Object: 'Object Repository/1. Constant/xpath' is hovered

2022-06-09 18:59:57 - [MESSAGE][PASSED] - Object: 'Object Repository/1. Constant/xpath' is hovered

2022-06-09 18:59:57 - [TEST_STEP][PASSED] - delay(1): Delayed 1 second(s)

2022-06-09 18:59:58 - [MESSAGE][PASSED] - Delayed 1 second(s)

2022-06-09 18:59:58 - [TEST_STEP][PASSED] - A_SkipPhase_480 = getText(findTestObject("1. Constant/xpath", ["xpath":"/html/body/div[9]/div[2]"])): Text of object 'Object Repository/1. Constant/xpath' is: 'View infos'

2022-06-09 18:59:58 - [MESSAGE][PASSED] - Text of object 'Object Repository/1. Constant/xpath' is: 'View infos'

2022-06-09 18:59:58 - [TEST_STEP][PASSED] - I.print("tooltip Actual for Skip phase -" + A_SkipPhase_480): null

2022-06-09 18:59:58 - [TEST_STEP][PASSED] - E_SkipPhase_480 = "Skip this phase": null

2022-06-09 18:59:58 - [TEST_STEP][PASSED] - "180": null

2022-06-09 18:59:58 - [TEST_STEP][PASSED] - click(findTestObject("1. Constant/xpath", ["xpath":"/html/body/div[1]/div[2]/div[8]/div[3]/div/div[3]/div[3]/div/div/div[2]/div/div[2]/div/div[1]/div[2]/div/a[3]"])): Object: 'Object Repository/1. Constant/xpath' is clicked on

2022-06-09 18:59:58 - [MESSAGE][PASSED] - Object: 'Object Repository/1. Constant/xpath' is clicked on

2022-06-09 18:59:58 - [TEST_STEP][PASSED] - takeScreenshot(): Taking screenshot successfully

2022-06-09 18:59:59 - [MESSAGE][PASSED] - Taking screenshot successfully
[[ATTACHMENT|D:\\Projet Test Auto\\Mediabox Test Automation\\Reports\\20220609_181011\\03. Parallel Testing (Testing)\\TS -PT PART 3\\03. StarPack Full Lifecycle_SAS_Task\\20220609_181034\\1654793998930.png]]

2022-06-09 18:59:59 - [TEST_STEP][PASSED] - click(findTestObject("1. Constant/xpath", ["xpath":"/html/body/div[1]/div[2]/div[8]/div[3]/div/form[4]/div/div/div/div[3]/button[2]"])): Object: 'Object Repository/1. Constant/xpath' is clicked on

2022-06-09 19:00:02 - [MESSAGE][PASSED] - Object: 'Object Repository/1. Constant/xpath' is clicked on

2022-06-09 19:00:02 - [TEST_STEP][PASSED] - delay(5): Delayed 5 second(s)

2022-06-09 19:00:07 - [MESSAGE][PASSED] - Delayed 5 second(s)

2022-06-09 19:00:07 - [TEST_STEP][PASSED] - verifyElementClickable(findTestObject("1. Constant/xpath", ["xpath":"/html/body/div[1]/div[2]/div[8]/div[3]/div/div[3]/div[3]/div/div/div[2]/div/div[3]/div/div[1]/div[2]/div/a[4]"])): Object 'Object Repository/1. Constant/xpath' is clickable

2022-06-09 19:00:07 - [MESSAGE][PASSED] - Object 'Object Repository/1. Constant/xpath' is clickable

2022-06-09 19:00:07 - [TEST_STEP][PASSED] - delay(2): Delayed 2 second(s)

2022-06-09 19:00:09 - [MESSAGE][PASSED] - Delayed 2 second(s)

2022-06-09 19:00:09 - [TEST_STEP][PASSED] - mouseOver(findTestObject("1. Constant/xpath", ["xpath":"/html/body/div[1]/div[2]/div[8]/div[3]/div/div[3]/div[3]/div/div/div[2]/div/div[3]/div/div[1]/div[2]/div/a[4]"])): Object: 'Object Repository/1. Constant/xpath' is hovered

2022-06-09 19:00:10 - [MESSAGE][PASSED] - Object: 'Object Repository/1. Constant/xpath' is hovered

2022-06-09 19:00:10 - [TEST_STEP][PASSED] - delay(1): Delayed 1 second(s)

2022-06-09 19:00:11 - [MESSAGE][PASSED] - Delayed 1 second(s)

2022-06-09 19:00:11 - [TEST_STEP][PASSED] - Atooltip_SA = getText(findTestObject("1. Constant/xpath", ["xpath":"/html/body/div[9]/div[2]"])): Text of object 'Object Repository/1. Constant/xpath' is: 'Go back to PAF'

2022-06-09 19:00:13 - [MESSAGE][PASSED] - Text of object 'Object Repository/1. Constant/xpath' is: 'Go back to PAF'

2022-06-09 19:00:13 - [TEST_STEP][PASSED] - I.print("tooltip Actual for Add phase -" + Atooltip_SA): null

2022-06-09 19:00:13 - [TEST_STEP][PASSED] - Etooltip_SA = "Go back to PAF": null

2022-06-09 19:00:13 - [TEST_STEP][PASSED] - takeScreenshot(): Taking screenshot successfully

2022-06-09 19:00:15 - [MESSAGE][PASSED] - Taking screenshot successfully
[[ATTACHMENT|D:\\Projet Test Auto\\Mediabox Test Automation\\Reports\\20220609_181011\\03. Parallel Testing (Testing)\\TS -PT PART 3\\03. StarPack Full Lifecycle_SAS_Task\\20220609_181034\\1654794014245.png]]

2022-06-09 19:00:15 - [TEST_STEP][PASSED] - verifyMatch(Atooltip_SA, Etooltip_SA, false): Actual text 'Go back to PAF' and expected text 'Go back to PAF' are matched 

2022-06-09 19:00:15 - [MESSAGE][PASSED] - Actual text 'Go back to PAF' and expected text 'Go back to PAF' are matched 

2022-06-09 19:00:15 - [TEST_STEP][PASSED] - click(findTestObject("1. Constant/xpath", ["xpath":"//*[@id="kt_subheader"]/div/nav/ol/li[2]"])): Object: 'Object Repository/1. Constant/xpath' is clicked on

2022-06-09 19:00:20 - [MESSAGE][PASSED] - Object: 'Object Repository/1. Constant/xpath' is clicked on

2022-06-09 19:00:20 - [TEST_STEP][PASSED] - verifyElementClickable(findTestObject("Object Repository/StarPack - Full Lifecycle (AWIS)/6.04 suser id_refID_td9_a4", ["refID":"source_" + refID])): Object 'Object Repository/StarPack - Full Lifecycle (AWIS)/6.04 suser id_refID_td9_a4' is clickable

2022-06-09 19:00:20 - [MESSAGE][PASSED] - Object 'Object Repository/StarPack - Full Lifecycle (AWIS)/6.04 suser id_refID_td9_a4' is clickable

2022-06-09 19:00:20 - [TEST_STEP][PASSED] - mouseOver(findTestObject("Object Repository/StarPack - Full Lifecycle (AWIS)/6.04 suser id_refID_td9_a4", ["refID":"source_" + refID])): Object: 'Object Repository/StarPack - Full Lifecycle (AWIS)/6.04 suser id_refID_td9_a4' is hovered

2022-06-09 19:00:20 - [MESSAGE][PASSED] - Object: 'Object Repository/StarPack - Full Lifecycle (AWIS)/6.04 suser id_refID_td9_a4' is hovered

2022-06-09 19:00:20 - [TEST_STEP][PASSED] - takeScreenshot(): Taking screenshot successfully

2022-06-09 19:00:20 - [MESSAGE][PASSED] - Taking screenshot successfully
[[ATTACHMENT|D:\\Projet Test Auto\\Mediabox Test Automation\\Reports\\20220609_181011\\03. Parallel Testing (Testing)\\TS -PT PART 3\\03. StarPack Full Lifecycle_SAS_Task\\20220609_181034\\1654794020549.png]]

2022-06-09 19:00:20 - [TEST_STEP][PASSED] - delay(1): Delayed 1 second(s)

2022-06-09 19:00:21 - [MESSAGE][PASSED] - Delayed 1 second(s)

2022-06-09 19:00:21 - [TEST_STEP][PASSED] - Atooltip_SA2 = getText(findTestObject("1. Constant/xpath", ["xpath":"/html/body/div[9]/div[2]"])): Text of object 'Object Repository/1. Constant/xpath' is: 'Go back to PAF'

2022-06-09 19:00:21 - [MESSAGE][PASSED] - Text of object 'Object Repository/1. Constant/xpath' is: 'Go back to PAF'

2022-06-09 19:00:21 - [TEST_STEP][PASSED] - I.print("tooltip Actual for SA -" + Atooltip_SA2): null

2022-06-09 19:00:21 - [TEST_STEP][PASSED] - Etooltip_SA2 = "Go back to PAF": null

2022-06-09 19:00:21 - [TEST_STEP][PASSED] - verifyMatch(Atooltip_SA2, Etooltip_SA2, false): Actual text 'Go back to PAF' and expected text 'Go back to PAF' are matched 

2022-06-09 19:00:21 - [MESSAGE][PASSED] - Actual text 'Go back to PAF' and expected text 'Go back to PAF' are matched 

2022-06-09 19:00:21 - [TEST_STEP][PASSED] - I.Logout(): Delayed 3 second(s)

2022-06-09 19:00:24 - [MESSAGE][PASSED] - Delayed 3 second(s)

2022-06-09 19:00:26 - [MESSAGE][PASSED] - Object: 'Object Repository/1. Constant/xpath' is clicked on

2022-06-09 19:00:29 - [MESSAGE][PASSED] - Delayed 3 second(s)

2022-06-09 19:00:31 - [MESSAGE][PASSED] - Object: 'Object Repository/1. Constant/xpath' is clicked on

2022-06-09 19:00:34 - [MESSAGE][PASSED] - Delayed 3 second(s)

2022-06-09 19:00:34 - [TEST_STEP][PASSED] - I.Login_password("aherms", password_aherms): Object: 'Object Repository/1. Constant/xpath' is clicked on

2022-06-09 19:00:35 - [MESSAGE][PASSED] - Text 'aherms' is set on object 'Object Repository/1. Constant/xpath'

2022-06-09 19:00:36 - [MESSAGE][PASSED] - Delayed 1 second(s)

2022-06-09 19:00:37 - [MESSAGE][PASSED] - Text 'dchi3' is set on object 'Object Repository/1. Constant/xpath'

2022-06-09 19:00:38 - [MESSAGE][PASSED] - Delayed 1 second(s)

2022-06-09 19:00:41 - [MESSAGE][PASSED] - Object: 'Object Repository/1. Constant/xpath' is clicked on

2022-06-09 19:00:41 - [TEST_STEP][PASSED] - delay(2): Delayed 2 second(s)

2022-06-09 19:00:43 - [MESSAGE][PASSED] - Delayed 2 second(s)

2022-06-09 19:00:43 - [TEST_STEP][PASSED] - click(findTestObject("1. Constant/02_LHSMenu_Projects")): Object: 'Object Repository/1. Constant/02_LHSMenu_Projects' is clicked on

2022-06-09 19:00:47 - [MESSAGE][PASSED] - Object: 'Object Repository/1. Constant/02_LHSMenu_Projects' is clicked on

2022-06-09 19:00:47 - [TEST_STEP][PASSED] - I.SearchProjectNo(Project_No, findTestObject("1. Constant/xpath", ["xpath":"//*[@id="form_filters"]/div[4]/button"])): Delayed 5 second(s)

2022-06-09 19:00:48 - [MESSAGE][PASSED] - Text 'MI001274' is set on object 'Object Repository/1. Constant/xpath'

2022-06-09 19:00:51 - [MESSAGE][PASSED] - Delayed 3 second(s)

2022-06-09 19:00:53 - [MESSAGE][PASSED] - Object: 'Object Repository/1. Constant/xpath' is clicked on

2022-06-09 19:00:58 - [MESSAGE][PASSED] - Delayed 5 second(s)

2022-06-09 19:00:58 - [TEST_STEP][PASSED] - verifyElementNotPresent(findTestObject("Object Repository/StarPack - Full Lifecycle (AWIS)/5.07 Agency1 id_refID_td8", ["refID":"source_" + refID]), 10): Web element with id: 'Object Repository/StarPack - Full Lifecycle (AWIS)/5.07 Agency1 id_refID_td8' located by 'By.xpath: //*[@id="source_6382"]/td[8]/a' is not present after '10' second(s)

2022-06-09 19:00:58 - [MESSAGE][PASSED] - Web element with id: 'Object Repository/StarPack - Full Lifecycle (AWIS)/5.07 Agency1 id_refID_td8' located by 'By.xpath: //*[@id="source_6382"]/td[8]/a' is not present after '10' second(s)

2022-06-09 19:00:58 - [TEST_STEP][PASSED] - takeScreenshot(): Taking screenshot successfully

2022-06-09 19:00:58 - [MESSAGE][PASSED] - Taking screenshot successfully
[[ATTACHMENT|D:\\Projet Test Auto\\Mediabox Test Automation\\Reports\\20220609_181011\\03. Parallel Testing (Testing)\\TS -PT PART 3\\03. StarPack Full Lifecycle_SAS_Task\\20220609_181034\\1654794058693.png]]

2022-06-09 19:00:58 - [TEST_STEP][PASSED] - click(findTestObject("1. Constant/xpath", ["xpath":"//*[@id="source_" + refID + ""]/td[4]/a"])): Object: 'Object Repository/1. Constant/xpath' is clicked on

2022-06-09 19:01:00 - [MESSAGE][PASSED] - Object: 'Object Repository/1. Constant/xpath' is clicked on

2022-06-09 19:01:00 - [TEST_STEP][PASSED] - click(findTestObject("1. Constant/xpath", ["xpath":"//*[@id="kt_content"]/div[3]/div/ul/li[3]/a"])): Object: 'Object Repository/1. Constant/xpath' is clicked on

2022-06-09 19:01:03 - [MESSAGE][PASSED] - Object: 'Object Repository/1. Constant/xpath' is clicked on

2022-06-09 19:01:03 - [TEST_STEP][PASSED] - delay(5): Delayed 5 second(s)

2022-06-09 19:01:08 - [MESSAGE][PASSED] - Delayed 5 second(s)

2022-06-09 19:01:08 - [TEST_STEP][PASSED] - takeScreenshot(): Taking screenshot successfully

2022-06-09 19:01:08 - [MESSAGE][PASSED] - Taking screenshot successfully
[[ATTACHMENT|D:\\Projet Test Auto\\Mediabox Test Automation\\Reports\\20220609_181011\\03. Parallel Testing (Testing)\\TS -PT PART 3\\03. StarPack Full Lifecycle_SAS_Task\\20220609_181034\\1654794068170.png]]

2022-06-09 19:01:08 - [TEST_STEP][PASSED] - verifyElementNotPresent(findTestObject("1. Constant/xpath", ["xpath":"/html/body/div[1]/div[2]/div[8]/div[3]/div/div[3]/div[3]/div/div/div[2]/div/div[3]/div/div[1]/div[2]/div/a[5]"]), 10): Web element with id: 'Object Repository/1. Constant/xpath' located by 'By.xpath: /html/body/div[1]/div[2]/div[8]/div[3]/div/div[3]/div[3]/div/div/div[2]/div/div[3]/div/div[1]/div[2]/div/a[5]' is not present after '10' second(s)

2022-06-09 19:01:08 - [MESSAGE][PASSED] - Web element with id: 'Object Repository/1. Constant/xpath' located by 'By.xpath: /html/body/div[1]/div[2]/div[8]/div[3]/div/div[3]/div[3]/div/div/div[2]/div/div[3]/div/div[1]/div[2]/div/a[5]' is not present after '10' second(s)

2022-06-09 19:01:08 - [TEST_STEP][PASSED] - verifyElementNotPresent(findTestObject("1. Constant/xpath", ["xpath":"/html/body/div[1]/div[2]/div[8]/div[3]/div/div[3]/div[3]/div/div/div[2]/div/div[3]/div/div[1]/div[2]/div/a[6]"]), 10): Web element with id: 'Object Repository/1. Constant/xpath' located by 'By.xpath: /html/body/div[1]/div[2]/div[8]/div[3]/div/div[3]/div[3]/div/div/div[2]/div/div[3]/div/div[1]/div[2]/div/a[6]' is not present after '10' second(s)

2022-06-09 19:01:08 - [MESSAGE][PASSED] - Web element with id: 'Object Repository/1. Constant/xpath' located by 'By.xpath: /html/body/div[1]/div[2]/div[8]/div[3]/div/div[3]/div[3]/div/div/div[2]/div/div[3]/div/div[1]/div[2]/div/a[6]' is not present after '10' second(s)

2022-06-09 19:01:08 - [TEST_STEP][PASSED] - I.Logout(): Delayed 3 second(s)

2022-06-09 19:01:11 - [MESSAGE][PASSED] - Delayed 3 second(s)

2022-06-09 19:01:11 - [MESSAGE][PASSED] - Object: 'Object Repository/1. Constant/xpath' is clicked on

2022-06-09 19:01:14 - [MESSAGE][PASSED] - Delayed 3 second(s)

2022-06-09 19:01:16 - [MESSAGE][PASSED] - Object: 'Object Repository/1. Constant/xpath' is clicked on

2022-06-09 19:01:19 - [MESSAGE][PASSED] - Delayed 3 second(s)

2022-06-09 19:01:19 - [TEST_STEP][PASSED] - I.Login_password("kcannoosamy_dia", password_kcannoosamy_dia): Object: 'Object Repository/1. Constant/xpath' is clicked on

2022-06-09 19:01:20 - [MESSAGE][PASSED] - Text 'kcannoosamy_dia' is set on object 'Object Repository/1. Constant/xpath'

2022-06-09 19:01:21 - [MESSAGE][PASSED] - Delayed 1 second(s)

2022-06-09 19:01:22 - [MESSAGE][PASSED] - Text 'dchi' is set on object 'Object Repository/1. Constant/xpath'

2022-06-09 19:01:23 - [MESSAGE][PASSED] - Delayed 1 second(s)

2022-06-09 19:01:26 - [MESSAGE][PASSED] - Object: 'Object Repository/1. Constant/xpath' is clicked on

2022-06-09 19:01:26 - [TEST_STEP][PASSED] - click(findTestObject("1. Constant/02_LHSMenu_Projects")): Object: 'Object Repository/1. Constant/02_LHSMenu_Projects' is clicked on

2022-06-09 19:01:30 - [MESSAGE][PASSED] - Object: 'Object Repository/1. Constant/02_LHSMenu_Projects' is clicked on

2022-06-09 19:01:30 - [TEST_STEP][PASSED] - takeScreenshot(): Taking screenshot successfully

2022-06-09 19:01:30 - [MESSAGE][PASSED] - Taking screenshot successfully
[[ATTACHMENT|D:\\Projet Test Auto\\Mediabox Test Automation\\Reports\\20220609_181011\\03. Parallel Testing (Testing)\\TS -PT PART 3\\03. StarPack Full Lifecycle_SAS_Task\\20220609_181034\\1654794090184.png]]

2022-06-09 19:01:30 - [TEST_STEP][PASSED] - I.SearchProjectNo(Project_No, findTestObject("1. Constant/xpath", ["xpath":"//*[@id="form_filters"]/div[4]/button"])): Delayed 5 second(s)

2022-06-09 19:01:31 - [MESSAGE][PASSED] - Text 'MI001274' is set on object 'Object Repository/1. Constant/xpath'

2022-06-09 19:01:34 - [MESSAGE][PASSED] - Delayed 3 second(s)

2022-06-09 19:01:36 - [MESSAGE][PASSED] - Object: 'Object Repository/1. Constant/xpath' is clicked on

2022-06-09 19:01:41 - [MESSAGE][PASSED] - Delayed 5 second(s)

2022-06-09 19:01:41 - [TEST_STEP][PASSED] - verifyElementPresent(findTestObject("1. Constant/xpath", ["xpath":"//*[@id="source_" + refID + ""]/td[9]/a"]), 10): Object 'Object Repository/1. Constant/xpath' is present

2022-06-09 19:01:41 - [MESSAGE][PASSED] - Object 'Object Repository/1. Constant/xpath' is present

2022-06-09 19:01:41 - [TEST_STEP][PASSED] - takeScreenshot(): Taking screenshot successfully

2022-06-09 19:01:41 - [MESSAGE][PASSED] - Taking screenshot successfully
[[ATTACHMENT|D:\\Projet Test Auto\\Mediabox Test Automation\\Reports\\20220609_181011\\03. Parallel Testing (Testing)\\TS -PT PART 3\\03. StarPack Full Lifecycle_SAS_Task\\20220609_181034\\1654794101715.png]]

2022-06-09 19:01:41 - [TEST_STEP][PASSED] - mouseOver(findTestObject("1. Constant/xpath", ["xpath":"//*[@id="source_" + refID + ""]/td[9]/a"])): Object: 'Object Repository/1. Constant/xpath' is hovered

2022-06-09 19:01:42 - [MESSAGE][PASSED] - Object: 'Object Repository/1. Constant/xpath' is hovered

2022-06-09 19:01:42 - [TEST_STEP][PASSED] - Atooltip_SkipPhase_Support = getText(findTestObject("1. Constant/xpath", ["xpath":"/html/body/div[9]/div[2]"])): Text of object 'Object Repository/1. Constant/xpath' is: 'Go back to PAF'

2022-06-09 19:01:42 - [MESSAGE][PASSED] - Text of object 'Object Repository/1. Constant/xpath' is: 'Go back to PAF'

2022-06-09 19:01:42 - [TEST_STEP][PASSED] - I.print("tooltip Actual for Add phase -" + Atooltip_SkipPhase_Support): null

2022-06-09 19:01:42 - [TEST_STEP][PASSED] - Etooltip_SkipPhase_Support = "Go back to PAF": null

2022-06-09 19:01:42 - [TEST_STEP][PASSED] - verifyMatch(Atooltip_SkipPhase_Support, Etooltip_SkipPhase_Support, false): Actual text 'Go back to PAF' and expected text 'Go back to PAF' are matched 

2022-06-09 19:01:42 - [MESSAGE][PASSED] - Actual text 'Go back to PAF' and expected text 'Go back to PAF' are matched 

2022-06-09 19:01:42 - [TEST_STEP][PASSED] - takeScreenshot(): Taking screenshot successfully

2022-06-09 19:01:42 - [MESSAGE][PASSED] - Taking screenshot successfully
[[ATTACHMENT|D:\\Projet Test Auto\\Mediabox Test Automation\\Reports\\20220609_181011\\03. Parallel Testing (Testing)\\TS -PT PART 3\\03. StarPack Full Lifecycle_SAS_Task\\20220609_181034\\1654794102624.png]]

2022-06-09 19:01:42 - [TEST_STEP][PASSED] - click(findTestObject("1. Constant/xpath", ["xpath":"//*[@id="source_" + refID + ""]/td[4]/a"])): Object: 'Object Repository/1. Constant/xpath' is clicked on

2022-06-09 19:01:44 - [MESSAGE][PASSED] - Object: 'Object Repository/1. Constant/xpath' is clicked on

2022-06-09 19:01:44 - [TEST_STEP][PASSED] - delay(5): Delayed 5 second(s)

2022-06-09 19:01:49 - [MESSAGE][PASSED] - Delayed 5 second(s)

2022-06-09 19:01:49 - [TEST_STEP][PASSED] - click(findTestObject("1. Constant/xpath", ["xpath":"//*[@id="kt_content"]/div[3]/div/ul/li[3]/a"])): Object: 'Object Repository/1. Constant/xpath' is clicked on

2022-06-09 19:01:52 - [MESSAGE][PASSED] - Object: 'Object Repository/1. Constant/xpath' is clicked on

2022-06-09 19:01:52 - [TEST_STEP][PASSED] - delay(5): Delayed 5 second(s)

2022-06-09 19:01:57 - [MESSAGE][PASSED] - Delayed 5 second(s)

2022-06-09 19:01:57 - [TEST_STEP][PASSED] - takeScreenshot(): Taking screenshot successfully

2022-06-09 19:01:58 - [MESSAGE][PASSED] - Taking screenshot successfully
[[ATTACHMENT|D:\\Projet Test Auto\\Mediabox Test Automation\\Reports\\20220609_181011\\03. Parallel Testing (Testing)\\TS -PT PART 3\\03. StarPack Full Lifecycle_SAS_Task\\20220609_181034\\1654794118048.png]]

2022-06-09 19:01:58 - [TEST_STEP][PASSED] - mouseOver(findTestObject("1. Constant/xpath", ["xpath":"/html/body/div[1]/div[2]/div[8]/div[3]/div/div[3]/div[3]/div/div/div[2]/div/div[3]/div/div[1]/div[2]/div/a[4]"])): Object: 'Object Repository/1. Constant/xpath' is hovered

2022-06-09 19:02:00 - [MESSAGE][PASSED] - Object: 'Object Repository/1. Constant/xpath' is hovered

2022-06-09 19:02:00 - [TEST_STEP][PASSED] - ALtooltip_SkipPhase_Support = getText(findTestObject("1. Constant/xpath", ["xpath":"/html/body/div[9]/div[2]"])): Text of object 'Object Repository/1. Constant/xpath' is: 'Go back to PAF'

2022-06-09 19:02:00 - [MESSAGE][PASSED] - Text of object 'Object Repository/1. Constant/xpath' is: 'Go back to PAF'

2022-06-09 19:02:00 - [TEST_STEP][PASSED] - I.print("tooltip Actual for Add phase -" + ALtooltip_SkipPhase_Support): null

2022-06-09 19:02:00 - [TEST_STEP][PASSED] - ELtooltip_SkipPhase_Support = "Go back to PAF": null

2022-06-09 19:02:00 - [TEST_STEP][PASSED] - verifyMatch(ALtooltip_SkipPhase_Support, ELtooltip_SkipPhase_Support, false): Actual text 'Go back to PAF' and expected text 'Go back to PAF' are matched 

2022-06-09 19:02:00 - [MESSAGE][PASSED] - Actual text 'Go back to PAF' and expected text 'Go back to PAF' are matched 

2022-06-09 19:02:00 - [TEST_STEP][PASSED] - click(findTestObject("1. Constant/xpath", ["xpath":"/html/body/div[1]/div[2]/div[8]/div[3]/div/div[3]/div[3]/div/div/div[2]/div/div[3]/div/div[1]/div[2]/div/a[4]"])): Object: 'Object Repository/1. Constant/xpath' is clicked on

2022-06-09 19:02:00 - [MESSAGE][PASSED] - Object: 'Object Repository/1. Constant/xpath' is clicked on

2022-06-09 19:02:00 - [TEST_STEP][PASSED] - delay(1): Delayed 1 second(s)

2022-06-09 19:02:01 - [MESSAGE][PASSED] - Delayed 1 second(s)

2022-06-09 19:02:01 - [TEST_STEP][PASSED] - takeScreenshot(): Taking screenshot successfully

2022-06-09 19:02:02 - [MESSAGE][PASSED] - Taking screenshot successfully
[[ATTACHMENT|D:\\Projet Test Auto\\Mediabox Test Automation\\Reports\\20220609_181011\\03. Parallel Testing (Testing)\\TS -PT PART 3\\03. StarPack Full Lifecycle_SAS_Task\\20220609_181034\\1654794121900.png]]

2022-06-09 19:02:02 - [TEST_STEP][PASSED] - click(findTestObject("1. Constant/xpath", ["xpath":"//*[@id="modal_support_action_shortcut"]/div/div/div[3]/button[2]"])): Object: 'Object Repository/1. Constant/xpath' is clicked on

2022-06-09 19:02:06 - [MESSAGE][PASSED] - Object: 'Object Repository/1. Constant/xpath' is clicked on

2022-06-09 19:02:06 - [TEST_STEP][PASSED] - click(findTestObject("1. Constant/xpath", ["xpath":"//*[@id="kt_content"]/div[3]/div/ul/li[3]/a"])): Object: 'Object Repository/1. Constant/xpath' is clicked on

2022-06-09 19:02:08 - [MESSAGE][PASSED] - Object: 'Object Repository/1. Constant/xpath' is clicked on

2022-06-09 19:02:08 - [TEST_STEP][PASSED] - delay(2): Delayed 2 second(s)

2022-06-09 19:02:10 - [MESSAGE][PASSED] - Delayed 2 second(s)

2022-06-09 19:02:10 - [TEST_STEP][PASSED] - takeScreenshot(): Taking screenshot successfully

2022-06-09 19:02:11 - [MESSAGE][PASSED] - Taking screenshot successfully
[[ATTACHMENT|D:\\Projet Test Auto\\Mediabox Test Automation\\Reports\\20220609_181011\\03. Parallel Testing (Testing)\\TS -PT PART 3\\03. StarPack Full Lifecycle_SAS_Task\\20220609_181034\\1654794130766.png]]

2022-06-09 19:02:11 - [TEST_STEP][PASSED] - I.Pagedown(): Execute JavaScript 'window.scrollTo(0, document.body.scrollHeight)' successfully

2022-06-09 19:02:11 - [MESSAGE][PASSED] - Execute JavaScript 'window.scrollTo(0, document.body.scrollHeight)' successfully

2022-06-09 19:02:11 - [TEST_STEP][PASSED] - LAddedPhase_A1 = getText(findTestObject("1. Constant/xpath", ["xpath":"/html/body/div[1]/div[2]/div[8]/div[3]/div/div[3]/div[3]/div/div/div[2]/div/div[4]/div/div[2]/h6"])): Text of object 'Object Repository/1. Constant/xpath' is: 'Added manually 09/06/2022 19:02 By Kormaley Cannoosamy'

2022-06-09 19:02:12 - [MESSAGE][PASSED] - Text of object 'Object Repository/1. Constant/xpath' is: 'Added manually 09/06/2022 19:02 By Kormaley Cannoosamy'

2022-06-09 19:02:12 - [TEST_STEP][PASSED] - date1 = I.gettimedate_Format(): null

2022-06-09 19:02:12 - [TEST_STEP][PASSED] - LAddedPhase_E1 = " Added manually " + date1: null

2022-06-09 19:02:12 - [TEST_STEP][PASSED] - if (LAddedPhase_A1.contains(LAddedPhase_E1)): null

2022-06-09 19:02:12 - [TEST_STEP][PASSED] - delay(1): Delayed 1 second(s)

2022-06-09 19:02:13 - [MESSAGE][PASSED] - Delayed 1 second(s)

2022-06-09 19:02:13 - [TEST_STEP][PASSED] - click(findTestObject("1. Constant/xpath", ["xpath":"/html/body/div[1]/div[2]/div[8]/div[3]/div/div[3]/div[3]/div/div/div[2]/div/div[5]/div/div[1]/div[2]/a"])): Object: 'Object Repository/1. Constant/xpath' is clicked on

2022-06-09 19:02:13 - [MESSAGE][PASSED] - Object: 'Object Repository/1. Constant/xpath' is clicked on

2022-06-09 19:02:13 - [TEST_STEP][PASSED] - I.Pagedown(): Execute JavaScript 'window.scrollTo(0, document.body.scrollHeight)' successfully

2022-06-09 19:02:13 - [MESSAGE][PASSED] - Execute JavaScript 'window.scrollTo(0, document.body.scrollHeight)' successfully

2022-06-09 19:02:13 - [TEST_STEP][PASSED] - delay(2): Delayed 2 second(s)

2022-06-09 19:02:15 - [MESSAGE][PASSED] - Delayed 2 second(s)

2022-06-09 19:02:15 - [TEST_STEP][PASSED] - takeScreenshot(): Taking screenshot successfully

2022-06-09 19:02:16 - [MESSAGE][PASSED] - Taking screenshot successfully
[[ATTACHMENT|D:\\Projet Test Auto\\Mediabox Test Automation\\Reports\\20220609_181011\\03. Parallel Testing (Testing)\\TS -PT PART 3\\03. StarPack Full Lifecycle_SAS_Task\\20220609_181034\\1654794135739.png]]

2022-06-09 19:02:16 - [TEST_STEP][PASSED] - LAddedPhase_A2 = getText(findTestObject("1. Constant/xpath", ["xpath":"/html/body/div[1]/div[2]/div[8]/div[3]/div/div[3]/div[3]/div/div/div[2]/div/div[5]/div/div[2]/h6"])): Text of object 'Object Repository/1. Constant/xpath' is: 'Added manually 09/06/2022 19:02 By Kormaley Cannoosamy'

2022-06-09 19:02:17 - [MESSAGE][PASSED] - Text of object 'Object Repository/1. Constant/xpath' is: 'Added manually 09/06/2022 19:02 By Kormaley Cannoosamy'

2022-06-09 19:02:17 - [TEST_STEP][PASSED] - date2 = I.gettimedate_Format(): null

2022-06-09 19:02:17 - [TEST_STEP][PASSED] - LAddedPhase_E2 = " Added manually " + date2: null

2022-06-09 19:02:17 - [TEST_STEP][PASSED] - if (LAddedPhase_A2.contains(LAddedPhase_E2)): null

2022-06-09 19:02:17 - [TEST_STEP][PASSED] - takeScreenshot(): Taking screenshot successfully

2022-06-09 19:02:17 - [MESSAGE][PASSED] - Taking screenshot successfully
[[ATTACHMENT|D:\\Projet Test Auto\\Mediabox Test Automation\\Reports\\20220609_181011\\03. Parallel Testing (Testing)\\TS -PT PART 3\\03. StarPack Full Lifecycle_SAS_Task\\20220609_181034\\1654794137689.png]]

2022-06-09 19:02:17 - [TEST_STEP][PASSED] - I.Logout(): Delayed 3 second(s)

2022-06-09 19:02:20 - [MESSAGE][PASSED] - Delayed 3 second(s)

2022-06-09 19:02:21 - [MESSAGE][PASSED] - Object: 'Object Repository/1. Constant/xpath' is clicked on

2022-06-09 19:02:24 - [MESSAGE][PASSED] - Delayed 3 second(s)

2022-06-09 19:02:25 - [MESSAGE][PASSED] - Object: 'Object Repository/1. Constant/xpath' is clicked on

2022-06-09 19:02:28 - [MESSAGE][PASSED] - Delayed 3 second(s)

2022-06-09 19:02:28 - [TEST_STEP][PASSED] - I.Login_password("suser", password_suser): Object: 'Object Repository/1. Constant/xpath' is clicked on

2022-06-09 19:02:28 - [MESSAGE][PASSED] - Text 'suser' is set on object 'Object Repository/1. Constant/xpath'

2022-06-09 19:02:29 - [MESSAGE][PASSED] - Delayed 1 second(s)

2022-06-09 19:02:31 - [MESSAGE][PASSED] - Text 'dchi2' is set on object 'Object Repository/1. Constant/xpath'

2022-06-09 19:02:32 - [MESSAGE][PASSED] - Delayed 1 second(s)

2022-06-09 19:02:36 - [MESSAGE][PASSED] - Object: 'Object Repository/1. Constant/xpath' is clicked on

2022-06-09 19:02:36 - [TEST_STEP][PASSED] - click(findTestObject("1. Constant/02_LHSMenu_Projects")): Object: 'Object Repository/1. Constant/02_LHSMenu_Projects' is clicked on

2022-06-09 19:02:39 - [MESSAGE][PASSED] - Object: 'Object Repository/1. Constant/02_LHSMenu_Projects' is clicked on

2022-06-09 19:02:39 - [TEST_STEP][PASSED] - takeScreenshot(): Taking screenshot successfully

2022-06-09 19:02:40 - [MESSAGE][PASSED] - Taking screenshot successfully
[[ATTACHMENT|D:\\Projet Test Auto\\Mediabox Test Automation\\Reports\\20220609_181011\\03. Parallel Testing (Testing)\\TS -PT PART 3\\03. StarPack Full Lifecycle_SAS_Task\\20220609_181034\\1654794159961.png]]

2022-06-09 19:02:40 - [TEST_STEP][PASSED] - click(findTestObject("1. Constant/xpath", ["xpath":"//*[@id="kt_subheader"]/div/nav/ol/li[1]/a"])): Object: 'Object Repository/1. Constant/xpath' is clicked on

2022-06-09 19:02:43 - [MESSAGE][PASSED] - Object: 'Object Repository/1. Constant/xpath' is clicked on

2022-06-09 19:02:43 - [TEST_STEP][PASSED] - I.SearchProjectNo(Project_No, findTestObject("1. Constant/xpath", ["xpath":"//*[@id="form_filters"]/div[4]/button"])): Delayed 5 second(s)

2022-06-09 19:02:44 - [MESSAGE][PASSED] - Text 'MI001274' is set on object 'Object Repository/1. Constant/xpath'

2022-06-09 19:02:47 - [MESSAGE][PASSED] - Delayed 3 second(s)

2022-06-09 19:02:51 - [MESSAGE][PASSED] - Object: 'Object Repository/1. Constant/xpath' is clicked on

2022-06-09 19:02:56 - [MESSAGE][PASSED] - Delayed 5 second(s)

2022-06-09 19:02:56 - [TEST_STEP][PASSED] - delay(1): Delayed 1 second(s)

2022-06-09 19:02:57 - [MESSAGE][PASSED] - Delayed 1 second(s)

2022-06-09 19:02:57 - [TEST_STEP][PASSED] - click(findTestObject("Object Repository/StarPack - Full Lifecycle (AWIS)/6.03 suser id_source_refID__td4_a", ["refID":"source_" + refID])): Object: 'Object Repository/StarPack - Full Lifecycle (AWIS)/6.03 suser id_source_refID__td4_a' is clicked on

2022-06-09 19:02:59 - [MESSAGE][PASSED] - Object: 'Object Repository/StarPack - Full Lifecycle (AWIS)/6.03 suser id_source_refID__td4_a' is clicked on

2022-06-09 19:02:59 - [TEST_STEP][PASSED] - click(findTestObject("1. Constant/xpath", ["xpath":"//*[@id="kt_content"]/div[3]/div/ul/li[3]/a"])): Object: 'Object Repository/1. Constant/xpath' is clicked on

2022-06-09 19:03:00 - [MESSAGE][PASSED] - Object: 'Object Repository/1. Constant/xpath' is clicked on

2022-06-09 19:03:00 - [TEST_STEP][PASSED] - delay(2): Delayed 2 second(s)

2022-06-09 19:03:02 - [MESSAGE][PASSED] - Delayed 2 second(s)

2022-06-09 19:03:02 - [TEST_STEP][PASSED] - click(findTestObject("1. Constant/xpath", ["xpath":"/html/body/div[1]/div[2]/div[8]/div[3]/div/div[3]/div[3]/div/div/div[2]/div/div[4]/div/div[1]/div[2]/div/a[3]"])): Object: 'Object Repository/1. Constant/xpath' is clicked on

2022-06-09 19:03:03 - [MESSAGE][PASSED] - Object: 'Object Repository/1. Constant/xpath' is clicked on

2022-06-09 19:03:03 - [TEST_STEP][PASSED] - click(findTestObject("1. Constant/xpath", ["xpath":"//*[@id="modal_skip_phase"]/div/div/div[3]/button[2]"])): Object: 'Object Repository/1. Constant/xpath' is clicked on

2022-06-09 19:03:06 - [MESSAGE][PASSED] - Object: 'Object Repository/1. Constant/xpath' is clicked on

2022-06-09 19:03:06 - [TEST_STEP][PASSED] - delay(1): Delayed 1 second(s)

2022-06-09 19:03:07 - [MESSAGE][PASSED] - Delayed 1 second(s)

2022-06-09 19:03:07 - [TEST_STEP][PASSED] - click(findTestObject("1. Constant/xpath", ["xpath":"//*[@id="kt_subheader"]/div/nav/ol/li[2]/a"])): Object: 'Object Repository/1. Constant/xpath' is clicked on

2022-06-09 19:03:10 - [MESSAGE][PASSED] - Object: 'Object Repository/1. Constant/xpath' is clicked on

2022-06-09 19:03:10 - [TEST_STEP][PASSED] - delay(1): Delayed 1 second(s)

2022-06-09 19:03:11 - [MESSAGE][PASSED] - Delayed 1 second(s)

2022-06-09 19:03:11 - [TEST_STEP][PASSED] - takeScreenshot(): Taking screenshot successfully

2022-06-09 19:03:11 - [MESSAGE][PASSED] - Taking screenshot successfully
[[ATTACHMENT|D:\\Projet Test Auto\\Mediabox Test Automation\\Reports\\20220609_181011\\03. Parallel Testing (Testing)\\TS -PT PART 3\\03. StarPack Full Lifecycle_SAS_Task\\20220609_181034\\1654794191269.png]]

2022-06-09 19:03:11 - [TEST_STEP][PASSED] - click(findTestObject("Object Repository/StarPack - Full Lifecycle (AWIS)/6.04 suser id_refID_td9_a4", ["refID":"source_" + refID])): Object: 'Object Repository/StarPack - Full Lifecycle (AWIS)/6.04 suser id_refID_td9_a4' is clicked on

2022-06-09 19:03:12 - [MESSAGE][PASSED] - Object: 'Object Repository/StarPack - Full Lifecycle (AWIS)/6.04 suser id_refID_td9_a4' is clicked on

2022-06-09 19:03:12 - [TEST_STEP][PASSED] - takeScreenshot(): Taking screenshot successfully

2022-06-09 19:03:12 - [MESSAGE][PASSED] - Taking screenshot successfully
[[ATTACHMENT|D:\\Projet Test Auto\\Mediabox Test Automation\\Reports\\20220609_181011\\03. Parallel Testing (Testing)\\TS -PT PART 3\\03. StarPack Full Lifecycle_SAS_Task\\20220609_181034\\1654794192190.png]]

2022-06-09 19:03:12 - [TEST_STEP][PASSED] - click(findTestObject("1. Constant/xpath", ["xpath":"//*[@id="modal_support_action_shortcut"]/div/div/div[2]/button[2]"])): Object: 'Object Repository/1. Constant/xpath' is clicked on

2022-06-09 19:03:17 - [MESSAGE][PASSED] - Object: 'Object Repository/1. Constant/xpath' is clicked on

2022-06-09 19:03:17 - [TEST_STEP][PASSED] - click(findTestObject("1. Constant/xpath", ["xpath":"//*[@id="kt_subheader"]/div/nav/ol/li[1]/a"])): Object: 'Object Repository/1. Constant/xpath' is clicked on

2022-06-09 19:03:21 - [MESSAGE][PASSED] - Object: 'Object Repository/1. Constant/xpath' is clicked on

2022-06-09 19:03:21 - [TEST_STEP][PASSED] - I.SearchProjectNo(Project_No, findTestObject("1. Constant/xpath", ["xpath":"//*[@id="form_filters"]/div[4]/button"])): Delayed 5 second(s)

2022-06-09 19:03:21 - [MESSAGE][PASSED] - Text 'MI001274' is set on object 'Object Repository/1. Constant/xpath'

2022-06-09 19:03:24 - [MESSAGE][PASSED] - Delayed 3 second(s)

2022-06-09 19:03:29 - [MESSAGE][PASSED] - Object: 'Object Repository/1. Constant/xpath' is clicked on

2022-06-09 19:03:34 - [MESSAGE][PASSED] - Delayed 5 second(s)

2022-06-09 19:03:34 - [TEST_STEP][PASSED] - delay(1): Delayed 1 second(s)

2022-06-09 19:03:35 - [MESSAGE][PASSED] - Delayed 1 second(s)

2022-06-09 19:03:35 - [TEST_STEP][PASSED] - A_Status_Lifecycle = getText(findTestObject("Object Repository/StarPack - Full Lifecycle (AWIS)/5.08 Agency2 Lifecycle status id_refID_td6_span2", ["refID":"source_" + refID])): Text of object 'Object Repository/StarPack - Full Lifecycle (AWIS)/5.08 Agency2 Lifecycle status id_refID_td6_span2' is: 'PAF'

2022-06-09 19:03:36 - [MESSAGE][PASSED] - Text of object 'Object Repository/StarPack - Full Lifecycle (AWIS)/5.08 Agency2 Lifecycle status id_refID_td6_span2' is: 'PAF'

2022-06-09 19:03:36 - [TEST_STEP][PASSED] - I.print("tooltip Actual for Add phase -" + A_Status_Lifecycle): null

2022-06-09 19:03:36 - [TEST_STEP][PASSED] - E_Status_Lifecycle = "PAF": null

2022-06-09 19:03:36 - [TEST_STEP][PASSED] - verifyMatch(A_Status_Lifecycle, E_Status_Lifecycle, false): Actual text 'PAF' and expected text 'PAF' are matched 

2022-06-09 19:03:36 - [MESSAGE][PASSED] - Actual text 'PAF' and expected text 'PAF' are matched 

2022-06-09 19:03:36 - [TEST_STEP][PASSED] - takeScreenshot(): Taking screenshot successfully

2022-06-09 19:03:37 - [MESSAGE][PASSED] - Taking screenshot successfully
[[ATTACHMENT|D:\\Projet Test Auto\\Mediabox Test Automation\\Reports\\20220609_181011\\03. Parallel Testing (Testing)\\TS -PT PART 3\\03. StarPack Full Lifecycle_SAS_Task\\20220609_181034\\1654794216552.png]]

2022-06-09 19:03:37 - [TEST_STEP][PASSED] - click(findTestObject("Object Repository/StarPack - Full Lifecycle (AWIS)/6.03 suser id_source_refID__td4_a", ["refID":"source_" + refID])): Object: 'Object Repository/StarPack - Full Lifecycle (AWIS)/6.03 suser id_source_refID__td4_a' is clicked on

2022-06-09 19:03:40 - [MESSAGE][PASSED] - Object: 'Object Repository/StarPack - Full Lifecycle (AWIS)/6.03 suser id_source_refID__td4_a' is clicked on

2022-06-09 19:03:40 - [TEST_STEP][PASSED] - click(findTestObject("1. Constant/xpath", ["xpath":"//*[@id="kt_content"]/div[3]/div/ul/li[3]/a"])): Object: 'Object Repository/1. Constant/xpath' is clicked on

2022-06-09 19:03:42 - [MESSAGE][PASSED] - Object: 'Object Repository/1. Constant/xpath' is clicked on

2022-06-09 19:03:42 - [TEST_STEP][PASSED] - click(findTestObject("1. Constant/xpath", ["xpath":"/html/body/div[1]/div[2]/div[8]/div[3]/div/div[3]/div[3]/div/div/div[2]/div/div[7]/div/div[1]/div[2]/div/a[2]"])): Object: 'Object Repository/1. Constant/xpath' is clicked on

2022-06-09 19:03:43 - [MESSAGE][PASSED] - Object: 'Object Repository/1. Constant/xpath' is clicked on

2022-06-09 19:03:43 - [TEST_STEP][PASSED] - click(findTestObject("1. Constant/xpath", ["xpath":"//*[@id="kt_body"]/div[9]/div/div/div[2]/button[2]"])): Object: 'Object Repository/1. Constant/xpath' is clicked on

2022-06-09 19:03:45 - [MESSAGE][PASSED] - Object: 'Object Repository/1. Constant/xpath' is clicked on

2022-06-09 19:03:45 - [TEST_STEP][PASSED] - takeScreenshot(): Taking screenshot successfully

2022-06-09 19:03:46 - [MESSAGE][PASSED] - Taking screenshot successfully
[[ATTACHMENT|D:\\Projet Test Auto\\Mediabox Test Automation\\Reports\\20220609_181011\\03. Parallel Testing (Testing)\\TS -PT PART 3\\03. StarPack Full Lifecycle_SAS_Task\\20220609_181034\\1654794226245.png]]

2022-06-09 19:03:46 - [TEST_STEP][PASSED] - click(findTestObject("1. Constant/xpath", ["xpath":"/html/body/div[1]/div[2]/div[8]/div[3]/div/div[3]/div[3]/div/div/div[2]/div/div[6]/div/div[1]/div[2]/div/a[3]"])): Object: 'Object Repository/1. Constant/xpath' is clicked on

2022-06-09 19:03:47 - [MESSAGE][PASSED] - Object: 'Object Repository/1. Constant/xpath' is clicked on

2022-06-09 19:03:47 - [TEST_STEP][PASSED] - click(findTestObject("1. Constant/xpath", ["xpath":"//*[@id="modal_skip_phase"]/div/div/div[3]/button[2]"])): Object: 'Object Repository/1. Constant/xpath' is clicked on

2022-06-09 19:03:50 - [MESSAGE][PASSED] - Object: 'Object Repository/1. Constant/xpath' is clicked on

2022-06-09 19:03:50 - [TEST_STEP][PASSED] - takeScreenshot(): Taking screenshot successfully

2022-06-09 19:03:51 - [MESSAGE][PASSED] - Taking screenshot successfully
[[ATTACHMENT|D:\\Projet Test Auto\\Mediabox Test Automation\\Reports\\20220609_181011\\03. Parallel Testing (Testing)\\TS -PT PART 3\\03. StarPack Full Lifecycle_SAS_Task\\20220609_181034\\1654794230920.png]]

2022-06-09 19:03:51 - [TEST_STEP][PASSED] - click(findTestObject("1. Constant/xpath", ["xpath":"/html/body/div[1]/div[2]/div[8]/div[3]/div/div[3]/div[3]/div/ul/li[3]/a"])): Object: 'Object Repository/1. Constant/xpath' is clicked on

2022-06-09 19:03:51 - [MESSAGE][PASSED] - Object: 'Object Repository/1. Constant/xpath' is clicked on

2022-06-09 19:03:51 - [TEST_STEP][PASSED] - click(findTestObject("1. Constant/xpath", ["xpath":"/html/body/div[1]/div[2]/div[8]/div[3]/div/div[3]/div[3]/div/div/div[3]/div/div[2]/div/div[1]/div[2]/div/a[2]"])): Object: 'Object Repository/1. Constant/xpath' is clicked on

2022-06-09 19:03:51 - [MESSAGE][PASSED] - Object: 'Object Repository/1. Constant/xpath' is clicked on

2022-06-09 19:03:51 - [TEST_STEP][PASSED] - click(findTestObject("1. Constant/xpath", ["xpath":"//*[@id="kt_body"]/div[9]/div/div/div[2]/button[2]"])): Object: 'Object Repository/1. Constant/xpath' is clicked on

2022-06-09 19:04:03 - [MESSAGE][PASSED] - Object: 'Object Repository/1. Constant/xpath' is clicked on

2022-06-09 19:04:03 - [TEST_STEP][PASSED] - takeScreenshot(): Taking screenshot successfully

2022-06-09 19:04:05 - [MESSAGE][PASSED] - Taking screenshot successfully
[[ATTACHMENT|D:\\Projet Test Auto\\Mediabox Test Automation\\Reports\\20220609_181011\\03. Parallel Testing (Testing)\\TS -PT PART 3\\03. StarPack Full Lifecycle_SAS_Task\\20220609_181034\\1654794245286.png]]

2022-06-09 19:04:05 - [TEST_STEP][PASSED] - click(findTestObject("1. Constant/xpath", ["xpath":"/html/body/div[1]/div[2]/div[8]/div[3]/div/div[3]/div[3]/div/div/div[3]/div/div[1]/div/div[1]/div[2]/div/a[3]"])): Object: 'Object Repository/1. Constant/xpath' is clicked on

2022-06-09 19:04:06 - [MESSAGE][PASSED] - Object: 'Object Repository/1. Constant/xpath' is clicked on

2022-06-09 19:04:06 - [TEST_STEP][PASSED] - click(findTestObject("1. Constant/xpath", ["xpath":"//*[@id="modal_skip_phase"]/div/div/div[3]/button[2]"])): Object: 'Object Repository/1. Constant/xpath' is clicked on

2022-06-09 19:04:09 - [MESSAGE][PASSED] - Object: 'Object Repository/1. Constant/xpath' is clicked on

2022-06-09 19:04:09 - [TEST_STEP][PASSED] - click(findTestObject("1. Constant/xpath", ["xpath":"//*[@id="kt_subheader"]/div/nav/ol/li[2]/a"])): Object: 'Object Repository/1. Constant/xpath' is clicked on

2022-06-09 19:04:11 - [MESSAGE][PASSED] - Object: 'Object Repository/1. Constant/xpath' is clicked on

2022-06-09 19:04:11 - [TEST_STEP][PASSED] - verifyElementPresent(findTestObject("Object Repository/StarPack - Full Lifecycle (AWIS)/6.06 suser id_refID_td9_a3", ["refID":"source_" + refID]), 10): Object 'Object Repository/StarPack - Full Lifecycle (AWIS)/6.06 suser id_refID_td9_a3' is present

2022-06-09 19:04:12 - [MESSAGE][PASSED] - Object 'Object Repository/StarPack - Full Lifecycle (AWIS)/6.06 suser id_refID_td9_a3' is present

2022-06-09 19:04:12 - [TEST_STEP][PASSED] - mouseOver(findTestObject("Object Repository/StarPack - Full Lifecycle (AWIS)/6.06 suser id_refID_td9_a3", ["refID":"source_" + refID])): Object: 'Object Repository/StarPack - Full Lifecycle (AWIS)/6.06 suser id_refID_td9_a3' is hovered

2022-06-09 19:04:12 - [MESSAGE][PASSED] - Object: 'Object Repository/StarPack - Full Lifecycle (AWIS)/6.06 suser id_refID_td9_a3' is hovered

2022-06-09 19:04:12 - [TEST_STEP][PASSED] - A_Status_Lifecycle_Completed = getText(findTestObject("1. Constant/xpath", ["xpath":"/html/body/div[9]/div[2]"])): Text of object 'Object Repository/1. Constant/xpath' is: 'Go back to PAF'

2022-06-09 19:04:12 - [MESSAGE][PASSED] - Text of object 'Object Repository/1. Constant/xpath' is: 'Go back to PAF'

2022-06-09 19:04:12 - [TEST_STEP][PASSED] - I.print("tooltip Actual for Status -" + A_Status_Lifecycle_Completed): null

2022-06-09 19:04:12 - [TEST_STEP][PASSED] - E_Status_Lifecycle_Completed = "Go back to PAF": null

2022-06-09 19:04:12 - [TEST_STEP][PASSED] - verifyMatch(A_Status_Lifecycle_Completed, E_Status_Lifecycle_Completed, false): Actual text 'Go back to PAF' and expected text 'Go back to PAF' are matched 

2022-06-09 19:04:12 - [MESSAGE][PASSED] - Actual text 'Go back to PAF' and expected text 'Go back to PAF' are matched 

2022-06-09 19:04:12 - [TEST_STEP][PASSED] - click(findTestObject("Object Repository/StarPack - Full Lifecycle (AWIS)/6.06 suser id_refID_td9_a3", ["refID":"source_" + refID])): Object: 'Object Repository/StarPack - Full Lifecycle (AWIS)/6.06 suser id_refID_td9_a3' is clicked on

2022-06-09 19:04:12 - [MESSAGE][PASSED] - Object: 'Object Repository/StarPack - Full Lifecycle (AWIS)/6.06 suser id_refID_td9_a3' is clicked on

2022-06-09 19:04:12 - [TEST_STEP][PASSED] - click(findTestObject("1. Constant/xpath", ["xpath":"//*[@id="modal_support_action_shortcut"]/div/div/div[2]/button[2]"])): Object: 'Object Repository/1. Constant/xpath' is clicked on

2022-06-09 19:04:18 - [MESSAGE][PASSED] - Object: 'Object Repository/1. Constant/xpath' is clicked on

2022-06-09 19:04:18 - [TEST_STEP][PASSED] - click(findTestObject("1. Constant/xpath", ["xpath":"//*[@id="kt_content"]/div[3]/div/ul/li[3]/a"])): Object: 'Object Repository/1. Constant/xpath' is clicked on

2022-06-09 19:04:19 - [MESSAGE][PASSED] - Object: 'Object Repository/1. Constant/xpath' is clicked on

2022-06-09 19:04:19 - [TEST_STEP][PASSED] - click(findTestObject("1. Constant/xpath", ["xpath":"/html/body/div[1]/div[2]/div[8]/div[3]/div/div[3]/div[3]/div/div/div[4]/div/div[1]/div/div[1]/div[2]/div/a[3]"])): Object: 'Object Repository/1. Constant/xpath' is clicked on

2022-06-09 19:04:21 - [MESSAGE][PASSED] - Object: 'Object Repository/1. Constant/xpath' is clicked on

2022-06-09 19:04:21 - [TEST_STEP][PASSED] - click(findTestObject("1. Constant/xpath", ["xpath":"//*[@id="modal_skip_phase"]/div/div/div[3]/button[2]"])): Object: 'Object Repository/1. Constant/xpath' is clicked on

2022-06-09 19:04:25 - [MESSAGE][PASSED] - Object: 'Object Repository/1. Constant/xpath' is clicked on

2022-06-09 19:04:25 - [TEST_STEP][PASSED] - click(findTestObject("1. Constant/xpath", ["xpath":"/html/body/div[1]/div[2]/div[8]/div[3]/div/div[3]/div[3]/div/div/div[4]/div/div[2]/div/div[1]/div[2]/div/a[3]"])): Object: 'Object Repository/1. Constant/xpath' is clicked on

2022-06-09 19:04:27 - [MESSAGE][PASSED] - Object: 'Object Repository/1. Constant/xpath' is clicked on

2022-06-09 19:04:27 - [TEST_STEP][PASSED] - click(findTestObject("1. Constant/xpath", ["xpath":"//*[@id="modal_skip_phase"]/div/div/div[3]/button[2]"])): Object: 'Object Repository/1. Constant/xpath' is clicked on

2022-06-09 19:04:31 - [MESSAGE][PASSED] - Object: 'Object Repository/1. Constant/xpath' is clicked on

2022-06-09 19:04:31 - [TEST_STEP][PASSED] - click(findTestObject("1. Constant/xpath", ["xpath":"/html/body/div[1]/div[2]/div[8]/div[3]/div/div[3]/div[3]/div/ul/li[5]/a"])): Object: 'Object Repository/1. Constant/xpath' is clicked on

2022-06-09 19:04:32 - [MESSAGE][PASSED] - Object: 'Object Repository/1. Constant/xpath' is clicked on

2022-06-09 19:04:32 - [TEST_STEP][PASSED] - click(findTestObject("1. Constant/xpath", ["xpath":"/html/body/div[1]/div[2]/div[8]/div[3]/div/div[3]/div[3]/div/div/div[5]/div/div[2]/div/div[1]/div[2]/div/a[2]"])): Object: 'Object Repository/1. Constant/xpath' is clicked on

2022-06-09 19:04:33 - [MESSAGE][PASSED] - Object: 'Object Repository/1. Constant/xpath' is clicked on

2022-06-09 19:04:33 - [TEST_STEP][PASSED] - click(findTestObject("1. Constant/xpath", ["xpath":"//*[@id="kt_body"]/div[9]/div/div/div[2]/button[2]"])): Object: 'Object Repository/1. Constant/xpath' is clicked on

2022-06-09 19:04:45 - [MESSAGE][PASSED] - Object: 'Object Repository/1. Constant/xpath' is clicked on

2022-06-09 19:04:45 - [TEST_STEP][PASSED] - click(findTestObject("1. Constant/xpath", ["xpath":"/html/body/div[1]/div[2]/div[8]/div[3]/div/div[3]/div[3]/div/div/div[5]/div/div[1]/div/div[1]/div[2]/div/a[3]"])): Object: 'Object Repository/1. Constant/xpath' is clicked on

2022-06-09 19:04:46 - [MESSAGE][PASSED] - Object: 'Object Repository/1. Constant/xpath' is clicked on

2022-06-09 19:04:46 - [TEST_STEP][PASSED] - click(findTestObject("1. Constant/xpath", ["xpath":"//*[@id="modal_skip_phase"]/div/div/div[3]/button[2]"])): Object: 'Object Repository/1. Constant/xpath' is clicked on

2022-06-09 19:04:49 - [MESSAGE][PASSED] - Object: 'Object Repository/1. Constant/xpath' is clicked on

2022-06-09 19:04:49 - [TEST_STEP][PASSED] - click(findTestObject("1. Constant/xpath", ["xpath":"//*[@id="kt_subheader"]/div/nav/ol/li[2]/a"])): Object: 'Object Repository/1. Constant/xpath' is clicked on

2022-06-09 19:04:55 - [MESSAGE][PASSED] - Object: 'Object Repository/1. Constant/xpath' is clicked on

2022-06-09 19:04:55 - [TEST_STEP][PASSED] - click(findTestObject("Object Repository/StarPack - Full Lifecycle (AWIS)/5.04 Agency1 id_refID_td9_a2", ["refID":"source_" + refID])): Object: 'Object Repository/StarPack - Full Lifecycle (AWIS)/5.04 Agency1 id_refID_td9_a2' is clicked on

2022-06-09 19:04:58 - [MESSAGE][PASSED] - Object: 'Object Repository/StarPack - Full Lifecycle (AWIS)/5.04 Agency1 id_refID_td9_a2' is clicked on

2022-06-09 19:04:58 - [TEST_STEP][PASSED] - verifyElementPresent(findTestObject("Object Repository/StarPack - Full Lifecycle (AWIS)/5.04 Agency1 id_refID_td9_a2", ["refID":"source_" + refID]), 10): Object 'Object Repository/StarPack - Full Lifecycle (AWIS)/5.04 Agency1 id_refID_td9_a2' is present

2022-06-09 19:04:59 - [MESSAGE][PASSED] - Object 'Object Repository/StarPack - Full Lifecycle (AWIS)/5.04 Agency1 id_refID_td9_a2' is present

2022-06-09 19:04:59 - [TEST_STEP][PASSED] - closeBrowser(): Browser is closed

2022-06-09 19:05:00 - [MESSAGE][PASSED] - Browser is closed

2022-06-09 19:05:00 - [TEST_STEP][PASSED] - Start listener action : sampleAfterTestCase: null]]></system-out>
         <system-err><![CDATA[]]></system-err>
      </testcase>
      <testcase name="Test Cases/18. Tag Sephora Npp Starpack Task (Standard_ Question_ Prod)/18.05 StarPack change of rights (Prod)_Ticket4757" time="718.592" classname="Test Cases/18. Tag Sephora Npp Starpack Task (Standard_ Question_ Prod)/18.05 StarPack change of rights (Prod)_Ticket4757" status="PASSED">
         <system-out><![CDATA[2022-06-09 19:05:00 - [TEST_CASE][PASSED] - Test Cases/18. Tag Sephora Npp Starpack Task (Standard_ Question_ Prod)/18.05 StarPack change of rights (Prod)_Ticket4757: Test Cases/18. Tag Sephora Npp Starpack Task (Standard_ Question_ Prod)/18.05 StarPack change of rights (Prod)_Ticket4757

2022-06-09 19:05:02 - [TEST_STEP][PASSED] - data = findTestData("Data Files/Username_Password/Starpack (10June2021)"): null

2022-06-09 19:05:02 - [TEST_STEP][PASSED] - password_suser = data.getValue(2, 1): null

2022-06-09 19:05:02 - [TEST_STEP][PASSED] - password_aherms = data.getValue(2, 2): null

2022-06-09 19:05:02 - [TEST_STEP][PASSED] - password_agluszczynska = data.getValue(2, 3): null

2022-06-09 19:05:02 - [TEST_STEP][PASSED] - password_jmaciaszczyk = data.getValue(2, 4): null

2022-06-09 19:05:02 - [TEST_STEP][PASSED] - password_aterreshernandez = data.getValue(2, 5): null

2022-06-09 19:05:02 - [TEST_STEP][PASSED] - password_amartin_arbol = data.getValue(2, 6): null

2022-06-09 19:05:02 - [TEST_STEP][PASSED] - password_adelamatanieves = data.getValue(2, 7): null

2022-06-09 19:05:02 - [TEST_STEP][PASSED] - password_kcannoosamy_dia = data.getValue(2, 8): null

2022-06-09 19:05:02 - [TEST_STEP][PASSED] - password_ysanzmonedero = data.getValue(2, 16): null

2022-06-09 19:05:02 - [TEST_STEP][PASSED] - password_bsolletbravo = data.getValue(2, 17): null

2022-06-09 19:05:02 - [TEST_STEP][PASSED] - password_agarciasanchez = data.getValue(2, 18): null

2022-06-09 19:05:02 - [TEST_STEP][PASSED] - data_urlRELAUTO = findTestData("Data Files/URL/URL_relauto"): null

2022-06-09 19:05:02 - [TEST_STEP][PASSED] - Url_Starpack = data_urlRELAUTO.getValue(2, 2): null

2022-06-09 19:05:02 - [TEST_STEP][PASSED] - openBrowser(Url_Starpack): Browser is opened with url: 'http://mdb-release.diadeis.lan/MediaboxIndependence/?MBI_datasource=RELTESTAUTO_STARPACK'

2022-06-09 19:05:02 - [MESSAGE][INFO] - Starting 'Chrome (headless)' driver

2022-06-09 19:05:02 - [MESSAGE][INFO] - User set preference: ['args', '[--window-size=1920,1080, --headless]']

2022-06-09 19:05:02 - [MESSAGE][INFO] - Action delay is set to 0 milliseconds

2022-06-09 19:05:07 - [MESSAGE][PASSED] - Browser is opened with url: 'http://mdb-release.diadeis.lan/MediaboxIndependence/?MBI_datasource=RELTESTAUTO_STARPACK'

2022-06-09 19:05:07 - [TEST_STEP][PASSED] - maximizeWindow(): Current window maximized

2022-06-09 19:05:08 - [MESSAGE][PASSED] - Current window maximized

2022-06-09 19:05:08 - [TEST_STEP][PASSED] - I.Login_password("adelamatanieves", password_adelamatanieves): Object: 'Object Repository/1. Constant/xpath' is clicked on

2022-06-09 19:05:08 - [MESSAGE][PASSED] - Text 'adelamatanieves' is set on object 'Object Repository/1. Constant/xpath'

2022-06-09 19:05:09 - [MESSAGE][PASSED] - Delayed 1 second(s)

2022-06-09 19:05:10 - [MESSAGE][PASSED] - Text 'dchi4' is set on object 'Object Repository/1. Constant/xpath'

2022-06-09 19:05:11 - [MESSAGE][PASSED] - Delayed 1 second(s)

2022-06-09 19:05:20 - [MESSAGE][PASSED] - Object: 'Object Repository/1. Constant/xpath' is clicked on

2022-06-09 19:05:20 - [TEST_STEP][PASSED] - takeScreenshot(): Taking screenshot successfully

2022-06-09 19:05:21 - [MESSAGE][PASSED] - Taking screenshot successfully
[[ATTACHMENT|D:\\Projet Test Auto\\Mediabox Test Automation\\Reports\\20220609_181011\\03. Parallel Testing (Testing)\\TS -PT PART 3\\03. StarPack Full Lifecycle_SAS_Task\\20220609_181034\\1654794320943.png]]

2022-06-09 19:05:21 - [TEST_STEP][PASSED] - click(findTestObject("1. Constant/02_LHSMenu_Projects")): Object: 'Object Repository/1. Constant/02_LHSMenu_Projects' is clicked on

2022-06-09 19:05:25 - [MESSAGE][PASSED] - Object: 'Object Repository/1. Constant/02_LHSMenu_Projects' is clicked on

2022-06-09 19:05:25 - [TEST_STEP][PASSED] - click(findTestObject("xxx Todelete/3 ProjectListPage_Create_Project_Button")): Object: 'Object Repository/xxx Todelete/3 ProjectListPage_Create_Project_Button' is clicked on

2022-06-09 19:05:28 - [MESSAGE][PASSED] - Object: 'Object Repository/xxx Todelete/3 ProjectListPage_Create_Project_Button' is clicked on

2022-06-09 19:05:28 - [TEST_STEP][PASSED] - takeScreenshot(): Taking screenshot successfully

2022-06-09 19:05:29 - [MESSAGE][PASSED] - Taking screenshot successfully
[[ATTACHMENT|D:\\Projet Test Auto\\Mediabox Test Automation\\Reports\\20220609_181011\\03. Parallel Testing (Testing)\\TS -PT PART 3\\03. StarPack Full Lifecycle_SAS_Task\\20220609_181034\\1654794328645.png]]

2022-06-09 19:05:29 - [TEST_STEP][PASSED] - project_name = "AutoTest_Chrome_Starpack" + RandomStringUtils.randomAlphanumeric(10) + "_" + I.gettimedate(): null

2022-06-09 19:05:29 - [TEST_STEP][PASSED] - setText(findTestObject("HL Full Lifecycle/4 CreateProjPage_inputProjectname"), project_name): Text 'AutoTest_Chrome_Starpackp1gnyHCSXq_juin092022_190529' is set on object 'Object Repository/HL Full Lifecycle/4 CreateProjPage_inputProjectname'

2022-06-09 19:05:30 - [MESSAGE][PASSED] - Text 'AutoTest_Chrome_Starpackp1gnyHCSXq_juin092022_190529' is set on object 'Object Repository/HL Full Lifecycle/4 CreateProjPage_inputProjectname'

2022-06-09 19:05:30 - [TEST_STEP][PASSED] - click(findTestObject("HL Full Lifecycle/4 CreateProjPage_Create Project_Bluebutton")): Object: 'Object Repository/HL Full Lifecycle/4 CreateProjPage_Create Project_Bluebutton' is clicked on

2022-06-09 19:05:34 - [MESSAGE][PASSED] - Object: 'Object Repository/HL Full Lifecycle/4 CreateProjPage_Create Project_Bluebutton' is clicked on

2022-06-09 19:05:34 - [TEST_STEP][PASSED] - delay(1): Delayed 1 second(s)

2022-06-09 19:05:35 - [MESSAGE][PASSED] - Delayed 1 second(s)

2022-06-09 19:05:35 - [TEST_STEP][PASSED] - takeScreenshot(): Taking screenshot successfully

2022-06-09 19:05:36 - [MESSAGE][PASSED] - Taking screenshot successfully
[[ATTACHMENT|D:\\Projet Test Auto\\Mediabox Test Automation\\Reports\\20220609_181011\\03. Parallel Testing (Testing)\\TS -PT PART 3\\03. StarPack Full Lifecycle_SAS_Task\\20220609_181034\\1654794336155.png]]

2022-06-09 19:05:36 - [TEST_STEP][PASSED] - selectOptionByValue(findTestObject("1. Constant/01_id_field_id", ["field_id":"var_98"]), "122", false): All options with value '122' are selected in object 'Object Repository/1. Constant/01_id_field_id' 

2022-06-09 19:05:38 - [MESSAGE][PASSED] - All options with value '122' are selected in object 'Object Repository/1. Constant/01_id_field_id' 

2022-06-09 19:05:38 - [TEST_STEP][PASSED] - delay(1): Delayed 1 second(s)

2022-06-09 19:05:39 - [MESSAGE][PASSED] - Delayed 1 second(s)

2022-06-09 19:05:39 - [TEST_STEP][PASSED] - selectOptionByValue(findTestObject("1. Constant/01_id_field_id", ["field_id":"var_9"]), "amartin_arbol", false): All options with value 'amartin_arbol' are selected in object 'Object Repository/1. Constant/01_id_field_id' 

2022-06-09 19:05:39 - [MESSAGE][PASSED] - All options with value 'amartin_arbol' are selected in object 'Object Repository/1. Constant/01_id_field_id' 

2022-06-09 19:05:39 - [TEST_STEP][PASSED] - delay(1): Delayed 1 second(s)

2022-06-09 19:05:40 - [MESSAGE][PASSED] - Delayed 1 second(s)

2022-06-09 19:05:40 - [TEST_STEP][PASSED] - selectOptionByValue(findTestObject("1. Constant/01_id_field_id", ["field_id":"var_10"]), "aterreshernandez", false): All options with value 'aterreshernandez' are selected in object 'Object Repository/1. Constant/01_id_field_id' 

2022-06-09 19:05:41 - [MESSAGE][PASSED] - All options with value 'aterreshernandez' are selected in object 'Object Repository/1. Constant/01_id_field_id' 

2022-06-09 19:05:41 - [TEST_STEP][PASSED] - delay(1): Delayed 1 second(s)

2022-06-09 19:05:42 - [MESSAGE][PASSED] - Delayed 1 second(s)

2022-06-09 19:05:42 - [TEST_STEP][PASSED] - selectOptionByValue(findTestObject("Object Repository/xxx Todelete/1.4 ModifyProPage_MF(IDP)"), "nalonsobermejo", true): All options with value 'nalonsobermejo' are selected in object 'Object Repository/xxx Todelete/1.4 ModifyProPage_MF(IDP)'  using regular expression

2022-06-09 19:05:43 - [MESSAGE][PASSED] - All options with value 'nalonsobermejo' are selected in object 'Object Repository/xxx Todelete/1.4 ModifyProPage_MF(IDP)'  using regular expression

2022-06-09 19:05:43 - [TEST_STEP][PASSED] - delay(1): Delayed 1 second(s)

2022-06-09 19:05:44 - [MESSAGE][PASSED] - Delayed 1 second(s)

2022-06-09 19:05:44 - [TEST_STEP][PASSED] - click(findTestObject("Object Repository/xxx Todelete/1.41 ModifyProPage_AddMF")): Object: 'Object Repository/xxx Todelete/1.41 ModifyProPage_AddMF' is clicked on

2022-06-09 19:05:44 - [MESSAGE][PASSED] - Object: 'Object Repository/xxx Todelete/1.41 ModifyProPage_AddMF' is clicked on

2022-06-09 19:05:44 - [TEST_STEP][PASSED] - delay(1): Delayed 1 second(s)

2022-06-09 19:05:45 - [MESSAGE][PASSED] - Delayed 1 second(s)

2022-06-09 19:05:45 - [TEST_STEP][PASSED] - selectOptionByValue(findTestObject("1. Constant/01_id_field_id", ["field_id":"var_15"]), "292", false): All options with value '292' are selected in object 'Object Repository/1. Constant/01_id_field_id' 

2022-06-09 19:05:46 - [MESSAGE][PASSED] - All options with value '292' are selected in object 'Object Repository/1. Constant/01_id_field_id' 

2022-06-09 19:05:46 - [TEST_STEP][PASSED] - delay(1): Delayed 1 second(s)

2022-06-09 19:05:47 - [MESSAGE][PASSED] - Delayed 1 second(s)

2022-06-09 19:05:47 - [TEST_STEP][PASSED] - value = getAttribute(findTestObject("Object Repository/StarPack - Full Lifecycle (AWIS)/1.6 ModifyProPage _NDP"), "value"): Attribute 'value' of object 'Object Repository/StarPack - Full Lifecycle (AWIS)/1.6 ModifyProPage _NDP' is: 'MCBRIDE, S.A.'

2022-06-09 19:05:47 - [MESSAGE][PASSED] - Attribute 'value' of object 'Object Repository/StarPack - Full Lifecycle (AWIS)/1.6 ModifyProPage _NDP' is: 'MCBRIDE, S.A.'

2022-06-09 19:05:47 - [TEST_STEP][PASSED] - delay(1): Delayed 1 second(s)

2022-06-09 19:05:48 - [MESSAGE][PASSED] - Delayed 1 second(s)

2022-06-09 19:05:48 - [TEST_STEP][PASSED] - delay(1): Delayed 1 second(s)

2022-06-09 19:05:49 - [MESSAGE][PASSED] - Delayed 1 second(s)

2022-06-09 19:05:49 - [TEST_STEP][PASSED] - selectOptionByValue(findTestObject("1. Constant/01_id_field_id", ["field_id":"var_26"]), "94", false): All options with value '94' are selected in object 'Object Repository/1. Constant/01_id_field_id' 

2022-06-09 19:05:50 - [MESSAGE][PASSED] - All options with value '94' are selected in object 'Object Repository/1. Constant/01_id_field_id' 

2022-06-09 19:05:50 - [TEST_STEP][PASSED] - delay(1): Delayed 1 second(s)

2022-06-09 19:05:51 - [MESSAGE][PASSED] - Delayed 1 second(s)

2022-06-09 19:05:51 - [TEST_STEP][PASSED] - selectOptionByValue(findTestObject("1. Constant/01_id_field_id", ["field_id":"var_12"]), "94", false): All options with value '94' are selected in object 'Object Repository/1. Constant/01_id_field_id' 

2022-06-09 19:05:52 - [MESSAGE][PASSED] - All options with value '94' are selected in object 'Object Repository/1. Constant/01_id_field_id' 

2022-06-09 19:05:52 - [TEST_STEP][PASSED] - delay(1): Delayed 1 second(s)

2022-06-09 19:05:53 - [MESSAGE][PASSED] - Delayed 1 second(s)

2022-06-09 19:05:53 - [TEST_STEP][PASSED] - selectOptionByValue(findTestObject("1. Constant/01_id_field_id", ["field_id":"var_27"]), "734", false): All options with value '734' are selected in object 'Object Repository/1. Constant/01_id_field_id' 

2022-06-09 19:05:54 - [MESSAGE][PASSED] - All options with value '734' are selected in object 'Object Repository/1. Constant/01_id_field_id' 

2022-06-09 19:05:54 - [TEST_STEP][PASSED] - delay(1): Delayed 1 second(s)

2022-06-09 19:05:55 - [MESSAGE][PASSED] - Delayed 1 second(s)

2022-06-09 19:05:55 - [TEST_STEP][PASSED] - selectOptionByValue(findTestObject("1. Constant/01_id_field_id", ["field_id":"var_71"]), "efood", false): All options with value 'efood' are selected in object 'Object Repository/1. Constant/01_id_field_id' 

2022-06-09 19:05:55 - [MESSAGE][PASSED] - All options with value 'efood' are selected in object 'Object Repository/1. Constant/01_id_field_id' 

2022-06-09 19:05:55 - [TEST_STEP][PASSED] - delay(1): Delayed 1 second(s)

2022-06-09 19:05:56 - [MESSAGE][PASSED] - Delayed 1 second(s)

2022-06-09 19:05:56 - [TEST_STEP][PASSED] - takeScreenshot(): Taking screenshot successfully

2022-06-09 19:05:57 - [MESSAGE][PASSED] - Taking screenshot successfully
[[ATTACHMENT|D:\\Projet Test Auto\\Mediabox Test Automation\\Reports\\20220609_181011\\03. Parallel Testing (Testing)\\TS -PT PART 3\\03. StarPack Full Lifecycle_SAS_Task\\20220609_181034\\1654794356762.png]]

2022-06-09 19:05:57 - [TEST_STEP][PASSED] - delay(10): Delayed 10 second(s)

2022-06-09 19:06:07 - [MESSAGE][PASSED] - Delayed 10 second(s)

2022-06-09 19:06:07 - [TEST_STEP][PASSED] - click(findTestObject("HL Full Lifecycle/5 ModifyProjPage_button_Update")): Object: 'Object Repository/HL Full Lifecycle/5 ModifyProjPage_button_Update' is clicked on

2022-06-09 19:06:10 - [MESSAGE][PASSED] - Object: 'Object Repository/HL Full Lifecycle/5 ModifyProjPage_button_Update' is clicked on

2022-06-09 19:06:10 - [TEST_STEP][PASSED] - waitForPageLoad(10): Wait for page load successfully

2022-06-09 19:06:10 - [MESSAGE][PASSED] - Wait for page load successfully

2022-06-09 19:06:10 - [TEST_STEP][PASSED] - delay(5): Delayed 5 second(s)

2022-06-09 19:06:15 - [MESSAGE][PASSED] - Delayed 5 second(s)

2022-06-09 19:06:15 - [TEST_STEP][PASSED] - Project_No = I.ProjectNo(): Current window's url is: 'http://mdb-release.diadeis.lan/MediaboxIndependence/Base/ExecAction?IDSession=MBI%21RELTESTAUTO_STARPACK%21BA255CH2753G3UBNBQLE3GLCPYS2EK9EN8QGW4WJ&default_action=AfficheFichesProjet&id_project=MI001275'

2022-06-09 19:06:20 - [MESSAGE][PASSED] - Delayed 5 second(s)

2022-06-09 19:06:21 - [MESSAGE][PASSED] - Current window's url is: 'http://mdb-release.diadeis.lan/MediaboxIndependence/Base/ExecAction?IDSession=MBI%21RELTESTAUTO_STARPACK%21BA255CH2753G3UBNBQLE3GLCPYS2EK9EN8QGW4WJ&default_action=AfficheFichesProjet&id_project=MI001275'

2022-06-09 19:06:21 - [TEST_STEP][PASSED] - click(findTestObject("HL Full Lifecycle/6 ReferenceListPage_createrefbutton")): Object: 'Object Repository/HL Full Lifecycle/6 ReferenceListPage_createrefbutton' is clicked on

2022-06-09 19:06:21 - [MESSAGE][PASSED] - Object: 'Object Repository/HL Full Lifecycle/6 ReferenceListPage_createrefbutton' is clicked on

2022-06-09 19:06:21 - [TEST_STEP][PASSED] - click(findTestObject("HL Full Lifecycle/6 ReferenceListPaga_Create a component_button")): Object: 'Object Repository/HL Full Lifecycle/6 ReferenceListPaga_Create a component_button' is clicked on

2022-06-09 19:06:23 - [MESSAGE][PASSED] - Object: 'Object Repository/HL Full Lifecycle/6 ReferenceListPaga_Create a component_button' is clicked on

2022-06-09 19:06:23 - [TEST_STEP][PASSED] - waitForPageLoad(10): Wait for page load successfully

2022-06-09 19:06:23 - [MESSAGE][PASSED] - Wait for page load successfully

2022-06-09 19:06:23 - [TEST_STEP][PASSED] - takeScreenshot(): Taking screenshot successfully

2022-06-09 19:06:23 - [MESSAGE][PASSED] - Taking screenshot successfully
[[ATTACHMENT|D:\\Projet Test Auto\\Mediabox Test Automation\\Reports\\20220609_181011\\03. Parallel Testing (Testing)\\TS -PT PART 3\\03. StarPack Full Lifecycle_SAS_Task\\20220609_181034\\1654794383660.png]]

2022-06-09 19:06:23 - [TEST_STEP][PASSED] - selectOptionByValue(findTestObject("1. Constant/01_id_field_id", ["field_id":"ref_type"]), "6", false): All options with value '6' are selected in object 'Object Repository/1. Constant/01_id_field_id' 

2022-06-09 19:06:26 - [MESSAGE][PASSED] - All options with value '6' are selected in object 'Object Repository/1. Constant/01_id_field_id' 

2022-06-09 19:06:26 - [TEST_STEP][PASSED] - click(findTestObject("HL Full Lifecycle/6 ReferencePg_Create a component_bluebutton")): Object: 'Object Repository/HL Full Lifecycle/6 ReferencePg_Create a component_bluebutton' is clicked on

2022-06-09 19:06:31 - [MESSAGE][PASSED] - Object: 'Object Repository/HL Full Lifecycle/6 ReferencePg_Create a component_bluebutton' is clicked on

2022-06-09 19:06:31 - [TEST_STEP][PASSED] - refID = I.RefID(): Current window's url is: 'http://mdb-release.diadeis.lan/MediaboxIndependence/Base/ExecAction?IDSession=MBI%21RELTESTAUTO_STARPACK%21BA255CH2753G3UBNBQLE3GLCPYS2EK9EN8QGW4WJ&default_action=ModifierRef&id_project=MI001275&id_ref=6383&action_from=create_ref'

2022-06-09 19:06:36 - [MESSAGE][PASSED] - Delayed 5 second(s)

2022-06-09 19:06:37 - [MESSAGE][PASSED] - Current window's url is: 'http://mdb-release.diadeis.lan/MediaboxIndependence/Base/ExecAction?IDSession=MBI%21RELTESTAUTO_STARPACK%21BA255CH2753G3UBNBQLE3GLCPYS2EK9EN8QGW4WJ&default_action=ModifierRef&id_project=MI001275&id_ref=6383&action_from=create_ref'

2022-06-09 19:06:37 - [TEST_STEP][PASSED] - out.println(refID): null

2022-06-09 19:06:37 - [TEST_STEP][PASSED] - takeScreenshot(): Taking screenshot successfully

2022-06-09 19:06:38 - [MESSAGE][PASSED] - Taking screenshot successfully
[[ATTACHMENT|D:\\Projet Test Auto\\Mediabox Test Automation\\Reports\\20220609_181011\\03. Parallel Testing (Testing)\\TS -PT PART 3\\03. StarPack Full Lifecycle_SAS_Task\\20220609_181034\\1654794397973.png]]

2022-06-09 19:06:38 - [TEST_STEP][PASSED] - sendKeys(findTestObject("1. Constant/01_id_field_id", ["field_id":"var_28"]), "209293"): Keys '209293' sent to object: 'Object Repository/1. Constant/01_id_field_id'

2022-06-09 19:06:39 - [MESSAGE][PASSED] - Keys '209293' sent to object: 'Object Repository/1. Constant/01_id_field_id'

2022-06-09 19:06:39 - [TEST_STEP][PASSED] - sendKeys(findTestObject("1. Constant/01_id_field_id", ["field_id":"var_30"]), "test Submarca"): Keys 'test Submarca' sent to object: 'Object Repository/1. Constant/01_id_field_id'

2022-06-09 19:06:39 - [MESSAGE][PASSED] - Keys 'test Submarca' sent to object: 'Object Repository/1. Constant/01_id_field_id'

2022-06-09 19:06:39 - [TEST_STEP][PASSED] - sendKeys(findTestObject("1. Constant/01_id_field_id", ["field_id":"var_31"]), "test Submarca Vínculo con bulto: test Submarca"): Keys 'test Submarca Vínculo con bulto: test Submarca' sent to object: 'Object Repository/1. Constant/01_id_field_id'

2022-06-09 19:06:40 - [MESSAGE][PASSED] - Keys 'test Submarca Vínculo con bulto: test Submarca' sent to object: 'Object Repository/1. Constant/01_id_field_id'

2022-06-09 19:06:40 - [TEST_STEP][PASSED] - selectOptionByValue(findTestObject("1. Constant/01_id_field_id", ["field_id":"var_38"]), "24", false): All options with value '24' are selected in object 'Object Repository/1. Constant/01_id_field_id' 

2022-06-09 19:06:40 - [MESSAGE][PASSED] - All options with value '24' are selected in object 'Object Repository/1. Constant/01_id_field_id' 

2022-06-09 19:06:40 - [TEST_STEP][PASSED] - sendKeys(findTestObject("1. Constant/01_id_field_id", ["field_id":"var_39"]), "8480017155061"): Keys '8480017155061' sent to object: 'Object Repository/1. Constant/01_id_field_id'

2022-06-09 19:06:40 - [MESSAGE][PASSED] - Keys '8480017155061' sent to object: 'Object Repository/1. Constant/01_id_field_id'

2022-06-09 19:06:40 - [TEST_STEP][PASSED] - selectOptionByValue(findTestObject("1. Constant/01_id_field_id", ["field_id":"selSource_19"]), "22", false): All options with value '22' are selected in object 'Object Repository/1. Constant/01_id_field_id' 

2022-06-09 19:06:41 - [MESSAGE][PASSED] - All options with value '22' are selected in object 'Object Repository/1. Constant/01_id_field_id' 

2022-06-09 19:06:41 - [TEST_STEP][PASSED] - click(findTestObject("Object Repository/xxx Todelete/2.01 ModifyRef_Pais")): Object: 'Object Repository/xxx Todelete/2.01 ModifyRef_Pais' is clicked on

2022-06-09 19:06:41 - [MESSAGE][PASSED] - Object: 'Object Repository/xxx Todelete/2.01 ModifyRef_Pais' is clicked on

2022-06-09 19:06:41 - [TEST_STEP][PASSED] - selectOptionByValue(findTestObject("1. Constant/01_id_field_id", ["field_id":"var_75"]), "26", false): All options with value '26' are selected in object 'Object Repository/1. Constant/01_id_field_id' 

2022-06-09 19:06:41 - [MESSAGE][PASSED] - All options with value '26' are selected in object 'Object Repository/1. Constant/01_id_field_id' 

2022-06-09 19:06:41 - [TEST_STEP][PASSED] - click(findTestObject("HL Full Lifecycle/7 ModifyRefPage_button_Save")): Object: 'Object Repository/HL Full Lifecycle/7 ModifyRefPage_button_Save' is clicked on

2022-06-09 19:06:47 - [MESSAGE][PASSED] - Object: 'Object Repository/HL Full Lifecycle/7 ModifyRefPage_button_Save' is clicked on

2022-06-09 19:06:47 - [TEST_STEP][PASSED] - I.Logout(): Delayed 3 second(s)

2022-06-09 19:06:50 - [MESSAGE][PASSED] - Delayed 3 second(s)

2022-06-09 19:06:50 - [MESSAGE][PASSED] - Object: 'Object Repository/1. Constant/xpath' is clicked on

2022-06-09 19:06:53 - [MESSAGE][PASSED] - Delayed 3 second(s)

2022-06-09 19:06:55 - [MESSAGE][PASSED] - Object: 'Object Repository/1. Constant/xpath' is clicked on

2022-06-09 19:06:58 - [MESSAGE][PASSED] - Delayed 3 second(s)

2022-06-09 19:06:58 - [TEST_STEP][PASSED] - I.Login_password("suser", password_suser): Object: 'Object Repository/1. Constant/xpath' is clicked on

2022-06-09 19:06:59 - [MESSAGE][PASSED] - Text 'suser' is set on object 'Object Repository/1. Constant/xpath'

2022-06-09 19:07:00 - [MESSAGE][PASSED] - Delayed 1 second(s)

2022-06-09 19:07:00 - [MESSAGE][PASSED] - Text 'dchi2' is set on object 'Object Repository/1. Constant/xpath'

2022-06-09 19:07:01 - [MESSAGE][PASSED] - Delayed 1 second(s)

2022-06-09 19:07:05 - [MESSAGE][PASSED] - Object: 'Object Repository/1. Constant/xpath' is clicked on

2022-06-09 19:07:05 - [TEST_STEP][PASSED] - takeScreenshot(): Taking screenshot successfully

2022-06-09 19:07:05 - [MESSAGE][PASSED] - Taking screenshot successfully
[[ATTACHMENT|D:\\Projet Test Auto\\Mediabox Test Automation\\Reports\\20220609_181011\\03. Parallel Testing (Testing)\\TS -PT PART 3\\03. StarPack Full Lifecycle_SAS_Task\\20220609_181034\\1654794425096.png]]

2022-06-09 19:07:05 - [TEST_STEP][PASSED] - click(findTestObject("1. Constant/02_LHSMenu_Projects")): Object: 'Object Repository/1. Constant/02_LHSMenu_Projects' is clicked on

2022-06-09 19:07:09 - [MESSAGE][PASSED] - Object: 'Object Repository/1. Constant/02_LHSMenu_Projects' is clicked on

2022-06-09 19:07:09 - [TEST_STEP][PASSED] - I.SearchProjectNo(Project_No, findTestObject("HL Full Lifecycle/9 Filter_Button_Apply")): Delayed 5 second(s)

2022-06-09 19:07:09 - [MESSAGE][PASSED] - Text 'MI001275' is set on object 'Object Repository/1. Constant/xpath'

2022-06-09 19:07:12 - [MESSAGE][PASSED] - Delayed 3 second(s)

2022-06-09 19:07:16 - [MESSAGE][PASSED] - Object: 'Object Repository/HL Full Lifecycle/9 Filter_Button_Apply' is clicked on

2022-06-09 19:07:21 - [MESSAGE][PASSED] - Delayed 5 second(s)

2022-06-09 19:07:21 - [TEST_STEP][PASSED] - I.superedit_ref(findTestObject("Object Repository/StarPack - Full Lifecycle (AWIS)/3.02 Suser super edit", ["refID":"source_" + refID]), findTestObject("Object Repository/StarPack - Full Lifecycle (AWIS)/3.03 Suser super edit (option)", ["refID":"source_" + refID])): Object: 'Object Repository/StarPack - Full Lifecycle (AWIS)/3.03 Suser super edit (option)' is clicked on

2022-06-09 19:07:22 - [MESSAGE][PASSED] - Object: 'Object Repository/StarPack - Full Lifecycle (AWIS)/3.02 Suser super edit' is clicked on

2022-06-09 19:07:25 - [MESSAGE][PASSED] - Delayed 3 second(s)

2022-06-09 19:07:28 - [MESSAGE][PASSED] - Object: 'Object Repository/StarPack - Full Lifecycle (AWIS)/3.03 Suser super edit (option)' is clicked on

2022-06-09 19:07:28 - [TEST_STEP][PASSED] - takeScreenshot(): Taking screenshot successfully

2022-06-09 19:07:28 - [MESSAGE][PASSED] - Taking screenshot successfully
[[ATTACHMENT|D:\\Projet Test Auto\\Mediabox Test Automation\\Reports\\20220609_181011\\03. Parallel Testing (Testing)\\TS -PT PART 3\\03. StarPack Full Lifecycle_SAS_Task\\20220609_181034\\1654794448603.png]]

2022-06-09 19:07:28 - [TEST_STEP][PASSED] - I.click_button_javascript(findTestObject("Object Repository/StarPack - Full Lifecycle (AWIS)/3.04 Suser select option button(yes)", ["field_ID":"field_var_40"])): Execute JavaScript 'arguments[0].click()' successfully

2022-06-09 19:07:29 - [MESSAGE][PASSED] - Execute JavaScript 'arguments[0].click()' successfully

2022-06-09 19:07:29 - [TEST_STEP][PASSED] - I.click_button_javascript(findTestObject("Object Repository/StarPack - Full Lifecycle (AWIS)/3.04 Suser select option button(yes)", ["field_ID":"field_var_41"])): Execute JavaScript 'arguments[0].click()' successfully

2022-06-09 19:07:29 - [MESSAGE][PASSED] - Execute JavaScript 'arguments[0].click()' successfully

2022-06-09 19:07:29 - [TEST_STEP][PASSED] - I.click_button_javascript(findTestObject("Object Repository/StarPack - Full Lifecycle (AWIS)/3.04 Suser select option button(yes)", ["field_ID":"field_var_42"])): Execute JavaScript 'arguments[0].click()' successfully

2022-06-09 19:07:29 - [MESSAGE][PASSED] - Execute JavaScript 'arguments[0].click()' successfully

2022-06-09 19:07:29 - [TEST_STEP][PASSED] - I.click_button_javascript(findTestObject("Object Repository/StarPack - Full Lifecycle (AWIS)/3.04 Suser select option button(yes)", ["field_ID":"field_var_43"])): Execute JavaScript 'arguments[0].click()' successfully

2022-06-09 19:07:29 - [MESSAGE][PASSED] - Execute JavaScript 'arguments[0].click()' successfully

2022-06-09 19:07:29 - [TEST_STEP][PASSED] - I.click_button_javascript(findTestObject("Object Repository/StarPack - Full Lifecycle (AWIS)/3.04 Suser select option button(No)", ["field_ID":"field_var_44"])): Execute JavaScript 'arguments[0].click()' successfully

2022-06-09 19:07:29 - [MESSAGE][PASSED] - Execute JavaScript 'arguments[0].click()' successfully

2022-06-09 19:07:29 - [TEST_STEP][PASSED] - I.click_button_javascript(findTestObject("Object Repository/StarPack - Full Lifecycle (AWIS)/3.04 Suser select option button(No)", ["field_ID":"field_var_45"])): Execute JavaScript 'arguments[0].click()' successfully

2022-06-09 19:07:30 - [MESSAGE][PASSED] - Execute JavaScript 'arguments[0].click()' successfully

2022-06-09 19:07:30 - [TEST_STEP][PASSED] - I.click_button_javascript(findTestObject("Object Repository/StarPack - Full Lifecycle (AWIS)/3.04 Suser select option button(No)", ["field_ID":"field_var_99"])): Execute JavaScript 'arguments[0].click()' successfully

2022-06-09 19:07:30 - [MESSAGE][PASSED] - Execute JavaScript 'arguments[0].click()' successfully

2022-06-09 19:07:30 - [TEST_STEP][PASSED] - click(findTestObject("Object Repository/StarPack - Full Lifecycle (AWIS)/3.05 Suser saves for super edit ref")): Object: 'Object Repository/StarPack - Full Lifecycle (AWIS)/3.05 Suser saves for super edit ref' is clicked on

2022-06-09 19:07:34 - [MESSAGE][PASSED] - Object: 'Object Repository/StarPack - Full Lifecycle (AWIS)/3.05 Suser saves for super edit ref' is clicked on

2022-06-09 19:07:34 - [TEST_STEP][PASSED] - I.Logout(): Delayed 3 second(s)

2022-06-09 19:07:37 - [MESSAGE][PASSED] - Delayed 3 second(s)

2022-06-09 19:07:40 - [MESSAGE][PASSED] - Object: 'Object Repository/1. Constant/xpath' is clicked on

2022-06-09 19:07:43 - [MESSAGE][PASSED] - Delayed 3 second(s)

2022-06-09 19:07:44 - [MESSAGE][PASSED] - Object: 'Object Repository/1. Constant/xpath' is clicked on

2022-06-09 19:07:47 - [MESSAGE][PASSED] - Delayed 3 second(s)

2022-06-09 19:07:47 - [TEST_STEP][PASSED] - I.Login_password("adelamatanieves", password_adelamatanieves): Object: 'Object Repository/1. Constant/xpath' is clicked on

2022-06-09 19:07:48 - [MESSAGE][PASSED] - Text 'adelamatanieves' is set on object 'Object Repository/1. Constant/xpath'

2022-06-09 19:07:49 - [MESSAGE][PASSED] - Delayed 1 second(s)

2022-06-09 19:07:49 - [MESSAGE][PASSED] - Text 'dchi4' is set on object 'Object Repository/1. Constant/xpath'

2022-06-09 19:07:50 - [MESSAGE][PASSED] - Delayed 1 second(s)

2022-06-09 19:07:54 - [MESSAGE][PASSED] - Object: 'Object Repository/1. Constant/xpath' is clicked on

2022-06-09 19:07:54 - [TEST_STEP][PASSED] - takeScreenshot(): Taking screenshot successfully

2022-06-09 19:07:54 - [MESSAGE][PASSED] - Taking screenshot successfully
[[ATTACHMENT|D:\\Projet Test Auto\\Mediabox Test Automation\\Reports\\20220609_181011\\03. Parallel Testing (Testing)\\TS -PT PART 3\\03. StarPack Full Lifecycle_SAS_Task\\20220609_181034\\1654794474260.png]]

2022-06-09 19:07:54 - [TEST_STEP][PASSED] - click(findTestObject("1. Constant/02_LHSMenu_Projects")): Object: 'Object Repository/1. Constant/02_LHSMenu_Projects' is clicked on

2022-06-09 19:07:57 - [MESSAGE][PASSED] - Object: 'Object Repository/1. Constant/02_LHSMenu_Projects' is clicked on

2022-06-09 19:07:57 - [TEST_STEP][PASSED] - I.SearchProjectNo(Project_No, findTestObject("HL Full Lifecycle/9 Filter_Button_Apply")): Delayed 5 second(s)

2022-06-09 19:07:58 - [MESSAGE][PASSED] - Text 'MI001275' is set on object 'Object Repository/1. Constant/xpath'

2022-06-09 19:08:01 - [MESSAGE][PASSED] - Delayed 3 second(s)

2022-06-09 19:08:04 - [MESSAGE][PASSED] - Object: 'Object Repository/HL Full Lifecycle/9 Filter_Button_Apply' is clicked on

2022-06-09 19:08:09 - [MESSAGE][PASSED] - Delayed 5 second(s)

2022-06-09 19:08:09 - [TEST_STEP][PASSED] - click(findTestObject("1. Constant/xpath", ["xpath":"/html/body/div[1]/div[2]/div[4]/div[3]/div/div[2]/div[2]/div[1]/table/tbody/tr[2]/td[10]/a[3]"])): Object: 'Object Repository/1. Constant/xpath' is clicked on

2022-06-09 19:08:13 - [MESSAGE][PASSED] - Object: 'Object Repository/1. Constant/xpath' is clicked on

2022-06-09 19:08:13 - [TEST_STEP][PASSED] - click(findTestObject("Object Repository/StarPack - Full Lifecycle (AWIS)/2.031 RefPg_AnnaSubmit", ["id":"1"])): Object: 'Object Repository/StarPack - Full Lifecycle (AWIS)/2.031 RefPg_AnnaSubmit' is clicked on

2022-06-09 19:08:19 - [MESSAGE][PASSED] - Object: 'Object Repository/StarPack - Full Lifecycle (AWIS)/2.031 RefPg_AnnaSubmit' is clicked on

2022-06-09 19:08:19 - [TEST_STEP][PASSED] - click(findTestObject("Object Repository/StarPack - Full Lifecycle (AWIS)/2.03 Block anna")): Object: 'Object Repository/StarPack - Full Lifecycle (AWIS)/2.03 Block anna' is clicked on

2022-06-09 19:08:23 - [MESSAGE][PASSED] - Object: 'Object Repository/StarPack - Full Lifecycle (AWIS)/2.03 Block anna' is clicked on

2022-06-09 19:08:23 - [TEST_STEP][PASSED] - I.click_button_javascript(findTestObject("1. Constant/xpath", ["xpath":"//*[@id="card_phase_group_2464_ModifFiche"]/div[2]/div[1]/div/div[1]/label[2]"])): Execute JavaScript 'arguments[0].click()' successfully

2022-06-09 19:08:24 - [MESSAGE][PASSED] - Execute JavaScript 'arguments[0].click()' successfully

2022-06-09 19:08:24 - [TEST_STEP][PASSED] - I.click_button_javascript(findTestObject("1. Constant/xpath", ["xpath":"//*[@id="card_phase_group_2464_ModifFiche"]/div[2]/div[2]/div/div[1]/label[2]"])): Execute JavaScript 'arguments[0].click()' successfully

2022-06-09 19:08:24 - [MESSAGE][PASSED] - Execute JavaScript 'arguments[0].click()' successfully

2022-06-09 19:08:24 - [TEST_STEP][PASSED] - I.click_button_javascript(findTestObject("1. Constant/xpath", ["xpath":"//*[@id="card_phase_group_2464_ModifFiche"]/div[2]/div[3]/div/div[1]/label[1]"])): Execute JavaScript 'arguments[0].click()' successfully

2022-06-09 19:08:24 - [MESSAGE][PASSED] - Execute JavaScript 'arguments[0].click()' successfully

2022-06-09 19:08:24 - [TEST_STEP][PASSED] - I.Pagedown(): Execute JavaScript 'window.scrollTo(0, document.body.scrollHeight)' successfully

2022-06-09 19:08:24 - [MESSAGE][PASSED] - Execute JavaScript 'window.scrollTo(0, document.body.scrollHeight)' successfully

2022-06-09 19:08:24 - [TEST_STEP][PASSED] - click(findTestObject("Object Repository/StarPack - Full Lifecycle (AWIS)/2.05 RefPg_submit")): Object: 'Object Repository/StarPack - Full Lifecycle (AWIS)/2.05 RefPg_submit' is clicked on

2022-06-09 19:08:30 - [MESSAGE][PASSED] - Object: 'Object Repository/StarPack - Full Lifecycle (AWIS)/2.05 RefPg_submit' is clicked on

2022-06-09 19:08:30 - [TEST_STEP][PASSED] - delay(2): Delayed 2 second(s)

2022-06-09 19:08:32 - [MESSAGE][PASSED] - Delayed 2 second(s)

2022-06-09 19:08:32 - [TEST_STEP][PASSED] - takeScreenshot(): Taking screenshot successfully

2022-06-09 19:08:33 - [MESSAGE][PASSED] - Taking screenshot successfully
[[ATTACHMENT|D:\\Projet Test Auto\\Mediabox Test Automation\\Reports\\20220609_181011\\03. Parallel Testing (Testing)\\TS -PT PART 3\\03. StarPack Full Lifecycle_SAS_Task\\20220609_181034\\1654794512749.png]]

2022-06-09 19:08:33 - [TEST_STEP][PASSED] - I.Logout(): Delayed 3 second(s)

2022-06-09 19:08:36 - [MESSAGE][PASSED] - Delayed 3 second(s)

2022-06-09 19:08:36 - [MESSAGE][PASSED] - Object: 'Object Repository/1. Constant/xpath' is clicked on

2022-06-09 19:08:39 - [MESSAGE][PASSED] - Delayed 3 second(s)

2022-06-09 19:08:42 - [MESSAGE][PASSED] - Object: 'Object Repository/1. Constant/xpath' is clicked on

2022-06-09 19:08:45 - [MESSAGE][PASSED] - Delayed 3 second(s)

2022-06-09 19:08:45 - [TEST_STEP][PASSED] - refID_TD = Integer.parseInt(refID) + 1: null

2022-06-09 19:08:45 - [TEST_STEP][PASSED] - I.Login_password("suser", password_suser): Object: 'Object Repository/1. Constant/xpath' is clicked on

2022-06-09 19:08:46 - [MESSAGE][PASSED] - Text 'suser' is set on object 'Object Repository/1. Constant/xpath'

2022-06-09 19:08:47 - [MESSAGE][PASSED] - Delayed 1 second(s)

2022-06-09 19:08:48 - [MESSAGE][PASSED] - Text 'dchi2' is set on object 'Object Repository/1. Constant/xpath'

2022-06-09 19:08:49 - [MESSAGE][PASSED] - Delayed 1 second(s)

2022-06-09 19:08:51 - [MESSAGE][PASSED] - Object: 'Object Repository/1. Constant/xpath' is clicked on

2022-06-09 19:08:51 - [TEST_STEP][PASSED] - takeScreenshot(): Taking screenshot successfully

2022-06-09 19:08:51 - [MESSAGE][PASSED] - Taking screenshot successfully
[[ATTACHMENT|D:\\Projet Test Auto\\Mediabox Test Automation\\Reports\\20220609_181011\\03. Parallel Testing (Testing)\\TS -PT PART 3\\03. StarPack Full Lifecycle_SAS_Task\\20220609_181034\\1654794531742.png]]

2022-06-09 19:08:51 - [TEST_STEP][PASSED] - click(findTestObject("1. Constant/02_LHSMenu_Projects")): Object: 'Object Repository/1. Constant/02_LHSMenu_Projects' is clicked on

2022-06-09 19:08:55 - [MESSAGE][PASSED] - Object: 'Object Repository/1. Constant/02_LHSMenu_Projects' is clicked on

2022-06-09 19:08:55 - [TEST_STEP][PASSED] - I.SearchProjectNo(Project_No, findTestObject("HL Full Lifecycle/9 Filter_Button_Apply")): Delayed 5 second(s)

2022-06-09 19:08:57 - [MESSAGE][PASSED] - Text 'MI001275' is set on object 'Object Repository/1. Constant/xpath'

2022-06-09 19:09:00 - [MESSAGE][PASSED] - Delayed 3 second(s)

2022-06-09 19:09:02 - [MESSAGE][PASSED] - Object: 'Object Repository/HL Full Lifecycle/9 Filter_Button_Apply' is clicked on

2022-06-09 19:09:07 - [MESSAGE][PASSED] - Delayed 5 second(s)

2022-06-09 19:09:07 - [TEST_STEP][PASSED] - color1 = getCSSValue(findTestObject("Object Repository/StarPack - Full Lifecycle (AWIS)/4.012 Supploer proceed to next phase (PS)", ["refID":"source_" + refID_TD]), "color", OPTIONAL): Get CSS 'color' value on 'Object Repository/StarPack - Full Lifecycle (AWIS)/4.012 Supploer proceed to next phase (PS)' successfully: 'rgba(255, 255, 255, 1)'.

2022-06-09 19:09:07 - [MESSAGE][PASSED] - Get CSS 'color' value on 'Object Repository/StarPack - Full Lifecycle (AWIS)/4.012 Supploer proceed to next phase (PS)' successfully: 'rgba(255, 255, 255, 1)'.

2022-06-09 19:09:07 - [TEST_STEP][PASSED] - I.print(color1): null

2022-06-09 19:09:07 - [TEST_STEP][PASSED] - while (color1 == "rgba(255, 255, 255, 1)"): null

2022-06-09 19:09:07 - [TEST_STEP][PASSED] - click(findTestObject("Object Repository/StarPack - Full Lifecycle (AWIS)/4.012 Supploer proceed to next phase (PS)", ["refID":"source_" + refID_TD])): Object: 'Object Repository/StarPack - Full Lifecycle (AWIS)/4.012 Supploer proceed to next phase (PS)' is clicked on

2022-06-09 19:09:09 - [MESSAGE][PASSED] - Object: 'Object Repository/StarPack - Full Lifecycle (AWIS)/4.012 Supploer proceed to next phase (PS)' is clicked on

2022-06-09 19:09:09 - [TEST_STEP][PASSED] - takeScreenshot(): Taking screenshot successfully

2022-06-09 19:09:09 - [MESSAGE][PASSED] - Taking screenshot successfully
[[ATTACHMENT|D:\\Projet Test Auto\\Mediabox Test Automation\\Reports\\20220609_181011\\03. Parallel Testing (Testing)\\TS -PT PART 3\\03. StarPack Full Lifecycle_SAS_Task\\20220609_181034\\1654794549471.png]]

2022-06-09 19:09:09 - [TEST_STEP][PASSED] - I.UploadDoc_sendkey_Prod(findTestObject("1. Constant/xpath", ["xpath":"//*[@id="kt_body"]/input[2]"]), "D:\Upoad_File\Upload doc\testdataaddition1.jpg", "testdataaddition1.jpg"): Delayed 5 second(s)

2022-06-09 19:09:09 - [MESSAGE][PASSED] - Scroll to object 'Object Repository/1. Constant/xpath' successfully

2022-06-09 19:09:14 - [MESSAGE][PASSED] - Delayed 5 second(s)

2022-06-09 19:09:15 - [MESSAGE][PASSED] - File 'D:\Upoad_File\Upload doc\testdataaddition1.jpg' sent to object: 'Object Repository/1. Constant/xpath'

2022-06-09 19:09:20 - [MESSAGE][PASSED] - Delayed 5 second(s)

2022-06-09 19:09:20 - [MESSAGE][PASSED] - Text 'testdataaddition1.jpg' is present on page 

2022-06-09 19:09:25 - [MESSAGE][PASSED] - Delayed 5 second(s)

2022-06-09 19:09:30 - [MESSAGE][PASSED] - Delayed 5 second(s)

2022-06-09 19:09:30 - [TEST_STEP][PASSED] - takeScreenshot(): Taking screenshot successfully

2022-06-09 19:09:31 - [MESSAGE][PASSED] - Taking screenshot successfully
[[ATTACHMENT|D:\\Projet Test Auto\\Mediabox Test Automation\\Reports\\20220609_181011\\03. Parallel Testing (Testing)\\TS -PT PART 3\\03. StarPack Full Lifecycle_SAS_Task\\20220609_181034\\1654794571299.png]]

2022-06-09 19:09:31 - [TEST_STEP][PASSED] - delay(10): Delayed 10 second(s)

2022-06-09 19:09:41 - [MESSAGE][PASSED] - Delayed 10 second(s)

2022-06-09 19:09:41 - [TEST_STEP][PASSED] - selectOptionByValue(findTestObject("1. Constant/xpath", ["xpath":"//*[@id="var_27"]"]), "651", false): All options with value '651' are selected in object 'Object Repository/1. Constant/xpath' 

2022-06-09 19:09:43 - [MESSAGE][PASSED] - All options with value '651' are selected in object 'Object Repository/1. Constant/xpath' 

2022-06-09 19:09:43 - [TEST_STEP][PASSED] - I.click_button_javascript(findTestObject("Object Repository/HL Full Lifecycle/12 ReferncePage_Button_Updatensenddoc")): Execute JavaScript 'arguments[0].click()' successfully

2022-06-09 19:09:49 - [MESSAGE][PASSED] - Execute JavaScript 'arguments[0].click()' successfully

2022-06-09 19:09:49 - [TEST_STEP][PASSED] - delay(5): Delayed 5 second(s)

2022-06-09 19:09:54 - [MESSAGE][PASSED] - Delayed 5 second(s)

2022-06-09 19:09:54 - [TEST_STEP][PASSED] - if (verifyElementPresent(findTestObject("Object Repository/StarPack - Full Lifecycle (AWIS)/4.012 Supploer proceed to next phase (PS)", ["refID":"source_" + refID_TD]), 10, OPTIONAL)): com.kms.katalon.core.webui.exception.WebElementNotFoundException: Web element with id: 'Object Repository/StarPack - Full Lifecycle (AWIS)/4.012 Supploer proceed to next phase (PS)' located by '//*[@id='source_6384']/td[9]/a[2]' not found (Root cause: com.kms.katalon.core.exception.StepFailedException: com.kms.katalon.core.webui.exception.WebElementNotFoundException: Web element with id: 'Object Repository/StarPack - Full Lifecycle (AWIS)/4.012 Supploer proceed to next phase (PS)' located by '//*[@id='source_6384']/td[9]/a[2]' not found
	at com.kms.katalon.core.webui.keyword.internal.WebUIKeywordMain.stepFailed(WebUIKeywordMain.groovy:64)
	at com.kms.katalon.core.webui.keyword.builtin.VerifyElementPresentKeyword$_verifyElementPresent_closure1.doCall(VerifyElementPresentKeyword.groovy:85)
	at com.kms.katalon.core.webui.keyword.builtin.VerifyElementPresentKeyword$_verifyElementPresent_closure1.call(VerifyElementPresentKeyword.groovy)
	at com.kms.katalon.core.webui.keyword.internal.WebUIKeywordMain.runKeyword(WebUIKeywordMain.groovy:20)
	at com.kms.katalon.core.webui.keyword.builtin.VerifyElementPresentKeyword.verifyElementPresent(VerifyElementPresentKeyword.groovy:92)
	at com.kms.katalon.core.webui.keyword.builtin.VerifyElementPresentKeyword.execute(VerifyElementPresentKeyword.groovy:68)
	at com.kms.katalon.core.keyword.internal.KeywordExecutor.executeKeywordForPlatform(KeywordExecutor.groovy:74)
	at com.kms.katalon.core.webui.keyword.WebUiBuiltInKeywords.verifyElementPresent(WebUiBuiltInKeywords.groovy:1448)
	at com.kms.katalon.core.webui.keyword.WebUiBuiltInKeywords$verifyElementPresent$18.call(Unknown Source)
	at 18.05 StarPack change of rights (Prod)_Ticket4757.run(18.05 StarPack change of rights (Prod)_Ticket4757:405)
	at com.kms.katalon.core.main.ScriptEngine.run(ScriptEngine.java:194)
	at com.kms.katalon.core.main.ScriptEngine.runScriptAsRawText(ScriptEngine.java:119)
	at com.kms.katalon.core.main.TestCaseExecutor.runScript(TestCaseExecutor.java:445)
	at com.kms.katalon.core.main.TestCaseExecutor.doExecute(TestCaseExecutor.java:436)
	at com.kms.katalon.core.main.TestCaseExecutor.processExecutionPhase(TestCaseExecutor.java:415)
	at com.kms.katalon.core.main.TestCaseExecutor.accessMainPhase(TestCaseExecutor.java:407)
	at com.kms.katalon.core.main.TestCaseExecutor.execute(TestCaseExecutor.java:284)
	at com.kms.katalon.core.common.CommonExecutor.accessTestCaseMainPhase(CommonExecutor.java:65)
	at com.kms.katalon.core.main.TestSuiteExecutor.accessTestSuiteMainPhase(TestSuiteExecutor.java:144)
	at com.kms.katalon.core.main.TestSuiteExecutor.execute(TestSuiteExecutor.java:106)
	at com.kms.katalon.core.main.TestCaseMain.startTestSuite(TestCaseMain.java:185)
	at com.kms.katalon.core.main.TestCaseMain$startTestSuite$0.call(Unknown Source)
	at TempTestSuite1654791034173.run(TempTestSuite1654791034173.groovy:36)
)

2022-06-09 19:10:05 - [MESSAGE][INFO] - Unable to find the element located by 'By.xpath: //*[@id='source_6384']/td[9]/a[2]'. Please recheck the objects properties to make sure the desired element is located. 

2022-06-09 19:10:05 - [MESSAGE][WARNING] - com.kms.katalon.core.webui.exception.WebElementNotFoundException: Web element with id: 'Object Repository/StarPack - Full Lifecycle (AWIS)/4.012 Supploer proceed to next phase (PS)' located by '//*[@id='source_6384']/td[9]/a[2]' not found (Root cause: com.kms.katalon.core.exception.StepFailedException: com.kms.katalon.core.webui.exception.WebElementNotFoundException: Web element with id: 'Object Repository/StarPack - Full Lifecycle (AWIS)/4.012 Supploer proceed to next phase (PS)' located by '//*[@id='source_6384']/td[9]/a[2]' not found
	at com.kms.katalon.core.webui.keyword.internal.WebUIKeywordMain.stepFailed(WebUIKeywordMain.groovy:64)
	at com.kms.katalon.core.webui.keyword.builtin.VerifyElementPresentKeyword$_verifyElementPresent_closure1.doCall(VerifyElementPresentKeyword.groovy:85)
	at com.kms.katalon.core.webui.keyword.builtin.VerifyElementPresentKeyword$_verifyElementPresent_closure1.call(VerifyElementPresentKeyword.groovy)
	at com.kms.katalon.core.webui.keyword.internal.WebUIKeywordMain.runKeyword(WebUIKeywordMain.groovy:20)
	at com.kms.katalon.core.webui.keyword.builtin.VerifyElementPresentKeyword.verifyElementPresent(VerifyElementPresentKeyword.groovy:92)
	at com.kms.katalon.core.webui.keyword.builtin.VerifyElementPresentKeyword.execute(VerifyElementPresentKeyword.groovy:68)
	at com.kms.katalon.core.keyword.internal.KeywordExecutor.executeKeywordForPlatform(KeywordExecutor.groovy:74)
	at com.kms.katalon.core.webui.keyword.WebUiBuiltInKeywords.verifyElementPresent(WebUiBuiltInKeywords.groovy:1448)
	at com.kms.katalon.core.webui.keyword.WebUiBuiltInKeywords$verifyElementPresent$18.call(Unknown Source)
	at 18.05 StarPack change of rights (Prod)_Ticket4757.run(18.05 StarPack change of rights (Prod)_Ticket4757:405)
	at com.kms.katalon.core.main.ScriptEngine.run(ScriptEngine.java:194)
	at com.kms.katalon.core.main.ScriptEngine.runScriptAsRawText(ScriptEngine.java:119)
	at com.kms.katalon.core.main.TestCaseExecutor.runScript(TestCaseExecutor.java:445)
	at com.kms.katalon.core.main.TestCaseExecutor.doExecute(TestCaseExecutor.java:436)
	at com.kms.katalon.core.main.TestCaseExecutor.processExecutionPhase(TestCaseExecutor.java:415)
	at com.kms.katalon.core.main.TestCaseExecutor.accessMainPhase(TestCaseExecutor.java:407)
	at com.kms.katalon.core.main.TestCaseExecutor.execute(TestCaseExecutor.java:284)
	at com.kms.katalon.core.common.CommonExecutor.accessTestCaseMainPhase(CommonExecutor.java:65)
	at com.kms.katalon.core.main.TestSuiteExecutor.accessTestSuiteMainPhase(TestSuiteExecutor.java:144)
	at com.kms.katalon.core.main.TestSuiteExecutor.execute(TestSuiteExecutor.java:106)
	at com.kms.katalon.core.main.TestCaseMain.startTestSuite(TestCaseMain.java:185)
	at com.kms.katalon.core.main.TestCaseMain$startTestSuite$0.call(Unknown Source)
	at TempTestSuite1654791034173.run(TempTestSuite1654791034173.groovy:36)
)
[[ATTACHMENT|D:\\Projet Test Auto\\Mediabox Test Automation\\Reports\\20220609_181011\\03. Parallel Testing (Testing)\\TS -PT PART 3\\03. StarPack Full Lifecycle_SAS_Task\\20220609_181034\\1654794605301.png]]

2022-06-09 19:10:05 - [TEST_STEP][PASSED] - else: null

2022-06-09 19:10:05 - [TEST_STEP][PASSED] - color1 = "white": null

2022-06-09 19:10:05 - [TEST_STEP][PASSED] - I.Logout(): Delayed 3 second(s)

2022-06-09 19:10:08 - [MESSAGE][PASSED] - Delayed 3 second(s)

2022-06-09 19:10:08 - [MESSAGE][PASSED] - Object: 'Object Repository/1. Constant/xpath' is clicked on

2022-06-09 19:10:11 - [MESSAGE][PASSED] - Delayed 3 second(s)

2022-06-09 19:10:13 - [MESSAGE][PASSED] - Object: 'Object Repository/1. Constant/xpath' is clicked on

2022-06-09 19:10:16 - [MESSAGE][PASSED] - Delayed 3 second(s)

2022-06-09 19:10:16 - [TEST_STEP][PASSED] - I.Login_password("ysanzmonedero", password_ysanzmonedero): Object: 'Object Repository/1. Constant/xpath' is clicked on

2022-06-09 19:10:17 - [MESSAGE][PASSED] - Text 'ysanzmonedero' is set on object 'Object Repository/1. Constant/xpath'

2022-06-09 19:10:18 - [MESSAGE][PASSED] - Delayed 1 second(s)

2022-06-09 19:10:19 - [MESSAGE][PASSED] - Text 'dchi' is set on object 'Object Repository/1. Constant/xpath'

2022-06-09 19:10:20 - [MESSAGE][PASSED] - Delayed 1 second(s)

2022-06-09 19:10:22 - [MESSAGE][PASSED] - Object: 'Object Repository/1. Constant/xpath' is clicked on

2022-06-09 19:10:22 - [TEST_STEP][PASSED] - takeScreenshot(): Taking screenshot successfully

2022-06-09 19:10:23 - [MESSAGE][PASSED] - Taking screenshot successfully
[[ATTACHMENT|D:\\Projet Test Auto\\Mediabox Test Automation\\Reports\\20220609_181011\\03. Parallel Testing (Testing)\\TS -PT PART 3\\03. StarPack Full Lifecycle_SAS_Task\\20220609_181034\\1654794622929.png]]

2022-06-09 19:10:23 - [TEST_STEP][PASSED] - click(findTestObject("1. Constant/xpath", ["xpath":"//*[@id="kt_header"]/div/div[2]/div[1]/div[1]/div"])): Object: 'Object Repository/1. Constant/xpath' is clicked on

2022-06-09 19:10:23 - [MESSAGE][PASSED] - Object: 'Object Repository/1. Constant/xpath' is clicked on

2022-06-09 19:10:23 - [TEST_STEP][PASSED] - delay(1): Delayed 1 second(s)

2022-06-09 19:10:24 - [MESSAGE][PASSED] - Delayed 1 second(s)

2022-06-09 19:10:24 - [TEST_STEP][PASSED] - click(findTestObject("1. Constant/xpath", ["xpath":"//*[@id="kt_header"]/div/div[2]/div[1]/div[2]/form/div[3]/a"])): Object: 'Object Repository/1. Constant/xpath' is clicked on

2022-06-09 19:10:30 - [MESSAGE][PASSED] - Object: 'Object Repository/1. Constant/xpath' is clicked on

2022-06-09 19:10:30 - [TEST_STEP][PASSED] - delay(1): Delayed 1 second(s)

2022-06-09 19:10:31 - [MESSAGE][PASSED] - Delayed 1 second(s)

2022-06-09 19:10:31 - [TEST_STEP][PASSED] - taskno_1 = getText(findTestObject("1. Constant/xpath", ["xpath":"//*[@id="kt_content"]/div[3]/div/div/div[1]/div[1]/h3/span"])): Text of object 'Object Repository/1. Constant/xpath' is: '41'

2022-06-09 19:10:31 - [MESSAGE][PASSED] - Text of object 'Object Repository/1. Constant/xpath' is: '41'

2022-06-09 19:10:31 - [TEST_STEP][PASSED] - taskno_11 = Double.parseDouble(taskno_1): null

2022-06-09 19:10:31 - [TEST_STEP][PASSED] - n = 1: null

2022-06-09 19:10:31 - [TEST_STEP][PASSED] - while (n <= taskno_11): null

2022-06-09 19:10:31 - [TEST_STEP][PASSED] - result = getText(findTestObject("1. Constant/xpath", ["xpath":"/html/body/div[1]/div[2]/div[8]/div[3]/div/div/div[2]/div/table/tbody/tr[" + n + "]/td[1]/a"]), OPTIONAL): Text of object 'Object Repository/1. Constant/xpath' is: 'Review document for reference Technical Drawing of project AutoTest_Chrome_Starpackp1gnyHCSXq_juin092022_190529 (MI001275)'

2022-06-09 19:10:32 - [MESSAGE][PASSED] - Text of object 'Object Repository/1. Constant/xpath' is: 'Review document for reference Technical Drawing of project AutoTest_Chrome_Starpackp1gnyHCSXq_juin092022_190529 (MI001275)'

2022-06-09 19:10:32 - [TEST_STEP][PASSED] - if (result.contains(Project_No)): null

2022-06-09 19:10:32 - [TEST_STEP][PASSED] - click(findTestObject("1. Constant/xpath", ["xpath":"/html/body/div[1]/div[2]/div[8]/div[3]/div/div/div[2]/div/table/tbody/tr[" + n + "]/td[1]/a"])): Object: 'Object Repository/1. Constant/xpath' is clicked on

2022-06-09 19:10:39 - [MESSAGE][PASSED] - Object: 'Object Repository/1. Constant/xpath' is clicked on

2022-06-09 19:10:39 - [TEST_STEP][PASSED] - break: null

2022-06-09 19:10:39 - [TEST_STEP][PASSED] - delay(1): Delayed 1 second(s)

2022-06-09 19:10:40 - [MESSAGE][PASSED] - Delayed 1 second(s)

2022-06-09 19:10:40 - [TEST_STEP][PASSED] - mouseOver(findTestObject("Object Repository/HL Full Lifecycle/Function_access Viewer2")): Object: 'Object Repository/HL Full Lifecycle/Function_access Viewer2' is hovered

2022-06-09 19:10:40 - [MESSAGE][PASSED] - Object: 'Object Repository/HL Full Lifecycle/Function_access Viewer2' is hovered

2022-06-09 19:10:40 - [TEST_STEP][PASSED] - delay(2): Delayed 2 second(s)

2022-06-09 19:10:42 - [MESSAGE][PASSED] - Delayed 2 second(s)

2022-06-09 19:10:42 - [TEST_STEP][PASSED] - click(findTestObject("Object Repository/HL Full Lifecycle/Function_access Viewer2")): Object: 'Object Repository/HL Full Lifecycle/Function_access Viewer2' is clicked on

2022-06-09 19:10:42 - [MESSAGE][PASSED] - Object: 'Object Repository/HL Full Lifecycle/Function_access Viewer2' is clicked on

2022-06-09 19:10:42 - [TEST_STEP][PASSED] - delay(1): Delayed 1 second(s)

2022-06-09 19:10:43 - [MESSAGE][PASSED] - Delayed 1 second(s)

2022-06-09 19:10:43 - [TEST_STEP][PASSED] - click(findTestObject("1. Constant/xpath", ["xpath":"//*[@id="BtnrefusalButton"]"])): Object: 'Object Repository/1. Constant/xpath' is clicked on

2022-06-09 19:10:43 - [MESSAGE][PASSED] - Object: 'Object Repository/1. Constant/xpath' is clicked on

2022-06-09 19:10:43 - [TEST_STEP][PASSED] - delay(1): Delayed 1 second(s)

2022-06-09 19:10:44 - [MESSAGE][PASSED] - Delayed 1 second(s)

2022-06-09 19:10:44 - [TEST_STEP][PASSED] - click(findTestObject("1. Constant/xpath", ["xpath":"//*[@id="disable_rejectionButton"]"])): Object: 'Object Repository/1. Constant/xpath' is clicked on

2022-06-09 19:10:49 - [MESSAGE][PASSED] - Object: 'Object Repository/1. Constant/xpath' is clicked on

2022-06-09 19:10:49 - [TEST_STEP][PASSED] - delay(1): Delayed 1 second(s)

2022-06-09 19:10:50 - [MESSAGE][PASSED] - Delayed 1 second(s)

2022-06-09 19:10:50 - [TEST_STEP][PASSED] - taskno_22 = I.Get_Task_No("//*[@id="kt_header"]/div/div[2]/div[1]/div[1]/span"): Text of object 'Object Repository/1. Constant/xpath' is: '40'

2022-06-09 19:10:50 - [MESSAGE][PASSED] - Text of object 'Object Repository/1. Constant/xpath' is: '40'

2022-06-09 19:10:50 - [TEST_STEP][PASSED] - verifyEqual(taskno_11 - 1, taskno_22): Actual object '40' and expected object '40' are equal

2022-06-09 19:10:50 - [MESSAGE][PASSED] - Actual object '40' and expected object '40' are equal

2022-06-09 19:10:50 - [TEST_STEP][PASSED] - I.Logout(): Delayed 3 second(s)

2022-06-09 19:10:53 - [MESSAGE][PASSED] - Delayed 3 second(s)

2022-06-09 19:10:54 - [MESSAGE][PASSED] - Object: 'Object Repository/1. Constant/xpath' is clicked on

2022-06-09 19:10:57 - [MESSAGE][PASSED] - Delayed 3 second(s)

2022-06-09 19:10:59 - [MESSAGE][PASSED] - Object: 'Object Repository/1. Constant/xpath' is clicked on

2022-06-09 19:11:02 - [MESSAGE][PASSED] - Delayed 3 second(s)

2022-06-09 19:11:02 - [TEST_STEP][PASSED] - I.Login_password("agarciasanchez", password_agarciasanchez): Object: 'Object Repository/1. Constant/xpath' is clicked on

2022-06-09 19:11:02 - [MESSAGE][PASSED] - Text 'agarciasanchez' is set on object 'Object Repository/1. Constant/xpath'

2022-06-09 19:11:03 - [MESSAGE][PASSED] - Delayed 1 second(s)

2022-06-09 19:11:03 - [MESSAGE][PASSED] - Text 'dchi' is set on object 'Object Repository/1. Constant/xpath'

2022-06-09 19:11:04 - [MESSAGE][PASSED] - Delayed 1 second(s)

2022-06-09 19:11:07 - [MESSAGE][PASSED] - Object: 'Object Repository/1. Constant/xpath' is clicked on

2022-06-09 19:11:07 - [TEST_STEP][PASSED] - takeScreenshot(): Taking screenshot successfully

2022-06-09 19:11:08 - [MESSAGE][PASSED] - Taking screenshot successfully
[[ATTACHMENT|D:\\Projet Test Auto\\Mediabox Test Automation\\Reports\\20220609_181011\\03. Parallel Testing (Testing)\\TS -PT PART 3\\03. StarPack Full Lifecycle_SAS_Task\\20220609_181034\\1654794667751.png]]

2022-06-09 19:11:08 - [TEST_STEP][PASSED] - task_no3 = I.Get_Task_No("//*[@id="kt_header"]/div/div[2]/div[1]/div[1]/span"): Text of object 'Object Repository/1. Constant/xpath' is: '34'

2022-06-09 19:11:08 - [MESSAGE][PASSED] - Text of object 'Object Repository/1. Constant/xpath' is: '34'

2022-06-09 19:11:08 - [TEST_STEP][PASSED] - I.Logout(): Delayed 3 second(s)

2022-06-09 19:11:11 - [MESSAGE][PASSED] - Delayed 3 second(s)

2022-06-09 19:11:11 - [MESSAGE][PASSED] - Object: 'Object Repository/1. Constant/xpath' is clicked on

2022-06-09 19:11:14 - [MESSAGE][PASSED] - Delayed 3 second(s)

2022-06-09 19:11:16 - [MESSAGE][PASSED] - Object: 'Object Repository/1. Constant/xpath' is clicked on

2022-06-09 19:11:19 - [MESSAGE][PASSED] - Delayed 3 second(s)

2022-06-09 19:11:19 - [TEST_STEP][PASSED] - I.Login_password("suser", password_suser): Object: 'Object Repository/1. Constant/xpath' is clicked on

2022-06-09 19:11:19 - [MESSAGE][PASSED] - Text 'suser' is set on object 'Object Repository/1. Constant/xpath'

2022-06-09 19:11:20 - [MESSAGE][PASSED] - Delayed 1 second(s)

2022-06-09 19:11:20 - [MESSAGE][PASSED] - Text 'dchi2' is set on object 'Object Repository/1. Constant/xpath'

2022-06-09 19:11:21 - [MESSAGE][PASSED] - Delayed 1 second(s)

2022-06-09 19:11:24 - [MESSAGE][PASSED] - Object: 'Object Repository/1. Constant/xpath' is clicked on

2022-06-09 19:11:24 - [TEST_STEP][PASSED] - takeScreenshot(): Taking screenshot successfully

2022-06-09 19:11:24 - [MESSAGE][PASSED] - Taking screenshot successfully
[[ATTACHMENT|D:\\Projet Test Auto\\Mediabox Test Automation\\Reports\\20220609_181011\\03. Parallel Testing (Testing)\\TS -PT PART 3\\03. StarPack Full Lifecycle_SAS_Task\\20220609_181034\\1654794684346.png]]

2022-06-09 19:11:24 - [TEST_STEP][PASSED] - click(findTestObject("1. Constant/02_LHSMenu_Projects")): Object: 'Object Repository/1. Constant/02_LHSMenu_Projects' is clicked on

2022-06-09 19:11:27 - [MESSAGE][PASSED] - Object: 'Object Repository/1. Constant/02_LHSMenu_Projects' is clicked on

2022-06-09 19:11:27 - [TEST_STEP][PASSED] - I.SearchProjectNo(Project_No, findTestObject("HL Full Lifecycle/9 Filter_Button_Apply")): Delayed 5 second(s)

2022-06-09 19:11:28 - [MESSAGE][PASSED] - Text 'MI001275' is set on object 'Object Repository/1. Constant/xpath'

2022-06-09 19:11:31 - [MESSAGE][PASSED] - Delayed 3 second(s)

2022-06-09 19:11:34 - [MESSAGE][PASSED] - Object: 'Object Repository/HL Full Lifecycle/9 Filter_Button_Apply' is clicked on

2022-06-09 19:11:39 - [MESSAGE][PASSED] - Delayed 5 second(s)

2022-06-09 19:11:39 - [TEST_STEP][PASSED] - color2 = getCSSValue(findTestObject("Object Repository/StarPack - Full Lifecycle (AWIS)/4.012 Supploer proceed to next phase (PS)", ["refID":"source_" + refID_TD]), "color", OPTIONAL): Get CSS 'color' value on 'Object Repository/StarPack - Full Lifecycle (AWIS)/4.012 Supploer proceed to next phase (PS)' successfully: 'rgba(255, 255, 255, 1)'.

2022-06-09 19:11:41 - [MESSAGE][PASSED] - Get CSS 'color' value on 'Object Repository/StarPack - Full Lifecycle (AWIS)/4.012 Supploer proceed to next phase (PS)' successfully: 'rgba(255, 255, 255, 1)'.

2022-06-09 19:11:41 - [TEST_STEP][PASSED] - I.print(color2): null

2022-06-09 19:11:41 - [TEST_STEP][PASSED] - while (color2 == "rgba(255, 255, 255, 1)"): null

2022-06-09 19:11:41 - [TEST_STEP][PASSED] - click(findTestObject("Object Repository/StarPack - Full Lifecycle (AWIS)/4.012 Supploer proceed to next phase (PS)", ["refID":"source_" + refID_TD])): Object: 'Object Repository/StarPack - Full Lifecycle (AWIS)/4.012 Supploer proceed to next phase (PS)' is clicked on

2022-06-09 19:11:43 - [MESSAGE][PASSED] - Object: 'Object Repository/StarPack - Full Lifecycle (AWIS)/4.012 Supploer proceed to next phase (PS)' is clicked on

2022-06-09 19:11:43 - [TEST_STEP][PASSED] - takeScreenshot(): Taking screenshot successfully

2022-06-09 19:11:43 - [MESSAGE][PASSED] - Taking screenshot successfully
[[ATTACHMENT|D:\\Projet Test Auto\\Mediabox Test Automation\\Reports\\20220609_181011\\03. Parallel Testing (Testing)\\TS -PT PART 3\\03. StarPack Full Lifecycle_SAS_Task\\20220609_181034\\1654794703431.png]]

2022-06-09 19:11:43 - [TEST_STEP][PASSED] - I.UploadDoc_sendkey_Prod(findTestObject("1. Constant/xpath", ["xpath":"//*[@id="kt_body"]/input[2]"]), "D:\Upoad_File\Upload doc\testdataaddition1.jpg", "testdataaddition1.jpg"): Delayed 5 second(s)

2022-06-09 19:11:43 - [MESSAGE][PASSED] - Scroll to object 'Object Repository/1. Constant/xpath' successfully

2022-06-09 19:11:48 - [MESSAGE][PASSED] - Delayed 5 second(s)

2022-06-09 19:11:48 - [MESSAGE][PASSED] - File 'D:\Upoad_File\Upload doc\testdataaddition1.jpg' sent to object: 'Object Repository/1. Constant/xpath'

2022-06-09 19:11:53 - [MESSAGE][PASSED] - Delayed 5 second(s)

2022-06-09 19:11:54 - [MESSAGE][PASSED] - Text 'testdataaddition1.jpg' is present on page 

2022-06-09 19:11:59 - [MESSAGE][PASSED] - Delayed 5 second(s)

2022-06-09 19:12:04 - [MESSAGE][PASSED] - Delayed 5 second(s)

2022-06-09 19:12:04 - [TEST_STEP][PASSED] - takeScreenshot(): Taking screenshot successfully

2022-06-09 19:12:04 - [MESSAGE][PASSED] - Taking screenshot successfully
[[ATTACHMENT|D:\\Projet Test Auto\\Mediabox Test Automation\\Reports\\20220609_181011\\03. Parallel Testing (Testing)\\TS -PT PART 3\\03. StarPack Full Lifecycle_SAS_Task\\20220609_181034\\1654794724315.png]]

2022-06-09 19:12:04 - [TEST_STEP][PASSED] - delay(10): Delayed 10 second(s)

2022-06-09 19:12:14 - [MESSAGE][PASSED] - Delayed 10 second(s)

2022-06-09 19:12:14 - [TEST_STEP][PASSED] - selectOptionByValue(findTestObject("1. Constant/xpath", ["xpath":"//*[@id="var_27"]"]), "645", false): All options with value '645' are selected in object 'Object Repository/1. Constant/xpath' 

2022-06-09 19:12:14 - [MESSAGE][PASSED] - All options with value '645' are selected in object 'Object Repository/1. Constant/xpath' 

2022-06-09 19:12:14 - [TEST_STEP][PASSED] - I.click_button_javascript(findTestObject("Object Repository/HL Full Lifecycle/12 ReferncePage_Button_Updatensenddoc")): Execute JavaScript 'arguments[0].click()' successfully

2022-06-09 19:12:21 - [MESSAGE][PASSED] - Execute JavaScript 'arguments[0].click()' successfully

2022-06-09 19:12:21 - [TEST_STEP][PASSED] - delay(5): Delayed 5 second(s)

2022-06-09 19:12:26 - [MESSAGE][PASSED] - Delayed 5 second(s)

2022-06-09 19:12:26 - [TEST_STEP][PASSED] - if (verifyElementPresent(findTestObject("Object Repository/StarPack - Full Lifecycle (AWIS)/4.012 Supploer proceed to next phase (PS)", ["refID":"source_" + refID_TD]), 10, OPTIONAL)): com.kms.katalon.core.webui.exception.WebElementNotFoundException: Web element with id: 'Object Repository/StarPack - Full Lifecycle (AWIS)/4.012 Supploer proceed to next phase (PS)' located by '//*[@id='source_6384']/td[9]/a[2]' not found (Root cause: com.kms.katalon.core.exception.StepFailedException: com.kms.katalon.core.webui.exception.WebElementNotFoundException: Web element with id: 'Object Repository/StarPack - Full Lifecycle (AWIS)/4.012 Supploer proceed to next phase (PS)' located by '//*[@id='source_6384']/td[9]/a[2]' not found
	at com.kms.katalon.core.webui.keyword.internal.WebUIKeywordMain.stepFailed(WebUIKeywordMain.groovy:64)
	at com.kms.katalon.core.webui.keyword.builtin.VerifyElementPresentKeyword$_verifyElementPresent_closure1.doCall(VerifyElementPresentKeyword.groovy:85)
	at com.kms.katalon.core.webui.keyword.builtin.VerifyElementPresentKeyword$_verifyElementPresent_closure1.call(VerifyElementPresentKeyword.groovy)
	at com.kms.katalon.core.webui.keyword.internal.WebUIKeywordMain.runKeyword(WebUIKeywordMain.groovy:20)
	at com.kms.katalon.core.webui.keyword.builtin.VerifyElementPresentKeyword.verifyElementPresent(VerifyElementPresentKeyword.groovy:92)
	at com.kms.katalon.core.webui.keyword.builtin.VerifyElementPresentKeyword.execute(VerifyElementPresentKeyword.groovy:68)
	at com.kms.katalon.core.keyword.internal.KeywordExecutor.executeKeywordForPlatform(KeywordExecutor.groovy:74)
	at com.kms.katalon.core.webui.keyword.WebUiBuiltInKeywords.verifyElementPresent(WebUiBuiltInKeywords.groovy:1448)
	at com.kms.katalon.core.webui.keyword.WebUiBuiltInKeywords$verifyElementPresent$18.call(Unknown Source)
	at 18.05 StarPack change of rights (Prod)_Ticket4757.run(18.05 StarPack change of rights (Prod)_Ticket4757:542)
	at com.kms.katalon.core.main.ScriptEngine.run(ScriptEngine.java:194)
	at com.kms.katalon.core.main.ScriptEngine.runScriptAsRawText(ScriptEngine.java:119)
	at com.kms.katalon.core.main.TestCaseExecutor.runScript(TestCaseExecutor.java:445)
	at com.kms.katalon.core.main.TestCaseExecutor.doExecute(TestCaseExecutor.java:436)
	at com.kms.katalon.core.main.TestCaseExecutor.processExecutionPhase(TestCaseExecutor.java:415)
	at com.kms.katalon.core.main.TestCaseExecutor.accessMainPhase(TestCaseExecutor.java:407)
	at com.kms.katalon.core.main.TestCaseExecutor.execute(TestCaseExecutor.java:284)
	at com.kms.katalon.core.common.CommonExecutor.accessTestCaseMainPhase(CommonExecutor.java:65)
	at com.kms.katalon.core.main.TestSuiteExecutor.accessTestSuiteMainPhase(TestSuiteExecutor.java:144)
	at com.kms.katalon.core.main.TestSuiteExecutor.execute(TestSuiteExecutor.java:106)
	at com.kms.katalon.core.main.TestCaseMain.startTestSuite(TestCaseMain.java:185)
	at com.kms.katalon.core.main.TestCaseMain$startTestSuite$0.call(Unknown Source)
	at TempTestSuite1654791034173.run(TempTestSuite1654791034173.groovy:36)
)

2022-06-09 19:12:37 - [MESSAGE][INFO] - Unable to find the element located by 'By.xpath: //*[@id='source_6384']/td[9]/a[2]'. Please recheck the objects properties to make sure the desired element is located. 

2022-06-09 19:12:38 - [MESSAGE][WARNING] - com.kms.katalon.core.webui.exception.WebElementNotFoundException: Web element with id: 'Object Repository/StarPack - Full Lifecycle (AWIS)/4.012 Supploer proceed to next phase (PS)' located by '//*[@id='source_6384']/td[9]/a[2]' not found (Root cause: com.kms.katalon.core.exception.StepFailedException: com.kms.katalon.core.webui.exception.WebElementNotFoundException: Web element with id: 'Object Repository/StarPack - Full Lifecycle (AWIS)/4.012 Supploer proceed to next phase (PS)' located by '//*[@id='source_6384']/td[9]/a[2]' not found
	at com.kms.katalon.core.webui.keyword.internal.WebUIKeywordMain.stepFailed(WebUIKeywordMain.groovy:64)
	at com.kms.katalon.core.webui.keyword.builtin.VerifyElementPresentKeyword$_verifyElementPresent_closure1.doCall(VerifyElementPresentKeyword.groovy:85)
	at com.kms.katalon.core.webui.keyword.builtin.VerifyElementPresentKeyword$_verifyElementPresent_closure1.call(VerifyElementPresentKeyword.groovy)
	at com.kms.katalon.core.webui.keyword.internal.WebUIKeywordMain.runKeyword(WebUIKeywordMain.groovy:20)
	at com.kms.katalon.core.webui.keyword.builtin.VerifyElementPresentKeyword.verifyElementPresent(VerifyElementPresentKeyword.groovy:92)
	at com.kms.katalon.core.webui.keyword.builtin.VerifyElementPresentKeyword.execute(VerifyElementPresentKeyword.groovy:68)
	at com.kms.katalon.core.keyword.internal.KeywordExecutor.executeKeywordForPlatform(KeywordExecutor.groovy:74)
	at com.kms.katalon.core.webui.keyword.WebUiBuiltInKeywords.verifyElementPresent(WebUiBuiltInKeywords.groovy:1448)
	at com.kms.katalon.core.webui.keyword.WebUiBuiltInKeywords$verifyElementPresent$18.call(Unknown Source)
	at 18.05 StarPack change of rights (Prod)_Ticket4757.run(18.05 StarPack change of rights (Prod)_Ticket4757:542)
	at com.kms.katalon.core.main.ScriptEngine.run(ScriptEngine.java:194)
	at com.kms.katalon.core.main.ScriptEngine.runScriptAsRawText(ScriptEngine.java:119)
	at com.kms.katalon.core.main.TestCaseExecutor.runScript(TestCaseExecutor.java:445)
	at com.kms.katalon.core.main.TestCaseExecutor.doExecute(TestCaseExecutor.java:436)
	at com.kms.katalon.core.main.TestCaseExecutor.processExecutionPhase(TestCaseExecutor.java:415)
	at com.kms.katalon.core.main.TestCaseExecutor.accessMainPhase(TestCaseExecutor.java:407)
	at com.kms.katalon.core.main.TestCaseExecutor.execute(TestCaseExecutor.java:284)
	at com.kms.katalon.core.common.CommonExecutor.accessTestCaseMainPhase(CommonExecutor.java:65)
	at com.kms.katalon.core.main.TestSuiteExecutor.accessTestSuiteMainPhase(TestSuiteExecutor.java:144)
	at com.kms.katalon.core.main.TestSuiteExecutor.execute(TestSuiteExecutor.java:106)
	at com.kms.katalon.core.main.TestCaseMain.startTestSuite(TestCaseMain.java:185)
	at com.kms.katalon.core.main.TestCaseMain$startTestSuite$0.call(Unknown Source)
	at TempTestSuite1654791034173.run(TempTestSuite1654791034173.groovy:36)
)
[[ATTACHMENT|D:\\Projet Test Auto\\Mediabox Test Automation\\Reports\\20220609_181011\\03. Parallel Testing (Testing)\\TS -PT PART 3\\03. StarPack Full Lifecycle_SAS_Task\\20220609_181034\\1654794757844.png]]

2022-06-09 19:12:38 - [TEST_STEP][PASSED] - else: null

2022-06-09 19:12:38 - [TEST_STEP][PASSED] - color2 = "white": null

2022-06-09 19:12:38 - [TEST_STEP][PASSED] - I.Logout(): Delayed 3 second(s)

2022-06-09 19:12:41 - [MESSAGE][PASSED] - Delayed 3 second(s)

2022-06-09 19:12:41 - [MESSAGE][PASSED] - Object: 'Object Repository/1. Constant/xpath' is clicked on

2022-06-09 19:12:44 - [MESSAGE][PASSED] - Delayed 3 second(s)

2022-06-09 19:12:46 - [MESSAGE][PASSED] - Object: 'Object Repository/1. Constant/xpath' is clicked on

2022-06-09 19:12:49 - [MESSAGE][PASSED] - Delayed 3 second(s)

2022-06-09 19:12:49 - [TEST_STEP][PASSED] - I.Login_password("agarciasanchez", password_agarciasanchez): Object: 'Object Repository/1. Constant/xpath' is clicked on

2022-06-09 19:12:49 - [MESSAGE][PASSED] - Text 'agarciasanchez' is set on object 'Object Repository/1. Constant/xpath'

2022-06-09 19:12:50 - [MESSAGE][PASSED] - Delayed 1 second(s)

2022-06-09 19:12:52 - [MESSAGE][PASSED] - Text 'dchi' is set on object 'Object Repository/1. Constant/xpath'

2022-06-09 19:12:53 - [MESSAGE][PASSED] - Delayed 1 second(s)

2022-06-09 19:12:58 - [MESSAGE][PASSED] - Object: 'Object Repository/1. Constant/xpath' is clicked on

2022-06-09 19:12:58 - [TEST_STEP][PASSED] - takeScreenshot(): Taking screenshot successfully

2022-06-09 19:12:58 - [MESSAGE][PASSED] - Taking screenshot successfully
[[ATTACHMENT|D:\\Projet Test Auto\\Mediabox Test Automation\\Reports\\20220609_181011\\03. Parallel Testing (Testing)\\TS -PT PART 3\\03. StarPack Full Lifecycle_SAS_Task\\20220609_181034\\1654794778335.png]]

2022-06-09 19:12:58 - [TEST_STEP][PASSED] - task_no4 = I.Get_Task_No("//*[@id="kt_header"]/div/div[2]/div[1]/div[1]/span"): Text of object 'Object Repository/1. Constant/xpath' is: '35'

2022-06-09 19:12:59 - [MESSAGE][PASSED] - Text of object 'Object Repository/1. Constant/xpath' is: '35'

2022-06-09 19:12:59 - [TEST_STEP][PASSED] - verifyEqual(task_no3, task_no4 - 1): Actual object '34' and expected object '34' are equal

2022-06-09 19:12:59 - [MESSAGE][PASSED] - Actual object '34' and expected object '34' are equal

2022-06-09 19:12:59 - [TEST_STEP][PASSED] - click(findTestObject("1. Constant/xpath", ["xpath":"//*[@id="kt_header"]/div/div[2]/div[1]/div[1]/div"])): Object: 'Object Repository/1. Constant/xpath' is clicked on

2022-06-09 19:12:59 - [MESSAGE][PASSED] - Object: 'Object Repository/1. Constant/xpath' is clicked on

2022-06-09 19:12:59 - [TEST_STEP][PASSED] - delay(1): Delayed 1 second(s)

2022-06-09 19:13:00 - [MESSAGE][PASSED] - Delayed 1 second(s)

2022-06-09 19:13:00 - [TEST_STEP][PASSED] - click(findTestObject("1. Constant/xpath", ["xpath":"//*[@id="kt_header"]/div/div[2]/div[1]/div[2]/form/div[3]/a"])): Object: 'Object Repository/1. Constant/xpath' is clicked on

2022-06-09 19:13:04 - [MESSAGE][PASSED] - Object: 'Object Repository/1. Constant/xpath' is clicked on

2022-06-09 19:13:04 - [TEST_STEP][PASSED] - delay(1): Delayed 1 second(s)

2022-06-09 19:13:05 - [MESSAGE][PASSED] - Delayed 1 second(s)

2022-06-09 19:13:05 - [TEST_STEP][PASSED] - selectOptionByValue(findTestObject("1. Constant/xpath", ["xpath":"//*[@id="kt_content"]/div[3]/div/div/div[1]/div[1]/div/form/select"]), "250", false): All options with value '250' are selected in object 'Object Repository/1. Constant/xpath' 

2022-06-09 19:13:05 - [MESSAGE][PASSED] - All options with value '250' are selected in object 'Object Repository/1. Constant/xpath' 

2022-06-09 19:13:05 - [TEST_STEP][PASSED] - delay(1): Delayed 1 second(s)

2022-06-09 19:13:06 - [MESSAGE][PASSED] - Delayed 1 second(s)

2022-06-09 19:13:06 - [TEST_STEP][PASSED] - m = 1: null

2022-06-09 19:13:06 - [TEST_STEP][PASSED] - while (m <= task_no4): null

2022-06-09 19:13:06 - [TEST_STEP][PASSED] - result = getText(findTestObject("1. Constant/xpath", ["xpath":"/html/body/div[1]/div[2]/div[8]/div[3]/div/div/div[2]/div/table/tbody/tr[" + m + "]/td[1]/a"]), OPTIONAL): Text of object 'Object Repository/1. Constant/xpath' is: 'Mark final printed sample reception date: 112529_ACEIT OLIV VIRG EXTR DIA 1L_0077754_ACEITES DEL SUR COOSUR,S.A - 2021_LA ALMAZARA DEL OLIVAR_OLIVE OIL (labels) - MI000096'

2022-06-09 19:13:06 - [MESSAGE][PASSED] - Text of object 'Object Repository/1. Constant/xpath' is: 'Mark final printed sample reception date: 112529_ACEIT OLIV VIRG EXTR DIA 1L_0077754_ACEITES DEL SUR COOSUR,S.A - 2021_LA ALMAZARA DEL OLIVAR_OLIVE OIL (labels) - MI000096'

2022-06-09 19:13:06 - [TEST_STEP][PASSED] - if (result.contains(Project_No)): null

2022-06-09 19:13:06 - [TEST_STEP][PASSED] - else: null

2022-06-09 19:13:06 - [TEST_STEP][PASSED] - m = m + 1: null

2022-06-09 19:13:06 - [TEST_STEP][PASSED] - if (m > taskno_11): null

2022-06-09 19:13:06 - [TEST_STEP][PASSED] - result = getText(findTestObject("1. Constant/xpath", ["xpath":"/html/body/div[1]/div[2]/div[8]/div[3]/div/div/div[2]/div/table/tbody/tr[" + m + "]/td[1]/a"]), OPTIONAL): Text of object 'Object Repository/1. Constant/xpath' is: 'Mark final printed sample reception date: 000104_ACEITE OLIVA 0,4º DIA 1 L_0077586_SOVENA ESPAÑA, SAU - 2021_LA ALMAZARA DEL OLIVAR_OLIVE OIL (labels) - MI000096'

2022-06-09 19:13:06 - [MESSAGE][PASSED] - Text of object 'Object Repository/1. Constant/xpath' is: 'Mark final printed sample reception date: 000104_ACEITE OLIVA 0,4º DIA 1 L_0077586_SOVENA ESPAÑA, SAU - 2021_LA ALMAZARA DEL OLIVAR_OLIVE OIL (labels) - MI000096'

2022-06-09 19:13:06 - [TEST_STEP][PASSED] - if (result.contains(Project_No)): null

2022-06-09 19:13:06 - [TEST_STEP][PASSED] - else: null

2022-06-09 19:13:06 - [TEST_STEP][PASSED] - m = m + 1: null

2022-06-09 19:13:06 - [TEST_STEP][PASSED] - if (m > taskno_11): null

2022-06-09 19:13:06 - [TEST_STEP][PASSED] - result = getText(findTestObject("1. Constant/xpath", ["xpath":"/html/body/div[1]/div[2]/div[8]/div[3]/div/div/div[2]/div/table/tbody/tr[" + m + "]/td[1]/a"]), OPTIONAL): Text of object 'Object Repository/1. Constant/xpath' is: 'Mark final printed sample reception date: 000105_ACEITE OLIVA DIA 1º DIA 1 L_0077586_SOVENA ESPAÑA, SAU - 2021_LA ALMAZARA DEL OLIVAR_OLIVE OIL (labels) - MI000096'

2022-06-09 19:13:07 - [MESSAGE][PASSED] - Text of object 'Object Repository/1. Constant/xpath' is: 'Mark final printed sample reception date: 000105_ACEITE OLIVA DIA 1º DIA 1 L_0077586_SOVENA ESPAÑA, SAU - 2021_LA ALMAZARA DEL OLIVAR_OLIVE OIL (labels) - MI000096'

2022-06-09 19:13:07 - [TEST_STEP][PASSED] - if (result.contains(Project_No)): null

2022-06-09 19:13:07 - [TEST_STEP][PASSED] - else: null

2022-06-09 19:13:07 - [TEST_STEP][PASSED] - m = m + 1: null

2022-06-09 19:13:07 - [TEST_STEP][PASSED] - if (m > taskno_11): null

2022-06-09 19:13:07 - [TEST_STEP][PASSED] - result = getText(findTestObject("1. Constant/xpath", ["xpath":"/html/body/div[1]/div[2]/div[8]/div[3]/div/div/div[2]/div/table/tbody/tr[" + m + "]/td[1]/a"]), OPTIONAL): Text of object 'Object Repository/1. Constant/xpath' is: 'Mark final printed sample reception date: 107364_ACEITE OLIVA 1º DIA 5LT_0077586_SOVENA ESPAÑA, SAU - 2021_LA ALMAZARA DEL OLIVAR_OLIVE OIL (labels) - MI000096'

2022-06-09 19:13:09 - [MESSAGE][PASSED] - Text of object 'Object Repository/1. Constant/xpath' is: 'Mark final printed sample reception date: 107364_ACEITE OLIVA 1º DIA 5LT_0077586_SOVENA ESPAÑA, SAU - 2021_LA ALMAZARA DEL OLIVAR_OLIVE OIL (labels) - MI000096'

2022-06-09 19:13:09 - [TEST_STEP][PASSED] - if (result.contains(Project_No)): null

2022-06-09 19:13:09 - [TEST_STEP][PASSED] - else: null

2022-06-09 19:13:09 - [TEST_STEP][PASSED] - m = m + 1: null

2022-06-09 19:13:09 - [TEST_STEP][PASSED] - if (m > taskno_11): null

2022-06-09 19:13:09 - [TEST_STEP][PASSED] - result = getText(findTestObject("1. Constant/xpath", ["xpath":"/html/body/div[1]/div[2]/div[8]/div[3]/div/div/div[2]/div/table/tbody/tr[" + m + "]/td[1]/a"]), OPTIONAL): Text of object 'Object Repository/1. Constant/xpath' is: 'Mark final printed sample reception date: 026995_AGUA MINERAL NATURAL OVIDA 1,5LT_0077097_EUROINVERSIONES AGUAS DE SOUSAS SLU - WATER_2021 - MI000264'

2022-06-09 19:13:09 - [MESSAGE][PASSED] - Text of object 'Object Repository/1. Constant/xpath' is: 'Mark final printed sample reception date: 026995_AGUA MINERAL NATURAL OVIDA 1,5LT_0077097_EUROINVERSIONES AGUAS DE SOUSAS SLU - WATER_2021 - MI000264'

2022-06-09 19:13:09 - [TEST_STEP][PASSED] - if (result.contains(Project_No)): null

2022-06-09 19:13:09 - [TEST_STEP][PASSED] - else: null

2022-06-09 19:13:09 - [TEST_STEP][PASSED] - m = m + 1: null

2022-06-09 19:13:09 - [TEST_STEP][PASSED] - if (m > taskno_11): null

2022-06-09 19:13:09 - [TEST_STEP][PASSED] - result = getText(findTestObject("1. Constant/xpath", ["xpath":"/html/body/div[1]/div[2]/div[8]/div[3]/div/div/div[2]/div/table/tbody/tr[" + m + "]/td[1]/a"]), OPTIONAL): Text of object 'Object Repository/1. Constant/xpath' is: 'Mark final printed sample reception date: 026996_AGUA MINERAL NATURAL OVIDA 5 L_0077097_EUROINVERSIONES AGUAS DE SOUSAS SLU - WATER_2021 - MI000264'

2022-06-09 19:13:09 - [MESSAGE][PASSED] - Text of object 'Object Repository/1. Constant/xpath' is: 'Mark final printed sample reception date: 026996_AGUA MINERAL NATURAL OVIDA 5 L_0077097_EUROINVERSIONES AGUAS DE SOUSAS SLU - WATER_2021 - MI000264'

2022-06-09 19:13:09 - [TEST_STEP][PASSED] - if (result.contains(Project_No)): null

2022-06-09 19:13:09 - [TEST_STEP][PASSED] - else: null

2022-06-09 19:13:09 - [TEST_STEP][PASSED] - m = m + 1: null

2022-06-09 19:13:09 - [TEST_STEP][PASSED] - if (m > taskno_11): null

2022-06-09 19:13:09 - [TEST_STEP][PASSED] - result = getText(findTestObject("1. Constant/xpath", ["xpath":"/html/body/div[1]/div[2]/div[8]/div[3]/div/div/div[2]/div/table/tbody/tr[" + m + "]/td[1]/a"]), OPTIONAL): Text of object 'Object Repository/1. Constant/xpath' is: 'Mark final printed sample reception date: 037776_AGUA MINER NATUR S/G OVIDA 50CL_0077097_EUROINVERSIONES AGUAS DE SOUSAS SLU - WATER_2021 - MI000264'

2022-06-09 19:13:09 - [MESSAGE][PASSED] - Text of object 'Object Repository/1. Constant/xpath' is: 'Mark final printed sample reception date: 037776_AGUA MINER NATUR S/G OVIDA 50CL_0077097_EUROINVERSIONES AGUAS DE SOUSAS SLU - WATER_2021 - MI000264'

2022-06-09 19:13:09 - [TEST_STEP][PASSED] - if (result.contains(Project_No)): null

2022-06-09 19:13:09 - [TEST_STEP][PASSED] - else: null

2022-06-09 19:13:09 - [TEST_STEP][PASSED] - m = m + 1: null

2022-06-09 19:13:09 - [TEST_STEP][PASSED] - if (m > taskno_11): null

2022-06-09 19:13:09 - [TEST_STEP][PASSED] - result = getText(findTestObject("1. Constant/xpath", ["xpath":"/html/body/div[1]/div[2]/div[8]/div[3]/div/div/div[2]/div/table/tbody/tr[" + m + "]/td[1]/a"]), OPTIONAL): Text of object 'Object Repository/1. Constant/xpath' is: 'Mark final printed sample reception date: 026995_AGUA MINERAL NATURAL OVIDA 1,5LT_0075436_MANANTIALES DEL PIEDRA S.A. - WATER_2021 - MI000264'

2022-06-09 19:13:10 - [MESSAGE][PASSED] - Text of object 'Object Repository/1. Constant/xpath' is: 'Mark final printed sample reception date: 026995_AGUA MINERAL NATURAL OVIDA 1,5LT_0075436_MANANTIALES DEL PIEDRA S.A. - WATER_2021 - MI000264'

2022-06-09 19:13:10 - [TEST_STEP][PASSED] - if (result.contains(Project_No)): null

2022-06-09 19:13:10 - [TEST_STEP][PASSED] - else: null

2022-06-09 19:13:10 - [TEST_STEP][PASSED] - m = m + 1: null

2022-06-09 19:13:10 - [TEST_STEP][PASSED] - if (m > taskno_11): null

2022-06-09 19:13:10 - [TEST_STEP][PASSED] - result = getText(findTestObject("1. Constant/xpath", ["xpath":"/html/body/div[1]/div[2]/div[8]/div[3]/div/div/div[2]/div/table/tbody/tr[" + m + "]/td[1]/a"]), OPTIONAL): Text of object 'Object Repository/1. Constant/xpath' is: 'Mark final printed sample reception date: 026996_AGUA MINERAL NATURAL OVIDA 5 L_0075436_MANANTIALES DEL PIEDRA S.A. - WATER_2021 - MI000264'

2022-06-09 19:13:10 - [MESSAGE][PASSED] - Text of object 'Object Repository/1. Constant/xpath' is: 'Mark final printed sample reception date: 026996_AGUA MINERAL NATURAL OVIDA 5 L_0075436_MANANTIALES DEL PIEDRA S.A. - WATER_2021 - MI000264'

2022-06-09 19:13:10 - [TEST_STEP][PASSED] - if (result.contains(Project_No)): null

2022-06-09 19:13:10 - [TEST_STEP][PASSED] - else: null

2022-06-09 19:13:10 - [TEST_STEP][PASSED] - m = m + 1: null

2022-06-09 19:13:10 - [TEST_STEP][PASSED] - if (m > taskno_11): null

2022-06-09 19:13:10 - [TEST_STEP][PASSED] - result = getText(findTestObject("1. Constant/xpath", ["xpath":"/html/body/div[1]/div[2]/div[8]/div[3]/div/div/div[2]/div/table/tbody/tr[" + m + "]/td[1]/a"]), OPTIONAL): Text of object 'Object Repository/1. Constant/xpath' is: 'Mark final printed sample reception date: 038657_AGUA MINERAL NATURAL OVIDA 8 L_0075436_MANANTIALES DEL PIEDRA S.A. - WATER_2021 - MI000264'

2022-06-09 19:13:10 - [MESSAGE][PASSED] - Text of object 'Object Repository/1. Constant/xpath' is: 'Mark final printed sample reception date: 038657_AGUA MINERAL NATURAL OVIDA 8 L_0075436_MANANTIALES DEL PIEDRA S.A. - WATER_2021 - MI000264'

2022-06-09 19:13:10 - [TEST_STEP][PASSED] - if (result.contains(Project_No)): null

2022-06-09 19:13:10 - [TEST_STEP][PASSED] - else: null

2022-06-09 19:13:10 - [TEST_STEP][PASSED] - m = m + 1: null

2022-06-09 19:13:10 - [TEST_STEP][PASSED] - if (m > taskno_11): null

2022-06-09 19:13:10 - [TEST_STEP][PASSED] - result = getText(findTestObject("1. Constant/xpath", ["xpath":"/html/body/div[1]/div[2]/div[8]/div[3]/div/div/div[2]/div/table/tbody/tr[" + m + "]/td[1]/a"]), OPTIONAL): Text of object 'Object Repository/1. Constant/xpath' is: 'Require info for PAF: 055428_VINO TIN.C/DENOMINAC COVAD 75CL_0084871_CAVES DA MONTANHA - 2021_VINOS_DOURO_OLD DESIGN - MI000379'

2022-06-09 19:13:10 - [MESSAGE][PASSED] - Text of object 'Object Repository/1. Constant/xpath' is: 'Require info for PAF: 055428_VINO TIN.C/DENOMINAC COVAD 75CL_0084871_CAVES DA MONTANHA - 2021_VINOS_DOURO_OLD DESIGN - MI000379'

2022-06-09 19:13:10 - [TEST_STEP][PASSED] - if (result.contains(Project_No)): null

2022-06-09 19:13:10 - [TEST_STEP][PASSED] - else: null

2022-06-09 19:13:10 - [TEST_STEP][PASSED] - m = m + 1: null

2022-06-09 19:13:10 - [TEST_STEP][PASSED] - if (m > taskno_11): null

2022-06-09 19:13:10 - [TEST_STEP][PASSED] - result = getText(findTestObject("1. Constant/xpath", ["xpath":"/html/body/div[1]/div[2]/div[8]/div[3]/div/div/div[2]/div/table/tbody/tr[" + m + "]/td[1]/a"]), OPTIONAL): Text of object 'Object Repository/1. Constant/xpath' is: 'Require info for PAF: 055429_VINO TINTO RESERVA COVAD 75CL_0084871_CAVES DA MONTANHA - 2021_VINOS_DOURO_OLD DESIGN - MI000379'

2022-06-09 19:13:10 - [MESSAGE][PASSED] - Text of object 'Object Repository/1. Constant/xpath' is: 'Require info for PAF: 055429_VINO TINTO RESERVA COVAD 75CL_0084871_CAVES DA MONTANHA - 2021_VINOS_DOURO_OLD DESIGN - MI000379'

2022-06-09 19:13:10 - [TEST_STEP][PASSED] - if (result.contains(Project_No)): null

2022-06-09 19:13:10 - [TEST_STEP][PASSED] - else: null

2022-06-09 19:13:10 - [TEST_STEP][PASSED] - m = m + 1: null

2022-06-09 19:13:10 - [TEST_STEP][PASSED] - if (m > taskno_11): null

2022-06-09 19:13:10 - [TEST_STEP][PASSED] - result = getText(findTestObject("1. Constant/xpath", ["xpath":"/html/body/div[1]/div[2]/div[8]/div[3]/div/div/div[2]/div/table/tbody/tr[" + m + "]/td[1]/a"]), OPTIONAL): Text of object 'Object Repository/1. Constant/xpath' is: 'Require info for PAF: 099469_VINO BLANCO DOURO COVAD 75CL_0084871_CAVES DA MONTANHA - 2021_VINOS_DOURO_OLD DESIGN - MI000379'

2022-06-09 19:13:11 - [MESSAGE][PASSED] - Text of object 'Object Repository/1. Constant/xpath' is: 'Require info for PAF: 099469_VINO BLANCO DOURO COVAD 75CL_0084871_CAVES DA MONTANHA - 2021_VINOS_DOURO_OLD DESIGN - MI000379'

2022-06-09 19:13:11 - [TEST_STEP][PASSED] - if (result.contains(Project_No)): null

2022-06-09 19:13:11 - [TEST_STEP][PASSED] - else: null

2022-06-09 19:13:11 - [TEST_STEP][PASSED] - m = m + 1: null

2022-06-09 19:13:11 - [TEST_STEP][PASSED] - if (m > taskno_11): null

2022-06-09 19:13:11 - [TEST_STEP][PASSED] - result = getText(findTestObject("1. Constant/xpath", ["xpath":"/html/body/div[1]/div[2]/div[8]/div[3]/div/div/div[2]/div/table/tbody/tr[" + m + "]/td[1]/a"]), OPTIONAL): Text of object 'Object Repository/1. Constant/xpath' is: 'Require info for PAF: 272359_VINO BL ALBARI LIAS GALIC 70CL_0085110_BODEGAS LA VAL, S.L. - VINOS GALLEGOS (MENCÍA, GODELLO, RIBEIRO & ALBARIÑOS)'

2022-06-09 19:13:11 - [MESSAGE][PASSED] - Text of object 'Object Repository/1. Constant/xpath' is: 'Require info for PAF: 272359_VINO BL ALBARI LIAS GALIC 70CL_0085110_BODEGAS LA VAL, S.L. - VINOS GALLEGOS (MENCÍA, GODELLO, RIBEIRO & ALBARIÑOS)'

2022-06-09 19:13:11 - [TEST_STEP][PASSED] - if (result.contains(Project_No)): null

2022-06-09 19:13:11 - [TEST_STEP][PASSED] - else: null

2022-06-09 19:13:11 - [TEST_STEP][PASSED] - m = m + 1: null

2022-06-09 19:13:11 - [TEST_STEP][PASSED] - if (m > taskno_11): null

2022-06-09 19:13:11 - [TEST_STEP][PASSED] - result = getText(findTestObject("1. Constant/xpath", ["xpath":"/html/body/div[1]/div[2]/div[8]/div[3]/div/div/div[2]/div/table/tbody/tr[" + m + "]/td[1]/a"]), OPTIONAL): Text of object 'Object Repository/1. Constant/xpath' is: 'Upload packaging briefing: DETERGENTES - DETERGENTES II'

2022-06-09 19:13:11 - [MESSAGE][PASSED] - Text of object 'Object Repository/1. Constant/xpath' is: 'Upload packaging briefing: DETERGENTES - DETERGENTES II'

2022-06-09 19:13:11 - [TEST_STEP][PASSED] - if (result.contains(Project_No)): null

2022-06-09 19:13:11 - [TEST_STEP][PASSED] - else: null

2022-06-09 19:13:11 - [TEST_STEP][PASSED] - m = m + 1: null

2022-06-09 19:13:11 - [TEST_STEP][PASSED] - if (m > taskno_11): null

2022-06-09 19:13:11 - [TEST_STEP][PASSED] - result = getText(findTestObject("1. Constant/xpath", ["xpath":"/html/body/div[1]/div[2]/div[8]/div[3]/div/div/div[2]/div/table/tbody/tr[" + m + "]/td[1]/a"]), OPTIONAL): Text of object 'Object Repository/1. Constant/xpath' is: 'Mark final printed sample reception date: 269522_VIN TTO CZA R DUERO PREMI 75CL_0085057_BOD.SEÑORIO DE NAVA,S.A. - Vinos DO Ribera del Duero premium - MI000083'

2022-06-09 19:13:12 - [MESSAGE][PASSED] - Text of object 'Object Repository/1. Constant/xpath' is: 'Mark final printed sample reception date: 269522_VIN TTO CZA R DUERO PREMI 75CL_0085057_BOD.SEÑORIO DE NAVA,S.A. - Vinos DO Ribera del Duero premium - MI000083'

2022-06-09 19:13:12 - [TEST_STEP][PASSED] - if (result.contains(Project_No)): null

2022-06-09 19:13:12 - [TEST_STEP][PASSED] - else: null

2022-06-09 19:13:12 - [TEST_STEP][PASSED] - m = m + 1: null

2022-06-09 19:13:12 - [TEST_STEP][PASSED] - if (m > taskno_11): null

2022-06-09 19:13:12 - [TEST_STEP][PASSED] - result = getText(findTestObject("1. Constant/xpath", ["xpath":"/html/body/div[1]/div[2]/div[8]/div[3]/div/div/div[2]/div/table/tbody/tr[" + m + "]/td[1]/a"]), OPTIONAL): Text of object 'Object Repository/1. Constant/xpath' is: 'Mark final printed sample reception date: 049895_ACEIT OLIVA SUAVE DIA 5LITR_0077586_SOVENA ESPAÑA, SAU - 2021_LA ALMAZARA DEL OLIVAR_OLIVE OIL (labels) - MI000096'

2022-06-09 19:13:12 - [MESSAGE][PASSED] - Text of object 'Object Repository/1. Constant/xpath' is: 'Mark final printed sample reception date: 049895_ACEIT OLIVA SUAVE DIA 5LITR_0077586_SOVENA ESPAÑA, SAU - 2021_LA ALMAZARA DEL OLIVAR_OLIVE OIL (labels) - MI000096'

2022-06-09 19:13:12 - [TEST_STEP][PASSED] - if (result.contains(Project_No)): null

2022-06-09 19:13:12 - [TEST_STEP][PASSED] - else: null

2022-06-09 19:13:12 - [TEST_STEP][PASSED] - m = m + 1: null

2022-06-09 19:13:12 - [TEST_STEP][PASSED] - if (m > taskno_11): null

2022-06-09 19:13:12 - [TEST_STEP][PASSED] - result = getText(findTestObject("1. Constant/xpath", ["xpath":"/html/body/div[1]/div[2]/div[8]/div[3]/div/div/div[2]/div/table/tbody/tr[" + m + "]/td[1]/a"]), OPTIONAL): Text of object 'Object Repository/1. Constant/xpath' is: 'Require info for PAF: 273425_SIDRA ESPUMOSA SIDRA 6X250_0075270_ENVASADOS EVA, S.A. - SIDRA ESPUMOSA 75 & 6 X 250'

2022-06-09 19:13:12 - [MESSAGE][PASSED] - Text of object 'Object Repository/1. Constant/xpath' is: 'Require info for PAF: 273425_SIDRA ESPUMOSA SIDRA 6X250_0075270_ENVASADOS EVA, S.A. - SIDRA ESPUMOSA 75 & 6 X 250'

2022-06-09 19:13:12 - [TEST_STEP][PASSED] - if (result.contains(Project_No)): null

2022-06-09 19:13:12 - [TEST_STEP][PASSED] - else: null

2022-06-09 19:13:12 - [TEST_STEP][PASSED] - m = m + 1: null

2022-06-09 19:13:12 - [TEST_STEP][PASSED] - if (m > taskno_11): null

2022-06-09 19:13:12 - [TEST_STEP][PASSED] - result = getText(findTestObject("1. Constant/xpath", ["xpath":"/html/body/div[1]/div[2]/div[8]/div[3]/div/div/div[2]/div/table/tbody/tr[" + m + "]/td[1]/a"]), OPTIONAL): Text of object 'Object Repository/1. Constant/xpath' is: 'Require info for PAF: 273424_SIDRA ESPUMOSA SIDRA 75CL_0075270_ENVASADOS EVA, S.A. - SIDRA ESPUMOSA 75 & 6 X 250'

2022-06-09 19:13:12 - [MESSAGE][PASSED] - Text of object 'Object Repository/1. Constant/xpath' is: 'Require info for PAF: 273424_SIDRA ESPUMOSA SIDRA 75CL_0075270_ENVASADOS EVA, S.A. - SIDRA ESPUMOSA 75 & 6 X 250'

2022-06-09 19:13:12 - [TEST_STEP][PASSED] - if (result.contains(Project_No)): null

2022-06-09 19:13:12 - [TEST_STEP][PASSED] - else: null

2022-06-09 19:13:12 - [TEST_STEP][PASSED] - m = m + 1: null

2022-06-09 19:13:12 - [TEST_STEP][PASSED] - if (m > taskno_11): null

2022-06-09 19:13:12 - [TEST_STEP][PASSED] - result = getText(findTestObject("1. Constant/xpath", ["xpath":"/html/body/div[1]/div[2]/div[8]/div[3]/div/div/div[2]/div/table/tbody/tr[" + m + "]/td[1]/a"]), OPTIONAL): Text of object 'Object Repository/1. Constant/xpath' is: 'Require info for PAF: 267012_VIN TINT ECOL JUMILL SISMI 75CL_0085115_BODEGAS COOP SAN ISIDRO DE JUMILLA - VINO DO JUMILLA - MI000318'

2022-06-09 19:13:12 - [MESSAGE][PASSED] - Text of object 'Object Repository/1. Constant/xpath' is: 'Require info for PAF: 267012_VIN TINT ECOL JUMILL SISMI 75CL_0085115_BODEGAS COOP SAN ISIDRO DE JUMILLA - VINO DO JUMILLA - MI000318'

2022-06-09 19:13:12 - [TEST_STEP][PASSED] - if (result.contains(Project_No)): null

2022-06-09 19:13:12 - [TEST_STEP][PASSED] - else: null

2022-06-09 19:13:12 - [TEST_STEP][PASSED] - m = m + 1: null

2022-06-09 19:13:12 - [TEST_STEP][PASSED] - if (m > taskno_11): null

2022-06-09 19:13:12 - [TEST_STEP][PASSED] - result = getText(findTestObject("1. Constant/xpath", ["xpath":"/html/body/div[1]/div[2]/div[8]/div[3]/div/div/div[2]/div/table/tbody/tr[" + m + "]/td[1]/a"]), OPTIONAL): Text of object 'Object Repository/1. Constant/xpath' is: 'Require info for PAF: 273424_SIDRA ESPUMOSA SIDRA 75CL_0075270_ENVASADOS EVA, S.A. - SIDRA ESPUMOSA 75 & 6 X 250'

2022-06-09 19:13:13 - [MESSAGE][PASSED] - Text of object 'Object Repository/1. Constant/xpath' is: 'Require info for PAF: 273424_SIDRA ESPUMOSA SIDRA 75CL_0075270_ENVASADOS EVA, S.A. - SIDRA ESPUMOSA 75 & 6 X 250'

2022-06-09 19:13:13 - [TEST_STEP][PASSED] - if (result.contains(Project_No)): null

2022-06-09 19:13:13 - [TEST_STEP][PASSED] - else: null

2022-06-09 19:13:13 - [TEST_STEP][PASSED] - m = m + 1: null

2022-06-09 19:13:13 - [TEST_STEP][PASSED] - if (m > taskno_11): null

2022-06-09 19:13:13 - [TEST_STEP][PASSED] - result = getText(findTestObject("1. Constant/xpath", ["xpath":"/html/body/div[1]/div[2]/div[8]/div[3]/div/div/div[2]/div/table/tbody/tr[" + m + "]/td[1]/a"]), OPTIONAL): Text of object 'Object Repository/1. Constant/xpath' is: 'Require info for PAF: 273425_SIDRA ESPUMOSA SIDRA 6X250_0075270_ENVASADOS EVA, S.A. - SIDRA ESPUMOSA 75 & 6 X 250'

2022-06-09 19:13:13 - [MESSAGE][PASSED] - Text of object 'Object Repository/1. Constant/xpath' is: 'Require info for PAF: 273425_SIDRA ESPUMOSA SIDRA 6X250_0075270_ENVASADOS EVA, S.A. - SIDRA ESPUMOSA 75 & 6 X 250'

2022-06-09 19:13:13 - [TEST_STEP][PASSED] - if (result.contains(Project_No)): null

2022-06-09 19:13:13 - [TEST_STEP][PASSED] - else: null

2022-06-09 19:13:13 - [TEST_STEP][PASSED] - m = m + 1: null

2022-06-09 19:13:13 - [TEST_STEP][PASSED] - if (m > taskno_11): null

2022-06-09 19:13:13 - [TEST_STEP][PASSED] - result = getText(findTestObject("1. Constant/xpath", ["xpath":"/html/body/div[1]/div[2]/div[8]/div[3]/div/div/div[2]/div/table/tbody/tr[" + m + "]/td[1]/a"]), OPTIONAL): Text of object 'Object Repository/1. Constant/xpath' is: 'Require info for PAF: 272358_VINO BL ALBAR RIA BA GALIC 70CL_0085110_BODEGAS LA VAL, S.L. - VINOS GALLEGOS (MENCÍA, GODELLO, RIBEIRO & ALBARIÑOS)'

2022-06-09 19:13:13 - [MESSAGE][PASSED] - Text of object 'Object Repository/1. Constant/xpath' is: 'Require info for PAF: 272358_VINO BL ALBAR RIA BA GALIC 70CL_0085110_BODEGAS LA VAL, S.L. - VINOS GALLEGOS (MENCÍA, GODELLO, RIBEIRO & ALBARIÑOS)'

2022-06-09 19:13:13 - [TEST_STEP][PASSED] - if (result.contains(Project_No)): null

2022-06-09 19:13:13 - [TEST_STEP][PASSED] - else: null

2022-06-09 19:13:13 - [TEST_STEP][PASSED] - m = m + 1: null

2022-06-09 19:13:13 - [TEST_STEP][PASSED] - if (m > taskno_11): null

2022-06-09 19:13:13 - [TEST_STEP][PASSED] - result = getText(findTestObject("1. Constant/xpath", ["xpath":"/html/body/div[1]/div[2]/div[8]/div[3]/div/div/div[2]/div/table/tbody/tr[" + m + "]/td[1]/a"]), OPTIONAL): Text of object 'Object Repository/1. Constant/xpath' is: 'Require info for PAF: 143044_CERVEZA C/LIMON DIA 6X25C_0076907_BRASSERIE DE SAINT-OMER - 2021_RAMBLERS_BEERS - MI000270'

2022-06-09 19:13:13 - [MESSAGE][PASSED] - Text of object 'Object Repository/1. Constant/xpath' is: 'Require info for PAF: 143044_CERVEZA C/LIMON DIA 6X25C_0076907_BRASSERIE DE SAINT-OMER - 2021_RAMBLERS_BEERS - MI000270'

2022-06-09 19:13:13 - [TEST_STEP][PASSED] - if (result.contains(Project_No)): null

2022-06-09 19:13:13 - [TEST_STEP][PASSED] - else: null

2022-06-09 19:13:13 - [TEST_STEP][PASSED] - m = m + 1: null

2022-06-09 19:13:13 - [TEST_STEP][PASSED] - if (m > taskno_11): null

2022-06-09 19:13:13 - [TEST_STEP][PASSED] - result = getText(findTestObject("1. Constant/xpath", ["xpath":"/html/body/div[1]/div[2]/div[8]/div[3]/div/div/div[2]/div/table/tbody/tr[" + m + "]/td[1]/a"]), OPTIONAL): Text of object 'Object Repository/1. Constant/xpath' is: 'Require info for PAF: 143044_CERVEZA C/LIMON DIA 6X25C_0076907_BRASSERIE DE SAINT-OMER - 2021_RAMBLERS_BEERS - MI000270'

2022-06-09 19:13:13 - [MESSAGE][PASSED] - Text of object 'Object Repository/1. Constant/xpath' is: 'Require info for PAF: 143044_CERVEZA C/LIMON DIA 6X25C_0076907_BRASSERIE DE SAINT-OMER - 2021_RAMBLERS_BEERS - MI000270'

2022-06-09 19:13:13 - [TEST_STEP][PASSED] - if (result.contains(Project_No)): null

2022-06-09 19:13:13 - [TEST_STEP][PASSED] - else: null

2022-06-09 19:13:13 - [TEST_STEP][PASSED] - m = m + 1: null

2022-06-09 19:13:13 - [TEST_STEP][PASSED] - if (m > taskno_11): null

2022-06-09 19:13:13 - [TEST_STEP][PASSED] - result = getText(findTestObject("1. Constant/xpath", ["xpath":"/html/body/div[1]/div[2]/div[8]/div[3]/div/div/div[2]/div/table/tbody/tr[" + m + "]/td[1]/a"]), OPTIONAL): Text of object 'Object Repository/1. Constant/xpath' is: 'Mark final printed sample reception date: 026995_AGUA MINERAL NATURAL OVIDA 1,5LT_0083947_BASILIO RIVERA E HIJOS, S.A. - WATER_2021 - MI000264'

2022-06-09 19:13:13 - [MESSAGE][PASSED] - Text of object 'Object Repository/1. Constant/xpath' is: 'Mark final printed sample reception date: 026995_AGUA MINERAL NATURAL OVIDA 1,5LT_0083947_BASILIO RIVERA E HIJOS, S.A. - WATER_2021 - MI000264'

2022-06-09 19:13:13 - [TEST_STEP][PASSED] - if (result.contains(Project_No)): null

2022-06-09 19:13:13 - [TEST_STEP][PASSED] - else: null

2022-06-09 19:13:13 - [TEST_STEP][PASSED] - m = m + 1: null

2022-06-09 19:13:13 - [TEST_STEP][PASSED] - if (m > taskno_11): null

2022-06-09 19:13:13 - [TEST_STEP][PASSED] - result = getText(findTestObject("1. Constant/xpath", ["xpath":"/html/body/div[1]/div[2]/div[8]/div[3]/div/div/div[2]/div/table/tbody/tr[" + m + "]/td[1]/a"]), OPTIONAL): Text of object 'Object Repository/1. Constant/xpath' is: 'Mark final printed sample reception date: 026996_AGUA MINERAL NATURAL OVIDA 5 L_0083947_BASILIO RIVERA E HIJOS, S.A. - WATER_2021 - MI000264'

2022-06-09 19:13:14 - [MESSAGE][PASSED] - Text of object 'Object Repository/1. Constant/xpath' is: 'Mark final printed sample reception date: 026996_AGUA MINERAL NATURAL OVIDA 5 L_0083947_BASILIO RIVERA E HIJOS, S.A. - WATER_2021 - MI000264'

2022-06-09 19:13:14 - [TEST_STEP][PASSED] - if (result.contains(Project_No)): null

2022-06-09 19:13:14 - [TEST_STEP][PASSED] - else: null

2022-06-09 19:13:14 - [TEST_STEP][PASSED] - m = m + 1: null

2022-06-09 19:13:14 - [TEST_STEP][PASSED] - if (m > taskno_11): null

2022-06-09 19:13:14 - [TEST_STEP][PASSED] - result = getText(findTestObject("1. Constant/xpath", ["xpath":"/html/body/div[1]/div[2]/div[8]/div[3]/div/div/div[2]/div/table/tbody/tr[" + m + "]/td[1]/a"]), OPTIONAL): Text of object 'Object Repository/1. Constant/xpath' is: 'Mark final printed sample reception date: 037776_AGUA MINER NATUR S/G OVIDA 50CL_0083947_BASILIO RIVERA E HIJOS, S.A. - WATER_2021 - MI000264'

2022-06-09 19:13:14 - [MESSAGE][PASSED] - Text of object 'Object Repository/1. Constant/xpath' is: 'Mark final printed sample reception date: 037776_AGUA MINER NATUR S/G OVIDA 50CL_0083947_BASILIO RIVERA E HIJOS, S.A. - WATER_2021 - MI000264'

2022-06-09 19:13:14 - [TEST_STEP][PASSED] - if (result.contains(Project_No)): null

2022-06-09 19:13:14 - [TEST_STEP][PASSED] - else: null

2022-06-09 19:13:14 - [TEST_STEP][PASSED] - m = m + 1: null

2022-06-09 19:13:14 - [TEST_STEP][PASSED] - if (m > taskno_11): null

2022-06-09 19:13:14 - [TEST_STEP][PASSED] - result = getText(findTestObject("1. Constant/xpath", ["xpath":"/html/body/div[1]/div[2]/div[8]/div[3]/div/div/div[2]/div/table/tbody/tr[" + m + "]/td[1]/a"]), OPTIONAL): Text of object 'Object Repository/1. Constant/xpath' is: 'Review document for reference Technical Drawing of project AutoTest_Chrome_StarpackEfc7LQ2vwO_mars152022_161029 (MI000972)'

2022-06-09 19:13:14 - [MESSAGE][PASSED] - Text of object 'Object Repository/1. Constant/xpath' is: 'Review document for reference Technical Drawing of project AutoTest_Chrome_StarpackEfc7LQ2vwO_mars152022_161029 (MI000972)'

2022-06-09 19:13:14 - [TEST_STEP][PASSED] - if (result.contains(Project_No)): null

2022-06-09 19:13:14 - [TEST_STEP][PASSED] - else: null

2022-06-09 19:13:14 - [TEST_STEP][PASSED] - m = m + 1: null

2022-06-09 19:13:14 - [TEST_STEP][PASSED] - if (m > taskno_11): null

2022-06-09 19:13:14 - [TEST_STEP][PASSED] - result = getText(findTestObject("1. Constant/xpath", ["xpath":"/html/body/div[1]/div[2]/div[8]/div[3]/div/div/div[2]/div/table/tbody/tr[" + m + "]/td[1]/a"]), OPTIONAL): Text of object 'Object Repository/1. Constant/xpath' is: 'Out of Office - MI001009 / refID : 5991 To Verify the task of Out of Office'

2022-06-09 19:13:14 - [MESSAGE][PASSED] - Text of object 'Object Repository/1. Constant/xpath' is: 'Out of Office - MI001009 / refID : 5991 To Verify the task of Out of Office'

2022-06-09 19:13:14 - [TEST_STEP][PASSED] - if (result.contains(Project_No)): null

2022-06-09 19:13:14 - [TEST_STEP][PASSED] - else: null

2022-06-09 19:13:14 - [TEST_STEP][PASSED] - m = m + 1: null

2022-06-09 19:13:14 - [TEST_STEP][PASSED] - if (m > taskno_11): null

2022-06-09 19:13:14 - [TEST_STEP][PASSED] - result = getText(findTestObject("1. Constant/xpath", ["xpath":"/html/body/div[1]/div[2]/div[8]/div[3]/div/div/div[2]/div/table/tbody/tr[" + m + "]/td[1]/a"]), OPTIONAL): Text of object 'Object Repository/1. Constant/xpath' is: 'Out of Office - MI001034 / refID : 6030 To Verify the task of Out of Office'

2022-06-09 19:13:14 - [MESSAGE][PASSED] - Text of object 'Object Repository/1. Constant/xpath' is: 'Out of Office - MI001034 / refID : 6030 To Verify the task of Out of Office'

2022-06-09 19:13:14 - [TEST_STEP][PASSED] - if (result.contains(Project_No)): null

2022-06-09 19:13:14 - [TEST_STEP][PASSED] - else: null

2022-06-09 19:13:14 - [TEST_STEP][PASSED] - m = m + 1: null

2022-06-09 19:13:14 - [TEST_STEP][PASSED] - if (m > taskno_11): null

2022-06-09 19:13:14 - [TEST_STEP][PASSED] - result = getText(findTestObject("1. Constant/xpath", ["xpath":"/html/body/div[1]/div[2]/div[8]/div[3]/div/div/div[2]/div/table/tbody/tr[" + m + "]/td[1]/a"]), OPTIONAL): Text of object 'Object Repository/1. Constant/xpath' is: 'Out of Office - MI001034 / refID : 6032 To Verify the task of Out of Office'

2022-06-09 19:13:15 - [MESSAGE][PASSED] - Text of object 'Object Repository/1. Constant/xpath' is: 'Out of Office - MI001034 / refID : 6032 To Verify the task of Out of Office'

2022-06-09 19:13:15 - [TEST_STEP][PASSED] - if (result.contains(Project_No)): null

2022-06-09 19:13:15 - [TEST_STEP][PASSED] - else: null

2022-06-09 19:13:15 - [TEST_STEP][PASSED] - m = m + 1: null

2022-06-09 19:13:15 - [TEST_STEP][PASSED] - if (m > taskno_11): null

2022-06-09 19:13:15 - [TEST_STEP][PASSED] - result = getText(findTestObject("1. Constant/xpath", ["xpath":"/html/body/div[1]/div[2]/div[8]/div[3]/div/div/div[2]/div/table/tbody/tr[" + m + "]/td[1]/a"]), OPTIONAL): Text of object 'Object Repository/1. Constant/xpath' is: 'Review document for reference Technical Drawing of project AutoTest_Chrome_StarpackRJeHp2FiPD_avr.222022_161005 (MI001047)'

2022-06-09 19:13:15 - [MESSAGE][PASSED] - Text of object 'Object Repository/1. Constant/xpath' is: 'Review document for reference Technical Drawing of project AutoTest_Chrome_StarpackRJeHp2FiPD_avr.222022_161005 (MI001047)'

2022-06-09 19:13:15 - [TEST_STEP][PASSED] - if (result.contains(Project_No)): null

2022-06-09 19:13:15 - [TEST_STEP][PASSED] - else: null

2022-06-09 19:13:15 - [TEST_STEP][PASSED] - m = m + 1: null

2022-06-09 19:13:15 - [TEST_STEP][PASSED] - if (m > taskno_11): null

2022-06-09 19:13:15 - [TEST_STEP][PASSED] - result = getText(findTestObject("1. Constant/xpath", ["xpath":"/html/body/div[1]/div[2]/div[8]/div[3]/div/div/div[2]/div/table/tbody/tr[" + m + "]/td[1]/a"]), OPTIONAL): Text of object 'Object Repository/1. Constant/xpath' is: 'Out of Office - MI001249 / refID : 6335 To Verify the task of Out of Office'

2022-06-09 19:13:15 - [MESSAGE][PASSED] - Text of object 'Object Repository/1. Constant/xpath' is: 'Out of Office - MI001249 / refID : 6335 To Verify the task of Out of Office'

2022-06-09 19:13:15 - [TEST_STEP][PASSED] - if (result.contains(Project_No)): null

2022-06-09 19:13:15 - [TEST_STEP][PASSED] - else: null

2022-06-09 19:13:15 - [TEST_STEP][PASSED] - m = m + 1: null

2022-06-09 19:13:15 - [TEST_STEP][PASSED] - if (m > taskno_11): null

2022-06-09 19:13:15 - [TEST_STEP][PASSED] - result = getText(findTestObject("1. Constant/xpath", ["xpath":"/html/body/div[1]/div[2]/div[8]/div[3]/div/div/div[2]/div/table/tbody/tr[" + m + "]/td[1]/a"]), OPTIONAL): Text of object 'Object Repository/1. Constant/xpath' is: 'Review document for reference Technical Drawing of project AutoTest_Chrome_Starpackp1gnyHCSXq_juin092022_190529 (MI001275)'

2022-06-09 19:13:15 - [MESSAGE][PASSED] - Text of object 'Object Repository/1. Constant/xpath' is: 'Review document for reference Technical Drawing of project AutoTest_Chrome_Starpackp1gnyHCSXq_juin092022_190529 (MI001275)'

2022-06-09 19:13:15 - [TEST_STEP][PASSED] - if (result.contains(Project_No)): null

2022-06-09 19:13:15 - [TEST_STEP][PASSED] - click(findTestObject("1. Constant/xpath", ["xpath":"/html/body/div[1]/div[2]/div[8]/div[3]/div/div/div[2]/div/table/tbody/tr[" + m + "]/td[1]/a"])): Object: 'Object Repository/1. Constant/xpath' is clicked on

2022-06-09 19:13:18 - [MESSAGE][PASSED] - Object: 'Object Repository/1. Constant/xpath' is clicked on

2022-06-09 19:13:18 - [TEST_STEP][PASSED] - break: null

2022-06-09 19:13:18 - [TEST_STEP][PASSED] - verifyElementVisible(findTestObject("1. Constant/xpath", ["xpath":"//*[@id="aff_doc_preview"]"])): Object 'Object Repository/1. Constant/xpath' is visible

2022-06-09 19:13:20 - [MESSAGE][PASSED] - Object 'Object Repository/1. Constant/xpath' is visible

2022-06-09 19:13:20 - [TEST_STEP][PASSED] - I.Logout(): Delayed 3 second(s)

2022-06-09 19:13:23 - [MESSAGE][PASSED] - Delayed 3 second(s)

2022-06-09 19:13:23 - [MESSAGE][PASSED] - Object: 'Object Repository/1. Constant/xpath' is clicked on

2022-06-09 19:13:26 - [MESSAGE][PASSED] - Delayed 3 second(s)

2022-06-09 19:13:28 - [MESSAGE][PASSED] - Object: 'Object Repository/1. Constant/xpath' is clicked on

2022-06-09 19:13:31 - [MESSAGE][PASSED] - Delayed 3 second(s)

2022-06-09 19:13:31 - [TEST_STEP][PASSED] - I.Login_password("suser", password_suser): Object: 'Object Repository/1. Constant/xpath' is clicked on

2022-06-09 19:13:32 - [MESSAGE][PASSED] - Text 'suser' is set on object 'Object Repository/1. Constant/xpath'

2022-06-09 19:13:33 - [MESSAGE][PASSED] - Delayed 1 second(s)

2022-06-09 19:13:33 - [MESSAGE][PASSED] - Text 'dchi2' is set on object 'Object Repository/1. Constant/xpath'

2022-06-09 19:13:34 - [MESSAGE][PASSED] - Delayed 1 second(s)

2022-06-09 19:13:37 - [MESSAGE][PASSED] - Object: 'Object Repository/1. Constant/xpath' is clicked on

2022-06-09 19:13:37 - [TEST_STEP][PASSED] - takeScreenshot(): Taking screenshot successfully

2022-06-09 19:13:37 - [MESSAGE][PASSED] - Taking screenshot successfully
[[ATTACHMENT|D:\\Projet Test Auto\\Mediabox Test Automation\\Reports\\20220609_181011\\03. Parallel Testing (Testing)\\TS -PT PART 3\\03. StarPack Full Lifecycle_SAS_Task\\20220609_181034\\1654794817632.png]]

2022-06-09 19:13:37 - [TEST_STEP][PASSED] - click(findTestObject("1. Constant/02_LHSMenu_Projects")): Object: 'Object Repository/1. Constant/02_LHSMenu_Projects' is clicked on

2022-06-09 19:13:40 - [MESSAGE][PASSED] - Object: 'Object Repository/1. Constant/02_LHSMenu_Projects' is clicked on

2022-06-09 19:13:40 - [TEST_STEP][PASSED] - I.SearchProjectNo(Project_No, findTestObject("HL Full Lifecycle/9 Filter_Button_Apply")): Delayed 5 second(s)

2022-06-09 19:13:40 - [MESSAGE][PASSED] - Text 'MI001275' is set on object 'Object Repository/1. Constant/xpath'

2022-06-09 19:13:43 - [MESSAGE][PASSED] - Delayed 3 second(s)

2022-06-09 19:13:48 - [MESSAGE][PASSED] - Object: 'Object Repository/HL Full Lifecycle/9 Filter_Button_Apply' is clicked on

2022-06-09 19:13:53 - [MESSAGE][PASSED] - Delayed 5 second(s)

2022-06-09 19:13:53 - [TEST_STEP][PASSED] - click(findTestObject("1. Constant/xpath", ["xpath":"//*[@id="source_" + refID_TD + ""]/td[9]/a"])): Object: 'Object Repository/1. Constant/xpath' is clicked on

2022-06-09 19:13:54 - [MESSAGE][PASSED] - Object: 'Object Repository/1. Constant/xpath' is clicked on

2022-06-09 19:13:54 - [TEST_STEP][PASSED] - takeScreenshot(): Taking screenshot successfully

2022-06-09 19:13:55 - [MESSAGE][PASSED] - Taking screenshot successfully
[[ATTACHMENT|D:\\Projet Test Auto\\Mediabox Test Automation\\Reports\\20220609_181011\\03. Parallel Testing (Testing)\\TS -PT PART 3\\03. StarPack Full Lifecycle_SAS_Task\\20220609_181034\\1654794834937.png]]

2022-06-09 19:13:55 - [TEST_STEP][PASSED] - I.UploadDoc_sendkey_Prod(findTestObject("1. Constant/xpath", ["xpath":"//*[@id="kt_body"]/input[2]"]), "D:\Upoad_File\Upload doc\testdataaddition1.jpg", "testdataaddition1.jpg"): Delayed 5 second(s)

2022-06-09 19:13:56 - [MESSAGE][PASSED] - Scroll to object 'Object Repository/1. Constant/xpath' successfully

2022-06-09 19:14:01 - [MESSAGE][PASSED] - Delayed 5 second(s)

2022-06-09 19:14:02 - [MESSAGE][PASSED] - File 'D:\Upoad_File\Upload doc\testdataaddition1.jpg' sent to object: 'Object Repository/1. Constant/xpath'

2022-06-09 19:14:07 - [MESSAGE][PASSED] - Delayed 5 second(s)

2022-06-09 19:14:08 - [MESSAGE][PASSED] - Text 'testdataaddition1.jpg' is present on page 

2022-06-09 19:14:13 - [MESSAGE][PASSED] - Delayed 5 second(s)

2022-06-09 19:14:18 - [MESSAGE][PASSED] - Delayed 5 second(s)

2022-06-09 19:14:18 - [TEST_STEP][PASSED] - takeScreenshot(): Taking screenshot successfully

2022-06-09 19:14:19 - [MESSAGE][PASSED] - Taking screenshot successfully
[[ATTACHMENT|D:\\Projet Test Auto\\Mediabox Test Automation\\Reports\\20220609_181011\\03. Parallel Testing (Testing)\\TS -PT PART 3\\03. StarPack Full Lifecycle_SAS_Task\\20220609_181034\\1654794858837.png]]

2022-06-09 19:14:19 - [TEST_STEP][PASSED] - delay(10): Delayed 10 second(s)

2022-06-09 19:14:29 - [MESSAGE][PASSED] - Delayed 10 second(s)

2022-06-09 19:14:29 - [TEST_STEP][PASSED] - selectOptionByValue(findTestObject("1. Constant/xpath", ["xpath":"//*[@id="var_27"]"]), "650", false): All options with value '650' are selected in object 'Object Repository/1. Constant/xpath' 

2022-06-09 19:14:29 - [MESSAGE][PASSED] - All options with value '650' are selected in object 'Object Repository/1. Constant/xpath' 

2022-06-09 19:14:29 - [TEST_STEP][PASSED] - I.click_button_javascript(findTestObject("Object Repository/HL Full Lifecycle/12 ReferncePage_Button_Updatensenddoc")): Execute JavaScript 'arguments[0].click()' successfully

2022-06-09 19:14:36 - [MESSAGE][PASSED] - Execute JavaScript 'arguments[0].click()' successfully

2022-06-09 19:14:36 - [TEST_STEP][PASSED] - delay(5): Delayed 5 second(s)

2022-06-09 19:14:41 - [MESSAGE][PASSED] - Delayed 5 second(s)

2022-06-09 19:14:41 - [TEST_STEP][PASSED] - I.Logout(): Delayed 3 second(s)

2022-06-09 19:14:44 - [MESSAGE][PASSED] - Delayed 3 second(s)

2022-06-09 19:14:45 - [MESSAGE][PASSED] - Object: 'Object Repository/1. Constant/xpath' is clicked on

2022-06-09 19:14:48 - [MESSAGE][PASSED] - Delayed 3 second(s)

2022-06-09 19:14:49 - [MESSAGE][PASSED] - Object: 'Object Repository/1. Constant/xpath' is clicked on

2022-06-09 19:14:52 - [MESSAGE][PASSED] - Delayed 3 second(s)

2022-06-09 19:14:52 - [TEST_STEP][PASSED] - I.Login_password("bsolletbravo", password_bsolletbravo): Object: 'Object Repository/1. Constant/xpath' is clicked on

2022-06-09 19:14:53 - [MESSAGE][PASSED] - Text 'bsolletbravo' is set on object 'Object Repository/1. Constant/xpath'

2022-06-09 19:14:54 - [MESSAGE][PASSED] - Delayed 1 second(s)

2022-06-09 19:14:55 - [MESSAGE][PASSED] - Text 'dchi' is set on object 'Object Repository/1. Constant/xpath'

2022-06-09 19:14:56 - [MESSAGE][PASSED] - Delayed 1 second(s)

2022-06-09 19:15:01 - [MESSAGE][PASSED] - Object: 'Object Repository/1. Constant/xpath' is clicked on

2022-06-09 19:15:01 - [TEST_STEP][PASSED] - takeScreenshot(): Taking screenshot successfully

2022-06-09 19:15:02 - [MESSAGE][PASSED] - Taking screenshot successfully
[[ATTACHMENT|D:\\Projet Test Auto\\Mediabox Test Automation\\Reports\\20220609_181011\\03. Parallel Testing (Testing)\\TS -PT PART 3\\03. StarPack Full Lifecycle_SAS_Task\\20220609_181034\\1654794901741.png]]

2022-06-09 19:15:02 - [TEST_STEP][PASSED] - task_no5 = I.Get_Task_No("//*[@id="kt_header"]/div/div[2]/div[1]/div[1]/span"): Text of object 'Object Repository/1. Constant/xpath' is: '9'

2022-06-09 19:15:02 - [MESSAGE][PASSED] - Text of object 'Object Repository/1. Constant/xpath' is: '9'

2022-06-09 19:15:02 - [TEST_STEP][PASSED] - click(findTestObject("1. Constant/xpath", ["xpath":"//*[@id="kt_header"]/div/div[2]/div[1]/div[1]/div"])): Object: 'Object Repository/1. Constant/xpath' is clicked on

2022-06-09 19:15:02 - [MESSAGE][PASSED] - Object: 'Object Repository/1. Constant/xpath' is clicked on

2022-06-09 19:15:02 - [TEST_STEP][PASSED] - delay(1): Delayed 1 second(s)

2022-06-09 19:15:03 - [MESSAGE][PASSED] - Delayed 1 second(s)

2022-06-09 19:15:03 - [TEST_STEP][PASSED] - click(findTestObject("1. Constant/xpath", ["xpath":"//*[@id="kt_header"]/div/div[2]/div[1]/div[2]/form/div[3]/a"])): Object: 'Object Repository/1. Constant/xpath' is clicked on

2022-06-09 19:15:06 - [MESSAGE][PASSED] - Object: 'Object Repository/1. Constant/xpath' is clicked on

2022-06-09 19:15:06 - [TEST_STEP][PASSED] - delay(1): Delayed 1 second(s)

2022-06-09 19:15:07 - [MESSAGE][PASSED] - Delayed 1 second(s)

2022-06-09 19:15:07 - [TEST_STEP][PASSED] - selectOptionByValue(findTestObject("1. Constant/xpath", ["xpath":"//*[@id="kt_content"]/div[3]/div/div/div[1]/div[1]/div/form/select"]), "250", false): All options with value '250' are selected in object 'Object Repository/1. Constant/xpath' 

2022-06-09 19:15:07 - [MESSAGE][PASSED] - All options with value '250' are selected in object 'Object Repository/1. Constant/xpath' 

2022-06-09 19:15:07 - [TEST_STEP][PASSED] - delay(1): Delayed 1 second(s)

2022-06-09 19:15:08 - [MESSAGE][PASSED] - Delayed 1 second(s)

2022-06-09 19:15:08 - [TEST_STEP][PASSED] - k = 1: null

2022-06-09 19:15:08 - [TEST_STEP][PASSED] - while (k <= task_no5): null

2022-06-09 19:15:08 - [TEST_STEP][PASSED] - result = getText(findTestObject("1. Constant/xpath", ["xpath":"/html/body/div[1]/div[2]/div[8]/div[3]/div/div/div[2]/div/table/tbody/tr[" + k + "]/td[1]/a"]), OPTIONAL): Text of object 'Object Repository/1. Constant/xpath' is: 'Mark final printed sample reception date: 000297_MIEL DIA 1 KG_0084682_MAES HONEY INT. S.L.U - 2020_MIEL LOVE_HONEY - MI000036'

2022-06-09 19:15:08 - [MESSAGE][PASSED] - Text of object 'Object Repository/1. Constant/xpath' is: 'Mark final printed sample reception date: 000297_MIEL DIA 1 KG_0084682_MAES HONEY INT. S.L.U - 2020_MIEL LOVE_HONEY - MI000036'

2022-06-09 19:15:08 - [TEST_STEP][PASSED] - if (result.contains(Project_No)): null

2022-06-09 19:15:08 - [TEST_STEP][PASSED] - else: null

2022-06-09 19:15:08 - [TEST_STEP][PASSED] - k = k + 1: null

2022-06-09 19:15:08 - [TEST_STEP][PASSED] - if (k > task_no5): null

2022-06-09 19:15:08 - [TEST_STEP][PASSED] - result = getText(findTestObject("1. Constant/xpath", ["xpath":"/html/body/div[1]/div[2]/div[8]/div[3]/div/div/div[2]/div/table/tbody/tr[" + k + "]/td[1]/a"]), OPTIONAL): Text of object 'Object Repository/1. Constant/xpath' is: 'Mark final printed sample reception date: 133109_MIEL FLORES ANTIGOTE DIA 500GR_0084682_MAES HONEY INT. S.L.U - 2020_MIEL LOVE_HONEY - MI000036'

2022-06-09 19:15:08 - [MESSAGE][PASSED] - Text of object 'Object Repository/1. Constant/xpath' is: 'Mark final printed sample reception date: 133109_MIEL FLORES ANTIGOTE DIA 500GR_0084682_MAES HONEY INT. S.L.U - 2020_MIEL LOVE_HONEY - MI000036'

2022-06-09 19:15:08 - [TEST_STEP][PASSED] - if (result.contains(Project_No)): null

2022-06-09 19:15:08 - [TEST_STEP][PASSED] - else: null

2022-06-09 19:15:08 - [TEST_STEP][PASSED] - k = k + 1: null

2022-06-09 19:15:08 - [TEST_STEP][PASSED] - if (k > task_no5): null

2022-06-09 19:15:08 - [TEST_STEP][PASSED] - result = getText(findTestObject("1. Constant/xpath", ["xpath":"/html/body/div[1]/div[2]/div[8]/div[3]/div/div/div[2]/div/table/tbody/tr[" + k + "]/td[1]/a"]), OPTIONAL): Text of object 'Object Repository/1. Constant/xpath' is: 'Mark final printed sample reception date: 034329_COCO RALLADO DIA 200GR_0082988_EMILIO VILAR, LDA. - 2020_NATURMUNDO_COCO RALADO PT - MI000176'

2022-06-09 19:15:09 - [MESSAGE][PASSED] - Text of object 'Object Repository/1. Constant/xpath' is: 'Mark final printed sample reception date: 034329_COCO RALLADO DIA 200GR_0082988_EMILIO VILAR, LDA. - 2020_NATURMUNDO_COCO RALADO PT - MI000176'

2022-06-09 19:15:09 - [TEST_STEP][PASSED] - if (result.contains(Project_No)): null

2022-06-09 19:15:09 - [TEST_STEP][PASSED] - else: null

2022-06-09 19:15:09 - [TEST_STEP][PASSED] - k = k + 1: null

2022-06-09 19:15:09 - [TEST_STEP][PASSED] - if (k > task_no5): null

2022-06-09 19:15:09 - [TEST_STEP][PASSED] - result = getText(findTestObject("1. Constant/xpath", ["xpath":"/html/body/div[1]/div[2]/div[8]/div[3]/div/div/div[2]/div/table/tbody/tr[" + k + "]/td[1]/a"]), OPTIONAL): Text of object 'Object Repository/1. Constant/xpath' is: 'Upload packaging briefing: Pan Rallado - 2021_EL MOLINO DE DIA_BREAD CRUMBS & FLOUR'

2022-06-09 19:15:09 - [MESSAGE][PASSED] - Text of object 'Object Repository/1. Constant/xpath' is: 'Upload packaging briefing: Pan Rallado - 2021_EL MOLINO DE DIA_BREAD CRUMBS & FLOUR'

2022-06-09 19:15:09 - [TEST_STEP][PASSED] - if (result.contains(Project_No)): null

2022-06-09 19:15:09 - [TEST_STEP][PASSED] - else: null

2022-06-09 19:15:09 - [TEST_STEP][PASSED] - k = k + 1: null

2022-06-09 19:15:09 - [TEST_STEP][PASSED] - if (k > task_no5): null

2022-06-09 19:15:09 - [TEST_STEP][PASSED] - result = getText(findTestObject("1. Constant/xpath", ["xpath":"/html/body/div[1]/div[2]/div[8]/div[3]/div/div/div[2]/div/table/tbody/tr[" + k + "]/td[1]/a"]), OPTIONAL): Text of object 'Object Repository/1. Constant/xpath' is: 'Out of Office - MI001009 / refID : 5991 To Verify the task of Out of Office'

2022-06-09 19:15:09 - [MESSAGE][PASSED] - Text of object 'Object Repository/1. Constant/xpath' is: 'Out of Office - MI001009 / refID : 5991 To Verify the task of Out of Office'

2022-06-09 19:15:09 - [TEST_STEP][PASSED] - if (result.contains(Project_No)): null

2022-06-09 19:15:09 - [TEST_STEP][PASSED] - else: null

2022-06-09 19:15:09 - [TEST_STEP][PASSED] - k = k + 1: null

2022-06-09 19:15:09 - [TEST_STEP][PASSED] - if (k > task_no5): null

2022-06-09 19:15:09 - [TEST_STEP][PASSED] - result = getText(findTestObject("1. Constant/xpath", ["xpath":"/html/body/div[1]/div[2]/div[8]/div[3]/div/div/div[2]/div/table/tbody/tr[" + k + "]/td[1]/a"]), OPTIONAL): Text of object 'Object Repository/1. Constant/xpath' is: 'Out of Office - MI001034 / refID : 6030 To Verify the task of Out of Office'

2022-06-09 19:15:10 - [MESSAGE][PASSED] - Text of object 'Object Repository/1. Constant/xpath' is: 'Out of Office - MI001034 / refID : 6030 To Verify the task of Out of Office'

2022-06-09 19:15:10 - [TEST_STEP][PASSED] - if (result.contains(Project_No)): null

2022-06-09 19:15:10 - [TEST_STEP][PASSED] - else: null

2022-06-09 19:15:10 - [TEST_STEP][PASSED] - k = k + 1: null

2022-06-09 19:15:10 - [TEST_STEP][PASSED] - if (k > task_no5): null

2022-06-09 19:15:10 - [TEST_STEP][PASSED] - result = getText(findTestObject("1. Constant/xpath", ["xpath":"/html/body/div[1]/div[2]/div[8]/div[3]/div/div/div[2]/div/table/tbody/tr[" + k + "]/td[1]/a"]), OPTIONAL): Text of object 'Object Repository/1. Constant/xpath' is: 'Out of Office - MI001034 / refID : 6032 To Verify the task of Out of Office'

2022-06-09 19:15:11 - [MESSAGE][PASSED] - Text of object 'Object Repository/1. Constant/xpath' is: 'Out of Office - MI001034 / refID : 6032 To Verify the task of Out of Office'

2022-06-09 19:15:11 - [TEST_STEP][PASSED] - if (result.contains(Project_No)): null

2022-06-09 19:15:11 - [TEST_STEP][PASSED] - else: null

2022-06-09 19:15:11 - [TEST_STEP][PASSED] - k = k + 1: null

2022-06-09 19:15:11 - [TEST_STEP][PASSED] - if (k > task_no5): null

2022-06-09 19:15:11 - [TEST_STEP][PASSED] - result = getText(findTestObject("1. Constant/xpath", ["xpath":"/html/body/div[1]/div[2]/div[8]/div[3]/div/div/div[2]/div/table/tbody/tr[" + k + "]/td[1]/a"]), OPTIONAL): Text of object 'Object Repository/1. Constant/xpath' is: 'Out of Office - MI001249 / refID : 6335 To Verify the task of Out of Office'

2022-06-09 19:15:11 - [MESSAGE][PASSED] - Text of object 'Object Repository/1. Constant/xpath' is: 'Out of Office - MI001249 / refID : 6335 To Verify the task of Out of Office'

2022-06-09 19:15:11 - [TEST_STEP][PASSED] - if (result.contains(Project_No)): null

2022-06-09 19:15:11 - [TEST_STEP][PASSED] - else: null

2022-06-09 19:15:11 - [TEST_STEP][PASSED] - k = k + 1: null

2022-06-09 19:15:11 - [TEST_STEP][PASSED] - if (k > task_no5): null

2022-06-09 19:15:11 - [TEST_STEP][PASSED] - result = getText(findTestObject("1. Constant/xpath", ["xpath":"/html/body/div[1]/div[2]/div[8]/div[3]/div/div/div[2]/div/table/tbody/tr[" + k + "]/td[1]/a"]), OPTIONAL): Text of object 'Object Repository/1. Constant/xpath' is: 'Review document for reference Technical Drawing of project AutoTest_Chrome_Starpackp1gnyHCSXq_juin092022_190529 (MI001275)'

2022-06-09 19:15:11 - [MESSAGE][PASSED] - Text of object 'Object Repository/1. Constant/xpath' is: 'Review document for reference Technical Drawing of project AutoTest_Chrome_Starpackp1gnyHCSXq_juin092022_190529 (MI001275)'

2022-06-09 19:15:11 - [TEST_STEP][PASSED] - if (result.contains(Project_No)): null

2022-06-09 19:15:11 - [TEST_STEP][PASSED] - click(findTestObject("1. Constant/xpath", ["xpath":"/html/body/div[1]/div[2]/div[8]/div[3]/div/div/div[2]/div/table/tbody/tr[" + k + "]/td[1]/a"])): Object: 'Object Repository/1. Constant/xpath' is clicked on

2022-06-09 19:15:13 - [MESSAGE][PASSED] - Object: 'Object Repository/1. Constant/xpath' is clicked on

2022-06-09 19:15:13 - [TEST_STEP][PASSED] - break: null

2022-06-09 19:15:13 - [TEST_STEP][PASSED] - I.AWF_approve_view(): Object: 'Object Repository/HL Full Lifecycle/Function_Appbutton2' is clicked on

2022-06-09 19:15:14 - [MESSAGE][PASSED] - Wait for page load successfully

2022-06-09 19:15:24 - [MESSAGE][PASSED] - Delayed 10 second(s)

2022-06-09 19:15:24 - [MESSAGE][PASSED] - Object: 'Object Repository/HL Full Lifecycle/Function_access Viewer2' is hovered

2022-06-09 19:15:27 - [MESSAGE][PASSED] - Delayed 3 second(s)

2022-06-09 19:15:28 - [MESSAGE][PASSED] - Object: 'Object Repository/HL Full Lifecycle/Function_access Viewer2' is clicked on

2022-06-09 19:15:33 - [MESSAGE][PASSED] - Delayed 5 second(s)

2022-06-09 19:15:33 - [MESSAGE][PASSED] - Object: 'Object Repository/HL Full Lifecycle/Function_AppButton' is clicked on

2022-06-09 19:15:38 - [MESSAGE][PASSED] - Delayed 5 second(s)

2022-06-09 19:15:43 - [MESSAGE][PASSED] - Object: 'Object Repository/HL Full Lifecycle/Function_Appbutton2' is clicked on

2022-06-09 19:15:43 - [TEST_STEP][PASSED] - delay(1): Delayed 1 second(s)

2022-06-09 19:15:44 - [MESSAGE][PASSED] - Delayed 1 second(s)

2022-06-09 19:15:44 - [TEST_STEP][PASSED] - click(findTestObject("1. Constant/xpath", ["xpath":"/html/body/div[1]/div[2]/div[4]/div[3]/div/div[2]/div[2]/div[1]/table/tbody/tr[5]/td[11]/a"])): Object: 'Object Repository/1. Constant/xpath' is clicked on

2022-06-09 19:15:48 - [MESSAGE][PASSED] - Object: 'Object Repository/1. Constant/xpath' is clicked on

2022-06-09 19:15:48 - [TEST_STEP][PASSED] - delay(1): Delayed 1 second(s)

2022-06-09 19:15:49 - [MESSAGE][PASSED] - Delayed 1 second(s)

2022-06-09 19:15:49 - [TEST_STEP][PASSED] - task_no6 = I.Get_Task_No("//*[@id="kt_header"]/div/div[2]/div[1]/div[1]/span"): Text of object 'Object Repository/1. Constant/xpath' is: '8'

2022-06-09 19:15:50 - [MESSAGE][PASSED] - Text of object 'Object Repository/1. Constant/xpath' is: '8'

2022-06-09 19:15:50 - [TEST_STEP][PASSED] - verifyEqual(task_no6, task_no5 - 1): Actual object '8' and expected object '8' are equal

2022-06-09 19:15:50 - [MESSAGE][PASSED] - Actual object '8' and expected object '8' are equal

2022-06-09 19:15:50 - [TEST_STEP][PASSED] - I.Logout(): Delayed 3 second(s)

2022-06-09 19:15:53 - [MESSAGE][PASSED] - Delayed 3 second(s)

2022-06-09 19:15:53 - [MESSAGE][PASSED] - Object: 'Object Repository/1. Constant/xpath' is clicked on

2022-06-09 19:15:56 - [MESSAGE][PASSED] - Delayed 3 second(s)

2022-06-09 19:15:57 - [MESSAGE][PASSED] - Object: 'Object Repository/1. Constant/xpath' is clicked on

2022-06-09 19:16:00 - [MESSAGE][PASSED] - Delayed 3 second(s)

2022-06-09 19:16:00 - [TEST_STEP][PASSED] - I.Login_password("suser", password_suser): Object: 'Object Repository/1. Constant/xpath' is clicked on

2022-06-09 19:16:01 - [MESSAGE][PASSED] - Text 'suser' is set on object 'Object Repository/1. Constant/xpath'

2022-06-09 19:16:02 - [MESSAGE][PASSED] - Delayed 1 second(s)

2022-06-09 19:16:02 - [MESSAGE][PASSED] - Text 'dchi2' is set on object 'Object Repository/1. Constant/xpath'

2022-06-09 19:16:03 - [MESSAGE][PASSED] - Delayed 1 second(s)

2022-06-09 19:16:07 - [MESSAGE][PASSED] - Object: 'Object Repository/1. Constant/xpath' is clicked on

2022-06-09 19:16:07 - [TEST_STEP][PASSED] - takeScreenshot(): Taking screenshot successfully

2022-06-09 19:16:08 - [MESSAGE][PASSED] - Taking screenshot successfully
[[ATTACHMENT|D:\\Projet Test Auto\\Mediabox Test Automation\\Reports\\20220609_181011\\03. Parallel Testing (Testing)\\TS -PT PART 3\\03. StarPack Full Lifecycle_SAS_Task\\20220609_181034\\1654794967738.png]]

2022-06-09 19:16:08 - [TEST_STEP][PASSED] - click(findTestObject("1. Constant/02_LHSMenu_Projects")): Object: 'Object Repository/1. Constant/02_LHSMenu_Projects' is clicked on

2022-06-09 19:16:11 - [MESSAGE][PASSED] - Object: 'Object Repository/1. Constant/02_LHSMenu_Projects' is clicked on

2022-06-09 19:16:11 - [TEST_STEP][PASSED] - I.SearchProjectNo(Project_No, findTestObject("HL Full Lifecycle/9 Filter_Button_Apply")): Delayed 5 second(s)

2022-06-09 19:16:12 - [MESSAGE][PASSED] - Text 'MI001275' is set on object 'Object Repository/1. Constant/xpath'

2022-06-09 19:16:15 - [MESSAGE][PASSED] - Delayed 3 second(s)

2022-06-09 19:16:17 - [MESSAGE][PASSED] - Object: 'Object Repository/HL Full Lifecycle/9 Filter_Button_Apply' is clicked on

2022-06-09 19:16:22 - [MESSAGE][PASSED] - Delayed 5 second(s)

2022-06-09 19:16:22 - [TEST_STEP][PASSED] - delay(1): Delayed 1 second(s)

2022-06-09 19:16:23 - [MESSAGE][PASSED] - Delayed 1 second(s)

2022-06-09 19:16:23 - [TEST_STEP][PASSED] - click(findTestObject("1. Constant/xpath", ["xpath":"//*[@id="card_project"]/div[2]/div/div[3]/a[4]"])): Object: 'Object Repository/1. Constant/xpath' is clicked on

2022-06-09 19:16:27 - [MESSAGE][PASSED] - Object: 'Object Repository/1. Constant/xpath' is clicked on

2022-06-09 19:16:27 - [TEST_STEP][PASSED] - Expected_R = "You cannot close this project because it contains at least 1 reference not completed, not deleted or not cancelled.": null

2022-06-09 19:16:27 - [TEST_STEP][PASSED] - Actual_R = getText(findTestObject("1. Constant/xpath", ["xpath":"//*[@id="toast-container"]/div/div[2]"])): Text of object 'Object Repository/1. Constant/xpath' is: 'You cannot close this project because it contains at least 1 reference not completed, not deleted or not cancelled.'

2022-06-09 19:16:28 - [MESSAGE][PASSED] - Text of object 'Object Repository/1. Constant/xpath' is: 'You cannot close this project because it contains at least 1 reference not completed, not deleted or not cancelled.'

2022-06-09 19:16:28 - [TEST_STEP][PASSED] - verifyMatch(Actual_R, Expected_R, false): Actual text 'You cannot close this project because it contains at least 1 reference not completed, not deleted or not cancelled.' and expected text 'You cannot close this project because it contains at least 1 reference not completed, not deleted or not cancelled.' are matched 

2022-06-09 19:16:28 - [MESSAGE][PASSED] - Actual text 'You cannot close this project because it contains at least 1 reference not completed, not deleted or not cancelled.' and expected text 'You cannot close this project because it contains at least 1 reference not completed, not deleted or not cancelled.' are matched 

2022-06-09 19:16:28 - [TEST_STEP][PASSED] - takeScreenshot(): Taking screenshot successfully

2022-06-09 19:16:28 - [MESSAGE][PASSED] - Taking screenshot successfully
[[ATTACHMENT|D:\\Projet Test Auto\\Mediabox Test Automation\\Reports\\20220609_181011\\03. Parallel Testing (Testing)\\TS -PT PART 3\\03. StarPack Full Lifecycle_SAS_Task\\20220609_181034\\1654794988416.png]]

2022-06-09 19:16:28 - [TEST_STEP][PASSED] - I.SearchProjectNo(Project_No, findTestObject("HL Full Lifecycle/9 Filter_Button_Apply")): Delayed 5 second(s)

2022-06-09 19:16:29 - [MESSAGE][PASSED] - Text 'MI001275' is set on object 'Object Repository/1. Constant/xpath'

2022-06-09 19:16:32 - [MESSAGE][PASSED] - Delayed 3 second(s)

2022-06-09 19:16:35 - [MESSAGE][PASSED] - Object: 'Object Repository/HL Full Lifecycle/9 Filter_Button_Apply' is clicked on

2022-06-09 19:16:40 - [MESSAGE][PASSED] - Delayed 5 second(s)

2022-06-09 19:16:40 - [TEST_STEP][PASSED] - delay(1): Delayed 1 second(s)

2022-06-09 19:16:41 - [MESSAGE][PASSED] - Delayed 1 second(s)

2022-06-09 19:16:41 - [TEST_STEP][PASSED] - click(findTestObject("1. Constant/xpath", ["xpath":"//*[@id="source_" + refID + ""]/td[9]/div[2]/button"])): Object: 'Object Repository/1. Constant/xpath' is clicked on

2022-06-09 19:16:43 - [MESSAGE][PASSED] - Object: 'Object Repository/1. Constant/xpath' is clicked on

2022-06-09 19:16:43 - [TEST_STEP][PASSED] - delay(1): Delayed 1 second(s)

2022-06-09 19:16:44 - [MESSAGE][PASSED] - Delayed 1 second(s)

2022-06-09 19:16:44 - [TEST_STEP][PASSED] - click(findTestObject("1. Constant/xpath", ["xpath":"//*[@id="source_" + refID + ""]/td[9]/div[2]/div/a[3]"])): Object: 'Object Repository/1. Constant/xpath' is clicked on

2022-06-09 19:16:45 - [MESSAGE][PASSED] - Object: 'Object Repository/1. Constant/xpath' is clicked on

2022-06-09 19:16:45 - [TEST_STEP][PASSED] - delay(1): Delayed 1 second(s)

2022-06-09 19:16:46 - [MESSAGE][PASSED] - Delayed 1 second(s)

2022-06-09 19:16:46 - [TEST_STEP][PASSED] - takeScreenshot(): Taking screenshot successfully

2022-06-09 19:16:46 - [MESSAGE][PASSED] - Taking screenshot successfully
[[ATTACHMENT|D:\\Projet Test Auto\\Mediabox Test Automation\\Reports\\20220609_181011\\03. Parallel Testing (Testing)\\TS -PT PART 3\\03. StarPack Full Lifecycle_SAS_Task\\20220609_181034\\1654795006336.png]]

2022-06-09 19:16:46 - [TEST_STEP][PASSED] - delay(1): Delayed 1 second(s)

2022-06-09 19:16:47 - [MESSAGE][PASSED] - Delayed 1 second(s)

2022-06-09 19:16:47 - [TEST_STEP][PASSED] - click(findTestObject("1. Constant/xpath", ["xpath":"//*[@id="kt_body"]/div[9]/div/div/div[2]/button[2]"])): Object: 'Object Repository/1. Constant/xpath' is clicked on

2022-06-09 19:16:51 - [MESSAGE][PASSED] - Object: 'Object Repository/1. Constant/xpath' is clicked on

2022-06-09 19:16:51 - [TEST_STEP][PASSED] - delay(1): Delayed 1 second(s)

2022-06-09 19:16:52 - [MESSAGE][PASSED] - Delayed 1 second(s)

2022-06-09 19:16:52 - [TEST_STEP][PASSED] - click(findTestObject("1. Constant/xpath", ["xpath":"//*[@id="card_project"]/div[2]/div/div[3]/a[4]"])): Object: 'Object Repository/1. Constant/xpath' is clicked on

2022-06-09 19:16:56 - [MESSAGE][PASSED] - Object: 'Object Repository/1. Constant/xpath' is clicked on

2022-06-09 19:16:56 - [TEST_STEP][PASSED] - Expected_R2 = "Project closed.": null

2022-06-09 19:16:56 - [TEST_STEP][PASSED] - Actual_R2 = getText(findTestObject("1. Constant/xpath", ["xpath":"//*[@id="toast-container"]/div/div[2]"])): Text of object 'Object Repository/1. Constant/xpath' is: 'Project closed.'

2022-06-09 19:16:56 - [MESSAGE][PASSED] - Text of object 'Object Repository/1. Constant/xpath' is: 'Project closed.'

2022-06-09 19:16:56 - [TEST_STEP][PASSED] - verifyMatch(Actual_R2, Expected_R2, false): Actual text 'Project closed.' and expected text 'Project closed.' are matched 

2022-06-09 19:16:56 - [MESSAGE][PASSED] - Actual text 'Project closed.' and expected text 'Project closed.' are matched 

2022-06-09 19:16:56 - [TEST_STEP][PASSED] - closeBrowser(): Browser is closed

2022-06-09 19:16:59 - [MESSAGE][PASSED] - Browser is closed

2022-06-09 19:16:59 - [TEST_STEP][PASSED] - Start listener action : sampleAfterTestCase: null]]></system-out>
         <system-err><![CDATA[]]></system-err>
      </testcase>
      <system-out><![CDATA[2022-06-09 18:11:59 - [TEST_SUITE][PASSED] - 03. StarPack Full Lifecycle_SAS_Task: Test Cases/18. Tag Sephora Npp Starpack Task (Standard_ Question_ Prod)/18.05 StarPack change of rights (Prod)_Ticket4757]]></system-out>
      <system-err><![CDATA[]]></system-err>
   </testsuite>
</testsuites>
