<?xml version="1.0" encoding="UTF-8"?>
<testsuites name="02. Sephora - Full Lifecycle FS Process and Control Tag(Chrome) - headless" time="2755.993" tests="6" failures="0" errors="0">
   <testsuite name="02. Sephora - Full Lifecycle FS Process and Control Tag(Chrome) - headless" tests="6" failures="0" errors="0" time="2755.993" skipped="0" timestamp="2022-06-09 18:11:56" hostname="lamhe - DPF-MBI-VERIF.ad.sgsco.int" id="Test Suites/03. Parallel Testing (Testing)/TS -PT PART 3/02. Sephora - Full Lifecycle FS Process and Control Tag(Chrome) - headless">
      <properties>
         <property name="deviceName" value=""/>
         <property name="devicePlatform" value=""/>
         <property name="logFolder" value="D:\\Projet Test Auto\\Mediabox Test Automation\\Reports\\20220609_181011\\03. Parallel Testing (Testing)\\TS -PT PART 3\\02. Sephora - Full Lifecycle FS Process and Control Tag(Chrome) - headless\\20220609_181026"/>
         <property name="logFiles" value="D:\\Projet Test Auto\\Mediabox Test Automation\\Reports\\20220609_181011\\03. Parallel Testing (Testing)\\TS -PT PART 3\\02. Sephora - Full Lifecycle FS Process and Control Tag(Chrome) - headless\\20220609_181026\\execution0.log"/>
         <property name="attachments" value="D:\\Projet Test Auto\\Mediabox Test Automation\\Reports\\20220609_181011\\03. Parallel Testing (Testing)\\TS -PT PART 3\\02. Sephora - Full Lifecycle FS Process and Control Tag(Chrome) - headless\\20220609_181026\\1654791172916.png, D:\\Projet Test Auto\\Mediabox Test Automation\\Reports\\20220609_181011\\03. Parallel Testing (Testing)\\TS -PT PART 3\\02. Sephora - Full Lifecycle FS Process and Control Tag(Chrome) - headless\\20220609_181026\\1654791186844.png, D:\\Projet Test Auto\\Mediabox Test Automation\\Reports\\20220609_181011\\03. Parallel Testing (Testing)\\TS -PT PART 3\\02. Sephora - Full Lifecycle FS Process and Control Tag(Chrome) - headless\\20220609_181026\\1654791192637.png, D:\\Projet Test Auto\\Mediabox Test Automation\\Reports\\20220609_181011\\03. Parallel Testing (Testing)\\TS -PT PART 3\\02. Sephora - Full Lifecycle FS Process and Control Tag(Chrome) - headless\\20220609_181026\\1654791203264.png, D:\\Projet Test Auto\\Mediabox Test Automation\\Reports\\20220609_181011\\03. Parallel Testing (Testing)\\TS -PT PART 3\\02. Sephora - Full Lifecycle FS Process and Control Tag(Chrome) - headless\\20220609_181026\\1654791230667.png, D:\\Projet Test Auto\\Mediabox Test Automation\\Reports\\20220609_181011\\03. Parallel Testing (Testing)\\TS -PT PART 3\\02. Sephora - Full Lifecycle FS Process and Control Tag(Chrome) - headless\\20220609_181026\\1654791231348.png, D:\\Projet Test Auto\\Mediabox Test Automation\\Reports\\20220609_181011\\03. Parallel Testing (Testing)\\TS -PT PART 3\\02. Sephora - Full Lifecycle FS Process and Control Tag(Chrome) - headless\\20220609_181026\\1654791231976.png, D:\\Projet Test Auto\\Mediabox Test Automation\\Reports\\20220609_181011\\03. Parallel Testing (Testing)\\TS -PT PART 3\\02. Sephora - Full Lifecycle FS Process and Control Tag(Chrome) - headless\\20220609_181026\\1654791234107.png, D:\\Projet Test Auto\\Mediabox Test Automation\\Reports\\20220609_181011\\03. Parallel Testing (Testing)\\TS -PT PART 3\\02. Sephora - Full Lifecycle FS Process and Control Tag(Chrome) - headless\\20220609_181026\\1654791236351.png, D:\\Projet Test Auto\\Mediabox Test Automation\\Reports\\20220609_181011\\03. Parallel Testing (Testing)\\TS -PT PART 3\\02. Sephora - Full Lifecycle FS Process and Control Tag(Chrome) - headless\\20220609_181026\\1654791251315.png, D:\\Projet Test Auto\\Mediabox Test Automation\\Reports\\20220609_181011\\03. Parallel Testing (Testing)\\TS -PT PART 3\\02. Sephora - Full Lifecycle FS Process and Control Tag(Chrome) - headless\\20220609_181026\\1654791252016.png, D:\\Projet Test Auto\\Mediabox Test Automation\\Reports\\20220609_181011\\03. Parallel Testing (Testing)\\TS -PT PART 3\\02. Sephora - Full Lifecycle FS Process and Control Tag(Chrome) - headless\\20220609_181026\\1654791253196.png, D:\\Projet Test Auto\\Mediabox Test Automation\\Reports\\20220609_181011\\03. Parallel Testing (Testing)\\TS -PT PART 3\\02. Sephora - Full Lifecycle FS Process and Control Tag(Chrome) - headless\\20220609_181026\\1654791254073.png, D:\\Projet Test Auto\\Mediabox Test Automation\\Reports\\20220609_181011\\03. Parallel Testing (Testing)\\TS -PT PART 3\\02. Sephora - Full Lifecycle FS Process and Control Tag(Chrome) - headless\\20220609_181026\\1654791254695.png, D:\\Projet Test Auto\\Mediabox Test Automation\\Reports\\20220609_181011\\03. Parallel Testing (Testing)\\TS -PT PART 3\\02. Sephora - Full Lifecycle FS Process and Control Tag(Chrome) - headless\\20220609_181026\\1654791257967.png, D:\\Projet Test Auto\\Mediabox Test Automation\\Reports\\20220609_181011\\03. Parallel Testing (Testing)\\TS -PT PART 3\\02. Sephora - Full Lifecycle FS Process and Control Tag(Chrome) - headless\\20220609_181026\\1654791261875.png, D:\\Projet Test Auto\\Mediabox Test Automation\\Reports\\20220609_181011\\03. Parallel Testing (Testing)\\TS -PT PART 3\\02. Sephora - Full Lifecycle FS Process and Control Tag(Chrome) - headless\\20220609_181026\\1654791284038.png, D:\\Projet Test Auto\\Mediabox Test Automation\\Reports\\20220609_181011\\03. Parallel Testing (Testing)\\TS -PT PART 3\\02. Sephora - Full Lifecycle FS Process and Control Tag(Chrome) - headless\\20220609_181026\\1654791324037.png, D:\\Projet Test Auto\\Mediabox Test Automation\\Reports\\20220609_181011\\03. Parallel Testing (Testing)\\TS -PT PART 3\\02. Sephora - Full Lifecycle FS Process and Control Tag(Chrome) - headless\\20220609_181026\\1654791353234.png, D:\\Projet Test Auto\\Mediabox Test Automation\\Reports\\20220609_181011\\03. Parallel Testing (Testing)\\TS -PT PART 3\\02. Sephora - Full Lifecycle FS Process and Control Tag(Chrome) - headless\\20220609_181026\\1654791388678.png, D:\\Projet Test Auto\\Mediabox Test Automation\\Reports\\20220609_181011\\03. Parallel Testing (Testing)\\TS -PT PART 3\\02. Sephora - Full Lifecycle FS Process and Control Tag(Chrome) - headless\\20220609_181026\\1654791397393.png, D:\\Projet Test Auto\\Mediabox Test Automation\\Reports\\20220609_181011\\03. Parallel Testing (Testing)\\TS -PT PART 3\\02. Sephora - Full Lifecycle FS Process and Control Tag(Chrome) - headless\\20220609_181026\\1654791466977.png, D:\\Projet Test Auto\\Mediabox Test Automation\\Reports\\20220609_181011\\03. Parallel Testing (Testing)\\TS -PT PART 3\\02. Sephora - Full Lifecycle FS Process and Control Tag(Chrome) - headless\\20220609_181026\\1654791491485.png, D:\\Projet Test Auto\\Mediabox Test Automation\\Reports\\20220609_181011\\03. Parallel Testing (Testing)\\TS -PT PART 3\\02. Sephora - Full Lifecycle FS Process and Control Tag(Chrome) - headless\\20220609_181026\\1654791564622.png, D:\\Projet Test Auto\\Mediabox Test Automation\\Reports\\20220609_181011\\03. Parallel Testing (Testing)\\TS -PT PART 3\\02. Sephora - Full Lifecycle FS Process and Control Tag(Chrome) - headless\\20220609_181026\\1654791586004.png, D:\\Projet Test Auto\\Mediabox Test Automation\\Reports\\20220609_181011\\03. Parallel Testing (Testing)\\TS -PT PART 3\\02. Sephora - Full Lifecycle FS Process and Control Tag(Chrome) - headless\\20220609_181026\\1654791636555.png, D:\\Projet Test Auto\\Mediabox Test Automation\\Reports\\20220609_181011\\03. Parallel Testing (Testing)\\TS -PT PART 3\\02. Sephora - Full Lifecycle FS Process and Control Tag(Chrome) - headless\\20220609_181026\\1654791714833.png, D:\\Projet Test Auto\\Mediabox Test Automation\\Reports\\20220609_181011\\03. Parallel Testing (Testing)\\TS -PT PART 3\\02. Sephora - Full Lifecycle FS Process and Control Tag(Chrome) - headless\\20220609_181026\\1654791716381.png, D:\\Projet Test Auto\\Mediabox Test Automation\\Reports\\20220609_181011\\03. Parallel Testing (Testing)\\TS -PT PART 3\\02. Sephora - Full Lifecycle FS Process and Control Tag(Chrome) - headless\\20220609_181026\\1654791717020.png, D:\\Projet Test Auto\\Mediabox Test Automation\\Reports\\20220609_181011\\03. Parallel Testing (Testing)\\TS -PT PART 3\\02. Sephora - Full Lifecycle FS Process and Control Tag(Chrome) - headless\\20220609_181026\\1654791718101.png, D:\\Projet Test Auto\\Mediabox Test Automation\\Reports\\20220609_181011\\03. Parallel Testing (Testing)\\TS -PT PART 3\\02. Sephora - Full Lifecycle FS Process and Control Tag(Chrome) - headless\\20220609_181026\\1654791719004.png, D:\\Projet Test Auto\\Mediabox Test Automation\\Reports\\20220609_181011\\03. Parallel Testing (Testing)\\TS -PT PART 3\\02. Sephora - Full Lifecycle FS Process and Control Tag(Chrome) - headless\\20220609_181026\\1654791720906.png, D:\\Projet Test Auto\\Mediabox Test Automation\\Reports\\20220609_181011\\03. Parallel Testing (Testing)\\TS -PT PART 3\\02. Sephora - Full Lifecycle FS Process and Control Tag(Chrome) - headless\\20220609_181026\\1654791728165.png, D:\\Projet Test Auto\\Mediabox Test Automation\\Reports\\20220609_181011\\03. Parallel Testing (Testing)\\TS -PT PART 3\\02. Sephora - Full Lifecycle FS Process and Control Tag(Chrome) - headless\\20220609_181026\\1654791732361.png, D:\\Projet Test Auto\\Mediabox Test Automation\\Reports\\20220609_181011\\03. Parallel Testing (Testing)\\TS -PT PART 3\\02. Sephora - Full Lifecycle FS Process and Control Tag(Chrome) - headless\\20220609_181026\\1654791775409.png, D:\\Projet Test Auto\\Mediabox Test Automation\\Reports\\20220609_181011\\03. Parallel Testing (Testing)\\TS -PT PART 3\\02. Sephora - Full Lifecycle FS Process and Control Tag(Chrome) - headless\\20220609_181026\\1654791778112.png, D:\\Projet Test Auto\\Mediabox Test Automation\\Reports\\20220609_181011\\03. Parallel Testing (Testing)\\TS -PT PART 3\\02. Sephora - Full Lifecycle FS Process and Control Tag(Chrome) - headless\\20220609_181026\\1654791785595.png, D:\\Projet Test Auto\\Mediabox Test Automation\\Reports\\20220609_181011\\03. Parallel Testing (Testing)\\TS -PT PART 3\\02. Sephora - Full Lifecycle FS Process and Control Tag(Chrome) - headless\\20220609_181026\\1654791819709.png, D:\\Projet Test Auto\\Mediabox Test Automation\\Reports\\20220609_181011\\03. Parallel Testing (Testing)\\TS -PT PART 3\\02. Sephora - Full Lifecycle FS Process and Control Tag(Chrome) - headless\\20220609_181026\\1654791861775.png, D:\\Projet Test Auto\\Mediabox Test Automation\\Reports\\20220609_181011\\03. Parallel Testing (Testing)\\TS -PT PART 3\\02. Sephora - Full Lifecycle FS Process and Control Tag(Chrome) - headless\\20220609_181026\\1654791913805.png, D:\\Projet Test Auto\\Mediabox Test Automation\\Reports\\20220609_181011\\03. Parallel Testing (Testing)\\TS -PT PART 3\\02. Sephora - Full Lifecycle FS Process and Control Tag(Chrome) - headless\\20220609_181026\\1654791937734.png, D:\\Projet Test Auto\\Mediabox Test Automation\\Reports\\20220609_181011\\03. Parallel Testing (Testing)\\TS -PT PART 3\\02. Sephora - Full Lifecycle FS Process and Control Tag(Chrome) - headless\\20220609_181026\\1654791972132.png, D:\\Projet Test Auto\\Mediabox Test Automation\\Reports\\20220609_181011\\03. Parallel Testing (Testing)\\TS -PT PART 3\\02. Sephora - Full Lifecycle FS Process and Control Tag(Chrome) - headless\\20220609_181026\\1654791972960.png, D:\\Projet Test Auto\\Mediabox Test Automation\\Reports\\20220609_181011\\03. Parallel Testing (Testing)\\TS -PT PART 3\\02. Sephora - Full Lifecycle FS Process and Control Tag(Chrome) - headless\\20220609_181026\\1654791981769.png, D:\\Projet Test Auto\\Mediabox Test Automation\\Reports\\20220609_181011\\03. Parallel Testing (Testing)\\TS -PT PART 3\\02. Sephora - Full Lifecycle FS Process and Control Tag(Chrome) - headless\\20220609_181026\\1654792016723.png, D:\\Projet Test Auto\\Mediabox Test Automation\\Reports\\20220609_181011\\03. Parallel Testing (Testing)\\TS -PT PART 3\\02. Sephora - Full Lifecycle FS Process and Control Tag(Chrome) - headless\\20220609_181026\\1654792028283.png, D:\\Projet Test Auto\\Mediabox Test Automation\\Reports\\20220609_181011\\03. Parallel Testing (Testing)\\TS -PT PART 3\\02. Sephora - Full Lifecycle FS Process and Control Tag(Chrome) - headless\\20220609_181026\\1654792033635.png, D:\\Projet Test Auto\\Mediabox Test Automation\\Reports\\20220609_181011\\03. Parallel Testing (Testing)\\TS -PT PART 3\\02. Sephora - Full Lifecycle FS Process and Control Tag(Chrome) - headless\\20220609_181026\\1654792034670.png, D:\\Projet Test Auto\\Mediabox Test Automation\\Reports\\20220609_181011\\03. Parallel Testing (Testing)\\TS -PT PART 3\\02. Sephora - Full Lifecycle FS Process and Control Tag(Chrome) - headless\\20220609_181026\\1654792038402.png, D:\\Projet Test Auto\\Mediabox Test Automation\\Reports\\20220609_181011\\03. Parallel Testing (Testing)\\TS -PT PART 3\\02. Sephora - Full Lifecycle FS Process and Control Tag(Chrome) - headless\\20220609_181026\\1654792081191.png, D:\\Projet Test Auto\\Mediabox Test Automation\\Reports\\20220609_181011\\03. Parallel Testing (Testing)\\TS -PT PART 3\\02. Sephora - Full Lifecycle FS Process and Control Tag(Chrome) - headless\\20220609_181026\\1654792106048.png, D:\\Projet Test Auto\\Mediabox Test Automation\\Reports\\20220609_181011\\03. Parallel Testing (Testing)\\TS -PT PART 3\\02. Sephora - Full Lifecycle FS Process and Control Tag(Chrome) - headless\\20220609_181026\\1654792142924.png, D:\\Projet Test Auto\\Mediabox Test Automation\\Reports\\20220609_181011\\03. Parallel Testing (Testing)\\TS -PT PART 3\\02. Sephora - Full Lifecycle FS Process and Control Tag(Chrome) - headless\\20220609_181026\\1654792182700.png, D:\\Projet Test Auto\\Mediabox Test Automation\\Reports\\20220609_181011\\03. Parallel Testing (Testing)\\TS -PT PART 3\\02. Sephora - Full Lifecycle FS Process and Control Tag(Chrome) - headless\\20220609_181026\\1654792197082.png, D:\\Projet Test Auto\\Mediabox Test Automation\\Reports\\20220609_181011\\03. Parallel Testing (Testing)\\TS -PT PART 3\\02. Sephora - Full Lifecycle FS Process and Control Tag(Chrome) - headless\\20220609_181026\\1654792221153.png, D:\\Projet Test Auto\\Mediabox Test Automation\\Reports\\20220609_181011\\03. Parallel Testing (Testing)\\TS -PT PART 3\\02. Sephora - Full Lifecycle FS Process and Control Tag(Chrome) - headless\\20220609_181026\\1654792264363.png, D:\\Projet Test Auto\\Mediabox Test Automation\\Reports\\20220609_181011\\03. Parallel Testing (Testing)\\TS -PT PART 3\\02. Sephora - Full Lifecycle FS Process and Control Tag(Chrome) - headless\\20220609_181026\\1654792312189.png, D:\\Projet Test Auto\\Mediabox Test Automation\\Reports\\20220609_181011\\03. Parallel Testing (Testing)\\TS -PT PART 3\\02. Sephora - Full Lifecycle FS Process and Control Tag(Chrome) - headless\\20220609_181026\\1654792429613.png, D:\\Projet Test Auto\\Mediabox Test Automation\\Reports\\20220609_181011\\03. Parallel Testing (Testing)\\TS -PT PART 3\\02. Sephora - Full Lifecycle FS Process and Control Tag(Chrome) - headless\\20220609_181026\\1654792449491.png, D:\\Projet Test Auto\\Mediabox Test Automation\\Reports\\20220609_181011\\03. Parallel Testing (Testing)\\TS -PT PART 3\\02. Sephora - Full Lifecycle FS Process and Control Tag(Chrome) - headless\\20220609_181026\\1654792517663.png, D:\\Projet Test Auto\\Mediabox Test Automation\\Reports\\20220609_181011\\03. Parallel Testing (Testing)\\TS -PT PART 3\\02. Sephora - Full Lifecycle FS Process and Control Tag(Chrome) - headless\\20220609_181026\\1654792541013.png, D:\\Projet Test Auto\\Mediabox Test Automation\\Reports\\20220609_181011\\03. Parallel Testing (Testing)\\TS -PT PART 3\\02. Sephora - Full Lifecycle FS Process and Control Tag(Chrome) - headless\\20220609_181026\\1654792567958.png, D:\\Projet Test Auto\\Mediabox Test Automation\\Reports\\20220609_181011\\03. Parallel Testing (Testing)\\TS -PT PART 3\\02. Sephora - Full Lifecycle FS Process and Control Tag(Chrome) - headless\\20220609_181026\\1654792587297.png, D:\\Projet Test Auto\\Mediabox Test Automation\\Reports\\20220609_181011\\03. Parallel Testing (Testing)\\TS -PT PART 3\\02. Sephora - Full Lifecycle FS Process and Control Tag(Chrome) - headless\\20220609_181026\\1654792627347.png, D:\\Projet Test Auto\\Mediabox Test Automation\\Reports\\20220609_181011\\03. Parallel Testing (Testing)\\TS -PT PART 3\\02. Sephora - Full Lifecycle FS Process and Control Tag(Chrome) - headless\\20220609_181026\\1654792665042.png, D:\\Projet Test Auto\\Mediabox Test Automation\\Reports\\20220609_181011\\03. Parallel Testing (Testing)\\TS -PT PART 3\\02. Sephora - Full Lifecycle FS Process and Control Tag(Chrome) - headless\\20220609_181026\\1654792710046.png, D:\\Projet Test Auto\\Mediabox Test Automation\\Reports\\20220609_181011\\03. Parallel Testing (Testing)\\TS -PT PART 3\\02. Sephora - Full Lifecycle FS Process and Control Tag(Chrome) - headless\\20220609_181026\\1654792718212.png, D:\\Projet Test Auto\\Mediabox Test Automation\\Reports\\20220609_181011\\03. Parallel Testing (Testing)\\TS -PT PART 3\\02. Sephora - Full Lifecycle FS Process and Control Tag(Chrome) - headless\\20220609_181026\\1654792756195.png, D:\\Projet Test Auto\\Mediabox Test Automation\\Reports\\20220609_181011\\03. Parallel Testing (Testing)\\TS -PT PART 3\\02. Sephora - Full Lifecycle FS Process and Control Tag(Chrome) - headless\\20220609_181026\\1654792772939.png, D:\\Projet Test Auto\\Mediabox Test Automation\\Reports\\20220609_181011\\03. Parallel Testing (Testing)\\TS -PT PART 3\\02. Sephora - Full Lifecycle FS Process and Control Tag(Chrome) - headless\\20220609_181026\\1654792823134.png, D:\\Projet Test Auto\\Mediabox Test Automation\\Reports\\20220609_181011\\03. Parallel Testing (Testing)\\TS -PT PART 3\\02. Sephora - Full Lifecycle FS Process and Control Tag(Chrome) - headless\\20220609_181026\\1654792840750.png, D:\\Projet Test Auto\\Mediabox Test Automation\\Reports\\20220609_181011\\03. Parallel Testing (Testing)\\TS -PT PART 3\\02. Sephora - Full Lifecycle FS Process and Control Tag(Chrome) - headless\\20220609_181026\\1654792853469.png, D:\\Projet Test Auto\\Mediabox Test Automation\\Reports\\20220609_181011\\03. Parallel Testing (Testing)\\TS -PT PART 3\\02. Sephora - Full Lifecycle FS Process and Control Tag(Chrome) - headless\\20220609_181026\\1654792858936.png, D:\\Projet Test Auto\\Mediabox Test Automation\\Reports\\20220609_181011\\03. Parallel Testing (Testing)\\TS -PT PART 3\\02. Sephora - Full Lifecycle FS Process and Control Tag(Chrome) - headless\\20220609_181026\\1654792869200.png, D:\\Projet Test Auto\\Mediabox Test Automation\\Reports\\20220609_181011\\03. Parallel Testing (Testing)\\TS -PT PART 3\\02. Sephora - Full Lifecycle FS Process and Control Tag(Chrome) - headless\\20220609_181026\\1654792871305.png, D:\\Projet Test Auto\\Mediabox Test Automation\\Reports\\20220609_181011\\03. Parallel Testing (Testing)\\TS -PT PART 3\\02. Sephora - Full Lifecycle FS Process and Control Tag(Chrome) - headless\\20220609_181026\\1654792873544.png, D:\\Projet Test Auto\\Mediabox Test Automation\\Reports\\20220609_181011\\03. Parallel Testing (Testing)\\TS -PT PART 3\\02. Sephora - Full Lifecycle FS Process and Control Tag(Chrome) - headless\\20220609_181026\\1654792880546.png, D:\\Projet Test Auto\\Mediabox Test Automation\\Reports\\20220609_181011\\03. Parallel Testing (Testing)\\TS -PT PART 3\\02. Sephora - Full Lifecycle FS Process and Control Tag(Chrome) - headless\\20220609_181026\\1654792882952.png, D:\\Projet Test Auto\\Mediabox Test Automation\\Reports\\20220609_181011\\03. Parallel Testing (Testing)\\TS -PT PART 3\\02. Sephora - Full Lifecycle FS Process and Control Tag(Chrome) - headless\\20220609_181026\\1654792909447.png, D:\\Projet Test Auto\\Mediabox Test Automation\\Reports\\20220609_181011\\03. Parallel Testing (Testing)\\TS -PT PART 3\\02. Sephora - Full Lifecycle FS Process and Control Tag(Chrome) - headless\\20220609_181026\\1654792937099.png, D:\\Projet Test Auto\\Mediabox Test Automation\\Reports\\20220609_181011\\03. Parallel Testing (Testing)\\TS -PT PART 3\\02. Sephora - Full Lifecycle FS Process and Control Tag(Chrome) - headless\\20220609_181026\\1654792954560.png, D:\\Projet Test Auto\\Mediabox Test Automation\\Reports\\20220609_181011\\03. Parallel Testing (Testing)\\TS -PT PART 3\\02. Sephora - Full Lifecycle FS Process and Control Tag(Chrome) - headless\\20220609_181026\\1654792967974.png, D:\\Projet Test Auto\\Mediabox Test Automation\\Reports\\20220609_181011\\03. Parallel Testing (Testing)\\TS -PT PART 3\\02. Sephora - Full Lifecycle FS Process and Control Tag(Chrome) - headless\\20220609_181026\\1654793002132.png, D:\\Projet Test Auto\\Mediabox Test Automation\\Reports\\20220609_181011\\03. Parallel Testing (Testing)\\TS -PT PART 3\\02. Sephora - Full Lifecycle FS Process and Control Tag(Chrome) - headless\\20220609_181026\\1654793016018.png, D:\\Projet Test Auto\\Mediabox Test Automation\\Reports\\20220609_181011\\03. Parallel Testing (Testing)\\TS -PT PART 3\\02. Sephora - Full Lifecycle FS Process and Control Tag(Chrome) - headless\\20220609_181026\\1654793056016.png, D:\\Projet Test Auto\\Mediabox Test Automation\\Reports\\20220609_181011\\03. Parallel Testing (Testing)\\TS -PT PART 3\\02. Sephora - Full Lifecycle FS Process and Control Tag(Chrome) - headless\\20220609_181026\\1654793057701.png, D:\\Projet Test Auto\\Mediabox Test Automation\\Reports\\20220609_181011\\03. Parallel Testing (Testing)\\TS -PT PART 3\\02. Sephora - Full Lifecycle FS Process and Control Tag(Chrome) - headless\\20220609_181026\\1654793076676.png, D:\\Projet Test Auto\\Mediabox Test Automation\\Reports\\20220609_181011\\03. Parallel Testing (Testing)\\TS -PT PART 3\\02. Sephora - Full Lifecycle FS Process and Control Tag(Chrome) - headless\\20220609_181026\\1654793082204.png, D:\\Projet Test Auto\\Mediabox Test Automation\\Reports\\20220609_181011\\03. Parallel Testing (Testing)\\TS -PT PART 3\\02. Sephora - Full Lifecycle FS Process and Control Tag(Chrome) - headless\\20220609_181026\\1654793105357.png, D:\\Projet Test Auto\\Mediabox Test Automation\\Reports\\20220609_181011\\03. Parallel Testing (Testing)\\TS -PT PART 3\\02. Sephora - Full Lifecycle FS Process and Control Tag(Chrome) - headless\\20220609_181026\\1654793107475.png, D:\\Projet Test Auto\\Mediabox Test Automation\\Reports\\20220609_181011\\03. Parallel Testing (Testing)\\TS -PT PART 3\\02. Sephora - Full Lifecycle FS Process and Control Tag(Chrome) - headless\\20220609_181026\\1654793118172.png, D:\\Projet Test Auto\\Mediabox Test Automation\\Reports\\20220609_181011\\03. Parallel Testing (Testing)\\TS -PT PART 3\\02. Sephora - Full Lifecycle FS Process and Control Tag(Chrome) - headless\\20220609_181026\\1654793120807.png, D:\\Projet Test Auto\\Mediabox Test Automation\\Reports\\20220609_181011\\03. Parallel Testing (Testing)\\TS -PT PART 3\\02. Sephora - Full Lifecycle FS Process and Control Tag(Chrome) - headless\\20220609_181026\\1654793139499.png, D:\\Projet Test Auto\\Mediabox Test Automation\\Reports\\20220609_181011\\03. Parallel Testing (Testing)\\TS -PT PART 3\\02. Sephora - Full Lifecycle FS Process and Control Tag(Chrome) - headless\\20220609_181026\\1654793176167.png, D:\\Projet Test Auto\\Mediabox Test Automation\\Reports\\20220609_181011\\03. Parallel Testing (Testing)\\TS -PT PART 3\\02. Sephora - Full Lifecycle FS Process and Control Tag(Chrome) - headless\\20220609_181026\\1654793177814.png, D:\\Projet Test Auto\\Mediabox Test Automation\\Reports\\20220609_181011\\03. Parallel Testing (Testing)\\TS -PT PART 3\\02. Sephora - Full Lifecycle FS Process and Control Tag(Chrome) - headless\\20220609_181026\\1654793189143.png, D:\\Projet Test Auto\\Mediabox Test Automation\\Reports\\20220609_181011\\03. Parallel Testing (Testing)\\TS -PT PART 3\\02. Sephora - Full Lifecycle FS Process and Control Tag(Chrome) - headless\\20220609_181026\\1654793195644.png, D:\\Projet Test Auto\\Mediabox Test Automation\\Reports\\20220609_181011\\03. Parallel Testing (Testing)\\TS -PT PART 3\\02. Sephora - Full Lifecycle FS Process and Control Tag(Chrome) - headless\\20220609_181026\\1654793233188.png, D:\\Projet Test Auto\\Mediabox Test Automation\\Reports\\20220609_181011\\03. Parallel Testing (Testing)\\TS -PT PART 3\\02. Sephora - Full Lifecycle FS Process and Control Tag(Chrome) - headless\\20220609_181026\\1654793234956.png, D:\\Projet Test Auto\\Mediabox Test Automation\\Reports\\20220609_181011\\03. Parallel Testing (Testing)\\TS -PT PART 3\\02. Sephora - Full Lifecycle FS Process and Control Tag(Chrome) - headless\\20220609_181026\\1654793237250.png, D:\\Projet Test Auto\\Mediabox Test Automation\\Reports\\20220609_181011\\03. Parallel Testing (Testing)\\TS -PT PART 3\\02. Sephora - Full Lifecycle FS Process and Control Tag(Chrome) - headless\\20220609_181026\\1654793259180.png, D:\\Projet Test Auto\\Mediabox Test Automation\\Reports\\20220609_181011\\03. Parallel Testing (Testing)\\TS -PT PART 3\\02. Sephora - Full Lifecycle FS Process and Control Tag(Chrome) - headless\\20220609_181026\\1654793319205.png, D:\\Projet Test Auto\\Mediabox Test Automation\\Reports\\20220609_181011\\03. Parallel Testing (Testing)\\TS -PT PART 3\\02. Sephora - Full Lifecycle FS Process and Control Tag(Chrome) - headless\\20220609_181026\\1654793390221.png, D:\\Projet Test Auto\\Mediabox Test Automation\\Reports\\20220609_181011\\03. Parallel Testing (Testing)\\TS -PT PART 3\\02. Sephora - Full Lifecycle FS Process and Control Tag(Chrome) - headless\\20220609_181026\\1654793391679.png, D:\\Projet Test Auto\\Mediabox Test Automation\\Reports\\20220609_181011\\03. Parallel Testing (Testing)\\TS -PT PART 3\\02. Sephora - Full Lifecycle FS Process and Control Tag(Chrome) - headless\\20220609_181026\\1654793410483.png, D:\\Projet Test Auto\\Mediabox Test Automation\\Reports\\20220609_181011\\03. Parallel Testing (Testing)\\TS -PT PART 3\\02. Sephora - Full Lifecycle FS Process and Control Tag(Chrome) - headless\\20220609_181026\\1654793419719.png, D:\\Projet Test Auto\\Mediabox Test Automation\\Reports\\20220609_181011\\03. Parallel Testing (Testing)\\TS -PT PART 3\\02. Sephora - Full Lifecycle FS Process and Control Tag(Chrome) - headless\\20220609_181026\\1654793452719.png, D:\\Projet Test Auto\\Mediabox Test Automation\\Reports\\20220609_181011\\03. Parallel Testing (Testing)\\TS -PT PART 3\\02. Sephora - Full Lifecycle FS Process and Control Tag(Chrome) - headless\\20220609_181026\\1654793454305.png, D:\\Projet Test Auto\\Mediabox Test Automation\\Reports\\20220609_181011\\03. Parallel Testing (Testing)\\TS -PT PART 3\\02. Sephora - Full Lifecycle FS Process and Control Tag(Chrome) - headless\\20220609_181026\\1654793469061.png, D:\\Projet Test Auto\\Mediabox Test Automation\\Reports\\20220609_181011\\03. Parallel Testing (Testing)\\TS -PT PART 3\\02. Sephora - Full Lifecycle FS Process and Control Tag(Chrome) - headless\\20220609_181026\\1654793472971.png, D:\\Projet Test Auto\\Mediabox Test Automation\\Reports\\20220609_181011\\03. Parallel Testing (Testing)\\TS -PT PART 3\\02. Sephora - Full Lifecycle FS Process and Control Tag(Chrome) - headless\\20220609_181026\\1654793477000.png, D:\\Projet Test Auto\\Mediabox Test Automation\\Reports\\20220609_181011\\03. Parallel Testing (Testing)\\TS -PT PART 3\\02. Sephora - Full Lifecycle FS Process and Control Tag(Chrome) - headless\\20220609_181026\\1654793482973.png, D:\\Projet Test Auto\\Mediabox Test Automation\\Reports\\20220609_181011\\03. Parallel Testing (Testing)\\TS -PT PART 3\\02. Sephora - Full Lifecycle FS Process and Control Tag(Chrome) - headless\\20220609_181026\\1654793495355.png, D:\\Projet Test Auto\\Mediabox Test Automation\\Reports\\20220609_181011\\03. Parallel Testing (Testing)\\TS -PT PART 3\\02. Sephora - Full Lifecycle FS Process and Control Tag(Chrome) - headless\\20220609_181026\\1654793529829.png, D:\\Projet Test Auto\\Mediabox Test Automation\\Reports\\20220609_181011\\03. Parallel Testing (Testing)\\TS -PT PART 3\\02. Sephora - Full Lifecycle FS Process and Control Tag(Chrome) - headless\\20220609_181026\\1654793544012.png, D:\\Projet Test Auto\\Mediabox Test Automation\\Reports\\20220609_181011\\03. Parallel Testing (Testing)\\TS -PT PART 3\\02. Sephora - Full Lifecycle FS Process and Control Tag(Chrome) - headless\\20220609_181026\\1654793585407.png, D:\\Projet Test Auto\\Mediabox Test Automation\\Reports\\20220609_181011\\03. Parallel Testing (Testing)\\TS -PT PART 3\\02. Sephora - Full Lifecycle FS Process and Control Tag(Chrome) - headless\\20220609_181026\\1654793586973.png, D:\\Projet Test Auto\\Mediabox Test Automation\\Reports\\20220609_181011\\03. Parallel Testing (Testing)\\TS -PT PART 3\\02. Sephora - Full Lifecycle FS Process and Control Tag(Chrome) - headless\\20220609_181026\\1654793596063.png, D:\\Projet Test Auto\\Mediabox Test Automation\\Reports\\20220609_181011\\03. Parallel Testing (Testing)\\TS -PT PART 3\\02. Sephora - Full Lifecycle FS Process and Control Tag(Chrome) - headless\\20220609_181026\\1654793608220.png, D:\\Projet Test Auto\\Mediabox Test Automation\\Reports\\20220609_181011\\03. Parallel Testing (Testing)\\TS -PT PART 3\\02. Sephora - Full Lifecycle FS Process and Control Tag(Chrome) - headless\\20220609_181026\\1654793622125.png, D:\\Projet Test Auto\\Mediabox Test Automation\\Reports\\20220609_181011\\03. Parallel Testing (Testing)\\TS -PT PART 3\\02. Sephora - Full Lifecycle FS Process and Control Tag(Chrome) - headless\\20220609_181026\\1654793626643.png, D:\\Projet Test Auto\\Mediabox Test Automation\\Reports\\20220609_181011\\03. Parallel Testing (Testing)\\TS -PT PART 3\\02. Sephora - Full Lifecycle FS Process and Control Tag(Chrome) - headless\\20220609_181026\\1654793627421.png, D:\\Projet Test Auto\\Mediabox Test Automation\\Reports\\20220609_181011\\03. Parallel Testing (Testing)\\TS -PT PART 3\\02. Sephora - Full Lifecycle FS Process and Control Tag(Chrome) - headless\\20220609_181026\\1654793631546.png, D:\\Projet Test Auto\\Mediabox Test Automation\\Reports\\20220609_181011\\03. Parallel Testing (Testing)\\TS -PT PART 3\\02. Sephora - Full Lifecycle FS Process and Control Tag(Chrome) - headless\\20220609_181026\\1654793672714.png, D:\\Projet Test Auto\\Mediabox Test Automation\\Reports\\20220609_181011\\03. Parallel Testing (Testing)\\TS -PT PART 3\\02. Sephora - Full Lifecycle FS Process and Control Tag(Chrome) - headless\\20220609_181026\\1654793699714.png, D:\\Projet Test Auto\\Mediabox Test Automation\\Reports\\20220609_181011\\03. Parallel Testing (Testing)\\TS -PT PART 3\\02. Sephora - Full Lifecycle FS Process and Control Tag(Chrome) - headless\\20220609_181026\\1654793765697.png, D:\\Projet Test Auto\\Mediabox Test Automation\\Reports\\20220609_181011\\03. Parallel Testing (Testing)\\TS -PT PART 3\\02. Sephora - Full Lifecycle FS Process and Control Tag(Chrome) - headless\\20220609_181026\\1654793785740.png, D:\\Projet Test Auto\\Mediabox Test Automation\\Reports\\20220609_181011\\03. Parallel Testing (Testing)\\TS -PT PART 3\\02. Sephora - Full Lifecycle FS Process and Control Tag(Chrome) - headless\\20220609_181026\\1654793828334.png, D:\\Projet Test Auto\\Mediabox Test Automation\\Reports\\20220609_181011\\03. Parallel Testing (Testing)\\TS -PT PART 3\\02. Sephora - Full Lifecycle FS Process and Control Tag(Chrome) - headless\\20220609_181026\\1654793852965.png"/>
         <property name="hostName" value="lamhe - DPF-MBI-VERIF.ad.sgsco.int"/>
         <property name="os" value="Windows 10 64bit"/>
         <property name="katalonVersion" value="8.3.0.208"/>
         <property name="browser" value="Chrome 102.0.5005.63"/>
         <property name="hostAddress" value="10.15.10.53"/>
         <property name="sessionId" value="5bb19302628fbb53b09e85102f69468b"/>
         <property name="seleniumVersion" value="3.141.59"/>
         <property name="proxyInformation" value="ProxyInformation { proxyOption=NO_PROXY, proxyServerType=HTTP, username=, password=********, proxyServerAddress=, proxyServerPort=0, executionList=&quot;&quot;, isApplyToDesiredCapabilities=true }"/>
         <property name="platform" value="Windows 10"/>
      </properties>
      <testcase name="Test Cases/03. Sephora Full Lifecycle - FS Process/3.02 Sephora FullLifecycle FS Process(Chrome)_ControlTag 15.02P1" time="877.89" classname="Test Cases/03. Sephora Full Lifecycle - FS Process/3.02 Sephora FullLifecycle FS Process(Chrome)_ControlTag 15.02P1" status="PASSED">
         <system-out><![CDATA[2022-06-09 18:11:57 - [TEST_CASE][PASSED] - Test Cases/03. Sephora Full Lifecycle - FS Process/3.02 Sephora FullLifecycle FS Process(Chrome)_ControlTag 15.02P1: Test Cases/03. Sephora Full Lifecycle - FS Process/3.02 Sephora FullLifecycle FS Process(Chrome)_ControlTag 15.02P1

2022-06-09 18:12:00 - [TEST_STEP][PASSED] - data_Sephora = findTestData("Data Files/Username_Password/Sephora"): null

2022-06-09 18:12:00 - [TEST_STEP][PASSED] - password_atran = data_Sephora.getValue(2, 1): null

2022-06-09 18:12:00 - [TEST_STEP][PASSED] - password_marketing = data_Sephora.getValue(2, 2): null

2022-06-09 18:12:01 - [TEST_STEP][PASSED] - password_regulatory = data_Sephora.getValue(2, 3): null

2022-06-09 18:12:01 - [TEST_STEP][PASSED] - password_studio = data_Sephora.getValue(2, 4): null

2022-06-09 18:12:01 - [TEST_STEP][PASSED] - password_iraz = data_Sephora.getValue(2, 5): null

2022-06-09 18:12:01 - [TEST_STEP][PASSED] - data_urlRELAUTO = findTestData("Data Files/URL/URL_relauto"): null

2022-06-09 18:12:01 - [TEST_STEP][PASSED] - Url_Sephora = data_urlRELAUTO.getValue(2, 1): null

2022-06-09 18:12:01 - [TEST_STEP][PASSED] - I.clearnotepad("D:\Upoad_File\Projet_ Login\Sephora\3.02\3.02_Sephora_ProjectNo.txt"): null

2022-06-09 18:12:01 - [TEST_STEP][PASSED] - I.clearnotepad("D:\Upoad_File\Projet_ Login\Sephora\3.02\3.02_Sephora_refID.txt"): null

2022-06-09 18:12:01 - [TEST_STEP][PASSED] - log = new com.kms.katalon.core.logging.KeywordLogger(): null

2022-06-09 18:12:01 - [TEST_STEP][PASSED] - openBrowser(Url_Sephora): Browser is opened with url: 'http://mdb-release.diadeis.lan/MediaboxIndependence/?MBI_datasource=RELTESTAUTO_SEPHORA'

2022-06-09 18:12:03 - [MESSAGE][INFO] - Starting 'Chrome (headless)' driver

2022-06-09 18:12:03 - [MESSAGE][INFO] - User set preference: ['args', '[--window-size=1920,1080, --headless]']

2022-06-09 18:12:03 - [MESSAGE][INFO] - Action delay is set to 0 milliseconds

2022-06-09 18:12:33 - [MESSAGE][PASSED] - Browser is opened with url: 'http://mdb-release.diadeis.lan/MediaboxIndependence/?MBI_datasource=RELTESTAUTO_SEPHORA'

2022-06-09 18:12:33 - [TEST_STEP][PASSED] - maximizeWindow(): Current window maximized

2022-06-09 18:12:33 - [MESSAGE][PASSED] - Current window maximized

2022-06-09 18:12:33 - [TEST_STEP][PASSED] - I.Login_password("atran", password_atran): Object: 'Object Repository/1. Constant/xpath' is clicked on

2022-06-09 18:12:35 - [MESSAGE][PASSED] - Text 'atran' is set on object 'Object Repository/1. Constant/xpath'

2022-06-09 18:12:36 - [MESSAGE][PASSED] - Delayed 1 second(s)

2022-06-09 18:12:37 - [MESSAGE][PASSED] - Text 'dchi3' is set on object 'Object Repository/1. Constant/xpath'

2022-06-09 18:12:38 - [MESSAGE][PASSED] - Delayed 1 second(s)

2022-06-09 18:12:52 - [MESSAGE][PASSED] - Object: 'Object Repository/1. Constant/xpath' is clicked on

2022-06-09 18:12:52 - [TEST_STEP][PASSED] - takeScreenshot(): Taking screenshot successfully

2022-06-09 18:12:53 - [MESSAGE][PASSED] - Taking screenshot successfully
[[ATTACHMENT|D:\\Projet Test Auto\\Mediabox Test Automation\\Reports\\20220609_181011\\03. Parallel Testing (Testing)\\TS -PT PART 3\\02. Sephora - Full Lifecycle FS Process and Control Tag(Chrome) - headless\\20220609_181026\\1654791172916.png]]

2022-06-09 18:12:53 - [TEST_STEP][PASSED] - click(findTestObject("1. Constant/02_LHSMenu_Projects")): Object: 'Object Repository/1. Constant/02_LHSMenu_Projects' is clicked on

2022-06-09 18:13:00 - [MESSAGE][PASSED] - Object: 'Object Repository/1. Constant/02_LHSMenu_Projects' is clicked on

2022-06-09 18:13:00 - [TEST_STEP][PASSED] - click(findTestObject("Object Repository/1. Constant/xpath", ["xpath":"//*[@id="kt_content"]/div[3]/div/div/div[1]/div[2]/a[1]"])): Object: 'Object Repository/1. Constant/xpath' is clicked on

2022-06-09 18:13:02 - [MESSAGE][PASSED] - Object: 'Object Repository/1. Constant/xpath' is clicked on

2022-06-09 18:13:02 - [TEST_STEP][PASSED] - click(findTestObject("HL Full Lifecycle/4 CreateProjPage_Create Project_Bluebutton")): Object: 'Object Repository/HL Full Lifecycle/4 CreateProjPage_Create Project_Bluebutton' is clicked on

2022-06-09 18:13:03 - [MESSAGE][PASSED] - Object: 'Object Repository/HL Full Lifecycle/4 CreateProjPage_Create Project_Bluebutton' is clicked on

2022-06-09 18:13:03 - [TEST_STEP][PASSED] - I.verifyErrormsg_toastr("Project name ", findTestObject("Control Tag/1.1Toastr_name_msg"), "Please fill project name", log): Text of object 'Object Repository/Control Tag/1.1Toastr_name_msg' is: 'Project
Please fill project name'

2022-06-09 18:13:05 - [MESSAGE][PASSED] - Object 'Object Repository/Control Tag/1.1Toastr_name_msg' is visible

2022-06-09 18:13:05 - [MESSAGE][PASSED] - Text of object 'Object Repository/Control Tag/1.1Toastr_name_msg' is: 'Project
Please fill project name'

2022-06-09 18:13:05 - [TEST_STEP][PASSED] - I.verifystar("Project name", findTestObject("Object Repository/Control Tag/1.2 asteriximage_controltag", ["field_name":"prj_name"]), log): Taking screenshot successfully

2022-06-09 18:13:06 - [MESSAGE][PASSED] - Object 'Object Repository/Control Tag/1.2 asteriximage_controltag' is visible

2022-06-09 18:13:07 - [MESSAGE][PASSED] - Taking screenshot successfully
[[ATTACHMENT|D:\\Projet Test Auto\\Mediabox Test Automation\\Reports\\20220609_181011\\03. Parallel Testing (Testing)\\TS -PT PART 3\\02. Sephora - Full Lifecycle FS Process and Control Tag(Chrome) - headless\\20220609_181026\\1654791186844.png]]

2022-06-09 18:13:07 - [TEST_STEP][PASSED] - click(findTestObject("Object Repository/Control Tag/1.3 ProjectCreationPage_cancelbutton")): Object: 'Object Repository/Control Tag/1.3 ProjectCreationPage_cancelbutton' is clicked on

2022-06-09 18:13:10 - [MESSAGE][PASSED] - Object: 'Object Repository/Control Tag/1.3 ProjectCreationPage_cancelbutton' is clicked on

2022-06-09 18:13:10 - [TEST_STEP][PASSED] - click(findTestObject("Object Repository/1. Constant/xpath", ["xpath":"//*[@id="kt_content"]/div[3]/div/div/div[1]/div[2]/a[1]"])): Object: 'Object Repository/1. Constant/xpath' is clicked on

2022-06-09 18:13:12 - [MESSAGE][PASSED] - Object: 'Object Repository/1. Constant/xpath' is clicked on

2022-06-09 18:13:12 - [TEST_STEP][PASSED] - takeScreenshot(): Taking screenshot successfully

2022-06-09 18:13:12 - [MESSAGE][PASSED] - Taking screenshot successfully
[[ATTACHMENT|D:\\Projet Test Auto\\Mediabox Test Automation\\Reports\\20220609_181011\\03. Parallel Testing (Testing)\\TS -PT PART 3\\02. Sephora - Full Lifecycle FS Process and Control Tag(Chrome) - headless\\20220609_181026\\1654791192637.png]]

2022-06-09 18:13:12 - [TEST_STEP][PASSED] - project_name = "AutoTest_Controltag_" + RandomStringUtils.randomAlphanumeric(10) + "_" + I.gettimedate(): null

2022-06-09 18:13:12 - [TEST_STEP][PASSED] - setText(findTestObject("HL Full Lifecycle/4 CreateProjPage_inputProjectname"), project_name): Text 'AutoTest_Controltag_IFOmqlqyG0_juin092022_181312' is set on object 'Object Repository/HL Full Lifecycle/4 CreateProjPage_inputProjectname'

2022-06-09 18:13:14 - [MESSAGE][PASSED] - Text 'AutoTest_Controltag_IFOmqlqyG0_juin092022_181312' is set on object 'Object Repository/HL Full Lifecycle/4 CreateProjPage_inputProjectname'

2022-06-09 18:13:14 - [TEST_STEP][PASSED] - click(findTestObject("HL Full Lifecycle/4 CreateProjPage_Create Project_Bluebutton")): Object: 'Object Repository/HL Full Lifecycle/4 CreateProjPage_Create Project_Bluebutton' is clicked on

2022-06-09 18:13:18 - [MESSAGE][PASSED] - Object: 'Object Repository/HL Full Lifecycle/4 CreateProjPage_Create Project_Bluebutton' is clicked on

2022-06-09 18:13:18 - [TEST_STEP][PASSED] - delay(5): Delayed 5 second(s)

2022-06-09 18:13:23 - [MESSAGE][PASSED] - Delayed 5 second(s)

2022-06-09 18:13:23 - [TEST_STEP][PASSED] - takeScreenshot(): Taking screenshot successfully

2022-06-09 18:13:23 - [MESSAGE][PASSED] - Taking screenshot successfully
[[ATTACHMENT|D:\\Projet Test Auto\\Mediabox Test Automation\\Reports\\20220609_181011\\03. Parallel Testing (Testing)\\TS -PT PART 3\\02. Sephora - Full Lifecycle FS Process and Control Tag(Chrome) - headless\\20220609_181026\\1654791203264.png]]

2022-06-09 18:13:23 - [TEST_STEP][PASSED] - selectOptionByValue(findTestObject("HL Full Lifecycle/5 ModifyProjPage_select_DevFS_field"), "atran", true): All options with value 'atran' are selected in object 'Object Repository/HL Full Lifecycle/5 ModifyProjPage_select_DevFS_field'  using regular expression

2022-06-09 18:13:26 - [MESSAGE][PASSED] - All options with value 'atran' are selected in object 'Object Repository/HL Full Lifecycle/5 ModifyProjPage_select_DevFS_field'  using regular expression

2022-06-09 18:13:26 - [TEST_STEP][PASSED] - click(findTestObject("HL Full Lifecycle/5 ModifyProjPage_Add_DevFS_button")): Object: 'Object Repository/HL Full Lifecycle/5 ModifyProjPage_Add_DevFS_button' is clicked on

2022-06-09 18:13:27 - [MESSAGE][PASSED] - Object: 'Object Repository/HL Full Lifecycle/5 ModifyProjPage_Add_DevFS_button' is clicked on

2022-06-09 18:13:27 - [TEST_STEP][PASSED] - delay(5): Delayed 5 second(s)

2022-06-09 18:13:32 - [MESSAGE][PASSED] - Delayed 5 second(s)

2022-06-09 18:13:32 - [TEST_STEP][PASSED] - click(findTestObject("HL Full Lifecycle/5 ModifyProjPage_button_Update")): Object: 'Object Repository/HL Full Lifecycle/5 ModifyProjPage_button_Update' is clicked on

2022-06-09 18:13:36 - [MESSAGE][PASSED] - Object: 'Object Repository/HL Full Lifecycle/5 ModifyProjPage_button_Update' is clicked on

2022-06-09 18:13:36 - [TEST_STEP][PASSED] - delay(5): Delayed 5 second(s)

2022-06-09 18:13:41 - [MESSAGE][PASSED] - Delayed 5 second(s)

2022-06-09 18:13:41 - [TEST_STEP][PASSED] - Project_No = I.ProjectNo(): Current window's url is: 'http://mdb-release.diadeis.lan/MediaboxIndependence/Base/ExecAction?IDSession=MBI%21RELTESTAUTO_SEPHORA%21JG2MH5RI3CF5I9N8J6DJ0CX70QU5D92OQQ88JPZX&default_action=AfficheFichesProjet&id_project=MI001941'

2022-06-09 18:13:46 - [MESSAGE][PASSED] - Delayed 5 second(s)

2022-06-09 18:13:46 - [MESSAGE][PASSED] - Current window's url is: 'http://mdb-release.diadeis.lan/MediaboxIndependence/Base/ExecAction?IDSession=MBI%21RELTESTAUTO_SEPHORA%21JG2MH5RI3CF5I9N8J6DJ0CX70QU5D92OQQ88JPZX&default_action=AfficheFichesProjet&id_project=MI001941'

2022-06-09 18:13:46 - [TEST_STEP][PASSED] - delay(2): Delayed 2 second(s)

2022-06-09 18:13:48 - [MESSAGE][PASSED] - Delayed 2 second(s)

2022-06-09 18:13:48 - [TEST_STEP][PASSED] - click(findTestObject("HL Full Lifecycle/6 ReferenceListPage_createrefbutton")): Object: 'Object Repository/HL Full Lifecycle/6 ReferenceListPage_createrefbutton' is clicked on

2022-06-09 18:13:49 - [MESSAGE][PASSED] - Object: 'Object Repository/HL Full Lifecycle/6 ReferenceListPage_createrefbutton' is clicked on

2022-06-09 18:13:49 - [TEST_STEP][PASSED] - click(findTestObject("HL Full Lifecycle/6 ReferenceListPaga_Create a component_button")): Object: 'Object Repository/HL Full Lifecycle/6 ReferenceListPaga_Create a component_button' is clicked on

2022-06-09 18:13:50 - [MESSAGE][PASSED] - Object: 'Object Repository/HL Full Lifecycle/6 ReferenceListPaga_Create a component_button' is clicked on

2022-06-09 18:13:50 - [TEST_STEP][PASSED] - waitForPageLoad(25): Wait for page load successfully

2022-06-09 18:13:50 - [MESSAGE][PASSED] - Wait for page load successfully

2022-06-09 18:13:50 - [TEST_STEP][PASSED] - takeScreenshot(): Taking screenshot successfully

2022-06-09 18:13:50 - [MESSAGE][PASSED] - Taking screenshot successfully
[[ATTACHMENT|D:\\Projet Test Auto\\Mediabox Test Automation\\Reports\\20220609_181011\\03. Parallel Testing (Testing)\\TS -PT PART 3\\02. Sephora - Full Lifecycle FS Process and Control Tag(Chrome) - headless\\20220609_181026\\1654791230667.png]]

2022-06-09 18:13:50 - [TEST_STEP][PASSED] - I.verifystar("Lifecycle", findTestObject("Object Repository/Control Tag/1.2 asteriximage_controltag", ["field_name":"lifecycle_block"]), log): Taking screenshot successfully

2022-06-09 18:13:51 - [MESSAGE][PASSED] - Object 'Object Repository/Control Tag/1.2 asteriximage_controltag' is visible

2022-06-09 18:13:51 - [MESSAGE][PASSED] - Taking screenshot successfully
[[ATTACHMENT|D:\\Projet Test Auto\\Mediabox Test Automation\\Reports\\20220609_181011\\03. Parallel Testing (Testing)\\TS -PT PART 3\\02. Sephora - Full Lifecycle FS Process and Control Tag(Chrome) - headless\\20220609_181026\\1654791231348.png]]

2022-06-09 18:13:51 - [TEST_STEP][PASSED] - I.verifystar("Component name", findTestObject("Object Repository/Control Tag/1.2 asteriximage_controltag", ["field_name":"ref_name"]), log): Taking screenshot successfully

2022-06-09 18:13:51 - [MESSAGE][PASSED] - Object 'Object Repository/Control Tag/1.2 asteriximage_controltag' is visible

2022-06-09 18:13:52 - [MESSAGE][PASSED] - Taking screenshot successfully
[[ATTACHMENT|D:\\Projet Test Auto\\Mediabox Test Automation\\Reports\\20220609_181011\\03. Parallel Testing (Testing)\\TS -PT PART 3\\02. Sephora - Full Lifecycle FS Process and Control Tag(Chrome) - headless\\20220609_181026\\1654791231976.png]]

2022-06-09 18:13:52 - [TEST_STEP][PASSED] - selectOptionByLabel(findTestObject("HL Full Lifecycle/6 ReferenceList_Choose Lifecycle"), "FS process", false): All options with label 'FS process' are selected in object 'Object Repository/HL Full Lifecycle/6 ReferenceList_Choose Lifecycle' 

2022-06-09 18:13:52 - [MESSAGE][PASSED] - All options with label 'FS process' are selected in object 'Object Repository/HL Full Lifecycle/6 ReferenceList_Choose Lifecycle' 

2022-06-09 18:13:52 - [TEST_STEP][PASSED] - click(findTestObject("HL Full Lifecycle/6 ReferencePg_Create a component_bluebutton")): Object: 'Object Repository/HL Full Lifecycle/6 ReferencePg_Create a component_bluebutton' is clicked on

2022-06-09 18:13:53 - [MESSAGE][PASSED] - Object: 'Object Repository/HL Full Lifecycle/6 ReferencePg_Create a component_bluebutton' is clicked on

2022-06-09 18:13:53 - [TEST_STEP][PASSED] - ErrorMsg1 = "Please fill in a component name": null

2022-06-09 18:13:53 - [TEST_STEP][PASSED] - I.verifyErrormsg_toastr("Component name field ", findTestObject("Control Tag/1.1Toastr_name_msg"), ErrorMsg1, log): Text of object 'Object Repository/Control Tag/1.1Toastr_name_msg' is: '×
Component
Please fill in a component name'

2022-06-09 18:13:53 - [MESSAGE][PASSED] - Object 'Object Repository/Control Tag/1.1Toastr_name_msg' is visible

2022-06-09 18:13:54 - [MESSAGE][PASSED] - Text of object 'Object Repository/Control Tag/1.1Toastr_name_msg' is: '×
Component
Please fill in a component name'

2022-06-09 18:13:54 - [TEST_STEP][PASSED] - takeScreenshot(): Taking screenshot successfully

2022-06-09 18:13:54 - [MESSAGE][PASSED] - Taking screenshot successfully
[[ATTACHMENT|D:\\Projet Test Auto\\Mediabox Test Automation\\Reports\\20220609_181011\\03. Parallel Testing (Testing)\\TS -PT PART 3\\02. Sephora - Full Lifecycle FS Process and Control Tag(Chrome) - headless\\20220609_181026\\1654791234107.png]]

2022-06-09 18:13:54 - [TEST_STEP][PASSED] - click(findTestObject("Object Repository/Control Tag/1.4 Refpage_deselect")): Object: 'Object Repository/Control Tag/1.4 Refpage_deselect' is clicked on

2022-06-09 18:13:54 - [MESSAGE][PASSED] - Object: 'Object Repository/Control Tag/1.4 Refpage_deselect' is clicked on

2022-06-09 18:13:54 - [TEST_STEP][PASSED] - ref_name = RandomStringUtils.randomAlphanumeric(10) + "_" + I.gettimedate(): null

2022-06-09 18:13:54 - [TEST_STEP][PASSED] - setText(findTestObject("HL Full Lifecycle/6 Reference_input_Component name_field"), "Component_" + ref_name): Text 'Component_tfXDkTQWeZ_juin092022_181354' is set on object 'Object Repository/HL Full Lifecycle/6 Reference_input_Component name_field'

2022-06-09 18:13:55 - [MESSAGE][PASSED] - Text 'Component_tfXDkTQWeZ_juin092022_181354' is set on object 'Object Repository/HL Full Lifecycle/6 Reference_input_Component name_field'

2022-06-09 18:13:55 - [TEST_STEP][PASSED] - click(findTestObject("1. Constant/xpath", ["xpath":"//*[@id="ModifFiche"]/div[1]/div/button"])): Object: 'Object Repository/1. Constant/xpath' is clicked on

2022-06-09 18:13:55 - [MESSAGE][PASSED] - Object: 'Object Repository/1. Constant/xpath' is clicked on

2022-06-09 18:13:55 - [TEST_STEP][PASSED] - ErrorMsg2 = "Please select a life cycle": null

2022-06-09 18:13:55 - [TEST_STEP][PASSED] - I.verifyErrormsg_toastr("Lifecycle  field ", findTestObject("Control Tag/1.1Toastr_name_msg"), ErrorMsg2, log): Text of object 'Object Repository/Control Tag/1.1Toastr_name_msg' is: '×
Component
Please select a life cycle'

2022-06-09 18:13:56 - [MESSAGE][PASSED] - Object 'Object Repository/Control Tag/1.1Toastr_name_msg' is visible

2022-06-09 18:13:56 - [MESSAGE][PASSED] - Text of object 'Object Repository/Control Tag/1.1Toastr_name_msg' is: '×
Component
Please select a life cycle'

2022-06-09 18:13:56 - [TEST_STEP][PASSED] - takeScreenshot(): Taking screenshot successfully

2022-06-09 18:13:56 - [MESSAGE][PASSED] - Taking screenshot successfully
[[ATTACHMENT|D:\\Projet Test Auto\\Mediabox Test Automation\\Reports\\20220609_181011\\03. Parallel Testing (Testing)\\TS -PT PART 3\\02. Sephora - Full Lifecycle FS Process and Control Tag(Chrome) - headless\\20220609_181026\\1654791236351.png]]

2022-06-09 18:13:56 - [TEST_STEP][PASSED] - selectOptionByLabel(findTestObject("HL Full Lifecycle/6 ReferenceList_Choose Lifecycle"), "FS process", false): All options with label 'FS process' are selected in object 'Object Repository/HL Full Lifecycle/6 ReferenceList_Choose Lifecycle' 

2022-06-09 18:13:57 - [MESSAGE][PASSED] - All options with label 'FS process' are selected in object 'Object Repository/HL Full Lifecycle/6 ReferenceList_Choose Lifecycle' 

2022-06-09 18:13:57 - [TEST_STEP][PASSED] - click(findTestObject("HL Full Lifecycle/6 ReferencePg_Create a component_bluebutton")): Object: 'Object Repository/HL Full Lifecycle/6 ReferencePg_Create a component_bluebutton' is clicked on

2022-06-09 18:14:00 - [MESSAGE][PASSED] - Object: 'Object Repository/HL Full Lifecycle/6 ReferencePg_Create a component_bluebutton' is clicked on

2022-06-09 18:14:00 - [TEST_STEP][PASSED] - refID = I.RefID(): Current window's url is: 'http://mdb-release.diadeis.lan/MediaboxIndependence/Base/ExecAction?IDSession=MBI%21RELTESTAUTO_SEPHORA%21JG2MH5RI3CF5I9N8J6DJ0CX70QU5D92OQQ88JPZX&default_action=ModifierRef&id_project=MI001941&id_ref=4989&action_from=create_ref'

2022-06-09 18:14:05 - [MESSAGE][PASSED] - Delayed 5 second(s)

2022-06-09 18:14:05 - [MESSAGE][PASSED] - Current window's url is: 'http://mdb-release.diadeis.lan/MediaboxIndependence/Base/ExecAction?IDSession=MBI%21RELTESTAUTO_SEPHORA%21JG2MH5RI3CF5I9N8J6DJ0CX70QU5D92OQQ88JPZX&default_action=ModifierRef&id_project=MI001941&id_ref=4989&action_from=create_ref'

2022-06-09 18:14:06 - [TEST_STEP][PASSED] - click(findTestObject("HL Full Lifecycle/7 ModifyRefPage_button_Save")): Object: 'Object Repository/HL Full Lifecycle/7 ModifyRefPage_button_Save' is clicked on

2022-06-09 18:14:08 - [MESSAGE][PASSED] - Object: 'Object Repository/HL Full Lifecycle/7 ModifyRefPage_button_Save' is clicked on

2022-06-09 18:14:08 - [TEST_STEP][PASSED] - click(findTestObject("Object Repository/HL Full Lifecycle/2 Reflist_submit(atran)", ["refID":"source_" + refID])): Object: 'Object Repository/HL Full Lifecycle/2 Reflist_submit(atran)' is clicked on

2022-06-09 18:14:10 - [MESSAGE][PASSED] - Object: 'Object Repository/HL Full Lifecycle/2 Reflist_submit(atran)' is clicked on

2022-06-09 18:14:10 - [TEST_STEP][PASSED] - takeScreenshot(): Taking screenshot successfully

2022-06-09 18:14:11 - [MESSAGE][PASSED] - Taking screenshot successfully
[[ATTACHMENT|D:\\Projet Test Auto\\Mediabox Test Automation\\Reports\\20220609_181011\\03. Parallel Testing (Testing)\\TS -PT PART 3\\02. Sephora - Full Lifecycle FS Process and Control Tag(Chrome) - headless\\20220609_181026\\1654791251315.png]]

2022-06-09 18:14:11 - [TEST_STEP][PASSED] - I.verifystar("Closing date DDC", findTestObject("Object Repository/Control Tag/1.5 Controltag_onForm", ["field_id":"2"]), log): Taking screenshot successfully

2022-06-09 18:14:11 - [MESSAGE][PASSED] - Object 'Object Repository/Control Tag/1.5 Controltag_onForm' is visible

2022-06-09 18:14:12 - [MESSAGE][PASSED] - Taking screenshot successfully
[[ATTACHMENT|D:\\Projet Test Auto\\Mediabox Test Automation\\Reports\\20220609_181011\\03. Parallel Testing (Testing)\\TS -PT PART 3\\02. Sephora - Full Lifecycle FS Process and Control Tag(Chrome) - headless\\20220609_181026\\1654791252016.png]]

2022-06-09 18:14:12 - [TEST_STEP][PASSED] - I.verifystar("Sending date of the decor document", findTestObject("Object Repository/Control Tag/1.5 Controltag_onForm", ["field_id":"2"]), log): Taking screenshot successfully

2022-06-09 18:14:13 - [MESSAGE][PASSED] - Object 'Object Repository/Control Tag/1.5 Controltag_onForm' is visible

2022-06-09 18:14:13 - [MESSAGE][PASSED] - Taking screenshot successfully
[[ATTACHMENT|D:\\Projet Test Auto\\Mediabox Test Automation\\Reports\\20220609_181011\\03. Parallel Testing (Testing)\\TS -PT PART 3\\02. Sephora - Full Lifecycle FS Process and Control Tag(Chrome) - headless\\20220609_181026\\1654791253196.png]]

2022-06-09 18:14:13 - [TEST_STEP][PASSED] - I.verifystar("Pack typemandatory", findTestObject("Object Repository/Control Tag/1.5 Controltag_onForm", ["field_id":"2"]), log): Taking screenshot successfully

2022-06-09 18:14:14 - [MESSAGE][PASSED] - Object 'Object Repository/Control Tag/1.5 Controltag_onForm' is visible

2022-06-09 18:14:14 - [MESSAGE][PASSED] - Taking screenshot successfully
[[ATTACHMENT|D:\\Projet Test Auto\\Mediabox Test Automation\\Reports\\20220609_181011\\03. Parallel Testing (Testing)\\TS -PT PART 3\\02. Sephora - Full Lifecycle FS Process and Control Tag(Chrome) - headless\\20220609_181026\\1654791254073.png]]

2022-06-09 18:14:14 - [TEST_STEP][PASSED] - scrollToElement(findTestObject("Object Repository/Control Tag/1.5 Controltag_onForm", ["field_id":"2"]), 1): Scroll to object 'Object Repository/Control Tag/1.5 Controltag_onForm' successfully

2022-06-09 18:14:14 - [MESSAGE][PASSED] - Scroll to object 'Object Repository/Control Tag/1.5 Controltag_onForm' successfully

2022-06-09 18:14:14 - [TEST_STEP][PASSED] - I.verifystar("Component type", findTestObject("Object Repository/Control Tag/1.5 Controltag_onForm", ["field_id":"2"]), log): Taking screenshot successfully

2022-06-09 18:14:14 - [MESSAGE][PASSED] - Object 'Object Repository/Control Tag/1.5 Controltag_onForm' is visible

2022-06-09 18:14:14 - [MESSAGE][PASSED] - Taking screenshot successfully
[[ATTACHMENT|D:\\Projet Test Auto\\Mediabox Test Automation\\Reports\\20220609_181011\\03. Parallel Testing (Testing)\\TS -PT PART 3\\02. Sephora - Full Lifecycle FS Process and Control Tag(Chrome) - headless\\20220609_181026\\1654791254695.png]]

2022-06-09 18:14:14 - [TEST_STEP][PASSED] - executeJavaScript("window.scrollTo(0, document.body.scrollHeight)", []): Execute JavaScript 'window.scrollTo(0, document.body.scrollHeight)' successfully

2022-06-09 18:14:15 - [MESSAGE][PASSED] - Execute JavaScript 'window.scrollTo(0, document.body.scrollHeight)' successfully

2022-06-09 18:14:15 - [TEST_STEP][PASSED] - click(findTestObject("Object Repository/HL Full Lifecycle/8 sendtomarketing(atran)")): Object: 'Object Repository/HL Full Lifecycle/8 sendtomarketing(atran)' is clicked on

2022-06-09 18:14:17 - [MESSAGE][PASSED] - Object: 'Object Repository/HL Full Lifecycle/8 sendtomarketing(atran)' is clicked on

2022-06-09 18:14:17 - [TEST_STEP][PASSED] - takeScreenshot(): Taking screenshot successfully

2022-06-09 18:14:18 - [MESSAGE][PASSED] - Taking screenshot successfully
[[ATTACHMENT|D:\\Projet Test Auto\\Mediabox Test Automation\\Reports\\20220609_181011\\03. Parallel Testing (Testing)\\TS -PT PART 3\\02. Sephora - Full Lifecycle FS Process and Control Tag(Chrome) - headless\\20220609_181026\\1654791257967.png]]

2022-06-09 18:14:18 - [TEST_STEP][PASSED] - bError_msg_actualP = getText(findTestObject("Object Repository/Control Tag/1.12 CT Project (atran)")): Text of object 'Object Repository/Control Tag/1.12 CT Project (atran)' is: 'Type is missing
Category is missing
Segment is missing
MAD is missing
Year is missing'

2022-06-09 18:14:18 - [MESSAGE][PASSED] - Text of object 'Object Repository/Control Tag/1.12 CT Project (atran)' is: 'Type is missing
Category is missing
Segment is missing
MAD is missing
Year is missing'

2022-06-09 18:14:18 - [TEST_STEP][PASSED] - lines2P = new java.util.ArrayList(): null

2022-06-09 18:14:18 - [TEST_STEP][PASSED] - line2sP = bError_msg_actualP.split("
"): null

2022-06-09 18:14:18 - [TEST_STEP][PASSED] - if (lines2P.contains("Type is missing") && lines2P.contains("Category is missing") && lines2P.contains("Segment is missing") && lines2P.contains("MAD is missing") && lines2P.contains("Year is missing")): null

2022-06-09 18:14:18 - [TEST_STEP][FAILED] - else: WARNING! The Project Control tag error messages are not displayed the fields: Category, Segment, MAD, Year,  -  Test KO

2022-06-09 18:14:18 - [TEST_STEP][PASSED] - out.println("KO - Missing Control tag on Project"): null

2022-06-09 18:14:18 - [TEST_STEP][FAILED] - log.logFailed("WARNING! The Project Control tag error messages are not displayed the fields: Category, Segment, MAD, Year,  -  Test KO"): WARNING! The Project Control tag error messages are not displayed the fields: Category, Segment, MAD, Year,  -  Test KO

2022-06-09 18:14:18 - [MESSAGE][FAILED] - WARNING! The Project Control tag error messages are not displayed the fields: Category, Segment, MAD, Year,  -  Test KO

2022-06-09 18:14:18 - [TEST_STEP][PASSED] - bError_msg_actual = getText(findTestObject("Object Repository/Control Tag/2.1 CT_ref(atran)")): Text of object 'Object Repository/Control Tag/2.1 CT_ref(atran)' is: 'Type is missing
Category is missing
Segment is missing
MAD is missing
Year is missing'

2022-06-09 18:14:19 - [MESSAGE][PASSED] - Text of object 'Object Repository/Control Tag/2.1 CT_ref(atran)' is: 'Type is missing
Category is missing
Segment is missing
MAD is missing
Year is missing'

2022-06-09 18:14:19 - [TEST_STEP][PASSED] - lines2 = new java.util.ArrayList(): null

2022-06-09 18:14:19 - [TEST_STEP][PASSED] - line2s = bError_msg_actual.split("
"): null

2022-06-09 18:14:19 - [TEST_STEP][PASSED] - if (lines2.contains("Sending date of the decor document is missing") && lines2.contains("Closing date DDC is missing") && lines2.contains("Component type is missing") && lines2.contains("Pack type is missing")): null

2022-06-09 18:14:19 - [TEST_STEP][FAILED] - else: WARNING! The Reference Control tag error messages are not displayed the fields: Closing date DDC,Sending date of the decor document,Pack type, Component type -  Test KO

2022-06-09 18:14:19 - [TEST_STEP][PASSED] - out.println("KO - Missing Control Tag on Reference"): null

2022-06-09 18:14:19 - [TEST_STEP][FAILED] - log.logFailed("WARNING! The Reference Control tag error messages are not displayed the fields: Closing date DDC,Sending date of the decor document,Pack type, Component type -  Test KO"): WARNING! The Reference Control tag error messages are not displayed the fields: Closing date DDC,Sending date of the decor document,Pack type, Component type -  Test KO

2022-06-09 18:14:19 - [MESSAGE][FAILED] - WARNING! The Reference Control tag error messages are not displayed the fields: Closing date DDC,Sending date of the decor document,Pack type, Component type -  Test KO

2022-06-09 18:14:19 - [TEST_STEP][PASSED] - click(findTestObject("Object Repository/Control Tag/2.2 ButtonModifyProject")): Object: 'Object Repository/Control Tag/2.2 ButtonModifyProject' is clicked on

2022-06-09 18:14:21 - [MESSAGE][PASSED] - Object: 'Object Repository/Control Tag/2.2 ButtonModifyProject' is clicked on

2022-06-09 18:14:21 - [TEST_STEP][PASSED] - takeScreenshot(): Taking screenshot successfully

2022-06-09 18:14:22 - [MESSAGE][PASSED] - Taking screenshot successfully
[[ATTACHMENT|D:\\Projet Test Auto\\Mediabox Test Automation\\Reports\\20220609_181011\\03. Parallel Testing (Testing)\\TS -PT PART 3\\02. Sephora - Full Lifecycle FS Process and Control Tag(Chrome) - headless\\20220609_181026\\1654791261875.png]]

2022-06-09 18:14:22 - [TEST_STEP][PASSED] - setText(findTestObject("HL Full Lifecycle/5 ModifyProjPage_input_code_project_field"), "12345"): Text '12345' is set on object 'Object Repository/HL Full Lifecycle/5 ModifyProjPage_input_code_project_field'

2022-06-09 18:14:23 - [MESSAGE][PASSED] - Text '12345' is set on object 'Object Repository/HL Full Lifecycle/5 ModifyProjPage_input_code_project_field'

2022-06-09 18:14:23 - [TEST_STEP][PASSED] - selectOptionByLabel(findTestObject("HL Full Lifecycle/5 ModifyProjPage_dropdown_category_field"), "Hair", true): All options with label 'Hair' are selected in object 'Object Repository/HL Full Lifecycle/5 ModifyProjPage_dropdown_category_field'  using regular expression

2022-06-09 18:14:24 - [MESSAGE][PASSED] - All options with label 'Hair' are selected in object 'Object Repository/HL Full Lifecycle/5 ModifyProjPage_dropdown_category_field'  using regular expression

2022-06-09 18:14:24 - [TEST_STEP][PASSED] - selectOptionByLabel(findTestObject("HL Full Lifecycle/5 ModifyProjPage_dropdown_segment_field"), "BATH BODY", true): All options with label 'BATH BODY' are selected in object 'Object Repository/HL Full Lifecycle/5 ModifyProjPage_dropdown_segment_field'  using regular expression

2022-06-09 18:14:25 - [MESSAGE][PASSED] - All options with label 'BATH BODY' are selected in object 'Object Repository/HL Full Lifecycle/5 ModifyProjPage_dropdown_segment_field'  using regular expression

2022-06-09 18:14:25 - [TEST_STEP][PASSED] - selectOptionByLabel(findTestObject("HL Full Lifecycle/5 ModifyProjPage_dropdown_type_field"), "One Shot", true): All options with label 'One Shot' are selected in object 'Object Repository/HL Full Lifecycle/5 ModifyProjPage_dropdown_type_field'  using regular expression

2022-06-09 18:14:25 - [MESSAGE][PASSED] - All options with label 'One Shot' are selected in object 'Object Repository/HL Full Lifecycle/5 ModifyProjPage_dropdown_type_field'  using regular expression

2022-06-09 18:14:25 - [TEST_STEP][PASSED] - selectOptionByValue(findTestObject("HL Full Lifecycle/5 ModifyProjPage_select_Scope_field"), "20", true): All options with value '20' are selected in object 'Object Repository/HL Full Lifecycle/5 ModifyProjPage_select_Scope_field'  using regular expression

2022-06-09 18:14:25 - [MESSAGE][PASSED] - All options with value '20' are selected in object 'Object Repository/HL Full Lifecycle/5 ModifyProjPage_select_Scope_field'  using regular expression

2022-06-09 18:14:25 - [TEST_STEP][PASSED] - click(findTestObject("HL Full Lifecycle/5 ModifyProjPage_button_Add_Scope_field")): Object: 'Object Repository/HL Full Lifecycle/5 ModifyProjPage_button_Add_Scope_field' is clicked on

2022-06-09 18:14:26 - [MESSAGE][PASSED] - Object: 'Object Repository/HL Full Lifecycle/5 ModifyProjPage_button_Add_Scope_field' is clicked on

2022-06-09 18:14:26 - [TEST_STEP][PASSED] - selectOptionByLabel(findTestObject("HL Full Lifecycle/5 ModifyProjPage_dropdown_MAD_field"), "Christmas", true): All options with label 'Christmas' are selected in object 'Object Repository/HL Full Lifecycle/5 ModifyProjPage_dropdown_MAD_field'  using regular expression

2022-06-09 18:14:26 - [MESSAGE][PASSED] - All options with label 'Christmas' are selected in object 'Object Repository/HL Full Lifecycle/5 ModifyProjPage_dropdown_MAD_field'  using regular expression

2022-06-09 18:14:26 - [TEST_STEP][PASSED] - click(findTestObject("HL Full Lifecycle/5 ModifyProjPage_date_select2-var_35-container_field")): Object: 'Object Repository/HL Full Lifecycle/5 ModifyProjPage_date_select2-var_35-container_field' is clicked on

2022-06-09 18:14:27 - [MESSAGE][PASSED] - Object: 'Object Repository/HL Full Lifecycle/5 ModifyProjPage_date_select2-var_35-container_field' is clicked on

2022-06-09 18:14:27 - [TEST_STEP][PASSED] - selectOptionByValue(findTestObject("HL Full Lifecycle/5 ModifyProjPage_dropdown_year_field"), "119", true): All options with value '119' are selected in object 'Object Repository/HL Full Lifecycle/5 ModifyProjPage_dropdown_year_field'  using regular expression

2022-06-09 18:14:27 - [MESSAGE][PASSED] - All options with value '119' are selected in object 'Object Repository/HL Full Lifecycle/5 ModifyProjPage_dropdown_year_field'  using regular expression

2022-06-09 18:14:27 - [TEST_STEP][PASSED] - click(findTestObject("HL Full Lifecycle/5 ModifyProjPage_date_select2-var_35-container_field")): Object: 'Object Repository/HL Full Lifecycle/5 ModifyProjPage_date_select2-var_35-container_field' is clicked on

2022-06-09 18:14:28 - [MESSAGE][PASSED] - Object: 'Object Repository/HL Full Lifecycle/5 ModifyProjPage_date_select2-var_35-container_field' is clicked on

2022-06-09 18:14:28 - [TEST_STEP][PASSED] - selectOptionByValue(findTestObject("HL Full Lifecycle/5 ModifyProjPage_select_DevPack_field"), "devpack", true): All options with value 'devpack' are selected in object 'Object Repository/HL Full Lifecycle/5 ModifyProjPage_select_DevPack_field'  using regular expression

2022-06-09 18:14:28 - [MESSAGE][PASSED] - All options with value 'devpack' are selected in object 'Object Repository/HL Full Lifecycle/5 ModifyProjPage_select_DevPack_field'  using regular expression

2022-06-09 18:14:28 - [TEST_STEP][PASSED] - click(findTestObject("HL Full Lifecycle/5 ModifyProjPage_button_Add_DevPack_field")): Object: 'Object Repository/HL Full Lifecycle/5 ModifyProjPage_button_Add_DevPack_field' is clicked on

2022-06-09 18:14:29 - [MESSAGE][PASSED] - Object: 'Object Repository/HL Full Lifecycle/5 ModifyProjPage_button_Add_DevPack_field' is clicked on

2022-06-09 18:14:29 - [TEST_STEP][PASSED] - selectOptionByValue(findTestObject("HL Full Lifecycle/5 ModifyProjPage_select_Marketing_field"), "marketing", true): All options with value 'marketing' are selected in object 'Object Repository/HL Full Lifecycle/5 ModifyProjPage_select_Marketing_field'  using regular expression

2022-06-09 18:14:33 - [MESSAGE][PASSED] - All options with value 'marketing' are selected in object 'Object Repository/HL Full Lifecycle/5 ModifyProjPage_select_Marketing_field'  using regular expression

2022-06-09 18:14:33 - [TEST_STEP][PASSED] - click(findTestObject("HL Full Lifecycle/5 ModifyProjPage_Add_Marketing_button")): Object: 'Object Repository/HL Full Lifecycle/5 ModifyProjPage_Add_Marketing_button' is clicked on

2022-06-09 18:14:34 - [MESSAGE][PASSED] - Object: 'Object Repository/HL Full Lifecycle/5 ModifyProjPage_Add_Marketing_button' is clicked on

2022-06-09 18:14:34 - [TEST_STEP][PASSED] - selectOptionByValue(findTestObject("HL Full Lifecycle/5 ModifyProjPage_select_Regulatory_field"), "regulatory", true): All options with value 'regulatory' are selected in object 'Object Repository/HL Full Lifecycle/5 ModifyProjPage_select_Regulatory_field'  using regular expression

2022-06-09 18:14:34 - [MESSAGE][PASSED] - All options with value 'regulatory' are selected in object 'Object Repository/HL Full Lifecycle/5 ModifyProjPage_select_Regulatory_field'  using regular expression

2022-06-09 18:14:34 - [TEST_STEP][PASSED] - click(findTestObject("HL Full Lifecycle/5 ModifyProjPage_Add_Regulatory_button")): Object: 'Object Repository/HL Full Lifecycle/5 ModifyProjPage_Add_Regulatory_button' is clicked on

2022-06-09 18:14:35 - [MESSAGE][PASSED] - Object: 'Object Repository/HL Full Lifecycle/5 ModifyProjPage_Add_Regulatory_button' is clicked on

2022-06-09 18:14:35 - [TEST_STEP][PASSED] - selectOptionByValue(findTestObject("HL Full Lifecycle/5 ModifyProjPage_select_Studio_field"), "studio", true): All options with value 'studio' are selected in object 'Object Repository/HL Full Lifecycle/5 ModifyProjPage_select_Studio_field'  using regular expression

2022-06-09 18:14:35 - [MESSAGE][PASSED] - All options with value 'studio' are selected in object 'Object Repository/HL Full Lifecycle/5 ModifyProjPage_select_Studio_field'  using regular expression

2022-06-09 18:14:35 - [TEST_STEP][PASSED] - click(findTestObject("HL Full Lifecycle/5 ModifyProjPage_Add_Studio_button")): Object: 'Object Repository/HL Full Lifecycle/5 ModifyProjPage_Add_Studio_button' is clicked on

2022-06-09 18:14:35 - [MESSAGE][PASSED] - Object: 'Object Repository/HL Full Lifecycle/5 ModifyProjPage_Add_Studio_button' is clicked on

2022-06-09 18:14:35 - [TEST_STEP][PASSED] - click(findTestObject("HL Full Lifecycle/5 ModifyProjPage_button_Update")): Object: 'Object Repository/HL Full Lifecycle/5 ModifyProjPage_button_Update' is clicked on

2022-06-09 18:14:39 - [MESSAGE][PASSED] - Object: 'Object Repository/HL Full Lifecycle/5 ModifyProjPage_button_Update' is clicked on

2022-06-09 18:14:39 - [TEST_STEP][PASSED] - click(findTestObject("Object Repository/HL Full Lifecycle/2 Reflist_submit(atran)", ["refID":"source_" + refID])): Object: 'Object Repository/HL Full Lifecycle/2 Reflist_submit(atran)' is clicked on

2022-06-09 18:14:41 - [MESSAGE][PASSED] - Object: 'Object Repository/HL Full Lifecycle/2 Reflist_submit(atran)' is clicked on

2022-06-09 18:14:41 - [TEST_STEP][PASSED] - click(findTestObject("Object Repository/HL Full Lifecycle/8 sendtomarketing(atran)")): Object: 'Object Repository/HL Full Lifecycle/8 sendtomarketing(atran)' is clicked on

2022-06-09 18:14:43 - [MESSAGE][PASSED] - Object: 'Object Repository/HL Full Lifecycle/8 sendtomarketing(atran)' is clicked on

2022-06-09 18:14:43 - [TEST_STEP][PASSED] - takeScreenshot(): Taking screenshot successfully

2022-06-09 18:14:44 - [MESSAGE][PASSED] - Taking screenshot successfully
[[ATTACHMENT|D:\\Projet Test Auto\\Mediabox Test Automation\\Reports\\20220609_181011\\03. Parallel Testing (Testing)\\TS -PT PART 3\\02. Sephora - Full Lifecycle FS Process and Control Tag(Chrome) - headless\\20220609_181026\\1654791284038.png]]

2022-06-09 18:14:44 - [TEST_STEP][PASSED] - bError_msg_actual1 = getText(findTestObject("Object Repository/Control Tag/2.1 CT_ref(atran)")): Text of object 'Object Repository/Control Tag/2.1 CT_ref(atran)' is: 'Sending date of the decor document is missing
Closing date DDC is missing
Component type is missing
Pack type is missing'

2022-06-09 18:14:44 - [MESSAGE][PASSED] - Text of object 'Object Repository/Control Tag/2.1 CT_ref(atran)' is: 'Sending date of the decor document is missing
Closing date DDC is missing
Component type is missing
Pack type is missing'

2022-06-09 18:14:44 - [TEST_STEP][PASSED] - lines21 = new java.util.ArrayList(): null

2022-06-09 18:14:44 - [TEST_STEP][PASSED] - line2s = bError_msg_actual1.split("
"): null

2022-06-09 18:14:44 - [TEST_STEP][PASSED] - if (lines21.contains("Sending date of the decor document is missing") && lines21.contains("Closing date DDC is missing") && lines21.contains("Component type is missing") && lines21.contains("Pack type is missing")): null

2022-06-09 18:14:44 - [TEST_STEP][FAILED] - else: WARNING! The Control tag error messages are not displayed the fields: Closing date DDC,Sending date of the decor document,Pack type, Component type -  Test KO

2022-06-09 18:14:44 - [TEST_STEP][PASSED] - out.println("KO - Missing Control Tag on Reference"): null

2022-06-09 18:14:44 - [TEST_STEP][FAILED] - log.logFailed("WARNING! The Control tag error messages are not displayed the fields: Closing date DDC,Sending date of the decor document,Pack type, Component type -  Test KO"): WARNING! The Control tag error messages are not displayed the fields: Closing date DDC,Sending date of the decor document,Pack type, Component type -  Test KO

2022-06-09 18:14:44 - [MESSAGE][FAILED] - WARNING! The Control tag error messages are not displayed the fields: Closing date DDC,Sending date of the decor document,Pack type, Component type -  Test KO

2022-06-09 18:14:44 - [TEST_STEP][PASSED] - delay(1): Delayed 1 second(s)

2022-06-09 18:14:45 - [MESSAGE][PASSED] - Delayed 1 second(s)

2022-06-09 18:14:45 - [TEST_STEP][PASSED] - click(findTestObject("Object Repository/Control Tag/2.23 Button Modify Component (atran)")): Object: 'Object Repository/Control Tag/2.23 Button Modify Component (atran)' is clicked on

2022-06-09 18:14:47 - [MESSAGE][PASSED] - Object: 'Object Repository/Control Tag/2.23 Button Modify Component (atran)' is clicked on

2022-06-09 18:14:47 - [TEST_STEP][PASSED] - click(findTestObject("Object Repository/Control Tag/2.3 cancelbutton(atran)")): Object: 'Object Repository/Control Tag/2.3 cancelbutton(atran)' is clicked on

2022-06-09 18:14:50 - [MESSAGE][PASSED] - Object: 'Object Repository/Control Tag/2.3 cancelbutton(atran)' is clicked on

2022-06-09 18:14:50 - [TEST_STEP][PASSED] - click(findTestObject("Object Repository/HL Full Lifecycle/2 Reflist_submit(atran)", ["refID":"source_" + refID])): Object: 'Object Repository/HL Full Lifecycle/2 Reflist_submit(atran)' is clicked on

2022-06-09 18:14:53 - [MESSAGE][PASSED] - Object: 'Object Repository/HL Full Lifecycle/2 Reflist_submit(atran)' is clicked on

2022-06-09 18:14:53 - [TEST_STEP][PASSED] - "User atran: modify the following fields:": null

2022-06-09 18:14:53 - [TEST_STEP][PASSED] - selectOptionByLabel(findTestObject("HL Full Lifecycle/7 ModifyRefPage_Select_DDC Status_field"), "Complete", false): All options with label 'Complete' are selected in object 'Object Repository/HL Full Lifecycle/7 ModifyRefPage_Select_DDC Status_field' 

2022-06-09 18:14:55 - [MESSAGE][PASSED] - All options with label 'Complete' are selected in object 'Object Repository/HL Full Lifecycle/7 ModifyRefPage_Select_DDC Status_field' 

2022-06-09 18:14:55 - [TEST_STEP][PASSED] - click(findTestObject("Object Repository/Control Tag/2.4 Closing Date")): Object: 'Object Repository/Control Tag/2.4 Closing Date' is clicked on

2022-06-09 18:14:56 - [MESSAGE][PASSED] - Object: 'Object Repository/Control Tag/2.4 Closing Date' is clicked on

2022-06-09 18:14:56 - [TEST_STEP][PASSED] - click(findTestObject("Object Repository/Control Tag/2.5 Closing date (choose date)")): Object: 'Object Repository/Control Tag/2.5 Closing date (choose date)' is clicked on

2022-06-09 18:14:57 - [MESSAGE][PASSED] - Object: 'Object Repository/Control Tag/2.5 Closing date (choose date)' is clicked on

2022-06-09 18:14:57 - [TEST_STEP][PASSED] - delay(1): Delayed 1 second(s)

2022-06-09 18:14:58 - [MESSAGE][PASSED] - Delayed 1 second(s)

2022-06-09 18:14:58 - [TEST_STEP][PASSED] - click(findTestObject("HL Full Lifecycle/7 ModifyRefPage_la-calendar_field")): Object: 'Object Repository/HL Full Lifecycle/7 ModifyRefPage_la-calendar_field' is clicked on

2022-06-09 18:14:58 - [MESSAGE][PASSED] - Object: 'Object Repository/HL Full Lifecycle/7 ModifyRefPage_la-calendar_field' is clicked on

2022-06-09 18:14:58 - [TEST_STEP][PASSED] - delay(1): Delayed 1 second(s)

2022-06-09 18:14:59 - [MESSAGE][PASSED] - Delayed 1 second(s)

2022-06-09 18:14:59 - [TEST_STEP][PASSED] - click(findTestObject("Object Repository/Control Tag/2.5 Closing date (choose date)")): Object: 'Object Repository/Control Tag/2.5 Closing date (choose date)' is clicked on

2022-06-09 18:14:59 - [MESSAGE][PASSED] - Object: 'Object Repository/Control Tag/2.5 Closing date (choose date)' is clicked on

2022-06-09 18:14:59 - [TEST_STEP][PASSED] - selectOptionByLabel(findTestObject("HL Full Lifecycle/7 ModifyRefPage_Select_Pack_Type"), "Primaire", false): All options with label 'Primaire' are selected in object 'Object Repository/HL Full Lifecycle/7 ModifyRefPage_Select_Pack_Type' 

2022-06-09 18:14:59 - [MESSAGE][PASSED] - All options with label 'Primaire' are selected in object 'Object Repository/HL Full Lifecycle/7 ModifyRefPage_Select_Pack_Type' 

2022-06-09 18:14:59 - [TEST_STEP][PASSED] - selectOptionByLabel(findTestObject("HL Full Lifecycle/7 ModifyRefPage_Select_Component_Type"), "Etui", false): All options with label 'Etui' are selected in object 'Object Repository/HL Full Lifecycle/7 ModifyRefPage_Select_Component_Type' 

2022-06-09 18:14:59 - [MESSAGE][PASSED] - All options with label 'Etui' are selected in object 'Object Repository/HL Full Lifecycle/7 ModifyRefPage_Select_Component_Type' 

2022-06-09 18:14:59 - [TEST_STEP][PASSED] - selectOptionByLabel(findTestObject("HL Full Lifecycle/7 ModifyRefPage_Select_printer"), "AIRCOS", false): All options with label 'AIRCOS' are selected in object 'Object Repository/HL Full Lifecycle/7 ModifyRefPage_Select_printer' 

2022-06-09 18:15:00 - [MESSAGE][PASSED] - All options with label 'AIRCOS' are selected in object 'Object Repository/HL Full Lifecycle/7 ModifyRefPage_Select_printer' 

2022-06-09 18:15:00 - [TEST_STEP][PASSED] - waitForPageLoad(5): Wait for page load successfully

2022-06-09 18:15:00 - [MESSAGE][PASSED] - Wait for page load successfully

2022-06-09 18:15:00 - [TEST_STEP][PASSED] - executeJavaScript("window.scrollTo(0, document.body.scrollHeight)", []): Execute JavaScript 'window.scrollTo(0, document.body.scrollHeight)' successfully

2022-06-09 18:15:00 - [MESSAGE][PASSED] - Execute JavaScript 'window.scrollTo(0, document.body.scrollHeight)' successfully

2022-06-09 18:15:00 - [TEST_STEP][PASSED] - click(findTestObject("Object Repository/HL Full Lifecycle/8 sendtomarketing(atran)")): Object: 'Object Repository/HL Full Lifecycle/8 sendtomarketing(atran)' is clicked on

2022-06-09 18:15:04 - [MESSAGE][PASSED] - Object: 'Object Repository/HL Full Lifecycle/8 sendtomarketing(atran)' is clicked on

2022-06-09 18:15:04 - [TEST_STEP][PASSED] - I.Logout(): Delayed 3 second(s)

2022-06-09 18:15:07 - [MESSAGE][PASSED] - Delayed 3 second(s)

2022-06-09 18:15:09 - [MESSAGE][PASSED] - Object: 'Object Repository/1. Constant/xpath' is clicked on

2022-06-09 18:15:12 - [MESSAGE][PASSED] - Delayed 3 second(s)

2022-06-09 18:15:15 - [MESSAGE][PASSED] - Object: 'Object Repository/1. Constant/xpath' is clicked on

2022-06-09 18:15:18 - [MESSAGE][PASSED] - Delayed 3 second(s)

2022-06-09 18:15:18 - [TEST_STEP][PASSED] - I.Login_password("marketing", password_marketing): Object: 'Object Repository/1. Constant/xpath' is clicked on

2022-06-09 18:15:18 - [MESSAGE][PASSED] - Text 'marketing' is set on object 'Object Repository/1. Constant/xpath'

2022-06-09 18:15:19 - [MESSAGE][PASSED] - Delayed 1 second(s)

2022-06-09 18:15:19 - [MESSAGE][PASSED] - Text 'dchi3' is set on object 'Object Repository/1. Constant/xpath'

2022-06-09 18:15:20 - [MESSAGE][PASSED] - Delayed 1 second(s)

2022-06-09 18:15:23 - [MESSAGE][PASSED] - Object: 'Object Repository/1. Constant/xpath' is clicked on

2022-06-09 18:15:23 - [TEST_STEP][PASSED] - takeScreenshot(): Taking screenshot successfully

2022-06-09 18:15:24 - [MESSAGE][PASSED] - Taking screenshot successfully
[[ATTACHMENT|D:\\Projet Test Auto\\Mediabox Test Automation\\Reports\\20220609_181011\\03. Parallel Testing (Testing)\\TS -PT PART 3\\02. Sephora - Full Lifecycle FS Process and Control Tag(Chrome) - headless\\20220609_181026\\1654791324037.png]]

2022-06-09 18:15:24 - [TEST_STEP][PASSED] - click(findTestObject("1. Constant/02_LHSMenu_Projects")): Object: 'Object Repository/1. Constant/02_LHSMenu_Projects' is clicked on

2022-06-09 18:15:26 - [MESSAGE][PASSED] - Object: 'Object Repository/1. Constant/02_LHSMenu_Projects' is clicked on

2022-06-09 18:15:26 - [TEST_STEP][PASSED] - I.SearchProjectNo(Project_No, findTestObject("HL Full Lifecycle/9 Filter_Button_Apply")): Delayed 5 second(s)

2022-06-09 18:15:32 - [MESSAGE][PASSED] - Text 'MI001941' is set on object 'Object Repository/1. Constant/xpath'

2022-06-09 18:15:35 - [MESSAGE][PASSED] - Delayed 3 second(s)

2022-06-09 18:15:39 - [MESSAGE][PASSED] - Object: 'Object Repository/HL Full Lifecycle/9 Filter_Button_Apply' is clicked on

2022-06-09 18:15:44 - [MESSAGE][PASSED] - Delayed 5 second(s)

2022-06-09 18:15:44 - [TEST_STEP][PASSED] - delay(3): Delayed 3 second(s)

2022-06-09 18:15:47 - [MESSAGE][PASSED] - Delayed 3 second(s)

2022-06-09 18:15:47 - [TEST_STEP][PASSED] - click(findTestObject("HL Full Lifecycle/9 RefPage_i_B_fa fa-arrow-circle-right_1", ["refID":"source_" + refID])): Object: 'Object Repository/HL Full Lifecycle/9 RefPage_i_B_fa fa-arrow-circle-right_1' is clicked on

2022-06-09 18:15:50 - [MESSAGE][PASSED] - Object: 'Object Repository/HL Full Lifecycle/9 RefPage_i_B_fa fa-arrow-circle-right_1' is clicked on

2022-06-09 18:15:50 - [TEST_STEP][PASSED] - click(findTestObject("HL Full Lifecycle/9 RefPage_button_Send to Regulatory")): Object: 'Object Repository/HL Full Lifecycle/9 RefPage_button_Send to Regulatory' is clicked on

2022-06-09 18:15:53 - [MESSAGE][PASSED] - Object: 'Object Repository/HL Full Lifecycle/9 RefPage_button_Send to Regulatory' is clicked on

2022-06-09 18:15:53 - [TEST_STEP][PASSED] - takeScreenshot(): Taking screenshot successfully

2022-06-09 18:15:53 - [MESSAGE][PASSED] - Taking screenshot successfully
[[ATTACHMENT|D:\\Projet Test Auto\\Mediabox Test Automation\\Reports\\20220609_181011\\03. Parallel Testing (Testing)\\TS -PT PART 3\\02. Sephora - Full Lifecycle FS Process and Control Tag(Chrome) - headless\\20220609_181026\\1654791353234.png]]

2022-06-09 18:15:53 - [TEST_STEP][PASSED] - I.Logout(): Delayed 3 second(s)

2022-06-09 18:15:56 - [MESSAGE][PASSED] - Delayed 3 second(s)

2022-06-09 18:15:58 - [MESSAGE][PASSED] - Object: 'Object Repository/1. Constant/xpath' is clicked on

2022-06-09 18:16:01 - [MESSAGE][PASSED] - Delayed 3 second(s)

2022-06-09 18:16:02 - [MESSAGE][PASSED] - Object: 'Object Repository/1. Constant/xpath' is clicked on

2022-06-09 18:16:05 - [MESSAGE][PASSED] - Delayed 3 second(s)

2022-06-09 18:16:05 - [TEST_STEP][PASSED] - I.Login_password("regulatory", password_regulatory): Object: 'Object Repository/1. Constant/xpath' is clicked on

2022-06-09 18:16:06 - [MESSAGE][PASSED] - Text 'regulatory' is set on object 'Object Repository/1. Constant/xpath'

2022-06-09 18:16:07 - [MESSAGE][PASSED] - Delayed 1 second(s)

2022-06-09 18:16:07 - [MESSAGE][PASSED] - Text 'dchi3' is set on object 'Object Repository/1. Constant/xpath'

2022-06-09 18:16:08 - [MESSAGE][PASSED] - Delayed 1 second(s)

2022-06-09 18:16:12 - [MESSAGE][PASSED] - Object: 'Object Repository/1. Constant/xpath' is clicked on

2022-06-09 18:16:12 - [TEST_STEP][PASSED] - click(findTestObject("1. Constant/02_LHSMenu_Projects")): Object: 'Object Repository/1. Constant/02_LHSMenu_Projects' is clicked on

2022-06-09 18:16:16 - [MESSAGE][PASSED] - Object: 'Object Repository/1. Constant/02_LHSMenu_Projects' is clicked on

2022-06-09 18:16:16 - [TEST_STEP][PASSED] - I.SearchProjectNo(Project_No, findTestObject("HL Full Lifecycle/9 Filter_Button_Apply")): Delayed 5 second(s)

2022-06-09 18:16:17 - [MESSAGE][PASSED] - Text 'MI001941' is set on object 'Object Repository/1. Constant/xpath'

2022-06-09 18:16:20 - [MESSAGE][PASSED] - Delayed 3 second(s)

2022-06-09 18:16:22 - [MESSAGE][PASSED] - Object: 'Object Repository/HL Full Lifecycle/9 Filter_Button_Apply' is clicked on

2022-06-09 18:16:27 - [MESSAGE][PASSED] - Delayed 5 second(s)

2022-06-09 18:16:27 - [TEST_STEP][PASSED] - click(findTestObject("HL Full Lifecycle/10.1_RefPage_questionphase", ["refID":"source_" + refID])): Object: 'Object Repository/HL Full Lifecycle/10.1_RefPage_questionphase' is clicked on

2022-06-09 18:16:28 - [MESSAGE][PASSED] - Object: 'Object Repository/HL Full Lifecycle/10.1_RefPage_questionphase' is clicked on

2022-06-09 18:16:28 - [TEST_STEP][PASSED] - takeScreenshot(): Taking screenshot successfully

2022-06-09 18:16:29 - [MESSAGE][PASSED] - Taking screenshot successfully
[[ATTACHMENT|D:\\Projet Test Auto\\Mediabox Test Automation\\Reports\\20220609_181011\\03. Parallel Testing (Testing)\\TS -PT PART 3\\02. Sephora - Full Lifecycle FS Process and Control Tag(Chrome) - headless\\20220609_181026\\1654791388678.png]]

2022-06-09 18:16:29 - [TEST_STEP][PASSED] - click(findTestObject("HL Full Lifecycle/10.2 ReferencPAge_button_Send to studio", ["refID":"source_" + refID])): Object: 'Object Repository/HL Full Lifecycle/10.2 ReferencPAge_button_Send to studio' is clicked on

2022-06-09 18:16:32 - [MESSAGE][PASSED] - Object: 'Object Repository/HL Full Lifecycle/10.2 ReferencPAge_button_Send to studio' is clicked on

2022-06-09 18:16:32 - [TEST_STEP][PASSED] - click(findTestObject("HL Full Lifecycle/10.3 RefPage_Submitstudio")): Object: 'Object Repository/HL Full Lifecycle/10.3 RefPage_Submitstudio' is clicked on

2022-06-09 18:16:37 - [MESSAGE][PASSED] - Object: 'Object Repository/HL Full Lifecycle/10.3 RefPage_Submitstudio' is clicked on

2022-06-09 18:16:37 - [TEST_STEP][PASSED] - takeScreenshot(): Taking screenshot successfully

2022-06-09 18:16:37 - [MESSAGE][PASSED] - Taking screenshot successfully
[[ATTACHMENT|D:\\Projet Test Auto\\Mediabox Test Automation\\Reports\\20220609_181011\\03. Parallel Testing (Testing)\\TS -PT PART 3\\02. Sephora - Full Lifecycle FS Process and Control Tag(Chrome) - headless\\20220609_181026\\1654791397393.png]]

2022-06-09 18:16:37 - [TEST_STEP][PASSED] - I.Logout(): Delayed 3 second(s)

2022-06-09 18:16:40 - [MESSAGE][PASSED] - Delayed 3 second(s)

2022-06-09 18:16:43 - [MESSAGE][PASSED] - Object: 'Object Repository/1. Constant/xpath' is clicked on

2022-06-09 18:16:46 - [MESSAGE][PASSED] - Delayed 3 second(s)

2022-06-09 18:16:49 - [MESSAGE][PASSED] - Object: 'Object Repository/1. Constant/xpath' is clicked on

2022-06-09 18:16:52 - [MESSAGE][PASSED] - Delayed 3 second(s)

2022-06-09 18:16:52 - [TEST_STEP][PASSED] - I.Login_password("studio", password_studio): Object: 'Object Repository/1. Constant/xpath' is clicked on

2022-06-09 18:16:53 - [MESSAGE][PASSED] - Text 'studio' is set on object 'Object Repository/1. Constant/xpath'

2022-06-09 18:16:54 - [MESSAGE][PASSED] - Delayed 1 second(s)

2022-06-09 18:16:55 - [MESSAGE][PASSED] - Text 'dchi4' is set on object 'Object Repository/1. Constant/xpath'

2022-06-09 18:16:56 - [MESSAGE][PASSED] - Delayed 1 second(s)

2022-06-09 18:17:00 - [MESSAGE][PASSED] - Object: 'Object Repository/1. Constant/xpath' is clicked on

2022-06-09 18:17:00 - [TEST_STEP][PASSED] - click(findTestObject("1. Constant/02_LHSMenu_Projects")): Object: 'Object Repository/1. Constant/02_LHSMenu_Projects' is clicked on

2022-06-09 18:17:03 - [MESSAGE][PASSED] - Object: 'Object Repository/1. Constant/02_LHSMenu_Projects' is clicked on

2022-06-09 18:17:03 - [TEST_STEP][PASSED] - I.SearchProjectNo(Project_No, findTestObject("HL Full Lifecycle/9 Filter_Button_Apply")): Delayed 5 second(s)

2022-06-09 18:17:04 - [MESSAGE][PASSED] - Text 'MI001941' is set on object 'Object Repository/1. Constant/xpath'

2022-06-09 18:17:07 - [MESSAGE][PASSED] - Delayed 3 second(s)

2022-06-09 18:17:10 - [MESSAGE][PASSED] - Object: 'Object Repository/HL Full Lifecycle/9 Filter_Button_Apply' is clicked on

2022-06-09 18:17:15 - [MESSAGE][PASSED] - Delayed 5 second(s)

2022-06-09 18:17:15 - [TEST_STEP][PASSED] - waitForElementClickable(findTestObject("HL Full Lifecycle/10.10 RefPage_Question", ["refID":"source_" + refID]), 10): Object 'Object Repository/HL Full Lifecycle/10.10 RefPage_Question' is clickable

2022-06-09 18:17:15 - [MESSAGE][PASSED] - Object 'Object Repository/HL Full Lifecycle/10.10 RefPage_Question' is clickable

2022-06-09 18:17:15 - [TEST_STEP][PASSED] - click(findTestObject("HL Full Lifecycle/10.10 RefPage_Question", ["refID":"source_" + refID])): Object: 'Object Repository/HL Full Lifecycle/10.10 RefPage_Question' is clicked on

2022-06-09 18:17:15 - [MESSAGE][PASSED] - Object: 'Object Repository/HL Full Lifecycle/10.10 RefPage_Question' is clicked on

2022-06-09 18:17:15 - [TEST_STEP][PASSED] - click(findTestObject("HL Full Lifecycle/11 ReferencePage_Question_a_Accept the brief", ["refID":"source_" + refID])): Object: 'Object Repository/HL Full Lifecycle/11 ReferencePage_Question_a_Accept the brief' is clicked on

2022-06-09 18:17:17 - [MESSAGE][PASSED] - Object: 'Object Repository/HL Full Lifecycle/11 ReferencePage_Question_a_Accept the brief' is clicked on

2022-06-09 18:17:17 - [TEST_STEP][PASSED] - click(findTestObject("HL Full Lifecycle/11 RefPage_Button_AcceptBrief", ["refID":"source_" + refID])): Object: 'Object Repository/HL Full Lifecycle/11 RefPage_Button_AcceptBrief' is clicked on

2022-06-09 18:17:21 - [MESSAGE][PASSED] - Object: 'Object Repository/HL Full Lifecycle/11 RefPage_Button_AcceptBrief' is clicked on

2022-06-09 18:17:21 - [TEST_STEP][PASSED] - delay(1): Delayed 1 second(s)

2022-06-09 18:17:22 - [MESSAGE][PASSED] - Delayed 1 second(s)

2022-06-09 18:17:22 - [TEST_STEP][PASSED] - color1 = getCSSValue(findTestObject("1. Constant/xpath", ["xpath":"//*[@id="source_" + refID + ""]/td[8]/a"]), "color", OPTIONAL): Get CSS 'color' value on 'Object Repository/1. Constant/xpath' successfully: 'rgba(255, 255, 255, 1)'.

2022-06-09 18:17:24 - [MESSAGE][PASSED] - Get CSS 'color' value on 'Object Repository/1. Constant/xpath' successfully: 'rgba(255, 255, 255, 1)'.

2022-06-09 18:17:24 - [TEST_STEP][PASSED] - I.print(color1): null

2022-06-09 18:17:24 - [TEST_STEP][PASSED] - while (color1 == "rgba(255, 255, 255, 1)"): Get CSS 'color' value on 'Object Repository/1. Constant/xpath' successfully: 'rgba(54, 153, 255, 1)'.

2022-06-09 18:17:24 - [TEST_STEP][PASSED] - click(findTestObject("1. Constant/xpath", ["xpath":"//*[@id="source_" + refID + ""]/td[8]/a"])): Object: 'Object Repository/1. Constant/xpath' is clicked on

2022-06-09 18:17:25 - [MESSAGE][PASSED] - Object: 'Object Repository/1. Constant/xpath' is clicked on

2022-06-09 18:17:25 - [TEST_STEP][PASSED] - I.UploadDoc_sendkey_Prod(findTestObject("1. Constant/xpath", ["xpath":"//*[@id="kt_body"]/input[2]"]), "D:\Upoad_File\Upload doc\testdata1.pdf", "testdata1"): Delayed 5 second(s)

2022-06-09 18:17:26 - [MESSAGE][PASSED] - Scroll to object 'Object Repository/1. Constant/xpath' successfully

2022-06-09 18:17:31 - [MESSAGE][PASSED] - Delayed 5 second(s)

2022-06-09 18:17:31 - [MESSAGE][PASSED] - File 'D:\Upoad_File\Upload doc\testdata1.pdf' sent to object: 'Object Repository/1. Constant/xpath'

2022-06-09 18:17:36 - [MESSAGE][PASSED] - Delayed 5 second(s)

2022-06-09 18:17:36 - [MESSAGE][PASSED] - Text 'testdata1' is present on page 

2022-06-09 18:17:41 - [MESSAGE][PASSED] - Delayed 5 second(s)

2022-06-09 18:17:46 - [MESSAGE][PASSED] - Delayed 5 second(s)

2022-06-09 18:17:46 - [TEST_STEP][PASSED] - takeScreenshot(): Taking screenshot successfully

2022-06-09 18:17:47 - [MESSAGE][PASSED] - Taking screenshot successfully
[[ATTACHMENT|D:\\Projet Test Auto\\Mediabox Test Automation\\Reports\\20220609_181011\\03. Parallel Testing (Testing)\\TS -PT PART 3\\02. Sephora - Full Lifecycle FS Process and Control Tag(Chrome) - headless\\20220609_181026\\1654791466977.png]]

2022-06-09 18:17:47 - [TEST_STEP][PASSED] - delay(10): Delayed 10 second(s)

2022-06-09 18:17:57 - [MESSAGE][PASSED] - Delayed 10 second(s)

2022-06-09 18:17:57 - [TEST_STEP][PASSED] - click(findTestObject("HL Full Lifecycle/12 ReferncePage_Button_Updatensenddoc")): Object: 'Object Repository/HL Full Lifecycle/12 ReferncePage_Button_Updatensenddoc' is clicked on

2022-06-09 18:18:03 - [MESSAGE][PASSED] - Object: 'Object Repository/HL Full Lifecycle/12 ReferncePage_Button_Updatensenddoc' is clicked on

2022-06-09 18:18:03 - [TEST_STEP][PASSED] - delay(5): Delayed 5 second(s)

2022-06-09 18:18:08 - [MESSAGE][PASSED] - Delayed 5 second(s)

2022-06-09 18:18:08 - [TEST_STEP][PASSED] - color1 = getCSSValue(findTestObject("1. Constant/xpath", ["xpath":"//*[@id="source_" + refID + ""]/td[8]/a"]), "color", OPTIONAL): Get CSS 'color' value on 'Object Repository/1. Constant/xpath' successfully: 'rgba(54, 153, 255, 1)'.

2022-06-09 18:18:09 - [MESSAGE][PASSED] - Get CSS 'color' value on 'Object Repository/1. Constant/xpath' successfully: 'rgba(54, 153, 255, 1)'.

2022-06-09 18:18:09 - [TEST_STEP][PASSED] - delay(2): Delayed 2 second(s)

2022-06-09 18:18:11 - [MESSAGE][PASSED] - Delayed 2 second(s)

2022-06-09 18:18:11 - [TEST_STEP][PASSED] - takeScreenshot(): Taking screenshot successfully

2022-06-09 18:18:12 - [MESSAGE][PASSED] - Taking screenshot successfully
[[ATTACHMENT|D:\\Projet Test Auto\\Mediabox Test Automation\\Reports\\20220609_181011\\03. Parallel Testing (Testing)\\TS -PT PART 3\\02. Sephora - Full Lifecycle FS Process and Control Tag(Chrome) - headless\\20220609_181026\\1654791491485.png]]

2022-06-09 18:18:12 - [TEST_STEP][PASSED] - I.Logout(): Delayed 3 second(s)

2022-06-09 18:18:15 - [MESSAGE][PASSED] - Delayed 3 second(s)

2022-06-09 18:18:15 - [MESSAGE][PASSED] - Object: 'Object Repository/1. Constant/xpath' is clicked on

2022-06-09 18:18:18 - [MESSAGE][PASSED] - Delayed 3 second(s)

2022-06-09 18:18:22 - [MESSAGE][PASSED] - Object: 'Object Repository/1. Constant/xpath' is clicked on

2022-06-09 18:18:25 - [MESSAGE][PASSED] - Delayed 3 second(s)

2022-06-09 18:18:25 - [TEST_STEP][PASSED] - I.Login_password("marketing", password_marketing): Object: 'Object Repository/1. Constant/xpath' is clicked on

2022-06-09 18:18:25 - [MESSAGE][PASSED] - Text 'marketing' is set on object 'Object Repository/1. Constant/xpath'

2022-06-09 18:18:26 - [MESSAGE][PASSED] - Delayed 1 second(s)

2022-06-09 18:18:26 - [MESSAGE][PASSED] - Text 'dchi3' is set on object 'Object Repository/1. Constant/xpath'

2022-06-09 18:18:27 - [MESSAGE][PASSED] - Delayed 1 second(s)

2022-06-09 18:18:31 - [MESSAGE][PASSED] - Object: 'Object Repository/1. Constant/xpath' is clicked on

2022-06-09 18:18:31 - [TEST_STEP][PASSED] - click(findTestObject("1. Constant/02_LHSMenu_Projects")): Object: 'Object Repository/1. Constant/02_LHSMenu_Projects' is clicked on

2022-06-09 18:18:35 - [MESSAGE][PASSED] - Object: 'Object Repository/1. Constant/02_LHSMenu_Projects' is clicked on

2022-06-09 18:18:35 - [TEST_STEP][PASSED] - I.SearchProjectNo(Project_No, findTestObject("HL Full Lifecycle/9 Filter_Button_Apply")): Delayed 5 second(s)

2022-06-09 18:18:36 - [MESSAGE][PASSED] - Text 'MI001941' is set on object 'Object Repository/1. Constant/xpath'

2022-06-09 18:18:39 - [MESSAGE][PASSED] - Delayed 3 second(s)

2022-06-09 18:18:42 - [MESSAGE][PASSED] - Object: 'Object Repository/HL Full Lifecycle/9 Filter_Button_Apply' is clicked on

2022-06-09 18:18:47 - [MESSAGE][PASSED] - Delayed 5 second(s)

2022-06-09 18:18:47 - [TEST_STEP][PASSED] - delay(2): Delayed 2 second(s)

2022-06-09 18:18:49 - [MESSAGE][PASSED] - Delayed 2 second(s)

2022-06-09 18:18:49 - [TEST_STEP][PASSED] - I.AWF_approve_byaction(findTestObject("1. Constant/xpath", ["xpath":"//*[@id="source_" + refID + ""]/td[7]/a"])): Object: 'Object Repository/HL Full Lifecycle/Function_Appbutton2' is clicked on

2022-06-09 18:18:54 - [MESSAGE][PASSED] - Delayed 5 second(s)

2022-06-09 18:19:02 - [MESSAGE][PASSED] - Object: 'Object Repository/1. Constant/xpath' is clicked on

2022-06-09 18:19:03 - [MESSAGE][PASSED] - Object: 'Object Repository/HL Full Lifecycle/Function_access Viewer2' is hovered

2022-06-09 18:19:06 - [MESSAGE][PASSED] - Delayed 3 second(s)

2022-06-09 18:19:07 - [MESSAGE][PASSED] - Object: 'Object Repository/HL Full Lifecycle/Function_access Viewer2' is clicked on

2022-06-09 18:19:12 - [MESSAGE][PASSED] - Delayed 5 second(s)

2022-06-09 18:19:13 - [MESSAGE][PASSED] - Object: 'Object Repository/HL Full Lifecycle/Function_AppButton' is clicked on

2022-06-09 18:19:18 - [MESSAGE][PASSED] - Delayed 5 second(s)

2022-06-09 18:19:24 - [MESSAGE][PASSED] - Object: 'Object Repository/HL Full Lifecycle/Function_Appbutton2' is clicked on

2022-06-09 18:19:24 - [TEST_STEP][PASSED] - takeScreenshot(): Taking screenshot successfully

2022-06-09 18:19:25 - [MESSAGE][PASSED] - Taking screenshot successfully
[[ATTACHMENT|D:\\Projet Test Auto\\Mediabox Test Automation\\Reports\\20220609_181011\\03. Parallel Testing (Testing)\\TS -PT PART 3\\02. Sephora - Full Lifecycle FS Process and Control Tag(Chrome) - headless\\20220609_181026\\1654791564622.png]]

2022-06-09 18:19:25 - [TEST_STEP][PASSED] - I.Logout(): Delayed 3 second(s)

2022-06-09 18:19:28 - [MESSAGE][PASSED] - Delayed 3 second(s)

2022-06-09 18:19:29 - [MESSAGE][PASSED] - Object: 'Object Repository/1. Constant/xpath' is clicked on

2022-06-09 18:19:32 - [MESSAGE][PASSED] - Delayed 3 second(s)

2022-06-09 18:19:35 - [MESSAGE][PASSED] - Object: 'Object Repository/1. Constant/xpath' is clicked on

2022-06-09 18:19:38 - [MESSAGE][PASSED] - Delayed 3 second(s)

2022-06-09 18:19:38 - [TEST_STEP][PASSED] - I.Login_password("regulatory", password_regulatory): Object: 'Object Repository/1. Constant/xpath' is clicked on

2022-06-09 18:19:40 - [MESSAGE][PASSED] - Text 'regulatory' is set on object 'Object Repository/1. Constant/xpath'

2022-06-09 18:19:41 - [MESSAGE][PASSED] - Delayed 1 second(s)

2022-06-09 18:19:41 - [MESSAGE][PASSED] - Text 'dchi3' is set on object 'Object Repository/1. Constant/xpath'

2022-06-09 18:19:42 - [MESSAGE][PASSED] - Delayed 1 second(s)

2022-06-09 18:19:45 - [MESSAGE][PASSED] - Object: 'Object Repository/1. Constant/xpath' is clicked on

2022-06-09 18:19:45 - [TEST_STEP][PASSED] - takeScreenshot(): Taking screenshot successfully

2022-06-09 18:19:46 - [MESSAGE][PASSED] - Taking screenshot successfully
[[ATTACHMENT|D:\\Projet Test Auto\\Mediabox Test Automation\\Reports\\20220609_181011\\03. Parallel Testing (Testing)\\TS -PT PART 3\\02. Sephora - Full Lifecycle FS Process and Control Tag(Chrome) - headless\\20220609_181026\\1654791586004.png]]

2022-06-09 18:19:46 - [TEST_STEP][PASSED] - click(findTestObject("1. Constant/02_LHSMenu_Projects")): Object: 'Object Repository/1. Constant/02_LHSMenu_Projects' is clicked on

2022-06-09 18:19:48 - [MESSAGE][PASSED] - Object: 'Object Repository/1. Constant/02_LHSMenu_Projects' is clicked on

2022-06-09 18:19:48 - [TEST_STEP][PASSED] - I.SearchProjectNo(Project_No, findTestObject("HL Full Lifecycle/9 Filter_Button_Apply")): Delayed 5 second(s)

2022-06-09 18:19:50 - [MESSAGE][PASSED] - Text 'MI001941' is set on object 'Object Repository/1. Constant/xpath'

2022-06-09 18:19:53 - [MESSAGE][PASSED] - Delayed 3 second(s)

2022-06-09 18:19:55 - [MESSAGE][PASSED] - Object: 'Object Repository/HL Full Lifecycle/9 Filter_Button_Apply' is clicked on

2022-06-09 18:20:00 - [MESSAGE][PASSED] - Delayed 5 second(s)

2022-06-09 18:20:00 - [TEST_STEP][PASSED] - waitForPageLoad(10): Wait for page load successfully

2022-06-09 18:20:01 - [MESSAGE][PASSED] - Wait for page load successfully

2022-06-09 18:20:01 - [TEST_STEP][PASSED] - I.AWF_approve_byaction(findTestObject("1. Constant/xpath", ["xpath":"//*[@id="source_" + refID + ""]/td[7]/a"])): Object: 'Object Repository/HL Full Lifecycle/Function_Appbutton2' is clicked on

2022-06-09 18:20:06 - [MESSAGE][PASSED] - Delayed 5 second(s)

2022-06-09 18:20:14 - [MESSAGE][PASSED] - Object: 'Object Repository/1. Constant/xpath' is clicked on

2022-06-09 18:20:16 - [MESSAGE][PASSED] - Object: 'Object Repository/HL Full Lifecycle/Function_access Viewer2' is hovered

2022-06-09 18:20:19 - [MESSAGE][PASSED] - Delayed 3 second(s)

2022-06-09 18:20:22 - [MESSAGE][PASSED] - Object: 'Object Repository/HL Full Lifecycle/Function_access Viewer2' is clicked on

2022-06-09 18:20:27 - [MESSAGE][PASSED] - Delayed 5 second(s)

2022-06-09 18:20:28 - [MESSAGE][PASSED] - Object: 'Object Repository/HL Full Lifecycle/Function_AppButton' is clicked on

2022-06-09 18:20:33 - [MESSAGE][PASSED] - Delayed 5 second(s)

2022-06-09 18:20:36 - [MESSAGE][PASSED] - Object: 'Object Repository/HL Full Lifecycle/Function_Appbutton2' is clicked on

2022-06-09 18:20:36 - [TEST_STEP][PASSED] - takeScreenshot(): Taking screenshot successfully

2022-06-09 18:20:36 - [MESSAGE][PASSED] - Taking screenshot successfully
[[ATTACHMENT|D:\\Projet Test Auto\\Mediabox Test Automation\\Reports\\20220609_181011\\03. Parallel Testing (Testing)\\TS -PT PART 3\\02. Sephora - Full Lifecycle FS Process and Control Tag(Chrome) - headless\\20220609_181026\\1654791636555.png]]

2022-06-09 18:20:36 - [TEST_STEP][PASSED] - I.Logout(): Delayed 3 second(s)

2022-06-09 18:20:39 - [MESSAGE][PASSED] - Delayed 3 second(s)

2022-06-09 18:20:40 - [MESSAGE][PASSED] - Object: 'Object Repository/1. Constant/xpath' is clicked on

2022-06-09 18:20:43 - [MESSAGE][PASSED] - Delayed 3 second(s)

2022-06-09 18:20:45 - [MESSAGE][PASSED] - Object: 'Object Repository/1. Constant/xpath' is clicked on

2022-06-09 18:20:48 - [MESSAGE][PASSED] - Delayed 3 second(s)

2022-06-09 18:20:48 - [TEST_STEP][PASSED] - I.Login_password("atran", password_atran): Object: 'Object Repository/1. Constant/xpath' is clicked on

2022-06-09 18:20:49 - [MESSAGE][PASSED] - Text 'atran' is set on object 'Object Repository/1. Constant/xpath'

2022-06-09 18:20:50 - [MESSAGE][PASSED] - Delayed 1 second(s)

2022-06-09 18:20:51 - [MESSAGE][PASSED] - Text 'dchi3' is set on object 'Object Repository/1. Constant/xpath'

2022-06-09 18:20:52 - [MESSAGE][PASSED] - Delayed 1 second(s)

2022-06-09 18:20:55 - [MESSAGE][PASSED] - Object: 'Object Repository/1. Constant/xpath' is clicked on

2022-06-09 18:20:55 - [TEST_STEP][PASSED] - click(findTestObject("1. Constant/02_LHSMenu_Projects")): Object: 'Object Repository/1. Constant/02_LHSMenu_Projects' is clicked on

2022-06-09 18:21:00 - [MESSAGE][PASSED] - Object: 'Object Repository/1. Constant/02_LHSMenu_Projects' is clicked on

2022-06-09 18:21:00 - [TEST_STEP][PASSED] - I.SearchProjectNo(Project_No, findTestObject("HL Full Lifecycle/9 Filter_Button_Apply")): Delayed 5 second(s)

2022-06-09 18:21:01 - [MESSAGE][PASSED] - Text 'MI001941' is set on object 'Object Repository/1. Constant/xpath'

2022-06-09 18:21:04 - [MESSAGE][PASSED] - Delayed 3 second(s)

2022-06-09 18:21:06 - [MESSAGE][PASSED] - Object: 'Object Repository/HL Full Lifecycle/9 Filter_Button_Apply' is clicked on

2022-06-09 18:21:11 - [MESSAGE][PASSED] - Delayed 5 second(s)

2022-06-09 18:21:11 - [TEST_STEP][PASSED] - waitForPageLoad(5): Wait for page load successfully

2022-06-09 18:21:11 - [MESSAGE][PASSED] - Wait for page load successfully

2022-06-09 18:21:11 - [TEST_STEP][PASSED] - I.AWF_approve_byaction(findTestObject("Object Repository/HL Full Lifecycle/Function AWFAction2", ["refID":"source_" + refID])): Object: 'Object Repository/HL Full Lifecycle/Function_Appbutton2' is clicked on

2022-06-09 18:21:17 - [MESSAGE][PASSED] - Delayed 5 second(s)

2022-06-09 18:21:25 - [MESSAGE][PASSED] - Object: 'Object Repository/HL Full Lifecycle/Function AWFAction2' is clicked on

2022-06-09 18:21:27 - [MESSAGE][PASSED] - Object: 'Object Repository/HL Full Lifecycle/Function_access Viewer2' is hovered

2022-06-09 18:21:30 - [MESSAGE][PASSED] - Delayed 3 second(s)

2022-06-09 18:21:30 - [MESSAGE][PASSED] - Object: 'Object Repository/HL Full Lifecycle/Function_access Viewer2' is clicked on

2022-06-09 18:21:35 - [MESSAGE][PASSED] - Delayed 5 second(s)

2022-06-09 18:21:35 - [MESSAGE][PASSED] - Object: 'Object Repository/HL Full Lifecycle/Function_AppButton' is clicked on

2022-06-09 18:21:40 - [MESSAGE][PASSED] - Delayed 5 second(s)

2022-06-09 18:21:48 - [MESSAGE][PASSED] - Object: 'Object Repository/HL Full Lifecycle/Function_Appbutton2' is clicked on

2022-06-09 18:21:48 - [TEST_STEP][PASSED] - delay(1): Delayed 1 second(s)

2022-06-09 18:21:49 - [MESSAGE][PASSED] - Delayed 1 second(s)

2022-06-09 18:21:49 - [TEST_STEP][PASSED] - click(findTestObject("HL Full Lifecycle/15 RefPage_Button_Submit_AurelieTran", ["refID":"source_" + refID])): Object: 'Object Repository/HL Full Lifecycle/15 RefPage_Button_Submit_AurelieTran' is clicked on

2022-06-09 18:21:49 - [MESSAGE][PASSED] - Object: 'Object Repository/HL Full Lifecycle/15 RefPage_Button_Submit_AurelieTran' is clicked on

2022-06-09 18:21:49 - [TEST_STEP][PASSED] - delay(1): Delayed 1 second(s)

2022-06-09 18:21:50 - [MESSAGE][PASSED] - Delayed 1 second(s)

2022-06-09 18:21:50 - [TEST_STEP][PASSED] - click(findTestObject("HL Full Lifecycle/15 RefPage_Question_sendtodiadeis", ["refID":"source_" + refID])): Object: 'Object Repository/HL Full Lifecycle/15 RefPage_Question_sendtodiadeis' is clicked on

2022-06-09 18:21:53 - [MESSAGE][PASSED] - Object: 'Object Repository/HL Full Lifecycle/15 RefPage_Question_sendtodiadeis' is clicked on

2022-06-09 18:21:53 - [TEST_STEP][PASSED] - scrollToElement(findTestObject("Object Repository/Control Tag/3.0 codeEANCT(atran)"), 1): Scroll to object 'Object Repository/Control Tag/3.0 codeEANCT(atran)' successfully

2022-06-09 18:21:54 - [MESSAGE][PASSED] - Scroll to object 'Object Repository/Control Tag/3.0 codeEANCT(atran)' successfully

2022-06-09 18:21:54 - [TEST_STEP][PASSED] - I.verifystar("Code EAN", findTestObject("Object Repository/Control Tag/3.0 codeEANCT(atran)"), log): Taking screenshot successfully

2022-06-09 18:21:54 - [MESSAGE][PASSED] - Object 'Object Repository/Control Tag/3.0 codeEANCT(atran)' is visible

2022-06-09 18:21:55 - [MESSAGE][PASSED] - Taking screenshot successfully
[[ATTACHMENT|D:\\Projet Test Auto\\Mediabox Test Automation\\Reports\\20220609_181011\\03. Parallel Testing (Testing)\\TS -PT PART 3\\02. Sephora - Full Lifecycle FS Process and Control Tag(Chrome) - headless\\20220609_181026\\1654791714833.png]]

2022-06-09 18:21:55 - [TEST_STEP][PASSED] - executeJavaScript("window.scrollTo(0, document.body.scrollHeight)", []): Execute JavaScript 'window.scrollTo(0, document.body.scrollHeight)' successfully

2022-06-09 18:21:55 - [MESSAGE][PASSED] - Execute JavaScript 'window.scrollTo(0, document.body.scrollHeight)' successfully

2022-06-09 18:21:55 - [TEST_STEP][PASSED] - I.verifystar("Brief photogravure", findTestObject("Object Repository/Control Tag/3.1 BP_CT"), log): Taking screenshot successfully

2022-06-09 18:21:56 - [MESSAGE][PASSED] - Object 'Object Repository/Control Tag/3.1 BP_CT' is visible

2022-06-09 18:21:56 - [MESSAGE][PASSED] - Taking screenshot successfully
[[ATTACHMENT|D:\\Projet Test Auto\\Mediabox Test Automation\\Reports\\20220609_181011\\03. Parallel Testing (Testing)\\TS -PT PART 3\\02. Sephora - Full Lifecycle FS Process and Control Tag(Chrome) - headless\\20220609_181026\\1654791716381.png]]

2022-06-09 18:21:56 - [TEST_STEP][PASSED] - I.verifystar("Number of colors Repro", findTestObject("Object Repository/Control Tag/3.1 NoColorCT"), log): Taking screenshot successfully

2022-06-09 18:21:56 - [MESSAGE][PASSED] - Object 'Object Repository/Control Tag/3.1 NoColorCT' is visible

2022-06-09 18:21:57 - [MESSAGE][PASSED] - Taking screenshot successfully
[[ATTACHMENT|D:\\Projet Test Auto\\Mediabox Test Automation\\Reports\\20220609_181011\\03. Parallel Testing (Testing)\\TS -PT PART 3\\02. Sephora - Full Lifecycle FS Process and Control Tag(Chrome) - headless\\20220609_181026\\1654791717020.png]]

2022-06-09 18:21:57 - [TEST_STEP][PASSED] - I.verifystar("MAD supplier", findTestObject("Object Repository/Control Tag/3.1 MADCT"), log): Taking screenshot successfully

2022-06-09 18:21:58 - [MESSAGE][PASSED] - Object 'Object Repository/Control Tag/3.1 MADCT' is visible

2022-06-09 18:21:58 - [MESSAGE][PASSED] - Taking screenshot successfully
[[ATTACHMENT|D:\\Projet Test Auto\\Mediabox Test Automation\\Reports\\20220609_181011\\03. Parallel Testing (Testing)\\TS -PT PART 3\\02. Sephora - Full Lifecycle FS Process and Control Tag(Chrome) - headless\\20220609_181026\\1654791718101.png]]

2022-06-09 18:21:58 - [TEST_STEP][PASSED] - I.verifystar("Print type", findTestObject("Object Repository/Control Tag/3.1 PrinterTypeCT"), log): Taking screenshot successfully

2022-06-09 18:21:58 - [MESSAGE][PASSED] - Object 'Object Repository/Control Tag/3.1 PrinterTypeCT' is visible

2022-06-09 18:21:59 - [MESSAGE][PASSED] - Taking screenshot successfully
[[ATTACHMENT|D:\\Projet Test Auto\\Mediabox Test Automation\\Reports\\20220609_181011\\03. Parallel Testing (Testing)\\TS -PT PART 3\\02. Sephora - Full Lifecycle FS Process and Control Tag(Chrome) - headless\\20220609_181026\\1654791719004.png]]

2022-06-09 18:21:59 - [TEST_STEP][PASSED] - scrollToElement(findTestObject("HL Full Lifecycle/15 RefPage_Button_Submittodiadies"), 5): Scroll to object 'Object Repository/HL Full Lifecycle/15 RefPage_Button_Submittodiadies' successfully

2022-06-09 18:21:59 - [MESSAGE][PASSED] - Scroll to object 'Object Repository/HL Full Lifecycle/15 RefPage_Button_Submittodiadies' successfully

2022-06-09 18:21:59 - [TEST_STEP][PASSED] - click(findTestObject("HL Full Lifecycle/15 RefPage_Button_Submittodiadies")): Object: 'Object Repository/HL Full Lifecycle/15 RefPage_Button_Submittodiadies' is clicked on

2022-06-09 18:22:00 - [MESSAGE][PASSED] - Object: 'Object Repository/HL Full Lifecycle/15 RefPage_Button_Submittodiadies' is clicked on

2022-06-09 18:22:00 - [TEST_STEP][PASSED] - takeScreenshot(): Taking screenshot successfully

2022-06-09 18:22:01 - [MESSAGE][PASSED] - Taking screenshot successfully
[[ATTACHMENT|D:\\Projet Test Auto\\Mediabox Test Automation\\Reports\\20220609_181011\\03. Parallel Testing (Testing)\\TS -PT PART 3\\02. Sephora - Full Lifecycle FS Process and Control Tag(Chrome) - headless\\20220609_181026\\1654791720906.png]]

2022-06-09 18:22:01 - [TEST_STEP][PASSED] - click(findTestObject("Object Repository/Control Tag/3.1 cancel(atran)")): Object: 'Object Repository/Control Tag/3.1 cancel(atran)' is clicked on

2022-06-09 18:22:04 - [MESSAGE][PASSED] - Object: 'Object Repository/Control Tag/3.1 cancel(atran)' is clicked on

2022-06-09 18:22:04 - [TEST_STEP][PASSED] - click(findTestObject("HL Full Lifecycle/15 RefPage_Button_Submit_AurelieTran", ["refID":"source_" + refID])): Object: 'Object Repository/HL Full Lifecycle/15 RefPage_Button_Submit_AurelieTran' is clicked on

2022-06-09 18:22:04 - [MESSAGE][PASSED] - Object: 'Object Repository/HL Full Lifecycle/15 RefPage_Button_Submit_AurelieTran' is clicked on

2022-06-09 18:22:04 - [TEST_STEP][PASSED] - delay(1): Delayed 1 second(s)

2022-06-09 18:22:05 - [MESSAGE][PASSED] - Delayed 1 second(s)

2022-06-09 18:22:05 - [TEST_STEP][PASSED] - click(findTestObject("HL Full Lifecycle/15 RefPage_Question_sendtodiadeis", ["refID":"source_" + refID])): Object: 'Object Repository/HL Full Lifecycle/15 RefPage_Question_sendtodiadeis' is clicked on

2022-06-09 18:22:07 - [MESSAGE][PASSED] - Object: 'Object Repository/HL Full Lifecycle/15 RefPage_Question_sendtodiadeis' is clicked on

2022-06-09 18:22:07 - [TEST_STEP][PASSED] - delay(1): Delayed 1 second(s)

2022-06-09 18:22:08 - [MESSAGE][PASSED] - Delayed 1 second(s)

2022-06-09 18:22:08 - [TEST_STEP][PASSED] - takeScreenshot(): Taking screenshot successfully

2022-06-09 18:22:08 - [MESSAGE][PASSED] - Taking screenshot successfully
[[ATTACHMENT|D:\\Projet Test Auto\\Mediabox Test Automation\\Reports\\20220609_181011\\03. Parallel Testing (Testing)\\TS -PT PART 3\\02. Sephora - Full Lifecycle FS Process and Control Tag(Chrome) - headless\\20220609_181026\\1654791728165.png]]

2022-06-09 18:22:08 - [TEST_STEP][PASSED] - setText(findTestObject("HL Full Lifecycle/15 RefPage_Field_CODEEAN"), "Code EAn Test"): Text 'Code EAn Test' is set on object 'Object Repository/HL Full Lifecycle/15 RefPage_Field_CODEEAN'

2022-06-09 18:22:09 - [MESSAGE][PASSED] - Text 'Code EAn Test' is set on object 'Object Repository/HL Full Lifecycle/15 RefPage_Field_CODEEAN'

2022-06-09 18:22:09 - [TEST_STEP][PASSED] - setText(findTestObject("HL Full Lifecycle/15 RefPg_Field_Brief_photogravuremandatory"), "Brief photogravuremandatory"): Text 'Brief photogravuremandatory' is set on object 'Object Repository/HL Full Lifecycle/15 RefPg_Field_Brief_photogravuremandatory'

2022-06-09 18:22:09 - [MESSAGE][PASSED] - Text 'Brief photogravuremandatory' is set on object 'Object Repository/HL Full Lifecycle/15 RefPg_Field_Brief_photogravuremandatory'

2022-06-09 18:22:09 - [TEST_STEP][PASSED] - setText(findTestObject("HL Full Lifecycle/15 RefPg_Field_Brief_Field_NoRepro"), "Number of colors Repromandatory"): Text 'Number of colors Repromandatory' is set on object 'Object Repository/HL Full Lifecycle/15 RefPg_Field_Brief_Field_NoRepro'

2022-06-09 18:22:10 - [MESSAGE][PASSED] - Text 'Number of colors Repromandatory' is set on object 'Object Repository/HL Full Lifecycle/15 RefPg_Field_Brief_Field_NoRepro'

2022-06-09 18:22:10 - [TEST_STEP][PASSED] - selectOptionByValue(findTestObject("HL Full Lifecycle/15 RefPg_Field_Brief_Field_PrinterType"), "109", false): All options with value '109' are selected in object 'Object Repository/HL Full Lifecycle/15 RefPg_Field_Brief_Field_PrinterType' 

2022-06-09 18:22:10 - [MESSAGE][PASSED] - All options with value '109' are selected in object 'Object Repository/HL Full Lifecycle/15 RefPg_Field_Brief_Field_PrinterType' 

2022-06-09 18:22:10 - [TEST_STEP][PASSED] - click(findTestObject("HL Full Lifecycle/15 RefPg_Field_Brief_Field_ML_add")): Object: 'Object Repository/HL Full Lifecycle/15 RefPg_Field_Brief_Field_ML_add' is clicked on

2022-06-09 18:22:11 - [MESSAGE][PASSED] - Object: 'Object Repository/HL Full Lifecycle/15 RefPg_Field_Brief_Field_ML_add' is clicked on

2022-06-09 18:22:11 - [TEST_STEP][PASSED] - click(findTestObject("HL Full Lifecycle/15 RefPg_Field_Brief_Field_MAD_suppliermandatory")): Object: 'Object Repository/HL Full Lifecycle/15 RefPg_Field_Brief_Field_MAD_suppliermandatory' is clicked on

2022-06-09 18:22:11 - [MESSAGE][PASSED] - Object: 'Object Repository/HL Full Lifecycle/15 RefPg_Field_Brief_Field_MAD_suppliermandatory' is clicked on

2022-06-09 18:22:11 - [TEST_STEP][PASSED] - click(findTestObject("HL Full Lifecycle/15 RefPg_Field_Brief_Field_MAD_yr")): Object: 'Object Repository/HL Full Lifecycle/15 RefPg_Field_Brief_Field_MAD_yr' is clicked on

2022-06-09 18:22:11 - [MESSAGE][PASSED] - Object: 'Object Repository/HL Full Lifecycle/15 RefPg_Field_Brief_Field_MAD_yr' is clicked on

2022-06-09 18:22:11 - [TEST_STEP][PASSED] - click(findTestObject("HL Full Lifecycle/15 RefPg_Field_Brief_Field_MAD_suppliermandatory")): Object: 'Object Repository/HL Full Lifecycle/15 RefPg_Field_Brief_Field_MAD_suppliermandatory' is clicked on

2022-06-09 18:22:12 - [MESSAGE][PASSED] - Object: 'Object Repository/HL Full Lifecycle/15 RefPg_Field_Brief_Field_MAD_suppliermandatory' is clicked on

2022-06-09 18:22:12 - [TEST_STEP][PASSED] - scrollToElement(findTestObject("HL Full Lifecycle/15 RefPage_Button_Submittodiadies"), 5): Scroll to object 'Object Repository/HL Full Lifecycle/15 RefPage_Button_Submittodiadies' successfully

2022-06-09 18:22:12 - [MESSAGE][PASSED] - Scroll to object 'Object Repository/HL Full Lifecycle/15 RefPage_Button_Submittodiadies' successfully

2022-06-09 18:22:12 - [TEST_STEP][PASSED] - takeScreenshot(): Taking screenshot successfully

2022-06-09 18:22:12 - [MESSAGE][PASSED] - Taking screenshot successfully
[[ATTACHMENT|D:\\Projet Test Auto\\Mediabox Test Automation\\Reports\\20220609_181011\\03. Parallel Testing (Testing)\\TS -PT PART 3\\02. Sephora - Full Lifecycle FS Process and Control Tag(Chrome) - headless\\20220609_181026\\1654791732361.png]]

2022-06-09 18:22:12 - [TEST_STEP][PASSED] - I.click_button_javascript(findTestObject("HL Full Lifecycle/15 RefPage_Button_Submittodiadies")): Execute JavaScript 'arguments[0].click()' successfully

2022-06-09 18:22:16 - [MESSAGE][PASSED] - Execute JavaScript 'arguments[0].click()' successfully

2022-06-09 18:22:16 - [TEST_STEP][PASSED] - delay(2): Delayed 2 second(s)

2022-06-09 18:22:18 - [MESSAGE][PASSED] - Delayed 2 second(s)

2022-06-09 18:22:18 - [TEST_STEP][PASSED] - I.Logout(): Delayed 3 second(s)

2022-06-09 18:22:21 - [MESSAGE][PASSED] - Delayed 3 second(s)

2022-06-09 18:22:22 - [MESSAGE][PASSED] - Object: 'Object Repository/1. Constant/xpath' is clicked on

2022-06-09 18:22:25 - [MESSAGE][PASSED] - Delayed 3 second(s)

2022-06-09 18:22:27 - [MESSAGE][PASSED] - Object: 'Object Repository/1. Constant/xpath' is clicked on

2022-06-09 18:22:30 - [MESSAGE][PASSED] - Delayed 3 second(s)

2022-06-09 18:22:30 - [TEST_STEP][PASSED] - I.Login_password("studio", password_studio): Object: 'Object Repository/1. Constant/xpath' is clicked on

2022-06-09 18:22:31 - [MESSAGE][PASSED] - Text 'studio' is set on object 'Object Repository/1. Constant/xpath'

2022-06-09 18:22:32 - [MESSAGE][PASSED] - Delayed 1 second(s)

2022-06-09 18:22:32 - [MESSAGE][PASSED] - Text 'dchi4' is set on object 'Object Repository/1. Constant/xpath'

2022-06-09 18:22:33 - [MESSAGE][PASSED] - Delayed 1 second(s)

2022-06-09 18:22:36 - [MESSAGE][PASSED] - Object: 'Object Repository/1. Constant/xpath' is clicked on

2022-06-09 18:22:36 - [TEST_STEP][PASSED] - click(findTestObject("1. Constant/02_LHSMenu_Projects")): Object: 'Object Repository/1. Constant/02_LHSMenu_Projects' is clicked on

2022-06-09 18:22:39 - [MESSAGE][PASSED] - Object: 'Object Repository/1. Constant/02_LHSMenu_Projects' is clicked on

2022-06-09 18:22:39 - [TEST_STEP][PASSED] - I.SearchProjectNo(Project_No, findTestObject("HL Full Lifecycle/9 Filter_Button_Apply")): Delayed 5 second(s)

2022-06-09 18:22:40 - [MESSAGE][PASSED] - Text 'MI001941' is set on object 'Object Repository/1. Constant/xpath'

2022-06-09 18:22:43 - [MESSAGE][PASSED] - Delayed 3 second(s)

2022-06-09 18:22:45 - [MESSAGE][PASSED] - Object: 'Object Repository/HL Full Lifecycle/9 Filter_Button_Apply' is clicked on

2022-06-09 18:22:50 - [MESSAGE][PASSED] - Delayed 5 second(s)

2022-06-09 18:22:50 - [TEST_STEP][PASSED] - waitForElementClickable(findTestObject("Object Repository/HL Full Lifecycle/16.11 Ref_Submit Studio(studio)", ["refID":"source_" + refID]), 10): Object 'Object Repository/HL Full Lifecycle/16.11 Ref_Submit Studio(studio)' is clickable

2022-06-09 18:22:52 - [MESSAGE][PASSED] - Object 'Object Repository/HL Full Lifecycle/16.11 Ref_Submit Studio(studio)' is clickable

2022-06-09 18:22:52 - [TEST_STEP][PASSED] - click(findTestObject("Object Repository/HL Full Lifecycle/16.11 Ref_Submit Studio(studio)", ["refID":"source_" + refID])): Object: 'Object Repository/HL Full Lifecycle/16.11 Ref_Submit Studio(studio)' is clicked on

2022-06-09 18:22:54 - [MESSAGE][PASSED] - Object: 'Object Repository/HL Full Lifecycle/16.11 Ref_Submit Studio(studio)' is clicked on

2022-06-09 18:22:54 - [TEST_STEP][PASSED] - delay(1): Delayed 1 second(s)

2022-06-09 18:22:55 - [MESSAGE][PASSED] - Delayed 1 second(s)

2022-06-09 18:22:55 - [TEST_STEP][PASSED] - I.verifystar("Exe files archive", findTestObject("Object Repository/Control Tag/1.2.1 asterix exe"), log): Taking screenshot successfully

2022-06-09 18:22:55 - [MESSAGE][PASSED] - Object 'Object Repository/Control Tag/1.2.1 asterix exe' is visible

2022-06-09 18:22:55 - [MESSAGE][PASSED] - Taking screenshot successfully
[[ATTACHMENT|D:\\Projet Test Auto\\Mediabox Test Automation\\Reports\\20220609_181011\\03. Parallel Testing (Testing)\\TS -PT PART 3\\02. Sephora - Full Lifecycle FS Process and Control Tag(Chrome) - headless\\20220609_181026\\1654791775409.png]]

2022-06-09 18:22:55 - [TEST_STEP][PASSED] - click(findTestObject("HL Full Lifecycle/16 RefPg_Button_SubmitCyril")): Object: 'Object Repository/HL Full Lifecycle/16 RefPg_Button_SubmitCyril' is clicked on

2022-06-09 18:22:57 - [MESSAGE][PASSED] - Object: 'Object Repository/HL Full Lifecycle/16 RefPg_Button_SubmitCyril' is clicked on

2022-06-09 18:22:57 - [TEST_STEP][PASSED] - takeScreenshot(): Taking screenshot successfully

2022-06-09 18:22:58 - [MESSAGE][PASSED] - Taking screenshot successfully
[[ATTACHMENT|D:\\Projet Test Auto\\Mediabox Test Automation\\Reports\\20220609_181011\\03. Parallel Testing (Testing)\\TS -PT PART 3\\02. Sephora - Full Lifecycle FS Process and Control Tag(Chrome) - headless\\20220609_181026\\1654791778112.png]]

2022-06-09 18:22:58 - [TEST_STEP][PASSED] - I.verifyErrormsg_EXACT("Exe files archive", findTestObject("Object Repository/Control Tag/3.3 Errormsg(studio)"), "Exe files archive is missing", log): Text of object 'Object Repository/Control Tag/3.3 Errormsg(studio)' is: 'Exe files archive is missing'

2022-06-09 18:22:58 - [MESSAGE][PASSED] - Text of object 'Object Repository/Control Tag/3.3 Errormsg(studio)' is: 'Exe files archive is missing'

2022-06-09 18:22:58 - [TEST_STEP][PASSED] - click(findTestObject("Control Tag/2.2 ButtonModifyProject")): Object: 'Object Repository/Control Tag/2.2 ButtonModifyProject' is clicked on

2022-06-09 18:23:00 - [MESSAGE][PASSED] - Object: 'Object Repository/Control Tag/2.2 ButtonModifyProject' is clicked on

2022-06-09 18:23:00 - [TEST_STEP][PASSED] - delay(1): Delayed 1 second(s)

2022-06-09 18:23:01 - [MESSAGE][PASSED] - Delayed 1 second(s)

2022-06-09 18:23:01 - [TEST_STEP][PASSED] - I.UploadDoc_sendkey_field("//*[@id="var_123"]", "D:\Upoad_File\Upload doc\testdata1.jpg", "testdata1"): Text 'testdata1' is present on page 

2022-06-09 18:23:03 - [MESSAGE][PASSED] - Delayed 2 second(s)

2022-06-09 18:23:04 - [MESSAGE][PASSED] - Keys 'D:\Upoad_File\Upload doc\testdata1.jpg' sent to object: 'Object Repository/1. Constant/xpath'

2022-06-09 18:23:04 - [MESSAGE][PASSED] - Text 'testdata1' is present on page 

2022-06-09 18:23:04 - [TEST_STEP][PASSED] - delay(1): Delayed 1 second(s)

2022-06-09 18:23:05 - [MESSAGE][PASSED] - Delayed 1 second(s)

2022-06-09 18:23:05 - [TEST_STEP][PASSED] - takeScreenshot(): Taking screenshot successfully

2022-06-09 18:23:05 - [MESSAGE][PASSED] - Taking screenshot successfully
[[ATTACHMENT|D:\\Projet Test Auto\\Mediabox Test Automation\\Reports\\20220609_181011\\03. Parallel Testing (Testing)\\TS -PT PART 3\\02. Sephora - Full Lifecycle FS Process and Control Tag(Chrome) - headless\\20220609_181026\\1654791785595.png]]

2022-06-09 18:23:05 - [TEST_STEP][PASSED] - click(findTestObject("Object Repository/HL Full Lifecycle/16.2 savebutton(studio)")): Object: 'Object Repository/HL Full Lifecycle/16.2 savebutton(studio)' is clicked on

2022-06-09 18:23:11 - [MESSAGE][PASSED] - Object: 'Object Repository/HL Full Lifecycle/16.2 savebutton(studio)' is clicked on

2022-06-09 18:23:11 - [TEST_STEP][PASSED] - click(findTestObject("Object Repository/HL Full Lifecycle/16.11 Ref_Submit Studio(studio)", ["refID":"source_" + refID])): Object: 'Object Repository/HL Full Lifecycle/16.11 Ref_Submit Studio(studio)' is clicked on

2022-06-09 18:23:13 - [MESSAGE][PASSED] - Object: 'Object Repository/HL Full Lifecycle/16.11 Ref_Submit Studio(studio)' is clicked on

2022-06-09 18:23:13 - [TEST_STEP][PASSED] - click(findTestObject("Object Repository/HL Full Lifecycle/16.3 submit(studio)")): Object: 'Object Repository/HL Full Lifecycle/16.3 submit(studio)' is clicked on

2022-06-09 18:23:18 - [MESSAGE][PASSED] - Object: 'Object Repository/HL Full Lifecycle/16.3 submit(studio)' is clicked on

2022-06-09 18:23:18 - [TEST_STEP][PASSED] - I.Logout(): Delayed 3 second(s)

2022-06-09 18:23:21 - [MESSAGE][PASSED] - Delayed 3 second(s)

2022-06-09 18:23:21 - [MESSAGE][PASSED] - Object: 'Object Repository/1. Constant/xpath' is clicked on

2022-06-09 18:23:24 - [MESSAGE][PASSED] - Delayed 3 second(s)

2022-06-09 18:23:28 - [MESSAGE][PASSED] - Object: 'Object Repository/1. Constant/xpath' is clicked on

2022-06-09 18:23:31 - [MESSAGE][PASSED] - Delayed 3 second(s)

2022-06-09 18:23:31 - [TEST_STEP][PASSED] - I.Login_password("lraz", password_iraz): Object: 'Object Repository/1. Constant/xpath' is clicked on

2022-06-09 18:23:33 - [MESSAGE][PASSED] - Text 'lraz' is set on object 'Object Repository/1. Constant/xpath'

2022-06-09 18:23:34 - [MESSAGE][PASSED] - Delayed 1 second(s)

2022-06-09 18:23:35 - [MESSAGE][PASSED] - Text 'dchi3' is set on object 'Object Repository/1. Constant/xpath'

2022-06-09 18:23:36 - [MESSAGE][PASSED] - Delayed 1 second(s)

2022-06-09 18:23:39 - [MESSAGE][PASSED] - Object: 'Object Repository/1. Constant/xpath' is clicked on

2022-06-09 18:23:39 - [TEST_STEP][PASSED] - takeScreenshot(): Taking screenshot successfully

2022-06-09 18:23:39 - [MESSAGE][PASSED] - Taking screenshot successfully
[[ATTACHMENT|D:\\Projet Test Auto\\Mediabox Test Automation\\Reports\\20220609_181011\\03. Parallel Testing (Testing)\\TS -PT PART 3\\02. Sephora - Full Lifecycle FS Process and Control Tag(Chrome) - headless\\20220609_181026\\1654791819709.png]]

2022-06-09 18:23:39 - [TEST_STEP][PASSED] - click(findTestObject("1. Constant/02_LHSMenu_Projects")): Object: 'Object Repository/1. Constant/02_LHSMenu_Projects' is clicked on

2022-06-09 18:23:42 - [MESSAGE][PASSED] - Object: 'Object Repository/1. Constant/02_LHSMenu_Projects' is clicked on

2022-06-09 18:23:42 - [TEST_STEP][PASSED] - I.SearchProjectNo(Project_No, findTestObject("HL Full Lifecycle/9 Filter_Button_Apply")): Delayed 5 second(s)

2022-06-09 18:23:42 - [MESSAGE][PASSED] - Text 'MI001941' is set on object 'Object Repository/1. Constant/xpath'

2022-06-09 18:23:45 - [MESSAGE][PASSED] - Delayed 3 second(s)

2022-06-09 18:23:49 - [MESSAGE][PASSED] - Object: 'Object Repository/HL Full Lifecycle/9 Filter_Button_Apply' is clicked on

2022-06-09 18:23:54 - [MESSAGE][PASSED] - Delayed 5 second(s)

2022-06-09 18:23:54 - [TEST_STEP][PASSED] - delay(3): Delayed 3 second(s)

2022-06-09 18:23:57 - [MESSAGE][PASSED] - Delayed 3 second(s)

2022-06-09 18:23:57 - [TEST_STEP][PASSED] - color2 = getCSSValue(findTestObject("1. Constant/xpath", ["xpath":"//*[@id="source_" + refID + ""]/td[8]/a"]), "color", OPTIONAL): Get CSS 'color' value on 'Object Repository/1. Constant/xpath' successfully: 'rgba(255, 255, 255, 1)'.

2022-06-09 18:23:58 - [MESSAGE][PASSED] - Get CSS 'color' value on 'Object Repository/1. Constant/xpath' successfully: 'rgba(255, 255, 255, 1)'.

2022-06-09 18:23:58 - [TEST_STEP][PASSED] - I.print(color2): null

2022-06-09 18:23:58 - [TEST_STEP][PASSED] - while (color2 == "rgba(255, 255, 255, 1)"): Get CSS 'color' value on 'Object Repository/1. Constant/xpath' successfully: 'rgba(54, 153, 255, 1)'.

2022-06-09 18:23:58 - [TEST_STEP][PASSED] - click(findTestObject("1. Constant/xpath", ["xpath":"//*[@id="source_" + refID + ""]/td[8]/a"])): Object: 'Object Repository/1. Constant/xpath' is clicked on

2022-06-09 18:24:00 - [MESSAGE][PASSED] - Object: 'Object Repository/1. Constant/xpath' is clicked on

2022-06-09 18:24:00 - [TEST_STEP][PASSED] - I.UploadDoc_sendkey_Prod(findTestObject("1. Constant/xpath", ["xpath":"//*[@id="kt_body"]/input[2]"]), "D:\Upoad_File\Upload doc\testdata1.pdf", "testdata1"): Delayed 5 second(s)

2022-06-09 18:24:01 - [MESSAGE][PASSED] - Scroll to object 'Object Repository/1. Constant/xpath' successfully

2022-06-09 18:24:06 - [MESSAGE][PASSED] - Delayed 5 second(s)

2022-06-09 18:24:06 - [MESSAGE][PASSED] - File 'D:\Upoad_File\Upload doc\testdata1.pdf' sent to object: 'Object Repository/1. Constant/xpath'

2022-06-09 18:24:11 - [MESSAGE][PASSED] - Delayed 5 second(s)

2022-06-09 18:24:11 - [MESSAGE][PASSED] - Text 'testdata1' is present on page 

2022-06-09 18:24:16 - [MESSAGE][PASSED] - Delayed 5 second(s)

2022-06-09 18:24:21 - [MESSAGE][PASSED] - Delayed 5 second(s)

2022-06-09 18:24:21 - [TEST_STEP][PASSED] - takeScreenshot(): Taking screenshot successfully

2022-06-09 18:24:22 - [MESSAGE][PASSED] - Taking screenshot successfully
[[ATTACHMENT|D:\\Projet Test Auto\\Mediabox Test Automation\\Reports\\20220609_181011\\03. Parallel Testing (Testing)\\TS -PT PART 3\\02. Sephora - Full Lifecycle FS Process and Control Tag(Chrome) - headless\\20220609_181026\\1654791861775.png]]

2022-06-09 18:24:22 - [TEST_STEP][PASSED] - delay(10): Delayed 10 second(s)

2022-06-09 18:24:32 - [MESSAGE][PASSED] - Delayed 10 second(s)

2022-06-09 18:24:32 - [TEST_STEP][PASSED] - click(findTestObject("HL Full Lifecycle/9.1 REfPg_Button_Upload_IR_Part 1")): Object: 'Object Repository/HL Full Lifecycle/9.1 REfPg_Button_Upload_IR_Part 1' is clicked on

2022-06-09 18:24:37 - [MESSAGE][PASSED] - Object: 'Object Repository/HL Full Lifecycle/9.1 REfPg_Button_Upload_IR_Part 1' is clicked on

2022-06-09 18:24:37 - [TEST_STEP][PASSED] - delay(5): Delayed 5 second(s)

2022-06-09 18:24:42 - [MESSAGE][PASSED] - Delayed 5 second(s)

2022-06-09 18:24:42 - [TEST_STEP][PASSED] - color2 = getCSSValue(findTestObject("1. Constant/xpath", ["xpath":"//*[@id="source_" + refID + ""]/td[8]/a"]), "color", OPTIONAL): Get CSS 'color' value on 'Object Repository/1. Constant/xpath' successfully: 'rgba(54, 153, 255, 1)'.

2022-06-09 18:24:43 - [MESSAGE][PASSED] - Get CSS 'color' value on 'Object Repository/1. Constant/xpath' successfully: 'rgba(54, 153, 255, 1)'.

2022-06-09 18:24:43 - [TEST_STEP][PASSED] - delay(1): Delayed 1 second(s)

2022-06-09 18:24:44 - [MESSAGE][PASSED] - Delayed 1 second(s)

2022-06-09 18:24:44 - [TEST_STEP][PASSED] - I.Logout(): Delayed 3 second(s)

2022-06-09 18:24:47 - [MESSAGE][PASSED] - Delayed 3 second(s)

2022-06-09 18:24:47 - [MESSAGE][PASSED] - Object: 'Object Repository/1. Constant/xpath' is clicked on

2022-06-09 18:24:50 - [MESSAGE][PASSED] - Delayed 3 second(s)

2022-06-09 18:24:54 - [MESSAGE][PASSED] - Object: 'Object Repository/1. Constant/xpath' is clicked on

2022-06-09 18:24:57 - [MESSAGE][PASSED] - Delayed 3 second(s)

2022-06-09 18:24:57 - [TEST_STEP][PASSED] - I.Login_password("atran", password_atran): Object: 'Object Repository/1. Constant/xpath' is clicked on

2022-06-09 18:24:58 - [MESSAGE][PASSED] - Text 'atran' is set on object 'Object Repository/1. Constant/xpath'

2022-06-09 18:24:59 - [MESSAGE][PASSED] - Delayed 1 second(s)

2022-06-09 18:24:59 - [MESSAGE][PASSED] - Text 'dchi3' is set on object 'Object Repository/1. Constant/xpath'

2022-06-09 18:25:00 - [MESSAGE][PASSED] - Delayed 1 second(s)

2022-06-09 18:25:13 - [MESSAGE][PASSED] - Object: 'Object Repository/1. Constant/xpath' is clicked on

2022-06-09 18:25:13 - [TEST_STEP][PASSED] - takeScreenshot(): Taking screenshot successfully

2022-06-09 18:25:14 - [MESSAGE][PASSED] - Taking screenshot successfully
[[ATTACHMENT|D:\\Projet Test Auto\\Mediabox Test Automation\\Reports\\20220609_181011\\03. Parallel Testing (Testing)\\TS -PT PART 3\\02. Sephora - Full Lifecycle FS Process and Control Tag(Chrome) - headless\\20220609_181026\\1654791913805.png]]

2022-06-09 18:25:14 - [TEST_STEP][PASSED] - click(findTestObject("1. Constant/02_LHSMenu_Projects")): Object: 'Object Repository/1. Constant/02_LHSMenu_Projects' is clicked on

2022-06-09 18:25:17 - [MESSAGE][PASSED] - Object: 'Object Repository/1. Constant/02_LHSMenu_Projects' is clicked on

2022-06-09 18:25:17 - [TEST_STEP][PASSED] - I.SearchProjectNo(Project_No, findTestObject("HL Full Lifecycle/9 Filter_Button_Apply")): Delayed 5 second(s)

2022-06-09 18:25:19 - [MESSAGE][PASSED] - Text 'MI001941' is set on object 'Object Repository/1. Constant/xpath'

2022-06-09 18:25:22 - [MESSAGE][PASSED] - Delayed 3 second(s)

2022-06-09 18:25:27 - [MESSAGE][PASSED] - Object: 'Object Repository/HL Full Lifecycle/9 Filter_Button_Apply' is clicked on

2022-06-09 18:25:32 - [MESSAGE][PASSED] - Delayed 5 second(s)

2022-06-09 18:25:32 - [TEST_STEP][PASSED] - click(findTestObject("Object Repository/HL Full Lifecycle/14.1 RefList_Eye(Atran)", ["refID":"source_" + refID])): Object: 'Object Repository/HL Full Lifecycle/14.1 RefList_Eye(Atran)' is clicked on

2022-06-09 18:25:35 - [MESSAGE][PASSED] - Object: 'Object Repository/HL Full Lifecycle/14.1 RefList_Eye(Atran)' is clicked on

2022-06-09 18:25:35 - [TEST_STEP][PASSED] - delay(1): Delayed 1 second(s)

2022-06-09 18:25:36 - [MESSAGE][PASSED] - Delayed 1 second(s)

2022-06-09 18:25:36 - [TEST_STEP][PASSED] - takeScreenshot(): Taking screenshot successfully

2022-06-09 18:25:38 - [MESSAGE][PASSED] - Taking screenshot successfully
[[ATTACHMENT|D:\\Projet Test Auto\\Mediabox Test Automation\\Reports\\20220609_181011\\03. Parallel Testing (Testing)\\TS -PT PART 3\\02. Sephora - Full Lifecycle FS Process and Control Tag(Chrome) - headless\\20220609_181026\\1654791937734.png]]

2022-06-09 18:25:38 - [TEST_STEP][PASSED] - I.AWF_approve_view(): Object: 'Object Repository/HL Full Lifecycle/Function_Appbutton2' is clicked on

2022-06-09 18:25:39 - [MESSAGE][PASSED] - Wait for page load successfully

2022-06-09 18:25:49 - [MESSAGE][PASSED] - Delayed 10 second(s)

2022-06-09 18:25:49 - [MESSAGE][PASSED] - Object: 'Object Repository/HL Full Lifecycle/Function_access Viewer2' is hovered

2022-06-09 18:25:52 - [MESSAGE][PASSED] - Delayed 3 second(s)

2022-06-09 18:25:52 - [MESSAGE][PASSED] - Object: 'Object Repository/HL Full Lifecycle/Function_access Viewer2' is clicked on

2022-06-09 18:25:57 - [MESSAGE][PASSED] - Delayed 5 second(s)

2022-06-09 18:25:58 - [MESSAGE][PASSED] - Object: 'Object Repository/HL Full Lifecycle/Function_AppButton' is clicked on

2022-06-09 18:26:03 - [MESSAGE][PASSED] - Delayed 5 second(s)

2022-06-09 18:26:12 - [MESSAGE][PASSED] - Object: 'Object Repository/HL Full Lifecycle/Function_Appbutton2' is clicked on

2022-06-09 18:26:12 - [TEST_STEP][PASSED] - takeScreenshot(): Taking screenshot successfully

2022-06-09 18:26:12 - [MESSAGE][PASSED] - Taking screenshot successfully
[[ATTACHMENT|D:\\Projet Test Auto\\Mediabox Test Automation\\Reports\\20220609_181011\\03. Parallel Testing (Testing)\\TS -PT PART 3\\02. Sephora - Full Lifecycle FS Process and Control Tag(Chrome) - headless\\20220609_181026\\1654791972132.png]]

2022-06-09 18:26:12 - [TEST_STEP][PASSED] - click(findTestObject("HL Full Lifecycle/17 Ref_Button_Submit_question", ["refID":"source_" + refID])): Object: 'Object Repository/HL Full Lifecycle/17 Ref_Button_Submit_question' is clicked on

2022-06-09 18:26:12 - [MESSAGE][PASSED] - Object: 'Object Repository/HL Full Lifecycle/17 Ref_Button_Submit_question' is clicked on

2022-06-09 18:26:12 - [TEST_STEP][PASSED] - takeScreenshot(): Taking screenshot successfully

2022-06-09 18:26:13 - [MESSAGE][PASSED] - Taking screenshot successfully
[[ATTACHMENT|D:\\Projet Test Auto\\Mediabox Test Automation\\Reports\\20220609_181011\\03. Parallel Testing (Testing)\\TS -PT PART 3\\02. Sephora - Full Lifecycle FS Process and Control Tag(Chrome) - headless\\20220609_181026\\1654791972960.png]]

2022-06-09 18:26:13 - [TEST_STEP][PASSED] - click(findTestObject("HL Full Lifecycle/17 Ref_Options_DDCupdated", ["refID":"source_" + refID])): Object: 'Object Repository/HL Full Lifecycle/17 Ref_Options_DDCupdated' is clicked on

2022-06-09 18:26:15 - [MESSAGE][PASSED] - Object: 'Object Repository/HL Full Lifecycle/17 Ref_Options_DDCupdated' is clicked on

2022-06-09 18:26:15 - [TEST_STEP][PASSED] - click(findTestObject("HL Full Lifecycle/17.1 Ref_Question_DDCUpdated")): Object: 'Object Repository/HL Full Lifecycle/17.1 Ref_Question_DDCUpdated' is clicked on

2022-06-09 18:26:20 - [MESSAGE][PASSED] - Object: 'Object Repository/HL Full Lifecycle/17.1 Ref_Question_DDCUpdated' is clicked on

2022-06-09 18:26:20 - [TEST_STEP][PASSED] - I.status(findTestObject("HL Full Lifecycle/Status", ["refID":"source_" + refID])): Status contain Complete.

2022-06-09 18:26:21 - [MESSAGE][PASSED] - Text of object 'Object Repository/HL Full Lifecycle/Status' is: 'Complete'

2022-06-09 18:26:21 - [MESSAGE][PASSED] - Status contain Complete.

2022-06-09 18:26:21 - [TEST_STEP][PASSED] - takeScreenshot(): Taking screenshot successfully

2022-06-09 18:26:22 - [MESSAGE][PASSED] - Taking screenshot successfully
[[ATTACHMENT|D:\\Projet Test Auto\\Mediabox Test Automation\\Reports\\20220609_181011\\03. Parallel Testing (Testing)\\TS -PT PART 3\\02. Sephora - Full Lifecycle FS Process and Control Tag(Chrome) - headless\\20220609_181026\\1654791981769.png]]

2022-06-09 18:26:22 - [TEST_STEP][PASSED] - I.writenotepad("D:\Upoad_File\Projet_ Login\Sephora\3.02\3.02_Sephora_ProjectNo.txt", Project_No): null

2022-06-09 18:26:22 - [TEST_STEP][PASSED] - I.writenotepad("D:\Upoad_File\Projet_ Login\Sephora\3.02\3.02_Sephora_refID.txt", refID): null

2022-06-09 18:26:22 - [TEST_STEP][PASSED] - closeBrowser(): Browser is closed

2022-06-09 18:26:34 - [MESSAGE][PASSED] - Browser is closed

2022-06-09 18:26:35 - [TEST_STEP][PASSED] - Start listener action : sampleAfterTestCase: null]]></system-out>
         <system-err><![CDATA[]]></system-err>
      </testcase>
      <testcase name="Test Cases/03. Sephora Full Lifecycle - FS Process/3.01 Sephora FullLifecycle FS Process(Chrome) 15.01 P1" time="725.44" classname="Test Cases/03. Sephora Full Lifecycle - FS Process/3.01 Sephora FullLifecycle FS Process(Chrome) 15.01 P1" status="PASSED">
         <system-out><![CDATA[2022-06-09 18:26:35 - [TEST_CASE][PASSED] - Test Cases/03. Sephora Full Lifecycle - FS Process/3.01 Sephora FullLifecycle FS Process(Chrome) 15.01 P1: Test Cases/03. Sephora Full Lifecycle - FS Process/3.01 Sephora FullLifecycle FS Process(Chrome) 15.01 P1

2022-06-09 18:26:38 - [TEST_STEP][PASSED] - data_Sephora = findTestData("Data Files/Username_Password/Sephora"): null

2022-06-09 18:26:38 - [TEST_STEP][PASSED] - password_atran = data_Sephora.getValue(2, 1): null

2022-06-09 18:26:38 - [TEST_STEP][PASSED] - password_marketing = data_Sephora.getValue(2, 2): null

2022-06-09 18:26:38 - [TEST_STEP][PASSED] - password_regulatory = data_Sephora.getValue(2, 3): null

2022-06-09 18:26:38 - [TEST_STEP][PASSED] - password_studio = data_Sephora.getValue(2, 4): null

2022-06-09 18:26:38 - [TEST_STEP][PASSED] - password_cmouzawak = data_Sephora.getValue(2, 6): null

2022-06-09 18:26:38 - [TEST_STEP][PASSED] - password_aalbeaux = data_Sephora.getValue(2, 7): null

2022-06-09 18:26:38 - [TEST_STEP][PASSED] - password_hgarnier = data_Sephora.getValue(2, 8): null

2022-06-09 18:26:38 - [TEST_STEP][PASSED] - password_iraz = data_Sephora.getValue(2, 5): null

2022-06-09 18:26:38 - [TEST_STEP][PASSED] - data_urlRELAUTO = findTestData("Data Files/URL/URL_relauto"): null

2022-06-09 18:26:39 - [TEST_STEP][PASSED] - Url_Sephora = data_urlRELAUTO.getValue(2, 1): null

2022-06-09 18:26:39 - [TEST_STEP][PASSED] - I.clearnotepad("D:\Upoad_File\Projet_ Login\Sephora\3.01\3.01_Sephora_ProjectNo.txt"): null

2022-06-09 18:26:39 - [TEST_STEP][PASSED] - I.clearnotepad("D:\Upoad_File\Projet_ Login\Sephora\3.01\3.01_Sephora_refID.txt"): null

2022-06-09 18:26:39 - [TEST_STEP][PASSED] - openBrowser(Url_Sephora): Browser is opened with url: 'http://mdb-release.diadeis.lan/MediaboxIndependence/?MBI_datasource=RELTESTAUTO_SEPHORA'

2022-06-09 18:26:39 - [MESSAGE][INFO] - Starting 'Chrome (headless)' driver

2022-06-09 18:26:39 - [MESSAGE][INFO] - User set preference: ['args', '[--window-size=1920,1080, --headless]']

2022-06-09 18:26:39 - [MESSAGE][INFO] - Action delay is set to 0 milliseconds

2022-06-09 18:26:55 - [MESSAGE][PASSED] - Browser is opened with url: 'http://mdb-release.diadeis.lan/MediaboxIndependence/?MBI_datasource=RELTESTAUTO_SEPHORA'

2022-06-09 18:26:55 - [TEST_STEP][PASSED] - maximizeWindow(): Current window maximized

2022-06-09 18:26:56 - [MESSAGE][PASSED] - Current window maximized

2022-06-09 18:26:56 - [TEST_STEP][PASSED] - takeScreenshot(): Taking screenshot successfully

2022-06-09 18:26:57 - [MESSAGE][PASSED] - Taking screenshot successfully
[[ATTACHMENT|D:\\Projet Test Auto\\Mediabox Test Automation\\Reports\\20220609_181011\\03. Parallel Testing (Testing)\\TS -PT PART 3\\02. Sephora - Full Lifecycle FS Process and Control Tag(Chrome) - headless\\20220609_181026\\1654792016723.png]]

2022-06-09 18:26:57 - [TEST_STEP][PASSED] - I.Login_password("atran", password_atran): Object: 'Object Repository/1. Constant/xpath' is clicked on

2022-06-09 18:26:57 - [MESSAGE][PASSED] - Text 'atran' is set on object 'Object Repository/1. Constant/xpath'

2022-06-09 18:26:58 - [MESSAGE][PASSED] - Delayed 1 second(s)

2022-06-09 18:26:59 - [MESSAGE][PASSED] - Text 'dchi3' is set on object 'Object Repository/1. Constant/xpath'

2022-06-09 18:27:00 - [MESSAGE][PASSED] - Delayed 1 second(s)

2022-06-09 18:27:08 - [MESSAGE][PASSED] - Object: 'Object Repository/1. Constant/xpath' is clicked on

2022-06-09 18:27:08 - [TEST_STEP][PASSED] - takeScreenshot(): Taking screenshot successfully

2022-06-09 18:27:08 - [MESSAGE][PASSED] - Taking screenshot successfully
[[ATTACHMENT|D:\\Projet Test Auto\\Mediabox Test Automation\\Reports\\20220609_181011\\03. Parallel Testing (Testing)\\TS -PT PART 3\\02. Sephora - Full Lifecycle FS Process and Control Tag(Chrome) - headless\\20220609_181026\\1654792028283.png]]

2022-06-09 18:27:08 - [TEST_STEP][PASSED] - click(findTestObject("1. Constant/02_LHSMenu_Projects")): Object: 'Object Repository/1. Constant/02_LHSMenu_Projects' is clicked on

2022-06-09 18:27:11 - [MESSAGE][PASSED] - Object: 'Object Repository/1. Constant/02_LHSMenu_Projects' is clicked on

2022-06-09 18:27:11 - [TEST_STEP][PASSED] - click(findTestObject("Object Repository/1. Constant/xpath", ["xpath":"//*[@id="kt_content"]/div[3]/div/div/div[1]/div[2]/a[1]"])): Object: 'Object Repository/1. Constant/xpath' is clicked on

2022-06-09 18:27:13 - [MESSAGE][PASSED] - Object: 'Object Repository/1. Constant/xpath' is clicked on

2022-06-09 18:27:13 - [TEST_STEP][PASSED] - takeScreenshot(): Taking screenshot successfully

2022-06-09 18:27:13 - [MESSAGE][PASSED] - Taking screenshot successfully
[[ATTACHMENT|D:\\Projet Test Auto\\Mediabox Test Automation\\Reports\\20220609_181011\\03. Parallel Testing (Testing)\\TS -PT PART 3\\02. Sephora - Full Lifecycle FS Process and Control Tag(Chrome) - headless\\20220609_181026\\1654792033635.png]]

2022-06-09 18:27:13 - [TEST_STEP][PASSED] - project_name = "AutoTest_Chrome_" + RandomStringUtils.randomAlphanumeric(10) + "_" + I.gettimedate(): null

2022-06-09 18:27:13 - [TEST_STEP][PASSED] - setText(findTestObject("HL Full Lifecycle/4 CreateProjPage_inputProjectname"), project_name): Text 'AutoTest_Chrome_wdsQNBYb1p_juin092022_182713' is set on object 'Object Repository/HL Full Lifecycle/4 CreateProjPage_inputProjectname'

2022-06-09 18:27:14 - [MESSAGE][PASSED] - Text 'AutoTest_Chrome_wdsQNBYb1p_juin092022_182713' is set on object 'Object Repository/HL Full Lifecycle/4 CreateProjPage_inputProjectname'

2022-06-09 18:27:14 - [TEST_STEP][PASSED] - takeScreenshot(): Taking screenshot successfully

2022-06-09 18:27:14 - [MESSAGE][PASSED] - Taking screenshot successfully
[[ATTACHMENT|D:\\Projet Test Auto\\Mediabox Test Automation\\Reports\\20220609_181011\\03. Parallel Testing (Testing)\\TS -PT PART 3\\02. Sephora - Full Lifecycle FS Process and Control Tag(Chrome) - headless\\20220609_181026\\1654792034670.png]]

2022-06-09 18:27:14 - [TEST_STEP][PASSED] - click(findTestObject("HL Full Lifecycle/4 CreateProjPage_Create Project_Bluebutton")): Object: 'Object Repository/HL Full Lifecycle/4 CreateProjPage_Create Project_Bluebutton' is clicked on

2022-06-09 18:27:18 - [MESSAGE][PASSED] - Object: 'Object Repository/HL Full Lifecycle/4 CreateProjPage_Create Project_Bluebutton' is clicked on

2022-06-09 18:27:18 - [TEST_STEP][PASSED] - takeScreenshot(): Taking screenshot successfully

2022-06-09 18:27:18 - [MESSAGE][PASSED] - Taking screenshot successfully
[[ATTACHMENT|D:\\Projet Test Auto\\Mediabox Test Automation\\Reports\\20220609_181011\\03. Parallel Testing (Testing)\\TS -PT PART 3\\02. Sephora - Full Lifecycle FS Process and Control Tag(Chrome) - headless\\20220609_181026\\1654792038402.png]]

2022-06-09 18:27:18 - [TEST_STEP][PASSED] - setText(findTestObject("HL Full Lifecycle/5 ModifyProjPage_input_code_project_field"), "12345"): Text '12345' is set on object 'Object Repository/HL Full Lifecycle/5 ModifyProjPage_input_code_project_field'

2022-06-09 18:27:19 - [MESSAGE][PASSED] - Text '12345' is set on object 'Object Repository/HL Full Lifecycle/5 ModifyProjPage_input_code_project_field'

2022-06-09 18:27:19 - [TEST_STEP][PASSED] - selectOptionByLabel(findTestObject("HL Full Lifecycle/5 ModifyProjPage_dropdown_category_field"), "Hair", true): All options with label 'Hair' are selected in object 'Object Repository/HL Full Lifecycle/5 ModifyProjPage_dropdown_category_field'  using regular expression

2022-06-09 18:27:19 - [MESSAGE][PASSED] - All options with label 'Hair' are selected in object 'Object Repository/HL Full Lifecycle/5 ModifyProjPage_dropdown_category_field'  using regular expression

2022-06-09 18:27:19 - [TEST_STEP][PASSED] - selectOptionByLabel(findTestObject("HL Full Lifecycle/5 ModifyProjPage_dropdown_segment_field"), "BATH BODY", true): All options with label 'BATH BODY' are selected in object 'Object Repository/HL Full Lifecycle/5 ModifyProjPage_dropdown_segment_field'  using regular expression

2022-06-09 18:27:21 - [MESSAGE][PASSED] - All options with label 'BATH BODY' are selected in object 'Object Repository/HL Full Lifecycle/5 ModifyProjPage_dropdown_segment_field'  using regular expression

2022-06-09 18:27:21 - [TEST_STEP][PASSED] - selectOptionByLabel(findTestObject("HL Full Lifecycle/5 ModifyProjPage_dropdown_type_field"), "One Shot", true): All options with label 'One Shot' are selected in object 'Object Repository/HL Full Lifecycle/5 ModifyProjPage_dropdown_type_field'  using regular expression

2022-06-09 18:27:21 - [MESSAGE][PASSED] - All options with label 'One Shot' are selected in object 'Object Repository/HL Full Lifecycle/5 ModifyProjPage_dropdown_type_field'  using regular expression

2022-06-09 18:27:21 - [TEST_STEP][PASSED] - selectOptionByValue(findTestObject("HL Full Lifecycle/5 ModifyProjPage_select_Scope_field"), "20", true): All options with value '20' are selected in object 'Object Repository/HL Full Lifecycle/5 ModifyProjPage_select_Scope_field'  using regular expression

2022-06-09 18:27:22 - [MESSAGE][PASSED] - All options with value '20' are selected in object 'Object Repository/HL Full Lifecycle/5 ModifyProjPage_select_Scope_field'  using regular expression

2022-06-09 18:27:22 - [TEST_STEP][PASSED] - click(findTestObject("HL Full Lifecycle/5 ModifyProjPage_button_Add_Scope_field")): Object: 'Object Repository/HL Full Lifecycle/5 ModifyProjPage_button_Add_Scope_field' is clicked on

2022-06-09 18:27:22 - [MESSAGE][PASSED] - Object: 'Object Repository/HL Full Lifecycle/5 ModifyProjPage_button_Add_Scope_field' is clicked on

2022-06-09 18:27:23 - [TEST_STEP][PASSED] - selectOptionByLabel(findTestObject("HL Full Lifecycle/5 ModifyProjPage_dropdown_MAD_field"), "Christmas", true): All options with label 'Christmas' are selected in object 'Object Repository/HL Full Lifecycle/5 ModifyProjPage_dropdown_MAD_field'  using regular expression

2022-06-09 18:27:23 - [MESSAGE][PASSED] - All options with label 'Christmas' are selected in object 'Object Repository/HL Full Lifecycle/5 ModifyProjPage_dropdown_MAD_field'  using regular expression

2022-06-09 18:27:23 - [TEST_STEP][PASSED] - click(findTestObject("HL Full Lifecycle/5 ModifyProjPage_date_select2-var_35-container_field")): Object: 'Object Repository/HL Full Lifecycle/5 ModifyProjPage_date_select2-var_35-container_field' is clicked on

2022-06-09 18:27:23 - [MESSAGE][PASSED] - Object: 'Object Repository/HL Full Lifecycle/5 ModifyProjPage_date_select2-var_35-container_field' is clicked on

2022-06-09 18:27:23 - [TEST_STEP][PASSED] - selectOptionByValue(findTestObject("HL Full Lifecycle/5 ModifyProjPage_dropdown_year_field"), "119", true): All options with value '119' are selected in object 'Object Repository/HL Full Lifecycle/5 ModifyProjPage_dropdown_year_field'  using regular expression

2022-06-09 18:27:24 - [MESSAGE][PASSED] - All options with value '119' are selected in object 'Object Repository/HL Full Lifecycle/5 ModifyProjPage_dropdown_year_field'  using regular expression

2022-06-09 18:27:24 - [TEST_STEP][PASSED] - click(findTestObject("HL Full Lifecycle/5 ModifyProjPage_date_select2-var_35-container_field")): Object: 'Object Repository/HL Full Lifecycle/5 ModifyProjPage_date_select2-var_35-container_field' is clicked on

2022-06-09 18:27:24 - [MESSAGE][PASSED] - Object: 'Object Repository/HL Full Lifecycle/5 ModifyProjPage_date_select2-var_35-container_field' is clicked on

2022-06-09 18:27:24 - [TEST_STEP][PASSED] - selectOptionByValue(findTestObject("HL Full Lifecycle/5 ModifyProjPage_select_DevPack_field"), "devpack", true): All options with value 'devpack' are selected in object 'Object Repository/HL Full Lifecycle/5 ModifyProjPage_select_DevPack_field'  using regular expression

2022-06-09 18:27:24 - [MESSAGE][PASSED] - All options with value 'devpack' are selected in object 'Object Repository/HL Full Lifecycle/5 ModifyProjPage_select_DevPack_field'  using regular expression

2022-06-09 18:27:24 - [TEST_STEP][PASSED] - click(findTestObject("HL Full Lifecycle/5 ModifyProjPage_button_Add_DevPack_field")): Object: 'Object Repository/HL Full Lifecycle/5 ModifyProjPage_button_Add_DevPack_field' is clicked on

2022-06-09 18:27:24 - [MESSAGE][PASSED] - Object: 'Object Repository/HL Full Lifecycle/5 ModifyProjPage_button_Add_DevPack_field' is clicked on

2022-06-09 18:27:24 - [TEST_STEP][PASSED] - selectOptionByValue(findTestObject("HL Full Lifecycle/5 ModifyProjPage_select_DevFS_field"), "atran", true): All options with value 'atran' are selected in object 'Object Repository/HL Full Lifecycle/5 ModifyProjPage_select_DevFS_field'  using regular expression

2022-06-09 18:27:25 - [MESSAGE][PASSED] - All options with value 'atran' are selected in object 'Object Repository/HL Full Lifecycle/5 ModifyProjPage_select_DevFS_field'  using regular expression

2022-06-09 18:27:25 - [TEST_STEP][PASSED] - click(findTestObject("HL Full Lifecycle/5 ModifyProjPage_Add_DevFS_button")): Object: 'Object Repository/HL Full Lifecycle/5 ModifyProjPage_Add_DevFS_button' is clicked on

2022-06-09 18:27:25 - [MESSAGE][PASSED] - Object: 'Object Repository/HL Full Lifecycle/5 ModifyProjPage_Add_DevFS_button' is clicked on

2022-06-09 18:27:25 - [TEST_STEP][PASSED] - selectOptionByValue(findTestObject("HL Full Lifecycle/5 ModifyProjPage_select_Marketing_field"), "marketing", true): All options with value 'marketing' are selected in object 'Object Repository/HL Full Lifecycle/5 ModifyProjPage_select_Marketing_field'  using regular expression

2022-06-09 18:27:30 - [MESSAGE][PASSED] - All options with value 'marketing' are selected in object 'Object Repository/HL Full Lifecycle/5 ModifyProjPage_select_Marketing_field'  using regular expression

2022-06-09 18:27:30 - [TEST_STEP][PASSED] - click(findTestObject("HL Full Lifecycle/5 ModifyProjPage_Add_Marketing_button")): Object: 'Object Repository/HL Full Lifecycle/5 ModifyProjPage_Add_Marketing_button' is clicked on

2022-06-09 18:27:33 - [MESSAGE][PASSED] - Object: 'Object Repository/HL Full Lifecycle/5 ModifyProjPage_Add_Marketing_button' is clicked on

2022-06-09 18:27:33 - [TEST_STEP][PASSED] - selectOptionByValue(findTestObject("HL Full Lifecycle/5 ModifyProjPage_select_Regulatory_field"), "regulatory", true): All options with value 'regulatory' are selected in object 'Object Repository/HL Full Lifecycle/5 ModifyProjPage_select_Regulatory_field'  using regular expression

2022-06-09 18:27:37 - [MESSAGE][PASSED] - All options with value 'regulatory' are selected in object 'Object Repository/HL Full Lifecycle/5 ModifyProjPage_select_Regulatory_field'  using regular expression

2022-06-09 18:27:37 - [TEST_STEP][PASSED] - click(findTestObject("HL Full Lifecycle/5 ModifyProjPage_Add_Regulatory_button")): Object: 'Object Repository/HL Full Lifecycle/5 ModifyProjPage_Add_Regulatory_button' is clicked on

2022-06-09 18:27:37 - [MESSAGE][PASSED] - Object: 'Object Repository/HL Full Lifecycle/5 ModifyProjPage_Add_Regulatory_button' is clicked on

2022-06-09 18:27:37 - [TEST_STEP][PASSED] - selectOptionByValue(findTestObject("HL Full Lifecycle/5 ModifyProjPage_select_Studio_field"), "studio", true): All options with value 'studio' are selected in object 'Object Repository/HL Full Lifecycle/5 ModifyProjPage_select_Studio_field'  using regular expression

2022-06-09 18:27:39 - [MESSAGE][PASSED] - All options with value 'studio' are selected in object 'Object Repository/HL Full Lifecycle/5 ModifyProjPage_select_Studio_field'  using regular expression

2022-06-09 18:27:39 - [TEST_STEP][PASSED] - click(findTestObject("HL Full Lifecycle/5 ModifyProjPage_Add_Studio_button")): Object: 'Object Repository/HL Full Lifecycle/5 ModifyProjPage_Add_Studio_button' is clicked on

2022-06-09 18:27:39 - [MESSAGE][PASSED] - Object: 'Object Repository/HL Full Lifecycle/5 ModifyProjPage_Add_Studio_button' is clicked on

2022-06-09 18:27:39 - [TEST_STEP][PASSED] - delay(5): Delayed 5 second(s)

2022-06-09 18:27:44 - [MESSAGE][PASSED] - Delayed 5 second(s)

2022-06-09 18:27:44 - [TEST_STEP][PASSED] - click(findTestObject("HL Full Lifecycle/5 ModifyProjPage_button_Update")): Object: 'Object Repository/HL Full Lifecycle/5 ModifyProjPage_button_Update' is clicked on

2022-06-09 18:27:47 - [MESSAGE][PASSED] - Object: 'Object Repository/HL Full Lifecycle/5 ModifyProjPage_button_Update' is clicked on

2022-06-09 18:27:47 - [TEST_STEP][PASSED] - delay(5): Delayed 5 second(s)

2022-06-09 18:27:52 - [MESSAGE][PASSED] - Delayed 5 second(s)

2022-06-09 18:27:52 - [TEST_STEP][PASSED] - Project_No = I.ProjectNo(): Current window's url is: 'http://mdb-release.diadeis.lan/MediaboxIndependence/Base/ExecAction?IDSession=MBI%21RELTESTAUTO_SEPHORA%21VK9DJEKX07LM9QWSXI8D7I04C9FTEIO0ANEA0U4K&default_action=AfficheFichesProjet&id_project=MI001942'

2022-06-09 18:27:57 - [MESSAGE][PASSED] - Delayed 5 second(s)

2022-06-09 18:27:57 - [MESSAGE][PASSED] - Current window's url is: 'http://mdb-release.diadeis.lan/MediaboxIndependence/Base/ExecAction?IDSession=MBI%21RELTESTAUTO_SEPHORA%21VK9DJEKX07LM9QWSXI8D7I04C9FTEIO0ANEA0U4K&default_action=AfficheFichesProjet&id_project=MI001942'

2022-06-09 18:27:57 - [TEST_STEP][PASSED] - click(findTestObject("HL Full Lifecycle/6 ReferenceListPage_createrefbutton")): Object: 'Object Repository/HL Full Lifecycle/6 ReferenceListPage_createrefbutton' is clicked on

2022-06-09 18:27:58 - [MESSAGE][PASSED] - Object: 'Object Repository/HL Full Lifecycle/6 ReferenceListPage_createrefbutton' is clicked on

2022-06-09 18:27:58 - [TEST_STEP][PASSED] - click(findTestObject("HL Full Lifecycle/6 ReferenceListPaga_Create a component_button")): Object: 'Object Repository/HL Full Lifecycle/6 ReferenceListPaga_Create a component_button' is clicked on

2022-06-09 18:27:59 - [MESSAGE][PASSED] - Object: 'Object Repository/HL Full Lifecycle/6 ReferenceListPaga_Create a component_button' is clicked on

2022-06-09 18:27:59 - [TEST_STEP][PASSED] - waitForPageLoad(25): Wait for page load successfully

2022-06-09 18:27:59 - [MESSAGE][PASSED] - Wait for page load successfully

2022-06-09 18:27:59 - [TEST_STEP][PASSED] - selectOptionByLabel(findTestObject("HL Full Lifecycle/6 ReferenceList_Choose Lifecycle"), "FS process", false): All options with label 'FS process' are selected in object 'Object Repository/HL Full Lifecycle/6 ReferenceList_Choose Lifecycle' 

2022-06-09 18:28:00 - [MESSAGE][PASSED] - All options with label 'FS process' are selected in object 'Object Repository/HL Full Lifecycle/6 ReferenceList_Choose Lifecycle' 

2022-06-09 18:28:00 - [TEST_STEP][PASSED] - ref_name = RandomStringUtils.randomAlphanumeric(10) + "_" + I.gettimedate(): null

2022-06-09 18:28:00 - [TEST_STEP][PASSED] - setText(findTestObject("HL Full Lifecycle/6 Reference_input_Component name_field"), "Component_" + ref_name): Text 'Component_Uq2KS4259N_juin092022_182800' is set on object 'Object Repository/HL Full Lifecycle/6 Reference_input_Component name_field'

2022-06-09 18:28:01 - [MESSAGE][PASSED] - Text 'Component_Uq2KS4259N_juin092022_182800' is set on object 'Object Repository/HL Full Lifecycle/6 Reference_input_Component name_field'

2022-06-09 18:28:01 - [TEST_STEP][PASSED] - takeScreenshot(): Taking screenshot successfully

2022-06-09 18:28:01 - [MESSAGE][PASSED] - Taking screenshot successfully
[[ATTACHMENT|D:\\Projet Test Auto\\Mediabox Test Automation\\Reports\\20220609_181011\\03. Parallel Testing (Testing)\\TS -PT PART 3\\02. Sephora - Full Lifecycle FS Process and Control Tag(Chrome) - headless\\20220609_181026\\1654792081191.png]]

2022-06-09 18:28:01 - [TEST_STEP][PASSED] - click(findTestObject("HL Full Lifecycle/6 ReferencePg_Create a component_bluebutton")): Object: 'Object Repository/HL Full Lifecycle/6 ReferencePg_Create a component_bluebutton' is clicked on

2022-06-09 18:28:04 - [MESSAGE][PASSED] - Object: 'Object Repository/HL Full Lifecycle/6 ReferencePg_Create a component_bluebutton' is clicked on

2022-06-09 18:28:04 - [TEST_STEP][PASSED] - delay(5): Delayed 5 second(s)

2022-06-09 18:28:09 - [MESSAGE][PASSED] - Delayed 5 second(s)

2022-06-09 18:28:09 - [TEST_STEP][PASSED] - refID = I.RefID(): Current window's url is: 'http://mdb-release.diadeis.lan/MediaboxIndependence/Base/ExecAction?IDSession=MBI%21RELTESTAUTO_SEPHORA%21VK9DJEKX07LM9QWSXI8D7I04C9FTEIO0ANEA0U4K&default_action=ModifierRef&id_project=MI001942&id_ref=4990&action_from=create_ref'

2022-06-09 18:28:14 - [MESSAGE][PASSED] - Delayed 5 second(s)

2022-06-09 18:28:15 - [MESSAGE][PASSED] - Current window's url is: 'http://mdb-release.diadeis.lan/MediaboxIndependence/Base/ExecAction?IDSession=MBI%21RELTESTAUTO_SEPHORA%21VK9DJEKX07LM9QWSXI8D7I04C9FTEIO0ANEA0U4K&default_action=ModifierRef&id_project=MI001942&id_ref=4990&action_from=create_ref'

2022-06-09 18:28:15 - [TEST_STEP][PASSED] - selectOptionByLabel(findTestObject("HL Full Lifecycle/7 ModifyRefPage_Select_DDC Status_field"), "Complete", false): All options with label 'Complete' are selected in object 'Object Repository/HL Full Lifecycle/7 ModifyRefPage_Select_DDC Status_field' 

2022-06-09 18:28:16 - [MESSAGE][PASSED] - All options with label 'Complete' are selected in object 'Object Repository/HL Full Lifecycle/7 ModifyRefPage_Select_DDC Status_field' 

2022-06-09 18:28:16 - [TEST_STEP][PASSED] - click(findTestObject("Object Repository/Control Tag/2.4 Closing Date")): Object: 'Object Repository/Control Tag/2.4 Closing Date' is clicked on

2022-06-09 18:28:16 - [MESSAGE][PASSED] - Object: 'Object Repository/Control Tag/2.4 Closing Date' is clicked on

2022-06-09 18:28:16 - [TEST_STEP][PASSED] - click(findTestObject("Object Repository/Control Tag/2.5 Closing date (choose date)")): Object: 'Object Repository/Control Tag/2.5 Closing date (choose date)' is clicked on

2022-06-09 18:28:17 - [MESSAGE][PASSED] - Object: 'Object Repository/Control Tag/2.5 Closing date (choose date)' is clicked on

2022-06-09 18:28:17 - [TEST_STEP][PASSED] - delay(1): Delayed 1 second(s)

2022-06-09 18:28:18 - [MESSAGE][PASSED] - Delayed 1 second(s)

2022-06-09 18:28:18 - [TEST_STEP][PASSED] - click(findTestObject("HL Full Lifecycle/7 ModifyRefPage_la-calendar_field")): Object: 'Object Repository/HL Full Lifecycle/7 ModifyRefPage_la-calendar_field' is clicked on

2022-06-09 18:28:19 - [MESSAGE][PASSED] - Object: 'Object Repository/HL Full Lifecycle/7 ModifyRefPage_la-calendar_field' is clicked on

2022-06-09 18:28:19 - [TEST_STEP][PASSED] - delay(1): Delayed 1 second(s)

2022-06-09 18:28:20 - [MESSAGE][PASSED] - Delayed 1 second(s)

2022-06-09 18:28:20 - [TEST_STEP][PASSED] - click(findTestObject("Object Repository/Control Tag/2.5 Closing date (choose date)")): Object: 'Object Repository/Control Tag/2.5 Closing date (choose date)' is clicked on

2022-06-09 18:28:20 - [MESSAGE][PASSED] - Object: 'Object Repository/Control Tag/2.5 Closing date (choose date)' is clicked on

2022-06-09 18:28:20 - [TEST_STEP][PASSED] - selectOptionByLabel(findTestObject("HL Full Lifecycle/7 ModifyRefPage_Select_Pack_Type"), "Primaire", false): All options with label 'Primaire' are selected in object 'Object Repository/HL Full Lifecycle/7 ModifyRefPage_Select_Pack_Type' 

2022-06-09 18:28:20 - [MESSAGE][PASSED] - All options with label 'Primaire' are selected in object 'Object Repository/HL Full Lifecycle/7 ModifyRefPage_Select_Pack_Type' 

2022-06-09 18:28:20 - [TEST_STEP][PASSED] - selectOptionByLabel(findTestObject("HL Full Lifecycle/7 ModifyRefPage_Select_Component_Type"), "Etui", false): All options with label 'Etui' are selected in object 'Object Repository/HL Full Lifecycle/7 ModifyRefPage_Select_Component_Type' 

2022-06-09 18:28:21 - [MESSAGE][PASSED] - All options with label 'Etui' are selected in object 'Object Repository/HL Full Lifecycle/7 ModifyRefPage_Select_Component_Type' 

2022-06-09 18:28:21 - [TEST_STEP][PASSED] - selectOptionByLabel(findTestObject("HL Full Lifecycle/7 ModifyRefPage_Select_printer"), "AIRCOS", false): All options with label 'AIRCOS' are selected in object 'Object Repository/HL Full Lifecycle/7 ModifyRefPage_Select_printer' 

2022-06-09 18:28:21 - [MESSAGE][PASSED] - All options with label 'AIRCOS' are selected in object 'Object Repository/HL Full Lifecycle/7 ModifyRefPage_Select_printer' 

2022-06-09 18:28:21 - [TEST_STEP][PASSED] - scrollToElement(findTestObject("HL Full Lifecycle/7 ModifyRefPage_button_Save"), 10): Scroll to object 'Object Repository/HL Full Lifecycle/7 ModifyRefPage_button_Save' successfully

2022-06-09 18:28:21 - [MESSAGE][PASSED] - Scroll to object 'Object Repository/HL Full Lifecycle/7 ModifyRefPage_button_Save' successfully

2022-06-09 18:28:21 - [TEST_STEP][PASSED] - click(findTestObject("HL Full Lifecycle/7 ModifyRefPage_button_Save")): Object: 'Object Repository/HL Full Lifecycle/7 ModifyRefPage_button_Save' is clicked on

2022-06-09 18:28:25 - [MESSAGE][PASSED] - Object: 'Object Repository/HL Full Lifecycle/7 ModifyRefPage_button_Save' is clicked on

2022-06-09 18:28:25 - [TEST_STEP][PASSED] - takeScreenshot(): Taking screenshot successfully

2022-06-09 18:28:26 - [MESSAGE][PASSED] - Taking screenshot successfully
[[ATTACHMENT|D:\\Projet Test Auto\\Mediabox Test Automation\\Reports\\20220609_181011\\03. Parallel Testing (Testing)\\TS -PT PART 3\\02. Sephora - Full Lifecycle FS Process and Control Tag(Chrome) - headless\\20220609_181026\\1654792106048.png]]

2022-06-09 18:28:26 - [TEST_STEP][PASSED] - delay(3): Delayed 3 second(s)

2022-06-09 18:28:29 - [MESSAGE][PASSED] - Delayed 3 second(s)

2022-06-09 18:28:29 - [TEST_STEP][PASSED] - click(findTestObject("HL Full Lifecycle/8 ReferencePage_ActionButton", ["refID":"source_" + refID])): Object: 'Object Repository/HL Full Lifecycle/8 ReferencePage_ActionButton' is clicked on

2022-06-09 18:28:33 - [MESSAGE][PASSED] - Object: 'Object Repository/HL Full Lifecycle/8 ReferencePage_ActionButton' is clicked on

2022-06-09 18:28:33 - [TEST_STEP][PASSED] - click(findTestObject("HL Full Lifecycle/8 ReferencePage_button_Send to Marketing")): Object: 'Object Repository/HL Full Lifecycle/8 ReferencePage_button_Send to Marketing' is clicked on

2022-06-09 18:28:36 - [MESSAGE][PASSED] - Object: 'Object Repository/HL Full Lifecycle/8 ReferencePage_button_Send to Marketing' is clicked on

2022-06-09 18:28:36 - [TEST_STEP][PASSED] - I.Logout(): Delayed 3 second(s)

2022-06-09 18:28:39 - [MESSAGE][PASSED] - Delayed 3 second(s)

2022-06-09 18:28:40 - [MESSAGE][PASSED] - Object: 'Object Repository/1. Constant/xpath' is clicked on

2022-06-09 18:28:43 - [MESSAGE][PASSED] - Delayed 3 second(s)

2022-06-09 18:28:49 - [MESSAGE][PASSED] - Object: 'Object Repository/1. Constant/xpath' is clicked on

2022-06-09 18:28:52 - [MESSAGE][PASSED] - Delayed 3 second(s)

2022-06-09 18:28:52 - [TEST_STEP][PASSED] - I.Login_password("marketing", password_marketing): Object: 'Object Repository/1. Constant/xpath' is clicked on

2022-06-09 18:28:53 - [MESSAGE][PASSED] - Text 'marketing' is set on object 'Object Repository/1. Constant/xpath'

2022-06-09 18:28:54 - [MESSAGE][PASSED] - Delayed 1 second(s)

2022-06-09 18:28:56 - [MESSAGE][PASSED] - Text 'dchi3' is set on object 'Object Repository/1. Constant/xpath'

2022-06-09 18:28:57 - [MESSAGE][PASSED] - Delayed 1 second(s)

2022-06-09 18:29:02 - [MESSAGE][PASSED] - Object: 'Object Repository/1. Constant/xpath' is clicked on

2022-06-09 18:29:02 - [TEST_STEP][PASSED] - takeScreenshot(): Taking screenshot successfully

2022-06-09 18:29:03 - [MESSAGE][PASSED] - Taking screenshot successfully
[[ATTACHMENT|D:\\Projet Test Auto\\Mediabox Test Automation\\Reports\\20220609_181011\\03. Parallel Testing (Testing)\\TS -PT PART 3\\02. Sephora - Full Lifecycle FS Process and Control Tag(Chrome) - headless\\20220609_181026\\1654792142924.png]]

2022-06-09 18:29:03 - [TEST_STEP][PASSED] - click(findTestObject("1. Constant/02_LHSMenu_Projects")): Object: 'Object Repository/1. Constant/02_LHSMenu_Projects' is clicked on

2022-06-09 18:29:06 - [MESSAGE][PASSED] - Object: 'Object Repository/1. Constant/02_LHSMenu_Projects' is clicked on

2022-06-09 18:29:06 - [TEST_STEP][PASSED] - I.SearchProjectNo(Project_No, findTestObject("HL Full Lifecycle/9 Filter_Button_Apply")): Delayed 5 second(s)

2022-06-09 18:29:06 - [MESSAGE][PASSED] - Text 'MI001942' is set on object 'Object Repository/1. Constant/xpath'

2022-06-09 18:29:09 - [MESSAGE][PASSED] - Delayed 3 second(s)

2022-06-09 18:29:11 - [MESSAGE][PASSED] - Object: 'Object Repository/HL Full Lifecycle/9 Filter_Button_Apply' is clicked on

2022-06-09 18:29:16 - [MESSAGE][PASSED] - Delayed 5 second(s)

2022-06-09 18:29:16 - [TEST_STEP][PASSED] - click(findTestObject("HL Full Lifecycle/9 RefPage_i_B_fa fa-arrow-circle-right_1", ["refID":"source_" + refID])): Object: 'Object Repository/HL Full Lifecycle/9 RefPage_i_B_fa fa-arrow-circle-right_1' is clicked on

2022-06-09 18:29:18 - [MESSAGE][PASSED] - Object: 'Object Repository/HL Full Lifecycle/9 RefPage_i_B_fa fa-arrow-circle-right_1' is clicked on

2022-06-09 18:29:18 - [TEST_STEP][PASSED] - click(findTestObject("HL Full Lifecycle/9 RefPage_button_Send to Regulatory")): Object: 'Object Repository/HL Full Lifecycle/9 RefPage_button_Send to Regulatory' is clicked on

2022-06-09 18:29:22 - [MESSAGE][PASSED] - Object: 'Object Repository/HL Full Lifecycle/9 RefPage_button_Send to Regulatory' is clicked on

2022-06-09 18:29:22 - [TEST_STEP][PASSED] - I.Logout(): Delayed 3 second(s)

2022-06-09 18:29:25 - [MESSAGE][PASSED] - Delayed 3 second(s)

2022-06-09 18:29:25 - [MESSAGE][PASSED] - Object: 'Object Repository/1. Constant/xpath' is clicked on

2022-06-09 18:29:28 - [MESSAGE][PASSED] - Delayed 3 second(s)

2022-06-09 18:29:31 - [MESSAGE][PASSED] - Object: 'Object Repository/1. Constant/xpath' is clicked on

2022-06-09 18:29:34 - [MESSAGE][PASSED] - Delayed 3 second(s)

2022-06-09 18:29:34 - [TEST_STEP][PASSED] - I.Login_password("regulatory", password_regulatory): Object: 'Object Repository/1. Constant/xpath' is clicked on

2022-06-09 18:29:36 - [MESSAGE][PASSED] - Text 'regulatory' is set on object 'Object Repository/1. Constant/xpath'

2022-06-09 18:29:37 - [MESSAGE][PASSED] - Delayed 1 second(s)

2022-06-09 18:29:37 - [MESSAGE][PASSED] - Text 'dchi3' is set on object 'Object Repository/1. Constant/xpath'

2022-06-09 18:29:38 - [MESSAGE][PASSED] - Delayed 1 second(s)

2022-06-09 18:29:42 - [MESSAGE][PASSED] - Object: 'Object Repository/1. Constant/xpath' is clicked on

2022-06-09 18:29:42 - [TEST_STEP][PASSED] - takeScreenshot(): Taking screenshot successfully

2022-06-09 18:29:42 - [MESSAGE][PASSED] - Taking screenshot successfully
[[ATTACHMENT|D:\\Projet Test Auto\\Mediabox Test Automation\\Reports\\20220609_181011\\03. Parallel Testing (Testing)\\TS -PT PART 3\\02. Sephora - Full Lifecycle FS Process and Control Tag(Chrome) - headless\\20220609_181026\\1654792182700.png]]

2022-06-09 18:29:42 - [TEST_STEP][PASSED] - click(findTestObject("1. Constant/02_LHSMenu_Projects")): Object: 'Object Repository/1. Constant/02_LHSMenu_Projects' is clicked on

2022-06-09 18:29:45 - [MESSAGE][PASSED] - Object: 'Object Repository/1. Constant/02_LHSMenu_Projects' is clicked on

2022-06-09 18:29:45 - [TEST_STEP][PASSED] - I.SearchProjectNo(Project_No, findTestObject("HL Full Lifecycle/9 Filter_Button_Apply")): Delayed 5 second(s)

2022-06-09 18:29:45 - [MESSAGE][PASSED] - Text 'MI001942' is set on object 'Object Repository/1. Constant/xpath'

2022-06-09 18:29:48 - [MESSAGE][PASSED] - Delayed 3 second(s)

2022-06-09 18:29:51 - [MESSAGE][PASSED] - Object: 'Object Repository/HL Full Lifecycle/9 Filter_Button_Apply' is clicked on

2022-06-09 18:29:56 - [MESSAGE][PASSED] - Delayed 5 second(s)

2022-06-09 18:29:56 - [TEST_STEP][PASSED] - click(findTestObject("HL Full Lifecycle/10.1_RefPage_questionphase", ["refID":"source_" + refID])): Object: 'Object Repository/HL Full Lifecycle/10.1_RefPage_questionphase' is clicked on

2022-06-09 18:29:57 - [MESSAGE][PASSED] - Object: 'Object Repository/HL Full Lifecycle/10.1_RefPage_questionphase' is clicked on

2022-06-09 18:29:57 - [TEST_STEP][PASSED] - takeScreenshot(): Taking screenshot successfully

2022-06-09 18:29:57 - [MESSAGE][PASSED] - Taking screenshot successfully
[[ATTACHMENT|D:\\Projet Test Auto\\Mediabox Test Automation\\Reports\\20220609_181011\\03. Parallel Testing (Testing)\\TS -PT PART 3\\02. Sephora - Full Lifecycle FS Process and Control Tag(Chrome) - headless\\20220609_181026\\1654792197082.png]]

2022-06-09 18:29:57 - [TEST_STEP][PASSED] - click(findTestObject("HL Full Lifecycle/10.2 ReferencPAge_button_Send to studio", ["refID":"source_" + refID])): Object: 'Object Repository/HL Full Lifecycle/10.2 ReferencPAge_button_Send to studio' is clicked on

2022-06-09 18:30:00 - [MESSAGE][PASSED] - Object: 'Object Repository/HL Full Lifecycle/10.2 ReferencPAge_button_Send to studio' is clicked on

2022-06-09 18:30:00 - [TEST_STEP][PASSED] - click(findTestObject("HL Full Lifecycle/10.3 RefPage_Submitstudio")): Object: 'Object Repository/HL Full Lifecycle/10.3 RefPage_Submitstudio' is clicked on

2022-06-09 18:30:03 - [MESSAGE][PASSED] - Object: 'Object Repository/HL Full Lifecycle/10.3 RefPage_Submitstudio' is clicked on

2022-06-09 18:30:03 - [TEST_STEP][PASSED] - I.Logout(): Delayed 3 second(s)

2022-06-09 18:30:06 - [MESSAGE][PASSED] - Delayed 3 second(s)

2022-06-09 18:30:06 - [MESSAGE][PASSED] - Object: 'Object Repository/1. Constant/xpath' is clicked on

2022-06-09 18:30:09 - [MESSAGE][PASSED] - Delayed 3 second(s)

2022-06-09 18:30:11 - [MESSAGE][PASSED] - Object: 'Object Repository/1. Constant/xpath' is clicked on

2022-06-09 18:30:14 - [MESSAGE][PASSED] - Delayed 3 second(s)

2022-06-09 18:30:14 - [TEST_STEP][PASSED] - I.Login_password("studio", password_studio): Object: 'Object Repository/1. Constant/xpath' is clicked on

2022-06-09 18:30:15 - [MESSAGE][PASSED] - Text 'studio' is set on object 'Object Repository/1. Constant/xpath'

2022-06-09 18:30:16 - [MESSAGE][PASSED] - Delayed 1 second(s)

2022-06-09 18:30:17 - [MESSAGE][PASSED] - Text 'dchi4' is set on object 'Object Repository/1. Constant/xpath'

2022-06-09 18:30:18 - [MESSAGE][PASSED] - Delayed 1 second(s)

2022-06-09 18:30:21 - [MESSAGE][PASSED] - Object: 'Object Repository/1. Constant/xpath' is clicked on

2022-06-09 18:30:21 - [TEST_STEP][PASSED] - takeScreenshot(): Taking screenshot successfully

2022-06-09 18:30:21 - [MESSAGE][PASSED] - Taking screenshot successfully
[[ATTACHMENT|D:\\Projet Test Auto\\Mediabox Test Automation\\Reports\\20220609_181011\\03. Parallel Testing (Testing)\\TS -PT PART 3\\02. Sephora - Full Lifecycle FS Process and Control Tag(Chrome) - headless\\20220609_181026\\1654792221153.png]]

2022-06-09 18:30:21 - [TEST_STEP][PASSED] - click(findTestObject("1. Constant/02_LHSMenu_Projects")): Object: 'Object Repository/1. Constant/02_LHSMenu_Projects' is clicked on

2022-06-09 18:30:23 - [MESSAGE][PASSED] - Object: 'Object Repository/1. Constant/02_LHSMenu_Projects' is clicked on

2022-06-09 18:30:23 - [TEST_STEP][PASSED] - I.SearchProjectNo(Project_No, findTestObject("HL Full Lifecycle/9 Filter_Button_Apply")): Delayed 5 second(s)

2022-06-09 18:30:23 - [MESSAGE][PASSED] - Text 'MI001942' is set on object 'Object Repository/1. Constant/xpath'

2022-06-09 18:30:26 - [MESSAGE][PASSED] - Delayed 3 second(s)

2022-06-09 18:30:28 - [MESSAGE][PASSED] - Object: 'Object Repository/HL Full Lifecycle/9 Filter_Button_Apply' is clicked on

2022-06-09 18:30:33 - [MESSAGE][PASSED] - Delayed 5 second(s)

2022-06-09 18:30:33 - [TEST_STEP][PASSED] - waitForElementClickable(findTestObject("HL Full Lifecycle/10.10 RefPage_Question", ["refID":"source_" + refID]), 10): Object 'Object Repository/HL Full Lifecycle/10.10 RefPage_Question' is clickable

2022-06-09 18:30:33 - [MESSAGE][PASSED] - Object 'Object Repository/HL Full Lifecycle/10.10 RefPage_Question' is clickable

2022-06-09 18:30:33 - [TEST_STEP][PASSED] - click(findTestObject("HL Full Lifecycle/10.10 RefPage_Question", ["refID":"source_" + refID])): Object: 'Object Repository/HL Full Lifecycle/10.10 RefPage_Question' is clicked on

2022-06-09 18:30:33 - [MESSAGE][PASSED] - Object: 'Object Repository/HL Full Lifecycle/10.10 RefPage_Question' is clicked on

2022-06-09 18:30:33 - [TEST_STEP][PASSED] - click(findTestObject("HL Full Lifecycle/11 ReferencePage_Question_a_Accept the brief", ["refID":"source_" + refID])): Object: 'Object Repository/HL Full Lifecycle/11 ReferencePage_Question_a_Accept the brief' is clicked on

2022-06-09 18:30:35 - [MESSAGE][PASSED] - Object: 'Object Repository/HL Full Lifecycle/11 ReferencePage_Question_a_Accept the brief' is clicked on

2022-06-09 18:30:35 - [TEST_STEP][PASSED] - selectOptionByValue(findTestObject("1. Constant/xpath", ["xpath":"//*[@id="var_133"]"]), "282", false): All options with value '282' are selected in object 'Object Repository/1. Constant/xpath' 

2022-06-09 18:30:35 - [MESSAGE][PASSED] - All options with value '282' are selected in object 'Object Repository/1. Constant/xpath' 

2022-06-09 18:30:35 - [TEST_STEP][PASSED] - click(findTestObject("HL Full Lifecycle/11 RefPage_Button_AcceptBrief", ["refID":"source_" + refID])): Object: 'Object Repository/HL Full Lifecycle/11 RefPage_Button_AcceptBrief' is clicked on

2022-06-09 18:30:40 - [MESSAGE][PASSED] - Object: 'Object Repository/HL Full Lifecycle/11 RefPage_Button_AcceptBrief' is clicked on

2022-06-09 18:30:40 - [TEST_STEP][PASSED] - color1 = getCSSValue(findTestObject("1. Constant/xpath", ["xpath":"//*[@id="source_" + refID + ""]/td[8]/a"]), "color", OPTIONAL): Get CSS 'color' value on 'Object Repository/1. Constant/xpath' successfully: 'rgba(255, 255, 255, 1)'.

2022-06-09 18:30:40 - [MESSAGE][PASSED] - Get CSS 'color' value on 'Object Repository/1. Constant/xpath' successfully: 'rgba(255, 255, 255, 1)'.

2022-06-09 18:30:40 - [TEST_STEP][PASSED] - I.print(color1): null

2022-06-09 18:30:40 - [TEST_STEP][PASSED] - while (color1 == "rgba(255, 255, 255, 1)"): Get CSS 'color' value on 'Object Repository/1. Constant/xpath' successfully: 'rgba(54, 153, 255, 1)'.

2022-06-09 18:30:40 - [TEST_STEP][PASSED] - click(findTestObject("1. Constant/xpath", ["xpath":"//*[@id="source_" + refID + ""]/td[8]/a"])): Object: 'Object Repository/1. Constant/xpath' is clicked on

2022-06-09 18:30:41 - [MESSAGE][PASSED] - Object: 'Object Repository/1. Constant/xpath' is clicked on

2022-06-09 18:30:41 - [TEST_STEP][PASSED] - I.UploadDoc_sendkey_Prod(findTestObject("1. Constant/xpath", ["xpath":"//*[@id="kt_body"]/input[2]"]), "D:\Upoad_File\Upload doc\testdata1.jpg", "testdata1"): Delayed 5 second(s)

2022-06-09 18:30:42 - [MESSAGE][PASSED] - Scroll to object 'Object Repository/1. Constant/xpath' successfully

2022-06-09 18:30:47 - [MESSAGE][PASSED] - Delayed 5 second(s)

2022-06-09 18:30:47 - [MESSAGE][PASSED] - File 'D:\Upoad_File\Upload doc\testdata1.jpg' sent to object: 'Object Repository/1. Constant/xpath'

2022-06-09 18:30:52 - [MESSAGE][PASSED] - Delayed 5 second(s)

2022-06-09 18:30:54 - [MESSAGE][PASSED] - Text 'testdata1' is present on page 

2022-06-09 18:30:59 - [MESSAGE][PASSED] - Delayed 5 second(s)

2022-06-09 18:31:04 - [MESSAGE][PASSED] - Delayed 5 second(s)

2022-06-09 18:31:04 - [TEST_STEP][PASSED] - takeScreenshot(): Taking screenshot successfully

2022-06-09 18:31:04 - [MESSAGE][PASSED] - Taking screenshot successfully
[[ATTACHMENT|D:\\Projet Test Auto\\Mediabox Test Automation\\Reports\\20220609_181011\\03. Parallel Testing (Testing)\\TS -PT PART 3\\02. Sephora - Full Lifecycle FS Process and Control Tag(Chrome) - headless\\20220609_181026\\1654792264363.png]]

2022-06-09 18:31:04 - [TEST_STEP][PASSED] - delay(10): Delayed 10 second(s)

2022-06-09 18:31:14 - [MESSAGE][PASSED] - Delayed 10 second(s)

2022-06-09 18:31:14 - [TEST_STEP][PASSED] - click(findTestObject("HL Full Lifecycle/12 ReferncePage_Button_Updatensenddoc")): Object: 'Object Repository/HL Full Lifecycle/12 ReferncePage_Button_Updatensenddoc' is clicked on

2022-06-09 18:31:21 - [MESSAGE][PASSED] - Object: 'Object Repository/HL Full Lifecycle/12 ReferncePage_Button_Updatensenddoc' is clicked on

2022-06-09 18:31:21 - [TEST_STEP][PASSED] - delay(5): Delayed 5 second(s)

2022-06-09 18:31:26 - [MESSAGE][PASSED] - Delayed 5 second(s)

2022-06-09 18:31:26 - [TEST_STEP][PASSED] - color1 = getCSSValue(findTestObject("1. Constant/xpath", ["xpath":"//*[@id="source_" + refID + ""]/td[8]/a"]), "color", OPTIONAL): Get CSS 'color' value on 'Object Repository/1. Constant/xpath' successfully: 'rgba(54, 153, 255, 1)'.

2022-06-09 18:31:28 - [MESSAGE][PASSED] - Get CSS 'color' value on 'Object Repository/1. Constant/xpath' successfully: 'rgba(54, 153, 255, 1)'.

2022-06-09 18:31:28 - [TEST_STEP][PASSED] - I.Logout(): Delayed 3 second(s)

2022-06-09 18:31:31 - [MESSAGE][PASSED] - Delayed 3 second(s)

2022-06-09 18:31:32 - [MESSAGE][PASSED] - Object: 'Object Repository/1. Constant/xpath' is clicked on

2022-06-09 18:31:35 - [MESSAGE][PASSED] - Delayed 3 second(s)

2022-06-09 18:31:40 - [MESSAGE][PASSED] - Object: 'Object Repository/1. Constant/xpath' is clicked on

2022-06-09 18:31:43 - [MESSAGE][PASSED] - Delayed 3 second(s)

2022-06-09 18:31:43 - [TEST_STEP][PASSED] - I.Login_password("marketing", password_marketing): Object: 'Object Repository/1. Constant/xpath' is clicked on

2022-06-09 18:31:45 - [MESSAGE][PASSED] - Text 'marketing' is set on object 'Object Repository/1. Constant/xpath'

2022-06-09 18:31:46 - [MESSAGE][PASSED] - Delayed 1 second(s)

2022-06-09 18:31:47 - [MESSAGE][PASSED] - Text 'dchi3' is set on object 'Object Repository/1. Constant/xpath'

2022-06-09 18:31:48 - [MESSAGE][PASSED] - Delayed 1 second(s)

2022-06-09 18:31:51 - [MESSAGE][PASSED] - Object: 'Object Repository/1. Constant/xpath' is clicked on

2022-06-09 18:31:51 - [TEST_STEP][PASSED] - takeScreenshot(): Taking screenshot successfully

2022-06-09 18:31:52 - [MESSAGE][PASSED] - Taking screenshot successfully
[[ATTACHMENT|D:\\Projet Test Auto\\Mediabox Test Automation\\Reports\\20220609_181011\\03. Parallel Testing (Testing)\\TS -PT PART 3\\02. Sephora - Full Lifecycle FS Process and Control Tag(Chrome) - headless\\20220609_181026\\1654792312189.png]]

2022-06-09 18:31:52 - [TEST_STEP][PASSED] - click(findTestObject("1. Constant/02_LHSMenu_Projects")): Object: 'Object Repository/1. Constant/02_LHSMenu_Projects' is clicked on

2022-06-09 18:31:54 - [MESSAGE][PASSED] - Object: 'Object Repository/1. Constant/02_LHSMenu_Projects' is clicked on

2022-06-09 18:31:54 - [TEST_STEP][PASSED] - I.SearchProjectNo(Project_No, findTestObject("HL Full Lifecycle/9 Filter_Button_Apply")): Delayed 5 second(s)

2022-06-09 18:31:55 - [MESSAGE][PASSED] - Text 'MI001942' is set on object 'Object Repository/1. Constant/xpath'

2022-06-09 18:31:58 - [MESSAGE][PASSED] - Delayed 3 second(s)

2022-06-09 18:32:00 - [MESSAGE][PASSED] - Object: 'Object Repository/HL Full Lifecycle/9 Filter_Button_Apply' is clicked on

2022-06-09 18:32:05 - [MESSAGE][PASSED] - Delayed 5 second(s)

2022-06-09 18:32:05 - [TEST_STEP][PASSED] - I.AWF_approve_byaction(findTestObject("1. Constant/xpath", ["xpath":"//*[@id="source_" + refID + ""]/td[7]/a"])): Object: 'Object Repository/HL Full Lifecycle/Function_Appbutton2' is clicked on

2022-06-09 18:32:10 - [MESSAGE][PASSED] - Delayed 5 second(s)

2022-06-09 18:32:21 - [MESSAGE][PASSED] - Object: 'Object Repository/1. Constant/xpath' is clicked on

2022-06-09 18:32:24 - [MESSAGE][PASSED] - Object: 'Object Repository/HL Full Lifecycle/Function_access Viewer2' is hovered

2022-06-09 18:32:27 - [MESSAGE][PASSED] - Delayed 3 second(s)

2022-06-09 18:32:29 - [MESSAGE][PASSED] - Object: 'Object Repository/HL Full Lifecycle/Function_access Viewer2' is clicked on

2022-06-09 18:32:34 - [MESSAGE][PASSED] - Delayed 5 second(s)

2022-06-09 18:32:35 - [MESSAGE][PASSED] - Object: 'Object Repository/HL Full Lifecycle/Function_AppButton' is clicked on

2022-06-09 18:32:40 - [MESSAGE][PASSED] - Delayed 5 second(s)

2022-06-09 18:32:44 - [MESSAGE][PASSED] - Object: 'Object Repository/HL Full Lifecycle/Function_Appbutton2' is clicked on

2022-06-09 18:32:44 - [TEST_STEP][PASSED] - I.Logout(): Delayed 3 second(s)

2022-06-09 18:32:47 - [MESSAGE][PASSED] - Delayed 3 second(s)

2022-06-09 18:32:47 - [MESSAGE][PASSED] - Object: 'Object Repository/1. Constant/xpath' is clicked on

2022-06-09 18:32:50 - [MESSAGE][PASSED] - Delayed 3 second(s)

2022-06-09 18:32:52 - [MESSAGE][PASSED] - Object: 'Object Repository/1. Constant/xpath' is clicked on

2022-06-09 18:32:55 - [MESSAGE][PASSED] - Delayed 3 second(s)

2022-06-09 18:32:55 - [TEST_STEP][PASSED] - I.Login_password("regulatory", password_regulatory): Object: 'Object Repository/1. Constant/xpath' is clicked on

2022-06-09 18:32:56 - [MESSAGE][PASSED] - Text 'regulatory' is set on object 'Object Repository/1. Constant/xpath'

2022-06-09 18:32:57 - [MESSAGE][PASSED] - Delayed 1 second(s)

2022-06-09 18:32:57 - [MESSAGE][PASSED] - Text 'dchi3' is set on object 'Object Repository/1. Constant/xpath'

2022-06-09 18:32:58 - [MESSAGE][PASSED] - Delayed 1 second(s)

2022-06-09 18:33:01 - [MESSAGE][PASSED] - Object: 'Object Repository/1. Constant/xpath' is clicked on

2022-06-09 18:33:01 - [TEST_STEP][PASSED] - click(findTestObject("1. Constant/02_LHSMenu_Projects")): Object: 'Object Repository/1. Constant/02_LHSMenu_Projects' is clicked on

2022-06-09 18:33:04 - [MESSAGE][PASSED] - Object: 'Object Repository/1. Constant/02_LHSMenu_Projects' is clicked on

2022-06-09 18:33:04 - [TEST_STEP][PASSED] - I.SearchProjectNo(Project_No, findTestObject("HL Full Lifecycle/9 Filter_Button_Apply")): Delayed 5 second(s)

2022-06-09 18:33:05 - [MESSAGE][PASSED] - Text 'MI001942' is set on object 'Object Repository/1. Constant/xpath'

2022-06-09 18:33:08 - [MESSAGE][PASSED] - Delayed 3 second(s)

2022-06-09 18:33:12 - [MESSAGE][PASSED] - Object: 'Object Repository/HL Full Lifecycle/9 Filter_Button_Apply' is clicked on

2022-06-09 18:33:17 - [MESSAGE][PASSED] - Delayed 5 second(s)

2022-06-09 18:33:17 - [TEST_STEP][PASSED] - waitForPageLoad(10): Wait for page load successfully

2022-06-09 18:33:18 - [MESSAGE][PASSED] - Wait for page load successfully

2022-06-09 18:33:18 - [TEST_STEP][PASSED] - I.AWF_approve_byaction(findTestObject("1. Constant/xpath", ["xpath":"//*[@id="source_" + refID + ""]/td[7]/a"])): Object: 'Object Repository/HL Full Lifecycle/Function_Appbutton2' is clicked on

2022-06-09 18:33:23 - [MESSAGE][PASSED] - Delayed 5 second(s)

2022-06-09 18:33:26 - [MESSAGE][PASSED] - Object: 'Object Repository/1. Constant/xpath' is clicked on

2022-06-09 18:33:26 - [MESSAGE][PASSED] - Object: 'Object Repository/HL Full Lifecycle/Function_access Viewer2' is hovered

2022-06-09 18:33:29 - [MESSAGE][PASSED] - Delayed 3 second(s)

2022-06-09 18:33:30 - [MESSAGE][PASSED] - Object: 'Object Repository/HL Full Lifecycle/Function_access Viewer2' is clicked on

2022-06-09 18:33:35 - [MESSAGE][PASSED] - Delayed 5 second(s)

2022-06-09 18:33:35 - [MESSAGE][PASSED] - Object: 'Object Repository/HL Full Lifecycle/Function_AppButton' is clicked on

2022-06-09 18:33:40 - [MESSAGE][PASSED] - Delayed 5 second(s)

2022-06-09 18:33:49 - [MESSAGE][PASSED] - Object: 'Object Repository/HL Full Lifecycle/Function_Appbutton2' is clicked on

2022-06-09 18:33:49 - [TEST_STEP][PASSED] - takeScreenshot(): Taking screenshot successfully

2022-06-09 18:33:50 - [MESSAGE][PASSED] - Taking screenshot successfully
[[ATTACHMENT|D:\\Projet Test Auto\\Mediabox Test Automation\\Reports\\20220609_181011\\03. Parallel Testing (Testing)\\TS -PT PART 3\\02. Sephora - Full Lifecycle FS Process and Control Tag(Chrome) - headless\\20220609_181026\\1654792429613.png]]

2022-06-09 18:33:50 - [TEST_STEP][PASSED] - I.Logout(): Delayed 3 second(s)

2022-06-09 18:33:53 - [MESSAGE][PASSED] - Delayed 3 second(s)

2022-06-09 18:33:53 - [MESSAGE][PASSED] - Object: 'Object Repository/1. Constant/xpath' is clicked on

2022-06-09 18:33:56 - [MESSAGE][PASSED] - Delayed 3 second(s)

2022-06-09 18:33:58 - [MESSAGE][PASSED] - Object: 'Object Repository/1. Constant/xpath' is clicked on

2022-06-09 18:34:01 - [MESSAGE][PASSED] - Delayed 3 second(s)

2022-06-09 18:34:01 - [TEST_STEP][PASSED] - I.Login_password("atran", password_atran): Object: 'Object Repository/1. Constant/xpath' is clicked on

2022-06-09 18:34:01 - [MESSAGE][PASSED] - Text 'atran' is set on object 'Object Repository/1. Constant/xpath'

2022-06-09 18:34:02 - [MESSAGE][PASSED] - Delayed 1 second(s)

2022-06-09 18:34:05 - [MESSAGE][PASSED] - Text 'dchi3' is set on object 'Object Repository/1. Constant/xpath'

2022-06-09 18:34:06 - [MESSAGE][PASSED] - Delayed 1 second(s)

2022-06-09 18:34:09 - [MESSAGE][PASSED] - Object: 'Object Repository/1. Constant/xpath' is clicked on

2022-06-09 18:34:09 - [TEST_STEP][PASSED] - takeScreenshot(): Taking screenshot successfully

2022-06-09 18:34:09 - [MESSAGE][PASSED] - Taking screenshot successfully
[[ATTACHMENT|D:\\Projet Test Auto\\Mediabox Test Automation\\Reports\\20220609_181011\\03. Parallel Testing (Testing)\\TS -PT PART 3\\02. Sephora - Full Lifecycle FS Process and Control Tag(Chrome) - headless\\20220609_181026\\1654792449491.png]]

2022-06-09 18:34:09 - [TEST_STEP][PASSED] - click(findTestObject("1. Constant/02_LHSMenu_Projects")): Object: 'Object Repository/1. Constant/02_LHSMenu_Projects' is clicked on

2022-06-09 18:34:12 - [MESSAGE][PASSED] - Object: 'Object Repository/1. Constant/02_LHSMenu_Projects' is clicked on

2022-06-09 18:34:12 - [TEST_STEP][PASSED] - I.SearchProjectNo(Project_No, findTestObject("HL Full Lifecycle/9 Filter_Button_Apply")): Delayed 5 second(s)

2022-06-09 18:34:12 - [MESSAGE][PASSED] - Text 'MI001942' is set on object 'Object Repository/1. Constant/xpath'

2022-06-09 18:34:15 - [MESSAGE][PASSED] - Delayed 3 second(s)

2022-06-09 18:34:18 - [MESSAGE][PASSED] - Object: 'Object Repository/HL Full Lifecycle/9 Filter_Button_Apply' is clicked on

2022-06-09 18:34:23 - [MESSAGE][PASSED] - Delayed 5 second(s)

2022-06-09 18:34:23 - [TEST_STEP][PASSED] - delay(10): Delayed 10 second(s)

2022-06-09 18:34:33 - [MESSAGE][PASSED] - Delayed 10 second(s)

2022-06-09 18:34:33 - [TEST_STEP][PASSED] - I.AWF_approve_byaction(findTestObject("Object Repository/HL Full Lifecycle/Function AWFAction2", ["refID":"source_" + refID])): Object: 'Object Repository/HL Full Lifecycle/Function_Appbutton2' is clicked on

2022-06-09 18:34:38 - [MESSAGE][PASSED] - Delayed 5 second(s)

2022-06-09 18:34:46 - [MESSAGE][PASSED] - Object: 'Object Repository/HL Full Lifecycle/Function AWFAction2' is clicked on

2022-06-09 18:34:47 - [MESSAGE][PASSED] - Object: 'Object Repository/HL Full Lifecycle/Function_access Viewer2' is hovered

2022-06-09 18:34:50 - [MESSAGE][PASSED] - Delayed 3 second(s)

2022-06-09 18:34:50 - [MESSAGE][PASSED] - Object: 'Object Repository/HL Full Lifecycle/Function_access Viewer2' is clicked on

2022-06-09 18:34:55 - [MESSAGE][PASSED] - Delayed 5 second(s)

2022-06-09 18:34:56 - [MESSAGE][PASSED] - Object: 'Object Repository/HL Full Lifecycle/Function_AppButton' is clicked on

2022-06-09 18:35:01 - [MESSAGE][PASSED] - Delayed 5 second(s)

2022-06-09 18:35:05 - [MESSAGE][PASSED] - Object: 'Object Repository/HL Full Lifecycle/Function_Appbutton2' is clicked on

2022-06-09 18:35:05 - [TEST_STEP][PASSED] - delay(1): Delayed 1 second(s)

2022-06-09 18:35:06 - [MESSAGE][PASSED] - Delayed 1 second(s)

2022-06-09 18:35:06 - [TEST_STEP][PASSED] - click(findTestObject("HL Full Lifecycle/15 RefPage_Button_Submit_AurelieTran", ["refID":"source_" + refID])): Object: 'Object Repository/HL Full Lifecycle/15 RefPage_Button_Submit_AurelieTran' is clicked on

2022-06-09 18:35:07 - [MESSAGE][PASSED] - Object: 'Object Repository/HL Full Lifecycle/15 RefPage_Button_Submit_AurelieTran' is clicked on

2022-06-09 18:35:07 - [TEST_STEP][PASSED] - delay(1): Delayed 1 second(s)

2022-06-09 18:35:08 - [MESSAGE][PASSED] - Delayed 1 second(s)

2022-06-09 18:35:08 - [TEST_STEP][PASSED] - click(findTestObject("HL Full Lifecycle/15 RefPage_Question_sendtodiadeis", ["refID":"source_" + refID])): Object: 'Object Repository/HL Full Lifecycle/15 RefPage_Question_sendtodiadeis' is clicked on

2022-06-09 18:35:10 - [MESSAGE][PASSED] - Object: 'Object Repository/HL Full Lifecycle/15 RefPage_Question_sendtodiadeis' is clicked on

2022-06-09 18:35:10 - [TEST_STEP][PASSED] - delay(3): Delayed 3 second(s)

2022-06-09 18:35:13 - [MESSAGE][PASSED] - Delayed 3 second(s)

2022-06-09 18:35:13 - [TEST_STEP][PASSED] - setText(findTestObject("HL Full Lifecycle/15 RefPage_Field_CODEEAN"), "Code EAn Test"): Text 'Code EAn Test' is set on object 'Object Repository/HL Full Lifecycle/15 RefPage_Field_CODEEAN'

2022-06-09 18:35:14 - [MESSAGE][PASSED] - Text 'Code EAn Test' is set on object 'Object Repository/HL Full Lifecycle/15 RefPage_Field_CODEEAN'

2022-06-09 18:35:14 - [TEST_STEP][PASSED] - setText(findTestObject("HL Full Lifecycle/15 RefPg_Field_Brief_photogravuremandatory"), "Brief photogravuremandatory"): Text 'Brief photogravuremandatory' is set on object 'Object Repository/HL Full Lifecycle/15 RefPg_Field_Brief_photogravuremandatory'

2022-06-09 18:35:15 - [MESSAGE][PASSED] - Text 'Brief photogravuremandatory' is set on object 'Object Repository/HL Full Lifecycle/15 RefPg_Field_Brief_photogravuremandatory'

2022-06-09 18:35:15 - [TEST_STEP][PASSED] - setText(findTestObject("HL Full Lifecycle/15 RefPg_Field_Brief_Field_NoRepro"), "Number of colors Repromandatory"): Text 'Number of colors Repromandatory' is set on object 'Object Repository/HL Full Lifecycle/15 RefPg_Field_Brief_Field_NoRepro'

2022-06-09 18:35:15 - [MESSAGE][PASSED] - Text 'Number of colors Repromandatory' is set on object 'Object Repository/HL Full Lifecycle/15 RefPg_Field_Brief_Field_NoRepro'

2022-06-09 18:35:15 - [TEST_STEP][PASSED] - selectOptionByValue(findTestObject("HL Full Lifecycle/15 RefPg_Field_Brief_Field_PrinterType"), "109", false): All options with value '109' are selected in object 'Object Repository/HL Full Lifecycle/15 RefPg_Field_Brief_Field_PrinterType' 

2022-06-09 18:35:15 - [MESSAGE][PASSED] - All options with value '109' are selected in object 'Object Repository/HL Full Lifecycle/15 RefPg_Field_Brief_Field_PrinterType' 

2022-06-09 18:35:15 - [TEST_STEP][PASSED] - click(findTestObject("HL Full Lifecycle/15 RefPg_Field_Brief_Field_ML_add")): Object: 'Object Repository/HL Full Lifecycle/15 RefPg_Field_Brief_Field_ML_add' is clicked on

2022-06-09 18:35:16 - [MESSAGE][PASSED] - Object: 'Object Repository/HL Full Lifecycle/15 RefPg_Field_Brief_Field_ML_add' is clicked on

2022-06-09 18:35:16 - [TEST_STEP][PASSED] - click(findTestObject("HL Full Lifecycle/15 RefPg_Field_Brief_Field_MAD_suppliermandatory")): Object: 'Object Repository/HL Full Lifecycle/15 RefPg_Field_Brief_Field_MAD_suppliermandatory' is clicked on

2022-06-09 18:35:16 - [MESSAGE][PASSED] - Object: 'Object Repository/HL Full Lifecycle/15 RefPg_Field_Brief_Field_MAD_suppliermandatory' is clicked on

2022-06-09 18:35:16 - [TEST_STEP][PASSED] - click(findTestObject("HL Full Lifecycle/15 RefPg_Field_Brief_Field_MAD_yr")): Object: 'Object Repository/HL Full Lifecycle/15 RefPg_Field_Brief_Field_MAD_yr' is clicked on

2022-06-09 18:35:16 - [MESSAGE][PASSED] - Object: 'Object Repository/HL Full Lifecycle/15 RefPg_Field_Brief_Field_MAD_yr' is clicked on

2022-06-09 18:35:16 - [TEST_STEP][PASSED] - click(findTestObject("HL Full Lifecycle/15 RefPg_Field_Brief_Field_MAD_suppliermandatory")): Object: 'Object Repository/HL Full Lifecycle/15 RefPg_Field_Brief_Field_MAD_suppliermandatory' is clicked on

2022-06-09 18:35:17 - [MESSAGE][PASSED] - Object: 'Object Repository/HL Full Lifecycle/15 RefPg_Field_Brief_Field_MAD_suppliermandatory' is clicked on

2022-06-09 18:35:17 - [TEST_STEP][PASSED] - scrollToElement(findTestObject("HL Full Lifecycle/15 RefPage_Button_Submittodiadies"), 5): Scroll to object 'Object Repository/HL Full Lifecycle/15 RefPage_Button_Submittodiadies' successfully

2022-06-09 18:35:17 - [MESSAGE][PASSED] - Scroll to object 'Object Repository/HL Full Lifecycle/15 RefPage_Button_Submittodiadies' successfully

2022-06-09 18:35:17 - [TEST_STEP][PASSED] - takeScreenshot(): Taking screenshot successfully

2022-06-09 18:35:17 - [MESSAGE][PASSED] - Taking screenshot successfully
[[ATTACHMENT|D:\\Projet Test Auto\\Mediabox Test Automation\\Reports\\20220609_181011\\03. Parallel Testing (Testing)\\TS -PT PART 3\\02. Sephora - Full Lifecycle FS Process and Control Tag(Chrome) - headless\\20220609_181026\\1654792517663.png]]

2022-06-09 18:35:17 - [TEST_STEP][PASSED] - I.click_button_javascript(findTestObject("HL Full Lifecycle/15 RefPage_Button_Submittodiadies")): Execute JavaScript 'arguments[0].click()' successfully

2022-06-09 18:35:22 - [MESSAGE][PASSED] - Execute JavaScript 'arguments[0].click()' successfully

2022-06-09 18:35:22 - [TEST_STEP][PASSED] - I.Logout(): Delayed 3 second(s)

2022-06-09 18:35:25 - [MESSAGE][PASSED] - Delayed 3 second(s)

2022-06-09 18:35:26 - [MESSAGE][PASSED] - Object: 'Object Repository/1. Constant/xpath' is clicked on

2022-06-09 18:35:29 - [MESSAGE][PASSED] - Delayed 3 second(s)

2022-06-09 18:35:31 - [MESSAGE][PASSED] - Object: 'Object Repository/1. Constant/xpath' is clicked on

2022-06-09 18:35:34 - [MESSAGE][PASSED] - Delayed 3 second(s)

2022-06-09 18:35:34 - [TEST_STEP][PASSED] - I.Login_password("cmouzawak", password_cmouzawak): Object: 'Object Repository/1. Constant/xpath' is clicked on

2022-06-09 18:35:34 - [MESSAGE][PASSED] - Text 'cmouzawak' is set on object 'Object Repository/1. Constant/xpath'

2022-06-09 18:35:35 - [MESSAGE][PASSED] - Delayed 1 second(s)

2022-06-09 18:35:35 - [MESSAGE][PASSED] - Text 'dchi' is set on object 'Object Repository/1. Constant/xpath'

2022-06-09 18:35:36 - [MESSAGE][PASSED] - Delayed 1 second(s)

2022-06-09 18:35:40 - [MESSAGE][PASSED] - Object: 'Object Repository/1. Constant/xpath' is clicked on

2022-06-09 18:35:40 - [TEST_STEP][PASSED] - takeScreenshot(): Taking screenshot successfully

2022-06-09 18:35:41 - [MESSAGE][PASSED] - Taking screenshot successfully
[[ATTACHMENT|D:\\Projet Test Auto\\Mediabox Test Automation\\Reports\\20220609_181011\\03. Parallel Testing (Testing)\\TS -PT PART 3\\02. Sephora - Full Lifecycle FS Process and Control Tag(Chrome) - headless\\20220609_181026\\1654792541013.png]]

2022-06-09 18:35:41 - [TEST_STEP][PASSED] - waitForElementClickable(findTestObject("HL Full Lifecycle/2 LHSMenu_Projet(FR)"), 10): Object 'Object Repository/HL Full Lifecycle/2 LHSMenu_Projet(FR)' is clickable

2022-06-09 18:35:41 - [MESSAGE][PASSED] - Object 'Object Repository/HL Full Lifecycle/2 LHSMenu_Projet(FR)' is clickable

2022-06-09 18:35:41 - [TEST_STEP][PASSED] - click(findTestObject("HL Full Lifecycle/2 LHSMenu_Projet(FR)")): Object: 'Object Repository/HL Full Lifecycle/2 LHSMenu_Projet(FR)' is clicked on

2022-06-09 18:35:44 - [MESSAGE][PASSED] - Object: 'Object Repository/HL Full Lifecycle/2 LHSMenu_Projet(FR)' is clicked on

2022-06-09 18:35:44 - [TEST_STEP][PASSED] - I.SearchProjectNo(Project_No, findTestObject("HL Full Lifecycle/2 Filter_ Button_FR_Apply")): Delayed 5 second(s)

2022-06-09 18:35:46 - [MESSAGE][PASSED] - Text 'MI001942' is set on object 'Object Repository/1. Constant/xpath'

2022-06-09 18:35:50 - [MESSAGE][PASSED] - Delayed 3 second(s)

2022-06-09 18:35:51 - [MESSAGE][PASSED] - Object: 'Object Repository/HL Full Lifecycle/2 Filter_ Button_FR_Apply' is clicked on

2022-06-09 18:35:56 - [MESSAGE][PASSED] - Delayed 5 second(s)

2022-06-09 18:35:56 - [TEST_STEP][PASSED] - waitForElementClickable(findTestObject("HL Full Lifecycle/16 RefListPg_Button_Submit_Cyril", ["refID":"source_" + refID]), 10): Object 'Object Repository/HL Full Lifecycle/16 RefListPg_Button_Submit_Cyril' is clickable

2022-06-09 18:35:57 - [MESSAGE][PASSED] - Object 'Object Repository/HL Full Lifecycle/16 RefListPg_Button_Submit_Cyril' is clickable

2022-06-09 18:35:57 - [TEST_STEP][PASSED] - click(findTestObject("HL Full Lifecycle/16 RefListPg_Button_Submit_Cyril", ["refID":"source_" + refID])): Object: 'Object Repository/HL Full Lifecycle/16 RefListPg_Button_Submit_Cyril' is clicked on

2022-06-09 18:35:58 - [MESSAGE][PASSED] - Object: 'Object Repository/HL Full Lifecycle/16 RefListPg_Button_Submit_Cyril' is clicked on

2022-06-09 18:35:58 - [TEST_STEP][PASSED] - delay(1): Delayed 1 second(s)

2022-06-09 18:35:59 - [MESSAGE][PASSED] - Delayed 1 second(s)

2022-06-09 18:35:59 - [TEST_STEP][PASSED] - I.UploadDoc_sendkey_field("//*[@id="var_123"]", "D:\Upoad_File\Upload doc\testdata1.jpg", "testdata1"): Text 'testdata1' is present on page 

2022-06-09 18:36:01 - [MESSAGE][PASSED] - Delayed 2 second(s)

2022-06-09 18:36:02 - [MESSAGE][PASSED] - Keys 'D:\Upoad_File\Upload doc\testdata1.jpg' sent to object: 'Object Repository/1. Constant/xpath'

2022-06-09 18:36:02 - [MESSAGE][PASSED] - Text 'testdata1' is present on page 

2022-06-09 18:36:02 - [TEST_STEP][PASSED] - delay(1): Delayed 1 second(s)

2022-06-09 18:36:03 - [MESSAGE][PASSED] - Delayed 1 second(s)

2022-06-09 18:36:03 - [TEST_STEP][PASSED] - click(findTestObject("HL Full Lifecycle/16 RefPg_Button_SubmitCyril")): Object: 'Object Repository/HL Full Lifecycle/16 RefPg_Button_SubmitCyril' is clicked on

2022-06-09 18:36:07 - [MESSAGE][PASSED] - Object: 'Object Repository/HL Full Lifecycle/16 RefPg_Button_SubmitCyril' is clicked on

2022-06-09 18:36:07 - [TEST_STEP][PASSED] - takeScreenshot(): Taking screenshot successfully

2022-06-09 18:36:08 - [MESSAGE][PASSED] - Taking screenshot successfully
[[ATTACHMENT|D:\\Projet Test Auto\\Mediabox Test Automation\\Reports\\20220609_181011\\03. Parallel Testing (Testing)\\TS -PT PART 3\\02. Sephora - Full Lifecycle FS Process and Control Tag(Chrome) - headless\\20220609_181026\\1654792567958.png]]

2022-06-09 18:36:08 - [TEST_STEP][PASSED] - I.Logout(): Delayed 3 second(s)

2022-06-09 18:36:11 - [MESSAGE][PASSED] - Delayed 3 second(s)

2022-06-09 18:36:12 - [MESSAGE][PASSED] - Object: 'Object Repository/1. Constant/xpath' is clicked on

2022-06-09 18:36:15 - [MESSAGE][PASSED] - Delayed 3 second(s)

2022-06-09 18:36:18 - [MESSAGE][PASSED] - Object: 'Object Repository/1. Constant/xpath' is clicked on

2022-06-09 18:36:21 - [MESSAGE][PASSED] - Delayed 3 second(s)

2022-06-09 18:36:21 - [TEST_STEP][PASSED] - I.Login_password("lraz", password_iraz): Object: 'Object Repository/1. Constant/xpath' is clicked on

2022-06-09 18:36:22 - [MESSAGE][PASSED] - Text 'lraz' is set on object 'Object Repository/1. Constant/xpath'

2022-06-09 18:36:23 - [MESSAGE][PASSED] - Delayed 1 second(s)

2022-06-09 18:36:23 - [MESSAGE][PASSED] - Text 'dchi3' is set on object 'Object Repository/1. Constant/xpath'

2022-06-09 18:36:24 - [MESSAGE][PASSED] - Delayed 1 second(s)

2022-06-09 18:36:27 - [MESSAGE][PASSED] - Object: 'Object Repository/1. Constant/xpath' is clicked on

2022-06-09 18:36:27 - [TEST_STEP][PASSED] - takeScreenshot(): Taking screenshot successfully

2022-06-09 18:36:27 - [MESSAGE][PASSED] - Taking screenshot successfully
[[ATTACHMENT|D:\\Projet Test Auto\\Mediabox Test Automation\\Reports\\20220609_181011\\03. Parallel Testing (Testing)\\TS -PT PART 3\\02. Sephora - Full Lifecycle FS Process and Control Tag(Chrome) - headless\\20220609_181026\\1654792587297.png]]

2022-06-09 18:36:27 - [TEST_STEP][PASSED] - click(findTestObject("1. Constant/02_LHSMenu_Projects")): Object: 'Object Repository/1. Constant/02_LHSMenu_Projects' is clicked on

2022-06-09 18:36:31 - [MESSAGE][PASSED] - Object: 'Object Repository/1. Constant/02_LHSMenu_Projects' is clicked on

2022-06-09 18:36:31 - [TEST_STEP][PASSED] - I.SearchProjectNo(Project_No, findTestObject("HL Full Lifecycle/9 Filter_Button_Apply")): Delayed 5 second(s)

2022-06-09 18:36:31 - [MESSAGE][PASSED] - Text 'MI001942' is set on object 'Object Repository/1. Constant/xpath'

2022-06-09 18:36:34 - [MESSAGE][PASSED] - Delayed 3 second(s)

2022-06-09 18:36:36 - [MESSAGE][PASSED] - Object: 'Object Repository/HL Full Lifecycle/9 Filter_Button_Apply' is clicked on

2022-06-09 18:36:41 - [MESSAGE][PASSED] - Delayed 5 second(s)

2022-06-09 18:36:41 - [TEST_STEP][PASSED] - delay(3): Delayed 3 second(s)

2022-06-09 18:36:44 - [MESSAGE][PASSED] - Delayed 3 second(s)

2022-06-09 18:36:44 - [TEST_STEP][PASSED] - color2 = getCSSValue(findTestObject("1. Constant/xpath", ["xpath":"//*[@id="source_" + refID + ""]/td[8]/a"]), "color", OPTIONAL): Get CSS 'color' value on 'Object Repository/1. Constant/xpath' successfully: 'rgba(255, 255, 255, 1)'.

2022-06-09 18:36:44 - [MESSAGE][PASSED] - Get CSS 'color' value on 'Object Repository/1. Constant/xpath' successfully: 'rgba(255, 255, 255, 1)'.

2022-06-09 18:36:44 - [TEST_STEP][PASSED] - I.print(color2): null

2022-06-09 18:36:44 - [TEST_STEP][PASSED] - while (color2 == "rgba(255, 255, 255, 1)"): Get CSS 'color' value on 'Object Repository/1. Constant/xpath' successfully: 'rgba(54, 153, 255, 1)'.

2022-06-09 18:36:44 - [TEST_STEP][PASSED] - click(findTestObject("1. Constant/xpath", ["xpath":"//*[@id="source_" + refID + ""]/td[8]/a"])): Object: 'Object Repository/1. Constant/xpath' is clicked on

2022-06-09 18:36:46 - [MESSAGE][PASSED] - Object: 'Object Repository/1. Constant/xpath' is clicked on

2022-06-09 18:36:46 - [TEST_STEP][PASSED] - I.UploadDoc_sendkey_Prod(findTestObject("1. Constant/xpath", ["xpath":"//*[@id="kt_body"]/input[2]"]), "D:\Upoad_File\Upload doc\testdata1.jpg", "testdata1"): Delayed 5 second(s)

2022-06-09 18:36:46 - [MESSAGE][PASSED] - Scroll to object 'Object Repository/1. Constant/xpath' successfully

2022-06-09 18:36:51 - [MESSAGE][PASSED] - Delayed 5 second(s)

2022-06-09 18:36:52 - [MESSAGE][PASSED] - File 'D:\Upoad_File\Upload doc\testdata1.jpg' sent to object: 'Object Repository/1. Constant/xpath'

2022-06-09 18:36:57 - [MESSAGE][PASSED] - Delayed 5 second(s)

2022-06-09 18:36:57 - [MESSAGE][PASSED] - Text 'testdata1' is present on page 

2022-06-09 18:37:02 - [MESSAGE][PASSED] - Delayed 5 second(s)

2022-06-09 18:37:07 - [MESSAGE][PASSED] - Delayed 5 second(s)

2022-06-09 18:37:07 - [TEST_STEP][PASSED] - takeScreenshot(): Taking screenshot successfully

2022-06-09 18:37:07 - [MESSAGE][PASSED] - Taking screenshot successfully
[[ATTACHMENT|D:\\Projet Test Auto\\Mediabox Test Automation\\Reports\\20220609_181011\\03. Parallel Testing (Testing)\\TS -PT PART 3\\02. Sephora - Full Lifecycle FS Process and Control Tag(Chrome) - headless\\20220609_181026\\1654792627347.png]]

2022-06-09 18:37:07 - [TEST_STEP][PASSED] - delay(10): Delayed 10 second(s)

2022-06-09 18:37:17 - [MESSAGE][PASSED] - Delayed 10 second(s)

2022-06-09 18:37:17 - [TEST_STEP][PASSED] - click(findTestObject("HL Full Lifecycle/9.1 REfPg_Button_Upload_IR_Part 1")): Object: 'Object Repository/HL Full Lifecycle/9.1 REfPg_Button_Upload_IR_Part 1' is clicked on

2022-06-09 18:37:22 - [MESSAGE][PASSED] - Object: 'Object Repository/HL Full Lifecycle/9.1 REfPg_Button_Upload_IR_Part 1' is clicked on

2022-06-09 18:37:22 - [TEST_STEP][PASSED] - delay(5): Delayed 5 second(s)

2022-06-09 18:37:27 - [MESSAGE][PASSED] - Delayed 5 second(s)

2022-06-09 18:37:27 - [TEST_STEP][PASSED] - color2 = getCSSValue(findTestObject("1. Constant/xpath", ["xpath":"//*[@id="source_" + refID + ""]/td[8]/a"]), "color", OPTIONAL): Get CSS 'color' value on 'Object Repository/1. Constant/xpath' successfully: 'rgba(54, 153, 255, 1)'.

2022-06-09 18:37:27 - [MESSAGE][PASSED] - Get CSS 'color' value on 'Object Repository/1. Constant/xpath' successfully: 'rgba(54, 153, 255, 1)'.

2022-06-09 18:37:27 - [TEST_STEP][PASSED] - I.Logout(): Delayed 3 second(s)

2022-06-09 18:37:30 - [MESSAGE][PASSED] - Delayed 3 second(s)

2022-06-09 18:37:30 - [MESSAGE][PASSED] - Object: 'Object Repository/1. Constant/xpath' is clicked on

2022-06-09 18:37:33 - [MESSAGE][PASSED] - Delayed 3 second(s)

2022-06-09 18:37:35 - [MESSAGE][PASSED] - Object: 'Object Repository/1. Constant/xpath' is clicked on

2022-06-09 18:37:38 - [MESSAGE][PASSED] - Delayed 3 second(s)

2022-06-09 18:37:38 - [TEST_STEP][PASSED] - I.Login_password("atran", password_atran): Object: 'Object Repository/1. Constant/xpath' is clicked on

2022-06-09 18:37:39 - [MESSAGE][PASSED] - Text 'atran' is set on object 'Object Repository/1. Constant/xpath'

2022-06-09 18:37:40 - [MESSAGE][PASSED] - Delayed 1 second(s)

2022-06-09 18:37:40 - [MESSAGE][PASSED] - Text 'dchi3' is set on object 'Object Repository/1. Constant/xpath'

2022-06-09 18:37:41 - [MESSAGE][PASSED] - Delayed 1 second(s)

2022-06-09 18:37:44 - [MESSAGE][PASSED] - Object: 'Object Repository/1. Constant/xpath' is clicked on

2022-06-09 18:37:44 - [TEST_STEP][PASSED] - takeScreenshot(): Taking screenshot successfully

2022-06-09 18:37:45 - [MESSAGE][PASSED] - Taking screenshot successfully
[[ATTACHMENT|D:\\Projet Test Auto\\Mediabox Test Automation\\Reports\\20220609_181011\\03. Parallel Testing (Testing)\\TS -PT PART 3\\02. Sephora - Full Lifecycle FS Process and Control Tag(Chrome) - headless\\20220609_181026\\1654792665042.png]]

2022-06-09 18:37:45 - [TEST_STEP][PASSED] - click(findTestObject("1. Constant/02_LHSMenu_Projects")): Object: 'Object Repository/1. Constant/02_LHSMenu_Projects' is clicked on

2022-06-09 18:37:47 - [MESSAGE][PASSED] - Object: 'Object Repository/1. Constant/02_LHSMenu_Projects' is clicked on

2022-06-09 18:37:47 - [TEST_STEP][PASSED] - I.SearchProjectNo(Project_No, findTestObject("HL Full Lifecycle/9 Filter_Button_Apply")): Delayed 5 second(s)

2022-06-09 18:37:48 - [MESSAGE][PASSED] - Text 'MI001942' is set on object 'Object Repository/1. Constant/xpath'

2022-06-09 18:37:51 - [MESSAGE][PASSED] - Delayed 3 second(s)

2022-06-09 18:37:54 - [MESSAGE][PASSED] - Object: 'Object Repository/HL Full Lifecycle/9 Filter_Button_Apply' is clicked on

2022-06-09 18:37:59 - [MESSAGE][PASSED] - Delayed 5 second(s)

2022-06-09 18:37:59 - [TEST_STEP][PASSED] - click(findTestObject("HL Full Lifecycle/14 RefListPg_Reflink2", ["refID":"source_" + refID])): Object: 'Object Repository/HL Full Lifecycle/14 RefListPg_Reflink2' is clicked on

2022-06-09 18:38:08 - [MESSAGE][PASSED] - Object: 'Object Repository/HL Full Lifecycle/14 RefListPg_Reflink2' is clicked on

2022-06-09 18:38:08 - [TEST_STEP][PASSED] - I.AWF_approve(): Delayed 3 second(s)

2022-06-09 18:38:08 - [MESSAGE][PASSED] - Wait for page load successfully

2022-06-09 18:38:09 - [MESSAGE][PASSED] - Delayed 1 second(s)

2022-06-09 18:38:12 - [MESSAGE][PASSED] - Object: 'Object Repository/HL Full Lifecycle/Function_Doctab' is clicked on

2022-06-09 18:38:14 - [MESSAGE][PASSED] - Delayed 2 second(s)

2022-06-09 18:38:16 - [MESSAGE][PASSED] - Object: 'Object Repository/HL Full Lifecycle/Function_Access to viewer' is clicked on

2022-06-09 18:38:17 - [MESSAGE][PASSED] - Delayed 1 second(s)

2022-06-09 18:38:19 - [MESSAGE][PASSED] - Object: 'Object Repository/HL Full Lifecycle/Function_AppButton' is clicked on

2022-06-09 18:38:20 - [MESSAGE][PASSED] - Delayed 1 second(s)

2022-06-09 18:38:26 - [MESSAGE][PASSED] - Object: 'Object Repository/HL Full Lifecycle/Function_Appbutton2' is clicked on

2022-06-09 18:38:29 - [MESSAGE][PASSED] - Delayed 3 second(s)

2022-06-09 18:38:29 - [TEST_STEP][PASSED] - takeScreenshot(): Taking screenshot successfully

2022-06-09 18:38:30 - [MESSAGE][PASSED] - Taking screenshot successfully
[[ATTACHMENT|D:\\Projet Test Auto\\Mediabox Test Automation\\Reports\\20220609_181011\\03. Parallel Testing (Testing)\\TS -PT PART 3\\02. Sephora - Full Lifecycle FS Process and Control Tag(Chrome) - headless\\20220609_181026\\1654792710046.png]]

2022-06-09 18:38:30 - [TEST_STEP][PASSED] - click(findTestObject("HL Full Lifecycle/17 Ref_Button_Submit_question", ["refID":"source_" + refID])): Object: 'Object Repository/HL Full Lifecycle/17 Ref_Button_Submit_question' is clicked on

2022-06-09 18:38:31 - [MESSAGE][PASSED] - Object: 'Object Repository/HL Full Lifecycle/17 Ref_Button_Submit_question' is clicked on

2022-06-09 18:38:31 - [TEST_STEP][PASSED] - click(findTestObject("HL Full Lifecycle/17 Ref_Options_DDCupdated", ["refID":"source_" + refID])): Object: 'Object Repository/HL Full Lifecycle/17 Ref_Options_DDCupdated' is clicked on

2022-06-09 18:38:33 - [MESSAGE][PASSED] - Object: 'Object Repository/HL Full Lifecycle/17 Ref_Options_DDCupdated' is clicked on

2022-06-09 18:38:33 - [TEST_STEP][PASSED] - click(findTestObject("HL Full Lifecycle/17.1 Ref_Question_DDCUpdated")): Object: 'Object Repository/HL Full Lifecycle/17.1 Ref_Question_DDCUpdated' is clicked on

2022-06-09 18:38:37 - [MESSAGE][PASSED] - Object: 'Object Repository/HL Full Lifecycle/17.1 Ref_Question_DDCUpdated' is clicked on

2022-06-09 18:38:37 - [TEST_STEP][PASSED] - I.status(findTestObject("HL Full Lifecycle/Status", ["refID":"source_" + refID])): Status contain Complete.

2022-06-09 18:38:37 - [MESSAGE][PASSED] - Text of object 'Object Repository/HL Full Lifecycle/Status' is: 'Complete'

2022-06-09 18:38:37 - [MESSAGE][PASSED] - Status contain Complete.

2022-06-09 18:38:37 - [TEST_STEP][PASSED] - takeScreenshot(): Taking screenshot successfully

2022-06-09 18:38:38 - [MESSAGE][PASSED] - Taking screenshot successfully
[[ATTACHMENT|D:\\Projet Test Auto\\Mediabox Test Automation\\Reports\\20220609_181011\\03. Parallel Testing (Testing)\\TS -PT PART 3\\02. Sephora - Full Lifecycle FS Process and Control Tag(Chrome) - headless\\20220609_181026\\1654792718212.png]]

2022-06-09 18:38:38 - [TEST_STEP][PASSED] - I.writenotepad("D:\Upoad_File\Projet_ Login\Sephora\3.01\3.01_Sephora_ProjectNo.txt", Project_No): null

2022-06-09 18:38:38 - [TEST_STEP][PASSED] - I.writenotepad("D:\Upoad_File\Projet_ Login\Sephora\3.01\3.01_Sephora_refID.txt", refID): null

2022-06-09 18:38:38 - [TEST_STEP][PASSED] - closeBrowser(): Browser is closed

2022-06-09 18:38:41 - [MESSAGE][PASSED] - Browser is closed

2022-06-09 18:38:41 - [TEST_STEP][PASSED] - Start listener action : sampleAfterTestCase: null]]></system-out>
         <system-err><![CDATA[]]></system-err>
      </testcase>
      <testcase name="Test Cases/19. Dreyers Support Action (Ongoing ref_completed)/19.01 Dreyers SAS Add Step (Ongoing ref) S4 - P1" time="258.665" classname="Test Cases/19. Dreyers Support Action (Ongoing ref_completed)/19.01 Dreyers SAS Add Step (Ongoing ref) S4 - P1" status="PASSED">
         <system-out><![CDATA[2022-06-09 18:38:41 - [TEST_CASE][PASSED] - Test Cases/19. Dreyers Support Action (Ongoing ref_completed)/19.01 Dreyers SAS Add Step (Ongoing ref) S4 - P1: Test Cases/19. Dreyers Support Action (Ongoing ref_completed)/19.01 Dreyers SAS Add Step (Ongoing ref) S4 - P1

2022-06-09 18:38:42 - [TEST_STEP][PASSED] - data_Dreyers = findTestData("Data Files/Username_Password/Dreyer"): null

2022-06-09 18:38:42 - [TEST_STEP][PASSED] - password_blemco = data_Dreyers.getValue(2, 2): null

2022-06-09 18:38:42 - [TEST_STEP][PASSED] - password_nturner = data_Dreyers.getValue(2, 6): null

2022-06-09 18:38:42 - [TEST_STEP][PASSED] - data_urlRELAUTO = findTestData("Data Files/URL/URL_relauto"): null

2022-06-09 18:38:42 - [TEST_STEP][PASSED] - Url_Dreyer = data_urlRELAUTO.getValue(2, 4): null

2022-06-09 18:38:42 - [TEST_STEP][PASSED] - I.clearnotepad("D:\Upoad_File\Projet_ Login\Dreyers\19.1\19.1_Dreyers_ProjectNo.txt"): null

2022-06-09 18:38:42 - [TEST_STEP][PASSED] - I.clearnotepad("D:\Upoad_File\Projet_ Login\Dreyers\19.1\19.1_Dreyers_refID.txt"): null

2022-06-09 18:38:42 - [TEST_STEP][PASSED] - openBrowser(Url_Dreyer): Browser is opened with url: 'http://mdb-release.diadeis.lan/MediaboxIndependence/?MBI_datasource=RELTESTAUTO_DREYERS'

2022-06-09 18:38:42 - [MESSAGE][INFO] - Starting 'Chrome (headless)' driver

2022-06-09 18:38:42 - [MESSAGE][INFO] - User set preference: ['args', '[--window-size=1920,1080, --headless]']

2022-06-09 18:38:42 - [MESSAGE][INFO] - Action delay is set to 0 milliseconds

2022-06-09 18:38:51 - [MESSAGE][PASSED] - Browser is opened with url: 'http://mdb-release.diadeis.lan/MediaboxIndependence/?MBI_datasource=RELTESTAUTO_DREYERS'

2022-06-09 18:38:51 - [TEST_STEP][PASSED] - maximizeWindow(): Current window maximized

2022-06-09 18:38:52 - [MESSAGE][PASSED] - Current window maximized

2022-06-09 18:38:52 - [TEST_STEP][PASSED] - I.Login_password("blemco", password_blemco): Object: 'Object Repository/1. Constant/xpath' is clicked on

2022-06-09 18:38:53 - [MESSAGE][PASSED] - Text 'blemco' is set on object 'Object Repository/1. Constant/xpath'

2022-06-09 18:38:54 - [MESSAGE][PASSED] - Delayed 1 second(s)

2022-06-09 18:38:55 - [MESSAGE][PASSED] - Text 'diadeis1' is set on object 'Object Repository/1. Constant/xpath'

2022-06-09 18:38:56 - [MESSAGE][PASSED] - Delayed 1 second(s)

2022-06-09 18:39:15 - [MESSAGE][PASSED] - Object: 'Object Repository/1. Constant/xpath' is clicked on

2022-06-09 18:39:15 - [TEST_STEP][PASSED] - takeScreenshot(): Taking screenshot successfully

2022-06-09 18:39:17 - [MESSAGE][PASSED] - Taking screenshot successfully
[[ATTACHMENT|D:\\Projet Test Auto\\Mediabox Test Automation\\Reports\\20220609_181011\\03. Parallel Testing (Testing)\\TS -PT PART 3\\02. Sephora - Full Lifecycle FS Process and Control Tag(Chrome) - headless\\20220609_181026\\1654792756195.png]]

2022-06-09 18:39:17 - [TEST_STEP][PASSED] - click(findTestObject("1. Constant/02_LHSMenu_Projects")): Object: 'Object Repository/1. Constant/02_LHSMenu_Projects' is clicked on

2022-06-09 18:39:26 - [MESSAGE][PASSED] - Object: 'Object Repository/1. Constant/02_LHSMenu_Projects' is clicked on

2022-06-09 18:39:26 - [TEST_STEP][PASSED] - click(findTestObject("1. Constant/xpath", ["xpath":"//*[@id="kt_content"]/div[3]/div/div/div[1]/div[2]/a[1]"])): Object: 'Object Repository/1. Constant/xpath' is clicked on

2022-06-09 18:39:32 - [MESSAGE][PASSED] - Object: 'Object Repository/1. Constant/xpath' is clicked on

2022-06-09 18:39:32 - [TEST_STEP][PASSED] - takeScreenshot(): Taking screenshot successfully

2022-06-09 18:39:33 - [MESSAGE][PASSED] - Taking screenshot successfully
[[ATTACHMENT|D:\\Projet Test Auto\\Mediabox Test Automation\\Reports\\20220609_181011\\03. Parallel Testing (Testing)\\TS -PT PART 3\\02. Sephora - Full Lifecycle FS Process and Control Tag(Chrome) - headless\\20220609_181026\\1654792772939.png]]

2022-06-09 18:39:33 - [TEST_STEP][PASSED] - I.click_button_javascript(findTestObject("1. Constant/xpath", ["xpath":"//*[@id="field_var_24"]/div/div/label[2]"])): Execute JavaScript 'arguments[0].click()' successfully

2022-06-09 18:39:33 - [MESSAGE][PASSED] - Execute JavaScript 'arguments[0].click()' successfully

2022-06-09 18:39:33 - [TEST_STEP][PASSED] - selectOptionByValue(findTestObject("1. Constant/xpath", ["xpath":"//*[@id="var_89"]"]), "123", false): All options with value '123' are selected in object 'Object Repository/1. Constant/xpath' 

2022-06-09 18:39:33 - [MESSAGE][PASSED] - All options with value '123' are selected in object 'Object Repository/1. Constant/xpath' 

2022-06-09 18:39:33 - [TEST_STEP][PASSED] - I.select_multiplelist("//*[@id="selSource_25"]", "//*[@id="btnAdd_25"]", "blemco"): Delayed 1 second(s)

2022-06-09 18:39:34 - [MESSAGE][PASSED] - Delayed 1 second(s)

2022-06-09 18:39:35 - [MESSAGE][PASSED] - All options with value 'blemco' are selected in object 'Object Repository/1. Constant/xpath' 

2022-06-09 18:39:37 - [MESSAGE][PASSED] - Delayed 2 second(s)

2022-06-09 18:39:38 - [MESSAGE][PASSED] - Object: 'Object Repository/1. Constant/xpath' is clicked on

2022-06-09 18:39:39 - [MESSAGE][PASSED] - Delayed 1 second(s)

2022-06-09 18:39:39 - [TEST_STEP][PASSED] - selectOptionByValue(findTestObject("1. Constant/xpath", ["xpath":"//*[@id="var_9"]"]), "18", false): All options with value '18' are selected in object 'Object Repository/1. Constant/xpath' 

2022-06-09 18:39:43 - [MESSAGE][PASSED] - All options with value '18' are selected in object 'Object Repository/1. Constant/xpath' 

2022-06-09 18:39:43 - [TEST_STEP][PASSED] - selectOptionByValue(findTestObject("1. Constant/xpath", ["xpath":"//*[@id="var_52"]"]), "111", false): All options with value '111' are selected in object 'Object Repository/1. Constant/xpath' 

2022-06-09 18:39:47 - [MESSAGE][PASSED] - All options with value '111' are selected in object 'Object Repository/1. Constant/xpath' 

2022-06-09 18:39:47 - [TEST_STEP][PASSED] - project_name = "Auto_SAS_" + RandomStringUtils.randomAlphanumeric(3) + "_" + I.gettimedate(): null

2022-06-09 18:39:47 - [TEST_STEP][PASSED] - setText(findTestObject("1. Constant/xpath", ["xpath":"//*[@id="var_91"]"]), project_name): Text 'Auto_SAS_uLu_juin092022_183947' is set on object 'Object Repository/1. Constant/xpath'

2022-06-09 18:39:49 - [MESSAGE][PASSED] - Text 'Auto_SAS_uLu_juin092022_183947' is set on object 'Object Repository/1. Constant/xpath'

2022-06-09 18:39:49 - [TEST_STEP][PASSED] - selectOptionByValue(findTestObject("1. Constant/xpath", ["xpath":"//*[@id="var_30"]"]), "97", false): All options with value '97' are selected in object 'Object Repository/1. Constant/xpath' 

2022-06-09 18:39:49 - [MESSAGE][PASSED] - All options with value '97' are selected in object 'Object Repository/1. Constant/xpath' 

2022-06-09 18:39:49 - [TEST_STEP][PASSED] - selectOptionByValue(findTestObject("1. Constant/xpath", ["xpath":"//*[@id="var_11"]"]), "334", false): All options with value '334' are selected in object 'Object Repository/1. Constant/xpath' 

2022-06-09 18:39:49 - [MESSAGE][PASSED] - All options with value '334' are selected in object 'Object Repository/1. Constant/xpath' 

2022-06-09 18:39:49 - [TEST_STEP][PASSED] - setText(findTestObject("1. Constant/xpath", ["xpath":"//*[@id="var_22"]"]), "01/01/2030"): Text '01/01/2030' is set on object 'Object Repository/1. Constant/xpath'

2022-06-09 18:39:49 - [MESSAGE][PASSED] - Text '01/01/2030' is set on object 'Object Repository/1. Constant/xpath'

2022-06-09 18:39:50 - [TEST_STEP][PASSED] - setText(findTestObject("1. Constant/xpath", ["xpath":"//*[@id="var_23"]"]), "01/01/2030"): Text '01/01/2030' is set on object 'Object Repository/1. Constant/xpath'

2022-06-09 18:39:50 - [MESSAGE][PASSED] - Text '01/01/2030' is set on object 'Object Repository/1. Constant/xpath'

2022-06-09 18:39:50 - [TEST_STEP][PASSED] - setText(findTestObject("1. Constant/xpath", ["xpath":"//*[@id="var_14"]"]), "01/01/2030"): Text '01/01/2030' is set on object 'Object Repository/1. Constant/xpath'

2022-06-09 18:39:51 - [MESSAGE][PASSED] - Text '01/01/2030' is set on object 'Object Repository/1. Constant/xpath'

2022-06-09 18:39:51 - [TEST_STEP][PASSED] - selectOptionByValue(findTestObject("1. Constant/xpath", ["xpath":"//*[@id="selSource_13"]"]), "mbaughman", false): All options with value 'mbaughman' are selected in object 'Object Repository/1. Constant/xpath' 

2022-06-09 18:39:51 - [MESSAGE][PASSED] - All options with value 'mbaughman' are selected in object 'Object Repository/1. Constant/xpath' 

2022-06-09 18:39:51 - [TEST_STEP][PASSED] - I.select_multiplelist("//*[@id="selSource_13"]", "//*[@id="btnAdd_13"]", "rjaiven"): Delayed 1 second(s)

2022-06-09 18:39:52 - [MESSAGE][PASSED] - Delayed 1 second(s)

2022-06-09 18:39:52 - [MESSAGE][PASSED] - All options with value 'rjaiven' are selected in object 'Object Repository/1. Constant/xpath' 

2022-06-09 18:39:54 - [MESSAGE][PASSED] - Delayed 2 second(s)

2022-06-09 18:39:54 - [MESSAGE][PASSED] - Object: 'Object Repository/1. Constant/xpath' is clicked on

2022-06-09 18:39:55 - [MESSAGE][PASSED] - Delayed 1 second(s)

2022-06-09 18:39:55 - [TEST_STEP][PASSED] - selectOptionByValue(findTestObject("1. Constant/xpath", ["xpath":"//*[@id="selSource_27"]"]), "amassoth", false): All options with value 'amassoth' are selected in object 'Object Repository/1. Constant/xpath' 

2022-06-09 18:39:56 - [MESSAGE][PASSED] - All options with value 'amassoth' are selected in object 'Object Repository/1. Constant/xpath' 

2022-06-09 18:39:56 - [TEST_STEP][PASSED] - I.select_multiplelist("//*[@id="selSource_27"]", "//*[@id="btnAdd_27"]", "nturner"): Delayed 1 second(s)

2022-06-09 18:39:57 - [MESSAGE][PASSED] - Delayed 1 second(s)

2022-06-09 18:39:57 - [MESSAGE][PASSED] - All options with value 'nturner' are selected in object 'Object Repository/1. Constant/xpath' 

2022-06-09 18:39:59 - [MESSAGE][PASSED] - Delayed 2 second(s)

2022-06-09 18:39:59 - [MESSAGE][PASSED] - Object: 'Object Repository/1. Constant/xpath' is clicked on

2022-06-09 18:40:00 - [MESSAGE][PASSED] - Delayed 1 second(s)

2022-06-09 18:40:00 - [TEST_STEP][PASSED] - I.select_multiplelist("//*[@id="selSource_167"]", "//*[@id="btnAdd_167"]", "lmary"): Delayed 1 second(s)

2022-06-09 18:40:01 - [MESSAGE][PASSED] - Delayed 1 second(s)

2022-06-09 18:40:02 - [MESSAGE][PASSED] - All options with value 'lmary' are selected in object 'Object Repository/1. Constant/xpath' 

2022-06-09 18:40:04 - [MESSAGE][PASSED] - Delayed 2 second(s)

2022-06-09 18:40:04 - [MESSAGE][PASSED] - Object: 'Object Repository/1. Constant/xpath' is clicked on

2022-06-09 18:40:05 - [MESSAGE][PASSED] - Delayed 1 second(s)

2022-06-09 18:40:05 - [TEST_STEP][PASSED] - selectOptionByValue(findTestObject("1. Constant/xpath", ["xpath":"//*[@id="selSource_166"]"]), "bbenjamin", false): All options with value 'bbenjamin' are selected in object 'Object Repository/1. Constant/xpath' 

2022-06-09 18:40:05 - [MESSAGE][PASSED] - All options with value 'bbenjamin' are selected in object 'Object Repository/1. Constant/xpath' 

2022-06-09 18:40:05 - [TEST_STEP][PASSED] - I.select_multiplelist("//*[@id="selSource_166"]", "//*[@id="btnAdd_166"]", "lschwabe"): Delayed 1 second(s)

2022-06-09 18:40:07 - [MESSAGE][PASSED] - Delayed 1 second(s)

2022-06-09 18:40:08 - [MESSAGE][PASSED] - All options with value 'lschwabe' are selected in object 'Object Repository/1. Constant/xpath' 

2022-06-09 18:40:10 - [MESSAGE][PASSED] - Delayed 2 second(s)

2022-06-09 18:40:11 - [MESSAGE][PASSED] - Object: 'Object Repository/1. Constant/xpath' is clicked on

2022-06-09 18:40:12 - [MESSAGE][PASSED] - Delayed 1 second(s)

2022-06-09 18:40:12 - [TEST_STEP][PASSED] - I.select_multiplelist("//*[@id="selSource_26"]", "//*[@id="btnAdd_26"]", "talexeeva"): Delayed 1 second(s)

2022-06-09 18:40:13 - [MESSAGE][PASSED] - Delayed 1 second(s)

2022-06-09 18:40:13 - [MESSAGE][PASSED] - All options with value 'talexeeva' are selected in object 'Object Repository/1. Constant/xpath' 

2022-06-09 18:40:15 - [MESSAGE][PASSED] - Delayed 2 second(s)

2022-06-09 18:40:15 - [MESSAGE][PASSED] - Object: 'Object Repository/1. Constant/xpath' is clicked on

2022-06-09 18:40:16 - [MESSAGE][PASSED] - Delayed 1 second(s)

2022-06-09 18:40:16 - [TEST_STEP][PASSED] - selectOptionByValue(findTestObject("1. Constant/xpath", ["xpath":"//*[@id="selSource_29"]"]), "bharandi", false): All options with value 'bharandi' are selected in object 'Object Repository/1. Constant/xpath' 

2022-06-09 18:40:17 - [MESSAGE][PASSED] - All options with value 'bharandi' are selected in object 'Object Repository/1. Constant/xpath' 

2022-06-09 18:40:17 - [TEST_STEP][PASSED] - selectOptionByValue(findTestObject("1. Constant/xpath", ["xpath":"//*[@id="selSource_29"]"]), "bmilhomme", false): All options with value 'bmilhomme' are selected in object 'Object Repository/1. Constant/xpath' 

2022-06-09 18:40:17 - [MESSAGE][PASSED] - All options with value 'bmilhomme' are selected in object 'Object Repository/1. Constant/xpath' 

2022-06-09 18:40:17 - [TEST_STEP][PASSED] - I.select_multiplelist("//*[@id="selSource_29"]", "//*[@id="btnAdd_29"]", "rmorrone_2"): Delayed 1 second(s)

2022-06-09 18:40:18 - [MESSAGE][PASSED] - Delayed 1 second(s)

2022-06-09 18:40:19 - [MESSAGE][PASSED] - All options with value 'rmorrone_2' are selected in object 'Object Repository/1. Constant/xpath' 

2022-06-09 18:40:21 - [MESSAGE][PASSED] - Delayed 2 second(s)

2022-06-09 18:40:21 - [MESSAGE][PASSED] - Object: 'Object Repository/1. Constant/xpath' is clicked on

2022-06-09 18:40:22 - [MESSAGE][PASSED] - Delayed 1 second(s)

2022-06-09 18:40:22 - [TEST_STEP][PASSED] - I.Pagedown(): Execute JavaScript 'window.scrollTo(0, document.body.scrollHeight)' successfully

2022-06-09 18:40:22 - [MESSAGE][PASSED] - Execute JavaScript 'window.scrollTo(0, document.body.scrollHeight)' successfully

2022-06-09 18:40:22 - [TEST_STEP][PASSED] - takeScreenshot(): Taking screenshot successfully

2022-06-09 18:40:23 - [MESSAGE][PASSED] - Taking screenshot successfully
[[ATTACHMENT|D:\\Projet Test Auto\\Mediabox Test Automation\\Reports\\20220609_181011\\03. Parallel Testing (Testing)\\TS -PT PART 3\\02. Sephora - Full Lifecycle FS Process and Control Tag(Chrome) - headless\\20220609_181026\\1654792823134.png]]

2022-06-09 18:40:23 - [TEST_STEP][PASSED] - delay(6): Delayed 6 second(s)

2022-06-09 18:40:29 - [MESSAGE][PASSED] - Delayed 6 second(s)

2022-06-09 18:40:29 - [TEST_STEP][PASSED] - click(findTestObject("1. Constant/xpath", ["xpath":"//*[@id="ModifFiche"]/div[3]/div/button"])): Object: 'Object Repository/1. Constant/xpath' is clicked on

2022-06-09 18:40:32 - [MESSAGE][PASSED] - Object: 'Object Repository/1. Constant/xpath' is clicked on

2022-06-09 18:40:32 - [TEST_STEP][PASSED] - delay(2): Delayed 2 second(s)

2022-06-09 18:40:34 - [MESSAGE][PASSED] - Delayed 2 second(s)

2022-06-09 18:40:34 - [TEST_STEP][PASSED] - Project_No = I.ProjectNo(): Current window's url is: 'http://mdb-release.diadeis.lan/MediaboxIndependence/Base/ExecAction?IDSession=MBI%21RELTESTAUTO_DREYERS%2169NPRGQUWETK7IR3694F2KQ0ECIFNKE4F2L65MTQ&default_action=AfficheFichesProjet&id_project=MI000876'

2022-06-09 18:40:39 - [MESSAGE][PASSED] - Delayed 5 second(s)

2022-06-09 18:40:40 - [MESSAGE][PASSED] - Current window's url is: 'http://mdb-release.diadeis.lan/MediaboxIndependence/Base/ExecAction?IDSession=MBI%21RELTESTAUTO_DREYERS%2169NPRGQUWETK7IR3694F2KQ0ECIFNKE4F2L65MTQ&default_action=AfficheFichesProjet&id_project=MI000876'

2022-06-09 18:40:40 - [TEST_STEP][PASSED] - takeScreenshot(): Taking screenshot successfully

2022-06-09 18:40:41 - [MESSAGE][PASSED] - Taking screenshot successfully
[[ATTACHMENT|D:\\Projet Test Auto\\Mediabox Test Automation\\Reports\\20220609_181011\\03. Parallel Testing (Testing)\\TS -PT PART 3\\02. Sephora - Full Lifecycle FS Process and Control Tag(Chrome) - headless\\20220609_181026\\1654792840750.png]]

2022-06-09 18:40:41 - [TEST_STEP][PASSED] - click(findTestObject("1. Constant/xpath", ["xpath":"//*[@id="create_ref_btn"]/button"])): Object: 'Object Repository/1. Constant/xpath' is clicked on

2022-06-09 18:40:43 - [MESSAGE][PASSED] - Object: 'Object Repository/1. Constant/xpath' is clicked on

2022-06-09 18:40:43 - [TEST_STEP][PASSED] - delay(1): Delayed 1 second(s)

2022-06-09 18:40:44 - [MESSAGE][PASSED] - Delayed 1 second(s)

2022-06-09 18:40:44 - [TEST_STEP][PASSED] - click(findTestObject("1. Constant/xpath", ["xpath":"//*[@id="create_ref_btn"]/div/a"])): Object: 'Object Repository/1. Constant/xpath' is clicked on

2022-06-09 18:40:50 - [MESSAGE][PASSED] - Object: 'Object Repository/1. Constant/xpath' is clicked on

2022-06-09 18:40:50 - [TEST_STEP][PASSED] - selectOptionByValue(findTestObject("1. Constant/xpath", ["xpath":"//*[@id="lfc_tpl"]"]), "36", false): All options with value '36' are selected in object 'Object Repository/1. Constant/xpath' 

2022-06-09 18:40:52 - [MESSAGE][PASSED] - All options with value '36' are selected in object 'Object Repository/1. Constant/xpath' 

2022-06-09 18:40:52 - [TEST_STEP][PASSED] - ref_name = "P1_Auto_SAS_S4_" + RandomStringUtils.randomAlphanumeric(5) + I.gettimedate(): null

2022-06-09 18:40:52 - [TEST_STEP][PASSED] - setText(findTestObject("1. Constant/xpath", ["xpath":"//*[@id="var_name"]"]), ref_name): Text 'P1_Auto_SAS_S4_eegNJjuin092022_184052' is set on object 'Object Repository/1. Constant/xpath'

2022-06-09 18:40:53 - [MESSAGE][PASSED] - Text 'P1_Auto_SAS_S4_eegNJjuin092022_184052' is set on object 'Object Repository/1. Constant/xpath'

2022-06-09 18:40:53 - [TEST_STEP][PASSED] - takeScreenshot(): Taking screenshot successfully

2022-06-09 18:40:53 - [MESSAGE][PASSED] - Taking screenshot successfully
[[ATTACHMENT|D:\\Projet Test Auto\\Mediabox Test Automation\\Reports\\20220609_181011\\03. Parallel Testing (Testing)\\TS -PT PART 3\\02. Sephora - Full Lifecycle FS Process and Control Tag(Chrome) - headless\\20220609_181026\\1654792853469.png]]

2022-06-09 18:40:53 - [TEST_STEP][PASSED] - click(findTestObject("1. Constant/xpath", ["xpath":"//*[@id="createRefBottom"]"])): Object: 'Object Repository/1. Constant/xpath' is clicked on

2022-06-09 18:40:57 - [MESSAGE][PASSED] - Object: 'Object Repository/1. Constant/xpath' is clicked on

2022-06-09 18:40:57 - [TEST_STEP][PASSED] - delay(1): Delayed 1 second(s)

2022-06-09 18:40:58 - [MESSAGE][PASSED] - Delayed 1 second(s)

2022-06-09 18:40:58 - [TEST_STEP][PASSED] - takeScreenshot(): Taking screenshot successfully

2022-06-09 18:40:59 - [MESSAGE][PASSED] - Taking screenshot successfully
[[ATTACHMENT|D:\\Projet Test Auto\\Mediabox Test Automation\\Reports\\20220609_181011\\03. Parallel Testing (Testing)\\TS -PT PART 3\\02. Sephora - Full Lifecycle FS Process and Control Tag(Chrome) - headless\\20220609_181026\\1654792858936.png]]

2022-06-09 18:40:59 - [TEST_STEP][PASSED] - refID = I.RefID(): Current window's url is: 'http://mdb-release.diadeis.lan/MediaboxIndependence/Base/ExecAction?IDSession=MBI%21RELTESTAUTO_DREYERS%2169NPRGQUWETK7IR3694F2KQ0ECIFNKE4F2L65MTQ&default_action=ModifierRef&id_project=MI000876&id_ref=5247&action_from=create_ref'

2022-06-09 18:41:04 - [MESSAGE][PASSED] - Delayed 5 second(s)

2022-06-09 18:41:04 - [MESSAGE][PASSED] - Current window's url is: 'http://mdb-release.diadeis.lan/MediaboxIndependence/Base/ExecAction?IDSession=MBI%21RELTESTAUTO_DREYERS%2169NPRGQUWETK7IR3694F2KQ0ECIFNKE4F2L65MTQ&default_action=ModifierRef&id_project=MI000876&id_ref=5247&action_from=create_ref'

2022-06-09 18:41:04 - [TEST_STEP][PASSED] - click(findTestObject("1. Constant/xpath", ["xpath":"//*[@id="type_save"]"])): Object: 'Object Repository/1. Constant/xpath' is clicked on

2022-06-09 18:41:09 - [MESSAGE][PASSED] - Object: 'Object Repository/1. Constant/xpath' is clicked on

2022-06-09 18:41:09 - [TEST_STEP][PASSED] - takeScreenshot(): Taking screenshot successfully

2022-06-09 18:41:09 - [MESSAGE][PASSED] - Taking screenshot successfully
[[ATTACHMENT|D:\\Projet Test Auto\\Mediabox Test Automation\\Reports\\20220609_181011\\03. Parallel Testing (Testing)\\TS -PT PART 3\\02. Sephora - Full Lifecycle FS Process and Control Tag(Chrome) - headless\\20220609_181026\\1654792869200.png]]

2022-06-09 18:41:09 - [TEST_STEP][PASSED] - click(findTestObject("1. Constant/xpath", ["xpath":"//*[@id="source_" + refID + ""]/td[13]/div[1]/button"])): Object: 'Object Repository/1. Constant/xpath' is clicked on

2022-06-09 18:41:10 - [MESSAGE][PASSED] - Object: 'Object Repository/1. Constant/xpath' is clicked on

2022-06-09 18:41:10 - [TEST_STEP][PASSED] - delay(1): Delayed 1 second(s)

2022-06-09 18:41:11 - [MESSAGE][PASSED] - Delayed 1 second(s)

2022-06-09 18:41:11 - [TEST_STEP][PASSED] - takeScreenshot(): Taking screenshot successfully

2022-06-09 18:41:11 - [MESSAGE][PASSED] - Taking screenshot successfully
[[ATTACHMENT|D:\\Projet Test Auto\\Mediabox Test Automation\\Reports\\20220609_181011\\03. Parallel Testing (Testing)\\TS -PT PART 3\\02. Sephora - Full Lifecycle FS Process and Control Tag(Chrome) - headless\\20220609_181026\\1654792871305.png]]

2022-06-09 18:41:11 - [TEST_STEP][PASSED] - delay(1): Delayed 1 second(s)

2022-06-09 18:41:12 - [MESSAGE][PASSED] - Delayed 1 second(s)

2022-06-09 18:41:12 - [TEST_STEP][PASSED] - x = 20: null

2022-06-09 18:41:12 - [TEST_STEP][PASSED] - i = 1: null

2022-06-09 18:41:12 - [TEST_STEP][PASSED] - while (i <= x): null

2022-06-09 18:41:12 - [TEST_STEP][PASSED] - Expected_SAS_Selected = "SAS: S4 - Skip 1.2 / Add Step A / Skip 1.1": null

2022-06-09 18:41:12 - [TEST_STEP][PASSED] - xpath_SAS = "//*[@id="source_" + refID + ""]/td[13]/div[1]/div/a[" + i + "]": null

2022-06-09 18:41:12 - [TEST_STEP][PASSED] - Actual_SAS = getText(findTestObject("1. Constant/xpath", ["xpath":xpath_SAS])): Text of object 'Object Repository/1. Constant/xpath' is: 'SAS: S4 - Skip 1.2 / Add Step A / Skip 1.1'

2022-06-09 18:41:13 - [MESSAGE][PASSED] - Text of object 'Object Repository/1. Constant/xpath' is: 'SAS: S4 - Skip 1.2 / Add Step A / Skip 1.1'

2022-06-09 18:41:13 - [TEST_STEP][PASSED] - if (Actual_SAS.contains(Expected_SAS_Selected)): null

2022-06-09 18:41:13 - [TEST_STEP][PASSED] - click(findTestObject("1. Constant/xpath", ["xpath":xpath_SAS])): Object: 'Object Repository/1. Constant/xpath' is clicked on

2022-06-09 18:41:13 - [MESSAGE][PASSED] - Object: 'Object Repository/1. Constant/xpath' is clicked on

2022-06-09 18:41:13 - [TEST_STEP][PASSED] - break: null

2022-06-09 18:41:13 - [TEST_STEP][PASSED] - takeScreenshot(): Taking screenshot successfully

2022-06-09 18:41:13 - [MESSAGE][PASSED] - Taking screenshot successfully
[[ATTACHMENT|D:\\Projet Test Auto\\Mediabox Test Automation\\Reports\\20220609_181011\\03. Parallel Testing (Testing)\\TS -PT PART 3\\02. Sephora - Full Lifecycle FS Process and Control Tag(Chrome) - headless\\20220609_181026\\1654792873544.png]]

2022-06-09 18:41:13 - [TEST_STEP][PASSED] - click(findTestObject("1. Constant/xpath", ["xpath":"//*[@id="confirmSupportActionShortcut"]"])): Object: 'Object Repository/1. Constant/xpath' is clicked on

2022-06-09 18:41:20 - [MESSAGE][PASSED] - Object: 'Object Repository/1. Constant/xpath' is clicked on

2022-06-09 18:41:20 - [TEST_STEP][PASSED] - takeScreenshot(): Taking screenshot successfully

2022-06-09 18:41:20 - [MESSAGE][PASSED] - Taking screenshot successfully
[[ATTACHMENT|D:\\Projet Test Auto\\Mediabox Test Automation\\Reports\\20220609_181011\\03. Parallel Testing (Testing)\\TS -PT PART 3\\02. Sephora - Full Lifecycle FS Process and Control Tag(Chrome) - headless\\20220609_181026\\1654792880546.png]]

2022-06-09 18:41:20 - [TEST_STEP][PASSED] - click(findTestObject("1. Constant/xpath", ["xpath":"//*[@id="kt_content"]/div[3]/div/ul/li[3]/a"])): Object: 'Object Repository/1. Constant/xpath' is clicked on

2022-06-09 18:41:22 - [MESSAGE][PASSED] - Object: 'Object Repository/1. Constant/xpath' is clicked on

2022-06-09 18:41:22 - [TEST_STEP][PASSED] - takeScreenshot(): Taking screenshot successfully

2022-06-09 18:41:23 - [MESSAGE][PASSED] - Taking screenshot successfully
[[ATTACHMENT|D:\\Projet Test Auto\\Mediabox Test Automation\\Reports\\20220609_181011\\03. Parallel Testing (Testing)\\TS -PT PART 3\\02. Sephora - Full Lifecycle FS Process and Control Tag(Chrome) - headless\\20220609_181026\\1654792882952.png]]

2022-06-09 18:41:23 - [TEST_STEP][PASSED] - delay(1): Delayed 1 second(s)

2022-06-09 18:41:24 - [MESSAGE][PASSED] - Delayed 1 second(s)

2022-06-09 18:41:24 - [TEST_STEP][PASSED] - Status_StepA_1 = getAttribute(findTestObject("1. Constant/xpath", ["xpath":"/html/body/div[1]/div[2]/div[8]/div[3]/div/div[3]/div[3]/div/ul/li[1]/a"]), "class"): Attribute 'class' of object 'Object Repository/1. Constant/xpath' is: 'nav-link timeline-badge badge-xl  bg-complete '

2022-06-09 18:41:24 - [MESSAGE][PASSED] - Attribute 'class' of object 'Object Repository/1. Constant/xpath' is: 'nav-link timeline-badge badge-xl  bg-complete '

2022-06-09 18:41:24 - [TEST_STEP][PASSED] - verifyMatch(Status_StepA_1, "nav-link timeline-badge badge-xl  bg-complete ", false): Actual text 'nav-link timeline-badge badge-xl  bg-complete ' and expected text 'nav-link timeline-badge badge-xl  bg-complete ' are matched 

2022-06-09 18:41:24 - [MESSAGE][PASSED] - Actual text 'nav-link timeline-badge badge-xl  bg-complete ' and expected text 'nav-link timeline-badge badge-xl  bg-complete ' are matched 

2022-06-09 18:41:24 - [TEST_STEP][PASSED] - Name_StepA_1 = I.Get_Stepname("/html/body/div[1]/div[2]/div[8]/div[3]/div/div[3]/div[3]/div/ul/li[1]/a"): Attribute 'href' of object 'Object Repository/1. Constant/xpath' is: 'http://mdb-release.diadeis.lan/MediaboxIndependence/Base/ExecAction?action=VoirRef&IDSession=MBI!RELTESTAUTO_DREYERS!69NPRGQUWETK7IR3694F2KQ0ECIFNKE4F2L65MTQ&num=DDXBQ97T5A&id_ref=5247#tab_lifecycle_SASStepA_12104'

2022-06-09 18:41:29 - [MESSAGE][PASSED] - Delayed 5 second(s)

2022-06-09 18:41:29 - [MESSAGE][PASSED] - Attribute 'href' of object 'Object Repository/1. Constant/xpath' is: 'http://mdb-release.diadeis.lan/MediaboxIndependence/Base/ExecAction?action=VoirRef&IDSession=MBI!RELTESTAUTO_DREYERS!69NPRGQUWETK7IR3694F2KQ0ECIFNKE4F2L65MTQ&num=DDXBQ97T5A&id_ref=5247#tab_lifecycle_SASStepA_12104'

2022-06-09 18:41:29 - [TEST_STEP][PASSED] - verifyMatch(Name_StepA_1, "SASStepA", false): Actual text 'SASStepA' and expected text 'SASStepA' are matched 

2022-06-09 18:41:29 - [MESSAGE][PASSED] - Actual text 'SASStepA' and expected text 'SASStepA' are matched 

2022-06-09 18:41:29 - [TEST_STEP][PASSED] - Status_StepA_2 = getAttribute(findTestObject("1. Constant/xpath", ["xpath":"/html/body/div[1]/div[2]/div[8]/div[3]/div/div[3]/div[3]/div/ul/li[2]/a"]), "class"): Attribute 'class' of object 'Object Repository/1. Constant/xpath' is: 'nav-link timeline-badge badge-xl  bg-pending active'

2022-06-09 18:41:30 - [MESSAGE][PASSED] - Attribute 'class' of object 'Object Repository/1. Constant/xpath' is: 'nav-link timeline-badge badge-xl  bg-pending active'

2022-06-09 18:41:30 - [TEST_STEP][PASSED] - verifyMatch(Status_StepA_2, "nav-link timeline-badge badge-xl  bg-pending active", false): Actual text 'nav-link timeline-badge badge-xl  bg-pending active' and expected text 'nav-link timeline-badge badge-xl  bg-pending active' are matched 

2022-06-09 18:41:30 - [MESSAGE][PASSED] - Actual text 'nav-link timeline-badge badge-xl  bg-pending active' and expected text 'nav-link timeline-badge badge-xl  bg-pending active' are matched 

2022-06-09 18:41:30 - [TEST_STEP][PASSED] - Name_StepA_2 = I.Get_Stepname("/html/body/div[1]/div[2]/div[8]/div[3]/div/div[3]/div[3]/div/ul/li[2]/a"): Attribute 'href' of object 'Object Repository/1. Constant/xpath' is: 'http://mdb-release.diadeis.lan/MediaboxIndependence/Base/ExecAction?action=VoirRef&IDSession=MBI!RELTESTAUTO_DREYERS!69NPRGQUWETK7IR3694F2KQ0ECIFNKE4F2L65MTQ&num=DDXBQ97T5A&id_ref=5247#tab_lifecycle_SASStepA_12107'

2022-06-09 18:41:35 - [MESSAGE][PASSED] - Delayed 5 second(s)

2022-06-09 18:41:35 - [MESSAGE][PASSED] - Attribute 'href' of object 'Object Repository/1. Constant/xpath' is: 'http://mdb-release.diadeis.lan/MediaboxIndependence/Base/ExecAction?action=VoirRef&IDSession=MBI!RELTESTAUTO_DREYERS!69NPRGQUWETK7IR3694F2KQ0ECIFNKE4F2L65MTQ&num=DDXBQ97T5A&id_ref=5247#tab_lifecycle_SASStepA_12107'

2022-06-09 18:41:35 - [TEST_STEP][PASSED] - verifyMatch(Name_StepA_2, "SASStepA", false): Actual text 'SASStepA' and expected text 'SASStepA' are matched 

2022-06-09 18:41:35 - [MESSAGE][PASSED] - Actual text 'SASStepA' and expected text 'SASStepA' are matched 

2022-06-09 18:41:35 - [TEST_STEP][PASSED] - Name_StepAP11_2 = getText(findTestObject("1. Constant/xpath", ["xpath":"/html/body/div[1]/div[2]/div[8]/div[3]/div/div[3]/div[3]/div/div/div[2]/div/div[1]/div/div[1]/div[1]/h3"])): Text of object 'Object Repository/1. Constant/xpath' is: 'Phase 1.1 [Standard]'

2022-06-09 18:41:35 - [MESSAGE][PASSED] - Text of object 'Object Repository/1. Constant/xpath' is: 'Phase 1.1 [Standard]'

2022-06-09 18:41:35 - [TEST_STEP][PASSED] - verifyMatch(Name_StepAP11_2, "Phase 1.1 [Standard]", false): Actual text 'Phase 1.1 [Standard]' and expected text 'Phase 1.1 [Standard]' are matched 

2022-06-09 18:41:35 - [MESSAGE][PASSED] - Actual text 'Phase 1.1 [Standard]' and expected text 'Phase 1.1 [Standard]' are matched 

2022-06-09 18:41:35 - [TEST_STEP][PASSED] - Added_StepAP11_2 = getText(findTestObject("1. Constant/xpath", ["xpath":"/html/body/div[1]/div[2]/div[8]/div[3]/div/div[3]/div[3]/div/div/div[2]/div/div[1]/div/div[2]/h6"])): Text of object 'Object Repository/1. Constant/xpath' is: 'Added manually 06/09/22 09:41 AM By Brian Lemco'

2022-06-09 18:41:35 - [MESSAGE][PASSED] - Text of object 'Object Repository/1. Constant/xpath' is: 'Added manually 06/09/22 09:41 AM By Brian Lemco'

2022-06-09 18:41:35 - [TEST_STEP][PASSED] - if (Added_StepAP11_2.contains("Added manually")): Actual object '1' and expected object '1' are equal

2022-06-09 18:41:35 - [TEST_STEP][PASSED] - verifyEqual(1, 1): Actual object '1' and expected object '1' are equal

2022-06-09 18:41:35 - [MESSAGE][PASSED] - Actual object '1' and expected object '1' are equal

2022-06-09 18:41:35 - [TEST_STEP][PASSED] - Name_StepAP12_2 = getText(findTestObject("1. Constant/xpath", ["xpath":"/html/body/div[1]/div[2]/div[8]/div[3]/div/div[3]/div[3]/div/div/div[2]/div/div[2]/div/div[1]/div[1]/h3"])): Text of object 'Object Repository/1. Constant/xpath' is: 'Phase 1.2 [Standard Phase]'

2022-06-09 18:41:36 - [MESSAGE][PASSED] - Text of object 'Object Repository/1. Constant/xpath' is: 'Phase 1.2 [Standard Phase]'

2022-06-09 18:41:36 - [TEST_STEP][PASSED] - verifyMatch(Name_StepAP12_2, "Phase 1.2 [Standard Phase]", false): Actual text 'Phase 1.2 [Standard Phase]' and expected text 'Phase 1.2 [Standard Phase]' are matched 

2022-06-09 18:41:36 - [MESSAGE][PASSED] - Actual text 'Phase 1.2 [Standard Phase]' and expected text 'Phase 1.2 [Standard Phase]' are matched 

2022-06-09 18:41:36 - [TEST_STEP][PASSED] - Status_StepB_3 = getAttribute(findTestObject("1. Constant/xpath", ["xpath":"/html/body/div[1]/div[2]/div[8]/div[3]/div/div[3]/div[3]/div/ul/li[3]/a"]), "class"): Attribute 'class' of object 'Object Repository/1. Constant/xpath' is: 'nav-link timeline-badge badge-xl  bg-waiting '

2022-06-09 18:41:37 - [MESSAGE][PASSED] - Attribute 'class' of object 'Object Repository/1. Constant/xpath' is: 'nav-link timeline-badge badge-xl  bg-waiting '

2022-06-09 18:41:37 - [TEST_STEP][PASSED] - verifyMatch(Status_StepB_3, "nav-link timeline-badge badge-xl  bg-waiting ", false): Actual text 'nav-link timeline-badge badge-xl  bg-waiting ' and expected text 'nav-link timeline-badge badge-xl  bg-waiting ' are matched 

2022-06-09 18:41:37 - [MESSAGE][PASSED] - Actual text 'nav-link timeline-badge badge-xl  bg-waiting ' and expected text 'nav-link timeline-badge badge-xl  bg-waiting ' are matched 

2022-06-09 18:41:37 - [TEST_STEP][PASSED] - Name_StepB_3 = I.Get_Stepname("/html/body/div[1]/div[2]/div[8]/div[3]/div/div[3]/div[3]/div/ul/li[3]/a"): Attribute 'href' of object 'Object Repository/1. Constant/xpath' is: 'http://mdb-release.diadeis.lan/MediaboxIndependence/Base/ExecAction?action=VoirRef&IDSession=MBI!RELTESTAUTO_DREYERS!69NPRGQUWETK7IR3694F2KQ0ECIFNKE4F2L65MTQ&num=DDXBQ97T5A&id_ref=5247#tab_lifecycle_SASStepB_12105'

2022-06-09 18:41:42 - [MESSAGE][PASSED] - Delayed 5 second(s)

2022-06-09 18:41:44 - [MESSAGE][PASSED] - Attribute 'href' of object 'Object Repository/1. Constant/xpath' is: 'http://mdb-release.diadeis.lan/MediaboxIndependence/Base/ExecAction?action=VoirRef&IDSession=MBI!RELTESTAUTO_DREYERS!69NPRGQUWETK7IR3694F2KQ0ECIFNKE4F2L65MTQ&num=DDXBQ97T5A&id_ref=5247#tab_lifecycle_SASStepB_12105'

2022-06-09 18:41:44 - [TEST_STEP][PASSED] - verifyMatch(Name_StepB_3, "SASStepB", false): Actual text 'SASStepB' and expected text 'SASStepB' are matched 

2022-06-09 18:41:44 - [MESSAGE][PASSED] - Actual text 'SASStepB' and expected text 'SASStepB' are matched 

2022-06-09 18:41:44 - [TEST_STEP][PASSED] - click(findTestObject("1. Constant/xpath", ["xpath":"/html/body/div[1]/div[2]/div[8]/div[2]/div/nav/ol/li[2]/a"])): Object: 'Object Repository/1. Constant/xpath' is clicked on

2022-06-09 18:41:48 - [MESSAGE][PASSED] - Object: 'Object Repository/1. Constant/xpath' is clicked on

2022-06-09 18:41:48 - [TEST_STEP][PASSED] - takeScreenshot(): Taking screenshot successfully

2022-06-09 18:41:50 - [MESSAGE][PASSED] - Taking screenshot successfully
[[ATTACHMENT|D:\\Projet Test Auto\\Mediabox Test Automation\\Reports\\20220609_181011\\03. Parallel Testing (Testing)\\TS -PT PART 3\\02. Sephora - Full Lifecycle FS Process and Control Tag(Chrome) - headless\\20220609_181026\\1654792909447.png]]

2022-06-09 18:41:50 - [TEST_STEP][PASSED] - click(findTestObject("1. Constant/xpath", ["xpath":"//*[@id="source_" + refID + ""]/td[13]/a[3]"])): Object: 'Object Repository/1. Constant/xpath' is clicked on

2022-06-09 18:41:54 - [MESSAGE][PASSED] - Object: 'Object Repository/1. Constant/xpath' is clicked on

2022-06-09 18:41:54 - [TEST_STEP][PASSED] - click(findTestObject("1. Constant/xpath", ["xpath":"//*[@id="ModifFiche"]/div[1]/div/button[2]"])): Object: 'Object Repository/1. Constant/xpath' is clicked on

2022-06-09 18:41:57 - [MESSAGE][PASSED] - Object: 'Object Repository/1. Constant/xpath' is clicked on

2022-06-09 18:41:57 - [TEST_STEP][PASSED] - I.Logout(): Delayed 3 second(s)

2022-06-09 18:42:00 - [MESSAGE][PASSED] - Delayed 3 second(s)

2022-06-09 18:42:01 - [MESSAGE][PASSED] - Object: 'Object Repository/1. Constant/xpath' is clicked on

2022-06-09 18:42:04 - [MESSAGE][PASSED] - Delayed 3 second(s)

2022-06-09 18:42:06 - [MESSAGE][PASSED] - Object: 'Object Repository/1. Constant/xpath' is clicked on

2022-06-09 18:42:09 - [MESSAGE][PASSED] - Delayed 3 second(s)

2022-06-09 18:42:09 - [TEST_STEP][PASSED] - I.Login_password("nturner", password_nturner): Object: 'Object Repository/1. Constant/xpath' is clicked on

2022-06-09 18:42:09 - [MESSAGE][PASSED] - Text 'nturner' is set on object 'Object Repository/1. Constant/xpath'

2022-06-09 18:42:10 - [MESSAGE][PASSED] - Delayed 1 second(s)

2022-06-09 18:42:10 - [MESSAGE][PASSED] - Text 'diadeis1' is set on object 'Object Repository/1. Constant/xpath'

2022-06-09 18:42:11 - [MESSAGE][PASSED] - Delayed 1 second(s)

2022-06-09 18:42:16 - [MESSAGE][PASSED] - Object: 'Object Repository/1. Constant/xpath' is clicked on

2022-06-09 18:42:16 - [TEST_STEP][PASSED] - delay(1): Delayed 1 second(s)

2022-06-09 18:42:17 - [MESSAGE][PASSED] - Delayed 1 second(s)

2022-06-09 18:42:17 - [TEST_STEP][PASSED] - takeScreenshot(): Taking screenshot successfully

2022-06-09 18:42:17 - [MESSAGE][PASSED] - Taking screenshot successfully
[[ATTACHMENT|D:\\Projet Test Auto\\Mediabox Test Automation\\Reports\\20220609_181011\\03. Parallel Testing (Testing)\\TS -PT PART 3\\02. Sephora - Full Lifecycle FS Process and Control Tag(Chrome) - headless\\20220609_181026\\1654792937099.png]]

2022-06-09 18:42:17 - [TEST_STEP][PASSED] - click(findTestObject("1. Constant/02_LHSMenu_Projects")): Object: 'Object Repository/1. Constant/02_LHSMenu_Projects' is clicked on

2022-06-09 18:42:19 - [MESSAGE][PASSED] - Object: 'Object Repository/1. Constant/02_LHSMenu_Projects' is clicked on

2022-06-09 18:42:19 - [TEST_STEP][PASSED] - I.SearchProjectNo_xpath(Project_No, "//*[@id="keynum_project"]", "//*[@id="form_filters"]/div[4]/button"): Delayed 5 second(s)

2022-06-09 18:42:20 - [MESSAGE][PASSED] - Delayed 1 second(s)

2022-06-09 18:42:21 - [MESSAGE][PASSED] - Text 'MI000876' is set on object 'Object Repository/1. Constant/xpath'

2022-06-09 18:42:24 - [MESSAGE][PASSED] - Delayed 3 second(s)

2022-06-09 18:42:24 - [MESSAGE][PASSED] - Scroll to object 'Object Repository/1. Constant/xpath' successfully

2022-06-09 18:42:29 - [MESSAGE][PASSED] - Object: 'Object Repository/1. Constant/xpath' is clicked on

2022-06-09 18:42:34 - [MESSAGE][PASSED] - Delayed 5 second(s)

2022-06-09 18:42:34 - [TEST_STEP][PASSED] - takeScreenshot(): Taking screenshot successfully

2022-06-09 18:42:35 - [MESSAGE][PASSED] - Taking screenshot successfully
[[ATTACHMENT|D:\\Projet Test Auto\\Mediabox Test Automation\\Reports\\20220609_181011\\03. Parallel Testing (Testing)\\TS -PT PART 3\\02. Sephora - Full Lifecycle FS Process and Control Tag(Chrome) - headless\\20220609_181026\\1654792954560.png]]

2022-06-09 18:42:35 - [TEST_STEP][PASSED] - click(findTestObject("1. Constant/xpath", ["xpath":"//*[@id="source_" + refID + ""]/td[13]/a[2]"])): Object: 'Object Repository/1. Constant/xpath' is clicked on

2022-06-09 18:42:40 - [MESSAGE][PASSED] - Object: 'Object Repository/1. Constant/xpath' is clicked on

2022-06-09 18:42:40 - [TEST_STEP][PASSED] - click(findTestObject("1. Constant/xpath", ["xpath":"//*[@id="ModifFiche"]/div[1]/div/button[2]"])): Object: 'Object Repository/1. Constant/xpath' is clicked on

2022-06-09 18:42:45 - [MESSAGE][PASSED] - Object: 'Object Repository/1. Constant/xpath' is clicked on

2022-06-09 18:42:45 - [TEST_STEP][PASSED] - Lifecycle_Status = getText(findTestObject("1. Constant/xpath", ["xpath":"//*[@id="source_" + refID + ""]/td[12]/span[1]"])): Text of object 'Object Repository/1. Constant/xpath' is: 'Phase 2.1 [Production]'

2022-06-09 18:42:47 - [MESSAGE][PASSED] - Text of object 'Object Repository/1. Constant/xpath' is: 'Phase 2.1 [Production]'

2022-06-09 18:42:47 - [TEST_STEP][PASSED] - verifyMatch(Lifecycle_Status, "Phase 2.1 [Production]", false): Actual text 'Phase 2.1 [Production]' and expected text 'Phase 2.1 [Production]' are matched 

2022-06-09 18:42:47 - [MESSAGE][PASSED] - Actual text 'Phase 2.1 [Production]' and expected text 'Phase 2.1 [Production]' are matched 

2022-06-09 18:42:47 - [TEST_STEP][PASSED] - takeScreenshot(): Taking screenshot successfully

2022-06-09 18:42:48 - [MESSAGE][PASSED] - Taking screenshot successfully
[[ATTACHMENT|D:\\Projet Test Auto\\Mediabox Test Automation\\Reports\\20220609_181011\\03. Parallel Testing (Testing)\\TS -PT PART 3\\02. Sephora - Full Lifecycle FS Process and Control Tag(Chrome) - headless\\20220609_181026\\1654792967974.png]]

2022-06-09 18:42:48 - [TEST_STEP][PASSED] - I.writenotepad("D:\Upoad_File\Projet_ Login\Dreyers\19.1\19.1_Dreyers_ProjectNo.txt", Project_No): null

2022-06-09 18:42:48 - [TEST_STEP][PASSED] - I.writenotepad("D:\Upoad_File\Projet_ Login\Dreyers\19.1\19.1_Dreyers_refID.txt", refID): null

2022-06-09 18:42:48 - [TEST_STEP][PASSED] - closeBrowser(): Browser is closed

2022-06-09 18:42:59 - [MESSAGE][PASSED] - Browser is closed

2022-06-09 18:43:00 - [TEST_STEP][PASSED] - Start listener action : sampleAfterTestCase: null]]></system-out>
         <system-err><![CDATA[]]></system-err>
      </testcase>
      <testcase name="Test Cases/15 Sephora _ Starpack Add Phase Manually (Completed_Not completed ref)/15.01 Sephora Flashback (Completed ref) Addd Phase - Existing ref 3.01 P2" time="504.334" classname="Test Cases/15 Sephora _ Starpack Add Phase Manually (Completed_Not completed ref)/15.01 Sephora Flashback (Completed ref) Addd Phase - Existing ref 3.01 P2" status="PASSED">
         <system-out><![CDATA[2022-06-09 18:43:00 - [TEST_CASE][PASSED] - Test Cases/15 Sephora _ Starpack Add Phase Manually (Completed_Not completed ref)/15.01 Sephora Flashback (Completed ref) Addd Phase - Existing ref 3.01 P2: Test Cases/15 Sephora _ Starpack Add Phase Manually (Completed_Not completed ref)/15.01 Sephora Flashback (Completed ref) Addd Phase - Existing ref 3.01 P2

2022-06-09 18:43:01 - [TEST_STEP][PASSED] - data_Sephora = findTestData("Data Files/Username_Password/Sephora"): null

2022-06-09 18:43:01 - [TEST_STEP][PASSED] - password_atran = data_Sephora.getValue(2, 1): null

2022-06-09 18:43:01 - [TEST_STEP][PASSED] - password_marketing = data_Sephora.getValue(2, 2): null

2022-06-09 18:43:01 - [TEST_STEP][PASSED] - password_regulatory = data_Sephora.getValue(2, 3): null

2022-06-09 18:43:01 - [TEST_STEP][PASSED] - password_studio = data_Sephora.getValue(2, 4): null

2022-06-09 18:43:01 - [TEST_STEP][PASSED] - password_iraz = data_Sephora.getValue(2, 5): null

2022-06-09 18:43:01 - [TEST_STEP][PASSED] - password_cmouzawak = data_Sephora.getValue(2, 6): null

2022-06-09 18:43:01 - [TEST_STEP][PASSED] - password_aalbeaux = data_Sephora.getValue(2, 7): null

2022-06-09 18:43:01 - [TEST_STEP][PASSED] - password_hgarnier = data_Sephora.getValue(2, 8): null

2022-06-09 18:43:01 - [TEST_STEP][PASSED] - password_emartineau = data_Sephora.getValue(2, 9): null

2022-06-09 18:43:01 - [TEST_STEP][PASSED] - password_suser = data_Sephora.getValue(2, 10): null

2022-06-09 18:43:01 - [TEST_STEP][PASSED] - password_lmorel = data_Sephora.getValue(2, 11): null

2022-06-09 18:43:01 - [TEST_STEP][PASSED] - data_urlRELAUTO = findTestData("Data Files/URL/URL_relauto"): null

2022-06-09 18:43:01 - [TEST_STEP][PASSED] - Url_Sephora = data_urlRELAUTO.getValue(2, 1): null

2022-06-09 18:43:01 - [TEST_STEP][PASSED] - Project_No = I.readnotepad("D:\Upoad_File\Projet_ Login\Sephora\3.01\3.01_Sephora_ProjectNo.txt"): null

2022-06-09 18:43:01 - [TEST_STEP][PASSED] - refID = I.readnotepad("D:\Upoad_File\Projet_ Login\Sephora\3.01\3.01_Sephora_refID.txt"): null

2022-06-09 18:43:01 - [TEST_STEP][PASSED] - openBrowser(Url_Sephora): Browser is opened with url: 'http://mdb-release.diadeis.lan/MediaboxIndependence/?MBI_datasource=RELTESTAUTO_SEPHORA'

2022-06-09 18:43:01 - [MESSAGE][INFO] - Starting 'Chrome (headless)' driver

2022-06-09 18:43:01 - [MESSAGE][INFO] - User set preference: ['args', '[--window-size=1920,1080, --headless]']

2022-06-09 18:43:01 - [MESSAGE][INFO] - Action delay is set to 0 milliseconds

2022-06-09 18:43:21 - [MESSAGE][PASSED] - Browser is opened with url: 'http://mdb-release.diadeis.lan/MediaboxIndependence/?MBI_datasource=RELTESTAUTO_SEPHORA'

2022-06-09 18:43:21 - [TEST_STEP][PASSED] - maximizeWindow(): Current window maximized

2022-06-09 18:43:22 - [MESSAGE][PASSED] - Current window maximized

2022-06-09 18:43:22 - [TEST_STEP][PASSED] - takeScreenshot(): Taking screenshot successfully

2022-06-09 18:43:22 - [MESSAGE][PASSED] - Taking screenshot successfully
[[ATTACHMENT|D:\\Projet Test Auto\\Mediabox Test Automation\\Reports\\20220609_181011\\03. Parallel Testing (Testing)\\TS -PT PART 3\\02. Sephora - Full Lifecycle FS Process and Control Tag(Chrome) - headless\\20220609_181026\\1654793002132.png]]

2022-06-09 18:43:22 - [TEST_STEP][PASSED] - I.Login_password("marketing", password_marketing): Object: 'Object Repository/1. Constant/xpath' is clicked on

2022-06-09 18:43:22 - [MESSAGE][PASSED] - Text 'marketing' is set on object 'Object Repository/1. Constant/xpath'

2022-06-09 18:43:23 - [MESSAGE][PASSED] - Delayed 1 second(s)

2022-06-09 18:43:24 - [MESSAGE][PASSED] - Text 'dchi3' is set on object 'Object Repository/1. Constant/xpath'

2022-06-09 18:43:25 - [MESSAGE][PASSED] - Delayed 1 second(s)

2022-06-09 18:43:34 - [MESSAGE][PASSED] - Object: 'Object Repository/1. Constant/xpath' is clicked on

2022-06-09 18:43:34 - [TEST_STEP][PASSED] - delay(1): Delayed 1 second(s)

2022-06-09 18:43:35 - [MESSAGE][PASSED] - Delayed 1 second(s)

2022-06-09 18:43:35 - [TEST_STEP][PASSED] - takeScreenshot(): Taking screenshot successfully

2022-06-09 18:43:36 - [MESSAGE][PASSED] - Taking screenshot successfully
[[ATTACHMENT|D:\\Projet Test Auto\\Mediabox Test Automation\\Reports\\20220609_181011\\03. Parallel Testing (Testing)\\TS -PT PART 3\\02. Sephora - Full Lifecycle FS Process and Control Tag(Chrome) - headless\\20220609_181026\\1654793016018.png]]

2022-06-09 18:43:36 - [TEST_STEP][PASSED] - task1 = getText(findTestObject("1. Constant/xpath", ["xpath":"//*[@id="kt_header"]/div/div[2]/div[1]/div[1]/span"])): Text of object 'Object Repository/1. Constant/xpath' is: '50'

2022-06-09 18:43:36 - [MESSAGE][PASSED] - Text of object 'Object Repository/1. Constant/xpath' is: '50'

2022-06-09 18:43:36 - [TEST_STEP][PASSED] - I.Logout(): Delayed 3 second(s)

2022-06-09 18:43:39 - [MESSAGE][PASSED] - Delayed 3 second(s)

2022-06-09 18:43:40 - [MESSAGE][PASSED] - Object: 'Object Repository/1. Constant/xpath' is clicked on

2022-06-09 18:43:43 - [MESSAGE][PASSED] - Delayed 3 second(s)

2022-06-09 18:43:45 - [MESSAGE][PASSED] - Object: 'Object Repository/1. Constant/xpath' is clicked on

2022-06-09 18:43:48 - [MESSAGE][PASSED] - Delayed 3 second(s)

2022-06-09 18:43:48 - [TEST_STEP][PASSED] - I.Login_password("lraz", password_iraz): Object: 'Object Repository/1. Constant/xpath' is clicked on

2022-06-09 18:43:48 - [MESSAGE][PASSED] - Text 'lraz' is set on object 'Object Repository/1. Constant/xpath'

2022-06-09 18:43:49 - [MESSAGE][PASSED] - Delayed 1 second(s)

2022-06-09 18:43:50 - [MESSAGE][PASSED] - Text 'dchi3' is set on object 'Object Repository/1. Constant/xpath'

2022-06-09 18:43:51 - [MESSAGE][PASSED] - Delayed 1 second(s)

2022-06-09 18:43:54 - [MESSAGE][PASSED] - Object: 'Object Repository/1. Constant/xpath' is clicked on

2022-06-09 18:43:54 - [TEST_STEP][PASSED] - click(findTestObject("1. Constant/02_LHSMenu_Projects")): Object: 'Object Repository/1. Constant/02_LHSMenu_Projects' is clicked on

2022-06-09 18:43:57 - [MESSAGE][PASSED] - Object: 'Object Repository/1. Constant/02_LHSMenu_Projects' is clicked on

2022-06-09 18:43:57 - [TEST_STEP][PASSED] - I.SearchProjectNo_xpath(Project_No, "//*[@id="keynum_project"]", "/html/body/div[1]/div[1]/div[2]/div/ul/li[2]/div/div/form/div[4]/button"): Delayed 5 second(s)

2022-06-09 18:43:58 - [MESSAGE][PASSED] - Delayed 1 second(s)

2022-06-09 18:43:58 - [MESSAGE][PASSED] - Text 'MI001942' is set on object 'Object Repository/1. Constant/xpath'

2022-06-09 18:44:01 - [MESSAGE][PASSED] - Delayed 3 second(s)

2022-06-09 18:44:03 - [MESSAGE][PASSED] - Scroll to object 'Object Repository/1. Constant/xpath' successfully

2022-06-09 18:44:10 - [MESSAGE][PASSED] - Object: 'Object Repository/1. Constant/xpath' is clicked on

2022-06-09 18:44:15 - [MESSAGE][PASSED] - Delayed 5 second(s)

2022-06-09 18:44:15 - [TEST_STEP][PASSED] - takeScreenshot(): Taking screenshot successfully

2022-06-09 18:44:16 - [MESSAGE][PASSED] - Taking screenshot successfully
[[ATTACHMENT|D:\\Projet Test Auto\\Mediabox Test Automation\\Reports\\20220609_181011\\03. Parallel Testing (Testing)\\TS -PT PART 3\\02. Sephora - Full Lifecycle FS Process and Control Tag(Chrome) - headless\\20220609_181026\\1654793056016.png]]

2022-06-09 18:44:16 - [TEST_STEP][PASSED] - delay(1): Delayed 1 second(s)

2022-06-09 18:44:17 - [MESSAGE][PASSED] - Delayed 1 second(s)

2022-06-09 18:44:17 - [TEST_STEP][PASSED] - takeScreenshot(): Taking screenshot successfully

2022-06-09 18:44:17 - [MESSAGE][PASSED] - Taking screenshot successfully
[[ATTACHMENT|D:\\Projet Test Auto\\Mediabox Test Automation\\Reports\\20220609_181011\\03. Parallel Testing (Testing)\\TS -PT PART 3\\02. Sephora - Full Lifecycle FS Process and Control Tag(Chrome) - headless\\20220609_181026\\1654793057701.png]]

2022-06-09 18:44:17 - [TEST_STEP][PASSED] - click(findTestObject("1. Constant/xpath", ["xpath":"//*[@id="source_" + refID + ""]/td[4]/a"])): Object: 'Object Repository/1. Constant/xpath' is clicked on

2022-06-09 18:44:27 - [MESSAGE][PASSED] - Object: 'Object Repository/1. Constant/xpath' is clicked on

2022-06-09 18:44:27 - [TEST_STEP][PASSED] - delay(2): Delayed 2 second(s)

2022-06-09 18:44:29 - [MESSAGE][PASSED] - Delayed 2 second(s)

2022-06-09 18:44:29 - [TEST_STEP][PASSED] - click(findTestObject("1. Constant/xpath", ["xpath":"//*[@id="kt_content"]/div[3]/div/ul/li[3]/a"])): Object: 'Object Repository/1. Constant/xpath' is clicked on

2022-06-09 18:44:30 - [MESSAGE][PASSED] - Object: 'Object Repository/1. Constant/xpath' is clicked on

2022-06-09 18:44:30 - [TEST_STEP][PASSED] - click(findTestObject("1. Constant/xpath", ["xpath":"/html/body/div[1]/div[2]/div[8]/div[3]/div/div[3]/div[3]/div/ul/li[4]/a"])): Object: 'Object Repository/1. Constant/xpath' is clicked on

2022-06-09 18:44:30 - [MESSAGE][PASSED] - Object: 'Object Repository/1. Constant/xpath' is clicked on

2022-06-09 18:44:30 - [TEST_STEP][PASSED] - delay(3): Delayed 3 second(s)

2022-06-09 18:44:33 - [MESSAGE][PASSED] - Delayed 3 second(s)

2022-06-09 18:44:33 - [TEST_STEP][PASSED] - click(findTestObject("1. Constant/xpath", ["xpath":"/html/body/div[1]/div[2]/div[8]/div[3]/div/div[3]/div[3]/div/div/div[4]/div/div/div/div[1]/div[2]/div/a[1]"])): Object: 'Object Repository/1. Constant/xpath' is clicked on

2022-06-09 18:44:35 - [MESSAGE][PASSED] - Object: 'Object Repository/1. Constant/xpath' is clicked on

2022-06-09 18:44:35 - [TEST_STEP][PASSED] - delay(1): Delayed 1 second(s)

2022-06-09 18:44:36 - [MESSAGE][PASSED] - Delayed 1 second(s)

2022-06-09 18:44:36 - [TEST_STEP][PASSED] - takeScreenshot(): Taking screenshot successfully

2022-06-09 18:44:37 - [MESSAGE][PASSED] - Taking screenshot successfully
[[ATTACHMENT|D:\\Projet Test Auto\\Mediabox Test Automation\\Reports\\20220609_181011\\03. Parallel Testing (Testing)\\TS -PT PART 3\\02. Sephora - Full Lifecycle FS Process and Control Tag(Chrome) - headless\\20220609_181026\\1654793076676.png]]

2022-06-09 18:44:37 - [TEST_STEP][PASSED] - Actual_title1 = getText(findTestObject("1. Constant/xpath", ["xpath":"/html/body/div[1]/div[2]/div[8]/div[3]/div/form[2]/div/div/div/div[1]/h4[2]"])): Text of object 'Object Repository/1. Constant/xpath' is: 'Select steps or phases to add after the phase: DDC update'

2022-06-09 18:44:37 - [MESSAGE][PASSED] - Text of object 'Object Repository/1. Constant/xpath' is: 'Select steps or phases to add after the phase: DDC update'

2022-06-09 18:44:37 - [TEST_STEP][PASSED] - verifyMatch(Actual_title1, "Select steps or phases to add after the phase: DDC update", false): Actual text 'Select steps or phases to add after the phase: DDC update' and expected text 'Select steps or phases to add after the phase: DDC update' are matched 

2022-06-09 18:44:37 - [MESSAGE][PASSED] - Actual text 'Select steps or phases to add after the phase: DDC update' and expected text 'Select steps or phases to add after the phase: DDC update' are matched 

2022-06-09 18:44:37 - [TEST_STEP][PASSED] - selectOptionByValue(findTestObject("1. Constant/xpath", ["xpath":"//*[@id="added_phase"]"]), "71", false): All options with value '71' are selected in object 'Object Repository/1. Constant/xpath' 

2022-06-09 18:44:37 - [MESSAGE][PASSED] - All options with value '71' are selected in object 'Object Repository/1. Constant/xpath' 

2022-06-09 18:44:37 - [TEST_STEP][PASSED] - click(findTestObject("1. Constant/xpath", ["xpath":"//*[@id="modal_addphase"]/div/div/div[3]/button[2]"])): Object: 'Object Repository/1. Constant/xpath' is clicked on

2022-06-09 18:44:41 - [MESSAGE][PASSED] - Object: 'Object Repository/1. Constant/xpath' is clicked on

2022-06-09 18:44:41 - [TEST_STEP][PASSED] - takeScreenshot(): Taking screenshot successfully

2022-06-09 18:44:42 - [MESSAGE][PASSED] - Taking screenshot successfully
[[ATTACHMENT|D:\\Projet Test Auto\\Mediabox Test Automation\\Reports\\20220609_181011\\03. Parallel Testing (Testing)\\TS -PT PART 3\\02. Sephora - Full Lifecycle FS Process and Control Tag(Chrome) - headless\\20220609_181026\\1654793082204.png]]

2022-06-09 18:44:42 - [TEST_STEP][PASSED] - delay(2): Delayed 2 second(s)

2022-06-09 18:44:44 - [MESSAGE][PASSED] - Delayed 2 second(s)

2022-06-09 18:44:44 - [TEST_STEP][PASSED] - verifyElementNotPresent(findTestObject("1. Constant/xpath", ["xpath":"/html/body/div[1]/div[2]/div[8]/div[3]/div/div[3]/div[3]/div/ul/li[5]/a"]), 5): Web element with id: 'Object Repository/1. Constant/xpath' located by 'By.xpath: /html/body/div[1]/div[2]/div[8]/div[3]/div/div[3]/div[3]/div/ul/li[5]/a' is not present after '5' second(s)

2022-06-09 18:44:45 - [MESSAGE][PASSED] - Web element with id: 'Object Repository/1. Constant/xpath' located by 'By.xpath: /html/body/div[1]/div[2]/div[8]/div[3]/div/div[3]/div[3]/div/ul/li[5]/a' is not present after '5' second(s)

2022-06-09 18:44:45 - [TEST_STEP][PASSED] - Actual_added1 = getText(findTestObject("1. Constant/xpath", ["xpath":"/html/body/div[1]/div[2]/div[8]/div[3]/div/div[3]/div[3]/div/div/div[4]/div/div[2]/div/div[2]/h6"])): Text of object 'Object Repository/1. Constant/xpath' is: 'Added manually 09/06/2022 18:44 By Lorriane RAZAFINDRAMISA'

2022-06-09 18:44:45 - [MESSAGE][PASSED] - Text of object 'Object Repository/1. Constant/xpath' is: 'Added manually 09/06/2022 18:44 By Lorriane RAZAFINDRAMISA'

2022-06-09 18:44:45 - [TEST_STEP][PASSED] - test1 = Actual_added1.contains("Added manually"): null

2022-06-09 18:44:45 - [TEST_STEP][PASSED] - verifyMatch(test1, "true", false): Actual text 'true' and expected text 'true' are matched 

2022-06-09 18:44:45 - [MESSAGE][PASSED] - Actual text 'true' and expected text 'true' are matched 

2022-06-09 18:44:45 - [TEST_STEP][PASSED] - test2 = Actual_added1.contains("By Lorriane RAZAFINDRAMISA"): null

2022-06-09 18:44:45 - [TEST_STEP][PASSED] - verifyMatch(test2, "true", false): Actual text 'true' and expected text 'true' are matched 

2022-06-09 18:44:45 - [MESSAGE][PASSED] - Actual text 'true' and expected text 'true' are matched 

2022-06-09 18:44:45 - [TEST_STEP][PASSED] - delay(1): Delayed 1 second(s)

2022-06-09 18:44:46 - [MESSAGE][PASSED] - Delayed 1 second(s)

2022-06-09 18:44:46 - [TEST_STEP][PASSED] - I.Logout(): Delayed 3 second(s)

2022-06-09 18:44:49 - [MESSAGE][PASSED] - Delayed 3 second(s)

2022-06-09 18:44:49 - [MESSAGE][PASSED] - Object: 'Object Repository/1. Constant/xpath' is clicked on

2022-06-09 18:44:52 - [MESSAGE][PASSED] - Delayed 3 second(s)

2022-06-09 18:44:55 - [MESSAGE][PASSED] - Object: 'Object Repository/1. Constant/xpath' is clicked on

2022-06-09 18:44:58 - [MESSAGE][PASSED] - Delayed 3 second(s)

2022-06-09 18:44:58 - [TEST_STEP][PASSED] - I.Login_password("marketing", password_marketing): Object: 'Object Repository/1. Constant/xpath' is clicked on

2022-06-09 18:44:59 - [MESSAGE][PASSED] - Text 'marketing' is set on object 'Object Repository/1. Constant/xpath'

2022-06-09 18:45:00 - [MESSAGE][PASSED] - Delayed 1 second(s)

2022-06-09 18:45:00 - [MESSAGE][PASSED] - Text 'dchi3' is set on object 'Object Repository/1. Constant/xpath'

2022-06-09 18:45:01 - [MESSAGE][PASSED] - Delayed 1 second(s)

2022-06-09 18:45:05 - [MESSAGE][PASSED] - Object: 'Object Repository/1. Constant/xpath' is clicked on

2022-06-09 18:45:05 - [TEST_STEP][PASSED] - takeScreenshot(): Taking screenshot successfully

2022-06-09 18:45:05 - [MESSAGE][PASSED] - Taking screenshot successfully
[[ATTACHMENT|D:\\Projet Test Auto\\Mediabox Test Automation\\Reports\\20220609_181011\\03. Parallel Testing (Testing)\\TS -PT PART 3\\02. Sephora - Full Lifecycle FS Process and Control Tag(Chrome) - headless\\20220609_181026\\1654793105357.png]]

2022-06-09 18:45:05 - [TEST_STEP][PASSED] - Atask2 = getText(findTestObject("1. Constant/xpath", ["xpath":"//*[@id="kt_header"]/div/div[2]/div[1]/div[1]/span"])): Text of object 'Object Repository/1. Constant/xpath' is: '51'

2022-06-09 18:45:05 - [MESSAGE][PASSED] - Text of object 'Object Repository/1. Constant/xpath' is: '51'

2022-06-09 18:45:05 - [TEST_STEP][PASSED] - task2 = Integer.parseInt(task1) + 1: null

2022-06-09 18:45:05 - [TEST_STEP][PASSED] - verifyMatch(Atask2, task2, false): Actual text '51' and expected text '51' are matched 

2022-06-09 18:45:05 - [MESSAGE][PASSED] - Actual text '51' and expected text '51' are matched 

2022-06-09 18:45:05 - [TEST_STEP][PASSED] - click(findTestObject("1. Constant/xpath", ["xpath":"//*[@id="kt_header"]/div/div[2]/div[1]/div[1]/div"])): Object: 'Object Repository/1. Constant/xpath' is clicked on

2022-06-09 18:45:06 - [MESSAGE][PASSED] - Object: 'Object Repository/1. Constant/xpath' is clicked on

2022-06-09 18:45:06 - [TEST_STEP][PASSED] - delay(1): Delayed 1 second(s)

2022-06-09 18:45:07 - [MESSAGE][PASSED] - Delayed 1 second(s)

2022-06-09 18:45:07 - [TEST_STEP][PASSED] - takeScreenshot(): Taking screenshot successfully

2022-06-09 18:45:07 - [MESSAGE][PASSED] - Taking screenshot successfully
[[ATTACHMENT|D:\\Projet Test Auto\\Mediabox Test Automation\\Reports\\20220609_181011\\03. Parallel Testing (Testing)\\TS -PT PART 3\\02. Sephora - Full Lifecycle FS Process and Control Tag(Chrome) - headless\\20220609_181026\\1654793107475.png]]

2022-06-09 18:45:07 - [TEST_STEP][PASSED] - delay(1): Delayed 1 second(s)

2022-06-09 18:45:08 - [MESSAGE][PASSED] - Delayed 1 second(s)

2022-06-09 18:45:08 - [TEST_STEP][PASSED] - click(findTestObject("1. Constant/xpath", ["xpath":"//*[@id="kt_header"]/div/div[2]/div[1]/div[2]/form/div[3]/a"])): Object: 'Object Repository/1. Constant/xpath' is clicked on

2022-06-09 18:45:17 - [MESSAGE][PASSED] - Object: 'Object Repository/1. Constant/xpath' is clicked on

2022-06-09 18:45:17 - [TEST_STEP][PASSED] - delay(1): Delayed 1 second(s)

2022-06-09 18:45:18 - [MESSAGE][PASSED] - Delayed 1 second(s)

2022-06-09 18:45:18 - [TEST_STEP][PASSED] - takeScreenshot(): Taking screenshot successfully

2022-06-09 18:45:18 - [MESSAGE][PASSED] - Taking screenshot successfully
[[ATTACHMENT|D:\\Projet Test Auto\\Mediabox Test Automation\\Reports\\20220609_181011\\03. Parallel Testing (Testing)\\TS -PT PART 3\\02. Sephora - Full Lifecycle FS Process and Control Tag(Chrome) - headless\\20220609_181026\\1654793118172.png]]

2022-06-09 18:45:18 - [TEST_STEP][PASSED] - delay(1): Delayed 1 second(s)

2022-06-09 18:45:19 - [MESSAGE][PASSED] - Delayed 1 second(s)

2022-06-09 18:45:19 - [TEST_STEP][PASSED] - selectOptionByValue(findTestObject("1. Constant/xpath", ["xpath":"//*[@id="select2_taskTypes"]"]), "DDC_to_update", false): All options with value 'DDC_to_update' are selected in object 'Object Repository/1. Constant/xpath' 

2022-06-09 18:45:19 - [MESSAGE][PASSED] - All options with value 'DDC_to_update' are selected in object 'Object Repository/1. Constant/xpath' 

2022-06-09 18:45:19 - [TEST_STEP][PASSED] - delay(1): Delayed 1 second(s)

2022-06-09 18:45:20 - [MESSAGE][PASSED] - Delayed 1 second(s)

2022-06-09 18:45:20 - [TEST_STEP][PASSED] - takeScreenshot(): Taking screenshot successfully

2022-06-09 18:45:21 - [MESSAGE][PASSED] - Taking screenshot successfully
[[ATTACHMENT|D:\\Projet Test Auto\\Mediabox Test Automation\\Reports\\20220609_181011\\03. Parallel Testing (Testing)\\TS -PT PART 3\\02. Sephora - Full Lifecycle FS Process and Control Tag(Chrome) - headless\\20220609_181026\\1654793120807.png]]

2022-06-09 18:45:21 - [TEST_STEP][PASSED] - click(findTestObject("1. Constant/xpath", ["xpath":"//*[@id="form_task_filters"]/div[5]/button"])): Object: 'Object Repository/1. Constant/xpath' is clicked on

2022-06-09 18:45:25 - [MESSAGE][PASSED] - Object: 'Object Repository/1. Constant/xpath' is clicked on

2022-06-09 18:45:25 - [TEST_STEP][PASSED] - delay(1): Delayed 1 second(s)

2022-06-09 18:45:26 - [MESSAGE][PASSED] - Delayed 1 second(s)

2022-06-09 18:45:26 - [TEST_STEP][PASSED] - click(findTestObject("1. Constant/xpath", ["xpath":"/html/body/div[1]/div[2]/div[8]/div[3]/div/div/div[2]/div/table/tbody/tr/td[1]/a"])): Object: 'Object Repository/1. Constant/xpath' is clicked on

2022-06-09 18:45:28 - [MESSAGE][PASSED] - Object: 'Object Repository/1. Constant/xpath' is clicked on

2022-06-09 18:45:28 - [TEST_STEP][PASSED] - delay(1): Delayed 1 second(s)

2022-06-09 18:45:29 - [MESSAGE][PASSED] - Delayed 1 second(s)

2022-06-09 18:45:29 - [TEST_STEP][PASSED] - I.submitquesiton_ref(findTestObject("1. Constant/xpath", ["xpath":"//*[@id="source_" + refID + ""]/td[7]/div/button"]), findTestObject("1. Constant/xpath", ["xpath":"//*[@id="source_" + refID + ""]/td[7]/div/div/a[1]"])): Object: 'Object Repository/1. Constant/xpath' is clicked on

2022-06-09 18:45:29 - [MESSAGE][PASSED] - Object: 'Object Repository/1. Constant/xpath' is clicked on

2022-06-09 18:45:32 - [MESSAGE][PASSED] - Delayed 3 second(s)

2022-06-09 18:45:35 - [MESSAGE][PASSED] - Object: 'Object Repository/1. Constant/xpath' is clicked on

2022-06-09 18:45:35 - [TEST_STEP][PASSED] - click(findTestObject("1. Constant/xpath", ["xpath":"/html/body/div[1]/div[2]/div[4]/div[3]/div/div[2]/div[2]/form/div[1]/div/button[2]"])): Object: 'Object Repository/1. Constant/xpath' is clicked on

2022-06-09 18:45:39 - [MESSAGE][PASSED] - Object: 'Object Repository/1. Constant/xpath' is clicked on

2022-06-09 18:45:39 - [TEST_STEP][PASSED] - takeScreenshot(): Taking screenshot successfully

2022-06-09 18:45:39 - [MESSAGE][PASSED] - Taking screenshot successfully
[[ATTACHMENT|D:\\Projet Test Auto\\Mediabox Test Automation\\Reports\\20220609_181011\\03. Parallel Testing (Testing)\\TS -PT PART 3\\02. Sephora - Full Lifecycle FS Process and Control Tag(Chrome) - headless\\20220609_181026\\1654793139499.png]]

2022-06-09 18:45:39 - [TEST_STEP][PASSED] - delay(1): Delayed 1 second(s)

2022-06-09 18:45:40 - [MESSAGE][PASSED] - Delayed 1 second(s)

2022-06-09 18:45:40 - [TEST_STEP][PASSED] - lifecycle_complete1 = getText(findTestObject("1. Constant/xpath", ["xpath":"//*[@id="source_" + refID + ""]/td[5]/span"])): Text of object 'Object Repository/1. Constant/xpath' is: 'Complete'

2022-06-09 18:45:41 - [MESSAGE][PASSED] - Text of object 'Object Repository/1. Constant/xpath' is: 'Complete'

2022-06-09 18:45:41 - [TEST_STEP][PASSED] - verifyMatch(lifecycle_complete1, "Complete", false): Actual text 'Complete' and expected text 'Complete' are matched 

2022-06-09 18:45:42 - [MESSAGE][PASSED] - Actual text 'Complete' and expected text 'Complete' are matched 

2022-06-09 18:45:42 - [TEST_STEP][PASSED] - delay(1): Delayed 1 second(s)

2022-06-09 18:45:43 - [MESSAGE][PASSED] - Delayed 1 second(s)

2022-06-09 18:45:43 - [TEST_STEP][PASSED] - Atask3 = getText(findTestObject("1. Constant/xpath", ["xpath":"//*[@id="kt_header"]/div/div[2]/div[1]/div[1]/span"])): Text of object 'Object Repository/1. Constant/xpath' is: '50'

2022-06-09 18:45:43 - [MESSAGE][PASSED] - Text of object 'Object Repository/1. Constant/xpath' is: '50'

2022-06-09 18:45:43 - [TEST_STEP][PASSED] - verifyMatch(Atask3, task1, false): Actual text '50' and expected text '50' are matched 

2022-06-09 18:45:43 - [MESSAGE][PASSED] - Actual text '50' and expected text '50' are matched 

2022-06-09 18:45:43 - [TEST_STEP][PASSED] - I.Logout(): Delayed 3 second(s)

2022-06-09 18:45:46 - [MESSAGE][PASSED] - Delayed 3 second(s)

2022-06-09 18:45:47 - [MESSAGE][PASSED] - Object: 'Object Repository/1. Constant/xpath' is clicked on

2022-06-09 18:45:50 - [MESSAGE][PASSED] - Delayed 3 second(s)

2022-06-09 18:45:51 - [MESSAGE][PASSED] - Object: 'Object Repository/1. Constant/xpath' is clicked on

2022-06-09 18:45:54 - [MESSAGE][PASSED] - Delayed 3 second(s)

2022-06-09 18:45:54 - [TEST_STEP][PASSED] - I.Login_password("lraz", password_iraz): Object: 'Object Repository/1. Constant/xpath' is clicked on

2022-06-09 18:45:55 - [MESSAGE][PASSED] - Text 'lraz' is set on object 'Object Repository/1. Constant/xpath'

2022-06-09 18:45:56 - [MESSAGE][PASSED] - Delayed 1 second(s)

2022-06-09 18:45:56 - [MESSAGE][PASSED] - Text 'dchi3' is set on object 'Object Repository/1. Constant/xpath'

2022-06-09 18:45:57 - [MESSAGE][PASSED] - Delayed 1 second(s)

2022-06-09 18:46:00 - [MESSAGE][PASSED] - Object: 'Object Repository/1. Constant/xpath' is clicked on

2022-06-09 18:46:00 - [TEST_STEP][PASSED] - click(findTestObject("1. Constant/02_LHSMenu_Projects")): Object: 'Object Repository/1. Constant/02_LHSMenu_Projects' is clicked on

2022-06-09 18:46:04 - [MESSAGE][PASSED] - Object: 'Object Repository/1. Constant/02_LHSMenu_Projects' is clicked on

2022-06-09 18:46:04 - [TEST_STEP][PASSED] - I.SearchProjectNo_xpath(Project_No, "//*[@id="keynum_project"]", "/html/body/div[1]/div[1]/div[2]/div/ul/li[2]/div/div/form/div[4]/button"): Delayed 5 second(s)

2022-06-09 18:46:05 - [MESSAGE][PASSED] - Delayed 1 second(s)

2022-06-09 18:46:05 - [MESSAGE][PASSED] - Text 'MI001942' is set on object 'Object Repository/1. Constant/xpath'

2022-06-09 18:46:08 - [MESSAGE][PASSED] - Delayed 3 second(s)

2022-06-09 18:46:09 - [MESSAGE][PASSED] - Scroll to object 'Object Repository/1. Constant/xpath' successfully

2022-06-09 18:46:10 - [MESSAGE][PASSED] - Object: 'Object Repository/1. Constant/xpath' is clicked on

2022-06-09 18:46:15 - [MESSAGE][PASSED] - Delayed 5 second(s)

2022-06-09 18:46:15 - [TEST_STEP][PASSED] - takeScreenshot(): Taking screenshot successfully

2022-06-09 18:46:16 - [MESSAGE][PASSED] - Taking screenshot successfully
[[ATTACHMENT|D:\\Projet Test Auto\\Mediabox Test Automation\\Reports\\20220609_181011\\03. Parallel Testing (Testing)\\TS -PT PART 3\\02. Sephora - Full Lifecycle FS Process and Control Tag(Chrome) - headless\\20220609_181026\\1654793176167.png]]

2022-06-09 18:46:16 - [TEST_STEP][PASSED] - delay(1): Delayed 1 second(s)

2022-06-09 18:46:17 - [MESSAGE][PASSED] - Delayed 1 second(s)

2022-06-09 18:46:17 - [TEST_STEP][PASSED] - takeScreenshot(): Taking screenshot successfully

2022-06-09 18:46:18 - [MESSAGE][PASSED] - Taking screenshot successfully
[[ATTACHMENT|D:\\Projet Test Auto\\Mediabox Test Automation\\Reports\\20220609_181011\\03. Parallel Testing (Testing)\\TS -PT PART 3\\02. Sephora - Full Lifecycle FS Process and Control Tag(Chrome) - headless\\20220609_181026\\1654793177814.png]]

2022-06-09 18:46:18 - [TEST_STEP][PASSED] - click(findTestObject("1. Constant/xpath", ["xpath":"//*[@id="source_" + refID + ""]/td[4]/a"])): Object: 'Object Repository/1. Constant/xpath' is clicked on

2022-06-09 18:46:20 - [MESSAGE][PASSED] - Object: 'Object Repository/1. Constant/xpath' is clicked on

2022-06-09 18:46:20 - [TEST_STEP][PASSED] - delay(2): Delayed 2 second(s)

2022-06-09 18:46:22 - [MESSAGE][PASSED] - Delayed 2 second(s)

2022-06-09 18:46:22 - [TEST_STEP][PASSED] - click(findTestObject("1. Constant/xpath", ["xpath":"//*[@id="kt_content"]/div[3]/div/ul/li[3]/a"])): Object: 'Object Repository/1. Constant/xpath' is clicked on

2022-06-09 18:46:24 - [MESSAGE][PASSED] - Object: 'Object Repository/1. Constant/xpath' is clicked on

2022-06-09 18:46:24 - [TEST_STEP][PASSED] - click(findTestObject("1. Constant/xpath", ["xpath":"/html/body/div[1]/div[2]/div[8]/div[3]/div/div[3]/div[3]/div/ul/li[4]/a"])): Object: 'Object Repository/1. Constant/xpath' is clicked on

2022-06-09 18:46:24 - [MESSAGE][PASSED] - Object: 'Object Repository/1. Constant/xpath' is clicked on

2022-06-09 18:46:24 - [TEST_STEP][PASSED] - delay(1): Delayed 1 second(s)

2022-06-09 18:46:25 - [MESSAGE][PASSED] - Delayed 1 second(s)

2022-06-09 18:46:25 - [TEST_STEP][PASSED] - click(findTestObject("1. Constant/xpath", ["xpath":"/html/body/div[1]/div[2]/div[8]/div[3]/div/div[3]/div[3]/div/div/div[4]/div/div[2]/div/div[1]/div[2]/div/a[1]"])): Object: 'Object Repository/1. Constant/xpath' is clicked on

2022-06-09 18:46:26 - [MESSAGE][PASSED] - Object: 'Object Repository/1. Constant/xpath' is clicked on

2022-06-09 18:46:26 - [TEST_STEP][PASSED] - delay(1): Delayed 1 second(s)

2022-06-09 18:46:27 - [MESSAGE][PASSED] - Delayed 1 second(s)

2022-06-09 18:46:27 - [TEST_STEP][PASSED] - selectOptionByValue(findTestObject("1. Constant/xpath", ["xpath":"//*[@id="added_phase"]"]), "79", false): All options with value '79' are selected in object 'Object Repository/1. Constant/xpath' 

2022-06-09 18:46:28 - [MESSAGE][PASSED] - All options with value '79' are selected in object 'Object Repository/1. Constant/xpath' 

2022-06-09 18:46:28 - [TEST_STEP][PASSED] - delay(1): Delayed 1 second(s)

2022-06-09 18:46:29 - [MESSAGE][PASSED] - Delayed 1 second(s)

2022-06-09 18:46:29 - [TEST_STEP][PASSED] - takeScreenshot(): Taking screenshot successfully

2022-06-09 18:46:29 - [MESSAGE][PASSED] - Taking screenshot successfully
[[ATTACHMENT|D:\\Projet Test Auto\\Mediabox Test Automation\\Reports\\20220609_181011\\03. Parallel Testing (Testing)\\TS -PT PART 3\\02. Sephora - Full Lifecycle FS Process and Control Tag(Chrome) - headless\\20220609_181026\\1654793189143.png]]

2022-06-09 18:46:29 - [TEST_STEP][PASSED] - click(findTestObject("1. Constant/xpath", ["xpath":"//*[@id="modal_addphase"]/div/div/div[3]/button[2]"])): Object: 'Object Repository/1. Constant/xpath' is clicked on

2022-06-09 18:46:33 - [MESSAGE][PASSED] - Object: 'Object Repository/1. Constant/xpath' is clicked on

2022-06-09 18:46:33 - [TEST_STEP][PASSED] - delay(1): Delayed 1 second(s)

2022-06-09 18:46:34 - [MESSAGE][PASSED] - Delayed 1 second(s)

2022-06-09 18:46:34 - [TEST_STEP][PASSED] - verifyElementVisible(findTestObject("1. Constant/xpath", ["xpath":"/html/body/div[1]/div[2]/div[8]/div[3]/div/div[3]/div[3]/div/ul/li[5]/a"])): Object 'Object Repository/1. Constant/xpath' is visible

2022-06-09 18:46:35 - [MESSAGE][PASSED] - Object 'Object Repository/1. Constant/xpath' is visible

2022-06-09 18:46:35 - [TEST_STEP][PASSED] - takeScreenshot(): Taking screenshot successfully

2022-06-09 18:46:35 - [MESSAGE][PASSED] - Taking screenshot successfully
[[ATTACHMENT|D:\\Projet Test Auto\\Mediabox Test Automation\\Reports\\20220609_181011\\03. Parallel Testing (Testing)\\TS -PT PART 3\\02. Sephora - Full Lifecycle FS Process and Control Tag(Chrome) - headless\\20220609_181026\\1654793195644.png]]

2022-06-09 18:46:35 - [TEST_STEP][PASSED] - Actual_added2 = getText(findTestObject("1. Constant/xpath", ["xpath":"/html/body/div[1]/div[2]/div[8]/div[3]/div/div[3]/div[3]/div/div/div[5]/div/div/div/div[2]/h6"])): Text of object 'Object Repository/1. Constant/xpath' is: 'Added manually 09/06/2022 18:46 By Lorriane RAZAFINDRAMISA'

2022-06-09 18:46:36 - [MESSAGE][PASSED] - Text of object 'Object Repository/1. Constant/xpath' is: 'Added manually 09/06/2022 18:46 By Lorriane RAZAFINDRAMISA'

2022-06-09 18:46:36 - [TEST_STEP][PASSED] - test12 = Actual_added2.contains("Added manually"): null

2022-06-09 18:46:36 - [TEST_STEP][PASSED] - verifyMatch(test12, "true", false): Actual text 'true' and expected text 'true' are matched 

2022-06-09 18:46:36 - [MESSAGE][PASSED] - Actual text 'true' and expected text 'true' are matched 

2022-06-09 18:46:36 - [TEST_STEP][PASSED] - test22 = Actual_added2.contains("By Lorriane RAZAFINDRAMISA"): null

2022-06-09 18:46:36 - [TEST_STEP][PASSED] - verifyMatch(test22, "true", false): Actual text 'true' and expected text 'true' are matched 

2022-06-09 18:46:36 - [MESSAGE][PASSED] - Actual text 'true' and expected text 'true' are matched 

2022-06-09 18:46:36 - [TEST_STEP][PASSED] - I.Logout(): Delayed 3 second(s)

2022-06-09 18:46:39 - [MESSAGE][PASSED] - Delayed 3 second(s)

2022-06-09 18:46:41 - [MESSAGE][PASSED] - Object: 'Object Repository/1. Constant/xpath' is clicked on

2022-06-09 18:46:44 - [MESSAGE][PASSED] - Delayed 3 second(s)

2022-06-09 18:46:46 - [MESSAGE][PASSED] - Object: 'Object Repository/1. Constant/xpath' is clicked on

2022-06-09 18:46:49 - [MESSAGE][PASSED] - Delayed 3 second(s)

2022-06-09 18:46:49 - [TEST_STEP][PASSED] - I.Login_password("lmorel", password_lmorel): Object: 'Object Repository/1. Constant/xpath' is clicked on

2022-06-09 18:46:50 - [MESSAGE][PASSED] - Text 'lmorel' is set on object 'Object Repository/1. Constant/xpath'

2022-06-09 18:46:51 - [MESSAGE][PASSED] - Delayed 1 second(s)

2022-06-09 18:46:52 - [MESSAGE][PASSED] - Text 'dchi1' is set on object 'Object Repository/1. Constant/xpath'

2022-06-09 18:46:53 - [MESSAGE][PASSED] - Delayed 1 second(s)

2022-06-09 18:46:56 - [MESSAGE][PASSED] - Object: 'Object Repository/1. Constant/xpath' is clicked on

2022-06-09 18:46:56 - [TEST_STEP][PASSED] - Atask33 = getText(findTestObject("1. Constant/xpath", ["xpath":"//*[@id="kt_header"]/div/div[2]/div[1]/div[1]/span"])): Text of object 'Object Repository/1. Constant/xpath' is: '16'

2022-06-09 18:46:56 - [MESSAGE][PASSED] - Text of object 'Object Repository/1. Constant/xpath' is: '16'

2022-06-09 18:46:56 - [TEST_STEP][PASSED] - click(findTestObject("1. Constant/02_LHSMenu_Projects")): Object: 'Object Repository/1. Constant/02_LHSMenu_Projects' is clicked on

2022-06-09 18:46:59 - [MESSAGE][PASSED] - Object: 'Object Repository/1. Constant/02_LHSMenu_Projects' is clicked on

2022-06-09 18:46:59 - [TEST_STEP][PASSED] - I.SearchProjectNo_xpath(Project_No, "//*[@id="keynum_project"]", "/html/body/div[1]/div[1]/div[2]/div/ul/li[2]/div/div/form/div[4]/button"): Delayed 5 second(s)

2022-06-09 18:47:00 - [MESSAGE][PASSED] - Delayed 1 second(s)

2022-06-09 18:47:01 - [MESSAGE][PASSED] - Text 'MI001942' is set on object 'Object Repository/1. Constant/xpath'

2022-06-09 18:47:04 - [MESSAGE][PASSED] - Delayed 3 second(s)

2022-06-09 18:47:04 - [MESSAGE][PASSED] - Scroll to object 'Object Repository/1. Constant/xpath' successfully

2022-06-09 18:47:08 - [MESSAGE][PASSED] - Object: 'Object Repository/1. Constant/xpath' is clicked on

2022-06-09 18:47:13 - [MESSAGE][PASSED] - Delayed 5 second(s)

2022-06-09 18:47:13 - [TEST_STEP][PASSED] - takeScreenshot(): Taking screenshot successfully

2022-06-09 18:47:13 - [MESSAGE][PASSED] - Taking screenshot successfully
[[ATTACHMENT|D:\\Projet Test Auto\\Mediabox Test Automation\\Reports\\20220609_181011\\03. Parallel Testing (Testing)\\TS -PT PART 3\\02. Sephora - Full Lifecycle FS Process and Control Tag(Chrome) - headless\\20220609_181026\\1654793233188.png]]

2022-06-09 18:47:13 - [TEST_STEP][PASSED] - delay(1): Delayed 1 second(s)

2022-06-09 18:47:14 - [MESSAGE][PASSED] - Delayed 1 second(s)

2022-06-09 18:47:14 - [TEST_STEP][PASSED] - takeScreenshot(): Taking screenshot successfully

2022-06-09 18:47:15 - [MESSAGE][PASSED] - Taking screenshot successfully
[[ATTACHMENT|D:\\Projet Test Auto\\Mediabox Test Automation\\Reports\\20220609_181011\\03. Parallel Testing (Testing)\\TS -PT PART 3\\02. Sephora - Full Lifecycle FS Process and Control Tag(Chrome) - headless\\20220609_181026\\1654793234956.png]]

2022-06-09 18:47:15 - [TEST_STEP][PASSED] - lf1 = getText(findTestObject("1. Constant/xpath", ["xpath":"//*[@id="source_" + refID + ""]/td[5]/span[1]"])): Text of object 'Object Repository/1. Constant/xpath' is: 'BAG PROD (Printer)'

2022-06-09 18:47:15 - [MESSAGE][PASSED] - Text of object 'Object Repository/1. Constant/xpath' is: 'BAG PROD (Printer)'

2022-06-09 18:47:15 - [TEST_STEP][PASSED] - verifyMatch(lf1, "BAG PROD (Printer)", false): Actual text 'BAG PROD (Printer)' and expected text 'BAG PROD (Printer)' are matched 

2022-06-09 18:47:15 - [MESSAGE][PASSED] - Actual text 'BAG PROD (Printer)' and expected text 'BAG PROD (Printer)' are matched 

2022-06-09 18:47:15 - [TEST_STEP][PASSED] - color1 = getCSSValue(findTestObject("1. Constant/xpath", ["xpath":"//*[@id="source_" + refID + ""]/td[7]/a"]), "color", OPTIONAL): Get CSS 'color' value on 'Object Repository/1. Constant/xpath' successfully: 'rgba(255, 255, 255, 1)'.

2022-06-09 18:47:15 - [MESSAGE][PASSED] - Get CSS 'color' value on 'Object Repository/1. Constant/xpath' successfully: 'rgba(255, 255, 255, 1)'.

2022-06-09 18:47:15 - [TEST_STEP][PASSED] - I.print(color1): null

2022-06-09 18:47:15 - [TEST_STEP][PASSED] - while (color1 == "rgba(255, 255, 255, 1)"): null

2022-06-09 18:47:15 - [TEST_STEP][PASSED] - click(findTestObject("1. Constant/xpath", ["xpath":"//*[@id="source_" + refID + ""]/td[7]/a"])): Object: 'Object Repository/1. Constant/xpath' is clicked on

2022-06-09 18:47:17 - [MESSAGE][PASSED] - Object: 'Object Repository/1. Constant/xpath' is clicked on

2022-06-09 18:47:17 - [TEST_STEP][PASSED] - takeScreenshot(): Taking screenshot successfully

2022-06-09 18:47:17 - [MESSAGE][PASSED] - Taking screenshot successfully
[[ATTACHMENT|D:\\Projet Test Auto\\Mediabox Test Automation\\Reports\\20220609_181011\\03. Parallel Testing (Testing)\\TS -PT PART 3\\02. Sephora - Full Lifecycle FS Process and Control Tag(Chrome) - headless\\20220609_181026\\1654793237250.png]]

2022-06-09 18:47:17 - [TEST_STEP][PASSED] - I.UploadDoc_sendkey_Prod(findTestObject("1. Constant/xpath", ["xpath":"//*[@id="kt_body"]/input[2]"]), "D:\Upoad_File\Upload doc\testdataaddition1.pdf", "testdataaddition1.pdf"): Delayed 5 second(s)

2022-06-09 18:47:17 - [MESSAGE][PASSED] - Scroll to object 'Object Repository/1. Constant/xpath' successfully

2022-06-09 18:47:22 - [MESSAGE][PASSED] - Delayed 5 second(s)

2022-06-09 18:47:22 - [MESSAGE][PASSED] - File 'D:\Upoad_File\Upload doc\testdataaddition1.pdf' sent to object: 'Object Repository/1. Constant/xpath'

2022-06-09 18:47:27 - [MESSAGE][PASSED] - Delayed 5 second(s)

2022-06-09 18:47:28 - [MESSAGE][PASSED] - Text 'testdataaddition1.pdf' is present on page 

2022-06-09 18:47:33 - [MESSAGE][PASSED] - Delayed 5 second(s)

2022-06-09 18:47:38 - [MESSAGE][PASSED] - Delayed 5 second(s)

2022-06-09 18:47:38 - [TEST_STEP][PASSED] - takeScreenshot(): Taking screenshot successfully

2022-06-09 18:47:39 - [MESSAGE][PASSED] - Taking screenshot successfully
[[ATTACHMENT|D:\\Projet Test Auto\\Mediabox Test Automation\\Reports\\20220609_181011\\03. Parallel Testing (Testing)\\TS -PT PART 3\\02. Sephora - Full Lifecycle FS Process and Control Tag(Chrome) - headless\\20220609_181026\\1654793259180.png]]

2022-06-09 18:47:39 - [TEST_STEP][PASSED] - delay(10): Delayed 10 second(s)

2022-06-09 18:47:49 - [MESSAGE][PASSED] - Delayed 10 second(s)

2022-06-09 18:47:49 - [TEST_STEP][PASSED] - I.click_button_javascript(findTestObject("Object Repository/HL Full Lifecycle/12 ReferncePage_Button_Updatensenddoc")): Execute JavaScript 'arguments[0].click()' successfully

2022-06-09 18:47:58 - [MESSAGE][PASSED] - Execute JavaScript 'arguments[0].click()' successfully

2022-06-09 18:47:58 - [TEST_STEP][PASSED] - delay(5): Delayed 5 second(s)

2022-06-09 18:48:03 - [MESSAGE][PASSED] - Delayed 5 second(s)

2022-06-09 18:48:03 - [TEST_STEP][PASSED] - if (verifyElementPresent(findTestObject("1. Constant/xpath", ["xpath":"//*[@id="source_" + refID + ""]/td[7]/a"]), 10, OPTIONAL)): null

2022-06-09 18:48:04 - [MESSAGE][PASSED] - Object 'Object Repository/1. Constant/xpath' is present

2022-06-09 18:48:04 - [TEST_STEP][PASSED] - color1 = getCSSValue(findTestObject("1. Constant/xpath", ["xpath":"//*[@id="source_" + refID + ""]/td[7]/a"]), "color", OPTIONAL): Get CSS 'color' value on 'Object Repository/1. Constant/xpath' successfully: 'rgba(54, 153, 255, 1)'.

2022-06-09 18:48:05 - [MESSAGE][PASSED] - Get CSS 'color' value on 'Object Repository/1. Constant/xpath' successfully: 'rgba(54, 153, 255, 1)'.

2022-06-09 18:48:05 - [TEST_STEP][PASSED] - Atask4 = getText(findTestObject("1. Constant/xpath", ["xpath":"//*[@id="kt_header"]/div/div[2]/div[1]/div[1]/span"])): Text of object 'Object Repository/1. Constant/xpath' is: '15'

2022-06-09 18:48:05 - [MESSAGE][PASSED] - Text of object 'Object Repository/1. Constant/xpath' is: '15'

2022-06-09 18:48:05 - [TEST_STEP][PASSED] - task4 = Integer.parseInt(Atask33) - 1: null

2022-06-09 18:48:05 - [TEST_STEP][PASSED] - verifyEqual(Integer.parseInt(Atask4), task4): Actual object '15' and expected object '15' are equal

2022-06-09 18:48:05 - [MESSAGE][PASSED] - Actual object '15' and expected object '15' are equal

2022-06-09 18:48:05 - [TEST_STEP][PASSED] - I.Logout(): Delayed 3 second(s)

2022-06-09 18:48:08 - [MESSAGE][PASSED] - Delayed 3 second(s)

2022-06-09 18:48:09 - [MESSAGE][PASSED] - Object: 'Object Repository/1. Constant/xpath' is clicked on

2022-06-09 18:48:12 - [MESSAGE][PASSED] - Delayed 3 second(s)

2022-06-09 18:48:14 - [MESSAGE][PASSED] - Object: 'Object Repository/1. Constant/xpath' is clicked on

2022-06-09 18:48:17 - [MESSAGE][PASSED] - Delayed 3 second(s)

2022-06-09 18:48:17 - [TEST_STEP][PASSED] - I.Login_password("atran", password_atran): Object: 'Object Repository/1. Constant/xpath' is clicked on

2022-06-09 18:48:17 - [MESSAGE][PASSED] - Text 'atran' is set on object 'Object Repository/1. Constant/xpath'

2022-06-09 18:48:18 - [MESSAGE][PASSED] - Delayed 1 second(s)

2022-06-09 18:48:20 - [MESSAGE][PASSED] - Text 'dchi3' is set on object 'Object Repository/1. Constant/xpath'

2022-06-09 18:48:21 - [MESSAGE][PASSED] - Delayed 1 second(s)

2022-06-09 18:48:25 - [MESSAGE][PASSED] - Object: 'Object Repository/1. Constant/xpath' is clicked on

2022-06-09 18:48:25 - [TEST_STEP][PASSED] - click(findTestObject("1. Constant/02_LHSMenu_Projects")): Object: 'Object Repository/1. Constant/02_LHSMenu_Projects' is clicked on

2022-06-09 18:48:27 - [MESSAGE][PASSED] - Object: 'Object Repository/1. Constant/02_LHSMenu_Projects' is clicked on

2022-06-09 18:48:27 - [TEST_STEP][PASSED] - I.SearchProjectNo_xpath(Project_No, "//*[@id="keynum_project"]", "/html/body/div[1]/div[1]/div[2]/div/ul/li[2]/div/div/form/div[4]/button"): Delayed 5 second(s)

2022-06-09 18:48:28 - [MESSAGE][PASSED] - Delayed 1 second(s)

2022-06-09 18:48:28 - [MESSAGE][PASSED] - Text 'MI001942' is set on object 'Object Repository/1. Constant/xpath'

2022-06-09 18:48:31 - [MESSAGE][PASSED] - Delayed 3 second(s)

2022-06-09 18:48:32 - [MESSAGE][PASSED] - Scroll to object 'Object Repository/1. Constant/xpath' successfully

2022-06-09 18:48:34 - [MESSAGE][PASSED] - Object: 'Object Repository/1. Constant/xpath' is clicked on

2022-06-09 18:48:39 - [MESSAGE][PASSED] - Delayed 5 second(s)

2022-06-09 18:48:39 - [TEST_STEP][PASSED] - takeScreenshot(): Taking screenshot successfully

2022-06-09 18:48:39 - [MESSAGE][PASSED] - Taking screenshot successfully
[[ATTACHMENT|D:\\Projet Test Auto\\Mediabox Test Automation\\Reports\\20220609_181011\\03. Parallel Testing (Testing)\\TS -PT PART 3\\02. Sephora - Full Lifecycle FS Process and Control Tag(Chrome) - headless\\20220609_181026\\1654793319205.png]]

2022-06-09 18:48:39 - [TEST_STEP][PASSED] - delay(1): Delayed 1 second(s)

2022-06-09 18:48:40 - [MESSAGE][PASSED] - Delayed 1 second(s)

2022-06-09 18:48:40 - [TEST_STEP][PASSED] - I.AWF_approve_byaction(findTestObject("1. Constant/xpath", ["xpath":"//*[@id="source_" + refID + ""]/td[7]/a"])): Object: 'Object Repository/HL Full Lifecycle/Function_Appbutton2' is clicked on

2022-06-09 18:48:45 - [MESSAGE][PASSED] - Delayed 5 second(s)

2022-06-09 18:48:55 - [MESSAGE][PASSED] - Object: 'Object Repository/1. Constant/xpath' is clicked on

2022-06-09 18:48:56 - [MESSAGE][PASSED] - Object: 'Object Repository/HL Full Lifecycle/Function_access Viewer2' is hovered

2022-06-09 18:48:59 - [MESSAGE][PASSED] - Delayed 3 second(s)

2022-06-09 18:49:00 - [MESSAGE][PASSED] - Object: 'Object Repository/HL Full Lifecycle/Function_access Viewer2' is clicked on

2022-06-09 18:49:05 - [MESSAGE][PASSED] - Delayed 5 second(s)

2022-06-09 18:49:05 - [MESSAGE][PASSED] - Object: 'Object Repository/HL Full Lifecycle/Function_AppButton' is clicked on

2022-06-09 18:49:10 - [MESSAGE][PASSED] - Delayed 5 second(s)

2022-06-09 18:49:16 - [MESSAGE][PASSED] - Object: 'Object Repository/HL Full Lifecycle/Function_Appbutton2' is clicked on

2022-06-09 18:49:16 - [TEST_STEP][PASSED] - delay(1): Delayed 1 second(s)

2022-06-09 18:49:17 - [MESSAGE][PASSED] - Delayed 1 second(s)

2022-06-09 18:49:17 - [TEST_STEP][PASSED] - lf2 = getText(findTestObject("1. Constant/xpath", ["xpath":"//*[@id="source_" + refID + ""]/td[5]/span"])): Text of object 'Object Repository/1. Constant/xpath' is: 'Complete'

2022-06-09 18:49:18 - [MESSAGE][PASSED] - Text of object 'Object Repository/1. Constant/xpath' is: 'Complete'

2022-06-09 18:49:18 - [TEST_STEP][PASSED] - verifyMatch(lf2, "Complete", false): Actual text 'Complete' and expected text 'Complete' are matched 

2022-06-09 18:49:18 - [MESSAGE][PASSED] - Actual text 'Complete' and expected text 'Complete' are matched 

2022-06-09 18:49:18 - [TEST_STEP][PASSED] - I.Logout(): Delayed 3 second(s)

2022-06-09 18:49:21 - [MESSAGE][PASSED] - Delayed 3 second(s)

2022-06-09 18:49:21 - [MESSAGE][PASSED] - Object: 'Object Repository/1. Constant/xpath' is clicked on

2022-06-09 18:49:24 - [MESSAGE][PASSED] - Delayed 3 second(s)

2022-06-09 18:49:26 - [MESSAGE][PASSED] - Object: 'Object Repository/1. Constant/xpath' is clicked on

2022-06-09 18:49:29 - [MESSAGE][PASSED] - Delayed 3 second(s)

2022-06-09 18:49:29 - [TEST_STEP][PASSED] - I.Login_password("lraz", password_iraz): Object: 'Object Repository/1. Constant/xpath' is clicked on

2022-06-09 18:49:30 - [MESSAGE][PASSED] - Text 'lraz' is set on object 'Object Repository/1. Constant/xpath'

2022-06-09 18:49:31 - [MESSAGE][PASSED] - Delayed 1 second(s)

2022-06-09 18:49:32 - [MESSAGE][PASSED] - Text 'dchi3' is set on object 'Object Repository/1. Constant/xpath'

2022-06-09 18:49:33 - [MESSAGE][PASSED] - Delayed 1 second(s)

2022-06-09 18:49:36 - [MESSAGE][PASSED] - Object: 'Object Repository/1. Constant/xpath' is clicked on

2022-06-09 18:49:36 - [TEST_STEP][PASSED] - click(findTestObject("1. Constant/02_LHSMenu_Projects")): Object: 'Object Repository/1. Constant/02_LHSMenu_Projects' is clicked on

2022-06-09 18:49:39 - [MESSAGE][PASSED] - Object: 'Object Repository/1. Constant/02_LHSMenu_Projects' is clicked on

2022-06-09 18:49:39 - [TEST_STEP][PASSED] - I.SearchProjectNo_xpath(Project_No, "//*[@id="keynum_project"]", "/html/body/div[1]/div[1]/div[2]/div/ul/li[2]/div/div/form/div[4]/button"): Delayed 5 second(s)

2022-06-09 18:49:40 - [MESSAGE][PASSED] - Delayed 1 second(s)

2022-06-09 18:49:40 - [MESSAGE][PASSED] - Text 'MI001942' is set on object 'Object Repository/1. Constant/xpath'

2022-06-09 18:49:43 - [MESSAGE][PASSED] - Delayed 3 second(s)

2022-06-09 18:49:43 - [MESSAGE][PASSED] - Scroll to object 'Object Repository/1. Constant/xpath' successfully

2022-06-09 18:49:45 - [MESSAGE][PASSED] - Object: 'Object Repository/1. Constant/xpath' is clicked on

2022-06-09 18:49:50 - [MESSAGE][PASSED] - Delayed 5 second(s)

2022-06-09 18:49:50 - [TEST_STEP][PASSED] - takeScreenshot(): Taking screenshot successfully

2022-06-09 18:49:50 - [MESSAGE][PASSED] - Taking screenshot successfully
[[ATTACHMENT|D:\\Projet Test Auto\\Mediabox Test Automation\\Reports\\20220609_181011\\03. Parallel Testing (Testing)\\TS -PT PART 3\\02. Sephora - Full Lifecycle FS Process and Control Tag(Chrome) - headless\\20220609_181026\\1654793390221.png]]

2022-06-09 18:49:50 - [TEST_STEP][PASSED] - delay(1): Delayed 1 second(s)

2022-06-09 18:49:51 - [MESSAGE][PASSED] - Delayed 1 second(s)

2022-06-09 18:49:51 - [TEST_STEP][PASSED] - takeScreenshot(): Taking screenshot successfully

2022-06-09 18:49:52 - [MESSAGE][PASSED] - Taking screenshot successfully
[[ATTACHMENT|D:\\Projet Test Auto\\Mediabox Test Automation\\Reports\\20220609_181011\\03. Parallel Testing (Testing)\\TS -PT PART 3\\02. Sephora - Full Lifecycle FS Process and Control Tag(Chrome) - headless\\20220609_181026\\1654793391679.png]]

2022-06-09 18:49:52 - [TEST_STEP][PASSED] - click(findTestObject("1. Constant/xpath", ["xpath":"//*[@id="source_" + refID + ""]/td[4]/a"])): Object: 'Object Repository/1. Constant/xpath' is clicked on

2022-06-09 18:50:01 - [MESSAGE][PASSED] - Object: 'Object Repository/1. Constant/xpath' is clicked on

2022-06-09 18:50:01 - [TEST_STEP][PASSED] - delay(2): Delayed 2 second(s)

2022-06-09 18:50:03 - [MESSAGE][PASSED] - Delayed 2 second(s)

2022-06-09 18:50:03 - [TEST_STEP][PASSED] - click(findTestObject("1. Constant/xpath", ["xpath":"//*[@id="kt_content"]/div[3]/div/ul/li[3]/a"])): Object: 'Object Repository/1. Constant/xpath' is clicked on

2022-06-09 18:50:05 - [MESSAGE][PASSED] - Object: 'Object Repository/1. Constant/xpath' is clicked on

2022-06-09 18:50:05 - [TEST_STEP][PASSED] - click(findTestObject("1. Constant/xpath", ["xpath":"/html/body/div[1]/div[2]/div[8]/div[3]/div/div[3]/div[3]/div/ul/li[5]/a"])): Object: 'Object Repository/1. Constant/xpath' is clicked on

2022-06-09 18:50:06 - [MESSAGE][PASSED] - Object: 'Object Repository/1. Constant/xpath' is clicked on

2022-06-09 18:50:06 - [TEST_STEP][PASSED] - delay(1): Delayed 1 second(s)

2022-06-09 18:50:07 - [MESSAGE][PASSED] - Delayed 1 second(s)

2022-06-09 18:50:07 - [TEST_STEP][PASSED] - click(findTestObject("1. Constant/xpath", ["xpath":"/html/body/div[1]/div[2]/div[8]/div[3]/div/div[3]/div[3]/div/div/div[5]/div/div[2]/div/div[1]/div[2]/a[3]"])): Object: 'Object Repository/1. Constant/xpath' is clicked on

2022-06-09 18:50:07 - [MESSAGE][PASSED] - Object: 'Object Repository/1. Constant/xpath' is clicked on

2022-06-09 18:50:07 - [TEST_STEP][PASSED] - delay(1): Delayed 1 second(s)

2022-06-09 18:50:08 - [MESSAGE][PASSED] - Delayed 1 second(s)

2022-06-09 18:50:08 - [TEST_STEP][PASSED] - selectOptionByValue(findTestObject("1. Constant/xpath", ["xpath":"//*[@id="added_phase"]"]), "47", false): All options with value '47' are selected in object 'Object Repository/1. Constant/xpath' 

2022-06-09 18:50:09 - [MESSAGE][PASSED] - All options with value '47' are selected in object 'Object Repository/1. Constant/xpath' 

2022-06-09 18:50:09 - [TEST_STEP][PASSED] - delay(1): Delayed 1 second(s)

2022-06-09 18:50:10 - [MESSAGE][PASSED] - Delayed 1 second(s)

2022-06-09 18:50:10 - [TEST_STEP][PASSED] - takeScreenshot(): Taking screenshot successfully

2022-06-09 18:50:10 - [MESSAGE][PASSED] - Taking screenshot successfully
[[ATTACHMENT|D:\\Projet Test Auto\\Mediabox Test Automation\\Reports\\20220609_181011\\03. Parallel Testing (Testing)\\TS -PT PART 3\\02. Sephora - Full Lifecycle FS Process and Control Tag(Chrome) - headless\\20220609_181026\\1654793410483.png]]

2022-06-09 18:50:10 - [TEST_STEP][PASSED] - click(findTestObject("1. Constant/xpath", ["xpath":"//*[@id="modal_addphase"]/div/div/div[3]/button[2]"])): Object: 'Object Repository/1. Constant/xpath' is clicked on

2022-06-09 18:50:16 - [MESSAGE][PASSED] - Object: 'Object Repository/1. Constant/xpath' is clicked on

2022-06-09 18:50:16 - [TEST_STEP][PASSED] - delay(1): Delayed 1 second(s)

2022-06-09 18:50:17 - [MESSAGE][PASSED] - Delayed 1 second(s)

2022-06-09 18:50:17 - [TEST_STEP][PASSED] - verifyElementVisible(findTestObject("1. Constant/xpath", ["xpath":"/html/body/div[1]/div[2]/div[8]/div[3]/div/div[3]/div[3]/div/ul/li[6]/a"])): Object 'Object Repository/1. Constant/xpath' is visible

2022-06-09 18:50:18 - [MESSAGE][PASSED] - Object 'Object Repository/1. Constant/xpath' is visible

2022-06-09 18:50:18 - [TEST_STEP][PASSED] - delay(1): Delayed 1 second(s)

2022-06-09 18:50:19 - [MESSAGE][PASSED] - Delayed 1 second(s)

2022-06-09 18:50:19 - [TEST_STEP][PASSED] - takeScreenshot(): Taking screenshot successfully

2022-06-09 18:50:19 - [MESSAGE][PASSED] - Taking screenshot successfully
[[ATTACHMENT|D:\\Projet Test Auto\\Mediabox Test Automation\\Reports\\20220609_181011\\03. Parallel Testing (Testing)\\TS -PT PART 3\\02. Sephora - Full Lifecycle FS Process and Control Tag(Chrome) - headless\\20220609_181026\\1654793419719.png]]

2022-06-09 18:50:20 - [TEST_STEP][PASSED] - I.Logout(): Delayed 3 second(s)

2022-06-09 18:50:23 - [MESSAGE][PASSED] - Delayed 3 second(s)

2022-06-09 18:50:23 - [MESSAGE][PASSED] - Object: 'Object Repository/1. Constant/xpath' is clicked on

2022-06-09 18:50:26 - [MESSAGE][PASSED] - Delayed 3 second(s)

2022-06-09 18:50:28 - [MESSAGE][PASSED] - Object: 'Object Repository/1. Constant/xpath' is clicked on

2022-06-09 18:50:31 - [MESSAGE][PASSED] - Delayed 3 second(s)

2022-06-09 18:50:31 - [TEST_STEP][PASSED] - I.Login_password("atran", password_atran): Object: 'Object Repository/1. Constant/xpath' is clicked on

2022-06-09 18:50:31 - [MESSAGE][PASSED] - Text 'atran' is set on object 'Object Repository/1. Constant/xpath'

2022-06-09 18:50:32 - [MESSAGE][PASSED] - Delayed 1 second(s)

2022-06-09 18:50:32 - [MESSAGE][PASSED] - Text 'dchi3' is set on object 'Object Repository/1. Constant/xpath'

2022-06-09 18:50:33 - [MESSAGE][PASSED] - Delayed 1 second(s)

2022-06-09 18:50:38 - [MESSAGE][PASSED] - Object: 'Object Repository/1. Constant/xpath' is clicked on

2022-06-09 18:50:38 - [TEST_STEP][PASSED] - click(findTestObject("1. Constant/02_LHSMenu_Projects")): Object: 'Object Repository/1. Constant/02_LHSMenu_Projects' is clicked on

2022-06-09 18:50:41 - [MESSAGE][PASSED] - Object: 'Object Repository/1. Constant/02_LHSMenu_Projects' is clicked on

2022-06-09 18:50:41 - [TEST_STEP][PASSED] - I.SearchProjectNo_xpath(Project_No, "//*[@id="keynum_project"]", "/html/body/div[1]/div[1]/div[2]/div/ul/li[2]/div/div/form/div[4]/button"): Delayed 5 second(s)

2022-06-09 18:50:42 - [MESSAGE][PASSED] - Delayed 1 second(s)

2022-06-09 18:50:42 - [MESSAGE][PASSED] - Text 'MI001942' is set on object 'Object Repository/1. Constant/xpath'

2022-06-09 18:50:45 - [MESSAGE][PASSED] - Delayed 3 second(s)

2022-06-09 18:50:45 - [MESSAGE][PASSED] - Scroll to object 'Object Repository/1. Constant/xpath' successfully

2022-06-09 18:50:47 - [MESSAGE][PASSED] - Object: 'Object Repository/1. Constant/xpath' is clicked on

2022-06-09 18:50:52 - [MESSAGE][PASSED] - Delayed 5 second(s)

2022-06-09 18:50:52 - [TEST_STEP][PASSED] - takeScreenshot(): Taking screenshot successfully

2022-06-09 18:50:52 - [MESSAGE][PASSED] - Taking screenshot successfully
[[ATTACHMENT|D:\\Projet Test Auto\\Mediabox Test Automation\\Reports\\20220609_181011\\03. Parallel Testing (Testing)\\TS -PT PART 3\\02. Sephora - Full Lifecycle FS Process and Control Tag(Chrome) - headless\\20220609_181026\\1654793452719.png]]

2022-06-09 18:50:52 - [TEST_STEP][PASSED] - delay(1): Delayed 1 second(s)

2022-06-09 18:50:53 - [MESSAGE][PASSED] - Delayed 1 second(s)

2022-06-09 18:50:53 - [TEST_STEP][PASSED] - takeScreenshot(): Taking screenshot successfully

2022-06-09 18:50:54 - [MESSAGE][PASSED] - Taking screenshot successfully
[[ATTACHMENT|D:\\Projet Test Auto\\Mediabox Test Automation\\Reports\\20220609_181011\\03. Parallel Testing (Testing)\\TS -PT PART 3\\02. Sephora - Full Lifecycle FS Process and Control Tag(Chrome) - headless\\20220609_181026\\1654793454305.png]]

2022-06-09 18:50:54 - [TEST_STEP][PASSED] - lf3 = getText(findTestObject("1. Constant/xpath", ["xpath":"//*[@id="source_" + refID + ""]/td[5]/span"])): Text of object 'Object Repository/1. Constant/xpath' is: 'FS Part'

2022-06-09 18:50:54 - [MESSAGE][PASSED] - Text of object 'Object Repository/1. Constant/xpath' is: 'FS Part'

2022-06-09 18:50:54 - [TEST_STEP][PASSED] - verifyMatch(lf3, "FS Part", false): Actual text 'FS Part' and expected text 'FS Part' are matched 

2022-06-09 18:50:54 - [MESSAGE][PASSED] - Actual text 'FS Part' and expected text 'FS Part' are matched 

2022-06-09 18:50:54 - [TEST_STEP][PASSED] - click(findTestObject("1. Constant/xpath", ["xpath":"//*[@id="source_" + refID + ""]/td[4]/a"])): Object: 'Object Repository/1. Constant/xpath' is clicked on

2022-06-09 18:51:02 - [MESSAGE][PASSED] - Object: 'Object Repository/1. Constant/xpath' is clicked on

2022-06-09 18:51:02 - [TEST_STEP][PASSED] - delay(2): Delayed 2 second(s)

2022-06-09 18:51:04 - [MESSAGE][PASSED] - Delayed 2 second(s)

2022-06-09 18:51:04 - [TEST_STEP][PASSED] - click(findTestObject("1. Constant/xpath", ["xpath":"//*[@id="kt_content"]/div[3]/div/ul/li[3]/a"])): Object: 'Object Repository/1. Constant/xpath' is clicked on

2022-06-09 18:51:06 - [MESSAGE][PASSED] - Object: 'Object Repository/1. Constant/xpath' is clicked on

2022-06-09 18:51:06 - [TEST_STEP][PASSED] - click(findTestObject("1. Constant/xpath", ["xpath":"/html/body/div[1]/div[2]/div[8]/div[3]/div/div[3]/div[3]/div/ul/li[6]/a"])): Object: 'Object Repository/1. Constant/xpath' is clicked on

2022-06-09 18:51:07 - [MESSAGE][PASSED] - Object: 'Object Repository/1. Constant/xpath' is clicked on

2022-06-09 18:51:07 - [TEST_STEP][PASSED] - delay(1): Delayed 1 second(s)

2022-06-09 18:51:08 - [MESSAGE][PASSED] - Delayed 1 second(s)

2022-06-09 18:51:08 - [TEST_STEP][PASSED] - takeScreenshot(): Taking screenshot successfully

2022-06-09 18:51:09 - [MESSAGE][PASSED] - Taking screenshot successfully
[[ATTACHMENT|D:\\Projet Test Auto\\Mediabox Test Automation\\Reports\\20220609_181011\\03. Parallel Testing (Testing)\\TS -PT PART 3\\02. Sephora - Full Lifecycle FS Process and Control Tag(Chrome) - headless\\20220609_181026\\1654793469061.png]]

2022-06-09 18:51:09 - [TEST_STEP][PASSED] - Actual_added4 = getText(findTestObject("1. Constant/xpath", ["xpath":"/html/body/div[1]/div[2]/div[8]/div[3]/div/div[3]/div[3]/div/div/div[6]/div/div/div/div[2]/h6"])): Text of object 'Object Repository/1. Constant/xpath' is: 'Added manually 09/06/2022 18:50 By Lorriane RAZAFINDRAMISA'

2022-06-09 18:51:09 - [MESSAGE][PASSED] - Text of object 'Object Repository/1. Constant/xpath' is: 'Added manually 09/06/2022 18:50 By Lorriane RAZAFINDRAMISA'

2022-06-09 18:51:09 - [TEST_STEP][PASSED] - test14 = Actual_added4.contains("Added manually"): null

2022-06-09 18:51:09 - [TEST_STEP][PASSED] - verifyMatch(test14, "true", false): Actual text 'true' and expected text 'true' are matched 

2022-06-09 18:51:09 - [MESSAGE][PASSED] - Actual text 'true' and expected text 'true' are matched 

2022-06-09 18:51:09 - [TEST_STEP][PASSED] - test24 = Actual_added4.contains("By Lorriane RAZAFINDRAMISA"): null

2022-06-09 18:51:09 - [TEST_STEP][PASSED] - verifyMatch(test24, "true", false): Actual text 'true' and expected text 'true' are matched 

2022-06-09 18:51:09 - [MESSAGE][PASSED] - Actual text 'true' and expected text 'true' are matched 

2022-06-09 18:51:09 - [TEST_STEP][PASSED] - click(findTestObject("1. Constant/xpath", ["xpath":"//*[@id="kt_subheader"]/div/nav/ol/li[2]/a"])): Object: 'Object Repository/1. Constant/xpath' is clicked on

2022-06-09 18:51:11 - [MESSAGE][PASSED] - Object: 'Object Repository/1. Constant/xpath' is clicked on

2022-06-09 18:51:11 - [TEST_STEP][PASSED] - delay(1): Delayed 1 second(s)

2022-06-09 18:51:12 - [MESSAGE][PASSED] - Delayed 1 second(s)

2022-06-09 18:51:12 - [TEST_STEP][PASSED] - takeScreenshot(): Taking screenshot successfully

2022-06-09 18:51:13 - [MESSAGE][PASSED] - Taking screenshot successfully
[[ATTACHMENT|D:\\Projet Test Auto\\Mediabox Test Automation\\Reports\\20220609_181011\\03. Parallel Testing (Testing)\\TS -PT PART 3\\02. Sephora - Full Lifecycle FS Process and Control Tag(Chrome) - headless\\20220609_181026\\1654793472971.png]]

2022-06-09 18:51:13 - [TEST_STEP][PASSED] - click(findTestObject("1. Constant/xpath", ["xpath":"//*[@id="source_" + refID + ""]/td[7]/a"])): Object: 'Object Repository/1. Constant/xpath' is clicked on

2022-06-09 18:51:16 - [MESSAGE][PASSED] - Object: 'Object Repository/1. Constant/xpath' is clicked on

2022-06-09 18:51:16 - [TEST_STEP][PASSED] - takeScreenshot(): Taking screenshot successfully

2022-06-09 18:51:17 - [MESSAGE][PASSED] - Taking screenshot successfully
[[ATTACHMENT|D:\\Projet Test Auto\\Mediabox Test Automation\\Reports\\20220609_181011\\03. Parallel Testing (Testing)\\TS -PT PART 3\\02. Sephora - Full Lifecycle FS Process and Control Tag(Chrome) - headless\\20220609_181026\\1654793477000.png]]

2022-06-09 18:51:17 - [TEST_STEP][PASSED] - click(findTestObject("1. Constant/xpath", ["xpath":"//*[@id="ModifFiche"]/div[1]/div/button[2]"])): Object: 'Object Repository/1. Constant/xpath' is clicked on

2022-06-09 18:51:21 - [MESSAGE][PASSED] - Object: 'Object Repository/1. Constant/xpath' is clicked on

2022-06-09 18:51:21 - [TEST_STEP][PASSED] - delay(1): Delayed 1 second(s)

2022-06-09 18:51:22 - [MESSAGE][PASSED] - Delayed 1 second(s)

2022-06-09 18:51:22 - [TEST_STEP][PASSED] - takeScreenshot(): Taking screenshot successfully

2022-06-09 18:51:23 - [MESSAGE][PASSED] - Taking screenshot successfully
[[ATTACHMENT|D:\\Projet Test Auto\\Mediabox Test Automation\\Reports\\20220609_181011\\03. Parallel Testing (Testing)\\TS -PT PART 3\\02. Sephora - Full Lifecycle FS Process and Control Tag(Chrome) - headless\\20220609_181026\\1654793482973.png]]

2022-06-09 18:51:23 - [TEST_STEP][PASSED] - lf4 = getText(findTestObject("1. Constant/xpath", ["xpath":"//*[@id="source_" + refID + ""]/td[5]/span"])): Text of object 'Object Repository/1. Constant/xpath' is: 'Complete'

2022-06-09 18:51:23 - [MESSAGE][PASSED] - Text of object 'Object Repository/1. Constant/xpath' is: 'Complete'

2022-06-09 18:51:23 - [TEST_STEP][PASSED] - verifyMatch(lf4, "Complete", false): Actual text 'Complete' and expected text 'Complete' are matched 

2022-06-09 18:51:23 - [MESSAGE][PASSED] - Actual text 'Complete' and expected text 'Complete' are matched 

2022-06-09 18:51:23 - [TEST_STEP][PASSED] - closeBrowser(): Browser is closed

2022-06-09 18:51:24 - [MESSAGE][PASSED] - Browser is closed

2022-06-09 18:51:24 - [TEST_STEP][PASSED] - Start listener action : sampleAfterTestCase: null]]></system-out>
         <system-err><![CDATA[]]></system-err>
      </testcase>
      <testcase name="Test Cases/15 Sephora _ Starpack Add Phase Manually (Completed_Not completed ref)/15.02 Sephora Flashback (Completed ref) Add step group - Existing ref 3.02 P2" time="113.154" classname="Test Cases/15 Sephora _ Starpack Add Phase Manually (Completed_Not completed ref)/15.02 Sephora Flashback (Completed ref) Add step group - Existing ref 3.02 P2" status="PASSED">
         <system-out><![CDATA[2022-06-09 18:51:24 - [TEST_CASE][PASSED] - Test Cases/15 Sephora _ Starpack Add Phase Manually (Completed_Not completed ref)/15.02 Sephora Flashback (Completed ref) Add step group - Existing ref 3.02 P2: Test Cases/15 Sephora _ Starpack Add Phase Manually (Completed_Not completed ref)/15.02 Sephora Flashback (Completed ref) Add step group - Existing ref 3.02 P2

2022-06-09 18:51:25 - [TEST_STEP][PASSED] - data_Sephora = findTestData("Data Files/Username_Password/Sephora"): null

2022-06-09 18:51:25 - [TEST_STEP][PASSED] - password_atran = data_Sephora.getValue(2, 1): null

2022-06-09 18:51:25 - [TEST_STEP][PASSED] - password_marketing = data_Sephora.getValue(2, 2): null

2022-06-09 18:51:25 - [TEST_STEP][PASSED] - password_regulatory = data_Sephora.getValue(2, 3): null

2022-06-09 18:51:25 - [TEST_STEP][PASSED] - password_studio = data_Sephora.getValue(2, 4): null

2022-06-09 18:51:25 - [TEST_STEP][PASSED] - password_iraz = data_Sephora.getValue(2, 5): null

2022-06-09 18:51:25 - [TEST_STEP][PASSED] - password_cmouzawak = data_Sephora.getValue(2, 6): null

2022-06-09 18:51:25 - [TEST_STEP][PASSED] - password_aalbeaux = data_Sephora.getValue(2, 7): null

2022-06-09 18:51:25 - [TEST_STEP][PASSED] - password_hgarnier = data_Sephora.getValue(2, 8): null

2022-06-09 18:51:25 - [TEST_STEP][PASSED] - password_emartineau = data_Sephora.getValue(2, 9): null

2022-06-09 18:51:25 - [TEST_STEP][PASSED] - password_suser = data_Sephora.getValue(2, 10): null

2022-06-09 18:51:25 - [TEST_STEP][PASSED] - password_lmorel = data_Sephora.getValue(2, 11): null

2022-06-09 18:51:25 - [TEST_STEP][PASSED] - data_urlRELAUTO = findTestData("Data Files/URL/URL_relauto"): null

2022-06-09 18:51:25 - [TEST_STEP][PASSED] - Url_Sephora = data_urlRELAUTO.getValue(2, 1): null

2022-06-09 18:51:25 - [TEST_STEP][PASSED] - Project_No = I.readnotepad("D:\Upoad_File\Projet_ Login\Sephora\3.02\3.02_Sephora_ProjectNo.txt"): null

2022-06-09 18:51:25 - [TEST_STEP][PASSED] - refID = I.readnotepad("D:\Upoad_File\Projet_ Login\Sephora\3.02\3.02_Sephora_refID.txt"): null

2022-06-09 18:51:25 - [TEST_STEP][PASSED] - openBrowser(Url_Sephora): Browser is opened with url: 'http://mdb-release.diadeis.lan/MediaboxIndependence/?MBI_datasource=RELTESTAUTO_SEPHORA'

2022-06-09 18:51:25 - [MESSAGE][INFO] - Starting 'Chrome (headless)' driver

2022-06-09 18:51:25 - [MESSAGE][INFO] - User set preference: ['args', '[--window-size=1920,1080, --headless]']

2022-06-09 18:51:25 - [MESSAGE][INFO] - Action delay is set to 0 milliseconds

2022-06-09 18:51:34 - [MESSAGE][PASSED] - Browser is opened with url: 'http://mdb-release.diadeis.lan/MediaboxIndependence/?MBI_datasource=RELTESTAUTO_SEPHORA'

2022-06-09 18:51:34 - [TEST_STEP][PASSED] - maximizeWindow(): Current window maximized

2022-06-09 18:51:35 - [MESSAGE][PASSED] - Current window maximized

2022-06-09 18:51:35 - [TEST_STEP][PASSED] - takeScreenshot(): Taking screenshot successfully

2022-06-09 18:51:35 - [MESSAGE][PASSED] - Taking screenshot successfully
[[ATTACHMENT|D:\\Projet Test Auto\\Mediabox Test Automation\\Reports\\20220609_181011\\03. Parallel Testing (Testing)\\TS -PT PART 3\\02. Sephora - Full Lifecycle FS Process and Control Tag(Chrome) - headless\\20220609_181026\\1654793495355.png]]

2022-06-09 18:51:35 - [TEST_STEP][PASSED] - I.Login_password("lraz", password_iraz): Object: 'Object Repository/1. Constant/xpath' is clicked on

2022-06-09 18:51:36 - [MESSAGE][PASSED] - Text 'lraz' is set on object 'Object Repository/1. Constant/xpath'

2022-06-09 18:51:37 - [MESSAGE][PASSED] - Delayed 1 second(s)

2022-06-09 18:51:38 - [MESSAGE][PASSED] - Text 'dchi3' is set on object 'Object Repository/1. Constant/xpath'

2022-06-09 18:51:39 - [MESSAGE][PASSED] - Delayed 1 second(s)

2022-06-09 18:51:49 - [MESSAGE][PASSED] - Object: 'Object Repository/1. Constant/xpath' is clicked on

2022-06-09 18:51:49 - [TEST_STEP][PASSED] - click(findTestObject("1. Constant/02_LHSMenu_Projects")): Object: 'Object Repository/1. Constant/02_LHSMenu_Projects' is clicked on

2022-06-09 18:51:54 - [MESSAGE][PASSED] - Object: 'Object Repository/1. Constant/02_LHSMenu_Projects' is clicked on

2022-06-09 18:51:54 - [TEST_STEP][PASSED] - I.SearchProjectNo_xpath(Project_No, "//*[@id="keynum_project"]", "/html/body/div[1]/div[1]/div[2]/div/ul/li[2]/div/div/form/div[4]/button"): Delayed 5 second(s)

2022-06-09 18:51:55 - [MESSAGE][PASSED] - Delayed 1 second(s)

2022-06-09 18:51:56 - [MESSAGE][PASSED] - Text 'MI001941' is set on object 'Object Repository/1. Constant/xpath'

2022-06-09 18:51:59 - [MESSAGE][PASSED] - Delayed 3 second(s)

2022-06-09 18:52:00 - [MESSAGE][PASSED] - Scroll to object 'Object Repository/1. Constant/xpath' successfully

2022-06-09 18:52:03 - [MESSAGE][PASSED] - Object: 'Object Repository/1. Constant/xpath' is clicked on

2022-06-09 18:52:08 - [MESSAGE][PASSED] - Delayed 5 second(s)

2022-06-09 18:52:08 - [TEST_STEP][PASSED] - delay(1): Delayed 1 second(s)

2022-06-09 18:52:09 - [MESSAGE][PASSED] - Delayed 1 second(s)

2022-06-09 18:52:09 - [TEST_STEP][PASSED] - takeScreenshot(): Taking screenshot successfully

2022-06-09 18:52:10 - [MESSAGE][PASSED] - Taking screenshot successfully
[[ATTACHMENT|D:\\Projet Test Auto\\Mediabox Test Automation\\Reports\\20220609_181011\\03. Parallel Testing (Testing)\\TS -PT PART 3\\02. Sephora - Full Lifecycle FS Process and Control Tag(Chrome) - headless\\20220609_181026\\1654793529829.png]]

2022-06-09 18:52:10 - [TEST_STEP][PASSED] - click(findTestObject("1. Constant/xpath", ["xpath":"//*[@id="source_" + refID + ""]/td[4]/a"])): Object: 'Object Repository/1. Constant/xpath' is clicked on

2022-06-09 18:52:15 - [MESSAGE][PASSED] - Object: 'Object Repository/1. Constant/xpath' is clicked on

2022-06-09 18:52:15 - [TEST_STEP][PASSED] - delay(2): Delayed 2 second(s)

2022-06-09 18:52:17 - [MESSAGE][PASSED] - Delayed 2 second(s)

2022-06-09 18:52:17 - [TEST_STEP][PASSED] - click(findTestObject("1. Constant/xpath", ["xpath":"//*[@id="kt_content"]/div[3]/div/ul/li[3]/a"])): Object: 'Object Repository/1. Constant/xpath' is clicked on

2022-06-09 18:52:20 - [MESSAGE][PASSED] - Object: 'Object Repository/1. Constant/xpath' is clicked on

2022-06-09 18:52:20 - [TEST_STEP][PASSED] - click(findTestObject("1. Constant/xpath", ["xpath":"/html/body/div[1]/div[2]/div[8]/div[3]/div/div[3]/div[3]/div/ul/li[4]/a"])): Object: 'Object Repository/1. Constant/xpath' is clicked on

2022-06-09 18:52:20 - [MESSAGE][PASSED] - Object: 'Object Repository/1. Constant/xpath' is clicked on

2022-06-09 18:52:20 - [TEST_STEP][PASSED] - delay(1): Delayed 1 second(s)

2022-06-09 18:52:21 - [MESSAGE][PASSED] - Delayed 1 second(s)

2022-06-09 18:52:21 - [TEST_STEP][PASSED] - click(findTestObject("1. Constant/xpath", ["xpath":"/html/body/div[1]/div[2]/div[8]/div[3]/div/div[3]/div[3]/div/div/div[4]/div/div/div/div[1]/div[2]/div/a[1]"])): Object: 'Object Repository/1. Constant/xpath' is clicked on

2022-06-09 18:52:22 - [MESSAGE][PASSED] - Object: 'Object Repository/1. Constant/xpath' is clicked on

2022-06-09 18:52:22 - [TEST_STEP][PASSED] - delay(1): Delayed 1 second(s)

2022-06-09 18:52:23 - [MESSAGE][PASSED] - Delayed 1 second(s)

2022-06-09 18:52:23 - [TEST_STEP][PASSED] - takeScreenshot(): Taking screenshot successfully

2022-06-09 18:52:24 - [MESSAGE][PASSED] - Taking screenshot successfully
[[ATTACHMENT|D:\\Projet Test Auto\\Mediabox Test Automation\\Reports\\20220609_181011\\03. Parallel Testing (Testing)\\TS -PT PART 3\\02. Sephora - Full Lifecycle FS Process and Control Tag(Chrome) - headless\\20220609_181026\\1654793544012.png]]

2022-06-09 18:52:24 - [TEST_STEP][PASSED] - selectOptionByValue(findTestObject("1. Constant/xpath", ["xpath":"//*[@id="added_grp_step"]"]), "11", false): All options with value '11' are selected in object 'Object Repository/1. Constant/xpath' 

2022-06-09 18:52:24 - [MESSAGE][PASSED] - All options with value '11' are selected in object 'Object Repository/1. Constant/xpath' 

2022-06-09 18:52:24 - [TEST_STEP][PASSED] - click(findTestObject("1. Constant/xpath", ["xpath":"//*[@id="modal_addphase"]/div/div/div[3]/button[2]"])): Object: 'Object Repository/1. Constant/xpath' is clicked on

2022-06-09 18:52:29 - [MESSAGE][PASSED] - Object: 'Object Repository/1. Constant/xpath' is clicked on

2022-06-09 18:52:29 - [TEST_STEP][PASSED] - delay(2): Delayed 2 second(s)

2022-06-09 18:52:31 - [MESSAGE][PASSED] - Delayed 2 second(s)

2022-06-09 18:52:31 - [TEST_STEP][PASSED] - verifyElementPresent(findTestObject("1. Constant/xpath", ["xpath":"/html/body/div[1]/div[2]/div[8]/div[3]/div/div[3]/div[3]/div/ul/li[5]/a"]), 5): Object 'Object Repository/1. Constant/xpath' is present

2022-06-09 18:52:31 - [MESSAGE][PASSED] - Object 'Object Repository/1. Constant/xpath' is present

2022-06-09 18:52:31 - [TEST_STEP][PASSED] - verifyElementPresent(findTestObject("1. Constant/xpath", ["xpath":"/html/body/div[1]/div[2]/div[8]/div[3]/div/div[3]/div[3]/div/ul/li[6]/a"]), 5): Object 'Object Repository/1. Constant/xpath' is present

2022-06-09 18:52:32 - [MESSAGE][PASSED] - Object 'Object Repository/1. Constant/xpath' is present

2022-06-09 18:52:32 - [TEST_STEP][PASSED] - I.Logout(): Delayed 3 second(s)

2022-06-09 18:52:35 - [MESSAGE][PASSED] - Delayed 3 second(s)

2022-06-09 18:52:35 - [MESSAGE][PASSED] - Object: 'Object Repository/1. Constant/xpath' is clicked on

2022-06-09 18:52:38 - [MESSAGE][PASSED] - Delayed 3 second(s)

2022-06-09 18:52:40 - [MESSAGE][PASSED] - Object: 'Object Repository/1. Constant/xpath' is clicked on

2022-06-09 18:52:43 - [MESSAGE][PASSED] - Delayed 3 second(s)

2022-06-09 18:52:43 - [TEST_STEP][PASSED] - I.Login_password("studio", password_studio): Object: 'Object Repository/1. Constant/xpath' is clicked on

2022-06-09 18:52:44 - [MESSAGE][PASSED] - Text 'studio' is set on object 'Object Repository/1. Constant/xpath'

2022-06-09 18:52:45 - [MESSAGE][PASSED] - Delayed 1 second(s)

2022-06-09 18:52:45 - [MESSAGE][PASSED] - Text 'dchi4' is set on object 'Object Repository/1. Constant/xpath'

2022-06-09 18:52:46 - [MESSAGE][PASSED] - Delayed 1 second(s)

2022-06-09 18:52:50 - [MESSAGE][PASSED] - Object: 'Object Repository/1. Constant/xpath' is clicked on

2022-06-09 18:52:50 - [TEST_STEP][PASSED] - click(findTestObject("1. Constant/02_LHSMenu_Projects")): Object: 'Object Repository/1. Constant/02_LHSMenu_Projects' is clicked on

2022-06-09 18:52:53 - [MESSAGE][PASSED] - Object: 'Object Repository/1. Constant/02_LHSMenu_Projects' is clicked on

2022-06-09 18:52:53 - [TEST_STEP][PASSED] - I.SearchProjectNo_xpath(Project_No, "//*[@id="keynum_project"]", "/html/body/div[1]/div[1]/div[2]/div/ul/li[2]/div/div/form/div[4]/button"): Delayed 5 second(s)

2022-06-09 18:52:54 - [MESSAGE][PASSED] - Delayed 1 second(s)

2022-06-09 18:52:54 - [MESSAGE][PASSED] - Text 'MI001941' is set on object 'Object Repository/1. Constant/xpath'

2022-06-09 18:52:57 - [MESSAGE][PASSED] - Delayed 3 second(s)

2022-06-09 18:52:57 - [MESSAGE][PASSED] - Scroll to object 'Object Repository/1. Constant/xpath' successfully

2022-06-09 18:53:00 - [MESSAGE][PASSED] - Object: 'Object Repository/1. Constant/xpath' is clicked on

2022-06-09 18:53:05 - [MESSAGE][PASSED] - Delayed 5 second(s)

2022-06-09 18:53:05 - [TEST_STEP][PASSED] - takeScreenshot(): Taking screenshot successfully

2022-06-09 18:53:05 - [MESSAGE][PASSED] - Taking screenshot successfully
[[ATTACHMENT|D:\\Projet Test Auto\\Mediabox Test Automation\\Reports\\20220609_181011\\03. Parallel Testing (Testing)\\TS -PT PART 3\\02. Sephora - Full Lifecycle FS Process and Control Tag(Chrome) - headless\\20220609_181026\\1654793585407.png]]

2022-06-09 18:53:05 - [TEST_STEP][PASSED] - delay(1): Delayed 1 second(s)

2022-06-09 18:53:06 - [MESSAGE][PASSED] - Delayed 1 second(s)

2022-06-09 18:53:06 - [TEST_STEP][PASSED] - takeScreenshot(): Taking screenshot successfully

2022-06-09 18:53:07 - [MESSAGE][PASSED] - Taking screenshot successfully
[[ATTACHMENT|D:\\Projet Test Auto\\Mediabox Test Automation\\Reports\\20220609_181011\\03. Parallel Testing (Testing)\\TS -PT PART 3\\02. Sephora - Full Lifecycle FS Process and Control Tag(Chrome) - headless\\20220609_181026\\1654793586973.png]]

2022-06-09 18:53:07 - [TEST_STEP][PASSED] - lf1 = getText(findTestObject("1. Constant/xpath", ["xpath":"//*[@id="source_" + refID + ""]/td[5]/span[1]"])): Text of object 'Object Repository/1. Constant/xpath' is: 'Studio ACK'

2022-06-09 18:53:07 - [MESSAGE][PASSED] - Text of object 'Object Repository/1. Constant/xpath' is: 'Studio ACK'

2022-06-09 18:53:07 - [TEST_STEP][PASSED] - verifyMatch(lf1, "Studio ACK", false): Actual text 'Studio ACK' and expected text 'Studio ACK' are matched 

2022-06-09 18:53:07 - [MESSAGE][PASSED] - Actual text 'Studio ACK' and expected text 'Studio ACK' are matched 

2022-06-09 18:53:07 - [TEST_STEP][PASSED] - I.submitquesiton_ref(findTestObject("1. Constant/xpath", ["xpath":"//*[@id="source_" + refID + ""]/td[8]/div/button"]), findTestObject("1. Constant/xpath", ["xpath":"//*[@id="source_" + refID + ""]/td[8]/div/div/a"])): Object: 'Object Repository/1. Constant/xpath' is clicked on

2022-06-09 18:53:07 - [MESSAGE][PASSED] - Object: 'Object Repository/1. Constant/xpath' is clicked on

2022-06-09 18:53:10 - [MESSAGE][PASSED] - Delayed 3 second(s)

2022-06-09 18:53:12 - [MESSAGE][PASSED] - Object: 'Object Repository/1. Constant/xpath' is clicked on

2022-06-09 18:53:12 - [TEST_STEP][PASSED] - click(findTestObject("1. Constant/xpath", ["xpath":"//*[@id="ModifFiche"]/div[1]/div/button[2]"])): Object: 'Object Repository/1. Constant/xpath' is clicked on

2022-06-09 18:53:16 - [MESSAGE][PASSED] - Object: 'Object Repository/1. Constant/xpath' is clicked on

2022-06-09 18:53:16 - [TEST_STEP][PASSED] - takeScreenshot(): Taking screenshot successfully

2022-06-09 18:53:16 - [MESSAGE][PASSED] - Taking screenshot successfully
[[ATTACHMENT|D:\\Projet Test Auto\\Mediabox Test Automation\\Reports\\20220609_181011\\03. Parallel Testing (Testing)\\TS -PT PART 3\\02. Sephora - Full Lifecycle FS Process and Control Tag(Chrome) - headless\\20220609_181026\\1654793596063.png]]

2022-06-09 18:53:16 - [TEST_STEP][PASSED] - lf2 = getText(findTestObject("1. Constant/xpath", ["xpath":"//*[@id="source_" + refID + ""]/td[5]/span[1]"])): Text of object 'Object Repository/1. Constant/xpath' is: 'DDC Prod'

2022-06-09 18:53:16 - [MESSAGE][PASSED] - Text of object 'Object Repository/1. Constant/xpath' is: 'DDC Prod'

2022-06-09 18:53:16 - [TEST_STEP][PASSED] - verifyMatch(lf2, "DDC Prod", false): Actual text 'DDC Prod' and expected text 'DDC Prod' are matched 

2022-06-09 18:53:16 - [MESSAGE][PASSED] - Actual text 'DDC Prod' and expected text 'DDC Prod' are matched 

2022-06-09 18:53:16 - [TEST_STEP][PASSED] - closeBrowser(): Browser is closed

2022-06-09 18:53:17 - [MESSAGE][PASSED] - Browser is closed

2022-06-09 18:53:17 - [TEST_STEP][PASSED] - Start listener action : sampleAfterTestCase: null]]></system-out>
         <system-err><![CDATA[]]></system-err>
      </testcase>
      <testcase name="Test Cases/18. Tag Sephora Npp Starpack Task (Standard_ Question_ Prod)/18.03 Sephora Change of RightsTicket 5399" time="274.852" classname="Test Cases/18. Tag Sephora Npp Starpack Task (Standard_ Question_ Prod)/18.03 Sephora Change of RightsTicket 5399" status="PASSED">
         <system-out><![CDATA[2022-06-09 18:53:17 - [TEST_CASE][PASSED] - Test Cases/18. Tag Sephora Npp Starpack Task (Standard_ Question_ Prod)/18.03 Sephora Change of RightsTicket 5399: Test Cases/18. Tag Sephora Npp Starpack Task (Standard_ Question_ Prod)/18.03 Sephora Change of RightsTicket 5399

2022-06-09 18:53:18 - [TEST_STEP][PASSED] - data_Sephora = findTestData("Data Files/Username_Password/Sephora"): null

2022-06-09 18:53:18 - [TEST_STEP][PASSED] - password_atran = data_Sephora.getValue(2, 1): null

2022-06-09 18:53:18 - [TEST_STEP][PASSED] - password_marketing = data_Sephora.getValue(2, 2): null

2022-06-09 18:53:18 - [TEST_STEP][PASSED] - password_regulatory = data_Sephora.getValue(2, 3): null

2022-06-09 18:53:18 - [TEST_STEP][PASSED] - password_studio = data_Sephora.getValue(2, 4): null

2022-06-09 18:53:18 - [TEST_STEP][PASSED] - password_iraz = data_Sephora.getValue(2, 5): null

2022-06-09 18:53:18 - [TEST_STEP][PASSED] - password_cmouzawak = data_Sephora.getValue(2, 6): null

2022-06-09 18:53:18 - [TEST_STEP][PASSED] - password_aalbeaux = data_Sephora.getValue(2, 7): null

2022-06-09 18:53:18 - [TEST_STEP][PASSED] - password_hgarnier = data_Sephora.getValue(2, 8): null

2022-06-09 18:53:18 - [TEST_STEP][PASSED] - password_emartineau = data_Sephora.getValue(2, 9): null

2022-06-09 18:53:18 - [TEST_STEP][PASSED] - password_suser = data_Sephora.getValue(2, 10): null

2022-06-09 18:53:18 - [TEST_STEP][PASSED] - password_lmorel = data_Sephora.getValue(2, 11): null

2022-06-09 18:53:18 - [TEST_STEP][PASSED] - password_ageindreau = data_Sephora.getValue(2, 12): null

2022-06-09 18:53:18 - [TEST_STEP][PASSED] - password_ytallant = data_Sephora.getValue(2, 13): null

2022-06-09 18:53:18 - [TEST_STEP][PASSED] - data_urlRELAUTO = findTestData("Data Files/URL/URL_relauto"): null

2022-06-09 18:53:18 - [TEST_STEP][PASSED] - Url_Sephora = data_urlRELAUTO.getValue(2, 1): null

2022-06-09 18:53:18 - [TEST_STEP][PASSED] - openBrowser(Url_Sephora): Browser is opened with url: 'http://mdb-release.diadeis.lan/MediaboxIndependence/?MBI_datasource=RELTESTAUTO_SEPHORA'

2022-06-09 18:53:18 - [MESSAGE][INFO] - Starting 'Chrome (headless)' driver

2022-06-09 18:53:18 - [MESSAGE][INFO] - User set preference: ['args', '[--window-size=1920,1080, --headless]']

2022-06-09 18:53:18 - [MESSAGE][INFO] - Action delay is set to 0 milliseconds

2022-06-09 18:53:27 - [MESSAGE][PASSED] - Browser is opened with url: 'http://mdb-release.diadeis.lan/MediaboxIndependence/?MBI_datasource=RELTESTAUTO_SEPHORA'

2022-06-09 18:53:27 - [TEST_STEP][PASSED] - maximizeWindow(): Current window maximized

2022-06-09 18:53:28 - [MESSAGE][PASSED] - Current window maximized

2022-06-09 18:53:28 - [TEST_STEP][PASSED] - takeScreenshot(): Taking screenshot successfully

2022-06-09 18:53:28 - [MESSAGE][PASSED] - Taking screenshot successfully
[[ATTACHMENT|D:\\Projet Test Auto\\Mediabox Test Automation\\Reports\\20220609_181011\\03. Parallel Testing (Testing)\\TS -PT PART 3\\02. Sephora - Full Lifecycle FS Process and Control Tag(Chrome) - headless\\20220609_181026\\1654793608220.png]]

2022-06-09 18:53:28 - [TEST_STEP][PASSED] - I.Login_password("atran", password_atran): Object: 'Object Repository/1. Constant/xpath' is clicked on

2022-06-09 18:53:29 - [MESSAGE][PASSED] - Text 'atran' is set on object 'Object Repository/1. Constant/xpath'

2022-06-09 18:53:30 - [MESSAGE][PASSED] - Delayed 1 second(s)

2022-06-09 18:53:30 - [MESSAGE][PASSED] - Text 'dchi3' is set on object 'Object Repository/1. Constant/xpath'

2022-06-09 18:53:31 - [MESSAGE][PASSED] - Delayed 1 second(s)

2022-06-09 18:53:42 - [MESSAGE][PASSED] - Object: 'Object Repository/1. Constant/xpath' is clicked on

2022-06-09 18:53:42 - [TEST_STEP][PASSED] - takeScreenshot(): Taking screenshot successfully

2022-06-09 18:53:42 - [MESSAGE][PASSED] - Taking screenshot successfully
[[ATTACHMENT|D:\\Projet Test Auto\\Mediabox Test Automation\\Reports\\20220609_181011\\03. Parallel Testing (Testing)\\TS -PT PART 3\\02. Sephora - Full Lifecycle FS Process and Control Tag(Chrome) - headless\\20220609_181026\\1654793622125.png]]

2022-06-09 18:53:42 - [TEST_STEP][PASSED] - click(findTestObject("1. Constant/02_LHSMenu_Projects")): Object: 'Object Repository/1. Constant/02_LHSMenu_Projects' is clicked on

2022-06-09 18:53:45 - [MESSAGE][PASSED] - Object: 'Object Repository/1. Constant/02_LHSMenu_Projects' is clicked on

2022-06-09 18:53:45 - [TEST_STEP][PASSED] - click(findTestObject("xxx Todelete/3 ProjectListPage_Create_Project_Button")): Object: 'Object Repository/xxx Todelete/3 ProjectListPage_Create_Project_Button' is clicked on

2022-06-09 18:53:46 - [MESSAGE][PASSED] - Object: 'Object Repository/xxx Todelete/3 ProjectListPage_Create_Project_Button' is clicked on

2022-06-09 18:53:46 - [TEST_STEP][PASSED] - takeScreenshot(): Taking screenshot successfully

2022-06-09 18:53:46 - [MESSAGE][PASSED] - Taking screenshot successfully
[[ATTACHMENT|D:\\Projet Test Auto\\Mediabox Test Automation\\Reports\\20220609_181011\\03. Parallel Testing (Testing)\\TS -PT PART 3\\02. Sephora - Full Lifecycle FS Process and Control Tag(Chrome) - headless\\20220609_181026\\1654793626643.png]]

2022-06-09 18:53:46 - [TEST_STEP][PASSED] - project_name = "AutoTest_Chrome_" + RandomStringUtils.randomAlphanumeric(10) + "_" + I.gettimedate(): null

2022-06-09 18:53:46 - [TEST_STEP][PASSED] - setText(findTestObject("HL Full Lifecycle/4 CreateProjPage_inputProjectname"), project_name): Text 'AutoTest_Chrome_Sk7tL4P8wG_juin092022_185346' is set on object 'Object Repository/HL Full Lifecycle/4 CreateProjPage_inputProjectname'

2022-06-09 18:53:47 - [MESSAGE][PASSED] - Text 'AutoTest_Chrome_Sk7tL4P8wG_juin092022_185346' is set on object 'Object Repository/HL Full Lifecycle/4 CreateProjPage_inputProjectname'

2022-06-09 18:53:47 - [TEST_STEP][PASSED] - takeScreenshot(): Taking screenshot successfully

2022-06-09 18:53:47 - [MESSAGE][PASSED] - Taking screenshot successfully
[[ATTACHMENT|D:\\Projet Test Auto\\Mediabox Test Automation\\Reports\\20220609_181011\\03. Parallel Testing (Testing)\\TS -PT PART 3\\02. Sephora - Full Lifecycle FS Process and Control Tag(Chrome) - headless\\20220609_181026\\1654793627421.png]]

2022-06-09 18:53:47 - [TEST_STEP][PASSED] - click(findTestObject("HL Full Lifecycle/4 CreateProjPage_Create Project_Bluebutton")): Object: 'Object Repository/HL Full Lifecycle/4 CreateProjPage_Create Project_Bluebutton' is clicked on

2022-06-09 18:53:51 - [MESSAGE][PASSED] - Object: 'Object Repository/HL Full Lifecycle/4 CreateProjPage_Create Project_Bluebutton' is clicked on

2022-06-09 18:53:51 - [TEST_STEP][PASSED] - takeScreenshot(): Taking screenshot successfully

2022-06-09 18:53:51 - [MESSAGE][PASSED] - Taking screenshot successfully
[[ATTACHMENT|D:\\Projet Test Auto\\Mediabox Test Automation\\Reports\\20220609_181011\\03. Parallel Testing (Testing)\\TS -PT PART 3\\02. Sephora - Full Lifecycle FS Process and Control Tag(Chrome) - headless\\20220609_181026\\1654793631546.png]]

2022-06-09 18:53:51 - [TEST_STEP][PASSED] - setText(findTestObject("HL Full Lifecycle/5 ModifyProjPage_input_code_project_field"), "12345"): Text '12345' is set on object 'Object Repository/HL Full Lifecycle/5 ModifyProjPage_input_code_project_field'

2022-06-09 18:53:52 - [MESSAGE][PASSED] - Text '12345' is set on object 'Object Repository/HL Full Lifecycle/5 ModifyProjPage_input_code_project_field'

2022-06-09 18:53:52 - [TEST_STEP][PASSED] - selectOptionByLabel(findTestObject("HL Full Lifecycle/5 ModifyProjPage_dropdown_category_field"), "Hair", true): All options with label 'Hair' are selected in object 'Object Repository/HL Full Lifecycle/5 ModifyProjPage_dropdown_category_field'  using regular expression

2022-06-09 18:53:52 - [MESSAGE][PASSED] - All options with label 'Hair' are selected in object 'Object Repository/HL Full Lifecycle/5 ModifyProjPage_dropdown_category_field'  using regular expression

2022-06-09 18:53:52 - [TEST_STEP][PASSED] - selectOptionByLabel(findTestObject("HL Full Lifecycle/5 ModifyProjPage_dropdown_segment_field"), "BATH BODY", true): All options with label 'BATH BODY' are selected in object 'Object Repository/HL Full Lifecycle/5 ModifyProjPage_dropdown_segment_field'  using regular expression

2022-06-09 18:53:53 - [MESSAGE][PASSED] - All options with label 'BATH BODY' are selected in object 'Object Repository/HL Full Lifecycle/5 ModifyProjPage_dropdown_segment_field'  using regular expression

2022-06-09 18:53:53 - [TEST_STEP][PASSED] - selectOptionByLabel(findTestObject("HL Full Lifecycle/5 ModifyProjPage_dropdown_type_field"), "One Shot", true): All options with label 'One Shot' are selected in object 'Object Repository/HL Full Lifecycle/5 ModifyProjPage_dropdown_type_field'  using regular expression

2022-06-09 18:53:53 - [MESSAGE][PASSED] - All options with label 'One Shot' are selected in object 'Object Repository/HL Full Lifecycle/5 ModifyProjPage_dropdown_type_field'  using regular expression

2022-06-09 18:53:53 - [TEST_STEP][PASSED] - selectOptionByValue(findTestObject("HL Full Lifecycle/5 ModifyProjPage_select_Scope_field"), "20", true): All options with value '20' are selected in object 'Object Repository/HL Full Lifecycle/5 ModifyProjPage_select_Scope_field'  using regular expression

2022-06-09 18:53:54 - [MESSAGE][PASSED] - All options with value '20' are selected in object 'Object Repository/HL Full Lifecycle/5 ModifyProjPage_select_Scope_field'  using regular expression

2022-06-09 18:53:54 - [TEST_STEP][PASSED] - click(findTestObject("HL Full Lifecycle/5 ModifyProjPage_button_Add_Scope_field")): Object: 'Object Repository/HL Full Lifecycle/5 ModifyProjPage_button_Add_Scope_field' is clicked on

2022-06-09 18:53:54 - [MESSAGE][PASSED] - Object: 'Object Repository/HL Full Lifecycle/5 ModifyProjPage_button_Add_Scope_field' is clicked on

2022-06-09 18:53:54 - [TEST_STEP][PASSED] - selectOptionByLabel(findTestObject("HL Full Lifecycle/5 ModifyProjPage_dropdown_MAD_field"), "Christmas", true): All options with label 'Christmas' are selected in object 'Object Repository/HL Full Lifecycle/5 ModifyProjPage_dropdown_MAD_field'  using regular expression

2022-06-09 18:53:55 - [MESSAGE][PASSED] - All options with label 'Christmas' are selected in object 'Object Repository/HL Full Lifecycle/5 ModifyProjPage_dropdown_MAD_field'  using regular expression

2022-06-09 18:53:55 - [TEST_STEP][PASSED] - click(findTestObject("HL Full Lifecycle/5 ModifyProjPage_date_select2-var_35-container_field")): Object: 'Object Repository/HL Full Lifecycle/5 ModifyProjPage_date_select2-var_35-container_field' is clicked on

2022-06-09 18:53:55 - [MESSAGE][PASSED] - Object: 'Object Repository/HL Full Lifecycle/5 ModifyProjPage_date_select2-var_35-container_field' is clicked on

2022-06-09 18:53:55 - [TEST_STEP][PASSED] - selectOptionByValue(findTestObject("HL Full Lifecycle/5 ModifyProjPage_dropdown_year_field"), "119", true): All options with value '119' are selected in object 'Object Repository/HL Full Lifecycle/5 ModifyProjPage_dropdown_year_field'  using regular expression

2022-06-09 18:53:56 - [MESSAGE][PASSED] - All options with value '119' are selected in object 'Object Repository/HL Full Lifecycle/5 ModifyProjPage_dropdown_year_field'  using regular expression

2022-06-09 18:53:56 - [TEST_STEP][PASSED] - click(findTestObject("HL Full Lifecycle/5 ModifyProjPage_date_select2-var_35-container_field")): Object: 'Object Repository/HL Full Lifecycle/5 ModifyProjPage_date_select2-var_35-container_field' is clicked on

2022-06-09 18:53:56 - [MESSAGE][PASSED] - Object: 'Object Repository/HL Full Lifecycle/5 ModifyProjPage_date_select2-var_35-container_field' is clicked on

2022-06-09 18:53:56 - [TEST_STEP][PASSED] - selectOptionByValue(findTestObject("HL Full Lifecycle/5 ModifyProjPage_select_DevPack_field"), "devpack", true): All options with value 'devpack' are selected in object 'Object Repository/HL Full Lifecycle/5 ModifyProjPage_select_DevPack_field'  using regular expression

2022-06-09 18:53:57 - [MESSAGE][PASSED] - All options with value 'devpack' are selected in object 'Object Repository/HL Full Lifecycle/5 ModifyProjPage_select_DevPack_field'  using regular expression

2022-06-09 18:53:57 - [TEST_STEP][PASSED] - click(findTestObject("HL Full Lifecycle/5 ModifyProjPage_button_Add_DevPack_field")): Object: 'Object Repository/HL Full Lifecycle/5 ModifyProjPage_button_Add_DevPack_field' is clicked on

2022-06-09 18:53:57 - [MESSAGE][PASSED] - Object: 'Object Repository/HL Full Lifecycle/5 ModifyProjPage_button_Add_DevPack_field' is clicked on

2022-06-09 18:53:57 - [TEST_STEP][PASSED] - selectOptionByValue(findTestObject("HL Full Lifecycle/5 ModifyProjPage_select_DevFS_field"), "atran", true): All options with value 'atran' are selected in object 'Object Repository/HL Full Lifecycle/5 ModifyProjPage_select_DevFS_field'  using regular expression

2022-06-09 18:53:59 - [MESSAGE][PASSED] - All options with value 'atran' are selected in object 'Object Repository/HL Full Lifecycle/5 ModifyProjPage_select_DevFS_field'  using regular expression

2022-06-09 18:53:59 - [TEST_STEP][PASSED] - click(findTestObject("HL Full Lifecycle/5 ModifyProjPage_Add_DevFS_button")): Object: 'Object Repository/HL Full Lifecycle/5 ModifyProjPage_Add_DevFS_button' is clicked on

2022-06-09 18:53:59 - [MESSAGE][PASSED] - Object: 'Object Repository/HL Full Lifecycle/5 ModifyProjPage_Add_DevFS_button' is clicked on

2022-06-09 18:53:59 - [TEST_STEP][PASSED] - selectOptionByValue(findTestObject("HL Full Lifecycle/5 ModifyProjPage_select_Marketing_field"), "marketing", true): All options with value 'marketing' are selected in object 'Object Repository/HL Full Lifecycle/5 ModifyProjPage_select_Marketing_field'  using regular expression

2022-06-09 18:54:00 - [MESSAGE][PASSED] - All options with value 'marketing' are selected in object 'Object Repository/HL Full Lifecycle/5 ModifyProjPage_select_Marketing_field'  using regular expression

2022-06-09 18:54:00 - [TEST_STEP][PASSED] - click(findTestObject("HL Full Lifecycle/5 ModifyProjPage_Add_Marketing_button")): Object: 'Object Repository/HL Full Lifecycle/5 ModifyProjPage_Add_Marketing_button' is clicked on

2022-06-09 18:54:00 - [MESSAGE][PASSED] - Object: 'Object Repository/HL Full Lifecycle/5 ModifyProjPage_Add_Marketing_button' is clicked on

2022-06-09 18:54:00 - [TEST_STEP][PASSED] - selectOptionByValue(findTestObject("HL Full Lifecycle/5 ModifyProjPage_select_Regulatory_field"), "regulatory", true): All options with value 'regulatory' are selected in object 'Object Repository/HL Full Lifecycle/5 ModifyProjPage_select_Regulatory_field'  using regular expression

2022-06-09 18:54:01 - [MESSAGE][PASSED] - All options with value 'regulatory' are selected in object 'Object Repository/HL Full Lifecycle/5 ModifyProjPage_select_Regulatory_field'  using regular expression

2022-06-09 18:54:01 - [TEST_STEP][PASSED] - click(findTestObject("HL Full Lifecycle/5 ModifyProjPage_Add_Regulatory_button")): Object: 'Object Repository/HL Full Lifecycle/5 ModifyProjPage_Add_Regulatory_button' is clicked on

2022-06-09 18:54:01 - [MESSAGE][PASSED] - Object: 'Object Repository/HL Full Lifecycle/5 ModifyProjPage_Add_Regulatory_button' is clicked on

2022-06-09 18:54:01 - [TEST_STEP][PASSED] - selectOptionByValue(findTestObject("HL Full Lifecycle/5 ModifyProjPage_select_Studio_field"), "studio", true): All options with value 'studio' are selected in object 'Object Repository/HL Full Lifecycle/5 ModifyProjPage_select_Studio_field'  using regular expression

2022-06-09 18:54:03 - [MESSAGE][PASSED] - All options with value 'studio' are selected in object 'Object Repository/HL Full Lifecycle/5 ModifyProjPage_select_Studio_field'  using regular expression

2022-06-09 18:54:03 - [TEST_STEP][PASSED] - click(findTestObject("HL Full Lifecycle/5 ModifyProjPage_Add_Studio_button")): Object: 'Object Repository/HL Full Lifecycle/5 ModifyProjPage_Add_Studio_button' is clicked on

2022-06-09 18:54:04 - [MESSAGE][PASSED] - Object: 'Object Repository/HL Full Lifecycle/5 ModifyProjPage_Add_Studio_button' is clicked on

2022-06-09 18:54:04 - [TEST_STEP][PASSED] - delay(8): Delayed 8 second(s)

2022-06-09 18:54:12 - [MESSAGE][PASSED] - Delayed 8 second(s)

2022-06-09 18:54:12 - [TEST_STEP][PASSED] - click(findTestObject("HL Full Lifecycle/5 ModifyProjPage_button_Update")): Object: 'Object Repository/HL Full Lifecycle/5 ModifyProjPage_button_Update' is clicked on

2022-06-09 18:54:15 - [MESSAGE][PASSED] - Object: 'Object Repository/HL Full Lifecycle/5 ModifyProjPage_button_Update' is clicked on

2022-06-09 18:54:15 - [TEST_STEP][PASSED] - delay(2): Delayed 2 second(s)

2022-06-09 18:54:17 - [MESSAGE][PASSED] - Delayed 2 second(s)

2022-06-09 18:54:17 - [TEST_STEP][PASSED] - Project_No = I.ProjectNo(): Current window's url is: 'http://mdb-release.diadeis.lan/MediaboxIndependence/Base/ExecAction?IDSession=MBI%21RELTESTAUTO_SEPHORA%21T9SW2B72C7MKLBW1FDKVXTRQK66VR0IT9JCMRWES&default_action=AfficheFichesProjet&id_project=MI001943'

2022-06-09 18:54:22 - [MESSAGE][PASSED] - Delayed 5 second(s)

2022-06-09 18:54:23 - [MESSAGE][PASSED] - Current window's url is: 'http://mdb-release.diadeis.lan/MediaboxIndependence/Base/ExecAction?IDSession=MBI%21RELTESTAUTO_SEPHORA%21T9SW2B72C7MKLBW1FDKVXTRQK66VR0IT9JCMRWES&default_action=AfficheFichesProjet&id_project=MI001943'

2022-06-09 18:54:23 - [TEST_STEP][PASSED] - click(findTestObject("HL Full Lifecycle/6 ReferenceListPage_createrefbutton")): Object: 'Object Repository/HL Full Lifecycle/6 ReferenceListPage_createrefbutton' is clicked on

2022-06-09 18:54:23 - [MESSAGE][PASSED] - Object: 'Object Repository/HL Full Lifecycle/6 ReferenceListPage_createrefbutton' is clicked on

2022-06-09 18:54:23 - [TEST_STEP][PASSED] - delay(2): Delayed 2 second(s)

2022-06-09 18:54:25 - [MESSAGE][PASSED] - Delayed 2 second(s)

2022-06-09 18:54:25 - [TEST_STEP][PASSED] - click(findTestObject("HL Full Lifecycle/6 ReferenceListPaga_Create a component_button")): Object: 'Object Repository/HL Full Lifecycle/6 ReferenceListPaga_Create a component_button' is clicked on

2022-06-09 18:54:28 - [MESSAGE][PASSED] - Object: 'Object Repository/HL Full Lifecycle/6 ReferenceListPaga_Create a component_button' is clicked on

2022-06-09 18:54:28 - [TEST_STEP][PASSED] - waitForPageLoad(25): Wait for page load successfully

2022-06-09 18:54:29 - [MESSAGE][PASSED] - Wait for page load successfully

2022-06-09 18:54:29 - [TEST_STEP][PASSED] - selectOptionByLabel(findTestObject("HL Full Lifecycle/6 ReferenceList_Choose Lifecycle"), "Ticket 5399 Lifecycle", false): All options with label 'Ticket 5399 Lifecycle' are selected in object 'Object Repository/HL Full Lifecycle/6 ReferenceList_Choose Lifecycle' 

2022-06-09 18:54:30 - [MESSAGE][PASSED] - All options with label 'Ticket 5399 Lifecycle' are selected in object 'Object Repository/HL Full Lifecycle/6 ReferenceList_Choose Lifecycle' 

2022-06-09 18:54:30 - [TEST_STEP][PASSED] - ref_name = RandomStringUtils.randomAlphanumeric(10) + "_" + I.gettimedate(): null

2022-06-09 18:54:30 - [TEST_STEP][PASSED] - setText(findTestObject("HL Full Lifecycle/6 Reference_input_Component name_field"), "Component_" + ref_name): Text 'Component_CetAe7BsFv_juin092022_185430' is set on object 'Object Repository/HL Full Lifecycle/6 Reference_input_Component name_field'

2022-06-09 18:54:32 - [MESSAGE][PASSED] - Text 'Component_CetAe7BsFv_juin092022_185430' is set on object 'Object Repository/HL Full Lifecycle/6 Reference_input_Component name_field'

2022-06-09 18:54:32 - [TEST_STEP][PASSED] - takeScreenshot(): Taking screenshot successfully

2022-06-09 18:54:33 - [MESSAGE][PASSED] - Taking screenshot successfully
[[ATTACHMENT|D:\\Projet Test Auto\\Mediabox Test Automation\\Reports\\20220609_181011\\03. Parallel Testing (Testing)\\TS -PT PART 3\\02. Sephora - Full Lifecycle FS Process and Control Tag(Chrome) - headless\\20220609_181026\\1654793672714.png]]

2022-06-09 18:54:33 - [TEST_STEP][PASSED] - selectOptionByValue(findTestObject("1. Constant/xpath", ["xpath":"//*[@id="var_18"]"]), "180", false): All options with value '180' are selected in object 'Object Repository/1. Constant/xpath' 

2022-06-09 18:54:35 - [MESSAGE][PASSED] - All options with value '180' are selected in object 'Object Repository/1. Constant/xpath' 

2022-06-09 18:54:35 - [TEST_STEP][PASSED] - click(findTestObject("HL Full Lifecycle/6 ReferencePg_Create a component_bluebutton")): Object: 'Object Repository/HL Full Lifecycle/6 ReferencePg_Create a component_bluebutton' is clicked on

2022-06-09 18:54:41 - [MESSAGE][PASSED] - Object: 'Object Repository/HL Full Lifecycle/6 ReferencePg_Create a component_bluebutton' is clicked on

2022-06-09 18:54:41 - [TEST_STEP][PASSED] - delay(5): Delayed 5 second(s)

2022-06-09 18:54:46 - [MESSAGE][PASSED] - Delayed 5 second(s)

2022-06-09 18:54:46 - [TEST_STEP][PASSED] - refID = I.RefID(): Current window's url is: 'http://mdb-release.diadeis.lan/MediaboxIndependence/Base/ExecAction?IDSession=MBI%21RELTESTAUTO_SEPHORA%21T9SW2B72C7MKLBW1FDKVXTRQK66VR0IT9JCMRWES&default_action=ModifierRef&id_project=MI001943&id_ref=4991&action_from=create_ref'

2022-06-09 18:54:51 - [MESSAGE][PASSED] - Delayed 5 second(s)

2022-06-09 18:54:52 - [MESSAGE][PASSED] - Current window's url is: 'http://mdb-release.diadeis.lan/MediaboxIndependence/Base/ExecAction?IDSession=MBI%21RELTESTAUTO_SEPHORA%21T9SW2B72C7MKLBW1FDKVXTRQK66VR0IT9JCMRWES&default_action=ModifierRef&id_project=MI001943&id_ref=4991&action_from=create_ref'

2022-06-09 18:54:52 - [TEST_STEP][PASSED] - click(findTestObject("HL Full Lifecycle/7 ModifyRefPage_button_Save")): Object: 'Object Repository/HL Full Lifecycle/7 ModifyRefPage_button_Save' is clicked on

2022-06-09 18:54:59 - [MESSAGE][PASSED] - Object: 'Object Repository/HL Full Lifecycle/7 ModifyRefPage_button_Save' is clicked on

2022-06-09 18:54:59 - [TEST_STEP][PASSED] - takeScreenshot(): Taking screenshot successfully

2022-06-09 18:55:00 - [MESSAGE][PASSED] - Taking screenshot successfully
[[ATTACHMENT|D:\\Projet Test Auto\\Mediabox Test Automation\\Reports\\20220609_181011\\03. Parallel Testing (Testing)\\TS -PT PART 3\\02. Sephora - Full Lifecycle FS Process and Control Tag(Chrome) - headless\\20220609_181026\\1654793699714.png]]

2022-06-09 18:55:00 - [TEST_STEP][PASSED] - delay(3): Delayed 3 second(s)

2022-06-09 18:55:03 - [MESSAGE][PASSED] - Delayed 3 second(s)

2022-06-09 18:55:03 - [TEST_STEP][PASSED] - click(findTestObject("1. Constant/xpath", ["xpath":"//*[@id="source_" + refID + ""]/td[7]/a"])): Object: 'Object Repository/1. Constant/xpath' is clicked on

2022-06-09 18:55:06 - [MESSAGE][PASSED] - Object: 'Object Repository/1. Constant/xpath' is clicked on

2022-06-09 18:55:06 - [TEST_STEP][PASSED] - click(findTestObject("1. Constant/xpath", ["xpath":"//*[@id="ModifFiche"]/div[1]/div/button[2]"])): Object: 'Object Repository/1. Constant/xpath' is clicked on

2022-06-09 18:55:20 - [MESSAGE][PASSED] - Object: 'Object Repository/1. Constant/xpath' is clicked on

2022-06-09 18:55:20 - [TEST_STEP][PASSED] - click(findTestObject("1. Constant/xpath", ["xpath":"//*[@id="source_" + refID + ""]/td[7]/div[1]/button"])): Object: 'Object Repository/1. Constant/xpath' is clicked on

2022-06-09 18:55:21 - [MESSAGE][PASSED] - Object: 'Object Repository/1. Constant/xpath' is clicked on

2022-06-09 18:55:21 - [TEST_STEP][PASSED] - delay(1): Delayed 1 second(s)

2022-06-09 18:55:22 - [MESSAGE][PASSED] - Delayed 1 second(s)

2022-06-09 18:55:22 - [TEST_STEP][PASSED] - click(findTestObject("1. Constant/xpath", ["xpath":"//*[@id="source_" + refID + ""]/td[7]/div[1]/div/a[2]"])): Object: 'Object Repository/1. Constant/xpath' is clicked on

2022-06-09 18:55:26 - [MESSAGE][PASSED] - Object: 'Object Repository/1. Constant/xpath' is clicked on

2022-06-09 18:55:26 - [TEST_STEP][PASSED] - selectOptionByValue(findTestObject("1. Constant/xpath", ["xpath":"//*[@id="var_18"]"]), "182", false): All options with value '182' are selected in object 'Object Repository/1. Constant/xpath' 

2022-06-09 18:55:31 - [MESSAGE][PASSED] - All options with value '182' are selected in object 'Object Repository/1. Constant/xpath' 

2022-06-09 18:55:31 - [TEST_STEP][PASSED] - click(findTestObject("1. Constant/xpath", ["xpath":"//*[@id="ModifFiche"]/div[1]/div/button[2]"])): Object: 'Object Repository/1. Constant/xpath' is clicked on

2022-06-09 18:55:44 - [MESSAGE][PASSED] - Object: 'Object Repository/1. Constant/xpath' is clicked on

2022-06-09 18:55:44 - [TEST_STEP][PASSED] - I.Logout(): Delayed 3 second(s)

2022-06-09 18:55:47 - [MESSAGE][PASSED] - Delayed 3 second(s)

2022-06-09 18:55:48 - [MESSAGE][PASSED] - Object: 'Object Repository/1. Constant/xpath' is clicked on

2022-06-09 18:55:51 - [MESSAGE][PASSED] - Delayed 3 second(s)

2022-06-09 18:55:55 - [MESSAGE][PASSED] - Object: 'Object Repository/1. Constant/xpath' is clicked on

2022-06-09 18:55:58 - [MESSAGE][PASSED] - Delayed 3 second(s)

2022-06-09 18:55:58 - [TEST_STEP][PASSED] - I.Login_password("ageindreau", password_ageindreau): Object: 'Object Repository/1. Constant/xpath' is clicked on

2022-06-09 18:55:58 - [MESSAGE][PASSED] - Text 'ageindreau' is set on object 'Object Repository/1. Constant/xpath'

2022-06-09 18:55:59 - [MESSAGE][PASSED] - Delayed 1 second(s)

2022-06-09 18:56:00 - [MESSAGE][PASSED] - Text 'dchi' is set on object 'Object Repository/1. Constant/xpath'

2022-06-09 18:56:01 - [MESSAGE][PASSED] - Delayed 1 second(s)

2022-06-09 18:56:05 - [MESSAGE][PASSED] - Object: 'Object Repository/1. Constant/xpath' is clicked on

2022-06-09 18:56:05 - [TEST_STEP][PASSED] - takeScreenshot(): Taking screenshot successfully

2022-06-09 18:56:06 - [MESSAGE][PASSED] - Taking screenshot successfully
[[ATTACHMENT|D:\\Projet Test Auto\\Mediabox Test Automation\\Reports\\20220609_181011\\03. Parallel Testing (Testing)\\TS -PT PART 3\\02. Sephora - Full Lifecycle FS Process and Control Tag(Chrome) - headless\\20220609_181026\\1654793765697.png]]

2022-06-09 18:56:06 - [TEST_STEP][PASSED] - t1 = getText(findTestObject("1. Constant/xpath", ["xpath":"//*[@id="kt_header"]/div/div[2]/div[1]/div[1]"])): Text of object 'Object Repository/1. Constant/xpath' is: '5'

2022-06-09 18:56:06 - [MESSAGE][PASSED] - Text of object 'Object Repository/1. Constant/xpath' is: '5'

2022-06-09 18:56:06 - [TEST_STEP][PASSED] - a = Integer.parseInt(t1): null

2022-06-09 18:56:06 - [TEST_STEP][PASSED] - click(findTestObject("1. Constant/xpath", ["xpath":"//*[@id="kt_header"]/div/div[2]/div[1]/div[1]"])): Object: 'Object Repository/1. Constant/xpath' is clicked on

2022-06-09 18:56:06 - [MESSAGE][PASSED] - Object: 'Object Repository/1. Constant/xpath' is clicked on

2022-06-09 18:56:06 - [TEST_STEP][PASSED] - delay(1): Delayed 1 second(s)

2022-06-09 18:56:07 - [MESSAGE][PASSED] - Delayed 1 second(s)

2022-06-09 18:56:07 - [TEST_STEP][PASSED] - u = 1: null

2022-06-09 18:56:07 - [TEST_STEP][PASSED] - result = getText(findTestObject("1. Constant/xpath", ["xpath":"//*[@id="kt_header"]/div/div[2]/div[1]/div[2]/form/div[2]"]), OPTIONAL): Text of object 'Object Repository/1. Constant/xpath' is: 'Standard Phase 1.4 for ProjectNo. project_num% /RefID. %ref_num%
10/03/2022
Standard Phase 1.3 for ProjectNo. MI001613 /RefID. 3692
14/04/2022
Standard Phase 1.4 for ProjectNo. MI001613 /RefID. 3693
15/04/2022
Standard Phase 1.1 for ProjectNo. MI001772 /RefID. 4040
12/05/2022'

2022-06-09 18:56:08 - [MESSAGE][PASSED] - Text of object 'Object Repository/1. Constant/xpath' is: 'Standard Phase 1.4 for ProjectNo. project_num% /RefID. %ref_num%
10/03/2022
Standard Phase 1.3 for ProjectNo. MI001613 /RefID. 3692
14/04/2022
Standard Phase 1.4 for ProjectNo. MI001613 /RefID. 3693
15/04/2022
Standard Phase 1.1 for ProjectNo. MI001772 /RefID. 4040
12/05/2022'

2022-06-09 18:56:08 - [TEST_STEP][PASSED] - if (result.contains(Project_No)): null

2022-06-09 18:56:08 - [TEST_STEP][PASSED] - else: Actual object '1' and expected object '1' are equal

2022-06-09 18:56:08 - [TEST_STEP][PASSED] - verifyEqual(1, 1): Actual object '1' and expected object '1' are equal

2022-06-09 18:56:08 - [MESSAGE][PASSED] - Actual object '1' and expected object '1' are equal

2022-06-09 18:56:08 - [TEST_STEP][PASSED] - I.Logout(): Delayed 3 second(s)

2022-06-09 18:56:11 - [MESSAGE][PASSED] - Delayed 3 second(s)

2022-06-09 18:56:11 - [MESSAGE][PASSED] - Object: 'Object Repository/1. Constant/xpath' is clicked on

2022-06-09 18:56:14 - [MESSAGE][PASSED] - Delayed 3 second(s)

2022-06-09 18:56:16 - [MESSAGE][PASSED] - Object: 'Object Repository/1. Constant/xpath' is clicked on

2022-06-09 18:56:19 - [MESSAGE][PASSED] - Delayed 3 second(s)

2022-06-09 18:56:19 - [TEST_STEP][PASSED] - I.Login_password("ytallant", password_ytallant): Object: 'Object Repository/1. Constant/xpath' is clicked on

2022-06-09 18:56:19 - [MESSAGE][PASSED] - Text 'ytallant' is set on object 'Object Repository/1. Constant/xpath'

2022-06-09 18:56:20 - [MESSAGE][PASSED] - Delayed 1 second(s)

2022-06-09 18:56:21 - [MESSAGE][PASSED] - Text 'dchi' is set on object 'Object Repository/1. Constant/xpath'

2022-06-09 18:56:22 - [MESSAGE][PASSED] - Delayed 1 second(s)

2022-06-09 18:56:25 - [MESSAGE][PASSED] - Object: 'Object Repository/1. Constant/xpath' is clicked on

2022-06-09 18:56:25 - [TEST_STEP][PASSED] - takeScreenshot(): Taking screenshot successfully

2022-06-09 18:56:26 - [MESSAGE][PASSED] - Taking screenshot successfully
[[ATTACHMENT|D:\\Projet Test Auto\\Mediabox Test Automation\\Reports\\20220609_181011\\03. Parallel Testing (Testing)\\TS -PT PART 3\\02. Sephora - Full Lifecycle FS Process and Control Tag(Chrome) - headless\\20220609_181026\\1654793785740.png]]

2022-06-09 18:56:26 - [TEST_STEP][PASSED] - t2 = getText(findTestObject("1. Constant/xpath", ["xpath":"//*[@id="kt_header"]/div/div[2]/div[1]/div[1]/span"])): Text of object 'Object Repository/1. Constant/xpath' is: '3'

2022-06-09 18:56:26 - [MESSAGE][PASSED] - Text of object 'Object Repository/1. Constant/xpath' is: '3'

2022-06-09 18:56:26 - [TEST_STEP][PASSED] - click(findTestObject("1. Constant/xpath", ["xpath":"//*[@id="kt_header"]/div/div[2]/div[1]/div[1]"])): Object: 'Object Repository/1. Constant/xpath' is clicked on

2022-06-09 18:56:26 - [MESSAGE][PASSED] - Object: 'Object Repository/1. Constant/xpath' is clicked on

2022-06-09 18:56:26 - [TEST_STEP][PASSED] - b = Integer.parseInt(t2): null

2022-06-09 18:56:26 - [TEST_STEP][PASSED] - delay(1): Delayed 1 second(s)

2022-06-09 18:56:27 - [MESSAGE][PASSED] - Delayed 1 second(s)

2022-06-09 18:56:27 - [TEST_STEP][PASSED] - c = 1: null

2022-06-09 18:56:27 - [TEST_STEP][PASSED] - while (c <= b): null

2022-06-09 18:56:27 - [TEST_STEP][PASSED] - result1 = getText(findTestObject("1. Constant/xpath", ["xpath":"//*[@id="kt_header"]/div/div[2]/div[1]/div[2]/form/div[2]/a[" + c + "]/div[2]/span[1]"])): Text of object 'Object Repository/1. Constant/xpath' is: 'BAG to send for  Colorful Magnetic Inclusions - SU21 - Etiquette peel Off colorful magnetic inclusions'

2022-06-09 18:56:28 - [MESSAGE][PASSED] - Text of object 'Object Repository/1. Constant/xpath' is: 'BAG to send for  Colorful Magnetic Inclusions - SU21 - Etiquette peel Off colorful magnetic inclusions'

2022-06-09 18:56:28 - [TEST_STEP][PASSED] - if (result1.contains("ProjectNo. " + Project_No + " /RefID. " + refID)): null

2022-06-09 18:56:28 - [TEST_STEP][PASSED] - else: null

2022-06-09 18:56:28 - [TEST_STEP][PASSED] - c = c + 1: null

2022-06-09 18:56:28 - [TEST_STEP][PASSED] - if (c > b): null

2022-06-09 18:56:28 - [TEST_STEP][PASSED] - result1 = getText(findTestObject("1. Constant/xpath", ["xpath":"//*[@id="kt_header"]/div/div[2]/div[1]/div[2]/form/div[2]/a[" + c + "]/div[2]/span[1]"])): Text of object 'Object Repository/1. Constant/xpath' is: 'Standard Phase 1.3 for ProjectNo. MI001613 /RefID. 4452'

2022-06-09 18:56:28 - [MESSAGE][PASSED] - Text of object 'Object Repository/1. Constant/xpath' is: 'Standard Phase 1.3 for ProjectNo. MI001613 /RefID. 4452'

2022-06-09 18:56:28 - [TEST_STEP][PASSED] - if (result1.contains("ProjectNo. " + Project_No + " /RefID. " + refID)): null

2022-06-09 18:56:28 - [TEST_STEP][PASSED] - else: null

2022-06-09 18:56:28 - [TEST_STEP][PASSED] - c = c + 1: null

2022-06-09 18:56:28 - [TEST_STEP][PASSED] - if (c > b): null

2022-06-09 18:56:28 - [TEST_STEP][PASSED] - result1 = getText(findTestObject("1. Constant/xpath", ["xpath":"//*[@id="kt_header"]/div/div[2]/div[1]/div[2]/form/div[2]/a[" + c + "]/div[2]/span[1]"])): Text of object 'Object Repository/1. Constant/xpath' is: 'Standard Phase 1.1 for ProjectNo. MI001943 /RefID. 4991'

2022-06-09 18:56:28 - [MESSAGE][PASSED] - Text of object 'Object Repository/1. Constant/xpath' is: 'Standard Phase 1.1 for ProjectNo. MI001943 /RefID. 4991'

2022-06-09 18:56:28 - [TEST_STEP][PASSED] - if (result1.contains("ProjectNo. " + Project_No + " /RefID. " + refID)): null

2022-06-09 18:56:28 - [TEST_STEP][PASSED] - click(findTestObject("1. Constant/xpath", ["xpath":"//*[@id="kt_header"]/div/div[2]/div[1]/div[2]/form/div[2]/a[" + c + "]"])): Object: 'Object Repository/1. Constant/xpath' is clicked on

2022-06-09 18:56:30 - [MESSAGE][PASSED] - Object: 'Object Repository/1. Constant/xpath' is clicked on

2022-06-09 18:56:30 - [TEST_STEP][PASSED] - break: null

2022-06-09 18:56:30 - [TEST_STEP][PASSED] - click(findTestObject("1. Constant/xpath", ["xpath":"//*[@id="source_" + refID + ""]/td[7]/a"])): Object: 'Object Repository/1. Constant/xpath' is clicked on

2022-06-09 18:56:31 - [MESSAGE][PASSED] - Object: 'Object Repository/1. Constant/xpath' is clicked on

2022-06-09 18:56:31 - [TEST_STEP][PASSED] - click(findTestObject("1. Constant/xpath", ["xpath":"//*[@id="ModifFiche"]/div[1]/div/button[2]"])): Object: 'Object Repository/1. Constant/xpath' is clicked on

2022-06-09 18:56:48 - [MESSAGE][PASSED] - Object: 'Object Repository/1. Constant/xpath' is clicked on

2022-06-09 18:56:48 - [TEST_STEP][PASSED] - r = 1: null

2022-06-09 18:56:48 - [TEST_STEP][PASSED] - while (r <= b): null

2022-06-09 18:56:48 - [TEST_STEP][PASSED] - result1 = getText(findTestObject("1. Constant/xpath", ["xpath":"//*[@id="kt_header"]/div/div[2]/div[1]/div[2]/form/div[2]/a[" + r + "]"])): Text of object 'Object Repository/1. Constant/xpath' is: ''

2022-06-09 18:56:48 - [MESSAGE][PASSED] - Text of object 'Object Repository/1. Constant/xpath' is: ''

2022-06-09 18:56:48 - [TEST_STEP][PASSED] - if (result1.contains("ProjectNo. " + Project_No + " /RefID. " + refID)): null

2022-06-09 18:56:48 - [TEST_STEP][PASSED] - else: null

2022-06-09 18:56:48 - [TEST_STEP][PASSED] - r = r + 1: null

2022-06-09 18:56:48 - [TEST_STEP][PASSED] - if (r == b): null

2022-06-09 18:56:48 - [TEST_STEP][PASSED] - result1 = getText(findTestObject("1. Constant/xpath", ["xpath":"//*[@id="kt_header"]/div/div[2]/div[1]/div[2]/form/div[2]/a[" + r + "]"])): Text of object 'Object Repository/1. Constant/xpath' is: ''

2022-06-09 18:56:49 - [MESSAGE][PASSED] - Text of object 'Object Repository/1. Constant/xpath' is: ''

2022-06-09 18:56:49 - [TEST_STEP][PASSED] - if (result1.contains("ProjectNo. " + Project_No + " /RefID. " + refID)): null

2022-06-09 18:56:49 - [TEST_STEP][PASSED] - else: null

2022-06-09 18:56:49 - [TEST_STEP][PASSED] - r = r + 1: null

2022-06-09 18:56:49 - [TEST_STEP][PASSED] - if (r == b): null

2022-06-09 18:56:49 - [TEST_STEP][PASSED] - verifyEqual(1, 1): Actual object '1' and expected object '1' are equal

2022-06-09 18:56:49 - [MESSAGE][PASSED] - Actual object '1' and expected object '1' are equal

2022-06-09 18:56:49 - [TEST_STEP][PASSED] - break: null

2022-06-09 18:56:49 - [TEST_STEP][PASSED] - I.Logout(): Delayed 3 second(s)

2022-06-09 18:56:52 - [MESSAGE][PASSED] - Delayed 3 second(s)

2022-06-09 18:56:53 - [MESSAGE][PASSED] - Object: 'Object Repository/1. Constant/xpath' is clicked on

2022-06-09 18:56:56 - [MESSAGE][PASSED] - Delayed 3 second(s)

2022-06-09 18:56:59 - [MESSAGE][PASSED] - Object: 'Object Repository/1. Constant/xpath' is clicked on

2022-06-09 18:57:02 - [MESSAGE][PASSED] - Delayed 3 second(s)

2022-06-09 18:57:02 - [TEST_STEP][PASSED] - I.Login_password("suser", password_suser): Object: 'Object Repository/1. Constant/xpath' is clicked on

2022-06-09 18:57:02 - [MESSAGE][PASSED] - Text 'suser' is set on object 'Object Repository/1. Constant/xpath'

2022-06-09 18:57:03 - [MESSAGE][PASSED] - Delayed 1 second(s)

2022-06-09 18:57:04 - [MESSAGE][PASSED] - Text 'dchi1' is set on object 'Object Repository/1. Constant/xpath'

2022-06-09 18:57:05 - [MESSAGE][PASSED] - Delayed 1 second(s)

2022-06-09 18:57:08 - [MESSAGE][PASSED] - Object: 'Object Repository/1. Constant/xpath' is clicked on

2022-06-09 18:57:08 - [TEST_STEP][PASSED] - takeScreenshot(): Taking screenshot successfully

2022-06-09 18:57:08 - [MESSAGE][PASSED] - Taking screenshot successfully
[[ATTACHMENT|D:\\Projet Test Auto\\Mediabox Test Automation\\Reports\\20220609_181011\\03. Parallel Testing (Testing)\\TS -PT PART 3\\02. Sephora - Full Lifecycle FS Process and Control Tag(Chrome) - headless\\20220609_181026\\1654793828334.png]]

2022-06-09 18:57:08 - [TEST_STEP][PASSED] - click(findTestObject("1. Constant/xpath", ["xpath":"//*[@id="menu_2"]/a"])): Object: 'Object Repository/1. Constant/xpath' is clicked on

2022-06-09 18:57:17 - [MESSAGE][PASSED] - Object: 'Object Repository/1. Constant/xpath' is clicked on

2022-06-09 18:57:17 - [TEST_STEP][PASSED] - I.SearchProjectNo_xpath(Project_No, "//*[@id="keynum_project"]", "//*[@id="form_filters"]/div[10]/button"): Delayed 5 second(s)

2022-06-09 18:57:18 - [MESSAGE][PASSED] - Delayed 1 second(s)

2022-06-09 18:57:19 - [MESSAGE][PASSED] - Text 'MI001943' is set on object 'Object Repository/1. Constant/xpath'

2022-06-09 18:57:22 - [MESSAGE][PASSED] - Delayed 3 second(s)

2022-06-09 18:57:23 - [MESSAGE][PASSED] - Scroll to object 'Object Repository/1. Constant/xpath' successfully

2022-06-09 18:57:26 - [MESSAGE][PASSED] - Object: 'Object Repository/1. Constant/xpath' is clicked on

2022-06-09 18:57:31 - [MESSAGE][PASSED] - Delayed 5 second(s)

2022-06-09 18:57:31 - [TEST_STEP][PASSED] - delay(1): Delayed 1 second(s)

2022-06-09 18:57:32 - [MESSAGE][PASSED] - Delayed 1 second(s)

2022-06-09 18:57:32 - [TEST_STEP][PASSED] - takeScreenshot(): Taking screenshot successfully

2022-06-09 18:57:33 - [MESSAGE][PASSED] - Taking screenshot successfully
[[ATTACHMENT|D:\\Projet Test Auto\\Mediabox Test Automation\\Reports\\20220609_181011\\03. Parallel Testing (Testing)\\TS -PT PART 3\\02. Sephora - Full Lifecycle FS Process and Control Tag(Chrome) - headless\\20220609_181026\\1654793852965.png]]

2022-06-09 18:57:33 - [TEST_STEP][PASSED] - click(findTestObject("1. Constant/xpath", ["xpath":"//*[@id="source_" + refID + ""]/td[14]/div/button"])): Object: 'Object Repository/1. Constant/xpath' is clicked on

2022-06-09 18:57:35 - [MESSAGE][PASSED] - Object: 'Object Repository/1. Constant/xpath' is clicked on

2022-06-09 18:57:35 - [TEST_STEP][PASSED] - delay(1): Delayed 1 second(s)

2022-06-09 18:57:36 - [MESSAGE][PASSED] - Delayed 1 second(s)

2022-06-09 18:57:36 - [TEST_STEP][PASSED] - click(findTestObject("1. Constant/xpath", ["xpath":"//*[@id="source_" + refID + ""]/td[14]/div/div/a[3]"])): Object: 'Object Repository/1. Constant/xpath' is clicked on

2022-06-09 18:57:36 - [MESSAGE][PASSED] - Object: 'Object Repository/1. Constant/xpath' is clicked on

2022-06-09 18:57:36 - [TEST_STEP][PASSED] - delay(1): Delayed 1 second(s)

2022-06-09 18:57:37 - [MESSAGE][PASSED] - Delayed 1 second(s)

2022-06-09 18:57:37 - [TEST_STEP][PASSED] - click(findTestObject("1. Constant/xpath", ["xpath":"//*[@id="kt_body"]/div[9]/div/div/div[2]/button[2]"])): Object: 'Object Repository/1. Constant/xpath' is clicked on

2022-06-09 18:57:40 - [MESSAGE][PASSED] - Object: 'Object Repository/1. Constant/xpath' is clicked on

2022-06-09 18:57:40 - [TEST_STEP][PASSED] - click(findTestObject("1. Constant/xpath", ["xpath":"//*[@id="card_project"]/div[2]/div/div[3]/a[4]"])): Object: 'Object Repository/1. Constant/xpath' is clicked on

2022-06-09 18:57:50 - [MESSAGE][PASSED] - Object: 'Object Repository/1. Constant/xpath' is clicked on

2022-06-09 18:57:50 - [TEST_STEP][PASSED] - closeBrowser(): Browser is closed

2022-06-09 18:57:52 - [MESSAGE][PASSED] - Browser is closed

2022-06-09 18:57:52 - [TEST_STEP][PASSED] - Start listener action : sampleAfterTestCase: null]]></system-out>
         <system-err><![CDATA[]]></system-err>
      </testcase>
      <system-out><![CDATA[2022-06-09 18:11:56 - [TEST_SUITE][PASSED] - 02. Sephora - Full Lifecycle FS Process and Control Tag(Chrome) - headless: Test Cases/18. Tag Sephora Npp Starpack Task (Standard_ Question_ Prod)/18.03 Sephora Change of RightsTicket 5399]]></system-out>
      <system-err><![CDATA[]]></system-err>
   </testsuite>
</testsuites>
