<?xml version="1.0" encoding="UTF-8"?>
<testsuites name="14.02 Dreyers Support Action (Ongoing _ Completed ref) - PART 2" time="2646.024" tests="6" failures="0" errors="0">
   <testsuite name="14.02 Dreyers Support Action (Ongoing _ Completed ref) - PART 2" tests="6" failures="0" errors="0" time="2646.024" skipped="0" timestamp="2022-06-23 21:11:03" hostname="lamhe - DPF-MBI-VERIF.ad.sgsco.int" id="Test Suites/03. Parallel Testing (Testing)/TS -PT PART 3/14.02 Dreyers Support Action (Ongoing _ Completed ref) - PART 2">
      <properties>
         <property name="deviceName" value=""/>
         <property name="devicePlatform" value=""/>
         <property name="logFolder" value="D:\\Projet Test Auto\\Mediabox Test Automation\\Reports\\20220623_184212\\03. Parallel Testing (Testing)\\TS -PT PART 3\\14.02 Dreyers Support Action (Ongoing _ Completed ref) - PART 2\\20220623_184228"/>
         <property name="logFiles" value="D:\\Projet Test Auto\\Mediabox Test Automation\\Reports\\20220623_184212\\03. Parallel Testing (Testing)\\TS -PT PART 3\\14.02 Dreyers Support Action (Ongoing _ Completed ref) - PART 2\\20220623_184228\\execution0.log"/>
         <property name="attachments" value="D:\\Projet Test Auto\\Mediabox Test Automation\\Reports\\20220623_184212\\03. Parallel Testing (Testing)\\TS -PT PART 3\\14.02 Dreyers Support Action (Ongoing _ Completed ref) - PART 2\\20220623_184228\\1656011539737.png, D:\\Projet Test Auto\\Mediabox Test Automation\\Reports\\20220623_184212\\03. Parallel Testing (Testing)\\TS -PT PART 3\\14.02 Dreyers Support Action (Ongoing _ Completed ref) - PART 2\\20220623_184228\\1656011551587.png, D:\\Projet Test Auto\\Mediabox Test Automation\\Reports\\20220623_184212\\03. Parallel Testing (Testing)\\TS -PT PART 3\\14.02 Dreyers Support Action (Ongoing _ Completed ref) - PART 2\\20220623_184228\\1656011557350.png, D:\\Projet Test Auto\\Mediabox Test Automation\\Reports\\20220623_184212\\03. Parallel Testing (Testing)\\TS -PT PART 3\\14.02 Dreyers Support Action (Ongoing _ Completed ref) - PART 2\\20220623_184228\\1656011570409.png, D:\\Projet Test Auto\\Mediabox Test Automation\\Reports\\20220623_184212\\03. Parallel Testing (Testing)\\TS -PT PART 3\\14.02 Dreyers Support Action (Ongoing _ Completed ref) - PART 2\\20220623_184228\\1656011598961.png, D:\\Projet Test Auto\\Mediabox Test Automation\\Reports\\20220623_184212\\03. Parallel Testing (Testing)\\TS -PT PART 3\\14.02 Dreyers Support Action (Ongoing _ Completed ref) - PART 2\\20220623_184228\\1656011608700.png, D:\\Projet Test Auto\\Mediabox Test Automation\\Reports\\20220623_184212\\03. Parallel Testing (Testing)\\TS -PT PART 3\\14.02 Dreyers Support Action (Ongoing _ Completed ref) - PART 2\\20220623_184228\\1656011636121.png, D:\\Projet Test Auto\\Mediabox Test Automation\\Reports\\20220623_184212\\03. Parallel Testing (Testing)\\TS -PT PART 3\\14.02 Dreyers Support Action (Ongoing _ Completed ref) - PART 2\\20220623_184228\\1656011661066.png, D:\\Projet Test Auto\\Mediabox Test Automation\\Reports\\20220623_184212\\03. Parallel Testing (Testing)\\TS -PT PART 3\\14.02 Dreyers Support Action (Ongoing _ Completed ref) - PART 2\\20220623_184228\\1656011667636.png, D:\\Projet Test Auto\\Mediabox Test Automation\\Reports\\20220623_184212\\03. Parallel Testing (Testing)\\TS -PT PART 3\\14.02 Dreyers Support Action (Ongoing _ Completed ref) - PART 2\\20220623_184228\\1656011705779.png, D:\\Projet Test Auto\\Mediabox Test Automation\\Reports\\20220623_184212\\03. Parallel Testing (Testing)\\TS -PT PART 3\\14.02 Dreyers Support Action (Ongoing _ Completed ref) - PART 2\\20220623_184228\\1656011722452.png, D:\\Projet Test Auto\\Mediabox Test Automation\\Reports\\20220623_184212\\03. Parallel Testing (Testing)\\TS -PT PART 3\\14.02 Dreyers Support Action (Ongoing _ Completed ref) - PART 2\\20220623_184228\\1656011737553.png, D:\\Projet Test Auto\\Mediabox Test Automation\\Reports\\20220623_184212\\03. Parallel Testing (Testing)\\TS -PT PART 3\\14.02 Dreyers Support Action (Ongoing _ Completed ref) - PART 2\\20220623_184228\\1656011740508.png, D:\\Projet Test Auto\\Mediabox Test Automation\\Reports\\20220623_184212\\03. Parallel Testing (Testing)\\TS -PT PART 3\\14.02 Dreyers Support Action (Ongoing _ Completed ref) - PART 2\\20220623_184228\\1656011744893.png, D:\\Projet Test Auto\\Mediabox Test Automation\\Reports\\20220623_184212\\03. Parallel Testing (Testing)\\TS -PT PART 3\\14.02 Dreyers Support Action (Ongoing _ Completed ref) - PART 2\\20220623_184228\\1656011749626.png, D:\\Projet Test Auto\\Mediabox Test Automation\\Reports\\20220623_184212\\03. Parallel Testing (Testing)\\TS -PT PART 3\\14.02 Dreyers Support Action (Ongoing _ Completed ref) - PART 2\\20220623_184228\\1656011754838.png, D:\\Projet Test Auto\\Mediabox Test Automation\\Reports\\20220623_184212\\03. Parallel Testing (Testing)\\TS -PT PART 3\\14.02 Dreyers Support Action (Ongoing _ Completed ref) - PART 2\\20220623_184228\\1656011798130.png, D:\\Projet Test Auto\\Mediabox Test Automation\\Reports\\20220623_184212\\03. Parallel Testing (Testing)\\TS -PT PART 3\\14.02 Dreyers Support Action (Ongoing _ Completed ref) - PART 2\\20220623_184228\\1656011820390.png, D:\\Projet Test Auto\\Mediabox Test Automation\\Reports\\20220623_184212\\03. Parallel Testing (Testing)\\TS -PT PART 3\\14.02 Dreyers Support Action (Ongoing _ Completed ref) - PART 2\\20220623_184228\\1656011847360.png, D:\\Projet Test Auto\\Mediabox Test Automation\\Reports\\20220623_184212\\03. Parallel Testing (Testing)\\TS -PT PART 3\\14.02 Dreyers Support Action (Ongoing _ Completed ref) - PART 2\\20220623_184228\\1656011867856.png, D:\\Projet Test Auto\\Mediabox Test Automation\\Reports\\20220623_184212\\03. Parallel Testing (Testing)\\TS -PT PART 3\\14.02 Dreyers Support Action (Ongoing _ Completed ref) - PART 2\\20220623_184228\\1656011887625.png, D:\\Projet Test Auto\\Mediabox Test Automation\\Reports\\20220623_184212\\03. Parallel Testing (Testing)\\TS -PT PART 3\\14.02 Dreyers Support Action (Ongoing _ Completed ref) - PART 2\\20220623_184228\\1656011902719.png, D:\\Projet Test Auto\\Mediabox Test Automation\\Reports\\20220623_184212\\03. Parallel Testing (Testing)\\TS -PT PART 3\\14.02 Dreyers Support Action (Ongoing _ Completed ref) - PART 2\\20220623_184228\\1656011927237.png, D:\\Projet Test Auto\\Mediabox Test Automation\\Reports\\20220623_184212\\03. Parallel Testing (Testing)\\TS -PT PART 3\\14.02 Dreyers Support Action (Ongoing _ Completed ref) - PART 2\\20220623_184228\\1656011971645.png, D:\\Projet Test Auto\\Mediabox Test Automation\\Reports\\20220623_184212\\03. Parallel Testing (Testing)\\TS -PT PART 3\\14.02 Dreyers Support Action (Ongoing _ Completed ref) - PART 2\\20220623_184228\\1656011993132.png, D:\\Projet Test Auto\\Mediabox Test Automation\\Reports\\20220623_184212\\03. Parallel Testing (Testing)\\TS -PT PART 3\\14.02 Dreyers Support Action (Ongoing _ Completed ref) - PART 2\\20220623_184228\\1656012099046.png, D:\\Projet Test Auto\\Mediabox Test Automation\\Reports\\20220623_184212\\03. Parallel Testing (Testing)\\TS -PT PART 3\\14.02 Dreyers Support Action (Ongoing _ Completed ref) - PART 2\\20220623_184228\\1656012109580.png, D:\\Projet Test Auto\\Mediabox Test Automation\\Reports\\20220623_184212\\03. Parallel Testing (Testing)\\TS -PT PART 3\\14.02 Dreyers Support Action (Ongoing _ Completed ref) - PART 2\\20220623_184228\\1656012136060.png, D:\\Projet Test Auto\\Mediabox Test Automation\\Reports\\20220623_184212\\03. Parallel Testing (Testing)\\TS -PT PART 3\\14.02 Dreyers Support Action (Ongoing _ Completed ref) - PART 2\\20220623_184228\\1656012155049.png, D:\\Projet Test Auto\\Mediabox Test Automation\\Reports\\20220623_184212\\03. Parallel Testing (Testing)\\TS -PT PART 3\\14.02 Dreyers Support Action (Ongoing _ Completed ref) - PART 2\\20220623_184228\\1656012182362.png, D:\\Projet Test Auto\\Mediabox Test Automation\\Reports\\20220623_184212\\03. Parallel Testing (Testing)\\TS -PT PART 3\\14.02 Dreyers Support Action (Ongoing _ Completed ref) - PART 2\\20220623_184228\\1656012206902.png, D:\\Projet Test Auto\\Mediabox Test Automation\\Reports\\20220623_184212\\03. Parallel Testing (Testing)\\TS -PT PART 3\\14.02 Dreyers Support Action (Ongoing _ Completed ref) - PART 2\\20220623_184228\\1656012225392.png, D:\\Projet Test Auto\\Mediabox Test Automation\\Reports\\20220623_184212\\03. Parallel Testing (Testing)\\TS -PT PART 3\\14.02 Dreyers Support Action (Ongoing _ Completed ref) - PART 2\\20220623_184228\\1656012241940.png, D:\\Projet Test Auto\\Mediabox Test Automation\\Reports\\20220623_184212\\03. Parallel Testing (Testing)\\TS -PT PART 3\\14.02 Dreyers Support Action (Ongoing _ Completed ref) - PART 2\\20220623_184228\\1656012252020.png, D:\\Projet Test Auto\\Mediabox Test Automation\\Reports\\20220623_184212\\03. Parallel Testing (Testing)\\TS -PT PART 3\\14.02 Dreyers Support Action (Ongoing _ Completed ref) - PART 2\\20220623_184228\\1656012277507.png, D:\\Projet Test Auto\\Mediabox Test Automation\\Reports\\20220623_184212\\03. Parallel Testing (Testing)\\TS -PT PART 3\\14.02 Dreyers Support Action (Ongoing _ Completed ref) - PART 2\\20220623_184228\\1656012300547.png, D:\\Projet Test Auto\\Mediabox Test Automation\\Reports\\20220623_184212\\03. Parallel Testing (Testing)\\TS -PT PART 3\\14.02 Dreyers Support Action (Ongoing _ Completed ref) - PART 2\\20220623_184228\\1656012326204.png, D:\\Projet Test Auto\\Mediabox Test Automation\\Reports\\20220623_184212\\03. Parallel Testing (Testing)\\TS -PT PART 3\\14.02 Dreyers Support Action (Ongoing _ Completed ref) - PART 2\\20220623_184228\\1656012348571.png, D:\\Projet Test Auto\\Mediabox Test Automation\\Reports\\20220623_184212\\03. Parallel Testing (Testing)\\TS -PT PART 3\\14.02 Dreyers Support Action (Ongoing _ Completed ref) - PART 2\\20220623_184228\\1656012366630.png, D:\\Projet Test Auto\\Mediabox Test Automation\\Reports\\20220623_184212\\03. Parallel Testing (Testing)\\TS -PT PART 3\\14.02 Dreyers Support Action (Ongoing _ Completed ref) - PART 2\\20220623_184228\\1656012383390.png, D:\\Projet Test Auto\\Mediabox Test Automation\\Reports\\20220623_184212\\03. Parallel Testing (Testing)\\TS -PT PART 3\\14.02 Dreyers Support Action (Ongoing _ Completed ref) - PART 2\\20220623_184228\\1656012411509.png, D:\\Projet Test Auto\\Mediabox Test Automation\\Reports\\20220623_184212\\03. Parallel Testing (Testing)\\TS -PT PART 3\\14.02 Dreyers Support Action (Ongoing _ Completed ref) - PART 2\\20220623_184228\\1656012457306.png, D:\\Projet Test Auto\\Mediabox Test Automation\\Reports\\20220623_184212\\03. Parallel Testing (Testing)\\TS -PT PART 3\\14.02 Dreyers Support Action (Ongoing _ Completed ref) - PART 2\\20220623_184228\\1656012478450.png, D:\\Projet Test Auto\\Mediabox Test Automation\\Reports\\20220623_184212\\03. Parallel Testing (Testing)\\TS -PT PART 3\\14.02 Dreyers Support Action (Ongoing _ Completed ref) - PART 2\\20220623_184228\\1656012535889.png, D:\\Projet Test Auto\\Mediabox Test Automation\\Reports\\20220623_184212\\03. Parallel Testing (Testing)\\TS -PT PART 3\\14.02 Dreyers Support Action (Ongoing _ Completed ref) - PART 2\\20220623_184228\\1656012621901.png, D:\\Projet Test Auto\\Mediabox Test Automation\\Reports\\20220623_184212\\03. Parallel Testing (Testing)\\TS -PT PART 3\\14.02 Dreyers Support Action (Ongoing _ Completed ref) - PART 2\\20220623_184228\\1656012644937.png, D:\\Projet Test Auto\\Mediabox Test Automation\\Reports\\20220623_184212\\03. Parallel Testing (Testing)\\TS -PT PART 3\\14.02 Dreyers Support Action (Ongoing _ Completed ref) - PART 2\\20220623_184228\\1656012647278.png, D:\\Projet Test Auto\\Mediabox Test Automation\\Reports\\20220623_184212\\03. Parallel Testing (Testing)\\TS -PT PART 3\\14.02 Dreyers Support Action (Ongoing _ Completed ref) - PART 2\\20220623_184228\\1656012658386.png, D:\\Projet Test Auto\\Mediabox Test Automation\\Reports\\20220623_184212\\03. Parallel Testing (Testing)\\TS -PT PART 3\\14.02 Dreyers Support Action (Ongoing _ Completed ref) - PART 2\\20220623_184228\\1656012663338.png, D:\\Projet Test Auto\\Mediabox Test Automation\\Reports\\20220623_184212\\03. Parallel Testing (Testing)\\TS -PT PART 3\\14.02 Dreyers Support Action (Ongoing _ Completed ref) - PART 2\\20220623_184228\\1656012666785.png, D:\\Projet Test Auto\\Mediabox Test Automation\\Reports\\20220623_184212\\03. Parallel Testing (Testing)\\TS -PT PART 3\\14.02 Dreyers Support Action (Ongoing _ Completed ref) - PART 2\\20220623_184228\\1656012727538.png, D:\\Projet Test Auto\\Mediabox Test Automation\\Reports\\20220623_184212\\03. Parallel Testing (Testing)\\TS -PT PART 3\\14.02 Dreyers Support Action (Ongoing _ Completed ref) - PART 2\\20220623_184228\\1656012742554.png, D:\\Projet Test Auto\\Mediabox Test Automation\\Reports\\20220623_184212\\03. Parallel Testing (Testing)\\TS -PT PART 3\\14.02 Dreyers Support Action (Ongoing _ Completed ref) - PART 2\\20220623_184228\\1656012817313.png, D:\\Projet Test Auto\\Mediabox Test Automation\\Reports\\20220623_184212\\03. Parallel Testing (Testing)\\TS -PT PART 3\\14.02 Dreyers Support Action (Ongoing _ Completed ref) - PART 2\\20220623_184228\\1656012829186.png, D:\\Projet Test Auto\\Mediabox Test Automation\\Reports\\20220623_184212\\03. Parallel Testing (Testing)\\TS -PT PART 3\\14.02 Dreyers Support Action (Ongoing _ Completed ref) - PART 2\\20220623_184228\\1656012904952.png, D:\\Projet Test Auto\\Mediabox Test Automation\\Reports\\20220623_184212\\03. Parallel Testing (Testing)\\TS -PT PART 3\\14.02 Dreyers Support Action (Ongoing _ Completed ref) - PART 2\\20220623_184228\\1656012917341.png, D:\\Projet Test Auto\\Mediabox Test Automation\\Reports\\20220623_184212\\03. Parallel Testing (Testing)\\TS -PT PART 3\\14.02 Dreyers Support Action (Ongoing _ Completed ref) - PART 2\\20220623_184228\\1656012923273.png, D:\\Projet Test Auto\\Mediabox Test Automation\\Reports\\20220623_184212\\03. Parallel Testing (Testing)\\TS -PT PART 3\\14.02 Dreyers Support Action (Ongoing _ Completed ref) - PART 2\\20220623_184228\\1656012934178.png, D:\\Projet Test Auto\\Mediabox Test Automation\\Reports\\20220623_184212\\03. Parallel Testing (Testing)\\TS -PT PART 3\\14.02 Dreyers Support Action (Ongoing _ Completed ref) - PART 2\\20220623_184228\\1656012957625.png, D:\\Projet Test Auto\\Mediabox Test Automation\\Reports\\20220623_184212\\03. Parallel Testing (Testing)\\TS -PT PART 3\\14.02 Dreyers Support Action (Ongoing _ Completed ref) - PART 2\\20220623_184228\\1656012966794.png, D:\\Projet Test Auto\\Mediabox Test Automation\\Reports\\20220623_184212\\03. Parallel Testing (Testing)\\TS -PT PART 3\\14.02 Dreyers Support Action (Ongoing _ Completed ref) - PART 2\\20220623_184228\\1656012973438.png, D:\\Projet Test Auto\\Mediabox Test Automation\\Reports\\20220623_184212\\03. Parallel Testing (Testing)\\TS -PT PART 3\\14.02 Dreyers Support Action (Ongoing _ Completed ref) - PART 2\\20220623_184228\\1656012983239.png, D:\\Projet Test Auto\\Mediabox Test Automation\\Reports\\20220623_184212\\03. Parallel Testing (Testing)\\TS -PT PART 3\\14.02 Dreyers Support Action (Ongoing _ Completed ref) - PART 2\\20220623_184228\\1656013031737.png, D:\\Projet Test Auto\\Mediabox Test Automation\\Reports\\20220623_184212\\03. Parallel Testing (Testing)\\TS -PT PART 3\\14.02 Dreyers Support Action (Ongoing _ Completed ref) - PART 2\\20220623_184228\\1656013052195.png, D:\\Projet Test Auto\\Mediabox Test Automation\\Reports\\20220623_184212\\03. Parallel Testing (Testing)\\TS -PT PART 3\\14.02 Dreyers Support Action (Ongoing _ Completed ref) - PART 2\\20220623_184228\\1656013102279.png, D:\\Projet Test Auto\\Mediabox Test Automation\\Reports\\20220623_184212\\03. Parallel Testing (Testing)\\TS -PT PART 3\\14.02 Dreyers Support Action (Ongoing _ Completed ref) - PART 2\\20220623_184228\\1656013123601.png, D:\\Projet Test Auto\\Mediabox Test Automation\\Reports\\20220623_184212\\03. Parallel Testing (Testing)\\TS -PT PART 3\\14.02 Dreyers Support Action (Ongoing _ Completed ref) - PART 2\\20220623_184228\\1656013140990.png, D:\\Projet Test Auto\\Mediabox Test Automation\\Reports\\20220623_184212\\03. Parallel Testing (Testing)\\TS -PT PART 3\\14.02 Dreyers Support Action (Ongoing _ Completed ref) - PART 2\\20220623_184228\\1656013241342.png, D:\\Projet Test Auto\\Mediabox Test Automation\\Reports\\20220623_184212\\03. Parallel Testing (Testing)\\TS -PT PART 3\\14.02 Dreyers Support Action (Ongoing _ Completed ref) - PART 2\\20220623_184228\\1656013252980.png, D:\\Projet Test Auto\\Mediabox Test Automation\\Reports\\20220623_184212\\03. Parallel Testing (Testing)\\TS -PT PART 3\\14.02 Dreyers Support Action (Ongoing _ Completed ref) - PART 2\\20220623_184228\\1656013260298.png, D:\\Projet Test Auto\\Mediabox Test Automation\\Reports\\20220623_184212\\03. Parallel Testing (Testing)\\TS -PT PART 3\\14.02 Dreyers Support Action (Ongoing _ Completed ref) - PART 2\\20220623_184228\\1656013286472.png, D:\\Projet Test Auto\\Mediabox Test Automation\\Reports\\20220623_184212\\03. Parallel Testing (Testing)\\TS -PT PART 3\\14.02 Dreyers Support Action (Ongoing _ Completed ref) - PART 2\\20220623_184228\\1656013289022.png, D:\\Projet Test Auto\\Mediabox Test Automation\\Reports\\20220623_184212\\03. Parallel Testing (Testing)\\TS -PT PART 3\\14.02 Dreyers Support Action (Ongoing _ Completed ref) - PART 2\\20220623_184228\\1656013292125.png, D:\\Projet Test Auto\\Mediabox Test Automation\\Reports\\20220623_184212\\03. Parallel Testing (Testing)\\TS -PT PART 3\\14.02 Dreyers Support Action (Ongoing _ Completed ref) - PART 2\\20220623_184228\\1656013300248.png, D:\\Projet Test Auto\\Mediabox Test Automation\\Reports\\20220623_184212\\03. Parallel Testing (Testing)\\TS -PT PART 3\\14.02 Dreyers Support Action (Ongoing _ Completed ref) - PART 2\\20220623_184228\\1656013303952.png, D:\\Projet Test Auto\\Mediabox Test Automation\\Reports\\20220623_184212\\03. Parallel Testing (Testing)\\TS -PT PART 3\\14.02 Dreyers Support Action (Ongoing _ Completed ref) - PART 2\\20220623_184228\\1656013376152.png, D:\\Projet Test Auto\\Mediabox Test Automation\\Reports\\20220623_184212\\03. Parallel Testing (Testing)\\TS -PT PART 3\\14.02 Dreyers Support Action (Ongoing _ Completed ref) - PART 2\\20220623_184228\\1656013452807.png, D:\\Projet Test Auto\\Mediabox Test Automation\\Reports\\20220623_184212\\03. Parallel Testing (Testing)\\TS -PT PART 3\\14.02 Dreyers Support Action (Ongoing _ Completed ref) - PART 2\\20220623_184228\\1656013466571.png, D:\\Projet Test Auto\\Mediabox Test Automation\\Reports\\20220623_184212\\03. Parallel Testing (Testing)\\TS -PT PART 3\\14.02 Dreyers Support Action (Ongoing _ Completed ref) - PART 2\\20220623_184228\\1656013535625.png, D:\\Projet Test Auto\\Mediabox Test Automation\\Reports\\20220623_184212\\03. Parallel Testing (Testing)\\TS -PT PART 3\\14.02 Dreyers Support Action (Ongoing _ Completed ref) - PART 2\\20220623_184228\\1656013545822.png, D:\\Projet Test Auto\\Mediabox Test Automation\\Reports\\20220623_184212\\03. Parallel Testing (Testing)\\TS -PT PART 3\\14.02 Dreyers Support Action (Ongoing _ Completed ref) - PART 2\\20220623_184228\\1656013551190.png, D:\\Projet Test Auto\\Mediabox Test Automation\\Reports\\20220623_184212\\03. Parallel Testing (Testing)\\TS -PT PART 3\\14.02 Dreyers Support Action (Ongoing _ Completed ref) - PART 2\\20220623_184228\\1656013576826.png, D:\\Projet Test Auto\\Mediabox Test Automation\\Reports\\20220623_184212\\03. Parallel Testing (Testing)\\TS -PT PART 3\\14.02 Dreyers Support Action (Ongoing _ Completed ref) - PART 2\\20220623_184228\\1656013615952.png, D:\\Projet Test Auto\\Mediabox Test Automation\\Reports\\20220623_184212\\03. Parallel Testing (Testing)\\TS -PT PART 3\\14.02 Dreyers Support Action (Ongoing _ Completed ref) - PART 2\\20220623_184228\\1656013640561.png, D:\\Projet Test Auto\\Mediabox Test Automation\\Reports\\20220623_184212\\03. Parallel Testing (Testing)\\TS -PT PART 3\\14.02 Dreyers Support Action (Ongoing _ Completed ref) - PART 2\\20220623_184228\\1656013645501.png, D:\\Projet Test Auto\\Mediabox Test Automation\\Reports\\20220623_184212\\03. Parallel Testing (Testing)\\TS -PT PART 3\\14.02 Dreyers Support Action (Ongoing _ Completed ref) - PART 2\\20220623_184228\\1656013680193.png, D:\\Projet Test Auto\\Mediabox Test Automation\\Reports\\20220623_184212\\03. Parallel Testing (Testing)\\TS -PT PART 3\\14.02 Dreyers Support Action (Ongoing _ Completed ref) - PART 2\\20220623_184228\\1656013687792.png, D:\\Projet Test Auto\\Mediabox Test Automation\\Reports\\20220623_184212\\03. Parallel Testing (Testing)\\TS -PT PART 3\\14.02 Dreyers Support Action (Ongoing _ Completed ref) - PART 2\\20220623_184228\\1656013754033.png, D:\\Projet Test Auto\\Mediabox Test Automation\\Reports\\20220623_184212\\03. Parallel Testing (Testing)\\TS -PT PART 3\\14.02 Dreyers Support Action (Ongoing _ Completed ref) - PART 2\\20220623_184228\\1656013837241.png, D:\\Projet Test Auto\\Mediabox Test Automation\\Reports\\20220623_184212\\03. Parallel Testing (Testing)\\TS -PT PART 3\\14.02 Dreyers Support Action (Ongoing _ Completed ref) - PART 2\\20220623_184228\\1656013845557.png, D:\\Projet Test Auto\\Mediabox Test Automation\\Reports\\20220623_184212\\03. Parallel Testing (Testing)\\TS -PT PART 3\\14.02 Dreyers Support Action (Ongoing _ Completed ref) - PART 2\\20220623_184228\\1656013850275.png, D:\\Projet Test Auto\\Mediabox Test Automation\\Reports\\20220623_184212\\03. Parallel Testing (Testing)\\TS -PT PART 3\\14.02 Dreyers Support Action (Ongoing _ Completed ref) - PART 2\\20220623_184228\\1656013874938.png, D:\\Projet Test Auto\\Mediabox Test Automation\\Reports\\20220623_184212\\03. Parallel Testing (Testing)\\TS -PT PART 3\\14.02 Dreyers Support Action (Ongoing _ Completed ref) - PART 2\\20220623_184228\\1656013913868.png, D:\\Projet Test Auto\\Mediabox Test Automation\\Reports\\20220623_184212\\03. Parallel Testing (Testing)\\TS -PT PART 3\\14.02 Dreyers Support Action (Ongoing _ Completed ref) - PART 2\\20220623_184228\\1656013938764.png, D:\\Projet Test Auto\\Mediabox Test Automation\\Reports\\20220623_184212\\03. Parallel Testing (Testing)\\TS -PT PART 3\\14.02 Dreyers Support Action (Ongoing _ Completed ref) - PART 2\\20220623_184228\\1656013943264.png, D:\\Projet Test Auto\\Mediabox Test Automation\\Reports\\20220623_184212\\03. Parallel Testing (Testing)\\TS -PT PART 3\\14.02 Dreyers Support Action (Ongoing _ Completed ref) - PART 2\\20220623_184228\\1656013970270.png, D:\\Projet Test Auto\\Mediabox Test Automation\\Reports\\20220623_184212\\03. Parallel Testing (Testing)\\TS -PT PART 3\\14.02 Dreyers Support Action (Ongoing _ Completed ref) - PART 2\\20220623_184228\\1656013974350.png, D:\\Projet Test Auto\\Mediabox Test Automation\\Reports\\20220623_184212\\03. Parallel Testing (Testing)\\TS -PT PART 3\\14.02 Dreyers Support Action (Ongoing _ Completed ref) - PART 2\\20220623_184228\\1656013984921.png, D:\\Projet Test Auto\\Mediabox Test Automation\\Reports\\20220623_184212\\03. Parallel Testing (Testing)\\TS -PT PART 3\\14.02 Dreyers Support Action (Ongoing _ Completed ref) - PART 2\\20220623_184228\\1656014074568.png"/>
         <property name="hostName" value="lamhe - DPF-MBI-VERIF.ad.sgsco.int"/>
         <property name="os" value="Windows 10 64bit"/>
         <property name="katalonVersion" value="8.3.0.208"/>
         <property name="browser" value="Chrome 102.0.5005.115"/>
         <property name="hostAddress" value="10.15.10.53"/>
         <property name="sessionId" value="9f8248e61d3efb162d5fb3efbad7e1b9"/>
         <property name="seleniumVersion" value="3.141.59"/>
         <property name="proxyInformation" value="ProxyInformation { proxyOption=NO_PROXY, proxyServerType=HTTP, username=, password=********, proxyServerAddress=, proxyServerPort=0, executionList=&quot;&quot;, isApplyToDesiredCapabilities=true }"/>
         <property name="platform" value="Windows 10"/>
      </properties>
      <testcase name="Test Cases/19. Dreyers Support Action (Ongoing ref_completed)/19.04 Dreyers SAS Add Step (Ongoing ref) S7 - P4 (will be used in P15)" time="1079.488" classname="Test Cases/19. Dreyers Support Action (Ongoing ref_completed)/19.04 Dreyers SAS Add Step (Ongoing ref) S7 - P4 (will be used in P15)" status="PASSED">
         <system-out><![CDATA[2022-06-23 21:11:04 - [TEST_CASE][PASSED] - Test Cases/19. Dreyers Support Action (Ongoing ref_completed)/19.04 Dreyers SAS Add Step (Ongoing ref) S7 - P4 (will be used in P15): Test Cases/19. Dreyers Support Action (Ongoing ref_completed)/19.04 Dreyers SAS Add Step (Ongoing ref) S7 - P4 (will be used in P15)

2022-06-23 21:11:05 - [TEST_STEP][PASSED] - data_Dreyers = findTestData("Data Files/Username_Password/Dreyer"): null

2022-06-23 21:11:06 - [TEST_STEP][PASSED] - password_suser = data_Dreyers.getValue(2, 1): null

2022-06-23 21:11:06 - [TEST_STEP][PASSED] - password_blemco = data_Dreyers.getValue(2, 2): null

2022-06-23 21:11:06 - [TEST_STEP][PASSED] - password_nturner = data_Dreyers.getValue(2, 6): null

2022-06-23 21:11:06 - [TEST_STEP][PASSED] - password_talexeeva = data_Dreyers.getValue(2, 7): null

2022-06-23 21:11:06 - [TEST_STEP][PASSED] - password_jryan = data_Dreyers.getValue(2, 12): null

2022-06-23 21:11:06 - [TEST_STEP][PASSED] - password_lmary = data_Dreyers.getValue(2, 13): null

2022-06-23 21:11:06 - [TEST_STEP][PASSED] - data_urlRELAUTO = findTestData("Data Files/URL/URL_relauto"): null

2022-06-23 21:11:06 - [TEST_STEP][PASSED] - Url_Dreyer = data_urlRELAUTO.getValue(2, 4): null

2022-06-23 21:11:06 - [TEST_STEP][PASSED] - Project_No = I.readnotepad("D:\Upoad_File\Projet_ Login\Dreyers\19.1\19.1_Dreyers_ProjectNo.txt"): null

2022-06-23 21:11:06 - [TEST_STEP][PASSED] - refID = I.readnotepad("D:\Upoad_File\Projet_ Login\Dreyers\19.1\19.1_Dreyers_refID.txt"): null

2022-06-23 21:11:06 - [TEST_STEP][PASSED] - I.clearnotepad("D:\Upoad_File\Projet_ Login\Dreyers\19.1\19.4_Dreyers_refID4.txt"): null

2022-06-23 21:11:06 - [TEST_STEP][PASSED] - openBrowser(Url_Dreyer): Browser is opened with url: 'http://mdb-release.diadeis.lan/MediaboxIndependence/?MBI_datasource=RELTESTAUTO_DREYERS'

2022-06-23 21:11:06 - [MESSAGE][INFO] - Starting 'Chrome (headless)' driver

2022-06-23 21:11:06 - [MESSAGE][INFO] - User set preference: ['args', '[--window-size=1920,1080, --headless]']

2022-06-23 21:11:07 - [MESSAGE][INFO] - Action delay is set to 0 milliseconds

2022-06-23 21:11:39 - [MESSAGE][PASSED] - Browser is opened with url: 'http://mdb-release.diadeis.lan/MediaboxIndependence/?MBI_datasource=RELTESTAUTO_DREYERS'

2022-06-23 21:11:39 - [TEST_STEP][PASSED] - maximizeWindow(): Current window maximized

2022-06-23 21:11:40 - [MESSAGE][PASSED] - Current window maximized

2022-06-23 21:11:40 - [TEST_STEP][PASSED] - I.Login_password("suser", password_suser): Object: 'Object Repository/1. Constant/xpath' is clicked on

2022-06-23 21:11:42 - [MESSAGE][PASSED] - Text 'suser' is set on object 'Object Repository/1. Constant/xpath'

2022-06-23 21:11:43 - [MESSAGE][PASSED] - Delayed 1 second(s)

2022-06-23 21:11:44 - [MESSAGE][PASSED] - Text 'diadeis' is set on object 'Object Repository/1. Constant/xpath'

2022-06-23 21:11:45 - [MESSAGE][PASSED] - Delayed 1 second(s)

2022-06-23 21:11:56 - [MESSAGE][PASSED] - Object: 'Object Repository/1. Constant/xpath' is clicked on

2022-06-23 21:11:56 - [TEST_STEP][PASSED] - click(findTestObject("1. Constant/02_LHSMenu_Projects")): Object: 'Object Repository/1. Constant/02_LHSMenu_Projects' is clicked on

2022-06-23 21:12:00 - [MESSAGE][PASSED] - Object: 'Object Repository/1. Constant/02_LHSMenu_Projects' is clicked on

2022-06-23 21:12:00 - [TEST_STEP][PASSED] - I.SearchProjectNo_xpath(Project_No, "//*[@id="keynum_project"]", "//*[@id="form_filters"]/div[4]/button"): Delayed 5 second(s)

2022-06-23 21:12:01 - [MESSAGE][PASSED] - Delayed 1 second(s)

2022-06-23 21:12:03 - [MESSAGE][PASSED] - Text 'MI000883' is set on object 'Object Repository/1. Constant/xpath'

2022-06-23 21:12:06 - [MESSAGE][PASSED] - Delayed 3 second(s)

2022-06-23 21:12:07 - [MESSAGE][PASSED] - Scroll to object 'Object Repository/1. Constant/xpath' successfully

2022-06-23 21:12:14 - [MESSAGE][PASSED] - Object: 'Object Repository/1. Constant/xpath' is clicked on

2022-06-23 21:12:19 - [MESSAGE][PASSED] - Delayed 5 second(s)

2022-06-23 21:12:19 - [TEST_STEP][PASSED] - takeScreenshot(): Taking screenshot successfully

2022-06-23 21:12:20 - [MESSAGE][PASSED] - Taking screenshot successfully
[[ATTACHMENT|D:\\Projet Test Auto\\Mediabox Test Automation\\Reports\\20220623_184212\\03. Parallel Testing (Testing)\\TS -PT PART 3\\14.02 Dreyers Support Action (Ongoing _ Completed ref) - PART 2\\20220623_184228\\1656011539737.png]]

2022-06-23 21:12:20 - [TEST_STEP][PASSED] - click(findTestObject("1. Constant/xpath", ["xpath":"//*[@id="create_ref_btn"]/button"])): Object: 'Object Repository/1. Constant/xpath' is clicked on

2022-06-23 21:12:21 - [MESSAGE][PASSED] - Object: 'Object Repository/1. Constant/xpath' is clicked on

2022-06-23 21:12:21 - [TEST_STEP][PASSED] - click(findTestObject("1. Constant/xpath", ["xpath":"//*[@id="create_ref_btn"]/div/a"])): Object: 'Object Repository/1. Constant/xpath' is clicked on

2022-06-23 21:12:24 - [MESSAGE][PASSED] - Object: 'Object Repository/1. Constant/xpath' is clicked on

2022-06-23 21:12:24 - [TEST_STEP][PASSED] - delay(1): Delayed 1 second(s)

2022-06-23 21:12:25 - [MESSAGE][PASSED] - Delayed 1 second(s)

2022-06-23 21:12:25 - [TEST_STEP][PASSED] - selectOptionByValue(findTestObject("1. Constant/xpath", ["xpath":"//*[@id="lfc_tpl"]"]), "36", false): All options with value '36' are selected in object 'Object Repository/1. Constant/xpath' 

2022-06-23 21:12:28 - [MESSAGE][PASSED] - All options with value '36' are selected in object 'Object Repository/1. Constant/xpath' 

2022-06-23 21:12:28 - [TEST_STEP][PASSED] - ref_name = "P4_Auto_SAS_S7_" + RandomStringUtils.randomAlphanumeric(5) + I.gettimedate(): null

2022-06-23 21:12:28 - [TEST_STEP][PASSED] - delay(1): Delayed 1 second(s)

2022-06-23 21:12:29 - [MESSAGE][PASSED] - Delayed 1 second(s)

2022-06-23 21:12:29 - [TEST_STEP][PASSED] - setText(findTestObject("1. Constant/xpath", ["xpath":"//*[@id="var_name"]"]), ref_name): Text 'P4_Auto_SAS_S7_XN5mzjuin232022_211228' is set on object 'Object Repository/1. Constant/xpath'

2022-06-23 21:12:31 - [MESSAGE][PASSED] - Text 'P4_Auto_SAS_S7_XN5mzjuin232022_211228' is set on object 'Object Repository/1. Constant/xpath'

2022-06-23 21:12:31 - [TEST_STEP][PASSED] - takeScreenshot(): Taking screenshot successfully

2022-06-23 21:12:32 - [MESSAGE][PASSED] - Taking screenshot successfully
[[ATTACHMENT|D:\\Projet Test Auto\\Mediabox Test Automation\\Reports\\20220623_184212\\03. Parallel Testing (Testing)\\TS -PT PART 3\\14.02 Dreyers Support Action (Ongoing _ Completed ref) - PART 2\\20220623_184228\\1656011551587.png]]

2022-06-23 21:12:32 - [TEST_STEP][PASSED] - click(findTestObject("1. Constant/xpath", ["xpath":"//*[@id="createRefBottom"]"])): Object: 'Object Repository/1. Constant/xpath' is clicked on

2022-06-23 21:12:35 - [MESSAGE][PASSED] - Object: 'Object Repository/1. Constant/xpath' is clicked on

2022-06-23 21:12:35 - [TEST_STEP][PASSED] - delay(1): Delayed 1 second(s)

2022-06-23 21:12:36 - [MESSAGE][PASSED] - Delayed 1 second(s)

2022-06-23 21:12:36 - [TEST_STEP][PASSED] - takeScreenshot(): Taking screenshot successfully

2022-06-23 21:12:38 - [MESSAGE][PASSED] - Taking screenshot successfully
[[ATTACHMENT|D:\\Projet Test Auto\\Mediabox Test Automation\\Reports\\20220623_184212\\03. Parallel Testing (Testing)\\TS -PT PART 3\\14.02 Dreyers Support Action (Ongoing _ Completed ref) - PART 2\\20220623_184228\\1656011557350.png]]

2022-06-23 21:12:38 - [TEST_STEP][PASSED] - refID4 = I.RefID(): Current window's url is: 'http://mdb-release.diadeis.lan/MediaboxIndependence/Base/ExecAction?IDSession=MBI%21RELTESTAUTO_DREYERS%215U50VX21VHQSP69J9VMPNY79I65WFKFIPUBD1UG0&default_action=ModifierRef&id_project=MI000883&id_ref=5317&action_from=create_ref'

2022-06-23 21:12:43 - [MESSAGE][PASSED] - Delayed 5 second(s)

2022-06-23 21:12:43 - [MESSAGE][PASSED] - Current window's url is: 'http://mdb-release.diadeis.lan/MediaboxIndependence/Base/ExecAction?IDSession=MBI%21RELTESTAUTO_DREYERS%215U50VX21VHQSP69J9VMPNY79I65WFKFIPUBD1UG0&default_action=ModifierRef&id_project=MI000883&id_ref=5317&action_from=create_ref'

2022-06-23 21:12:43 - [TEST_STEP][PASSED] - click(findTestObject("1. Constant/xpath", ["xpath":"//*[@id="type_save"]"])): Object: 'Object Repository/1. Constant/xpath' is clicked on

2022-06-23 21:12:50 - [MESSAGE][PASSED] - Object: 'Object Repository/1. Constant/xpath' is clicked on

2022-06-23 21:12:50 - [TEST_STEP][PASSED] - takeScreenshot(): Taking screenshot successfully

2022-06-23 21:12:51 - [MESSAGE][PASSED] - Taking screenshot successfully
[[ATTACHMENT|D:\\Projet Test Auto\\Mediabox Test Automation\\Reports\\20220623_184212\\03. Parallel Testing (Testing)\\TS -PT PART 3\\14.02 Dreyers Support Action (Ongoing _ Completed ref) - PART 2\\20220623_184228\\1656011570409.png]]

2022-06-23 21:12:51 - [TEST_STEP][PASSED] - delay(1): Delayed 1 second(s)

2022-06-23 21:12:52 - [MESSAGE][PASSED] - Delayed 1 second(s)

2022-06-23 21:12:52 - [TEST_STEP][PASSED] - I.SearchRefNo_xpath("P4_Auto", "//*[@id="fiche_filter_keywords11"]", "//*[@id="form_filters"]/div[3]/button"): Delayed 5 second(s)

2022-06-23 21:12:53 - [MESSAGE][PASSED] - Delayed 1 second(s)

2022-06-23 21:12:55 - [MESSAGE][PASSED] - Text 'P4_Auto' is set on object 'Object Repository/1. Constant/xpath'

2022-06-23 21:12:58 - [MESSAGE][PASSED] - Delayed 3 second(s)

2022-06-23 21:12:59 - [MESSAGE][PASSED] - Scroll to object 'Object Repository/1. Constant/xpath' successfully

2022-06-23 21:13:02 - [MESSAGE][PASSED] - Object: 'Object Repository/1. Constant/xpath' is clicked on

2022-06-23 21:13:07 - [MESSAGE][PASSED] - Delayed 5 second(s)

2022-06-23 21:13:07 - [TEST_STEP][PASSED] - click(findTestObject("1. Constant/xpath", ["xpath":"//*[@id="source_" + refID4 + ""]/td[14]/a[3]"])): Object: 'Object Repository/1. Constant/xpath' is clicked on

2022-06-23 21:13:10 - [MESSAGE][PASSED] - Object: 'Object Repository/1. Constant/xpath' is clicked on

2022-06-23 21:13:10 - [TEST_STEP][PASSED] - click(findTestObject("1. Constant/xpath", ["xpath":"//*[@id="ModifFiche"]/div[1]/div/button[2]"])): Object: 'Object Repository/1. Constant/xpath' is clicked on

2022-06-23 21:13:18 - [MESSAGE][PASSED] - Object: 'Object Repository/1. Constant/xpath' is clicked on

2022-06-23 21:13:18 - [TEST_STEP][PASSED] - takeScreenshot(): Taking screenshot successfully

2022-06-23 21:13:19 - [MESSAGE][PASSED] - Taking screenshot successfully
[[ATTACHMENT|D:\\Projet Test Auto\\Mediabox Test Automation\\Reports\\20220623_184212\\03. Parallel Testing (Testing)\\TS -PT PART 3\\14.02 Dreyers Support Action (Ongoing _ Completed ref) - PART 2\\20220623_184228\\1656011598961.png]]

2022-06-23 21:13:19 - [TEST_STEP][PASSED] - click(findTestObject("1. Constant/xpath", ["xpath":"//*[@id="source_" + refID4 + ""]/td[14]/a[3]"])): Object: 'Object Repository/1. Constant/xpath' is clicked on

2022-06-23 21:13:22 - [MESSAGE][PASSED] - Object: 'Object Repository/1. Constant/xpath' is clicked on

2022-06-23 21:13:22 - [TEST_STEP][PASSED] - click(findTestObject("1. Constant/xpath", ["xpath":"//*[@id="ModifFiche"]/div[1]/div/button[2]"])): Object: 'Object Repository/1. Constant/xpath' is clicked on

2022-06-23 21:13:28 - [MESSAGE][PASSED] - Object: 'Object Repository/1. Constant/xpath' is clicked on

2022-06-23 21:13:28 - [TEST_STEP][PASSED] - takeScreenshot(): Taking screenshot successfully

2022-06-23 21:13:29 - [MESSAGE][PASSED] - Taking screenshot successfully
[[ATTACHMENT|D:\\Projet Test Auto\\Mediabox Test Automation\\Reports\\20220623_184212\\03. Parallel Testing (Testing)\\TS -PT PART 3\\14.02 Dreyers Support Action (Ongoing _ Completed ref) - PART 2\\20220623_184228\\1656011608700.png]]

2022-06-23 21:13:29 - [TEST_STEP][PASSED] - delay(1): Delayed 1 second(s)

2022-06-23 21:13:30 - [MESSAGE][PASSED] - Delayed 1 second(s)

2022-06-23 21:13:30 - [TEST_STEP][PASSED] - color1 = getCSSValue(findTestObject("1. Constant/xpath", ["xpath":"//*[@id="source_" + refID4 + ""]/td[14]/a[2]"]), "color", OPTIONAL): Get CSS 'color' value on 'Object Repository/1. Constant/xpath' successfully: 'rgba(255, 255, 255, 1)'.

2022-06-23 21:13:30 - [MESSAGE][PASSED] - Get CSS 'color' value on 'Object Repository/1. Constant/xpath' successfully: 'rgba(255, 255, 255, 1)'.

2022-06-23 21:13:30 - [TEST_STEP][PASSED] - I.print(color1): null

2022-06-23 21:13:30 - [TEST_STEP][PASSED] - while (color1 == "rgba(255, 255, 255, 1)"): Get CSS 'color' value on 'Object Repository/1. Constant/xpath' successfully: 'rgba(54, 153, 255, 1)'.

2022-06-23 21:13:30 - [TEST_STEP][PASSED] - click(findTestObject("1. Constant/xpath", ["xpath":"//*[@id="source_" + refID4 + ""]/td[14]/a[2]"])): Object: 'Object Repository/1. Constant/xpath' is clicked on

2022-06-23 21:13:32 - [MESSAGE][PASSED] - Object: 'Object Repository/1. Constant/xpath' is clicked on

2022-06-23 21:13:32 - [TEST_STEP][PASSED] - I.UploadDoc_sendkey_Prod(findTestObject("1. Constant/xpath", ["xpath":"//*[@id="kt_body"]/input[2]"]), "D:\Upoad_File\Upload doc\testdata1.pdf", "testdata1"): Delayed 5 second(s)

2022-06-23 21:13:33 - [MESSAGE][PASSED] - Scroll to object 'Object Repository/1. Constant/xpath' successfully

2022-06-23 21:13:38 - [MESSAGE][PASSED] - Delayed 5 second(s)

2022-06-23 21:13:39 - [MESSAGE][PASSED] - File 'D:\Upoad_File\Upload doc\testdata1.pdf' sent to object: 'Object Repository/1. Constant/xpath'

2022-06-23 21:13:44 - [MESSAGE][PASSED] - Delayed 5 second(s)

2022-06-23 21:13:45 - [MESSAGE][PASSED] - Text 'testdata1' is present on page 

2022-06-23 21:13:50 - [MESSAGE][PASSED] - Delayed 5 second(s)

2022-06-23 21:13:55 - [MESSAGE][PASSED] - Delayed 5 second(s)

2022-06-23 21:13:55 - [TEST_STEP][PASSED] - takeScreenshot(): Taking screenshot successfully

2022-06-23 21:13:56 - [MESSAGE][PASSED] - Taking screenshot successfully
[[ATTACHMENT|D:\\Projet Test Auto\\Mediabox Test Automation\\Reports\\20220623_184212\\03. Parallel Testing (Testing)\\TS -PT PART 3\\14.02 Dreyers Support Action (Ongoing _ Completed ref) - PART 2\\20220623_184228\\1656011636121.png]]

2022-06-23 21:13:56 - [TEST_STEP][PASSED] - delay(8): Delayed 8 second(s)

2022-06-23 21:14:04 - [MESSAGE][PASSED] - Delayed 8 second(s)

2022-06-23 21:14:04 - [TEST_STEP][PASSED] - click(findTestObject("HL Full Lifecycle/12 ReferncePage_Button_Updatensenddoc")): Object: 'Object Repository/HL Full Lifecycle/12 ReferncePage_Button_Updatensenddoc' is clicked on

2022-06-23 21:14:14 - [MESSAGE][PASSED] - Object: 'Object Repository/HL Full Lifecycle/12 ReferncePage_Button_Updatensenddoc' is clicked on

2022-06-23 21:14:14 - [TEST_STEP][PASSED] - delay(5): Delayed 5 second(s)

2022-06-23 21:14:19 - [MESSAGE][PASSED] - Delayed 5 second(s)

2022-06-23 21:14:19 - [TEST_STEP][PASSED] - color1 = getCSSValue(findTestObject("1. Constant/xpath", ["xpath":"//*[@id="source_" + refID4 + ""]/td[14]/a[2]"]), "color", OPTIONAL): Get CSS 'color' value on 'Object Repository/1. Constant/xpath' successfully: 'rgba(54, 153, 255, 1)'.

2022-06-23 21:14:20 - [MESSAGE][PASSED] - Get CSS 'color' value on 'Object Repository/1. Constant/xpath' successfully: 'rgba(54, 153, 255, 1)'.

2022-06-23 21:14:20 - [TEST_STEP][PASSED] - takeScreenshot(): Taking screenshot successfully

2022-06-23 21:14:21 - [MESSAGE][PASSED] - Taking screenshot successfully
[[ATTACHMENT|D:\\Projet Test Auto\\Mediabox Test Automation\\Reports\\20220623_184212\\03. Parallel Testing (Testing)\\TS -PT PART 3\\14.02 Dreyers Support Action (Ongoing _ Completed ref) - PART 2\\20220623_184228\\1656011661066.png]]

2022-06-23 21:14:21 - [TEST_STEP][PASSED] - click(findTestObject("1. Constant/xpath", ["xpath":"//*[@id="source_" + refID4 + ""]/td[6]/a"])): Object: 'Object Repository/1. Constant/xpath' is clicked on

2022-06-23 21:14:27 - [MESSAGE][PASSED] - Object: 'Object Repository/1. Constant/xpath' is clicked on

2022-06-23 21:14:27 - [TEST_STEP][PASSED] - takeScreenshot(): Taking screenshot successfully

2022-06-23 21:14:28 - [MESSAGE][PASSED] - Taking screenshot successfully
[[ATTACHMENT|D:\\Projet Test Auto\\Mediabox Test Automation\\Reports\\20220623_184212\\03. Parallel Testing (Testing)\\TS -PT PART 3\\14.02 Dreyers Support Action (Ongoing _ Completed ref) - PART 2\\20220623_184228\\1656011667636.png]]

2022-06-23 21:14:28 - [TEST_STEP][PASSED] - delay(1): Delayed 1 second(s)

2022-06-23 21:14:29 - [MESSAGE][PASSED] - Delayed 1 second(s)

2022-06-23 21:14:29 - [TEST_STEP][PASSED] - I.Approveforothers("/html/body/div[1]/div[2]/div[8]/div[3]/div/div[3]/div[2]/div/div[3]/div/div[2]/div[1]/div/div[2]/div/div[2]/div[2]/div/div/div[1]/img", "/html/body/div[1]/div[2]/div[8]/div[3]/div/div[3]/div[2]/div/div[3]/div/div[2]/div[1]/div/div[2]/div/div[2]/div[2]/div/div/div[6]/a[2]/span"): Object: 'Object Repository/1. Constant/xpath' is clicked on

2022-06-23 21:14:31 - [MESSAGE][PASSED] - Object: 'Object Repository/1. Constant/xpath' is clicked on

2022-06-23 21:14:32 - [MESSAGE][PASSED] - Delayed 1 second(s)

2022-06-23 21:14:33 - [MESSAGE][PASSED] - Object: 'Object Repository/1. Constant/xpath' is clicked on

2022-06-23 21:14:34 - [MESSAGE][PASSED] - Delayed 1 second(s)

2022-06-23 21:14:34 - [MESSAGE][PASSED] - Object: 'Object Repository/1. Constant/xpath' is hovered

2022-06-23 21:14:35 - [MESSAGE][PASSED] - Object: 'Object Repository/1. Constant/xpath' is clicked on

2022-06-23 21:14:36 - [MESSAGE][PASSED] - Delayed 1 second(s)

2022-06-23 21:14:42 - [MESSAGE][PASSED] - Object: 'Object Repository/1. Constant/xpath' is clicked on

2022-06-23 21:14:42 - [TEST_STEP][PASSED] - delay(1): Delayed 1 second(s)

2022-06-23 21:14:43 - [MESSAGE][PASSED] - Delayed 1 second(s)

2022-06-23 21:14:43 - [TEST_STEP][PASSED] - click(findTestObject("1. Constant/xpath", ["xpath":"//*[@id="kt_subheader"]/div/nav/ol/li[2]/a"])): Object: 'Object Repository/1. Constant/xpath' is clicked on

2022-06-23 21:14:46 - [MESSAGE][PASSED] - Object: 'Object Repository/1. Constant/xpath' is clicked on

2022-06-23 21:14:46 - [TEST_STEP][PASSED] - delay(1): Delayed 1 second(s)

2022-06-23 21:14:47 - [MESSAGE][PASSED] - Delayed 1 second(s)

2022-06-23 21:14:47 - [TEST_STEP][PASSED] - I.submitquesiton_ref(findTestObject("1. Constant/xpath", ["xpath":"//*[@id="source_" + refID4 + ""]/td[14]/div[1]/button"]), findTestObject("1. Constant/xpath", ["xpath":"//*[@id="source_" + refID4 + ""]/td[14]/div[1]/div/a[1]"])): Object: 'Object Repository/1. Constant/xpath' is clicked on

2022-06-23 21:14:49 - [MESSAGE][PASSED] - Object: 'Object Repository/1. Constant/xpath' is clicked on

2022-06-23 21:14:52 - [MESSAGE][PASSED] - Delayed 3 second(s)

2022-06-23 21:14:54 - [MESSAGE][PASSED] - Object: 'Object Repository/1. Constant/xpath' is clicked on

2022-06-23 21:14:54 - [TEST_STEP][PASSED] - delay(1): Delayed 1 second(s)

2022-06-23 21:14:56 - [MESSAGE][PASSED] - Delayed 1 second(s)

2022-06-23 21:14:56 - [TEST_STEP][PASSED] - click(findTestObject("1. Constant/xpath", ["xpath":"//*[@id="ModifFiche"]/div[1]/div/button[2]"])): Object: 'Object Repository/1. Constant/xpath' is clicked on

2022-06-23 21:15:04 - [MESSAGE][PASSED] - Object: 'Object Repository/1. Constant/xpath' is clicked on

2022-06-23 21:15:04 - [TEST_STEP][PASSED] - delay(1): Delayed 1 second(s)

2022-06-23 21:15:05 - [MESSAGE][PASSED] - Delayed 1 second(s)

2022-06-23 21:15:05 - [TEST_STEP][PASSED] - takeScreenshot(): Taking screenshot successfully

2022-06-23 21:15:07 - [MESSAGE][PASSED] - Taking screenshot successfully
[[ATTACHMENT|D:\\Projet Test Auto\\Mediabox Test Automation\\Reports\\20220623_184212\\03. Parallel Testing (Testing)\\TS -PT PART 3\\14.02 Dreyers Support Action (Ongoing _ Completed ref) - PART 2\\20220623_184228\\1656011705779.png]]

2022-06-23 21:15:07 - [TEST_STEP][PASSED] - delay(1): Delayed 1 second(s)

2022-06-23 21:15:08 - [MESSAGE][PASSED] - Delayed 1 second(s)

2022-06-23 21:15:08 - [TEST_STEP][PASSED] - I.submitquesiton_ref(findTestObject("1. Constant/xpath", ["xpath":"//*[@id="source_" + refID4 + ""]/td[14]/div[1]/button"]), findTestObject("1. Constant/xpath", ["xpath":"//*[@id="source_" + refID4 + ""]/td[14]/div[1]/div/a[1]"])): Object: 'Object Repository/1. Constant/xpath' is clicked on

2022-06-23 21:15:10 - [MESSAGE][PASSED] - Object: 'Object Repository/1. Constant/xpath' is clicked on

2022-06-23 21:15:13 - [MESSAGE][PASSED] - Delayed 3 second(s)

2022-06-23 21:15:15 - [MESSAGE][PASSED] - Object: 'Object Repository/1. Constant/xpath' is clicked on

2022-06-23 21:15:15 - [TEST_STEP][PASSED] - delay(1): Delayed 1 second(s)

2022-06-23 21:15:16 - [MESSAGE][PASSED] - Delayed 1 second(s)

2022-06-23 21:15:16 - [TEST_STEP][PASSED] - click(findTestObject("1. Constant/xpath", ["xpath":"//*[@id="ModifFiche"]/div[1]/div/button[2]"])): Object: 'Object Repository/1. Constant/xpath' is clicked on

2022-06-23 21:15:22 - [MESSAGE][PASSED] - Object: 'Object Repository/1. Constant/xpath' is clicked on

2022-06-23 21:15:22 - [TEST_STEP][PASSED] - takeScreenshot(): Taking screenshot successfully

2022-06-23 21:15:22 - [MESSAGE][PASSED] - Taking screenshot successfully
[[ATTACHMENT|D:\\Projet Test Auto\\Mediabox Test Automation\\Reports\\20220623_184212\\03. Parallel Testing (Testing)\\TS -PT PART 3\\14.02 Dreyers Support Action (Ongoing _ Completed ref) - PART 2\\20220623_184228\\1656011722452.png]]

2022-06-23 21:15:22 - [TEST_STEP][PASSED] - click(findTestObject("1. Constant/xpath", ["xpath":"//*[@id="source_" + refID4 + ""]/td[14]/a[3]"])): Object: 'Object Repository/1. Constant/xpath' is clicked on

2022-06-23 21:15:24 - [MESSAGE][PASSED] - Object: 'Object Repository/1. Constant/xpath' is clicked on

2022-06-23 21:15:24 - [TEST_STEP][PASSED] - click(findTestObject("1. Constant/xpath", ["xpath":"//*[@id="ModifFiche"]/div[1]/div/button[2]"])): Object: 'Object Repository/1. Constant/xpath' is clicked on

2022-06-23 21:15:31 - [MESSAGE][PASSED] - Object: 'Object Repository/1. Constant/xpath' is clicked on

2022-06-23 21:15:31 - [TEST_STEP][PASSED] - click(findTestObject("1. Constant/xpath", ["xpath":"//*[@id="source_" + refID4 + ""]/td[6]/a"])): Object: 'Object Repository/1. Constant/xpath' is clicked on

2022-06-23 21:15:34 - [MESSAGE][PASSED] - Object: 'Object Repository/1. Constant/xpath' is clicked on

2022-06-23 21:15:34 - [TEST_STEP][PASSED] - click(findTestObject("1. Constant/xpath", ["xpath":"//*[@id="kt_content"]/div[3]/div/ul/li[3]/a"])): Object: 'Object Repository/1. Constant/xpath' is clicked on

2022-06-23 21:15:37 - [MESSAGE][PASSED] - Object: 'Object Repository/1. Constant/xpath' is clicked on

2022-06-23 21:15:37 - [TEST_STEP][PASSED] - takeScreenshot(): Taking screenshot successfully

2022-06-23 21:15:38 - [MESSAGE][PASSED] - Taking screenshot successfully
[[ATTACHMENT|D:\\Projet Test Auto\\Mediabox Test Automation\\Reports\\20220623_184212\\03. Parallel Testing (Testing)\\TS -PT PART 3\\14.02 Dreyers Support Action (Ongoing _ Completed ref) - PART 2\\20220623_184228\\1656011737553.png]]

2022-06-23 21:15:38 - [TEST_STEP][PASSED] - click(findTestObject("1. Constant/xpath", ["xpath":"/html/body/div[1]/div[2]/div[8]/div[3]/div/div[3]/div[3]/div/div/div[3]/div/div[4]/div/div[1]/div[2]/div/button"])): Object: 'Object Repository/1. Constant/xpath' is clicked on

2022-06-23 21:15:38 - [MESSAGE][PASSED] - Object: 'Object Repository/1. Constant/xpath' is clicked on

2022-06-23 21:15:38 - [TEST_STEP][PASSED] - delay(1): Delayed 1 second(s)

2022-06-23 21:15:39 - [MESSAGE][PASSED] - Delayed 1 second(s)

2022-06-23 21:15:39 - [TEST_STEP][PASSED] - takeScreenshot(): Taking screenshot successfully

2022-06-23 21:15:41 - [MESSAGE][PASSED] - Taking screenshot successfully
[[ATTACHMENT|D:\\Projet Test Auto\\Mediabox Test Automation\\Reports\\20220623_184212\\03. Parallel Testing (Testing)\\TS -PT PART 3\\14.02 Dreyers Support Action (Ongoing _ Completed ref) - PART 2\\20220623_184228\\1656011740508.png]]

2022-06-23 21:15:41 - [TEST_STEP][PASSED] - delay(1): Delayed 1 second(s)

2022-06-23 21:15:42 - [MESSAGE][PASSED] - Delayed 1 second(s)

2022-06-23 21:15:42 - [TEST_STEP][PASSED] - x = 10: null

2022-06-23 21:15:42 - [TEST_STEP][PASSED] - i = 1: null

2022-06-23 21:15:42 - [TEST_STEP][PASSED] - while (i <= x): null

2022-06-23 21:15:42 - [TEST_STEP][PASSED] - Expected_SAS_Selected = "SAS: S6 - Add Steps C": null

2022-06-23 21:15:42 - [TEST_STEP][PASSED] - xpath_SAS = "/html/body/div[1]/div[2]/div[8]/div[3]/div/div[3]/div[3]/div/div/div[3]/div/div[4]/div/div[1]/div[2]/div/div/a[" + i + "]": null

2022-06-23 21:15:42 - [TEST_STEP][PASSED] - Actual_SAS = getText(findTestObject("1. Constant/xpath", ["xpath":xpath_SAS])): Text of object 'Object Repository/1. Constant/xpath' is: 'SAS S41: Add Phase 3.5 / Skip P3.4'

2022-06-23 21:15:43 - [MESSAGE][PASSED] - Text of object 'Object Repository/1. Constant/xpath' is: 'SAS S41: Add Phase 3.5 / Skip P3.4'

2022-06-23 21:15:43 - [TEST_STEP][PASSED] - I.print(i): null

2022-06-23 21:15:43 - [TEST_STEP][PASSED] - if (Actual_SAS.contains(Expected_SAS_Selected)): null

2022-06-23 21:15:43 - [TEST_STEP][PASSED] - i = i + 1: null

2022-06-23 21:15:43 - [TEST_STEP][PASSED] - Expected_SAS_Selected = "SAS: S6 - Add Steps C": null

2022-06-23 21:15:43 - [TEST_STEP][PASSED] - xpath_SAS = "/html/body/div[1]/div[2]/div[8]/div[3]/div/div[3]/div[3]/div/div/div[3]/div/div[4]/div/div[1]/div[2]/div/div/a[" + i + "]": null

2022-06-23 21:15:43 - [TEST_STEP][PASSED] - Actual_SAS = getText(findTestObject("1. Constant/xpath", ["xpath":xpath_SAS])): Text of object 'Object Repository/1. Constant/xpath' is: 'SAS: S6 - Add Steps C'

2022-06-23 21:15:43 - [MESSAGE][PASSED] - Text of object 'Object Repository/1. Constant/xpath' is: 'SAS: S6 - Add Steps C'

2022-06-23 21:15:43 - [TEST_STEP][PASSED] - I.print(i): null

2022-06-23 21:15:43 - [TEST_STEP][PASSED] - if (Actual_SAS.contains(Expected_SAS_Selected)): null

2022-06-23 21:15:43 - [TEST_STEP][PASSED] - click(findTestObject("1. Constant/xpath", ["xpath":xpath_SAS])): Object: 'Object Repository/1. Constant/xpath' is clicked on

2022-06-23 21:15:44 - [MESSAGE][PASSED] - Object: 'Object Repository/1. Constant/xpath' is clicked on

2022-06-23 21:15:44 - [TEST_STEP][PASSED] - break: null

2022-06-23 21:15:44 - [TEST_STEP][PASSED] - takeScreenshot(): Taking screenshot successfully

2022-06-23 21:15:45 - [MESSAGE][PASSED] - Taking screenshot successfully
[[ATTACHMENT|D:\\Projet Test Auto\\Mediabox Test Automation\\Reports\\20220623_184212\\03. Parallel Testing (Testing)\\TS -PT PART 3\\14.02 Dreyers Support Action (Ongoing _ Completed ref) - PART 2\\20220623_184228\\1656011744893.png]]

2022-06-23 21:15:45 - [TEST_STEP][PASSED] - click(findTestObject("1. Constant/xpath", ["xpath":"//*[@id="confirmSupportActionShortcut"]"])): Object: 'Object Repository/1. Constant/xpath' is clicked on

2022-06-23 21:15:49 - [MESSAGE][PASSED] - Object: 'Object Repository/1. Constant/xpath' is clicked on

2022-06-23 21:15:49 - [TEST_STEP][PASSED] - takeScreenshot(): Taking screenshot successfully

2022-06-23 21:15:50 - [MESSAGE][PASSED] - Taking screenshot successfully
[[ATTACHMENT|D:\\Projet Test Auto\\Mediabox Test Automation\\Reports\\20220623_184212\\03. Parallel Testing (Testing)\\TS -PT PART 3\\14.02 Dreyers Support Action (Ongoing _ Completed ref) - PART 2\\20220623_184228\\1656011749626.png]]

2022-06-23 21:15:50 - [TEST_STEP][PASSED] - click(findTestObject("1. Constant/xpath", ["xpath":"//*[@id="kt_content"]/div[3]/div/ul/li[3]/a"])): Object: 'Object Repository/1. Constant/xpath' is clicked on

2022-06-23 21:15:54 - [MESSAGE][PASSED] - Object: 'Object Repository/1. Constant/xpath' is clicked on

2022-06-23 21:15:54 - [TEST_STEP][PASSED] - takeScreenshot(): Taking screenshot successfully

2022-06-23 21:15:55 - [MESSAGE][PASSED] - Taking screenshot successfully
[[ATTACHMENT|D:\\Projet Test Auto\\Mediabox Test Automation\\Reports\\20220623_184212\\03. Parallel Testing (Testing)\\TS -PT PART 3\\14.02 Dreyers Support Action (Ongoing _ Completed ref) - PART 2\\20220623_184228\\1656011754838.png]]

2022-06-23 21:15:55 - [TEST_STEP][PASSED] - StepC_1 = getAttribute(findTestObject("1. Constant/xpath", ["xpath":"/html/body/div[1]/div[2]/div[8]/div[3]/div/div[3]/div[3]/div/ul/li[3]/a"]), "class"): Attribute 'class' of object 'Object Repository/1. Constant/xpath' is: 'nav-link timeline-badge badge-xl  bg-pending active'

2022-06-23 21:15:55 - [MESSAGE][PASSED] - Attribute 'class' of object 'Object Repository/1. Constant/xpath' is: 'nav-link timeline-badge badge-xl  bg-pending active'

2022-06-23 21:15:55 - [TEST_STEP][PASSED] - verifyMatch(StepC_1, "nav-link timeline-badge badge-xl  bg-pending active", false): Actual text 'nav-link timeline-badge badge-xl  bg-pending active' and expected text 'nav-link timeline-badge badge-xl  bg-pending active' are matched 

2022-06-23 21:15:55 - [MESSAGE][PASSED] - Actual text 'nav-link timeline-badge badge-xl  bg-pending active' and expected text 'nav-link timeline-badge badge-xl  bg-pending active' are matched 

2022-06-23 21:15:55 - [TEST_STEP][PASSED] - StepC_11 = I.Get_Stepname("/html/body/div[1]/div[2]/div[8]/div[3]/div/div[3]/div[3]/div/ul/li[3]/a"): Attribute 'href' of object 'Object Repository/1. Constant/xpath' is: 'http://mdb-release.diadeis.lan/MediaboxIndependence/Base/ExecAction?action=VoirRef&IDSession=MBI!RELTESTAUTO_DREYERS!5U50VX21VHQSP69J9VMPNY79I65WFKFIPUBD1UG0&num=IJIR6926Z7&id_ref=5317#tab_lifecycle_SASStepC_12312'

2022-06-23 21:16:00 - [MESSAGE][PASSED] - Delayed 5 second(s)

2022-06-23 21:16:00 - [MESSAGE][PASSED] - Attribute 'href' of object 'Object Repository/1. Constant/xpath' is: 'http://mdb-release.diadeis.lan/MediaboxIndependence/Base/ExecAction?action=VoirRef&IDSession=MBI!RELTESTAUTO_DREYERS!5U50VX21VHQSP69J9VMPNY79I65WFKFIPUBD1UG0&num=IJIR6926Z7&id_ref=5317#tab_lifecycle_SASStepC_12312'

2022-06-23 21:16:00 - [TEST_STEP][PASSED] - verifyMatch(StepC_11, "SASStepC", false): Actual text 'SASStepC' and expected text 'SASStepC' are matched 

2022-06-23 21:16:00 - [MESSAGE][PASSED] - Actual text 'SASStepC' and expected text 'SASStepC' are matched 

2022-06-23 21:16:00 - [TEST_STEP][PASSED] - Started_StepCP4_1 = getText(findTestObject("1. Constant/xpath", ["xpath":"/html/body/div[1]/div[2]/div[8]/div[3]/div/div[3]/div[3]/div/div/div[3]/div/div[4]/div/div[2]/div[1]"])): Text of object 'Object Repository/1. Constant/xpath' is: 'Started 06/23/22 03:15 PM'

2022-06-23 21:16:01 - [MESSAGE][PASSED] - Text of object 'Object Repository/1. Constant/xpath' is: 'Started 06/23/22 03:15 PM'

2022-06-23 21:16:01 - [TEST_STEP][PASSED] - if (Started_StepCP4_1.contains("Started")): Actual object '1' and expected object '1' are equal

2022-06-23 21:16:01 - [TEST_STEP][PASSED] - verifyEqual(1, 1): Actual object '1' and expected object '1' are equal

2022-06-23 21:16:01 - [MESSAGE][PASSED] - Actual object '1' and expected object '1' are equal

2022-06-23 21:16:01 - [TEST_STEP][PASSED] - verifyElementNotPresent(findTestObject("1. Constant/xpath", ["xpath":"/html/body/div[1]/div[2]/div[8]/div[3]/div/div[3]/div[3]/div/div/div[3]/div/div[6]"]), 10): Web element with id: 'Object Repository/1. Constant/xpath' located by 'By.xpath: /html/body/div[1]/div[2]/div[8]/div[3]/div/div[3]/div[3]/div/div/div[3]/div/div[6]' is not present after '10' second(s)

2022-06-23 21:16:01 - [MESSAGE][PASSED] - Web element with id: 'Object Repository/1. Constant/xpath' located by 'By.xpath: /html/body/div[1]/div[2]/div[8]/div[3]/div/div[3]/div[3]/div/div/div[3]/div/div[6]' is not present after '10' second(s)

2022-06-23 21:16:01 - [TEST_STEP][PASSED] - StepC_2 = getAttribute(findTestObject("1. Constant/xpath", ["xpath":"/html/body/div[1]/div[2]/div[8]/div[3]/div/div[3]/div[3]/div/ul/li[4]/a"]), "class"): Attribute 'class' of object 'Object Repository/1. Constant/xpath' is: 'nav-link timeline-badge badge-xl  bg-waiting '

2022-06-23 21:16:02 - [MESSAGE][PASSED] - Attribute 'class' of object 'Object Repository/1. Constant/xpath' is: 'nav-link timeline-badge badge-xl  bg-waiting '

2022-06-23 21:16:02 - [TEST_STEP][PASSED] - verifyMatch(StepC_2, "nav-link timeline-badge badge-xl  bg-waiting ", false): Actual text 'nav-link timeline-badge badge-xl  bg-waiting ' and expected text 'nav-link timeline-badge badge-xl  bg-waiting ' are matched 

2022-06-23 21:16:02 - [MESSAGE][PASSED] - Actual text 'nav-link timeline-badge badge-xl  bg-waiting ' and expected text 'nav-link timeline-badge badge-xl  bg-waiting ' are matched 

2022-06-23 21:16:02 - [TEST_STEP][PASSED] - StepC_22 = I.Get_Stepname("/html/body/div[1]/div[2]/div[8]/div[3]/div/div[3]/div[3]/div/ul/li[4]/a"): Attribute 'href' of object 'Object Repository/1. Constant/xpath' is: 'http://mdb-release.diadeis.lan/MediaboxIndependence/Base/ExecAction?action=VoirRef&IDSession=MBI!RELTESTAUTO_DREYERS!5U50VX21VHQSP69J9VMPNY79I65WFKFIPUBD1UG0&num=IJIR6926Z7&id_ref=5317#tab_lifecycle_SASStepC_12313'

2022-06-23 21:16:07 - [MESSAGE][PASSED] - Delayed 5 second(s)

2022-06-23 21:16:07 - [MESSAGE][PASSED] - Attribute 'href' of object 'Object Repository/1. Constant/xpath' is: 'http://mdb-release.diadeis.lan/MediaboxIndependence/Base/ExecAction?action=VoirRef&IDSession=MBI!RELTESTAUTO_DREYERS!5U50VX21VHQSP69J9VMPNY79I65WFKFIPUBD1UG0&num=IJIR6926Z7&id_ref=5317#tab_lifecycle_SASStepC_12313'

2022-06-23 21:16:07 - [TEST_STEP][PASSED] - verifyMatch(StepC_22, "SASStepC", false): Actual text 'SASStepC' and expected text 'SASStepC' are matched 

2022-06-23 21:16:07 - [MESSAGE][PASSED] - Actual text 'SASStepC' and expected text 'SASStepC' are matched 

2022-06-23 21:16:07 - [TEST_STEP][PASSED] - delay(1): Delayed 1 second(s)

2022-06-23 21:16:08 - [MESSAGE][PASSED] - Delayed 1 second(s)

2022-06-23 21:16:08 - [TEST_STEP][PASSED] - click(findTestObject("1. Constant/xpath", ["xpath":"/html/body/div[1]/div[2]/div[8]/div[2]/div/nav/ol/li[2]/a"])): Object: 'Object Repository/1. Constant/xpath' is clicked on

2022-06-23 21:16:12 - [MESSAGE][PASSED] - Object: 'Object Repository/1. Constant/xpath' is clicked on

2022-06-23 21:16:12 - [TEST_STEP][PASSED] - Lifecycle_Status1 = getText(findTestObject("1. Constant/xpath", ["xpath":"//*[@id="source_" + refID4 + ""]/td[11]/span[1]"])): Text of object 'Object Repository/1. Constant/xpath' is: 'Phase 3.4 [Standard]'

2022-06-23 21:16:12 - [MESSAGE][PASSED] - Text of object 'Object Repository/1. Constant/xpath' is: 'Phase 3.4 [Standard]'

2022-06-23 21:16:12 - [TEST_STEP][PASSED] - verifyMatch(Lifecycle_Status1, "Phase 3.4 [Standard]", false): Actual text 'Phase 3.4 [Standard]' and expected text 'Phase 3.4 [Standard]' are matched 

2022-06-23 21:16:12 - [MESSAGE][PASSED] - Actual text 'Phase 3.4 [Standard]' and expected text 'Phase 3.4 [Standard]' are matched 

2022-06-23 21:16:12 - [TEST_STEP][PASSED] - I.Logout(): Delayed 3 second(s)

2022-06-23 21:16:15 - [MESSAGE][PASSED] - Delayed 3 second(s)

2022-06-23 21:16:16 - [MESSAGE][PASSED] - Object: 'Object Repository/1. Constant/xpath' is clicked on

2022-06-23 21:16:19 - [MESSAGE][PASSED] - Delayed 3 second(s)

2022-06-23 21:16:22 - [MESSAGE][PASSED] - Object: 'Object Repository/1. Constant/xpath' is clicked on

2022-06-23 21:16:25 - [MESSAGE][PASSED] - Delayed 3 second(s)

2022-06-23 21:16:25 - [TEST_STEP][PASSED] - I.Login_password("nturner", password_nturner): Object: 'Object Repository/1. Constant/xpath' is clicked on

2022-06-23 21:16:29 - [MESSAGE][PASSED] - Text 'nturner' is set on object 'Object Repository/1. Constant/xpath'

2022-06-23 21:16:30 - [MESSAGE][PASSED] - Delayed 1 second(s)

2022-06-23 21:16:32 - [MESSAGE][PASSED] - Text 'diadeis1' is set on object 'Object Repository/1. Constant/xpath'

2022-06-23 21:16:33 - [MESSAGE][PASSED] - Delayed 1 second(s)

2022-06-23 21:16:38 - [MESSAGE][PASSED] - Object: 'Object Repository/1. Constant/xpath' is clicked on

2022-06-23 21:16:38 - [TEST_STEP][PASSED] - takeScreenshot(): Taking screenshot successfully

2022-06-23 21:16:38 - [MESSAGE][PASSED] - Taking screenshot successfully
[[ATTACHMENT|D:\\Projet Test Auto\\Mediabox Test Automation\\Reports\\20220623_184212\\03. Parallel Testing (Testing)\\TS -PT PART 3\\14.02 Dreyers Support Action (Ongoing _ Completed ref) - PART 2\\20220623_184228\\1656011798130.png]]

2022-06-23 21:16:38 - [TEST_STEP][PASSED] - click(findTestObject("1. Constant/02_LHSMenu_Projects")): Object: 'Object Repository/1. Constant/02_LHSMenu_Projects' is clicked on

2022-06-23 21:16:41 - [MESSAGE][PASSED] - Object: 'Object Repository/1. Constant/02_LHSMenu_Projects' is clicked on

2022-06-23 21:16:41 - [TEST_STEP][PASSED] - I.SearchProjectNo_xpath(Project_No, "//*[@id="keynum_project"]", "//*[@id="form_filters"]/div[4]/button"): Delayed 5 second(s)

2022-06-23 21:16:42 - [MESSAGE][PASSED] - Delayed 1 second(s)

2022-06-23 21:16:45 - [MESSAGE][PASSED] - Text 'MI000883' is set on object 'Object Repository/1. Constant/xpath'

2022-06-23 21:16:48 - [MESSAGE][PASSED] - Delayed 3 second(s)

2022-06-23 21:16:50 - [MESSAGE][PASSED] - Scroll to object 'Object Repository/1. Constant/xpath' successfully

2022-06-23 21:16:54 - [MESSAGE][PASSED] - Object: 'Object Repository/1. Constant/xpath' is clicked on

2022-06-23 21:16:59 - [MESSAGE][PASSED] - Delayed 5 second(s)

2022-06-23 21:16:59 - [TEST_STEP][PASSED] - takeScreenshot(): Taking screenshot successfully

2022-06-23 21:17:01 - [MESSAGE][PASSED] - Taking screenshot successfully
[[ATTACHMENT|D:\\Projet Test Auto\\Mediabox Test Automation\\Reports\\20220623_184212\\03. Parallel Testing (Testing)\\TS -PT PART 3\\14.02 Dreyers Support Action (Ongoing _ Completed ref) - PART 2\\20220623_184228\\1656011820390.png]]

2022-06-23 21:17:01 - [TEST_STEP][PASSED] - I.SearchRefNo_xpath("P4_Auto", "//*[@id="fiche_filter_keywords11"]", "//*[@id="form_filters"]/div[3]/button"): Delayed 5 second(s)

2022-06-23 21:17:02 - [MESSAGE][PASSED] - Delayed 1 second(s)

2022-06-23 21:17:05 - [MESSAGE][PASSED] - Text 'P4_Auto' is set on object 'Object Repository/1. Constant/xpath'

2022-06-23 21:17:08 - [MESSAGE][PASSED] - Delayed 3 second(s)

2022-06-23 21:17:09 - [MESSAGE][PASSED] - Scroll to object 'Object Repository/1. Constant/xpath' successfully

2022-06-23 21:17:13 - [MESSAGE][PASSED] - Object: 'Object Repository/1. Constant/xpath' is clicked on

2022-06-23 21:17:18 - [MESSAGE][PASSED] - Delayed 5 second(s)

2022-06-23 21:17:18 - [TEST_STEP][PASSED] - click(findTestObject("1. Constant/xpath", ["xpath":"//*[@id="source_" + refID4 + ""]/td[13]/a[2]"])): Object: 'Object Repository/1. Constant/xpath' is clicked on

2022-06-23 21:17:21 - [MESSAGE][PASSED] - Object: 'Object Repository/1. Constant/xpath' is clicked on

2022-06-23 21:17:21 - [TEST_STEP][PASSED] - click(findTestObject("1. Constant/xpath", ["xpath":"//*[@id="ModifFiche"]/div[1]/div/button[2]"])): Object: 'Object Repository/1. Constant/xpath' is clicked on

2022-06-23 21:17:26 - [MESSAGE][PASSED] - Object: 'Object Repository/1. Constant/xpath' is clicked on

2022-06-23 21:17:26 - [TEST_STEP][PASSED] - Lifecycle_Status2 = getText(findTestObject("1. Constant/xpath", ["xpath":"//*[@id="source_" + refID4 + ""]/td[12]/span[1]"])): Text of object 'Object Repository/1. Constant/xpath' is: 'Phase 3.5[Prod]'

2022-06-23 21:17:27 - [MESSAGE][PASSED] - Text of object 'Object Repository/1. Constant/xpath' is: 'Phase 3.5[Prod]'

2022-06-23 21:17:27 - [TEST_STEP][PASSED] - verifyMatch(Lifecycle_Status2, "Phase 3.5[Prod]", false): Actual text 'Phase 3.5[Prod]' and expected text 'Phase 3.5[Prod]' are matched 

2022-06-23 21:17:27 - [MESSAGE][PASSED] - Actual text 'Phase 3.5[Prod]' and expected text 'Phase 3.5[Prod]' are matched 

2022-06-23 21:17:27 - [TEST_STEP][PASSED] - takeScreenshot(): Taking screenshot successfully

2022-06-23 21:17:27 - [MESSAGE][PASSED] - Taking screenshot successfully
[[ATTACHMENT|D:\\Projet Test Auto\\Mediabox Test Automation\\Reports\\20220623_184212\\03. Parallel Testing (Testing)\\TS -PT PART 3\\14.02 Dreyers Support Action (Ongoing _ Completed ref) - PART 2\\20220623_184228\\1656011847360.png]]

2022-06-23 21:17:27 - [TEST_STEP][PASSED] - I.Logout(): Delayed 3 second(s)

2022-06-23 21:17:30 - [MESSAGE][PASSED] - Delayed 3 second(s)

2022-06-23 21:17:31 - [MESSAGE][PASSED] - Object: 'Object Repository/1. Constant/xpath' is clicked on

2022-06-23 21:17:34 - [MESSAGE][PASSED] - Delayed 3 second(s)

2022-06-23 21:17:37 - [MESSAGE][PASSED] - Object: 'Object Repository/1. Constant/xpath' is clicked on

2022-06-23 21:17:40 - [MESSAGE][PASSED] - Delayed 3 second(s)

2022-06-23 21:17:40 - [TEST_STEP][PASSED] - I.Login_password("lmary", password_lmary): Object: 'Object Repository/1. Constant/xpath' is clicked on

2022-06-23 21:17:40 - [MESSAGE][PASSED] - Text 'lmary' is set on object 'Object Repository/1. Constant/xpath'

2022-06-23 21:17:41 - [MESSAGE][PASSED] - Delayed 1 second(s)

2022-06-23 21:17:42 - [MESSAGE][PASSED] - Text 'diadeis' is set on object 'Object Repository/1. Constant/xpath'

2022-06-23 21:17:43 - [MESSAGE][PASSED] - Delayed 1 second(s)

2022-06-23 21:17:47 - [MESSAGE][PASSED] - Object: 'Object Repository/1. Constant/xpath' is clicked on

2022-06-23 21:17:47 - [TEST_STEP][PASSED] - takeScreenshot(): Taking screenshot successfully

2022-06-23 21:17:48 - [MESSAGE][PASSED] - Taking screenshot successfully
[[ATTACHMENT|D:\\Projet Test Auto\\Mediabox Test Automation\\Reports\\20220623_184212\\03. Parallel Testing (Testing)\\TS -PT PART 3\\14.02 Dreyers Support Action (Ongoing _ Completed ref) - PART 2\\20220623_184228\\1656011867856.png]]

2022-06-23 21:17:48 - [TEST_STEP][PASSED] - click(findTestObject("1. Constant/02_LHSMenu_Projects")): Object: 'Object Repository/1. Constant/02_LHSMenu_Projects' is clicked on

2022-06-23 21:17:52 - [MESSAGE][PASSED] - Object: 'Object Repository/1. Constant/02_LHSMenu_Projects' is clicked on

2022-06-23 21:17:52 - [TEST_STEP][PASSED] - I.SearchProjectNo_xpath(Project_No, "//*[@id="keynum_project"]", "//*[@id="form_filters"]/div[4]/button"): Delayed 5 second(s)

2022-06-23 21:17:53 - [MESSAGE][PASSED] - Delayed 1 second(s)

2022-06-23 21:17:55 - [MESSAGE][PASSED] - Text 'MI000883' is set on object 'Object Repository/1. Constant/xpath'

2022-06-23 21:17:58 - [MESSAGE][PASSED] - Delayed 3 second(s)

2022-06-23 21:17:59 - [MESSAGE][PASSED] - Scroll to object 'Object Repository/1. Constant/xpath' successfully

2022-06-23 21:18:02 - [MESSAGE][PASSED] - Object: 'Object Repository/1. Constant/xpath' is clicked on

2022-06-23 21:18:07 - [MESSAGE][PASSED] - Delayed 5 second(s)

2022-06-23 21:18:07 - [TEST_STEP][PASSED] - takeScreenshot(): Taking screenshot successfully

2022-06-23 21:18:08 - [MESSAGE][PASSED] - Taking screenshot successfully
[[ATTACHMENT|D:\\Projet Test Auto\\Mediabox Test Automation\\Reports\\20220623_184212\\03. Parallel Testing (Testing)\\TS -PT PART 3\\14.02 Dreyers Support Action (Ongoing _ Completed ref) - PART 2\\20220623_184228\\1656011887625.png]]

2022-06-23 21:18:08 - [TEST_STEP][PASSED] - I.SearchRefNo_xpath("P4_Auto", "//*[@id="fiche_filter_keywords11"]", "//*[@id="form_filters"]/div[3]/button"): Delayed 5 second(s)

2022-06-23 21:18:09 - [MESSAGE][PASSED] - Delayed 1 second(s)

2022-06-23 21:18:11 - [MESSAGE][PASSED] - Text 'P4_Auto' is set on object 'Object Repository/1. Constant/xpath'

2022-06-23 21:18:14 - [MESSAGE][PASSED] - Delayed 3 second(s)

2022-06-23 21:18:14 - [MESSAGE][PASSED] - Scroll to object 'Object Repository/1. Constant/xpath' successfully

2022-06-23 21:18:16 - [MESSAGE][PASSED] - Object: 'Object Repository/1. Constant/xpath' is clicked on

2022-06-23 21:18:21 - [MESSAGE][PASSED] - Delayed 5 second(s)

2022-06-23 21:18:21 - [TEST_STEP][PASSED] - takeScreenshot(): Taking screenshot successfully

2022-06-23 21:18:23 - [MESSAGE][PASSED] - Taking screenshot successfully
[[ATTACHMENT|D:\\Projet Test Auto\\Mediabox Test Automation\\Reports\\20220623_184212\\03. Parallel Testing (Testing)\\TS -PT PART 3\\14.02 Dreyers Support Action (Ongoing _ Completed ref) - PART 2\\20220623_184228\\1656011902719.png]]

2022-06-23 21:18:23 - [TEST_STEP][PASSED] - color2 = getCSSValue(findTestObject("1. Constant/xpath", ["xpath":"//*[@id="source_" + refID4 + ""]/td[13]/a"]), "color", OPTIONAL): Get CSS 'color' value on 'Object Repository/1. Constant/xpath' successfully: 'rgba(255, 255, 255, 1)'.

2022-06-23 21:18:23 - [MESSAGE][PASSED] - Get CSS 'color' value on 'Object Repository/1. Constant/xpath' successfully: 'rgba(255, 255, 255, 1)'.

2022-06-23 21:18:23 - [TEST_STEP][PASSED] - while (color2 == "rgba(255, 255, 255, 1)"): Get CSS 'color' value on 'Object Repository/1. Constant/xpath' successfully: 'rgba(54, 153, 255, 1)'.

2022-06-23 21:18:23 - [TEST_STEP][PASSED] - click(findTestObject("1. Constant/xpath", ["xpath":"//*[@id="source_" + refID4 + ""]/td[13]/a"])): Object: 'Object Repository/1. Constant/xpath' is clicked on

2022-06-23 21:18:25 - [MESSAGE][PASSED] - Object: 'Object Repository/1. Constant/xpath' is clicked on

2022-06-23 21:18:25 - [TEST_STEP][PASSED] - selectOptionByValue(findTestObject("1. Constant/xpath", ["xpath":"//*[@id="id_approval_flow_tpl"]"]), "80", false): All options with value '80' are selected in object 'Object Repository/1. Constant/xpath' 

2022-06-23 21:18:25 - [MESSAGE][PASSED] - All options with value '80' are selected in object 'Object Repository/1. Constant/xpath' 

2022-06-23 21:18:25 - [TEST_STEP][PASSED] - I.UploadDoc_sendkey_Prod(findTestObject("1. Constant/xpath", ["xpath":"//*[@id="kt_body"]/input[2]"]), "D:\Upoad_File\Upload doc\testdata1.jpg", "testdata1"): Delayed 5 second(s)

2022-06-23 21:18:26 - [MESSAGE][PASSED] - Scroll to object 'Object Repository/1. Constant/xpath' successfully

2022-06-23 21:18:31 - [MESSAGE][PASSED] - Delayed 5 second(s)

2022-06-23 21:18:31 - [MESSAGE][PASSED] - File 'D:\Upoad_File\Upload doc\testdata1.jpg' sent to object: 'Object Repository/1. Constant/xpath'

2022-06-23 21:18:36 - [MESSAGE][PASSED] - Delayed 5 second(s)

2022-06-23 21:18:36 - [MESSAGE][PASSED] - Text 'testdata1' is present on page 

2022-06-23 21:18:41 - [MESSAGE][PASSED] - Delayed 5 second(s)

2022-06-23 21:18:46 - [MESSAGE][PASSED] - Delayed 5 second(s)

2022-06-23 21:18:46 - [TEST_STEP][PASSED] - takeScreenshot(): Taking screenshot successfully

2022-06-23 21:18:47 - [MESSAGE][PASSED] - Taking screenshot successfully
[[ATTACHMENT|D:\\Projet Test Auto\\Mediabox Test Automation\\Reports\\20220623_184212\\03. Parallel Testing (Testing)\\TS -PT PART 3\\14.02 Dreyers Support Action (Ongoing _ Completed ref) - PART 2\\20220623_184228\\1656011927237.png]]

2022-06-23 21:18:47 - [TEST_STEP][PASSED] - delay(10): Delayed 10 second(s)

2022-06-23 21:18:57 - [MESSAGE][PASSED] - Delayed 10 second(s)

2022-06-23 21:18:57 - [TEST_STEP][PASSED] - click(findTestObject("HL Full Lifecycle/12 ReferncePage_Button_Updatensenddoc")): Object: 'Object Repository/HL Full Lifecycle/12 ReferncePage_Button_Updatensenddoc' is clicked on

2022-06-23 21:19:04 - [MESSAGE][PASSED] - Object: 'Object Repository/HL Full Lifecycle/12 ReferncePage_Button_Updatensenddoc' is clicked on

2022-06-23 21:19:04 - [TEST_STEP][PASSED] - delay(5): Delayed 5 second(s)

2022-06-23 21:19:09 - [MESSAGE][PASSED] - Delayed 5 second(s)

2022-06-23 21:19:09 - [TEST_STEP][PASSED] - color2 = getCSSValue(findTestObject("1. Constant/xpath", ["xpath":"//*[@id="source_" + refID4 + ""]/td[13]/a"]), "color", OPTIONAL): Get CSS 'color' value on 'Object Repository/1. Constant/xpath' successfully: 'rgba(54, 153, 255, 1)'.

2022-06-23 21:19:10 - [MESSAGE][PASSED] - Get CSS 'color' value on 'Object Repository/1. Constant/xpath' successfully: 'rgba(54, 153, 255, 1)'.

2022-06-23 21:19:10 - [TEST_STEP][PASSED] - I.Logout(): Delayed 3 second(s)

2022-06-23 21:19:13 - [MESSAGE][PASSED] - Delayed 3 second(s)

2022-06-23 21:19:14 - [MESSAGE][PASSED] - Object: 'Object Repository/1. Constant/xpath' is clicked on

2022-06-23 21:19:17 - [MESSAGE][PASSED] - Delayed 3 second(s)

2022-06-23 21:19:20 - [MESSAGE][PASSED] - Object: 'Object Repository/1. Constant/xpath' is clicked on

2022-06-23 21:19:23 - [MESSAGE][PASSED] - Delayed 3 second(s)

2022-06-23 21:19:23 - [TEST_STEP][PASSED] - I.Login_password("blemco", password_blemco): Object: 'Object Repository/1. Constant/xpath' is clicked on

2022-06-23 21:19:24 - [MESSAGE][PASSED] - Text 'blemco' is set on object 'Object Repository/1. Constant/xpath'

2022-06-23 21:19:25 - [MESSAGE][PASSED] - Delayed 1 second(s)

2022-06-23 21:19:26 - [MESSAGE][PASSED] - Text 'diadeis1' is set on object 'Object Repository/1. Constant/xpath'

2022-06-23 21:19:27 - [MESSAGE][PASSED] - Delayed 1 second(s)

2022-06-23 21:19:31 - [MESSAGE][PASSED] - Object: 'Object Repository/1. Constant/xpath' is clicked on

2022-06-23 21:19:31 - [TEST_STEP][PASSED] - takeScreenshot(): Taking screenshot successfully

2022-06-23 21:19:32 - [MESSAGE][PASSED] - Taking screenshot successfully
[[ATTACHMENT|D:\\Projet Test Auto\\Mediabox Test Automation\\Reports\\20220623_184212\\03. Parallel Testing (Testing)\\TS -PT PART 3\\14.02 Dreyers Support Action (Ongoing _ Completed ref) - PART 2\\20220623_184228\\1656011971645.png]]

2022-06-23 21:19:32 - [TEST_STEP][PASSED] - click(findTestObject("1. Constant/02_LHSMenu_Projects")): Object: 'Object Repository/1. Constant/02_LHSMenu_Projects' is clicked on

2022-06-23 21:19:35 - [MESSAGE][PASSED] - Object: 'Object Repository/1. Constant/02_LHSMenu_Projects' is clicked on

2022-06-23 21:19:35 - [TEST_STEP][PASSED] - I.SearchProjectNo_xpath(Project_No, "//*[@id="keynum_project"]", "//*[@id="form_filters"]/div[4]/button"): Delayed 5 second(s)

2022-06-23 21:19:36 - [MESSAGE][PASSED] - Delayed 1 second(s)

2022-06-23 21:19:38 - [MESSAGE][PASSED] - Text 'MI000883' is set on object 'Object Repository/1. Constant/xpath'

2022-06-23 21:19:41 - [MESSAGE][PASSED] - Delayed 3 second(s)

2022-06-23 21:19:42 - [MESSAGE][PASSED] - Scroll to object 'Object Repository/1. Constant/xpath' successfully

2022-06-23 21:19:47 - [MESSAGE][PASSED] - Object: 'Object Repository/1. Constant/xpath' is clicked on

2022-06-23 21:19:52 - [MESSAGE][PASSED] - Delayed 5 second(s)

2022-06-23 21:19:52 - [TEST_STEP][PASSED] - takeScreenshot(): Taking screenshot successfully

2022-06-23 21:19:53 - [MESSAGE][PASSED] - Taking screenshot successfully
[[ATTACHMENT|D:\\Projet Test Auto\\Mediabox Test Automation\\Reports\\20220623_184212\\03. Parallel Testing (Testing)\\TS -PT PART 3\\14.02 Dreyers Support Action (Ongoing _ Completed ref) - PART 2\\20220623_184228\\1656011993132.png]]

2022-06-23 21:19:53 - [TEST_STEP][PASSED] - I.SearchRefNo_xpath("P4_Auto", "//*[@id="fiche_filter_keywords11"]", "//*[@id="form_filters"]/div[3]/button"): Delayed 5 second(s)

2022-06-23 21:19:54 - [MESSAGE][PASSED] - Delayed 1 second(s)

2022-06-23 21:19:56 - [MESSAGE][PASSED] - Text 'P4_Auto' is set on object 'Object Repository/1. Constant/xpath'

2022-06-23 21:19:59 - [MESSAGE][PASSED] - Delayed 3 second(s)

2022-06-23 21:20:01 - [MESSAGE][PASSED] - Scroll to object 'Object Repository/1. Constant/xpath' successfully

2022-06-23 21:20:05 - [MESSAGE][PASSED] - Object: 'Object Repository/1. Constant/xpath' is clicked on

2022-06-23 21:20:10 - [MESSAGE][PASSED] - Delayed 5 second(s)

2022-06-23 21:20:10 - [TEST_STEP][PASSED] - I.AWF_approve_byaction(findTestObject("1. Constant/xpath", ["xpath":"//*[@id="source_" + refID4 + ""]/td[13]/a[2]"])): Object: 'Object Repository/HL Full Lifecycle/Function_Appbutton2' is clicked on

2022-06-23 21:20:15 - [MESSAGE][PASSED] - Delayed 5 second(s)

2022-06-23 21:20:19 - [MESSAGE][PASSED] - Object: 'Object Repository/1. Constant/xpath' is clicked on

2022-06-23 21:20:21 - [MESSAGE][PASSED] - Object: 'Object Repository/HL Full Lifecycle/Function_access Viewer2' is hovered

2022-06-23 21:20:24 - [MESSAGE][PASSED] - Delayed 3 second(s)

2022-06-23 21:20:25 - [MESSAGE][PASSED] - Object: 'Object Repository/HL Full Lifecycle/Function_access Viewer2' is clicked on

2022-06-23 21:20:30 - [MESSAGE][PASSED] - Delayed 5 second(s)

2022-06-23 21:20:31 - [MESSAGE][PASSED] - Object: 'Object Repository/HL Full Lifecycle/Function_AppButton' is clicked on

2022-06-23 21:20:36 - [MESSAGE][PASSED] - Delayed 5 second(s)

2022-06-23 21:20:41 - [MESSAGE][PASSED] - Object: 'Object Repository/HL Full Lifecycle/Function_Appbutton2' is clicked on

2022-06-23 21:20:41 - [TEST_STEP][PASSED] - Lifecycle_Status3 = getText(findTestObject("1. Constant/xpath", ["xpath":"//*[@id="source_" + refID4 + ""]/td[12]/span[1]"])): Text of object 'Object Repository/1. Constant/xpath' is: 'Phase 3.1 [Question]'

2022-06-23 21:20:42 - [MESSAGE][PASSED] - Text of object 'Object Repository/1. Constant/xpath' is: 'Phase 3.1 [Question]'

2022-06-23 21:20:42 - [TEST_STEP][PASSED] - verifyMatch(Lifecycle_Status3, "Phase 3.1 [Question]", false): Actual text 'Phase 3.1 [Question]' and expected text 'Phase 3.1 [Question]' are matched 

2022-06-23 21:20:42 - [MESSAGE][PASSED] - Actual text 'Phase 3.1 [Question]' and expected text 'Phase 3.1 [Question]' are matched 

2022-06-23 21:20:42 - [TEST_STEP][PASSED] - I.Logout(): Delayed 3 second(s)

2022-06-23 21:20:45 - [MESSAGE][PASSED] - Delayed 3 second(s)

2022-06-23 21:20:46 - [MESSAGE][PASSED] - Object: 'Object Repository/1. Constant/xpath' is clicked on

2022-06-23 21:20:49 - [MESSAGE][PASSED] - Delayed 3 second(s)

2022-06-23 21:20:53 - [MESSAGE][PASSED] - Object: 'Object Repository/1. Constant/xpath' is clicked on

2022-06-23 21:20:56 - [MESSAGE][PASSED] - Delayed 3 second(s)

2022-06-23 21:20:56 - [TEST_STEP][PASSED] - I.Login_password("talexeeva", password_talexeeva): Object: 'Object Repository/1. Constant/xpath' is clicked on

2022-06-23 21:20:57 - [MESSAGE][PASSED] - Text 'talexeeva' is set on object 'Object Repository/1. Constant/xpath'

2022-06-23 21:20:58 - [MESSAGE][PASSED] - Delayed 1 second(s)

2022-06-23 21:20:59 - [MESSAGE][PASSED] - Text 'diadeis2' is set on object 'Object Repository/1. Constant/xpath'

2022-06-23 21:21:00 - [MESSAGE][PASSED] - Delayed 1 second(s)

2022-06-23 21:21:05 - [MESSAGE][PASSED] - Object: 'Object Repository/1. Constant/xpath' is clicked on

2022-06-23 21:21:05 - [TEST_STEP][PASSED] - click(findTestObject("1. Constant/02_LHSMenu_Projects")): Object: 'Object Repository/1. Constant/02_LHSMenu_Projects' is clicked on

2022-06-23 21:21:08 - [MESSAGE][PASSED] - Object: 'Object Repository/1. Constant/02_LHSMenu_Projects' is clicked on

2022-06-23 21:21:08 - [TEST_STEP][PASSED] - I.SearchProjectNo_xpath(Project_No, "//*[@id="keynum_project"]", "//*[@id="form_filters"]/div[4]/button"): Delayed 5 second(s)

2022-06-23 21:21:09 - [MESSAGE][PASSED] - Delayed 1 second(s)

2022-06-23 21:21:10 - [MESSAGE][PASSED] - Text 'MI000883' is set on object 'Object Repository/1. Constant/xpath'

2022-06-23 21:21:13 - [MESSAGE][PASSED] - Delayed 3 second(s)

2022-06-23 21:21:13 - [MESSAGE][PASSED] - Scroll to object 'Object Repository/1. Constant/xpath' successfully

2022-06-23 21:21:16 - [MESSAGE][PASSED] - Object: 'Object Repository/1. Constant/xpath' is clicked on

2022-06-23 21:21:22 - [MESSAGE][PASSED] - Delayed 5 second(s)

2022-06-23 21:21:22 - [TEST_STEP][PASSED] - I.SearchRefNo_xpath("P4_Auto", "//*[@id="fiche_filter_keywords11"]", "//*[@id="form_filters"]/div[3]/button"): Delayed 5 second(s)

2022-06-23 21:21:23 - [MESSAGE][PASSED] - Delayed 1 second(s)

2022-06-23 21:21:27 - [MESSAGE][PASSED] - Text 'P4_Auto' is set on object 'Object Repository/1. Constant/xpath'

2022-06-23 21:21:30 - [MESSAGE][PASSED] - Delayed 3 second(s)

2022-06-23 21:21:30 - [MESSAGE][PASSED] - Scroll to object 'Object Repository/1. Constant/xpath' successfully

2022-06-23 21:21:34 - [MESSAGE][PASSED] - Object: 'Object Repository/1. Constant/xpath' is clicked on

2022-06-23 21:21:39 - [MESSAGE][PASSED] - Delayed 5 second(s)

2022-06-23 21:21:39 - [TEST_STEP][PASSED] - takeScreenshot(): Taking screenshot successfully

2022-06-23 21:21:39 - [MESSAGE][PASSED] - Taking screenshot successfully
[[ATTACHMENT|D:\\Projet Test Auto\\Mediabox Test Automation\\Reports\\20220623_184212\\03. Parallel Testing (Testing)\\TS -PT PART 3\\14.02 Dreyers Support Action (Ongoing _ Completed ref) - PART 2\\20220623_184228\\1656012099046.png]]

2022-06-23 21:21:39 - [TEST_STEP][PASSED] - I.submitquesiton_ref(findTestObject("1. Constant/xpath", ["xpath":"//*[@id="source_" + refID4 + ""]/td[13]/div[1]/button"]), findTestObject("1. Constant/xpath", ["xpath":"//*[@id="source_" + refID4 + ""]/td[13]/div[1]/div/a[1]"])): Object: 'Object Repository/1. Constant/xpath' is clicked on

2022-06-23 21:21:40 - [MESSAGE][PASSED] - Object: 'Object Repository/1. Constant/xpath' is clicked on

2022-06-23 21:21:43 - [MESSAGE][PASSED] - Delayed 3 second(s)

2022-06-23 21:21:45 - [MESSAGE][PASSED] - Object: 'Object Repository/1. Constant/xpath' is clicked on

2022-06-23 21:21:45 - [TEST_STEP][PASSED] - click(findTestObject("1. Constant/xpath", ["xpath":"//*[@id="ModifFiche"]/div[1]/div/button[2]"])): Object: 'Object Repository/1. Constant/xpath' is clicked on

2022-06-23 21:21:49 - [MESSAGE][PASSED] - Object: 'Object Repository/1. Constant/xpath' is clicked on

2022-06-23 21:21:49 - [TEST_STEP][PASSED] - takeScreenshot(): Taking screenshot successfully

2022-06-23 21:21:50 - [MESSAGE][PASSED] - Taking screenshot successfully
[[ATTACHMENT|D:\\Projet Test Auto\\Mediabox Test Automation\\Reports\\20220623_184212\\03. Parallel Testing (Testing)\\TS -PT PART 3\\14.02 Dreyers Support Action (Ongoing _ Completed ref) - PART 2\\20220623_184228\\1656012109580.png]]

2022-06-23 21:21:50 - [TEST_STEP][PASSED] - Lifecycle_Status4 = getText(findTestObject("1. Constant/xpath", ["xpath":"//*[@id="source_" + refID4 + ""]/td[12]/span[1]"])): Text of object 'Object Repository/1. Constant/xpath' is: 'Phase 3.2 [Question]'

2022-06-23 21:21:51 - [MESSAGE][PASSED] - Text of object 'Object Repository/1. Constant/xpath' is: 'Phase 3.2 [Question]'

2022-06-23 21:21:51 - [TEST_STEP][PASSED] - verifyMatch(Lifecycle_Status4, "Phase 3.2 [Question]", false): Actual text 'Phase 3.2 [Question]' and expected text 'Phase 3.2 [Question]' are matched 

2022-06-23 21:21:51 - [MESSAGE][PASSED] - Actual text 'Phase 3.2 [Question]' and expected text 'Phase 3.2 [Question]' are matched 

2022-06-23 21:21:51 - [TEST_STEP][PASSED] - I.Logout(): Delayed 3 second(s)

2022-06-23 21:21:54 - [MESSAGE][PASSED] - Delayed 3 second(s)

2022-06-23 21:21:55 - [MESSAGE][PASSED] - Object: 'Object Repository/1. Constant/xpath' is clicked on

2022-06-23 21:21:58 - [MESSAGE][PASSED] - Delayed 3 second(s)

2022-06-23 21:22:02 - [MESSAGE][PASSED] - Object: 'Object Repository/1. Constant/xpath' is clicked on

2022-06-23 21:22:05 - [MESSAGE][PASSED] - Delayed 3 second(s)

2022-06-23 21:22:05 - [TEST_STEP][PASSED] - I.Login_password("nturner", password_nturner): Object: 'Object Repository/1. Constant/xpath' is clicked on

2022-06-23 21:22:07 - [MESSAGE][PASSED] - Text 'nturner' is set on object 'Object Repository/1. Constant/xpath'

2022-06-23 21:22:08 - [MESSAGE][PASSED] - Delayed 1 second(s)

2022-06-23 21:22:09 - [MESSAGE][PASSED] - Text 'diadeis1' is set on object 'Object Repository/1. Constant/xpath'

2022-06-23 21:22:10 - [MESSAGE][PASSED] - Delayed 1 second(s)

2022-06-23 21:22:14 - [MESSAGE][PASSED] - Object: 'Object Repository/1. Constant/xpath' is clicked on

2022-06-23 21:22:14 - [TEST_STEP][PASSED] - delay(1): Delayed 1 second(s)

2022-06-23 21:22:15 - [MESSAGE][PASSED] - Delayed 1 second(s)

2022-06-23 21:22:15 - [TEST_STEP][PASSED] - takeScreenshot(): Taking screenshot successfully

2022-06-23 21:22:16 - [MESSAGE][PASSED] - Taking screenshot successfully
[[ATTACHMENT|D:\\Projet Test Auto\\Mediabox Test Automation\\Reports\\20220623_184212\\03. Parallel Testing (Testing)\\TS -PT PART 3\\14.02 Dreyers Support Action (Ongoing _ Completed ref) - PART 2\\20220623_184228\\1656012136060.png]]

2022-06-23 21:22:16 - [TEST_STEP][PASSED] - click(findTestObject("1. Constant/02_LHSMenu_Projects")): Object: 'Object Repository/1. Constant/02_LHSMenu_Projects' is clicked on

2022-06-23 21:22:20 - [MESSAGE][PASSED] - Object: 'Object Repository/1. Constant/02_LHSMenu_Projects' is clicked on

2022-06-23 21:22:20 - [TEST_STEP][PASSED] - I.SearchProjectNo_xpath(Project_No, "//*[@id="keynum_project"]", "//*[@id="form_filters"]/div[4]/button"): Delayed 5 second(s)

2022-06-23 21:22:21 - [MESSAGE][PASSED] - Delayed 1 second(s)

2022-06-23 21:22:22 - [MESSAGE][PASSED] - Text 'MI000883' is set on object 'Object Repository/1. Constant/xpath'

2022-06-23 21:22:25 - [MESSAGE][PASSED] - Delayed 3 second(s)

2022-06-23 21:22:26 - [MESSAGE][PASSED] - Scroll to object 'Object Repository/1. Constant/xpath' successfully

2022-06-23 21:22:29 - [MESSAGE][PASSED] - Object: 'Object Repository/1. Constant/xpath' is clicked on

2022-06-23 21:22:34 - [MESSAGE][PASSED] - Delayed 5 second(s)

2022-06-23 21:22:34 - [TEST_STEP][PASSED] - takeScreenshot(): Taking screenshot successfully

2022-06-23 21:22:35 - [MESSAGE][PASSED] - Taking screenshot successfully
[[ATTACHMENT|D:\\Projet Test Auto\\Mediabox Test Automation\\Reports\\20220623_184212\\03. Parallel Testing (Testing)\\TS -PT PART 3\\14.02 Dreyers Support Action (Ongoing _ Completed ref) - PART 2\\20220623_184228\\1656012155049.png]]

2022-06-23 21:22:35 - [TEST_STEP][PASSED] - I.SearchRefNo_xpath("P4_Auto", "//*[@id="fiche_filter_keywords11"]", "//*[@id="form_filters"]/div[3]/button"): Delayed 5 second(s)

2022-06-23 21:22:36 - [MESSAGE][PASSED] - Delayed 1 second(s)

2022-06-23 21:22:37 - [MESSAGE][PASSED] - Text 'P4_Auto' is set on object 'Object Repository/1. Constant/xpath'

2022-06-23 21:22:40 - [MESSAGE][PASSED] - Delayed 3 second(s)

2022-06-23 21:22:41 - [MESSAGE][PASSED] - Scroll to object 'Object Repository/1. Constant/xpath' successfully

2022-06-23 21:22:44 - [MESSAGE][PASSED] - Object: 'Object Repository/1. Constant/xpath' is clicked on

2022-06-23 21:22:49 - [MESSAGE][PASSED] - Delayed 5 second(s)

2022-06-23 21:22:49 - [TEST_STEP][PASSED] - I.submitquesiton_ref(findTestObject("1. Constant/xpath", ["xpath":"//*[@id="source_" + refID4 + ""]/td[13]/div/button"]), findTestObject("1. Constant/xpath", ["xpath":"//*[@id="source_" + refID4 + ""]/td[13]/div/div/a[1]"])): Object: 'Object Repository/1. Constant/xpath' is clicked on

2022-06-23 21:22:50 - [MESSAGE][PASSED] - Object: 'Object Repository/1. Constant/xpath' is clicked on

2022-06-23 21:22:53 - [MESSAGE][PASSED] - Delayed 3 second(s)

2022-06-23 21:22:56 - [MESSAGE][PASSED] - Object: 'Object Repository/1. Constant/xpath' is clicked on

2022-06-23 21:22:56 - [TEST_STEP][PASSED] - click(findTestObject("1. Constant/xpath", ["xpath":"//*[@id="ModifFiche"]/div[1]/div/button[2]"])): Object: 'Object Repository/1. Constant/xpath' is clicked on

2022-06-23 21:23:01 - [MESSAGE][PASSED] - Object: 'Object Repository/1. Constant/xpath' is clicked on

2022-06-23 21:23:01 - [TEST_STEP][PASSED] - Lifecycle_Status5 = getText(findTestObject("1. Constant/xpath", ["xpath":"//*[@id="source_" + refID4 + ""]/td[12]/span[1]"])): Text of object 'Object Repository/1. Constant/xpath' is: 'Phase 3.3 [Standard]'

2022-06-23 21:23:02 - [MESSAGE][PASSED] - Text of object 'Object Repository/1. Constant/xpath' is: 'Phase 3.3 [Standard]'

2022-06-23 21:23:02 - [TEST_STEP][PASSED] - verifyMatch(Lifecycle_Status5, "Phase 3.3 [Standard]", false): Actual text 'Phase 3.3 [Standard]' and expected text 'Phase 3.3 [Standard]' are matched 

2022-06-23 21:23:02 - [MESSAGE][PASSED] - Actual text 'Phase 3.3 [Standard]' and expected text 'Phase 3.3 [Standard]' are matched 

2022-06-23 21:23:02 - [TEST_STEP][PASSED] - takeScreenshot(): Taking screenshot successfully

2022-06-23 21:23:02 - [MESSAGE][PASSED] - Taking screenshot successfully
[[ATTACHMENT|D:\\Projet Test Auto\\Mediabox Test Automation\\Reports\\20220623_184212\\03. Parallel Testing (Testing)\\TS -PT PART 3\\14.02 Dreyers Support Action (Ongoing _ Completed ref) - PART 2\\20220623_184228\\1656012182362.png]]

2022-06-23 21:23:02 - [TEST_STEP][PASSED] - I.Logout(): Delayed 3 second(s)

2022-06-23 21:23:05 - [MESSAGE][PASSED] - Delayed 3 second(s)

2022-06-23 21:23:06 - [MESSAGE][PASSED] - Object: 'Object Repository/1. Constant/xpath' is clicked on

2022-06-23 21:23:09 - [MESSAGE][PASSED] - Delayed 3 second(s)

2022-06-23 21:23:12 - [MESSAGE][PASSED] - Object: 'Object Repository/1. Constant/xpath' is clicked on

2022-06-23 21:23:15 - [MESSAGE][PASSED] - Delayed 3 second(s)

2022-06-23 21:23:15 - [TEST_STEP][PASSED] - I.Login_password("jryan", password_jryan): Object: 'Object Repository/1. Constant/xpath' is clicked on

2022-06-23 21:23:17 - [MESSAGE][PASSED] - Text 'jryan' is set on object 'Object Repository/1. Constant/xpath'

2022-06-23 21:23:18 - [MESSAGE][PASSED] - Delayed 1 second(s)

2022-06-23 21:23:20 - [MESSAGE][PASSED] - Text 'diadeis' is set on object 'Object Repository/1. Constant/xpath'

2022-06-23 21:23:21 - [MESSAGE][PASSED] - Delayed 1 second(s)

2022-06-23 21:23:26 - [MESSAGE][PASSED] - Object: 'Object Repository/1. Constant/xpath' is clicked on

2022-06-23 21:23:26 - [TEST_STEP][PASSED] - takeScreenshot(): Taking screenshot successfully

2022-06-23 21:23:27 - [MESSAGE][PASSED] - Taking screenshot successfully
[[ATTACHMENT|D:\\Projet Test Auto\\Mediabox Test Automation\\Reports\\20220623_184212\\03. Parallel Testing (Testing)\\TS -PT PART 3\\14.02 Dreyers Support Action (Ongoing _ Completed ref) - PART 2\\20220623_184228\\1656012206902.png]]

2022-06-23 21:23:27 - [TEST_STEP][PASSED] - click(findTestObject("1. Constant/02_LHSMenu_Projects")): Object: 'Object Repository/1. Constant/02_LHSMenu_Projects' is clicked on

2022-06-23 21:23:29 - [MESSAGE][PASSED] - Object: 'Object Repository/1. Constant/02_LHSMenu_Projects' is clicked on

2022-06-23 21:23:29 - [TEST_STEP][PASSED] - I.SearchProjectNo_xpath(Project_No, "//*[@id="keynum_project"]", "//*[@id="form_filters"]/div[4]/button"): Delayed 5 second(s)

2022-06-23 21:23:30 - [MESSAGE][PASSED] - Delayed 1 second(s)

2022-06-23 21:23:33 - [MESSAGE][PASSED] - Text 'MI000883' is set on object 'Object Repository/1. Constant/xpath'

2022-06-23 21:23:36 - [MESSAGE][PASSED] - Delayed 3 second(s)

2022-06-23 21:23:37 - [MESSAGE][PASSED] - Scroll to object 'Object Repository/1. Constant/xpath' successfully

2022-06-23 21:23:40 - [MESSAGE][PASSED] - Object: 'Object Repository/1. Constant/xpath' is clicked on

2022-06-23 21:23:45 - [MESSAGE][PASSED] - Delayed 5 second(s)

2022-06-23 21:23:45 - [TEST_STEP][PASSED] - takeScreenshot(): Taking screenshot successfully

2022-06-23 21:23:45 - [MESSAGE][PASSED] - Taking screenshot successfully
[[ATTACHMENT|D:\\Projet Test Auto\\Mediabox Test Automation\\Reports\\20220623_184212\\03. Parallel Testing (Testing)\\TS -PT PART 3\\14.02 Dreyers Support Action (Ongoing _ Completed ref) - PART 2\\20220623_184228\\1656012225392.png]]

2022-06-23 21:23:45 - [TEST_STEP][PASSED] - I.SearchRefNo_xpath("P4_Auto", "//*[@id="fiche_filter_keywords11"]", "//*[@id="form_filters"]/div[3]/button"): Delayed 5 second(s)

2022-06-23 21:23:46 - [MESSAGE][PASSED] - Delayed 1 second(s)

2022-06-23 21:23:47 - [MESSAGE][PASSED] - Text 'P4_Auto' is set on object 'Object Repository/1. Constant/xpath'

2022-06-23 21:23:50 - [MESSAGE][PASSED] - Delayed 3 second(s)

2022-06-23 21:23:50 - [MESSAGE][PASSED] - Scroll to object 'Object Repository/1. Constant/xpath' successfully

2022-06-23 21:23:56 - [MESSAGE][PASSED] - Object: 'Object Repository/1. Constant/xpath' is clicked on

2022-06-23 21:24:01 - [MESSAGE][PASSED] - Delayed 5 second(s)

2022-06-23 21:24:01 - [TEST_STEP][PASSED] - takeScreenshot(): Taking screenshot successfully

2022-06-23 21:24:02 - [MESSAGE][PASSED] - Taking screenshot successfully
[[ATTACHMENT|D:\\Projet Test Auto\\Mediabox Test Automation\\Reports\\20220623_184212\\03. Parallel Testing (Testing)\\TS -PT PART 3\\14.02 Dreyers Support Action (Ongoing _ Completed ref) - PART 2\\20220623_184228\\1656012241940.png]]

2022-06-23 21:24:02 - [TEST_STEP][PASSED] - click(findTestObject("1. Constant/xpath", ["xpath":"//*[@id="source_" + refID4 + ""]/td[14]/a[2]"])): Object: 'Object Repository/1. Constant/xpath' is clicked on

2022-06-23 21:24:05 - [MESSAGE][PASSED] - Object: 'Object Repository/1. Constant/xpath' is clicked on

2022-06-23 21:24:05 - [TEST_STEP][PASSED] - click(findTestObject("1. Constant/xpath", ["xpath":"//*[@id="ModifFiche"]/div[1]/div/button[2]"])): Object: 'Object Repository/1. Constant/xpath' is clicked on

2022-06-23 21:24:09 - [MESSAGE][PASSED] - Object: 'Object Repository/1. Constant/xpath' is clicked on

2022-06-23 21:24:09 - [TEST_STEP][PASSED] - Lifecycle_Status6 = getText(findTestObject("1. Constant/xpath", ["xpath":"//*[@id="source_" + refID4 + ""]/td[12]/span[1]"])): Text of object 'Object Repository/1. Constant/xpath' is: 'Phase 3.4 [Standard]'

2022-06-23 21:24:11 - [MESSAGE][PASSED] - Text of object 'Object Repository/1. Constant/xpath' is: 'Phase 3.4 [Standard]'

2022-06-23 21:24:11 - [TEST_STEP][PASSED] - verifyMatch(Lifecycle_Status6, "Phase 3.4 [Standard]", false): Actual text 'Phase 3.4 [Standard]' and expected text 'Phase 3.4 [Standard]' are matched 

2022-06-23 21:24:11 - [MESSAGE][PASSED] - Actual text 'Phase 3.4 [Standard]' and expected text 'Phase 3.4 [Standard]' are matched 

2022-06-23 21:24:11 - [TEST_STEP][PASSED] - takeScreenshot(): Taking screenshot successfully

2022-06-23 21:24:12 - [MESSAGE][PASSED] - Taking screenshot successfully
[[ATTACHMENT|D:\\Projet Test Auto\\Mediabox Test Automation\\Reports\\20220623_184212\\03. Parallel Testing (Testing)\\TS -PT PART 3\\14.02 Dreyers Support Action (Ongoing _ Completed ref) - PART 2\\20220623_184228\\1656012252020.png]]

2022-06-23 21:24:12 - [TEST_STEP][PASSED] - I.Logout(): Delayed 3 second(s)

2022-06-23 21:24:15 - [MESSAGE][PASSED] - Delayed 3 second(s)

2022-06-23 21:24:16 - [MESSAGE][PASSED] - Object: 'Object Repository/1. Constant/xpath' is clicked on

2022-06-23 21:24:19 - [MESSAGE][PASSED] - Delayed 3 second(s)

2022-06-23 21:24:23 - [MESSAGE][PASSED] - Object: 'Object Repository/1. Constant/xpath' is clicked on

2022-06-23 21:24:26 - [MESSAGE][PASSED] - Delayed 3 second(s)

2022-06-23 21:24:26 - [TEST_STEP][PASSED] - I.Login_password("nturner", password_nturner): Object: 'Object Repository/1. Constant/xpath' is clicked on

2022-06-23 21:24:28 - [MESSAGE][PASSED] - Text 'nturner' is set on object 'Object Repository/1. Constant/xpath'

2022-06-23 21:24:29 - [MESSAGE][PASSED] - Delayed 1 second(s)

2022-06-23 21:24:31 - [MESSAGE][PASSED] - Text 'diadeis1' is set on object 'Object Repository/1. Constant/xpath'

2022-06-23 21:24:32 - [MESSAGE][PASSED] - Delayed 1 second(s)

2022-06-23 21:24:37 - [MESSAGE][PASSED] - Object: 'Object Repository/1. Constant/xpath' is clicked on

2022-06-23 21:24:37 - [TEST_STEP][PASSED] - takeScreenshot(): Taking screenshot successfully

2022-06-23 21:24:38 - [MESSAGE][PASSED] - Taking screenshot successfully
[[ATTACHMENT|D:\\Projet Test Auto\\Mediabox Test Automation\\Reports\\20220623_184212\\03. Parallel Testing (Testing)\\TS -PT PART 3\\14.02 Dreyers Support Action (Ongoing _ Completed ref) - PART 2\\20220623_184228\\1656012277507.png]]

2022-06-23 21:24:38 - [TEST_STEP][PASSED] - click(findTestObject("1. Constant/02_LHSMenu_Projects")): Object: 'Object Repository/1. Constant/02_LHSMenu_Projects' is clicked on

2022-06-23 21:24:45 - [MESSAGE][PASSED] - Object: 'Object Repository/1. Constant/02_LHSMenu_Projects' is clicked on

2022-06-23 21:24:45 - [TEST_STEP][PASSED] - I.SearchProjectNo_xpath(Project_No, "//*[@id="keynum_project"]", "//*[@id="form_filters"]/div[4]/button"): Delayed 5 second(s)

2022-06-23 21:24:46 - [MESSAGE][PASSED] - Delayed 1 second(s)

2022-06-23 21:24:48 - [MESSAGE][PASSED] - Text 'MI000883' is set on object 'Object Repository/1. Constant/xpath'

2022-06-23 21:24:51 - [MESSAGE][PASSED] - Delayed 3 second(s)

2022-06-23 21:24:52 - [MESSAGE][PASSED] - Scroll to object 'Object Repository/1. Constant/xpath' successfully

2022-06-23 21:24:55 - [MESSAGE][PASSED] - Object: 'Object Repository/1. Constant/xpath' is clicked on

2022-06-23 21:25:00 - [MESSAGE][PASSED] - Delayed 5 second(s)

2022-06-23 21:25:00 - [TEST_STEP][PASSED] - takeScreenshot(): Taking screenshot successfully

2022-06-23 21:25:01 - [MESSAGE][PASSED] - Taking screenshot successfully
[[ATTACHMENT|D:\\Projet Test Auto\\Mediabox Test Automation\\Reports\\20220623_184212\\03. Parallel Testing (Testing)\\TS -PT PART 3\\14.02 Dreyers Support Action (Ongoing _ Completed ref) - PART 2\\20220623_184228\\1656012300547.png]]

2022-06-23 21:25:01 - [TEST_STEP][PASSED] - I.SearchRefNo_xpath("P4_Auto", "//*[@id="fiche_filter_keywords11"]", "//*[@id="form_filters"]/div[3]/button"): Delayed 5 second(s)

2022-06-23 21:25:02 - [MESSAGE][PASSED] - Delayed 1 second(s)

2022-06-23 21:25:04 - [MESSAGE][PASSED] - Text 'P4_Auto' is set on object 'Object Repository/1. Constant/xpath'

2022-06-23 21:25:07 - [MESSAGE][PASSED] - Delayed 3 second(s)

2022-06-23 21:25:07 - [MESSAGE][PASSED] - Scroll to object 'Object Repository/1. Constant/xpath' successfully

2022-06-23 21:25:10 - [MESSAGE][PASSED] - Object: 'Object Repository/1. Constant/xpath' is clicked on

2022-06-23 21:25:15 - [MESSAGE][PASSED] - Delayed 5 second(s)

2022-06-23 21:25:15 - [TEST_STEP][PASSED] - click(findTestObject("1. Constant/xpath", ["xpath":"//*[@id="source_" + refID4 + ""]/td[13]/a[2]"])): Object: 'Object Repository/1. Constant/xpath' is clicked on

2022-06-23 21:25:19 - [MESSAGE][PASSED] - Object: 'Object Repository/1. Constant/xpath' is clicked on

2022-06-23 21:25:19 - [TEST_STEP][PASSED] - click(findTestObject("1. Constant/xpath", ["xpath":"//*[@id="ModifFiche"]/div[1]/div/button[2]"])): Object: 'Object Repository/1. Constant/xpath' is clicked on

2022-06-23 21:25:25 - [MESSAGE][PASSED] - Object: 'Object Repository/1. Constant/xpath' is clicked on

2022-06-23 21:25:25 - [TEST_STEP][PASSED] - Lifecycle_Status7 = getText(findTestObject("1. Constant/xpath", ["xpath":"//*[@id="source_" + refID4 + ""]/td[12]/span[1]"])): Text of object 'Object Repository/1. Constant/xpath' is: 'Phase 3.5[Prod]'

2022-06-23 21:25:26 - [MESSAGE][PASSED] - Text of object 'Object Repository/1. Constant/xpath' is: 'Phase 3.5[Prod]'

2022-06-23 21:25:26 - [TEST_STEP][PASSED] - verifyMatch(Lifecycle_Status7, "Phase 3.5[Prod]", false): Actual text 'Phase 3.5[Prod]' and expected text 'Phase 3.5[Prod]' are matched 

2022-06-23 21:25:26 - [MESSAGE][PASSED] - Actual text 'Phase 3.5[Prod]' and expected text 'Phase 3.5[Prod]' are matched 

2022-06-23 21:25:26 - [TEST_STEP][PASSED] - takeScreenshot(): Taking screenshot successfully

2022-06-23 21:25:26 - [MESSAGE][PASSED] - Taking screenshot successfully
[[ATTACHMENT|D:\\Projet Test Auto\\Mediabox Test Automation\\Reports\\20220623_184212\\03. Parallel Testing (Testing)\\TS -PT PART 3\\14.02 Dreyers Support Action (Ongoing _ Completed ref) - PART 2\\20220623_184228\\1656012326204.png]]

2022-06-23 21:25:26 - [TEST_STEP][PASSED] - I.Logout(): Delayed 3 second(s)

2022-06-23 21:25:29 - [MESSAGE][PASSED] - Delayed 3 second(s)

2022-06-23 21:25:30 - [MESSAGE][PASSED] - Object: 'Object Repository/1. Constant/xpath' is clicked on

2022-06-23 21:25:33 - [MESSAGE][PASSED] - Delayed 3 second(s)

2022-06-23 21:25:36 - [MESSAGE][PASSED] - Object: 'Object Repository/1. Constant/xpath' is clicked on

2022-06-23 21:25:39 - [MESSAGE][PASSED] - Delayed 3 second(s)

2022-06-23 21:25:39 - [TEST_STEP][PASSED] - I.Login_password("lmary", password_lmary): Object: 'Object Repository/1. Constant/xpath' is clicked on

2022-06-23 21:25:40 - [MESSAGE][PASSED] - Text 'lmary' is set on object 'Object Repository/1. Constant/xpath'

2022-06-23 21:25:41 - [MESSAGE][PASSED] - Delayed 1 second(s)

2022-06-23 21:25:42 - [MESSAGE][PASSED] - Text 'diadeis' is set on object 'Object Repository/1. Constant/xpath'

2022-06-23 21:25:43 - [MESSAGE][PASSED] - Delayed 1 second(s)

2022-06-23 21:25:48 - [MESSAGE][PASSED] - Object: 'Object Repository/1. Constant/xpath' is clicked on

2022-06-23 21:25:48 - [TEST_STEP][PASSED] - takeScreenshot(): Taking screenshot successfully

2022-06-23 21:25:49 - [MESSAGE][PASSED] - Taking screenshot successfully
[[ATTACHMENT|D:\\Projet Test Auto\\Mediabox Test Automation\\Reports\\20220623_184212\\03. Parallel Testing (Testing)\\TS -PT PART 3\\14.02 Dreyers Support Action (Ongoing _ Completed ref) - PART 2\\20220623_184228\\1656012348571.png]]

2022-06-23 21:25:49 - [TEST_STEP][PASSED] - click(findTestObject("1. Constant/02_LHSMenu_Projects")): Object: 'Object Repository/1. Constant/02_LHSMenu_Projects' is clicked on

2022-06-23 21:25:53 - [MESSAGE][PASSED] - Object: 'Object Repository/1. Constant/02_LHSMenu_Projects' is clicked on

2022-06-23 21:25:53 - [TEST_STEP][PASSED] - I.SearchProjectNo_xpath(Project_No, "//*[@id="keynum_project"]", "//*[@id="form_filters"]/div[4]/button"): Delayed 5 second(s)

2022-06-23 21:25:54 - [MESSAGE][PASSED] - Delayed 1 second(s)

2022-06-23 21:25:54 - [MESSAGE][PASSED] - Text 'MI000883' is set on object 'Object Repository/1. Constant/xpath'

2022-06-23 21:25:57 - [MESSAGE][PASSED] - Delayed 3 second(s)

2022-06-23 21:25:58 - [MESSAGE][PASSED] - Scroll to object 'Object Repository/1. Constant/xpath' successfully

2022-06-23 21:26:01 - [MESSAGE][PASSED] - Object: 'Object Repository/1. Constant/xpath' is clicked on

2022-06-23 21:26:06 - [MESSAGE][PASSED] - Delayed 5 second(s)

2022-06-23 21:26:06 - [TEST_STEP][PASSED] - takeScreenshot(): Taking screenshot successfully

2022-06-23 21:26:07 - [MESSAGE][PASSED] - Taking screenshot successfully
[[ATTACHMENT|D:\\Projet Test Auto\\Mediabox Test Automation\\Reports\\20220623_184212\\03. Parallel Testing (Testing)\\TS -PT PART 3\\14.02 Dreyers Support Action (Ongoing _ Completed ref) - PART 2\\20220623_184228\\1656012366630.png]]

2022-06-23 21:26:07 - [TEST_STEP][PASSED] - I.SearchRefNo_xpath("P4_Auto", "//*[@id="fiche_filter_keywords11"]", "//*[@id="form_filters"]/div[3]/button"): Delayed 5 second(s)

2022-06-23 21:26:08 - [MESSAGE][PASSED] - Delayed 1 second(s)

2022-06-23 21:26:09 - [MESSAGE][PASSED] - Text 'P4_Auto' is set on object 'Object Repository/1. Constant/xpath'

2022-06-23 21:26:12 - [MESSAGE][PASSED] - Delayed 3 second(s)

2022-06-23 21:26:12 - [MESSAGE][PASSED] - Scroll to object 'Object Repository/1. Constant/xpath' successfully

2022-06-23 21:26:18 - [MESSAGE][PASSED] - Object: 'Object Repository/1. Constant/xpath' is clicked on

2022-06-23 21:26:23 - [MESSAGE][PASSED] - Delayed 5 second(s)

2022-06-23 21:26:23 - [TEST_STEP][PASSED] - takeScreenshot(): Taking screenshot successfully

2022-06-23 21:26:24 - [MESSAGE][PASSED] - Taking screenshot successfully
[[ATTACHMENT|D:\\Projet Test Auto\\Mediabox Test Automation\\Reports\\20220623_184212\\03. Parallel Testing (Testing)\\TS -PT PART 3\\14.02 Dreyers Support Action (Ongoing _ Completed ref) - PART 2\\20220623_184228\\1656012383390.png]]

2022-06-23 21:26:24 - [TEST_STEP][PASSED] - color3 = getCSSValue(findTestObject("1. Constant/xpath", ["xpath":"//*[@id="source_" + refID4 + ""]/td[13]/a"]), "color", OPTIONAL): Get CSS 'color' value on 'Object Repository/1. Constant/xpath' successfully: 'rgba(255, 255, 255, 1)'.

2022-06-23 21:26:25 - [MESSAGE][PASSED] - Get CSS 'color' value on 'Object Repository/1. Constant/xpath' successfully: 'rgba(255, 255, 255, 1)'.

2022-06-23 21:26:25 - [TEST_STEP][PASSED] - while (color3 == "rgba(255, 255, 255, 1)"): Get CSS 'color' value on 'Object Repository/1. Constant/xpath' successfully: 'rgba(54, 153, 255, 1)'.

2022-06-23 21:26:25 - [TEST_STEP][PASSED] - click(findTestObject("1. Constant/xpath", ["xpath":"//*[@id="source_" + refID4 + ""]/td[13]/a"])): Object: 'Object Repository/1. Constant/xpath' is clicked on

2022-06-23 21:26:27 - [MESSAGE][PASSED] - Object: 'Object Repository/1. Constant/xpath' is clicked on

2022-06-23 21:26:27 - [TEST_STEP][PASSED] - selectOptionByValue(findTestObject("1. Constant/xpath", ["xpath":"//*[@id="id_approval_flow_tpl"]"]), "80", false): All options with value '80' are selected in object 'Object Repository/1. Constant/xpath' 

2022-06-23 21:26:28 - [MESSAGE][PASSED] - All options with value '80' are selected in object 'Object Repository/1. Constant/xpath' 

2022-06-23 21:26:28 - [TEST_STEP][PASSED] - I.UploadDoc_sendkey_Prod(findTestObject("1. Constant/xpath", ["xpath":"//*[@id="kt_body"]/input[2]"]), "D:\Upoad_File\Upload doc\testdata1.jpg", "testdata1"): Delayed 5 second(s)

2022-06-23 21:26:28 - [MESSAGE][PASSED] - Scroll to object 'Object Repository/1. Constant/xpath' successfully

2022-06-23 21:26:33 - [MESSAGE][PASSED] - Delayed 5 second(s)

2022-06-23 21:26:35 - [MESSAGE][PASSED] - File 'D:\Upoad_File\Upload doc\testdata1.jpg' sent to object: 'Object Repository/1. Constant/xpath'

2022-06-23 21:26:40 - [MESSAGE][PASSED] - Delayed 5 second(s)

2022-06-23 21:26:41 - [MESSAGE][PASSED] - Text 'testdata1' is present on page 

2022-06-23 21:26:46 - [MESSAGE][PASSED] - Delayed 5 second(s)

2022-06-23 21:26:51 - [MESSAGE][PASSED] - Delayed 5 second(s)

2022-06-23 21:26:51 - [TEST_STEP][PASSED] - takeScreenshot(): Taking screenshot successfully

2022-06-23 21:26:52 - [MESSAGE][PASSED] - Taking screenshot successfully
[[ATTACHMENT|D:\\Projet Test Auto\\Mediabox Test Automation\\Reports\\20220623_184212\\03. Parallel Testing (Testing)\\TS -PT PART 3\\14.02 Dreyers Support Action (Ongoing _ Completed ref) - PART 2\\20220623_184228\\1656012411509.png]]

2022-06-23 21:26:52 - [TEST_STEP][PASSED] - delay(8): Delayed 8 second(s)

2022-06-23 21:27:00 - [MESSAGE][PASSED] - Delayed 8 second(s)

2022-06-23 21:27:00 - [TEST_STEP][PASSED] - click(findTestObject("HL Full Lifecycle/12 ReferncePage_Button_Updatensenddoc")): Object: 'Object Repository/HL Full Lifecycle/12 ReferncePage_Button_Updatensenddoc' is clicked on

2022-06-23 21:27:07 - [MESSAGE][PASSED] - Object: 'Object Repository/HL Full Lifecycle/12 ReferncePage_Button_Updatensenddoc' is clicked on

2022-06-23 21:27:07 - [TEST_STEP][PASSED] - delay(5): Delayed 5 second(s)

2022-06-23 21:27:12 - [MESSAGE][PASSED] - Delayed 5 second(s)

2022-06-23 21:27:12 - [TEST_STEP][PASSED] - color3 = getCSSValue(findTestObject("1. Constant/xpath", ["xpath":"//*[@id="source_" + refID4 + ""]/td[13]/a"]), "color", OPTIONAL): Get CSS 'color' value on 'Object Repository/1. Constant/xpath' successfully: 'rgba(54, 153, 255, 1)'.

2022-06-23 21:27:12 - [MESSAGE][PASSED] - Get CSS 'color' value on 'Object Repository/1. Constant/xpath' successfully: 'rgba(54, 153, 255, 1)'.

2022-06-23 21:27:12 - [TEST_STEP][PASSED] - I.Logout(): Delayed 3 second(s)

2022-06-23 21:27:15 - [MESSAGE][PASSED] - Delayed 3 second(s)

2022-06-23 21:27:16 - [MESSAGE][PASSED] - Object: 'Object Repository/1. Constant/xpath' is clicked on

2022-06-23 21:27:19 - [MESSAGE][PASSED] - Delayed 3 second(s)

2022-06-23 21:27:23 - [MESSAGE][PASSED] - Object: 'Object Repository/1. Constant/xpath' is clicked on

2022-06-23 21:27:26 - [MESSAGE][PASSED] - Delayed 3 second(s)

2022-06-23 21:27:26 - [TEST_STEP][PASSED] - I.Login_password("blemco", password_blemco): Object: 'Object Repository/1. Constant/xpath' is clicked on

2022-06-23 21:27:28 - [MESSAGE][PASSED] - Text 'blemco' is set on object 'Object Repository/1. Constant/xpath'

2022-06-23 21:27:29 - [MESSAGE][PASSED] - Delayed 1 second(s)

2022-06-23 21:27:31 - [MESSAGE][PASSED] - Text 'diadeis1' is set on object 'Object Repository/1. Constant/xpath'

2022-06-23 21:27:32 - [MESSAGE][PASSED] - Delayed 1 second(s)

2022-06-23 21:27:37 - [MESSAGE][PASSED] - Object: 'Object Repository/1. Constant/xpath' is clicked on

2022-06-23 21:27:37 - [TEST_STEP][PASSED] - takeScreenshot(): Taking screenshot successfully

2022-06-23 21:27:37 - [MESSAGE][PASSED] - Taking screenshot successfully
[[ATTACHMENT|D:\\Projet Test Auto\\Mediabox Test Automation\\Reports\\20220623_184212\\03. Parallel Testing (Testing)\\TS -PT PART 3\\14.02 Dreyers Support Action (Ongoing _ Completed ref) - PART 2\\20220623_184228\\1656012457306.png]]

2022-06-23 21:27:37 - [TEST_STEP][PASSED] - click(findTestObject("1. Constant/02_LHSMenu_Projects")): Object: 'Object Repository/1. Constant/02_LHSMenu_Projects' is clicked on

2022-06-23 21:27:41 - [MESSAGE][PASSED] - Object: 'Object Repository/1. Constant/02_LHSMenu_Projects' is clicked on

2022-06-23 21:27:41 - [TEST_STEP][PASSED] - I.SearchProjectNo_xpath(Project_No, "//*[@id="keynum_project"]", "//*[@id="form_filters"]/div[4]/button"): Delayed 5 second(s)

2022-06-23 21:27:42 - [MESSAGE][PASSED] - Delayed 1 second(s)

2022-06-23 21:27:44 - [MESSAGE][PASSED] - Text 'MI000883' is set on object 'Object Repository/1. Constant/xpath'

2022-06-23 21:27:47 - [MESSAGE][PASSED] - Delayed 3 second(s)

2022-06-23 21:27:47 - [MESSAGE][PASSED] - Scroll to object 'Object Repository/1. Constant/xpath' successfully

2022-06-23 21:27:52 - [MESSAGE][PASSED] - Object: 'Object Repository/1. Constant/xpath' is clicked on

2022-06-23 21:27:57 - [MESSAGE][PASSED] - Delayed 5 second(s)

2022-06-23 21:27:57 - [TEST_STEP][PASSED] - takeScreenshot(): Taking screenshot successfully

2022-06-23 21:27:58 - [MESSAGE][PASSED] - Taking screenshot successfully
[[ATTACHMENT|D:\\Projet Test Auto\\Mediabox Test Automation\\Reports\\20220623_184212\\03. Parallel Testing (Testing)\\TS -PT PART 3\\14.02 Dreyers Support Action (Ongoing _ Completed ref) - PART 2\\20220623_184228\\1656012478450.png]]

2022-06-23 21:27:58 - [TEST_STEP][PASSED] - I.SearchRefNo_xpath("P4_Auto", "//*[@id="fiche_filter_keywords11"]", "//*[@id="form_filters"]/div[3]/button"): Delayed 5 second(s)

2022-06-23 21:27:59 - [MESSAGE][PASSED] - Delayed 1 second(s)

2022-06-23 21:28:02 - [MESSAGE][PASSED] - Text 'P4_Auto' is set on object 'Object Repository/1. Constant/xpath'

2022-06-23 21:28:05 - [MESSAGE][PASSED] - Delayed 3 second(s)

2022-06-23 21:28:06 - [MESSAGE][PASSED] - Scroll to object 'Object Repository/1. Constant/xpath' successfully

2022-06-23 21:28:10 - [MESSAGE][PASSED] - Object: 'Object Repository/1. Constant/xpath' is clicked on

2022-06-23 21:28:15 - [MESSAGE][PASSED] - Delayed 5 second(s)

2022-06-23 21:28:15 - [TEST_STEP][PASSED] - delay(3): Delayed 3 second(s)

2022-06-23 21:28:18 - [MESSAGE][PASSED] - Delayed 3 second(s)

2022-06-23 21:28:18 - [TEST_STEP][PASSED] - I.AWF_approve_byaction(findTestObject("1. Constant/xpath", ["xpath":"//*[@id="source_" + refID4 + ""]/td[13]/a[2]"])): Object: 'Object Repository/HL Full Lifecycle/Function_Appbutton2' is clicked on

2022-06-23 21:28:24 - [MESSAGE][PASSED] - Delayed 5 second(s)

2022-06-23 21:28:31 - [MESSAGE][PASSED] - Object: 'Object Repository/1. Constant/xpath' is clicked on

2022-06-23 21:28:31 - [MESSAGE][PASSED] - Object: 'Object Repository/HL Full Lifecycle/Function_access Viewer2' is hovered

2022-06-23 21:28:34 - [MESSAGE][PASSED] - Delayed 3 second(s)

2022-06-23 21:28:37 - [MESSAGE][PASSED] - Object: 'Object Repository/HL Full Lifecycle/Function_access Viewer2' is clicked on

2022-06-23 21:28:42 - [MESSAGE][PASSED] - Delayed 5 second(s)

2022-06-23 21:28:43 - [MESSAGE][PASSED] - Object: 'Object Repository/HL Full Lifecycle/Function_AppButton' is clicked on

2022-06-23 21:28:48 - [MESSAGE][PASSED] - Delayed 5 second(s)

2022-06-23 21:28:54 - [MESSAGE][PASSED] - Object: 'Object Repository/HL Full Lifecycle/Function_Appbutton2' is clicked on

2022-06-23 21:28:54 - [TEST_STEP][PASSED] - Lifecycle_Status8 = getText(findTestObject("1. Constant/xpath", ["xpath":"//*[@id="source_" + refID4 + ""]/td[12]/span[1]"])): Text of object 'Object Repository/1. Constant/xpath' is: 'Complete'

2022-06-23 21:28:55 - [MESSAGE][PASSED] - Text of object 'Object Repository/1. Constant/xpath' is: 'Complete'

2022-06-23 21:28:55 - [TEST_STEP][PASSED] - verifyMatch(Lifecycle_Status8, "Complete", false): Actual text 'Complete' and expected text 'Complete' are matched 

2022-06-23 21:28:55 - [MESSAGE][PASSED] - Actual text 'Complete' and expected text 'Complete' are matched 

2022-06-23 21:28:55 - [TEST_STEP][PASSED] - takeScreenshot(): Taking screenshot successfully

2022-06-23 21:28:56 - [MESSAGE][PASSED] - Taking screenshot successfully
[[ATTACHMENT|D:\\Projet Test Auto\\Mediabox Test Automation\\Reports\\20220623_184212\\03. Parallel Testing (Testing)\\TS -PT PART 3\\14.02 Dreyers Support Action (Ongoing _ Completed ref) - PART 2\\20220623_184228\\1656012535889.png]]

2022-06-23 21:28:56 - [TEST_STEP][PASSED] - I.writenotepad("D:\Upoad_File\Projet_ Login\Dreyers\19.1\19.4_Dreyers_refID4.txt", refID4): null

2022-06-23 21:28:56 - [TEST_STEP][PASSED] - closeBrowser(): Browser is closed

2022-06-23 21:29:03 - [MESSAGE][PASSED] - Browser is closed

2022-06-23 21:29:03 - [TEST_STEP][PASSED] - Start listener action : sampleAfterTestCase: null]]></system-out>
         <system-err><![CDATA[]]></system-err>
      </testcase>
      <testcase name="Test Cases/19. Dreyers Support Action (Ongoing ref_completed)/19.15 Dreyers SAS Add Step Group (Completed) S20- Used P4_P15" time="297.614" classname="Test Cases/19. Dreyers Support Action (Ongoing ref_completed)/19.15 Dreyers SAS Add Step Group (Completed) S20- Used P4_P15" status="PASSED">
         <system-out><![CDATA[2022-06-23 21:29:03 - [TEST_CASE][PASSED] - Test Cases/19. Dreyers Support Action (Ongoing ref_completed)/19.15 Dreyers SAS Add Step Group (Completed) S20- Used P4_P15: Test Cases/19. Dreyers Support Action (Ongoing ref_completed)/19.15 Dreyers SAS Add Step Group (Completed) S20- Used P4_P15

2022-06-23 21:29:04 - [TEST_STEP][PASSED] - data_Dreyers = findTestData("Data Files/Username_Password/Dreyer"): null

2022-06-23 21:29:04 - [TEST_STEP][PASSED] - password_suser = data_Dreyers.getValue(2, 1): null

2022-06-23 21:29:04 - [TEST_STEP][PASSED] - password_nturner = data_Dreyers.getValue(2, 6): null

2022-06-23 21:29:04 - [TEST_STEP][PASSED] - password_talexeeva = data_Dreyers.getValue(2, 7): null

2022-06-23 21:29:04 - [TEST_STEP][PASSED] - data_urlRELAUTO = findTestData("Data Files/URL/URL_relauto"): null

2022-06-23 21:29:04 - [TEST_STEP][PASSED] - Url_Dreyer = data_urlRELAUTO.getValue(2, 4): null

2022-06-23 21:29:04 - [TEST_STEP][PASSED] - Project_No = I.readnotepad("D:\Upoad_File\Projet_ Login\Dreyers\19.1\19.1_Dreyers_ProjectNo.txt"): null

2022-06-23 21:29:04 - [TEST_STEP][PASSED] - refID = I.readnotepad("D:\Upoad_File\Projet_ Login\Dreyers\19.1\19.1_Dreyers_refID.txt"): null

2022-06-23 21:29:04 - [TEST_STEP][PASSED] - refID4 = I.readnotepad("D:\Upoad_File\Projet_ Login\Dreyers\19.1\19.4_Dreyers_refID4.txt"): null

2022-06-23 21:29:04 - [TEST_STEP][PASSED] - openBrowser(Url_Dreyer): Browser is opened with url: 'http://mdb-release.diadeis.lan/MediaboxIndependence/?MBI_datasource=RELTESTAUTO_DREYERS'

2022-06-23 21:29:04 - [MESSAGE][INFO] - Starting 'Chrome (headless)' driver

2022-06-23 21:29:04 - [MESSAGE][INFO] - User set preference: ['args', '[--window-size=1920,1080, --headless]']

2022-06-23 21:29:04 - [MESSAGE][INFO] - Action delay is set to 0 milliseconds

2022-06-23 21:29:29 - [MESSAGE][PASSED] - Browser is opened with url: 'http://mdb-release.diadeis.lan/MediaboxIndependence/?MBI_datasource=RELTESTAUTO_DREYERS'

2022-06-23 21:29:29 - [TEST_STEP][PASSED] - maximizeWindow(): Current window maximized

2022-06-23 21:29:29 - [MESSAGE][PASSED] - Current window maximized

2022-06-23 21:29:29 - [TEST_STEP][PASSED] - I.Login_password("suser", password_suser): Object: 'Object Repository/1. Constant/xpath' is clicked on

2022-06-23 21:29:31 - [MESSAGE][PASSED] - Text 'suser' is set on object 'Object Repository/1. Constant/xpath'

2022-06-23 21:29:32 - [MESSAGE][PASSED] - Delayed 1 second(s)

2022-06-23 21:29:33 - [MESSAGE][PASSED] - Text 'diadeis' is set on object 'Object Repository/1. Constant/xpath'

2022-06-23 21:29:34 - [MESSAGE][PASSED] - Delayed 1 second(s)

2022-06-23 21:29:48 - [MESSAGE][PASSED] - Object: 'Object Repository/1. Constant/xpath' is clicked on

2022-06-23 21:29:48 - [TEST_STEP][PASSED] - click(findTestObject("1. Constant/02_LHSMenu_Projects")): Object: 'Object Repository/1. Constant/02_LHSMenu_Projects' is clicked on

2022-06-23 21:29:55 - [MESSAGE][PASSED] - Object: 'Object Repository/1. Constant/02_LHSMenu_Projects' is clicked on

2022-06-23 21:29:55 - [TEST_STEP][PASSED] - I.SearchProjectNo_xpath(Project_No, "//*[@id="keynum_project"]", "//*[@id="form_filters"]/div[4]/button"): Delayed 5 second(s)

2022-06-23 21:29:56 - [MESSAGE][PASSED] - Delayed 1 second(s)

2022-06-23 21:30:01 - [MESSAGE][PASSED] - Text 'MI000883' is set on object 'Object Repository/1. Constant/xpath'

2022-06-23 21:30:04 - [MESSAGE][PASSED] - Delayed 3 second(s)

2022-06-23 21:30:06 - [MESSAGE][PASSED] - Scroll to object 'Object Repository/1. Constant/xpath' successfully

2022-06-23 21:30:16 - [MESSAGE][PASSED] - Object: 'Object Repository/1. Constant/xpath' is clicked on

2022-06-23 21:30:21 - [MESSAGE][PASSED] - Delayed 5 second(s)

2022-06-23 21:30:21 - [TEST_STEP][PASSED] - takeScreenshot(): Taking screenshot successfully

2022-06-23 21:30:22 - [MESSAGE][PASSED] - Taking screenshot successfully
[[ATTACHMENT|D:\\Projet Test Auto\\Mediabox Test Automation\\Reports\\20220623_184212\\03. Parallel Testing (Testing)\\TS -PT PART 3\\14.02 Dreyers Support Action (Ongoing _ Completed ref) - PART 2\\20220623_184228\\1656012621901.png]]

2022-06-23 21:30:22 - [TEST_STEP][PASSED] - I.SearchRefNo_xpath("P4_Auto", "//*[@id="fiche_filter_keywords11"]", "//*[@id="form_filters"]/div[3]/button"): Delayed 5 second(s)

2022-06-23 21:30:23 - [MESSAGE][PASSED] - Delayed 1 second(s)

2022-06-23 21:30:24 - [MESSAGE][PASSED] - Text 'P4_Auto' is set on object 'Object Repository/1. Constant/xpath'

2022-06-23 21:30:27 - [MESSAGE][PASSED] - Delayed 3 second(s)

2022-06-23 21:30:27 - [MESSAGE][PASSED] - Scroll to object 'Object Repository/1. Constant/xpath' successfully

2022-06-23 21:30:30 - [MESSAGE][PASSED] - Object: 'Object Repository/1. Constant/xpath' is clicked on

2022-06-23 21:30:35 - [MESSAGE][PASSED] - Delayed 5 second(s)

2022-06-23 21:30:35 - [TEST_STEP][PASSED] - click(findTestObject("1. Constant/xpath", ["xpath":"//*[@id="source_" + refID4 + ""]/td[6]/a"])): Object: 'Object Repository/1. Constant/xpath' is clicked on

2022-06-23 21:30:40 - [MESSAGE][PASSED] - Object: 'Object Repository/1. Constant/xpath' is clicked on

2022-06-23 21:30:40 - [TEST_STEP][PASSED] - click(findTestObject("1. Constant/xpath", ["xpath":"//*[@id="kt_content"]/div[3]/div/ul/li[3]/a"])): Object: 'Object Repository/1. Constant/xpath' is clicked on

2022-06-23 21:30:44 - [MESSAGE][PASSED] - Object: 'Object Repository/1. Constant/xpath' is clicked on

2022-06-23 21:30:44 - [TEST_STEP][PASSED] - takeScreenshot(): Taking screenshot successfully

2022-06-23 21:30:45 - [MESSAGE][PASSED] - Taking screenshot successfully
[[ATTACHMENT|D:\\Projet Test Auto\\Mediabox Test Automation\\Reports\\20220623_184212\\03. Parallel Testing (Testing)\\TS -PT PART 3\\14.02 Dreyers Support Action (Ongoing _ Completed ref) - PART 2\\20220623_184228\\1656012644937.png]]

2022-06-23 21:30:45 - [TEST_STEP][PASSED] - click(findTestObject("1. Constant/xpath", ["xpath":"/html/body/div[1]/div[2]/div[8]/div[3]/div/div[3]/div[3]/div/ul/li[4]/a"])): Object: 'Object Repository/1. Constant/xpath' is clicked on

2022-06-23 21:30:45 - [MESSAGE][PASSED] - Object: 'Object Repository/1. Constant/xpath' is clicked on

2022-06-23 21:30:45 - [TEST_STEP][PASSED] - click(findTestObject("1. Constant/xpath", ["xpath":"/html/body/div[1]/div[2]/div[8]/div[3]/div/div[3]/div[3]/div/div/div[4]/div/div[5]/div/div[1]/div[2]/div/button"])): Object: 'Object Repository/1. Constant/xpath' is clicked on

2022-06-23 21:30:46 - [MESSAGE][PASSED] - Object: 'Object Repository/1. Constant/xpath' is clicked on

2022-06-23 21:30:46 - [TEST_STEP][PASSED] - takeScreenshot(): Taking screenshot successfully

2022-06-23 21:30:48 - [MESSAGE][PASSED] - Taking screenshot successfully
[[ATTACHMENT|D:\\Projet Test Auto\\Mediabox Test Automation\\Reports\\20220623_184212\\03. Parallel Testing (Testing)\\TS -PT PART 3\\14.02 Dreyers Support Action (Ongoing _ Completed ref) - PART 2\\20220623_184228\\1656012647278.png]]

2022-06-23 21:30:48 - [TEST_STEP][PASSED] - delay(1): Delayed 1 second(s)

2022-06-23 21:30:49 - [MESSAGE][PASSED] - Delayed 1 second(s)

2022-06-23 21:30:49 - [TEST_STEP][PASSED] - x = 20: null

2022-06-23 21:30:49 - [TEST_STEP][PASSED] - i = 1: null

2022-06-23 21:30:49 - [TEST_STEP][PASSED] - while (i <= x): null

2022-06-23 21:30:49 - [TEST_STEP][PASSED] - Expected_SAS_Selected = "SAS S20: Add Step Group AC/ Skip Phase 1.2 [Complete]": null

2022-06-23 21:30:49 - [TEST_STEP][PASSED] - xpath_SAS = "/html/body/div[1]/div[2]/div[8]/div[3]/div/div[3]/div[3]/div/div/div[4]/div/div[5]/div/div[1]/div[2]/div/div/a[" + i + "]": null

2022-06-23 21:30:49 - [TEST_STEP][PASSED] - Actual_SAS = getText(findTestObject("1. Constant/xpath", ["xpath":xpath_SAS])): Text of object 'Object Repository/1. Constant/xpath' is: 'SAS: S14 - Add Step group (SAS Lifecycle - SAS Step C)'

2022-06-23 21:30:49 - [MESSAGE][PASSED] - Text of object 'Object Repository/1. Constant/xpath' is: 'SAS: S14 - Add Step group (SAS Lifecycle - SAS Step C)'

2022-06-23 21:30:49 - [TEST_STEP][PASSED] - I.print(i): null

2022-06-23 21:30:49 - [TEST_STEP][PASSED] - if (Actual_SAS.contains(Expected_SAS_Selected)): null

2022-06-23 21:30:49 - [TEST_STEP][PASSED] - i = i + 1: null

2022-06-23 21:30:49 - [TEST_STEP][PASSED] - Expected_SAS_Selected = "SAS S20: Add Step Group AC/ Skip Phase 1.2 [Complete]": null

2022-06-23 21:30:49 - [TEST_STEP][PASSED] - xpath_SAS = "/html/body/div[1]/div[2]/div[8]/div[3]/div/div[3]/div[3]/div/div/div[4]/div/div[5]/div/div[1]/div[2]/div/div/a[" + i + "]": null

2022-06-23 21:30:49 - [TEST_STEP][PASSED] - Actual_SAS = getText(findTestObject("1. Constant/xpath", ["xpath":xpath_SAS])): Text of object 'Object Repository/1. Constant/xpath' is: 'SAS S21 - Add Step Group C&A / Skip P3.4 [Complete]'

2022-06-23 21:30:50 - [MESSAGE][PASSED] - Text of object 'Object Repository/1. Constant/xpath' is: 'SAS S21 - Add Step Group C&A / Skip P3.4 [Complete]'

2022-06-23 21:30:50 - [TEST_STEP][PASSED] - I.print(i): null

2022-06-23 21:30:50 - [TEST_STEP][PASSED] - if (Actual_SAS.contains(Expected_SAS_Selected)): null

2022-06-23 21:30:50 - [TEST_STEP][PASSED] - i = i + 1: null

2022-06-23 21:30:50 - [TEST_STEP][PASSED] - Expected_SAS_Selected = "SAS S20: Add Step Group AC/ Skip Phase 1.2 [Complete]": null

2022-06-23 21:30:50 - [TEST_STEP][PASSED] - xpath_SAS = "/html/body/div[1]/div[2]/div[8]/div[3]/div/div[3]/div[3]/div/div/div[4]/div/div[5]/div/div[1]/div[2]/div/div/a[" + i + "]": null

2022-06-23 21:30:50 - [TEST_STEP][PASSED] - Actual_SAS = getText(findTestObject("1. Constant/xpath", ["xpath":xpath_SAS])): Text of object 'Object Repository/1. Constant/xpath' is: 'SAS: S6 - Add Steps C'

2022-06-23 21:30:50 - [MESSAGE][PASSED] - Text of object 'Object Repository/1. Constant/xpath' is: 'SAS: S6 - Add Steps C'

2022-06-23 21:30:50 - [TEST_STEP][PASSED] - I.print(i): null

2022-06-23 21:30:50 - [TEST_STEP][PASSED] - if (Actual_SAS.contains(Expected_SAS_Selected)): null

2022-06-23 21:30:50 - [TEST_STEP][PASSED] - i = i + 1: null

2022-06-23 21:30:50 - [TEST_STEP][PASSED] - Expected_SAS_Selected = "SAS S20: Add Step Group AC/ Skip Phase 1.2 [Complete]": null

2022-06-23 21:30:50 - [TEST_STEP][PASSED] - xpath_SAS = "/html/body/div[1]/div[2]/div[8]/div[3]/div/div[3]/div[3]/div/div/div[4]/div/div[5]/div/div[1]/div[2]/div/div/a[" + i + "]": null

2022-06-23 21:30:50 - [TEST_STEP][PASSED] - Actual_SAS = getText(findTestObject("1. Constant/xpath", ["xpath":xpath_SAS])): Text of object 'Object Repository/1. Constant/xpath' is: 'SAS: S15 - Add Step Group A & C'

2022-06-23 21:30:51 - [MESSAGE][PASSED] - Text of object 'Object Repository/1. Constant/xpath' is: 'SAS: S15 - Add Step Group A & C'

2022-06-23 21:30:51 - [TEST_STEP][PASSED] - I.print(i): null

2022-06-23 21:30:51 - [TEST_STEP][PASSED] - if (Actual_SAS.contains(Expected_SAS_Selected)): null

2022-06-23 21:30:51 - [TEST_STEP][PASSED] - i = i + 1: null

2022-06-23 21:30:51 - [TEST_STEP][PASSED] - Expected_SAS_Selected = "SAS S20: Add Step Group AC/ Skip Phase 1.2 [Complete]": null

2022-06-23 21:30:51 - [TEST_STEP][PASSED] - xpath_SAS = "/html/body/div[1]/div[2]/div[8]/div[3]/div/div[3]/div[3]/div/div/div[4]/div/div[5]/div/div[1]/div[2]/div/div/a[" + i + "]": null

2022-06-23 21:30:56 - [TEST_STEP][PASSED] - Actual_SAS = getText(findTestObject("1. Constant/xpath", ["xpath":xpath_SAS])): Text of object 'Object Repository/1. Constant/xpath' is: 'SAS S18: Add Step C / Skip Phase 3.5 [Complete]'

2022-06-23 21:30:56 - [MESSAGE][PASSED] - Text of object 'Object Repository/1. Constant/xpath' is: 'SAS S18: Add Step C / Skip Phase 3.5 [Complete]'

2022-06-23 21:30:56 - [TEST_STEP][PASSED] - I.print(i): null

2022-06-23 21:30:56 - [TEST_STEP][PASSED] - if (Actual_SAS.contains(Expected_SAS_Selected)): null

2022-06-23 21:30:56 - [TEST_STEP][PASSED] - i = i + 1: null

2022-06-23 21:30:56 - [TEST_STEP][PASSED] - Expected_SAS_Selected = "SAS S20: Add Step Group AC/ Skip Phase 1.2 [Complete]": null

2022-06-23 21:30:56 - [TEST_STEP][PASSED] - xpath_SAS = "/html/body/div[1]/div[2]/div[8]/div[3]/div/div[3]/div[3]/div/div/div[4]/div/div[5]/div/div[1]/div[2]/div/div/a[" + i + "]": null

2022-06-23 21:30:56 - [TEST_STEP][PASSED] - Actual_SAS = getText(findTestObject("1. Constant/xpath", ["xpath":xpath_SAS])): Text of object 'Object Repository/1. Constant/xpath' is: 'SAS S19: Add Step Group A/ Skip Phase 1.2 [Complete]'

2022-06-23 21:30:57 - [MESSAGE][PASSED] - Text of object 'Object Repository/1. Constant/xpath' is: 'SAS S19: Add Step Group A/ Skip Phase 1.2 [Complete]'

2022-06-23 21:30:57 - [TEST_STEP][PASSED] - I.print(i): null

2022-06-23 21:30:57 - [TEST_STEP][PASSED] - if (Actual_SAS.contains(Expected_SAS_Selected)): null

2022-06-23 21:30:57 - [TEST_STEP][PASSED] - i = i + 1: null

2022-06-23 21:30:57 - [TEST_STEP][PASSED] - Expected_SAS_Selected = "SAS S20: Add Step Group AC/ Skip Phase 1.2 [Complete]": null

2022-06-23 21:30:57 - [TEST_STEP][PASSED] - xpath_SAS = "/html/body/div[1]/div[2]/div[8]/div[3]/div/div[3]/div[3]/div/div/div[4]/div/div[5]/div/div[1]/div[2]/div/div/a[" + i + "]": null

2022-06-23 21:30:57 - [TEST_STEP][PASSED] - Actual_SAS = getText(findTestObject("1. Constant/xpath", ["xpath":xpath_SAS])): Text of object 'Object Repository/1. Constant/xpath' is: 'SAS S20: Add Step Group AC/ Skip Phase 1.2 [Complete]'

2022-06-23 21:30:57 - [MESSAGE][PASSED] - Text of object 'Object Repository/1. Constant/xpath' is: 'SAS S20: Add Step Group AC/ Skip Phase 1.2 [Complete]'

2022-06-23 21:30:57 - [TEST_STEP][PASSED] - I.print(i): null

2022-06-23 21:30:57 - [TEST_STEP][PASSED] - if (Actual_SAS.contains(Expected_SAS_Selected)): null

2022-06-23 21:30:57 - [TEST_STEP][PASSED] - I.click_button_javascriptS(xpath_SAS): Execute JavaScript 'arguments[0].click()' successfully

2022-06-23 21:30:58 - [MESSAGE][PASSED] - Execute JavaScript 'arguments[0].click()' successfully

2022-06-23 21:30:58 - [TEST_STEP][PASSED] - break: null

2022-06-23 21:30:58 - [TEST_STEP][PASSED] - takeScreenshot(): Taking screenshot successfully

2022-06-23 21:30:58 - [MESSAGE][PASSED] - Taking screenshot successfully
[[ATTACHMENT|D:\\Projet Test Auto\\Mediabox Test Automation\\Reports\\20220623_184212\\03. Parallel Testing (Testing)\\TS -PT PART 3\\14.02 Dreyers Support Action (Ongoing _ Completed ref) - PART 2\\20220623_184228\\1656012658386.png]]

2022-06-23 21:30:58 - [TEST_STEP][PASSED] - click(findTestObject("1. Constant/xpath", ["xpath":"//*[@id="confirmSupportActionShortcut"]"])): Object: 'Object Repository/1. Constant/xpath' is clicked on

2022-06-23 21:31:03 - [MESSAGE][PASSED] - Object: 'Object Repository/1. Constant/xpath' is clicked on

2022-06-23 21:31:03 - [TEST_STEP][PASSED] - takeScreenshot(): Taking screenshot successfully

2022-06-23 21:31:03 - [MESSAGE][PASSED] - Taking screenshot successfully
[[ATTACHMENT|D:\\Projet Test Auto\\Mediabox Test Automation\\Reports\\20220623_184212\\03. Parallel Testing (Testing)\\TS -PT PART 3\\14.02 Dreyers Support Action (Ongoing _ Completed ref) - PART 2\\20220623_184228\\1656012663338.png]]

2022-06-23 21:31:03 - [TEST_STEP][PASSED] - click(findTestObject("1. Constant/xpath", ["xpath":"//*[@id="kt_content"]/div[3]/div/ul/li[3]/a"])): Object: 'Object Repository/1. Constant/xpath' is clicked on

2022-06-23 21:31:06 - [MESSAGE][PASSED] - Object: 'Object Repository/1. Constant/xpath' is clicked on

2022-06-23 21:31:06 - [TEST_STEP][PASSED] - takeScreenshot(): Taking screenshot successfully

2022-06-23 21:31:07 - [MESSAGE][PASSED] - Taking screenshot successfully
[[ATTACHMENT|D:\\Projet Test Auto\\Mediabox Test Automation\\Reports\\20220623_184212\\03. Parallel Testing (Testing)\\TS -PT PART 3\\14.02 Dreyers Support Action (Ongoing _ Completed ref) - PART 2\\20220623_184228\\1656012666785.png]]

2022-06-23 21:31:07 - [TEST_STEP][PASSED] - StepC_1 = getAttribute(findTestObject("1. Constant/xpath", ["xpath":"/html/body/div[1]/div[2]/div[8]/div[3]/div/div[3]/div[3]/div/ul/li[4]/a"]), "class"): Attribute 'class' of object 'Object Repository/1. Constant/xpath' is: 'nav-link timeline-badge badge-xl  bg-complete '

2022-06-23 21:31:07 - [MESSAGE][PASSED] - Attribute 'class' of object 'Object Repository/1. Constant/xpath' is: 'nav-link timeline-badge badge-xl  bg-complete '

2022-06-23 21:31:07 - [TEST_STEP][PASSED] - verifyMatch(StepC_1, "nav-link timeline-badge badge-xl  bg-complete ", false): Actual text 'nav-link timeline-badge badge-xl  bg-complete ' and expected text 'nav-link timeline-badge badge-xl  bg-complete ' are matched 

2022-06-23 21:31:07 - [MESSAGE][PASSED] - Actual text 'nav-link timeline-badge badge-xl  bg-complete ' and expected text 'nav-link timeline-badge badge-xl  bg-complete ' are matched 

2022-06-23 21:31:07 - [TEST_STEP][PASSED] - StepC_11 = I.Get_Stepname("/html/body/div[1]/div[2]/div[8]/div[3]/div/div[3]/div[3]/div/ul/li[4]/a"): Attribute 'href' of object 'Object Repository/1. Constant/xpath' is: 'http://mdb-release.diadeis.lan/MediaboxIndependence/Base/ExecAction?action=VoirRef&IDSession=MBI!RELTESTAUTO_DREYERS!MD5ZU7KV3A52R2OC2UTA4AYWNX8YY9MS2MNTFUD8&num=BYYOM4KU6P&id_ref=5317#tab_lifecycle_SASStepC_12313'

2022-06-23 21:31:12 - [MESSAGE][PASSED] - Delayed 5 second(s)

2022-06-23 21:31:13 - [MESSAGE][PASSED] - Attribute 'href' of object 'Object Repository/1. Constant/xpath' is: 'http://mdb-release.diadeis.lan/MediaboxIndependence/Base/ExecAction?action=VoirRef&IDSession=MBI!RELTESTAUTO_DREYERS!MD5ZU7KV3A52R2OC2UTA4AYWNX8YY9MS2MNTFUD8&num=BYYOM4KU6P&id_ref=5317#tab_lifecycle_SASStepC_12313'

2022-06-23 21:31:13 - [TEST_STEP][PASSED] - verifyMatch(StepC_11, "SASStepC", false): Actual text 'SASStepC' and expected text 'SASStepC' are matched 

2022-06-23 21:31:13 - [MESSAGE][PASSED] - Actual text 'SASStepC' and expected text 'SASStepC' are matched 

2022-06-23 21:31:13 - [TEST_STEP][PASSED] - StepA_2 = getAttribute(findTestObject("1. Constant/xpath", ["xpath":"/html/body/div[1]/div[2]/div[8]/div[3]/div/div[3]/div[3]/div/ul/li[5]/a"]), "class"): Attribute 'class' of object 'Object Repository/1. Constant/xpath' is: 'nav-link timeline-badge badge-xl  bg-pending active'

2022-06-23 21:31:14 - [MESSAGE][PASSED] - Attribute 'class' of object 'Object Repository/1. Constant/xpath' is: 'nav-link timeline-badge badge-xl  bg-pending active'

2022-06-23 21:31:14 - [TEST_STEP][PASSED] - verifyMatch(StepA_2, "nav-link timeline-badge badge-xl  bg-pending active", false): Actual text 'nav-link timeline-badge badge-xl  bg-pending active' and expected text 'nav-link timeline-badge badge-xl  bg-pending active' are matched 

2022-06-23 21:31:14 - [MESSAGE][PASSED] - Actual text 'nav-link timeline-badge badge-xl  bg-pending active' and expected text 'nav-link timeline-badge badge-xl  bg-pending active' are matched 

2022-06-23 21:31:14 - [TEST_STEP][PASSED] - StepA_22 = I.Get_Stepname("/html/body/div[1]/div[2]/div[8]/div[3]/div/div[3]/div[3]/div/ul/li[5]/a"): Attribute 'href' of object 'Object Repository/1. Constant/xpath' is: 'http://mdb-release.diadeis.lan/MediaboxIndependence/Base/ExecAction?action=VoirRef&IDSession=MBI!RELTESTAUTO_DREYERS!MD5ZU7KV3A52R2OC2UTA4AYWNX8YY9MS2MNTFUD8&num=BYYOM4KU6P&id_ref=5317#tab_lifecycle_SASStepA_12314'

2022-06-23 21:31:19 - [MESSAGE][PASSED] - Delayed 5 second(s)

2022-06-23 21:31:19 - [MESSAGE][PASSED] - Attribute 'href' of object 'Object Repository/1. Constant/xpath' is: 'http://mdb-release.diadeis.lan/MediaboxIndependence/Base/ExecAction?action=VoirRef&IDSession=MBI!RELTESTAUTO_DREYERS!MD5ZU7KV3A52R2OC2UTA4AYWNX8YY9MS2MNTFUD8&num=BYYOM4KU6P&id_ref=5317#tab_lifecycle_SASStepA_12314'

2022-06-23 21:31:19 - [TEST_STEP][PASSED] - verifyMatch(StepA_22, "SASStepA", false): Actual text 'SASStepA' and expected text 'SASStepA' are matched 

2022-06-23 21:31:19 - [MESSAGE][PASSED] - Actual text 'SASStepA' and expected text 'SASStepA' are matched 

2022-06-23 21:31:19 - [TEST_STEP][PASSED] - Started_StepA_12 = getText(findTestObject("1. Constant/xpath", ["xpath":"/html/body/div[1]/div[2]/div[8]/div[3]/div/div[3]/div[3]/div/div/div[5]/div/div[2]/div/div[2]/div[1]"])): Text of object 'Object Repository/1. Constant/xpath' is: 'Started 06/23/22 03:30 PM'

2022-06-23 21:31:20 - [MESSAGE][PASSED] - Text of object 'Object Repository/1. Constant/xpath' is: 'Started 06/23/22 03:30 PM'

2022-06-23 21:31:20 - [TEST_STEP][PASSED] - if (Started_StepA_12.contains("Started")): Actual object '1' and expected object '1' are equal

2022-06-23 21:31:20 - [TEST_STEP][PASSED] - verifyEqual(1, 1): Actual object '1' and expected object '1' are equal

2022-06-23 21:31:20 - [MESSAGE][PASSED] - Actual object '1' and expected object '1' are equal

2022-06-23 21:31:20 - [TEST_STEP][PASSED] - StepC_3 = getAttribute(findTestObject("1. Constant/xpath", ["xpath":"/html/body/div[1]/div[2]/div[8]/div[3]/div/div[3]/div[3]/div/ul/li[6]/a"]), "class"): Attribute 'class' of object 'Object Repository/1. Constant/xpath' is: 'nav-link timeline-badge badge-xl  bg-waiting '

2022-06-23 21:31:20 - [MESSAGE][PASSED] - Attribute 'class' of object 'Object Repository/1. Constant/xpath' is: 'nav-link timeline-badge badge-xl  bg-waiting '

2022-06-23 21:31:20 - [TEST_STEP][PASSED] - verifyMatch(StepC_3, "nav-link timeline-badge badge-xl  bg-waiting ", false): Actual text 'nav-link timeline-badge badge-xl  bg-waiting ' and expected text 'nav-link timeline-badge badge-xl  bg-waiting ' are matched 

2022-06-23 21:31:20 - [MESSAGE][PASSED] - Actual text 'nav-link timeline-badge badge-xl  bg-waiting ' and expected text 'nav-link timeline-badge badge-xl  bg-waiting ' are matched 

2022-06-23 21:31:20 - [TEST_STEP][PASSED] - StepC_33 = I.Get_Stepname("/html/body/div[1]/div[2]/div[8]/div[3]/div/div[3]/div[3]/div/ul/li[6]/a"): Attribute 'href' of object 'Object Repository/1. Constant/xpath' is: 'http://mdb-release.diadeis.lan/MediaboxIndependence/Base/ExecAction?action=VoirRef&IDSession=MBI!RELTESTAUTO_DREYERS!MD5ZU7KV3A52R2OC2UTA4AYWNX8YY9MS2MNTFUD8&num=BYYOM4KU6P&id_ref=5317#tab_lifecycle_SASStepC_12315'

2022-06-23 21:31:25 - [MESSAGE][PASSED] - Delayed 5 second(s)

2022-06-23 21:31:26 - [MESSAGE][PASSED] - Attribute 'href' of object 'Object Repository/1. Constant/xpath' is: 'http://mdb-release.diadeis.lan/MediaboxIndependence/Base/ExecAction?action=VoirRef&IDSession=MBI!RELTESTAUTO_DREYERS!MD5ZU7KV3A52R2OC2UTA4AYWNX8YY9MS2MNTFUD8&num=BYYOM4KU6P&id_ref=5317#tab_lifecycle_SASStepC_12315'

2022-06-23 21:31:26 - [TEST_STEP][PASSED] - verifyMatch(StepC_33, "SASStepC", false): Actual text 'SASStepC' and expected text 'SASStepC' are matched 

2022-06-23 21:31:26 - [MESSAGE][PASSED] - Actual text 'SASStepC' and expected text 'SASStepC' are matched 

2022-06-23 21:31:26 - [TEST_STEP][PASSED] - I.Logout(): Delayed 3 second(s)

2022-06-23 21:31:29 - [MESSAGE][PASSED] - Delayed 3 second(s)

2022-06-23 21:31:30 - [MESSAGE][PASSED] - Object: 'Object Repository/1. Constant/xpath' is clicked on

2022-06-23 21:31:33 - [MESSAGE][PASSED] - Delayed 3 second(s)

2022-06-23 21:31:36 - [MESSAGE][PASSED] - Object: 'Object Repository/1. Constant/xpath' is clicked on

2022-06-23 21:31:39 - [MESSAGE][PASSED] - Delayed 3 second(s)

2022-06-23 21:31:39 - [TEST_STEP][PASSED] - I.Login_password("nturner", password_nturner): Object: 'Object Repository/1. Constant/xpath' is clicked on

2022-06-23 21:31:39 - [MESSAGE][PASSED] - Text 'nturner' is set on object 'Object Repository/1. Constant/xpath'

2022-06-23 21:31:40 - [MESSAGE][PASSED] - Delayed 1 second(s)

2022-06-23 21:31:41 - [MESSAGE][PASSED] - Text 'diadeis1' is set on object 'Object Repository/1. Constant/xpath'

2022-06-23 21:31:42 - [MESSAGE][PASSED] - Delayed 1 second(s)

2022-06-23 21:31:48 - [MESSAGE][PASSED] - Object: 'Object Repository/1. Constant/xpath' is clicked on

2022-06-23 21:31:48 - [TEST_STEP][PASSED] - click(findTestObject("1. Constant/02_LHSMenu_Projects")): Object: 'Object Repository/1. Constant/02_LHSMenu_Projects' is clicked on

2022-06-23 21:31:50 - [MESSAGE][PASSED] - Object: 'Object Repository/1. Constant/02_LHSMenu_Projects' is clicked on

2022-06-23 21:31:50 - [TEST_STEP][PASSED] - I.SearchProjectNo_xpath(Project_No, "//*[@id="keynum_project"]", "//*[@id="form_filters"]/div[4]/button"): Delayed 5 second(s)

2022-06-23 21:31:51 - [MESSAGE][PASSED] - Delayed 1 second(s)

2022-06-23 21:31:52 - [MESSAGE][PASSED] - Text 'MI000883' is set on object 'Object Repository/1. Constant/xpath'

2022-06-23 21:31:55 - [MESSAGE][PASSED] - Delayed 3 second(s)

2022-06-23 21:31:56 - [MESSAGE][PASSED] - Scroll to object 'Object Repository/1. Constant/xpath' successfully

2022-06-23 21:32:02 - [MESSAGE][PASSED] - Object: 'Object Repository/1. Constant/xpath' is clicked on

2022-06-23 21:32:07 - [MESSAGE][PASSED] - Delayed 5 second(s)

2022-06-23 21:32:07 - [TEST_STEP][PASSED] - takeScreenshot(): Taking screenshot successfully

2022-06-23 21:32:07 - [MESSAGE][PASSED] - Taking screenshot successfully
[[ATTACHMENT|D:\\Projet Test Auto\\Mediabox Test Automation\\Reports\\20220623_184212\\03. Parallel Testing (Testing)\\TS -PT PART 3\\14.02 Dreyers Support Action (Ongoing _ Completed ref) - PART 2\\20220623_184228\\1656012727538.png]]

2022-06-23 21:32:07 - [TEST_STEP][PASSED] - I.SearchRefNo_xpath("P4_Auto", "//*[@id="fiche_filter_keywords11"]", "//*[@id="form_filters"]/div[3]/button"): Delayed 5 second(s)

2022-06-23 21:32:08 - [MESSAGE][PASSED] - Delayed 1 second(s)

2022-06-23 21:32:10 - [MESSAGE][PASSED] - Text 'P4_Auto' is set on object 'Object Repository/1. Constant/xpath'

2022-06-23 21:32:13 - [MESSAGE][PASSED] - Delayed 3 second(s)

2022-06-23 21:32:14 - [MESSAGE][PASSED] - Scroll to object 'Object Repository/1. Constant/xpath' successfully

2022-06-23 21:32:17 - [MESSAGE][PASSED] - Object: 'Object Repository/1. Constant/xpath' is clicked on

2022-06-23 21:32:22 - [MESSAGE][PASSED] - Delayed 5 second(s)

2022-06-23 21:32:22 - [TEST_STEP][PASSED] - takeScreenshot(): Taking screenshot successfully

2022-06-23 21:32:23 - [MESSAGE][PASSED] - Taking screenshot successfully
[[ATTACHMENT|D:\\Projet Test Auto\\Mediabox Test Automation\\Reports\\20220623_184212\\03. Parallel Testing (Testing)\\TS -PT PART 3\\14.02 Dreyers Support Action (Ongoing _ Completed ref) - PART 2\\20220623_184228\\1656012742554.png]]

2022-06-23 21:32:23 - [TEST_STEP][PASSED] - Lifecycle_Status3 = getText(findTestObject("1. Constant/xpath", ["xpath":"//*[@id="source_" + refID4 + ""]/td[12]/span[1]"])): Text of object 'Object Repository/1. Constant/xpath' is: 'Phase 1.2 [Standard Phase]'

2022-06-23 21:32:23 - [MESSAGE][PASSED] - Text of object 'Object Repository/1. Constant/xpath' is: 'Phase 1.2 [Standard Phase]'

2022-06-23 21:32:23 - [TEST_STEP][PASSED] - verifyMatch(Lifecycle_Status3, "Phase 1.2 [Standard Phase]", false): Actual text 'Phase 1.2 [Standard Phase]' and expected text 'Phase 1.2 [Standard Phase]' are matched 

2022-06-23 21:32:23 - [MESSAGE][PASSED] - Actual text 'Phase 1.2 [Standard Phase]' and expected text 'Phase 1.2 [Standard Phase]' are matched 

2022-06-23 21:32:23 - [TEST_STEP][PASSED] - click(findTestObject("1. Constant/xpath", ["xpath":"//*[@id="source_" + refID4 + ""]/td[13]/a[2]"])): Object: 'Object Repository/1. Constant/xpath' is clicked on

2022-06-23 21:32:25 - [MESSAGE][PASSED] - Object: 'Object Repository/1. Constant/xpath' is clicked on

2022-06-23 21:32:25 - [TEST_STEP][PASSED] - click(findTestObject("1. Constant/xpath", ["xpath":"//*[@id="ModifFiche"]/div[1]/div/button[2]"])): Object: 'Object Repository/1. Constant/xpath' is clicked on

2022-06-23 21:32:32 - [MESSAGE][PASSED] - Object: 'Object Repository/1. Constant/xpath' is clicked on

2022-06-23 21:32:32 - [TEST_STEP][PASSED] - Lifecycle_Status4 = getText(findTestObject("1. Constant/xpath", ["xpath":"//*[@id="source_" + refID4 + ""]/td[12]/span[1]"])): Text of object 'Object Repository/1. Constant/xpath' is: 'Phase 3.1 [Question]'

2022-06-23 21:32:33 - [MESSAGE][PASSED] - Text of object 'Object Repository/1. Constant/xpath' is: 'Phase 3.1 [Question]'

2022-06-23 21:32:33 - [TEST_STEP][PASSED] - verifyMatch(Lifecycle_Status4, "Phase 3.1 [Question]", false): Actual text 'Phase 3.1 [Question]' and expected text 'Phase 3.1 [Question]' are matched 

2022-06-23 21:32:33 - [MESSAGE][PASSED] - Actual text 'Phase 3.1 [Question]' and expected text 'Phase 3.1 [Question]' are matched 

2022-06-23 21:32:33 - [TEST_STEP][PASSED] - I.Logout(): Delayed 3 second(s)

2022-06-23 21:32:36 - [MESSAGE][PASSED] - Delayed 3 second(s)

2022-06-23 21:32:36 - [MESSAGE][PASSED] - Object: 'Object Repository/1. Constant/xpath' is clicked on

2022-06-23 21:32:39 - [MESSAGE][PASSED] - Delayed 3 second(s)

2022-06-23 21:32:44 - [MESSAGE][PASSED] - Object: 'Object Repository/1. Constant/xpath' is clicked on

2022-06-23 21:32:47 - [MESSAGE][PASSED] - Delayed 3 second(s)

2022-06-23 21:32:47 - [TEST_STEP][PASSED] - I.Login_password("talexeeva", password_talexeeva): Object: 'Object Repository/1. Constant/xpath' is clicked on

2022-06-23 21:32:50 - [MESSAGE][PASSED] - Text 'talexeeva' is set on object 'Object Repository/1. Constant/xpath'

2022-06-23 21:32:51 - [MESSAGE][PASSED] - Delayed 1 second(s)

2022-06-23 21:32:52 - [MESSAGE][PASSED] - Text 'diadeis2' is set on object 'Object Repository/1. Constant/xpath'

2022-06-23 21:32:53 - [MESSAGE][PASSED] - Delayed 1 second(s)

2022-06-23 21:32:59 - [MESSAGE][PASSED] - Object: 'Object Repository/1. Constant/xpath' is clicked on

2022-06-23 21:32:59 - [TEST_STEP][PASSED] - click(findTestObject("1. Constant/02_LHSMenu_Projects")): Object: 'Object Repository/1. Constant/02_LHSMenu_Projects' is clicked on

2022-06-23 21:33:05 - [MESSAGE][PASSED] - Object: 'Object Repository/1. Constant/02_LHSMenu_Projects' is clicked on

2022-06-23 21:33:05 - [TEST_STEP][PASSED] - I.SearchProjectNo_xpath(Project_No, "//*[@id="keynum_project"]", "//*[@id="form_filters"]/div[4]/button"): Delayed 5 second(s)

2022-06-23 21:33:06 - [MESSAGE][PASSED] - Delayed 1 second(s)

2022-06-23 21:33:08 - [MESSAGE][PASSED] - Text 'MI000883' is set on object 'Object Repository/1. Constant/xpath'

2022-06-23 21:33:11 - [MESSAGE][PASSED] - Delayed 3 second(s)

2022-06-23 21:33:12 - [MESSAGE][PASSED] - Scroll to object 'Object Repository/1. Constant/xpath' successfully

2022-06-23 21:33:16 - [MESSAGE][PASSED] - Object: 'Object Repository/1. Constant/xpath' is clicked on

2022-06-23 21:33:21 - [MESSAGE][PASSED] - Delayed 5 second(s)

2022-06-23 21:33:21 - [TEST_STEP][PASSED] - I.SearchRefNo_xpath("P4_Auto", "//*[@id="fiche_filter_keywords11"]", "//*[@id="form_filters"]/div[3]/button"): Delayed 5 second(s)

2022-06-23 21:33:22 - [MESSAGE][PASSED] - Delayed 1 second(s)

2022-06-23 21:33:25 - [MESSAGE][PASSED] - Text 'P4_Auto' is set on object 'Object Repository/1. Constant/xpath'

2022-06-23 21:33:28 - [MESSAGE][PASSED] - Delayed 3 second(s)

2022-06-23 21:33:29 - [MESSAGE][PASSED] - Scroll to object 'Object Repository/1. Constant/xpath' successfully

2022-06-23 21:33:32 - [MESSAGE][PASSED] - Object: 'Object Repository/1. Constant/xpath' is clicked on

2022-06-23 21:33:37 - [MESSAGE][PASSED] - Delayed 5 second(s)

2022-06-23 21:33:37 - [TEST_STEP][PASSED] - takeScreenshot(): Taking screenshot successfully

2022-06-23 21:33:37 - [MESSAGE][PASSED] - Taking screenshot successfully
[[ATTACHMENT|D:\\Projet Test Auto\\Mediabox Test Automation\\Reports\\20220623_184212\\03. Parallel Testing (Testing)\\TS -PT PART 3\\14.02 Dreyers Support Action (Ongoing _ Completed ref) - PART 2\\20220623_184228\\1656012817313.png]]

2022-06-23 21:33:37 - [TEST_STEP][PASSED] - I.submitquesiton_ref(findTestObject("1. Constant/xpath", ["xpath":"//*[@id="source_" + refID4 + ""]/td[13]/div[1]/button"]), findTestObject("1. Constant/xpath", ["xpath":"//*[@id="source_" + refID4 + ""]/td[13]/div[1]/div/a[1]"])): Object: 'Object Repository/1. Constant/xpath' is clicked on

2022-06-23 21:33:38 - [MESSAGE][PASSED] - Object: 'Object Repository/1. Constant/xpath' is clicked on

2022-06-23 21:33:41 - [MESSAGE][PASSED] - Delayed 3 second(s)

2022-06-23 21:33:43 - [MESSAGE][PASSED] - Object: 'Object Repository/1. Constant/xpath' is clicked on

2022-06-23 21:33:43 - [TEST_STEP][PASSED] - click(findTestObject("1. Constant/xpath", ["xpath":"//*[@id="ModifFiche"]/div[1]/div/button[2]"])): Object: 'Object Repository/1. Constant/xpath' is clicked on

2022-06-23 21:33:48 - [MESSAGE][PASSED] - Object: 'Object Repository/1. Constant/xpath' is clicked on

2022-06-23 21:33:48 - [TEST_STEP][PASSED] - takeScreenshot(): Taking screenshot successfully

2022-06-23 21:33:49 - [MESSAGE][PASSED] - Taking screenshot successfully
[[ATTACHMENT|D:\\Projet Test Auto\\Mediabox Test Automation\\Reports\\20220623_184212\\03. Parallel Testing (Testing)\\TS -PT PART 3\\14.02 Dreyers Support Action (Ongoing _ Completed ref) - PART 2\\20220623_184228\\1656012829186.png]]

2022-06-23 21:33:49 - [TEST_STEP][PASSED] - Lifecycle_Status2 = getText(findTestObject("1. Constant/xpath", ["xpath":"//*[@id="source_" + refID4 + ""]/td[12]/span[1]"])): Text of object 'Object Repository/1. Constant/xpath' is: 'Phase 3.2 [Question]'

2022-06-23 21:33:49 - [MESSAGE][PASSED] - Text of object 'Object Repository/1. Constant/xpath' is: 'Phase 3.2 [Question]'

2022-06-23 21:33:49 - [TEST_STEP][PASSED] - verifyMatch(Lifecycle_Status2, "Phase 3.2 [Question]", false): Actual text 'Phase 3.2 [Question]' and expected text 'Phase 3.2 [Question]' are matched 

2022-06-23 21:33:49 - [MESSAGE][PASSED] - Actual text 'Phase 3.2 [Question]' and expected text 'Phase 3.2 [Question]' are matched 

2022-06-23 21:33:49 - [TEST_STEP][PASSED] - closeBrowser(): Browser is closed

2022-06-23 21:34:01 - [MESSAGE][PASSED] - Browser is closed

2022-06-23 21:34:01 - [TEST_STEP][PASSED] - Start listener action : sampleAfterTestCase: null]]></system-out>
         <system-err><![CDATA[]]></system-err>
      </testcase>
      <testcase name="Test Cases/19. Dreyers Support Action (Ongoing ref_completed)/19.05 Dreyers SAS Add Step Group (Ongoing ref) S11 - P5" time="326.974" classname="Test Cases/19. Dreyers Support Action (Ongoing ref_completed)/19.05 Dreyers SAS Add Step Group (Ongoing ref) S11 - P5" status="PASSED">
         <system-out><![CDATA[2022-06-23 21:34:01 - [TEST_CASE][PASSED] - Test Cases/19. Dreyers Support Action (Ongoing ref_completed)/19.05 Dreyers SAS Add Step Group (Ongoing ref) S11 - P5: Test Cases/19. Dreyers Support Action (Ongoing ref_completed)/19.05 Dreyers SAS Add Step Group (Ongoing ref) S11 - P5

2022-06-23 21:34:01 - [TEST_STEP][PASSED] - data_Dreyers = findTestData("Data Files/Username_Password/Dreyer"): null

2022-06-23 21:34:01 - [TEST_STEP][PASSED] - password_blemco = data_Dreyers.getValue(2, 2): null

2022-06-23 21:34:01 - [TEST_STEP][PASSED] - password_nturner = data_Dreyers.getValue(2, 6): null

2022-06-23 21:34:01 - [TEST_STEP][PASSED] - password_lmary = data_Dreyers.getValue(2, 13): null

2022-06-23 21:34:01 - [TEST_STEP][PASSED] - data_urlRELAUTO = findTestData("Data Files/URL/URL_relauto"): null

2022-06-23 21:34:01 - [TEST_STEP][PASSED] - Url_Dreyer = data_urlRELAUTO.getValue(2, 4): null

2022-06-23 21:34:01 - [TEST_STEP][PASSED] - Project_No = I.readnotepad("D:\Upoad_File\Projet_ Login\Dreyers\19.1\19.1_Dreyers_ProjectNo.txt"): null

2022-06-23 21:34:01 - [TEST_STEP][PASSED] - refID = I.readnotepad("D:\Upoad_File\Projet_ Login\Dreyers\19.1\19.1_Dreyers_refID.txt"): null

2022-06-23 21:34:01 - [TEST_STEP][PASSED] - openBrowser(Url_Dreyer): Browser is opened with url: 'http://mdb-release.diadeis.lan/MediaboxIndependence/?MBI_datasource=RELTESTAUTO_DREYERS'

2022-06-23 21:34:01 - [MESSAGE][INFO] - Starting 'Chrome (headless)' driver

2022-06-23 21:34:01 - [MESSAGE][INFO] - User set preference: ['args', '[--window-size=1920,1080, --headless]']

2022-06-23 21:34:01 - [MESSAGE][INFO] - Action delay is set to 0 milliseconds

2022-06-23 21:34:22 - [MESSAGE][PASSED] - Browser is opened with url: 'http://mdb-release.diadeis.lan/MediaboxIndependence/?MBI_datasource=RELTESTAUTO_DREYERS'

2022-06-23 21:34:22 - [TEST_STEP][PASSED] - maximizeWindow(): Current window maximized

2022-06-23 21:34:23 - [MESSAGE][PASSED] - Current window maximized

2022-06-23 21:34:23 - [TEST_STEP][PASSED] - I.Login_password("blemco", password_blemco): Object: 'Object Repository/1. Constant/xpath' is clicked on

2022-06-23 21:34:23 - [MESSAGE][PASSED] - Text 'blemco' is set on object 'Object Repository/1. Constant/xpath'

2022-06-23 21:34:24 - [MESSAGE][PASSED] - Delayed 1 second(s)

2022-06-23 21:34:26 - [MESSAGE][PASSED] - Text 'diadeis1' is set on object 'Object Repository/1. Constant/xpath'

2022-06-23 21:34:27 - [MESSAGE][PASSED] - Delayed 1 second(s)

2022-06-23 21:34:40 - [MESSAGE][PASSED] - Object: 'Object Repository/1. Constant/xpath' is clicked on

2022-06-23 21:34:40 - [TEST_STEP][PASSED] - click(findTestObject("1. Constant/02_LHSMenu_Projects")): Object: 'Object Repository/1. Constant/02_LHSMenu_Projects' is clicked on

2022-06-23 21:34:47 - [MESSAGE][PASSED] - Object: 'Object Repository/1. Constant/02_LHSMenu_Projects' is clicked on

2022-06-23 21:34:47 - [TEST_STEP][PASSED] - I.SearchProjectNo_xpath(Project_No, "//*[@id="keynum_project"]", "//*[@id="form_filters"]/div[4]/button"): Delayed 5 second(s)

2022-06-23 21:34:48 - [MESSAGE][PASSED] - Delayed 1 second(s)

2022-06-23 21:34:50 - [MESSAGE][PASSED] - Text 'MI000883' is set on object 'Object Repository/1. Constant/xpath'

2022-06-23 21:34:53 - [MESSAGE][PASSED] - Delayed 3 second(s)

2022-06-23 21:34:53 - [MESSAGE][PASSED] - Scroll to object 'Object Repository/1. Constant/xpath' successfully

2022-06-23 21:34:59 - [MESSAGE][PASSED] - Object: 'Object Repository/1. Constant/xpath' is clicked on

2022-06-23 21:35:04 - [MESSAGE][PASSED] - Delayed 5 second(s)

2022-06-23 21:35:04 - [TEST_STEP][PASSED] - takeScreenshot(): Taking screenshot successfully

2022-06-23 21:35:05 - [MESSAGE][PASSED] - Taking screenshot successfully
[[ATTACHMENT|D:\\Projet Test Auto\\Mediabox Test Automation\\Reports\\20220623_184212\\03. Parallel Testing (Testing)\\TS -PT PART 3\\14.02 Dreyers Support Action (Ongoing _ Completed ref) - PART 2\\20220623_184228\\1656012904952.png]]

2022-06-23 21:35:05 - [TEST_STEP][PASSED] - click(findTestObject("1. Constant/xpath", ["xpath":"//*[@id="create_ref_btn"]/button"])): Object: 'Object Repository/1. Constant/xpath' is clicked on

2022-06-23 21:35:06 - [MESSAGE][PASSED] - Object: 'Object Repository/1. Constant/xpath' is clicked on

2022-06-23 21:35:06 - [TEST_STEP][PASSED] - delay(1): Delayed 1 second(s)

2022-06-23 21:35:07 - [MESSAGE][PASSED] - Delayed 1 second(s)

2022-06-23 21:35:07 - [TEST_STEP][PASSED] - click(findTestObject("1. Constant/xpath", ["xpath":"//*[@id="create_ref_btn"]/div/a"])): Object: 'Object Repository/1. Constant/xpath' is clicked on

2022-06-23 21:35:11 - [MESSAGE][PASSED] - Object: 'Object Repository/1. Constant/xpath' is clicked on

2022-06-23 21:35:11 - [TEST_STEP][PASSED] - selectOptionByValue(findTestObject("1. Constant/xpath", ["xpath":"//*[@id="lfc_tpl"]"]), "37", false): All options with value '37' are selected in object 'Object Repository/1. Constant/xpath' 

2022-06-23 21:35:12 - [MESSAGE][PASSED] - All options with value '37' are selected in object 'Object Repository/1. Constant/xpath' 

2022-06-23 21:35:12 - [TEST_STEP][PASSED] - ref_name = "P5_Auto_SAS_S11_" + RandomStringUtils.randomAlphanumeric(5) + I.gettimedate(): null

2022-06-23 21:35:12 - [TEST_STEP][PASSED] - delay(1): Delayed 1 second(s)

2022-06-23 21:35:13 - [MESSAGE][PASSED] - Delayed 1 second(s)

2022-06-23 21:35:13 - [TEST_STEP][PASSED] - setText(findTestObject("1. Constant/xpath", ["xpath":"//*[@id="var_name"]"]), ref_name): Text 'P5_Auto_SAS_S11_92wLCjuin232022_213512' is set on object 'Object Repository/1. Constant/xpath'

2022-06-23 21:35:17 - [MESSAGE][PASSED] - Text 'P5_Auto_SAS_S11_92wLCjuin232022_213512' is set on object 'Object Repository/1. Constant/xpath'

2022-06-23 21:35:17 - [TEST_STEP][PASSED] - takeScreenshot(): Taking screenshot successfully

2022-06-23 21:35:17 - [MESSAGE][PASSED] - Taking screenshot successfully
[[ATTACHMENT|D:\\Projet Test Auto\\Mediabox Test Automation\\Reports\\20220623_184212\\03. Parallel Testing (Testing)\\TS -PT PART 3\\14.02 Dreyers Support Action (Ongoing _ Completed ref) - PART 2\\20220623_184228\\1656012917341.png]]

2022-06-23 21:35:17 - [TEST_STEP][PASSED] - click(findTestObject("1. Constant/xpath", ["xpath":"//*[@id="createRefBottom"]"])): Object: 'Object Repository/1. Constant/xpath' is clicked on

2022-06-23 21:35:21 - [MESSAGE][PASSED] - Object: 'Object Repository/1. Constant/xpath' is clicked on

2022-06-23 21:35:21 - [TEST_STEP][PASSED] - delay(1): Delayed 1 second(s)

2022-06-23 21:35:22 - [MESSAGE][PASSED] - Delayed 1 second(s)

2022-06-23 21:35:22 - [TEST_STEP][PASSED] - takeScreenshot(): Taking screenshot successfully

2022-06-23 21:35:23 - [MESSAGE][PASSED] - Taking screenshot successfully
[[ATTACHMENT|D:\\Projet Test Auto\\Mediabox Test Automation\\Reports\\20220623_184212\\03. Parallel Testing (Testing)\\TS -PT PART 3\\14.02 Dreyers Support Action (Ongoing _ Completed ref) - PART 2\\20220623_184228\\1656012923273.png]]

2022-06-23 21:35:23 - [TEST_STEP][PASSED] - refID5 = I.RefID(): Current window's url is: 'http://mdb-release.diadeis.lan/MediaboxIndependence/Base/ExecAction?IDSession=MBI%21RELTESTAUTO_DREYERS%21Z4CZYLD18H7FJ5LWWFYMDTQLK9XEMGAEMG76FPGC&default_action=ModifierRef&id_project=MI000883&id_ref=5318&action_from=create_ref'

2022-06-23 21:35:28 - [MESSAGE][PASSED] - Delayed 5 second(s)

2022-06-23 21:35:29 - [MESSAGE][PASSED] - Current window's url is: 'http://mdb-release.diadeis.lan/MediaboxIndependence/Base/ExecAction?IDSession=MBI%21RELTESTAUTO_DREYERS%21Z4CZYLD18H7FJ5LWWFYMDTQLK9XEMGAEMG76FPGC&default_action=ModifierRef&id_project=MI000883&id_ref=5318&action_from=create_ref'

2022-06-23 21:35:29 - [TEST_STEP][PASSED] - click(findTestObject("1. Constant/xpath", ["xpath":"//*[@id="type_save"]"])): Object: 'Object Repository/1. Constant/xpath' is clicked on

2022-06-23 21:35:33 - [MESSAGE][PASSED] - Object: 'Object Repository/1. Constant/xpath' is clicked on

2022-06-23 21:35:33 - [TEST_STEP][PASSED] - takeScreenshot(): Taking screenshot successfully

2022-06-23 21:35:34 - [MESSAGE][PASSED] - Taking screenshot successfully
[[ATTACHMENT|D:\\Projet Test Auto\\Mediabox Test Automation\\Reports\\20220623_184212\\03. Parallel Testing (Testing)\\TS -PT PART 3\\14.02 Dreyers Support Action (Ongoing _ Completed ref) - PART 2\\20220623_184228\\1656012934178.png]]

2022-06-23 21:35:34 - [TEST_STEP][PASSED] - delay(1): Delayed 1 second(s)

2022-06-23 21:35:35 - [MESSAGE][PASSED] - Delayed 1 second(s)

2022-06-23 21:35:35 - [TEST_STEP][PASSED] - I.SearchRefNo_xpath("P5_Auto", "//*[@id="fiche_filter_keywords11"]", "//*[@id="form_filters"]/div[3]/button"): Delayed 5 second(s)

2022-06-23 21:35:36 - [MESSAGE][PASSED] - Delayed 1 second(s)

2022-06-23 21:35:39 - [MESSAGE][PASSED] - Text 'P5_Auto' is set on object 'Object Repository/1. Constant/xpath'

2022-06-23 21:35:42 - [MESSAGE][PASSED] - Delayed 3 second(s)

2022-06-23 21:35:42 - [MESSAGE][PASSED] - Scroll to object 'Object Repository/1. Constant/xpath' successfully

2022-06-23 21:35:45 - [MESSAGE][PASSED] - Object: 'Object Repository/1. Constant/xpath' is clicked on

2022-06-23 21:35:50 - [MESSAGE][PASSED] - Delayed 5 second(s)

2022-06-23 21:35:50 - [TEST_STEP][PASSED] - click(findTestObject("1. Constant/xpath", ["xpath":"//*[@id="source_" + refID5 + ""]/td[13]/a[4]"])): Object: 'Object Repository/1. Constant/xpath' is clicked on

2022-06-23 21:35:52 - [MESSAGE][PASSED] - Object: 'Object Repository/1. Constant/xpath' is clicked on

2022-06-23 21:35:52 - [TEST_STEP][PASSED] - click(findTestObject("1. Constant/xpath", ["xpath":"//*[@id="ModifFiche"]/div[1]/div/button[2]"])): Object: 'Object Repository/1. Constant/xpath' is clicked on

2022-06-23 21:35:57 - [MESSAGE][PASSED] - Object: 'Object Repository/1. Constant/xpath' is clicked on

2022-06-23 21:35:57 - [TEST_STEP][PASSED] - takeScreenshot(): Taking screenshot successfully

2022-06-23 21:35:58 - [MESSAGE][PASSED] - Taking screenshot successfully
[[ATTACHMENT|D:\\Projet Test Auto\\Mediabox Test Automation\\Reports\\20220623_184212\\03. Parallel Testing (Testing)\\TS -PT PART 3\\14.02 Dreyers Support Action (Ongoing _ Completed ref) - PART 2\\20220623_184228\\1656012957625.png]]

2022-06-23 21:35:58 - [TEST_STEP][PASSED] - click(findTestObject("1. Constant/xpath", ["xpath":"//*[@id="source_" + refID5 + ""]/td[6]/a"])): Object: 'Object Repository/1. Constant/xpath' is clicked on

2022-06-23 21:36:03 - [MESSAGE][PASSED] - Object: 'Object Repository/1. Constant/xpath' is clicked on

2022-06-23 21:36:03 - [TEST_STEP][PASSED] - delay(1): Delayed 1 second(s)

2022-06-23 21:36:04 - [MESSAGE][PASSED] - Delayed 1 second(s)

2022-06-23 21:36:04 - [TEST_STEP][PASSED] - click(findTestObject("1. Constant/xpath", ["xpath":"//*[@id="kt_content"]/div[3]/div/ul/li[3]/a"])): Object: 'Object Repository/1. Constant/xpath' is clicked on

2022-06-23 21:36:06 - [MESSAGE][PASSED] - Object: 'Object Repository/1. Constant/xpath' is clicked on

2022-06-23 21:36:06 - [TEST_STEP][PASSED] - takeScreenshot(): Taking screenshot successfully

2022-06-23 21:36:07 - [MESSAGE][PASSED] - Taking screenshot successfully
[[ATTACHMENT|D:\\Projet Test Auto\\Mediabox Test Automation\\Reports\\20220623_184212\\03. Parallel Testing (Testing)\\TS -PT PART 3\\14.02 Dreyers Support Action (Ongoing _ Completed ref) - PART 2\\20220623_184228\\1656012966794.png]]

2022-06-23 21:36:07 - [TEST_STEP][PASSED] - delay(1): Delayed 1 second(s)

2022-06-23 21:36:08 - [MESSAGE][PASSED] - Delayed 1 second(s)

2022-06-23 21:36:08 - [TEST_STEP][PASSED] - click(findTestObject("1. Constant/xpath", ["xpath":"/html/body/div[1]/div[2]/div[8]/div[3]/div/div[3]/div[3]/div/div/div[1]/div/div[2]/div/div[1]/div[2]/div/a[4]"])): Object: 'Object Repository/1. Constant/xpath' is clicked on

2022-06-23 21:36:12 - [MESSAGE][PASSED] - Object: 'Object Repository/1. Constant/xpath' is clicked on

2022-06-23 21:36:12 - [TEST_STEP][PASSED] - delay(1): Delayed 1 second(s)

2022-06-23 21:36:13 - [MESSAGE][PASSED] - Delayed 1 second(s)

2022-06-23 21:36:13 - [TEST_STEP][PASSED] - takeScreenshot(): Taking screenshot successfully

2022-06-23 21:36:13 - [MESSAGE][PASSED] - Taking screenshot successfully
[[ATTACHMENT|D:\\Projet Test Auto\\Mediabox Test Automation\\Reports\\20220623_184212\\03. Parallel Testing (Testing)\\TS -PT PART 3\\14.02 Dreyers Support Action (Ongoing _ Completed ref) - PART 2\\20220623_184228\\1656012973438.png]]

2022-06-23 21:36:13 - [TEST_STEP][PASSED] - delay(1): Delayed 1 second(s)

2022-06-23 21:36:14 - [MESSAGE][PASSED] - Delayed 1 second(s)

2022-06-23 21:36:14 - [TEST_STEP][PASSED] - click(findTestObject("1. Constant/xpath", ["xpath":"//*[@id="confirmSupportActionShortcut"]"])): Object: 'Object Repository/1. Constant/xpath' is clicked on

2022-06-23 21:36:20 - [MESSAGE][PASSED] - Object: 'Object Repository/1. Constant/xpath' is clicked on

2022-06-23 21:36:20 - [TEST_STEP][PASSED] - click(findTestObject("1. Constant/xpath", ["xpath":"//*[@id="kt_content"]/div[3]/div/ul/li[3]/a"])): Object: 'Object Repository/1. Constant/xpath' is clicked on

2022-06-23 21:36:22 - [MESSAGE][PASSED] - Object: 'Object Repository/1. Constant/xpath' is clicked on

2022-06-23 21:36:22 - [TEST_STEP][PASSED] - takeScreenshot(): Taking screenshot successfully

2022-06-23 21:36:24 - [MESSAGE][PASSED] - Taking screenshot successfully
[[ATTACHMENT|D:\\Projet Test Auto\\Mediabox Test Automation\\Reports\\20220623_184212\\03. Parallel Testing (Testing)\\TS -PT PART 3\\14.02 Dreyers Support Action (Ongoing _ Completed ref) - PART 2\\20220623_184228\\1656012983239.png]]

2022-06-23 21:36:24 - [TEST_STEP][PASSED] - StepA_1 = getAttribute(findTestObject("1. Constant/xpath", ["xpath":"/html/body/div[1]/div[2]/div[8]/div[3]/div/div[3]/div[3]/div/ul/li[1]/a"]), "class"): Attribute 'class' of object 'Object Repository/1. Constant/xpath' is: 'nav-link timeline-badge badge-xl  bg-complete '

2022-06-23 21:36:25 - [MESSAGE][PASSED] - Attribute 'class' of object 'Object Repository/1. Constant/xpath' is: 'nav-link timeline-badge badge-xl  bg-complete '

2022-06-23 21:36:25 - [TEST_STEP][PASSED] - verifyMatch(StepA_1, "nav-link timeline-badge badge-xl  bg-complete ", false): Actual text 'nav-link timeline-badge badge-xl  bg-complete ' and expected text 'nav-link timeline-badge badge-xl  bg-complete ' are matched 

2022-06-23 21:36:25 - [MESSAGE][PASSED] - Actual text 'nav-link timeline-badge badge-xl  bg-complete ' and expected text 'nav-link timeline-badge badge-xl  bg-complete ' are matched 

2022-06-23 21:36:25 - [TEST_STEP][PASSED] - StepA_11 = I.Get_Stepname("/html/body/div[1]/div[2]/div[8]/div[3]/div/div[3]/div[3]/div/ul/li[1]/a"): Attribute 'href' of object 'Object Repository/1. Constant/xpath' is: 'http://mdb-release.diadeis.lan/MediaboxIndependence/Base/ExecAction?action=VoirRef&IDSession=MBI!RELTESTAUTO_DREYERS!Z4CZYLD18H7FJ5LWWFYMDTQLK9XEMGAEMG76FPGC&num=49YTTDLX3Z&id_ref=5318#tab_lifecycle_SASStepA_12316'

2022-06-23 21:36:30 - [MESSAGE][PASSED] - Delayed 5 second(s)

2022-06-23 21:36:30 - [MESSAGE][PASSED] - Attribute 'href' of object 'Object Repository/1. Constant/xpath' is: 'http://mdb-release.diadeis.lan/MediaboxIndependence/Base/ExecAction?action=VoirRef&IDSession=MBI!RELTESTAUTO_DREYERS!Z4CZYLD18H7FJ5LWWFYMDTQLK9XEMGAEMG76FPGC&num=49YTTDLX3Z&id_ref=5318#tab_lifecycle_SASStepA_12316'

2022-06-23 21:36:30 - [TEST_STEP][PASSED] - verifyMatch(StepA_11, "SASStepA", false): Actual text 'SASStepA' and expected text 'SASStepA' are matched 

2022-06-23 21:36:30 - [MESSAGE][PASSED] - Actual text 'SASStepA' and expected text 'SASStepA' are matched 

2022-06-23 21:36:30 - [TEST_STEP][PASSED] - StepA_2 = getAttribute(findTestObject("1. Constant/xpath", ["xpath":"/html/body/div[1]/div[2]/div[8]/div[3]/div/div[3]/div[3]/div/ul/li[2]/a"]), "class"): Attribute 'class' of object 'Object Repository/1. Constant/xpath' is: 'nav-link timeline-badge badge-xl  bg-pending active'

2022-06-23 21:36:31 - [MESSAGE][PASSED] - Attribute 'class' of object 'Object Repository/1. Constant/xpath' is: 'nav-link timeline-badge badge-xl  bg-pending active'

2022-06-23 21:36:31 - [TEST_STEP][PASSED] - verifyMatch(StepA_2, "nav-link timeline-badge badge-xl  bg-pending active", false): Actual text 'nav-link timeline-badge badge-xl  bg-pending active' and expected text 'nav-link timeline-badge badge-xl  bg-pending active' are matched 

2022-06-23 21:36:31 - [MESSAGE][PASSED] - Actual text 'nav-link timeline-badge badge-xl  bg-pending active' and expected text 'nav-link timeline-badge badge-xl  bg-pending active' are matched 

2022-06-23 21:36:31 - [TEST_STEP][PASSED] - StepA_22 = I.Get_Stepname("/html/body/div[1]/div[2]/div[8]/div[3]/div/div[3]/div[3]/div/ul/li[2]/a"): Attribute 'href' of object 'Object Repository/1. Constant/xpath' is: 'http://mdb-release.diadeis.lan/MediaboxIndependence/Base/ExecAction?action=VoirRef&IDSession=MBI!RELTESTAUTO_DREYERS!Z4CZYLD18H7FJ5LWWFYMDTQLK9XEMGAEMG76FPGC&num=49YTTDLX3Z&id_ref=5318#tab_lifecycle_SASStepA_12318'

2022-06-23 21:36:36 - [MESSAGE][PASSED] - Delayed 5 second(s)

2022-06-23 21:36:37 - [MESSAGE][PASSED] - Attribute 'href' of object 'Object Repository/1. Constant/xpath' is: 'http://mdb-release.diadeis.lan/MediaboxIndependence/Base/ExecAction?action=VoirRef&IDSession=MBI!RELTESTAUTO_DREYERS!Z4CZYLD18H7FJ5LWWFYMDTQLK9XEMGAEMG76FPGC&num=49YTTDLX3Z&id_ref=5318#tab_lifecycle_SASStepA_12318'

2022-06-23 21:36:37 - [TEST_STEP][PASSED] - verifyMatch(StepA_22, "SASStepA", false): Actual text 'SASStepA' and expected text 'SASStepA' are matched 

2022-06-23 21:36:37 - [MESSAGE][PASSED] - Actual text 'SASStepA' and expected text 'SASStepA' are matched 

2022-06-23 21:36:37 - [TEST_STEP][PASSED] - Name_StepAP1_2 = getText(findTestObject("1. Constant/xpath", ["xpath":"/html/body/div[1]/div[2]/div[8]/div[3]/div/div[3]/div[3]/div/div/div[2]/div/div[1]/div/div[1]/div[1]/h3"])): Text of object 'Object Repository/1. Constant/xpath' is: 'Phase 1.1 [Standard]'

2022-06-23 21:36:38 - [MESSAGE][PASSED] - Text of object 'Object Repository/1. Constant/xpath' is: 'Phase 1.1 [Standard]'

2022-06-23 21:36:38 - [TEST_STEP][PASSED] - verifyMatch(Name_StepAP1_2, "Phase 1.1 [Standard]", false): Actual text 'Phase 1.1 [Standard]' and expected text 'Phase 1.1 [Standard]' are matched 

2022-06-23 21:36:38 - [MESSAGE][PASSED] - Actual text 'Phase 1.1 [Standard]' and expected text 'Phase 1.1 [Standard]' are matched 

2022-06-23 21:36:38 - [TEST_STEP][PASSED] - ST_StepAP1_2 = getText(findTestObject("1. Constant/xpath", ["xpath":"/html/body/div[1]/div[2]/div[8]/div[3]/div/div[3]/div[3]/div/div/div[2]/div/div[1]/div/div[2]/div[1]"])): Text of object 'Object Repository/1. Constant/xpath' is: 'Started 06/23/22 12:36 PM'

2022-06-23 21:36:38 - [MESSAGE][PASSED] - Text of object 'Object Repository/1. Constant/xpath' is: 'Started 06/23/22 12:36 PM'

2022-06-23 21:36:38 - [TEST_STEP][PASSED] - if (ST_StepAP1_2.contains("Started")): Actual object '1' and expected object '1' are equal

2022-06-23 21:36:38 - [TEST_STEP][PASSED] - verifyEqual(1, 1): Actual object '1' and expected object '1' are equal

2022-06-23 21:36:38 - [MESSAGE][PASSED] - Actual object '1' and expected object '1' are equal

2022-06-23 21:36:38 - [TEST_STEP][PASSED] - added_StepAP1_2 = getText(findTestObject("1. Constant/xpath", ["xpath":"/html/body/div[1]/div[2]/div[8]/div[3]/div/div[3]/div[3]/div/div/div[2]/div/div[1]/div/div[2]/h6"])): Text of object 'Object Repository/1. Constant/xpath' is: 'Added manually 06/23/22 12:36 PM By Brian Lemco'

2022-06-23 21:36:39 - [MESSAGE][PASSED] - Text of object 'Object Repository/1. Constant/xpath' is: 'Added manually 06/23/22 12:36 PM By Brian Lemco'

2022-06-23 21:36:39 - [TEST_STEP][PASSED] - if (added_StepAP1_2.contains("Added manually")): Actual object '1' and expected object '1' are equal

2022-06-23 21:36:39 - [TEST_STEP][PASSED] - verifyEqual(1, 1): Actual object '1' and expected object '1' are equal

2022-06-23 21:36:39 - [MESSAGE][PASSED] - Actual object '1' and expected object '1' are equal

2022-06-23 21:36:39 - [TEST_STEP][PASSED] - Name_StepAP2_2 = getText(findTestObject("1. Constant/xpath", ["xpath":"/html/body/div[1]/div[2]/div[8]/div[3]/div/div[3]/div[3]/div/div/div[2]/div/div[2]/div/div[1]/div[1]/h3"])): Text of object 'Object Repository/1. Constant/xpath' is: 'Phase 1.2 [Standard Phase]'

2022-06-23 21:36:39 - [MESSAGE][PASSED] - Text of object 'Object Repository/1. Constant/xpath' is: 'Phase 1.2 [Standard Phase]'

2022-06-23 21:36:39 - [TEST_STEP][PASSED] - verifyMatch(Name_StepAP2_2, "Phase 1.2 [Standard Phase]", false): Actual text 'Phase 1.2 [Standard Phase]' and expected text 'Phase 1.2 [Standard Phase]' are matched 

2022-06-23 21:36:39 - [MESSAGE][PASSED] - Actual text 'Phase 1.2 [Standard Phase]' and expected text 'Phase 1.2 [Standard Phase]' are matched 

2022-06-23 21:36:39 - [TEST_STEP][PASSED] - StepB_3 = getAttribute(findTestObject("1. Constant/xpath", ["xpath":"/html/body/div[1]/div[2]/div[8]/div[3]/div/div[3]/div[3]/div/ul/li[3]/a"]), "class"): Attribute 'class' of object 'Object Repository/1. Constant/xpath' is: 'nav-link timeline-badge badge-xl  bg-waiting '

2022-06-23 21:36:41 - [MESSAGE][PASSED] - Attribute 'class' of object 'Object Repository/1. Constant/xpath' is: 'nav-link timeline-badge badge-xl  bg-waiting '

2022-06-23 21:36:41 - [TEST_STEP][PASSED] - verifyMatch(StepB_3, "nav-link timeline-badge badge-xl  bg-waiting ", false): Actual text 'nav-link timeline-badge badge-xl  bg-waiting ' and expected text 'nav-link timeline-badge badge-xl  bg-waiting ' are matched 

2022-06-23 21:36:41 - [MESSAGE][PASSED] - Actual text 'nav-link timeline-badge badge-xl  bg-waiting ' and expected text 'nav-link timeline-badge badge-xl  bg-waiting ' are matched 

2022-06-23 21:36:41 - [TEST_STEP][PASSED] - StepB_33 = I.Get_Stepname("/html/body/div[1]/div[2]/div[8]/div[3]/div/div[3]/div[3]/div/ul/li[3]/a"): Attribute 'href' of object 'Object Repository/1. Constant/xpath' is: 'http://mdb-release.diadeis.lan/MediaboxIndependence/Base/ExecAction?action=VoirRef&IDSession=MBI!RELTESTAUTO_DREYERS!Z4CZYLD18H7FJ5LWWFYMDTQLK9XEMGAEMG76FPGC&num=49YTTDLX3Z&id_ref=5318#tab_lifecycle_SASStepB_12317'

2022-06-23 21:36:46 - [MESSAGE][PASSED] - Delayed 5 second(s)

2022-06-23 21:36:46 - [MESSAGE][PASSED] - Attribute 'href' of object 'Object Repository/1. Constant/xpath' is: 'http://mdb-release.diadeis.lan/MediaboxIndependence/Base/ExecAction?action=VoirRef&IDSession=MBI!RELTESTAUTO_DREYERS!Z4CZYLD18H7FJ5LWWFYMDTQLK9XEMGAEMG76FPGC&num=49YTTDLX3Z&id_ref=5318#tab_lifecycle_SASStepB_12317'

2022-06-23 21:36:46 - [TEST_STEP][PASSED] - verifyMatch(StepB_33, "SASStepB", false): Actual text 'SASStepB' and expected text 'SASStepB' are matched 

2022-06-23 21:36:46 - [MESSAGE][PASSED] - Actual text 'SASStepB' and expected text 'SASStepB' are matched 

2022-06-23 21:36:46 - [TEST_STEP][PASSED] - I.Logout(): Delayed 3 second(s)

2022-06-23 21:36:49 - [MESSAGE][PASSED] - Delayed 3 second(s)

2022-06-23 21:36:51 - [MESSAGE][PASSED] - Object: 'Object Repository/1. Constant/xpath' is clicked on

2022-06-23 21:36:54 - [MESSAGE][PASSED] - Delayed 3 second(s)

2022-06-23 21:36:58 - [MESSAGE][PASSED] - Object: 'Object Repository/1. Constant/xpath' is clicked on

2022-06-23 21:37:01 - [MESSAGE][PASSED] - Delayed 3 second(s)

2022-06-23 21:37:01 - [TEST_STEP][PASSED] - I.Login_password("nturner", password_nturner): Object: 'Object Repository/1. Constant/xpath' is clicked on

2022-06-23 21:37:02 - [MESSAGE][PASSED] - Text 'nturner' is set on object 'Object Repository/1. Constant/xpath'

2022-06-23 21:37:03 - [MESSAGE][PASSED] - Delayed 1 second(s)

2022-06-23 21:37:06 - [MESSAGE][PASSED] - Text 'diadeis1' is set on object 'Object Repository/1. Constant/xpath'

2022-06-23 21:37:07 - [MESSAGE][PASSED] - Delayed 1 second(s)

2022-06-23 21:37:11 - [MESSAGE][PASSED] - Object: 'Object Repository/1. Constant/xpath' is clicked on

2022-06-23 21:37:11 - [TEST_STEP][PASSED] - takeScreenshot(): Taking screenshot successfully

2022-06-23 21:37:12 - [MESSAGE][PASSED] - Taking screenshot successfully
[[ATTACHMENT|D:\\Projet Test Auto\\Mediabox Test Automation\\Reports\\20220623_184212\\03. Parallel Testing (Testing)\\TS -PT PART 3\\14.02 Dreyers Support Action (Ongoing _ Completed ref) - PART 2\\20220623_184228\\1656013031737.png]]

2022-06-23 21:37:12 - [TEST_STEP][PASSED] - click(findTestObject("1. Constant/02_LHSMenu_Projects")): Object: 'Object Repository/1. Constant/02_LHSMenu_Projects' is clicked on

2022-06-23 21:37:15 - [MESSAGE][PASSED] - Object: 'Object Repository/1. Constant/02_LHSMenu_Projects' is clicked on

2022-06-23 21:37:15 - [TEST_STEP][PASSED] - I.SearchProjectNo_xpath(Project_No, "//*[@id="keynum_project"]", "//*[@id="form_filters"]/div[4]/button"): Delayed 5 second(s)

2022-06-23 21:37:16 - [MESSAGE][PASSED] - Delayed 1 second(s)

2022-06-23 21:37:17 - [MESSAGE][PASSED] - Text 'MI000883' is set on object 'Object Repository/1. Constant/xpath'

2022-06-23 21:37:20 - [MESSAGE][PASSED] - Delayed 3 second(s)

2022-06-23 21:37:21 - [MESSAGE][PASSED] - Scroll to object 'Object Repository/1. Constant/xpath' successfully

2022-06-23 21:37:26 - [MESSAGE][PASSED] - Object: 'Object Repository/1. Constant/xpath' is clicked on

2022-06-23 21:37:31 - [MESSAGE][PASSED] - Delayed 5 second(s)

2022-06-23 21:37:31 - [TEST_STEP][PASSED] - takeScreenshot(): Taking screenshot successfully

2022-06-23 21:37:32 - [MESSAGE][PASSED] - Taking screenshot successfully
[[ATTACHMENT|D:\\Projet Test Auto\\Mediabox Test Automation\\Reports\\20220623_184212\\03. Parallel Testing (Testing)\\TS -PT PART 3\\14.02 Dreyers Support Action (Ongoing _ Completed ref) - PART 2\\20220623_184228\\1656013052195.png]]

2022-06-23 21:37:32 - [TEST_STEP][PASSED] - I.SearchRefNo_xpath("P5_Auto", "//*[@id="fiche_filter_keywords11"]", "//*[@id="form_filters"]/div[3]/button"): Delayed 5 second(s)

2022-06-23 21:37:33 - [MESSAGE][PASSED] - Delayed 1 second(s)

2022-06-23 21:37:34 - [MESSAGE][PASSED] - Text 'P5_Auto' is set on object 'Object Repository/1. Constant/xpath'

2022-06-23 21:37:37 - [MESSAGE][PASSED] - Delayed 3 second(s)

2022-06-23 21:37:38 - [MESSAGE][PASSED] - Scroll to object 'Object Repository/1. Constant/xpath' successfully

2022-06-23 21:37:43 - [MESSAGE][PASSED] - Object: 'Object Repository/1. Constant/xpath' is clicked on

2022-06-23 21:37:48 - [MESSAGE][PASSED] - Delayed 5 second(s)

2022-06-23 21:37:48 - [TEST_STEP][PASSED] - delay(1): Delayed 1 second(s)

2022-06-23 21:37:49 - [MESSAGE][PASSED] - Delayed 1 second(s)

2022-06-23 21:37:49 - [TEST_STEP][PASSED] - Lifecycle_Status2 = getText(findTestObject("1. Constant/xpath", ["xpath":"//*[@id="source_" + refID5 + ""]/td[12]/span[1]"])): Text of object 'Object Repository/1. Constant/xpath' is: 'Phase 1.1 [Standard]'

2022-06-23 21:37:50 - [MESSAGE][PASSED] - Text of object 'Object Repository/1. Constant/xpath' is: 'Phase 1.1 [Standard]'

2022-06-23 21:37:50 - [TEST_STEP][PASSED] - verifyMatch(Lifecycle_Status2, "Phase 1.1 [Standard]", false): Actual text 'Phase 1.1 [Standard]' and expected text 'Phase 1.1 [Standard]' are matched 

2022-06-23 21:37:50 - [MESSAGE][PASSED] - Actual text 'Phase 1.1 [Standard]' and expected text 'Phase 1.1 [Standard]' are matched 

2022-06-23 21:37:50 - [TEST_STEP][PASSED] - click(findTestObject("1. Constant/xpath", ["xpath":"//*[@id="source_" + refID5 + ""]/td[13]/a[2]"])): Object: 'Object Repository/1. Constant/xpath' is clicked on

2022-06-23 21:37:52 - [MESSAGE][PASSED] - Object: 'Object Repository/1. Constant/xpath' is clicked on

2022-06-23 21:37:52 - [TEST_STEP][PASSED] - click(findTestObject("1. Constant/xpath", ["xpath":"//*[@id="ModifFiche"]/div[1]/div/button[2]"])): Object: 'Object Repository/1. Constant/xpath' is clicked on

2022-06-23 21:37:57 - [MESSAGE][PASSED] - Object: 'Object Repository/1. Constant/xpath' is clicked on

2022-06-23 21:37:57 - [TEST_STEP][PASSED] - Lifecycle_Status3 = getText(findTestObject("1. Constant/xpath", ["xpath":"//*[@id="source_" + refID5 + ""]/td[12]/span[1]"])): Text of object 'Object Repository/1. Constant/xpath' is: 'Phase 1.2 [Standard Phase]'

2022-06-23 21:37:59 - [MESSAGE][PASSED] - Text of object 'Object Repository/1. Constant/xpath' is: 'Phase 1.2 [Standard Phase]'

2022-06-23 21:37:59 - [TEST_STEP][PASSED] - verifyMatch(Lifecycle_Status3, "Phase 1.2 [Standard Phase]", false): Actual text 'Phase 1.2 [Standard Phase]' and expected text 'Phase 1.2 [Standard Phase]' are matched 

2022-06-23 21:37:59 - [MESSAGE][PASSED] - Actual text 'Phase 1.2 [Standard Phase]' and expected text 'Phase 1.2 [Standard Phase]' are matched 

2022-06-23 21:37:59 - [TEST_STEP][PASSED] - I.Logout(): Delayed 3 second(s)

2022-06-23 21:38:02 - [MESSAGE][PASSED] - Delayed 3 second(s)

2022-06-23 21:38:03 - [MESSAGE][PASSED] - Object: 'Object Repository/1. Constant/xpath' is clicked on

2022-06-23 21:38:06 - [MESSAGE][PASSED] - Delayed 3 second(s)

2022-06-23 21:38:09 - [MESSAGE][PASSED] - Object: 'Object Repository/1. Constant/xpath' is clicked on

2022-06-23 21:38:12 - [MESSAGE][PASSED] - Delayed 3 second(s)

2022-06-23 21:38:12 - [TEST_STEP][PASSED] - I.Login_password("lmary", password_lmary): Object: 'Object Repository/1. Constant/xpath' is clicked on

2022-06-23 21:38:13 - [MESSAGE][PASSED] - Text 'lmary' is set on object 'Object Repository/1. Constant/xpath'

2022-06-23 21:38:14 - [MESSAGE][PASSED] - Delayed 1 second(s)

2022-06-23 21:38:16 - [MESSAGE][PASSED] - Text 'diadeis' is set on object 'Object Repository/1. Constant/xpath'

2022-06-23 21:38:17 - [MESSAGE][PASSED] - Delayed 1 second(s)

2022-06-23 21:38:22 - [MESSAGE][PASSED] - Object: 'Object Repository/1. Constant/xpath' is clicked on

2022-06-23 21:38:22 - [TEST_STEP][PASSED] - takeScreenshot(): Taking screenshot successfully

2022-06-23 21:38:22 - [MESSAGE][PASSED] - Taking screenshot successfully
[[ATTACHMENT|D:\\Projet Test Auto\\Mediabox Test Automation\\Reports\\20220623_184212\\03. Parallel Testing (Testing)\\TS -PT PART 3\\14.02 Dreyers Support Action (Ongoing _ Completed ref) - PART 2\\20220623_184228\\1656013102279.png]]

2022-06-23 21:38:22 - [TEST_STEP][PASSED] - click(findTestObject("1. Constant/02_LHSMenu_Projects")): Object: 'Object Repository/1. Constant/02_LHSMenu_Projects' is clicked on

2022-06-23 21:38:26 - [MESSAGE][PASSED] - Object: 'Object Repository/1. Constant/02_LHSMenu_Projects' is clicked on

2022-06-23 21:38:26 - [TEST_STEP][PASSED] - I.SearchProjectNo_xpath(Project_No, "//*[@id="keynum_project"]", "//*[@id="form_filters"]/div[4]/button"): Delayed 5 second(s)

2022-06-23 21:38:27 - [MESSAGE][PASSED] - Delayed 1 second(s)

2022-06-23 21:38:31 - [MESSAGE][PASSED] - Text 'MI000883' is set on object 'Object Repository/1. Constant/xpath'

2022-06-23 21:38:34 - [MESSAGE][PASSED] - Delayed 3 second(s)

2022-06-23 21:38:35 - [MESSAGE][PASSED] - Scroll to object 'Object Repository/1. Constant/xpath' successfully

2022-06-23 21:38:38 - [MESSAGE][PASSED] - Object: 'Object Repository/1. Constant/xpath' is clicked on

2022-06-23 21:38:43 - [MESSAGE][PASSED] - Delayed 5 second(s)

2022-06-23 21:38:43 - [TEST_STEP][PASSED] - takeScreenshot(): Taking screenshot successfully

2022-06-23 21:38:44 - [MESSAGE][PASSED] - Taking screenshot successfully
[[ATTACHMENT|D:\\Projet Test Auto\\Mediabox Test Automation\\Reports\\20220623_184212\\03. Parallel Testing (Testing)\\TS -PT PART 3\\14.02 Dreyers Support Action (Ongoing _ Completed ref) - PART 2\\20220623_184228\\1656013123601.png]]

2022-06-23 21:38:44 - [TEST_STEP][PASSED] - I.SearchRefNo_xpath("P5_Auto", "//*[@id="fiche_filter_keywords11"]", "//*[@id="form_filters"]/div[3]/button"): Delayed 5 second(s)

2022-06-23 21:38:45 - [MESSAGE][PASSED] - Delayed 1 second(s)

2022-06-23 21:38:47 - [MESSAGE][PASSED] - Text 'P5_Auto' is set on object 'Object Repository/1. Constant/xpath'

2022-06-23 21:38:50 - [MESSAGE][PASSED] - Delayed 3 second(s)

2022-06-23 21:38:51 - [MESSAGE][PASSED] - Scroll to object 'Object Repository/1. Constant/xpath' successfully

2022-06-23 21:38:55 - [MESSAGE][PASSED] - Object: 'Object Repository/1. Constant/xpath' is clicked on

2022-06-23 21:39:00 - [MESSAGE][PASSED] - Delayed 5 second(s)

2022-06-23 21:39:00 - [TEST_STEP][PASSED] - takeScreenshot(): Taking screenshot successfully

2022-06-23 21:39:01 - [MESSAGE][PASSED] - Taking screenshot successfully
[[ATTACHMENT|D:\\Projet Test Auto\\Mediabox Test Automation\\Reports\\20220623_184212\\03. Parallel Testing (Testing)\\TS -PT PART 3\\14.02 Dreyers Support Action (Ongoing _ Completed ref) - PART 2\\20220623_184228\\1656013140990.png]]

2022-06-23 21:39:01 - [TEST_STEP][PASSED] - click(findTestObject("1. Constant/xpath", ["xpath":"//*[@id="source_" + refID5 + ""]/td[13]/a[2]"])): Object: 'Object Repository/1. Constant/xpath' is clicked on

2022-06-23 21:39:04 - [MESSAGE][PASSED] - Object: 'Object Repository/1. Constant/xpath' is clicked on

2022-06-23 21:39:04 - [TEST_STEP][PASSED] - click(findTestObject("1. Constant/xpath", ["xpath":"//*[@id="ModifFiche"]/div[1]/div/button[2]"])): Object: 'Object Repository/1. Constant/xpath' is clicked on

2022-06-23 21:39:11 - [MESSAGE][PASSED] - Object: 'Object Repository/1. Constant/xpath' is clicked on

2022-06-23 21:39:11 - [TEST_STEP][PASSED] - Lifecycle_Status4 = getText(findTestObject("1. Constant/xpath", ["xpath":"//*[@id="source_" + refID5 + ""]/td[12]/span[1]"])): Text of object 'Object Repository/1. Constant/xpath' is: 'Phase 2.1 [Production]'

2022-06-23 21:39:12 - [MESSAGE][PASSED] - Text of object 'Object Repository/1. Constant/xpath' is: 'Phase 2.1 [Production]'

2022-06-23 21:39:12 - [TEST_STEP][PASSED] - verifyMatch(Lifecycle_Status4, "Phase 2.1 [Production]", false): Actual text 'Phase 2.1 [Production]' and expected text 'Phase 2.1 [Production]' are matched 

2022-06-23 21:39:12 - [MESSAGE][PASSED] - Actual text 'Phase 2.1 [Production]' and expected text 'Phase 2.1 [Production]' are matched 

2022-06-23 21:39:12 - [TEST_STEP][PASSED] - closeBrowser(): Browser is closed

2022-06-23 21:39:28 - [MESSAGE][PASSED] - Browser is closed

2022-06-23 21:39:28 - [TEST_STEP][PASSED] - Start listener action : sampleAfterTestCase: null]]></system-out>
         <system-err><![CDATA[]]></system-err>
      </testcase>
      <testcase name="Test Cases/19. Dreyers Support Action (Ongoing ref_completed)/19.06 Dreyers SAS Add Step Group (Ongoing ref) S12 - P6" time="311.861" classname="Test Cases/19. Dreyers Support Action (Ongoing ref_completed)/19.06 Dreyers SAS Add Step Group (Ongoing ref) S12 - P6" status="PASSED">
         <system-out><![CDATA[2022-06-23 21:39:28 - [TEST_CASE][PASSED] - Test Cases/19. Dreyers Support Action (Ongoing ref_completed)/19.06 Dreyers SAS Add Step Group (Ongoing ref) S12 - P6: Test Cases/19. Dreyers Support Action (Ongoing ref_completed)/19.06 Dreyers SAS Add Step Group (Ongoing ref) S12 - P6

2022-06-23 21:39:28 - [TEST_STEP][PASSED] - data_Dreyers = findTestData("Data Files/Username_Password/Dreyer"): null

2022-06-23 21:39:28 - [TEST_STEP][PASSED] - password_blemco = data_Dreyers.getValue(2, 2): null

2022-06-23 21:39:28 - [TEST_STEP][PASSED] - password_nturner = data_Dreyers.getValue(2, 6): null

2022-06-23 21:39:28 - [TEST_STEP][PASSED] - password_lmary = data_Dreyers.getValue(2, 13): null

2022-06-23 21:39:28 - [TEST_STEP][PASSED] - data_urlRELAUTO = findTestData("Data Files/URL/URL_relauto"): null

2022-06-23 21:39:28 - [TEST_STEP][PASSED] - Url_Dreyer = data_urlRELAUTO.getValue(2, 4): null

2022-06-23 21:39:28 - [TEST_STEP][PASSED] - Project_No = I.readnotepad("D:\Upoad_File\Projet_ Login\Dreyers\19.1\19.1_Dreyers_ProjectNo.txt"): null

2022-06-23 21:39:28 - [TEST_STEP][PASSED] - refID = I.readnotepad("D:\Upoad_File\Projet_ Login\Dreyers\19.1\19.1_Dreyers_refID.txt"): null

2022-06-23 21:39:28 - [TEST_STEP][PASSED] - openBrowser(Url_Dreyer): Browser is opened with url: 'http://mdb-release.diadeis.lan/MediaboxIndependence/?MBI_datasource=RELTESTAUTO_DREYERS'

2022-06-23 21:39:28 - [MESSAGE][INFO] - Starting 'Chrome (headless)' driver

2022-06-23 21:39:28 - [MESSAGE][INFO] - User set preference: ['args', '[--window-size=1920,1080, --headless]']

2022-06-23 21:39:28 - [MESSAGE][INFO] - Action delay is set to 0 milliseconds

2022-06-23 21:39:57 - [MESSAGE][PASSED] - Browser is opened with url: 'http://mdb-release.diadeis.lan/MediaboxIndependence/?MBI_datasource=RELTESTAUTO_DREYERS'

2022-06-23 21:39:57 - [TEST_STEP][PASSED] - maximizeWindow(): Current window maximized

2022-06-23 21:39:57 - [MESSAGE][PASSED] - Current window maximized

2022-06-23 21:39:57 - [TEST_STEP][PASSED] - I.Login_password("blemco", password_blemco): Object: 'Object Repository/1. Constant/xpath' is clicked on

2022-06-23 21:39:58 - [MESSAGE][PASSED] - Text 'blemco' is set on object 'Object Repository/1. Constant/xpath'

2022-06-23 21:39:59 - [MESSAGE][PASSED] - Delayed 1 second(s)

2022-06-23 21:40:02 - [MESSAGE][PASSED] - Text 'diadeis1' is set on object 'Object Repository/1. Constant/xpath'

2022-06-23 21:40:03 - [MESSAGE][PASSED] - Delayed 1 second(s)

2022-06-23 21:40:17 - [MESSAGE][PASSED] - Object: 'Object Repository/1. Constant/xpath' is clicked on

2022-06-23 21:40:17 - [TEST_STEP][PASSED] - click(findTestObject("1. Constant/02_LHSMenu_Projects")): Object: 'Object Repository/1. Constant/02_LHSMenu_Projects' is clicked on

2022-06-23 21:40:24 - [MESSAGE][PASSED] - Object: 'Object Repository/1. Constant/02_LHSMenu_Projects' is clicked on

2022-06-23 21:40:24 - [TEST_STEP][PASSED] - I.SearchProjectNo_xpath(Project_No, "//*[@id="keynum_project"]", "//*[@id="form_filters"]/div[4]/button"): Delayed 5 second(s)

2022-06-23 21:40:25 - [MESSAGE][PASSED] - Delayed 1 second(s)

2022-06-23 21:40:27 - [MESSAGE][PASSED] - Text 'MI000883' is set on object 'Object Repository/1. Constant/xpath'

2022-06-23 21:40:30 - [MESSAGE][PASSED] - Delayed 3 second(s)

2022-06-23 21:40:30 - [MESSAGE][PASSED] - Scroll to object 'Object Repository/1. Constant/xpath' successfully

2022-06-23 21:40:35 - [MESSAGE][PASSED] - Object: 'Object Repository/1. Constant/xpath' is clicked on

2022-06-23 21:40:40 - [MESSAGE][PASSED] - Delayed 5 second(s)

2022-06-23 21:40:40 - [TEST_STEP][PASSED] - takeScreenshot(): Taking screenshot successfully

2022-06-23 21:40:42 - [MESSAGE][PASSED] - Taking screenshot successfully
[[ATTACHMENT|D:\\Projet Test Auto\\Mediabox Test Automation\\Reports\\20220623_184212\\03. Parallel Testing (Testing)\\TS -PT PART 3\\14.02 Dreyers Support Action (Ongoing _ Completed ref) - PART 2\\20220623_184228\\1656013241342.png]]

2022-06-23 21:40:42 - [TEST_STEP][PASSED] - click(findTestObject("1. Constant/xpath", ["xpath":"//*[@id="create_ref_btn"]/button"])): Object: 'Object Repository/1. Constant/xpath' is clicked on

2022-06-23 21:40:43 - [MESSAGE][PASSED] - Object: 'Object Repository/1. Constant/xpath' is clicked on

2022-06-23 21:40:43 - [TEST_STEP][PASSED] - delay(1): Delayed 1 second(s)

2022-06-23 21:40:44 - [MESSAGE][PASSED] - Delayed 1 second(s)

2022-06-23 21:40:44 - [TEST_STEP][PASSED] - click(findTestObject("1. Constant/xpath", ["xpath":"//*[@id="create_ref_btn"]/div/a"])): Object: 'Object Repository/1. Constant/xpath' is clicked on

2022-06-23 21:40:47 - [MESSAGE][PASSED] - Object: 'Object Repository/1. Constant/xpath' is clicked on

2022-06-23 21:40:47 - [TEST_STEP][PASSED] - delay(1): Delayed 1 second(s)

2022-06-23 21:40:48 - [MESSAGE][PASSED] - Delayed 1 second(s)

2022-06-23 21:40:48 - [TEST_STEP][PASSED] - selectOptionByValue(findTestObject("1. Constant/xpath", ["xpath":"//*[@id="lfc_tpl"]"]), "37", false): All options with value '37' are selected in object 'Object Repository/1. Constant/xpath' 

2022-06-23 21:40:49 - [MESSAGE][PASSED] - All options with value '37' are selected in object 'Object Repository/1. Constant/xpath' 

2022-06-23 21:40:49 - [TEST_STEP][PASSED] - ref_name = "P6_Auto_SAS_S12_" + RandomStringUtils.randomAlphanumeric(5) + I.gettimedate(): null

2022-06-23 21:40:49 - [TEST_STEP][PASSED] - delay(1): Delayed 1 second(s)

2022-06-23 21:40:50 - [MESSAGE][PASSED] - Delayed 1 second(s)

2022-06-23 21:40:50 - [TEST_STEP][PASSED] - setText(findTestObject("1. Constant/xpath", ["xpath":"//*[@id="var_name"]"]), ref_name): Text 'P6_Auto_SAS_S12_ylbCIjuin232022_214049' is set on object 'Object Repository/1. Constant/xpath'

2022-06-23 21:40:52 - [MESSAGE][PASSED] - Text 'P6_Auto_SAS_S12_ylbCIjuin232022_214049' is set on object 'Object Repository/1. Constant/xpath'

2022-06-23 21:40:52 - [TEST_STEP][PASSED] - takeScreenshot(): Taking screenshot successfully

2022-06-23 21:40:53 - [MESSAGE][PASSED] - Taking screenshot successfully
[[ATTACHMENT|D:\\Projet Test Auto\\Mediabox Test Automation\\Reports\\20220623_184212\\03. Parallel Testing (Testing)\\TS -PT PART 3\\14.02 Dreyers Support Action (Ongoing _ Completed ref) - PART 2\\20220623_184228\\1656013252980.png]]

2022-06-23 21:40:53 - [TEST_STEP][PASSED] - click(findTestObject("1. Constant/xpath", ["xpath":"//*[@id="createRefBottom"]"])): Object: 'Object Repository/1. Constant/xpath' is clicked on

2022-06-23 21:40:58 - [MESSAGE][PASSED] - Object: 'Object Repository/1. Constant/xpath' is clicked on

2022-06-23 21:40:58 - [TEST_STEP][PASSED] - delay(1): Delayed 1 second(s)

2022-06-23 21:40:59 - [MESSAGE][PASSED] - Delayed 1 second(s)

2022-06-23 21:40:59 - [TEST_STEP][PASSED] - takeScreenshot(): Taking screenshot successfully

2022-06-23 21:41:01 - [MESSAGE][PASSED] - Taking screenshot successfully
[[ATTACHMENT|D:\\Projet Test Auto\\Mediabox Test Automation\\Reports\\20220623_184212\\03. Parallel Testing (Testing)\\TS -PT PART 3\\14.02 Dreyers Support Action (Ongoing _ Completed ref) - PART 2\\20220623_184228\\1656013260298.png]]

2022-06-23 21:41:01 - [TEST_STEP][PASSED] - refID6 = I.RefID(): Current window's url is: 'http://mdb-release.diadeis.lan/MediaboxIndependence/Base/ExecAction?IDSession=MBI%21RELTESTAUTO_DREYERS%21R9Z1WEUWS76XMAUXJIVFSMIE754HO74FMPXM94HI&default_action=ModifierRef&id_project=MI000883&id_ref=5319&action_from=create_ref'

2022-06-23 21:41:06 - [MESSAGE][PASSED] - Delayed 5 second(s)

2022-06-23 21:41:06 - [MESSAGE][PASSED] - Current window's url is: 'http://mdb-release.diadeis.lan/MediaboxIndependence/Base/ExecAction?IDSession=MBI%21RELTESTAUTO_DREYERS%21R9Z1WEUWS76XMAUXJIVFSMIE754HO74FMPXM94HI&default_action=ModifierRef&id_project=MI000883&id_ref=5319&action_from=create_ref'

2022-06-23 21:41:06 - [TEST_STEP][PASSED] - click(findTestObject("1. Constant/xpath", ["xpath":"//*[@id="type_save"]"])): Object: 'Object Repository/1. Constant/xpath' is clicked on

2022-06-23 21:41:11 - [MESSAGE][PASSED] - Object: 'Object Repository/1. Constant/xpath' is clicked on

2022-06-23 21:41:11 - [TEST_STEP][PASSED] - I.SearchRefNo_xpath("P6_Auto", "//*[@id="fiche_filter_keywords11"]", "//*[@id="form_filters"]/div[3]/button"): Delayed 5 second(s)

2022-06-23 21:41:12 - [MESSAGE][PASSED] - Delayed 1 second(s)

2022-06-23 21:41:14 - [MESSAGE][PASSED] - Text 'P6_Auto' is set on object 'Object Repository/1. Constant/xpath'

2022-06-23 21:41:17 - [MESSAGE][PASSED] - Delayed 3 second(s)

2022-06-23 21:41:18 - [MESSAGE][PASSED] - Scroll to object 'Object Repository/1. Constant/xpath' successfully

2022-06-23 21:41:21 - [MESSAGE][PASSED] - Object: 'Object Repository/1. Constant/xpath' is clicked on

2022-06-23 21:41:26 - [MESSAGE][PASSED] - Delayed 5 second(s)

2022-06-23 21:41:26 - [TEST_STEP][PASSED] - takeScreenshot(): Taking screenshot successfully

2022-06-23 21:41:26 - [MESSAGE][PASSED] - Taking screenshot successfully
[[ATTACHMENT|D:\\Projet Test Auto\\Mediabox Test Automation\\Reports\\20220623_184212\\03. Parallel Testing (Testing)\\TS -PT PART 3\\14.02 Dreyers Support Action (Ongoing _ Completed ref) - PART 2\\20220623_184228\\1656013286472.png]]

2022-06-23 21:41:26 - [TEST_STEP][PASSED] - click(findTestObject("1. Constant/xpath", ["xpath":"//*[@id="source_" + refID6 + ""]/td[13]/div[1]/button"])): Object: 'Object Repository/1. Constant/xpath' is clicked on

2022-06-23 21:41:27 - [MESSAGE][PASSED] - Object: 'Object Repository/1. Constant/xpath' is clicked on

2022-06-23 21:41:27 - [TEST_STEP][PASSED] - delay(1): Delayed 1 second(s)

2022-06-23 21:41:28 - [MESSAGE][PASSED] - Delayed 1 second(s)

2022-06-23 21:41:28 - [TEST_STEP][PASSED] - takeScreenshot(): Taking screenshot successfully

2022-06-23 21:41:29 - [MESSAGE][PASSED] - Taking screenshot successfully
[[ATTACHMENT|D:\\Projet Test Auto\\Mediabox Test Automation\\Reports\\20220623_184212\\03. Parallel Testing (Testing)\\TS -PT PART 3\\14.02 Dreyers Support Action (Ongoing _ Completed ref) - PART 2\\20220623_184228\\1656013289022.png]]

2022-06-23 21:41:29 - [TEST_STEP][PASSED] - delay(1): Delayed 1 second(s)

2022-06-23 21:41:30 - [MESSAGE][PASSED] - Delayed 1 second(s)

2022-06-23 21:41:30 - [TEST_STEP][PASSED] - x = 20: null

2022-06-23 21:41:30 - [TEST_STEP][PASSED] - i = 1: null

2022-06-23 21:41:30 - [TEST_STEP][PASSED] - while (i <= x): null

2022-06-23 21:41:30 - [TEST_STEP][PASSED] - Expected_SAS_Selected = "SAS S12: Skip P1.2/ Add Step A/ Skip P1.1": null

2022-06-23 21:41:30 - [TEST_STEP][PASSED] - xpath_SAS = "//*[@id="source_" + refID6 + ""]/td[13]/div[1]/div/a[" + i + "]": null

2022-06-23 21:41:30 - [TEST_STEP][PASSED] - Actual_SAS = getText(findTestObject("1. Constant/xpath", ["xpath":xpath_SAS])): Text of object 'Object Repository/1. Constant/xpath' is: 'SAS S12: Skip P1.2/ Add Step A/ Skip P1.1'

2022-06-23 21:41:31 - [MESSAGE][PASSED] - Text of object 'Object Repository/1. Constant/xpath' is: 'SAS S12: Skip P1.2/ Add Step A/ Skip P1.1'

2022-06-23 21:41:31 - [TEST_STEP][PASSED] - if (Actual_SAS.contains(Expected_SAS_Selected)): null

2022-06-23 21:41:31 - [TEST_STEP][PASSED] - click(findTestObject("1. Constant/xpath", ["xpath":xpath_SAS])): Object: 'Object Repository/1. Constant/xpath' is clicked on

2022-06-23 21:41:31 - [MESSAGE][PASSED] - Object: 'Object Repository/1. Constant/xpath' is clicked on

2022-06-23 21:41:31 - [TEST_STEP][PASSED] - break: null

2022-06-23 21:41:31 - [TEST_STEP][PASSED] - takeScreenshot(): Taking screenshot successfully

2022-06-23 21:41:32 - [MESSAGE][PASSED] - Taking screenshot successfully
[[ATTACHMENT|D:\\Projet Test Auto\\Mediabox Test Automation\\Reports\\20220623_184212\\03. Parallel Testing (Testing)\\TS -PT PART 3\\14.02 Dreyers Support Action (Ongoing _ Completed ref) - PART 2\\20220623_184228\\1656013292125.png]]

2022-06-23 21:41:32 - [TEST_STEP][PASSED] - click(findTestObject("1. Constant/xpath", ["xpath":"//*[@id="confirmSupportActionShortcut"]"])): Object: 'Object Repository/1. Constant/xpath' is clicked on

2022-06-23 21:41:39 - [MESSAGE][PASSED] - Object: 'Object Repository/1. Constant/xpath' is clicked on

2022-06-23 21:41:39 - [TEST_STEP][PASSED] - takeScreenshot(): Taking screenshot successfully

2022-06-23 21:41:40 - [MESSAGE][PASSED] - Taking screenshot successfully
[[ATTACHMENT|D:\\Projet Test Auto\\Mediabox Test Automation\\Reports\\20220623_184212\\03. Parallel Testing (Testing)\\TS -PT PART 3\\14.02 Dreyers Support Action (Ongoing _ Completed ref) - PART 2\\20220623_184228\\1656013300248.png]]

2022-06-23 21:41:40 - [TEST_STEP][PASSED] - click(findTestObject("1. Constant/xpath", ["xpath":"//*[@id="kt_content"]/div[3]/div/ul/li[3]/a"])): Object: 'Object Repository/1. Constant/xpath' is clicked on

2022-06-23 21:41:43 - [MESSAGE][PASSED] - Object: 'Object Repository/1. Constant/xpath' is clicked on

2022-06-23 21:41:43 - [TEST_STEP][PASSED] - takeScreenshot(): Taking screenshot successfully

2022-06-23 21:41:44 - [MESSAGE][PASSED] - Taking screenshot successfully
[[ATTACHMENT|D:\\Projet Test Auto\\Mediabox Test Automation\\Reports\\20220623_184212\\03. Parallel Testing (Testing)\\TS -PT PART 3\\14.02 Dreyers Support Action (Ongoing _ Completed ref) - PART 2\\20220623_184228\\1656013303952.png]]

2022-06-23 21:41:44 - [TEST_STEP][PASSED] - StepA_1 = getAttribute(findTestObject("1. Constant/xpath", ["xpath":"/html/body/div[1]/div[2]/div[8]/div[3]/div/div[3]/div[3]/div/ul/li[1]/a"]), "class"): Attribute 'class' of object 'Object Repository/1. Constant/xpath' is: 'nav-link timeline-badge badge-xl  bg-complete '

2022-06-23 21:41:44 - [MESSAGE][PASSED] - Attribute 'class' of object 'Object Repository/1. Constant/xpath' is: 'nav-link timeline-badge badge-xl  bg-complete '

2022-06-23 21:41:44 - [TEST_STEP][PASSED] - verifyMatch(StepA_1, "nav-link timeline-badge badge-xl  bg-complete ", false): Actual text 'nav-link timeline-badge badge-xl  bg-complete ' and expected text 'nav-link timeline-badge badge-xl  bg-complete ' are matched 

2022-06-23 21:41:44 - [MESSAGE][PASSED] - Actual text 'nav-link timeline-badge badge-xl  bg-complete ' and expected text 'nav-link timeline-badge badge-xl  bg-complete ' are matched 

2022-06-23 21:41:44 - [TEST_STEP][PASSED] - StepA_11 = I.Get_Stepname("/html/body/div[1]/div[2]/div[8]/div[3]/div/div[3]/div[3]/div/ul/li[1]/a"): Attribute 'href' of object 'Object Repository/1. Constant/xpath' is: 'http://mdb-release.diadeis.lan/MediaboxIndependence/Base/ExecAction?action=VoirRef&IDSession=MBI!RELTESTAUTO_DREYERS!R9Z1WEUWS76XMAUXJIVFSMIE754HO74FMPXM94HI&num=E6P0UHGY7W&id_ref=5319#tab_lifecycle_SASStepA_12319'

2022-06-23 21:41:49 - [MESSAGE][PASSED] - Delayed 5 second(s)

2022-06-23 21:41:50 - [MESSAGE][PASSED] - Attribute 'href' of object 'Object Repository/1. Constant/xpath' is: 'http://mdb-release.diadeis.lan/MediaboxIndependence/Base/ExecAction?action=VoirRef&IDSession=MBI!RELTESTAUTO_DREYERS!R9Z1WEUWS76XMAUXJIVFSMIE754HO74FMPXM94HI&num=E6P0UHGY7W&id_ref=5319#tab_lifecycle_SASStepA_12319'

2022-06-23 21:41:50 - [TEST_STEP][PASSED] - verifyMatch(StepA_11, "SASStepA", false): Actual text 'SASStepA' and expected text 'SASStepA' are matched 

2022-06-23 21:41:50 - [MESSAGE][PASSED] - Actual text 'SASStepA' and expected text 'SASStepA' are matched 

2022-06-23 21:41:50 - [TEST_STEP][PASSED] - StepA_2 = getAttribute(findTestObject("1. Constant/xpath", ["xpath":"/html/body/div[1]/div[2]/div[8]/div[3]/div/div[3]/div[3]/div/ul/li[2]/a"]), "class"): Attribute 'class' of object 'Object Repository/1. Constant/xpath' is: 'nav-link timeline-badge badge-xl  bg-pending active'

2022-06-23 21:41:50 - [MESSAGE][PASSED] - Attribute 'class' of object 'Object Repository/1. Constant/xpath' is: 'nav-link timeline-badge badge-xl  bg-pending active'

2022-06-23 21:41:50 - [TEST_STEP][PASSED] - verifyMatch(StepA_2, "nav-link timeline-badge badge-xl  bg-pending active", false): Actual text 'nav-link timeline-badge badge-xl  bg-pending active' and expected text 'nav-link timeline-badge badge-xl  bg-pending active' are matched 

2022-06-23 21:41:50 - [MESSAGE][PASSED] - Actual text 'nav-link timeline-badge badge-xl  bg-pending active' and expected text 'nav-link timeline-badge badge-xl  bg-pending active' are matched 

2022-06-23 21:41:50 - [TEST_STEP][PASSED] - StepA_22 = I.Get_Stepname("/html/body/div[1]/div[2]/div[8]/div[3]/div/div[3]/div[3]/div/ul/li[2]/a"): Attribute 'href' of object 'Object Repository/1. Constant/xpath' is: 'http://mdb-release.diadeis.lan/MediaboxIndependence/Base/ExecAction?action=VoirRef&IDSession=MBI!RELTESTAUTO_DREYERS!R9Z1WEUWS76XMAUXJIVFSMIE754HO74FMPXM94HI&num=E6P0UHGY7W&id_ref=5319#tab_lifecycle_SASStepA_12321'

2022-06-23 21:41:55 - [MESSAGE][PASSED] - Delayed 5 second(s)

2022-06-23 21:41:57 - [MESSAGE][PASSED] - Attribute 'href' of object 'Object Repository/1. Constant/xpath' is: 'http://mdb-release.diadeis.lan/MediaboxIndependence/Base/ExecAction?action=VoirRef&IDSession=MBI!RELTESTAUTO_DREYERS!R9Z1WEUWS76XMAUXJIVFSMIE754HO74FMPXM94HI&num=E6P0UHGY7W&id_ref=5319#tab_lifecycle_SASStepA_12321'

2022-06-23 21:41:57 - [TEST_STEP][PASSED] - verifyMatch(StepA_22, "SASStepA", false): Actual text 'SASStepA' and expected text 'SASStepA' are matched 

2022-06-23 21:41:57 - [MESSAGE][PASSED] - Actual text 'SASStepA' and expected text 'SASStepA' are matched 

2022-06-23 21:41:57 - [TEST_STEP][PASSED] - Name_StepAP1_2 = getText(findTestObject("1. Constant/xpath", ["xpath":"/html/body/div[1]/div[2]/div[8]/div[3]/div/div[3]/div[3]/div/div/div[2]/div/div[1]/div/div[1]/div[1]/h3"])): Text of object 'Object Repository/1. Constant/xpath' is: 'Phase 1.1 [Standard]'

2022-06-23 21:41:57 - [MESSAGE][PASSED] - Text of object 'Object Repository/1. Constant/xpath' is: 'Phase 1.1 [Standard]'

2022-06-23 21:41:57 - [TEST_STEP][PASSED] - verifyMatch(Name_StepAP1_2, "Phase 1.1 [Standard]", false): Actual text 'Phase 1.1 [Standard]' and expected text 'Phase 1.1 [Standard]' are matched 

2022-06-23 21:41:57 - [MESSAGE][PASSED] - Actual text 'Phase 1.1 [Standard]' and expected text 'Phase 1.1 [Standard]' are matched 

2022-06-23 21:41:57 - [TEST_STEP][PASSED] - ST_StepAP1_2 = getText(findTestObject("1. Constant/xpath", ["xpath":"/html/body/div[1]/div[2]/div[8]/div[3]/div/div[3]/div[3]/div/div/div[2]/div/div[1]/div/div[2]/div[1]"])): Text of object 'Object Repository/1. Constant/xpath' is: 'Started 06/23/22 12:41 PM'

2022-06-23 21:41:58 - [MESSAGE][PASSED] - Text of object 'Object Repository/1. Constant/xpath' is: 'Started 06/23/22 12:41 PM'

2022-06-23 21:41:58 - [TEST_STEP][PASSED] - if (ST_StepAP1_2.contains("Started")): Actual object '1' and expected object '1' are equal

2022-06-23 21:41:58 - [TEST_STEP][PASSED] - verifyEqual(1, 1): Actual object '1' and expected object '1' are equal

2022-06-23 21:41:58 - [MESSAGE][PASSED] - Actual object '1' and expected object '1' are equal

2022-06-23 21:41:58 - [TEST_STEP][PASSED] - added_StepAP1_2 = getText(findTestObject("1. Constant/xpath", ["xpath":"/html/body/div[1]/div[2]/div[8]/div[3]/div/div[3]/div[3]/div/div/div[2]/div/div[1]/div/div[2]/h6"])): Text of object 'Object Repository/1. Constant/xpath' is: 'Added manually 06/23/22 12:41 PM By Brian Lemco'

2022-06-23 21:41:58 - [MESSAGE][PASSED] - Text of object 'Object Repository/1. Constant/xpath' is: 'Added manually 06/23/22 12:41 PM By Brian Lemco'

2022-06-23 21:41:58 - [TEST_STEP][PASSED] - if (added_StepAP1_2.contains("Added manually")): Actual object '1' and expected object '1' are equal

2022-06-23 21:41:58 - [TEST_STEP][PASSED] - verifyEqual(1, 1): Actual object '1' and expected object '1' are equal

2022-06-23 21:41:58 - [MESSAGE][PASSED] - Actual object '1' and expected object '1' are equal

2022-06-23 21:41:58 - [TEST_STEP][PASSED] - Name_StepAP2_2 = getText(findTestObject("1. Constant/xpath", ["xpath":"/html/body/div[1]/div[2]/div[8]/div[3]/div/div[3]/div[3]/div/div/div[2]/div/div[2]/div/div[1]/div[1]/h3"])): Text of object 'Object Repository/1. Constant/xpath' is: 'Phase 1.2 [Standard Phase]'

2022-06-23 21:41:59 - [MESSAGE][PASSED] - Text of object 'Object Repository/1. Constant/xpath' is: 'Phase 1.2 [Standard Phase]'

2022-06-23 21:41:59 - [TEST_STEP][PASSED] - verifyMatch(Name_StepAP2_2, "Phase 1.2 [Standard Phase]", false): Actual text 'Phase 1.2 [Standard Phase]' and expected text 'Phase 1.2 [Standard Phase]' are matched 

2022-06-23 21:41:59 - [MESSAGE][PASSED] - Actual text 'Phase 1.2 [Standard Phase]' and expected text 'Phase 1.2 [Standard Phase]' are matched 

2022-06-23 21:41:59 - [TEST_STEP][PASSED] - StepB_3 = getAttribute(findTestObject("1. Constant/xpath", ["xpath":"/html/body/div[1]/div[2]/div[8]/div[3]/div/div[3]/div[3]/div/ul/li[3]/a"]), "class"): Attribute 'class' of object 'Object Repository/1. Constant/xpath' is: 'nav-link timeline-badge badge-xl  bg-waiting '

2022-06-23 21:41:59 - [MESSAGE][PASSED] - Attribute 'class' of object 'Object Repository/1. Constant/xpath' is: 'nav-link timeline-badge badge-xl  bg-waiting '

2022-06-23 21:41:59 - [TEST_STEP][PASSED] - verifyMatch(StepB_3, "nav-link timeline-badge badge-xl  bg-waiting ", false): Actual text 'nav-link timeline-badge badge-xl  bg-waiting ' and expected text 'nav-link timeline-badge badge-xl  bg-waiting ' are matched 

2022-06-23 21:41:59 - [MESSAGE][PASSED] - Actual text 'nav-link timeline-badge badge-xl  bg-waiting ' and expected text 'nav-link timeline-badge badge-xl  bg-waiting ' are matched 

2022-06-23 21:41:59 - [TEST_STEP][PASSED] - StepB_33 = I.Get_Stepname("/html/body/div[1]/div[2]/div[8]/div[3]/div/div[3]/div[3]/div/ul/li[3]/a"): Attribute 'href' of object 'Object Repository/1. Constant/xpath' is: 'http://mdb-release.diadeis.lan/MediaboxIndependence/Base/ExecAction?action=VoirRef&IDSession=MBI!RELTESTAUTO_DREYERS!R9Z1WEUWS76XMAUXJIVFSMIE754HO74FMPXM94HI&num=E6P0UHGY7W&id_ref=5319#tab_lifecycle_SASStepB_12320'

2022-06-23 21:42:04 - [MESSAGE][PASSED] - Delayed 5 second(s)

2022-06-23 21:42:05 - [MESSAGE][PASSED] - Attribute 'href' of object 'Object Repository/1. Constant/xpath' is: 'http://mdb-release.diadeis.lan/MediaboxIndependence/Base/ExecAction?action=VoirRef&IDSession=MBI!RELTESTAUTO_DREYERS!R9Z1WEUWS76XMAUXJIVFSMIE754HO74FMPXM94HI&num=E6P0UHGY7W&id_ref=5319#tab_lifecycle_SASStepB_12320'

2022-06-23 21:42:05 - [TEST_STEP][PASSED] - verifyMatch(StepB_33, "SASStepB", false): Actual text 'SASStepB' and expected text 'SASStepB' are matched 

2022-06-23 21:42:05 - [MESSAGE][PASSED] - Actual text 'SASStepB' and expected text 'SASStepB' are matched 

2022-06-23 21:42:05 - [TEST_STEP][PASSED] - I.Logout(): Delayed 3 second(s)

2022-06-23 21:42:08 - [MESSAGE][PASSED] - Delayed 3 second(s)

2022-06-23 21:42:09 - [MESSAGE][PASSED] - Object: 'Object Repository/1. Constant/xpath' is clicked on

2022-06-23 21:42:12 - [MESSAGE][PASSED] - Delayed 3 second(s)

2022-06-23 21:42:16 - [MESSAGE][PASSED] - Object: 'Object Repository/1. Constant/xpath' is clicked on

2022-06-23 21:42:19 - [MESSAGE][PASSED] - Delayed 3 second(s)

2022-06-23 21:42:19 - [TEST_STEP][PASSED] - I.Login_password("nturner", password_nturner): Object: 'Object Repository/1. Constant/xpath' is clicked on

2022-06-23 21:42:22 - [MESSAGE][PASSED] - Text 'nturner' is set on object 'Object Repository/1. Constant/xpath'

2022-06-23 21:42:23 - [MESSAGE][PASSED] - Delayed 1 second(s)

2022-06-23 21:42:26 - [MESSAGE][PASSED] - Text 'diadeis1' is set on object 'Object Repository/1. Constant/xpath'

2022-06-23 21:42:27 - [MESSAGE][PASSED] - Delayed 1 second(s)

2022-06-23 21:42:34 - [MESSAGE][PASSED] - Object: 'Object Repository/1. Constant/xpath' is clicked on

2022-06-23 21:42:34 - [TEST_STEP][PASSED] - click(findTestObject("1. Constant/02_LHSMenu_Projects")): Object: 'Object Repository/1. Constant/02_LHSMenu_Projects' is clicked on

2022-06-23 21:42:38 - [MESSAGE][PASSED] - Object: 'Object Repository/1. Constant/02_LHSMenu_Projects' is clicked on

2022-06-23 21:42:38 - [TEST_STEP][PASSED] - I.SearchProjectNo_xpath(Project_No, "//*[@id="keynum_project"]", "//*[@id="form_filters"]/div[4]/button"): Delayed 5 second(s)

2022-06-23 21:42:39 - [MESSAGE][PASSED] - Delayed 1 second(s)

2022-06-23 21:42:42 - [MESSAGE][PASSED] - Text 'MI000883' is set on object 'Object Repository/1. Constant/xpath'

2022-06-23 21:42:45 - [MESSAGE][PASSED] - Delayed 3 second(s)

2022-06-23 21:42:47 - [MESSAGE][PASSED] - Scroll to object 'Object Repository/1. Constant/xpath' successfully

2022-06-23 21:42:50 - [MESSAGE][PASSED] - Object: 'Object Repository/1. Constant/xpath' is clicked on

2022-06-23 21:42:55 - [MESSAGE][PASSED] - Delayed 5 second(s)

2022-06-23 21:42:55 - [TEST_STEP][PASSED] - takeScreenshot(): Taking screenshot successfully

2022-06-23 21:42:56 - [MESSAGE][PASSED] - Taking screenshot successfully
[[ATTACHMENT|D:\\Projet Test Auto\\Mediabox Test Automation\\Reports\\20220623_184212\\03. Parallel Testing (Testing)\\TS -PT PART 3\\14.02 Dreyers Support Action (Ongoing _ Completed ref) - PART 2\\20220623_184228\\1656013376152.png]]

2022-06-23 21:42:56 - [TEST_STEP][PASSED] - I.SearchRefNo_xpath("P6_Auto", "//*[@id="fiche_filter_keywords11"]", "//*[@id="form_filters"]/div[3]/button"): Delayed 5 second(s)

2022-06-23 21:42:57 - [MESSAGE][PASSED] - Delayed 1 second(s)

2022-06-23 21:42:58 - [MESSAGE][PASSED] - Text 'P6_Auto' is set on object 'Object Repository/1. Constant/xpath'

2022-06-23 21:43:01 - [MESSAGE][PASSED] - Delayed 3 second(s)

2022-06-23 21:43:02 - [MESSAGE][PASSED] - Scroll to object 'Object Repository/1. Constant/xpath' successfully

2022-06-23 21:43:08 - [MESSAGE][PASSED] - Object: 'Object Repository/1. Constant/xpath' is clicked on

2022-06-23 21:43:13 - [MESSAGE][PASSED] - Delayed 5 second(s)

2022-06-23 21:43:13 - [TEST_STEP][PASSED] - delay(1): Delayed 1 second(s)

2022-06-23 21:43:14 - [MESSAGE][PASSED] - Delayed 1 second(s)

2022-06-23 21:43:14 - [TEST_STEP][PASSED] - Lifecycle_Status2 = getText(findTestObject("1. Constant/xpath", ["xpath":"//*[@id="source_" + refID6 + ""]/td[12]/span[1]"])): Text of object 'Object Repository/1. Constant/xpath' is: 'Phase 1.1 [Standard]'

2022-06-23 21:43:15 - [MESSAGE][PASSED] - Text of object 'Object Repository/1. Constant/xpath' is: 'Phase 1.1 [Standard]'

2022-06-23 21:43:15 - [TEST_STEP][PASSED] - verifyMatch(Lifecycle_Status2, "Phase 1.1 [Standard]", false): Actual text 'Phase 1.1 [Standard]' and expected text 'Phase 1.1 [Standard]' are matched 

2022-06-23 21:43:15 - [MESSAGE][PASSED] - Actual text 'Phase 1.1 [Standard]' and expected text 'Phase 1.1 [Standard]' are matched 

2022-06-23 21:43:15 - [TEST_STEP][PASSED] - click(findTestObject("1. Constant/xpath", ["xpath":"//*[@id="source_" + refID6 + ""]/td[13]/a[2]"])): Object: 'Object Repository/1. Constant/xpath' is clicked on

2022-06-23 21:43:18 - [MESSAGE][PASSED] - Object: 'Object Repository/1. Constant/xpath' is clicked on

2022-06-23 21:43:18 - [TEST_STEP][PASSED] - click(findTestObject("1. Constant/xpath", ["xpath":"//*[@id="ModifFiche"]/div[1]/div/button[2]"])): Object: 'Object Repository/1. Constant/xpath' is clicked on

2022-06-23 21:43:23 - [MESSAGE][PASSED] - Object: 'Object Repository/1. Constant/xpath' is clicked on

2022-06-23 21:43:23 - [TEST_STEP][PASSED] - Lifecycle_Status3 = getText(findTestObject("1. Constant/xpath", ["xpath":"//*[@id="source_" + refID6 + ""]/td[12]/span[1]"])): Text of object 'Object Repository/1. Constant/xpath' is: 'Phase 1.2 [Standard Phase]'

2022-06-23 21:43:23 - [MESSAGE][PASSED] - Text of object 'Object Repository/1. Constant/xpath' is: 'Phase 1.2 [Standard Phase]'

2022-06-23 21:43:23 - [TEST_STEP][PASSED] - verifyMatch(Lifecycle_Status3, "Phase 1.2 [Standard Phase]", false): Actual text 'Phase 1.2 [Standard Phase]' and expected text 'Phase 1.2 [Standard Phase]' are matched 

2022-06-23 21:43:23 - [MESSAGE][PASSED] - Actual text 'Phase 1.2 [Standard Phase]' and expected text 'Phase 1.2 [Standard Phase]' are matched 

2022-06-23 21:43:23 - [TEST_STEP][PASSED] - I.Logout(): Delayed 3 second(s)

2022-06-23 21:43:26 - [MESSAGE][PASSED] - Delayed 3 second(s)

2022-06-23 21:43:27 - [MESSAGE][PASSED] - Object: 'Object Repository/1. Constant/xpath' is clicked on

2022-06-23 21:43:30 - [MESSAGE][PASSED] - Delayed 3 second(s)

2022-06-23 21:43:34 - [MESSAGE][PASSED] - Object: 'Object Repository/1. Constant/xpath' is clicked on

2022-06-23 21:43:37 - [MESSAGE][PASSED] - Delayed 3 second(s)

2022-06-23 21:43:37 - [TEST_STEP][PASSED] - I.Login_password("lmary", password_lmary): Object: 'Object Repository/1. Constant/xpath' is clicked on

2022-06-23 21:43:39 - [MESSAGE][PASSED] - Text 'lmary' is set on object 'Object Repository/1. Constant/xpath'

2022-06-23 21:43:40 - [MESSAGE][PASSED] - Delayed 1 second(s)

2022-06-23 21:43:43 - [MESSAGE][PASSED] - Text 'diadeis' is set on object 'Object Repository/1. Constant/xpath'

2022-06-23 21:43:44 - [MESSAGE][PASSED] - Delayed 1 second(s)

2022-06-23 21:43:51 - [MESSAGE][PASSED] - Object: 'Object Repository/1. Constant/xpath' is clicked on

2022-06-23 21:43:51 - [TEST_STEP][PASSED] - click(findTestObject("1. Constant/02_LHSMenu_Projects")): Object: 'Object Repository/1. Constant/02_LHSMenu_Projects' is clicked on

2022-06-23 21:43:55 - [MESSAGE][PASSED] - Object: 'Object Repository/1. Constant/02_LHSMenu_Projects' is clicked on

2022-06-23 21:43:55 - [TEST_STEP][PASSED] - I.SearchProjectNo_xpath(Project_No, "//*[@id="keynum_project"]", "//*[@id="form_filters"]/div[4]/button"): Delayed 5 second(s)

2022-06-23 21:43:56 - [MESSAGE][PASSED] - Delayed 1 second(s)

2022-06-23 21:43:57 - [MESSAGE][PASSED] - Text 'MI000883' is set on object 'Object Repository/1. Constant/xpath'

2022-06-23 21:44:00 - [MESSAGE][PASSED] - Delayed 3 second(s)

2022-06-23 21:44:03 - [MESSAGE][PASSED] - Scroll to object 'Object Repository/1. Constant/xpath' successfully

2022-06-23 21:44:07 - [MESSAGE][PASSED] - Object: 'Object Repository/1. Constant/xpath' is clicked on

2022-06-23 21:44:12 - [MESSAGE][PASSED] - Delayed 5 second(s)

2022-06-23 21:44:12 - [TEST_STEP][PASSED] - takeScreenshot(): Taking screenshot successfully

2022-06-23 21:44:13 - [MESSAGE][PASSED] - Taking screenshot successfully
[[ATTACHMENT|D:\\Projet Test Auto\\Mediabox Test Automation\\Reports\\20220623_184212\\03. Parallel Testing (Testing)\\TS -PT PART 3\\14.02 Dreyers Support Action (Ongoing _ Completed ref) - PART 2\\20220623_184228\\1656013452807.png]]

2022-06-23 21:44:13 - [TEST_STEP][PASSED] - I.SearchRefNo_xpath("P6_Auto", "//*[@id="fiche_filter_keywords11"]", "//*[@id="form_filters"]/div[3]/button"): Delayed 5 second(s)

2022-06-23 21:44:14 - [MESSAGE][PASSED] - Delayed 1 second(s)

2022-06-23 21:44:15 - [MESSAGE][PASSED] - Text 'P6_Auto' is set on object 'Object Repository/1. Constant/xpath'

2022-06-23 21:44:18 - [MESSAGE][PASSED] - Delayed 3 second(s)

2022-06-23 21:44:19 - [MESSAGE][PASSED] - Scroll to object 'Object Repository/1. Constant/xpath' successfully

2022-06-23 21:44:21 - [MESSAGE][PASSED] - Object: 'Object Repository/1. Constant/xpath' is clicked on

2022-06-23 21:44:26 - [MESSAGE][PASSED] - Delayed 5 second(s)

2022-06-23 21:44:26 - [TEST_STEP][PASSED] - takeScreenshot(): Taking screenshot successfully

2022-06-23 21:44:26 - [MESSAGE][PASSED] - Taking screenshot successfully
[[ATTACHMENT|D:\\Projet Test Auto\\Mediabox Test Automation\\Reports\\20220623_184212\\03. Parallel Testing (Testing)\\TS -PT PART 3\\14.02 Dreyers Support Action (Ongoing _ Completed ref) - PART 2\\20220623_184228\\1656013466571.png]]

2022-06-23 21:44:26 - [TEST_STEP][PASSED] - click(findTestObject("1. Constant/xpath", ["xpath":"//*[@id="source_" + refID6 + ""]/td[13]/a[2]"])): Object: 'Object Repository/1. Constant/xpath' is clicked on

2022-06-23 21:44:29 - [MESSAGE][PASSED] - Object: 'Object Repository/1. Constant/xpath' is clicked on

2022-06-23 21:44:29 - [TEST_STEP][PASSED] - click(findTestObject("1. Constant/xpath", ["xpath":"//*[@id="ModifFiche"]/div[1]/div/button[2]"])): Object: 'Object Repository/1. Constant/xpath' is clicked on

2022-06-23 21:44:33 - [MESSAGE][PASSED] - Object: 'Object Repository/1. Constant/xpath' is clicked on

2022-06-23 21:44:33 - [TEST_STEP][PASSED] - Lifecycle_Status4 = getText(findTestObject("1. Constant/xpath", ["xpath":"//*[@id="source_" + refID6 + ""]/td[12]/span[1]"])): Text of object 'Object Repository/1. Constant/xpath' is: 'Phase 2.1 [Production]'

2022-06-23 21:44:33 - [MESSAGE][PASSED] - Text of object 'Object Repository/1. Constant/xpath' is: 'Phase 2.1 [Production]'

2022-06-23 21:44:33 - [TEST_STEP][PASSED] - verifyMatch(Lifecycle_Status4, "Phase 2.1 [Production]", false): Actual text 'Phase 2.1 [Production]' and expected text 'Phase 2.1 [Production]' are matched 

2022-06-23 21:44:33 - [MESSAGE][PASSED] - Actual text 'Phase 2.1 [Production]' and expected text 'Phase 2.1 [Production]' are matched 

2022-06-23 21:44:33 - [TEST_STEP][PASSED] - closeBrowser(): Browser is closed

2022-06-23 21:44:39 - [MESSAGE][PASSED] - Browser is closed

2022-06-23 21:44:39 - [TEST_STEP][PASSED] - Start listener action : sampleAfterTestCase: null]]></system-out>
         <system-err><![CDATA[]]></system-err>
      </testcase>
      <testcase name="Test Cases/19. Dreyers Support Action (Ongoing ref_completed)/19.07 Dreyers SAS Add Step Group (Ongoing ref) S13 - P7" time="300.343" classname="Test Cases/19. Dreyers Support Action (Ongoing ref_completed)/19.07 Dreyers SAS Add Step Group (Ongoing ref) S13 - P7" status="PASSED">
         <system-out><![CDATA[2022-06-23 21:44:39 - [TEST_CASE][PASSED] - Test Cases/19. Dreyers Support Action (Ongoing ref_completed)/19.07 Dreyers SAS Add Step Group (Ongoing ref) S13 - P7: Test Cases/19. Dreyers Support Action (Ongoing ref_completed)/19.07 Dreyers SAS Add Step Group (Ongoing ref) S13 - P7

2022-06-23 21:44:40 - [TEST_STEP][PASSED] - data_Dreyers = findTestData("Data Files/Username_Password/Dreyer"): null

2022-06-23 21:44:40 - [TEST_STEP][PASSED] - password_suser = data_Dreyers.getValue(2, 1): null

2022-06-23 21:44:40 - [TEST_STEP][PASSED] - password_nturner = data_Dreyers.getValue(2, 6): null

2022-06-23 21:44:40 - [TEST_STEP][PASSED] - data_urlRELAUTO = findTestData("Data Files/URL/URL_relauto"): null

2022-06-23 21:44:40 - [TEST_STEP][PASSED] - Url_Dreyer = data_urlRELAUTO.getValue(2, 4): null

2022-06-23 21:44:40 - [TEST_STEP][PASSED] - Project_No = I.readnotepad("D:\Upoad_File\Projet_ Login\Dreyers\19.1\19.1_Dreyers_ProjectNo.txt"): null

2022-06-23 21:44:40 - [TEST_STEP][PASSED] - refID = I.readnotepad("D:\Upoad_File\Projet_ Login\Dreyers\19.1\19.1_Dreyers_refID.txt"): null

2022-06-23 21:44:40 - [TEST_STEP][PASSED] - openBrowser(Url_Dreyer): Browser is opened with url: 'http://mdb-release.diadeis.lan/MediaboxIndependence/?MBI_datasource=RELTESTAUTO_DREYERS'

2022-06-23 21:44:40 - [MESSAGE][INFO] - Starting 'Chrome (headless)' driver

2022-06-23 21:44:40 - [MESSAGE][INFO] - User set preference: ['args', '[--window-size=1920,1080, --headless]']

2022-06-23 21:44:40 - [MESSAGE][INFO] - Action delay is set to 0 milliseconds

2022-06-23 21:45:02 - [MESSAGE][PASSED] - Browser is opened with url: 'http://mdb-release.diadeis.lan/MediaboxIndependence/?MBI_datasource=RELTESTAUTO_DREYERS'

2022-06-23 21:45:02 - [TEST_STEP][PASSED] - maximizeWindow(): Current window maximized

2022-06-23 21:45:03 - [MESSAGE][PASSED] - Current window maximized

2022-06-23 21:45:03 - [TEST_STEP][PASSED] - disableSmartWait(): null

2022-06-23 21:45:03 - [TEST_STEP][PASSED] - I.Login_password("suser", password_suser): Object: 'Object Repository/1. Constant/xpath' is clicked on

2022-06-23 21:45:03 - [MESSAGE][PASSED] - Text 'suser' is set on object 'Object Repository/1. Constant/xpath'

2022-06-23 21:45:04 - [MESSAGE][PASSED] - Delayed 1 second(s)

2022-06-23 21:45:05 - [MESSAGE][PASSED] - Text 'diadeis' is set on object 'Object Repository/1. Constant/xpath'

2022-06-23 21:45:06 - [MESSAGE][PASSED] - Delayed 1 second(s)

2022-06-23 21:45:16 - [MESSAGE][PASSED] - Object: 'Object Repository/1. Constant/xpath' is clicked on

2022-06-23 21:45:16 - [TEST_STEP][PASSED] - click(findTestObject("1. Constant/02_LHSMenu_Projects")): Object: 'Object Repository/1. Constant/02_LHSMenu_Projects' is clicked on

2022-06-23 21:45:20 - [MESSAGE][PASSED] - Object: 'Object Repository/1. Constant/02_LHSMenu_Projects' is clicked on

2022-06-23 21:45:20 - [TEST_STEP][PASSED] - I.SearchProjectNo_xpath(Project_No, "//*[@id="keynum_project"]", "//*[@id="form_filters"]/div[4]/button"): Delayed 5 second(s)

2022-06-23 21:45:21 - [MESSAGE][PASSED] - Delayed 1 second(s)

2022-06-23 21:45:22 - [MESSAGE][PASSED] - Text 'MI000883' is set on object 'Object Repository/1. Constant/xpath'

2022-06-23 21:45:25 - [MESSAGE][PASSED] - Delayed 3 second(s)

2022-06-23 21:45:25 - [MESSAGE][PASSED] - Scroll to object 'Object Repository/1. Constant/xpath' successfully

2022-06-23 21:45:29 - [MESSAGE][PASSED] - Object: 'Object Repository/1. Constant/xpath' is clicked on

2022-06-23 21:45:34 - [MESSAGE][PASSED] - Delayed 5 second(s)

2022-06-23 21:45:34 - [TEST_STEP][PASSED] - takeScreenshot(): Taking screenshot successfully

2022-06-23 21:45:36 - [MESSAGE][PASSED] - Taking screenshot successfully
[[ATTACHMENT|D:\\Projet Test Auto\\Mediabox Test Automation\\Reports\\20220623_184212\\03. Parallel Testing (Testing)\\TS -PT PART 3\\14.02 Dreyers Support Action (Ongoing _ Completed ref) - PART 2\\20220623_184228\\1656013535625.png]]

2022-06-23 21:45:36 - [TEST_STEP][PASSED] - click(findTestObject("1. Constant/xpath", ["xpath":"//*[@id="create_ref_btn"]/button"])): Object: 'Object Repository/1. Constant/xpath' is clicked on

2022-06-23 21:45:37 - [MESSAGE][PASSED] - Object: 'Object Repository/1. Constant/xpath' is clicked on

2022-06-23 21:45:37 - [TEST_STEP][PASSED] - delay(1): Delayed 1 second(s)

2022-06-23 21:45:38 - [MESSAGE][PASSED] - Delayed 1 second(s)

2022-06-23 21:45:38 - [TEST_STEP][PASSED] - click(findTestObject("1. Constant/xpath", ["xpath":"//*[@id="create_ref_btn"]/div/a"])): Object: 'Object Repository/1. Constant/xpath' is clicked on

2022-06-23 21:45:40 - [MESSAGE][PASSED] - Object: 'Object Repository/1. Constant/xpath' is clicked on

2022-06-23 21:45:40 - [TEST_STEP][PASSED] - selectOptionByValue(findTestObject("1. Constant/xpath", ["xpath":"//*[@id="lfc_tpl"]"]), "37", false): All options with value '37' are selected in object 'Object Repository/1. Constant/xpath' 

2022-06-23 21:45:42 - [MESSAGE][PASSED] - All options with value '37' are selected in object 'Object Repository/1. Constant/xpath' 

2022-06-23 21:45:42 - [TEST_STEP][PASSED] - ref_name = "P7_Auto_SAS_S13_" + RandomStringUtils.randomAlphanumeric(5) + I.gettimedate(): null

2022-06-23 21:45:42 - [TEST_STEP][PASSED] - delay(1): Delayed 1 second(s)

2022-06-23 21:45:43 - [MESSAGE][PASSED] - Delayed 1 second(s)

2022-06-23 21:45:43 - [TEST_STEP][PASSED] - setText(findTestObject("1. Constant/xpath", ["xpath":"//*[@id="var_name"]"]), ref_name): Text 'P7_Auto_SAS_S13_Ui1tejuin232022_214542' is set on object 'Object Repository/1. Constant/xpath'

2022-06-23 21:45:45 - [MESSAGE][PASSED] - Text 'P7_Auto_SAS_S13_Ui1tejuin232022_214542' is set on object 'Object Repository/1. Constant/xpath'

2022-06-23 21:45:45 - [TEST_STEP][PASSED] - takeScreenshot(): Taking screenshot successfully

2022-06-23 21:45:46 - [MESSAGE][PASSED] - Taking screenshot successfully
[[ATTACHMENT|D:\\Projet Test Auto\\Mediabox Test Automation\\Reports\\20220623_184212\\03. Parallel Testing (Testing)\\TS -PT PART 3\\14.02 Dreyers Support Action (Ongoing _ Completed ref) - PART 2\\20220623_184228\\1656013545822.png]]

2022-06-23 21:45:46 - [TEST_STEP][PASSED] - click(findTestObject("1. Constant/xpath", ["xpath":"//*[@id="createRefBottom"]"])): Object: 'Object Repository/1. Constant/xpath' is clicked on

2022-06-23 21:45:50 - [MESSAGE][PASSED] - Object: 'Object Repository/1. Constant/xpath' is clicked on

2022-06-23 21:45:50 - [TEST_STEP][PASSED] - delay(1): Delayed 1 second(s)

2022-06-23 21:45:51 - [MESSAGE][PASSED] - Delayed 1 second(s)

2022-06-23 21:45:51 - [TEST_STEP][PASSED] - takeScreenshot(): Taking screenshot successfully

2022-06-23 21:45:51 - [MESSAGE][PASSED] - Taking screenshot successfully
[[ATTACHMENT|D:\\Projet Test Auto\\Mediabox Test Automation\\Reports\\20220623_184212\\03. Parallel Testing (Testing)\\TS -PT PART 3\\14.02 Dreyers Support Action (Ongoing _ Completed ref) - PART 2\\20220623_184228\\1656013551190.png]]

2022-06-23 21:45:51 - [TEST_STEP][PASSED] - refID7 = I.RefID(): Current window's url is: 'http://mdb-release.diadeis.lan/MediaboxIndependence/Base/ExecAction?IDSession=MBI%21RELTESTAUTO_DREYERS%2103EVE5VRP1BQYZA00H99U9B2PGPAISQRTKQKFUOO&default_action=ModifierRef&id_project=MI000883&id_ref=5320&action_from=create_ref'

2022-06-23 21:45:56 - [MESSAGE][PASSED] - Delayed 5 second(s)

2022-06-23 21:45:57 - [MESSAGE][PASSED] - Current window's url is: 'http://mdb-release.diadeis.lan/MediaboxIndependence/Base/ExecAction?IDSession=MBI%21RELTESTAUTO_DREYERS%2103EVE5VRP1BQYZA00H99U9B2PGPAISQRTKQKFUOO&default_action=ModifierRef&id_project=MI000883&id_ref=5320&action_from=create_ref'

2022-06-23 21:45:57 - [TEST_STEP][PASSED] - click(findTestObject("1. Constant/xpath", ["xpath":"//*[@id="type_save"]"])): Object: 'Object Repository/1. Constant/xpath' is clicked on

2022-06-23 21:46:02 - [MESSAGE][PASSED] - Object: 'Object Repository/1. Constant/xpath' is clicked on

2022-06-23 21:46:02 - [TEST_STEP][PASSED] - I.SearchRefNo_xpath("P7_Auto", "//*[@id="fiche_filter_keywords11"]", "//*[@id="form_filters"]/div[3]/button"): Delayed 5 second(s)

2022-06-23 21:46:03 - [MESSAGE][PASSED] - Delayed 1 second(s)

2022-06-23 21:46:04 - [MESSAGE][PASSED] - Text 'P7_Auto' is set on object 'Object Repository/1. Constant/xpath'

2022-06-23 21:46:07 - [MESSAGE][PASSED] - Delayed 3 second(s)

2022-06-23 21:46:07 - [MESSAGE][PASSED] - Scroll to object 'Object Repository/1. Constant/xpath' successfully

2022-06-23 21:46:10 - [MESSAGE][PASSED] - Object: 'Object Repository/1. Constant/xpath' is clicked on

2022-06-23 21:46:15 - [MESSAGE][PASSED] - Delayed 5 second(s)

2022-06-23 21:46:15 - [TEST_STEP][PASSED] - takeScreenshot(): Taking screenshot successfully

2022-06-23 21:46:17 - [MESSAGE][PASSED] - Taking screenshot successfully
[[ATTACHMENT|D:\\Projet Test Auto\\Mediabox Test Automation\\Reports\\20220623_184212\\03. Parallel Testing (Testing)\\TS -PT PART 3\\14.02 Dreyers Support Action (Ongoing _ Completed ref) - PART 2\\20220623_184228\\1656013576826.png]]

2022-06-23 21:46:17 - [TEST_STEP][PASSED] - click(findTestObject("1. Constant/xpath", ["xpath":"//*[@id="source_" + refID7 + ""]/td[14]/a[4]"])): Object: 'Object Repository/1. Constant/xpath' is clicked on

2022-06-23 21:46:19 - [MESSAGE][PASSED] - Object: 'Object Repository/1. Constant/xpath' is clicked on

2022-06-23 21:46:19 - [TEST_STEP][PASSED] - click(findTestObject("1. Constant/xpath", ["xpath":"//*[@id="ModifFiche"]/div[1]/div/button[2]"])): Object: 'Object Repository/1. Constant/xpath' is clicked on

2022-06-23 21:46:23 - [MESSAGE][PASSED] - Object: 'Object Repository/1. Constant/xpath' is clicked on

2022-06-23 21:46:23 - [TEST_STEP][PASSED] - click(findTestObject("1. Constant/xpath", ["xpath":"//*[@id="source_" + refID7 + ""]/td[14]/a[4]"])): Object: 'Object Repository/1. Constant/xpath' is clicked on

2022-06-23 21:46:26 - [MESSAGE][PASSED] - Object: 'Object Repository/1. Constant/xpath' is clicked on

2022-06-23 21:46:26 - [TEST_STEP][PASSED] - click(findTestObject("1. Constant/xpath", ["xpath":"//*[@id="ModifFiche"]/div[1]/div/button[2]"])): Object: 'Object Repository/1. Constant/xpath' is clicked on

2022-06-23 21:46:31 - [MESSAGE][PASSED] - Object: 'Object Repository/1. Constant/xpath' is clicked on

2022-06-23 21:46:31 - [TEST_STEP][PASSED] - color1 = getCSSValue(findTestObject("1. Constant/xpath", ["xpath":"//*[@id="source_" + refID7 + ""]/td[14]/a[4]"]), "color", OPTIONAL): Get CSS 'color' value on 'Object Repository/1. Constant/xpath' successfully: 'rgba(255, 255, 255, 1)'.

2022-06-23 21:46:31 - [MESSAGE][PASSED] - Get CSS 'color' value on 'Object Repository/1. Constant/xpath' successfully: 'rgba(255, 255, 255, 1)'.

2022-06-23 21:46:31 - [TEST_STEP][PASSED] - I.print(color1): null

2022-06-23 21:46:31 - [TEST_STEP][PASSED] - while (color1 == "rgba(255, 255, 255, 1)"): null

2022-06-23 21:46:31 - [TEST_STEP][PASSED] - click(findTestObject("1. Constant/xpath", ["xpath":"//*[@id="source_" + refID7 + ""]/td[14]/a[4]"])): Object: 'Object Repository/1. Constant/xpath' is clicked on

2022-06-23 21:46:33 - [MESSAGE][PASSED] - Object: 'Object Repository/1. Constant/xpath' is clicked on

2022-06-23 21:46:33 - [TEST_STEP][PASSED] - I.UploadDoc_sendkey_Prod(findTestObject("1. Constant/xpath", ["xpath":"//*[@id="kt_body"]/input[2]"]), "D:\Upoad_File\Upload doc\testdata1.pdf", "testdata1"): Delayed 5 second(s)

2022-06-23 21:46:34 - [MESSAGE][PASSED] - Scroll to object 'Object Repository/1. Constant/xpath' successfully

2022-06-23 21:46:39 - [MESSAGE][PASSED] - Delayed 5 second(s)

2022-06-23 21:46:39 - [MESSAGE][PASSED] - File 'D:\Upoad_File\Upload doc\testdata1.pdf' sent to object: 'Object Repository/1. Constant/xpath'

2022-06-23 21:46:44 - [MESSAGE][PASSED] - Delayed 5 second(s)

2022-06-23 21:46:45 - [MESSAGE][PASSED] - Text 'testdata1' is present on page 

2022-06-23 21:46:50 - [MESSAGE][PASSED] - Delayed 5 second(s)

2022-06-23 21:46:55 - [MESSAGE][PASSED] - Delayed 5 second(s)

2022-06-23 21:46:55 - [TEST_STEP][PASSED] - takeScreenshot(): Taking screenshot successfully

2022-06-23 21:46:56 - [MESSAGE][PASSED] - Taking screenshot successfully
[[ATTACHMENT|D:\\Projet Test Auto\\Mediabox Test Automation\\Reports\\20220623_184212\\03. Parallel Testing (Testing)\\TS -PT PART 3\\14.02 Dreyers Support Action (Ongoing _ Completed ref) - PART 2\\20220623_184228\\1656013615952.png]]

2022-06-23 21:46:56 - [TEST_STEP][PASSED] - delay(8): Delayed 8 second(s)

2022-06-23 21:47:04 - [MESSAGE][PASSED] - Delayed 8 second(s)

2022-06-23 21:47:04 - [TEST_STEP][PASSED] - click(findTestObject("HL Full Lifecycle/12 ReferncePage_Button_Updatensenddoc")): Object: 'Object Repository/HL Full Lifecycle/12 ReferncePage_Button_Updatensenddoc' is clicked on

2022-06-23 21:47:11 - [MESSAGE][PASSED] - Object: 'Object Repository/HL Full Lifecycle/12 ReferncePage_Button_Updatensenddoc' is clicked on

2022-06-23 21:47:11 - [TEST_STEP][PASSED] - delay(3): Delayed 3 second(s)

2022-06-23 21:47:14 - [MESSAGE][PASSED] - Delayed 3 second(s)

2022-06-23 21:47:14 - [TEST_STEP][PASSED] - if (verifyElementPresent(findTestObject("1. Constant/xpath", ["xpath":"//*[@id="source_" + refID7 + ""]/td[14]/a[4]"]), 5, OPTIONAL)): com.kms.katalon.core.webui.exception.WebElementNotFoundException: Web element with id: 'Object Repository/1. Constant/xpath' located by '//*[@id="source_5320"]/td[14]/a[4]' not found (Root cause: com.kms.katalon.core.exception.StepFailedException: com.kms.katalon.core.webui.exception.WebElementNotFoundException: Web element with id: 'Object Repository/1. Constant/xpath' located by '//*[@id="source_5320"]/td[14]/a[4]' not found
	at com.kms.katalon.core.webui.keyword.internal.WebUIKeywordMain.stepFailed(WebUIKeywordMain.groovy:64)
	at com.kms.katalon.core.webui.keyword.builtin.VerifyElementPresentKeyword$_verifyElementPresent_closure1.doCall(VerifyElementPresentKeyword.groovy:85)
	at com.kms.katalon.core.webui.keyword.builtin.VerifyElementPresentKeyword$_verifyElementPresent_closure1.call(VerifyElementPresentKeyword.groovy)
	at com.kms.katalon.core.webui.keyword.internal.WebUIKeywordMain.runKeyword(WebUIKeywordMain.groovy:20)
	at com.kms.katalon.core.webui.keyword.builtin.VerifyElementPresentKeyword.verifyElementPresent(VerifyElementPresentKeyword.groovy:92)
	at com.kms.katalon.core.webui.keyword.builtin.VerifyElementPresentKeyword.execute(VerifyElementPresentKeyword.groovy:68)
	at com.kms.katalon.core.keyword.internal.KeywordExecutor.executeKeywordForPlatform(KeywordExecutor.groovy:74)
	at com.kms.katalon.core.webui.keyword.WebUiBuiltInKeywords.verifyElementPresent(WebUiBuiltInKeywords.groovy:1448)
	at com.kms.katalon.core.webui.keyword.WebUiBuiltInKeywords$verifyElementPresent$18.call(Unknown Source)
	at 19.07 Dreyers SAS Add Step Group (Ongoing ref) S13 - P7.run(19.07 Dreyers SAS Add Step Group (Ongoing ref) S13 - P7:155)
	at com.kms.katalon.core.main.ScriptEngine.run(ScriptEngine.java:194)
	at com.kms.katalon.core.main.ScriptEngine.runScriptAsRawText(ScriptEngine.java:119)
	at com.kms.katalon.core.main.TestCaseExecutor.runScript(TestCaseExecutor.java:445)
	at com.kms.katalon.core.main.TestCaseExecutor.doExecute(TestCaseExecutor.java:436)
	at com.kms.katalon.core.main.TestCaseExecutor.processExecutionPhase(TestCaseExecutor.java:415)
	at com.kms.katalon.core.main.TestCaseExecutor.accessMainPhase(TestCaseExecutor.java:407)
	at com.kms.katalon.core.main.TestCaseExecutor.execute(TestCaseExecutor.java:284)
	at com.kms.katalon.core.common.CommonExecutor.accessTestCaseMainPhase(CommonExecutor.java:65)
	at com.kms.katalon.core.main.TestSuiteExecutor.accessTestSuiteMainPhase(TestSuiteExecutor.java:144)
	at com.kms.katalon.core.main.TestSuiteExecutor.execute(TestSuiteExecutor.java:106)
	at com.kms.katalon.core.main.TestCaseMain.startTestSuite(TestCaseMain.java:185)
	at com.kms.katalon.core.main.TestCaseMain$startTestSuite$0.call(Unknown Source)
	at TempTestSuite1656002548571.run(TempTestSuite1656002548571.groovy:36)
)

2022-06-23 21:47:20 - [MESSAGE][INFO] - Unable to find the element located by 'By.xpath: //*[@id="source_5320"]/td[14]/a[4]'. Please recheck the objects properties to make sure the desired element is located. 

2022-06-23 21:47:21 - [MESSAGE][WARNING] - com.kms.katalon.core.webui.exception.WebElementNotFoundException: Web element with id: 'Object Repository/1. Constant/xpath' located by '//*[@id="source_5320"]/td[14]/a[4]' not found (Root cause: com.kms.katalon.core.exception.StepFailedException: com.kms.katalon.core.webui.exception.WebElementNotFoundException: Web element with id: 'Object Repository/1. Constant/xpath' located by '//*[@id="source_5320"]/td[14]/a[4]' not found
	at com.kms.katalon.core.webui.keyword.internal.WebUIKeywordMain.stepFailed(WebUIKeywordMain.groovy:64)
	at com.kms.katalon.core.webui.keyword.builtin.VerifyElementPresentKeyword$_verifyElementPresent_closure1.doCall(VerifyElementPresentKeyword.groovy:85)
	at com.kms.katalon.core.webui.keyword.builtin.VerifyElementPresentKeyword$_verifyElementPresent_closure1.call(VerifyElementPresentKeyword.groovy)
	at com.kms.katalon.core.webui.keyword.internal.WebUIKeywordMain.runKeyword(WebUIKeywordMain.groovy:20)
	at com.kms.katalon.core.webui.keyword.builtin.VerifyElementPresentKeyword.verifyElementPresent(VerifyElementPresentKeyword.groovy:92)
	at com.kms.katalon.core.webui.keyword.builtin.VerifyElementPresentKeyword.execute(VerifyElementPresentKeyword.groovy:68)
	at com.kms.katalon.core.keyword.internal.KeywordExecutor.executeKeywordForPlatform(KeywordExecutor.groovy:74)
	at com.kms.katalon.core.webui.keyword.WebUiBuiltInKeywords.verifyElementPresent(WebUiBuiltInKeywords.groovy:1448)
	at com.kms.katalon.core.webui.keyword.WebUiBuiltInKeywords$verifyElementPresent$18.call(Unknown Source)
	at 19.07 Dreyers SAS Add Step Group (Ongoing ref) S13 - P7.run(19.07 Dreyers SAS Add Step Group (Ongoing ref) S13 - P7:155)
	at com.kms.katalon.core.main.ScriptEngine.run(ScriptEngine.java:194)
	at com.kms.katalon.core.main.ScriptEngine.runScriptAsRawText(ScriptEngine.java:119)
	at com.kms.katalon.core.main.TestCaseExecutor.runScript(TestCaseExecutor.java:445)
	at com.kms.katalon.core.main.TestCaseExecutor.doExecute(TestCaseExecutor.java:436)
	at com.kms.katalon.core.main.TestCaseExecutor.processExecutionPhase(TestCaseExecutor.java:415)
	at com.kms.katalon.core.main.TestCaseExecutor.accessMainPhase(TestCaseExecutor.java:407)
	at com.kms.katalon.core.main.TestCaseExecutor.execute(TestCaseExecutor.java:284)
	at com.kms.katalon.core.common.CommonExecutor.accessTestCaseMainPhase(CommonExecutor.java:65)
	at com.kms.katalon.core.main.TestSuiteExecutor.accessTestSuiteMainPhase(TestSuiteExecutor.java:144)
	at com.kms.katalon.core.main.TestSuiteExecutor.execute(TestSuiteExecutor.java:106)
	at com.kms.katalon.core.main.TestCaseMain.startTestSuite(TestCaseMain.java:185)
	at com.kms.katalon.core.main.TestCaseMain$startTestSuite$0.call(Unknown Source)
	at TempTestSuite1656002548571.run(TempTestSuite1656002548571.groovy:36)
)
[[ATTACHMENT|D:\\Projet Test Auto\\Mediabox Test Automation\\Reports\\20220623_184212\\03. Parallel Testing (Testing)\\TS -PT PART 3\\14.02 Dreyers Support Action (Ongoing _ Completed ref) - PART 2\\20220623_184228\\1656013640561.png]]

2022-06-23 21:47:21 - [TEST_STEP][PASSED] - else: null

2022-06-23 21:47:21 - [TEST_STEP][PASSED] - color1 = "white": null

2022-06-23 21:47:21 - [TEST_STEP][PASSED] - click(findTestObject("1. Constant/xpath", ["xpath":"//*[@id="source_" + refID7 + ""]/td[6]/a"])): Object: 'Object Repository/1. Constant/xpath' is clicked on

2022-06-23 21:47:25 - [MESSAGE][PASSED] - Object: 'Object Repository/1. Constant/xpath' is clicked on

2022-06-23 21:47:25 - [TEST_STEP][PASSED] - takeScreenshot(): Taking screenshot successfully

2022-06-23 21:47:25 - [MESSAGE][PASSED] - Taking screenshot successfully
[[ATTACHMENT|D:\\Projet Test Auto\\Mediabox Test Automation\\Reports\\20220623_184212\\03. Parallel Testing (Testing)\\TS -PT PART 3\\14.02 Dreyers Support Action (Ongoing _ Completed ref) - PART 2\\20220623_184228\\1656013645501.png]]

2022-06-23 21:47:25 - [TEST_STEP][PASSED] - delay(1): Delayed 1 second(s)

2022-06-23 21:47:26 - [MESSAGE][PASSED] - Delayed 1 second(s)

2022-06-23 21:47:26 - [TEST_STEP][PASSED] - I.Approveforothers("/html/body/div[1]/div[2]/div[8]/div[3]/div/div[3]/div[2]/div/div[3]/div/div[2]/div[1]/div/div[2]/div/div[2]/div[2]/div/div/div[1]/img", "/html/body/div[1]/div[2]/div[8]/div[3]/div/div[3]/div[2]/div/div[3]/div/div[2]/div[1]/div/div[2]/div/div[2]/div[2]/div/div/div[6]/a[2]/span"): Object: 'Object Repository/1. Constant/xpath' is clicked on

2022-06-23 21:47:28 - [MESSAGE][PASSED] - Object: 'Object Repository/1. Constant/xpath' is clicked on

2022-06-23 21:47:29 - [MESSAGE][PASSED] - Delayed 1 second(s)

2022-06-23 21:47:30 - [MESSAGE][PASSED] - Object: 'Object Repository/1. Constant/xpath' is clicked on

2022-06-23 21:47:31 - [MESSAGE][PASSED] - Delayed 1 second(s)

2022-06-23 21:47:32 - [MESSAGE][PASSED] - Object: 'Object Repository/1. Constant/xpath' is hovered

2022-06-23 21:47:33 - [MESSAGE][PASSED] - Object: 'Object Repository/1. Constant/xpath' is clicked on

2022-06-23 21:47:34 - [MESSAGE][PASSED] - Delayed 1 second(s)

2022-06-23 21:47:41 - [MESSAGE][PASSED] - Object: 'Object Repository/1. Constant/xpath' is clicked on

2022-06-23 21:47:41 - [TEST_STEP][PASSED] - click(findTestObject("1. Constant/xpath", ["xpath":"//*[@id="kt_subheader"]/div/nav/ol/li[2]/a"])): Object: 'Object Repository/1. Constant/xpath' is clicked on

2022-06-23 21:47:44 - [MESSAGE][PASSED] - Object: 'Object Repository/1. Constant/xpath' is clicked on

2022-06-23 21:47:44 - [TEST_STEP][PASSED] - delay(1): Delayed 1 second(s)

2022-06-23 21:47:45 - [MESSAGE][PASSED] - Delayed 1 second(s)

2022-06-23 21:47:45 - [TEST_STEP][PASSED] - I.submitquesiton_ref(findTestObject("1. Constant/xpath", ["xpath":"//*[@id="source_" + refID7 + ""]/td[14]/div[1]/button"]), findTestObject("1. Constant/xpath", ["xpath":"//*[@id="source_" + refID7 + ""]/td[14]/div[1]/div/a[1]"])): Object: 'Object Repository/1. Constant/xpath' is clicked on

2022-06-23 21:47:47 - [MESSAGE][PASSED] - Object: 'Object Repository/1. Constant/xpath' is clicked on

2022-06-23 21:47:50 - [MESSAGE][PASSED] - Delayed 3 second(s)

2022-06-23 21:47:52 - [MESSAGE][PASSED] - Object: 'Object Repository/1. Constant/xpath' is clicked on

2022-06-23 21:47:52 - [TEST_STEP][PASSED] - click(findTestObject("1. Constant/xpath", ["xpath":"//*[@id="ModifFiche"]/div[1]/div/button[2]"])): Object: 'Object Repository/1. Constant/xpath' is clicked on

2022-06-23 21:47:59 - [MESSAGE][PASSED] - Object: 'Object Repository/1. Constant/xpath' is clicked on

2022-06-23 21:47:59 - [TEST_STEP][PASSED] - click(findTestObject("1. Constant/xpath", ["xpath":"//*[@id="source_" + refID7 + ""]/td[14]/a[5]"])): Object: 'Object Repository/1. Constant/xpath' is clicked on

2022-06-23 21:48:00 - [MESSAGE][PASSED] - Object: 'Object Repository/1. Constant/xpath' is clicked on

2022-06-23 21:48:00 - [TEST_STEP][PASSED] - takeScreenshot(): Taking screenshot successfully

2022-06-23 21:48:00 - [MESSAGE][PASSED] - Taking screenshot successfully
[[ATTACHMENT|D:\\Projet Test Auto\\Mediabox Test Automation\\Reports\\20220623_184212\\03. Parallel Testing (Testing)\\TS -PT PART 3\\14.02 Dreyers Support Action (Ongoing _ Completed ref) - PART 2\\20220623_184228\\1656013680193.png]]

2022-06-23 21:48:00 - [TEST_STEP][PASSED] - click(findTestObject("1. Constant/xpath", ["xpath":"//*[@id="confirmSupportActionShortcut"]"])): Object: 'Object Repository/1. Constant/xpath' is clicked on

2022-06-23 21:48:04 - [MESSAGE][PASSED] - Object: 'Object Repository/1. Constant/xpath' is clicked on

2022-06-23 21:48:04 - [TEST_STEP][PASSED] - click(findTestObject("1. Constant/xpath", ["xpath":"//*[@id="kt_content"]/div[3]/div/ul/li[3]/a"])): Object: 'Object Repository/1. Constant/xpath' is clicked on

2022-06-23 21:48:07 - [MESSAGE][PASSED] - Object: 'Object Repository/1. Constant/xpath' is clicked on

2022-06-23 21:48:07 - [TEST_STEP][PASSED] - takeScreenshot(): Taking screenshot successfully

2022-06-23 21:48:08 - [MESSAGE][PASSED] - Taking screenshot successfully
[[ATTACHMENT|D:\\Projet Test Auto\\Mediabox Test Automation\\Reports\\20220623_184212\\03. Parallel Testing (Testing)\\TS -PT PART 3\\14.02 Dreyers Support Action (Ongoing _ Completed ref) - PART 2\\20220623_184228\\1656013687792.png]]

2022-06-23 21:48:08 - [TEST_STEP][PASSED] - StepA_1 = getAttribute(findTestObject("1. Constant/xpath", ["xpath":"/html/body/div[1]/div[2]/div[8]/div[3]/div/div[3]/div[3]/div/ul/li[1]/a"]), "class"): Attribute 'class' of object 'Object Repository/1. Constant/xpath' is: 'nav-link timeline-badge badge-xl  bg-complete '

2022-06-23 21:48:08 - [MESSAGE][PASSED] - Attribute 'class' of object 'Object Repository/1. Constant/xpath' is: 'nav-link timeline-badge badge-xl  bg-complete '

2022-06-23 21:48:08 - [TEST_STEP][PASSED] - verifyMatch(StepA_1, "nav-link timeline-badge badge-xl  bg-complete ", false): Actual text 'nav-link timeline-badge badge-xl  bg-complete ' and expected text 'nav-link timeline-badge badge-xl  bg-complete ' are matched 

2022-06-23 21:48:08 - [MESSAGE][PASSED] - Actual text 'nav-link timeline-badge badge-xl  bg-complete ' and expected text 'nav-link timeline-badge badge-xl  bg-complete ' are matched 

2022-06-23 21:48:08 - [TEST_STEP][PASSED] - StepA_11 = I.Get_Stepname("/html/body/div[1]/div[2]/div[8]/div[3]/div/div[3]/div[3]/div/ul/li[1]/a"): Attribute 'href' of object 'Object Repository/1. Constant/xpath' is: 'http://mdb-release.diadeis.lan/MediaboxIndependence/Base/ExecAction?action=VoirRef&IDSession=MBI!RELTESTAUTO_DREYERS!03EVE5VRP1BQYZA00H99U9B2PGPAISQRTKQKFUOO&num=I0IBGVD6A2&id_ref=5320#tab_lifecycle_SASStepA_12322'

2022-06-23 21:48:13 - [MESSAGE][PASSED] - Delayed 5 second(s)

2022-06-23 21:48:13 - [MESSAGE][PASSED] - Attribute 'href' of object 'Object Repository/1. Constant/xpath' is: 'http://mdb-release.diadeis.lan/MediaboxIndependence/Base/ExecAction?action=VoirRef&IDSession=MBI!RELTESTAUTO_DREYERS!03EVE5VRP1BQYZA00H99U9B2PGPAISQRTKQKFUOO&num=I0IBGVD6A2&id_ref=5320#tab_lifecycle_SASStepA_12322'

2022-06-23 21:48:13 - [TEST_STEP][PASSED] - verifyMatch(StepA_11, "SASStepA", false): Actual text 'SASStepA' and expected text 'SASStepA' are matched 

2022-06-23 21:48:13 - [MESSAGE][PASSED] - Actual text 'SASStepA' and expected text 'SASStepA' are matched 

2022-06-23 21:48:13 - [TEST_STEP][PASSED] - StepB_2 = getAttribute(findTestObject("1. Constant/xpath", ["xpath":"/html/body/div[1]/div[2]/div[8]/div[3]/div/div[3]/div[3]/div/ul/li[2]/a"]), "class"): Attribute 'class' of object 'Object Repository/1. Constant/xpath' is: 'nav-link timeline-badge badge-xl  bg-complete '

2022-06-23 21:48:14 - [MESSAGE][PASSED] - Attribute 'class' of object 'Object Repository/1. Constant/xpath' is: 'nav-link timeline-badge badge-xl  bg-complete '

2022-06-23 21:48:14 - [TEST_STEP][PASSED] - verifyMatch(StepB_2, "nav-link timeline-badge badge-xl  bg-complete ", false): Actual text 'nav-link timeline-badge badge-xl  bg-complete ' and expected text 'nav-link timeline-badge badge-xl  bg-complete ' are matched 

2022-06-23 21:48:14 - [MESSAGE][PASSED] - Actual text 'nav-link timeline-badge badge-xl  bg-complete ' and expected text 'nav-link timeline-badge badge-xl  bg-complete ' are matched 

2022-06-23 21:48:14 - [TEST_STEP][PASSED] - StepB_22 = I.Get_Stepname("/html/body/div[1]/div[2]/div[8]/div[3]/div/div[3]/div[3]/div/ul/li[2]/a"): Attribute 'href' of object 'Object Repository/1. Constant/xpath' is: 'http://mdb-release.diadeis.lan/MediaboxIndependence/Base/ExecAction?action=VoirRef&IDSession=MBI!RELTESTAUTO_DREYERS!03EVE5VRP1BQYZA00H99U9B2PGPAISQRTKQKFUOO&num=I0IBGVD6A2&id_ref=5320#tab_lifecycle_SASStepB_12323'

2022-06-23 21:48:19 - [MESSAGE][PASSED] - Delayed 5 second(s)

2022-06-23 21:48:19 - [MESSAGE][PASSED] - Attribute 'href' of object 'Object Repository/1. Constant/xpath' is: 'http://mdb-release.diadeis.lan/MediaboxIndependence/Base/ExecAction?action=VoirRef&IDSession=MBI!RELTESTAUTO_DREYERS!03EVE5VRP1BQYZA00H99U9B2PGPAISQRTKQKFUOO&num=I0IBGVD6A2&id_ref=5320#tab_lifecycle_SASStepB_12323'

2022-06-23 21:48:19 - [TEST_STEP][PASSED] - verifyMatch(StepB_22, "SASStepB", false): Actual text 'SASStepB' and expected text 'SASStepB' are matched 

2022-06-23 21:48:19 - [MESSAGE][PASSED] - Actual text 'SASStepB' and expected text 'SASStepB' are matched 

2022-06-23 21:48:19 - [TEST_STEP][PASSED] - StepA_2 = getAttribute(findTestObject("1. Constant/xpath", ["xpath":"/html/body/div[1]/div[2]/div[8]/div[3]/div/div[3]/div[3]/div/ul/li[3]/a"]), "class"): Attribute 'class' of object 'Object Repository/1. Constant/xpath' is: 'nav-link timeline-badge badge-xl  bg-pending active'

2022-06-23 21:48:19 - [MESSAGE][PASSED] - Attribute 'class' of object 'Object Repository/1. Constant/xpath' is: 'nav-link timeline-badge badge-xl  bg-pending active'

2022-06-23 21:48:19 - [TEST_STEP][PASSED] - verifyMatch(StepA_2, "nav-link timeline-badge badge-xl  bg-pending active", false): Actual text 'nav-link timeline-badge badge-xl  bg-pending active' and expected text 'nav-link timeline-badge badge-xl  bg-pending active' are matched 

2022-06-23 21:48:19 - [MESSAGE][PASSED] - Actual text 'nav-link timeline-badge badge-xl  bg-pending active' and expected text 'nav-link timeline-badge badge-xl  bg-pending active' are matched 

2022-06-23 21:48:19 - [TEST_STEP][PASSED] - StepA_22 = I.Get_Stepname("/html/body/div[1]/div[2]/div[8]/div[3]/div/div[3]/div[3]/div/ul/li[3]/a"): Attribute 'href' of object 'Object Repository/1. Constant/xpath' is: 'http://mdb-release.diadeis.lan/MediaboxIndependence/Base/ExecAction?action=VoirRef&IDSession=MBI!RELTESTAUTO_DREYERS!03EVE5VRP1BQYZA00H99U9B2PGPAISQRTKQKFUOO&num=I0IBGVD6A2&id_ref=5320#tab_lifecycle_SASStepA_12324'

2022-06-23 21:48:24 - [MESSAGE][PASSED] - Delayed 5 second(s)

2022-06-23 21:48:25 - [MESSAGE][PASSED] - Attribute 'href' of object 'Object Repository/1. Constant/xpath' is: 'http://mdb-release.diadeis.lan/MediaboxIndependence/Base/ExecAction?action=VoirRef&IDSession=MBI!RELTESTAUTO_DREYERS!03EVE5VRP1BQYZA00H99U9B2PGPAISQRTKQKFUOO&num=I0IBGVD6A2&id_ref=5320#tab_lifecycle_SASStepA_12324'

2022-06-23 21:48:25 - [TEST_STEP][PASSED] - verifyMatch(StepA_22, "SASStepA", false): Actual text 'SASStepA' and expected text 'SASStepA' are matched 

2022-06-23 21:48:25 - [MESSAGE][PASSED] - Actual text 'SASStepA' and expected text 'SASStepA' are matched 

2022-06-23 21:48:25 - [TEST_STEP][PASSED] - Name_StepAP1_3 = getText(findTestObject("1. Constant/xpath", ["xpath":"/html/body/div[1]/div[2]/div[8]/div[3]/div/div[3]/div[3]/div/div/div[3]/div/div[1]/div/div[1]/div[1]/h3"])): Text of object 'Object Repository/1. Constant/xpath' is: 'Phase 1.1 [Standard]'

2022-06-23 21:48:25 - [MESSAGE][PASSED] - Text of object 'Object Repository/1. Constant/xpath' is: 'Phase 1.1 [Standard]'

2022-06-23 21:48:25 - [TEST_STEP][PASSED] - verifyMatch(Name_StepAP1_3, "Phase 1.1 [Standard]", false): Actual text 'Phase 1.1 [Standard]' and expected text 'Phase 1.1 [Standard]' are matched 

2022-06-23 21:48:25 - [MESSAGE][PASSED] - Actual text 'Phase 1.1 [Standard]' and expected text 'Phase 1.1 [Standard]' are matched 

2022-06-23 21:48:25 - [TEST_STEP][PASSED] - ST_StepAP1_3 = getText(findTestObject("1. Constant/xpath", ["xpath":"/html/body/div[1]/div[2]/div[8]/div[3]/div/div[3]/div[3]/div/div/div[3]/div/div[1]/div/div[2]/div[1]"])): Text of object 'Object Repository/1. Constant/xpath' is: 'Started 06/23/22 03:48 PM'

2022-06-23 21:48:25 - [MESSAGE][PASSED] - Text of object 'Object Repository/1. Constant/xpath' is: 'Started 06/23/22 03:48 PM'

2022-06-23 21:48:25 - [TEST_STEP][PASSED] - if (ST_StepAP1_3.contains("Started")): Actual object '1' and expected object '1' are equal

2022-06-23 21:48:25 - [TEST_STEP][PASSED] - verifyEqual(1, 1): Actual object '1' and expected object '1' are equal

2022-06-23 21:48:25 - [MESSAGE][PASSED] - Actual object '1' and expected object '1' are equal

2022-06-23 21:48:25 - [TEST_STEP][PASSED] - added_StepAP1_3 = getText(findTestObject("1. Constant/xpath", ["xpath":"/html/body/div[1]/div[2]/div[8]/div[3]/div/div[3]/div[3]/div/div/div[3]/div/div[1]/div/div[2]/h6"])): Text of object 'Object Repository/1. Constant/xpath' is: 'Added manually 06/23/22 03:48 PM By s user'

2022-06-23 21:48:26 - [MESSAGE][PASSED] - Text of object 'Object Repository/1. Constant/xpath' is: 'Added manually 06/23/22 03:48 PM By s user'

2022-06-23 21:48:26 - [TEST_STEP][PASSED] - if (added_StepAP1_3.contains("Added manually")): Actual object '1' and expected object '1' are equal

2022-06-23 21:48:26 - [TEST_STEP][PASSED] - verifyEqual(1, 1): Actual object '1' and expected object '1' are equal

2022-06-23 21:48:26 - [MESSAGE][PASSED] - Actual object '1' and expected object '1' are equal

2022-06-23 21:48:26 - [TEST_STEP][PASSED] - Name_StepAP2_3 = getText(findTestObject("1. Constant/xpath", ["xpath":"/html/body/div[1]/div[2]/div[8]/div[3]/div/div[3]/div[3]/div/div/div[3]/div/div[2]/div/div[1]/div[1]/h3"])): Text of object 'Object Repository/1. Constant/xpath' is: 'Phase 1.2 [Standard Phase]'

2022-06-23 21:48:26 - [MESSAGE][PASSED] - Text of object 'Object Repository/1. Constant/xpath' is: 'Phase 1.2 [Standard Phase]'

2022-06-23 21:48:26 - [TEST_STEP][PASSED] - verifyMatch(Name_StepAP2_3, "Phase 1.2 [Standard Phase]", false): Actual text 'Phase 1.2 [Standard Phase]' and expected text 'Phase 1.2 [Standard Phase]' are matched 

2022-06-23 21:48:26 - [MESSAGE][PASSED] - Actual text 'Phase 1.2 [Standard Phase]' and expected text 'Phase 1.2 [Standard Phase]' are matched 

2022-06-23 21:48:26 - [TEST_STEP][PASSED] - StepB_4 = getAttribute(findTestObject("1. Constant/xpath", ["xpath":"/html/body/div[1]/div[2]/div[8]/div[3]/div/div[3]/div[3]/div/ul/li[4]/a"]), "class"): Attribute 'class' of object 'Object Repository/1. Constant/xpath' is: 'nav-link timeline-badge badge-xl  bg-waiting '

2022-06-23 21:48:27 - [MESSAGE][PASSED] - Attribute 'class' of object 'Object Repository/1. Constant/xpath' is: 'nav-link timeline-badge badge-xl  bg-waiting '

2022-06-23 21:48:27 - [TEST_STEP][PASSED] - verifyMatch(StepB_4, "nav-link timeline-badge badge-xl  bg-waiting ", false): Actual text 'nav-link timeline-badge badge-xl  bg-waiting ' and expected text 'nav-link timeline-badge badge-xl  bg-waiting ' are matched 

2022-06-23 21:48:27 - [MESSAGE][PASSED] - Actual text 'nav-link timeline-badge badge-xl  bg-waiting ' and expected text 'nav-link timeline-badge badge-xl  bg-waiting ' are matched 

2022-06-23 21:48:27 - [TEST_STEP][PASSED] - StepB_44 = I.Get_Stepname("/html/body/div[1]/div[2]/div[8]/div[3]/div/div[3]/div[3]/div/ul/li[4]/a"): Attribute 'href' of object 'Object Repository/1. Constant/xpath' is: 'http://mdb-release.diadeis.lan/MediaboxIndependence/Base/ExecAction?action=VoirRef&IDSession=MBI!RELTESTAUTO_DREYERS!03EVE5VRP1BQYZA00H99U9B2PGPAISQRTKQKFUOO&num=I0IBGVD6A2&id_ref=5320#tab_lifecycle_SASStepB_12325'

2022-06-23 21:48:32 - [MESSAGE][PASSED] - Delayed 5 second(s)

2022-06-23 21:48:32 - [MESSAGE][PASSED] - Attribute 'href' of object 'Object Repository/1. Constant/xpath' is: 'http://mdb-release.diadeis.lan/MediaboxIndependence/Base/ExecAction?action=VoirRef&IDSession=MBI!RELTESTAUTO_DREYERS!03EVE5VRP1BQYZA00H99U9B2PGPAISQRTKQKFUOO&num=I0IBGVD6A2&id_ref=5320#tab_lifecycle_SASStepB_12325'

2022-06-23 21:48:32 - [TEST_STEP][PASSED] - verifyMatch(StepB_44, "SASStepB", false): Actual text 'SASStepB' and expected text 'SASStepB' are matched 

2022-06-23 21:48:32 - [MESSAGE][PASSED] - Actual text 'SASStepB' and expected text 'SASStepB' are matched 

2022-06-23 21:48:32 - [TEST_STEP][PASSED] - I.Logout(): Delayed 3 second(s)

2022-06-23 21:48:35 - [MESSAGE][PASSED] - Delayed 3 second(s)

2022-06-23 21:48:36 - [MESSAGE][PASSED] - Object: 'Object Repository/1. Constant/xpath' is clicked on

2022-06-23 21:48:39 - [MESSAGE][PASSED] - Delayed 3 second(s)

2022-06-23 21:48:43 - [MESSAGE][PASSED] - Object: 'Object Repository/1. Constant/xpath' is clicked on

2022-06-23 21:48:46 - [MESSAGE][PASSED] - Delayed 3 second(s)

2022-06-23 21:48:46 - [TEST_STEP][PASSED] - I.Login_password("nturner", password_nturner): Object: 'Object Repository/1. Constant/xpath' is clicked on

2022-06-23 21:48:47 - [MESSAGE][PASSED] - Text 'nturner' is set on object 'Object Repository/1. Constant/xpath'

2022-06-23 21:48:48 - [MESSAGE][PASSED] - Delayed 1 second(s)

2022-06-23 21:48:49 - [MESSAGE][PASSED] - Text 'diadeis1' is set on object 'Object Repository/1. Constant/xpath'

2022-06-23 21:48:50 - [MESSAGE][PASSED] - Delayed 1 second(s)

2022-06-23 21:48:55 - [MESSAGE][PASSED] - Object: 'Object Repository/1. Constant/xpath' is clicked on

2022-06-23 21:48:55 - [TEST_STEP][PASSED] - click(findTestObject("1. Constant/02_LHSMenu_Projects")): Object: 'Object Repository/1. Constant/02_LHSMenu_Projects' is clicked on

2022-06-23 21:48:58 - [MESSAGE][PASSED] - Object: 'Object Repository/1. Constant/02_LHSMenu_Projects' is clicked on

2022-06-23 21:48:58 - [TEST_STEP][PASSED] - I.SearchProjectNo_xpath(Project_No, "//*[@id="keynum_project"]", "//*[@id="form_filters"]/div[4]/button"): Delayed 5 second(s)

2022-06-23 21:48:59 - [MESSAGE][PASSED] - Delayed 1 second(s)

2022-06-23 21:49:00 - [MESSAGE][PASSED] - Text 'MI000883' is set on object 'Object Repository/1. Constant/xpath'

2022-06-23 21:49:03 - [MESSAGE][PASSED] - Delayed 3 second(s)

2022-06-23 21:49:03 - [MESSAGE][PASSED] - Scroll to object 'Object Repository/1. Constant/xpath' successfully

2022-06-23 21:49:08 - [MESSAGE][PASSED] - Object: 'Object Repository/1. Constant/xpath' is clicked on

2022-06-23 21:49:13 - [MESSAGE][PASSED] - Delayed 5 second(s)

2022-06-23 21:49:13 - [TEST_STEP][PASSED] - takeScreenshot(): Taking screenshot successfully

2022-06-23 21:49:14 - [MESSAGE][PASSED] - Taking screenshot successfully
[[ATTACHMENT|D:\\Projet Test Auto\\Mediabox Test Automation\\Reports\\20220623_184212\\03. Parallel Testing (Testing)\\TS -PT PART 3\\14.02 Dreyers Support Action (Ongoing _ Completed ref) - PART 2\\20220623_184228\\1656013754033.png]]

2022-06-23 21:49:14 - [TEST_STEP][PASSED] - I.SearchRefNo_xpath("P7_Auto", "//*[@id="fiche_filter_keywords11"]", "//*[@id="form_filters"]/div[3]/button"): Delayed 5 second(s)

2022-06-23 21:49:15 - [MESSAGE][PASSED] - Delayed 1 second(s)

2022-06-23 21:49:16 - [MESSAGE][PASSED] - Text 'P7_Auto' is set on object 'Object Repository/1. Constant/xpath'

2022-06-23 21:49:19 - [MESSAGE][PASSED] - Delayed 3 second(s)

2022-06-23 21:49:19 - [MESSAGE][PASSED] - Scroll to object 'Object Repository/1. Constant/xpath' successfully

2022-06-23 21:49:22 - [MESSAGE][PASSED] - Object: 'Object Repository/1. Constant/xpath' is clicked on

2022-06-23 21:49:27 - [MESSAGE][PASSED] - Delayed 5 second(s)

2022-06-23 21:49:27 - [TEST_STEP][PASSED] - delay(1): Delayed 1 second(s)

2022-06-23 21:49:28 - [MESSAGE][PASSED] - Delayed 1 second(s)

2022-06-23 21:49:28 - [TEST_STEP][PASSED] - Lifecycle_Status2 = getText(findTestObject("1. Constant/xpath", ["xpath":"//*[@id="source_" + refID7 + ""]/td[12]/span[1]"])): Text of object 'Object Repository/1. Constant/xpath' is: 'Phase 1.1 [Standard]'

2022-06-23 21:49:28 - [MESSAGE][PASSED] - Text of object 'Object Repository/1. Constant/xpath' is: 'Phase 1.1 [Standard]'

2022-06-23 21:49:28 - [TEST_STEP][PASSED] - verifyMatch(Lifecycle_Status2, "Phase 1.1 [Standard]", false): Actual text 'Phase 1.1 [Standard]' and expected text 'Phase 1.1 [Standard]' are matched 

2022-06-23 21:49:28 - [MESSAGE][PASSED] - Actual text 'Phase 1.1 [Standard]' and expected text 'Phase 1.1 [Standard]' are matched 

2022-06-23 21:49:28 - [TEST_STEP][PASSED] - click(findTestObject("1. Constant/xpath", ["xpath":"//*[@id="source_" + refID7 + ""]/td[13]/a[2]"])): Object: 'Object Repository/1. Constant/xpath' is clicked on

2022-06-23 21:49:30 - [MESSAGE][PASSED] - Object: 'Object Repository/1. Constant/xpath' is clicked on

2022-06-23 21:49:30 - [TEST_STEP][PASSED] - click(findTestObject("1. Constant/xpath", ["xpath":"//*[@id="ModifFiche"]/div[1]/div/button[2]"])): Object: 'Object Repository/1. Constant/xpath' is clicked on

2022-06-23 21:49:34 - [MESSAGE][PASSED] - Object: 'Object Repository/1. Constant/xpath' is clicked on

2022-06-23 21:49:34 - [TEST_STEP][PASSED] - closeBrowser(): Browser is closed

2022-06-23 21:49:40 - [MESSAGE][PASSED] - Browser is closed

2022-06-23 21:49:40 - [TEST_STEP][PASSED] - Start listener action : sampleAfterTestCase: null]]></system-out>
         <system-err><![CDATA[]]></system-err>
      </testcase>
      <testcase name="Test Cases/19. Dreyers Support Action (Ongoing ref_completed)/19.08 Dreyers SAS Add Step Group (Ongoing ref) S13 - P8" time="328.947" classname="Test Cases/19. Dreyers Support Action (Ongoing ref_completed)/19.08 Dreyers SAS Add Step Group (Ongoing ref) S13 - P8" status="PASSED">
         <system-out><![CDATA[2022-06-23 21:49:40 - [TEST_CASE][PASSED] - Test Cases/19. Dreyers Support Action (Ongoing ref_completed)/19.08 Dreyers SAS Add Step Group (Ongoing ref) S13 - P8: Test Cases/19. Dreyers Support Action (Ongoing ref_completed)/19.08 Dreyers SAS Add Step Group (Ongoing ref) S13 - P8

2022-06-23 21:49:41 - [TEST_STEP][PASSED] - data_Dreyers = findTestData("Data Files/Username_Password/Dreyer"): null

2022-06-23 21:49:41 - [TEST_STEP][PASSED] - password_suser = data_Dreyers.getValue(2, 1): null

2022-06-23 21:49:41 - [TEST_STEP][PASSED] - password_nturner = data_Dreyers.getValue(2, 6): null

2022-06-23 21:49:41 - [TEST_STEP][PASSED] - data_urlRELAUTO = findTestData("Data Files/URL/URL_relauto"): null

2022-06-23 21:49:41 - [TEST_STEP][PASSED] - Url_Dreyer = data_urlRELAUTO.getValue(2, 4): null

2022-06-23 21:49:41 - [TEST_STEP][PASSED] - Project_No = I.readnotepad("D:\Upoad_File\Projet_ Login\Dreyers\19.1\19.1_Dreyers_ProjectNo.txt"): null

2022-06-23 21:49:41 - [TEST_STEP][PASSED] - refID = I.readnotepad("D:\Upoad_File\Projet_ Login\Dreyers\19.1\19.1_Dreyers_refID.txt"): null

2022-06-23 21:49:41 - [TEST_STEP][PASSED] - openBrowser(Url_Dreyer): Browser is opened with url: 'http://mdb-release.diadeis.lan/MediaboxIndependence/?MBI_datasource=RELTESTAUTO_DREYERS'

2022-06-23 21:49:41 - [MESSAGE][INFO] - Starting 'Chrome (headless)' driver

2022-06-23 21:49:41 - [MESSAGE][INFO] - User set preference: ['args', '[--window-size=1920,1080, --headless]']

2022-06-23 21:49:41 - [MESSAGE][INFO] - Action delay is set to 0 milliseconds

2022-06-23 21:50:04 - [MESSAGE][PASSED] - Browser is opened with url: 'http://mdb-release.diadeis.lan/MediaboxIndependence/?MBI_datasource=RELTESTAUTO_DREYERS'

2022-06-23 21:50:04 - [TEST_STEP][PASSED] - maximizeWindow(): Current window maximized

2022-06-23 21:50:05 - [MESSAGE][PASSED] - Current window maximized

2022-06-23 21:50:05 - [TEST_STEP][PASSED] - I.Login_password("suser", password_suser): Object: 'Object Repository/1. Constant/xpath' is clicked on

2022-06-23 21:50:05 - [MESSAGE][PASSED] - Text 'suser' is set on object 'Object Repository/1. Constant/xpath'

2022-06-23 21:50:06 - [MESSAGE][PASSED] - Delayed 1 second(s)

2022-06-23 21:50:08 - [MESSAGE][PASSED] - Text 'diadeis' is set on object 'Object Repository/1. Constant/xpath'

2022-06-23 21:50:09 - [MESSAGE][PASSED] - Delayed 1 second(s)

2022-06-23 21:50:18 - [MESSAGE][PASSED] - Object: 'Object Repository/1. Constant/xpath' is clicked on

2022-06-23 21:50:18 - [TEST_STEP][PASSED] - click(findTestObject("1. Constant/02_LHSMenu_Projects")): Object: 'Object Repository/1. Constant/02_LHSMenu_Projects' is clicked on

2022-06-23 21:50:21 - [MESSAGE][PASSED] - Object: 'Object Repository/1. Constant/02_LHSMenu_Projects' is clicked on

2022-06-23 21:50:21 - [TEST_STEP][PASSED] - I.SearchProjectNo_xpath(Project_No, "//*[@id="keynum_project"]", "//*[@id="form_filters"]/div[4]/button"): Delayed 5 second(s)

2022-06-23 21:50:22 - [MESSAGE][PASSED] - Delayed 1 second(s)

2022-06-23 21:50:24 - [MESSAGE][PASSED] - Text 'MI000883' is set on object 'Object Repository/1. Constant/xpath'

2022-06-23 21:50:27 - [MESSAGE][PASSED] - Delayed 3 second(s)

2022-06-23 21:50:27 - [MESSAGE][PASSED] - Scroll to object 'Object Repository/1. Constant/xpath' successfully

2022-06-23 21:50:31 - [MESSAGE][PASSED] - Object: 'Object Repository/1. Constant/xpath' is clicked on

2022-06-23 21:50:36 - [MESSAGE][PASSED] - Delayed 5 second(s)

2022-06-23 21:50:36 - [TEST_STEP][PASSED] - takeScreenshot(): Taking screenshot successfully

2022-06-23 21:50:37 - [MESSAGE][PASSED] - Taking screenshot successfully
[[ATTACHMENT|D:\\Projet Test Auto\\Mediabox Test Automation\\Reports\\20220623_184212\\03. Parallel Testing (Testing)\\TS -PT PART 3\\14.02 Dreyers Support Action (Ongoing _ Completed ref) - PART 2\\20220623_184228\\1656013837241.png]]

2022-06-23 21:50:37 - [TEST_STEP][PASSED] - click(findTestObject("1. Constant/xpath", ["xpath":"//*[@id="create_ref_btn"]/button"])): Object: 'Object Repository/1. Constant/xpath' is clicked on

2022-06-23 21:50:38 - [MESSAGE][PASSED] - Object: 'Object Repository/1. Constant/xpath' is clicked on

2022-06-23 21:50:38 - [TEST_STEP][PASSED] - delay(1): Delayed 1 second(s)

2022-06-23 21:50:39 - [MESSAGE][PASSED] - Delayed 1 second(s)

2022-06-23 21:50:39 - [TEST_STEP][PASSED] - click(findTestObject("1. Constant/xpath", ["xpath":"//*[@id="create_ref_btn"]/div/a"])): Object: 'Object Repository/1. Constant/xpath' is clicked on

2022-06-23 21:50:41 - [MESSAGE][PASSED] - Object: 'Object Repository/1. Constant/xpath' is clicked on

2022-06-23 21:50:41 - [TEST_STEP][PASSED] - delay(1): Delayed 1 second(s)

2022-06-23 21:50:42 - [MESSAGE][PASSED] - Delayed 1 second(s)

2022-06-23 21:50:42 - [TEST_STEP][PASSED] - selectOptionByValue(findTestObject("1. Constant/xpath", ["xpath":"//*[@id="lfc_tpl"]"]), "37", false): All options with value '37' are selected in object 'Object Repository/1. Constant/xpath' 

2022-06-23 21:50:43 - [MESSAGE][PASSED] - All options with value '37' are selected in object 'Object Repository/1. Constant/xpath' 

2022-06-23 21:50:43 - [TEST_STEP][PASSED] - ref_name = "P8_Auto_SAS_S13_2_" + RandomStringUtils.randomAlphanumeric(5) + I.gettimedate(): null

2022-06-23 21:50:43 - [TEST_STEP][PASSED] - delay(1): Delayed 1 second(s)

2022-06-23 21:50:44 - [MESSAGE][PASSED] - Delayed 1 second(s)

2022-06-23 21:50:44 - [TEST_STEP][PASSED] - setText(findTestObject("1. Constant/xpath", ["xpath":"//*[@id="var_name"]"]), ref_name): Text 'P8_Auto_SAS_S13_2_ijirPjuin232022_215043' is set on object 'Object Repository/1. Constant/xpath'

2022-06-23 21:50:45 - [MESSAGE][PASSED] - Text 'P8_Auto_SAS_S13_2_ijirPjuin232022_215043' is set on object 'Object Repository/1. Constant/xpath'

2022-06-23 21:50:45 - [TEST_STEP][PASSED] - takeScreenshot(): Taking screenshot successfully

2022-06-23 21:50:46 - [MESSAGE][PASSED] - Taking screenshot successfully
[[ATTACHMENT|D:\\Projet Test Auto\\Mediabox Test Automation\\Reports\\20220623_184212\\03. Parallel Testing (Testing)\\TS -PT PART 3\\14.02 Dreyers Support Action (Ongoing _ Completed ref) - PART 2\\20220623_184228\\1656013845557.png]]

2022-06-23 21:50:46 - [TEST_STEP][PASSED] - click(findTestObject("1. Constant/xpath", ["xpath":"//*[@id="createRefBottom"]"])): Object: 'Object Repository/1. Constant/xpath' is clicked on

2022-06-23 21:50:49 - [MESSAGE][PASSED] - Object: 'Object Repository/1. Constant/xpath' is clicked on

2022-06-23 21:50:49 - [TEST_STEP][PASSED] - delay(1): Delayed 1 second(s)

2022-06-23 21:50:50 - [MESSAGE][PASSED] - Delayed 1 second(s)

2022-06-23 21:50:50 - [TEST_STEP][PASSED] - takeScreenshot(): Taking screenshot successfully

2022-06-23 21:50:50 - [MESSAGE][PASSED] - Taking screenshot successfully
[[ATTACHMENT|D:\\Projet Test Auto\\Mediabox Test Automation\\Reports\\20220623_184212\\03. Parallel Testing (Testing)\\TS -PT PART 3\\14.02 Dreyers Support Action (Ongoing _ Completed ref) - PART 2\\20220623_184228\\1656013850275.png]]

2022-06-23 21:50:50 - [TEST_STEP][PASSED] - refID8 = I.RefID(): Current window's url is: 'http://mdb-release.diadeis.lan/MediaboxIndependence/Base/ExecAction?IDSession=MBI%21RELTESTAUTO_DREYERS%21T6VZZHJETDPIP2TX6DAWRY9AQT4Q6QTP55JOQ42T&default_action=ModifierRef&id_project=MI000883&id_ref=5321&action_from=create_ref'

2022-06-23 21:50:55 - [MESSAGE][PASSED] - Delayed 5 second(s)

2022-06-23 21:50:55 - [MESSAGE][PASSED] - Current window's url is: 'http://mdb-release.diadeis.lan/MediaboxIndependence/Base/ExecAction?IDSession=MBI%21RELTESTAUTO_DREYERS%21T6VZZHJETDPIP2TX6DAWRY9AQT4Q6QTP55JOQ42T&default_action=ModifierRef&id_project=MI000883&id_ref=5321&action_from=create_ref'

2022-06-23 21:50:55 - [TEST_STEP][PASSED] - click(findTestObject("1. Constant/xpath", ["xpath":"//*[@id="type_save"]"])): Object: 'Object Repository/1. Constant/xpath' is clicked on

2022-06-23 21:51:01 - [MESSAGE][PASSED] - Object: 'Object Repository/1. Constant/xpath' is clicked on

2022-06-23 21:51:01 - [TEST_STEP][PASSED] - I.SearchRefNo_xpath("P8_Auto", "//*[@id="fiche_filter_keywords11"]", "//*[@id="form_filters"]/div[3]/button"): Delayed 5 second(s)

2022-06-23 21:51:02 - [MESSAGE][PASSED] - Delayed 1 second(s)

2022-06-23 21:51:04 - [MESSAGE][PASSED] - Text 'P8_Auto' is set on object 'Object Repository/1. Constant/xpath'

2022-06-23 21:51:07 - [MESSAGE][PASSED] - Delayed 3 second(s)

2022-06-23 21:51:07 - [MESSAGE][PASSED] - Scroll to object 'Object Repository/1. Constant/xpath' successfully

2022-06-23 21:51:09 - [MESSAGE][PASSED] - Object: 'Object Repository/1. Constant/xpath' is clicked on

2022-06-23 21:51:14 - [MESSAGE][PASSED] - Delayed 5 second(s)

2022-06-23 21:51:14 - [TEST_STEP][PASSED] - takeScreenshot(): Taking screenshot successfully

2022-06-23 21:51:15 - [MESSAGE][PASSED] - Taking screenshot successfully
[[ATTACHMENT|D:\\Projet Test Auto\\Mediabox Test Automation\\Reports\\20220623_184212\\03. Parallel Testing (Testing)\\TS -PT PART 3\\14.02 Dreyers Support Action (Ongoing _ Completed ref) - PART 2\\20220623_184228\\1656013874938.png]]

2022-06-23 21:51:15 - [TEST_STEP][PASSED] - click(findTestObject("1. Constant/xpath", ["xpath":"//*[@id="source_" + refID8 + ""]/td[14]/a[4]"])): Object: 'Object Repository/1. Constant/xpath' is clicked on

2022-06-23 21:51:16 - [MESSAGE][PASSED] - Object: 'Object Repository/1. Constant/xpath' is clicked on

2022-06-23 21:51:16 - [TEST_STEP][PASSED] - click(findTestObject("1. Constant/xpath", ["xpath":"//*[@id="ModifFiche"]/div[1]/div/button[2]"])): Object: 'Object Repository/1. Constant/xpath' is clicked on

2022-06-23 21:51:20 - [MESSAGE][PASSED] - Object: 'Object Repository/1. Constant/xpath' is clicked on

2022-06-23 21:51:20 - [TEST_STEP][PASSED] - click(findTestObject("1. Constant/xpath", ["xpath":"//*[@id="source_" + refID8 + ""]/td[14]/a[4]"])): Object: 'Object Repository/1. Constant/xpath' is clicked on

2022-06-23 21:51:24 - [MESSAGE][PASSED] - Object: 'Object Repository/1. Constant/xpath' is clicked on

2022-06-23 21:51:24 - [TEST_STEP][PASSED] - click(findTestObject("1. Constant/xpath", ["xpath":"//*[@id="ModifFiche"]/div[1]/div/button[2]"])): Object: 'Object Repository/1. Constant/xpath' is clicked on

2022-06-23 21:51:28 - [MESSAGE][PASSED] - Object: 'Object Repository/1. Constant/xpath' is clicked on

2022-06-23 21:51:28 - [TEST_STEP][PASSED] - color1 = getCSSValue(findTestObject("1. Constant/xpath", ["xpath":"//*[@id="source_" + refID8 + ""]/td[14]/a[4]"]), "color", OPTIONAL): Get CSS 'color' value on 'Object Repository/1. Constant/xpath' successfully: 'rgba(255, 255, 255, 1)'.

2022-06-23 21:51:28 - [MESSAGE][PASSED] - Get CSS 'color' value on 'Object Repository/1. Constant/xpath' successfully: 'rgba(255, 255, 255, 1)'.

2022-06-23 21:51:28 - [TEST_STEP][PASSED] - I.print(color1): null

2022-06-23 21:51:28 - [TEST_STEP][PASSED] - while (color1 == "rgba(255, 255, 255, 1)"): null

2022-06-23 21:51:28 - [TEST_STEP][PASSED] - click(findTestObject("1. Constant/xpath", ["xpath":"//*[@id="source_" + refID8 + ""]/td[14]/a[4]"])): Object: 'Object Repository/1. Constant/xpath' is clicked on

2022-06-23 21:51:31 - [MESSAGE][PASSED] - Object: 'Object Repository/1. Constant/xpath' is clicked on

2022-06-23 21:51:31 - [TEST_STEP][PASSED] - I.UploadDoc_sendkey_Prod(findTestObject("1. Constant/xpath", ["xpath":"//*[@id="kt_body"]/input[2]"]), "D:\Upoad_File\Upload doc\testdata1.pdf", "testdata1"): Delayed 5 second(s)

2022-06-23 21:51:31 - [MESSAGE][PASSED] - Scroll to object 'Object Repository/1. Constant/xpath' successfully

2022-06-23 21:51:36 - [MESSAGE][PASSED] - Delayed 5 second(s)

2022-06-23 21:51:37 - [MESSAGE][PASSED] - File 'D:\Upoad_File\Upload doc\testdata1.pdf' sent to object: 'Object Repository/1. Constant/xpath'

2022-06-23 21:51:42 - [MESSAGE][PASSED] - Delayed 5 second(s)

2022-06-23 21:51:43 - [MESSAGE][PASSED] - Text 'testdata1' is present on page 

2022-06-23 21:51:48 - [MESSAGE][PASSED] - Delayed 5 second(s)

2022-06-23 21:51:53 - [MESSAGE][PASSED] - Delayed 5 second(s)

2022-06-23 21:51:53 - [TEST_STEP][PASSED] - takeScreenshot(): Taking screenshot successfully

2022-06-23 21:51:54 - [MESSAGE][PASSED] - Taking screenshot successfully
[[ATTACHMENT|D:\\Projet Test Auto\\Mediabox Test Automation\\Reports\\20220623_184212\\03. Parallel Testing (Testing)\\TS -PT PART 3\\14.02 Dreyers Support Action (Ongoing _ Completed ref) - PART 2\\20220623_184228\\1656013913868.png]]

2022-06-23 21:51:54 - [TEST_STEP][PASSED] - delay(8): Delayed 8 second(s)

2022-06-23 21:52:02 - [MESSAGE][PASSED] - Delayed 8 second(s)

2022-06-23 21:52:02 - [TEST_STEP][PASSED] - click(findTestObject("HL Full Lifecycle/12 ReferncePage_Button_Updatensenddoc")): Object: 'Object Repository/HL Full Lifecycle/12 ReferncePage_Button_Updatensenddoc' is clicked on

2022-06-23 21:52:07 - [MESSAGE][PASSED] - Object: 'Object Repository/HL Full Lifecycle/12 ReferncePage_Button_Updatensenddoc' is clicked on

2022-06-23 21:52:07 - [TEST_STEP][PASSED] - delay(5): Delayed 5 second(s)

2022-06-23 21:52:12 - [MESSAGE][PASSED] - Delayed 5 second(s)

2022-06-23 21:52:12 - [TEST_STEP][PASSED] - if (verifyElementPresent(findTestObject("1. Constant/xpath", ["xpath":"//*[@id="source_" + refID8 + ""]/td[14]/a[4]"]), 5, OPTIONAL)): com.kms.katalon.core.webui.exception.WebElementNotFoundException: Web element with id: 'Object Repository/1. Constant/xpath' located by '//*[@id="source_5321"]/td[14]/a[4]' not found (Root cause: com.kms.katalon.core.exception.StepFailedException: com.kms.katalon.core.webui.exception.WebElementNotFoundException: Web element with id: 'Object Repository/1. Constant/xpath' located by '//*[@id="source_5321"]/td[14]/a[4]' not found
	at com.kms.katalon.core.webui.keyword.internal.WebUIKeywordMain.stepFailed(WebUIKeywordMain.groovy:64)
	at com.kms.katalon.core.webui.keyword.builtin.VerifyElementPresentKeyword$_verifyElementPresent_closure1.doCall(VerifyElementPresentKeyword.groovy:85)
	at com.kms.katalon.core.webui.keyword.builtin.VerifyElementPresentKeyword$_verifyElementPresent_closure1.call(VerifyElementPresentKeyword.groovy)
	at com.kms.katalon.core.webui.keyword.internal.WebUIKeywordMain.runKeyword(WebUIKeywordMain.groovy:20)
	at com.kms.katalon.core.webui.keyword.builtin.VerifyElementPresentKeyword.verifyElementPresent(VerifyElementPresentKeyword.groovy:92)
	at com.kms.katalon.core.webui.keyword.builtin.VerifyElementPresentKeyword.execute(VerifyElementPresentKeyword.groovy:68)
	at com.kms.katalon.core.keyword.internal.KeywordExecutor.executeKeywordForPlatform(KeywordExecutor.groovy:74)
	at com.kms.katalon.core.webui.keyword.WebUiBuiltInKeywords.verifyElementPresent(WebUiBuiltInKeywords.groovy:1448)
	at com.kms.katalon.core.webui.keyword.WebUiBuiltInKeywords$verifyElementPresent$18.call(Unknown Source)
	at 19.08 Dreyers SAS Add Step Group (Ongoing ref) S13 - P8.run(19.08 Dreyers SAS Add Step Group (Ongoing ref) S13 - P8:153)
	at com.kms.katalon.core.main.ScriptEngine.run(ScriptEngine.java:194)
	at com.kms.katalon.core.main.ScriptEngine.runScriptAsRawText(ScriptEngine.java:119)
	at com.kms.katalon.core.main.TestCaseExecutor.runScript(TestCaseExecutor.java:445)
	at com.kms.katalon.core.main.TestCaseExecutor.doExecute(TestCaseExecutor.java:436)
	at com.kms.katalon.core.main.TestCaseExecutor.processExecutionPhase(TestCaseExecutor.java:415)
	at com.kms.katalon.core.main.TestCaseExecutor.accessMainPhase(TestCaseExecutor.java:407)
	at com.kms.katalon.core.main.TestCaseExecutor.execute(TestCaseExecutor.java:284)
	at com.kms.katalon.core.common.CommonExecutor.accessTestCaseMainPhase(CommonExecutor.java:65)
	at com.kms.katalon.core.main.TestSuiteExecutor.accessTestSuiteMainPhase(TestSuiteExecutor.java:144)
	at com.kms.katalon.core.main.TestSuiteExecutor.execute(TestSuiteExecutor.java:106)
	at com.kms.katalon.core.main.TestCaseMain.startTestSuite(TestCaseMain.java:185)
	at com.kms.katalon.core.main.TestCaseMain$startTestSuite$0.call(Unknown Source)
	at TempTestSuite1656002548571.run(TempTestSuite1656002548571.groovy:36)
)

2022-06-23 21:52:18 - [MESSAGE][INFO] - Unable to find the element located by 'By.xpath: //*[@id="source_5321"]/td[14]/a[4]'. Please recheck the objects properties to make sure the desired element is located. 

2022-06-23 21:52:19 - [MESSAGE][WARNING] - com.kms.katalon.core.webui.exception.WebElementNotFoundException: Web element with id: 'Object Repository/1. Constant/xpath' located by '//*[@id="source_5321"]/td[14]/a[4]' not found (Root cause: com.kms.katalon.core.exception.StepFailedException: com.kms.katalon.core.webui.exception.WebElementNotFoundException: Web element with id: 'Object Repository/1. Constant/xpath' located by '//*[@id="source_5321"]/td[14]/a[4]' not found
	at com.kms.katalon.core.webui.keyword.internal.WebUIKeywordMain.stepFailed(WebUIKeywordMain.groovy:64)
	at com.kms.katalon.core.webui.keyword.builtin.VerifyElementPresentKeyword$_verifyElementPresent_closure1.doCall(VerifyElementPresentKeyword.groovy:85)
	at com.kms.katalon.core.webui.keyword.builtin.VerifyElementPresentKeyword$_verifyElementPresent_closure1.call(VerifyElementPresentKeyword.groovy)
	at com.kms.katalon.core.webui.keyword.internal.WebUIKeywordMain.runKeyword(WebUIKeywordMain.groovy:20)
	at com.kms.katalon.core.webui.keyword.builtin.VerifyElementPresentKeyword.verifyElementPresent(VerifyElementPresentKeyword.groovy:92)
	at com.kms.katalon.core.webui.keyword.builtin.VerifyElementPresentKeyword.execute(VerifyElementPresentKeyword.groovy:68)
	at com.kms.katalon.core.keyword.internal.KeywordExecutor.executeKeywordForPlatform(KeywordExecutor.groovy:74)
	at com.kms.katalon.core.webui.keyword.WebUiBuiltInKeywords.verifyElementPresent(WebUiBuiltInKeywords.groovy:1448)
	at com.kms.katalon.core.webui.keyword.WebUiBuiltInKeywords$verifyElementPresent$18.call(Unknown Source)
	at 19.08 Dreyers SAS Add Step Group (Ongoing ref) S13 - P8.run(19.08 Dreyers SAS Add Step Group (Ongoing ref) S13 - P8:153)
	at com.kms.katalon.core.main.ScriptEngine.run(ScriptEngine.java:194)
	at com.kms.katalon.core.main.ScriptEngine.runScriptAsRawText(ScriptEngine.java:119)
	at com.kms.katalon.core.main.TestCaseExecutor.runScript(TestCaseExecutor.java:445)
	at com.kms.katalon.core.main.TestCaseExecutor.doExecute(TestCaseExecutor.java:436)
	at com.kms.katalon.core.main.TestCaseExecutor.processExecutionPhase(TestCaseExecutor.java:415)
	at com.kms.katalon.core.main.TestCaseExecutor.accessMainPhase(TestCaseExecutor.java:407)
	at com.kms.katalon.core.main.TestCaseExecutor.execute(TestCaseExecutor.java:284)
	at com.kms.katalon.core.common.CommonExecutor.accessTestCaseMainPhase(CommonExecutor.java:65)
	at com.kms.katalon.core.main.TestSuiteExecutor.accessTestSuiteMainPhase(TestSuiteExecutor.java:144)
	at com.kms.katalon.core.main.TestSuiteExecutor.execute(TestSuiteExecutor.java:106)
	at com.kms.katalon.core.main.TestCaseMain.startTestSuite(TestCaseMain.java:185)
	at com.kms.katalon.core.main.TestCaseMain$startTestSuite$0.call(Unknown Source)
	at TempTestSuite1656002548571.run(TempTestSuite1656002548571.groovy:36)
)
[[ATTACHMENT|D:\\Projet Test Auto\\Mediabox Test Automation\\Reports\\20220623_184212\\03. Parallel Testing (Testing)\\TS -PT PART 3\\14.02 Dreyers Support Action (Ongoing _ Completed ref) - PART 2\\20220623_184228\\1656013938764.png]]

2022-06-23 21:52:19 - [TEST_STEP][PASSED] - else: null

2022-06-23 21:52:19 - [TEST_STEP][PASSED] - color1 = "white": null

2022-06-23 21:52:19 - [TEST_STEP][PASSED] - click(findTestObject("1. Constant/xpath", ["xpath":"//*[@id="source_" + refID8 + ""]/td[6]/a"])): Object: 'Object Repository/1. Constant/xpath' is clicked on

2022-06-23 21:52:22 - [MESSAGE][PASSED] - Object: 'Object Repository/1. Constant/xpath' is clicked on

2022-06-23 21:52:22 - [TEST_STEP][PASSED] - takeScreenshot(): Taking screenshot successfully

2022-06-23 21:52:23 - [MESSAGE][PASSED] - Taking screenshot successfully
[[ATTACHMENT|D:\\Projet Test Auto\\Mediabox Test Automation\\Reports\\20220623_184212\\03. Parallel Testing (Testing)\\TS -PT PART 3\\14.02 Dreyers Support Action (Ongoing _ Completed ref) - PART 2\\20220623_184228\\1656013943264.png]]

2022-06-23 21:52:23 - [TEST_STEP][PASSED] - delay(1): Delayed 1 second(s)

2022-06-23 21:52:24 - [MESSAGE][PASSED] - Delayed 1 second(s)

2022-06-23 21:52:24 - [TEST_STEP][PASSED] - I.Approveforothers("/html/body/div[1]/div[2]/div[8]/div[3]/div/div[3]/div[2]/div/div[3]/div/div[2]/div[1]/div/div[2]/div/div[2]/div[2]/div/div/div[1]/img", "/html/body/div[1]/div[2]/div[8]/div[3]/div/div[3]/div[2]/div/div[3]/div/div[2]/div[1]/div/div[2]/div/div[2]/div[2]/div/div/div[6]/a[2]/span"): Object: 'Object Repository/1. Constant/xpath' is clicked on

2022-06-23 21:52:26 - [MESSAGE][PASSED] - Object: 'Object Repository/1. Constant/xpath' is clicked on

2022-06-23 21:52:27 - [MESSAGE][PASSED] - Delayed 1 second(s)

2022-06-23 21:52:28 - [MESSAGE][PASSED] - Object: 'Object Repository/1. Constant/xpath' is clicked on

2022-06-23 21:52:29 - [MESSAGE][PASSED] - Delayed 1 second(s)

2022-06-23 21:52:30 - [MESSAGE][PASSED] - Object: 'Object Repository/1. Constant/xpath' is hovered

2022-06-23 21:52:31 - [MESSAGE][PASSED] - Object: 'Object Repository/1. Constant/xpath' is clicked on

2022-06-23 21:52:32 - [MESSAGE][PASSED] - Delayed 1 second(s)

2022-06-23 21:52:38 - [MESSAGE][PASSED] - Object: 'Object Repository/1. Constant/xpath' is clicked on

2022-06-23 21:52:38 - [TEST_STEP][PASSED] - click(findTestObject("1. Constant/xpath", ["xpath":"//*[@id="kt_subheader"]/div/nav/ol/li[2]/a"])): Object: 'Object Repository/1. Constant/xpath' is clicked on

2022-06-23 21:52:41 - [MESSAGE][PASSED] - Object: 'Object Repository/1. Constant/xpath' is clicked on

2022-06-23 21:52:41 - [TEST_STEP][PASSED] - delay(1): Delayed 1 second(s)

2022-06-23 21:52:42 - [MESSAGE][PASSED] - Delayed 1 second(s)

2022-06-23 21:52:42 - [TEST_STEP][PASSED] - click(findTestObject("1. Constant/xpath", ["xpath":"//*[@id="source_" + refID8 + ""]/td[6]/a"])): Object: 'Object Repository/1. Constant/xpath' is clicked on

2022-06-23 21:52:46 - [MESSAGE][PASSED] - Object: 'Object Repository/1. Constant/xpath' is clicked on

2022-06-23 21:52:46 - [TEST_STEP][PASSED] - delay(1): Delayed 1 second(s)

2022-06-23 21:52:47 - [MESSAGE][PASSED] - Delayed 1 second(s)

2022-06-23 21:52:47 - [TEST_STEP][PASSED] - click(findTestObject("1. Constant/xpath", ["xpath":"//*[@id="kt_content"]/div[3]/div/ul/li[3]/a"])): Object: 'Object Repository/1. Constant/xpath' is clicked on

2022-06-23 21:52:50 - [MESSAGE][PASSED] - Object: 'Object Repository/1. Constant/xpath' is clicked on

2022-06-23 21:52:50 - [TEST_STEP][PASSED] - takeScreenshot(): Taking screenshot successfully

2022-06-23 21:52:50 - [MESSAGE][PASSED] - Taking screenshot successfully
[[ATTACHMENT|D:\\Projet Test Auto\\Mediabox Test Automation\\Reports\\20220623_184212\\03. Parallel Testing (Testing)\\TS -PT PART 3\\14.02 Dreyers Support Action (Ongoing _ Completed ref) - PART 2\\20220623_184228\\1656013970270.png]]

2022-06-23 21:52:50 - [TEST_STEP][PASSED] - delay(1): Delayed 1 second(s)

2022-06-23 21:52:51 - [MESSAGE][PASSED] - Delayed 1 second(s)

2022-06-23 21:52:51 - [TEST_STEP][PASSED] - click(findTestObject("1. Constant/xpath", ["xpath":"/html/body/div[1]/div[2]/div[8]/div[3]/div/div[3]/div[3]/div/div/div[2]/div/div[3]/div/div[1]/div[2]/div/a[4]"])): Object: 'Object Repository/1. Constant/xpath' is clicked on

2022-06-23 21:52:53 - [MESSAGE][PASSED] - Object: 'Object Repository/1. Constant/xpath' is clicked on

2022-06-23 21:52:53 - [TEST_STEP][PASSED] - delay(1): Delayed 1 second(s)

2022-06-23 21:52:54 - [MESSAGE][PASSED] - Delayed 1 second(s)

2022-06-23 21:52:54 - [TEST_STEP][PASSED] - takeScreenshot(): Taking screenshot successfully

2022-06-23 21:52:55 - [MESSAGE][PASSED] - Taking screenshot successfully
[[ATTACHMENT|D:\\Projet Test Auto\\Mediabox Test Automation\\Reports\\20220623_184212\\03. Parallel Testing (Testing)\\TS -PT PART 3\\14.02 Dreyers Support Action (Ongoing _ Completed ref) - PART 2\\20220623_184228\\1656013974350.png]]

2022-06-23 21:52:55 - [TEST_STEP][PASSED] - delay(1): Delayed 1 second(s)

2022-06-23 21:52:56 - [MESSAGE][PASSED] - Delayed 1 second(s)

2022-06-23 21:52:56 - [TEST_STEP][PASSED] - click(findTestObject("1. Constant/xpath", ["xpath":"//*[@id="confirmSupportActionShortcut"]"])): Object: 'Object Repository/1. Constant/xpath' is clicked on

2022-06-23 21:53:02 - [MESSAGE][PASSED] - Object: 'Object Repository/1. Constant/xpath' is clicked on

2022-06-23 21:53:02 - [TEST_STEP][PASSED] - click(findTestObject("1. Constant/xpath", ["xpath":"//*[@id="kt_content"]/div[3]/div/ul/li[3]/a"])): Object: 'Object Repository/1. Constant/xpath' is clicked on

2022-06-23 21:53:04 - [MESSAGE][PASSED] - Object: 'Object Repository/1. Constant/xpath' is clicked on

2022-06-23 21:53:04 - [TEST_STEP][PASSED] - takeScreenshot(): Taking screenshot successfully

2022-06-23 21:53:05 - [MESSAGE][PASSED] - Taking screenshot successfully
[[ATTACHMENT|D:\\Projet Test Auto\\Mediabox Test Automation\\Reports\\20220623_184212\\03. Parallel Testing (Testing)\\TS -PT PART 3\\14.02 Dreyers Support Action (Ongoing _ Completed ref) - PART 2\\20220623_184228\\1656013984921.png]]

2022-06-23 21:53:05 - [TEST_STEP][PASSED] - StepA_1 = getAttribute(findTestObject("1. Constant/xpath", ["xpath":"/html/body/div[1]/div[2]/div[8]/div[3]/div/div[3]/div[3]/div/ul/li[1]/a"]), "class"): Attribute 'class' of object 'Object Repository/1. Constant/xpath' is: 'nav-link timeline-badge badge-xl  bg-complete '

2022-06-23 21:53:05 - [MESSAGE][PASSED] - Attribute 'class' of object 'Object Repository/1. Constant/xpath' is: 'nav-link timeline-badge badge-xl  bg-complete '

2022-06-23 21:53:05 - [TEST_STEP][PASSED] - verifyMatch(StepA_1, "nav-link timeline-badge badge-xl  bg-complete ", false): Actual text 'nav-link timeline-badge badge-xl  bg-complete ' and expected text 'nav-link timeline-badge badge-xl  bg-complete ' are matched 

2022-06-23 21:53:05 - [MESSAGE][PASSED] - Actual text 'nav-link timeline-badge badge-xl  bg-complete ' and expected text 'nav-link timeline-badge badge-xl  bg-complete ' are matched 

2022-06-23 21:53:05 - [TEST_STEP][PASSED] - StepA_11 = I.Get_Stepname("/html/body/div[1]/div[2]/div[8]/div[3]/div/div[3]/div[3]/div/ul/li[1]/a"): Attribute 'href' of object 'Object Repository/1. Constant/xpath' is: 'http://mdb-release.diadeis.lan/MediaboxIndependence/Base/ExecAction?action=VoirRef&IDSession=MBI!RELTESTAUTO_DREYERS!T6VZZHJETDPIP2TX6DAWRY9AQT4Q6QTP55JOQ42T&num=4O4UJ9GU16&id_ref=5321#tab_lifecycle_SASStepA_12326'

2022-06-23 21:53:10 - [MESSAGE][PASSED] - Delayed 5 second(s)

2022-06-23 21:53:11 - [MESSAGE][PASSED] - Attribute 'href' of object 'Object Repository/1. Constant/xpath' is: 'http://mdb-release.diadeis.lan/MediaboxIndependence/Base/ExecAction?action=VoirRef&IDSession=MBI!RELTESTAUTO_DREYERS!T6VZZHJETDPIP2TX6DAWRY9AQT4Q6QTP55JOQ42T&num=4O4UJ9GU16&id_ref=5321#tab_lifecycle_SASStepA_12326'

2022-06-23 21:53:11 - [TEST_STEP][PASSED] - verifyMatch(StepA_11, "SASStepA", false): Actual text 'SASStepA' and expected text 'SASStepA' are matched 

2022-06-23 21:53:11 - [MESSAGE][PASSED] - Actual text 'SASStepA' and expected text 'SASStepA' are matched 

2022-06-23 21:53:11 - [TEST_STEP][PASSED] - StepB_2 = getAttribute(findTestObject("1. Constant/xpath", ["xpath":"/html/body/div[1]/div[2]/div[8]/div[3]/div/div[3]/div[3]/div/ul/li[2]/a"]), "class"): Attribute 'class' of object 'Object Repository/1. Constant/xpath' is: 'nav-link timeline-badge badge-xl  bg-complete '

2022-06-23 21:53:12 - [MESSAGE][PASSED] - Attribute 'class' of object 'Object Repository/1. Constant/xpath' is: 'nav-link timeline-badge badge-xl  bg-complete '

2022-06-23 21:53:12 - [TEST_STEP][PASSED] - verifyMatch(StepB_2, "nav-link timeline-badge badge-xl  bg-complete ", false): Actual text 'nav-link timeline-badge badge-xl  bg-complete ' and expected text 'nav-link timeline-badge badge-xl  bg-complete ' are matched 

2022-06-23 21:53:12 - [MESSAGE][PASSED] - Actual text 'nav-link timeline-badge badge-xl  bg-complete ' and expected text 'nav-link timeline-badge badge-xl  bg-complete ' are matched 

2022-06-23 21:53:12 - [TEST_STEP][PASSED] - StepB_22 = I.Get_Stepname("/html/body/div[1]/div[2]/div[8]/div[3]/div/div[3]/div[3]/div/ul/li[2]/a"): Attribute 'href' of object 'Object Repository/1. Constant/xpath' is: 'http://mdb-release.diadeis.lan/MediaboxIndependence/Base/ExecAction?action=VoirRef&IDSession=MBI!RELTESTAUTO_DREYERS!T6VZZHJETDPIP2TX6DAWRY9AQT4Q6QTP55JOQ42T&num=4O4UJ9GU16&id_ref=5321#tab_lifecycle_SASStepB_12327'

2022-06-23 21:53:17 - [MESSAGE][PASSED] - Delayed 5 second(s)

2022-06-23 21:53:18 - [MESSAGE][PASSED] - Attribute 'href' of object 'Object Repository/1. Constant/xpath' is: 'http://mdb-release.diadeis.lan/MediaboxIndependence/Base/ExecAction?action=VoirRef&IDSession=MBI!RELTESTAUTO_DREYERS!T6VZZHJETDPIP2TX6DAWRY9AQT4Q6QTP55JOQ42T&num=4O4UJ9GU16&id_ref=5321#tab_lifecycle_SASStepB_12327'

2022-06-23 21:53:18 - [TEST_STEP][PASSED] - verifyMatch(StepB_22, "SASStepB", false): Actual text 'SASStepB' and expected text 'SASStepB' are matched 

2022-06-23 21:53:18 - [MESSAGE][PASSED] - Actual text 'SASStepB' and expected text 'SASStepB' are matched 

2022-06-23 21:53:18 - [TEST_STEP][PASSED] - StepA_2 = getAttribute(findTestObject("1. Constant/xpath", ["xpath":"/html/body/div[1]/div[2]/div[8]/div[3]/div/div[3]/div[3]/div/ul/li[3]/a"]), "class"): Attribute 'class' of object 'Object Repository/1. Constant/xpath' is: 'nav-link timeline-badge badge-xl  bg-pending active'

2022-06-23 21:53:20 - [MESSAGE][PASSED] - Attribute 'class' of object 'Object Repository/1. Constant/xpath' is: 'nav-link timeline-badge badge-xl  bg-pending active'

2022-06-23 21:53:20 - [TEST_STEP][PASSED] - verifyMatch(StepA_2, "nav-link timeline-badge badge-xl  bg-pending active", false): Actual text 'nav-link timeline-badge badge-xl  bg-pending active' and expected text 'nav-link timeline-badge badge-xl  bg-pending active' are matched 

2022-06-23 21:53:20 - [MESSAGE][PASSED] - Actual text 'nav-link timeline-badge badge-xl  bg-pending active' and expected text 'nav-link timeline-badge badge-xl  bg-pending active' are matched 

2022-06-23 21:53:20 - [TEST_STEP][PASSED] - StepA_22 = I.Get_Stepname("/html/body/div[1]/div[2]/div[8]/div[3]/div/div[3]/div[3]/div/ul/li[3]/a"): Attribute 'href' of object 'Object Repository/1. Constant/xpath' is: 'http://mdb-release.diadeis.lan/MediaboxIndependence/Base/ExecAction?action=VoirRef&IDSession=MBI!RELTESTAUTO_DREYERS!T6VZZHJETDPIP2TX6DAWRY9AQT4Q6QTP55JOQ42T&num=4O4UJ9GU16&id_ref=5321#tab_lifecycle_SASStepA_12332'

2022-06-23 21:53:25 - [MESSAGE][PASSED] - Delayed 5 second(s)

2022-06-23 21:53:26 - [MESSAGE][PASSED] - Attribute 'href' of object 'Object Repository/1. Constant/xpath' is: 'http://mdb-release.diadeis.lan/MediaboxIndependence/Base/ExecAction?action=VoirRef&IDSession=MBI!RELTESTAUTO_DREYERS!T6VZZHJETDPIP2TX6DAWRY9AQT4Q6QTP55JOQ42T&num=4O4UJ9GU16&id_ref=5321#tab_lifecycle_SASStepA_12332'

2022-06-23 21:53:26 - [TEST_STEP][PASSED] - verifyMatch(StepA_22, "SASStepA", false): Actual text 'SASStepA' and expected text 'SASStepA' are matched 

2022-06-23 21:53:26 - [MESSAGE][PASSED] - Actual text 'SASStepA' and expected text 'SASStepA' are matched 

2022-06-23 21:53:26 - [TEST_STEP][PASSED] - Name_StepAP1_3 = getText(findTestObject("1. Constant/xpath", ["xpath":"/html/body/div[1]/div[2]/div[8]/div[3]/div/div[3]/div[3]/div/div/div[3]/div/div[1]/div/div[1]/div[1]/h3"])): Text of object 'Object Repository/1. Constant/xpath' is: 'Phase 1.1 [Standard]'

2022-06-23 21:53:27 - [MESSAGE][PASSED] - Text of object 'Object Repository/1. Constant/xpath' is: 'Phase 1.1 [Standard]'

2022-06-23 21:53:27 - [TEST_STEP][PASSED] - verifyMatch(Name_StepAP1_3, "Phase 1.1 [Standard]", false): Actual text 'Phase 1.1 [Standard]' and expected text 'Phase 1.1 [Standard]' are matched 

2022-06-23 21:53:27 - [MESSAGE][PASSED] - Actual text 'Phase 1.1 [Standard]' and expected text 'Phase 1.1 [Standard]' are matched 

2022-06-23 21:53:27 - [TEST_STEP][PASSED] - ST_StepAP1_3 = getText(findTestObject("1. Constant/xpath", ["xpath":"/html/body/div[1]/div[2]/div[8]/div[3]/div/div[3]/div[3]/div/div/div[3]/div/div[1]/div/div[2]/div[1]"])): Text of object 'Object Repository/1. Constant/xpath' is: 'Started 06/23/22 03:52 PM'

2022-06-23 21:53:28 - [MESSAGE][PASSED] - Text of object 'Object Repository/1. Constant/xpath' is: 'Started 06/23/22 03:52 PM'

2022-06-23 21:53:28 - [TEST_STEP][PASSED] - if (ST_StepAP1_3.contains("Started")): Actual object '1' and expected object '1' are equal

2022-06-23 21:53:28 - [TEST_STEP][PASSED] - verifyEqual(1, 1): Actual object '1' and expected object '1' are equal

2022-06-23 21:53:28 - [MESSAGE][PASSED] - Actual object '1' and expected object '1' are equal

2022-06-23 21:53:28 - [TEST_STEP][PASSED] - added_StepAP1_3 = getText(findTestObject("1. Constant/xpath", ["xpath":"/html/body/div[1]/div[2]/div[8]/div[3]/div/div[3]/div[3]/div/div/div[3]/div/div[1]/div/div[2]/h6"])): Text of object 'Object Repository/1. Constant/xpath' is: 'Added manually 06/23/22 03:52 PM By s user'

2022-06-23 21:53:29 - [MESSAGE][PASSED] - Text of object 'Object Repository/1. Constant/xpath' is: 'Added manually 06/23/22 03:52 PM By s user'

2022-06-23 21:53:29 - [TEST_STEP][PASSED] - if (added_StepAP1_3.contains("Added manually")): Actual object '1' and expected object '1' are equal

2022-06-23 21:53:29 - [TEST_STEP][PASSED] - verifyEqual(1, 1): Actual object '1' and expected object '1' are equal

2022-06-23 21:53:29 - [MESSAGE][PASSED] - Actual object '1' and expected object '1' are equal

2022-06-23 21:53:29 - [TEST_STEP][PASSED] - Name_StepAP2_3 = getText(findTestObject("1. Constant/xpath", ["xpath":"/html/body/div[1]/div[2]/div[8]/div[3]/div/div[3]/div[3]/div/div/div[3]/div/div[2]/div/div[1]/div[1]/h3"])): Text of object 'Object Repository/1. Constant/xpath' is: 'Phase 1.2 [Standard Phase]'

2022-06-23 21:53:29 - [MESSAGE][PASSED] - Text of object 'Object Repository/1. Constant/xpath' is: 'Phase 1.2 [Standard Phase]'

2022-06-23 21:53:29 - [TEST_STEP][PASSED] - verifyMatch(Name_StepAP2_3, "Phase 1.2 [Standard Phase]", false): Actual text 'Phase 1.2 [Standard Phase]' and expected text 'Phase 1.2 [Standard Phase]' are matched 

2022-06-23 21:53:29 - [MESSAGE][PASSED] - Actual text 'Phase 1.2 [Standard Phase]' and expected text 'Phase 1.2 [Standard Phase]' are matched 

2022-06-23 21:53:29 - [TEST_STEP][PASSED] - StepB_4 = getAttribute(findTestObject("1. Constant/xpath", ["xpath":"/html/body/div[1]/div[2]/div[8]/div[3]/div/div[3]/div[3]/div/ul/li[4]/a"]), "class"): Attribute 'class' of object 'Object Repository/1. Constant/xpath' is: 'nav-link timeline-badge badge-xl  bg-waiting '

2022-06-23 21:53:30 - [MESSAGE][PASSED] - Attribute 'class' of object 'Object Repository/1. Constant/xpath' is: 'nav-link timeline-badge badge-xl  bg-waiting '

2022-06-23 21:53:30 - [TEST_STEP][PASSED] - verifyMatch(StepB_4, "nav-link timeline-badge badge-xl  bg-waiting ", false): Actual text 'nav-link timeline-badge badge-xl  bg-waiting ' and expected text 'nav-link timeline-badge badge-xl  bg-waiting ' are matched 

2022-06-23 21:53:30 - [MESSAGE][PASSED] - Actual text 'nav-link timeline-badge badge-xl  bg-waiting ' and expected text 'nav-link timeline-badge badge-xl  bg-waiting ' are matched 

2022-06-23 21:53:30 - [TEST_STEP][PASSED] - StepB_44 = I.Get_Stepname("/html/body/div[1]/div[2]/div[8]/div[3]/div/div[3]/div[3]/div/ul/li[4]/a"): Attribute 'href' of object 'Object Repository/1. Constant/xpath' is: 'http://mdb-release.diadeis.lan/MediaboxIndependence/Base/ExecAction?action=VoirRef&IDSession=MBI!RELTESTAUTO_DREYERS!T6VZZHJETDPIP2TX6DAWRY9AQT4Q6QTP55JOQ42T&num=4O4UJ9GU16&id_ref=5321#tab_lifecycle_SASStepB_12333'

2022-06-23 21:53:35 - [MESSAGE][PASSED] - Delayed 5 second(s)

2022-06-23 21:53:36 - [MESSAGE][PASSED] - Attribute 'href' of object 'Object Repository/1. Constant/xpath' is: 'http://mdb-release.diadeis.lan/MediaboxIndependence/Base/ExecAction?action=VoirRef&IDSession=MBI!RELTESTAUTO_DREYERS!T6VZZHJETDPIP2TX6DAWRY9AQT4Q6QTP55JOQ42T&num=4O4UJ9GU16&id_ref=5321#tab_lifecycle_SASStepB_12333'

2022-06-23 21:53:36 - [TEST_STEP][PASSED] - verifyMatch(StepB_44, "SASStepB", false): Actual text 'SASStepB' and expected text 'SASStepB' are matched 

2022-06-23 21:53:36 - [MESSAGE][PASSED] - Actual text 'SASStepB' and expected text 'SASStepB' are matched 

2022-06-23 21:53:36 - [TEST_STEP][PASSED] - I.Logout(): Delayed 3 second(s)

2022-06-23 21:53:39 - [MESSAGE][PASSED] - Delayed 3 second(s)

2022-06-23 21:53:41 - [MESSAGE][PASSED] - Object: 'Object Repository/1. Constant/xpath' is clicked on

2022-06-23 21:53:44 - [MESSAGE][PASSED] - Delayed 3 second(s)

2022-06-23 21:53:51 - [MESSAGE][PASSED] - Object: 'Object Repository/1. Constant/xpath' is clicked on

2022-06-23 21:53:54 - [MESSAGE][PASSED] - Delayed 3 second(s)

2022-06-23 21:53:54 - [TEST_STEP][PASSED] - I.Login_password("nturner", password_nturner): Object: 'Object Repository/1. Constant/xpath' is clicked on

2022-06-23 21:53:58 - [MESSAGE][PASSED] - Text 'nturner' is set on object 'Object Repository/1. Constant/xpath'

2022-06-23 21:53:59 - [MESSAGE][PASSED] - Delayed 1 second(s)

2022-06-23 21:54:01 - [MESSAGE][PASSED] - Text 'diadeis1' is set on object 'Object Repository/1. Constant/xpath'

2022-06-23 21:54:02 - [MESSAGE][PASSED] - Delayed 1 second(s)

2022-06-23 21:54:11 - [MESSAGE][PASSED] - Object: 'Object Repository/1. Constant/xpath' is clicked on

2022-06-23 21:54:11 - [TEST_STEP][PASSED] - click(findTestObject("1. Constant/02_LHSMenu_Projects")): Object: 'Object Repository/1. Constant/02_LHSMenu_Projects' is clicked on

2022-06-23 21:54:16 - [MESSAGE][PASSED] - Object: 'Object Repository/1. Constant/02_LHSMenu_Projects' is clicked on

2022-06-23 21:54:16 - [TEST_STEP][PASSED] - I.SearchProjectNo_xpath(Project_No, "//*[@id="keynum_project"]", "//*[@id="form_filters"]/div[4]/button"): Delayed 5 second(s)

2022-06-23 21:54:17 - [MESSAGE][PASSED] - Delayed 1 second(s)

2022-06-23 21:54:20 - [MESSAGE][PASSED] - Text 'MI000883' is set on object 'Object Repository/1. Constant/xpath'

2022-06-23 21:54:23 - [MESSAGE][PASSED] - Delayed 3 second(s)

2022-06-23 21:54:24 - [MESSAGE][PASSED] - Scroll to object 'Object Repository/1. Constant/xpath' successfully

2022-06-23 21:54:28 - [MESSAGE][PASSED] - Object: 'Object Repository/1. Constant/xpath' is clicked on

2022-06-23 21:54:33 - [MESSAGE][PASSED] - Delayed 5 second(s)

2022-06-23 21:54:33 - [TEST_STEP][PASSED] - takeScreenshot(): Taking screenshot successfully

2022-06-23 21:54:35 - [MESSAGE][PASSED] - Taking screenshot successfully
[[ATTACHMENT|D:\\Projet Test Auto\\Mediabox Test Automation\\Reports\\20220623_184212\\03. Parallel Testing (Testing)\\TS -PT PART 3\\14.02 Dreyers Support Action (Ongoing _ Completed ref) - PART 2\\20220623_184228\\1656014074568.png]]

2022-06-23 21:54:35 - [TEST_STEP][PASSED] - I.SearchRefNo_xpath("P8_Auto", "//*[@id="fiche_filter_keywords11"]", "//*[@id="form_filters"]/div[3]/button"): Delayed 5 second(s)

2022-06-23 21:54:36 - [MESSAGE][PASSED] - Delayed 1 second(s)

2022-06-23 21:54:38 - [MESSAGE][PASSED] - Text 'P8_Auto' is set on object 'Object Repository/1. Constant/xpath'

2022-06-23 21:54:41 - [MESSAGE][PASSED] - Delayed 3 second(s)

2022-06-23 21:54:42 - [MESSAGE][PASSED] - Scroll to object 'Object Repository/1. Constant/xpath' successfully

2022-06-23 21:54:46 - [MESSAGE][PASSED] - Object: 'Object Repository/1. Constant/xpath' is clicked on

2022-06-23 21:54:51 - [MESSAGE][PASSED] - Delayed 5 second(s)

2022-06-23 21:54:51 - [TEST_STEP][PASSED] - delay(1): Delayed 1 second(s)

2022-06-23 21:54:52 - [MESSAGE][PASSED] - Delayed 1 second(s)

2022-06-23 21:54:52 - [TEST_STEP][PASSED] - Lifecycle_Status2 = getText(findTestObject("1. Constant/xpath", ["xpath":"//*[@id="source_" + refID8 + ""]/td[12]/span[1]"])): Text of object 'Object Repository/1. Constant/xpath' is: 'Phase 1.1 [Standard]'

2022-06-23 21:54:53 - [MESSAGE][PASSED] - Text of object 'Object Repository/1. Constant/xpath' is: 'Phase 1.1 [Standard]'

2022-06-23 21:54:53 - [TEST_STEP][PASSED] - verifyMatch(Lifecycle_Status2, "Phase 1.1 [Standard]", false): Actual text 'Phase 1.1 [Standard]' and expected text 'Phase 1.1 [Standard]' are matched 

2022-06-23 21:54:53 - [MESSAGE][PASSED] - Actual text 'Phase 1.1 [Standard]' and expected text 'Phase 1.1 [Standard]' are matched 

2022-06-23 21:54:53 - [TEST_STEP][PASSED] - click(findTestObject("1. Constant/xpath", ["xpath":"//*[@id="source_" + refID8 + ""]/td[13]/a[2]"])): Object: 'Object Repository/1. Constant/xpath' is clicked on

2022-06-23 21:54:57 - [MESSAGE][PASSED] - Object: 'Object Repository/1. Constant/xpath' is clicked on

2022-06-23 21:54:57 - [TEST_STEP][PASSED] - click(findTestObject("1. Constant/xpath", ["xpath":"//*[@id="ModifFiche"]/div[1]/div/button[2]"])): Object: 'Object Repository/1. Constant/xpath' is clicked on

2022-06-23 21:55:03 - [MESSAGE][PASSED] - Object: 'Object Repository/1. Constant/xpath' is clicked on

2022-06-23 21:55:03 - [TEST_STEP][PASSED] - closeBrowser(): Browser is closed

2022-06-23 21:55:09 - [MESSAGE][PASSED] - Browser is closed

2022-06-23 21:55:09 - [TEST_STEP][PASSED] - Start listener action : sampleAfterTestCase: null]]></system-out>
         <system-err><![CDATA[]]></system-err>
      </testcase>
      <system-out><![CDATA[2022-06-23 21:11:03 - [TEST_SUITE][PASSED] - 14.02 Dreyers Support Action (Ongoing _ Completed ref) - PART 2: Test Cases/19. Dreyers Support Action (Ongoing ref_completed)/19.08 Dreyers SAS Add Step Group (Ongoing ref) S13 - P8]]></system-out>
      <system-err><![CDATA[]]></system-err>
   </testsuite>
</testsuites>
