<?xml version="1.0" encoding="UTF-8"?>
<testsuites name="14.05 Dreyers Support Action (Ongoing _ Completed ref) - PART 5" time="2152.978" tests="6" failures="0" errors="0">
   <testsuite name="14.05 Dreyers Support Action (Ongoing _ Completed ref) - PART 5" tests="6" failures="0" errors="0" time="2152.978" skipped="0" timestamp="2022-06-23 23:36:13" hostname="lamhe - DPF-MBI-VERIF.ad.sgsco.int" id="Test Suites/03. Parallel Testing (Testing)/TS -PT PART 3/14.05 Dreyers Support Action (Ongoing _ Completed ref) - PART 5">
      <properties>
         <property name="deviceName" value=""/>
         <property name="devicePlatform" value=""/>
         <property name="logFolder" value="D:\\Projet Test Auto\\Mediabox Test Automation\\Reports\\20220623_184212\\03. Parallel Testing (Testing)\\TS -PT PART 3\\14.05 Dreyers Support Action (Ongoing _ Completed ref) - PART 5\\20220623_184240"/>
         <property name="logFiles" value="D:\\Projet Test Auto\\Mediabox Test Automation\\Reports\\20220623_184212\\03. Parallel Testing (Testing)\\TS -PT PART 3\\14.05 Dreyers Support Action (Ongoing _ Completed ref) - PART 5\\20220623_184240\\execution0.log"/>
         <property name="attachments" value="D:\\Projet Test Auto\\Mediabox Test Automation\\Reports\\20220623_184212\\03. Parallel Testing (Testing)\\TS -PT PART 3\\14.05 Dreyers Support Action (Ongoing _ Completed ref) - PART 5\\20220623_184240\\1656020248233.png, D:\\Projet Test Auto\\Mediabox Test Automation\\Reports\\20220623_184212\\03. Parallel Testing (Testing)\\TS -PT PART 3\\14.05 Dreyers Support Action (Ongoing _ Completed ref) - PART 5\\20220623_184240\\1656020259970.png, D:\\Projet Test Auto\\Mediabox Test Automation\\Reports\\20220623_184212\\03. Parallel Testing (Testing)\\TS -PT PART 3\\14.05 Dreyers Support Action (Ongoing _ Completed ref) - PART 5\\20220623_184240\\1656020266797.png, D:\\Projet Test Auto\\Mediabox Test Automation\\Reports\\20220623_184212\\03. Parallel Testing (Testing)\\TS -PT PART 3\\14.05 Dreyers Support Action (Ongoing _ Completed ref) - PART 5\\20220623_184240\\1656020281551.png, D:\\Projet Test Auto\\Mediabox Test Automation\\Reports\\20220623_184212\\03. Parallel Testing (Testing)\\TS -PT PART 3\\14.05 Dreyers Support Action (Ongoing _ Completed ref) - PART 5\\20220623_184240\\1656020308472.png, D:\\Projet Test Auto\\Mediabox Test Automation\\Reports\\20220623_184212\\03. Parallel Testing (Testing)\\TS -PT PART 3\\14.05 Dreyers Support Action (Ongoing _ Completed ref) - PART 5\\20220623_184240\\1656020316613.png, D:\\Projet Test Auto\\Mediabox Test Automation\\Reports\\20220623_184212\\03. Parallel Testing (Testing)\\TS -PT PART 3\\14.05 Dreyers Support Action (Ongoing _ Completed ref) - PART 5\\20220623_184240\\1656020346033.png, D:\\Projet Test Auto\\Mediabox Test Automation\\Reports\\20220623_184212\\03. Parallel Testing (Testing)\\TS -PT PART 3\\14.05 Dreyers Support Action (Ongoing _ Completed ref) - PART 5\\20220623_184240\\1656020373678.png, D:\\Projet Test Auto\\Mediabox Test Automation\\Reports\\20220623_184212\\03. Parallel Testing (Testing)\\TS -PT PART 3\\14.05 Dreyers Support Action (Ongoing _ Completed ref) - PART 5\\20220623_184240\\1656020380446.png, D:\\Projet Test Auto\\Mediabox Test Automation\\Reports\\20220623_184212\\03. Parallel Testing (Testing)\\TS -PT PART 3\\14.05 Dreyers Support Action (Ongoing _ Completed ref) - PART 5\\20220623_184240\\1656020423415.png, D:\\Projet Test Auto\\Mediabox Test Automation\\Reports\\20220623_184212\\03. Parallel Testing (Testing)\\TS -PT PART 3\\14.05 Dreyers Support Action (Ongoing _ Completed ref) - PART 5\\20220623_184240\\1656020437477.png, D:\\Projet Test Auto\\Mediabox Test Automation\\Reports\\20220623_184212\\03. Parallel Testing (Testing)\\TS -PT PART 3\\14.05 Dreyers Support Action (Ongoing _ Completed ref) - PART 5\\20220623_184240\\1656020447195.png, D:\\Projet Test Auto\\Mediabox Test Automation\\Reports\\20220623_184212\\03. Parallel Testing (Testing)\\TS -PT PART 3\\14.05 Dreyers Support Action (Ongoing _ Completed ref) - PART 5\\20220623_184240\\1656020462150.png, D:\\Projet Test Auto\\Mediabox Test Automation\\Reports\\20220623_184212\\03. Parallel Testing (Testing)\\TS -PT PART 3\\14.05 Dreyers Support Action (Ongoing _ Completed ref) - PART 5\\20220623_184240\\1656020463743.png, D:\\Projet Test Auto\\Mediabox Test Automation\\Reports\\20220623_184212\\03. Parallel Testing (Testing)\\TS -PT PART 3\\14.05 Dreyers Support Action (Ongoing _ Completed ref) - PART 5\\20220623_184240\\1656020469682.png, D:\\Projet Test Auto\\Mediabox Test Automation\\Reports\\20220623_184212\\03. Parallel Testing (Testing)\\TS -PT PART 3\\14.05 Dreyers Support Action (Ongoing _ Completed ref) - PART 5\\20220623_184240\\1656020473864.png, D:\\Projet Test Auto\\Mediabox Test Automation\\Reports\\20220623_184212\\03. Parallel Testing (Testing)\\TS -PT PART 3\\14.05 Dreyers Support Action (Ongoing _ Completed ref) - PART 5\\20220623_184240\\1656020556114.png, D:\\Projet Test Auto\\Mediabox Test Automation\\Reports\\20220623_184212\\03. Parallel Testing (Testing)\\TS -PT PART 3\\14.05 Dreyers Support Action (Ongoing _ Completed ref) - PART 5\\20220623_184240\\1656020629832.png, D:\\Projet Test Auto\\Mediabox Test Automation\\Reports\\20220623_184212\\03. Parallel Testing (Testing)\\TS -PT PART 3\\14.05 Dreyers Support Action (Ongoing _ Completed ref) - PART 5\\20220623_184240\\1656020702342.png, D:\\Projet Test Auto\\Mediabox Test Automation\\Reports\\20220623_184212\\03. Parallel Testing (Testing)\\TS -PT PART 3\\14.05 Dreyers Support Action (Ongoing _ Completed ref) - PART 5\\20220623_184240\\1656020717287.png, D:\\Projet Test Auto\\Mediabox Test Automation\\Reports\\20220623_184212\\03. Parallel Testing (Testing)\\TS -PT PART 3\\14.05 Dreyers Support Action (Ongoing _ Completed ref) - PART 5\\20220623_184240\\1656020723237.png, D:\\Projet Test Auto\\Mediabox Test Automation\\Reports\\20220623_184212\\03. Parallel Testing (Testing)\\TS -PT PART 3\\14.05 Dreyers Support Action (Ongoing _ Completed ref) - PART 5\\20220623_184240\\1656020734182.png, D:\\Projet Test Auto\\Mediabox Test Automation\\Reports\\20220623_184212\\03. Parallel Testing (Testing)\\TS -PT PART 3\\14.05 Dreyers Support Action (Ongoing _ Completed ref) - PART 5\\20220623_184240\\1656020758499.png, D:\\Projet Test Auto\\Mediabox Test Automation\\Reports\\20220623_184212\\03. Parallel Testing (Testing)\\TS -PT PART 3\\14.05 Dreyers Support Action (Ongoing _ Completed ref) - PART 5\\20220623_184240\\1656020769314.png, D:\\Projet Test Auto\\Mediabox Test Automation\\Reports\\20220623_184212\\03. Parallel Testing (Testing)\\TS -PT PART 3\\14.05 Dreyers Support Action (Ongoing _ Completed ref) - PART 5\\20220623_184240\\1656020797415.png, D:\\Projet Test Auto\\Mediabox Test Automation\\Reports\\20220623_184212\\03. Parallel Testing (Testing)\\TS -PT PART 3\\14.05 Dreyers Support Action (Ongoing _ Completed ref) - PART 5\\20220623_184240\\1656020817108.png, D:\\Projet Test Auto\\Mediabox Test Automation\\Reports\\20220623_184212\\03. Parallel Testing (Testing)\\TS -PT PART 3\\14.05 Dreyers Support Action (Ongoing _ Completed ref) - PART 5\\20220623_184240\\1656020827182.png, D:\\Projet Test Auto\\Mediabox Test Automation\\Reports\\20220623_184212\\03. Parallel Testing (Testing)\\TS -PT PART 3\\14.05 Dreyers Support Action (Ongoing _ Completed ref) - PART 5\\20220623_184240\\1656020864967.png, D:\\Projet Test Auto\\Mediabox Test Automation\\Reports\\20220623_184212\\03. Parallel Testing (Testing)\\TS -PT PART 3\\14.05 Dreyers Support Action (Ongoing _ Completed ref) - PART 5\\20220623_184240\\1656020880826.png, D:\\Projet Test Auto\\Mediabox Test Automation\\Reports\\20220623_184212\\03. Parallel Testing (Testing)\\TS -PT PART 3\\14.05 Dreyers Support Action (Ongoing _ Completed ref) - PART 5\\20220623_184240\\1656020891250.png, D:\\Projet Test Auto\\Mediabox Test Automation\\Reports\\20220623_184212\\03. Parallel Testing (Testing)\\TS -PT PART 3\\14.05 Dreyers Support Action (Ongoing _ Completed ref) - PART 5\\20220623_184240\\1656020929380.png, D:\\Projet Test Auto\\Mediabox Test Automation\\Reports\\20220623_184212\\03. Parallel Testing (Testing)\\TS -PT PART 3\\14.05 Dreyers Support Action (Ongoing _ Completed ref) - PART 5\\20220623_184240\\1656020953593.png, D:\\Projet Test Auto\\Mediabox Test Automation\\Reports\\20220623_184212\\03. Parallel Testing (Testing)\\TS -PT PART 3\\14.05 Dreyers Support Action (Ongoing _ Completed ref) - PART 5\\20220623_184240\\1656021005626.png, D:\\Projet Test Auto\\Mediabox Test Automation\\Reports\\20220623_184212\\03. Parallel Testing (Testing)\\TS -PT PART 3\\14.05 Dreyers Support Action (Ongoing _ Completed ref) - PART 5\\20220623_184240\\1656021007924.png, D:\\Projet Test Auto\\Mediabox Test Automation\\Reports\\20220623_184212\\03. Parallel Testing (Testing)\\TS -PT PART 3\\14.05 Dreyers Support Action (Ongoing _ Completed ref) - PART 5\\20220623_184240\\1656021014923.png, D:\\Projet Test Auto\\Mediabox Test Automation\\Reports\\20220623_184212\\03. Parallel Testing (Testing)\\TS -PT PART 3\\14.05 Dreyers Support Action (Ongoing _ Completed ref) - PART 5\\20220623_184240\\1656021019840.png, D:\\Projet Test Auto\\Mediabox Test Automation\\Reports\\20220623_184212\\03. Parallel Testing (Testing)\\TS -PT PART 3\\14.05 Dreyers Support Action (Ongoing _ Completed ref) - PART 5\\20220623_184240\\1656021097998.png, D:\\Projet Test Auto\\Mediabox Test Automation\\Reports\\20220623_184212\\03. Parallel Testing (Testing)\\TS -PT PART 3\\14.05 Dreyers Support Action (Ongoing _ Completed ref) - PART 5\\20220623_184240\\1656021109984.png, D:\\Projet Test Auto\\Mediabox Test Automation\\Reports\\20220623_184212\\03. Parallel Testing (Testing)\\TS -PT PART 3\\14.05 Dreyers Support Action (Ongoing _ Completed ref) - PART 5\\20220623_184240\\1656021180114.png, D:\\Projet Test Auto\\Mediabox Test Automation\\Reports\\20220623_184212\\03. Parallel Testing (Testing)\\TS -PT PART 3\\14.05 Dreyers Support Action (Ongoing _ Completed ref) - PART 5\\20220623_184240\\1656021192087.png, D:\\Projet Test Auto\\Mediabox Test Automation\\Reports\\20220623_184212\\03. Parallel Testing (Testing)\\TS -PT PART 3\\14.05 Dreyers Support Action (Ongoing _ Completed ref) - PART 5\\20220623_184240\\1656021251734.png, D:\\Projet Test Auto\\Mediabox Test Automation\\Reports\\20220623_184212\\03. Parallel Testing (Testing)\\TS -PT PART 3\\14.05 Dreyers Support Action (Ongoing _ Completed ref) - PART 5\\20220623_184240\\1656021259926.png, D:\\Projet Test Auto\\Mediabox Test Automation\\Reports\\20220623_184212\\03. Parallel Testing (Testing)\\TS -PT PART 3\\14.05 Dreyers Support Action (Ongoing _ Completed ref) - PART 5\\20220623_184240\\1656021317628.png, D:\\Projet Test Auto\\Mediabox Test Automation\\Reports\\20220623_184212\\03. Parallel Testing (Testing)\\TS -PT PART 3\\14.05 Dreyers Support Action (Ongoing _ Completed ref) - PART 5\\20220623_184240\\1656021326869.png, D:\\Projet Test Auto\\Mediabox Test Automation\\Reports\\20220623_184212\\03. Parallel Testing (Testing)\\TS -PT PART 3\\14.05 Dreyers Support Action (Ongoing _ Completed ref) - PART 5\\20220623_184240\\1656021375478.png, D:\\Projet Test Auto\\Mediabox Test Automation\\Reports\\20220623_184212\\03. Parallel Testing (Testing)\\TS -PT PART 3\\14.05 Dreyers Support Action (Ongoing _ Completed ref) - PART 5\\20220623_184240\\1656021392852.png, D:\\Projet Test Auto\\Mediabox Test Automation\\Reports\\20220623_184212\\03. Parallel Testing (Testing)\\TS -PT PART 3\\14.05 Dreyers Support Action (Ongoing _ Completed ref) - PART 5\\20220623_184240\\1656021421440.png, D:\\Projet Test Auto\\Mediabox Test Automation\\Reports\\20220623_184212\\03. Parallel Testing (Testing)\\TS -PT PART 3\\14.05 Dreyers Support Action (Ongoing _ Completed ref) - PART 5\\20220623_184240\\1656021496934.png, D:\\Projet Test Auto\\Mediabox Test Automation\\Reports\\20220623_184212\\03. Parallel Testing (Testing)\\TS -PT PART 3\\14.05 Dreyers Support Action (Ongoing _ Completed ref) - PART 5\\20220623_184240\\1656021525385.png, D:\\Projet Test Auto\\Mediabox Test Automation\\Reports\\20220623_184212\\03. Parallel Testing (Testing)\\TS -PT PART 3\\14.05 Dreyers Support Action (Ongoing _ Completed ref) - PART 5\\20220623_184240\\1656021591799.png, D:\\Projet Test Auto\\Mediabox Test Automation\\Reports\\20220623_184212\\03. Parallel Testing (Testing)\\TS -PT PART 3\\14.05 Dreyers Support Action (Ongoing _ Completed ref) - PART 5\\20220623_184240\\1656021616194.png, D:\\Projet Test Auto\\Mediabox Test Automation\\Reports\\20220623_184212\\03. Parallel Testing (Testing)\\TS -PT PART 3\\14.05 Dreyers Support Action (Ongoing _ Completed ref) - PART 5\\20220623_184240\\1656021617102.png, D:\\Projet Test Auto\\Mediabox Test Automation\\Reports\\20220623_184212\\03. Parallel Testing (Testing)\\TS -PT PART 3\\14.05 Dreyers Support Action (Ongoing _ Completed ref) - PART 5\\20220623_184240\\1656021619894.png, D:\\Projet Test Auto\\Mediabox Test Automation\\Reports\\20220623_184212\\03. Parallel Testing (Testing)\\TS -PT PART 3\\14.05 Dreyers Support Action (Ongoing _ Completed ref) - PART 5\\20220623_184240\\1656021623534.png, D:\\Projet Test Auto\\Mediabox Test Automation\\Reports\\20220623_184212\\03. Parallel Testing (Testing)\\TS -PT PART 3\\14.05 Dreyers Support Action (Ongoing _ Completed ref) - PART 5\\20220623_184240\\1656021627426.png, D:\\Projet Test Auto\\Mediabox Test Automation\\Reports\\20220623_184212\\03. Parallel Testing (Testing)\\TS -PT PART 3\\14.05 Dreyers Support Action (Ongoing _ Completed ref) - PART 5\\20220623_184240\\1656021679906.png, D:\\Projet Test Auto\\Mediabox Test Automation\\Reports\\20220623_184212\\03. Parallel Testing (Testing)\\TS -PT PART 3\\14.05 Dreyers Support Action (Ongoing _ Completed ref) - PART 5\\20220623_184240\\1656021693251.png, D:\\Projet Test Auto\\Mediabox Test Automation\\Reports\\20220623_184212\\03. Parallel Testing (Testing)\\TS -PT PART 3\\14.05 Dreyers Support Action (Ongoing _ Completed ref) - PART 5\\20220623_184240\\1656021721276.png, D:\\Projet Test Auto\\Mediabox Test Automation\\Reports\\20220623_184212\\03. Parallel Testing (Testing)\\TS -PT PART 3\\14.05 Dreyers Support Action (Ongoing _ Completed ref) - PART 5\\20220623_184240\\1656021742837.png, D:\\Projet Test Auto\\Mediabox Test Automation\\Reports\\20220623_184212\\03. Parallel Testing (Testing)\\TS -PT PART 3\\14.05 Dreyers Support Action (Ongoing _ Completed ref) - PART 5\\20220623_184240\\1656021755691.png, D:\\Projet Test Auto\\Mediabox Test Automation\\Reports\\20220623_184212\\03. Parallel Testing (Testing)\\TS -PT PART 3\\14.05 Dreyers Support Action (Ongoing _ Completed ref) - PART 5\\20220623_184240\\1656021810694.png, D:\\Projet Test Auto\\Mediabox Test Automation\\Reports\\20220623_184212\\03. Parallel Testing (Testing)\\TS -PT PART 3\\14.05 Dreyers Support Action (Ongoing _ Completed ref) - PART 5\\20220623_184240\\1656021817927.png, D:\\Projet Test Auto\\Mediabox Test Automation\\Reports\\20220623_184212\\03. Parallel Testing (Testing)\\TS -PT PART 3\\14.05 Dreyers Support Action (Ongoing _ Completed ref) - PART 5\\20220623_184240\\1656021821768.png, D:\\Projet Test Auto\\Mediabox Test Automation\\Reports\\20220623_184212\\03. Parallel Testing (Testing)\\TS -PT PART 3\\14.05 Dreyers Support Action (Ongoing _ Completed ref) - PART 5\\20220623_184240\\1656021839179.png, D:\\Projet Test Auto\\Mediabox Test Automation\\Reports\\20220623_184212\\03. Parallel Testing (Testing)\\TS -PT PART 3\\14.05 Dreyers Support Action (Ongoing _ Completed ref) - PART 5\\20220623_184240\\1656021859349.png, D:\\Projet Test Auto\\Mediabox Test Automation\\Reports\\20220623_184212\\03. Parallel Testing (Testing)\\TS -PT PART 3\\14.05 Dreyers Support Action (Ongoing _ Completed ref) - PART 5\\20220623_184240\\1656021860119.png, D:\\Projet Test Auto\\Mediabox Test Automation\\Reports\\20220623_184212\\03. Parallel Testing (Testing)\\TS -PT PART 3\\14.05 Dreyers Support Action (Ongoing _ Completed ref) - PART 5\\20220623_184240\\1656021863486.png, D:\\Projet Test Auto\\Mediabox Test Automation\\Reports\\20220623_184212\\03. Parallel Testing (Testing)\\TS -PT PART 3\\14.05 Dreyers Support Action (Ongoing _ Completed ref) - PART 5\\20220623_184240\\1656021867373.png, D:\\Projet Test Auto\\Mediabox Test Automation\\Reports\\20220623_184212\\03. Parallel Testing (Testing)\\TS -PT PART 3\\14.05 Dreyers Support Action (Ongoing _ Completed ref) - PART 5\\20220623_184240\\1656021872035.png, D:\\Projet Test Auto\\Mediabox Test Automation\\Reports\\20220623_184212\\03. Parallel Testing (Testing)\\TS -PT PART 3\\14.05 Dreyers Support Action (Ongoing _ Completed ref) - PART 5\\20220623_184240\\1656021897753.png, D:\\Projet Test Auto\\Mediabox Test Automation\\Reports\\20220623_184212\\03. Parallel Testing (Testing)\\TS -PT PART 3\\14.05 Dreyers Support Action (Ongoing _ Completed ref) - PART 5\\20220623_184240\\1656021913703.png, D:\\Projet Test Auto\\Mediabox Test Automation\\Reports\\20220623_184212\\03. Parallel Testing (Testing)\\TS -PT PART 3\\14.05 Dreyers Support Action (Ongoing _ Completed ref) - PART 5\\20220623_184240\\1656021932284.png, D:\\Projet Test Auto\\Mediabox Test Automation\\Reports\\20220623_184212\\03. Parallel Testing (Testing)\\TS -PT PART 3\\14.05 Dreyers Support Action (Ongoing _ Completed ref) - PART 5\\20220623_184240\\1656021989605.png, D:\\Projet Test Auto\\Mediabox Test Automation\\Reports\\20220623_184212\\03. Parallel Testing (Testing)\\TS -PT PART 3\\14.05 Dreyers Support Action (Ongoing _ Completed ref) - PART 5\\20220623_184240\\1656021999096.png, D:\\Projet Test Auto\\Mediabox Test Automation\\Reports\\20220623_184212\\03. Parallel Testing (Testing)\\TS -PT PART 3\\14.05 Dreyers Support Action (Ongoing _ Completed ref) - PART 5\\20220623_184240\\1656022005615.png, D:\\Projet Test Auto\\Mediabox Test Automation\\Reports\\20220623_184212\\03. Parallel Testing (Testing)\\TS -PT PART 3\\14.05 Dreyers Support Action (Ongoing _ Completed ref) - PART 5\\20220623_184240\\1656022015085.png, D:\\Projet Test Auto\\Mediabox Test Automation\\Reports\\20220623_184212\\03. Parallel Testing (Testing)\\TS -PT PART 3\\14.05 Dreyers Support Action (Ongoing _ Completed ref) - PART 5\\20220623_184240\\1656022033057.png, D:\\Projet Test Auto\\Mediabox Test Automation\\Reports\\20220623_184212\\03. Parallel Testing (Testing)\\TS -PT PART 3\\14.05 Dreyers Support Action (Ongoing _ Completed ref) - PART 5\\20220623_184240\\1656022033587.png, D:\\Projet Test Auto\\Mediabox Test Automation\\Reports\\20220623_184212\\03. Parallel Testing (Testing)\\TS -PT PART 3\\14.05 Dreyers Support Action (Ongoing _ Completed ref) - PART 5\\20220623_184240\\1656022035385.png, D:\\Projet Test Auto\\Mediabox Test Automation\\Reports\\20220623_184212\\03. Parallel Testing (Testing)\\TS -PT PART 3\\14.05 Dreyers Support Action (Ongoing _ Completed ref) - PART 5\\20220623_184240\\1656022041750.png, D:\\Projet Test Auto\\Mediabox Test Automation\\Reports\\20220623_184212\\03. Parallel Testing (Testing)\\TS -PT PART 3\\14.05 Dreyers Support Action (Ongoing _ Completed ref) - PART 5\\20220623_184240\\1656022043720.png, D:\\Projet Test Auto\\Mediabox Test Automation\\Reports\\20220623_184212\\03. Parallel Testing (Testing)\\TS -PT PART 3\\14.05 Dreyers Support Action (Ongoing _ Completed ref) - PART 5\\20220623_184240\\1656022089298.png, D:\\Projet Test Auto\\Mediabox Test Automation\\Reports\\20220623_184212\\03. Parallel Testing (Testing)\\TS -PT PART 3\\14.05 Dreyers Support Action (Ongoing _ Completed ref) - PART 5\\20220623_184240\\1656022102141.png, D:\\Projet Test Auto\\Mediabox Test Automation\\Reports\\20220623_184212\\03. Parallel Testing (Testing)\\TS -PT PART 3\\14.05 Dreyers Support Action (Ongoing _ Completed ref) - PART 5\\20220623_184240\\1656022149117.png, D:\\Projet Test Auto\\Mediabox Test Automation\\Reports\\20220623_184212\\03. Parallel Testing (Testing)\\TS -PT PART 3\\14.05 Dreyers Support Action (Ongoing _ Completed ref) - PART 5\\20220623_184240\\1656022155966.png, D:\\Projet Test Auto\\Mediabox Test Automation\\Reports\\20220623_184212\\03. Parallel Testing (Testing)\\TS -PT PART 3\\14.05 Dreyers Support Action (Ongoing _ Completed ref) - PART 5\\20220623_184240\\1656022160846.png, D:\\Projet Test Auto\\Mediabox Test Automation\\Reports\\20220623_184212\\03. Parallel Testing (Testing)\\TS -PT PART 3\\14.05 Dreyers Support Action (Ongoing _ Completed ref) - PART 5\\20220623_184240\\1656022173682.png, D:\\Projet Test Auto\\Mediabox Test Automation\\Reports\\20220623_184212\\03. Parallel Testing (Testing)\\TS -PT PART 3\\14.05 Dreyers Support Action (Ongoing _ Completed ref) - PART 5\\20220623_184240\\1656022187610.png, D:\\Projet Test Auto\\Mediabox Test Automation\\Reports\\20220623_184212\\03. Parallel Testing (Testing)\\TS -PT PART 3\\14.05 Dreyers Support Action (Ongoing _ Completed ref) - PART 5\\20220623_184240\\1656022189872.png, D:\\Projet Test Auto\\Mediabox Test Automation\\Reports\\20220623_184212\\03. Parallel Testing (Testing)\\TS -PT PART 3\\14.05 Dreyers Support Action (Ongoing _ Completed ref) - PART 5\\20220623_184240\\1656022192829.png, D:\\Projet Test Auto\\Mediabox Test Automation\\Reports\\20220623_184212\\03. Parallel Testing (Testing)\\TS -PT PART 3\\14.05 Dreyers Support Action (Ongoing _ Completed ref) - PART 5\\20220623_184240\\1656022194627.png, D:\\Projet Test Auto\\Mediabox Test Automation\\Reports\\20220623_184212\\03. Parallel Testing (Testing)\\TS -PT PART 3\\14.05 Dreyers Support Action (Ongoing _ Completed ref) - PART 5\\20220623_184240\\1656022247661.png, D:\\Projet Test Auto\\Mediabox Test Automation\\Reports\\20220623_184212\\03. Parallel Testing (Testing)\\TS -PT PART 3\\14.05 Dreyers Support Action (Ongoing _ Completed ref) - PART 5\\20220623_184240\\1656022261690.png, D:\\Projet Test Auto\\Mediabox Test Automation\\Reports\\20220623_184212\\03. Parallel Testing (Testing)\\TS -PT PART 3\\14.05 Dreyers Support Action (Ongoing _ Completed ref) - PART 5\\20220623_184240\\1656022298288.png, D:\\Projet Test Auto\\Mediabox Test Automation\\Reports\\20220623_184212\\03. Parallel Testing (Testing)\\TS -PT PART 3\\14.05 Dreyers Support Action (Ongoing _ Completed ref) - PART 5\\20220623_184240\\1656022309920.png"/>
         <property name="hostName" value="lamhe - DPF-MBI-VERIF.ad.sgsco.int"/>
         <property name="os" value="Windows 10 64bit"/>
         <property name="katalonVersion" value="8.3.0.208"/>
         <property name="browser" value="Chrome 102.0.5005.115"/>
         <property name="hostAddress" value="10.15.10.53"/>
         <property name="sessionId" value="b8d3cc27c1d5811fb32ab1f423b18dfb"/>
         <property name="seleniumVersion" value="3.141.59"/>
         <property name="proxyInformation" value="ProxyInformation { proxyOption=NO_PROXY, proxyServerType=HTTP, username=, password=********, proxyServerAddress=, proxyServerPort=0, executionList=&quot;&quot;, isApplyToDesiredCapabilities=true }"/>
         <property name="platform" value="Windows 10"/>
      </properties>
      <testcase name="Test Cases/19. Dreyers Support Action (Ongoing ref_completed)/19.25 Dreyers SAS Add Phase group (Ongoing ref) S32 - P25" time="470.78" classname="Test Cases/19. Dreyers Support Action (Ongoing ref_completed)/19.25 Dreyers SAS Add Phase group (Ongoing ref) S32 - P25" status="PASSED">
         <system-out><![CDATA[2022-06-23 23:36:14 - [TEST_CASE][PASSED] - Test Cases/19. Dreyers Support Action (Ongoing ref_completed)/19.25 Dreyers SAS Add Phase group (Ongoing ref) S32 - P25: Test Cases/19. Dreyers Support Action (Ongoing ref_completed)/19.25 Dreyers SAS Add Phase group (Ongoing ref) S32 - P25

2022-06-23 23:36:16 - [TEST_STEP][PASSED] - data_Dreyers = findTestData("Data Files/Username_Password/Dreyer"): null

2022-06-23 23:36:16 - [TEST_STEP][PASSED] - password_suser = data_Dreyers.getValue(2, 1): null

2022-06-23 23:36:17 - [TEST_STEP][PASSED] - password_blemco = data_Dreyers.getValue(2, 2): null

2022-06-23 23:36:17 - [TEST_STEP][PASSED] - password_nturner = data_Dreyers.getValue(2, 6): null

2022-06-23 23:36:17 - [TEST_STEP][PASSED] - data_urlRELAUTO = findTestData("Data Files/URL/URL_relauto"): null

2022-06-23 23:36:17 - [TEST_STEP][PASSED] - Url_Dreyer = data_urlRELAUTO.getValue(2, 4): null

2022-06-23 23:36:17 - [TEST_STEP][PASSED] - Project_No = I.readnotepad("D:\Upoad_File\Projet_ Login\Dreyers\19.1\19.1_Dreyers_ProjectNo.txt"): null

2022-06-23 23:36:17 - [TEST_STEP][PASSED] - refID = I.readnotepad("D:\Upoad_File\Projet_ Login\Dreyers\19.1\19.1_Dreyers_refID.txt"): null

2022-06-23 23:36:17 - [TEST_STEP][PASSED] - openBrowser(Url_Dreyer): Browser is opened with url: 'http://mdb-release.diadeis.lan/MediaboxIndependence/?MBI_datasource=RELTESTAUTO_DREYERS'

2022-06-23 23:36:18 - [MESSAGE][INFO] - Starting 'Chrome (headless)' driver

2022-06-23 23:36:18 - [MESSAGE][INFO] - User set preference: ['args', '[--window-size=1920,1080, --headless]']

2022-06-23 23:36:18 - [MESSAGE][INFO] - Action delay is set to 0 milliseconds

2022-06-23 23:36:46 - [MESSAGE][PASSED] - Browser is opened with url: 'http://mdb-release.diadeis.lan/MediaboxIndependence/?MBI_datasource=RELTESTAUTO_DREYERS'

2022-06-23 23:36:46 - [TEST_STEP][PASSED] - maximizeWindow(): Current window maximized

2022-06-23 23:36:46 - [MESSAGE][PASSED] - Current window maximized

2022-06-23 23:36:46 - [TEST_STEP][PASSED] - I.Login_password("suser", password_suser): Object: 'Object Repository/1. Constant/xpath' is clicked on

2022-06-23 23:36:48 - [MESSAGE][PASSED] - Text 'suser' is set on object 'Object Repository/1. Constant/xpath'

2022-06-23 23:36:49 - [MESSAGE][PASSED] - Delayed 1 second(s)

2022-06-23 23:36:50 - [MESSAGE][PASSED] - Text 'diadeis' is set on object 'Object Repository/1. Constant/xpath'

2022-06-23 23:36:51 - [MESSAGE][PASSED] - Delayed 1 second(s)

2022-06-23 23:37:03 - [MESSAGE][PASSED] - Object: 'Object Repository/1. Constant/xpath' is clicked on

2022-06-23 23:37:03 - [TEST_STEP][PASSED] - click(findTestObject("1. Constant/02_LHSMenu_Projects")): Object: 'Object Repository/1. Constant/02_LHSMenu_Projects' is clicked on

2022-06-23 23:37:08 - [MESSAGE][PASSED] - Object: 'Object Repository/1. Constant/02_LHSMenu_Projects' is clicked on

2022-06-23 23:37:08 - [TEST_STEP][PASSED] - I.SearchProjectNo_xpath(Project_No, "//*[@id="keynum_project"]", "//*[@id="form_filters"]/div[4]/button"): Delayed 5 second(s)

2022-06-23 23:37:09 - [MESSAGE][PASSED] - Delayed 1 second(s)

2022-06-23 23:37:11 - [MESSAGE][PASSED] - Text 'MI000883' is set on object 'Object Repository/1. Constant/xpath'

2022-06-23 23:37:14 - [MESSAGE][PASSED] - Delayed 3 second(s)

2022-06-23 23:37:15 - [MESSAGE][PASSED] - Scroll to object 'Object Repository/1. Constant/xpath' successfully

2022-06-23 23:37:22 - [MESSAGE][PASSED] - Object: 'Object Repository/1. Constant/xpath' is clicked on

2022-06-23 23:37:27 - [MESSAGE][PASSED] - Delayed 5 second(s)

2022-06-23 23:37:27 - [TEST_STEP][PASSED] - takeScreenshot(): Taking screenshot successfully

2022-06-23 23:37:29 - [MESSAGE][PASSED] - Taking screenshot successfully
[[ATTACHMENT|D:\\Projet Test Auto\\Mediabox Test Automation\\Reports\\20220623_184212\\03. Parallel Testing (Testing)\\TS -PT PART 3\\14.05 Dreyers Support Action (Ongoing _ Completed ref) - PART 5\\20220623_184240\\1656020248233.png]]

2022-06-23 23:37:29 - [TEST_STEP][PASSED] - click(findTestObject("1. Constant/xpath", ["xpath":"//*[@id="create_ref_btn"]/button"])): Object: 'Object Repository/1. Constant/xpath' is clicked on

2022-06-23 23:37:29 - [MESSAGE][PASSED] - Object: 'Object Repository/1. Constant/xpath' is clicked on

2022-06-23 23:37:29 - [TEST_STEP][PASSED] - click(findTestObject("1. Constant/xpath", ["xpath":"//*[@id="create_ref_btn"]/div/a"])): Object: 'Object Repository/1. Constant/xpath' is clicked on

2022-06-23 23:37:33 - [MESSAGE][PASSED] - Object: 'Object Repository/1. Constant/xpath' is clicked on

2022-06-23 23:37:33 - [TEST_STEP][PASSED] - delay(1): Delayed 1 second(s)

2022-06-23 23:37:34 - [MESSAGE][PASSED] - Delayed 1 second(s)

2022-06-23 23:37:34 - [TEST_STEP][PASSED] - selectOptionByValue(findTestObject("1. Constant/xpath", ["xpath":"//*[@id="lfc_tpl"]"]), "36", false): All options with value '36' are selected in object 'Object Repository/1. Constant/xpath' 

2022-06-23 23:37:36 - [MESSAGE][PASSED] - All options with value '36' are selected in object 'Object Repository/1. Constant/xpath' 

2022-06-23 23:37:36 - [TEST_STEP][PASSED] - ref_name = "P25_Auto_SAS_S32_" + RandomStringUtils.randomAlphanumeric(5) + I.gettimedate(): null

2022-06-23 23:37:36 - [TEST_STEP][PASSED] - delay(1): Delayed 1 second(s)

2022-06-23 23:37:37 - [MESSAGE][PASSED] - Delayed 1 second(s)

2022-06-23 23:37:37 - [TEST_STEP][PASSED] - setText(findTestObject("1. Constant/xpath", ["xpath":"//*[@id="var_name"]"]), ref_name): Text 'P25_Auto_SAS_S32_MniZBjuin232022_233736' is set on object 'Object Repository/1. Constant/xpath'

2022-06-23 23:37:39 - [MESSAGE][PASSED] - Text 'P25_Auto_SAS_S32_MniZBjuin232022_233736' is set on object 'Object Repository/1. Constant/xpath'

2022-06-23 23:37:39 - [TEST_STEP][PASSED] - takeScreenshot(): Taking screenshot successfully

2022-06-23 23:37:40 - [MESSAGE][PASSED] - Taking screenshot successfully
[[ATTACHMENT|D:\\Projet Test Auto\\Mediabox Test Automation\\Reports\\20220623_184212\\03. Parallel Testing (Testing)\\TS -PT PART 3\\14.05 Dreyers Support Action (Ongoing _ Completed ref) - PART 5\\20220623_184240\\1656020259970.png]]

2022-06-23 23:37:40 - [TEST_STEP][PASSED] - click(findTestObject("1. Constant/xpath", ["xpath":"//*[@id="createRefBottom"]"])): Object: 'Object Repository/1. Constant/xpath' is clicked on

2022-06-23 23:37:44 - [MESSAGE][PASSED] - Object: 'Object Repository/1. Constant/xpath' is clicked on

2022-06-23 23:37:44 - [TEST_STEP][PASSED] - delay(1): Delayed 1 second(s)

2022-06-23 23:37:45 - [MESSAGE][PASSED] - Delayed 1 second(s)

2022-06-23 23:37:45 - [TEST_STEP][PASSED] - takeScreenshot(): Taking screenshot successfully

2022-06-23 23:37:47 - [MESSAGE][PASSED] - Taking screenshot successfully
[[ATTACHMENT|D:\\Projet Test Auto\\Mediabox Test Automation\\Reports\\20220623_184212\\03. Parallel Testing (Testing)\\TS -PT PART 3\\14.05 Dreyers Support Action (Ongoing _ Completed ref) - PART 5\\20220623_184240\\1656020266797.png]]

2022-06-23 23:37:47 - [TEST_STEP][PASSED] - refID25 = I.RefID(): Current window's url is: 'http://mdb-release.diadeis.lan/MediaboxIndependence/Base/ExecAction?IDSession=MBI%21RELTESTAUTO_DREYERS%21RP3V9SRJE82B7C5YKFM07LZCFLF9TILXM3JKKWTH&default_action=ModifierRef&id_project=MI000883&id_ref=5335&action_from=create_ref'

2022-06-23 23:37:52 - [MESSAGE][PASSED] - Delayed 5 second(s)

2022-06-23 23:37:52 - [MESSAGE][PASSED] - Current window's url is: 'http://mdb-release.diadeis.lan/MediaboxIndependence/Base/ExecAction?IDSession=MBI%21RELTESTAUTO_DREYERS%21RP3V9SRJE82B7C5YKFM07LZCFLF9TILXM3JKKWTH&default_action=ModifierRef&id_project=MI000883&id_ref=5335&action_from=create_ref'

2022-06-23 23:37:52 - [TEST_STEP][PASSED] - click(findTestObject("1. Constant/xpath", ["xpath":"//*[@id="type_save"]"])): Object: 'Object Repository/1. Constant/xpath' is clicked on

2022-06-23 23:38:01 - [MESSAGE][PASSED] - Object: 'Object Repository/1. Constant/xpath' is clicked on

2022-06-23 23:38:01 - [TEST_STEP][PASSED] - takeScreenshot(): Taking screenshot successfully

2022-06-23 23:38:02 - [MESSAGE][PASSED] - Taking screenshot successfully
[[ATTACHMENT|D:\\Projet Test Auto\\Mediabox Test Automation\\Reports\\20220623_184212\\03. Parallel Testing (Testing)\\TS -PT PART 3\\14.05 Dreyers Support Action (Ongoing _ Completed ref) - PART 5\\20220623_184240\\1656020281551.png]]

2022-06-23 23:38:02 - [TEST_STEP][PASSED] - delay(1): Delayed 1 second(s)

2022-06-23 23:38:03 - [MESSAGE][PASSED] - Delayed 1 second(s)

2022-06-23 23:38:03 - [TEST_STEP][PASSED] - I.SearchRefNo_xpath("P25_Auto", "//*[@id="fiche_filter_keywords11"]", "//*[@id="form_filters"]/div[3]/button"): Delayed 5 second(s)

2022-06-23 23:38:04 - [MESSAGE][PASSED] - Delayed 1 second(s)

2022-06-23 23:38:05 - [MESSAGE][PASSED] - Text 'P25_Auto' is set on object 'Object Repository/1. Constant/xpath'

2022-06-23 23:38:08 - [MESSAGE][PASSED] - Delayed 3 second(s)

2022-06-23 23:38:09 - [MESSAGE][PASSED] - Scroll to object 'Object Repository/1. Constant/xpath' successfully

2022-06-23 23:38:12 - [MESSAGE][PASSED] - Object: 'Object Repository/1. Constant/xpath' is clicked on

2022-06-23 23:38:17 - [MESSAGE][PASSED] - Delayed 5 second(s)

2022-06-23 23:38:17 - [TEST_STEP][PASSED] - click(findTestObject("1. Constant/xpath", ["xpath":"//*[@id="source_" + refID25 + ""]/td[14]/a[3]"])): Object: 'Object Repository/1. Constant/xpath' is clicked on

2022-06-23 23:38:21 - [MESSAGE][PASSED] - Object: 'Object Repository/1. Constant/xpath' is clicked on

2022-06-23 23:38:21 - [TEST_STEP][PASSED] - click(findTestObject("1. Constant/xpath", ["xpath":"//*[@id="ModifFiche"]/div[1]/div/button[2]"])): Object: 'Object Repository/1. Constant/xpath' is clicked on

2022-06-23 23:38:28 - [MESSAGE][PASSED] - Object: 'Object Repository/1. Constant/xpath' is clicked on

2022-06-23 23:38:28 - [TEST_STEP][PASSED] - takeScreenshot(): Taking screenshot successfully

2022-06-23 23:38:28 - [MESSAGE][PASSED] - Taking screenshot successfully
[[ATTACHMENT|D:\\Projet Test Auto\\Mediabox Test Automation\\Reports\\20220623_184212\\03. Parallel Testing (Testing)\\TS -PT PART 3\\14.05 Dreyers Support Action (Ongoing _ Completed ref) - PART 5\\20220623_184240\\1656020308472.png]]

2022-06-23 23:38:28 - [TEST_STEP][PASSED] - delay(1): Delayed 1 second(s)

2022-06-23 23:38:29 - [MESSAGE][PASSED] - Delayed 1 second(s)

2022-06-23 23:38:29 - [TEST_STEP][PASSED] - click(findTestObject("1. Constant/xpath", ["xpath":"//*[@id="source_" + refID25 + ""]/td[14]/a[3]"])): Object: 'Object Repository/1. Constant/xpath' is clicked on

2022-06-23 23:38:31 - [MESSAGE][PASSED] - Object: 'Object Repository/1. Constant/xpath' is clicked on

2022-06-23 23:38:31 - [TEST_STEP][PASSED] - click(findTestObject("1. Constant/xpath", ["xpath":"//*[@id="ModifFiche"]/div[1]/div/button[2]"])): Object: 'Object Repository/1. Constant/xpath' is clicked on

2022-06-23 23:38:36 - [MESSAGE][PASSED] - Object: 'Object Repository/1. Constant/xpath' is clicked on

2022-06-23 23:38:36 - [TEST_STEP][PASSED] - takeScreenshot(): Taking screenshot successfully

2022-06-23 23:38:37 - [MESSAGE][PASSED] - Taking screenshot successfully
[[ATTACHMENT|D:\\Projet Test Auto\\Mediabox Test Automation\\Reports\\20220623_184212\\03. Parallel Testing (Testing)\\TS -PT PART 3\\14.05 Dreyers Support Action (Ongoing _ Completed ref) - PART 5\\20220623_184240\\1656020316613.png]]

2022-06-23 23:38:37 - [TEST_STEP][PASSED] - delay(1): Delayed 1 second(s)

2022-06-23 23:38:38 - [MESSAGE][PASSED] - Delayed 1 second(s)

2022-06-23 23:38:38 - [TEST_STEP][PASSED] - color1 = getCSSValue(findTestObject("1. Constant/xpath", ["xpath":"//*[@id="source_" + refID25 + ""]/td[14]/a[2]"]), "color", OPTIONAL): Get CSS 'color' value on 'Object Repository/1. Constant/xpath' successfully: 'rgba(255, 255, 255, 1)'.

2022-06-23 23:38:39 - [MESSAGE][PASSED] - Get CSS 'color' value on 'Object Repository/1. Constant/xpath' successfully: 'rgba(255, 255, 255, 1)'.

2022-06-23 23:38:39 - [TEST_STEP][PASSED] - while (color1 == "rgba(255, 255, 255, 1)"): Get CSS 'color' value on 'Object Repository/1. Constant/xpath' successfully: 'rgba(54, 153, 255, 1)'.

2022-06-23 23:38:39 - [TEST_STEP][PASSED] - click(findTestObject("1. Constant/xpath", ["xpath":"//*[@id="source_" + refID25 + ""]/td[14]/a[2]"])): Object: 'Object Repository/1. Constant/xpath' is clicked on

2022-06-23 23:38:41 - [MESSAGE][PASSED] - Object: 'Object Repository/1. Constant/xpath' is clicked on

2022-06-23 23:38:41 - [TEST_STEP][PASSED] - I.UploadDoc_sendkey_Prod(findTestObject("1. Constant/xpath", ["xpath":"//*[@id="kt_body"]/input[2]"]), "D:\Upoad_File\Upload doc\testdata1.pdf", "testdata1"): Delayed 5 second(s)

2022-06-23 23:38:41 - [MESSAGE][PASSED] - Scroll to object 'Object Repository/1. Constant/xpath' successfully

2022-06-23 23:38:46 - [MESSAGE][PASSED] - Delayed 5 second(s)

2022-06-23 23:38:49 - [MESSAGE][PASSED] - File 'D:\Upoad_File\Upload doc\testdata1.pdf' sent to object: 'Object Repository/1. Constant/xpath'

2022-06-23 23:38:54 - [MESSAGE][PASSED] - Delayed 5 second(s)

2022-06-23 23:38:55 - [MESSAGE][PASSED] - Text 'testdata1' is present on page 

2022-06-23 23:39:00 - [MESSAGE][PASSED] - Delayed 5 second(s)

2022-06-23 23:39:05 - [MESSAGE][PASSED] - Delayed 5 second(s)

2022-06-23 23:39:05 - [TEST_STEP][PASSED] - takeScreenshot(): Taking screenshot successfully

2022-06-23 23:39:06 - [MESSAGE][PASSED] - Taking screenshot successfully
[[ATTACHMENT|D:\\Projet Test Auto\\Mediabox Test Automation\\Reports\\20220623_184212\\03. Parallel Testing (Testing)\\TS -PT PART 3\\14.05 Dreyers Support Action (Ongoing _ Completed ref) - PART 5\\20220623_184240\\1656020346033.png]]

2022-06-23 23:39:06 - [TEST_STEP][PASSED] - delay(10): Delayed 10 second(s)

2022-06-23 23:39:16 - [MESSAGE][PASSED] - Delayed 10 second(s)

2022-06-23 23:39:16 - [TEST_STEP][PASSED] - click(findTestObject("HL Full Lifecycle/12 ReferncePage_Button_Updatensenddoc")): Object: 'Object Repository/HL Full Lifecycle/12 ReferncePage_Button_Updatensenddoc' is clicked on

2022-06-23 23:39:25 - [MESSAGE][PASSED] - Object: 'Object Repository/HL Full Lifecycle/12 ReferncePage_Button_Updatensenddoc' is clicked on

2022-06-23 23:39:25 - [TEST_STEP][PASSED] - delay(5): Delayed 5 second(s)

2022-06-23 23:39:30 - [MESSAGE][PASSED] - Delayed 5 second(s)

2022-06-23 23:39:30 - [TEST_STEP][PASSED] - color1 = getCSSValue(findTestObject("1. Constant/xpath", ["xpath":"//*[@id="source_" + refID25 + ""]/td[14]/a[2]"]), "color", OPTIONAL): Get CSS 'color' value on 'Object Repository/1. Constant/xpath' successfully: 'rgba(54, 153, 255, 1)'.

2022-06-23 23:39:32 - [MESSAGE][PASSED] - Get CSS 'color' value on 'Object Repository/1. Constant/xpath' successfully: 'rgba(54, 153, 255, 1)'.

2022-06-23 23:39:32 - [TEST_STEP][PASSED] - takeScreenshot(): Taking screenshot successfully

2022-06-23 23:39:35 - [MESSAGE][PASSED] - Taking screenshot successfully
[[ATTACHMENT|D:\\Projet Test Auto\\Mediabox Test Automation\\Reports\\20220623_184212\\03. Parallel Testing (Testing)\\TS -PT PART 3\\14.05 Dreyers Support Action (Ongoing _ Completed ref) - PART 5\\20220623_184240\\1656020373678.png]]

2022-06-23 23:39:35 - [TEST_STEP][PASSED] - click(findTestObject("1. Constant/xpath", ["xpath":"//*[@id="source_" + refID25 + ""]/td[6]/a"])): Object: 'Object Repository/1. Constant/xpath' is clicked on

2022-06-23 23:39:40 - [MESSAGE][PASSED] - Object: 'Object Repository/1. Constant/xpath' is clicked on

2022-06-23 23:39:40 - [TEST_STEP][PASSED] - takeScreenshot(): Taking screenshot successfully

2022-06-23 23:39:41 - [MESSAGE][PASSED] - Taking screenshot successfully
[[ATTACHMENT|D:\\Projet Test Auto\\Mediabox Test Automation\\Reports\\20220623_184212\\03. Parallel Testing (Testing)\\TS -PT PART 3\\14.05 Dreyers Support Action (Ongoing _ Completed ref) - PART 5\\20220623_184240\\1656020380446.png]]

2022-06-23 23:39:41 - [TEST_STEP][PASSED] - delay(1): Delayed 1 second(s)

2022-06-23 23:39:42 - [MESSAGE][PASSED] - Delayed 1 second(s)

2022-06-23 23:39:42 - [TEST_STEP][PASSED] - I.Approveforothers("/html/body/div[1]/div[2]/div[8]/div[3]/div/div[3]/div[2]/div/div[3]/div/div[2]/div[1]/div/div[2]/div/div[2]/div[2]/div/div/div[1]/img", "/html/body/div[1]/div[2]/div[8]/div[3]/div/div[3]/div[2]/div/div[3]/div/div[2]/div[1]/div/div[2]/div/div[2]/div[2]/div/div/div[6]/a[2]/span"): Object: 'Object Repository/1. Constant/xpath' is clicked on

2022-06-23 23:39:44 - [MESSAGE][PASSED] - Object: 'Object Repository/1. Constant/xpath' is clicked on

2022-06-23 23:39:45 - [MESSAGE][PASSED] - Delayed 1 second(s)

2022-06-23 23:39:47 - [MESSAGE][PASSED] - Object: 'Object Repository/1. Constant/xpath' is clicked on

2022-06-23 23:39:48 - [MESSAGE][PASSED] - Delayed 1 second(s)

2022-06-23 23:39:49 - [MESSAGE][PASSED] - Object: 'Object Repository/1. Constant/xpath' is hovered

2022-06-23 23:39:51 - [MESSAGE][PASSED] - Object: 'Object Repository/1. Constant/xpath' is clicked on

2022-06-23 23:39:52 - [MESSAGE][PASSED] - Delayed 1 second(s)

2022-06-23 23:39:59 - [MESSAGE][PASSED] - Object: 'Object Repository/1. Constant/xpath' is clicked on

2022-06-23 23:39:59 - [TEST_STEP][PASSED] - delay(1): Delayed 1 second(s)

2022-06-23 23:40:00 - [MESSAGE][PASSED] - Delayed 1 second(s)

2022-06-23 23:40:00 - [TEST_STEP][PASSED] - click(findTestObject("1. Constant/xpath", ["xpath":"//*[@id="kt_subheader"]/div/nav/ol/li[2]/a"])): Object: 'Object Repository/1. Constant/xpath' is clicked on

2022-06-23 23:40:06 - [MESSAGE][PASSED] - Object: 'Object Repository/1. Constant/xpath' is clicked on

2022-06-23 23:40:06 - [TEST_STEP][PASSED] - delay(1): Delayed 1 second(s)

2022-06-23 23:40:07 - [MESSAGE][PASSED] - Delayed 1 second(s)

2022-06-23 23:40:07 - [TEST_STEP][PASSED] - I.submitquesiton_ref(findTestObject("1. Constant/xpath", ["xpath":"//*[@id="source_" + refID25 + ""]/td[14]/div[1]/button"]), findTestObject("1. Constant/xpath", ["xpath":"//*[@id="source_" + refID25 + ""]/td[14]/div[1]/div/a[1]"])): Object: 'Object Repository/1. Constant/xpath' is clicked on

2022-06-23 23:40:09 - [MESSAGE][PASSED] - Object: 'Object Repository/1. Constant/xpath' is clicked on

2022-06-23 23:40:12 - [MESSAGE][PASSED] - Delayed 3 second(s)

2022-06-23 23:40:14 - [MESSAGE][PASSED] - Object: 'Object Repository/1. Constant/xpath' is clicked on

2022-06-23 23:40:14 - [TEST_STEP][PASSED] - click(findTestObject("1. Constant/xpath", ["xpath":"//*[@id="ModifFiche"]/div[1]/div/button[2]"])): Object: 'Object Repository/1. Constant/xpath' is clicked on

2022-06-23 23:40:22 - [MESSAGE][PASSED] - Object: 'Object Repository/1. Constant/xpath' is clicked on

2022-06-23 23:40:22 - [TEST_STEP][PASSED] - takeScreenshot(): Taking screenshot successfully

2022-06-23 23:40:24 - [MESSAGE][PASSED] - Taking screenshot successfully
[[ATTACHMENT|D:\\Projet Test Auto\\Mediabox Test Automation\\Reports\\20220623_184212\\03. Parallel Testing (Testing)\\TS -PT PART 3\\14.05 Dreyers Support Action (Ongoing _ Completed ref) - PART 5\\20220623_184240\\1656020423415.png]]

2022-06-23 23:40:24 - [TEST_STEP][PASSED] - I.submitquesiton_ref(findTestObject("1. Constant/xpath", ["xpath":"//*[@id="source_" + refID25 + ""]/td[14]/div[1]/button"]), findTestObject("1. Constant/xpath", ["xpath":"//*[@id="source_" + refID25 + ""]/td[14]/div[1]/div/a[1]"])): Object: 'Object Repository/1. Constant/xpath' is clicked on

2022-06-23 23:40:25 - [MESSAGE][PASSED] - Object: 'Object Repository/1. Constant/xpath' is clicked on

2022-06-23 23:40:28 - [MESSAGE][PASSED] - Delayed 3 second(s)

2022-06-23 23:40:30 - [MESSAGE][PASSED] - Object: 'Object Repository/1. Constant/xpath' is clicked on

2022-06-23 23:40:30 - [TEST_STEP][PASSED] - click(findTestObject("1. Constant/xpath", ["xpath":"//*[@id="ModifFiche"]/div[1]/div/button[2]"])): Object: 'Object Repository/1. Constant/xpath' is clicked on

2022-06-23 23:40:37 - [MESSAGE][PASSED] - Object: 'Object Repository/1. Constant/xpath' is clicked on

2022-06-23 23:40:37 - [TEST_STEP][PASSED] - takeScreenshot(): Taking screenshot successfully

2022-06-23 23:40:37 - [MESSAGE][PASSED] - Taking screenshot successfully
[[ATTACHMENT|D:\\Projet Test Auto\\Mediabox Test Automation\\Reports\\20220623_184212\\03. Parallel Testing (Testing)\\TS -PT PART 3\\14.05 Dreyers Support Action (Ongoing _ Completed ref) - PART 5\\20220623_184240\\1656020437477.png]]

2022-06-23 23:40:37 - [TEST_STEP][PASSED] - click(findTestObject("1. Constant/xpath", ["xpath":"//*[@id="source_" + refID25 + ""]/td[14]/a[3]"])): Object: 'Object Repository/1. Constant/xpath' is clicked on

2022-06-23 23:40:41 - [MESSAGE][PASSED] - Object: 'Object Repository/1. Constant/xpath' is clicked on

2022-06-23 23:40:41 - [TEST_STEP][PASSED] - click(findTestObject("1. Constant/xpath", ["xpath":"//*[@id="ModifFiche"]/div[1]/div/button[2]"])): Object: 'Object Repository/1. Constant/xpath' is clicked on

2022-06-23 23:40:46 - [MESSAGE][PASSED] - Object: 'Object Repository/1. Constant/xpath' is clicked on

2022-06-23 23:40:46 - [TEST_STEP][PASSED] - takeScreenshot(): Taking screenshot successfully

2022-06-23 23:40:47 - [MESSAGE][PASSED] - Taking screenshot successfully
[[ATTACHMENT|D:\\Projet Test Auto\\Mediabox Test Automation\\Reports\\20220623_184212\\03. Parallel Testing (Testing)\\TS -PT PART 3\\14.05 Dreyers Support Action (Ongoing _ Completed ref) - PART 5\\20220623_184240\\1656020447195.png]]

2022-06-23 23:40:47 - [TEST_STEP][PASSED] - click(findTestObject("1. Constant/xpath", ["xpath":"//*[@id="source_" + refID25 + ""]/td[14]/div[1]/button"])): Object: 'Object Repository/1. Constant/xpath' is clicked on

2022-06-23 23:40:49 - [MESSAGE][PASSED] - Object: 'Object Repository/1. Constant/xpath' is clicked on

2022-06-23 23:40:49 - [TEST_STEP][PASSED] - delay(1): Delayed 1 second(s)

2022-06-23 23:40:50 - [MESSAGE][PASSED] - Delayed 1 second(s)

2022-06-23 23:40:50 - [TEST_STEP][PASSED] - x = 20: null

2022-06-23 23:40:50 - [TEST_STEP][PASSED] - i = 1: null

2022-06-23 23:40:50 - [TEST_STEP][PASSED] - while (i <= x): null

2022-06-23 23:40:50 - [TEST_STEP][PASSED] - Expected_SAS_Selected = "SAS S30: Add Phase Group SA/ Skip to Phase 1.1": null

2022-06-23 23:40:50 - [TEST_STEP][PASSED] - xpath_SAS = "//*[@id="source_" + refID25 + ""]/td[14]/div[1]/div/a[" + i + "]": null

2022-06-23 23:40:50 - [TEST_STEP][PASSED] - Actual_SAS = getText(findTestObject("1. Constant/xpath", ["xpath":xpath_SAS])): Text of object 'Object Repository/1. Constant/xpath' is: 'SAS: S6 - Add Steps C'

2022-06-23 23:40:52 - [MESSAGE][PASSED] - Text of object 'Object Repository/1. Constant/xpath' is: 'SAS: S6 - Add Steps C'

2022-06-23 23:40:52 - [TEST_STEP][PASSED] - I.print(i): null

2022-06-23 23:40:52 - [TEST_STEP][PASSED] - if (Actual_SAS.contains(Expected_SAS_Selected)): null

2022-06-23 23:40:52 - [TEST_STEP][PASSED] - i = i + 1: null

2022-06-23 23:40:52 - [TEST_STEP][PASSED] - Expected_SAS_Selected = "SAS S30: Add Phase Group SA/ Skip to Phase 1.1": null

2022-06-23 23:40:52 - [TEST_STEP][PASSED] - xpath_SAS = "//*[@id="source_" + refID25 + ""]/td[14]/div[1]/div/a[" + i + "]": null

2022-06-23 23:40:52 - [TEST_STEP][PASSED] - Actual_SAS = getText(findTestObject("1. Constant/xpath", ["xpath":xpath_SAS])): Text of object 'Object Repository/1. Constant/xpath' is: 'SAS S14 - Add Step group (SAS Lifecycle - SAS Step C)'

2022-06-23 23:40:53 - [MESSAGE][PASSED] - Text of object 'Object Repository/1. Constant/xpath' is: 'SAS S14 - Add Step group (SAS Lifecycle - SAS Step C)'

2022-06-23 23:40:53 - [TEST_STEP][PASSED] - I.print(i): null

2022-06-23 23:40:53 - [TEST_STEP][PASSED] - if (Actual_SAS.contains(Expected_SAS_Selected)): null

2022-06-23 23:40:53 - [TEST_STEP][PASSED] - i = i + 1: null

2022-06-23 23:40:53 - [TEST_STEP][PASSED] - Expected_SAS_Selected = "SAS S30: Add Phase Group SA/ Skip to Phase 1.1": null

2022-06-23 23:40:53 - [TEST_STEP][PASSED] - xpath_SAS = "//*[@id="source_" + refID25 + ""]/td[14]/div[1]/div/a[" + i + "]": null

2022-06-23 23:40:53 - [TEST_STEP][PASSED] - Actual_SAS = getText(findTestObject("1. Constant/xpath", ["xpath":xpath_SAS])): Text of object 'Object Repository/1. Constant/xpath' is: 'SAS: S15 - Add Step Group A & C'

2022-06-23 23:40:53 - [MESSAGE][PASSED] - Text of object 'Object Repository/1. Constant/xpath' is: 'SAS: S15 - Add Step Group A & C'

2022-06-23 23:40:53 - [TEST_STEP][PASSED] - I.print(i): null

2022-06-23 23:40:53 - [TEST_STEP][PASSED] - if (Actual_SAS.contains(Expected_SAS_Selected)): null

2022-06-23 23:40:53 - [TEST_STEP][PASSED] - i = i + 1: null

2022-06-23 23:40:53 - [TEST_STEP][PASSED] - Expected_SAS_Selected = "SAS S30: Add Phase Group SA/ Skip to Phase 1.1": null

2022-06-23 23:40:53 - [TEST_STEP][PASSED] - xpath_SAS = "//*[@id="source_" + refID25 + ""]/td[14]/div[1]/div/a[" + i + "]": null

2022-06-23 23:40:53 - [TEST_STEP][PASSED] - Actual_SAS = getText(findTestObject("1. Constant/xpath", ["xpath":xpath_SAS])): Text of object 'Object Repository/1. Constant/xpath' is: 'SAS S27: Add PG Step C/ Skip P3.1'

2022-06-23 23:40:54 - [MESSAGE][PASSED] - Text of object 'Object Repository/1. Constant/xpath' is: 'SAS S27: Add PG Step C/ Skip P3.1'

2022-06-23 23:40:54 - [TEST_STEP][PASSED] - I.print(i): null

2022-06-23 23:40:54 - [TEST_STEP][PASSED] - if (Actual_SAS.contains(Expected_SAS_Selected)): null

2022-06-23 23:40:54 - [TEST_STEP][PASSED] - i = i + 1: null

2022-06-23 23:40:54 - [TEST_STEP][PASSED] - Expected_SAS_Selected = "SAS S30: Add Phase Group SA/ Skip to Phase 1.1": null

2022-06-23 23:40:54 - [TEST_STEP][PASSED] - xpath_SAS = "//*[@id="source_" + refID25 + ""]/td[14]/div[1]/div/a[" + i + "]": null

2022-06-23 23:40:54 - [TEST_STEP][PASSED] - Actual_SAS = getText(findTestObject("1. Constant/xpath", ["xpath":xpath_SAS])): Text of object 'Object Repository/1. Constant/xpath' is: 'SAS S28: Skip P3.4/Add PG Step C/ Skip P3.1'

2022-06-23 23:40:56 - [MESSAGE][PASSED] - Text of object 'Object Repository/1. Constant/xpath' is: 'SAS S28: Skip P3.4/Add PG Step C/ Skip P3.1'

2022-06-23 23:40:56 - [TEST_STEP][PASSED] - I.print(i): null

2022-06-23 23:40:56 - [TEST_STEP][PASSED] - if (Actual_SAS.contains(Expected_SAS_Selected)): null

2022-06-23 23:40:56 - [TEST_STEP][PASSED] - i = i + 1: null

2022-06-23 23:40:56 - [TEST_STEP][PASSED] - Expected_SAS_Selected = "SAS S30: Add Phase Group SA/ Skip to Phase 1.1": null

2022-06-23 23:40:56 - [TEST_STEP][PASSED] - xpath_SAS = "//*[@id="source_" + refID25 + ""]/td[14]/div[1]/div/a[" + i + "]": null

2022-06-23 23:40:56 - [TEST_STEP][PASSED] - Actual_SAS = getText(findTestObject("1. Constant/xpath", ["xpath":xpath_SAS])): Text of object 'Object Repository/1. Constant/xpath' is: 'SAS S29: Add Step C / Skip P3.1'

2022-06-23 23:40:57 - [MESSAGE][PASSED] - Text of object 'Object Repository/1. Constant/xpath' is: 'SAS S29: Add Step C / Skip P3.1'

2022-06-23 23:40:57 - [TEST_STEP][PASSED] - I.print(i): null

2022-06-23 23:40:57 - [TEST_STEP][PASSED] - if (Actual_SAS.contains(Expected_SAS_Selected)): null

2022-06-23 23:40:57 - [TEST_STEP][PASSED] - i = i + 1: null

2022-06-23 23:40:57 - [TEST_STEP][PASSED] - Expected_SAS_Selected = "SAS S30: Add Phase Group SA/ Skip to Phase 1.1": null

2022-06-23 23:40:57 - [TEST_STEP][PASSED] - xpath_SAS = "//*[@id="source_" + refID25 + ""]/td[14]/div[1]/div/a[" + i + "]": null

2022-06-23 23:40:57 - [TEST_STEP][PASSED] - Actual_SAS = getText(findTestObject("1. Constant/xpath", ["xpath":xpath_SAS])): Text of object 'Object Repository/1. Constant/xpath' is: 'SAS S31: Skip Phase 3.5/Add Phase Group SA/ Skip to Phase 1.1'

2022-06-23 23:40:58 - [MESSAGE][PASSED] - Text of object 'Object Repository/1. Constant/xpath' is: 'SAS S31: Skip Phase 3.5/Add Phase Group SA/ Skip to Phase 1.1'

2022-06-23 23:40:58 - [TEST_STEP][PASSED] - I.print(i): null

2022-06-23 23:40:58 - [TEST_STEP][PASSED] - if (Actual_SAS.contains(Expected_SAS_Selected)): null

2022-06-23 23:40:58 - [TEST_STEP][PASSED] - i = i + 1: null

2022-06-23 23:40:58 - [TEST_STEP][PASSED] - Expected_SAS_Selected = "SAS S30: Add Phase Group SA/ Skip to Phase 1.1": null

2022-06-23 23:40:58 - [TEST_STEP][PASSED] - xpath_SAS = "//*[@id="source_" + refID25 + ""]/td[14]/div[1]/div/a[" + i + "]": null

2022-06-23 23:40:58 - [TEST_STEP][PASSED] - Actual_SAS = getText(findTestObject("1. Constant/xpath", ["xpath":xpath_SAS])): Text of object 'Object Repository/1. Constant/xpath' is: 'SAS S30: Add Phase Group SA/ Skip to Phase 1.1'

2022-06-23 23:41:00 - [MESSAGE][PASSED] - Text of object 'Object Repository/1. Constant/xpath' is: 'SAS S30: Add Phase Group SA/ Skip to Phase 1.1'

2022-06-23 23:41:00 - [TEST_STEP][PASSED] - I.print(i): null

2022-06-23 23:41:00 - [TEST_STEP][PASSED] - if (Actual_SAS.contains(Expected_SAS_Selected)): null

2022-06-23 23:41:00 - [TEST_STEP][PASSED] - click(findTestObject("1. Constant/xpath", ["xpath":xpath_SAS])): Object: 'Object Repository/1. Constant/xpath' is clicked on

2022-06-23 23:41:01 - [MESSAGE][PASSED] - Object: 'Object Repository/1. Constant/xpath' is clicked on

2022-06-23 23:41:01 - [TEST_STEP][PASSED] - break: null

2022-06-23 23:41:01 - [TEST_STEP][PASSED] - takeScreenshot(): Taking screenshot successfully

2022-06-23 23:41:02 - [MESSAGE][PASSED] - Taking screenshot successfully
[[ATTACHMENT|D:\\Projet Test Auto\\Mediabox Test Automation\\Reports\\20220623_184212\\03. Parallel Testing (Testing)\\TS -PT PART 3\\14.05 Dreyers Support Action (Ongoing _ Completed ref) - PART 5\\20220623_184240\\1656020462150.png]]

2022-06-23 23:41:02 - [TEST_STEP][PASSED] - delay(1): Delayed 1 second(s)

2022-06-23 23:41:03 - [MESSAGE][PASSED] - Delayed 1 second(s)

2022-06-23 23:41:03 - [TEST_STEP][PASSED] - takeScreenshot(): Taking screenshot successfully

2022-06-23 23:41:04 - [MESSAGE][PASSED] - Taking screenshot successfully
[[ATTACHMENT|D:\\Projet Test Auto\\Mediabox Test Automation\\Reports\\20220623_184212\\03. Parallel Testing (Testing)\\TS -PT PART 3\\14.05 Dreyers Support Action (Ongoing _ Completed ref) - PART 5\\20220623_184240\\1656020463743.png]]

2022-06-23 23:41:04 - [TEST_STEP][PASSED] - click(findTestObject("1. Constant/xpath", ["xpath":"//*[@id="confirmSupportActionShortcut"]"])): Object: 'Object Repository/1. Constant/xpath' is clicked on

2022-06-23 23:41:09 - [MESSAGE][PASSED] - Object: 'Object Repository/1. Constant/xpath' is clicked on

2022-06-23 23:41:09 - [TEST_STEP][PASSED] - takeScreenshot(): Taking screenshot successfully

2022-06-23 23:41:09 - [MESSAGE][PASSED] - Taking screenshot successfully
[[ATTACHMENT|D:\\Projet Test Auto\\Mediabox Test Automation\\Reports\\20220623_184212\\03. Parallel Testing (Testing)\\TS -PT PART 3\\14.05 Dreyers Support Action (Ongoing _ Completed ref) - PART 5\\20220623_184240\\1656020469682.png]]

2022-06-23 23:41:09 - [TEST_STEP][PASSED] - click(findTestObject("1. Constant/xpath", ["xpath":"//*[@id="kt_content"]/div[3]/div/ul/li[3]/a"])): Object: 'Object Repository/1. Constant/xpath' is clicked on

2022-06-23 23:41:12 - [MESSAGE][PASSED] - Object: 'Object Repository/1. Constant/xpath' is clicked on

2022-06-23 23:41:12 - [TEST_STEP][PASSED] - takeScreenshot(): Taking screenshot successfully

2022-06-23 23:41:15 - [MESSAGE][PASSED] - Taking screenshot successfully
[[ATTACHMENT|D:\\Projet Test Auto\\Mediabox Test Automation\\Reports\\20220623_184212\\03. Parallel Testing (Testing)\\TS -PT PART 3\\14.05 Dreyers Support Action (Ongoing _ Completed ref) - PART 5\\20220623_184240\\1656020473864.png]]

2022-06-23 23:41:15 - [TEST_STEP][PASSED] - StepA_1 = getAttribute(findTestObject("1. Constant/xpath", ["xpath":"/html/body/div[1]/div[2]/div[8]/div[3]/div/div[3]/div[3]/div/ul/li[4]/a"]), "class"): Attribute 'class' of object 'Object Repository/1. Constant/xpath' is: 'nav-link timeline-badge badge-xl  bg-pending active'

2022-06-23 23:41:15 - [MESSAGE][PASSED] - Attribute 'class' of object 'Object Repository/1. Constant/xpath' is: 'nav-link timeline-badge badge-xl  bg-pending active'

2022-06-23 23:41:15 - [TEST_STEP][PASSED] - verifyMatch(StepA_1, "nav-link timeline-badge badge-xl  bg-pending active", false): Actual text 'nav-link timeline-badge badge-xl  bg-pending active' and expected text 'nav-link timeline-badge badge-xl  bg-pending active' are matched 

2022-06-23 23:41:15 - [MESSAGE][PASSED] - Actual text 'nav-link timeline-badge badge-xl  bg-pending active' and expected text 'nav-link timeline-badge badge-xl  bg-pending active' are matched 

2022-06-23 23:41:15 - [TEST_STEP][PASSED] - StepA_11 = I.Get_Stepname("/html/body/div[1]/div[2]/div[8]/div[3]/div/div[3]/div[3]/div/ul/li[4]/a"): Attribute 'href' of object 'Object Repository/1. Constant/xpath' is: 'http://mdb-release.diadeis.lan/MediaboxIndependence/Base/ExecAction?action=VoirRef&IDSession=MBI!RELTESTAUTO_DREYERS!RP3V9SRJE82B7C5YKFM07LZCFLF9TILXM3JKKWTH&num=OB09N9LEGO&id_ref=5335#tab_lifecycle_SASStepA_12377'

2022-06-23 23:41:20 - [MESSAGE][PASSED] - Delayed 5 second(s)

2022-06-23 23:41:22 - [MESSAGE][PASSED] - Attribute 'href' of object 'Object Repository/1. Constant/xpath' is: 'http://mdb-release.diadeis.lan/MediaboxIndependence/Base/ExecAction?action=VoirRef&IDSession=MBI!RELTESTAUTO_DREYERS!RP3V9SRJE82B7C5YKFM07LZCFLF9TILXM3JKKWTH&num=OB09N9LEGO&id_ref=5335#tab_lifecycle_SASStepA_12377'

2022-06-23 23:41:22 - [TEST_STEP][PASSED] - verifyMatch(StepA_11, "SASStepA", false): Actual text 'SASStepA' and expected text 'SASStepA' are matched 

2022-06-23 23:41:22 - [MESSAGE][PASSED] - Actual text 'SASStepA' and expected text 'SASStepA' are matched 

2022-06-23 23:41:22 - [TEST_STEP][PASSED] - StepA_4 = getText(findTestObject("1. Constant/xpath", ["xpath":"/html/body/div[1]/div[2]/div[8]/div[3]/div/div[3]/div[3]/div/div/div[4]/div/div[1]/div/div[1]/div[1]/h3"])): Text of object 'Object Repository/1. Constant/xpath' is: 'Phase 1.1 [Standard]'

2022-06-23 23:41:22 - [MESSAGE][PASSED] - Text of object 'Object Repository/1. Constant/xpath' is: 'Phase 1.1 [Standard]'

2022-06-23 23:41:22 - [TEST_STEP][PASSED] - verifyMatch(StepA_4, "Phase 1.1 [Standard]", false): Actual text 'Phase 1.1 [Standard]' and expected text 'Phase 1.1 [Standard]' are matched 

2022-06-23 23:41:22 - [MESSAGE][PASSED] - Actual text 'Phase 1.1 [Standard]' and expected text 'Phase 1.1 [Standard]' are matched 

2022-06-23 23:41:22 - [TEST_STEP][PASSED] - Started_StepAP1_1 = getText(findTestObject("1. Constant/xpath", ["xpath":"/html/body/div[1]/div[2]/div[8]/div[3]/div/div[3]/div[3]/div/div/div[4]/div/div[1]/div/div[2]/div[1]"])): Text of object 'Object Repository/1. Constant/xpath' is: 'Started 06/23/22 05:41 PM'

2022-06-23 23:41:22 - [MESSAGE][PASSED] - Text of object 'Object Repository/1. Constant/xpath' is: 'Started 06/23/22 05:41 PM'

2022-06-23 23:41:22 - [TEST_STEP][PASSED] - if (Started_StepAP1_1.contains("Started")): Actual object '1' and expected object '1' are equal

2022-06-23 23:41:22 - [TEST_STEP][PASSED] - verifyEqual(1, 1): Actual object '1' and expected object '1' are equal

2022-06-23 23:41:22 - [MESSAGE][PASSED] - Actual object '1' and expected object '1' are equal

2022-06-23 23:41:22 - [TEST_STEP][PASSED] - verifyElementNotPresent(findTestObject("1. Constant/xpath", ["xpath":"/html/body/div[1]/div[2]/div[8]/div[3]/div/div[3]/div[3]/div/ul/li[5]/a"]), 10): Web element with id: 'Object Repository/1. Constant/xpath' located by 'By.xpath: /html/body/div[1]/div[2]/div[8]/div[3]/div/div[3]/div[3]/div/ul/li[5]/a' is not present after '10' second(s)

2022-06-23 23:41:23 - [MESSAGE][PASSED] - Web element with id: 'Object Repository/1. Constant/xpath' located by 'By.xpath: /html/body/div[1]/div[2]/div[8]/div[3]/div/div[3]/div[3]/div/ul/li[5]/a' is not present after '10' second(s)

2022-06-23 23:41:23 - [TEST_STEP][PASSED] - click(findTestObject("1. Constant/xpath", ["xpath":"/html/body/div[1]/div[2]/div[8]/div[2]/div/nav/ol/li[2]/a"])): Object: 'Object Repository/1. Constant/xpath' is clicked on

2022-06-23 23:41:28 - [MESSAGE][PASSED] - Object: 'Object Repository/1. Constant/xpath' is clicked on

2022-06-23 23:41:28 - [TEST_STEP][PASSED] - Lifecycle_Status1 = getText(findTestObject("1. Constant/xpath", ["xpath":"//*[@id="source_" + refID25 + ""]/td[11]/span[1]"])): Text of object 'Object Repository/1. Constant/xpath' is: 'Phase 1.1 [Standard]'

2022-06-23 23:41:29 - [MESSAGE][PASSED] - Text of object 'Object Repository/1. Constant/xpath' is: 'Phase 1.1 [Standard]'

2022-06-23 23:41:29 - [TEST_STEP][PASSED] - verifyMatch(Lifecycle_Status1, "Phase 1.1 [Standard]", false): Actual text 'Phase 1.1 [Standard]' and expected text 'Phase 1.1 [Standard]' are matched 

2022-06-23 23:41:29 - [MESSAGE][PASSED] - Actual text 'Phase 1.1 [Standard]' and expected text 'Phase 1.1 [Standard]' are matched 

2022-06-23 23:41:29 - [TEST_STEP][PASSED] - I.Logout(): Delayed 3 second(s)

2022-06-23 23:41:32 - [MESSAGE][PASSED] - Delayed 3 second(s)

2022-06-23 23:41:33 - [MESSAGE][PASSED] - Object: 'Object Repository/1. Constant/xpath' is clicked on

2022-06-23 23:41:36 - [MESSAGE][PASSED] - Delayed 3 second(s)

2022-06-23 23:41:40 - [MESSAGE][PASSED] - Object: 'Object Repository/1. Constant/xpath' is clicked on

2022-06-23 23:41:43 - [MESSAGE][PASSED] - Delayed 3 second(s)

2022-06-23 23:41:43 - [TEST_STEP][PASSED] - I.Login_password("blemco", password_blemco): Object: 'Object Repository/1. Constant/xpath' is clicked on

2022-06-23 23:41:44 - [MESSAGE][PASSED] - Text 'blemco' is set on object 'Object Repository/1. Constant/xpath'

2022-06-23 23:41:45 - [MESSAGE][PASSED] - Delayed 1 second(s)

2022-06-23 23:41:49 - [MESSAGE][PASSED] - Text 'diadeis1' is set on object 'Object Repository/1. Constant/xpath'

2022-06-23 23:41:50 - [MESSAGE][PASSED] - Delayed 1 second(s)

2022-06-23 23:41:57 - [MESSAGE][PASSED] - Object: 'Object Repository/1. Constant/xpath' is clicked on

2022-06-23 23:41:57 - [TEST_STEP][PASSED] - click(findTestObject("1. Constant/02_LHSMenu_Projects")): Object: 'Object Repository/1. Constant/02_LHSMenu_Projects' is clicked on

2022-06-23 23:42:01 - [MESSAGE][PASSED] - Object: 'Object Repository/1. Constant/02_LHSMenu_Projects' is clicked on

2022-06-23 23:42:01 - [TEST_STEP][PASSED] - I.SearchProjectNo_xpath(Project_No, "//*[@id="keynum_project"]", "//*[@id="form_filters"]/div[4]/button"): Delayed 5 second(s)

2022-06-23 23:42:02 - [MESSAGE][PASSED] - Delayed 1 second(s)

2022-06-23 23:42:05 - [MESSAGE][PASSED] - Text 'MI000883' is set on object 'Object Repository/1. Constant/xpath'

2022-06-23 23:42:08 - [MESSAGE][PASSED] - Delayed 3 second(s)

2022-06-23 23:42:09 - [MESSAGE][PASSED] - Scroll to object 'Object Repository/1. Constant/xpath' successfully

2022-06-23 23:42:14 - [MESSAGE][PASSED] - Object: 'Object Repository/1. Constant/xpath' is clicked on

2022-06-23 23:42:19 - [MESSAGE][PASSED] - Delayed 5 second(s)

2022-06-23 23:42:19 - [TEST_STEP][PASSED] - I.SearchRefNo_xpath("P25_Auto", "//*[@id="fiche_filter_keywords11"]", "//*[@id="form_filters"]/div[3]/button"): Delayed 5 second(s)

2022-06-23 23:42:20 - [MESSAGE][PASSED] - Delayed 1 second(s)

2022-06-23 23:42:22 - [MESSAGE][PASSED] - Text 'P25_Auto' is set on object 'Object Repository/1. Constant/xpath'

2022-06-23 23:42:25 - [MESSAGE][PASSED] - Delayed 3 second(s)

2022-06-23 23:42:26 - [MESSAGE][PASSED] - Scroll to object 'Object Repository/1. Constant/xpath' successfully

2022-06-23 23:42:30 - [MESSAGE][PASSED] - Object: 'Object Repository/1. Constant/xpath' is clicked on

2022-06-23 23:42:35 - [MESSAGE][PASSED] - Delayed 5 second(s)

2022-06-23 23:42:35 - [TEST_STEP][PASSED] - takeScreenshot(): Taking screenshot successfully

2022-06-23 23:42:36 - [MESSAGE][PASSED] - Taking screenshot successfully
[[ATTACHMENT|D:\\Projet Test Auto\\Mediabox Test Automation\\Reports\\20220623_184212\\03. Parallel Testing (Testing)\\TS -PT PART 3\\14.05 Dreyers Support Action (Ongoing _ Completed ref) - PART 5\\20220623_184240\\1656020556114.png]]

2022-06-23 23:42:36 - [TEST_STEP][PASSED] - click(findTestObject("1. Constant/xpath", ["xpath":"//*[@id="source_" + refID25 + ""]/td[13]/a[3]"])): Object: 'Object Repository/1. Constant/xpath' is clicked on

2022-06-23 23:42:40 - [MESSAGE][PASSED] - Object: 'Object Repository/1. Constant/xpath' is clicked on

2022-06-23 23:42:40 - [TEST_STEP][PASSED] - click(findTestObject("1. Constant/xpath", ["xpath":"//*[@id="ModifFiche"]/div[1]/div/button[2]"])): Object: 'Object Repository/1. Constant/xpath' is clicked on

2022-06-23 23:42:46 - [MESSAGE][PASSED] - Object: 'Object Repository/1. Constant/xpath' is clicked on

2022-06-23 23:42:46 - [TEST_STEP][PASSED] - Lifecycle_Status3 = getText(findTestObject("1. Constant/xpath", ["xpath":"//*[@id="source_" + refID25 + ""]/td[12]/span[1]"])): Text of object 'Object Repository/1. Constant/xpath' is: 'Phase 1.2 [Standard Phase]'

2022-06-23 23:42:47 - [MESSAGE][PASSED] - Text of object 'Object Repository/1. Constant/xpath' is: 'Phase 1.2 [Standard Phase]'

2022-06-23 23:42:47 - [TEST_STEP][PASSED] - verifyMatch(Lifecycle_Status3, "Phase 1.2 [Standard Phase]", false): Actual text 'Phase 1.2 [Standard Phase]' and expected text 'Phase 1.2 [Standard Phase]' are matched 

2022-06-23 23:42:47 - [MESSAGE][PASSED] - Actual text 'Phase 1.2 [Standard Phase]' and expected text 'Phase 1.2 [Standard Phase]' are matched 

2022-06-23 23:42:47 - [TEST_STEP][PASSED] - I.Logout(): Delayed 3 second(s)

2022-06-23 23:42:50 - [MESSAGE][PASSED] - Delayed 3 second(s)

2022-06-23 23:42:51 - [MESSAGE][PASSED] - Object: 'Object Repository/1. Constant/xpath' is clicked on

2022-06-23 23:42:54 - [MESSAGE][PASSED] - Delayed 3 second(s)

2022-06-23 23:42:56 - [MESSAGE][PASSED] - Object: 'Object Repository/1. Constant/xpath' is clicked on

2022-06-23 23:42:59 - [MESSAGE][PASSED] - Delayed 3 second(s)

2022-06-23 23:42:59 - [TEST_STEP][PASSED] - I.Login_password("nturner", password_nturner): Object: 'Object Repository/1. Constant/xpath' is clicked on

2022-06-23 23:43:01 - [MESSAGE][PASSED] - Text 'nturner' is set on object 'Object Repository/1. Constant/xpath'

2022-06-23 23:43:02 - [MESSAGE][PASSED] - Delayed 1 second(s)

2022-06-23 23:43:03 - [MESSAGE][PASSED] - Text 'diadeis1' is set on object 'Object Repository/1. Constant/xpath'

2022-06-23 23:43:04 - [MESSAGE][PASSED] - Delayed 1 second(s)

2022-06-23 23:43:09 - [MESSAGE][PASSED] - Object: 'Object Repository/1. Constant/xpath' is clicked on

2022-06-23 23:43:09 - [TEST_STEP][PASSED] - click(findTestObject("1. Constant/02_LHSMenu_Projects")): Object: 'Object Repository/1. Constant/02_LHSMenu_Projects' is clicked on

2022-06-23 23:43:13 - [MESSAGE][PASSED] - Object: 'Object Repository/1. Constant/02_LHSMenu_Projects' is clicked on

2022-06-23 23:43:13 - [TEST_STEP][PASSED] - I.SearchProjectNo_xpath(Project_No, "//*[@id="keynum_project"]", "//*[@id="form_filters"]/div[4]/button"): Delayed 5 second(s)

2022-06-23 23:43:14 - [MESSAGE][PASSED] - Delayed 1 second(s)

2022-06-23 23:43:17 - [MESSAGE][PASSED] - Text 'MI000883' is set on object 'Object Repository/1. Constant/xpath'

2022-06-23 23:43:20 - [MESSAGE][PASSED] - Delayed 3 second(s)

2022-06-23 23:43:22 - [MESSAGE][PASSED] - Scroll to object 'Object Repository/1. Constant/xpath' successfully

2022-06-23 23:43:27 - [MESSAGE][PASSED] - Object: 'Object Repository/1. Constant/xpath' is clicked on

2022-06-23 23:43:32 - [MESSAGE][PASSED] - Delayed 5 second(s)

2022-06-23 23:43:32 - [TEST_STEP][PASSED] - I.SearchRefNo_xpath("P25_Auto", "//*[@id="fiche_filter_keywords11"]", "//*[@id="form_filters"]/div[3]/button"): Delayed 5 second(s)

2022-06-23 23:43:33 - [MESSAGE][PASSED] - Delayed 1 second(s)

2022-06-23 23:43:34 - [MESSAGE][PASSED] - Text 'P25_Auto' is set on object 'Object Repository/1. Constant/xpath'

2022-06-23 23:43:37 - [MESSAGE][PASSED] - Delayed 3 second(s)

2022-06-23 23:43:38 - [MESSAGE][PASSED] - Scroll to object 'Object Repository/1. Constant/xpath' successfully

2022-06-23 23:43:43 - [MESSAGE][PASSED] - Object: 'Object Repository/1. Constant/xpath' is clicked on

2022-06-23 23:43:48 - [MESSAGE][PASSED] - Delayed 5 second(s)

2022-06-23 23:43:48 - [TEST_STEP][PASSED] - delay(1): Delayed 1 second(s)

2022-06-23 23:43:49 - [MESSAGE][PASSED] - Delayed 1 second(s)

2022-06-23 23:43:49 - [TEST_STEP][PASSED] - takeScreenshot(): Taking screenshot successfully

2022-06-23 23:43:50 - [MESSAGE][PASSED] - Taking screenshot successfully
[[ATTACHMENT|D:\\Projet Test Auto\\Mediabox Test Automation\\Reports\\20220623_184212\\03. Parallel Testing (Testing)\\TS -PT PART 3\\14.05 Dreyers Support Action (Ongoing _ Completed ref) - PART 5\\20220623_184240\\1656020629832.png]]

2022-06-23 23:43:50 - [TEST_STEP][PASSED] - click(findTestObject("1. Constant/xpath", ["xpath":"//*[@id="source_" + refID25 + ""]/td[13]/a[2]"])): Object: 'Object Repository/1. Constant/xpath' is clicked on

2022-06-23 23:43:54 - [MESSAGE][PASSED] - Object: 'Object Repository/1. Constant/xpath' is clicked on

2022-06-23 23:43:54 - [TEST_STEP][PASSED] - click(findTestObject("1. Constant/xpath", ["xpath":"//*[@id="ModifFiche"]/div[1]/div/button[2]"])): Object: 'Object Repository/1. Constant/xpath' is clicked on

2022-06-23 23:43:58 - [MESSAGE][PASSED] - Object: 'Object Repository/1. Constant/xpath' is clicked on

2022-06-23 23:43:58 - [TEST_STEP][PASSED] - Lifecycle_Status11 = getText(findTestObject("1. Constant/xpath", ["xpath":"//*[@id="source_" + refID25 + ""]/td[12]/span[1]"])): Text of object 'Object Repository/1. Constant/xpath' is: 'Complete'

2022-06-23 23:43:58 - [MESSAGE][PASSED] - Text of object 'Object Repository/1. Constant/xpath' is: 'Complete'

2022-06-23 23:43:58 - [TEST_STEP][PASSED] - verifyMatch(Lifecycle_Status11, "Complete", false): Actual text 'Complete' and expected text 'Complete' are matched 

2022-06-23 23:43:58 - [MESSAGE][PASSED] - Actual text 'Complete' and expected text 'Complete' are matched 

2022-06-23 23:43:58 - [TEST_STEP][PASSED] - closeBrowser(): Browser is closed

2022-06-23 23:44:05 - [MESSAGE][PASSED] - Browser is closed

2022-06-23 23:44:05 - [TEST_STEP][PASSED] - Start listener action : sampleAfterTestCase: null]]></system-out>
         <system-err><![CDATA[]]></system-err>
      </testcase>
      <testcase name="Test Cases/19. Dreyers Support Action (Ongoing ref_completed)/19.26 Dreyers SAS Add Phase group (Completed) S33 - P26 (will be used in P27)" time="886.645" classname="Test Cases/19. Dreyers Support Action (Ongoing ref_completed)/19.26 Dreyers SAS Add Phase group (Completed) S33 - P26 (will be used in P27)" status="PASSED">
         <system-out><![CDATA[2022-06-23 23:44:05 - [TEST_CASE][PASSED] - Test Cases/19. Dreyers Support Action (Ongoing ref_completed)/19.26 Dreyers SAS Add Phase group (Completed) S33 - P26 (will be used in P27): Test Cases/19. Dreyers Support Action (Ongoing ref_completed)/19.26 Dreyers SAS Add Phase group (Completed) S33 - P26 (will be used in P27)

2022-06-23 23:44:07 - [TEST_STEP][PASSED] - data_Dreyers = findTestData("Data Files/Username_Password/Dreyer"): null

2022-06-23 23:44:07 - [TEST_STEP][PASSED] - password_suser = data_Dreyers.getValue(2, 1): null

2022-06-23 23:44:07 - [TEST_STEP][PASSED] - password_blemco = data_Dreyers.getValue(2, 2): null

2022-06-23 23:44:07 - [TEST_STEP][PASSED] - password_nturner = data_Dreyers.getValue(2, 6): null

2022-06-23 23:44:07 - [TEST_STEP][PASSED] - password_talexeeva = data_Dreyers.getValue(2, 7): null

2022-06-23 23:44:07 - [TEST_STEP][PASSED] - password_jryan = data_Dreyers.getValue(2, 12): null

2022-06-23 23:44:07 - [TEST_STEP][PASSED] - password_lmary = data_Dreyers.getValue(2, 13): null

2022-06-23 23:44:07 - [TEST_STEP][PASSED] - data_urlRELAUTO = findTestData("Data Files/URL/URL_relauto"): null

2022-06-23 23:44:07 - [TEST_STEP][PASSED] - Url_Dreyer = data_urlRELAUTO.getValue(2, 4): null

2022-06-23 23:44:07 - [TEST_STEP][PASSED] - Project_No = I.readnotepad("D:\Upoad_File\Projet_ Login\Dreyers\19.1\19.1_Dreyers_ProjectNo.txt"): null

2022-06-23 23:44:07 - [TEST_STEP][PASSED] - refID = I.readnotepad("D:\Upoad_File\Projet_ Login\Dreyers\19.1\19.1_Dreyers_refID.txt"): null

2022-06-23 23:44:07 - [TEST_STEP][PASSED] - I.clearnotepad("D:\Upoad_File\Projet_ Login\Dreyers\19.1\19.26_Dreyers_refID26.txt"): null

2022-06-23 23:44:07 - [TEST_STEP][PASSED] - openBrowser(Url_Dreyer): Browser is opened with url: 'http://mdb-release.diadeis.lan/MediaboxIndependence/?MBI_datasource=RELTESTAUTO_DREYERS'

2022-06-23 23:44:07 - [MESSAGE][INFO] - Starting 'Chrome (headless)' driver

2022-06-23 23:44:07 - [MESSAGE][INFO] - User set preference: ['args', '[--window-size=1920,1080, --headless]']

2022-06-23 23:44:08 - [MESSAGE][INFO] - Action delay is set to 0 milliseconds

2022-06-23 23:44:26 - [MESSAGE][PASSED] - Browser is opened with url: 'http://mdb-release.diadeis.lan/MediaboxIndependence/?MBI_datasource=RELTESTAUTO_DREYERS'

2022-06-23 23:44:26 - [TEST_STEP][PASSED] - maximizeWindow(): Current window maximized

2022-06-23 23:44:26 - [MESSAGE][PASSED] - Current window maximized

2022-06-23 23:44:26 - [TEST_STEP][PASSED] - I.Login_password("suser", password_suser): Object: 'Object Repository/1. Constant/xpath' is clicked on

2022-06-23 23:44:27 - [MESSAGE][PASSED] - Text 'suser' is set on object 'Object Repository/1. Constant/xpath'

2022-06-23 23:44:28 - [MESSAGE][PASSED] - Delayed 1 second(s)

2022-06-23 23:44:29 - [MESSAGE][PASSED] - Text 'diadeis' is set on object 'Object Repository/1. Constant/xpath'

2022-06-23 23:44:30 - [MESSAGE][PASSED] - Delayed 1 second(s)

2022-06-23 23:44:41 - [MESSAGE][PASSED] - Object: 'Object Repository/1. Constant/xpath' is clicked on

2022-06-23 23:44:41 - [TEST_STEP][PASSED] - click(findTestObject("1. Constant/02_LHSMenu_Projects")): Object: 'Object Repository/1. Constant/02_LHSMenu_Projects' is clicked on

2022-06-23 23:44:44 - [MESSAGE][PASSED] - Object: 'Object Repository/1. Constant/02_LHSMenu_Projects' is clicked on

2022-06-23 23:44:44 - [TEST_STEP][PASSED] - I.SearchProjectNo_xpath(Project_No, "//*[@id="keynum_project"]", "//*[@id="form_filters"]/div[4]/button"): Delayed 5 second(s)

2022-06-23 23:44:45 - [MESSAGE][PASSED] - Delayed 1 second(s)

2022-06-23 23:44:48 - [MESSAGE][PASSED] - Text 'MI000883' is set on object 'Object Repository/1. Constant/xpath'

2022-06-23 23:44:51 - [MESSAGE][PASSED] - Delayed 3 second(s)

2022-06-23 23:44:51 - [MESSAGE][PASSED] - Scroll to object 'Object Repository/1. Constant/xpath' successfully

2022-06-23 23:44:57 - [MESSAGE][PASSED] - Object: 'Object Repository/1. Constant/xpath' is clicked on

2022-06-23 23:45:02 - [MESSAGE][PASSED] - Delayed 5 second(s)

2022-06-23 23:45:02 - [TEST_STEP][PASSED] - takeScreenshot(): Taking screenshot successfully

2022-06-23 23:45:02 - [MESSAGE][PASSED] - Taking screenshot successfully
[[ATTACHMENT|D:\\Projet Test Auto\\Mediabox Test Automation\\Reports\\20220623_184212\\03. Parallel Testing (Testing)\\TS -PT PART 3\\14.05 Dreyers Support Action (Ongoing _ Completed ref) - PART 5\\20220623_184240\\1656020702342.png]]

2022-06-23 23:45:02 - [TEST_STEP][PASSED] - click(findTestObject("1. Constant/xpath", ["xpath":"//*[@id="create_ref_btn"]/button"])): Object: 'Object Repository/1. Constant/xpath' is clicked on

2022-06-23 23:45:03 - [MESSAGE][PASSED] - Object: 'Object Repository/1. Constant/xpath' is clicked on

2022-06-23 23:45:03 - [TEST_STEP][PASSED] - click(findTestObject("1. Constant/xpath", ["xpath":"//*[@id="create_ref_btn"]/div/a"])): Object: 'Object Repository/1. Constant/xpath' is clicked on

2022-06-23 23:45:06 - [MESSAGE][PASSED] - Object: 'Object Repository/1. Constant/xpath' is clicked on

2022-06-23 23:45:06 - [TEST_STEP][PASSED] - delay(1): Delayed 1 second(s)

2022-06-23 23:45:07 - [MESSAGE][PASSED] - Delayed 1 second(s)

2022-06-23 23:45:07 - [TEST_STEP][PASSED] - selectOptionByValue(findTestObject("1. Constant/xpath", ["xpath":"//*[@id="lfc_tpl"]"]), "36", false): All options with value '36' are selected in object 'Object Repository/1. Constant/xpath' 

2022-06-23 23:45:14 - [MESSAGE][PASSED] - All options with value '36' are selected in object 'Object Repository/1. Constant/xpath' 

2022-06-23 23:45:14 - [TEST_STEP][PASSED] - ref_name = "P26_Auto_SAS_S33_" + RandomStringUtils.randomAlphanumeric(5) + I.gettimedate(): null

2022-06-23 23:45:14 - [TEST_STEP][PASSED] - delay(1): Delayed 1 second(s)

2022-06-23 23:45:15 - [MESSAGE][PASSED] - Delayed 1 second(s)

2022-06-23 23:45:15 - [TEST_STEP][PASSED] - setText(findTestObject("1. Constant/xpath", ["xpath":"//*[@id="var_name"]"]), ref_name): Text 'P26_Auto_SAS_S33_n2nxkjuin232022_234514' is set on object 'Object Repository/1. Constant/xpath'

2022-06-23 23:45:17 - [MESSAGE][PASSED] - Text 'P26_Auto_SAS_S33_n2nxkjuin232022_234514' is set on object 'Object Repository/1. Constant/xpath'

2022-06-23 23:45:17 - [TEST_STEP][PASSED] - takeScreenshot(): Taking screenshot successfully

2022-06-23 23:45:17 - [MESSAGE][PASSED] - Taking screenshot successfully
[[ATTACHMENT|D:\\Projet Test Auto\\Mediabox Test Automation\\Reports\\20220623_184212\\03. Parallel Testing (Testing)\\TS -PT PART 3\\14.05 Dreyers Support Action (Ongoing _ Completed ref) - PART 5\\20220623_184240\\1656020717287.png]]

2022-06-23 23:45:17 - [TEST_STEP][PASSED] - click(findTestObject("1. Constant/xpath", ["xpath":"//*[@id="createRefBottom"]"])): Object: 'Object Repository/1. Constant/xpath' is clicked on

2022-06-23 23:45:22 - [MESSAGE][PASSED] - Object: 'Object Repository/1. Constant/xpath' is clicked on

2022-06-23 23:45:22 - [TEST_STEP][PASSED] - delay(1): Delayed 1 second(s)

2022-06-23 23:45:23 - [MESSAGE][PASSED] - Delayed 1 second(s)

2022-06-23 23:45:23 - [TEST_STEP][PASSED] - takeScreenshot(): Taking screenshot successfully

2022-06-23 23:45:23 - [MESSAGE][PASSED] - Taking screenshot successfully
[[ATTACHMENT|D:\\Projet Test Auto\\Mediabox Test Automation\\Reports\\20220623_184212\\03. Parallel Testing (Testing)\\TS -PT PART 3\\14.05 Dreyers Support Action (Ongoing _ Completed ref) - PART 5\\20220623_184240\\1656020723237.png]]

2022-06-23 23:45:23 - [TEST_STEP][PASSED] - refID26 = I.RefID(): Current window's url is: 'http://mdb-release.diadeis.lan/MediaboxIndependence/Base/ExecAction?IDSession=MBI%21RELTESTAUTO_DREYERS%21800YFORV38WHVZYCY7M8ZSTM27R43E0D31QA42QJ&default_action=ModifierRef&id_project=MI000883&id_ref=5336&action_from=create_ref'

2022-06-23 23:45:28 - [MESSAGE][PASSED] - Delayed 5 second(s)

2022-06-23 23:45:28 - [MESSAGE][PASSED] - Current window's url is: 'http://mdb-release.diadeis.lan/MediaboxIndependence/Base/ExecAction?IDSession=MBI%21RELTESTAUTO_DREYERS%21800YFORV38WHVZYCY7M8ZSTM27R43E0D31QA42QJ&default_action=ModifierRef&id_project=MI000883&id_ref=5336&action_from=create_ref'

2022-06-23 23:45:28 - [TEST_STEP][PASSED] - click(findTestObject("1. Constant/xpath", ["xpath":"//*[@id="type_save"]"])): Object: 'Object Repository/1. Constant/xpath' is clicked on

2022-06-23 23:45:33 - [MESSAGE][PASSED] - Object: 'Object Repository/1. Constant/xpath' is clicked on

2022-06-23 23:45:33 - [TEST_STEP][PASSED] - takeScreenshot(): Taking screenshot successfully

2022-06-23 23:45:34 - [MESSAGE][PASSED] - Taking screenshot successfully
[[ATTACHMENT|D:\\Projet Test Auto\\Mediabox Test Automation\\Reports\\20220623_184212\\03. Parallel Testing (Testing)\\TS -PT PART 3\\14.05 Dreyers Support Action (Ongoing _ Completed ref) - PART 5\\20220623_184240\\1656020734182.png]]

2022-06-23 23:45:34 - [TEST_STEP][PASSED] - delay(1): Delayed 1 second(s)

2022-06-23 23:45:35 - [MESSAGE][PASSED] - Delayed 1 second(s)

2022-06-23 23:45:35 - [TEST_STEP][PASSED] - I.SearchRefNo_xpath("P26_Auto", "//*[@id="fiche_filter_keywords11"]", "//*[@id="form_filters"]/div[3]/button"): Delayed 5 second(s)

2022-06-23 23:45:36 - [MESSAGE][PASSED] - Delayed 1 second(s)

2022-06-23 23:45:38 - [MESSAGE][PASSED] - Text 'P26_Auto' is set on object 'Object Repository/1. Constant/xpath'

2022-06-23 23:45:41 - [MESSAGE][PASSED] - Delayed 3 second(s)

2022-06-23 23:45:42 - [MESSAGE][PASSED] - Scroll to object 'Object Repository/1. Constant/xpath' successfully

2022-06-23 23:45:46 - [MESSAGE][PASSED] - Object: 'Object Repository/1. Constant/xpath' is clicked on

2022-06-23 23:45:51 - [MESSAGE][PASSED] - Delayed 5 second(s)

2022-06-23 23:45:51 - [TEST_STEP][PASSED] - click(findTestObject("1. Constant/xpath", ["xpath":"//*[@id="source_" + refID26 + ""]/td[14]/a[3]"])): Object: 'Object Repository/1. Constant/xpath' is clicked on

2022-06-23 23:45:54 - [MESSAGE][PASSED] - Object: 'Object Repository/1. Constant/xpath' is clicked on

2022-06-23 23:45:54 - [TEST_STEP][PASSED] - click(findTestObject("1. Constant/xpath", ["xpath":"//*[@id="ModifFiche"]/div[1]/div/button[2]"])): Object: 'Object Repository/1. Constant/xpath' is clicked on

2022-06-23 23:45:58 - [MESSAGE][PASSED] - Object: 'Object Repository/1. Constant/xpath' is clicked on

2022-06-23 23:45:58 - [TEST_STEP][PASSED] - takeScreenshot(): Taking screenshot successfully

2022-06-23 23:45:59 - [MESSAGE][PASSED] - Taking screenshot successfully
[[ATTACHMENT|D:\\Projet Test Auto\\Mediabox Test Automation\\Reports\\20220623_184212\\03. Parallel Testing (Testing)\\TS -PT PART 3\\14.05 Dreyers Support Action (Ongoing _ Completed ref) - PART 5\\20220623_184240\\1656020758499.png]]

2022-06-23 23:45:59 - [TEST_STEP][PASSED] - delay(1): Delayed 1 second(s)

2022-06-23 23:46:00 - [MESSAGE][PASSED] - Delayed 1 second(s)

2022-06-23 23:46:00 - [TEST_STEP][PASSED] - click(findTestObject("1. Constant/xpath", ["xpath":"//*[@id="source_" + refID26 + ""]/td[14]/a[3]"])): Object: 'Object Repository/1. Constant/xpath' is clicked on

2022-06-23 23:46:02 - [MESSAGE][PASSED] - Object: 'Object Repository/1. Constant/xpath' is clicked on

2022-06-23 23:46:02 - [TEST_STEP][PASSED] - click(findTestObject("1. Constant/xpath", ["xpath":"//*[@id="ModifFiche"]/div[1]/div/button[2]"])): Object: 'Object Repository/1. Constant/xpath' is clicked on

2022-06-23 23:46:08 - [MESSAGE][PASSED] - Object: 'Object Repository/1. Constant/xpath' is clicked on

2022-06-23 23:46:08 - [TEST_STEP][PASSED] - takeScreenshot(): Taking screenshot successfully

2022-06-23 23:46:09 - [MESSAGE][PASSED] - Taking screenshot successfully
[[ATTACHMENT|D:\\Projet Test Auto\\Mediabox Test Automation\\Reports\\20220623_184212\\03. Parallel Testing (Testing)\\TS -PT PART 3\\14.05 Dreyers Support Action (Ongoing _ Completed ref) - PART 5\\20220623_184240\\1656020769314.png]]

2022-06-23 23:46:09 - [TEST_STEP][PASSED] - delay(1): Delayed 1 second(s)

2022-06-23 23:46:10 - [MESSAGE][PASSED] - Delayed 1 second(s)

2022-06-23 23:46:10 - [TEST_STEP][PASSED] - color1 = getCSSValue(findTestObject("1. Constant/xpath", ["xpath":"//*[@id="source_" + refID26 + ""]/td[14]/a[2]"]), "color", OPTIONAL): Get CSS 'color' value on 'Object Repository/1. Constant/xpath' successfully: 'rgba(255, 255, 255, 1)'.

2022-06-23 23:46:11 - [MESSAGE][PASSED] - Get CSS 'color' value on 'Object Repository/1. Constant/xpath' successfully: 'rgba(255, 255, 255, 1)'.

2022-06-23 23:46:11 - [TEST_STEP][PASSED] - while (color1 == "rgba(255, 255, 255, 1)"): Get CSS 'color' value on 'Object Repository/1. Constant/xpath' successfully: 'rgba(54, 153, 255, 1)'.

2022-06-23 23:46:11 - [TEST_STEP][PASSED] - click(findTestObject("1. Constant/xpath", ["xpath":"//*[@id="source_" + refID26 + ""]/td[14]/a[2]"])): Object: 'Object Repository/1. Constant/xpath' is clicked on

2022-06-23 23:46:13 - [MESSAGE][PASSED] - Object: 'Object Repository/1. Constant/xpath' is clicked on

2022-06-23 23:46:13 - [TEST_STEP][PASSED] - I.UploadDoc_sendkey_Prod(findTestObject("1. Constant/xpath", ["xpath":"//*[@id="kt_body"]/input[2]"]), "D:\Upoad_File\Upload doc\testdata1.pdf", "testdata1"): Delayed 5 second(s)

2022-06-23 23:46:14 - [MESSAGE][PASSED] - Scroll to object 'Object Repository/1. Constant/xpath' successfully

2022-06-23 23:46:19 - [MESSAGE][PASSED] - Delayed 5 second(s)

2022-06-23 23:46:21 - [MESSAGE][PASSED] - File 'D:\Upoad_File\Upload doc\testdata1.pdf' sent to object: 'Object Repository/1. Constant/xpath'

2022-06-23 23:46:26 - [MESSAGE][PASSED] - Delayed 5 second(s)

2022-06-23 23:46:26 - [MESSAGE][PASSED] - Text 'testdata1' is present on page 

2022-06-23 23:46:31 - [MESSAGE][PASSED] - Delayed 5 second(s)

2022-06-23 23:46:36 - [MESSAGE][PASSED] - Delayed 5 second(s)

2022-06-23 23:46:36 - [TEST_STEP][PASSED] - takeScreenshot(): Taking screenshot successfully

2022-06-23 23:46:38 - [MESSAGE][PASSED] - Taking screenshot successfully
[[ATTACHMENT|D:\\Projet Test Auto\\Mediabox Test Automation\\Reports\\20220623_184212\\03. Parallel Testing (Testing)\\TS -PT PART 3\\14.05 Dreyers Support Action (Ongoing _ Completed ref) - PART 5\\20220623_184240\\1656020797415.png]]

2022-06-23 23:46:38 - [TEST_STEP][PASSED] - delay(8): Delayed 8 second(s)

2022-06-23 23:46:46 - [MESSAGE][PASSED] - Delayed 8 second(s)

2022-06-23 23:46:46 - [TEST_STEP][PASSED] - click(findTestObject("HL Full Lifecycle/12 ReferncePage_Button_Updatensenddoc")): Object: 'Object Repository/HL Full Lifecycle/12 ReferncePage_Button_Updatensenddoc' is clicked on

2022-06-23 23:46:52 - [MESSAGE][PASSED] - Object: 'Object Repository/HL Full Lifecycle/12 ReferncePage_Button_Updatensenddoc' is clicked on

2022-06-23 23:46:52 - [TEST_STEP][PASSED] - delay(4): Delayed 4 second(s)

2022-06-23 23:46:56 - [MESSAGE][PASSED] - Delayed 4 second(s)

2022-06-23 23:46:56 - [TEST_STEP][PASSED] - color1 = getCSSValue(findTestObject("1. Constant/xpath", ["xpath":"//*[@id="source_" + refID26 + ""]/td[14]/a[2]"]), "color", OPTIONAL): Get CSS 'color' value on 'Object Repository/1. Constant/xpath' successfully: 'rgba(54, 153, 255, 1)'.

2022-06-23 23:46:57 - [MESSAGE][PASSED] - Get CSS 'color' value on 'Object Repository/1. Constant/xpath' successfully: 'rgba(54, 153, 255, 1)'.

2022-06-23 23:46:57 - [TEST_STEP][PASSED] - takeScreenshot(): Taking screenshot successfully

2022-06-23 23:46:57 - [MESSAGE][PASSED] - Taking screenshot successfully
[[ATTACHMENT|D:\\Projet Test Auto\\Mediabox Test Automation\\Reports\\20220623_184212\\03. Parallel Testing (Testing)\\TS -PT PART 3\\14.05 Dreyers Support Action (Ongoing _ Completed ref) - PART 5\\20220623_184240\\1656020817108.png]]

2022-06-23 23:46:57 - [TEST_STEP][PASSED] - click(findTestObject("1. Constant/xpath", ["xpath":"//*[@id="source_" + refID26 + ""]/td[6]/a"])): Object: 'Object Repository/1. Constant/xpath' is clicked on

2022-06-23 23:47:06 - [MESSAGE][PASSED] - Object: 'Object Repository/1. Constant/xpath' is clicked on

2022-06-23 23:47:06 - [TEST_STEP][PASSED] - takeScreenshot(): Taking screenshot successfully

2022-06-23 23:47:07 - [MESSAGE][PASSED] - Taking screenshot successfully
[[ATTACHMENT|D:\\Projet Test Auto\\Mediabox Test Automation\\Reports\\20220623_184212\\03. Parallel Testing (Testing)\\TS -PT PART 3\\14.05 Dreyers Support Action (Ongoing _ Completed ref) - PART 5\\20220623_184240\\1656020827182.png]]

2022-06-23 23:47:07 - [TEST_STEP][PASSED] - delay(1): Delayed 1 second(s)

2022-06-23 23:47:08 - [MESSAGE][PASSED] - Delayed 1 second(s)

2022-06-23 23:47:08 - [TEST_STEP][PASSED] - I.Approveforothers("/html/body/div[1]/div[2]/div[8]/div[3]/div/div[3]/div[2]/div/div[3]/div/div[2]/div[1]/div/div[2]/div/div[2]/div[2]/div/div/div[1]/img", "/html/body/div[1]/div[2]/div[8]/div[3]/div/div[3]/div[2]/div/div[3]/div/div[2]/div[1]/div/div[2]/div/div[2]/div[2]/div/div/div[6]/a[2]/span"): Object: 'Object Repository/1. Constant/xpath' is clicked on

2022-06-23 23:47:11 - [MESSAGE][PASSED] - Object: 'Object Repository/1. Constant/xpath' is clicked on

2022-06-23 23:47:12 - [MESSAGE][PASSED] - Delayed 1 second(s)

2022-06-23 23:47:14 - [MESSAGE][PASSED] - Object: 'Object Repository/1. Constant/xpath' is clicked on

2022-06-23 23:47:15 - [MESSAGE][PASSED] - Delayed 1 second(s)

2022-06-23 23:47:17 - [MESSAGE][PASSED] - Object: 'Object Repository/1. Constant/xpath' is hovered

2022-06-23 23:47:18 - [MESSAGE][PASSED] - Object: 'Object Repository/1. Constant/xpath' is clicked on

2022-06-23 23:47:19 - [MESSAGE][PASSED] - Delayed 1 second(s)

2022-06-23 23:47:25 - [MESSAGE][PASSED] - Object: 'Object Repository/1. Constant/xpath' is clicked on

2022-06-23 23:47:25 - [TEST_STEP][PASSED] - delay(1): Delayed 1 second(s)

2022-06-23 23:47:26 - [MESSAGE][PASSED] - Delayed 1 second(s)

2022-06-23 23:47:26 - [TEST_STEP][PASSED] - click(findTestObject("1. Constant/xpath", ["xpath":"//*[@id="kt_subheader"]/div/nav/ol/li[2]/a"])): Object: 'Object Repository/1. Constant/xpath' is clicked on

2022-06-23 23:47:30 - [MESSAGE][PASSED] - Object: 'Object Repository/1. Constant/xpath' is clicked on

2022-06-23 23:47:30 - [TEST_STEP][PASSED] - delay(1): Delayed 1 second(s)

2022-06-23 23:47:31 - [MESSAGE][PASSED] - Delayed 1 second(s)

2022-06-23 23:47:31 - [TEST_STEP][PASSED] - I.submitquesiton_ref(findTestObject("1. Constant/xpath", ["xpath":"//*[@id="source_" + refID26 + ""]/td[14]/div[1]/button"]), findTestObject("1. Constant/xpath", ["xpath":"//*[@id="source_" + refID26 + ""]/td[14]/div[1]/div/a[1]"])): Object: 'Object Repository/1. Constant/xpath' is clicked on

2022-06-23 23:47:33 - [MESSAGE][PASSED] - Object: 'Object Repository/1. Constant/xpath' is clicked on

2022-06-23 23:47:36 - [MESSAGE][PASSED] - Delayed 3 second(s)

2022-06-23 23:47:39 - [MESSAGE][PASSED] - Object: 'Object Repository/1. Constant/xpath' is clicked on

2022-06-23 23:47:39 - [TEST_STEP][PASSED] - click(findTestObject("1. Constant/xpath", ["xpath":"//*[@id="ModifFiche"]/div[1]/div/button[2]"])): Object: 'Object Repository/1. Constant/xpath' is clicked on

2022-06-23 23:47:44 - [MESSAGE][PASSED] - Object: 'Object Repository/1. Constant/xpath' is clicked on

2022-06-23 23:47:44 - [TEST_STEP][PASSED] - takeScreenshot(): Taking screenshot successfully

2022-06-23 23:47:45 - [MESSAGE][PASSED] - Taking screenshot successfully
[[ATTACHMENT|D:\\Projet Test Auto\\Mediabox Test Automation\\Reports\\20220623_184212\\03. Parallel Testing (Testing)\\TS -PT PART 3\\14.05 Dreyers Support Action (Ongoing _ Completed ref) - PART 5\\20220623_184240\\1656020864967.png]]

2022-06-23 23:47:45 - [TEST_STEP][PASSED] - I.submitquesiton_ref(findTestObject("1. Constant/xpath", ["xpath":"//*[@id="source_" + refID26 + ""]/td[14]/div[1]/button"]), findTestObject("1. Constant/xpath", ["xpath":"//*[@id="source_" + refID26 + ""]/td[14]/div[1]/div/a[1]"])): Object: 'Object Repository/1. Constant/xpath' is clicked on

2022-06-23 23:47:45 - [MESSAGE][PASSED] - Object: 'Object Repository/1. Constant/xpath' is clicked on

2022-06-23 23:47:49 - [MESSAGE][PASSED] - Delayed 3 second(s)

2022-06-23 23:47:52 - [MESSAGE][PASSED] - Object: 'Object Repository/1. Constant/xpath' is clicked on

2022-06-23 23:47:52 - [TEST_STEP][PASSED] - click(findTestObject("1. Constant/xpath", ["xpath":"//*[@id="ModifFiche"]/div[1]/div/button[2]"])): Object: 'Object Repository/1. Constant/xpath' is clicked on

2022-06-23 23:48:00 - [MESSAGE][PASSED] - Object: 'Object Repository/1. Constant/xpath' is clicked on

2022-06-23 23:48:00 - [TEST_STEP][PASSED] - takeScreenshot(): Taking screenshot successfully

2022-06-23 23:48:01 - [MESSAGE][PASSED] - Taking screenshot successfully
[[ATTACHMENT|D:\\Projet Test Auto\\Mediabox Test Automation\\Reports\\20220623_184212\\03. Parallel Testing (Testing)\\TS -PT PART 3\\14.05 Dreyers Support Action (Ongoing _ Completed ref) - PART 5\\20220623_184240\\1656020880826.png]]

2022-06-23 23:48:01 - [TEST_STEP][PASSED] - click(findTestObject("1. Constant/xpath", ["xpath":"//*[@id="source_" + refID26 + ""]/td[14]/a[3]"])): Object: 'Object Repository/1. Constant/xpath' is clicked on

2022-06-23 23:48:04 - [MESSAGE][PASSED] - Object: 'Object Repository/1. Constant/xpath' is clicked on

2022-06-23 23:48:04 - [TEST_STEP][PASSED] - click(findTestObject("1. Constant/xpath", ["xpath":"//*[@id="ModifFiche"]/div[1]/div/button[2]"])): Object: 'Object Repository/1. Constant/xpath' is clicked on

2022-06-23 23:48:10 - [MESSAGE][PASSED] - Object: 'Object Repository/1. Constant/xpath' is clicked on

2022-06-23 23:48:10 - [TEST_STEP][PASSED] - takeScreenshot(): Taking screenshot successfully

2022-06-23 23:48:11 - [MESSAGE][PASSED] - Taking screenshot successfully
[[ATTACHMENT|D:\\Projet Test Auto\\Mediabox Test Automation\\Reports\\20220623_184212\\03. Parallel Testing (Testing)\\TS -PT PART 3\\14.05 Dreyers Support Action (Ongoing _ Completed ref) - PART 5\\20220623_184240\\1656020891250.png]]

2022-06-23 23:48:11 - [TEST_STEP][PASSED] - click(findTestObject("1. Constant/xpath", ["xpath":"//*[@id="source_" + refID26 + ""]/td[14]/a[3]"])): Object: 'Object Repository/1. Constant/xpath' is clicked on

2022-06-23 23:48:14 - [MESSAGE][PASSED] - Object: 'Object Repository/1. Constant/xpath' is clicked on

2022-06-23 23:48:14 - [TEST_STEP][PASSED] - click(findTestObject("1. Constant/xpath", ["xpath":"//*[@id="ModifFiche"]/div[1]/div/button[2]"])): Object: 'Object Repository/1. Constant/xpath' is clicked on

2022-06-23 23:48:20 - [MESSAGE][PASSED] - Object: 'Object Repository/1. Constant/xpath' is clicked on

2022-06-23 23:48:20 - [TEST_STEP][PASSED] - color2 = getCSSValue(findTestObject("1. Constant/xpath", ["xpath":"//*[@id="source_" + refID26 + ""]/td[14]/a[2]"]), "color", OPTIONAL): Get CSS 'color' value on 'Object Repository/1. Constant/xpath' successfully: 'rgba(255, 255, 255, 1)'.

2022-06-23 23:48:20 - [MESSAGE][PASSED] - Get CSS 'color' value on 'Object Repository/1. Constant/xpath' successfully: 'rgba(255, 255, 255, 1)'.

2022-06-23 23:48:20 - [TEST_STEP][PASSED] - while (color2 == "rgba(255, 255, 255, 1)"): Get CSS 'color' value on 'Object Repository/1. Constant/xpath' successfully: 'rgba(54, 153, 255, 1)'.

2022-06-23 23:48:20 - [TEST_STEP][PASSED] - click(findTestObject("1. Constant/xpath", ["xpath":"//*[@id="source_" + refID26 + ""]/td[14]/a[2]"])): Object: 'Object Repository/1. Constant/xpath' is clicked on

2022-06-23 23:48:22 - [MESSAGE][PASSED] - Object: 'Object Repository/1. Constant/xpath' is clicked on

2022-06-23 23:48:22 - [TEST_STEP][PASSED] - selectOptionByValue(findTestObject("1. Constant/xpath", ["xpath":"//*[@id="id_approval_flow_tpl"]"]), "80", false): All options with value '80' are selected in object 'Object Repository/1. Constant/xpath' 

2022-06-23 23:48:25 - [MESSAGE][PASSED] - All options with value '80' are selected in object 'Object Repository/1. Constant/xpath' 

2022-06-23 23:48:25 - [TEST_STEP][PASSED] - I.UploadDoc_sendkey_Prod(findTestObject("1. Constant/xpath", ["xpath":"//*[@id="kt_body"]/input[2]"]), "D:\Upoad_File\Upload doc\testdata1.jpg", "testdata1"): Delayed 5 second(s)

2022-06-23 23:48:26 - [MESSAGE][PASSED] - Scroll to object 'Object Repository/1. Constant/xpath' successfully

2022-06-23 23:48:31 - [MESSAGE][PASSED] - Delayed 5 second(s)

2022-06-23 23:48:32 - [MESSAGE][PASSED] - File 'D:\Upoad_File\Upload doc\testdata1.jpg' sent to object: 'Object Repository/1. Constant/xpath'

2022-06-23 23:48:37 - [MESSAGE][PASSED] - Delayed 5 second(s)

2022-06-23 23:48:38 - [MESSAGE][PASSED] - Text 'testdata1' is present on page 

2022-06-23 23:48:43 - [MESSAGE][PASSED] - Delayed 5 second(s)

2022-06-23 23:48:49 - [MESSAGE][PASSED] - Delayed 5 second(s)

2022-06-23 23:48:49 - [TEST_STEP][PASSED] - takeScreenshot(): Taking screenshot successfully

2022-06-23 23:48:50 - [MESSAGE][PASSED] - Taking screenshot successfully
[[ATTACHMENT|D:\\Projet Test Auto\\Mediabox Test Automation\\Reports\\20220623_184212\\03. Parallel Testing (Testing)\\TS -PT PART 3\\14.05 Dreyers Support Action (Ongoing _ Completed ref) - PART 5\\20220623_184240\\1656020929380.png]]

2022-06-23 23:48:50 - [TEST_STEP][PASSED] - delay(8): Delayed 8 second(s)

2022-06-23 23:48:58 - [MESSAGE][PASSED] - Delayed 8 second(s)

2022-06-23 23:48:58 - [TEST_STEP][PASSED] - click(findTestObject("HL Full Lifecycle/12 ReferncePage_Button_Updatensenddoc")): Object: 'Object Repository/HL Full Lifecycle/12 ReferncePage_Button_Updatensenddoc' is clicked on

2022-06-23 23:49:06 - [MESSAGE][PASSED] - Object: 'Object Repository/HL Full Lifecycle/12 ReferncePage_Button_Updatensenddoc' is clicked on

2022-06-23 23:49:06 - [TEST_STEP][PASSED] - delay(3): Delayed 3 second(s)

2022-06-23 23:49:09 - [MESSAGE][PASSED] - Delayed 3 second(s)

2022-06-23 23:49:09 - [TEST_STEP][PASSED] - color2 = getCSSValue(findTestObject("1. Constant/xpath", ["xpath":"//*[@id="source_" + refID26 + ""]/td[14]/a[2]"]), "color", OPTIONAL): Get CSS 'color' value on 'Object Repository/1. Constant/xpath' successfully: 'rgba(54, 153, 255, 1)'.

2022-06-23 23:49:10 - [MESSAGE][PASSED] - Get CSS 'color' value on 'Object Repository/1. Constant/xpath' successfully: 'rgba(54, 153, 255, 1)'.

2022-06-23 23:49:10 - [TEST_STEP][PASSED] - click(findTestObject("1. Constant/xpath", ["xpath":"//*[@id="source_" + refID26 + ""]/td[6]/a"])): Object: 'Object Repository/1. Constant/xpath' is clicked on

2022-06-23 23:49:13 - [MESSAGE][PASSED] - Object: 'Object Repository/1. Constant/xpath' is clicked on

2022-06-23 23:49:13 - [TEST_STEP][PASSED] - takeScreenshot(): Taking screenshot successfully

2022-06-23 23:49:14 - [MESSAGE][PASSED] - Taking screenshot successfully
[[ATTACHMENT|D:\\Projet Test Auto\\Mediabox Test Automation\\Reports\\20220623_184212\\03. Parallel Testing (Testing)\\TS -PT PART 3\\14.05 Dreyers Support Action (Ongoing _ Completed ref) - PART 5\\20220623_184240\\1656020953593.png]]

2022-06-23 23:49:14 - [TEST_STEP][PASSED] - delay(1): Delayed 1 second(s)

2022-06-23 23:49:15 - [MESSAGE][PASSED] - Delayed 1 second(s)

2022-06-23 23:49:15 - [TEST_STEP][PASSED] - I.Approveforothers("/html/body/div[1]/div[2]/div[8]/div[3]/div/div[3]/div[2]/div/div[3]/div/div[2]/div[1]/div/div[2]/div/div[2]/div[2]/div/div/div[1]/img", "/html/body/div[1]/div[2]/div[8]/div[3]/div/div[3]/div[2]/div/div[3]/div/div[2]/div[1]/div/div[2]/div/div[2]/div[2]/div/div/div[6]/a[2]/span"): Object: 'Object Repository/1. Constant/xpath' is clicked on

2022-06-23 23:49:16 - [MESSAGE][PASSED] - Object: 'Object Repository/1. Constant/xpath' is clicked on

2022-06-23 23:49:17 - [MESSAGE][PASSED] - Delayed 1 second(s)

2022-06-23 23:49:19 - [MESSAGE][PASSED] - Object: 'Object Repository/1. Constant/xpath' is clicked on

2022-06-23 23:49:20 - [MESSAGE][PASSED] - Delayed 1 second(s)

2022-06-23 23:49:25 - [MESSAGE][PASSED] - Object: 'Object Repository/1. Constant/xpath' is hovered

2022-06-23 23:49:30 - [MESSAGE][PASSED] - Object: 'Object Repository/1. Constant/xpath' is clicked on

2022-06-23 23:49:31 - [MESSAGE][PASSED] - Delayed 1 second(s)

2022-06-23 23:49:39 - [MESSAGE][PASSED] - Object: 'Object Repository/1. Constant/xpath' is clicked on

2022-06-23 23:49:39 - [TEST_STEP][PASSED] - click(findTestObject("1. Constant/xpath", ["xpath":"//*[@id="kt_subheader"]/div/nav/ol/li[2]/a"])): Object: 'Object Repository/1. Constant/xpath' is clicked on

2022-06-23 23:49:44 - [MESSAGE][PASSED] - Object: 'Object Repository/1. Constant/xpath' is clicked on

2022-06-23 23:49:44 - [TEST_STEP][PASSED] - delay(1): Delayed 1 second(s)

2022-06-23 23:49:45 - [MESSAGE][PASSED] - Delayed 1 second(s)

2022-06-23 23:49:45 - [TEST_STEP][PASSED] - click(findTestObject("1. Constant/xpath", ["xpath":"//*[@id="source_" + refID26 + ""]/td[14]/div[1]/button"])): Object: 'Object Repository/1. Constant/xpath' is clicked on

2022-06-23 23:49:49 - [MESSAGE][PASSED] - Object: 'Object Repository/1. Constant/xpath' is clicked on

2022-06-23 23:49:49 - [TEST_STEP][PASSED] - delay(1): Delayed 1 second(s)

2022-06-23 23:49:50 - [MESSAGE][PASSED] - Delayed 1 second(s)

2022-06-23 23:49:50 - [TEST_STEP][PASSED] - x = 20: null

2022-06-23 23:49:50 - [TEST_STEP][PASSED] - i = 1: null

2022-06-23 23:49:50 - [TEST_STEP][PASSED] - while (i <= x): null

2022-06-23 23:49:50 - [TEST_STEP][PASSED] - Expected_SAS_Selected = "SAS S27: Add Phase Group Step C/ Skip P3.1": null

2022-06-23 23:49:50 - [TEST_STEP][PASSED] - xpath_SAS = "//*[@id="source_" + refID26 + ""]/td[14]/div[1]/div/a[" + i + "]": null

2022-06-23 23:49:50 - [TEST_STEP][PASSED] - Actual_SAS = getText(findTestObject("1. Constant/xpath", ["xpath":xpath_SAS])): Text of object 'Object Repository/1. Constant/xpath' is: 'SAS S21 - Add Step Group C&A / Skip P3.4 [Complete]'

2022-06-23 23:49:50 - [MESSAGE][PASSED] - Text of object 'Object Repository/1. Constant/xpath' is: 'SAS S21 - Add Step Group C&A / Skip P3.4 [Complete]'

2022-06-23 23:49:50 - [TEST_STEP][PASSED] - I.print(i): null

2022-06-23 23:49:50 - [TEST_STEP][PASSED] - if (Actual_SAS.contains(Expected_SAS_Selected)): null

2022-06-23 23:49:50 - [TEST_STEP][PASSED] - i = i + 1: null

2022-06-23 23:49:50 - [TEST_STEP][PASSED] - Expected_SAS_Selected = "SAS S27: Add Phase Group Step C/ Skip P3.1": null

2022-06-23 23:49:50 - [TEST_STEP][PASSED] - xpath_SAS = "//*[@id="source_" + refID26 + ""]/td[14]/div[1]/div/a[" + i + "]": null

2022-06-23 23:49:50 - [TEST_STEP][PASSED] - Actual_SAS = getText(findTestObject("1. Constant/xpath", ["xpath":xpath_SAS])): Text of object 'Object Repository/1. Constant/xpath' is: 'SAS: S6 - Add Steps C'

2022-06-23 23:49:52 - [MESSAGE][PASSED] - Text of object 'Object Repository/1. Constant/xpath' is: 'SAS: S6 - Add Steps C'

2022-06-23 23:49:52 - [TEST_STEP][PASSED] - I.print(i): null

2022-06-23 23:49:52 - [TEST_STEP][PASSED] - if (Actual_SAS.contains(Expected_SAS_Selected)): null

2022-06-23 23:49:52 - [TEST_STEP][PASSED] - i = i + 1: null

2022-06-23 23:49:52 - [TEST_STEP][PASSED] - Expected_SAS_Selected = "SAS S27: Add Phase Group Step C/ Skip P3.1": null

2022-06-23 23:49:52 - [TEST_STEP][PASSED] - xpath_SAS = "//*[@id="source_" + refID26 + ""]/td[14]/div[1]/div/a[" + i + "]": null

2022-06-23 23:49:52 - [TEST_STEP][PASSED] - Actual_SAS = getText(findTestObject("1. Constant/xpath", ["xpath":xpath_SAS])): Text of object 'Object Repository/1. Constant/xpath' is: 'SAS: S14 - Add Step group (SAS Lifecycle - SAS Step C)'

2022-06-23 23:49:54 - [MESSAGE][PASSED] - Text of object 'Object Repository/1. Constant/xpath' is: 'SAS: S14 - Add Step group (SAS Lifecycle - SAS Step C)'

2022-06-23 23:49:54 - [TEST_STEP][PASSED] - I.print(i): null

2022-06-23 23:49:54 - [TEST_STEP][PASSED] - if (Actual_SAS.contains(Expected_SAS_Selected)): null

2022-06-23 23:49:54 - [TEST_STEP][PASSED] - i = i + 1: null

2022-06-23 23:49:54 - [TEST_STEP][PASSED] - Expected_SAS_Selected = "SAS S27: Add Phase Group Step C/ Skip P3.1": null

2022-06-23 23:49:54 - [TEST_STEP][PASSED] - xpath_SAS = "//*[@id="source_" + refID26 + ""]/td[14]/div[1]/div/a[" + i + "]": null

2022-06-23 23:49:54 - [TEST_STEP][PASSED] - Actual_SAS = getText(findTestObject("1. Constant/xpath", ["xpath":xpath_SAS])): Text of object 'Object Repository/1. Constant/xpath' is: 'SAS: S15 - Add Step Group A & C'

2022-06-23 23:49:55 - [MESSAGE][PASSED] - Text of object 'Object Repository/1. Constant/xpath' is: 'SAS: S15 - Add Step Group A & C'

2022-06-23 23:49:55 - [TEST_STEP][PASSED] - I.print(i): null

2022-06-23 23:49:55 - [TEST_STEP][PASSED] - if (Actual_SAS.contains(Expected_SAS_Selected)): null

2022-06-23 23:49:55 - [TEST_STEP][PASSED] - i = i + 1: null

2022-06-23 23:49:55 - [TEST_STEP][PASSED] - Expected_SAS_Selected = "SAS S27: Add Phase Group Step C/ Skip P3.1": null

2022-06-23 23:49:55 - [TEST_STEP][PASSED] - xpath_SAS = "//*[@id="source_" + refID26 + ""]/td[14]/div[1]/div/a[" + i + "]": null

2022-06-23 23:49:55 - [TEST_STEP][PASSED] - Actual_SAS = getText(findTestObject("1. Constant/xpath", ["xpath":xpath_SAS])): Text of object 'Object Repository/1. Constant/xpath' is: 'SAS S18: Add Step C / Skip Phase 3.5 [Complete]'

2022-06-23 23:49:57 - [MESSAGE][PASSED] - Text of object 'Object Repository/1. Constant/xpath' is: 'SAS S18: Add Step C / Skip Phase 3.5 [Complete]'

2022-06-23 23:49:57 - [TEST_STEP][PASSED] - I.print(i): null

2022-06-23 23:49:57 - [TEST_STEP][PASSED] - if (Actual_SAS.contains(Expected_SAS_Selected)): null

2022-06-23 23:49:57 - [TEST_STEP][PASSED] - i = i + 1: null

2022-06-23 23:49:57 - [TEST_STEP][PASSED] - Expected_SAS_Selected = "SAS S27: Add Phase Group Step C/ Skip P3.1": null

2022-06-23 23:49:57 - [TEST_STEP][PASSED] - xpath_SAS = "//*[@id="source_" + refID26 + ""]/td[14]/div[1]/div/a[" + i + "]": null

2022-06-23 23:49:57 - [TEST_STEP][PASSED] - Actual_SAS = getText(findTestObject("1. Constant/xpath", ["xpath":xpath_SAS])): Text of object 'Object Repository/1. Constant/xpath' is: 'SAS S19: Add Step Group A/ Skip Phase 1.2 [Complete]'

2022-06-23 23:49:58 - [MESSAGE][PASSED] - Text of object 'Object Repository/1. Constant/xpath' is: 'SAS S19: Add Step Group A/ Skip Phase 1.2 [Complete]'

2022-06-23 23:49:58 - [TEST_STEP][PASSED] - I.print(i): null

2022-06-23 23:49:58 - [TEST_STEP][PASSED] - if (Actual_SAS.contains(Expected_SAS_Selected)): null

2022-06-23 23:49:58 - [TEST_STEP][PASSED] - i = i + 1: null

2022-06-23 23:49:58 - [TEST_STEP][PASSED] - Expected_SAS_Selected = "SAS S27: Add Phase Group Step C/ Skip P3.1": null

2022-06-23 23:49:58 - [TEST_STEP][PASSED] - xpath_SAS = "//*[@id="source_" + refID26 + ""]/td[14]/div[1]/div/a[" + i + "]": null

2022-06-23 23:49:58 - [TEST_STEP][PASSED] - Actual_SAS = getText(findTestObject("1. Constant/xpath", ["xpath":xpath_SAS])): Text of object 'Object Repository/1. Constant/xpath' is: 'SAS S20: Add Step Group AC/ Skip Phase 1.2 [Complete]'

2022-06-23 23:49:59 - [MESSAGE][PASSED] - Text of object 'Object Repository/1. Constant/xpath' is: 'SAS S20: Add Step Group AC/ Skip Phase 1.2 [Complete]'

2022-06-23 23:49:59 - [TEST_STEP][PASSED] - I.print(i): null

2022-06-23 23:49:59 - [TEST_STEP][PASSED] - if (Actual_SAS.contains(Expected_SAS_Selected)): null

2022-06-23 23:49:59 - [TEST_STEP][PASSED] - i = i + 1: null

2022-06-23 23:49:59 - [TEST_STEP][PASSED] - Expected_SAS_Selected = "SAS S27: Add Phase Group Step C/ Skip P3.1": null

2022-06-23 23:49:59 - [TEST_STEP][PASSED] - xpath_SAS = "//*[@id="source_" + refID26 + ""]/td[14]/div[1]/div/a[" + i + "]": null

2022-06-23 23:49:59 - [TEST_STEP][PASSED] - Actual_SAS = getText(findTestObject("1. Constant/xpath", ["xpath":xpath_SAS])): Text of object 'Object Repository/1. Constant/xpath' is: 'SAS S30: Add Phase Group SA/ Skip to Phase 1.1'

2022-06-23 23:50:00 - [MESSAGE][PASSED] - Text of object 'Object Repository/1. Constant/xpath' is: 'SAS S30: Add Phase Group SA/ Skip to Phase 1.1'

2022-06-23 23:50:00 - [TEST_STEP][PASSED] - I.print(i): null

2022-06-23 23:50:00 - [TEST_STEP][PASSED] - if (Actual_SAS.contains(Expected_SAS_Selected)): null

2022-06-23 23:50:00 - [TEST_STEP][PASSED] - i = i + 1: null

2022-06-23 23:50:00 - [TEST_STEP][PASSED] - Expected_SAS_Selected = "SAS S27: Add Phase Group Step C/ Skip P3.1": null

2022-06-23 23:50:00 - [TEST_STEP][PASSED] - xpath_SAS = "//*[@id="source_" + refID26 + ""]/td[14]/div[1]/div/a[" + i + "]": null

2022-06-23 23:50:00 - [TEST_STEP][PASSED] - Actual_SAS = getText(findTestObject("1. Constant/xpath", ["xpath":xpath_SAS])): Text of object 'Object Repository/1. Constant/xpath' is: 'SAS S27: Add Phase Group Step C/ Skip P3.1'

2022-06-23 23:50:02 - [MESSAGE][PASSED] - Text of object 'Object Repository/1. Constant/xpath' is: 'SAS S27: Add Phase Group Step C/ Skip P3.1'

2022-06-23 23:50:02 - [TEST_STEP][PASSED] - I.print(i): null

2022-06-23 23:50:02 - [TEST_STEP][PASSED] - if (Actual_SAS.contains(Expected_SAS_Selected)): null

2022-06-23 23:50:02 - [TEST_STEP][PASSED] - click(findTestObject("1. Constant/xpath", ["xpath":xpath_SAS])): Object: 'Object Repository/1. Constant/xpath' is clicked on

2022-06-23 23:50:05 - [MESSAGE][PASSED] - Object: 'Object Repository/1. Constant/xpath' is clicked on

2022-06-23 23:50:05 - [TEST_STEP][PASSED] - break: null

2022-06-23 23:50:05 - [TEST_STEP][PASSED] - takeScreenshot(): Taking screenshot successfully

2022-06-23 23:50:06 - [MESSAGE][PASSED] - Taking screenshot successfully
[[ATTACHMENT|D:\\Projet Test Auto\\Mediabox Test Automation\\Reports\\20220623_184212\\03. Parallel Testing (Testing)\\TS -PT PART 3\\14.05 Dreyers Support Action (Ongoing _ Completed ref) - PART 5\\20220623_184240\\1656021005626.png]]

2022-06-23 23:50:06 - [TEST_STEP][PASSED] - delay(1): Delayed 1 second(s)

2022-06-23 23:50:07 - [MESSAGE][PASSED] - Delayed 1 second(s)

2022-06-23 23:50:07 - [TEST_STEP][PASSED] - takeScreenshot(): Taking screenshot successfully

2022-06-23 23:50:08 - [MESSAGE][PASSED] - Taking screenshot successfully
[[ATTACHMENT|D:\\Projet Test Auto\\Mediabox Test Automation\\Reports\\20220623_184212\\03. Parallel Testing (Testing)\\TS -PT PART 3\\14.05 Dreyers Support Action (Ongoing _ Completed ref) - PART 5\\20220623_184240\\1656021007924.png]]

2022-06-23 23:50:08 - [TEST_STEP][PASSED] - click(findTestObject("1. Constant/xpath", ["xpath":"//*[@id="confirmSupportActionShortcut"]"])): Object: 'Object Repository/1. Constant/xpath' is clicked on

2022-06-23 23:50:14 - [MESSAGE][PASSED] - Object: 'Object Repository/1. Constant/xpath' is clicked on

2022-06-23 23:50:14 - [TEST_STEP][PASSED] - takeScreenshot(): Taking screenshot successfully

2022-06-23 23:50:15 - [MESSAGE][PASSED] - Taking screenshot successfully
[[ATTACHMENT|D:\\Projet Test Auto\\Mediabox Test Automation\\Reports\\20220623_184212\\03. Parallel Testing (Testing)\\TS -PT PART 3\\14.05 Dreyers Support Action (Ongoing _ Completed ref) - PART 5\\20220623_184240\\1656021014923.png]]

2022-06-23 23:50:15 - [TEST_STEP][PASSED] - click(findTestObject("1. Constant/xpath", ["xpath":"//*[@id="kt_content"]/div[3]/div/ul/li[3]/a"])): Object: 'Object Repository/1. Constant/xpath' is clicked on

2022-06-23 23:50:19 - [MESSAGE][PASSED] - Object: 'Object Repository/1. Constant/xpath' is clicked on

2022-06-23 23:50:19 - [TEST_STEP][PASSED] - takeScreenshot(): Taking screenshot successfully

2022-06-23 23:50:20 - [MESSAGE][PASSED] - Taking screenshot successfully
[[ATTACHMENT|D:\\Projet Test Auto\\Mediabox Test Automation\\Reports\\20220623_184212\\03. Parallel Testing (Testing)\\TS -PT PART 3\\14.05 Dreyers Support Action (Ongoing _ Completed ref) - PART 5\\20220623_184240\\1656021019840.png]]

2022-06-23 23:50:20 - [TEST_STEP][PASSED] - StepC_1 = getAttribute(findTestObject("1. Constant/xpath", ["xpath":"/html/body/div[1]/div[2]/div[8]/div[3]/div/div[3]/div[3]/div/ul/li[3]/a"]), "class"): Attribute 'class' of object 'Object Repository/1. Constant/xpath' is: 'nav-link timeline-badge badge-xl  bg-pending active'

2022-06-23 23:50:22 - [MESSAGE][PASSED] - Attribute 'class' of object 'Object Repository/1. Constant/xpath' is: 'nav-link timeline-badge badge-xl  bg-pending active'

2022-06-23 23:50:22 - [TEST_STEP][PASSED] - verifyMatch(StepC_1, "nav-link timeline-badge badge-xl  bg-pending active", false): Actual text 'nav-link timeline-badge badge-xl  bg-pending active' and expected text 'nav-link timeline-badge badge-xl  bg-pending active' are matched 

2022-06-23 23:50:22 - [MESSAGE][PASSED] - Actual text 'nav-link timeline-badge badge-xl  bg-pending active' and expected text 'nav-link timeline-badge badge-xl  bg-pending active' are matched 

2022-06-23 23:50:22 - [TEST_STEP][PASSED] - StepC_11 = I.Get_Stepname("/html/body/div[1]/div[2]/div[8]/div[3]/div/div[3]/div[3]/div/ul/li[3]/a"): Attribute 'href' of object 'Object Repository/1. Constant/xpath' is: 'http://mdb-release.diadeis.lan/MediaboxIndependence/Base/ExecAction?action=VoirRef&IDSession=MBI!RELTESTAUTO_DREYERS!800YFORV38WHVZYCY7M8ZSTM27R43E0D31QA42QJ&num=MAQ56UL87B&id_ref=5336#tab_lifecycle_SASStepC_12380'

2022-06-23 23:50:27 - [MESSAGE][PASSED] - Delayed 5 second(s)

2022-06-23 23:50:29 - [MESSAGE][PASSED] - Attribute 'href' of object 'Object Repository/1. Constant/xpath' is: 'http://mdb-release.diadeis.lan/MediaboxIndependence/Base/ExecAction?action=VoirRef&IDSession=MBI!RELTESTAUTO_DREYERS!800YFORV38WHVZYCY7M8ZSTM27R43E0D31QA42QJ&num=MAQ56UL87B&id_ref=5336#tab_lifecycle_SASStepC_12380'

2022-06-23 23:50:29 - [TEST_STEP][PASSED] - verifyMatch(StepC_11, "SASStepC", false): Actual text 'SASStepC' and expected text 'SASStepC' are matched 

2022-06-23 23:50:29 - [MESSAGE][PASSED] - Actual text 'SASStepC' and expected text 'SASStepC' are matched 

2022-06-23 23:50:29 - [TEST_STEP][PASSED] - StepC_4 = getText(findTestObject("1. Constant/xpath", ["xpath":"/html/body/div[1]/div[2]/div[8]/div[3]/div/div[3]/div[3]/div/div/div[3]/div/div[7]/div/div[1]/div[1]/h3"])): Text of object 'Object Repository/1. Constant/xpath' is: 'Phase 3.1 [Question]'

2022-06-23 23:50:31 - [MESSAGE][PASSED] - Text of object 'Object Repository/1. Constant/xpath' is: 'Phase 3.1 [Question]'

2022-06-23 23:50:31 - [TEST_STEP][PASSED] - verifyMatch(StepC_4, "Phase 3.1 [Question]", false): Actual text 'Phase 3.1 [Question]' and expected text 'Phase 3.1 [Question]' are matched 

2022-06-23 23:50:31 - [MESSAGE][PASSED] - Actual text 'Phase 3.1 [Question]' and expected text 'Phase 3.1 [Question]' are matched 

2022-06-23 23:50:31 - [TEST_STEP][PASSED] - Started_StepCP3_1 = getText(findTestObject("1. Constant/xpath", ["xpath":"/html/body/div[1]/div[2]/div[8]/div[3]/div/div[3]/div[3]/div/div/div[3]/div/div[7]/div/div[2]/div[1]"])): Text of object 'Object Repository/1. Constant/xpath' is: 'Started 06/23/22 05:50 PM'

2022-06-23 23:50:33 - [MESSAGE][PASSED] - Text of object 'Object Repository/1. Constant/xpath' is: 'Started 06/23/22 05:50 PM'

2022-06-23 23:50:33 - [TEST_STEP][PASSED] - if (Started_StepCP3_1.contains("Started")): Actual object '1' and expected object '1' are equal

2022-06-23 23:50:33 - [TEST_STEP][PASSED] - verifyEqual(1, 1): Actual object '1' and expected object '1' are equal

2022-06-23 23:50:33 - [MESSAGE][PASSED] - Actual object '1' and expected object '1' are equal

2022-06-23 23:50:33 - [TEST_STEP][PASSED] - verifyElementNotPresent(findTestObject("1. Constant/xpath", ["xpath":"/html/body/div[1]/div[2]/div[8]/div[3]/div/div[3]/div[3]/div/ul/li[4]/a"]), 10): Web element with id: 'Object Repository/1. Constant/xpath' located by 'By.xpath: /html/body/div[1]/div[2]/div[8]/div[3]/div/div[3]/div[3]/div/ul/li[4]/a' is not present after '10' second(s)

2022-06-23 23:50:34 - [MESSAGE][PASSED] - Web element with id: 'Object Repository/1. Constant/xpath' located by 'By.xpath: /html/body/div[1]/div[2]/div[8]/div[3]/div/div[3]/div[3]/div/ul/li[4]/a' is not present after '10' second(s)

2022-06-23 23:50:34 - [TEST_STEP][PASSED] - click(findTestObject("1. Constant/xpath", ["xpath":"/html/body/div[1]/div[2]/div[8]/div[2]/div/nav/ol/li[2]/a"])): Object: 'Object Repository/1. Constant/xpath' is clicked on

2022-06-23 23:50:39 - [MESSAGE][PASSED] - Object: 'Object Repository/1. Constant/xpath' is clicked on

2022-06-23 23:50:39 - [TEST_STEP][PASSED] - Lifecycle_Status1 = getText(findTestObject("1. Constant/xpath", ["xpath":"//*[@id="source_" + refID26 + ""]/td[11]/span[1]"])): Text of object 'Object Repository/1. Constant/xpath' is: 'Phase 3.1 [Question]'

2022-06-23 23:50:41 - [MESSAGE][PASSED] - Text of object 'Object Repository/1. Constant/xpath' is: 'Phase 3.1 [Question]'

2022-06-23 23:50:41 - [TEST_STEP][PASSED] - verifyMatch(Lifecycle_Status1, "Phase 3.1 [Question]", false): Actual text 'Phase 3.1 [Question]' and expected text 'Phase 3.1 [Question]' are matched 

2022-06-23 23:50:41 - [MESSAGE][PASSED] - Actual text 'Phase 3.1 [Question]' and expected text 'Phase 3.1 [Question]' are matched 

2022-06-23 23:50:41 - [TEST_STEP][PASSED] - I.Logout(): Delayed 3 second(s)

2022-06-23 23:50:44 - [MESSAGE][PASSED] - Delayed 3 second(s)

2022-06-23 23:50:45 - [MESSAGE][PASSED] - Object: 'Object Repository/1. Constant/xpath' is clicked on

2022-06-23 23:50:48 - [MESSAGE][PASSED] - Delayed 3 second(s)

2022-06-23 23:50:52 - [MESSAGE][PASSED] - Object: 'Object Repository/1. Constant/xpath' is clicked on

2022-06-23 23:50:55 - [MESSAGE][PASSED] - Delayed 3 second(s)

2022-06-23 23:50:55 - [TEST_STEP][PASSED] - I.Login_password("talexeeva", password_talexeeva): Object: 'Object Repository/1. Constant/xpath' is clicked on

2022-06-23 23:50:56 - [MESSAGE][PASSED] - Text 'talexeeva' is set on object 'Object Repository/1. Constant/xpath'

2022-06-23 23:50:57 - [MESSAGE][PASSED] - Delayed 1 second(s)

2022-06-23 23:50:58 - [MESSAGE][PASSED] - Text 'diadeis2' is set on object 'Object Repository/1. Constant/xpath'

2022-06-23 23:50:59 - [MESSAGE][PASSED] - Delayed 1 second(s)

2022-06-23 23:51:03 - [MESSAGE][PASSED] - Object: 'Object Repository/1. Constant/xpath' is clicked on

2022-06-23 23:51:03 - [TEST_STEP][PASSED] - click(findTestObject("1. Constant/02_LHSMenu_Projects")): Object: 'Object Repository/1. Constant/02_LHSMenu_Projects' is clicked on

2022-06-23 23:51:06 - [MESSAGE][PASSED] - Object: 'Object Repository/1. Constant/02_LHSMenu_Projects' is clicked on

2022-06-23 23:51:06 - [TEST_STEP][PASSED] - I.SearchProjectNo_xpath(Project_No, "//*[@id="keynum_project"]", "//*[@id="form_filters"]/div[4]/button"): Delayed 5 second(s)

2022-06-23 23:51:07 - [MESSAGE][PASSED] - Delayed 1 second(s)

2022-06-23 23:51:08 - [MESSAGE][PASSED] - Text 'MI000883' is set on object 'Object Repository/1. Constant/xpath'

2022-06-23 23:51:11 - [MESSAGE][PASSED] - Delayed 3 second(s)

2022-06-23 23:51:11 - [MESSAGE][PASSED] - Scroll to object 'Object Repository/1. Constant/xpath' successfully

2022-06-23 23:51:15 - [MESSAGE][PASSED] - Object: 'Object Repository/1. Constant/xpath' is clicked on

2022-06-23 23:51:20 - [MESSAGE][PASSED] - Delayed 5 second(s)

2022-06-23 23:51:20 - [TEST_STEP][PASSED] - I.SearchRefNo_xpath("P26_Auto", "//*[@id="fiche_filter_keywords11"]", "//*[@id="form_filters"]/div[3]/button"): Delayed 5 second(s)

2022-06-23 23:51:21 - [MESSAGE][PASSED] - Delayed 1 second(s)

2022-06-23 23:51:24 - [MESSAGE][PASSED] - Text 'P26_Auto' is set on object 'Object Repository/1. Constant/xpath'

2022-06-23 23:51:27 - [MESSAGE][PASSED] - Delayed 3 second(s)

2022-06-23 23:51:30 - [MESSAGE][PASSED] - Scroll to object 'Object Repository/1. Constant/xpath' successfully

2022-06-23 23:51:32 - [MESSAGE][PASSED] - Object: 'Object Repository/1. Constant/xpath' is clicked on

2022-06-23 23:51:37 - [MESSAGE][PASSED] - Delayed 5 second(s)

2022-06-23 23:51:37 - [TEST_STEP][PASSED] - takeScreenshot(): Taking screenshot successfully

2022-06-23 23:51:38 - [MESSAGE][PASSED] - Taking screenshot successfully
[[ATTACHMENT|D:\\Projet Test Auto\\Mediabox Test Automation\\Reports\\20220623_184212\\03. Parallel Testing (Testing)\\TS -PT PART 3\\14.05 Dreyers Support Action (Ongoing _ Completed ref) - PART 5\\20220623_184240\\1656021097998.png]]

2022-06-23 23:51:38 - [TEST_STEP][PASSED] - I.submitquesiton_ref(findTestObject("1. Constant/xpath", ["xpath":"//*[@id="source_" + refID26 + ""]/td[13]/div[1]/button"]), findTestObject("1. Constant/xpath", ["xpath":"//*[@id="source_" + refID26 + ""]/td[13]/div[1]/div/a[1]"])): Object: 'Object Repository/1. Constant/xpath' is clicked on

2022-06-23 23:51:39 - [MESSAGE][PASSED] - Object: 'Object Repository/1. Constant/xpath' is clicked on

2022-06-23 23:51:42 - [MESSAGE][PASSED] - Delayed 3 second(s)

2022-06-23 23:51:44 - [MESSAGE][PASSED] - Object: 'Object Repository/1. Constant/xpath' is clicked on

2022-06-23 23:51:44 - [TEST_STEP][PASSED] - click(findTestObject("1. Constant/xpath", ["xpath":"//*[@id="ModifFiche"]/div[1]/div/button[2]"])): Object: 'Object Repository/1. Constant/xpath' is clicked on

2022-06-23 23:51:49 - [MESSAGE][PASSED] - Object: 'Object Repository/1. Constant/xpath' is clicked on

2022-06-23 23:51:49 - [TEST_STEP][PASSED] - takeScreenshot(): Taking screenshot successfully

2022-06-23 23:51:50 - [MESSAGE][PASSED] - Taking screenshot successfully
[[ATTACHMENT|D:\\Projet Test Auto\\Mediabox Test Automation\\Reports\\20220623_184212\\03. Parallel Testing (Testing)\\TS -PT PART 3\\14.05 Dreyers Support Action (Ongoing _ Completed ref) - PART 5\\20220623_184240\\1656021109984.png]]

2022-06-23 23:51:50 - [TEST_STEP][PASSED] - Lifecycle_Status2 = getText(findTestObject("1. Constant/xpath", ["xpath":"//*[@id="source_" + refID26 + ""]/td[12]/span[1]"])): Text of object 'Object Repository/1. Constant/xpath' is: 'Phase 3.2 [Question]'

2022-06-23 23:51:51 - [MESSAGE][PASSED] - Text of object 'Object Repository/1. Constant/xpath' is: 'Phase 3.2 [Question]'

2022-06-23 23:51:51 - [TEST_STEP][PASSED] - verifyMatch(Lifecycle_Status2, "Phase 3.2 [Question]", false): Actual text 'Phase 3.2 [Question]' and expected text 'Phase 3.2 [Question]' are matched 

2022-06-23 23:51:51 - [MESSAGE][PASSED] - Actual text 'Phase 3.2 [Question]' and expected text 'Phase 3.2 [Question]' are matched 

2022-06-23 23:51:51 - [TEST_STEP][PASSED] - I.Logout(): Delayed 3 second(s)

2022-06-23 23:51:54 - [MESSAGE][PASSED] - Delayed 3 second(s)

2022-06-23 23:51:55 - [MESSAGE][PASSED] - Object: 'Object Repository/1. Constant/xpath' is clicked on

2022-06-23 23:51:58 - [MESSAGE][PASSED] - Delayed 3 second(s)

2022-06-23 23:52:06 - [MESSAGE][PASSED] - Object: 'Object Repository/1. Constant/xpath' is clicked on

2022-06-23 23:52:09 - [MESSAGE][PASSED] - Delayed 3 second(s)

2022-06-23 23:52:09 - [TEST_STEP][PASSED] - I.Login_password("nturner", password_nturner): Object: 'Object Repository/1. Constant/xpath' is clicked on

2022-06-23 23:52:10 - [MESSAGE][PASSED] - Text 'nturner' is set on object 'Object Repository/1. Constant/xpath'

2022-06-23 23:52:11 - [MESSAGE][PASSED] - Delayed 1 second(s)

2022-06-23 23:52:13 - [MESSAGE][PASSED] - Text 'diadeis1' is set on object 'Object Repository/1. Constant/xpath'

2022-06-23 23:52:14 - [MESSAGE][PASSED] - Delayed 1 second(s)

2022-06-23 23:52:20 - [MESSAGE][PASSED] - Object: 'Object Repository/1. Constant/xpath' is clicked on

2022-06-23 23:52:20 - [TEST_STEP][PASSED] - delay(1): Delayed 1 second(s)

2022-06-23 23:52:21 - [MESSAGE][PASSED] - Delayed 1 second(s)

2022-06-23 23:52:21 - [TEST_STEP][PASSED] - click(findTestObject("1. Constant/02_LHSMenu_Projects")): Object: 'Object Repository/1. Constant/02_LHSMenu_Projects' is clicked on

2022-06-23 23:52:25 - [MESSAGE][PASSED] - Object: 'Object Repository/1. Constant/02_LHSMenu_Projects' is clicked on

2022-06-23 23:52:25 - [TEST_STEP][PASSED] - I.SearchProjectNo_xpath(Project_No, "//*[@id="keynum_project"]", "//*[@id="form_filters"]/div[4]/button"): Delayed 5 second(s)

2022-06-23 23:52:26 - [MESSAGE][PASSED] - Delayed 1 second(s)

2022-06-23 23:52:29 - [MESSAGE][PASSED] - Text 'MI000883' is set on object 'Object Repository/1. Constant/xpath'

2022-06-23 23:52:32 - [MESSAGE][PASSED] - Delayed 3 second(s)

2022-06-23 23:52:33 - [MESSAGE][PASSED] - Scroll to object 'Object Repository/1. Constant/xpath' successfully

2022-06-23 23:52:37 - [MESSAGE][PASSED] - Object: 'Object Repository/1. Constant/xpath' is clicked on

2022-06-23 23:52:42 - [MESSAGE][PASSED] - Delayed 5 second(s)

2022-06-23 23:52:42 - [TEST_STEP][PASSED] - I.SearchRefNo_xpath("P26_Auto", "//*[@id="fiche_filter_keywords11"]", "//*[@id="form_filters"]/div[3]/button"): Delayed 5 second(s)

2022-06-23 23:52:43 - [MESSAGE][PASSED] - Delayed 1 second(s)

2022-06-23 23:52:45 - [MESSAGE][PASSED] - Text 'P26_Auto' is set on object 'Object Repository/1. Constant/xpath'

2022-06-23 23:52:48 - [MESSAGE][PASSED] - Delayed 3 second(s)

2022-06-23 23:52:49 - [MESSAGE][PASSED] - Scroll to object 'Object Repository/1. Constant/xpath' successfully

2022-06-23 23:52:54 - [MESSAGE][PASSED] - Object: 'Object Repository/1. Constant/xpath' is clicked on

2022-06-23 23:52:59 - [MESSAGE][PASSED] - Delayed 5 second(s)

2022-06-23 23:52:59 - [TEST_STEP][PASSED] - takeScreenshot(): Taking screenshot successfully

2022-06-23 23:53:00 - [MESSAGE][PASSED] - Taking screenshot successfully
[[ATTACHMENT|D:\\Projet Test Auto\\Mediabox Test Automation\\Reports\\20220623_184212\\03. Parallel Testing (Testing)\\TS -PT PART 3\\14.05 Dreyers Support Action (Ongoing _ Completed ref) - PART 5\\20220623_184240\\1656021180114.png]]

2022-06-23 23:53:00 - [TEST_STEP][PASSED] - I.submitquesiton_ref(findTestObject("1. Constant/xpath", ["xpath":"//*[@id="source_" + refID26 + ""]/td[13]/div/button"]), findTestObject("1. Constant/xpath", ["xpath":"//*[@id="source_" + refID26 + ""]/td[13]/div/div/a[1]"])): Object: 'Object Repository/1. Constant/xpath' is clicked on

2022-06-23 23:53:02 - [MESSAGE][PASSED] - Object: 'Object Repository/1. Constant/xpath' is clicked on

2022-06-23 23:53:05 - [MESSAGE][PASSED] - Delayed 3 second(s)

2022-06-23 23:53:07 - [MESSAGE][PASSED] - Object: 'Object Repository/1. Constant/xpath' is clicked on

2022-06-23 23:53:07 - [TEST_STEP][PASSED] - click(findTestObject("1. Constant/xpath", ["xpath":"//*[@id="ModifFiche"]/div[1]/div/button[2]"])): Object: 'Object Repository/1. Constant/xpath' is clicked on

2022-06-23 23:53:11 - [MESSAGE][PASSED] - Object: 'Object Repository/1. Constant/xpath' is clicked on

2022-06-23 23:53:11 - [TEST_STEP][PASSED] - Lifecycle_Status3 = getText(findTestObject("1. Constant/xpath", ["xpath":"//*[@id="source_" + refID26 + ""]/td[12]/span[1]"])): Text of object 'Object Repository/1. Constant/xpath' is: 'Phase 3.3 [Standard]'

2022-06-23 23:53:11 - [MESSAGE][PASSED] - Text of object 'Object Repository/1. Constant/xpath' is: 'Phase 3.3 [Standard]'

2022-06-23 23:53:11 - [TEST_STEP][PASSED] - verifyMatch(Lifecycle_Status3, "Phase 3.3 [Standard]", false): Actual text 'Phase 3.3 [Standard]' and expected text 'Phase 3.3 [Standard]' are matched 

2022-06-23 23:53:11 - [MESSAGE][PASSED] - Actual text 'Phase 3.3 [Standard]' and expected text 'Phase 3.3 [Standard]' are matched 

2022-06-23 23:53:11 - [TEST_STEP][PASSED] - takeScreenshot(): Taking screenshot successfully

2022-06-23 23:53:12 - [MESSAGE][PASSED] - Taking screenshot successfully
[[ATTACHMENT|D:\\Projet Test Auto\\Mediabox Test Automation\\Reports\\20220623_184212\\03. Parallel Testing (Testing)\\TS -PT PART 3\\14.05 Dreyers Support Action (Ongoing _ Completed ref) - PART 5\\20220623_184240\\1656021192087.png]]

2022-06-23 23:53:12 - [TEST_STEP][PASSED] - I.Logout(): Delayed 3 second(s)

2022-06-23 23:53:15 - [MESSAGE][PASSED] - Delayed 3 second(s)

2022-06-23 23:53:16 - [MESSAGE][PASSED] - Object: 'Object Repository/1. Constant/xpath' is clicked on

2022-06-23 23:53:19 - [MESSAGE][PASSED] - Delayed 3 second(s)

2022-06-23 23:53:23 - [MESSAGE][PASSED] - Object: 'Object Repository/1. Constant/xpath' is clicked on

2022-06-23 23:53:26 - [MESSAGE][PASSED] - Delayed 3 second(s)

2022-06-23 23:53:26 - [TEST_STEP][PASSED] - I.Login_password("jryan", password_jryan): Object: 'Object Repository/1. Constant/xpath' is clicked on

2022-06-23 23:53:27 - [MESSAGE][PASSED] - Text 'jryan' is set on object 'Object Repository/1. Constant/xpath'

2022-06-23 23:53:28 - [MESSAGE][PASSED] - Delayed 1 second(s)

2022-06-23 23:53:30 - [MESSAGE][PASSED] - Text 'diadeis' is set on object 'Object Repository/1. Constant/xpath'

2022-06-23 23:53:31 - [MESSAGE][PASSED] - Delayed 1 second(s)

2022-06-23 23:53:36 - [MESSAGE][PASSED] - Object: 'Object Repository/1. Constant/xpath' is clicked on

2022-06-23 23:53:36 - [TEST_STEP][PASSED] - click(findTestObject("1. Constant/02_LHSMenu_Projects")): Object: 'Object Repository/1. Constant/02_LHSMenu_Projects' is clicked on

2022-06-23 23:53:40 - [MESSAGE][PASSED] - Object: 'Object Repository/1. Constant/02_LHSMenu_Projects' is clicked on

2022-06-23 23:53:40 - [TEST_STEP][PASSED] - I.SearchProjectNo_xpath(Project_No, "//*[@id="keynum_project"]", "//*[@id="form_filters"]/div[4]/button"): Delayed 5 second(s)

2022-06-23 23:53:41 - [MESSAGE][PASSED] - Delayed 1 second(s)

2022-06-23 23:53:41 - [MESSAGE][PASSED] - Text 'MI000883' is set on object 'Object Repository/1. Constant/xpath'

2022-06-23 23:53:44 - [MESSAGE][PASSED] - Delayed 3 second(s)

2022-06-23 23:53:45 - [MESSAGE][PASSED] - Scroll to object 'Object Repository/1. Constant/xpath' successfully

2022-06-23 23:53:51 - [MESSAGE][PASSED] - Object: 'Object Repository/1. Constant/xpath' is clicked on

2022-06-23 23:53:56 - [MESSAGE][PASSED] - Delayed 5 second(s)

2022-06-23 23:53:56 - [TEST_STEP][PASSED] - I.SearchRefNo_xpath("P26_Auto", "//*[@id="fiche_filter_keywords11"]", "//*[@id="form_filters"]/div[3]/button"): Delayed 5 second(s)

2022-06-23 23:53:57 - [MESSAGE][PASSED] - Delayed 1 second(s)

2022-06-23 23:53:59 - [MESSAGE][PASSED] - Text 'P26_Auto' is set on object 'Object Repository/1. Constant/xpath'

2022-06-23 23:54:02 - [MESSAGE][PASSED] - Delayed 3 second(s)

2022-06-23 23:54:03 - [MESSAGE][PASSED] - Scroll to object 'Object Repository/1. Constant/xpath' successfully

2022-06-23 23:54:06 - [MESSAGE][PASSED] - Object: 'Object Repository/1. Constant/xpath' is clicked on

2022-06-23 23:54:11 - [MESSAGE][PASSED] - Delayed 5 second(s)

2022-06-23 23:54:11 - [TEST_STEP][PASSED] - takeScreenshot(): Taking screenshot successfully

2022-06-23 23:54:12 - [MESSAGE][PASSED] - Taking screenshot successfully
[[ATTACHMENT|D:\\Projet Test Auto\\Mediabox Test Automation\\Reports\\20220623_184212\\03. Parallel Testing (Testing)\\TS -PT PART 3\\14.05 Dreyers Support Action (Ongoing _ Completed ref) - PART 5\\20220623_184240\\1656021251734.png]]

2022-06-23 23:54:12 - [TEST_STEP][PASSED] - click(findTestObject("1. Constant/xpath", ["xpath":"//*[@id="source_" + refID26 + ""]/td[14]/a[2]"])): Object: 'Object Repository/1. Constant/xpath' is clicked on

2022-06-23 23:54:15 - [MESSAGE][PASSED] - Object: 'Object Repository/1. Constant/xpath' is clicked on

2022-06-23 23:54:15 - [TEST_STEP][PASSED] - click(findTestObject("1. Constant/xpath", ["xpath":"//*[@id="ModifFiche"]/div[1]/div/button[2]"])): Object: 'Object Repository/1. Constant/xpath' is clicked on

2022-06-23 23:54:19 - [MESSAGE][PASSED] - Object: 'Object Repository/1. Constant/xpath' is clicked on

2022-06-23 23:54:19 - [TEST_STEP][PASSED] - Lifecycle_Status4 = getText(findTestObject("1. Constant/xpath", ["xpath":"//*[@id="source_" + refID26 + ""]/td[12]/span[1]"])): Text of object 'Object Repository/1. Constant/xpath' is: 'Phase 3.4 [Standard]'

2022-06-23 23:54:19 - [MESSAGE][PASSED] - Text of object 'Object Repository/1. Constant/xpath' is: 'Phase 3.4 [Standard]'

2022-06-23 23:54:19 - [TEST_STEP][PASSED] - verifyMatch(Lifecycle_Status4, "Phase 3.4 [Standard]", false): Actual text 'Phase 3.4 [Standard]' and expected text 'Phase 3.4 [Standard]' are matched 

2022-06-23 23:54:19 - [MESSAGE][PASSED] - Actual text 'Phase 3.4 [Standard]' and expected text 'Phase 3.4 [Standard]' are matched 

2022-06-23 23:54:19 - [TEST_STEP][PASSED] - takeScreenshot(): Taking screenshot successfully

2022-06-23 23:54:20 - [MESSAGE][PASSED] - Taking screenshot successfully
[[ATTACHMENT|D:\\Projet Test Auto\\Mediabox Test Automation\\Reports\\20220623_184212\\03. Parallel Testing (Testing)\\TS -PT PART 3\\14.05 Dreyers Support Action (Ongoing _ Completed ref) - PART 5\\20220623_184240\\1656021259926.png]]

2022-06-23 23:54:20 - [TEST_STEP][PASSED] - I.Logout(): Delayed 3 second(s)

2022-06-23 23:54:23 - [MESSAGE][PASSED] - Delayed 3 second(s)

2022-06-23 23:54:24 - [MESSAGE][PASSED] - Object: 'Object Repository/1. Constant/xpath' is clicked on

2022-06-23 23:54:27 - [MESSAGE][PASSED] - Delayed 3 second(s)

2022-06-23 23:54:29 - [MESSAGE][PASSED] - Object: 'Object Repository/1. Constant/xpath' is clicked on

2022-06-23 23:54:32 - [MESSAGE][PASSED] - Delayed 3 second(s)

2022-06-23 23:54:32 - [TEST_STEP][PASSED] - I.Login_password("nturner", password_nturner): Object: 'Object Repository/1. Constant/xpath' is clicked on

2022-06-23 23:54:34 - [MESSAGE][PASSED] - Text 'nturner' is set on object 'Object Repository/1. Constant/xpath'

2022-06-23 23:54:35 - [MESSAGE][PASSED] - Delayed 1 second(s)

2022-06-23 23:54:37 - [MESSAGE][PASSED] - Text 'diadeis1' is set on object 'Object Repository/1. Constant/xpath'

2022-06-23 23:54:38 - [MESSAGE][PASSED] - Delayed 1 second(s)

2022-06-23 23:54:44 - [MESSAGE][PASSED] - Object: 'Object Repository/1. Constant/xpath' is clicked on

2022-06-23 23:54:44 - [TEST_STEP][PASSED] - click(findTestObject("1. Constant/02_LHSMenu_Projects")): Object: 'Object Repository/1. Constant/02_LHSMenu_Projects' is clicked on

2022-06-23 23:54:48 - [MESSAGE][PASSED] - Object: 'Object Repository/1. Constant/02_LHSMenu_Projects' is clicked on

2022-06-23 23:54:48 - [TEST_STEP][PASSED] - I.SearchProjectNo_xpath(Project_No, "//*[@id="keynum_project"]", "//*[@id="form_filters"]/div[4]/button"): Delayed 5 second(s)

2022-06-23 23:54:49 - [MESSAGE][PASSED] - Delayed 1 second(s)

2022-06-23 23:54:49 - [MESSAGE][PASSED] - Text 'MI000883' is set on object 'Object Repository/1. Constant/xpath'

2022-06-23 23:54:52 - [MESSAGE][PASSED] - Delayed 3 second(s)

2022-06-23 23:54:53 - [MESSAGE][PASSED] - Scroll to object 'Object Repository/1. Constant/xpath' successfully

2022-06-23 23:54:58 - [MESSAGE][PASSED] - Object: 'Object Repository/1. Constant/xpath' is clicked on

2022-06-23 23:55:03 - [MESSAGE][PASSED] - Delayed 5 second(s)

2022-06-23 23:55:03 - [TEST_STEP][PASSED] - I.SearchRefNo_xpath("P26_Auto", "//*[@id="fiche_filter_keywords11"]", "//*[@id="form_filters"]/div[3]/button"): Delayed 5 second(s)

2022-06-23 23:55:04 - [MESSAGE][PASSED] - Delayed 1 second(s)

2022-06-23 23:55:05 - [MESSAGE][PASSED] - Text 'P26_Auto' is set on object 'Object Repository/1. Constant/xpath'

2022-06-23 23:55:08 - [MESSAGE][PASSED] - Delayed 3 second(s)

2022-06-23 23:55:08 - [MESSAGE][PASSED] - Scroll to object 'Object Repository/1. Constant/xpath' successfully

2022-06-23 23:55:12 - [MESSAGE][PASSED] - Object: 'Object Repository/1. Constant/xpath' is clicked on

2022-06-23 23:55:17 - [MESSAGE][PASSED] - Delayed 5 second(s)

2022-06-23 23:55:17 - [TEST_STEP][PASSED] - takeScreenshot(): Taking screenshot successfully

2022-06-23 23:55:18 - [MESSAGE][PASSED] - Taking screenshot successfully
[[ATTACHMENT|D:\\Projet Test Auto\\Mediabox Test Automation\\Reports\\20220623_184212\\03. Parallel Testing (Testing)\\TS -PT PART 3\\14.05 Dreyers Support Action (Ongoing _ Completed ref) - PART 5\\20220623_184240\\1656021317628.png]]

2022-06-23 23:55:18 - [TEST_STEP][PASSED] - click(findTestObject("1. Constant/xpath", ["xpath":"//*[@id="source_" + refID26 + ""]/td[13]/a[2]"])): Object: 'Object Repository/1. Constant/xpath' is clicked on

2022-06-23 23:55:20 - [MESSAGE][PASSED] - Object: 'Object Repository/1. Constant/xpath' is clicked on

2022-06-23 23:55:20 - [TEST_STEP][PASSED] - click(findTestObject("1. Constant/xpath", ["xpath":"//*[@id="ModifFiche"]/div[1]/div/button[2]"])): Object: 'Object Repository/1. Constant/xpath' is clicked on

2022-06-23 23:55:25 - [MESSAGE][PASSED] - Object: 'Object Repository/1. Constant/xpath' is clicked on

2022-06-23 23:55:25 - [TEST_STEP][PASSED] - Lifecycle_Status5 = getText(findTestObject("1. Constant/xpath", ["xpath":"//*[@id="source_" + refID26 + ""]/td[12]/span[1]"])): Text of object 'Object Repository/1. Constant/xpath' is: 'Phase 3.5[Prod]'

2022-06-23 23:55:26 - [MESSAGE][PASSED] - Text of object 'Object Repository/1. Constant/xpath' is: 'Phase 3.5[Prod]'

2022-06-23 23:55:26 - [TEST_STEP][PASSED] - verifyMatch(Lifecycle_Status5, "Phase 3.5[Prod]", false): Actual text 'Phase 3.5[Prod]' and expected text 'Phase 3.5[Prod]' are matched 

2022-06-23 23:55:26 - [MESSAGE][PASSED] - Actual text 'Phase 3.5[Prod]' and expected text 'Phase 3.5[Prod]' are matched 

2022-06-23 23:55:26 - [TEST_STEP][PASSED] - takeScreenshot(): Taking screenshot successfully

2022-06-23 23:55:27 - [MESSAGE][PASSED] - Taking screenshot successfully
[[ATTACHMENT|D:\\Projet Test Auto\\Mediabox Test Automation\\Reports\\20220623_184212\\03. Parallel Testing (Testing)\\TS -PT PART 3\\14.05 Dreyers Support Action (Ongoing _ Completed ref) - PART 5\\20220623_184240\\1656021326869.png]]

2022-06-23 23:55:27 - [TEST_STEP][PASSED] - I.Logout(): Delayed 3 second(s)

2022-06-23 23:55:30 - [MESSAGE][PASSED] - Delayed 3 second(s)

2022-06-23 23:55:31 - [MESSAGE][PASSED] - Object: 'Object Repository/1. Constant/xpath' is clicked on

2022-06-23 23:55:34 - [MESSAGE][PASSED] - Delayed 3 second(s)

2022-06-23 23:55:39 - [MESSAGE][PASSED] - Object: 'Object Repository/1. Constant/xpath' is clicked on

2022-06-23 23:55:42 - [MESSAGE][PASSED] - Delayed 3 second(s)

2022-06-23 23:55:42 - [TEST_STEP][PASSED] - I.Login_password("lmary", password_lmary): Object: 'Object Repository/1. Constant/xpath' is clicked on

2022-06-23 23:55:46 - [MESSAGE][PASSED] - Text 'lmary' is set on object 'Object Repository/1. Constant/xpath'

2022-06-23 23:55:47 - [MESSAGE][PASSED] - Delayed 1 second(s)

2022-06-23 23:55:50 - [MESSAGE][PASSED] - Text 'diadeis' is set on object 'Object Repository/1. Constant/xpath'

2022-06-23 23:55:51 - [MESSAGE][PASSED] - Delayed 1 second(s)

2022-06-23 23:55:56 - [MESSAGE][PASSED] - Object: 'Object Repository/1. Constant/xpath' is clicked on

2022-06-23 23:55:56 - [TEST_STEP][PASSED] - click(findTestObject("1. Constant/02_LHSMenu_Projects")): Object: 'Object Repository/1. Constant/02_LHSMenu_Projects' is clicked on

2022-06-23 23:55:58 - [MESSAGE][PASSED] - Object: 'Object Repository/1. Constant/02_LHSMenu_Projects' is clicked on

2022-06-23 23:55:58 - [TEST_STEP][PASSED] - I.SearchProjectNo_xpath(Project_No, "//*[@id="keynum_project"]", "//*[@id="form_filters"]/div[4]/button"): Delayed 5 second(s)

2022-06-23 23:55:59 - [MESSAGE][PASSED] - Delayed 1 second(s)

2022-06-23 23:56:01 - [MESSAGE][PASSED] - Text 'MI000883' is set on object 'Object Repository/1. Constant/xpath'

2022-06-23 23:56:04 - [MESSAGE][PASSED] - Delayed 3 second(s)

2022-06-23 23:56:05 - [MESSAGE][PASSED] - Scroll to object 'Object Repository/1. Constant/xpath' successfully

2022-06-23 23:56:09 - [MESSAGE][PASSED] - Object: 'Object Repository/1. Constant/xpath' is clicked on

2022-06-23 23:56:14 - [MESSAGE][PASSED] - Delayed 5 second(s)

2022-06-23 23:56:14 - [TEST_STEP][PASSED] - takeScreenshot(): Taking screenshot successfully

2022-06-23 23:56:16 - [MESSAGE][PASSED] - Taking screenshot successfully
[[ATTACHMENT|D:\\Projet Test Auto\\Mediabox Test Automation\\Reports\\20220623_184212\\03. Parallel Testing (Testing)\\TS -PT PART 3\\14.05 Dreyers Support Action (Ongoing _ Completed ref) - PART 5\\20220623_184240\\1656021375478.png]]

2022-06-23 23:56:16 - [TEST_STEP][PASSED] - I.SearchRefNo_xpath("P26_Auto", "//*[@id="fiche_filter_keywords11"]", "//*[@id="form_filters"]/div[3]/button"): Delayed 5 second(s)

2022-06-23 23:56:17 - [MESSAGE][PASSED] - Delayed 1 second(s)

2022-06-23 23:56:21 - [MESSAGE][PASSED] - Text 'P26_Auto' is set on object 'Object Repository/1. Constant/xpath'

2022-06-23 23:56:24 - [MESSAGE][PASSED] - Delayed 3 second(s)

2022-06-23 23:56:25 - [MESSAGE][PASSED] - Scroll to object 'Object Repository/1. Constant/xpath' successfully

2022-06-23 23:56:27 - [MESSAGE][PASSED] - Object: 'Object Repository/1. Constant/xpath' is clicked on

2022-06-23 23:56:32 - [MESSAGE][PASSED] - Delayed 5 second(s)

2022-06-23 23:56:32 - [TEST_STEP][PASSED] - takeScreenshot(): Taking screenshot successfully

2022-06-23 23:56:33 - [MESSAGE][PASSED] - Taking screenshot successfully
[[ATTACHMENT|D:\\Projet Test Auto\\Mediabox Test Automation\\Reports\\20220623_184212\\03. Parallel Testing (Testing)\\TS -PT PART 3\\14.05 Dreyers Support Action (Ongoing _ Completed ref) - PART 5\\20220623_184240\\1656021392852.png]]

2022-06-23 23:56:33 - [TEST_STEP][PASSED] - color3 = getCSSValue(findTestObject("1. Constant/xpath", ["xpath":"//*[@id="source_" + refID26 + ""]/td[13]/a"]), "color", OPTIONAL): Get CSS 'color' value on 'Object Repository/1. Constant/xpath' successfully: 'rgba(255, 255, 255, 1)'.

2022-06-23 23:56:34 - [MESSAGE][PASSED] - Get CSS 'color' value on 'Object Repository/1. Constant/xpath' successfully: 'rgba(255, 255, 255, 1)'.

2022-06-23 23:56:34 - [TEST_STEP][PASSED] - while (color3 == "rgba(255, 255, 255, 1)"): Get CSS 'color' value on 'Object Repository/1. Constant/xpath' successfully: 'rgba(54, 153, 255, 1)'.

2022-06-23 23:56:34 - [TEST_STEP][PASSED] - click(findTestObject("1. Constant/xpath", ["xpath":"//*[@id="source_" + refID26 + ""]/td[13]/a"])): Object: 'Object Repository/1. Constant/xpath' is clicked on

2022-06-23 23:56:36 - [MESSAGE][PASSED] - Object: 'Object Repository/1. Constant/xpath' is clicked on

2022-06-23 23:56:36 - [TEST_STEP][PASSED] - selectOptionByValue(findTestObject("1. Constant/xpath", ["xpath":"//*[@id="id_approval_flow_tpl"]"]), "80", false): All options with value '80' are selected in object 'Object Repository/1. Constant/xpath' 

2022-06-23 23:56:38 - [MESSAGE][PASSED] - All options with value '80' are selected in object 'Object Repository/1. Constant/xpath' 

2022-06-23 23:56:38 - [TEST_STEP][PASSED] - I.UploadDoc_sendkey_Prod(findTestObject("1. Constant/xpath", ["xpath":"//*[@id="kt_body"]/input[2]"]), "D:\Upoad_File\Upload doc\testdata1.jpg", "testdata1"): Delayed 5 second(s)

2022-06-23 23:56:39 - [MESSAGE][PASSED] - Scroll to object 'Object Repository/1. Constant/xpath' successfully

2022-06-23 23:56:44 - [MESSAGE][PASSED] - Delayed 5 second(s)

2022-06-23 23:56:45 - [MESSAGE][PASSED] - File 'D:\Upoad_File\Upload doc\testdata1.jpg' sent to object: 'Object Repository/1. Constant/xpath'

2022-06-23 23:56:50 - [MESSAGE][PASSED] - Delayed 5 second(s)

2022-06-23 23:56:50 - [MESSAGE][PASSED] - Text 'testdata1' is present on page 

2022-06-23 23:56:55 - [MESSAGE][PASSED] - Delayed 5 second(s)

2022-06-23 23:57:01 - [MESSAGE][PASSED] - Delayed 5 second(s)

2022-06-23 23:57:01 - [TEST_STEP][PASSED] - takeScreenshot(): Taking screenshot successfully

2022-06-23 23:57:01 - [MESSAGE][PASSED] - Taking screenshot successfully
[[ATTACHMENT|D:\\Projet Test Auto\\Mediabox Test Automation\\Reports\\20220623_184212\\03. Parallel Testing (Testing)\\TS -PT PART 3\\14.05 Dreyers Support Action (Ongoing _ Completed ref) - PART 5\\20220623_184240\\1656021421440.png]]

2022-06-23 23:57:01 - [TEST_STEP][PASSED] - delay(8): Delayed 8 second(s)

2022-06-23 23:57:09 - [MESSAGE][PASSED] - Delayed 8 second(s)

2022-06-23 23:57:09 - [TEST_STEP][PASSED] - click(findTestObject("HL Full Lifecycle/12 ReferncePage_Button_Updatensenddoc")): Object: 'Object Repository/HL Full Lifecycle/12 ReferncePage_Button_Updatensenddoc' is clicked on

2022-06-23 23:57:15 - [MESSAGE][PASSED] - Object: 'Object Repository/HL Full Lifecycle/12 ReferncePage_Button_Updatensenddoc' is clicked on

2022-06-23 23:57:15 - [TEST_STEP][PASSED] - delay(4): Delayed 4 second(s)

2022-06-23 23:57:19 - [MESSAGE][PASSED] - Delayed 4 second(s)

2022-06-23 23:57:19 - [TEST_STEP][PASSED] - color3 = getCSSValue(findTestObject("1. Constant/xpath", ["xpath":"//*[@id="source_" + refID26 + ""]/td[13]/a"]), "color", OPTIONAL): Get CSS 'color' value on 'Object Repository/1. Constant/xpath' successfully: 'rgba(54, 153, 255, 1)'.

2022-06-23 23:57:20 - [MESSAGE][PASSED] - Get CSS 'color' value on 'Object Repository/1. Constant/xpath' successfully: 'rgba(54, 153, 255, 1)'.

2022-06-23 23:57:20 - [TEST_STEP][PASSED] - I.Logout(): Delayed 3 second(s)

2022-06-23 23:57:23 - [MESSAGE][PASSED] - Delayed 3 second(s)

2022-06-23 23:57:24 - [MESSAGE][PASSED] - Object: 'Object Repository/1. Constant/xpath' is clicked on

2022-06-23 23:57:27 - [MESSAGE][PASSED] - Delayed 3 second(s)

2022-06-23 23:57:31 - [MESSAGE][PASSED] - Object: 'Object Repository/1. Constant/xpath' is clicked on

2022-06-23 23:57:34 - [MESSAGE][PASSED] - Delayed 3 second(s)

2022-06-23 23:57:34 - [TEST_STEP][PASSED] - I.Login_password("blemco", password_blemco): Object: 'Object Repository/1. Constant/xpath' is clicked on

2022-06-23 23:57:35 - [MESSAGE][PASSED] - Text 'blemco' is set on object 'Object Repository/1. Constant/xpath'

2022-06-23 23:57:36 - [MESSAGE][PASSED] - Delayed 1 second(s)

2022-06-23 23:57:37 - [MESSAGE][PASSED] - Text 'diadeis1' is set on object 'Object Repository/1. Constant/xpath'

2022-06-23 23:57:38 - [MESSAGE][PASSED] - Delayed 1 second(s)

2022-06-23 23:57:42 - [MESSAGE][PASSED] - Object: 'Object Repository/1. Constant/xpath' is clicked on

2022-06-23 23:57:42 - [TEST_STEP][PASSED] - click(findTestObject("1. Constant/02_LHSMenu_Projects")): Object: 'Object Repository/1. Constant/02_LHSMenu_Projects' is clicked on

2022-06-23 23:57:47 - [MESSAGE][PASSED] - Object: 'Object Repository/1. Constant/02_LHSMenu_Projects' is clicked on

2022-06-23 23:57:47 - [TEST_STEP][PASSED] - I.SearchProjectNo_xpath(Project_No, "//*[@id="keynum_project"]", "//*[@id="form_filters"]/div[4]/button"): Delayed 5 second(s)

2022-06-23 23:57:48 - [MESSAGE][PASSED] - Delayed 1 second(s)

2022-06-23 23:57:50 - [MESSAGE][PASSED] - Text 'MI000883' is set on object 'Object Repository/1. Constant/xpath'

2022-06-23 23:57:53 - [MESSAGE][PASSED] - Delayed 3 second(s)

2022-06-23 23:57:54 - [MESSAGE][PASSED] - Scroll to object 'Object Repository/1. Constant/xpath' successfully

2022-06-23 23:57:58 - [MESSAGE][PASSED] - Object: 'Object Repository/1. Constant/xpath' is clicked on

2022-06-23 23:58:03 - [MESSAGE][PASSED] - Delayed 5 second(s)

2022-06-23 23:58:03 - [TEST_STEP][PASSED] - I.SearchRefNo_xpath("P26_Auto", "//*[@id="fiche_filter_keywords11"]", "//*[@id="form_filters"]/div[3]/button"): Delayed 5 second(s)

2022-06-23 23:58:04 - [MESSAGE][PASSED] - Delayed 1 second(s)

2022-06-23 23:58:05 - [MESSAGE][PASSED] - Text 'P26_Auto' is set on object 'Object Repository/1. Constant/xpath'

2022-06-23 23:58:08 - [MESSAGE][PASSED] - Delayed 3 second(s)

2022-06-23 23:58:08 - [MESSAGE][PASSED] - Scroll to object 'Object Repository/1. Constant/xpath' successfully

2022-06-23 23:58:11 - [MESSAGE][PASSED] - Object: 'Object Repository/1. Constant/xpath' is clicked on

2022-06-23 23:58:16 - [MESSAGE][PASSED] - Delayed 5 second(s)

2022-06-23 23:58:16 - [TEST_STEP][PASSED] - takeScreenshot(): Taking screenshot successfully

2022-06-23 23:58:17 - [MESSAGE][PASSED] - Taking screenshot successfully
[[ATTACHMENT|D:\\Projet Test Auto\\Mediabox Test Automation\\Reports\\20220623_184212\\03. Parallel Testing (Testing)\\TS -PT PART 3\\14.05 Dreyers Support Action (Ongoing _ Completed ref) - PART 5\\20220623_184240\\1656021496934.png]]

2022-06-23 23:58:17 - [TEST_STEP][PASSED] - I.AWF_approve_byaction(findTestObject("1. Constant/xpath", ["xpath":"//*[@id="source_" + refID26 + ""]/td[13]/a[2]"])): Object: 'Object Repository/HL Full Lifecycle/Function_Appbutton2' is clicked on

2022-06-23 23:58:22 - [MESSAGE][PASSED] - Delayed 5 second(s)

2022-06-23 23:58:25 - [MESSAGE][PASSED] - Object: 'Object Repository/1. Constant/xpath' is clicked on

2022-06-23 23:58:26 - [MESSAGE][PASSED] - Object: 'Object Repository/HL Full Lifecycle/Function_access Viewer2' is hovered

2022-06-23 23:58:29 - [MESSAGE][PASSED] - Delayed 3 second(s)

2022-06-23 23:58:30 - [MESSAGE][PASSED] - Object: 'Object Repository/HL Full Lifecycle/Function_access Viewer2' is clicked on

2022-06-23 23:58:35 - [MESSAGE][PASSED] - Delayed 5 second(s)

2022-06-23 23:58:37 - [MESSAGE][PASSED] - Object: 'Object Repository/HL Full Lifecycle/Function_AppButton' is clicked on

2022-06-23 23:58:42 - [MESSAGE][PASSED] - Delayed 5 second(s)

2022-06-23 23:58:45 - [MESSAGE][PASSED] - Object: 'Object Repository/HL Full Lifecycle/Function_Appbutton2' is clicked on

2022-06-23 23:58:45 - [TEST_STEP][PASSED] - Lifecycle_Status6 = getText(findTestObject("1. Constant/xpath", ["xpath":"//*[@id="source_" + refID26 + ""]/td[12]/span[1]"])): Text of object 'Object Repository/1. Constant/xpath' is: 'Complete'

2022-06-23 23:58:45 - [MESSAGE][PASSED] - Text of object 'Object Repository/1. Constant/xpath' is: 'Complete'

2022-06-23 23:58:45 - [TEST_STEP][PASSED] - verifyMatch(Lifecycle_Status6, "Complete", false): Actual text 'Complete' and expected text 'Complete' are matched 

2022-06-23 23:58:45 - [MESSAGE][PASSED] - Actual text 'Complete' and expected text 'Complete' are matched 

2022-06-23 23:58:45 - [TEST_STEP][PASSED] - takeScreenshot(): Taking screenshot successfully

2022-06-23 23:58:46 - [MESSAGE][PASSED] - Taking screenshot successfully
[[ATTACHMENT|D:\\Projet Test Auto\\Mediabox Test Automation\\Reports\\20220623_184212\\03. Parallel Testing (Testing)\\TS -PT PART 3\\14.05 Dreyers Support Action (Ongoing _ Completed ref) - PART 5\\20220623_184240\\1656021525385.png]]

2022-06-23 23:58:46 - [TEST_STEP][PASSED] - I.writenotepad("D:\Upoad_File\Projet_ Login\Dreyers\19.1\19.26_Dreyers_refID26.txt", refID26): null

2022-06-23 23:58:46 - [TEST_STEP][PASSED] - closeBrowser(): Browser is closed

2022-06-23 23:58:52 - [MESSAGE][PASSED] - Browser is closed

2022-06-23 23:58:52 - [TEST_STEP][PASSED] - Start listener action : sampleAfterTestCase: null]]></system-out>
         <system-err><![CDATA[]]></system-err>
      </testcase>
      <testcase name="Test Cases/19. Dreyers Support Action (Ongoing ref_completed)/19.27 Dreyers SAS Add Phase group (Completed) S34 - Used P26_P27" time="230.391" classname="Test Cases/19. Dreyers Support Action (Ongoing ref_completed)/19.27 Dreyers SAS Add Phase group (Completed) S34 - Used P26_P27" status="PASSED">
         <system-out><![CDATA[2022-06-23 23:58:52 - [TEST_CASE][PASSED] - Test Cases/19. Dreyers Support Action (Ongoing ref_completed)/19.27 Dreyers SAS Add Phase group (Completed) S34 - Used P26_P27: Test Cases/19. Dreyers Support Action (Ongoing ref_completed)/19.27 Dreyers SAS Add Phase group (Completed) S34 - Used P26_P27

2022-06-23 23:58:52 - [TEST_STEP][PASSED] - data_Dreyers = findTestData("Data Files/Username_Password/Dreyer"): null

2022-06-23 23:58:52 - [TEST_STEP][PASSED] - password_suser = data_Dreyers.getValue(2, 1): null

2022-06-23 23:58:52 - [TEST_STEP][PASSED] - password_blemco = data_Dreyers.getValue(2, 2): null

2022-06-23 23:58:52 - [TEST_STEP][PASSED] - password_nturner = data_Dreyers.getValue(2, 6): null

2022-06-23 23:58:52 - [TEST_STEP][PASSED] - data_urlRELAUTO = findTestData("Data Files/URL/URL_relauto"): null

2022-06-23 23:58:52 - [TEST_STEP][PASSED] - Url_Dreyer = data_urlRELAUTO.getValue(2, 4): null

2022-06-23 23:58:52 - [TEST_STEP][PASSED] - Project_No = I.readnotepad("D:\Upoad_File\Projet_ Login\Dreyers\19.1\19.1_Dreyers_ProjectNo.txt"): null

2022-06-23 23:58:52 - [TEST_STEP][PASSED] - refID = I.readnotepad("D:\Upoad_File\Projet_ Login\Dreyers\19.1\19.1_Dreyers_refID.txt"): null

2022-06-23 23:58:52 - [TEST_STEP][PASSED] - refID26 = I.readnotepad("D:\Upoad_File\Projet_ Login\Dreyers\19.1\19.26_Dreyers_refID26.txt"): null

2022-06-23 23:58:52 - [TEST_STEP][PASSED] - openBrowser(Url_Dreyer): Browser is opened with url: 'http://mdb-release.diadeis.lan/MediaboxIndependence/?MBI_datasource=RELTESTAUTO_DREYERS'

2022-06-23 23:58:52 - [MESSAGE][INFO] - Starting 'Chrome (headless)' driver

2022-06-23 23:58:52 - [MESSAGE][INFO] - User set preference: ['args', '[--window-size=1920,1080, --headless]']

2022-06-23 23:58:52 - [MESSAGE][INFO] - Action delay is set to 0 milliseconds

2022-06-23 23:59:12 - [MESSAGE][PASSED] - Browser is opened with url: 'http://mdb-release.diadeis.lan/MediaboxIndependence/?MBI_datasource=RELTESTAUTO_DREYERS'

2022-06-23 23:59:12 - [TEST_STEP][PASSED] - maximizeWindow(): Current window maximized

2022-06-23 23:59:12 - [MESSAGE][PASSED] - Current window maximized

2022-06-23 23:59:12 - [TEST_STEP][PASSED] - I.Login_password("suser", password_suser): Object: 'Object Repository/1. Constant/xpath' is clicked on

2022-06-23 23:59:13 - [MESSAGE][PASSED] - Text 'suser' is set on object 'Object Repository/1. Constant/xpath'

2022-06-23 23:59:14 - [MESSAGE][PASSED] - Delayed 1 second(s)

2022-06-23 23:59:16 - [MESSAGE][PASSED] - Text 'diadeis' is set on object 'Object Repository/1. Constant/xpath'

2022-06-23 23:59:17 - [MESSAGE][PASSED] - Delayed 1 second(s)

2022-06-23 23:59:27 - [MESSAGE][PASSED] - Object: 'Object Repository/1. Constant/xpath' is clicked on

2022-06-23 23:59:27 - [TEST_STEP][PASSED] - click(findTestObject("1. Constant/02_LHSMenu_Projects")): Object: 'Object Repository/1. Constant/02_LHSMenu_Projects' is clicked on

2022-06-23 23:59:32 - [MESSAGE][PASSED] - Object: 'Object Repository/1. Constant/02_LHSMenu_Projects' is clicked on

2022-06-23 23:59:32 - [TEST_STEP][PASSED] - I.SearchProjectNo_xpath(Project_No, "//*[@id="keynum_project"]", "//*[@id="form_filters"]/div[4]/button"): Delayed 5 second(s)

2022-06-23 23:59:33 - [MESSAGE][PASSED] - Delayed 1 second(s)

2022-06-23 23:59:33 - [MESSAGE][PASSED] - Text 'MI000883' is set on object 'Object Repository/1. Constant/xpath'

2022-06-23 23:59:36 - [MESSAGE][PASSED] - Delayed 3 second(s)

2022-06-23 23:59:38 - [MESSAGE][PASSED] - Scroll to object 'Object Repository/1. Constant/xpath' successfully

2022-06-23 23:59:46 - [MESSAGE][PASSED] - Object: 'Object Repository/1. Constant/xpath' is clicked on

2022-06-23 23:59:51 - [MESSAGE][PASSED] - Delayed 5 second(s)

2022-06-23 23:59:51 - [TEST_STEP][PASSED] - takeScreenshot(): Taking screenshot successfully

2022-06-23 23:59:52 - [MESSAGE][PASSED] - Taking screenshot successfully
[[ATTACHMENT|D:\\Projet Test Auto\\Mediabox Test Automation\\Reports\\20220623_184212\\03. Parallel Testing (Testing)\\TS -PT PART 3\\14.05 Dreyers Support Action (Ongoing _ Completed ref) - PART 5\\20220623_184240\\1656021591799.png]]

2022-06-23 23:59:52 - [TEST_STEP][PASSED] - I.SearchRefNo_xpath("P26_Auto", "//*[@id="fiche_filter_keywords11"]", "//*[@id="form_filters"]/div[3]/button"): Delayed 5 second(s)

2022-06-23 23:59:53 - [MESSAGE][PASSED] - Delayed 1 second(s)

2022-06-23 23:59:54 - [MESSAGE][PASSED] - Text 'P26_Auto' is set on object 'Object Repository/1. Constant/xpath'

2022-06-23 23:59:57 - [MESSAGE][PASSED] - Delayed 3 second(s)

2022-06-23 23:59:57 - [MESSAGE][PASSED] - Scroll to object 'Object Repository/1. Constant/xpath' successfully

2022-06-24 00:00:01 - [MESSAGE][PASSED] - Object: 'Object Repository/1. Constant/xpath' is clicked on

2022-06-24 00:00:06 - [MESSAGE][PASSED] - Delayed 5 second(s)

2022-06-24 00:00:06 - [TEST_STEP][PASSED] - click(findTestObject("1. Constant/xpath", ["xpath":"//*[@id="source_" + refID26 + ""]/td[6]/a"])): Object: 'Object Repository/1. Constant/xpath' is clicked on

2022-06-24 00:00:09 - [MESSAGE][PASSED] - Object: 'Object Repository/1. Constant/xpath' is clicked on

2022-06-24 00:00:09 - [TEST_STEP][PASSED] - click(findTestObject("1. Constant/xpath", ["xpath":"//*[@id="kt_content"]/div[3]/div/ul/li[3]/a"])): Object: 'Object Repository/1. Constant/xpath' is clicked on

2022-06-24 00:00:16 - [MESSAGE][PASSED] - Object: 'Object Repository/1. Constant/xpath' is clicked on

2022-06-24 00:00:16 - [TEST_STEP][PASSED] - takeScreenshot(): Taking screenshot successfully

2022-06-24 00:00:16 - [MESSAGE][PASSED] - Taking screenshot successfully
[[ATTACHMENT|D:\\Projet Test Auto\\Mediabox Test Automation\\Reports\\20220623_184212\\03. Parallel Testing (Testing)\\TS -PT PART 3\\14.05 Dreyers Support Action (Ongoing _ Completed ref) - PART 5\\20220623_184240\\1656021616194.png]]

2022-06-24 00:00:16 - [TEST_STEP][PASSED] - click(findTestObject("1. Constant/xpath", ["xpath":"/html/body/div[1]/div[2]/div[8]/div[3]/div/div[3]/div[3]/div/ul/li[3]/a"])): Object: 'Object Repository/1. Constant/xpath' is clicked on

2022-06-24 00:00:16 - [MESSAGE][PASSED] - Object: 'Object Repository/1. Constant/xpath' is clicked on

2022-06-24 00:00:16 - [TEST_STEP][PASSED] - click(findTestObject("1. Constant/xpath", ["xpath":"/html/body/div[1]/div[2]/div[8]/div[3]/div/div[3]/div[3]/div/div/div[3]/div/div[11]/div/div[1]/div[2]/div/button"])): Object: 'Object Repository/1. Constant/xpath' is clicked on

2022-06-24 00:00:17 - [MESSAGE][PASSED] - Object: 'Object Repository/1. Constant/xpath' is clicked on

2022-06-24 00:00:17 - [TEST_STEP][PASSED] - takeScreenshot(): Taking screenshot successfully

2022-06-24 00:00:17 - [MESSAGE][PASSED] - Taking screenshot successfully
[[ATTACHMENT|D:\\Projet Test Auto\\Mediabox Test Automation\\Reports\\20220623_184212\\03. Parallel Testing (Testing)\\TS -PT PART 3\\14.05 Dreyers Support Action (Ongoing _ Completed ref) - PART 5\\20220623_184240\\1656021617102.png]]

2022-06-24 00:00:17 - [TEST_STEP][PASSED] - delay(1): Delayed 1 second(s)

2022-06-24 00:00:18 - [MESSAGE][PASSED] - Delayed 1 second(s)

2022-06-24 00:00:18 - [TEST_STEP][PASSED] - x = 15: null

2022-06-24 00:00:18 - [TEST_STEP][PASSED] - i = 1: null

2022-06-24 00:00:18 - [TEST_STEP][PASSED] - while (i <= x): null

2022-06-24 00:00:18 - [TEST_STEP][PASSED] - Expected_SAS_Selected = "SAS S30: Add Phase Group SA/ Skip to Phase 1.1": null

2022-06-24 00:00:18 - [TEST_STEP][PASSED] - xpath_SAS = "/html/body/div[1]/div[2]/div[8]/div[3]/div/div[3]/div[3]/div/div/div[3]/div/div[11]/div/div[1]/div[2]/div/div/a[" + i + "]": null

2022-06-24 00:00:18 - [TEST_STEP][PASSED] - Actual_SAS = getText(findTestObject("1. Constant/xpath", ["xpath":xpath_SAS])): Text of object 'Object Repository/1. Constant/xpath' is: 'SAS S21 - Add Step Group C&A / Skip P3.4 [Complete]'

2022-06-24 00:00:18 - [MESSAGE][PASSED] - Text of object 'Object Repository/1. Constant/xpath' is: 'SAS S21 - Add Step Group C&A / Skip P3.4 [Complete]'

2022-06-24 00:00:18 - [TEST_STEP][PASSED] - I.print(i): null

2022-06-24 00:00:18 - [TEST_STEP][PASSED] - if (Actual_SAS.contains(Expected_SAS_Selected)): null

2022-06-24 00:00:18 - [TEST_STEP][PASSED] - i = i + 1: null

2022-06-24 00:00:18 - [TEST_STEP][PASSED] - Expected_SAS_Selected = "SAS S30: Add Phase Group SA/ Skip to Phase 1.1": null

2022-06-24 00:00:18 - [TEST_STEP][PASSED] - xpath_SAS = "/html/body/div[1]/div[2]/div[8]/div[3]/div/div[3]/div[3]/div/div/div[3]/div/div[11]/div/div[1]/div[2]/div/div/a[" + i + "]": null

2022-06-24 00:00:18 - [TEST_STEP][PASSED] - Actual_SAS = getText(findTestObject("1. Constant/xpath", ["xpath":xpath_SAS])): Text of object 'Object Repository/1. Constant/xpath' is: 'SAS: S6 - Add Steps C'

2022-06-24 00:00:18 - [MESSAGE][PASSED] - Text of object 'Object Repository/1. Constant/xpath' is: 'SAS: S6 - Add Steps C'

2022-06-24 00:00:18 - [TEST_STEP][PASSED] - I.print(i): null

2022-06-24 00:00:18 - [TEST_STEP][PASSED] - if (Actual_SAS.contains(Expected_SAS_Selected)): null

2022-06-24 00:00:18 - [TEST_STEP][PASSED] - i = i + 1: null

2022-06-24 00:00:18 - [TEST_STEP][PASSED] - Expected_SAS_Selected = "SAS S30: Add Phase Group SA/ Skip to Phase 1.1": null

2022-06-24 00:00:18 - [TEST_STEP][PASSED] - xpath_SAS = "/html/body/div[1]/div[2]/div[8]/div[3]/div/div[3]/div[3]/div/div/div[3]/div/div[11]/div/div[1]/div[2]/div/div/a[" + i + "]": null

2022-06-24 00:00:18 - [TEST_STEP][PASSED] - Actual_SAS = getText(findTestObject("1. Constant/xpath", ["xpath":xpath_SAS])): Text of object 'Object Repository/1. Constant/xpath' is: 'SAS: S14 - Add Step group (SAS Lifecycle - SAS Step C)'

2022-06-24 00:00:18 - [MESSAGE][PASSED] - Text of object 'Object Repository/1. Constant/xpath' is: 'SAS: S14 - Add Step group (SAS Lifecycle - SAS Step C)'

2022-06-24 00:00:18 - [TEST_STEP][PASSED] - I.print(i): null

2022-06-24 00:00:18 - [TEST_STEP][PASSED] - if (Actual_SAS.contains(Expected_SAS_Selected)): null

2022-06-24 00:00:18 - [TEST_STEP][PASSED] - i = i + 1: null

2022-06-24 00:00:18 - [TEST_STEP][PASSED] - Expected_SAS_Selected = "SAS S30: Add Phase Group SA/ Skip to Phase 1.1": null

2022-06-24 00:00:18 - [TEST_STEP][PASSED] - xpath_SAS = "/html/body/div[1]/div[2]/div[8]/div[3]/div/div[3]/div[3]/div/div/div[3]/div/div[11]/div/div[1]/div[2]/div/div/a[" + i + "]": null

2022-06-24 00:00:18 - [TEST_STEP][PASSED] - Actual_SAS = getText(findTestObject("1. Constant/xpath", ["xpath":xpath_SAS])): Text of object 'Object Repository/1. Constant/xpath' is: 'SAS: S15 - Add Step Group A & C'

2022-06-24 00:00:18 - [MESSAGE][PASSED] - Text of object 'Object Repository/1. Constant/xpath' is: 'SAS: S15 - Add Step Group A & C'

2022-06-24 00:00:18 - [TEST_STEP][PASSED] - I.print(i): null

2022-06-24 00:00:18 - [TEST_STEP][PASSED] - if (Actual_SAS.contains(Expected_SAS_Selected)): null

2022-06-24 00:00:18 - [TEST_STEP][PASSED] - i = i + 1: null

2022-06-24 00:00:18 - [TEST_STEP][PASSED] - Expected_SAS_Selected = "SAS S30: Add Phase Group SA/ Skip to Phase 1.1": null

2022-06-24 00:00:18 - [TEST_STEP][PASSED] - xpath_SAS = "/html/body/div[1]/div[2]/div[8]/div[3]/div/div[3]/div[3]/div/div/div[3]/div/div[11]/div/div[1]/div[2]/div/div/a[" + i + "]": null

2022-06-24 00:00:18 - [TEST_STEP][PASSED] - Actual_SAS = getText(findTestObject("1. Constant/xpath", ["xpath":xpath_SAS])): Text of object 'Object Repository/1. Constant/xpath' is: 'SAS S18: Add Step C / Skip Phase 3.5 [Complete]'

2022-06-24 00:00:19 - [MESSAGE][PASSED] - Text of object 'Object Repository/1. Constant/xpath' is: 'SAS S18: Add Step C / Skip Phase 3.5 [Complete]'

2022-06-24 00:00:19 - [TEST_STEP][PASSED] - I.print(i): null

2022-06-24 00:00:19 - [TEST_STEP][PASSED] - if (Actual_SAS.contains(Expected_SAS_Selected)): null

2022-06-24 00:00:19 - [TEST_STEP][PASSED] - i = i + 1: null

2022-06-24 00:00:19 - [TEST_STEP][PASSED] - Expected_SAS_Selected = "SAS S30: Add Phase Group SA/ Skip to Phase 1.1": null

2022-06-24 00:00:19 - [TEST_STEP][PASSED] - xpath_SAS = "/html/body/div[1]/div[2]/div[8]/div[3]/div/div[3]/div[3]/div/div/div[3]/div/div[11]/div/div[1]/div[2]/div/div/a[" + i + "]": null

2022-06-24 00:00:19 - [TEST_STEP][PASSED] - Actual_SAS = getText(findTestObject("1. Constant/xpath", ["xpath":xpath_SAS])): Text of object 'Object Repository/1. Constant/xpath' is: 'SAS S19: Add Step Group A/ Skip Phase 1.2 [Complete]'

2022-06-24 00:00:19 - [MESSAGE][PASSED] - Text of object 'Object Repository/1. Constant/xpath' is: 'SAS S19: Add Step Group A/ Skip Phase 1.2 [Complete]'

2022-06-24 00:00:19 - [TEST_STEP][PASSED] - I.print(i): null

2022-06-24 00:00:19 - [TEST_STEP][PASSED] - if (Actual_SAS.contains(Expected_SAS_Selected)): null

2022-06-24 00:00:19 - [TEST_STEP][PASSED] - i = i + 1: null

2022-06-24 00:00:19 - [TEST_STEP][PASSED] - Expected_SAS_Selected = "SAS S30: Add Phase Group SA/ Skip to Phase 1.1": null

2022-06-24 00:00:19 - [TEST_STEP][PASSED] - xpath_SAS = "/html/body/div[1]/div[2]/div[8]/div[3]/div/div[3]/div[3]/div/div/div[3]/div/div[11]/div/div[1]/div[2]/div/div/a[" + i + "]": null

2022-06-24 00:00:19 - [TEST_STEP][PASSED] - Actual_SAS = getText(findTestObject("1. Constant/xpath", ["xpath":xpath_SAS])): Text of object 'Object Repository/1. Constant/xpath' is: 'SAS S20: Add Step Group AC/ Skip Phase 1.2 [Complete]'

2022-06-24 00:00:19 - [MESSAGE][PASSED] - Text of object 'Object Repository/1. Constant/xpath' is: 'SAS S20: Add Step Group AC/ Skip Phase 1.2 [Complete]'

2022-06-24 00:00:19 - [TEST_STEP][PASSED] - I.print(i): null

2022-06-24 00:00:19 - [TEST_STEP][PASSED] - if (Actual_SAS.contains(Expected_SAS_Selected)): null

2022-06-24 00:00:19 - [TEST_STEP][PASSED] - i = i + 1: null

2022-06-24 00:00:19 - [TEST_STEP][PASSED] - Expected_SAS_Selected = "SAS S30: Add Phase Group SA/ Skip to Phase 1.1": null

2022-06-24 00:00:19 - [TEST_STEP][PASSED] - xpath_SAS = "/html/body/div[1]/div[2]/div[8]/div[3]/div/div[3]/div[3]/div/div/div[3]/div/div[11]/div/div[1]/div[2]/div/div/a[" + i + "]": null

2022-06-24 00:00:19 - [TEST_STEP][PASSED] - Actual_SAS = getText(findTestObject("1. Constant/xpath", ["xpath":xpath_SAS])): Text of object 'Object Repository/1. Constant/xpath' is: 'SAS S30: Add Phase Group SA/ Skip to Phase 1.1'

2022-06-24 00:00:19 - [MESSAGE][PASSED] - Text of object 'Object Repository/1. Constant/xpath' is: 'SAS S30: Add Phase Group SA/ Skip to Phase 1.1'

2022-06-24 00:00:19 - [TEST_STEP][PASSED] - I.print(i): null

2022-06-24 00:00:19 - [TEST_STEP][PASSED] - if (Actual_SAS.contains(Expected_SAS_Selected)): null

2022-06-24 00:00:19 - [TEST_STEP][PASSED] - I.click_button_javascriptS(xpath_SAS): Execute JavaScript 'arguments[0].click()' successfully

2022-06-24 00:00:19 - [MESSAGE][PASSED] - Execute JavaScript 'arguments[0].click()' successfully

2022-06-24 00:00:19 - [TEST_STEP][PASSED] - break: null

2022-06-24 00:00:19 - [TEST_STEP][PASSED] - takeScreenshot(): Taking screenshot successfully

2022-06-24 00:00:20 - [MESSAGE][PASSED] - Taking screenshot successfully
[[ATTACHMENT|D:\\Projet Test Auto\\Mediabox Test Automation\\Reports\\20220623_184212\\03. Parallel Testing (Testing)\\TS -PT PART 3\\14.05 Dreyers Support Action (Ongoing _ Completed ref) - PART 5\\20220623_184240\\1656021619894.png]]

2022-06-24 00:00:20 - [TEST_STEP][PASSED] - click(findTestObject("1. Constant/xpath", ["xpath":"//*[@id="confirmSupportActionShortcut"]"])): Object: 'Object Repository/1. Constant/xpath' is clicked on

2022-06-24 00:00:23 - [MESSAGE][PASSED] - Object: 'Object Repository/1. Constant/xpath' is clicked on

2022-06-24 00:00:23 - [TEST_STEP][PASSED] - takeScreenshot(): Taking screenshot successfully

2022-06-24 00:00:24 - [MESSAGE][PASSED] - Taking screenshot successfully
[[ATTACHMENT|D:\\Projet Test Auto\\Mediabox Test Automation\\Reports\\20220623_184212\\03. Parallel Testing (Testing)\\TS -PT PART 3\\14.05 Dreyers Support Action (Ongoing _ Completed ref) - PART 5\\20220623_184240\\1656021623534.png]]

2022-06-24 00:00:24 - [TEST_STEP][PASSED] - click(findTestObject("1. Constant/xpath", ["xpath":"//*[@id="kt_content"]/div[3]/div/ul/li[3]/a"])): Object: 'Object Repository/1. Constant/xpath' is clicked on

2022-06-24 00:00:27 - [MESSAGE][PASSED] - Object: 'Object Repository/1. Constant/xpath' is clicked on

2022-06-24 00:00:27 - [TEST_STEP][PASSED] - takeScreenshot(): Taking screenshot successfully

2022-06-24 00:00:27 - [MESSAGE][PASSED] - Taking screenshot successfully
[[ATTACHMENT|D:\\Projet Test Auto\\Mediabox Test Automation\\Reports\\20220623_184212\\03. Parallel Testing (Testing)\\TS -PT PART 3\\14.05 Dreyers Support Action (Ongoing _ Completed ref) - PART 5\\20220623_184240\\1656021627426.png]]

2022-06-24 00:00:27 - [TEST_STEP][PASSED] - StepC_1 = getAttribute(findTestObject("1. Constant/xpath", ["xpath":"/html/body/div[1]/div[2]/div[8]/div[3]/div/div[3]/div[3]/div/ul/li[3]/a"]), "class"): Attribute 'class' of object 'Object Repository/1. Constant/xpath' is: 'nav-link timeline-badge badge-xl  bg-complete '

2022-06-24 00:00:27 - [MESSAGE][PASSED] - Attribute 'class' of object 'Object Repository/1. Constant/xpath' is: 'nav-link timeline-badge badge-xl  bg-complete '

2022-06-24 00:00:27 - [TEST_STEP][PASSED] - verifyMatch(StepC_1, "nav-link timeline-badge badge-xl  bg-complete ", false): Actual text 'nav-link timeline-badge badge-xl  bg-complete ' and expected text 'nav-link timeline-badge badge-xl  bg-complete ' are matched 

2022-06-24 00:00:27 - [MESSAGE][PASSED] - Actual text 'nav-link timeline-badge badge-xl  bg-complete ' and expected text 'nav-link timeline-badge badge-xl  bg-complete ' are matched 

2022-06-24 00:00:27 - [TEST_STEP][PASSED] - StepC_11 = I.Get_Stepname("/html/body/div[1]/div[2]/div[8]/div[3]/div/div[3]/div[3]/div/ul/li[3]/a"): Attribute 'href' of object 'Object Repository/1. Constant/xpath' is: 'http://mdb-release.diadeis.lan/MediaboxIndependence/Base/ExecAction?action=VoirRef&IDSession=MBI!RELTESTAUTO_DREYERS!ZXNVPDNFZS3G9ZUB7J1MPERDQI9Q8FJ5T6O9VEW9&num=1P7KIEC2XE&id_ref=5336#tab_lifecycle_SASStepC_12380'

2022-06-24 00:00:32 - [MESSAGE][PASSED] - Delayed 5 second(s)

2022-06-24 00:00:33 - [MESSAGE][PASSED] - Attribute 'href' of object 'Object Repository/1. Constant/xpath' is: 'http://mdb-release.diadeis.lan/MediaboxIndependence/Base/ExecAction?action=VoirRef&IDSession=MBI!RELTESTAUTO_DREYERS!ZXNVPDNFZS3G9ZUB7J1MPERDQI9Q8FJ5T6O9VEW9&num=1P7KIEC2XE&id_ref=5336#tab_lifecycle_SASStepC_12380'

2022-06-24 00:00:33 - [TEST_STEP][PASSED] - verifyMatch(StepC_11, "SASStepC", false): Actual text 'SASStepC' and expected text 'SASStepC' are matched 

2022-06-24 00:00:33 - [MESSAGE][PASSED] - Actual text 'SASStepC' and expected text 'SASStepC' are matched 

2022-06-24 00:00:33 - [TEST_STEP][PASSED] - StepA_2 = getAttribute(findTestObject("1. Constant/xpath", ["xpath":"/html/body/div[1]/div[2]/div[8]/div[3]/div/div[3]/div[3]/div/ul/li[4]/a"]), "class"): Attribute 'class' of object 'Object Repository/1. Constant/xpath' is: 'nav-link timeline-badge badge-xl  bg-pending active'

2022-06-24 00:00:33 - [MESSAGE][PASSED] - Attribute 'class' of object 'Object Repository/1. Constant/xpath' is: 'nav-link timeline-badge badge-xl  bg-pending active'

2022-06-24 00:00:33 - [TEST_STEP][PASSED] - verifyMatch(StepA_2, "nav-link timeline-badge badge-xl  bg-pending active", false): Actual text 'nav-link timeline-badge badge-xl  bg-pending active' and expected text 'nav-link timeline-badge badge-xl  bg-pending active' are matched 

2022-06-24 00:00:33 - [MESSAGE][PASSED] - Actual text 'nav-link timeline-badge badge-xl  bg-pending active' and expected text 'nav-link timeline-badge badge-xl  bg-pending active' are matched 

2022-06-24 00:00:33 - [TEST_STEP][PASSED] - StepA_22 = I.Get_Stepname("/html/body/div[1]/div[2]/div[8]/div[3]/div/div[3]/div[3]/div/ul/li[4]/a"): Attribute 'href' of object 'Object Repository/1. Constant/xpath' is: 'http://mdb-release.diadeis.lan/MediaboxIndependence/Base/ExecAction?action=VoirRef&IDSession=MBI!RELTESTAUTO_DREYERS!ZXNVPDNFZS3G9ZUB7J1MPERDQI9Q8FJ5T6O9VEW9&num=1P7KIEC2XE&id_ref=5336#tab_lifecycle_SASStepA_12381'

2022-06-24 00:00:38 - [MESSAGE][PASSED] - Delayed 5 second(s)

2022-06-24 00:00:38 - [MESSAGE][PASSED] - Attribute 'href' of object 'Object Repository/1. Constant/xpath' is: 'http://mdb-release.diadeis.lan/MediaboxIndependence/Base/ExecAction?action=VoirRef&IDSession=MBI!RELTESTAUTO_DREYERS!ZXNVPDNFZS3G9ZUB7J1MPERDQI9Q8FJ5T6O9VEW9&num=1P7KIEC2XE&id_ref=5336#tab_lifecycle_SASStepA_12381'

2022-06-24 00:00:38 - [TEST_STEP][PASSED] - verifyMatch(StepA_22, "SASStepA", false): Actual text 'SASStepA' and expected text 'SASStepA' are matched 

2022-06-24 00:00:38 - [MESSAGE][PASSED] - Actual text 'SASStepA' and expected text 'SASStepA' are matched 

2022-06-24 00:00:38 - [TEST_STEP][PASSED] - StepA_11 = getText(findTestObject("1. Constant/xpath", ["xpath":"/html/body/div[1]/div[2]/div[8]/div[3]/div/div[3]/div[3]/div/div/div[4]/div/div[1]/div/div[1]/div[1]/h3"])): Text of object 'Object Repository/1. Constant/xpath' is: 'Phase 1.1 [Standard]'

2022-06-24 00:00:38 - [MESSAGE][PASSED] - Text of object 'Object Repository/1. Constant/xpath' is: 'Phase 1.1 [Standard]'

2022-06-24 00:00:38 - [TEST_STEP][PASSED] - verifyMatch(StepA_11, "Phase 1.1 [Standard]", false): Actual text 'Phase 1.1 [Standard]' and expected text 'Phase 1.1 [Standard]' are matched 

2022-06-24 00:00:38 - [MESSAGE][PASSED] - Actual text 'Phase 1.1 [Standard]' and expected text 'Phase 1.1 [Standard]' are matched 

2022-06-24 00:00:38 - [TEST_STEP][PASSED] - Started_StepA_11 = getText(findTestObject("1. Constant/xpath", ["xpath":"/html/body/div[1]/div[2]/div[8]/div[3]/div/div[3]/div[3]/div/div/div[4]/div/div[1]/div/div[2]/div[1]"])): Text of object 'Object Repository/1. Constant/xpath' is: 'Started 06/23/22 06:00 PM'

2022-06-24 00:00:39 - [MESSAGE][PASSED] - Text of object 'Object Repository/1. Constant/xpath' is: 'Started 06/23/22 06:00 PM'

2022-06-24 00:00:39 - [TEST_STEP][PASSED] - if (Started_StepA_11.contains("Started")): Actual object '1' and expected object '1' are equal

2022-06-24 00:00:39 - [TEST_STEP][PASSED] - verifyEqual(1, 1): Actual object '1' and expected object '1' are equal

2022-06-24 00:00:39 - [MESSAGE][PASSED] - Actual object '1' and expected object '1' are equal

2022-06-24 00:00:39 - [TEST_STEP][PASSED] - I.Logout(): Delayed 3 second(s)

2022-06-24 00:00:42 - [MESSAGE][PASSED] - Delayed 3 second(s)

2022-06-24 00:00:42 - [MESSAGE][PASSED] - Object: 'Object Repository/1. Constant/xpath' is clicked on

2022-06-24 00:00:45 - [MESSAGE][PASSED] - Delayed 3 second(s)

2022-06-24 00:00:47 - [MESSAGE][PASSED] - Object: 'Object Repository/1. Constant/xpath' is clicked on

2022-06-24 00:00:50 - [MESSAGE][PASSED] - Delayed 3 second(s)

2022-06-24 00:00:50 - [TEST_STEP][PASSED] - I.Login_password("blemco", password_blemco): Object: 'Object Repository/1. Constant/xpath' is clicked on

2022-06-24 00:00:50 - [MESSAGE][PASSED] - Text 'blemco' is set on object 'Object Repository/1. Constant/xpath'

2022-06-24 00:00:51 - [MESSAGE][PASSED] - Delayed 1 second(s)

2022-06-24 00:00:52 - [MESSAGE][PASSED] - Text 'diadeis1' is set on object 'Object Repository/1. Constant/xpath'

2022-06-24 00:00:53 - [MESSAGE][PASSED] - Delayed 1 second(s)

2022-06-24 00:00:56 - [MESSAGE][PASSED] - Object: 'Object Repository/1. Constant/xpath' is clicked on

2022-06-24 00:00:56 - [TEST_STEP][PASSED] - click(findTestObject("1. Constant/02_LHSMenu_Projects")): Object: 'Object Repository/1. Constant/02_LHSMenu_Projects' is clicked on

2022-06-24 00:01:00 - [MESSAGE][PASSED] - Object: 'Object Repository/1. Constant/02_LHSMenu_Projects' is clicked on

2022-06-24 00:01:00 - [TEST_STEP][PASSED] - I.SearchProjectNo_xpath(Project_No, "//*[@id="keynum_project"]", "//*[@id="form_filters"]/div[4]/button"): Delayed 5 second(s)

2022-06-24 00:01:01 - [MESSAGE][PASSED] - Delayed 1 second(s)

2022-06-24 00:01:02 - [MESSAGE][PASSED] - Text 'MI000883' is set on object 'Object Repository/1. Constant/xpath'

2022-06-24 00:01:05 - [MESSAGE][PASSED] - Delayed 3 second(s)

2022-06-24 00:01:05 - [MESSAGE][PASSED] - Scroll to object 'Object Repository/1. Constant/xpath' successfully

2022-06-24 00:01:14 - [MESSAGE][PASSED] - Object: 'Object Repository/1. Constant/xpath' is clicked on

2022-06-24 00:01:19 - [MESSAGE][PASSED] - Delayed 5 second(s)

2022-06-24 00:01:19 - [TEST_STEP][PASSED] - takeScreenshot(): Taking screenshot successfully

2022-06-24 00:01:20 - [MESSAGE][PASSED] - Taking screenshot successfully
[[ATTACHMENT|D:\\Projet Test Auto\\Mediabox Test Automation\\Reports\\20220623_184212\\03. Parallel Testing (Testing)\\TS -PT PART 3\\14.05 Dreyers Support Action (Ongoing _ Completed ref) - PART 5\\20220623_184240\\1656021679906.png]]

2022-06-24 00:01:20 - [TEST_STEP][PASSED] - I.SearchRefNo_xpath("P26_Auto", "//*[@id="fiche_filter_keywords11"]", "//*[@id="form_filters"]/div[3]/button"): Delayed 5 second(s)

2022-06-24 00:01:21 - [MESSAGE][PASSED] - Delayed 1 second(s)

2022-06-24 00:01:22 - [MESSAGE][PASSED] - Text 'P26_Auto' is set on object 'Object Repository/1. Constant/xpath'

2022-06-24 00:01:25 - [MESSAGE][PASSED] - Delayed 3 second(s)

2022-06-24 00:01:25 - [MESSAGE][PASSED] - Scroll to object 'Object Repository/1. Constant/xpath' successfully

2022-06-24 00:01:27 - [MESSAGE][PASSED] - Object: 'Object Repository/1. Constant/xpath' is clicked on

2022-06-24 00:01:32 - [MESSAGE][PASSED] - Delayed 5 second(s)

2022-06-24 00:01:32 - [TEST_STEP][PASSED] - takeScreenshot(): Taking screenshot successfully

2022-06-24 00:01:34 - [MESSAGE][PASSED] - Taking screenshot successfully
[[ATTACHMENT|D:\\Projet Test Auto\\Mediabox Test Automation\\Reports\\20220623_184212\\03. Parallel Testing (Testing)\\TS -PT PART 3\\14.05 Dreyers Support Action (Ongoing _ Completed ref) - PART 5\\20220623_184240\\1656021693251.png]]

2022-06-24 00:01:34 - [TEST_STEP][PASSED] - Lifecycle_Status66 = getText(findTestObject("1. Constant/xpath", ["xpath":"//*[@id="source_" + refID26 + ""]/td[12]/span[1]"])): Text of object 'Object Repository/1. Constant/xpath' is: 'Phase 1.1 [Standard]'

2022-06-24 00:01:34 - [MESSAGE][PASSED] - Text of object 'Object Repository/1. Constant/xpath' is: 'Phase 1.1 [Standard]'

2022-06-24 00:01:34 - [TEST_STEP][PASSED] - verifyMatch(Lifecycle_Status66, "Phase 1.1 [Standard]", false): Actual text 'Phase 1.1 [Standard]' and expected text 'Phase 1.1 [Standard]' are matched 

2022-06-24 00:01:34 - [MESSAGE][PASSED] - Actual text 'Phase 1.1 [Standard]' and expected text 'Phase 1.1 [Standard]' are matched 

2022-06-24 00:01:34 - [TEST_STEP][PASSED] - click(findTestObject("1. Constant/xpath", ["xpath":"//*[@id="source_" + refID26 + ""]/td[13]/a[3]"])): Object: 'Object Repository/1. Constant/xpath' is clicked on

2022-06-24 00:01:36 - [MESSAGE][PASSED] - Object: 'Object Repository/1. Constant/xpath' is clicked on

2022-06-24 00:01:36 - [TEST_STEP][PASSED] - click(findTestObject("1. Constant/xpath", ["xpath":"//*[@id="ModifFiche"]/div[1]/div/button[2]"])): Object: 'Object Repository/1. Constant/xpath' is clicked on

2022-06-24 00:01:40 - [MESSAGE][PASSED] - Object: 'Object Repository/1. Constant/xpath' is clicked on

2022-06-24 00:01:40 - [TEST_STEP][PASSED] - Lifecycle_Status3 = getText(findTestObject("1. Constant/xpath", ["xpath":"//*[@id="source_" + refID26 + ""]/td[12]/span[1]"])): Text of object 'Object Repository/1. Constant/xpath' is: 'Phase 1.2 [Standard Phase]'

2022-06-24 00:01:41 - [MESSAGE][PASSED] - Text of object 'Object Repository/1. Constant/xpath' is: 'Phase 1.2 [Standard Phase]'

2022-06-24 00:01:41 - [TEST_STEP][PASSED] - verifyMatch(Lifecycle_Status3, "Phase 1.2 [Standard Phase]", false): Actual text 'Phase 1.2 [Standard Phase]' and expected text 'Phase 1.2 [Standard Phase]' are matched 

2022-06-24 00:01:41 - [MESSAGE][PASSED] - Actual text 'Phase 1.2 [Standard Phase]' and expected text 'Phase 1.2 [Standard Phase]' are matched 

2022-06-24 00:01:41 - [TEST_STEP][PASSED] - I.Logout(): Delayed 3 second(s)

2022-06-24 00:01:44 - [MESSAGE][PASSED] - Delayed 3 second(s)

2022-06-24 00:01:45 - [MESSAGE][PASSED] - Object: 'Object Repository/1. Constant/xpath' is clicked on

2022-06-24 00:01:48 - [MESSAGE][PASSED] - Delayed 3 second(s)

2022-06-24 00:01:51 - [MESSAGE][PASSED] - Object: 'Object Repository/1. Constant/xpath' is clicked on

2022-06-24 00:01:54 - [MESSAGE][PASSED] - Delayed 3 second(s)

2022-06-24 00:01:54 - [TEST_STEP][PASSED] - I.Login_password("nturner", password_nturner): Object: 'Object Repository/1. Constant/xpath' is clicked on

2022-06-24 00:01:54 - [MESSAGE][PASSED] - Text 'nturner' is set on object 'Object Repository/1. Constant/xpath'

2022-06-24 00:01:55 - [MESSAGE][PASSED] - Delayed 1 second(s)

2022-06-24 00:01:57 - [MESSAGE][PASSED] - Text 'diadeis1' is set on object 'Object Repository/1. Constant/xpath'

2022-06-24 00:01:58 - [MESSAGE][PASSED] - Delayed 1 second(s)

2022-06-24 00:02:01 - [MESSAGE][PASSED] - Object: 'Object Repository/1. Constant/xpath' is clicked on

2022-06-24 00:02:01 - [TEST_STEP][PASSED] - takeScreenshot(): Taking screenshot successfully

2022-06-24 00:02:01 - [MESSAGE][PASSED] - Taking screenshot successfully
[[ATTACHMENT|D:\\Projet Test Auto\\Mediabox Test Automation\\Reports\\20220623_184212\\03. Parallel Testing (Testing)\\TS -PT PART 3\\14.05 Dreyers Support Action (Ongoing _ Completed ref) - PART 5\\20220623_184240\\1656021721276.png]]

2022-06-24 00:02:01 - [TEST_STEP][PASSED] - click(findTestObject("1. Constant/02_LHSMenu_Projects")): Object: 'Object Repository/1. Constant/02_LHSMenu_Projects' is clicked on

2022-06-24 00:02:09 - [MESSAGE][PASSED] - Object: 'Object Repository/1. Constant/02_LHSMenu_Projects' is clicked on

2022-06-24 00:02:09 - [TEST_STEP][PASSED] - I.SearchProjectNo_xpath(Project_No, "//*[@id="keynum_project"]", "//*[@id="form_filters"]/div[4]/button"): Delayed 5 second(s)

2022-06-24 00:02:10 - [MESSAGE][PASSED] - Delayed 1 second(s)

2022-06-24 00:02:10 - [MESSAGE][PASSED] - Text 'MI000883' is set on object 'Object Repository/1. Constant/xpath'

2022-06-24 00:02:13 - [MESSAGE][PASSED] - Delayed 3 second(s)

2022-06-24 00:02:13 - [MESSAGE][PASSED] - Scroll to object 'Object Repository/1. Constant/xpath' successfully

2022-06-24 00:02:17 - [MESSAGE][PASSED] - Object: 'Object Repository/1. Constant/xpath' is clicked on

2022-06-24 00:02:22 - [MESSAGE][PASSED] - Delayed 5 second(s)

2022-06-24 00:02:22 - [TEST_STEP][PASSED] - takeScreenshot(): Taking screenshot successfully

2022-06-24 00:02:23 - [MESSAGE][PASSED] - Taking screenshot successfully
[[ATTACHMENT|D:\\Projet Test Auto\\Mediabox Test Automation\\Reports\\20220623_184212\\03. Parallel Testing (Testing)\\TS -PT PART 3\\14.05 Dreyers Support Action (Ongoing _ Completed ref) - PART 5\\20220623_184240\\1656021742837.png]]

2022-06-24 00:02:23 - [TEST_STEP][PASSED] - I.SearchRefNo_xpath("P26_Auto", "//*[@id="fiche_filter_keywords11"]", "//*[@id="form_filters"]/div[3]/button"): Delayed 5 second(s)

2022-06-24 00:02:24 - [MESSAGE][PASSED] - Delayed 1 second(s)

2022-06-24 00:02:25 - [MESSAGE][PASSED] - Text 'P26_Auto' is set on object 'Object Repository/1. Constant/xpath'

2022-06-24 00:02:28 - [MESSAGE][PASSED] - Delayed 3 second(s)

2022-06-24 00:02:28 - [MESSAGE][PASSED] - Scroll to object 'Object Repository/1. Constant/xpath' successfully

2022-06-24 00:02:30 - [MESSAGE][PASSED] - Object: 'Object Repository/1. Constant/xpath' is clicked on

2022-06-24 00:02:35 - [MESSAGE][PASSED] - Delayed 5 second(s)

2022-06-24 00:02:35 - [TEST_STEP][PASSED] - takeScreenshot(): Taking screenshot successfully

2022-06-24 00:02:36 - [MESSAGE][PASSED] - Taking screenshot successfully
[[ATTACHMENT|D:\\Projet Test Auto\\Mediabox Test Automation\\Reports\\20220623_184212\\03. Parallel Testing (Testing)\\TS -PT PART 3\\14.05 Dreyers Support Action (Ongoing _ Completed ref) - PART 5\\20220623_184240\\1656021755691.png]]

2022-06-24 00:02:36 - [TEST_STEP][PASSED] - click(findTestObject("1. Constant/xpath", ["xpath":"//*[@id="source_" + refID26 + ""]/td[13]/a[2]"])): Object: 'Object Repository/1. Constant/xpath' is clicked on

2022-06-24 00:02:37 - [MESSAGE][PASSED] - Object: 'Object Repository/1. Constant/xpath' is clicked on

2022-06-24 00:02:37 - [TEST_STEP][PASSED] - click(findTestObject("1. Constant/xpath", ["xpath":"//*[@id="ModifFiche"]/div[1]/div/button[2]"])): Object: 'Object Repository/1. Constant/xpath' is clicked on

2022-06-24 00:02:41 - [MESSAGE][PASSED] - Object: 'Object Repository/1. Constant/xpath' is clicked on

2022-06-24 00:02:41 - [TEST_STEP][PASSED] - Lifecycle_Status4 = getText(findTestObject("1. Constant/xpath", ["xpath":"//*[@id="source_" + refID26 + ""]/td[12]/span[1]"])): Text of object 'Object Repository/1. Constant/xpath' is: 'Complete'

2022-06-24 00:02:41 - [MESSAGE][PASSED] - Text of object 'Object Repository/1. Constant/xpath' is: 'Complete'

2022-06-24 00:02:41 - [TEST_STEP][PASSED] - verifyMatch(Lifecycle_Status4, "Complete", false): Actual text 'Complete' and expected text 'Complete' are matched 

2022-06-24 00:02:41 - [MESSAGE][PASSED] - Actual text 'Complete' and expected text 'Complete' are matched 

2022-06-24 00:02:41 - [TEST_STEP][PASSED] - closeBrowser(): Browser is closed

2022-06-24 00:02:42 - [MESSAGE][PASSED] - Browser is closed

2022-06-24 00:02:42 - [TEST_STEP][PASSED] - Start listener action : sampleAfterTestCase: null]]></system-out>
         <system-err><![CDATA[]]></system-err>
      </testcase>
      <testcase name="Test Cases/19. Dreyers Support Action (Ongoing ref_completed)/19.28 Dreyers SAS Add Phase (Ongoing ref) S36 - P28" time="188.217" classname="Test Cases/19. Dreyers Support Action (Ongoing ref_completed)/19.28 Dreyers SAS Add Phase (Ongoing ref) S36 - P28" status="PASSED">
         <system-out><![CDATA[2022-06-24 00:02:42 - [TEST_CASE][PASSED] - Test Cases/19. Dreyers Support Action (Ongoing ref_completed)/19.28 Dreyers SAS Add Phase (Ongoing ref) S36 - P28: Test Cases/19. Dreyers Support Action (Ongoing ref_completed)/19.28 Dreyers SAS Add Phase (Ongoing ref) S36 - P28

2022-06-24 00:02:43 - [TEST_STEP][PASSED] - data_Dreyers = findTestData("Data Files/Username_Password/Dreyer"): null

2022-06-24 00:02:43 - [TEST_STEP][PASSED] - password_suser = data_Dreyers.getValue(2, 1): null

2022-06-24 00:02:43 - [TEST_STEP][PASSED] - password_nturner = data_Dreyers.getValue(2, 6): null

2022-06-24 00:02:43 - [TEST_STEP][PASSED] - data_urlRELAUTO = findTestData("Data Files/URL/URL_relauto"): null

2022-06-24 00:02:43 - [TEST_STEP][PASSED] - Url_Dreyer = data_urlRELAUTO.getValue(2, 4): null

2022-06-24 00:02:43 - [TEST_STEP][PASSED] - Project_No = I.readnotepad("D:\Upoad_File\Projet_ Login\Dreyers\19.1\19.1_Dreyers_ProjectNo.txt"): null

2022-06-24 00:02:43 - [TEST_STEP][PASSED] - refID = I.readnotepad("D:\Upoad_File\Projet_ Login\Dreyers\19.1\19.1_Dreyers_refID.txt"): null

2022-06-24 00:02:43 - [TEST_STEP][PASSED] - openBrowser(Url_Dreyer): Browser is opened with url: 'http://mdb-release.diadeis.lan/MediaboxIndependence/?MBI_datasource=RELTESTAUTO_DREYERS'

2022-06-24 00:02:43 - [MESSAGE][INFO] - Starting 'Chrome (headless)' driver

2022-06-24 00:02:43 - [MESSAGE][INFO] - User set preference: ['args', '[--window-size=1920,1080, --headless]']

2022-06-24 00:02:43 - [MESSAGE][INFO] - Action delay is set to 0 milliseconds

2022-06-24 00:03:00 - [MESSAGE][PASSED] - Browser is opened with url: 'http://mdb-release.diadeis.lan/MediaboxIndependence/?MBI_datasource=RELTESTAUTO_DREYERS'

2022-06-24 00:03:00 - [TEST_STEP][PASSED] - maximizeWindow(): Current window maximized

2022-06-24 00:03:00 - [MESSAGE][PASSED] - Current window maximized

2022-06-24 00:03:00 - [TEST_STEP][PASSED] - I.Login_password("suser", password_suser): Object: 'Object Repository/1. Constant/xpath' is clicked on

2022-06-24 00:03:01 - [MESSAGE][PASSED] - Text 'suser' is set on object 'Object Repository/1. Constant/xpath'

2022-06-24 00:03:02 - [MESSAGE][PASSED] - Delayed 1 second(s)

2022-06-24 00:03:04 - [MESSAGE][PASSED] - Text 'diadeis' is set on object 'Object Repository/1. Constant/xpath'

2022-06-24 00:03:05 - [MESSAGE][PASSED] - Delayed 1 second(s)

2022-06-24 00:03:11 - [MESSAGE][PASSED] - Object: 'Object Repository/1. Constant/xpath' is clicked on

2022-06-24 00:03:11 - [TEST_STEP][PASSED] - click(findTestObject("1. Constant/02_LHSMenu_Projects")): Object: 'Object Repository/1. Constant/02_LHSMenu_Projects' is clicked on

2022-06-24 00:03:17 - [MESSAGE][PASSED] - Object: 'Object Repository/1. Constant/02_LHSMenu_Projects' is clicked on

2022-06-24 00:03:17 - [TEST_STEP][PASSED] - I.SearchProjectNo_xpath(Project_No, "//*[@id="keynum_project"]", "//*[@id="form_filters"]/div[4]/button"): Delayed 5 second(s)

2022-06-24 00:03:18 - [MESSAGE][PASSED] - Delayed 1 second(s)

2022-06-24 00:03:18 - [MESSAGE][PASSED] - Text 'MI000883' is set on object 'Object Repository/1. Constant/xpath'

2022-06-24 00:03:21 - [MESSAGE][PASSED] - Delayed 3 second(s)

2022-06-24 00:03:21 - [MESSAGE][PASSED] - Scroll to object 'Object Repository/1. Constant/xpath' successfully

2022-06-24 00:03:25 - [MESSAGE][PASSED] - Object: 'Object Repository/1. Constant/xpath' is clicked on

2022-06-24 00:03:30 - [MESSAGE][PASSED] - Delayed 5 second(s)

2022-06-24 00:03:30 - [TEST_STEP][PASSED] - takeScreenshot(): Taking screenshot successfully

2022-06-24 00:03:31 - [MESSAGE][PASSED] - Taking screenshot successfully
[[ATTACHMENT|D:\\Projet Test Auto\\Mediabox Test Automation\\Reports\\20220623_184212\\03. Parallel Testing (Testing)\\TS -PT PART 3\\14.05 Dreyers Support Action (Ongoing _ Completed ref) - PART 5\\20220623_184240\\1656021810694.png]]

2022-06-24 00:03:31 - [TEST_STEP][PASSED] - click(findTestObject("1. Constant/xpath", ["xpath":"//*[@id="create_ref_btn"]/button"])): Object: 'Object Repository/1. Constant/xpath' is clicked on

2022-06-24 00:03:31 - [MESSAGE][PASSED] - Object: 'Object Repository/1. Constant/xpath' is clicked on

2022-06-24 00:03:31 - [TEST_STEP][PASSED] - delay(1): Delayed 1 second(s)

2022-06-24 00:03:32 - [MESSAGE][PASSED] - Delayed 1 second(s)

2022-06-24 00:03:32 - [TEST_STEP][PASSED] - click(findTestObject("1. Constant/xpath", ["xpath":"//*[@id="create_ref_btn"]/div/a"])): Object: 'Object Repository/1. Constant/xpath' is clicked on

2022-06-24 00:03:34 - [MESSAGE][PASSED] - Object: 'Object Repository/1. Constant/xpath' is clicked on

2022-06-24 00:03:34 - [TEST_STEP][PASSED] - delay(1): Delayed 1 second(s)

2022-06-24 00:03:35 - [MESSAGE][PASSED] - Delayed 1 second(s)

2022-06-24 00:03:35 - [TEST_STEP][PASSED] - selectOptionByValue(findTestObject("1. Constant/xpath", ["xpath":"//*[@id="lfc_tpl"]"]), "36", false): All options with value '36' are selected in object 'Object Repository/1. Constant/xpath' 

2022-06-24 00:03:36 - [MESSAGE][PASSED] - All options with value '36' are selected in object 'Object Repository/1. Constant/xpath' 

2022-06-24 00:03:36 - [TEST_STEP][PASSED] - ref_name = "P28_Auto_SAS_S36_" + RandomStringUtils.randomAlphanumeric(5) + I.gettimedate(): null

2022-06-24 00:03:36 - [TEST_STEP][PASSED] - delay(1): Delayed 1 second(s)

2022-06-24 00:03:37 - [MESSAGE][PASSED] - Delayed 1 second(s)

2022-06-24 00:03:37 - [TEST_STEP][PASSED] - setText(findTestObject("1. Constant/xpath", ["xpath":"//*[@id="var_name"]"]), ref_name): Text 'P28_Auto_SAS_S36_L2GvWjuin242022_000336' is set on object 'Object Repository/1. Constant/xpath'

2022-06-24 00:03:37 - [MESSAGE][PASSED] - Text 'P28_Auto_SAS_S36_L2GvWjuin242022_000336' is set on object 'Object Repository/1. Constant/xpath'

2022-06-24 00:03:37 - [TEST_STEP][PASSED] - takeScreenshot(): Taking screenshot successfully

2022-06-24 00:03:38 - [MESSAGE][PASSED] - Taking screenshot successfully
[[ATTACHMENT|D:\\Projet Test Auto\\Mediabox Test Automation\\Reports\\20220623_184212\\03. Parallel Testing (Testing)\\TS -PT PART 3\\14.05 Dreyers Support Action (Ongoing _ Completed ref) - PART 5\\20220623_184240\\1656021817927.png]]

2022-06-24 00:03:38 - [TEST_STEP][PASSED] - click(findTestObject("1. Constant/xpath", ["xpath":"//*[@id="createRefBottom"]"])): Object: 'Object Repository/1. Constant/xpath' is clicked on

2022-06-24 00:03:40 - [MESSAGE][PASSED] - Object: 'Object Repository/1. Constant/xpath' is clicked on

2022-06-24 00:03:40 - [TEST_STEP][PASSED] - delay(1): Delayed 1 second(s)

2022-06-24 00:03:41 - [MESSAGE][PASSED] - Delayed 1 second(s)

2022-06-24 00:03:41 - [TEST_STEP][PASSED] - takeScreenshot(): Taking screenshot successfully

2022-06-24 00:03:42 - [MESSAGE][PASSED] - Taking screenshot successfully
[[ATTACHMENT|D:\\Projet Test Auto\\Mediabox Test Automation\\Reports\\20220623_184212\\03. Parallel Testing (Testing)\\TS -PT PART 3\\14.05 Dreyers Support Action (Ongoing _ Completed ref) - PART 5\\20220623_184240\\1656021821768.png]]

2022-06-24 00:03:42 - [TEST_STEP][PASSED] - refID28 = I.RefID(): Current window's url is: 'http://mdb-release.diadeis.lan/MediaboxIndependence/Base/ExecAction?IDSession=MBI%21RELTESTAUTO_DREYERS%21AW9AE97ZTZLFOKL25RUKI4FE23NS132PGWEGH9T7&default_action=ModifierRef&id_project=MI000883&id_ref=5337&action_from=create_ref'

2022-06-24 00:03:47 - [MESSAGE][PASSED] - Delayed 5 second(s)

2022-06-24 00:03:47 - [MESSAGE][PASSED] - Current window's url is: 'http://mdb-release.diadeis.lan/MediaboxIndependence/Base/ExecAction?IDSession=MBI%21RELTESTAUTO_DREYERS%21AW9AE97ZTZLFOKL25RUKI4FE23NS132PGWEGH9T7&default_action=ModifierRef&id_project=MI000883&id_ref=5337&action_from=create_ref'

2022-06-24 00:03:47 - [TEST_STEP][PASSED] - I.print("refID" + refID28): null

2022-06-24 00:03:47 - [TEST_STEP][PASSED] - click(findTestObject("1. Constant/xpath", ["xpath":"//*[@id="type_save"]"])): Object: 'Object Repository/1. Constant/xpath' is clicked on

2022-06-24 00:03:59 - [MESSAGE][PASSED] - Object: 'Object Repository/1. Constant/xpath' is clicked on

2022-06-24 00:03:59 - [TEST_STEP][PASSED] - takeScreenshot(): Taking screenshot successfully

2022-06-24 00:03:59 - [MESSAGE][PASSED] - Taking screenshot successfully
[[ATTACHMENT|D:\\Projet Test Auto\\Mediabox Test Automation\\Reports\\20220623_184212\\03. Parallel Testing (Testing)\\TS -PT PART 3\\14.05 Dreyers Support Action (Ongoing _ Completed ref) - PART 5\\20220623_184240\\1656021839179.png]]

2022-06-24 00:03:59 - [TEST_STEP][PASSED] - delay(1): Delayed 1 second(s)

2022-06-24 00:04:00 - [MESSAGE][PASSED] - Delayed 1 second(s)

2022-06-24 00:04:00 - [TEST_STEP][PASSED] - I.SearchRefNo_xpath("P28_Auto", "//*[@id="fiche_filter_keywords11"]", "//*[@id="form_filters"]/div[3]/button"): Delayed 5 second(s)

2022-06-24 00:04:01 - [MESSAGE][PASSED] - Delayed 1 second(s)

2022-06-24 00:04:02 - [MESSAGE][PASSED] - Text 'P28_Auto' is set on object 'Object Repository/1. Constant/xpath'

2022-06-24 00:04:05 - [MESSAGE][PASSED] - Delayed 3 second(s)

2022-06-24 00:04:06 - [MESSAGE][PASSED] - Scroll to object 'Object Repository/1. Constant/xpath' successfully

2022-06-24 00:04:08 - [MESSAGE][PASSED] - Object: 'Object Repository/1. Constant/xpath' is clicked on

2022-06-24 00:04:13 - [MESSAGE][PASSED] - Delayed 5 second(s)

2022-06-24 00:04:13 - [TEST_STEP][PASSED] - click(findTestObject("1. Constant/xpath", ["xpath":"//*[@id="source_" + refID28 + ""]/td[6]/a"])): Object: 'Object Repository/1. Constant/xpath' is clicked on

2022-06-24 00:04:17 - [MESSAGE][PASSED] - Object: 'Object Repository/1. Constant/xpath' is clicked on

2022-06-24 00:04:17 - [TEST_STEP][PASSED] - click(findTestObject("1. Constant/xpath", ["xpath":"//*[@id="kt_content"]/div[3]/div/ul/li[3]/a"])): Object: 'Object Repository/1. Constant/xpath' is clicked on

2022-06-24 00:04:19 - [MESSAGE][PASSED] - Object: 'Object Repository/1. Constant/xpath' is clicked on

2022-06-24 00:04:19 - [TEST_STEP][PASSED] - takeScreenshot(): Taking screenshot successfully

2022-06-24 00:04:19 - [MESSAGE][PASSED] - Taking screenshot successfully
[[ATTACHMENT|D:\\Projet Test Auto\\Mediabox Test Automation\\Reports\\20220623_184212\\03. Parallel Testing (Testing)\\TS -PT PART 3\\14.05 Dreyers Support Action (Ongoing _ Completed ref) - PART 5\\20220623_184240\\1656021859349.png]]

2022-06-24 00:04:19 - [TEST_STEP][PASSED] - click(findTestObject("1. Constant/xpath", ["xpath":"/html/body/div[1]/div[2]/div[8]/div[3]/div/div[3]/div[3]/div/div/div[1]/div/div[1]/div/div[1]/div[2]/div/button"])): Object: 'Object Repository/1. Constant/xpath' is clicked on

2022-06-24 00:04:20 - [MESSAGE][PASSED] - Object: 'Object Repository/1. Constant/xpath' is clicked on

2022-06-24 00:04:20 - [TEST_STEP][PASSED] - takeScreenshot(): Taking screenshot successfully

2022-06-24 00:04:20 - [MESSAGE][PASSED] - Taking screenshot successfully
[[ATTACHMENT|D:\\Projet Test Auto\\Mediabox Test Automation\\Reports\\20220623_184212\\03. Parallel Testing (Testing)\\TS -PT PART 3\\14.05 Dreyers Support Action (Ongoing _ Completed ref) - PART 5\\20220623_184240\\1656021860119.png]]

2022-06-24 00:04:20 - [TEST_STEP][PASSED] - delay(1): Delayed 1 second(s)

2022-06-24 00:04:21 - [MESSAGE][PASSED] - Delayed 1 second(s)

2022-06-24 00:04:21 - [TEST_STEP][PASSED] - x = 15: null

2022-06-24 00:04:21 - [TEST_STEP][PASSED] - i = 1: null

2022-06-24 00:04:21 - [TEST_STEP][PASSED] - while (i <= x): null

2022-06-24 00:04:21 - [TEST_STEP][PASSED] - Expected_SAS_Selected = "SAS S36 : Add Phase 1.2 / Skip Phase 1.2": null

2022-06-24 00:04:21 - [TEST_STEP][PASSED] - xpath_SAS = "/html/body/div[1]/div[2]/div[8]/div[3]/div/div[3]/div[3]/div/div/div[1]/div/div[1]/div/div[1]/div[2]/div/div/a[" + i + "]": null

2022-06-24 00:04:21 - [TEST_STEP][PASSED] - Actual_SAS = getText(findTestObject("1. Constant/xpath", ["xpath":xpath_SAS])): Text of object 'Object Repository/1. Constant/xpath' is: 'SAS S37: Skip P1.2/Add Phase 1.1/ Skip P1.1'

2022-06-24 00:04:22 - [MESSAGE][PASSED] - Text of object 'Object Repository/1. Constant/xpath' is: 'SAS S37: Skip P1.2/Add Phase 1.1/ Skip P1.1'

2022-06-24 00:04:22 - [TEST_STEP][PASSED] - I.print(i): null

2022-06-24 00:04:22 - [TEST_STEP][PASSED] - if (Actual_SAS.contains(Expected_SAS_Selected)): null

2022-06-24 00:04:22 - [TEST_STEP][PASSED] - i = i + 1: null

2022-06-24 00:04:22 - [TEST_STEP][PASSED] - Expected_SAS_Selected = "SAS S36 : Add Phase 1.2 / Skip Phase 1.2": null

2022-06-24 00:04:22 - [TEST_STEP][PASSED] - xpath_SAS = "/html/body/div[1]/div[2]/div[8]/div[3]/div/div[3]/div[3]/div/div/div[1]/div/div[1]/div/div[1]/div[2]/div/div/a[" + i + "]": null

2022-06-24 00:04:22 - [TEST_STEP][PASSED] - Actual_SAS = getText(findTestObject("1. Constant/xpath", ["xpath":xpath_SAS])): Text of object 'Object Repository/1. Constant/xpath' is: 'SAS: S4 - Skip 1.2 / Add Step A / Skip 1.1'

2022-06-24 00:04:22 - [MESSAGE][PASSED] - Text of object 'Object Repository/1. Constant/xpath' is: 'SAS: S4 - Skip 1.2 / Add Step A / Skip 1.1'

2022-06-24 00:04:22 - [TEST_STEP][PASSED] - I.print(i): null

2022-06-24 00:04:22 - [TEST_STEP][PASSED] - if (Actual_SAS.contains(Expected_SAS_Selected)): null

2022-06-24 00:04:22 - [TEST_STEP][PASSED] - i = i + 1: null

2022-06-24 00:04:22 - [TEST_STEP][PASSED] - Expected_SAS_Selected = "SAS S36 : Add Phase 1.2 / Skip Phase 1.2": null

2022-06-24 00:04:22 - [TEST_STEP][PASSED] - xpath_SAS = "/html/body/div[1]/div[2]/div[8]/div[3]/div/div[3]/div[3]/div/div/div[1]/div/div[1]/div/div[1]/div[2]/div/div/a[" + i + "]": null

2022-06-24 00:04:22 - [TEST_STEP][PASSED] - Actual_SAS = getText(findTestObject("1. Constant/xpath", ["xpath":xpath_SAS])): Text of object 'Object Repository/1. Constant/xpath' is: 'SAS S23: Skip P1.2/ Add PG 1.1_1.2/ Skip P1.1'

2022-06-24 00:04:23 - [MESSAGE][PASSED] - Text of object 'Object Repository/1. Constant/xpath' is: 'SAS S23: Skip P1.2/ Add PG 1.1_1.2/ Skip P1.1'

2022-06-24 00:04:23 - [TEST_STEP][PASSED] - I.print(i): null

2022-06-24 00:04:23 - [TEST_STEP][PASSED] - if (Actual_SAS.contains(Expected_SAS_Selected)): null

2022-06-24 00:04:23 - [TEST_STEP][PASSED] - i = i + 1: null

2022-06-24 00:04:23 - [TEST_STEP][PASSED] - Expected_SAS_Selected = "SAS S36 : Add Phase 1.2 / Skip Phase 1.2": null

2022-06-24 00:04:23 - [TEST_STEP][PASSED] - xpath_SAS = "/html/body/div[1]/div[2]/div[8]/div[3]/div/div[3]/div[3]/div/div/div[1]/div/div[1]/div/div[1]/div[2]/div/div/a[" + i + "]": null

2022-06-24 00:04:23 - [TEST_STEP][PASSED] - Actual_SAS = getText(findTestObject("1. Constant/xpath", ["xpath":xpath_SAS])): Text of object 'Object Repository/1. Constant/xpath' is: 'SAS S36 : Add Phase 1.2 / Skip Phase 1.2'

2022-06-24 00:04:23 - [MESSAGE][PASSED] - Text of object 'Object Repository/1. Constant/xpath' is: 'SAS S36 : Add Phase 1.2 / Skip Phase 1.2'

2022-06-24 00:04:23 - [TEST_STEP][PASSED] - I.print(i): null

2022-06-24 00:04:23 - [TEST_STEP][PASSED] - if (Actual_SAS.contains(Expected_SAS_Selected)): null

2022-06-24 00:04:23 - [TEST_STEP][PASSED] - I.click_button_javascriptS(xpath_SAS): Execute JavaScript 'arguments[0].click()' successfully

2022-06-24 00:04:23 - [MESSAGE][PASSED] - Execute JavaScript 'arguments[0].click()' successfully

2022-06-24 00:04:23 - [TEST_STEP][PASSED] - break: null

2022-06-24 00:04:23 - [TEST_STEP][PASSED] - takeScreenshot(): Taking screenshot successfully

2022-06-24 00:04:23 - [MESSAGE][PASSED] - Taking screenshot successfully
[[ATTACHMENT|D:\\Projet Test Auto\\Mediabox Test Automation\\Reports\\20220623_184212\\03. Parallel Testing (Testing)\\TS -PT PART 3\\14.05 Dreyers Support Action (Ongoing _ Completed ref) - PART 5\\20220623_184240\\1656021863486.png]]

2022-06-24 00:04:23 - [TEST_STEP][PASSED] - click(findTestObject("1. Constant/xpath", ["xpath":"//*[@id="confirmSupportActionShortcut"]"])): Object: 'Object Repository/1. Constant/xpath' is clicked on

2022-06-24 00:04:27 - [MESSAGE][PASSED] - Object: 'Object Repository/1. Constant/xpath' is clicked on

2022-06-24 00:04:27 - [TEST_STEP][PASSED] - takeScreenshot(): Taking screenshot successfully

2022-06-24 00:04:27 - [MESSAGE][PASSED] - Taking screenshot successfully
[[ATTACHMENT|D:\\Projet Test Auto\\Mediabox Test Automation\\Reports\\20220623_184212\\03. Parallel Testing (Testing)\\TS -PT PART 3\\14.05 Dreyers Support Action (Ongoing _ Completed ref) - PART 5\\20220623_184240\\1656021867373.png]]

2022-06-24 00:04:27 - [TEST_STEP][PASSED] - click(findTestObject("1. Constant/xpath", ["xpath":"//*[@id="kt_content"]/div[3]/div/ul/li[3]/a"])): Object: 'Object Repository/1. Constant/xpath' is clicked on

2022-06-24 00:04:31 - [MESSAGE][PASSED] - Object: 'Object Repository/1. Constant/xpath' is clicked on

2022-06-24 00:04:31 - [TEST_STEP][PASSED] - takeScreenshot(): Taking screenshot successfully

2022-06-24 00:04:32 - [MESSAGE][PASSED] - Taking screenshot successfully
[[ATTACHMENT|D:\\Projet Test Auto\\Mediabox Test Automation\\Reports\\20220623_184212\\03. Parallel Testing (Testing)\\TS -PT PART 3\\14.05 Dreyers Support Action (Ongoing _ Completed ref) - PART 5\\20220623_184240\\1656021872035.png]]

2022-06-24 00:04:32 - [TEST_STEP][PASSED] - StepA_1 = getAttribute(findTestObject("1. Constant/xpath", ["xpath":"/html/body/div[1]/div[2]/div[8]/div[3]/div/div[3]/div[3]/div/ul/li[1]/a"]), "class"): Attribute 'class' of object 'Object Repository/1. Constant/xpath' is: 'nav-link timeline-badge badge-xl  bg-pending active'

2022-06-24 00:04:32 - [MESSAGE][PASSED] - Attribute 'class' of object 'Object Repository/1. Constant/xpath' is: 'nav-link timeline-badge badge-xl  bg-pending active'

2022-06-24 00:04:32 - [TEST_STEP][PASSED] - verifyMatch(StepA_1, "nav-link timeline-badge badge-xl  bg-pending active", false): Actual text 'nav-link timeline-badge badge-xl  bg-pending active' and expected text 'nav-link timeline-badge badge-xl  bg-pending active' are matched 

2022-06-24 00:04:32 - [MESSAGE][PASSED] - Actual text 'nav-link timeline-badge badge-xl  bg-pending active' and expected text 'nav-link timeline-badge badge-xl  bg-pending active' are matched 

2022-06-24 00:04:32 - [TEST_STEP][PASSED] - StepA_11 = I.Get_Stepname("/html/body/div[1]/div[2]/div[8]/div[3]/div/div[3]/div[3]/div/ul/li[1]/a"): Attribute 'href' of object 'Object Repository/1. Constant/xpath' is: 'http://mdb-release.diadeis.lan/MediaboxIndependence/Base/ExecAction?action=VoirRef&IDSession=MBI!RELTESTAUTO_DREYERS!AW9AE97ZTZLFOKL25RUKI4FE23NS132PGWEGH9T7&num=AHIMYIFF7X&id_ref=5337#tab_lifecycle_SASStepA_12382'

2022-06-24 00:04:37 - [MESSAGE][PASSED] - Delayed 5 second(s)

2022-06-24 00:04:37 - [MESSAGE][PASSED] - Attribute 'href' of object 'Object Repository/1. Constant/xpath' is: 'http://mdb-release.diadeis.lan/MediaboxIndependence/Base/ExecAction?action=VoirRef&IDSession=MBI!RELTESTAUTO_DREYERS!AW9AE97ZTZLFOKL25RUKI4FE23NS132PGWEGH9T7&num=AHIMYIFF7X&id_ref=5337#tab_lifecycle_SASStepA_12382'

2022-06-24 00:04:37 - [TEST_STEP][PASSED] - verifyMatch(StepA_11, "SASStepA", false): Actual text 'SASStepA' and expected text 'SASStepA' are matched 

2022-06-24 00:04:37 - [MESSAGE][PASSED] - Actual text 'SASStepA' and expected text 'SASStepA' are matched 

2022-06-24 00:04:37 - [TEST_STEP][PASSED] - StepA2_11 = getAttribute(findTestObject("1. Constant/xpath", ["xpath":"/html/body/div[1]/div[2]/div[8]/div[3]/div/div[3]/div[3]/div/div/div[1]/div/div[1]/span"]), "class"): Attribute 'class' of object 'Object Repository/1. Constant/xpath' is: 'timeline-badge badge-md bg-complete '

2022-06-24 00:04:37 - [MESSAGE][PASSED] - Attribute 'class' of object 'Object Repository/1. Constant/xpath' is: 'timeline-badge badge-md bg-complete '

2022-06-24 00:04:37 - [TEST_STEP][PASSED] - verifyMatch(StepA2_11, "timeline-badge badge-md bg-complete ", false): Actual text 'timeline-badge badge-md bg-complete ' and expected text 'timeline-badge badge-md bg-complete ' are matched 

2022-06-24 00:04:37 - [MESSAGE][PASSED] - Actual text 'timeline-badge badge-md bg-complete ' and expected text 'timeline-badge badge-md bg-complete ' are matched 

2022-06-24 00:04:37 - [TEST_STEP][PASSED] - Name_StepA2_11 = getText(findTestObject("1. Constant/xpath", ["xpath":"/html/body/div[1]/div[2]/div[8]/div[3]/div/div[3]/div[3]/div/div/div[1]/div/div[1]/div/div[1]/div[1]/h3"])): Text of object 'Object Repository/1. Constant/xpath' is: 'Phase 1.1 [Standard]'

2022-06-24 00:04:38 - [MESSAGE][PASSED] - Text of object 'Object Repository/1. Constant/xpath' is: 'Phase 1.1 [Standard]'

2022-06-24 00:04:38 - [TEST_STEP][PASSED] - verifyMatch(Name_StepA2_11, "Phase 1.1 [Standard]", false): Actual text 'Phase 1.1 [Standard]' and expected text 'Phase 1.1 [Standard]' are matched 

2022-06-24 00:04:38 - [MESSAGE][PASSED] - Actual text 'Phase 1.1 [Standard]' and expected text 'Phase 1.1 [Standard]' are matched 

2022-06-24 00:04:38 - [TEST_STEP][PASSED] - Added_StepA2_12 = getText(findTestObject("1. Constant/xpath", ["xpath":"/html/body/div[1]/div[2]/div[8]/div[3]/div/div[3]/div[3]/div/div/div[1]/div/div[2]/div/div[1]/div[1]/h3"])): Text of object 'Object Repository/1. Constant/xpath' is: 'Phase 1.2 [Standard Phase]'

2022-06-24 00:04:38 - [MESSAGE][PASSED] - Text of object 'Object Repository/1. Constant/xpath' is: 'Phase 1.2 [Standard Phase]'

2022-06-24 00:04:38 - [TEST_STEP][PASSED] - verifyMatch(Added_StepA2_12, "Phase 1.2 [Standard Phase]", false): Actual text 'Phase 1.2 [Standard Phase]' and expected text 'Phase 1.2 [Standard Phase]' are matched 

2022-06-24 00:04:38 - [MESSAGE][PASSED] - Actual text 'Phase 1.2 [Standard Phase]' and expected text 'Phase 1.2 [Standard Phase]' are matched 

2022-06-24 00:04:38 - [TEST_STEP][PASSED] - Started_StepA2_11 = getText(findTestObject("1. Constant/xpath", ["xpath":"/html/body/div[1]/div[2]/div[8]/div[3]/div/div[3]/div[3]/div/div/div[1]/div/div[2]/div/div[2]/div[1]"])): Text of object 'Object Repository/1. Constant/xpath' is: 'Started 06/23/22 06:04 PM'

2022-06-24 00:04:38 - [MESSAGE][PASSED] - Text of object 'Object Repository/1. Constant/xpath' is: 'Started 06/23/22 06:04 PM'

2022-06-24 00:04:38 - [TEST_STEP][PASSED] - if (Started_StepA2_11.contains("Started")): Actual object '1' and expected object '1' are equal

2022-06-24 00:04:38 - [TEST_STEP][PASSED] - verifyEqual(1, 1): Actual object '1' and expected object '1' are equal

2022-06-24 00:04:38 - [MESSAGE][PASSED] - Actual object '1' and expected object '1' are equal

2022-06-24 00:04:38 - [TEST_STEP][PASSED] - I.Logout(): Delayed 3 second(s)

2022-06-24 00:04:41 - [MESSAGE][PASSED] - Delayed 3 second(s)

2022-06-24 00:04:41 - [MESSAGE][PASSED] - Object: 'Object Repository/1. Constant/xpath' is clicked on

2022-06-24 00:04:44 - [MESSAGE][PASSED] - Delayed 3 second(s)

2022-06-24 00:04:46 - [MESSAGE][PASSED] - Object: 'Object Repository/1. Constant/xpath' is clicked on

2022-06-24 00:04:49 - [MESSAGE][PASSED] - Delayed 3 second(s)

2022-06-24 00:04:49 - [TEST_STEP][PASSED] - I.Login_password("nturner", password_nturner): Object: 'Object Repository/1. Constant/xpath' is clicked on

2022-06-24 00:04:50 - [MESSAGE][PASSED] - Text 'nturner' is set on object 'Object Repository/1. Constant/xpath'

2022-06-24 00:04:51 - [MESSAGE][PASSED] - Delayed 1 second(s)

2022-06-24 00:04:51 - [MESSAGE][PASSED] - Text 'diadeis1' is set on object 'Object Repository/1. Constant/xpath'

2022-06-24 00:04:52 - [MESSAGE][PASSED] - Delayed 1 second(s)

2022-06-24 00:04:57 - [MESSAGE][PASSED] - Object: 'Object Repository/1. Constant/xpath' is clicked on

2022-06-24 00:04:57 - [TEST_STEP][PASSED] - takeScreenshot(): Taking screenshot successfully

2022-06-24 00:04:58 - [MESSAGE][PASSED] - Taking screenshot successfully
[[ATTACHMENT|D:\\Projet Test Auto\\Mediabox Test Automation\\Reports\\20220623_184212\\03. Parallel Testing (Testing)\\TS -PT PART 3\\14.05 Dreyers Support Action (Ongoing _ Completed ref) - PART 5\\20220623_184240\\1656021897753.png]]

2022-06-24 00:04:58 - [TEST_STEP][PASSED] - click(findTestObject("1. Constant/02_LHSMenu_Projects")): Object: 'Object Repository/1. Constant/02_LHSMenu_Projects' is clicked on

2022-06-24 00:05:00 - [MESSAGE][PASSED] - Object: 'Object Repository/1. Constant/02_LHSMenu_Projects' is clicked on

2022-06-24 00:05:00 - [TEST_STEP][PASSED] - I.SearchProjectNo_xpath(Project_No, "//*[@id="keynum_project"]", "//*[@id="form_filters"]/div[4]/button"): Delayed 5 second(s)

2022-06-24 00:05:01 - [MESSAGE][PASSED] - Delayed 1 second(s)

2022-06-24 00:05:02 - [MESSAGE][PASSED] - Text 'MI000883' is set on object 'Object Repository/1. Constant/xpath'

2022-06-24 00:05:05 - [MESSAGE][PASSED] - Delayed 3 second(s)

2022-06-24 00:05:05 - [MESSAGE][PASSED] - Scroll to object 'Object Repository/1. Constant/xpath' successfully

2022-06-24 00:05:08 - [MESSAGE][PASSED] - Object: 'Object Repository/1. Constant/xpath' is clicked on

2022-06-24 00:05:13 - [MESSAGE][PASSED] - Delayed 5 second(s)

2022-06-24 00:05:13 - [TEST_STEP][PASSED] - takeScreenshot(): Taking screenshot successfully

2022-06-24 00:05:14 - [MESSAGE][PASSED] - Taking screenshot successfully
[[ATTACHMENT|D:\\Projet Test Auto\\Mediabox Test Automation\\Reports\\20220623_184212\\03. Parallel Testing (Testing)\\TS -PT PART 3\\14.05 Dreyers Support Action (Ongoing _ Completed ref) - PART 5\\20220623_184240\\1656021913703.png]]

2022-06-24 00:05:14 - [TEST_STEP][PASSED] - I.SearchRefNo_xpath("P28_Auto", "//*[@id="fiche_filter_keywords11"]", "//*[@id="form_filters"]/div[3]/button"): Delayed 5 second(s)

2022-06-24 00:05:15 - [MESSAGE][PASSED] - Delayed 1 second(s)

2022-06-24 00:05:18 - [MESSAGE][PASSED] - Text 'P28_Auto' is set on object 'Object Repository/1. Constant/xpath'

2022-06-24 00:05:21 - [MESSAGE][PASSED] - Delayed 3 second(s)

2022-06-24 00:05:22 - [MESSAGE][PASSED] - Scroll to object 'Object Repository/1. Constant/xpath' successfully

2022-06-24 00:05:25 - [MESSAGE][PASSED] - Object: 'Object Repository/1. Constant/xpath' is clicked on

2022-06-24 00:05:30 - [MESSAGE][PASSED] - Delayed 5 second(s)

2022-06-24 00:05:30 - [TEST_STEP][PASSED] - delay(1): Delayed 1 second(s)

2022-06-24 00:05:31 - [MESSAGE][PASSED] - Delayed 1 second(s)

2022-06-24 00:05:31 - [TEST_STEP][PASSED] - takeScreenshot(): Taking screenshot successfully

2022-06-24 00:05:33 - [MESSAGE][PASSED] - Taking screenshot successfully
[[ATTACHMENT|D:\\Projet Test Auto\\Mediabox Test Automation\\Reports\\20220623_184212\\03. Parallel Testing (Testing)\\TS -PT PART 3\\14.05 Dreyers Support Action (Ongoing _ Completed ref) - PART 5\\20220623_184240\\1656021932284.png]]

2022-06-24 00:05:33 - [TEST_STEP][PASSED] - Lifecycle_Status1 = getText(findTestObject("1. Constant/xpath", ["xpath":"//*[@id="source_" + refID28 + ""]/td[12]/span[1]"])): Text of object 'Object Repository/1. Constant/xpath' is: 'Phase 1.2 [Standard Phase]'

2022-06-24 00:05:33 - [MESSAGE][PASSED] - Text of object 'Object Repository/1. Constant/xpath' is: 'Phase 1.2 [Standard Phase]'

2022-06-24 00:05:33 - [TEST_STEP][PASSED] - verifyMatch(Lifecycle_Status1, "Phase 1.2 [Standard Phase]", false): Actual text 'Phase 1.2 [Standard Phase]' and expected text 'Phase 1.2 [Standard Phase]' are matched 

2022-06-24 00:05:33 - [MESSAGE][PASSED] - Actual text 'Phase 1.2 [Standard Phase]' and expected text 'Phase 1.2 [Standard Phase]' are matched 

2022-06-24 00:05:33 - [TEST_STEP][PASSED] - click(findTestObject("1. Constant/xpath", ["xpath":"//*[@id="source_" + refID28 + ""]/td[13]/a[2]"])): Object: 'Object Repository/1. Constant/xpath' is clicked on

2022-06-24 00:05:35 - [MESSAGE][PASSED] - Object: 'Object Repository/1. Constant/xpath' is clicked on

2022-06-24 00:05:35 - [TEST_STEP][PASSED] - click(findTestObject("1. Constant/xpath", ["xpath":"//*[@id="ModifFiche"]/div[1]/div/button[2]"])): Object: 'Object Repository/1. Constant/xpath' is clicked on

2022-06-24 00:05:39 - [MESSAGE][PASSED] - Object: 'Object Repository/1. Constant/xpath' is clicked on

2022-06-24 00:05:39 - [TEST_STEP][PASSED] - Lifecycle_Status2 = getText(findTestObject("1. Constant/xpath", ["xpath":"//*[@id="source_" + refID28 + ""]/td[12]/span[1]"])): Text of object 'Object Repository/1. Constant/xpath' is: 'Phase 1.2 [Standard Phase]'

2022-06-24 00:05:39 - [MESSAGE][PASSED] - Text of object 'Object Repository/1. Constant/xpath' is: 'Phase 1.2 [Standard Phase]'

2022-06-24 00:05:39 - [TEST_STEP][PASSED] - verifyMatch(Lifecycle_Status2, "Phase 1.2 [Standard Phase]", false): Actual text 'Phase 1.2 [Standard Phase]' and expected text 'Phase 1.2 [Standard Phase]' are matched 

2022-06-24 00:05:39 - [MESSAGE][PASSED] - Actual text 'Phase 1.2 [Standard Phase]' and expected text 'Phase 1.2 [Standard Phase]' are matched 

2022-06-24 00:05:39 - [TEST_STEP][PASSED] - click(findTestObject("1. Constant/xpath", ["xpath":"//*[@id="source_" + refID28 + ""]/td[13]/a[2]"])): Object: 'Object Repository/1. Constant/xpath' is clicked on

2022-06-24 00:05:44 - [MESSAGE][PASSED] - Object: 'Object Repository/1. Constant/xpath' is clicked on

2022-06-24 00:05:44 - [TEST_STEP][PASSED] - click(findTestObject("1. Constant/xpath", ["xpath":"//*[@id="ModifFiche"]/div[1]/div/button[2]"])): Object: 'Object Repository/1. Constant/xpath' is clicked on

2022-06-24 00:05:48 - [MESSAGE][PASSED] - Object: 'Object Repository/1. Constant/xpath' is clicked on

2022-06-24 00:05:48 - [TEST_STEP][PASSED] - Lifecycle_Status3 = getText(findTestObject("1. Constant/xpath", ["xpath":"//*[@id="source_" + refID28 + ""]/td[12]/span[1]"])): Text of object 'Object Repository/1. Constant/xpath' is: 'Phase 2.1 [Production]'

2022-06-24 00:05:48 - [MESSAGE][PASSED] - Text of object 'Object Repository/1. Constant/xpath' is: 'Phase 2.1 [Production]'

2022-06-24 00:05:48 - [TEST_STEP][PASSED] - verifyMatch(Lifecycle_Status3, "Phase 2.1 [Production]", false): Actual text 'Phase 2.1 [Production]' and expected text 'Phase 2.1 [Production]' are matched 

2022-06-24 00:05:48 - [MESSAGE][PASSED] - Actual text 'Phase 2.1 [Production]' and expected text 'Phase 2.1 [Production]' are matched 

2022-06-24 00:05:48 - [TEST_STEP][PASSED] - closeBrowser(): Browser is closed

2022-06-24 00:05:50 - [MESSAGE][PASSED] - Browser is closed

2022-06-24 00:05:50 - [TEST_STEP][PASSED] - Start listener action : sampleAfterTestCase: null]]></system-out>
         <system-err><![CDATA[]]></system-err>
      </testcase>
      <testcase name="Test Cases/19. Dreyers Support Action (Ongoing ref_completed)/19.29 Dreyers SAS Add Phase (Ongoing ref) S37 - P29" time="163.996" classname="Test Cases/19. Dreyers Support Action (Ongoing ref_completed)/19.29 Dreyers SAS Add Phase (Ongoing ref) S37 - P29" status="PASSED">
         <system-out><![CDATA[2022-06-24 00:05:50 - [TEST_CASE][PASSED] - Test Cases/19. Dreyers Support Action (Ongoing ref_completed)/19.29 Dreyers SAS Add Phase (Ongoing ref) S37 - P29: Test Cases/19. Dreyers Support Action (Ongoing ref_completed)/19.29 Dreyers SAS Add Phase (Ongoing ref) S37 - P29

2022-06-24 00:05:51 - [TEST_STEP][PASSED] - data_Dreyers = findTestData("Data Files/Username_Password/Dreyer"): null

2022-06-24 00:05:51 - [TEST_STEP][PASSED] - password_suser = data_Dreyers.getValue(2, 1): null

2022-06-24 00:05:51 - [TEST_STEP][PASSED] - password_blemco = data_Dreyers.getValue(2, 2): null

2022-06-24 00:05:51 - [TEST_STEP][PASSED] - data_urlRELAUTO = findTestData("Data Files/URL/URL_relauto"): null

2022-06-24 00:05:51 - [TEST_STEP][PASSED] - Url_Dreyer = data_urlRELAUTO.getValue(2, 4): null

2022-06-24 00:05:51 - [TEST_STEP][PASSED] - Project_No = I.readnotepad("D:\Upoad_File\Projet_ Login\Dreyers\19.1\19.1_Dreyers_ProjectNo.txt"): null

2022-06-24 00:05:51 - [TEST_STEP][PASSED] - refID = I.readnotepad("D:\Upoad_File\Projet_ Login\Dreyers\19.1\19.1_Dreyers_refID.txt"): null

2022-06-24 00:05:51 - [TEST_STEP][PASSED] - openBrowser(Url_Dreyer): Browser is opened with url: 'http://mdb-release.diadeis.lan/MediaboxIndependence/?MBI_datasource=RELTESTAUTO_DREYERS'

2022-06-24 00:05:51 - [MESSAGE][INFO] - Starting 'Chrome (headless)' driver

2022-06-24 00:05:51 - [MESSAGE][INFO] - User set preference: ['args', '[--window-size=1920,1080, --headless]']

2022-06-24 00:05:51 - [MESSAGE][INFO] - Action delay is set to 0 milliseconds

2022-06-24 00:06:02 - [MESSAGE][PASSED] - Browser is opened with url: 'http://mdb-release.diadeis.lan/MediaboxIndependence/?MBI_datasource=RELTESTAUTO_DREYERS'

2022-06-24 00:06:02 - [TEST_STEP][PASSED] - maximizeWindow(): Current window maximized

2022-06-24 00:06:02 - [MESSAGE][PASSED] - Current window maximized

2022-06-24 00:06:02 - [TEST_STEP][PASSED] - I.Login_password("suser", password_suser): Object: 'Object Repository/1. Constant/xpath' is clicked on

2022-06-24 00:06:03 - [MESSAGE][PASSED] - Text 'suser' is set on object 'Object Repository/1. Constant/xpath'

2022-06-24 00:06:04 - [MESSAGE][PASSED] - Delayed 1 second(s)

2022-06-24 00:06:04 - [MESSAGE][PASSED] - Text 'diadeis' is set on object 'Object Repository/1. Constant/xpath'

2022-06-24 00:06:05 - [MESSAGE][PASSED] - Delayed 1 second(s)

2022-06-24 00:06:11 - [MESSAGE][PASSED] - Object: 'Object Repository/1. Constant/xpath' is clicked on

2022-06-24 00:06:11 - [TEST_STEP][PASSED] - click(findTestObject("1. Constant/02_LHSMenu_Projects")): Object: 'Object Repository/1. Constant/02_LHSMenu_Projects' is clicked on

2022-06-24 00:06:14 - [MESSAGE][PASSED] - Object: 'Object Repository/1. Constant/02_LHSMenu_Projects' is clicked on

2022-06-24 00:06:14 - [TEST_STEP][PASSED] - I.SearchProjectNo_xpath(Project_No, "//*[@id="keynum_project"]", "//*[@id="form_filters"]/div[4]/button"): Delayed 5 second(s)

2022-06-24 00:06:15 - [MESSAGE][PASSED] - Delayed 1 second(s)

2022-06-24 00:06:15 - [MESSAGE][PASSED] - Text 'MI000883' is set on object 'Object Repository/1. Constant/xpath'

2022-06-24 00:06:18 - [MESSAGE][PASSED] - Delayed 3 second(s)

2022-06-24 00:06:19 - [MESSAGE][PASSED] - Scroll to object 'Object Repository/1. Constant/xpath' successfully

2022-06-24 00:06:24 - [MESSAGE][PASSED] - Object: 'Object Repository/1. Constant/xpath' is clicked on

2022-06-24 00:06:29 - [MESSAGE][PASSED] - Delayed 5 second(s)

2022-06-24 00:06:29 - [TEST_STEP][PASSED] - takeScreenshot(): Taking screenshot successfully

2022-06-24 00:06:29 - [MESSAGE][PASSED] - Taking screenshot successfully
[[ATTACHMENT|D:\\Projet Test Auto\\Mediabox Test Automation\\Reports\\20220623_184212\\03. Parallel Testing (Testing)\\TS -PT PART 3\\14.05 Dreyers Support Action (Ongoing _ Completed ref) - PART 5\\20220623_184240\\1656021989605.png]]

2022-06-24 00:06:29 - [TEST_STEP][PASSED] - click(findTestObject("1. Constant/xpath", ["xpath":"//*[@id="create_ref_btn"]/button"])): Object: 'Object Repository/1. Constant/xpath' is clicked on

2022-06-24 00:06:30 - [MESSAGE][PASSED] - Object: 'Object Repository/1. Constant/xpath' is clicked on

2022-06-24 00:06:30 - [TEST_STEP][PASSED] - delay(1): Delayed 1 second(s)

2022-06-24 00:06:31 - [MESSAGE][PASSED] - Delayed 1 second(s)

2022-06-24 00:06:31 - [TEST_STEP][PASSED] - click(findTestObject("1. Constant/xpath", ["xpath":"//*[@id="create_ref_btn"]/div/a"])): Object: 'Object Repository/1. Constant/xpath' is clicked on

2022-06-24 00:06:34 - [MESSAGE][PASSED] - Object: 'Object Repository/1. Constant/xpath' is clicked on

2022-06-24 00:06:34 - [TEST_STEP][PASSED] - delay(1): Delayed 1 second(s)

2022-06-24 00:06:35 - [MESSAGE][PASSED] - Delayed 1 second(s)

2022-06-24 00:06:35 - [TEST_STEP][PASSED] - selectOptionByValue(findTestObject("1. Constant/xpath", ["xpath":"//*[@id="lfc_tpl"]"]), "36", false): All options with value '36' are selected in object 'Object Repository/1. Constant/xpath' 

2022-06-24 00:06:37 - [MESSAGE][PASSED] - All options with value '36' are selected in object 'Object Repository/1. Constant/xpath' 

2022-06-24 00:06:37 - [TEST_STEP][PASSED] - ref_name = "P29_Auto_SAS_S37_" + RandomStringUtils.randomAlphanumeric(5) + I.gettimedate(): null

2022-06-24 00:06:37 - [TEST_STEP][PASSED] - delay(1): Delayed 1 second(s)

2022-06-24 00:06:38 - [MESSAGE][PASSED] - Delayed 1 second(s)

2022-06-24 00:06:38 - [TEST_STEP][PASSED] - setText(findTestObject("1. Constant/xpath", ["xpath":"//*[@id="var_name"]"]), ref_name): Text 'P29_Auto_SAS_S37_2etTUjuin242022_000637' is set on object 'Object Repository/1. Constant/xpath'

2022-06-24 00:06:38 - [MESSAGE][PASSED] - Text 'P29_Auto_SAS_S37_2etTUjuin242022_000637' is set on object 'Object Repository/1. Constant/xpath'

2022-06-24 00:06:38 - [TEST_STEP][PASSED] - takeScreenshot(): Taking screenshot successfully

2022-06-24 00:06:39 - [MESSAGE][PASSED] - Taking screenshot successfully
[[ATTACHMENT|D:\\Projet Test Auto\\Mediabox Test Automation\\Reports\\20220623_184212\\03. Parallel Testing (Testing)\\TS -PT PART 3\\14.05 Dreyers Support Action (Ongoing _ Completed ref) - PART 5\\20220623_184240\\1656021999096.png]]

2022-06-24 00:06:39 - [TEST_STEP][PASSED] - click(findTestObject("1. Constant/xpath", ["xpath":"//*[@id="createRefBottom"]"])): Object: 'Object Repository/1. Constant/xpath' is clicked on

2022-06-24 00:06:44 - [MESSAGE][PASSED] - Object: 'Object Repository/1. Constant/xpath' is clicked on

2022-06-24 00:06:44 - [TEST_STEP][PASSED] - delay(1): Delayed 1 second(s)

2022-06-24 00:06:45 - [MESSAGE][PASSED] - Delayed 1 second(s)

2022-06-24 00:06:45 - [TEST_STEP][PASSED] - takeScreenshot(): Taking screenshot successfully

2022-06-24 00:06:45 - [MESSAGE][PASSED] - Taking screenshot successfully
[[ATTACHMENT|D:\\Projet Test Auto\\Mediabox Test Automation\\Reports\\20220623_184212\\03. Parallel Testing (Testing)\\TS -PT PART 3\\14.05 Dreyers Support Action (Ongoing _ Completed ref) - PART 5\\20220623_184240\\1656022005615.png]]

2022-06-24 00:06:45 - [TEST_STEP][PASSED] - refID29 = I.RefID(): Current window's url is: 'http://mdb-release.diadeis.lan/MediaboxIndependence/Base/ExecAction?IDSession=MBI%21RELTESTAUTO_DREYERS%21THXPKDKYWYOA9Y3JBWXD17OIP6YRLW9Q30N7Y9P0&default_action=ModifierRef&id_project=MI000883&id_ref=5338&action_from=create_ref'

2022-06-24 00:06:50 - [MESSAGE][PASSED] - Delayed 5 second(s)

2022-06-24 00:06:51 - [MESSAGE][PASSED] - Current window's url is: 'http://mdb-release.diadeis.lan/MediaboxIndependence/Base/ExecAction?IDSession=MBI%21RELTESTAUTO_DREYERS%21THXPKDKYWYOA9Y3JBWXD17OIP6YRLW9Q30N7Y9P0&default_action=ModifierRef&id_project=MI000883&id_ref=5338&action_from=create_ref'

2022-06-24 00:06:51 - [TEST_STEP][PASSED] - I.print("refID" + refID29): null

2022-06-24 00:06:51 - [TEST_STEP][PASSED] - click(findTestObject("1. Constant/xpath", ["xpath":"//*[@id="type_save"]"])): Object: 'Object Repository/1. Constant/xpath' is clicked on

2022-06-24 00:06:54 - [MESSAGE][PASSED] - Object: 'Object Repository/1. Constant/xpath' is clicked on

2022-06-24 00:06:54 - [TEST_STEP][PASSED] - takeScreenshot(): Taking screenshot successfully

2022-06-24 00:06:55 - [MESSAGE][PASSED] - Taking screenshot successfully
[[ATTACHMENT|D:\\Projet Test Auto\\Mediabox Test Automation\\Reports\\20220623_184212\\03. Parallel Testing (Testing)\\TS -PT PART 3\\14.05 Dreyers Support Action (Ongoing _ Completed ref) - PART 5\\20220623_184240\\1656022015085.png]]

2022-06-24 00:06:55 - [TEST_STEP][PASSED] - delay(1): Delayed 1 second(s)

2022-06-24 00:06:56 - [MESSAGE][PASSED] - Delayed 1 second(s)

2022-06-24 00:06:56 - [TEST_STEP][PASSED] - I.SearchRefNo_xpath("P29_Auto", "//*[@id="fiche_filter_keywords11"]", "//*[@id="form_filters"]/div[3]/button"): Delayed 5 second(s)

2022-06-24 00:06:57 - [MESSAGE][PASSED] - Delayed 1 second(s)

2022-06-24 00:06:57 - [MESSAGE][PASSED] - Text 'P29_Auto' is set on object 'Object Repository/1. Constant/xpath'

2022-06-24 00:07:00 - [MESSAGE][PASSED] - Delayed 3 second(s)

2022-06-24 00:07:01 - [MESSAGE][PASSED] - Scroll to object 'Object Repository/1. Constant/xpath' successfully

2022-06-24 00:07:03 - [MESSAGE][PASSED] - Object: 'Object Repository/1. Constant/xpath' is clicked on

2022-06-24 00:07:08 - [MESSAGE][PASSED] - Delayed 5 second(s)

2022-06-24 00:07:08 - [TEST_STEP][PASSED] - click(findTestObject("1. Constant/xpath", ["xpath":"//*[@id="source_" + refID29 + ""]/td[6]/a"])): Object: 'Object Repository/1. Constant/xpath' is clicked on

2022-06-24 00:07:10 - [MESSAGE][PASSED] - Object: 'Object Repository/1. Constant/xpath' is clicked on

2022-06-24 00:07:10 - [TEST_STEP][PASSED] - click(findTestObject("1. Constant/xpath", ["xpath":"//*[@id="kt_content"]/div[3]/div/ul/li[3]/a"])): Object: 'Object Repository/1. Constant/xpath' is clicked on

2022-06-24 00:07:12 - [MESSAGE][PASSED] - Object: 'Object Repository/1. Constant/xpath' is clicked on

2022-06-24 00:07:12 - [TEST_STEP][PASSED] - takeScreenshot(): Taking screenshot successfully

2022-06-24 00:07:13 - [MESSAGE][PASSED] - Taking screenshot successfully
[[ATTACHMENT|D:\\Projet Test Auto\\Mediabox Test Automation\\Reports\\20220623_184212\\03. Parallel Testing (Testing)\\TS -PT PART 3\\14.05 Dreyers Support Action (Ongoing _ Completed ref) - PART 5\\20220623_184240\\1656022033057.png]]

2022-06-24 00:07:13 - [TEST_STEP][PASSED] - click(findTestObject("1. Constant/xpath", ["xpath":"/html/body/div[1]/div[2]/div[8]/div[3]/div/div[3]/div[3]/div/div/div[1]/div/div[1]/div/div[1]/div[2]/div/button"])): Object: 'Object Repository/1. Constant/xpath' is clicked on

2022-06-24 00:07:13 - [MESSAGE][PASSED] - Object: 'Object Repository/1. Constant/xpath' is clicked on

2022-06-24 00:07:13 - [TEST_STEP][PASSED] - takeScreenshot(): Taking screenshot successfully

2022-06-24 00:07:13 - [MESSAGE][PASSED] - Taking screenshot successfully
[[ATTACHMENT|D:\\Projet Test Auto\\Mediabox Test Automation\\Reports\\20220623_184212\\03. Parallel Testing (Testing)\\TS -PT PART 3\\14.05 Dreyers Support Action (Ongoing _ Completed ref) - PART 5\\20220623_184240\\1656022033587.png]]

2022-06-24 00:07:13 - [TEST_STEP][PASSED] - delay(1): Delayed 1 second(s)

2022-06-24 00:07:14 - [MESSAGE][PASSED] - Delayed 1 second(s)

2022-06-24 00:07:14 - [TEST_STEP][PASSED] - x = 15: null

2022-06-24 00:07:14 - [TEST_STEP][PASSED] - i = 1: null

2022-06-24 00:07:14 - [TEST_STEP][PASSED] - while (i <= x): null

2022-06-24 00:07:14 - [TEST_STEP][PASSED] - Expected_SAS_Selected = "SAS S37: Skip P1.2/Add Phase 1.1/ Skip P1.1": null

2022-06-24 00:07:14 - [TEST_STEP][PASSED] - xpath_SAS = "/html/body/div[1]/div[2]/div[8]/div[3]/div/div[3]/div[3]/div/div/div[1]/div/div[1]/div/div[1]/div[2]/div/div/a[" + i + "]": null

2022-06-24 00:07:14 - [TEST_STEP][PASSED] - Actual_SAS = getText(findTestObject("1. Constant/xpath", ["xpath":xpath_SAS])): Text of object 'Object Repository/1. Constant/xpath' is: 'SAS S37: Skip P1.2/Add Phase 1.1/ Skip P1.1'

2022-06-24 00:07:15 - [MESSAGE][PASSED] - Text of object 'Object Repository/1. Constant/xpath' is: 'SAS S37: Skip P1.2/Add Phase 1.1/ Skip P1.1'

2022-06-24 00:07:15 - [TEST_STEP][PASSED] - I.print(i): null

2022-06-24 00:07:15 - [TEST_STEP][PASSED] - if (Actual_SAS.contains(Expected_SAS_Selected)): null

2022-06-24 00:07:15 - [TEST_STEP][PASSED] - I.click_button_javascriptS(xpath_SAS): Execute JavaScript 'arguments[0].click()' successfully

2022-06-24 00:07:15 - [MESSAGE][PASSED] - Execute JavaScript 'arguments[0].click()' successfully

2022-06-24 00:07:15 - [TEST_STEP][PASSED] - break: null

2022-06-24 00:07:15 - [TEST_STEP][PASSED] - takeScreenshot(): Taking screenshot successfully

2022-06-24 00:07:15 - [MESSAGE][PASSED] - Taking screenshot successfully
[[ATTACHMENT|D:\\Projet Test Auto\\Mediabox Test Automation\\Reports\\20220623_184212\\03. Parallel Testing (Testing)\\TS -PT PART 3\\14.05 Dreyers Support Action (Ongoing _ Completed ref) - PART 5\\20220623_184240\\1656022035385.png]]

2022-06-24 00:07:15 - [TEST_STEP][PASSED] - click(findTestObject("1. Constant/xpath", ["xpath":"//*[@id="confirmSupportActionShortcut"]"])): Object: 'Object Repository/1. Constant/xpath' is clicked on

2022-06-24 00:07:21 - [MESSAGE][PASSED] - Object: 'Object Repository/1. Constant/xpath' is clicked on

2022-06-24 00:07:21 - [TEST_STEP][PASSED] - takeScreenshot(): Taking screenshot successfully

2022-06-24 00:07:22 - [MESSAGE][PASSED] - Taking screenshot successfully
[[ATTACHMENT|D:\\Projet Test Auto\\Mediabox Test Automation\\Reports\\20220623_184212\\03. Parallel Testing (Testing)\\TS -PT PART 3\\14.05 Dreyers Support Action (Ongoing _ Completed ref) - PART 5\\20220623_184240\\1656022041750.png]]

2022-06-24 00:07:22 - [TEST_STEP][PASSED] - click(findTestObject("1. Constant/xpath", ["xpath":"//*[@id="kt_content"]/div[3]/div/ul/li[3]/a"])): Object: 'Object Repository/1. Constant/xpath' is clicked on

2022-06-24 00:07:23 - [MESSAGE][PASSED] - Object: 'Object Repository/1. Constant/xpath' is clicked on

2022-06-24 00:07:23 - [TEST_STEP][PASSED] - takeScreenshot(): Taking screenshot successfully

2022-06-24 00:07:24 - [MESSAGE][PASSED] - Taking screenshot successfully
[[ATTACHMENT|D:\\Projet Test Auto\\Mediabox Test Automation\\Reports\\20220623_184212\\03. Parallel Testing (Testing)\\TS -PT PART 3\\14.05 Dreyers Support Action (Ongoing _ Completed ref) - PART 5\\20220623_184240\\1656022043720.png]]

2022-06-24 00:07:24 - [TEST_STEP][PASSED] - StepA_1 = getAttribute(findTestObject("1. Constant/xpath", ["xpath":"/html/body/div[1]/div[2]/div[8]/div[3]/div/div[3]/div[3]/div/ul/li[1]/a"]), "class"): Attribute 'class' of object 'Object Repository/1. Constant/xpath' is: 'nav-link timeline-badge badge-xl  bg-pending active'

2022-06-24 00:07:24 - [MESSAGE][PASSED] - Attribute 'class' of object 'Object Repository/1. Constant/xpath' is: 'nav-link timeline-badge badge-xl  bg-pending active'

2022-06-24 00:07:24 - [TEST_STEP][PASSED] - verifyMatch(StepA_1, "nav-link timeline-badge badge-xl  bg-pending active", false): Actual text 'nav-link timeline-badge badge-xl  bg-pending active' and expected text 'nav-link timeline-badge badge-xl  bg-pending active' are matched 

2022-06-24 00:07:24 - [MESSAGE][PASSED] - Actual text 'nav-link timeline-badge badge-xl  bg-pending active' and expected text 'nav-link timeline-badge badge-xl  bg-pending active' are matched 

2022-06-24 00:07:24 - [TEST_STEP][PASSED] - StepA_11 = I.Get_Stepname("/html/body/div[1]/div[2]/div[8]/div[3]/div/div[3]/div[3]/div/ul/li[1]/a"): Attribute 'href' of object 'Object Repository/1. Constant/xpath' is: 'http://mdb-release.diadeis.lan/MediaboxIndependence/Base/ExecAction?action=VoirRef&IDSession=MBI!RELTESTAUTO_DREYERS!THXPKDKYWYOA9Y3JBWXD17OIP6YRLW9Q30N7Y9P0&num=T40DP5DIOB&id_ref=5338#tab_lifecycle_SASStepA_12385'

2022-06-24 00:07:29 - [MESSAGE][PASSED] - Delayed 5 second(s)

2022-06-24 00:07:29 - [MESSAGE][PASSED] - Attribute 'href' of object 'Object Repository/1. Constant/xpath' is: 'http://mdb-release.diadeis.lan/MediaboxIndependence/Base/ExecAction?action=VoirRef&IDSession=MBI!RELTESTAUTO_DREYERS!THXPKDKYWYOA9Y3JBWXD17OIP6YRLW9Q30N7Y9P0&num=T40DP5DIOB&id_ref=5338#tab_lifecycle_SASStepA_12385'

2022-06-24 00:07:29 - [TEST_STEP][PASSED] - verifyMatch(StepA_11, "SASStepA", false): Actual text 'SASStepA' and expected text 'SASStepA' are matched 

2022-06-24 00:07:29 - [MESSAGE][PASSED] - Actual text 'SASStepA' and expected text 'SASStepA' are matched 

2022-06-24 00:07:29 - [TEST_STEP][PASSED] - StepA2_11 = getAttribute(findTestObject("1. Constant/xpath", ["xpath":"/html/body/div[1]/div[2]/div[8]/div[3]/div/div[3]/div[3]/div/div/div[1]/div/div[1]/span"]), "class"): Attribute 'class' of object 'Object Repository/1. Constant/xpath' is: 'timeline-badge badge-md bg-complete '

2022-06-24 00:07:29 - [MESSAGE][PASSED] - Attribute 'class' of object 'Object Repository/1. Constant/xpath' is: 'timeline-badge badge-md bg-complete '

2022-06-24 00:07:29 - [TEST_STEP][PASSED] - verifyMatch(StepA2_11, "timeline-badge badge-md bg-complete ", false): Actual text 'timeline-badge badge-md bg-complete ' and expected text 'timeline-badge badge-md bg-complete ' are matched 

2022-06-24 00:07:29 - [MESSAGE][PASSED] - Actual text 'timeline-badge badge-md bg-complete ' and expected text 'timeline-badge badge-md bg-complete ' are matched 

2022-06-24 00:07:29 - [TEST_STEP][PASSED] - Name_StepA2_11 = getText(findTestObject("1. Constant/xpath", ["xpath":"/html/body/div[1]/div[2]/div[8]/div[3]/div/div[3]/div[3]/div/div/div[1]/div/div[1]/div/div[1]/div[1]/h3"])): Text of object 'Object Repository/1. Constant/xpath' is: 'Phase 1.1 [Standard]'

2022-06-24 00:07:29 - [MESSAGE][PASSED] - Text of object 'Object Repository/1. Constant/xpath' is: 'Phase 1.1 [Standard]'

2022-06-24 00:07:29 - [TEST_STEP][PASSED] - verifyMatch(Name_StepA2_11, "Phase 1.1 [Standard]", false): Actual text 'Phase 1.1 [Standard]' and expected text 'Phase 1.1 [Standard]' are matched 

2022-06-24 00:07:29 - [MESSAGE][PASSED] - Actual text 'Phase 1.1 [Standard]' and expected text 'Phase 1.1 [Standard]' are matched 

2022-06-24 00:07:29 - [TEST_STEP][PASSED] - StepA2_12 = getAttribute(findTestObject("1. Constant/xpath", ["xpath":"/html/body/div[1]/div[2]/div[8]/div[3]/div/div[3]/div[3]/div/div/div[1]/div/div[2]/span"]), "class"): Attribute 'class' of object 'Object Repository/1. Constant/xpath' is: 'timeline-badge badge-md bg-complete timeline-vertical-after-xl'

2022-06-24 00:07:29 - [MESSAGE][PASSED] - Attribute 'class' of object 'Object Repository/1. Constant/xpath' is: 'timeline-badge badge-md bg-complete timeline-vertical-after-xl'

2022-06-24 00:07:29 - [TEST_STEP][PASSED] - verifyMatch(StepA2_12, "timeline-badge badge-md bg-complete timeline-vertical-after-xl", false): Actual text 'timeline-badge badge-md bg-complete timeline-vertical-after-xl' and expected text 'timeline-badge badge-md bg-complete timeline-vertical-after-xl' are matched 

2022-06-24 00:07:29 - [MESSAGE][PASSED] - Actual text 'timeline-badge badge-md bg-complete timeline-vertical-after-xl' and expected text 'timeline-badge badge-md bg-complete timeline-vertical-after-xl' are matched 

2022-06-24 00:07:29 - [TEST_STEP][PASSED] - Name_StepA2_12 = getText(findTestObject("1. Constant/xpath", ["xpath":"/html/body/div[1]/div[2]/div[8]/div[3]/div/div[3]/div[3]/div/div/div[1]/div/div[2]/div/div[1]/div[1]/h3"])): Text of object 'Object Repository/1. Constant/xpath' is: 'Phase 1.2 [Standard Phase]'

2022-06-24 00:07:29 - [MESSAGE][PASSED] - Text of object 'Object Repository/1. Constant/xpath' is: 'Phase 1.2 [Standard Phase]'

2022-06-24 00:07:29 - [TEST_STEP][PASSED] - verifyMatch(Name_StepA2_12, "Phase 1.2 [Standard Phase]", false): Actual text 'Phase 1.2 [Standard Phase]' and expected text 'Phase 1.2 [Standard Phase]' are matched 

2022-06-24 00:07:29 - [MESSAGE][PASSED] - Actual text 'Phase 1.2 [Standard Phase]' and expected text 'Phase 1.2 [Standard Phase]' are matched 

2022-06-24 00:07:29 - [TEST_STEP][PASSED] - A_StepA2_12 = getAttribute(findTestObject("1. Constant/xpath", ["xpath":"/html/body/div[1]/div[2]/div[8]/div[3]/div/div[3]/div[3]/div/div/div[1]/div/div[3]/span"]), "class"): Attribute 'class' of object 'Object Repository/1. Constant/xpath' is: 'timeline-badge badge-md bg-pending timeline-vertical-after-xl'

2022-06-24 00:07:29 - [MESSAGE][PASSED] - Attribute 'class' of object 'Object Repository/1. Constant/xpath' is: 'timeline-badge badge-md bg-pending timeline-vertical-after-xl'

2022-06-24 00:07:29 - [TEST_STEP][PASSED] - verifyMatch(A_StepA2_12, "timeline-badge badge-md bg-pending timeline-vertical-after-xl", false): Actual text 'timeline-badge badge-md bg-pending timeline-vertical-after-xl' and expected text 'timeline-badge badge-md bg-pending timeline-vertical-after-xl' are matched 

2022-06-24 00:07:29 - [MESSAGE][PASSED] - Actual text 'timeline-badge badge-md bg-pending timeline-vertical-after-xl' and expected text 'timeline-badge badge-md bg-pending timeline-vertical-after-xl' are matched 

2022-06-24 00:07:29 - [TEST_STEP][PASSED] - Added_StepA2_12 = getText(findTestObject("1. Constant/xpath", ["xpath":"/html/body/div[1]/div[2]/div[8]/div[3]/div/div[3]/div[3]/div/div/div[1]/div/div[3]/div/div[1]/div[1]/h3"])): Text of object 'Object Repository/1. Constant/xpath' is: 'Phase 1.1 [Standard]'

2022-06-24 00:07:30 - [MESSAGE][PASSED] - Text of object 'Object Repository/1. Constant/xpath' is: 'Phase 1.1 [Standard]'

2022-06-24 00:07:30 - [TEST_STEP][PASSED] - verifyMatch(Added_StepA2_12, "Phase 1.1 [Standard]", false): Actual text 'Phase 1.1 [Standard]' and expected text 'Phase 1.1 [Standard]' are matched 

2022-06-24 00:07:30 - [MESSAGE][PASSED] - Actual text 'Phase 1.1 [Standard]' and expected text 'Phase 1.1 [Standard]' are matched 

2022-06-24 00:07:30 - [TEST_STEP][PASSED] - Started_StepA2_11 = getText(findTestObject("1. Constant/xpath", ["xpath":"/html/body/div[1]/div[2]/div[8]/div[3]/div/div[3]/div[3]/div/div/div[1]/div/div[3]/div/div[2]/div[1]"])): Text of object 'Object Repository/1. Constant/xpath' is: 'Started 06/23/22 06:07 PM'

2022-06-24 00:07:30 - [MESSAGE][PASSED] - Text of object 'Object Repository/1. Constant/xpath' is: 'Started 06/23/22 06:07 PM'

2022-06-24 00:07:30 - [TEST_STEP][PASSED] - if (Started_StepA2_11.contains("Started")): Actual object '1' and expected object '1' are equal

2022-06-24 00:07:30 - [TEST_STEP][PASSED] - verifyEqual(1, 1): Actual object '1' and expected object '1' are equal

2022-06-24 00:07:30 - [MESSAGE][PASSED] - Actual object '1' and expected object '1' are equal

2022-06-24 00:07:30 - [TEST_STEP][PASSED] - StepB_2 = getAttribute(findTestObject("1. Constant/xpath", ["xpath":"/html/body/div[1]/div[2]/div[8]/div[3]/div/div[3]/div[3]/div/ul/li[2]/a"]), "class"): Attribute 'class' of object 'Object Repository/1. Constant/xpath' is: 'nav-link timeline-badge badge-xl  bg-waiting '

2022-06-24 00:07:30 - [MESSAGE][PASSED] - Attribute 'class' of object 'Object Repository/1. Constant/xpath' is: 'nav-link timeline-badge badge-xl  bg-waiting '

2022-06-24 00:07:30 - [TEST_STEP][PASSED] - verifyMatch(StepB_2, "nav-link timeline-badge badge-xl  bg-waiting ", false): Actual text 'nav-link timeline-badge badge-xl  bg-waiting ' and expected text 'nav-link timeline-badge badge-xl  bg-waiting ' are matched 

2022-06-24 00:07:30 - [MESSAGE][PASSED] - Actual text 'nav-link timeline-badge badge-xl  bg-waiting ' and expected text 'nav-link timeline-badge badge-xl  bg-waiting ' are matched 

2022-06-24 00:07:30 - [TEST_STEP][PASSED] - StepB_21 = I.Get_Stepname("/html/body/div[1]/div[2]/div[8]/div[3]/div/div[3]/div[3]/div/ul/li[2]/a"): Attribute 'href' of object 'Object Repository/1. Constant/xpath' is: 'http://mdb-release.diadeis.lan/MediaboxIndependence/Base/ExecAction?action=VoirRef&IDSession=MBI!RELTESTAUTO_DREYERS!THXPKDKYWYOA9Y3JBWXD17OIP6YRLW9Q30N7Y9P0&num=T40DP5DIOB&id_ref=5338#tab_lifecycle_SASStepB_12386'

2022-06-24 00:07:35 - [MESSAGE][PASSED] - Delayed 5 second(s)

2022-06-24 00:07:35 - [MESSAGE][PASSED] - Attribute 'href' of object 'Object Repository/1. Constant/xpath' is: 'http://mdb-release.diadeis.lan/MediaboxIndependence/Base/ExecAction?action=VoirRef&IDSession=MBI!RELTESTAUTO_DREYERS!THXPKDKYWYOA9Y3JBWXD17OIP6YRLW9Q30N7Y9P0&num=T40DP5DIOB&id_ref=5338#tab_lifecycle_SASStepB_12386'

2022-06-24 00:07:35 - [TEST_STEP][PASSED] - verifyMatch(StepB_21, "SASStepB", false): Actual text 'SASStepB' and expected text 'SASStepB' are matched 

2022-06-24 00:07:35 - [MESSAGE][PASSED] - Actual text 'SASStepB' and expected text 'SASStepB' are matched 

2022-06-24 00:07:35 - [TEST_STEP][PASSED] - I.Logout(): Delayed 3 second(s)

2022-06-24 00:07:38 - [MESSAGE][PASSED] - Delayed 3 second(s)

2022-06-24 00:07:38 - [MESSAGE][PASSED] - Object: 'Object Repository/1. Constant/xpath' is clicked on

2022-06-24 00:07:41 - [MESSAGE][PASSED] - Delayed 3 second(s)

2022-06-24 00:07:43 - [MESSAGE][PASSED] - Object: 'Object Repository/1. Constant/xpath' is clicked on

2022-06-24 00:07:46 - [MESSAGE][PASSED] - Delayed 3 second(s)

2022-06-24 00:07:46 - [TEST_STEP][PASSED] - I.Login_password("blemco", password_blemco): Object: 'Object Repository/1. Constant/xpath' is clicked on

2022-06-24 00:07:46 - [MESSAGE][PASSED] - Text 'blemco' is set on object 'Object Repository/1. Constant/xpath'

2022-06-24 00:07:47 - [MESSAGE][PASSED] - Delayed 1 second(s)

2022-06-24 00:07:48 - [MESSAGE][PASSED] - Text 'diadeis1' is set on object 'Object Repository/1. Constant/xpath'

2022-06-24 00:07:49 - [MESSAGE][PASSED] - Delayed 1 second(s)

2022-06-24 00:07:52 - [MESSAGE][PASSED] - Object: 'Object Repository/1. Constant/xpath' is clicked on

2022-06-24 00:07:52 - [TEST_STEP][PASSED] - click(findTestObject("1. Constant/02_LHSMenu_Projects")): Object: 'Object Repository/1. Constant/02_LHSMenu_Projects' is clicked on

2022-06-24 00:07:56 - [MESSAGE][PASSED] - Object: 'Object Repository/1. Constant/02_LHSMenu_Projects' is clicked on

2022-06-24 00:07:56 - [TEST_STEP][PASSED] - I.SearchProjectNo_xpath(Project_No, "//*[@id="keynum_project"]", "//*[@id="form_filters"]/div[4]/button"): Delayed 5 second(s)

2022-06-24 00:07:57 - [MESSAGE][PASSED] - Delayed 1 second(s)

2022-06-24 00:07:57 - [MESSAGE][PASSED] - Text 'MI000883' is set on object 'Object Repository/1. Constant/xpath'

2022-06-24 00:08:00 - [MESSAGE][PASSED] - Delayed 3 second(s)

2022-06-24 00:08:00 - [MESSAGE][PASSED] - Scroll to object 'Object Repository/1. Constant/xpath' successfully

2022-06-24 00:08:04 - [MESSAGE][PASSED] - Object: 'Object Repository/1. Constant/xpath' is clicked on

2022-06-24 00:08:09 - [MESSAGE][PASSED] - Delayed 5 second(s)

2022-06-24 00:08:09 - [TEST_STEP][PASSED] - takeScreenshot(): Taking screenshot successfully

2022-06-24 00:08:09 - [MESSAGE][PASSED] - Taking screenshot successfully
[[ATTACHMENT|D:\\Projet Test Auto\\Mediabox Test Automation\\Reports\\20220623_184212\\03. Parallel Testing (Testing)\\TS -PT PART 3\\14.05 Dreyers Support Action (Ongoing _ Completed ref) - PART 5\\20220623_184240\\1656022089298.png]]

2022-06-24 00:08:09 - [TEST_STEP][PASSED] - I.SearchRefNo_xpath("P29_Auto", "//*[@id="fiche_filter_keywords11"]", "//*[@id="form_filters"]/div[3]/button"): Delayed 5 second(s)

2022-06-24 00:08:10 - [MESSAGE][PASSED] - Delayed 1 second(s)

2022-06-24 00:08:11 - [MESSAGE][PASSED] - Text 'P29_Auto' is set on object 'Object Repository/1. Constant/xpath'

2022-06-24 00:08:14 - [MESSAGE][PASSED] - Delayed 3 second(s)

2022-06-24 00:08:14 - [MESSAGE][PASSED] - Scroll to object 'Object Repository/1. Constant/xpath' successfully

2022-06-24 00:08:16 - [MESSAGE][PASSED] - Object: 'Object Repository/1. Constant/xpath' is clicked on

2022-06-24 00:08:21 - [MESSAGE][PASSED] - Delayed 5 second(s)

2022-06-24 00:08:21 - [TEST_STEP][PASSED] - takeScreenshot(): Taking screenshot successfully

2022-06-24 00:08:22 - [MESSAGE][PASSED] - Taking screenshot successfully
[[ATTACHMENT|D:\\Projet Test Auto\\Mediabox Test Automation\\Reports\\20220623_184212\\03. Parallel Testing (Testing)\\TS -PT PART 3\\14.05 Dreyers Support Action (Ongoing _ Completed ref) - PART 5\\20220623_184240\\1656022102141.png]]

2022-06-24 00:08:22 - [TEST_STEP][PASSED] - Lifecycle_Status66 = getText(findTestObject("1. Constant/xpath", ["xpath":"//*[@id="source_" + refID29 + ""]/td[12]/span[1]"])): Text of object 'Object Repository/1. Constant/xpath' is: 'Phase 1.1 [Standard]'

2022-06-24 00:08:22 - [MESSAGE][PASSED] - Text of object 'Object Repository/1. Constant/xpath' is: 'Phase 1.1 [Standard]'

2022-06-24 00:08:22 - [TEST_STEP][PASSED] - verifyMatch(Lifecycle_Status66, "Phase 1.1 [Standard]", false): Actual text 'Phase 1.1 [Standard]' and expected text 'Phase 1.1 [Standard]' are matched 

2022-06-24 00:08:22 - [MESSAGE][PASSED] - Actual text 'Phase 1.1 [Standard]' and expected text 'Phase 1.1 [Standard]' are matched 

2022-06-24 00:08:22 - [TEST_STEP][PASSED] - click(findTestObject("1. Constant/xpath", ["xpath":"//*[@id="source_" + refID29 + ""]/td[13]/a[3]"])): Object: 'Object Repository/1. Constant/xpath' is clicked on

2022-06-24 00:08:24 - [MESSAGE][PASSED] - Object: 'Object Repository/1. Constant/xpath' is clicked on

2022-06-24 00:08:24 - [TEST_STEP][PASSED] - click(findTestObject("1. Constant/xpath", ["xpath":"//*[@id="ModifFiche"]/div[1]/div/button[2]"])): Object: 'Object Repository/1. Constant/xpath' is clicked on

2022-06-24 00:08:32 - [MESSAGE][PASSED] - Object: 'Object Repository/1. Constant/xpath' is clicked on

2022-06-24 00:08:32 - [TEST_STEP][PASSED] - Lifecycle_Status3 = getText(findTestObject("1. Constant/xpath", ["xpath":"//*[@id="source_" + refID29 + ""]/td[12]/span[1]"])): Text of object 'Object Repository/1. Constant/xpath' is: 'Phase 2.1 [Production]'

2022-06-24 00:08:33 - [MESSAGE][PASSED] - Text of object 'Object Repository/1. Constant/xpath' is: 'Phase 2.1 [Production]'

2022-06-24 00:08:33 - [TEST_STEP][PASSED] - verifyMatch(Lifecycle_Status3, "Phase 2.1 [Production]", false): Actual text 'Phase 2.1 [Production]' and expected text 'Phase 2.1 [Production]' are matched 

2022-06-24 00:08:33 - [MESSAGE][PASSED] - Actual text 'Phase 2.1 [Production]' and expected text 'Phase 2.1 [Production]' are matched 

2022-06-24 00:08:33 - [TEST_STEP][PASSED] - closeBrowser(): Browser is closed

2022-06-24 00:08:34 - [MESSAGE][PASSED] - Browser is closed

2022-06-24 00:08:34 - [TEST_STEP][PASSED] - Start listener action : sampleAfterTestCase: null]]></system-out>
         <system-err><![CDATA[]]></system-err>
      </testcase>
      <testcase name="Test Cases/19. Dreyers Support Action (Ongoing ref_completed)/19.30 Dreyers SAS Add Phase (Ongoing ref) S38 - P30" time="211.126" classname="Test Cases/19. Dreyers Support Action (Ongoing ref_completed)/19.30 Dreyers SAS Add Phase (Ongoing ref) S38 - P30" status="PASSED">
         <system-out><![CDATA[2022-06-24 00:08:34 - [TEST_CASE][PASSED] - Test Cases/19. Dreyers Support Action (Ongoing ref_completed)/19.30 Dreyers SAS Add Phase (Ongoing ref) S38 - P30: Test Cases/19. Dreyers Support Action (Ongoing ref_completed)/19.30 Dreyers SAS Add Phase (Ongoing ref) S38 - P30

2022-06-24 00:08:35 - [TEST_STEP][PASSED] - data_Dreyers = findTestData("Data Files/Username_Password/Dreyer"): null

2022-06-24 00:08:35 - [TEST_STEP][PASSED] - password_suser = data_Dreyers.getValue(2, 1): null

2022-06-24 00:08:35 - [TEST_STEP][PASSED] - password_nturner = data_Dreyers.getValue(2, 6): null

2022-06-24 00:08:35 - [TEST_STEP][PASSED] - password_jryan = data_Dreyers.getValue(2, 12): null

2022-06-24 00:08:35 - [TEST_STEP][PASSED] - data_urlRELAUTO = findTestData("Data Files/URL/URL_relauto"): null

2022-06-24 00:08:35 - [TEST_STEP][PASSED] - Url_Dreyer = data_urlRELAUTO.getValue(2, 4): null

2022-06-24 00:08:35 - [TEST_STEP][PASSED] - Project_No = I.readnotepad("D:\Upoad_File\Projet_ Login\Dreyers\19.1\19.1_Dreyers_ProjectNo.txt"): null

2022-06-24 00:08:35 - [TEST_STEP][PASSED] - refID = I.readnotepad("D:\Upoad_File\Projet_ Login\Dreyers\19.1\19.1_Dreyers_refID.txt"): null

2022-06-24 00:08:35 - [TEST_STEP][PASSED] - openBrowser(Url_Dreyer): Browser is opened with url: 'http://mdb-release.diadeis.lan/MediaboxIndependence/?MBI_datasource=RELTESTAUTO_DREYERS'

2022-06-24 00:08:35 - [MESSAGE][INFO] - Starting 'Chrome (headless)' driver

2022-06-24 00:08:35 - [MESSAGE][INFO] - User set preference: ['args', '[--window-size=1920,1080, --headless]']

2022-06-24 00:08:35 - [MESSAGE][INFO] - Action delay is set to 0 milliseconds

2022-06-24 00:08:43 - [MESSAGE][PASSED] - Browser is opened with url: 'http://mdb-release.diadeis.lan/MediaboxIndependence/?MBI_datasource=RELTESTAUTO_DREYERS'

2022-06-24 00:08:43 - [TEST_STEP][PASSED] - maximizeWindow(): Current window maximized

2022-06-24 00:08:43 - [MESSAGE][PASSED] - Current window maximized

2022-06-24 00:08:43 - [TEST_STEP][PASSED] - I.Login_password("suser", password_suser): Object: 'Object Repository/1. Constant/xpath' is clicked on

2022-06-24 00:08:43 - [MESSAGE][PASSED] - Text 'suser' is set on object 'Object Repository/1. Constant/xpath'

2022-06-24 00:08:44 - [MESSAGE][PASSED] - Delayed 1 second(s)

2022-06-24 00:08:45 - [MESSAGE][PASSED] - Text 'diadeis' is set on object 'Object Repository/1. Constant/xpath'

2022-06-24 00:08:46 - [MESSAGE][PASSED] - Delayed 1 second(s)

2022-06-24 00:08:52 - [MESSAGE][PASSED] - Object: 'Object Repository/1. Constant/xpath' is clicked on

2022-06-24 00:08:52 - [TEST_STEP][PASSED] - click(findTestObject("1. Constant/02_LHSMenu_Projects")): Object: 'Object Repository/1. Constant/02_LHSMenu_Projects' is clicked on

2022-06-24 00:08:54 - [MESSAGE][PASSED] - Object: 'Object Repository/1. Constant/02_LHSMenu_Projects' is clicked on

2022-06-24 00:08:54 - [TEST_STEP][PASSED] - I.SearchProjectNo_xpath(Project_No, "//*[@id="keynum_project"]", "//*[@id="form_filters"]/div[4]/button"): Delayed 5 second(s)

2022-06-24 00:08:55 - [MESSAGE][PASSED] - Delayed 1 second(s)

2022-06-24 00:08:56 - [MESSAGE][PASSED] - Text 'MI000883' is set on object 'Object Repository/1. Constant/xpath'

2022-06-24 00:08:59 - [MESSAGE][PASSED] - Delayed 3 second(s)

2022-06-24 00:08:59 - [MESSAGE][PASSED] - Scroll to object 'Object Repository/1. Constant/xpath' successfully

2022-06-24 00:09:03 - [MESSAGE][PASSED] - Object: 'Object Repository/1. Constant/xpath' is clicked on

2022-06-24 00:09:08 - [MESSAGE][PASSED] - Delayed 5 second(s)

2022-06-24 00:09:08 - [TEST_STEP][PASSED] - takeScreenshot(): Taking screenshot successfully

2022-06-24 00:09:09 - [MESSAGE][PASSED] - Taking screenshot successfully
[[ATTACHMENT|D:\\Projet Test Auto\\Mediabox Test Automation\\Reports\\20220623_184212\\03. Parallel Testing (Testing)\\TS -PT PART 3\\14.05 Dreyers Support Action (Ongoing _ Completed ref) - PART 5\\20220623_184240\\1656022149117.png]]

2022-06-24 00:09:09 - [TEST_STEP][PASSED] - click(findTestObject("1. Constant/xpath", ["xpath":"//*[@id="create_ref_btn"]/button"])): Object: 'Object Repository/1. Constant/xpath' is clicked on

2022-06-24 00:09:09 - [MESSAGE][PASSED] - Object: 'Object Repository/1. Constant/xpath' is clicked on

2022-06-24 00:09:09 - [TEST_STEP][PASSED] - delay(1): Delayed 1 second(s)

2022-06-24 00:09:10 - [MESSAGE][PASSED] - Delayed 1 second(s)

2022-06-24 00:09:10 - [TEST_STEP][PASSED] - click(findTestObject("1. Constant/xpath", ["xpath":"//*[@id="create_ref_btn"]/div/a"])): Object: 'Object Repository/1. Constant/xpath' is clicked on

2022-06-24 00:09:12 - [MESSAGE][PASSED] - Object: 'Object Repository/1. Constant/xpath' is clicked on

2022-06-24 00:09:12 - [TEST_STEP][PASSED] - delay(1): Delayed 1 second(s)

2022-06-24 00:09:13 - [MESSAGE][PASSED] - Delayed 1 second(s)

2022-06-24 00:09:13 - [TEST_STEP][PASSED] - selectOptionByValue(findTestObject("1. Constant/xpath", ["xpath":"//*[@id="lfc_tpl"]"]), "36", false): All options with value '36' are selected in object 'Object Repository/1. Constant/xpath' 

2022-06-24 00:09:14 - [MESSAGE][PASSED] - All options with value '36' are selected in object 'Object Repository/1. Constant/xpath' 

2022-06-24 00:09:14 - [TEST_STEP][PASSED] - ref_name = "P30_Auto_SAS_S38_" + RandomStringUtils.randomAlphanumeric(5) + I.gettimedate(): null

2022-06-24 00:09:14 - [TEST_STEP][PASSED] - delay(1): Delayed 1 second(s)

2022-06-24 00:09:15 - [MESSAGE][PASSED] - Delayed 1 second(s)

2022-06-24 00:09:15 - [TEST_STEP][PASSED] - setText(findTestObject("1. Constant/xpath", ["xpath":"//*[@id="var_name"]"]), ref_name): Text 'P30_Auto_SAS_S38_YUfa6juin242022_000914' is set on object 'Object Repository/1. Constant/xpath'

2022-06-24 00:09:15 - [MESSAGE][PASSED] - Text 'P30_Auto_SAS_S38_YUfa6juin242022_000914' is set on object 'Object Repository/1. Constant/xpath'

2022-06-24 00:09:15 - [TEST_STEP][PASSED] - takeScreenshot(): Taking screenshot successfully

2022-06-24 00:09:16 - [MESSAGE][PASSED] - Taking screenshot successfully
[[ATTACHMENT|D:\\Projet Test Auto\\Mediabox Test Automation\\Reports\\20220623_184212\\03. Parallel Testing (Testing)\\TS -PT PART 3\\14.05 Dreyers Support Action (Ongoing _ Completed ref) - PART 5\\20220623_184240\\1656022155966.png]]

2022-06-24 00:09:16 - [TEST_STEP][PASSED] - click(findTestObject("1. Constant/xpath", ["xpath":"//*[@id="createRefBottom"]"])): Object: 'Object Repository/1. Constant/xpath' is clicked on

2022-06-24 00:09:19 - [MESSAGE][PASSED] - Object: 'Object Repository/1. Constant/xpath' is clicked on

2022-06-24 00:09:19 - [TEST_STEP][PASSED] - delay(1): Delayed 1 second(s)

2022-06-24 00:09:20 - [MESSAGE][PASSED] - Delayed 1 second(s)

2022-06-24 00:09:20 - [TEST_STEP][PASSED] - takeScreenshot(): Taking screenshot successfully

2022-06-24 00:09:21 - [MESSAGE][PASSED] - Taking screenshot successfully
[[ATTACHMENT|D:\\Projet Test Auto\\Mediabox Test Automation\\Reports\\20220623_184212\\03. Parallel Testing (Testing)\\TS -PT PART 3\\14.05 Dreyers Support Action (Ongoing _ Completed ref) - PART 5\\20220623_184240\\1656022160846.png]]

2022-06-24 00:09:21 - [TEST_STEP][PASSED] - refID30 = I.RefID(): Current window's url is: 'http://mdb-release.diadeis.lan/MediaboxIndependence/Base/ExecAction?IDSession=MBI%21RELTESTAUTO_DREYERS%21NB0Z37FIRY8JGZWK1L1387PZKDHU49552LX8DJTG&default_action=ModifierRef&id_project=MI000883&id_ref=5339&action_from=create_ref'

2022-06-24 00:09:26 - [MESSAGE][PASSED] - Delayed 5 second(s)

2022-06-24 00:09:26 - [MESSAGE][PASSED] - Current window's url is: 'http://mdb-release.diadeis.lan/MediaboxIndependence/Base/ExecAction?IDSession=MBI%21RELTESTAUTO_DREYERS%21NB0Z37FIRY8JGZWK1L1387PZKDHU49552LX8DJTG&default_action=ModifierRef&id_project=MI000883&id_ref=5339&action_from=create_ref'

2022-06-24 00:09:26 - [TEST_STEP][PASSED] - I.print("refID" + refID30): null

2022-06-24 00:09:26 - [TEST_STEP][PASSED] - click(findTestObject("1. Constant/xpath", ["xpath":"//*[@id="type_save"]"])): Object: 'Object Repository/1. Constant/xpath' is clicked on

2022-06-24 00:09:33 - [MESSAGE][PASSED] - Object: 'Object Repository/1. Constant/xpath' is clicked on

2022-06-24 00:09:33 - [TEST_STEP][PASSED] - takeScreenshot(): Taking screenshot successfully

2022-06-24 00:09:34 - [MESSAGE][PASSED] - Taking screenshot successfully
[[ATTACHMENT|D:\\Projet Test Auto\\Mediabox Test Automation\\Reports\\20220623_184212\\03. Parallel Testing (Testing)\\TS -PT PART 3\\14.05 Dreyers Support Action (Ongoing _ Completed ref) - PART 5\\20220623_184240\\1656022173682.png]]

2022-06-24 00:09:34 - [TEST_STEP][PASSED] - delay(1): Delayed 1 second(s)

2022-06-24 00:09:35 - [MESSAGE][PASSED] - Delayed 1 second(s)

2022-06-24 00:09:35 - [TEST_STEP][PASSED] - I.SearchRefNo_xpath("P30_Auto", "//*[@id="fiche_filter_keywords11"]", "//*[@id="form_filters"]/div[3]/button"): Delayed 5 second(s)

2022-06-24 00:09:36 - [MESSAGE][PASSED] - Delayed 1 second(s)

2022-06-24 00:09:36 - [MESSAGE][PASSED] - Text 'P30_Auto' is set on object 'Object Repository/1. Constant/xpath'

2022-06-24 00:09:39 - [MESSAGE][PASSED] - Delayed 3 second(s)

2022-06-24 00:09:39 - [MESSAGE][PASSED] - Scroll to object 'Object Repository/1. Constant/xpath' successfully

2022-06-24 00:09:42 - [MESSAGE][PASSED] - Object: 'Object Repository/1. Constant/xpath' is clicked on

2022-06-24 00:09:47 - [MESSAGE][PASSED] - Delayed 5 second(s)

2022-06-24 00:09:47 - [TEST_STEP][PASSED] - click(findTestObject("1. Constant/xpath", ["xpath":"//*[@id="source_" + refID30 + ""]/td[14]/div[1]/button"])): Object: 'Object Repository/1. Constant/xpath' is clicked on

2022-06-24 00:09:47 - [MESSAGE][PASSED] - Object: 'Object Repository/1. Constant/xpath' is clicked on

2022-06-24 00:09:47 - [TEST_STEP][PASSED] - takeScreenshot(): Taking screenshot successfully

2022-06-24 00:09:47 - [MESSAGE][PASSED] - Taking screenshot successfully
[[ATTACHMENT|D:\\Projet Test Auto\\Mediabox Test Automation\\Reports\\20220623_184212\\03. Parallel Testing (Testing)\\TS -PT PART 3\\14.05 Dreyers Support Action (Ongoing _ Completed ref) - PART 5\\20220623_184240\\1656022187610.png]]

2022-06-24 00:09:47 - [TEST_STEP][PASSED] - delay(1): Delayed 1 second(s)

2022-06-24 00:09:48 - [MESSAGE][PASSED] - Delayed 1 second(s)

2022-06-24 00:09:48 - [TEST_STEP][PASSED] - x = 20: null

2022-06-24 00:09:48 - [TEST_STEP][PASSED] - i = 1: null

2022-06-24 00:09:48 - [TEST_STEP][PASSED] - while (i <= x): null

2022-06-24 00:09:48 - [TEST_STEP][PASSED] - Expected_SAS_Selected = "SAS S38: Add Phase 3.3 / Skip Phase 1.2": null

2022-06-24 00:09:48 - [TEST_STEP][PASSED] - xpath_SAS = "//*[@id="source_" + refID30 + ""]/td[14]/div[1]/div/a[" + i + "]": null

2022-06-24 00:09:48 - [TEST_STEP][PASSED] - Actual_SAS = getText(findTestObject("1. Constant/xpath", ["xpath":xpath_SAS])): Text of object 'Object Repository/1. Constant/xpath' is: 'SAS: S4 - Skip 1.2 / Add Step A / Skip 1.1'

2022-06-24 00:09:49 - [MESSAGE][PASSED] - Text of object 'Object Repository/1. Constant/xpath' is: 'SAS: S4 - Skip 1.2 / Add Step A / Skip 1.1'

2022-06-24 00:09:49 - [TEST_STEP][PASSED] - if (Actual_SAS.contains(Expected_SAS_Selected)): null

2022-06-24 00:09:49 - [TEST_STEP][PASSED] - i = i + 1: null

2022-06-24 00:09:49 - [TEST_STEP][PASSED] - Expected_SAS_Selected = "SAS S38: Add Phase 3.3 / Skip Phase 1.2": null

2022-06-24 00:09:49 - [TEST_STEP][PASSED] - xpath_SAS = "//*[@id="source_" + refID30 + ""]/td[14]/div[1]/div/a[" + i + "]": null

2022-06-24 00:09:49 - [TEST_STEP][PASSED] - Actual_SAS = getText(findTestObject("1. Constant/xpath", ["xpath":xpath_SAS])): Text of object 'Object Repository/1. Constant/xpath' is: 'SAS S23: Skip P1.2/ Add PG 1.1_1.2/ Skip P1.1'

2022-06-24 00:09:49 - [MESSAGE][PASSED] - Text of object 'Object Repository/1. Constant/xpath' is: 'SAS S23: Skip P1.2/ Add PG 1.1_1.2/ Skip P1.1'

2022-06-24 00:09:49 - [TEST_STEP][PASSED] - if (Actual_SAS.contains(Expected_SAS_Selected)): null

2022-06-24 00:09:49 - [TEST_STEP][PASSED] - i = i + 1: null

2022-06-24 00:09:49 - [TEST_STEP][PASSED] - Expected_SAS_Selected = "SAS S38: Add Phase 3.3 / Skip Phase 1.2": null

2022-06-24 00:09:49 - [TEST_STEP][PASSED] - xpath_SAS = "//*[@id="source_" + refID30 + ""]/td[14]/div[1]/div/a[" + i + "]": null

2022-06-24 00:09:49 - [TEST_STEP][PASSED] - Actual_SAS = getText(findTestObject("1. Constant/xpath", ["xpath":xpath_SAS])): Text of object 'Object Repository/1. Constant/xpath' is: 'SAS S36 : Add Phase 1.2 / Skip Phase 1.2'

2022-06-24 00:09:49 - [MESSAGE][PASSED] - Text of object 'Object Repository/1. Constant/xpath' is: 'SAS S36 : Add Phase 1.2 / Skip Phase 1.2'

2022-06-24 00:09:49 - [TEST_STEP][PASSED] - if (Actual_SAS.contains(Expected_SAS_Selected)): null

2022-06-24 00:09:49 - [TEST_STEP][PASSED] - i = i + 1: null

2022-06-24 00:09:49 - [TEST_STEP][PASSED] - Expected_SAS_Selected = "SAS S38: Add Phase 3.3 / Skip Phase 1.2": null

2022-06-24 00:09:49 - [TEST_STEP][PASSED] - xpath_SAS = "//*[@id="source_" + refID30 + ""]/td[14]/div[1]/div/a[" + i + "]": null

2022-06-24 00:09:49 - [TEST_STEP][PASSED] - Actual_SAS = getText(findTestObject("1. Constant/xpath", ["xpath":xpath_SAS])): Text of object 'Object Repository/1. Constant/xpath' is: 'SAS S38: Add Phase 3.3 / Skip Phase 1.2'

2022-06-24 00:09:49 - [MESSAGE][PASSED] - Text of object 'Object Repository/1. Constant/xpath' is: 'SAS S38: Add Phase 3.3 / Skip Phase 1.2'

2022-06-24 00:09:49 - [TEST_STEP][PASSED] - if (Actual_SAS.contains(Expected_SAS_Selected)): null

2022-06-24 00:09:49 - [TEST_STEP][PASSED] - I.click_button_javascriptS(xpath_SAS): Execute JavaScript 'arguments[0].click()' successfully

2022-06-24 00:09:49 - [MESSAGE][PASSED] - Execute JavaScript 'arguments[0].click()' successfully

2022-06-24 00:09:49 - [TEST_STEP][PASSED] - break: null

2022-06-24 00:09:49 - [TEST_STEP][PASSED] - takeScreenshot(): Taking screenshot successfully

2022-06-24 00:09:50 - [MESSAGE][PASSED] - Taking screenshot successfully
[[ATTACHMENT|D:\\Projet Test Auto\\Mediabox Test Automation\\Reports\\20220623_184212\\03. Parallel Testing (Testing)\\TS -PT PART 3\\14.05 Dreyers Support Action (Ongoing _ Completed ref) - PART 5\\20220623_184240\\1656022189872.png]]

2022-06-24 00:09:50 - [TEST_STEP][PASSED] - click(findTestObject("1. Constant/xpath", ["xpath":"//*[@id="confirmSupportActionShortcut"]"])): Object: 'Object Repository/1. Constant/xpath' is clicked on

2022-06-24 00:09:52 - [MESSAGE][PASSED] - Object: 'Object Repository/1. Constant/xpath' is clicked on

2022-06-24 00:09:52 - [TEST_STEP][PASSED] - takeScreenshot(): Taking screenshot successfully

2022-06-24 00:09:53 - [MESSAGE][PASSED] - Taking screenshot successfully
[[ATTACHMENT|D:\\Projet Test Auto\\Mediabox Test Automation\\Reports\\20220623_184212\\03. Parallel Testing (Testing)\\TS -PT PART 3\\14.05 Dreyers Support Action (Ongoing _ Completed ref) - PART 5\\20220623_184240\\1656022192829.png]]

2022-06-24 00:09:53 - [TEST_STEP][PASSED] - click(findTestObject("1. Constant/xpath", ["xpath":"//*[@id="kt_content"]/div[3]/div/ul/li[3]/a"])): Object: 'Object Repository/1. Constant/xpath' is clicked on

2022-06-24 00:09:54 - [MESSAGE][PASSED] - Object: 'Object Repository/1. Constant/xpath' is clicked on

2022-06-24 00:09:54 - [TEST_STEP][PASSED] - takeScreenshot(): Taking screenshot successfully

2022-06-24 00:09:54 - [MESSAGE][PASSED] - Taking screenshot successfully
[[ATTACHMENT|D:\\Projet Test Auto\\Mediabox Test Automation\\Reports\\20220623_184212\\03. Parallel Testing (Testing)\\TS -PT PART 3\\14.05 Dreyers Support Action (Ongoing _ Completed ref) - PART 5\\20220623_184240\\1656022194627.png]]

2022-06-24 00:09:54 - [TEST_STEP][PASSED] - StepA_1 = getAttribute(findTestObject("1. Constant/xpath", ["xpath":"/html/body/div[1]/div[2]/div[8]/div[3]/div/div[3]/div[3]/div/ul/li[1]/a"]), "class"): Attribute 'class' of object 'Object Repository/1. Constant/xpath' is: 'nav-link timeline-badge badge-xl  bg-pending active'

2022-06-24 00:09:55 - [MESSAGE][PASSED] - Attribute 'class' of object 'Object Repository/1. Constant/xpath' is: 'nav-link timeline-badge badge-xl  bg-pending active'

2022-06-24 00:09:55 - [TEST_STEP][PASSED] - verifyMatch(StepA_1, "nav-link timeline-badge badge-xl  bg-pending active", false): Actual text 'nav-link timeline-badge badge-xl  bg-pending active' and expected text 'nav-link timeline-badge badge-xl  bg-pending active' are matched 

2022-06-24 00:09:55 - [MESSAGE][PASSED] - Actual text 'nav-link timeline-badge badge-xl  bg-pending active' and expected text 'nav-link timeline-badge badge-xl  bg-pending active' are matched 

2022-06-24 00:09:55 - [TEST_STEP][PASSED] - StepA_11 = I.Get_Stepname("/html/body/div[1]/div[2]/div[8]/div[3]/div/div[3]/div[3]/div/ul/li[1]/a"): Attribute 'href' of object 'Object Repository/1. Constant/xpath' is: 'http://mdb-release.diadeis.lan/MediaboxIndependence/Base/ExecAction?action=VoirRef&IDSession=MBI!RELTESTAUTO_DREYERS!NB0Z37FIRY8JGZWK1L1387PZKDHU49552LX8DJTG&num=ADRQGRCS3A&id_ref=5339#tab_lifecycle_SASStepA_12388'

2022-06-24 00:10:00 - [MESSAGE][PASSED] - Delayed 5 second(s)

2022-06-24 00:10:00 - [MESSAGE][PASSED] - Attribute 'href' of object 'Object Repository/1. Constant/xpath' is: 'http://mdb-release.diadeis.lan/MediaboxIndependence/Base/ExecAction?action=VoirRef&IDSession=MBI!RELTESTAUTO_DREYERS!NB0Z37FIRY8JGZWK1L1387PZKDHU49552LX8DJTG&num=ADRQGRCS3A&id_ref=5339#tab_lifecycle_SASStepA_12388'

2022-06-24 00:10:00 - [TEST_STEP][PASSED] - verifyMatch(StepA_11, "SASStepA", false): Actual text 'SASStepA' and expected text 'SASStepA' are matched 

2022-06-24 00:10:00 - [MESSAGE][PASSED] - Actual text 'SASStepA' and expected text 'SASStepA' are matched 

2022-06-24 00:10:00 - [TEST_STEP][PASSED] - StepAP2_11 = getAttribute(findTestObject("1. Constant/xpath", ["xpath":"/html/body/div[1]/div[2]/div[8]/div[3]/div/div[3]/div[3]/div/div/div[1]/div/div[1]/span"]), "class"): Attribute 'class' of object 'Object Repository/1. Constant/xpath' is: 'timeline-badge badge-md bg-complete '

2022-06-24 00:10:00 - [MESSAGE][PASSED] - Attribute 'class' of object 'Object Repository/1. Constant/xpath' is: 'timeline-badge badge-md bg-complete '

2022-06-24 00:10:00 - [TEST_STEP][PASSED] - verifyMatch(StepAP2_11, "timeline-badge badge-md bg-complete ", false): Actual text 'timeline-badge badge-md bg-complete ' and expected text 'timeline-badge badge-md bg-complete ' are matched 

2022-06-24 00:10:00 - [MESSAGE][PASSED] - Actual text 'timeline-badge badge-md bg-complete ' and expected text 'timeline-badge badge-md bg-complete ' are matched 

2022-06-24 00:10:00 - [TEST_STEP][PASSED] - Name_StepA2_11 = getText(findTestObject("1. Constant/xpath", ["xpath":"/html/body/div[1]/div[2]/div[8]/div[3]/div/div[3]/div[3]/div/div/div[1]/div/div[1]/div/div[1]/div[1]/h3"])): Text of object 'Object Repository/1. Constant/xpath' is: 'Phase 1.1 [Standard]'

2022-06-24 00:10:00 - [MESSAGE][PASSED] - Text of object 'Object Repository/1. Constant/xpath' is: 'Phase 1.1 [Standard]'

2022-06-24 00:10:00 - [TEST_STEP][PASSED] - verifyMatch(Name_StepA2_11, "Phase 1.1 [Standard]", false): Actual text 'Phase 1.1 [Standard]' and expected text 'Phase 1.1 [Standard]' are matched 

2022-06-24 00:10:00 - [MESSAGE][PASSED] - Actual text 'Phase 1.1 [Standard]' and expected text 'Phase 1.1 [Standard]' are matched 

2022-06-24 00:10:00 - [TEST_STEP][PASSED] - StepA2_12 = getAttribute(findTestObject("1. Constant/xpath", ["xpath":"/html/body/div[1]/div[2]/div[8]/div[3]/div/div[3]/div[3]/div/div/div[1]/div/div[2]/span"]), "class"): Attribute 'class' of object 'Object Repository/1. Constant/xpath' is: 'timeline-badge badge-md bg-pending timeline-vertical-after-xl'

2022-06-24 00:10:00 - [MESSAGE][PASSED] - Attribute 'class' of object 'Object Repository/1. Constant/xpath' is: 'timeline-badge badge-md bg-pending timeline-vertical-after-xl'

2022-06-24 00:10:00 - [TEST_STEP][PASSED] - verifyMatch(StepA2_12, "timeline-badge badge-md bg-pending timeline-vertical-after-xl", false): Actual text 'timeline-badge badge-md bg-pending timeline-vertical-after-xl' and expected text 'timeline-badge badge-md bg-pending timeline-vertical-after-xl' are matched 

2022-06-24 00:10:00 - [MESSAGE][PASSED] - Actual text 'timeline-badge badge-md bg-pending timeline-vertical-after-xl' and expected text 'timeline-badge badge-md bg-pending timeline-vertical-after-xl' are matched 

2022-06-24 00:10:00 - [TEST_STEP][PASSED] - Name_StepA2_12 = getText(findTestObject("1. Constant/xpath", ["xpath":"/html/body/div[1]/div[2]/div[8]/div[3]/div/div[3]/div[3]/div/div/div[1]/div/div[2]/div/div[1]/div[1]/h3"])): Text of object 'Object Repository/1. Constant/xpath' is: 'Phase 1.2 [Standard Phase]'

2022-06-24 00:10:01 - [MESSAGE][PASSED] - Text of object 'Object Repository/1. Constant/xpath' is: 'Phase 1.2 [Standard Phase]'

2022-06-24 00:10:01 - [TEST_STEP][PASSED] - verifyMatch(Name_StepA2_12, "Phase 1.2 [Standard Phase]", false): Actual text 'Phase 1.2 [Standard Phase]' and expected text 'Phase 1.2 [Standard Phase]' are matched 

2022-06-24 00:10:01 - [MESSAGE][PASSED] - Actual text 'Phase 1.2 [Standard Phase]' and expected text 'Phase 1.2 [Standard Phase]' are matched 

2022-06-24 00:10:01 - [TEST_STEP][PASSED] - Started_StepA2_11 = getText(findTestObject("1. Constant/xpath", ["xpath":"/html/body/div[1]/div[2]/div[8]/div[3]/div/div[3]/div[3]/div/div/div[1]/div/div[2]/div/div[2]/div[1]"])): Text of object 'Object Repository/1. Constant/xpath' is: 'Started 06/23/22 06:09 PM'

2022-06-24 00:10:01 - [MESSAGE][PASSED] - Text of object 'Object Repository/1. Constant/xpath' is: 'Started 06/23/22 06:09 PM'

2022-06-24 00:10:01 - [TEST_STEP][PASSED] - if (Started_StepA2_11.contains("Started")): Actual object '1' and expected object '1' are equal

2022-06-24 00:10:01 - [TEST_STEP][PASSED] - verifyEqual(1, 1): Actual object '1' and expected object '1' are equal

2022-06-24 00:10:01 - [MESSAGE][PASSED] - Actual object '1' and expected object '1' are equal

2022-06-24 00:10:01 - [TEST_STEP][PASSED] - StepC_2 = getAttribute(findTestObject("1. Constant/xpath", ["xpath":"/html/body/div[1]/div[2]/div[8]/div[3]/div/div[3]/div[3]/div/ul/li[2]/a"]), "class"): Attribute 'class' of object 'Object Repository/1. Constant/xpath' is: 'nav-link timeline-badge badge-xl  bg-waiting '

2022-06-24 00:10:01 - [MESSAGE][PASSED] - Attribute 'class' of object 'Object Repository/1. Constant/xpath' is: 'nav-link timeline-badge badge-xl  bg-waiting '

2022-06-24 00:10:01 - [TEST_STEP][PASSED] - verifyMatch(StepC_2, "nav-link timeline-badge badge-xl  bg-waiting ", false): Actual text 'nav-link timeline-badge badge-xl  bg-waiting ' and expected text 'nav-link timeline-badge badge-xl  bg-waiting ' are matched 

2022-06-24 00:10:01 - [MESSAGE][PASSED] - Actual text 'nav-link timeline-badge badge-xl  bg-waiting ' and expected text 'nav-link timeline-badge badge-xl  bg-waiting ' are matched 

2022-06-24 00:10:01 - [TEST_STEP][PASSED] - StepC_21 = I.Get_Stepname("/html/body/div[1]/div[2]/div[8]/div[3]/div/div[3]/div[3]/div/ul/li[2]/a"): Attribute 'href' of object 'Object Repository/1. Constant/xpath' is: 'http://mdb-release.diadeis.lan/MediaboxIndependence/Base/ExecAction?action=VoirRef&IDSession=MBI!RELTESTAUTO_DREYERS!NB0Z37FIRY8JGZWK1L1387PZKDHU49552LX8DJTG&num=ADRQGRCS3A&id_ref=5339#tab_lifecycle_SASStepC_12391'

2022-06-24 00:10:06 - [MESSAGE][PASSED] - Delayed 5 second(s)

2022-06-24 00:10:06 - [MESSAGE][PASSED] - Attribute 'href' of object 'Object Repository/1. Constant/xpath' is: 'http://mdb-release.diadeis.lan/MediaboxIndependence/Base/ExecAction?action=VoirRef&IDSession=MBI!RELTESTAUTO_DREYERS!NB0Z37FIRY8JGZWK1L1387PZKDHU49552LX8DJTG&num=ADRQGRCS3A&id_ref=5339#tab_lifecycle_SASStepC_12391'

2022-06-24 00:10:06 - [TEST_STEP][PASSED] - verifyMatch(StepC_21, "SASStepC", false): Actual text 'SASStepC' and expected text 'SASStepC' are matched 

2022-06-24 00:10:06 - [MESSAGE][PASSED] - Actual text 'SASStepC' and expected text 'SASStepC' are matched 

2022-06-24 00:10:06 - [TEST_STEP][PASSED] - StepB_3 = getAttribute(findTestObject("1. Constant/xpath", ["xpath":"/html/body/div[1]/div[2]/div[8]/div[3]/div/div[3]/div[3]/div/ul/li[3]/a"]), "class"): Attribute 'class' of object 'Object Repository/1. Constant/xpath' is: 'nav-link timeline-badge badge-xl  bg-waiting '

2022-06-24 00:10:06 - [MESSAGE][PASSED] - Attribute 'class' of object 'Object Repository/1. Constant/xpath' is: 'nav-link timeline-badge badge-xl  bg-waiting '

2022-06-24 00:10:06 - [TEST_STEP][PASSED] - verifyMatch(StepB_3, "nav-link timeline-badge badge-xl  bg-waiting ", false): Actual text 'nav-link timeline-badge badge-xl  bg-waiting ' and expected text 'nav-link timeline-badge badge-xl  bg-waiting ' are matched 

2022-06-24 00:10:06 - [MESSAGE][PASSED] - Actual text 'nav-link timeline-badge badge-xl  bg-waiting ' and expected text 'nav-link timeline-badge badge-xl  bg-waiting ' are matched 

2022-06-24 00:10:06 - [TEST_STEP][PASSED] - StepB_31 = I.Get_Stepname("/html/body/div[1]/div[2]/div[8]/div[3]/div/div[3]/div[3]/div/ul/li[3]/a"): Attribute 'href' of object 'Object Repository/1. Constant/xpath' is: 'http://mdb-release.diadeis.lan/MediaboxIndependence/Base/ExecAction?action=VoirRef&IDSession=MBI!RELTESTAUTO_DREYERS!NB0Z37FIRY8JGZWK1L1387PZKDHU49552LX8DJTG&num=ADRQGRCS3A&id_ref=5339#tab_lifecycle_SASStepB_12389'

2022-06-24 00:10:11 - [MESSAGE][PASSED] - Delayed 5 second(s)

2022-06-24 00:10:11 - [MESSAGE][PASSED] - Attribute 'href' of object 'Object Repository/1. Constant/xpath' is: 'http://mdb-release.diadeis.lan/MediaboxIndependence/Base/ExecAction?action=VoirRef&IDSession=MBI!RELTESTAUTO_DREYERS!NB0Z37FIRY8JGZWK1L1387PZKDHU49552LX8DJTG&num=ADRQGRCS3A&id_ref=5339#tab_lifecycle_SASStepB_12389'

2022-06-24 00:10:11 - [TEST_STEP][PASSED] - verifyMatch(StepB_31, "SASStepB", false): Actual text 'SASStepB' and expected text 'SASStepB' are matched 

2022-06-24 00:10:11 - [MESSAGE][PASSED] - Actual text 'SASStepB' and expected text 'SASStepB' are matched 

2022-06-24 00:10:11 - [TEST_STEP][PASSED] - I.Logout(): Delayed 3 second(s)

2022-06-24 00:10:14 - [MESSAGE][PASSED] - Delayed 3 second(s)

2022-06-24 00:10:15 - [MESSAGE][PASSED] - Object: 'Object Repository/1. Constant/xpath' is clicked on

2022-06-24 00:10:18 - [MESSAGE][PASSED] - Delayed 3 second(s)

2022-06-24 00:10:19 - [MESSAGE][PASSED] - Object: 'Object Repository/1. Constant/xpath' is clicked on

2022-06-24 00:10:22 - [MESSAGE][PASSED] - Delayed 3 second(s)

2022-06-24 00:10:22 - [TEST_STEP][PASSED] - I.Login_password("nturner", password_nturner): Object: 'Object Repository/1. Constant/xpath' is clicked on

2022-06-24 00:10:22 - [MESSAGE][PASSED] - Text 'nturner' is set on object 'Object Repository/1. Constant/xpath'

2022-06-24 00:10:23 - [MESSAGE][PASSED] - Delayed 1 second(s)

2022-06-24 00:10:24 - [MESSAGE][PASSED] - Text 'diadeis1' is set on object 'Object Repository/1. Constant/xpath'

2022-06-24 00:10:25 - [MESSAGE][PASSED] - Delayed 1 second(s)

2022-06-24 00:10:28 - [MESSAGE][PASSED] - Object: 'Object Repository/1. Constant/xpath' is clicked on

2022-06-24 00:10:28 - [TEST_STEP][PASSED] - click(findTestObject("1. Constant/02_LHSMenu_Projects")): Object: 'Object Repository/1. Constant/02_LHSMenu_Projects' is clicked on

2022-06-24 00:10:31 - [MESSAGE][PASSED] - Object: 'Object Repository/1. Constant/02_LHSMenu_Projects' is clicked on

2022-06-24 00:10:31 - [TEST_STEP][PASSED] - I.SearchProjectNo_xpath(Project_No, "//*[@id="keynum_project"]", "//*[@id="form_filters"]/div[4]/button"): Delayed 5 second(s)

2022-06-24 00:10:32 - [MESSAGE][PASSED] - Delayed 1 second(s)

2022-06-24 00:10:32 - [MESSAGE][PASSED] - Text 'MI000883' is set on object 'Object Repository/1. Constant/xpath'

2022-06-24 00:10:35 - [MESSAGE][PASSED] - Delayed 3 second(s)

2022-06-24 00:10:35 - [MESSAGE][PASSED] - Scroll to object 'Object Repository/1. Constant/xpath' successfully

2022-06-24 00:10:42 - [MESSAGE][PASSED] - Object: 'Object Repository/1. Constant/xpath' is clicked on

2022-06-24 00:10:47 - [MESSAGE][PASSED] - Delayed 5 second(s)

2022-06-24 00:10:47 - [TEST_STEP][PASSED] - takeScreenshot(): Taking screenshot successfully

2022-06-24 00:10:48 - [MESSAGE][PASSED] - Taking screenshot successfully
[[ATTACHMENT|D:\\Projet Test Auto\\Mediabox Test Automation\\Reports\\20220623_184212\\03. Parallel Testing (Testing)\\TS -PT PART 3\\14.05 Dreyers Support Action (Ongoing _ Completed ref) - PART 5\\20220623_184240\\1656022247661.png]]

2022-06-24 00:10:48 - [TEST_STEP][PASSED] - I.SearchRefNo_xpath("P30_Auto", "//*[@id="fiche_filter_keywords11"]", "//*[@id="form_filters"]/div[3]/button"): Delayed 5 second(s)

2022-06-24 00:10:49 - [MESSAGE][PASSED] - Delayed 1 second(s)

2022-06-24 00:10:49 - [MESSAGE][PASSED] - Text 'P30_Auto' is set on object 'Object Repository/1. Constant/xpath'

2022-06-24 00:10:52 - [MESSAGE][PASSED] - Delayed 3 second(s)

2022-06-24 00:10:53 - [MESSAGE][PASSED] - Scroll to object 'Object Repository/1. Constant/xpath' successfully

2022-06-24 00:10:55 - [MESSAGE][PASSED] - Object: 'Object Repository/1. Constant/xpath' is clicked on

2022-06-24 00:11:00 - [MESSAGE][PASSED] - Delayed 5 second(s)

2022-06-24 00:11:00 - [TEST_STEP][PASSED] - delay(1): Delayed 1 second(s)

2022-06-24 00:11:01 - [MESSAGE][PASSED] - Delayed 1 second(s)

2022-06-24 00:11:01 - [TEST_STEP][PASSED] - takeScreenshot(): Taking screenshot successfully

2022-06-24 00:11:01 - [MESSAGE][PASSED] - Taking screenshot successfully
[[ATTACHMENT|D:\\Projet Test Auto\\Mediabox Test Automation\\Reports\\20220623_184212\\03. Parallel Testing (Testing)\\TS -PT PART 3\\14.05 Dreyers Support Action (Ongoing _ Completed ref) - PART 5\\20220623_184240\\1656022261690.png]]

2022-06-24 00:11:01 - [TEST_STEP][PASSED] - Lifecycle_Status1 = getText(findTestObject("1. Constant/xpath", ["xpath":"//*[@id="source_" + refID30 + ""]/td[12]/span[1]"])): Text of object 'Object Repository/1. Constant/xpath' is: 'Phase 1.2 [Standard Phase]'

2022-06-24 00:11:02 - [MESSAGE][PASSED] - Text of object 'Object Repository/1. Constant/xpath' is: 'Phase 1.2 [Standard Phase]'

2022-06-24 00:11:02 - [TEST_STEP][PASSED] - verifyMatch(Lifecycle_Status1, "Phase 1.2 [Standard Phase]", false): Actual text 'Phase 1.2 [Standard Phase]' and expected text 'Phase 1.2 [Standard Phase]' are matched 

2022-06-24 00:11:02 - [MESSAGE][PASSED] - Actual text 'Phase 1.2 [Standard Phase]' and expected text 'Phase 1.2 [Standard Phase]' are matched 

2022-06-24 00:11:02 - [TEST_STEP][PASSED] - click(findTestObject("1. Constant/xpath", ["xpath":"//*[@id="source_" + refID30 + ""]/td[13]/a[2]"])): Object: 'Object Repository/1. Constant/xpath' is clicked on

2022-06-24 00:11:03 - [MESSAGE][PASSED] - Object: 'Object Repository/1. Constant/xpath' is clicked on

2022-06-24 00:11:03 - [TEST_STEP][PASSED] - click(findTestObject("1. Constant/xpath", ["xpath":"//*[@id="ModifFiche"]/div[1]/div/button[2]"])): Object: 'Object Repository/1. Constant/xpath' is clicked on

2022-06-24 00:11:06 - [MESSAGE][PASSED] - Object: 'Object Repository/1. Constant/xpath' is clicked on

2022-06-24 00:11:06 - [TEST_STEP][PASSED] - Lifecycle_Status2 = getText(findTestObject("1. Constant/xpath", ["xpath":"//*[@id="source_" + refID30 + ""]/td[12]/span[1]"])): Text of object 'Object Repository/1. Constant/xpath' is: 'Phase 3.3 [Standard]'

2022-06-24 00:11:06 - [MESSAGE][PASSED] - Text of object 'Object Repository/1. Constant/xpath' is: 'Phase 3.3 [Standard]'

2022-06-24 00:11:06 - [TEST_STEP][PASSED] - verifyMatch(Lifecycle_Status2, "Phase 3.3 [Standard]", false): Actual text 'Phase 3.3 [Standard]' and expected text 'Phase 3.3 [Standard]' are matched 

2022-06-24 00:11:06 - [MESSAGE][PASSED] - Actual text 'Phase 3.3 [Standard]' and expected text 'Phase 3.3 [Standard]' are matched 

2022-06-24 00:11:06 - [TEST_STEP][PASSED] - I.Logout(): Delayed 3 second(s)

2022-06-24 00:11:09 - [MESSAGE][PASSED] - Delayed 3 second(s)

2022-06-24 00:11:11 - [MESSAGE][PASSED] - Object: 'Object Repository/1. Constant/xpath' is clicked on

2022-06-24 00:11:14 - [MESSAGE][PASSED] - Delayed 3 second(s)

2022-06-24 00:11:15 - [MESSAGE][PASSED] - Object: 'Object Repository/1. Constant/xpath' is clicked on

2022-06-24 00:11:18 - [MESSAGE][PASSED] - Delayed 3 second(s)

2022-06-24 00:11:18 - [TEST_STEP][PASSED] - I.Login_password("jryan", password_jryan): Object: 'Object Repository/1. Constant/xpath' is clicked on

2022-06-24 00:11:19 - [MESSAGE][PASSED] - Text 'jryan' is set on object 'Object Repository/1. Constant/xpath'

2022-06-24 00:11:20 - [MESSAGE][PASSED] - Delayed 1 second(s)

2022-06-24 00:11:20 - [MESSAGE][PASSED] - Text 'diadeis' is set on object 'Object Repository/1. Constant/xpath'

2022-06-24 00:11:21 - [MESSAGE][PASSED] - Delayed 1 second(s)

2022-06-24 00:11:24 - [MESSAGE][PASSED] - Object: 'Object Repository/1. Constant/xpath' is clicked on

2022-06-24 00:11:24 - [TEST_STEP][PASSED] - click(findTestObject("1. Constant/02_LHSMenu_Projects")): Object: 'Object Repository/1. Constant/02_LHSMenu_Projects' is clicked on

2022-06-24 00:11:25 - [MESSAGE][PASSED] - Object: 'Object Repository/1. Constant/02_LHSMenu_Projects' is clicked on

2022-06-24 00:11:25 - [TEST_STEP][PASSED] - I.SearchProjectNo_xpath(Project_No, "//*[@id="keynum_project"]", "//*[@id="form_filters"]/div[4]/button"): Delayed 5 second(s)

2022-06-24 00:11:26 - [MESSAGE][PASSED] - Delayed 1 second(s)

2022-06-24 00:11:27 - [MESSAGE][PASSED] - Text 'MI000883' is set on object 'Object Repository/1. Constant/xpath'

2022-06-24 00:11:30 - [MESSAGE][PASSED] - Delayed 3 second(s)

2022-06-24 00:11:30 - [MESSAGE][PASSED] - Scroll to object 'Object Repository/1. Constant/xpath' successfully

2022-06-24 00:11:33 - [MESSAGE][PASSED] - Object: 'Object Repository/1. Constant/xpath' is clicked on

2022-06-24 00:11:38 - [MESSAGE][PASSED] - Delayed 5 second(s)

2022-06-24 00:11:38 - [TEST_STEP][PASSED] - takeScreenshot(): Taking screenshot successfully

2022-06-24 00:11:38 - [MESSAGE][PASSED] - Taking screenshot successfully
[[ATTACHMENT|D:\\Projet Test Auto\\Mediabox Test Automation\\Reports\\20220623_184212\\03. Parallel Testing (Testing)\\TS -PT PART 3\\14.05 Dreyers Support Action (Ongoing _ Completed ref) - PART 5\\20220623_184240\\1656022298288.png]]

2022-06-24 00:11:38 - [TEST_STEP][PASSED] - I.SearchRefNo_xpath("P30_Auto", "//*[@id="fiche_filter_keywords11"]", "//*[@id="form_filters"]/div[3]/button"): Delayed 5 second(s)

2022-06-24 00:11:39 - [MESSAGE][PASSED] - Delayed 1 second(s)

2022-06-24 00:11:39 - [MESSAGE][PASSED] - Text 'P30_Auto' is set on object 'Object Repository/1. Constant/xpath'

2022-06-24 00:11:42 - [MESSAGE][PASSED] - Delayed 3 second(s)

2022-06-24 00:11:43 - [MESSAGE][PASSED] - Scroll to object 'Object Repository/1. Constant/xpath' successfully

2022-06-24 00:11:44 - [MESSAGE][PASSED] - Object: 'Object Repository/1. Constant/xpath' is clicked on

2022-06-24 00:11:49 - [MESSAGE][PASSED] - Delayed 5 second(s)

2022-06-24 00:11:49 - [TEST_STEP][PASSED] - takeScreenshot(): Taking screenshot successfully

2022-06-24 00:11:50 - [MESSAGE][PASSED] - Taking screenshot successfully
[[ATTACHMENT|D:\\Projet Test Auto\\Mediabox Test Automation\\Reports\\20220623_184212\\03. Parallel Testing (Testing)\\TS -PT PART 3\\14.05 Dreyers Support Action (Ongoing _ Completed ref) - PART 5\\20220623_184240\\1656022309920.png]]

2022-06-24 00:11:50 - [TEST_STEP][PASSED] - click(findTestObject("1. Constant/xpath", ["xpath":"//*[@id="source_" + refID30 + ""]/td[14]/a[2]"])): Object: 'Object Repository/1. Constant/xpath' is clicked on

2022-06-24 00:11:52 - [MESSAGE][PASSED] - Object: 'Object Repository/1. Constant/xpath' is clicked on

2022-06-24 00:11:52 - [TEST_STEP][PASSED] - click(findTestObject("1. Constant/xpath", ["xpath":"//*[@id="ModifFiche"]/div[1]/div/button[2]"])): Object: 'Object Repository/1. Constant/xpath' is clicked on

2022-06-24 00:11:56 - [MESSAGE][PASSED] - Object: 'Object Repository/1. Constant/xpath' is clicked on

2022-06-24 00:11:56 - [TEST_STEP][PASSED] - Lifecycle_Status3 = getText(findTestObject("1. Constant/xpath", ["xpath":"//*[@id="source_" + refID30 + ""]/td[12]/span[1]"])): Text of object 'Object Repository/1. Constant/xpath' is: 'Phase 2.1 [Production]'

2022-06-24 00:11:56 - [MESSAGE][PASSED] - Text of object 'Object Repository/1. Constant/xpath' is: 'Phase 2.1 [Production]'

2022-06-24 00:11:56 - [TEST_STEP][PASSED] - verifyMatch(Lifecycle_Status3, "Phase 2.1 [Production]", false): Actual text 'Phase 2.1 [Production]' and expected text 'Phase 2.1 [Production]' are matched 

2022-06-24 00:11:56 - [MESSAGE][PASSED] - Actual text 'Phase 2.1 [Production]' and expected text 'Phase 2.1 [Production]' are matched 

2022-06-24 00:11:56 - [TEST_STEP][PASSED] - closeBrowser(): Browser is closed

2022-06-24 00:12:06 - [MESSAGE][PASSED] - Browser is closed

2022-06-24 00:12:06 - [TEST_STEP][PASSED] - Start listener action : sampleAfterTestCase: null]]></system-out>
         <system-err><![CDATA[]]></system-err>
      </testcase>
      <system-out><![CDATA[2022-06-23 23:36:13 - [TEST_SUITE][PASSED] - 14.05 Dreyers Support Action (Ongoing _ Completed ref) - PART 5: Test Cases/19. Dreyers Support Action (Ongoing ref_completed)/19.30 Dreyers SAS Add Phase (Ongoing ref) S38 - P30]]></system-out>
      <system-err><![CDATA[]]></system-err>
   </testsuite>
</testsuites>
