<?xml version="1.0" encoding="UTF-8"?>
<testsuites name="06. NPP Partial Submission Mass Submit" time="2360.204" tests="4" failures="0" errors="0">
   <testsuite name="06. NPP Partial Submission Mass Submit" tests="4" failures="0" errors="0" time="2360.204" skipped="0" timestamp="2022-06-23 19:30:48" hostname="lamhe - DPF-MBI-VERIF.ad.sgsco.int" id="Test Suites/03. Parallel Testing (Testing)/TS -PT PART 3/06. NPP Partial Submission Mass Submit">
      <properties>
         <property name="deviceName" value=""/>
         <property name="devicePlatform" value=""/>
         <property name="logFolder" value="D:\\Projet Test Auto\\Mediabox Test Automation\\Reports\\20220623_184212\\03. Parallel Testing (Testing)\\TS -PT PART 3\\06. NPP Partial Submission Mass Submit\\20220623_184219"/>
         <property name="logFiles" value="D:\\Projet Test Auto\\Mediabox Test Automation\\Reports\\20220623_184212\\03. Parallel Testing (Testing)\\TS -PT PART 3\\06. NPP Partial Submission Mass Submit\\20220623_184219\\execution0.log"/>
         <property name="attachments" value="D:\\Projet Test Auto\\Mediabox Test Automation\\Reports\\20220623_184212\\03. Parallel Testing (Testing)\\TS -PT PART 3\\06. NPP Partial Submission Mass Submit\\20220623_184219\\1656005480662.png, D:\\Projet Test Auto\\Mediabox Test Automation\\Reports\\20220623_184212\\03. Parallel Testing (Testing)\\TS -PT PART 3\\06. NPP Partial Submission Mass Submit\\20220623_184219\\1656005536546.png, D:\\Projet Test Auto\\Mediabox Test Automation\\Reports\\20220623_184212\\03. Parallel Testing (Testing)\\TS -PT PART 3\\06. NPP Partial Submission Mass Submit\\20220623_184219\\1656005711735.png, D:\\Projet Test Auto\\Mediabox Test Automation\\Reports\\20220623_184212\\03. Parallel Testing (Testing)\\TS -PT PART 3\\06. NPP Partial Submission Mass Submit\\20220623_184219\\1656005737303.png, D:\\Projet Test Auto\\Mediabox Test Automation\\Reports\\20220623_184212\\03. Parallel Testing (Testing)\\TS -PT PART 3\\06. NPP Partial Submission Mass Submit\\20220623_184219\\1656005759346.png, D:\\Projet Test Auto\\Mediabox Test Automation\\Reports\\20220623_184212\\03. Parallel Testing (Testing)\\TS -PT PART 3\\06. NPP Partial Submission Mass Submit\\20220623_184219\\1656005779252.png, D:\\Projet Test Auto\\Mediabox Test Automation\\Reports\\20220623_184212\\03. Parallel Testing (Testing)\\TS -PT PART 3\\06. NPP Partial Submission Mass Submit\\20220623_184219\\1656005816654.png, D:\\Projet Test Auto\\Mediabox Test Automation\\Reports\\20220623_184212\\03. Parallel Testing (Testing)\\TS -PT PART 3\\06. NPP Partial Submission Mass Submit\\20220623_184219\\1656005848988.png, D:\\Projet Test Auto\\Mediabox Test Automation\\Reports\\20220623_184212\\03. Parallel Testing (Testing)\\TS -PT PART 3\\06. NPP Partial Submission Mass Submit\\20220623_184219\\1656005890113.png, D:\\Projet Test Auto\\Mediabox Test Automation\\Reports\\20220623_184212\\03. Parallel Testing (Testing)\\TS -PT PART 3\\06. NPP Partial Submission Mass Submit\\20220623_184219\\1656005920441.png, D:\\Projet Test Auto\\Mediabox Test Automation\\Reports\\20220623_184212\\03. Parallel Testing (Testing)\\TS -PT PART 3\\06. NPP Partial Submission Mass Submit\\20220623_184219\\1656005944146.png, D:\\Projet Test Auto\\Mediabox Test Automation\\Reports\\20220623_184212\\03. Parallel Testing (Testing)\\TS -PT PART 3\\06. NPP Partial Submission Mass Submit\\20220623_184219\\1656005968681.png, D:\\Projet Test Auto\\Mediabox Test Automation\\Reports\\20220623_184212\\03. Parallel Testing (Testing)\\TS -PT PART 3\\06. NPP Partial Submission Mass Submit\\20220623_184219\\1656005996376.png, D:\\Projet Test Auto\\Mediabox Test Automation\\Reports\\20220623_184212\\03. Parallel Testing (Testing)\\TS -PT PART 3\\06. NPP Partial Submission Mass Submit\\20220623_184219\\1656006041833.png, D:\\Projet Test Auto\\Mediabox Test Automation\\Reports\\20220623_184212\\03. Parallel Testing (Testing)\\TS -PT PART 3\\06. NPP Partial Submission Mass Submit\\20220623_184219\\1656006081522.png, D:\\Projet Test Auto\\Mediabox Test Automation\\Reports\\20220623_184212\\03. Parallel Testing (Testing)\\TS -PT PART 3\\06. NPP Partial Submission Mass Submit\\20220623_184219\\1656006120239.png, D:\\Projet Test Auto\\Mediabox Test Automation\\Reports\\20220623_184212\\03. Parallel Testing (Testing)\\TS -PT PART 3\\06. NPP Partial Submission Mass Submit\\20220623_184219\\1656006141704.png, D:\\Projet Test Auto\\Mediabox Test Automation\\Reports\\20220623_184212\\03. Parallel Testing (Testing)\\TS -PT PART 3\\06. NPP Partial Submission Mass Submit\\20220623_184219\\1656006171472.png, D:\\Projet Test Auto\\Mediabox Test Automation\\Reports\\20220623_184212\\03. Parallel Testing (Testing)\\TS -PT PART 3\\06. NPP Partial Submission Mass Submit\\20220623_184219\\1656006195992.png, D:\\Projet Test Auto\\Mediabox Test Automation\\Reports\\20220623_184212\\03. Parallel Testing (Testing)\\TS -PT PART 3\\06. NPP Partial Submission Mass Submit\\20220623_184219\\1656006233419.png, D:\\Projet Test Auto\\Mediabox Test Automation\\Reports\\20220623_184212\\03. Parallel Testing (Testing)\\TS -PT PART 3\\06. NPP Partial Submission Mass Submit\\20220623_184219\\1656006257563.png, D:\\Projet Test Auto\\Mediabox Test Automation\\Reports\\20220623_184212\\03. Parallel Testing (Testing)\\TS -PT PART 3\\06. NPP Partial Submission Mass Submit\\20220623_184219\\1656006272238.png, D:\\Projet Test Auto\\Mediabox Test Automation\\Reports\\20220623_184212\\03. Parallel Testing (Testing)\\TS -PT PART 3\\06. NPP Partial Submission Mass Submit\\20220623_184219\\1656006335725.png, D:\\Projet Test Auto\\Mediabox Test Automation\\Reports\\20220623_184212\\03. Parallel Testing (Testing)\\TS -PT PART 3\\06. NPP Partial Submission Mass Submit\\20220623_184219\\1656006351987.png, D:\\Projet Test Auto\\Mediabox Test Automation\\Reports\\20220623_184212\\03. Parallel Testing (Testing)\\TS -PT PART 3\\06. NPP Partial Submission Mass Submit\\20220623_184219\\1656006366719.png, D:\\Projet Test Auto\\Mediabox Test Automation\\Reports\\20220623_184212\\03. Parallel Testing (Testing)\\TS -PT PART 3\\06. NPP Partial Submission Mass Submit\\20220623_184219\\1656006420786.png, D:\\Projet Test Auto\\Mediabox Test Automation\\Reports\\20220623_184212\\03. Parallel Testing (Testing)\\TS -PT PART 3\\06. NPP Partial Submission Mass Submit\\20220623_184219\\1656006438694.png, D:\\Projet Test Auto\\Mediabox Test Automation\\Reports\\20220623_184212\\03. Parallel Testing (Testing)\\TS -PT PART 3\\06. NPP Partial Submission Mass Submit\\20220623_184219\\1656006455399.png, D:\\Projet Test Auto\\Mediabox Test Automation\\Reports\\20220623_184212\\03. Parallel Testing (Testing)\\TS -PT PART 3\\06. NPP Partial Submission Mass Submit\\20220623_184219\\1656006466717.png, D:\\Projet Test Auto\\Mediabox Test Automation\\Reports\\20220623_184212\\03. Parallel Testing (Testing)\\TS -PT PART 3\\06. NPP Partial Submission Mass Submit\\20220623_184219\\1656006514123.png, D:\\Projet Test Auto\\Mediabox Test Automation\\Reports\\20220623_184212\\03. Parallel Testing (Testing)\\TS -PT PART 3\\06. NPP Partial Submission Mass Submit\\20220623_184219\\1656006557488.png, D:\\Projet Test Auto\\Mediabox Test Automation\\Reports\\20220623_184212\\03. Parallel Testing (Testing)\\TS -PT PART 3\\06. NPP Partial Submission Mass Submit\\20220623_184219\\1656006749430.png, D:\\Projet Test Auto\\Mediabox Test Automation\\Reports\\20220623_184212\\03. Parallel Testing (Testing)\\TS -PT PART 3\\06. NPP Partial Submission Mass Submit\\20220623_184219\\1656006776530.png, D:\\Projet Test Auto\\Mediabox Test Automation\\Reports\\20220623_184212\\03. Parallel Testing (Testing)\\TS -PT PART 3\\06. NPP Partial Submission Mass Submit\\20220623_184219\\1656006790339.png, D:\\Projet Test Auto\\Mediabox Test Automation\\Reports\\20220623_184212\\03. Parallel Testing (Testing)\\TS -PT PART 3\\06. NPP Partial Submission Mass Submit\\20220623_184219\\1656006801968.png, D:\\Projet Test Auto\\Mediabox Test Automation\\Reports\\20220623_184212\\03. Parallel Testing (Testing)\\TS -PT PART 3\\06. NPP Partial Submission Mass Submit\\20220623_184219\\1656006822222.png, D:\\Projet Test Auto\\Mediabox Test Automation\\Reports\\20220623_184212\\03. Parallel Testing (Testing)\\TS -PT PART 3\\06. NPP Partial Submission Mass Submit\\20220623_184219\\1656006874247.png, D:\\Projet Test Auto\\Mediabox Test Automation\\Reports\\20220623_184212\\03. Parallel Testing (Testing)\\TS -PT PART 3\\06. NPP Partial Submission Mass Submit\\20220623_184219\\1656006907208.png, D:\\Projet Test Auto\\Mediabox Test Automation\\Reports\\20220623_184212\\03. Parallel Testing (Testing)\\TS -PT PART 3\\06. NPP Partial Submission Mass Submit\\20220623_184219\\1656006985369.png, D:\\Projet Test Auto\\Mediabox Test Automation\\Reports\\20220623_184212\\03. Parallel Testing (Testing)\\TS -PT PART 3\\06. NPP Partial Submission Mass Submit\\20220623_184219\\1656007004930.png, D:\\Projet Test Auto\\Mediabox Test Automation\\Reports\\20220623_184212\\03. Parallel Testing (Testing)\\TS -PT PART 3\\06. NPP Partial Submission Mass Submit\\20220623_184219\\1656007065525.png, D:\\Projet Test Auto\\Mediabox Test Automation\\Reports\\20220623_184212\\03. Parallel Testing (Testing)\\TS -PT PART 3\\06. NPP Partial Submission Mass Submit\\20220623_184219\\1656007122989.png, D:\\Projet Test Auto\\Mediabox Test Automation\\Reports\\20220623_184212\\03. Parallel Testing (Testing)\\TS -PT PART 3\\06. NPP Partial Submission Mass Submit\\20220623_184219\\1656007261267.png, D:\\Projet Test Auto\\Mediabox Test Automation\\Reports\\20220623_184212\\03. Parallel Testing (Testing)\\TS -PT PART 3\\06. NPP Partial Submission Mass Submit\\20220623_184219\\1656007271450.png, D:\\Projet Test Auto\\Mediabox Test Automation\\Reports\\20220623_184212\\03. Parallel Testing (Testing)\\TS -PT PART 3\\06. NPP Partial Submission Mass Submit\\20220623_184219\\1656007276071.png, D:\\Projet Test Auto\\Mediabox Test Automation\\Reports\\20220623_184212\\03. Parallel Testing (Testing)\\TS -PT PART 3\\06. NPP Partial Submission Mass Submit\\20220623_184219\\1656007332181.png, D:\\Projet Test Auto\\Mediabox Test Automation\\Reports\\20220623_184212\\03. Parallel Testing (Testing)\\TS -PT PART 3\\06. NPP Partial Submission Mass Submit\\20220623_184219\\1656007340658.png, D:\\Projet Test Auto\\Mediabox Test Automation\\Reports\\20220623_184212\\03. Parallel Testing (Testing)\\TS -PT PART 3\\06. NPP Partial Submission Mass Submit\\20220623_184219\\1656007384040.png, D:\\Projet Test Auto\\Mediabox Test Automation\\Reports\\20220623_184212\\03. Parallel Testing (Testing)\\TS -PT PART 3\\06. NPP Partial Submission Mass Submit\\20220623_184219\\1656007391937.png, D:\\Projet Test Auto\\Mediabox Test Automation\\Reports\\20220623_184212\\03. Parallel Testing (Testing)\\TS -PT PART 3\\06. NPP Partial Submission Mass Submit\\20220623_184219\\1656007440657.png, D:\\Projet Test Auto\\Mediabox Test Automation\\Reports\\20220623_184212\\03. Parallel Testing (Testing)\\TS -PT PART 3\\06. NPP Partial Submission Mass Submit\\20220623_184219\\1656007449411.png, D:\\Projet Test Auto\\Mediabox Test Automation\\Reports\\20220623_184212\\03. Parallel Testing (Testing)\\TS -PT PART 3\\06. NPP Partial Submission Mass Submit\\20220623_184219\\1656007482591.png, D:\\Projet Test Auto\\Mediabox Test Automation\\Reports\\20220623_184212\\03. Parallel Testing (Testing)\\TS -PT PART 3\\06. NPP Partial Submission Mass Submit\\20220623_184219\\1656007543422.png, D:\\Projet Test Auto\\Mediabox Test Automation\\Reports\\20220623_184212\\03. Parallel Testing (Testing)\\TS -PT PART 3\\06. NPP Partial Submission Mass Submit\\20220623_184219\\1656007563130.png, D:\\Projet Test Auto\\Mediabox Test Automation\\Reports\\20220623_184212\\03. Parallel Testing (Testing)\\TS -PT PART 3\\06. NPP Partial Submission Mass Submit\\20220623_184219\\1656007579341.png, D:\\Projet Test Auto\\Mediabox Test Automation\\Reports\\20220623_184212\\03. Parallel Testing (Testing)\\TS -PT PART 3\\06. NPP Partial Submission Mass Submit\\20220623_184219\\1656007591811.png, D:\\Projet Test Auto\\Mediabox Test Automation\\Reports\\20220623_184212\\03. Parallel Testing (Testing)\\TS -PT PART 3\\06. NPP Partial Submission Mass Submit\\20220623_184219\\1656007610298.png, D:\\Projet Test Auto\\Mediabox Test Automation\\Reports\\20220623_184212\\03. Parallel Testing (Testing)\\TS -PT PART 3\\06. NPP Partial Submission Mass Submit\\20220623_184219\\1656007627051.png, D:\\Projet Test Auto\\Mediabox Test Automation\\Reports\\20220623_184212\\03. Parallel Testing (Testing)\\TS -PT PART 3\\06. NPP Partial Submission Mass Submit\\20220623_184219\\1656007647395.png, D:\\Projet Test Auto\\Mediabox Test Automation\\Reports\\20220623_184212\\03. Parallel Testing (Testing)\\TS -PT PART 3\\06. NPP Partial Submission Mass Submit\\20220623_184219\\1656007667037.png, D:\\Projet Test Auto\\Mediabox Test Automation\\Reports\\20220623_184212\\03. Parallel Testing (Testing)\\TS -PT PART 3\\06. NPP Partial Submission Mass Submit\\20220623_184219\\1656007697666.png, D:\\Projet Test Auto\\Mediabox Test Automation\\Reports\\20220623_184212\\03. Parallel Testing (Testing)\\TS -PT PART 3\\06. NPP Partial Submission Mass Submit\\20220623_184219\\1656007706670.png, D:\\Projet Test Auto\\Mediabox Test Automation\\Reports\\20220623_184212\\03. Parallel Testing (Testing)\\TS -PT PART 3\\06. NPP Partial Submission Mass Submit\\20220623_184219\\1656007766632.png, D:\\Projet Test Auto\\Mediabox Test Automation\\Reports\\20220623_184212\\03. Parallel Testing (Testing)\\TS -PT PART 3\\06. NPP Partial Submission Mass Submit\\20220623_184219\\1656007793630.png"/>
         <property name="hostName" value="lamhe - DPF-MBI-VERIF.ad.sgsco.int"/>
         <property name="os" value="Windows 10 64bit"/>
         <property name="katalonVersion" value="8.3.0.208"/>
         <property name="browser" value="Chrome 102.0.5005.115"/>
         <property name="hostAddress" value="10.15.10.53"/>
         <property name="sessionId" value="286163c422176e9be7d7c6d61ed52071"/>
         <property name="seleniumVersion" value="3.141.59"/>
         <property name="proxyInformation" value="ProxyInformation { proxyOption=NO_PROXY, proxyServerType=HTTP, username=, password=********, proxyServerAddress=, proxyServerPort=0, executionList=&quot;&quot;, isApplyToDesiredCapabilities=true }"/>
         <property name="platform" value="Windows 10"/>
      </properties>
      <testcase name="Test Cases/08. NPP_Dreyers_Partial submission (new)/8.01 NPP Partial submission Full Lifecyle - Lifecycle(2) PART 1" time="1038.452" classname="Test Cases/08. NPP_Dreyers_Partial submission (new)/8.01 NPP Partial submission Full Lifecyle - Lifecycle(2) PART 1" status="PASSED">
         <system-out><![CDATA[2022-06-23 19:30:49 - [TEST_CASE][PASSED] - Test Cases/08. NPP_Dreyers_Partial submission (new)/8.01 NPP Partial submission Full Lifecyle - Lifecycle(2) PART 1: Test Cases/08. NPP_Dreyers_Partial submission (new)/8.01 NPP Partial submission Full Lifecyle - Lifecycle(2) PART 1

2022-06-23 19:30:52 - [TEST_STEP][PASSED] - data_Npp = findTestData("Data Files/Username_Password/Npp"): null

2022-06-23 19:30:52 - [TEST_STEP][PASSED] - password_akim = data_Npp.getValue(2, 2): null

2022-06-23 19:30:52 - [TEST_STEP][PASSED] - password_abrazhnikovapx = data_Npp.getValue(2, 4): null

2022-06-23 19:30:52 - [TEST_STEP][PASSED] - password_afrappaz = data_Npp.getValue(2, 5): null

2022-06-23 19:30:52 - [TEST_STEP][PASSED] - password_alarkins = data_Npp.getValue(2, 6): null

2022-06-23 19:30:52 - [TEST_STEP][PASSED] - password_cdemonchy = data_Npp.getValue(2, 7): null

2022-06-23 19:30:52 - [TEST_STEP][PASSED] - data_urlRELAUTO = findTestData("Data Files/URL/URL_relauto"): null

2022-06-23 19:30:52 - [TEST_STEP][PASSED] - Url_Npp = data_urlRELAUTO.getValue(2, 5): null

2022-06-23 19:30:52 - [TEST_STEP][PASSED] - openBrowser(Url_Npp): Browser is opened with url: ' http://mdb-release.diadeis.lan/MediaboxIndependence/?MBI_datasource=RELTESTAUTO_NPP'

2022-06-23 19:30:53 - [MESSAGE][INFO] - Starting 'Chrome (headless)' driver

2022-06-23 19:30:53 - [MESSAGE][INFO] - User set preference: ['args', '[--window-size=1920,1080, --headless]']

2022-06-23 19:30:53 - [MESSAGE][INFO] - Action delay is set to 0 milliseconds

2022-06-23 19:31:19 - [MESSAGE][PASSED] - Browser is opened with url: ' http://mdb-release.diadeis.lan/MediaboxIndependence/?MBI_datasource=RELTESTAUTO_NPP'

2022-06-23 19:31:19 - [TEST_STEP][PASSED] - maximizeWindow(): Current window maximized

2022-06-23 19:31:20 - [MESSAGE][PASSED] - Current window maximized

2022-06-23 19:31:20 - [TEST_STEP][PASSED] - takeScreenshot(): Taking screenshot successfully

2022-06-23 19:31:21 - [MESSAGE][PASSED] - Taking screenshot successfully
[[ATTACHMENT|D:\\Projet Test Auto\\Mediabox Test Automation\\Reports\\20220623_184212\\03. Parallel Testing (Testing)\\TS -PT PART 3\\06. NPP Partial Submission Mass Submit\\20220623_184219\\1656005480662.png]]

2022-06-23 19:31:21 - [TEST_STEP][PASSED] - I.Login_password("akim", password_akim): Object: 'Object Repository/1. Constant/xpath' is clicked on

2022-06-23 19:31:22 - [MESSAGE][PASSED] - Text 'akim' is set on object 'Object Repository/1. Constant/xpath'

2022-06-23 19:31:23 - [MESSAGE][PASSED] - Delayed 1 second(s)

2022-06-23 19:31:26 - [MESSAGE][PASSED] - Text 'dchi' is set on object 'Object Repository/1. Constant/xpath'

2022-06-23 19:31:27 - [MESSAGE][PASSED] - Delayed 1 second(s)

2022-06-23 19:31:52 - [MESSAGE][PASSED] - Object: 'Object Repository/1. Constant/xpath' is clicked on

2022-06-23 19:31:52 - [TEST_STEP][PASSED] - click(findTestObject("1. Constant/02_LHSMenu_Projects")): Object: 'Object Repository/1. Constant/02_LHSMenu_Projects' is clicked on

2022-06-23 19:32:08 - [MESSAGE][PASSED] - Object: 'Object Repository/1. Constant/02_LHSMenu_Projects' is clicked on

2022-06-23 19:32:08 - [TEST_STEP][PASSED] - click(findTestObject("1. Constant/xpath", ["xpath":"//div[@id='kt_content']/div[3]/div/div/div/div[2]/a/i"])): Object: 'Object Repository/1. Constant/xpath' is clicked on

2022-06-23 19:32:16 - [MESSAGE][PASSED] - Object: 'Object Repository/1. Constant/xpath' is clicked on

2022-06-23 19:32:16 - [TEST_STEP][PASSED] - takeScreenshot(): Taking screenshot successfully

2022-06-23 19:32:16 - [MESSAGE][PASSED] - Taking screenshot successfully
[[ATTACHMENT|D:\\Projet Test Auto\\Mediabox Test Automation\\Reports\\20220623_184212\\03. Parallel Testing (Testing)\\TS -PT PART 3\\06. NPP Partial Submission Mass Submit\\20220623_184219\\1656005536546.png]]

2022-06-23 19:32:16 - [TEST_STEP][PASSED] - "On the modify project page : Fill in all field": null

2022-06-23 19:32:16 - [TEST_STEP][PASSED] - LSSNumber_name = "AutoTest_Npp_FullLifecycle_" + RandomStringUtils.randomAlphanumeric(10) + "_" + I.gettimedate(): null

2022-06-23 19:32:16 - [TEST_STEP][PASSED] - setText(findTestObject("1. Constant/xpath", ["xpath":"//*[@id="var_70"]"]), LSSNumber_name): Text 'AutoTest_Npp_FullLifecycle_HKpX6YsHS1_juin232022_193216' is set on object 'Object Repository/1. Constant/xpath'

2022-06-23 19:32:19 - [MESSAGE][PASSED] - Text 'AutoTest_Npp_FullLifecycle_HKpX6YsHS1_juin232022_193216' is set on object 'Object Repository/1. Constant/xpath'

2022-06-23 19:32:19 - [TEST_STEP][PASSED] - delay(1): Delayed 1 second(s)

2022-06-23 19:32:20 - [MESSAGE][PASSED] - Delayed 1 second(s)

2022-06-23 19:32:20 - [TEST_STEP][PASSED] - selectOptionByValue(findTestObject("1. Constant/xpath", ["xpath":"//*[@id="var_107"]"]), "2420", false): All options with value '2420' are selected in object 'Object Repository/1. Constant/xpath' 

2022-06-23 19:32:21 - [MESSAGE][PASSED] - All options with value '2420' are selected in object 'Object Repository/1. Constant/xpath' 

2022-06-23 19:32:21 - [TEST_STEP][PASSED] - delay(1): Delayed 1 second(s)

2022-06-23 19:32:22 - [MESSAGE][PASSED] - Delayed 1 second(s)

2022-06-23 19:32:22 - [TEST_STEP][PASSED] - I.select_multiplelist("//*[@id="selSource_108"]", "//*[@id="btnAdd_108"]", "2354"): Delayed 1 second(s)

2022-06-23 19:32:23 - [MESSAGE][PASSED] - Delayed 1 second(s)

2022-06-23 19:32:24 - [MESSAGE][PASSED] - All options with value '2354' are selected in object 'Object Repository/1. Constant/xpath' 

2022-06-23 19:32:26 - [MESSAGE][PASSED] - Delayed 2 second(s)

2022-06-23 19:32:26 - [MESSAGE][PASSED] - Object: 'Object Repository/1. Constant/xpath' is clicked on

2022-06-23 19:32:27 - [MESSAGE][PASSED] - Delayed 1 second(s)

2022-06-23 19:32:27 - [TEST_STEP][PASSED] - delay(1): Delayed 1 second(s)

2022-06-23 19:32:28 - [MESSAGE][PASSED] - Delayed 1 second(s)

2022-06-23 19:32:28 - [TEST_STEP][PASSED] - setText(findTestObject("xxx Todelete/xpath", ["xpath":"//*[@id="var_110"]"]), "Variety test"): Text 'Variety test' is set on object 'Object Repository/xxx Todelete/xpath'

2022-06-23 19:32:30 - [MESSAGE][PASSED] - Text 'Variety test' is set on object 'Object Repository/xxx Todelete/xpath'

2022-06-23 19:32:30 - [TEST_STEP][PASSED] - delay(1): Delayed 1 second(s)

2022-06-23 19:32:31 - [MESSAGE][PASSED] - Delayed 1 second(s)

2022-06-23 19:32:31 - [TEST_STEP][PASSED] - setText(findTestObject("1. Constant/xpath", ["xpath":"//*[@id="var_133"]"]), "Alternative Format code test "): Text 'Alternative Format code test ' is set on object 'Object Repository/1. Constant/xpath'

2022-06-23 19:32:33 - [MESSAGE][PASSED] - Text 'Alternative Format code test ' is set on object 'Object Repository/1. Constant/xpath'

2022-06-23 19:32:33 - [TEST_STEP][PASSED] - delay(1): Delayed 1 second(s)

2022-06-23 19:32:34 - [MESSAGE][PASSED] - Delayed 1 second(s)

2022-06-23 19:32:34 - [TEST_STEP][PASSED] - setText(findTestObject("1. Constant/xpath", ["xpath":"//*[@id="var_65"]"]), "FORMAT Product designation test "): Text 'FORMAT Product designation test ' is set on object 'Object Repository/1. Constant/xpath'

2022-06-23 19:32:37 - [MESSAGE][PASSED] - Text 'FORMAT Product designation test ' is set on object 'Object Repository/1. Constant/xpath'

2022-06-23 19:32:37 - [TEST_STEP][PASSED] - I.select_multiplelist("//*[@id="selSource_91"]", "//*[@id="btnAdd_91"]", "1023"): Delayed 1 second(s)

2022-06-23 19:32:38 - [MESSAGE][PASSED] - Delayed 1 second(s)

2022-06-23 19:32:40 - [MESSAGE][PASSED] - All options with value '1023' are selected in object 'Object Repository/1. Constant/xpath' 

2022-06-23 19:32:42 - [MESSAGE][PASSED] - Delayed 2 second(s)

2022-06-23 19:32:43 - [MESSAGE][PASSED] - Object: 'Object Repository/1. Constant/xpath' is clicked on

2022-06-23 19:32:44 - [MESSAGE][PASSED] - Delayed 1 second(s)

2022-06-23 19:32:44 - [TEST_STEP][PASSED] - setText(findTestObject("1. Constant/xpath", ["xpath":"//*[@id="var_71"]"]), "25/08/2021"): Text '25/08/2021' is set on object 'Object Repository/1. Constant/xpath'

2022-06-23 19:32:49 - [MESSAGE][PASSED] - Text '25/08/2021' is set on object 'Object Repository/1. Constant/xpath'

2022-06-23 19:32:49 - [TEST_STEP][PASSED] - setText(findTestObject("1. Constant/xpath", ["xpath":"//*[@id="var_89"]"]), "Project Information - Comments"): Text 'Project Information - Comments' is set on object 'Object Repository/1. Constant/xpath'

2022-06-23 19:32:51 - [MESSAGE][PASSED] - Text 'Project Information - Comments' is set on object 'Object Repository/1. Constant/xpath'

2022-06-23 19:32:51 - [TEST_STEP][PASSED] - setText(findTestObject("1. Constant/xpath", ["xpath":"//*[@id="var_93"]"]), "Reason for change test"): Text 'Reason for change test' is set on object 'Object Repository/1. Constant/xpath'

2022-06-23 19:32:54 - [MESSAGE][PASSED] - Text 'Reason for change test' is set on object 'Object Repository/1. Constant/xpath'

2022-06-23 19:32:54 - [TEST_STEP][PASSED] - I.select_multiplelist("//*[@id="selSource_54"]", "//*[@id="btnAdd_54"]", "1081"): Delayed 1 second(s)

2022-06-23 19:32:55 - [MESSAGE][PASSED] - Delayed 1 second(s)

2022-06-23 19:32:57 - [MESSAGE][PASSED] - All options with value '1081' are selected in object 'Object Repository/1. Constant/xpath' 

2022-06-23 19:32:59 - [MESSAGE][PASSED] - Delayed 2 second(s)

2022-06-23 19:33:01 - [MESSAGE][PASSED] - Object: 'Object Repository/1. Constant/xpath' is clicked on

2022-06-23 19:33:02 - [MESSAGE][PASSED] - Delayed 1 second(s)

2022-06-23 19:33:02 - [TEST_STEP][PASSED] - delay(5): Delayed 5 second(s)

2022-06-23 19:33:07 - [MESSAGE][PASSED] - Delayed 5 second(s)

2022-06-23 19:33:07 - [TEST_STEP][PASSED] - I.select_multiplelist("//*[@id="selSource_106"]", "//*[@id="btnAdd_106"]", "2787"): Delayed 1 second(s)

2022-06-23 19:33:08 - [MESSAGE][PASSED] - Delayed 1 second(s)

2022-06-23 19:33:10 - [MESSAGE][PASSED] - All options with value '2787' are selected in object 'Object Repository/1. Constant/xpath' 

2022-06-23 19:33:12 - [MESSAGE][PASSED] - Delayed 2 second(s)

2022-06-23 19:33:14 - [MESSAGE][PASSED] - Object: 'Object Repository/1. Constant/xpath' is clicked on

2022-06-23 19:33:15 - [MESSAGE][PASSED] - Delayed 1 second(s)

2022-06-23 19:33:15 - [TEST_STEP][PASSED] - selectOptionByValue(findTestObject("1. Constant/xpath", ["xpath":"//*[@id="var_92"]"]), "1298", false): All options with value '1298' are selected in object 'Object Repository/1. Constant/xpath' 

2022-06-23 19:33:19 - [MESSAGE][PASSED] - All options with value '1298' are selected in object 'Object Repository/1. Constant/xpath' 

2022-06-23 19:33:19 - [TEST_STEP][PASSED] - I.select_multiplelist("//*[@id="selSource_88"]", "//*[@id="btnAdd_88"]", "1303"): Delayed 1 second(s)

2022-06-23 19:33:20 - [MESSAGE][PASSED] - Delayed 1 second(s)

2022-06-23 19:33:22 - [MESSAGE][PASSED] - All options with value '1303' are selected in object 'Object Repository/1. Constant/xpath' 

2022-06-23 19:33:24 - [MESSAGE][PASSED] - Delayed 2 second(s)

2022-06-23 19:33:27 - [MESSAGE][PASSED] - Object: 'Object Repository/1. Constant/xpath' is clicked on

2022-06-23 19:33:28 - [MESSAGE][PASSED] - Delayed 1 second(s)

2022-06-23 19:33:28 - [TEST_STEP][PASSED] - I.select_multiplelist("//*[@id="selSource_86"]", "//*[@id="btnAdd_86"]", "1310"): Delayed 1 second(s)

2022-06-23 19:33:29 - [MESSAGE][PASSED] - Delayed 1 second(s)

2022-06-23 19:33:32 - [MESSAGE][PASSED] - All options with value '1310' are selected in object 'Object Repository/1. Constant/xpath' 

2022-06-23 19:33:34 - [MESSAGE][PASSED] - Delayed 2 second(s)

2022-06-23 19:33:36 - [MESSAGE][PASSED] - Object: 'Object Repository/1. Constant/xpath' is clicked on

2022-06-23 19:33:37 - [MESSAGE][PASSED] - Delayed 1 second(s)

2022-06-23 19:33:37 - [TEST_STEP][PASSED] - I.select_multiplelist("//*[@id="selSource_57"]", "//*[@id="btnAdd_57"]", "2304"): Delayed 1 second(s)

2022-06-23 19:33:38 - [MESSAGE][PASSED] - Delayed 1 second(s)

2022-06-23 19:33:39 - [MESSAGE][PASSED] - All options with value '2304' are selected in object 'Object Repository/1. Constant/xpath' 

2022-06-23 19:33:41 - [MESSAGE][PASSED] - Delayed 2 second(s)

2022-06-23 19:33:42 - [MESSAGE][PASSED] - Object: 'Object Repository/1. Constant/xpath' is clicked on

2022-06-23 19:33:43 - [MESSAGE][PASSED] - Delayed 1 second(s)

2022-06-23 19:33:43 - [TEST_STEP][PASSED] - selectOptionByValue(findTestObject("1. Constant/xpath", ["xpath":"//*[@id="var_87"]"]), "971", false): All options with value '971' are selected in object 'Object Repository/1. Constant/xpath' 

2022-06-23 19:33:45 - [MESSAGE][PASSED] - All options with value '971' are selected in object 'Object Repository/1. Constant/xpath' 

2022-06-23 19:33:45 - [TEST_STEP][PASSED] - selectOptionByValue(findTestObject("1. Constant/xpath", ["xpath":"//*[@id="var_109"]"]), "1325", false): All options with value '1325' are selected in object 'Object Repository/1. Constant/xpath' 

2022-06-23 19:33:46 - [MESSAGE][PASSED] - All options with value '1325' are selected in object 'Object Repository/1. Constant/xpath' 

2022-06-23 19:33:46 - [TEST_STEP][PASSED] - selectOptionByValue(findTestObject("1. Constant/xpath", ["xpath":"//*[@id="var_52"]"]), "1330", false): All options with value '1330' are selected in object 'Object Repository/1. Constant/xpath' 

2022-06-23 19:33:49 - [MESSAGE][PASSED] - All options with value '1330' are selected in object 'Object Repository/1. Constant/xpath' 

2022-06-23 19:33:49 - [TEST_STEP][PASSED] - I.select_multiplelist("//*[@id="selSource_67"]", "//*[@id="btnAdd_67"]", "1624"): Delayed 1 second(s)

2022-06-23 19:33:50 - [MESSAGE][PASSED] - Delayed 1 second(s)

2022-06-23 19:33:52 - [MESSAGE][PASSED] - All options with value '1624' are selected in object 'Object Repository/1. Constant/xpath' 

2022-06-23 19:33:54 - [MESSAGE][PASSED] - Delayed 2 second(s)

2022-06-23 19:33:54 - [MESSAGE][PASSED] - Object: 'Object Repository/1. Constant/xpath' is clicked on

2022-06-23 19:33:55 - [MESSAGE][PASSED] - Delayed 1 second(s)

2022-06-23 19:33:55 - [TEST_STEP][PASSED] - selectOptionByValue(findTestObject("1. Constant/xpath", ["xpath":"//*[@id="var_140"]"]), "2296", false): All options with value '2296' are selected in object 'Object Repository/1. Constant/xpath' 

2022-06-23 19:33:58 - [MESSAGE][PASSED] - All options with value '2296' are selected in object 'Object Repository/1. Constant/xpath' 

2022-06-23 19:33:58 - [TEST_STEP][PASSED] - I.select_multiplelist("//*[@id="selSource_51"]", "//*[@id="btnAdd_51"]", "1673"): Delayed 1 second(s)

2022-06-23 19:33:59 - [MESSAGE][PASSED] - Delayed 1 second(s)

2022-06-23 19:34:01 - [MESSAGE][PASSED] - All options with value '1673' are selected in object 'Object Repository/1. Constant/xpath' 

2022-06-23 19:34:03 - [MESSAGE][PASSED] - Delayed 2 second(s)

2022-06-23 19:34:04 - [MESSAGE][PASSED] - Object: 'Object Repository/1. Constant/xpath' is clicked on

2022-06-23 19:34:05 - [MESSAGE][PASSED] - Delayed 1 second(s)

2022-06-23 19:34:05 - [TEST_STEP][PASSED] - I.select_multiplelist("//*[@id="selSource_50"]", "//*[@id="btnAdd_50"]", "1681"): Delayed 1 second(s)

2022-06-23 19:34:06 - [MESSAGE][PASSED] - Delayed 1 second(s)

2022-06-23 19:34:09 - [MESSAGE][PASSED] - All options with value '1681' are selected in object 'Object Repository/1. Constant/xpath' 

2022-06-23 19:34:11 - [MESSAGE][PASSED] - Delayed 2 second(s)

2022-06-23 19:34:13 - [MESSAGE][PASSED] - Object: 'Object Repository/1. Constant/xpath' is clicked on

2022-06-23 19:34:14 - [MESSAGE][PASSED] - Delayed 1 second(s)

2022-06-23 19:34:14 - [TEST_STEP][PASSED] - selectOptionByValue(findTestObject("1. Constant/xpath", ["xpath":"//*[@id="selSource_64"]"]), "1701", false): All options with value '1701' are selected in object 'Object Repository/1. Constant/xpath' 

2022-06-23 19:34:15 - [MESSAGE][PASSED] - All options with value '1701' are selected in object 'Object Repository/1. Constant/xpath' 

2022-06-23 19:34:15 - [TEST_STEP][PASSED] - I.select_multiplelist("//*[@id="selSource_64"]", "//*[@id="btnAdd_64"]", "1688"): Delayed 1 second(s)

2022-06-23 19:34:16 - [MESSAGE][PASSED] - Delayed 1 second(s)

2022-06-23 19:34:19 - [MESSAGE][PASSED] - All options with value '1688' are selected in object 'Object Repository/1. Constant/xpath' 

2022-06-23 19:34:21 - [MESSAGE][PASSED] - Delayed 2 second(s)

2022-06-23 19:34:25 - [MESSAGE][PASSED] - Object: 'Object Repository/1. Constant/xpath' is clicked on

2022-06-23 19:34:26 - [MESSAGE][PASSED] - Delayed 1 second(s)

2022-06-23 19:34:26 - [TEST_STEP][PASSED] - I.select_multiplelist("//*[@id="selSource_53"]", "//*[@id="btnAdd_53"]", "1701"): Delayed 1 second(s)

2022-06-23 19:34:27 - [MESSAGE][PASSED] - Delayed 1 second(s)

2022-06-23 19:34:32 - [MESSAGE][PASSED] - All options with value '1701' are selected in object 'Object Repository/1. Constant/xpath' 

2022-06-23 19:34:34 - [MESSAGE][PASSED] - Delayed 2 second(s)

2022-06-23 19:34:35 - [MESSAGE][PASSED] - Object: 'Object Repository/1. Constant/xpath' is clicked on

2022-06-23 19:34:36 - [MESSAGE][PASSED] - Delayed 1 second(s)

2022-06-23 19:34:36 - [TEST_STEP][PASSED] - I.select_multiplelist("//*[@id="selSource_58"]", "//*[@id="btnAdd_58"]", "1704"): Delayed 1 second(s)

2022-06-23 19:34:37 - [MESSAGE][PASSED] - Delayed 1 second(s)

2022-06-23 19:34:40 - [MESSAGE][PASSED] - All options with value '1704' are selected in object 'Object Repository/1. Constant/xpath' 

2022-06-23 19:34:42 - [MESSAGE][PASSED] - Delayed 2 second(s)

2022-06-23 19:34:43 - [MESSAGE][PASSED] - Object: 'Object Repository/1. Constant/xpath' is clicked on

2022-06-23 19:34:44 - [MESSAGE][PASSED] - Delayed 1 second(s)

2022-06-23 19:34:44 - [TEST_STEP][PASSED] - I.select_multiplelist("//*[@id="selSource_59"]", "//*[@id="btnAdd_59"]", "1706"): Delayed 1 second(s)

2022-06-23 19:34:45 - [MESSAGE][PASSED] - Delayed 1 second(s)

2022-06-23 19:34:50 - [MESSAGE][PASSED] - All options with value '1706' are selected in object 'Object Repository/1. Constant/xpath' 

2022-06-23 19:34:52 - [MESSAGE][PASSED] - Delayed 2 second(s)

2022-06-23 19:34:53 - [MESSAGE][PASSED] - Object: 'Object Repository/1. Constant/xpath' is clicked on

2022-06-23 19:34:54 - [MESSAGE][PASSED] - Delayed 1 second(s)

2022-06-23 19:34:54 - [TEST_STEP][PASSED] - I.select_multiplelist("//*[@id="selSource_73"]", "//*[@id="btnAdd_73"]", "3147"): Delayed 1 second(s)

2022-06-23 19:34:55 - [MESSAGE][PASSED] - Delayed 1 second(s)

2022-06-23 19:34:56 - [MESSAGE][PASSED] - All options with value '3147' are selected in object 'Object Repository/1. Constant/xpath' 

2022-06-23 19:34:58 - [MESSAGE][PASSED] - Delayed 2 second(s)

2022-06-23 19:34:58 - [MESSAGE][PASSED] - Object: 'Object Repository/1. Constant/xpath' is clicked on

2022-06-23 19:34:59 - [MESSAGE][PASSED] - Delayed 1 second(s)

2022-06-23 19:34:59 - [TEST_STEP][PASSED] - selectOptionByValue(findTestObject("1. Constant/xpath", ["xpath":"//*[@id="var_66"]"]), "2401", false): All options with value '2401' are selected in object 'Object Repository/1. Constant/xpath' 

2022-06-23 19:35:02 - [MESSAGE][PASSED] - All options with value '2401' are selected in object 'Object Repository/1. Constant/xpath' 

2022-06-23 19:35:02 - [TEST_STEP][PASSED] - selectOptionByValue(findTestObject("1. Constant/xpath", ["xpath":"//*[@id="var_142"]"]), "2403", false): All options with value '2403' are selected in object 'Object Repository/1. Constant/xpath' 

2022-06-23 19:35:04 - [MESSAGE][PASSED] - All options with value '2403' are selected in object 'Object Repository/1. Constant/xpath' 

2022-06-23 19:35:04 - [TEST_STEP][PASSED] - selectOptionByValue(findTestObject("1. Constant/xpath", ["xpath":"//*[@id="var_143"]"]), "2405", false): All options with value '2405' are selected in object 'Object Repository/1. Constant/xpath' 

2022-06-23 19:35:05 - [MESSAGE][PASSED] - All options with value '2405' are selected in object 'Object Repository/1. Constant/xpath' 

2022-06-23 19:35:05 - [TEST_STEP][PASSED] - I.select_multiplelist("//*[@id="selSource_119"]", "//*[@id="btnAdd_119"]", "2165"): Delayed 1 second(s)

2022-06-23 19:35:06 - [MESSAGE][PASSED] - Delayed 1 second(s)

2022-06-23 19:35:07 - [MESSAGE][PASSED] - All options with value '2165' are selected in object 'Object Repository/1. Constant/xpath' 

2022-06-23 19:35:09 - [MESSAGE][PASSED] - Delayed 2 second(s)

2022-06-23 19:35:10 - [MESSAGE][PASSED] - Object: 'Object Repository/1. Constant/xpath' is clicked on

2022-06-23 19:35:11 - [MESSAGE][PASSED] - Delayed 1 second(s)

2022-06-23 19:35:11 - [TEST_STEP][PASSED] - takeScreenshot(): Taking screenshot successfully

2022-06-23 19:35:12 - [MESSAGE][PASSED] - Taking screenshot successfully
[[ATTACHMENT|D:\\Projet Test Auto\\Mediabox Test Automation\\Reports\\20220623_184212\\03. Parallel Testing (Testing)\\TS -PT PART 3\\06. NPP Partial Submission Mass Submit\\20220623_184219\\1656005711735.png]]

2022-06-23 19:35:12 - [TEST_STEP][PASSED] - delay(10): Delayed 10 second(s)

2022-06-23 19:35:22 - [MESSAGE][PASSED] - Delayed 10 second(s)

2022-06-23 19:35:22 - [TEST_STEP][PASSED] - click(findTestObject("HL Full Lifecycle/5 ModifyProjPage_button_Update")): Object: 'Object Repository/HL Full Lifecycle/5 ModifyProjPage_button_Update' is clicked on

2022-06-23 19:35:27 - [MESSAGE][PASSED] - Object: 'Object Repository/HL Full Lifecycle/5 ModifyProjPage_button_Update' is clicked on

2022-06-23 19:35:27 - [TEST_STEP][PASSED] - Project_No = I.ProjectNo(): Current window's url is: 'http://mdb-release.diadeis.lan/MediaboxIndependence/Base/ExecAction?IDSession=MBI%21RELTESTAUTO_NPP%21P96G8JQ5JZYMUT6I6ZPX1HAUVZT52HKFVTSUMGOY&default_action=AfficheFichesProjet&id_project=MI001076'

2022-06-23 19:35:32 - [MESSAGE][PASSED] - Delayed 5 second(s)

2022-06-23 19:35:32 - [MESSAGE][PASSED] - Current window's url is: 'http://mdb-release.diadeis.lan/MediaboxIndependence/Base/ExecAction?IDSession=MBI%21RELTESTAUTO_NPP%21P96G8JQ5JZYMUT6I6ZPX1HAUVZT52HKFVTSUMGOY&default_action=AfficheFichesProjet&id_project=MI001076'

2022-06-23 19:35:32 - [TEST_STEP][PASSED] - click(findTestObject("HL Full Lifecycle/6 ReferenceListPage_createrefbutton")): Object: 'Object Repository/HL Full Lifecycle/6 ReferenceListPage_createrefbutton' is clicked on

2022-06-23 19:35:33 - [MESSAGE][PASSED] - Object: 'Object Repository/HL Full Lifecycle/6 ReferenceListPage_createrefbutton' is clicked on

2022-06-23 19:35:33 - [TEST_STEP][PASSED] - click(findTestObject("HL Full Lifecycle/6 ReferenceListPaga_Create a component_button")): Object: 'Object Repository/HL Full Lifecycle/6 ReferenceListPaga_Create a component_button' is clicked on

2022-06-23 19:35:37 - [MESSAGE][PASSED] - Object: 'Object Repository/HL Full Lifecycle/6 ReferenceListPaga_Create a component_button' is clicked on

2022-06-23 19:35:37 - [TEST_STEP][PASSED] - takeScreenshot(): Taking screenshot successfully

2022-06-23 19:35:37 - [MESSAGE][PASSED] - Taking screenshot successfully
[[ATTACHMENT|D:\\Projet Test Auto\\Mediabox Test Automation\\Reports\\20220623_184212\\03. Parallel Testing (Testing)\\TS -PT PART 3\\06. NPP Partial Submission Mass Submit\\20220623_184219\\1656005737303.png]]

2022-06-23 19:35:37 - [TEST_STEP][PASSED] - selectOptionByValue(findTestObject("1. Constant/xpath", ["xpath":"//*[@id="lfc_tpl"]"]), "51", false): All options with value '51' are selected in object 'Object Repository/1. Constant/xpath' 

2022-06-23 19:35:39 - [MESSAGE][PASSED] - All options with value '51' are selected in object 'Object Repository/1. Constant/xpath' 

2022-06-23 19:35:39 - [TEST_STEP][PASSED] - delay(1): Delayed 1 second(s)

2022-06-23 19:35:40 - [MESSAGE][PASSED] - Delayed 1 second(s)

2022-06-23 19:35:40 - [TEST_STEP][PASSED] - click(findTestObject("1. Constant/xpath", ["xpath":"//*[@id="ModifFiche"]/div[3]/div/button"])): Object: 'Object Repository/1. Constant/xpath' is clicked on

2022-06-23 19:35:52 - [MESSAGE][PASSED] - Object: 'Object Repository/1. Constant/xpath' is clicked on

2022-06-23 19:35:52 - [TEST_STEP][PASSED] - delay(1): Delayed 1 second(s)

2022-06-23 19:35:53 - [MESSAGE][PASSED] - Delayed 1 second(s)

2022-06-23 19:35:53 - [TEST_STEP][PASSED] - refID = I.RefID(): Current window's url is: 'http://mdb-release.diadeis.lan/MediaboxIndependence/Base/ExecAction?IDSession=MBI%21RELTESTAUTO_NPP%21P96G8JQ5JZYMUT6I6ZPX1HAUVZT52HKFVTSUMGOY&default_action=ModifierRef&id_project=MI001076&id_ref=1058040&action_from=create_ref'

2022-06-23 19:35:58 - [MESSAGE][PASSED] - Delayed 5 second(s)

2022-06-23 19:35:58 - [MESSAGE][PASSED] - Current window's url is: 'http://mdb-release.diadeis.lan/MediaboxIndependence/Base/ExecAction?IDSession=MBI%21RELTESTAUTO_NPP%21P96G8JQ5JZYMUT6I6ZPX1HAUVZT52HKFVTSUMGOY&default_action=ModifierRef&id_project=MI001076&id_ref=1058040&action_from=create_ref'

2022-06-23 19:35:58 - [TEST_STEP][PASSED] - takeScreenshot(): Taking screenshot successfully

2022-06-23 19:35:59 - [MESSAGE][PASSED] - Taking screenshot successfully
[[ATTACHMENT|D:\\Projet Test Auto\\Mediabox Test Automation\\Reports\\20220623_184212\\03. Parallel Testing (Testing)\\TS -PT PART 3\\06. NPP Partial Submission Mass Submit\\20220623_184219\\1656005759346.png]]

2022-06-23 19:35:59 - [TEST_STEP][PASSED] - setText(findTestObject("1. Constant/xpath", ["xpath":"//*[@id="var_103"]"]), "SAP Designation test > https://www.google.com/"): Text 'SAP Designation test > https://www.google.com/' is set on object 'Object Repository/1. Constant/xpath'

2022-06-23 19:36:02 - [MESSAGE][PASSED] - Text 'SAP Designation test > https://www.google.com/' is set on object 'Object Repository/1. Constant/xpath'

2022-06-23 19:36:02 - [TEST_STEP][PASSED] - setText(findTestObject("1. Constant/xpath", ["xpath":"//*[@id="var_139"]"]), "Claim Substantiation Project Link > https://www.google.com/"): Text 'Claim Substantiation Project Link > https://www.google.com/' is set on object 'Object Repository/1. Constant/xpath'

2022-06-23 19:36:04 - [MESSAGE][PASSED] - Text 'Claim Substantiation Project Link > https://www.google.com/' is set on object 'Object Repository/1. Constant/xpath'

2022-06-23 19:36:04 - [TEST_STEP][PASSED] - setText(findTestObject("1. Constant/xpath", ["xpath":"//*[@id="var_160"]"]), "Grading standard link > test"): Text 'Grading standard link > test' is set on object 'Object Repository/1. Constant/xpath'

2022-06-23 19:36:04 - [MESSAGE][PASSED] - Text 'Grading standard link > test' is set on object 'Object Repository/1. Constant/xpath'

2022-06-23 19:36:04 - [TEST_STEP][PASSED] - scrollToElement(findTestObject("1. Constant/xpath", ["xpath":"//*[@id="var_90"]"]), 10, OPTIONAL): Scroll to object 'Object Repository/1. Constant/xpath' successfully

2022-06-23 19:36:05 - [MESSAGE][PASSED] - Scroll to object 'Object Repository/1. Constant/xpath' successfully

2022-06-23 19:36:05 - [TEST_STEP][PASSED] - setText(findTestObject("1. Constant/xpath", ["xpath":"//*[@id="var_90"]"]), "Project name > test"): Text 'Project name > test' is set on object 'Object Repository/1. Constant/xpath'

2022-06-23 19:36:06 - [MESSAGE][PASSED] - Text 'Project name > test' is set on object 'Object Repository/1. Constant/xpath'

2022-06-23 19:36:06 - [TEST_STEP][PASSED] - setText(findTestObject("1. Constant/xpath", ["xpath":"//*[@id="var_62"]"]), "DPET > test"): Text 'DPET > test' is set on object 'Object Repository/1. Constant/xpath'

2022-06-23 19:36:08 - [MESSAGE][PASSED] - Text 'DPET > test' is set on object 'Object Repository/1. Constant/xpath'

2022-06-23 19:36:08 - [TEST_STEP][PASSED] - I.select_multiplelist("//*[@id="selSource_73"]", "//*[@id="btnAdd_73"]", "3147"): Delayed 1 second(s)

2022-06-23 19:36:09 - [MESSAGE][PASSED] - Delayed 1 second(s)

2022-06-23 19:36:13 - [MESSAGE][PASSED] - All options with value '3147' are selected in object 'Object Repository/1. Constant/xpath' 

2022-06-23 19:36:15 - [MESSAGE][PASSED] - Delayed 2 second(s)

2022-06-23 19:36:18 - [MESSAGE][PASSED] - Object: 'Object Repository/1. Constant/xpath' is clicked on

2022-06-23 19:36:19 - [MESSAGE][PASSED] - Delayed 1 second(s)

2022-06-23 19:36:19 - [TEST_STEP][PASSED] - takeScreenshot(): Taking screenshot successfully

2022-06-23 19:36:19 - [MESSAGE][PASSED] - Taking screenshot successfully
[[ATTACHMENT|D:\\Projet Test Auto\\Mediabox Test Automation\\Reports\\20220623_184212\\03. Parallel Testing (Testing)\\TS -PT PART 3\\06. NPP Partial Submission Mass Submit\\20220623_184219\\1656005779252.png]]

2022-06-23 19:36:19 - [TEST_STEP][PASSED] - scrollToElement(findTestObject("1. Constant/xpath", ["xpath":"//*[@id="var_82"]"]), 10, OPTIONAL): Scroll to object 'Object Repository/1. Constant/xpath' successfully

2022-06-23 19:36:20 - [MESSAGE][PASSED] - Scroll to object 'Object Repository/1. Constant/xpath' successfully

2022-06-23 19:36:20 - [TEST_STEP][PASSED] - selectOptionByValue(findTestObject("1. Constant/xpath", ["xpath":"//*[@id="var_82"]"]), "agaudin", false): All options with value 'agaudin' are selected in object 'Object Repository/1. Constant/xpath' 

2022-06-23 19:36:25 - [MESSAGE][PASSED] - All options with value 'agaudin' are selected in object 'Object Repository/1. Constant/xpath' 

2022-06-23 19:36:25 - [TEST_STEP][PASSED] - selectOptionByValue(findTestObject("1. Constant/xpath", ["xpath":"//*[@id="var_74"]"]), "afrappaz", false): All options with value 'afrappaz' are selected in object 'Object Repository/1. Constant/xpath' 

2022-06-23 19:36:34 - [MESSAGE][PASSED] - All options with value 'afrappaz' are selected in object 'Object Repository/1. Constant/xpath' 

2022-06-23 19:36:34 - [TEST_STEP][PASSED] - selectOptionByValue(findTestObject("1. Constant/xpath", ["xpath":"//*[@id="selSource_168"]"]), "cdemonchy", false): All options with value 'cdemonchy' are selected in object 'Object Repository/1. Constant/xpath' 

2022-06-23 19:36:35 - [MESSAGE][PASSED] - All options with value 'cdemonchy' are selected in object 'Object Repository/1. Constant/xpath' 

2022-06-23 19:36:35 - [TEST_STEP][PASSED] - selectOptionByValue(findTestObject("1. Constant/xpath", ["xpath":"//*[@id="selSource_168"]"]), "alarkins", false): All options with value 'alarkins' are selected in object 'Object Repository/1. Constant/xpath' 

2022-06-23 19:36:37 - [MESSAGE][PASSED] - All options with value 'alarkins' are selected in object 'Object Repository/1. Constant/xpath' 

2022-06-23 19:36:37 - [TEST_STEP][PASSED] - I.select_multiplelist("//*[@id="selSource_168"]", "//*[@id="btnAdd_168"]", "abrazhnikovapx"): Delayed 1 second(s)

2022-06-23 19:36:38 - [MESSAGE][PASSED] - Delayed 1 second(s)

2022-06-23 19:36:42 - [MESSAGE][PASSED] - All options with value 'abrazhnikovapx' are selected in object 'Object Repository/1. Constant/xpath' 

2022-06-23 19:36:44 - [MESSAGE][PASSED] - Delayed 2 second(s)

2022-06-23 19:36:45 - [MESSAGE][PASSED] - Object: 'Object Repository/1. Constant/xpath' is clicked on

2022-06-23 19:36:46 - [MESSAGE][PASSED] - Delayed 1 second(s)

2022-06-23 19:36:46 - [TEST_STEP][PASSED] - selectOptionByValue(findTestObject("1. Constant/xpath", ["xpath":"//*[@id="var_60"]"]), "asvegaardd2d", false): All options with value 'asvegaardd2d' are selected in object 'Object Repository/1. Constant/xpath' 

2022-06-23 19:36:48 - [MESSAGE][PASSED] - All options with value 'asvegaardd2d' are selected in object 'Object Repository/1. Constant/xpath' 

2022-06-23 19:36:48 - [TEST_STEP][PASSED] - selectOptionByValue(findTestObject("1. Constant/xpath", ["xpath":"//*[@id="var_102"]"]), "aserment", false): All options with value 'aserment' are selected in object 'Object Repository/1. Constant/xpath' 

2022-06-23 19:36:49 - [MESSAGE][PASSED] - All options with value 'aserment' are selected in object 'Object Repository/1. Constant/xpath' 

2022-06-23 19:36:49 - [TEST_STEP][PASSED] - selectOptionByValue(findTestObject("1. Constant/xpath", ["xpath":"//*[@id="var_63"]"]), "asavreux", false): All options with value 'asavreux' are selected in object 'Object Repository/1. Constant/xpath' 

2022-06-23 19:36:51 - [MESSAGE][PASSED] - All options with value 'asavreux' are selected in object 'Object Repository/1. Constant/xpath' 

2022-06-23 19:36:51 - [TEST_STEP][PASSED] - selectOptionByValue(findTestObject("1. Constant/xpath", ["xpath":"//*[@id="var_161"]"]), "achaves", false): All options with value 'achaves' are selected in object 'Object Repository/1. Constant/xpath' 

2022-06-23 19:36:55 - [MESSAGE][PASSED] - All options with value 'achaves' are selected in object 'Object Repository/1. Constant/xpath' 

2022-06-23 19:36:55 - [TEST_STEP][PASSED] - takeScreenshot(): Taking screenshot successfully

2022-06-23 19:36:57 - [MESSAGE][PASSED] - Taking screenshot successfully
[[ATTACHMENT|D:\\Projet Test Auto\\Mediabox Test Automation\\Reports\\20220623_184212\\03. Parallel Testing (Testing)\\TS -PT PART 3\\06. NPP Partial Submission Mass Submit\\20220623_184219\\1656005816654.png]]

2022-06-23 19:36:57 - [TEST_STEP][PASSED] - scrollToElement(findTestObject("1. Constant/xpath", ["xpath":"//*[@id="var_143"]"]), 10, OPTIONAL): Scroll to object 'Object Repository/1. Constant/xpath' successfully

2022-06-23 19:36:57 - [MESSAGE][PASSED] - Scroll to object 'Object Repository/1. Constant/xpath' successfully

2022-06-23 19:36:57 - [TEST_STEP][PASSED] - I.select_multiplelist("//*[@id="selSource_79"]", "//*[@id="btnAdd_79"]", "1730"): Delayed 1 second(s)

2022-06-23 19:36:58 - [MESSAGE][PASSED] - Delayed 1 second(s)

2022-06-23 19:37:01 - [MESSAGE][PASSED] - All options with value '1730' are selected in object 'Object Repository/1. Constant/xpath' 

2022-06-23 19:37:03 - [MESSAGE][PASSED] - Delayed 2 second(s)

2022-06-23 19:37:05 - [MESSAGE][PASSED] - Object: 'Object Repository/1. Constant/xpath' is clicked on

2022-06-23 19:37:06 - [MESSAGE][PASSED] - Delayed 1 second(s)

2022-06-23 19:37:06 - [TEST_STEP][PASSED] - selectOptionByValue(findTestObject("1. Constant/xpath", ["xpath":"//*[@id="selSource_78"]"]), "1752", false): All options with value '1752' are selected in object 'Object Repository/1. Constant/xpath' 

2022-06-23 19:37:09 - [MESSAGE][PASSED] - All options with value '1752' are selected in object 'Object Repository/1. Constant/xpath' 

2022-06-23 19:37:09 - [TEST_STEP][PASSED] - I.select_multiplelist("//*[@id="selSource_78"]", "//*[@id="btnAdd_78"]", "1753"): Delayed 1 second(s)

2022-06-23 19:37:10 - [MESSAGE][PASSED] - Delayed 1 second(s)

2022-06-23 19:37:12 - [MESSAGE][PASSED] - All options with value '1753' are selected in object 'Object Repository/1. Constant/xpath' 

2022-06-23 19:37:14 - [MESSAGE][PASSED] - Delayed 2 second(s)

2022-06-23 19:37:16 - [MESSAGE][PASSED] - Object: 'Object Repository/1. Constant/xpath' is clicked on

2022-06-23 19:37:17 - [MESSAGE][PASSED] - Delayed 1 second(s)

2022-06-23 19:37:17 - [TEST_STEP][PASSED] - selectOptionByValue(findTestObject("1. Constant/xpath", ["xpath":"//*[@id="selSource_104"]"]), "73", false): All options with value '73' are selected in object 'Object Repository/1. Constant/xpath' 

2022-06-23 19:37:19 - [MESSAGE][PASSED] - All options with value '73' are selected in object 'Object Repository/1. Constant/xpath' 

2022-06-23 19:37:19 - [TEST_STEP][PASSED] - I.select_multiplelist("//*[@id="selSource_104"]", "//*[@id="btnAdd_104"]", "74"): Delayed 1 second(s)

2022-06-23 19:37:20 - [MESSAGE][PASSED] - Delayed 1 second(s)

2022-06-23 19:37:24 - [MESSAGE][PASSED] - All options with value '74' are selected in object 'Object Repository/1. Constant/xpath' 

2022-06-23 19:37:26 - [MESSAGE][PASSED] - Delayed 2 second(s)

2022-06-23 19:37:27 - [MESSAGE][PASSED] - Object: 'Object Repository/1. Constant/xpath' is clicked on

2022-06-23 19:37:28 - [MESSAGE][PASSED] - Delayed 1 second(s)

2022-06-23 19:37:28 - [TEST_STEP][PASSED] - takeScreenshot(): Taking screenshot successfully

2022-06-23 19:37:29 - [MESSAGE][PASSED] - Taking screenshot successfully
[[ATTACHMENT|D:\\Projet Test Auto\\Mediabox Test Automation\\Reports\\20220623_184212\\03. Parallel Testing (Testing)\\TS -PT PART 3\\06. NPP Partial Submission Mass Submit\\20220623_184219\\1656005848988.png]]

2022-06-23 19:37:29 - [TEST_STEP][PASSED] - scrollToElement(findTestObject("1. Constant/xpath", ["xpath":"//*[@id="var_169"]"]), 10, OPTIONAL): Scroll to object 'Object Repository/1. Constant/xpath' successfully

2022-06-23 19:37:31 - [MESSAGE][PASSED] - Scroll to object 'Object Repository/1. Constant/xpath' successfully

2022-06-23 19:37:31 - [TEST_STEP][PASSED] - setText(findTestObject("1. Constant/xpath", ["xpath":"//*[@id="var_169"]"]), "Version History"): Text 'Version History' is set on object 'Object Repository/1. Constant/xpath'

2022-06-23 19:37:33 - [MESSAGE][PASSED] - Text 'Version History' is set on object 'Object Repository/1. Constant/xpath'

2022-06-23 19:37:33 - [TEST_STEP][PASSED] - click(findTestObject("HL Full Lifecycle/7 ModifyRefPage_button_Save")): Object: 'Object Repository/HL Full Lifecycle/7 ModifyRefPage_button_Save' is clicked on

2022-06-23 19:37:41 - [MESSAGE][PASSED] - Object: 'Object Repository/HL Full Lifecycle/7 ModifyRefPage_button_Save' is clicked on

2022-06-23 19:37:41 - [TEST_STEP][PASSED] - delay(1): Delayed 1 second(s)

2022-06-23 19:37:42 - [MESSAGE][PASSED] - Delayed 1 second(s)

2022-06-23 19:37:42 - [TEST_STEP][PASSED] - I.Logout_xpath("//*[@id="kt_header"]/div/div[2]/div[2]/div[1]/div/span/img", "//*[@id="kt_header"]/div/div[2]/div[2]/div[2]/a[2]"): Wait for page load successfully

2022-06-23 19:37:44 - [MESSAGE][PASSED] - Object: 'Object Repository/1. Constant/xpath' is clicked on

2022-06-23 19:37:45 - [MESSAGE][PASSED] - Delayed 1 second(s)

2022-06-23 19:37:50 - [MESSAGE][PASSED] - Object: 'Object Repository/1. Constant/xpath' is clicked on

2022-06-23 19:37:51 - [MESSAGE][PASSED] - Delayed 1 second(s)

2022-06-23 19:37:51 - [MESSAGE][PASSED] - Wait for page load successfully

2022-06-23 19:37:51 - [TEST_STEP][PASSED] - I.Login_password("abrazhnikovapx", password_abrazhnikovapx): Object: 'Object Repository/1. Constant/xpath' is clicked on

2022-06-23 19:37:52 - [MESSAGE][PASSED] - Text 'abrazhnikovapx' is set on object 'Object Repository/1. Constant/xpath'

2022-06-23 19:37:53 - [MESSAGE][PASSED] - Delayed 1 second(s)

2022-06-23 19:37:57 - [MESSAGE][PASSED] - Text 'dchi3' is set on object 'Object Repository/1. Constant/xpath'

2022-06-23 19:37:58 - [MESSAGE][PASSED] - Delayed 1 second(s)

2022-06-23 19:38:06 - [MESSAGE][PASSED] - Object: 'Object Repository/1. Constant/xpath' is clicked on

2022-06-23 19:38:06 - [TEST_STEP][PASSED] - delay(2): Delayed 2 second(s)

2022-06-23 19:38:08 - [MESSAGE][PASSED] - Delayed 2 second(s)

2022-06-23 19:38:08 - [TEST_STEP][PASSED] - abrazhnikovapx_task_b4 = getText(findTestObject("1. Constant/xpath", ["xpath":"//*[@id="kt_header"]/div/div[2]/div[1]/div[1]/span"])): Text of object 'Object Repository/1. Constant/xpath' is: '27'

2022-06-23 19:38:09 - [MESSAGE][PASSED] - Text of object 'Object Repository/1. Constant/xpath' is: '27'

2022-06-23 19:38:09 - [TEST_STEP][PASSED] - I.print("U1 abrazhnikovapx_task_b4 " + abrazhnikovapx_task_b4): null

2022-06-23 19:38:09 - [TEST_STEP][PASSED] - user1_b4 = <not implemented yet for class: org.codehaus.groovy.ast.expr.EmptyExpression>: null

2022-06-23 19:38:09 - [TEST_STEP][PASSED] - if (abrazhnikovapx_task_b4 == ""): null

2022-06-23 19:38:09 - [TEST_STEP][PASSED] - else: null

2022-06-23 19:38:09 - [TEST_STEP][PASSED] - user1_b4 = Double.parseDouble(abrazhnikovapx_task_b4): null

2022-06-23 19:38:09 - [TEST_STEP][PASSED] - takeScreenshot(): Taking screenshot successfully

2022-06-23 19:38:10 - [MESSAGE][PASSED] - Taking screenshot successfully
[[ATTACHMENT|D:\\Projet Test Auto\\Mediabox Test Automation\\Reports\\20220623_184212\\03. Parallel Testing (Testing)\\TS -PT PART 3\\06. NPP Partial Submission Mass Submit\\20220623_184219\\1656005890113.png]]

2022-06-23 19:38:10 - [TEST_STEP][PASSED] - delay(1): Delayed 1 second(s)

2022-06-23 19:38:11 - [MESSAGE][PASSED] - Delayed 1 second(s)

2022-06-23 19:38:11 - [TEST_STEP][PASSED] - I.Logout_xpath("//*[@id="kt_header"]/div/div[2]/div[2]/div[1]/div/span/img", "//*[@id="kt_header"]/div/div[2]/div[2]/div[2]/a[2]"): Wait for page load successfully

2022-06-23 19:38:13 - [MESSAGE][PASSED] - Object: 'Object Repository/1. Constant/xpath' is clicked on

2022-06-23 19:38:14 - [MESSAGE][PASSED] - Delayed 1 second(s)

2022-06-23 19:38:19 - [MESSAGE][PASSED] - Object: 'Object Repository/1. Constant/xpath' is clicked on

2022-06-23 19:38:20 - [MESSAGE][PASSED] - Delayed 1 second(s)

2022-06-23 19:38:20 - [MESSAGE][PASSED] - Wait for page load successfully

2022-06-23 19:38:20 - [TEST_STEP][PASSED] - I.Login_password("alarkins", password_alarkins): Object: 'Object Repository/1. Constant/xpath' is clicked on

2022-06-23 19:38:22 - [MESSAGE][PASSED] - Text 'alarkins' is set on object 'Object Repository/1. Constant/xpath'

2022-06-23 19:38:23 - [MESSAGE][PASSED] - Delayed 1 second(s)

2022-06-23 19:38:29 - [MESSAGE][PASSED] - Text 'dchi' is set on object 'Object Repository/1. Constant/xpath'

2022-06-23 19:38:30 - [MESSAGE][PASSED] - Delayed 1 second(s)

2022-06-23 19:38:36 - [MESSAGE][PASSED] - Object: 'Object Repository/1. Constant/xpath' is clicked on

2022-06-23 19:38:36 - [TEST_STEP][PASSED] - delay(2): Delayed 2 second(s)

2022-06-23 19:38:38 - [MESSAGE][PASSED] - Delayed 2 second(s)

2022-06-23 19:38:38 - [TEST_STEP][PASSED] - alarkins_task_b4 = getText(findTestObject("1. Constant/xpath", ["xpath":"//*[@id="kt_header"]/div/div[2]/div[1]/div[1]/span"])): Text of object 'Object Repository/1. Constant/xpath' is: '27'

2022-06-23 19:38:40 - [MESSAGE][PASSED] - Text of object 'Object Repository/1. Constant/xpath' is: '27'

2022-06-23 19:38:40 - [TEST_STEP][PASSED] - user2_b4 = <not implemented yet for class: org.codehaus.groovy.ast.expr.EmptyExpression>: null

2022-06-23 19:38:40 - [TEST_STEP][PASSED] - if (alarkins_task_b4 == ""): null

2022-06-23 19:38:40 - [TEST_STEP][PASSED] - else: null

2022-06-23 19:38:40 - [TEST_STEP][PASSED] - user2_b4 = Double.parseDouble(alarkins_task_b4): null

2022-06-23 19:38:40 - [TEST_STEP][PASSED] - I.print("U2 alarkins_task_b4 " + user2_b4): null

2022-06-23 19:38:40 - [TEST_STEP][PASSED] - takeScreenshot(): Taking screenshot successfully

2022-06-23 19:38:41 - [MESSAGE][PASSED] - Taking screenshot successfully
[[ATTACHMENT|D:\\Projet Test Auto\\Mediabox Test Automation\\Reports\\20220623_184212\\03. Parallel Testing (Testing)\\TS -PT PART 3\\06. NPP Partial Submission Mass Submit\\20220623_184219\\1656005920441.png]]

2022-06-23 19:38:41 - [TEST_STEP][PASSED] - delay(1): Delayed 1 second(s)

2022-06-23 19:38:42 - [MESSAGE][PASSED] - Delayed 1 second(s)

2022-06-23 19:38:42 - [TEST_STEP][PASSED] - I.Logout_xpath("//*[@id="kt_header"]/div/div[2]/div[2]/div[1]/div/span/img", "//*[@id="kt_header"]/div/div[2]/div[2]/div[2]/a[2]"): Wait for page load successfully

2022-06-23 19:38:42 - [MESSAGE][PASSED] - Object: 'Object Repository/1. Constant/xpath' is clicked on

2022-06-23 19:38:43 - [MESSAGE][PASSED] - Delayed 1 second(s)

2022-06-23 19:38:48 - [MESSAGE][PASSED] - Object: 'Object Repository/1. Constant/xpath' is clicked on

2022-06-23 19:38:49 - [MESSAGE][PASSED] - Delayed 1 second(s)

2022-06-23 19:38:49 - [MESSAGE][PASSED] - Wait for page load successfully

2022-06-23 19:38:49 - [TEST_STEP][PASSED] - I.Login_password("cdemonchy", password_cdemonchy): Object: 'Object Repository/1. Constant/xpath' is clicked on

2022-06-23 19:38:50 - [MESSAGE][PASSED] - Text 'cdemonchy' is set on object 'Object Repository/1. Constant/xpath'

2022-06-23 19:38:51 - [MESSAGE][PASSED] - Delayed 1 second(s)

2022-06-23 19:38:53 - [MESSAGE][PASSED] - Text 'dchi' is set on object 'Object Repository/1. Constant/xpath'

2022-06-23 19:38:54 - [MESSAGE][PASSED] - Delayed 1 second(s)

2022-06-23 19:39:01 - [MESSAGE][PASSED] - Object: 'Object Repository/1. Constant/xpath' is clicked on

2022-06-23 19:39:01 - [TEST_STEP][PASSED] - delay(2): Delayed 2 second(s)

2022-06-23 19:39:03 - [MESSAGE][PASSED] - Delayed 2 second(s)

2022-06-23 19:39:03 - [TEST_STEP][PASSED] - cdemonchy_task_b4 = getText(findTestObject("1. Constant/xpath", ["xpath":"//*[@id="kt_header"]/div/div[2]/div[1]/div[1]/span"])): Text of object 'Object Repository/1. Constant/xpath' is: '28'

2022-06-23 19:39:03 - [MESSAGE][PASSED] - Text of object 'Object Repository/1. Constant/xpath' is: '28'

2022-06-23 19:39:03 - [TEST_STEP][PASSED] - I.print("U3 cdemonchy_task_b4 " + cdemonchy_task_b4): null

2022-06-23 19:39:03 - [TEST_STEP][PASSED] - user3_b4 = Double.parseDouble(cdemonchy_task_b4): null

2022-06-23 19:39:03 - [TEST_STEP][PASSED] - takeScreenshot(): Taking screenshot successfully

2022-06-23 19:39:04 - [MESSAGE][PASSED] - Taking screenshot successfully
[[ATTACHMENT|D:\\Projet Test Auto\\Mediabox Test Automation\\Reports\\20220623_184212\\03. Parallel Testing (Testing)\\TS -PT PART 3\\06. NPP Partial Submission Mass Submit\\20220623_184219\\1656005944146.png]]

2022-06-23 19:39:04 - [TEST_STEP][PASSED] - delay(1): Delayed 1 second(s)

2022-06-23 19:39:05 - [MESSAGE][PASSED] - Delayed 1 second(s)

2022-06-23 19:39:05 - [TEST_STEP][PASSED] - I.Logout_xpath("//*[@id="kt_header"]/div/div[2]/div[2]/div[1]/div/span/img", "//*[@id="kt_header"]/div/div[2]/div[2]/div[2]/a[2]"): Wait for page load successfully

2022-06-23 19:39:06 - [MESSAGE][PASSED] - Object: 'Object Repository/1. Constant/xpath' is clicked on

2022-06-23 19:39:07 - [MESSAGE][PASSED] - Delayed 1 second(s)

2022-06-23 19:39:13 - [MESSAGE][PASSED] - Object: 'Object Repository/1. Constant/xpath' is clicked on

2022-06-23 19:39:14 - [MESSAGE][PASSED] - Delayed 1 second(s)

2022-06-23 19:39:14 - [MESSAGE][PASSED] - Wait for page load successfully

2022-06-23 19:39:14 - [TEST_STEP][PASSED] - I.Login_password("afrappaz", password_afrappaz): Object: 'Object Repository/1. Constant/xpath' is clicked on

2022-06-23 19:39:15 - [MESSAGE][PASSED] - Text 'afrappaz' is set on object 'Object Repository/1. Constant/xpath'

2022-06-23 19:39:16 - [MESSAGE][PASSED] - Delayed 1 second(s)

2022-06-23 19:39:18 - [MESSAGE][PASSED] - Text 'dchi3' is set on object 'Object Repository/1. Constant/xpath'

2022-06-23 19:39:19 - [MESSAGE][PASSED] - Delayed 1 second(s)

2022-06-23 19:39:24 - [MESSAGE][PASSED] - Object: 'Object Repository/1. Constant/xpath' is clicked on

2022-06-23 19:39:24 - [TEST_STEP][PASSED] - delay(2): Delayed 2 second(s)

2022-06-23 19:39:26 - [MESSAGE][PASSED] - Delayed 2 second(s)

2022-06-23 19:39:26 - [TEST_STEP][PASSED] - afrappaz_task_b4 = getText(findTestObject("1. Constant/xpath", ["xpath":"//*[@id="kt_header"]/div/div[2]/div[1]/div[1]/span"])): Text of object 'Object Repository/1. Constant/xpath' is: '27'

2022-06-23 19:39:27 - [MESSAGE][PASSED] - Text of object 'Object Repository/1. Constant/xpath' is: '27'

2022-06-23 19:39:27 - [TEST_STEP][PASSED] - I.print("U4 afrappaz_task_b4 " + afrappaz_task_b4): null

2022-06-23 19:39:27 - [TEST_STEP][PASSED] - user4_b4 = <not implemented yet for class: org.codehaus.groovy.ast.expr.EmptyExpression>: null

2022-06-23 19:39:27 - [TEST_STEP][PASSED] - if (afrappaz_task_b4 == ""): null

2022-06-23 19:39:27 - [TEST_STEP][PASSED] - else: null

2022-06-23 19:39:27 - [TEST_STEP][PASSED] - user4_b4 = Double.parseDouble(afrappaz_task_b4): null

2022-06-23 19:39:27 - [TEST_STEP][PASSED] - takeScreenshot(): Taking screenshot successfully

2022-06-23 19:39:29 - [MESSAGE][PASSED] - Taking screenshot successfully
[[ATTACHMENT|D:\\Projet Test Auto\\Mediabox Test Automation\\Reports\\20220623_184212\\03. Parallel Testing (Testing)\\TS -PT PART 3\\06. NPP Partial Submission Mass Submit\\20220623_184219\\1656005968681.png]]

2022-06-23 19:39:29 - [TEST_STEP][PASSED] - delay(1): Delayed 1 second(s)

2022-06-23 19:39:30 - [MESSAGE][PASSED] - Delayed 1 second(s)

2022-06-23 19:39:30 - [TEST_STEP][PASSED] - I.Logout_xpath("//*[@id="kt_header"]/div/div[2]/div[2]/div[1]/div/span/img", "//*[@id="kt_header"]/div/div[2]/div[2]/div[2]/a[2]"): Wait for page load successfully

2022-06-23 19:39:32 - [MESSAGE][PASSED] - Object: 'Object Repository/1. Constant/xpath' is clicked on

2022-06-23 19:39:33 - [MESSAGE][PASSED] - Delayed 1 second(s)

2022-06-23 19:39:36 - [MESSAGE][PASSED] - Object: 'Object Repository/1. Constant/xpath' is clicked on

2022-06-23 19:39:37 - [MESSAGE][PASSED] - Delayed 1 second(s)

2022-06-23 19:39:37 - [MESSAGE][PASSED] - Wait for page load successfully

2022-06-23 19:39:37 - [TEST_STEP][PASSED] - I.Login_password("akim", password_akim): Object: 'Object Repository/1. Constant/xpath' is clicked on

2022-06-23 19:39:40 - [MESSAGE][PASSED] - Text 'akim' is set on object 'Object Repository/1. Constant/xpath'

2022-06-23 19:39:41 - [MESSAGE][PASSED] - Delayed 1 second(s)

2022-06-23 19:39:46 - [MESSAGE][PASSED] - Text 'dchi' is set on object 'Object Repository/1. Constant/xpath'

2022-06-23 19:39:47 - [MESSAGE][PASSED] - Delayed 1 second(s)

2022-06-23 19:39:53 - [MESSAGE][PASSED] - Object: 'Object Repository/1. Constant/xpath' is clicked on

2022-06-23 19:39:53 - [TEST_STEP][PASSED] - delay(2): Delayed 2 second(s)

2022-06-23 19:39:55 - [MESSAGE][PASSED] - Delayed 2 second(s)

2022-06-23 19:39:55 - [TEST_STEP][PASSED] - akim_task_b4 = getText(findTestObject("1. Constant/xpath", ["xpath":"//*[@id="kt_header"]/div/div[2]/div[1]/div[1]/span"])): Text of object 'Object Repository/1. Constant/xpath' is: '14'

2022-06-23 19:39:55 - [MESSAGE][PASSED] - Text of object 'Object Repository/1. Constant/xpath' is: '14'

2022-06-23 19:39:55 - [TEST_STEP][PASSED] - I.print("U5 akim_task_b4 " + akim_task_b4): null

2022-06-23 19:39:55 - [TEST_STEP][PASSED] - user5_b4 = <not implemented yet for class: org.codehaus.groovy.ast.expr.EmptyExpression>: null

2022-06-23 19:39:55 - [TEST_STEP][PASSED] - if (akim_task_b4 == ""): null

2022-06-23 19:39:55 - [TEST_STEP][PASSED] - else: null

2022-06-23 19:39:55 - [TEST_STEP][PASSED] - user5_b4 = Double.parseDouble(akim_task_b4): null

2022-06-23 19:39:55 - [TEST_STEP][PASSED] - takeScreenshot(): Taking screenshot successfully

2022-06-23 19:39:57 - [MESSAGE][PASSED] - Taking screenshot successfully
[[ATTACHMENT|D:\\Projet Test Auto\\Mediabox Test Automation\\Reports\\20220623_184212\\03. Parallel Testing (Testing)\\TS -PT PART 3\\06. NPP Partial Submission Mass Submit\\20220623_184219\\1656005996376.png]]

2022-06-23 19:39:57 - [TEST_STEP][PASSED] - click(findTestObject("1. Constant/02_LHSMenu_Projects")): Object: 'Object Repository/1. Constant/02_LHSMenu_Projects' is clicked on

2022-06-23 19:40:10 - [MESSAGE][PASSED] - Object: 'Object Repository/1. Constant/02_LHSMenu_Projects' is clicked on

2022-06-23 19:40:10 - [TEST_STEP][PASSED] - I.SearchProjectNo_xpath(Project_No, "//*[@id="keynum_project"]", "//*[@id="form_filters"]/div[20]/button"): Delayed 5 second(s)

2022-06-23 19:40:11 - [MESSAGE][PASSED] - Delayed 1 second(s)

2022-06-23 19:40:18 - [MESSAGE][PASSED] - Text 'MI001076' is set on object 'Object Repository/1. Constant/xpath'

2022-06-23 19:40:21 - [MESSAGE][PASSED] - Delayed 3 second(s)

2022-06-23 19:40:23 - [MESSAGE][PASSED] - Scroll to object 'Object Repository/1. Constant/xpath' successfully

2022-06-23 19:40:31 - [MESSAGE][PASSED] - Object: 'Object Repository/1. Constant/xpath' is clicked on

2022-06-23 19:40:36 - [MESSAGE][PASSED] - Delayed 5 second(s)

2022-06-23 19:40:36 - [TEST_STEP][PASSED] - delay(5): Delayed 5 second(s)

2022-06-23 19:40:41 - [MESSAGE][PASSED] - Delayed 5 second(s)

2022-06-23 19:40:41 - [TEST_STEP][PASSED] - takeScreenshot(): Taking screenshot successfully

2022-06-23 19:40:42 - [MESSAGE][PASSED] - Taking screenshot successfully
[[ATTACHMENT|D:\\Projet Test Auto\\Mediabox Test Automation\\Reports\\20220623_184212\\03. Parallel Testing (Testing)\\TS -PT PART 3\\06. NPP Partial Submission Mass Submit\\20220623_184219\\1656006041833.png]]

2022-06-23 19:40:42 - [TEST_STEP][PASSED] - Lifecycle_LSS_actual = getText(findTestObject("1. Constant/xpath", ["xpath":"//*[@id="fiches"]/table/tbody/tr/td[7]/span[2]"])): Text of object 'Object Repository/1. Constant/xpath' is: 'LSS Pre-fill'

2022-06-23 19:40:43 - [MESSAGE][PASSED] - Text of object 'Object Repository/1. Constant/xpath' is: 'LSS Pre-fill'

2022-06-23 19:40:43 - [TEST_STEP][PASSED] - verifyMatch("LSS Pre-fill", Lifecycle_LSS_actual, false): Actual text 'LSS Pre-fill' and expected text 'LSS Pre-fill' are matched 

2022-06-23 19:40:43 - [MESSAGE][PASSED] - Actual text 'LSS Pre-fill' and expected text 'LSS Pre-fill' are matched 

2022-06-23 19:40:43 - [TEST_STEP][PASSED] - click(findTestObject("1. Constant/xpath", ["xpath":"//*[@id="fiches"]/table/tbody/tr/td[9]/a"])): Object: 'Object Repository/1. Constant/xpath' is clicked on

2022-06-23 19:40:50 - [MESSAGE][PASSED] - Object: 'Object Repository/1. Constant/xpath' is clicked on

2022-06-23 19:40:50 - [TEST_STEP][PASSED] - delay(2): Delayed 2 second(s)

2022-06-23 19:40:52 - [MESSAGE][PASSED] - Delayed 2 second(s)

2022-06-23 19:40:52 - [TEST_STEP][PASSED] - I.select_multiplelist("//*[@id="selSource_108"]", "//*[@id="btnAdd_108"]", "2344"): Delayed 1 second(s)

2022-06-23 19:40:53 - [MESSAGE][PASSED] - Delayed 1 second(s)

2022-06-23 19:40:56 - [MESSAGE][PASSED] - All options with value '2344' are selected in object 'Object Repository/1. Constant/xpath' 

2022-06-23 19:40:58 - [MESSAGE][PASSED] - Delayed 2 second(s)

2022-06-23 19:40:58 - [MESSAGE][PASSED] - Object: 'Object Repository/1. Constant/xpath' is clicked on

2022-06-23 19:40:59 - [MESSAGE][PASSED] - Delayed 1 second(s)

2022-06-23 19:40:59 - [TEST_STEP][PASSED] - delay(2): Delayed 2 second(s)

2022-06-23 19:41:01 - [MESSAGE][PASSED] - Delayed 2 second(s)

2022-06-23 19:41:01 - [TEST_STEP][PASSED] - click(findTestObject("1. Constant/xpath", ["xpath":"//*[@id="ModifFiche"]/div[1]/div/button[2]"])): Object: 'Object Repository/1. Constant/xpath' is clicked on

2022-06-23 19:41:20 - [MESSAGE][PASSED] - Object: 'Object Repository/1. Constant/xpath' is clicked on

2022-06-23 19:41:20 - [TEST_STEP][PASSED] - takeScreenshot(): Taking screenshot successfully

2022-06-23 19:41:22 - [MESSAGE][PASSED] - Taking screenshot successfully
[[ATTACHMENT|D:\\Projet Test Auto\\Mediabox Test Automation\\Reports\\20220623_184212\\03. Parallel Testing (Testing)\\TS -PT PART 3\\06. NPP Partial Submission Mass Submit\\20220623_184219\\1656006081522.png]]

2022-06-23 19:41:22 - [TEST_STEP][PASSED] - Lifecycle_LSS_actual1 = getText(findTestObject("1. Constant/xpath", ["xpath":"//*[@id="fiches"]/table/tbody/tr/td[7]/span[2]"])): Text of object 'Object Repository/1. Constant/xpath' is: 'LSS Creation'

2022-06-23 19:41:26 - [MESSAGE][PASSED] - Text of object 'Object Repository/1. Constant/xpath' is: 'LSS Creation'

2022-06-23 19:41:26 - [TEST_STEP][PASSED] - verifyMatch("LSS Creation", Lifecycle_LSS_actual1, false): Actual text 'LSS Creation' and expected text 'LSS Creation' are matched 

2022-06-23 19:41:26 - [MESSAGE][PASSED] - Actual text 'LSS Creation' and expected text 'LSS Creation' are matched 

2022-06-23 19:41:26 - [TEST_STEP][PASSED] - akim_task_af = getText(findTestObject("1. Constant/xpath", ["xpath":"//*[@id="kt_header"]/div/div[2]/div[1]/div[1]"])): Text of object 'Object Repository/1. Constant/xpath' is: '15'

2022-06-23 19:41:28 - [MESSAGE][PASSED] - Text of object 'Object Repository/1. Constant/xpath' is: '15'

2022-06-23 19:41:28 - [TEST_STEP][PASSED] - I.print("akim_task_af " + akim_task_af): null

2022-06-23 19:41:28 - [TEST_STEP][PASSED] - user5_af = Double.parseDouble(akim_task_af): null

2022-06-23 19:41:28 - [TEST_STEP][PASSED] - I.Logout_xpath("//*[@id="kt_header"]/div/div[2]/div[2]/div[1]/div/span/img", "//*[@id="kt_header"]/div/div[2]/div[2]/div[2]/a[2]"): Wait for page load successfully

2022-06-23 19:41:31 - [MESSAGE][PASSED] - Object: 'Object Repository/1. Constant/xpath' is clicked on

2022-06-23 19:41:32 - [MESSAGE][PASSED] - Delayed 1 second(s)

2022-06-23 19:41:38 - [MESSAGE][PASSED] - Object: 'Object Repository/1. Constant/xpath' is clicked on

2022-06-23 19:41:39 - [MESSAGE][PASSED] - Delayed 1 second(s)

2022-06-23 19:41:40 - [MESSAGE][PASSED] - Wait for page load successfully

2022-06-23 19:41:40 - [TEST_STEP][PASSED] - I.Login_password("abrazhnikovapx", password_abrazhnikovapx): Object: 'Object Repository/1. Constant/xpath' is clicked on

2022-06-23 19:41:45 - [MESSAGE][PASSED] - Text 'abrazhnikovapx' is set on object 'Object Repository/1. Constant/xpath'

2022-06-23 19:41:46 - [MESSAGE][PASSED] - Delayed 1 second(s)

2022-06-23 19:41:50 - [MESSAGE][PASSED] - Text 'dchi3' is set on object 'Object Repository/1. Constant/xpath'

2022-06-23 19:41:51 - [MESSAGE][PASSED] - Delayed 1 second(s)

2022-06-23 19:41:57 - [MESSAGE][PASSED] - Object: 'Object Repository/1. Constant/xpath' is clicked on

2022-06-23 19:41:57 - [TEST_STEP][PASSED] - delay(2): Delayed 2 second(s)

2022-06-23 19:41:59 - [MESSAGE][PASSED] - Delayed 2 second(s)

2022-06-23 19:41:59 - [TEST_STEP][PASSED] - abrazhnikovapx_task_af = getText(findTestObject("1. Constant/xpath", ["xpath":"//*[@id="kt_header"]/div/div[2]/div[1]/div[1]"])): Text of object 'Object Repository/1. Constant/xpath' is: '28'

2022-06-23 19:41:59 - [MESSAGE][PASSED] - Text of object 'Object Repository/1. Constant/xpath' is: '28'

2022-06-23 19:41:59 - [TEST_STEP][PASSED] - I.print("abrazhnikovapx_task_af " + abrazhnikovapx_task_af): null

2022-06-23 19:41:59 - [TEST_STEP][PASSED] - user1_af = Double.parseDouble(abrazhnikovapx_task_af): null

2022-06-23 19:41:59 - [TEST_STEP][PASSED] - takeScreenshot(): Taking screenshot successfully

2022-06-23 19:42:00 - [MESSAGE][PASSED] - Taking screenshot successfully
[[ATTACHMENT|D:\\Projet Test Auto\\Mediabox Test Automation\\Reports\\20220623_184212\\03. Parallel Testing (Testing)\\TS -PT PART 3\\06. NPP Partial Submission Mass Submit\\20220623_184219\\1656006120239.png]]

2022-06-23 19:42:00 - [TEST_STEP][PASSED] - I.Logout_xpath("//*[@id="kt_header"]/div/div[2]/div[2]/div[1]/div/span/img", "//*[@id="kt_header"]/div/div[2]/div[2]/div[2]/a[2]"): Wait for page load successfully

2022-06-23 19:42:02 - [MESSAGE][PASSED] - Object: 'Object Repository/1. Constant/xpath' is clicked on

2022-06-23 19:42:03 - [MESSAGE][PASSED] - Delayed 1 second(s)

2022-06-23 19:42:05 - [MESSAGE][PASSED] - Object: 'Object Repository/1. Constant/xpath' is clicked on

2022-06-23 19:42:06 - [MESSAGE][PASSED] - Delayed 1 second(s)

2022-06-23 19:42:06 - [MESSAGE][PASSED] - Wait for page load successfully

2022-06-23 19:42:06 - [TEST_STEP][PASSED] - I.Login_password("alarkins", password_alarkins): Object: 'Object Repository/1. Constant/xpath' is clicked on

2022-06-23 19:42:07 - [MESSAGE][PASSED] - Text 'alarkins' is set on object 'Object Repository/1. Constant/xpath'

2022-06-23 19:42:08 - [MESSAGE][PASSED] - Delayed 1 second(s)

2022-06-23 19:42:12 - [MESSAGE][PASSED] - Text 'dchi' is set on object 'Object Repository/1. Constant/xpath'

2022-06-23 19:42:13 - [MESSAGE][PASSED] - Delayed 1 second(s)

2022-06-23 19:42:18 - [MESSAGE][PASSED] - Object: 'Object Repository/1. Constant/xpath' is clicked on

2022-06-23 19:42:18 - [TEST_STEP][PASSED] - delay(2): Delayed 2 second(s)

2022-06-23 19:42:20 - [MESSAGE][PASSED] - Delayed 2 second(s)

2022-06-23 19:42:20 - [TEST_STEP][PASSED] - alarkins_task_af = getText(findTestObject("1. Constant/xpath", ["xpath":"//*[@id="kt_header"]/div/div[2]/div[1]/div[1]"])): Text of object 'Object Repository/1. Constant/xpath' is: '28'

2022-06-23 19:42:21 - [MESSAGE][PASSED] - Text of object 'Object Repository/1. Constant/xpath' is: '28'

2022-06-23 19:42:21 - [TEST_STEP][PASSED] - I.print("alarkins_task_af " + alarkins_task_af): null

2022-06-23 19:42:21 - [TEST_STEP][PASSED] - user2_af = Double.parseDouble(alarkins_task_af): null

2022-06-23 19:42:21 - [TEST_STEP][PASSED] - takeScreenshot(): Taking screenshot successfully

2022-06-23 19:42:22 - [MESSAGE][PASSED] - Taking screenshot successfully
[[ATTACHMENT|D:\\Projet Test Auto\\Mediabox Test Automation\\Reports\\20220623_184212\\03. Parallel Testing (Testing)\\TS -PT PART 3\\06. NPP Partial Submission Mass Submit\\20220623_184219\\1656006141704.png]]

2022-06-23 19:42:22 - [TEST_STEP][PASSED] - I.Logout_xpath("//*[@id="kt_header"]/div/div[2]/div[2]/div[1]/div/span/img", "//*[@id="kt_header"]/div/div[2]/div[2]/div[2]/a[2]"): Wait for page load successfully

2022-06-23 19:42:22 - [MESSAGE][PASSED] - Object: 'Object Repository/1. Constant/xpath' is clicked on

2022-06-23 19:42:23 - [MESSAGE][PASSED] - Delayed 1 second(s)

2022-06-23 19:42:31 - [MESSAGE][PASSED] - Object: 'Object Repository/1. Constant/xpath' is clicked on

2022-06-23 19:42:32 - [MESSAGE][PASSED] - Delayed 1 second(s)

2022-06-23 19:42:33 - [MESSAGE][PASSED] - Wait for page load successfully

2022-06-23 19:42:33 - [TEST_STEP][PASSED] - I.Login_password("cdemonchy", password_cdemonchy): Object: 'Object Repository/1. Constant/xpath' is clicked on

2022-06-23 19:42:37 - [MESSAGE][PASSED] - Text 'cdemonchy' is set on object 'Object Repository/1. Constant/xpath'

2022-06-23 19:42:38 - [MESSAGE][PASSED] - Delayed 1 second(s)

2022-06-23 19:42:40 - [MESSAGE][PASSED] - Text 'dchi' is set on object 'Object Repository/1. Constant/xpath'

2022-06-23 19:42:41 - [MESSAGE][PASSED] - Delayed 1 second(s)

2022-06-23 19:42:48 - [MESSAGE][PASSED] - Object: 'Object Repository/1. Constant/xpath' is clicked on

2022-06-23 19:42:48 - [TEST_STEP][PASSED] - delay(2): Delayed 2 second(s)

2022-06-23 19:42:50 - [MESSAGE][PASSED] - Delayed 2 second(s)

2022-06-23 19:42:50 - [TEST_STEP][PASSED] - cdemonchy_task_af = getText(findTestObject("1. Constant/xpath", ["xpath":"//*[@id="kt_header"]/div/div[2]/div[1]/div[1]"])): Text of object 'Object Repository/1. Constant/xpath' is: '29'

2022-06-23 19:42:51 - [MESSAGE][PASSED] - Text of object 'Object Repository/1. Constant/xpath' is: '29'

2022-06-23 19:42:51 - [TEST_STEP][PASSED] - I.print(" cdemonchy_task_af " + cdemonchy_task_af): null

2022-06-23 19:42:51 - [TEST_STEP][PASSED] - user3_af = Double.parseDouble(cdemonchy_task_af): null

2022-06-23 19:42:51 - [TEST_STEP][PASSED] - takeScreenshot(): Taking screenshot successfully

2022-06-23 19:42:52 - [MESSAGE][PASSED] - Taking screenshot successfully
[[ATTACHMENT|D:\\Projet Test Auto\\Mediabox Test Automation\\Reports\\20220623_184212\\03. Parallel Testing (Testing)\\TS -PT PART 3\\06. NPP Partial Submission Mass Submit\\20220623_184219\\1656006171472.png]]

2022-06-23 19:42:52 - [TEST_STEP][PASSED] - I.Logout_xpath("//*[@id="kt_header"]/div/div[2]/div[2]/div[1]/div/span/img", "//*[@id="kt_header"]/div/div[2]/div[2]/div[2]/a[2]"): Wait for page load successfully

2022-06-23 19:42:53 - [MESSAGE][PASSED] - Object: 'Object Repository/1. Constant/xpath' is clicked on

2022-06-23 19:42:54 - [MESSAGE][PASSED] - Delayed 1 second(s)

2022-06-23 19:43:00 - [MESSAGE][PASSED] - Object: 'Object Repository/1. Constant/xpath' is clicked on

2022-06-23 19:43:01 - [MESSAGE][PASSED] - Delayed 1 second(s)

2022-06-23 19:43:01 - [MESSAGE][PASSED] - Wait for page load successfully

2022-06-23 19:43:01 - [TEST_STEP][PASSED] - I.Login_password("afrappaz", password_afrappaz): Object: 'Object Repository/1. Constant/xpath' is clicked on

2022-06-23 19:43:03 - [MESSAGE][PASSED] - Text 'afrappaz' is set on object 'Object Repository/1. Constant/xpath'

2022-06-23 19:43:04 - [MESSAGE][PASSED] - Delayed 1 second(s)

2022-06-23 19:43:05 - [MESSAGE][PASSED] - Text 'dchi3' is set on object 'Object Repository/1. Constant/xpath'

2022-06-23 19:43:06 - [MESSAGE][PASSED] - Delayed 1 second(s)

2022-06-23 19:43:11 - [MESSAGE][PASSED] - Object: 'Object Repository/1. Constant/xpath' is clicked on

2022-06-23 19:43:11 - [TEST_STEP][PASSED] - delay(2): Delayed 2 second(s)

2022-06-23 19:43:13 - [MESSAGE][PASSED] - Delayed 2 second(s)

2022-06-23 19:43:13 - [TEST_STEP][PASSED] - afrappaz_task_af = getText(findTestObject("1. Constant/xpath", ["xpath":"//*[@id="kt_header"]/div/div[2]/div[1]/div[1]"])): Text of object 'Object Repository/1. Constant/xpath' is: '28'

2022-06-23 19:43:15 - [MESSAGE][PASSED] - Text of object 'Object Repository/1. Constant/xpath' is: '28'

2022-06-23 19:43:15 - [TEST_STEP][PASSED] - I.print("afrappaz_task_af " + afrappaz_task_af): null

2022-06-23 19:43:15 - [TEST_STEP][PASSED] - user4_af = Double.parseDouble(afrappaz_task_af): null

2022-06-23 19:43:15 - [TEST_STEP][PASSED] - takeScreenshot(): Taking screenshot successfully

2022-06-23 19:43:16 - [MESSAGE][PASSED] - Taking screenshot successfully
[[ATTACHMENT|D:\\Projet Test Auto\\Mediabox Test Automation\\Reports\\20220623_184212\\03. Parallel Testing (Testing)\\TS -PT PART 3\\06. NPP Partial Submission Mass Submit\\20220623_184219\\1656006195992.png]]

2022-06-23 19:43:16 - [TEST_STEP][PASSED] - verifyEqual(user1_af - 1, user1_b4): Actual object '27' and expected object '27' are equal

2022-06-23 19:43:16 - [MESSAGE][PASSED] - Actual object '27' and expected object '27' are equal

2022-06-23 19:43:16 - [TEST_STEP][PASSED] - verifyEqual(user2_af - 1, user2_b4): Actual object '27' and expected object '27' are equal

2022-06-23 19:43:16 - [MESSAGE][PASSED] - Actual object '27' and expected object '27' are equal

2022-06-23 19:43:16 - [TEST_STEP][PASSED] - verifyEqual(user3_af - 1, user3_b4): Actual object '28' and expected object '28' are equal

2022-06-23 19:43:16 - [MESSAGE][PASSED] - Actual object '28' and expected object '28' are equal

2022-06-23 19:43:16 - [TEST_STEP][PASSED] - "Verify task has been increased by 1 for  user 4": null

2022-06-23 19:43:16 - [TEST_STEP][PASSED] - click(findTestObject("1. Constant/02_LHSMenu_Projects")): Object: 'Object Repository/1. Constant/02_LHSMenu_Projects' is clicked on

2022-06-23 19:43:27 - [MESSAGE][PASSED] - Object: 'Object Repository/1. Constant/02_LHSMenu_Projects' is clicked on

2022-06-23 19:43:27 - [TEST_STEP][PASSED] - I.SearchProjectNo_xpath(Project_No, "//*[@id="keynum_project"]", "//*[@id="form_filters"]/div[20]/button"): Delayed 5 second(s)

2022-06-23 19:43:28 - [MESSAGE][PASSED] - Delayed 1 second(s)

2022-06-23 19:43:29 - [MESSAGE][PASSED] - Text 'MI001076' is set on object 'Object Repository/1. Constant/xpath'

2022-06-23 19:43:32 - [MESSAGE][PASSED] - Delayed 3 second(s)

2022-06-23 19:43:33 - [MESSAGE][PASSED] - Scroll to object 'Object Repository/1. Constant/xpath' successfully

2022-06-23 19:43:43 - [MESSAGE][PASSED] - Object: 'Object Repository/1. Constant/xpath' is clicked on

2022-06-23 19:43:48 - [MESSAGE][PASSED] - Delayed 5 second(s)

2022-06-23 19:43:48 - [TEST_STEP][PASSED] - delay(5): Delayed 5 second(s)

2022-06-23 19:43:53 - [MESSAGE][PASSED] - Delayed 5 second(s)

2022-06-23 19:43:53 - [TEST_STEP][PASSED] - takeScreenshot(): Taking screenshot successfully

2022-06-23 19:43:54 - [MESSAGE][PASSED] - Taking screenshot successfully
[[ATTACHMENT|D:\\Projet Test Auto\\Mediabox Test Automation\\Reports\\20220623_184212\\03. Parallel Testing (Testing)\\TS -PT PART 3\\06. NPP Partial Submission Mass Submit\\20220623_184219\\1656006233419.png]]

2022-06-23 19:43:54 - [TEST_STEP][PASSED] - click(findTestObject("1. Constant/xpath", ["xpath":"/html/body/div[1]/div[2]/div[4]/div[3]/div/div[2]/div[2]/div[1]/table/tbody/tr[2]/td[14]/a"])): Object: 'Object Repository/1. Constant/xpath' is clicked on

2022-06-23 19:43:57 - [MESSAGE][PASSED] - Object: 'Object Repository/1. Constant/xpath' is clicked on

2022-06-23 19:43:57 - [TEST_STEP][PASSED] - delay(1): Delayed 1 second(s)

2022-06-23 19:43:58 - [MESSAGE][PASSED] - Delayed 1 second(s)

2022-06-23 19:43:58 - [TEST_STEP][PASSED] - click(findTestObject("1. Constant/xpath", ["xpath":"//*[@id="ModifFiche"]/div[1]/div/button[2]"])): Object: 'Object Repository/1. Constant/xpath' is clicked on

2022-06-23 19:44:14 - [MESSAGE][PASSED] - Object: 'Object Repository/1. Constant/xpath' is clicked on

2022-06-23 19:44:14 - [TEST_STEP][PASSED] - Lifecycle_LSS_actual_user4 = getText(findTestObject("1. Constant/xpath", ["xpath":"/html/body/div[1]/div[2]/div[4]/div[3]/div/div[2]/div[2]/div[1]/table/tbody/tr[2]/td[11]/span[2]"])): Text of object 'Object Repository/1. Constant/xpath' is: 'LSS Creation'

2022-06-23 19:44:16 - [MESSAGE][PASSED] - Text of object 'Object Repository/1. Constant/xpath' is: 'LSS Creation'

2022-06-23 19:44:16 - [TEST_STEP][PASSED] - verifyMatch("LSS Creation", Lifecycle_LSS_actual_user4, false): Actual text 'LSS Creation' and expected text 'LSS Creation' are matched 

2022-06-23 19:44:16 - [MESSAGE][PASSED] - Actual text 'LSS Creation' and expected text 'LSS Creation' are matched 

2022-06-23 19:44:16 - [TEST_STEP][PASSED] - afrappaz_task_af2 = getText(findTestObject("1. Constant/xpath", ["xpath":"//*[@id="kt_header"]/div/div[2]/div[1]/div[1]"])): Text of object 'Object Repository/1. Constant/xpath' is: '27'

2022-06-23 19:44:17 - [MESSAGE][PASSED] - Text of object 'Object Repository/1. Constant/xpath' is: '27'

2022-06-23 19:44:17 - [TEST_STEP][PASSED] - I.print("afrappaz_task_af2 " + afrappaz_task_af2): null

2022-06-23 19:44:17 - [TEST_STEP][PASSED] - user4_af2 = <not implemented yet for class: org.codehaus.groovy.ast.expr.EmptyExpression>: null

2022-06-23 19:44:17 - [TEST_STEP][PASSED] - if (afrappaz_task_af2 == ""): null

2022-06-23 19:44:17 - [TEST_STEP][PASSED] - else: null

2022-06-23 19:44:17 - [TEST_STEP][PASSED] - user4_af2 = Double.parseDouble(afrappaz_task_af2): null

2022-06-23 19:44:17 - [TEST_STEP][PASSED] - verifyEqual(user4_af2, user4_af - 1): Actual object '27' and expected object '27' are equal

2022-06-23 19:44:17 - [MESSAGE][PASSED] - Actual object '27' and expected object '27' are equal

2022-06-23 19:44:17 - [TEST_STEP][PASSED] - takeScreenshot(): Taking screenshot successfully

2022-06-23 19:44:17 - [MESSAGE][PASSED] - Taking screenshot successfully
[[ATTACHMENT|D:\\Projet Test Auto\\Mediabox Test Automation\\Reports\\20220623_184212\\03. Parallel Testing (Testing)\\TS -PT PART 3\\06. NPP Partial Submission Mass Submit\\20220623_184219\\1656006257563.png]]

2022-06-23 19:44:17 - [TEST_STEP][PASSED] - click(findTestObject("1. Constant/xpath", ["xpath":"/html/body/div[1]/div[2]/div[4]/div[3]/div/div[2]/div[2]/div[1]/table/tbody/tr[2]/td[7]/a"])): Object: 'Object Repository/1. Constant/xpath' is clicked on

2022-06-23 19:44:23 - [MESSAGE][PASSED] - Object: 'Object Repository/1. Constant/xpath' is clicked on

2022-06-23 19:44:23 - [TEST_STEP][PASSED] - delay(2): Delayed 2 second(s)

2022-06-23 19:44:25 - [MESSAGE][PASSED] - Delayed 2 second(s)

2022-06-23 19:44:25 - [TEST_STEP][PASSED] - click(findTestObject("1. Constant/xpath", ["xpath":"//*[@id="kt_content"]/div[3]/div/ul/li[3]/a"])): Object: 'Object Repository/1. Constant/xpath' is clicked on

2022-06-23 19:44:28 - [MESSAGE][PASSED] - Object: 'Object Repository/1. Constant/xpath' is clicked on

2022-06-23 19:44:28 - [TEST_STEP][PASSED] - delay(2): Delayed 2 second(s)

2022-06-23 19:44:30 - [MESSAGE][PASSED] - Delayed 2 second(s)

2022-06-23 19:44:30 - [TEST_STEP][PASSED] - Actual_submittedby_user4 = getText(findTestObject("1. Constant/xpath", ["xpath":"/html/body/div[1]/div[2]/div[8]/div[3]/div/div[3]/div[3]/div/div/div[1]/div/div[2]/div/div[2]/h5[2]"])): Text of object 'Object Repository/1. Constant/xpath' is: 'Submitted by'

2022-06-23 19:44:31 - [MESSAGE][PASSED] - Text of object 'Object Repository/1. Constant/xpath' is: 'Submitted by'

2022-06-23 19:44:31 - [TEST_STEP][PASSED] - verifyMatch("Submitted by", Actual_submittedby_user4, false): Actual text 'Submitted by' and expected text 'Submitted by' are matched 

2022-06-23 19:44:31 - [MESSAGE][PASSED] - Actual text 'Submitted by' and expected text 'Submitted by' are matched 

2022-06-23 19:44:31 - [TEST_STEP][PASSED] - Actual_username_user4 = getText(findTestObject("1. Constant/xpath", ["xpath":"/html/body/div[1]/div[2]/div[8]/div[3]/div/div[3]/div[3]/div/div/div[1]/div/div[2]/div/div[2]/div[2]/div/div/div[3]"])): Text of object 'Object Repository/1. Constant/xpath' is: 'Alexandra FRAPPAZ'

2022-06-23 19:44:31 - [MESSAGE][PASSED] - Text of object 'Object Repository/1. Constant/xpath' is: 'Alexandra FRAPPAZ'

2022-06-23 19:44:31 - [TEST_STEP][PASSED] - verifyMatch("Alexandra FRAPPAZ", Actual_username_user4, false): Actual text 'Alexandra FRAPPAZ' and expected text 'Alexandra FRAPPAZ' are matched 

2022-06-23 19:44:31 - [MESSAGE][PASSED] - Actual text 'Alexandra FRAPPAZ' and expected text 'Alexandra FRAPPAZ' are matched 

2022-06-23 19:44:31 - [TEST_STEP][PASSED] - takeScreenshot(): Taking screenshot successfully

2022-06-23 19:44:32 - [MESSAGE][PASSED] - Taking screenshot successfully
[[ATTACHMENT|D:\\Projet Test Auto\\Mediabox Test Automation\\Reports\\20220623_184212\\03. Parallel Testing (Testing)\\TS -PT PART 3\\06. NPP Partial Submission Mass Submit\\20220623_184219\\1656006272238.png]]

2022-06-23 19:44:32 - [TEST_STEP][PASSED] - I.Logout_xpath("//*[@id="kt_header"]/div/div[2]/div[2]/div[1]/div/span/img", "//*[@id="kt_header"]/div/div[2]/div[2]/div[2]/a[2]"): Wait for page load successfully

2022-06-23 19:44:36 - [MESSAGE][PASSED] - Object: 'Object Repository/1. Constant/xpath' is clicked on

2022-06-23 19:44:37 - [MESSAGE][PASSED] - Delayed 1 second(s)

2022-06-23 19:44:40 - [MESSAGE][PASSED] - Object: 'Object Repository/1. Constant/xpath' is clicked on

2022-06-23 19:44:41 - [MESSAGE][PASSED] - Delayed 1 second(s)

2022-06-23 19:44:41 - [MESSAGE][PASSED] - Wait for page load successfully

2022-06-23 19:44:41 - [TEST_STEP][PASSED] - I.Login_password("abrazhnikovapx", password_abrazhnikovapx): Object: 'Object Repository/1. Constant/xpath' is clicked on

2022-06-23 19:44:44 - [MESSAGE][PASSED] - Text 'abrazhnikovapx' is set on object 'Object Repository/1. Constant/xpath'

2022-06-23 19:44:45 - [MESSAGE][PASSED] - Delayed 1 second(s)

2022-06-23 19:44:47 - [MESSAGE][PASSED] - Text 'dchi3' is set on object 'Object Repository/1. Constant/xpath'

2022-06-23 19:44:48 - [MESSAGE][PASSED] - Delayed 1 second(s)

2022-06-23 19:44:57 - [MESSAGE][PASSED] - Object: 'Object Repository/1. Constant/xpath' is clicked on

2022-06-23 19:44:57 - [TEST_STEP][PASSED] - click(findTestObject("1. Constant/02_LHSMenu_Projects")): Object: 'Object Repository/1. Constant/02_LHSMenu_Projects' is clicked on

2022-06-23 19:45:08 - [MESSAGE][PASSED] - Object: 'Object Repository/1. Constant/02_LHSMenu_Projects' is clicked on

2022-06-23 19:45:08 - [TEST_STEP][PASSED] - I.SearchProjectNo_xpath(Project_No, "//*[@id="keynum_project"]", "//*[@id="form_filters"]/div[20]/button"): Delayed 5 second(s)

2022-06-23 19:45:09 - [MESSAGE][PASSED] - Delayed 1 second(s)

2022-06-23 19:45:14 - [MESSAGE][PASSED] - Text 'MI001076' is set on object 'Object Repository/1. Constant/xpath'

2022-06-23 19:45:17 - [MESSAGE][PASSED] - Delayed 3 second(s)

2022-06-23 19:45:18 - [MESSAGE][PASSED] - Scroll to object 'Object Repository/1. Constant/xpath' successfully

2022-06-23 19:45:25 - [MESSAGE][PASSED] - Object: 'Object Repository/1. Constant/xpath' is clicked on

2022-06-23 19:45:30 - [MESSAGE][PASSED] - Delayed 5 second(s)

2022-06-23 19:45:30 - [TEST_STEP][PASSED] - delay(5): Delayed 5 second(s)

2022-06-23 19:45:35 - [MESSAGE][PASSED] - Delayed 5 second(s)

2022-06-23 19:45:35 - [TEST_STEP][PASSED] - takeScreenshot(): Taking screenshot successfully

2022-06-23 19:45:36 - [MESSAGE][PASSED] - Taking screenshot successfully
[[ATTACHMENT|D:\\Projet Test Auto\\Mediabox Test Automation\\Reports\\20220623_184212\\03. Parallel Testing (Testing)\\TS -PT PART 3\\06. NPP Partial Submission Mass Submit\\20220623_184219\\1656006335725.png]]

2022-06-23 19:45:36 - [TEST_STEP][PASSED] - click(findTestObject("1. Constant/xpath", ["xpath":"//*[@id="fiches"]/table/tbody/tr/td[12]/a"])): Object: 'Object Repository/1. Constant/xpath' is clicked on

2022-06-23 19:45:40 - [MESSAGE][PASSED] - Object: 'Object Repository/1. Constant/xpath' is clicked on

2022-06-23 19:45:40 - [TEST_STEP][PASSED] - click(findTestObject("1. Constant/xpath", ["xpath":"//*[@id="ModifFiche"]/div[1]/div/button[2]"])): Object: 'Object Repository/1. Constant/xpath' is clicked on

2022-06-23 19:45:49 - [MESSAGE][PASSED] - Object: 'Object Repository/1. Constant/xpath' is clicked on

2022-06-23 19:45:49 - [TEST_STEP][PASSED] - delay(1): Delayed 1 second(s)

2022-06-23 19:45:50 - [MESSAGE][PASSED] - Delayed 1 second(s)

2022-06-23 19:45:50 - [TEST_STEP][PASSED] - Lifecycle_LSS_actual_user1 = getText(findTestObject("1. Constant/xpath", ["xpath":"//*[@id="fiches"]/table/tbody/tr/td[9]/span[2]"])): Text of object 'Object Repository/1. Constant/xpath' is: 'LSS Creation'

2022-06-23 19:45:51 - [MESSAGE][PASSED] - Text of object 'Object Repository/1. Constant/xpath' is: 'LSS Creation'

2022-06-23 19:45:51 - [TEST_STEP][PASSED] - verifyMatch("LSS Creation", Lifecycle_LSS_actual_user1, false): Actual text 'LSS Creation' and expected text 'LSS Creation' are matched 

2022-06-23 19:45:51 - [MESSAGE][PASSED] - Actual text 'LSS Creation' and expected text 'LSS Creation' are matched 

2022-06-23 19:45:51 - [TEST_STEP][PASSED] - takeScreenshot(): Taking screenshot successfully

2022-06-23 19:45:52 - [MESSAGE][PASSED] - Taking screenshot successfully
[[ATTACHMENT|D:\\Projet Test Auto\\Mediabox Test Automation\\Reports\\20220623_184212\\03. Parallel Testing (Testing)\\TS -PT PART 3\\06. NPP Partial Submission Mass Submit\\20220623_184219\\1656006351987.png]]

2022-06-23 19:45:52 - [TEST_STEP][PASSED] - click(findTestObject("1. Constant/xpath", ["xpath":"//*[@id="fiches"]/table/tbody/tr/td[5]/a"])): Object: 'Object Repository/1. Constant/xpath' is clicked on

2022-06-23 19:45:56 - [MESSAGE][PASSED] - Object: 'Object Repository/1. Constant/xpath' is clicked on

2022-06-23 19:45:56 - [TEST_STEP][PASSED] - delay(2): Delayed 2 second(s)

2022-06-23 19:45:58 - [MESSAGE][PASSED] - Delayed 2 second(s)

2022-06-23 19:45:58 - [TEST_STEP][PASSED] - click(findTestObject("1. Constant/xpath", ["xpath":"//*[@id="kt_content"]/div[3]/div/ul/li[3]/a"])): Object: 'Object Repository/1. Constant/xpath' is clicked on

2022-06-23 19:46:00 - [MESSAGE][PASSED] - Object: 'Object Repository/1. Constant/xpath' is clicked on

2022-06-23 19:46:00 - [TEST_STEP][PASSED] - delay(2): Delayed 2 second(s)

2022-06-23 19:46:02 - [MESSAGE][PASSED] - Delayed 2 second(s)

2022-06-23 19:46:02 - [TEST_STEP][PASSED] - Actual_submittedby_user1 = getText(findTestObject("1. Constant/xpath", ["xpath":"/html/body/div[1]/div[2]/div[8]/div[3]/div/div[3]/div[3]/div/div/div[1]/div/div[2]/div/div[2]/h5[2]"])): Text of object 'Object Repository/1. Constant/xpath' is: 'Submitted by'

2022-06-23 19:46:04 - [MESSAGE][PASSED] - Text of object 'Object Repository/1. Constant/xpath' is: 'Submitted by'

2022-06-23 19:46:04 - [TEST_STEP][PASSED] - verifyMatch("Submitted by", Actual_submittedby_user1, false): Actual text 'Submitted by' and expected text 'Submitted by' are matched 

2022-06-23 19:46:04 - [MESSAGE][PASSED] - Actual text 'Submitted by' and expected text 'Submitted by' are matched 

2022-06-23 19:46:04 - [TEST_STEP][PASSED] - Actual_username_user1 = getText(findTestObject("1. Constant/xpath", ["xpath":"/html/body/div[1]/div[2]/div[8]/div[3]/div/div[3]/div[3]/div/div/div[1]/div/div[2]/div/div[2]/div[2]/div[2]/div/div[3]"])): Text of object 'Object Repository/1. Constant/xpath' is: 'Anastasiia BRAZHNIKOVA PX'

2022-06-23 19:46:06 - [MESSAGE][PASSED] - Text of object 'Object Repository/1. Constant/xpath' is: 'Anastasiia BRAZHNIKOVA PX'

2022-06-23 19:46:06 - [TEST_STEP][PASSED] - verifyMatch("Anastasiia BRAZHNIKOVA PX", Actual_username_user1, false): Actual text 'Anastasiia BRAZHNIKOVA PX' and expected text 'Anastasiia BRAZHNIKOVA PX' are matched 

2022-06-23 19:46:06 - [MESSAGE][PASSED] - Actual text 'Anastasiia BRAZHNIKOVA PX' and expected text 'Anastasiia BRAZHNIKOVA PX' are matched 

2022-06-23 19:46:06 - [TEST_STEP][PASSED] - takeScreenshot(): Taking screenshot successfully

2022-06-23 19:46:07 - [MESSAGE][PASSED] - Taking screenshot successfully
[[ATTACHMENT|D:\\Projet Test Auto\\Mediabox Test Automation\\Reports\\20220623_184212\\03. Parallel Testing (Testing)\\TS -PT PART 3\\06. NPP Partial Submission Mass Submit\\20220623_184219\\1656006366719.png]]

2022-06-23 19:46:07 - [TEST_STEP][PASSED] - I.Logout_xpath("//*[@id="kt_header"]/div/div[2]/div[2]/div[1]/div/span/img", "//*[@id="kt_header"]/div/div[2]/div[2]/div[2]/a[2]"): Wait for page load successfully

2022-06-23 19:46:07 - [MESSAGE][PASSED] - Object: 'Object Repository/1. Constant/xpath' is clicked on

2022-06-23 19:46:08 - [MESSAGE][PASSED] - Delayed 1 second(s)

2022-06-23 19:46:13 - [MESSAGE][PASSED] - Object: 'Object Repository/1. Constant/xpath' is clicked on

2022-06-23 19:46:14 - [MESSAGE][PASSED] - Delayed 1 second(s)

2022-06-23 19:46:15 - [MESSAGE][PASSED] - Wait for page load successfully

2022-06-23 19:46:15 - [TEST_STEP][PASSED] - I.Login_password("akim", password_akim): Object: 'Object Repository/1. Constant/xpath' is clicked on

2022-06-23 19:46:17 - [MESSAGE][PASSED] - Text 'akim' is set on object 'Object Repository/1. Constant/xpath'

2022-06-23 19:46:18 - [MESSAGE][PASSED] - Delayed 1 second(s)

2022-06-23 19:46:19 - [MESSAGE][PASSED] - Text 'dchi' is set on object 'Object Repository/1. Constant/xpath'

2022-06-23 19:46:20 - [MESSAGE][PASSED] - Delayed 1 second(s)

2022-06-23 19:46:26 - [MESSAGE][PASSED] - Object: 'Object Repository/1. Constant/xpath' is clicked on

2022-06-23 19:46:26 - [TEST_STEP][PASSED] - click(findTestObject("1. Constant/02_LHSMenu_Projects")): Object: 'Object Repository/1. Constant/02_LHSMenu_Projects' is clicked on

2022-06-23 19:46:35 - [MESSAGE][PASSED] - Object: 'Object Repository/1. Constant/02_LHSMenu_Projects' is clicked on

2022-06-23 19:46:35 - [TEST_STEP][PASSED] - I.SearchProjectNo_xpath(Project_No, "//*[@id="keynum_project"]", "//*[@id="form_filters"]/div[20]/button"): Delayed 5 second(s)

2022-06-23 19:46:36 - [MESSAGE][PASSED] - Delayed 1 second(s)

2022-06-23 19:46:38 - [MESSAGE][PASSED] - Text 'MI001076' is set on object 'Object Repository/1. Constant/xpath'

2022-06-23 19:46:41 - [MESSAGE][PASSED] - Delayed 3 second(s)

2022-06-23 19:46:43 - [MESSAGE][PASSED] - Scroll to object 'Object Repository/1. Constant/xpath' successfully

2022-06-23 19:46:50 - [MESSAGE][PASSED] - Object: 'Object Repository/1. Constant/xpath' is clicked on

2022-06-23 19:46:55 - [MESSAGE][PASSED] - Delayed 5 second(s)

2022-06-23 19:46:55 - [TEST_STEP][PASSED] - delay(5): Delayed 5 second(s)

2022-06-23 19:47:00 - [MESSAGE][PASSED] - Delayed 5 second(s)

2022-06-23 19:47:00 - [TEST_STEP][PASSED] - takeScreenshot(): Taking screenshot successfully

2022-06-23 19:47:01 - [MESSAGE][PASSED] - Taking screenshot successfully
[[ATTACHMENT|D:\\Projet Test Auto\\Mediabox Test Automation\\Reports\\20220623_184212\\03. Parallel Testing (Testing)\\TS -PT PART 3\\06. NPP Partial Submission Mass Submit\\20220623_184219\\1656006420786.png]]

2022-06-23 19:47:01 - [TEST_STEP][PASSED] - click(findTestObject("1. Constant/xpath", ["xpath":"//*[@id="fiches"]/table/tbody/tr/td[9]/a"])): Object: 'Object Repository/1. Constant/xpath' is clicked on

2022-06-23 19:47:06 - [MESSAGE][PASSED] - Object: 'Object Repository/1. Constant/xpath' is clicked on

2022-06-23 19:47:06 - [TEST_STEP][PASSED] - click(findTestObject("1. Constant/xpath", ["xpath":"//*[@id="ModifFiche"]/div[1]/div/button[2]"])): Object: 'Object Repository/1. Constant/xpath' is clicked on

2022-06-23 19:47:16 - [MESSAGE][PASSED] - Object: 'Object Repository/1. Constant/xpath' is clicked on

2022-06-23 19:47:16 - [TEST_STEP][PASSED] - delay(1): Delayed 1 second(s)

2022-06-23 19:47:17 - [MESSAGE][PASSED] - Delayed 1 second(s)

2022-06-23 19:47:17 - [TEST_STEP][PASSED] - Lifecycle_LSS_actual_user5 = getText(findTestObject("1. Constant/xpath", ["xpath":"//*[@id="fiches"]/table/tbody/tr/td[7]/span[2]"])): Text of object 'Object Repository/1. Constant/xpath' is: 'PP Approval'

2022-06-23 19:47:18 - [MESSAGE][PASSED] - Text of object 'Object Repository/1. Constant/xpath' is: 'PP Approval'

2022-06-23 19:47:18 - [TEST_STEP][PASSED] - verifyMatch("PP Approval", Lifecycle_LSS_actual_user5, false): Actual text 'PP Approval' and expected text 'PP Approval' are matched 

2022-06-23 19:47:18 - [MESSAGE][PASSED] - Actual text 'PP Approval' and expected text 'PP Approval' are matched 

2022-06-23 19:47:18 - [TEST_STEP][PASSED] - takeScreenshot(): Taking screenshot successfully

2022-06-23 19:47:19 - [MESSAGE][PASSED] - Taking screenshot successfully
[[ATTACHMENT|D:\\Projet Test Auto\\Mediabox Test Automation\\Reports\\20220623_184212\\03. Parallel Testing (Testing)\\TS -PT PART 3\\06. NPP Partial Submission Mass Submit\\20220623_184219\\1656006438694.png]]

2022-06-23 19:47:19 - [TEST_STEP][PASSED] - click(findTestObject("1. Constant/xpath", ["xpath":"//*[@id="fiches"]/table/tbody/tr/td[5]/a"])): Object: 'Object Repository/1. Constant/xpath' is clicked on

2022-06-23 19:47:25 - [MESSAGE][PASSED] - Object: 'Object Repository/1. Constant/xpath' is clicked on

2022-06-23 19:47:25 - [TEST_STEP][PASSED] - delay(2): Delayed 2 second(s)

2022-06-23 19:47:27 - [MESSAGE][PASSED] - Delayed 2 second(s)

2022-06-23 19:47:27 - [TEST_STEP][PASSED] - click(findTestObject("1. Constant/xpath", ["xpath":"//*[@id="kt_content"]/div[3]/div/ul/li[3]/a"])): Object: 'Object Repository/1. Constant/xpath' is clicked on

2022-06-23 19:47:31 - [MESSAGE][PASSED] - Object: 'Object Repository/1. Constant/xpath' is clicked on

2022-06-23 19:47:31 - [TEST_STEP][PASSED] - delay(2): Delayed 2 second(s)

2022-06-23 19:47:33 - [MESSAGE][PASSED] - Delayed 2 second(s)

2022-06-23 19:47:33 - [TEST_STEP][PASSED] - takeScreenshot(): Taking screenshot successfully

2022-06-23 19:47:37 - [MESSAGE][PASSED] - Taking screenshot successfully
[[ATTACHMENT|D:\\Projet Test Auto\\Mediabox Test Automation\\Reports\\20220623_184212\\03. Parallel Testing (Testing)\\TS -PT PART 3\\06. NPP Partial Submission Mass Submit\\20220623_184219\\1656006455399.png]]

2022-06-23 19:47:37 - [TEST_STEP][PASSED] - delay(1): Delayed 1 second(s)

2022-06-23 19:47:38 - [MESSAGE][PASSED] - Delayed 1 second(s)

2022-06-23 19:47:38 - [TEST_STEP][PASSED] - click(findTestObject("1. Constant/xpath", ["xpath":"/html/body/div[1]/div[2]/div[8]/div[3]/div/div[3]/div[3]/div/ul/li[1]/a"])): Object: 'Object Repository/1. Constant/xpath' is clicked on

2022-06-23 19:47:42 - [MESSAGE][PASSED] - Object: 'Object Repository/1. Constant/xpath' is clicked on

2022-06-23 19:47:42 - [TEST_STEP][PASSED] - click(findTestObject("1. Constant/xpath", ["xpath":"/html/body/div[1]/div[2]/div[8]/div[3]/div/div[3]/div[3]/div/div/div[1]/div/div[2]/div/div[1]/div[2]/a"])): Object: 'Object Repository/1. Constant/xpath' is clicked on

2022-06-23 19:47:44 - [MESSAGE][PASSED] - Object: 'Object Repository/1. Constant/xpath' is clicked on

2022-06-23 19:47:44 - [TEST_STEP][PASSED] - Actual_submittedby_user5 = getText(findTestObject("1. Constant/xpath", ["xpath":"/html/body/div[1]/div[2]/div[8]/div[3]/div/div[3]/div[3]/div/div/div[1]/div/div[2]/div/div[2]/h5[2]"])): Text of object 'Object Repository/1. Constant/xpath' is: 'Submitted by'

2022-06-23 19:47:44 - [MESSAGE][PASSED] - Text of object 'Object Repository/1. Constant/xpath' is: 'Submitted by'

2022-06-23 19:47:44 - [TEST_STEP][PASSED] - verifyMatch("Submitted by", Actual_submittedby_user5, false): Actual text 'Submitted by' and expected text 'Submitted by' are matched 

2022-06-23 19:47:44 - [MESSAGE][PASSED] - Actual text 'Submitted by' and expected text 'Submitted by' are matched 

2022-06-23 19:47:44 - [TEST_STEP][PASSED] - Actual_username_user5 = getText(findTestObject("1. Constant/xpath", ["xpath":"/html/body/div[1]/div[2]/div[8]/div[3]/div/div[3]/div[3]/div/div/div[1]/div/div[2]/div/div[2]/div[2]/div[3]/div/div[3]"])): Text of object 'Object Repository/1. Constant/xpath' is: 'Anna KIM'

2022-06-23 19:47:46 - [MESSAGE][PASSED] - Text of object 'Object Repository/1. Constant/xpath' is: 'Anna KIM'

2022-06-23 19:47:46 - [TEST_STEP][PASSED] - verifyMatch("Anna KIM", Actual_username_user5, false): Actual text 'Anna KIM' and expected text 'Anna KIM' are matched 

2022-06-23 19:47:46 - [MESSAGE][PASSED] - Actual text 'Anna KIM' and expected text 'Anna KIM' are matched 

2022-06-23 19:47:46 - [TEST_STEP][PASSED] - takeScreenshot(): Taking screenshot successfully

2022-06-23 19:47:47 - [MESSAGE][PASSED] - Taking screenshot successfully
[[ATTACHMENT|D:\\Projet Test Auto\\Mediabox Test Automation\\Reports\\20220623_184212\\03. Parallel Testing (Testing)\\TS -PT PART 3\\06. NPP Partial Submission Mass Submit\\20220623_184219\\1656006466717.png]]

2022-06-23 19:47:47 - [TEST_STEP][PASSED] - I.Logout_xpath("//*[@id="kt_header"]/div/div[2]/div[2]/div[1]/div/span/img", "//*[@id="kt_header"]/div/div[2]/div[2]/div[2]/a[2]"): Wait for page load successfully

2022-06-23 19:47:51 - [MESSAGE][PASSED] - Object: 'Object Repository/1. Constant/xpath' is clicked on

2022-06-23 19:47:52 - [MESSAGE][PASSED] - Delayed 1 second(s)

2022-06-23 19:48:01 - [MESSAGE][PASSED] - Object: 'Object Repository/1. Constant/xpath' is clicked on

2022-06-23 19:48:02 - [MESSAGE][PASSED] - Delayed 1 second(s)

2022-06-23 19:48:02 - [MESSAGE][PASSED] - Wait for page load successfully

2022-06-23 19:48:02 - [TEST_STEP][PASSED] - closeBrowser(): Browser is closed

2022-06-23 19:48:08 - [MESSAGE][PASSED] - Browser is closed

2022-06-23 19:48:08 - [TEST_STEP][PASSED] - Start listener action : sampleAfterTestCase: null]]></system-out>
         <system-err><![CDATA[]]></system-err>
      </testcase>
      <testcase name="Test Cases/08. NPP_Dreyers_Partial submission (new)/8.02 NPP Partial submission (backup filtered group) P1 (6.06)" time="552.158" classname="Test Cases/08. NPP_Dreyers_Partial submission (new)/8.02 NPP Partial submission (backup filtered group) P1 (6.06)" status="PASSED">
         <system-out><![CDATA[2022-06-23 19:48:08 - [TEST_CASE][PASSED] - Test Cases/08. NPP_Dreyers_Partial submission (new)/8.02 NPP Partial submission (backup filtered group) P1 (6.06): Test Cases/08. NPP_Dreyers_Partial submission (new)/8.02 NPP Partial submission (backup filtered group) P1 (6.06)

2022-06-23 19:48:09 - [TEST_STEP][PASSED] - data_Npp = findTestData("Data Files/Username_Password/Npp"): null

2022-06-23 19:48:09 - [TEST_STEP][PASSED] - password_ncur = data_Npp.getValue(2, 1): null

2022-06-23 19:48:09 - [TEST_STEP][PASSED] - password_akim = data_Npp.getValue(2, 2): null

2022-06-23 19:48:09 - [TEST_STEP][PASSED] - password_sschunke = data_Npp.getValue(2, 3): null

2022-06-23 19:48:09 - [TEST_STEP][PASSED] - password_abrazhnikovapx = data_Npp.getValue(2, 4): null

2022-06-23 19:48:09 - [TEST_STEP][PASSED] - password_afrappaz = data_Npp.getValue(2, 5): null

2022-06-23 19:48:09 - [TEST_STEP][PASSED] - password_alarkins = data_Npp.getValue(2, 6): null

2022-06-23 19:48:09 - [TEST_STEP][PASSED] - password_cdemonchy = data_Npp.getValue(2, 7): null

2022-06-23 19:48:09 - [TEST_STEP][PASSED] - data_urlRELAUTO = findTestData("Data Files/URL/URL_relauto"): null

2022-06-23 19:48:09 - [TEST_STEP][PASSED] - Url_Npp = data_urlRELAUTO.getValue(2, 5): null

2022-06-23 19:48:09 - [TEST_STEP][PASSED] - I.clearnotepad("D:\Upoad_File\Projet_ Login\NPP\8.02\8.02_NPP_ProjectNo.txt"): null

2022-06-23 19:48:09 - [TEST_STEP][PASSED] - I.clearnotepad("D:\Upoad_File\Projet_ Login\NPP\8.02\8.02_NPP_refID.txt"): null

2022-06-23 19:48:09 - [TEST_STEP][PASSED] - openBrowser(Url_Npp): Browser is opened with url: ' http://mdb-release.diadeis.lan/MediaboxIndependence/?MBI_datasource=RELTESTAUTO_NPP'

2022-06-23 19:48:09 - [MESSAGE][INFO] - Starting 'Chrome (headless)' driver

2022-06-23 19:48:09 - [MESSAGE][INFO] - User set preference: ['args', '[--window-size=1920,1080, --headless]']

2022-06-23 19:48:09 - [MESSAGE][INFO] - Action delay is set to 0 milliseconds

2022-06-23 19:48:33 - [MESSAGE][PASSED] - Browser is opened with url: ' http://mdb-release.diadeis.lan/MediaboxIndependence/?MBI_datasource=RELTESTAUTO_NPP'

2022-06-23 19:48:33 - [TEST_STEP][PASSED] - takeScreenshot(): Taking screenshot successfully

2022-06-23 19:48:34 - [MESSAGE][PASSED] - Taking screenshot successfully
[[ATTACHMENT|D:\\Projet Test Auto\\Mediabox Test Automation\\Reports\\20220623_184212\\03. Parallel Testing (Testing)\\TS -PT PART 3\\06. NPP Partial Submission Mass Submit\\20220623_184219\\1656006514123.png]]

2022-06-23 19:48:34 - [TEST_STEP][PASSED] - I.Login_password("akim", password_akim): Object: 'Object Repository/1. Constant/xpath' is clicked on

2022-06-23 19:48:38 - [MESSAGE][PASSED] - Text 'akim' is set on object 'Object Repository/1. Constant/xpath'

2022-06-23 19:48:39 - [MESSAGE][PASSED] - Delayed 1 second(s)

2022-06-23 19:48:41 - [MESSAGE][PASSED] - Text 'dchi' is set on object 'Object Repository/1. Constant/xpath'

2022-06-23 19:48:42 - [MESSAGE][PASSED] - Delayed 1 second(s)

2022-06-23 19:48:58 - [MESSAGE][PASSED] - Object: 'Object Repository/1. Constant/xpath' is clicked on

2022-06-23 19:48:58 - [TEST_STEP][PASSED] - maximizeWindow(): Current window maximized

2022-06-23 19:48:59 - [MESSAGE][PASSED] - Current window maximized

2022-06-23 19:48:59 - [TEST_STEP][PASSED] - "Screenshot: Log as Product manager": null

2022-06-23 19:48:59 - [TEST_STEP][PASSED] - click(findTestObject("1. Constant/02_LHSMenu_Projects")): Object: 'Object Repository/1. Constant/02_LHSMenu_Projects' is clicked on

2022-06-23 19:49:10 - [MESSAGE][PASSED] - Object: 'Object Repository/1. Constant/02_LHSMenu_Projects' is clicked on

2022-06-23 19:49:10 - [TEST_STEP][PASSED] - click(findTestObject("xxx Todelete/3 ProjectListPage_Create_Project_Button")): Object: 'Object Repository/xxx Todelete/3 ProjectListPage_Create_Project_Button' is clicked on

2022-06-23 19:49:17 - [MESSAGE][PASSED] - Object: 'Object Repository/xxx Todelete/3 ProjectListPage_Create_Project_Button' is clicked on

2022-06-23 19:49:17 - [TEST_STEP][PASSED] - takeScreenshot(): Taking screenshot successfully

2022-06-23 19:49:17 - [MESSAGE][PASSED] - Taking screenshot successfully
[[ATTACHMENT|D:\\Projet Test Auto\\Mediabox Test Automation\\Reports\\20220623_184212\\03. Parallel Testing (Testing)\\TS -PT PART 3\\06. NPP Partial Submission Mass Submit\\20220623_184219\\1656006557488.png]]

2022-06-23 19:49:17 - [TEST_STEP][PASSED] - "On the modify project page : Fill in all field": null

2022-06-23 19:49:17 - [TEST_STEP][PASSED] - LSSNumber_name = "AutoTest_Npp_FullLifecycle_" + RandomStringUtils.randomAlphanumeric(10) + "_" + I.gettimedate(): null

2022-06-23 19:49:17 - [TEST_STEP][PASSED] - setText(findTestObject("1. Constant/xpath", ["xpath":"//*[@id="var_70"]"]), LSSNumber_name): Text 'AutoTest_Npp_FullLifecycle_0B35wvi0ld_juin232022_194917' is set on object 'Object Repository/1. Constant/xpath'

2022-06-23 19:49:19 - [MESSAGE][PASSED] - Text 'AutoTest_Npp_FullLifecycle_0B35wvi0ld_juin232022_194917' is set on object 'Object Repository/1. Constant/xpath'

2022-06-23 19:49:19 - [TEST_STEP][PASSED] - I.SelectFromList_Value("//*[@id="var_107"]", "2420"): Delayed 2 second(s)

2022-06-23 19:49:20 - [MESSAGE][PASSED] - All options with value '2420' are selected in object 'Object Repository/1. Constant/xpath' 

2022-06-23 19:49:22 - [MESSAGE][PASSED] - Delayed 2 second(s)

2022-06-23 19:49:22 - [TEST_STEP][PASSED] - I.select_multiplelist("//*[@id="selSource_108"]", "//*[@id="btnAdd_108"]", "2354"): Delayed 1 second(s)

2022-06-23 19:49:23 - [MESSAGE][PASSED] - Delayed 1 second(s)

2022-06-23 19:49:25 - [MESSAGE][PASSED] - All options with value '2354' are selected in object 'Object Repository/1. Constant/xpath' 

2022-06-23 19:49:27 - [MESSAGE][PASSED] - Delayed 2 second(s)

2022-06-23 19:49:28 - [MESSAGE][PASSED] - Object: 'Object Repository/1. Constant/xpath' is clicked on

2022-06-23 19:49:29 - [MESSAGE][PASSED] - Delayed 1 second(s)

2022-06-23 19:49:29 - [TEST_STEP][PASSED] - setText(findTestObject("1. Constant/xpath", ["xpath":"//*[@id="var_110"]"]), "Variety test"): Text 'Variety test' is set on object 'Object Repository/1. Constant/xpath'

2022-06-23 19:49:31 - [MESSAGE][PASSED] - Text 'Variety test' is set on object 'Object Repository/1. Constant/xpath'

2022-06-23 19:49:31 - [TEST_STEP][PASSED] - setText(findTestObject("1. Constant/xpath", ["xpath":"//*[@id="var_133"]"]), "Alternative Format code test "): Text 'Alternative Format code test ' is set on object 'Object Repository/1. Constant/xpath'

2022-06-23 19:49:34 - [MESSAGE][PASSED] - Text 'Alternative Format code test ' is set on object 'Object Repository/1. Constant/xpath'

2022-06-23 19:49:34 - [TEST_STEP][PASSED] - setText(findTestObject("1. Constant/xpath", ["xpath":"//*[@id="var_65"]"]), "FORMAT Product designation test "): Text 'FORMAT Product designation test ' is set on object 'Object Repository/1. Constant/xpath'

2022-06-23 19:49:35 - [MESSAGE][PASSED] - Text 'FORMAT Product designation test ' is set on object 'Object Repository/1. Constant/xpath'

2022-06-23 19:49:35 - [TEST_STEP][PASSED] - I.select_multiplelist("//*[@id="selSource_91"]", "//*[@id="btnAdd_91"]", "1023"): Delayed 1 second(s)

2022-06-23 19:49:36 - [MESSAGE][PASSED] - Delayed 1 second(s)

2022-06-23 19:49:38 - [MESSAGE][PASSED] - All options with value '1023' are selected in object 'Object Repository/1. Constant/xpath' 

2022-06-23 19:49:40 - [MESSAGE][PASSED] - Delayed 2 second(s)

2022-06-23 19:49:42 - [MESSAGE][PASSED] - Object: 'Object Repository/1. Constant/xpath' is clicked on

2022-06-23 19:49:43 - [MESSAGE][PASSED] - Delayed 1 second(s)

2022-06-23 19:49:43 - [TEST_STEP][PASSED] - setText(findTestObject("1. Constant/xpath", ["xpath":"//*[@id="var_71"]"]), "25/08/2021"): Text '25/08/2021' is set on object 'Object Repository/1. Constant/xpath'

2022-06-23 19:49:44 - [MESSAGE][PASSED] - Text '25/08/2021' is set on object 'Object Repository/1. Constant/xpath'

2022-06-23 19:49:44 - [TEST_STEP][PASSED] - setText(findTestObject("1. Constant/xpath", ["xpath":"//*[@id="var_89"]"]), "Project Information - Comments"): Text 'Project Information - Comments' is set on object 'Object Repository/1. Constant/xpath'

2022-06-23 19:49:46 - [MESSAGE][PASSED] - Text 'Project Information - Comments' is set on object 'Object Repository/1. Constant/xpath'

2022-06-23 19:49:46 - [TEST_STEP][PASSED] - setText(findTestObject("1. Constant/xpath", ["xpath":"//*[@id="var_93"]"]), "Reason for change test"): Text 'Reason for change test' is set on object 'Object Repository/1. Constant/xpath'

2022-06-23 19:49:48 - [MESSAGE][PASSED] - Text 'Reason for change test' is set on object 'Object Repository/1. Constant/xpath'

2022-06-23 19:49:48 - [TEST_STEP][PASSED] - I.select_multiplelist("//*[@id="selSource_54"]", "//*[@id="btnAdd_54"]", "1081"): Delayed 1 second(s)

2022-06-23 19:49:49 - [MESSAGE][PASSED] - Delayed 1 second(s)

2022-06-23 19:49:51 - [MESSAGE][PASSED] - All options with value '1081' are selected in object 'Object Repository/1. Constant/xpath' 

2022-06-23 19:49:53 - [MESSAGE][PASSED] - Delayed 2 second(s)

2022-06-23 19:49:54 - [MESSAGE][PASSED] - Object: 'Object Repository/1. Constant/xpath' is clicked on

2022-06-23 19:49:55 - [MESSAGE][PASSED] - Delayed 1 second(s)

2022-06-23 19:49:55 - [TEST_STEP][PASSED] - delay(5): Delayed 5 second(s)

2022-06-23 19:50:00 - [MESSAGE][PASSED] - Delayed 5 second(s)

2022-06-23 19:50:00 - [TEST_STEP][PASSED] - I.select_multiplelist("//*[@id="selSource_106"]", "//*[@id="btnAdd_106"]", "2787"): Delayed 1 second(s)

2022-06-23 19:50:01 - [MESSAGE][PASSED] - Delayed 1 second(s)

2022-06-23 19:50:03 - [MESSAGE][PASSED] - All options with value '2787' are selected in object 'Object Repository/1. Constant/xpath' 

2022-06-23 19:50:05 - [MESSAGE][PASSED] - Delayed 2 second(s)

2022-06-23 19:50:06 - [MESSAGE][PASSED] - Object: 'Object Repository/1. Constant/xpath' is clicked on

2022-06-23 19:50:07 - [MESSAGE][PASSED] - Delayed 1 second(s)

2022-06-23 19:50:07 - [TEST_STEP][PASSED] - I.SelectFromList_Value("//*[@id="var_92"]", "1298"): Delayed 2 second(s)

2022-06-23 19:50:09 - [MESSAGE][PASSED] - All options with value '1298' are selected in object 'Object Repository/1. Constant/xpath' 

2022-06-23 19:50:11 - [MESSAGE][PASSED] - Delayed 2 second(s)

2022-06-23 19:50:11 - [TEST_STEP][PASSED] - I.select_multiplelist("//*[@id="selSource_88"]", "//*[@id="btnAdd_88"]", "1303"): Delayed 1 second(s)

2022-06-23 19:50:12 - [MESSAGE][PASSED] - Delayed 1 second(s)

2022-06-23 19:50:13 - [MESSAGE][PASSED] - All options with value '1303' are selected in object 'Object Repository/1. Constant/xpath' 

2022-06-23 19:50:15 - [MESSAGE][PASSED] - Delayed 2 second(s)

2022-06-23 19:50:16 - [MESSAGE][PASSED] - Object: 'Object Repository/1. Constant/xpath' is clicked on

2022-06-23 19:50:17 - [MESSAGE][PASSED] - Delayed 1 second(s)

2022-06-23 19:50:17 - [TEST_STEP][PASSED] - I.select_multiplelist("//*[@id="selSource_86"]", "//*[@id="btnAdd_86"]", "1310"): Delayed 1 second(s)

2022-06-23 19:50:19 - [MESSAGE][PASSED] - Delayed 1 second(s)

2022-06-23 19:50:20 - [MESSAGE][PASSED] - All options with value '1310' are selected in object 'Object Repository/1. Constant/xpath' 

2022-06-23 19:50:22 - [MESSAGE][PASSED] - Delayed 2 second(s)

2022-06-23 19:50:23 - [MESSAGE][PASSED] - Object: 'Object Repository/1. Constant/xpath' is clicked on

2022-06-23 19:50:24 - [MESSAGE][PASSED] - Delayed 1 second(s)

2022-06-23 19:50:24 - [TEST_STEP][PASSED] - I.select_multiplelist("//*[@id="selSource_57"]", "//*[@id="btnAdd_57"]", "2304"): Delayed 1 second(s)

2022-06-23 19:50:25 - [MESSAGE][PASSED] - Delayed 1 second(s)

2022-06-23 19:50:26 - [MESSAGE][PASSED] - All options with value '2304' are selected in object 'Object Repository/1. Constant/xpath' 

2022-06-23 19:50:28 - [MESSAGE][PASSED] - Delayed 2 second(s)

2022-06-23 19:50:29 - [MESSAGE][PASSED] - Object: 'Object Repository/1. Constant/xpath' is clicked on

2022-06-23 19:50:30 - [MESSAGE][PASSED] - Delayed 1 second(s)

2022-06-23 19:50:30 - [TEST_STEP][PASSED] - I.SelectFromList_Value("//*[@id="var_87"]", "971"): Delayed 2 second(s)

2022-06-23 19:50:35 - [MESSAGE][PASSED] - All options with value '971' are selected in object 'Object Repository/1. Constant/xpath' 

2022-06-23 19:50:37 - [MESSAGE][PASSED] - Delayed 2 second(s)

2022-06-23 19:50:37 - [TEST_STEP][PASSED] - I.SelectFromList_Value("//*[@id="var_109"]", "1325"): Delayed 2 second(s)

2022-06-23 19:50:42 - [MESSAGE][PASSED] - All options with value '1325' are selected in object 'Object Repository/1. Constant/xpath' 

2022-06-23 19:50:44 - [MESSAGE][PASSED] - Delayed 2 second(s)

2022-06-23 19:50:44 - [TEST_STEP][PASSED] - I.SelectFromList_Value("//*[@id="var_52"]", "1330"): Delayed 2 second(s)

2022-06-23 19:50:45 - [MESSAGE][PASSED] - All options with value '1330' are selected in object 'Object Repository/1. Constant/xpath' 

2022-06-23 19:50:47 - [MESSAGE][PASSED] - Delayed 2 second(s)

2022-06-23 19:50:47 - [TEST_STEP][PASSED] - I.select_multiplelist("//*[@id="selSource_67"]", "//*[@id="btnAdd_67"]", "1624"): Delayed 1 second(s)

2022-06-23 19:50:48 - [MESSAGE][PASSED] - Delayed 1 second(s)

2022-06-23 19:50:48 - [MESSAGE][PASSED] - All options with value '1624' are selected in object 'Object Repository/1. Constant/xpath' 

2022-06-23 19:50:50 - [MESSAGE][PASSED] - Delayed 2 second(s)

2022-06-23 19:50:53 - [MESSAGE][PASSED] - Object: 'Object Repository/1. Constant/xpath' is clicked on

2022-06-23 19:50:54 - [MESSAGE][PASSED] - Delayed 1 second(s)

2022-06-23 19:50:54 - [TEST_STEP][PASSED] - I.SelectFromList_Value("//*[@id="var_140"]", "2296"): Delayed 2 second(s)

2022-06-23 19:50:56 - [MESSAGE][PASSED] - All options with value '2296' are selected in object 'Object Repository/1. Constant/xpath' 

2022-06-23 19:50:58 - [MESSAGE][PASSED] - Delayed 2 second(s)

2022-06-23 19:50:58 - [TEST_STEP][PASSED] - I.select_multiplelist("//*[@id="selSource_51"]", "//*[@id="btnAdd_51"]", "1673"): Delayed 1 second(s)

2022-06-23 19:50:59 - [MESSAGE][PASSED] - Delayed 1 second(s)

2022-06-23 19:51:03 - [MESSAGE][PASSED] - All options with value '1673' are selected in object 'Object Repository/1. Constant/xpath' 

2022-06-23 19:51:05 - [MESSAGE][PASSED] - Delayed 2 second(s)

2022-06-23 19:51:06 - [MESSAGE][PASSED] - Object: 'Object Repository/1. Constant/xpath' is clicked on

2022-06-23 19:51:07 - [MESSAGE][PASSED] - Delayed 1 second(s)

2022-06-23 19:51:07 - [TEST_STEP][PASSED] - I.select_multiplelist("//*[@id="selSource_50"]", "//*[@id="btnAdd_50"]", "1681"): Delayed 1 second(s)

2022-06-23 19:51:08 - [MESSAGE][PASSED] - Delayed 1 second(s)

2022-06-23 19:51:11 - [MESSAGE][PASSED] - All options with value '1681' are selected in object 'Object Repository/1. Constant/xpath' 

2022-06-23 19:51:13 - [MESSAGE][PASSED] - Delayed 2 second(s)

2022-06-23 19:51:14 - [MESSAGE][PASSED] - Object: 'Object Repository/1. Constant/xpath' is clicked on

2022-06-23 19:51:15 - [MESSAGE][PASSED] - Delayed 1 second(s)

2022-06-23 19:51:15 - [TEST_STEP][PASSED] - I.SelectFromList_Value("//*[@id="selSource_64"]", "1701"): Delayed 2 second(s)

2022-06-23 19:51:18 - [MESSAGE][PASSED] - All options with value '1701' are selected in object 'Object Repository/1. Constant/xpath' 

2022-06-23 19:51:20 - [MESSAGE][PASSED] - Delayed 2 second(s)

2022-06-23 19:51:20 - [TEST_STEP][PASSED] - I.select_multiplelist("//*[@id="selSource_64"]", "//*[@id="btnAdd_64"]", "1688"): Delayed 1 second(s)

2022-06-23 19:51:21 - [MESSAGE][PASSED] - Delayed 1 second(s)

2022-06-23 19:51:24 - [MESSAGE][PASSED] - All options with value '1688' are selected in object 'Object Repository/1. Constant/xpath' 

2022-06-23 19:51:26 - [MESSAGE][PASSED] - Delayed 2 second(s)

2022-06-23 19:51:28 - [MESSAGE][PASSED] - Object: 'Object Repository/1. Constant/xpath' is clicked on

2022-06-23 19:51:29 - [MESSAGE][PASSED] - Delayed 1 second(s)

2022-06-23 19:51:29 - [TEST_STEP][PASSED] - I.select_multiplelist("//*[@id="selSource_53"]", "//*[@id="btnAdd_53"]", "1701"): Delayed 1 second(s)

2022-06-23 19:51:30 - [MESSAGE][PASSED] - Delayed 1 second(s)

2022-06-23 19:51:35 - [MESSAGE][PASSED] - All options with value '1701' are selected in object 'Object Repository/1. Constant/xpath' 

2022-06-23 19:51:37 - [MESSAGE][PASSED] - Delayed 2 second(s)

2022-06-23 19:51:39 - [MESSAGE][PASSED] - Object: 'Object Repository/1. Constant/xpath' is clicked on

2022-06-23 19:51:40 - [MESSAGE][PASSED] - Delayed 1 second(s)

2022-06-23 19:51:40 - [TEST_STEP][PASSED] - I.select_multiplelist("//*[@id="selSource_58"]", "//*[@id="btnAdd_58"]", "1704"): Delayed 1 second(s)

2022-06-23 19:51:41 - [MESSAGE][PASSED] - Delayed 1 second(s)

2022-06-23 19:51:43 - [MESSAGE][PASSED] - All options with value '1704' are selected in object 'Object Repository/1. Constant/xpath' 

2022-06-23 19:51:45 - [MESSAGE][PASSED] - Delayed 2 second(s)

2022-06-23 19:51:46 - [MESSAGE][PASSED] - Object: 'Object Repository/1. Constant/xpath' is clicked on

2022-06-23 19:51:47 - [MESSAGE][PASSED] - Delayed 1 second(s)

2022-06-23 19:51:47 - [TEST_STEP][PASSED] - I.select_multiplelist("//*[@id="selSource_59"]", "//*[@id="btnAdd_59"]", "1706"): Delayed 1 second(s)

2022-06-23 19:51:48 - [MESSAGE][PASSED] - Delayed 1 second(s)

2022-06-23 19:51:51 - [MESSAGE][PASSED] - All options with value '1706' are selected in object 'Object Repository/1. Constant/xpath' 

2022-06-23 19:51:53 - [MESSAGE][PASSED] - Delayed 2 second(s)

2022-06-23 19:51:54 - [MESSAGE][PASSED] - Object: 'Object Repository/1. Constant/xpath' is clicked on

2022-06-23 19:51:55 - [MESSAGE][PASSED] - Delayed 1 second(s)

2022-06-23 19:51:55 - [TEST_STEP][PASSED] - I.select_multiplelist("//*[@id="selSource_73"]", "//*[@id="btnAdd_73"]", "3147"): Delayed 1 second(s)

2022-06-23 19:51:56 - [MESSAGE][PASSED] - Delayed 1 second(s)

2022-06-23 19:51:59 - [MESSAGE][PASSED] - All options with value '3147' are selected in object 'Object Repository/1. Constant/xpath' 

2022-06-23 19:52:01 - [MESSAGE][PASSED] - Delayed 2 second(s)

2022-06-23 19:52:03 - [MESSAGE][PASSED] - Object: 'Object Repository/1. Constant/xpath' is clicked on

2022-06-23 19:52:04 - [MESSAGE][PASSED] - Delayed 1 second(s)

2022-06-23 19:52:04 - [TEST_STEP][PASSED] - I.SelectFromList_Value("//*[@id="var_66"]", "2401"): Delayed 2 second(s)

2022-06-23 19:52:07 - [MESSAGE][PASSED] - All options with value '2401' are selected in object 'Object Repository/1. Constant/xpath' 

2022-06-23 19:52:09 - [MESSAGE][PASSED] - Delayed 2 second(s)

2022-06-23 19:52:09 - [TEST_STEP][PASSED] - I.SelectFromList_Value("//*[@id="var_142"]", "2403"): Delayed 2 second(s)

2022-06-23 19:52:14 - [MESSAGE][PASSED] - All options with value '2403' are selected in object 'Object Repository/1. Constant/xpath' 

2022-06-23 19:52:16 - [MESSAGE][PASSED] - Delayed 2 second(s)

2022-06-23 19:52:16 - [TEST_STEP][PASSED] - I.SelectFromList_Value("//*[@id="var_143"]", "2405"): Delayed 2 second(s)

2022-06-23 19:52:19 - [MESSAGE][PASSED] - All options with value '2405' are selected in object 'Object Repository/1. Constant/xpath' 

2022-06-23 19:52:21 - [MESSAGE][PASSED] - Delayed 2 second(s)

2022-06-23 19:52:21 - [TEST_STEP][PASSED] - I.select_multiplelist("//*[@id="selSource_119"]", "//*[@id="btnAdd_119"]", "2165"): Delayed 1 second(s)

2022-06-23 19:52:22 - [MESSAGE][PASSED] - Delayed 1 second(s)

2022-06-23 19:52:24 - [MESSAGE][PASSED] - All options with value '2165' are selected in object 'Object Repository/1. Constant/xpath' 

2022-06-23 19:52:26 - [MESSAGE][PASSED] - Delayed 2 second(s)

2022-06-23 19:52:27 - [MESSAGE][PASSED] - Object: 'Object Repository/1. Constant/xpath' is clicked on

2022-06-23 19:52:28 - [MESSAGE][PASSED] - Delayed 1 second(s)

2022-06-23 19:52:28 - [TEST_STEP][PASSED] - takeScreenshot(): Taking screenshot successfully

2022-06-23 19:52:30 - [MESSAGE][PASSED] - Taking screenshot successfully
[[ATTACHMENT|D:\\Projet Test Auto\\Mediabox Test Automation\\Reports\\20220623_184212\\03. Parallel Testing (Testing)\\TS -PT PART 3\\06. NPP Partial Submission Mass Submit\\20220623_184219\\1656006749430.png]]

2022-06-23 19:52:30 - [TEST_STEP][PASSED] - delay(10): Delayed 10 second(s)

2022-06-23 19:52:40 - [MESSAGE][PASSED] - Delayed 10 second(s)

2022-06-23 19:52:40 - [TEST_STEP][PASSED] - click(findTestObject("HL Full Lifecycle/5 ModifyProjPage_button_Update")): Object: 'Object Repository/HL Full Lifecycle/5 ModifyProjPage_button_Update' is clicked on

2022-06-23 19:52:45 - [MESSAGE][PASSED] - Object: 'Object Repository/HL Full Lifecycle/5 ModifyProjPage_button_Update' is clicked on

2022-06-23 19:52:45 - [TEST_STEP][PASSED] - Project_No = I.ProjectNo(): Current window's url is: 'http://mdb-release.diadeis.lan/MediaboxIndependence/Base/ExecAction?IDSession=MBI%21RELTESTAUTO_NPP%21KVHBCJLD1UD2D4ZWAJZTV5ANMQ2GRQ3SUVS68XOH&default_action=AfficheFichesProjet&id_project=MI001077'

2022-06-23 19:52:50 - [MESSAGE][PASSED] - Delayed 5 second(s)

2022-06-23 19:52:51 - [MESSAGE][PASSED] - Current window's url is: 'http://mdb-release.diadeis.lan/MediaboxIndependence/Base/ExecAction?IDSession=MBI%21RELTESTAUTO_NPP%21KVHBCJLD1UD2D4ZWAJZTV5ANMQ2GRQ3SUVS68XOH&default_action=AfficheFichesProjet&id_project=MI001077'

2022-06-23 19:52:51 - [TEST_STEP][PASSED] - click(findTestObject("HL Full Lifecycle/6 ReferenceListPage_createrefbutton")): Object: 'Object Repository/HL Full Lifecycle/6 ReferenceListPage_createrefbutton' is clicked on

2022-06-23 19:52:52 - [MESSAGE][PASSED] - Object: 'Object Repository/HL Full Lifecycle/6 ReferenceListPage_createrefbutton' is clicked on

2022-06-23 19:52:52 - [TEST_STEP][PASSED] - click(findTestObject("HL Full Lifecycle/6 ReferenceListPaga_Create a component_button")): Object: 'Object Repository/HL Full Lifecycle/6 ReferenceListPaga_Create a component_button' is clicked on

2022-06-23 19:52:56 - [MESSAGE][PASSED] - Object: 'Object Repository/HL Full Lifecycle/6 ReferenceListPaga_Create a component_button' is clicked on

2022-06-23 19:52:56 - [TEST_STEP][PASSED] - takeScreenshot(): Taking screenshot successfully

2022-06-23 19:52:57 - [MESSAGE][PASSED] - Taking screenshot successfully
[[ATTACHMENT|D:\\Projet Test Auto\\Mediabox Test Automation\\Reports\\20220623_184212\\03. Parallel Testing (Testing)\\TS -PT PART 3\\06. NPP Partial Submission Mass Submit\\20220623_184219\\1656006776530.png]]

2022-06-23 19:52:57 - [TEST_STEP][PASSED] - I.SelectFromList_Value("//*[@id="lfc_tpl"]", "51"): Delayed 2 second(s)

2022-06-23 19:52:59 - [MESSAGE][PASSED] - All options with value '51' are selected in object 'Object Repository/1. Constant/xpath' 

2022-06-23 19:53:01 - [MESSAGE][PASSED] - Delayed 2 second(s)

2022-06-23 19:53:01 - [TEST_STEP][PASSED] - delay(1): Delayed 1 second(s)

2022-06-23 19:53:02 - [MESSAGE][PASSED] - Delayed 1 second(s)

2022-06-23 19:53:02 - [TEST_STEP][PASSED] - click(findTestObject("1. Constant/xpath", ["xpath":"//*[@id="ModifFiche"]/div[3]/div/button"])): Object: 'Object Repository/1. Constant/xpath' is clicked on

2022-06-23 19:53:09 - [MESSAGE][PASSED] - Object: 'Object Repository/1. Constant/xpath' is clicked on

2022-06-23 19:53:09 - [TEST_STEP][PASSED] - delay(1): Delayed 1 second(s)

2022-06-23 19:53:10 - [MESSAGE][PASSED] - Delayed 1 second(s)

2022-06-23 19:53:10 - [TEST_STEP][PASSED] - takeScreenshot(): Taking screenshot successfully

2022-06-23 19:53:10 - [MESSAGE][PASSED] - Taking screenshot successfully
[[ATTACHMENT|D:\\Projet Test Auto\\Mediabox Test Automation\\Reports\\20220623_184212\\03. Parallel Testing (Testing)\\TS -PT PART 3\\06. NPP Partial Submission Mass Submit\\20220623_184219\\1656006790339.png]]

2022-06-23 19:53:10 - [TEST_STEP][PASSED] - delay(5): Delayed 5 second(s)

2022-06-23 19:53:15 - [MESSAGE][PASSED] - Delayed 5 second(s)

2022-06-23 19:53:15 - [TEST_STEP][PASSED] - refID = I.RefID(): Current window's url is: 'http://mdb-release.diadeis.lan/MediaboxIndependence/Base/ExecAction?IDSession=MBI%21RELTESTAUTO_NPP%21KVHBCJLD1UD2D4ZWAJZTV5ANMQ2GRQ3SUVS68XOH&default_action=ModifierRef&id_project=MI001077&id_ref=1058041&action_from=create_ref'

2022-06-23 19:53:20 - [MESSAGE][PASSED] - Delayed 5 second(s)

2022-06-23 19:53:21 - [MESSAGE][PASSED] - Current window's url is: 'http://mdb-release.diadeis.lan/MediaboxIndependence/Base/ExecAction?IDSession=MBI%21RELTESTAUTO_NPP%21KVHBCJLD1UD2D4ZWAJZTV5ANMQ2GRQ3SUVS68XOH&default_action=ModifierRef&id_project=MI001077&id_ref=1058041&action_from=create_ref'

2022-06-23 19:53:21 - [TEST_STEP][PASSED] - takeScreenshot(): Taking screenshot successfully

2022-06-23 19:53:22 - [MESSAGE][PASSED] - Taking screenshot successfully
[[ATTACHMENT|D:\\Projet Test Auto\\Mediabox Test Automation\\Reports\\20220623_184212\\03. Parallel Testing (Testing)\\TS -PT PART 3\\06. NPP Partial Submission Mass Submit\\20220623_184219\\1656006801968.png]]

2022-06-23 19:53:22 - [TEST_STEP][PASSED] - setText(findTestObject("1. Constant/xpath", ["xpath":"//*[@id="var_103"]"]), "SAP Designation test > https://www.google.com/"): Text 'SAP Designation test > https://www.google.com/' is set on object 'Object Repository/1. Constant/xpath'

2022-06-23 19:53:23 - [MESSAGE][PASSED] - Text 'SAP Designation test > https://www.google.com/' is set on object 'Object Repository/1. Constant/xpath'

2022-06-23 19:53:23 - [TEST_STEP][PASSED] - setText(findTestObject("1. Constant/xpath", ["xpath":"//*[@id="var_139"]"]), "Claim Substantiation Project Link > https://www.google.com/"): Text 'Claim Substantiation Project Link > https://www.google.com/' is set on object 'Object Repository/1. Constant/xpath'

2022-06-23 19:53:26 - [MESSAGE][PASSED] - Text 'Claim Substantiation Project Link > https://www.google.com/' is set on object 'Object Repository/1. Constant/xpath'

2022-06-23 19:53:26 - [TEST_STEP][PASSED] - setText(findTestObject("1. Constant/xpath", ["xpath":"//*[@id="var_160"]"]), "Grading standard link > test"): Text 'Grading standard link > test' is set on object 'Object Repository/1. Constant/xpath'

2022-06-23 19:53:27 - [MESSAGE][PASSED] - Text 'Grading standard link > test' is set on object 'Object Repository/1. Constant/xpath'

2022-06-23 19:53:27 - [TEST_STEP][PASSED] - scrollToElement(findTestObject("1. Constant/xpath", ["xpath":"//*[@id="var_90"]"]), 10, OPTIONAL): Scroll to object 'Object Repository/1. Constant/xpath' successfully

2022-06-23 19:53:28 - [MESSAGE][PASSED] - Scroll to object 'Object Repository/1. Constant/xpath' successfully

2022-06-23 19:53:28 - [TEST_STEP][PASSED] - setText(findTestObject("1. Constant/xpath", ["xpath":"//*[@id="var_90"]"]), "Project name > test"): Text 'Project name > test' is set on object 'Object Repository/1. Constant/xpath'

2022-06-23 19:53:30 - [MESSAGE][PASSED] - Text 'Project name > test' is set on object 'Object Repository/1. Constant/xpath'

2022-06-23 19:53:30 - [TEST_STEP][PASSED] - setText(findTestObject("1. Constant/xpath", ["xpath":"//*[@id="var_62"]"]), "DPET > test"): Text 'DPET > test' is set on object 'Object Repository/1. Constant/xpath'

2022-06-23 19:53:32 - [MESSAGE][PASSED] - Text 'DPET > test' is set on object 'Object Repository/1. Constant/xpath'

2022-06-23 19:53:32 - [TEST_STEP][PASSED] - I.select_multiplelist("//*[@id="selSource_73"]", "//*[@id="btnAdd_73"]", "3147"): Delayed 1 second(s)

2022-06-23 19:53:33 - [MESSAGE][PASSED] - Delayed 1 second(s)

2022-06-23 19:53:34 - [MESSAGE][PASSED] - All options with value '3147' are selected in object 'Object Repository/1. Constant/xpath' 

2022-06-23 19:53:36 - [MESSAGE][PASSED] - Delayed 2 second(s)

2022-06-23 19:53:40 - [MESSAGE][PASSED] - Object: 'Object Repository/1. Constant/xpath' is clicked on

2022-06-23 19:53:41 - [MESSAGE][PASSED] - Delayed 1 second(s)

2022-06-23 19:53:41 - [TEST_STEP][PASSED] - takeScreenshot(): Taking screenshot successfully

2022-06-23 19:53:43 - [MESSAGE][PASSED] - Taking screenshot successfully
[[ATTACHMENT|D:\\Projet Test Auto\\Mediabox Test Automation\\Reports\\20220623_184212\\03. Parallel Testing (Testing)\\TS -PT PART 3\\06. NPP Partial Submission Mass Submit\\20220623_184219\\1656006822222.png]]

2022-06-23 19:53:43 - [TEST_STEP][PASSED] - scrollToElement(findTestObject("1. Constant/xpath", ["xpath":"//*[@id="var_82"]"]), 10, OPTIONAL): Scroll to object 'Object Repository/1. Constant/xpath' successfully

2022-06-23 19:53:47 - [MESSAGE][PASSED] - Scroll to object 'Object Repository/1. Constant/xpath' successfully

2022-06-23 19:53:47 - [TEST_STEP][PASSED] - I.SelectFromList_Value("//*[@id="var_82"]", "agaudin"): Delayed 2 second(s)

2022-06-23 19:53:51 - [MESSAGE][PASSED] - All options with value 'agaudin' are selected in object 'Object Repository/1. Constant/xpath' 

2022-06-23 19:53:53 - [MESSAGE][PASSED] - Delayed 2 second(s)

2022-06-23 19:53:53 - [TEST_STEP][PASSED] - I.SelectFromList_Value("//*[@id="var_74"]", "afrappaz"): Delayed 2 second(s)

2022-06-23 19:53:54 - [MESSAGE][PASSED] - All options with value 'afrappaz' are selected in object 'Object Repository/1. Constant/xpath' 

2022-06-23 19:53:56 - [MESSAGE][PASSED] - Delayed 2 second(s)

2022-06-23 19:53:56 - [TEST_STEP][PASSED] - I.SelectFromList_Value("//*[@id="selSource_168"]", "cdemonchy"): Delayed 2 second(s)

2022-06-23 19:53:57 - [MESSAGE][PASSED] - All options with value 'cdemonchy' are selected in object 'Object Repository/1. Constant/xpath' 

2022-06-23 19:53:59 - [MESSAGE][PASSED] - Delayed 2 second(s)

2022-06-23 19:53:59 - [TEST_STEP][PASSED] - I.SelectFromList_Value("//*[@id="selSource_168"]", "alarkins"): Delayed 2 second(s)

2022-06-23 19:54:04 - [MESSAGE][PASSED] - All options with value 'alarkins' are selected in object 'Object Repository/1. Constant/xpath' 

2022-06-23 19:54:06 - [MESSAGE][PASSED] - Delayed 2 second(s)

2022-06-23 19:54:06 - [TEST_STEP][PASSED] - I.select_multiplelist("//*[@id="selSource_168"]", "//*[@id="btnAdd_168"]", "abrazhnikovapx"): Delayed 1 second(s)

2022-06-23 19:54:07 - [MESSAGE][PASSED] - Delayed 1 second(s)

2022-06-23 19:54:09 - [MESSAGE][PASSED] - All options with value 'abrazhnikovapx' are selected in object 'Object Repository/1. Constant/xpath' 

2022-06-23 19:54:11 - [MESSAGE][PASSED] - Delayed 2 second(s)

2022-06-23 19:54:12 - [MESSAGE][PASSED] - Object: 'Object Repository/1. Constant/xpath' is clicked on

2022-06-23 19:54:13 - [MESSAGE][PASSED] - Delayed 1 second(s)

2022-06-23 19:54:13 - [TEST_STEP][PASSED] - I.SelectFromList_Value("//*[@id="var_60"]", "asvegaardd2d"): Delayed 2 second(s)

2022-06-23 19:54:16 - [MESSAGE][PASSED] - All options with value 'asvegaardd2d' are selected in object 'Object Repository/1. Constant/xpath' 

2022-06-23 19:54:18 - [MESSAGE][PASSED] - Delayed 2 second(s)

2022-06-23 19:54:18 - [TEST_STEP][PASSED] - I.SelectFromList_Value("//*[@id="var_102"]", "aserment"): Delayed 2 second(s)

2022-06-23 19:54:24 - [MESSAGE][PASSED] - All options with value 'aserment' are selected in object 'Object Repository/1. Constant/xpath' 

2022-06-23 19:54:26 - [MESSAGE][PASSED] - Delayed 2 second(s)

2022-06-23 19:54:26 - [TEST_STEP][PASSED] - I.SelectFromList_Value("//*[@id="var_63"]", "asavreux"): Delayed 2 second(s)

2022-06-23 19:54:27 - [MESSAGE][PASSED] - All options with value 'asavreux' are selected in object 'Object Repository/1. Constant/xpath' 

2022-06-23 19:54:29 - [MESSAGE][PASSED] - Delayed 2 second(s)

2022-06-23 19:54:29 - [TEST_STEP][PASSED] - I.SelectFromList_Value("//*[@id="var_161"]", "achaves"): Delayed 2 second(s)

2022-06-23 19:54:31 - [MESSAGE][PASSED] - All options with value 'achaves' are selected in object 'Object Repository/1. Constant/xpath' 

2022-06-23 19:54:33 - [MESSAGE][PASSED] - Delayed 2 second(s)

2022-06-23 19:54:33 - [TEST_STEP][PASSED] - takeScreenshot(): Taking screenshot successfully

2022-06-23 19:54:34 - [MESSAGE][PASSED] - Taking screenshot successfully
[[ATTACHMENT|D:\\Projet Test Auto\\Mediabox Test Automation\\Reports\\20220623_184212\\03. Parallel Testing (Testing)\\TS -PT PART 3\\06. NPP Partial Submission Mass Submit\\20220623_184219\\1656006874247.png]]

2022-06-23 19:54:34 - [TEST_STEP][PASSED] - scrollToElement(findTestObject("1. Constant/xpath", ["xpath":"//*[@id="var_143"]"]), 10, OPTIONAL): Scroll to object 'Object Repository/1. Constant/xpath' successfully

2022-06-23 19:54:35 - [MESSAGE][PASSED] - Scroll to object 'Object Repository/1. Constant/xpath' successfully

2022-06-23 19:54:35 - [TEST_STEP][PASSED] - I.select_multiplelist("//*[@id="selSource_79"]", "//*[@id="btnAdd_79"]", "1730"): Delayed 1 second(s)

2022-06-23 19:54:36 - [MESSAGE][PASSED] - Delayed 1 second(s)

2022-06-23 19:54:37 - [MESSAGE][PASSED] - All options with value '1730' are selected in object 'Object Repository/1. Constant/xpath' 

2022-06-23 19:54:39 - [MESSAGE][PASSED] - Delayed 2 second(s)

2022-06-23 19:54:40 - [MESSAGE][PASSED] - Object: 'Object Repository/1. Constant/xpath' is clicked on

2022-06-23 19:54:41 - [MESSAGE][PASSED] - Delayed 1 second(s)

2022-06-23 19:54:41 - [TEST_STEP][PASSED] - I.SelectFromList_Value("//*[@id="selSource_78"]", "1752"): Delayed 2 second(s)

2022-06-23 19:54:43 - [MESSAGE][PASSED] - All options with value '1752' are selected in object 'Object Repository/1. Constant/xpath' 

2022-06-23 19:54:45 - [MESSAGE][PASSED] - Delayed 2 second(s)

2022-06-23 19:54:45 - [TEST_STEP][PASSED] - I.select_multiplelist("//*[@id="selSource_78"]", "//*[@id="btnAdd_78"]", "1753"): Delayed 1 second(s)

2022-06-23 19:54:46 - [MESSAGE][PASSED] - Delayed 1 second(s)

2022-06-23 19:54:49 - [MESSAGE][PASSED] - All options with value '1753' are selected in object 'Object Repository/1. Constant/xpath' 

2022-06-23 19:54:51 - [MESSAGE][PASSED] - Delayed 2 second(s)

2022-06-23 19:54:52 - [MESSAGE][PASSED] - Object: 'Object Repository/1. Constant/xpath' is clicked on

2022-06-23 19:54:53 - [MESSAGE][PASSED] - Delayed 1 second(s)

2022-06-23 19:54:53 - [TEST_STEP][PASSED] - I.SelectFromList_Value("//*[@id="selSource_104"]", "73"): Delayed 2 second(s)

2022-06-23 19:54:57 - [MESSAGE][PASSED] - All options with value '73' are selected in object 'Object Repository/1. Constant/xpath' 

2022-06-23 19:54:59 - [MESSAGE][PASSED] - Delayed 2 second(s)

2022-06-23 19:54:59 - [TEST_STEP][PASSED] - I.select_multiplelist("//*[@id="selSource_104"]", "//*[@id="btnAdd_104"]", "74"): Delayed 1 second(s)

2022-06-23 19:55:00 - [MESSAGE][PASSED] - Delayed 1 second(s)

2022-06-23 19:55:02 - [MESSAGE][PASSED] - All options with value '74' are selected in object 'Object Repository/1. Constant/xpath' 

2022-06-23 19:55:04 - [MESSAGE][PASSED] - Delayed 2 second(s)

2022-06-23 19:55:04 - [MESSAGE][PASSED] - Object: 'Object Repository/1. Constant/xpath' is clicked on

2022-06-23 19:55:05 - [MESSAGE][PASSED] - Delayed 1 second(s)

2022-06-23 19:55:05 - [TEST_STEP][PASSED] - takeScreenshot(): Taking screenshot successfully

2022-06-23 19:55:07 - [MESSAGE][PASSED] - Taking screenshot successfully
[[ATTACHMENT|D:\\Projet Test Auto\\Mediabox Test Automation\\Reports\\20220623_184212\\03. Parallel Testing (Testing)\\TS -PT PART 3\\06. NPP Partial Submission Mass Submit\\20220623_184219\\1656006907208.png]]

2022-06-23 19:55:07 - [TEST_STEP][PASSED] - scrollToElement(findTestObject("1. Constant/xpath", ["xpath":"//*[@id="var_169"]"]), 10, OPTIONAL): Scroll to object 'Object Repository/1. Constant/xpath' successfully

2022-06-23 19:55:08 - [MESSAGE][PASSED] - Scroll to object 'Object Repository/1. Constant/xpath' successfully

2022-06-23 19:55:08 - [TEST_STEP][PASSED] - setText(findTestObject("1. Constant/xpath", ["xpath":"//*[@id="var_169"]"]), "Version History"): Text 'Version History' is set on object 'Object Repository/1. Constant/xpath'

2022-06-23 19:55:13 - [MESSAGE][PASSED] - Text 'Version History' is set on object 'Object Repository/1. Constant/xpath'

2022-06-23 19:55:13 - [TEST_STEP][PASSED] - click(findTestObject("HL Full Lifecycle/7 ModifyRefPage_button_Save")): Object: 'Object Repository/HL Full Lifecycle/7 ModifyRefPage_button_Save' is clicked on

2022-06-23 19:55:19 - [MESSAGE][PASSED] - Object: 'Object Repository/HL Full Lifecycle/7 ModifyRefPage_button_Save' is clicked on

2022-06-23 19:55:19 - [TEST_STEP][PASSED] - delay(1): Delayed 1 second(s)

2022-06-23 19:55:20 - [MESSAGE][PASSED] - Delayed 1 second(s)

2022-06-23 19:55:20 - [TEST_STEP][PASSED] - I.Logout_xpath("//*[@id="kt_header"]/div/div[2]/div[2]/div[1]/div/span/img", "//*[@id="kt_header"]/div/div[2]/div[2]/div[2]/a[2]"): Wait for page load successfully

2022-06-23 19:55:21 - [MESSAGE][PASSED] - Object: 'Object Repository/1. Constant/xpath' is clicked on

2022-06-23 19:55:22 - [MESSAGE][PASSED] - Delayed 1 second(s)

2022-06-23 19:55:27 - [MESSAGE][PASSED] - Object: 'Object Repository/1. Constant/xpath' is clicked on

2022-06-23 19:55:28 - [MESSAGE][PASSED] - Delayed 1 second(s)

2022-06-23 19:55:28 - [MESSAGE][PASSED] - Wait for page load successfully

2022-06-23 19:55:28 - [TEST_STEP][PASSED] - I.Login_password("ncur", password_ncur): Object: 'Object Repository/1. Constant/xpath' is clicked on

2022-06-23 19:55:30 - [MESSAGE][PASSED] - Text 'ncur' is set on object 'Object Repository/1. Constant/xpath'

2022-06-23 19:55:31 - [MESSAGE][PASSED] - Delayed 1 second(s)

2022-06-23 19:55:34 - [MESSAGE][PASSED] - Text 'dchi' is set on object 'Object Repository/1. Constant/xpath'

2022-06-23 19:55:35 - [MESSAGE][PASSED] - Delayed 1 second(s)

2022-06-23 19:55:40 - [MESSAGE][PASSED] - Object: 'Object Repository/1. Constant/xpath' is clicked on

2022-06-23 19:55:40 - [TEST_STEP][PASSED] - click(findTestObject("1. Constant/02_LHSMenu_Projects")): Object: 'Object Repository/1. Constant/02_LHSMenu_Projects' is clicked on

2022-06-23 19:56:01 - [MESSAGE][PASSED] - Object: 'Object Repository/1. Constant/02_LHSMenu_Projects' is clicked on

2022-06-23 19:56:01 - [TEST_STEP][PASSED] - I.SearchProjectNo_xpath(Project_No, "//*[@id="keynum_project"]", "//*[@id="form_filters"]/div[9]/button"): Delayed 5 second(s)

2022-06-23 19:56:02 - [MESSAGE][PASSED] - Delayed 1 second(s)

2022-06-23 19:56:05 - [MESSAGE][PASSED] - Text 'MI001077' is set on object 'Object Repository/1. Constant/xpath'

2022-06-23 19:56:08 - [MESSAGE][PASSED] - Delayed 3 second(s)

2022-06-23 19:56:09 - [MESSAGE][PASSED] - Scroll to object 'Object Repository/1. Constant/xpath' successfully

2022-06-23 19:56:15 - [MESSAGE][PASSED] - Object: 'Object Repository/1. Constant/xpath' is clicked on

2022-06-23 19:56:20 - [MESSAGE][PASSED] - Delayed 5 second(s)

2022-06-23 19:56:20 - [TEST_STEP][PASSED] - delay(5): Delayed 5 second(s)

2022-06-23 19:56:25 - [MESSAGE][PASSED] - Delayed 5 second(s)

2022-06-23 19:56:25 - [TEST_STEP][PASSED] - takeScreenshot(): Taking screenshot successfully

2022-06-23 19:56:25 - [MESSAGE][PASSED] - Taking screenshot successfully
[[ATTACHMENT|D:\\Projet Test Auto\\Mediabox Test Automation\\Reports\\20220623_184212\\03. Parallel Testing (Testing)\\TS -PT PART 3\\06. NPP Partial Submission Mass Submit\\20220623_184219\\1656006985369.png]]

2022-06-23 19:56:25 - [TEST_STEP][PASSED] - Lifecycle_LSS_actual = getText(findTestObject("1. Constant/xpath", ["xpath":"//*[@id="fiches"]/table/tbody/tr/td[7]/span[2]"])): Text of object 'Object Repository/1. Constant/xpath' is: 'LSS Pre-fill'

2022-06-23 19:56:26 - [MESSAGE][PASSED] - Text of object 'Object Repository/1. Constant/xpath' is: 'LSS Pre-fill'

2022-06-23 19:56:26 - [TEST_STEP][PASSED] - verifyMatch("LSS Pre-fill", Lifecycle_LSS_actual, false): Actual text 'LSS Pre-fill' and expected text 'LSS Pre-fill' are matched 

2022-06-23 19:56:26 - [MESSAGE][PASSED] - Actual text 'LSS Pre-fill' and expected text 'LSS Pre-fill' are matched 

2022-06-23 19:56:26 - [TEST_STEP][PASSED] - click(findTestObject("1. Constant/xpath", ["xpath":"//*[@id="fiches"]/table/tbody/tr/td[10]/a[2]"])): Object: 'Object Repository/1. Constant/xpath' is clicked on

2022-06-23 19:56:34 - [MESSAGE][PASSED] - Object: 'Object Repository/1. Constant/xpath' is clicked on

2022-06-23 19:56:34 - [TEST_STEP][PASSED] - delay(1): Delayed 1 second(s)

2022-06-23 19:56:35 - [MESSAGE][PASSED] - Delayed 1 second(s)

2022-06-23 19:56:35 - [TEST_STEP][PASSED] - click(findTestObject("1. Constant/xpath", ["xpath":"//*[@id="ModifFiche"]/div[1]/div/button[2]"])): Object: 'Object Repository/1. Constant/xpath' is clicked on

2022-06-23 19:56:44 - [MESSAGE][PASSED] - Object: 'Object Repository/1. Constant/xpath' is clicked on

2022-06-23 19:56:44 - [TEST_STEP][PASSED] - takeScreenshot(): Taking screenshot successfully

2022-06-23 19:56:45 - [MESSAGE][PASSED] - Taking screenshot successfully
[[ATTACHMENT|D:\\Projet Test Auto\\Mediabox Test Automation\\Reports\\20220623_184212\\03. Parallel Testing (Testing)\\TS -PT PART 3\\06. NPP Partial Submission Mass Submit\\20220623_184219\\1656007004930.png]]

2022-06-23 19:56:45 - [TEST_STEP][PASSED] - Lifecycle_LSS_actual1 = getText(findTestObject("1. Constant/xpath", ["xpath":"//*[@id="fiches"]/table/tbody/tr/td[7]/span[2]"])): Text of object 'Object Repository/1. Constant/xpath' is: 'LSS Creation'

2022-06-23 19:56:45 - [MESSAGE][PASSED] - Text of object 'Object Repository/1. Constant/xpath' is: 'LSS Creation'

2022-06-23 19:56:45 - [TEST_STEP][PASSED] - verifyMatch("LSS Creation", Lifecycle_LSS_actual1, false): Actual text 'LSS Creation' and expected text 'LSS Creation' are matched 

2022-06-23 19:56:45 - [MESSAGE][PASSED] - Actual text 'LSS Creation' and expected text 'LSS Creation' are matched 

2022-06-23 19:56:45 - [TEST_STEP][PASSED] - click(findTestObject("1. Constant/xpath", ["xpath":"//*[@id="fiches"]/table/tbody/tr/td[10]/a[2]"])): Object: 'Object Repository/1. Constant/xpath' is clicked on

2022-06-23 19:56:55 - [MESSAGE][PASSED] - Object: 'Object Repository/1. Constant/xpath' is clicked on

2022-06-23 19:56:55 - [TEST_STEP][PASSED] - click(findTestObject("1. Constant/xpath", ["xpath":"//*[@id="ModifFiche"]/div[1]/div/button[2]"])): Object: 'Object Repository/1. Constant/xpath' is clicked on

2022-06-23 19:57:06 - [MESSAGE][PASSED] - Object: 'Object Repository/1. Constant/xpath' is clicked on

2022-06-23 19:57:06 - [TEST_STEP][PASSED] - Lifecycle_LSS_actual2 = getText(findTestObject("1. Constant/xpath", ["xpath":"//*[@id="fiches"]/table/tbody/tr/td[7]/span[2]"])): Text of object 'Object Repository/1. Constant/xpath' is: 'PP Approval'

2022-06-23 19:57:09 - [MESSAGE][PASSED] - Text of object 'Object Repository/1. Constant/xpath' is: 'PP Approval'

2022-06-23 19:57:09 - [TEST_STEP][PASSED] - verifyMatch("PP Approval", Lifecycle_LSS_actual2, false): Actual text 'PP Approval' and expected text 'PP Approval' are matched 

2022-06-23 19:57:09 - [MESSAGE][PASSED] - Actual text 'PP Approval' and expected text 'PP Approval' are matched 

2022-06-23 19:57:09 - [TEST_STEP][PASSED] - I.writenotepad("D:\Upoad_File\Projet_ Login\NPP\8.02\8.02_NPP_ProjectNo.txt", Project_No): null

2022-06-23 19:57:09 - [TEST_STEP][PASSED] - I.writenotepad("D:\Upoad_File\Projet_ Login\NPP\8.02\8.02_NPP_refID.txt", refID): null

2022-06-23 19:57:09 - [TEST_STEP][PASSED] - closeBrowser(): Browser is closed

2022-06-23 19:57:20 - [MESSAGE][PASSED] - Browser is closed

2022-06-23 19:57:20 - [TEST_STEP][PASSED] - Start listener action : sampleAfterTestCase: null]]></system-out>
         <system-err><![CDATA[]]></system-err>
      </testcase>
      <testcase name="Test Cases/08. NPP_Dreyers_Partial submission (new)/8.03 Dreyers Partial submission _ User field and Filtered group (2026)" time="420.347" classname="Test Cases/08. NPP_Dreyers_Partial submission (new)/8.03 Dreyers Partial submission _ User field and Filtered group (2026)" status="PASSED">
         <system-out><![CDATA[2022-06-23 19:57:20 - [TEST_CASE][PASSED] - Test Cases/08. NPP_Dreyers_Partial submission (new)/8.03 Dreyers Partial submission _ User field and Filtered group (2026): Test Cases/08. NPP_Dreyers_Partial submission (new)/8.03 Dreyers Partial submission _ User field and Filtered group (2026)

2022-06-23 19:57:21 - [TEST_STEP][PASSED] - data_Dreyers = findTestData("Data Files/Username_Password/Dreyer"): null

2022-06-23 19:57:21 - [TEST_STEP][PASSED] - password_suser = data_Dreyers.getValue(2, 1): null

2022-06-23 19:57:21 - [TEST_STEP][PASSED] - password_blemco = data_Dreyers.getValue(2, 2): null

2022-06-23 19:57:21 - [TEST_STEP][PASSED] - password_amassoth = data_Dreyers.getValue(2, 3): null

2022-06-23 19:57:21 - [TEST_STEP][PASSED] - password_bharandi = data_Dreyers.getValue(2, 4): null

2022-06-23 19:57:21 - [TEST_STEP][PASSED] - password_mbaughman = data_Dreyers.getValue(2, 5): null

2022-06-23 19:57:21 - [TEST_STEP][PASSED] - password_nturner = data_Dreyers.getValue(2, 6): null

2022-06-23 19:57:21 - [TEST_STEP][PASSED] - password_talexeeva = data_Dreyers.getValue(2, 7): null

2022-06-23 19:57:21 - [TEST_STEP][PASSED] - data_urlRELAUTO = findTestData("Data Files/URL/URL_relauto"): null

2022-06-23 19:57:21 - [TEST_STEP][PASSED] - Url_Dreyer = data_urlRELAUTO.getValue(2, 4): null

2022-06-23 19:57:21 - [TEST_STEP][PASSED] - openBrowser(Url_Dreyer): Browser is opened with url: 'http://mdb-release.diadeis.lan/MediaboxIndependence/?MBI_datasource=RELTESTAUTO_DREYERS'

2022-06-23 19:57:21 - [MESSAGE][INFO] - Starting 'Chrome (headless)' driver

2022-06-23 19:57:21 - [MESSAGE][INFO] - User set preference: ['args', '[--window-size=1920,1080, --headless]']

2022-06-23 19:57:21 - [MESSAGE][INFO] - Action delay is set to 0 milliseconds

2022-06-23 19:57:42 - [MESSAGE][PASSED] - Browser is opened with url: 'http://mdb-release.diadeis.lan/MediaboxIndependence/?MBI_datasource=RELTESTAUTO_DREYERS'

2022-06-23 19:57:42 - [TEST_STEP][PASSED] - maximizeWindow(): Current window maximized

2022-06-23 19:57:43 - [MESSAGE][PASSED] - Current window maximized

2022-06-23 19:57:43 - [TEST_STEP][PASSED] - waitForPageLoad(30): Wait for page load successfully

2022-06-23 19:57:44 - [MESSAGE][PASSED] - Wait for page load successfully

2022-06-23 19:57:44 - [TEST_STEP][PASSED] - takeScreenshot(): Taking screenshot successfully

2022-06-23 19:57:46 - [MESSAGE][PASSED] - Taking screenshot successfully
[[ATTACHMENT|D:\\Projet Test Auto\\Mediabox Test Automation\\Reports\\20220623_184212\\03. Parallel Testing (Testing)\\TS -PT PART 3\\06. NPP Partial Submission Mass Submit\\20220623_184219\\1656007065525.png]]

2022-06-23 19:57:46 - [TEST_STEP][PASSED] - I.Login_password("blemco", password_blemco): Object: 'Object Repository/1. Constant/xpath' is clicked on

2022-06-23 19:57:49 - [MESSAGE][PASSED] - Text 'blemco' is set on object 'Object Repository/1. Constant/xpath'

2022-06-23 19:57:50 - [MESSAGE][PASSED] - Delayed 1 second(s)

2022-06-23 19:57:52 - [MESSAGE][PASSED] - Text 'diadeis1' is set on object 'Object Repository/1. Constant/xpath'

2022-06-23 19:57:53 - [MESSAGE][PASSED] - Delayed 1 second(s)

2022-06-23 19:58:19 - [MESSAGE][PASSED] - Object: 'Object Repository/1. Constant/xpath' is clicked on

2022-06-23 19:58:19 - [TEST_STEP][PASSED] - delay(1): Delayed 1 second(s)

2022-06-23 19:58:20 - [MESSAGE][PASSED] - Delayed 1 second(s)

2022-06-23 19:58:20 - [TEST_STEP][PASSED] - click(findTestObject("1. Constant/02_LHSMenu_Projects")): Object: 'Object Repository/1. Constant/02_LHSMenu_Projects' is clicked on

2022-06-23 19:58:33 - [MESSAGE][PASSED] - Object: 'Object Repository/1. Constant/02_LHSMenu_Projects' is clicked on

2022-06-23 19:58:33 - [TEST_STEP][PASSED] - click(findTestObject("1. Constant/xpath", ["xpath":"//*[@id="kt_content"]/div[3]/div/div/div[1]/div[2]/a[1]"])): Object: 'Object Repository/1. Constant/xpath' is clicked on

2022-06-23 19:58:42 - [MESSAGE][PASSED] - Object: 'Object Repository/1. Constant/xpath' is clicked on

2022-06-23 19:58:42 - [TEST_STEP][PASSED] - takeScreenshot(): Taking screenshot successfully

2022-06-23 19:58:44 - [MESSAGE][PASSED] - Taking screenshot successfully
[[ATTACHMENT|D:\\Projet Test Auto\\Mediabox Test Automation\\Reports\\20220623_184212\\03. Parallel Testing (Testing)\\TS -PT PART 3\\06. NPP Partial Submission Mass Submit\\20220623_184219\\1656007122989.png]]

2022-06-23 19:58:44 - [TEST_STEP][PASSED] - I.click_button_javascript(findTestObject("1. Constant/xpath", ["xpath":"//*[@id="field_var_24"]/div/div/label[2]"])): Execute JavaScript 'arguments[0].click()' successfully

2022-06-23 19:58:46 - [MESSAGE][PASSED] - Execute JavaScript 'arguments[0].click()' successfully

2022-06-23 19:58:46 - [TEST_STEP][PASSED] - selectOptionByValue(findTestObject("1. Constant/xpath", ["xpath":"//*[@id="var_89"]"]), "123", false): All options with value '123' are selected in object 'Object Repository/1. Constant/xpath' 

2022-06-23 19:58:52 - [MESSAGE][PASSED] - All options with value '123' are selected in object 'Object Repository/1. Constant/xpath' 

2022-06-23 19:58:52 - [TEST_STEP][PASSED] - selectOptionByValue(findTestObject("1. Constant/xpath", ["xpath":"//*[@id="selSource_25"]"]), "modonnell", false): All options with value 'modonnell' are selected in object 'Object Repository/1. Constant/xpath' 

2022-06-23 19:58:58 - [MESSAGE][PASSED] - All options with value 'modonnell' are selected in object 'Object Repository/1. Constant/xpath' 

2022-06-23 19:58:58 - [TEST_STEP][PASSED] - I.select_multiplelist("//*[@id="selSource_25"]", "//*[@id="btnAdd_25"]", "blemco"): Delayed 1 second(s)

2022-06-23 19:58:59 - [MESSAGE][PASSED] - Delayed 1 second(s)

2022-06-23 19:59:06 - [MESSAGE][PASSED] - All options with value 'blemco' are selected in object 'Object Repository/1. Constant/xpath' 

2022-06-23 19:59:08 - [MESSAGE][PASSED] - Delayed 2 second(s)

2022-06-23 19:59:11 - [MESSAGE][PASSED] - Object: 'Object Repository/1. Constant/xpath' is clicked on

2022-06-23 19:59:12 - [MESSAGE][PASSED] - Delayed 1 second(s)

2022-06-23 19:59:12 - [TEST_STEP][PASSED] - selectOptionByValue(findTestObject("1. Constant/xpath", ["xpath":"//*[@id="var_9"]"]), "18", false): All options with value '18' are selected in object 'Object Repository/1. Constant/xpath' 

2022-06-23 19:59:17 - [MESSAGE][PASSED] - All options with value '18' are selected in object 'Object Repository/1. Constant/xpath' 

2022-06-23 19:59:17 - [TEST_STEP][PASSED] - selectOptionByValue(findTestObject("1. Constant/xpath", ["xpath":"//*[@id="var_52"]"]), "112", false): All options with value '112' are selected in object 'Object Repository/1. Constant/xpath' 

2022-06-23 19:59:24 - [MESSAGE][PASSED] - All options with value '112' are selected in object 'Object Repository/1. Constant/xpath' 

2022-06-23 19:59:24 - [TEST_STEP][PASSED] - project_name = "Auto_PartialSubmission_Backup_" + RandomStringUtils.randomAlphanumeric(3) + "_" + I.gettimedate(): null

2022-06-23 19:59:24 - [TEST_STEP][PASSED] - setText(findTestObject("1. Constant/xpath", ["xpath":"//*[@id="var_91"]"]), project_name): Text 'Auto_PartialSubmission_Backup_Sn9_juin232022_195924' is set on object 'Object Repository/1. Constant/xpath'

2022-06-23 19:59:28 - [MESSAGE][PASSED] - Text 'Auto_PartialSubmission_Backup_Sn9_juin232022_195924' is set on object 'Object Repository/1. Constant/xpath'

2022-06-23 19:59:28 - [TEST_STEP][PASSED] - selectOptionByValue(findTestObject("1. Constant/xpath", ["xpath":"//*[@id="var_30"]"]), "97", false): All options with value '97' are selected in object 'Object Repository/1. Constant/xpath' 

2022-06-23 19:59:34 - [MESSAGE][PASSED] - All options with value '97' are selected in object 'Object Repository/1. Constant/xpath' 

2022-06-23 19:59:34 - [TEST_STEP][PASSED] - selectOptionByValue(findTestObject("1. Constant/xpath", ["xpath":"//*[@id="var_11"]"]), "334", false): All options with value '334' are selected in object 'Object Repository/1. Constant/xpath' 

2022-06-23 19:59:39 - [MESSAGE][PASSED] - All options with value '334' are selected in object 'Object Repository/1. Constant/xpath' 

2022-06-23 19:59:39 - [TEST_STEP][PASSED] - setText(findTestObject("1. Constant/xpath", ["xpath":"//*[@id="var_22"]"]), "01/01/2030"): Text '01/01/2030' is set on object 'Object Repository/1. Constant/xpath'

2022-06-23 19:59:44 - [MESSAGE][PASSED] - Text '01/01/2030' is set on object 'Object Repository/1. Constant/xpath'

2022-06-23 19:59:44 - [TEST_STEP][PASSED] - setText(findTestObject("1. Constant/xpath", ["xpath":"//*[@id="var_23"]"]), "01/01/2030"): Text '01/01/2030' is set on object 'Object Repository/1. Constant/xpath'

2022-06-23 19:59:47 - [MESSAGE][PASSED] - Text '01/01/2030' is set on object 'Object Repository/1. Constant/xpath'

2022-06-23 19:59:47 - [TEST_STEP][PASSED] - setText(findTestObject("1. Constant/xpath", ["xpath":"//*[@id="var_14"]"]), "01/01/2030"): Text '01/01/2030' is set on object 'Object Repository/1. Constant/xpath'

2022-06-23 19:59:49 - [MESSAGE][PASSED] - Text '01/01/2030' is set on object 'Object Repository/1. Constant/xpath'

2022-06-23 19:59:49 - [TEST_STEP][PASSED] - selectOptionByValue(findTestObject("1. Constant/xpath", ["xpath":"//*[@id="selSource_13"]"]), "mbaughman", false): All options with value 'mbaughman' are selected in object 'Object Repository/1. Constant/xpath' 

2022-06-23 19:59:52 - [MESSAGE][PASSED] - All options with value 'mbaughman' are selected in object 'Object Repository/1. Constant/xpath' 

2022-06-23 19:59:52 - [TEST_STEP][PASSED] - I.select_multiplelist("//*[@id="selSource_13"]", "//*[@id="btnAdd_13"]", "rjaiven"): Delayed 1 second(s)

2022-06-23 19:59:53 - [MESSAGE][PASSED] - Delayed 1 second(s)

2022-06-23 19:59:56 - [MESSAGE][PASSED] - All options with value 'rjaiven' are selected in object 'Object Repository/1. Constant/xpath' 

2022-06-23 19:59:58 - [MESSAGE][PASSED] - Delayed 2 second(s)

2022-06-23 20:00:00 - [MESSAGE][PASSED] - Object: 'Object Repository/1. Constant/xpath' is clicked on

2022-06-23 20:00:01 - [MESSAGE][PASSED] - Delayed 1 second(s)

2022-06-23 20:00:01 - [TEST_STEP][PASSED] - selectOptionByValue(findTestObject("1. Constant/xpath", ["xpath":"//*[@id="selSource_27"]"]), "amassoth", false): All options with value 'amassoth' are selected in object 'Object Repository/1. Constant/xpath' 

2022-06-23 20:00:02 - [MESSAGE][PASSED] - All options with value 'amassoth' are selected in object 'Object Repository/1. Constant/xpath' 

2022-06-23 20:00:02 - [TEST_STEP][PASSED] - I.select_multiplelist("//*[@id="selSource_27"]", "//*[@id="btnAdd_27"]", "nturner"): Delayed 1 second(s)

2022-06-23 20:00:03 - [MESSAGE][PASSED] - Delayed 1 second(s)

2022-06-23 20:00:05 - [MESSAGE][PASSED] - All options with value 'nturner' are selected in object 'Object Repository/1. Constant/xpath' 

2022-06-23 20:00:07 - [MESSAGE][PASSED] - Delayed 2 second(s)

2022-06-23 20:00:08 - [MESSAGE][PASSED] - Object: 'Object Repository/1. Constant/xpath' is clicked on

2022-06-23 20:00:09 - [MESSAGE][PASSED] - Delayed 1 second(s)

2022-06-23 20:00:09 - [TEST_STEP][PASSED] - I.select_multiplelist("//*[@id="selSource_167"]", "//*[@id="btnAdd_167"]", "lmary"): Delayed 1 second(s)

2022-06-23 20:00:10 - [MESSAGE][PASSED] - Delayed 1 second(s)

2022-06-23 20:00:12 - [MESSAGE][PASSED] - All options with value 'lmary' are selected in object 'Object Repository/1. Constant/xpath' 

2022-06-23 20:00:14 - [MESSAGE][PASSED] - Delayed 2 second(s)

2022-06-23 20:00:15 - [MESSAGE][PASSED] - Object: 'Object Repository/1. Constant/xpath' is clicked on

2022-06-23 20:00:16 - [MESSAGE][PASSED] - Delayed 1 second(s)

2022-06-23 20:00:16 - [TEST_STEP][PASSED] - selectOptionByValue(findTestObject("1. Constant/xpath", ["xpath":"//*[@id="selSource_166"]"]), "bbenjamin", false): All options with value 'bbenjamin' are selected in object 'Object Repository/1. Constant/xpath' 

2022-06-23 20:00:18 - [MESSAGE][PASSED] - All options with value 'bbenjamin' are selected in object 'Object Repository/1. Constant/xpath' 

2022-06-23 20:00:18 - [TEST_STEP][PASSED] - I.select_multiplelist("//*[@id="selSource_166"]", "//*[@id="btnAdd_166"]", "lschwabe"): Delayed 1 second(s)

2022-06-23 20:00:19 - [MESSAGE][PASSED] - Delayed 1 second(s)

2022-06-23 20:00:21 - [MESSAGE][PASSED] - All options with value 'lschwabe' are selected in object 'Object Repository/1. Constant/xpath' 

2022-06-23 20:00:23 - [MESSAGE][PASSED] - Delayed 2 second(s)

2022-06-23 20:00:24 - [MESSAGE][PASSED] - Object: 'Object Repository/1. Constant/xpath' is clicked on

2022-06-23 20:00:25 - [MESSAGE][PASSED] - Delayed 1 second(s)

2022-06-23 20:00:25 - [TEST_STEP][PASSED] - I.select_multiplelist("//*[@id="selSource_26"]", "//*[@id="btnAdd_26"]", "talexeeva"): Delayed 1 second(s)

2022-06-23 20:00:26 - [MESSAGE][PASSED] - Delayed 1 second(s)

2022-06-23 20:00:27 - [MESSAGE][PASSED] - All options with value 'talexeeva' are selected in object 'Object Repository/1. Constant/xpath' 

2022-06-23 20:00:29 - [MESSAGE][PASSED] - Delayed 2 second(s)

2022-06-23 20:00:30 - [MESSAGE][PASSED] - Object: 'Object Repository/1. Constant/xpath' is clicked on

2022-06-23 20:00:31 - [MESSAGE][PASSED] - Delayed 1 second(s)

2022-06-23 20:00:31 - [TEST_STEP][PASSED] - selectOptionByValue(findTestObject("1. Constant/xpath", ["xpath":"//*[@id="selSource_29"]"]), "bharandi", false): All options with value 'bharandi' are selected in object 'Object Repository/1. Constant/xpath' 

2022-06-23 20:00:33 - [MESSAGE][PASSED] - All options with value 'bharandi' are selected in object 'Object Repository/1. Constant/xpath' 

2022-06-23 20:00:33 - [TEST_STEP][PASSED] - selectOptionByValue(findTestObject("1. Constant/xpath", ["xpath":"//*[@id="selSource_29"]"]), "bmilhomme", false): All options with value 'bmilhomme' are selected in object 'Object Repository/1. Constant/xpath' 

2022-06-23 20:00:34 - [MESSAGE][PASSED] - All options with value 'bmilhomme' are selected in object 'Object Repository/1. Constant/xpath' 

2022-06-23 20:00:34 - [TEST_STEP][PASSED] - I.select_multiplelist("//*[@id="selSource_29"]", "//*[@id="btnAdd_29"]", "rmorrone_2"): Delayed 1 second(s)

2022-06-23 20:00:35 - [MESSAGE][PASSED] - Delayed 1 second(s)

2022-06-23 20:00:36 - [MESSAGE][PASSED] - All options with value 'rmorrone_2' are selected in object 'Object Repository/1. Constant/xpath' 

2022-06-23 20:00:38 - [MESSAGE][PASSED] - Delayed 2 second(s)

2022-06-23 20:00:39 - [MESSAGE][PASSED] - Object: 'Object Repository/1. Constant/xpath' is clicked on

2022-06-23 20:00:40 - [MESSAGE][PASSED] - Delayed 1 second(s)

2022-06-23 20:00:40 - [TEST_STEP][PASSED] - I.Pagedown(): Execute JavaScript 'window.scrollTo(0, document.body.scrollHeight)' successfully

2022-06-23 20:00:40 - [MESSAGE][PASSED] - Execute JavaScript 'window.scrollTo(0, document.body.scrollHeight)' successfully

2022-06-23 20:00:40 - [TEST_STEP][PASSED] - delay(10): Delayed 10 second(s)

2022-06-23 20:00:50 - [MESSAGE][PASSED] - Delayed 10 second(s)

2022-06-23 20:00:50 - [TEST_STEP][PASSED] - click(findTestObject("1. Constant/xpath", ["xpath":"//*[@id="ModifFiche"]/div[3]/div/button"])): Object: 'Object Repository/1. Constant/xpath' is clicked on

2022-06-23 20:00:56 - [MESSAGE][PASSED] - Object: 'Object Repository/1. Constant/xpath' is clicked on

2022-06-23 20:00:56 - [TEST_STEP][PASSED] - Project_No = I.ProjectNo(): Current window's url is: 'http://mdb-release.diadeis.lan/MediaboxIndependence/Base/ExecAction?IDSession=MBI%21RELTESTAUTO_DREYERS%21T415N1GPNSRP73CVOEW7F4PC7E8VDRAGRHZ7EJJ6&default_action=AfficheFichesProjet&id_project=MI000884'

2022-06-23 20:01:01 - [MESSAGE][PASSED] - Delayed 5 second(s)

2022-06-23 20:01:01 - [MESSAGE][PASSED] - Current window's url is: 'http://mdb-release.diadeis.lan/MediaboxIndependence/Base/ExecAction?IDSession=MBI%21RELTESTAUTO_DREYERS%21T415N1GPNSRP73CVOEW7F4PC7E8VDRAGRHZ7EJJ6&default_action=AfficheFichesProjet&id_project=MI000884'

2022-06-23 20:01:01 - [TEST_STEP][PASSED] - I.print(Project_No): null

2022-06-23 20:01:01 - [TEST_STEP][PASSED] - takeScreenshot(): Taking screenshot successfully

2022-06-23 20:01:01 - [MESSAGE][PASSED] - Taking screenshot successfully
[[ATTACHMENT|D:\\Projet Test Auto\\Mediabox Test Automation\\Reports\\20220623_184212\\03. Parallel Testing (Testing)\\TS -PT PART 3\\06. NPP Partial Submission Mass Submit\\20220623_184219\\1656007261267.png]]

2022-06-23 20:01:01 - [TEST_STEP][PASSED] - click(findTestObject("1. Constant/xpath", ["xpath":"//*[@id="create_ref_btn"]/button"])): Object: 'Object Repository/1. Constant/xpath' is clicked on

2022-06-23 20:01:02 - [MESSAGE][PASSED] - Object: 'Object Repository/1. Constant/xpath' is clicked on

2022-06-23 20:01:02 - [TEST_STEP][PASSED] - delay(1): Delayed 1 second(s)

2022-06-23 20:01:03 - [MESSAGE][PASSED] - Delayed 1 second(s)

2022-06-23 20:01:03 - [TEST_STEP][PASSED] - click(findTestObject("1. Constant/xpath", ["xpath":"//*[@id="create_ref_btn"]/div/a"])): Object: 'Object Repository/1. Constant/xpath' is clicked on

2022-06-23 20:01:06 - [MESSAGE][PASSED] - Object: 'Object Repository/1. Constant/xpath' is clicked on

2022-06-23 20:01:06 - [TEST_STEP][PASSED] - selectOptionByValue(findTestObject("1. Constant/xpath", ["xpath":"//*[@id="lfc_tpl"]"]), "32", false): All options with value '32' are selected in object 'Object Repository/1. Constant/xpath' 

2022-06-23 20:01:08 - [MESSAGE][PASSED] - All options with value '32' are selected in object 'Object Repository/1. Constant/xpath' 

2022-06-23 20:01:08 - [TEST_STEP][PASSED] - ref_name = RandomStringUtils.randomAlphanumeric(5) + "_Auto_A4B_" + I.gettimedate(): null

2022-06-23 20:01:08 - [TEST_STEP][PASSED] - setText(findTestObject("1. Constant/xpath", ["xpath":"//*[@id="var_name"]"]), ref_name): Text 'R4Ul4_Auto_A4B_juin232022_200108' is set on object 'Object Repository/1. Constant/xpath'

2022-06-23 20:01:11 - [MESSAGE][PASSED] - Text 'R4Ul4_Auto_A4B_juin232022_200108' is set on object 'Object Repository/1. Constant/xpath'

2022-06-23 20:01:11 - [TEST_STEP][PASSED] - takeScreenshot(): Taking screenshot successfully

2022-06-23 20:01:12 - [MESSAGE][PASSED] - Taking screenshot successfully
[[ATTACHMENT|D:\\Projet Test Auto\\Mediabox Test Automation\\Reports\\20220623_184212\\03. Parallel Testing (Testing)\\TS -PT PART 3\\06. NPP Partial Submission Mass Submit\\20220623_184219\\1656007271450.png]]

2022-06-23 20:01:12 - [TEST_STEP][PASSED] - click(findTestObject("1. Constant/xpath", ["xpath":"//*[@id="ModifFiche"]/div[3]/div/button"])): Object: 'Object Repository/1. Constant/xpath' is clicked on

2022-06-23 20:01:15 - [MESSAGE][PASSED] - Object: 'Object Repository/1. Constant/xpath' is clicked on

2022-06-23 20:01:15 - [TEST_STEP][PASSED] - takeScreenshot(): Taking screenshot successfully

2022-06-23 20:01:16 - [MESSAGE][PASSED] - Taking screenshot successfully
[[ATTACHMENT|D:\\Projet Test Auto\\Mediabox Test Automation\\Reports\\20220623_184212\\03. Parallel Testing (Testing)\\TS -PT PART 3\\06. NPP Partial Submission Mass Submit\\20220623_184219\\1656007276071.png]]

2022-06-23 20:01:16 - [TEST_STEP][PASSED] - delay(1): Delayed 1 second(s)

2022-06-23 20:01:17 - [MESSAGE][PASSED] - Delayed 1 second(s)

2022-06-23 20:01:17 - [TEST_STEP][PASSED] - refID_Mother = I.RefID(): Current window's url is: 'http://mdb-release.diadeis.lan/MediaboxIndependence/Base/ExecAction?IDSession=MBI%21RELTESTAUTO_DREYERS%21T415N1GPNSRP73CVOEW7F4PC7E8VDRAGRHZ7EJJ6&default_action=ModifierRef&id_project=MI000884&id_ref=5297&action_from=create_ref'

2022-06-23 20:01:22 - [MESSAGE][PASSED] - Delayed 5 second(s)

2022-06-23 20:01:22 - [MESSAGE][PASSED] - Current window's url is: 'http://mdb-release.diadeis.lan/MediaboxIndependence/Base/ExecAction?IDSession=MBI%21RELTESTAUTO_DREYERS%21T415N1GPNSRP73CVOEW7F4PC7E8VDRAGRHZ7EJJ6&default_action=ModifierRef&id_project=MI000884&id_ref=5297&action_from=create_ref'

2022-06-23 20:01:22 - [TEST_STEP][PASSED] - I.print(refID_Mother): null

2022-06-23 20:01:22 - [TEST_STEP][PASSED] - click(findTestObject("1. Constant/xpath", ["xpath":"//*[@id="type_save"]"])): Object: 'Object Repository/1. Constant/xpath' is clicked on

2022-06-23 20:01:28 - [MESSAGE][PASSED] - Object: 'Object Repository/1. Constant/xpath' is clicked on

2022-06-23 20:01:28 - [TEST_STEP][PASSED] - I.Logout(): Delayed 3 second(s)

2022-06-23 20:01:31 - [MESSAGE][PASSED] - Delayed 3 second(s)

2022-06-23 20:01:32 - [MESSAGE][PASSED] - Object: 'Object Repository/1. Constant/xpath' is clicked on

2022-06-23 20:01:35 - [MESSAGE][PASSED] - Delayed 3 second(s)

2022-06-23 20:01:39 - [MESSAGE][PASSED] - Object: 'Object Repository/1. Constant/xpath' is clicked on

2022-06-23 20:01:42 - [MESSAGE][PASSED] - Delayed 3 second(s)

2022-06-23 20:01:42 - [TEST_STEP][PASSED] - I.Login_password("nturner", password_nturner): Object: 'Object Repository/1. Constant/xpath' is clicked on

2022-06-23 20:01:45 - [MESSAGE][PASSED] - Text 'nturner' is set on object 'Object Repository/1. Constant/xpath'

2022-06-23 20:01:46 - [MESSAGE][PASSED] - Delayed 1 second(s)

2022-06-23 20:01:48 - [MESSAGE][PASSED] - Text 'diadeis1' is set on object 'Object Repository/1. Constant/xpath'

2022-06-23 20:01:49 - [MESSAGE][PASSED] - Delayed 1 second(s)

2022-06-23 20:01:54 - [MESSAGE][PASSED] - Object: 'Object Repository/1. Constant/xpath' is clicked on

2022-06-23 20:01:54 - [TEST_STEP][PASSED] - click(findTestObject("1. Constant/02_LHSMenu_Projects")): Object: 'Object Repository/1. Constant/02_LHSMenu_Projects' is clicked on

2022-06-23 20:01:57 - [MESSAGE][PASSED] - Object: 'Object Repository/1. Constant/02_LHSMenu_Projects' is clicked on

2022-06-23 20:01:57 - [TEST_STEP][PASSED] - I.SearchProjectNo(Project_No, findTestObject("HL Full Lifecycle/9 Filter_Button_Apply")): Delayed 5 second(s)

2022-06-23 20:01:59 - [MESSAGE][PASSED] - Text 'MI000884' is set on object 'Object Repository/1. Constant/xpath'

2022-06-23 20:02:02 - [MESSAGE][PASSED] - Delayed 3 second(s)

2022-06-23 20:02:06 - [MESSAGE][PASSED] - Object: 'Object Repository/HL Full Lifecycle/9 Filter_Button_Apply' is clicked on

2022-06-23 20:02:11 - [MESSAGE][PASSED] - Delayed 5 second(s)

2022-06-23 20:02:11 - [TEST_STEP][PASSED] - takeScreenshot(): Taking screenshot successfully

2022-06-23 20:02:12 - [MESSAGE][PASSED] - Taking screenshot successfully
[[ATTACHMENT|D:\\Projet Test Auto\\Mediabox Test Automation\\Reports\\20220623_184212\\03. Parallel Testing (Testing)\\TS -PT PART 3\\06. NPP Partial Submission Mass Submit\\20220623_184219\\1656007332181.png]]

2022-06-23 20:02:12 - [TEST_STEP][PASSED] - click(findTestObject("1. Constant/xpath", ["xpath":"//*[@id="source_" + refID_Mother + ""]/td[13]/a[2]"])): Object: 'Object Repository/1. Constant/xpath' is clicked on

2022-06-23 20:02:15 - [MESSAGE][PASSED] - Object: 'Object Repository/1. Constant/xpath' is clicked on

2022-06-23 20:02:15 - [TEST_STEP][PASSED] - click(findTestObject("1. Constant/xpath", ["xpath":"//*[@id="ModifFiche"]/div[1]/div/button[2]"])): Object: 'Object Repository/1. Constant/xpath' is clicked on

2022-06-23 20:02:20 - [MESSAGE][PASSED] - Object: 'Object Repository/1. Constant/xpath' is clicked on

2022-06-23 20:02:20 - [TEST_STEP][PASSED] - takeScreenshot(): Taking screenshot successfully

2022-06-23 20:02:21 - [MESSAGE][PASSED] - Taking screenshot successfully
[[ATTACHMENT|D:\\Projet Test Auto\\Mediabox Test Automation\\Reports\\20220623_184212\\03. Parallel Testing (Testing)\\TS -PT PART 3\\06. NPP Partial Submission Mass Submit\\20220623_184219\\1656007340658.png]]

2022-06-23 20:02:21 - [TEST_STEP][PASSED] - L1 = getText(findTestObject("1. Constant/xpath", ["xpath":"//*[@id="source_" + refID_Mother + ""]/td[12]/span[1]"])): Text of object 'Object Repository/1. Constant/xpath' is: 'Mother Phase 1.1'

2022-06-23 20:02:22 - [MESSAGE][PASSED] - Text of object 'Object Repository/1. Constant/xpath' is: 'Mother Phase 1.1'

2022-06-23 20:02:22 - [TEST_STEP][PASSED] - verifyMatch(L1, "Mother Phase 1.1", false): Actual text 'Mother Phase 1.1' and expected text 'Mother Phase 1.1' are matched 

2022-06-23 20:02:22 - [MESSAGE][PASSED] - Actual text 'Mother Phase 1.1' and expected text 'Mother Phase 1.1' are matched 

2022-06-23 20:02:22 - [TEST_STEP][PASSED] - I.Logout(): Delayed 3 second(s)

2022-06-23 20:02:25 - [MESSAGE][PASSED] - Delayed 3 second(s)

2022-06-23 20:02:26 - [MESSAGE][PASSED] - Object: 'Object Repository/1. Constant/xpath' is clicked on

2022-06-23 20:02:29 - [MESSAGE][PASSED] - Delayed 3 second(s)

2022-06-23 20:02:32 - [MESSAGE][PASSED] - Object: 'Object Repository/1. Constant/xpath' is clicked on

2022-06-23 20:02:35 - [MESSAGE][PASSED] - Delayed 3 second(s)

2022-06-23 20:02:35 - [TEST_STEP][PASSED] - I.Login_password("talexeeva", password_talexeeva): Object: 'Object Repository/1. Constant/xpath' is clicked on

2022-06-23 20:02:38 - [MESSAGE][PASSED] - Text 'talexeeva' is set on object 'Object Repository/1. Constant/xpath'

2022-06-23 20:02:39 - [MESSAGE][PASSED] - Delayed 1 second(s)

2022-06-23 20:02:40 - [MESSAGE][PASSED] - Text 'diadeis2' is set on object 'Object Repository/1. Constant/xpath'

2022-06-23 20:02:41 - [MESSAGE][PASSED] - Delayed 1 second(s)

2022-06-23 20:02:46 - [MESSAGE][PASSED] - Object: 'Object Repository/1. Constant/xpath' is clicked on

2022-06-23 20:02:46 - [TEST_STEP][PASSED] - click(findTestObject("1. Constant/02_LHSMenu_Projects")): Object: 'Object Repository/1. Constant/02_LHSMenu_Projects' is clicked on

2022-06-23 20:02:49 - [MESSAGE][PASSED] - Object: 'Object Repository/1. Constant/02_LHSMenu_Projects' is clicked on

2022-06-23 20:02:49 - [TEST_STEP][PASSED] - I.SearchProjectNo(Project_No, findTestObject("1. Constant/xpath", ["xpath":"//*[@id="form_filters"]/div[4]/button"])): Delayed 5 second(s)

2022-06-23 20:02:51 - [MESSAGE][PASSED] - Text 'MI000884' is set on object 'Object Repository/1. Constant/xpath'

2022-06-23 20:02:54 - [MESSAGE][PASSED] - Delayed 3 second(s)

2022-06-23 20:02:58 - [MESSAGE][PASSED] - Object: 'Object Repository/1. Constant/xpath' is clicked on

2022-06-23 20:03:03 - [MESSAGE][PASSED] - Delayed 5 second(s)

2022-06-23 20:03:03 - [TEST_STEP][PASSED] - takeScreenshot(): Taking screenshot successfully

2022-06-23 20:03:04 - [MESSAGE][PASSED] - Taking screenshot successfully
[[ATTACHMENT|D:\\Projet Test Auto\\Mediabox Test Automation\\Reports\\20220623_184212\\03. Parallel Testing (Testing)\\TS -PT PART 3\\06. NPP Partial Submission Mass Submit\\20220623_184219\\1656007384040.png]]

2022-06-23 20:03:04 - [TEST_STEP][PASSED] - click(findTestObject("1. Constant/xpath", ["xpath":"//*[@id="source_" + refID_Mother + ""]/td[13]/a[2]"])): Object: 'Object Repository/1. Constant/xpath' is clicked on

2022-06-23 20:03:06 - [MESSAGE][PASSED] - Object: 'Object Repository/1. Constant/xpath' is clicked on

2022-06-23 20:03:06 - [TEST_STEP][PASSED] - click(findTestObject("1. Constant/xpath", ["xpath":"//*[@id="ModifFiche"]/div[1]/div/button[2]"])): Object: 'Object Repository/1. Constant/xpath' is clicked on

2022-06-23 20:03:11 - [MESSAGE][PASSED] - Object: 'Object Repository/1. Constant/xpath' is clicked on

2022-06-23 20:03:11 - [TEST_STEP][PASSED] - takeScreenshot(): Taking screenshot successfully

2022-06-23 20:03:12 - [MESSAGE][PASSED] - Taking screenshot successfully
[[ATTACHMENT|D:\\Projet Test Auto\\Mediabox Test Automation\\Reports\\20220623_184212\\03. Parallel Testing (Testing)\\TS -PT PART 3\\06. NPP Partial Submission Mass Submit\\20220623_184219\\1656007391937.png]]

2022-06-23 20:03:12 - [TEST_STEP][PASSED] - L2 = getText(findTestObject("1. Constant/xpath", ["xpath":"//*[@id="source_" + refID_Mother + ""]/td[12]/span[1]"])): Text of object 'Object Repository/1. Constant/xpath' is: 'Mother Phase 1.1'

2022-06-23 20:03:13 - [MESSAGE][PASSED] - Text of object 'Object Repository/1. Constant/xpath' is: 'Mother Phase 1.1'

2022-06-23 20:03:13 - [TEST_STEP][PASSED] - verifyMatch(L2, "Mother Phase 1.1", false): Actual text 'Mother Phase 1.1' and expected text 'Mother Phase 1.1' are matched 

2022-06-23 20:03:13 - [MESSAGE][PASSED] - Actual text 'Mother Phase 1.1' and expected text 'Mother Phase 1.1' are matched 

2022-06-23 20:03:13 - [TEST_STEP][PASSED] - I.Logout(): Delayed 3 second(s)

2022-06-23 20:03:16 - [MESSAGE][PASSED] - Delayed 3 second(s)

2022-06-23 20:03:18 - [MESSAGE][PASSED] - Object: 'Object Repository/1. Constant/xpath' is clicked on

2022-06-23 20:03:21 - [MESSAGE][PASSED] - Delayed 3 second(s)

2022-06-23 20:03:25 - [MESSAGE][PASSED] - Object: 'Object Repository/1. Constant/xpath' is clicked on

2022-06-23 20:03:28 - [MESSAGE][PASSED] - Delayed 3 second(s)

2022-06-23 20:03:28 - [TEST_STEP][PASSED] - I.Login_password("mbaughman", password_mbaughman): Object: 'Object Repository/1. Constant/xpath' is clicked on

2022-06-23 20:03:29 - [MESSAGE][PASSED] - Text 'mbaughman' is set on object 'Object Repository/1. Constant/xpath'

2022-06-23 20:03:30 - [MESSAGE][PASSED] - Delayed 1 second(s)

2022-06-23 20:03:32 - [MESSAGE][PASSED] - Text 'diadeis' is set on object 'Object Repository/1. Constant/xpath'

2022-06-23 20:03:33 - [MESSAGE][PASSED] - Delayed 1 second(s)

2022-06-23 20:03:38 - [MESSAGE][PASSED] - Object: 'Object Repository/1. Constant/xpath' is clicked on

2022-06-23 20:03:38 - [TEST_STEP][PASSED] - click(findTestObject("1. Constant/02_LHSMenu_Projects")): Object: 'Object Repository/1. Constant/02_LHSMenu_Projects' is clicked on

2022-06-23 20:03:45 - [MESSAGE][PASSED] - Object: 'Object Repository/1. Constant/02_LHSMenu_Projects' is clicked on

2022-06-23 20:03:45 - [TEST_STEP][PASSED] - I.SearchProjectNo(Project_No, findTestObject("1. Constant/xpath", ["xpath":"//*[@id="form_filters"]/div[4]/button"])): Delayed 5 second(s)

2022-06-23 20:03:50 - [MESSAGE][PASSED] - Text 'MI000884' is set on object 'Object Repository/1. Constant/xpath'

2022-06-23 20:03:53 - [MESSAGE][PASSED] - Delayed 3 second(s)

2022-06-23 20:03:55 - [MESSAGE][PASSED] - Object: 'Object Repository/1. Constant/xpath' is clicked on

2022-06-23 20:04:00 - [MESSAGE][PASSED] - Delayed 5 second(s)

2022-06-23 20:04:00 - [TEST_STEP][PASSED] - takeScreenshot(): Taking screenshot successfully

2022-06-23 20:04:01 - [MESSAGE][PASSED] - Taking screenshot successfully
[[ATTACHMENT|D:\\Projet Test Auto\\Mediabox Test Automation\\Reports\\20220623_184212\\03. Parallel Testing (Testing)\\TS -PT PART 3\\06. NPP Partial Submission Mass Submit\\20220623_184219\\1656007440657.png]]

2022-06-23 20:04:01 - [TEST_STEP][PASSED] - click(findTestObject("1. Constant/xpath", ["xpath":"//*[@id="source_" + refID_Mother + ""]/td[14]/a[2]"])): Object: 'Object Repository/1. Constant/xpath' is clicked on

2022-06-23 20:04:04 - [MESSAGE][PASSED] - Object: 'Object Repository/1. Constant/xpath' is clicked on

2022-06-23 20:04:04 - [TEST_STEP][PASSED] - click(findTestObject("1. Constant/xpath", ["xpath":"//*[@id="ModifFiche"]/div[1]/div/button[2]"])): Object: 'Object Repository/1. Constant/xpath' is clicked on

2022-06-23 20:04:09 - [MESSAGE][PASSED] - Object: 'Object Repository/1. Constant/xpath' is clicked on

2022-06-23 20:04:09 - [TEST_STEP][PASSED] - takeScreenshot(): Taking screenshot successfully

2022-06-23 20:04:09 - [MESSAGE][PASSED] - Taking screenshot successfully
[[ATTACHMENT|D:\\Projet Test Auto\\Mediabox Test Automation\\Reports\\20220623_184212\\03. Parallel Testing (Testing)\\TS -PT PART 3\\06. NPP Partial Submission Mass Submit\\20220623_184219\\1656007449411.png]]

2022-06-23 20:04:09 - [TEST_STEP][PASSED] - L3 = getText(findTestObject("1. Constant/xpath", ["xpath":"//*[@id="source_" + refID_Mother + ""]/td[12]/span[1]"])): Text of object 'Object Repository/1. Constant/xpath' is: 'Mother Phase 2.1'

2022-06-23 20:04:10 - [MESSAGE][PASSED] - Text of object 'Object Repository/1. Constant/xpath' is: 'Mother Phase 2.1'

2022-06-23 20:04:10 - [TEST_STEP][PASSED] - verifyMatch(L3, "Mother Phase 2.1", false): Actual text 'Mother Phase 2.1' and expected text 'Mother Phase 2.1' are matched 

2022-06-23 20:04:10 - [MESSAGE][PASSED] - Actual text 'Mother Phase 2.1' and expected text 'Mother Phase 2.1' are matched 

2022-06-23 20:04:10 - [TEST_STEP][PASSED] - closeBrowser(): Browser is closed

2022-06-23 20:04:20 - [MESSAGE][PASSED] - Browser is closed

2022-06-23 20:04:20 - [TEST_STEP][PASSED] - Start listener action : sampleAfterTestCase: null]]></system-out>
         <system-err><![CDATA[]]></system-err>
      </testcase>
      <testcase name="Test Cases/06. Tag _ Dreyers _ NPP Mass Submit/6.06 Npp_MassSubmit_Translation P2 (8.02)" time="348.182" classname="Test Cases/06. Tag _ Dreyers _ NPP Mass Submit/6.06 Npp_MassSubmit_Translation P2 (8.02)" status="PASSED">
         <system-out><![CDATA[2022-06-23 20:04:20 - [TEST_CASE][PASSED] - Test Cases/06. Tag _ Dreyers _ NPP Mass Submit/6.06 Npp_MassSubmit_Translation P2 (8.02): Test Cases/06. Tag _ Dreyers _ NPP Mass Submit/6.06 Npp_MassSubmit_Translation P2 (8.02)

2022-06-23 20:04:21 - [TEST_STEP][PASSED] - data_Npp = findTestData("Data Files/Username_Password/Npp"): null

2022-06-23 20:04:21 - [TEST_STEP][PASSED] - password_ncur = data_Npp.getValue(2, 1): null

2022-06-23 20:04:21 - [TEST_STEP][PASSED] - password_akim = data_Npp.getValue(2, 2): null

2022-06-23 20:04:21 - [TEST_STEP][PASSED] - password_sschunke = data_Npp.getValue(2, 3): null

2022-06-23 20:04:21 - [TEST_STEP][PASSED] - password_abrazhnikovapx = data_Npp.getValue(2, 4): null

2022-06-23 20:04:21 - [TEST_STEP][PASSED] - password_afrappaz = data_Npp.getValue(2, 5): null

2022-06-23 20:04:21 - [TEST_STEP][PASSED] - password_alarkins = data_Npp.getValue(2, 6): null

2022-06-23 20:04:21 - [TEST_STEP][PASSED] - password_cdemonchy = data_Npp.getValue(2, 7): null

2022-06-23 20:04:21 - [TEST_STEP][PASSED] - data_urlRELAUTO = findTestData("Data Files/URL/URL_relauto"): null

2022-06-23 20:04:21 - [TEST_STEP][PASSED] - Url_Npp = data_urlRELAUTO.getValue(2, 5): null

2022-06-23 20:04:21 - [TEST_STEP][PASSED] - Project_No = I.readnotepad("D:\Upoad_File\Projet_ Login\NPP\8.02\8.02_NPP_ProjectNo.txt"): null

2022-06-23 20:04:21 - [TEST_STEP][PASSED] - refID = I.readnotepad("D:\Upoad_File\Projet_ Login\NPP\8.02\8.02_NPP_refID.txt"): null

2022-06-23 20:04:21 - [TEST_STEP][PASSED] - openBrowser(Url_Npp): Browser is opened with url: ' http://mdb-release.diadeis.lan/MediaboxIndependence/?MBI_datasource=RELTESTAUTO_NPP'

2022-06-23 20:04:21 - [MESSAGE][INFO] - Starting 'Chrome (headless)' driver

2022-06-23 20:04:21 - [MESSAGE][INFO] - User set preference: ['args', '[--window-size=1920,1080, --headless]']

2022-06-23 20:04:21 - [MESSAGE][INFO] - Action delay is set to 0 milliseconds

2022-06-23 20:04:41 - [MESSAGE][PASSED] - Browser is opened with url: ' http://mdb-release.diadeis.lan/MediaboxIndependence/?MBI_datasource=RELTESTAUTO_NPP'

2022-06-23 20:04:41 - [TEST_STEP][PASSED] - maximizeWindow(): Current window maximized

2022-06-23 20:04:42 - [MESSAGE][PASSED] - Current window maximized

2022-06-23 20:04:42 - [TEST_STEP][PASSED] - takeScreenshot(): Taking screenshot successfully

2022-06-23 20:04:42 - [MESSAGE][PASSED] - Taking screenshot successfully
[[ATTACHMENT|D:\\Projet Test Auto\\Mediabox Test Automation\\Reports\\20220623_184212\\03. Parallel Testing (Testing)\\TS -PT PART 3\\06. NPP Partial Submission Mass Submit\\20220623_184219\\1656007482591.png]]

2022-06-23 20:04:42 - [TEST_STEP][PASSED] - I.Login_password("ncur", password_ncur): Object: 'Object Repository/1. Constant/xpath' is clicked on

2022-06-23 20:04:44 - [MESSAGE][PASSED] - Text 'ncur' is set on object 'Object Repository/1. Constant/xpath'

2022-06-23 20:04:45 - [MESSAGE][PASSED] - Delayed 1 second(s)

2022-06-23 20:04:46 - [MESSAGE][PASSED] - Text 'dchi' is set on object 'Object Repository/1. Constant/xpath'

2022-06-23 20:04:47 - [MESSAGE][PASSED] - Delayed 1 second(s)

2022-06-23 20:05:00 - [MESSAGE][PASSED] - Object: 'Object Repository/1. Constant/xpath' is clicked on

2022-06-23 20:05:00 - [TEST_STEP][PASSED] - click(findTestObject("1. Constant/02_LHSMenu_Projects")): Object: 'Object Repository/1. Constant/02_LHSMenu_Projects' is clicked on

2022-06-23 20:05:18 - [MESSAGE][PASSED] - Object: 'Object Repository/1. Constant/02_LHSMenu_Projects' is clicked on

2022-06-23 20:05:18 - [TEST_STEP][PASSED] - delay(1): Delayed 1 second(s)

2022-06-23 20:05:19 - [MESSAGE][PASSED] - Delayed 1 second(s)

2022-06-23 20:05:19 - [TEST_STEP][PASSED] - I.SearchProjectNo_xpath(Project_No, "//*[@id="keynum_project"]", "//*[@id="form_filters"]/div[9]/button"): Delayed 5 second(s)

2022-06-23 20:05:20 - [MESSAGE][PASSED] - Delayed 1 second(s)

2022-06-23 20:05:23 - [MESSAGE][PASSED] - Text 'MI001077' is set on object 'Object Repository/1. Constant/xpath'

2022-06-23 20:05:26 - [MESSAGE][PASSED] - Delayed 3 second(s)

2022-06-23 20:05:27 - [MESSAGE][PASSED] - Scroll to object 'Object Repository/1. Constant/xpath' successfully

2022-06-23 20:05:33 - [MESSAGE][PASSED] - Object: 'Object Repository/1. Constant/xpath' is clicked on

2022-06-23 20:05:38 - [MESSAGE][PASSED] - Delayed 5 second(s)

2022-06-23 20:05:38 - [TEST_STEP][PASSED] - delay(5): Delayed 5 second(s)

2022-06-23 20:05:43 - [MESSAGE][PASSED] - Delayed 5 second(s)

2022-06-23 20:05:43 - [TEST_STEP][PASSED] - takeScreenshot(): Taking screenshot successfully

2022-06-23 20:05:44 - [MESSAGE][PASSED] - Taking screenshot successfully
[[ATTACHMENT|D:\\Projet Test Auto\\Mediabox Test Automation\\Reports\\20220623_184212\\03. Parallel Testing (Testing)\\TS -PT PART 3\\06. NPP Partial Submission Mass Submit\\20220623_184219\\1656007543422.png]]

2022-06-23 20:05:44 - [TEST_STEP][PASSED] - click(findTestObject("1. Constant/xpath", ["xpath":"//*[@id="fiches"]/table/tbody/tr/td[10]/div[2]/button"])): Object: 'Object Repository/1. Constant/xpath' is clicked on

2022-06-23 20:05:45 - [MESSAGE][PASSED] - Object: 'Object Repository/1. Constant/xpath' is clicked on

2022-06-23 20:05:45 - [TEST_STEP][PASSED] - delay(1): Delayed 1 second(s)

2022-06-23 20:05:46 - [MESSAGE][PASSED] - Delayed 1 second(s)

2022-06-23 20:05:46 - [TEST_STEP][PASSED] - click(findTestObject("1. Constant/xpath", ["xpath":"//*[@id="fiches"]/table/tbody/tr/td[10]/div[2]/div/a[1]"])): Object: 'Object Repository/1. Constant/xpath' is clicked on

2022-06-23 20:05:49 - [MESSAGE][PASSED] - Object: 'Object Repository/1. Constant/xpath' is clicked on

2022-06-23 20:05:49 - [TEST_STEP][PASSED] - selectOptionByValue(findTestObject("1. Constant/xpath", ["xpath":"//*[@id="var_84"]"]), "akim", false): All options with value 'akim' are selected in object 'Object Repository/1. Constant/xpath' 

2022-06-23 20:05:51 - [MESSAGE][PASSED] - All options with value 'akim' are selected in object 'Object Repository/1. Constant/xpath' 

2022-06-23 20:05:51 - [TEST_STEP][PASSED] - click(findTestObject("1. Constant/xpath", ["xpath":"//*[@id="ModifFiche"]/div[1]/div/div/button"])): Object: 'Object Repository/1. Constant/xpath' is clicked on

2022-06-23 20:05:52 - [MESSAGE][PASSED] - Object: 'Object Repository/1. Constant/xpath' is clicked on

2022-06-23 20:05:52 - [TEST_STEP][PASSED] - delay(1): Delayed 1 second(s)

2022-06-23 20:05:53 - [MESSAGE][PASSED] - Delayed 1 second(s)

2022-06-23 20:05:53 - [TEST_STEP][PASSED] - click(findTestObject("1. Constant/xpath", ["xpath":"//*[@id="ModifFiche"]/div[1]/div/div/div/a[1]"])): Object: 'Object Repository/1. Constant/xpath' is clicked on

2022-06-23 20:06:02 - [MESSAGE][PASSED] - Object: 'Object Repository/1. Constant/xpath' is clicked on

2022-06-23 20:06:02 - [TEST_STEP][PASSED] - delay(1): Delayed 1 second(s)

2022-06-23 20:06:03 - [MESSAGE][PASSED] - Delayed 1 second(s)

2022-06-23 20:06:03 - [TEST_STEP][PASSED] - takeScreenshot(): Taking screenshot successfully

2022-06-23 20:06:03 - [MESSAGE][PASSED] - Taking screenshot successfully
[[ATTACHMENT|D:\\Projet Test Auto\\Mediabox Test Automation\\Reports\\20220623_184212\\03. Parallel Testing (Testing)\\TS -PT PART 3\\06. NPP Partial Submission Mass Submit\\20220623_184219\\1656007563130.png]]

2022-06-23 20:06:03 - [TEST_STEP][PASSED] - click(findTestObject("1. Constant/xpath", ["xpath":"//*[@id="fiches"]/table/tbody/tr/td[10]/div[2]/button"])): Object: 'Object Repository/1. Constant/xpath' is clicked on

2022-06-23 20:06:04 - [MESSAGE][PASSED] - Object: 'Object Repository/1. Constant/xpath' is clicked on

2022-06-23 20:06:04 - [TEST_STEP][PASSED] - delay(1): Delayed 1 second(s)

2022-06-23 20:06:05 - [MESSAGE][PASSED] - Delayed 1 second(s)

2022-06-23 20:06:05 - [TEST_STEP][PASSED] - click(findTestObject("1. Constant/xpath", ["xpath":"//*[@id="fiches"]/table/tbody/tr/td[10]/div[2]/div/a[1]"])): Object: 'Object Repository/1. Constant/xpath' is clicked on

2022-06-23 20:06:07 - [MESSAGE][PASSED] - Object: 'Object Repository/1. Constant/xpath' is clicked on

2022-06-23 20:06:07 - [TEST_STEP][PASSED] - selectOptionByValue(findTestObject("1. Constant/xpath", ["xpath":"//*[@id="var_76"]"]), "afrappaz", false): All options with value 'afrappaz' are selected in object 'Object Repository/1. Constant/xpath' 

2022-06-23 20:06:08 - [MESSAGE][PASSED] - All options with value 'afrappaz' are selected in object 'Object Repository/1. Constant/xpath' 

2022-06-23 20:06:08 - [TEST_STEP][PASSED] - click(findTestObject("1. Constant/xpath", ["xpath":"//*[@id="ModifFiche"]/div[1]/div/div/button"])): Object: 'Object Repository/1. Constant/xpath' is clicked on

2022-06-23 20:06:09 - [MESSAGE][PASSED] - Object: 'Object Repository/1. Constant/xpath' is clicked on

2022-06-23 20:06:09 - [TEST_STEP][PASSED] - delay(1): Delayed 1 second(s)

2022-06-23 20:06:10 - [MESSAGE][PASSED] - Delayed 1 second(s)

2022-06-23 20:06:10 - [TEST_STEP][PASSED] - click(findTestObject("1. Constant/xpath", ["xpath":"//*[@id="ModifFiche"]/div[1]/div/div/div/a[1]"])): Object: 'Object Repository/1. Constant/xpath' is clicked on

2022-06-23 20:06:18 - [MESSAGE][PASSED] - Object: 'Object Repository/1. Constant/xpath' is clicked on

2022-06-23 20:06:18 - [TEST_STEP][PASSED] - delay(1): Delayed 1 second(s)

2022-06-23 20:06:19 - [MESSAGE][PASSED] - Delayed 1 second(s)

2022-06-23 20:06:19 - [TEST_STEP][PASSED] - takeScreenshot(): Taking screenshot successfully

2022-06-23 20:06:19 - [MESSAGE][PASSED] - Taking screenshot successfully
[[ATTACHMENT|D:\\Projet Test Auto\\Mediabox Test Automation\\Reports\\20220623_184212\\03. Parallel Testing (Testing)\\TS -PT PART 3\\06. NPP Partial Submission Mass Submit\\20220623_184219\\1656007579341.png]]

2022-06-23 20:06:19 - [TEST_STEP][PASSED] - click(findTestObject("1. Constant/xpath", ["xpath":"//*[@id="fiches"]/table/tbody/tr/td[10]/div[2]/button"])): Object: 'Object Repository/1. Constant/xpath' is clicked on

2022-06-23 20:06:20 - [MESSAGE][PASSED] - Object: 'Object Repository/1. Constant/xpath' is clicked on

2022-06-23 20:06:20 - [TEST_STEP][PASSED] - delay(1): Delayed 1 second(s)

2022-06-23 20:06:21 - [MESSAGE][PASSED] - Delayed 1 second(s)

2022-06-23 20:06:21 - [TEST_STEP][PASSED] - click(findTestObject("1. Constant/xpath", ["xpath":"//*[@id="fiches"]/table/tbody/tr/td[10]/div[2]/div/a[1]"])): Object: 'Object Repository/1. Constant/xpath' is clicked on

2022-06-23 20:06:23 - [MESSAGE][PASSED] - Object: 'Object Repository/1. Constant/xpath' is clicked on

2022-06-23 20:06:23 - [TEST_STEP][PASSED] - click(findTestObject("1. Constant/xpath", ["xpath":"//*[@id="ModifFiche"]/div[1]/div/div/button"])): Object: 'Object Repository/1. Constant/xpath' is clicked on

2022-06-23 20:06:23 - [MESSAGE][PASSED] - Object: 'Object Repository/1. Constant/xpath' is clicked on

2022-06-23 20:06:23 - [TEST_STEP][PASSED] - delay(1): Delayed 1 second(s)

2022-06-23 20:06:24 - [MESSAGE][PASSED] - Delayed 1 second(s)

2022-06-23 20:06:24 - [TEST_STEP][PASSED] - click(findTestObject("1. Constant/xpath", ["xpath":"//*[@id="ModifFiche"]/div[1]/div/div/div/a[1]"])): Object: 'Object Repository/1. Constant/xpath' is clicked on

2022-06-23 20:06:30 - [MESSAGE][PASSED] - Object: 'Object Repository/1. Constant/xpath' is clicked on

2022-06-23 20:06:30 - [TEST_STEP][PASSED] - delay(1): Delayed 1 second(s)

2022-06-23 20:06:31 - [MESSAGE][PASSED] - Delayed 1 second(s)

2022-06-23 20:06:31 - [TEST_STEP][PASSED] - takeScreenshot(): Taking screenshot successfully

2022-06-23 20:06:32 - [MESSAGE][PASSED] - Taking screenshot successfully
[[ATTACHMENT|D:\\Projet Test Auto\\Mediabox Test Automation\\Reports\\20220623_184212\\03. Parallel Testing (Testing)\\TS -PT PART 3\\06. NPP Partial Submission Mass Submit\\20220623_184219\\1656007591811.png]]

2022-06-23 20:06:32 - [TEST_STEP][PASSED] - click(findTestObject("1. Constant/xpath", ["xpath":"//*[@id="fiches"]/table/tbody/tr/td[10]/div[2]/button"])): Object: 'Object Repository/1. Constant/xpath' is clicked on

2022-06-23 20:06:34 - [MESSAGE][PASSED] - Object: 'Object Repository/1. Constant/xpath' is clicked on

2022-06-23 20:06:34 - [TEST_STEP][PASSED] - delay(1): Delayed 1 second(s)

2022-06-23 20:06:35 - [MESSAGE][PASSED] - Delayed 1 second(s)

2022-06-23 20:06:35 - [TEST_STEP][PASSED] - click(findTestObject("1. Constant/xpath", ["xpath":"//*[@id="fiches"]/table/tbody/tr/td[10]/div[2]/div/a[1]"])): Object: 'Object Repository/1. Constant/xpath' is clicked on

2022-06-23 20:06:37 - [MESSAGE][PASSED] - Object: 'Object Repository/1. Constant/xpath' is clicked on

2022-06-23 20:06:37 - [TEST_STEP][PASSED] - delay(1): Delayed 1 second(s)

2022-06-23 20:06:38 - [MESSAGE][PASSED] - Delayed 1 second(s)

2022-06-23 20:06:38 - [TEST_STEP][PASSED] - selectOptionByValue(findTestObject("1. Constant/xpath", ["xpath":"//*[@id="var_56"]"]), "ctralrsa", false): All options with value 'ctralrsa' are selected in object 'Object Repository/1. Constant/xpath' 

2022-06-23 20:06:40 - [MESSAGE][PASSED] - All options with value 'ctralrsa' are selected in object 'Object Repository/1. Constant/xpath' 

2022-06-23 20:06:40 - [TEST_STEP][PASSED] - click(findTestObject("1. Constant/xpath", ["xpath":"//*[@id="ModifFiche"]/div[1]/div/div/button"])): Object: 'Object Repository/1. Constant/xpath' is clicked on

2022-06-23 20:06:40 - [MESSAGE][PASSED] - Object: 'Object Repository/1. Constant/xpath' is clicked on

2022-06-23 20:06:40 - [TEST_STEP][PASSED] - delay(1): Delayed 1 second(s)

2022-06-23 20:06:41 - [MESSAGE][PASSED] - Delayed 1 second(s)

2022-06-23 20:06:41 - [TEST_STEP][PASSED] - click(findTestObject("1. Constant/xpath", ["xpath":"//*[@id="ModifFiche"]/div[1]/div/div/div/a[1]"])): Object: 'Object Repository/1. Constant/xpath' is clicked on

2022-06-23 20:06:49 - [MESSAGE][PASSED] - Object: 'Object Repository/1. Constant/xpath' is clicked on

2022-06-23 20:06:49 - [TEST_STEP][PASSED] - delay(1): Delayed 1 second(s)

2022-06-23 20:06:50 - [MESSAGE][PASSED] - Delayed 1 second(s)

2022-06-23 20:06:50 - [TEST_STEP][PASSED] - takeScreenshot(): Taking screenshot successfully

2022-06-23 20:06:50 - [MESSAGE][PASSED] - Taking screenshot successfully
[[ATTACHMENT|D:\\Projet Test Auto\\Mediabox Test Automation\\Reports\\20220623_184212\\03. Parallel Testing (Testing)\\TS -PT PART 3\\06. NPP Partial Submission Mass Submit\\20220623_184219\\1656007610298.png]]

2022-06-23 20:06:50 - [TEST_STEP][PASSED] - click(findTestObject("1. Constant/xpath", ["xpath":"//*[@id="fiches"]/table/tbody/tr/td[10]/div[2]/button"])): Object: 'Object Repository/1. Constant/xpath' is clicked on

2022-06-23 20:06:51 - [MESSAGE][PASSED] - Object: 'Object Repository/1. Constant/xpath' is clicked on

2022-06-23 20:06:51 - [TEST_STEP][PASSED] - delay(1): Delayed 1 second(s)

2022-06-23 20:06:52 - [MESSAGE][PASSED] - Delayed 1 second(s)

2022-06-23 20:06:52 - [TEST_STEP][PASSED] - click(findTestObject("1. Constant/xpath", ["xpath":"//*[@id="fiches"]/table/tbody/tr/td[10]/div[2]/div/a[1]"])): Object: 'Object Repository/1. Constant/xpath' is clicked on

2022-06-23 20:06:54 - [MESSAGE][PASSED] - Object: 'Object Repository/1. Constant/xpath' is clicked on

2022-06-23 20:06:54 - [TEST_STEP][PASSED] - delay(1): Delayed 1 second(s)

2022-06-23 20:06:55 - [MESSAGE][PASSED] - Delayed 1 second(s)

2022-06-23 20:06:55 - [TEST_STEP][PASSED] - selectOptionByValue(findTestObject("1. Constant/xpath", ["xpath":"//*[@id="var_69"]"]), "ekolkina", false): All options with value 'ekolkina' are selected in object 'Object Repository/1. Constant/xpath' 

2022-06-23 20:06:56 - [MESSAGE][PASSED] - All options with value 'ekolkina' are selected in object 'Object Repository/1. Constant/xpath' 

2022-06-23 20:06:56 - [TEST_STEP][PASSED] - click(findTestObject("1. Constant/xpath", ["xpath":"//*[@id="ModifFiche"]/div[1]/div/div/button"])): Object: 'Object Repository/1. Constant/xpath' is clicked on

2022-06-23 20:06:57 - [MESSAGE][PASSED] - Object: 'Object Repository/1. Constant/xpath' is clicked on

2022-06-23 20:06:57 - [TEST_STEP][PASSED] - delay(1): Delayed 1 second(s)

2022-06-23 20:06:58 - [MESSAGE][PASSED] - Delayed 1 second(s)

2022-06-23 20:06:58 - [TEST_STEP][PASSED] - click(findTestObject("1. Constant/xpath", ["xpath":"//*[@id="ModifFiche"]/div[1]/div/div/div/a[1]"])): Object: 'Object Repository/1. Constant/xpath' is clicked on

2022-06-23 20:07:05 - [MESSAGE][PASSED] - Object: 'Object Repository/1. Constant/xpath' is clicked on

2022-06-23 20:07:05 - [TEST_STEP][PASSED] - delay(1): Delayed 1 second(s)

2022-06-23 20:07:06 - [MESSAGE][PASSED] - Delayed 1 second(s)

2022-06-23 20:07:06 - [TEST_STEP][PASSED] - takeScreenshot(): Taking screenshot successfully

2022-06-23 20:07:07 - [MESSAGE][PASSED] - Taking screenshot successfully
[[ATTACHMENT|D:\\Projet Test Auto\\Mediabox Test Automation\\Reports\\20220623_184212\\03. Parallel Testing (Testing)\\TS -PT PART 3\\06. NPP Partial Submission Mass Submit\\20220623_184219\\1656007627051.png]]

2022-06-23 20:07:07 - [TEST_STEP][PASSED] - click(findTestObject("1. Constant/xpath", ["xpath":"//*[@id="fiches"]/table/tbody/tr/td[10]/div[2]/button"])): Object: 'Object Repository/1. Constant/xpath' is clicked on

2022-06-23 20:07:08 - [MESSAGE][PASSED] - Object: 'Object Repository/1. Constant/xpath' is clicked on

2022-06-23 20:07:08 - [TEST_STEP][PASSED] - delay(1): Delayed 1 second(s)

2022-06-23 20:07:09 - [MESSAGE][PASSED] - Delayed 1 second(s)

2022-06-23 20:07:09 - [TEST_STEP][PASSED] - click(findTestObject("1. Constant/xpath", ["xpath":"//*[@id="fiches"]/table/tbody/tr/td[10]/div[2]/div/a[1]"])): Object: 'Object Repository/1. Constant/xpath' is clicked on

2022-06-23 20:07:15 - [MESSAGE][PASSED] - Object: 'Object Repository/1. Constant/xpath' is clicked on

2022-06-23 20:07:15 - [TEST_STEP][PASSED] - delay(1): Delayed 1 second(s)

2022-06-23 20:07:16 - [MESSAGE][PASSED] - Delayed 1 second(s)

2022-06-23 20:07:16 - [TEST_STEP][PASSED] - selectOptionByValue(findTestObject("1. Constant/xpath", ["xpath":"//*[@id="var_146"]"]), "sesther", false): All options with value 'sesther' are selected in object 'Object Repository/1. Constant/xpath' 

2022-06-23 20:07:17 - [MESSAGE][PASSED] - All options with value 'sesther' are selected in object 'Object Repository/1. Constant/xpath' 

2022-06-23 20:07:17 - [TEST_STEP][PASSED] - click(findTestObject("1. Constant/xpath", ["xpath":"//*[@id="ModifFiche"]/div[1]/div/div/button"])): Object: 'Object Repository/1. Constant/xpath' is clicked on

2022-06-23 20:07:18 - [MESSAGE][PASSED] - Object: 'Object Repository/1. Constant/xpath' is clicked on

2022-06-23 20:07:18 - [TEST_STEP][PASSED] - delay(1): Delayed 1 second(s)

2022-06-23 20:07:19 - [MESSAGE][PASSED] - Delayed 1 second(s)

2022-06-23 20:07:19 - [TEST_STEP][PASSED] - click(findTestObject("1. Constant/xpath", ["xpath":"//*[@id="ModifFiche"]/div[1]/div/div/div/a[1]"])): Object: 'Object Repository/1. Constant/xpath' is clicked on

2022-06-23 20:07:26 - [MESSAGE][PASSED] - Object: 'Object Repository/1. Constant/xpath' is clicked on

2022-06-23 20:07:26 - [TEST_STEP][PASSED] - delay(1): Delayed 1 second(s)

2022-06-23 20:07:27 - [MESSAGE][PASSED] - Delayed 1 second(s)

2022-06-23 20:07:27 - [TEST_STEP][PASSED] - takeScreenshot(): Taking screenshot successfully

2022-06-23 20:07:27 - [MESSAGE][PASSED] - Taking screenshot successfully
[[ATTACHMENT|D:\\Projet Test Auto\\Mediabox Test Automation\\Reports\\20220623_184212\\03. Parallel Testing (Testing)\\TS -PT PART 3\\06. NPP Partial Submission Mass Submit\\20220623_184219\\1656007647395.png]]

2022-06-23 20:07:27 - [TEST_STEP][PASSED] - click(findTestObject("1. Constant/xpath", ["xpath":"//*[@id="fiches"]/table/tbody/tr/td[10]/div[2]/button"])): Object: 'Object Repository/1. Constant/xpath' is clicked on

2022-06-23 20:07:29 - [MESSAGE][PASSED] - Object: 'Object Repository/1. Constant/xpath' is clicked on

2022-06-23 20:07:29 - [TEST_STEP][PASSED] - delay(1): Delayed 1 second(s)

2022-06-23 20:07:30 - [MESSAGE][PASSED] - Delayed 1 second(s)

2022-06-23 20:07:30 - [TEST_STEP][PASSED] - click(findTestObject("1. Constant/xpath", ["xpath":"//*[@id="fiches"]/table/tbody/tr/td[10]/div[2]/div/a[1]"])): Object: 'Object Repository/1. Constant/xpath' is clicked on

2022-06-23 20:07:34 - [MESSAGE][PASSED] - Object: 'Object Repository/1. Constant/xpath' is clicked on

2022-06-23 20:07:34 - [TEST_STEP][PASSED] - delay(1): Delayed 1 second(s)

2022-06-23 20:07:35 - [MESSAGE][PASSED] - Delayed 1 second(s)

2022-06-23 20:07:35 - [TEST_STEP][PASSED] - selectOptionByValue(findTestObject("1. Constant/xpath", ["xpath":"//*[@id="var_147"]"]), "aogunsanya", false): All options with value 'aogunsanya' are selected in object 'Object Repository/1. Constant/xpath' 

2022-06-23 20:07:35 - [MESSAGE][PASSED] - All options with value 'aogunsanya' are selected in object 'Object Repository/1. Constant/xpath' 

2022-06-23 20:07:35 - [TEST_STEP][PASSED] - click(findTestObject("1. Constant/xpath", ["xpath":"//*[@id="ModifFiche"]/div[1]/div/div/button"])): Object: 'Object Repository/1. Constant/xpath' is clicked on

2022-06-23 20:07:36 - [MESSAGE][PASSED] - Object: 'Object Repository/1. Constant/xpath' is clicked on

2022-06-23 20:07:36 - [TEST_STEP][PASSED] - delay(1): Delayed 1 second(s)

2022-06-23 20:07:37 - [MESSAGE][PASSED] - Delayed 1 second(s)

2022-06-23 20:07:37 - [TEST_STEP][PASSED] - click(findTestObject("1. Constant/xpath", ["xpath":"//*[@id="ModifFiche"]/div[1]/div/div/div/a[1]"])): Object: 'Object Repository/1. Constant/xpath' is clicked on

2022-06-23 20:07:45 - [MESSAGE][PASSED] - Object: 'Object Repository/1. Constant/xpath' is clicked on

2022-06-23 20:07:45 - [TEST_STEP][PASSED] - delay(1): Delayed 1 second(s)

2022-06-23 20:07:46 - [MESSAGE][PASSED] - Delayed 1 second(s)

2022-06-23 20:07:46 - [TEST_STEP][PASSED] - takeScreenshot(): Taking screenshot successfully

2022-06-23 20:07:48 - [MESSAGE][PASSED] - Taking screenshot successfully
[[ATTACHMENT|D:\\Projet Test Auto\\Mediabox Test Automation\\Reports\\20220623_184212\\03. Parallel Testing (Testing)\\TS -PT PART 3\\06. NPP Partial Submission Mass Submit\\20220623_184219\\1656007667037.png]]

2022-06-23 20:07:48 - [TEST_STEP][PASSED] - click(findTestObject("1. Constant/xpath", ["xpath":"//*[@id="fiches"]/table/tbody/tr/td[10]/a[2]"])): Object: 'Object Repository/1. Constant/xpath' is clicked on

2022-06-23 20:07:53 - [MESSAGE][PASSED] - Object: 'Object Repository/1. Constant/xpath' is clicked on

2022-06-23 20:07:53 - [TEST_STEP][PASSED] - delay(1): Delayed 1 second(s)

2022-06-23 20:07:54 - [MESSAGE][PASSED] - Delayed 1 second(s)

2022-06-23 20:07:54 - [TEST_STEP][PASSED] - I.select_multiplelist("//*[@id="selSource_default_target_language"]", "//*[@id="btn_add_default_target_language"]", "EN"): Delayed 1 second(s)

2022-06-23 20:07:55 - [MESSAGE][PASSED] - Delayed 1 second(s)

2022-06-23 20:07:55 - [MESSAGE][PASSED] - All options with value 'EN' are selected in object 'Object Repository/1. Constant/xpath' 

2022-06-23 20:07:57 - [MESSAGE][PASSED] - Delayed 2 second(s)

2022-06-23 20:07:58 - [MESSAGE][PASSED] - Object: 'Object Repository/1. Constant/xpath' is clicked on

2022-06-23 20:07:59 - [MESSAGE][PASSED] - Delayed 1 second(s)

2022-06-23 20:07:59 - [TEST_STEP][PASSED] - setText(findTestObject("1. Constant/xpath", ["xpath":"//*[@id="var_72"]"]), "10/10/2030"): Text '10/10/2030' is set on object 'Object Repository/1. Constant/xpath'

2022-06-23 20:08:01 - [MESSAGE][PASSED] - Text '10/10/2030' is set on object 'Object Repository/1. Constant/xpath'

2022-06-23 20:08:01 - [TEST_STEP][PASSED] - setText(findTestObject("1. Constant/xpath", ["xpath":"//*[@id="var_116"]"]), "10/10/2030"): Text '10/10/2030' is set on object 'Object Repository/1. Constant/xpath'

2022-06-23 20:08:03 - [MESSAGE][PASSED] - Text '10/10/2030' is set on object 'Object Repository/1. Constant/xpath'

2022-06-23 20:08:03 - [TEST_STEP][PASSED] - I.select_multiplelist("//*[@id="selSource_61"]", "//*[@id="btnAdd_61"]", "2144"): Delayed 1 second(s)

2022-06-23 20:08:04 - [MESSAGE][PASSED] - Delayed 1 second(s)

2022-06-23 20:08:05 - [MESSAGE][PASSED] - All options with value '2144' are selected in object 'Object Repository/1. Constant/xpath' 

2022-06-23 20:08:07 - [MESSAGE][PASSED] - Delayed 2 second(s)

2022-06-23 20:08:09 - [MESSAGE][PASSED] - Object: 'Object Repository/1. Constant/xpath' is clicked on

2022-06-23 20:08:10 - [MESSAGE][PASSED] - Delayed 1 second(s)

2022-06-23 20:08:10 - [TEST_STEP][PASSED] - I.Pagedown(): Execute JavaScript 'window.scrollTo(0, document.body.scrollHeight)' successfully

2022-06-23 20:08:10 - [MESSAGE][PASSED] - Execute JavaScript 'window.scrollTo(0, document.body.scrollHeight)' successfully

2022-06-23 20:08:10 - [TEST_STEP][PASSED] - click(findTestObject("1. Constant/xpath", ["xpath":"//*[@id="ModifFiche"]/div[3]/div/button[1]"])): Object: 'Object Repository/1. Constant/xpath' is clicked on

2022-06-23 20:08:16 - [MESSAGE][PASSED] - Object: 'Object Repository/1. Constant/xpath' is clicked on

2022-06-23 20:08:16 - [TEST_STEP][PASSED] - delay(1): Delayed 1 second(s)

2022-06-23 20:08:17 - [MESSAGE][PASSED] - Delayed 1 second(s)

2022-06-23 20:08:17 - [TEST_STEP][PASSED] - takeScreenshot(): Taking screenshot successfully

2022-06-23 20:08:18 - [MESSAGE][PASSED] - Taking screenshot successfully
[[ATTACHMENT|D:\\Projet Test Auto\\Mediabox Test Automation\\Reports\\20220623_184212\\03. Parallel Testing (Testing)\\TS -PT PART 3\\06. NPP Partial Submission Mass Submit\\20220623_184219\\1656007697666.png]]

2022-06-23 20:08:18 - [TEST_STEP][PASSED] - click(findTestObject("1. Constant/xpath", ["xpath":"//*[@id="btnMassSubmit"]"])): Object: 'Object Repository/1. Constant/xpath' is clicked on

2022-06-23 20:08:20 - [MESSAGE][PASSED] - Object: 'Object Repository/1. Constant/xpath' is clicked on

2022-06-23 20:08:20 - [TEST_STEP][PASSED] - delay(1): Delayed 1 second(s)

2022-06-23 20:08:21 - [MESSAGE][PASSED] - Delayed 1 second(s)

2022-06-23 20:08:21 - [TEST_STEP][PASSED] - click(findTestObject("1. Constant/xpath", ["xpath":"//*[@id="fiches"]/table/tbody/tr/td[1]/label"])): Object: 'Object Repository/1. Constant/xpath' is clicked on

2022-06-23 20:08:22 - [MESSAGE][PASSED] - Object: 'Object Repository/1. Constant/xpath' is clicked on

2022-06-23 20:08:22 - [TEST_STEP][PASSED] - delay(1): Delayed 1 second(s)

2022-06-23 20:08:23 - [MESSAGE][PASSED] - Delayed 1 second(s)

2022-06-23 20:08:23 - [TEST_STEP][PASSED] - click(findTestObject("1. Constant/xpath", ["xpath":"//*[@id="action_btnMassSubmit"]"])): Object: 'Object Repository/1. Constant/xpath' is clicked on

2022-06-23 20:08:25 - [MESSAGE][PASSED] - Object: 'Object Repository/1. Constant/xpath' is clicked on

2022-06-23 20:08:25 - [TEST_STEP][PASSED] - delay(1): Delayed 1 second(s)

2022-06-23 20:08:26 - [MESSAGE][PASSED] - Delayed 1 second(s)

2022-06-23 20:08:26 - [TEST_STEP][PASSED] - takeScreenshot(): Taking screenshot successfully

2022-06-23 20:08:27 - [MESSAGE][PASSED] - Taking screenshot successfully
[[ATTACHMENT|D:\\Projet Test Auto\\Mediabox Test Automation\\Reports\\20220623_184212\\03. Parallel Testing (Testing)\\TS -PT PART 3\\06. NPP Partial Submission Mass Submit\\20220623_184219\\1656007706670.png]]

2022-06-23 20:08:27 - [TEST_STEP][PASSED] - Amsg_1 = getText(findTestObject("1. Constant/xpath", ["xpath":"//*[@id="tablecontentNOK"]/table/tbody/tr/td[2]"])): Text of object 'Object Repository/1. Constant/xpath' is: 'Missing mandatory information at reference level (Translation)'

2022-06-23 20:08:27 - [MESSAGE][PASSED] - Text of object 'Object Repository/1. Constant/xpath' is: 'Missing mandatory information at reference level (Translation)'

2022-06-23 20:08:27 - [TEST_STEP][PASSED] - verifyMatch(Amsg_1, "Missing mandatory information at reference level (Translation)", false): Actual text 'Missing mandatory information at reference level (Translation)' and expected text 'Missing mandatory information at reference level (Translation)' are matched 

2022-06-23 20:08:27 - [MESSAGE][PASSED] - Actual text 'Missing mandatory information at reference level (Translation)' and expected text 'Missing mandatory information at reference level (Translation)' are matched 

2022-06-23 20:08:27 - [TEST_STEP][PASSED] - click(findTestObject("1. Constant/xpath", ["xpath":"//*[@id="modal_mass_submit"]/div/div/div[2]/div[2]/div/button[1]"])): Object: 'Object Repository/1. Constant/xpath' is clicked on

2022-06-23 20:08:28 - [MESSAGE][PASSED] - Object: 'Object Repository/1. Constant/xpath' is clicked on

2022-06-23 20:08:28 - [TEST_STEP][PASSED] - click(findTestObject("1. Constant/xpath", ["xpath":"//*[@id="fiches"]/table/tbody/tr/td[10]/div[1]/button"])): Object: 'Object Repository/1. Constant/xpath' is clicked on

2022-06-23 20:08:29 - [MESSAGE][PASSED] - Object: 'Object Repository/1. Constant/xpath' is clicked on

2022-06-23 20:08:29 - [TEST_STEP][PASSED] - delay(1): Delayed 1 second(s)

2022-06-23 20:08:30 - [MESSAGE][PASSED] - Delayed 1 second(s)

2022-06-23 20:08:30 - [TEST_STEP][PASSED] - click(findTestObject("1. Constant/xpath", ["xpath":"//*[@id="fiches"]/table/tbody/tr/td[10]/div[1]/div/a[2]"])): Object: 'Object Repository/1. Constant/xpath' is clicked on

2022-06-23 20:08:39 - [MESSAGE][PASSED] - Object: 'Object Repository/1. Constant/xpath' is clicked on

2022-06-23 20:08:39 - [TEST_STEP][PASSED] - delay(2): Delayed 2 second(s)

2022-06-23 20:08:41 - [MESSAGE][PASSED] - Delayed 2 second(s)

2022-06-23 20:08:41 - [TEST_STEP][PASSED] - click(findTestObject("1. Constant/xpath", ["xpath":"//*[@id="aff_newfield_zone"]"])): Object: 'Object Repository/1. Constant/xpath' is clicked on

2022-06-23 20:08:42 - [MESSAGE][PASSED] - Object: 'Object Repository/1. Constant/xpath' is clicked on

2022-06-23 20:08:42 - [TEST_STEP][PASSED] - delay(2): Delayed 2 second(s)

2022-06-23 20:08:44 - [MESSAGE][PASSED] - Delayed 2 second(s)

2022-06-23 20:08:44 - [TEST_STEP][PASSED] - selectOptionByValue(findTestObject("1. Constant/xpath", ["xpath":"//*[@id="type_new"]"]), "189", false): All options with value '189' are selected in object 'Object Repository/1. Constant/xpath' 

2022-06-23 20:08:49 - [MESSAGE][PASSED] - All options with value '189' are selected in object 'Object Repository/1. Constant/xpath' 

2022-06-23 20:08:49 - [TEST_STEP][PASSED] - delay(2): Delayed 2 second(s)

2022-06-23 20:08:51 - [MESSAGE][PASSED] - Delayed 2 second(s)

2022-06-23 20:08:51 - [TEST_STEP][PASSED] - I.Pagedown(): Execute JavaScript 'window.scrollTo(0, document.body.scrollHeight)' successfully

2022-06-23 20:08:51 - [MESSAGE][PASSED] - Execute JavaScript 'window.scrollTo(0, document.body.scrollHeight)' successfully

2022-06-23 20:08:51 - [TEST_STEP][PASSED] - click(findTestObject("1. Constant/xpath", ["xpath":"//*[@id="add_newtranslationfield"]"])): Object: 'Object Repository/1. Constant/xpath' is clicked on

2022-06-23 20:08:55 - [MESSAGE][PASSED] - Object: 'Object Repository/1. Constant/xpath' is clicked on

2022-06-23 20:08:55 - [TEST_STEP][PASSED] - delay(3): Delayed 3 second(s)

2022-06-23 20:08:58 - [MESSAGE][PASSED] - Delayed 3 second(s)

2022-06-23 20:08:58 - [TEST_STEP][PASSED] - I.click_button_javascript(findTestObject("1. Constant/xpath", ["xpath":"//*[@id="ModifFiche"]/div[1]/div[2]/button[1]"])): Execute JavaScript 'arguments[0].click()' successfully

2022-06-23 20:09:10 - [MESSAGE][PASSED] - Execute JavaScript 'arguments[0].click()' successfully

2022-06-23 20:09:10 - [TEST_STEP][PASSED] - delay(2): Delayed 2 second(s)

2022-06-23 20:09:12 - [MESSAGE][PASSED] - Delayed 2 second(s)

2022-06-23 20:09:12 - [TEST_STEP][PASSED] - I.click_button_javascript(findTestObject("1. Constant/xpath", ["xpath":"//*[@id="ModifFiche"]/div[1]/div[2]/a"])): Execute JavaScript 'arguments[0].click()' successfully

2022-06-23 20:09:18 - [MESSAGE][PASSED] - Execute JavaScript 'arguments[0].click()' successfully

2022-06-23 20:09:18 - [TEST_STEP][PASSED] - click(findTestObject("1. Constant/xpath", ["xpath":"//*[@id="btnMassSubmit"]"])): Object: 'Object Repository/1. Constant/xpath' is clicked on

2022-06-23 20:09:19 - [MESSAGE][PASSED] - Object: 'Object Repository/1. Constant/xpath' is clicked on

2022-06-23 20:09:19 - [TEST_STEP][PASSED] - delay(1): Delayed 1 second(s)

2022-06-23 20:09:20 - [MESSAGE][PASSED] - Delayed 1 second(s)

2022-06-23 20:09:20 - [TEST_STEP][PASSED] - click(findTestObject("1. Constant/xpath", ["xpath":"//*[@id="fiches"]/table/tbody/tr/td[1]/label"])): Object: 'Object Repository/1. Constant/xpath' is clicked on

2022-06-23 20:09:21 - [MESSAGE][PASSED] - Object: 'Object Repository/1. Constant/xpath' is clicked on

2022-06-23 20:09:21 - [TEST_STEP][PASSED] - delay(1): Delayed 1 second(s)

2022-06-23 20:09:22 - [MESSAGE][PASSED] - Delayed 1 second(s)

2022-06-23 20:09:22 - [TEST_STEP][PASSED] - click(findTestObject("1. Constant/xpath", ["xpath":"//*[@id="action_btnMassSubmit"]"])): Object: 'Object Repository/1. Constant/xpath' is clicked on

2022-06-23 20:09:25 - [MESSAGE][PASSED] - Object: 'Object Repository/1. Constant/xpath' is clicked on

2022-06-23 20:09:25 - [TEST_STEP][PASSED] - delay(1): Delayed 1 second(s)

2022-06-23 20:09:26 - [MESSAGE][PASSED] - Delayed 1 second(s)

2022-06-23 20:09:26 - [TEST_STEP][PASSED] - takeScreenshot(): Taking screenshot successfully

2022-06-23 20:09:27 - [MESSAGE][PASSED] - Taking screenshot successfully
[[ATTACHMENT|D:\\Projet Test Auto\\Mediabox Test Automation\\Reports\\20220623_184212\\03. Parallel Testing (Testing)\\TS -PT PART 3\\06. NPP Partial Submission Mass Submit\\20220623_184219\\1656007766632.png]]

2022-06-23 20:09:27 - [TEST_STEP][PASSED] - click(findTestObject("1. Constant/xpath", ["xpath":"//*[@id="btn_submit_mass_submit"]"])): Object: 'Object Repository/1. Constant/xpath' is clicked on

2022-06-23 20:09:36 - [MESSAGE][PASSED] - Object: 'Object Repository/1. Constant/xpath' is clicked on

2022-06-23 20:09:36 - [TEST_STEP][PASSED] - delay(2): Delayed 2 second(s)

2022-06-23 20:09:38 - [MESSAGE][PASSED] - Delayed 2 second(s)

2022-06-23 20:09:38 - [TEST_STEP][PASSED] - ALM1 = getText(findTestObject("1. Constant/xpath", ["xpath":"//*[@id="fiches"]/table/tbody/tr[1]/td[7]/span[2]"])): Text of object 'Object Repository/1. Constant/xpath' is: 'Waiting for translation'

2022-06-23 20:09:40 - [MESSAGE][PASSED] - Text of object 'Object Repository/1. Constant/xpath' is: 'Waiting for translation'

2022-06-23 20:09:40 - [TEST_STEP][PASSED] - verifyMatch(ALM1, "Waiting for translation", false): Actual text 'Waiting for translation' and expected text 'Waiting for translation' are matched 

2022-06-23 20:09:40 - [MESSAGE][PASSED] - Actual text 'Waiting for translation' and expected text 'Waiting for translation' are matched 

2022-06-23 20:09:40 - [TEST_STEP][PASSED] - ALD1 = getText(findTestObject("1. Constant/xpath", ["xpath":"/html/body/div[1]/div[2]/div[4]/div[3]/div/div[2]/div[2]/table/tbody/tr[2]/td[7]/span[2]"])): Text of object 'Object Repository/1. Constant/xpath' is: 'MKT Translation'

2022-06-23 20:09:41 - [MESSAGE][PASSED] - Text of object 'Object Repository/1. Constant/xpath' is: 'MKT Translation'

2022-06-23 20:09:41 - [TEST_STEP][PASSED] - verifyMatch(ALD1, "MKT Translation", false): Actual text 'MKT Translation' and expected text 'MKT Translation' are matched 

2022-06-23 20:09:41 - [MESSAGE][PASSED] - Actual text 'MKT Translation' and expected text 'MKT Translation' are matched 

2022-06-23 20:09:41 - [TEST_STEP][PASSED] - click(findTestObject("1. Constant/xpath", ["xpath":"//*[@id="fiches"]/table/tbody/tr[1]/td[5]/a[1]"])): Object: 'Object Repository/1. Constant/xpath' is clicked on

2022-06-23 20:09:51 - [MESSAGE][PASSED] - Object: 'Object Repository/1. Constant/xpath' is clicked on

2022-06-23 20:09:51 - [TEST_STEP][PASSED] - delay(2): Delayed 2 second(s)

2022-06-23 20:09:53 - [MESSAGE][PASSED] - Delayed 2 second(s)

2022-06-23 20:09:53 - [TEST_STEP][PASSED] - takeScreenshot(): Taking screenshot successfully

2022-06-23 20:09:54 - [MESSAGE][PASSED] - Taking screenshot successfully
[[ATTACHMENT|D:\\Projet Test Auto\\Mediabox Test Automation\\Reports\\20220623_184212\\03. Parallel Testing (Testing)\\TS -PT PART 3\\06. NPP Partial Submission Mass Submit\\20220623_184219\\1656007793630.png]]

2022-06-23 20:09:54 - [TEST_STEP][PASSED] - click(findTestObject("1. Constant/xpath", ["xpath":"//*[@id="aff_text_content_brief"]"])): Object: 'Object Repository/1. Constant/xpath' is clicked on

2022-06-23 20:09:57 - [MESSAGE][PASSED] - Object: 'Object Repository/1. Constant/xpath' is clicked on

2022-06-23 20:09:57 - [TEST_STEP][PASSED] - delay(2): Delayed 2 second(s)

2022-06-23 20:09:59 - [MESSAGE][PASSED] - Delayed 2 second(s)

2022-06-23 20:09:59 - [TEST_STEP][PASSED] - ATX1 = getText(findTestObject("1. Constant/xpath", ["xpath":"//*[@id="my_table"]/tbody/tr/td[9]"])): Text of object 'Object Repository/1. Constant/xpath' is: 'Analytical constituents - Snacks / Biscuits - UKRAINE only'

2022-06-23 20:10:02 - [MESSAGE][PASSED] - Text of object 'Object Repository/1. Constant/xpath' is: 'Analytical constituents - Snacks / Biscuits - UKRAINE only'

2022-06-23 20:10:02 - [TEST_STEP][PASSED] - verifyMatch(ATX1, "Analytical constituents - Snacks / Biscuits - UKRAINE only", false): Actual text 'Analytical constituents - Snacks / Biscuits - UKRAINE only' and expected text 'Analytical constituents - Snacks / Biscuits - UKRAINE only' are matched 

2022-06-23 20:10:02 - [MESSAGE][PASSED] - Actual text 'Analytical constituents - Snacks / Biscuits - UKRAINE only' and expected text 'Analytical constituents - Snacks / Biscuits - UKRAINE only' are matched 

2022-06-23 20:10:02 - [TEST_STEP][PASSED] - closeBrowser(): Browser is closed

2022-06-23 20:10:08 - [MESSAGE][PASSED] - Browser is closed

2022-06-23 20:10:08 - [TEST_STEP][PASSED] - Start listener action : sampleAfterTestCase: null]]></system-out>
         <system-err><![CDATA[]]></system-err>
      </testcase>
      <system-out><![CDATA[2022-06-23 19:30:48 - [TEST_SUITE][PASSED] - 06. NPP Partial Submission Mass Submit: Test Cases/06. Tag _ Dreyers _ NPP Mass Submit/6.06 Npp_MassSubmit_Translation P2 (8.02)]]></system-out>
      <system-err><![CDATA[]]></system-err>
   </testsuite>
</testsuites>
