<?xml version="1.0" encoding="UTF-8"?>
<testsuites name="07 Tag Sephora Dreyers _ Empty Group _Lifecycle condition" time="2083.201" tests="10" failures="2" errors="0">
   <testsuite name="07 Tag Sephora Dreyers _ Empty Group _Lifecycle condition" tests="10" failures="2" errors="0" time="2083.201" skipped="0" timestamp="2022-06-09 19:00:15" hostname="lamhe - DPF-MBI-VERIF.ad.sgsco.int" id="Test Suites/03. Parallel Testing (Testing)/TS -PT PART 3/07 Tag Sephora Dreyers _ Empty Group _Lifecycle condition">
      <properties>
         <property name="deviceName" value=""/>
         <property name="devicePlatform" value=""/>
         <property name="logFolder" value="D:\\Projet Test Auto\\Mediabox Test Automation\\Reports\\20220609_181011\\03. Parallel Testing (Testing)\\TS -PT PART 3\\07 Tag Sephora Dreyers _ Empty Group _Lifecycle condition\\20220609_181049"/>
         <property name="logFiles" value="D:\\Projet Test Auto\\Mediabox Test Automation\\Reports\\20220609_181011\\03. Parallel Testing (Testing)\\TS -PT PART 3\\07 Tag Sephora Dreyers _ Empty Group _Lifecycle condition\\20220609_181049\\execution0.log"/>
         <property name="attachments" value="D:\\Projet Test Auto\\Mediabox Test Automation\\Reports\\20220609_181011\\03. Parallel Testing (Testing)\\TS -PT PART 3\\07 Tag Sephora Dreyers _ Empty Group _Lifecycle condition\\20220609_181049\\1654794035884.png, D:\\Projet Test Auto\\Mediabox Test Automation\\Reports\\20220609_181011\\03. Parallel Testing (Testing)\\TS -PT PART 3\\07 Tag Sephora Dreyers _ Empty Group _Lifecycle condition\\20220609_181049\\1654794075438.png, D:\\Projet Test Auto\\Mediabox Test Automation\\Reports\\20220609_181011\\03. Parallel Testing (Testing)\\TS -PT PART 3\\07 Tag Sephora Dreyers _ Empty Group _Lifecycle condition\\20220609_181049\\1654794086541.png, D:\\Projet Test Auto\\Mediabox Test Automation\\Reports\\20220609_181011\\03. Parallel Testing (Testing)\\TS -PT PART 3\\07 Tag Sephora Dreyers _ Empty Group _Lifecycle condition\\20220609_181049\\1654794098065.png, D:\\Projet Test Auto\\Mediabox Test Automation\\Reports\\20220609_181011\\03. Parallel Testing (Testing)\\TS -PT PART 3\\07 Tag Sephora Dreyers _ Empty Group _Lifecycle condition\\20220609_181049\\1654794118078.png, D:\\Projet Test Auto\\Mediabox Test Automation\\Reports\\20220609_181011\\03. Parallel Testing (Testing)\\TS -PT PART 3\\07 Tag Sephora Dreyers _ Empty Group _Lifecycle condition\\20220609_181049\\1654794164007.png, D:\\Projet Test Auto\\Mediabox Test Automation\\Reports\\20220609_181011\\03. Parallel Testing (Testing)\\TS -PT PART 3\\07 Tag Sephora Dreyers _ Empty Group _Lifecycle condition\\20220609_181049\\1654794214689.png, D:\\Projet Test Auto\\Mediabox Test Automation\\Reports\\20220609_181011\\03. Parallel Testing (Testing)\\TS -PT PART 3\\07 Tag Sephora Dreyers _ Empty Group _Lifecycle condition\\20220609_181049\\1654794221757.png, D:\\Projet Test Auto\\Mediabox Test Automation\\Reports\\20220609_181011\\03. Parallel Testing (Testing)\\TS -PT PART 3\\07 Tag Sephora Dreyers _ Empty Group _Lifecycle condition\\20220609_181049\\1654794248679.png, D:\\Projet Test Auto\\Mediabox Test Automation\\Reports\\20220609_181011\\03. Parallel Testing (Testing)\\TS -PT PART 3\\07 Tag Sephora Dreyers _ Empty Group _Lifecycle condition\\20220609_181049\\1654794270168.png, D:\\Projet Test Auto\\Mediabox Test Automation\\Reports\\20220609_181011\\03. Parallel Testing (Testing)\\TS -PT PART 3\\07 Tag Sephora Dreyers _ Empty Group _Lifecycle condition\\20220609_181049\\1654794285042.png, D:\\Projet Test Auto\\Mediabox Test Automation\\Reports\\20220609_181011\\03. Parallel Testing (Testing)\\TS -PT PART 3\\07 Tag Sephora Dreyers _ Empty Group _Lifecycle condition\\20220609_181049\\1654794292366.png, D:\\Projet Test Auto\\Mediabox Test Automation\\Reports\\20220609_181011\\03. Parallel Testing (Testing)\\TS -PT PART 3\\07 Tag Sephora Dreyers _ Empty Group _Lifecycle condition\\20220609_181049\\1654794293806.png, D:\\Projet Test Auto\\Mediabox Test Automation\\Reports\\20220609_181011\\03. Parallel Testing (Testing)\\TS -PT PART 3\\07 Tag Sephora Dreyers _ Empty Group _Lifecycle condition\\20220609_181049\\1654794297809.png, D:\\Projet Test Auto\\Mediabox Test Automation\\Reports\\20220609_181011\\03. Parallel Testing (Testing)\\TS -PT PART 3\\07 Tag Sephora Dreyers _ Empty Group _Lifecycle condition\\20220609_181049\\1654794302191.png, D:\\Projet Test Auto\\Mediabox Test Automation\\Reports\\20220609_181011\\03. Parallel Testing (Testing)\\TS -PT PART 3\\07 Tag Sephora Dreyers _ Empty Group _Lifecycle condition\\20220609_181049\\1654794313952.png, D:\\Projet Test Auto\\Mediabox Test Automation\\Reports\\20220609_181011\\03. Parallel Testing (Testing)\\TS -PT PART 3\\07 Tag Sephora Dreyers _ Empty Group _Lifecycle condition\\20220609_181049\\1654794329981.png, D:\\Projet Test Auto\\Mediabox Test Automation\\Reports\\20220609_181011\\03. Parallel Testing (Testing)\\TS -PT PART 3\\07 Tag Sephora Dreyers _ Empty Group _Lifecycle condition\\20220609_181049\\1654794338963.png, D:\\Projet Test Auto\\Mediabox Test Automation\\Reports\\20220609_181011\\03. Parallel Testing (Testing)\\TS -PT PART 3\\07 Tag Sephora Dreyers _ Empty Group _Lifecycle condition\\20220609_181049\\1654794342360.png, D:\\Projet Test Auto\\Mediabox Test Automation\\Reports\\20220609_181011\\03. Parallel Testing (Testing)\\TS -PT PART 3\\07 Tag Sephora Dreyers _ Empty Group _Lifecycle condition\\20220609_181049\\1654794345316.png, D:\\Projet Test Auto\\Mediabox Test Automation\\Reports\\20220609_181011\\03. Parallel Testing (Testing)\\TS -PT PART 3\\07 Tag Sephora Dreyers _ Empty Group _Lifecycle condition\\20220609_181049\\1654794356251.png, D:\\Projet Test Auto\\Mediabox Test Automation\\Reports\\20220609_181011\\03. Parallel Testing (Testing)\\TS -PT PART 3\\07 Tag Sephora Dreyers _ Empty Group _Lifecycle condition\\20220609_181049\\1654794359397.png, D:\\Projet Test Auto\\Mediabox Test Automation\\Reports\\20220609_181011\\03. Parallel Testing (Testing)\\TS -PT PART 3\\07 Tag Sephora Dreyers _ Empty Group _Lifecycle condition\\20220609_181049\\1654794367498.png, D:\\Projet Test Auto\\Mediabox Test Automation\\Reports\\20220609_181011\\03. Parallel Testing (Testing)\\TS -PT PART 3\\07 Tag Sephora Dreyers _ Empty Group _Lifecycle condition\\20220609_181049\\1654794376076.png, D:\\Projet Test Auto\\Mediabox Test Automation\\Reports\\20220609_181011\\03. Parallel Testing (Testing)\\TS -PT PART 3\\07 Tag Sephora Dreyers _ Empty Group _Lifecycle condition\\20220609_181049\\1654794379007.png, D:\\Projet Test Auto\\Mediabox Test Automation\\Reports\\20220609_181011\\03. Parallel Testing (Testing)\\TS -PT PART 3\\07 Tag Sephora Dreyers _ Empty Group _Lifecycle condition\\20220609_181049\\1654794380730.png, D:\\Projet Test Auto\\Mediabox Test Automation\\Reports\\20220609_181011\\03. Parallel Testing (Testing)\\TS -PT PART 3\\07 Tag Sephora Dreyers _ Empty Group _Lifecycle condition\\20220609_181049\\1654794391828.png, D:\\Projet Test Auto\\Mediabox Test Automation\\Reports\\20220609_181011\\03. Parallel Testing (Testing)\\TS -PT PART 3\\07 Tag Sephora Dreyers _ Empty Group _Lifecycle condition\\20220609_181049\\1654794392491.png, D:\\Projet Test Auto\\Mediabox Test Automation\\Reports\\20220609_181011\\03. Parallel Testing (Testing)\\TS -PT PART 3\\07 Tag Sephora Dreyers _ Empty Group _Lifecycle condition\\20220609_181049\\1654794397955.png, D:\\Projet Test Auto\\Mediabox Test Automation\\Reports\\20220609_181011\\03. Parallel Testing (Testing)\\TS -PT PART 3\\07 Tag Sephora Dreyers _ Empty Group _Lifecycle condition\\20220609_181049\\1654794402200.png, D:\\Projet Test Auto\\Mediabox Test Automation\\Reports\\20220609_181011\\03. Parallel Testing (Testing)\\TS -PT PART 3\\07 Tag Sephora Dreyers _ Empty Group _Lifecycle condition\\20220609_181049\\1654794404030.png, D:\\Projet Test Auto\\Mediabox Test Automation\\Reports\\20220609_181011\\03. Parallel Testing (Testing)\\TS -PT PART 3\\07 Tag Sephora Dreyers _ Empty Group _Lifecycle condition\\20220609_181049\\1654794416799.png, D:\\Projet Test Auto\\Mediabox Test Automation\\Reports\\20220609_181011\\03. Parallel Testing (Testing)\\TS -PT PART 3\\07 Tag Sephora Dreyers _ Empty Group _Lifecycle condition\\20220609_181049\\1654794418244.png, D:\\Projet Test Auto\\Mediabox Test Automation\\Reports\\20220609_181011\\03. Parallel Testing (Testing)\\TS -PT PART 3\\07 Tag Sephora Dreyers _ Empty Group _Lifecycle condition\\20220609_181049\\1654794433903.png, D:\\Projet Test Auto\\Mediabox Test Automation\\Reports\\20220609_181011\\03. Parallel Testing (Testing)\\TS -PT PART 3\\07 Tag Sephora Dreyers _ Empty Group _Lifecycle condition\\20220609_181049\\1654794440949.png, D:\\Projet Test Auto\\Mediabox Test Automation\\Reports\\20220609_181011\\03. Parallel Testing (Testing)\\TS -PT PART 3\\07 Tag Sephora Dreyers _ Empty Group _Lifecycle condition\\20220609_181049\\1654794441835.png, D:\\Projet Test Auto\\Mediabox Test Automation\\Reports\\20220609_181011\\03. Parallel Testing (Testing)\\TS -PT PART 3\\07 Tag Sephora Dreyers _ Empty Group _Lifecycle condition\\20220609_181049\\1654794447206.png, D:\\Projet Test Auto\\Mediabox Test Automation\\Reports\\20220609_181011\\03. Parallel Testing (Testing)\\TS -PT PART 3\\07 Tag Sephora Dreyers _ Empty Group _Lifecycle condition\\20220609_181049\\1654794451906.png, D:\\Projet Test Auto\\Mediabox Test Automation\\Reports\\20220609_181011\\03. Parallel Testing (Testing)\\TS -PT PART 3\\07 Tag Sephora Dreyers _ Empty Group _Lifecycle condition\\20220609_181049\\1654794462960.png, D:\\Projet Test Auto\\Mediabox Test Automation\\Reports\\20220609_181011\\03. Parallel Testing (Testing)\\TS -PT PART 3\\07 Tag Sephora Dreyers _ Empty Group _Lifecycle condition\\20220609_181049\\1654794485683.png, D:\\Projet Test Auto\\Mediabox Test Automation\\Reports\\20220609_181011\\03. Parallel Testing (Testing)\\TS -PT PART 3\\07 Tag Sephora Dreyers _ Empty Group _Lifecycle condition\\20220609_181049\\1654794552481.png, D:\\Projet Test Auto\\Mediabox Test Automation\\Reports\\20220609_181011\\03. Parallel Testing (Testing)\\TS -PT PART 3\\07 Tag Sephora Dreyers _ Empty Group _Lifecycle condition\\20220609_181049\\1654794560380.png, D:\\Projet Test Auto\\Mediabox Test Automation\\Reports\\20220609_181011\\03. Parallel Testing (Testing)\\TS -PT PART 3\\07 Tag Sephora Dreyers _ Empty Group _Lifecycle condition\\20220609_181049\\1654794582386.png, D:\\Projet Test Auto\\Mediabox Test Automation\\Reports\\20220609_181011\\03. Parallel Testing (Testing)\\TS -PT PART 3\\07 Tag Sephora Dreyers _ Empty Group _Lifecycle condition\\20220609_181049\\1654794592645.png, D:\\Projet Test Auto\\Mediabox Test Automation\\Reports\\20220609_181011\\03. Parallel Testing (Testing)\\TS -PT PART 3\\07 Tag Sephora Dreyers _ Empty Group _Lifecycle condition\\20220609_181049\\1654794596907.png, D:\\Projet Test Auto\\Mediabox Test Automation\\Reports\\20220609_181011\\03. Parallel Testing (Testing)\\TS -PT PART 3\\07 Tag Sephora Dreyers _ Empty Group _Lifecycle condition\\20220609_181049\\1654794630507.png, D:\\Projet Test Auto\\Mediabox Test Automation\\Reports\\20220609_181011\\03. Parallel Testing (Testing)\\TS -PT PART 3\\07 Tag Sephora Dreyers _ Empty Group _Lifecycle condition\\20220609_181049\\1654794670727.png, D:\\Projet Test Auto\\Mediabox Test Automation\\Reports\\20220609_181011\\03. Parallel Testing (Testing)\\TS -PT PART 3\\07 Tag Sephora Dreyers _ Empty Group _Lifecycle condition\\20220609_181049\\1654794713065.png, D:\\Projet Test Auto\\Mediabox Test Automation\\Reports\\20220609_181011\\03. Parallel Testing (Testing)\\TS -PT PART 3\\07 Tag Sephora Dreyers _ Empty Group _Lifecycle condition\\20220609_181049\\1654794716898.png, D:\\Projet Test Auto\\Mediabox Test Automation\\Reports\\20220609_181011\\03. Parallel Testing (Testing)\\TS -PT PART 3\\07 Tag Sephora Dreyers _ Empty Group _Lifecycle condition\\20220609_181049\\1654794750724.png, D:\\Projet Test Auto\\Mediabox Test Automation\\Reports\\20220609_181011\\03. Parallel Testing (Testing)\\TS -PT PART 3\\07 Tag Sephora Dreyers _ Empty Group _Lifecycle condition\\20220609_181049\\1654794782084.png, D:\\Projet Test Auto\\Mediabox Test Automation\\Reports\\20220609_181011\\03. Parallel Testing (Testing)\\TS -PT PART 3\\07 Tag Sephora Dreyers _ Empty Group _Lifecycle condition\\20220609_181049\\1654794797897.png, D:\\Projet Test Auto\\Mediabox Test Automation\\Reports\\20220609_181011\\03. Parallel Testing (Testing)\\TS -PT PART 3\\07 Tag Sephora Dreyers _ Empty Group _Lifecycle condition\\20220609_181049\\1654794816783.png, D:\\Projet Test Auto\\Mediabox Test Automation\\Reports\\20220609_181011\\03. Parallel Testing (Testing)\\TS -PT PART 3\\07 Tag Sephora Dreyers _ Empty Group _Lifecycle condition\\20220609_181049\\1654794819210.png, D:\\Projet Test Auto\\Mediabox Test Automation\\Reports\\20220609_181011\\03. Parallel Testing (Testing)\\TS -PT PART 3\\07 Tag Sephora Dreyers _ Empty Group _Lifecycle condition\\20220609_181049\\1654794828073.png, D:\\Projet Test Auto\\Mediabox Test Automation\\Reports\\20220609_181011\\03. Parallel Testing (Testing)\\TS -PT PART 3\\07 Tag Sephora Dreyers _ Empty Group _Lifecycle condition\\20220609_181049\\1654794831838.png, D:\\Projet Test Auto\\Mediabox Test Automation\\Reports\\20220609_181011\\03. Parallel Testing (Testing)\\TS -PT PART 3\\07 Tag Sephora Dreyers _ Empty Group _Lifecycle condition\\20220609_181049\\1654794834929.png, D:\\Projet Test Auto\\Mediabox Test Automation\\Reports\\20220609_181011\\03. Parallel Testing (Testing)\\TS -PT PART 3\\07 Tag Sephora Dreyers _ Empty Group _Lifecycle condition\\20220609_181049\\1654794841901.png, D:\\Projet Test Auto\\Mediabox Test Automation\\Reports\\20220609_181011\\03. Parallel Testing (Testing)\\TS -PT PART 3\\07 Tag Sephora Dreyers _ Empty Group _Lifecycle condition\\20220609_181049\\1654794843599.png, D:\\Projet Test Auto\\Mediabox Test Automation\\Reports\\20220609_181011\\03. Parallel Testing (Testing)\\TS -PT PART 3\\07 Tag Sephora Dreyers _ Empty Group _Lifecycle condition\\20220609_181049\\1654794849965.png, D:\\Projet Test Auto\\Mediabox Test Automation\\Reports\\20220609_181011\\03. Parallel Testing (Testing)\\TS -PT PART 3\\07 Tag Sephora Dreyers _ Empty Group _Lifecycle condition\\20220609_181049\\1654794876862.png, D:\\Projet Test Auto\\Mediabox Test Automation\\Reports\\20220609_181011\\03. Parallel Testing (Testing)\\TS -PT PART 3\\07 Tag Sephora Dreyers _ Empty Group _Lifecycle condition\\20220609_181049\\1654794892662.png, D:\\Projet Test Auto\\Mediabox Test Automation\\Reports\\20220609_181011\\03. Parallel Testing (Testing)\\TS -PT PART 3\\07 Tag Sephora Dreyers _ Empty Group _Lifecycle condition\\20220609_181049\\1654794895080.png, D:\\Projet Test Auto\\Mediabox Test Automation\\Reports\\20220609_181011\\03. Parallel Testing (Testing)\\TS -PT PART 3\\07 Tag Sephora Dreyers _ Empty Group _Lifecycle condition\\20220609_181049\\1654794921135.png, D:\\Projet Test Auto\\Mediabox Test Automation\\Reports\\20220609_181011\\03. Parallel Testing (Testing)\\TS -PT PART 3\\07 Tag Sephora Dreyers _ Empty Group _Lifecycle condition\\20220609_181049\\1654794936684.png, D:\\Projet Test Auto\\Mediabox Test Automation\\Reports\\20220609_181011\\03. Parallel Testing (Testing)\\TS -PT PART 3\\07 Tag Sephora Dreyers _ Empty Group _Lifecycle condition\\20220609_181049\\1654794938656.png, D:\\Projet Test Auto\\Mediabox Test Automation\\Reports\\20220609_181011\\03. Parallel Testing (Testing)\\TS -PT PART 3\\07 Tag Sephora Dreyers _ Empty Group _Lifecycle condition\\20220609_181049\\1654794960643.png, D:\\Projet Test Auto\\Mediabox Test Automation\\Reports\\20220609_181011\\03. Parallel Testing (Testing)\\TS -PT PART 3\\07 Tag Sephora Dreyers _ Empty Group _Lifecycle condition\\20220609_181049\\1654794977535.png, D:\\Projet Test Auto\\Mediabox Test Automation\\Reports\\20220609_181011\\03. Parallel Testing (Testing)\\TS -PT PART 3\\07 Tag Sephora Dreyers _ Empty Group _Lifecycle condition\\20220609_181049\\1654794979547.png, D:\\Projet Test Auto\\Mediabox Test Automation\\Reports\\20220609_181011\\03. Parallel Testing (Testing)\\TS -PT PART 3\\07 Tag Sephora Dreyers _ Empty Group _Lifecycle condition\\20220609_181049\\1654795004379.png, D:\\Projet Test Auto\\Mediabox Test Automation\\Reports\\20220609_181011\\03. Parallel Testing (Testing)\\TS -PT PART 3\\07 Tag Sephora Dreyers _ Empty Group _Lifecycle condition\\20220609_181049\\1654795022127.png, D:\\Projet Test Auto\\Mediabox Test Automation\\Reports\\20220609_181011\\03. Parallel Testing (Testing)\\TS -PT PART 3\\07 Tag Sephora Dreyers _ Empty Group _Lifecycle condition\\20220609_181049\\1654795075544.png, D:\\Projet Test Auto\\Mediabox Test Automation\\Reports\\20220609_181011\\03. Parallel Testing (Testing)\\TS -PT PART 3\\07 Tag Sephora Dreyers _ Empty Group _Lifecycle condition\\20220609_181049\\1654795102870.png, D:\\Projet Test Auto\\Mediabox Test Automation\\Reports\\20220609_181011\\03. Parallel Testing (Testing)\\TS -PT PART 3\\07 Tag Sephora Dreyers _ Empty Group _Lifecycle condition\\20220609_181049\\1654795110175.png, D:\\Projet Test Auto\\Mediabox Test Automation\\Reports\\20220609_181011\\03. Parallel Testing (Testing)\\TS -PT PART 3\\07 Tag Sephora Dreyers _ Empty Group _Lifecycle condition\\20220609_181049\\1654795118608.png, D:\\Projet Test Auto\\Mediabox Test Automation\\Reports\\20220609_181011\\03. Parallel Testing (Testing)\\TS -PT PART 3\\07 Tag Sephora Dreyers _ Empty Group _Lifecycle condition\\20220609_181049\\1654795170883.png, D:\\Projet Test Auto\\Mediabox Test Automation\\Reports\\20220609_181011\\03. Parallel Testing (Testing)\\TS -PT PART 3\\07 Tag Sephora Dreyers _ Empty Group _Lifecycle condition\\20220609_181049\\1654795202653.png, D:\\Projet Test Auto\\Mediabox Test Automation\\Reports\\20220609_181011\\03. Parallel Testing (Testing)\\TS -PT PART 3\\07 Tag Sephora Dreyers _ Empty Group _Lifecycle condition\\20220609_181049\\1654795276369.png, D:\\Projet Test Auto\\Mediabox Test Automation\\Reports\\20220609_181011\\03. Parallel Testing (Testing)\\TS -PT PART 3\\07 Tag Sephora Dreyers _ Empty Group _Lifecycle condition\\20220609_181049\\1654795287484.png, D:\\Projet Test Auto\\Mediabox Test Automation\\Reports\\20220609_181011\\03. Parallel Testing (Testing)\\TS -PT PART 3\\07 Tag Sephora Dreyers _ Empty Group _Lifecycle condition\\20220609_181049\\1654795342881.png, D:\\Projet Test Auto\\Mediabox Test Automation\\Reports\\20220609_181011\\03. Parallel Testing (Testing)\\TS -PT PART 3\\07 Tag Sephora Dreyers _ Empty Group _Lifecycle condition\\20220609_181049\\1654795350882.png, D:\\Projet Test Auto\\Mediabox Test Automation\\Reports\\20220609_181011\\03. Parallel Testing (Testing)\\TS -PT PART 3\\07 Tag Sephora Dreyers _ Empty Group _Lifecycle condition\\20220609_181049\\1654795362798.png, D:\\Projet Test Auto\\Mediabox Test Automation\\Reports\\20220609_181011\\03. Parallel Testing (Testing)\\TS -PT PART 3\\07 Tag Sephora Dreyers _ Empty Group _Lifecycle condition\\20220609_181049\\1654795413041.png, D:\\Projet Test Auto\\Mediabox Test Automation\\Reports\\20220609_181011\\03. Parallel Testing (Testing)\\TS -PT PART 3\\07 Tag Sephora Dreyers _ Empty Group _Lifecycle condition\\20220609_181049\\1654795427299.png, D:\\Projet Test Auto\\Mediabox Test Automation\\Reports\\20220609_181011\\03. Parallel Testing (Testing)\\TS -PT PART 3\\07 Tag Sephora Dreyers _ Empty Group _Lifecycle condition\\20220609_181049\\1654795457942.png, D:\\Projet Test Auto\\Mediabox Test Automation\\Reports\\20220609_181011\\03. Parallel Testing (Testing)\\TS -PT PART 3\\07 Tag Sephora Dreyers _ Empty Group _Lifecycle condition\\20220609_181049\\1654795559578.png, D:\\Projet Test Auto\\Mediabox Test Automation\\Reports\\20220609_181011\\03. Parallel Testing (Testing)\\TS -PT PART 3\\07 Tag Sephora Dreyers _ Empty Group _Lifecycle condition\\20220609_181049\\1654795566439.png, D:\\Projet Test Auto\\Mediabox Test Automation\\Reports\\20220609_181011\\03. Parallel Testing (Testing)\\TS -PT PART 3\\07 Tag Sephora Dreyers _ Empty Group _Lifecycle condition\\20220609_181049\\1654795569242.png, D:\\Projet Test Auto\\Mediabox Test Automation\\Reports\\20220609_181011\\03. Parallel Testing (Testing)\\TS -PT PART 3\\07 Tag Sephora Dreyers _ Empty Group _Lifecycle condition\\20220609_181049\\1654795583225.png, D:\\Projet Test Auto\\Mediabox Test Automation\\Reports\\20220609_181011\\03. Parallel Testing (Testing)\\TS -PT PART 3\\07 Tag Sephora Dreyers _ Empty Group _Lifecycle condition\\20220609_181049\\1654795599358.png, D:\\Projet Test Auto\\Mediabox Test Automation\\Reports\\20220609_181011\\03. Parallel Testing (Testing)\\TS -PT PART 3\\07 Tag Sephora Dreyers _ Empty Group _Lifecycle condition\\20220609_181049\\1654795602116.png, D:\\Projet Test Auto\\Mediabox Test Automation\\Reports\\20220609_181011\\03. Parallel Testing (Testing)\\TS -PT PART 3\\07 Tag Sephora Dreyers _ Empty Group _Lifecycle condition\\20220609_181049\\1654795617951.png, D:\\Projet Test Auto\\Mediabox Test Automation\\Reports\\20220609_181011\\03. Parallel Testing (Testing)\\TS -PT PART 3\\07 Tag Sephora Dreyers _ Empty Group _Lifecycle condition\\20220609_181049\\1654795624078.png, D:\\Projet Test Auto\\Mediabox Test Automation\\Reports\\20220609_181011\\03. Parallel Testing (Testing)\\TS -PT PART 3\\07 Tag Sephora Dreyers _ Empty Group _Lifecycle condition\\20220609_181049\\1654795639236.png, D:\\Projet Test Auto\\Mediabox Test Automation\\Reports\\20220609_181011\\03. Parallel Testing (Testing)\\TS -PT PART 3\\07 Tag Sephora Dreyers _ Empty Group _Lifecycle condition\\20220609_181049\\1654795647495.png, D:\\Projet Test Auto\\Mediabox Test Automation\\Reports\\20220609_181011\\03. Parallel Testing (Testing)\\TS -PT PART 3\\07 Tag Sephora Dreyers _ Empty Group _Lifecycle condition\\20220609_181049\\1654795662570.png, D:\\Projet Test Auto\\Mediabox Test Automation\\Reports\\20220609_181011\\03. Parallel Testing (Testing)\\TS -PT PART 3\\07 Tag Sephora Dreyers _ Empty Group _Lifecycle condition\\20220609_181049\\1654795669768.png, D:\\Projet Test Auto\\Mediabox Test Automation\\Reports\\20220609_181011\\03. Parallel Testing (Testing)\\TS -PT PART 3\\07 Tag Sephora Dreyers _ Empty Group _Lifecycle condition\\20220609_181049\\1654795684086.png, D:\\Projet Test Auto\\Mediabox Test Automation\\Reports\\20220609_181011\\03. Parallel Testing (Testing)\\TS -PT PART 3\\07 Tag Sephora Dreyers _ Empty Group _Lifecycle condition\\20220609_181049\\1654795690068.png, D:\\Projet Test Auto\\Mediabox Test Automation\\Reports\\20220609_181011\\03. Parallel Testing (Testing)\\TS -PT PART 3\\07 Tag Sephora Dreyers _ Empty Group _Lifecycle condition\\20220609_181049\\1654795708110.png, D:\\Projet Test Auto\\Mediabox Test Automation\\Reports\\20220609_181011\\03. Parallel Testing (Testing)\\TS -PT PART 3\\07 Tag Sephora Dreyers _ Empty Group _Lifecycle condition\\20220609_181049\\1654795712634.png, D:\\Projet Test Auto\\Mediabox Test Automation\\Reports\\20220609_181011\\03. Parallel Testing (Testing)\\TS -PT PART 3\\07 Tag Sephora Dreyers _ Empty Group _Lifecycle condition\\20220609_181049\\1654795717754.png, D:\\Projet Test Auto\\Mediabox Test Automation\\Reports\\20220609_181011\\03. Parallel Testing (Testing)\\TS -PT PART 3\\07 Tag Sephora Dreyers _ Empty Group _Lifecycle condition\\20220609_181049\\1654795723692.png, D:\\Projet Test Auto\\Mediabox Test Automation\\Reports\\20220609_181011\\03. Parallel Testing (Testing)\\TS -PT PART 3\\07 Tag Sephora Dreyers _ Empty Group _Lifecycle condition\\20220609_181049\\1654795730112.png, D:\\Projet Test Auto\\Mediabox Test Automation\\Reports\\20220609_181011\\03. Parallel Testing (Testing)\\TS -PT PART 3\\07 Tag Sephora Dreyers _ Empty Group _Lifecycle condition\\20220609_181049\\1654795733895.png, D:\\Projet Test Auto\\Mediabox Test Automation\\Reports\\20220609_181011\\03. Parallel Testing (Testing)\\TS -PT PART 3\\07 Tag Sephora Dreyers _ Empty Group _Lifecycle condition\\20220609_181049\\1654795740070.png, D:\\Projet Test Auto\\Mediabox Test Automation\\Reports\\20220609_181011\\03. Parallel Testing (Testing)\\TS -PT PART 3\\07 Tag Sephora Dreyers _ Empty Group _Lifecycle condition\\20220609_181049\\1654795743629.png, D:\\Projet Test Auto\\Mediabox Test Automation\\Reports\\20220609_181011\\03. Parallel Testing (Testing)\\TS -PT PART 3\\07 Tag Sephora Dreyers _ Empty Group _Lifecycle condition\\20220609_181049\\1654795748618.png, D:\\Projet Test Auto\\Mediabox Test Automation\\Reports\\20220609_181011\\03. Parallel Testing (Testing)\\TS -PT PART 3\\07 Tag Sephora Dreyers _ Empty Group _Lifecycle condition\\20220609_181049\\1654795749906.png, D:\\Projet Test Auto\\Mediabox Test Automation\\Reports\\20220609_181011\\03. Parallel Testing (Testing)\\TS -PT PART 3\\07 Tag Sephora Dreyers _ Empty Group _Lifecycle condition\\20220609_181049\\1654795752380.png, D:\\Projet Test Auto\\Mediabox Test Automation\\Reports\\20220609_181011\\03. Parallel Testing (Testing)\\TS -PT PART 3\\07 Tag Sephora Dreyers _ Empty Group _Lifecycle condition\\20220609_181049\\1654795758153.png, D:\\Projet Test Auto\\Mediabox Test Automation\\Reports\\20220609_181011\\03. Parallel Testing (Testing)\\TS -PT PART 3\\07 Tag Sephora Dreyers _ Empty Group _Lifecycle condition\\20220609_181049\\1654795770295.png, D:\\Projet Test Auto\\Mediabox Test Automation\\Reports\\20220609_181011\\03. Parallel Testing (Testing)\\TS -PT PART 3\\07 Tag Sephora Dreyers _ Empty Group _Lifecycle condition\\20220609_181049\\1654795792372.png, D:\\Projet Test Auto\\Mediabox Test Automation\\Reports\\20220609_181011\\03. Parallel Testing (Testing)\\TS -PT PART 3\\07 Tag Sephora Dreyers _ Empty Group _Lifecycle condition\\20220609_181049\\1654795844596.png, D:\\Projet Test Auto\\Mediabox Test Automation\\Reports\\20220609_181011\\03. Parallel Testing (Testing)\\TS -PT PART 3\\07 Tag Sephora Dreyers _ Empty Group _Lifecycle condition\\20220609_181049\\1654795849869.png, D:\\Projet Test Auto\\Mediabox Test Automation\\Reports\\20220609_181011\\03. Parallel Testing (Testing)\\TS -PT PART 3\\07 Tag Sephora Dreyers _ Empty Group _Lifecycle condition\\20220609_181049\\1654795852795.png, D:\\Projet Test Auto\\Mediabox Test Automation\\Reports\\20220609_181011\\03. Parallel Testing (Testing)\\TS -PT PART 3\\07 Tag Sephora Dreyers _ Empty Group _Lifecycle condition\\20220609_181049\\1654795867873.png, D:\\Projet Test Auto\\Mediabox Test Automation\\Reports\\20220609_181011\\03. Parallel Testing (Testing)\\TS -PT PART 3\\07 Tag Sephora Dreyers _ Empty Group _Lifecycle condition\\20220609_181049\\1654795883120.png, D:\\Projet Test Auto\\Mediabox Test Automation\\Reports\\20220609_181011\\03. Parallel Testing (Testing)\\TS -PT PART 3\\07 Tag Sephora Dreyers _ Empty Group _Lifecycle condition\\20220609_181049\\1654795889265.png, D:\\Projet Test Auto\\Mediabox Test Automation\\Reports\\20220609_181011\\03. Parallel Testing (Testing)\\TS -PT PART 3\\07 Tag Sephora Dreyers _ Empty Group _Lifecycle condition\\20220609_181049\\1654795898177.png, D:\\Projet Test Auto\\Mediabox Test Automation\\Reports\\20220609_181011\\03. Parallel Testing (Testing)\\TS -PT PART 3\\07 Tag Sephora Dreyers _ Empty Group _Lifecycle condition\\20220609_181049\\1654795905759.png, D:\\Projet Test Auto\\Mediabox Test Automation\\Reports\\20220609_181011\\03. Parallel Testing (Testing)\\TS -PT PART 3\\07 Tag Sephora Dreyers _ Empty Group _Lifecycle condition\\20220609_181049\\1654795909938.png, D:\\Projet Test Auto\\Mediabox Test Automation\\Reports\\20220609_181011\\03. Parallel Testing (Testing)\\TS -PT PART 3\\07 Tag Sephora Dreyers _ Empty Group _Lifecycle condition\\20220609_181049\\1654795913312.png, D:\\Projet Test Auto\\Mediabox Test Automation\\Reports\\20220609_181011\\03. Parallel Testing (Testing)\\TS -PT PART 3\\07 Tag Sephora Dreyers _ Empty Group _Lifecycle condition\\20220609_181049\\1654795918786.png, D:\\Projet Test Auto\\Mediabox Test Automation\\Reports\\20220609_181011\\03. Parallel Testing (Testing)\\TS -PT PART 3\\07 Tag Sephora Dreyers _ Empty Group _Lifecycle condition\\20220609_181049\\1654795927856.png, D:\\Projet Test Auto\\Mediabox Test Automation\\Reports\\20220609_181011\\03. Parallel Testing (Testing)\\TS -PT PART 3\\07 Tag Sephora Dreyers _ Empty Group _Lifecycle condition\\20220609_181049\\1654795939077.png, D:\\Projet Test Auto\\Mediabox Test Automation\\Reports\\20220609_181011\\03. Parallel Testing (Testing)\\TS -PT PART 3\\07 Tag Sephora Dreyers _ Empty Group _Lifecycle condition\\20220609_181049\\1654795961952.png, D:\\Projet Test Auto\\Mediabox Test Automation\\Reports\\20220609_181011\\03. Parallel Testing (Testing)\\TS -PT PART 3\\07 Tag Sephora Dreyers _ Empty Group _Lifecycle condition\\20220609_181049\\1654795989565.png, D:\\Projet Test Auto\\Mediabox Test Automation\\Reports\\20220609_181011\\03. Parallel Testing (Testing)\\TS -PT PART 3\\07 Tag Sephora Dreyers _ Empty Group _Lifecycle condition\\20220609_181049\\1654795991177.png, D:\\Projet Test Auto\\Mediabox Test Automation\\Reports\\20220609_181011\\03. Parallel Testing (Testing)\\TS -PT PART 3\\07 Tag Sephora Dreyers _ Empty Group _Lifecycle condition\\20220609_181049\\1654795997017.png, D:\\Projet Test Auto\\Mediabox Test Automation\\Reports\\20220609_181011\\03. Parallel Testing (Testing)\\TS -PT PART 3\\07 Tag Sephora Dreyers _ Empty Group _Lifecycle condition\\20220609_181049\\1654796005268.png, D:\\Projet Test Auto\\Mediabox Test Automation\\Reports\\20220609_181011\\03. Parallel Testing (Testing)\\TS -PT PART 3\\07 Tag Sephora Dreyers _ Empty Group _Lifecycle condition\\20220609_181049\\1654796011300.png, D:\\Projet Test Auto\\Mediabox Test Automation\\Reports\\20220609_181011\\03. Parallel Testing (Testing)\\TS -PT PART 3\\07 Tag Sephora Dreyers _ Empty Group _Lifecycle condition\\20220609_181049\\1654796015062.png, D:\\Projet Test Auto\\Mediabox Test Automation\\Reports\\20220609_181011\\03. Parallel Testing (Testing)\\TS -PT PART 3\\07 Tag Sephora Dreyers _ Empty Group _Lifecycle condition\\20220609_181049\\1654796021640.png, D:\\Projet Test Auto\\Mediabox Test Automation\\Reports\\20220609_181011\\03. Parallel Testing (Testing)\\TS -PT PART 3\\07 Tag Sephora Dreyers _ Empty Group _Lifecycle condition\\20220609_181049\\1654796026783.png, D:\\Projet Test Auto\\Mediabox Test Automation\\Reports\\20220609_181011\\03. Parallel Testing (Testing)\\TS -PT PART 3\\07 Tag Sephora Dreyers _ Empty Group _Lifecycle condition\\20220609_181049\\1654796032046.png, D:\\Projet Test Auto\\Mediabox Test Automation\\Reports\\20220609_181011\\03. Parallel Testing (Testing)\\TS -PT PART 3\\07 Tag Sephora Dreyers _ Empty Group _Lifecycle condition\\20220609_181049\\1654796068566.png, D:\\Projet Test Auto\\Mediabox Test Automation\\Reports\\20220609_181011\\03. Parallel Testing (Testing)\\TS -PT PART 3\\07 Tag Sephora Dreyers _ Empty Group _Lifecycle condition\\20220609_181049\\1654796073062.png, D:\\Projet Test Auto\\Mediabox Test Automation\\Reports\\20220609_181011\\03. Parallel Testing (Testing)\\TS -PT PART 3\\07 Tag Sephora Dreyers _ Empty Group _Lifecycle condition\\20220609_181049\\1654796080273.png, D:\\Projet Test Auto\\Mediabox Test Automation\\Reports\\20220609_181011\\03. Parallel Testing (Testing)\\TS -PT PART 3\\07 Tag Sephora Dreyers _ Empty Group _Lifecycle condition\\20220609_181049\\1654796082180.png, D:\\Projet Test Auto\\Mediabox Test Automation\\Reports\\20220609_181011\\03. Parallel Testing (Testing)\\TS -PT PART 3\\07 Tag Sephora Dreyers _ Empty Group _Lifecycle condition\\20220609_181049\\1654796085053.png"/>
         <property name="hostName" value="lamhe - DPF-MBI-VERIF.ad.sgsco.int"/>
         <property name="os" value="Windows 10 64bit"/>
         <property name="katalonVersion" value="8.3.0.208"/>
         <property name="browser" value="Chrome 102.0.5005.63"/>
         <property name="hostAddress" value="10.15.10.53"/>
         <property name="sessionId" value="2740dce88f064d6ae36c21f8d03e1176"/>
         <property name="seleniumVersion" value="3.141.59"/>
         <property name="proxyInformation" value="ProxyInformation { proxyOption=NO_PROXY, proxyServerType=HTTP, username=, password=********, proxyServerAddress=, proxyServerPort=0, executionList=&quot;&quot;, isApplyToDesiredCapabilities=true }"/>
         <property name="platform" value="Windows 10"/>
      </properties>
      <testcase name="Test Cases/12. Tag Sephora Control Tag on Empty Group/12.1 Tag Empty Group Filtered group ( all field is filled _ no user) Existing P" time="132.504" classname="Test Cases/12. Tag Sephora Control Tag on Empty Group/12.1 Tag Empty Group Filtered group ( all field is filled _ no user) Existing P" status="PASSED">
         <system-out><![CDATA[2022-06-09 19:00:16 - [TEST_CASE][PASSED] - Test Cases/12. Tag Sephora Control Tag on Empty Group/12.1 Tag Empty Group Filtered group ( all field is filled _ no user) Existing P: Test Cases/12. Tag Sephora Control Tag on Empty Group/12.1 Tag Empty Group Filtered group ( all field is filled _ no user) Existing P

2022-06-09 19:00:17 - [TEST_STEP][PASSED] - data_Tag = findTestData("Data Files/Username_Password/Tag"): null

2022-06-09 19:00:17 - [TEST_STEP][PASSED] - password_jedun = data_Tag.getValue(3, 1): null

2022-06-09 19:00:17 - [TEST_STEP][PASSED] - password_rrowland = data_Tag.getValue(3, 2): null

2022-06-09 19:00:17 - [TEST_STEP][PASSED] - password_stest = data_Tag.getValue(3, 3): null

2022-06-09 19:00:17 - [TEST_STEP][PASSED] - password_itroin = data_Tag.getValue(3, 4): null

2022-06-09 19:00:17 - [TEST_STEP][PASSED] - password_igedik = data_Tag.getValue(3, 5): null

2022-06-09 19:00:17 - [TEST_STEP][PASSED] - password_mderdour = data_Tag.getValue(3, 6): null

2022-06-09 19:00:17 - [TEST_STEP][PASSED] - password_achatin = data_Tag.getValue(3, 7): null

2022-06-09 19:00:17 - [TEST_STEP][PASSED] - password_tliu = data_Tag.getValue(3, 8): null

2022-06-09 19:00:17 - [TEST_STEP][PASSED] - password_ccaramella = data_Tag.getValue(3, 9): null

2022-06-09 19:00:17 - [TEST_STEP][PASSED] - password_achay = data_Tag.getValue(3, 10): null

2022-06-09 19:00:17 - [TEST_STEP][PASSED] - password_cbono = data_Tag.getValue(3, 11): null

2022-06-09 19:00:17 - [TEST_STEP][PASSED] - password_pmareri = data_Tag.getValue(3, 12): null

2022-06-09 19:00:17 - [TEST_STEP][PASSED] - data_urlRELAUTO = findTestData("Data Files/URL/URL_relauto"): null

2022-06-09 19:00:17 - [TEST_STEP][PASSED] - Url_Tag = data_urlRELAUTO.getValue(2, 3): null

2022-06-09 19:00:17 - [TEST_STEP][PASSED] - Project_No = "MI003394": null

2022-06-09 19:00:17 - [TEST_STEP][PASSED] - ref_ID = "24383": null

2022-06-09 19:00:17 - [TEST_STEP][PASSED] - openBrowser(Url_Tag): Browser is opened with url: 'http://mdb-release.diadeis.lan/MediaboxIndependence/?MBI_datasource=RELTESTAUTO_TAG'

2022-06-09 19:00:18 - [MESSAGE][INFO] - Starting 'Chrome (headless)' driver

2022-06-09 19:00:18 - [MESSAGE][INFO] - User set preference: ['args', '[--window-size=1920,1080, --headless]']

2022-06-09 19:00:18 - [MESSAGE][INFO] - Action delay is set to 0 milliseconds

2022-06-09 19:00:33 - [MESSAGE][PASSED] - Browser is opened with url: 'http://mdb-release.diadeis.lan/MediaboxIndependence/?MBI_datasource=RELTESTAUTO_TAG'

2022-06-09 19:00:33 - [TEST_STEP][PASSED] - maximizeWindow(): Current window maximized

2022-06-09 19:00:34 - [MESSAGE][PASSED] - Current window maximized

2022-06-09 19:00:34 - [TEST_STEP][PASSED] - waitForPageLoad(30): Wait for page load successfully

2022-06-09 19:00:35 - [MESSAGE][PASSED] - Wait for page load successfully

2022-06-09 19:00:35 - [TEST_STEP][PASSED] - takeScreenshot(): Taking screenshot successfully

2022-06-09 19:00:36 - [MESSAGE][PASSED] - Taking screenshot successfully
[[ATTACHMENT|D:\\Projet Test Auto\\Mediabox Test Automation\\Reports\\20220609_181011\\03. Parallel Testing (Testing)\\TS -PT PART 3\\07 Tag Sephora Dreyers _ Empty Group _Lifecycle condition\\20220609_181049\\1654794035884.png]]

2022-06-09 19:00:36 - [TEST_STEP][PASSED] - I.Login_password("pmareri", password_pmareri): Object: 'Object Repository/1. Constant/xpath' is clicked on

2022-06-09 19:00:37 - [MESSAGE][PASSED] - Text 'pmareri' is set on object 'Object Repository/1. Constant/xpath'

2022-06-09 19:00:38 - [MESSAGE][PASSED] - Delayed 1 second(s)

2022-06-09 19:00:39 - [MESSAGE][PASSED] - Text 'dchi' is set on object 'Object Repository/1. Constant/xpath'

2022-06-09 19:00:40 - [MESSAGE][PASSED] - Delayed 1 second(s)

2022-06-09 19:00:51 - [MESSAGE][PASSED] - Object: 'Object Repository/1. Constant/xpath' is clicked on

2022-06-09 19:00:51 - [TEST_STEP][PASSED] - click(findTestObject("1. Constant/02_LHSMenu_Projects")): Object: 'Object Repository/1. Constant/02_LHSMenu_Projects' is clicked on

2022-06-09 19:00:58 - [MESSAGE][PASSED] - Object: 'Object Repository/1. Constant/02_LHSMenu_Projects' is clicked on

2022-06-09 19:00:58 - [TEST_STEP][PASSED] - I.SearchProjectNo_xpath(Project_No, "//*[@id="keynum_project"]", "//*[@id="form_filters"]/div[8]/button"): Delayed 5 second(s)

2022-06-09 19:00:59 - [MESSAGE][PASSED] - Delayed 1 second(s)

2022-06-09 19:00:59 - [MESSAGE][PASSED] - Text 'MI003394' is set on object 'Object Repository/1. Constant/xpath'

2022-06-09 19:01:02 - [MESSAGE][PASSED] - Delayed 3 second(s)

2022-06-09 19:01:02 - [MESSAGE][PASSED] - Scroll to object 'Object Repository/1. Constant/xpath' successfully

2022-06-09 19:01:10 - [MESSAGE][PASSED] - Object: 'Object Repository/1. Constant/xpath' is clicked on

2022-06-09 19:01:15 - [MESSAGE][PASSED] - Delayed 5 second(s)

2022-06-09 19:01:15 - [TEST_STEP][PASSED] - takeScreenshot(): Taking screenshot successfully

2022-06-09 19:01:15 - [MESSAGE][PASSED] - Taking screenshot successfully
[[ATTACHMENT|D:\\Projet Test Auto\\Mediabox Test Automation\\Reports\\20220609_181011\\03. Parallel Testing (Testing)\\TS -PT PART 3\\07 Tag Sephora Dreyers _ Empty Group _Lifecycle condition\\20220609_181049\\1654794075438.png]]

2022-06-09 19:01:15 - [TEST_STEP][PASSED] - delay(1): Delayed 1 second(s)

2022-06-09 19:01:16 - [MESSAGE][PASSED] - Delayed 1 second(s)

2022-06-09 19:01:16 - [TEST_STEP][PASSED] - click(findTestObject("1. Constant/xpath", ["xpath":"//*[@id="ancre_24373"]/a[2]"])): Object: 'Object Repository/1. Constant/xpath' is clicked on

2022-06-09 19:01:20 - [MESSAGE][PASSED] - Object: 'Object Repository/1. Constant/xpath' is clicked on

2022-06-09 19:01:20 - [TEST_STEP][PASSED] - I.click_button_javascript(findTestObject("1. Constant/xpath", ["xpath":"//*[@id="ModifFiche"]/div[1]/div/button[2]"])): Execute JavaScript 'arguments[0].click()' successfully

2022-06-09 19:01:25 - [MESSAGE][PASSED] - Execute JavaScript 'arguments[0].click()' successfully

2022-06-09 19:01:25 - [TEST_STEP][PASSED] - delay(1): Delayed 1 second(s)

2022-06-09 19:01:26 - [MESSAGE][PASSED] - Delayed 1 second(s)

2022-06-09 19:01:26 - [TEST_STEP][PASSED] - takeScreenshot(): Taking screenshot successfully

2022-06-09 19:01:26 - [MESSAGE][PASSED] - Taking screenshot successfully
[[ATTACHMENT|D:\\Projet Test Auto\\Mediabox Test Automation\\Reports\\20220609_181011\\03. Parallel Testing (Testing)\\TS -PT PART 3\\07 Tag Sephora Dreyers _ Empty Group _Lifecycle condition\\20220609_181049\\1654794086541.png]]

2022-06-09 19:01:26 - [TEST_STEP][PASSED] - empty_G1 = getText(findTestObject("1. Constant/xpath", ["xpath":"//*[@id="cardctrlphase"]/div[1]/div[1]/h3/span"])): Text of object 'Object Repository/1. Constant/xpath' is: 'Error : empty groups'

2022-06-09 19:01:27 - [MESSAGE][PASSED] - Text of object 'Object Repository/1. Constant/xpath' is: 'Error : empty groups'

2022-06-09 19:01:27 - [TEST_STEP][PASSED] - I.print(empty_G1): null

2022-06-09 19:01:27 - [TEST_STEP][PASSED] - verifyMatch(empty_G1, "Error : empty groups", false): Actual text 'Error : empty groups' and expected text 'Error : empty groups' are matched 

2022-06-09 19:01:27 - [MESSAGE][PASSED] - Actual text 'Error : empty groups' and expected text 'Error : empty groups' are matched 

2022-06-09 19:01:27 - [TEST_STEP][PASSED] - click(findTestObject("1. Constant/xpath", ["xpath":"//*[@id="cardctrlphase"]/div[1]/div[2]/a"])): Object: 'Object Repository/1. Constant/xpath' is clicked on

2022-06-09 19:01:27 - [MESSAGE][PASSED] - Object: 'Object Repository/1. Constant/xpath' is clicked on

2022-06-09 19:01:27 - [TEST_STEP][PASSED] - delay(2): Delayed 2 second(s)

2022-06-09 19:01:29 - [MESSAGE][PASSED] - Delayed 2 second(s)

2022-06-09 19:01:29 - [TEST_STEP][PASSED] - verifyElementNotVisible(findTestObject("1. Constant/xpath", ["xpath":"//*[@id="cardctrlphase"]/div[2]"])): Object 'Object Repository/1. Constant/xpath' is NOT visible

2022-06-09 19:01:30 - [MESSAGE][PASSED] - Object 'Object Repository/1. Constant/xpath' is NOT visible

2022-06-09 19:01:30 - [TEST_STEP][PASSED] - click(findTestObject("1. Constant/xpath", ["xpath":"//*[@id="cardctrlphase"]/div[1]/div[2]/a"])): Object: 'Object Repository/1. Constant/xpath' is clicked on

2022-06-09 19:01:30 - [MESSAGE][PASSED] - Object: 'Object Repository/1. Constant/xpath' is clicked on

2022-06-09 19:01:30 - [TEST_STEP][PASSED] - verifyElementVisible(findTestObject("1. Constant/xpath", ["xpath":"//*[@id="cardctrlphase"]/div[2]"])): Object 'Object Repository/1. Constant/xpath' is visible

2022-06-09 19:01:31 - [MESSAGE][PASSED] - Object 'Object Repository/1. Constant/xpath' is visible

2022-06-09 19:01:31 - [TEST_STEP][PASSED] - EmptyG_title = getText(findTestObject("1. Constant/xpath", ["xpath":"//*[@id="cardctrlphase"]/div[1]/div[1]/h3/span"])): Text of object 'Object Repository/1. Constant/xpath' is: 'Error : empty groups'

2022-06-09 19:01:31 - [MESSAGE][PASSED] - Text of object 'Object Repository/1. Constant/xpath' is: 'Error : empty groups'

2022-06-09 19:01:31 - [TEST_STEP][PASSED] - I.print(EmptyG_title): null

2022-06-09 19:01:31 - [TEST_STEP][PASSED] - verifyMatch("Error : empty groups", EmptyG_title, false): Actual text 'Error : empty groups' and expected text 'Error : empty groups' are matched 

2022-06-09 19:01:31 - [MESSAGE][PASSED] - Actual text 'Error : empty groups' and expected text 'Error : empty groups' are matched 

2022-06-09 19:01:31 - [TEST_STEP][PASSED] - EmptyG_PotentialProb = getText(findTestObject("1. Constant/xpath", ["xpath":"//*[@id="cardctrlphase"]/div[2]"])): Text of object 'Object Repository/1. Constant/xpath' is: 'Local Marketing (Leader) + Sub-Axis
Potential problem with these fields:
Signature (Project)
Garnier
Sub Axis (Project)
Hair Care
Leader country (Reference)
Algeria
Local Marketing (Approver) + Sub-Axis
Potential problem with these fields:
Signature (Project)
Garnier
Sub Axis (Project)
Hair Care
Approver countries/zones (Reference)
Belize
Algeria
Cambodia (kampuchea)
Modify this project
Modify this reference brief'

2022-06-09 19:01:32 - [MESSAGE][PASSED] - Text of object 'Object Repository/1. Constant/xpath' is: 'Local Marketing (Leader) + Sub-Axis
Potential problem with these fields:
Signature (Project)
Garnier
Sub Axis (Project)
Hair Care
Leader country (Reference)
Algeria
Local Marketing (Approver) + Sub-Axis
Potential problem with these fields:
Signature (Project)
Garnier
Sub Axis (Project)
Hair Care
Approver countries/zones (Reference)
Belize
Algeria
Cambodia (kampuchea)
Modify this project
Modify this reference brief'

2022-06-09 19:01:32 - [TEST_STEP][PASSED] - I.print(EmptyG_PotentialProb): null

2022-06-09 19:01:32 - [TEST_STEP][PASSED] - Expected_EmotyG_msg = "Local Marketing (Leader) + Sub-Axis" + "
" + "Potential problem with these fields:" + "
" + "Signature (Project)" + "
" + "Garnier" + "
" + "Sub Axis (Project)" + "
" + "Hair Care" + "
" + "Leader country (Reference)" + "
" + "Algeria" + "
" + "Local Marketing (Approver) + Sub-Axis" + "
" + "Potential problem with these fields:" + "
" + "Signature (Project)" + "
" + "Garnier" + "
" + "Sub Axis (Project)" + "
" + "Hair Care" + "
" + "Approver countries/zones (Reference)" + "
" + "Belize" + "
" + "Algeria" + "
" + "Cambodia (kampuchea)" + "
" + "Modify this project" + "
" + "Modify this reference brief": null

2022-06-09 19:01:32 - [TEST_STEP][PASSED] - I.print(Expected_EmotyG_msg): null

2022-06-09 19:01:32 - [TEST_STEP][PASSED] - verifyMatch(Expected_EmotyG_msg, EmptyG_PotentialProb, false): Actual text 'Local Marketing (Leader) + Sub-Axis
Potential problem with these fields:
Signature (Project)
Garnier
Sub Axis (Project)
Hair Care
Leader country (Reference)
Algeria
Local Marketing (Approver) + Sub-Axis
Potential problem with these fields:
Signature (Project)
Garnier
Sub Axis (Project)
Hair Care
Approver countries/zones (Reference)
Belize
Algeria
Cambodia (kampuchea)
Modify this project
Modify this reference brief' and expected text 'Local Marketing (Leader) + Sub-Axis
Potential problem with these fields:
Signature (Project)
Garnier
Sub Axis (Project)
Hair Care
Leader country (Reference)
Algeria
Local Marketing (Approver) + Sub-Axis
Potential problem with these fields:
Signature (Project)
Garnier
Sub Axis (Project)
Hair Care
Approver countries/zones (Reference)
Belize
Algeria
Cambodia (kampuchea)
Modify this project
Modify this reference brief' are matched 

2022-06-09 19:01:32 - [MESSAGE][PASSED] - Actual text 'Local Marketing (Leader) + Sub-Axis
Potential problem with these fields:
Signature (Project)
Garnier
Sub Axis (Project)
Hair Care
Leader country (Reference)
Algeria
Local Marketing (Approver) + Sub-Axis
Potential problem with these fields:
Signature (Project)
Garnier
Sub Axis (Project)
Hair Care
Approver countries/zones (Reference)
Belize
Algeria
Cambodia (kampuchea)
Modify this project
Modify this reference brief' and expected text 'Local Marketing (Leader) + Sub-Axis
Potential problem with these fields:
Signature (Project)
Garnier
Sub Axis (Project)
Hair Care
Leader country (Reference)
Algeria
Local Marketing (Approver) + Sub-Axis
Potential problem with these fields:
Signature (Project)
Garnier
Sub Axis (Project)
Hair Care
Approver countries/zones (Reference)
Belize
Algeria
Cambodia (kampuchea)
Modify this project
Modify this reference brief' are matched 

2022-06-09 19:01:32 - [TEST_STEP][PASSED] - click(findTestObject("1. Constant/xpath", ["xpath":"//*[@id="cardctrlphase"]/div[2]/div[9]/a[1]"])): Object: 'Object Repository/1. Constant/xpath' is clicked on

2022-06-09 19:01:37 - [MESSAGE][PASSED] - Object: 'Object Repository/1. Constant/xpath' is clicked on

2022-06-09 19:01:37 - [TEST_STEP][PASSED] - delay(1): Delayed 1 second(s)

2022-06-09 19:01:38 - [MESSAGE][PASSED] - Delayed 1 second(s)

2022-06-09 19:01:38 - [TEST_STEP][PASSED] - takeScreenshot(): Taking screenshot successfully

2022-06-09 19:01:38 - [MESSAGE][PASSED] - Taking screenshot successfully
[[ATTACHMENT|D:\\Projet Test Auto\\Mediabox Test Automation\\Reports\\20220609_181011\\03. Parallel Testing (Testing)\\TS -PT PART 3\\07 Tag Sephora Dreyers _ Empty Group _Lifecycle condition\\20220609_181049\\1654794098065.png]]

2022-06-09 19:01:38 - [TEST_STEP][PASSED] - verifyElementPresent(findTestObject("1. Constant/xpath", ["xpath":"//*[@id="var_141"]"]), 5): Object 'Object Repository/1. Constant/xpath' is present

2022-06-09 19:01:38 - [MESSAGE][PASSED] - Object 'Object Repository/1. Constant/xpath' is present

2022-06-09 19:01:38 - [TEST_STEP][PASSED] - setText(findTestObject("1. Constant/xpath", ["xpath":"//*[@id="var_141"]"]), "[Do not Edit] Existing Project Auto for Control Tag  Empty Group (Part 2) modif"): Text '[Do not Edit] Existing Project Auto for Control Tag  Empty Group (Part 2) modif' is set on object 'Object Repository/1. Constant/xpath'

2022-06-09 19:01:39 - [MESSAGE][PASSED] - Text '[Do not Edit] Existing Project Auto for Control Tag  Empty Group (Part 2) modif' is set on object 'Object Repository/1. Constant/xpath'

2022-06-09 19:01:39 - [TEST_STEP][PASSED] - click(findTestObject("1. Constant/xpath", ["xpath":"//*[@id="ModifFiche"]/div[1]/div/button"])): Object: 'Object Repository/1. Constant/xpath' is clicked on

2022-06-09 19:01:45 - [MESSAGE][PASSED] - Object: 'Object Repository/1. Constant/xpath' is clicked on

2022-06-09 19:01:45 - [TEST_STEP][PASSED] - delay(1): Delayed 1 second(s)

2022-06-09 19:01:46 - [MESSAGE][PASSED] - Delayed 1 second(s)

2022-06-09 19:01:46 - [TEST_STEP][PASSED] - ProjectName = getText(findTestObject("1. Constant/xpath", ["xpath":"//*[@id="card_project"]/div[1]/div[1]/h3"])): Text of object 'Object Repository/1. Constant/xpath' is: 'Garnier_Ga.Min Neo_2021_[Do not Edit] Existing Project Auto for Control Tag Empty Group (Part 2) modif - MI003394'

2022-06-09 19:01:46 - [MESSAGE][PASSED] - Text of object 'Object Repository/1. Constant/xpath' is: 'Garnier_Ga.Min Neo_2021_[Do not Edit] Existing Project Auto for Control Tag Empty Group (Part 2) modif - MI003394'

2022-06-09 19:01:46 - [TEST_STEP][PASSED] - I.print(ProjectName): null

2022-06-09 19:01:46 - [TEST_STEP][PASSED] - verifyMatch(ProjectName, "Garnier_Ga.Min Neo_2021_[Do not Edit] Existing Project Auto for Control Tag Empty Group (Part 2) modif - MI003394", false): Actual text 'Garnier_Ga.Min Neo_2021_[Do not Edit] Existing Project Auto for Control Tag Empty Group (Part 2) modif - MI003394' and expected text 'Garnier_Ga.Min Neo_2021_[Do not Edit] Existing Project Auto for Control Tag Empty Group (Part 2) modif - MI003394' are matched 

2022-06-09 19:01:46 - [MESSAGE][PASSED] - Actual text 'Garnier_Ga.Min Neo_2021_[Do not Edit] Existing Project Auto for Control Tag Empty Group (Part 2) modif - MI003394' and expected text 'Garnier_Ga.Min Neo_2021_[Do not Edit] Existing Project Auto for Control Tag Empty Group (Part 2) modif - MI003394' are matched 

2022-06-09 19:01:46 - [TEST_STEP][PASSED] - delay(1): Delayed 1 second(s)

2022-06-09 19:01:47 - [MESSAGE][PASSED] - Delayed 1 second(s)

2022-06-09 19:01:47 - [TEST_STEP][PASSED] - click(findTestObject("1. Constant/xpath", ["xpath":"//*[@id="ancre_24373"]/a[2]"])): Object: 'Object Repository/1. Constant/xpath' is clicked on

2022-06-09 19:01:51 - [MESSAGE][PASSED] - Object: 'Object Repository/1. Constant/xpath' is clicked on

2022-06-09 19:01:51 - [TEST_STEP][PASSED] - delay(1): Delayed 1 second(s)

2022-06-09 19:01:52 - [MESSAGE][PASSED] - Delayed 1 second(s)

2022-06-09 19:01:52 - [TEST_STEP][PASSED] - I.click_button_javascript(findTestObject("1. Constant/xpath", ["xpath":"//*[@id="ModifFiche"]/div[1]/div/button[2]"])): Execute JavaScript 'arguments[0].click()' successfully

2022-06-09 19:01:58 - [MESSAGE][PASSED] - Execute JavaScript 'arguments[0].click()' successfully

2022-06-09 19:01:58 - [TEST_STEP][PASSED] - takeScreenshot(): Taking screenshot successfully

2022-06-09 19:01:58 - [MESSAGE][PASSED] - Taking screenshot successfully
[[ATTACHMENT|D:\\Projet Test Auto\\Mediabox Test Automation\\Reports\\20220609_181011\\03. Parallel Testing (Testing)\\TS -PT PART 3\\07 Tag Sephora Dreyers _ Empty Group _Lifecycle condition\\20220609_181049\\1654794118078.png]]

2022-06-09 19:01:58 - [TEST_STEP][PASSED] - click(findTestObject("1. Constant/xpath", ["xpath":"//*[@id="cardctrlphase"]/div[2]/div[9]/a[2]"])): Object: 'Object Repository/1. Constant/xpath' is clicked on

2022-06-09 19:02:02 - [MESSAGE][PASSED] - Object: 'Object Repository/1. Constant/xpath' is clicked on

2022-06-09 19:02:02 - [TEST_STEP][PASSED] - delay(1): Delayed 1 second(s)

2022-06-09 19:02:03 - [MESSAGE][PASSED] - Delayed 1 second(s)

2022-06-09 19:02:03 - [TEST_STEP][PASSED] - click(findTestObject("1. Constant/xpath", ["xpath":"//*[@id="ModifFiche"]/div[1]/div[1]/a"])): Object: 'Object Repository/1. Constant/xpath' is clicked on

2022-06-09 19:02:06 - [MESSAGE][PASSED] - Object: 'Object Repository/1. Constant/xpath' is clicked on

2022-06-09 19:02:06 - [TEST_STEP][PASSED] - click(findTestObject("1. Constant/xpath", ["xpath":"//*[@id="ancre_24373"]/a[2]"])): Object: 'Object Repository/1. Constant/xpath' is clicked on

2022-06-09 19:02:11 - [MESSAGE][PASSED] - Object: 'Object Repository/1. Constant/xpath' is clicked on

2022-06-09 19:02:11 - [TEST_STEP][PASSED] - scrollToElement(findTestObject("1. Constant/xpath", ["xpath":"//*[@id="var_71"]"]), 5): Scroll to object 'Object Repository/1. Constant/xpath' successfully

2022-06-09 19:02:11 - [MESSAGE][PASSED] - Scroll to object 'Object Repository/1. Constant/xpath' successfully

2022-06-09 19:02:11 - [TEST_STEP][PASSED] - selectOptionByValue(findTestObject("1. Constant/xpath", ["xpath":"//*[@id="var_71"]"]), "1055", false): All options with value '1055' are selected in object 'Object Repository/1. Constant/xpath' 

2022-06-09 19:02:12 - [MESSAGE][PASSED] - All options with value '1055' are selected in object 'Object Repository/1. Constant/xpath' 

2022-06-09 19:02:12 - [TEST_STEP][PASSED] - I.select_multiplelist("//*[@id="selSource_72"]", "//*[@id="btnAdd_72"]", "1055"): Delayed 1 second(s)

2022-06-09 19:02:13 - [MESSAGE][PASSED] - Delayed 1 second(s)

2022-06-09 19:02:13 - [MESSAGE][PASSED] - All options with value '1055' are selected in object 'Object Repository/1. Constant/xpath' 

2022-06-09 19:02:15 - [MESSAGE][PASSED] - Delayed 2 second(s)

2022-06-09 19:02:17 - [MESSAGE][PASSED] - Object: 'Object Repository/1. Constant/xpath' is clicked on

2022-06-09 19:02:18 - [MESSAGE][PASSED] - Delayed 1 second(s)

2022-06-09 19:02:18 - [TEST_STEP][PASSED] - I.click_button_javascript(findTestObject("1. Constant/xpath", ["xpath":"//*[@id="ModifFiche"]/div[1]/div/button[2]"])): Execute JavaScript 'arguments[0].click()' successfully

2022-06-09 19:02:26 - [MESSAGE][PASSED] - Execute JavaScript 'arguments[0].click()' successfully

2022-06-09 19:02:26 - [TEST_STEP][PASSED] - lifecycle_status = getText(findTestObject("1. Constant/xpath", ["xpath":"//*[@id="source_24371"]/td[13]/span[1]"])): Text of object 'Object Repository/1. Constant/xpath' is: 'Leader MKT: Brief completion'

2022-06-09 19:02:27 - [MESSAGE][PASSED] - Text of object 'Object Repository/1. Constant/xpath' is: 'Leader MKT: Brief completion'

2022-06-09 19:02:27 - [TEST_STEP][PASSED] - verifyMatch(lifecycle_status, "Leader MKT: Brief completion", false): Actual text 'Leader MKT: Brief completion' and expected text 'Leader MKT: Brief completion' are matched 

2022-06-09 19:02:27 - [MESSAGE][PASSED] - Actual text 'Leader MKT: Brief completion' and expected text 'Leader MKT: Brief completion' are matched 

2022-06-09 19:02:27 - [TEST_STEP][PASSED] - closeBrowser(): Browser is closed

2022-06-09 19:02:28 - [MESSAGE][PASSED] - Browser is closed

2022-06-09 19:02:28 - [TEST_STEP][PASSED] - Start listener action : sampleAfterTestCase: null]]></system-out>
         <system-err><![CDATA[]]></system-err>
      </testcase>
      <testcase name="Test Cases/12. Tag Sephora Control Tag on Empty Group/12.2 Tag Existing Project Empty Group Filtered group (one of the field is empty _ no error)" time="111.094" classname="Test Cases/12. Tag Sephora Control Tag on Empty Group/12.2 Tag Existing Project Empty Group Filtered group (one of the field is empty _ no error)" status="PASSED">
         <system-out><![CDATA[2022-06-09 19:02:28 - [TEST_CASE][PASSED] - Test Cases/12. Tag Sephora Control Tag on Empty Group/12.2 Tag Existing Project Empty Group Filtered group (one of the field is empty _ no error): Test Cases/12. Tag Sephora Control Tag on Empty Group/12.2 Tag Existing Project Empty Group Filtered group (one of the field is empty _ no error)

2022-06-09 19:02:29 - [TEST_STEP][PASSED] - data_Tag = findTestData("Data Files/Username_Password/Tag"): null

2022-06-09 19:02:29 - [TEST_STEP][PASSED] - password_jedun = data_Tag.getValue(3, 1): null

2022-06-09 19:02:29 - [TEST_STEP][PASSED] - password_rrowland = data_Tag.getValue(3, 2): null

2022-06-09 19:02:29 - [TEST_STEP][PASSED] - password_stest = data_Tag.getValue(3, 3): null

2022-06-09 19:02:29 - [TEST_STEP][PASSED] - password_itroin = data_Tag.getValue(3, 4): null

2022-06-09 19:02:29 - [TEST_STEP][PASSED] - password_igedik = data_Tag.getValue(3, 5): null

2022-06-09 19:02:29 - [TEST_STEP][PASSED] - password_mderdour = data_Tag.getValue(3, 6): null

2022-06-09 19:02:29 - [TEST_STEP][PASSED] - password_achatin = data_Tag.getValue(3, 7): null

2022-06-09 19:02:29 - [TEST_STEP][PASSED] - password_tliu = data_Tag.getValue(3, 8): null

2022-06-09 19:02:29 - [TEST_STEP][PASSED] - password_ccaramella = data_Tag.getValue(3, 9): null

2022-06-09 19:02:29 - [TEST_STEP][PASSED] - password_achay = data_Tag.getValue(3, 10): null

2022-06-09 19:02:29 - [TEST_STEP][PASSED] - password_cbono = data_Tag.getValue(3, 11): null

2022-06-09 19:02:29 - [TEST_STEP][PASSED] - password_pmareri = data_Tag.getValue(3, 12): null

2022-06-09 19:02:29 - [TEST_STEP][PASSED] - data_urlRELAUTO = findTestData("Data Files/URL/URL_relauto"): null

2022-06-09 19:02:29 - [TEST_STEP][PASSED] - Url_Tag = data_urlRELAUTO.getValue(2, 3): null

2022-06-09 19:02:29 - [TEST_STEP][PASSED] - Project_No = "MI003394": null

2022-06-09 19:02:29 - [TEST_STEP][PASSED] - ref_ID = "14874": null

2022-06-09 19:02:29 - [TEST_STEP][PASSED] - openBrowser(Url_Tag): Browser is opened with url: 'http://mdb-release.diadeis.lan/MediaboxIndependence/?MBI_datasource=RELTESTAUTO_TAG'

2022-06-09 19:02:29 - [MESSAGE][INFO] - Starting 'Chrome (headless)' driver

2022-06-09 19:02:29 - [MESSAGE][INFO] - User set preference: ['args', '[--window-size=1920,1080, --headless]']

2022-06-09 19:02:29 - [MESSAGE][INFO] - Action delay is set to 0 milliseconds

2022-06-09 19:02:42 - [MESSAGE][PASSED] - Browser is opened with url: 'http://mdb-release.diadeis.lan/MediaboxIndependence/?MBI_datasource=RELTESTAUTO_TAG'

2022-06-09 19:02:42 - [TEST_STEP][PASSED] - maximizeWindow(): Current window maximized

2022-06-09 19:02:43 - [MESSAGE][PASSED] - Current window maximized

2022-06-09 19:02:43 - [TEST_STEP][PASSED] - waitForPageLoad(30): Wait for page load successfully

2022-06-09 19:02:43 - [MESSAGE][PASSED] - Wait for page load successfully

2022-06-09 19:02:43 - [TEST_STEP][PASSED] - takeScreenshot(): Taking screenshot successfully

2022-06-09 19:02:44 - [MESSAGE][PASSED] - Taking screenshot successfully
[[ATTACHMENT|D:\\Projet Test Auto\\Mediabox Test Automation\\Reports\\20220609_181011\\03. Parallel Testing (Testing)\\TS -PT PART 3\\07 Tag Sephora Dreyers _ Empty Group _Lifecycle condition\\20220609_181049\\1654794164007.png]]

2022-06-09 19:02:44 - [TEST_STEP][PASSED] - I.Login_password("pmareri", password_pmareri): Object: 'Object Repository/1. Constant/xpath' is clicked on

2022-06-09 19:02:44 - [MESSAGE][PASSED] - Text 'pmareri' is set on object 'Object Repository/1. Constant/xpath'

2022-06-09 19:02:45 - [MESSAGE][PASSED] - Delayed 1 second(s)

2022-06-09 19:02:46 - [MESSAGE][PASSED] - Text 'dchi' is set on object 'Object Repository/1. Constant/xpath'

2022-06-09 19:02:47 - [MESSAGE][PASSED] - Delayed 1 second(s)

2022-06-09 19:03:02 - [MESSAGE][PASSED] - Object: 'Object Repository/1. Constant/xpath' is clicked on

2022-06-09 19:03:02 - [TEST_STEP][PASSED] - click(findTestObject("1. Constant/02_LHSMenu_Projects")): Object: 'Object Repository/1. Constant/02_LHSMenu_Projects' is clicked on

2022-06-09 19:03:15 - [MESSAGE][PASSED] - Object: 'Object Repository/1. Constant/02_LHSMenu_Projects' is clicked on

2022-06-09 19:03:15 - [TEST_STEP][PASSED] - I.SearchProjectNo_xpath(Project_No, "//*[@id="keynum_project"]", "//*[@id="form_filters"]/div[8]/button"): Delayed 5 second(s)

2022-06-09 19:03:16 - [MESSAGE][PASSED] - Delayed 1 second(s)

2022-06-09 19:03:18 - [MESSAGE][PASSED] - Text 'MI003394' is set on object 'Object Repository/1. Constant/xpath'

2022-06-09 19:03:21 - [MESSAGE][PASSED] - Delayed 3 second(s)

2022-06-09 19:03:21 - [MESSAGE][PASSED] - Scroll to object 'Object Repository/1. Constant/xpath' successfully

2022-06-09 19:03:29 - [MESSAGE][PASSED] - Object: 'Object Repository/1. Constant/xpath' is clicked on

2022-06-09 19:03:34 - [MESSAGE][PASSED] - Delayed 5 second(s)

2022-06-09 19:03:34 - [TEST_STEP][PASSED] - takeScreenshot(): Taking screenshot successfully

2022-06-09 19:03:35 - [MESSAGE][PASSED] - Taking screenshot successfully
[[ATTACHMENT|D:\\Projet Test Auto\\Mediabox Test Automation\\Reports\\20220609_181011\\03. Parallel Testing (Testing)\\TS -PT PART 3\\07 Tag Sephora Dreyers _ Empty Group _Lifecycle condition\\20220609_181049\\1654794214689.png]]

2022-06-09 19:03:35 - [TEST_STEP][PASSED] - delay(1): Delayed 1 second(s)

2022-06-09 19:03:36 - [MESSAGE][PASSED] - Delayed 1 second(s)

2022-06-09 19:03:36 - [TEST_STEP][PASSED] - click(findTestObject("1. Constant/xpath", ["xpath":"//*[@id="source_24374"]/td[15]/a[2]"])): Object: 'Object Repository/1. Constant/xpath' is clicked on

2022-06-09 19:03:41 - [MESSAGE][PASSED] - Object: 'Object Repository/1. Constant/xpath' is clicked on

2022-06-09 19:03:41 - [TEST_STEP][PASSED] - takeScreenshot(): Taking screenshot successfully

2022-06-09 19:03:42 - [MESSAGE][PASSED] - Taking screenshot successfully
[[ATTACHMENT|D:\\Projet Test Auto\\Mediabox Test Automation\\Reports\\20220609_181011\\03. Parallel Testing (Testing)\\TS -PT PART 3\\07 Tag Sephora Dreyers _ Empty Group _Lifecycle condition\\20220609_181049\\1654794221757.png]]

2022-06-09 19:03:42 - [TEST_STEP][PASSED] - I.select_multiplelist("//*[@id="selSource_10"]", "//*[@id="btnAdd_10"]", "1303"): Delayed 1 second(s)

2022-06-09 19:03:43 - [MESSAGE][PASSED] - Delayed 1 second(s)

2022-06-09 19:03:43 - [MESSAGE][PASSED] - All options with value '1303' are selected in object 'Object Repository/1. Constant/xpath' 

2022-06-09 19:03:45 - [MESSAGE][PASSED] - Delayed 2 second(s)

2022-06-09 19:03:46 - [MESSAGE][PASSED] - Object: 'Object Repository/1. Constant/xpath' is clicked on

2022-06-09 19:03:47 - [MESSAGE][PASSED] - Delayed 1 second(s)

2022-06-09 19:03:47 - [TEST_STEP][PASSED] - selectOptionByValue(findTestObject("1. Constant/xpath", ["xpath":"//*[@id="var_166"]"]), "1191", false): All options with value '1191' are selected in object 'Object Repository/1. Constant/xpath' 

2022-06-09 19:03:48 - [MESSAGE][PASSED] - All options with value '1191' are selected in object 'Object Repository/1. Constant/xpath' 

2022-06-09 19:03:48 - [TEST_STEP][PASSED] - selectOptionByValue(findTestObject("1. Constant/xpath", ["xpath":"//*[@id="var_71"]"]), "1518", false): All options with value '1518' are selected in object 'Object Repository/1. Constant/xpath' 

2022-06-09 19:03:48 - [MESSAGE][PASSED] - All options with value '1518' are selected in object 'Object Repository/1. Constant/xpath' 

2022-06-09 19:03:48 - [TEST_STEP][PASSED] - I.click_button_javascript(findTestObject("1. Constant/xpath", ["xpath":"//*[@id="ModifFiche"]/div[1]/div/button[2]"])): Execute JavaScript 'arguments[0].click()' successfully

2022-06-09 19:03:55 - [MESSAGE][PASSED] - Execute JavaScript 'arguments[0].click()' successfully

2022-06-09 19:03:55 - [TEST_STEP][PASSED] - delay(1): Delayed 1 second(s)

2022-06-09 19:03:56 - [MESSAGE][PASSED] - Delayed 1 second(s)

2022-06-09 19:03:56 - [TEST_STEP][PASSED] - click(findTestObject("1. Constant/xpath", ["xpath":"//*[@id="kt_subheader"]/div/nav/ol/li[2]/a"])): Object: 'Object Repository/1. Constant/xpath' is clicked on

2022-06-09 19:04:00 - [MESSAGE][PASSED] - Object: 'Object Repository/1. Constant/xpath' is clicked on

2022-06-09 19:04:00 - [TEST_STEP][PASSED] - delay(3): Delayed 3 second(s)

2022-06-09 19:04:03 - [MESSAGE][PASSED] - Delayed 3 second(s)

2022-06-09 19:04:03 - [TEST_STEP][PASSED] - click(findTestObject("1. Constant/xpath", ["xpath":"//*[@id="source_24374"]/td[15]/a[2]"])): Object: 'Object Repository/1. Constant/xpath' is clicked on

2022-06-09 19:04:08 - [MESSAGE][PASSED] - Object: 'Object Repository/1. Constant/xpath' is clicked on

2022-06-09 19:04:08 - [TEST_STEP][PASSED] - takeScreenshot(): Taking screenshot successfully

2022-06-09 19:04:09 - [MESSAGE][PASSED] - Taking screenshot successfully
[[ATTACHMENT|D:\\Projet Test Auto\\Mediabox Test Automation\\Reports\\20220609_181011\\03. Parallel Testing (Testing)\\TS -PT PART 3\\07 Tag Sephora Dreyers _ Empty Group _Lifecycle condition\\20220609_181049\\1654794248679.png]]

2022-06-09 19:04:09 - [TEST_STEP][PASSED] - selectOptionByValue(findTestObject("1. Constant/xpath", ["xpath":"//*[@id="var_71"]"]), "", false): All options with value '' are selected in object 'Object Repository/1. Constant/xpath' 

2022-06-09 19:04:10 - [MESSAGE][PASSED] - All options with value '' are selected in object 'Object Repository/1. Constant/xpath' 

2022-06-09 19:04:10 - [TEST_STEP][PASSED] - selectOptionByValue(findTestObject("1. Constant/xpath", ["xpath":"//*[@id="var_166"]"]), "1190", false): All options with value '1190' are selected in object 'Object Repository/1. Constant/xpath' 

2022-06-09 19:04:10 - [MESSAGE][PASSED] - All options with value '1190' are selected in object 'Object Repository/1. Constant/xpath' 

2022-06-09 19:04:10 - [TEST_STEP][PASSED] - I.click_button_javascript(findTestObject("1. Constant/xpath", ["xpath":"//*[@id="ModifFiche"]/div[1]/div/button[1]"])): Execute JavaScript 'arguments[0].click()' successfully

2022-06-09 19:04:17 - [MESSAGE][PASSED] - Execute JavaScript 'arguments[0].click()' successfully

2022-06-09 19:04:17 - [TEST_STEP][PASSED] - delay(1): Delayed 1 second(s)

2022-06-09 19:04:18 - [MESSAGE][PASSED] - Delayed 1 second(s)

2022-06-09 19:04:18 - [TEST_STEP][PASSED] - lifecycle_status = getText(findTestObject("1. Constant/xpath", ["xpath":"//*[@id="source_24374"]/td[13]/span[1]"])): Text of object 'Object Repository/1. Constant/xpath' is: 'Plant: Brief completion'

2022-06-09 19:04:18 - [MESSAGE][PASSED] - Text of object 'Object Repository/1. Constant/xpath' is: 'Plant: Brief completion'

2022-06-09 19:04:18 - [TEST_STEP][PASSED] - verifyMatch(lifecycle_status, "Plant: Brief completion", false): Actual text 'Plant: Brief completion' and expected text 'Plant: Brief completion' are matched 

2022-06-09 19:04:18 - [MESSAGE][PASSED] - Actual text 'Plant: Brief completion' and expected text 'Plant: Brief completion' are matched 

2022-06-09 19:04:18 - [TEST_STEP][PASSED] - closeBrowser(): Browser is closed

2022-06-09 19:04:19 - [MESSAGE][PASSED] - Browser is closed

2022-06-09 19:04:19 - [TEST_STEP][PASSED] - Start listener action : sampleAfterTestCase: null]]></system-out>
         <system-err><![CDATA[]]></system-err>
      </testcase>
      <testcase name="Test Cases/12. Tag Sephora Control Tag on Empty Group/12.3 Sephora Empty Group Filtered Gr (Field empty) _ User field _ Question phase" time="193.299" classname="Test Cases/12. Tag Sephora Control Tag on Empty Group/12.3 Sephora Empty Group Filtered Gr (Field empty) _ User field _ Question phase" status="PASSED">
         <system-out><![CDATA[2022-06-09 19:04:20 - [TEST_CASE][PASSED] - Test Cases/12. Tag Sephora Control Tag on Empty Group/12.3 Sephora Empty Group Filtered Gr (Field empty) _ User field _ Question phase: Test Cases/12. Tag Sephora Control Tag on Empty Group/12.3 Sephora Empty Group Filtered Gr (Field empty) _ User field _ Question phase

2022-06-09 19:04:20 - [TEST_STEP][PASSED] - data_Sephora = findTestData("Data Files/Username_Password/Sephora"): null

2022-06-09 19:04:20 - [TEST_STEP][PASSED] - password_atran = data_Sephora.getValue(2, 1): null

2022-06-09 19:04:21 - [TEST_STEP][PASSED] - password_marketing = data_Sephora.getValue(2, 2): null

2022-06-09 19:04:21 - [TEST_STEP][PASSED] - password_regulatory = data_Sephora.getValue(2, 3): null

2022-06-09 19:04:21 - [TEST_STEP][PASSED] - password_studio = data_Sephora.getValue(2, 4): null

2022-06-09 19:04:21 - [TEST_STEP][PASSED] - password_iraz = data_Sephora.getValue(2, 5): null

2022-06-09 19:04:21 - [TEST_STEP][PASSED] - password_cmouzawak = data_Sephora.getValue(2, 6): null

2022-06-09 19:04:21 - [TEST_STEP][PASSED] - password_aalbeaux = data_Sephora.getValue(2, 7): null

2022-06-09 19:04:21 - [TEST_STEP][PASSED] - password_hgarnier = data_Sephora.getValue(2, 8): null

2022-06-09 19:04:21 - [TEST_STEP][PASSED] - password_emartineau = data_Sephora.getValue(2, 9): null

2022-06-09 19:04:21 - [TEST_STEP][PASSED] - data_urlRELAUTO = findTestData("Data Files/URL/URL_relauto"): null

2022-06-09 19:04:21 - [TEST_STEP][PASSED] - Url_Sephora = data_urlRELAUTO.getValue(2, 1): null

2022-06-09 19:04:21 - [TEST_STEP][PASSED] - openBrowser(Url_Sephora): Browser is opened with url: 'http://mdb-release.diadeis.lan/MediaboxIndependence/?MBI_datasource=RELTESTAUTO_SEPHORA'

2022-06-09 19:04:21 - [MESSAGE][INFO] - Starting 'Chrome (headless)' driver

2022-06-09 19:04:21 - [MESSAGE][INFO] - User set preference: ['args', '[--window-size=1920,1080, --headless]']

2022-06-09 19:04:21 - [MESSAGE][INFO] - Action delay is set to 0 milliseconds

2022-06-09 19:04:29 - [MESSAGE][PASSED] - Browser is opened with url: 'http://mdb-release.diadeis.lan/MediaboxIndependence/?MBI_datasource=RELTESTAUTO_SEPHORA'

2022-06-09 19:04:29 - [TEST_STEP][PASSED] - maximizeWindow(): Current window maximized

2022-06-09 19:04:30 - [MESSAGE][PASSED] - Current window maximized

2022-06-09 19:04:30 - [TEST_STEP][PASSED] - takeScreenshot(): Taking screenshot successfully

2022-06-09 19:04:30 - [MESSAGE][PASSED] - Taking screenshot successfully
[[ATTACHMENT|D:\\Projet Test Auto\\Mediabox Test Automation\\Reports\\20220609_181011\\03. Parallel Testing (Testing)\\TS -PT PART 3\\07 Tag Sephora Dreyers _ Empty Group _Lifecycle condition\\20220609_181049\\1654794270168.png]]

2022-06-09 19:04:30 - [TEST_STEP][PASSED] - I.Login_password("emartineau", password_emartineau): Object: 'Object Repository/1. Constant/xpath' is clicked on

2022-06-09 19:04:32 - [MESSAGE][PASSED] - Text 'emartineau' is set on object 'Object Repository/1. Constant/xpath'

2022-06-09 19:04:33 - [MESSAGE][PASSED] - Delayed 1 second(s)

2022-06-09 19:04:34 - [MESSAGE][PASSED] - Text 'dchi3' is set on object 'Object Repository/1. Constant/xpath'

2022-06-09 19:04:35 - [MESSAGE][PASSED] - Delayed 1 second(s)

2022-06-09 19:04:44 - [MESSAGE][PASSED] - Object: 'Object Repository/1. Constant/xpath' is clicked on

2022-06-09 19:04:44 - [TEST_STEP][PASSED] - takeScreenshot(): Taking screenshot successfully

2022-06-09 19:04:45 - [MESSAGE][PASSED] - Taking screenshot successfully
[[ATTACHMENT|D:\\Projet Test Auto\\Mediabox Test Automation\\Reports\\20220609_181011\\03. Parallel Testing (Testing)\\TS -PT PART 3\\07 Tag Sephora Dreyers _ Empty Group _Lifecycle condition\\20220609_181049\\1654794285042.png]]

2022-06-09 19:04:45 - [TEST_STEP][PASSED] - click(findTestObject("1. Constant/02_LHSMenu_Projects")): Object: 'Object Repository/1. Constant/02_LHSMenu_Projects' is clicked on

2022-06-09 19:04:49 - [MESSAGE][PASSED] - Object: 'Object Repository/1. Constant/02_LHSMenu_Projects' is clicked on

2022-06-09 19:04:49 - [TEST_STEP][PASSED] - click(findTestObject("xxx Todelete/3 ProjectListPage_Create_Project_Button")): Object: 'Object Repository/xxx Todelete/3 ProjectListPage_Create_Project_Button' is clicked on

2022-06-09 19:04:51 - [MESSAGE][PASSED] - Object: 'Object Repository/xxx Todelete/3 ProjectListPage_Create_Project_Button' is clicked on

2022-06-09 19:04:51 - [TEST_STEP][PASSED] - takeScreenshot(): Taking screenshot successfully

2022-06-09 19:04:53 - [MESSAGE][PASSED] - Taking screenshot successfully
[[ATTACHMENT|D:\\Projet Test Auto\\Mediabox Test Automation\\Reports\\20220609_181011\\03. Parallel Testing (Testing)\\TS -PT PART 3\\07 Tag Sephora Dreyers _ Empty Group _Lifecycle condition\\20220609_181049\\1654794292366.png]]

2022-06-09 19:04:53 - [TEST_STEP][PASSED] - project_name = "AutoTest_Chrome_EmptyGroup_" + RandomStringUtils.randomAlphanumeric(10) + "_" + I.gettimedate(): null

2022-06-09 19:04:53 - [TEST_STEP][PASSED] - setText(findTestObject("HL Full Lifecycle/4 CreateProjPage_inputProjectname"), project_name): Text 'AutoTest_Chrome_EmptyGroup_08069C7BOE_juin092022_190453' is set on object 'Object Repository/HL Full Lifecycle/4 CreateProjPage_inputProjectname'

2022-06-09 19:04:53 - [MESSAGE][PASSED] - Text 'AutoTest_Chrome_EmptyGroup_08069C7BOE_juin092022_190453' is set on object 'Object Repository/HL Full Lifecycle/4 CreateProjPage_inputProjectname'

2022-06-09 19:04:53 - [TEST_STEP][PASSED] - takeScreenshot(): Taking screenshot successfully

2022-06-09 19:04:54 - [MESSAGE][PASSED] - Taking screenshot successfully
[[ATTACHMENT|D:\\Projet Test Auto\\Mediabox Test Automation\\Reports\\20220609_181011\\03. Parallel Testing (Testing)\\TS -PT PART 3\\07 Tag Sephora Dreyers _ Empty Group _Lifecycle condition\\20220609_181049\\1654794293806.png]]

2022-06-09 19:04:54 - [TEST_STEP][PASSED] - click(findTestObject("HL Full Lifecycle/4 CreateProjPage_Create Project_Bluebutton")): Object: 'Object Repository/HL Full Lifecycle/4 CreateProjPage_Create Project_Bluebutton' is clicked on

2022-06-09 19:04:57 - [MESSAGE][PASSED] - Object: 'Object Repository/HL Full Lifecycle/4 CreateProjPage_Create Project_Bluebutton' is clicked on

2022-06-09 19:04:57 - [TEST_STEP][PASSED] - takeScreenshot(): Taking screenshot successfully

2022-06-09 19:04:58 - [MESSAGE][PASSED] - Taking screenshot successfully
[[ATTACHMENT|D:\\Projet Test Auto\\Mediabox Test Automation\\Reports\\20220609_181011\\03. Parallel Testing (Testing)\\TS -PT PART 3\\07 Tag Sephora Dreyers _ Empty Group _Lifecycle condition\\20220609_181049\\1654794297809.png]]

2022-06-09 19:04:58 - [TEST_STEP][PASSED] - delay(1): Delayed 1 second(s)

2022-06-09 19:04:59 - [MESSAGE][PASSED] - Delayed 1 second(s)

2022-06-09 19:04:59 - [TEST_STEP][PASSED] - click(findTestObject("1. Constant/xpath", ["xpath":"//*[@id="card_phase_group_4294_ModifFiche"]/div[1]/div[2]/a"])): Object: 'Object Repository/1. Constant/xpath' is clicked on

2022-06-09 19:04:59 - [MESSAGE][PASSED] - Object: 'Object Repository/1. Constant/xpath' is clicked on

2022-06-09 19:04:59 - [TEST_STEP][PASSED] - delay(1): Delayed 1 second(s)

2022-06-09 19:05:00 - [MESSAGE][PASSED] - Delayed 1 second(s)

2022-06-09 19:05:00 - [TEST_STEP][PASSED] - verifyElementNotVisible(findTestObject("1. Constant/xpath", ["xpath":"//*[@id="card_phase_group_4294_ModifFiche"]/div[2]"]), OPTIONAL): Object 'Object Repository/1. Constant/xpath' is NOT visible

2022-06-09 19:05:02 - [MESSAGE][PASSED] - Object 'Object Repository/1. Constant/xpath' is NOT visible

2022-06-09 19:05:02 - [TEST_STEP][PASSED] - takeScreenshot(): Taking screenshot successfully

2022-06-09 19:05:02 - [MESSAGE][PASSED] - Taking screenshot successfully
[[ATTACHMENT|D:\\Projet Test Auto\\Mediabox Test Automation\\Reports\\20220609_181011\\03. Parallel Testing (Testing)\\TS -PT PART 3\\07 Tag Sephora Dreyers _ Empty Group _Lifecycle condition\\20220609_181049\\1654794302191.png]]

2022-06-09 19:05:02 - [TEST_STEP][PASSED] - click(findTestObject("1. Constant/xpath", ["xpath":"//*[@id="card_phase_group_4294_ModifFiche"]/div[1]/div[2]/a"])): Object: 'Object Repository/1. Constant/xpath' is clicked on

2022-06-09 19:05:02 - [MESSAGE][PASSED] - Object: 'Object Repository/1. Constant/xpath' is clicked on

2022-06-09 19:05:02 - [TEST_STEP][PASSED] - delay(1): Delayed 1 second(s)

2022-06-09 19:05:03 - [MESSAGE][PASSED] - Delayed 1 second(s)

2022-06-09 19:05:03 - [TEST_STEP][PASSED] - verifyElementVisible(findTestObject("1. Constant/xpath", ["xpath":"//*[@id="card_phase_group_4294_ModifFiche"]/div[2]"]), OPTIONAL): Object 'Object Repository/1. Constant/xpath' is visible

2022-06-09 19:05:03 - [MESSAGE][PASSED] - Object 'Object Repository/1. Constant/xpath' is visible

2022-06-09 19:05:03 - [TEST_STEP][PASSED] - delay(10): Delayed 10 second(s)

2022-06-09 19:05:13 - [MESSAGE][PASSED] - Delayed 10 second(s)

2022-06-09 19:05:13 - [TEST_STEP][PASSED] - takeScreenshot(): Taking screenshot successfully

2022-06-09 19:05:14 - [MESSAGE][PASSED] - Taking screenshot successfully
[[ATTACHMENT|D:\\Projet Test Auto\\Mediabox Test Automation\\Reports\\20220609_181011\\03. Parallel Testing (Testing)\\TS -PT PART 3\\07 Tag Sephora Dreyers _ Empty Group _Lifecycle condition\\20220609_181049\\1654794313952.png]]

2022-06-09 19:05:14 - [TEST_STEP][PASSED] - click(findTestObject("HL Full Lifecycle/5 ModifyProjPage_button_Update")): Object: 'Object Repository/HL Full Lifecycle/5 ModifyProjPage_button_Update' is clicked on

2022-06-09 19:05:17 - [MESSAGE][PASSED] - Object: 'Object Repository/HL Full Lifecycle/5 ModifyProjPage_button_Update' is clicked on

2022-06-09 19:05:17 - [TEST_STEP][PASSED] - Project_No = I.ProjectNo(): Current window's url is: 'http://mdb-release.diadeis.lan/MediaboxIndependence/Base/ExecAction?IDSession=MBI%21RELTESTAUTO_SEPHORA%21CEC8S5GRB5L27RJKB761ARBL3PJCI08L90F7AIB4&default_action=AfficheFichesProjet&id_project=MI001944'

2022-06-09 19:05:22 - [MESSAGE][PASSED] - Delayed 5 second(s)

2022-06-09 19:05:22 - [MESSAGE][PASSED] - Current window's url is: 'http://mdb-release.diadeis.lan/MediaboxIndependence/Base/ExecAction?IDSession=MBI%21RELTESTAUTO_SEPHORA%21CEC8S5GRB5L27RJKB761ARBL3PJCI08L90F7AIB4&default_action=AfficheFichesProjet&id_project=MI001944'

2022-06-09 19:05:22 - [TEST_STEP][PASSED] - click(findTestObject("HL Full Lifecycle/6 ReferenceListPage_createrefbutton")): Object: 'Object Repository/HL Full Lifecycle/6 ReferenceListPage_createrefbutton' is clicked on

2022-06-09 19:05:24 - [MESSAGE][PASSED] - Object: 'Object Repository/HL Full Lifecycle/6 ReferenceListPage_createrefbutton' is clicked on

2022-06-09 19:05:24 - [TEST_STEP][PASSED] - click(findTestObject("HL Full Lifecycle/6 ReferenceListPaga_Create a component_button")): Object: 'Object Repository/HL Full Lifecycle/6 ReferenceListPaga_Create a component_button' is clicked on

2022-06-09 19:05:26 - [MESSAGE][PASSED] - Object: 'Object Repository/HL Full Lifecycle/6 ReferenceListPaga_Create a component_button' is clicked on

2022-06-09 19:05:26 - [TEST_STEP][PASSED] - waitForPageLoad(25): Wait for page load successfully

2022-06-09 19:05:26 - [MESSAGE][PASSED] - Wait for page load successfully

2022-06-09 19:05:26 - [TEST_STEP][PASSED] - selectOptionByValue(findTestObject("HL Full Lifecycle/6 ReferenceList_Choose Lifecycle"), "32", false): All options with value '32' are selected in object 'Object Repository/HL Full Lifecycle/6 ReferenceList_Choose Lifecycle' 

2022-06-09 19:05:28 - [MESSAGE][PASSED] - All options with value '32' are selected in object 'Object Repository/HL Full Lifecycle/6 ReferenceList_Choose Lifecycle' 

2022-06-09 19:05:28 - [TEST_STEP][PASSED] - ref_name = RandomStringUtils.randomAlphanumeric(10) + "_EmptyGroup_" + I.gettimedate(): null

2022-06-09 19:05:28 - [TEST_STEP][PASSED] - setText(findTestObject("HL Full Lifecycle/6 Reference_input_Component name_field"), "Component_" + ref_name): Text 'Component_1AnK8lycQh_EmptyGroup_juin092022_190528' is set on object 'Object Repository/HL Full Lifecycle/6 Reference_input_Component name_field'

2022-06-09 19:05:29 - [MESSAGE][PASSED] - Text 'Component_1AnK8lycQh_EmptyGroup_juin092022_190528' is set on object 'Object Repository/HL Full Lifecycle/6 Reference_input_Component name_field'

2022-06-09 19:05:29 - [TEST_STEP][PASSED] - takeScreenshot(): Taking screenshot successfully

2022-06-09 19:05:30 - [MESSAGE][PASSED] - Taking screenshot successfully
[[ATTACHMENT|D:\\Projet Test Auto\\Mediabox Test Automation\\Reports\\20220609_181011\\03. Parallel Testing (Testing)\\TS -PT PART 3\\07 Tag Sephora Dreyers _ Empty Group _Lifecycle condition\\20220609_181049\\1654794329981.png]]

2022-06-09 19:05:30 - [TEST_STEP][PASSED] - click(findTestObject("HL Full Lifecycle/6 ReferencePg_Create a component_bluebutton")): Object: 'Object Repository/HL Full Lifecycle/6 ReferencePg_Create a component_bluebutton' is clicked on

2022-06-09 19:05:33 - [MESSAGE][PASSED] - Object: 'Object Repository/HL Full Lifecycle/6 ReferencePg_Create a component_bluebutton' is clicked on

2022-06-09 19:05:33 - [TEST_STEP][PASSED] - refID = I.RefID(): Current window's url is: 'http://mdb-release.diadeis.lan/MediaboxIndependence/Base/ExecAction?IDSession=MBI%21RELTESTAUTO_SEPHORA%21CEC8S5GRB5L27RJKB761ARBL3PJCI08L90F7AIB4&default_action=ModifierRef&id_project=MI001944&id_ref=4992&action_from=create_ref'

2022-06-09 19:05:38 - [MESSAGE][PASSED] - Delayed 5 second(s)

2022-06-09 19:05:38 - [MESSAGE][PASSED] - Current window's url is: 'http://mdb-release.diadeis.lan/MediaboxIndependence/Base/ExecAction?IDSession=MBI%21RELTESTAUTO_SEPHORA%21CEC8S5GRB5L27RJKB761ARBL3PJCI08L90F7AIB4&default_action=ModifierRef&id_project=MI001944&id_ref=4992&action_from=create_ref'

2022-06-09 19:05:38 - [TEST_STEP][PASSED] - takeScreenshot(): Taking screenshot successfully

2022-06-09 19:05:39 - [MESSAGE][PASSED] - Taking screenshot successfully
[[ATTACHMENT|D:\\Projet Test Auto\\Mediabox Test Automation\\Reports\\20220609_181011\\03. Parallel Testing (Testing)\\TS -PT PART 3\\07 Tag Sephora Dreyers _ Empty Group _Lifecycle condition\\20220609_181049\\1654794338963.png]]

2022-06-09 19:05:39 - [TEST_STEP][PASSED] - delay(1): Delayed 1 second(s)

2022-06-09 19:05:40 - [MESSAGE][PASSED] - Delayed 1 second(s)

2022-06-09 19:05:40 - [TEST_STEP][PASSED] - click(findTestObject("1. Constant/xpath", ["xpath":"//*[@id="card_phase_group_7196_ModifFiche"]/div[1]/div[2]/a"])): Object: 'Object Repository/1. Constant/xpath' is clicked on

2022-06-09 19:05:41 - [MESSAGE][PASSED] - Object: 'Object Repository/1. Constant/xpath' is clicked on

2022-06-09 19:05:41 - [TEST_STEP][PASSED] - delay(1): Delayed 1 second(s)

2022-06-09 19:05:42 - [MESSAGE][PASSED] - Delayed 1 second(s)

2022-06-09 19:05:42 - [TEST_STEP][PASSED] - verifyElementNotVisible(findTestObject("1. Constant/xpath", ["xpath":"//*[@id="card_phase_group_7196_ModifFiche"]/div[2]"]), OPTIONAL): Object 'Object Repository/1. Constant/xpath' is NOT visible

2022-06-09 19:05:42 - [MESSAGE][PASSED] - Object 'Object Repository/1. Constant/xpath' is NOT visible

2022-06-09 19:05:42 - [TEST_STEP][PASSED] - takeScreenshot(): Taking screenshot successfully

2022-06-09 19:05:42 - [MESSAGE][PASSED] - Taking screenshot successfully
[[ATTACHMENT|D:\\Projet Test Auto\\Mediabox Test Automation\\Reports\\20220609_181011\\03. Parallel Testing (Testing)\\TS -PT PART 3\\07 Tag Sephora Dreyers _ Empty Group _Lifecycle condition\\20220609_181049\\1654794342360.png]]

2022-06-09 19:05:42 - [TEST_STEP][PASSED] - click(findTestObject("1. Constant/xpath", ["xpath":"//*[@id="card_phase_group_7196_ModifFiche"]/div[1]/div[2]/a"])): Object: 'Object Repository/1. Constant/xpath' is clicked on

2022-06-09 19:05:43 - [MESSAGE][PASSED] - Object: 'Object Repository/1. Constant/xpath' is clicked on

2022-06-09 19:05:43 - [TEST_STEP][PASSED] - delay(1): Delayed 1 second(s)

2022-06-09 19:05:44 - [MESSAGE][PASSED] - Delayed 1 second(s)

2022-06-09 19:05:44 - [TEST_STEP][PASSED] - verifyElementVisible(findTestObject("1. Constant/xpath", ["xpath":"//*[@id="card_phase_group_7196_ModifFiche"]/div[2]"]), OPTIONAL): Object 'Object Repository/1. Constant/xpath' is visible

2022-06-09 19:05:44 - [MESSAGE][PASSED] - Object 'Object Repository/1. Constant/xpath' is visible

2022-06-09 19:05:44 - [TEST_STEP][PASSED] - delay(1): Delayed 1 second(s)

2022-06-09 19:05:45 - [MESSAGE][PASSED] - Delayed 1 second(s)

2022-06-09 19:05:45 - [TEST_STEP][PASSED] - takeScreenshot(): Taking screenshot successfully

2022-06-09 19:05:45 - [MESSAGE][PASSED] - Taking screenshot successfully
[[ATTACHMENT|D:\\Projet Test Auto\\Mediabox Test Automation\\Reports\\20220609_181011\\03. Parallel Testing (Testing)\\TS -PT PART 3\\07 Tag Sephora Dreyers _ Empty Group _Lifecycle condition\\20220609_181049\\1654794345316.png]]

2022-06-09 19:05:45 - [TEST_STEP][PASSED] - click(findTestObject("HL Full Lifecycle/7 ModifyRefPage_button_Save")): Object: 'Object Repository/HL Full Lifecycle/7 ModifyRefPage_button_Save' is clicked on

2022-06-09 19:05:48 - [MESSAGE][PASSED] - Object: 'Object Repository/HL Full Lifecycle/7 ModifyRefPage_button_Save' is clicked on

2022-06-09 19:05:48 - [TEST_STEP][PASSED] - delay(3): Delayed 3 second(s)

2022-06-09 19:05:51 - [MESSAGE][PASSED] - Delayed 3 second(s)

2022-06-09 19:05:51 - [TEST_STEP][PASSED] - click(findTestObject("HL Full Lifecycle/8 ReferencePage_ActionButton", ["refID":"source_" + refID])): Object: 'Object Repository/HL Full Lifecycle/8 ReferencePage_ActionButton' is clicked on

2022-06-09 19:05:53 - [MESSAGE][PASSED] - Object: 'Object Repository/HL Full Lifecycle/8 ReferencePage_ActionButton' is clicked on

2022-06-09 19:05:53 - [TEST_STEP][PASSED] - click(findTestObject("Object Repository/TAG/id_ModifFiche_div3_div_button2")): Object: 'Object Repository/TAG/id_ModifFiche_div3_div_button2' is clicked on

2022-06-09 19:05:56 - [MESSAGE][PASSED] - Object: 'Object Repository/TAG/id_ModifFiche_div3_div_button2' is clicked on

2022-06-09 19:05:56 - [TEST_STEP][PASSED] - takeScreenshot(): Taking screenshot successfully

2022-06-09 19:05:56 - [MESSAGE][PASSED] - Taking screenshot successfully
[[ATTACHMENT|D:\\Projet Test Auto\\Mediabox Test Automation\\Reports\\20220609_181011\\03. Parallel Testing (Testing)\\TS -PT PART 3\\07 Tag Sephora Dreyers _ Empty Group _Lifecycle condition\\20220609_181049\\1654794356251.png]]

2022-06-09 19:05:56 - [TEST_STEP][PASSED] - Actual_Error_msg1 = getText(findTestObject("1. Constant/xpath", ["xpath":"//*[@id="cardctrlphase"]/div[2]"])): Text of object 'Object Repository/1. Constant/xpath' is: 'Studio (Project)
This group has no related user
Modify this project'

2022-06-09 19:05:56 - [MESSAGE][PASSED] - Text of object 'Object Repository/1. Constant/xpath' is: 'Studio (Project)
This group has no related user
Modify this project'

2022-06-09 19:05:56 - [TEST_STEP][PASSED] - I.print(Actual_Error_msg1): null

2022-06-09 19:05:56 - [TEST_STEP][PASSED] - Expected_Error_msg1 = "Studio (Project)" + "
" + "This group has no related user" + "
" + "Modify this project": null

2022-06-09 19:05:56 - [TEST_STEP][PASSED] - verifyMatch(Actual_Error_msg1, Expected_Error_msg1, false): Actual text 'Studio (Project)
This group has no related user
Modify this project' and expected text 'Studio (Project)
This group has no related user
Modify this project' are matched 

2022-06-09 19:05:56 - [MESSAGE][PASSED] - Actual text 'Studio (Project)
This group has no related user
Modify this project' and expected text 'Studio (Project)
This group has no related user
Modify this project' are matched 

2022-06-09 19:05:56 - [TEST_STEP][PASSED] - click(findTestObject("1. Constant/xpath", ["xpath":"//*[@id="cardctrlphase"]/div[2]/div[2]/div/a"])): Object: 'Object Repository/1. Constant/xpath' is clicked on

2022-06-09 19:05:59 - [MESSAGE][PASSED] - Object: 'Object Repository/1. Constant/xpath' is clicked on

2022-06-09 19:05:59 - [TEST_STEP][PASSED] - takeScreenshot(): Taking screenshot successfully

2022-06-09 19:05:59 - [MESSAGE][PASSED] - Taking screenshot successfully
[[ATTACHMENT|D:\\Projet Test Auto\\Mediabox Test Automation\\Reports\\20220609_181011\\03. Parallel Testing (Testing)\\TS -PT PART 3\\07 Tag Sephora Dreyers _ Empty Group _Lifecycle condition\\20220609_181049\\1654794359397.png]]

2022-06-09 19:05:59 - [TEST_STEP][PASSED] - delay(1): Delayed 1 second(s)

2022-06-09 19:06:00 - [MESSAGE][PASSED] - Delayed 1 second(s)

2022-06-09 19:06:00 - [TEST_STEP][PASSED] - I.select_multiplelist("//*[@id="selSource_24"]", "//*[@id="btnAdd_24"]", "studio"): Delayed 1 second(s)

2022-06-09 19:06:01 - [MESSAGE][PASSED] - Delayed 1 second(s)

2022-06-09 19:06:01 - [MESSAGE][PASSED] - All options with value 'studio' are selected in object 'Object Repository/1. Constant/xpath' 

2022-06-09 19:06:03 - [MESSAGE][PASSED] - Delayed 2 second(s)

2022-06-09 19:06:04 - [MESSAGE][PASSED] - Object: 'Object Repository/1. Constant/xpath' is clicked on

2022-06-09 19:06:05 - [MESSAGE][PASSED] - Delayed 1 second(s)

2022-06-09 19:06:05 - [TEST_STEP][PASSED] - I.click_button_javascript(findTestObject("1. Constant/xpath", ["xpath":"//*[@id="ModifFiche"]/div[3]/div/button"])): Execute JavaScript 'arguments[0].click()' successfully

2022-06-09 19:06:07 - [MESSAGE][PASSED] - Execute JavaScript 'arguments[0].click()' successfully

2022-06-09 19:06:07 - [TEST_STEP][PASSED] - takeScreenshot(): Taking screenshot successfully

2022-06-09 19:06:07 - [MESSAGE][PASSED] - Taking screenshot successfully
[[ATTACHMENT|D:\\Projet Test Auto\\Mediabox Test Automation\\Reports\\20220609_181011\\03. Parallel Testing (Testing)\\TS -PT PART 3\\07 Tag Sephora Dreyers _ Empty Group _Lifecycle condition\\20220609_181049\\1654794367498.png]]

2022-06-09 19:06:07 - [TEST_STEP][PASSED] - click(findTestObject("HL Full Lifecycle/8 ReferencePage_ActionButton", ["refID":"source_" + refID])): Object: 'Object Repository/HL Full Lifecycle/8 ReferencePage_ActionButton' is clicked on

2022-06-09 19:06:10 - [MESSAGE][PASSED] - Object: 'Object Repository/HL Full Lifecycle/8 ReferencePage_ActionButton' is clicked on

2022-06-09 19:06:10 - [TEST_STEP][PASSED] - click(findTestObject("Object Repository/TAG/id_ModifFiche_div3_div_button2")): Object: 'Object Repository/TAG/id_ModifFiche_div3_div_button2' is clicked on

2022-06-09 19:06:14 - [MESSAGE][PASSED] - Object: 'Object Repository/TAG/id_ModifFiche_div3_div_button2' is clicked on

2022-06-09 19:06:14 - [TEST_STEP][PASSED] - Actual_status1 = getText(findTestObject("Object Repository/TAG/id_refid_td5_span1", ["refID":"source_" + refID])): Text of object 'Object Repository/TAG/id_refid_td5_span1' is: 'Phase 1.2'

2022-06-09 19:06:14 - [MESSAGE][PASSED] - Text of object 'Object Repository/TAG/id_refid_td5_span1' is: 'Phase 1.2'

2022-06-09 19:06:14 - [TEST_STEP][PASSED] - verifyMatch(Actual_status1, "Phase 1.2", false): Actual text 'Phase 1.2' and expected text 'Phase 1.2' are matched 

2022-06-09 19:06:14 - [MESSAGE][PASSED] - Actual text 'Phase 1.2' and expected text 'Phase 1.2' are matched 

2022-06-09 19:06:14 - [TEST_STEP][PASSED] - click(findTestObject("HL Full Lifecycle/8 ReferencePage_ActionButton", ["refID":"source_" + refID])): Object: 'Object Repository/HL Full Lifecycle/8 ReferencePage_ActionButton' is clicked on

2022-06-09 19:06:16 - [MESSAGE][PASSED] - Object: 'Object Repository/HL Full Lifecycle/8 ReferencePage_ActionButton' is clicked on

2022-06-09 19:06:16 - [TEST_STEP][PASSED] - takeScreenshot(): Taking screenshot successfully

2022-06-09 19:06:16 - [MESSAGE][PASSED] - Taking screenshot successfully
[[ATTACHMENT|D:\\Projet Test Auto\\Mediabox Test Automation\\Reports\\20220609_181011\\03. Parallel Testing (Testing)\\TS -PT PART 3\\07 Tag Sephora Dreyers _ Empty Group _Lifecycle condition\\20220609_181049\\1654794376076.png]]

2022-06-09 19:06:16 - [TEST_STEP][PASSED] - click(findTestObject("Object Repository/TAG/id_ModifFiche_div3_div_button2")): Object: 'Object Repository/TAG/id_ModifFiche_div3_div_button2' is clicked on

2022-06-09 19:06:18 - [MESSAGE][PASSED] - Object: 'Object Repository/TAG/id_ModifFiche_div3_div_button2' is clicked on

2022-06-09 19:06:18 - [TEST_STEP][PASSED] - takeScreenshot(): Taking screenshot successfully

2022-06-09 19:06:19 - [MESSAGE][PASSED] - Taking screenshot successfully
[[ATTACHMENT|D:\\Projet Test Auto\\Mediabox Test Automation\\Reports\\20220609_181011\\03. Parallel Testing (Testing)\\TS -PT PART 3\\07 Tag Sephora Dreyers _ Empty Group _Lifecycle condition\\20220609_181049\\1654794379007.png]]

2022-06-09 19:06:19 - [TEST_STEP][PASSED] - Actual_Error_msg2 = getText(findTestObject("1. Constant/xpath", ["xpath":"//*[@id="cardctrlphase"]/div[2]"])): Text of object 'Object Repository/1. Constant/xpath' is: 'Printer_FG
Potential problem with these fields:
Printer (Component)
Modify this component brief'

2022-06-09 19:06:19 - [MESSAGE][PASSED] - Text of object 'Object Repository/1. Constant/xpath' is: 'Printer_FG
Potential problem with these fields:
Printer (Component)
Modify this component brief'

2022-06-09 19:06:19 - [TEST_STEP][PASSED] - I.print(Actual_Error_msg2): null

2022-06-09 19:06:19 - [TEST_STEP][PASSED] - Expected_Error_msg2 = "Printer_FG" + "
" + "Potential problem with these fields:" + "
" + "Printer (Component)" + "
" + "Modify this component brief": null

2022-06-09 19:06:19 - [TEST_STEP][PASSED] - verifyMatch(Actual_Error_msg2, Expected_Error_msg2, false): Actual text 'Printer_FG
Potential problem with these fields:
Printer (Component)
Modify this component brief' and expected text 'Printer_FG
Potential problem with these fields:
Printer (Component)
Modify this component brief' are matched 

2022-06-09 19:06:19 - [MESSAGE][PASSED] - Actual text 'Printer_FG
Potential problem with these fields:
Printer (Component)
Modify this component brief' and expected text 'Printer_FG
Potential problem with these fields:
Printer (Component)
Modify this component brief' are matched 

2022-06-09 19:06:19 - [TEST_STEP][PASSED] - click(findTestObject("1. Constant/xpath", ["xpath":"//*[@id="cardctrlphase"]/div[2]/div[3]/div/a"])): Object: 'Object Repository/1. Constant/xpath' is clicked on

2022-06-09 19:06:20 - [MESSAGE][PASSED] - Object: 'Object Repository/1. Constant/xpath' is clicked on

2022-06-09 19:06:20 - [TEST_STEP][PASSED] - takeScreenshot(): Taking screenshot successfully

2022-06-09 19:06:21 - [MESSAGE][PASSED] - Taking screenshot successfully
[[ATTACHMENT|D:\\Projet Test Auto\\Mediabox Test Automation\\Reports\\20220609_181011\\03. Parallel Testing (Testing)\\TS -PT PART 3\\07 Tag Sephora Dreyers _ Empty Group _Lifecycle condition\\20220609_181049\\1654794380730.png]]

2022-06-09 19:06:21 - [TEST_STEP][PASSED] - delay(1): Delayed 1 second(s)

2022-06-09 19:06:22 - [MESSAGE][PASSED] - Delayed 1 second(s)

2022-06-09 19:06:22 - [TEST_STEP][PASSED] - selectOptionByValue(findTestObject("1. Constant/xpath", ["xpath":"//*[@id="var_18"]"]), "180", false): All options with value '180' are selected in object 'Object Repository/1. Constant/xpath' 

2022-06-09 19:06:22 - [MESSAGE][PASSED] - All options with value '180' are selected in object 'Object Repository/1. Constant/xpath' 

2022-06-09 19:06:22 - [TEST_STEP][PASSED] - click(findTestObject("1. Constant/xpath", ["xpath":"//*[@id="type_save"]"])): Object: 'Object Repository/1. Constant/xpath' is clicked on

2022-06-09 19:06:24 - [MESSAGE][PASSED] - Object: 'Object Repository/1. Constant/xpath' is clicked on

2022-06-09 19:06:24 - [TEST_STEP][PASSED] - click(findTestObject("HL Full Lifecycle/8 ReferencePage_ActionButton", ["refID":"source_" + refID])): Object: 'Object Repository/HL Full Lifecycle/8 ReferencePage_ActionButton' is clicked on

2022-06-09 19:06:26 - [MESSAGE][PASSED] - Object: 'Object Repository/HL Full Lifecycle/8 ReferencePage_ActionButton' is clicked on

2022-06-09 19:06:26 - [TEST_STEP][PASSED] - click(findTestObject("Object Repository/TAG/id_ModifFiche_div3_div_button2")): Object: 'Object Repository/TAG/id_ModifFiche_div3_div_button2' is clicked on

2022-06-09 19:06:31 - [MESSAGE][PASSED] - Object: 'Object Repository/TAG/id_ModifFiche_div3_div_button2' is clicked on

2022-06-09 19:06:31 - [TEST_STEP][PASSED] - takeScreenshot(): Taking screenshot successfully

2022-06-09 19:06:32 - [MESSAGE][PASSED] - Taking screenshot successfully
[[ATTACHMENT|D:\\Projet Test Auto\\Mediabox Test Automation\\Reports\\20220609_181011\\03. Parallel Testing (Testing)\\TS -PT PART 3\\07 Tag Sephora Dreyers _ Empty Group _Lifecycle condition\\20220609_181049\\1654794391828.png]]

2022-06-09 19:06:32 - [TEST_STEP][PASSED] - Actual_status2 = getText(findTestObject("Object Repository/TAG/id_refid_td5_span1", ["refID":"source_" + refID])): Text of object 'Object Repository/TAG/id_refid_td5_span1' is: 'Phase 2.1'

2022-06-09 19:06:32 - [MESSAGE][PASSED] - Text of object 'Object Repository/TAG/id_refid_td5_span1' is: 'Phase 2.1'

2022-06-09 19:06:32 - [TEST_STEP][PASSED] - verifyMatch(Actual_status2, "Phase 2.1", false): Actual text 'Phase 2.1' and expected text 'Phase 2.1' are matched 

2022-06-09 19:06:32 - [MESSAGE][PASSED] - Actual text 'Phase 2.1' and expected text 'Phase 2.1' are matched 

2022-06-09 19:06:32 - [TEST_STEP][PASSED] - takeScreenshot(): Taking screenshot successfully

2022-06-09 19:06:32 - [MESSAGE][PASSED] - Taking screenshot successfully
[[ATTACHMENT|D:\\Projet Test Auto\\Mediabox Test Automation\\Reports\\20220609_181011\\03. Parallel Testing (Testing)\\TS -PT PART 3\\07 Tag Sephora Dreyers _ Empty Group _Lifecycle condition\\20220609_181049\\1654794392491.png]]

2022-06-09 19:06:32 - [TEST_STEP][PASSED] - I.submitquesiton_ref(findTestObject("Object Repository/TAG/id_refid_td7_div_1", ["refID":"source_" + refID]), findTestObject("Object Repository/TAG/id_refid_td7_div1_div_a1", ["refID":"source_" + refID])): Object: 'Object Repository/TAG/id_refid_td7_div1_div_a1' is clicked on

2022-06-09 19:06:33 - [MESSAGE][PASSED] - Object: 'Object Repository/TAG/id_refid_td7_div_1' is clicked on

2022-06-09 19:06:36 - [MESSAGE][PASSED] - Delayed 3 second(s)

2022-06-09 19:06:37 - [MESSAGE][PASSED] - Object: 'Object Repository/TAG/id_refid_td7_div1_div_a1' is clicked on

2022-06-09 19:06:37 - [TEST_STEP][PASSED] - takeScreenshot(): Taking screenshot successfully

2022-06-09 19:06:38 - [MESSAGE][PASSED] - Taking screenshot successfully
[[ATTACHMENT|D:\\Projet Test Auto\\Mediabox Test Automation\\Reports\\20220609_181011\\03. Parallel Testing (Testing)\\TS -PT PART 3\\07 Tag Sephora Dreyers _ Empty Group _Lifecycle condition\\20220609_181049\\1654794397955.png]]

2022-06-09 19:06:38 - [TEST_STEP][PASSED] - selectOptionByValue(findTestObject("1. Constant/xpath", ["xpath":"//*[@id="var_133"]"]), "268", false): All options with value '268' are selected in object 'Object Repository/1. Constant/xpath' 

2022-06-09 19:06:39 - [MESSAGE][PASSED] - All options with value '268' are selected in object 'Object Repository/1. Constant/xpath' 

2022-06-09 19:06:39 - [TEST_STEP][PASSED] - click(findTestObject("Object Repository/TAG/id_ModifFiche_div3_div_button2")): Object: 'Object Repository/TAG/id_ModifFiche_div3_div_button2' is clicked on

2022-06-09 19:06:42 - [MESSAGE][PASSED] - Object: 'Object Repository/TAG/id_ModifFiche_div3_div_button2' is clicked on

2022-06-09 19:06:42 - [TEST_STEP][PASSED] - takeScreenshot(): Taking screenshot successfully

2022-06-09 19:06:42 - [MESSAGE][PASSED] - Taking screenshot successfully
[[ATTACHMENT|D:\\Projet Test Auto\\Mediabox Test Automation\\Reports\\20220609_181011\\03. Parallel Testing (Testing)\\TS -PT PART 3\\07 Tag Sephora Dreyers _ Empty Group _Lifecycle condition\\20220609_181049\\1654794402200.png]]

2022-06-09 19:06:42 - [TEST_STEP][PASSED] - Actual_Error_msg3 = getText(findTestObject("1. Constant/xpath", ["xpath":"//*[@id="cardctrlphase"]/div[2]"])): Text of object 'Object Repository/1. Constant/xpath' is: 'Studio (Project)
Potential problem with these fields:
External agency (Component)
ANAIS LEFEVRE
Modify this component brief'

2022-06-09 19:06:42 - [MESSAGE][PASSED] - Text of object 'Object Repository/1. Constant/xpath' is: 'Studio (Project)
Potential problem with these fields:
External agency (Component)
ANAIS LEFEVRE
Modify this component brief'

2022-06-09 19:06:42 - [TEST_STEP][PASSED] - I.print(Actual_Error_msg3): null

2022-06-09 19:06:42 - [TEST_STEP][PASSED] - Expected_Error_msg3 = "Studio (Project)" + "
" + "Potential problem with these fields:" + "
" + "External agency (Component)" + "
" + "ANAIS LEFEVRE" + "
" + "Modify this component brief": null

2022-06-09 19:06:42 - [TEST_STEP][PASSED] - verifyMatch(Actual_Error_msg3, Expected_Error_msg3, false): Actual text 'Studio (Project)
Potential problem with these fields:
External agency (Component)
ANAIS LEFEVRE
Modify this component brief' and expected text 'Studio (Project)
Potential problem with these fields:
External agency (Component)
ANAIS LEFEVRE
Modify this component brief' are matched 

2022-06-09 19:06:42 - [MESSAGE][PASSED] - Actual text 'Studio (Project)
Potential problem with these fields:
External agency (Component)
ANAIS LEFEVRE
Modify this component brief' and expected text 'Studio (Project)
Potential problem with these fields:
External agency (Component)
ANAIS LEFEVRE
Modify this component brief' are matched 

2022-06-09 19:06:42 - [TEST_STEP][PASSED] - click(findTestObject("1. Constant/xpath", ["xpath":"//*[@id="cardctrlphase"]/div[2]/div[3]/div/a"])): Object: 'Object Repository/1. Constant/xpath' is clicked on

2022-06-09 19:06:44 - [MESSAGE][PASSED] - Object: 'Object Repository/1. Constant/xpath' is clicked on

2022-06-09 19:06:44 - [TEST_STEP][PASSED] - takeScreenshot(): Taking screenshot successfully

2022-06-09 19:06:44 - [MESSAGE][PASSED] - Taking screenshot successfully
[[ATTACHMENT|D:\\Projet Test Auto\\Mediabox Test Automation\\Reports\\20220609_181011\\03. Parallel Testing (Testing)\\TS -PT PART 3\\07 Tag Sephora Dreyers _ Empty Group _Lifecycle condition\\20220609_181049\\1654794404030.png]]

2022-06-09 19:06:44 - [TEST_STEP][PASSED] - delay(1): Delayed 1 second(s)

2022-06-09 19:06:45 - [MESSAGE][PASSED] - Delayed 1 second(s)

2022-06-09 19:06:45 - [TEST_STEP][PASSED] - click(findTestObject("1. Constant/xpath", ["xpath":"//*[@id="type_save"]"])): Object: 'Object Repository/1. Constant/xpath' is clicked on

2022-06-09 19:06:49 - [MESSAGE][PASSED] - Object: 'Object Repository/1. Constant/xpath' is clicked on

2022-06-09 19:06:49 - [TEST_STEP][PASSED] - I.submitquesiton_ref(findTestObject("Object Repository/TAG/id_refid_td7_div_1", ["refID":"source_" + refID]), findTestObject("Object Repository/TAG/id_refid_td7_div1_div_a2", ["refID":"source_" + refID])): Object: 'Object Repository/TAG/id_refid_td7_div1_div_a2' is clicked on

2022-06-09 19:06:49 - [MESSAGE][PASSED] - Object: 'Object Repository/TAG/id_refid_td7_div_1' is clicked on

2022-06-09 19:06:52 - [MESSAGE][PASSED] - Delayed 3 second(s)

2022-06-09 19:06:54 - [MESSAGE][PASSED] - Object: 'Object Repository/TAG/id_refid_td7_div1_div_a2' is clicked on

2022-06-09 19:06:54 - [TEST_STEP][PASSED] - click(findTestObject("Object Repository/TAG/id_ModifFiche_div3_div_button2")): Object: 'Object Repository/TAG/id_ModifFiche_div3_div_button2' is clicked on

2022-06-09 19:06:56 - [MESSAGE][PASSED] - Object: 'Object Repository/TAG/id_ModifFiche_div3_div_button2' is clicked on

2022-06-09 19:06:56 - [TEST_STEP][PASSED] - takeScreenshot(): Taking screenshot successfully

2022-06-09 19:06:57 - [MESSAGE][PASSED] - Taking screenshot successfully
[[ATTACHMENT|D:\\Projet Test Auto\\Mediabox Test Automation\\Reports\\20220609_181011\\03. Parallel Testing (Testing)\\TS -PT PART 3\\07 Tag Sephora Dreyers _ Empty Group _Lifecycle condition\\20220609_181049\\1654794416799.png]]

2022-06-09 19:06:57 - [TEST_STEP][PASSED] - Actual_Error_msg4 = getText(findTestObject("1. Constant/xpath", ["xpath":"//*[@id="cardctrlphase"]/div[2]"])): Text of object 'Object Repository/1. Constant/xpath' is: 'Studio (Project)
Potential problem with these fields:
External agency (Component)
ANAIS LEFEVRE
Modify this component brief'

2022-06-09 19:06:57 - [MESSAGE][PASSED] - Text of object 'Object Repository/1. Constant/xpath' is: 'Studio (Project)
Potential problem with these fields:
External agency (Component)
ANAIS LEFEVRE
Modify this component brief'

2022-06-09 19:06:57 - [TEST_STEP][PASSED] - I.print(Actual_Error_msg4): null

2022-06-09 19:06:57 - [TEST_STEP][PASSED] - Expected_Error_msg4 = "Studio (Project)" + "
" + "Potential problem with these fields:" + "
" + "External agency (Component)" + "
" + "ANAIS LEFEVRE" + "
" + "Modify this component brief": null

2022-06-09 19:06:57 - [TEST_STEP][PASSED] - verifyMatch(Actual_Error_msg4, Expected_Error_msg4, false): Actual text 'Studio (Project)
Potential problem with these fields:
External agency (Component)
ANAIS LEFEVRE
Modify this component brief' and expected text 'Studio (Project)
Potential problem with these fields:
External agency (Component)
ANAIS LEFEVRE
Modify this component brief' are matched 

2022-06-09 19:06:57 - [MESSAGE][PASSED] - Actual text 'Studio (Project)
Potential problem with these fields:
External agency (Component)
ANAIS LEFEVRE
Modify this component brief' and expected text 'Studio (Project)
Potential problem with these fields:
External agency (Component)
ANAIS LEFEVRE
Modify this component brief' are matched 

2022-06-09 19:06:57 - [TEST_STEP][PASSED] - click(findTestObject("1. Constant/xpath", ["xpath":"//*[@id="cardctrlphase"]/div[2]/div[3]/div/a"])): Object: 'Object Repository/1. Constant/xpath' is clicked on

2022-06-09 19:06:58 - [MESSAGE][PASSED] - Object: 'Object Repository/1. Constant/xpath' is clicked on

2022-06-09 19:06:58 - [TEST_STEP][PASSED] - takeScreenshot(): Taking screenshot successfully

2022-06-09 19:06:58 - [MESSAGE][PASSED] - Taking screenshot successfully
[[ATTACHMENT|D:\\Projet Test Auto\\Mediabox Test Automation\\Reports\\20220609_181011\\03. Parallel Testing (Testing)\\TS -PT PART 3\\07 Tag Sephora Dreyers _ Empty Group _Lifecycle condition\\20220609_181049\\1654794418244.png]]

2022-06-09 19:06:58 - [TEST_STEP][PASSED] - delay(1): Delayed 1 second(s)

2022-06-09 19:06:59 - [MESSAGE][PASSED] - Delayed 1 second(s)

2022-06-09 19:06:59 - [TEST_STEP][PASSED] - selectOptionByValue(findTestObject("1. Constant/xpath", ["xpath":"//*[@id="var_133"]"]), "253", false): All options with value '253' are selected in object 'Object Repository/1. Constant/xpath' 

2022-06-09 19:06:59 - [MESSAGE][PASSED] - All options with value '253' are selected in object 'Object Repository/1. Constant/xpath' 

2022-06-09 19:06:59 - [TEST_STEP][PASSED] - click(findTestObject("1. Constant/xpath", ["xpath":"//*[@id="type_save"]"])): Object: 'Object Repository/1. Constant/xpath' is clicked on

2022-06-09 19:07:02 - [MESSAGE][PASSED] - Object: 'Object Repository/1. Constant/xpath' is clicked on

2022-06-09 19:07:02 - [TEST_STEP][PASSED] - I.submitquesiton_ref(findTestObject("Object Repository/TAG/id_refid_td7_div_1", ["refID":"source_" + refID]), findTestObject("Object Repository/TAG/id_refid_td7_div1_div_a2", ["refID":"source_" + refID])): Object: 'Object Repository/TAG/id_refid_td7_div1_div_a2' is clicked on

2022-06-09 19:07:03 - [MESSAGE][PASSED] - Object: 'Object Repository/TAG/id_refid_td7_div_1' is clicked on

2022-06-09 19:07:06 - [MESSAGE][PASSED] - Delayed 3 second(s)

2022-06-09 19:07:07 - [MESSAGE][PASSED] - Object: 'Object Repository/TAG/id_refid_td7_div1_div_a2' is clicked on

2022-06-09 19:07:07 - [TEST_STEP][PASSED] - click(findTestObject("Object Repository/TAG/id_ModifFiche_div3_div_button2")): Object: 'Object Repository/TAG/id_ModifFiche_div3_div_button2' is clicked on

2022-06-09 19:07:13 - [MESSAGE][PASSED] - Object: 'Object Repository/TAG/id_ModifFiche_div3_div_button2' is clicked on

2022-06-09 19:07:13 - [TEST_STEP][PASSED] - takeScreenshot(): Taking screenshot successfully

2022-06-09 19:07:14 - [MESSAGE][PASSED] - Taking screenshot successfully
[[ATTACHMENT|D:\\Projet Test Auto\\Mediabox Test Automation\\Reports\\20220609_181011\\03. Parallel Testing (Testing)\\TS -PT PART 3\\07 Tag Sephora Dreyers _ Empty Group _Lifecycle condition\\20220609_181049\\1654794433903.png]]

2022-06-09 19:07:14 - [TEST_STEP][PASSED] - Actual_status3 = getText(findTestObject("Object Repository/TAG/id_refid_td5_span1", ["refID":"source_" + refID])): Text of object 'Object Repository/TAG/id_refid_td5_span1' is: 'Phase 1.2'

2022-06-09 19:07:14 - [MESSAGE][PASSED] - Text of object 'Object Repository/TAG/id_refid_td5_span1' is: 'Phase 1.2'

2022-06-09 19:07:14 - [TEST_STEP][PASSED] - verifyMatch(Actual_status3, "Phase 1.2", false): Actual text 'Phase 1.2' and expected text 'Phase 1.2' are matched 

2022-06-09 19:07:14 - [MESSAGE][PASSED] - Actual text 'Phase 1.2' and expected text 'Phase 1.2' are matched 

2022-06-09 19:07:14 - [TEST_STEP][PASSED] - click(findTestObject("HL Full Lifecycle/8 ReferencePage_ActionButton", ["refID":"source_" + refID])): Object: 'Object Repository/HL Full Lifecycle/8 ReferencePage_ActionButton' is clicked on

2022-06-09 19:07:16 - [MESSAGE][PASSED] - Object: 'Object Repository/HL Full Lifecycle/8 ReferencePage_ActionButton' is clicked on

2022-06-09 19:07:16 - [TEST_STEP][PASSED] - click(findTestObject("Object Repository/TAG/id_ModifFiche_div3_div_button2")): Object: 'Object Repository/TAG/id_ModifFiche_div3_div_button2' is clicked on

2022-06-09 19:07:20 - [MESSAGE][PASSED] - Object: 'Object Repository/TAG/id_ModifFiche_div3_div_button2' is clicked on

2022-06-09 19:07:20 - [TEST_STEP][PASSED] - takeScreenshot(): Taking screenshot successfully

2022-06-09 19:07:21 - [MESSAGE][PASSED] - Taking screenshot successfully
[[ATTACHMENT|D:\\Projet Test Auto\\Mediabox Test Automation\\Reports\\20220609_181011\\03. Parallel Testing (Testing)\\TS -PT PART 3\\07 Tag Sephora Dreyers _ Empty Group _Lifecycle condition\\20220609_181049\\1654794440949.png]]

2022-06-09 19:07:21 - [TEST_STEP][PASSED] - Actual_status4 = getText(findTestObject("Object Repository/TAG/id_refid_td5_span1", ["refID":"source_" + refID])): Text of object 'Object Repository/TAG/id_refid_td5_span1' is: 'Phase 2.1'

2022-06-09 19:07:21 - [MESSAGE][PASSED] - Text of object 'Object Repository/TAG/id_refid_td5_span1' is: 'Phase 2.1'

2022-06-09 19:07:21 - [TEST_STEP][PASSED] - verifyMatch(Actual_status4, "Phase 2.1", false): Actual text 'Phase 2.1' and expected text 'Phase 2.1' are matched 

2022-06-09 19:07:21 - [MESSAGE][PASSED] - Actual text 'Phase 2.1' and expected text 'Phase 2.1' are matched 

2022-06-09 19:07:21 - [TEST_STEP][PASSED] - takeScreenshot(): Taking screenshot successfully

2022-06-09 19:07:22 - [MESSAGE][PASSED] - Taking screenshot successfully
[[ATTACHMENT|D:\\Projet Test Auto\\Mediabox Test Automation\\Reports\\20220609_181011\\03. Parallel Testing (Testing)\\TS -PT PART 3\\07 Tag Sephora Dreyers _ Empty Group _Lifecycle condition\\20220609_181049\\1654794441835.png]]

2022-06-09 19:07:22 - [TEST_STEP][PASSED] - I.submitquesiton_ref(findTestObject("Object Repository/TAG/id_refid_td7_div_1", ["refID":"source_" + refID]), findTestObject("Object Repository/TAG/id_refid_td7_div1_div_a1", ["refID":"source_" + refID])): Object: 'Object Repository/TAG/id_refid_td7_div1_div_a1' is clicked on

2022-06-09 19:07:23 - [MESSAGE][PASSED] - Object: 'Object Repository/TAG/id_refid_td7_div_1' is clicked on

2022-06-09 19:07:26 - [MESSAGE][PASSED] - Delayed 3 second(s)

2022-06-09 19:07:27 - [MESSAGE][PASSED] - Object: 'Object Repository/TAG/id_refid_td7_div1_div_a1' is clicked on

2022-06-09 19:07:27 - [TEST_STEP][PASSED] - takeScreenshot(): Taking screenshot successfully

2022-06-09 19:07:27 - [MESSAGE][PASSED] - Taking screenshot successfully
[[ATTACHMENT|D:\\Projet Test Auto\\Mediabox Test Automation\\Reports\\20220609_181011\\03. Parallel Testing (Testing)\\TS -PT PART 3\\07 Tag Sephora Dreyers _ Empty Group _Lifecycle condition\\20220609_181049\\1654794447206.png]]

2022-06-09 19:07:27 - [TEST_STEP][PASSED] - click(findTestObject("Object Repository/TAG/id_ModifFiche_div3_div_button2")): Object: 'Object Repository/TAG/id_ModifFiche_div3_div_button2' is clicked on

2022-06-09 19:07:31 - [MESSAGE][PASSED] - Object: 'Object Repository/TAG/id_ModifFiche_div3_div_button2' is clicked on

2022-06-09 19:07:31 - [TEST_STEP][PASSED] - takeScreenshot(): Taking screenshot successfully

2022-06-09 19:07:32 - [MESSAGE][PASSED] - Taking screenshot successfully
[[ATTACHMENT|D:\\Projet Test Auto\\Mediabox Test Automation\\Reports\\20220609_181011\\03. Parallel Testing (Testing)\\TS -PT PART 3\\07 Tag Sephora Dreyers _ Empty Group _Lifecycle condition\\20220609_181049\\1654794451906.png]]

2022-06-09 19:07:32 - [TEST_STEP][PASSED] - Actual_status5 = getText(findTestObject("Object Repository/TAG/id_refid_td5_span", ["refID":"source_" + refID])): Text of object 'Object Repository/TAG/id_refid_td5_span' is: 'Complete'

2022-06-09 19:07:32 - [MESSAGE][PASSED] - Text of object 'Object Repository/TAG/id_refid_td5_span' is: 'Complete'

2022-06-09 19:07:32 - [TEST_STEP][PASSED] - verifyMatch(Actual_status5, "Complete", false): Actual text 'Complete' and expected text 'Complete' are matched 

2022-06-09 19:07:32 - [MESSAGE][PASSED] - Actual text 'Complete' and expected text 'Complete' are matched 

2022-06-09 19:07:32 - [TEST_STEP][PASSED] - closeBrowser(): Browser is closed

2022-06-09 19:07:33 - [MESSAGE][PASSED] - Browser is closed

2022-06-09 19:07:33 - [TEST_STEP][PASSED] - Start listener action : sampleAfterTestCase: null]]></system-out>
         <system-err><![CDATA[]]></system-err>
      </testcase>
      <testcase name="Test Cases/13. Dreyers Lifecycle condition/13.1 Dreyers Lifecycle conditions _ Partial Submission user field P1(16.02)" time="317.487" classname="Test Cases/13. Dreyers Lifecycle condition/13.1 Dreyers Lifecycle conditions _ Partial Submission user field P1(16.02)" status="PASSED">
         <system-out><![CDATA[2022-06-09 19:07:33 - [TEST_CASE][PASSED] - Test Cases/13. Dreyers Lifecycle condition/13.1 Dreyers Lifecycle conditions _ Partial Submission user field P1(16.02): Test Cases/13. Dreyers Lifecycle condition/13.1 Dreyers Lifecycle conditions _ Partial Submission user field P1(16.02)

2022-06-09 19:07:34 - [TEST_STEP][PASSED] - data_Dreyers = findTestData("Data Files/Username_Password/Dreyer"): null

2022-06-09 19:07:34 - [TEST_STEP][PASSED] - password_suser = data_Dreyers.getValue(2, 1): null

2022-06-09 19:07:34 - [TEST_STEP][PASSED] - password_blemco = data_Dreyers.getValue(2, 2): null

2022-06-09 19:07:34 - [TEST_STEP][PASSED] - password_amassoth = data_Dreyers.getValue(2, 3): null

2022-06-09 19:07:34 - [TEST_STEP][PASSED] - password_bharandi = data_Dreyers.getValue(2, 4): null

2022-06-09 19:07:34 - [TEST_STEP][PASSED] - password_mbaughman = data_Dreyers.getValue(2, 5): null

2022-06-09 19:07:34 - [TEST_STEP][PASSED] - data_urlRELAUTO = findTestData("Data Files/URL/URL_relauto"): null

2022-06-09 19:07:34 - [TEST_STEP][PASSED] - Url_Dreyer = data_urlRELAUTO.getValue(2, 4): null

2022-06-09 19:07:34 - [TEST_STEP][PASSED] - I.clearnotepad("D:\Upoad_File\Projet_ Login\Dreyers\13.1\13.1_Dreyers_ProjectNo.txt"): null

2022-06-09 19:07:34 - [TEST_STEP][PASSED] - I.clearnotepad("D:\Upoad_File\Projet_ Login\Dreyers\13.1\13.1_Dreyers_refID_Deliverable(D).txt"): null

2022-06-09 19:07:34 - [TEST_STEP][PASSED] - I.clearnotepad("D:\Upoad_File\Projet_ Login\Dreyers\13.1\13.1_Dreyers_refID_Design(M).txt"): null

2022-06-09 19:07:34 - [TEST_STEP][PASSED] - I.clearnotepad("D:\Upoad_File\Projet_ Login\Dreyers\13.1\13.1_Dreyers_refID_APL(GD).txt"): null

2022-06-09 19:07:34 - [TEST_STEP][PASSED] - I.clearnotepad("D:\Upoad_File\Projet_ Login\Dreyers\13.1\13.1_Dreyers_refID_LI(GD).txt"): null

2022-06-09 19:07:34 - [TEST_STEP][PASSED] - openBrowser(Url_Dreyer): Browser is opened with url: 'http://mdb-release.diadeis.lan/MediaboxIndependence/?MBI_datasource=RELTESTAUTO_DREYERS'

2022-06-09 19:07:34 - [MESSAGE][INFO] - Starting 'Chrome (headless)' driver

2022-06-09 19:07:34 - [MESSAGE][INFO] - User set preference: ['args', '[--window-size=1920,1080, --headless]']

2022-06-09 19:07:34 - [MESSAGE][INFO] - Action delay is set to 0 milliseconds

2022-06-09 19:07:42 - [MESSAGE][PASSED] - Browser is opened with url: 'http://mdb-release.diadeis.lan/MediaboxIndependence/?MBI_datasource=RELTESTAUTO_DREYERS'

2022-06-09 19:07:42 - [TEST_STEP][PASSED] - maximizeWindow(): Current window maximized

2022-06-09 19:07:42 - [MESSAGE][PASSED] - Current window maximized

2022-06-09 19:07:42 - [TEST_STEP][PASSED] - waitForPageLoad(30): Wait for page load successfully

2022-06-09 19:07:42 - [MESSAGE][PASSED] - Wait for page load successfully

2022-06-09 19:07:42 - [TEST_STEP][PASSED] - takeScreenshot(): Taking screenshot successfully

2022-06-09 19:07:43 - [MESSAGE][PASSED] - Taking screenshot successfully
[[ATTACHMENT|D:\\Projet Test Auto\\Mediabox Test Automation\\Reports\\20220609_181011\\03. Parallel Testing (Testing)\\TS -PT PART 3\\07 Tag Sephora Dreyers _ Empty Group _Lifecycle condition\\20220609_181049\\1654794462960.png]]

2022-06-09 19:07:43 - [TEST_STEP][PASSED] - I.Login_password("blemco", password_blemco): Object: 'Object Repository/1. Constant/xpath' is clicked on

2022-06-09 19:07:43 - [MESSAGE][PASSED] - Text 'blemco' is set on object 'Object Repository/1. Constant/xpath'

2022-06-09 19:07:44 - [MESSAGE][PASSED] - Delayed 1 second(s)

2022-06-09 19:07:44 - [MESSAGE][PASSED] - Text 'diadeis1' is set on object 'Object Repository/1. Constant/xpath'

2022-06-09 19:07:45 - [MESSAGE][PASSED] - Delayed 1 second(s)

2022-06-09 19:07:57 - [MESSAGE][PASSED] - Object: 'Object Repository/1. Constant/xpath' is clicked on

2022-06-09 19:07:57 - [TEST_STEP][PASSED] - click(findTestObject("1. Constant/02_LHSMenu_Projects")): Object: 'Object Repository/1. Constant/02_LHSMenu_Projects' is clicked on

2022-06-09 19:08:01 - [MESSAGE][PASSED] - Object: 'Object Repository/1. Constant/02_LHSMenu_Projects' is clicked on

2022-06-09 19:08:01 - [TEST_STEP][PASSED] - click(findTestObject("1. Constant/xpath", ["xpath":"//*[@id="kt_content"]/div[3]/div/div/div[1]/div[2]/a[1]"])): Object: 'Object Repository/1. Constant/xpath' is clicked on

2022-06-09 19:08:05 - [MESSAGE][PASSED] - Object: 'Object Repository/1. Constant/xpath' is clicked on

2022-06-09 19:08:05 - [TEST_STEP][PASSED] - takeScreenshot(): Taking screenshot successfully

2022-06-09 19:08:05 - [MESSAGE][PASSED] - Taking screenshot successfully
[[ATTACHMENT|D:\\Projet Test Auto\\Mediabox Test Automation\\Reports\\20220609_181011\\03. Parallel Testing (Testing)\\TS -PT PART 3\\07 Tag Sephora Dreyers _ Empty Group _Lifecycle condition\\20220609_181049\\1654794485683.png]]

2022-06-09 19:08:05 - [TEST_STEP][PASSED] - I.click_button_javascript(findTestObject("1. Constant/xpath", ["xpath":"//*[@id="field_var_24"]/div/div/label[2]"])): Execute JavaScript 'arguments[0].click()' successfully

2022-06-09 19:08:06 - [MESSAGE][PASSED] - Execute JavaScript 'arguments[0].click()' successfully

2022-06-09 19:08:06 - [TEST_STEP][PASSED] - selectOptionByValue(findTestObject("1. Constant/xpath", ["xpath":"//*[@id="var_89"]"]), "123", false): All options with value '123' are selected in object 'Object Repository/1. Constant/xpath' 

2022-06-09 19:08:06 - [MESSAGE][PASSED] - All options with value '123' are selected in object 'Object Repository/1. Constant/xpath' 

2022-06-09 19:08:06 - [TEST_STEP][PASSED] - I.select_multiplelist("//*[@id="selSource_25"]", "//*[@id="btnAdd_25"]", "blemco"): Delayed 1 second(s)

2022-06-09 19:08:07 - [MESSAGE][PASSED] - Delayed 1 second(s)

2022-06-09 19:08:07 - [MESSAGE][PASSED] - All options with value 'blemco' are selected in object 'Object Repository/1. Constant/xpath' 

2022-06-09 19:08:09 - [MESSAGE][PASSED] - Delayed 2 second(s)

2022-06-09 19:08:11 - [MESSAGE][PASSED] - Object: 'Object Repository/1. Constant/xpath' is clicked on

2022-06-09 19:08:12 - [MESSAGE][PASSED] - Delayed 1 second(s)

2022-06-09 19:08:12 - [TEST_STEP][PASSED] - selectOptionByValue(findTestObject("1. Constant/xpath", ["xpath":"//*[@id="var_9"]"]), "18", false): All options with value '18' are selected in object 'Object Repository/1. Constant/xpath' 

2022-06-09 19:08:14 - [MESSAGE][PASSED] - All options with value '18' are selected in object 'Object Repository/1. Constant/xpath' 

2022-06-09 19:08:14 - [TEST_STEP][PASSED] - selectOptionByValue(findTestObject("1. Constant/xpath", ["xpath":"//*[@id="var_52"]"]), "108", false): All options with value '108' are selected in object 'Object Repository/1. Constant/xpath' 

2022-06-09 19:08:14 - [MESSAGE][PASSED] - All options with value '108' are selected in object 'Object Repository/1. Constant/xpath' 

2022-06-09 19:08:14 - [TEST_STEP][PASSED] - project_name = "Auto_LifecycleCondition_" + RandomStringUtils.randomAlphanumeric(3) + "_" + I.gettimedate(): null

2022-06-09 19:08:14 - [TEST_STEP][PASSED] - setText(findTestObject("1. Constant/xpath", ["xpath":"//*[@id="var_91"]"]), project_name): Text 'Auto_LifecycleCondition_Yv6_juin092022_190814' is set on object 'Object Repository/1. Constant/xpath'

2022-06-09 19:08:14 - [MESSAGE][PASSED] - Text 'Auto_LifecycleCondition_Yv6_juin092022_190814' is set on object 'Object Repository/1. Constant/xpath'

2022-06-09 19:08:14 - [TEST_STEP][PASSED] - selectOptionByValue(findTestObject("1. Constant/xpath", ["xpath":"//*[@id="var_30"]"]), "97", false): All options with value '97' are selected in object 'Object Repository/1. Constant/xpath' 

2022-06-09 19:08:15 - [MESSAGE][PASSED] - All options with value '97' are selected in object 'Object Repository/1. Constant/xpath' 

2022-06-09 19:08:15 - [TEST_STEP][PASSED] - selectOptionByValue(findTestObject("1. Constant/xpath", ["xpath":"//*[@id="var_11"]"]), "334", false): All options with value '334' are selected in object 'Object Repository/1. Constant/xpath' 

2022-06-09 19:08:15 - [MESSAGE][PASSED] - All options with value '334' are selected in object 'Object Repository/1. Constant/xpath' 

2022-06-09 19:08:15 - [TEST_STEP][PASSED] - setText(findTestObject("1. Constant/xpath", ["xpath":"//*[@id="var_22"]"]), "01/01/2030"): Text '01/01/2030' is set on object 'Object Repository/1. Constant/xpath'

2022-06-09 19:08:15 - [MESSAGE][PASSED] - Text '01/01/2030' is set on object 'Object Repository/1. Constant/xpath'

2022-06-09 19:08:15 - [TEST_STEP][PASSED] - setText(findTestObject("1. Constant/xpath", ["xpath":"//*[@id="var_23"]"]), "01/01/2030"): Text '01/01/2030' is set on object 'Object Repository/1. Constant/xpath'

2022-06-09 19:08:16 - [MESSAGE][PASSED] - Text '01/01/2030' is set on object 'Object Repository/1. Constant/xpath'

2022-06-09 19:08:16 - [TEST_STEP][PASSED] - setText(findTestObject("1. Constant/xpath", ["xpath":"//*[@id="var_14"]"]), "01/01/2030"): Text '01/01/2030' is set on object 'Object Repository/1. Constant/xpath'

2022-06-09 19:08:16 - [MESSAGE][PASSED] - Text '01/01/2030' is set on object 'Object Repository/1. Constant/xpath'

2022-06-09 19:08:16 - [TEST_STEP][PASSED] - selectOptionByValue(findTestObject("1. Constant/xpath", ["xpath":"//*[@id="selSource_13"]"]), "mbaughman", false): All options with value 'mbaughman' are selected in object 'Object Repository/1. Constant/xpath' 

2022-06-09 19:08:16 - [MESSAGE][PASSED] - All options with value 'mbaughman' are selected in object 'Object Repository/1. Constant/xpath' 

2022-06-09 19:08:16 - [TEST_STEP][PASSED] - I.select_multiplelist("//*[@id="selSource_13"]", "//*[@id="btnAdd_13"]", "rjaiven"): Delayed 1 second(s)

2022-06-09 19:08:17 - [MESSAGE][PASSED] - Delayed 1 second(s)

2022-06-09 19:08:18 - [MESSAGE][PASSED] - All options with value 'rjaiven' are selected in object 'Object Repository/1. Constant/xpath' 

2022-06-09 19:08:20 - [MESSAGE][PASSED] - Delayed 2 second(s)

2022-06-09 19:08:21 - [MESSAGE][PASSED] - Object: 'Object Repository/1. Constant/xpath' is clicked on

2022-06-09 19:08:22 - [MESSAGE][PASSED] - Delayed 1 second(s)

2022-06-09 19:08:22 - [TEST_STEP][PASSED] - selectOptionByValue(findTestObject("1. Constant/xpath", ["xpath":"//*[@id="selSource_27"]"]), "amassoth", false): All options with value 'amassoth' are selected in object 'Object Repository/1. Constant/xpath' 

2022-06-09 19:08:24 - [MESSAGE][PASSED] - All options with value 'amassoth' are selected in object 'Object Repository/1. Constant/xpath' 

2022-06-09 19:08:24 - [TEST_STEP][PASSED] - I.select_multiplelist("//*[@id="selSource_27"]", "//*[@id="btnAdd_27"]", "nturner"): Delayed 1 second(s)

2022-06-09 19:08:25 - [MESSAGE][PASSED] - Delayed 1 second(s)

2022-06-09 19:08:25 - [MESSAGE][PASSED] - All options with value 'nturner' are selected in object 'Object Repository/1. Constant/xpath' 

2022-06-09 19:08:27 - [MESSAGE][PASSED] - Delayed 2 second(s)

2022-06-09 19:08:27 - [MESSAGE][PASSED] - Object: 'Object Repository/1. Constant/xpath' is clicked on

2022-06-09 19:08:28 - [MESSAGE][PASSED] - Delayed 1 second(s)

2022-06-09 19:08:28 - [TEST_STEP][PASSED] - I.select_multiplelist("//*[@id="selSource_167"]", "//*[@id="btnAdd_167"]", "lmary"): Delayed 1 second(s)

2022-06-09 19:08:29 - [MESSAGE][PASSED] - Delayed 1 second(s)

2022-06-09 19:08:30 - [MESSAGE][PASSED] - All options with value 'lmary' are selected in object 'Object Repository/1. Constant/xpath' 

2022-06-09 19:08:32 - [MESSAGE][PASSED] - Delayed 2 second(s)

2022-06-09 19:08:32 - [MESSAGE][PASSED] - Object: 'Object Repository/1. Constant/xpath' is clicked on

2022-06-09 19:08:34 - [MESSAGE][PASSED] - Delayed 1 second(s)

2022-06-09 19:08:34 - [TEST_STEP][PASSED] - selectOptionByValue(findTestObject("1. Constant/xpath", ["xpath":"//*[@id="selSource_166"]"]), "bbenjamin", false): All options with value 'bbenjamin' are selected in object 'Object Repository/1. Constant/xpath' 

2022-06-09 19:08:34 - [MESSAGE][PASSED] - All options with value 'bbenjamin' are selected in object 'Object Repository/1. Constant/xpath' 

2022-06-09 19:08:34 - [TEST_STEP][PASSED] - I.select_multiplelist("//*[@id="selSource_166"]", "//*[@id="btnAdd_166"]", "lschwabe"): Delayed 1 second(s)

2022-06-09 19:08:35 - [MESSAGE][PASSED] - Delayed 1 second(s)

2022-06-09 19:08:35 - [MESSAGE][PASSED] - All options with value 'lschwabe' are selected in object 'Object Repository/1. Constant/xpath' 

2022-06-09 19:08:37 - [MESSAGE][PASSED] - Delayed 2 second(s)

2022-06-09 19:08:39 - [MESSAGE][PASSED] - Object: 'Object Repository/1. Constant/xpath' is clicked on

2022-06-09 19:08:40 - [MESSAGE][PASSED] - Delayed 1 second(s)

2022-06-09 19:08:40 - [TEST_STEP][PASSED] - I.select_multiplelist("//*[@id="selSource_26"]", "//*[@id="btnAdd_26"]", "talexeeva"): Delayed 1 second(s)

2022-06-09 19:08:41 - [MESSAGE][PASSED] - Delayed 1 second(s)

2022-06-09 19:08:42 - [MESSAGE][PASSED] - All options with value 'talexeeva' are selected in object 'Object Repository/1. Constant/xpath' 

2022-06-09 19:08:44 - [MESSAGE][PASSED] - Delayed 2 second(s)

2022-06-09 19:08:45 - [MESSAGE][PASSED] - Object: 'Object Repository/1. Constant/xpath' is clicked on

2022-06-09 19:08:46 - [MESSAGE][PASSED] - Delayed 1 second(s)

2022-06-09 19:08:46 - [TEST_STEP][PASSED] - selectOptionByValue(findTestObject("1. Constant/xpath", ["xpath":"//*[@id="selSource_29"]"]), "bharandi", false): All options with value 'bharandi' are selected in object 'Object Repository/1. Constant/xpath' 

2022-06-09 19:08:46 - [MESSAGE][PASSED] - All options with value 'bharandi' are selected in object 'Object Repository/1. Constant/xpath' 

2022-06-09 19:08:46 - [TEST_STEP][PASSED] - selectOptionByValue(findTestObject("1. Constant/xpath", ["xpath":"//*[@id="selSource_29"]"]), "bmilhomme", false): All options with value 'bmilhomme' are selected in object 'Object Repository/1. Constant/xpath' 

2022-06-09 19:08:47 - [MESSAGE][PASSED] - All options with value 'bmilhomme' are selected in object 'Object Repository/1. Constant/xpath' 

2022-06-09 19:08:47 - [TEST_STEP][PASSED] - I.select_multiplelist("//*[@id="selSource_29"]", "//*[@id="btnAdd_29"]", "rmorrone_2"): Delayed 1 second(s)

2022-06-09 19:08:48 - [MESSAGE][PASSED] - Delayed 1 second(s)

2022-06-09 19:08:48 - [MESSAGE][PASSED] - All options with value 'rmorrone_2' are selected in object 'Object Repository/1. Constant/xpath' 

2022-06-09 19:08:50 - [MESSAGE][PASSED] - Delayed 2 second(s)

2022-06-09 19:08:52 - [MESSAGE][PASSED] - Object: 'Object Repository/1. Constant/xpath' is clicked on

2022-06-09 19:08:53 - [MESSAGE][PASSED] - Delayed 1 second(s)

2022-06-09 19:08:53 - [TEST_STEP][PASSED] - I.Pagedown(): Execute JavaScript 'window.scrollTo(0, document.body.scrollHeight)' successfully

2022-06-09 19:08:53 - [MESSAGE][PASSED] - Execute JavaScript 'window.scrollTo(0, document.body.scrollHeight)' successfully

2022-06-09 19:08:53 - [TEST_STEP][PASSED] - click(findTestObject("1. Constant/xpath", ["xpath":"//*[@id="ModifFiche"]/div[3]/div/button"])): Object: 'Object Repository/1. Constant/xpath' is clicked on

2022-06-09 19:08:57 - [MESSAGE][PASSED] - Object: 'Object Repository/1. Constant/xpath' is clicked on

2022-06-09 19:08:57 - [TEST_STEP][PASSED] - delay(10): Delayed 10 second(s)

2022-06-09 19:09:07 - [MESSAGE][PASSED] - Delayed 10 second(s)

2022-06-09 19:09:07 - [TEST_STEP][PASSED] - Project_No = I.ProjectNo(): Current window's url is: 'http://mdb-release.diadeis.lan/MediaboxIndependence/Base/ExecAction?IDSession=MBI%21RELTESTAUTO_DREYERS%21XL2HM1J0LY0N5PAZ2JWA7GYYHTGEW10I0V6HJR9I&default_action=AfficheFichesProjet&id_project=MI000877'

2022-06-09 19:09:12 - [MESSAGE][PASSED] - Delayed 5 second(s)

2022-06-09 19:09:12 - [MESSAGE][PASSED] - Current window's url is: 'http://mdb-release.diadeis.lan/MediaboxIndependence/Base/ExecAction?IDSession=MBI%21RELTESTAUTO_DREYERS%21XL2HM1J0LY0N5PAZ2JWA7GYYHTGEW10I0V6HJR9I&default_action=AfficheFichesProjet&id_project=MI000877'

2022-06-09 19:09:12 - [TEST_STEP][PASSED] - takeScreenshot(): Taking screenshot successfully

2022-06-09 19:09:12 - [MESSAGE][PASSED] - Taking screenshot successfully
[[ATTACHMENT|D:\\Projet Test Auto\\Mediabox Test Automation\\Reports\\20220609_181011\\03. Parallel Testing (Testing)\\TS -PT PART 3\\07 Tag Sephora Dreyers _ Empty Group _Lifecycle condition\\20220609_181049\\1654794552481.png]]

2022-06-09 19:09:12 - [TEST_STEP][PASSED] - click(findTestObject("1. Constant/xpath", ["xpath":"//*[@id="create_ref_btn"]/button"])): Object: 'Object Repository/1. Constant/xpath' is clicked on

2022-06-09 19:09:12 - [MESSAGE][PASSED] - Object: 'Object Repository/1. Constant/xpath' is clicked on

2022-06-09 19:09:12 - [TEST_STEP][PASSED] - delay(1): Delayed 1 second(s)

2022-06-09 19:09:13 - [MESSAGE][PASSED] - Delayed 1 second(s)

2022-06-09 19:09:13 - [TEST_STEP][PASSED] - click(findTestObject("1. Constant/xpath", ["xpath":"//*[@id="create_ref_btn"]/div/a"])): Object: 'Object Repository/1. Constant/xpath' is clicked on

2022-06-09 19:09:15 - [MESSAGE][PASSED] - Object: 'Object Repository/1. Constant/xpath' is clicked on

2022-06-09 19:09:15 - [TEST_STEP][PASSED] - ref_name = RandomStringUtils.randomAlphanumeric(5) + "_Auto_" + I.gettimedate(): null

2022-06-09 19:09:15 - [TEST_STEP][PASSED] - setText(findTestObject("1. Constant/xpath", ["xpath":"//*[@id="var_name"]"]), ref_name): Text 'Prx3T_Auto_juin092022_190915' is set on object 'Object Repository/1. Constant/xpath'

2022-06-09 19:09:15 - [MESSAGE][PASSED] - Text 'Prx3T_Auto_juin092022_190915' is set on object 'Object Repository/1. Constant/xpath'

2022-06-09 19:09:15 - [TEST_STEP][PASSED] - click(findTestObject("1. Constant/xpath", ["xpath":"//*[@id="ModifFiche"]/div[2]/div[2]/div/button"])): Object: 'Object Repository/1. Constant/xpath' is clicked on

2022-06-09 19:09:20 - [MESSAGE][PASSED] - Object: 'Object Repository/1. Constant/xpath' is clicked on

2022-06-09 19:09:20 - [TEST_STEP][PASSED] - takeScreenshot(): Taking screenshot successfully

2022-06-09 19:09:20 - [MESSAGE][PASSED] - Taking screenshot successfully
[[ATTACHMENT|D:\\Projet Test Auto\\Mediabox Test Automation\\Reports\\20220609_181011\\03. Parallel Testing (Testing)\\TS -PT PART 3\\07 Tag Sephora Dreyers _ Empty Group _Lifecycle condition\\20220609_181049\\1654794560380.png]]

2022-06-09 19:09:20 - [TEST_STEP][PASSED] - delay(1): Delayed 1 second(s)

2022-06-09 19:09:21 - [MESSAGE][PASSED] - Delayed 1 second(s)

2022-06-09 19:09:21 - [TEST_STEP][PASSED] - click(findTestObject("1. Constant/xpath", ["xpath":"/html/body/div[1]/div[2]/div[4]/div[3]/div/div[2]/div[2]/div[1]/table/tbody/tr/td[6]/a"])): Object: 'Object Repository/1. Constant/xpath' is clicked on

2022-06-09 19:09:24 - [MESSAGE][PASSED] - Object: 'Object Repository/1. Constant/xpath' is clicked on

2022-06-09 19:09:24 - [TEST_STEP][PASSED] - refID = I.RefID(): Current window's url is: 'http://mdb-release.diadeis.lan/MediaboxIndependence/Base/ExecAction?action=VoirRef&IDSession=MBI!RELTESTAUTO_DREYERS!XL2HM1J0LY0N5PAZ2JWA7GYYHTGEW10I0V6HJR9I&num=2B5KSFYV7Q&id_ref=5248'

2022-06-09 19:09:29 - [MESSAGE][PASSED] - Delayed 5 second(s)

2022-06-09 19:09:29 - [MESSAGE][PASSED] - Current window's url is: 'http://mdb-release.diadeis.lan/MediaboxIndependence/Base/ExecAction?action=VoirRef&IDSession=MBI!RELTESTAUTO_DREYERS!XL2HM1J0LY0N5PAZ2JWA7GYYHTGEW10I0V6HJR9I&num=2B5KSFYV7Q&id_ref=5248'

2022-06-09 19:09:29 - [TEST_STEP][PASSED] - refID_daughter1 = Integer.parseInt(refID) + 1: null

2022-06-09 19:09:29 - [TEST_STEP][PASSED] - refID_LI = Integer.parseInt(refID) + 2: null

2022-06-09 19:09:29 - [TEST_STEP][PASSED] - refID_APL = Integer.parseInt(refID) + 3: null

2022-06-09 19:09:29 - [TEST_STEP][PASSED] - I.print(refID): null

2022-06-09 19:09:29 - [TEST_STEP][PASSED] - I.print(refID_daughter1): null

2022-06-09 19:09:29 - [TEST_STEP][PASSED] - click(findTestObject("1. Constant/xpath", ["xpath":"//*[@id="kt_subheader"]/div/nav/ol/li[2]/a"])): Object: 'Object Repository/1. Constant/xpath' is clicked on

2022-06-09 19:09:31 - [MESSAGE][PASSED] - Object: 'Object Repository/1. Constant/xpath' is clicked on

2022-06-09 19:09:31 - [TEST_STEP][PASSED] - lifecyclestatus1 = getText(findTestObject("1. Constant/xpath", ["xpath":"//*[@id="source_" + refID + ""]/td[12]/span"])): Text of object 'Object Repository/1. Constant/xpath' is: 'Complete'

2022-06-09 19:09:31 - [MESSAGE][PASSED] - Text of object 'Object Repository/1. Constant/xpath' is: 'Complete'

2022-06-09 19:09:31 - [TEST_STEP][PASSED] - verifyMatch(lifecyclestatus1, "Complete", false): Actual text 'Complete' and expected text 'Complete' are matched 

2022-06-09 19:09:31 - [MESSAGE][PASSED] - Actual text 'Complete' and expected text 'Complete' are matched 

2022-06-09 19:09:31 - [TEST_STEP][PASSED] - click(findTestObject("TAG/id_refid_td13_a", ["refID":"source_" + refID])): Object: 'Object Repository/TAG/id_refid_td13_a' is clicked on

2022-06-09 19:09:35 - [MESSAGE][PASSED] - Object: 'Object Repository/TAG/id_refid_td13_a' is clicked on

2022-06-09 19:09:35 - [TEST_STEP][PASSED] - click(findTestObject("1. Constant/xpath", ["xpath":"//*[@id="type_save"]"])): Object: 'Object Repository/1. Constant/xpath' is clicked on

2022-06-09 19:09:40 - [MESSAGE][PASSED] - Object: 'Object Repository/1. Constant/xpath' is clicked on

2022-06-09 19:09:40 - [TEST_STEP][PASSED] - click(findTestObject("1. Constant/xpath", ["xpath":"//*[@id="source_" + refID_daughter1 + ""]/td[15]/a[2]"])): Object: 'Object Repository/1. Constant/xpath' is clicked on

2022-06-09 19:09:41 - [MESSAGE][PASSED] - Object: 'Object Repository/1. Constant/xpath' is clicked on

2022-06-09 19:09:41 - [TEST_STEP][PASSED] - takeScreenshot(): Taking screenshot successfully

2022-06-09 19:09:42 - [MESSAGE][PASSED] - Taking screenshot successfully
[[ATTACHMENT|D:\\Projet Test Auto\\Mediabox Test Automation\\Reports\\20220609_181011\\03. Parallel Testing (Testing)\\TS -PT PART 3\\07 Tag Sephora Dreyers _ Empty Group _Lifecycle condition\\20220609_181049\\1654794582386.png]]

2022-06-09 19:09:42 - [TEST_STEP][PASSED] - delay(1): Delayed 1 second(s)

2022-06-09 19:09:43 - [MESSAGE][PASSED] - Delayed 1 second(s)

2022-06-09 19:09:43 - [TEST_STEP][PASSED] - setText(findTestObject("1. Constant/xpath", ["xpath":"//*[@id="var_137"]"]), "Auto_Daughter_1"): Text 'Auto_Daughter_1' is set on object 'Object Repository/1. Constant/xpath'

2022-06-09 19:09:44 - [MESSAGE][PASSED] - Text 'Auto_Daughter_1' is set on object 'Object Repository/1. Constant/xpath'

2022-06-09 19:09:44 - [TEST_STEP][PASSED] - click(findTestObject("1. Constant/xpath", ["xpath":"//*[@id="field_var_90"]/div/div/label[1]"])): Object: 'Object Repository/1. Constant/xpath' is clicked on

2022-06-09 19:09:44 - [MESSAGE][PASSED] - Object: 'Object Repository/1. Constant/xpath' is clicked on

2022-06-09 19:09:44 - [TEST_STEP][PASSED] - click(findTestObject("1. Constant/xpath", ["xpath":"//*[@id="field_var_155"]/div/div/label[1]"])): Object: 'Object Repository/1. Constant/xpath' is clicked on

2022-06-09 19:09:44 - [MESSAGE][PASSED] - Object: 'Object Repository/1. Constant/xpath' is clicked on

2022-06-09 19:09:44 - [TEST_STEP][PASSED] - selectOptionByValue(findTestObject("1. Constant/xpath", ["xpath":"//*[@id="var_15"]"]), "77", false): All options with value '77' are selected in object 'Object Repository/1. Constant/xpath' 

2022-06-09 19:09:45 - [MESSAGE][PASSED] - All options with value '77' are selected in object 'Object Repository/1. Constant/xpath' 

2022-06-09 19:09:45 - [TEST_STEP][PASSED] - selectOptionByValue(findTestObject("1. Constant/xpath", ["xpath":"//*[@id="var_17"]"]), "153", false): All options with value '153' are selected in object 'Object Repository/1. Constant/xpath' 

2022-06-09 19:09:45 - [MESSAGE][PASSED] - All options with value '153' are selected in object 'Object Repository/1. Constant/xpath' 

2022-06-09 19:09:45 - [TEST_STEP][PASSED] - selectOptionByValue(findTestObject("1. Constant/xpath", ["xpath":"//*[@id="var_106"]"]), "145", false): All options with value '145' are selected in object 'Object Repository/1. Constant/xpath' 

2022-06-09 19:09:45 - [MESSAGE][PASSED] - All options with value '145' are selected in object 'Object Repository/1. Constant/xpath' 

2022-06-09 19:09:45 - [TEST_STEP][PASSED] - I.click_button_javascript(findTestObject("1. Constant/xpath", ["xpath":"//*[@id="ModifFiche"]/div[1]/div/button[2]"])): Execute JavaScript 'arguments[0].click()' successfully

2022-06-09 19:09:52 - [MESSAGE][PASSED] - Execute JavaScript 'arguments[0].click()' successfully

2022-06-09 19:09:52 - [TEST_STEP][PASSED] - takeScreenshot(): Taking screenshot successfully

2022-06-09 19:09:52 - [MESSAGE][PASSED] - Taking screenshot successfully
[[ATTACHMENT|D:\\Projet Test Auto\\Mediabox Test Automation\\Reports\\20220609_181011\\03. Parallel Testing (Testing)\\TS -PT PART 3\\07 Tag Sephora Dreyers _ Empty Group _Lifecycle condition\\20220609_181049\\1654794592645.png]]

2022-06-09 19:09:52 - [TEST_STEP][PASSED] - lifecyclestatus2 = getText(findTestObject("1. Constant/xpath", ["xpath":"//*[@id="source_" + refID_daughter1 + ""]/td[16]/span[1]"])): Text of object 'Object Repository/1. Constant/xpath' is: 'Waiting for APL and LI'

2022-06-09 19:09:53 - [MESSAGE][PASSED] - Text of object 'Object Repository/1. Constant/xpath' is: 'Waiting for APL and LI'

2022-06-09 19:09:53 - [TEST_STEP][PASSED] - verifyMatch(lifecyclestatus2, "Waiting for APL and LI", false): Actual text 'Waiting for APL and LI' and expected text 'Waiting for APL and LI' are matched 

2022-06-09 19:09:53 - [MESSAGE][PASSED] - Actual text 'Waiting for APL and LI' and expected text 'Waiting for APL and LI' are matched 

2022-06-09 19:09:53 - [TEST_STEP][PASSED] - delay(1): Delayed 1 second(s)

2022-06-09 19:09:54 - [MESSAGE][PASSED] - Delayed 1 second(s)

2022-06-09 19:09:54 - [TEST_STEP][PASSED] - click(findTestObject("1. Constant/xpath", ["xpath":"//*[@id="ancre_" + refID_APL + ""]/a"])): Object: 'Object Repository/1. Constant/xpath' is clicked on

2022-06-09 19:09:56 - [MESSAGE][PASSED] - Object: 'Object Repository/1. Constant/xpath' is clicked on

2022-06-09 19:09:56 - [TEST_STEP][PASSED] - toastr1 = getText(findTestObject("1. Constant/xpath", ["xpath":"//*[@id="toast-container"]/div/div[2]"])): Text of object 'Object Repository/1. Constant/xpath' is: 'The condition 'Label Information Complete' is not matched'

2022-06-09 19:09:56 - [MESSAGE][PASSED] - Text of object 'Object Repository/1. Constant/xpath' is: 'The condition 'Label Information Complete' is not matched'

2022-06-09 19:09:56 - [TEST_STEP][PASSED] - verifyMatch(toastr1, "The condition 'Label Information Complete' is not matched", false): Actual text 'The condition 'Label Information Complete' is not matched' and expected text 'The condition 'Label Information Complete' is not matched' are matched 

2022-06-09 19:09:56 - [MESSAGE][PASSED] - Actual text 'The condition 'Label Information Complete' is not matched' and expected text 'The condition 'Label Information Complete' is not matched' are matched 

2022-06-09 19:09:56 - [TEST_STEP][PASSED] - I.print(toastr1): null

2022-06-09 19:09:56 - [TEST_STEP][PASSED] - takeScreenshot(): Taking screenshot successfully

2022-06-09 19:09:57 - [MESSAGE][PASSED] - Taking screenshot successfully
[[ATTACHMENT|D:\\Projet Test Auto\\Mediabox Test Automation\\Reports\\20220609_181011\\03. Parallel Testing (Testing)\\TS -PT PART 3\\07 Tag Sephora Dreyers _ Empty Group _Lifecycle condition\\20220609_181049\\1654794596907.png]]

2022-06-09 19:09:57 - [TEST_STEP][PASSED] - lifecyclestatus3 = getText(findTestObject("1. Constant/xpath", ["xpath":"//*[@id="source_" + refID_daughter1 + ""]/td[16]/span[1]"])): Text of object 'Object Repository/1. Constant/xpath' is: 'Waiting for APL and LI'

2022-06-09 19:09:57 - [MESSAGE][PASSED] - Text of object 'Object Repository/1. Constant/xpath' is: 'Waiting for APL and LI'

2022-06-09 19:09:57 - [TEST_STEP][PASSED] - verifyMatch(lifecyclestatus3, "Waiting for APL and LI", false): Actual text 'Waiting for APL and LI' and expected text 'Waiting for APL and LI' are matched 

2022-06-09 19:09:57 - [MESSAGE][PASSED] - Actual text 'Waiting for APL and LI' and expected text 'Waiting for APL and LI' are matched 

2022-06-09 19:09:57 - [TEST_STEP][PASSED] - I.Logout(): Delayed 3 second(s)

2022-06-09 19:10:00 - [MESSAGE][PASSED] - Delayed 3 second(s)

2022-06-09 19:10:00 - [MESSAGE][PASSED] - Object: 'Object Repository/1. Constant/xpath' is clicked on

2022-06-09 19:10:03 - [MESSAGE][PASSED] - Delayed 3 second(s)

2022-06-09 19:10:06 - [MESSAGE][PASSED] - Object: 'Object Repository/1. Constant/xpath' is clicked on

2022-06-09 19:10:09 - [MESSAGE][PASSED] - Delayed 3 second(s)

2022-06-09 19:10:09 - [TEST_STEP][PASSED] - I.Login_password("amassoth", password_amassoth): Object: 'Object Repository/1. Constant/xpath' is clicked on

2022-06-09 19:10:09 - [MESSAGE][PASSED] - Text 'amassoth' is set on object 'Object Repository/1. Constant/xpath'

2022-06-09 19:10:10 - [MESSAGE][PASSED] - Delayed 1 second(s)

2022-06-09 19:10:10 - [MESSAGE][PASSED] - Text 'diadeis' is set on object 'Object Repository/1. Constant/xpath'

2022-06-09 19:10:11 - [MESSAGE][PASSED] - Delayed 1 second(s)

2022-06-09 19:10:15 - [MESSAGE][PASSED] - Object: 'Object Repository/1. Constant/xpath' is clicked on

2022-06-09 19:10:15 - [TEST_STEP][PASSED] - click(findTestObject("1. Constant/02_LHSMenu_Projects")): Object: 'Object Repository/1. Constant/02_LHSMenu_Projects' is clicked on

2022-06-09 19:10:18 - [MESSAGE][PASSED] - Object: 'Object Repository/1. Constant/02_LHSMenu_Projects' is clicked on

2022-06-09 19:10:18 - [TEST_STEP][PASSED] - I.SearchProjectNo(Project_No, findTestObject("HL Full Lifecycle/9 Filter_Button_Apply")): Delayed 5 second(s)

2022-06-09 19:10:19 - [MESSAGE][PASSED] - Text 'MI000877' is set on object 'Object Repository/1. Constant/xpath'

2022-06-09 19:10:22 - [MESSAGE][PASSED] - Delayed 3 second(s)

2022-06-09 19:10:25 - [MESSAGE][PASSED] - Object: 'Object Repository/HL Full Lifecycle/9 Filter_Button_Apply' is clicked on

2022-06-09 19:10:30 - [MESSAGE][PASSED] - Delayed 5 second(s)

2022-06-09 19:10:30 - [TEST_STEP][PASSED] - takeScreenshot(): Taking screenshot successfully

2022-06-09 19:10:30 - [MESSAGE][PASSED] - Taking screenshot successfully
[[ATTACHMENT|D:\\Projet Test Auto\\Mediabox Test Automation\\Reports\\20220609_181011\\03. Parallel Testing (Testing)\\TS -PT PART 3\\07 Tag Sephora Dreyers _ Empty Group _Lifecycle condition\\20220609_181049\\1654794630507.png]]

2022-06-09 19:10:30 - [TEST_STEP][PASSED] - delay(1): Delayed 1 second(s)

2022-06-09 19:10:31 - [MESSAGE][PASSED] - Delayed 1 second(s)

2022-06-09 19:10:31 - [TEST_STEP][PASSED] - click(findTestObject("1. Constant/xpath", ["xpath":"//*[@id="source_" + refID_LI + ""]/td[17]/a[2]"])): Object: 'Object Repository/1. Constant/xpath' is clicked on

2022-06-09 19:10:34 - [MESSAGE][PASSED] - Object: 'Object Repository/1. Constant/xpath' is clicked on

2022-06-09 19:10:34 - [TEST_STEP][PASSED] - click(findTestObject("1. Constant/xpath", ["xpath":"//*[@id="ModifFiche"]/div[1]/div/button[2]"])): Object: 'Object Repository/1. Constant/xpath' is clicked on

2022-06-09 19:10:39 - [MESSAGE][PASSED] - Object: 'Object Repository/1. Constant/xpath' is clicked on

2022-06-09 19:10:39 - [TEST_STEP][PASSED] - lifecyclestatus4 = getText(findTestObject("1. Constant/xpath", ["xpath":"//*[@id="source_" + refID + ""]/td[16]/span[1]"])): Text of object 'Object Repository/1. Constant/xpath' is: 'Complete'

2022-06-09 19:10:39 - [MESSAGE][PASSED] - Text of object 'Object Repository/1. Constant/xpath' is: 'Complete'

2022-06-09 19:10:39 - [TEST_STEP][PASSED] - verifyMatch(lifecyclestatus4, "Complete", false): Actual text 'Complete' and expected text 'Complete' are matched 

2022-06-09 19:10:39 - [MESSAGE][PASSED] - Actual text 'Complete' and expected text 'Complete' are matched 

2022-06-09 19:10:39 - [TEST_STEP][PASSED] - lifecyclestatus5 = getText(findTestObject("1. Constant/xpath", ["xpath":"//*[@id="source_" + refID_LI + ""]/td[16]/span[1]"])): Text of object 'Object Repository/1. Constant/xpath' is: 'Information  Input'

2022-06-09 19:10:39 - [MESSAGE][PASSED] - Text of object 'Object Repository/1. Constant/xpath' is: 'Information  Input'

2022-06-09 19:10:39 - [TEST_STEP][PASSED] - verifyMatch(lifecyclestatus5, "Information  Input", false): Actual text 'Information  Input' and expected text 'Information  Input' are matched 

2022-06-09 19:10:39 - [MESSAGE][PASSED] - Actual text 'Information  Input' and expected text 'Information  Input' are matched 

2022-06-09 19:10:39 - [TEST_STEP][PASSED] - I.Logout(): Delayed 3 second(s)

2022-06-09 19:10:42 - [MESSAGE][PASSED] - Delayed 3 second(s)

2022-06-09 19:10:43 - [MESSAGE][PASSED] - Object: 'Object Repository/1. Constant/xpath' is clicked on

2022-06-09 19:10:46 - [MESSAGE][PASSED] - Delayed 3 second(s)

2022-06-09 19:10:48 - [MESSAGE][PASSED] - Object: 'Object Repository/1. Constant/xpath' is clicked on

2022-06-09 19:10:51 - [MESSAGE][PASSED] - Delayed 3 second(s)

2022-06-09 19:10:51 - [TEST_STEP][PASSED] - I.Login_password("bharandi", password_bharandi): Object: 'Object Repository/1. Constant/xpath' is clicked on

2022-06-09 19:10:52 - [MESSAGE][PASSED] - Text 'bharandi' is set on object 'Object Repository/1. Constant/xpath'

2022-06-09 19:10:53 - [MESSAGE][PASSED] - Delayed 1 second(s)

2022-06-09 19:10:53 - [MESSAGE][PASSED] - Text 'diadeis' is set on object 'Object Repository/1. Constant/xpath'

2022-06-09 19:10:54 - [MESSAGE][PASSED] - Delayed 1 second(s)

2022-06-09 19:10:57 - [MESSAGE][PASSED] - Object: 'Object Repository/1. Constant/xpath' is clicked on

2022-06-09 19:10:57 - [TEST_STEP][PASSED] - click(findTestObject("1. Constant/02_LHSMenu_Projects")): Object: 'Object Repository/1. Constant/02_LHSMenu_Projects' is clicked on

2022-06-09 19:10:59 - [MESSAGE][PASSED] - Object: 'Object Repository/1. Constant/02_LHSMenu_Projects' is clicked on

2022-06-09 19:10:59 - [TEST_STEP][PASSED] - I.SearchProjectNo(Project_No, findTestObject("HL Full Lifecycle/9 Filter_Button_Apply")): Delayed 5 second(s)

2022-06-09 19:11:00 - [MESSAGE][PASSED] - Text 'MI000877' is set on object 'Object Repository/1. Constant/xpath'

2022-06-09 19:11:03 - [MESSAGE][PASSED] - Delayed 3 second(s)

2022-06-09 19:11:05 - [MESSAGE][PASSED] - Object: 'Object Repository/HL Full Lifecycle/9 Filter_Button_Apply' is clicked on

2022-06-09 19:11:10 - [MESSAGE][PASSED] - Delayed 5 second(s)

2022-06-09 19:11:10 - [TEST_STEP][PASSED] - takeScreenshot(): Taking screenshot successfully

2022-06-09 19:11:11 - [MESSAGE][PASSED] - Taking screenshot successfully
[[ATTACHMENT|D:\\Projet Test Auto\\Mediabox Test Automation\\Reports\\20220609_181011\\03. Parallel Testing (Testing)\\TS -PT PART 3\\07 Tag Sephora Dreyers _ Empty Group _Lifecycle condition\\20220609_181049\\1654794670727.png]]

2022-06-09 19:11:11 - [TEST_STEP][PASSED] - delay(1): Delayed 1 second(s)

2022-06-09 19:11:12 - [MESSAGE][PASSED] - Delayed 1 second(s)

2022-06-09 19:11:12 - [TEST_STEP][PASSED] - click(findTestObject("1. Constant/xpath", ["xpath":"//*[@id="source_" + refID_LI + ""]/td[17]/a[2]"])): Object: 'Object Repository/1. Constant/xpath' is clicked on

2022-06-09 19:11:13 - [MESSAGE][PASSED] - Object: 'Object Repository/1. Constant/xpath' is clicked on

2022-06-09 19:11:13 - [TEST_STEP][PASSED] - click(findTestObject("1. Constant/xpath", ["xpath":"//*[@id="ModifFiche"]/div[1]/div/button[2]"])): Object: 'Object Repository/1. Constant/xpath' is clicked on

2022-06-09 19:11:17 - [MESSAGE][PASSED] - Object: 'Object Repository/1. Constant/xpath' is clicked on

2022-06-09 19:11:17 - [TEST_STEP][PASSED] - lifecyclestatus9 = getText(findTestObject("1. Constant/xpath", ["xpath":"//*[@id="source_" + refID_daughter1 + ""]/td[16]/span[1]"])): Text of object 'Object Repository/1. Constant/xpath' is: 'Waiting for APL and LI'

2022-06-09 19:11:17 - [MESSAGE][PASSED] - Text of object 'Object Repository/1. Constant/xpath' is: 'Waiting for APL and LI'

2022-06-09 19:11:17 - [TEST_STEP][PASSED] - verifyMatch(lifecyclestatus9, "Waiting for APL and LI", false): Actual text 'Waiting for APL and LI' and expected text 'Waiting for APL and LI' are matched 

2022-06-09 19:11:17 - [MESSAGE][PASSED] - Actual text 'Waiting for APL and LI' and expected text 'Waiting for APL and LI' are matched 

2022-06-09 19:11:17 - [TEST_STEP][PASSED] - lifecyclestatus6 = getText(findTestObject("1. Constant/xpath", ["xpath":"//*[@id="source_" + refID_LI + ""]/td[16]/span[1]"])): Text of object 'Object Repository/1. Constant/xpath' is: 'Information  Input'

2022-06-09 19:11:17 - [MESSAGE][PASSED] - Text of object 'Object Repository/1. Constant/xpath' is: 'Information  Input'

2022-06-09 19:11:17 - [TEST_STEP][PASSED] - verifyMatch(lifecyclestatus6, "Information  Input", false): Actual text 'Information  Input' and expected text 'Information  Input' are matched 

2022-06-09 19:11:17 - [MESSAGE][PASSED] - Actual text 'Information  Input' and expected text 'Information  Input' are matched 

2022-06-09 19:11:17 - [TEST_STEP][PASSED] - I.Logout(): Delayed 3 second(s)

2022-06-09 19:11:20 - [MESSAGE][PASSED] - Delayed 3 second(s)

2022-06-09 19:11:21 - [MESSAGE][PASSED] - Object: 'Object Repository/1. Constant/xpath' is clicked on

2022-06-09 19:11:24 - [MESSAGE][PASSED] - Delayed 3 second(s)

2022-06-09 19:11:25 - [MESSAGE][PASSED] - Object: 'Object Repository/1. Constant/xpath' is clicked on

2022-06-09 19:11:28 - [MESSAGE][PASSED] - Delayed 3 second(s)

2022-06-09 19:11:28 - [TEST_STEP][PASSED] - I.Login_password("blemco", password_blemco): Object: 'Object Repository/1. Constant/xpath' is clicked on

2022-06-09 19:11:29 - [MESSAGE][PASSED] - Text 'blemco' is set on object 'Object Repository/1. Constant/xpath'

2022-06-09 19:11:30 - [MESSAGE][PASSED] - Delayed 1 second(s)

2022-06-09 19:11:30 - [MESSAGE][PASSED] - Text 'diadeis1' is set on object 'Object Repository/1. Constant/xpath'

2022-06-09 19:11:31 - [MESSAGE][PASSED] - Delayed 1 second(s)

2022-06-09 19:11:35 - [MESSAGE][PASSED] - Object: 'Object Repository/1. Constant/xpath' is clicked on

2022-06-09 19:11:35 - [TEST_STEP][PASSED] - click(findTestObject("1. Constant/02_LHSMenu_Projects")): Object: 'Object Repository/1. Constant/02_LHSMenu_Projects' is clicked on

2022-06-09 19:11:39 - [MESSAGE][PASSED] - Object: 'Object Repository/1. Constant/02_LHSMenu_Projects' is clicked on

2022-06-09 19:11:39 - [TEST_STEP][PASSED] - I.SearchProjectNo(Project_No, findTestObject("HL Full Lifecycle/9 Filter_Button_Apply")): Delayed 5 second(s)

2022-06-09 19:11:42 - [MESSAGE][PASSED] - Text 'MI000877' is set on object 'Object Repository/1. Constant/xpath'

2022-06-09 19:11:45 - [MESSAGE][PASSED] - Delayed 3 second(s)

2022-06-09 19:11:47 - [MESSAGE][PASSED] - Object: 'Object Repository/HL Full Lifecycle/9 Filter_Button_Apply' is clicked on

2022-06-09 19:11:52 - [MESSAGE][PASSED] - Delayed 5 second(s)

2022-06-09 19:11:52 - [TEST_STEP][PASSED] - takeScreenshot(): Taking screenshot successfully

2022-06-09 19:11:53 - [MESSAGE][PASSED] - Taking screenshot successfully
[[ATTACHMENT|D:\\Projet Test Auto\\Mediabox Test Automation\\Reports\\20220609_181011\\03. Parallel Testing (Testing)\\TS -PT PART 3\\07 Tag Sephora Dreyers _ Empty Group _Lifecycle condition\\20220609_181049\\1654794713065.png]]

2022-06-09 19:11:53 - [TEST_STEP][PASSED] - click(findTestObject("1. Constant/xpath", ["xpath":"//*[@id="ancre_" + refID_APL + ""]/a"])): Object: 'Object Repository/1. Constant/xpath' is clicked on

2022-06-09 19:11:56 - [MESSAGE][PASSED] - Object: 'Object Repository/1. Constant/xpath' is clicked on

2022-06-09 19:11:56 - [TEST_STEP][PASSED] - toastr2 = getText(findTestObject("1. Constant/xpath", ["xpath":"//*[@id="toast-container"]/div/div[2]"])): Text of object 'Object Repository/1. Constant/xpath' is: 'The condition 'Label Information Complete' is not matched'

2022-06-09 19:11:56 - [MESSAGE][PASSED] - Text of object 'Object Repository/1. Constant/xpath' is: 'The condition 'Label Information Complete' is not matched'

2022-06-09 19:11:56 - [TEST_STEP][PASSED] - verifyMatch(toastr2, "The condition 'Label Information Complete' is not matched", false): Actual text 'The condition 'Label Information Complete' is not matched' and expected text 'The condition 'Label Information Complete' is not matched' are matched 

2022-06-09 19:11:56 - [MESSAGE][PASSED] - Actual text 'The condition 'Label Information Complete' is not matched' and expected text 'The condition 'Label Information Complete' is not matched' are matched 

2022-06-09 19:11:56 - [TEST_STEP][PASSED] - I.print(toastr2): null

2022-06-09 19:11:56 - [TEST_STEP][PASSED] - takeScreenshot(): Taking screenshot successfully

2022-06-09 19:11:57 - [MESSAGE][PASSED] - Taking screenshot successfully
[[ATTACHMENT|D:\\Projet Test Auto\\Mediabox Test Automation\\Reports\\20220609_181011\\03. Parallel Testing (Testing)\\TS -PT PART 3\\07 Tag Sephora Dreyers _ Empty Group _Lifecycle condition\\20220609_181049\\1654794716898.png]]

2022-06-09 19:11:57 - [TEST_STEP][PASSED] - I.Logout(): Delayed 3 second(s)

2022-06-09 19:12:00 - [MESSAGE][PASSED] - Delayed 3 second(s)

2022-06-09 19:12:00 - [MESSAGE][PASSED] - Object: 'Object Repository/1. Constant/xpath' is clicked on

2022-06-09 19:12:03 - [MESSAGE][PASSED] - Delayed 3 second(s)

2022-06-09 19:12:05 - [MESSAGE][PASSED] - Object: 'Object Repository/1. Constant/xpath' is clicked on

2022-06-09 19:12:08 - [MESSAGE][PASSED] - Delayed 3 second(s)

2022-06-09 19:12:08 - [TEST_STEP][PASSED] - I.Login_password("mbaughman", password_mbaughman): Object: 'Object Repository/1. Constant/xpath' is clicked on

2022-06-09 19:12:08 - [MESSAGE][PASSED] - Text 'mbaughman' is set on object 'Object Repository/1. Constant/xpath'

2022-06-09 19:12:09 - [MESSAGE][PASSED] - Delayed 1 second(s)

2022-06-09 19:12:10 - [MESSAGE][PASSED] - Text 'diadeis' is set on object 'Object Repository/1. Constant/xpath'

2022-06-09 19:12:11 - [MESSAGE][PASSED] - Delayed 1 second(s)

2022-06-09 19:12:13 - [MESSAGE][PASSED] - Object: 'Object Repository/1. Constant/xpath' is clicked on

2022-06-09 19:12:13 - [TEST_STEP][PASSED] - click(findTestObject("1. Constant/02_LHSMenu_Projects")): Object: 'Object Repository/1. Constant/02_LHSMenu_Projects' is clicked on

2022-06-09 19:12:19 - [MESSAGE][PASSED] - Object: 'Object Repository/1. Constant/02_LHSMenu_Projects' is clicked on

2022-06-09 19:12:19 - [TEST_STEP][PASSED] - I.SearchProjectNo(Project_No, findTestObject("HL Full Lifecycle/9 Filter_Button_Apply")): Delayed 5 second(s)

2022-06-09 19:12:20 - [MESSAGE][PASSED] - Text 'MI000877' is set on object 'Object Repository/1. Constant/xpath'

2022-06-09 19:12:23 - [MESSAGE][PASSED] - Delayed 3 second(s)

2022-06-09 19:12:25 - [MESSAGE][PASSED] - Object: 'Object Repository/HL Full Lifecycle/9 Filter_Button_Apply' is clicked on

2022-06-09 19:12:30 - [MESSAGE][PASSED] - Delayed 5 second(s)

2022-06-09 19:12:30 - [TEST_STEP][PASSED] - takeScreenshot(): Taking screenshot successfully

2022-06-09 19:12:30 - [MESSAGE][PASSED] - Taking screenshot successfully
[[ATTACHMENT|D:\\Projet Test Auto\\Mediabox Test Automation\\Reports\\20220609_181011\\03. Parallel Testing (Testing)\\TS -PT PART 3\\07 Tag Sephora Dreyers _ Empty Group _Lifecycle condition\\20220609_181049\\1654794750724.png]]

2022-06-09 19:12:30 - [TEST_STEP][PASSED] - click(findTestObject("1. Constant/xpath", ["xpath":"//*[@id="source_" + refID_LI + ""]/td[18]/a[2]"])): Object: 'Object Repository/1. Constant/xpath' is clicked on

2022-06-09 19:12:32 - [MESSAGE][PASSED] - Object: 'Object Repository/1. Constant/xpath' is clicked on

2022-06-09 19:12:32 - [TEST_STEP][PASSED] - click(findTestObject("1. Constant/xpath", ["xpath":"//*[@id="ModifFiche"]/div[1]/div/button[2]"])): Object: 'Object Repository/1. Constant/xpath' is clicked on

2022-06-09 19:12:37 - [MESSAGE][PASSED] - Object: 'Object Repository/1. Constant/xpath' is clicked on

2022-06-09 19:12:37 - [TEST_STEP][PASSED] - lifecyclestatus8 = getText(findTestObject("1. Constant/xpath", ["xpath":"//*[@id="source_" + refID_daughter1 + ""]/td[16]/span[1]"])): Text of object 'Object Repository/1. Constant/xpath' is: 'Artwork Upload'

2022-06-09 19:12:37 - [MESSAGE][PASSED] - Text of object 'Object Repository/1. Constant/xpath' is: 'Artwork Upload'

2022-06-09 19:12:37 - [TEST_STEP][PASSED] - verifyMatch(lifecyclestatus8, "Artwork Upload", false): Actual text 'Artwork Upload' and expected text 'Artwork Upload' are matched 

2022-06-09 19:12:37 - [MESSAGE][PASSED] - Actual text 'Artwork Upload' and expected text 'Artwork Upload' are matched 

2022-06-09 19:12:37 - [TEST_STEP][PASSED] - lifecyclestatus7 = getText(findTestObject("1. Constant/xpath", ["xpath":"//*[@id="source_" + refID_LI + ""]/td[16]/span"])): Text of object 'Object Repository/1. Constant/xpath' is: 'Complete'

2022-06-09 19:12:38 - [MESSAGE][PASSED] - Text of object 'Object Repository/1. Constant/xpath' is: 'Complete'

2022-06-09 19:12:38 - [TEST_STEP][PASSED] - verifyMatch(lifecyclestatus7, "Complete", false): Actual text 'Complete' and expected text 'Complete' are matched 

2022-06-09 19:12:38 - [MESSAGE][PASSED] - Actual text 'Complete' and expected text 'Complete' are matched 

2022-06-09 19:12:38 - [TEST_STEP][PASSED] - I.Logout(): Delayed 3 second(s)

2022-06-09 19:12:41 - [MESSAGE][PASSED] - Delayed 3 second(s)

2022-06-09 19:12:41 - [MESSAGE][PASSED] - Object: 'Object Repository/1. Constant/xpath' is clicked on

2022-06-09 19:12:44 - [MESSAGE][PASSED] - Delayed 3 second(s)

2022-06-09 19:12:46 - [MESSAGE][PASSED] - Object: 'Object Repository/1. Constant/xpath' is clicked on

2022-06-09 19:12:49 - [MESSAGE][PASSED] - Delayed 3 second(s)

2022-06-09 19:12:49 - [TEST_STEP][PASSED] - I.writenotepad("D:\Upoad_File\Projet_ Login\Dreyers\13.1\13.1_Dreyers_ProjectNo.txt", Project_No): null

2022-06-09 19:12:50 - [TEST_STEP][PASSED] - I.writenotepad("D:\Upoad_File\Projet_ Login\Dreyers\13.1\13.1_Dreyers_refID_Deliverable(D).txt", refID_daughter1): null

2022-06-09 19:12:50 - [TEST_STEP][PASSED] - I.writenotepad("D:\Upoad_File\Projet_ Login\Dreyers\13.1\13.1_Dreyers_refID_Design(M).txt", refID): null

2022-06-09 19:12:50 - [TEST_STEP][PASSED] - I.writenotepad("D:\Upoad_File\Projet_ Login\Dreyers\13.1\13.1_Dreyers_refID_APL(GD).txt", refID_APL): null

2022-06-09 19:12:50 - [TEST_STEP][PASSED] - I.writenotepad("D:\Upoad_File\Projet_ Login\Dreyers\13.1\13.1_Dreyers_refID_LI(GD).txt", refID_LI): null

2022-06-09 19:12:50 - [TEST_STEP][PASSED] - closeBrowser(): Browser is closed

2022-06-09 19:12:50 - [MESSAGE][PASSED] - Browser is closed

2022-06-09 19:12:50 - [TEST_STEP][PASSED] - Start listener action : sampleAfterTestCase: null]]></system-out>
         <system-err><![CDATA[]]></system-err>
      </testcase>
      <testcase name="Test Cases/16 Support action (Completed ref)/16.02 Dreyers Support action Add Step _ Partial Submis(Completed ref) 13.01 P2" time="350.105" classname="Test Cases/16 Support action (Completed ref)/16.02 Dreyers Support action Add Step _ Partial Submis(Completed ref) 13.01 P2" status="PASSED">
         <system-out><![CDATA[2022-06-09 19:12:50 - [TEST_CASE][PASSED] - Test Cases/16 Support action (Completed ref)/16.02 Dreyers Support action Add Step _ Partial Submis(Completed ref) 13.01 P2: Test Cases/16 Support action (Completed ref)/16.02 Dreyers Support action Add Step _ Partial Submis(Completed ref) 13.01 P2

2022-06-09 19:12:51 - [TEST_STEP][PASSED] - data_Dreyers = findTestData("Data Files/Username_Password/Dreyer"): null

2022-06-09 19:12:51 - [TEST_STEP][PASSED] - password_suser = data_Dreyers.getValue(2, 1): null

2022-06-09 19:12:52 - [TEST_STEP][PASSED] - password_blemco = data_Dreyers.getValue(2, 2): null

2022-06-09 19:12:52 - [TEST_STEP][PASSED] - password_amassoth = data_Dreyers.getValue(2, 3): null

2022-06-09 19:12:52 - [TEST_STEP][PASSED] - password_bharandi = data_Dreyers.getValue(2, 4): null

2022-06-09 19:12:52 - [TEST_STEP][PASSED] - password_mbaughman = data_Dreyers.getValue(2, 5): null

2022-06-09 19:12:52 - [TEST_STEP][PASSED] - password_nturner = data_Dreyers.getValue(2, 6): null

2022-06-09 19:12:52 - [TEST_STEP][PASSED] - password_talexeeva = data_Dreyers.getValue(2, 7): null

2022-06-09 19:12:52 - [TEST_STEP][PASSED] - password_bmilhomme = data_Dreyers.getValue(2, 8): null

2022-06-09 19:12:52 - [TEST_STEP][PASSED] - password_rjaiven = data_Dreyers.getValue(2, 9): null

2022-06-09 19:12:52 - [TEST_STEP][PASSED] - data_urlRELAUTO = findTestData("Data Files/URL/URL_relauto"): null

2022-06-09 19:12:52 - [TEST_STEP][PASSED] - Url_Dreyer = data_urlRELAUTO.getValue(2, 4): null

2022-06-09 19:12:52 - [TEST_STEP][PASSED] - Project_No = I.readnotepad("D:\Upoad_File\Projet_ Login\Dreyers\13.1\13.1_Dreyers_ProjectNo.txt"): null

2022-06-09 19:12:52 - [TEST_STEP][PASSED] - refID = I.readnotepad("D:\Upoad_File\Projet_ Login\Dreyers\13.1\13.1_Dreyers_refID_Design(M).txt"): null

2022-06-09 19:12:52 - [TEST_STEP][PASSED] - refID_daughter1 = I.readnotepad("D:\Upoad_File\Projet_ Login\Dreyers\13.1\13.1_Dreyers_refID_Deliverable(D).txt"): null

2022-06-09 19:12:52 - [TEST_STEP][PASSED] - refID_APL = I.readnotepad("D:\Upoad_File\Projet_ Login\Dreyers\13.1\13.1_Dreyers_refID_APL(GD).txt"): null

2022-06-09 19:12:52 - [TEST_STEP][PASSED] - refID_LI = I.readnotepad("D:\Upoad_File\Projet_ Login\Dreyers\13.1\13.1_Dreyers_refID_LI(GD).txt"): null

2022-06-09 19:12:52 - [TEST_STEP][PASSED] - openBrowser(Url_Dreyer): Browser is opened with url: 'http://mdb-release.diadeis.lan/MediaboxIndependence/?MBI_datasource=RELTESTAUTO_DREYERS'

2022-06-09 19:12:52 - [MESSAGE][INFO] - Starting 'Chrome (headless)' driver

2022-06-09 19:12:52 - [MESSAGE][INFO] - User set preference: ['args', '[--window-size=1920,1080, --headless]']

2022-06-09 19:12:52 - [MESSAGE][INFO] - Action delay is set to 0 milliseconds

2022-06-09 19:13:01 - [MESSAGE][PASSED] - Browser is opened with url: 'http://mdb-release.diadeis.lan/MediaboxIndependence/?MBI_datasource=RELTESTAUTO_DREYERS'

2022-06-09 19:13:01 - [TEST_STEP][PASSED] - maximizeWindow(): Current window maximized

2022-06-09 19:13:02 - [MESSAGE][PASSED] - Current window maximized

2022-06-09 19:13:02 - [TEST_STEP][PASSED] - waitForPageLoad(30): Wait for page load successfully

2022-06-09 19:13:02 - [MESSAGE][PASSED] - Wait for page load successfully

2022-06-09 19:13:02 - [TEST_STEP][PASSED] - takeScreenshot(): Taking screenshot successfully

2022-06-09 19:13:02 - [MESSAGE][PASSED] - Taking screenshot successfully
[[ATTACHMENT|D:\\Projet Test Auto\\Mediabox Test Automation\\Reports\\20220609_181011\\03. Parallel Testing (Testing)\\TS -PT PART 3\\07 Tag Sephora Dreyers _ Empty Group _Lifecycle condition\\20220609_181049\\1654794782084.png]]

2022-06-09 19:13:02 - [TEST_STEP][PASSED] - I.Login_password("blemco", password_blemco): Object: 'Object Repository/1. Constant/xpath' is clicked on

2022-06-09 19:13:02 - [MESSAGE][PASSED] - Text 'blemco' is set on object 'Object Repository/1. Constant/xpath'

2022-06-09 19:13:03 - [MESSAGE][PASSED] - Delayed 1 second(s)

2022-06-09 19:13:04 - [MESSAGE][PASSED] - Text 'diadeis1' is set on object 'Object Repository/1. Constant/xpath'

2022-06-09 19:13:05 - [MESSAGE][PASSED] - Delayed 1 second(s)

2022-06-09 19:13:17 - [MESSAGE][PASSED] - Object: 'Object Repository/1. Constant/xpath' is clicked on

2022-06-09 19:13:17 - [TEST_STEP][PASSED] - takeScreenshot(): Taking screenshot successfully

2022-06-09 19:13:18 - [MESSAGE][PASSED] - Taking screenshot successfully
[[ATTACHMENT|D:\\Projet Test Auto\\Mediabox Test Automation\\Reports\\20220609_181011\\03. Parallel Testing (Testing)\\TS -PT PART 3\\07 Tag Sephora Dreyers _ Empty Group _Lifecycle condition\\20220609_181049\\1654794797897.png]]

2022-06-09 19:13:18 - [TEST_STEP][PASSED] - click(findTestObject("1. Constant/02_LHSMenu_Projects")): Object: 'Object Repository/1. Constant/02_LHSMenu_Projects' is clicked on

2022-06-09 19:13:22 - [MESSAGE][PASSED] - Object: 'Object Repository/1. Constant/02_LHSMenu_Projects' is clicked on

2022-06-09 19:13:22 - [TEST_STEP][PASSED] - I.SearchProjectNo(Project_No, findTestObject("1. Constant/xpath", ["xpath":"//*[@id="form_filters"]/div[4]/button"])): Delayed 5 second(s)

2022-06-09 19:13:23 - [MESSAGE][PASSED] - Text 'MI000877' is set on object 'Object Repository/1. Constant/xpath'

2022-06-09 19:13:26 - [MESSAGE][PASSED] - Delayed 3 second(s)

2022-06-09 19:13:30 - [MESSAGE][PASSED] - Object: 'Object Repository/1. Constant/xpath' is clicked on

2022-06-09 19:13:35 - [MESSAGE][PASSED] - Delayed 5 second(s)

2022-06-09 19:13:35 - [TEST_STEP][PASSED] - delay(1): Delayed 1 second(s)

2022-06-09 19:13:36 - [MESSAGE][PASSED] - Delayed 1 second(s)

2022-06-09 19:13:36 - [TEST_STEP][PASSED] - takeScreenshot(): Taking screenshot successfully

2022-06-09 19:13:37 - [MESSAGE][PASSED] - Taking screenshot successfully
[[ATTACHMENT|D:\\Projet Test Auto\\Mediabox Test Automation\\Reports\\20220609_181011\\03. Parallel Testing (Testing)\\TS -PT PART 3\\07 Tag Sephora Dreyers _ Empty Group _Lifecycle condition\\20220609_181049\\1654794816783.png]]

2022-06-09 19:13:37 - [TEST_STEP][PASSED] - mouseOver(findTestObject("1. Constant/xpath", ["xpath":"//*[@id="source_" + refID_LI + ""]/td[17]/div[1]/button"])): Object: 'Object Repository/1. Constant/xpath' is hovered

2022-06-09 19:13:38 - [MESSAGE][PASSED] - Object: 'Object Repository/1. Constant/xpath' is hovered

2022-06-09 19:13:38 - [TEST_STEP][PASSED] - delay(1): Delayed 1 second(s)

2022-06-09 19:13:39 - [MESSAGE][PASSED] - Delayed 1 second(s)

2022-06-09 19:13:39 - [TEST_STEP][PASSED] - takeScreenshot(): Taking screenshot successfully

2022-06-09 19:13:39 - [MESSAGE][PASSED] - Taking screenshot successfully
[[ATTACHMENT|D:\\Projet Test Auto\\Mediabox Test Automation\\Reports\\20220609_181011\\03. Parallel Testing (Testing)\\TS -PT PART 3\\07 Tag Sephora Dreyers _ Empty Group _Lifecycle condition\\20220609_181049\\1654794819210.png]]

2022-06-09 19:13:39 - [TEST_STEP][PASSED] - delay(2): Delayed 2 second(s)

2022-06-09 19:13:41 - [MESSAGE][PASSED] - Delayed 2 second(s)

2022-06-09 19:13:41 - [TEST_STEP][PASSED] - Actual_SAS1 = getText(findTestObject("1. Constant/xpath", ["xpath":"/html/body/div[9]/div[2]"])): Text of object 'Object Repository/1. Constant/xpath' is: 'Support action shortcuts'

2022-06-09 19:13:41 - [MESSAGE][PASSED] - Text of object 'Object Repository/1. Constant/xpath' is: 'Support action shortcuts'

2022-06-09 19:13:41 - [TEST_STEP][PASSED] - verifyMatch(Actual_SAS1, "Support action shortcuts", false): Actual text 'Support action shortcuts' and expected text 'Support action shortcuts' are matched 

2022-06-09 19:13:41 - [MESSAGE][PASSED] - Actual text 'Support action shortcuts' and expected text 'Support action shortcuts' are matched 

2022-06-09 19:13:41 - [TEST_STEP][PASSED] - click(findTestObject("1. Constant/xpath", ["xpath":"//*[@id="source_" + refID_LI + ""]/td[10]/a"])): Object: 'Object Repository/1. Constant/xpath' is clicked on

2022-06-09 19:13:44 - [MESSAGE][PASSED] - Object: 'Object Repository/1. Constant/xpath' is clicked on

2022-06-09 19:13:44 - [TEST_STEP][PASSED] - click(findTestObject("1. Constant/xpath", ["xpath":"//*[@id="kt_content"]/div[3]/div/ul/li[3]/a"])): Object: 'Object Repository/1. Constant/xpath' is clicked on

2022-06-09 19:13:47 - [MESSAGE][PASSED] - Object: 'Object Repository/1. Constant/xpath' is clicked on

2022-06-09 19:13:47 - [TEST_STEP][PASSED] - takeScreenshot(): Taking screenshot successfully

2022-06-09 19:13:48 - [MESSAGE][PASSED] - Taking screenshot successfully
[[ATTACHMENT|D:\\Projet Test Auto\\Mediabox Test Automation\\Reports\\20220609_181011\\03. Parallel Testing (Testing)\\TS -PT PART 3\\07 Tag Sephora Dreyers _ Empty Group _Lifecycle condition\\20220609_181049\\1654794828073.png]]

2022-06-09 19:13:48 - [TEST_STEP][PASSED] - delay(2): Delayed 2 second(s)

2022-06-09 19:13:50 - [MESSAGE][PASSED] - Delayed 2 second(s)

2022-06-09 19:13:50 - [TEST_STEP][PASSED] - click(findTestObject("1. Constant/xpath", ["xpath":"/html/body/div[1]/div[2]/div[8]/div[3]/div/div[3]/div[3]/div/ul/li/a"])): Object: 'Object Repository/1. Constant/xpath' is clicked on

2022-06-09 19:13:50 - [MESSAGE][PASSED] - Object: 'Object Repository/1. Constant/xpath' is clicked on

2022-06-09 19:13:50 - [TEST_STEP][PASSED] - delay(1): Delayed 1 second(s)

2022-06-09 19:13:51 - [MESSAGE][PASSED] - Delayed 1 second(s)

2022-06-09 19:13:51 - [TEST_STEP][PASSED] - takeScreenshot(): Taking screenshot successfully

2022-06-09 19:13:52 - [MESSAGE][PASSED] - Taking screenshot successfully
[[ATTACHMENT|D:\\Projet Test Auto\\Mediabox Test Automation\\Reports\\20220609_181011\\03. Parallel Testing (Testing)\\TS -PT PART 3\\07 Tag Sephora Dreyers _ Empty Group _Lifecycle condition\\20220609_181049\\1654794831838.png]]

2022-06-09 19:13:52 - [TEST_STEP][PASSED] - delay(1): Delayed 1 second(s)

2022-06-09 19:13:53 - [MESSAGE][PASSED] - Delayed 1 second(s)

2022-06-09 19:13:53 - [TEST_STEP][PASSED] - mouseOver(findTestObject("1. Constant/xpath", ["xpath":"/html/body/div[1]/div[2]/div[8]/div[3]/div/div[3]/div[3]/div/div/div/div/div/div/div[1]/div[2]/div/button"])): Object: 'Object Repository/1. Constant/xpath' is hovered

2022-06-09 19:13:53 - [MESSAGE][PASSED] - Object: 'Object Repository/1. Constant/xpath' is hovered

2022-06-09 19:13:53 - [TEST_STEP][PASSED] - delay(1): Delayed 1 second(s)

2022-06-09 19:13:54 - [MESSAGE][PASSED] - Delayed 1 second(s)

2022-06-09 19:13:54 - [TEST_STEP][PASSED] - takeScreenshot(): Taking screenshot successfully

2022-06-09 19:13:55 - [MESSAGE][PASSED] - Taking screenshot successfully
[[ATTACHMENT|D:\\Projet Test Auto\\Mediabox Test Automation\\Reports\\20220609_181011\\03. Parallel Testing (Testing)\\TS -PT PART 3\\07 Tag Sephora Dreyers _ Empty Group _Lifecycle condition\\20220609_181049\\1654794834929.png]]

2022-06-09 19:13:55 - [TEST_STEP][PASSED] - delay(1): Delayed 1 second(s)

2022-06-09 19:13:56 - [MESSAGE][PASSED] - Delayed 1 second(s)

2022-06-09 19:13:56 - [TEST_STEP][PASSED] - Actual_SAS = getText(findTestObject("1. Constant/xpath", ["xpath":"/html/body/div[9]/div[2]"])): Text of object 'Object Repository/1. Constant/xpath' is: 'Support action shortcuts'

2022-06-09 19:13:56 - [MESSAGE][PASSED] - Text of object 'Object Repository/1. Constant/xpath' is: 'Support action shortcuts'

2022-06-09 19:13:56 - [TEST_STEP][PASSED] - verifyMatch(Actual_SAS, "Support action shortcuts", false): Actual text 'Support action shortcuts' and expected text 'Support action shortcuts' are matched 

2022-06-09 19:13:56 - [MESSAGE][PASSED] - Actual text 'Support action shortcuts' and expected text 'Support action shortcuts' are matched 

2022-06-09 19:13:56 - [TEST_STEP][PASSED] - click(findTestObject("1. Constant/xpath", ["xpath":"/html/body/div[1]/div[2]/div[8]/div[3]/div/div[3]/div[3]/div/div/div/div/div/div/div[1]/div[2]/div/button"])): Object: 'Object Repository/1. Constant/xpath' is clicked on

2022-06-09 19:13:57 - [MESSAGE][PASSED] - Object: 'Object Repository/1. Constant/xpath' is clicked on

2022-06-09 19:13:57 - [TEST_STEP][PASSED] - delay(1): Delayed 1 second(s)

2022-06-09 19:13:58 - [MESSAGE][PASSED] - Delayed 1 second(s)

2022-06-09 19:13:58 - [TEST_STEP][PASSED] - x = 20: null

2022-06-09 19:13:58 - [TEST_STEP][PASSED] - i = 1: null

2022-06-09 19:13:58 - [TEST_STEP][PASSED] - while (i <= x): null

2022-06-09 19:13:58 - [TEST_STEP][PASSED] - Expected_SAS_Selected2 = "Restart for Marketing, Regulatory and Tech Pack": null

2022-06-09 19:13:58 - [TEST_STEP][PASSED] - xpath_SAS2 = "/html/body/div[1]/div[2]/div[8]/div[3]/div/div[3]/div[3]/div/div/div/div/div/div/div[1]/div[2]/div/div/a[" + i + "]": null

2022-06-09 19:13:58 - [TEST_STEP][PASSED] - Actual_SAS2 = getText(findTestObject("1. Constant/xpath", ["xpath":xpath_SAS2])): Text of object 'Object Repository/1. Constant/xpath' is: 'Restart for Marketing, Regulatory and Tech Pack'

2022-06-09 19:13:58 - [MESSAGE][PASSED] - Text of object 'Object Repository/1. Constant/xpath' is: 'Restart for Marketing, Regulatory and Tech Pack'

2022-06-09 19:13:58 - [TEST_STEP][PASSED] - I.print(i): null

2022-06-09 19:13:58 - [TEST_STEP][PASSED] - if (Actual_SAS2.contains(Expected_SAS_Selected2)): null

2022-06-09 19:13:58 - [TEST_STEP][PASSED] - click(findTestObject("1. Constant/xpath", ["xpath":xpath_SAS2])): Object: 'Object Repository/1. Constant/xpath' is clicked on

2022-06-09 19:13:58 - [MESSAGE][PASSED] - Object: 'Object Repository/1. Constant/xpath' is clicked on

2022-06-09 19:13:58 - [TEST_STEP][PASSED] - break: null

2022-06-09 19:13:58 - [TEST_STEP][PASSED] - delay(1): Delayed 1 second(s)

2022-06-09 19:13:59 - [MESSAGE][PASSED] - Delayed 1 second(s)

2022-06-09 19:13:59 - [TEST_STEP][PASSED] - Actual_SASReason = getText(findTestObject("1. Constant/xpath", ["xpath":"//*[@id="id_div_support_action_reason"]/label"])): Text of object 'Object Repository/1. Constant/xpath' is: 'Select a support action reason'

2022-06-09 19:14:01 - [MESSAGE][PASSED] - Text of object 'Object Repository/1. Constant/xpath' is: 'Select a support action reason'

2022-06-09 19:14:01 - [TEST_STEP][PASSED] - verifyMatch(Actual_SASReason, "Select a support action reason", false): Actual text 'Select a support action reason' and expected text 'Select a support action reason' are matched 

2022-06-09 19:14:01 - [MESSAGE][PASSED] - Actual text 'Select a support action reason' and expected text 'Select a support action reason' are matched 

2022-06-09 19:14:01 - [TEST_STEP][PASSED] - takeScreenshot(): Taking screenshot successfully

2022-06-09 19:14:02 - [MESSAGE][PASSED] - Taking screenshot successfully
[[ATTACHMENT|D:\\Projet Test Auto\\Mediabox Test Automation\\Reports\\20220609_181011\\03. Parallel Testing (Testing)\\TS -PT PART 3\\07 Tag Sephora Dreyers _ Empty Group _Lifecycle condition\\20220609_181049\\1654794841901.png]]

2022-06-09 19:14:02 - [TEST_STEP][PASSED] - click(findTestObject("1. Constant/xpath", ["xpath":"//*[@id="modal_support_action_shortcut"]/div/div/div[3]/button[2]"])): Object: 'Object Repository/1. Constant/xpath' is clicked on

2022-06-09 19:14:03 - [MESSAGE][PASSED] - Object: 'Object Repository/1. Constant/xpath' is clicked on

2022-06-09 19:14:03 - [TEST_STEP][PASSED] - Actual_SASmiss = getText(findTestObject("1. Constant/xpath", ["xpath":"//*[@id="toast-container"]/div/div[2]"])): Text of object 'Object Repository/1. Constant/xpath' is: 'Support action reason is missing'

2022-06-09 19:14:03 - [MESSAGE][PASSED] - Text of object 'Object Repository/1. Constant/xpath' is: 'Support action reason is missing'

2022-06-09 19:14:03 - [TEST_STEP][PASSED] - verifyMatch(Actual_SASmiss, "Support action reason is missing", false): Actual text 'Support action reason is missing' and expected text 'Support action reason is missing' are matched 

2022-06-09 19:14:03 - [MESSAGE][PASSED] - Actual text 'Support action reason is missing' and expected text 'Support action reason is missing' are matched 

2022-06-09 19:14:03 - [TEST_STEP][PASSED] - takeScreenshot(): Taking screenshot successfully

2022-06-09 19:14:03 - [MESSAGE][PASSED] - Taking screenshot successfully
[[ATTACHMENT|D:\\Projet Test Auto\\Mediabox Test Automation\\Reports\\20220609_181011\\03. Parallel Testing (Testing)\\TS -PT PART 3\\07 Tag Sephora Dreyers _ Empty Group _Lifecycle condition\\20220609_181049\\1654794843599.png]]

2022-06-09 19:14:03 - [TEST_STEP][PASSED] - delay(1): Delayed 1 second(s)

2022-06-09 19:14:04 - [MESSAGE][PASSED] - Delayed 1 second(s)

2022-06-09 19:14:04 - [TEST_STEP][PASSED] - selectOptionByValue(findTestObject("1. Constant/xpath", ["xpath":"//*[@id="added_support_action_reason"]"]), "2", false): All options with value '2' are selected in object 'Object Repository/1. Constant/xpath' 

2022-06-09 19:14:05 - [MESSAGE][PASSED] - All options with value '2' are selected in object 'Object Repository/1. Constant/xpath' 

2022-06-09 19:14:05 - [TEST_STEP][PASSED] - click(findTestObject("1. Constant/xpath", ["xpath":"//*[@id="modal_support_action_shortcut"]/div/div/div[3]/button[2]"])): Object: 'Object Repository/1. Constant/xpath' is clicked on

2022-06-09 19:14:07 - [MESSAGE][PASSED] - Object: 'Object Repository/1. Constant/xpath' is clicked on

2022-06-09 19:14:07 - [TEST_STEP][PASSED] - click(findTestObject("1. Constant/xpath", ["xpath":"//*[@id="kt_content"]/div[3]/div/ul/li[3]/a"])): Object: 'Object Repository/1. Constant/xpath' is clicked on

2022-06-09 19:14:09 - [MESSAGE][PASSED] - Object: 'Object Repository/1. Constant/xpath' is clicked on

2022-06-09 19:14:09 - [TEST_STEP][PASSED] - takeScreenshot(): Taking screenshot successfully

2022-06-09 19:14:10 - [MESSAGE][PASSED] - Taking screenshot successfully
[[ATTACHMENT|D:\\Projet Test Auto\\Mediabox Test Automation\\Reports\\20220609_181011\\03. Parallel Testing (Testing)\\TS -PT PART 3\\07 Tag Sephora Dreyers _ Empty Group _Lifecycle condition\\20220609_181049\\1654794849965.png]]

2022-06-09 19:14:10 - [TEST_STEP][PASSED] - verifyElementVisible(findTestObject("1. Constant/xpath", ["xpath":"/html/body/div[1]/div[2]/div[8]/div[3]/div/div[3]/div[3]/div/ul/li[1]/a"])): Object 'Object Repository/1. Constant/xpath' is visible

2022-06-09 19:14:10 - [MESSAGE][PASSED] - Object 'Object Repository/1. Constant/xpath' is visible

2022-06-09 19:14:10 - [TEST_STEP][PASSED] - verifyElementVisible(findTestObject("1. Constant/xpath", ["xpath":"/html/body/div[1]/div[2]/div[8]/div[3]/div/div[3]/div[3]/div/ul/li[2]/a"])): Object 'Object Repository/1. Constant/xpath' is visible

2022-06-09 19:14:11 - [MESSAGE][PASSED] - Object 'Object Repository/1. Constant/xpath' is visible

2022-06-09 19:14:11 - [TEST_STEP][PASSED] - I.Pagedown(): Execute JavaScript 'window.scrollTo(0, document.body.scrollHeight)' successfully

2022-06-09 19:14:11 - [MESSAGE][PASSED] - Execute JavaScript 'window.scrollTo(0, document.body.scrollHeight)' successfully

2022-06-09 19:14:11 - [TEST_STEP][PASSED] - Actual_InfoInput1 = getText(findTestObject("1. Constant/xpath", ["xpath":"/html/body/div[1]/div[2]/div[8]/div[3]/div/div[3]/div[3]/div/div/div[2]/div/div/div/div[1]/div[1]/h3"])): Text of object 'Object Repository/1. Constant/xpath' is: 'Information Input'

2022-06-09 19:14:11 - [MESSAGE][PASSED] - Text of object 'Object Repository/1. Constant/xpath' is: 'Information Input'

2022-06-09 19:14:11 - [TEST_STEP][PASSED] - verifyMatch(Actual_InfoInput1, "Information Input", false): Actual text 'Information Input' and expected text 'Information Input' are matched 

2022-06-09 19:14:11 - [MESSAGE][PASSED] - Actual text 'Information Input' and expected text 'Information Input' are matched 

2022-06-09 19:14:11 - [TEST_STEP][PASSED] - Actual_reg = getText(findTestObject("1. Constant/xpath", ["xpath":"/html/body/div[1]/div[2]/div[8]/div[3]/div/div[3]/div[3]/div/div/div[2]/div/div/div/div[2]/h5[2]"])): Text of object 'Object Repository/1. Constant/xpath' is: 'Regulatory'

2022-06-09 19:14:11 - [MESSAGE][PASSED] - Text of object 'Object Repository/1. Constant/xpath' is: 'Regulatory'

2022-06-09 19:14:11 - [TEST_STEP][PASSED] - verifyMatch(Actual_reg, "Regulatory", false): Actual text 'Regulatory' and expected text 'Regulatory' are matched 

2022-06-09 19:14:11 - [MESSAGE][PASSED] - Actual text 'Regulatory' and expected text 'Regulatory' are matched 

2022-06-09 19:14:11 - [TEST_STEP][PASSED] - Actual_reg1 = getText(findTestObject("1. Constant/xpath", ["xpath":"/html/body/div[1]/div[2]/div[8]/div[3]/div/div[3]/div[3]/div/div/div[2]/div/div/div/div[2]/h5[3]"])): Text of object 'Object Repository/1. Constant/xpath' is: 'Tech Packaging'

2022-06-09 19:14:11 - [MESSAGE][PASSED] - Text of object 'Object Repository/1. Constant/xpath' is: 'Tech Packaging'

2022-06-09 19:14:11 - [TEST_STEP][PASSED] - verifyMatch(Actual_reg1, "Tech Packaging", false): Actual text 'Tech Packaging' and expected text 'Tech Packaging' are matched 

2022-06-09 19:14:11 - [MESSAGE][PASSED] - Actual text 'Tech Packaging' and expected text 'Tech Packaging' are matched 

2022-06-09 19:14:11 - [TEST_STEP][PASSED] - Actual_reg22 = getText(findTestObject("1. Constant/xpath", ["xpath":"/html/body/div[1]/div[2]/div[8]/div[3]/div/div[3]/div[3]/div/div/div[2]/div/div/div/div[2]/h5[4]"])): Text of object 'Object Repository/1. Constant/xpath' is: 'Marketing'

2022-06-09 19:14:11 - [MESSAGE][PASSED] - Text of object 'Object Repository/1. Constant/xpath' is: 'Marketing'

2022-06-09 19:14:11 - [TEST_STEP][PASSED] - verifyMatch(Actual_reg22, "Marketing", false): Actual text 'Marketing' and expected text 'Marketing' are matched 

2022-06-09 19:14:11 - [MESSAGE][PASSED] - Actual text 'Marketing' and expected text 'Marketing' are matched 

2022-06-09 19:14:11 - [TEST_STEP][PASSED] - delay(5): Delayed 5 second(s)

2022-06-09 19:14:16 - [MESSAGE][PASSED] - Delayed 5 second(s)

2022-06-09 19:14:16 - [TEST_STEP][PASSED] - I.Logout(): Delayed 3 second(s)

2022-06-09 19:14:19 - [MESSAGE][PASSED] - Delayed 3 second(s)

2022-06-09 19:14:19 - [MESSAGE][PASSED] - Object: 'Object Repository/1. Constant/xpath' is clicked on

2022-06-09 19:14:22 - [MESSAGE][PASSED] - Delayed 3 second(s)

2022-06-09 19:14:24 - [MESSAGE][PASSED] - Object: 'Object Repository/1. Constant/xpath' is clicked on

2022-06-09 19:14:27 - [MESSAGE][PASSED] - Delayed 3 second(s)

2022-06-09 19:14:27 - [TEST_STEP][PASSED] - I.Login_password("nturner", password_nturner): Object: 'Object Repository/1. Constant/xpath' is clicked on

2022-06-09 19:14:28 - [MESSAGE][PASSED] - Text 'nturner' is set on object 'Object Repository/1. Constant/xpath'

2022-06-09 19:14:29 - [MESSAGE][PASSED] - Delayed 1 second(s)

2022-06-09 19:14:30 - [MESSAGE][PASSED] - Text 'diadeis1' is set on object 'Object Repository/1. Constant/xpath'

2022-06-09 19:14:31 - [MESSAGE][PASSED] - Delayed 1 second(s)

2022-06-09 19:14:36 - [MESSAGE][PASSED] - Object: 'Object Repository/1. Constant/xpath' is clicked on

2022-06-09 19:14:36 - [TEST_STEP][PASSED] - takeScreenshot(): Taking screenshot successfully

2022-06-09 19:14:37 - [MESSAGE][PASSED] - Taking screenshot successfully
[[ATTACHMENT|D:\\Projet Test Auto\\Mediabox Test Automation\\Reports\\20220609_181011\\03. Parallel Testing (Testing)\\TS -PT PART 3\\07 Tag Sephora Dreyers _ Empty Group _Lifecycle condition\\20220609_181049\\1654794876862.png]]

2022-06-09 19:14:37 - [TEST_STEP][PASSED] - click(findTestObject("1. Constant/02_LHSMenu_Projects")): Object: 'Object Repository/1. Constant/02_LHSMenu_Projects' is clicked on

2022-06-09 19:14:39 - [MESSAGE][PASSED] - Object: 'Object Repository/1. Constant/02_LHSMenu_Projects' is clicked on

2022-06-09 19:14:39 - [TEST_STEP][PASSED] - I.SearchProjectNo(Project_No, findTestObject("1. Constant/xpath", ["xpath":"//*[@id="form_filters"]/div[4]/button"])): Delayed 5 second(s)

2022-06-09 19:14:41 - [MESSAGE][PASSED] - Text 'MI000877' is set on object 'Object Repository/1. Constant/xpath'

2022-06-09 19:14:44 - [MESSAGE][PASSED] - Delayed 3 second(s)

2022-06-09 19:14:46 - [MESSAGE][PASSED] - Object: 'Object Repository/1. Constant/xpath' is clicked on

2022-06-09 19:14:51 - [MESSAGE][PASSED] - Delayed 5 second(s)

2022-06-09 19:14:51 - [TEST_STEP][PASSED] - delay(1): Delayed 1 second(s)

2022-06-09 19:14:52 - [MESSAGE][PASSED] - Delayed 1 second(s)

2022-06-09 19:14:52 - [TEST_STEP][PASSED] - takeScreenshot(): Taking screenshot successfully

2022-06-09 19:14:52 - [MESSAGE][PASSED] - Taking screenshot successfully
[[ATTACHMENT|D:\\Projet Test Auto\\Mediabox Test Automation\\Reports\\20220609_181011\\03. Parallel Testing (Testing)\\TS -PT PART 3\\07 Tag Sephora Dreyers _ Empty Group _Lifecycle condition\\20220609_181049\\1654794892662.png]]

2022-06-09 19:14:52 - [TEST_STEP][PASSED] - task1 = getText(findTestObject("1. Constant/xpath", ["xpath":"//*[@id="kt_header"]/div/div[2]/div[1]/div[1]/span"])): Text of object 'Object Repository/1. Constant/xpath' is: '29'

2022-06-09 19:14:53 - [MESSAGE][PASSED] - Text of object 'Object Repository/1. Constant/xpath' is: '29'

2022-06-09 19:14:53 - [TEST_STEP][PASSED] - alfs1 = getText(findTestObject("1. Constant/xpath", ["xpath":"//*[@id="source_" + refID_LI + ""]/td[16]/span[1]"])): Text of object 'Object Repository/1. Constant/xpath' is: 'Information  Input'

2022-06-09 19:14:53 - [MESSAGE][PASSED] - Text of object 'Object Repository/1. Constant/xpath' is: 'Information  Input'

2022-06-09 19:14:53 - [TEST_STEP][PASSED] - verifyMatch(alfs1, "Information  Input", false): Actual text 'Information  Input' and expected text 'Information  Input' are matched 

2022-06-09 19:14:53 - [MESSAGE][PASSED] - Actual text 'Information  Input' and expected text 'Information  Input' are matched 

2022-06-09 19:14:53 - [TEST_STEP][PASSED] - click(findTestObject("1. Constant/xpath", ["xpath":"//*[@id="source_" + refID_LI + ""]/td[17]/a[2]"])): Object: 'Object Repository/1. Constant/xpath' is clicked on

2022-06-09 19:14:55 - [MESSAGE][PASSED] - Object: 'Object Repository/1. Constant/xpath' is clicked on

2022-06-09 19:14:55 - [TEST_STEP][PASSED] - takeScreenshot(): Taking screenshot successfully

2022-06-09 19:14:55 - [MESSAGE][PASSED] - Taking screenshot successfully
[[ATTACHMENT|D:\\Projet Test Auto\\Mediabox Test Automation\\Reports\\20220609_181011\\03. Parallel Testing (Testing)\\TS -PT PART 3\\07 Tag Sephora Dreyers _ Empty Group _Lifecycle condition\\20220609_181049\\1654794895080.png]]

2022-06-09 19:14:55 - [TEST_STEP][PASSED] - click(findTestObject("1. Constant/xpath", ["xpath":"//*[@id="ModifFiche"]/div[1]/div/button[2]"])): Object: 'Object Repository/1. Constant/xpath' is clicked on

2022-06-09 19:15:00 - [MESSAGE][PASSED] - Object: 'Object Repository/1. Constant/xpath' is clicked on

2022-06-09 19:15:00 - [TEST_STEP][PASSED] - alfs2 = getText(findTestObject("1. Constant/xpath", ["xpath":"//*[@id="source_" + refID_LI + ""]/td[16]/span[1]"])): Text of object 'Object Repository/1. Constant/xpath' is: 'Information  Input'

2022-06-09 19:15:01 - [MESSAGE][PASSED] - Text of object 'Object Repository/1. Constant/xpath' is: 'Information  Input'

2022-06-09 19:15:01 - [TEST_STEP][PASSED] - verifyMatch(alfs2, "Information  Input", false): Actual text 'Information  Input' and expected text 'Information  Input' are matched 

2022-06-09 19:15:01 - [MESSAGE][PASSED] - Actual text 'Information  Input' and expected text 'Information  Input' are matched 

2022-06-09 19:15:01 - [TEST_STEP][PASSED] - Atask2 = getText(findTestObject("1. Constant/xpath", ["xpath":"//*[@id="kt_header"]/div/div[2]/div[1]/div[1]/span"])): Text of object 'Object Repository/1. Constant/xpath' is: '28'

2022-06-09 19:15:02 - [MESSAGE][PASSED] - Text of object 'Object Repository/1. Constant/xpath' is: '28'

2022-06-09 19:15:02 - [TEST_STEP][PASSED] - task2 = Integer.parseInt(task1) - 1: null

2022-06-09 19:15:02 - [TEST_STEP][PASSED] - verifyMatch(Atask2, task2, false): Actual text '28' and expected text '28' are matched 

2022-06-09 19:15:02 - [MESSAGE][PASSED] - Actual text '28' and expected text '28' are matched 

2022-06-09 19:15:02 - [TEST_STEP][PASSED] - I.Logout(): Delayed 3 second(s)

2022-06-09 19:15:05 - [MESSAGE][PASSED] - Delayed 3 second(s)

2022-06-09 19:15:06 - [MESSAGE][PASSED] - Object: 'Object Repository/1. Constant/xpath' is clicked on

2022-06-09 19:15:09 - [MESSAGE][PASSED] - Delayed 3 second(s)

2022-06-09 19:15:12 - [MESSAGE][PASSED] - Object: 'Object Repository/1. Constant/xpath' is clicked on

2022-06-09 19:15:15 - [MESSAGE][PASSED] - Delayed 3 second(s)

2022-06-09 19:15:15 - [TEST_STEP][PASSED] - I.Login_password("amassoth", password_amassoth): Object: 'Object Repository/1. Constant/xpath' is clicked on

2022-06-09 19:15:15 - [MESSAGE][PASSED] - Text 'amassoth' is set on object 'Object Repository/1. Constant/xpath'

2022-06-09 19:15:16 - [MESSAGE][PASSED] - Delayed 1 second(s)

2022-06-09 19:15:16 - [MESSAGE][PASSED] - Text 'diadeis' is set on object 'Object Repository/1. Constant/xpath'

2022-06-09 19:15:17 - [MESSAGE][PASSED] - Delayed 1 second(s)

2022-06-09 19:15:21 - [MESSAGE][PASSED] - Object: 'Object Repository/1. Constant/xpath' is clicked on

2022-06-09 19:15:21 - [TEST_STEP][PASSED] - takeScreenshot(): Taking screenshot successfully

2022-06-09 19:15:21 - [MESSAGE][PASSED] - Taking screenshot successfully
[[ATTACHMENT|D:\\Projet Test Auto\\Mediabox Test Automation\\Reports\\20220609_181011\\03. Parallel Testing (Testing)\\TS -PT PART 3\\07 Tag Sephora Dreyers _ Empty Group _Lifecycle condition\\20220609_181049\\1654794921135.png]]

2022-06-09 19:15:21 - [TEST_STEP][PASSED] - click(findTestObject("1. Constant/02_LHSMenu_Projects")): Object: 'Object Repository/1. Constant/02_LHSMenu_Projects' is clicked on

2022-06-09 19:15:23 - [MESSAGE][PASSED] - Object: 'Object Repository/1. Constant/02_LHSMenu_Projects' is clicked on

2022-06-09 19:15:23 - [TEST_STEP][PASSED] - I.SearchProjectNo(Project_No, findTestObject("1. Constant/xpath", ["xpath":"//*[@id="form_filters"]/div[4]/button"])): Delayed 5 second(s)

2022-06-09 19:15:24 - [MESSAGE][PASSED] - Text 'MI000877' is set on object 'Object Repository/1. Constant/xpath'

2022-06-09 19:15:27 - [MESSAGE][PASSED] - Delayed 3 second(s)

2022-06-09 19:15:30 - [MESSAGE][PASSED] - Object: 'Object Repository/1. Constant/xpath' is clicked on

2022-06-09 19:15:35 - [MESSAGE][PASSED] - Delayed 5 second(s)

2022-06-09 19:15:35 - [TEST_STEP][PASSED] - delay(1): Delayed 1 second(s)

2022-06-09 19:15:36 - [MESSAGE][PASSED] - Delayed 1 second(s)

2022-06-09 19:15:36 - [TEST_STEP][PASSED] - takeScreenshot(): Taking screenshot successfully

2022-06-09 19:15:36 - [MESSAGE][PASSED] - Taking screenshot successfully
[[ATTACHMENT|D:\\Projet Test Auto\\Mediabox Test Automation\\Reports\\20220609_181011\\03. Parallel Testing (Testing)\\TS -PT PART 3\\07 Tag Sephora Dreyers _ Empty Group _Lifecycle condition\\20220609_181049\\1654794936684.png]]

2022-06-09 19:15:36 - [TEST_STEP][PASSED] - click(findTestObject("1. Constant/xpath", ["xpath":"//*[@id="source_" + refID_LI + ""]/td[17]/a[2]"])): Object: 'Object Repository/1. Constant/xpath' is clicked on

2022-06-09 19:15:38 - [MESSAGE][PASSED] - Object: 'Object Repository/1. Constant/xpath' is clicked on

2022-06-09 19:15:38 - [TEST_STEP][PASSED] - takeScreenshot(): Taking screenshot successfully

2022-06-09 19:15:38 - [MESSAGE][PASSED] - Taking screenshot successfully
[[ATTACHMENT|D:\\Projet Test Auto\\Mediabox Test Automation\\Reports\\20220609_181011\\03. Parallel Testing (Testing)\\TS -PT PART 3\\07 Tag Sephora Dreyers _ Empty Group _Lifecycle condition\\20220609_181049\\1654794938656.png]]

2022-06-09 19:15:38 - [TEST_STEP][PASSED] - click(findTestObject("1. Constant/xpath", ["xpath":"//*[@id="ModifFiche"]/div[1]/div/button[2]"])): Object: 'Object Repository/1. Constant/xpath' is clicked on

2022-06-09 19:15:43 - [MESSAGE][PASSED] - Object: 'Object Repository/1. Constant/xpath' is clicked on

2022-06-09 19:15:43 - [TEST_STEP][PASSED] - I.Logout(): Delayed 3 second(s)

2022-06-09 19:15:46 - [MESSAGE][PASSED] - Delayed 3 second(s)

2022-06-09 19:15:47 - [MESSAGE][PASSED] - Object: 'Object Repository/1. Constant/xpath' is clicked on

2022-06-09 19:15:50 - [MESSAGE][PASSED] - Delayed 3 second(s)

2022-06-09 19:15:51 - [MESSAGE][PASSED] - Object: 'Object Repository/1. Constant/xpath' is clicked on

2022-06-09 19:15:54 - [MESSAGE][PASSED] - Delayed 3 second(s)

2022-06-09 19:15:54 - [TEST_STEP][PASSED] - I.Login_password("bmilhomme", password_bmilhomme): Object: 'Object Repository/1. Constant/xpath' is clicked on

2022-06-09 19:15:54 - [MESSAGE][PASSED] - Text 'bmilhomme' is set on object 'Object Repository/1. Constant/xpath'

2022-06-09 19:15:55 - [MESSAGE][PASSED] - Delayed 1 second(s)

2022-06-09 19:15:56 - [MESSAGE][PASSED] - Text 'diadeis1' is set on object 'Object Repository/1. Constant/xpath'

2022-06-09 19:15:57 - [MESSAGE][PASSED] - Delayed 1 second(s)

2022-06-09 19:16:00 - [MESSAGE][PASSED] - Object: 'Object Repository/1. Constant/xpath' is clicked on

2022-06-09 19:16:00 - [TEST_STEP][PASSED] - takeScreenshot(): Taking screenshot successfully

2022-06-09 19:16:01 - [MESSAGE][PASSED] - Taking screenshot successfully
[[ATTACHMENT|D:\\Projet Test Auto\\Mediabox Test Automation\\Reports\\20220609_181011\\03. Parallel Testing (Testing)\\TS -PT PART 3\\07 Tag Sephora Dreyers _ Empty Group _Lifecycle condition\\20220609_181049\\1654794960643.png]]

2022-06-09 19:16:01 - [TEST_STEP][PASSED] - click(findTestObject("1. Constant/02_LHSMenu_Projects")): Object: 'Object Repository/1. Constant/02_LHSMenu_Projects' is clicked on

2022-06-09 19:16:04 - [MESSAGE][PASSED] - Object: 'Object Repository/1. Constant/02_LHSMenu_Projects' is clicked on

2022-06-09 19:16:04 - [TEST_STEP][PASSED] - I.SearchProjectNo(Project_No, findTestObject("1. Constant/xpath", ["xpath":"//*[@id="form_filters"]/div[4]/button"])): Delayed 5 second(s)

2022-06-09 19:16:05 - [MESSAGE][PASSED] - Text 'MI000877' is set on object 'Object Repository/1. Constant/xpath'

2022-06-09 19:16:08 - [MESSAGE][PASSED] - Delayed 3 second(s)

2022-06-09 19:16:11 - [MESSAGE][PASSED] - Object: 'Object Repository/1. Constant/xpath' is clicked on

2022-06-09 19:16:16 - [MESSAGE][PASSED] - Delayed 5 second(s)

2022-06-09 19:16:16 - [TEST_STEP][PASSED] - delay(1): Delayed 1 second(s)

2022-06-09 19:16:17 - [MESSAGE][PASSED] - Delayed 1 second(s)

2022-06-09 19:16:17 - [TEST_STEP][PASSED] - takeScreenshot(): Taking screenshot successfully

2022-06-09 19:16:17 - [MESSAGE][PASSED] - Taking screenshot successfully
[[ATTACHMENT|D:\\Projet Test Auto\\Mediabox Test Automation\\Reports\\20220609_181011\\03. Parallel Testing (Testing)\\TS -PT PART 3\\07 Tag Sephora Dreyers _ Empty Group _Lifecycle condition\\20220609_181049\\1654794977535.png]]

2022-06-09 19:16:17 - [TEST_STEP][PASSED] - click(findTestObject("1. Constant/xpath", ["xpath":"//*[@id="source_" + refID_LI + ""]/td[18]/a[2]"])): Object: 'Object Repository/1. Constant/xpath' is clicked on

2022-06-09 19:16:19 - [MESSAGE][PASSED] - Object: 'Object Repository/1. Constant/xpath' is clicked on

2022-06-09 19:16:19 - [TEST_STEP][PASSED] - takeScreenshot(): Taking screenshot successfully

2022-06-09 19:16:19 - [MESSAGE][PASSED] - Taking screenshot successfully
[[ATTACHMENT|D:\\Projet Test Auto\\Mediabox Test Automation\\Reports\\20220609_181011\\03. Parallel Testing (Testing)\\TS -PT PART 3\\07 Tag Sephora Dreyers _ Empty Group _Lifecycle condition\\20220609_181049\\1654794979547.png]]

2022-06-09 19:16:19 - [TEST_STEP][PASSED] - click(findTestObject("1. Constant/xpath", ["xpath":"//*[@id="ModifFiche"]/div[1]/div/button[2]"])): Object: 'Object Repository/1. Constant/xpath' is clicked on

2022-06-09 19:16:24 - [MESSAGE][PASSED] - Object: 'Object Repository/1. Constant/xpath' is clicked on

2022-06-09 19:16:24 - [TEST_STEP][PASSED] - delay(1): Delayed 1 second(s)

2022-06-09 19:16:25 - [MESSAGE][PASSED] - Delayed 1 second(s)

2022-06-09 19:16:25 - [TEST_STEP][PASSED] - alfs3 = getText(findTestObject("1. Constant/xpath", ["xpath":"//*[@id="source_" + refID_LI + ""]/td[16]/span[1]"])): Text of object 'Object Repository/1. Constant/xpath' is: 'Information  Input'

2022-06-09 19:16:25 - [MESSAGE][PASSED] - Text of object 'Object Repository/1. Constant/xpath' is: 'Information  Input'

2022-06-09 19:16:25 - [TEST_STEP][PASSED] - verifyMatch(alfs3, "Information  Input", false): Actual text 'Information  Input' and expected text 'Information  Input' are matched 

2022-06-09 19:16:25 - [MESSAGE][PASSED] - Actual text 'Information  Input' and expected text 'Information  Input' are matched 

2022-06-09 19:16:25 - [TEST_STEP][PASSED] - I.Logout(): Delayed 3 second(s)

2022-06-09 19:16:28 - [MESSAGE][PASSED] - Delayed 3 second(s)

2022-06-09 19:16:29 - [MESSAGE][PASSED] - Object: 'Object Repository/1. Constant/xpath' is clicked on

2022-06-09 19:16:32 - [MESSAGE][PASSED] - Delayed 3 second(s)

2022-06-09 19:16:34 - [MESSAGE][PASSED] - Object: 'Object Repository/1. Constant/xpath' is clicked on

2022-06-09 19:16:37 - [MESSAGE][PASSED] - Delayed 3 second(s)

2022-06-09 19:16:37 - [TEST_STEP][PASSED] - I.Login_password("blemco", password_blemco): Object: 'Object Repository/1. Constant/xpath' is clicked on

2022-06-09 19:16:38 - [MESSAGE][PASSED] - Text 'blemco' is set on object 'Object Repository/1. Constant/xpath'

2022-06-09 19:16:39 - [MESSAGE][PASSED] - Delayed 1 second(s)

2022-06-09 19:16:39 - [MESSAGE][PASSED] - Text 'diadeis1' is set on object 'Object Repository/1. Constant/xpath'

2022-06-09 19:16:40 - [MESSAGE][PASSED] - Delayed 1 second(s)

2022-06-09 19:16:44 - [MESSAGE][PASSED] - Object: 'Object Repository/1. Constant/xpath' is clicked on

2022-06-09 19:16:44 - [TEST_STEP][PASSED] - takeScreenshot(): Taking screenshot successfully

2022-06-09 19:16:44 - [MESSAGE][PASSED] - Taking screenshot successfully
[[ATTACHMENT|D:\\Projet Test Auto\\Mediabox Test Automation\\Reports\\20220609_181011\\03. Parallel Testing (Testing)\\TS -PT PART 3\\07 Tag Sephora Dreyers _ Empty Group _Lifecycle condition\\20220609_181049\\1654795004379.png]]

2022-06-09 19:16:44 - [TEST_STEP][PASSED] - click(findTestObject("1. Constant/02_LHSMenu_Projects")): Object: 'Object Repository/1. Constant/02_LHSMenu_Projects' is clicked on

2022-06-09 19:16:48 - [MESSAGE][PASSED] - Object: 'Object Repository/1. Constant/02_LHSMenu_Projects' is clicked on

2022-06-09 19:16:48 - [TEST_STEP][PASSED] - I.SearchProjectNo(Project_No, findTestObject("1. Constant/xpath", ["xpath":"//*[@id="form_filters"]/div[4]/button"])): Delayed 5 second(s)

2022-06-09 19:16:49 - [MESSAGE][PASSED] - Text 'MI000877' is set on object 'Object Repository/1. Constant/xpath'

2022-06-09 19:16:52 - [MESSAGE][PASSED] - Delayed 3 second(s)

2022-06-09 19:16:55 - [MESSAGE][PASSED] - Object: 'Object Repository/1. Constant/xpath' is clicked on

2022-06-09 19:17:00 - [MESSAGE][PASSED] - Delayed 5 second(s)

2022-06-09 19:17:00 - [TEST_STEP][PASSED] - delay(1): Delayed 1 second(s)

2022-06-09 19:17:01 - [MESSAGE][PASSED] - Delayed 1 second(s)

2022-06-09 19:17:01 - [TEST_STEP][PASSED] - takeScreenshot(): Taking screenshot successfully

2022-06-09 19:17:02 - [MESSAGE][PASSED] - Taking screenshot successfully
[[ATTACHMENT|D:\\Projet Test Auto\\Mediabox Test Automation\\Reports\\20220609_181011\\03. Parallel Testing (Testing)\\TS -PT PART 3\\07 Tag Sephora Dreyers _ Empty Group _Lifecycle condition\\20220609_181049\\1654795022127.png]]

2022-06-09 19:17:02 - [TEST_STEP][PASSED] - click(findTestObject("1. Constant/xpath", ["xpath":"//*[@id="source_" + refID_daughter1 + ""]/td[10]/a[1]/span"])): Object: 'Object Repository/1. Constant/xpath' is clicked on

2022-06-09 19:17:04 - [MESSAGE][PASSED] - Object: 'Object Repository/1. Constant/xpath' is clicked on

2022-06-09 19:17:04 - [TEST_STEP][PASSED] - click(findTestObject("1. Constant/xpath", ["xpath":"//*[@id="kt_content"]/div[3]/div/ul/li[3]/a"])): Object: 'Object Repository/1. Constant/xpath' is clicked on

2022-06-09 19:17:06 - [MESSAGE][PASSED] - Object: 'Object Repository/1. Constant/xpath' is clicked on

2022-06-09 19:17:06 - [TEST_STEP][PASSED] - click(findTestObject("1. Constant/xpath", ["xpath":"/html/body/div[1]/div[2]/div[8]/div[3]/div/div[3]/div[3]/div/div/div[1]/div/div[3]/div/div[1]/div[2]/div/a[1]"])): Object: 'Object Repository/1. Constant/xpath' is clicked on

2022-06-09 19:17:09 - [MESSAGE][PASSED] - Object: 'Object Repository/1. Constant/xpath' is clicked on

2022-06-09 19:17:09 - [TEST_STEP][PASSED] - delay(1): Delayed 1 second(s)

2022-06-09 19:17:10 - [MESSAGE][PASSED] - Delayed 1 second(s)

2022-06-09 19:17:10 - [TEST_STEP][PASSED] - selectOptionByValue(findTestObject("1. Constant/xpath", ["xpath":"//*[@id="added_phase"]"]), "80", false): All options with value '80' are selected in object 'Object Repository/1. Constant/xpath' 

2022-06-09 19:17:11 - [MESSAGE][PASSED] - All options with value '80' are selected in object 'Object Repository/1. Constant/xpath' 

2022-06-09 19:17:11 - [TEST_STEP][PASSED] - click(findTestObject("1. Constant/xpath", ["xpath":"//*[@id="modal_addphase"]/div/div/div[3]/button[2]"])): Object: 'Object Repository/1. Constant/xpath' is clicked on

2022-06-09 19:17:15 - [MESSAGE][PASSED] - Object: 'Object Repository/1. Constant/xpath' is clicked on

2022-06-09 19:17:15 - [TEST_STEP][PASSED] - delay(1): Delayed 1 second(s)

2022-06-09 19:17:16 - [MESSAGE][PASSED] - Delayed 1 second(s)

2022-06-09 19:17:16 - [TEST_STEP][PASSED] - I.Pagedown(): Execute JavaScript 'window.scrollTo(0, document.body.scrollHeight)' successfully

2022-06-09 19:17:16 - [MESSAGE][PASSED] - Execute JavaScript 'window.scrollTo(0, document.body.scrollHeight)' successfully

2022-06-09 19:17:16 - [TEST_STEP][PASSED] - click(findTestObject("1. Constant/xpath", ["xpath":"/html/body/div[1]/div[2]/div[8]/div[3]/div/div[3]/div[3]/div/div/div[1]/div/div[3]/div/div[1]/div[2]/div/a[3]"])): Object: 'Object Repository/1. Constant/xpath' is clicked on

2022-06-09 19:17:18 - [MESSAGE][PASSED] - Object: 'Object Repository/1. Constant/xpath' is clicked on

2022-06-09 19:17:18 - [TEST_STEP][PASSED] - click(findTestObject("1. Constant/xpath", ["xpath":"//*[@id="modal_skip_phase"]/div/div/div[3]/button[2]"])): Object: 'Object Repository/1. Constant/xpath' is clicked on

2022-06-09 19:17:23 - [MESSAGE][PASSED] - Object: 'Object Repository/1. Constant/xpath' is clicked on

2022-06-09 19:17:23 - [TEST_STEP][PASSED] - I.Logout(): Delayed 3 second(s)

2022-06-09 19:17:26 - [MESSAGE][PASSED] - Delayed 3 second(s)

2022-06-09 19:17:26 - [MESSAGE][PASSED] - Object: 'Object Repository/1. Constant/xpath' is clicked on

2022-06-09 19:17:29 - [MESSAGE][PASSED] - Delayed 3 second(s)

2022-06-09 19:17:33 - [MESSAGE][PASSED] - Object: 'Object Repository/1. Constant/xpath' is clicked on

2022-06-09 19:17:36 - [MESSAGE][PASSED] - Delayed 3 second(s)

2022-06-09 19:17:36 - [TEST_STEP][PASSED] - I.Login_password("rjaiven", password_rjaiven): Object: 'Object Repository/1. Constant/xpath' is clicked on

2022-06-09 19:17:40 - [MESSAGE][PASSED] - Text 'rjaiven' is set on object 'Object Repository/1. Constant/xpath'

2022-06-09 19:17:41 - [MESSAGE][PASSED] - Delayed 1 second(s)

2022-06-09 19:17:46 - [MESSAGE][PASSED] - Text 'diadeis1' is set on object 'Object Repository/1. Constant/xpath'

2022-06-09 19:17:47 - [MESSAGE][PASSED] - Delayed 1 second(s)

2022-06-09 19:17:54 - [MESSAGE][PASSED] - Object: 'Object Repository/1. Constant/xpath' is clicked on

2022-06-09 19:17:54 - [TEST_STEP][PASSED] - takeScreenshot(): Taking screenshot successfully

2022-06-09 19:17:56 - [MESSAGE][PASSED] - Taking screenshot successfully
[[ATTACHMENT|D:\\Projet Test Auto\\Mediabox Test Automation\\Reports\\20220609_181011\\03. Parallel Testing (Testing)\\TS -PT PART 3\\07 Tag Sephora Dreyers _ Empty Group _Lifecycle condition\\20220609_181049\\1654795075544.png]]

2022-06-09 19:17:56 - [TEST_STEP][PASSED] - click(findTestObject("1. Constant/02_LHSMenu_Projects")): Object: 'Object Repository/1. Constant/02_LHSMenu_Projects' is clicked on

2022-06-09 19:18:01 - [MESSAGE][PASSED] - Object: 'Object Repository/1. Constant/02_LHSMenu_Projects' is clicked on

2022-06-09 19:18:01 - [TEST_STEP][PASSED] - I.SearchProjectNo(Project_No, findTestObject("1. Constant/xpath", ["xpath":"//*[@id="form_filters"]/div[4]/button"])): Delayed 5 second(s)

2022-06-09 19:18:09 - [MESSAGE][PASSED] - Text 'MI000877' is set on object 'Object Repository/1. Constant/xpath'

2022-06-09 19:18:12 - [MESSAGE][PASSED] - Delayed 3 second(s)

2022-06-09 19:18:15 - [MESSAGE][PASSED] - Object: 'Object Repository/1. Constant/xpath' is clicked on

2022-06-09 19:18:20 - [MESSAGE][PASSED] - Delayed 5 second(s)

2022-06-09 19:18:20 - [TEST_STEP][PASSED] - delay(1): Delayed 1 second(s)

2022-06-09 19:18:22 - [MESSAGE][PASSED] - Delayed 1 second(s)

2022-06-09 19:18:22 - [TEST_STEP][PASSED] - takeScreenshot(): Taking screenshot successfully

2022-06-09 19:18:23 - [MESSAGE][PASSED] - Taking screenshot successfully
[[ATTACHMENT|D:\\Projet Test Auto\\Mediabox Test Automation\\Reports\\20220609_181011\\03. Parallel Testing (Testing)\\TS -PT PART 3\\07 Tag Sephora Dreyers _ Empty Group _Lifecycle condition\\20220609_181049\\1654795102870.png]]

2022-06-09 19:18:23 - [TEST_STEP][PASSED] - click(findTestObject("1. Constant/xpath", ["xpath":"//*[@id="source_" + refID_LI + ""]/td[18]/a[2]"])): Object: 'Object Repository/1. Constant/xpath' is clicked on

2022-06-09 19:18:29 - [MESSAGE][PASSED] - Object: 'Object Repository/1. Constant/xpath' is clicked on

2022-06-09 19:18:29 - [TEST_STEP][PASSED] - takeScreenshot(): Taking screenshot successfully

2022-06-09 19:18:31 - [MESSAGE][PASSED] - Taking screenshot successfully
[[ATTACHMENT|D:\\Projet Test Auto\\Mediabox Test Automation\\Reports\\20220609_181011\\03. Parallel Testing (Testing)\\TS -PT PART 3\\07 Tag Sephora Dreyers _ Empty Group _Lifecycle condition\\20220609_181049\\1654795110175.png]]

2022-06-09 19:18:31 - [TEST_STEP][PASSED] - click(findTestObject("1. Constant/xpath", ["xpath":"//*[@id="ModifFiche"]/div[1]/div/button[2]"])): Object: 'Object Repository/1. Constant/xpath' is clicked on

2022-06-09 19:18:38 - [MESSAGE][PASSED] - Object: 'Object Repository/1. Constant/xpath' is clicked on

2022-06-09 19:18:38 - [TEST_STEP][PASSED] - takeScreenshot(): Taking screenshot successfully

2022-06-09 19:18:39 - [MESSAGE][PASSED] - Taking screenshot successfully
[[ATTACHMENT|D:\\Projet Test Auto\\Mediabox Test Automation\\Reports\\20220609_181011\\03. Parallel Testing (Testing)\\TS -PT PART 3\\07 Tag Sephora Dreyers _ Empty Group _Lifecycle condition\\20220609_181049\\1654795118608.png]]

2022-06-09 19:18:39 - [TEST_STEP][PASSED] - alfs4 = getText(findTestObject("1. Constant/xpath", ["xpath":"//*[@id="source_" + refID_LI + ""]/td[16]/span"])): Text of object 'Object Repository/1. Constant/xpath' is: 'Complete'

2022-06-09 19:18:40 - [MESSAGE][PASSED] - Text of object 'Object Repository/1. Constant/xpath' is: 'Complete'

2022-06-09 19:18:40 - [TEST_STEP][PASSED] - verifyMatch(alfs4, "Complete", false): Actual text 'Complete' and expected text 'Complete' are matched 

2022-06-09 19:18:40 - [MESSAGE][PASSED] - Actual text 'Complete' and expected text 'Complete' are matched 

2022-06-09 19:18:40 - [TEST_STEP][PASSED] - Start listener action : sampleAfterTestCase: null]]></system-out>
         <system-err><![CDATA[]]></system-err>
      </testcase>
      <testcase name="Test Cases/13. Dreyers Lifecycle condition/13.2 Dreyers Lifecycle conditions _ Partial Submission Backup User field P1 (16.03)" time="222.271" classname="Test Cases/13. Dreyers Lifecycle condition/13.2 Dreyers Lifecycle conditions _ Partial Submission Backup User field P1 (16.03)" status="FAILED">
         <failure type="FAILED" message="Test Cases/13. Dreyers Lifecycle condition/13.2 Dreyers Lifecycle conditions _ Partial Submission Backup User field P1 (16.03) FAILED.
Reason:
com.kms.katalon.core.exception.StepFailedException: Unable to click on object 'Object Repository/1. Constant/xpath'
	at com.kms.katalon.core.webui.keyword.internal.WebUIKeywordMain.stepFailed(WebUIKeywordMain.groovy:64)
	at com.kms.katalon.core.webui.keyword.internal.WebUIKeywordMain.runKeyword(WebUIKeywordMain.groovy:26)
	at com.kms.katalon.core.webui.keyword.builtin.ClickKeyword.click(ClickKeyword.groovy:74)
	at com.kms.katalon.core.webui.keyword.builtin.ClickKeyword.execute(ClickKeyword.groovy:40)
	at com.kms.katalon.core.keyword.internal.KeywordExecutor.executeKeywordForPlatform(KeywordExecutor.groovy:74)
	at com.kms.katalon.core.webui.keyword.WebUiBuiltInKeywords.click(WebUiBuiltInKeywords.groovy:620)
	at com.kms.katalon.core.webui.keyword.WebUiBuiltInKeywords$click$5.call(Unknown Source)
	at 13.2 Dreyers Lifecycle conditions _ Partial Submission Backup User field P1 (16.03).run(13.2 Dreyers Lifecycle conditions _ Partial Submission Backup User field P1 (16.03):215)
	at com.kms.katalon.core.main.ScriptEngine.run(ScriptEngine.java:194)
	at com.kms.katalon.core.main.ScriptEngine.runScriptAsRawText(ScriptEngine.java:119)
	at com.kms.katalon.core.main.TestCaseExecutor.runScript(TestCaseExecutor.java:445)
	at com.kms.katalon.core.main.TestCaseExecutor.doExecute(TestCaseExecutor.java:436)
	at com.kms.katalon.core.main.TestCaseExecutor.processExecutionPhase(TestCaseExecutor.java:415)
	at com.kms.katalon.core.main.TestCaseExecutor.accessMainPhase(TestCaseExecutor.java:407)
	at com.kms.katalon.core.main.TestCaseExecutor.execute(TestCaseExecutor.java:284)
	at com.kms.katalon.core.common.CommonExecutor.accessTestCaseMainPhase(CommonExecutor.java:65)
	at com.kms.katalon.core.main.TestSuiteExecutor.accessTestSuiteMainPhase(TestSuiteExecutor.java:144)
	at com.kms.katalon.core.main.TestSuiteExecutor.execute(TestSuiteExecutor.java:106)
	at com.kms.katalon.core.main.TestCaseMain.startTestSuite(TestCaseMain.java:185)
	at com.kms.katalon.core.main.TestCaseMain$startTestSuite$0.call(Unknown Source)
	at TempTestSuite1654791049878.run(TempTestSuite1654791049878.groovy:36)
Caused by: com.kms.katalon.core.webui.exception.WebElementNotFoundException: Web element with id: 'Object Repository/1. Constant/xpath' located by '//*[@id=&quot;source_5254&quot;]/td[15]/a[2]' not found
	at com.kms.katalon.core.webui.common.WebUiCommonHelper.findWebElement(WebUiCommonHelper.java:1370)
	at com.kms.katalon.core.webui.keyword.internal.WebUIAbstractKeyword.findWebElement(WebUIAbstractKeyword.groovy:27)
	at com.kms.katalon.core.webui.keyword.builtin.ClickKeyword$_click_closure1.doCall(ClickKeyword.groovy:65)
	at com.kms.katalon.core.webui.keyword.builtin.ClickKeyword$_click_closure1.call(ClickKeyword.groovy)
	at com.kms.katalon.core.webui.keyword.internal.WebUIKeywordMain.runKeyword(WebUIKeywordMain.groovy:20)
	... 19 more
"/>
         <system-out><![CDATA[2022-06-09 19:18:40 - [TEST_CASE][FAILED] - Test Cases/13. Dreyers Lifecycle condition/13.2 Dreyers Lifecycle conditions _ Partial Submission Backup User field P1 (16.03): Test Cases/13. Dreyers Lifecycle condition/13.2 Dreyers Lifecycle conditions _ Partial Submission Backup User field P1 (16.03) FAILED.
Reason:
com.kms.katalon.core.exception.StepFailedException: Unable to click on object 'Object Repository/1. Constant/xpath'
	at com.kms.katalon.core.webui.keyword.internal.WebUIKeywordMain.stepFailed(WebUIKeywordMain.groovy:64)
	at com.kms.katalon.core.webui.keyword.internal.WebUIKeywordMain.runKeyword(WebUIKeywordMain.groovy:26)
	at com.kms.katalon.core.webui.keyword.builtin.ClickKeyword.click(ClickKeyword.groovy:74)
	at com.kms.katalon.core.webui.keyword.builtin.ClickKeyword.execute(ClickKeyword.groovy:40)
	at com.kms.katalon.core.keyword.internal.KeywordExecutor.executeKeywordForPlatform(KeywordExecutor.groovy:74)
	at com.kms.katalon.core.webui.keyword.WebUiBuiltInKeywords.click(WebUiBuiltInKeywords.groovy:620)
	at com.kms.katalon.core.webui.keyword.WebUiBuiltInKeywords$click$5.call(Unknown Source)
	at 13.2 Dreyers Lifecycle conditions _ Partial Submission Backup User field P1 (16.03).run(13.2 Dreyers Lifecycle conditions _ Partial Submission Backup User field P1 (16.03):215)
	at com.kms.katalon.core.main.ScriptEngine.run(ScriptEngine.java:194)
	at com.kms.katalon.core.main.ScriptEngine.runScriptAsRawText(ScriptEngine.java:119)
	at com.kms.katalon.core.main.TestCaseExecutor.runScript(TestCaseExecutor.java:445)
	at com.kms.katalon.core.main.TestCaseExecutor.doExecute(TestCaseExecutor.java:436)
	at com.kms.katalon.core.main.TestCaseExecutor.processExecutionPhase(TestCaseExecutor.java:415)
	at com.kms.katalon.core.main.TestCaseExecutor.accessMainPhase(TestCaseExecutor.java:407)
	at com.kms.katalon.core.main.TestCaseExecutor.execute(TestCaseExecutor.java:284)
	at com.kms.katalon.core.common.CommonExecutor.accessTestCaseMainPhase(CommonExecutor.java:65)
	at com.kms.katalon.core.main.TestSuiteExecutor.accessTestSuiteMainPhase(TestSuiteExecutor.java:144)
	at com.kms.katalon.core.main.TestSuiteExecutor.execute(TestSuiteExecutor.java:106)
	at com.kms.katalon.core.main.TestCaseMain.startTestSuite(TestCaseMain.java:185)
	at com.kms.katalon.core.main.TestCaseMain$startTestSuite$0.call(Unknown Source)
	at TempTestSuite1654791049878.run(TempTestSuite1654791049878.groovy:36)
Caused by: com.kms.katalon.core.webui.exception.WebElementNotFoundException: Web element with id: 'Object Repository/1. Constant/xpath' located by '//*[@id="source_5254"]/td[15]/a[2]' not found
	at com.kms.katalon.core.webui.common.WebUiCommonHelper.findWebElement(WebUiCommonHelper.java:1370)
	at com.kms.katalon.core.webui.keyword.internal.WebUIAbstractKeyword.findWebElement(WebUIAbstractKeyword.groovy:27)
	at com.kms.katalon.core.webui.keyword.builtin.ClickKeyword$_click_closure1.doCall(ClickKeyword.groovy:65)
	at com.kms.katalon.core.webui.keyword.builtin.ClickKeyword$_click_closure1.call(ClickKeyword.groovy)
	at com.kms.katalon.core.webui.keyword.internal.WebUIKeywordMain.runKeyword(WebUIKeywordMain.groovy:20)
	... 19 more


2022-06-09 19:18:42 - [TEST_STEP][PASSED] - data_Dreyers = findTestData("Data Files/Username_Password/Dreyer"): null

2022-06-09 19:18:42 - [TEST_STEP][PASSED] - password_suser = data_Dreyers.getValue(2, 1): null

2022-06-09 19:18:42 - [TEST_STEP][PASSED] - password_blemco = data_Dreyers.getValue(2, 2): null

2022-06-09 19:18:42 - [TEST_STEP][PASSED] - password_amassoth = data_Dreyers.getValue(2, 3): null

2022-06-09 19:18:42 - [TEST_STEP][PASSED] - password_bharandi = data_Dreyers.getValue(2, 4): null

2022-06-09 19:18:42 - [TEST_STEP][PASSED] - password_mbaughman = data_Dreyers.getValue(2, 5): null

2022-06-09 19:18:42 - [TEST_STEP][PASSED] - password_nturner = data_Dreyers.getValue(2, 6): null

2022-06-09 19:18:42 - [TEST_STEP][PASSED] - password_talexeeva = data_Dreyers.getValue(2, 7): null

2022-06-09 19:18:42 - [TEST_STEP][PASSED] - data_urlRELAUTO = findTestData("Data Files/URL/URL_relauto"): null

2022-06-09 19:18:42 - [TEST_STEP][PASSED] - Url_Dreyer = data_urlRELAUTO.getValue(2, 4): null

2022-06-09 19:18:42 - [TEST_STEP][PASSED] - I.clearnotepad("D:\Upoad_File\Projet_ Login\Dreyers\13.2\13.2_Dreyers_ProjectNo.txt"): null

2022-06-09 19:18:42 - [TEST_STEP][PASSED] - I.clearnotepad("D:\Upoad_File\Projet_ Login\Dreyers\13.2\13.2_Dreyers_refID_Deliverable(D).txt"): null

2022-06-09 19:18:42 - [TEST_STEP][PASSED] - I.clearnotepad("D:\Upoad_File\Projet_ Login\Dreyers\13.2\13.2_Dreyers_refID_Design(M).txt"): null

2022-06-09 19:18:42 - [TEST_STEP][PASSED] - I.clearnotepad("D:\Upoad_File\Projet_ Login\Dreyers\13.2\13.2_Dreyers_refID_APL(GD).txt"): null

2022-06-09 19:18:42 - [TEST_STEP][PASSED] - I.clearnotepad("D:\Upoad_File\Projet_ Login\Dreyers\13.2\13.2_Dreyers_refID_LI(GD).txt"): null

2022-06-09 19:18:42 - [TEST_STEP][PASSED] - openBrowser(Url_Dreyer): Browser is opened with url: 'http://mdb-release.diadeis.lan/MediaboxIndependence/?MBI_datasource=RELTESTAUTO_DREYERS'

2022-06-09 19:18:42 - [MESSAGE][WARNING] - A browser is already opened. Closing browser and opening a new one

2022-06-09 19:18:55 - [MESSAGE][INFO] - Starting 'Chrome (headless)' driver

2022-06-09 19:18:55 - [MESSAGE][INFO] - User set preference: ['args', '[--window-size=1920,1080, --headless]']

2022-06-09 19:18:55 - [MESSAGE][INFO] - Action delay is set to 0 milliseconds

2022-06-09 19:19:29 - [MESSAGE][PASSED] - Browser is opened with url: 'http://mdb-release.diadeis.lan/MediaboxIndependence/?MBI_datasource=RELTESTAUTO_DREYERS'

2022-06-09 19:19:29 - [TEST_STEP][PASSED] - maximizeWindow(): Current window maximized

2022-06-09 19:19:30 - [MESSAGE][PASSED] - Current window maximized

2022-06-09 19:19:30 - [TEST_STEP][PASSED] - waitForPageLoad(30): Wait for page load successfully

2022-06-09 19:19:30 - [MESSAGE][PASSED] - Wait for page load successfully

2022-06-09 19:19:30 - [TEST_STEP][PASSED] - takeScreenshot(): Taking screenshot successfully

2022-06-09 19:19:31 - [MESSAGE][PASSED] - Taking screenshot successfully
[[ATTACHMENT|D:\\Projet Test Auto\\Mediabox Test Automation\\Reports\\20220609_181011\\03. Parallel Testing (Testing)\\TS -PT PART 3\\07 Tag Sephora Dreyers _ Empty Group _Lifecycle condition\\20220609_181049\\1654795170883.png]]

2022-06-09 19:19:31 - [TEST_STEP][PASSED] - I.Login_password("blemco", password_blemco): Object: 'Object Repository/1. Constant/xpath' is clicked on

2022-06-09 19:19:35 - [MESSAGE][PASSED] - Text 'blemco' is set on object 'Object Repository/1. Constant/xpath'

2022-06-09 19:19:36 - [MESSAGE][PASSED] - Delayed 1 second(s)

2022-06-09 19:19:38 - [MESSAGE][PASSED] - Text 'diadeis1' is set on object 'Object Repository/1. Constant/xpath'

2022-06-09 19:19:39 - [MESSAGE][PASSED] - Delayed 1 second(s)

2022-06-09 19:19:54 - [MESSAGE][PASSED] - Object: 'Object Repository/1. Constant/xpath' is clicked on

2022-06-09 19:19:54 - [TEST_STEP][PASSED] - click(findTestObject("1. Constant/02_LHSMenu_Projects")): Object: 'Object Repository/1. Constant/02_LHSMenu_Projects' is clicked on

2022-06-09 19:19:59 - [MESSAGE][PASSED] - Object: 'Object Repository/1. Constant/02_LHSMenu_Projects' is clicked on

2022-06-09 19:19:59 - [TEST_STEP][PASSED] - click(findTestObject("1. Constant/xpath", ["xpath":"//*[@id="kt_content"]/div[3]/div/div/div[1]/div[2]/a[1]"])): Object: 'Object Repository/1. Constant/xpath' is clicked on

2022-06-09 19:20:02 - [MESSAGE][PASSED] - Object: 'Object Repository/1. Constant/xpath' is clicked on

2022-06-09 19:20:02 - [TEST_STEP][PASSED] - takeScreenshot(): Taking screenshot successfully

2022-06-09 19:20:02 - [MESSAGE][PASSED] - Taking screenshot successfully
[[ATTACHMENT|D:\\Projet Test Auto\\Mediabox Test Automation\\Reports\\20220609_181011\\03. Parallel Testing (Testing)\\TS -PT PART 3\\07 Tag Sephora Dreyers _ Empty Group _Lifecycle condition\\20220609_181049\\1654795202653.png]]

2022-06-09 19:20:02 - [TEST_STEP][PASSED] - I.click_button_javascript(findTestObject("1. Constant/xpath", ["xpath":"//*[@id="field_var_24"]/div/div/label[2]"])): Execute JavaScript 'arguments[0].click()' successfully

2022-06-09 19:20:03 - [MESSAGE][PASSED] - Execute JavaScript 'arguments[0].click()' successfully

2022-06-09 19:20:03 - [TEST_STEP][PASSED] - selectOptionByValue(findTestObject("1. Constant/xpath", ["xpath":"//*[@id="var_89"]"]), "123", false): All options with value '123' are selected in object 'Object Repository/1. Constant/xpath' 

2022-06-09 19:20:03 - [MESSAGE][PASSED] - All options with value '123' are selected in object 'Object Repository/1. Constant/xpath' 

2022-06-09 19:20:03 - [TEST_STEP][PASSED] - selectOptionByValue(findTestObject("1. Constant/xpath", ["xpath":"//*[@id="selSource_25"]"]), "modonnell", false): All options with value 'modonnell' are selected in object 'Object Repository/1. Constant/xpath' 

2022-06-09 19:20:04 - [MESSAGE][PASSED] - All options with value 'modonnell' are selected in object 'Object Repository/1. Constant/xpath' 

2022-06-09 19:20:04 - [TEST_STEP][PASSED] - I.select_multiplelist("//*[@id="selSource_25"]", "//*[@id="btnAdd_25"]", "blemco"): Delayed 1 second(s)

2022-06-09 19:20:05 - [MESSAGE][PASSED] - Delayed 1 second(s)

2022-06-09 19:20:05 - [MESSAGE][PASSED] - All options with value 'blemco' are selected in object 'Object Repository/1. Constant/xpath' 

2022-06-09 19:20:07 - [MESSAGE][PASSED] - Delayed 2 second(s)

2022-06-09 19:20:08 - [MESSAGE][PASSED] - Object: 'Object Repository/1. Constant/xpath' is clicked on

2022-06-09 19:20:09 - [MESSAGE][PASSED] - Delayed 1 second(s)

2022-06-09 19:20:09 - [TEST_STEP][PASSED] - selectOptionByValue(findTestObject("1. Constant/xpath", ["xpath":"//*[@id="var_9"]"]), "18", false): All options with value '18' are selected in object 'Object Repository/1. Constant/xpath' 

2022-06-09 19:20:12 - [MESSAGE][PASSED] - All options with value '18' are selected in object 'Object Repository/1. Constant/xpath' 

2022-06-09 19:20:12 - [TEST_STEP][PASSED] - selectOptionByValue(findTestObject("1. Constant/xpath", ["xpath":"//*[@id="var_52"]"]), "108", false): All options with value '108' are selected in object 'Object Repository/1. Constant/xpath' 

2022-06-09 19:20:12 - [MESSAGE][PASSED] - All options with value '108' are selected in object 'Object Repository/1. Constant/xpath' 

2022-06-09 19:20:12 - [TEST_STEP][PASSED] - project_name = "Auto_LifecycleCondition_Backup_" + RandomStringUtils.randomAlphanumeric(3) + "_" + I.gettimedate(): null

2022-06-09 19:20:12 - [TEST_STEP][PASSED] - setText(findTestObject("1. Constant/xpath", ["xpath":"//*[@id="var_91"]"]), project_name): Text 'Auto_LifecycleCondition_Backup_5jW_juin092022_192012' is set on object 'Object Repository/1. Constant/xpath'

2022-06-09 19:20:13 - [MESSAGE][PASSED] - Text 'Auto_LifecycleCondition_Backup_5jW_juin092022_192012' is set on object 'Object Repository/1. Constant/xpath'

2022-06-09 19:20:13 - [TEST_STEP][PASSED] - selectOptionByValue(findTestObject("1. Constant/xpath", ["xpath":"//*[@id="var_30"]"]), "97", false): All options with value '97' are selected in object 'Object Repository/1. Constant/xpath' 

2022-06-09 19:20:13 - [MESSAGE][PASSED] - All options with value '97' are selected in object 'Object Repository/1. Constant/xpath' 

2022-06-09 19:20:13 - [TEST_STEP][PASSED] - selectOptionByValue(findTestObject("1. Constant/xpath", ["xpath":"//*[@id="var_11"]"]), "334", false): All options with value '334' are selected in object 'Object Repository/1. Constant/xpath' 

2022-06-09 19:20:13 - [MESSAGE][PASSED] - All options with value '334' are selected in object 'Object Repository/1. Constant/xpath' 

2022-06-09 19:20:13 - [TEST_STEP][PASSED] - setText(findTestObject("1. Constant/xpath", ["xpath":"//*[@id="var_22"]"]), "01/01/2030"): Text '01/01/2030' is set on object 'Object Repository/1. Constant/xpath'

2022-06-09 19:20:15 - [MESSAGE][PASSED] - Text '01/01/2030' is set on object 'Object Repository/1. Constant/xpath'

2022-06-09 19:20:15 - [TEST_STEP][PASSED] - setText(findTestObject("1. Constant/xpath", ["xpath":"//*[@id="var_23"]"]), "01/01/2030"): Text '01/01/2030' is set on object 'Object Repository/1. Constant/xpath'

2022-06-09 19:20:15 - [MESSAGE][PASSED] - Text '01/01/2030' is set on object 'Object Repository/1. Constant/xpath'

2022-06-09 19:20:15 - [TEST_STEP][PASSED] - setText(findTestObject("1. Constant/xpath", ["xpath":"//*[@id="var_14"]"]), "01/01/2030"): Text '01/01/2030' is set on object 'Object Repository/1. Constant/xpath'

2022-06-09 19:20:16 - [MESSAGE][PASSED] - Text '01/01/2030' is set on object 'Object Repository/1. Constant/xpath'

2022-06-09 19:20:16 - [TEST_STEP][PASSED] - selectOptionByValue(findTestObject("1. Constant/xpath", ["xpath":"//*[@id="selSource_13"]"]), "mbaughman", false): All options with value 'mbaughman' are selected in object 'Object Repository/1. Constant/xpath' 

2022-06-09 19:20:16 - [MESSAGE][PASSED] - All options with value 'mbaughman' are selected in object 'Object Repository/1. Constant/xpath' 

2022-06-09 19:20:16 - [TEST_STEP][PASSED] - I.select_multiplelist("//*[@id="selSource_13"]", "//*[@id="btnAdd_13"]", "rjaiven"): Delayed 1 second(s)

2022-06-09 19:20:17 - [MESSAGE][PASSED] - Delayed 1 second(s)

2022-06-09 19:20:18 - [MESSAGE][PASSED] - All options with value 'rjaiven' are selected in object 'Object Repository/1. Constant/xpath' 

2022-06-09 19:20:20 - [MESSAGE][PASSED] - Delayed 2 second(s)

2022-06-09 19:20:20 - [MESSAGE][PASSED] - Object: 'Object Repository/1. Constant/xpath' is clicked on

2022-06-09 19:20:21 - [MESSAGE][PASSED] - Delayed 1 second(s)

2022-06-09 19:20:21 - [TEST_STEP][PASSED] - selectOptionByValue(findTestObject("1. Constant/xpath", ["xpath":"//*[@id="selSource_27"]"]), "amassoth", false): All options with value 'amassoth' are selected in object 'Object Repository/1. Constant/xpath' 

2022-06-09 19:20:25 - [MESSAGE][PASSED] - All options with value 'amassoth' are selected in object 'Object Repository/1. Constant/xpath' 

2022-06-09 19:20:25 - [TEST_STEP][PASSED] - I.select_multiplelist("//*[@id="selSource_27"]", "//*[@id="btnAdd_27"]", "nturner"): Delayed 1 second(s)

2022-06-09 19:20:26 - [MESSAGE][PASSED] - Delayed 1 second(s)

2022-06-09 19:20:30 - [MESSAGE][PASSED] - All options with value 'nturner' are selected in object 'Object Repository/1. Constant/xpath' 

2022-06-09 19:20:32 - [MESSAGE][PASSED] - Delayed 2 second(s)

2022-06-09 19:20:32 - [MESSAGE][PASSED] - Object: 'Object Repository/1. Constant/xpath' is clicked on

2022-06-09 19:20:33 - [MESSAGE][PASSED] - Delayed 1 second(s)

2022-06-09 19:20:33 - [TEST_STEP][PASSED] - I.select_multiplelist("//*[@id="selSource_167"]", "//*[@id="btnAdd_167"]", "lmary"): Delayed 1 second(s)

2022-06-09 19:20:34 - [MESSAGE][PASSED] - Delayed 1 second(s)

2022-06-09 19:20:34 - [MESSAGE][PASSED] - All options with value 'lmary' are selected in object 'Object Repository/1. Constant/xpath' 

2022-06-09 19:20:36 - [MESSAGE][PASSED] - Delayed 2 second(s)

2022-06-09 19:20:36 - [MESSAGE][PASSED] - Object: 'Object Repository/1. Constant/xpath' is clicked on

2022-06-09 19:20:37 - [MESSAGE][PASSED] - Delayed 1 second(s)

2022-06-09 19:20:37 - [TEST_STEP][PASSED] - selectOptionByValue(findTestObject("1. Constant/xpath", ["xpath":"//*[@id="selSource_166"]"]), "bbenjamin", false): All options with value 'bbenjamin' are selected in object 'Object Repository/1. Constant/xpath' 

2022-06-09 19:20:39 - [MESSAGE][PASSED] - All options with value 'bbenjamin' are selected in object 'Object Repository/1. Constant/xpath' 

2022-06-09 19:20:39 - [TEST_STEP][PASSED] - I.select_multiplelist("//*[@id="selSource_166"]", "//*[@id="btnAdd_166"]", "lschwabe"): Delayed 1 second(s)

2022-06-09 19:20:40 - [MESSAGE][PASSED] - Delayed 1 second(s)

2022-06-09 19:20:40 - [MESSAGE][PASSED] - All options with value 'lschwabe' are selected in object 'Object Repository/1. Constant/xpath' 

2022-06-09 19:20:42 - [MESSAGE][PASSED] - Delayed 2 second(s)

2022-06-09 19:20:43 - [MESSAGE][PASSED] - Object: 'Object Repository/1. Constant/xpath' is clicked on

2022-06-09 19:20:44 - [MESSAGE][PASSED] - Delayed 1 second(s)

2022-06-09 19:20:44 - [TEST_STEP][PASSED] - I.select_multiplelist("//*[@id="selSource_26"]", "//*[@id="btnAdd_26"]", "talexeeva"): Delayed 1 second(s)

2022-06-09 19:20:45 - [MESSAGE][PASSED] - Delayed 1 second(s)

2022-06-09 19:20:45 - [MESSAGE][PASSED] - All options with value 'talexeeva' are selected in object 'Object Repository/1. Constant/xpath' 

2022-06-09 19:20:47 - [MESSAGE][PASSED] - Delayed 2 second(s)

2022-06-09 19:20:47 - [MESSAGE][PASSED] - Object: 'Object Repository/1. Constant/xpath' is clicked on

2022-06-09 19:20:48 - [MESSAGE][PASSED] - Delayed 1 second(s)

2022-06-09 19:20:48 - [TEST_STEP][PASSED] - selectOptionByValue(findTestObject("1. Constant/xpath", ["xpath":"//*[@id="selSource_29"]"]), "bharandi", false): All options with value 'bharandi' are selected in object 'Object Repository/1. Constant/xpath' 

2022-06-09 19:20:49 - [MESSAGE][PASSED] - All options with value 'bharandi' are selected in object 'Object Repository/1. Constant/xpath' 

2022-06-09 19:20:49 - [TEST_STEP][PASSED] - selectOptionByValue(findTestObject("1. Constant/xpath", ["xpath":"//*[@id="selSource_29"]"]), "bmilhomme", false): All options with value 'bmilhomme' are selected in object 'Object Repository/1. Constant/xpath' 

2022-06-09 19:20:50 - [MESSAGE][PASSED] - All options with value 'bmilhomme' are selected in object 'Object Repository/1. Constant/xpath' 

2022-06-09 19:20:50 - [TEST_STEP][PASSED] - I.select_multiplelist("//*[@id="selSource_29"]", "//*[@id="btnAdd_29"]", "rmorrone_2"): Delayed 1 second(s)

2022-06-09 19:20:51 - [MESSAGE][PASSED] - Delayed 1 second(s)

2022-06-09 19:20:51 - [MESSAGE][PASSED] - All options with value 'rmorrone_2' are selected in object 'Object Repository/1. Constant/xpath' 

2022-06-09 19:20:53 - [MESSAGE][PASSED] - Delayed 2 second(s)

2022-06-09 19:20:55 - [MESSAGE][PASSED] - Object: 'Object Repository/1. Constant/xpath' is clicked on

2022-06-09 19:20:56 - [MESSAGE][PASSED] - Delayed 1 second(s)

2022-06-09 19:20:56 - [TEST_STEP][PASSED] - I.Pagedown(): Execute JavaScript 'window.scrollTo(0, document.body.scrollHeight)' successfully

2022-06-09 19:20:56 - [MESSAGE][PASSED] - Execute JavaScript 'window.scrollTo(0, document.body.scrollHeight)' successfully

2022-06-09 19:20:56 - [TEST_STEP][PASSED] - click(findTestObject("1. Constant/xpath", ["xpath":"//*[@id="ModifFiche"]/div[3]/div/button"])): Object: 'Object Repository/1. Constant/xpath' is clicked on

2022-06-09 19:21:00 - [MESSAGE][PASSED] - Object: 'Object Repository/1. Constant/xpath' is clicked on

2022-06-09 19:21:00 - [TEST_STEP][PASSED] - delay(10): Delayed 10 second(s)

2022-06-09 19:21:10 - [MESSAGE][PASSED] - Delayed 10 second(s)

2022-06-09 19:21:10 - [TEST_STEP][PASSED] - Project_No = I.ProjectNo(): Current window's url is: 'http://mdb-release.diadeis.lan/MediaboxIndependence/Base/ExecAction?IDSession=MBI%21RELTESTAUTO_DREYERS%21GDF5WS9AVGIESN999NV01Y8RJS9UUKLFGG5ZXZHW&default_action=AfficheFichesProjet&id_project=MI000879'

2022-06-09 19:21:15 - [MESSAGE][PASSED] - Delayed 5 second(s)

2022-06-09 19:21:15 - [MESSAGE][PASSED] - Current window's url is: 'http://mdb-release.diadeis.lan/MediaboxIndependence/Base/ExecAction?IDSession=MBI%21RELTESTAUTO_DREYERS%21GDF5WS9AVGIESN999NV01Y8RJS9UUKLFGG5ZXZHW&default_action=AfficheFichesProjet&id_project=MI000879'

2022-06-09 19:21:15 - [TEST_STEP][PASSED] - takeScreenshot(): Taking screenshot successfully

2022-06-09 19:21:17 - [MESSAGE][PASSED] - Taking screenshot successfully
[[ATTACHMENT|D:\\Projet Test Auto\\Mediabox Test Automation\\Reports\\20220609_181011\\03. Parallel Testing (Testing)\\TS -PT PART 3\\07 Tag Sephora Dreyers _ Empty Group _Lifecycle condition\\20220609_181049\\1654795276369.png]]

2022-06-09 19:21:17 - [TEST_STEP][PASSED] - click(findTestObject("1. Constant/xpath", ["xpath":"//*[@id="create_ref_btn"]/button"])): Object: 'Object Repository/1. Constant/xpath' is clicked on

2022-06-09 19:21:18 - [MESSAGE][PASSED] - Object: 'Object Repository/1. Constant/xpath' is clicked on

2022-06-09 19:21:18 - [TEST_STEP][PASSED] - delay(1): Delayed 1 second(s)

2022-06-09 19:21:19 - [MESSAGE][PASSED] - Delayed 1 second(s)

2022-06-09 19:21:19 - [TEST_STEP][PASSED] - click(findTestObject("1. Constant/xpath", ["xpath":"//*[@id="create_ref_btn"]/div/a"])): Object: 'Object Repository/1. Constant/xpath' is clicked on

2022-06-09 19:21:20 - [MESSAGE][PASSED] - Object: 'Object Repository/1. Constant/xpath' is clicked on

2022-06-09 19:21:20 - [TEST_STEP][PASSED] - ref_name = RandomStringUtils.randomAlphanumeric(5) + "_Auto_" + I.gettimedate(): null

2022-06-09 19:21:20 - [TEST_STEP][PASSED] - setText(findTestObject("1. Constant/xpath", ["xpath":"//*[@id="var_name"]"]), ref_name): Text 'wZhlu_Auto_juin092022_192120' is set on object 'Object Repository/1. Constant/xpath'

2022-06-09 19:21:21 - [MESSAGE][PASSED] - Text 'wZhlu_Auto_juin092022_192120' is set on object 'Object Repository/1. Constant/xpath'

2022-06-09 19:21:21 - [TEST_STEP][PASSED] - click(findTestObject("1. Constant/xpath", ["xpath":"//*[@id="ModifFiche"]/div[2]/div[2]/div/button"])): Object: 'Object Repository/1. Constant/xpath' is clicked on

2022-06-09 19:21:27 - [MESSAGE][PASSED] - Object: 'Object Repository/1. Constant/xpath' is clicked on

2022-06-09 19:21:27 - [TEST_STEP][PASSED] - takeScreenshot(): Taking screenshot successfully

2022-06-09 19:21:27 - [MESSAGE][PASSED] - Taking screenshot successfully
[[ATTACHMENT|D:\\Projet Test Auto\\Mediabox Test Automation\\Reports\\20220609_181011\\03. Parallel Testing (Testing)\\TS -PT PART 3\\07 Tag Sephora Dreyers _ Empty Group _Lifecycle condition\\20220609_181049\\1654795287484.png]]

2022-06-09 19:21:27 - [TEST_STEP][PASSED] - delay(1): Delayed 1 second(s)

2022-06-09 19:21:28 - [MESSAGE][PASSED] - Delayed 1 second(s)

2022-06-09 19:21:28 - [TEST_STEP][PASSED] - click(findTestObject("1. Constant/xpath", ["xpath":"/html/body/div[1]/div[2]/div[4]/div[3]/div/div[2]/div[2]/div[1]/table/tbody/tr/td[6]/a"])): Object: 'Object Repository/1. Constant/xpath' is clicked on

2022-06-09 19:21:31 - [MESSAGE][PASSED] - Object: 'Object Repository/1. Constant/xpath' is clicked on

2022-06-09 19:21:31 - [TEST_STEP][PASSED] - refID = I.RefID(): Current window's url is: 'http://mdb-release.diadeis.lan/MediaboxIndependence/Base/ExecAction?action=VoirRef&IDSession=MBI!RELTESTAUTO_DREYERS!GDF5WS9AVGIESN999NV01Y8RJS9UUKLFGG5ZXZHW&num=JKKLVZQ379&id_ref=5253'

2022-06-09 19:21:36 - [MESSAGE][PASSED] - Delayed 5 second(s)

2022-06-09 19:21:36 - [MESSAGE][PASSED] - Current window's url is: 'http://mdb-release.diadeis.lan/MediaboxIndependence/Base/ExecAction?action=VoirRef&IDSession=MBI!RELTESTAUTO_DREYERS!GDF5WS9AVGIESN999NV01Y8RJS9UUKLFGG5ZXZHW&num=JKKLVZQ379&id_ref=5253'

2022-06-09 19:21:36 - [TEST_STEP][PASSED] - refID_daughter1 = Integer.parseInt(refID) + 1: null

2022-06-09 19:21:36 - [TEST_STEP][PASSED] - refID_LI = Integer.parseInt(refID) + 2: null

2022-06-09 19:21:36 - [TEST_STEP][PASSED] - refID_APL = Integer.parseInt(refID) + 3: null

2022-06-09 19:21:36 - [TEST_STEP][PASSED] - I.print(refID): null

2022-06-09 19:21:36 - [TEST_STEP][PASSED] - I.print(refID_daughter1): null

2022-06-09 19:21:36 - [TEST_STEP][PASSED] - click(findTestObject("1. Constant/xpath", ["xpath":"//*[@id="kt_subheader"]/div/nav/ol/li[2]/a"])): Object: 'Object Repository/1. Constant/xpath' is clicked on

2022-06-09 19:21:39 - [MESSAGE][PASSED] - Object: 'Object Repository/1. Constant/xpath' is clicked on

2022-06-09 19:21:39 - [TEST_STEP][PASSED] - lifecyclestatus1 = getText(findTestObject("1. Constant/xpath", ["xpath":"//*[@id="source_" + refID + ""]/td[12]/span"])): Text of object 'Object Repository/1. Constant/xpath' is: 'Complete'

2022-06-09 19:21:40 - [MESSAGE][PASSED] - Text of object 'Object Repository/1. Constant/xpath' is: 'Complete'

2022-06-09 19:21:40 - [TEST_STEP][PASSED] - verifyMatch(lifecyclestatus1, "Complete", false): Actual text 'Complete' and expected text 'Complete' are matched 

2022-06-09 19:21:40 - [MESSAGE][PASSED] - Actual text 'Complete' and expected text 'Complete' are matched 

2022-06-09 19:21:40 - [TEST_STEP][PASSED] - click(findTestObject("TAG/id_refid_td13_a", ["refID":"source_" + refID])): Object: 'Object Repository/TAG/id_refid_td13_a' is clicked on

2022-06-09 19:21:43 - [MESSAGE][PASSED] - Object: 'Object Repository/TAG/id_refid_td13_a' is clicked on

2022-06-09 19:21:43 - [TEST_STEP][PASSED] - click(findTestObject("1. Constant/xpath", ["xpath":"//*[@id="type_save"]"])): Object: 'Object Repository/1. Constant/xpath' is clicked on

2022-06-09 19:21:48 - [MESSAGE][PASSED] - Object: 'Object Repository/1. Constant/xpath' is clicked on

2022-06-09 19:21:48 - [TEST_STEP][PASSED] - delay(3): Delayed 3 second(s)

2022-06-09 19:21:51 - [MESSAGE][PASSED] - Delayed 3 second(s)

2022-06-09 19:21:51 - [TEST_STEP][FAILED] - click(findTestObject("1. Constant/xpath", ["xpath":"//*[@id="source_" + refID_daughter1 + ""]/td[15]/a[2]"])): Unable to click on object 'Object Repository/1. Constant/xpath' (Root cause: com.kms.katalon.core.exception.StepFailedException: Unable to click on object 'Object Repository/1. Constant/xpath'
	at com.kms.katalon.core.webui.keyword.internal.WebUIKeywordMain.stepFailed(WebUIKeywordMain.groovy:64)
	at com.kms.katalon.core.webui.keyword.internal.WebUIKeywordMain.runKeyword(WebUIKeywordMain.groovy:26)
	at com.kms.katalon.core.webui.keyword.builtin.ClickKeyword.click(ClickKeyword.groovy:74)
	at com.kms.katalon.core.webui.keyword.builtin.ClickKeyword.execute(ClickKeyword.groovy:40)
	at com.kms.katalon.core.keyword.internal.KeywordExecutor.executeKeywordForPlatform(KeywordExecutor.groovy:74)
	at com.kms.katalon.core.webui.keyword.WebUiBuiltInKeywords.click(WebUiBuiltInKeywords.groovy:620)
	at com.kms.katalon.core.webui.keyword.WebUiBuiltInKeywords$click$5.call(Unknown Source)
	at 13.2 Dreyers Lifecycle conditions _ Partial Submission Backup User field P1 (16.03).run(13.2 Dreyers Lifecycle conditions _ Partial Submission Backup User field P1 (16.03):215)
	at com.kms.katalon.core.main.ScriptEngine.run(ScriptEngine.java:194)
	at com.kms.katalon.core.main.ScriptEngine.runScriptAsRawText(ScriptEngine.java:119)
	at com.kms.katalon.core.main.TestCaseExecutor.runScript(TestCaseExecutor.java:445)
	at com.kms.katalon.core.main.TestCaseExecutor.doExecute(TestCaseExecutor.java:436)
	at com.kms.katalon.core.main.TestCaseExecutor.processExecutionPhase(TestCaseExecutor.java:415)
	at com.kms.katalon.core.main.TestCaseExecutor.accessMainPhase(TestCaseExecutor.java:407)
	at com.kms.katalon.core.main.TestCaseExecutor.execute(TestCaseExecutor.java:284)
	at com.kms.katalon.core.common.CommonExecutor.accessTestCaseMainPhase(CommonExecutor.java:65)
	at com.kms.katalon.core.main.TestSuiteExecutor.accessTestSuiteMainPhase(TestSuiteExecutor.java:144)
	at com.kms.katalon.core.main.TestSuiteExecutor.execute(TestSuiteExecutor.java:106)
	at com.kms.katalon.core.main.TestCaseMain.startTestSuite(TestCaseMain.java:185)
	at com.kms.katalon.core.main.TestCaseMain$startTestSuite$0.call(Unknown Source)
	at TempTestSuite1654791049878.run(TempTestSuite1654791049878.groovy:36)
Caused by: com.kms.katalon.core.webui.exception.WebElementNotFoundException: Web element with id: 'Object Repository/1. Constant/xpath' located by '//*[@id="source_5254"]/td[15]/a[2]' not found
	at com.kms.katalon.core.webui.common.WebUiCommonHelper.findWebElement(WebUiCommonHelper.java:1370)
	at com.kms.katalon.core.webui.keyword.internal.WebUIAbstractKeyword.findWebElement(WebUIAbstractKeyword.groovy:27)
	at com.kms.katalon.core.webui.keyword.builtin.ClickKeyword$_click_closure1.doCall(ClickKeyword.groovy:65)
	at com.kms.katalon.core.webui.keyword.builtin.ClickKeyword$_click_closure1.call(ClickKeyword.groovy)
	at com.kms.katalon.core.webui.keyword.internal.WebUIKeywordMain.runKeyword(WebUIKeywordMain.groovy:20)
	at com.kms.katalon.core.webui.keyword.builtin.ClickKeyword.click(ClickKeyword.groovy:74)
	at com.kms.katalon.core.webui.keyword.builtin.ClickKeyword.execute(ClickKeyword.groovy:40)
	at com.kms.katalon.core.keyword.internal.KeywordExecutor.executeKeywordForPlatform(KeywordExecutor.groovy:74)
	at com.kms.katalon.core.webui.keyword.WebUiBuiltInKeywords.click(WebUiBuiltInKeywords.groovy:620)
	at com.kms.katalon.core.webui.keyword.WebUiBuiltInKeywords$click$5.call(Unknown Source)
	at Script1638871539646.run(Script1638871539646.groovy:215)
	... 13 more
)

2022-06-09 19:22:22 - [MESSAGE][INFO] - Unable to find the element located by 'By.xpath: //*[@id="source_5254"]/td[15]/a[2]'. Please recheck the objects properties to make sure the desired element is located. 

2022-06-09 19:22:23 - [MESSAGE][FAILED] - Unable to click on object 'Object Repository/1. Constant/xpath' (Root cause: com.kms.katalon.core.exception.StepFailedException: Unable to click on object 'Object Repository/1. Constant/xpath'
	at com.kms.katalon.core.webui.keyword.internal.WebUIKeywordMain.stepFailed(WebUIKeywordMain.groovy:64)
	at com.kms.katalon.core.webui.keyword.internal.WebUIKeywordMain.runKeyword(WebUIKeywordMain.groovy:26)
	at com.kms.katalon.core.webui.keyword.builtin.ClickKeyword.click(ClickKeyword.groovy:74)
	at com.kms.katalon.core.webui.keyword.builtin.ClickKeyword.execute(ClickKeyword.groovy:40)
	at com.kms.katalon.core.keyword.internal.KeywordExecutor.executeKeywordForPlatform(KeywordExecutor.groovy:74)
	at com.kms.katalon.core.webui.keyword.WebUiBuiltInKeywords.click(WebUiBuiltInKeywords.groovy:620)
	at com.kms.katalon.core.webui.keyword.WebUiBuiltInKeywords$click$5.call(Unknown Source)
	at 13.2 Dreyers Lifecycle conditions _ Partial Submission Backup User field P1 (16.03).run(13.2 Dreyers Lifecycle conditions _ Partial Submission Backup User field P1 (16.03):215)
	at com.kms.katalon.core.main.ScriptEngine.run(ScriptEngine.java:194)
	at com.kms.katalon.core.main.ScriptEngine.runScriptAsRawText(ScriptEngine.java:119)
	at com.kms.katalon.core.main.TestCaseExecutor.runScript(TestCaseExecutor.java:445)
	at com.kms.katalon.core.main.TestCaseExecutor.doExecute(TestCaseExecutor.java:436)
	at com.kms.katalon.core.main.TestCaseExecutor.processExecutionPhase(TestCaseExecutor.java:415)
	at com.kms.katalon.core.main.TestCaseExecutor.accessMainPhase(TestCaseExecutor.java:407)
	at com.kms.katalon.core.main.TestCaseExecutor.execute(TestCaseExecutor.java:284)
	at com.kms.katalon.core.common.CommonExecutor.accessTestCaseMainPhase(CommonExecutor.java:65)
	at com.kms.katalon.core.main.TestSuiteExecutor.accessTestSuiteMainPhase(TestSuiteExecutor.java:144)
	at com.kms.katalon.core.main.TestSuiteExecutor.execute(TestSuiteExecutor.java:106)
	at com.kms.katalon.core.main.TestCaseMain.startTestSuite(TestCaseMain.java:185)
	at com.kms.katalon.core.main.TestCaseMain$startTestSuite$0.call(Unknown Source)
	at TempTestSuite1654791049878.run(TempTestSuite1654791049878.groovy:36)
Caused by: com.kms.katalon.core.webui.exception.WebElementNotFoundException: Web element with id: 'Object Repository/1. Constant/xpath' located by '//*[@id="source_5254"]/td[15]/a[2]' not found
	at com.kms.katalon.core.webui.common.WebUiCommonHelper.findWebElement(WebUiCommonHelper.java:1370)
	at com.kms.katalon.core.webui.keyword.internal.WebUIAbstractKeyword.findWebElement(WebUIAbstractKeyword.groovy:27)
	at com.kms.katalon.core.webui.keyword.builtin.ClickKeyword$_click_closure1.doCall(ClickKeyword.groovy:65)
	at com.kms.katalon.core.webui.keyword.builtin.ClickKeyword$_click_closure1.call(ClickKeyword.groovy)
	at com.kms.katalon.core.webui.keyword.internal.WebUIKeywordMain.runKeyword(WebUIKeywordMain.groovy:20)
	at com.kms.katalon.core.webui.keyword.builtin.ClickKeyword.click(ClickKeyword.groovy:74)
	at com.kms.katalon.core.webui.keyword.builtin.ClickKeyword.execute(ClickKeyword.groovy:40)
	at com.kms.katalon.core.keyword.internal.KeywordExecutor.executeKeywordForPlatform(KeywordExecutor.groovy:74)
	at com.kms.katalon.core.webui.keyword.WebUiBuiltInKeywords.click(WebUiBuiltInKeywords.groovy:620)
	at com.kms.katalon.core.webui.keyword.WebUiBuiltInKeywords$click$5.call(Unknown Source)
	at Script1638871539646.run(Script1638871539646.groovy:215)
	... 13 more
)
[[ATTACHMENT|D:\\Projet Test Auto\\Mediabox Test Automation\\Reports\\20220609_181011\\03. Parallel Testing (Testing)\\TS -PT PART 3\\07 Tag Sephora Dreyers _ Empty Group _Lifecycle condition\\20220609_181049\\1654795342881.png]]

2022-06-09 19:22:23 - [TEST_STEP][PASSED] - Start listener action : sampleAfterTestCase: null]]></system-out>
         <system-err><![CDATA[2022-06-09 19:18:40 - [TEST_CASE][FAILED] - Test Cases/13. Dreyers Lifecycle condition/13.2 Dreyers Lifecycle conditions _ Partial Submission Backup User field P1 (16.03): Test Cases/13. Dreyers Lifecycle condition/13.2 Dreyers Lifecycle conditions _ Partial Submission Backup User field P1 (16.03) FAILED.
Reason:
com.kms.katalon.core.exception.StepFailedException: Unable to click on object 'Object Repository/1. Constant/xpath'
	at com.kms.katalon.core.webui.keyword.internal.WebUIKeywordMain.stepFailed(WebUIKeywordMain.groovy:64)
	at com.kms.katalon.core.webui.keyword.internal.WebUIKeywordMain.runKeyword(WebUIKeywordMain.groovy:26)
	at com.kms.katalon.core.webui.keyword.builtin.ClickKeyword.click(ClickKeyword.groovy:74)
	at com.kms.katalon.core.webui.keyword.builtin.ClickKeyword.execute(ClickKeyword.groovy:40)
	at com.kms.katalon.core.keyword.internal.KeywordExecutor.executeKeywordForPlatform(KeywordExecutor.groovy:74)
	at com.kms.katalon.core.webui.keyword.WebUiBuiltInKeywords.click(WebUiBuiltInKeywords.groovy:620)
	at com.kms.katalon.core.webui.keyword.WebUiBuiltInKeywords$click$5.call(Unknown Source)
	at 13.2 Dreyers Lifecycle conditions _ Partial Submission Backup User field P1 (16.03).run(13.2 Dreyers Lifecycle conditions _ Partial Submission Backup User field P1 (16.03):215)
	at com.kms.katalon.core.main.ScriptEngine.run(ScriptEngine.java:194)
	at com.kms.katalon.core.main.ScriptEngine.runScriptAsRawText(ScriptEngine.java:119)
	at com.kms.katalon.core.main.TestCaseExecutor.runScript(TestCaseExecutor.java:445)
	at com.kms.katalon.core.main.TestCaseExecutor.doExecute(TestCaseExecutor.java:436)
	at com.kms.katalon.core.main.TestCaseExecutor.processExecutionPhase(TestCaseExecutor.java:415)
	at com.kms.katalon.core.main.TestCaseExecutor.accessMainPhase(TestCaseExecutor.java:407)
	at com.kms.katalon.core.main.TestCaseExecutor.execute(TestCaseExecutor.java:284)
	at com.kms.katalon.core.common.CommonExecutor.accessTestCaseMainPhase(CommonExecutor.java:65)
	at com.kms.katalon.core.main.TestSuiteExecutor.accessTestSuiteMainPhase(TestSuiteExecutor.java:144)
	at com.kms.katalon.core.main.TestSuiteExecutor.execute(TestSuiteExecutor.java:106)
	at com.kms.katalon.core.main.TestCaseMain.startTestSuite(TestCaseMain.java:185)
	at com.kms.katalon.core.main.TestCaseMain$startTestSuite$0.call(Unknown Source)
	at TempTestSuite1654791049878.run(TempTestSuite1654791049878.groovy:36)
Caused by: com.kms.katalon.core.webui.exception.WebElementNotFoundException: Web element with id: 'Object Repository/1. Constant/xpath' located by '//*[@id="source_5254"]/td[15]/a[2]' not found
	at com.kms.katalon.core.webui.common.WebUiCommonHelper.findWebElement(WebUiCommonHelper.java:1370)
	at com.kms.katalon.core.webui.keyword.internal.WebUIAbstractKeyword.findWebElement(WebUIAbstractKeyword.groovy:27)
	at com.kms.katalon.core.webui.keyword.builtin.ClickKeyword$_click_closure1.doCall(ClickKeyword.groovy:65)
	at com.kms.katalon.core.webui.keyword.builtin.ClickKeyword$_click_closure1.call(ClickKeyword.groovy)
	at com.kms.katalon.core.webui.keyword.internal.WebUIKeywordMain.runKeyword(WebUIKeywordMain.groovy:20)
	... 19 more]]></system-err>
      </testcase>
      <testcase name="Test Cases/16 Support action (Completed ref)/16.03 Dreyers Support action Add phase (Completed ref) 13.02 P2" time="70.517" classname="Test Cases/16 Support action (Completed ref)/16.03 Dreyers Support action Add phase (Completed ref) 13.02 P2" status="FAILED">
         <failure type="FAILED" message="Test Cases/16 Support action (Completed ref)/16.03 Dreyers Support action Add phase (Completed ref) 13.02 P2 FAILED.
Reason:
com.kms.katalon.core.exception.StepFailedException: Unable to move mouse over object 'Object Repository/1. Constant/xpath'
	at com.kms.katalon.core.webui.keyword.internal.WebUIKeywordMain.stepFailed(WebUIKeywordMain.groovy:64)
	at com.kms.katalon.core.webui.keyword.internal.WebUIKeywordMain.runKeyword(WebUIKeywordMain.groovy:26)
	at com.kms.katalon.core.webui.keyword.builtin.MouseOverKeyword.mouseOver(MouseOverKeyword.groovy:66)
	at com.kms.katalon.core.webui.keyword.builtin.MouseOverKeyword.execute(MouseOverKeyword.groovy:40)
	at com.kms.katalon.core.keyword.internal.KeywordExecutor.executeKeywordForPlatform(KeywordExecutor.groovy:74)
	at com.kms.katalon.core.webui.keyword.WebUiBuiltInKeywords.mouseOver(WebUiBuiltInKeywords.groovy:806)
	at com.kms.katalon.core.webui.keyword.WebUiBuiltInKeywords$mouseOver$17.call(Unknown Source)
	at 16.03 Dreyers Support action Add phase (Completed ref) 13.02 P2.run(16.03 Dreyers Support action Add phase (Completed ref) 13.02 P2:90)
	at com.kms.katalon.core.main.ScriptEngine.run(ScriptEngine.java:194)
	at com.kms.katalon.core.main.ScriptEngine.runScriptAsRawText(ScriptEngine.java:119)
	at com.kms.katalon.core.main.TestCaseExecutor.runScript(TestCaseExecutor.java:445)
	at com.kms.katalon.core.main.TestCaseExecutor.doExecute(TestCaseExecutor.java:436)
	at com.kms.katalon.core.main.TestCaseExecutor.processExecutionPhase(TestCaseExecutor.java:415)
	at com.kms.katalon.core.main.TestCaseExecutor.accessMainPhase(TestCaseExecutor.java:407)
	at com.kms.katalon.core.main.TestCaseExecutor.execute(TestCaseExecutor.java:284)
	at com.kms.katalon.core.common.CommonExecutor.accessTestCaseMainPhase(CommonExecutor.java:65)
	at com.kms.katalon.core.main.TestSuiteExecutor.accessTestSuiteMainPhase(TestSuiteExecutor.java:144)
	at com.kms.katalon.core.main.TestSuiteExecutor.execute(TestSuiteExecutor.java:106)
	at com.kms.katalon.core.main.TestCaseMain.startTestSuite(TestCaseMain.java:185)
	at com.kms.katalon.core.main.TestCaseMain$startTestSuite$0.call(Unknown Source)
	at TempTestSuite1654791049878.run(TempTestSuite1654791049878.groovy:36)
Caused by: com.kms.katalon.core.webui.exception.WebElementNotFoundException: Web element with id: 'Object Repository/1. Constant/xpath' located by '//*[@id=&quot;source_&quot;]/td[17]/div[1]/button' not found
	at com.kms.katalon.core.webui.common.WebUiCommonHelper.findWebElement(WebUiCommonHelper.java:1370)
	at com.kms.katalon.core.webui.keyword.internal.WebUIAbstractKeyword.findWebElement(WebUIAbstractKeyword.groovy:27)
	at com.kms.katalon.core.webui.keyword.internal.WebUIAbstractKeyword.findWebElement(WebUIAbstractKeyword.groovy:26)
	at com.kms.katalon.core.webui.keyword.builtin.MouseOverKeyword$_mouseOver_closure1.doCall(MouseOverKeyword.groovy:54)
	at com.kms.katalon.core.webui.keyword.builtin.MouseOverKeyword$_mouseOver_closure1.call(MouseOverKeyword.groovy)
	at com.kms.katalon.core.webui.keyword.internal.WebUIKeywordMain.runKeyword(WebUIKeywordMain.groovy:20)
	... 19 more
"/>
         <system-out><![CDATA[2022-06-09 19:22:23 - [TEST_CASE][FAILED] - Test Cases/16 Support action (Completed ref)/16.03 Dreyers Support action Add phase (Completed ref) 13.02 P2: Test Cases/16 Support action (Completed ref)/16.03 Dreyers Support action Add phase (Completed ref) 13.02 P2 FAILED.
Reason:
com.kms.katalon.core.exception.StepFailedException: Unable to move mouse over object 'Object Repository/1. Constant/xpath'
	at com.kms.katalon.core.webui.keyword.internal.WebUIKeywordMain.stepFailed(WebUIKeywordMain.groovy:64)
	at com.kms.katalon.core.webui.keyword.internal.WebUIKeywordMain.runKeyword(WebUIKeywordMain.groovy:26)
	at com.kms.katalon.core.webui.keyword.builtin.MouseOverKeyword.mouseOver(MouseOverKeyword.groovy:66)
	at com.kms.katalon.core.webui.keyword.builtin.MouseOverKeyword.execute(MouseOverKeyword.groovy:40)
	at com.kms.katalon.core.keyword.internal.KeywordExecutor.executeKeywordForPlatform(KeywordExecutor.groovy:74)
	at com.kms.katalon.core.webui.keyword.WebUiBuiltInKeywords.mouseOver(WebUiBuiltInKeywords.groovy:806)
	at com.kms.katalon.core.webui.keyword.WebUiBuiltInKeywords$mouseOver$17.call(Unknown Source)
	at 16.03 Dreyers Support action Add phase (Completed ref) 13.02 P2.run(16.03 Dreyers Support action Add phase (Completed ref) 13.02 P2:90)
	at com.kms.katalon.core.main.ScriptEngine.run(ScriptEngine.java:194)
	at com.kms.katalon.core.main.ScriptEngine.runScriptAsRawText(ScriptEngine.java:119)
	at com.kms.katalon.core.main.TestCaseExecutor.runScript(TestCaseExecutor.java:445)
	at com.kms.katalon.core.main.TestCaseExecutor.doExecute(TestCaseExecutor.java:436)
	at com.kms.katalon.core.main.TestCaseExecutor.processExecutionPhase(TestCaseExecutor.java:415)
	at com.kms.katalon.core.main.TestCaseExecutor.accessMainPhase(TestCaseExecutor.java:407)
	at com.kms.katalon.core.main.TestCaseExecutor.execute(TestCaseExecutor.java:284)
	at com.kms.katalon.core.common.CommonExecutor.accessTestCaseMainPhase(CommonExecutor.java:65)
	at com.kms.katalon.core.main.TestSuiteExecutor.accessTestSuiteMainPhase(TestSuiteExecutor.java:144)
	at com.kms.katalon.core.main.TestSuiteExecutor.execute(TestSuiteExecutor.java:106)
	at com.kms.katalon.core.main.TestCaseMain.startTestSuite(TestCaseMain.java:185)
	at com.kms.katalon.core.main.TestCaseMain$startTestSuite$0.call(Unknown Source)
	at TempTestSuite1654791049878.run(TempTestSuite1654791049878.groovy:36)
Caused by: com.kms.katalon.core.webui.exception.WebElementNotFoundException: Web element with id: 'Object Repository/1. Constant/xpath' located by '//*[@id="source_"]/td[17]/div[1]/button' not found
	at com.kms.katalon.core.webui.common.WebUiCommonHelper.findWebElement(WebUiCommonHelper.java:1370)
	at com.kms.katalon.core.webui.keyword.internal.WebUIAbstractKeyword.findWebElement(WebUIAbstractKeyword.groovy:27)
	at com.kms.katalon.core.webui.keyword.internal.WebUIAbstractKeyword.findWebElement(WebUIAbstractKeyword.groovy:26)
	at com.kms.katalon.core.webui.keyword.builtin.MouseOverKeyword$_mouseOver_closure1.doCall(MouseOverKeyword.groovy:54)
	at com.kms.katalon.core.webui.keyword.builtin.MouseOverKeyword$_mouseOver_closure1.call(MouseOverKeyword.groovy)
	at com.kms.katalon.core.webui.keyword.internal.WebUIKeywordMain.runKeyword(WebUIKeywordMain.groovy:20)
	... 19 more


2022-06-09 19:22:23 - [TEST_STEP][PASSED] - data_Dreyers = findTestData("Data Files/Username_Password/Dreyer"): null

2022-06-09 19:22:23 - [TEST_STEP][PASSED] - password_suser = data_Dreyers.getValue(2, 1): null

2022-06-09 19:22:23 - [TEST_STEP][PASSED] - password_blemco = data_Dreyers.getValue(2, 2): null

2022-06-09 19:22:23 - [TEST_STEP][PASSED] - password_amassoth = data_Dreyers.getValue(2, 3): null

2022-06-09 19:22:23 - [TEST_STEP][PASSED] - password_bharandi = data_Dreyers.getValue(2, 4): null

2022-06-09 19:22:23 - [TEST_STEP][PASSED] - password_mbaughman = data_Dreyers.getValue(2, 5): null

2022-06-09 19:22:23 - [TEST_STEP][PASSED] - password_nturner = data_Dreyers.getValue(2, 6): null

2022-06-09 19:22:23 - [TEST_STEP][PASSED] - password_talexeeva = data_Dreyers.getValue(2, 7): null

2022-06-09 19:22:23 - [TEST_STEP][PASSED] - password_bmilhomme = data_Dreyers.getValue(2, 8): null

2022-06-09 19:22:23 - [TEST_STEP][PASSED] - password_rjaiven = data_Dreyers.getValue(2, 9): null

2022-06-09 19:22:23 - [TEST_STEP][PASSED] - data_urlRELAUTO = findTestData("Data Files/URL/URL_relauto"): null

2022-06-09 19:22:23 - [TEST_STEP][PASSED] - Url_Dreyer = data_urlRELAUTO.getValue(2, 4): null

2022-06-09 19:22:23 - [TEST_STEP][PASSED] - Project_No = I.readnotepad("D:\Upoad_File\Projet_ Login\Dreyers\13.2\13.2_Dreyers_ProjectNo.txt"): null

2022-06-09 19:22:23 - [TEST_STEP][PASSED] - refID = I.readnotepad("D:\Upoad_File\Projet_ Login\Dreyers\13.2\13.2_Dreyers_refID_Design(M).txt"): null

2022-06-09 19:22:23 - [TEST_STEP][PASSED] - refID_daughter1 = I.readnotepad("D:\Upoad_File\Projet_ Login\Dreyers\13.2\13.2_Dreyers_refID_Deliverable(D).txt"): null

2022-06-09 19:22:23 - [TEST_STEP][PASSED] - refID_APL = I.readnotepad("D:\Upoad_File\Projet_ Login\Dreyers\13.2\13.2_Dreyers_refID_APL(GD).txt"): null

2022-06-09 19:22:23 - [TEST_STEP][PASSED] - refID_LI = I.readnotepad("D:\Upoad_File\Projet_ Login\Dreyers\13.2\13.2_Dreyers_refID_LI(GD).txt"): null

2022-06-09 19:22:23 - [TEST_STEP][PASSED] - openBrowser(Url_Dreyer): Browser is opened with url: 'http://mdb-release.diadeis.lan/MediaboxIndependence/?MBI_datasource=RELTESTAUTO_DREYERS'

2022-06-09 19:22:23 - [MESSAGE][WARNING] - A browser is already opened. Closing browser and opening a new one

2022-06-09 19:22:24 - [MESSAGE][INFO] - Starting 'Chrome (headless)' driver

2022-06-09 19:22:24 - [MESSAGE][INFO] - User set preference: ['args', '[--window-size=1920,1080, --headless]']

2022-06-09 19:22:24 - [MESSAGE][INFO] - Action delay is set to 0 milliseconds

2022-06-09 19:22:30 - [MESSAGE][PASSED] - Browser is opened with url: 'http://mdb-release.diadeis.lan/MediaboxIndependence/?MBI_datasource=RELTESTAUTO_DREYERS'

2022-06-09 19:22:30 - [TEST_STEP][PASSED] - maximizeWindow(): Current window maximized

2022-06-09 19:22:30 - [MESSAGE][PASSED] - Current window maximized

2022-06-09 19:22:30 - [TEST_STEP][PASSED] - waitForPageLoad(30): Wait for page load successfully

2022-06-09 19:22:30 - [MESSAGE][PASSED] - Wait for page load successfully

2022-06-09 19:22:30 - [TEST_STEP][PASSED] - takeScreenshot(): Taking screenshot successfully

2022-06-09 19:22:31 - [MESSAGE][PASSED] - Taking screenshot successfully
[[ATTACHMENT|D:\\Projet Test Auto\\Mediabox Test Automation\\Reports\\20220609_181011\\03. Parallel Testing (Testing)\\TS -PT PART 3\\07 Tag Sephora Dreyers _ Empty Group _Lifecycle condition\\20220609_181049\\1654795350882.png]]

2022-06-09 19:22:31 - [TEST_STEP][PASSED] - I.Login_password("blemco", password_blemco): Object: 'Object Repository/1. Constant/xpath' is clicked on

2022-06-09 19:22:31 - [MESSAGE][PASSED] - Text 'blemco' is set on object 'Object Repository/1. Constant/xpath'

2022-06-09 19:22:32 - [MESSAGE][PASSED] - Delayed 1 second(s)

2022-06-09 19:22:32 - [MESSAGE][PASSED] - Text 'diadeis1' is set on object 'Object Repository/1. Constant/xpath'

2022-06-09 19:22:33 - [MESSAGE][PASSED] - Delayed 1 second(s)

2022-06-09 19:22:42 - [MESSAGE][PASSED] - Object: 'Object Repository/1. Constant/xpath' is clicked on

2022-06-09 19:22:42 - [TEST_STEP][PASSED] - takeScreenshot(): Taking screenshot successfully

2022-06-09 19:22:43 - [MESSAGE][PASSED] - Taking screenshot successfully
[[ATTACHMENT|D:\\Projet Test Auto\\Mediabox Test Automation\\Reports\\20220609_181011\\03. Parallel Testing (Testing)\\TS -PT PART 3\\07 Tag Sephora Dreyers _ Empty Group _Lifecycle condition\\20220609_181049\\1654795362798.png]]

2022-06-09 19:22:43 - [TEST_STEP][PASSED] - click(findTestObject("1. Constant/02_LHSMenu_Projects")): Object: 'Object Repository/1. Constant/02_LHSMenu_Projects' is clicked on

2022-06-09 19:22:47 - [MESSAGE][PASSED] - Object: 'Object Repository/1. Constant/02_LHSMenu_Projects' is clicked on

2022-06-09 19:22:47 - [TEST_STEP][PASSED] - I.SearchProjectNo(Project_No, findTestObject("1. Constant/xpath", ["xpath":"//*[@id="form_filters"]/div[4]/button"])): Delayed 5 second(s)

2022-06-09 19:22:48 - [MESSAGE][PASSED] - Text '' is set on object 'Object Repository/1. Constant/xpath'

2022-06-09 19:22:51 - [MESSAGE][PASSED] - Delayed 3 second(s)

2022-06-09 19:22:55 - [MESSAGE][PASSED] - Object: 'Object Repository/1. Constant/xpath' is clicked on

2022-06-09 19:23:00 - [MESSAGE][PASSED] - Delayed 5 second(s)

2022-06-09 19:23:00 - [TEST_STEP][PASSED] - delay(1): Delayed 1 second(s)

2022-06-09 19:23:01 - [MESSAGE][PASSED] - Delayed 1 second(s)

2022-06-09 19:23:01 - [TEST_STEP][FAILED] - mouseOver(findTestObject("1. Constant/xpath", ["xpath":"//*[@id="source_" + refID_LI + ""]/td[17]/div[1]/button"])): Unable to move mouse over object 'Object Repository/1. Constant/xpath' (Root cause: com.kms.katalon.core.exception.StepFailedException: Unable to move mouse over object 'Object Repository/1. Constant/xpath'
	at com.kms.katalon.core.webui.keyword.internal.WebUIKeywordMain.stepFailed(WebUIKeywordMain.groovy:64)
	at com.kms.katalon.core.webui.keyword.internal.WebUIKeywordMain.runKeyword(WebUIKeywordMain.groovy:26)
	at com.kms.katalon.core.webui.keyword.builtin.MouseOverKeyword.mouseOver(MouseOverKeyword.groovy:66)
	at com.kms.katalon.core.webui.keyword.builtin.MouseOverKeyword.execute(MouseOverKeyword.groovy:40)
	at com.kms.katalon.core.keyword.internal.KeywordExecutor.executeKeywordForPlatform(KeywordExecutor.groovy:74)
	at com.kms.katalon.core.webui.keyword.WebUiBuiltInKeywords.mouseOver(WebUiBuiltInKeywords.groovy:806)
	at com.kms.katalon.core.webui.keyword.WebUiBuiltInKeywords$mouseOver$17.call(Unknown Source)
	at 16.03 Dreyers Support action Add phase (Completed ref) 13.02 P2.run(16.03 Dreyers Support action Add phase (Completed ref) 13.02 P2:90)
	at com.kms.katalon.core.main.ScriptEngine.run(ScriptEngine.java:194)
	at com.kms.katalon.core.main.ScriptEngine.runScriptAsRawText(ScriptEngine.java:119)
	at com.kms.katalon.core.main.TestCaseExecutor.runScript(TestCaseExecutor.java:445)
	at com.kms.katalon.core.main.TestCaseExecutor.doExecute(TestCaseExecutor.java:436)
	at com.kms.katalon.core.main.TestCaseExecutor.processExecutionPhase(TestCaseExecutor.java:415)
	at com.kms.katalon.core.main.TestCaseExecutor.accessMainPhase(TestCaseExecutor.java:407)
	at com.kms.katalon.core.main.TestCaseExecutor.execute(TestCaseExecutor.java:284)
	at com.kms.katalon.core.common.CommonExecutor.accessTestCaseMainPhase(CommonExecutor.java:65)
	at com.kms.katalon.core.main.TestSuiteExecutor.accessTestSuiteMainPhase(TestSuiteExecutor.java:144)
	at com.kms.katalon.core.main.TestSuiteExecutor.execute(TestSuiteExecutor.java:106)
	at com.kms.katalon.core.main.TestCaseMain.startTestSuite(TestCaseMain.java:185)
	at com.kms.katalon.core.main.TestCaseMain$startTestSuite$0.call(Unknown Source)
	at TempTestSuite1654791049878.run(TempTestSuite1654791049878.groovy:36)
Caused by: com.kms.katalon.core.webui.exception.WebElementNotFoundException: Web element with id: 'Object Repository/1. Constant/xpath' located by '//*[@id="source_"]/td[17]/div[1]/button' not found
	at com.kms.katalon.core.webui.common.WebUiCommonHelper.findWebElement(WebUiCommonHelper.java:1370)
	at com.kms.katalon.core.webui.keyword.internal.WebUIAbstractKeyword.findWebElement(WebUIAbstractKeyword.groovy:27)
	at com.kms.katalon.core.webui.keyword.internal.WebUIAbstractKeyword.findWebElement(WebUIAbstractKeyword.groovy:26)
	at com.kms.katalon.core.webui.keyword.builtin.MouseOverKeyword$_mouseOver_closure1.doCall(MouseOverKeyword.groovy:54)
	at com.kms.katalon.core.webui.keyword.builtin.MouseOverKeyword$_mouseOver_closure1.call(MouseOverKeyword.groovy)
	at com.kms.katalon.core.webui.keyword.internal.WebUIKeywordMain.runKeyword(WebUIKeywordMain.groovy:20)
	at com.kms.katalon.core.webui.keyword.builtin.MouseOverKeyword.mouseOver(MouseOverKeyword.groovy:66)
	at com.kms.katalon.core.webui.keyword.builtin.MouseOverKeyword.execute(MouseOverKeyword.groovy:40)
	at com.kms.katalon.core.keyword.internal.KeywordExecutor.executeKeywordForPlatform(KeywordExecutor.groovy:74)
	at com.kms.katalon.core.webui.keyword.WebUiBuiltInKeywords.mouseOver(WebUiBuiltInKeywords.groovy:806)
	at com.kms.katalon.core.webui.keyword.WebUiBuiltInKeywords$mouseOver$17.call(Unknown Source)
	at Script1638776689312.run(Script1638776689312.groovy:90)
	... 13 more
)

2022-06-09 19:23:33 - [MESSAGE][INFO] - Unable to find the element located by 'By.xpath: //*[@id="source_"]/td[17]/div[1]/button'. Please recheck the objects properties to make sure the desired element is located. 

2022-06-09 19:23:33 - [MESSAGE][FAILED] - Unable to move mouse over object 'Object Repository/1. Constant/xpath' (Root cause: com.kms.katalon.core.exception.StepFailedException: Unable to move mouse over object 'Object Repository/1. Constant/xpath'
	at com.kms.katalon.core.webui.keyword.internal.WebUIKeywordMain.stepFailed(WebUIKeywordMain.groovy:64)
	at com.kms.katalon.core.webui.keyword.internal.WebUIKeywordMain.runKeyword(WebUIKeywordMain.groovy:26)
	at com.kms.katalon.core.webui.keyword.builtin.MouseOverKeyword.mouseOver(MouseOverKeyword.groovy:66)
	at com.kms.katalon.core.webui.keyword.builtin.MouseOverKeyword.execute(MouseOverKeyword.groovy:40)
	at com.kms.katalon.core.keyword.internal.KeywordExecutor.executeKeywordForPlatform(KeywordExecutor.groovy:74)
	at com.kms.katalon.core.webui.keyword.WebUiBuiltInKeywords.mouseOver(WebUiBuiltInKeywords.groovy:806)
	at com.kms.katalon.core.webui.keyword.WebUiBuiltInKeywords$mouseOver$17.call(Unknown Source)
	at 16.03 Dreyers Support action Add phase (Completed ref) 13.02 P2.run(16.03 Dreyers Support action Add phase (Completed ref) 13.02 P2:90)
	at com.kms.katalon.core.main.ScriptEngine.run(ScriptEngine.java:194)
	at com.kms.katalon.core.main.ScriptEngine.runScriptAsRawText(ScriptEngine.java:119)
	at com.kms.katalon.core.main.TestCaseExecutor.runScript(TestCaseExecutor.java:445)
	at com.kms.katalon.core.main.TestCaseExecutor.doExecute(TestCaseExecutor.java:436)
	at com.kms.katalon.core.main.TestCaseExecutor.processExecutionPhase(TestCaseExecutor.java:415)
	at com.kms.katalon.core.main.TestCaseExecutor.accessMainPhase(TestCaseExecutor.java:407)
	at com.kms.katalon.core.main.TestCaseExecutor.execute(TestCaseExecutor.java:284)
	at com.kms.katalon.core.common.CommonExecutor.accessTestCaseMainPhase(CommonExecutor.java:65)
	at com.kms.katalon.core.main.TestSuiteExecutor.accessTestSuiteMainPhase(TestSuiteExecutor.java:144)
	at com.kms.katalon.core.main.TestSuiteExecutor.execute(TestSuiteExecutor.java:106)
	at com.kms.katalon.core.main.TestCaseMain.startTestSuite(TestCaseMain.java:185)
	at com.kms.katalon.core.main.TestCaseMain$startTestSuite$0.call(Unknown Source)
	at TempTestSuite1654791049878.run(TempTestSuite1654791049878.groovy:36)
Caused by: com.kms.katalon.core.webui.exception.WebElementNotFoundException: Web element with id: 'Object Repository/1. Constant/xpath' located by '//*[@id="source_"]/td[17]/div[1]/button' not found
	at com.kms.katalon.core.webui.common.WebUiCommonHelper.findWebElement(WebUiCommonHelper.java:1370)
	at com.kms.katalon.core.webui.keyword.internal.WebUIAbstractKeyword.findWebElement(WebUIAbstractKeyword.groovy:27)
	at com.kms.katalon.core.webui.keyword.internal.WebUIAbstractKeyword.findWebElement(WebUIAbstractKeyword.groovy:26)
	at com.kms.katalon.core.webui.keyword.builtin.MouseOverKeyword$_mouseOver_closure1.doCall(MouseOverKeyword.groovy:54)
	at com.kms.katalon.core.webui.keyword.builtin.MouseOverKeyword$_mouseOver_closure1.call(MouseOverKeyword.groovy)
	at com.kms.katalon.core.webui.keyword.internal.WebUIKeywordMain.runKeyword(WebUIKeywordMain.groovy:20)
	at com.kms.katalon.core.webui.keyword.builtin.MouseOverKeyword.mouseOver(MouseOverKeyword.groovy:66)
	at com.kms.katalon.core.webui.keyword.builtin.MouseOverKeyword.execute(MouseOverKeyword.groovy:40)
	at com.kms.katalon.core.keyword.internal.KeywordExecutor.executeKeywordForPlatform(KeywordExecutor.groovy:74)
	at com.kms.katalon.core.webui.keyword.WebUiBuiltInKeywords.mouseOver(WebUiBuiltInKeywords.groovy:806)
	at com.kms.katalon.core.webui.keyword.WebUiBuiltInKeywords$mouseOver$17.call(Unknown Source)
	at Script1638776689312.run(Script1638776689312.groovy:90)
	... 13 more
)
[[ATTACHMENT|D:\\Projet Test Auto\\Mediabox Test Automation\\Reports\\20220609_181011\\03. Parallel Testing (Testing)\\TS -PT PART 3\\07 Tag Sephora Dreyers _ Empty Group _Lifecycle condition\\20220609_181049\\1654795413041.png]]

2022-06-09 19:23:33 - [TEST_STEP][PASSED] - Start listener action : sampleAfterTestCase: null]]></system-out>
         <system-err><![CDATA[2022-06-09 19:22:23 - [TEST_CASE][FAILED] - Test Cases/16 Support action (Completed ref)/16.03 Dreyers Support action Add phase (Completed ref) 13.02 P2: Test Cases/16 Support action (Completed ref)/16.03 Dreyers Support action Add phase (Completed ref) 13.02 P2 FAILED.
Reason:
com.kms.katalon.core.exception.StepFailedException: Unable to move mouse over object 'Object Repository/1. Constant/xpath'
	at com.kms.katalon.core.webui.keyword.internal.WebUIKeywordMain.stepFailed(WebUIKeywordMain.groovy:64)
	at com.kms.katalon.core.webui.keyword.internal.WebUIKeywordMain.runKeyword(WebUIKeywordMain.groovy:26)
	at com.kms.katalon.core.webui.keyword.builtin.MouseOverKeyword.mouseOver(MouseOverKeyword.groovy:66)
	at com.kms.katalon.core.webui.keyword.builtin.MouseOverKeyword.execute(MouseOverKeyword.groovy:40)
	at com.kms.katalon.core.keyword.internal.KeywordExecutor.executeKeywordForPlatform(KeywordExecutor.groovy:74)
	at com.kms.katalon.core.webui.keyword.WebUiBuiltInKeywords.mouseOver(WebUiBuiltInKeywords.groovy:806)
	at com.kms.katalon.core.webui.keyword.WebUiBuiltInKeywords$mouseOver$17.call(Unknown Source)
	at 16.03 Dreyers Support action Add phase (Completed ref) 13.02 P2.run(16.03 Dreyers Support action Add phase (Completed ref) 13.02 P2:90)
	at com.kms.katalon.core.main.ScriptEngine.run(ScriptEngine.java:194)
	at com.kms.katalon.core.main.ScriptEngine.runScriptAsRawText(ScriptEngine.java:119)
	at com.kms.katalon.core.main.TestCaseExecutor.runScript(TestCaseExecutor.java:445)
	at com.kms.katalon.core.main.TestCaseExecutor.doExecute(TestCaseExecutor.java:436)
	at com.kms.katalon.core.main.TestCaseExecutor.processExecutionPhase(TestCaseExecutor.java:415)
	at com.kms.katalon.core.main.TestCaseExecutor.accessMainPhase(TestCaseExecutor.java:407)
	at com.kms.katalon.core.main.TestCaseExecutor.execute(TestCaseExecutor.java:284)
	at com.kms.katalon.core.common.CommonExecutor.accessTestCaseMainPhase(CommonExecutor.java:65)
	at com.kms.katalon.core.main.TestSuiteExecutor.accessTestSuiteMainPhase(TestSuiteExecutor.java:144)
	at com.kms.katalon.core.main.TestSuiteExecutor.execute(TestSuiteExecutor.java:106)
	at com.kms.katalon.core.main.TestCaseMain.startTestSuite(TestCaseMain.java:185)
	at com.kms.katalon.core.main.TestCaseMain$startTestSuite$0.call(Unknown Source)
	at TempTestSuite1654791049878.run(TempTestSuite1654791049878.groovy:36)
Caused by: com.kms.katalon.core.webui.exception.WebElementNotFoundException: Web element with id: 'Object Repository/1. Constant/xpath' located by '//*[@id="source_"]/td[17]/div[1]/button' not found
	at com.kms.katalon.core.webui.common.WebUiCommonHelper.findWebElement(WebUiCommonHelper.java:1370)
	at com.kms.katalon.core.webui.keyword.internal.WebUIAbstractKeyword.findWebElement(WebUIAbstractKeyword.groovy:27)
	at com.kms.katalon.core.webui.keyword.internal.WebUIAbstractKeyword.findWebElement(WebUIAbstractKeyword.groovy:26)
	at com.kms.katalon.core.webui.keyword.builtin.MouseOverKeyword$_mouseOver_closure1.doCall(MouseOverKeyword.groovy:54)
	at com.kms.katalon.core.webui.keyword.builtin.MouseOverKeyword$_mouseOver_closure1.call(MouseOverKeyword.groovy)
	at com.kms.katalon.core.webui.keyword.internal.WebUIKeywordMain.runKeyword(WebUIKeywordMain.groovy:20)
	... 19 more]]></system-err>
      </testcase>
      <testcase name="Test Cases/13. Dreyers Lifecycle condition/13.3 Dreyers Lifecycle conditions_ref filles complètées (2026)" time="347.997" classname="Test Cases/13. Dreyers Lifecycle condition/13.3 Dreyers Lifecycle conditions_ref filles complètées (2026)" status="PASSED">
         <system-out><![CDATA[2022-06-09 19:23:33 - [TEST_CASE][PASSED] - Test Cases/13. Dreyers Lifecycle condition/13.3 Dreyers Lifecycle conditions_ref filles complètées (2026): Test Cases/13. Dreyers Lifecycle condition/13.3 Dreyers Lifecycle conditions_ref filles complètées (2026)

2022-06-09 19:23:34 - [TEST_STEP][PASSED] - data_Dreyers = findTestData("Data Files/Username_Password/Dreyer"): null

2022-06-09 19:23:34 - [TEST_STEP][PASSED] - password_suser = data_Dreyers.getValue(2, 1): null

2022-06-09 19:23:34 - [TEST_STEP][PASSED] - password_blemco = data_Dreyers.getValue(2, 2): null

2022-06-09 19:23:34 - [TEST_STEP][PASSED] - password_amassoth = data_Dreyers.getValue(2, 3): null

2022-06-09 19:23:34 - [TEST_STEP][PASSED] - password_bharandi = data_Dreyers.getValue(2, 4): null

2022-06-09 19:23:34 - [TEST_STEP][PASSED] - password_mbaughman = data_Dreyers.getValue(2, 5): null

2022-06-09 19:23:34 - [TEST_STEP][PASSED] - data_urlRELAUTO = findTestData("Data Files/URL/URL_relauto"): null

2022-06-09 19:23:34 - [TEST_STEP][PASSED] - Url_Dreyer = data_urlRELAUTO.getValue(2, 4): null

2022-06-09 19:23:34 - [TEST_STEP][PASSED] - openBrowser(Url_Dreyer): Browser is opened with url: 'http://mdb-release.diadeis.lan/MediaboxIndependence/?MBI_datasource=RELTESTAUTO_DREYERS'

2022-06-09 19:23:34 - [MESSAGE][WARNING] - A browser is already opened. Closing browser and opening a new one

2022-06-09 19:23:35 - [MESSAGE][INFO] - Starting 'Chrome (headless)' driver

2022-06-09 19:23:35 - [MESSAGE][INFO] - User set preference: ['args', '[--window-size=1920,1080, --headless]']

2022-06-09 19:23:35 - [MESSAGE][INFO] - Action delay is set to 0 milliseconds

2022-06-09 19:23:46 - [MESSAGE][PASSED] - Browser is opened with url: 'http://mdb-release.diadeis.lan/MediaboxIndependence/?MBI_datasource=RELTESTAUTO_DREYERS'

2022-06-09 19:23:46 - [TEST_STEP][PASSED] - maximizeWindow(): Current window maximized

2022-06-09 19:23:46 - [MESSAGE][PASSED] - Current window maximized

2022-06-09 19:23:46 - [TEST_STEP][PASSED] - waitForPageLoad(30): Wait for page load successfully

2022-06-09 19:23:47 - [MESSAGE][PASSED] - Wait for page load successfully

2022-06-09 19:23:47 - [TEST_STEP][PASSED] - takeScreenshot(): Taking screenshot successfully

2022-06-09 19:23:47 - [MESSAGE][PASSED] - Taking screenshot successfully
[[ATTACHMENT|D:\\Projet Test Auto\\Mediabox Test Automation\\Reports\\20220609_181011\\03. Parallel Testing (Testing)\\TS -PT PART 3\\07 Tag Sephora Dreyers _ Empty Group _Lifecycle condition\\20220609_181049\\1654795427299.png]]

2022-06-09 19:23:47 - [TEST_STEP][PASSED] - I.Login_password("blemco", password_blemco): Object: 'Object Repository/1. Constant/xpath' is clicked on

2022-06-09 19:23:49 - [MESSAGE][PASSED] - Text 'blemco' is set on object 'Object Repository/1. Constant/xpath'

2022-06-09 19:23:50 - [MESSAGE][PASSED] - Delayed 1 second(s)

2022-06-09 19:23:51 - [MESSAGE][PASSED] - Text 'diadeis1' is set on object 'Object Repository/1. Constant/xpath'

2022-06-09 19:23:52 - [MESSAGE][PASSED] - Delayed 1 second(s)

2022-06-09 19:24:07 - [MESSAGE][PASSED] - Object: 'Object Repository/1. Constant/xpath' is clicked on

2022-06-09 19:24:07 - [TEST_STEP][PASSED] - delay(1): Delayed 1 second(s)

2022-06-09 19:24:08 - [MESSAGE][PASSED] - Delayed 1 second(s)

2022-06-09 19:24:08 - [TEST_STEP][PASSED] - click(findTestObject("1. Constant/02_LHSMenu_Projects")): Object: 'Object Repository/1. Constant/02_LHSMenu_Projects' is clicked on

2022-06-09 19:24:12 - [MESSAGE][PASSED] - Object: 'Object Repository/1. Constant/02_LHSMenu_Projects' is clicked on

2022-06-09 19:24:12 - [TEST_STEP][PASSED] - click(findTestObject("1. Constant/xpath", ["xpath":"//*[@id="kt_content"]/div[3]/div/div/div[1]/div[2]/a[1]"])): Object: 'Object Repository/1. Constant/xpath' is clicked on

2022-06-09 19:24:17 - [MESSAGE][PASSED] - Object: 'Object Repository/1. Constant/xpath' is clicked on

2022-06-09 19:24:17 - [TEST_STEP][PASSED] - takeScreenshot(): Taking screenshot successfully

2022-06-09 19:24:18 - [MESSAGE][PASSED] - Taking screenshot successfully
[[ATTACHMENT|D:\\Projet Test Auto\\Mediabox Test Automation\\Reports\\20220609_181011\\03. Parallel Testing (Testing)\\TS -PT PART 3\\07 Tag Sephora Dreyers _ Empty Group _Lifecycle condition\\20220609_181049\\1654795457942.png]]

2022-06-09 19:24:18 - [TEST_STEP][PASSED] - I.click_button_javascript(findTestObject("1. Constant/xpath", ["xpath":"//*[@id="field_var_24"]/div/div/label[2]"])): Execute JavaScript 'arguments[0].click()' successfully

2022-06-09 19:24:20 - [MESSAGE][PASSED] - Execute JavaScript 'arguments[0].click()' successfully

2022-06-09 19:24:20 - [TEST_STEP][PASSED] - selectOptionByValue(findTestObject("1. Constant/xpath", ["xpath":"//*[@id="var_89"]"]), "123", false): All options with value '123' are selected in object 'Object Repository/1. Constant/xpath' 

2022-06-09 19:24:22 - [MESSAGE][PASSED] - All options with value '123' are selected in object 'Object Repository/1. Constant/xpath' 

2022-06-09 19:24:22 - [TEST_STEP][PASSED] - selectOptionByValue(findTestObject("1. Constant/xpath", ["xpath":"//*[@id="selSource_25"]"]), "modonnell", false): All options with value 'modonnell' are selected in object 'Object Repository/1. Constant/xpath' 

2022-06-09 19:24:24 - [MESSAGE][PASSED] - All options with value 'modonnell' are selected in object 'Object Repository/1. Constant/xpath' 

2022-06-09 19:24:24 - [TEST_STEP][PASSED] - I.select_multiplelist("//*[@id="selSource_25"]", "//*[@id="btnAdd_25"]", "blemco"): Delayed 1 second(s)

2022-06-09 19:24:25 - [MESSAGE][PASSED] - Delayed 1 second(s)

2022-06-09 19:24:25 - [MESSAGE][PASSED] - All options with value 'blemco' are selected in object 'Object Repository/1. Constant/xpath' 

2022-06-09 19:24:27 - [MESSAGE][PASSED] - Delayed 2 second(s)

2022-06-09 19:24:29 - [MESSAGE][PASSED] - Object: 'Object Repository/1. Constant/xpath' is clicked on

2022-06-09 19:24:30 - [MESSAGE][PASSED] - Delayed 1 second(s)

2022-06-09 19:24:30 - [TEST_STEP][PASSED] - selectOptionByValue(findTestObject("1. Constant/xpath", ["xpath":"//*[@id="var_9"]"]), "18", false): All options with value '18' are selected in object 'Object Repository/1. Constant/xpath' 

2022-06-09 19:24:30 - [MESSAGE][PASSED] - All options with value '18' are selected in object 'Object Repository/1. Constant/xpath' 

2022-06-09 19:24:30 - [TEST_STEP][PASSED] - selectOptionByValue(findTestObject("1. Constant/xpath", ["xpath":"//*[@id="var_52"]"]), "112", false): All options with value '112' are selected in object 'Object Repository/1. Constant/xpath' 

2022-06-09 19:24:34 - [MESSAGE][PASSED] - All options with value '112' are selected in object 'Object Repository/1. Constant/xpath' 

2022-06-09 19:24:34 - [TEST_STEP][PASSED] - project_name = "Auto_LifecycleCondition_Backup_" + RandomStringUtils.randomAlphanumeric(3) + "_" + I.gettimedate(): null

2022-06-09 19:24:34 - [TEST_STEP][PASSED] - setText(findTestObject("1. Constant/xpath", ["xpath":"//*[@id="var_91"]"]), project_name): Text 'Auto_LifecycleCondition_Backup_Q4n_juin092022_192434' is set on object 'Object Repository/1. Constant/xpath'

2022-06-09 19:24:38 - [MESSAGE][PASSED] - Text 'Auto_LifecycleCondition_Backup_Q4n_juin092022_192434' is set on object 'Object Repository/1. Constant/xpath'

2022-06-09 19:24:38 - [TEST_STEP][PASSED] - selectOptionByValue(findTestObject("1. Constant/xpath", ["xpath":"//*[@id="var_30"]"]), "97", false): All options with value '97' are selected in object 'Object Repository/1. Constant/xpath' 

2022-06-09 19:24:42 - [MESSAGE][PASSED] - All options with value '97' are selected in object 'Object Repository/1. Constant/xpath' 

2022-06-09 19:24:42 - [TEST_STEP][PASSED] - selectOptionByValue(findTestObject("1. Constant/xpath", ["xpath":"//*[@id="var_11"]"]), "334", false): All options with value '334' are selected in object 'Object Repository/1. Constant/xpath' 

2022-06-09 19:24:43 - [MESSAGE][PASSED] - All options with value '334' are selected in object 'Object Repository/1. Constant/xpath' 

2022-06-09 19:24:43 - [TEST_STEP][PASSED] - setText(findTestObject("1. Constant/xpath", ["xpath":"//*[@id="var_22"]"]), "01/01/2030"): Text '01/01/2030' is set on object 'Object Repository/1. Constant/xpath'

2022-06-09 19:24:47 - [MESSAGE][PASSED] - Text '01/01/2030' is set on object 'Object Repository/1. Constant/xpath'

2022-06-09 19:24:47 - [TEST_STEP][PASSED] - setText(findTestObject("1. Constant/xpath", ["xpath":"//*[@id="var_23"]"]), "01/01/2030"): Text '01/01/2030' is set on object 'Object Repository/1. Constant/xpath'

2022-06-09 19:24:51 - [MESSAGE][PASSED] - Text '01/01/2030' is set on object 'Object Repository/1. Constant/xpath'

2022-06-09 19:24:51 - [TEST_STEP][PASSED] - setText(findTestObject("1. Constant/xpath", ["xpath":"//*[@id="var_14"]"]), "01/01/2030"): Text '01/01/2030' is set on object 'Object Repository/1. Constant/xpath'

2022-06-09 19:24:55 - [MESSAGE][PASSED] - Text '01/01/2030' is set on object 'Object Repository/1. Constant/xpath'

2022-06-09 19:24:55 - [TEST_STEP][PASSED] - selectOptionByValue(findTestObject("1. Constant/xpath", ["xpath":"//*[@id="selSource_13"]"]), "mbaughman", false): All options with value 'mbaughman' are selected in object 'Object Repository/1. Constant/xpath' 

2022-06-09 19:24:58 - [MESSAGE][PASSED] - All options with value 'mbaughman' are selected in object 'Object Repository/1. Constant/xpath' 

2022-06-09 19:24:58 - [TEST_STEP][PASSED] - I.select_multiplelist("//*[@id="selSource_13"]", "//*[@id="btnAdd_13"]", "rjaiven"): Delayed 1 second(s)

2022-06-09 19:24:59 - [MESSAGE][PASSED] - Delayed 1 second(s)

2022-06-09 19:25:03 - [MESSAGE][PASSED] - All options with value 'rjaiven' are selected in object 'Object Repository/1. Constant/xpath' 

2022-06-09 19:25:05 - [MESSAGE][PASSED] - Delayed 2 second(s)

2022-06-09 19:25:07 - [MESSAGE][PASSED] - Object: 'Object Repository/1. Constant/xpath' is clicked on

2022-06-09 19:25:08 - [MESSAGE][PASSED] - Delayed 1 second(s)

2022-06-09 19:25:08 - [TEST_STEP][PASSED] - selectOptionByValue(findTestObject("1. Constant/xpath", ["xpath":"//*[@id="selSource_27"]"]), "amassoth", false): All options with value 'amassoth' are selected in object 'Object Repository/1. Constant/xpath' 

2022-06-09 19:25:09 - [MESSAGE][PASSED] - All options with value 'amassoth' are selected in object 'Object Repository/1. Constant/xpath' 

2022-06-09 19:25:09 - [TEST_STEP][PASSED] - I.select_multiplelist("//*[@id="selSource_27"]", "//*[@id="btnAdd_27"]", "nturner"): Delayed 1 second(s)

2022-06-09 19:25:10 - [MESSAGE][PASSED] - Delayed 1 second(s)

2022-06-09 19:25:11 - [MESSAGE][PASSED] - All options with value 'nturner' are selected in object 'Object Repository/1. Constant/xpath' 

2022-06-09 19:25:13 - [MESSAGE][PASSED] - Delayed 2 second(s)

2022-06-09 19:25:13 - [MESSAGE][PASSED] - Object: 'Object Repository/1. Constant/xpath' is clicked on

2022-06-09 19:25:14 - [MESSAGE][PASSED] - Delayed 1 second(s)

2022-06-09 19:25:14 - [TEST_STEP][PASSED] - I.select_multiplelist("//*[@id="selSource_167"]", "//*[@id="btnAdd_167"]", "lmary"): Delayed 1 second(s)

2022-06-09 19:25:15 - [MESSAGE][PASSED] - Delayed 1 second(s)

2022-06-09 19:25:15 - [MESSAGE][PASSED] - All options with value 'lmary' are selected in object 'Object Repository/1. Constant/xpath' 

2022-06-09 19:25:17 - [MESSAGE][PASSED] - Delayed 2 second(s)

2022-06-09 19:25:18 - [MESSAGE][PASSED] - Object: 'Object Repository/1. Constant/xpath' is clicked on

2022-06-09 19:25:19 - [MESSAGE][PASSED] - Delayed 1 second(s)

2022-06-09 19:25:19 - [TEST_STEP][PASSED] - selectOptionByValue(findTestObject("1. Constant/xpath", ["xpath":"//*[@id="selSource_166"]"]), "bbenjamin", false): All options with value 'bbenjamin' are selected in object 'Object Repository/1. Constant/xpath' 

2022-06-09 19:25:19 - [MESSAGE][PASSED] - All options with value 'bbenjamin' are selected in object 'Object Repository/1. Constant/xpath' 

2022-06-09 19:25:19 - [TEST_STEP][PASSED] - I.select_multiplelist("//*[@id="selSource_166"]", "//*[@id="btnAdd_166"]", "lschwabe"): Delayed 1 second(s)

2022-06-09 19:25:20 - [MESSAGE][PASSED] - Delayed 1 second(s)

2022-06-09 19:25:21 - [MESSAGE][PASSED] - All options with value 'lschwabe' are selected in object 'Object Repository/1. Constant/xpath' 

2022-06-09 19:25:23 - [MESSAGE][PASSED] - Delayed 2 second(s)

2022-06-09 19:25:23 - [MESSAGE][PASSED] - Object: 'Object Repository/1. Constant/xpath' is clicked on

2022-06-09 19:25:24 - [MESSAGE][PASSED] - Delayed 1 second(s)

2022-06-09 19:25:24 - [TEST_STEP][PASSED] - I.select_multiplelist("//*[@id="selSource_26"]", "//*[@id="btnAdd_26"]", "talexeeva"): Delayed 1 second(s)

2022-06-09 19:25:25 - [MESSAGE][PASSED] - Delayed 1 second(s)

2022-06-09 19:25:25 - [MESSAGE][PASSED] - All options with value 'talexeeva' are selected in object 'Object Repository/1. Constant/xpath' 

2022-06-09 19:25:27 - [MESSAGE][PASSED] - Delayed 2 second(s)

2022-06-09 19:25:27 - [MESSAGE][PASSED] - Object: 'Object Repository/1. Constant/xpath' is clicked on

2022-06-09 19:25:28 - [MESSAGE][PASSED] - Delayed 1 second(s)

2022-06-09 19:25:28 - [TEST_STEP][PASSED] - selectOptionByValue(findTestObject("1. Constant/xpath", ["xpath":"//*[@id="selSource_29"]"]), "bharandi", false): All options with value 'bharandi' are selected in object 'Object Repository/1. Constant/xpath' 

2022-06-09 19:25:29 - [MESSAGE][PASSED] - All options with value 'bharandi' are selected in object 'Object Repository/1. Constant/xpath' 

2022-06-09 19:25:29 - [TEST_STEP][PASSED] - selectOptionByValue(findTestObject("1. Constant/xpath", ["xpath":"//*[@id="selSource_29"]"]), "bmilhomme", false): All options with value 'bmilhomme' are selected in object 'Object Repository/1. Constant/xpath' 

2022-06-09 19:25:33 - [MESSAGE][PASSED] - All options with value 'bmilhomme' are selected in object 'Object Repository/1. Constant/xpath' 

2022-06-09 19:25:33 - [TEST_STEP][PASSED] - I.select_multiplelist("//*[@id="selSource_29"]", "//*[@id="btnAdd_29"]", "rmorrone_2"): Delayed 1 second(s)

2022-06-09 19:25:34 - [MESSAGE][PASSED] - Delayed 1 second(s)

2022-06-09 19:25:37 - [MESSAGE][PASSED] - All options with value 'rmorrone_2' are selected in object 'Object Repository/1. Constant/xpath' 

2022-06-09 19:25:39 - [MESSAGE][PASSED] - Delayed 2 second(s)

2022-06-09 19:25:39 - [MESSAGE][PASSED] - Object: 'Object Repository/1. Constant/xpath' is clicked on

2022-06-09 19:25:40 - [MESSAGE][PASSED] - Delayed 1 second(s)

2022-06-09 19:25:40 - [TEST_STEP][PASSED] - I.Pagedown(): Execute JavaScript 'window.scrollTo(0, document.body.scrollHeight)' successfully

2022-06-09 19:25:40 - [MESSAGE][PASSED] - Execute JavaScript 'window.scrollTo(0, document.body.scrollHeight)' successfully

2022-06-09 19:25:40 - [TEST_STEP][PASSED] - click(findTestObject("1. Constant/xpath", ["xpath":"//*[@id="ModifFiche"]/div[3]/div/button"])): Object: 'Object Repository/1. Constant/xpath' is clicked on

2022-06-09 19:25:44 - [MESSAGE][PASSED] - Object: 'Object Repository/1. Constant/xpath' is clicked on

2022-06-09 19:25:44 - [TEST_STEP][PASSED] - delay(10): Delayed 10 second(s)

2022-06-09 19:25:54 - [MESSAGE][PASSED] - Delayed 10 second(s)

2022-06-09 19:25:54 - [TEST_STEP][PASSED] - Project_No = I.ProjectNo(): Current window's url is: 'http://mdb-release.diadeis.lan/MediaboxIndependence/Base/ExecAction?IDSession=MBI%21RELTESTAUTO_DREYERS%21SNRZFPCCU1TJ1UFXR32T88Y2XEXU9XD4QWB496SY&default_action=AfficheFichesProjet&id_project=MI000880'

2022-06-09 19:25:59 - [MESSAGE][PASSED] - Delayed 5 second(s)

2022-06-09 19:25:59 - [MESSAGE][PASSED] - Current window's url is: 'http://mdb-release.diadeis.lan/MediaboxIndependence/Base/ExecAction?IDSession=MBI%21RELTESTAUTO_DREYERS%21SNRZFPCCU1TJ1UFXR32T88Y2XEXU9XD4QWB496SY&default_action=AfficheFichesProjet&id_project=MI000880'

2022-06-09 19:25:59 - [TEST_STEP][PASSED] - I.print(Project_No): null

2022-06-09 19:25:59 - [TEST_STEP][PASSED] - takeScreenshot(): Taking screenshot successfully

2022-06-09 19:25:59 - [MESSAGE][PASSED] - Taking screenshot successfully
[[ATTACHMENT|D:\\Projet Test Auto\\Mediabox Test Automation\\Reports\\20220609_181011\\03. Parallel Testing (Testing)\\TS -PT PART 3\\07 Tag Sephora Dreyers _ Empty Group _Lifecycle condition\\20220609_181049\\1654795559578.png]]

2022-06-09 19:25:59 - [TEST_STEP][PASSED] - click(findTestObject("1. Constant/xpath", ["xpath":"//*[@id="create_ref_btn"]/button"])): Object: 'Object Repository/1. Constant/xpath' is clicked on

2022-06-09 19:26:00 - [MESSAGE][PASSED] - Object: 'Object Repository/1. Constant/xpath' is clicked on

2022-06-09 19:26:00 - [TEST_STEP][PASSED] - delay(1): Delayed 1 second(s)

2022-06-09 19:26:01 - [MESSAGE][PASSED] - Delayed 1 second(s)

2022-06-09 19:26:01 - [TEST_STEP][PASSED] - click(findTestObject("1. Constant/xpath", ["xpath":"//*[@id="create_ref_btn"]/div/a"])): Object: 'Object Repository/1. Constant/xpath' is clicked on

2022-06-09 19:26:04 - [MESSAGE][PASSED] - Object: 'Object Repository/1. Constant/xpath' is clicked on

2022-06-09 19:26:04 - [TEST_STEP][PASSED] - selectOptionByValue(findTestObject("1. Constant/xpath", ["xpath":"//*[@id="lfc_tpl"]"]), "28", false): All options with value '28' are selected in object 'Object Repository/1. Constant/xpath' 

2022-06-09 19:26:05 - [MESSAGE][PASSED] - All options with value '28' are selected in object 'Object Repository/1. Constant/xpath' 

2022-06-09 19:26:05 - [TEST_STEP][PASSED] - ref_name = RandomStringUtils.randomAlphanumeric(5) + "_Auto_A4A_" + I.gettimedate(): null

2022-06-09 19:26:05 - [TEST_STEP][PASSED] - setText(findTestObject("1. Constant/xpath", ["xpath":"//*[@id="var_name"]"]), ref_name): Text 's79iE_Auto_A4A_juin092022_192605' is set on object 'Object Repository/1. Constant/xpath'

2022-06-09 19:26:06 - [MESSAGE][PASSED] - Text 's79iE_Auto_A4A_juin092022_192605' is set on object 'Object Repository/1. Constant/xpath'

2022-06-09 19:26:06 - [TEST_STEP][PASSED] - takeScreenshot(): Taking screenshot successfully

2022-06-09 19:26:06 - [MESSAGE][PASSED] - Taking screenshot successfully
[[ATTACHMENT|D:\\Projet Test Auto\\Mediabox Test Automation\\Reports\\20220609_181011\\03. Parallel Testing (Testing)\\TS -PT PART 3\\07 Tag Sephora Dreyers _ Empty Group _Lifecycle condition\\20220609_181049\\1654795566439.png]]

2022-06-09 19:26:06 - [TEST_STEP][PASSED] - click(findTestObject("1. Constant/xpath", ["xpath":"//*[@id="ModifFiche"]/div[3]/div/button"])): Object: 'Object Repository/1. Constant/xpath' is clicked on

2022-06-09 19:26:09 - [MESSAGE][PASSED] - Object: 'Object Repository/1. Constant/xpath' is clicked on

2022-06-09 19:26:09 - [TEST_STEP][PASSED] - takeScreenshot(): Taking screenshot successfully

2022-06-09 19:26:09 - [MESSAGE][PASSED] - Taking screenshot successfully
[[ATTACHMENT|D:\\Projet Test Auto\\Mediabox Test Automation\\Reports\\20220609_181011\\03. Parallel Testing (Testing)\\TS -PT PART 3\\07 Tag Sephora Dreyers _ Empty Group _Lifecycle condition\\20220609_181049\\1654795569242.png]]

2022-06-09 19:26:09 - [TEST_STEP][PASSED] - delay(1): Delayed 1 second(s)

2022-06-09 19:26:10 - [MESSAGE][PASSED] - Delayed 1 second(s)

2022-06-09 19:26:10 - [TEST_STEP][PASSED] - refID_Mother = I.RefID(): Current window's url is: 'http://mdb-release.diadeis.lan/MediaboxIndependence/Base/ExecAction?IDSession=MBI%21RELTESTAUTO_DREYERS%21SNRZFPCCU1TJ1UFXR32T88Y2XEXU9XD4QWB496SY&default_action=ModifierRef&id_project=MI000880&id_ref=5256&action_from=create_ref'

2022-06-09 19:26:15 - [MESSAGE][PASSED] - Delayed 5 second(s)

2022-06-09 19:26:15 - [MESSAGE][PASSED] - Current window's url is: 'http://mdb-release.diadeis.lan/MediaboxIndependence/Base/ExecAction?IDSession=MBI%21RELTESTAUTO_DREYERS%21SNRZFPCCU1TJ1UFXR32T88Y2XEXU9XD4QWB496SY&default_action=ModifierRef&id_project=MI000880&id_ref=5256&action_from=create_ref'

2022-06-09 19:26:15 - [TEST_STEP][PASSED] - I.print(refID_Mother): null

2022-06-09 19:26:15 - [TEST_STEP][PASSED] - click(findTestObject("1. Constant/xpath", ["xpath":"//*[@id="type_save"]"])): Object: 'Object Repository/1. Constant/xpath' is clicked on

2022-06-09 19:26:18 - [MESSAGE][PASSED] - Object: 'Object Repository/1. Constant/xpath' is clicked on

2022-06-09 19:26:18 - [TEST_STEP][PASSED] - click(findTestObject("1. Constant/xpath", ["xpath":"//*[@id="source_" + refID_Mother + ""]/td[13]/a[1]"])): Object: 'Object Repository/1. Constant/xpath' is clicked on

2022-06-09 19:26:22 - [MESSAGE][PASSED] - Object: 'Object Repository/1. Constant/xpath' is clicked on

2022-06-09 19:26:22 - [TEST_STEP][PASSED] - selectOptionByValue(findTestObject("1. Constant/xpath", ["xpath":"//*[@id="lfc_tpl"]"]), "29", false): All options with value '29' are selected in object 'Object Repository/1. Constant/xpath' 

2022-06-09 19:26:23 - [MESSAGE][PASSED] - All options with value '29' are selected in object 'Object Repository/1. Constant/xpath' 

2022-06-09 19:26:23 - [TEST_STEP][PASSED] - takeScreenshot(): Taking screenshot successfully

2022-06-09 19:26:23 - [MESSAGE][PASSED] - Taking screenshot successfully
[[ATTACHMENT|D:\\Projet Test Auto\\Mediabox Test Automation\\Reports\\20220609_181011\\03. Parallel Testing (Testing)\\TS -PT PART 3\\07 Tag Sephora Dreyers _ Empty Group _Lifecycle condition\\20220609_181049\\1654795583225.png]]

2022-06-09 19:26:23 - [TEST_STEP][PASSED] - click(findTestObject("1. Constant/xpath", ["xpath":"//*[@id="ModifFiche"]/div[3]/div/button"])): Object: 'Object Repository/1. Constant/xpath' is clicked on

2022-06-09 19:26:27 - [MESSAGE][PASSED] - Object: 'Object Repository/1. Constant/xpath' is clicked on

2022-06-09 19:26:27 - [TEST_STEP][PASSED] - refID_Daughter1 = I.RefID(): Current window's url is: 'http://mdb-release.diadeis.lan/MediaboxIndependence/Base/ExecAction?IDSession=MBI%21RELTESTAUTO_DREYERS%21SNRZFPCCU1TJ1UFXR32T88Y2XEXU9XD4QWB496SY&default_action=ModifierRef&id_project=MI000880&id_ref=5257&action_from=create_ref'

2022-06-09 19:26:32 - [MESSAGE][PASSED] - Delayed 5 second(s)

2022-06-09 19:26:32 - [MESSAGE][PASSED] - Current window's url is: 'http://mdb-release.diadeis.lan/MediaboxIndependence/Base/ExecAction?IDSession=MBI%21RELTESTAUTO_DREYERS%21SNRZFPCCU1TJ1UFXR32T88Y2XEXU9XD4QWB496SY&default_action=ModifierRef&id_project=MI000880&id_ref=5257&action_from=create_ref'

2022-06-09 19:26:32 - [TEST_STEP][PASSED] - I.print(refID_Daughter1): null

2022-06-09 19:26:32 - [TEST_STEP][PASSED] - setText(findTestObject("1. Constant/xpath", ["xpath":"//*[@id="var_137"]"]), "Daughter 1"): Text 'Daughter 1' is set on object 'Object Repository/1. Constant/xpath'

2022-06-09 19:26:33 - [MESSAGE][PASSED] - Text 'Daughter 1' is set on object 'Object Repository/1. Constant/xpath'

2022-06-09 19:26:33 - [TEST_STEP][PASSED] - click(findTestObject("1. Constant/xpath", ["xpath":"//*[@id="type_save"]"])): Object: 'Object Repository/1. Constant/xpath' is clicked on

2022-06-09 19:26:38 - [MESSAGE][PASSED] - Object: 'Object Repository/1. Constant/xpath' is clicked on

2022-06-09 19:26:38 - [TEST_STEP][PASSED] - delay(1): Delayed 1 second(s)

2022-06-09 19:26:39 - [MESSAGE][PASSED] - Delayed 1 second(s)

2022-06-09 19:26:39 - [TEST_STEP][PASSED] - takeScreenshot(): Taking screenshot successfully

2022-06-09 19:26:39 - [MESSAGE][PASSED] - Taking screenshot successfully
[[ATTACHMENT|D:\\Projet Test Auto\\Mediabox Test Automation\\Reports\\20220609_181011\\03. Parallel Testing (Testing)\\TS -PT PART 3\\07 Tag Sephora Dreyers _ Empty Group _Lifecycle condition\\20220609_181049\\1654795599358.png]]

2022-06-09 19:26:39 - [TEST_STEP][PASSED] - click(findTestObject("1. Constant/xpath", ["xpath":"//*[@id="source_" + refID_Mother + ""]/td[15]/a[1]"])): Object: 'Object Repository/1. Constant/xpath' is clicked on

2022-06-09 19:26:41 - [MESSAGE][PASSED] - Object: 'Object Repository/1. Constant/xpath' is clicked on

2022-06-09 19:26:41 - [TEST_STEP][PASSED] - selectOptionByValue(findTestObject("1. Constant/xpath", ["xpath":"//*[@id="lfc_tpl"]"]), "29", false): All options with value '29' are selected in object 'Object Repository/1. Constant/xpath' 

2022-06-09 19:26:42 - [MESSAGE][PASSED] - All options with value '29' are selected in object 'Object Repository/1. Constant/xpath' 

2022-06-09 19:26:42 - [TEST_STEP][PASSED] - takeScreenshot(): Taking screenshot successfully

2022-06-09 19:26:42 - [MESSAGE][PASSED] - Taking screenshot successfully
[[ATTACHMENT|D:\\Projet Test Auto\\Mediabox Test Automation\\Reports\\20220609_181011\\03. Parallel Testing (Testing)\\TS -PT PART 3\\07 Tag Sephora Dreyers _ Empty Group _Lifecycle condition\\20220609_181049\\1654795602116.png]]

2022-06-09 19:26:42 - [TEST_STEP][PASSED] - click(findTestObject("1. Constant/xpath", ["xpath":"//*[@id="ModifFiche"]/div[3]/div/button"])): Object: 'Object Repository/1. Constant/xpath' is clicked on

2022-06-09 19:26:46 - [MESSAGE][PASSED] - Object: 'Object Repository/1. Constant/xpath' is clicked on

2022-06-09 19:26:46 - [TEST_STEP][PASSED] - refID_Daughter2 = I.RefID(): Current window's url is: 'http://mdb-release.diadeis.lan/MediaboxIndependence/Base/ExecAction?IDSession=MBI%21RELTESTAUTO_DREYERS%21SNRZFPCCU1TJ1UFXR32T88Y2XEXU9XD4QWB496SY&default_action=ModifierRef&id_project=MI000880&id_ref=5258&action_from=create_ref'

2022-06-09 19:26:51 - [MESSAGE][PASSED] - Delayed 5 second(s)

2022-06-09 19:26:51 - [MESSAGE][PASSED] - Current window's url is: 'http://mdb-release.diadeis.lan/MediaboxIndependence/Base/ExecAction?IDSession=MBI%21RELTESTAUTO_DREYERS%21SNRZFPCCU1TJ1UFXR32T88Y2XEXU9XD4QWB496SY&default_action=ModifierRef&id_project=MI000880&id_ref=5258&action_from=create_ref'

2022-06-09 19:26:51 - [TEST_STEP][PASSED] - I.print(refID_Daughter2): null

2022-06-09 19:26:51 - [TEST_STEP][PASSED] - setText(findTestObject("1. Constant/xpath", ["xpath":"//*[@id="var_137"]"]), "Daughter 2"): Text 'Daughter 2' is set on object 'Object Repository/1. Constant/xpath'

2022-06-09 19:26:51 - [MESSAGE][PASSED] - Text 'Daughter 2' is set on object 'Object Repository/1. Constant/xpath'

2022-06-09 19:26:51 - [TEST_STEP][PASSED] - click(findTestObject("1. Constant/xpath", ["xpath":"//*[@id="type_save"]"])): Object: 'Object Repository/1. Constant/xpath' is clicked on

2022-06-09 19:26:56 - [MESSAGE][PASSED] - Object: 'Object Repository/1. Constant/xpath' is clicked on

2022-06-09 19:26:56 - [TEST_STEP][PASSED] - delay(1): Delayed 1 second(s)

2022-06-09 19:26:57 - [MESSAGE][PASSED] - Delayed 1 second(s)

2022-06-09 19:26:57 - [TEST_STEP][PASSED] - takeScreenshot(): Taking screenshot successfully

2022-06-09 19:26:58 - [MESSAGE][PASSED] - Taking screenshot successfully
[[ATTACHMENT|D:\\Projet Test Auto\\Mediabox Test Automation\\Reports\\20220609_181011\\03. Parallel Testing (Testing)\\TS -PT PART 3\\07 Tag Sephora Dreyers _ Empty Group _Lifecycle condition\\20220609_181049\\1654795617951.png]]

2022-06-09 19:26:58 - [TEST_STEP][PASSED] - click(findTestObject("1. Constant/xpath", ["xpath":"//*[@id="source_" + refID_Daughter1 + ""]/td[15]/div[1]/button"])): Object: 'Object Repository/1. Constant/xpath' is clicked on

2022-06-09 19:26:58 - [MESSAGE][PASSED] - Object: 'Object Repository/1. Constant/xpath' is clicked on

2022-06-09 19:26:58 - [TEST_STEP][PASSED] - delay(2): Delayed 2 second(s)

2022-06-09 19:27:00 - [MESSAGE][PASSED] - Delayed 2 second(s)

2022-06-09 19:27:00 - [TEST_STEP][PASSED] - click(findTestObject("1. Constant/xpath", ["xpath":"//*[@id="source_" + refID_Daughter1 + ""]/td[15]/div[1]/div/a[2]"])): Object: 'Object Repository/1. Constant/xpath' is clicked on

2022-06-09 19:27:02 - [MESSAGE][PASSED] - Object: 'Object Repository/1. Constant/xpath' is clicked on

2022-06-09 19:27:02 - [TEST_STEP][PASSED] - selectOptionByValue(findTestObject("1. Constant/xpath", ["xpath":"//*[@id="lfc_tpl"]"]), "30", false): All options with value '30' are selected in object 'Object Repository/1. Constant/xpath' 

2022-06-09 19:27:04 - [MESSAGE][PASSED] - All options with value '30' are selected in object 'Object Repository/1. Constant/xpath' 

2022-06-09 19:27:04 - [TEST_STEP][PASSED] - takeScreenshot(): Taking screenshot successfully

2022-06-09 19:27:04 - [MESSAGE][PASSED] - Taking screenshot successfully
[[ATTACHMENT|D:\\Projet Test Auto\\Mediabox Test Automation\\Reports\\20220609_181011\\03. Parallel Testing (Testing)\\TS -PT PART 3\\07 Tag Sephora Dreyers _ Empty Group _Lifecycle condition\\20220609_181049\\1654795624078.png]]

2022-06-09 19:27:04 - [TEST_STEP][PASSED] - click(findTestObject("1. Constant/xpath", ["xpath":"//*[@id="ModifFiche"]/div[1]/div/button"])): Object: 'Object Repository/1. Constant/xpath' is clicked on

2022-06-09 19:27:09 - [MESSAGE][PASSED] - Object: 'Object Repository/1. Constant/xpath' is clicked on

2022-06-09 19:27:09 - [TEST_STEP][PASSED] - refID_GrandDaughter1 = I.RefID(): Current window's url is: 'http://mdb-release.diadeis.lan/MediaboxIndependence/Base/ExecAction?IDSession=MBI%21RELTESTAUTO_DREYERS%21SNRZFPCCU1TJ1UFXR32T88Y2XEXU9XD4QWB496SY&default_action=ModifierRef&id_project=MI000880&id_ref=5259&action_from=create_ref'

2022-06-09 19:27:14 - [MESSAGE][PASSED] - Delayed 5 second(s)

2022-06-09 19:27:14 - [MESSAGE][PASSED] - Current window's url is: 'http://mdb-release.diadeis.lan/MediaboxIndependence/Base/ExecAction?IDSession=MBI%21RELTESTAUTO_DREYERS%21SNRZFPCCU1TJ1UFXR32T88Y2XEXU9XD4QWB496SY&default_action=ModifierRef&id_project=MI000880&id_ref=5259&action_from=create_ref'

2022-06-09 19:27:14 - [TEST_STEP][PASSED] - I.print(refID_GrandDaughter1): null

2022-06-09 19:27:14 - [TEST_STEP][PASSED] - setText(findTestObject("1. Constant/xpath", ["xpath":"//*[@id="var_137"]"]), "Grand Daughter 1"): Text 'Grand Daughter 1' is set on object 'Object Repository/1. Constant/xpath'

2022-06-09 19:27:14 - [MESSAGE][PASSED] - Text 'Grand Daughter 1' is set on object 'Object Repository/1. Constant/xpath'

2022-06-09 19:27:14 - [TEST_STEP][PASSED] - click(findTestObject("1. Constant/xpath", ["xpath":"//*[@id="type_save"]"])): Object: 'Object Repository/1. Constant/xpath' is clicked on

2022-06-09 19:27:18 - [MESSAGE][PASSED] - Object: 'Object Repository/1. Constant/xpath' is clicked on

2022-06-09 19:27:18 - [TEST_STEP][PASSED] - delay(1): Delayed 1 second(s)

2022-06-09 19:27:19 - [MESSAGE][PASSED] - Delayed 1 second(s)

2022-06-09 19:27:19 - [TEST_STEP][PASSED] - takeScreenshot(): Taking screenshot successfully

2022-06-09 19:27:19 - [MESSAGE][PASSED] - Taking screenshot successfully
[[ATTACHMENT|D:\\Projet Test Auto\\Mediabox Test Automation\\Reports\\20220609_181011\\03. Parallel Testing (Testing)\\TS -PT PART 3\\07 Tag Sephora Dreyers _ Empty Group _Lifecycle condition\\20220609_181049\\1654795639236.png]]

2022-06-09 19:27:19 - [TEST_STEP][PASSED] - delay(1): Delayed 1 second(s)

2022-06-09 19:27:20 - [MESSAGE][PASSED] - Delayed 1 second(s)

2022-06-09 19:27:20 - [TEST_STEP][PASSED] - click(findTestObject("1. Constant/xpath", ["xpath":"//*[@id="ancre_" + refID_Daughter2 + ""]/a[1]"])): Object: 'Object Repository/1. Constant/xpath' is clicked on

2022-06-09 19:27:24 - [MESSAGE][PASSED] - Object: 'Object Repository/1. Constant/xpath' is clicked on

2022-06-09 19:27:24 - [TEST_STEP][PASSED] - delay(2): Delayed 2 second(s)

2022-06-09 19:27:26 - [MESSAGE][PASSED] - Delayed 2 second(s)

2022-06-09 19:27:26 - [TEST_STEP][PASSED] - selectOptionByValue(findTestObject("1. Constant/xpath", ["xpath":"//*[@id="lfc_tpl"]"]), "31", false): All options with value '31' are selected in object 'Object Repository/1. Constant/xpath' 

2022-06-09 19:27:27 - [MESSAGE][PASSED] - All options with value '31' are selected in object 'Object Repository/1. Constant/xpath' 

2022-06-09 19:27:27 - [TEST_STEP][PASSED] - takeScreenshot(): Taking screenshot successfully

2022-06-09 19:27:27 - [MESSAGE][PASSED] - Taking screenshot successfully
[[ATTACHMENT|D:\\Projet Test Auto\\Mediabox Test Automation\\Reports\\20220609_181011\\03. Parallel Testing (Testing)\\TS -PT PART 3\\07 Tag Sephora Dreyers _ Empty Group _Lifecycle condition\\20220609_181049\\1654795647495.png]]

2022-06-09 19:27:27 - [TEST_STEP][PASSED] - click(findTestObject("1. Constant/xpath", ["xpath":"//*[@id="ModifFiche"]/div[1]/div/button"])): Object: 'Object Repository/1. Constant/xpath' is clicked on

2022-06-09 19:27:31 - [MESSAGE][PASSED] - Object: 'Object Repository/1. Constant/xpath' is clicked on

2022-06-09 19:27:31 - [TEST_STEP][PASSED] - refID_GrandDaughter2 = I.RefID(): Current window's url is: 'http://mdb-release.diadeis.lan/MediaboxIndependence/Base/ExecAction?IDSession=MBI%21RELTESTAUTO_DREYERS%21SNRZFPCCU1TJ1UFXR32T88Y2XEXU9XD4QWB496SY&default_action=ModifierRef&id_project=MI000880&id_ref=5260&action_from=create_ref'

2022-06-09 19:27:36 - [MESSAGE][PASSED] - Delayed 5 second(s)

2022-06-09 19:27:36 - [MESSAGE][PASSED] - Current window's url is: 'http://mdb-release.diadeis.lan/MediaboxIndependence/Base/ExecAction?IDSession=MBI%21RELTESTAUTO_DREYERS%21SNRZFPCCU1TJ1UFXR32T88Y2XEXU9XD4QWB496SY&default_action=ModifierRef&id_project=MI000880&id_ref=5260&action_from=create_ref'

2022-06-09 19:27:36 - [TEST_STEP][PASSED] - I.print(refID_GrandDaughter2): null

2022-06-09 19:27:36 - [TEST_STEP][PASSED] - setText(findTestObject("1. Constant/xpath", ["xpath":"//*[@id="var_137"]"]), "Grand Daughter 2"): Text 'Grand Daughter 2' is set on object 'Object Repository/1. Constant/xpath'

2022-06-09 19:27:36 - [MESSAGE][PASSED] - Text 'Grand Daughter 2' is set on object 'Object Repository/1. Constant/xpath'

2022-06-09 19:27:36 - [TEST_STEP][PASSED] - click(findTestObject("1. Constant/xpath", ["xpath":"//*[@id="type_save"]"])): Object: 'Object Repository/1. Constant/xpath' is clicked on

2022-06-09 19:27:42 - [MESSAGE][PASSED] - Object: 'Object Repository/1. Constant/xpath' is clicked on

2022-06-09 19:27:42 - [TEST_STEP][PASSED] - takeScreenshot(): Taking screenshot successfully

2022-06-09 19:27:42 - [MESSAGE][PASSED] - Taking screenshot successfully
[[ATTACHMENT|D:\\Projet Test Auto\\Mediabox Test Automation\\Reports\\20220609_181011\\03. Parallel Testing (Testing)\\TS -PT PART 3\\07 Tag Sephora Dreyers _ Empty Group _Lifecycle condition\\20220609_181049\\1654795662570.png]]

2022-06-09 19:27:42 - [TEST_STEP][PASSED] - delay(1): Delayed 1 second(s)

2022-06-09 19:27:43 - [MESSAGE][PASSED] - Delayed 1 second(s)

2022-06-09 19:27:43 - [TEST_STEP][PASSED] - click(findTestObject("1. Constant/xpath", ["xpath":"//*[@id="source_" + refID_Daughter2 + ""]/td[17]/div[1]/button"])): Object: 'Object Repository/1. Constant/xpath' is clicked on

2022-06-09 19:27:45 - [MESSAGE][PASSED] - Object: 'Object Repository/1. Constant/xpath' is clicked on

2022-06-09 19:27:45 - [TEST_STEP][PASSED] - delay(2): Delayed 2 second(s)

2022-06-09 19:27:47 - [MESSAGE][PASSED] - Delayed 2 second(s)

2022-06-09 19:27:47 - [TEST_STEP][PASSED] - click(findTestObject("1. Constant/xpath", ["xpath":"//*[@id="source_" + refID_Daughter2 + ""]/td[17]/div[1]/div/a[2]"])): Object: 'Object Repository/1. Constant/xpath' is clicked on

2022-06-09 19:27:49 - [MESSAGE][PASSED] - Object: 'Object Repository/1. Constant/xpath' is clicked on

2022-06-09 19:27:49 - [TEST_STEP][PASSED] - selectOptionByValue(findTestObject("1. Constant/xpath", ["xpath":"//*[@id="lfc_tpl"]"]), "30", false): All options with value '30' are selected in object 'Object Repository/1. Constant/xpath' 

2022-06-09 19:27:49 - [MESSAGE][PASSED] - All options with value '30' are selected in object 'Object Repository/1. Constant/xpath' 

2022-06-09 19:27:49 - [TEST_STEP][PASSED] - takeScreenshot(): Taking screenshot successfully

2022-06-09 19:27:49 - [MESSAGE][PASSED] - Taking screenshot successfully
[[ATTACHMENT|D:\\Projet Test Auto\\Mediabox Test Automation\\Reports\\20220609_181011\\03. Parallel Testing (Testing)\\TS -PT PART 3\\07 Tag Sephora Dreyers _ Empty Group _Lifecycle condition\\20220609_181049\\1654795669768.png]]

2022-06-09 19:27:49 - [TEST_STEP][PASSED] - click(findTestObject("1. Constant/xpath", ["xpath":"//*[@id="ModifFiche"]/div[1]/div/button"])): Object: 'Object Repository/1. Constant/xpath' is clicked on

2022-06-09 19:27:53 - [MESSAGE][PASSED] - Object: 'Object Repository/1. Constant/xpath' is clicked on

2022-06-09 19:27:53 - [TEST_STEP][PASSED] - refID_GrandDaughter3 = I.RefID(): Current window's url is: 'http://mdb-release.diadeis.lan/MediaboxIndependence/Base/ExecAction?IDSession=MBI%21RELTESTAUTO_DREYERS%21SNRZFPCCU1TJ1UFXR32T88Y2XEXU9XD4QWB496SY&default_action=ModifierRef&id_project=MI000880&id_ref=5261&action_from=create_ref'

2022-06-09 19:27:58 - [MESSAGE][PASSED] - Delayed 5 second(s)

2022-06-09 19:27:58 - [MESSAGE][PASSED] - Current window's url is: 'http://mdb-release.diadeis.lan/MediaboxIndependence/Base/ExecAction?IDSession=MBI%21RELTESTAUTO_DREYERS%21SNRZFPCCU1TJ1UFXR32T88Y2XEXU9XD4QWB496SY&default_action=ModifierRef&id_project=MI000880&id_ref=5261&action_from=create_ref'

2022-06-09 19:27:58 - [TEST_STEP][PASSED] - I.print(refID_GrandDaughter3): null

2022-06-09 19:27:58 - [TEST_STEP][PASSED] - setText(findTestObject("1. Constant/xpath", ["xpath":"//*[@id="var_137"]"]), "Grand Daughter 3"): Text 'Grand Daughter 3' is set on object 'Object Repository/1. Constant/xpath'

2022-06-09 19:27:59 - [MESSAGE][PASSED] - Text 'Grand Daughter 3' is set on object 'Object Repository/1. Constant/xpath'

2022-06-09 19:27:59 - [TEST_STEP][PASSED] - click(findTestObject("1. Constant/xpath", ["xpath":"//*[@id="type_save"]"])): Object: 'Object Repository/1. Constant/xpath' is clicked on

2022-06-09 19:28:03 - [MESSAGE][PASSED] - Object: 'Object Repository/1. Constant/xpath' is clicked on

2022-06-09 19:28:03 - [TEST_STEP][PASSED] - delay(1): Delayed 1 second(s)

2022-06-09 19:28:04 - [MESSAGE][PASSED] - Delayed 1 second(s)

2022-06-09 19:28:04 - [TEST_STEP][PASSED] - takeScreenshot(): Taking screenshot successfully

2022-06-09 19:28:04 - [MESSAGE][PASSED] - Taking screenshot successfully
[[ATTACHMENT|D:\\Projet Test Auto\\Mediabox Test Automation\\Reports\\20220609_181011\\03. Parallel Testing (Testing)\\TS -PT PART 3\\07 Tag Sephora Dreyers _ Empty Group _Lifecycle condition\\20220609_181049\\1654795684086.png]]

2022-06-09 19:28:04 - [TEST_STEP][PASSED] - delay(1): Delayed 1 second(s)

2022-06-09 19:28:05 - [MESSAGE][PASSED] - Delayed 1 second(s)

2022-06-09 19:28:05 - [TEST_STEP][PASSED] - click(findTestObject("1. Constant/xpath", ["xpath":"//*[@id="source_" + refID_Daughter2 + ""]/td[17]/a[1]"])): Object: 'Object Repository/1. Constant/xpath' is clicked on

2022-06-09 19:28:07 - [MESSAGE][PASSED] - Object: 'Object Repository/1. Constant/xpath' is clicked on

2022-06-09 19:28:07 - [TEST_STEP][PASSED] - delay(2): Delayed 2 second(s)

2022-06-09 19:28:09 - [MESSAGE][PASSED] - Delayed 2 second(s)

2022-06-09 19:28:09 - [TEST_STEP][PASSED] - selectOptionByValue(findTestObject("1. Constant/xpath", ["xpath":"//*[@id="lfc_tpl"]"]), "31", false): All options with value '31' are selected in object 'Object Repository/1. Constant/xpath' 

2022-06-09 19:28:10 - [MESSAGE][PASSED] - All options with value '31' are selected in object 'Object Repository/1. Constant/xpath' 

2022-06-09 19:28:10 - [TEST_STEP][PASSED] - takeScreenshot(): Taking screenshot successfully

2022-06-09 19:28:10 - [MESSAGE][PASSED] - Taking screenshot successfully
[[ATTACHMENT|D:\\Projet Test Auto\\Mediabox Test Automation\\Reports\\20220609_181011\\03. Parallel Testing (Testing)\\TS -PT PART 3\\07 Tag Sephora Dreyers _ Empty Group _Lifecycle condition\\20220609_181049\\1654795690068.png]]

2022-06-09 19:28:10 - [TEST_STEP][PASSED] - click(findTestObject("1. Constant/xpath", ["xpath":"//*[@id="ModifFiche"]/div[1]/div/button"])): Object: 'Object Repository/1. Constant/xpath' is clicked on

2022-06-09 19:28:15 - [MESSAGE][PASSED] - Object: 'Object Repository/1. Constant/xpath' is clicked on

2022-06-09 19:28:15 - [TEST_STEP][PASSED] - refID_GrandDaughter4 = I.RefID(): Current window's url is: 'http://mdb-release.diadeis.lan/MediaboxIndependence/Base/ExecAction?IDSession=MBI%21RELTESTAUTO_DREYERS%21SNRZFPCCU1TJ1UFXR32T88Y2XEXU9XD4QWB496SY&default_action=ModifierRef&id_project=MI000880&id_ref=5262&action_from=create_ref'

2022-06-09 19:28:20 - [MESSAGE][PASSED] - Delayed 5 second(s)

2022-06-09 19:28:20 - [MESSAGE][PASSED] - Current window's url is: 'http://mdb-release.diadeis.lan/MediaboxIndependence/Base/ExecAction?IDSession=MBI%21RELTESTAUTO_DREYERS%21SNRZFPCCU1TJ1UFXR32T88Y2XEXU9XD4QWB496SY&default_action=ModifierRef&id_project=MI000880&id_ref=5262&action_from=create_ref'

2022-06-09 19:28:20 - [TEST_STEP][PASSED] - I.print(refID_GrandDaughter4): null

2022-06-09 19:28:20 - [TEST_STEP][PASSED] - setText(findTestObject("1. Constant/xpath", ["xpath":"//*[@id="var_137"]"]), "Grand Daughter 4"): Text 'Grand Daughter 4' is set on object 'Object Repository/1. Constant/xpath'

2022-06-09 19:28:21 - [MESSAGE][PASSED] - Text 'Grand Daughter 4' is set on object 'Object Repository/1. Constant/xpath'

2022-06-09 19:28:21 - [TEST_STEP][PASSED] - click(findTestObject("1. Constant/xpath", ["xpath":"//*[@id="type_save"]"])): Object: 'Object Repository/1. Constant/xpath' is clicked on

2022-06-09 19:28:28 - [MESSAGE][PASSED] - Object: 'Object Repository/1. Constant/xpath' is clicked on

2022-06-09 19:28:28 - [TEST_STEP][PASSED] - takeScreenshot(): Taking screenshot successfully

2022-06-09 19:28:28 - [MESSAGE][PASSED] - Taking screenshot successfully
[[ATTACHMENT|D:\\Projet Test Auto\\Mediabox Test Automation\\Reports\\20220609_181011\\03. Parallel Testing (Testing)\\TS -PT PART 3\\07 Tag Sephora Dreyers _ Empty Group _Lifecycle condition\\20220609_181049\\1654795708110.png]]

2022-06-09 19:28:28 - [TEST_STEP][PASSED] - delay(1): Delayed 1 second(s)

2022-06-09 19:28:29 - [MESSAGE][PASSED] - Delayed 1 second(s)

2022-06-09 19:28:29 - [TEST_STEP][PASSED] - click(findTestObject("1. Constant/xpath", ["xpath":"//*[@id="ancre_" + refID_Daughter2 + ""]/a[2]"])): Object: 'Object Repository/1. Constant/xpath' is clicked on

2022-06-09 19:28:32 - [MESSAGE][PASSED] - Object: 'Object Repository/1. Constant/xpath' is clicked on

2022-06-09 19:28:32 - [TEST_STEP][PASSED] - takeScreenshot(): Taking screenshot successfully

2022-06-09 19:28:33 - [MESSAGE][PASSED] - Taking screenshot successfully
[[ATTACHMENT|D:\\Projet Test Auto\\Mediabox Test Automation\\Reports\\20220609_181011\\03. Parallel Testing (Testing)\\TS -PT PART 3\\07 Tag Sephora Dreyers _ Empty Group _Lifecycle condition\\20220609_181049\\1654795712634.png]]

2022-06-09 19:28:33 - [TEST_STEP][PASSED] - click(findTestObject("1. Constant/xpath", ["xpath":"//*[@id="ModifFiche"]/div[1]/div/button[2]"])): Object: 'Object Repository/1. Constant/xpath' is clicked on

2022-06-09 19:28:37 - [MESSAGE][PASSED] - Object: 'Object Repository/1. Constant/xpath' is clicked on

2022-06-09 19:28:37 - [TEST_STEP][PASSED] - takeScreenshot(): Taking screenshot successfully

2022-06-09 19:28:38 - [MESSAGE][PASSED] - Taking screenshot successfully
[[ATTACHMENT|D:\\Projet Test Auto\\Mediabox Test Automation\\Reports\\20220609_181011\\03. Parallel Testing (Testing)\\TS -PT PART 3\\07 Tag Sephora Dreyers _ Empty Group _Lifecycle condition\\20220609_181049\\1654795717754.png]]

2022-06-09 19:28:38 - [TEST_STEP][PASSED] - delay(1): Delayed 1 second(s)

2022-06-09 19:28:39 - [MESSAGE][PASSED] - Delayed 1 second(s)

2022-06-09 19:28:39 - [TEST_STEP][PASSED] - Actual_Lifecycle1_GD1 = getText(findTestObject("1. Constant/xpath", ["xpath":"//*[@id="source_" + refID_GrandDaughter1 + ""]/td[16]/span[1]"])): Text of object 'Object Repository/1. Constant/xpath' is: 'GD1 Phase 2.1'

2022-06-09 19:28:40 - [MESSAGE][PASSED] - Text of object 'Object Repository/1. Constant/xpath' is: 'GD1 Phase 2.1'

2022-06-09 19:28:40 - [TEST_STEP][PASSED] - verifyMatch(Actual_Lifecycle1_GD1, "GD1 Phase 2.1", false): Actual text 'GD1 Phase 2.1' and expected text 'GD1 Phase 2.1' are matched 

2022-06-09 19:28:40 - [MESSAGE][PASSED] - Actual text 'GD1 Phase 2.1' and expected text 'GD1 Phase 2.1' are matched 

2022-06-09 19:28:40 - [TEST_STEP][PASSED] - click(findTestObject("1. Constant/xpath", ["xpath":"//*[@id="ancre_" + refID_GrandDaughter3 + ""]/a[2]"])): Object: 'Object Repository/1. Constant/xpath' is clicked on

2022-06-09 19:28:43 - [MESSAGE][PASSED] - Object: 'Object Repository/1. Constant/xpath' is clicked on

2022-06-09 19:28:43 - [TEST_STEP][PASSED] - takeScreenshot(): Taking screenshot successfully

2022-06-09 19:28:43 - [MESSAGE][PASSED] - Taking screenshot successfully
[[ATTACHMENT|D:\\Projet Test Auto\\Mediabox Test Automation\\Reports\\20220609_181011\\03. Parallel Testing (Testing)\\TS -PT PART 3\\07 Tag Sephora Dreyers _ Empty Group _Lifecycle condition\\20220609_181049\\1654795723692.png]]

2022-06-09 19:28:43 - [TEST_STEP][PASSED] - click(findTestObject("1. Constant/xpath", ["xpath":"//*[@id="ModifFiche"]/div[1]/div/button[2]"])): Object: 'Object Repository/1. Constant/xpath' is clicked on

2022-06-09 19:28:48 - [MESSAGE][PASSED] - Object: 'Object Repository/1. Constant/xpath' is clicked on

2022-06-09 19:28:48 - [TEST_STEP][PASSED] - delay(1): Delayed 1 second(s)

2022-06-09 19:28:49 - [MESSAGE][PASSED] - Delayed 1 second(s)

2022-06-09 19:28:49 - [TEST_STEP][PASSED] - Actual_Lifecycle1_GD2 = getText(findTestObject("1. Constant/xpath", ["xpath":"//*[@id="source_" + refID_GrandDaughter2 + ""]/td[16]/span[1]"])): Text of object 'Object Repository/1. Constant/xpath' is: 'GD2 Phase 2.1'

2022-06-09 19:28:50 - [MESSAGE][PASSED] - Text of object 'Object Repository/1. Constant/xpath' is: 'GD2 Phase 2.1'

2022-06-09 19:28:50 - [TEST_STEP][PASSED] - verifyMatch(Actual_Lifecycle1_GD2, "GD2 Phase 2.1", false): Actual text 'GD2 Phase 2.1' and expected text 'GD2 Phase 2.1' are matched 

2022-06-09 19:28:50 - [MESSAGE][PASSED] - Actual text 'GD2 Phase 2.1' and expected text 'GD2 Phase 2.1' are matched 

2022-06-09 19:28:50 - [TEST_STEP][PASSED] - takeScreenshot(): Taking screenshot successfully

2022-06-09 19:28:50 - [MESSAGE][PASSED] - Taking screenshot successfully
[[ATTACHMENT|D:\\Projet Test Auto\\Mediabox Test Automation\\Reports\\20220609_181011\\03. Parallel Testing (Testing)\\TS -PT PART 3\\07 Tag Sephora Dreyers _ Empty Group _Lifecycle condition\\20220609_181049\\1654795730112.png]]

2022-06-09 19:28:50 - [TEST_STEP][PASSED] - click(findTestObject("1. Constant/xpath", ["xpath":"//*[@id="ancre_" + refID_Daughter2 + ""]/a[2]"])): Object: 'Object Repository/1. Constant/xpath' is clicked on

2022-06-09 19:28:53 - [MESSAGE][PASSED] - Object: 'Object Repository/1. Constant/xpath' is clicked on

2022-06-09 19:28:53 - [TEST_STEP][PASSED] - takeScreenshot(): Taking screenshot successfully

2022-06-09 19:28:54 - [MESSAGE][PASSED] - Taking screenshot successfully
[[ATTACHMENT|D:\\Projet Test Auto\\Mediabox Test Automation\\Reports\\20220609_181011\\03. Parallel Testing (Testing)\\TS -PT PART 3\\07 Tag Sephora Dreyers _ Empty Group _Lifecycle condition\\20220609_181049\\1654795733895.png]]

2022-06-09 19:28:54 - [TEST_STEP][PASSED] - click(findTestObject("1. Constant/xpath", ["xpath":"//*[@id="ModifFiche"]/div[1]/div/button[2]"])): Object: 'Object Repository/1. Constant/xpath' is clicked on

2022-06-09 19:28:59 - [MESSAGE][PASSED] - Object: 'Object Repository/1. Constant/xpath' is clicked on

2022-06-09 19:28:59 - [TEST_STEP][PASSED] - takeScreenshot(): Taking screenshot successfully

2022-06-09 19:29:00 - [MESSAGE][PASSED] - Taking screenshot successfully
[[ATTACHMENT|D:\\Projet Test Auto\\Mediabox Test Automation\\Reports\\20220609_181011\\03. Parallel Testing (Testing)\\TS -PT PART 3\\07 Tag Sephora Dreyers _ Empty Group _Lifecycle condition\\20220609_181049\\1654795740070.png]]

2022-06-09 19:29:00 - [TEST_STEP][PASSED] - delay(1): Delayed 1 second(s)

2022-06-09 19:29:01 - [MESSAGE][PASSED] - Delayed 1 second(s)

2022-06-09 19:29:01 - [TEST_STEP][PASSED] - Actual_Lifecycle2_GD1 = getText(findTestObject("1. Constant/xpath", ["xpath":"//*[@id="source_" + refID_GrandDaughter1 + ""]/td[16]/span"])): Text of object 'Object Repository/1. Constant/xpath' is: 'Complete'

2022-06-09 19:29:01 - [MESSAGE][PASSED] - Text of object 'Object Repository/1. Constant/xpath' is: 'Complete'

2022-06-09 19:29:01 - [TEST_STEP][PASSED] - verifyMatch(Actual_Lifecycle2_GD1, "Complete", false): Actual text 'Complete' and expected text 'Complete' are matched 

2022-06-09 19:29:01 - [MESSAGE][PASSED] - Actual text 'Complete' and expected text 'Complete' are matched 

2022-06-09 19:29:01 - [TEST_STEP][PASSED] - Actual_Lifecycle1_D1 = getText(findTestObject("1. Constant/xpath", ["xpath":"//*[@id="source_" + refID_Daughter1 + ""]/td[16]/span[1]"])): Text of object 'Object Repository/1. Constant/xpath' is: 'Daughter Phase 1.1'

2022-06-09 19:29:01 - [MESSAGE][PASSED] - Text of object 'Object Repository/1. Constant/xpath' is: 'Daughter Phase 1.1'

2022-06-09 19:29:01 - [TEST_STEP][PASSED] - verifyMatch(Actual_Lifecycle1_D1, "Daughter Phase 1.1", false): Actual text 'Daughter Phase 1.1' and expected text 'Daughter Phase 1.1' are matched 

2022-06-09 19:29:01 - [MESSAGE][PASSED] - Actual text 'Daughter Phase 1.1' and expected text 'Daughter Phase 1.1' are matched 

2022-06-09 19:29:01 - [TEST_STEP][PASSED] - Actual_Lifecycle1_D2 = getText(findTestObject("1. Constant/xpath", ["xpath":"//*[@id="source_" + refID_Daughter2 + ""]/td[16]/span[1]"])): Text of object 'Object Repository/1. Constant/xpath' is: 'Daughter Phase 1.1'

2022-06-09 19:29:02 - [MESSAGE][PASSED] - Text of object 'Object Repository/1. Constant/xpath' is: 'Daughter Phase 1.1'

2022-06-09 19:29:02 - [TEST_STEP][PASSED] - verifyMatch(Actual_Lifecycle1_D2, "Daughter Phase 1.1", false): Actual text 'Daughter Phase 1.1' and expected text 'Daughter Phase 1.1' are matched 

2022-06-09 19:29:02 - [MESSAGE][PASSED] - Actual text 'Daughter Phase 1.1' and expected text 'Daughter Phase 1.1' are matched 

2022-06-09 19:29:02 - [TEST_STEP][PASSED] - click(findTestObject("1. Constant/xpath", ["xpath":"//*[@id="ancre_" + refID_GrandDaughter3 + ""]/a[2]"])): Object: 'Object Repository/1. Constant/xpath' is clicked on

2022-06-09 19:29:03 - [MESSAGE][PASSED] - Object: 'Object Repository/1. Constant/xpath' is clicked on

2022-06-09 19:29:03 - [TEST_STEP][PASSED] - takeScreenshot(): Taking screenshot successfully

2022-06-09 19:29:04 - [MESSAGE][PASSED] - Taking screenshot successfully
[[ATTACHMENT|D:\\Projet Test Auto\\Mediabox Test Automation\\Reports\\20220609_181011\\03. Parallel Testing (Testing)\\TS -PT PART 3\\07 Tag Sephora Dreyers _ Empty Group _Lifecycle condition\\20220609_181049\\1654795743629.png]]

2022-06-09 19:29:04 - [TEST_STEP][PASSED] - click(findTestObject("1. Constant/xpath", ["xpath":"//*[@id="ModifFiche"]/div[1]/div/button[2]"])): Object: 'Object Repository/1. Constant/xpath' is clicked on

2022-06-09 19:29:08 - [MESSAGE][PASSED] - Object: 'Object Repository/1. Constant/xpath' is clicked on

2022-06-09 19:29:08 - [TEST_STEP][PASSED] - takeScreenshot(): Taking screenshot successfully

2022-06-09 19:29:09 - [MESSAGE][PASSED] - Taking screenshot successfully
[[ATTACHMENT|D:\\Projet Test Auto\\Mediabox Test Automation\\Reports\\20220609_181011\\03. Parallel Testing (Testing)\\TS -PT PART 3\\07 Tag Sephora Dreyers _ Empty Group _Lifecycle condition\\20220609_181049\\1654795748618.png]]

2022-06-09 19:29:09 - [TEST_STEP][PASSED] - Actual_Lifecycle2_GD11 = getText(findTestObject("1. Constant/xpath", ["xpath":"//*[@id="source_" + refID_GrandDaughter1 + ""]/td[16]/span"])): Text of object 'Object Repository/1. Constant/xpath' is: 'Complete'

2022-06-09 19:29:09 - [MESSAGE][PASSED] - Text of object 'Object Repository/1. Constant/xpath' is: 'Complete'

2022-06-09 19:29:09 - [TEST_STEP][PASSED] - verifyMatch(Actual_Lifecycle2_GD11, "Complete", false): Actual text 'Complete' and expected text 'Complete' are matched 

2022-06-09 19:29:09 - [MESSAGE][PASSED] - Actual text 'Complete' and expected text 'Complete' are matched 

2022-06-09 19:29:09 - [TEST_STEP][PASSED] - Actual_Lifecycle1_D12 = getText(findTestObject("1. Constant/xpath", ["xpath":"//*[@id="source_" + refID_Daughter1 + ""]/td[16]/span[1]"])): Text of object 'Object Repository/1. Constant/xpath' is: 'Daughter Phase 2.1'

2022-06-09 19:29:09 - [MESSAGE][PASSED] - Text of object 'Object Repository/1. Constant/xpath' is: 'Daughter Phase 2.1'

2022-06-09 19:29:09 - [TEST_STEP][PASSED] - verifyMatch(Actual_Lifecycle1_D12, "Daughter Phase 2.1", false): Actual text 'Daughter Phase 2.1' and expected text 'Daughter Phase 2.1' are matched 

2022-06-09 19:29:09 - [MESSAGE][PASSED] - Actual text 'Daughter Phase 2.1' and expected text 'Daughter Phase 2.1' are matched 

2022-06-09 19:29:09 - [TEST_STEP][PASSED] - Actual_Lifecycle1_D22 = getText(findTestObject("1. Constant/xpath", ["xpath":"//*[@id="source_" + refID_Daughter2 + ""]/td[16]/span[1]"])): Text of object 'Object Repository/1. Constant/xpath' is: 'Daughter Phase 1.1'

2022-06-09 19:29:09 - [MESSAGE][PASSED] - Text of object 'Object Repository/1. Constant/xpath' is: 'Daughter Phase 1.1'

2022-06-09 19:29:09 - [TEST_STEP][PASSED] - verifyMatch(Actual_Lifecycle1_D22, "Daughter Phase 1.1", false): Actual text 'Daughter Phase 1.1' and expected text 'Daughter Phase 1.1' are matched 

2022-06-09 19:29:09 - [MESSAGE][PASSED] - Actual text 'Daughter Phase 1.1' and expected text 'Daughter Phase 1.1' are matched 

2022-06-09 19:29:09 - [TEST_STEP][PASSED] - takeScreenshot(): Taking screenshot successfully

2022-06-09 19:29:10 - [MESSAGE][PASSED] - Taking screenshot successfully
[[ATTACHMENT|D:\\Projet Test Auto\\Mediabox Test Automation\\Reports\\20220609_181011\\03. Parallel Testing (Testing)\\TS -PT PART 3\\07 Tag Sephora Dreyers _ Empty Group _Lifecycle condition\\20220609_181049\\1654795749906.png]]

2022-06-09 19:29:10 - [TEST_STEP][PASSED] - click(findTestObject("1. Constant/xpath", ["xpath":"//*[@id="ancre_" + refID_GrandDaughter2 + ""]/a[2]"])): Object: 'Object Repository/1. Constant/xpath' is clicked on

2022-06-09 19:29:12 - [MESSAGE][PASSED] - Object: 'Object Repository/1. Constant/xpath' is clicked on

2022-06-09 19:29:12 - [TEST_STEP][PASSED] - takeScreenshot(): Taking screenshot successfully

2022-06-09 19:29:12 - [MESSAGE][PASSED] - Taking screenshot successfully
[[ATTACHMENT|D:\\Projet Test Auto\\Mediabox Test Automation\\Reports\\20220609_181011\\03. Parallel Testing (Testing)\\TS -PT PART 3\\07 Tag Sephora Dreyers _ Empty Group _Lifecycle condition\\20220609_181049\\1654795752380.png]]

2022-06-09 19:29:12 - [TEST_STEP][PASSED] - click(findTestObject("1. Constant/xpath", ["xpath":"//*[@id="ModifFiche"]/div[1]/div/button[2]"])): Object: 'Object Repository/1. Constant/xpath' is clicked on

2022-06-09 19:29:18 - [MESSAGE][PASSED] - Object: 'Object Repository/1. Constant/xpath' is clicked on

2022-06-09 19:29:18 - [TEST_STEP][PASSED] - takeScreenshot(): Taking screenshot successfully

2022-06-09 19:29:18 - [MESSAGE][PASSED] - Taking screenshot successfully
[[ATTACHMENT|D:\\Projet Test Auto\\Mediabox Test Automation\\Reports\\20220609_181011\\03. Parallel Testing (Testing)\\TS -PT PART 3\\07 Tag Sephora Dreyers _ Empty Group _Lifecycle condition\\20220609_181049\\1654795758153.png]]

2022-06-09 19:29:18 - [TEST_STEP][PASSED] - Actual_Lifecycle_D1_Complete = getText(findTestObject("1. Constant/xpath", ["xpath":"//*[@id="source_" + refID_Daughter1 + ""]/td[16]/span"])): Text of object 'Object Repository/1. Constant/xpath' is: 'Complete'

2022-06-09 19:29:19 - [MESSAGE][PASSED] - Text of object 'Object Repository/1. Constant/xpath' is: 'Complete'

2022-06-09 19:29:19 - [TEST_STEP][PASSED] - verifyMatch(Actual_Lifecycle_D1_Complete, "Complete", false): Actual text 'Complete' and expected text 'Complete' are matched 

2022-06-09 19:29:19 - [MESSAGE][PASSED] - Actual text 'Complete' and expected text 'Complete' are matched 

2022-06-09 19:29:19 - [TEST_STEP][PASSED] - closeBrowser(): Browser is closed

2022-06-09 19:29:21 - [MESSAGE][PASSED] - Browser is closed

2022-06-09 19:29:21 - [TEST_STEP][PASSED] - Start listener action : sampleAfterTestCase: null]]></system-out>
         <system-err><![CDATA[]]></system-err>
      </testcase>
      <testcase name="Test Cases/13. Dreyers Lifecycle condition/13.4 Dreyers Lifecycle conditions_Control Tag (2026)" time="168.175" classname="Test Cases/13. Dreyers Lifecycle condition/13.4 Dreyers Lifecycle conditions_Control Tag (2026)" status="PASSED">
         <system-out><![CDATA[2022-06-09 19:29:21 - [TEST_CASE][PASSED] - Test Cases/13. Dreyers Lifecycle condition/13.4 Dreyers Lifecycle conditions_Control Tag (2026): Test Cases/13. Dreyers Lifecycle condition/13.4 Dreyers Lifecycle conditions_Control Tag (2026)

2022-06-09 19:29:22 - [TEST_STEP][PASSED] - data_Dreyers = findTestData("Data Files/Username_Password/Dreyer"): null

2022-06-09 19:29:22 - [TEST_STEP][PASSED] - password_suser = data_Dreyers.getValue(2, 1): null

2022-06-09 19:29:22 - [TEST_STEP][PASSED] - password_blemco = data_Dreyers.getValue(2, 2): null

2022-06-09 19:29:22 - [TEST_STEP][PASSED] - password_amassoth = data_Dreyers.getValue(2, 3): null

2022-06-09 19:29:22 - [TEST_STEP][PASSED] - password_bharandi = data_Dreyers.getValue(2, 4): null

2022-06-09 19:29:22 - [TEST_STEP][PASSED] - password_mbaughman = data_Dreyers.getValue(2, 5): null

2022-06-09 19:29:22 - [TEST_STEP][PASSED] - data_urlRELAUTO = findTestData("Data Files/URL/URL_relauto"): null

2022-06-09 19:29:22 - [TEST_STEP][PASSED] - Url_Dreyer = data_urlRELAUTO.getValue(2, 4): null

2022-06-09 19:29:22 - [TEST_STEP][PASSED] - openBrowser(Url_Dreyer): Browser is opened with url: 'http://mdb-release.diadeis.lan/MediaboxIndependence/?MBI_datasource=RELTESTAUTO_DREYERS'

2022-06-09 19:29:22 - [MESSAGE][INFO] - Starting 'Chrome (headless)' driver

2022-06-09 19:29:22 - [MESSAGE][INFO] - User set preference: ['args', '[--window-size=1920,1080, --headless]']

2022-06-09 19:29:22 - [MESSAGE][INFO] - Action delay is set to 0 milliseconds

2022-06-09 19:29:29 - [MESSAGE][PASSED] - Browser is opened with url: 'http://mdb-release.diadeis.lan/MediaboxIndependence/?MBI_datasource=RELTESTAUTO_DREYERS'

2022-06-09 19:29:29 - [TEST_STEP][PASSED] - maximizeWindow(): Current window maximized

2022-06-09 19:29:30 - [MESSAGE][PASSED] - Current window maximized

2022-06-09 19:29:30 - [TEST_STEP][PASSED] - waitForPageLoad(30): Wait for page load successfully

2022-06-09 19:29:30 - [MESSAGE][PASSED] - Wait for page load successfully

2022-06-09 19:29:30 - [TEST_STEP][PASSED] - takeScreenshot(): Taking screenshot successfully

2022-06-09 19:29:30 - [MESSAGE][PASSED] - Taking screenshot successfully
[[ATTACHMENT|D:\\Projet Test Auto\\Mediabox Test Automation\\Reports\\20220609_181011\\03. Parallel Testing (Testing)\\TS -PT PART 3\\07 Tag Sephora Dreyers _ Empty Group _Lifecycle condition\\20220609_181049\\1654795770295.png]]

2022-06-09 19:29:30 - [TEST_STEP][PASSED] - I.Login_password("blemco", password_blemco): Object: 'Object Repository/1. Constant/xpath' is clicked on

2022-06-09 19:29:31 - [MESSAGE][PASSED] - Text 'blemco' is set on object 'Object Repository/1. Constant/xpath'

2022-06-09 19:29:32 - [MESSAGE][PASSED] - Delayed 1 second(s)

2022-06-09 19:29:32 - [MESSAGE][PASSED] - Text 'diadeis1' is set on object 'Object Repository/1. Constant/xpath'

2022-06-09 19:29:33 - [MESSAGE][PASSED] - Delayed 1 second(s)

2022-06-09 19:29:44 - [MESSAGE][PASSED] - Object: 'Object Repository/1. Constant/xpath' is clicked on

2022-06-09 19:29:44 - [TEST_STEP][PASSED] - delay(1): Delayed 1 second(s)

2022-06-09 19:29:45 - [MESSAGE][PASSED] - Delayed 1 second(s)

2022-06-09 19:29:45 - [TEST_STEP][PASSED] - click(findTestObject("1. Constant/02_LHSMenu_Projects")): Object: 'Object Repository/1. Constant/02_LHSMenu_Projects' is clicked on

2022-06-09 19:29:48 - [MESSAGE][PASSED] - Object: 'Object Repository/1. Constant/02_LHSMenu_Projects' is clicked on

2022-06-09 19:29:48 - [TEST_STEP][PASSED] - click(findTestObject("1. Constant/xpath", ["xpath":"//*[@id="kt_content"]/div[3]/div/div/div[1]/div[2]/a[1]"])): Object: 'Object Repository/1. Constant/xpath' is clicked on

2022-06-09 19:29:52 - [MESSAGE][PASSED] - Object: 'Object Repository/1. Constant/xpath' is clicked on

2022-06-09 19:29:52 - [TEST_STEP][PASSED] - takeScreenshot(): Taking screenshot successfully

2022-06-09 19:29:52 - [MESSAGE][PASSED] - Taking screenshot successfully
[[ATTACHMENT|D:\\Projet Test Auto\\Mediabox Test Automation\\Reports\\20220609_181011\\03. Parallel Testing (Testing)\\TS -PT PART 3\\07 Tag Sephora Dreyers _ Empty Group _Lifecycle condition\\20220609_181049\\1654795792372.png]]

2022-06-09 19:29:52 - [TEST_STEP][PASSED] - I.click_button_javascript(findTestObject("1. Constant/xpath", ["xpath":"//*[@id="field_var_24"]/div/div/label[2]"])): Execute JavaScript 'arguments[0].click()' successfully

2022-06-09 19:29:52 - [MESSAGE][PASSED] - Execute JavaScript 'arguments[0].click()' successfully

2022-06-09 19:29:52 - [TEST_STEP][PASSED] - selectOptionByValue(findTestObject("1. Constant/xpath", ["xpath":"//*[@id="var_89"]"]), "123", false): All options with value '123' are selected in object 'Object Repository/1. Constant/xpath' 

2022-06-09 19:29:53 - [MESSAGE][PASSED] - All options with value '123' are selected in object 'Object Repository/1. Constant/xpath' 

2022-06-09 19:29:53 - [TEST_STEP][PASSED] - selectOptionByValue(findTestObject("1. Constant/xpath", ["xpath":"//*[@id="selSource_25"]"]), "modonnell", false): All options with value 'modonnell' are selected in object 'Object Repository/1. Constant/xpath' 

2022-06-09 19:29:53 - [MESSAGE][PASSED] - All options with value 'modonnell' are selected in object 'Object Repository/1. Constant/xpath' 

2022-06-09 19:29:53 - [TEST_STEP][PASSED] - I.select_multiplelist("//*[@id="selSource_25"]", "//*[@id="btnAdd_25"]", "blemco"): Delayed 1 second(s)

2022-06-09 19:29:54 - [MESSAGE][PASSED] - Delayed 1 second(s)

2022-06-09 19:29:54 - [MESSAGE][PASSED] - All options with value 'blemco' are selected in object 'Object Repository/1. Constant/xpath' 

2022-06-09 19:29:56 - [MESSAGE][PASSED] - Delayed 2 second(s)

2022-06-09 19:29:56 - [MESSAGE][PASSED] - Object: 'Object Repository/1. Constant/xpath' is clicked on

2022-06-09 19:29:57 - [MESSAGE][PASSED] - Delayed 1 second(s)

2022-06-09 19:29:57 - [TEST_STEP][PASSED] - selectOptionByValue(findTestObject("1. Constant/xpath", ["xpath":"//*[@id="var_9"]"]), "18", false): All options with value '18' are selected in object 'Object Repository/1. Constant/xpath' 

2022-06-09 19:29:58 - [MESSAGE][PASSED] - All options with value '18' are selected in object 'Object Repository/1. Constant/xpath' 

2022-06-09 19:29:58 - [TEST_STEP][PASSED] - selectOptionByValue(findTestObject("1. Constant/xpath", ["xpath":"//*[@id="var_52"]"]), "112", false): All options with value '112' are selected in object 'Object Repository/1. Constant/xpath' 

2022-06-09 19:29:58 - [MESSAGE][PASSED] - All options with value '112' are selected in object 'Object Repository/1. Constant/xpath' 

2022-06-09 19:29:58 - [TEST_STEP][PASSED] - project_name = "Auto_LifecycleCondition_Backup_" + RandomStringUtils.randomAlphanumeric(3) + "_" + I.gettimedate(): null

2022-06-09 19:29:58 - [TEST_STEP][PASSED] - setText(findTestObject("1. Constant/xpath", ["xpath":"//*[@id="var_91"]"]), project_name): Text 'Auto_LifecycleCondition_Backup_9Al_juin092022_192958' is set on object 'Object Repository/1. Constant/xpath'

2022-06-09 19:29:59 - [MESSAGE][PASSED] - Text 'Auto_LifecycleCondition_Backup_9Al_juin092022_192958' is set on object 'Object Repository/1. Constant/xpath'

2022-06-09 19:29:59 - [TEST_STEP][PASSED] - selectOptionByValue(findTestObject("1. Constant/xpath", ["xpath":"//*[@id="var_30"]"]), "97", false): All options with value '97' are selected in object 'Object Repository/1. Constant/xpath' 

2022-06-09 19:29:59 - [MESSAGE][PASSED] - All options with value '97' are selected in object 'Object Repository/1. Constant/xpath' 

2022-06-09 19:29:59 - [TEST_STEP][PASSED] - selectOptionByValue(findTestObject("1. Constant/xpath", ["xpath":"//*[@id="var_11"]"]), "334", false): All options with value '334' are selected in object 'Object Repository/1. Constant/xpath' 

2022-06-09 19:29:59 - [MESSAGE][PASSED] - All options with value '334' are selected in object 'Object Repository/1. Constant/xpath' 

2022-06-09 19:29:59 - [TEST_STEP][PASSED] - setText(findTestObject("1. Constant/xpath", ["xpath":"//*[@id="var_22"]"]), "01/01/2030"): Text '01/01/2030' is set on object 'Object Repository/1. Constant/xpath'

2022-06-09 19:30:00 - [MESSAGE][PASSED] - Text '01/01/2030' is set on object 'Object Repository/1. Constant/xpath'

2022-06-09 19:30:00 - [TEST_STEP][PASSED] - setText(findTestObject("1. Constant/xpath", ["xpath":"//*[@id="var_23"]"]), "01/01/2030"): Text '01/01/2030' is set on object 'Object Repository/1. Constant/xpath'

2022-06-09 19:30:00 - [MESSAGE][PASSED] - Text '01/01/2030' is set on object 'Object Repository/1. Constant/xpath'

2022-06-09 19:30:00 - [TEST_STEP][PASSED] - setText(findTestObject("1. Constant/xpath", ["xpath":"//*[@id="var_14"]"]), "01/01/2030"): Text '01/01/2030' is set on object 'Object Repository/1. Constant/xpath'

2022-06-09 19:30:01 - [MESSAGE][PASSED] - Text '01/01/2030' is set on object 'Object Repository/1. Constant/xpath'

2022-06-09 19:30:01 - [TEST_STEP][PASSED] - selectOptionByValue(findTestObject("1. Constant/xpath", ["xpath":"//*[@id="selSource_13"]"]), "mbaughman", false): All options with value 'mbaughman' are selected in object 'Object Repository/1. Constant/xpath' 

2022-06-09 19:30:02 - [MESSAGE][PASSED] - All options with value 'mbaughman' are selected in object 'Object Repository/1. Constant/xpath' 

2022-06-09 19:30:02 - [TEST_STEP][PASSED] - I.select_multiplelist("//*[@id="selSource_13"]", "//*[@id="btnAdd_13"]", "rjaiven"): Delayed 1 second(s)

2022-06-09 19:30:03 - [MESSAGE][PASSED] - Delayed 1 second(s)

2022-06-09 19:30:03 - [MESSAGE][PASSED] - All options with value 'rjaiven' are selected in object 'Object Repository/1. Constant/xpath' 

2022-06-09 19:30:05 - [MESSAGE][PASSED] - Delayed 2 second(s)

2022-06-09 19:30:05 - [MESSAGE][PASSED] - Object: 'Object Repository/1. Constant/xpath' is clicked on

2022-06-09 19:30:06 - [MESSAGE][PASSED] - Delayed 1 second(s)

2022-06-09 19:30:06 - [TEST_STEP][PASSED] - selectOptionByValue(findTestObject("1. Constant/xpath", ["xpath":"//*[@id="selSource_27"]"]), "amassoth", false): All options with value 'amassoth' are selected in object 'Object Repository/1. Constant/xpath' 

2022-06-09 19:30:07 - [MESSAGE][PASSED] - All options with value 'amassoth' are selected in object 'Object Repository/1. Constant/xpath' 

2022-06-09 19:30:07 - [TEST_STEP][PASSED] - I.select_multiplelist("//*[@id="selSource_27"]", "//*[@id="btnAdd_27"]", "nturner"): Delayed 1 second(s)

2022-06-09 19:30:08 - [MESSAGE][PASSED] - Delayed 1 second(s)

2022-06-09 19:30:09 - [MESSAGE][PASSED] - All options with value 'nturner' are selected in object 'Object Repository/1. Constant/xpath' 

2022-06-09 19:30:11 - [MESSAGE][PASSED] - Delayed 2 second(s)

2022-06-09 19:30:11 - [MESSAGE][PASSED] - Object: 'Object Repository/1. Constant/xpath' is clicked on

2022-06-09 19:30:12 - [MESSAGE][PASSED] - Delayed 1 second(s)

2022-06-09 19:30:12 - [TEST_STEP][PASSED] - I.select_multiplelist("//*[@id="selSource_167"]", "//*[@id="btnAdd_167"]", "lmary"): Delayed 1 second(s)

2022-06-09 19:30:13 - [MESSAGE][PASSED] - Delayed 1 second(s)

2022-06-09 19:30:13 - [MESSAGE][PASSED] - All options with value 'lmary' are selected in object 'Object Repository/1. Constant/xpath' 

2022-06-09 19:30:15 - [MESSAGE][PASSED] - Delayed 2 second(s)

2022-06-09 19:30:15 - [MESSAGE][PASSED] - Object: 'Object Repository/1. Constant/xpath' is clicked on

2022-06-09 19:30:16 - [MESSAGE][PASSED] - Delayed 1 second(s)

2022-06-09 19:30:16 - [TEST_STEP][PASSED] - selectOptionByValue(findTestObject("1. Constant/xpath", ["xpath":"//*[@id="selSource_166"]"]), "bbenjamin", false): All options with value 'bbenjamin' are selected in object 'Object Repository/1. Constant/xpath' 

2022-06-09 19:30:17 - [MESSAGE][PASSED] - All options with value 'bbenjamin' are selected in object 'Object Repository/1. Constant/xpath' 

2022-06-09 19:30:17 - [TEST_STEP][PASSED] - I.select_multiplelist("//*[@id="selSource_166"]", "//*[@id="btnAdd_166"]", "lschwabe"): Delayed 1 second(s)

2022-06-09 19:30:18 - [MESSAGE][PASSED] - Delayed 1 second(s)

2022-06-09 19:30:18 - [MESSAGE][PASSED] - All options with value 'lschwabe' are selected in object 'Object Repository/1. Constant/xpath' 

2022-06-09 19:30:20 - [MESSAGE][PASSED] - Delayed 2 second(s)

2022-06-09 19:30:20 - [MESSAGE][PASSED] - Object: 'Object Repository/1. Constant/xpath' is clicked on

2022-06-09 19:30:21 - [MESSAGE][PASSED] - Delayed 1 second(s)

2022-06-09 19:30:21 - [TEST_STEP][PASSED] - I.select_multiplelist("//*[@id="selSource_26"]", "//*[@id="btnAdd_26"]", "talexeeva"): Delayed 1 second(s)

2022-06-09 19:30:22 - [MESSAGE][PASSED] - Delayed 1 second(s)

2022-06-09 19:30:22 - [MESSAGE][PASSED] - All options with value 'talexeeva' are selected in object 'Object Repository/1. Constant/xpath' 

2022-06-09 19:30:24 - [MESSAGE][PASSED] - Delayed 2 second(s)

2022-06-09 19:30:25 - [MESSAGE][PASSED] - Object: 'Object Repository/1. Constant/xpath' is clicked on

2022-06-09 19:30:26 - [MESSAGE][PASSED] - Delayed 1 second(s)

2022-06-09 19:30:26 - [TEST_STEP][PASSED] - selectOptionByValue(findTestObject("1. Constant/xpath", ["xpath":"//*[@id="selSource_29"]"]), "bharandi", false): All options with value 'bharandi' are selected in object 'Object Repository/1. Constant/xpath' 

2022-06-09 19:30:26 - [MESSAGE][PASSED] - All options with value 'bharandi' are selected in object 'Object Repository/1. Constant/xpath' 

2022-06-09 19:30:26 - [TEST_STEP][PASSED] - selectOptionByValue(findTestObject("1. Constant/xpath", ["xpath":"//*[@id="selSource_29"]"]), "bmilhomme", false): All options with value 'bmilhomme' are selected in object 'Object Repository/1. Constant/xpath' 

2022-06-09 19:30:27 - [MESSAGE][PASSED] - All options with value 'bmilhomme' are selected in object 'Object Repository/1. Constant/xpath' 

2022-06-09 19:30:27 - [TEST_STEP][PASSED] - I.select_multiplelist("//*[@id="selSource_29"]", "//*[@id="btnAdd_29"]", "rmorrone_2"): Delayed 1 second(s)

2022-06-09 19:30:28 - [MESSAGE][PASSED] - Delayed 1 second(s)

2022-06-09 19:30:28 - [MESSAGE][PASSED] - All options with value 'rmorrone_2' are selected in object 'Object Repository/1. Constant/xpath' 

2022-06-09 19:30:30 - [MESSAGE][PASSED] - Delayed 2 second(s)

2022-06-09 19:30:30 - [MESSAGE][PASSED] - Object: 'Object Repository/1. Constant/xpath' is clicked on

2022-06-09 19:30:31 - [MESSAGE][PASSED] - Delayed 1 second(s)

2022-06-09 19:30:31 - [TEST_STEP][PASSED] - I.Pagedown(): Execute JavaScript 'window.scrollTo(0, document.body.scrollHeight)' successfully

2022-06-09 19:30:31 - [MESSAGE][PASSED] - Execute JavaScript 'window.scrollTo(0, document.body.scrollHeight)' successfully

2022-06-09 19:30:31 - [TEST_STEP][PASSED] - click(findTestObject("1. Constant/xpath", ["xpath":"//*[@id="ModifFiche"]/div[3]/div/button"])): Object: 'Object Repository/1. Constant/xpath' is clicked on

2022-06-09 19:30:34 - [MESSAGE][PASSED] - Object: 'Object Repository/1. Constant/xpath' is clicked on

2022-06-09 19:30:34 - [TEST_STEP][PASSED] - delay(5): Delayed 5 second(s)

2022-06-09 19:30:39 - [MESSAGE][PASSED] - Delayed 5 second(s)

2022-06-09 19:30:39 - [TEST_STEP][PASSED] - Project_No = I.ProjectNo(): Current window's url is: 'http://mdb-release.diadeis.lan/MediaboxIndependence/Base/ExecAction?IDSession=MBI%21RELTESTAUTO_DREYERS%21XI1RV13GMQ4HWIMLQ69PTCLI1CK9PDLCWQPIW3J0&default_action=AfficheFichesProjet&id_project=MI000881'

2022-06-09 19:30:44 - [MESSAGE][PASSED] - Delayed 5 second(s)

2022-06-09 19:30:44 - [MESSAGE][PASSED] - Current window's url is: 'http://mdb-release.diadeis.lan/MediaboxIndependence/Base/ExecAction?IDSession=MBI%21RELTESTAUTO_DREYERS%21XI1RV13GMQ4HWIMLQ69PTCLI1CK9PDLCWQPIW3J0&default_action=AfficheFichesProjet&id_project=MI000881'

2022-06-09 19:30:44 - [TEST_STEP][PASSED] - I.print(Project_No): null

2022-06-09 19:30:44 - [TEST_STEP][PASSED] - takeScreenshot(): Taking screenshot successfully

2022-06-09 19:30:44 - [MESSAGE][PASSED] - Taking screenshot successfully
[[ATTACHMENT|D:\\Projet Test Auto\\Mediabox Test Automation\\Reports\\20220609_181011\\03. Parallel Testing (Testing)\\TS -PT PART 3\\07 Tag Sephora Dreyers _ Empty Group _Lifecycle condition\\20220609_181049\\1654795844596.png]]

2022-06-09 19:30:44 - [TEST_STEP][PASSED] - click(findTestObject("1. Constant/xpath", ["xpath":"//*[@id="create_ref_btn"]/button"])): Object: 'Object Repository/1. Constant/xpath' is clicked on

2022-06-09 19:30:45 - [MESSAGE][PASSED] - Object: 'Object Repository/1. Constant/xpath' is clicked on

2022-06-09 19:30:45 - [TEST_STEP][PASSED] - delay(1): Delayed 1 second(s)

2022-06-09 19:30:46 - [MESSAGE][PASSED] - Delayed 1 second(s)

2022-06-09 19:30:46 - [TEST_STEP][PASSED] - click(findTestObject("1. Constant/xpath", ["xpath":"//*[@id="create_ref_btn"]/div/a"])): Object: 'Object Repository/1. Constant/xpath' is clicked on

2022-06-09 19:30:48 - [MESSAGE][PASSED] - Object: 'Object Repository/1. Constant/xpath' is clicked on

2022-06-09 19:30:48 - [TEST_STEP][PASSED] - selectOptionByValue(findTestObject("1. Constant/xpath", ["xpath":"//*[@id="lfc_tpl"]"]), "32", false): All options with value '32' are selected in object 'Object Repository/1. Constant/xpath' 

2022-06-09 19:30:49 - [MESSAGE][PASSED] - All options with value '32' are selected in object 'Object Repository/1. Constant/xpath' 

2022-06-09 19:30:49 - [TEST_STEP][PASSED] - ref_name = RandomStringUtils.randomAlphanumeric(5) + "_Auto_A4B_" + I.gettimedate(): null

2022-06-09 19:30:49 - [TEST_STEP][PASSED] - setText(findTestObject("1. Constant/xpath", ["xpath":"//*[@id="var_name"]"]), ref_name): Text 'YmOcr_Auto_A4B_juin092022_193049' is set on object 'Object Repository/1. Constant/xpath'

2022-06-09 19:30:49 - [MESSAGE][PASSED] - Text 'YmOcr_Auto_A4B_juin092022_193049' is set on object 'Object Repository/1. Constant/xpath'

2022-06-09 19:30:49 - [TEST_STEP][PASSED] - takeScreenshot(): Taking screenshot successfully

2022-06-09 19:30:50 - [MESSAGE][PASSED] - Taking screenshot successfully
[[ATTACHMENT|D:\\Projet Test Auto\\Mediabox Test Automation\\Reports\\20220609_181011\\03. Parallel Testing (Testing)\\TS -PT PART 3\\07 Tag Sephora Dreyers _ Empty Group _Lifecycle condition\\20220609_181049\\1654795849869.png]]

2022-06-09 19:30:50 - [TEST_STEP][PASSED] - click(findTestObject("1. Constant/xpath", ["xpath":"//*[@id="ModifFiche"]/div[3]/div/button"])): Object: 'Object Repository/1. Constant/xpath' is clicked on

2022-06-09 19:30:52 - [MESSAGE][PASSED] - Object: 'Object Repository/1. Constant/xpath' is clicked on

2022-06-09 19:30:52 - [TEST_STEP][PASSED] - takeScreenshot(): Taking screenshot successfully

2022-06-09 19:30:53 - [MESSAGE][PASSED] - Taking screenshot successfully
[[ATTACHMENT|D:\\Projet Test Auto\\Mediabox Test Automation\\Reports\\20220609_181011\\03. Parallel Testing (Testing)\\TS -PT PART 3\\07 Tag Sephora Dreyers _ Empty Group _Lifecycle condition\\20220609_181049\\1654795852795.png]]

2022-06-09 19:30:53 - [TEST_STEP][PASSED] - delay(1): Delayed 1 second(s)

2022-06-09 19:30:54 - [MESSAGE][PASSED] - Delayed 1 second(s)

2022-06-09 19:30:54 - [TEST_STEP][PASSED] - refID_Mother = I.RefID(): Current window's url is: 'http://mdb-release.diadeis.lan/MediaboxIndependence/Base/ExecAction?IDSession=MBI%21RELTESTAUTO_DREYERS%21XI1RV13GMQ4HWIMLQ69PTCLI1CK9PDLCWQPIW3J0&default_action=ModifierRef&id_project=MI000881&id_ref=5263&action_from=create_ref'

2022-06-09 19:30:59 - [MESSAGE][PASSED] - Delayed 5 second(s)

2022-06-09 19:30:59 - [MESSAGE][PASSED] - Current window's url is: 'http://mdb-release.diadeis.lan/MediaboxIndependence/Base/ExecAction?IDSession=MBI%21RELTESTAUTO_DREYERS%21XI1RV13GMQ4HWIMLQ69PTCLI1CK9PDLCWQPIW3J0&default_action=ModifierRef&id_project=MI000881&id_ref=5263&action_from=create_ref'

2022-06-09 19:30:59 - [TEST_STEP][PASSED] - I.print(refID_Mother): null

2022-06-09 19:30:59 - [TEST_STEP][PASSED] - click(findTestObject("1. Constant/xpath", ["xpath":"//*[@id="type_save"]"])): Object: 'Object Repository/1. Constant/xpath' is clicked on

2022-06-09 19:31:02 - [MESSAGE][PASSED] - Object: 'Object Repository/1. Constant/xpath' is clicked on

2022-06-09 19:31:02 - [TEST_STEP][PASSED] - click(findTestObject("1. Constant/xpath", ["xpath":"//*[@id="source_" + refID_Mother + ""]/td[13]/a[1]"])): Object: 'Object Repository/1. Constant/xpath' is clicked on

2022-06-09 19:31:04 - [MESSAGE][PASSED] - Object: 'Object Repository/1. Constant/xpath' is clicked on

2022-06-09 19:31:04 - [TEST_STEP][PASSED] - selectOptionByValue(findTestObject("1. Constant/xpath", ["xpath":"//*[@id="lfc_tpl"]"]), "33", false): All options with value '33' are selected in object 'Object Repository/1. Constant/xpath' 

2022-06-09 19:31:07 - [MESSAGE][PASSED] - All options with value '33' are selected in object 'Object Repository/1. Constant/xpath' 

2022-06-09 19:31:07 - [TEST_STEP][PASSED] - takeScreenshot(): Taking screenshot successfully

2022-06-09 19:31:08 - [MESSAGE][PASSED] - Taking screenshot successfully
[[ATTACHMENT|D:\\Projet Test Auto\\Mediabox Test Automation\\Reports\\20220609_181011\\03. Parallel Testing (Testing)\\TS -PT PART 3\\07 Tag Sephora Dreyers _ Empty Group _Lifecycle condition\\20220609_181049\\1654795867873.png]]

2022-06-09 19:31:08 - [TEST_STEP][PASSED] - click(findTestObject("1. Constant/xpath", ["xpath":"//*[@id="ModifFiche"]/div[3]/div/button"])): Object: 'Object Repository/1. Constant/xpath' is clicked on

2022-06-09 19:31:12 - [MESSAGE][PASSED] - Object: 'Object Repository/1. Constant/xpath' is clicked on

2022-06-09 19:31:12 - [TEST_STEP][PASSED] - refID_Daughter1 = I.RefID(): Current window's url is: 'http://mdb-release.diadeis.lan/MediaboxIndependence/Base/ExecAction?IDSession=MBI%21RELTESTAUTO_DREYERS%21XI1RV13GMQ4HWIMLQ69PTCLI1CK9PDLCWQPIW3J0&default_action=ModifierRef&id_project=MI000881&id_ref=5264&action_from=create_ref'

2022-06-09 19:31:17 - [MESSAGE][PASSED] - Delayed 5 second(s)

2022-06-09 19:31:18 - [MESSAGE][PASSED] - Current window's url is: 'http://mdb-release.diadeis.lan/MediaboxIndependence/Base/ExecAction?IDSession=MBI%21RELTESTAUTO_DREYERS%21XI1RV13GMQ4HWIMLQ69PTCLI1CK9PDLCWQPIW3J0&default_action=ModifierRef&id_project=MI000881&id_ref=5264&action_from=create_ref'

2022-06-09 19:31:18 - [TEST_STEP][PASSED] - I.print(refID_Daughter1): null

2022-06-09 19:31:18 - [TEST_STEP][PASSED] - setText(findTestObject("1. Constant/xpath", ["xpath":"//*[@id="var_137"]"]), "Daughter 1"): Text 'Daughter 1' is set on object 'Object Repository/1. Constant/xpath'

2022-06-09 19:31:18 - [MESSAGE][PASSED] - Text 'Daughter 1' is set on object 'Object Repository/1. Constant/xpath'

2022-06-09 19:31:18 - [TEST_STEP][PASSED] - click(findTestObject("1. Constant/xpath", ["xpath":"//*[@id="type_save"]"])): Object: 'Object Repository/1. Constant/xpath' is clicked on

2022-06-09 19:31:22 - [MESSAGE][PASSED] - Object: 'Object Repository/1. Constant/xpath' is clicked on

2022-06-09 19:31:22 - [TEST_STEP][PASSED] - delay(1): Delayed 1 second(s)

2022-06-09 19:31:23 - [MESSAGE][PASSED] - Delayed 1 second(s)

2022-06-09 19:31:23 - [TEST_STEP][PASSED] - takeScreenshot(): Taking screenshot successfully

2022-06-09 19:31:23 - [MESSAGE][PASSED] - Taking screenshot successfully
[[ATTACHMENT|D:\\Projet Test Auto\\Mediabox Test Automation\\Reports\\20220609_181011\\03. Parallel Testing (Testing)\\TS -PT PART 3\\07 Tag Sephora Dreyers _ Empty Group _Lifecycle condition\\20220609_181049\\1654795883120.png]]

2022-06-09 19:31:23 - [TEST_STEP][PASSED] - click(findTestObject("1. Constant/xpath", ["xpath":"//*[@id="source_" + refID_Mother + ""]/td[15]/a[3]"])): Object: 'Object Repository/1. Constant/xpath' is clicked on

2022-06-09 19:31:24 - [MESSAGE][PASSED] - Object: 'Object Repository/1. Constant/xpath' is clicked on

2022-06-09 19:31:24 - [TEST_STEP][PASSED] - delay(1): Delayed 1 second(s)

2022-06-09 19:31:25 - [MESSAGE][PASSED] - Delayed 1 second(s)

2022-06-09 19:31:25 - [TEST_STEP][PASSED] - click(findTestObject("1. Constant/xpath", ["xpath":"//*[@id="ModifFiche"]/div[1]/div/button[2]"])): Object: 'Object Repository/1. Constant/xpath' is clicked on

2022-06-09 19:31:29 - [MESSAGE][PASSED] - Object: 'Object Repository/1. Constant/xpath' is clicked on

2022-06-09 19:31:29 - [TEST_STEP][PASSED] - takeScreenshot(): Taking screenshot successfully

2022-06-09 19:31:29 - [MESSAGE][PASSED] - Taking screenshot successfully
[[ATTACHMENT|D:\\Projet Test Auto\\Mediabox Test Automation\\Reports\\20220609_181011\\03. Parallel Testing (Testing)\\TS -PT PART 3\\07 Tag Sephora Dreyers _ Empty Group _Lifecycle condition\\20220609_181049\\1654795889265.png]]

2022-06-09 19:31:29 - [TEST_STEP][PASSED] - delay(1): Delayed 1 second(s)

2022-06-09 19:31:30 - [MESSAGE][PASSED] - Delayed 1 second(s)

2022-06-09 19:31:30 - [TEST_STEP][PASSED] - Toastr_msg = getText(findTestObject("1. Constant/xpath", ["xpath":"//*[@id="toast-container"]/div/div[2]"])): Text of object 'Object Repository/1. Constant/xpath' is: 'The condition 'LC4: Deliverable - Deliverable Information' is not matched'

2022-06-09 19:31:31 - [MESSAGE][PASSED] - Text of object 'Object Repository/1. Constant/xpath' is: 'The condition 'LC4: Deliverable - Deliverable Information' is not matched'

2022-06-09 19:31:31 - [TEST_STEP][PASSED] - verifyMatch(Toastr_msg, "The condition 'LC4: Deliverable - Deliverable Information' is not matched", false): Actual text 'The condition 'LC4: Deliverable - Deliverable Information' is not matched' and expected text 'The condition 'LC4: Deliverable - Deliverable Information' is not matched' are matched 

2022-06-09 19:31:31 - [MESSAGE][PASSED] - Actual text 'The condition 'LC4: Deliverable - Deliverable Information' is not matched' and expected text 'The condition 'LC4: Deliverable - Deliverable Information' is not matched' are matched 

2022-06-09 19:31:31 - [TEST_STEP][PASSED] - L1 = getText(findTestObject("1. Constant/xpath", ["xpath":"//*[@id="source_" + refID_Mother + ""]/td[14]/span[1]"])): Text of object 'Object Repository/1. Constant/xpath' is: 'Mother Phase 1.1'

2022-06-09 19:31:31 - [MESSAGE][PASSED] - Text of object 'Object Repository/1. Constant/xpath' is: 'Mother Phase 1.1'

2022-06-09 19:31:31 - [TEST_STEP][PASSED] - verifyMatch(L1, "Mother Phase 1.1", false): Actual text 'Mother Phase 1.1' and expected text 'Mother Phase 1.1' are matched 

2022-06-09 19:31:31 - [MESSAGE][PASSED] - Actual text 'Mother Phase 1.1' and expected text 'Mother Phase 1.1' are matched 

2022-06-09 19:31:31 - [TEST_STEP][PASSED] - click(findTestObject("1. Constant/xpath", ["xpath":"//*[@id="source_" + refID_Daughter1 + ""]/td[15]/a[2]"])): Object: 'Object Repository/1. Constant/xpath' is clicked on

2022-06-09 19:31:33 - [MESSAGE][PASSED] - Object: 'Object Repository/1. Constant/xpath' is clicked on

2022-06-09 19:31:33 - [TEST_STEP][PASSED] - delay(1): Delayed 1 second(s)

2022-06-09 19:31:34 - [MESSAGE][PASSED] - Delayed 1 second(s)

2022-06-09 19:31:34 - [TEST_STEP][PASSED] - click(findTestObject("1. Constant/xpath", ["xpath":"//*[@id="ModifFiche"]/div[1]/div/button[2]"])): Object: 'Object Repository/1. Constant/xpath' is clicked on

2022-06-09 19:31:38 - [MESSAGE][PASSED] - Object: 'Object Repository/1. Constant/xpath' is clicked on

2022-06-09 19:31:38 - [TEST_STEP][PASSED] - takeScreenshot(): Taking screenshot successfully

2022-06-09 19:31:38 - [MESSAGE][PASSED] - Taking screenshot successfully
[[ATTACHMENT|D:\\Projet Test Auto\\Mediabox Test Automation\\Reports\\20220609_181011\\03. Parallel Testing (Testing)\\TS -PT PART 3\\07 Tag Sephora Dreyers _ Empty Group _Lifecycle condition\\20220609_181049\\1654795898177.png]]

2022-06-09 19:31:38 - [TEST_STEP][PASSED] - delay(1): Delayed 1 second(s)

2022-06-09 19:31:39 - [MESSAGE][PASSED] - Delayed 1 second(s)

2022-06-09 19:31:39 - [TEST_STEP][PASSED] - click(findTestObject("1. Constant/xpath", ["xpath":"//*[@id="source_" + refID_Mother + ""]/td[15]/a[3]"])): Object: 'Object Repository/1. Constant/xpath' is clicked on

2022-06-09 19:31:41 - [MESSAGE][PASSED] - Object: 'Object Repository/1. Constant/xpath' is clicked on

2022-06-09 19:31:41 - [TEST_STEP][PASSED] - delay(1): Delayed 1 second(s)

2022-06-09 19:31:42 - [MESSAGE][PASSED] - Delayed 1 second(s)

2022-06-09 19:31:42 - [TEST_STEP][PASSED] - click(findTestObject("1. Constant/xpath", ["xpath":"//*[@id="ModifFiche"]/div[1]/div/button[2]"])): Object: 'Object Repository/1. Constant/xpath' is clicked on

2022-06-09 19:31:45 - [MESSAGE][PASSED] - Object: 'Object Repository/1. Constant/xpath' is clicked on

2022-06-09 19:31:45 - [TEST_STEP][PASSED] - takeScreenshot(): Taking screenshot successfully

2022-06-09 19:31:46 - [MESSAGE][PASSED] - Taking screenshot successfully
[[ATTACHMENT|D:\\Projet Test Auto\\Mediabox Test Automation\\Reports\\20220609_181011\\03. Parallel Testing (Testing)\\TS -PT PART 3\\07 Tag Sephora Dreyers _ Empty Group _Lifecycle condition\\20220609_181049\\1654795905759.png]]

2022-06-09 19:31:46 - [TEST_STEP][PASSED] - delay(1): Delayed 1 second(s)

2022-06-09 19:31:47 - [MESSAGE][PASSED] - Delayed 1 second(s)

2022-06-09 19:31:47 - [TEST_STEP][PASSED] - L2 = getText(findTestObject("1. Constant/xpath", ["xpath":"//*[@id="source_" + refID_Mother + ""]/td[14]/span[1]"])): Text of object 'Object Repository/1. Constant/xpath' is: 'Mother Phase 2.1'

2022-06-09 19:31:47 - [MESSAGE][PASSED] - Text of object 'Object Repository/1. Constant/xpath' is: 'Mother Phase 2.1'

2022-06-09 19:31:47 - [TEST_STEP][PASSED] - verifyMatch(L2, "Mother Phase 2.1", false): Actual text 'Mother Phase 2.1' and expected text 'Mother Phase 2.1' are matched 

2022-06-09 19:31:47 - [MESSAGE][PASSED] - Actual text 'Mother Phase 2.1' and expected text 'Mother Phase 2.1' are matched 

2022-06-09 19:31:47 - [TEST_STEP][PASSED] - click(findTestObject("1. Constant/xpath", ["xpath":"//*[@id="source_" + refID_Daughter1 + ""]/td[15]/a[2]"])): Object: 'Object Repository/1. Constant/xpath' is clicked on

2022-06-09 19:31:49 - [MESSAGE][PASSED] - Object: 'Object Repository/1. Constant/xpath' is clicked on

2022-06-09 19:31:49 - [TEST_STEP][PASSED] - takeScreenshot(): Taking screenshot successfully

2022-06-09 19:31:50 - [MESSAGE][PASSED] - Taking screenshot successfully
[[ATTACHMENT|D:\\Projet Test Auto\\Mediabox Test Automation\\Reports\\20220609_181011\\03. Parallel Testing (Testing)\\TS -PT PART 3\\07 Tag Sephora Dreyers _ Empty Group _Lifecycle condition\\20220609_181049\\1654795909938.png]]

2022-06-09 19:31:50 - [TEST_STEP][PASSED] - delay(1): Delayed 1 second(s)

2022-06-09 19:31:51 - [MESSAGE][PASSED] - Delayed 1 second(s)

2022-06-09 19:31:51 - [TEST_STEP][PASSED] - scrollToElement(findTestObject("1. Constant/xpath", ["xpath":"//*[@id="field_var_90"]/div/div/label[2]"]), 5): Scroll to object 'Object Repository/1. Constant/xpath' successfully

2022-06-09 19:31:51 - [MESSAGE][PASSED] - Scroll to object 'Object Repository/1. Constant/xpath' successfully

2022-06-09 19:31:51 - [TEST_STEP][PASSED] - I.click_button_javascript(findTestObject("1. Constant/xpath", ["xpath":"//*[@id="field_var_90"]/div/div/label[2]"])): Execute JavaScript 'arguments[0].click()' successfully

2022-06-09 19:31:51 - [MESSAGE][PASSED] - Execute JavaScript 'arguments[0].click()' successfully

2022-06-09 19:31:51 - [TEST_STEP][PASSED] - I.click_button_javascript(findTestObject("1. Constant/xpath", ["xpath":"//*[@id="field_var_155"]/div/div/label[2]"])): Execute JavaScript 'arguments[0].click()' successfully

2022-06-09 19:31:51 - [MESSAGE][PASSED] - Execute JavaScript 'arguments[0].click()' successfully

2022-06-09 19:31:51 - [TEST_STEP][PASSED] - selectOptionByValue(findTestObject("1. Constant/xpath", ["xpath":"//*[@id="var_15"]"]), "77", false): All options with value '77' are selected in object 'Object Repository/1. Constant/xpath' 

2022-06-09 19:31:52 - [MESSAGE][PASSED] - All options with value '77' are selected in object 'Object Repository/1. Constant/xpath' 

2022-06-09 19:31:52 - [TEST_STEP][PASSED] - selectOptionByValue(findTestObject("1. Constant/xpath", ["xpath":"//*[@id="var_17"]"]), "153", false): All options with value '153' are selected in object 'Object Repository/1. Constant/xpath' 

2022-06-09 19:31:52 - [MESSAGE][PASSED] - All options with value '153' are selected in object 'Object Repository/1. Constant/xpath' 

2022-06-09 19:31:52 - [TEST_STEP][PASSED] - selectOptionByValue(findTestObject("1. Constant/xpath", ["xpath":"//*[@id="var_106"]"]), "145", false): All options with value '145' are selected in object 'Object Repository/1. Constant/xpath' 

2022-06-09 19:31:53 - [MESSAGE][PASSED] - All options with value '145' are selected in object 'Object Repository/1. Constant/xpath' 

2022-06-09 19:31:53 - [TEST_STEP][PASSED] - I.Pagedown(): Execute JavaScript 'window.scrollTo(0, document.body.scrollHeight)' successfully

2022-06-09 19:31:53 - [MESSAGE][PASSED] - Execute JavaScript 'window.scrollTo(0, document.body.scrollHeight)' successfully

2022-06-09 19:31:53 - [TEST_STEP][PASSED] - takeScreenshot(): Taking screenshot successfully

2022-06-09 19:31:53 - [MESSAGE][PASSED] - Taking screenshot successfully
[[ATTACHMENT|D:\\Projet Test Auto\\Mediabox Test Automation\\Reports\\20220609_181011\\03. Parallel Testing (Testing)\\TS -PT PART 3\\07 Tag Sephora Dreyers _ Empty Group _Lifecycle condition\\20220609_181049\\1654795913312.png]]

2022-06-09 19:31:53 - [TEST_STEP][PASSED] - click(findTestObject("1. Constant/xpath", ["xpath":"//*[@id="ModifFiche"]/div[3]/div/button[1]"])): Object: 'Object Repository/1. Constant/xpath' is clicked on

2022-06-09 19:31:57 - [MESSAGE][PASSED] - Object: 'Object Repository/1. Constant/xpath' is clicked on

2022-06-09 19:31:57 - [TEST_STEP][PASSED] - delay(1): Delayed 1 second(s)

2022-06-09 19:31:58 - [MESSAGE][PASSED] - Delayed 1 second(s)

2022-06-09 19:31:58 - [TEST_STEP][PASSED] - takeScreenshot(): Taking screenshot successfully

2022-06-09 19:31:59 - [MESSAGE][PASSED] - Taking screenshot successfully
[[ATTACHMENT|D:\\Projet Test Auto\\Mediabox Test Automation\\Reports\\20220609_181011\\03. Parallel Testing (Testing)\\TS -PT PART 3\\07 Tag Sephora Dreyers _ Empty Group _Lifecycle condition\\20220609_181049\\1654795918786.png]]

2022-06-09 19:31:59 - [TEST_STEP][PASSED] - click(findTestObject("1. Constant/xpath", ["xpath":"//*[@id="source_" + refID_Mother + ""]/td[15]/a[3]"])): Object: 'Object Repository/1. Constant/xpath' is clicked on

2022-06-09 19:32:00 - [MESSAGE][PASSED] - Object: 'Object Repository/1. Constant/xpath' is clicked on

2022-06-09 19:32:00 - [TEST_STEP][PASSED] - delay(1): Delayed 1 second(s)

2022-06-09 19:32:01 - [MESSAGE][PASSED] - Delayed 1 second(s)

2022-06-09 19:32:01 - [TEST_STEP][PASSED] - click(findTestObject("1. Constant/xpath", ["xpath":"//*[@id="ModifFiche"]/div[1]/div/button[2]"])): Object: 'Object Repository/1. Constant/xpath' is clicked on

2022-06-09 19:32:07 - [MESSAGE][PASSED] - Object: 'Object Repository/1. Constant/xpath' is clicked on

2022-06-09 19:32:07 - [TEST_STEP][PASSED] - takeScreenshot(): Taking screenshot successfully

2022-06-09 19:32:08 - [MESSAGE][PASSED] - Taking screenshot successfully
[[ATTACHMENT|D:\\Projet Test Auto\\Mediabox Test Automation\\Reports\\20220609_181011\\03. Parallel Testing (Testing)\\TS -PT PART 3\\07 Tag Sephora Dreyers _ Empty Group _Lifecycle condition\\20220609_181049\\1654795927856.png]]

2022-06-09 19:32:08 - [TEST_STEP][PASSED] - delay(1): Delayed 1 second(s)

2022-06-09 19:32:09 - [MESSAGE][PASSED] - Delayed 1 second(s)

2022-06-09 19:32:09 - [TEST_STEP][PASSED] - L3 = getText(findTestObject("1. Constant/xpath", ["xpath":"//*[@id="source_" + refID_Mother + ""]/td[14]/span"])): Text of object 'Object Repository/1. Constant/xpath' is: 'Complete'

2022-06-09 19:32:09 - [MESSAGE][PASSED] - Text of object 'Object Repository/1. Constant/xpath' is: 'Complete'

2022-06-09 19:32:09 - [TEST_STEP][PASSED] - verifyMatch(L3, "Complete", false): Actual text 'Complete' and expected text 'Complete' are matched 

2022-06-09 19:32:09 - [MESSAGE][PASSED] - Actual text 'Complete' and expected text 'Complete' are matched 

2022-06-09 19:32:09 - [TEST_STEP][PASSED] - L4 = getText(findTestObject("1. Constant/xpath", ["xpath":"//*[@id="source_" + refID_Daughter1 + ""]/td[14]/span"])): Text of object 'Object Repository/1. Constant/xpath' is: 'Complete'

2022-06-09 19:32:09 - [MESSAGE][PASSED] - Text of object 'Object Repository/1. Constant/xpath' is: 'Complete'

2022-06-09 19:32:09 - [TEST_STEP][PASSED] - verifyMatch(L4, "Complete", false): Actual text 'Complete' and expected text 'Complete' are matched 

2022-06-09 19:32:09 - [MESSAGE][PASSED] - Actual text 'Complete' and expected text 'Complete' are matched 

2022-06-09 19:32:09 - [TEST_STEP][PASSED] - Start listener action : sampleAfterTestCase: null]]></system-out>
         <system-err><![CDATA[]]></system-err>
      </testcase>
      <testcase name="Test Cases/13. Dreyers Lifecycle condition/13.5 Click n Print _ Lifecycle conditions_UserField" time="168.357" classname="Test Cases/13. Dreyers Lifecycle condition/13.5 Click n Print _ Lifecycle conditions_UserField" status="PASSED">
         <system-out><![CDATA[2022-06-09 19:32:09 - [TEST_CASE][PASSED] - Test Cases/13. Dreyers Lifecycle condition/13.5 Click n Print _ Lifecycle conditions_UserField: Test Cases/13. Dreyers Lifecycle condition/13.5 Click n Print _ Lifecycle conditions_UserField

2022-06-09 19:32:10 - [TEST_STEP][PASSED] - data_ClicknPrint = findTestData("Data Files/Username_Password/ClicknPrint"): null

2022-06-09 19:32:10 - [TEST_STEP][PASSED] - password_suser = data_ClicknPrint.getValue(2, 1): null

2022-06-09 19:32:10 - [TEST_STEP][PASSED] - password_gbouquard = data_ClicknPrint.getValue(2, 2): null

2022-06-09 19:32:10 - [TEST_STEP][PASSED] - password_jde_rcr = data_ClicknPrint.getValue(2, 3): null

2022-06-09 19:32:10 - [TEST_STEP][PASSED] - data_urlRELAUTO = findTestData("Data Files/URL/URL_relauto"): null

2022-06-09 19:32:10 - [TEST_STEP][PASSED] - Url_ClicknPrint = data_urlRELAUTO.getValue(2, 6): null

2022-06-09 19:32:10 - [TEST_STEP][PASSED] - openBrowser(Url_ClicknPrint): Browser is opened with url: 'http://mdb-release.diadeis.lan/MediaboxIndependence/?MBI_datasource=RELTESTAUTO_CLICKNPRINT'

2022-06-09 19:32:10 - [MESSAGE][WARNING] - A browser is already opened. Closing browser and opening a new one

2022-06-09 19:32:12 - [MESSAGE][INFO] - Starting 'Chrome (headless)' driver

2022-06-09 19:32:12 - [MESSAGE][INFO] - User set preference: ['args', '[--window-size=1920,1080, --headless]']

2022-06-09 19:32:12 - [MESSAGE][INFO] - Action delay is set to 0 milliseconds

2022-06-09 19:32:18 - [MESSAGE][PASSED] - Browser is opened with url: 'http://mdb-release.diadeis.lan/MediaboxIndependence/?MBI_datasource=RELTESTAUTO_CLICKNPRINT'

2022-06-09 19:32:18 - [TEST_STEP][PASSED] - maximizeWindow(): Current window maximized

2022-06-09 19:32:19 - [MESSAGE][PASSED] - Current window maximized

2022-06-09 19:32:19 - [TEST_STEP][PASSED] - waitForPageLoad(30): Wait for page load successfully

2022-06-09 19:32:19 - [MESSAGE][PASSED] - Wait for page load successfully

2022-06-09 19:32:19 - [TEST_STEP][PASSED] - takeScreenshot(): Taking screenshot successfully

2022-06-09 19:32:19 - [MESSAGE][PASSED] - Taking screenshot successfully
[[ATTACHMENT|D:\\Projet Test Auto\\Mediabox Test Automation\\Reports\\20220609_181011\\03. Parallel Testing (Testing)\\TS -PT PART 3\\07 Tag Sephora Dreyers _ Empty Group _Lifecycle condition\\20220609_181049\\1654795939077.png]]

2022-06-09 19:32:19 - [TEST_STEP][PASSED] - I.Login_password("gbouquard", password_gbouquard): Object: 'Object Repository/1. Constant/xpath' is clicked on

2022-06-09 19:32:19 - [MESSAGE][PASSED] - Text 'gbouquard' is set on object 'Object Repository/1. Constant/xpath'

2022-06-09 19:32:20 - [MESSAGE][PASSED] - Delayed 1 second(s)

2022-06-09 19:32:21 - [MESSAGE][PASSED] - Text 'dchi' is set on object 'Object Repository/1. Constant/xpath'

2022-06-09 19:32:22 - [MESSAGE][PASSED] - Delayed 1 second(s)

2022-06-09 19:32:32 - [MESSAGE][PASSED] - Object: 'Object Repository/1. Constant/xpath' is clicked on

2022-06-09 19:32:32 - [TEST_STEP][PASSED] - click(findTestObject("1. Constant/02_LHSMenu_Projects")): Object: 'Object Repository/1. Constant/02_LHSMenu_Projects' is clicked on

2022-06-09 19:32:37 - [MESSAGE][PASSED] - Object: 'Object Repository/1. Constant/02_LHSMenu_Projects' is clicked on

2022-06-09 19:32:37 - [TEST_STEP][PASSED] - click(findTestObject("1. Constant/xpath", ["xpath":"//*[@id="kt_content"]/div[3]/div/div/div[1]/div[2]/a[1]"])): Object: 'Object Repository/1. Constant/xpath' is clicked on

2022-06-09 19:32:41 - [MESSAGE][PASSED] - Object: 'Object Repository/1. Constant/xpath' is clicked on

2022-06-09 19:32:41 - [TEST_STEP][PASSED] - takeScreenshot(): Taking screenshot successfully

2022-06-09 19:32:42 - [MESSAGE][PASSED] - Taking screenshot successfully
[[ATTACHMENT|D:\\Projet Test Auto\\Mediabox Test Automation\\Reports\\20220609_181011\\03. Parallel Testing (Testing)\\TS -PT PART 3\\07 Tag Sephora Dreyers _ Empty Group _Lifecycle condition\\20220609_181049\\1654795961952.png]]

2022-06-09 19:32:42 - [TEST_STEP][PASSED] - delay(1): Delayed 1 second(s)

2022-06-09 19:32:43 - [MESSAGE][PASSED] - Delayed 1 second(s)

2022-06-09 19:32:43 - [TEST_STEP][PASSED] - selectOptionByValue(findTestObject("1. Constant/xpath", ["xpath":"//*[@id="var_18"]"]), "4340", false): All options with value '4340' are selected in object 'Object Repository/1. Constant/xpath' 

2022-06-09 19:32:43 - [MESSAGE][PASSED] - All options with value '4340' are selected in object 'Object Repository/1. Constant/xpath' 

2022-06-09 19:32:43 - [TEST_STEP][PASSED] - delay(1): Delayed 1 second(s)

2022-06-09 19:32:44 - [MESSAGE][PASSED] - Delayed 1 second(s)

2022-06-09 19:32:44 - [TEST_STEP][PASSED] - setText(findTestObject("1. Constant/xpath", ["xpath":"//*[@id="var_22"]"]), "01/01/2030"): Text '01/01/2030' is set on object 'Object Repository/1. Constant/xpath'

2022-06-09 19:32:44 - [MESSAGE][PASSED] - Text '01/01/2030' is set on object 'Object Repository/1. Constant/xpath'

2022-06-09 19:32:44 - [TEST_STEP][PASSED] - delay(1): Delayed 1 second(s)

2022-06-09 19:32:45 - [MESSAGE][PASSED] - Delayed 1 second(s)

2022-06-09 19:32:45 - [TEST_STEP][PASSED] - setText(findTestObject("1. Constant/xpath", ["xpath":"//*[@id="var_173"]"]), "Commentaires test"): Text 'Commentaires test' is set on object 'Object Repository/1. Constant/xpath'

2022-06-09 19:32:46 - [MESSAGE][PASSED] - Text 'Commentaires test' is set on object 'Object Repository/1. Constant/xpath'

2022-06-09 19:32:46 - [TEST_STEP][PASSED] - delay(5): Delayed 5 second(s)

2022-06-09 19:32:51 - [MESSAGE][PASSED] - Delayed 5 second(s)

2022-06-09 19:32:51 - [TEST_STEP][PASSED] - I.Pagedown(): Execute JavaScript 'window.scrollTo(0, document.body.scrollHeight)' successfully

2022-06-09 19:32:51 - [MESSAGE][PASSED] - Execute JavaScript 'window.scrollTo(0, document.body.scrollHeight)' successfully

2022-06-09 19:32:51 - [TEST_STEP][PASSED] - click(findTestObject("1. Constant/xpath", ["xpath":"//*[@id="ModifFiche"]/div[3]/div/button"])): Object: 'Object Repository/1. Constant/xpath' is clicked on

2022-06-09 19:32:54 - [MESSAGE][PASSED] - Object: 'Object Repository/1. Constant/xpath' is clicked on

2022-06-09 19:32:54 - [TEST_STEP][PASSED] - delay(10): Delayed 10 second(s)

2022-06-09 19:33:04 - [MESSAGE][PASSED] - Delayed 10 second(s)

2022-06-09 19:33:04 - [TEST_STEP][PASSED] - Project_No = I.ProjectNo(): Current window's url is: 'http://mdb-release.diadeis.lan/MediaboxIndependence/Base/ExecAction?IDSession=MBI%21RELTESTAUTO_CLICKNPRINT%216IVVB8T3V5FC3PI7S7L6KO213XAINZST5O53VS2B&default_action=AfficheFichesProjet&id_project=MI000494'

2022-06-09 19:33:09 - [MESSAGE][PASSED] - Delayed 5 second(s)

2022-06-09 19:33:09 - [MESSAGE][PASSED] - Current window's url is: 'http://mdb-release.diadeis.lan/MediaboxIndependence/Base/ExecAction?IDSession=MBI%21RELTESTAUTO_CLICKNPRINT%216IVVB8T3V5FC3PI7S7L6KO213XAINZST5O53VS2B&default_action=AfficheFichesProjet&id_project=MI000494'

2022-06-09 19:33:09 - [TEST_STEP][PASSED] - takeScreenshot(): Taking screenshot successfully

2022-06-09 19:33:09 - [MESSAGE][PASSED] - Taking screenshot successfully
[[ATTACHMENT|D:\\Projet Test Auto\\Mediabox Test Automation\\Reports\\20220609_181011\\03. Parallel Testing (Testing)\\TS -PT PART 3\\07 Tag Sephora Dreyers _ Empty Group _Lifecycle condition\\20220609_181049\\1654795989565.png]]

2022-06-09 19:33:09 - [TEST_STEP][PASSED] - click(findTestObject("1. Constant/xpath", ["xpath":"//*[@id="create_ref_btn"]/button"])): Object: 'Object Repository/1. Constant/xpath' is clicked on

2022-06-09 19:33:10 - [MESSAGE][PASSED] - Object: 'Object Repository/1. Constant/xpath' is clicked on

2022-06-09 19:33:10 - [TEST_STEP][PASSED] - delay(1): Delayed 1 second(s)

2022-06-09 19:33:11 - [MESSAGE][PASSED] - Delayed 1 second(s)

2022-06-09 19:33:11 - [TEST_STEP][PASSED] - takeScreenshot(): Taking screenshot successfully

2022-06-09 19:33:11 - [MESSAGE][PASSED] - Taking screenshot successfully
[[ATTACHMENT|D:\\Projet Test Auto\\Mediabox Test Automation\\Reports\\20220609_181011\\03. Parallel Testing (Testing)\\TS -PT PART 3\\07 Tag Sephora Dreyers _ Empty Group _Lifecycle condition\\20220609_181049\\1654795991177.png]]

2022-06-09 19:33:11 - [TEST_STEP][PASSED] - click(findTestObject("1. Constant/xpath", ["xpath":"//*[@id="create_ref_btn"]/div/a[1]"])): Object: 'Object Repository/1. Constant/xpath' is clicked on

2022-06-09 19:33:14 - [MESSAGE][PASSED] - Object: 'Object Repository/1. Constant/xpath' is clicked on

2022-06-09 19:33:14 - [TEST_STEP][PASSED] - delay(1): Delayed 1 second(s)

2022-06-09 19:33:15 - [MESSAGE][PASSED] - Delayed 1 second(s)

2022-06-09 19:33:15 - [TEST_STEP][PASSED] - click(findTestObject("1. Constant/xpath", ["xpath":"//*[@id="create_ref_btn"]/button"])): Object: 'Object Repository/1. Constant/xpath' is clicked on

2022-06-09 19:33:16 - [MESSAGE][PASSED] - Object: 'Object Repository/1. Constant/xpath' is clicked on

2022-06-09 19:33:16 - [TEST_STEP][PASSED] - delay(1): Delayed 1 second(s)

2022-06-09 19:33:17 - [MESSAGE][PASSED] - Delayed 1 second(s)

2022-06-09 19:33:17 - [TEST_STEP][PASSED] - takeScreenshot(): Taking screenshot successfully

2022-06-09 19:33:17 - [MESSAGE][PASSED] - Taking screenshot successfully
[[ATTACHMENT|D:\\Projet Test Auto\\Mediabox Test Automation\\Reports\\20220609_181011\\03. Parallel Testing (Testing)\\TS -PT PART 3\\07 Tag Sephora Dreyers _ Empty Group _Lifecycle condition\\20220609_181049\\1654795997017.png]]

2022-06-09 19:33:17 - [TEST_STEP][PASSED] - click(findTestObject("1. Constant/xpath", ["xpath":"//*[@id="btnImportFromPOS"]"])): Object: 'Object Repository/1. Constant/xpath' is clicked on

2022-06-09 19:33:23 - [MESSAGE][PASSED] - Object: 'Object Repository/1. Constant/xpath' is clicked on

2022-06-09 19:33:23 - [TEST_STEP][PASSED] - delay(2): Delayed 2 second(s)

2022-06-09 19:33:25 - [MESSAGE][PASSED] - Delayed 2 second(s)

2022-06-09 19:33:25 - [TEST_STEP][PASSED] - takeScreenshot(): Taking screenshot successfully

2022-06-09 19:33:25 - [MESSAGE][PASSED] - Taking screenshot successfully
[[ATTACHMENT|D:\\Projet Test Auto\\Mediabox Test Automation\\Reports\\20220609_181011\\03. Parallel Testing (Testing)\\TS -PT PART 3\\07 Tag Sephora Dreyers _ Empty Group _Lifecycle condition\\20220609_181049\\1654796005268.png]]

2022-06-09 19:33:25 - [TEST_STEP][PASSED] - setText(findTestObject("1. Constant/xpath", ["xpath":"//*[@id="fiche_filter_keywords11"]"]), "2167"): Text '2167' is set on object 'Object Repository/1. Constant/xpath'

2022-06-09 19:33:26 - [MESSAGE][PASSED] - Text '2167' is set on object 'Object Repository/1. Constant/xpath'

2022-06-09 19:33:26 - [TEST_STEP][PASSED] - click(findTestObject("1. Constant/xpath", ["xpath":"//*[@id="form_filters"]/div[3]/button"])): Object: 'Object Repository/1. Constant/xpath' is clicked on

2022-06-09 19:33:31 - [MESSAGE][PASSED] - Object: 'Object Repository/1. Constant/xpath' is clicked on

2022-06-09 19:33:31 - [TEST_STEP][PASSED] - takeScreenshot(): Taking screenshot successfully

2022-06-09 19:33:31 - [MESSAGE][PASSED] - Taking screenshot successfully
[[ATTACHMENT|D:\\Projet Test Auto\\Mediabox Test Automation\\Reports\\20220609_181011\\03. Parallel Testing (Testing)\\TS -PT PART 3\\07 Tag Sephora Dreyers _ Empty Group _Lifecycle condition\\20220609_181049\\1654796011300.png]]

2022-06-09 19:33:31 - [TEST_STEP][PASSED] - click(findTestObject("1. Constant/xpath", ["xpath":"//*[@id="btnduplicatereference"]"])): Object: 'Object Repository/1. Constant/xpath' is clicked on

2022-06-09 19:33:33 - [MESSAGE][PASSED] - Object: 'Object Repository/1. Constant/xpath' is clicked on

2022-06-09 19:33:33 - [TEST_STEP][PASSED] - delay(1): Delayed 1 second(s)

2022-06-09 19:33:34 - [MESSAGE][PASSED] - Delayed 1 second(s)

2022-06-09 19:33:34 - [TEST_STEP][PASSED] - takeScreenshot(): Taking screenshot successfully

2022-06-09 19:33:35 - [MESSAGE][PASSED] - Taking screenshot successfully
[[ATTACHMENT|D:\\Projet Test Auto\\Mediabox Test Automation\\Reports\\20220609_181011\\03. Parallel Testing (Testing)\\TS -PT PART 3\\07 Tag Sephora Dreyers _ Empty Group _Lifecycle condition\\20220609_181049\\1654796015062.png]]

2022-06-09 19:33:35 - [TEST_STEP][PASSED] - delay(1): Delayed 1 second(s)

2022-06-09 19:33:36 - [MESSAGE][PASSED] - Delayed 1 second(s)

2022-06-09 19:33:36 - [TEST_STEP][PASSED] - check(findTestObject("1. Constant/xpath", ["xpath":"/html/body/div[1]/div[2]/div[4]/div[3]/div/div[2]/div[2]/div[1]/table/tbody/tr[2]/td[1]/label"])): Object 'Object Repository/1. Constant/xpath' is checked

2022-06-09 19:33:36 - [MESSAGE][PASSED] - Object 'Object Repository/1. Constant/xpath' is checked

2022-06-09 19:33:36 - [TEST_STEP][PASSED] - click(findTestObject("1. Constant/xpath", ["xpath":"//*[@id="action_btnduplicatereference"]"])): Object: 'Object Repository/1. Constant/xpath' is clicked on

2022-06-09 19:33:39 - [MESSAGE][PASSED] - Object: 'Object Repository/1. Constant/xpath' is clicked on

2022-06-09 19:33:39 - [TEST_STEP][PASSED] - delay(2): Delayed 2 second(s)

2022-06-09 19:33:41 - [MESSAGE][PASSED] - Delayed 2 second(s)

2022-06-09 19:33:41 - [TEST_STEP][PASSED] - takeScreenshot(): Taking screenshot successfully

2022-06-09 19:33:41 - [MESSAGE][PASSED] - Taking screenshot successfully
[[ATTACHMENT|D:\\Projet Test Auto\\Mediabox Test Automation\\Reports\\20220609_181011\\03. Parallel Testing (Testing)\\TS -PT PART 3\\07 Tag Sephora Dreyers _ Empty Group _Lifecycle condition\\20220609_181049\\1654796021640.png]]

2022-06-09 19:33:41 - [TEST_STEP][PASSED] - Project_name1 = getText(findTestObject("1. Constant/xpath", ["xpath":"//*[@id="select2-nbProject-container"]"])): Text of object 'Object Repository/1. Constant/xpath' is: 'ADMF - FABRICE BRAOUEZEC - MI000494'

2022-06-09 19:33:42 - [MESSAGE][PASSED] - Text of object 'Object Repository/1. Constant/xpath' is: 'ADMF - FABRICE BRAOUEZEC - MI000494'

2022-06-09 19:33:42 - [TEST_STEP][PASSED] - verifyMatch(Project_name1, "ADMF - FABRICE BRAOUEZEC - " + Project_No, false): Actual text 'ADMF - FABRICE BRAOUEZEC - MI000494' and expected text 'ADMF - FABRICE BRAOUEZEC - MI000494' are matched 

2022-06-09 19:33:42 - [MESSAGE][PASSED] - Actual text 'ADMF - FABRICE BRAOUEZEC - MI000494' and expected text 'ADMF - FABRICE BRAOUEZEC - MI000494' are matched 

2022-06-09 19:33:42 - [TEST_STEP][PASSED] - I.print(Project_name1): null

2022-06-09 19:33:42 - [TEST_STEP][PASSED] - click(findTestObject("1. Constant/xpath", ["xpath":"//*[@id="btn_submit_duplication"]"])): Object: 'Object Repository/1. Constant/xpath' is clicked on

2022-06-09 19:33:46 - [MESSAGE][PASSED] - Object: 'Object Repository/1. Constant/xpath' is clicked on

2022-06-09 19:33:46 - [TEST_STEP][PASSED] - takeScreenshot(): Taking screenshot successfully

2022-06-09 19:33:47 - [MESSAGE][PASSED] - Taking screenshot successfully
[[ATTACHMENT|D:\\Projet Test Auto\\Mediabox Test Automation\\Reports\\20220609_181011\\03. Parallel Testing (Testing)\\TS -PT PART 3\\07 Tag Sephora Dreyers _ Empty Group _Lifecycle condition\\20220609_181049\\1654796026783.png]]

2022-06-09 19:33:47 - [TEST_STEP][PASSED] - delay(1): Delayed 1 second(s)

2022-06-09 19:33:48 - [MESSAGE][PASSED] - Delayed 1 second(s)

2022-06-09 19:33:48 - [TEST_STEP][PASSED] - click(findTestObject("1. Constant/xpath", ["xpath":"/html/body/div[1]/div[2]/div[4]/div[3]/div/div[2]/div[2]/div[1]/table/tbody/tr[2]/td[12]/a"])): Object: 'Object Repository/1. Constant/xpath' is clicked on

2022-06-09 19:33:50 - [MESSAGE][PASSED] - Object: 'Object Repository/1. Constant/xpath' is clicked on

2022-06-09 19:33:50 - [TEST_STEP][PASSED] - delay(1): Delayed 1 second(s)

2022-06-09 19:33:51 - [MESSAGE][PASSED] - Delayed 1 second(s)

2022-06-09 19:33:51 - [TEST_STEP][PASSED] - toastr1 = getText(findTestObject("1. Constant/xpath", ["xpath":"//*[@id="toast-container"]/div/div[2]"])): Text of object 'Object Repository/1. Constant/xpath' is: 'The condition 'Quantité des produits - JDE' is not matched'

2022-06-09 19:33:51 - [MESSAGE][PASSED] - Text of object 'Object Repository/1. Constant/xpath' is: 'The condition 'Quantité des produits - JDE' is not matched'

2022-06-09 19:33:51 - [TEST_STEP][PASSED] - verifyMatch(toastr1, "The condition 'Quantité des produits - JDE' is not matched", false): Actual text 'The condition 'Quantité des produits - JDE' is not matched' and expected text 'The condition 'Quantité des produits - JDE' is not matched' are matched 

2022-06-09 19:33:51 - [MESSAGE][PASSED] - Actual text 'The condition 'Quantité des produits - JDE' is not matched' and expected text 'The condition 'Quantité des produits - JDE' is not matched' are matched 

2022-06-09 19:33:51 - [TEST_STEP][PASSED] - takeScreenshot(): Taking screenshot successfully

2022-06-09 19:33:52 - [MESSAGE][PASSED] - Taking screenshot successfully
[[ATTACHMENT|D:\\Projet Test Auto\\Mediabox Test Automation\\Reports\\20220609_181011\\03. Parallel Testing (Testing)\\TS -PT PART 3\\07 Tag Sephora Dreyers _ Empty Group _Lifecycle condition\\20220609_181049\\1654796032046.png]]

2022-06-09 19:33:52 - [TEST_STEP][PASSED] - I.Logout(): Delayed 3 second(s)

2022-06-09 19:33:55 - [MESSAGE][PASSED] - Delayed 3 second(s)

2022-06-09 19:33:55 - [MESSAGE][PASSED] - Object: 'Object Repository/1. Constant/xpath' is clicked on

2022-06-09 19:33:58 - [MESSAGE][PASSED] - Delayed 3 second(s)

2022-06-09 19:34:01 - [MESSAGE][PASSED] - Object: 'Object Repository/1. Constant/xpath' is clicked on

2022-06-09 19:34:04 - [MESSAGE][PASSED] - Delayed 3 second(s)

2022-06-09 19:34:04 - [TEST_STEP][PASSED] - I.Login_password("jde_rcr", password_jde_rcr): Object: 'Object Repository/1. Constant/xpath' is clicked on

2022-06-09 19:34:05 - [MESSAGE][PASSED] - Text 'jde_rcr' is set on object 'Object Repository/1. Constant/xpath'

2022-06-09 19:34:06 - [MESSAGE][PASSED] - Delayed 1 second(s)

2022-06-09 19:34:07 - [MESSAGE][PASSED] - Text 'dchi1' is set on object 'Object Repository/1. Constant/xpath'

2022-06-09 19:34:08 - [MESSAGE][PASSED] - Delayed 1 second(s)

2022-06-09 19:34:13 - [MESSAGE][PASSED] - Object: 'Object Repository/1. Constant/xpath' is clicked on

2022-06-09 19:34:13 - [TEST_STEP][PASSED] - click(findTestObject("1. Constant/02_LHSMenu_Projects")): Object: 'Object Repository/1. Constant/02_LHSMenu_Projects' is clicked on

2022-06-09 19:34:15 - [MESSAGE][PASSED] - Object: 'Object Repository/1. Constant/02_LHSMenu_Projects' is clicked on

2022-06-09 19:34:15 - [TEST_STEP][PASSED] - I.SearchProjectNo(Project_No, findTestObject("1. Constant/xpath", ["xpath":"//*[@id="form_filters"]/div[4]/button"])): Delayed 5 second(s)

2022-06-09 19:34:17 - [MESSAGE][PASSED] - Text 'MI000494' is set on object 'Object Repository/1. Constant/xpath'

2022-06-09 19:34:20 - [MESSAGE][PASSED] - Delayed 3 second(s)

2022-06-09 19:34:23 - [MESSAGE][PASSED] - Object: 'Object Repository/1. Constant/xpath' is clicked on

2022-06-09 19:34:28 - [MESSAGE][PASSED] - Delayed 5 second(s)

2022-06-09 19:34:28 - [TEST_STEP][PASSED] - takeScreenshot(): Taking screenshot successfully

2022-06-09 19:34:28 - [MESSAGE][PASSED] - Taking screenshot successfully
[[ATTACHMENT|D:\\Projet Test Auto\\Mediabox Test Automation\\Reports\\20220609_181011\\03. Parallel Testing (Testing)\\TS -PT PART 3\\07 Tag Sephora Dreyers _ Empty Group _Lifecycle condition\\20220609_181049\\1654796068566.png]]

2022-06-09 19:34:28 - [TEST_STEP][PASSED] - click(findTestObject("1. Constant/xpath", ["xpath":"/html/body/div[1]/div[2]/div[4]/div[3]/div/div[2]/div[2]/div[1]/table/tbody/tr[1]/td[9]/a[1]"])): Object: 'Object Repository/1. Constant/xpath' is clicked on

2022-06-09 19:34:32 - [MESSAGE][PASSED] - Object: 'Object Repository/1. Constant/xpath' is clicked on

2022-06-09 19:34:32 - [TEST_STEP][PASSED] - takeScreenshot(): Taking screenshot successfully

2022-06-09 19:34:33 - [MESSAGE][PASSED] - Taking screenshot successfully
[[ATTACHMENT|D:\\Projet Test Auto\\Mediabox Test Automation\\Reports\\20220609_181011\\03. Parallel Testing (Testing)\\TS -PT PART 3\\07 Tag Sephora Dreyers _ Empty Group _Lifecycle condition\\20220609_181049\\1654796073062.png]]

2022-06-09 19:34:33 - [TEST_STEP][PASSED] - refID = I.RefID(): Current window's url is: 'http://mdb-release.diadeis.lan/MediaboxIndependence/Base/ExecAction?action=VoirRef&IDSession=MBI!RELTESTAUTO_CLICKNPRINT!E2FKG91XCV6L5OUXOX2RGMK319PCFBWEB1V1WEX2&num=W7VLEG5WZ0&id_ref=3817'

2022-06-09 19:34:38 - [MESSAGE][PASSED] - Delayed 5 second(s)

2022-06-09 19:34:38 - [MESSAGE][PASSED] - Current window's url is: 'http://mdb-release.diadeis.lan/MediaboxIndependence/Base/ExecAction?action=VoirRef&IDSession=MBI!RELTESTAUTO_CLICKNPRINT!E2FKG91XCV6L5OUXOX2RGMK319PCFBWEB1V1WEX2&num=W7VLEG5WZ0&id_ref=3817'

2022-06-09 19:34:38 - [TEST_STEP][PASSED] - refID_daughter1 = Integer.parseInt(refID) + 1: null

2022-06-09 19:34:38 - [TEST_STEP][PASSED] - I.print(refID): null

2022-06-09 19:34:38 - [TEST_STEP][PASSED] - I.print(refID_daughter1): null

2022-06-09 19:34:38 - [TEST_STEP][PASSED] - click(findTestObject("1. Constant/xpath", ["xpath":"//*[@id="kt_content"]/div[3]/div/ul/li[3]/a"])): Object: 'Object Repository/1. Constant/xpath' is clicked on

2022-06-09 19:34:40 - [MESSAGE][PASSED] - Object: 'Object Repository/1. Constant/xpath' is clicked on

2022-06-09 19:34:40 - [TEST_STEP][PASSED] - lifecyclestatus_Mother = getText(findTestObject("1. Constant/xpath", ["xpath":"/html/body/div[1]/div[2]/div[8]/div[3]/div/div[3]/div[3]/div/div/div[1]/div/div/div/div[1]/div[1]/h3"])): Text of object 'Object Repository/1. Constant/xpath' is: 'Attente des produits individuels'

2022-06-09 19:34:40 - [MESSAGE][PASSED] - Text of object 'Object Repository/1. Constant/xpath' is: 'Attente des produits individuels'

2022-06-09 19:34:40 - [TEST_STEP][PASSED] - verifyMatch(lifecyclestatus_Mother, "Attente des produits individuels", false): Actual text 'Attente des produits individuels' and expected text 'Attente des produits individuels' are matched 

2022-06-09 19:34:40 - [MESSAGE][PASSED] - Actual text 'Attente des produits individuels' and expected text 'Attente des produits individuels' are matched 

2022-06-09 19:34:40 - [TEST_STEP][PASSED] - takeScreenshot(): Taking screenshot successfully

2022-06-09 19:34:40 - [MESSAGE][PASSED] - Taking screenshot successfully
[[ATTACHMENT|D:\\Projet Test Auto\\Mediabox Test Automation\\Reports\\20220609_181011\\03. Parallel Testing (Testing)\\TS -PT PART 3\\07 Tag Sephora Dreyers _ Empty Group _Lifecycle condition\\20220609_181049\\1654796080273.png]]

2022-06-09 19:34:40 - [TEST_STEP][PASSED] - click(findTestObject("1. Constant/xpath", ["xpath":"//*[@id="kt_subheader"]/div/nav/ol/li[2]/a"])): Object: 'Object Repository/1. Constant/xpath' is clicked on

2022-06-09 19:34:42 - [MESSAGE][PASSED] - Object: 'Object Repository/1. Constant/xpath' is clicked on

2022-06-09 19:34:42 - [TEST_STEP][PASSED] - takeScreenshot(): Taking screenshot successfully

2022-06-09 19:34:42 - [MESSAGE][PASSED] - Taking screenshot successfully
[[ATTACHMENT|D:\\Projet Test Auto\\Mediabox Test Automation\\Reports\\20220609_181011\\03. Parallel Testing (Testing)\\TS -PT PART 3\\07 Tag Sephora Dreyers _ Empty Group _Lifecycle condition\\20220609_181049\\1654796082180.png]]

2022-06-09 19:34:42 - [TEST_STEP][PASSED] - click(findTestObject("1. Constant/xpath", ["xpath":"//*[@id="source_" + refID_daughter1 + ""]/td[12]/a[2]"])): Object: 'Object Repository/1. Constant/xpath' is clicked on

2022-06-09 19:34:45 - [MESSAGE][PASSED] - Object: 'Object Repository/1. Constant/xpath' is clicked on

2022-06-09 19:34:45 - [TEST_STEP][PASSED] - takeScreenshot(): Taking screenshot successfully

2022-06-09 19:34:45 - [MESSAGE][PASSED] - Taking screenshot successfully
[[ATTACHMENT|D:\\Projet Test Auto\\Mediabox Test Automation\\Reports\\20220609_181011\\03. Parallel Testing (Testing)\\TS -PT PART 3\\07 Tag Sephora Dreyers _ Empty Group _Lifecycle condition\\20220609_181049\\1654796085053.png]]

2022-06-09 19:34:45 - [TEST_STEP][PASSED] - setText(findTestObject("1. Constant/xpath", ["xpath":"//*[@id="var_23"]"]), "1"): Text '1' is set on object 'Object Repository/1. Constant/xpath'

2022-06-09 19:34:45 - [MESSAGE][PASSED] - Text '1' is set on object 'Object Repository/1. Constant/xpath'

2022-06-09 19:34:45 - [TEST_STEP][PASSED] - click(findTestObject("1. Constant/xpath", ["xpath":"//*[@id="ModifFiche"]/div[1]/div/button[2]"])): Object: 'Object Repository/1. Constant/xpath' is clicked on

2022-06-09 19:34:48 - [MESSAGE][PASSED] - Object: 'Object Repository/1. Constant/xpath' is clicked on

2022-06-09 19:34:48 - [TEST_STEP][PASSED] - click(findTestObject("1. Constant/xpath", ["xpath":"//*[@id="source_" + refID + ""]/td[12]/a"])): Object: 'Object Repository/1. Constant/xpath' is clicked on

2022-06-09 19:34:52 - [MESSAGE][PASSED] - Object: 'Object Repository/1. Constant/xpath' is clicked on

2022-06-09 19:34:52 - [TEST_STEP][PASSED] - delay(1): Delayed 1 second(s)

2022-06-09 19:34:53 - [MESSAGE][PASSED] - Delayed 1 second(s)

2022-06-09 19:34:53 - [TEST_STEP][PASSED] - click(findTestObject("1. Constant/xpath", ["xpath":"//*[@id="source_" + refID + ""]/td[9]/a[1]"])): Object: 'Object Repository/1. Constant/xpath' is clicked on

2022-06-09 19:34:55 - [MESSAGE][PASSED] - Object: 'Object Repository/1. Constant/xpath' is clicked on

2022-06-09 19:34:55 - [TEST_STEP][PASSED] - click(findTestObject("1. Constant/xpath", ["xpath":"//*[@id="kt_content"]/div[3]/div/ul/li[3]/a"])): Object: 'Object Repository/1. Constant/xpath' is clicked on

2022-06-09 19:34:57 - [MESSAGE][PASSED] - Object: 'Object Repository/1. Constant/xpath' is clicked on

2022-06-09 19:34:57 - [TEST_STEP][PASSED] - lifecyclestatus_Mother1 = getText(findTestObject("1. Constant/xpath", ["xpath":"/html/body/div[1]/div[2]/div[8]/div[3]/div/div[3]/div[3]/div/div/div[2]/div/div/div/div[1]/div[1]/h3"])): Text of object 'Object Repository/1. Constant/xpath' is: 'Vérification de la quantité'

2022-06-09 19:34:57 - [MESSAGE][PASSED] - Text of object 'Object Repository/1. Constant/xpath' is: 'Vérification de la quantité'

2022-06-09 19:34:57 - [TEST_STEP][PASSED] - verifyMatch(lifecyclestatus_Mother1, "Vérification de la quantité", false): Actual text 'Vérification de la quantité' and expected text 'Vérification de la quantité' are matched 

2022-06-09 19:34:57 - [MESSAGE][PASSED] - Actual text 'Vérification de la quantité' and expected text 'Vérification de la quantité' are matched 

2022-06-09 19:34:57 - [TEST_STEP][PASSED] - closeBrowser(): Browser is closed

2022-06-09 19:34:58 - [MESSAGE][PASSED] - Browser is closed

2022-06-09 19:34:58 - [TEST_STEP][PASSED] - Start listener action : sampleAfterTestCase: null]]></system-out>
         <system-err><![CDATA[]]></system-err>
      </testcase>
      <system-out><![CDATA[2022-06-09 19:00:15 - [TEST_SUITE][FAILED] - 07 Tag Sephora Dreyers _ Empty Group _Lifecycle condition: Test Cases/13. Dreyers Lifecycle condition/13.2 Dreyers Lifecycle conditions _ Partial Submission Backup User field P1 (16.03) FAILED.
Reason:
com.kms.katalon.core.exception.StepFailedException: Unable to click on object 'Object Repository/1. Constant/xpath'
	at com.kms.katalon.core.webui.keyword.internal.WebUIKeywordMain.stepFailed(WebUIKeywordMain.groovy:64)
	at com.kms.katalon.core.webui.keyword.internal.WebUIKeywordMain.runKeyword(WebUIKeywordMain.groovy:26)
	at com.kms.katalon.core.webui.keyword.builtin.ClickKeyword.click(ClickKeyword.groovy:74)
	at com.kms.katalon.core.webui.keyword.builtin.ClickKeyword.execute(ClickKeyword.groovy:40)
	at com.kms.katalon.core.keyword.internal.KeywordExecutor.executeKeywordForPlatform(KeywordExecutor.groovy:74)
	at com.kms.katalon.core.webui.keyword.WebUiBuiltInKeywords.click(WebUiBuiltInKeywords.groovy:620)
	at com.kms.katalon.core.webui.keyword.WebUiBuiltInKeywords$click$5.call(Unknown Source)
	at 13.2 Dreyers Lifecycle conditions _ Partial Submission Backup User field P1 (16.03).run(13.2 Dreyers Lifecycle conditions _ Partial Submission Backup User field P1 (16.03):215)
	at com.kms.katalon.core.main.ScriptEngine.run(ScriptEngine.java:194)
	at com.kms.katalon.core.main.ScriptEngine.runScriptAsRawText(ScriptEngine.java:119)
	at com.kms.katalon.core.main.TestCaseExecutor.runScript(TestCaseExecutor.java:445)
	at com.kms.katalon.core.main.TestCaseExecutor.doExecute(TestCaseExecutor.java:436)
	at com.kms.katalon.core.main.TestCaseExecutor.processExecutionPhase(TestCaseExecutor.java:415)
	at com.kms.katalon.core.main.TestCaseExecutor.accessMainPhase(TestCaseExecutor.java:407)
	at com.kms.katalon.core.main.TestCaseExecutor.execute(TestCaseExecutor.java:284)
	at com.kms.katalon.core.common.CommonExecutor.accessTestCaseMainPhase(CommonExecutor.java:65)
	at com.kms.katalon.core.main.TestSuiteExecutor.accessTestSuiteMainPhase(TestSuiteExecutor.java:144)
	at com.kms.katalon.core.main.TestSuiteExecutor.execute(TestSuiteExecutor.java:106)
	at com.kms.katalon.core.main.TestCaseMain.startTestSuite(TestCaseMain.java:185)
	at com.kms.katalon.core.main.TestCaseMain$startTestSuite$0.call(Unknown Source)
	at TempTestSuite1654791049878.run(TempTestSuite1654791049878.groovy:36)
Caused by: com.kms.katalon.core.webui.exception.WebElementNotFoundException: Web element with id: 'Object Repository/1. Constant/xpath' located by '//*[@id="source_5254"]/td[15]/a[2]' not found
	at com.kms.katalon.core.webui.common.WebUiCommonHelper.findWebElement(WebUiCommonHelper.java:1370)
	at com.kms.katalon.core.webui.keyword.internal.WebUIAbstractKeyword.findWebElement(WebUIAbstractKeyword.groovy:27)
	at com.kms.katalon.core.webui.keyword.builtin.ClickKeyword$_click_closure1.doCall(ClickKeyword.groovy:65)
	at com.kms.katalon.core.webui.keyword.builtin.ClickKeyword$_click_closure1.call(ClickKeyword.groovy)
	at com.kms.katalon.core.webui.keyword.internal.WebUIKeywordMain.runKeyword(WebUIKeywordMain.groovy:20)
	... 19 more]]></system-out>
      <system-err><![CDATA[2022-06-09 19:00:15 - [TEST_SUITE][FAILED] - 07 Tag Sephora Dreyers _ Empty Group _Lifecycle condition: Test Cases/13. Dreyers Lifecycle condition/13.2 Dreyers Lifecycle conditions _ Partial Submission Backup User field P1 (16.03) FAILED.
Reason:
com.kms.katalon.core.exception.StepFailedException: Unable to click on object 'Object Repository/1. Constant/xpath'
	at com.kms.katalon.core.webui.keyword.internal.WebUIKeywordMain.stepFailed(WebUIKeywordMain.groovy:64)
	at com.kms.katalon.core.webui.keyword.internal.WebUIKeywordMain.runKeyword(WebUIKeywordMain.groovy:26)
	at com.kms.katalon.core.webui.keyword.builtin.ClickKeyword.click(ClickKeyword.groovy:74)
	at com.kms.katalon.core.webui.keyword.builtin.ClickKeyword.execute(ClickKeyword.groovy:40)
	at com.kms.katalon.core.keyword.internal.KeywordExecutor.executeKeywordForPlatform(KeywordExecutor.groovy:74)
	at com.kms.katalon.core.webui.keyword.WebUiBuiltInKeywords.click(WebUiBuiltInKeywords.groovy:620)
	at com.kms.katalon.core.webui.keyword.WebUiBuiltInKeywords$click$5.call(Unknown Source)
	at 13.2 Dreyers Lifecycle conditions _ Partial Submission Backup User field P1 (16.03).run(13.2 Dreyers Lifecycle conditions _ Partial Submission Backup User field P1 (16.03):215)
	at com.kms.katalon.core.main.ScriptEngine.run(ScriptEngine.java:194)
	at com.kms.katalon.core.main.ScriptEngine.runScriptAsRawText(ScriptEngine.java:119)
	at com.kms.katalon.core.main.TestCaseExecutor.runScript(TestCaseExecutor.java:445)
	at com.kms.katalon.core.main.TestCaseExecutor.doExecute(TestCaseExecutor.java:436)
	at com.kms.katalon.core.main.TestCaseExecutor.processExecutionPhase(TestCaseExecutor.java:415)
	at com.kms.katalon.core.main.TestCaseExecutor.accessMainPhase(TestCaseExecutor.java:407)
	at com.kms.katalon.core.main.TestCaseExecutor.execute(TestCaseExecutor.java:284)
	at com.kms.katalon.core.common.CommonExecutor.accessTestCaseMainPhase(CommonExecutor.java:65)
	at com.kms.katalon.core.main.TestSuiteExecutor.accessTestSuiteMainPhase(TestSuiteExecutor.java:144)
	at com.kms.katalon.core.main.TestSuiteExecutor.execute(TestSuiteExecutor.java:106)
	at com.kms.katalon.core.main.TestCaseMain.startTestSuite(TestCaseMain.java:185)
	at com.kms.katalon.core.main.TestCaseMain$startTestSuite$0.call(Unknown Source)
	at TempTestSuite1654791049878.run(TempTestSuite1654791049878.groovy:36)
Caused by: com.kms.katalon.core.webui.exception.WebElementNotFoundException: Web element with id: 'Object Repository/1. Constant/xpath' located by '//*[@id="source_5254"]/td[15]/a[2]' not found
	at com.kms.katalon.core.webui.common.WebUiCommonHelper.findWebElement(WebUiCommonHelper.java:1370)
	at com.kms.katalon.core.webui.keyword.internal.WebUIAbstractKeyword.findWebElement(WebUIAbstractKeyword.groovy:27)
	at com.kms.katalon.core.webui.keyword.builtin.ClickKeyword$_click_closure1.doCall(ClickKeyword.groovy:65)
	at com.kms.katalon.core.webui.keyword.builtin.ClickKeyword$_click_closure1.call(ClickKeyword.groovy)
	at com.kms.katalon.core.webui.keyword.internal.WebUIKeywordMain.runKeyword(WebUIKeywordMain.groovy:20)
	... 19 more]]></system-err>
   </testsuite>
</testsuites>
