<?xml version="1.0" encoding="UTF-8"?>
<testsuites name="05. Tag Starpack Mediabase_Control Tag Project Add Approver" time="414.327" tests="3" failures="0" errors="0">
   <testsuite name="05. Tag Starpack Mediabase_Control Tag Project Add Approver" tests="3" failures="0" errors="0" time="414.327" skipped="0" timestamp="2022-06-23 18:08:09" hostname="lamhe - DPF-MBI-VERIF.ad.sgsco.int" id="Test Suites/03. Parallel Testing (Testing)/TS -PT PART 3/05. Tag Starpack Mediabase_Control Tag Project Add Approver">
      <properties>
         <property name="deviceName" value=""/>
         <property name="devicePlatform" value=""/>
         <property name="logFolder" value="D:\\Projet Test Auto\\Mediabox Test Automation\\Reports\\20220623_180756\\03. Parallel Testing (Testing)\\TS -PT PART 3\\05. Tag Starpack Mediabase_Control Tag Project Add Approver\\20220623_180758"/>
         <property name="logFiles" value="D:\\Projet Test Auto\\Mediabox Test Automation\\Reports\\20220623_180756\\03. Parallel Testing (Testing)\\TS -PT PART 3\\05. Tag Starpack Mediabase_Control Tag Project Add Approver\\20220623_180758\\execution0.log"/>
         <property name="attachments" value="D:\\Projet Test Auto\\Mediabox Test Automation\\Reports\\20220623_180756\\03. Parallel Testing (Testing)\\TS -PT PART 3\\05. Tag Starpack Mediabase_Control Tag Project Add Approver\\20220623_180758\\1656000521345.png, D:\\Projet Test Auto\\Mediabox Test Automation\\Reports\\20220623_180756\\03. Parallel Testing (Testing)\\TS -PT PART 3\\05. Tag Starpack Mediabase_Control Tag Project Add Approver\\20220623_180758\\1656000593496.png, D:\\Projet Test Auto\\Mediabox Test Automation\\Reports\\20220623_180756\\03. Parallel Testing (Testing)\\TS -PT PART 3\\05. Tag Starpack Mediabase_Control Tag Project Add Approver\\20220623_180758\\1656000605905.png, D:\\Projet Test Auto\\Mediabox Test Automation\\Reports\\20220623_180756\\03. Parallel Testing (Testing)\\TS -PT PART 3\\05. Tag Starpack Mediabase_Control Tag Project Add Approver\\20220623_180758\\1656000631640.png, D:\\Projet Test Auto\\Mediabox Test Automation\\Reports\\20220623_180756\\03. Parallel Testing (Testing)\\TS -PT PART 3\\05. Tag Starpack Mediabase_Control Tag Project Add Approver\\20220623_180758\\1656000667954.png, D:\\Projet Test Auto\\Mediabox Test Automation\\Reports\\20220623_180756\\03. Parallel Testing (Testing)\\TS -PT PART 3\\05. Tag Starpack Mediabase_Control Tag Project Add Approver\\20220623_180758\\1656000679160.png, D:\\Projet Test Auto\\Mediabox Test Automation\\Reports\\20220623_180756\\03. Parallel Testing (Testing)\\TS -PT PART 3\\05. Tag Starpack Mediabase_Control Tag Project Add Approver\\20220623_180758\\1656000682806.png, D:\\Projet Test Auto\\Mediabox Test Automation\\Reports\\20220623_180756\\03. Parallel Testing (Testing)\\TS -PT PART 3\\05. Tag Starpack Mediabase_Control Tag Project Add Approver\\20220623_180758\\1656000684943.png, D:\\Projet Test Auto\\Mediabox Test Automation\\Reports\\20220623_180756\\03. Parallel Testing (Testing)\\TS -PT PART 3\\05. Tag Starpack Mediabase_Control Tag Project Add Approver\\20220623_180758\\1656000686367.png, D:\\Projet Test Auto\\Mediabox Test Automation\\Reports\\20220623_180756\\03. Parallel Testing (Testing)\\TS -PT PART 3\\05. Tag Starpack Mediabase_Control Tag Project Add Approver\\20220623_180758\\1656000690481.png, D:\\Projet Test Auto\\Mediabox Test Automation\\Reports\\20220623_180756\\03. Parallel Testing (Testing)\\TS -PT PART 3\\05. Tag Starpack Mediabase_Control Tag Project Add Approver\\20220623_180758\\1656000694017.png, D:\\Projet Test Auto\\Mediabox Test Automation\\Reports\\20220623_180756\\03. Parallel Testing (Testing)\\TS -PT PART 3\\05. Tag Starpack Mediabase_Control Tag Project Add Approver\\20220623_180758\\1656000697124.png, D:\\Projet Test Auto\\Mediabox Test Automation\\Reports\\20220623_180756\\03. Parallel Testing (Testing)\\TS -PT PART 3\\05. Tag Starpack Mediabase_Control Tag Project Add Approver\\20220623_180758\\1656000700096.png, D:\\Projet Test Auto\\Mediabox Test Automation\\Reports\\20220623_180756\\03. Parallel Testing (Testing)\\TS -PT PART 3\\05. Tag Starpack Mediabase_Control Tag Project Add Approver\\20220623_180758\\1656000708981.png, D:\\Projet Test Auto\\Mediabox Test Automation\\Reports\\20220623_180756\\03. Parallel Testing (Testing)\\TS -PT PART 3\\05. Tag Starpack Mediabase_Control Tag Project Add Approver\\20220623_180758\\1656000710178.png, D:\\Projet Test Auto\\Mediabox Test Automation\\Reports\\20220623_180756\\03. Parallel Testing (Testing)\\TS -PT PART 3\\05. Tag Starpack Mediabase_Control Tag Project Add Approver\\20220623_180758\\1656000714726.png, D:\\Projet Test Auto\\Mediabox Test Automation\\Reports\\20220623_180756\\03. Parallel Testing (Testing)\\TS -PT PART 3\\05. Tag Starpack Mediabase_Control Tag Project Add Approver\\20220623_180758\\1656000719341.png, D:\\Projet Test Auto\\Mediabox Test Automation\\Reports\\20220623_180756\\03. Parallel Testing (Testing)\\TS -PT PART 3\\05. Tag Starpack Mediabase_Control Tag Project Add Approver\\20220623_180758\\1656000725272.png, D:\\Projet Test Auto\\Mediabox Test Automation\\Reports\\20220623_180756\\03. Parallel Testing (Testing)\\TS -PT PART 3\\05. Tag Starpack Mediabase_Control Tag Project Add Approver\\20220623_180758\\1656000729062.png, D:\\Projet Test Auto\\Mediabox Test Automation\\Reports\\20220623_180756\\03. Parallel Testing (Testing)\\TS -PT PART 3\\05. Tag Starpack Mediabase_Control Tag Project Add Approver\\20220623_180758\\1656000730793.png, D:\\Projet Test Auto\\Mediabox Test Automation\\Reports\\20220623_180756\\03. Parallel Testing (Testing)\\TS -PT PART 3\\05. Tag Starpack Mediabase_Control Tag Project Add Approver\\20220623_180758\\1656000733894.png, D:\\Projet Test Auto\\Mediabox Test Automation\\Reports\\20220623_180756\\03. Parallel Testing (Testing)\\TS -PT PART 3\\05. Tag Starpack Mediabase_Control Tag Project Add Approver\\20220623_180758\\1656000736505.png, D:\\Projet Test Auto\\Mediabox Test Automation\\Reports\\20220623_180756\\03. Parallel Testing (Testing)\\TS -PT PART 3\\05. Tag Starpack Mediabase_Control Tag Project Add Approver\\20220623_180758\\1656000740479.png, D:\\Projet Test Auto\\Mediabox Test Automation\\Reports\\20220623_180756\\03. Parallel Testing (Testing)\\TS -PT PART 3\\05. Tag Starpack Mediabase_Control Tag Project Add Approver\\20220623_180758\\1656000744455.png, D:\\Projet Test Auto\\Mediabox Test Automation\\Reports\\20220623_180756\\03. Parallel Testing (Testing)\\TS -PT PART 3\\05. Tag Starpack Mediabase_Control Tag Project Add Approver\\20220623_180758\\1656000754814.png, D:\\Projet Test Auto\\Mediabox Test Automation\\Reports\\20220623_180756\\03. Parallel Testing (Testing)\\TS -PT PART 3\\05. Tag Starpack Mediabase_Control Tag Project Add Approver\\20220623_180758\\1656000757849.png, D:\\Projet Test Auto\\Mediabox Test Automation\\Reports\\20220623_180756\\03. Parallel Testing (Testing)\\TS -PT PART 3\\05. Tag Starpack Mediabase_Control Tag Project Add Approver\\20220623_180758\\1656000791851.png, D:\\Projet Test Auto\\Mediabox Test Automation\\Reports\\20220623_180756\\03. Parallel Testing (Testing)\\TS -PT PART 3\\05. Tag Starpack Mediabase_Control Tag Project Add Approver\\20220623_180758\\1656000797911.png, D:\\Projet Test Auto\\Mediabox Test Automation\\Reports\\20220623_180756\\03. Parallel Testing (Testing)\\TS -PT PART 3\\05. Tag Starpack Mediabase_Control Tag Project Add Approver\\20220623_180758\\1656000830435.png, D:\\Projet Test Auto\\Mediabox Test Automation\\Reports\\20220623_180756\\03. Parallel Testing (Testing)\\TS -PT PART 3\\05. Tag Starpack Mediabase_Control Tag Project Add Approver\\20220623_180758\\1656000839965.png, D:\\Projet Test Auto\\Mediabox Test Automation\\Reports\\20220623_180756\\03. Parallel Testing (Testing)\\TS -PT PART 3\\05. Tag Starpack Mediabase_Control Tag Project Add Approver\\20220623_180758\\1656000845556.png, D:\\Projet Test Auto\\Mediabox Test Automation\\Reports\\20220623_180756\\03. Parallel Testing (Testing)\\TS -PT PART 3\\05. Tag Starpack Mediabase_Control Tag Project Add Approver\\20220623_180758\\1656000899204.png, D:\\Projet Test Auto\\Mediabox Test Automation\\Reports\\20220623_180756\\03. Parallel Testing (Testing)\\TS -PT PART 3\\05. Tag Starpack Mediabase_Control Tag Project Add Approver\\20220623_180758\\1656000900880.png"/>
         <property name="hostName" value="lamhe - DPF-MBI-VERIF.ad.sgsco.int"/>
         <property name="os" value="Windows 10 64bit"/>
         <property name="katalonVersion" value="8.3.0.208"/>
         <property name="browser" value="Chrome 102.0.5005.115"/>
         <property name="hostAddress" value="10.15.10.53"/>
         <property name="sessionId" value="08fe0766c29267b77194466669e14b33"/>
         <property name="seleniumVersion" value="3.141.59"/>
         <property name="proxyInformation" value="ProxyInformation { proxyOption=NO_PROXY, proxyServerType=HTTP, username=, password=********, proxyServerAddress=, proxyServerPort=0, executionList=&quot;&quot;, isApplyToDesiredCapabilities=true }"/>
         <property name="platform" value="Windows 10"/>
      </properties>
      <testcase name="Test Cases/05. Starpack _ Tag Mediabase/5.03 Tag _ Mediabase _ Pagination" time="143.916" classname="Test Cases/05. Starpack _ Tag Mediabase/5.03 Tag _ Mediabase _ Pagination" status="PASSED">
         <system-out><![CDATA[2022-06-23 18:08:11 - [TEST_CASE][PASSED] - Test Cases/05. Starpack _ Tag Mediabase/5.03 Tag _ Mediabase _ Pagination: Test Cases/05. Starpack _ Tag Mediabase/5.03 Tag _ Mediabase _ Pagination

2022-06-23 18:08:12 - [TEST_STEP][PASSED] - data_Tag = findTestData("Data Files/Username_Password/Tag"): null

2022-06-23 18:08:12 - [TEST_STEP][PASSED] - password_jedun = data_Tag.getValue(3, 1): null

2022-06-23 18:08:12 - [TEST_STEP][PASSED] - data_urlRELAUTO = findTestData("Data Files/URL/URL_relauto"): null

2022-06-23 18:08:12 - [TEST_STEP][PASSED] - Url_Tag = data_urlRELAUTO.getValue(2, 3): null

2022-06-23 18:08:12 - [TEST_STEP][PASSED] - openBrowser(Url_Tag): Browser is opened with url: 'http://mdb-release.diadeis.lan/MediaboxIndependence/?MBI_datasource=RELTESTAUTO_TAG'

2022-06-23 18:08:13 - [MESSAGE][INFO] - Starting 'Chrome' driver

2022-06-23 18:08:13 - [MESSAGE][INFO] - User set preference: ['arg', '[[--lang=en-GB]]']

2022-06-23 18:08:13 - [MESSAGE][INFO] - Action delay is set to 0 milliseconds

2022-06-23 18:08:37 - [MESSAGE][PASSED] - Browser is opened with url: 'http://mdb-release.diadeis.lan/MediaboxIndependence/?MBI_datasource=RELTESTAUTO_TAG'

2022-06-23 18:08:37 - [TEST_STEP][PASSED] - maximizeWindow(): Current window maximized

2022-06-23 18:08:38 - [MESSAGE][PASSED] - Current window maximized

2022-06-23 18:08:38 - [TEST_STEP][PASSED] - waitForPageLoad(30): Wait for page load successfully

2022-06-23 18:08:39 - [MESSAGE][PASSED] - Wait for page load successfully

2022-06-23 18:08:39 - [TEST_STEP][PASSED] - takeScreenshot(): Taking screenshot successfully

2022-06-23 18:08:41 - [MESSAGE][PASSED] - Taking screenshot successfully
[[ATTACHMENT|D:\\Projet Test Auto\\Mediabox Test Automation\\Reports\\20220623_180756\\03. Parallel Testing (Testing)\\TS -PT PART 3\\05. Tag Starpack Mediabase_Control Tag Project Add Approver\\20220623_180758\\1656000521345.png]]

2022-06-23 18:08:41 - [TEST_STEP][PASSED] - Project_No = "MI002230": null

2022-06-23 18:08:41 - [TEST_STEP][PASSED] - I.Login_password("jedun", password_jedun): Object: 'Object Repository/1. Constant/xpath' is clicked on

2022-06-23 18:08:42 - [MESSAGE][PASSED] - Text 'jedun' is set on object 'Object Repository/1. Constant/xpath'

2022-06-23 18:08:44 - [MESSAGE][PASSED] - Delayed 1 second(s)

2022-06-23 18:08:45 - [MESSAGE][PASSED] - Text 'dchi' is set on object 'Object Repository/1. Constant/xpath'

2022-06-23 18:08:46 - [MESSAGE][PASSED] - Delayed 1 second(s)

2022-06-23 18:08:51 - [MESSAGE][PASSED] - Object: 'Object Repository/1. Constant/xpath' is clicked on

2022-06-23 18:08:51 - [TEST_STEP][PASSED] - delay(2): Delayed 2 second(s)

2022-06-23 18:08:53 - [MESSAGE][PASSED] - Delayed 2 second(s)

2022-06-23 18:08:54 - [TEST_STEP][PASSED] - click(findTestObject("1. Constant/xpath", ["xpath":"//*[@id="menu_medibase_tab_1"]/a"])): Object: 'Object Repository/1. Constant/xpath' is clicked on

2022-06-23 18:09:21 - [MESSAGE][PASSED] - Object: 'Object Repository/1. Constant/xpath' is clicked on

2022-06-23 18:09:21 - [TEST_STEP][PASSED] - delay(2): Delayed 2 second(s)

2022-06-23 18:09:23 - [MESSAGE][PASSED] - Delayed 2 second(s)

2022-06-23 18:09:23 - [TEST_STEP][PASSED] - refresh(): Refresh successfully

2022-06-23 18:09:36 - [MESSAGE][PASSED] - Refresh successfully

2022-06-23 18:09:36 - [TEST_STEP][PASSED] - delay(2): Delayed 2 second(s)

2022-06-23 18:09:38 - [MESSAGE][PASSED] - Delayed 2 second(s)

2022-06-23 18:09:38 - [TEST_STEP][PASSED] - refresh(): Refresh successfully

2022-06-23 18:09:50 - [MESSAGE][PASSED] - Refresh successfully

2022-06-23 18:09:50 - [TEST_STEP][PASSED] - delay(2): Delayed 2 second(s)

2022-06-23 18:09:52 - [MESSAGE][PASSED] - Delayed 2 second(s)

2022-06-23 18:09:52 - [TEST_STEP][PASSED] - verifyElementVisible(findTestObject("1. Constant/xpath", ["xpath":"//*[@id="body_mediabase"]/div/div/div[2]/div"])): Object 'Object Repository/1. Constant/xpath' is visible

2022-06-23 18:09:53 - [MESSAGE][PASSED] - Object 'Object Repository/1. Constant/xpath' is visible

2022-06-23 18:09:53 - [TEST_STEP][PASSED] - takeScreenshot(): Taking screenshot successfully

2022-06-23 18:09:53 - [MESSAGE][PASSED] - Taking screenshot successfully
[[ATTACHMENT|D:\\Projet Test Auto\\Mediabox Test Automation\\Reports\\20220623_180756\\03. Parallel Testing (Testing)\\TS -PT PART 3\\05. Tag Starpack Mediabase_Control Tag Project Add Approver\\20220623_180758\\1656000593496.png]]

2022-06-23 18:09:53 - [TEST_STEP][PASSED] - click(findTestObject("1. Constant/xpath", ["xpath":"//*[@id="body_mediabase"]/div/div/div[2]/div/a[3]"])): Object: 'Object Repository/1. Constant/xpath' is clicked on

2022-06-23 18:10:05 - [MESSAGE][PASSED] - Object: 'Object Repository/1. Constant/xpath' is clicked on

2022-06-23 18:10:05 - [TEST_STEP][PASSED] - takeScreenshot(): Taking screenshot successfully

2022-06-23 18:10:06 - [MESSAGE][PASSED] - Taking screenshot successfully
[[ATTACHMENT|D:\\Projet Test Auto\\Mediabox Test Automation\\Reports\\20220623_180756\\03. Parallel Testing (Testing)\\TS -PT PART 3\\05. Tag Starpack Mediabase_Control Tag Project Add Approver\\20220623_180758\\1656000605905.png]]

2022-06-23 18:10:06 - [TEST_STEP][PASSED] - delay(2): Delayed 2 second(s)

2022-06-23 18:10:08 - [MESSAGE][PASSED] - Delayed 2 second(s)

2022-06-23 18:10:08 - [TEST_STEP][PASSED] - verifyElementAttributeValue(findTestObject("1. Constant/xpath", ["xpath":"//*[@id="body_mediabase"]/div/div/div[2]/div/a[3]"]), "class", "btn btn-icon btn-sm btn-light  border-0 btn-hover-primary active mr-2 my-1", 20): Object 'Object Repository/1. Constant/xpath' has attribute 'class' with value 'btn btn-icon btn-sm btn-light  border-0 btn-hover-primary active mr-2 my-1'

2022-06-23 18:10:08 - [MESSAGE][PASSED] - Object 'Object Repository/1. Constant/xpath' has attribute 'class' with value 'btn btn-icon btn-sm btn-light  border-0 btn-hover-primary active mr-2 my-1'

2022-06-23 18:10:08 - [TEST_STEP][PASSED] - click(findTestObject("1. Constant/xpath", ["xpath":"//*[@id="body_mediabase"]/div/div/div[2]/div/a[7]"])): Object: 'Object Repository/1. Constant/xpath' is clicked on

2022-06-23 18:10:29 - [MESSAGE][PASSED] - Object: 'Object Repository/1. Constant/xpath' is clicked on

2022-06-23 18:10:29 - [TEST_STEP][PASSED] - delay(2): Delayed 2 second(s)

2022-06-23 18:10:31 - [MESSAGE][PASSED] - Delayed 2 second(s)

2022-06-23 18:10:31 - [TEST_STEP][PASSED] - takeScreenshot(): Taking screenshot successfully

2022-06-23 18:10:31 - [MESSAGE][PASSED] - Taking screenshot successfully
[[ATTACHMENT|D:\\Projet Test Auto\\Mediabox Test Automation\\Reports\\20220623_180756\\03. Parallel Testing (Testing)\\TS -PT PART 3\\05. Tag Starpack Mediabase_Control Tag Project Add Approver\\20220623_180758\\1656000631640.png]]

2022-06-23 18:10:31 - [TEST_STEP][PASSED] - verifyElementAttributeValue(findTestObject("1. Constant/xpath", ["xpath":"//*[@id="body_mediabase"]/div/div/div[2]/div/a[4]"]), "class", "btn btn-icon btn-sm btn-light  border-0 btn-hover-primary active mr-2 my-1", 20): Object 'Object Repository/1. Constant/xpath' has attribute 'class' with value 'btn btn-icon btn-sm btn-light  border-0 btn-hover-primary active mr-2 my-1'

2022-06-23 18:10:32 - [MESSAGE][PASSED] - Object 'Object Repository/1. Constant/xpath' has attribute 'class' with value 'btn btn-icon btn-sm btn-light  border-0 btn-hover-primary active mr-2 my-1'

2022-06-23 18:10:32 - [TEST_STEP][PASSED] - verifyElementAttributeValue(findTestObject("1. Constant/xpath", ["xpath":"//*[@id="body_mediabase"]/div/div/div[2]/div/a[3]"]), "class", "btn btn-icon btn-sm btn-light ", 20): Object 'Object Repository/1. Constant/xpath' has attribute 'class' with value 'btn btn-icon btn-sm btn-light '

2022-06-23 18:10:33 - [MESSAGE][PASSED] - Object 'Object Repository/1. Constant/xpath' has attribute 'class' with value 'btn btn-icon btn-sm btn-light '

2022-06-23 18:10:33 - [TEST_STEP][PASSED] - closeBrowser(): Browser is closed

2022-06-23 18:10:34 - [MESSAGE][PASSED] - Browser is closed

2022-06-23 18:10:34 - [TEST_STEP][PASSED] - Start listener action : sampleAfterTestCase: null]]></system-out>
         <system-err><![CDATA[]]></system-err>
      </testcase>
      <testcase name="Test Cases/05. Starpack _ Tag Mediabase/5.01 Starpack Mediabase Selection" time="124.502" classname="Test Cases/05. Starpack _ Tag Mediabase/5.01 Starpack Mediabase Selection" status="PASSED">
         <system-out><![CDATA[2022-06-23 18:10:35 - [TEST_CASE][PASSED] - Test Cases/05. Starpack _ Tag Mediabase/5.01 Starpack Mediabase Selection: Test Cases/05. Starpack _ Tag Mediabase/5.01 Starpack Mediabase Selection

2022-06-23 18:10:36 - [TEST_STEP][PASSED] - data = findTestData("Data Files/Username_Password/Starpack (10June2021)"): null

2022-06-23 18:10:36 - [TEST_STEP][PASSED] - password_suser = data.getValue(2, 1): null

2022-06-23 18:10:36 - [TEST_STEP][PASSED] - data_urlRELAUTO = findTestData("Data Files/URL/URL_relauto"): null

2022-06-23 18:10:36 - [TEST_STEP][PASSED] - Url_Starpack = data_urlRELAUTO.getValue(2, 2): null

2022-06-23 18:10:36 - [TEST_STEP][PASSED] - log = new com.kms.katalon.core.logging.KeywordLogger(): null

2022-06-23 18:10:36 - [TEST_STEP][PASSED] - openBrowser(Url_Starpack): Browser is opened with url: 'http://mdb-release.diadeis.lan/MediaboxIndependence/?MBI_datasource=RELTESTAUTO_STARPACK'

2022-06-23 18:10:36 - [MESSAGE][INFO] - Starting 'Chrome' driver

2022-06-23 18:10:36 - [MESSAGE][INFO] - User set preference: ['arg', '[[--lang=en-GB]]']

2022-06-23 18:10:36 - [MESSAGE][INFO] - Action delay is set to 0 milliseconds

2022-06-23 18:10:48 - [MESSAGE][PASSED] - Browser is opened with url: 'http://mdb-release.diadeis.lan/MediaboxIndependence/?MBI_datasource=RELTESTAUTO_STARPACK'

2022-06-23 18:10:48 - [TEST_STEP][PASSED] - maximizeWindow(): Current window maximized

2022-06-23 18:10:49 - [MESSAGE][PASSED] - Current window maximized

2022-06-23 18:10:49 - [TEST_STEP][PASSED] - I.Login_password("suser", password_suser): Object: 'Object Repository/1. Constant/xpath' is clicked on

2022-06-23 18:10:49 - [MESSAGE][PASSED] - Text 'suser' is set on object 'Object Repository/1. Constant/xpath'

2022-06-23 18:10:50 - [MESSAGE][PASSED] - Delayed 1 second(s)

2022-06-23 18:10:51 - [MESSAGE][PASSED] - Text 'dchi2' is set on object 'Object Repository/1. Constant/xpath'

2022-06-23 18:10:52 - [MESSAGE][PASSED] - Delayed 1 second(s)

2022-06-23 18:11:07 - [MESSAGE][PASSED] - Object: 'Object Repository/1. Constant/xpath' is clicked on

2022-06-23 18:11:07 - [TEST_STEP][PASSED] - takeScreenshot(): Taking screenshot successfully

2022-06-23 18:11:08 - [MESSAGE][PASSED] - Taking screenshot successfully
[[ATTACHMENT|D:\\Projet Test Auto\\Mediabox Test Automation\\Reports\\20220623_180756\\03. Parallel Testing (Testing)\\TS -PT PART 3\\05. Tag Starpack Mediabase_Control Tag Project Add Approver\\20220623_180758\\1656000667954.png]]

2022-06-23 18:11:08 - [TEST_STEP][PASSED] - click(findTestObject("Object Repository/Starpack Mediabase/Starpack Mediabase id_menu_medibase_tab_1a")): Object: 'Object Repository/Starpack Mediabase/Starpack Mediabase id_menu_medibase_tab_1a' is clicked on

2022-06-23 18:11:18 - [MESSAGE][PASSED] - Object: 'Object Repository/Starpack Mediabase/Starpack Mediabase id_menu_medibase_tab_1a' is clicked on

2022-06-23 18:11:18 - [TEST_STEP][PASSED] - takeScreenshot(): Taking screenshot successfully

2022-06-23 18:11:19 - [MESSAGE][PASSED] - Taking screenshot successfully
[[ATTACHMENT|D:\\Projet Test Auto\\Mediabox Test Automation\\Reports\\20220623_180756\\03. Parallel Testing (Testing)\\TS -PT PART 3\\05. Tag Starpack Mediabase_Control Tag Project Add Approver\\20220623_180758\\1656000679160.png]]

2022-06-23 18:11:19 - [TEST_STEP][PASSED] - click(findTestObject("1. Constant/xpath", ["xpath":"//*[@id="mediabase-panel-cards"]/div/div[1]/div/div[1]/div/a"])): Object: 'Object Repository/1. Constant/xpath' is clicked on

2022-06-23 18:11:22 - [MESSAGE][PASSED] - Object: 'Object Repository/1. Constant/xpath' is clicked on

2022-06-23 18:11:22 - [TEST_STEP][PASSED] - takeScreenshot(): Taking screenshot successfully

2022-06-23 18:11:23 - [MESSAGE][PASSED] - Taking screenshot successfully
[[ATTACHMENT|D:\\Projet Test Auto\\Mediabox Test Automation\\Reports\\20220623_180756\\03. Parallel Testing (Testing)\\TS -PT PART 3\\05. Tag Starpack Mediabase_Control Tag Project Add Approver\\20220623_180758\\1656000682806.png]]

2022-06-23 18:11:23 - [TEST_STEP][PASSED] - value_title1 = getText(findTestObject("1. Constant/xpath", ["xpath":"/html/body/div/div[4]/div[3]/div[3]/div[2]/div/div/div[1]/div[1]/div/div[2]/div/div[1]/div/div[2]/h3/label"])): Text of object 'Object Repository/1. Constant/xpath' is: 'MILK_PORTUGAL.pdf'

2022-06-23 18:11:23 - [MESSAGE][PASSED] - Text of object 'Object Repository/1. Constant/xpath' is: 'MILK_PORTUGAL.pdf'

2022-06-23 18:11:23 - [TEST_STEP][PASSED] - I.print("value for the doc - " + value_title1): null

2022-06-23 18:11:23 - [TEST_STEP][PASSED] - value_selection_no1 = getText(findTestObject("1. Constant/xpath", ["xpath":"//*[@id="mediabase-basket"]/div[1]/div[1]/h1"])): Text of object 'Object Repository/1. Constant/xpath' is: 'Selection (0)'

2022-06-23 18:11:23 - [MESSAGE][PASSED] - Text of object 'Object Repository/1. Constant/xpath' is: 'Selection (0)'

2022-06-23 18:11:23 - [TEST_STEP][PASSED] - I.print("Value for selection no:" + value_selection_no1): null

2022-06-23 18:11:23 - [TEST_STEP][PASSED] - expected_selected1 = "Selection (0)": null

2022-06-23 18:11:23 - [TEST_STEP][PASSED] - verifyEqual(value_selection_no1, expected_selected1): Actual object 'Selection (0)' and expected object 'Selection (0)' are equal

2022-06-23 18:11:24 - [MESSAGE][PASSED] - Actual object 'Selection (0)' and expected object 'Selection (0)' are equal

2022-06-23 18:11:24 - [TEST_STEP][PASSED] - mouseOver(findTestObject("1. Constant/xpath", ["xpath":"/html/body/div/div[4]/div[3]/div[3]/div[2]/div/div/div[1]/div[1]/div/div[2]/div/div[1]/div/div[1]"])): Object: 'Object Repository/1. Constant/xpath' is hovered

2022-06-23 18:11:24 - [MESSAGE][PASSED] - Object: 'Object Repository/1. Constant/xpath' is hovered

2022-06-23 18:11:24 - [TEST_STEP][PASSED] - takeScreenshot(): Taking screenshot successfully

2022-06-23 18:11:25 - [MESSAGE][PASSED] - Taking screenshot successfully
[[ATTACHMENT|D:\\Projet Test Auto\\Mediabox Test Automation\\Reports\\20220623_180756\\03. Parallel Testing (Testing)\\TS -PT PART 3\\05. Tag Starpack Mediabase_Control Tag Project Add Approver\\20220623_180758\\1656000684943.png]]

2022-06-23 18:11:25 - [TEST_STEP][PASSED] - mouseOver(findTestObject("1. Constant/xpath", ["xpath":"/html/body/div[1]/div[4]/div[3]/div[3]/div[2]/div/div/div[1]/div[1]/div/div[2]/div/div[1]/div/div[1]/div[2]/div/a[1]"])): Object: 'Object Repository/1. Constant/xpath' is hovered

2022-06-23 18:11:25 - [MESSAGE][PASSED] - Object: 'Object Repository/1. Constant/xpath' is hovered

2022-06-23 18:11:25 - [TEST_STEP][PASSED] - takeScreenshot(): Taking screenshot successfully

2022-06-23 18:11:26 - [MESSAGE][PASSED] - Taking screenshot successfully
[[ATTACHMENT|D:\\Projet Test Auto\\Mediabox Test Automation\\Reports\\20220623_180756\\03. Parallel Testing (Testing)\\TS -PT PART 3\\05. Tag Starpack Mediabase_Control Tag Project Add Approver\\20220623_180758\\1656000686367.png]]

2022-06-23 18:11:26 - [TEST_STEP][PASSED] - value1 = getText(findTestObject("1. Constant/xpath", ["xpath":"/html/body/div[2]/div[2]"])): Text of object 'Object Repository/1. Constant/xpath' is: 'Select'

2022-06-23 18:11:27 - [MESSAGE][PASSED] - Text of object 'Object Repository/1. Constant/xpath' is: 'Select'

2022-06-23 18:11:27 - [TEST_STEP][PASSED] - verifyEqual(value1, "Select"): Actual object 'Select' and expected object 'Select' are equal

2022-06-23 18:11:27 - [MESSAGE][PASSED] - Actual object 'Select' and expected object 'Select' are equal

2022-06-23 18:11:27 - [TEST_STEP][PASSED] - verifyElementClickable(findTestObject("1. Constant/xpath", ["xpath":"/html/body/div[2]/div[2]"])): Object 'Object Repository/1. Constant/xpath' is clickable

2022-06-23 18:11:27 - [MESSAGE][PASSED] - Object 'Object Repository/1. Constant/xpath' is clickable

2022-06-23 18:11:27 - [TEST_STEP][PASSED] - click(findTestObject("1. Constant/xpath", ["xpath":"/html/body/div[1]/div[4]/div[3]/div[3]/div[2]/div/div/div[1]/div[1]/div/div[2]/div/div[1]/div/div[1]/div[2]/div/a[1]"])): Object: 'Object Repository/1. Constant/xpath' is clicked on

2022-06-23 18:11:28 - [MESSAGE][PASSED] - Object: 'Object Repository/1. Constant/xpath' is clicked on

2022-06-23 18:11:28 - [TEST_STEP][PASSED] - value_toastr = getText(findTestObject("1. Constant/xpath", ["xpath":"//*[@id="toast-container"]/div/div[2]"])): Text of object 'Object Repository/1. Constant/xpath' is: 'Media added: MILK_PORTUGAL.pdf'

2022-06-23 18:11:30 - [MESSAGE][PASSED] - Text of object 'Object Repository/1. Constant/xpath' is: 'Media added: MILK_PORTUGAL.pdf'

2022-06-23 18:11:30 - [TEST_STEP][PASSED] - value2_Expectedtoastr = "Media added: " + value_title1: null

2022-06-23 18:11:30 - [TEST_STEP][PASSED] - takeScreenshot(): Taking screenshot successfully

2022-06-23 18:11:30 - [MESSAGE][PASSED] - Taking screenshot successfully
[[ATTACHMENT|D:\\Projet Test Auto\\Mediabox Test Automation\\Reports\\20220623_180756\\03. Parallel Testing (Testing)\\TS -PT PART 3\\05. Tag Starpack Mediabase_Control Tag Project Add Approver\\20220623_180758\\1656000690481.png]]

2022-06-23 18:11:30 - [TEST_STEP][PASSED] - verifyMatch(value_toastr, value2_Expectedtoastr, false): Actual text 'Media added: MILK_PORTUGAL.pdf' and expected text 'Media added: MILK_PORTUGAL.pdf' are matched 

2022-06-23 18:11:30 - [MESSAGE][PASSED] - Actual text 'Media added: MILK_PORTUGAL.pdf' and expected text 'Media added: MILK_PORTUGAL.pdf' are matched 

2022-06-23 18:11:30 - [TEST_STEP][PASSED] - value_selection_no = getText(findTestObject("1. Constant/xpath", ["xpath":"//*[@id="mediabase-basket"]/div[1]/div[1]/h1"])): Text of object 'Object Repository/1. Constant/xpath' is: 'Selection (1)'

2022-06-23 18:11:31 - [MESSAGE][PASSED] - Text of object 'Object Repository/1. Constant/xpath' is: 'Selection (1)'

2022-06-23 18:11:31 - [TEST_STEP][PASSED] - expected_selected = "Selection (1)": null

2022-06-23 18:11:31 - [TEST_STEP][PASSED] - verifyEqual(value_selection_no, expected_selected): Actual object 'Selection (1)' and expected object 'Selection (1)' are equal

2022-06-23 18:11:31 - [MESSAGE][PASSED] - Actual object 'Selection (1)' and expected object 'Selection (1)' are equal

2022-06-23 18:11:31 - [TEST_STEP][PASSED] - verifyElementVisible(findTestObject("1. Constant/xpath", ["xpath":"//*[@id="basket_content_right"]/div/label"])): Object 'Object Repository/1. Constant/xpath' is visible

2022-06-23 18:11:32 - [MESSAGE][PASSED] - Object 'Object Repository/1. Constant/xpath' is visible

2022-06-23 18:11:32 - [TEST_STEP][PASSED] - verifyOptionNotPresentByLabel(findTestObject("1. Constant/xpath", ["xpath":"//*[@id="id_mediabasket"]"]), "No selection", false, 10): null

2022-06-23 18:11:33 - [TEST_STEP][PASSED] - takeScreenshot(): Taking screenshot successfully

2022-06-23 18:11:34 - [MESSAGE][PASSED] - Taking screenshot successfully
[[ATTACHMENT|D:\\Projet Test Auto\\Mediabox Test Automation\\Reports\\20220623_180756\\03. Parallel Testing (Testing)\\TS -PT PART 3\\05. Tag Starpack Mediabase_Control Tag Project Add Approver\\20220623_180758\\1656000694017.png]]

2022-06-23 18:11:34 - [TEST_STEP][PASSED] - verifyElementNotClickable(findTestObject("1. Constant/xpath", ["xpath":"//*[@id="addSelectionToBasket"]"])): Object 'Object Repository/1. Constant/xpath' is NOT clickable

2022-06-23 18:11:35 - [MESSAGE][PASSED] - Object 'Object Repository/1. Constant/xpath' is NOT clickable

2022-06-23 18:11:35 - [TEST_STEP][PASSED] - check(findTestObject("1. Constant/xpath", ["xpath":"/html/body/div/div[4]/div[3]/div[3]/div[2]/div/div/div[1]/div[1]/div/div[2]/div/div[2]/div/div[2]/h3/label"])): Object 'Object Repository/1. Constant/xpath' is checked

2022-06-23 18:11:35 - [MESSAGE][PASSED] - Object 'Object Repository/1. Constant/xpath' is checked

2022-06-23 18:11:35 - [TEST_STEP][PASSED] - verifyElementChecked(findTestObject("1. Constant/xpath", ["xpath":"/html/body/div/div[4]/div[3]/div[3]/div[2]/div/div/div[1]/div[1]/div/div[2]/div/div[2]/div/div[2]/h3/label/input"]), 5): Object 'Object Repository/1. Constant/xpath' is checked

2022-06-23 18:11:36 - [MESSAGE][PASSED] - Object 'Object Repository/1. Constant/xpath' is checked

2022-06-23 18:11:36 - [TEST_STEP][PASSED] - takeScreenshot(): Taking screenshot successfully

2022-06-23 18:11:37 - [MESSAGE][PASSED] - Taking screenshot successfully
[[ATTACHMENT|D:\\Projet Test Auto\\Mediabox Test Automation\\Reports\\20220623_180756\\03. Parallel Testing (Testing)\\TS -PT PART 3\\05. Tag Starpack Mediabase_Control Tag Project Add Approver\\20220623_180758\\1656000697124.png]]

2022-06-23 18:11:37 - [TEST_STEP][PASSED] - click(findTestObject("1. Constant/xpath", ["xpath":"/html/body/div/div[4]/div[3]/div[3]/div[2]/div/div/div[1]/div[1]/div/div[2]/div/div[2]/div/div[2]/h3/label"])): Object: 'Object Repository/1. Constant/xpath' is clicked on

2022-06-23 18:11:38 - [MESSAGE][PASSED] - Object: 'Object Repository/1. Constant/xpath' is clicked on

2022-06-23 18:11:38 - [TEST_STEP][PASSED] - verifyElementNotChecked(findTestObject("1. Constant/xpath", ["xpath":"/html/body/div/div[4]/div[3]/div[3]/div[2]/div/div/div[1]/div[1]/div/div[2]/div/div[2]/div/div[2]/h3/label/input"]), 5): Object 'Object Repository/1. Constant/xpath' is not checked

2022-06-23 18:11:39 - [MESSAGE][PASSED] - Object 'Object Repository/1. Constant/xpath' is not checked

2022-06-23 18:11:39 - [TEST_STEP][PASSED] - takeScreenshot(): Taking screenshot successfully

2022-06-23 18:11:40 - [MESSAGE][PASSED] - Taking screenshot successfully
[[ATTACHMENT|D:\\Projet Test Auto\\Mediabox Test Automation\\Reports\\20220623_180756\\03. Parallel Testing (Testing)\\TS -PT PART 3\\05. Tag Starpack Mediabase_Control Tag Project Add Approver\\20220623_180758\\1656000700096.png]]

2022-06-23 18:11:40 - [TEST_STEP][PASSED] - check(findTestObject("1. Constant/xpath", ["xpath":"/html/body/div/div[4]/div[3]/div[3]/div[2]/div/div/div[1]/div[1]/div/div[2]/div/div[2]/div/div[2]/h3/label"])): Object 'Object Repository/1. Constant/xpath' is checked

2022-06-23 18:11:41 - [MESSAGE][PASSED] - Object 'Object Repository/1. Constant/xpath' is checked

2022-06-23 18:11:41 - [TEST_STEP][PASSED] - check(findTestObject("1. Constant/xpath", ["xpath":"/html/body/div/div[4]/div[3]/div[3]/div[2]/div/div/div[1]/div[1]/div/div[2]/div/div[3]/div/div[2]/h3/label"])): Object 'Object Repository/1. Constant/xpath' is checked

2022-06-23 18:11:42 - [MESSAGE][PASSED] - Object 'Object Repository/1. Constant/xpath' is checked

2022-06-23 18:11:42 - [TEST_STEP][PASSED] - delay(5): Delayed 5 second(s)

2022-06-23 18:11:47 - [MESSAGE][PASSED] - Delayed 5 second(s)

2022-06-23 18:11:47 - [TEST_STEP][PASSED] - verifyElementAttributeValue(findTestObject("1. Constant/xpath", ["xpath":"/html/body/div/div[4]/div[3]/div[3]/div[2]/div/div/div[1]/div[1]/div/div[2]/div/div[2]/div"]), "class", "card card-custom overlay card-mediabase checked", 20): Object 'Object Repository/1. Constant/xpath' has attribute 'class' with value 'card card-custom overlay card-mediabase checked'

2022-06-23 18:11:47 - [MESSAGE][PASSED] - Object 'Object Repository/1. Constant/xpath' has attribute 'class' with value 'card card-custom overlay card-mediabase checked'

2022-06-23 18:11:47 - [TEST_STEP][PASSED] - verifyElementAttributeValue(findTestObject("1. Constant/xpath", ["xpath":"/html/body/div/div[4]/div[3]/div[3]/div[2]/div/div/div[1]/div[1]/div/div[2]/div/div[3]/div"]), "class", "card card-custom overlay card-mediabase checked", 20): Object 'Object Repository/1. Constant/xpath' has attribute 'class' with value 'card card-custom overlay card-mediabase checked'

2022-06-23 18:11:48 - [MESSAGE][PASSED] - Object 'Object Repository/1. Constant/xpath' has attribute 'class' with value 'card card-custom overlay card-mediabase checked'

2022-06-23 18:11:48 - [TEST_STEP][PASSED] - verifyElementClickable(findTestObject("1. Constant/xpath", ["xpath":"//*[@id="addSelectionToBasket"]"])): Object 'Object Repository/1. Constant/xpath' is clickable

2022-06-23 18:11:48 - [MESSAGE][PASSED] - Object 'Object Repository/1. Constant/xpath' is clickable

2022-06-23 18:11:48 - [TEST_STEP][PASSED] - takeScreenshot(): Taking screenshot successfully

2022-06-23 18:11:49 - [MESSAGE][PASSED] - Taking screenshot successfully
[[ATTACHMENT|D:\\Projet Test Auto\\Mediabox Test Automation\\Reports\\20220623_180756\\03. Parallel Testing (Testing)\\TS -PT PART 3\\05. Tag Starpack Mediabase_Control Tag Project Add Approver\\20220623_180758\\1656000708981.png]]

2022-06-23 18:11:49 - [TEST_STEP][PASSED] - mouseOver(findTestObject("1. Constant/xpath", ["xpath":"//*[@id="addSelectionToBasket"]"])): Object: 'Object Repository/1. Constant/xpath' is hovered

2022-06-23 18:11:49 - [MESSAGE][PASSED] - Object: 'Object Repository/1. Constant/xpath' is hovered

2022-06-23 18:11:49 - [TEST_STEP][PASSED] - takeScreenshot(): Taking screenshot successfully

2022-06-23 18:11:50 - [MESSAGE][PASSED] - Taking screenshot successfully
[[ATTACHMENT|D:\\Projet Test Auto\\Mediabox Test Automation\\Reports\\20220623_180756\\03. Parallel Testing (Testing)\\TS -PT PART 3\\05. Tag Starpack Mediabase_Control Tag Project Add Approver\\20220623_180758\\1656000710178.png]]

2022-06-23 18:11:50 - [TEST_STEP][PASSED] - tooltip_addtoselection = getText(findTestObject("1. Constant/xpath", ["xpath":"/html/body/div[2]/div[2]"])): Text of object 'Object Repository/1. Constant/xpath' is: 'Add to selection'

2022-06-23 18:11:51 - [MESSAGE][PASSED] - Text of object 'Object Repository/1. Constant/xpath' is: 'Add to selection'

2022-06-23 18:11:51 - [TEST_STEP][PASSED] - verifyEqual(tooltip_addtoselection, "Add to selection"): Actual object 'Add to selection' and expected object 'Add to selection' are equal

2022-06-23 18:11:51 - [MESSAGE][PASSED] - Actual object 'Add to selection' and expected object 'Add to selection' are equal

2022-06-23 18:11:51 - [TEST_STEP][PASSED] - click(findTestObject("1. Constant/xpath", ["xpath":"//*[@id="addSelectionToBasket"]"])): Object: 'Object Repository/1. Constant/xpath' is clicked on

2022-06-23 18:11:53 - [MESSAGE][PASSED] - Object: 'Object Repository/1. Constant/xpath' is clicked on

2022-06-23 18:11:53 - [TEST_STEP][PASSED] - ToastrSucess1 = getText(findTestObject("1. Constant/xpath", ["xpath":"//*[@id="toast-container"]/div/div[2]"])): Text of object 'Object Repository/1. Constant/xpath' is: 'Selected media added'

2022-06-23 18:11:54 - [MESSAGE][PASSED] - Text of object 'Object Repository/1. Constant/xpath' is: 'Selected media added'

2022-06-23 18:11:54 - [TEST_STEP][PASSED] - takeScreenshot(): Taking screenshot successfully

2022-06-23 18:11:55 - [MESSAGE][PASSED] - Taking screenshot successfully
[[ATTACHMENT|D:\\Projet Test Auto\\Mediabox Test Automation\\Reports\\20220623_180756\\03. Parallel Testing (Testing)\\TS -PT PART 3\\05. Tag Starpack Mediabase_Control Tag Project Add Approver\\20220623_180758\\1656000714726.png]]

2022-06-23 18:11:55 - [TEST_STEP][PASSED] - verifyEqual(ToastrSucess1, "Selected media added"): Actual object 'Selected media added' and expected object 'Selected media added' are equal

2022-06-23 18:11:55 - [MESSAGE][PASSED] - Actual object 'Selected media added' and expected object 'Selected media added' are equal

2022-06-23 18:11:55 - [TEST_STEP][PASSED] - value_selection_no3 = getText(findTestObject("1. Constant/xpath", ["xpath":"//*[@id="mediabase-basket"]/div[1]/div[1]/h1"])): Text of object 'Object Repository/1. Constant/xpath' is: 'Selection (3)'

2022-06-23 18:11:56 - [MESSAGE][PASSED] - Text of object 'Object Repository/1. Constant/xpath' is: 'Selection (3)'

2022-06-23 18:11:56 - [TEST_STEP][PASSED] - I.print("Value for selection no:" + value_selection_no3): null

2022-06-23 18:11:56 - [TEST_STEP][PASSED] - expected_selected3 = "Selection (3)": null

2022-06-23 18:11:56 - [TEST_STEP][PASSED] - verifyEqual(value_selection_no3, expected_selected3): Actual object 'Selection (3)' and expected object 'Selection (3)' are equal

2022-06-23 18:11:56 - [MESSAGE][PASSED] - Actual object 'Selection (3)' and expected object 'Selection (3)' are equal

2022-06-23 18:11:56 - [TEST_STEP][PASSED] - verifyElementAttributeValue(findTestObject("1. Constant/xpath", ["xpath":"/html/body/div/div[4]/div[3]/div[3]/div[2]/div/div/div[1]/div[1]/div/div[2]/div/div[2]/div"]), "class", "card card-custom overlay card-mediabase", 20): Object 'Object Repository/1. Constant/xpath' has attribute 'class' with value 'card card-custom overlay card-mediabase'

2022-06-23 18:11:56 - [MESSAGE][PASSED] - Object 'Object Repository/1. Constant/xpath' has attribute 'class' with value 'card card-custom overlay card-mediabase'

2022-06-23 18:11:56 - [TEST_STEP][PASSED] - verifyElementAttributeValue(findTestObject("1. Constant/xpath", ["xpath":"/html/body/div/div[4]/div[3]/div[3]/div[2]/div/div/div[1]/div[1]/div/div[2]/div/div[3]/div"]), "class", "card card-custom overlay card-mediabase", 20): Object 'Object Repository/1. Constant/xpath' has attribute 'class' with value 'card card-custom overlay card-mediabase'

2022-06-23 18:11:57 - [MESSAGE][PASSED] - Object 'Object Repository/1. Constant/xpath' has attribute 'class' with value 'card card-custom overlay card-mediabase'

2022-06-23 18:11:57 - [TEST_STEP][PASSED] - click(findTestObject("1. Constant/xpath", ["xpath":"//*[@id="mediabase-basket"]/div[1]/div[2]/button"])): Object: 'Object Repository/1. Constant/xpath' is clicked on

2022-06-23 18:11:59 - [MESSAGE][PASSED] - Object: 'Object Repository/1. Constant/xpath' is clicked on

2022-06-23 18:11:59 - [TEST_STEP][PASSED] - takeScreenshot(): Taking screenshot successfully

2022-06-23 18:11:59 - [MESSAGE][PASSED] - Taking screenshot successfully
[[ATTACHMENT|D:\\Projet Test Auto\\Mediabox Test Automation\\Reports\\20220623_180756\\03. Parallel Testing (Testing)\\TS -PT PART 3\\05. Tag Starpack Mediabase_Control Tag Project Add Approver\\20220623_180758\\1656000719341.png]]

2022-06-23 18:11:59 - [TEST_STEP][PASSED] - click(findTestObject("1. Constant/xpath", ["xpath":"//*[@id="basket_content_right"]/div/div[2]/a[1]"])): Object: 'Object Repository/1. Constant/xpath' is clicked on

2022-06-23 18:12:00 - [MESSAGE][PASSED] - Object: 'Object Repository/1. Constant/xpath' is clicked on

2022-06-23 18:12:00 - [TEST_STEP][PASSED] - delay(2): Delayed 2 second(s)

2022-06-23 18:12:02 - [MESSAGE][PASSED] - Delayed 2 second(s)

2022-06-23 18:12:02 - [TEST_STEP][PASSED] - clearText(findTestObject("1. Constant/xpath", ["xpath":"//*[@id="EditPanier"]/div[1]/input"])): Text of object 'Object Repository/1. Constant/xpath' is cleared

2022-06-23 18:12:03 - [MESSAGE][PASSED] - Text of object 'Object Repository/1. Constant/xpath' is cleared

2022-06-23 18:12:03 - [TEST_STEP][PASSED] - setText(findTestObject("1. Constant/xpath", ["xpath":"//*[@id="EditPanier"]/div[1]/input"]), "Edit Selection name"): Text 'Edit Selection name' is set on object 'Object Repository/1. Constant/xpath'

2022-06-23 18:12:04 - [MESSAGE][PASSED] - Text 'Edit Selection name' is set on object 'Object Repository/1. Constant/xpath'

2022-06-23 18:12:04 - [TEST_STEP][PASSED] - setText(findTestObject("1. Constant/xpath", ["xpath":"//*[@id="EditPanier"]/div[2]/textarea"]), "Comment on this text area"): Text 'Comment on this text area' is set on object 'Object Repository/1. Constant/xpath'

2022-06-23 18:12:05 - [MESSAGE][PASSED] - Text 'Comment on this text area' is set on object 'Object Repository/1. Constant/xpath'

2022-06-23 18:12:05 - [TEST_STEP][PASSED] - takeScreenshot(): Taking screenshot successfully

2022-06-23 18:12:05 - [MESSAGE][PASSED] - Taking screenshot successfully
[[ATTACHMENT|D:\\Projet Test Auto\\Mediabox Test Automation\\Reports\\20220623_180756\\03. Parallel Testing (Testing)\\TS -PT PART 3\\05. Tag Starpack Mediabase_Control Tag Project Add Approver\\20220623_180758\\1656000725272.png]]

2022-06-23 18:12:05 - [TEST_STEP][PASSED] - delay(1): Delayed 1 second(s)

2022-06-23 18:12:06 - [MESSAGE][PASSED] - Delayed 1 second(s)

2022-06-23 18:12:06 - [TEST_STEP][PASSED] - I.click_button_javascript(findTestObject("1. Constant/xpath", ["xpath":"//*[@id="DivEditPanier"]/div/div/div[3]/button[2]"])): Execute JavaScript 'arguments[0].click()' successfully

2022-06-23 18:12:08 - [MESSAGE][PASSED] - Execute JavaScript 'arguments[0].click()' successfully

2022-06-23 18:12:08 - [TEST_STEP][PASSED] - Sucessmsg = getText(findTestObject("1. Constant/xpath", ["xpath":"//*[@id="toast-container"]/div/div[2]"])): Text of object 'Object Repository/1. Constant/xpath' is: 'The basket Edit Selection name has successfully been updated !'

2022-06-23 18:12:08 - [MESSAGE][PASSED] - Text of object 'Object Repository/1. Constant/xpath' is: 'The basket Edit Selection name has successfully been updated !'

2022-06-23 18:12:08 - [TEST_STEP][PASSED] - takeScreenshot(): Taking screenshot successfully

2022-06-23 18:12:09 - [MESSAGE][PASSED] - Taking screenshot successfully
[[ATTACHMENT|D:\\Projet Test Auto\\Mediabox Test Automation\\Reports\\20220623_180756\\03. Parallel Testing (Testing)\\TS -PT PART 3\\05. Tag Starpack Mediabase_Control Tag Project Add Approver\\20220623_180758\\1656000729062.png]]

2022-06-23 18:12:09 - [TEST_STEP][PASSED] - verifyEqual(Sucessmsg, "The basket Edit Selection name has successfully been updated !"): Actual object 'The basket Edit Selection name has successfully been updated !' and expected object 'The basket Edit Selection name has successfully been updated !' are equal

2022-06-23 18:12:09 - [MESSAGE][PASSED] - Actual object 'The basket Edit Selection name has successfully been updated !' and expected object 'The basket Edit Selection name has successfully been updated !' are equal

2022-06-23 18:12:09 - [TEST_STEP][PASSED] - click(findTestObject("1. Constant/xpath", ["xpath":"//*[@id="toast-container"]/div/button"])): Object: 'Object Repository/1. Constant/xpath' is clicked on

2022-06-23 18:12:09 - [MESSAGE][PASSED] - Object: 'Object Repository/1. Constant/xpath' is clicked on

2022-06-23 18:12:09 - [TEST_STEP][PASSED] - click(findTestObject("1. Constant/xpath", ["xpath":"//*[@id="mediabase-basket"]/div[1]/div[2]/button"])): Object: 'Object Repository/1. Constant/xpath' is clicked on

2022-06-23 18:12:10 - [MESSAGE][PASSED] - Object: 'Object Repository/1. Constant/xpath' is clicked on

2022-06-23 18:12:10 - [TEST_STEP][PASSED] - takeScreenshot(): Taking screenshot successfully

2022-06-23 18:12:11 - [MESSAGE][PASSED] - Taking screenshot successfully
[[ATTACHMENT|D:\\Projet Test Auto\\Mediabox Test Automation\\Reports\\20220623_180756\\03. Parallel Testing (Testing)\\TS -PT PART 3\\05. Tag Starpack Mediabase_Control Tag Project Add Approver\\20220623_180758\\1656000730793.png]]

2022-06-23 18:12:11 - [TEST_STEP][PASSED] - verifyOptionSelectedByLabel(findTestObject("1. Constant/xpath", ["xpath":"/html/body/div/div[4]/div[6]/div[6]/div[2]/div/div/div/div[2]/div/div[1]/form/div/select"]), "Edit Selection name", false, 20): All options with label 'Edit Selection name' are selected in object 'Object Repository/1. Constant/xpath' 

2022-06-23 18:12:12 - [MESSAGE][PASSED] - All options with label 'Edit Selection name' are selected in object 'Object Repository/1. Constant/xpath' 

2022-06-23 18:12:12 - [TEST_STEP][PASSED] - click(findTestObject("1. Constant/xpath", ["xpath":"//*[@id="basket_content_right"]/div/div[2]/a[2]"])): Object: 'Object Repository/1. Constant/xpath' is clicked on

2022-06-23 18:12:13 - [MESSAGE][PASSED] - Object: 'Object Repository/1. Constant/xpath' is clicked on

2022-06-23 18:12:13 - [TEST_STEP][PASSED] - takeScreenshot(): Taking screenshot successfully

2022-06-23 18:12:14 - [MESSAGE][PASSED] - Taking screenshot successfully
[[ATTACHMENT|D:\\Projet Test Auto\\Mediabox Test Automation\\Reports\\20220623_180756\\03. Parallel Testing (Testing)\\TS -PT PART 3\\05. Tag Starpack Mediabase_Control Tag Project Add Approver\\20220623_180758\\1656000733894.png]]

2022-06-23 18:12:14 - [TEST_STEP][PASSED] - click(findTestObject("1. Constant/xpath", ["xpath":"//*[@id="DivSupprimerPanier"]/div/div/div[3]/button[2]"])): Object: 'Object Repository/1. Constant/xpath' is clicked on

2022-06-23 18:12:15 - [MESSAGE][PASSED] - Object: 'Object Repository/1. Constant/xpath' is clicked on

2022-06-23 18:12:15 - [TEST_STEP][PASSED] - value_selection_no00 = getText(findTestObject("1. Constant/xpath", ["xpath":"//*[@id="mediabase-basket"]/div[1]/div[1]/h1"])): Text of object 'Object Repository/1. Constant/xpath' is: 'Selection (0)'

2022-06-23 18:12:16 - [MESSAGE][PASSED] - Text of object 'Object Repository/1. Constant/xpath' is: 'Selection (0)'

2022-06-23 18:12:16 - [TEST_STEP][PASSED] - takeScreenshot(): Taking screenshot successfully

2022-06-23 18:12:16 - [MESSAGE][PASSED] - Taking screenshot successfully
[[ATTACHMENT|D:\\Projet Test Auto\\Mediabox Test Automation\\Reports\\20220623_180756\\03. Parallel Testing (Testing)\\TS -PT PART 3\\05. Tag Starpack Mediabase_Control Tag Project Add Approver\\20220623_180758\\1656000736505.png]]

2022-06-23 18:12:16 - [TEST_STEP][PASSED] - expected_selected00 = "Selection (0)": null

2022-06-23 18:12:16 - [TEST_STEP][PASSED] - verifyEqual(value_selection_no00, expected_selected00): Actual object 'Selection (0)' and expected object 'Selection (0)' are equal

2022-06-23 18:12:16 - [MESSAGE][PASSED] - Actual object 'Selection (0)' and expected object 'Selection (0)' are equal

2022-06-23 18:12:16 - [TEST_STEP][PASSED] - value_selection_noAll = getText(findTestObject("1. Constant/xpath", ["xpath":" //*[@id="kt_content"]/div[3]/div[1]/div[1]/h1/span"])): Text of object 'Object Repository/1. Constant/xpath' is: '3'

2022-06-23 18:12:17 - [MESSAGE][PASSED] - Text of object 'Object Repository/1. Constant/xpath' is: '3'

2022-06-23 18:12:17 - [TEST_STEP][PASSED] - Int_SelectAll = value_selection_noAll.toInteger(): null

2022-06-23 18:12:17 - [TEST_STEP][PASSED] - I.print("Section All: " + Int_SelectAll): null

2022-06-23 18:12:17 - [TEST_STEP][PASSED] - click(findTestObject("1. Constant/xpath", ["xpath":"//*[@id="allRefs"]"])): Object: 'Object Repository/1. Constant/xpath' is clicked on

2022-06-23 18:12:18 - [MESSAGE][PASSED] - Object: 'Object Repository/1. Constant/xpath' is clicked on

2022-06-23 18:12:18 - [TEST_STEP][PASSED] - delay(2): Delayed 2 second(s)

2022-06-23 18:12:20 - [MESSAGE][PASSED] - Delayed 2 second(s)

2022-06-23 18:12:20 - [TEST_STEP][PASSED] - takeScreenshot(): Taking screenshot successfully

2022-06-23 18:12:20 - [MESSAGE][PASSED] - Taking screenshot successfully
[[ATTACHMENT|D:\\Projet Test Auto\\Mediabox Test Automation\\Reports\\20220623_180756\\03. Parallel Testing (Testing)\\TS -PT PART 3\\05. Tag Starpack Mediabase_Control Tag Project Add Approver\\20220623_180758\\1656000740479.png]]

2022-06-23 18:12:20 - [TEST_STEP][PASSED] - for ([i = 1, i <= Int_SelectAll, (i++)]): Object 'Object Repository/Starpack Mediabase/Starpack Mediabase checkbox' is checked

2022-06-23 18:12:20 - [TEST_STEP][PASSED] - I.VerifyCheckboxChecked("checkbox 1", findTestObject("Object Repository/Starpack Mediabase/Starpack Mediabase checkbox", ["No":i])): Object 'Object Repository/Starpack Mediabase/Starpack Mediabase checkbox' is checked

2022-06-23 18:12:21 - [MESSAGE][PASSED] - Object 'Object Repository/Starpack Mediabase/Starpack Mediabase checkbox' is checked

2022-06-23 18:12:21 - [TEST_STEP][PASSED] - I.VerifyCheckboxChecked("checkbox 1", findTestObject("Object Repository/Starpack Mediabase/Starpack Mediabase checkbox", ["No":i])): Object 'Object Repository/Starpack Mediabase/Starpack Mediabase checkbox' is checked

2022-06-23 18:12:21 - [MESSAGE][PASSED] - Object 'Object Repository/Starpack Mediabase/Starpack Mediabase checkbox' is checked

2022-06-23 18:12:21 - [TEST_STEP][PASSED] - I.VerifyCheckboxChecked("checkbox 1", findTestObject("Object Repository/Starpack Mediabase/Starpack Mediabase checkbox", ["No":i])): Object 'Object Repository/Starpack Mediabase/Starpack Mediabase checkbox' is checked

2022-06-23 18:12:22 - [MESSAGE][PASSED] - Object 'Object Repository/Starpack Mediabase/Starpack Mediabase checkbox' is checked

2022-06-23 18:12:22 - [TEST_STEP][PASSED] - click(findTestObject("1. Constant/xpath", ["xpath":"//*[@id="allRefs"]"])): Object: 'Object Repository/1. Constant/xpath' is clicked on

2022-06-23 18:12:22 - [MESSAGE][PASSED] - Object: 'Object Repository/1. Constant/xpath' is clicked on

2022-06-23 18:12:22 - [TEST_STEP][PASSED] - for ([i = 1, i <= Int_SelectAll, (i++)]): Object 'Object Repository/1. Constant/xpath' has attribute 'class' with value 'card card-custom overlay card-mediabase'

2022-06-23 18:12:22 - [TEST_STEP][PASSED] - verifyElementAttributeValue(findTestObject("1. Constant/xpath", ["xpath":"/html/body/div[1]/div[4]/div[3]/div[3]/div[2]/div/div/div[1]/div[1]/div/div[2]/div/div[" + i + "]/div"]), "class", "card card-custom overlay card-mediabase", 20): Object 'Object Repository/1. Constant/xpath' has attribute 'class' with value 'card card-custom overlay card-mediabase'

2022-06-23 18:12:23 - [MESSAGE][PASSED] - Object 'Object Repository/1. Constant/xpath' has attribute 'class' with value 'card card-custom overlay card-mediabase'

2022-06-23 18:12:23 - [TEST_STEP][PASSED] - verifyElementAttributeValue(findTestObject("1. Constant/xpath", ["xpath":"/html/body/div[1]/div[4]/div[3]/div[3]/div[2]/div/div/div[1]/div[1]/div/div[2]/div/div[" + i + "]/div"]), "class", "card card-custom overlay card-mediabase", 20): Object 'Object Repository/1. Constant/xpath' has attribute 'class' with value 'card card-custom overlay card-mediabase'

2022-06-23 18:12:23 - [MESSAGE][PASSED] - Object 'Object Repository/1. Constant/xpath' has attribute 'class' with value 'card card-custom overlay card-mediabase'

2022-06-23 18:12:23 - [TEST_STEP][PASSED] - verifyElementAttributeValue(findTestObject("1. Constant/xpath", ["xpath":"/html/body/div[1]/div[4]/div[3]/div[3]/div[2]/div/div/div[1]/div[1]/div/div[2]/div/div[" + i + "]/div"]), "class", "card card-custom overlay card-mediabase", 20): Object 'Object Repository/1. Constant/xpath' has attribute 'class' with value 'card card-custom overlay card-mediabase'

2022-06-23 18:12:24 - [MESSAGE][PASSED] - Object 'Object Repository/1. Constant/xpath' has attribute 'class' with value 'card card-custom overlay card-mediabase'

2022-06-23 18:12:24 - [TEST_STEP][PASSED] - takeScreenshot(): Taking screenshot successfully

2022-06-23 18:12:24 - [MESSAGE][PASSED] - Taking screenshot successfully
[[ATTACHMENT|D:\\Projet Test Auto\\Mediabox Test Automation\\Reports\\20220623_180756\\03. Parallel Testing (Testing)\\TS -PT PART 3\\05. Tag Starpack Mediabase_Control Tag Project Add Approver\\20220623_180758\\1656000744455.png]]

2022-06-23 18:12:24 - [TEST_STEP][PASSED] - click(findTestObject("1. Constant/xpath", ["xpath":"//*[@id="allRefs"]"])): Object: 'Object Repository/1. Constant/xpath' is clicked on

2022-06-23 18:12:25 - [MESSAGE][PASSED] - Object: 'Object Repository/1. Constant/xpath' is clicked on

2022-06-23 18:12:25 - [TEST_STEP][PASSED] - delay(2): Delayed 2 second(s)

2022-06-23 18:12:27 - [MESSAGE][PASSED] - Delayed 2 second(s)

2022-06-23 18:12:27 - [TEST_STEP][PASSED] - click(findTestObject("1. Constant/xpath", ["xpath":"//*[@id="addSelectionToBasket"]"])): Object: 'Object Repository/1. Constant/xpath' is clicked on

2022-06-23 18:12:30 - [MESSAGE][PASSED] - Object: 'Object Repository/1. Constant/xpath' is clicked on

2022-06-23 18:12:30 - [TEST_STEP][PASSED] - delay(2): Delayed 2 second(s)

2022-06-23 18:12:32 - [MESSAGE][PASSED] - Delayed 2 second(s)

2022-06-23 18:12:32 - [TEST_STEP][PASSED] - for ([i = 1, i <= Int_SelectAll, (i++)]): Object 'Object Repository/1. Constant/xpath' has attribute 'class' with value 'card card-custom overlay card-mediabase'

2022-06-23 18:12:32 - [TEST_STEP][PASSED] - verifyElementAttributeValue(findTestObject("1. Constant/xpath", ["xpath":"/html/body/div[1]/div[4]/div[3]/div[3]/div[2]/div/div/div[1]/div[1]/div/div[2]/div/div[" + i + "]/div"]), "class", "card card-custom overlay card-mediabase", 20): Object 'Object Repository/1. Constant/xpath' has attribute 'class' with value 'card card-custom overlay card-mediabase'

2022-06-23 18:12:32 - [MESSAGE][PASSED] - Object 'Object Repository/1. Constant/xpath' has attribute 'class' with value 'card card-custom overlay card-mediabase'

2022-06-23 18:12:32 - [TEST_STEP][PASSED] - verifyElementAttributeValue(findTestObject("1. Constant/xpath", ["xpath":"/html/body/div[1]/div[4]/div[3]/div[3]/div[2]/div/div/div[1]/div[1]/div/div[2]/div/div[" + i + "]/div"]), "class", "card card-custom overlay card-mediabase", 20): Object 'Object Repository/1. Constant/xpath' has attribute 'class' with value 'card card-custom overlay card-mediabase'

2022-06-23 18:12:33 - [MESSAGE][PASSED] - Object 'Object Repository/1. Constant/xpath' has attribute 'class' with value 'card card-custom overlay card-mediabase'

2022-06-23 18:12:33 - [TEST_STEP][PASSED] - verifyElementAttributeValue(findTestObject("1. Constant/xpath", ["xpath":"/html/body/div[1]/div[4]/div[3]/div[3]/div[2]/div/div/div[1]/div[1]/div/div[2]/div/div[" + i + "]/div"]), "class", "card card-custom overlay card-mediabase", 20): Object 'Object Repository/1. Constant/xpath' has attribute 'class' with value 'card card-custom overlay card-mediabase'

2022-06-23 18:12:33 - [MESSAGE][PASSED] - Object 'Object Repository/1. Constant/xpath' has attribute 'class' with value 'card card-custom overlay card-mediabase'

2022-06-23 18:12:33 - [TEST_STEP][PASSED] - value_selection_noalll = getText(findTestObject("1. Constant/xpath", ["xpath":"//*[@id="mediabase-basket"]/div[1]/div[1]/h1"])): Text of object 'Object Repository/1. Constant/xpath' is: 'Selection (3)'

2022-06-23 18:12:34 - [MESSAGE][PASSED] - Text of object 'Object Repository/1. Constant/xpath' is: 'Selection (3)'

2022-06-23 18:12:34 - [TEST_STEP][PASSED] - I.print("Value for selection no:" + value_selection_noalll): null

2022-06-23 18:12:34 - [TEST_STEP][PASSED] - verifyEqual(value_selection_noalll, "Selection (" + value_selection_noAll + ")"): Actual object 'Selection (3)' and expected object 'Selection (3)' are equal

2022-06-23 18:12:34 - [MESSAGE][PASSED] - Actual object 'Selection (3)' and expected object 'Selection (3)' are equal

2022-06-23 18:12:34 - [TEST_STEP][PASSED] - takeScreenshot(): Taking screenshot successfully

2022-06-23 18:12:35 - [MESSAGE][PASSED] - Taking screenshot successfully
[[ATTACHMENT|D:\\Projet Test Auto\\Mediabox Test Automation\\Reports\\20220623_180756\\03. Parallel Testing (Testing)\\TS -PT PART 3\\05. Tag Starpack Mediabase_Control Tag Project Add Approver\\20220623_180758\\1656000754814.png]]

2022-06-23 18:12:35 - [TEST_STEP][PASSED] - click(findTestObject("1. Constant/xpath", ["xpath":"//*[@id="mediabase-basket"]/div[1]/div[2]/button"])): Object: 'Object Repository/1. Constant/xpath' is clicked on

2022-06-23 18:12:35 - [MESSAGE][PASSED] - Object: 'Object Repository/1. Constant/xpath' is clicked on

2022-06-23 18:12:35 - [TEST_STEP][PASSED] - click(findTestObject("1. Constant/xpath", ["xpath":"//*[@id="basket_content_right"]/div/div[2]/a[2]"])): Object: 'Object Repository/1. Constant/xpath' is clicked on

2022-06-23 18:12:36 - [MESSAGE][PASSED] - Object: 'Object Repository/1. Constant/xpath' is clicked on

2022-06-23 18:12:36 - [TEST_STEP][PASSED] - click(findTestObject("1. Constant/xpath", ["xpath":"//*[@id="DivSupprimerPanier"]/div/div/div[3]/button[2]"])): Object: 'Object Repository/1. Constant/xpath' is clicked on

2022-06-23 18:12:37 - [MESSAGE][PASSED] - Object: 'Object Repository/1. Constant/xpath' is clicked on

2022-06-23 18:12:37 - [TEST_STEP][PASSED] - value_selection_no000 = getText(findTestObject("1. Constant/xpath", ["xpath":"//*[@id="mediabase-basket"]/div[1]/div[1]/h1"])): Text of object 'Object Repository/1. Constant/xpath' is: 'Selection (0)'

2022-06-23 18:12:37 - [MESSAGE][PASSED] - Text of object 'Object Repository/1. Constant/xpath' is: 'Selection (0)'

2022-06-23 18:12:37 - [TEST_STEP][PASSED] - I.print("Value for selection no:" + value_selection_no000): null

2022-06-23 18:12:37 - [TEST_STEP][PASSED] - verifyEqual(value_selection_no000, "Selection (0)"): Actual object 'Selection (0)' and expected object 'Selection (0)' are equal

2022-06-23 18:12:37 - [MESSAGE][PASSED] - Actual object 'Selection (0)' and expected object 'Selection (0)' are equal

2022-06-23 18:12:37 - [TEST_STEP][PASSED] - takeScreenshot(): Taking screenshot successfully

2022-06-23 18:12:38 - [MESSAGE][PASSED] - Taking screenshot successfully
[[ATTACHMENT|D:\\Projet Test Auto\\Mediabox Test Automation\\Reports\\20220623_180756\\03. Parallel Testing (Testing)\\TS -PT PART 3\\05. Tag Starpack Mediabase_Control Tag Project Add Approver\\20220623_180758\\1656000757849.png]]

2022-06-23 18:12:38 - [TEST_STEP][PASSED] - closeBrowser(): Browser is closed

2022-06-23 18:12:39 - [MESSAGE][PASSED] - Browser is closed

2022-06-23 18:12:39 - [TEST_STEP][PASSED] - Start listener action : sampleAfterTestCase: null]]></system-out>
         <system-err><![CDATA[]]></system-err>
      </testcase>
      <testcase name="Test Cases/05. Starpack _ Tag Mediabase/5.02 Starpack Mediabase Download" time="144.543" classname="Test Cases/05. Starpack _ Tag Mediabase/5.02 Starpack Mediabase Download" status="PASSED">
         <system-out><![CDATA[2022-06-23 18:12:39 - [TEST_CASE][PASSED] - Test Cases/05. Starpack _ Tag Mediabase/5.02 Starpack Mediabase Download: Test Cases/05. Starpack _ Tag Mediabase/5.02 Starpack Mediabase Download

2022-06-23 18:12:40 - [TEST_STEP][PASSED] - data = findTestData("Data Files/Username_Password/Starpack (10June2021)"): null

2022-06-23 18:12:40 - [TEST_STEP][PASSED] - password_suser = data.getValue(2, 1): null

2022-06-23 18:12:40 - [TEST_STEP][PASSED] - password_aherms = data.getValue(2, 2): null

2022-06-23 18:12:40 - [TEST_STEP][PASSED] - password_agluszczynska = data.getValue(2, 3): null

2022-06-23 18:12:40 - [TEST_STEP][PASSED] - password_jmaciaszczyk = data.getValue(2, 4): null

2022-06-23 18:12:40 - [TEST_STEP][PASSED] - password_aterreshernandez = data.getValue(2, 5): null

2022-06-23 18:12:40 - [TEST_STEP][PASSED] - password_amartin_arbol = data.getValue(2, 6): null

2022-06-23 18:12:40 - [TEST_STEP][PASSED] - password_adelamatanieves = data.getValue(2, 7): null

2022-06-23 18:12:40 - [TEST_STEP][PASSED] - password_kcannoosamy_dia = data.getValue(2, 8): null

2022-06-23 18:12:40 - [TEST_STEP][PASSED] - data_urlRELAUTO = findTestData("Data Files/URL/URL_relauto"): null

2022-06-23 18:12:40 - [TEST_STEP][PASSED] - Url_Starpack = data_urlRELAUTO.getValue(2, 2): null

2022-06-23 18:12:40 - [TEST_STEP][PASSED] - log = new com.kms.katalon.core.logging.KeywordLogger(): null

2022-06-23 18:12:40 - [TEST_STEP][PASSED] - openBrowser(Url_Starpack): Browser is opened with url: 'http://mdb-release.diadeis.lan/MediaboxIndependence/?MBI_datasource=RELTESTAUTO_STARPACK'

2022-06-23 18:12:40 - [MESSAGE][INFO] - Starting 'Chrome' driver

2022-06-23 18:12:40 - [MESSAGE][INFO] - User set preference: ['arg', '[[--lang=en-GB]]']

2022-06-23 18:12:40 - [MESSAGE][INFO] - Action delay is set to 0 milliseconds

2022-06-23 18:12:53 - [MESSAGE][PASSED] - Browser is opened with url: 'http://mdb-release.diadeis.lan/MediaboxIndependence/?MBI_datasource=RELTESTAUTO_STARPACK'

2022-06-23 18:12:53 - [TEST_STEP][PASSED] - maximizeWindow(): Current window maximized

2022-06-23 18:12:53 - [MESSAGE][PASSED] - Current window maximized

2022-06-23 18:12:53 - [TEST_STEP][PASSED] - I.Login_password("amartin_arbol", password_amartin_arbol): Object: 'Object Repository/1. Constant/xpath' is clicked on

2022-06-23 18:12:54 - [MESSAGE][PASSED] - Text 'amartin_arbol' is set on object 'Object Repository/1. Constant/xpath'

2022-06-23 18:12:55 - [MESSAGE][PASSED] - Delayed 1 second(s)

2022-06-23 18:12:56 - [MESSAGE][PASSED] - Text 'dchi' is set on object 'Object Repository/1. Constant/xpath'

2022-06-23 18:12:57 - [MESSAGE][PASSED] - Delayed 1 second(s)

2022-06-23 18:13:11 - [MESSAGE][PASSED] - Object: 'Object Repository/1. Constant/xpath' is clicked on

2022-06-23 18:13:11 - [TEST_STEP][PASSED] - takeScreenshot(): Taking screenshot successfully

2022-06-23 18:13:12 - [MESSAGE][PASSED] - Taking screenshot successfully
[[ATTACHMENT|D:\\Projet Test Auto\\Mediabox Test Automation\\Reports\\20220623_180756\\03. Parallel Testing (Testing)\\TS -PT PART 3\\05. Tag Starpack Mediabase_Control Tag Project Add Approver\\20220623_180758\\1656000791851.png]]

2022-06-23 18:13:12 - [TEST_STEP][PASSED] - click(findTestObject("Object Repository/Starpack Mediabase/Starpack Mediabase id_menu_medibase_tab_1a")): Object: 'Object Repository/Starpack Mediabase/Starpack Mediabase id_menu_medibase_tab_1a' is clicked on

2022-06-23 18:13:17 - [MESSAGE][PASSED] - Object: 'Object Repository/Starpack Mediabase/Starpack Mediabase id_menu_medibase_tab_1a' is clicked on

2022-06-23 18:13:17 - [TEST_STEP][PASSED] - takeScreenshot(): Taking screenshot successfully

2022-06-23 18:13:18 - [MESSAGE][PASSED] - Taking screenshot successfully
[[ATTACHMENT|D:\\Projet Test Auto\\Mediabox Test Automation\\Reports\\20220623_180756\\03. Parallel Testing (Testing)\\TS -PT PART 3\\05. Tag Starpack Mediabase_Control Tag Project Add Approver\\20220623_180758\\1656000797911.png]]

2022-06-23 18:13:18 - [TEST_STEP][PASSED] - click(findTestObject("1. Constant/xpath", ["xpath":"//*[@id="mediabase-panel-cards"]/div/div[1]/div/div[3]/div/a"])): Object: 'Object Repository/1. Constant/xpath' is clicked on

2022-06-23 18:13:20 - [MESSAGE][PASSED] - Object: 'Object Repository/1. Constant/xpath' is clicked on

2022-06-23 18:13:20 - [TEST_STEP][PASSED] - click(findTestObject("1. Constant/xpath", ["xpath":"//*[@id="mediabase-panel-cards"]/div/div[1]/div/div/div/a"])): Object: 'Object Repository/1. Constant/xpath' is clicked on

2022-06-23 18:13:22 - [MESSAGE][PASSED] - Object: 'Object Repository/1. Constant/xpath' is clicked on

2022-06-23 18:13:22 - [TEST_STEP][PASSED] - "Verify that the download button is not clickable": null

2022-06-23 18:13:22 - [TEST_STEP][PASSED] - mouseOver(findTestObject("1. Constant/xpath", ["xpath":"//*[@id="20200422-140327-318-9EBHJIEHAI"]"])): Object: 'Object Repository/1. Constant/xpath' is hovered

2022-06-23 18:13:23 - [MESSAGE][PASSED] - Object: 'Object Repository/1. Constant/xpath' is hovered

2022-06-23 18:13:23 - [TEST_STEP][PASSED] - test0 = getAttribute(findTestObject("1. Constant/xpath", ["xpath":"//*[@id="20200422-140327-318-9EBHJIEHAI"]/div[1]/div[2]/div/a[2]"]), "href"): Attribute 'href' of object 'Object Repository/1. Constant/xpath' is: ''

2022-06-23 18:13:24 - [MESSAGE][PASSED] - Attribute 'href' of object 'Object Repository/1. Constant/xpath' is: ''

2022-06-23 18:13:24 - [TEST_STEP][PASSED] - if (test0 != ""): null

2022-06-23 18:13:24 - [TEST_STEP][PASSED] - else: Download link is Empty 

2022-06-23 18:13:24 - [TEST_STEP][PASSED] - I.print("Download link is: " + test0): null

2022-06-23 18:13:24 - [TEST_STEP][PASSED] - comment("Download link is Empty "): Download link is Empty 

2022-06-23 18:13:24 - [MESSAGE][INFO] - Download link is Empty 

2022-06-23 18:13:24 - [TEST_STEP][PASSED] - I.Logout(): Delayed 3 second(s)

2022-06-23 18:13:27 - [MESSAGE][PASSED] - Delayed 3 second(s)

2022-06-23 18:13:28 - [MESSAGE][PASSED] - Object: 'Object Repository/1. Constant/xpath' is clicked on

2022-06-23 18:13:31 - [MESSAGE][PASSED] - Delayed 3 second(s)

2022-06-23 18:13:38 - [MESSAGE][PASSED] - Object: 'Object Repository/1. Constant/xpath' is clicked on

2022-06-23 18:13:41 - [MESSAGE][PASSED] - Delayed 3 second(s)

2022-06-23 18:13:41 - [TEST_STEP][PASSED] - I.Login_password("suser", password_suser): Object: 'Object Repository/1. Constant/xpath' is clicked on

2022-06-23 18:13:42 - [MESSAGE][PASSED] - Text 'suser' is set on object 'Object Repository/1. Constant/xpath'

2022-06-23 18:13:43 - [MESSAGE][PASSED] - Delayed 1 second(s)

2022-06-23 18:13:44 - [MESSAGE][PASSED] - Text 'dchi2' is set on object 'Object Repository/1. Constant/xpath'

2022-06-23 18:13:45 - [MESSAGE][PASSED] - Delayed 1 second(s)

2022-06-23 18:13:50 - [MESSAGE][PASSED] - Object: 'Object Repository/1. Constant/xpath' is clicked on

2022-06-23 18:13:50 - [TEST_STEP][PASSED] - takeScreenshot(): Taking screenshot successfully

2022-06-23 18:13:50 - [MESSAGE][PASSED] - Taking screenshot successfully
[[ATTACHMENT|D:\\Projet Test Auto\\Mediabox Test Automation\\Reports\\20220623_180756\\03. Parallel Testing (Testing)\\TS -PT PART 3\\05. Tag Starpack Mediabase_Control Tag Project Add Approver\\20220623_180758\\1656000830435.png]]

2022-06-23 18:13:50 - [TEST_STEP][PASSED] - click(findTestObject("Object Repository/Starpack Mediabase/Starpack Mediabase id_menu_medibase_tab_1a")): Object: 'Object Repository/Starpack Mediabase/Starpack Mediabase id_menu_medibase_tab_1a' is clicked on

2022-06-23 18:13:59 - [MESSAGE][PASSED] - Object: 'Object Repository/Starpack Mediabase/Starpack Mediabase id_menu_medibase_tab_1a' is clicked on

2022-06-23 18:13:59 - [TEST_STEP][PASSED] - takeScreenshot(): Taking screenshot successfully

2022-06-23 18:14:00 - [MESSAGE][PASSED] - Taking screenshot successfully
[[ATTACHMENT|D:\\Projet Test Auto\\Mediabox Test Automation\\Reports\\20220623_180756\\03. Parallel Testing (Testing)\\TS -PT PART 3\\05. Tag Starpack Mediabase_Control Tag Project Add Approver\\20220623_180758\\1656000839965.png]]

2022-06-23 18:14:00 - [TEST_STEP][PASSED] - click(findTestObject("1. Constant/xpath", ["xpath":"//*[@id="mediabase-panel-cards"]/div/div[1]/div/div[4]/div/a"])): Object: 'Object Repository/1. Constant/xpath' is clicked on

2022-06-23 18:14:03 - [MESSAGE][PASSED] - Object: 'Object Repository/1. Constant/xpath' is clicked on

2022-06-23 18:14:03 - [TEST_STEP][PASSED] - mouseOver(findTestObject("1. Constant/xpath", ["xpath":"/html/body/div/div[4]/div[3]/div[3]/div[2]/div/div/div[1]/div[1]/div/div[2]/div/div[1]/div"])): Object: 'Object Repository/1. Constant/xpath' is hovered

2022-06-23 18:14:04 - [MESSAGE][PASSED] - Object: 'Object Repository/1. Constant/xpath' is hovered

2022-06-23 18:14:04 - [TEST_STEP][PASSED] - mouseOver(findTestObject("1. Constant/xpath", ["xpath":"/html/body/div/div[4]/div[3]/div[3]/div[2]/div/div/div[1]/div[1]/div/div[2]/div/div[1]/div/div[1]/div[2]/div/a[2]"])): Object: 'Object Repository/1. Constant/xpath' is hovered

2022-06-23 18:14:05 - [MESSAGE][PASSED] - Object: 'Object Repository/1. Constant/xpath' is hovered

2022-06-23 18:14:05 - [TEST_STEP][PASSED] - takeScreenshot(): Taking screenshot successfully

2022-06-23 18:14:05 - [MESSAGE][PASSED] - Taking screenshot successfully
[[ATTACHMENT|D:\\Projet Test Auto\\Mediabox Test Automation\\Reports\\20220623_180756\\03. Parallel Testing (Testing)\\TS -PT PART 3\\05. Tag Starpack Mediabase_Control Tag Project Add Approver\\20220623_180758\\1656000845556.png]]

2022-06-23 18:14:05 - [TEST_STEP][PASSED] - value_download = getText(findTestObject("1. Constant/xpath", ["xpath":"/html/body/div[2]/div[2]"])): Text of object 'Object Repository/1. Constant/xpath' is: 'Download'

2022-06-23 18:14:06 - [MESSAGE][PASSED] - Text of object 'Object Repository/1. Constant/xpath' is: 'Download'

2022-06-23 18:14:06 - [TEST_STEP][PASSED] - verifyEqual(value_download, "Download"): Actual object 'Download' and expected object 'Download' are equal

2022-06-23 18:14:06 - [MESSAGE][PASSED] - Actual object 'Download' and expected object 'Download' are equal

2022-06-23 18:14:07 - [TEST_STEP][PASSED] - verifyElementClickable(findTestObject("1. Constant/xpath", ["xpath":"/html/body/div/div[4]/div[3]/div[3]/div[2]/div/div/div[1]/div[1]/div/div[2]/div/div[1]/div/div[1]/div[2]/div/a[2]"]), STOP_ON_FAILURE): Object 'Object Repository/1. Constant/xpath' is clickable

2022-06-23 18:14:07 - [MESSAGE][PASSED] - Object 'Object Repository/1. Constant/xpath' is clickable

2022-06-23 18:14:07 - [TEST_STEP][PASSED] - click(findTestObject("1. Constant/xpath", ["xpath":"/html/body/div/div[4]/div[3]/div[3]/div[2]/div/div/div[1]/div[1]/div/div[2]/div/div[1]/div/div[1]/div[2]/div/a[2]"]), STOP_ON_FAILURE): Object: 'Object Repository/1. Constant/xpath' is clicked on

2022-06-23 18:14:09 - [MESSAGE][PASSED] - Object: 'Object Repository/1. Constant/xpath' is clicked on

2022-06-23 18:14:09 - [TEST_STEP][PASSED] - delay(1): Delayed 1 second(s)

2022-06-23 18:14:10 - [MESSAGE][PASSED] - Delayed 1 second(s)

2022-06-23 18:14:10 - [TEST_STEP][PASSED] - test = getAttribute(findTestObject("1. Constant/xpath", ["xpath":"/html/body/div/div[4]/div[3]/div[3]/div[2]/div/div/div[1]/div[1]/div/div[2]/div/div[1]/div/div[1]/div[2]/div/a[2]"]), "href"): Attribute 'href' of object 'Object Repository/1. Constant/xpath' is: 'http://mdb-release.diadeis.lan/MediaboxIndependence/Base/ExecAction?action=MbiDownloadDoc&IDSession=MBI!RELTESTAUTO_STARPACK!LBJRRU02MRH6QZ3EWMBYPC3QZI6KWJ1UIQGC0GZA&num=N6WUNG2BIP&id_document=20200529-132819-643-EDV4X8WTY9&id_project='

2022-06-23 18:14:11 - [MESSAGE][PASSED] - Attribute 'href' of object 'Object Repository/1. Constant/xpath' is: 'http://mdb-release.diadeis.lan/MediaboxIndependence/Base/ExecAction?action=MbiDownloadDoc&IDSession=MBI!RELTESTAUTO_STARPACK!LBJRRU02MRH6QZ3EWMBYPC3QZI6KWJ1UIQGC0GZA&num=N6WUNG2BIP&id_document=20200529-132819-643-EDV4X8WTY9&id_project='

2022-06-23 18:14:11 - [TEST_STEP][PASSED] - if (test == ""): null

2022-06-23 18:14:11 - [TEST_STEP][PASSED] - delay(25): Delayed 25 second(s)

2022-06-23 18:14:36 - [MESSAGE][PASSED] - Delayed 25 second(s)

2022-06-23 18:14:36 - [TEST_STEP][PASSED] - test3 = I.isFileDownloaded("C:\Users\lamhe\Downloads", "Userguide_CommercialSupport_v1.pdf"): null

2022-06-23 18:14:36 - [TEST_STEP][PASSED] - I.print(test3): null

2022-06-23 18:14:36 - [TEST_STEP][PASSED] - if (test == "false"): null

2022-06-23 18:14:36 - [TEST_STEP][PASSED] - click(findTestObject("1. Constant/xpath", ["xpath":"//*[@id="menu_mediabase_tab_current"]/a"])): Object: 'Object Repository/1. Constant/xpath' is clicked on

2022-06-23 18:14:42 - [MESSAGE][PASSED] - Object: 'Object Repository/1. Constant/xpath' is clicked on

2022-06-23 18:14:42 - [TEST_STEP][PASSED] - click(findTestObject("1. Constant/xpath", ["xpath":"//*[@id="mediabase-panel-cards"]/div/div[1]/div/div[2]/div/a"])): Object: 'Object Repository/1. Constant/xpath' is clicked on

2022-06-23 18:14:53 - [MESSAGE][PASSED] - Object: 'Object Repository/1. Constant/xpath' is clicked on

2022-06-23 18:14:53 - [TEST_STEP][PASSED] - click(findTestObject("1. Constant/xpath", ["xpath":"/html/body/div/div[4]/div[3]/div[3]/div[2]/div/div/div[1]/div[1]/div/div[2]/div/div[1]/div/div[1]/div[2]/div/a[2]"]), STOP_ON_FAILURE): Object: 'Object Repository/1. Constant/xpath' is clicked on

2022-06-23 18:14:57 - [MESSAGE][PASSED] - Object: 'Object Repository/1. Constant/xpath' is clicked on

2022-06-23 18:14:57 - [TEST_STEP][PASSED] - takeScreenshot(): Taking screenshot successfully

2022-06-23 18:14:59 - [MESSAGE][PASSED] - Taking screenshot successfully
[[ATTACHMENT|D:\\Projet Test Auto\\Mediabox Test Automation\\Reports\\20220623_180756\\03. Parallel Testing (Testing)\\TS -PT PART 3\\05. Tag Starpack Mediabase_Control Tag Project Add Approver\\20220623_180758\\1656000899204.png]]

2022-06-23 18:14:59 - [TEST_STEP][PASSED] - test1 = getAttribute(findTestObject("1. Constant/xpath", ["xpath":"/html/body/div/div[4]/div[3]/div[3]/div[2]/div/div/div[1]/div[1]/div/div[2]/div/div[1]/div/div[1]/div[2]/div/a[2]"]), "href"): Attribute 'href' of object 'Object Repository/1. Constant/xpath' is: 'javascript:getDownloadAWS('20201218-125707-862-U27374VQDN','267965 Iceberg Hierbabuena 44g.pdf');'

2022-06-23 18:14:59 - [MESSAGE][PASSED] - Attribute 'href' of object 'Object Repository/1. Constant/xpath' is: 'javascript:getDownloadAWS('20201218-125707-862-U27374VQDN','267965 Iceberg Hierbabuena 44g.pdf');'

2022-06-23 18:14:59 - [TEST_STEP][PASSED] - if (test1 == ""): null

2022-06-23 18:14:59 - [TEST_STEP][PASSED] - else: Taking screenshot successfully

2022-06-23 18:14:59 - [TEST_STEP][PASSED] - I.print("Download link is: " + test1): null

2022-06-23 18:14:59 - [TEST_STEP][PASSED] - comment("Download link is: " + test1): Download link is: javascript:getDownloadAWS('20201218-125707-862-U27374VQDN','267965 Iceberg Hierbabuena 44g.pdf');

2022-06-23 18:14:59 - [MESSAGE][INFO] - Download link is: javascript:getDownloadAWS('20201218-125707-862-U27374VQDN','267965 Iceberg Hierbabuena 44g.pdf');

2022-06-23 18:14:59 - [TEST_STEP][PASSED] - test2 = "javascript:getDownloadAWS('20201218-125707-862-U27374VQDN','267965 Iceberg Hierbabuena 44g.pdf');": null

2022-06-23 18:14:59 - [TEST_STEP][PASSED] - if (test1 == test2): Taking screenshot successfully

2022-06-23 18:14:59 - [TEST_STEP][PASSED] - I.print("OK. link is same as " + test2): null

2022-06-23 18:14:59 - [TEST_STEP][PASSED] - comment("link is same as " + test2): link is same as javascript:getDownloadAWS('20201218-125707-862-U27374VQDN','267965 Iceberg Hierbabuena 44g.pdf');

2022-06-23 18:14:59 - [MESSAGE][INFO] - link is same as javascript:getDownloadAWS('20201218-125707-862-U27374VQDN','267965 Iceberg Hierbabuena 44g.pdf');

2022-06-23 18:14:59 - [TEST_STEP][PASSED] - switchToWindowIndex(1): Switched to window with index: '1'

2022-06-23 18:15:00 - [MESSAGE][PASSED] - Switched to window with index: '1'

2022-06-23 18:15:00 - [TEST_STEP][PASSED] - urltest = getUrl(): Current window's url is: 'https://greenlightstoragetest.blob.core.windows.net/greenlightstore1/19538%5C14962%20Kroger_MyMagazine_2102_TotalMW_080121.pdf?sv=2018-03-28&sr=b&sig=2yV2bOE%2FyxV3KPCShIWUMUCexOhC93diB%2BAjNMeQWPc%3D&se=2022-06-23T16%3A19%3A55Z&sp=r'

2022-06-23 18:15:00 - [MESSAGE][PASSED] - Current window's url is: 'https://greenlightstoragetest.blob.core.windows.net/greenlightstore1/19538%5C14962%20Kroger_MyMagazine_2102_TotalMW_080121.pdf?sv=2018-03-28&sr=b&sig=2yV2bOE%2FyxV3KPCShIWUMUCexOhC93diB%2BAjNMeQWPc%3D&se=2022-06-23T16%3A19%3A55Z&sp=r'

2022-06-23 18:15:00 - [TEST_STEP][PASSED] - I.print("url > " + urltest): null

2022-06-23 18:15:00 - [TEST_STEP][PASSED] - takeScreenshot(): Taking screenshot successfully

2022-06-23 18:15:01 - [MESSAGE][PASSED] - Taking screenshot successfully
[[ATTACHMENT|D:\\Projet Test Auto\\Mediabox Test Automation\\Reports\\20220623_180756\\03. Parallel Testing (Testing)\\TS -PT PART 3\\05. Tag Starpack Mediabase_Control Tag Project Add Approver\\20220623_180758\\1656000900880.png]]

2022-06-23 18:15:01 - [TEST_STEP][PASSED] - closeBrowser(): Browser is closed

2022-06-23 18:15:04 - [MESSAGE][PASSED] - Browser is closed

2022-06-23 18:15:04 - [TEST_STEP][PASSED] - Start listener action : sampleAfterTestCase: null]]></system-out>
         <system-err><![CDATA[]]></system-err>
      </testcase>
      <system-out><![CDATA[2022-06-23 18:08:09 - [TEST_SUITE][PASSED] - 05. Tag Starpack Mediabase_Control Tag Project Add Approver: Test Cases/05. Starpack _ Tag Mediabase/5.02 Starpack Mediabase Download]]></system-out>
      <system-err><![CDATA[]]></system-err>
   </testsuite>
</testsuites>
