<?xml version="1.0" encoding="UTF-8"?>
<testsuites name="11 Tag SAS_Task_Full lifecycle" time="2241.255" tests="6" failures="0" errors="0">
   <testsuite name="11 Tag SAS_Task_Full lifecycle" tests="6" failures="0" errors="0" time="2241.255" skipped="0" timestamp="2022-06-09 20:35:55" hostname="lamhe - DPF-MBI-VERIF.ad.sgsco.int" id="Test Suites/03. Parallel Testing (Testing)/TS -PT PART 3/11 Tag SAS_Task_Full lifecycle">
      <properties>
         <property name="deviceName" value=""/>
         <property name="devicePlatform" value=""/>
         <property name="logFolder" value="D:\\Projet Test Auto\\Mediabox Test Automation\\Reports\\20220609_181011\\03. Parallel Testing (Testing)\\TS -PT PART 3\\11 Tag SAS_Task_Full lifecycle\\20220609_181109"/>
         <property name="logFiles" value="D:\\Projet Test Auto\\Mediabox Test Automation\\Reports\\20220609_181011\\03. Parallel Testing (Testing)\\TS -PT PART 3\\11 Tag SAS_Task_Full lifecycle\\20220609_181109\\execution0.log"/>
         <property name="attachments" value="D:\\Projet Test Auto\\Mediabox Test Automation\\Reports\\20220609_181011\\03. Parallel Testing (Testing)\\TS -PT PART 3\\11 Tag SAS_Task_Full lifecycle\\20220609_181109\\1654799779403.png, D:\\Projet Test Auto\\Mediabox Test Automation\\Reports\\20220609_181011\\03. Parallel Testing (Testing)\\TS -PT PART 3\\11 Tag SAS_Task_Full lifecycle\\20220609_181109\\1654799840684.png, D:\\Projet Test Auto\\Mediabox Test Automation\\Reports\\20220609_181011\\03. Parallel Testing (Testing)\\TS -PT PART 3\\11 Tag SAS_Task_Full lifecycle\\20220609_181109\\1654799901691.png, D:\\Projet Test Auto\\Mediabox Test Automation\\Reports\\20220609_181011\\03. Parallel Testing (Testing)\\TS -PT PART 3\\11 Tag SAS_Task_Full lifecycle\\20220609_181109\\1654799907771.png, D:\\Projet Test Auto\\Mediabox Test Automation\\Reports\\20220609_181011\\03. Parallel Testing (Testing)\\TS -PT PART 3\\11 Tag SAS_Task_Full lifecycle\\20220609_181109\\1654799917162.png, D:\\Projet Test Auto\\Mediabox Test Automation\\Reports\\20220609_181011\\03. Parallel Testing (Testing)\\TS -PT PART 3\\11 Tag SAS_Task_Full lifecycle\\20220609_181109\\1654799943164.png, D:\\Projet Test Auto\\Mediabox Test Automation\\Reports\\20220609_181011\\03. Parallel Testing (Testing)\\TS -PT PART 3\\11 Tag SAS_Task_Full lifecycle\\20220609_181109\\1654799994464.png, D:\\Projet Test Auto\\Mediabox Test Automation\\Reports\\20220609_181011\\03. Parallel Testing (Testing)\\TS -PT PART 3\\11 Tag SAS_Task_Full lifecycle\\20220609_181109\\1654800023509.png, D:\\Projet Test Auto\\Mediabox Test Automation\\Reports\\20220609_181011\\03. Parallel Testing (Testing)\\TS -PT PART 3\\11 Tag SAS_Task_Full lifecycle\\20220609_181109\\1654800028819.png, D:\\Projet Test Auto\\Mediabox Test Automation\\Reports\\20220609_181011\\03. Parallel Testing (Testing)\\TS -PT PART 3\\11 Tag SAS_Task_Full lifecycle\\20220609_181109\\1654800032951.png, D:\\Projet Test Auto\\Mediabox Test Automation\\Reports\\20220609_181011\\03. Parallel Testing (Testing)\\TS -PT PART 3\\11 Tag SAS_Task_Full lifecycle\\20220609_181109\\1654800039777.png, D:\\Projet Test Auto\\Mediabox Test Automation\\Reports\\20220609_181011\\03. Parallel Testing (Testing)\\TS -PT PART 3\\11 Tag SAS_Task_Full lifecycle\\20220609_181109\\1654800046105.png, D:\\Projet Test Auto\\Mediabox Test Automation\\Reports\\20220609_181011\\03. Parallel Testing (Testing)\\TS -PT PART 3\\11 Tag SAS_Task_Full lifecycle\\20220609_181109\\1654800054863.png, D:\\Projet Test Auto\\Mediabox Test Automation\\Reports\\20220609_181011\\03. Parallel Testing (Testing)\\TS -PT PART 3\\11 Tag SAS_Task_Full lifecycle\\20220609_181109\\1654800062551.png, D:\\Projet Test Auto\\Mediabox Test Automation\\Reports\\20220609_181011\\03. Parallel Testing (Testing)\\TS -PT PART 3\\11 Tag SAS_Task_Full lifecycle\\20220609_181109\\1654800066314.png, D:\\Projet Test Auto\\Mediabox Test Automation\\Reports\\20220609_181011\\03. Parallel Testing (Testing)\\TS -PT PART 3\\11 Tag SAS_Task_Full lifecycle\\20220609_181109\\1654800080349.png, D:\\Projet Test Auto\\Mediabox Test Automation\\Reports\\20220609_181011\\03. Parallel Testing (Testing)\\TS -PT PART 3\\11 Tag SAS_Task_Full lifecycle\\20220609_181109\\1654800083017.png, D:\\Projet Test Auto\\Mediabox Test Automation\\Reports\\20220609_181011\\03. Parallel Testing (Testing)\\TS -PT PART 3\\11 Tag SAS_Task_Full lifecycle\\20220609_181109\\1654800086776.png, D:\\Projet Test Auto\\Mediabox Test Automation\\Reports\\20220609_181011\\03. Parallel Testing (Testing)\\TS -PT PART 3\\11 Tag SAS_Task_Full lifecycle\\20220609_181109\\1654800095391.png, D:\\Projet Test Auto\\Mediabox Test Automation\\Reports\\20220609_181011\\03. Parallel Testing (Testing)\\TS -PT PART 3\\11 Tag SAS_Task_Full lifecycle\\20220609_181109\\1654800127641.png, D:\\Projet Test Auto\\Mediabox Test Automation\\Reports\\20220609_181011\\03. Parallel Testing (Testing)\\TS -PT PART 3\\11 Tag SAS_Task_Full lifecycle\\20220609_181109\\1654800131168.png, D:\\Projet Test Auto\\Mediabox Test Automation\\Reports\\20220609_181011\\03. Parallel Testing (Testing)\\TS -PT PART 3\\11 Tag SAS_Task_Full lifecycle\\20220609_181109\\1654800138049.png, D:\\Projet Test Auto\\Mediabox Test Automation\\Reports\\20220609_181011\\03. Parallel Testing (Testing)\\TS -PT PART 3\\11 Tag SAS_Task_Full lifecycle\\20220609_181109\\1654800145190.png, D:\\Projet Test Auto\\Mediabox Test Automation\\Reports\\20220609_181011\\03. Parallel Testing (Testing)\\TS -PT PART 3\\11 Tag SAS_Task_Full lifecycle\\20220609_181109\\1654800147944.png, D:\\Projet Test Auto\\Mediabox Test Automation\\Reports\\20220609_181011\\03. Parallel Testing (Testing)\\TS -PT PART 3\\11 Tag SAS_Task_Full lifecycle\\20220609_181109\\1654800148742.png, D:\\Projet Test Auto\\Mediabox Test Automation\\Reports\\20220609_181011\\03. Parallel Testing (Testing)\\TS -PT PART 3\\11 Tag SAS_Task_Full lifecycle\\20220609_181109\\1654800152681.png, D:\\Projet Test Auto\\Mediabox Test Automation\\Reports\\20220609_181011\\03. Parallel Testing (Testing)\\TS -PT PART 3\\11 Tag SAS_Task_Full lifecycle\\20220609_181109\\1654800157606.png, D:\\Projet Test Auto\\Mediabox Test Automation\\Reports\\20220609_181011\\03. Parallel Testing (Testing)\\TS -PT PART 3\\11 Tag SAS_Task_Full lifecycle\\20220609_181109\\1654800163439.png, D:\\Projet Test Auto\\Mediabox Test Automation\\Reports\\20220609_181011\\03. Parallel Testing (Testing)\\TS -PT PART 3\\11 Tag SAS_Task_Full lifecycle\\20220609_181109\\1654800190020.png, D:\\Projet Test Auto\\Mediabox Test Automation\\Reports\\20220609_181011\\03. Parallel Testing (Testing)\\TS -PT PART 3\\11 Tag SAS_Task_Full lifecycle\\20220609_181109\\1654800199255.png, D:\\Projet Test Auto\\Mediabox Test Automation\\Reports\\20220609_181011\\03. Parallel Testing (Testing)\\TS -PT PART 3\\11 Tag SAS_Task_Full lifecycle\\20220609_181109\\1654800202988.png, D:\\Projet Test Auto\\Mediabox Test Automation\\Reports\\20220609_181011\\03. Parallel Testing (Testing)\\TS -PT PART 3\\11 Tag SAS_Task_Full lifecycle\\20220609_181109\\1654800234044.png, D:\\Projet Test Auto\\Mediabox Test Automation\\Reports\\20220609_181011\\03. Parallel Testing (Testing)\\TS -PT PART 3\\11 Tag SAS_Task_Full lifecycle\\20220609_181109\\1654800238602.png, D:\\Projet Test Auto\\Mediabox Test Automation\\Reports\\20220609_181011\\03. Parallel Testing (Testing)\\TS -PT PART 3\\11 Tag SAS_Task_Full lifecycle\\20220609_181109\\1654800245276.png, D:\\Projet Test Auto\\Mediabox Test Automation\\Reports\\20220609_181011\\03. Parallel Testing (Testing)\\TS -PT PART 3\\11 Tag SAS_Task_Full lifecycle\\20220609_181109\\1654800282798.png, D:\\Projet Test Auto\\Mediabox Test Automation\\Reports\\20220609_181011\\03. Parallel Testing (Testing)\\TS -PT PART 3\\11 Tag SAS_Task_Full lifecycle\\20220609_181109\\1654800286653.png, D:\\Projet Test Auto\\Mediabox Test Automation\\Reports\\20220609_181011\\03. Parallel Testing (Testing)\\TS -PT PART 3\\11 Tag SAS_Task_Full lifecycle\\20220609_181109\\1654800298744.png, D:\\Projet Test Auto\\Mediabox Test Automation\\Reports\\20220609_181011\\03. Parallel Testing (Testing)\\TS -PT PART 3\\11 Tag SAS_Task_Full lifecycle\\20220609_181109\\1654800313982.png, D:\\Projet Test Auto\\Mediabox Test Automation\\Reports\\20220609_181011\\03. Parallel Testing (Testing)\\TS -PT PART 3\\11 Tag SAS_Task_Full lifecycle\\20220609_181109\\1654800355434.png, D:\\Projet Test Auto\\Mediabox Test Automation\\Reports\\20220609_181011\\03. Parallel Testing (Testing)\\TS -PT PART 3\\11 Tag SAS_Task_Full lifecycle\\20220609_181109\\1654800358086.png, D:\\Projet Test Auto\\Mediabox Test Automation\\Reports\\20220609_181011\\03. Parallel Testing (Testing)\\TS -PT PART 3\\11 Tag SAS_Task_Full lifecycle\\20220609_181109\\1654800379153.png, D:\\Projet Test Auto\\Mediabox Test Automation\\Reports\\20220609_181011\\03. Parallel Testing (Testing)\\TS -PT PART 3\\11 Tag SAS_Task_Full lifecycle\\20220609_181109\\1654800416068.png, D:\\Projet Test Auto\\Mediabox Test Automation\\Reports\\20220609_181011\\03. Parallel Testing (Testing)\\TS -PT PART 3\\11 Tag SAS_Task_Full lifecycle\\20220609_181109\\1654800444681.png, D:\\Projet Test Auto\\Mediabox Test Automation\\Reports\\20220609_181011\\03. Parallel Testing (Testing)\\TS -PT PART 3\\11 Tag SAS_Task_Full lifecycle\\20220609_181109\\1654800448838.png, D:\\Projet Test Auto\\Mediabox Test Automation\\Reports\\20220609_181011\\03. Parallel Testing (Testing)\\TS -PT PART 3\\11 Tag SAS_Task_Full lifecycle\\20220609_181109\\1654800451392.png, D:\\Projet Test Auto\\Mediabox Test Automation\\Reports\\20220609_181011\\03. Parallel Testing (Testing)\\TS -PT PART 3\\11 Tag SAS_Task_Full lifecycle\\20220609_181109\\1654800453700.png, D:\\Projet Test Auto\\Mediabox Test Automation\\Reports\\20220609_181011\\03. Parallel Testing (Testing)\\TS -PT PART 3\\11 Tag SAS_Task_Full lifecycle\\20220609_181109\\1654800509220.png, D:\\Projet Test Auto\\Mediabox Test Automation\\Reports\\20220609_181011\\03. Parallel Testing (Testing)\\TS -PT PART 3\\11 Tag SAS_Task_Full lifecycle\\20220609_181109\\1654800520281.png, D:\\Projet Test Auto\\Mediabox Test Automation\\Reports\\20220609_181011\\03. Parallel Testing (Testing)\\TS -PT PART 3\\11 Tag SAS_Task_Full lifecycle\\20220609_181109\\1654800549105.png, D:\\Projet Test Auto\\Mediabox Test Automation\\Reports\\20220609_181011\\03. Parallel Testing (Testing)\\TS -PT PART 3\\11 Tag SAS_Task_Full lifecycle\\20220609_181109\\1654800587969.png, D:\\Projet Test Auto\\Mediabox Test Automation\\Reports\\20220609_181011\\03. Parallel Testing (Testing)\\TS -PT PART 3\\11 Tag SAS_Task_Full lifecycle\\20220609_181109\\1654800625915.png, D:\\Projet Test Auto\\Mediabox Test Automation\\Reports\\20220609_181011\\03. Parallel Testing (Testing)\\TS -PT PART 3\\11 Tag SAS_Task_Full lifecycle\\20220609_181109\\1654800704543.png, D:\\Projet Test Auto\\Mediabox Test Automation\\Reports\\20220609_181011\\03. Parallel Testing (Testing)\\TS -PT PART 3\\11 Tag SAS_Task_Full lifecycle\\20220609_181109\\1654800731913.png, D:\\Projet Test Auto\\Mediabox Test Automation\\Reports\\20220609_181011\\03. Parallel Testing (Testing)\\TS -PT PART 3\\11 Tag SAS_Task_Full lifecycle\\20220609_181109\\1654800741256.png, D:\\Projet Test Auto\\Mediabox Test Automation\\Reports\\20220609_181011\\03. Parallel Testing (Testing)\\TS -PT PART 3\\11 Tag SAS_Task_Full lifecycle\\20220609_181109\\1654800775374.png, D:\\Projet Test Auto\\Mediabox Test Automation\\Reports\\20220609_181011\\03. Parallel Testing (Testing)\\TS -PT PART 3\\11 Tag SAS_Task_Full lifecycle\\20220609_181109\\1654800793891.png, D:\\Projet Test Auto\\Mediabox Test Automation\\Reports\\20220609_181011\\03. Parallel Testing (Testing)\\TS -PT PART 3\\11 Tag SAS_Task_Full lifecycle\\20220609_181109\\1654800821536.png, D:\\Projet Test Auto\\Mediabox Test Automation\\Reports\\20220609_181011\\03. Parallel Testing (Testing)\\TS -PT PART 3\\11 Tag SAS_Task_Full lifecycle\\20220609_181109\\1654800834713.png, D:\\Projet Test Auto\\Mediabox Test Automation\\Reports\\20220609_181011\\03. Parallel Testing (Testing)\\TS -PT PART 3\\11 Tag SAS_Task_Full lifecycle\\20220609_181109\\1654800845750.png, D:\\Projet Test Auto\\Mediabox Test Automation\\Reports\\20220609_181011\\03. Parallel Testing (Testing)\\TS -PT PART 3\\11 Tag SAS_Task_Full lifecycle\\20220609_181109\\1654800885832.png, D:\\Projet Test Auto\\Mediabox Test Automation\\Reports\\20220609_181011\\03. Parallel Testing (Testing)\\TS -PT PART 3\\11 Tag SAS_Task_Full lifecycle\\20220609_181109\\1654800889377.png, D:\\Projet Test Auto\\Mediabox Test Automation\\Reports\\20220609_181011\\03. Parallel Testing (Testing)\\TS -PT PART 3\\11 Tag SAS_Task_Full lifecycle\\20220609_181109\\1654800912222.png, D:\\Projet Test Auto\\Mediabox Test Automation\\Reports\\20220609_181011\\03. Parallel Testing (Testing)\\TS -PT PART 3\\11 Tag SAS_Task_Full lifecycle\\20220609_181109\\1654800949973.png, D:\\Projet Test Auto\\Mediabox Test Automation\\Reports\\20220609_181011\\03. Parallel Testing (Testing)\\TS -PT PART 3\\11 Tag SAS_Task_Full lifecycle\\20220609_181109\\1654800950646.png, D:\\Projet Test Auto\\Mediabox Test Automation\\Reports\\20220609_181011\\03. Parallel Testing (Testing)\\TS -PT PART 3\\11 Tag SAS_Task_Full lifecycle\\20220609_181109\\1654800957531.png, D:\\Projet Test Auto\\Mediabox Test Automation\\Reports\\20220609_181011\\03. Parallel Testing (Testing)\\TS -PT PART 3\\11 Tag SAS_Task_Full lifecycle\\20220609_181109\\1654801017327.png, D:\\Projet Test Auto\\Mediabox Test Automation\\Reports\\20220609_181011\\03. Parallel Testing (Testing)\\TS -PT PART 3\\11 Tag SAS_Task_Full lifecycle\\20220609_181109\\1654801040424.png, D:\\Projet Test Auto\\Mediabox Test Automation\\Reports\\20220609_181011\\03. Parallel Testing (Testing)\\TS -PT PART 3\\11 Tag SAS_Task_Full lifecycle\\20220609_181109\\1654801050708.png, D:\\Projet Test Auto\\Mediabox Test Automation\\Reports\\20220609_181011\\03. Parallel Testing (Testing)\\TS -PT PART 3\\11 Tag SAS_Task_Full lifecycle\\20220609_181109\\1654801079644.png, D:\\Projet Test Auto\\Mediabox Test Automation\\Reports\\20220609_181011\\03. Parallel Testing (Testing)\\TS -PT PART 3\\11 Tag SAS_Task_Full lifecycle\\20220609_181109\\1654801121641.png, D:\\Projet Test Auto\\Mediabox Test Automation\\Reports\\20220609_181011\\03. Parallel Testing (Testing)\\TS -PT PART 3\\11 Tag SAS_Task_Full lifecycle\\20220609_181109\\1654801140801.png, D:\\Projet Test Auto\\Mediabox Test Automation\\Reports\\20220609_181011\\03. Parallel Testing (Testing)\\TS -PT PART 3\\11 Tag SAS_Task_Full lifecycle\\20220609_181109\\1654801167278.png, D:\\Projet Test Auto\\Mediabox Test Automation\\Reports\\20220609_181011\\03. Parallel Testing (Testing)\\TS -PT PART 3\\11 Tag SAS_Task_Full lifecycle\\20220609_181109\\1654801179189.png, D:\\Projet Test Auto\\Mediabox Test Automation\\Reports\\20220609_181011\\03. Parallel Testing (Testing)\\TS -PT PART 3\\11 Tag SAS_Task_Full lifecycle\\20220609_181109\\1654801182526.png, D:\\Projet Test Auto\\Mediabox Test Automation\\Reports\\20220609_181011\\03. Parallel Testing (Testing)\\TS -PT PART 3\\11 Tag SAS_Task_Full lifecycle\\20220609_181109\\1654801203402.png, D:\\Projet Test Auto\\Mediabox Test Automation\\Reports\\20220609_181011\\03. Parallel Testing (Testing)\\TS -PT PART 3\\11 Tag SAS_Task_Full lifecycle\\20220609_181109\\1654801244862.png, D:\\Projet Test Auto\\Mediabox Test Automation\\Reports\\20220609_181011\\03. Parallel Testing (Testing)\\TS -PT PART 3\\11 Tag SAS_Task_Full lifecycle\\20220609_181109\\1654801245549.png, D:\\Projet Test Auto\\Mediabox Test Automation\\Reports\\20220609_181011\\03. Parallel Testing (Testing)\\TS -PT PART 3\\11 Tag SAS_Task_Full lifecycle\\20220609_181109\\1654801263311.png, D:\\Projet Test Auto\\Mediabox Test Automation\\Reports\\20220609_181011\\03. Parallel Testing (Testing)\\TS -PT PART 3\\11 Tag SAS_Task_Full lifecycle\\20220609_181109\\1654801290058.png, D:\\Projet Test Auto\\Mediabox Test Automation\\Reports\\20220609_181011\\03. Parallel Testing (Testing)\\TS -PT PART 3\\11 Tag SAS_Task_Full lifecycle\\20220609_181109\\1654801326694.png, D:\\Projet Test Auto\\Mediabox Test Automation\\Reports\\20220609_181011\\03. Parallel Testing (Testing)\\TS -PT PART 3\\11 Tag SAS_Task_Full lifecycle\\20220609_181109\\1654801363280.png, D:\\Projet Test Auto\\Mediabox Test Automation\\Reports\\20220609_181011\\03. Parallel Testing (Testing)\\TS -PT PART 3\\11 Tag SAS_Task_Full lifecycle\\20220609_181109\\1654801380422.png, D:\\Projet Test Auto\\Mediabox Test Automation\\Reports\\20220609_181011\\03. Parallel Testing (Testing)\\TS -PT PART 3\\11 Tag SAS_Task_Full lifecycle\\20220609_181109\\1654801404503.png, D:\\Projet Test Auto\\Mediabox Test Automation\\Reports\\20220609_181011\\03. Parallel Testing (Testing)\\TS -PT PART 3\\11 Tag SAS_Task_Full lifecycle\\20220609_181109\\1654801454055.png, D:\\Projet Test Auto\\Mediabox Test Automation\\Reports\\20220609_181011\\03. Parallel Testing (Testing)\\TS -PT PART 3\\11 Tag SAS_Task_Full lifecycle\\20220609_181109\\1654801492638.png, D:\\Projet Test Auto\\Mediabox Test Automation\\Reports\\20220609_181011\\03. Parallel Testing (Testing)\\TS -PT PART 3\\11 Tag SAS_Task_Full lifecycle\\20220609_181109\\1654801526934.png, D:\\Projet Test Auto\\Mediabox Test Automation\\Reports\\20220609_181011\\03. Parallel Testing (Testing)\\TS -PT PART 3\\11 Tag SAS_Task_Full lifecycle\\20220609_181109\\1654801570790.png, D:\\Projet Test Auto\\Mediabox Test Automation\\Reports\\20220609_181011\\03. Parallel Testing (Testing)\\TS -PT PART 3\\11 Tag SAS_Task_Full lifecycle\\20220609_181109\\1654801584064.png, D:\\Projet Test Auto\\Mediabox Test Automation\\Reports\\20220609_181011\\03. Parallel Testing (Testing)\\TS -PT PART 3\\11 Tag SAS_Task_Full lifecycle\\20220609_181109\\1654801597853.png, D:\\Projet Test Auto\\Mediabox Test Automation\\Reports\\20220609_181011\\03. Parallel Testing (Testing)\\TS -PT PART 3\\11 Tag SAS_Task_Full lifecycle\\20220609_181109\\1654801619676.png, D:\\Projet Test Auto\\Mediabox Test Automation\\Reports\\20220609_181011\\03. Parallel Testing (Testing)\\TS -PT PART 3\\11 Tag SAS_Task_Full lifecycle\\20220609_181109\\1654801628106.png, D:\\Projet Test Auto\\Mediabox Test Automation\\Reports\\20220609_181011\\03. Parallel Testing (Testing)\\TS -PT PART 3\\11 Tag SAS_Task_Full lifecycle\\20220609_181109\\1654801633131.png, D:\\Projet Test Auto\\Mediabox Test Automation\\Reports\\20220609_181011\\03. Parallel Testing (Testing)\\TS -PT PART 3\\11 Tag SAS_Task_Full lifecycle\\20220609_181109\\1654801653010.png, D:\\Projet Test Auto\\Mediabox Test Automation\\Reports\\20220609_181011\\03. Parallel Testing (Testing)\\TS -PT PART 3\\11 Tag SAS_Task_Full lifecycle\\20220609_181109\\1654801664331.png, D:\\Projet Test Auto\\Mediabox Test Automation\\Reports\\20220609_181011\\03. Parallel Testing (Testing)\\TS -PT PART 3\\11 Tag SAS_Task_Full lifecycle\\20220609_181109\\1654801675995.png, D:\\Projet Test Auto\\Mediabox Test Automation\\Reports\\20220609_181011\\03. Parallel Testing (Testing)\\TS -PT PART 3\\11 Tag SAS_Task_Full lifecycle\\20220609_181109\\1654801698385.png, D:\\Projet Test Auto\\Mediabox Test Automation\\Reports\\20220609_181011\\03. Parallel Testing (Testing)\\TS -PT PART 3\\11 Tag SAS_Task_Full lifecycle\\20220609_181109\\1654801708803.png, D:\\Projet Test Auto\\Mediabox Test Automation\\Reports\\20220609_181011\\03. Parallel Testing (Testing)\\TS -PT PART 3\\11 Tag SAS_Task_Full lifecycle\\20220609_181109\\1654801712304.png, D:\\Projet Test Auto\\Mediabox Test Automation\\Reports\\20220609_181011\\03. Parallel Testing (Testing)\\TS -PT PART 3\\11 Tag SAS_Task_Full lifecycle\\20220609_181109\\1654801729947.png, D:\\Projet Test Auto\\Mediabox Test Automation\\Reports\\20220609_181011\\03. Parallel Testing (Testing)\\TS -PT PART 3\\11 Tag SAS_Task_Full lifecycle\\20220609_181109\\1654801745387.png, D:\\Projet Test Auto\\Mediabox Test Automation\\Reports\\20220609_181011\\03. Parallel Testing (Testing)\\TS -PT PART 3\\11 Tag SAS_Task_Full lifecycle\\20220609_181109\\1654801783658.png, D:\\Projet Test Auto\\Mediabox Test Automation\\Reports\\20220609_181011\\03. Parallel Testing (Testing)\\TS -PT PART 3\\11 Tag SAS_Task_Full lifecycle\\20220609_181109\\1654801794692.png, D:\\Projet Test Auto\\Mediabox Test Automation\\Reports\\20220609_181011\\03. Parallel Testing (Testing)\\TS -PT PART 3\\11 Tag SAS_Task_Full lifecycle\\20220609_181109\\1654801797092.png, D:\\Projet Test Auto\\Mediabox Test Automation\\Reports\\20220609_181011\\03. Parallel Testing (Testing)\\TS -PT PART 3\\11 Tag SAS_Task_Full lifecycle\\20220609_181109\\1654801798750.png, D:\\Projet Test Auto\\Mediabox Test Automation\\Reports\\20220609_181011\\03. Parallel Testing (Testing)\\TS -PT PART 3\\11 Tag SAS_Task_Full lifecycle\\20220609_181109\\1654801814981.png, D:\\Projet Test Auto\\Mediabox Test Automation\\Reports\\20220609_181011\\03. Parallel Testing (Testing)\\TS -PT PART 3\\11 Tag SAS_Task_Full lifecycle\\20220609_181109\\1654801852755.png, D:\\Projet Test Auto\\Mediabox Test Automation\\Reports\\20220609_181011\\03. Parallel Testing (Testing)\\TS -PT PART 3\\11 Tag SAS_Task_Full lifecycle\\20220609_181109\\1654801875430.png, D:\\Projet Test Auto\\Mediabox Test Automation\\Reports\\20220609_181011\\03. Parallel Testing (Testing)\\TS -PT PART 3\\11 Tag SAS_Task_Full lifecycle\\20220609_181109\\1654801920448.png, D:\\Projet Test Auto\\Mediabox Test Automation\\Reports\\20220609_181011\\03. Parallel Testing (Testing)\\TS -PT PART 3\\11 Tag SAS_Task_Full lifecycle\\20220609_181109\\1654801931232.png, D:\\Projet Test Auto\\Mediabox Test Automation\\Reports\\20220609_181011\\03. Parallel Testing (Testing)\\TS -PT PART 3\\11 Tag SAS_Task_Full lifecycle\\20220609_181109\\1654801959149.png, D:\\Projet Test Auto\\Mediabox Test Automation\\Reports\\20220609_181011\\03. Parallel Testing (Testing)\\TS -PT PART 3\\11 Tag SAS_Task_Full lifecycle\\20220609_181109\\1654801972694.png, D:\\Projet Test Auto\\Mediabox Test Automation\\Reports\\20220609_181011\\03. Parallel Testing (Testing)\\TS -PT PART 3\\11 Tag SAS_Task_Full lifecycle\\20220609_181109\\1654801976656.png, D:\\Projet Test Auto\\Mediabox Test Automation\\Reports\\20220609_181011\\03. Parallel Testing (Testing)\\TS -PT PART 3\\11 Tag SAS_Task_Full lifecycle\\20220609_181109\\1654801994954.png"/>
         <property name="hostName" value="lamhe - DPF-MBI-VERIF.ad.sgsco.int"/>
         <property name="os" value="Windows 10 64bit"/>
         <property name="katalonVersion" value="8.3.0.208"/>
         <property name="browser" value="Chrome 102.0.5005.63"/>
         <property name="hostAddress" value="10.15.10.53"/>
         <property name="sessionId" value="bc1346ce805cb0e695586e4af96cf538"/>
         <property name="seleniumVersion" value="3.141.59"/>
         <property name="proxyInformation" value="ProxyInformation { proxyOption=NO_PROXY, proxyServerType=HTTP, username=, password=********, proxyServerAddress=, proxyServerPort=0, executionList=&quot;&quot;, isApplyToDesiredCapabilities=true }"/>
         <property name="platform" value="Windows 10"/>
      </properties>
      <testcase name="Test Cases/18. Tag Sephora Npp Starpack Task (Standard_ Question_ Prod)/18.01 Tag Full Lifecycle_Perform Task (used in 18.02) P1" time="505.101" classname="Test Cases/18. Tag Sephora Npp Starpack Task (Standard_ Question_ Prod)/18.01 Tag Full Lifecycle_Perform Task (used in 18.02) P1" status="PASSED">
         <system-out><![CDATA[2022-06-09 20:35:56 - [TEST_CASE][PASSED] - Test Cases/18. Tag Sephora Npp Starpack Task (Standard_ Question_ Prod)/18.01 Tag Full Lifecycle_Perform Task (used in 18.02) P1: Test Cases/18. Tag Sephora Npp Starpack Task (Standard_ Question_ Prod)/18.01 Tag Full Lifecycle_Perform Task (used in 18.02) P1

2022-06-09 20:35:59 - [TEST_STEP][PASSED] - data_Tag = findTestData("Data Files/Username_Password/Tag"): null

2022-06-09 20:35:59 - [TEST_STEP][PASSED] - password_jedun = data_Tag.getValue(3, 1): null

2022-06-09 20:35:59 - [TEST_STEP][PASSED] - password_aamiot = data_Tag.getValue(3, 29): null

2022-06-09 20:35:59 - [TEST_STEP][PASSED] - password_daguirre = data_Tag.getValue(3, 30): null

2022-06-09 20:35:59 - [TEST_STEP][PASSED] - password_aomoto = data_Tag.getValue(3, 31): null

2022-06-09 20:35:59 - [TEST_STEP][PASSED] - password_apetit = data_Tag.getValue(3, 32): null

2022-06-09 20:35:59 - [TEST_STEP][PASSED] - data_urlRELAUTO = findTestData("Data Files/URL/URL_relauto"): null

2022-06-09 20:35:59 - [TEST_STEP][PASSED] - Url_Tag = data_urlRELAUTO.getValue(2, 3): null

2022-06-09 20:35:59 - [TEST_STEP][PASSED] - I.clearnotepad("D:\Upoad_File\Projet_ Login\Tag\18.01 Tag _Project_No\18.01_Tag_ProjectNo.txt"): null

2022-06-09 20:35:59 - [TEST_STEP][PASSED] - I.clearnotepad("D:\Upoad_File\Projet_ Login\Tag\18.01 Tag _Project_No\18.01_Tag_refID1.txt"): null

2022-06-09 20:35:59 - [TEST_STEP][PASSED] - I.clearnotepad("D:\Upoad_File\Projet_ Login\Tag\18.01 Tag _Project_No\18.01_Tag_refID2.txt"): null

2022-06-09 20:35:59 - [TEST_STEP][PASSED] - openBrowser(Url_Tag): Browser is opened with url: 'http://mdb-release.diadeis.lan/MediaboxIndependence/?MBI_datasource=RELTESTAUTO_TAG'

2022-06-09 20:36:00 - [MESSAGE][INFO] - Starting 'Chrome (headless)' driver

2022-06-09 20:36:00 - [MESSAGE][INFO] - User set preference: ['args', '[--window-size=1920,1080, --headless]']

2022-06-09 20:36:00 - [MESSAGE][INFO] - Action delay is set to 0 milliseconds

2022-06-09 20:36:16 - [MESSAGE][PASSED] - Browser is opened with url: 'http://mdb-release.diadeis.lan/MediaboxIndependence/?MBI_datasource=RELTESTAUTO_TAG'

2022-06-09 20:36:16 - [TEST_STEP][PASSED] - maximizeWindow(): Current window maximized

2022-06-09 20:36:17 - [MESSAGE][PASSED] - Current window maximized

2022-06-09 20:36:17 - [TEST_STEP][PASSED] - waitForPageLoad(30): Wait for page load successfully

2022-06-09 20:36:18 - [MESSAGE][PASSED] - Wait for page load successfully

2022-06-09 20:36:18 - [TEST_STEP][PASSED] - takeScreenshot(): Taking screenshot successfully

2022-06-09 20:36:20 - [MESSAGE][PASSED] - Taking screenshot successfully
[[ATTACHMENT|D:\\Projet Test Auto\\Mediabox Test Automation\\Reports\\20220609_181011\\03. Parallel Testing (Testing)\\TS -PT PART 3\\11 Tag SAS_Task_Full lifecycle\\20220609_181109\\1654799779403.png]]

2022-06-09 20:36:20 - [TEST_STEP][PASSED] - I.Login_password("aomoto", password_aomoto): Object: 'Object Repository/1. Constant/xpath' is clicked on

2022-06-09 20:36:21 - [MESSAGE][PASSED] - Text 'aomoto' is set on object 'Object Repository/1. Constant/xpath'

2022-06-09 20:36:22 - [MESSAGE][PASSED] - Delayed 1 second(s)

2022-06-09 20:36:23 - [MESSAGE][PASSED] - Text 'dchi' is set on object 'Object Repository/1. Constant/xpath'

2022-06-09 20:36:24 - [MESSAGE][PASSED] - Delayed 1 second(s)

2022-06-09 20:36:32 - [MESSAGE][PASSED] - Object: 'Object Repository/1. Constant/xpath' is clicked on

2022-06-09 20:36:32 - [TEST_STEP][PASSED] - task1_aomoto = I.Get_Task_No("//*[@id="kt_header"]/div/div[2]/div[1]/div[1]"): Text of object 'Object Repository/1. Constant/xpath' is: '3'

2022-06-09 20:36:33 - [MESSAGE][PASSED] - Text of object 'Object Repository/1. Constant/xpath' is: '3'

2022-06-09 20:36:33 - [TEST_STEP][PASSED] - if (task1_aomoto >= 5): null

2022-06-09 20:36:33 - [TEST_STEP][PASSED] - else: Actual object '3' and expected object '3' are equal

2022-06-09 20:36:33 - [TEST_STEP][PASSED] - verifyEqual(task1_aomoto, task1_aomoto): Actual object '3' and expected object '3' are equal

2022-06-09 20:36:33 - [MESSAGE][PASSED] - Actual object '3' and expected object '3' are equal

2022-06-09 20:36:33 - [TEST_STEP][PASSED] - I.Logout(): Delayed 3 second(s)

2022-06-09 20:36:36 - [MESSAGE][PASSED] - Delayed 3 second(s)

2022-06-09 20:36:36 - [MESSAGE][PASSED] - Object: 'Object Repository/1. Constant/xpath' is clicked on

2022-06-09 20:36:39 - [MESSAGE][PASSED] - Delayed 3 second(s)

2022-06-09 20:36:41 - [MESSAGE][PASSED] - Object: 'Object Repository/1. Constant/xpath' is clicked on

2022-06-09 20:36:44 - [MESSAGE][PASSED] - Delayed 3 second(s)

2022-06-09 20:36:44 - [TEST_STEP][PASSED] - I.Login_password("apetit", password_apetit): Object: 'Object Repository/1. Constant/xpath' is clicked on

2022-06-09 20:36:45 - [MESSAGE][PASSED] - Text 'apetit' is set on object 'Object Repository/1. Constant/xpath'

2022-06-09 20:36:46 - [MESSAGE][PASSED] - Delayed 1 second(s)

2022-06-09 20:36:48 - [MESSAGE][PASSED] - Text 'dchi' is set on object 'Object Repository/1. Constant/xpath'

2022-06-09 20:36:49 - [MESSAGE][PASSED] - Delayed 1 second(s)

2022-06-09 20:36:52 - [MESSAGE][PASSED] - Object: 'Object Repository/1. Constant/xpath' is clicked on

2022-06-09 20:36:52 - [TEST_STEP][PASSED] - task1_apetit = I.Get_Task_No("//*[@id="kt_header"]/div/div[2]/div[1]/div[1]"): Text of object 'Object Repository/1. Constant/xpath' is: '2'

2022-06-09 20:36:52 - [MESSAGE][PASSED] - Text of object 'Object Repository/1. Constant/xpath' is: '2'

2022-06-09 20:36:52 - [TEST_STEP][PASSED] - if (task1_apetit >= 4): null

2022-06-09 20:36:52 - [TEST_STEP][PASSED] - else: Actual object '2' and expected object '2' are equal

2022-06-09 20:36:52 - [TEST_STEP][PASSED] - verifyEqual(task1_apetit, task1_apetit): Actual object '2' and expected object '2' are equal

2022-06-09 20:36:52 - [MESSAGE][PASSED] - Actual object '2' and expected object '2' are equal

2022-06-09 20:36:52 - [TEST_STEP][PASSED] - I.Logout(): Delayed 3 second(s)

2022-06-09 20:36:55 - [MESSAGE][PASSED] - Delayed 3 second(s)

2022-06-09 20:36:56 - [MESSAGE][PASSED] - Object: 'Object Repository/1. Constant/xpath' is clicked on

2022-06-09 20:36:59 - [MESSAGE][PASSED] - Delayed 3 second(s)

2022-06-09 20:37:00 - [MESSAGE][PASSED] - Object: 'Object Repository/1. Constant/xpath' is clicked on

2022-06-09 20:37:03 - [MESSAGE][PASSED] - Delayed 3 second(s)

2022-06-09 20:37:03 - [TEST_STEP][PASSED] - I.Login_password("daguirre", password_daguirre): Object: 'Object Repository/1. Constant/xpath' is clicked on

2022-06-09 20:37:04 - [MESSAGE][PASSED] - Text 'daguirre' is set on object 'Object Repository/1. Constant/xpath'

2022-06-09 20:37:05 - [MESSAGE][PASSED] - Delayed 1 second(s)

2022-06-09 20:37:06 - [MESSAGE][PASSED] - Text 'dchi' is set on object 'Object Repository/1. Constant/xpath'

2022-06-09 20:37:07 - [MESSAGE][PASSED] - Delayed 1 second(s)

2022-06-09 20:37:10 - [MESSAGE][PASSED] - Object: 'Object Repository/1. Constant/xpath' is clicked on

2022-06-09 20:37:10 - [TEST_STEP][PASSED] - click(findTestObject("1. Constant/02_LHSMenu_Projects")): Object: 'Object Repository/1. Constant/02_LHSMenu_Projects' is clicked on

2022-06-09 20:37:14 - [MESSAGE][PASSED] - Object: 'Object Repository/1. Constant/02_LHSMenu_Projects' is clicked on

2022-06-09 20:37:14 - [TEST_STEP][PASSED] - click(findTestObject("1. Constant/xpath", ["xpath":"//*[@id="kt_content"]/div[3]/div/div/div[1]/div[2]/a[1]"])): Object: 'Object Repository/1. Constant/xpath' is clicked on

2022-06-09 20:37:19 - [MESSAGE][PASSED] - Object: 'Object Repository/1. Constant/xpath' is clicked on

2022-06-09 20:37:19 - [TEST_STEP][PASSED] - delay(1): Delayed 1 second(s)

2022-06-09 20:37:20 - [MESSAGE][PASSED] - Delayed 1 second(s)

2022-06-09 20:37:20 - [TEST_STEP][PASSED] - takeScreenshot(): Taking screenshot successfully

2022-06-09 20:37:21 - [MESSAGE][PASSED] - Taking screenshot successfully
[[ATTACHMENT|D:\\Projet Test Auto\\Mediabox Test Automation\\Reports\\20220609_181011\\03. Parallel Testing (Testing)\\TS -PT PART 3\\11 Tag SAS_Task_Full lifecycle\\20220609_181109\\1654799840684.png]]

2022-06-09 20:37:21 - [TEST_STEP][PASSED] - Project_name = "AutoTag_FullLifecyle_" + RandomStringUtils.randomAlphanumeric(3) + "_" + I.gettimedate(): null

2022-06-09 20:37:21 - [TEST_STEP][PASSED] - setText(findTestObject("1. Constant/xpath", ["xpath":"//*[@id="var_141"]"]), Project_name): Text 'AutoTag_FullLifecyle_hbI_juin092022_203721' is set on object 'Object Repository/1. Constant/xpath'

2022-06-09 20:37:21 - [MESSAGE][PASSED] - Text 'AutoTag_FullLifecyle_hbI_juin092022_203721' is set on object 'Object Repository/1. Constant/xpath'

2022-06-09 20:37:21 - [TEST_STEP][PASSED] - I.SelectFromList_Value("//*[@id="var_12"]", "1025"): Delayed 2 second(s)

2022-06-09 20:37:22 - [MESSAGE][PASSED] - All options with value '1025' are selected in object 'Object Repository/1. Constant/xpath' 

2022-06-09 20:37:24 - [MESSAGE][PASSED] - Delayed 2 second(s)

2022-06-09 20:37:24 - [TEST_STEP][PASSED] - I.VerifyMatchText("//*[@id="select2-var_116-container"]", "×" + "
" + "Packaging"): Actual text '×
Packaging' and expected text '×
Packaging' are matched 

2022-06-09 20:37:24 - [MESSAGE][PASSED] - Text of object 'Object Repository/1. Constant/xpath' is: '×
Packaging'

2022-06-09 20:37:25 - [MESSAGE][PASSED] - Delayed 1 second(s)

2022-06-09 20:37:25 - [MESSAGE][PASSED] - Actual text '×
Packaging' and expected text '×
Packaging' are matched 

2022-06-09 20:37:25 - [TEST_STEP][PASSED] - I.SelectFromList_Value("//*[@id="var_262"]", "16352"): Delayed 2 second(s)

2022-06-09 20:37:26 - [MESSAGE][PASSED] - All options with value '16352' are selected in object 'Object Repository/1. Constant/xpath' 

2022-06-09 20:37:28 - [MESSAGE][PASSED] - Delayed 2 second(s)

2022-06-09 20:37:28 - [TEST_STEP][PASSED] - setText(findTestObject("1. Constant/xpath", ["xpath":"//*[@id="var_14"]"]), "10/10/2020"): Text '10/10/2020' is set on object 'Object Repository/1. Constant/xpath'

2022-06-09 20:37:28 - [MESSAGE][PASSED] - Text '10/10/2020' is set on object 'Object Repository/1. Constant/xpath'

2022-06-09 20:37:28 - [TEST_STEP][PASSED] - delay(2): Delayed 2 second(s)

2022-06-09 20:37:30 - [MESSAGE][PASSED] - Delayed 2 second(s)

2022-06-09 20:37:30 - [TEST_STEP][PASSED] - I.VerifyMatchText("//*[@id="select2-var_15-container"]", "×" + "
" + "ACD"): Actual text '×
ACD' and expected text '×
ACD' are matched 

2022-06-09 20:37:30 - [MESSAGE][PASSED] - Text of object 'Object Repository/1. Constant/xpath' is: '×
ACD'

2022-06-09 20:37:31 - [MESSAGE][PASSED] - Delayed 1 second(s)

2022-06-09 20:37:31 - [MESSAGE][PASSED] - Actual text '×
ACD' and expected text '×
ACD' are matched 

2022-06-09 20:37:31 - [TEST_STEP][PASSED] - delay(2): Delayed 2 second(s)

2022-06-09 20:37:33 - [MESSAGE][PASSED] - Delayed 2 second(s)

2022-06-09 20:37:33 - [TEST_STEP][PASSED] - I.VerifyMatchText("//*[@id="select2-var_16-container"]", "×" + "
" + "CeraVe"): Actual text '×
CeraVe' and expected text '×
CeraVe' are matched 

2022-06-09 20:37:34 - [MESSAGE][PASSED] - Text of object 'Object Repository/1. Constant/xpath' is: '×
CeraVe'

2022-06-09 20:37:35 - [MESSAGE][PASSED] - Delayed 1 second(s)

2022-06-09 20:37:35 - [MESSAGE][PASSED] - Actual text '×
CeraVe' and expected text '×
CeraVe' are matched 

2022-06-09 20:37:35 - [TEST_STEP][PASSED] - delay(2): Delayed 2 second(s)

2022-06-09 20:37:37 - [MESSAGE][PASSED] - Delayed 2 second(s)

2022-06-09 20:37:37 - [TEST_STEP][PASSED] - I.VerifyMatchText("//*[@id="select2-var_17-container"]", "×" + "
" + "CeraVe"): Actual text '×
CeraVe' and expected text '×
CeraVe' are matched 

2022-06-09 20:37:37 - [MESSAGE][PASSED] - Text of object 'Object Repository/1. Constant/xpath' is: '×
CeraVe'

2022-06-09 20:37:38 - [MESSAGE][PASSED] - Delayed 1 second(s)

2022-06-09 20:37:38 - [MESSAGE][PASSED] - Actual text '×
CeraVe' and expected text '×
CeraVe' are matched 

2022-06-09 20:37:38 - [TEST_STEP][PASSED] - delay(2): Delayed 2 second(s)

2022-06-09 20:37:40 - [MESSAGE][PASSED] - Delayed 2 second(s)

2022-06-09 20:37:40 - [TEST_STEP][PASSED] - I.SelectFromList_Value("//*[@id="var_18"]", "14527"): Delayed 2 second(s)

2022-06-09 20:37:41 - [MESSAGE][PASSED] - All options with value '14527' are selected in object 'Object Repository/1. Constant/xpath' 

2022-06-09 20:37:43 - [MESSAGE][PASSED] - Delayed 2 second(s)

2022-06-09 20:37:43 - [TEST_STEP][PASSED] - I.SelectFromList_Value("//*[@id="var_19"]", "15641"): Delayed 2 second(s)

2022-06-09 20:37:43 - [MESSAGE][PASSED] - All options with value '15641' are selected in object 'Object Repository/1. Constant/xpath' 

2022-06-09 20:37:45 - [MESSAGE][PASSED] - Delayed 2 second(s)

2022-06-09 20:37:45 - [TEST_STEP][PASSED] - I.SelectFromList_Value("//*[@id="var_20"]", "3773"): Delayed 2 second(s)

2022-06-09 20:37:45 - [MESSAGE][PASSED] - All options with value '3773' are selected in object 'Object Repository/1. Constant/xpath' 

2022-06-09 20:37:47 - [MESSAGE][PASSED] - Delayed 2 second(s)

2022-06-09 20:37:47 - [TEST_STEP][PASSED] - I.SelectFromList_Value("//*[@id="var_21"]", "246"): Delayed 2 second(s)

2022-06-09 20:37:49 - [MESSAGE][PASSED] - All options with value '246' are selected in object 'Object Repository/1. Constant/xpath' 

2022-06-09 20:37:51 - [MESSAGE][PASSED] - Delayed 2 second(s)

2022-06-09 20:37:51 - [TEST_STEP][PASSED] - I.SelectFromList_Value("//*[@id="var_22"]", "3854"): Delayed 2 second(s)

2022-06-09 20:37:51 - [MESSAGE][PASSED] - All options with value '3854' are selected in object 'Object Repository/1. Constant/xpath' 

2022-06-09 20:37:53 - [MESSAGE][PASSED] - Delayed 2 second(s)

2022-06-09 20:37:53 - [TEST_STEP][PASSED] - I.VerifyMatchText("//*[@id="selDest_23"]", "David Aguirre"): Actual text 'David Aguirre' and expected text 'David Aguirre' are matched 

2022-06-09 20:37:54 - [MESSAGE][PASSED] - Text of object 'Object Repository/1. Constant/xpath' is: 'David Aguirre'

2022-06-09 20:37:55 - [MESSAGE][PASSED] - Delayed 1 second(s)

2022-06-09 20:37:55 - [MESSAGE][PASSED] - Actual text 'David Aguirre' and expected text 'David Aguirre' are matched 

2022-06-09 20:37:55 - [TEST_STEP][PASSED] - I.select_multiplelist("//*[@id="selSource_23"]", "//*[@id="btnAdd_23"]", "aomoto"): Delayed 1 second(s)

2022-06-09 20:37:56 - [MESSAGE][PASSED] - Delayed 1 second(s)

2022-06-09 20:37:56 - [MESSAGE][PASSED] - All options with value 'aomoto' are selected in object 'Object Repository/1. Constant/xpath' 

2022-06-09 20:37:58 - [MESSAGE][PASSED] - Delayed 2 second(s)

2022-06-09 20:37:58 - [MESSAGE][PASSED] - Object: 'Object Repository/1. Constant/xpath' is clicked on

2022-06-09 20:37:59 - [MESSAGE][PASSED] - Delayed 1 second(s)

2022-06-09 20:37:59 - [TEST_STEP][PASSED] - delay(1): Delayed 1 second(s)

2022-06-09 20:38:00 - [MESSAGE][PASSED] - Delayed 1 second(s)

2022-06-09 20:38:00 - [TEST_STEP][PASSED] - I.select_multiplelist("//*[@id="selSource_24"]", "//*[@id="btnAdd_24"]", "apetit"): Delayed 1 second(s)

2022-06-09 20:38:01 - [MESSAGE][PASSED] - Delayed 1 second(s)

2022-06-09 20:38:02 - [MESSAGE][PASSED] - All options with value 'apetit' are selected in object 'Object Repository/1. Constant/xpath' 

2022-06-09 20:38:04 - [MESSAGE][PASSED] - Delayed 2 second(s)

2022-06-09 20:38:04 - [MESSAGE][PASSED] - Object: 'Object Repository/1. Constant/xpath' is clicked on

2022-06-09 20:38:05 - [MESSAGE][PASSED] - Delayed 1 second(s)

2022-06-09 20:38:05 - [TEST_STEP][PASSED] - delay(5): Delayed 5 second(s)

2022-06-09 20:38:10 - [MESSAGE][PASSED] - Delayed 5 second(s)

2022-06-09 20:38:10 - [TEST_STEP][PASSED] - click(findTestObject("1. Constant/xpath", ["xpath":"//*[@id="ModifFiche"]/div[3]/div/button"])): Object: 'Object Repository/1. Constant/xpath' is clicked on

2022-06-09 20:38:14 - [MESSAGE][PASSED] - Object: 'Object Repository/1. Constant/xpath' is clicked on

2022-06-09 20:38:14 - [TEST_STEP][PASSED] - delay(2): Delayed 2 second(s)

2022-06-09 20:38:16 - [MESSAGE][PASSED] - Delayed 2 second(s)

2022-06-09 20:38:16 - [TEST_STEP][PASSED] - Project_No = I.ProjectNo(): Current window's url is: 'http://mdb-release.diadeis.lan/MediaboxIndependence/Base/ExecAction?IDSession=MBI%21RELTESTAUTO_TAG%21QGFV62MOA54L2ZN8MLXQAQ53XSP3C6LQYW60TBGS&default_action=AfficheFichesProjet&id_project=MI003408'

2022-06-09 20:38:21 - [MESSAGE][PASSED] - Delayed 5 second(s)

2022-06-09 20:38:21 - [MESSAGE][PASSED] - Current window's url is: 'http://mdb-release.diadeis.lan/MediaboxIndependence/Base/ExecAction?IDSession=MBI%21RELTESTAUTO_TAG%21QGFV62MOA54L2ZN8MLXQAQ53XSP3C6LQYW60TBGS&default_action=AfficheFichesProjet&id_project=MI003408'

2022-06-09 20:38:21 - [TEST_STEP][PASSED] - takeScreenshot(): Taking screenshot successfully

2022-06-09 20:38:21 - [MESSAGE][PASSED] - Taking screenshot successfully
[[ATTACHMENT|D:\\Projet Test Auto\\Mediabox Test Automation\\Reports\\20220609_181011\\03. Parallel Testing (Testing)\\TS -PT PART 3\\11 Tag SAS_Task_Full lifecycle\\20220609_181109\\1654799901691.png]]

2022-06-09 20:38:21 - [TEST_STEP][PASSED] - delay(2): Delayed 2 second(s)

2022-06-09 20:38:23 - [MESSAGE][PASSED] - Delayed 2 second(s)

2022-06-09 20:38:23 - [TEST_STEP][PASSED] - click(findTestObject("1. Constant/xpath", ["xpath":"//*[@id="create_ref_btn"]/button"])): Object: 'Object Repository/1. Constant/xpath' is clicked on

2022-06-09 20:38:24 - [MESSAGE][PASSED] - Object: 'Object Repository/1. Constant/xpath' is clicked on

2022-06-09 20:38:24 - [TEST_STEP][PASSED] - delay(1): Delayed 1 second(s)

2022-06-09 20:38:25 - [MESSAGE][PASSED] - Delayed 1 second(s)

2022-06-09 20:38:25 - [TEST_STEP][PASSED] - click(findTestObject("1. Constant/xpath", ["xpath":"//*[@id="create_ref_btn"]/div/a[1]"])): Object: 'Object Repository/1. Constant/xpath' is clicked on

2022-06-09 20:38:26 - [MESSAGE][PASSED] - Object: 'Object Repository/1. Constant/xpath' is clicked on

2022-06-09 20:38:26 - [TEST_STEP][PASSED] - delay(1): Delayed 1 second(s)

2022-06-09 20:38:27 - [MESSAGE][PASSED] - Delayed 1 second(s)

2022-06-09 20:38:27 - [TEST_STEP][PASSED] - takeScreenshot(): Taking screenshot successfully

2022-06-09 20:38:28 - [MESSAGE][PASSED] - Taking screenshot successfully
[[ATTACHMENT|D:\\Projet Test Auto\\Mediabox Test Automation\\Reports\\20220609_181011\\03. Parallel Testing (Testing)\\TS -PT PART 3\\11 Tag SAS_Task_Full lifecycle\\20220609_181109\\1654799907771.png]]

2022-06-09 20:38:28 - [TEST_STEP][PASSED] - I.SelectFromList_Value("//*[@id="ref_type"]", "8"): Delayed 2 second(s)

2022-06-09 20:38:30 - [MESSAGE][PASSED] - All options with value '8' are selected in object 'Object Repository/1. Constant/xpath' 

2022-06-09 20:38:32 - [MESSAGE][PASSED] - Delayed 2 second(s)

2022-06-09 20:38:32 - [TEST_STEP][PASSED] - click(findTestObject("1. Constant/xpath", ["xpath":"//*[@id="createRefBottom"]"])): Object: 'Object Repository/1. Constant/xpath' is clicked on

2022-06-09 20:38:37 - [MESSAGE][PASSED] - Object: 'Object Repository/1. Constant/xpath' is clicked on

2022-06-09 20:38:37 - [TEST_STEP][PASSED] - takeScreenshot(): Taking screenshot successfully

2022-06-09 20:38:37 - [MESSAGE][PASSED] - Taking screenshot successfully
[[ATTACHMENT|D:\\Projet Test Auto\\Mediabox Test Automation\\Reports\\20220609_181011\\03. Parallel Testing (Testing)\\TS -PT PART 3\\11 Tag SAS_Task_Full lifecycle\\20220609_181109\\1654799917162.png]]

2022-06-09 20:38:37 - [TEST_STEP][PASSED] - setText(findTestObject("1. Constant/xpath", ["xpath":"//*[@id="var_117"]"]), "TC18_AUTO_MOTHERREF"): Text 'TC18_AUTO_MOTHERREF' is set on object 'Object Repository/1. Constant/xpath'

2022-06-09 20:38:38 - [MESSAGE][PASSED] - Text 'TC18_AUTO_MOTHERREF' is set on object 'Object Repository/1. Constant/xpath'

2022-06-09 20:38:38 - [TEST_STEP][PASSED] - I.SelectFromList_Value("//*[@id="var_57"]", "134"): Delayed 2 second(s)

2022-06-09 20:38:38 - [MESSAGE][PASSED] - All options with value '134' are selected in object 'Object Repository/1. Constant/xpath' 

2022-06-09 20:38:40 - [MESSAGE][PASSED] - Delayed 2 second(s)

2022-06-09 20:38:40 - [TEST_STEP][PASSED] - I.SelectFromList_Value("//*[@id="var_28"]", "1194"): Delayed 2 second(s)

2022-06-09 20:38:42 - [MESSAGE][PASSED] - All options with value '1194' are selected in object 'Object Repository/1. Constant/xpath' 

2022-06-09 20:38:44 - [MESSAGE][PASSED] - Delayed 2 second(s)

2022-06-09 20:38:44 - [TEST_STEP][PASSED] - I.SelectFromList_Value("//*[@id="var_228"]", "15723"): Delayed 2 second(s)

2022-06-09 20:38:44 - [MESSAGE][PASSED] - All options with value '15723' are selected in object 'Object Repository/1. Constant/xpath' 

2022-06-09 20:38:46 - [MESSAGE][PASSED] - Delayed 2 second(s)

2022-06-09 20:38:46 - [TEST_STEP][PASSED] - setText(findTestObject("1. Constant/xpath", ["xpath":"//*[@id="var_54"]"]), "100"): Text '100' is set on object 'Object Repository/1. Constant/xpath'

2022-06-09 20:38:46 - [MESSAGE][PASSED] - Text '100' is set on object 'Object Repository/1. Constant/xpath'

2022-06-09 20:38:46 - [TEST_STEP][PASSED] - I.SelectFromList_Value("//*[@id="var_55"]", "122"): Delayed 2 second(s)

2022-06-09 20:38:46 - [MESSAGE][PASSED] - All options with value '122' are selected in object 'Object Repository/1. Constant/xpath' 

2022-06-09 20:38:48 - [MESSAGE][PASSED] - Delayed 2 second(s)

2022-06-09 20:38:48 - [TEST_STEP][PASSED] - refID = I.RefID_tag(): Current window's url is: 'http://mdb-release.diadeis.lan/MediaboxIndependence/Base/ExecAction?IDSession=MBI%21RELTESTAUTO_TAG%21QGFV62MOA54L2ZN8MLXQAQ53XSP3C6LQYW60TBGS&default_action=ModifierRef&id_project=MI003408&id_ref=24437&action_from=create_ref'

2022-06-09 20:38:53 - [MESSAGE][PASSED] - Delayed 5 second(s)

2022-06-09 20:38:54 - [MESSAGE][PASSED] - Current window's url is: 'http://mdb-release.diadeis.lan/MediaboxIndependence/Base/ExecAction?IDSession=MBI%21RELTESTAUTO_TAG%21QGFV62MOA54L2ZN8MLXQAQ53XSP3C6LQYW60TBGS&default_action=ModifierRef&id_project=MI003408&id_ref=24437&action_from=create_ref'

2022-06-09 20:38:54 - [TEST_STEP][PASSED] - delay(2): Delayed 2 second(s)

2022-06-09 20:38:56 - [MESSAGE][PASSED] - Delayed 2 second(s)

2022-06-09 20:38:56 - [TEST_STEP][PASSED] - scrollToElement(findTestObject("1. Constant/xpath", ["xpath":"//*[@id="var_91"]"]), 2): Scroll to object 'Object Repository/1. Constant/xpath' successfully

2022-06-09 20:38:56 - [MESSAGE][PASSED] - Scroll to object 'Object Repository/1. Constant/xpath' successfully

2022-06-09 20:38:56 - [TEST_STEP][PASSED] - I.click_button_javascriptS("/html/body/div[1]/div[2]/div[4]/div[3]/div/div[2]/form/div[3]/div[1]/button"): Execute JavaScript 'arguments[0].click()' successfully

2022-06-09 20:39:01 - [MESSAGE][PASSED] - Execute JavaScript 'arguments[0].click()' successfully

2022-06-09 20:39:01 - [TEST_STEP][PASSED] - delay(2): Delayed 2 second(s)

2022-06-09 20:39:03 - [MESSAGE][PASSED] - Delayed 2 second(s)

2022-06-09 20:39:03 - [TEST_STEP][PASSED] - takeScreenshot(): Taking screenshot successfully

2022-06-09 20:39:03 - [MESSAGE][PASSED] - Taking screenshot successfully
[[ATTACHMENT|D:\\Projet Test Auto\\Mediabox Test Automation\\Reports\\20220609_181011\\03. Parallel Testing (Testing)\\TS -PT PART 3\\11 Tag SAS_Task_Full lifecycle\\20220609_181109\\1654799943164.png]]

2022-06-09 20:39:03 - [TEST_STEP][PASSED] - I.Logout(): Delayed 3 second(s)

2022-06-09 20:39:06 - [MESSAGE][PASSED] - Delayed 3 second(s)

2022-06-09 20:39:06 - [MESSAGE][PASSED] - Object: 'Object Repository/1. Constant/xpath' is clicked on

2022-06-09 20:39:09 - [MESSAGE][PASSED] - Delayed 3 second(s)

2022-06-09 20:39:12 - [MESSAGE][PASSED] - Object: 'Object Repository/1. Constant/xpath' is clicked on

2022-06-09 20:39:15 - [MESSAGE][PASSED] - Delayed 3 second(s)

2022-06-09 20:39:15 - [TEST_STEP][PASSED] - I.Login_password("jedun", password_jedun): Object: 'Object Repository/1. Constant/xpath' is clicked on

2022-06-09 20:39:15 - [MESSAGE][PASSED] - Text 'jedun' is set on object 'Object Repository/1. Constant/xpath'

2022-06-09 20:39:16 - [MESSAGE][PASSED] - Delayed 1 second(s)

2022-06-09 20:39:17 - [MESSAGE][PASSED] - Text 'dchi' is set on object 'Object Repository/1. Constant/xpath'

2022-06-09 20:39:18 - [MESSAGE][PASSED] - Delayed 1 second(s)

2022-06-09 20:39:22 - [MESSAGE][PASSED] - Object: 'Object Repository/1. Constant/xpath' is clicked on

2022-06-09 20:39:22 - [TEST_STEP][PASSED] - click(findTestObject("1. Constant/xpath", ["xpath":"//*[@id="menu_2"]/a"])): Object: 'Object Repository/1. Constant/xpath' is clicked on

2022-06-09 20:39:27 - [MESSAGE][PASSED] - Object: 'Object Repository/1. Constant/xpath' is clicked on

2022-06-09 20:39:27 - [TEST_STEP][PASSED] - I.SearchProjectNo_xpath(Project_No, "//*[@id="keynum_project"]", "//*[@id="form_filters"]/div[7]/button"): Delayed 5 second(s)

2022-06-09 20:39:28 - [MESSAGE][PASSED] - Delayed 1 second(s)

2022-06-09 20:39:28 - [MESSAGE][PASSED] - Text 'MI003408' is set on object 'Object Repository/1. Constant/xpath'

2022-06-09 20:39:31 - [MESSAGE][PASSED] - Delayed 3 second(s)

2022-06-09 20:39:32 - [MESSAGE][PASSED] - Scroll to object 'Object Repository/1. Constant/xpath' successfully

2022-06-09 20:39:36 - [MESSAGE][PASSED] - Object: 'Object Repository/1. Constant/xpath' is clicked on

2022-06-09 20:39:41 - [MESSAGE][PASSED] - Delayed 5 second(s)

2022-06-09 20:39:41 - [TEST_STEP][PASSED] - delay(2): Delayed 2 second(s)

2022-06-09 20:39:43 - [MESSAGE][PASSED] - Delayed 2 second(s)

2022-06-09 20:39:43 - [TEST_STEP][PASSED] - I.superedit_ref(findTestObject("1. Constant/xpath", ["xpath":"//*[@id="source_" + refID + ""]/td[15]/div[2]/button"]), findTestObject("1. Constant/xpath", ["xpath":"//*[@id="source_" + refID + ""]/td[15]/div[2]/div/a[4]"])): Object: 'Object Repository/1. Constant/xpath' is clicked on

2022-06-09 20:39:44 - [MESSAGE][PASSED] - Object: 'Object Repository/1. Constant/xpath' is clicked on

2022-06-09 20:39:47 - [MESSAGE][PASSED] - Delayed 3 second(s)

2022-06-09 20:39:53 - [MESSAGE][PASSED] - Object: 'Object Repository/1. Constant/xpath' is clicked on

2022-06-09 20:39:53 - [TEST_STEP][PASSED] - takeScreenshot(): Taking screenshot successfully

2022-06-09 20:39:54 - [MESSAGE][PASSED] - Taking screenshot successfully
[[ATTACHMENT|D:\\Projet Test Auto\\Mediabox Test Automation\\Reports\\20220609_181011\\03. Parallel Testing (Testing)\\TS -PT PART 3\\11 Tag SAS_Task_Full lifecycle\\20220609_181109\\1654799994464.png]]

2022-06-09 20:39:54 - [TEST_STEP][PASSED] - I.SelectFromList_Value("//*[@id="var_48"]", "925"): Delayed 2 second(s)

2022-06-09 20:39:55 - [MESSAGE][PASSED] - All options with value '925' are selected in object 'Object Repository/1. Constant/xpath' 

2022-06-09 20:39:57 - [MESSAGE][PASSED] - Delayed 2 second(s)

2022-06-09 20:39:57 - [TEST_STEP][PASSED] - setText(findTestObject("1. Constant/xpath", ["xpath":"//*[@id="var_27"]"]), "200192562A"): Text '200192562A' is set on object 'Object Repository/1. Constant/xpath'

2022-06-09 20:39:57 - [MESSAGE][PASSED] - Text '200192562A' is set on object 'Object Repository/1. Constant/xpath'

2022-06-09 20:39:57 - [TEST_STEP][PASSED] - I.click_button_javascriptS("//*[@id="ModifFiche"]/div[1]/div/button"): Execute JavaScript 'arguments[0].click()' successfully

2022-06-09 20:40:05 - [MESSAGE][PASSED] - Execute JavaScript 'arguments[0].click()' successfully

2022-06-09 20:40:05 - [TEST_STEP][PASSED] - I.Logout(): Delayed 3 second(s)

2022-06-09 20:40:08 - [MESSAGE][PASSED] - Delayed 3 second(s)

2022-06-09 20:40:08 - [MESSAGE][PASSED] - Object: 'Object Repository/1. Constant/xpath' is clicked on

2022-06-09 20:40:11 - [MESSAGE][PASSED] - Delayed 3 second(s)

2022-06-09 20:40:14 - [MESSAGE][PASSED] - Object: 'Object Repository/1. Constant/xpath' is clicked on

2022-06-09 20:40:17 - [MESSAGE][PASSED] - Delayed 3 second(s)

2022-06-09 20:40:17 - [TEST_STEP][PASSED] - I.Login_password("aomoto", password_aomoto): Object: 'Object Repository/1. Constant/xpath' is clicked on

2022-06-09 20:40:17 - [MESSAGE][PASSED] - Text 'aomoto' is set on object 'Object Repository/1. Constant/xpath'

2022-06-09 20:40:18 - [MESSAGE][PASSED] - Delayed 1 second(s)

2022-06-09 20:40:19 - [MESSAGE][PASSED] - Text 'dchi' is set on object 'Object Repository/1. Constant/xpath'

2022-06-09 20:40:20 - [MESSAGE][PASSED] - Delayed 1 second(s)

2022-06-09 20:40:23 - [MESSAGE][PASSED] - Object: 'Object Repository/1. Constant/xpath' is clicked on

2022-06-09 20:40:23 - [TEST_STEP][PASSED] - takeScreenshot(): Taking screenshot successfully

2022-06-09 20:40:23 - [MESSAGE][PASSED] - Taking screenshot successfully
[[ATTACHMENT|D:\\Projet Test Auto\\Mediabox Test Automation\\Reports\\20220609_181011\\03. Parallel Testing (Testing)\\TS -PT PART 3\\11 Tag SAS_Task_Full lifecycle\\20220609_181109\\1654800023509.png]]

2022-06-09 20:40:23 - [TEST_STEP][PASSED] - task2_aomoto = I.Get_Task_No("//*[@id="kt_header"]/div/div[2]/div[1]/div[1]/span"): Text of object 'Object Repository/1. Constant/xpath' is: '4'

2022-06-09 20:40:25 - [MESSAGE][PASSED] - Text of object 'Object Repository/1. Constant/xpath' is: '4'

2022-06-09 20:40:25 - [TEST_STEP][PASSED] - click(findTestObject("1. Constant/xpath", ["xpath":"//*[@id="kt_header"]/div/div[2]/div[1]/div[1]/div"])): Object: 'Object Repository/1. Constant/xpath' is clicked on

2022-06-09 20:40:25 - [MESSAGE][PASSED] - Object: 'Object Repository/1. Constant/xpath' is clicked on

2022-06-09 20:40:25 - [TEST_STEP][PASSED] - delay(1): Delayed 1 second(s)

2022-06-09 20:40:26 - [MESSAGE][PASSED] - Delayed 1 second(s)

2022-06-09 20:40:26 - [TEST_STEP][PASSED] - n = 1: null

2022-06-09 20:40:26 - [TEST_STEP][PASSED] - delay(2): Delayed 2 second(s)

2022-06-09 20:40:28 - [MESSAGE][PASSED] - Delayed 2 second(s)

2022-06-09 20:40:28 - [TEST_STEP][PASSED] - takeScreenshot(): Taking screenshot successfully

2022-06-09 20:40:29 - [MESSAGE][PASSED] - Taking screenshot successfully
[[ATTACHMENT|D:\\Projet Test Auto\\Mediabox Test Automation\\Reports\\20220609_181011\\03. Parallel Testing (Testing)\\TS -PT PART 3\\11 Tag SAS_Task_Full lifecycle\\20220609_181109\\1654800028819.png]]

2022-06-09 20:40:29 - [TEST_STEP][PASSED] - delay(1): Delayed 1 second(s)

2022-06-09 20:40:30 - [MESSAGE][PASSED] - Delayed 1 second(s)

2022-06-09 20:40:30 - [TEST_STEP][PASSED] - while (n <= task2_aomoto): null

2022-06-09 20:40:30 - [TEST_STEP][PASSED] - result = getText(findTestObject("1. Constant/xpath", ["xpath":"//*[@id="kt_header"]/div/div[2]/div[1]/div[2]/form/div[2]/a[" + n + "]"]), OPTIONAL): Text of object 'Object Repository/1. Constant/xpath' is: 'COMPLETE & SEND Common Brief: ____ - Dermablend Pro_Makeup Remover_2021_[Do not edit] SAS Part 3
15/12/2021'

2022-06-09 20:40:30 - [MESSAGE][PASSED] - Text of object 'Object Repository/1. Constant/xpath' is: 'COMPLETE & SEND Common Brief: ____ - Dermablend Pro_Makeup Remover_2021_[Do not edit] SAS Part 3
15/12/2021'

2022-06-09 20:40:30 - [TEST_STEP][PASSED] - if (result.contains("COMPLETE & SEND Common Brief: ____ - CeraVe_Acne_2022_AutoTag_FullLifecyle_")): null

2022-06-09 20:40:30 - [TEST_STEP][PASSED] - else: null

2022-06-09 20:40:30 - [TEST_STEP][PASSED] - n = n + 1: null

2022-06-09 20:40:30 - [TEST_STEP][PASSED] - result = getText(findTestObject("1. Constant/xpath", ["xpath":"//*[@id="kt_header"]/div/div[2]/div[1]/div[2]/form/div[2]/a[" + n + "]"]), OPTIONAL): Text of object 'Object Repository/1. Constant/xpath' is: 'COMPLETE & SEND Artwork Brief: SAS_PART_4_Other_Bottom_100OZ______
16/12/2021'

2022-06-09 20:40:30 - [MESSAGE][PASSED] - Text of object 'Object Repository/1. Constant/xpath' is: 'COMPLETE & SEND Artwork Brief: SAS_PART_4_Other_Bottom_100OZ______
16/12/2021'

2022-06-09 20:40:30 - [TEST_STEP][PASSED] - if (result.contains("COMPLETE & SEND Common Brief: ____ - CeraVe_Acne_2022_AutoTag_FullLifecyle_")): null

2022-06-09 20:40:30 - [TEST_STEP][PASSED] - else: null

2022-06-09 20:40:30 - [TEST_STEP][PASSED] - n = n + 1: null

2022-06-09 20:40:30 - [TEST_STEP][PASSED] - result = getText(findTestObject("1. Constant/xpath", ["xpath":"//*[@id="kt_header"]/div/div[2]/div[1]/div[2]/form/div[2]/a[" + n + "]"]), OPTIONAL): Text of object 'Object Repository/1. Constant/xpath' is: 'COMPLETE & SEND Artwork Brief: SAS_PART_4_Other_Bottom_100OZ______
16/12/2021'

2022-06-09 20:40:30 - [MESSAGE][PASSED] - Text of object 'Object Repository/1. Constant/xpath' is: 'COMPLETE & SEND Artwork Brief: SAS_PART_4_Other_Bottom_100OZ______
16/12/2021'

2022-06-09 20:40:30 - [TEST_STEP][PASSED] - if (result.contains("COMPLETE & SEND Common Brief: ____ - CeraVe_Acne_2022_AutoTag_FullLifecyle_")): null

2022-06-09 20:40:30 - [TEST_STEP][PASSED] - else: null

2022-06-09 20:40:30 - [TEST_STEP][PASSED] - n = n + 1: null

2022-06-09 20:40:30 - [TEST_STEP][PASSED] - result = getText(findTestObject("1. Constant/xpath", ["xpath":"//*[@id="kt_header"]/div/div[2]/div[1]/div[2]/form/div[2]/a[" + n + "]"]), OPTIONAL): Text of object 'Object Repository/1. Constant/xpath' is: 'COMPLETE & SEND Common Brief: ____ - CeraVe_Acne_2022_AutoTag_FullLifecyle_hbI_juin092022_203721'

2022-06-09 20:40:30 - [MESSAGE][PASSED] - Text of object 'Object Repository/1. Constant/xpath' is: 'COMPLETE & SEND Common Brief: ____ - CeraVe_Acne_2022_AutoTag_FullLifecyle_hbI_juin092022_203721'

2022-06-09 20:40:30 - [TEST_STEP][PASSED] - if (result.contains("COMPLETE & SEND Common Brief: ____ - CeraVe_Acne_2022_AutoTag_FullLifecyle_")): null

2022-06-09 20:40:30 - [TEST_STEP][PASSED] - click(findTestObject("1. Constant/xpath", ["xpath":"//*[@id="kt_header"]/div/div[2]/div[1]/div[2]/form/div[2]/a[" + n + "]"])): Object: 'Object Repository/1. Constant/xpath' is clicked on

2022-06-09 20:40:32 - [MESSAGE][PASSED] - Object: 'Object Repository/1. Constant/xpath' is clicked on

2022-06-09 20:40:32 - [TEST_STEP][PASSED] - break: null

2022-06-09 20:40:32 - [TEST_STEP][PASSED] - takeScreenshot(): Taking screenshot successfully

2022-06-09 20:40:33 - [MESSAGE][PASSED] - Taking screenshot successfully
[[ATTACHMENT|D:\\Projet Test Auto\\Mediabox Test Automation\\Reports\\20220609_181011\\03. Parallel Testing (Testing)\\TS -PT PART 3\\11 Tag SAS_Task_Full lifecycle\\20220609_181109\\1654800032951.png]]

2022-06-09 20:40:33 - [TEST_STEP][PASSED] - delay(3): Delayed 3 second(s)

2022-06-09 20:40:36 - [MESSAGE][PASSED] - Delayed 3 second(s)

2022-06-09 20:40:36 - [TEST_STEP][PASSED] - click(findTestObject("1. Constant/xpath", ["xpath":"//*[@id="source_" + refID + ""]/td[13]/a[3]"])): Object: 'Object Repository/1. Constant/xpath' is clicked on

2022-06-09 20:40:39 - [MESSAGE][PASSED] - Object: 'Object Repository/1. Constant/xpath' is clicked on

2022-06-09 20:40:39 - [TEST_STEP][PASSED] - takeScreenshot(): Taking screenshot successfully

2022-06-09 20:40:40 - [MESSAGE][PASSED] - Taking screenshot successfully
[[ATTACHMENT|D:\\Projet Test Auto\\Mediabox Test Automation\\Reports\\20220609_181011\\03. Parallel Testing (Testing)\\TS -PT PART 3\\11 Tag SAS_Task_Full lifecycle\\20220609_181109\\1654800039777.png]]

2022-06-09 20:40:40 - [TEST_STEP][PASSED] - click(findTestObject("1. Constant/xpath", ["xpath":"//*[@id="ModifFiche"]/div[1]/div/button[2]"])): Object: 'Object Repository/1. Constant/xpath' is clicked on

2022-06-09 20:40:44 - [MESSAGE][PASSED] - Object: 'Object Repository/1. Constant/xpath' is clicked on

2022-06-09 20:40:44 - [TEST_STEP][PASSED] - delay(1): Delayed 1 second(s)

2022-06-09 20:40:45 - [MESSAGE][PASSED] - Delayed 1 second(s)

2022-06-09 20:40:45 - [TEST_STEP][PASSED] - takeScreenshot(): Taking screenshot successfully

2022-06-09 20:40:46 - [MESSAGE][PASSED] - Taking screenshot successfully
[[ATTACHMENT|D:\\Projet Test Auto\\Mediabox Test Automation\\Reports\\20220609_181011\\03. Parallel Testing (Testing)\\TS -PT PART 3\\11 Tag SAS_Task_Full lifecycle\\20220609_181109\\1654800046105.png]]

2022-06-09 20:40:46 - [TEST_STEP][PASSED] - I.VerifyMatchText("//*[@id="kt_content"]/div[3]/div/div[2]/div[2]/div/div/div/p", "International artwork agency is missing"): Actual text 'International artwork agency is missing' and expected text 'International artwork agency is missing' are matched 

2022-06-09 20:40:47 - [MESSAGE][PASSED] - Text of object 'Object Repository/1. Constant/xpath' is: 'International artwork agency is missing'

2022-06-09 20:40:48 - [MESSAGE][PASSED] - Delayed 1 second(s)

2022-06-09 20:40:48 - [MESSAGE][PASSED] - Actual text 'International artwork agency is missing' and expected text 'International artwork agency is missing' are matched 

2022-06-09 20:40:48 - [TEST_STEP][PASSED] - click(findTestObject("1. Constant/xpath", ["xpath":"//*[@id="kt_content"]/div[3]/div/div[2]/div[3]/div/a"])): Object: 'Object Repository/1. Constant/xpath' is clicked on

2022-06-09 20:40:53 - [MESSAGE][PASSED] - Object: 'Object Repository/1. Constant/xpath' is clicked on

2022-06-09 20:40:53 - [TEST_STEP][PASSED] - delay(1): Delayed 1 second(s)

2022-06-09 20:40:54 - [MESSAGE][PASSED] - Delayed 1 second(s)

2022-06-09 20:40:54 - [TEST_STEP][PASSED] - takeScreenshot(): Taking screenshot successfully

2022-06-09 20:40:55 - [MESSAGE][PASSED] - Taking screenshot successfully
[[ATTACHMENT|D:\\Projet Test Auto\\Mediabox Test Automation\\Reports\\20220609_181011\\03. Parallel Testing (Testing)\\TS -PT PART 3\\11 Tag SAS_Task_Full lifecycle\\20220609_181109\\1654800054863.png]]

2022-06-09 20:40:55 - [TEST_STEP][PASSED] - I.SelectFromList_Value("//*[@id="var_50"]", "16548"): Delayed 2 second(s)

2022-06-09 20:40:56 - [MESSAGE][PASSED] - All options with value '16548' are selected in object 'Object Repository/1. Constant/xpath' 

2022-06-09 20:40:58 - [MESSAGE][PASSED] - Delayed 2 second(s)

2022-06-09 20:40:58 - [TEST_STEP][PASSED] - I.Pagedown(): Execute JavaScript 'window.scrollTo(0, document.body.scrollHeight)' successfully

2022-06-09 20:40:58 - [MESSAGE][PASSED] - Execute JavaScript 'window.scrollTo(0, document.body.scrollHeight)' successfully

2022-06-09 20:40:58 - [TEST_STEP][PASSED] - I.click_button_javascriptS("//*[@id="type_save"]"): Execute JavaScript 'arguments[0].click()' successfully

2022-06-09 20:41:02 - [MESSAGE][PASSED] - Execute JavaScript 'arguments[0].click()' successfully

2022-06-09 20:41:02 - [TEST_STEP][PASSED] - takeScreenshot(): Taking screenshot successfully

2022-06-09 20:41:02 - [MESSAGE][PASSED] - Taking screenshot successfully
[[ATTACHMENT|D:\\Projet Test Auto\\Mediabox Test Automation\\Reports\\20220609_181011\\03. Parallel Testing (Testing)\\TS -PT PART 3\\11 Tag SAS_Task_Full lifecycle\\20220609_181109\\1654800062551.png]]

2022-06-09 20:41:02 - [TEST_STEP][PASSED] - click(findTestObject("1. Constant/xpath", ["xpath":"//*[@id="source_" + refID + ""]/td[13]/a[3]"])): Object: 'Object Repository/1. Constant/xpath' is clicked on

2022-06-09 20:41:06 - [MESSAGE][PASSED] - Object: 'Object Repository/1. Constant/xpath' is clicked on

2022-06-09 20:41:06 - [TEST_STEP][PASSED] - takeScreenshot(): Taking screenshot successfully

2022-06-09 20:41:06 - [MESSAGE][PASSED] - Taking screenshot successfully
[[ATTACHMENT|D:\\Projet Test Auto\\Mediabox Test Automation\\Reports\\20220609_181011\\03. Parallel Testing (Testing)\\TS -PT PART 3\\11 Tag SAS_Task_Full lifecycle\\20220609_181109\\1654800066314.png]]

2022-06-09 20:41:06 - [TEST_STEP][PASSED] - click(findTestObject("1. Constant/xpath", ["xpath":"//*[@id="ModifFiche"]/div[1]/div/button[2]"])): Object: 'Object Repository/1. Constant/xpath' is clicked on

2022-06-09 20:41:13 - [MESSAGE][PASSED] - Object: 'Object Repository/1. Constant/xpath' is clicked on

2022-06-09 20:41:13 - [TEST_STEP][PASSED] - delay(1): Delayed 1 second(s)

2022-06-09 20:41:14 - [MESSAGE][PASSED] - Delayed 1 second(s)

2022-06-09 20:41:14 - [TEST_STEP][PASSED] - task3_aomoto = I.Get_Task_No("//*[@id="kt_header"]/div/div[2]/div[1]/div[1]"): Text of object 'Object Repository/1. Constant/xpath' is: '3'

2022-06-09 20:41:14 - [MESSAGE][PASSED] - Text of object 'Object Repository/1. Constant/xpath' is: '3'

2022-06-09 20:41:14 - [TEST_STEP][PASSED] - verifyEqual(task3_aomoto + 1, task2_aomoto): Actual object '4' and expected object '4' are equal

2022-06-09 20:41:14 - [MESSAGE][PASSED] - Actual object '4' and expected object '4' are equal

2022-06-09 20:41:14 - [TEST_STEP][PASSED] - click(findTestObject("1. Constant/xpath", ["xpath":"//*[@id="kt_header"]/div/div[2]/div[1]/div[1]/div"])): Object: 'Object Repository/1. Constant/xpath' is clicked on

2022-06-09 20:41:15 - [MESSAGE][PASSED] - Object: 'Object Repository/1. Constant/xpath' is clicked on

2022-06-09 20:41:15 - [TEST_STEP][PASSED] - delay(1): Delayed 1 second(s)

2022-06-09 20:41:16 - [MESSAGE][PASSED] - Delayed 1 second(s)

2022-06-09 20:41:16 - [TEST_STEP][PASSED] - k = 1: null

2022-06-09 20:41:16 - [TEST_STEP][PASSED] - while (k <= task3_aomoto): null

2022-06-09 20:41:16 - [TEST_STEP][PASSED] - result2 = getText(findTestObject("1. Constant/xpath", ["xpath":"//*[@id="kt_header"]/div/div[2]/div[1]/div[2]/form/div[2]/a[" + k + "]"]), OPTIONAL): Text of object 'Object Repository/1. Constant/xpath' is: 'COMPLETE & SEND Common Brief: ____ - Dermablend Pro_Makeup Remover_2021_[Do not edit] SAS Part 3
15/12/2021'

2022-06-09 20:41:17 - [MESSAGE][PASSED] - Text of object 'Object Repository/1. Constant/xpath' is: 'COMPLETE & SEND Common Brief: ____ - Dermablend Pro_Makeup Remover_2021_[Do not edit] SAS Part 3
15/12/2021'

2022-06-09 20:41:17 - [TEST_STEP][PASSED] - verifyNotMatch(result2, "COMPLETE & SEND Common Brief: ____ - CeraVe_Acne_2022_" + Project_name, false): Actual text 'COMPLETE & SEND Common Brief: ____ - Dermablend Pro_Makeup Remover_2021_[Do not edit] SAS Part 3
15/12/2021' and expected text 'COMPLETE & SEND Common Brief: ____ - CeraVe_Acne_2022_AutoTag_FullLifecyle_hbI_juin092022_203721' are not matched 

2022-06-09 20:41:17 - [MESSAGE][PASSED] - Actual text 'COMPLETE & SEND Common Brief: ____ - Dermablend Pro_Makeup Remover_2021_[Do not edit] SAS Part 3
15/12/2021' and expected text 'COMPLETE & SEND Common Brief: ____ - CeraVe_Acne_2022_AutoTag_FullLifecyle_hbI_juin092022_203721' are not matched 

2022-06-09 20:41:17 - [TEST_STEP][PASSED] - k = k + 1: null

2022-06-09 20:41:17 - [TEST_STEP][PASSED] - result2 = getText(findTestObject("1. Constant/xpath", ["xpath":"//*[@id="kt_header"]/div/div[2]/div[1]/div[2]/form/div[2]/a[" + k + "]"]), OPTIONAL): Text of object 'Object Repository/1. Constant/xpath' is: 'COMPLETE & SEND Artwork Brief: SAS_PART_4_Other_Bottom_100OZ______
16/12/2021'

2022-06-09 20:41:18 - [MESSAGE][PASSED] - Text of object 'Object Repository/1. Constant/xpath' is: 'COMPLETE & SEND Artwork Brief: SAS_PART_4_Other_Bottom_100OZ______
16/12/2021'

2022-06-09 20:41:18 - [TEST_STEP][PASSED] - verifyNotMatch(result2, "COMPLETE & SEND Common Brief: ____ - CeraVe_Acne_2022_" + Project_name, false): Actual text 'COMPLETE & SEND Artwork Brief: SAS_PART_4_Other_Bottom_100OZ______
16/12/2021' and expected text 'COMPLETE & SEND Common Brief: ____ - CeraVe_Acne_2022_AutoTag_FullLifecyle_hbI_juin092022_203721' are not matched 

2022-06-09 20:41:18 - [MESSAGE][PASSED] - Actual text 'COMPLETE & SEND Artwork Brief: SAS_PART_4_Other_Bottom_100OZ______
16/12/2021' and expected text 'COMPLETE & SEND Common Brief: ____ - CeraVe_Acne_2022_AutoTag_FullLifecyle_hbI_juin092022_203721' are not matched 

2022-06-09 20:41:18 - [TEST_STEP][PASSED] - k = k + 1: null

2022-06-09 20:41:18 - [TEST_STEP][PASSED] - result2 = getText(findTestObject("1. Constant/xpath", ["xpath":"//*[@id="kt_header"]/div/div[2]/div[1]/div[2]/form/div[2]/a[" + k + "]"]), OPTIONAL): Text of object 'Object Repository/1. Constant/xpath' is: 'COMPLETE & SEND Artwork Brief: SAS_PART_4_Other_Bottom_100OZ______
16/12/2021'

2022-06-09 20:41:18 - [MESSAGE][PASSED] - Text of object 'Object Repository/1. Constant/xpath' is: 'COMPLETE & SEND Artwork Brief: SAS_PART_4_Other_Bottom_100OZ______
16/12/2021'

2022-06-09 20:41:18 - [TEST_STEP][PASSED] - verifyNotMatch(result2, "COMPLETE & SEND Common Brief: ____ - CeraVe_Acne_2022_" + Project_name, false): Actual text 'COMPLETE & SEND Artwork Brief: SAS_PART_4_Other_Bottom_100OZ______
16/12/2021' and expected text 'COMPLETE & SEND Common Brief: ____ - CeraVe_Acne_2022_AutoTag_FullLifecyle_hbI_juin092022_203721' are not matched 

2022-06-09 20:41:18 - [MESSAGE][PASSED] - Actual text 'COMPLETE & SEND Artwork Brief: SAS_PART_4_Other_Bottom_100OZ______
16/12/2021' and expected text 'COMPLETE & SEND Common Brief: ____ - CeraVe_Acne_2022_AutoTag_FullLifecyle_hbI_juin092022_203721' are not matched 

2022-06-09 20:41:18 - [TEST_STEP][PASSED] - k = k + 1: null

2022-06-09 20:41:18 - [TEST_STEP][PASSED] - delay(1): Delayed 1 second(s)

2022-06-09 20:41:19 - [MESSAGE][PASSED] - Delayed 1 second(s)

2022-06-09 20:41:19 - [TEST_STEP][PASSED] - takeScreenshot(): Taking screenshot successfully

2022-06-09 20:41:20 - [MESSAGE][PASSED] - Taking screenshot successfully
[[ATTACHMENT|D:\\Projet Test Auto\\Mediabox Test Automation\\Reports\\20220609_181011\\03. Parallel Testing (Testing)\\TS -PT PART 3\\11 Tag SAS_Task_Full lifecycle\\20220609_181109\\1654800080349.png]]

2022-06-09 20:41:20 - [TEST_STEP][PASSED] - click(findTestObject("1. Constant/xpath", ["xpath":"//*[@id="source_" + refID + ""]/td[13]/a"])): Object: 'Object Repository/1. Constant/xpath' is clicked on

2022-06-09 20:41:22 - [MESSAGE][PASSED] - Object: 'Object Repository/1. Constant/xpath' is clicked on

2022-06-09 20:41:22 - [TEST_STEP][PASSED] - takeScreenshot(): Taking screenshot successfully

2022-06-09 20:41:23 - [MESSAGE][PASSED] - Taking screenshot successfully
[[ATTACHMENT|D:\\Projet Test Auto\\Mediabox Test Automation\\Reports\\20220609_181011\\03. Parallel Testing (Testing)\\TS -PT PART 3\\11 Tag SAS_Task_Full lifecycle\\20220609_181109\\1654800083017.png]]

2022-06-09 20:41:23 - [TEST_STEP][PASSED] - I.SelectFromList_Value("//*[@id="lfc_tpl"]", "94"): Delayed 2 second(s)

2022-06-09 20:41:24 - [MESSAGE][PASSED] - All options with value '94' are selected in object 'Object Repository/1. Constant/xpath' 

2022-06-09 20:41:26 - [MESSAGE][PASSED] - Delayed 2 second(s)

2022-06-09 20:41:26 - [TEST_STEP][PASSED] - takeScreenshot(): Taking screenshot successfully

2022-06-09 20:41:27 - [MESSAGE][PASSED] - Taking screenshot successfully
[[ATTACHMENT|D:\\Projet Test Auto\\Mediabox Test Automation\\Reports\\20220609_181011\\03. Parallel Testing (Testing)\\TS -PT PART 3\\11 Tag SAS_Task_Full lifecycle\\20220609_181109\\1654800086776.png]]

2022-06-09 20:41:27 - [TEST_STEP][PASSED] - click(findTestObject("1. Constant/xpath", ["xpath":"//*[@id="createRefTop"]"])): Object: 'Object Repository/1. Constant/xpath' is clicked on

2022-06-09 20:41:34 - [MESSAGE][PASSED] - Object: 'Object Repository/1. Constant/xpath' is clicked on

2022-06-09 20:41:34 - [TEST_STEP][PASSED] - delay(1): Delayed 1 second(s)

2022-06-09 20:41:35 - [MESSAGE][PASSED] - Delayed 1 second(s)

2022-06-09 20:41:35 - [TEST_STEP][PASSED] - takeScreenshot(): Taking screenshot successfully

2022-06-09 20:41:35 - [MESSAGE][PASSED] - Taking screenshot successfully
[[ATTACHMENT|D:\\Projet Test Auto\\Mediabox Test Automation\\Reports\\20220609_181011\\03. Parallel Testing (Testing)\\TS -PT PART 3\\11 Tag SAS_Task_Full lifecycle\\20220609_181109\\1654800095391.png]]

2022-06-09 20:41:35 - [TEST_STEP][PASSED] - click(findTestObject("1. Constant/xpath", ["xpath":"//*[@id="ModifFiche"]/div[1]/div[1]/a"])): Object: 'Object Repository/1. Constant/xpath' is clicked on

2022-06-09 20:41:38 - [MESSAGE][PASSED] - Object: 'Object Repository/1. Constant/xpath' is clicked on

2022-06-09 20:41:38 - [TEST_STEP][PASSED] - click(findTestObject("1. Constant/xpath", ["xpath":"/html/body/div[1]/div[2]/div[4]/div[3]/div/div[2]/div[2]/div[1]/table/tbody/tr[2]/td[8]/a"])): Object: 'Object Repository/1. Constant/xpath' is clicked on

2022-06-09 20:41:41 - [MESSAGE][PASSED] - Object: 'Object Repository/1. Constant/xpath' is clicked on

2022-06-09 20:41:41 - [TEST_STEP][PASSED] - refID_1 = I.RefID_tag(): Current window's url is: 'http://mdb-release.diadeis.lan/MediaboxIndependence/Base/ExecAction?action=VoirRef&IDSession=MBI!RELTESTAUTO_TAG!GXYPFV1JCNJJBMJ9Z08NIVHKR973WG699BW1Q29W&num=HOAJE98DIX&id_ref=24438'

2022-06-09 20:41:46 - [MESSAGE][PASSED] - Delayed 5 second(s)

2022-06-09 20:41:47 - [MESSAGE][PASSED] - Current window's url is: 'http://mdb-release.diadeis.lan/MediaboxIndependence/Base/ExecAction?action=VoirRef&IDSession=MBI!RELTESTAUTO_TAG!GXYPFV1JCNJJBMJ9Z08NIVHKR973WG699BW1Q29W&num=HOAJE98DIX&id_ref=24438'

2022-06-09 20:41:47 - [TEST_STEP][PASSED] - task4_aomoto = I.Get_Task_No("//*[@id="kt_header"]/div/div[2]/div[1]/div[1]"): Text of object 'Object Repository/1. Constant/xpath' is: '4'

2022-06-09 20:41:47 - [MESSAGE][PASSED] - Text of object 'Object Repository/1. Constant/xpath' is: '4'

2022-06-09 20:41:47 - [TEST_STEP][PASSED] - verifyEqual(task4_aomoto - 1, task3_aomoto): Actual object '3' and expected object '3' are equal

2022-06-09 20:41:47 - [MESSAGE][PASSED] - Actual object '3' and expected object '3' are equal

2022-06-09 20:41:47 - [TEST_STEP][PASSED] - click(findTestObject("1. Constant/xpath", ["xpath":"//*[@id="kt_header"]/div/div[2]/div[1]/div[1]/div"])): Object: 'Object Repository/1. Constant/xpath' is clicked on

2022-06-09 20:41:47 - [MESSAGE][PASSED] - Object: 'Object Repository/1. Constant/xpath' is clicked on

2022-06-09 20:41:47 - [TEST_STEP][PASSED] - delay(1): Delayed 1 second(s)

2022-06-09 20:41:48 - [MESSAGE][PASSED] - Delayed 1 second(s)

2022-06-09 20:41:48 - [TEST_STEP][PASSED] - i = 1: null

2022-06-09 20:41:48 - [TEST_STEP][PASSED] - while (i <= task4_aomoto): null

2022-06-09 20:41:48 - [TEST_STEP][PASSED] - result3 = getText(findTestObject("1. Constant/xpath", ["xpath":"//*[@id="kt_header"]/div/div[2]/div[1]/div[2]/form/div[2]/a[" + i + "]"])): Text of object 'Object Repository/1. Constant/xpath' is: 'COMPLETE & SEND Common Brief: ____ - Dermablend Pro_Makeup Remover_2021_[Do not edit] SAS Part 3
15/12/2021'

2022-06-09 20:41:48 - [MESSAGE][PASSED] - Text of object 'Object Repository/1. Constant/xpath' is: 'COMPLETE & SEND Common Brief: ____ - Dermablend Pro_Makeup Remover_2021_[Do not edit] SAS Part 3
15/12/2021'

2022-06-09 20:41:48 - [TEST_STEP][PASSED] - if (result3.contains("COMPLETE & SEND Artwork Brief: TC18_AUTO_MOTHERREF_Fake_Beauty Seal_100CM2______")): null

2022-06-09 20:41:48 - [TEST_STEP][PASSED] - else: null

2022-06-09 20:41:48 - [TEST_STEP][PASSED] - i = i + 1: null

2022-06-09 20:41:48 - [TEST_STEP][PASSED] - result3 = getText(findTestObject("1. Constant/xpath", ["xpath":"//*[@id="kt_header"]/div/div[2]/div[1]/div[2]/form/div[2]/a[" + i + "]"])): Text of object 'Object Repository/1. Constant/xpath' is: 'COMPLETE & SEND Artwork Brief: SAS_PART_4_Other_Bottom_100OZ______
16/12/2021'

2022-06-09 20:41:48 - [MESSAGE][PASSED] - Text of object 'Object Repository/1. Constant/xpath' is: 'COMPLETE & SEND Artwork Brief: SAS_PART_4_Other_Bottom_100OZ______
16/12/2021'

2022-06-09 20:41:48 - [TEST_STEP][PASSED] - if (result3.contains("COMPLETE & SEND Artwork Brief: TC18_AUTO_MOTHERREF_Fake_Beauty Seal_100CM2______")): null

2022-06-09 20:41:48 - [TEST_STEP][PASSED] - else: null

2022-06-09 20:41:48 - [TEST_STEP][PASSED] - i = i + 1: null

2022-06-09 20:41:48 - [TEST_STEP][PASSED] - result3 = getText(findTestObject("1. Constant/xpath", ["xpath":"//*[@id="kt_header"]/div/div[2]/div[1]/div[2]/form/div[2]/a[" + i + "]"])): Text of object 'Object Repository/1. Constant/xpath' is: 'COMPLETE & SEND Artwork Brief: SAS_PART_4_Other_Bottom_100OZ______
16/12/2021'

2022-06-09 20:41:49 - [MESSAGE][PASSED] - Text of object 'Object Repository/1. Constant/xpath' is: 'COMPLETE & SEND Artwork Brief: SAS_PART_4_Other_Bottom_100OZ______
16/12/2021'

2022-06-09 20:41:49 - [TEST_STEP][PASSED] - if (result3.contains("COMPLETE & SEND Artwork Brief: TC18_AUTO_MOTHERREF_Fake_Beauty Seal_100CM2______")): null

2022-06-09 20:41:49 - [TEST_STEP][PASSED] - else: null

2022-06-09 20:41:49 - [TEST_STEP][PASSED] - i = i + 1: null

2022-06-09 20:41:49 - [TEST_STEP][PASSED] - result3 = getText(findTestObject("1. Constant/xpath", ["xpath":"//*[@id="kt_header"]/div/div[2]/div[1]/div[2]/form/div[2]/a[" + i + "]"])): Text of object 'Object Repository/1. Constant/xpath' is: 'COMPLETE & SEND Artwork Brief: TC18_AUTO_MOTHERREF_Fake_Beauty Seal_100CM2______'

2022-06-09 20:41:49 - [MESSAGE][PASSED] - Text of object 'Object Repository/1. Constant/xpath' is: 'COMPLETE & SEND Artwork Brief: TC18_AUTO_MOTHERREF_Fake_Beauty Seal_100CM2______'

2022-06-09 20:41:49 - [TEST_STEP][PASSED] - if (result3.contains("COMPLETE & SEND Artwork Brief: TC18_AUTO_MOTHERREF_Fake_Beauty Seal_100CM2______")): null

2022-06-09 20:41:49 - [TEST_STEP][PASSED] - verifyMatch("1", "1", false): Actual text '1' and expected text '1' are matched 

2022-06-09 20:41:49 - [MESSAGE][PASSED] - Actual text '1' and expected text '1' are matched 

2022-06-09 20:41:49 - [TEST_STEP][PASSED] - i = i + 1: null

2022-06-09 20:41:49 - [TEST_STEP][PASSED] - break: null

2022-06-09 20:41:49 - [TEST_STEP][PASSED] - I.Logout(): Delayed 3 second(s)

2022-06-09 20:41:52 - [MESSAGE][PASSED] - Delayed 3 second(s)

2022-06-09 20:41:52 - [MESSAGE][PASSED] - Object: 'Object Repository/1. Constant/xpath' is clicked on

2022-06-09 20:41:55 - [MESSAGE][PASSED] - Delayed 3 second(s)

2022-06-09 20:41:57 - [MESSAGE][PASSED] - Object: 'Object Repository/1. Constant/xpath' is clicked on

2022-06-09 20:42:00 - [MESSAGE][PASSED] - Delayed 3 second(s)

2022-06-09 20:42:00 - [TEST_STEP][PASSED] - I.Login_password("apetit", password_apetit): Object: 'Object Repository/1. Constant/xpath' is clicked on

2022-06-09 20:42:01 - [MESSAGE][PASSED] - Text 'apetit' is set on object 'Object Repository/1. Constant/xpath'

2022-06-09 20:42:02 - [MESSAGE][PASSED] - Delayed 1 second(s)

2022-06-09 20:42:02 - [MESSAGE][PASSED] - Text 'dchi' is set on object 'Object Repository/1. Constant/xpath'

2022-06-09 20:42:03 - [MESSAGE][PASSED] - Delayed 1 second(s)

2022-06-09 20:42:07 - [MESSAGE][PASSED] - Object: 'Object Repository/1. Constant/xpath' is clicked on

2022-06-09 20:42:07 - [TEST_STEP][PASSED] - takeScreenshot(): Taking screenshot successfully

2022-06-09 20:42:08 - [MESSAGE][PASSED] - Taking screenshot successfully
[[ATTACHMENT|D:\\Projet Test Auto\\Mediabox Test Automation\\Reports\\20220609_181011\\03. Parallel Testing (Testing)\\TS -PT PART 3\\11 Tag SAS_Task_Full lifecycle\\20220609_181109\\1654800127641.png]]

2022-06-09 20:42:08 - [TEST_STEP][PASSED] - task2_apetit = I.Get_Task_No("//*[@id="kt_header"]/div/div[2]/div[1]/div[1]"): Text of object 'Object Repository/1. Constant/xpath' is: '3'

2022-06-09 20:42:08 - [MESSAGE][PASSED] - Text of object 'Object Repository/1. Constant/xpath' is: '3'

2022-06-09 20:42:08 - [TEST_STEP][PASSED] - verifyEqual(task2_apetit - 1, task1_apetit): Actual object '2' and expected object '2' are equal

2022-06-09 20:42:08 - [MESSAGE][PASSED] - Actual object '2' and expected object '2' are equal

2022-06-09 20:42:08 - [TEST_STEP][PASSED] - a = 1: null

2022-06-09 20:42:08 - [TEST_STEP][PASSED] - while (a <= task2_apetit): null

2022-06-09 20:42:08 - [TEST_STEP][PASSED] - b = a + 1: null

2022-06-09 20:42:08 - [TEST_STEP][PASSED] - result = getText(findTestObject("1. Constant/xpath", ["xpath":"//*[@id="widg_20200728_091929_587E6645P"]/div/div[2]/div/div/table/tbody/tr[" + b + "]/td[1]/a"]), OPTIONAL): Text of object 'Object Repository/1. Constant/xpath' is: 'COMPLETE & SEND Common Brief: ___ - ACD Non reparti_ACD Non reparti_2021_[DO NOT EDIT] IMPORT REF Part 1'

2022-06-09 20:42:08 - [MESSAGE][PASSED] - Text of object 'Object Repository/1. Constant/xpath' is: 'COMPLETE & SEND Common Brief: ___ - ACD Non reparti_ACD Non reparti_2021_[DO NOT EDIT] IMPORT REF Part 1'

2022-06-09 20:42:08 - [TEST_STEP][PASSED] - if (result.contains("COMPLETE & SEND Common Brief: TC18_AUTO_MOTHERREF_Fake_Beauty Seal_100CM2_ - CeraVe_Acne_2022_" + Project_name)): null

2022-06-09 20:42:08 - [TEST_STEP][PASSED] - else: null

2022-06-09 20:42:08 - [TEST_STEP][PASSED] - a = a + 1: null

2022-06-09 20:42:08 - [TEST_STEP][PASSED] - b = a + 1: null

2022-06-09 20:42:08 - [TEST_STEP][PASSED] - result = getText(findTestObject("1. Constant/xpath", ["xpath":"//*[@id="widg_20200728_091929_587E6645P"]/div/div[2]/div/div/table/tbody/tr[" + b + "]/td[1]/a"]), OPTIONAL): Text of object 'Object Repository/1. Constant/xpath' is: 'COMPLETE & SEND Common Brief: FOREIGN_KEY_DELETED - ACD Non reparti_ACD Non reparti_2021_[DO NOT EDIT] IMPORT REF Part 1'

2022-06-09 20:42:08 - [MESSAGE][PASSED] - Text of object 'Object Repository/1. Constant/xpath' is: 'COMPLETE & SEND Common Brief: FOREIGN_KEY_DELETED - ACD Non reparti_ACD Non reparti_2021_[DO NOT EDIT] IMPORT REF Part 1'

2022-06-09 20:42:08 - [TEST_STEP][PASSED] - if (result.contains("COMPLETE & SEND Common Brief: TC18_AUTO_MOTHERREF_Fake_Beauty Seal_100CM2_ - CeraVe_Acne_2022_" + Project_name)): null

2022-06-09 20:42:08 - [TEST_STEP][PASSED] - else: null

2022-06-09 20:42:08 - [TEST_STEP][PASSED] - a = a + 1: null

2022-06-09 20:42:08 - [TEST_STEP][PASSED] - b = a + 1: null

2022-06-09 20:42:08 - [TEST_STEP][PASSED] - result = getText(findTestObject("1. Constant/xpath", ["xpath":"//*[@id="widg_20200728_091929_587E6645P"]/div/div[2]/div/div/table/tbody/tr[" + b + "]/td[1]/a"]), OPTIONAL): Text of object 'Object Repository/1. Constant/xpath' is: 'COMPLETE & SEND Common Brief: TC18_AUTO_MOTHERREF_Fake_Beauty Seal_100CM2_ - CeraVe_Acne_2022_AutoTag_FullLifecyle_hbI_juin092022_203721'

2022-06-09 20:42:08 - [MESSAGE][PASSED] - Text of object 'Object Repository/1. Constant/xpath' is: 'COMPLETE & SEND Common Brief: TC18_AUTO_MOTHERREF_Fake_Beauty Seal_100CM2_ - CeraVe_Acne_2022_AutoTag_FullLifecyle_hbI_juin092022_203721'

2022-06-09 20:42:08 - [TEST_STEP][PASSED] - if (result.contains("COMPLETE & SEND Common Brief: TC18_AUTO_MOTHERREF_Fake_Beauty Seal_100CM2_ - CeraVe_Acne_2022_" + Project_name)): null

2022-06-09 20:42:08 - [TEST_STEP][PASSED] - click(findTestObject("1. Constant/xpath", ["xpath":"//*[@id="widg_20200728_091929_587E6645P"]/div/div[2]/div/div/table/tbody/tr[" + b + "]/td[1]/a"])): Object: 'Object Repository/1. Constant/xpath' is clicked on

2022-06-09 20:42:10 - [MESSAGE][PASSED] - Object: 'Object Repository/1. Constant/xpath' is clicked on

2022-06-09 20:42:10 - [TEST_STEP][PASSED] - break: null

2022-06-09 20:42:10 - [TEST_STEP][PASSED] - takeScreenshot(): Taking screenshot successfully

2022-06-09 20:42:11 - [MESSAGE][PASSED] - Taking screenshot successfully
[[ATTACHMENT|D:\\Projet Test Auto\\Mediabox Test Automation\\Reports\\20220609_181011\\03. Parallel Testing (Testing)\\TS -PT PART 3\\11 Tag SAS_Task_Full lifecycle\\20220609_181109\\1654800131168.png]]

2022-06-09 20:42:11 - [TEST_STEP][PASSED] - delay(1): Delayed 1 second(s)

2022-06-09 20:42:12 - [MESSAGE][PASSED] - Delayed 1 second(s)

2022-06-09 20:42:12 - [TEST_STEP][PASSED] - click(findTestObject("1. Constant/xpath", ["xpath":"//*[@id="source_" + refID + ""]/td[15]/a[2]"])): Object: 'Object Repository/1. Constant/xpath' is clicked on

2022-06-09 20:42:16 - [MESSAGE][PASSED] - Object: 'Object Repository/1. Constant/xpath' is clicked on

2022-06-09 20:42:16 - [TEST_STEP][PASSED] - delay(1): Delayed 1 second(s)

2022-06-09 20:42:17 - [MESSAGE][PASSED] - Delayed 1 second(s)

2022-06-09 20:42:17 - [TEST_STEP][PASSED] - takeScreenshot(): Taking screenshot successfully

2022-06-09 20:42:18 - [MESSAGE][PASSED] - Taking screenshot successfully
[[ATTACHMENT|D:\\Projet Test Auto\\Mediabox Test Automation\\Reports\\20220609_181011\\03. Parallel Testing (Testing)\\TS -PT PART 3\\11 Tag SAS_Task_Full lifecycle\\20220609_181109\\1654800138049.png]]

2022-06-09 20:42:18 - [TEST_STEP][PASSED] - click(findTestObject("1. Constant/xpath", ["xpath":"//*[@id="ModifFiche"]/div[1]/div/div/button"])): Object: 'Object Repository/1. Constant/xpath' is clicked on

2022-06-09 20:42:19 - [MESSAGE][PASSED] - Object: 'Object Repository/1. Constant/xpath' is clicked on

2022-06-09 20:42:19 - [TEST_STEP][PASSED] - delay(1): Delayed 1 second(s)

2022-06-09 20:42:20 - [MESSAGE][PASSED] - Delayed 1 second(s)

2022-06-09 20:42:20 - [TEST_STEP][PASSED] - click(findTestObject("1. Constant/xpath", ["xpath":"//*[@id="ModifFiche"]/div[1]/div/div/div/a[2]"])): Object: 'Object Repository/1. Constant/xpath' is clicked on

2022-06-09 20:42:24 - [MESSAGE][PASSED] - Object: 'Object Repository/1. Constant/xpath' is clicked on

2022-06-09 20:42:24 - [TEST_STEP][PASSED] - delay(1): Delayed 1 second(s)

2022-06-09 20:42:25 - [MESSAGE][PASSED] - Delayed 1 second(s)

2022-06-09 20:42:25 - [TEST_STEP][PASSED] - takeScreenshot(): Taking screenshot successfully

2022-06-09 20:42:25 - [MESSAGE][PASSED] - Taking screenshot successfully
[[ATTACHMENT|D:\\Projet Test Auto\\Mediabox Test Automation\\Reports\\20220609_181011\\03. Parallel Testing (Testing)\\TS -PT PART 3\\11 Tag SAS_Task_Full lifecycle\\20220609_181109\\1654800145190.png]]

2022-06-09 20:42:25 - [TEST_STEP][PASSED] - delay(1): Delayed 1 second(s)

2022-06-09 20:42:26 - [MESSAGE][PASSED] - Delayed 1 second(s)

2022-06-09 20:42:26 - [TEST_STEP][PASSED] - click(findTestObject("1. Constant/xpath", ["xpath":"//*[@id="ModifFiche"]/div[3]/div/button[2]"])): Object: 'Object Repository/1. Constant/xpath' is clicked on

2022-06-09 20:42:27 - [MESSAGE][PASSED] - Object: 'Object Repository/1. Constant/xpath' is clicked on

2022-06-09 20:42:27 - [TEST_STEP][PASSED] - Expected_toastr1 = "×" + "
" + "Error" + "

" + "REFERENCE BRIEF VALIDATION ERRORS : TC18_AUTO_MOTHERREF_Fake_Beauty Seal_100CM2_" + "
" + "Reason for sending back to MKT is missing": null

2022-06-09 20:42:27 - [TEST_STEP][PASSED] - I.VerifyMatchToastrmsg("//*[@id="toast-container"]/div", Expected_toastr1): Actual text '×
Error

REFERENCE BRIEF VALIDATION ERRORS : TC18_AUTO_MOTHERREF_Fake_Beauty Seal_100CM2_
Reason for sending back to MKT is missing' and expected text '×
Error

REFERENCE BRIEF VALIDATION ERRORS : TC18_AUTO_MOTHERREF_Fake_Beauty Seal_100CM2_
Reason for sending back to MKT is missing' are matched 

2022-06-09 20:42:27 - [MESSAGE][PASSED] - Object 'Object Repository/1. Constant/xpath' is visible

2022-06-09 20:42:27 - [MESSAGE][PASSED] - Text of object 'Object Repository/1. Constant/xpath' is: '×
Error

REFERENCE BRIEF VALIDATION ERRORS : TC18_AUTO_MOTHERREF_Fake_Beauty Seal_100CM2_
Reason for sending back to MKT is missing'

2022-06-09 20:42:28 - [MESSAGE][PASSED] - Taking screenshot successfully
[[ATTACHMENT|D:\\Projet Test Auto\\Mediabox Test Automation\\Reports\\20220609_181011\\03. Parallel Testing (Testing)\\TS -PT PART 3\\11 Tag SAS_Task_Full lifecycle\\20220609_181109\\1654800147944.png]]

2022-06-09 20:42:28 - [MESSAGE][PASSED] - Actual text '×
Error

REFERENCE BRIEF VALIDATION ERRORS : TC18_AUTO_MOTHERREF_Fake_Beauty Seal_100CM2_
Reason for sending back to MKT is missing' and expected text '×
Error

REFERENCE BRIEF VALIDATION ERRORS : TC18_AUTO_MOTHERREF_Fake_Beauty Seal_100CM2_
Reason for sending back to MKT is missing' are matched 

2022-06-09 20:42:28 - [TEST_STEP][PASSED] - takeScreenshot(): Taking screenshot successfully

2022-06-09 20:42:29 - [MESSAGE][PASSED] - Taking screenshot successfully
[[ATTACHMENT|D:\\Projet Test Auto\\Mediabox Test Automation\\Reports\\20220609_181011\\03. Parallel Testing (Testing)\\TS -PT PART 3\\11 Tag SAS_Task_Full lifecycle\\20220609_181109\\1654800148742.png]]

2022-06-09 20:42:29 - [TEST_STEP][PASSED] - click(findTestObject("1. Constant/xpath", ["xpath":"//*[@id="ModifFiche"]/div[1]/div/a"])): Object: 'Object Repository/1. Constant/xpath' is clicked on

2022-06-09 20:42:31 - [MESSAGE][PASSED] - Object: 'Object Repository/1. Constant/xpath' is clicked on

2022-06-09 20:42:31 - [TEST_STEP][PASSED] - delay(1): Delayed 1 second(s)

2022-06-09 20:42:32 - [MESSAGE][PASSED] - Delayed 1 second(s)

2022-06-09 20:42:32 - [TEST_STEP][PASSED] - takeScreenshot(): Taking screenshot successfully

2022-06-09 20:42:32 - [MESSAGE][PASSED] - Taking screenshot successfully
[[ATTACHMENT|D:\\Projet Test Auto\\Mediabox Test Automation\\Reports\\20220609_181011\\03. Parallel Testing (Testing)\\TS -PT PART 3\\11 Tag SAS_Task_Full lifecycle\\20220609_181109\\1654800152681.png]]

2022-06-09 20:42:32 - [TEST_STEP][PASSED] - click(findTestObject("1. Constant/xpath", ["xpath":"//*[@id="source_" + refID + ""]/td[15]/a[2]"])): Object: 'Object Repository/1. Constant/xpath' is clicked on

2022-06-09 20:42:36 - [MESSAGE][PASSED] - Object: 'Object Repository/1. Constant/xpath' is clicked on

2022-06-09 20:42:36 - [TEST_STEP][PASSED] - delay(1): Delayed 1 second(s)

2022-06-09 20:42:37 - [MESSAGE][PASSED] - Delayed 1 second(s)

2022-06-09 20:42:37 - [TEST_STEP][PASSED] - takeScreenshot(): Taking screenshot successfully

2022-06-09 20:42:37 - [MESSAGE][PASSED] - Taking screenshot successfully
[[ATTACHMENT|D:\\Projet Test Auto\\Mediabox Test Automation\\Reports\\20220609_181011\\03. Parallel Testing (Testing)\\TS -PT PART 3\\11 Tag SAS_Task_Full lifecycle\\20220609_181109\\1654800157606.png]]

2022-06-09 20:42:37 - [TEST_STEP][PASSED] - click(findTestObject("1. Constant/xpath", ["xpath":"//*[@id="ModifFiche"]/div[1]/div/div/button"])): Object: 'Object Repository/1. Constant/xpath' is clicked on

2022-06-09 20:42:38 - [MESSAGE][PASSED] - Object: 'Object Repository/1. Constant/xpath' is clicked on

2022-06-09 20:42:38 - [TEST_STEP][PASSED] - delay(1): Delayed 1 second(s)

2022-06-09 20:42:39 - [MESSAGE][PASSED] - Delayed 1 second(s)

2022-06-09 20:42:39 - [TEST_STEP][PASSED] - click(findTestObject("1. Constant/xpath", ["xpath":"//*[@id="ModifFiche"]/div[1]/div/div/div/a[2]"])): Object: 'Object Repository/1. Constant/xpath' is clicked on

2022-06-09 20:42:42 - [MESSAGE][PASSED] - Object: 'Object Repository/1. Constant/xpath' is clicked on

2022-06-09 20:42:42 - [TEST_STEP][PASSED] - delay(1): Delayed 1 second(s)

2022-06-09 20:42:43 - [MESSAGE][PASSED] - Delayed 1 second(s)

2022-06-09 20:42:43 - [TEST_STEP][PASSED] - takeScreenshot(): Taking screenshot successfully

2022-06-09 20:42:43 - [MESSAGE][PASSED] - Taking screenshot successfully
[[ATTACHMENT|D:\\Projet Test Auto\\Mediabox Test Automation\\Reports\\20220609_181011\\03. Parallel Testing (Testing)\\TS -PT PART 3\\11 Tag SAS_Task_Full lifecycle\\20220609_181109\\1654800163439.png]]

2022-06-09 20:42:43 - [TEST_STEP][PASSED] - delay(1): Delayed 1 second(s)

2022-06-09 20:42:44 - [MESSAGE][PASSED] - Delayed 1 second(s)

2022-06-09 20:42:44 - [TEST_STEP][PASSED] - setText(findTestObject("1. Constant/xpath", ["xpath":"//*[@id="var_151"]"]), "Reason for sending back to MKT > Test"): Text 'Reason for sending back to MKT > Test' is set on object 'Object Repository/1. Constant/xpath'

2022-06-09 20:42:45 - [MESSAGE][PASSED] - Text 'Reason for sending back to MKT > Test' is set on object 'Object Repository/1. Constant/xpath'

2022-06-09 20:42:45 - [TEST_STEP][PASSED] - click(findTestObject("1. Constant/xpath", ["xpath":"//*[@id="ModifFiche"]/div[3]/div/button[2]"])): Object: 'Object Repository/1. Constant/xpath' is clicked on

2022-06-09 20:42:52 - [MESSAGE][PASSED] - Object: 'Object Repository/1. Constant/xpath' is clicked on

2022-06-09 20:42:52 - [TEST_STEP][PASSED] - task3_apetit = I.Get_Task_No("//*[@id="kt_header"]/div/div[2]/div[1]/div[1]"): Text of object 'Object Repository/1. Constant/xpath' is: '2'

2022-06-09 20:42:52 - [MESSAGE][PASSED] - Text of object 'Object Repository/1. Constant/xpath' is: '2'

2022-06-09 20:42:52 - [TEST_STEP][PASSED] - verifyEqual(task3_apetit + 1, task2_apetit): Actual object '3' and expected object '3' are equal

2022-06-09 20:42:52 - [MESSAGE][PASSED] - Actual object '3' and expected object '3' are equal

2022-06-09 20:42:52 - [TEST_STEP][PASSED] - I.Logout(): Delayed 3 second(s)

2022-06-09 20:42:55 - [MESSAGE][PASSED] - Delayed 3 second(s)

2022-06-09 20:42:56 - [MESSAGE][PASSED] - Object: 'Object Repository/1. Constant/xpath' is clicked on

2022-06-09 20:42:59 - [MESSAGE][PASSED] - Delayed 3 second(s)

2022-06-09 20:43:01 - [MESSAGE][PASSED] - Object: 'Object Repository/1. Constant/xpath' is clicked on

2022-06-09 20:43:04 - [MESSAGE][PASSED] - Delayed 3 second(s)

2022-06-09 20:43:04 - [TEST_STEP][PASSED] - I.Login_password("aomoto", password_aomoto): Object: 'Object Repository/1. Constant/xpath' is clicked on

2022-06-09 20:43:04 - [MESSAGE][PASSED] - Text 'aomoto' is set on object 'Object Repository/1. Constant/xpath'

2022-06-09 20:43:05 - [MESSAGE][PASSED] - Delayed 1 second(s)

2022-06-09 20:43:05 - [MESSAGE][PASSED] - Text 'dchi' is set on object 'Object Repository/1. Constant/xpath'

2022-06-09 20:43:06 - [MESSAGE][PASSED] - Delayed 1 second(s)

2022-06-09 20:43:10 - [MESSAGE][PASSED] - Object: 'Object Repository/1. Constant/xpath' is clicked on

2022-06-09 20:43:10 - [TEST_STEP][PASSED] - takeScreenshot(): Taking screenshot successfully

2022-06-09 20:43:10 - [MESSAGE][PASSED] - Taking screenshot successfully
[[ATTACHMENT|D:\\Projet Test Auto\\Mediabox Test Automation\\Reports\\20220609_181011\\03. Parallel Testing (Testing)\\TS -PT PART 3\\11 Tag SAS_Task_Full lifecycle\\20220609_181109\\1654800190020.png]]

2022-06-09 20:43:10 - [TEST_STEP][PASSED] - task5_aomoto = I.Get_Task_No("//*[@id="kt_header"]/div/div[2]/div[1]/div[1]"): Text of object 'Object Repository/1. Constant/xpath' is: '5'

2022-06-09 20:43:10 - [MESSAGE][PASSED] - Text of object 'Object Repository/1. Constant/xpath' is: '5'

2022-06-09 20:43:10 - [TEST_STEP][PASSED] - click(findTestObject("1. Constant/xpath", ["xpath":"//*[@id="kt_header"]/div/div[2]/div[1]/div[1]/div"])): Object: 'Object Repository/1. Constant/xpath' is clicked on

2022-06-09 20:43:11 - [MESSAGE][PASSED] - Object: 'Object Repository/1. Constant/xpath' is clicked on

2022-06-09 20:43:11 - [TEST_STEP][PASSED] - delay(5): Delayed 5 second(s)

2022-06-09 20:43:16 - [MESSAGE][PASSED] - Delayed 5 second(s)

2022-06-09 20:43:16 - [TEST_STEP][PASSED] - c = 1: null

2022-06-09 20:43:16 - [TEST_STEP][PASSED] - while (c <= task5_aomoto): null

2022-06-09 20:43:16 - [TEST_STEP][PASSED] - result10 = getText(findTestObject("1. Constant/xpath", ["xpath":"//*[@id="kt_header"]/div/div[2]/div[1]/div[2]/form/div[2]/a[" + c + "]"])): Text of object 'Object Repository/1. Constant/xpath' is: 'COMPLETE & SEND Common Brief: ____ - Dermablend Pro_Makeup Remover_2021_[Do not edit] SAS Part 3
15/12/2021'

2022-06-09 20:43:16 - [MESSAGE][PASSED] - Text of object 'Object Repository/1. Constant/xpath' is: 'COMPLETE & SEND Common Brief: ____ - Dermablend Pro_Makeup Remover_2021_[Do not edit] SAS Part 3
15/12/2021'

2022-06-09 20:43:16 - [TEST_STEP][PASSED] - if (result10.contains("TC18_")): null

2022-06-09 20:43:16 - [TEST_STEP][PASSED] - else: null

2022-06-09 20:43:16 - [TEST_STEP][PASSED] - c = c + 1: null

2022-06-09 20:43:16 - [TEST_STEP][PASSED] - result10 = getText(findTestObject("1. Constant/xpath", ["xpath":"//*[@id="kt_header"]/div/div[2]/div[1]/div[2]/form/div[2]/a[" + c + "]"])): Text of object 'Object Repository/1. Constant/xpath' is: 'COMPLETE & SEND Artwork Brief: SAS_PART_4_Other_Bottom_100OZ______
16/12/2021'

2022-06-09 20:43:16 - [MESSAGE][PASSED] - Text of object 'Object Repository/1. Constant/xpath' is: 'COMPLETE & SEND Artwork Brief: SAS_PART_4_Other_Bottom_100OZ______
16/12/2021'

2022-06-09 20:43:16 - [TEST_STEP][PASSED] - if (result10.contains("TC18_")): null

2022-06-09 20:43:16 - [TEST_STEP][PASSED] - else: null

2022-06-09 20:43:16 - [TEST_STEP][PASSED] - c = c + 1: null

2022-06-09 20:43:16 - [TEST_STEP][PASSED] - result10 = getText(findTestObject("1. Constant/xpath", ["xpath":"//*[@id="kt_header"]/div/div[2]/div[1]/div[2]/form/div[2]/a[" + c + "]"])): Text of object 'Object Repository/1. Constant/xpath' is: 'COMPLETE & SEND Artwork Brief: SAS_PART_4_Other_Bottom_100OZ______
16/12/2021'

2022-06-09 20:43:16 - [MESSAGE][PASSED] - Text of object 'Object Repository/1. Constant/xpath' is: 'COMPLETE & SEND Artwork Brief: SAS_PART_4_Other_Bottom_100OZ______
16/12/2021'

2022-06-09 20:43:16 - [TEST_STEP][PASSED] - if (result10.contains("TC18_")): null

2022-06-09 20:43:16 - [TEST_STEP][PASSED] - else: null

2022-06-09 20:43:16 - [TEST_STEP][PASSED] - c = c + 1: null

2022-06-09 20:43:16 - [TEST_STEP][PASSED] - result10 = getText(findTestObject("1. Constant/xpath", ["xpath":"//*[@id="kt_header"]/div/div[2]/div[1]/div[2]/form/div[2]/a[" + c + "]"])): Text of object 'Object Repository/1. Constant/xpath' is: 'COMPLETE & SEND Common Brief: TC18_AUTO_MOTHERREF_Fake_Beauty Seal_100CM2_ - CeraVe_Acne_2022_AutoTag_FullLifecyle_hbI_juin092022_203721'

2022-06-09 20:43:16 - [MESSAGE][PASSED] - Text of object 'Object Repository/1. Constant/xpath' is: 'COMPLETE & SEND Common Brief: TC18_AUTO_MOTHERREF_Fake_Beauty Seal_100CM2_ - CeraVe_Acne_2022_AutoTag_FullLifecyle_hbI_juin092022_203721'

2022-06-09 20:43:16 - [TEST_STEP][PASSED] - if (result10.contains("TC18_")): null

2022-06-09 20:43:16 - [TEST_STEP][PASSED] - click(findTestObject("1. Constant/xpath", ["xpath":"//*[@id="kt_header"]/div/div[2]/div[1]/div[2]/form/div[2]/a[" + c + "]"])): Object: 'Object Repository/1. Constant/xpath' is clicked on

2022-06-09 20:43:19 - [MESSAGE][PASSED] - Object: 'Object Repository/1. Constant/xpath' is clicked on

2022-06-09 20:43:19 - [TEST_STEP][PASSED] - break: null

2022-06-09 20:43:19 - [TEST_STEP][PASSED] - takeScreenshot(): Taking screenshot successfully

2022-06-09 20:43:19 - [MESSAGE][PASSED] - Taking screenshot successfully
[[ATTACHMENT|D:\\Projet Test Auto\\Mediabox Test Automation\\Reports\\20220609_181011\\03. Parallel Testing (Testing)\\TS -PT PART 3\\11 Tag SAS_Task_Full lifecycle\\20220609_181109\\1654800199255.png]]

2022-06-09 20:43:19 - [TEST_STEP][PASSED] - click(findTestObject("1. Constant/xpath", ["xpath":"//*[@id="source_" + refID + ""]/td[15]/a[3]"])): Object: 'Object Repository/1. Constant/xpath' is clicked on

2022-06-09 20:43:21 - [MESSAGE][PASSED] - Object: 'Object Repository/1. Constant/xpath' is clicked on

2022-06-09 20:43:21 - [TEST_STEP][PASSED] - delay(1): Delayed 1 second(s)

2022-06-09 20:43:22 - [MESSAGE][PASSED] - Delayed 1 second(s)

2022-06-09 20:43:22 - [TEST_STEP][PASSED] - takeScreenshot(): Taking screenshot successfully

2022-06-09 20:43:23 - [MESSAGE][PASSED] - Taking screenshot successfully
[[ATTACHMENT|D:\\Projet Test Auto\\Mediabox Test Automation\\Reports\\20220609_181011\\03. Parallel Testing (Testing)\\TS -PT PART 3\\11 Tag SAS_Task_Full lifecycle\\20220609_181109\\1654800202988.png]]

2022-06-09 20:43:23 - [TEST_STEP][PASSED] - delay(1): Delayed 1 second(s)

2022-06-09 20:43:24 - [MESSAGE][PASSED] - Delayed 1 second(s)

2022-06-09 20:43:24 - [TEST_STEP][PASSED] - click(findTestObject("1. Constant/xpath", ["xpath":"//*[@id="ModifFiche"]/div[1]/div/button[2]"])): Object: 'Object Repository/1. Constant/xpath' is clicked on

2022-06-09 20:43:33 - [MESSAGE][PASSED] - Object: 'Object Repository/1. Constant/xpath' is clicked on

2022-06-09 20:43:33 - [TEST_STEP][PASSED] - task6_aomoto = I.Get_Task_No("//*[@id="kt_header"]/div/div[2]/div[1]/div[1]"): Text of object 'Object Repository/1. Constant/xpath' is: '4'

2022-06-09 20:43:33 - [MESSAGE][PASSED] - Text of object 'Object Repository/1. Constant/xpath' is: '4'

2022-06-09 20:43:33 - [TEST_STEP][PASSED] - verifyEqual(task6_aomoto + 1, task5_aomoto): Actual object '5' and expected object '5' are equal

2022-06-09 20:43:33 - [MESSAGE][PASSED] - Actual object '5' and expected object '5' are equal

2022-06-09 20:43:33 - [TEST_STEP][PASSED] - I.Logout(): Delayed 3 second(s)

2022-06-09 20:43:36 - [MESSAGE][PASSED] - Delayed 3 second(s)

2022-06-09 20:43:36 - [MESSAGE][PASSED] - Object: 'Object Repository/1. Constant/xpath' is clicked on

2022-06-09 20:43:39 - [MESSAGE][PASSED] - Delayed 3 second(s)

2022-06-09 20:43:41 - [MESSAGE][PASSED] - Object: 'Object Repository/1. Constant/xpath' is clicked on

2022-06-09 20:43:44 - [MESSAGE][PASSED] - Delayed 3 second(s)

2022-06-09 20:43:44 - [TEST_STEP][PASSED] - I.Login_password("apetit", password_apetit): Object: 'Object Repository/1. Constant/xpath' is clicked on

2022-06-09 20:43:45 - [MESSAGE][PASSED] - Text 'apetit' is set on object 'Object Repository/1. Constant/xpath'

2022-06-09 20:43:46 - [MESSAGE][PASSED] - Delayed 1 second(s)

2022-06-09 20:43:47 - [MESSAGE][PASSED] - Text 'dchi' is set on object 'Object Repository/1. Constant/xpath'

2022-06-09 20:43:48 - [MESSAGE][PASSED] - Delayed 1 second(s)

2022-06-09 20:43:53 - [MESSAGE][PASSED] - Object: 'Object Repository/1. Constant/xpath' is clicked on

2022-06-09 20:43:53 - [TEST_STEP][PASSED] - takeScreenshot(): Taking screenshot successfully

2022-06-09 20:43:54 - [MESSAGE][PASSED] - Taking screenshot successfully
[[ATTACHMENT|D:\\Projet Test Auto\\Mediabox Test Automation\\Reports\\20220609_181011\\03. Parallel Testing (Testing)\\TS -PT PART 3\\11 Tag SAS_Task_Full lifecycle\\20220609_181109\\1654800234044.png]]

2022-06-09 20:43:54 - [TEST_STEP][PASSED] - task10_apetit = I.Get_Task_No("//*[@id="kt_header"]/div/div[2]/div[1]/div[1]"): Text of object 'Object Repository/1. Constant/xpath' is: '3'

2022-06-09 20:43:55 - [MESSAGE][PASSED] - Text of object 'Object Repository/1. Constant/xpath' is: '3'

2022-06-09 20:43:55 - [TEST_STEP][PASSED] - pl = 1: null

2022-06-09 20:43:55 - [TEST_STEP][PASSED] - while (pl <= task10_apetit): null

2022-06-09 20:43:55 - [TEST_STEP][PASSED] - zz = pl + 1: null

2022-06-09 20:43:55 - [TEST_STEP][PASSED] - result = getText(findTestObject("1. Constant/xpath", ["xpath":"/html/body/div[1]/div[2]/div[4]/div[3]/div/div[5]/div[2]/div[1]/div/div[2]/div/div/table/tbody/tr[" + zz + "]/td[1]/a"]), OPTIONAL): Text of object 'Object Repository/1. Constant/xpath' is: 'COMPLETE & SEND Common Brief: ___ - ACD Non reparti_ACD Non reparti_2021_[DO NOT EDIT] IMPORT REF Part 1'

2022-06-09 20:43:55 - [MESSAGE][PASSED] - Text of object 'Object Repository/1. Constant/xpath' is: 'COMPLETE & SEND Common Brief: ___ - ACD Non reparti_ACD Non reparti_2021_[DO NOT EDIT] IMPORT REF Part 1'

2022-06-09 20:43:55 - [TEST_STEP][PASSED] - if (result.contains("COMPLETE & SEND Common Brief: TC18_AUTO_MOTHERREF_Fake_Beauty Seal_100CM2_ - CeraVe_Acne_2022_" + Project_name)): null

2022-06-09 20:43:55 - [TEST_STEP][PASSED] - else: null

2022-06-09 20:43:55 - [TEST_STEP][PASSED] - pl = pl + 1: null

2022-06-09 20:43:55 - [TEST_STEP][PASSED] - zz = pl + 1: null

2022-06-09 20:43:55 - [TEST_STEP][PASSED] - result = getText(findTestObject("1. Constant/xpath", ["xpath":"/html/body/div[1]/div[2]/div[4]/div[3]/div/div[5]/div[2]/div[1]/div/div[2]/div/div/table/tbody/tr[" + zz + "]/td[1]/a"]), OPTIONAL): Text of object 'Object Repository/1. Constant/xpath' is: 'COMPLETE & SEND Common Brief: FOREIGN_KEY_DELETED - ACD Non reparti_ACD Non reparti_2021_[DO NOT EDIT] IMPORT REF Part 1'

2022-06-09 20:43:55 - [MESSAGE][PASSED] - Text of object 'Object Repository/1. Constant/xpath' is: 'COMPLETE & SEND Common Brief: FOREIGN_KEY_DELETED - ACD Non reparti_ACD Non reparti_2021_[DO NOT EDIT] IMPORT REF Part 1'

2022-06-09 20:43:55 - [TEST_STEP][PASSED] - if (result.contains("COMPLETE & SEND Common Brief: TC18_AUTO_MOTHERREF_Fake_Beauty Seal_100CM2_ - CeraVe_Acne_2022_" + Project_name)): null

2022-06-09 20:43:55 - [TEST_STEP][PASSED] - else: null

2022-06-09 20:43:55 - [TEST_STEP][PASSED] - pl = pl + 1: null

2022-06-09 20:43:55 - [TEST_STEP][PASSED] - zz = pl + 1: null

2022-06-09 20:43:55 - [TEST_STEP][PASSED] - result = getText(findTestObject("1. Constant/xpath", ["xpath":"/html/body/div[1]/div[2]/div[4]/div[3]/div/div[5]/div[2]/div[1]/div/div[2]/div/div/table/tbody/tr[" + zz + "]/td[1]/a"]), OPTIONAL): Text of object 'Object Repository/1. Constant/xpath' is: 'COMPLETE & SEND Common Brief: TC18_AUTO_MOTHERREF_Fake_Beauty Seal_100CM2_ - CeraVe_Acne_2022_AutoTag_FullLifecyle_hbI_juin092022_203721'

2022-06-09 20:43:55 - [MESSAGE][PASSED] - Text of object 'Object Repository/1. Constant/xpath' is: 'COMPLETE & SEND Common Brief: TC18_AUTO_MOTHERREF_Fake_Beauty Seal_100CM2_ - CeraVe_Acne_2022_AutoTag_FullLifecyle_hbI_juin092022_203721'

2022-06-09 20:43:55 - [TEST_STEP][PASSED] - if (result.contains("COMPLETE & SEND Common Brief: TC18_AUTO_MOTHERREF_Fake_Beauty Seal_100CM2_ - CeraVe_Acne_2022_" + Project_name)): null

2022-06-09 20:43:55 - [TEST_STEP][PASSED] - click(findTestObject("1. Constant/xpath", ["xpath":"/html/body/div[1]/div[2]/div[4]/div[3]/div/div[5]/div[2]/div[1]/div/div[2]/div/div/table/tbody/tr[" + zz + "]/td[1]/a"])): Object: 'Object Repository/1. Constant/xpath' is clicked on

2022-06-09 20:43:58 - [MESSAGE][PASSED] - Object: 'Object Repository/1. Constant/xpath' is clicked on

2022-06-09 20:43:58 - [TEST_STEP][PASSED] - break: null

2022-06-09 20:43:58 - [TEST_STEP][PASSED] - takeScreenshot(): Taking screenshot successfully

2022-06-09 20:43:58 - [MESSAGE][PASSED] - Taking screenshot successfully
[[ATTACHMENT|D:\\Projet Test Auto\\Mediabox Test Automation\\Reports\\20220609_181011\\03. Parallel Testing (Testing)\\TS -PT PART 3\\11 Tag SAS_Task_Full lifecycle\\20220609_181109\\1654800238602.png]]

2022-06-09 20:43:58 - [TEST_STEP][PASSED] - delay(1): Delayed 1 second(s)

2022-06-09 20:43:59 - [MESSAGE][PASSED] - Delayed 1 second(s)

2022-06-09 20:43:59 - [TEST_STEP][PASSED] - click(findTestObject("1. Constant/xpath", ["xpath":"//*[@id="source_" + refID + ""]/td[15]/a[2]"])): Object: 'Object Repository/1. Constant/xpath' is clicked on

2022-06-09 20:44:04 - [MESSAGE][PASSED] - Object: 'Object Repository/1. Constant/xpath' is clicked on

2022-06-09 20:44:04 - [TEST_STEP][PASSED] - delay(1): Delayed 1 second(s)

2022-06-09 20:44:05 - [MESSAGE][PASSED] - Delayed 1 second(s)

2022-06-09 20:44:05 - [TEST_STEP][PASSED] - takeScreenshot(): Taking screenshot successfully

2022-06-09 20:44:05 - [MESSAGE][PASSED] - Taking screenshot successfully
[[ATTACHMENT|D:\\Projet Test Auto\\Mediabox Test Automation\\Reports\\20220609_181011\\03. Parallel Testing (Testing)\\TS -PT PART 3\\11 Tag SAS_Task_Full lifecycle\\20220609_181109\\1654800245276.png]]

2022-06-09 20:44:05 - [TEST_STEP][PASSED] - click(findTestObject("1. Constant/xpath", ["xpath":"//*[@id="ModifFiche"]/div[1]/div/div/button"])): Object: 'Object Repository/1. Constant/xpath' is clicked on

2022-06-09 20:44:06 - [MESSAGE][PASSED] - Object: 'Object Repository/1. Constant/xpath' is clicked on

2022-06-09 20:44:06 - [TEST_STEP][PASSED] - delay(1): Delayed 1 second(s)

2022-06-09 20:44:07 - [MESSAGE][PASSED] - Delayed 1 second(s)

2022-06-09 20:44:07 - [TEST_STEP][PASSED] - click(findTestObject("1. Constant/xpath", ["xpath":"//*[@id="ModifFiche"]/div[1]/div/div/div/a[1]"])): Object: 'Object Repository/1. Constant/xpath' is clicked on

2022-06-09 20:44:15 - [MESSAGE][PASSED] - Object: 'Object Repository/1. Constant/xpath' is clicked on

2022-06-09 20:44:15 - [TEST_STEP][PASSED] - delay(1): Delayed 1 second(s)

2022-06-09 20:44:16 - [MESSAGE][PASSED] - Delayed 1 second(s)

2022-06-09 20:44:16 - [TEST_STEP][PASSED] - task9_apetit = I.Get_Task_No("//*[@id="kt_header"]/div/div[2]/div[1]/div[1]"): Text of object 'Object Repository/1. Constant/xpath' is: '2'

2022-06-09 20:44:17 - [MESSAGE][PASSED] - Text of object 'Object Repository/1. Constant/xpath' is: '2'

2022-06-09 20:44:17 - [TEST_STEP][PASSED] - verifyEqual(task9_apetit, task10_apetit - 1): Actual object '2' and expected object '2' are equal

2022-06-09 20:44:17 - [MESSAGE][PASSED] - Actual object '2' and expected object '2' are equal

2022-06-09 20:44:17 - [TEST_STEP][PASSED] - delay(1): Delayed 1 second(s)

2022-06-09 20:44:18 - [MESSAGE][PASSED] - Delayed 1 second(s)

2022-06-09 20:44:18 - [TEST_STEP][PASSED] - I.VerifyMatchText("//*[@id="source_" + refID + ""]/td[14]/span", "Complete"): Actual text 'Complete' and expected text 'Complete' are matched 

2022-06-09 20:44:19 - [MESSAGE][PASSED] - Text of object 'Object Repository/1. Constant/xpath' is: 'Complete'

2022-06-09 20:44:20 - [MESSAGE][PASSED] - Delayed 1 second(s)

2022-06-09 20:44:20 - [MESSAGE][PASSED] - Actual text 'Complete' and expected text 'Complete' are matched 

2022-06-09 20:44:20 - [TEST_STEP][PASSED] - I.writenotepad("D:\Upoad_File\Projet_ Login\Tag\18.01 Tag _Project_No\18.01_Tag_ProjectNo.txt", Project_No): null

2022-06-09 20:44:20 - [TEST_STEP][PASSED] - I.writenotepad("D:\Upoad_File\Projet_ Login\Tag\18.01 Tag _Project_No\18.01_Tag_refID1.txt", refID): null

2022-06-09 20:44:20 - [TEST_STEP][PASSED] - I.writenotepad("D:\Upoad_File\Projet_ Login\Tag\18.01 Tag _Project_No\18.01_Tag_refID2.txt", refID_1): null

2022-06-09 20:44:20 - [TEST_STEP][PASSED] - closeBrowser(): Browser is closed

2022-06-09 20:44:21 - [MESSAGE][PASSED] - Browser is closed

2022-06-09 20:44:21 - [TEST_STEP][PASSED] - Start listener action : sampleAfterTestCase: null]]></system-out>
         <system-err><![CDATA[]]></system-err>
      </testcase>
      <testcase name="Test Cases/18. Tag Sephora Npp Starpack Task (Standard_ Question_ Prod)/18.02 Tag full Lifecycle Daughter _Perform Task 18.01 P2" time="1313.124" classname="Test Cases/18. Tag Sephora Npp Starpack Task (Standard_ Question_ Prod)/18.02 Tag full Lifecycle Daughter _Perform Task 18.01 P2" status="PASSED">
         <system-out><![CDATA[2022-06-09 20:44:21 - [TEST_CASE][PASSED] - Test Cases/18. Tag Sephora Npp Starpack Task (Standard_ Question_ Prod)/18.02 Tag full Lifecycle Daughter _Perform Task 18.01 P2: Test Cases/18. Tag Sephora Npp Starpack Task (Standard_ Question_ Prod)/18.02 Tag full Lifecycle Daughter _Perform Task 18.01 P2

2022-06-09 20:44:22 - [TEST_STEP][PASSED] - data_Tag = findTestData("Data Files/Username_Password/Tag"): null

2022-06-09 20:44:22 - [TEST_STEP][PASSED] - password_jedun = data_Tag.getValue(3, 1): null

2022-06-09 20:44:22 - [TEST_STEP][PASSED] - password_daguirre = data_Tag.getValue(3, 30): null

2022-06-09 20:44:22 - [TEST_STEP][PASSED] - password_aomoto = data_Tag.getValue(3, 31): null

2022-06-09 20:44:22 - [TEST_STEP][PASSED] - password_apetit = data_Tag.getValue(3, 32): null

2022-06-09 20:44:22 - [TEST_STEP][PASSED] - password_mcazeaux = data_Tag.getValue(3, 34): null

2022-06-09 20:44:22 - [TEST_STEP][PASSED] - data_urlRELAUTO = findTestData("Data Files/URL/URL_relauto"): null

2022-06-09 20:44:22 - [TEST_STEP][PASSED] - Url_Tag = data_urlRELAUTO.getValue(2, 3): null

2022-06-09 20:44:22 - [TEST_STEP][PASSED] - Project_No = I.readnotepad("D:\Upoad_File\Projet_ Login\Tag\18.01 Tag _Project_No\18.01_Tag_ProjectNo.txt"): null

2022-06-09 20:44:22 - [TEST_STEP][PASSED] - refID = I.readnotepad("D:\Upoad_File\Projet_ Login\Tag\18.01 Tag _Project_No\18.01_Tag_refID1.txt"): null

2022-06-09 20:44:22 - [TEST_STEP][PASSED] - refID1 = I.readnotepad("D:\Upoad_File\Projet_ Login\Tag\18.01 Tag _Project_No\18.01_Tag_refID2.txt"): null

2022-06-09 20:44:22 - [TEST_STEP][PASSED] - openBrowser(Url_Tag): Browser is opened with url: 'http://mdb-release.diadeis.lan/MediaboxIndependence/?MBI_datasource=RELTESTAUTO_TAG'

2022-06-09 20:44:22 - [MESSAGE][INFO] - Starting 'Chrome (headless)' driver

2022-06-09 20:44:22 - [MESSAGE][INFO] - User set preference: ['args', '[--window-size=1920,1080, --headless]']

2022-06-09 20:44:22 - [MESSAGE][INFO] - Action delay is set to 0 milliseconds

2022-06-09 20:44:31 - [MESSAGE][PASSED] - Browser is opened with url: 'http://mdb-release.diadeis.lan/MediaboxIndependence/?MBI_datasource=RELTESTAUTO_TAG'

2022-06-09 20:44:31 - [TEST_STEP][PASSED] - maximizeWindow(): Current window maximized

2022-06-09 20:44:31 - [MESSAGE][PASSED] - Current window maximized

2022-06-09 20:44:31 - [TEST_STEP][PASSED] - I.Login_password("aomoto", password_aomoto): Object: 'Object Repository/1. Constant/xpath' is clicked on

2022-06-09 20:44:32 - [MESSAGE][PASSED] - Text 'aomoto' is set on object 'Object Repository/1. Constant/xpath'

2022-06-09 20:44:33 - [MESSAGE][PASSED] - Delayed 1 second(s)

2022-06-09 20:44:34 - [MESSAGE][PASSED] - Text 'dchi' is set on object 'Object Repository/1. Constant/xpath'

2022-06-09 20:44:35 - [MESSAGE][PASSED] - Delayed 1 second(s)

2022-06-09 20:44:42 - [MESSAGE][PASSED] - Object: 'Object Repository/1. Constant/xpath' is clicked on

2022-06-09 20:44:42 - [TEST_STEP][PASSED] - takeScreenshot(): Taking screenshot successfully

2022-06-09 20:44:43 - [MESSAGE][PASSED] - Taking screenshot successfully
[[ATTACHMENT|D:\\Projet Test Auto\\Mediabox Test Automation\\Reports\\20220609_181011\\03. Parallel Testing (Testing)\\TS -PT PART 3\\11 Tag SAS_Task_Full lifecycle\\20220609_181109\\1654800282798.png]]

2022-06-09 20:44:43 - [TEST_STEP][PASSED] - task5_aomoto = I.Get_Task_No("//*[@id="kt_header"]/div/div[2]/div[1]/div[1]"): Text of object 'Object Repository/1. Constant/xpath' is: '4'

2022-06-09 20:44:43 - [MESSAGE][PASSED] - Text of object 'Object Repository/1. Constant/xpath' is: '4'

2022-06-09 20:44:43 - [TEST_STEP][PASSED] - click(findTestObject("1. Constant/xpath", ["xpath":"//*[@id="widg_20211104_014000_1667WDS1D"]/div/div[1]/div[2]/a[2]"])): Object: 'Object Repository/1. Constant/xpath' is clicked on

2022-06-09 20:44:46 - [MESSAGE][PASSED] - Object: 'Object Repository/1. Constant/xpath' is clicked on

2022-06-09 20:44:46 - [TEST_STEP][PASSED] - takeScreenshot(): Taking screenshot successfully

2022-06-09 20:44:46 - [MESSAGE][PASSED] - Taking screenshot successfully
[[ATTACHMENT|D:\\Projet Test Auto\\Mediabox Test Automation\\Reports\\20220609_181011\\03. Parallel Testing (Testing)\\TS -PT PART 3\\11 Tag SAS_Task_Full lifecycle\\20220609_181109\\1654800286653.png]]

2022-06-09 20:44:46 - [TEST_STEP][PASSED] - delay(1): Delayed 1 second(s)

2022-06-09 20:44:47 - [MESSAGE][PASSED] - Delayed 1 second(s)

2022-06-09 20:44:47 - [TEST_STEP][PASSED] - t1 = getText(findTestObject("1. Constant/xpath", ["xpath":"//*[@id="kt_content"]/div[3]/div/div/div[1]/div[1]/h3/span"])): Text of object 'Object Repository/1. Constant/xpath' is: '4'

2022-06-09 20:44:48 - [MESSAGE][PASSED] - Text of object 'Object Repository/1. Constant/xpath' is: '4'

2022-06-09 20:44:48 - [TEST_STEP][PASSED] - t11 = Integer.parseInt(t1): null

2022-06-09 20:44:48 - [TEST_STEP][PASSED] - u = 1: null

2022-06-09 20:44:48 - [TEST_STEP][PASSED] - while (u <= t11): null

2022-06-09 20:44:48 - [TEST_STEP][PASSED] - result1 = getText(findTestObject("1. Constant/xpath", ["xpath":"/html/body/div[1]/div[2]/div[8]/div[3]/div/div/div[2]/div/table/tbody/tr[" + u + "]/td[1]/a"])): Text of object 'Object Repository/1. Constant/xpath' is: 'Please COMPLETE and SEND Common Brief ____ in project Dermablend Pro_Makeup Remover_2021_[Do not edit] SAS Part 3 (MI003398)'

2022-06-09 20:44:48 - [MESSAGE][PASSED] - Text of object 'Object Repository/1. Constant/xpath' is: 'Please COMPLETE and SEND Common Brief ____ in project Dermablend Pro_Makeup Remover_2021_[Do not edit] SAS Part 3 (MI003398)'

2022-06-09 20:44:48 - [TEST_STEP][PASSED] - if (result1.contains(Project_No)): null

2022-06-09 20:44:48 - [TEST_STEP][PASSED] - else: null

2022-06-09 20:44:48 - [TEST_STEP][PASSED] - u = u + 1: null

2022-06-09 20:44:48 - [TEST_STEP][PASSED] - result1 = getText(findTestObject("1. Constant/xpath", ["xpath":"/html/body/div[1]/div[2]/div[8]/div[3]/div/div/div[2]/div/table/tbody/tr[" + u + "]/td[1]/a"])): Text of object 'Object Repository/1. Constant/xpath' is: 'Please COMPLETE and SEND Artwork Brief SAS_PART_4_Other_Bottom_100OZ______ (Project: MI003398)'

2022-06-09 20:44:49 - [MESSAGE][PASSED] - Text of object 'Object Repository/1. Constant/xpath' is: 'Please COMPLETE and SEND Artwork Brief SAS_PART_4_Other_Bottom_100OZ______ (Project: MI003398)'

2022-06-09 20:44:49 - [TEST_STEP][PASSED] - if (result1.contains(Project_No)): null

2022-06-09 20:44:49 - [TEST_STEP][PASSED] - else: null

2022-06-09 20:44:49 - [TEST_STEP][PASSED] - u = u + 1: null

2022-06-09 20:44:49 - [TEST_STEP][PASSED] - result1 = getText(findTestObject("1. Constant/xpath", ["xpath":"/html/body/div[1]/div[2]/div[8]/div[3]/div/div/div[2]/div/table/tbody/tr[" + u + "]/td[1]/a"])): Text of object 'Object Repository/1. Constant/xpath' is: 'Please COMPLETE and SEND Artwork Brief SAS_PART_4_Other_Bottom_100OZ______ (Project: MI003398)'

2022-06-09 20:44:49 - [MESSAGE][PASSED] - Text of object 'Object Repository/1. Constant/xpath' is: 'Please COMPLETE and SEND Artwork Brief SAS_PART_4_Other_Bottom_100OZ______ (Project: MI003398)'

2022-06-09 20:44:49 - [TEST_STEP][PASSED] - if (result1.contains(Project_No)): null

2022-06-09 20:44:49 - [TEST_STEP][PASSED] - else: null

2022-06-09 20:44:49 - [TEST_STEP][PASSED] - u = u + 1: null

2022-06-09 20:44:49 - [TEST_STEP][PASSED] - result1 = getText(findTestObject("1. Constant/xpath", ["xpath":"/html/body/div[1]/div[2]/div[8]/div[3]/div/div/div[2]/div/table/tbody/tr[" + u + "]/td[1]/a"])): Text of object 'Object Repository/1. Constant/xpath' is: 'Please COMPLETE and SEND Artwork Brief TC18_AUTO_MOTHERREF_Fake_Beauty Seal_100CM2______ (Project: MI003408)'

2022-06-09 20:44:49 - [MESSAGE][PASSED] - Text of object 'Object Repository/1. Constant/xpath' is: 'Please COMPLETE and SEND Artwork Brief TC18_AUTO_MOTHERREF_Fake_Beauty Seal_100CM2______ (Project: MI003408)'

2022-06-09 20:44:49 - [TEST_STEP][PASSED] - if (result1.contains(Project_No)): null

2022-06-09 20:44:49 - [TEST_STEP][PASSED] - click(findTestObject("1. Constant/xpath", ["xpath":"/html/body/div[1]/div[2]/div[8]/div[3]/div/div/div[2]/div/table/tbody/tr[" + u + "]/td[1]/a"])): Object: 'Object Repository/1. Constant/xpath' is clicked on

2022-06-09 20:44:52 - [MESSAGE][PASSED] - Object: 'Object Repository/1. Constant/xpath' is clicked on

2022-06-09 20:44:52 - [TEST_STEP][PASSED] - u = u + 1: null

2022-06-09 20:44:52 - [TEST_STEP][PASSED] - break: null

2022-06-09 20:44:52 - [TEST_STEP][PASSED] - delay(1): Delayed 1 second(s)

2022-06-09 20:44:53 - [MESSAGE][PASSED] - Delayed 1 second(s)

2022-06-09 20:44:53 - [TEST_STEP][PASSED] - click(findTestObject("1. Constant/xpath", ["xpath":"//*[@id="source_" + refID1 + ""]/td[15]/a[2]"])): Object: 'Object Repository/1. Constant/xpath' is clicked on

2022-06-09 20:44:58 - [MESSAGE][PASSED] - Object: 'Object Repository/1. Constant/xpath' is clicked on

2022-06-09 20:44:58 - [TEST_STEP][PASSED] - takeScreenshot(): Taking screenshot successfully

2022-06-09 20:44:59 - [MESSAGE][PASSED] - Taking screenshot successfully
[[ATTACHMENT|D:\\Projet Test Auto\\Mediabox Test Automation\\Reports\\20220609_181011\\03. Parallel Testing (Testing)\\TS -PT PART 3\\11 Tag SAS_Task_Full lifecycle\\20220609_181109\\1654800298744.png]]

2022-06-09 20:44:59 - [TEST_STEP][PASSED] - I.SelectFromList_Value("//*[@id="var_67"]", "16548"): Delayed 2 second(s)

2022-06-09 20:44:59 - [MESSAGE][PASSED] - All options with value '16548' are selected in object 'Object Repository/1. Constant/xpath' 

2022-06-09 20:45:01 - [MESSAGE][PASSED] - Delayed 2 second(s)

2022-06-09 20:45:01 - [TEST_STEP][PASSED] - I.select_multiplelist("//*[@id="selSource_10"]", "//*[@id="btnAdd_10"]", "26"): Delayed 1 second(s)

2022-06-09 20:45:02 - [MESSAGE][PASSED] - Delayed 1 second(s)

2022-06-09 20:45:03 - [MESSAGE][PASSED] - All options with value '26' are selected in object 'Object Repository/1. Constant/xpath' 

2022-06-09 20:45:05 - [MESSAGE][PASSED] - Delayed 2 second(s)

2022-06-09 20:45:05 - [MESSAGE][PASSED] - Object: 'Object Repository/1. Constant/xpath' is clicked on

2022-06-09 20:45:06 - [MESSAGE][PASSED] - Delayed 1 second(s)

2022-06-09 20:45:06 - [TEST_STEP][PASSED] - I.Pagedown(): Execute JavaScript 'window.scrollTo(0, document.body.scrollHeight)' successfully

2022-06-09 20:45:06 - [MESSAGE][PASSED] - Execute JavaScript 'window.scrollTo(0, document.body.scrollHeight)' successfully

2022-06-09 20:45:06 - [TEST_STEP][PASSED] - click(findTestObject("1. Constant/xpath", ["xpath":"//*[@id="ModifFiche"]/div[3]/div/button[2]"])): Object: 'Object Repository/1. Constant/xpath' is clicked on

2022-06-09 20:45:13 - [MESSAGE][PASSED] - Object: 'Object Repository/1. Constant/xpath' is clicked on

2022-06-09 20:45:13 - [TEST_STEP][PASSED] - takeScreenshot(): Taking screenshot successfully

2022-06-09 20:45:14 - [MESSAGE][PASSED] - Taking screenshot successfully
[[ATTACHMENT|D:\\Projet Test Auto\\Mediabox Test Automation\\Reports\\20220609_181011\\03. Parallel Testing (Testing)\\TS -PT PART 3\\11 Tag SAS_Task_Full lifecycle\\20220609_181109\\1654800313982.png]]

2022-06-09 20:45:14 - [TEST_STEP][PASSED] - I.Logout(): Delayed 3 second(s)

2022-06-09 20:45:17 - [MESSAGE][PASSED] - Delayed 3 second(s)

2022-06-09 20:45:18 - [MESSAGE][PASSED] - Object: 'Object Repository/1. Constant/xpath' is clicked on

2022-06-09 20:45:21 - [MESSAGE][PASSED] - Delayed 3 second(s)

2022-06-09 20:45:24 - [MESSAGE][PASSED] - Object: 'Object Repository/1. Constant/xpath' is clicked on

2022-06-09 20:45:27 - [MESSAGE][PASSED] - Delayed 3 second(s)

2022-06-09 20:45:27 - [TEST_STEP][PASSED] - I.Login_password("jedun", password_jedun): Object: 'Object Repository/1. Constant/xpath' is clicked on

2022-06-09 20:45:27 - [MESSAGE][PASSED] - Text 'jedun' is set on object 'Object Repository/1. Constant/xpath'

2022-06-09 20:45:28 - [MESSAGE][PASSED] - Delayed 1 second(s)

2022-06-09 20:45:30 - [MESSAGE][PASSED] - Text 'dchi' is set on object 'Object Repository/1. Constant/xpath'

2022-06-09 20:45:31 - [MESSAGE][PASSED] - Delayed 1 second(s)

2022-06-09 20:45:35 - [MESSAGE][PASSED] - Object: 'Object Repository/1. Constant/xpath' is clicked on

2022-06-09 20:45:35 - [TEST_STEP][PASSED] - click(findTestObject("1. Constant/xpath", ["xpath":"//*[@id="menu_2"]/a"])): Object: 'Object Repository/1. Constant/xpath' is clicked on

2022-06-09 20:45:40 - [MESSAGE][PASSED] - Object: 'Object Repository/1. Constant/xpath' is clicked on

2022-06-09 20:45:40 - [TEST_STEP][PASSED] - I.SearchProjectNo_xpath(Project_No, "//*[@id="keynum_project"]", "//*[@id="form_filters"]/div[7]/button"): Delayed 5 second(s)

2022-06-09 20:45:41 - [MESSAGE][PASSED] - Delayed 1 second(s)

2022-06-09 20:45:41 - [MESSAGE][PASSED] - Text 'MI003408' is set on object 'Object Repository/1. Constant/xpath'

2022-06-09 20:45:44 - [MESSAGE][PASSED] - Delayed 3 second(s)

2022-06-09 20:45:45 - [MESSAGE][PASSED] - Scroll to object 'Object Repository/1. Constant/xpath' successfully

2022-06-09 20:45:49 - [MESSAGE][PASSED] - Object: 'Object Repository/1. Constant/xpath' is clicked on

2022-06-09 20:45:54 - [MESSAGE][PASSED] - Delayed 5 second(s)

2022-06-09 20:45:54 - [TEST_STEP][PASSED] - delay(1): Delayed 1 second(s)

2022-06-09 20:45:55 - [MESSAGE][PASSED] - Delayed 1 second(s)

2022-06-09 20:45:55 - [TEST_STEP][PASSED] - takeScreenshot(): Taking screenshot successfully

2022-06-09 20:45:55 - [MESSAGE][PASSED] - Taking screenshot successfully
[[ATTACHMENT|D:\\Projet Test Auto\\Mediabox Test Automation\\Reports\\20220609_181011\\03. Parallel Testing (Testing)\\TS -PT PART 3\\11 Tag SAS_Task_Full lifecycle\\20220609_181109\\1654800355434.png]]

2022-06-09 20:45:55 - [TEST_STEP][PASSED] - color1 = getCSSValue(findTestObject("1. Constant/xpath", ["xpath":"//*[@id="source_" + refID1 + ""]/td[17]/a[3]"]), "color", OPTIONAL): Get CSS 'color' value on 'Object Repository/1. Constant/xpath' successfully: 'rgba(255, 255, 255, 1)'.

2022-06-09 20:45:55 - [MESSAGE][PASSED] - Get CSS 'color' value on 'Object Repository/1. Constant/xpath' successfully: 'rgba(255, 255, 255, 1)'.

2022-06-09 20:45:55 - [TEST_STEP][PASSED] - while (color1 == "rgba(255, 255, 255, 1)"): null

2022-06-09 20:45:55 - [TEST_STEP][PASSED] - click(findTestObject("1. Constant/xpath", ["xpath":"//*[@id="source_" + refID1 + ""]/td[17]/a[3]"])): Object: 'Object Repository/1. Constant/xpath' is clicked on

2022-06-09 20:45:58 - [MESSAGE][PASSED] - Object: 'Object Repository/1. Constant/xpath' is clicked on

2022-06-09 20:45:58 - [TEST_STEP][PASSED] - takeScreenshot(): Taking screenshot successfully

2022-06-09 20:45:58 - [MESSAGE][PASSED] - Taking screenshot successfully
[[ATTACHMENT|D:\\Projet Test Auto\\Mediabox Test Automation\\Reports\\20220609_181011\\03. Parallel Testing (Testing)\\TS -PT PART 3\\11 Tag SAS_Task_Full lifecycle\\20220609_181109\\1654800358086.png]]

2022-06-09 20:45:58 - [TEST_STEP][PASSED] - I.UploadDoc_sendkey_Prod(findTestObject("1. Constant/xpath", ["xpath":"//*[@id="kt_body"]/input[2]"]), "D:\Upoad_File\Upload doc\testdataaddition1.jpg", "testdataaddition1.jpg"): Delayed 5 second(s)

2022-06-09 20:45:58 - [MESSAGE][PASSED] - Scroll to object 'Object Repository/1. Constant/xpath' successfully

2022-06-09 20:46:03 - [MESSAGE][PASSED] - Delayed 5 second(s)

2022-06-09 20:46:03 - [MESSAGE][PASSED] - File 'D:\Upoad_File\Upload doc\testdataaddition1.jpg' sent to object: 'Object Repository/1. Constant/xpath'

2022-06-09 20:46:08 - [MESSAGE][PASSED] - Delayed 5 second(s)

2022-06-09 20:46:09 - [MESSAGE][PASSED] - Text 'testdataaddition1.jpg' is present on page 

2022-06-09 20:46:14 - [MESSAGE][PASSED] - Delayed 5 second(s)

2022-06-09 20:46:19 - [MESSAGE][PASSED] - Delayed 5 second(s)

2022-06-09 20:46:19 - [TEST_STEP][PASSED] - takeScreenshot(): Taking screenshot successfully

2022-06-09 20:46:19 - [MESSAGE][PASSED] - Taking screenshot successfully
[[ATTACHMENT|D:\\Projet Test Auto\\Mediabox Test Automation\\Reports\\20220609_181011\\03. Parallel Testing (Testing)\\TS -PT PART 3\\11 Tag SAS_Task_Full lifecycle\\20220609_181109\\1654800379153.png]]

2022-06-09 20:46:19 - [TEST_STEP][PASSED] - delay(10): Delayed 10 second(s)

2022-06-09 20:46:29 - [MESSAGE][PASSED] - Delayed 10 second(s)

2022-06-09 20:46:29 - [TEST_STEP][PASSED] - I.click_button_javascript(findTestObject("Object Repository/HL Full Lifecycle/12 ReferncePage_Button_Updatensenddoc")): Execute JavaScript 'arguments[0].click()' successfully

2022-06-09 20:46:39 - [MESSAGE][PASSED] - Execute JavaScript 'arguments[0].click()' successfully

2022-06-09 20:46:39 - [TEST_STEP][PASSED] - delay(5): Delayed 5 second(s)

2022-06-09 20:46:44 - [MESSAGE][PASSED] - Delayed 5 second(s)

2022-06-09 20:46:44 - [TEST_STEP][PASSED] - if (verifyElementPresent(findTestObject("1. Constant/xpath", ["xpath":"//*[@id="source_" + refID1 + ""]/td[17]/a[3]"]), 10, OPTIONAL)): com.kms.katalon.core.webui.exception.WebElementNotFoundException: Web element with id: 'Object Repository/1. Constant/xpath' located by '//*[@id="source_24438"]/td[17]/a[3]' not found (Root cause: com.kms.katalon.core.exception.StepFailedException: com.kms.katalon.core.webui.exception.WebElementNotFoundException: Web element with id: 'Object Repository/1. Constant/xpath' located by '//*[@id="source_24438"]/td[17]/a[3]' not found
	at com.kms.katalon.core.webui.keyword.internal.WebUIKeywordMain.stepFailed(WebUIKeywordMain.groovy:64)
	at com.kms.katalon.core.webui.keyword.builtin.VerifyElementPresentKeyword$_verifyElementPresent_closure1.doCall(VerifyElementPresentKeyword.groovy:85)
	at com.kms.katalon.core.webui.keyword.builtin.VerifyElementPresentKeyword$_verifyElementPresent_closure1.call(VerifyElementPresentKeyword.groovy)
	at com.kms.katalon.core.webui.keyword.internal.WebUIKeywordMain.runKeyword(WebUIKeywordMain.groovy:20)
	at com.kms.katalon.core.webui.keyword.builtin.VerifyElementPresentKeyword.verifyElementPresent(VerifyElementPresentKeyword.groovy:92)
	at com.kms.katalon.core.webui.keyword.builtin.VerifyElementPresentKeyword.execute(VerifyElementPresentKeyword.groovy:68)
	at com.kms.katalon.core.keyword.internal.KeywordExecutor.executeKeywordForPlatform(KeywordExecutor.groovy:74)
	at com.kms.katalon.core.webui.keyword.WebUiBuiltInKeywords.verifyElementPresent(WebUiBuiltInKeywords.groovy:1448)
	at com.kms.katalon.core.webui.keyword.WebUiBuiltInKeywords$verifyElementPresent$17.call(Unknown Source)
	at 18.02 Tag full Lifecycle Daughter _Perform Task 18.01 P2.run(18.02 Tag full Lifecycle Daughter _Perform Task 18.01 P2:175)
	at com.kms.katalon.core.main.ScriptEngine.run(ScriptEngine.java:194)
	at com.kms.katalon.core.main.ScriptEngine.runScriptAsRawText(ScriptEngine.java:119)
	at com.kms.katalon.core.main.TestCaseExecutor.runScript(TestCaseExecutor.java:445)
	at com.kms.katalon.core.main.TestCaseExecutor.doExecute(TestCaseExecutor.java:436)
	at com.kms.katalon.core.main.TestCaseExecutor.processExecutionPhase(TestCaseExecutor.java:415)
	at com.kms.katalon.core.main.TestCaseExecutor.accessMainPhase(TestCaseExecutor.java:407)
	at com.kms.katalon.core.main.TestCaseExecutor.execute(TestCaseExecutor.java:284)
	at com.kms.katalon.core.common.CommonExecutor.accessTestCaseMainPhase(CommonExecutor.java:65)
	at com.kms.katalon.core.main.TestSuiteExecutor.accessTestSuiteMainPhase(TestSuiteExecutor.java:144)
	at com.kms.katalon.core.main.TestSuiteExecutor.execute(TestSuiteExecutor.java:106)
	at com.kms.katalon.core.main.TestCaseMain.startTestSuite(TestCaseMain.java:185)
	at com.kms.katalon.core.main.TestCaseMain$startTestSuite$0.call(Unknown Source)
	at TempTestSuite1654791069182.run(TempTestSuite1654791069182.groovy:36)
)

2022-06-09 20:46:56 - [MESSAGE][INFO] - Unable to find the element located by 'By.xpath: //*[@id="source_24438"]/td[17]/a[3]'. Please recheck the objects properties to make sure the desired element is located. 

2022-06-09 20:46:56 - [MESSAGE][WARNING] - com.kms.katalon.core.webui.exception.WebElementNotFoundException: Web element with id: 'Object Repository/1. Constant/xpath' located by '//*[@id="source_24438"]/td[17]/a[3]' not found (Root cause: com.kms.katalon.core.exception.StepFailedException: com.kms.katalon.core.webui.exception.WebElementNotFoundException: Web element with id: 'Object Repository/1. Constant/xpath' located by '//*[@id="source_24438"]/td[17]/a[3]' not found
	at com.kms.katalon.core.webui.keyword.internal.WebUIKeywordMain.stepFailed(WebUIKeywordMain.groovy:64)
	at com.kms.katalon.core.webui.keyword.builtin.VerifyElementPresentKeyword$_verifyElementPresent_closure1.doCall(VerifyElementPresentKeyword.groovy:85)
	at com.kms.katalon.core.webui.keyword.builtin.VerifyElementPresentKeyword$_verifyElementPresent_closure1.call(VerifyElementPresentKeyword.groovy)
	at com.kms.katalon.core.webui.keyword.internal.WebUIKeywordMain.runKeyword(WebUIKeywordMain.groovy:20)
	at com.kms.katalon.core.webui.keyword.builtin.VerifyElementPresentKeyword.verifyElementPresent(VerifyElementPresentKeyword.groovy:92)
	at com.kms.katalon.core.webui.keyword.builtin.VerifyElementPresentKeyword.execute(VerifyElementPresentKeyword.groovy:68)
	at com.kms.katalon.core.keyword.internal.KeywordExecutor.executeKeywordForPlatform(KeywordExecutor.groovy:74)
	at com.kms.katalon.core.webui.keyword.WebUiBuiltInKeywords.verifyElementPresent(WebUiBuiltInKeywords.groovy:1448)
	at com.kms.katalon.core.webui.keyword.WebUiBuiltInKeywords$verifyElementPresent$17.call(Unknown Source)
	at 18.02 Tag full Lifecycle Daughter _Perform Task 18.01 P2.run(18.02 Tag full Lifecycle Daughter _Perform Task 18.01 P2:175)
	at com.kms.katalon.core.main.ScriptEngine.run(ScriptEngine.java:194)
	at com.kms.katalon.core.main.ScriptEngine.runScriptAsRawText(ScriptEngine.java:119)
	at com.kms.katalon.core.main.TestCaseExecutor.runScript(TestCaseExecutor.java:445)
	at com.kms.katalon.core.main.TestCaseExecutor.doExecute(TestCaseExecutor.java:436)
	at com.kms.katalon.core.main.TestCaseExecutor.processExecutionPhase(TestCaseExecutor.java:415)
	at com.kms.katalon.core.main.TestCaseExecutor.accessMainPhase(TestCaseExecutor.java:407)
	at com.kms.katalon.core.main.TestCaseExecutor.execute(TestCaseExecutor.java:284)
	at com.kms.katalon.core.common.CommonExecutor.accessTestCaseMainPhase(CommonExecutor.java:65)
	at com.kms.katalon.core.main.TestSuiteExecutor.accessTestSuiteMainPhase(TestSuiteExecutor.java:144)
	at com.kms.katalon.core.main.TestSuiteExecutor.execute(TestSuiteExecutor.java:106)
	at com.kms.katalon.core.main.TestCaseMain.startTestSuite(TestCaseMain.java:185)
	at com.kms.katalon.core.main.TestCaseMain$startTestSuite$0.call(Unknown Source)
	at TempTestSuite1654791069182.run(TempTestSuite1654791069182.groovy:36)
)
[[ATTACHMENT|D:\\Projet Test Auto\\Mediabox Test Automation\\Reports\\20220609_181011\\03. Parallel Testing (Testing)\\TS -PT PART 3\\11 Tag SAS_Task_Full lifecycle\\20220609_181109\\1654800416068.png]]

2022-06-09 20:46:56 - [TEST_STEP][PASSED] - else: null

2022-06-09 20:46:56 - [TEST_STEP][PASSED] - color1 = "white": null

2022-06-09 20:46:56 - [TEST_STEP][PASSED] - delay(1): Delayed 1 second(s)

2022-06-09 20:46:57 - [MESSAGE][PASSED] - Delayed 1 second(s)

2022-06-09 20:46:57 - [TEST_STEP][PASSED] - I.Logout(): Delayed 3 second(s)

2022-06-09 20:47:00 - [MESSAGE][PASSED] - Delayed 3 second(s)

2022-06-09 20:47:00 - [MESSAGE][PASSED] - Object: 'Object Repository/1. Constant/xpath' is clicked on

2022-06-09 20:47:03 - [MESSAGE][PASSED] - Delayed 3 second(s)

2022-06-09 20:47:05 - [MESSAGE][PASSED] - Object: 'Object Repository/1. Constant/xpath' is clicked on

2022-06-09 20:47:08 - [MESSAGE][PASSED] - Delayed 3 second(s)

2022-06-09 20:47:08 - [TEST_STEP][PASSED] - I.Login_password("aomoto", password_aomoto): Object: 'Object Repository/1. Constant/xpath' is clicked on

2022-06-09 20:47:09 - [MESSAGE][PASSED] - Text 'aomoto' is set on object 'Object Repository/1. Constant/xpath'

2022-06-09 20:47:10 - [MESSAGE][PASSED] - Delayed 1 second(s)

2022-06-09 20:47:10 - [MESSAGE][PASSED] - Text 'dchi' is set on object 'Object Repository/1. Constant/xpath'

2022-06-09 20:47:11 - [MESSAGE][PASSED] - Delayed 1 second(s)

2022-06-09 20:47:16 - [MESSAGE][PASSED] - Object: 'Object Repository/1. Constant/xpath' is clicked on

2022-06-09 20:47:16 - [TEST_STEP][PASSED] - task1_aomoto = I.Get_Task_No("//*[@id="kt_header"]/div/div[2]/div[1]/div[1]"): Text of object 'Object Repository/1. Constant/xpath' is: '4'

2022-06-09 20:47:16 - [MESSAGE][PASSED] - Text of object 'Object Repository/1. Constant/xpath' is: '4'

2022-06-09 20:47:16 - [TEST_STEP][PASSED] - click(findTestObject("1. Constant/xpath", ["xpath":"//*[@id="kt_header"]/div/div[2]/div[1]/div[1]/div"])): Object: 'Object Repository/1. Constant/xpath' is clicked on

2022-06-09 20:47:16 - [MESSAGE][PASSED] - Object: 'Object Repository/1. Constant/xpath' is clicked on

2022-06-09 20:47:16 - [TEST_STEP][PASSED] - delay(1): Delayed 1 second(s)

2022-06-09 20:47:17 - [MESSAGE][PASSED] - Delayed 1 second(s)

2022-06-09 20:47:17 - [TEST_STEP][PASSED] - a = 1: null

2022-06-09 20:47:17 - [TEST_STEP][PASSED] - while (a <= task1_aomoto): null

2022-06-09 20:47:17 - [TEST_STEP][PASSED] - result1 = getText(findTestObject("1. Constant/xpath", ["xpath":"//*[@id="kt_header"]/div/div[2]/div[1]/div[2]/form/div[2]/a[" + a + "]"])): Text of object 'Object Repository/1. Constant/xpath' is: 'COMPLETE & SEND Common Brief: ____ - Dermablend Pro_Makeup Remover_2021_[Do not edit] SAS Part 3
15/12/2021'

2022-06-09 20:47:17 - [MESSAGE][PASSED] - Text of object 'Object Repository/1. Constant/xpath' is: 'COMPLETE & SEND Common Brief: ____ - Dermablend Pro_Makeup Remover_2021_[Do not edit] SAS Part 3
15/12/2021'

2022-06-09 20:47:17 - [TEST_STEP][PASSED] - if (result1.contains("REVIEW Artwork document: TC18_AUTO_MOTHERREF_Fake_Beauty Seal_100CM2___EN___")): null

2022-06-09 20:47:17 - [TEST_STEP][PASSED] - else: null

2022-06-09 20:47:17 - [TEST_STEP][PASSED] - a = a + 1: null

2022-06-09 20:47:17 - [TEST_STEP][PASSED] - result1 = getText(findTestObject("1. Constant/xpath", ["xpath":"//*[@id="kt_header"]/div/div[2]/div[1]/div[2]/form/div[2]/a[" + a + "]"])): Text of object 'Object Repository/1. Constant/xpath' is: 'COMPLETE & SEND Artwork Brief: SAS_PART_4_Other_Bottom_100OZ______
16/12/2021'

2022-06-09 20:47:17 - [MESSAGE][PASSED] - Text of object 'Object Repository/1. Constant/xpath' is: 'COMPLETE & SEND Artwork Brief: SAS_PART_4_Other_Bottom_100OZ______
16/12/2021'

2022-06-09 20:47:17 - [TEST_STEP][PASSED] - if (result1.contains("REVIEW Artwork document: TC18_AUTO_MOTHERREF_Fake_Beauty Seal_100CM2___EN___")): null

2022-06-09 20:47:17 - [TEST_STEP][PASSED] - else: null

2022-06-09 20:47:17 - [TEST_STEP][PASSED] - a = a + 1: null

2022-06-09 20:47:17 - [TEST_STEP][PASSED] - result1 = getText(findTestObject("1. Constant/xpath", ["xpath":"//*[@id="kt_header"]/div/div[2]/div[1]/div[2]/form/div[2]/a[" + a + "]"])): Text of object 'Object Repository/1. Constant/xpath' is: 'COMPLETE & SEND Artwork Brief: SAS_PART_4_Other_Bottom_100OZ______
16/12/2021'

2022-06-09 20:47:18 - [MESSAGE][PASSED] - Text of object 'Object Repository/1. Constant/xpath' is: 'COMPLETE & SEND Artwork Brief: SAS_PART_4_Other_Bottom_100OZ______
16/12/2021'

2022-06-09 20:47:18 - [TEST_STEP][PASSED] - if (result1.contains("REVIEW Artwork document: TC18_AUTO_MOTHERREF_Fake_Beauty Seal_100CM2___EN___")): null

2022-06-09 20:47:18 - [TEST_STEP][PASSED] - else: null

2022-06-09 20:47:18 - [TEST_STEP][PASSED] - a = a + 1: null

2022-06-09 20:47:18 - [TEST_STEP][PASSED] - result1 = getText(findTestObject("1. Constant/xpath", ["xpath":"//*[@id="kt_header"]/div/div[2]/div[1]/div[2]/form/div[2]/a[" + a + "]"])): Text of object 'Object Repository/1. Constant/xpath' is: 'REVIEW Artwork document: TC18_AUTO_MOTHERREF_Fake_Beauty Seal_100CM2___EN___'

2022-06-09 20:47:19 - [MESSAGE][PASSED] - Text of object 'Object Repository/1. Constant/xpath' is: 'REVIEW Artwork document: TC18_AUTO_MOTHERREF_Fake_Beauty Seal_100CM2___EN___'

2022-06-09 20:47:19 - [TEST_STEP][PASSED] - if (result1.contains("REVIEW Artwork document: TC18_AUTO_MOTHERREF_Fake_Beauty Seal_100CM2___EN___")): null

2022-06-09 20:47:19 - [TEST_STEP][PASSED] - click(findTestObject("1. Constant/xpath", ["xpath":"//*[@id="kt_header"]/div/div[2]/div[1]/div[2]/form/div[2]/a[" + a + "]"])): Object: 'Object Repository/1. Constant/xpath' is clicked on

2022-06-09 20:47:23 - [MESSAGE][PASSED] - Object: 'Object Repository/1. Constant/xpath' is clicked on

2022-06-09 20:47:23 - [TEST_STEP][PASSED] - a = a + 1: null

2022-06-09 20:47:23 - [TEST_STEP][PASSED] - break: null

2022-06-09 20:47:23 - [TEST_STEP][PASSED] - delay(1): Delayed 1 second(s)

2022-06-09 20:47:24 - [MESSAGE][PASSED] - Delayed 1 second(s)

2022-06-09 20:47:24 - [TEST_STEP][PASSED] - takeScreenshot(): Taking screenshot successfully

2022-06-09 20:47:25 - [MESSAGE][PASSED] - Taking screenshot successfully
[[ATTACHMENT|D:\\Projet Test Auto\\Mediabox Test Automation\\Reports\\20220609_181011\\03. Parallel Testing (Testing)\\TS -PT PART 3\\11 Tag SAS_Task_Full lifecycle\\20220609_181109\\1654800444681.png]]

2022-06-09 20:47:25 - [TEST_STEP][PASSED] - click(findTestObject("1. Constant/xpath", ["xpath":"//*[@id="kt_header"]/div/div[2]/div[1]/div[1]/div"])): Object: 'Object Repository/1. Constant/xpath' is clicked on

2022-06-09 20:47:25 - [MESSAGE][PASSED] - Object: 'Object Repository/1. Constant/xpath' is clicked on

2022-06-09 20:47:25 - [TEST_STEP][PASSED] - click(findTestObject("HL Full Lifecycle/Function_Access to viewer")): Object: 'Object Repository/HL Full Lifecycle/Function_Access to viewer' is clicked on

2022-06-09 20:47:26 - [MESSAGE][PASSED] - Object: 'Object Repository/HL Full Lifecycle/Function_Access to viewer' is clicked on

2022-06-09 20:47:26 - [TEST_STEP][PASSED] - delay(2): Delayed 2 second(s)

2022-06-09 20:47:28 - [MESSAGE][PASSED] - Delayed 2 second(s)

2022-06-09 20:47:28 - [TEST_STEP][PASSED] - takeScreenshot(): Taking screenshot successfully

2022-06-09 20:47:29 - [MESSAGE][PASSED] - Taking screenshot successfully
[[ATTACHMENT|D:\\Projet Test Auto\\Mediabox Test Automation\\Reports\\20220609_181011\\03. Parallel Testing (Testing)\\TS -PT PART 3\\11 Tag SAS_Task_Full lifecycle\\20220609_181109\\1654800448838.png]]

2022-06-09 20:47:29 - [TEST_STEP][PASSED] - click(findTestObject("1. Constant/xpath", ["xpath":"//*[@id="BtnrefusalButton"]"])): Object: 'Object Repository/1. Constant/xpath' is clicked on

2022-06-09 20:47:29 - [MESSAGE][PASSED] - Object: 'Object Repository/1. Constant/xpath' is clicked on

2022-06-09 20:47:29 - [TEST_STEP][PASSED] - delay(1): Delayed 1 second(s)

2022-06-09 20:47:30 - [MESSAGE][PASSED] - Delayed 1 second(s)

2022-06-09 20:47:30 - [TEST_STEP][PASSED] - click(findTestObject("1. Constant/xpath", ["xpath":"//*[@id="disable_rejectionButton"]"])): Object: 'Object Repository/1. Constant/xpath' is clicked on

2022-06-09 20:47:30 - [MESSAGE][PASSED] - Object: 'Object Repository/1. Constant/xpath' is clicked on

2022-06-09 20:47:30 - [TEST_STEP][PASSED] - I.VerifyMatchToastrmsg("//*[@id="toast-container"]/div/div[2]", "Rejection reason required"): Actual text 'Rejection reason required' and expected text 'Rejection reason required' are matched 

2022-06-09 20:47:31 - [MESSAGE][PASSED] - Object 'Object Repository/1. Constant/xpath' is visible

2022-06-09 20:47:31 - [MESSAGE][PASSED] - Text of object 'Object Repository/1. Constant/xpath' is: 'Rejection reason required'

2022-06-09 20:47:32 - [MESSAGE][PASSED] - Taking screenshot successfully
[[ATTACHMENT|D:\\Projet Test Auto\\Mediabox Test Automation\\Reports\\20220609_181011\\03. Parallel Testing (Testing)\\TS -PT PART 3\\11 Tag SAS_Task_Full lifecycle\\20220609_181109\\1654800451392.png]]

2022-06-09 20:47:32 - [MESSAGE][PASSED] - Actual text 'Rejection reason required' and expected text 'Rejection reason required' are matched 

2022-06-09 20:47:32 - [TEST_STEP][PASSED] - takeScreenshot(): Taking screenshot successfully

2022-06-09 20:47:35 - [MESSAGE][PASSED] - Taking screenshot successfully
[[ATTACHMENT|D:\\Projet Test Auto\\Mediabox Test Automation\\Reports\\20220609_181011\\03. Parallel Testing (Testing)\\TS -PT PART 3\\11 Tag SAS_Task_Full lifecycle\\20220609_181109\\1654800453700.png]]

2022-06-09 20:47:35 - [TEST_STEP][PASSED] - delay(1): Delayed 1 second(s)

2022-06-09 20:47:36 - [MESSAGE][PASSED] - Delayed 1 second(s)

2022-06-09 20:47:36 - [TEST_STEP][PASSED] - I.SelectFromList_Value("//*[@id="listbox_rejection_doc"]", "2"): Delayed 2 second(s)

2022-06-09 20:47:38 - [MESSAGE][PASSED] - All options with value '2' are selected in object 'Object Repository/1. Constant/xpath' 

2022-06-09 20:47:40 - [MESSAGE][PASSED] - Delayed 2 second(s)

2022-06-09 20:47:40 - [TEST_STEP][PASSED] - delay(1): Delayed 1 second(s)

2022-06-09 20:47:41 - [MESSAGE][PASSED] - Delayed 1 second(s)

2022-06-09 20:47:41 - [TEST_STEP][PASSED] - click(findTestObject("1. Constant/xpath", ["xpath":"//*[@id="disable_rejectionButton"]"])): Object: 'Object Repository/1. Constant/xpath' is clicked on

2022-06-09 20:47:46 - [MESSAGE][PASSED] - Object: 'Object Repository/1. Constant/xpath' is clicked on

2022-06-09 20:47:46 - [TEST_STEP][PASSED] - I.VerifyMatchText("//*[@id="source_" + refID1 + ""]/td[13]/span[1]", "Creative: Artwork production"): Actual text 'Creative: Artwork production' and expected text 'Creative: Artwork production' are matched 

2022-06-09 20:47:47 - [MESSAGE][PASSED] - Text of object 'Object Repository/1. Constant/xpath' is: 'Creative: Artwork production'

2022-06-09 20:47:48 - [MESSAGE][PASSED] - Delayed 1 second(s)

2022-06-09 20:47:48 - [MESSAGE][PASSED] - Actual text 'Creative: Artwork production' and expected text 'Creative: Artwork production' are matched 

2022-06-09 20:47:48 - [TEST_STEP][PASSED] - task2_aomoto = I.Get_Task_No("//*[@id="kt_header"]/div/div[2]/div[1]/div[1]"): Text of object 'Object Repository/1. Constant/xpath' is: '3'

2022-06-09 20:47:48 - [MESSAGE][PASSED] - Text of object 'Object Repository/1. Constant/xpath' is: '3'

2022-06-09 20:47:48 - [TEST_STEP][PASSED] - verifyEqual(task2_aomoto, task1_aomoto - 1): Actual object '3' and expected object '3' are equal

2022-06-09 20:47:48 - [MESSAGE][PASSED] - Actual object '3' and expected object '3' are equal

2022-06-09 20:47:48 - [TEST_STEP][PASSED] - click(findTestObject("1. Constant/xpath", ["xpath":"//*[@id="kt_header"]/div/div[2]/div[1]/div[1]/div"])): Object: 'Object Repository/1. Constant/xpath' is clicked on

2022-06-09 20:47:48 - [MESSAGE][PASSED] - Object: 'Object Repository/1. Constant/xpath' is clicked on

2022-06-09 20:47:48 - [TEST_STEP][PASSED] - delay(1): Delayed 1 second(s)

2022-06-09 20:47:49 - [MESSAGE][PASSED] - Delayed 1 second(s)

2022-06-09 20:47:49 - [TEST_STEP][PASSED] - b = 1: null

2022-06-09 20:47:49 - [TEST_STEP][PASSED] - while (b <= task2_aomoto): null

2022-06-09 20:47:49 - [TEST_STEP][PASSED] - result2 = getText(findTestObject("1. Constant/xpath", ["xpath":"//*[@id="kt_header"]/div/div[2]/div[1]/div[2]/form/div[2]/a[" + b + "]"])): Text of object 'Object Repository/1. Constant/xpath' is: 'COMPLETE & SEND Common Brief: ____ - Dermablend Pro_Makeup Remover_2021_[Do not edit] SAS Part 3
15/12/2021'

2022-06-09 20:47:49 - [MESSAGE][PASSED] - Text of object 'Object Repository/1. Constant/xpath' is: 'COMPLETE & SEND Common Brief: ____ - Dermablend Pro_Makeup Remover_2021_[Do not edit] SAS Part 3
15/12/2021'

2022-06-09 20:47:49 - [TEST_STEP][PASSED] - if (result2.contains("REVIEW Artwork document: TC18_AUTO_MOTHERREF_Fake_Beauty Seal_100CM2___EN___")): null

2022-06-09 20:47:49 - [TEST_STEP][PASSED] - else: null

2022-06-09 20:47:49 - [TEST_STEP][PASSED] - b = b + 1: null

2022-06-09 20:47:49 - [TEST_STEP][PASSED] - result2 = getText(findTestObject("1. Constant/xpath", ["xpath":"//*[@id="kt_header"]/div/div[2]/div[1]/div[2]/form/div[2]/a[" + b + "]"])): Text of object 'Object Repository/1. Constant/xpath' is: 'COMPLETE & SEND Artwork Brief: SAS_PART_4_Other_Bottom_100OZ______
16/12/2021'

2022-06-09 20:47:49 - [MESSAGE][PASSED] - Text of object 'Object Repository/1. Constant/xpath' is: 'COMPLETE & SEND Artwork Brief: SAS_PART_4_Other_Bottom_100OZ______
16/12/2021'

2022-06-09 20:47:49 - [TEST_STEP][PASSED] - if (result2.contains("REVIEW Artwork document: TC18_AUTO_MOTHERREF_Fake_Beauty Seal_100CM2___EN___")): null

2022-06-09 20:47:49 - [TEST_STEP][PASSED] - else: null

2022-06-09 20:47:49 - [TEST_STEP][PASSED] - b = b + 1: null

2022-06-09 20:47:49 - [TEST_STEP][PASSED] - result2 = getText(findTestObject("1. Constant/xpath", ["xpath":"//*[@id="kt_header"]/div/div[2]/div[1]/div[2]/form/div[2]/a[" + b + "]"])): Text of object 'Object Repository/1. Constant/xpath' is: 'COMPLETE & SEND Artwork Brief: SAS_PART_4_Other_Bottom_100OZ______
16/12/2021'

2022-06-09 20:47:49 - [MESSAGE][PASSED] - Text of object 'Object Repository/1. Constant/xpath' is: 'COMPLETE & SEND Artwork Brief: SAS_PART_4_Other_Bottom_100OZ______
16/12/2021'

2022-06-09 20:47:49 - [TEST_STEP][PASSED] - if (result2.contains("REVIEW Artwork document: TC18_AUTO_MOTHERREF_Fake_Beauty Seal_100CM2___EN___")): null

2022-06-09 20:47:49 - [TEST_STEP][PASSED] - else: null

2022-06-09 20:47:49 - [TEST_STEP][PASSED] - b = b + 1: null

2022-06-09 20:47:49 - [TEST_STEP][PASSED] - I.Logout(): Delayed 3 second(s)

2022-06-09 20:47:52 - [MESSAGE][PASSED] - Delayed 3 second(s)

2022-06-09 20:47:53 - [MESSAGE][PASSED] - Object: 'Object Repository/1. Constant/xpath' is clicked on

2022-06-09 20:47:56 - [MESSAGE][PASSED] - Delayed 3 second(s)

2022-06-09 20:47:57 - [MESSAGE][PASSED] - Object: 'Object Repository/1. Constant/xpath' is clicked on

2022-06-09 20:48:00 - [MESSAGE][PASSED] - Delayed 3 second(s)

2022-06-09 20:48:00 - [TEST_STEP][PASSED] - I.Login_password("jedun", password_jedun): Object: 'Object Repository/1. Constant/xpath' is clicked on

2022-06-09 20:48:00 - [MESSAGE][PASSED] - Text 'jedun' is set on object 'Object Repository/1. Constant/xpath'

2022-06-09 20:48:01 - [MESSAGE][PASSED] - Delayed 1 second(s)

2022-06-09 20:48:02 - [MESSAGE][PASSED] - Text 'dchi' is set on object 'Object Repository/1. Constant/xpath'

2022-06-09 20:48:03 - [MESSAGE][PASSED] - Delayed 1 second(s)

2022-06-09 20:48:05 - [MESSAGE][PASSED] - Object: 'Object Repository/1. Constant/xpath' is clicked on

2022-06-09 20:48:05 - [TEST_STEP][PASSED] - click(findTestObject("1. Constant/xpath", ["xpath":"//*[@id="menu_2"]/a"])): Object: 'Object Repository/1. Constant/xpath' is clicked on

2022-06-09 20:48:10 - [MESSAGE][PASSED] - Object: 'Object Repository/1. Constant/xpath' is clicked on

2022-06-09 20:48:10 - [TEST_STEP][PASSED] - I.SearchProjectNo_xpath(Project_No, "//*[@id="keynum_project"]", "//*[@id="form_filters"]/div[7]/button"): Delayed 5 second(s)

2022-06-09 20:48:11 - [MESSAGE][PASSED] - Delayed 1 second(s)

2022-06-09 20:48:14 - [MESSAGE][PASSED] - Text 'MI003408' is set on object 'Object Repository/1. Constant/xpath'

2022-06-09 20:48:17 - [MESSAGE][PASSED] - Delayed 3 second(s)

2022-06-09 20:48:17 - [MESSAGE][PASSED] - Scroll to object 'Object Repository/1. Constant/xpath' successfully

2022-06-09 20:48:22 - [MESSAGE][PASSED] - Object: 'Object Repository/1. Constant/xpath' is clicked on

2022-06-09 20:48:27 - [MESSAGE][PASSED] - Delayed 5 second(s)

2022-06-09 20:48:27 - [TEST_STEP][PASSED] - delay(1): Delayed 1 second(s)

2022-06-09 20:48:28 - [MESSAGE][PASSED] - Delayed 1 second(s)

2022-06-09 20:48:28 - [TEST_STEP][PASSED] - takeScreenshot(): Taking screenshot successfully

2022-06-09 20:48:30 - [MESSAGE][PASSED] - Taking screenshot successfully
[[ATTACHMENT|D:\\Projet Test Auto\\Mediabox Test Automation\\Reports\\20220609_181011\\03. Parallel Testing (Testing)\\TS -PT PART 3\\11 Tag SAS_Task_Full lifecycle\\20220609_181109\\1654800509220.png]]

2022-06-09 20:48:30 - [TEST_STEP][PASSED] - color2 = getCSSValue(findTestObject("1. Constant/xpath", ["xpath":"//*[@id="source_" + refID1 + ""]/td[17]/a[3]"]), "color", OPTIONAL): Get CSS 'color' value on 'Object Repository/1. Constant/xpath' successfully: 'rgba(255, 255, 255, 1)'.

2022-06-09 20:48:32 - [MESSAGE][PASSED] - Get CSS 'color' value on 'Object Repository/1. Constant/xpath' successfully: 'rgba(255, 255, 255, 1)'.

2022-06-09 20:48:32 - [TEST_STEP][PASSED] - while (color2 == "rgba(255, 255, 255, 1)"): null

2022-06-09 20:48:32 - [TEST_STEP][PASSED] - click(findTestObject("1. Constant/xpath", ["xpath":"//*[@id="source_" + refID1 + ""]/td[17]/a[3]"])): Object: 'Object Repository/1. Constant/xpath' is clicked on

2022-06-09 20:48:39 - [MESSAGE][PASSED] - Object: 'Object Repository/1. Constant/xpath' is clicked on

2022-06-09 20:48:39 - [TEST_STEP][PASSED] - takeScreenshot(): Taking screenshot successfully

2022-06-09 20:48:41 - [MESSAGE][PASSED] - Taking screenshot successfully
[[ATTACHMENT|D:\\Projet Test Auto\\Mediabox Test Automation\\Reports\\20220609_181011\\03. Parallel Testing (Testing)\\TS -PT PART 3\\11 Tag SAS_Task_Full lifecycle\\20220609_181109\\1654800520281.png]]

2022-06-09 20:48:41 - [TEST_STEP][PASSED] - I.UploadDoc_sendkey_Prod(findTestObject("1. Constant/xpath", ["xpath":"//*[@id="kt_body"]/input[2]"]), "D:\Upoad_File\Upload doc\testdataaddition1.pdf", "testdataaddition1.pdf"): Delayed 5 second(s)

2022-06-09 20:48:44 - [MESSAGE][PASSED] - Scroll to object 'Object Repository/1. Constant/xpath' successfully

2022-06-09 20:48:49 - [MESSAGE][PASSED] - Delayed 5 second(s)

2022-06-09 20:48:52 - [MESSAGE][PASSED] - File 'D:\Upoad_File\Upload doc\testdataaddition1.pdf' sent to object: 'Object Repository/1. Constant/xpath'

2022-06-09 20:48:57 - [MESSAGE][PASSED] - Delayed 5 second(s)

2022-06-09 20:48:58 - [MESSAGE][PASSED] - Text 'testdataaddition1.pdf' is present on page 

2022-06-09 20:49:03 - [MESSAGE][PASSED] - Delayed 5 second(s)

2022-06-09 20:49:08 - [MESSAGE][PASSED] - Delayed 5 second(s)

2022-06-09 20:49:08 - [TEST_STEP][PASSED] - takeScreenshot(): Taking screenshot successfully

2022-06-09 20:49:09 - [MESSAGE][PASSED] - Taking screenshot successfully
[[ATTACHMENT|D:\\Projet Test Auto\\Mediabox Test Automation\\Reports\\20220609_181011\\03. Parallel Testing (Testing)\\TS -PT PART 3\\11 Tag SAS_Task_Full lifecycle\\20220609_181109\\1654800549105.png]]

2022-06-09 20:49:09 - [TEST_STEP][PASSED] - delay(10): Delayed 10 second(s)

2022-06-09 20:49:19 - [MESSAGE][PASSED] - Delayed 10 second(s)

2022-06-09 20:49:19 - [TEST_STEP][PASSED] - I.click_button_javascript(findTestObject("Object Repository/HL Full Lifecycle/12 ReferncePage_Button_Updatensenddoc")): Execute JavaScript 'arguments[0].click()' successfully

2022-06-09 20:49:31 - [MESSAGE][PASSED] - Execute JavaScript 'arguments[0].click()' successfully

2022-06-09 20:49:31 - [TEST_STEP][PASSED] - delay(5): Delayed 5 second(s)

2022-06-09 20:49:36 - [MESSAGE][PASSED] - Delayed 5 second(s)

2022-06-09 20:49:36 - [TEST_STEP][PASSED] - if (verifyElementPresent(findTestObject("1. Constant/xpath", ["xpath":"//*[@id="source_" + refID1 + ""]/td[17]/a[3]"]), 10, OPTIONAL)): com.kms.katalon.core.webui.exception.WebElementNotFoundException: Web element with id: 'Object Repository/1. Constant/xpath' located by '//*[@id="source_24438"]/td[17]/a[3]' not found (Root cause: com.kms.katalon.core.exception.StepFailedException: com.kms.katalon.core.webui.exception.WebElementNotFoundException: Web element with id: 'Object Repository/1. Constant/xpath' located by '//*[@id="source_24438"]/td[17]/a[3]' not found
	at com.kms.katalon.core.webui.keyword.internal.WebUIKeywordMain.stepFailed(WebUIKeywordMain.groovy:64)
	at com.kms.katalon.core.webui.keyword.builtin.VerifyElementPresentKeyword$_verifyElementPresent_closure1.doCall(VerifyElementPresentKeyword.groovy:85)
	at com.kms.katalon.core.webui.keyword.builtin.VerifyElementPresentKeyword$_verifyElementPresent_closure1.call(VerifyElementPresentKeyword.groovy)
	at com.kms.katalon.core.webui.keyword.internal.WebUIKeywordMain.runKeyword(WebUIKeywordMain.groovy:20)
	at com.kms.katalon.core.webui.keyword.builtin.VerifyElementPresentKeyword.verifyElementPresent(VerifyElementPresentKeyword.groovy:92)
	at com.kms.katalon.core.webui.keyword.builtin.VerifyElementPresentKeyword.execute(VerifyElementPresentKeyword.groovy:68)
	at com.kms.katalon.core.keyword.internal.KeywordExecutor.executeKeywordForPlatform(KeywordExecutor.groovy:74)
	at com.kms.katalon.core.webui.keyword.WebUiBuiltInKeywords.verifyElementPresent(WebUiBuiltInKeywords.groovy:1448)
	at com.kms.katalon.core.webui.keyword.WebUiBuiltInKeywords$verifyElementPresent$17.call(Unknown Source)
	at 18.02 Tag full Lifecycle Daughter _Perform Task 18.01 P2.run(18.02 Tag full Lifecycle Daughter _Perform Task 18.01 P2:329)
	at com.kms.katalon.core.main.ScriptEngine.run(ScriptEngine.java:194)
	at com.kms.katalon.core.main.ScriptEngine.runScriptAsRawText(ScriptEngine.java:119)
	at com.kms.katalon.core.main.TestCaseExecutor.runScript(TestCaseExecutor.java:445)
	at com.kms.katalon.core.main.TestCaseExecutor.doExecute(TestCaseExecutor.java:436)
	at com.kms.katalon.core.main.TestCaseExecutor.processExecutionPhase(TestCaseExecutor.java:415)
	at com.kms.katalon.core.main.TestCaseExecutor.accessMainPhase(TestCaseExecutor.java:407)
	at com.kms.katalon.core.main.TestCaseExecutor.execute(TestCaseExecutor.java:284)
	at com.kms.katalon.core.common.CommonExecutor.accessTestCaseMainPhase(CommonExecutor.java:65)
	at com.kms.katalon.core.main.TestSuiteExecutor.accessTestSuiteMainPhase(TestSuiteExecutor.java:144)
	at com.kms.katalon.core.main.TestSuiteExecutor.execute(TestSuiteExecutor.java:106)
	at com.kms.katalon.core.main.TestCaseMain.startTestSuite(TestCaseMain.java:185)
	at com.kms.katalon.core.main.TestCaseMain$startTestSuite$0.call(Unknown Source)
	at TempTestSuite1654791069182.run(TempTestSuite1654791069182.groovy:36)
)

2022-06-09 20:49:47 - [MESSAGE][INFO] - Unable to find the element located by 'By.xpath: //*[@id="source_24438"]/td[17]/a[3]'. Please recheck the objects properties to make sure the desired element is located. 

2022-06-09 20:49:48 - [MESSAGE][WARNING] - com.kms.katalon.core.webui.exception.WebElementNotFoundException: Web element with id: 'Object Repository/1. Constant/xpath' located by '//*[@id="source_24438"]/td[17]/a[3]' not found (Root cause: com.kms.katalon.core.exception.StepFailedException: com.kms.katalon.core.webui.exception.WebElementNotFoundException: Web element with id: 'Object Repository/1. Constant/xpath' located by '//*[@id="source_24438"]/td[17]/a[3]' not found
	at com.kms.katalon.core.webui.keyword.internal.WebUIKeywordMain.stepFailed(WebUIKeywordMain.groovy:64)
	at com.kms.katalon.core.webui.keyword.builtin.VerifyElementPresentKeyword$_verifyElementPresent_closure1.doCall(VerifyElementPresentKeyword.groovy:85)
	at com.kms.katalon.core.webui.keyword.builtin.VerifyElementPresentKeyword$_verifyElementPresent_closure1.call(VerifyElementPresentKeyword.groovy)
	at com.kms.katalon.core.webui.keyword.internal.WebUIKeywordMain.runKeyword(WebUIKeywordMain.groovy:20)
	at com.kms.katalon.core.webui.keyword.builtin.VerifyElementPresentKeyword.verifyElementPresent(VerifyElementPresentKeyword.groovy:92)
	at com.kms.katalon.core.webui.keyword.builtin.VerifyElementPresentKeyword.execute(VerifyElementPresentKeyword.groovy:68)
	at com.kms.katalon.core.keyword.internal.KeywordExecutor.executeKeywordForPlatform(KeywordExecutor.groovy:74)
	at com.kms.katalon.core.webui.keyword.WebUiBuiltInKeywords.verifyElementPresent(WebUiBuiltInKeywords.groovy:1448)
	at com.kms.katalon.core.webui.keyword.WebUiBuiltInKeywords$verifyElementPresent$17.call(Unknown Source)
	at 18.02 Tag full Lifecycle Daughter _Perform Task 18.01 P2.run(18.02 Tag full Lifecycle Daughter _Perform Task 18.01 P2:329)
	at com.kms.katalon.core.main.ScriptEngine.run(ScriptEngine.java:194)
	at com.kms.katalon.core.main.ScriptEngine.runScriptAsRawText(ScriptEngine.java:119)
	at com.kms.katalon.core.main.TestCaseExecutor.runScript(TestCaseExecutor.java:445)
	at com.kms.katalon.core.main.TestCaseExecutor.doExecute(TestCaseExecutor.java:436)
	at com.kms.katalon.core.main.TestCaseExecutor.processExecutionPhase(TestCaseExecutor.java:415)
	at com.kms.katalon.core.main.TestCaseExecutor.accessMainPhase(TestCaseExecutor.java:407)
	at com.kms.katalon.core.main.TestCaseExecutor.execute(TestCaseExecutor.java:284)
	at com.kms.katalon.core.common.CommonExecutor.accessTestCaseMainPhase(CommonExecutor.java:65)
	at com.kms.katalon.core.main.TestSuiteExecutor.accessTestSuiteMainPhase(TestSuiteExecutor.java:144)
	at com.kms.katalon.core.main.TestSuiteExecutor.execute(TestSuiteExecutor.java:106)
	at com.kms.katalon.core.main.TestCaseMain.startTestSuite(TestCaseMain.java:185)
	at com.kms.katalon.core.main.TestCaseMain$startTestSuite$0.call(Unknown Source)
	at TempTestSuite1654791069182.run(TempTestSuite1654791069182.groovy:36)
)
[[ATTACHMENT|D:\\Projet Test Auto\\Mediabox Test Automation\\Reports\\20220609_181011\\03. Parallel Testing (Testing)\\TS -PT PART 3\\11 Tag SAS_Task_Full lifecycle\\20220609_181109\\1654800587969.png]]

2022-06-09 20:49:48 - [TEST_STEP][PASSED] - else: null

2022-06-09 20:49:48 - [TEST_STEP][PASSED] - color2 = "white": null

2022-06-09 20:49:48 - [TEST_STEP][PASSED] - delay(1): Delayed 1 second(s)

2022-06-09 20:49:49 - [MESSAGE][PASSED] - Delayed 1 second(s)

2022-06-09 20:49:49 - [TEST_STEP][PASSED] - I.Logout(): Delayed 3 second(s)

2022-06-09 20:49:52 - [MESSAGE][PASSED] - Delayed 3 second(s)

2022-06-09 20:49:53 - [MESSAGE][PASSED] - Object: 'Object Repository/1. Constant/xpath' is clicked on

2022-06-09 20:49:56 - [MESSAGE][PASSED] - Delayed 3 second(s)

2022-06-09 20:49:58 - [MESSAGE][PASSED] - Object: 'Object Repository/1. Constant/xpath' is clicked on

2022-06-09 20:50:01 - [MESSAGE][PASSED] - Delayed 3 second(s)

2022-06-09 20:50:01 - [TEST_STEP][PASSED] - I.Login_password("daguirre", password_daguirre): Object: 'Object Repository/1. Constant/xpath' is clicked on

2022-06-09 20:50:02 - [MESSAGE][PASSED] - Text 'daguirre' is set on object 'Object Repository/1. Constant/xpath'

2022-06-09 20:50:03 - [MESSAGE][PASSED] - Delayed 1 second(s)

2022-06-09 20:50:04 - [MESSAGE][PASSED] - Text 'dchi' is set on object 'Object Repository/1. Constant/xpath'

2022-06-09 20:50:05 - [MESSAGE][PASSED] - Delayed 1 second(s)

2022-06-09 20:50:08 - [MESSAGE][PASSED] - Object: 'Object Repository/1. Constant/xpath' is clicked on

2022-06-09 20:50:08 - [TEST_STEP][PASSED] - click(findTestObject("1. Constant/xpath", ["xpath":"//*[@id="menu_2"]/a"])): Object: 'Object Repository/1. Constant/xpath' is clicked on

2022-06-09 20:50:11 - [MESSAGE][PASSED] - Object: 'Object Repository/1. Constant/xpath' is clicked on

2022-06-09 20:50:11 - [TEST_STEP][PASSED] - I.SearchProjectNo_xpath(Project_No, "//*[@id="keynum_project"]", "//*[@id="form_filters"]/div[4]/button"): Delayed 5 second(s)

2022-06-09 20:50:12 - [MESSAGE][PASSED] - Delayed 1 second(s)

2022-06-09 20:50:13 - [MESSAGE][PASSED] - Text 'MI003408' is set on object 'Object Repository/1. Constant/xpath'

2022-06-09 20:50:16 - [MESSAGE][PASSED] - Delayed 3 second(s)

2022-06-09 20:50:16 - [MESSAGE][PASSED] - Scroll to object 'Object Repository/1. Constant/xpath' successfully

2022-06-09 20:50:19 - [MESSAGE][PASSED] - Object: 'Object Repository/1. Constant/xpath' is clicked on

2022-06-09 20:50:24 - [MESSAGE][PASSED] - Delayed 5 second(s)

2022-06-09 20:50:24 - [TEST_STEP][PASSED] - delay(1): Delayed 1 second(s)

2022-06-09 20:50:25 - [MESSAGE][PASSED] - Delayed 1 second(s)

2022-06-09 20:50:25 - [TEST_STEP][PASSED] - takeScreenshot(): Taking screenshot successfully

2022-06-09 20:50:26 - [MESSAGE][PASSED] - Taking screenshot successfully
[[ATTACHMENT|D:\\Projet Test Auto\\Mediabox Test Automation\\Reports\\20220609_181011\\03. Parallel Testing (Testing)\\TS -PT PART 3\\11 Tag SAS_Task_Full lifecycle\\20220609_181109\\1654800625915.png]]

2022-06-09 20:50:26 - [TEST_STEP][PASSED] - task1_daguirre = I.Get_Task_No("//*[@id="kt_header"]/div/div[2]/div[1]/div[1]"): Text of object 'Object Repository/1. Constant/xpath' is: '1'

2022-06-09 20:50:26 - [MESSAGE][PASSED] - Text of object 'Object Repository/1. Constant/xpath' is: '1'

2022-06-09 20:50:26 - [TEST_STEP][PASSED] - click(findTestObject("1. Constant/xpath", ["xpath":"//*[@id="source_" + refID1 + ""]/td[15]/a[1]"])): Object: 'Object Repository/1. Constant/xpath' is clicked on

2022-06-09 20:50:30 - [MESSAGE][PASSED] - Object: 'Object Repository/1. Constant/xpath' is clicked on

2022-06-09 20:50:30 - [TEST_STEP][PASSED] - I.AWF_approve_view(): Object: 'Object Repository/HL Full Lifecycle/Function_Appbutton2' is clicked on

2022-06-09 20:50:30 - [MESSAGE][PASSED] - Wait for page load successfully

2022-06-09 20:50:40 - [MESSAGE][PASSED] - Delayed 10 second(s)

2022-06-09 20:50:45 - [MESSAGE][PASSED] - Object: 'Object Repository/HL Full Lifecycle/Function_access Viewer2' is hovered

2022-06-09 20:50:48 - [MESSAGE][PASSED] - Delayed 3 second(s)

2022-06-09 20:50:50 - [MESSAGE][PASSED] - Object: 'Object Repository/HL Full Lifecycle/Function_access Viewer2' is clicked on

2022-06-09 20:50:55 - [MESSAGE][PASSED] - Delayed 5 second(s)

2022-06-09 20:50:55 - [MESSAGE][PASSED] - Object: 'Object Repository/HL Full Lifecycle/Function_AppButton' is clicked on

2022-06-09 20:51:00 - [MESSAGE][PASSED] - Delayed 5 second(s)

2022-06-09 20:51:09 - [MESSAGE][PASSED] - Object: 'Object Repository/HL Full Lifecycle/Function_Appbutton2' is clicked on

2022-06-09 20:51:09 - [TEST_STEP][PASSED] - I.VerifyMatchText("//*[@id="source_" + refID1 + ""]/td[14]/span[1]", "DMI: Artwork Approval"): Actual text 'DMI: Artwork Approval' and expected text 'DMI: Artwork Approval' are matched 

2022-06-09 20:51:09 - [MESSAGE][PASSED] - Text of object 'Object Repository/1. Constant/xpath' is: 'DMI: Artwork Approval'

2022-06-09 20:51:10 - [MESSAGE][PASSED] - Delayed 1 second(s)

2022-06-09 20:51:10 - [MESSAGE][PASSED] - Actual text 'DMI: Artwork Approval' and expected text 'DMI: Artwork Approval' are matched 

2022-06-09 20:51:10 - [TEST_STEP][PASSED] - click(findTestObject("1. Constant/xpath", ["xpath":"//*[@id="source_" + refID1 + ""]/td[15]/a[1]"])): Object: 'Object Repository/1. Constant/xpath' is clicked on

2022-06-09 20:51:14 - [MESSAGE][PASSED] - Object: 'Object Repository/1. Constant/xpath' is clicked on

2022-06-09 20:51:14 - [TEST_STEP][PASSED] - delay(3): Delayed 3 second(s)

2022-06-09 20:51:17 - [MESSAGE][PASSED] - Delayed 3 second(s)

2022-06-09 20:51:17 - [TEST_STEP][PASSED] - I.AWF_approve_view(): Object: 'Object Repository/HL Full Lifecycle/Function_Appbutton2' is clicked on

2022-06-09 20:51:18 - [MESSAGE][PASSED] - Wait for page load successfully

2022-06-09 20:51:28 - [MESSAGE][PASSED] - Delayed 10 second(s)

2022-06-09 20:51:28 - [MESSAGE][PASSED] - Object: 'Object Repository/HL Full Lifecycle/Function_access Viewer2' is hovered

2022-06-09 20:51:31 - [MESSAGE][PASSED] - Delayed 3 second(s)

2022-06-09 20:51:32 - [MESSAGE][PASSED] - Object: 'Object Repository/HL Full Lifecycle/Function_access Viewer2' is clicked on

2022-06-09 20:51:37 - [MESSAGE][PASSED] - Delayed 5 second(s)

2022-06-09 20:51:37 - [MESSAGE][PASSED] - Object: 'Object Repository/HL Full Lifecycle/Function_AppButton' is clicked on

2022-06-09 20:51:42 - [MESSAGE][PASSED] - Delayed 5 second(s)

2022-06-09 20:51:43 - [MESSAGE][PASSED] - Object: 'Object Repository/HL Full Lifecycle/Function_Appbutton2' is clicked on

2022-06-09 20:51:43 - [TEST_STEP][PASSED] - Expectedd_CT1 = "×" + "
" + "Error" + "

" + "REFERENCE BRIEF VALIDATION ERRORS : TC18_AUTO_MOTHERREF_Fake_Beauty Seal_100CM2___EN___" + "
" + "GTIN code is missing" + "
" + "Product to be notified is missing" + "
" + "SKU code is missing": null

2022-06-09 20:51:43 - [TEST_STEP][PASSED] - I.VerifyMatchToastrmsg("//*[@id="toast-container"]/div", Expectedd_CT1): Actual text '×
Error

REFERENCE BRIEF VALIDATION ERRORS : TC18_AUTO_MOTHERREF_Fake_Beauty Seal_100CM2___EN___
GTIN code is missing
Product to be notified is missing
SKU code is missing' and expected text '×
Error

REFERENCE BRIEF VALIDATION ERRORS : TC18_AUTO_MOTHERREF_Fake_Beauty Seal_100CM2___EN___
GTIN code is missing
Product to be notified is missing
SKU code is missing' are matched 

2022-06-09 20:51:44 - [MESSAGE][PASSED] - Object 'Object Repository/1. Constant/xpath' is visible

2022-06-09 20:51:44 - [MESSAGE][PASSED] - Text of object 'Object Repository/1. Constant/xpath' is: '×
Error

REFERENCE BRIEF VALIDATION ERRORS : TC18_AUTO_MOTHERREF_Fake_Beauty Seal_100CM2___EN___
GTIN code is missing
Product to be notified is missing
SKU code is missing'

2022-06-09 20:51:45 - [MESSAGE][PASSED] - Taking screenshot successfully
[[ATTACHMENT|D:\\Projet Test Auto\\Mediabox Test Automation\\Reports\\20220609_181011\\03. Parallel Testing (Testing)\\TS -PT PART 3\\11 Tag SAS_Task_Full lifecycle\\20220609_181109\\1654800704543.png]]

2022-06-09 20:51:45 - [MESSAGE][PASSED] - Actual text '×
Error

REFERENCE BRIEF VALIDATION ERRORS : TC18_AUTO_MOTHERREF_Fake_Beauty Seal_100CM2___EN___
GTIN code is missing
Product to be notified is missing
SKU code is missing' and expected text '×
Error

REFERENCE BRIEF VALIDATION ERRORS : TC18_AUTO_MOTHERREF_Fake_Beauty Seal_100CM2___EN___
GTIN code is missing
Product to be notified is missing
SKU code is missing' are matched 

2022-06-09 20:51:45 - [TEST_STEP][PASSED] - "Fill in required field": null

2022-06-09 20:51:45 - [TEST_STEP][PASSED] - setText(findTestObject("1. Constant/xpath", ["xpath":"//*[@id="var_106"]"]), "MB179800"): Text 'MB179800' is set on object 'Object Repository/1. Constant/xpath'

2022-06-09 20:51:45 - [MESSAGE][PASSED] - Text 'MB179800' is set on object 'Object Repository/1. Constant/xpath'

2022-06-09 20:51:45 - [TEST_STEP][PASSED] - setText(findTestObject("1. Constant/xpath", ["xpath":"//*[@id="var_126"]"]), "03337875678094"): Text '03337875678094' is set on object 'Object Repository/1. Constant/xpath'

2022-06-09 20:51:45 - [MESSAGE][PASSED] - Text '03337875678094' is set on object 'Object Repository/1. Constant/xpath'

2022-06-09 20:51:45 - [TEST_STEP][PASSED] - I.SelectFromList_Value("//*[@id="var_107"]", "23"): Delayed 2 second(s)

2022-06-09 20:51:45 - [MESSAGE][PASSED] - All options with value '23' are selected in object 'Object Repository/1. Constant/xpath' 

2022-06-09 20:51:47 - [MESSAGE][PASSED] - Delayed 2 second(s)

2022-06-09 20:51:47 - [TEST_STEP][PASSED] - click(findTestObject("HL Full Lifecycle/Function_Appbutton2")): Object: 'Object Repository/HL Full Lifecycle/Function_Appbutton2' is clicked on

2022-06-09 20:51:53 - [MESSAGE][PASSED] - Object: 'Object Repository/HL Full Lifecycle/Function_Appbutton2' is clicked on

2022-06-09 20:51:53 - [TEST_STEP][PASSED] - delay(1): Delayed 1 second(s)

2022-06-09 20:51:54 - [MESSAGE][PASSED] - Delayed 1 second(s)

2022-06-09 20:51:54 - [TEST_STEP][PASSED] - task2_daguirre = I.Get_Task_No("//*[@id="kt_header"]/div/div[2]/div[1]/div[1]"): Text of object 'Object Repository/1. Constant/xpath' is: ''

2022-06-09 20:51:54 - [MESSAGE][PASSED] - Text of object 'Object Repository/1. Constant/xpath' is: ''

2022-06-09 20:51:54 - [TEST_STEP][PASSED] - verifyEqual(task2_daguirre, task1_daguirre - 1): Actual object '0' and expected object '0' are equal

2022-06-09 20:51:54 - [MESSAGE][PASSED] - Actual object '0' and expected object '0' are equal

2022-06-09 20:51:54 - [TEST_STEP][PASSED] - I.Logout(): Delayed 3 second(s)

2022-06-09 20:51:57 - [MESSAGE][PASSED] - Delayed 3 second(s)

2022-06-09 20:51:58 - [MESSAGE][PASSED] - Object: 'Object Repository/1. Constant/xpath' is clicked on

2022-06-09 20:52:01 - [MESSAGE][PASSED] - Delayed 3 second(s)

2022-06-09 20:52:02 - [MESSAGE][PASSED] - Object: 'Object Repository/1. Constant/xpath' is clicked on

2022-06-09 20:52:05 - [MESSAGE][PASSED] - Delayed 3 second(s)

2022-06-09 20:52:05 - [TEST_STEP][PASSED] - I.Login_password("aomoto", password_aomoto): Object: 'Object Repository/1. Constant/xpath' is clicked on

2022-06-09 20:52:05 - [MESSAGE][PASSED] - Text 'aomoto' is set on object 'Object Repository/1. Constant/xpath'

2022-06-09 20:52:06 - [MESSAGE][PASSED] - Delayed 1 second(s)

2022-06-09 20:52:07 - [MESSAGE][PASSED] - Text 'dchi' is set on object 'Object Repository/1. Constant/xpath'

2022-06-09 20:52:08 - [MESSAGE][PASSED] - Delayed 1 second(s)

2022-06-09 20:52:11 - [MESSAGE][PASSED] - Object: 'Object Repository/1. Constant/xpath' is clicked on

2022-06-09 20:52:11 - [TEST_STEP][PASSED] - takeScreenshot(): Taking screenshot successfully

2022-06-09 20:52:12 - [MESSAGE][PASSED] - Taking screenshot successfully
[[ATTACHMENT|D:\\Projet Test Auto\\Mediabox Test Automation\\Reports\\20220609_181011\\03. Parallel Testing (Testing)\\TS -PT PART 3\\11 Tag SAS_Task_Full lifecycle\\20220609_181109\\1654800731913.png]]

2022-06-09 20:52:12 - [TEST_STEP][PASSED] - task10_aomoto = I.Get_Task_No("//*[@id="kt_header"]/div/div[2]/div[1]/div[1]"): Text of object 'Object Repository/1. Constant/xpath' is: '4'

2022-06-09 20:52:13 - [MESSAGE][PASSED] - Text of object 'Object Repository/1. Constant/xpath' is: '4'

2022-06-09 20:52:13 - [TEST_STEP][PASSED] - m = 1: null

2022-06-09 20:52:13 - [TEST_STEP][PASSED] - while (m <= task10_aomoto): null

2022-06-09 20:52:13 - [TEST_STEP][PASSED] - n = 0: null

2022-06-09 20:52:13 - [TEST_STEP][PASSED] - n = m + 1: null

2022-06-09 20:52:13 - [TEST_STEP][PASSED] - result1 = getText(findTestObject("1. Constant/xpath", ["xpath":"/html/body/div[1]/div[2]/div[4]/div[3]/div/div[5]/div[2]/div[1]/div/div[2]/div/div/table/tbody/tr[" + n + "]/td[1]/a"])): Text of object 'Object Repository/1. Constant/xpath' is: 'COMPLETE & SEND Common Brief: ____ - Dermablend Pro_Makeup Remover_2021_[Do not edit] SAS Part 3'

2022-06-09 20:52:13 - [MESSAGE][PASSED] - Text of object 'Object Repository/1. Constant/xpath' is: 'COMPLETE & SEND Common Brief: ____ - Dermablend Pro_Makeup Remover_2021_[Do not edit] SAS Part 3'

2022-06-09 20:52:13 - [TEST_STEP][PASSED] - if (result1.contains("REVIEW Artwork document: TC18_AUTO_MOTHERREF_Fake_Beauty Seal_100CM2___EN___")): null

2022-06-09 20:52:13 - [TEST_STEP][PASSED] - else: null

2022-06-09 20:52:13 - [TEST_STEP][PASSED] - m = m + 1: null

2022-06-09 20:52:13 - [TEST_STEP][PASSED] - n = 0: null

2022-06-09 20:52:13 - [TEST_STEP][PASSED] - n = m + 1: null

2022-06-09 20:52:13 - [TEST_STEP][PASSED] - result1 = getText(findTestObject("1. Constant/xpath", ["xpath":"/html/body/div[1]/div[2]/div[4]/div[3]/div/div[5]/div[2]/div[1]/div/div[2]/div/div/table/tbody/tr[" + n + "]/td[1]/a"])): Text of object 'Object Repository/1. Constant/xpath' is: 'COMPLETE & SEND Artwork Brief: SAS_PART_4_Other_Bottom_100OZ______'

2022-06-09 20:52:13 - [MESSAGE][PASSED] - Text of object 'Object Repository/1. Constant/xpath' is: 'COMPLETE & SEND Artwork Brief: SAS_PART_4_Other_Bottom_100OZ______'

2022-06-09 20:52:13 - [TEST_STEP][PASSED] - if (result1.contains("REVIEW Artwork document: TC18_AUTO_MOTHERREF_Fake_Beauty Seal_100CM2___EN___")): null

2022-06-09 20:52:13 - [TEST_STEP][PASSED] - else: null

2022-06-09 20:52:13 - [TEST_STEP][PASSED] - m = m + 1: null

2022-06-09 20:52:13 - [TEST_STEP][PASSED] - n = 0: null

2022-06-09 20:52:13 - [TEST_STEP][PASSED] - n = m + 1: null

2022-06-09 20:52:13 - [TEST_STEP][PASSED] - result1 = getText(findTestObject("1. Constant/xpath", ["xpath":"/html/body/div[1]/div[2]/div[4]/div[3]/div/div[5]/div[2]/div[1]/div/div[2]/div/div/table/tbody/tr[" + n + "]/td[1]/a"])): Text of object 'Object Repository/1. Constant/xpath' is: 'COMPLETE & SEND Artwork Brief: SAS_PART_4_Other_Bottom_100OZ______'

2022-06-09 20:52:13 - [MESSAGE][PASSED] - Text of object 'Object Repository/1. Constant/xpath' is: 'COMPLETE & SEND Artwork Brief: SAS_PART_4_Other_Bottom_100OZ______'

2022-06-09 20:52:13 - [TEST_STEP][PASSED] - if (result1.contains("REVIEW Artwork document: TC18_AUTO_MOTHERREF_Fake_Beauty Seal_100CM2___EN___")): null

2022-06-09 20:52:13 - [TEST_STEP][PASSED] - else: null

2022-06-09 20:52:13 - [TEST_STEP][PASSED] - m = m + 1: null

2022-06-09 20:52:13 - [TEST_STEP][PASSED] - n = 0: null

2022-06-09 20:52:13 - [TEST_STEP][PASSED] - n = m + 1: null

2022-06-09 20:52:13 - [TEST_STEP][PASSED] - result1 = getText(findTestObject("1. Constant/xpath", ["xpath":"/html/body/div[1]/div[2]/div[4]/div[3]/div/div[5]/div[2]/div[1]/div/div[2]/div/div/table/tbody/tr[" + n + "]/td[1]/a"])): Text of object 'Object Repository/1. Constant/xpath' is: 'REVIEW Artwork document: TC18_AUTO_MOTHERREF_Fake_Beauty Seal_100CM2___EN___'

2022-06-09 20:52:13 - [MESSAGE][PASSED] - Text of object 'Object Repository/1. Constant/xpath' is: 'REVIEW Artwork document: TC18_AUTO_MOTHERREF_Fake_Beauty Seal_100CM2___EN___'

2022-06-09 20:52:13 - [TEST_STEP][PASSED] - if (result1.contains("REVIEW Artwork document: TC18_AUTO_MOTHERREF_Fake_Beauty Seal_100CM2___EN___")): null

2022-06-09 20:52:13 - [TEST_STEP][PASSED] - click(findTestObject("1. Constant/xpath", ["xpath":"/html/body/div[1]/div[2]/div[4]/div[3]/div/div[5]/div[2]/div[1]/div/div[2]/div/div/table/tbody/tr[" + n + "]/td[1]/a"])): Object: 'Object Repository/1. Constant/xpath' is clicked on

2022-06-09 20:52:17 - [MESSAGE][PASSED] - Object: 'Object Repository/1. Constant/xpath' is clicked on

2022-06-09 20:52:17 - [TEST_STEP][PASSED] - break: null

2022-06-09 20:52:17 - [TEST_STEP][PASSED] - delay(1): Delayed 1 second(s)

2022-06-09 20:52:18 - [MESSAGE][PASSED] - Delayed 1 second(s)

2022-06-09 20:52:18 - [TEST_STEP][PASSED] - takeScreenshot(): Taking screenshot successfully

2022-06-09 20:52:21 - [MESSAGE][PASSED] - Taking screenshot successfully
[[ATTACHMENT|D:\\Projet Test Auto\\Mediabox Test Automation\\Reports\\20220609_181011\\03. Parallel Testing (Testing)\\TS -PT PART 3\\11 Tag SAS_Task_Full lifecycle\\20220609_181109\\1654800741256.png]]

2022-06-09 20:52:21 - [TEST_STEP][PASSED] - delay(1): Delayed 1 second(s)

2022-06-09 20:52:22 - [MESSAGE][PASSED] - Delayed 1 second(s)

2022-06-09 20:52:22 - [TEST_STEP][PASSED] - I.AWF_approve_view(): Object: 'Object Repository/HL Full Lifecycle/Function_Appbutton2' is clicked on

2022-06-09 20:52:23 - [MESSAGE][PASSED] - Wait for page load successfully

2022-06-09 20:52:33 - [MESSAGE][PASSED] - Delayed 10 second(s)

2022-06-09 20:52:34 - [MESSAGE][PASSED] - Object: 'Object Repository/HL Full Lifecycle/Function_access Viewer2' is hovered

2022-06-09 20:52:37 - [MESSAGE][PASSED] - Delayed 3 second(s)

2022-06-09 20:52:37 - [MESSAGE][PASSED] - Object: 'Object Repository/HL Full Lifecycle/Function_access Viewer2' is clicked on

2022-06-09 20:52:42 - [MESSAGE][PASSED] - Delayed 5 second(s)

2022-06-09 20:52:43 - [MESSAGE][PASSED] - Object: 'Object Repository/HL Full Lifecycle/Function_AppButton' is clicked on

2022-06-09 20:52:48 - [MESSAGE][PASSED] - Delayed 5 second(s)

2022-06-09 20:52:54 - [MESSAGE][PASSED] - Object: 'Object Repository/HL Full Lifecycle/Function_Appbutton2' is clicked on

2022-06-09 20:52:54 - [TEST_STEP][PASSED] - delay(1): Delayed 1 second(s)

2022-06-09 20:52:55 - [MESSAGE][PASSED] - Delayed 1 second(s)

2022-06-09 20:52:55 - [TEST_STEP][PASSED] - takeScreenshot(): Taking screenshot successfully

2022-06-09 20:52:55 - [MESSAGE][PASSED] - Taking screenshot successfully
[[ATTACHMENT|D:\\Projet Test Auto\\Mediabox Test Automation\\Reports\\20220609_181011\\03. Parallel Testing (Testing)\\TS -PT PART 3\\11 Tag SAS_Task_Full lifecycle\\20220609_181109\\1654800775374.png]]

2022-06-09 20:52:55 - [TEST_STEP][PASSED] - task11_aomoto = I.Get_Task_No("//*[@id="kt_header"]/div/div[2]/div[1]/div[1]"): Text of object 'Object Repository/1. Constant/xpath' is: '3'

2022-06-09 20:52:55 - [MESSAGE][PASSED] - Text of object 'Object Repository/1. Constant/xpath' is: '3'

2022-06-09 20:52:55 - [TEST_STEP][PASSED] - verifyEqual(task11_aomoto + 1, task10_aomoto): Actual object '4' and expected object '4' are equal

2022-06-09 20:52:55 - [MESSAGE][PASSED] - Actual object '4' and expected object '4' are equal

2022-06-09 20:52:55 - [TEST_STEP][PASSED] - I.Logout(): Delayed 3 second(s)

2022-06-09 20:52:58 - [MESSAGE][PASSED] - Delayed 3 second(s)

2022-06-09 20:52:59 - [MESSAGE][PASSED] - Object: 'Object Repository/1. Constant/xpath' is clicked on

2022-06-09 20:53:02 - [MESSAGE][PASSED] - Delayed 3 second(s)

2022-06-09 20:53:03 - [MESSAGE][PASSED] - Object: 'Object Repository/1. Constant/xpath' is clicked on

2022-06-09 20:53:06 - [MESSAGE][PASSED] - Delayed 3 second(s)

2022-06-09 20:53:06 - [TEST_STEP][PASSED] - I.Login_password("apetit", password_apetit): Object: 'Object Repository/1. Constant/xpath' is clicked on

2022-06-09 20:53:08 - [MESSAGE][PASSED] - Text 'apetit' is set on object 'Object Repository/1. Constant/xpath'

2022-06-09 20:53:09 - [MESSAGE][PASSED] - Delayed 1 second(s)

2022-06-09 20:53:09 - [MESSAGE][PASSED] - Text 'dchi' is set on object 'Object Repository/1. Constant/xpath'

2022-06-09 20:53:10 - [MESSAGE][PASSED] - Delayed 1 second(s)

2022-06-09 20:53:13 - [MESSAGE][PASSED] - Object: 'Object Repository/1. Constant/xpath' is clicked on

2022-06-09 20:53:13 - [TEST_STEP][PASSED] - takeScreenshot(): Taking screenshot successfully

2022-06-09 20:53:14 - [MESSAGE][PASSED] - Taking screenshot successfully
[[ATTACHMENT|D:\\Projet Test Auto\\Mediabox Test Automation\\Reports\\20220609_181011\\03. Parallel Testing (Testing)\\TS -PT PART 3\\11 Tag SAS_Task_Full lifecycle\\20220609_181109\\1654800793891.png]]

2022-06-09 20:53:14 - [TEST_STEP][PASSED] - task10_apetit = I.Get_Task_No("//*[@id="kt_header"]/div/div[2]/div[1]/div[1]"): Text of object 'Object Repository/1. Constant/xpath' is: '3'

2022-06-09 20:53:14 - [MESSAGE][PASSED] - Text of object 'Object Repository/1. Constant/xpath' is: '3'

2022-06-09 20:53:14 - [TEST_STEP][PASSED] - x = 1: null

2022-06-09 20:53:14 - [TEST_STEP][PASSED] - click(findTestObject("1. Constant/xpath", ["xpath":"//*[@id="kt_header"]/div/div[2]/div[1]/div[1]"])): Object: 'Object Repository/1. Constant/xpath' is clicked on

2022-06-09 20:53:14 - [MESSAGE][PASSED] - Object: 'Object Repository/1. Constant/xpath' is clicked on

2022-06-09 20:53:14 - [TEST_STEP][PASSED] - while (x <= task10_apetit): null

2022-06-09 20:53:14 - [TEST_STEP][PASSED] - result_task = getText(findTestObject("1. Constant/xpath", ["xpath":"//*[@id="kt_header"]/div/div[2]/div[1]/div[2]/form/div[2]/a[" + x + "]"])): Text of object 'Object Repository/1. Constant/xpath' is: 'COMPLETE & SEND Common Brief: ___ - ACD Non reparti_ACD Non reparti_2021_[DO NOT EDIT] IMPORT REF Part 1
14/12/2021'

2022-06-09 20:53:14 - [MESSAGE][PASSED] - Text of object 'Object Repository/1. Constant/xpath' is: 'COMPLETE & SEND Common Brief: ___ - ACD Non reparti_ACD Non reparti_2021_[DO NOT EDIT] IMPORT REF Part 1
14/12/2021'

2022-06-09 20:53:14 - [TEST_STEP][PASSED] - if (result_task.contains("REVIEW Artwork document: TC18_AUTO_MOTHERREF_Fake_Beauty Seal_100CM2___EN___")): null

2022-06-09 20:53:14 - [TEST_STEP][PASSED] - else: null

2022-06-09 20:53:14 - [TEST_STEP][PASSED] - x = x + 1: null

2022-06-09 20:53:14 - [TEST_STEP][PASSED] - if (x > task10_apetit): null

2022-06-09 20:53:14 - [TEST_STEP][PASSED] - result_task = getText(findTestObject("1. Constant/xpath", ["xpath":"//*[@id="kt_header"]/div/div[2]/div[1]/div[2]/form/div[2]/a[" + x + "]"])): Text of object 'Object Repository/1. Constant/xpath' is: 'COMPLETE & SEND Common Brief: FOREIGN_KEY_DELETED - ACD Non reparti_ACD Non reparti_2021_[DO NOT EDIT] IMPORT REF Part 1
10/06/2022'

2022-06-09 20:53:14 - [MESSAGE][PASSED] - Text of object 'Object Repository/1. Constant/xpath' is: 'COMPLETE & SEND Common Brief: FOREIGN_KEY_DELETED - ACD Non reparti_ACD Non reparti_2021_[DO NOT EDIT] IMPORT REF Part 1
10/06/2022'

2022-06-09 20:53:14 - [TEST_STEP][PASSED] - if (result_task.contains("REVIEW Artwork document: TC18_AUTO_MOTHERREF_Fake_Beauty Seal_100CM2___EN___")): null

2022-06-09 20:53:14 - [TEST_STEP][PASSED] - else: null

2022-06-09 20:53:14 - [TEST_STEP][PASSED] - x = x + 1: null

2022-06-09 20:53:14 - [TEST_STEP][PASSED] - if (x > task10_apetit): null

2022-06-09 20:53:14 - [TEST_STEP][PASSED] - result_task = getText(findTestObject("1. Constant/xpath", ["xpath":"//*[@id="kt_header"]/div/div[2]/div[1]/div[2]/form/div[2]/a[" + x + "]"])): Text of object 'Object Repository/1. Constant/xpath' is: 'REVIEW Artwork document: TC18_AUTO_MOTHERREF_Fake_Beauty Seal_100CM2___EN___
20/06/2022'

2022-06-09 20:53:15 - [MESSAGE][PASSED] - Text of object 'Object Repository/1. Constant/xpath' is: 'REVIEW Artwork document: TC18_AUTO_MOTHERREF_Fake_Beauty Seal_100CM2___EN___
20/06/2022'

2022-06-09 20:53:15 - [TEST_STEP][PASSED] - if (result_task.contains("REVIEW Artwork document: TC18_AUTO_MOTHERREF_Fake_Beauty Seal_100CM2___EN___")): null

2022-06-09 20:53:15 - [TEST_STEP][PASSED] - verifyEqual(1, 1): Actual object '1' and expected object '1' are equal

2022-06-09 20:53:15 - [MESSAGE][PASSED] - Actual object '1' and expected object '1' are equal

2022-06-09 20:53:15 - [TEST_STEP][PASSED] - break: null

2022-06-09 20:53:15 - [TEST_STEP][PASSED] - s = 1: null

2022-06-09 20:53:15 - [TEST_STEP][PASSED] - o = 0: null

2022-06-09 20:53:15 - [TEST_STEP][PASSED] - while (s <= task10_apetit): null

2022-06-09 20:53:15 - [TEST_STEP][PASSED] - o = s + 1: null

2022-06-09 20:53:15 - [TEST_STEP][PASSED] - result_task = getText(findTestObject("1. Constant/xpath", ["xpath":"/html/body/div[1]/div[2]/div[4]/div[3]/div/div[5]/div[2]/div[1]/div/div[2]/div/div/table/tbody/tr[" + o + "]/td[1]/a"])): Text of object 'Object Repository/1. Constant/xpath' is: 'COMPLETE & SEND Common Brief: ___ - ACD Non reparti_ACD Non reparti_2021_[DO NOT EDIT] IMPORT REF Part 1'

2022-06-09 20:53:15 - [MESSAGE][PASSED] - Text of object 'Object Repository/1. Constant/xpath' is: 'COMPLETE & SEND Common Brief: ___ - ACD Non reparti_ACD Non reparti_2021_[DO NOT EDIT] IMPORT REF Part 1'

2022-06-09 20:53:15 - [TEST_STEP][PASSED] - if (result_task.contains("REVIEW Artwork document: TC18_AUTO_MOTHERREF_Fake_Beauty Seal_100CM2___EN___")): null

2022-06-09 20:53:15 - [TEST_STEP][PASSED] - else: null

2022-06-09 20:53:15 - [TEST_STEP][PASSED] - s = s + 1: null

2022-06-09 20:53:15 - [TEST_STEP][PASSED] - if (s > task10_apetit): null

2022-06-09 20:53:15 - [TEST_STEP][PASSED] - o = s + 1: null

2022-06-09 20:53:15 - [TEST_STEP][PASSED] - result_task = getText(findTestObject("1. Constant/xpath", ["xpath":"/html/body/div[1]/div[2]/div[4]/div[3]/div/div[5]/div[2]/div[1]/div/div[2]/div/div/table/tbody/tr[" + o + "]/td[1]/a"])): Text of object 'Object Repository/1. Constant/xpath' is: 'COMPLETE & SEND Common Brief: FOREIGN_KEY_DELETED - ACD Non reparti_ACD Non reparti_2021_[DO NOT EDIT] IMPORT REF Part 1'

2022-06-09 20:53:15 - [MESSAGE][PASSED] - Text of object 'Object Repository/1. Constant/xpath' is: 'COMPLETE & SEND Common Brief: FOREIGN_KEY_DELETED - ACD Non reparti_ACD Non reparti_2021_[DO NOT EDIT] IMPORT REF Part 1'

2022-06-09 20:53:15 - [TEST_STEP][PASSED] - if (result_task.contains("REVIEW Artwork document: TC18_AUTO_MOTHERREF_Fake_Beauty Seal_100CM2___EN___")): null

2022-06-09 20:53:15 - [TEST_STEP][PASSED] - else: null

2022-06-09 20:53:15 - [TEST_STEP][PASSED] - s = s + 1: null

2022-06-09 20:53:15 - [TEST_STEP][PASSED] - if (s > task10_apetit): null

2022-06-09 20:53:15 - [TEST_STEP][PASSED] - o = s + 1: null

2022-06-09 20:53:15 - [TEST_STEP][PASSED] - result_task = getText(findTestObject("1. Constant/xpath", ["xpath":"/html/body/div[1]/div[2]/div[4]/div[3]/div/div[5]/div[2]/div[1]/div/div[2]/div/div/table/tbody/tr[" + o + "]/td[1]/a"])): Text of object 'Object Repository/1. Constant/xpath' is: 'REVIEW Artwork document: TC18_AUTO_MOTHERREF_Fake_Beauty Seal_100CM2___EN___'

2022-06-09 20:53:16 - [MESSAGE][PASSED] - Text of object 'Object Repository/1. Constant/xpath' is: 'REVIEW Artwork document: TC18_AUTO_MOTHERREF_Fake_Beauty Seal_100CM2___EN___'

2022-06-09 20:53:16 - [TEST_STEP][PASSED] - if (result_task.contains("REVIEW Artwork document: TC18_AUTO_MOTHERREF_Fake_Beauty Seal_100CM2___EN___")): null

2022-06-09 20:53:16 - [TEST_STEP][PASSED] - verifyEqual(1, 1): Actual object '1' and expected object '1' are equal

2022-06-09 20:53:16 - [MESSAGE][PASSED] - Actual object '1' and expected object '1' are equal

2022-06-09 20:53:16 - [TEST_STEP][PASSED] - break: null

2022-06-09 20:53:16 - [TEST_STEP][PASSED] - delay(1): Delayed 1 second(s)

2022-06-09 20:53:17 - [MESSAGE][PASSED] - Delayed 1 second(s)

2022-06-09 20:53:17 - [TEST_STEP][PASSED] - click(findTestObject("1. Constant/xpath", ["xpath":"//*[@id="menu_2"]/a"])): Object: 'Object Repository/1. Constant/xpath' is clicked on

2022-06-09 20:53:23 - [MESSAGE][PASSED] - Object: 'Object Repository/1. Constant/xpath' is clicked on

2022-06-09 20:53:23 - [TEST_STEP][PASSED] - I.SearchProjectNo_xpath(Project_No, "//*[@id="keynum_project"]", "//*[@id="form_filters"]/div[8]/button"): Delayed 5 second(s)

2022-06-09 20:53:24 - [MESSAGE][PASSED] - Delayed 1 second(s)

2022-06-09 20:53:25 - [MESSAGE][PASSED] - Text 'MI003408' is set on object 'Object Repository/1. Constant/xpath'

2022-06-09 20:53:28 - [MESSAGE][PASSED] - Delayed 3 second(s)

2022-06-09 20:53:28 - [MESSAGE][PASSED] - Scroll to object 'Object Repository/1. Constant/xpath' successfully

2022-06-09 20:53:35 - [MESSAGE][PASSED] - Object: 'Object Repository/1. Constant/xpath' is clicked on

2022-06-09 20:53:40 - [MESSAGE][PASSED] - Delayed 5 second(s)

2022-06-09 20:53:40 - [TEST_STEP][PASSED] - delay(1): Delayed 1 second(s)

2022-06-09 20:53:41 - [MESSAGE][PASSED] - Delayed 1 second(s)

2022-06-09 20:53:41 - [TEST_STEP][PASSED] - takeScreenshot(): Taking screenshot successfully

2022-06-09 20:53:41 - [MESSAGE][PASSED] - Taking screenshot successfully
[[ATTACHMENT|D:\\Projet Test Auto\\Mediabox Test Automation\\Reports\\20220609_181011\\03. Parallel Testing (Testing)\\TS -PT PART 3\\11 Tag SAS_Task_Full lifecycle\\20220609_181109\\1654800821536.png]]

2022-06-09 20:53:41 - [TEST_STEP][PASSED] - delay(1): Delayed 1 second(s)

2022-06-09 20:53:42 - [MESSAGE][PASSED] - Delayed 1 second(s)

2022-06-09 20:53:42 - [TEST_STEP][PASSED] - click(findTestObject("1. Constant/xpath", ["xpath":"//*[@id="source_" + refID1 + ""]/td[15]/a[1]"])): Object: 'Object Repository/1. Constant/xpath' is clicked on

2022-06-09 20:53:47 - [MESSAGE][PASSED] - Object: 'Object Repository/1. Constant/xpath' is clicked on

2022-06-09 20:53:47 - [TEST_STEP][PASSED] - waitForPageLoad(5): Wait for page load successfully

2022-06-09 20:53:49 - [MESSAGE][PASSED] - Wait for page load successfully

2022-06-09 20:53:49 - [TEST_STEP][PASSED] - mouseOver(findTestObject("Object Repository/HL Full Lifecycle/Function_access Viewer2")): Object: 'Object Repository/HL Full Lifecycle/Function_access Viewer2' is hovered

2022-06-09 20:53:49 - [MESSAGE][PASSED] - Object: 'Object Repository/HL Full Lifecycle/Function_access Viewer2' is hovered

2022-06-09 20:53:49 - [TEST_STEP][PASSED] - delay(2): Delayed 2 second(s)

2022-06-09 20:53:51 - [MESSAGE][PASSED] - Delayed 2 second(s)

2022-06-09 20:53:51 - [TEST_STEP][PASSED] - click(findTestObject("Object Repository/HL Full Lifecycle/Function_access Viewer2")): Object: 'Object Repository/HL Full Lifecycle/Function_access Viewer2' is clicked on

2022-06-09 20:53:52 - [MESSAGE][PASSED] - Object: 'Object Repository/HL Full Lifecycle/Function_access Viewer2' is clicked on

2022-06-09 20:53:52 - [TEST_STEP][PASSED] - delay(2): Delayed 2 second(s)

2022-06-09 20:53:54 - [MESSAGE][PASSED] - Delayed 2 second(s)

2022-06-09 20:53:54 - [TEST_STEP][PASSED] - takeScreenshot(): Taking screenshot successfully

2022-06-09 20:53:55 - [MESSAGE][PASSED] - Taking screenshot successfully
[[ATTACHMENT|D:\\Projet Test Auto\\Mediabox Test Automation\\Reports\\20220609_181011\\03. Parallel Testing (Testing)\\TS -PT PART 3\\11 Tag SAS_Task_Full lifecycle\\20220609_181109\\1654800834713.png]]

2022-06-09 20:53:55 - [TEST_STEP][PASSED] - click(findTestObject("1. Constant/xpath", ["xpath":"//*[@id="BtnrefusalButton"]"])): Object: 'Object Repository/1. Constant/xpath' is clicked on

2022-06-09 20:53:55 - [MESSAGE][PASSED] - Object: 'Object Repository/1. Constant/xpath' is clicked on

2022-06-09 20:53:55 - [TEST_STEP][PASSED] - delay(3): Delayed 3 second(s)

2022-06-09 20:53:58 - [MESSAGE][PASSED] - Delayed 3 second(s)

2022-06-09 20:53:58 - [TEST_STEP][PASSED] - I.SelectFromList_Value("//*[@id="listbox_rejection_doc"]", "2"): Delayed 2 second(s)

2022-06-09 20:53:59 - [MESSAGE][PASSED] - All options with value '2' are selected in object 'Object Repository/1. Constant/xpath' 

2022-06-09 20:54:01 - [MESSAGE][PASSED] - Delayed 2 second(s)

2022-06-09 20:54:01 - [TEST_STEP][PASSED] - click(findTestObject("1. Constant/xpath", ["xpath":"//*[@id="disable_rejectionButton"]"])): Object: 'Object Repository/1. Constant/xpath' is clicked on

2022-06-09 20:54:05 - [MESSAGE][PASSED] - Object: 'Object Repository/1. Constant/xpath' is clicked on

2022-06-09 20:54:05 - [TEST_STEP][PASSED] - takeScreenshot(): Taking screenshot successfully

2022-06-09 20:54:06 - [MESSAGE][PASSED] - Taking screenshot successfully
[[ATTACHMENT|D:\\Projet Test Auto\\Mediabox Test Automation\\Reports\\20220609_181011\\03. Parallel Testing (Testing)\\TS -PT PART 3\\11 Tag SAS_Task_Full lifecycle\\20220609_181109\\1654800845750.png]]

2022-06-09 20:54:06 - [TEST_STEP][PASSED] - task11_apetit = I.Get_Task_No("//*[@id="kt_header"]/div/div[2]/div[1]/div[1]"): Text of object 'Object Repository/1. Constant/xpath' is: '2'

2022-06-09 20:54:07 - [MESSAGE][PASSED] - Text of object 'Object Repository/1. Constant/xpath' is: '2'

2022-06-09 20:54:07 - [TEST_STEP][PASSED] - verifyEqual(task11_apetit + 1, task10_apetit): Actual object '3' and expected object '3' are equal

2022-06-09 20:54:07 - [MESSAGE][PASSED] - Actual object '3' and expected object '3' are equal

2022-06-09 20:54:07 - [TEST_STEP][PASSED] - I.Logout(): Delayed 3 second(s)

2022-06-09 20:54:10 - [MESSAGE][PASSED] - Delayed 3 second(s)

2022-06-09 20:54:11 - [MESSAGE][PASSED] - Object: 'Object Repository/1. Constant/xpath' is clicked on

2022-06-09 20:54:14 - [MESSAGE][PASSED] - Delayed 3 second(s)

2022-06-09 20:54:16 - [MESSAGE][PASSED] - Object: 'Object Repository/1. Constant/xpath' is clicked on

2022-06-09 20:54:19 - [MESSAGE][PASSED] - Delayed 3 second(s)

2022-06-09 20:54:19 - [TEST_STEP][PASSED] - I.Login_password("jedun", password_jedun): Object: 'Object Repository/1. Constant/xpath' is clicked on

2022-06-09 20:54:19 - [MESSAGE][PASSED] - Text 'jedun' is set on object 'Object Repository/1. Constant/xpath'

2022-06-09 20:54:20 - [MESSAGE][PASSED] - Delayed 1 second(s)

2022-06-09 20:54:21 - [MESSAGE][PASSED] - Text 'dchi' is set on object 'Object Repository/1. Constant/xpath'

2022-06-09 20:54:22 - [MESSAGE][PASSED] - Delayed 1 second(s)

2022-06-09 20:54:24 - [MESSAGE][PASSED] - Object: 'Object Repository/1. Constant/xpath' is clicked on

2022-06-09 20:54:24 - [TEST_STEP][PASSED] - click(findTestObject("1. Constant/xpath", ["xpath":"//*[@id="menu_2"]/a"])): Object: 'Object Repository/1. Constant/xpath' is clicked on

2022-06-09 20:54:29 - [MESSAGE][PASSED] - Object: 'Object Repository/1. Constant/xpath' is clicked on

2022-06-09 20:54:29 - [TEST_STEP][PASSED] - I.SearchProjectNo_xpath(Project_No, "//*[@id="keynum_project"]", "//*[@id="form_filters"]/div[7]/button"): Delayed 5 second(s)

2022-06-09 20:54:30 - [MESSAGE][PASSED] - Delayed 1 second(s)

2022-06-09 20:54:30 - [MESSAGE][PASSED] - Text 'MI003408' is set on object 'Object Repository/1. Constant/xpath'

2022-06-09 20:54:33 - [MESSAGE][PASSED] - Delayed 3 second(s)

2022-06-09 20:54:33 - [MESSAGE][PASSED] - Scroll to object 'Object Repository/1. Constant/xpath' successfully

2022-06-09 20:54:39 - [MESSAGE][PASSED] - Object: 'Object Repository/1. Constant/xpath' is clicked on

2022-06-09 20:54:44 - [MESSAGE][PASSED] - Delayed 5 second(s)

2022-06-09 20:54:44 - [TEST_STEP][PASSED] - delay(1): Delayed 1 second(s)

2022-06-09 20:54:45 - [MESSAGE][PASSED] - Delayed 1 second(s)

2022-06-09 20:54:45 - [TEST_STEP][PASSED] - takeScreenshot(): Taking screenshot successfully

2022-06-09 20:54:46 - [MESSAGE][PASSED] - Taking screenshot successfully
[[ATTACHMENT|D:\\Projet Test Auto\\Mediabox Test Automation\\Reports\\20220609_181011\\03. Parallel Testing (Testing)\\TS -PT PART 3\\11 Tag SAS_Task_Full lifecycle\\20220609_181109\\1654800885832.png]]

2022-06-09 20:54:46 - [TEST_STEP][PASSED] - color3 = getCSSValue(findTestObject("1. Constant/xpath", ["xpath":"//*[@id="source_" + refID1 + ""]/td[17]/a[3]"]), "color", OPTIONAL): Get CSS 'color' value on 'Object Repository/1. Constant/xpath' successfully: 'rgba(255, 255, 255, 1)'.

2022-06-09 20:54:46 - [MESSAGE][PASSED] - Get CSS 'color' value on 'Object Repository/1. Constant/xpath' successfully: 'rgba(255, 255, 255, 1)'.

2022-06-09 20:54:46 - [TEST_STEP][PASSED] - while (color3 == "rgba(255, 255, 255, 1)"): null

2022-06-09 20:54:46 - [TEST_STEP][PASSED] - click(findTestObject("1. Constant/xpath", ["xpath":"//*[@id="source_" + refID1 + ""]/td[17]/a[3]"])): Object: 'Object Repository/1. Constant/xpath' is clicked on

2022-06-09 20:54:49 - [MESSAGE][PASSED] - Object: 'Object Repository/1. Constant/xpath' is clicked on

2022-06-09 20:54:49 - [TEST_STEP][PASSED] - takeScreenshot(): Taking screenshot successfully

2022-06-09 20:54:49 - [MESSAGE][PASSED] - Taking screenshot successfully
[[ATTACHMENT|D:\\Projet Test Auto\\Mediabox Test Automation\\Reports\\20220609_181011\\03. Parallel Testing (Testing)\\TS -PT PART 3\\11 Tag SAS_Task_Full lifecycle\\20220609_181109\\1654800889377.png]]

2022-06-09 20:54:49 - [TEST_STEP][PASSED] - I.UploadDoc_sendkey_Prod(findTestObject("1. Constant/xpath", ["xpath":"//*[@id="kt_body"]/input[2]"]), "D:\Upoad_File\Upload doc\testdata1.pdf", "testdata1.pdf"): Delayed 5 second(s)

2022-06-09 20:54:50 - [MESSAGE][PASSED] - Scroll to object 'Object Repository/1. Constant/xpath' successfully

2022-06-09 20:54:55 - [MESSAGE][PASSED] - Delayed 5 second(s)

2022-06-09 20:54:56 - [MESSAGE][PASSED] - File 'D:\Upoad_File\Upload doc\testdata1.pdf' sent to object: 'Object Repository/1. Constant/xpath'

2022-06-09 20:55:01 - [MESSAGE][PASSED] - Delayed 5 second(s)

2022-06-09 20:55:01 - [MESSAGE][PASSED] - Text 'testdata1.pdf' is present on page 

2022-06-09 20:55:06 - [MESSAGE][PASSED] - Delayed 5 second(s)

2022-06-09 20:55:11 - [MESSAGE][PASSED] - Delayed 5 second(s)

2022-06-09 20:55:11 - [TEST_STEP][PASSED] - takeScreenshot(): Taking screenshot successfully

2022-06-09 20:55:13 - [MESSAGE][PASSED] - Taking screenshot successfully
[[ATTACHMENT|D:\\Projet Test Auto\\Mediabox Test Automation\\Reports\\20220609_181011\\03. Parallel Testing (Testing)\\TS -PT PART 3\\11 Tag SAS_Task_Full lifecycle\\20220609_181109\\1654800912222.png]]

2022-06-09 20:55:13 - [TEST_STEP][PASSED] - delay(10): Delayed 10 second(s)

2022-06-09 20:55:23 - [MESSAGE][PASSED] - Delayed 10 second(s)

2022-06-09 20:55:23 - [TEST_STEP][PASSED] - I.click_button_javascript(findTestObject("Object Repository/HL Full Lifecycle/12 ReferncePage_Button_Updatensenddoc")): Execute JavaScript 'arguments[0].click()' successfully

2022-06-09 20:55:33 - [MESSAGE][PASSED] - Execute JavaScript 'arguments[0].click()' successfully

2022-06-09 20:55:33 - [TEST_STEP][PASSED] - delay(5): Delayed 5 second(s)

2022-06-09 20:55:38 - [MESSAGE][PASSED] - Delayed 5 second(s)

2022-06-09 20:55:38 - [TEST_STEP][PASSED] - if (verifyElementPresent(findTestObject("1. Constant/xpath", ["xpath":"//*[@id="source_" + refID1 + ""]/td[17]/a[3]"]), 10, OPTIONAL)): com.kms.katalon.core.webui.exception.WebElementNotFoundException: Web element with id: 'Object Repository/1. Constant/xpath' located by '//*[@id="source_24438"]/td[17]/a[3]' not found (Root cause: com.kms.katalon.core.exception.StepFailedException: com.kms.katalon.core.webui.exception.WebElementNotFoundException: Web element with id: 'Object Repository/1. Constant/xpath' located by '//*[@id="source_24438"]/td[17]/a[3]' not found
	at com.kms.katalon.core.webui.keyword.internal.WebUIKeywordMain.stepFailed(WebUIKeywordMain.groovy:64)
	at com.kms.katalon.core.webui.keyword.builtin.VerifyElementPresentKeyword$_verifyElementPresent_closure1.doCall(VerifyElementPresentKeyword.groovy:85)
	at com.kms.katalon.core.webui.keyword.builtin.VerifyElementPresentKeyword$_verifyElementPresent_closure1.call(VerifyElementPresentKeyword.groovy)
	at com.kms.katalon.core.webui.keyword.internal.WebUIKeywordMain.runKeyword(WebUIKeywordMain.groovy:20)
	at com.kms.katalon.core.webui.keyword.builtin.VerifyElementPresentKeyword.verifyElementPresent(VerifyElementPresentKeyword.groovy:92)
	at com.kms.katalon.core.webui.keyword.builtin.VerifyElementPresentKeyword.execute(VerifyElementPresentKeyword.groovy:68)
	at com.kms.katalon.core.keyword.internal.KeywordExecutor.executeKeywordForPlatform(KeywordExecutor.groovy:74)
	at com.kms.katalon.core.webui.keyword.WebUiBuiltInKeywords.verifyElementPresent(WebUiBuiltInKeywords.groovy:1448)
	at com.kms.katalon.core.webui.keyword.WebUiBuiltInKeywords$verifyElementPresent$17.call(Unknown Source)
	at 18.02 Tag full Lifecycle Daughter _Perform Task 18.01 P2.run(18.02 Tag full Lifecycle Daughter _Perform Task 18.01 P2:605)
	at com.kms.katalon.core.main.ScriptEngine.run(ScriptEngine.java:194)
	at com.kms.katalon.core.main.ScriptEngine.runScriptAsRawText(ScriptEngine.java:119)
	at com.kms.katalon.core.main.TestCaseExecutor.runScript(TestCaseExecutor.java:445)
	at com.kms.katalon.core.main.TestCaseExecutor.doExecute(TestCaseExecutor.java:436)
	at com.kms.katalon.core.main.TestCaseExecutor.processExecutionPhase(TestCaseExecutor.java:415)
	at com.kms.katalon.core.main.TestCaseExecutor.accessMainPhase(TestCaseExecutor.java:407)
	at com.kms.katalon.core.main.TestCaseExecutor.execute(TestCaseExecutor.java:284)
	at com.kms.katalon.core.common.CommonExecutor.accessTestCaseMainPhase(CommonExecutor.java:65)
	at com.kms.katalon.core.main.TestSuiteExecutor.accessTestSuiteMainPhase(TestSuiteExecutor.java:144)
	at com.kms.katalon.core.main.TestSuiteExecutor.execute(TestSuiteExecutor.java:106)
	at com.kms.katalon.core.main.TestCaseMain.startTestSuite(TestCaseMain.java:185)
	at com.kms.katalon.core.main.TestCaseMain$startTestSuite$0.call(Unknown Source)
	at TempTestSuite1654791069182.run(TempTestSuite1654791069182.groovy:36)
)

2022-06-09 20:55:49 - [MESSAGE][INFO] - Unable to find the element located by 'By.xpath: //*[@id="source_24438"]/td[17]/a[3]'. Please recheck the objects properties to make sure the desired element is located. 

2022-06-09 20:55:50 - [MESSAGE][WARNING] - com.kms.katalon.core.webui.exception.WebElementNotFoundException: Web element with id: 'Object Repository/1. Constant/xpath' located by '//*[@id="source_24438"]/td[17]/a[3]' not found (Root cause: com.kms.katalon.core.exception.StepFailedException: com.kms.katalon.core.webui.exception.WebElementNotFoundException: Web element with id: 'Object Repository/1. Constant/xpath' located by '//*[@id="source_24438"]/td[17]/a[3]' not found
	at com.kms.katalon.core.webui.keyword.internal.WebUIKeywordMain.stepFailed(WebUIKeywordMain.groovy:64)
	at com.kms.katalon.core.webui.keyword.builtin.VerifyElementPresentKeyword$_verifyElementPresent_closure1.doCall(VerifyElementPresentKeyword.groovy:85)
	at com.kms.katalon.core.webui.keyword.builtin.VerifyElementPresentKeyword$_verifyElementPresent_closure1.call(VerifyElementPresentKeyword.groovy)
	at com.kms.katalon.core.webui.keyword.internal.WebUIKeywordMain.runKeyword(WebUIKeywordMain.groovy:20)
	at com.kms.katalon.core.webui.keyword.builtin.VerifyElementPresentKeyword.verifyElementPresent(VerifyElementPresentKeyword.groovy:92)
	at com.kms.katalon.core.webui.keyword.builtin.VerifyElementPresentKeyword.execute(VerifyElementPresentKeyword.groovy:68)
	at com.kms.katalon.core.keyword.internal.KeywordExecutor.executeKeywordForPlatform(KeywordExecutor.groovy:74)
	at com.kms.katalon.core.webui.keyword.WebUiBuiltInKeywords.verifyElementPresent(WebUiBuiltInKeywords.groovy:1448)
	at com.kms.katalon.core.webui.keyword.WebUiBuiltInKeywords$verifyElementPresent$17.call(Unknown Source)
	at 18.02 Tag full Lifecycle Daughter _Perform Task 18.01 P2.run(18.02 Tag full Lifecycle Daughter _Perform Task 18.01 P2:605)
	at com.kms.katalon.core.main.ScriptEngine.run(ScriptEngine.java:194)
	at com.kms.katalon.core.main.ScriptEngine.runScriptAsRawText(ScriptEngine.java:119)
	at com.kms.katalon.core.main.TestCaseExecutor.runScript(TestCaseExecutor.java:445)
	at com.kms.katalon.core.main.TestCaseExecutor.doExecute(TestCaseExecutor.java:436)
	at com.kms.katalon.core.main.TestCaseExecutor.processExecutionPhase(TestCaseExecutor.java:415)
	at com.kms.katalon.core.main.TestCaseExecutor.accessMainPhase(TestCaseExecutor.java:407)
	at com.kms.katalon.core.main.TestCaseExecutor.execute(TestCaseExecutor.java:284)
	at com.kms.katalon.core.common.CommonExecutor.accessTestCaseMainPhase(CommonExecutor.java:65)
	at com.kms.katalon.core.main.TestSuiteExecutor.accessTestSuiteMainPhase(TestSuiteExecutor.java:144)
	at com.kms.katalon.core.main.TestSuiteExecutor.execute(TestSuiteExecutor.java:106)
	at com.kms.katalon.core.main.TestCaseMain.startTestSuite(TestCaseMain.java:185)
	at com.kms.katalon.core.main.TestCaseMain$startTestSuite$0.call(Unknown Source)
	at TempTestSuite1654791069182.run(TempTestSuite1654791069182.groovy:36)
)
[[ATTACHMENT|D:\\Projet Test Auto\\Mediabox Test Automation\\Reports\\20220609_181011\\03. Parallel Testing (Testing)\\TS -PT PART 3\\11 Tag SAS_Task_Full lifecycle\\20220609_181109\\1654800949973.png]]

2022-06-09 20:55:50 - [TEST_STEP][PASSED] - else: null

2022-06-09 20:55:50 - [TEST_STEP][PASSED] - color3 = "white": null

2022-06-09 20:55:50 - [TEST_STEP][PASSED] - takeScreenshot(): Taking screenshot successfully

2022-06-09 20:55:50 - [MESSAGE][PASSED] - Taking screenshot successfully
[[ATTACHMENT|D:\\Projet Test Auto\\Mediabox Test Automation\\Reports\\20220609_181011\\03. Parallel Testing (Testing)\\TS -PT PART 3\\11 Tag SAS_Task_Full lifecycle\\20220609_181109\\1654800950646.png]]

2022-06-09 20:55:50 - [TEST_STEP][PASSED] - click(findTestObject("1. Constant/xpath", ["xpath":"//*[@id="source_" + refID1 + ""]/td[8]/a"])): Object: 'Object Repository/1. Constant/xpath' is clicked on

2022-06-09 20:55:54 - [MESSAGE][PASSED] - Object: 'Object Repository/1. Constant/xpath' is clicked on

2022-06-09 20:55:54 - [TEST_STEP][PASSED] - delay(1): Delayed 1 second(s)

2022-06-09 20:55:55 - [MESSAGE][PASSED] - Delayed 1 second(s)

2022-06-09 20:55:55 - [TEST_STEP][PASSED] - click(findTestObject("1. Constant/xpath", ["xpath":"//*[@id="kt_content"]/div[3]/div/ul/li[2]/a"])): Object: 'Object Repository/1. Constant/xpath' is clicked on

2022-06-09 20:55:56 - [MESSAGE][PASSED] - Object: 'Object Repository/1. Constant/xpath' is clicked on

2022-06-09 20:55:56 - [TEST_STEP][PASSED] - delay(1): Delayed 1 second(s)

2022-06-09 20:55:57 - [MESSAGE][PASSED] - Delayed 1 second(s)

2022-06-09 20:55:57 - [TEST_STEP][PASSED] - takeScreenshot(): Taking screenshot successfully

2022-06-09 20:55:58 - [MESSAGE][PASSED] - Taking screenshot successfully
[[ATTACHMENT|D:\\Projet Test Auto\\Mediabox Test Automation\\Reports\\20220609_181011\\03. Parallel Testing (Testing)\\TS -PT PART 3\\11 Tag SAS_Task_Full lifecycle\\20220609_181109\\1654800957531.png]]

2022-06-09 20:55:58 - [TEST_STEP][PASSED] - delay(3): Delayed 3 second(s)

2022-06-09 20:56:01 - [MESSAGE][PASSED] - Delayed 3 second(s)

2022-06-09 20:56:01 - [TEST_STEP][PASSED] - click(findTestObject("1. Constant/xpath", ["xpath":"//*[@id="aff_doc_AW"]"])): Object: 'Object Repository/1. Constant/xpath' is clicked on

2022-06-09 20:56:01 - [MESSAGE][PASSED] - Object: 'Object Repository/1. Constant/xpath' is clicked on

2022-06-09 20:56:01 - [TEST_STEP][PASSED] - delay(3): Delayed 3 second(s)

2022-06-09 20:56:04 - [MESSAGE][PASSED] - Delayed 3 second(s)

2022-06-09 20:56:04 - [TEST_STEP][PASSED] - mouseOver(findTestObject("1. Constant/xpath", ["xpath":"//*[@id="level_apl_0"]/div[2]/div[2]/div[1]/div/div[1]/img"])): Object: 'Object Repository/1. Constant/xpath' is hovered

2022-06-09 20:56:05 - [MESSAGE][PASSED] - Object: 'Object Repository/1. Constant/xpath' is hovered

2022-06-09 20:56:05 - [TEST_STEP][PASSED] - click(findTestObject("1. Constant/xpath", ["xpath":"//*[@id="level_apl_0"]/div[2]/div[2]/div[1]/div/div[6]/a[2]/span"])): Object: 'Object Repository/1. Constant/xpath' is clicked on

2022-06-09 20:56:05 - [MESSAGE][PASSED] - Object: 'Object Repository/1. Constant/xpath' is clicked on

2022-06-09 20:56:05 - [TEST_STEP][PASSED] - delay(1): Delayed 1 second(s)

2022-06-09 20:56:06 - [MESSAGE][PASSED] - Delayed 1 second(s)

2022-06-09 20:56:06 - [TEST_STEP][PASSED] - click(findTestObject("1. Constant/xpath", ["xpath":"//*[@id="btn_appfor"]"])): Object: 'Object Repository/1. Constant/xpath' is clicked on

2022-06-09 20:56:14 - [MESSAGE][PASSED] - Object: 'Object Repository/1. Constant/xpath' is clicked on

2022-06-09 20:56:14 - [TEST_STEP][PASSED] - delay(3): Delayed 3 second(s)

2022-06-09 20:56:17 - [MESSAGE][PASSED] - Delayed 3 second(s)

2022-06-09 20:56:17 - [TEST_STEP][PASSED] - mouseOver(findTestObject("1. Constant/xpath", ["xpath":"//*[@id="level_apl_1"]/div[2]/div[2]/div[1]/div/div[1]/img"])): Object: 'Object Repository/1. Constant/xpath' is hovered

2022-06-09 20:56:18 - [MESSAGE][PASSED] - Object: 'Object Repository/1. Constant/xpath' is hovered

2022-06-09 20:56:18 - [TEST_STEP][PASSED] - click(findTestObject("1. Constant/xpath", ["xpath":"//*[@id="level_apl_1"]/div[2]/div[2]/div[1]/div/div[6]/a[2]/span"])): Object: 'Object Repository/1. Constant/xpath' is clicked on

2022-06-09 20:56:20 - [MESSAGE][PASSED] - Object: 'Object Repository/1. Constant/xpath' is clicked on

2022-06-09 20:56:20 - [TEST_STEP][PASSED] - delay(1): Delayed 1 second(s)

2022-06-09 20:56:21 - [MESSAGE][PASSED] - Delayed 1 second(s)

2022-06-09 20:56:21 - [TEST_STEP][PASSED] - I.click_button_javascriptS("//*[@id="btn_appfor"]"): Execute JavaScript 'arguments[0].click()' successfully

2022-06-09 20:56:26 - [MESSAGE][PASSED] - Execute JavaScript 'arguments[0].click()' successfully

2022-06-09 20:56:26 - [TEST_STEP][PASSED] - delay(3): Delayed 3 second(s)

2022-06-09 20:56:29 - [MESSAGE][PASSED] - Delayed 3 second(s)

2022-06-09 20:56:29 - [TEST_STEP][PASSED] - mouseOver(findTestObject("1. Constant/xpath", ["xpath":"//*[@id="level_apl_1"]/div[2]/div[2]/div[2]/div/div[1]/img"])): Object: 'Object Repository/1. Constant/xpath' is hovered

2022-06-09 20:56:30 - [MESSAGE][PASSED] - Object: 'Object Repository/1. Constant/xpath' is hovered

2022-06-09 20:56:30 - [TEST_STEP][PASSED] - click(findTestObject("1. Constant/xpath", ["xpath":"//*[@id="level_apl_1"]/div[2]/div[2]/div[2]/div/div[6]/a[2]/span"])): Object: 'Object Repository/1. Constant/xpath' is clicked on

2022-06-09 20:56:31 - [MESSAGE][PASSED] - Object: 'Object Repository/1. Constant/xpath' is clicked on

2022-06-09 20:56:31 - [TEST_STEP][PASSED] - delay(1): Delayed 1 second(s)

2022-06-09 20:56:32 - [MESSAGE][PASSED] - Delayed 1 second(s)

2022-06-09 20:56:32 - [TEST_STEP][PASSED] - I.click_button_javascriptS("//*[@id="btn_appfor"]"): Execute JavaScript 'arguments[0].click()' successfully

2022-06-09 20:56:38 - [MESSAGE][PASSED] - Execute JavaScript 'arguments[0].click()' successfully

2022-06-09 20:56:38 - [TEST_STEP][PASSED] - I.Logout(): Delayed 3 second(s)

2022-06-09 20:56:41 - [MESSAGE][PASSED] - Delayed 3 second(s)

2022-06-09 20:56:43 - [MESSAGE][PASSED] - Object: 'Object Repository/1. Constant/xpath' is clicked on

2022-06-09 20:56:46 - [MESSAGE][PASSED] - Delayed 3 second(s)

2022-06-09 20:56:47 - [MESSAGE][PASSED] - Object: 'Object Repository/1. Constant/xpath' is clicked on

2022-06-09 20:56:50 - [MESSAGE][PASSED] - Delayed 3 second(s)

2022-06-09 20:56:50 - [TEST_STEP][PASSED] - I.Login_password("apetit", password_apetit): Object: 'Object Repository/1. Constant/xpath' is clicked on

2022-06-09 20:56:51 - [MESSAGE][PASSED] - Text 'apetit' is set on object 'Object Repository/1. Constant/xpath'

2022-06-09 20:56:52 - [MESSAGE][PASSED] - Delayed 1 second(s)

2022-06-09 20:56:52 - [MESSAGE][PASSED] - Text 'dchi' is set on object 'Object Repository/1. Constant/xpath'

2022-06-09 20:56:53 - [MESSAGE][PASSED] - Delayed 1 second(s)

2022-06-09 20:56:57 - [MESSAGE][PASSED] - Object: 'Object Repository/1. Constant/xpath' is clicked on

2022-06-09 20:56:57 - [TEST_STEP][PASSED] - takeScreenshot(): Taking screenshot successfully

2022-06-09 20:56:57 - [MESSAGE][PASSED] - Taking screenshot successfully
[[ATTACHMENT|D:\\Projet Test Auto\\Mediabox Test Automation\\Reports\\20220609_181011\\03. Parallel Testing (Testing)\\TS -PT PART 3\\11 Tag SAS_Task_Full lifecycle\\20220609_181109\\1654801017327.png]]

2022-06-09 20:56:57 - [TEST_STEP][PASSED] - task20_apetit = I.Get_Task_No("//*[@id="kt_header"]/div/div[2]/div[1]/div[1]"): Text of object 'Object Repository/1. Constant/xpath' is: '3'

2022-06-09 20:56:57 - [MESSAGE][PASSED] - Text of object 'Object Repository/1. Constant/xpath' is: '3'

2022-06-09 20:56:57 - [TEST_STEP][PASSED] - click(findTestObject("1. Constant/xpath", ["xpath":"//*[@id="menu_2"]/a"])): Object: 'Object Repository/1. Constant/xpath' is clicked on

2022-06-09 20:57:04 - [MESSAGE][PASSED] - Object: 'Object Repository/1. Constant/xpath' is clicked on

2022-06-09 20:57:04 - [TEST_STEP][PASSED] - I.SearchProjectNo_xpath(Project_No, "//*[@id="keynum_project"]", "//*[@id="form_filters"]/div[8]/button"): Delayed 5 second(s)

2022-06-09 20:57:05 - [MESSAGE][PASSED] - Delayed 1 second(s)

2022-06-09 20:57:05 - [MESSAGE][PASSED] - Text 'MI003408' is set on object 'Object Repository/1. Constant/xpath'

2022-06-09 20:57:08 - [MESSAGE][PASSED] - Delayed 3 second(s)

2022-06-09 20:57:08 - [MESSAGE][PASSED] - Scroll to object 'Object Repository/1. Constant/xpath' successfully

2022-06-09 20:57:14 - [MESSAGE][PASSED] - Object: 'Object Repository/1. Constant/xpath' is clicked on

2022-06-09 20:57:19 - [MESSAGE][PASSED] - Delayed 5 second(s)

2022-06-09 20:57:19 - [TEST_STEP][PASSED] - delay(1): Delayed 1 second(s)

2022-06-09 20:57:20 - [MESSAGE][PASSED] - Delayed 1 second(s)

2022-06-09 20:57:20 - [TEST_STEP][PASSED] - takeScreenshot(): Taking screenshot successfully

2022-06-09 20:57:20 - [MESSAGE][PASSED] - Taking screenshot successfully
[[ATTACHMENT|D:\\Projet Test Auto\\Mediabox Test Automation\\Reports\\20220609_181011\\03. Parallel Testing (Testing)\\TS -PT PART 3\\11 Tag SAS_Task_Full lifecycle\\20220609_181109\\1654801040424.png]]

2022-06-09 20:57:20 - [TEST_STEP][PASSED] - delay(1): Delayed 1 second(s)

2022-06-09 20:57:21 - [MESSAGE][PASSED] - Delayed 1 second(s)

2022-06-09 20:57:21 - [TEST_STEP][PASSED] - click(findTestObject("1. Constant/xpath", ["xpath":"//*[@id="source_" + refID1 + ""]/td[15]/a[1]"])): Object: 'Object Repository/1. Constant/xpath' is clicked on

2022-06-09 20:57:24 - [MESSAGE][PASSED] - Object: 'Object Repository/1. Constant/xpath' is clicked on

2022-06-09 20:57:24 - [TEST_STEP][PASSED] - waitForPageLoad(5): Wait for page load successfully

2022-06-09 20:57:27 - [MESSAGE][PASSED] - Wait for page load successfully

2022-06-09 20:57:27 - [TEST_STEP][PASSED] - mouseOver(findTestObject("Object Repository/HL Full Lifecycle/Function_access Viewer2")): Object: 'Object Repository/HL Full Lifecycle/Function_access Viewer2' is hovered

2022-06-09 20:57:27 - [MESSAGE][PASSED] - Object: 'Object Repository/HL Full Lifecycle/Function_access Viewer2' is hovered

2022-06-09 20:57:27 - [TEST_STEP][PASSED] - delay(2): Delayed 2 second(s)

2022-06-09 20:57:29 - [MESSAGE][PASSED] - Delayed 2 second(s)

2022-06-09 20:57:29 - [TEST_STEP][PASSED] - click(findTestObject("Object Repository/HL Full Lifecycle/Function_access Viewer2")): Object: 'Object Repository/HL Full Lifecycle/Function_access Viewer2' is clicked on

2022-06-09 20:57:29 - [MESSAGE][PASSED] - Object: 'Object Repository/HL Full Lifecycle/Function_access Viewer2' is clicked on

2022-06-09 20:57:29 - [TEST_STEP][PASSED] - delay(1): Delayed 1 second(s)

2022-06-09 20:57:30 - [MESSAGE][PASSED] - Delayed 1 second(s)

2022-06-09 20:57:30 - [TEST_STEP][PASSED] - takeScreenshot(): Taking screenshot successfully

2022-06-09 20:57:30 - [MESSAGE][PASSED] - Taking screenshot successfully
[[ATTACHMENT|D:\\Projet Test Auto\\Mediabox Test Automation\\Reports\\20220609_181011\\03. Parallel Testing (Testing)\\TS -PT PART 3\\11 Tag SAS_Task_Full lifecycle\\20220609_181109\\1654801050708.png]]

2022-06-09 20:57:30 - [TEST_STEP][PASSED] - click(findTestObject("1. Constant/xpath", ["xpath":"//*[@id="BtnapproveButton"]"])): Object: 'Object Repository/1. Constant/xpath' is clicked on

2022-06-09 20:57:31 - [MESSAGE][PASSED] - Object: 'Object Repository/1. Constant/xpath' is clicked on

2022-06-09 20:57:31 - [TEST_STEP][PASSED] - delay(5): Delayed 5 second(s)

2022-06-09 20:57:36 - [MESSAGE][PASSED] - Delayed 5 second(s)

2022-06-09 20:57:36 - [TEST_STEP][PASSED] - setText(findTestObject("1. Constant/xpath", ["xpath":"//*[@id="var_68"]"]), "200192562A"): Text '200192562A' is set on object 'Object Repository/1. Constant/xpath'

2022-06-09 20:57:36 - [MESSAGE][PASSED] - Text '200192562A' is set on object 'Object Repository/1. Constant/xpath'

2022-06-09 20:57:36 - [TEST_STEP][PASSED] - delay(3): Delayed 3 second(s)

2022-06-09 20:57:39 - [MESSAGE][PASSED] - Delayed 3 second(s)

2022-06-09 20:57:39 - [TEST_STEP][PASSED] - click(findTestObject("1. Constant/xpath", ["xpath":"//*[@id="approveButton"]"])): Object: 'Object Repository/1. Constant/xpath' is clicked on

2022-06-09 20:57:59 - [MESSAGE][PASSED] - Object: 'Object Repository/1. Constant/xpath' is clicked on

2022-06-09 20:57:59 - [TEST_STEP][PASSED] - takeScreenshot(): Taking screenshot successfully

2022-06-09 20:57:59 - [MESSAGE][PASSED] - Taking screenshot successfully
[[ATTACHMENT|D:\\Projet Test Auto\\Mediabox Test Automation\\Reports\\20220609_181011\\03. Parallel Testing (Testing)\\TS -PT PART 3\\11 Tag SAS_Task_Full lifecycle\\20220609_181109\\1654801079644.png]]

2022-06-09 20:57:59 - [TEST_STEP][PASSED] - task21_apetit = I.Get_Task_No("//*[@id="kt_header"]/div/div[2]/div[1]/div[1]"): Text of object 'Object Repository/1. Constant/xpath' is: '2'

2022-06-09 20:58:00 - [MESSAGE][PASSED] - Text of object 'Object Repository/1. Constant/xpath' is: '2'

2022-06-09 20:58:00 - [TEST_STEP][PASSED] - verifyEqual(task21_apetit + 1, task20_apetit): Actual object '3' and expected object '3' are equal

2022-06-09 20:58:00 - [MESSAGE][PASSED] - Actual object '3' and expected object '3' are equal

2022-06-09 20:58:00 - [TEST_STEP][PASSED] - I.Logout(): Delayed 3 second(s)

2022-06-09 20:58:03 - [MESSAGE][PASSED] - Delayed 3 second(s)

2022-06-09 20:58:04 - [MESSAGE][PASSED] - Object: 'Object Repository/1. Constant/xpath' is clicked on

2022-06-09 20:58:07 - [MESSAGE][PASSED] - Delayed 3 second(s)

2022-06-09 20:58:09 - [MESSAGE][PASSED] - Object: 'Object Repository/1. Constant/xpath' is clicked on

2022-06-09 20:58:12 - [MESSAGE][PASSED] - Delayed 3 second(s)

2022-06-09 20:58:12 - [TEST_STEP][PASSED] - I.Login_password("jedun", password_jedun): Object: 'Object Repository/1. Constant/xpath' is clicked on

2022-06-09 20:58:13 - [MESSAGE][PASSED] - Text 'jedun' is set on object 'Object Repository/1. Constant/xpath'

2022-06-09 20:58:14 - [MESSAGE][PASSED] - Delayed 1 second(s)

2022-06-09 20:58:15 - [MESSAGE][PASSED] - Text 'dchi' is set on object 'Object Repository/1. Constant/xpath'

2022-06-09 20:58:16 - [MESSAGE][PASSED] - Delayed 1 second(s)

2022-06-09 20:58:20 - [MESSAGE][PASSED] - Object: 'Object Repository/1. Constant/xpath' is clicked on

2022-06-09 20:58:20 - [TEST_STEP][PASSED] - click(findTestObject("1. Constant/xpath", ["xpath":"//*[@id="menu_2"]/a"])): Object: 'Object Repository/1. Constant/xpath' is clicked on

2022-06-09 20:58:25 - [MESSAGE][PASSED] - Object: 'Object Repository/1. Constant/xpath' is clicked on

2022-06-09 20:58:25 - [TEST_STEP][PASSED] - I.SearchProjectNo_xpath(Project_No, "//*[@id="keynum_project"]", "//*[@id="form_filters"]/div[7]/button"): Delayed 5 second(s)

2022-06-09 20:58:26 - [MESSAGE][PASSED] - Delayed 1 second(s)

2022-06-09 20:58:26 - [MESSAGE][PASSED] - Text 'MI003408' is set on object 'Object Repository/1. Constant/xpath'

2022-06-09 20:58:29 - [MESSAGE][PASSED] - Delayed 3 second(s)

2022-06-09 20:58:30 - [MESSAGE][PASSED] - Scroll to object 'Object Repository/1. Constant/xpath' successfully

2022-06-09 20:58:35 - [MESSAGE][PASSED] - Object: 'Object Repository/1. Constant/xpath' is clicked on

2022-06-09 20:58:40 - [MESSAGE][PASSED] - Delayed 5 second(s)

2022-06-09 20:58:40 - [TEST_STEP][PASSED] - delay(1): Delayed 1 second(s)

2022-06-09 20:58:41 - [MESSAGE][PASSED] - Delayed 1 second(s)

2022-06-09 20:58:41 - [TEST_STEP][PASSED] - takeScreenshot(): Taking screenshot successfully

2022-06-09 20:58:41 - [MESSAGE][PASSED] - Taking screenshot successfully
[[ATTACHMENT|D:\\Projet Test Auto\\Mediabox Test Automation\\Reports\\20220609_181011\\03. Parallel Testing (Testing)\\TS -PT PART 3\\11 Tag SAS_Task_Full lifecycle\\20220609_181109\\1654801121641.png]]

2022-06-09 20:58:41 - [TEST_STEP][PASSED] - click(findTestObject("1. Constant/xpath", ["xpath":"//*[@id="source_" + refID1 + ""]/td[17]/a[3]"])): Object: 'Object Repository/1. Constant/xpath' is clicked on

2022-06-09 20:58:46 - [MESSAGE][PASSED] - Object: 'Object Repository/1. Constant/xpath' is clicked on

2022-06-09 20:58:46 - [TEST_STEP][PASSED] - I.UploadDoc_sendkey_field("//*[@id="var_181"]", "D:\Upoad_File\Upload doc\testdata1.pdf", "testdata1.pdf"): Text 'testdata1.pdf' is present on page 

2022-06-09 20:58:48 - [MESSAGE][PASSED] - Delayed 2 second(s)

2022-06-09 20:58:49 - [MESSAGE][PASSED] - Keys 'D:\Upoad_File\Upload doc\testdata1.pdf' sent to object: 'Object Repository/1. Constant/xpath'

2022-06-09 20:58:49 - [MESSAGE][PASSED] - Text 'testdata1.pdf' is present on page 

2022-06-09 20:58:49 - [TEST_STEP][PASSED] - click(findTestObject("1. Constant/xpath", ["xpath":"//*[@id="ModifFiche"]/div[3]/div/button[2]"])): Object: 'Object Repository/1. Constant/xpath' is clicked on

2022-06-09 20:59:00 - [MESSAGE][PASSED] - Object: 'Object Repository/1. Constant/xpath' is clicked on

2022-06-09 20:59:00 - [TEST_STEP][PASSED] - takeScreenshot(): Taking screenshot successfully

2022-06-09 20:59:01 - [MESSAGE][PASSED] - Taking screenshot successfully
[[ATTACHMENT|D:\\Projet Test Auto\\Mediabox Test Automation\\Reports\\20220609_181011\\03. Parallel Testing (Testing)\\TS -PT PART 3\\11 Tag SAS_Task_Full lifecycle\\20220609_181109\\1654801140801.png]]

2022-06-09 20:59:01 - [TEST_STEP][PASSED] - I.Logout(): Delayed 3 second(s)

2022-06-09 20:59:04 - [MESSAGE][PASSED] - Delayed 3 second(s)

2022-06-09 20:59:04 - [MESSAGE][PASSED] - Object: 'Object Repository/1. Constant/xpath' is clicked on

2022-06-09 20:59:07 - [MESSAGE][PASSED] - Delayed 3 second(s)

2022-06-09 20:59:09 - [MESSAGE][PASSED] - Object: 'Object Repository/1. Constant/xpath' is clicked on

2022-06-09 20:59:12 - [MESSAGE][PASSED] - Delayed 3 second(s)

2022-06-09 20:59:12 - [TEST_STEP][PASSED] - I.Login_password("mcazeaux", password_mcazeaux): Object: 'Object Repository/1. Constant/xpath' is clicked on

2022-06-09 20:59:13 - [MESSAGE][PASSED] - Text 'mcazeaux' is set on object 'Object Repository/1. Constant/xpath'

2022-06-09 20:59:14 - [MESSAGE][PASSED] - Delayed 1 second(s)

2022-06-09 20:59:15 - [MESSAGE][PASSED] - Text 'dchi' is set on object 'Object Repository/1. Constant/xpath'

2022-06-09 20:59:16 - [MESSAGE][PASSED] - Delayed 1 second(s)

2022-06-09 20:59:20 - [MESSAGE][PASSED] - Object: 'Object Repository/1. Constant/xpath' is clicked on

2022-06-09 20:59:20 - [TEST_STEP][PASSED] - task31_aomoto = I.Get_Task_No("//*[@id="kt_header"]/div/div[2]/div[1]/div[1]"): Text of object 'Object Repository/1. Constant/xpath' is: '13'

2022-06-09 20:59:20 - [MESSAGE][PASSED] - Text of object 'Object Repository/1. Constant/xpath' is: '13'

2022-06-09 20:59:20 - [TEST_STEP][PASSED] - click(findTestObject("1. Constant/xpath", ["xpath":"//*[@id="kt_header"]/div/div[2]/div[1]/div[1]/div"])): Object: 'Object Repository/1. Constant/xpath' is clicked on

2022-06-09 20:59:21 - [MESSAGE][PASSED] - Object: 'Object Repository/1. Constant/xpath' is clicked on

2022-06-09 20:59:21 - [TEST_STEP][PASSED] - delay(1): Delayed 1 second(s)

2022-06-09 20:59:22 - [MESSAGE][PASSED] - Delayed 1 second(s)

2022-06-09 20:59:22 - [TEST_STEP][PASSED] - click(findTestObject("1. Constant/xpath", ["xpath":"//*[@id="kt_header"]/div/div[2]/div[1]/div[2]/form/div[3]/a"])): Object: 'Object Repository/1. Constant/xpath' is clicked on

2022-06-09 20:59:26 - [MESSAGE][PASSED] - Object: 'Object Repository/1. Constant/xpath' is clicked on

2022-06-09 20:59:26 - [TEST_STEP][PASSED] - delay(1): Delayed 1 second(s)

2022-06-09 20:59:27 - [MESSAGE][PASSED] - Delayed 1 second(s)

2022-06-09 20:59:27 - [TEST_STEP][PASSED] - takeScreenshot(): Taking screenshot successfully

2022-06-09 20:59:27 - [MESSAGE][PASSED] - Taking screenshot successfully
[[ATTACHMENT|D:\\Projet Test Auto\\Mediabox Test Automation\\Reports\\20220609_181011\\03. Parallel Testing (Testing)\\TS -PT PART 3\\11 Tag SAS_Task_Full lifecycle\\20220609_181109\\1654801167278.png]]

2022-06-09 20:59:27 - [TEST_STEP][PASSED] - I.SelectFromList_Value("//*[@id="kt_content"]/div[3]/div/div/div[1]/div[1]/div/form/select", "250"): Delayed 2 second(s)

2022-06-09 20:59:31 - [MESSAGE][PASSED] - All options with value '250' are selected in object 'Object Repository/1. Constant/xpath' 

2022-06-09 20:59:33 - [MESSAGE][PASSED] - Delayed 2 second(s)

2022-06-09 20:59:33 - [TEST_STEP][PASSED] - delay(1): Delayed 1 second(s)

2022-06-09 20:59:34 - [MESSAGE][PASSED] - Delayed 1 second(s)

2022-06-09 20:59:34 - [TEST_STEP][PASSED] - l = 1: null

2022-06-09 20:59:34 - [TEST_STEP][PASSED] - while (l <= task31_aomoto): null

2022-06-09 20:59:34 - [TEST_STEP][PASSED] - resulta = getText(findTestObject("1. Constant/xpath", ["xpath":"/html/body/div[1]/div[2]/div[8]/div[3]/div/div/div[2]/div/table/tbody/tr[" + l + "]"])): Text of object 'Object Repository/1. Constant/xpath' is: 'Please UPLOAD Repro document COLOR_RICHE_VOLUME_MATTE_INTENSE_FG_Label others_2GR__Bilingual_EN_FR_DE_IT_ES_260_3612622893808_ (Project: MI001424) 13/07/2021 Upload repro (document)'

2022-06-09 20:59:34 - [MESSAGE][PASSED] - Text of object 'Object Repository/1. Constant/xpath' is: 'Please UPLOAD Repro document COLOR_RICHE_VOLUME_MATTE_INTENSE_FG_Label others_2GR__Bilingual_EN_FR_DE_IT_ES_260_3612622893808_ (Project: MI001424) 13/07/2021 Upload repro (document)'

2022-06-09 20:59:34 - [TEST_STEP][PASSED] - if (resulta.contains(Project_No)): null

2022-06-09 20:59:34 - [TEST_STEP][PASSED] - else: null

2022-06-09 20:59:34 - [TEST_STEP][PASSED] - l = l + 1: null

2022-06-09 20:59:34 - [TEST_STEP][PASSED] - resulta = getText(findTestObject("1. Constant/xpath", ["xpath":"/html/body/div[1]/div[2]/div[8]/div[3]/div/div/div[2]/div/table/tbody/tr[" + l + "]"])): Text of object 'Object Repository/1. Constant/xpath' is: 'Please UPLOAD Repro document COLOR_RICHE_VOLUME_MATTE_INTENSE_FG_Label others_2GR__Bilingual_FR_DE_EN_IT_ES_260_3612622893822_ (Project: MI001424) 13/07/2021 Upload repro (document)'

2022-06-09 20:59:34 - [MESSAGE][PASSED] - Text of object 'Object Repository/1. Constant/xpath' is: 'Please UPLOAD Repro document COLOR_RICHE_VOLUME_MATTE_INTENSE_FG_Label others_2GR__Bilingual_FR_DE_EN_IT_ES_260_3612622893822_ (Project: MI001424) 13/07/2021 Upload repro (document)'

2022-06-09 20:59:34 - [TEST_STEP][PASSED] - if (resulta.contains(Project_No)): null

2022-06-09 20:59:34 - [TEST_STEP][PASSED] - else: null

2022-06-09 20:59:34 - [TEST_STEP][PASSED] - l = l + 1: null

2022-06-09 20:59:34 - [TEST_STEP][PASSED] - resulta = getText(findTestObject("1. Constant/xpath", ["xpath":"/html/body/div[1]/div[2]/div[8]/div[3]/div/div/div[2]/div/table/tbody/tr[" + l + "]"])): Text of object 'Object Repository/1. Constant/xpath' is: 'Please UPLOAD Repro document COLOR_RICHE_VOLUME_MATTE_INTENSE_FG_Label others_2GR__Bilingual_EN_FR_DE_IT_ES_260_3612622911885_ (Project: MI001424) 13/07/2021 Upload repro (document)'

2022-06-09 20:59:34 - [MESSAGE][PASSED] - Text of object 'Object Repository/1. Constant/xpath' is: 'Please UPLOAD Repro document COLOR_RICHE_VOLUME_MATTE_INTENSE_FG_Label others_2GR__Bilingual_EN_FR_DE_IT_ES_260_3612622911885_ (Project: MI001424) 13/07/2021 Upload repro (document)'

2022-06-09 20:59:34 - [TEST_STEP][PASSED] - if (resulta.contains(Project_No)): null

2022-06-09 20:59:34 - [TEST_STEP][PASSED] - else: null

2022-06-09 20:59:34 - [TEST_STEP][PASSED] - l = l + 1: null

2022-06-09 20:59:34 - [TEST_STEP][PASSED] - resulta = getText(findTestObject("1. Constant/xpath", ["xpath":"/html/body/div[1]/div[2]/div[8]/div[3]/div/div/div[2]/div/table/tbody/tr[" + l + "]"])): Text of object 'Object Repository/1. Constant/xpath' is: 'Please UPLOAD Repro document COLOR_RICHE_VOLUME_MATTE_INTENSE_FG_Label others_2GR__Bilingual_EN_FR_DE_IT_ES_260_3612622893839_ (Project: MI001424) 13/07/2021 Upload repro (document)'

2022-06-09 20:59:34 - [MESSAGE][PASSED] - Text of object 'Object Repository/1. Constant/xpath' is: 'Please UPLOAD Repro document COLOR_RICHE_VOLUME_MATTE_INTENSE_FG_Label others_2GR__Bilingual_EN_FR_DE_IT_ES_260_3612622893839_ (Project: MI001424) 13/07/2021 Upload repro (document)'

2022-06-09 20:59:34 - [TEST_STEP][PASSED] - if (resulta.contains(Project_No)): null

2022-06-09 20:59:34 - [TEST_STEP][PASSED] - else: null

2022-06-09 20:59:34 - [TEST_STEP][PASSED] - l = l + 1: null

2022-06-09 20:59:34 - [TEST_STEP][PASSED] - resulta = getText(findTestObject("1. Constant/xpath", ["xpath":"/html/body/div[1]/div[2]/div[8]/div[3]/div/div/div[2]/div/table/tbody/tr[" + l + "]"])): Text of object 'Object Repository/1. Constant/xpath' is: 'Please UPLOAD Repro document COLOR_RICHE_VOLUME_MATTE_INTENSE_FG_Label others_2GR__Bilingual_EN_FR_DE_IT_ES_260_3612622911878_ (Project: MI001424) 13/07/2021 Upload repro (document)'

2022-06-09 20:59:35 - [MESSAGE][PASSED] - Text of object 'Object Repository/1. Constant/xpath' is: 'Please UPLOAD Repro document COLOR_RICHE_VOLUME_MATTE_INTENSE_FG_Label others_2GR__Bilingual_EN_FR_DE_IT_ES_260_3612622911878_ (Project: MI001424) 13/07/2021 Upload repro (document)'

2022-06-09 20:59:35 - [TEST_STEP][PASSED] - if (resulta.contains(Project_No)): null

2022-06-09 20:59:35 - [TEST_STEP][PASSED] - else: null

2022-06-09 20:59:35 - [TEST_STEP][PASSED] - l = l + 1: null

2022-06-09 20:59:35 - [TEST_STEP][PASSED] - resulta = getText(findTestObject("1. Constant/xpath", ["xpath":"/html/body/div[1]/div[2]/div[8]/div[3]/div/div/div[2]/div/table/tbody/tr[" + l + "]"])): Text of object 'Object Repository/1. Constant/xpath' is: 'Please UPLOAD Repro document COLOR_RICHE_VOLUME_MATTE_INTENSE_FG_Label others_2GR__Bilingual_EN_FR_DE_IT_ES_260_3612622893891_ (Project: MI001424) 13/07/2021 Upload repro (document)'

2022-06-09 20:59:35 - [MESSAGE][PASSED] - Text of object 'Object Repository/1. Constant/xpath' is: 'Please UPLOAD Repro document COLOR_RICHE_VOLUME_MATTE_INTENSE_FG_Label others_2GR__Bilingual_EN_FR_DE_IT_ES_260_3612622893891_ (Project: MI001424) 13/07/2021 Upload repro (document)'

2022-06-09 20:59:35 - [TEST_STEP][PASSED] - if (resulta.contains(Project_No)): null

2022-06-09 20:59:35 - [TEST_STEP][PASSED] - else: null

2022-06-09 20:59:35 - [TEST_STEP][PASSED] - l = l + 1: null

2022-06-09 20:59:35 - [TEST_STEP][PASSED] - resulta = getText(findTestObject("1. Constant/xpath", ["xpath":"/html/body/div[1]/div[2]/div[8]/div[3]/div/div/div[2]/div/table/tbody/tr[" + l + "]"])): Text of object 'Object Repository/1. Constant/xpath' is: 'Please UPLOAD Repro document COLOR_RICHE_VOLUME_MATTE_INTENSE_FG_Label others_2GR__Bilingual_EN_FR_DE_IT_ES_260_3612622893884_ (Project: MI001424) 13/07/2021 Upload repro (document)'

2022-06-09 20:59:35 - [MESSAGE][PASSED] - Text of object 'Object Repository/1. Constant/xpath' is: 'Please UPLOAD Repro document COLOR_RICHE_VOLUME_MATTE_INTENSE_FG_Label others_2GR__Bilingual_EN_FR_DE_IT_ES_260_3612622893884_ (Project: MI001424) 13/07/2021 Upload repro (document)'

2022-06-09 20:59:35 - [TEST_STEP][PASSED] - if (resulta.contains(Project_No)): null

2022-06-09 20:59:35 - [TEST_STEP][PASSED] - else: null

2022-06-09 20:59:35 - [TEST_STEP][PASSED] - l = l + 1: null

2022-06-09 20:59:35 - [TEST_STEP][PASSED] - resulta = getText(findTestObject("1. Constant/xpath", ["xpath":"/html/body/div[1]/div[2]/div[8]/div[3]/div/div/div[2]/div/table/tbody/tr[" + l + "]"])): Text of object 'Object Repository/1. Constant/xpath' is: 'Please UPLOAD Repro document COLOR_RICHE_VOLUME_MATTE_INTENSE_FG_Label others_2GR__Bilingual_EN_FR_DE_IT_ES_260_3612622893877_ (Project: MI001424) 13/07/2021 Upload repro (document)'

2022-06-09 20:59:35 - [MESSAGE][PASSED] - Text of object 'Object Repository/1. Constant/xpath' is: 'Please UPLOAD Repro document COLOR_RICHE_VOLUME_MATTE_INTENSE_FG_Label others_2GR__Bilingual_EN_FR_DE_IT_ES_260_3612622893877_ (Project: MI001424) 13/07/2021 Upload repro (document)'

2022-06-09 20:59:35 - [TEST_STEP][PASSED] - if (resulta.contains(Project_No)): null

2022-06-09 20:59:35 - [TEST_STEP][PASSED] - else: null

2022-06-09 20:59:35 - [TEST_STEP][PASSED] - l = l + 1: null

2022-06-09 20:59:35 - [TEST_STEP][PASSED] - resulta = getText(findTestObject("1. Constant/xpath", ["xpath":"/html/body/div[1]/div[2]/div[8]/div[3]/div/div/div[2]/div/table/tbody/tr[" + l + "]"])): Text of object 'Object Repository/1. Constant/xpath' is: 'Please UPLOAD Repro document COLOR_RICHE_VOLUME_MATTE_INTENSE_FG_Label others_2GR__Bilingual_EN_DE_IT_ES_FR_260_3612622893846_ (Project: MI001424) 13/07/2021 Upload repro (document)'

2022-06-09 20:59:35 - [MESSAGE][PASSED] - Text of object 'Object Repository/1. Constant/xpath' is: 'Please UPLOAD Repro document COLOR_RICHE_VOLUME_MATTE_INTENSE_FG_Label others_2GR__Bilingual_EN_DE_IT_ES_FR_260_3612622893846_ (Project: MI001424) 13/07/2021 Upload repro (document)'

2022-06-09 20:59:35 - [TEST_STEP][PASSED] - if (resulta.contains(Project_No)): null

2022-06-09 20:59:35 - [TEST_STEP][PASSED] - else: null

2022-06-09 20:59:35 - [TEST_STEP][PASSED] - l = l + 1: null

2022-06-09 20:59:35 - [TEST_STEP][PASSED] - resulta = getText(findTestObject("1. Constant/xpath", ["xpath":"/html/body/div[1]/div[2]/div[8]/div[3]/div/div/div[2]/div/table/tbody/tr[" + l + "]"])): Text of object 'Object Repository/1. Constant/xpath' is: 'Please UPLOAD Repro document COLOR_RICHE_VOLUME_MATTE_INTENSE_FG_Label others_2GR__Bilingual_FR_DE_IT_ES_EN_260_3612622893853_ (Project: MI001424) 13/07/2021 Upload repro (document)'

2022-06-09 20:59:36 - [MESSAGE][PASSED] - Text of object 'Object Repository/1. Constant/xpath' is: 'Please UPLOAD Repro document COLOR_RICHE_VOLUME_MATTE_INTENSE_FG_Label others_2GR__Bilingual_FR_DE_IT_ES_EN_260_3612622893853_ (Project: MI001424) 13/07/2021 Upload repro (document)'

2022-06-09 20:59:36 - [TEST_STEP][PASSED] - if (resulta.contains(Project_No)): null

2022-06-09 20:59:36 - [TEST_STEP][PASSED] - else: null

2022-06-09 20:59:36 - [TEST_STEP][PASSED] - l = l + 1: null

2022-06-09 20:59:36 - [TEST_STEP][PASSED] - resulta = getText(findTestObject("1. Constant/xpath", ["xpath":"/html/body/div[1]/div[2]/div[8]/div[3]/div/div/div[2]/div/table/tbody/tr[" + l + "]"])): Text of object 'Object Repository/1. Constant/xpath' is: 'Please UPLOAD Repro document COLOR_RICHE_VOLUME_MATTE_INTENSE_FG_Label others_2GR__Bilingual_EN_FR_DE_IT_ES_260_3612622893860_ (Project: MI001424) 13/07/2021 Upload repro (document)'

2022-06-09 20:59:36 - [MESSAGE][PASSED] - Text of object 'Object Repository/1. Constant/xpath' is: 'Please UPLOAD Repro document COLOR_RICHE_VOLUME_MATTE_INTENSE_FG_Label others_2GR__Bilingual_EN_FR_DE_IT_ES_260_3612622893860_ (Project: MI001424) 13/07/2021 Upload repro (document)'

2022-06-09 20:59:36 - [TEST_STEP][PASSED] - if (resulta.contains(Project_No)): null

2022-06-09 20:59:36 - [TEST_STEP][PASSED] - else: null

2022-06-09 20:59:36 - [TEST_STEP][PASSED] - l = l + 1: null

2022-06-09 20:59:36 - [TEST_STEP][PASSED] - resulta = getText(findTestObject("1. Constant/xpath", ["xpath":"/html/body/div[1]/div[2]/div[8]/div[3]/div/div/div[2]/div/table/tbody/tr[" + l + "]"])): Text of object 'Object Repository/1. Constant/xpath' is: 'Please UPLOAD Repro document COLOR_RICHE_VOLUME_MATTE_INTENSE_FG_Label others_2GR__Bilingual_EN_ES_IT_DE_FR_260_3612622893815_ (Project: MI001424) 13/07/2021 Upload repro (document)'

2022-06-09 20:59:36 - [MESSAGE][PASSED] - Text of object 'Object Repository/1. Constant/xpath' is: 'Please UPLOAD Repro document COLOR_RICHE_VOLUME_MATTE_INTENSE_FG_Label others_2GR__Bilingual_EN_ES_IT_DE_FR_260_3612622893815_ (Project: MI001424) 13/07/2021 Upload repro (document)'

2022-06-09 20:59:36 - [TEST_STEP][PASSED] - if (resulta.contains(Project_No)): null

2022-06-09 20:59:36 - [TEST_STEP][PASSED] - else: null

2022-06-09 20:59:36 - [TEST_STEP][PASSED] - l = l + 1: null

2022-06-09 20:59:36 - [TEST_STEP][PASSED] - resulta = getText(findTestObject("1. Constant/xpath", ["xpath":"/html/body/div[1]/div[2]/div[8]/div[3]/div/div/div[2]/div/table/tbody/tr[" + l + "]"])): Text of object 'Object Repository/1. Constant/xpath' is: 'Please UPLOAD Repro document TC18_AUTO_MOTHERREF_Fake_Beauty Seal_100CM2___EN___ (Project: MI003408) 14/06/2022 Upload repro (document)'

2022-06-09 20:59:36 - [MESSAGE][PASSED] - Text of object 'Object Repository/1. Constant/xpath' is: 'Please UPLOAD Repro document TC18_AUTO_MOTHERREF_Fake_Beauty Seal_100CM2___EN___ (Project: MI003408) 14/06/2022 Upload repro (document)'

2022-06-09 20:59:36 - [TEST_STEP][PASSED] - if (resulta.contains(Project_No)): null

2022-06-09 20:59:36 - [TEST_STEP][PASSED] - click(findTestObject("1. Constant/xpath", ["xpath":"/html/body/div[1]/div[2]/div[8]/div[3]/div/div/div[2]/div/table/tbody/tr[" + l + "]/td[1]/a"])): Object: 'Object Repository/1. Constant/xpath' is clicked on

2022-06-09 20:59:39 - [MESSAGE][PASSED] - Object: 'Object Repository/1. Constant/xpath' is clicked on

2022-06-09 20:59:39 - [TEST_STEP][PASSED] - break: null

2022-06-09 20:59:39 - [TEST_STEP][PASSED] - takeScreenshot(): Taking screenshot successfully

2022-06-09 20:59:39 - [MESSAGE][PASSED] - Taking screenshot successfully
[[ATTACHMENT|D:\\Projet Test Auto\\Mediabox Test Automation\\Reports\\20220609_181011\\03. Parallel Testing (Testing)\\TS -PT PART 3\\11 Tag SAS_Task_Full lifecycle\\20220609_181109\\1654801179189.png]]

2022-06-09 20:59:39 - [TEST_STEP][PASSED] - delay(1): Delayed 1 second(s)

2022-06-09 20:59:40 - [MESSAGE][PASSED] - Delayed 1 second(s)

2022-06-09 20:59:40 - [TEST_STEP][PASSED] - color4 = getCSSValue(findTestObject("1. Constant/xpath", ["xpath":"//*[@id="source_" + refID1 + ""]/td[15]/a[2]"]), "color", OPTIONAL): Get CSS 'color' value on 'Object Repository/1. Constant/xpath' successfully: 'rgba(255, 255, 255, 1)'.

2022-06-09 20:59:40 - [MESSAGE][PASSED] - Get CSS 'color' value on 'Object Repository/1. Constant/xpath' successfully: 'rgba(255, 255, 255, 1)'.

2022-06-09 20:59:40 - [TEST_STEP][PASSED] - while (color4 == "rgba(255, 255, 255, 1)"): null

2022-06-09 20:59:40 - [TEST_STEP][PASSED] - click(findTestObject("1. Constant/xpath", ["xpath":"//*[@id="source_" + refID1 + ""]/td[15]/a[2]"])): Object: 'Object Repository/1. Constant/xpath' is clicked on

2022-06-09 20:59:42 - [MESSAGE][PASSED] - Object: 'Object Repository/1. Constant/xpath' is clicked on

2022-06-09 20:59:42 - [TEST_STEP][PASSED] - takeScreenshot(): Taking screenshot successfully

2022-06-09 20:59:42 - [MESSAGE][PASSED] - Taking screenshot successfully
[[ATTACHMENT|D:\\Projet Test Auto\\Mediabox Test Automation\\Reports\\20220609_181011\\03. Parallel Testing (Testing)\\TS -PT PART 3\\11 Tag SAS_Task_Full lifecycle\\20220609_181109\\1654801182526.png]]

2022-06-09 20:59:42 - [TEST_STEP][PASSED] - I.UploadDoc_sendkey_Prod(findTestObject("1. Constant/xpath", ["xpath":"//*[@id="kt_body"]/input[2]"]), "D:\Upoad_File\Upload doc\testdata1.pdf", "testdata1.pdf"): Delayed 5 second(s)

2022-06-09 20:59:42 - [MESSAGE][PASSED] - Scroll to object 'Object Repository/1. Constant/xpath' successfully

2022-06-09 20:59:47 - [MESSAGE][PASSED] - Delayed 5 second(s)

2022-06-09 20:59:48 - [MESSAGE][PASSED] - File 'D:\Upoad_File\Upload doc\testdata1.pdf' sent to object: 'Object Repository/1. Constant/xpath'

2022-06-09 20:59:53 - [MESSAGE][PASSED] - Delayed 5 second(s)

2022-06-09 20:59:53 - [MESSAGE][PASSED] - Text 'testdata1.pdf' is present on page 

2022-06-09 20:59:58 - [MESSAGE][PASSED] - Delayed 5 second(s)

2022-06-09 21:00:03 - [MESSAGE][PASSED] - Delayed 5 second(s)

2022-06-09 21:00:03 - [TEST_STEP][PASSED] - takeScreenshot(): Taking screenshot successfully

2022-06-09 21:00:03 - [MESSAGE][PASSED] - Taking screenshot successfully
[[ATTACHMENT|D:\\Projet Test Auto\\Mediabox Test Automation\\Reports\\20220609_181011\\03. Parallel Testing (Testing)\\TS -PT PART 3\\11 Tag SAS_Task_Full lifecycle\\20220609_181109\\1654801203402.png]]

2022-06-09 21:00:03 - [TEST_STEP][PASSED] - delay(10): Delayed 10 second(s)

2022-06-09 21:00:13 - [MESSAGE][PASSED] - Delayed 10 second(s)

2022-06-09 21:00:13 - [TEST_STEP][PASSED] - I.click_button_javascript(findTestObject("Object Repository/HL Full Lifecycle/12 ReferncePage_Button_Updatensenddoc")): Execute JavaScript 'arguments[0].click()' successfully

2022-06-09 21:00:28 - [MESSAGE][PASSED] - Execute JavaScript 'arguments[0].click()' successfully

2022-06-09 21:00:28 - [TEST_STEP][PASSED] - delay(5): Delayed 5 second(s)

2022-06-09 21:00:33 - [MESSAGE][PASSED] - Delayed 5 second(s)

2022-06-09 21:00:33 - [TEST_STEP][PASSED] - if (verifyElementPresent(findTestObject("1. Constant/xpath", ["xpath":"//*[@id="source_" + refID1 + ""]/td[15]/a[2]"]), 10, OPTIONAL)): com.kms.katalon.core.webui.exception.WebElementNotFoundException: Web element with id: 'Object Repository/1. Constant/xpath' located by '//*[@id="source_24438"]/td[15]/a[2]' not found (Root cause: com.kms.katalon.core.exception.StepFailedException: com.kms.katalon.core.webui.exception.WebElementNotFoundException: Web element with id: 'Object Repository/1. Constant/xpath' located by '//*[@id="source_24438"]/td[15]/a[2]' not found
	at com.kms.katalon.core.webui.keyword.internal.WebUIKeywordMain.stepFailed(WebUIKeywordMain.groovy:64)
	at com.kms.katalon.core.webui.keyword.builtin.VerifyElementPresentKeyword$_verifyElementPresent_closure1.doCall(VerifyElementPresentKeyword.groovy:85)
	at com.kms.katalon.core.webui.keyword.builtin.VerifyElementPresentKeyword$_verifyElementPresent_closure1.call(VerifyElementPresentKeyword.groovy)
	at com.kms.katalon.core.webui.keyword.internal.WebUIKeywordMain.runKeyword(WebUIKeywordMain.groovy:20)
	at com.kms.katalon.core.webui.keyword.builtin.VerifyElementPresentKeyword.verifyElementPresent(VerifyElementPresentKeyword.groovy:92)
	at com.kms.katalon.core.webui.keyword.builtin.VerifyElementPresentKeyword.execute(VerifyElementPresentKeyword.groovy:68)
	at com.kms.katalon.core.keyword.internal.KeywordExecutor.executeKeywordForPlatform(KeywordExecutor.groovy:74)
	at com.kms.katalon.core.webui.keyword.WebUiBuiltInKeywords.verifyElementPresent(WebUiBuiltInKeywords.groovy:1448)
	at com.kms.katalon.core.webui.keyword.WebUiBuiltInKeywords$verifyElementPresent$17.call(Unknown Source)
	at 18.02 Tag full Lifecycle Daughter _Perform Task 18.01 P2.run(18.02 Tag full Lifecycle Daughter _Perform Task 18.01 P2:888)
	at com.kms.katalon.core.main.ScriptEngine.run(ScriptEngine.java:194)
	at com.kms.katalon.core.main.ScriptEngine.runScriptAsRawText(ScriptEngine.java:119)
	at com.kms.katalon.core.main.TestCaseExecutor.runScript(TestCaseExecutor.java:445)
	at com.kms.katalon.core.main.TestCaseExecutor.doExecute(TestCaseExecutor.java:436)
	at com.kms.katalon.core.main.TestCaseExecutor.processExecutionPhase(TestCaseExecutor.java:415)
	at com.kms.katalon.core.main.TestCaseExecutor.accessMainPhase(TestCaseExecutor.java:407)
	at com.kms.katalon.core.main.TestCaseExecutor.execute(TestCaseExecutor.java:284)
	at com.kms.katalon.core.common.CommonExecutor.accessTestCaseMainPhase(CommonExecutor.java:65)
	at com.kms.katalon.core.main.TestSuiteExecutor.accessTestSuiteMainPhase(TestSuiteExecutor.java:144)
	at com.kms.katalon.core.main.TestSuiteExecutor.execute(TestSuiteExecutor.java:106)
	at com.kms.katalon.core.main.TestCaseMain.startTestSuite(TestCaseMain.java:185)
	at com.kms.katalon.core.main.TestCaseMain$startTestSuite$0.call(Unknown Source)
	at TempTestSuite1654791069182.run(TempTestSuite1654791069182.groovy:36)
)

2022-06-09 21:00:44 - [MESSAGE][INFO] - Unable to find the element located by 'By.xpath: //*[@id="source_24438"]/td[15]/a[2]'. Please recheck the objects properties to make sure the desired element is located. 

2022-06-09 21:00:45 - [MESSAGE][WARNING] - com.kms.katalon.core.webui.exception.WebElementNotFoundException: Web element with id: 'Object Repository/1. Constant/xpath' located by '//*[@id="source_24438"]/td[15]/a[2]' not found (Root cause: com.kms.katalon.core.exception.StepFailedException: com.kms.katalon.core.webui.exception.WebElementNotFoundException: Web element with id: 'Object Repository/1. Constant/xpath' located by '//*[@id="source_24438"]/td[15]/a[2]' not found
	at com.kms.katalon.core.webui.keyword.internal.WebUIKeywordMain.stepFailed(WebUIKeywordMain.groovy:64)
	at com.kms.katalon.core.webui.keyword.builtin.VerifyElementPresentKeyword$_verifyElementPresent_closure1.doCall(VerifyElementPresentKeyword.groovy:85)
	at com.kms.katalon.core.webui.keyword.builtin.VerifyElementPresentKeyword$_verifyElementPresent_closure1.call(VerifyElementPresentKeyword.groovy)
	at com.kms.katalon.core.webui.keyword.internal.WebUIKeywordMain.runKeyword(WebUIKeywordMain.groovy:20)
	at com.kms.katalon.core.webui.keyword.builtin.VerifyElementPresentKeyword.verifyElementPresent(VerifyElementPresentKeyword.groovy:92)
	at com.kms.katalon.core.webui.keyword.builtin.VerifyElementPresentKeyword.execute(VerifyElementPresentKeyword.groovy:68)
	at com.kms.katalon.core.keyword.internal.KeywordExecutor.executeKeywordForPlatform(KeywordExecutor.groovy:74)
	at com.kms.katalon.core.webui.keyword.WebUiBuiltInKeywords.verifyElementPresent(WebUiBuiltInKeywords.groovy:1448)
	at com.kms.katalon.core.webui.keyword.WebUiBuiltInKeywords$verifyElementPresent$17.call(Unknown Source)
	at 18.02 Tag full Lifecycle Daughter _Perform Task 18.01 P2.run(18.02 Tag full Lifecycle Daughter _Perform Task 18.01 P2:888)
	at com.kms.katalon.core.main.ScriptEngine.run(ScriptEngine.java:194)
	at com.kms.katalon.core.main.ScriptEngine.runScriptAsRawText(ScriptEngine.java:119)
	at com.kms.katalon.core.main.TestCaseExecutor.runScript(TestCaseExecutor.java:445)
	at com.kms.katalon.core.main.TestCaseExecutor.doExecute(TestCaseExecutor.java:436)
	at com.kms.katalon.core.main.TestCaseExecutor.processExecutionPhase(TestCaseExecutor.java:415)
	at com.kms.katalon.core.main.TestCaseExecutor.accessMainPhase(TestCaseExecutor.java:407)
	at com.kms.katalon.core.main.TestCaseExecutor.execute(TestCaseExecutor.java:284)
	at com.kms.katalon.core.common.CommonExecutor.accessTestCaseMainPhase(CommonExecutor.java:65)
	at com.kms.katalon.core.main.TestSuiteExecutor.accessTestSuiteMainPhase(TestSuiteExecutor.java:144)
	at com.kms.katalon.core.main.TestSuiteExecutor.execute(TestSuiteExecutor.java:106)
	at com.kms.katalon.core.main.TestCaseMain.startTestSuite(TestCaseMain.java:185)
	at com.kms.katalon.core.main.TestCaseMain$startTestSuite$0.call(Unknown Source)
	at TempTestSuite1654791069182.run(TempTestSuite1654791069182.groovy:36)
)
[[ATTACHMENT|D:\\Projet Test Auto\\Mediabox Test Automation\\Reports\\20220609_181011\\03. Parallel Testing (Testing)\\TS -PT PART 3\\11 Tag SAS_Task_Full lifecycle\\20220609_181109\\1654801244862.png]]

2022-06-09 21:00:45 - [TEST_STEP][PASSED] - else: null

2022-06-09 21:00:45 - [TEST_STEP][PASSED] - color4 = "white": null

2022-06-09 21:00:45 - [TEST_STEP][PASSED] - takeScreenshot(): Taking screenshot successfully

2022-06-09 21:00:45 - [MESSAGE][PASSED] - Taking screenshot successfully
[[ATTACHMENT|D:\\Projet Test Auto\\Mediabox Test Automation\\Reports\\20220609_181011\\03. Parallel Testing (Testing)\\TS -PT PART 3\\11 Tag SAS_Task_Full lifecycle\\20220609_181109\\1654801245549.png]]

2022-06-09 21:00:45 - [TEST_STEP][PASSED] - task32_aomoto = I.Get_Task_No("//*[@id="kt_header"]/div/div[2]/div[1]/div[1]"): Text of object 'Object Repository/1. Constant/xpath' is: '12'

2022-06-09 21:00:46 - [MESSAGE][PASSED] - Text of object 'Object Repository/1. Constant/xpath' is: '12'

2022-06-09 21:00:46 - [TEST_STEP][PASSED] - verifyEqual(task32_aomoto + 1, task31_aomoto): Actual object '13' and expected object '13' are equal

2022-06-09 21:00:46 - [MESSAGE][PASSED] - Actual object '13' and expected object '13' are equal

2022-06-09 21:00:46 - [TEST_STEP][PASSED] - I.Logout(): Delayed 3 second(s)

2022-06-09 21:00:49 - [MESSAGE][PASSED] - Delayed 3 second(s)

2022-06-09 21:00:49 - [MESSAGE][PASSED] - Object: 'Object Repository/1. Constant/xpath' is clicked on

2022-06-09 21:00:52 - [MESSAGE][PASSED] - Delayed 3 second(s)

2022-06-09 21:00:53 - [MESSAGE][PASSED] - Object: 'Object Repository/1. Constant/xpath' is clicked on

2022-06-09 21:00:56 - [MESSAGE][PASSED] - Delayed 3 second(s)

2022-06-09 21:00:56 - [TEST_STEP][PASSED] - I.Login_password("aomoto", password_aomoto): Object: 'Object Repository/1. Constant/xpath' is clicked on

2022-06-09 21:00:58 - [MESSAGE][PASSED] - Text 'aomoto' is set on object 'Object Repository/1. Constant/xpath'

2022-06-09 21:00:59 - [MESSAGE][PASSED] - Delayed 1 second(s)

2022-06-09 21:00:59 - [MESSAGE][PASSED] - Text 'dchi' is set on object 'Object Repository/1. Constant/xpath'

2022-06-09 21:01:00 - [MESSAGE][PASSED] - Delayed 1 second(s)

2022-06-09 21:01:03 - [MESSAGE][PASSED] - Object: 'Object Repository/1. Constant/xpath' is clicked on

2022-06-09 21:01:03 - [TEST_STEP][PASSED] - takeScreenshot(): Taking screenshot successfully

2022-06-09 21:01:03 - [MESSAGE][PASSED] - Taking screenshot successfully
[[ATTACHMENT|D:\\Projet Test Auto\\Mediabox Test Automation\\Reports\\20220609_181011\\03. Parallel Testing (Testing)\\TS -PT PART 3\\11 Tag SAS_Task_Full lifecycle\\20220609_181109\\1654801263311.png]]

2022-06-09 21:01:03 - [TEST_STEP][PASSED] - task9_aomoto = I.Get_Task_No("//*[@id="kt_header"]/div/div[2]/div[1]/div[1]"): Text of object 'Object Repository/1. Constant/xpath' is: '4'

2022-06-09 21:01:03 - [MESSAGE][PASSED] - Text of object 'Object Repository/1. Constant/xpath' is: '4'

2022-06-09 21:01:03 - [TEST_STEP][PASSED] - click(findTestObject("1. Constant/xpath", ["xpath":"//*[@id="menu_2"]/a"])): Object: 'Object Repository/1. Constant/xpath' is clicked on

2022-06-09 21:01:12 - [MESSAGE][PASSED] - Object: 'Object Repository/1. Constant/xpath' is clicked on

2022-06-09 21:01:12 - [TEST_STEP][PASSED] - I.SearchProjectNo_xpath(Project_No, "//*[@id="keynum_project"]", "//*[@id="form_filters"]/div[8]/button"): Delayed 5 second(s)

2022-06-09 21:01:13 - [MESSAGE][PASSED] - Delayed 1 second(s)

2022-06-09 21:01:13 - [MESSAGE][PASSED] - Text 'MI003408' is set on object 'Object Repository/1. Constant/xpath'

2022-06-09 21:01:16 - [MESSAGE][PASSED] - Delayed 3 second(s)

2022-06-09 21:01:17 - [MESSAGE][PASSED] - Scroll to object 'Object Repository/1. Constant/xpath' successfully

2022-06-09 21:01:23 - [MESSAGE][PASSED] - Object: 'Object Repository/1. Constant/xpath' is clicked on

2022-06-09 21:01:28 - [MESSAGE][PASSED] - Delayed 5 second(s)

2022-06-09 21:01:28 - [TEST_STEP][PASSED] - delay(1): Delayed 1 second(s)

2022-06-09 21:01:29 - [MESSAGE][PASSED] - Delayed 1 second(s)

2022-06-09 21:01:29 - [TEST_STEP][PASSED] - takeScreenshot(): Taking screenshot successfully

2022-06-09 21:01:30 - [MESSAGE][PASSED] - Taking screenshot successfully
[[ATTACHMENT|D:\\Projet Test Auto\\Mediabox Test Automation\\Reports\\20220609_181011\\03. Parallel Testing (Testing)\\TS -PT PART 3\\11 Tag SAS_Task_Full lifecycle\\20220609_181109\\1654801290058.png]]

2022-06-09 21:01:30 - [TEST_STEP][PASSED] - click(findTestObject("1. Constant/xpath", ["xpath":"//*[@id="source_" + refID1 + ""]/td[15]/a[1]"])): Object: 'Object Repository/1. Constant/xpath' is clicked on

2022-06-09 21:01:33 - [MESSAGE][PASSED] - Object: 'Object Repository/1. Constant/xpath' is clicked on

2022-06-09 21:01:33 - [TEST_STEP][PASSED] - delay(1): Delayed 1 second(s)

2022-06-09 21:01:34 - [MESSAGE][PASSED] - Delayed 1 second(s)

2022-06-09 21:01:34 - [TEST_STEP][PASSED] - I.AWF_approve_view(): Object: 'Object Repository/HL Full Lifecycle/Function_Appbutton2' is clicked on

2022-06-09 21:01:34 - [MESSAGE][PASSED] - Wait for page load successfully

2022-06-09 21:01:44 - [MESSAGE][PASSED] - Delayed 10 second(s)

2022-06-09 21:01:45 - [MESSAGE][PASSED] - Object: 'Object Repository/HL Full Lifecycle/Function_access Viewer2' is hovered

2022-06-09 21:01:48 - [MESSAGE][PASSED] - Delayed 3 second(s)

2022-06-09 21:01:48 - [MESSAGE][PASSED] - Object: 'Object Repository/HL Full Lifecycle/Function_access Viewer2' is clicked on

2022-06-09 21:01:53 - [MESSAGE][PASSED] - Delayed 5 second(s)

2022-06-09 21:01:53 - [MESSAGE][PASSED] - Object: 'Object Repository/HL Full Lifecycle/Function_AppButton' is clicked on

2022-06-09 21:01:58 - [MESSAGE][PASSED] - Delayed 5 second(s)

2022-06-09 21:02:05 - [MESSAGE][PASSED] - Object: 'Object Repository/HL Full Lifecycle/Function_Appbutton2' is clicked on

2022-06-09 21:02:05 - [TEST_STEP][PASSED] - delay(1): Delayed 1 second(s)

2022-06-09 21:02:06 - [MESSAGE][PASSED] - Delayed 1 second(s)

2022-06-09 21:02:06 - [TEST_STEP][PASSED] - takeScreenshot(): Taking screenshot successfully

2022-06-09 21:02:07 - [MESSAGE][PASSED] - Taking screenshot successfully
[[ATTACHMENT|D:\\Projet Test Auto\\Mediabox Test Automation\\Reports\\20220609_181011\\03. Parallel Testing (Testing)\\TS -PT PART 3\\11 Tag SAS_Task_Full lifecycle\\20220609_181109\\1654801326694.png]]

2022-06-09 21:02:07 - [TEST_STEP][PASSED] - click(findTestObject("1. Constant/xpath", ["xpath":"//*[@id="source_" + refID1 + ""]/td[15]/a[1]"])): Object: 'Object Repository/1. Constant/xpath' is clicked on

2022-06-09 21:02:11 - [MESSAGE][PASSED] - Object: 'Object Repository/1. Constant/xpath' is clicked on

2022-06-09 21:02:11 - [TEST_STEP][PASSED] - delay(1): Delayed 1 second(s)

2022-06-09 21:02:12 - [MESSAGE][PASSED] - Delayed 1 second(s)

2022-06-09 21:02:12 - [TEST_STEP][PASSED] - I.AWF_approve_view(): Object: 'Object Repository/HL Full Lifecycle/Function_Appbutton2' is clicked on

2022-06-09 21:02:12 - [MESSAGE][PASSED] - Wait for page load successfully

2022-06-09 21:02:22 - [MESSAGE][PASSED] - Delayed 10 second(s)

2022-06-09 21:02:23 - [MESSAGE][PASSED] - Object: 'Object Repository/HL Full Lifecycle/Function_access Viewer2' is hovered

2022-06-09 21:02:26 - [MESSAGE][PASSED] - Delayed 3 second(s)

2022-06-09 21:02:26 - [MESSAGE][PASSED] - Object: 'Object Repository/HL Full Lifecycle/Function_access Viewer2' is clicked on

2022-06-09 21:02:31 - [MESSAGE][PASSED] - Delayed 5 second(s)

2022-06-09 21:02:31 - [MESSAGE][PASSED] - Object: 'Object Repository/HL Full Lifecycle/Function_AppButton' is clicked on

2022-06-09 21:02:36 - [MESSAGE][PASSED] - Delayed 5 second(s)

2022-06-09 21:02:42 - [MESSAGE][PASSED] - Object: 'Object Repository/HL Full Lifecycle/Function_Appbutton2' is clicked on

2022-06-09 21:02:42 - [TEST_STEP][PASSED] - delay(1): Delayed 1 second(s)

2022-06-09 21:02:43 - [MESSAGE][PASSED] - Delayed 1 second(s)

2022-06-09 21:02:43 - [TEST_STEP][PASSED] - takeScreenshot(): Taking screenshot successfully

2022-06-09 21:02:43 - [MESSAGE][PASSED] - Taking screenshot successfully
[[ATTACHMENT|D:\\Projet Test Auto\\Mediabox Test Automation\\Reports\\20220609_181011\\03. Parallel Testing (Testing)\\TS -PT PART 3\\11 Tag SAS_Task_Full lifecycle\\20220609_181109\\1654801363280.png]]

2022-06-09 21:02:43 - [TEST_STEP][PASSED] - task8_aomoto = I.Get_Task_No("//*[@id="kt_header"]/div/div[2]/div[1]/div[1]"): Text of object 'Object Repository/1. Constant/xpath' is: '3'

2022-06-09 21:02:44 - [MESSAGE][PASSED] - Text of object 'Object Repository/1. Constant/xpath' is: '3'

2022-06-09 21:02:44 - [TEST_STEP][PASSED] - verifyEqual(task8_aomoto + 1, task9_aomoto): Actual object '4' and expected object '4' are equal

2022-06-09 21:02:44 - [MESSAGE][PASSED] - Actual object '4' and expected object '4' are equal

2022-06-09 21:02:44 - [TEST_STEP][PASSED] - I.Logout(): Delayed 3 second(s)

2022-06-09 21:02:47 - [MESSAGE][PASSED] - Delayed 3 second(s)

2022-06-09 21:02:47 - [MESSAGE][PASSED] - Object: 'Object Repository/1. Constant/xpath' is clicked on

2022-06-09 21:02:50 - [MESSAGE][PASSED] - Delayed 3 second(s)

2022-06-09 21:02:51 - [MESSAGE][PASSED] - Object: 'Object Repository/1. Constant/xpath' is clicked on

2022-06-09 21:02:54 - [MESSAGE][PASSED] - Delayed 3 second(s)

2022-06-09 21:02:54 - [TEST_STEP][PASSED] - I.Login_password("daguirre", password_daguirre): Object: 'Object Repository/1. Constant/xpath' is clicked on

2022-06-09 21:02:55 - [MESSAGE][PASSED] - Text 'daguirre' is set on object 'Object Repository/1. Constant/xpath'

2022-06-09 21:02:56 - [MESSAGE][PASSED] - Delayed 1 second(s)

2022-06-09 21:02:56 - [MESSAGE][PASSED] - Text 'dchi' is set on object 'Object Repository/1. Constant/xpath'

2022-06-09 21:02:57 - [MESSAGE][PASSED] - Delayed 1 second(s)

2022-06-09 21:03:00 - [MESSAGE][PASSED] - Object: 'Object Repository/1. Constant/xpath' is clicked on

2022-06-09 21:03:00 - [TEST_STEP][PASSED] - takeScreenshot(): Taking screenshot successfully

2022-06-09 21:03:00 - [MESSAGE][PASSED] - Taking screenshot successfully
[[ATTACHMENT|D:\\Projet Test Auto\\Mediabox Test Automation\\Reports\\20220609_181011\\03. Parallel Testing (Testing)\\TS -PT PART 3\\11 Tag SAS_Task_Full lifecycle\\20220609_181109\\1654801380422.png]]

2022-06-09 21:03:00 - [TEST_STEP][PASSED] - task9_daguirre = I.Get_Task_No("//*[@id="kt_header"]/div/div[2]/div[1]/div[1]"): Text of object 'Object Repository/1. Constant/xpath' is: '1'

2022-06-09 21:03:01 - [MESSAGE][PASSED] - Text of object 'Object Repository/1. Constant/xpath' is: '1'

2022-06-09 21:03:01 - [TEST_STEP][PASSED] - click(findTestObject("1. Constant/xpath", ["xpath":"//*[@id="menu_2"]/a"])): Object: 'Object Repository/1. Constant/xpath' is clicked on

2022-06-09 21:03:04 - [MESSAGE][PASSED] - Object: 'Object Repository/1. Constant/xpath' is clicked on

2022-06-09 21:03:04 - [TEST_STEP][PASSED] - I.SearchProjectNo_xpath(Project_No, "//*[@id="keynum_project"]", "//*[@id="form_filters"]/div[4]/button"): Delayed 5 second(s)

2022-06-09 21:03:05 - [MESSAGE][PASSED] - Delayed 1 second(s)

2022-06-09 21:03:07 - [MESSAGE][PASSED] - Text 'MI003408' is set on object 'Object Repository/1. Constant/xpath'

2022-06-09 21:03:10 - [MESSAGE][PASSED] - Delayed 3 second(s)

2022-06-09 21:03:11 - [MESSAGE][PASSED] - Scroll to object 'Object Repository/1. Constant/xpath' successfully

2022-06-09 21:03:17 - [MESSAGE][PASSED] - Object: 'Object Repository/1. Constant/xpath' is clicked on

2022-06-09 21:03:22 - [MESSAGE][PASSED] - Delayed 5 second(s)

2022-06-09 21:03:22 - [TEST_STEP][PASSED] - delay(1): Delayed 1 second(s)

2022-06-09 21:03:23 - [MESSAGE][PASSED] - Delayed 1 second(s)

2022-06-09 21:03:23 - [TEST_STEP][PASSED] - takeScreenshot(): Taking screenshot successfully

2022-06-09 21:03:25 - [MESSAGE][PASSED] - Taking screenshot successfully
[[ATTACHMENT|D:\\Projet Test Auto\\Mediabox Test Automation\\Reports\\20220609_181011\\03. Parallel Testing (Testing)\\TS -PT PART 3\\11 Tag SAS_Task_Full lifecycle\\20220609_181109\\1654801404503.png]]

2022-06-09 21:03:25 - [TEST_STEP][PASSED] - click(findTestObject("1. Constant/xpath", ["xpath":"//*[@id="source_" + refID1 + ""]/td[15]/a[1]"])): Object: 'Object Repository/1. Constant/xpath' is clicked on

2022-06-09 21:03:29 - [MESSAGE][PASSED] - Object: 'Object Repository/1. Constant/xpath' is clicked on

2022-06-09 21:03:29 - [TEST_STEP][PASSED] - delay(1): Delayed 1 second(s)

2022-06-09 21:03:30 - [MESSAGE][PASSED] - Delayed 1 second(s)

2022-06-09 21:03:30 - [TEST_STEP][PASSED] - I.AWF_approve_view(): Object: 'Object Repository/HL Full Lifecycle/Function_Appbutton2' is clicked on

2022-06-09 21:03:32 - [MESSAGE][PASSED] - Wait for page load successfully

2022-06-09 21:03:42 - [MESSAGE][PASSED] - Delayed 10 second(s)

2022-06-09 21:03:44 - [MESSAGE][PASSED] - Object: 'Object Repository/HL Full Lifecycle/Function_access Viewer2' is hovered

2022-06-09 21:03:47 - [MESSAGE][PASSED] - Delayed 3 second(s)

2022-06-09 21:03:49 - [MESSAGE][PASSED] - Object: 'Object Repository/HL Full Lifecycle/Function_access Viewer2' is clicked on

2022-06-09 21:03:54 - [MESSAGE][PASSED] - Delayed 5 second(s)

2022-06-09 21:03:57 - [MESSAGE][PASSED] - Object: 'Object Repository/HL Full Lifecycle/Function_AppButton' is clicked on

2022-06-09 21:04:02 - [MESSAGE][PASSED] - Delayed 5 second(s)

2022-06-09 21:04:12 - [MESSAGE][PASSED] - Object: 'Object Repository/HL Full Lifecycle/Function_Appbutton2' is clicked on

2022-06-09 21:04:12 - [TEST_STEP][PASSED] - delay(1): Delayed 1 second(s)

2022-06-09 21:04:13 - [MESSAGE][PASSED] - Delayed 1 second(s)

2022-06-09 21:04:13 - [TEST_STEP][PASSED] - takeScreenshot(): Taking screenshot successfully

2022-06-09 21:04:15 - [MESSAGE][PASSED] - Taking screenshot successfully
[[ATTACHMENT|D:\\Projet Test Auto\\Mediabox Test Automation\\Reports\\20220609_181011\\03. Parallel Testing (Testing)\\TS -PT PART 3\\11 Tag SAS_Task_Full lifecycle\\20220609_181109\\1654801454055.png]]

2022-06-09 21:04:15 - [TEST_STEP][PASSED] - task8_daguirre = I.Get_Task_No("//*[@id="kt_header"]/div/div[2]/div[1]/div[1]"): Text of object 'Object Repository/1. Constant/xpath' is: ''

2022-06-09 21:04:16 - [MESSAGE][PASSED] - Text of object 'Object Repository/1. Constant/xpath' is: ''

2022-06-09 21:04:16 - [TEST_STEP][PASSED] - verifyEqual(task8_daguirre + 1, task9_daguirre): Actual object '1' and expected object '1' are equal

2022-06-09 21:04:16 - [MESSAGE][PASSED] - Actual object '1' and expected object '1' are equal

2022-06-09 21:04:16 - [TEST_STEP][PASSED] - I.Logout(): Delayed 3 second(s)

2022-06-09 21:04:19 - [MESSAGE][PASSED] - Delayed 3 second(s)

2022-06-09 21:04:22 - [MESSAGE][PASSED] - Object: 'Object Repository/1. Constant/xpath' is clicked on

2022-06-09 21:04:25 - [MESSAGE][PASSED] - Delayed 3 second(s)

2022-06-09 21:04:31 - [MESSAGE][PASSED] - Object: 'Object Repository/1. Constant/xpath' is clicked on

2022-06-09 21:04:34 - [MESSAGE][PASSED] - Delayed 3 second(s)

2022-06-09 21:04:34 - [TEST_STEP][PASSED] - I.Login_password("apetit", password_apetit): Object: 'Object Repository/1. Constant/xpath' is clicked on

2022-06-09 21:04:37 - [MESSAGE][PASSED] - Text 'apetit' is set on object 'Object Repository/1. Constant/xpath'

2022-06-09 21:04:38 - [MESSAGE][PASSED] - Delayed 1 second(s)

2022-06-09 21:04:43 - [MESSAGE][PASSED] - Text 'dchi' is set on object 'Object Repository/1. Constant/xpath'

2022-06-09 21:04:44 - [MESSAGE][PASSED] - Delayed 1 second(s)

2022-06-09 21:04:52 - [MESSAGE][PASSED] - Object: 'Object Repository/1. Constant/xpath' is clicked on

2022-06-09 21:04:52 - [TEST_STEP][PASSED] - takeScreenshot(): Taking screenshot successfully

2022-06-09 21:04:53 - [MESSAGE][PASSED] - Taking screenshot successfully
[[ATTACHMENT|D:\\Projet Test Auto\\Mediabox Test Automation\\Reports\\20220609_181011\\03. Parallel Testing (Testing)\\TS -PT PART 3\\11 Tag SAS_Task_Full lifecycle\\20220609_181109\\1654801492638.png]]

2022-06-09 21:04:53 - [TEST_STEP][PASSED] - task6_apetit = I.Get_Task_No("//*[@id="kt_header"]/div/div[2]/div[1]/div[1]"): Text of object 'Object Repository/1. Constant/xpath' is: '3'

2022-06-09 21:04:54 - [MESSAGE][PASSED] - Text of object 'Object Repository/1. Constant/xpath' is: '3'

2022-06-09 21:04:54 - [TEST_STEP][PASSED] - click(findTestObject("1. Constant/xpath", ["xpath":"//*[@id="menu_2"]/a"])): Object: 'Object Repository/1. Constant/xpath' is clicked on

2022-06-09 21:05:02 - [MESSAGE][PASSED] - Object: 'Object Repository/1. Constant/xpath' is clicked on

2022-06-09 21:05:02 - [TEST_STEP][PASSED] - I.SearchProjectNo_xpath(Project_No, "//*[@id="keynum_project"]", "//*[@id="form_filters"]/div[8]/button"): Delayed 5 second(s)

2022-06-09 21:05:03 - [MESSAGE][PASSED] - Delayed 1 second(s)

2022-06-09 21:05:07 - [MESSAGE][PASSED] - Text 'MI003408' is set on object 'Object Repository/1. Constant/xpath'

2022-06-09 21:05:10 - [MESSAGE][PASSED] - Delayed 3 second(s)

2022-06-09 21:05:11 - [MESSAGE][PASSED] - Scroll to object 'Object Repository/1. Constant/xpath' successfully

2022-06-09 21:05:20 - [MESSAGE][PASSED] - Object: 'Object Repository/1. Constant/xpath' is clicked on

2022-06-09 21:05:25 - [MESSAGE][PASSED] - Delayed 5 second(s)

2022-06-09 21:05:25 - [TEST_STEP][PASSED] - delay(1): Delayed 1 second(s)

2022-06-09 21:05:26 - [MESSAGE][PASSED] - Delayed 1 second(s)

2022-06-09 21:05:26 - [TEST_STEP][PASSED] - takeScreenshot(): Taking screenshot successfully

2022-06-09 21:05:27 - [MESSAGE][PASSED] - Taking screenshot successfully
[[ATTACHMENT|D:\\Projet Test Auto\\Mediabox Test Automation\\Reports\\20220609_181011\\03. Parallel Testing (Testing)\\TS -PT PART 3\\11 Tag SAS_Task_Full lifecycle\\20220609_181109\\1654801526934.png]]

2022-06-09 21:05:27 - [TEST_STEP][PASSED] - delay(1): Delayed 1 second(s)

2022-06-09 21:05:28 - [MESSAGE][PASSED] - Delayed 1 second(s)

2022-06-09 21:05:28 - [TEST_STEP][PASSED] - click(findTestObject("1. Constant/xpath", ["xpath":"//*[@id="source_" + refID1 + ""]/td[15]/a[1]"])): Object: 'Object Repository/1. Constant/xpath' is clicked on

2022-06-09 21:05:33 - [MESSAGE][PASSED] - Object: 'Object Repository/1. Constant/xpath' is clicked on

2022-06-09 21:05:33 - [TEST_STEP][PASSED] - delay(1): Delayed 1 second(s)

2022-06-09 21:05:34 - [MESSAGE][PASSED] - Delayed 1 second(s)

2022-06-09 21:05:34 - [TEST_STEP][PASSED] - I.AWF_approve_view(): Object: 'Object Repository/HL Full Lifecycle/Function_Appbutton2' is clicked on

2022-06-09 21:05:34 - [MESSAGE][PASSED] - Wait for page load successfully

2022-06-09 21:05:44 - [MESSAGE][PASSED] - Delayed 10 second(s)

2022-06-09 21:05:44 - [MESSAGE][PASSED] - Object: 'Object Repository/HL Full Lifecycle/Function_access Viewer2' is hovered

2022-06-09 21:05:47 - [MESSAGE][PASSED] - Delayed 3 second(s)

2022-06-09 21:05:50 - [MESSAGE][PASSED] - Object: 'Object Repository/HL Full Lifecycle/Function_access Viewer2' is clicked on

2022-06-09 21:05:55 - [MESSAGE][PASSED] - Delayed 5 second(s)

2022-06-09 21:05:56 - [MESSAGE][PASSED] - Object: 'Object Repository/HL Full Lifecycle/Function_AppButton' is clicked on

2022-06-09 21:06:01 - [MESSAGE][PASSED] - Delayed 5 second(s)

2022-06-09 21:06:09 - [MESSAGE][PASSED] - Object: 'Object Repository/HL Full Lifecycle/Function_Appbutton2' is clicked on

2022-06-09 21:06:09 - [TEST_STEP][PASSED] - delay(1): Delayed 1 second(s)

2022-06-09 21:06:10 - [MESSAGE][PASSED] - Delayed 1 second(s)

2022-06-09 21:06:10 - [TEST_STEP][PASSED] - takeScreenshot(): Taking screenshot successfully

2022-06-09 21:06:11 - [MESSAGE][PASSED] - Taking screenshot successfully
[[ATTACHMENT|D:\\Projet Test Auto\\Mediabox Test Automation\\Reports\\20220609_181011\\03. Parallel Testing (Testing)\\TS -PT PART 3\\11 Tag SAS_Task_Full lifecycle\\20220609_181109\\1654801570790.png]]

2022-06-09 21:06:11 - [TEST_STEP][PASSED] - task5_apetit = I.Get_Task_No("//*[@id="kt_header"]/div/div[2]/div[1]/div[1]"): Text of object 'Object Repository/1. Constant/xpath' is: '2'

2022-06-09 21:06:11 - [MESSAGE][PASSED] - Text of object 'Object Repository/1. Constant/xpath' is: '2'

2022-06-09 21:06:11 - [TEST_STEP][PASSED] - verifyEqual(task5_apetit + 1, task6_apetit): Actual object '3' and expected object '3' are equal

2022-06-09 21:06:11 - [MESSAGE][PASSED] - Actual object '3' and expected object '3' are equal

2022-06-09 21:06:11 - [TEST_STEP][PASSED] - I.VerifyMatchText("//*[@id="source_" + refID1 + ""]/td[14]/span", "Complete"): Actual text 'Complete' and expected text 'Complete' are matched 

2022-06-09 21:06:11 - [MESSAGE][PASSED] - Text of object 'Object Repository/1. Constant/xpath' is: 'Complete'

2022-06-09 21:06:12 - [MESSAGE][PASSED] - Delayed 1 second(s)

2022-06-09 21:06:12 - [MESSAGE][PASSED] - Actual text 'Complete' and expected text 'Complete' are matched 

2022-06-09 21:06:12 - [TEST_STEP][PASSED] - closeBrowser(): Browser is closed

2022-06-09 21:06:14 - [MESSAGE][PASSED] - Browser is closed

2022-06-09 21:06:14 - [TEST_STEP][PASSED] - Start listener action : sampleAfterTestCase: null]]></system-out>
         <system-err><![CDATA[]]></system-err>
      </testcase>
      <testcase name="Test Cases/16 Support action (Completed ref)/16.07 Tag SAS D - Repro Prod to AW Prod S4 Existing Project" time="79.746" classname="Test Cases/16 Support action (Completed ref)/16.07 Tag SAS D - Repro Prod to AW Prod S4 Existing Project" status="PASSED">
         <system-out><![CDATA[2022-06-09 21:06:14 - [TEST_CASE][PASSED] - Test Cases/16 Support action (Completed ref)/16.07 Tag SAS D - Repro Prod to AW Prod S4 Existing Project: Test Cases/16 Support action (Completed ref)/16.07 Tag SAS D - Repro Prod to AW Prod S4 Existing Project

2022-06-09 21:06:15 - [TEST_STEP][PASSED] - data_Tag = findTestData("Data Files/Username_Password/Tag"): null

2022-06-09 21:06:15 - [TEST_STEP][PASSED] - password_jedun = data_Tag.getValue(3, 1): null

2022-06-09 21:06:15 - [TEST_STEP][PASSED] - password_rrowland = data_Tag.getValue(3, 2): null

2022-06-09 21:06:15 - [TEST_STEP][PASSED] - password_stest = data_Tag.getValue(3, 3): null

2022-06-09 21:06:15 - [TEST_STEP][PASSED] - password_itroin = data_Tag.getValue(3, 4): null

2022-06-09 21:06:15 - [TEST_STEP][PASSED] - password_igedik = data_Tag.getValue(3, 5): null

2022-06-09 21:06:15 - [TEST_STEP][PASSED] - password_mderdour = data_Tag.getValue(3, 6): null

2022-06-09 21:06:15 - [TEST_STEP][PASSED] - password_achatin = data_Tag.getValue(3, 7): null

2022-06-09 21:06:15 - [TEST_STEP][PASSED] - password_tliu = data_Tag.getValue(3, 8): null

2022-06-09 21:06:15 - [TEST_STEP][PASSED] - password_ccaramella = data_Tag.getValue(3, 9): null

2022-06-09 21:06:15 - [TEST_STEP][PASSED] - password_achay = data_Tag.getValue(3, 10): null

2022-06-09 21:06:15 - [TEST_STEP][PASSED] - password_cbono = data_Tag.getValue(3, 11): null

2022-06-09 21:06:15 - [TEST_STEP][PASSED] - password_pmareri = data_Tag.getValue(3, 12): null

2022-06-09 21:06:15 - [TEST_STEP][PASSED] - password_qeuzen = data_Tag.getValue(3, 13): null

2022-06-09 21:06:15 - [TEST_STEP][PASSED] - password_alanglois = data_Tag.getValue(3, 14): null

2022-06-09 21:06:15 - [TEST_STEP][PASSED] - password_bzavaglia = data_Tag.getValue(3, 15): null

2022-06-09 21:06:15 - [TEST_STEP][PASSED] - password_asamyn = data_Tag.getValue(3, 16): null

2022-06-09 21:06:15 - [TEST_STEP][PASSED] - password_mraoul = data_Tag.getValue(3, 17): null

2022-06-09 21:06:15 - [TEST_STEP][PASSED] - password_idiaz = data_Tag.getValue(3, 18): null

2022-06-09 21:06:15 - [TEST_STEP][PASSED] - data_urlRELAUTO = findTestData("Data Files/URL/URL_relauto"): null

2022-06-09 21:06:15 - [TEST_STEP][PASSED] - Url_Tag = data_urlRELAUTO.getValue(2, 3): null

2022-06-09 21:06:15 - [TEST_STEP][PASSED] - Project_No = "MI003396": null

2022-06-09 21:06:15 - [TEST_STEP][PASSED] - refID = "24386": null

2022-06-09 21:06:15 - [TEST_STEP][PASSED] - openBrowser(Url_Tag): Browser is opened with url: 'http://mdb-release.diadeis.lan/MediaboxIndependence/?MBI_datasource=RELTESTAUTO_TAG'

2022-06-09 21:06:15 - [MESSAGE][INFO] - Starting 'Chrome (headless)' driver

2022-06-09 21:06:15 - [MESSAGE][INFO] - User set preference: ['args', '[--window-size=1920,1080, --headless]']

2022-06-09 21:06:15 - [MESSAGE][INFO] - Action delay is set to 0 milliseconds

2022-06-09 21:06:23 - [MESSAGE][PASSED] - Browser is opened with url: 'http://mdb-release.diadeis.lan/MediaboxIndependence/?MBI_datasource=RELTESTAUTO_TAG'

2022-06-09 21:06:23 - [TEST_STEP][PASSED] - maximizeWindow(): Current window maximized

2022-06-09 21:06:23 - [MESSAGE][PASSED] - Current window maximized

2022-06-09 21:06:23 - [TEST_STEP][PASSED] - waitForPageLoad(30): Wait for page load successfully

2022-06-09 21:06:23 - [MESSAGE][PASSED] - Wait for page load successfully

2022-06-09 21:06:23 - [TEST_STEP][PASSED] - takeScreenshot(): Taking screenshot successfully

2022-06-09 21:06:24 - [MESSAGE][PASSED] - Taking screenshot successfully
[[ATTACHMENT|D:\\Projet Test Auto\\Mediabox Test Automation\\Reports\\20220609_181011\\03. Parallel Testing (Testing)\\TS -PT PART 3\\11 Tag SAS_Task_Full lifecycle\\20220609_181109\\1654801584064.png]]

2022-06-09 21:06:24 - [TEST_STEP][PASSED] - I.Login_password("jedun", password_jedun): Object: 'Object Repository/1. Constant/xpath' is clicked on

2022-06-09 21:06:24 - [MESSAGE][PASSED] - Text 'jedun' is set on object 'Object Repository/1. Constant/xpath'

2022-06-09 21:06:25 - [MESSAGE][PASSED] - Delayed 1 second(s)

2022-06-09 21:06:27 - [MESSAGE][PASSED] - Text 'dchi' is set on object 'Object Repository/1. Constant/xpath'

2022-06-09 21:06:28 - [MESSAGE][PASSED] - Delayed 1 second(s)

2022-06-09 21:06:37 - [MESSAGE][PASSED] - Object: 'Object Repository/1. Constant/xpath' is clicked on

2022-06-09 21:06:37 - [TEST_STEP][PASSED] - takeScreenshot(): Taking screenshot successfully

2022-06-09 21:06:38 - [MESSAGE][PASSED] - Taking screenshot successfully
[[ATTACHMENT|D:\\Projet Test Auto\\Mediabox Test Automation\\Reports\\20220609_181011\\03. Parallel Testing (Testing)\\TS -PT PART 3\\11 Tag SAS_Task_Full lifecycle\\20220609_181109\\1654801597853.png]]

2022-06-09 21:06:38 - [TEST_STEP][PASSED] - click(findTestObject("1. Constant/02_LHSMenu_Projects")): Object: 'Object Repository/1. Constant/02_LHSMenu_Projects' is clicked on

2022-06-09 21:06:44 - [MESSAGE][PASSED] - Object: 'Object Repository/1. Constant/02_LHSMenu_Projects' is clicked on

2022-06-09 21:06:44 - [TEST_STEP][PASSED] - I.SearchProjectNo(Project_No, findTestObject("1. Constant/xpath", ["xpath":"//*[@id="form_filters"]/div[7]/button"])): Delayed 5 second(s)

2022-06-09 21:06:44 - [MESSAGE][PASSED] - Text 'MI003396' is set on object 'Object Repository/1. Constant/xpath'

2022-06-09 21:06:47 - [MESSAGE][PASSED] - Delayed 3 second(s)

2022-06-09 21:06:53 - [MESSAGE][PASSED] - Object: 'Object Repository/1. Constant/xpath' is clicked on

2022-06-09 21:06:58 - [MESSAGE][PASSED] - Delayed 5 second(s)

2022-06-09 21:06:58 - [TEST_STEP][PASSED] - delay(1): Delayed 1 second(s)

2022-06-09 21:06:59 - [MESSAGE][PASSED] - Delayed 1 second(s)

2022-06-09 21:06:59 - [TEST_STEP][PASSED] - takeScreenshot(): Taking screenshot successfully

2022-06-09 21:06:59 - [MESSAGE][PASSED] - Taking screenshot successfully
[[ATTACHMENT|D:\\Projet Test Auto\\Mediabox Test Automation\\Reports\\20220609_181011\\03. Parallel Testing (Testing)\\TS -PT PART 3\\11 Tag SAS_Task_Full lifecycle\\20220609_181109\\1654801619676.png]]

2022-06-09 21:06:59 - [TEST_STEP][PASSED] - click(findTestObject("1. Constant/xpath", ["xpath":"//*[@id="source_24386"]/td[8]/a"])): Object: 'Object Repository/1. Constant/xpath' is clicked on

2022-06-09 21:07:03 - [MESSAGE][PASSED] - Object: 'Object Repository/1. Constant/xpath' is clicked on

2022-06-09 21:07:03 - [TEST_STEP][PASSED] - delay(1): Delayed 1 second(s)

2022-06-09 21:07:04 - [MESSAGE][PASSED] - Delayed 1 second(s)

2022-06-09 21:07:04 - [TEST_STEP][PASSED] - click(findTestObject("1. Constant/xpath", ["xpath":"//*[@id="kt_content"]/div[3]/div/ul/li[3]/a"])): Object: 'Object Repository/1. Constant/xpath' is clicked on

2022-06-09 21:07:07 - [MESSAGE][PASSED] - Object: 'Object Repository/1. Constant/xpath' is clicked on

2022-06-09 21:07:07 - [TEST_STEP][PASSED] - delay(1): Delayed 1 second(s)

2022-06-09 21:07:08 - [MESSAGE][PASSED] - Delayed 1 second(s)

2022-06-09 21:07:08 - [TEST_STEP][PASSED] - takeScreenshot(): Taking screenshot successfully

2022-06-09 21:07:08 - [MESSAGE][PASSED] - Taking screenshot successfully
[[ATTACHMENT|D:\\Projet Test Auto\\Mediabox Test Automation\\Reports\\20220609_181011\\03. Parallel Testing (Testing)\\TS -PT PART 3\\11 Tag SAS_Task_Full lifecycle\\20220609_181109\\1654801628106.png]]

2022-06-09 21:07:08 - [TEST_STEP][PASSED] - click(findTestObject("1. Constant/xpath", ["xpath":"/html/body/div[1]/div[2]/div[8]/div[3]/div/div[3]/div[3]/div/ul/li[2]/a"])): Object: 'Object Repository/1. Constant/xpath' is clicked on

2022-06-09 21:07:08 - [MESSAGE][PASSED] - Object: 'Object Repository/1. Constant/xpath' is clicked on

2022-06-09 21:07:08 - [TEST_STEP][PASSED] - delay(1): Delayed 1 second(s)

2022-06-09 21:07:09 - [MESSAGE][PASSED] - Delayed 1 second(s)

2022-06-09 21:07:09 - [TEST_STEP][PASSED] - click(findTestObject("1. Constant/xpath", ["xpath":"/html/body/div[1]/div[2]/div[8]/div[3]/div/div[3]/div[3]/div/div/div[2]/div/div[2]/div/div[1]/div[2]/div/button"])): Object: 'Object Repository/1. Constant/xpath' is clicked on

2022-06-09 21:07:09 - [MESSAGE][PASSED] - Object: 'Object Repository/1. Constant/xpath' is clicked on

2022-06-09 21:07:09 - [TEST_STEP][PASSED] - delay(1): Delayed 1 second(s)

2022-06-09 21:07:10 - [MESSAGE][PASSED] - Delayed 1 second(s)

2022-06-09 21:07:10 - [TEST_STEP][PASSED] - x = 10: null

2022-06-09 21:07:10 - [TEST_STEP][PASSED] - i = 1: null

2022-06-09 21:07:10 - [TEST_STEP][PASSED] - while (i <= x): null

2022-06-09 21:07:10 - [TEST_STEP][PASSED] - Expected_SAS_Selected = "Go back to Artwork production": null

2022-06-09 21:07:10 - [TEST_STEP][PASSED] - xpath_SAS = "/html/body/div[1]/div[2]/div[8]/div[3]/div/div[3]/div[3]/div/div/div[2]/div/div[2]/div/div[1]/div[2]/div/div/a[" + i + "]": null

2022-06-09 21:07:10 - [TEST_STEP][PASSED] - Actual_SAS = getText(findTestObject("1. Constant/xpath", ["xpath":xpath_SAS])): Text of object 'Object Repository/1. Constant/xpath' is: 'Go back to Repro production'

2022-06-09 21:07:11 - [MESSAGE][PASSED] - Text of object 'Object Repository/1. Constant/xpath' is: 'Go back to Repro production'

2022-06-09 21:07:11 - [TEST_STEP][PASSED] - I.print(i): null

2022-06-09 21:07:11 - [TEST_STEP][PASSED] - if (Actual_SAS.contains(Expected_SAS_Selected)): null

2022-06-09 21:07:11 - [TEST_STEP][PASSED] - i = i + 1: null

2022-06-09 21:07:11 - [TEST_STEP][PASSED] - Expected_SAS_Selected = "Go back to Artwork production": null

2022-06-09 21:07:11 - [TEST_STEP][PASSED] - xpath_SAS = "/html/body/div[1]/div[2]/div[8]/div[3]/div/div[3]/div[3]/div/div/div[2]/div/div[2]/div/div[1]/div[2]/div/div/a[" + i + "]": null

2022-06-09 21:07:11 - [TEST_STEP][PASSED] - Actual_SAS = getText(findTestObject("1. Constant/xpath", ["xpath":xpath_SAS])): Text of object 'Object Repository/1. Constant/xpath' is: 'Go back to Artwork production'

2022-06-09 21:07:12 - [MESSAGE][PASSED] - Text of object 'Object Repository/1. Constant/xpath' is: 'Go back to Artwork production'

2022-06-09 21:07:12 - [TEST_STEP][PASSED] - I.print(i): null

2022-06-09 21:07:12 - [TEST_STEP][PASSED] - if (Actual_SAS.contains(Expected_SAS_Selected)): null

2022-06-09 21:07:12 - [TEST_STEP][PASSED] - I.click_button_javascript(findTestObject("1. Constant/xpath", ["xpath":xpath_SAS])): Execute JavaScript 'arguments[0].click()' successfully

2022-06-09 21:07:13 - [MESSAGE][PASSED] - Execute JavaScript 'arguments[0].click()' successfully

2022-06-09 21:07:13 - [TEST_STEP][PASSED] - break: null

2022-06-09 21:07:13 - [TEST_STEP][PASSED] - takeScreenshot(): Taking screenshot successfully

2022-06-09 21:07:13 - [MESSAGE][PASSED] - Taking screenshot successfully
[[ATTACHMENT|D:\\Projet Test Auto\\Mediabox Test Automation\\Reports\\20220609_181011\\03. Parallel Testing (Testing)\\TS -PT PART 3\\11 Tag SAS_Task_Full lifecycle\\20220609_181109\\1654801633131.png]]

2022-06-09 21:07:13 - [TEST_STEP][PASSED] - delay(1): Delayed 1 second(s)

2022-06-09 21:07:14 - [MESSAGE][PASSED] - Delayed 1 second(s)

2022-06-09 21:07:14 - [TEST_STEP][PASSED] - click(findTestObject("1. Constant/xpath", ["xpath":"//*[@id="modal_support_action_shortcut"]/div/div/div[3]/button[2]"])): Object: 'Object Repository/1. Constant/xpath' is clicked on

2022-06-09 21:07:25 - [MESSAGE][PASSED] - Object: 'Object Repository/1. Constant/xpath' is clicked on

2022-06-09 21:07:25 - [TEST_STEP][PASSED] - delay(1): Delayed 1 second(s)

2022-06-09 21:07:26 - [MESSAGE][PASSED] - Delayed 1 second(s)

2022-06-09 21:07:26 - [TEST_STEP][PASSED] - click(findTestObject("1. Constant/xpath", ["xpath":"//*[@id="kt_subheader"]/div/nav/ol/li[2]/a"])): Object: 'Object Repository/1. Constant/xpath' is clicked on

2022-06-09 21:07:31 - [MESSAGE][PASSED] - Object: 'Object Repository/1. Constant/xpath' is clicked on

2022-06-09 21:07:31 - [TEST_STEP][PASSED] - delay(1): Delayed 1 second(s)

2022-06-09 21:07:32 - [MESSAGE][PASSED] - Delayed 1 second(s)

2022-06-09 21:07:32 - [TEST_STEP][PASSED] - takeScreenshot(): Taking screenshot successfully

2022-06-09 21:07:33 - [MESSAGE][PASSED] - Taking screenshot successfully
[[ATTACHMENT|D:\\Projet Test Auto\\Mediabox Test Automation\\Reports\\20220609_181011\\03. Parallel Testing (Testing)\\TS -PT PART 3\\11 Tag SAS_Task_Full lifecycle\\20220609_181109\\1654801653010.png]]

2022-06-09 21:07:33 - [TEST_STEP][PASSED] - status1 = getText(findTestObject("1. Constant/xpath", ["xpath":"//*[@id="source_24386"]/td[13]/span[1]"])): Text of object 'Object Repository/1. Constant/xpath' is: 'Agency: Artwork production'

2022-06-09 21:07:33 - [MESSAGE][PASSED] - Text of object 'Object Repository/1. Constant/xpath' is: 'Agency: Artwork production'

2022-06-09 21:07:33 - [TEST_STEP][PASSED] - verifyMatch(status1, "Agency: Artwork production", false): Actual text 'Agency: Artwork production' and expected text 'Agency: Artwork production' are matched 

2022-06-09 21:07:33 - [MESSAGE][PASSED] - Actual text 'Agency: Artwork production' and expected text 'Agency: Artwork production' are matched 

2022-06-09 21:07:33 - [TEST_STEP][PASSED] - closeBrowser(): Browser is closed

2022-06-09 21:07:34 - [MESSAGE][PASSED] - Browser is closed

2022-06-09 21:07:34 - [TEST_STEP][PASSED] - Start listener action : sampleAfterTestCase: null]]></system-out>
         <system-err><![CDATA[]]></system-err>
      </testcase>
      <testcase name="Test Cases/16 Support action (Completed ref)/16.06 Tag SAS B CompletedRTP Release to Repro Prod S3" time="83.845" classname="Test Cases/16 Support action (Completed ref)/16.06 Tag SAS B CompletedRTP Release to Repro Prod S3" status="PASSED">
         <system-out><![CDATA[2022-06-09 21:07:34 - [TEST_CASE][PASSED] - Test Cases/16 Support action (Completed ref)/16.06 Tag SAS B CompletedRTP Release to Repro Prod S3: Test Cases/16 Support action (Completed ref)/16.06 Tag SAS B CompletedRTP Release to Repro Prod S3

2022-06-09 21:07:34 - [TEST_STEP][PASSED] - data_Tag = findTestData("Data Files/Username_Password/Tag"): null

2022-06-09 21:07:35 - [TEST_STEP][PASSED] - password_jedun = data_Tag.getValue(3, 1): null

2022-06-09 21:07:35 - [TEST_STEP][PASSED] - password_rrowland = data_Tag.getValue(3, 2): null

2022-06-09 21:07:35 - [TEST_STEP][PASSED] - password_stest = data_Tag.getValue(3, 3): null

2022-06-09 21:07:35 - [TEST_STEP][PASSED] - password_itroin = data_Tag.getValue(3, 4): null

2022-06-09 21:07:35 - [TEST_STEP][PASSED] - password_igedik = data_Tag.getValue(3, 5): null

2022-06-09 21:07:35 - [TEST_STEP][PASSED] - password_mderdour = data_Tag.getValue(3, 6): null

2022-06-09 21:07:35 - [TEST_STEP][PASSED] - password_achatin = data_Tag.getValue(3, 7): null

2022-06-09 21:07:35 - [TEST_STEP][PASSED] - password_tliu = data_Tag.getValue(3, 8): null

2022-06-09 21:07:35 - [TEST_STEP][PASSED] - password_ccaramella = data_Tag.getValue(3, 9): null

2022-06-09 21:07:35 - [TEST_STEP][PASSED] - password_achay = data_Tag.getValue(3, 10): null

2022-06-09 21:07:35 - [TEST_STEP][PASSED] - password_cbono = data_Tag.getValue(3, 11): null

2022-06-09 21:07:35 - [TEST_STEP][PASSED] - password_pmareri = data_Tag.getValue(3, 12): null

2022-06-09 21:07:35 - [TEST_STEP][PASSED] - password_qeuzen = data_Tag.getValue(3, 13): null

2022-06-09 21:07:35 - [TEST_STEP][PASSED] - password_alanglois = data_Tag.getValue(3, 14): null

2022-06-09 21:07:35 - [TEST_STEP][PASSED] - password_bzavaglia = data_Tag.getValue(3, 15): null

2022-06-09 21:07:35 - [TEST_STEP][PASSED] - password_asamyn = data_Tag.getValue(3, 16): null

2022-06-09 21:07:35 - [TEST_STEP][PASSED] - password_mraoul = data_Tag.getValue(3, 17): null

2022-06-09 21:07:35 - [TEST_STEP][PASSED] - password_idiaz = data_Tag.getValue(3, 18): null

2022-06-09 21:07:35 - [TEST_STEP][PASSED] - data_urlRELAUTO = findTestData("Data Files/URL/URL_relauto"): null

2022-06-09 21:07:35 - [TEST_STEP][PASSED] - Url_Tag = data_urlRELAUTO.getValue(2, 3): null

2022-06-09 21:07:35 - [TEST_STEP][PASSED] - Project_No = "MI003396": null

2022-06-09 21:07:35 - [TEST_STEP][PASSED] - refID = "24384": null

2022-06-09 21:07:35 - [TEST_STEP][PASSED] - openBrowser(Url_Tag): Browser is opened with url: 'http://mdb-release.diadeis.lan/MediaboxIndependence/?MBI_datasource=RELTESTAUTO_TAG'

2022-06-09 21:07:35 - [MESSAGE][INFO] - Starting 'Chrome (headless)' driver

2022-06-09 21:07:35 - [MESSAGE][INFO] - User set preference: ['args', '[--window-size=1920,1080, --headless]']

2022-06-09 21:07:35 - [MESSAGE][INFO] - Action delay is set to 0 milliseconds

2022-06-09 21:07:43 - [MESSAGE][PASSED] - Browser is opened with url: 'http://mdb-release.diadeis.lan/MediaboxIndependence/?MBI_datasource=RELTESTAUTO_TAG'

2022-06-09 21:07:43 - [TEST_STEP][PASSED] - maximizeWindow(): Current window maximized

2022-06-09 21:07:44 - [MESSAGE][PASSED] - Current window maximized

2022-06-09 21:07:44 - [TEST_STEP][PASSED] - waitForPageLoad(30): Wait for page load successfully

2022-06-09 21:07:44 - [MESSAGE][PASSED] - Wait for page load successfully

2022-06-09 21:07:44 - [TEST_STEP][PASSED] - takeScreenshot(): Taking screenshot successfully

2022-06-09 21:07:44 - [MESSAGE][PASSED] - Taking screenshot successfully
[[ATTACHMENT|D:\\Projet Test Auto\\Mediabox Test Automation\\Reports\\20220609_181011\\03. Parallel Testing (Testing)\\TS -PT PART 3\\11 Tag SAS_Task_Full lifecycle\\20220609_181109\\1654801664331.png]]

2022-06-09 21:07:44 - [TEST_STEP][PASSED] - I.Login_password("jedun", password_jedun): Object: 'Object Repository/1. Constant/xpath' is clicked on

2022-06-09 21:07:45 - [MESSAGE][PASSED] - Text 'jedun' is set on object 'Object Repository/1. Constant/xpath'

2022-06-09 21:07:46 - [MESSAGE][PASSED] - Delayed 1 second(s)

2022-06-09 21:07:48 - [MESSAGE][PASSED] - Text 'dchi' is set on object 'Object Repository/1. Constant/xpath'

2022-06-09 21:07:49 - [MESSAGE][PASSED] - Delayed 1 second(s)

2022-06-09 21:07:55 - [MESSAGE][PASSED] - Object: 'Object Repository/1. Constant/xpath' is clicked on

2022-06-09 21:07:55 - [TEST_STEP][PASSED] - takeScreenshot(): Taking screenshot successfully

2022-06-09 21:07:56 - [MESSAGE][PASSED] - Taking screenshot successfully
[[ATTACHMENT|D:\\Projet Test Auto\\Mediabox Test Automation\\Reports\\20220609_181011\\03. Parallel Testing (Testing)\\TS -PT PART 3\\11 Tag SAS_Task_Full lifecycle\\20220609_181109\\1654801675995.png]]

2022-06-09 21:07:56 - [TEST_STEP][PASSED] - click(findTestObject("1. Constant/02_LHSMenu_Projects")): Object: 'Object Repository/1. Constant/02_LHSMenu_Projects' is clicked on

2022-06-09 21:08:03 - [MESSAGE][PASSED] - Object: 'Object Repository/1. Constant/02_LHSMenu_Projects' is clicked on

2022-06-09 21:08:03 - [TEST_STEP][PASSED] - I.SearchProjectNo(Project_No, findTestObject("1. Constant/xpath", ["xpath":"//*[@id="form_filters"]/div[7]/button"])): Delayed 5 second(s)

2022-06-09 21:08:03 - [MESSAGE][PASSED] - Text 'MI003396' is set on object 'Object Repository/1. Constant/xpath'

2022-06-09 21:08:06 - [MESSAGE][PASSED] - Delayed 3 second(s)

2022-06-09 21:08:12 - [MESSAGE][PASSED] - Object: 'Object Repository/1. Constant/xpath' is clicked on

2022-06-09 21:08:17 - [MESSAGE][PASSED] - Delayed 5 second(s)

2022-06-09 21:08:17 - [TEST_STEP][PASSED] - delay(1): Delayed 1 second(s)

2022-06-09 21:08:18 - [MESSAGE][PASSED] - Delayed 1 second(s)

2022-06-09 21:08:18 - [TEST_STEP][PASSED] - takeScreenshot(): Taking screenshot successfully

2022-06-09 21:08:18 - [MESSAGE][PASSED] - Taking screenshot successfully
[[ATTACHMENT|D:\\Projet Test Auto\\Mediabox Test Automation\\Reports\\20220609_181011\\03. Parallel Testing (Testing)\\TS -PT PART 3\\11 Tag SAS_Task_Full lifecycle\\20220609_181109\\1654801698385.png]]

2022-06-09 21:08:18 - [TEST_STEP][PASSED] - click(findTestObject("1. Constant/xpath", ["xpath":"//*[@id="source_24384"]/td[8]/a"])): Object: 'Object Repository/1. Constant/xpath' is clicked on

2022-06-09 21:08:24 - [MESSAGE][PASSED] - Object: 'Object Repository/1. Constant/xpath' is clicked on

2022-06-09 21:08:24 - [TEST_STEP][PASSED] - delay(1): Delayed 1 second(s)

2022-06-09 21:08:25 - [MESSAGE][PASSED] - Delayed 1 second(s)

2022-06-09 21:08:25 - [TEST_STEP][PASSED] - click(findTestObject("1. Constant/xpath", ["xpath":"//*[@id="kt_content"]/div[3]/div/ul/li[3]/a"])): Object: 'Object Repository/1. Constant/xpath' is clicked on

2022-06-09 21:08:27 - [MESSAGE][PASSED] - Object: 'Object Repository/1. Constant/xpath' is clicked on

2022-06-09 21:08:27 - [TEST_STEP][PASSED] - delay(1): Delayed 1 second(s)

2022-06-09 21:08:28 - [MESSAGE][PASSED] - Delayed 1 second(s)

2022-06-09 21:08:28 - [TEST_STEP][PASSED] - takeScreenshot(): Taking screenshot successfully

2022-06-09 21:08:29 - [MESSAGE][PASSED] - Taking screenshot successfully
[[ATTACHMENT|D:\\Projet Test Auto\\Mediabox Test Automation\\Reports\\20220609_181011\\03. Parallel Testing (Testing)\\TS -PT PART 3\\11 Tag SAS_Task_Full lifecycle\\20220609_181109\\1654801708803.png]]

2022-06-09 21:08:29 - [TEST_STEP][PASSED] - click(findTestObject("1. Constant/xpath", ["xpath":"/html/body/div[1]/div[2]/div[8]/div[3]/div/div[3]/div[3]/div/ul/li/a"])): Object: 'Object Repository/1. Constant/xpath' is clicked on

2022-06-09 21:08:29 - [MESSAGE][PASSED] - Object: 'Object Repository/1. Constant/xpath' is clicked on

2022-06-09 21:08:29 - [TEST_STEP][PASSED] - delay(1): Delayed 1 second(s)

2022-06-09 21:08:30 - [MESSAGE][PASSED] - Delayed 1 second(s)

2022-06-09 21:08:30 - [TEST_STEP][PASSED] - click(findTestObject("1. Constant/xpath", ["xpath":"/html/body/div[1]/div[2]/div[8]/div[3]/div/div[3]/div[3]/div/div/div/div/div[4]/div/div[1]/div[2]/div/a[4]"])): Object: 'Object Repository/1. Constant/xpath' is clicked on

2022-06-09 21:08:31 - [MESSAGE][PASSED] - Object: 'Object Repository/1. Constant/xpath' is clicked on

2022-06-09 21:08:31 - [TEST_STEP][PASSED] - delay(1): Delayed 1 second(s)

2022-06-09 21:08:32 - [MESSAGE][PASSED] - Delayed 1 second(s)

2022-06-09 21:08:32 - [TEST_STEP][PASSED] - takeScreenshot(): Taking screenshot successfully

2022-06-09 21:08:32 - [MESSAGE][PASSED] - Taking screenshot successfully
[[ATTACHMENT|D:\\Projet Test Auto\\Mediabox Test Automation\\Reports\\20220609_181011\\03. Parallel Testing (Testing)\\TS -PT PART 3\\11 Tag SAS_Task_Full lifecycle\\20220609_181109\\1654801712304.png]]

2022-06-09 21:08:32 - [TEST_STEP][PASSED] - delay(1): Delayed 1 second(s)

2022-06-09 21:08:33 - [MESSAGE][PASSED] - Delayed 1 second(s)

2022-06-09 21:08:33 - [TEST_STEP][PASSED] - click(findTestObject("1. Constant/xpath", ["xpath":"//*[@id="modal_support_action_shortcut"]/div/div/div[3]/button[2]"])): Object: 'Object Repository/1. Constant/xpath' is clicked on

2022-06-09 21:08:42 - [MESSAGE][PASSED] - Object: 'Object Repository/1. Constant/xpath' is clicked on

2022-06-09 21:08:42 - [TEST_STEP][PASSED] - click(findTestObject("1. Constant/xpath", ["xpath":"//*[@id="kt_subheader"]/div/nav/ol/li[2]/a"])): Object: 'Object Repository/1. Constant/xpath' is clicked on

2022-06-09 21:08:48 - [MESSAGE][PASSED] - Object: 'Object Repository/1. Constant/xpath' is clicked on

2022-06-09 21:08:48 - [TEST_STEP][PASSED] - delay(1): Delayed 1 second(s)

2022-06-09 21:08:49 - [MESSAGE][PASSED] - Delayed 1 second(s)

2022-06-09 21:08:49 - [TEST_STEP][PASSED] - takeScreenshot(): Taking screenshot successfully

2022-06-09 21:08:50 - [MESSAGE][PASSED] - Taking screenshot successfully
[[ATTACHMENT|D:\\Projet Test Auto\\Mediabox Test Automation\\Reports\\20220609_181011\\03. Parallel Testing (Testing)\\TS -PT PART 3\\11 Tag SAS_Task_Full lifecycle\\20220609_181109\\1654801729947.png]]

2022-06-09 21:08:50 - [TEST_STEP][PASSED] - status1 = getText(findTestObject("1. Constant/xpath", ["xpath":"//*[@id="source_24384"]/td[13]/span[1]"])): Text of object 'Object Repository/1. Constant/xpath' is: 'Agency: Repro production'

2022-06-09 21:08:50 - [MESSAGE][PASSED] - Text of object 'Object Repository/1. Constant/xpath' is: 'Agency: Repro production'

2022-06-09 21:08:50 - [TEST_STEP][PASSED] - verifyMatch(status1, "Agency: Repro production", false): Actual text 'Agency: Repro production' and expected text 'Agency: Repro production' are matched 

2022-06-09 21:08:50 - [MESSAGE][PASSED] - Actual text 'Agency: Repro production' and expected text 'Agency: Repro production' are matched 

2022-06-09 21:08:50 - [TEST_STEP][PASSED] - closeBrowser(): Browser is closed

2022-06-09 21:08:58 - [MESSAGE][PASSED] - Browser is closed

2022-06-09 21:08:58 - [TEST_STEP][PASSED] - Start listener action : sampleAfterTestCase: null]]></system-out>
         <system-err><![CDATA[]]></system-err>
      </testcase>
      <testcase name="Test Cases/16 Support action (Completed ref)/16.04 Tag SAS MD - Release to Prod (Completed ref) S1" time="176.011" classname="Test Cases/16 Support action (Completed ref)/16.04 Tag SAS MD - Release to Prod (Completed ref) S1" status="PASSED">
         <system-out><![CDATA[2022-06-09 21:08:58 - [TEST_CASE][PASSED] - Test Cases/16 Support action (Completed ref)/16.04 Tag SAS MD - Release to Prod (Completed ref) S1: Test Cases/16 Support action (Completed ref)/16.04 Tag SAS MD - Release to Prod (Completed ref) S1

2022-06-09 21:08:58 - [TEST_STEP][PASSED] - data_Tag = findTestData("Data Files/Username_Password/Tag"): null

2022-06-09 21:08:58 - [TEST_STEP][PASSED] - password_jedun = data_Tag.getValue(3, 1): null

2022-06-09 21:08:58 - [TEST_STEP][PASSED] - password_rrowland = data_Tag.getValue(3, 2): null

2022-06-09 21:08:58 - [TEST_STEP][PASSED] - password_stest = data_Tag.getValue(3, 3): null

2022-06-09 21:08:58 - [TEST_STEP][PASSED] - password_itroin = data_Tag.getValue(3, 4): null

2022-06-09 21:08:58 - [TEST_STEP][PASSED] - password_igedik = data_Tag.getValue(3, 5): null

2022-06-09 21:08:58 - [TEST_STEP][PASSED] - password_mderdour = data_Tag.getValue(3, 6): null

2022-06-09 21:08:58 - [TEST_STEP][PASSED] - password_achatin = data_Tag.getValue(3, 7): null

2022-06-09 21:08:58 - [TEST_STEP][PASSED] - password_tliu = data_Tag.getValue(3, 8): null

2022-06-09 21:08:58 - [TEST_STEP][PASSED] - password_ccaramella = data_Tag.getValue(3, 9): null

2022-06-09 21:08:58 - [TEST_STEP][PASSED] - password_achay = data_Tag.getValue(3, 10): null

2022-06-09 21:08:58 - [TEST_STEP][PASSED] - password_cbono = data_Tag.getValue(3, 11): null

2022-06-09 21:08:58 - [TEST_STEP][PASSED] - password_pmareri = data_Tag.getValue(3, 12): null

2022-06-09 21:08:58 - [TEST_STEP][PASSED] - password_qeuzen = data_Tag.getValue(3, 13): null

2022-06-09 21:08:58 - [TEST_STEP][PASSED] - password_alanglois = data_Tag.getValue(3, 14): null

2022-06-09 21:08:58 - [TEST_STEP][PASSED] - password_bzavaglia = data_Tag.getValue(3, 15): null

2022-06-09 21:08:58 - [TEST_STEP][PASSED] - password_asamyn = data_Tag.getValue(3, 16): null

2022-06-09 21:08:58 - [TEST_STEP][PASSED] - password_mraoul = data_Tag.getValue(3, 17): null

2022-06-09 21:08:58 - [TEST_STEP][PASSED] - password_idiaz = data_Tag.getValue(3, 18): null

2022-06-09 21:08:58 - [TEST_STEP][PASSED] - data_urlRELAUTO = findTestData("Data Files/URL/URL_relauto"): null

2022-06-09 21:08:58 - [TEST_STEP][PASSED] - Url_Tag = data_urlRELAUTO.getValue(2, 3): null

2022-06-09 21:08:58 - [TEST_STEP][PASSED] - Project_No = "MI003396 ": null

2022-06-09 21:08:58 - [TEST_STEP][PASSED] - openBrowser(Url_Tag): Browser is opened with url: 'http://mdb-release.diadeis.lan/MediaboxIndependence/?MBI_datasource=RELTESTAUTO_TAG'

2022-06-09 21:08:58 - [MESSAGE][INFO] - Starting 'Chrome (headless)' driver

2022-06-09 21:08:58 - [MESSAGE][INFO] - User set preference: ['args', '[--window-size=1920,1080, --headless]']

2022-06-09 21:08:58 - [MESSAGE][INFO] - Action delay is set to 0 milliseconds

2022-06-09 21:09:05 - [MESSAGE][PASSED] - Browser is opened with url: 'http://mdb-release.diadeis.lan/MediaboxIndependence/?MBI_datasource=RELTESTAUTO_TAG'

2022-06-09 21:09:05 - [TEST_STEP][PASSED] - maximizeWindow(): Current window maximized

2022-06-09 21:09:05 - [MESSAGE][PASSED] - Current window maximized

2022-06-09 21:09:05 - [TEST_STEP][PASSED] - waitForPageLoad(30): Wait for page load successfully

2022-06-09 21:09:05 - [MESSAGE][PASSED] - Wait for page load successfully

2022-06-09 21:09:05 - [TEST_STEP][PASSED] - takeScreenshot(): Taking screenshot successfully

2022-06-09 21:09:05 - [MESSAGE][PASSED] - Taking screenshot successfully
[[ATTACHMENT|D:\\Projet Test Auto\\Mediabox Test Automation\\Reports\\20220609_181011\\03. Parallel Testing (Testing)\\TS -PT PART 3\\11 Tag SAS_Task_Full lifecycle\\20220609_181109\\1654801745387.png]]

2022-06-09 21:09:05 - [TEST_STEP][PASSED] - I.Login_password("mraoul", password_mraoul): Object: 'Object Repository/1. Constant/xpath' is clicked on

2022-06-09 21:09:05 - [MESSAGE][PASSED] - Text 'mraoul' is set on object 'Object Repository/1. Constant/xpath'

2022-06-09 21:09:06 - [MESSAGE][PASSED] - Delayed 1 second(s)

2022-06-09 21:09:07 - [MESSAGE][PASSED] - Text 'dchi' is set on object 'Object Repository/1. Constant/xpath'

2022-06-09 21:09:08 - [MESSAGE][PASSED] - Delayed 1 second(s)

2022-06-09 21:09:16 - [MESSAGE][PASSED] - Object: 'Object Repository/1. Constant/xpath' is clicked on

2022-06-09 21:09:16 - [TEST_STEP][PASSED] - click(findTestObject("1. Constant/02_LHSMenu_Projects")): Object: 'Object Repository/1. Constant/02_LHSMenu_Projects' is clicked on

2022-06-09 21:09:26 - [MESSAGE][PASSED] - Object: 'Object Repository/1. Constant/02_LHSMenu_Projects' is clicked on

2022-06-09 21:09:26 - [TEST_STEP][PASSED] - I.SearchProjectNo(Project_No, findTestObject("1. Constant/xpath", ["xpath":"//*[@id="form_filters"]/div[8]/button"])): Delayed 5 second(s)

2022-06-09 21:09:26 - [MESSAGE][PASSED] - Text 'MI003396 ' is set on object 'Object Repository/1. Constant/xpath'

2022-06-09 21:09:29 - [MESSAGE][PASSED] - Delayed 3 second(s)

2022-06-09 21:09:37 - [MESSAGE][PASSED] - Object: 'Object Repository/1. Constant/xpath' is clicked on

2022-06-09 21:09:42 - [MESSAGE][PASSED] - Delayed 5 second(s)

2022-06-09 21:09:42 - [TEST_STEP][PASSED] - delay(1): Delayed 1 second(s)

2022-06-09 21:09:43 - [MESSAGE][PASSED] - Delayed 1 second(s)

2022-06-09 21:09:43 - [TEST_STEP][PASSED] - takeScreenshot(): Taking screenshot successfully

2022-06-09 21:09:43 - [MESSAGE][PASSED] - Taking screenshot successfully
[[ATTACHMENT|D:\\Projet Test Auto\\Mediabox Test Automation\\Reports\\20220609_181011\\03. Parallel Testing (Testing)\\TS -PT PART 3\\11 Tag SAS_Task_Full lifecycle\\20220609_181109\\1654801783658.png]]

2022-06-09 21:09:43 - [TEST_STEP][PASSED] - click(findTestObject("1. Constant/xpath", ["xpath":"//*[@id="source_24379"]/td[8]/a[1]"])): Object: 'Object Repository/1. Constant/xpath' is clicked on

2022-06-09 21:09:47 - [MESSAGE][PASSED] - Object: 'Object Repository/1. Constant/xpath' is clicked on

2022-06-09 21:09:47 - [TEST_STEP][PASSED] - delay(1): Delayed 1 second(s)

2022-06-09 21:09:48 - [MESSAGE][PASSED] - Delayed 1 second(s)

2022-06-09 21:09:48 - [TEST_STEP][PASSED] - click(findTestObject("1. Constant/xpath", ["xpath":"//*[@id="kt_content"]/div[3]/div/ul/li[3]/a"])): Object: 'Object Repository/1. Constant/xpath' is clicked on

2022-06-09 21:09:53 - [MESSAGE][PASSED] - Object: 'Object Repository/1. Constant/xpath' is clicked on

2022-06-09 21:09:53 - [TEST_STEP][PASSED] - delay(1): Delayed 1 second(s)

2022-06-09 21:09:54 - [MESSAGE][PASSED] - Delayed 1 second(s)

2022-06-09 21:09:54 - [TEST_STEP][PASSED] - takeScreenshot(): Taking screenshot successfully

2022-06-09 21:09:55 - [MESSAGE][PASSED] - Taking screenshot successfully
[[ATTACHMENT|D:\\Projet Test Auto\\Mediabox Test Automation\\Reports\\20220609_181011\\03. Parallel Testing (Testing)\\TS -PT PART 3\\11 Tag SAS_Task_Full lifecycle\\20220609_181109\\1654801794692.png]]

2022-06-09 21:09:55 - [TEST_STEP][PASSED] - click(findTestObject("1. Constant/xpath", ["xpath":"/html/body/div[1]/div[2]/div[8]/div[3]/div/div[3]/div[3]/div/ul/li[2]/a"])): Object: 'Object Repository/1. Constant/xpath' is clicked on

2022-06-09 21:09:55 - [MESSAGE][PASSED] - Object: 'Object Repository/1. Constant/xpath' is clicked on

2022-06-09 21:09:55 - [TEST_STEP][PASSED] - delay(1): Delayed 1 second(s)

2022-06-09 21:09:56 - [MESSAGE][PASSED] - Delayed 1 second(s)

2022-06-09 21:09:56 - [TEST_STEP][PASSED] - takeScreenshot(): Taking screenshot successfully

2022-06-09 21:09:57 - [MESSAGE][PASSED] - Taking screenshot successfully
[[ATTACHMENT|D:\\Projet Test Auto\\Mediabox Test Automation\\Reports\\20220609_181011\\03. Parallel Testing (Testing)\\TS -PT PART 3\\11 Tag SAS_Task_Full lifecycle\\20220609_181109\\1654801797092.png]]

2022-06-09 21:09:57 - [TEST_STEP][PASSED] - click(findTestObject("1. Constant/xpath", ["xpath":"/html/body/div[1]/div[2]/div[8]/div[3]/div/div[3]/div[3]/div/div/div[2]/div/div[5]/div/div[1]/div[2]/div/a[4]"])): Object: 'Object Repository/1. Constant/xpath' is clicked on

2022-06-09 21:09:57 - [MESSAGE][PASSED] - Object: 'Object Repository/1. Constant/xpath' is clicked on

2022-06-09 21:09:57 - [TEST_STEP][PASSED] - delay(1): Delayed 1 second(s)

2022-06-09 21:09:58 - [MESSAGE][PASSED] - Delayed 1 second(s)

2022-06-09 21:09:58 - [TEST_STEP][PASSED] - takeScreenshot(): Taking screenshot successfully

2022-06-09 21:09:59 - [MESSAGE][PASSED] - Taking screenshot successfully
[[ATTACHMENT|D:\\Projet Test Auto\\Mediabox Test Automation\\Reports\\20220609_181011\\03. Parallel Testing (Testing)\\TS -PT PART 3\\11 Tag SAS_Task_Full lifecycle\\20220609_181109\\1654801798750.png]]

2022-06-09 21:09:59 - [TEST_STEP][PASSED] - click(findTestObject("1. Constant/xpath", ["xpath":"//*[@id="modal_support_action_shortcut"]/div/div/div[3]/button[2]"])): Object: 'Object Repository/1. Constant/xpath' is clicked on

2022-06-09 21:10:08 - [MESSAGE][PASSED] - Object: 'Object Repository/1. Constant/xpath' is clicked on

2022-06-09 21:10:08 - [TEST_STEP][PASSED] - delay(1): Delayed 1 second(s)

2022-06-09 21:10:09 - [MESSAGE][PASSED] - Delayed 1 second(s)

2022-06-09 21:10:09 - [TEST_STEP][PASSED] - click(findTestObject("1. Constant/xpath", ["xpath":"//*[@id="kt_subheader"]/div/nav/ol/li[2]/a"])): Object: 'Object Repository/1. Constant/xpath' is clicked on

2022-06-09 21:10:13 - [MESSAGE][PASSED] - Object: 'Object Repository/1. Constant/xpath' is clicked on

2022-06-09 21:10:13 - [TEST_STEP][PASSED] - delay(1): Delayed 1 second(s)

2022-06-09 21:10:14 - [MESSAGE][PASSED] - Delayed 1 second(s)

2022-06-09 21:10:14 - [TEST_STEP][PASSED] - takeScreenshot(): Taking screenshot successfully

2022-06-09 21:10:15 - [MESSAGE][PASSED] - Taking screenshot successfully
[[ATTACHMENT|D:\\Projet Test Auto\\Mediabox Test Automation\\Reports\\20220609_181011\\03. Parallel Testing (Testing)\\TS -PT PART 3\\11 Tag SAS_Task_Full lifecycle\\20220609_181109\\1654801814981.png]]

2022-06-09 21:10:15 - [TEST_STEP][PASSED] - status1 = getText(findTestObject("1. Constant/xpath", ["xpath":"//*[@id="source_24379"]/td[14]/span[1]"])): Text of object 'Object Repository/1. Constant/xpath' is: 'Agency: MD production'

2022-06-09 21:10:15 - [MESSAGE][PASSED] - Text of object 'Object Repository/1. Constant/xpath' is: 'Agency: MD production'

2022-06-09 21:10:15 - [TEST_STEP][PASSED] - verifyMatch(status1, "Agency: MD production", false): Actual text 'Agency: MD production' and expected text 'Agency: MD production' are matched 

2022-06-09 21:10:15 - [MESSAGE][PASSED] - Actual text 'Agency: MD production' and expected text 'Agency: MD production' are matched 

2022-06-09 21:10:15 - [TEST_STEP][PASSED] - I.Logout(): Delayed 3 second(s)

2022-06-09 21:10:18 - [MESSAGE][PASSED] - Delayed 3 second(s)

2022-06-09 21:10:18 - [MESSAGE][PASSED] - Object: 'Object Repository/1. Constant/xpath' is clicked on

2022-06-09 21:10:21 - [MESSAGE][PASSED] - Delayed 3 second(s)

2022-06-09 21:10:23 - [MESSAGE][PASSED] - Object: 'Object Repository/1. Constant/xpath' is clicked on

2022-06-09 21:10:26 - [MESSAGE][PASSED] - Delayed 3 second(s)

2022-06-09 21:10:26 - [TEST_STEP][PASSED] - I.Login_password("idiaz", password_idiaz): Object: 'Object Repository/1. Constant/xpath' is clicked on

2022-06-09 21:10:27 - [MESSAGE][PASSED] - Text 'idiaz' is set on object 'Object Repository/1. Constant/xpath'

2022-06-09 21:10:28 - [MESSAGE][PASSED] - Delayed 1 second(s)

2022-06-09 21:10:28 - [MESSAGE][PASSED] - Text 'dchi' is set on object 'Object Repository/1. Constant/xpath'

2022-06-09 21:10:29 - [MESSAGE][PASSED] - Delayed 1 second(s)

2022-06-09 21:10:33 - [MESSAGE][PASSED] - Object: 'Object Repository/1. Constant/xpath' is clicked on

2022-06-09 21:10:33 - [TEST_STEP][PASSED] - click(findTestObject("1. Constant/02_LHSMenu_Projects")): Object: 'Object Repository/1. Constant/02_LHSMenu_Projects' is clicked on

2022-06-09 21:10:39 - [MESSAGE][PASSED] - Object: 'Object Repository/1. Constant/02_LHSMenu_Projects' is clicked on

2022-06-09 21:10:39 - [TEST_STEP][PASSED] - I.SearchProjectNo(Project_No, findTestObject("1. Constant/xpath", ["xpath":"//*[@id="form_filters"]/div[6]/button"])): Delayed 5 second(s)

2022-06-09 21:10:40 - [MESSAGE][PASSED] - Text 'MI003396 ' is set on object 'Object Repository/1. Constant/xpath'

2022-06-09 21:10:43 - [MESSAGE][PASSED] - Delayed 3 second(s)

2022-06-09 21:10:46 - [MESSAGE][PASSED] - Object: 'Object Repository/1. Constant/xpath' is clicked on

2022-06-09 21:10:51 - [MESSAGE][PASSED] - Delayed 5 second(s)

2022-06-09 21:10:51 - [TEST_STEP][PASSED] - delay(1): Delayed 1 second(s)

2022-06-09 21:10:52 - [MESSAGE][PASSED] - Delayed 1 second(s)

2022-06-09 21:10:52 - [TEST_STEP][PASSED] - takeScreenshot(): Taking screenshot successfully

2022-06-09 21:10:53 - [MESSAGE][PASSED] - Taking screenshot successfully
[[ATTACHMENT|D:\\Projet Test Auto\\Mediabox Test Automation\\Reports\\20220609_181011\\03. Parallel Testing (Testing)\\TS -PT PART 3\\11 Tag SAS_Task_Full lifecycle\\20220609_181109\\1654801852755.png]]

2022-06-09 21:10:53 - [TEST_STEP][PASSED] - color1 = getCSSValue(findTestObject("1. Constant/xpath", ["xpath":"//*[@id="source_24379"]/td[15]/a[2]"]), "color", OPTIONAL): Get CSS 'color' value on 'Object Repository/1. Constant/xpath' successfully: 'rgba(255, 255, 255, 1)'.

2022-06-09 21:10:53 - [MESSAGE][PASSED] - Get CSS 'color' value on 'Object Repository/1. Constant/xpath' successfully: 'rgba(255, 255, 255, 1)'.

2022-06-09 21:10:53 - [TEST_STEP][PASSED] - I.print(color1): null

2022-06-09 21:10:53 - [TEST_STEP][PASSED] - while (color1 == "rgba(255, 255, 255, 1)"): Get CSS 'color' value on 'Object Repository/1. Constant/xpath' successfully: 'rgba(54, 153, 255, 1)'.

2022-06-09 21:10:53 - [TEST_STEP][PASSED] - click(findTestObject("1. Constant/xpath", ["xpath":"//*[@id="source_24379"]/td[15]/a[2]"])): Object: 'Object Repository/1. Constant/xpath' is clicked on

2022-06-09 21:10:54 - [MESSAGE][PASSED] - Object: 'Object Repository/1. Constant/xpath' is clicked on

2022-06-09 21:10:54 - [TEST_STEP][PASSED] - I.UploadDoc_sendkey_Prod(findTestObject("1. Constant/xpath", ["xpath":"//*[@id="kt_body"]/input[2]"]), "D:\Upoad_File\Upload doc\testdata1.jpg", "testdata1"): Delayed 5 second(s)

2022-06-09 21:10:55 - [MESSAGE][PASSED] - Scroll to object 'Object Repository/1. Constant/xpath' successfully

2022-06-09 21:11:00 - [MESSAGE][PASSED] - Delayed 5 second(s)

2022-06-09 21:11:00 - [MESSAGE][PASSED] - File 'D:\Upoad_File\Upload doc\testdata1.jpg' sent to object: 'Object Repository/1. Constant/xpath'

2022-06-09 21:11:05 - [MESSAGE][PASSED] - Delayed 5 second(s)

2022-06-09 21:11:05 - [MESSAGE][PASSED] - Text 'testdata1' is present on page 

2022-06-09 21:11:10 - [MESSAGE][PASSED] - Delayed 5 second(s)

2022-06-09 21:11:15 - [MESSAGE][PASSED] - Delayed 5 second(s)

2022-06-09 21:11:15 - [TEST_STEP][PASSED] - takeScreenshot(): Taking screenshot successfully

2022-06-09 21:11:15 - [MESSAGE][PASSED] - Taking screenshot successfully
[[ATTACHMENT|D:\\Projet Test Auto\\Mediabox Test Automation\\Reports\\20220609_181011\\03. Parallel Testing (Testing)\\TS -PT PART 3\\11 Tag SAS_Task_Full lifecycle\\20220609_181109\\1654801875430.png]]

2022-06-09 21:11:15 - [TEST_STEP][PASSED] - delay(10): Delayed 10 second(s)

2022-06-09 21:11:25 - [MESSAGE][PASSED] - Delayed 10 second(s)

2022-06-09 21:11:25 - [TEST_STEP][PASSED] - click(findTestObject("HL Full Lifecycle/12 ReferncePage_Button_Updatensenddoc")): Object: 'Object Repository/HL Full Lifecycle/12 ReferncePage_Button_Updatensenddoc' is clicked on

2022-06-09 21:11:48 - [MESSAGE][PASSED] - Object: 'Object Repository/HL Full Lifecycle/12 ReferncePage_Button_Updatensenddoc' is clicked on

2022-06-09 21:11:48 - [TEST_STEP][PASSED] - delay(5): Delayed 5 second(s)

2022-06-09 21:11:53 - [MESSAGE][PASSED] - Delayed 5 second(s)

2022-06-09 21:11:53 - [TEST_STEP][PASSED] - test = getText(findTestObject("1. Constant/xpath", ["xpath":"//*[@id="source_24379"]/td[13]/span[1]"])): Text of object 'Object Repository/1. Constant/xpath' is: 'DMI: MD approval'

2022-06-09 21:11:53 - [MESSAGE][PASSED] - Text of object 'Object Repository/1. Constant/xpath' is: 'DMI: MD approval'

2022-06-09 21:11:53 - [TEST_STEP][PASSED] - if (test != "DMI: MD approval"): null

2022-06-09 21:11:53 - [TEST_STEP][PASSED] - else: Get CSS 'color' value on 'Object Repository/1. Constant/xpath' successfully: 'rgba(54, 153, 255, 1)'.

2022-06-09 21:11:53 - [TEST_STEP][PASSED] - color1 = getCSSValue(findTestObject("1. Constant/xpath", ["xpath":"//*[@id="source_24379"]/td[15]/a"]), "color", OPTIONAL): Get CSS 'color' value on 'Object Repository/1. Constant/xpath' successfully: 'rgba(54, 153, 255, 1)'.

2022-06-09 21:11:53 - [MESSAGE][PASSED] - Get CSS 'color' value on 'Object Repository/1. Constant/xpath' successfully: 'rgba(54, 153, 255, 1)'.

2022-06-09 21:11:53 - [TEST_STEP][PASSED] - closeBrowser(): Browser is closed

2022-06-09 21:11:54 - [MESSAGE][PASSED] - Browser is closed

2022-06-09 21:11:54 - [TEST_STEP][PASSED] - Start listener action : sampleAfterTestCase: null]]></system-out>
         <system-err><![CDATA[]]></system-err>
      </testcase>
      <testcase name="Test Cases/16 Support action (Completed ref)/16.05 Tag SAS A - Completed to Repro Prod  S2" time="82.192" classname="Test Cases/16 Support action (Completed ref)/16.05 Tag SAS A - Completed to Repro Prod  S2" status="PASSED">
         <system-out><![CDATA[2022-06-09 21:11:54 - [TEST_CASE][PASSED] - Test Cases/16 Support action (Completed ref)/16.05 Tag SAS A - Completed to Repro Prod  S2: Test Cases/16 Support action (Completed ref)/16.05 Tag SAS A - Completed to Repro Prod  S2

2022-06-09 21:11:55 - [TEST_STEP][PASSED] - data_Tag = findTestData("Data Files/Username_Password/Tag"): null

2022-06-09 21:11:55 - [TEST_STEP][PASSED] - password_jedun = data_Tag.getValue(3, 1): null

2022-06-09 21:11:55 - [TEST_STEP][PASSED] - password_rrowland = data_Tag.getValue(3, 2): null

2022-06-09 21:11:55 - [TEST_STEP][PASSED] - password_stest = data_Tag.getValue(3, 3): null

2022-06-09 21:11:55 - [TEST_STEP][PASSED] - password_itroin = data_Tag.getValue(3, 4): null

2022-06-09 21:11:55 - [TEST_STEP][PASSED] - password_igedik = data_Tag.getValue(3, 5): null

2022-06-09 21:11:55 - [TEST_STEP][PASSED] - password_mderdour = data_Tag.getValue(3, 6): null

2022-06-09 21:11:55 - [TEST_STEP][PASSED] - password_achatin = data_Tag.getValue(3, 7): null

2022-06-09 21:11:55 - [TEST_STEP][PASSED] - password_tliu = data_Tag.getValue(3, 8): null

2022-06-09 21:11:55 - [TEST_STEP][PASSED] - password_ccaramella = data_Tag.getValue(3, 9): null

2022-06-09 21:11:55 - [TEST_STEP][PASSED] - password_achay = data_Tag.getValue(3, 10): null

2022-06-09 21:11:55 - [TEST_STEP][PASSED] - password_cbono = data_Tag.getValue(3, 11): null

2022-06-09 21:11:55 - [TEST_STEP][PASSED] - password_pmareri = data_Tag.getValue(3, 12): null

2022-06-09 21:11:55 - [TEST_STEP][PASSED] - password_qeuzen = data_Tag.getValue(3, 13): null

2022-06-09 21:11:55 - [TEST_STEP][PASSED] - password_alanglois = data_Tag.getValue(3, 14): null

2022-06-09 21:11:55 - [TEST_STEP][PASSED] - password_bzavaglia = data_Tag.getValue(3, 15): null

2022-06-09 21:11:55 - [TEST_STEP][PASSED] - password_asamyn = data_Tag.getValue(3, 16): null

2022-06-09 21:11:55 - [TEST_STEP][PASSED] - password_mraoul = data_Tag.getValue(3, 17): null

2022-06-09 21:11:55 - [TEST_STEP][PASSED] - password_idiaz = data_Tag.getValue(3, 18): null

2022-06-09 21:11:55 - [TEST_STEP][PASSED] - data_urlRELAUTO = findTestData("Data Files/URL/URL_relauto"): null

2022-06-09 21:11:55 - [TEST_STEP][PASSED] - Url_Tag = data_urlRELAUTO.getValue(2, 3): null

2022-06-09 21:11:55 - [TEST_STEP][PASSED] - Project_No = "MI003396 ": null

2022-06-09 21:11:55 - [TEST_STEP][PASSED] - refID = "24383": null

2022-06-09 21:11:55 - [TEST_STEP][PASSED] - openBrowser(Url_Tag): Browser is opened with url: 'http://mdb-release.diadeis.lan/MediaboxIndependence/?MBI_datasource=RELTESTAUTO_TAG'

2022-06-09 21:11:55 - [MESSAGE][INFO] - Starting 'Chrome (headless)' driver

2022-06-09 21:11:55 - [MESSAGE][INFO] - User set preference: ['args', '[--window-size=1920,1080, --headless]']

2022-06-09 21:11:55 - [MESSAGE][INFO] - Action delay is set to 0 milliseconds

2022-06-09 21:12:00 - [MESSAGE][PASSED] - Browser is opened with url: 'http://mdb-release.diadeis.lan/MediaboxIndependence/?MBI_datasource=RELTESTAUTO_TAG'

2022-06-09 21:12:00 - [TEST_STEP][PASSED] - maximizeWindow(): Current window maximized

2022-06-09 21:12:00 - [MESSAGE][PASSED] - Current window maximized

2022-06-09 21:12:00 - [TEST_STEP][PASSED] - waitForPageLoad(30): Wait for page load successfully

2022-06-09 21:12:00 - [MESSAGE][PASSED] - Wait for page load successfully

2022-06-09 21:12:00 - [TEST_STEP][PASSED] - takeScreenshot(): Taking screenshot successfully

2022-06-09 21:12:00 - [MESSAGE][PASSED] - Taking screenshot successfully
[[ATTACHMENT|D:\\Projet Test Auto\\Mediabox Test Automation\\Reports\\20220609_181011\\03. Parallel Testing (Testing)\\TS -PT PART 3\\11 Tag SAS_Task_Full lifecycle\\20220609_181109\\1654801920448.png]]

2022-06-09 21:12:00 - [TEST_STEP][PASSED] - I.Login_password("mraoul", password_mraoul): Object: 'Object Repository/1. Constant/xpath' is clicked on

2022-06-09 21:12:02 - [MESSAGE][PASSED] - Text 'mraoul' is set on object 'Object Repository/1. Constant/xpath'

2022-06-09 21:12:03 - [MESSAGE][PASSED] - Delayed 1 second(s)

2022-06-09 21:12:03 - [MESSAGE][PASSED] - Text 'dchi' is set on object 'Object Repository/1. Constant/xpath'

2022-06-09 21:12:04 - [MESSAGE][PASSED] - Delayed 1 second(s)

2022-06-09 21:12:11 - [MESSAGE][PASSED] - Object: 'Object Repository/1. Constant/xpath' is clicked on

2022-06-09 21:12:11 - [TEST_STEP][PASSED] - takeScreenshot(): Taking screenshot successfully

2022-06-09 21:12:11 - [MESSAGE][PASSED] - Taking screenshot successfully
[[ATTACHMENT|D:\\Projet Test Auto\\Mediabox Test Automation\\Reports\\20220609_181011\\03. Parallel Testing (Testing)\\TS -PT PART 3\\11 Tag SAS_Task_Full lifecycle\\20220609_181109\\1654801931232.png]]

2022-06-09 21:12:11 - [TEST_STEP][PASSED] - click(findTestObject("1. Constant/02_LHSMenu_Projects")): Object: 'Object Repository/1. Constant/02_LHSMenu_Projects' is clicked on

2022-06-09 21:12:20 - [MESSAGE][PASSED] - Object: 'Object Repository/1. Constant/02_LHSMenu_Projects' is clicked on

2022-06-09 21:12:20 - [TEST_STEP][PASSED] - I.SearchProjectNo(Project_No, findTestObject("1. Constant/xpath", ["xpath":"//*[@id="form_filters"]/div[8]/button"])): Delayed 5 second(s)

2022-06-09 21:12:21 - [MESSAGE][PASSED] - Text 'MI003396 ' is set on object 'Object Repository/1. Constant/xpath'

2022-06-09 21:12:24 - [MESSAGE][PASSED] - Delayed 3 second(s)

2022-06-09 21:12:33 - [MESSAGE][PASSED] - Object: 'Object Repository/1. Constant/xpath' is clicked on

2022-06-09 21:12:38 - [MESSAGE][PASSED] - Delayed 5 second(s)

2022-06-09 21:12:38 - [TEST_STEP][PASSED] - delay(1): Delayed 1 second(s)

2022-06-09 21:12:39 - [MESSAGE][PASSED] - Delayed 1 second(s)

2022-06-09 21:12:39 - [TEST_STEP][PASSED] - takeScreenshot(): Taking screenshot successfully

2022-06-09 21:12:39 - [MESSAGE][PASSED] - Taking screenshot successfully
[[ATTACHMENT|D:\\Projet Test Auto\\Mediabox Test Automation\\Reports\\20220609_181011\\03. Parallel Testing (Testing)\\TS -PT PART 3\\11 Tag SAS_Task_Full lifecycle\\20220609_181109\\1654801959149.png]]

2022-06-09 21:12:39 - [TEST_STEP][PASSED] - click(findTestObject("1. Constant/xpath", ["xpath":"//*[@id="source_24383"]/td[8]/a"])): Object: 'Object Repository/1. Constant/xpath' is clicked on

2022-06-09 21:12:43 - [MESSAGE][PASSED] - Object: 'Object Repository/1. Constant/xpath' is clicked on

2022-06-09 21:12:43 - [TEST_STEP][PASSED] - delay(1): Delayed 1 second(s)

2022-06-09 21:12:44 - [MESSAGE][PASSED] - Delayed 1 second(s)

2022-06-09 21:12:44 - [TEST_STEP][PASSED] - click(findTestObject("1. Constant/xpath", ["xpath":"//*[@id="kt_content"]/div[3]/div/ul/li[3]/a"])): Object: 'Object Repository/1. Constant/xpath' is clicked on

2022-06-09 21:12:51 - [MESSAGE][PASSED] - Object: 'Object Repository/1. Constant/xpath' is clicked on

2022-06-09 21:12:51 - [TEST_STEP][PASSED] - delay(1): Delayed 1 second(s)

2022-06-09 21:12:52 - [MESSAGE][PASSED] - Delayed 1 second(s)

2022-06-09 21:12:52 - [TEST_STEP][PASSED] - takeScreenshot(): Taking screenshot successfully

2022-06-09 21:12:53 - [MESSAGE][PASSED] - Taking screenshot successfully
[[ATTACHMENT|D:\\Projet Test Auto\\Mediabox Test Automation\\Reports\\20220609_181011\\03. Parallel Testing (Testing)\\TS -PT PART 3\\11 Tag SAS_Task_Full lifecycle\\20220609_181109\\1654801972694.png]]

2022-06-09 21:12:53 - [TEST_STEP][PASSED] - click(findTestObject("1. Constant/xpath", ["xpath":"/html/body/div[1]/div[2]/div[8]/div[3]/div/div[3]/div[3]/div/ul/li[2]/a"])): Object: 'Object Repository/1. Constant/xpath' is clicked on

2022-06-09 21:12:53 - [MESSAGE][PASSED] - Object: 'Object Repository/1. Constant/xpath' is clicked on

2022-06-09 21:12:53 - [TEST_STEP][PASSED] - delay(1): Delayed 1 second(s)

2022-06-09 21:12:54 - [MESSAGE][PASSED] - Delayed 1 second(s)

2022-06-09 21:12:54 - [TEST_STEP][PASSED] - click(findTestObject("1. Constant/xpath", ["xpath":"/html/body/div[1]/div[2]/div[8]/div[3]/div/div[3]/div[3]/div/div/div[2]/div/div[3]/div/div[1]/div[2]/div/button"])): Object: 'Object Repository/1. Constant/xpath' is clicked on

2022-06-09 21:12:54 - [MESSAGE][PASSED] - Object: 'Object Repository/1. Constant/xpath' is clicked on

2022-06-09 21:12:54 - [TEST_STEP][PASSED] - delay(1): Delayed 1 second(s)

2022-06-09 21:12:55 - [MESSAGE][PASSED] - Delayed 1 second(s)

2022-06-09 21:12:55 - [TEST_STEP][PASSED] - x = 10: null

2022-06-09 21:12:55 - [TEST_STEP][PASSED] - i = 1: null

2022-06-09 21:12:55 - [TEST_STEP][PASSED] - while (i <= x): null

2022-06-09 21:12:55 - [TEST_STEP][PASSED] - Expected_SAS_Selected = "Go back to Repro production": null

2022-06-09 21:12:55 - [TEST_STEP][PASSED] - xpath_SAS = "/html/body/div[1]/div[2]/div[8]/div[3]/div/div[3]/div[3]/div/div/div[2]/div/div[3]/div/div[1]/div[2]/div/div/a[" + i + "]": null

2022-06-09 21:12:55 - [TEST_STEP][PASSED] - Actual_SAS = getText(findTestObject("1. Constant/xpath", ["xpath":xpath_SAS])): Text of object 'Object Repository/1. Constant/xpath' is: 'Go back to Artwork production'

2022-06-09 21:12:56 - [MESSAGE][PASSED] - Text of object 'Object Repository/1. Constant/xpath' is: 'Go back to Artwork production'

2022-06-09 21:12:56 - [TEST_STEP][PASSED] - I.print(i): null

2022-06-09 21:12:56 - [TEST_STEP][PASSED] - if (Actual_SAS.contains(Expected_SAS_Selected)): null

2022-06-09 21:12:56 - [TEST_STEP][PASSED] - i = i + 1: null

2022-06-09 21:12:56 - [TEST_STEP][PASSED] - Expected_SAS_Selected = "Go back to Repro production": null

2022-06-09 21:12:56 - [TEST_STEP][PASSED] - xpath_SAS = "/html/body/div[1]/div[2]/div[8]/div[3]/div/div[3]/div[3]/div/div/div[2]/div/div[3]/div/div[1]/div[2]/div/div/a[" + i + "]": null

2022-06-09 21:12:56 - [TEST_STEP][PASSED] - Actual_SAS = getText(findTestObject("1. Constant/xpath", ["xpath":xpath_SAS])): Text of object 'Object Repository/1. Constant/xpath' is: 'Go back to Repro production'

2022-06-09 21:12:56 - [MESSAGE][PASSED] - Text of object 'Object Repository/1. Constant/xpath' is: 'Go back to Repro production'

2022-06-09 21:12:56 - [TEST_STEP][PASSED] - I.print(i): null

2022-06-09 21:12:56 - [TEST_STEP][PASSED] - if (Actual_SAS.contains(Expected_SAS_Selected)): null

2022-06-09 21:12:56 - [TEST_STEP][PASSED] - I.click_button_javascript(findTestObject("1. Constant/xpath", ["xpath":xpath_SAS])): Execute JavaScript 'arguments[0].click()' successfully

2022-06-09 21:12:56 - [MESSAGE][PASSED] - Execute JavaScript 'arguments[0].click()' successfully

2022-06-09 21:12:56 - [TEST_STEP][PASSED] - break: null

2022-06-09 21:12:56 - [TEST_STEP][PASSED] - takeScreenshot(): Taking screenshot successfully

2022-06-09 21:12:56 - [MESSAGE][PASSED] - Taking screenshot successfully
[[ATTACHMENT|D:\\Projet Test Auto\\Mediabox Test Automation\\Reports\\20220609_181011\\03. Parallel Testing (Testing)\\TS -PT PART 3\\11 Tag SAS_Task_Full lifecycle\\20220609_181109\\1654801976656.png]]

2022-06-09 21:12:56 - [TEST_STEP][PASSED] - delay(1): Delayed 1 second(s)

2022-06-09 21:12:57 - [MESSAGE][PASSED] - Delayed 1 second(s)

2022-06-09 21:12:57 - [TEST_STEP][PASSED] - click(findTestObject("1. Constant/xpath", ["xpath":"//*[@id="modal_support_action_shortcut"]/div/div/div[3]/button[2]"])): Object: 'Object Repository/1. Constant/xpath' is clicked on

2022-06-09 21:13:09 - [MESSAGE][PASSED] - Object: 'Object Repository/1. Constant/xpath' is clicked on

2022-06-09 21:13:09 - [TEST_STEP][PASSED] - click(findTestObject("1. Constant/xpath", ["xpath":"//*[@id="kt_subheader"]/div/nav/ol/li[2]/a"])): Object: 'Object Repository/1. Constant/xpath' is clicked on

2022-06-09 21:13:13 - [MESSAGE][PASSED] - Object: 'Object Repository/1. Constant/xpath' is clicked on

2022-06-09 21:13:13 - [TEST_STEP][PASSED] - delay(1): Delayed 1 second(s)

2022-06-09 21:13:14 - [MESSAGE][PASSED] - Delayed 1 second(s)

2022-06-09 21:13:14 - [TEST_STEP][PASSED] - takeScreenshot(): Taking screenshot successfully

2022-06-09 21:13:15 - [MESSAGE][PASSED] - Taking screenshot successfully
[[ATTACHMENT|D:\\Projet Test Auto\\Mediabox Test Automation\\Reports\\20220609_181011\\03. Parallel Testing (Testing)\\TS -PT PART 3\\11 Tag SAS_Task_Full lifecycle\\20220609_181109\\1654801994954.png]]

2022-06-09 21:13:15 - [TEST_STEP][PASSED] - status1 = getText(findTestObject("1. Constant/xpath", ["xpath":"//*[@id="source_24383"]/td[14]/span[1]"])): Text of object 'Object Repository/1. Constant/xpath' is: 'Printer: Repro production'

2022-06-09 21:13:15 - [MESSAGE][PASSED] - Text of object 'Object Repository/1. Constant/xpath' is: 'Printer: Repro production'

2022-06-09 21:13:15 - [TEST_STEP][PASSED] - verifyMatch(status1, "Printer: Repro production", false): Actual text 'Printer: Repro production' and expected text 'Printer: Repro production' are matched 

2022-06-09 21:13:15 - [MESSAGE][PASSED] - Actual text 'Printer: Repro production' and expected text 'Printer: Repro production' are matched 

2022-06-09 21:13:15 - [TEST_STEP][PASSED] - closeBrowser(): Browser is closed

2022-06-09 21:13:16 - [MESSAGE][PASSED] - Browser is closed

2022-06-09 21:13:16 - [TEST_STEP][PASSED] - Start listener action : sampleAfterTestCase: null]]></system-out>
         <system-err><![CDATA[]]></system-err>
      </testcase>
      <system-out><![CDATA[2022-06-09 20:35:55 - [TEST_SUITE][PASSED] - 11 Tag SAS_Task_Full lifecycle: Test Cases/16 Support action (Completed ref)/16.05 Tag SAS A - Completed to Repro Prod  S2]]></system-out>
      <system-err><![CDATA[]]></system-err>
   </testsuite>
</testsuites>
