<?xml version="1.0" encoding="UTF-8"?>
<testsuites name="14.04 Dreyers Support Action (Ongoing _ Completed ref) - PART 4" time="3656.696" tests="6" failures="0" errors="0">
   <testsuite name="14.04 Dreyers Support Action (Ongoing _ Completed ref) - PART 4" tests="6" failures="0" errors="0" time="3656.696" skipped="0" timestamp="2022-06-23 22:32:56" hostname="lamhe - DPF-MBI-VERIF.ad.sgsco.int" id="Test Suites/03. Parallel Testing (Testing)/TS -PT PART 3/14.04 Dreyers Support Action (Ongoing _ Completed ref) - PART 4">
      <properties>
         <property name="deviceName" value=""/>
         <property name="devicePlatform" value=""/>
         <property name="logFolder" value="D:\\Projet Test Auto\\Mediabox Test Automation\\Reports\\20220623_184212\\03. Parallel Testing (Testing)\\TS -PT PART 3\\14.04 Dreyers Support Action (Ongoing _ Completed ref) - PART 4\\20220623_184236"/>
         <property name="logFiles" value="D:\\Projet Test Auto\\Mediabox Test Automation\\Reports\\20220623_184212\\03. Parallel Testing (Testing)\\TS -PT PART 3\\14.04 Dreyers Support Action (Ongoing _ Completed ref) - PART 4\\20220623_184236\\execution0.log"/>
         <property name="attachments" value="D:\\Projet Test Auto\\Mediabox Test Automation\\Reports\\20220623_184212\\03. Parallel Testing (Testing)\\TS -PT PART 3\\14.04 Dreyers Support Action (Ongoing _ Completed ref) - PART 4\\20220623_184236\\1656016443437.png, D:\\Projet Test Auto\\Mediabox Test Automation\\Reports\\20220623_184212\\03. Parallel Testing (Testing)\\TS -PT PART 3\\14.04 Dreyers Support Action (Ongoing _ Completed ref) - PART 4\\20220623_184236\\1656016458539.png, D:\\Projet Test Auto\\Mediabox Test Automation\\Reports\\20220623_184212\\03. Parallel Testing (Testing)\\TS -PT PART 3\\14.04 Dreyers Support Action (Ongoing _ Completed ref) - PART 4\\20220623_184236\\1656016464109.png, D:\\Projet Test Auto\\Mediabox Test Automation\\Reports\\20220623_184212\\03. Parallel Testing (Testing)\\TS -PT PART 3\\14.04 Dreyers Support Action (Ongoing _ Completed ref) - PART 4\\20220623_184236\\1656016479295.png, D:\\Projet Test Auto\\Mediabox Test Automation\\Reports\\20220623_184212\\03. Parallel Testing (Testing)\\TS -PT PART 3\\14.04 Dreyers Support Action (Ongoing _ Completed ref) - PART 4\\20220623_184236\\1656016507032.png, D:\\Projet Test Auto\\Mediabox Test Automation\\Reports\\20220623_184212\\03. Parallel Testing (Testing)\\TS -PT PART 3\\14.04 Dreyers Support Action (Ongoing _ Completed ref) - PART 4\\20220623_184236\\1656016518191.png, D:\\Projet Test Auto\\Mediabox Test Automation\\Reports\\20220623_184212\\03. Parallel Testing (Testing)\\TS -PT PART 3\\14.04 Dreyers Support Action (Ongoing _ Completed ref) - PART 4\\20220623_184236\\1656016548451.png, D:\\Projet Test Auto\\Mediabox Test Automation\\Reports\\20220623_184212\\03. Parallel Testing (Testing)\\TS -PT PART 3\\14.04 Dreyers Support Action (Ongoing _ Completed ref) - PART 4\\20220623_184236\\1656016570602.png, D:\\Projet Test Auto\\Mediabox Test Automation\\Reports\\20220623_184212\\03. Parallel Testing (Testing)\\TS -PT PART 3\\14.04 Dreyers Support Action (Ongoing _ Completed ref) - PART 4\\20220623_184236\\1656016575605.png, D:\\Projet Test Auto\\Mediabox Test Automation\\Reports\\20220623_184212\\03. Parallel Testing (Testing)\\TS -PT PART 3\\14.04 Dreyers Support Action (Ongoing _ Completed ref) - PART 4\\20220623_184236\\1656016609329.png, D:\\Projet Test Auto\\Mediabox Test Automation\\Reports\\20220623_184212\\03. Parallel Testing (Testing)\\TS -PT PART 3\\14.04 Dreyers Support Action (Ongoing _ Completed ref) - PART 4\\20220623_184236\\1656016623724.png, D:\\Projet Test Auto\\Mediabox Test Automation\\Reports\\20220623_184212\\03. Parallel Testing (Testing)\\TS -PT PART 3\\14.04 Dreyers Support Action (Ongoing _ Completed ref) - PART 4\\20220623_184236\\1656016634493.png, D:\\Projet Test Auto\\Mediabox Test Automation\\Reports\\20220623_184212\\03. Parallel Testing (Testing)\\TS -PT PART 3\\14.04 Dreyers Support Action (Ongoing _ Completed ref) - PART 4\\20220623_184236\\1656016640197.png, D:\\Projet Test Auto\\Mediabox Test Automation\\Reports\\20220623_184212\\03. Parallel Testing (Testing)\\TS -PT PART 3\\14.04 Dreyers Support Action (Ongoing _ Completed ref) - PART 4\\20220623_184236\\1656016646308.png, D:\\Projet Test Auto\\Mediabox Test Automation\\Reports\\20220623_184212\\03. Parallel Testing (Testing)\\TS -PT PART 3\\14.04 Dreyers Support Action (Ongoing _ Completed ref) - PART 4\\20220623_184236\\1656016649551.png, D:\\Projet Test Auto\\Mediabox Test Automation\\Reports\\20220623_184212\\03. Parallel Testing (Testing)\\TS -PT PART 3\\14.04 Dreyers Support Action (Ongoing _ Completed ref) - PART 4\\20220623_184236\\1656016718665.png, D:\\Projet Test Auto\\Mediabox Test Automation\\Reports\\20220623_184212\\03. Parallel Testing (Testing)\\TS -PT PART 3\\14.04 Dreyers Support Action (Ongoing _ Completed ref) - PART 4\\20220623_184236\\1656016729896.png, D:\\Projet Test Auto\\Mediabox Test Automation\\Reports\\20220623_184212\\03. Parallel Testing (Testing)\\TS -PT PART 3\\14.04 Dreyers Support Action (Ongoing _ Completed ref) - PART 4\\20220623_184236\\1656016787809.png, D:\\Projet Test Auto\\Mediabox Test Automation\\Reports\\20220623_184212\\03. Parallel Testing (Testing)\\TS -PT PART 3\\14.04 Dreyers Support Action (Ongoing _ Completed ref) - PART 4\\20220623_184236\\1656016803213.png, D:\\Projet Test Auto\\Mediabox Test Automation\\Reports\\20220623_184212\\03. Parallel Testing (Testing)\\TS -PT PART 3\\14.04 Dreyers Support Action (Ongoing _ Completed ref) - PART 4\\20220623_184236\\1656016863934.png, D:\\Projet Test Auto\\Mediabox Test Automation\\Reports\\20220623_184212\\03. Parallel Testing (Testing)\\TS -PT PART 3\\14.04 Dreyers Support Action (Ongoing _ Completed ref) - PART 4\\20220623_184236\\1656016870534.png, D:\\Projet Test Auto\\Mediabox Test Automation\\Reports\\20220623_184212\\03. Parallel Testing (Testing)\\TS -PT PART 3\\14.04 Dreyers Support Action (Ongoing _ Completed ref) - PART 4\\20220623_184236\\1656016927982.png, D:\\Projet Test Auto\\Mediabox Test Automation\\Reports\\20220623_184212\\03. Parallel Testing (Testing)\\TS -PT PART 3\\14.04 Dreyers Support Action (Ongoing _ Completed ref) - PART 4\\20220623_184236\\1656016935855.png, D:\\Projet Test Auto\\Mediabox Test Automation\\Reports\\20220623_184212\\03. Parallel Testing (Testing)\\TS -PT PART 3\\14.04 Dreyers Support Action (Ongoing _ Completed ref) - PART 4\\20220623_184236\\1656016999090.png, D:\\Projet Test Auto\\Mediabox Test Automation\\Reports\\20220623_184212\\03. Parallel Testing (Testing)\\TS -PT PART 3\\14.04 Dreyers Support Action (Ongoing _ Completed ref) - PART 4\\20220623_184236\\1656017024178.png, D:\\Projet Test Auto\\Mediabox Test Automation\\Reports\\20220623_184212\\03. Parallel Testing (Testing)\\TS -PT PART 3\\14.04 Dreyers Support Action (Ongoing _ Completed ref) - PART 4\\20220623_184236\\1656017202970.png, D:\\Projet Test Auto\\Mediabox Test Automation\\Reports\\20220623_184212\\03. Parallel Testing (Testing)\\TS -PT PART 3\\14.04 Dreyers Support Action (Ongoing _ Completed ref) - PART 4\\20220623_184236\\1656017229198.png, D:\\Projet Test Auto\\Mediabox Test Automation\\Reports\\20220623_184212\\03. Parallel Testing (Testing)\\TS -PT PART 3\\14.04 Dreyers Support Action (Ongoing _ Completed ref) - PART 4\\20220623_184236\\1656017309532.png, D:\\Projet Test Auto\\Mediabox Test Automation\\Reports\\20220623_184212\\03. Parallel Testing (Testing)\\TS -PT PART 3\\14.04 Dreyers Support Action (Ongoing _ Completed ref) - PART 4\\20220623_184236\\1656017413727.png, D:\\Projet Test Auto\\Mediabox Test Automation\\Reports\\20220623_184212\\03. Parallel Testing (Testing)\\TS -PT PART 3\\14.04 Dreyers Support Action (Ongoing _ Completed ref) - PART 4\\20220623_184236\\1656017423353.png, D:\\Projet Test Auto\\Mediabox Test Automation\\Reports\\20220623_184212\\03. Parallel Testing (Testing)\\TS -PT PART 3\\14.04 Dreyers Support Action (Ongoing _ Completed ref) - PART 4\\20220623_184236\\1656017429020.png, D:\\Projet Test Auto\\Mediabox Test Automation\\Reports\\20220623_184212\\03. Parallel Testing (Testing)\\TS -PT PART 3\\14.04 Dreyers Support Action (Ongoing _ Completed ref) - PART 4\\20220623_184236\\1656017443507.png, D:\\Projet Test Auto\\Mediabox Test Automation\\Reports\\20220623_184212\\03. Parallel Testing (Testing)\\TS -PT PART 3\\14.04 Dreyers Support Action (Ongoing _ Completed ref) - PART 4\\20220623_184236\\1656017471962.png, D:\\Projet Test Auto\\Mediabox Test Automation\\Reports\\20220623_184212\\03. Parallel Testing (Testing)\\TS -PT PART 3\\14.04 Dreyers Support Action (Ongoing _ Completed ref) - PART 4\\20220623_184236\\1656017482498.png, D:\\Projet Test Auto\\Mediabox Test Automation\\Reports\\20220623_184212\\03. Parallel Testing (Testing)\\TS -PT PART 3\\14.04 Dreyers Support Action (Ongoing _ Completed ref) - PART 4\\20220623_184236\\1656017511125.png, D:\\Projet Test Auto\\Mediabox Test Automation\\Reports\\20220623_184212\\03. Parallel Testing (Testing)\\TS -PT PART 3\\14.04 Dreyers Support Action (Ongoing _ Completed ref) - PART 4\\20220623_184236\\1656017533660.png, D:\\Projet Test Auto\\Mediabox Test Automation\\Reports\\20220623_184212\\03. Parallel Testing (Testing)\\TS -PT PART 3\\14.04 Dreyers Support Action (Ongoing _ Completed ref) - PART 4\\20220623_184236\\1656017538269.png, D:\\Projet Test Auto\\Mediabox Test Automation\\Reports\\20220623_184212\\03. Parallel Testing (Testing)\\TS -PT PART 3\\14.04 Dreyers Support Action (Ongoing _ Completed ref) - PART 4\\20220623_184236\\1656017573897.png, D:\\Projet Test Auto\\Mediabox Test Automation\\Reports\\20220623_184212\\03. Parallel Testing (Testing)\\TS -PT PART 3\\14.04 Dreyers Support Action (Ongoing _ Completed ref) - PART 4\\20220623_184236\\1656017585194.png, D:\\Projet Test Auto\\Mediabox Test Automation\\Reports\\20220623_184212\\03. Parallel Testing (Testing)\\TS -PT PART 3\\14.04 Dreyers Support Action (Ongoing _ Completed ref) - PART 4\\20220623_184236\\1656017596614.png, D:\\Projet Test Auto\\Mediabox Test Automation\\Reports\\20220623_184212\\03. Parallel Testing (Testing)\\TS -PT PART 3\\14.04 Dreyers Support Action (Ongoing _ Completed ref) - PART 4\\20220623_184236\\1656017602353.png, D:\\Projet Test Auto\\Mediabox Test Automation\\Reports\\20220623_184212\\03. Parallel Testing (Testing)\\TS -PT PART 3\\14.04 Dreyers Support Action (Ongoing _ Completed ref) - PART 4\\20220623_184236\\1656017607602.png, D:\\Projet Test Auto\\Mediabox Test Automation\\Reports\\20220623_184212\\03. Parallel Testing (Testing)\\TS -PT PART 3\\14.04 Dreyers Support Action (Ongoing _ Completed ref) - PART 4\\20220623_184236\\1656017610920.png, D:\\Projet Test Auto\\Mediabox Test Automation\\Reports\\20220623_184212\\03. Parallel Testing (Testing)\\TS -PT PART 3\\14.04 Dreyers Support Action (Ongoing _ Completed ref) - PART 4\\20220623_184236\\1656017611592.png, D:\\Projet Test Auto\\Mediabox Test Automation\\Reports\\20220623_184212\\03. Parallel Testing (Testing)\\TS -PT PART 3\\14.04 Dreyers Support Action (Ongoing _ Completed ref) - PART 4\\20220623_184236\\1656017685230.png, D:\\Projet Test Auto\\Mediabox Test Automation\\Reports\\20220623_184212\\03. Parallel Testing (Testing)\\TS -PT PART 3\\14.04 Dreyers Support Action (Ongoing _ Completed ref) - PART 4\\20220623_184236\\1656017699972.png, D:\\Projet Test Auto\\Mediabox Test Automation\\Reports\\20220623_184212\\03. Parallel Testing (Testing)\\TS -PT PART 3\\14.04 Dreyers Support Action (Ongoing _ Completed ref) - PART 4\\20220623_184236\\1656017752365.png, D:\\Projet Test Auto\\Mediabox Test Automation\\Reports\\20220623_184212\\03. Parallel Testing (Testing)\\TS -PT PART 3\\14.04 Dreyers Support Action (Ongoing _ Completed ref) - PART 4\\20220623_184236\\1656017781431.png, D:\\Projet Test Auto\\Mediabox Test Automation\\Reports\\20220623_184212\\03. Parallel Testing (Testing)\\TS -PT PART 3\\14.04 Dreyers Support Action (Ongoing _ Completed ref) - PART 4\\20220623_184236\\1656017826873.png, D:\\Projet Test Auto\\Mediabox Test Automation\\Reports\\20220623_184212\\03. Parallel Testing (Testing)\\TS -PT PART 3\\14.04 Dreyers Support Action (Ongoing _ Completed ref) - PART 4\\20220623_184236\\1656017843780.png, D:\\Projet Test Auto\\Mediabox Test Automation\\Reports\\20220623_184212\\03. Parallel Testing (Testing)\\TS -PT PART 3\\14.04 Dreyers Support Action (Ongoing _ Completed ref) - PART 4\\20220623_184236\\1656017851593.png, D:\\Projet Test Auto\\Mediabox Test Automation\\Reports\\20220623_184212\\03. Parallel Testing (Testing)\\TS -PT PART 3\\14.04 Dreyers Support Action (Ongoing _ Completed ref) - PART 4\\20220623_184236\\1656017895082.png, D:\\Projet Test Auto\\Mediabox Test Automation\\Reports\\20220623_184212\\03. Parallel Testing (Testing)\\TS -PT PART 3\\14.04 Dreyers Support Action (Ongoing _ Completed ref) - PART 4\\20220623_184236\\1656017918496.png, D:\\Projet Test Auto\\Mediabox Test Automation\\Reports\\20220623_184212\\03. Parallel Testing (Testing)\\TS -PT PART 3\\14.04 Dreyers Support Action (Ongoing _ Completed ref) - PART 4\\20220623_184236\\1656017962768.png, D:\\Projet Test Auto\\Mediabox Test Automation\\Reports\\20220623_184212\\03. Parallel Testing (Testing)\\TS -PT PART 3\\14.04 Dreyers Support Action (Ongoing _ Completed ref) - PART 4\\20220623_184236\\1656017979112.png, D:\\Projet Test Auto\\Mediabox Test Automation\\Reports\\20220623_184212\\03. Parallel Testing (Testing)\\TS -PT PART 3\\14.04 Dreyers Support Action (Ongoing _ Completed ref) - PART 4\\20220623_184236\\1656018020747.png, D:\\Projet Test Auto\\Mediabox Test Automation\\Reports\\20220623_184212\\03. Parallel Testing (Testing)\\TS -PT PART 3\\14.04 Dreyers Support Action (Ongoing _ Completed ref) - PART 4\\20220623_184236\\1656018097792.png, D:\\Projet Test Auto\\Mediabox Test Automation\\Reports\\20220623_184212\\03. Parallel Testing (Testing)\\TS -PT PART 3\\14.04 Dreyers Support Action (Ongoing _ Completed ref) - PART 4\\20220623_184236\\1656018221066.png, D:\\Projet Test Auto\\Mediabox Test Automation\\Reports\\20220623_184212\\03. Parallel Testing (Testing)\\TS -PT PART 3\\14.04 Dreyers Support Action (Ongoing _ Completed ref) - PART 4\\20220623_184236\\1656018234882.png, D:\\Projet Test Auto\\Mediabox Test Automation\\Reports\\20220623_184212\\03. Parallel Testing (Testing)\\TS -PT PART 3\\14.04 Dreyers Support Action (Ongoing _ Completed ref) - PART 4\\20220623_184236\\1656018240962.png, D:\\Projet Test Auto\\Mediabox Test Automation\\Reports\\20220623_184212\\03. Parallel Testing (Testing)\\TS -PT PART 3\\14.04 Dreyers Support Action (Ongoing _ Completed ref) - PART 4\\20220623_184236\\1656018253497.png, D:\\Projet Test Auto\\Mediabox Test Automation\\Reports\\20220623_184212\\03. Parallel Testing (Testing)\\TS -PT PART 3\\14.04 Dreyers Support Action (Ongoing _ Completed ref) - PART 4\\20220623_184236\\1656018276551.png, D:\\Projet Test Auto\\Mediabox Test Automation\\Reports\\20220623_184212\\03. Parallel Testing (Testing)\\TS -PT PART 3\\14.04 Dreyers Support Action (Ongoing _ Completed ref) - PART 4\\20220623_184236\\1656018286870.png, D:\\Projet Test Auto\\Mediabox Test Automation\\Reports\\20220623_184212\\03. Parallel Testing (Testing)\\TS -PT PART 3\\14.04 Dreyers Support Action (Ongoing _ Completed ref) - PART 4\\20220623_184236\\1656018314097.png, D:\\Projet Test Auto\\Mediabox Test Automation\\Reports\\20220623_184212\\03. Parallel Testing (Testing)\\TS -PT PART 3\\14.04 Dreyers Support Action (Ongoing _ Completed ref) - PART 4\\20220623_184236\\1656018334861.png, D:\\Projet Test Auto\\Mediabox Test Automation\\Reports\\20220623_184212\\03. Parallel Testing (Testing)\\TS -PT PART 3\\14.04 Dreyers Support Action (Ongoing _ Completed ref) - PART 4\\20220623_184236\\1656018340147.png, D:\\Projet Test Auto\\Mediabox Test Automation\\Reports\\20220623_184212\\03. Parallel Testing (Testing)\\TS -PT PART 3\\14.04 Dreyers Support Action (Ongoing _ Completed ref) - PART 4\\20220623_184236\\1656018373376.png, D:\\Projet Test Auto\\Mediabox Test Automation\\Reports\\20220623_184212\\03. Parallel Testing (Testing)\\TS -PT PART 3\\14.04 Dreyers Support Action (Ongoing _ Completed ref) - PART 4\\20220623_184236\\1656018385744.png, D:\\Projet Test Auto\\Mediabox Test Automation\\Reports\\20220623_184212\\03. Parallel Testing (Testing)\\TS -PT PART 3\\14.04 Dreyers Support Action (Ongoing _ Completed ref) - PART 4\\20220623_184236\\1656018394522.png, D:\\Projet Test Auto\\Mediabox Test Automation\\Reports\\20220623_184212\\03. Parallel Testing (Testing)\\TS -PT PART 3\\14.04 Dreyers Support Action (Ongoing _ Completed ref) - PART 4\\20220623_184236\\1656018410310.png, D:\\Projet Test Auto\\Mediabox Test Automation\\Reports\\20220623_184212\\03. Parallel Testing (Testing)\\TS -PT PART 3\\14.04 Dreyers Support Action (Ongoing _ Completed ref) - PART 4\\20220623_184236\\1656018411836.png, D:\\Projet Test Auto\\Mediabox Test Automation\\Reports\\20220623_184212\\03. Parallel Testing (Testing)\\TS -PT PART 3\\14.04 Dreyers Support Action (Ongoing _ Completed ref) - PART 4\\20220623_184236\\1656018414713.png, D:\\Projet Test Auto\\Mediabox Test Automation\\Reports\\20220623_184212\\03. Parallel Testing (Testing)\\TS -PT PART 3\\14.04 Dreyers Support Action (Ongoing _ Completed ref) - PART 4\\20220623_184236\\1656018418156.png, D:\\Projet Test Auto\\Mediabox Test Automation\\Reports\\20220623_184212\\03. Parallel Testing (Testing)\\TS -PT PART 3\\14.04 Dreyers Support Action (Ongoing _ Completed ref) - PART 4\\20220623_184236\\1656018423359.png, D:\\Projet Test Auto\\Mediabox Test Automation\\Reports\\20220623_184212\\03. Parallel Testing (Testing)\\TS -PT PART 3\\14.04 Dreyers Support Action (Ongoing _ Completed ref) - PART 4\\20220623_184236\\1656018425920.png, D:\\Projet Test Auto\\Mediabox Test Automation\\Reports\\20220623_184212\\03. Parallel Testing (Testing)\\TS -PT PART 3\\14.04 Dreyers Support Action (Ongoing _ Completed ref) - PART 4\\20220623_184236\\1656018499890.png, D:\\Projet Test Auto\\Mediabox Test Automation\\Reports\\20220623_184212\\03. Parallel Testing (Testing)\\TS -PT PART 3\\14.04 Dreyers Support Action (Ongoing _ Completed ref) - PART 4\\20220623_184236\\1656018511554.png, D:\\Projet Test Auto\\Mediabox Test Automation\\Reports\\20220623_184212\\03. Parallel Testing (Testing)\\TS -PT PART 3\\14.04 Dreyers Support Action (Ongoing _ Completed ref) - PART 4\\20220623_184236\\1656018570889.png, D:\\Projet Test Auto\\Mediabox Test Automation\\Reports\\20220623_184212\\03. Parallel Testing (Testing)\\TS -PT PART 3\\14.04 Dreyers Support Action (Ongoing _ Completed ref) - PART 4\\20220623_184236\\1656018587454.png, D:\\Projet Test Auto\\Mediabox Test Automation\\Reports\\20220623_184212\\03. Parallel Testing (Testing)\\TS -PT PART 3\\14.04 Dreyers Support Action (Ongoing _ Completed ref) - PART 4\\20220623_184236\\1656018656303.png, D:\\Projet Test Auto\\Mediabox Test Automation\\Reports\\20220623_184212\\03. Parallel Testing (Testing)\\TS -PT PART 3\\14.04 Dreyers Support Action (Ongoing _ Completed ref) - PART 4\\20220623_184236\\1656018668415.png, D:\\Projet Test Auto\\Mediabox Test Automation\\Reports\\20220623_184212\\03. Parallel Testing (Testing)\\TS -PT PART 3\\14.04 Dreyers Support Action (Ongoing _ Completed ref) - PART 4\\20220623_184236\\1656018731336.png, D:\\Projet Test Auto\\Mediabox Test Automation\\Reports\\20220623_184212\\03. Parallel Testing (Testing)\\TS -PT PART 3\\14.04 Dreyers Support Action (Ongoing _ Completed ref) - PART 4\\20220623_184236\\1656018740262.png, D:\\Projet Test Auto\\Mediabox Test Automation\\Reports\\20220623_184212\\03. Parallel Testing (Testing)\\TS -PT PART 3\\14.04 Dreyers Support Action (Ongoing _ Completed ref) - PART 4\\20220623_184236\\1656018798938.png, D:\\Projet Test Auto\\Mediabox Test Automation\\Reports\\20220623_184212\\03. Parallel Testing (Testing)\\TS -PT PART 3\\14.04 Dreyers Support Action (Ongoing _ Completed ref) - PART 4\\20220623_184236\\1656018830227.png, D:\\Projet Test Auto\\Mediabox Test Automation\\Reports\\20220623_184212\\03. Parallel Testing (Testing)\\TS -PT PART 3\\14.04 Dreyers Support Action (Ongoing _ Completed ref) - PART 4\\20220623_184236\\1656018912346.png, D:\\Projet Test Auto\\Mediabox Test Automation\\Reports\\20220623_184212\\03. Parallel Testing (Testing)\\TS -PT PART 3\\14.04 Dreyers Support Action (Ongoing _ Completed ref) - PART 4\\20220623_184236\\1656018949076.png, D:\\Projet Test Auto\\Mediabox Test Automation\\Reports\\20220623_184212\\03. Parallel Testing (Testing)\\TS -PT PART 3\\14.04 Dreyers Support Action (Ongoing _ Completed ref) - PART 4\\20220623_184236\\1656019015758.png, D:\\Projet Test Auto\\Mediabox Test Automation\\Reports\\20220623_184212\\03. Parallel Testing (Testing)\\TS -PT PART 3\\14.04 Dreyers Support Action (Ongoing _ Completed ref) - PART 4\\20220623_184236\\1656019028714.png, D:\\Projet Test Auto\\Mediabox Test Automation\\Reports\\20220623_184212\\03. Parallel Testing (Testing)\\TS -PT PART 3\\14.04 Dreyers Support Action (Ongoing _ Completed ref) - PART 4\\20220623_184236\\1656019037215.png, D:\\Projet Test Auto\\Mediabox Test Automation\\Reports\\20220623_184212\\03. Parallel Testing (Testing)\\TS -PT PART 3\\14.04 Dreyers Support Action (Ongoing _ Completed ref) - PART 4\\20220623_184236\\1656019050766.png, D:\\Projet Test Auto\\Mediabox Test Automation\\Reports\\20220623_184212\\03. Parallel Testing (Testing)\\TS -PT PART 3\\14.04 Dreyers Support Action (Ongoing _ Completed ref) - PART 4\\20220623_184236\\1656019075321.png, D:\\Projet Test Auto\\Mediabox Test Automation\\Reports\\20220623_184212\\03. Parallel Testing (Testing)\\TS -PT PART 3\\14.04 Dreyers Support Action (Ongoing _ Completed ref) - PART 4\\20220623_184236\\1656019086152.png, D:\\Projet Test Auto\\Mediabox Test Automation\\Reports\\20220623_184212\\03. Parallel Testing (Testing)\\TS -PT PART 3\\14.04 Dreyers Support Action (Ongoing _ Completed ref) - PART 4\\20220623_184236\\1656019115313.png, D:\\Projet Test Auto\\Mediabox Test Automation\\Reports\\20220623_184212\\03. Parallel Testing (Testing)\\TS -PT PART 3\\14.04 Dreyers Support Action (Ongoing _ Completed ref) - PART 4\\20220623_184236\\1656019136150.png, D:\\Projet Test Auto\\Mediabox Test Automation\\Reports\\20220623_184212\\03. Parallel Testing (Testing)\\TS -PT PART 3\\14.04 Dreyers Support Action (Ongoing _ Completed ref) - PART 4\\20220623_184236\\1656019140326.png, D:\\Projet Test Auto\\Mediabox Test Automation\\Reports\\20220623_184212\\03. Parallel Testing (Testing)\\TS -PT PART 3\\14.04 Dreyers Support Action (Ongoing _ Completed ref) - PART 4\\20220623_184236\\1656019171666.png, D:\\Projet Test Auto\\Mediabox Test Automation\\Reports\\20220623_184212\\03. Parallel Testing (Testing)\\TS -PT PART 3\\14.04 Dreyers Support Action (Ongoing _ Completed ref) - PART 4\\20220623_184236\\1656019186032.png, D:\\Projet Test Auto\\Mediabox Test Automation\\Reports\\20220623_184212\\03. Parallel Testing (Testing)\\TS -PT PART 3\\14.04 Dreyers Support Action (Ongoing _ Completed ref) - PART 4\\20220623_184236\\1656019195727.png, D:\\Projet Test Auto\\Mediabox Test Automation\\Reports\\20220623_184212\\03. Parallel Testing (Testing)\\TS -PT PART 3\\14.04 Dreyers Support Action (Ongoing _ Completed ref) - PART 4\\20220623_184236\\1656019214298.png, D:\\Projet Test Auto\\Mediabox Test Automation\\Reports\\20220623_184212\\03. Parallel Testing (Testing)\\TS -PT PART 3\\14.04 Dreyers Support Action (Ongoing _ Completed ref) - PART 4\\20220623_184236\\1656019216267.png, D:\\Projet Test Auto\\Mediabox Test Automation\\Reports\\20220623_184212\\03. Parallel Testing (Testing)\\TS -PT PART 3\\14.04 Dreyers Support Action (Ongoing _ Completed ref) - PART 4\\20220623_184236\\1656019223718.png, D:\\Projet Test Auto\\Mediabox Test Automation\\Reports\\20220623_184212\\03. Parallel Testing (Testing)\\TS -PT PART 3\\14.04 Dreyers Support Action (Ongoing _ Completed ref) - PART 4\\20220623_184236\\1656019226825.png, D:\\Projet Test Auto\\Mediabox Test Automation\\Reports\\20220623_184212\\03. Parallel Testing (Testing)\\TS -PT PART 3\\14.04 Dreyers Support Action (Ongoing _ Completed ref) - PART 4\\20220623_184236\\1656019300544.png, D:\\Projet Test Auto\\Mediabox Test Automation\\Reports\\20220623_184212\\03. Parallel Testing (Testing)\\TS -PT PART 3\\14.04 Dreyers Support Action (Ongoing _ Completed ref) - PART 4\\20220623_184236\\1656019350357.png, D:\\Projet Test Auto\\Mediabox Test Automation\\Reports\\20220623_184212\\03. Parallel Testing (Testing)\\TS -PT PART 3\\14.04 Dreyers Support Action (Ongoing _ Completed ref) - PART 4\\20220623_184236\\1656019366571.png, D:\\Projet Test Auto\\Mediabox Test Automation\\Reports\\20220623_184212\\03. Parallel Testing (Testing)\\TS -PT PART 3\\14.04 Dreyers Support Action (Ongoing _ Completed ref) - PART 4\\20220623_184236\\1656019438587.png, D:\\Projet Test Auto\\Mediabox Test Automation\\Reports\\20220623_184212\\03. Parallel Testing (Testing)\\TS -PT PART 3\\14.04 Dreyers Support Action (Ongoing _ Completed ref) - PART 4\\20220623_184236\\1656019449532.png, D:\\Projet Test Auto\\Mediabox Test Automation\\Reports\\20220623_184212\\03. Parallel Testing (Testing)\\TS -PT PART 3\\14.04 Dreyers Support Action (Ongoing _ Completed ref) - PART 4\\20220623_184236\\1656019454310.png, D:\\Projet Test Auto\\Mediabox Test Automation\\Reports\\20220623_184212\\03. Parallel Testing (Testing)\\TS -PT PART 3\\14.04 Dreyers Support Action (Ongoing _ Completed ref) - PART 4\\20220623_184236\\1656019466459.png, D:\\Projet Test Auto\\Mediabox Test Automation\\Reports\\20220623_184212\\03. Parallel Testing (Testing)\\TS -PT PART 3\\14.04 Dreyers Support Action (Ongoing _ Completed ref) - PART 4\\20220623_184236\\1656019495423.png, D:\\Projet Test Auto\\Mediabox Test Automation\\Reports\\20220623_184212\\03. Parallel Testing (Testing)\\TS -PT PART 3\\14.04 Dreyers Support Action (Ongoing _ Completed ref) - PART 4\\20220623_184236\\1656019506257.png, D:\\Projet Test Auto\\Mediabox Test Automation\\Reports\\20220623_184212\\03. Parallel Testing (Testing)\\TS -PT PART 3\\14.04 Dreyers Support Action (Ongoing _ Completed ref) - PART 4\\20220623_184236\\1656019532822.png, D:\\Projet Test Auto\\Mediabox Test Automation\\Reports\\20220623_184212\\03. Parallel Testing (Testing)\\TS -PT PART 3\\14.04 Dreyers Support Action (Ongoing _ Completed ref) - PART 4\\20220623_184236\\1656019554333.png, D:\\Projet Test Auto\\Mediabox Test Automation\\Reports\\20220623_184212\\03. Parallel Testing (Testing)\\TS -PT PART 3\\14.04 Dreyers Support Action (Ongoing _ Completed ref) - PART 4\\20220623_184236\\1656019564012.png, D:\\Projet Test Auto\\Mediabox Test Automation\\Reports\\20220623_184212\\03. Parallel Testing (Testing)\\TS -PT PART 3\\14.04 Dreyers Support Action (Ongoing _ Completed ref) - PART 4\\20220623_184236\\1656019594432.png, D:\\Projet Test Auto\\Mediabox Test Automation\\Reports\\20220623_184212\\03. Parallel Testing (Testing)\\TS -PT PART 3\\14.04 Dreyers Support Action (Ongoing _ Completed ref) - PART 4\\20220623_184236\\1656019605927.png, D:\\Projet Test Auto\\Mediabox Test Automation\\Reports\\20220623_184212\\03. Parallel Testing (Testing)\\TS -PT PART 3\\14.04 Dreyers Support Action (Ongoing _ Completed ref) - PART 4\\20220623_184236\\1656019613947.png, D:\\Projet Test Auto\\Mediabox Test Automation\\Reports\\20220623_184212\\03. Parallel Testing (Testing)\\TS -PT PART 3\\14.04 Dreyers Support Action (Ongoing _ Completed ref) - PART 4\\20220623_184236\\1656019621951.png, D:\\Projet Test Auto\\Mediabox Test Automation\\Reports\\20220623_184212\\03. Parallel Testing (Testing)\\TS -PT PART 3\\14.04 Dreyers Support Action (Ongoing _ Completed ref) - PART 4\\20220623_184236\\1656019623898.png, D:\\Projet Test Auto\\Mediabox Test Automation\\Reports\\20220623_184212\\03. Parallel Testing (Testing)\\TS -PT PART 3\\14.04 Dreyers Support Action (Ongoing _ Completed ref) - PART 4\\20220623_184236\\1656019628164.png, D:\\Projet Test Auto\\Mediabox Test Automation\\Reports\\20220623_184212\\03. Parallel Testing (Testing)\\TS -PT PART 3\\14.04 Dreyers Support Action (Ongoing _ Completed ref) - PART 4\\20220623_184236\\1656019631502.png, D:\\Projet Test Auto\\Mediabox Test Automation\\Reports\\20220623_184212\\03. Parallel Testing (Testing)\\TS -PT PART 3\\14.04 Dreyers Support Action (Ongoing _ Completed ref) - PART 4\\20220623_184236\\1656019668425.png, D:\\Projet Test Auto\\Mediabox Test Automation\\Reports\\20220623_184212\\03. Parallel Testing (Testing)\\TS -PT PART 3\\14.04 Dreyers Support Action (Ongoing _ Completed ref) - PART 4\\20220623_184236\\1656019689908.png, D:\\Projet Test Auto\\Mediabox Test Automation\\Reports\\20220623_184212\\03. Parallel Testing (Testing)\\TS -PT PART 3\\14.04 Dreyers Support Action (Ongoing _ Completed ref) - PART 4\\20220623_184236\\1656019706088.png, D:\\Projet Test Auto\\Mediabox Test Automation\\Reports\\20220623_184212\\03. Parallel Testing (Testing)\\TS -PT PART 3\\14.04 Dreyers Support Action (Ongoing _ Completed ref) - PART 4\\20220623_184236\\1656019759960.png, D:\\Projet Test Auto\\Mediabox Test Automation\\Reports\\20220623_184212\\03. Parallel Testing (Testing)\\TS -PT PART 3\\14.04 Dreyers Support Action (Ongoing _ Completed ref) - PART 4\\20220623_184236\\1656019776711.png, D:\\Projet Test Auto\\Mediabox Test Automation\\Reports\\20220623_184212\\03. Parallel Testing (Testing)\\TS -PT PART 3\\14.04 Dreyers Support Action (Ongoing _ Completed ref) - PART 4\\20220623_184236\\1656019853101.png, D:\\Projet Test Auto\\Mediabox Test Automation\\Reports\\20220623_184212\\03. Parallel Testing (Testing)\\TS -PT PART 3\\14.04 Dreyers Support Action (Ongoing _ Completed ref) - PART 4\\20220623_184236\\1656019862202.png, D:\\Projet Test Auto\\Mediabox Test Automation\\Reports\\20220623_184212\\03. Parallel Testing (Testing)\\TS -PT PART 3\\14.04 Dreyers Support Action (Ongoing _ Completed ref) - PART 4\\20220623_184236\\1656019867732.png, D:\\Projet Test Auto\\Mediabox Test Automation\\Reports\\20220623_184212\\03. Parallel Testing (Testing)\\TS -PT PART 3\\14.04 Dreyers Support Action (Ongoing _ Completed ref) - PART 4\\20220623_184236\\1656019881213.png, D:\\Projet Test Auto\\Mediabox Test Automation\\Reports\\20220623_184212\\03. Parallel Testing (Testing)\\TS -PT PART 3\\14.04 Dreyers Support Action (Ongoing _ Completed ref) - PART 4\\20220623_184236\\1656019909228.png, D:\\Projet Test Auto\\Mediabox Test Automation\\Reports\\20220623_184212\\03. Parallel Testing (Testing)\\TS -PT PART 3\\14.04 Dreyers Support Action (Ongoing _ Completed ref) - PART 4\\20220623_184236\\1656019915639.png, D:\\Projet Test Auto\\Mediabox Test Automation\\Reports\\20220623_184212\\03. Parallel Testing (Testing)\\TS -PT PART 3\\14.04 Dreyers Support Action (Ongoing _ Completed ref) - PART 4\\20220623_184236\\1656019923990.png, D:\\Projet Test Auto\\Mediabox Test Automation\\Reports\\20220623_184212\\03. Parallel Testing (Testing)\\TS -PT PART 3\\14.04 Dreyers Support Action (Ongoing _ Completed ref) - PART 4\\20220623_184236\\1656020001854.png"/>
         <property name="hostName" value="lamhe - DPF-MBI-VERIF.ad.sgsco.int"/>
         <property name="os" value="Windows 10 64bit"/>
         <property name="katalonVersion" value="8.3.0.208"/>
         <property name="browser" value="Chrome 102.0.5005.115"/>
         <property name="hostAddress" value="10.15.10.53"/>
         <property name="sessionId" value="57bcf80dc3949a45358e0bbb7265e17c"/>
         <property name="seleniumVersion" value="3.141.59"/>
         <property name="proxyInformation" value="ProxyInformation { proxyOption=NO_PROXY, proxyServerType=HTTP, username=, password=********, proxyServerAddress=, proxyServerPort=0, executionList=&quot;&quot;, isApplyToDesiredCapabilities=true }"/>
         <property name="platform" value="Windows 10"/>
      </properties>
      <testcase name="Test Cases/19. Dreyers Support Action (Ongoing ref_completed)/19.21 Dreyers SAS Add Phase group (Ongoing ref) S27 - P21" time="971.184" classname="Test Cases/19. Dreyers Support Action (Ongoing ref_completed)/19.21 Dreyers SAS Add Phase group (Ongoing ref) S27 - P21" status="PASSED">
         <system-out><![CDATA[2022-06-23 22:32:57 - [TEST_CASE][PASSED] - Test Cases/19. Dreyers Support Action (Ongoing ref_completed)/19.21 Dreyers SAS Add Phase group (Ongoing ref) S27 - P21: Test Cases/19. Dreyers Support Action (Ongoing ref_completed)/19.21 Dreyers SAS Add Phase group (Ongoing ref) S27 - P21

2022-06-23 22:32:59 - [TEST_STEP][PASSED] - data_Dreyers = findTestData("Data Files/Username_Password/Dreyer"): null

2022-06-23 22:32:59 - [TEST_STEP][PASSED] - password_suser = data_Dreyers.getValue(2, 1): null

2022-06-23 22:32:59 - [TEST_STEP][PASSED] - password_blemco = data_Dreyers.getValue(2, 2): null

2022-06-23 22:32:59 - [TEST_STEP][PASSED] - password_nturner = data_Dreyers.getValue(2, 6): null

2022-06-23 22:32:59 - [TEST_STEP][PASSED] - password_talexeeva = data_Dreyers.getValue(2, 7): null

2022-06-23 22:32:59 - [TEST_STEP][PASSED] - password_jryan = data_Dreyers.getValue(2, 12): null

2022-06-23 22:32:59 - [TEST_STEP][PASSED] - password_lmary = data_Dreyers.getValue(2, 13): null

2022-06-23 22:32:59 - [TEST_STEP][PASSED] - data_urlRELAUTO = findTestData("Data Files/URL/URL_relauto"): null

2022-06-23 22:32:59 - [TEST_STEP][PASSED] - Url_Dreyer = data_urlRELAUTO.getValue(2, 4): null

2022-06-23 22:32:59 - [TEST_STEP][PASSED] - Project_No = I.readnotepad("D:\Upoad_File\Projet_ Login\Dreyers\19.1\19.1_Dreyers_ProjectNo.txt"): null

2022-06-23 22:32:59 - [TEST_STEP][PASSED] - refID = I.readnotepad("D:\Upoad_File\Projet_ Login\Dreyers\19.1\19.1_Dreyers_refID.txt"): null

2022-06-23 22:32:59 - [TEST_STEP][PASSED] - openBrowser(Url_Dreyer): Browser is opened with url: 'http://mdb-release.diadeis.lan/MediaboxIndependence/?MBI_datasource=RELTESTAUTO_DREYERS'

2022-06-23 22:33:00 - [MESSAGE][INFO] - Starting 'Chrome (headless)' driver

2022-06-23 22:33:00 - [MESSAGE][INFO] - User set preference: ['args', '[--window-size=1920,1080, --headless]']

2022-06-23 22:33:00 - [MESSAGE][INFO] - Action delay is set to 0 milliseconds

2022-06-23 22:33:22 - [MESSAGE][PASSED] - Browser is opened with url: 'http://mdb-release.diadeis.lan/MediaboxIndependence/?MBI_datasource=RELTESTAUTO_DREYERS'

2022-06-23 22:33:22 - [TEST_STEP][PASSED] - maximizeWindow(): Current window maximized

2022-06-23 22:33:22 - [MESSAGE][PASSED] - Current window maximized

2022-06-23 22:33:22 - [TEST_STEP][PASSED] - I.Login_password("suser", password_suser): Object: 'Object Repository/1. Constant/xpath' is clicked on

2022-06-23 22:33:23 - [MESSAGE][PASSED] - Text 'suser' is set on object 'Object Repository/1. Constant/xpath'

2022-06-23 22:33:24 - [MESSAGE][PASSED] - Delayed 1 second(s)

2022-06-23 22:33:26 - [MESSAGE][PASSED] - Text 'diadeis' is set on object 'Object Repository/1. Constant/xpath'

2022-06-23 22:33:27 - [MESSAGE][PASSED] - Delayed 1 second(s)

2022-06-23 22:33:40 - [MESSAGE][PASSED] - Object: 'Object Repository/1. Constant/xpath' is clicked on

2022-06-23 22:33:40 - [TEST_STEP][PASSED] - click(findTestObject("1. Constant/02_LHSMenu_Projects")): Object: 'Object Repository/1. Constant/02_LHSMenu_Projects' is clicked on

2022-06-23 22:33:45 - [MESSAGE][PASSED] - Object: 'Object Repository/1. Constant/02_LHSMenu_Projects' is clicked on

2022-06-23 22:33:45 - [TEST_STEP][PASSED] - I.SearchProjectNo_xpath(Project_No, "//*[@id="keynum_project"]", "//*[@id="form_filters"]/div[4]/button"): Delayed 5 second(s)

2022-06-23 22:33:46 - [MESSAGE][PASSED] - Delayed 1 second(s)

2022-06-23 22:33:47 - [MESSAGE][PASSED] - Text 'MI000883' is set on object 'Object Repository/1. Constant/xpath'

2022-06-23 22:33:50 - [MESSAGE][PASSED] - Delayed 3 second(s)

2022-06-23 22:33:52 - [MESSAGE][PASSED] - Scroll to object 'Object Repository/1. Constant/xpath' successfully

2022-06-23 22:33:58 - [MESSAGE][PASSED] - Object: 'Object Repository/1. Constant/xpath' is clicked on

2022-06-23 22:34:03 - [MESSAGE][PASSED] - Delayed 5 second(s)

2022-06-23 22:34:03 - [TEST_STEP][PASSED] - takeScreenshot(): Taking screenshot successfully

2022-06-23 22:34:03 - [MESSAGE][PASSED] - Taking screenshot successfully
[[ATTACHMENT|D:\\Projet Test Auto\\Mediabox Test Automation\\Reports\\20220623_184212\\03. Parallel Testing (Testing)\\TS -PT PART 3\\14.04 Dreyers Support Action (Ongoing _ Completed ref) - PART 4\\20220623_184236\\1656016443437.png]]

2022-06-23 22:34:03 - [TEST_STEP][PASSED] - click(findTestObject("1. Constant/xpath", ["xpath":"//*[@id="create_ref_btn"]/button"])): Object: 'Object Repository/1. Constant/xpath' is clicked on

2022-06-23 22:34:04 - [MESSAGE][PASSED] - Object: 'Object Repository/1. Constant/xpath' is clicked on

2022-06-23 22:34:04 - [TEST_STEP][PASSED] - click(findTestObject("1. Constant/xpath", ["xpath":"//*[@id="create_ref_btn"]/div/a"])): Object: 'Object Repository/1. Constant/xpath' is clicked on

2022-06-23 22:34:08 - [MESSAGE][PASSED] - Object: 'Object Repository/1. Constant/xpath' is clicked on

2022-06-23 22:34:08 - [TEST_STEP][PASSED] - delay(1): Delayed 1 second(s)

2022-06-23 22:34:09 - [MESSAGE][PASSED] - Delayed 1 second(s)

2022-06-23 22:34:09 - [TEST_STEP][PASSED] - selectOptionByValue(findTestObject("1. Constant/xpath", ["xpath":"//*[@id="lfc_tpl"]"]), "36", false): All options with value '36' are selected in object 'Object Repository/1. Constant/xpath' 

2022-06-23 22:34:13 - [MESSAGE][PASSED] - All options with value '36' are selected in object 'Object Repository/1. Constant/xpath' 

2022-06-23 22:34:13 - [TEST_STEP][PASSED] - ref_name = "P21_Auto_SAS_S27_" + RandomStringUtils.randomAlphanumeric(5) + I.gettimedate(): null

2022-06-23 22:34:13 - [TEST_STEP][PASSED] - delay(1): Delayed 1 second(s)

2022-06-23 22:34:14 - [MESSAGE][PASSED] - Delayed 1 second(s)

2022-06-23 22:34:14 - [TEST_STEP][PASSED] - setText(findTestObject("1. Constant/xpath", ["xpath":"//*[@id="var_name"]"]), ref_name): Text 'P21_Auto_SAS_S27_ynWo6juin232022_223413' is set on object 'Object Repository/1. Constant/xpath'

2022-06-23 22:34:18 - [MESSAGE][PASSED] - Text 'P21_Auto_SAS_S27_ynWo6juin232022_223413' is set on object 'Object Repository/1. Constant/xpath'

2022-06-23 22:34:18 - [TEST_STEP][PASSED] - takeScreenshot(): Taking screenshot successfully

2022-06-23 22:34:18 - [MESSAGE][PASSED] - Taking screenshot successfully
[[ATTACHMENT|D:\\Projet Test Auto\\Mediabox Test Automation\\Reports\\20220623_184212\\03. Parallel Testing (Testing)\\TS -PT PART 3\\14.04 Dreyers Support Action (Ongoing _ Completed ref) - PART 4\\20220623_184236\\1656016458539.png]]

2022-06-23 22:34:18 - [TEST_STEP][PASSED] - click(findTestObject("1. Constant/xpath", ["xpath":"//*[@id="createRefBottom"]"])): Object: 'Object Repository/1. Constant/xpath' is clicked on

2022-06-23 22:34:22 - [MESSAGE][PASSED] - Object: 'Object Repository/1. Constant/xpath' is clicked on

2022-06-23 22:34:22 - [TEST_STEP][PASSED] - delay(1): Delayed 1 second(s)

2022-06-23 22:34:23 - [MESSAGE][PASSED] - Delayed 1 second(s)

2022-06-23 22:34:23 - [TEST_STEP][PASSED] - takeScreenshot(): Taking screenshot successfully

2022-06-23 22:34:24 - [MESSAGE][PASSED] - Taking screenshot successfully
[[ATTACHMENT|D:\\Projet Test Auto\\Mediabox Test Automation\\Reports\\20220623_184212\\03. Parallel Testing (Testing)\\TS -PT PART 3\\14.04 Dreyers Support Action (Ongoing _ Completed ref) - PART 4\\20220623_184236\\1656016464109.png]]

2022-06-23 22:34:24 - [TEST_STEP][PASSED] - refID21 = I.RefID(): Current window's url is: 'http://mdb-release.diadeis.lan/MediaboxIndependence/Base/ExecAction?IDSession=MBI%21RELTESTAUTO_DREYERS%217KC124J31RD9O04ZG8BAZ5JJIKG064WD8X77MX4B&default_action=ModifierRef&id_project=MI000883&id_ref=5326&action_from=create_ref'

2022-06-23 22:34:29 - [MESSAGE][PASSED] - Delayed 5 second(s)

2022-06-23 22:34:29 - [MESSAGE][PASSED] - Current window's url is: 'http://mdb-release.diadeis.lan/MediaboxIndependence/Base/ExecAction?IDSession=MBI%21RELTESTAUTO_DREYERS%217KC124J31RD9O04ZG8BAZ5JJIKG064WD8X77MX4B&default_action=ModifierRef&id_project=MI000883&id_ref=5326&action_from=create_ref'

2022-06-23 22:34:29 - [TEST_STEP][PASSED] - click(findTestObject("1. Constant/xpath", ["xpath":"//*[@id="type_save"]"])): Object: 'Object Repository/1. Constant/xpath' is clicked on

2022-06-23 22:34:38 - [MESSAGE][PASSED] - Object: 'Object Repository/1. Constant/xpath' is clicked on

2022-06-23 22:34:38 - [TEST_STEP][PASSED] - takeScreenshot(): Taking screenshot successfully

2022-06-23 22:34:40 - [MESSAGE][PASSED] - Taking screenshot successfully
[[ATTACHMENT|D:\\Projet Test Auto\\Mediabox Test Automation\\Reports\\20220623_184212\\03. Parallel Testing (Testing)\\TS -PT PART 3\\14.04 Dreyers Support Action (Ongoing _ Completed ref) - PART 4\\20220623_184236\\1656016479295.png]]

2022-06-23 22:34:40 - [TEST_STEP][PASSED] - delay(1): Delayed 1 second(s)

2022-06-23 22:34:41 - [MESSAGE][PASSED] - Delayed 1 second(s)

2022-06-23 22:34:41 - [TEST_STEP][PASSED] - I.SearchRefNo_xpath("P21_Auto", "//*[@id="fiche_filter_keywords11"]", "//*[@id="form_filters"]/div[3]/button"): Delayed 5 second(s)

2022-06-23 22:34:42 - [MESSAGE][PASSED] - Delayed 1 second(s)

2022-06-23 22:34:44 - [MESSAGE][PASSED] - Text 'P21_Auto' is set on object 'Object Repository/1. Constant/xpath'

2022-06-23 22:34:47 - [MESSAGE][PASSED] - Delayed 3 second(s)

2022-06-23 22:34:47 - [MESSAGE][PASSED] - Scroll to object 'Object Repository/1. Constant/xpath' successfully

2022-06-23 22:34:51 - [MESSAGE][PASSED] - Object: 'Object Repository/1. Constant/xpath' is clicked on

2022-06-23 22:34:56 - [MESSAGE][PASSED] - Delayed 5 second(s)

2022-06-23 22:34:56 - [TEST_STEP][PASSED] - click(findTestObject("1. Constant/xpath", ["xpath":"//*[@id="source_" + refID21 + ""]/td[14]/a[3]"])): Object: 'Object Repository/1. Constant/xpath' is clicked on

2022-06-23 22:35:00 - [MESSAGE][PASSED] - Object: 'Object Repository/1. Constant/xpath' is clicked on

2022-06-23 22:35:00 - [TEST_STEP][PASSED] - click(findTestObject("1. Constant/xpath", ["xpath":"//*[@id="ModifFiche"]/div[1]/div/button[2]"])): Object: 'Object Repository/1. Constant/xpath' is clicked on

2022-06-23 22:35:06 - [MESSAGE][PASSED] - Object: 'Object Repository/1. Constant/xpath' is clicked on

2022-06-23 22:35:06 - [TEST_STEP][PASSED] - takeScreenshot(): Taking screenshot successfully

2022-06-23 22:35:07 - [MESSAGE][PASSED] - Taking screenshot successfully
[[ATTACHMENT|D:\\Projet Test Auto\\Mediabox Test Automation\\Reports\\20220623_184212\\03. Parallel Testing (Testing)\\TS -PT PART 3\\14.04 Dreyers Support Action (Ongoing _ Completed ref) - PART 4\\20220623_184236\\1656016507032.png]]

2022-06-23 22:35:07 - [TEST_STEP][PASSED] - delay(1): Delayed 1 second(s)

2022-06-23 22:35:08 - [MESSAGE][PASSED] - Delayed 1 second(s)

2022-06-23 22:35:08 - [TEST_STEP][PASSED] - click(findTestObject("1. Constant/xpath", ["xpath":"//*[@id="source_" + refID21 + ""]/td[14]/a[3]"])): Object: 'Object Repository/1. Constant/xpath' is clicked on

2022-06-23 22:35:11 - [MESSAGE][PASSED] - Object: 'Object Repository/1. Constant/xpath' is clicked on

2022-06-23 22:35:11 - [TEST_STEP][PASSED] - click(findTestObject("1. Constant/xpath", ["xpath":"//*[@id="ModifFiche"]/div[1]/div/button[2]"])): Object: 'Object Repository/1. Constant/xpath' is clicked on

2022-06-23 22:35:17 - [MESSAGE][PASSED] - Object: 'Object Repository/1. Constant/xpath' is clicked on

2022-06-23 22:35:17 - [TEST_STEP][PASSED] - takeScreenshot(): Taking screenshot successfully

2022-06-23 22:35:19 - [MESSAGE][PASSED] - Taking screenshot successfully
[[ATTACHMENT|D:\\Projet Test Auto\\Mediabox Test Automation\\Reports\\20220623_184212\\03. Parallel Testing (Testing)\\TS -PT PART 3\\14.04 Dreyers Support Action (Ongoing _ Completed ref) - PART 4\\20220623_184236\\1656016518191.png]]

2022-06-23 22:35:19 - [TEST_STEP][PASSED] - delay(1): Delayed 1 second(s)

2022-06-23 22:35:20 - [MESSAGE][PASSED] - Delayed 1 second(s)

2022-06-23 22:35:20 - [TEST_STEP][PASSED] - color1 = getCSSValue(findTestObject("1. Constant/xpath", ["xpath":"//*[@id="source_" + refID21 + ""]/td[14]/a[2]"]), "color", OPTIONAL): Get CSS 'color' value on 'Object Repository/1. Constant/xpath' successfully: 'rgba(255, 255, 255, 1)'.

2022-06-23 22:35:20 - [MESSAGE][PASSED] - Get CSS 'color' value on 'Object Repository/1. Constant/xpath' successfully: 'rgba(255, 255, 255, 1)'.

2022-06-23 22:35:20 - [TEST_STEP][PASSED] - while (color1 == "rgba(255, 255, 255, 1)"): Get CSS 'color' value on 'Object Repository/1. Constant/xpath' successfully: 'rgba(54, 153, 255, 1)'.

2022-06-23 22:35:20 - [TEST_STEP][PASSED] - click(findTestObject("1. Constant/xpath", ["xpath":"//*[@id="source_" + refID21 + ""]/td[14]/a[2]"])): Object: 'Object Repository/1. Constant/xpath' is clicked on

2022-06-23 22:35:25 - [MESSAGE][PASSED] - Object: 'Object Repository/1. Constant/xpath' is clicked on

2022-06-23 22:35:25 - [TEST_STEP][PASSED] - I.UploadDoc_sendkey_Prod(findTestObject("1. Constant/xpath", ["xpath":"//*[@id="kt_body"]/input[2]"]), "D:\Upoad_File\Upload doc\testdata1.pdf", "testdata1"): Delayed 5 second(s)

2022-06-23 22:35:25 - [MESSAGE][PASSED] - Scroll to object 'Object Repository/1. Constant/xpath' successfully

2022-06-23 22:35:30 - [MESSAGE][PASSED] - Delayed 5 second(s)

2022-06-23 22:35:32 - [MESSAGE][PASSED] - File 'D:\Upoad_File\Upload doc\testdata1.pdf' sent to object: 'Object Repository/1. Constant/xpath'

2022-06-23 22:35:37 - [MESSAGE][PASSED] - Delayed 5 second(s)

2022-06-23 22:35:38 - [MESSAGE][PASSED] - Text 'testdata1' is present on page 

2022-06-23 22:35:43 - [MESSAGE][PASSED] - Delayed 5 second(s)

2022-06-23 22:35:48 - [MESSAGE][PASSED] - Delayed 5 second(s)

2022-06-23 22:35:48 - [TEST_STEP][PASSED] - takeScreenshot(): Taking screenshot successfully

2022-06-23 22:35:49 - [MESSAGE][PASSED] - Taking screenshot successfully
[[ATTACHMENT|D:\\Projet Test Auto\\Mediabox Test Automation\\Reports\\20220623_184212\\03. Parallel Testing (Testing)\\TS -PT PART 3\\14.04 Dreyers Support Action (Ongoing _ Completed ref) - PART 4\\20220623_184236\\1656016548451.png]]

2022-06-23 22:35:49 - [TEST_STEP][PASSED] - delay(8): Delayed 8 second(s)

2022-06-23 22:35:57 - [MESSAGE][PASSED] - Delayed 8 second(s)

2022-06-23 22:35:57 - [TEST_STEP][PASSED] - click(findTestObject("HL Full Lifecycle/12 ReferncePage_Button_Updatensenddoc")): Object: 'Object Repository/HL Full Lifecycle/12 ReferncePage_Button_Updatensenddoc' is clicked on

2022-06-23 22:36:05 - [MESSAGE][PASSED] - Object: 'Object Repository/HL Full Lifecycle/12 ReferncePage_Button_Updatensenddoc' is clicked on

2022-06-23 22:36:05 - [TEST_STEP][PASSED] - delay(4): Delayed 4 second(s)

2022-06-23 22:36:09 - [MESSAGE][PASSED] - Delayed 4 second(s)

2022-06-23 22:36:09 - [TEST_STEP][PASSED] - color1 = getCSSValue(findTestObject("1. Constant/xpath", ["xpath":"//*[@id="source_" + refID21 + ""]/td[14]/a[2]"]), "color", OPTIONAL): Get CSS 'color' value on 'Object Repository/1. Constant/xpath' successfully: 'rgba(54, 153, 255, 1)'.

2022-06-23 22:36:10 - [MESSAGE][PASSED] - Get CSS 'color' value on 'Object Repository/1. Constant/xpath' successfully: 'rgba(54, 153, 255, 1)'.

2022-06-23 22:36:10 - [TEST_STEP][PASSED] - takeScreenshot(): Taking screenshot successfully

2022-06-23 22:36:10 - [MESSAGE][PASSED] - Taking screenshot successfully
[[ATTACHMENT|D:\\Projet Test Auto\\Mediabox Test Automation\\Reports\\20220623_184212\\03. Parallel Testing (Testing)\\TS -PT PART 3\\14.04 Dreyers Support Action (Ongoing _ Completed ref) - PART 4\\20220623_184236\\1656016570602.png]]

2022-06-23 22:36:10 - [TEST_STEP][PASSED] - click(findTestObject("1. Constant/xpath", ["xpath":"//*[@id="source_" + refID21 + ""]/td[6]/a"])): Object: 'Object Repository/1. Constant/xpath' is clicked on

2022-06-23 22:36:15 - [MESSAGE][PASSED] - Object: 'Object Repository/1. Constant/xpath' is clicked on

2022-06-23 22:36:15 - [TEST_STEP][PASSED] - takeScreenshot(): Taking screenshot successfully

2022-06-23 22:36:16 - [MESSAGE][PASSED] - Taking screenshot successfully
[[ATTACHMENT|D:\\Projet Test Auto\\Mediabox Test Automation\\Reports\\20220623_184212\\03. Parallel Testing (Testing)\\TS -PT PART 3\\14.04 Dreyers Support Action (Ongoing _ Completed ref) - PART 4\\20220623_184236\\1656016575605.png]]

2022-06-23 22:36:16 - [TEST_STEP][PASSED] - delay(1): Delayed 1 second(s)

2022-06-23 22:36:17 - [MESSAGE][PASSED] - Delayed 1 second(s)

2022-06-23 22:36:17 - [TEST_STEP][PASSED] - I.Approveforothers("/html/body/div[1]/div[2]/div[8]/div[3]/div/div[3]/div[2]/div/div[3]/div/div[2]/div[1]/div/div[2]/div/div[2]/div[2]/div/div/div[1]/img", "/html/body/div[1]/div[2]/div[8]/div[3]/div/div[3]/div[2]/div/div[3]/div/div[2]/div[1]/div/div[2]/div/div[2]/div[2]/div/div/div[6]/a[2]/span"): Object: 'Object Repository/1. Constant/xpath' is clicked on

2022-06-23 22:36:18 - [MESSAGE][PASSED] - Object: 'Object Repository/1. Constant/xpath' is clicked on

2022-06-23 22:36:19 - [MESSAGE][PASSED] - Delayed 1 second(s)

2022-06-23 22:36:21 - [MESSAGE][PASSED] - Object: 'Object Repository/1. Constant/xpath' is clicked on

2022-06-23 22:36:22 - [MESSAGE][PASSED] - Delayed 1 second(s)

2022-06-23 22:36:23 - [MESSAGE][PASSED] - Object: 'Object Repository/1. Constant/xpath' is hovered

2022-06-23 22:36:24 - [MESSAGE][PASSED] - Object: 'Object Repository/1. Constant/xpath' is clicked on

2022-06-23 22:36:25 - [MESSAGE][PASSED] - Delayed 1 second(s)

2022-06-23 22:36:30 - [MESSAGE][PASSED] - Object: 'Object Repository/1. Constant/xpath' is clicked on

2022-06-23 22:36:30 - [TEST_STEP][PASSED] - delay(1): Delayed 1 second(s)

2022-06-23 22:36:31 - [MESSAGE][PASSED] - Delayed 1 second(s)

2022-06-23 22:36:31 - [TEST_STEP][PASSED] - click(findTestObject("1. Constant/xpath", ["xpath":"//*[@id="kt_subheader"]/div/nav/ol/li[2]/a"])): Object: 'Object Repository/1. Constant/xpath' is clicked on

2022-06-23 22:36:35 - [MESSAGE][PASSED] - Object: 'Object Repository/1. Constant/xpath' is clicked on

2022-06-23 22:36:35 - [TEST_STEP][PASSED] - delay(1): Delayed 1 second(s)

2022-06-23 22:36:36 - [MESSAGE][PASSED] - Delayed 1 second(s)

2022-06-23 22:36:36 - [TEST_STEP][PASSED] - I.submitquesiton_ref(findTestObject("1. Constant/xpath", ["xpath":"//*[@id="source_" + refID21 + ""]/td[14]/div[1]/button"]), findTestObject("1. Constant/xpath", ["xpath":"//*[@id="source_" + refID21 + ""]/td[14]/div[1]/div/a[1]"])): Object: 'Object Repository/1. Constant/xpath' is clicked on

2022-06-23 22:36:37 - [MESSAGE][PASSED] - Object: 'Object Repository/1. Constant/xpath' is clicked on

2022-06-23 22:36:40 - [MESSAGE][PASSED] - Delayed 3 second(s)

2022-06-23 22:36:43 - [MESSAGE][PASSED] - Object: 'Object Repository/1. Constant/xpath' is clicked on

2022-06-23 22:36:43 - [TEST_STEP][PASSED] - click(findTestObject("1. Constant/xpath", ["xpath":"//*[@id="ModifFiche"]/div[1]/div/button[2]"])): Object: 'Object Repository/1. Constant/xpath' is clicked on

2022-06-23 22:36:49 - [MESSAGE][PASSED] - Object: 'Object Repository/1. Constant/xpath' is clicked on

2022-06-23 22:36:49 - [TEST_STEP][PASSED] - takeScreenshot(): Taking screenshot successfully

2022-06-23 22:36:49 - [MESSAGE][PASSED] - Taking screenshot successfully
[[ATTACHMENT|D:\\Projet Test Auto\\Mediabox Test Automation\\Reports\\20220623_184212\\03. Parallel Testing (Testing)\\TS -PT PART 3\\14.04 Dreyers Support Action (Ongoing _ Completed ref) - PART 4\\20220623_184236\\1656016609329.png]]

2022-06-23 22:36:49 - [TEST_STEP][PASSED] - I.submitquesiton_ref(findTestObject("1. Constant/xpath", ["xpath":"//*[@id="source_" + refID21 + ""]/td[14]/div[1]/button"]), findTestObject("1. Constant/xpath", ["xpath":"//*[@id="source_" + refID21 + ""]/td[14]/div[1]/div/a[1]"])): Object: 'Object Repository/1. Constant/xpath' is clicked on

2022-06-23 22:36:50 - [MESSAGE][PASSED] - Object: 'Object Repository/1. Constant/xpath' is clicked on

2022-06-23 22:36:53 - [MESSAGE][PASSED] - Delayed 3 second(s)

2022-06-23 22:36:56 - [MESSAGE][PASSED] - Object: 'Object Repository/1. Constant/xpath' is clicked on

2022-06-23 22:36:56 - [TEST_STEP][PASSED] - click(findTestObject("1. Constant/xpath", ["xpath":"//*[@id="ModifFiche"]/div[1]/div/button[2]"])): Object: 'Object Repository/1. Constant/xpath' is clicked on

2022-06-23 22:37:03 - [MESSAGE][PASSED] - Object: 'Object Repository/1. Constant/xpath' is clicked on

2022-06-23 22:37:03 - [TEST_STEP][PASSED] - takeScreenshot(): Taking screenshot successfully

2022-06-23 22:37:04 - [MESSAGE][PASSED] - Taking screenshot successfully
[[ATTACHMENT|D:\\Projet Test Auto\\Mediabox Test Automation\\Reports\\20220623_184212\\03. Parallel Testing (Testing)\\TS -PT PART 3\\14.04 Dreyers Support Action (Ongoing _ Completed ref) - PART 4\\20220623_184236\\1656016623724.png]]

2022-06-23 22:37:04 - [TEST_STEP][PASSED] - click(findTestObject("1. Constant/xpath", ["xpath":"//*[@id="source_" + refID21 + ""]/td[14]/a[3]"])): Object: 'Object Repository/1. Constant/xpath' is clicked on

2022-06-23 22:37:06 - [MESSAGE][PASSED] - Object: 'Object Repository/1. Constant/xpath' is clicked on

2022-06-23 22:37:06 - [TEST_STEP][PASSED] - click(findTestObject("1. Constant/xpath", ["xpath":"//*[@id="ModifFiche"]/div[1]/div/button[2]"])): Object: 'Object Repository/1. Constant/xpath' is clicked on

2022-06-23 22:37:12 - [MESSAGE][PASSED] - Object: 'Object Repository/1. Constant/xpath' is clicked on

2022-06-23 22:37:12 - [TEST_STEP][PASSED] - click(findTestObject("1. Constant/xpath", ["xpath":"//*[@id="source_" + refID21 + ""]/td[14]/div[1]/button"])): Object: 'Object Repository/1. Constant/xpath' is clicked on

2022-06-23 22:37:12 - [MESSAGE][PASSED] - Object: 'Object Repository/1. Constant/xpath' is clicked on

2022-06-23 22:37:12 - [TEST_STEP][PASSED] - delay(1): Delayed 1 second(s)

2022-06-23 22:37:13 - [MESSAGE][PASSED] - Delayed 1 second(s)

2022-06-23 22:37:13 - [TEST_STEP][PASSED] - takeScreenshot(): Taking screenshot successfully

2022-06-23 22:37:15 - [MESSAGE][PASSED] - Taking screenshot successfully
[[ATTACHMENT|D:\\Projet Test Auto\\Mediabox Test Automation\\Reports\\20220623_184212\\03. Parallel Testing (Testing)\\TS -PT PART 3\\14.04 Dreyers Support Action (Ongoing _ Completed ref) - PART 4\\20220623_184236\\1656016634493.png]]

2022-06-23 22:37:15 - [TEST_STEP][PASSED] - delay(1): Delayed 1 second(s)

2022-06-23 22:37:16 - [MESSAGE][PASSED] - Delayed 1 second(s)

2022-06-23 22:37:16 - [TEST_STEP][PASSED] - x = 20: null

2022-06-23 22:37:16 - [TEST_STEP][PASSED] - i = 1: null

2022-06-23 22:37:16 - [TEST_STEP][PASSED] - while (i <= x): null

2022-06-23 22:37:16 - [TEST_STEP][PASSED] - Expected_SAS_Selected = "SAS S27: Add PG Step C/ Skip P3.1": null

2022-06-23 22:37:16 - [TEST_STEP][PASSED] - xpath_SAS = "//*[@id="source_" + refID21 + ""]/td[14]/div[1]/div/a[" + i + "]": null

2022-06-23 22:37:16 - [TEST_STEP][PASSED] - Actual_SAS = getText(findTestObject("1. Constant/xpath", ["xpath":xpath_SAS])): Text of object 'Object Repository/1. Constant/xpath' is: 'SAS: S6 - Add Steps C'

2022-06-23 22:37:16 - [MESSAGE][PASSED] - Text of object 'Object Repository/1. Constant/xpath' is: 'SAS: S6 - Add Steps C'

2022-06-23 22:37:16 - [TEST_STEP][PASSED] - I.print(i): null

2022-06-23 22:37:16 - [TEST_STEP][PASSED] - if (Actual_SAS.contains(Expected_SAS_Selected)): null

2022-06-23 22:37:16 - [TEST_STEP][PASSED] - i = i + 1: null

2022-06-23 22:37:16 - [TEST_STEP][PASSED] - Expected_SAS_Selected = "SAS S27: Add PG Step C/ Skip P3.1": null

2022-06-23 22:37:16 - [TEST_STEP][PASSED] - xpath_SAS = "//*[@id="source_" + refID21 + ""]/td[14]/div[1]/div/a[" + i + "]": null

2022-06-23 22:37:16 - [TEST_STEP][PASSED] - Actual_SAS = getText(findTestObject("1. Constant/xpath", ["xpath":xpath_SAS])): Text of object 'Object Repository/1. Constant/xpath' is: 'SAS S14 - Add Step group (SAS Lifecycle - SAS Step C)'

2022-06-23 22:37:17 - [MESSAGE][PASSED] - Text of object 'Object Repository/1. Constant/xpath' is: 'SAS S14 - Add Step group (SAS Lifecycle - SAS Step C)'

2022-06-23 22:37:17 - [TEST_STEP][PASSED] - I.print(i): null

2022-06-23 22:37:17 - [TEST_STEP][PASSED] - if (Actual_SAS.contains(Expected_SAS_Selected)): null

2022-06-23 22:37:17 - [TEST_STEP][PASSED] - i = i + 1: null

2022-06-23 22:37:17 - [TEST_STEP][PASSED] - Expected_SAS_Selected = "SAS S27: Add PG Step C/ Skip P3.1": null

2022-06-23 22:37:17 - [TEST_STEP][PASSED] - xpath_SAS = "//*[@id="source_" + refID21 + ""]/td[14]/div[1]/div/a[" + i + "]": null

2022-06-23 22:37:17 - [TEST_STEP][PASSED] - Actual_SAS = getText(findTestObject("1. Constant/xpath", ["xpath":xpath_SAS])): Text of object 'Object Repository/1. Constant/xpath' is: 'SAS: S15 - Add Step Group A & C'

2022-06-23 22:37:18 - [MESSAGE][PASSED] - Text of object 'Object Repository/1. Constant/xpath' is: 'SAS: S15 - Add Step Group A & C'

2022-06-23 22:37:18 - [TEST_STEP][PASSED] - I.print(i): null

2022-06-23 22:37:18 - [TEST_STEP][PASSED] - if (Actual_SAS.contains(Expected_SAS_Selected)): null

2022-06-23 22:37:18 - [TEST_STEP][PASSED] - i = i + 1: null

2022-06-23 22:37:18 - [TEST_STEP][PASSED] - Expected_SAS_Selected = "SAS S27: Add PG Step C/ Skip P3.1": null

2022-06-23 22:37:18 - [TEST_STEP][PASSED] - xpath_SAS = "//*[@id="source_" + refID21 + ""]/td[14]/div[1]/div/a[" + i + "]": null

2022-06-23 22:37:18 - [TEST_STEP][PASSED] - Actual_SAS = getText(findTestObject("1. Constant/xpath", ["xpath":xpath_SAS])): Text of object 'Object Repository/1. Constant/xpath' is: 'SAS S27: Add PG Step C/ Skip P3.1'

2022-06-23 22:37:19 - [MESSAGE][PASSED] - Text of object 'Object Repository/1. Constant/xpath' is: 'SAS S27: Add PG Step C/ Skip P3.1'

2022-06-23 22:37:19 - [TEST_STEP][PASSED] - I.print(i): null

2022-06-23 22:37:19 - [TEST_STEP][PASSED] - if (Actual_SAS.contains(Expected_SAS_Selected)): null

2022-06-23 22:37:19 - [TEST_STEP][PASSED] - click(findTestObject("1. Constant/xpath", ["xpath":xpath_SAS])): Object: 'Object Repository/1. Constant/xpath' is clicked on

2022-06-23 22:37:19 - [MESSAGE][PASSED] - Object: 'Object Repository/1. Constant/xpath' is clicked on

2022-06-23 22:37:19 - [TEST_STEP][PASSED] - break: null

2022-06-23 22:37:19 - [TEST_STEP][PASSED] - takeScreenshot(): Taking screenshot successfully

2022-06-23 22:37:20 - [MESSAGE][PASSED] - Taking screenshot successfully
[[ATTACHMENT|D:\\Projet Test Auto\\Mediabox Test Automation\\Reports\\20220623_184212\\03. Parallel Testing (Testing)\\TS -PT PART 3\\14.04 Dreyers Support Action (Ongoing _ Completed ref) - PART 4\\20220623_184236\\1656016640197.png]]

2022-06-23 22:37:20 - [TEST_STEP][PASSED] - click(findTestObject("1. Constant/xpath", ["xpath":"//*[@id="confirmSupportActionShortcut"]"])): Object: 'Object Repository/1. Constant/xpath' is clicked on

2022-06-23 22:37:25 - [MESSAGE][PASSED] - Object: 'Object Repository/1. Constant/xpath' is clicked on

2022-06-23 22:37:25 - [TEST_STEP][PASSED] - takeScreenshot(): Taking screenshot successfully

2022-06-23 22:37:27 - [MESSAGE][PASSED] - Taking screenshot successfully
[[ATTACHMENT|D:\\Projet Test Auto\\Mediabox Test Automation\\Reports\\20220623_184212\\03. Parallel Testing (Testing)\\TS -PT PART 3\\14.04 Dreyers Support Action (Ongoing _ Completed ref) - PART 4\\20220623_184236\\1656016646308.png]]

2022-06-23 22:37:27 - [TEST_STEP][PASSED] - click(findTestObject("1. Constant/xpath", ["xpath":"//*[@id="kt_content"]/div[3]/div/ul/li[3]/a"])): Object: 'Object Repository/1. Constant/xpath' is clicked on

2022-06-23 22:37:29 - [MESSAGE][PASSED] - Object: 'Object Repository/1. Constant/xpath' is clicked on

2022-06-23 22:37:29 - [TEST_STEP][PASSED] - takeScreenshot(): Taking screenshot successfully

2022-06-23 22:37:30 - [MESSAGE][PASSED] - Taking screenshot successfully
[[ATTACHMENT|D:\\Projet Test Auto\\Mediabox Test Automation\\Reports\\20220623_184212\\03. Parallel Testing (Testing)\\TS -PT PART 3\\14.04 Dreyers Support Action (Ongoing _ Completed ref) - PART 4\\20220623_184236\\1656016649551.png]]

2022-06-23 22:37:30 - [TEST_STEP][PASSED] - StepC_1 = getAttribute(findTestObject("1. Constant/xpath", ["xpath":"/html/body/div[1]/div[2]/div[8]/div[3]/div/div[3]/div[3]/div/ul/li[3]/a"]), "class"): Attribute 'class' of object 'Object Repository/1. Constant/xpath' is: 'nav-link timeline-badge badge-xl  bg-pending active'

2022-06-23 22:37:30 - [MESSAGE][PASSED] - Attribute 'class' of object 'Object Repository/1. Constant/xpath' is: 'nav-link timeline-badge badge-xl  bg-pending active'

2022-06-23 22:37:30 - [TEST_STEP][PASSED] - verifyMatch(StepC_1, "nav-link timeline-badge badge-xl  bg-pending active", false): Actual text 'nav-link timeline-badge badge-xl  bg-pending active' and expected text 'nav-link timeline-badge badge-xl  bg-pending active' are matched 

2022-06-23 22:37:30 - [MESSAGE][PASSED] - Actual text 'nav-link timeline-badge badge-xl  bg-pending active' and expected text 'nav-link timeline-badge badge-xl  bg-pending active' are matched 

2022-06-23 22:37:30 - [TEST_STEP][PASSED] - StepC_11 = I.Get_Stepname("/html/body/div[1]/div[2]/div[8]/div[3]/div/div[3]/div[3]/div/ul/li[3]/a"): Attribute 'href' of object 'Object Repository/1. Constant/xpath' is: 'http://mdb-release.diadeis.lan/MediaboxIndependence/Base/ExecAction?action=VoirRef&IDSession=MBI!RELTESTAUTO_DREYERS!7KC124J31RD9O04ZG8BAZ5JJIKG064WD8X77MX4B&num=3NDYJABOIR&id_ref=5326#tab_lifecycle_SASStepC_12348'

2022-06-23 22:37:35 - [MESSAGE][PASSED] - Delayed 5 second(s)

2022-06-23 22:37:36 - [MESSAGE][PASSED] - Attribute 'href' of object 'Object Repository/1. Constant/xpath' is: 'http://mdb-release.diadeis.lan/MediaboxIndependence/Base/ExecAction?action=VoirRef&IDSession=MBI!RELTESTAUTO_DREYERS!7KC124J31RD9O04ZG8BAZ5JJIKG064WD8X77MX4B&num=3NDYJABOIR&id_ref=5326#tab_lifecycle_SASStepC_12348'

2022-06-23 22:37:36 - [TEST_STEP][PASSED] - verifyMatch(StepC_11, "SASStepC", false): Actual text 'SASStepC' and expected text 'SASStepC' are matched 

2022-06-23 22:37:36 - [MESSAGE][PASSED] - Actual text 'SASStepC' and expected text 'SASStepC' are matched 

2022-06-23 22:37:36 - [TEST_STEP][PASSED] - StepCP4_1 = getText(findTestObject("1. Constant/xpath", ["xpath":"/html/body/div[1]/div[2]/div[8]/div[3]/div/div[3]/div[3]/div/div/div[3]/div/div[5]/div/div[1]/div[1]/h3"])): Text of object 'Object Repository/1. Constant/xpath' is: 'Phase 3.1 [Question]'

2022-06-23 22:37:36 - [MESSAGE][PASSED] - Text of object 'Object Repository/1. Constant/xpath' is: 'Phase 3.1 [Question]'

2022-06-23 22:37:36 - [TEST_STEP][PASSED] - verifyMatch(StepCP4_1, "Phase 3.1 [Question]", false): Actual text 'Phase 3.1 [Question]' and expected text 'Phase 3.1 [Question]' are matched 

2022-06-23 22:37:36 - [MESSAGE][PASSED] - Actual text 'Phase 3.1 [Question]' and expected text 'Phase 3.1 [Question]' are matched 

2022-06-23 22:37:36 - [TEST_STEP][PASSED] - Started_StepCP4_1 = getText(findTestObject("1. Constant/xpath", ["xpath":"/html/body/div[1]/div[2]/div[8]/div[3]/div/div[3]/div[3]/div/div/div[3]/div/div[5]/div/div[2]/div[1]"])): Text of object 'Object Repository/1. Constant/xpath' is: 'Started 06/23/22 04:37 PM'

2022-06-23 22:37:36 - [MESSAGE][PASSED] - Text of object 'Object Repository/1. Constant/xpath' is: 'Started 06/23/22 04:37 PM'

2022-06-23 22:37:36 - [TEST_STEP][PASSED] - if (Started_StepCP4_1.contains("Started")): Actual object '1' and expected object '1' are equal

2022-06-23 22:37:36 - [TEST_STEP][PASSED] - verifyEqual(1, 1): Actual object '1' and expected object '1' are equal

2022-06-23 22:37:36 - [MESSAGE][PASSED] - Actual object '1' and expected object '1' are equal

2022-06-23 22:37:36 - [TEST_STEP][PASSED] - StepCP4_2 = getText(findTestObject("1. Constant/xpath", ["xpath":"/html/body/div[1]/div[2]/div[8]/div[3]/div/div[3]/div[3]/div/div/div[3]/div/div[9]/div/div[1]/div[1]/h3"])): Text of object 'Object Repository/1. Constant/xpath' is: 'Phase 3.5[Prod]'

2022-06-23 22:37:37 - [MESSAGE][PASSED] - Text of object 'Object Repository/1. Constant/xpath' is: 'Phase 3.5[Prod]'

2022-06-23 22:37:37 - [TEST_STEP][PASSED] - verifyMatch(StepCP4_2, "Phase 3.5[Prod]", false): Actual text 'Phase 3.5[Prod]' and expected text 'Phase 3.5[Prod]' are matched 

2022-06-23 22:37:37 - [MESSAGE][PASSED] - Actual text 'Phase 3.5[Prod]' and expected text 'Phase 3.5[Prod]' are matched 

2022-06-23 22:37:37 - [TEST_STEP][PASSED] - StepCP4_3 = getText(findTestObject("1. Constant/xpath", ["xpath":"/html/body/div[1]/div[2]/div[8]/div[3]/div/div[3]/div[3]/div/div/div[3]/div/div[10]/div/div[1]/div[1]/h3"])): Text of object 'Object Repository/1. Constant/xpath' is: 'Phase 3.5[Prod]'

2022-06-23 22:37:38 - [MESSAGE][PASSED] - Text of object 'Object Repository/1. Constant/xpath' is: 'Phase 3.5[Prod]'

2022-06-23 22:37:38 - [TEST_STEP][PASSED] - verifyMatch(StepCP4_3, "Phase 3.5[Prod]", false): Actual text 'Phase 3.5[Prod]' and expected text 'Phase 3.5[Prod]' are matched 

2022-06-23 22:37:38 - [MESSAGE][PASSED] - Actual text 'Phase 3.5[Prod]' and expected text 'Phase 3.5[Prod]' are matched 

2022-06-23 22:37:38 - [TEST_STEP][PASSED] - verifyElementNotPresent(findTestObject("1. Constant/xpath", ["xpath":"/html/body/div[1]/div[2]/div[8]/div[3]/div/div[3]/div[3]/div/div/div[3]/div/div[11]/div/div[1]/div[1]/h3"]), 10): Web element with id: 'Object Repository/1. Constant/xpath' located by 'By.xpath: /html/body/div[1]/div[2]/div[8]/div[3]/div/div[3]/div[3]/div/div/div[3]/div/div[11]/div/div[1]/div[1]/h3' is not present after '10' second(s)

2022-06-23 22:37:39 - [MESSAGE][PASSED] - Web element with id: 'Object Repository/1. Constant/xpath' located by 'By.xpath: /html/body/div[1]/div[2]/div[8]/div[3]/div/div[3]/div[3]/div/div/div[3]/div/div[11]/div/div[1]/div[1]/h3' is not present after '10' second(s)

2022-06-23 22:37:39 - [TEST_STEP][PASSED] - verifyElementNotPresent(findTestObject("1. Constant/xpath", ["xpath":"/html/body/div[1]/div[2]/div[8]/div[3]/div/div[3]/div[3]/div/ul/li[4]/a"]), 10): Web element with id: 'Object Repository/1. Constant/xpath' located by 'By.xpath: /html/body/div[1]/div[2]/div[8]/div[3]/div/div[3]/div[3]/div/ul/li[4]/a' is not present after '10' second(s)

2022-06-23 22:37:39 - [MESSAGE][PASSED] - Web element with id: 'Object Repository/1. Constant/xpath' located by 'By.xpath: /html/body/div[1]/div[2]/div[8]/div[3]/div/div[3]/div[3]/div/ul/li[4]/a' is not present after '10' second(s)

2022-06-23 22:37:39 - [TEST_STEP][PASSED] - I.Logout(): Delayed 3 second(s)

2022-06-23 22:37:42 - [MESSAGE][PASSED] - Delayed 3 second(s)

2022-06-23 22:37:43 - [MESSAGE][PASSED] - Object: 'Object Repository/1. Constant/xpath' is clicked on

2022-06-23 22:37:46 - [MESSAGE][PASSED] - Delayed 3 second(s)

2022-06-23 22:37:49 - [MESSAGE][PASSED] - Object: 'Object Repository/1. Constant/xpath' is clicked on

2022-06-23 22:37:52 - [MESSAGE][PASSED] - Delayed 3 second(s)

2022-06-23 22:37:52 - [TEST_STEP][PASSED] - I.Login_password("talexeeva", password_talexeeva): Object: 'Object Repository/1. Constant/xpath' is clicked on

2022-06-23 22:37:55 - [MESSAGE][PASSED] - Text 'talexeeva' is set on object 'Object Repository/1. Constant/xpath'

2022-06-23 22:37:56 - [MESSAGE][PASSED] - Delayed 1 second(s)

2022-06-23 22:37:58 - [MESSAGE][PASSED] - Text 'diadeis2' is set on object 'Object Repository/1. Constant/xpath'

2022-06-23 22:37:59 - [MESSAGE][PASSED] - Delayed 1 second(s)

2022-06-23 22:38:05 - [MESSAGE][PASSED] - Object: 'Object Repository/1. Constant/xpath' is clicked on

2022-06-23 22:38:05 - [TEST_STEP][PASSED] - click(findTestObject("1. Constant/02_LHSMenu_Projects")): Object: 'Object Repository/1. Constant/02_LHSMenu_Projects' is clicked on

2022-06-23 22:38:10 - [MESSAGE][PASSED] - Object: 'Object Repository/1. Constant/02_LHSMenu_Projects' is clicked on

2022-06-23 22:38:10 - [TEST_STEP][PASSED] - I.SearchProjectNo_xpath(Project_No, "//*[@id="keynum_project"]", "//*[@id="form_filters"]/div[4]/button"): Delayed 5 second(s)

2022-06-23 22:38:11 - [MESSAGE][PASSED] - Delayed 1 second(s)

2022-06-23 22:38:12 - [MESSAGE][PASSED] - Text 'MI000883' is set on object 'Object Repository/1. Constant/xpath'

2022-06-23 22:38:15 - [MESSAGE][PASSED] - Delayed 3 second(s)

2022-06-23 22:38:16 - [MESSAGE][PASSED] - Scroll to object 'Object Repository/1. Constant/xpath' successfully

2022-06-23 22:38:19 - [MESSAGE][PASSED] - Object: 'Object Repository/1. Constant/xpath' is clicked on

2022-06-23 22:38:24 - [MESSAGE][PASSED] - Delayed 5 second(s)

2022-06-23 22:38:24 - [TEST_STEP][PASSED] - I.SearchRefNo_xpath("P21_Auto", "//*[@id="fiche_filter_keywords11"]", "//*[@id="form_filters"]/div[3]/button"): Delayed 5 second(s)

2022-06-23 22:38:25 - [MESSAGE][PASSED] - Delayed 1 second(s)

2022-06-23 22:38:26 - [MESSAGE][PASSED] - Text 'P21_Auto' is set on object 'Object Repository/1. Constant/xpath'

2022-06-23 22:38:29 - [MESSAGE][PASSED] - Delayed 3 second(s)

2022-06-23 22:38:29 - [MESSAGE][PASSED] - Scroll to object 'Object Repository/1. Constant/xpath' successfully

2022-06-23 22:38:33 - [MESSAGE][PASSED] - Object: 'Object Repository/1. Constant/xpath' is clicked on

2022-06-23 22:38:38 - [MESSAGE][PASSED] - Delayed 5 second(s)

2022-06-23 22:38:38 - [TEST_STEP][PASSED] - takeScreenshot(): Taking screenshot successfully

2022-06-23 22:38:39 - [MESSAGE][PASSED] - Taking screenshot successfully
[[ATTACHMENT|D:\\Projet Test Auto\\Mediabox Test Automation\\Reports\\20220623_184212\\03. Parallel Testing (Testing)\\TS -PT PART 3\\14.04 Dreyers Support Action (Ongoing _ Completed ref) - PART 4\\20220623_184236\\1656016718665.png]]

2022-06-23 22:38:39 - [TEST_STEP][PASSED] - I.submitquesiton_ref(findTestObject("1. Constant/xpath", ["xpath":"//*[@id="source_" + refID21 + ""]/td[13]/div[1]/button"]), findTestObject("1. Constant/xpath", ["xpath":"//*[@id="source_" + refID21 + ""]/td[13]/div[1]/div/a[1]"])): Object: 'Object Repository/1. Constant/xpath' is clicked on

2022-06-23 22:38:40 - [MESSAGE][PASSED] - Object: 'Object Repository/1. Constant/xpath' is clicked on

2022-06-23 22:38:43 - [MESSAGE][PASSED] - Delayed 3 second(s)

2022-06-23 22:38:45 - [MESSAGE][PASSED] - Object: 'Object Repository/1. Constant/xpath' is clicked on

2022-06-23 22:38:45 - [TEST_STEP][PASSED] - click(findTestObject("1. Constant/xpath", ["xpath":"//*[@id="ModifFiche"]/div[1]/div/button[2]"])): Object: 'Object Repository/1. Constant/xpath' is clicked on

2022-06-23 22:38:49 - [MESSAGE][PASSED] - Object: 'Object Repository/1. Constant/xpath' is clicked on

2022-06-23 22:38:49 - [TEST_STEP][PASSED] - takeScreenshot(): Taking screenshot successfully

2022-06-23 22:38:50 - [MESSAGE][PASSED] - Taking screenshot successfully
[[ATTACHMENT|D:\\Projet Test Auto\\Mediabox Test Automation\\Reports\\20220623_184212\\03. Parallel Testing (Testing)\\TS -PT PART 3\\14.04 Dreyers Support Action (Ongoing _ Completed ref) - PART 4\\20220623_184236\\1656016729896.png]]

2022-06-23 22:38:50 - [TEST_STEP][PASSED] - Lifecycle_Status22 = getText(findTestObject("1. Constant/xpath", ["xpath":"//*[@id="source_" + refID21 + ""]/td[12]/span[1]"])): Text of object 'Object Repository/1. Constant/xpath' is: 'Phase 3.2 [Question]'

2022-06-23 22:38:50 - [MESSAGE][PASSED] - Text of object 'Object Repository/1. Constant/xpath' is: 'Phase 3.2 [Question]'

2022-06-23 22:38:50 - [TEST_STEP][PASSED] - verifyMatch(Lifecycle_Status22, "Phase 3.2 [Question]", false): Actual text 'Phase 3.2 [Question]' and expected text 'Phase 3.2 [Question]' are matched 

2022-06-23 22:38:50 - [MESSAGE][PASSED] - Actual text 'Phase 3.2 [Question]' and expected text 'Phase 3.2 [Question]' are matched 

2022-06-23 22:38:50 - [TEST_STEP][PASSED] - I.Logout(): Delayed 3 second(s)

2022-06-23 22:38:53 - [MESSAGE][PASSED] - Delayed 3 second(s)

2022-06-23 22:38:54 - [MESSAGE][PASSED] - Object: 'Object Repository/1. Constant/xpath' is clicked on

2022-06-23 22:38:57 - [MESSAGE][PASSED] - Delayed 3 second(s)

2022-06-23 22:39:01 - [MESSAGE][PASSED] - Object: 'Object Repository/1. Constant/xpath' is clicked on

2022-06-23 22:39:04 - [MESSAGE][PASSED] - Delayed 3 second(s)

2022-06-23 22:39:04 - [TEST_STEP][PASSED] - I.Login_password("nturner", password_nturner): Object: 'Object Repository/1. Constant/xpath' is clicked on

2022-06-23 22:39:06 - [MESSAGE][PASSED] - Text 'nturner' is set on object 'Object Repository/1. Constant/xpath'

2022-06-23 22:39:07 - [MESSAGE][PASSED] - Delayed 1 second(s)

2022-06-23 22:39:08 - [MESSAGE][PASSED] - Text 'diadeis1' is set on object 'Object Repository/1. Constant/xpath'

2022-06-23 22:39:09 - [MESSAGE][PASSED] - Delayed 1 second(s)

2022-06-23 22:39:14 - [MESSAGE][PASSED] - Object: 'Object Repository/1. Constant/xpath' is clicked on

2022-06-23 22:39:14 - [TEST_STEP][PASSED] - delay(1): Delayed 1 second(s)

2022-06-23 22:39:15 - [MESSAGE][PASSED] - Delayed 1 second(s)

2022-06-23 22:39:15 - [TEST_STEP][PASSED] - click(findTestObject("1. Constant/02_LHSMenu_Projects")): Object: 'Object Repository/1. Constant/02_LHSMenu_Projects' is clicked on

2022-06-23 22:39:18 - [MESSAGE][PASSED] - Object: 'Object Repository/1. Constant/02_LHSMenu_Projects' is clicked on

2022-06-23 22:39:18 - [TEST_STEP][PASSED] - I.SearchProjectNo_xpath(Project_No, "//*[@id="keynum_project"]", "//*[@id="form_filters"]/div[4]/button"): Delayed 5 second(s)

2022-06-23 22:39:19 - [MESSAGE][PASSED] - Delayed 1 second(s)

2022-06-23 22:39:20 - [MESSAGE][PASSED] - Text 'MI000883' is set on object 'Object Repository/1. Constant/xpath'

2022-06-23 22:39:23 - [MESSAGE][PASSED] - Delayed 3 second(s)

2022-06-23 22:39:24 - [MESSAGE][PASSED] - Scroll to object 'Object Repository/1. Constant/xpath' successfully

2022-06-23 22:39:28 - [MESSAGE][PASSED] - Object: 'Object Repository/1. Constant/xpath' is clicked on

2022-06-23 22:39:33 - [MESSAGE][PASSED] - Delayed 5 second(s)

2022-06-23 22:39:33 - [TEST_STEP][PASSED] - I.SearchRefNo_xpath("P21_Auto", "//*[@id="fiche_filter_keywords11"]", "//*[@id="form_filters"]/div[3]/button"): Delayed 5 second(s)

2022-06-23 22:39:34 - [MESSAGE][PASSED] - Delayed 1 second(s)

2022-06-23 22:39:35 - [MESSAGE][PASSED] - Text 'P21_Auto' is set on object 'Object Repository/1. Constant/xpath'

2022-06-23 22:39:38 - [MESSAGE][PASSED] - Delayed 3 second(s)

2022-06-23 22:39:39 - [MESSAGE][PASSED] - Scroll to object 'Object Repository/1. Constant/xpath' successfully

2022-06-23 22:39:42 - [MESSAGE][PASSED] - Object: 'Object Repository/1. Constant/xpath' is clicked on

2022-06-23 22:39:47 - [MESSAGE][PASSED] - Delayed 5 second(s)

2022-06-23 22:39:47 - [TEST_STEP][PASSED] - takeScreenshot(): Taking screenshot successfully

2022-06-23 22:39:48 - [MESSAGE][PASSED] - Taking screenshot successfully
[[ATTACHMENT|D:\\Projet Test Auto\\Mediabox Test Automation\\Reports\\20220623_184212\\03. Parallel Testing (Testing)\\TS -PT PART 3\\14.04 Dreyers Support Action (Ongoing _ Completed ref) - PART 4\\20220623_184236\\1656016787809.png]]

2022-06-23 22:39:48 - [TEST_STEP][PASSED] - I.submitquesiton_ref(findTestObject("1. Constant/xpath", ["xpath":"//*[@id="source_" + refID21 + ""]/td[13]/div/button"]), findTestObject("1. Constant/xpath", ["xpath":"//*[@id="source_" + refID21 + ""]/td[13]/div/div/a[1]"])): Object: 'Object Repository/1. Constant/xpath' is clicked on

2022-06-23 22:39:50 - [MESSAGE][PASSED] - Object: 'Object Repository/1. Constant/xpath' is clicked on

2022-06-23 22:39:53 - [MESSAGE][PASSED] - Delayed 3 second(s)

2022-06-23 22:39:55 - [MESSAGE][PASSED] - Object: 'Object Repository/1. Constant/xpath' is clicked on

2022-06-23 22:39:55 - [TEST_STEP][PASSED] - click(findTestObject("1. Constant/xpath", ["xpath":"//*[@id="ModifFiche"]/div[1]/div/button[2]"])): Object: 'Object Repository/1. Constant/xpath' is clicked on

2022-06-23 22:40:01 - [MESSAGE][PASSED] - Object: 'Object Repository/1. Constant/xpath' is clicked on

2022-06-23 22:40:01 - [TEST_STEP][PASSED] - Lifecycle_Status33 = getText(findTestObject("1. Constant/xpath", ["xpath":"//*[@id="source_" + refID21 + ""]/td[12]/span[1]"])): Text of object 'Object Repository/1. Constant/xpath' is: 'Phase 3.3 [Standard]'

2022-06-23 22:40:03 - [MESSAGE][PASSED] - Text of object 'Object Repository/1. Constant/xpath' is: 'Phase 3.3 [Standard]'

2022-06-23 22:40:03 - [TEST_STEP][PASSED] - verifyMatch(Lifecycle_Status33, "Phase 3.3 [Standard]", false): Actual text 'Phase 3.3 [Standard]' and expected text 'Phase 3.3 [Standard]' are matched 

2022-06-23 22:40:03 - [MESSAGE][PASSED] - Actual text 'Phase 3.3 [Standard]' and expected text 'Phase 3.3 [Standard]' are matched 

2022-06-23 22:40:03 - [TEST_STEP][PASSED] - takeScreenshot(): Taking screenshot successfully

2022-06-23 22:40:03 - [MESSAGE][PASSED] - Taking screenshot successfully
[[ATTACHMENT|D:\\Projet Test Auto\\Mediabox Test Automation\\Reports\\20220623_184212\\03. Parallel Testing (Testing)\\TS -PT PART 3\\14.04 Dreyers Support Action (Ongoing _ Completed ref) - PART 4\\20220623_184236\\1656016803213.png]]

2022-06-23 22:40:03 - [TEST_STEP][PASSED] - I.Logout(): Delayed 3 second(s)

2022-06-23 22:40:06 - [MESSAGE][PASSED] - Delayed 3 second(s)

2022-06-23 22:40:07 - [MESSAGE][PASSED] - Object: 'Object Repository/1. Constant/xpath' is clicked on

2022-06-23 22:40:10 - [MESSAGE][PASSED] - Delayed 3 second(s)

2022-06-23 22:40:14 - [MESSAGE][PASSED] - Object: 'Object Repository/1. Constant/xpath' is clicked on

2022-06-23 22:40:17 - [MESSAGE][PASSED] - Delayed 3 second(s)

2022-06-23 22:40:17 - [TEST_STEP][PASSED] - I.Login_password("jryan", password_jryan): Object: 'Object Repository/1. Constant/xpath' is clicked on

2022-06-23 22:40:21 - [MESSAGE][PASSED] - Text 'jryan' is set on object 'Object Repository/1. Constant/xpath'

2022-06-23 22:40:22 - [MESSAGE][PASSED] - Delayed 1 second(s)

2022-06-23 22:40:22 - [MESSAGE][PASSED] - Text 'diadeis' is set on object 'Object Repository/1. Constant/xpath'

2022-06-23 22:40:23 - [MESSAGE][PASSED] - Delayed 1 second(s)

2022-06-23 22:40:28 - [MESSAGE][PASSED] - Object: 'Object Repository/1. Constant/xpath' is clicked on

2022-06-23 22:40:28 - [TEST_STEP][PASSED] - click(findTestObject("1. Constant/02_LHSMenu_Projects")): Object: 'Object Repository/1. Constant/02_LHSMenu_Projects' is clicked on

2022-06-23 22:40:33 - [MESSAGE][PASSED] - Object: 'Object Repository/1. Constant/02_LHSMenu_Projects' is clicked on

2022-06-23 22:40:33 - [TEST_STEP][PASSED] - I.SearchProjectNo_xpath(Project_No, "//*[@id="keynum_project"]", "//*[@id="form_filters"]/div[4]/button"): Delayed 5 second(s)

2022-06-23 22:40:34 - [MESSAGE][PASSED] - Delayed 1 second(s)

2022-06-23 22:40:37 - [MESSAGE][PASSED] - Text 'MI000883' is set on object 'Object Repository/1. Constant/xpath'

2022-06-23 22:40:40 - [MESSAGE][PASSED] - Delayed 3 second(s)

2022-06-23 22:40:41 - [MESSAGE][PASSED] - Scroll to object 'Object Repository/1. Constant/xpath' successfully

2022-06-23 22:40:45 - [MESSAGE][PASSED] - Object: 'Object Repository/1. Constant/xpath' is clicked on

2022-06-23 22:40:50 - [MESSAGE][PASSED] - Delayed 5 second(s)

2022-06-23 22:40:50 - [TEST_STEP][PASSED] - I.SearchRefNo_xpath("P21_Auto", "//*[@id="fiche_filter_keywords11"]", "//*[@id="form_filters"]/div[3]/button"): Delayed 5 second(s)

2022-06-23 22:40:51 - [MESSAGE][PASSED] - Delayed 1 second(s)

2022-06-23 22:40:53 - [MESSAGE][PASSED] - Text 'P21_Auto' is set on object 'Object Repository/1. Constant/xpath'

2022-06-23 22:40:56 - [MESSAGE][PASSED] - Delayed 3 second(s)

2022-06-23 22:40:56 - [MESSAGE][PASSED] - Scroll to object 'Object Repository/1. Constant/xpath' successfully

2022-06-23 22:40:58 - [MESSAGE][PASSED] - Object: 'Object Repository/1. Constant/xpath' is clicked on

2022-06-23 22:41:03 - [MESSAGE][PASSED] - Delayed 5 second(s)

2022-06-23 22:41:03 - [TEST_STEP][PASSED] - takeScreenshot(): Taking screenshot successfully

2022-06-23 22:41:04 - [MESSAGE][PASSED] - Taking screenshot successfully
[[ATTACHMENT|D:\\Projet Test Auto\\Mediabox Test Automation\\Reports\\20220623_184212\\03. Parallel Testing (Testing)\\TS -PT PART 3\\14.04 Dreyers Support Action (Ongoing _ Completed ref) - PART 4\\20220623_184236\\1656016863934.png]]

2022-06-23 22:41:04 - [TEST_STEP][PASSED] - click(findTestObject("1. Constant/xpath", ["xpath":"//*[@id="source_" + refID21 + ""]/td[14]/a[2]"])): Object: 'Object Repository/1. Constant/xpath' is clicked on

2022-06-23 22:41:06 - [MESSAGE][PASSED] - Object: 'Object Repository/1. Constant/xpath' is clicked on

2022-06-23 22:41:06 - [TEST_STEP][PASSED] - click(findTestObject("1. Constant/xpath", ["xpath":"//*[@id="ModifFiche"]/div[1]/div/button[2]"])): Object: 'Object Repository/1. Constant/xpath' is clicked on

2022-06-23 22:41:10 - [MESSAGE][PASSED] - Object: 'Object Repository/1. Constant/xpath' is clicked on

2022-06-23 22:41:10 - [TEST_STEP][PASSED] - Lifecycle_Status44 = getText(findTestObject("1. Constant/xpath", ["xpath":"//*[@id="source_" + refID21 + ""]/td[12]/span[1]"])): Text of object 'Object Repository/1. Constant/xpath' is: 'Phase 3.4 [Standard]'

2022-06-23 22:41:10 - [MESSAGE][PASSED] - Text of object 'Object Repository/1. Constant/xpath' is: 'Phase 3.4 [Standard]'

2022-06-23 22:41:10 - [TEST_STEP][PASSED] - verifyMatch(Lifecycle_Status44, "Phase 3.4 [Standard]", false): Actual text 'Phase 3.4 [Standard]' and expected text 'Phase 3.4 [Standard]' are matched 

2022-06-23 22:41:10 - [MESSAGE][PASSED] - Actual text 'Phase 3.4 [Standard]' and expected text 'Phase 3.4 [Standard]' are matched 

2022-06-23 22:41:10 - [TEST_STEP][PASSED] - takeScreenshot(): Taking screenshot successfully

2022-06-23 22:41:11 - [MESSAGE][PASSED] - Taking screenshot successfully
[[ATTACHMENT|D:\\Projet Test Auto\\Mediabox Test Automation\\Reports\\20220623_184212\\03. Parallel Testing (Testing)\\TS -PT PART 3\\14.04 Dreyers Support Action (Ongoing _ Completed ref) - PART 4\\20220623_184236\\1656016870534.png]]

2022-06-23 22:41:11 - [TEST_STEP][PASSED] - I.Logout(): Delayed 3 second(s)

2022-06-23 22:41:14 - [MESSAGE][PASSED] - Delayed 3 second(s)

2022-06-23 22:41:15 - [MESSAGE][PASSED] - Object: 'Object Repository/1. Constant/xpath' is clicked on

2022-06-23 22:41:18 - [MESSAGE][PASSED] - Delayed 3 second(s)

2022-06-23 22:41:22 - [MESSAGE][PASSED] - Object: 'Object Repository/1. Constant/xpath' is clicked on

2022-06-23 22:41:25 - [MESSAGE][PASSED] - Delayed 3 second(s)

2022-06-23 22:41:25 - [TEST_STEP][PASSED] - I.Login_password("nturner", password_nturner): Object: 'Object Repository/1. Constant/xpath' is clicked on

2022-06-23 22:41:26 - [MESSAGE][PASSED] - Text 'nturner' is set on object 'Object Repository/1. Constant/xpath'

2022-06-23 22:41:27 - [MESSAGE][PASSED] - Delayed 1 second(s)

2022-06-23 22:41:29 - [MESSAGE][PASSED] - Text 'diadeis1' is set on object 'Object Repository/1. Constant/xpath'

2022-06-23 22:41:30 - [MESSAGE][PASSED] - Delayed 1 second(s)

2022-06-23 22:41:34 - [MESSAGE][PASSED] - Object: 'Object Repository/1. Constant/xpath' is clicked on

2022-06-23 22:41:34 - [TEST_STEP][PASSED] - click(findTestObject("1. Constant/02_LHSMenu_Projects")): Object: 'Object Repository/1. Constant/02_LHSMenu_Projects' is clicked on

2022-06-23 22:41:38 - [MESSAGE][PASSED] - Object: 'Object Repository/1. Constant/02_LHSMenu_Projects' is clicked on

2022-06-23 22:41:38 - [TEST_STEP][PASSED] - I.SearchProjectNo_xpath(Project_No, "//*[@id="keynum_project"]", "//*[@id="form_filters"]/div[4]/button"): Delayed 5 second(s)

2022-06-23 22:41:39 - [MESSAGE][PASSED] - Delayed 1 second(s)

2022-06-23 22:41:40 - [MESSAGE][PASSED] - Text 'MI000883' is set on object 'Object Repository/1. Constant/xpath'

2022-06-23 22:41:43 - [MESSAGE][PASSED] - Delayed 3 second(s)

2022-06-23 22:41:44 - [MESSAGE][PASSED] - Scroll to object 'Object Repository/1. Constant/xpath' successfully

2022-06-23 22:41:48 - [MESSAGE][PASSED] - Object: 'Object Repository/1. Constant/xpath' is clicked on

2022-06-23 22:41:53 - [MESSAGE][PASSED] - Delayed 5 second(s)

2022-06-23 22:41:53 - [TEST_STEP][PASSED] - I.SearchRefNo_xpath("P21_Auto", "//*[@id="fiche_filter_keywords11"]", "//*[@id="form_filters"]/div[3]/button"): Delayed 5 second(s)

2022-06-23 22:41:54 - [MESSAGE][PASSED] - Delayed 1 second(s)

2022-06-23 22:41:56 - [MESSAGE][PASSED] - Text 'P21_Auto' is set on object 'Object Repository/1. Constant/xpath'

2022-06-23 22:41:59 - [MESSAGE][PASSED] - Delayed 3 second(s)

2022-06-23 22:42:00 - [MESSAGE][PASSED] - Scroll to object 'Object Repository/1. Constant/xpath' successfully

2022-06-23 22:42:02 - [MESSAGE][PASSED] - Object: 'Object Repository/1. Constant/xpath' is clicked on

2022-06-23 22:42:07 - [MESSAGE][PASSED] - Delayed 5 second(s)

2022-06-23 22:42:07 - [TEST_STEP][PASSED] - takeScreenshot(): Taking screenshot successfully

2022-06-23 22:42:08 - [MESSAGE][PASSED] - Taking screenshot successfully
[[ATTACHMENT|D:\\Projet Test Auto\\Mediabox Test Automation\\Reports\\20220623_184212\\03. Parallel Testing (Testing)\\TS -PT PART 3\\14.04 Dreyers Support Action (Ongoing _ Completed ref) - PART 4\\20220623_184236\\1656016927982.png]]

2022-06-23 22:42:08 - [TEST_STEP][PASSED] - click(findTestObject("1. Constant/xpath", ["xpath":"//*[@id="source_" + refID21 + ""]/td[13]/a[2]"])): Object: 'Object Repository/1. Constant/xpath' is clicked on

2022-06-23 22:42:11 - [MESSAGE][PASSED] - Object: 'Object Repository/1. Constant/xpath' is clicked on

2022-06-23 22:42:11 - [TEST_STEP][PASSED] - click(findTestObject("1. Constant/xpath", ["xpath":"//*[@id="ModifFiche"]/div[1]/div/button[2]"])): Object: 'Object Repository/1. Constant/xpath' is clicked on

2022-06-23 22:42:15 - [MESSAGE][PASSED] - Object: 'Object Repository/1. Constant/xpath' is clicked on

2022-06-23 22:42:15 - [TEST_STEP][PASSED] - Lifecycle_Status55 = getText(findTestObject("1. Constant/xpath", ["xpath":"//*[@id="source_" + refID21 + ""]/td[12]/span[1]"])): Text of object 'Object Repository/1. Constant/xpath' is: 'Phase 3.5[Prod]'

2022-06-23 22:42:15 - [MESSAGE][PASSED] - Text of object 'Object Repository/1. Constant/xpath' is: 'Phase 3.5[Prod]'

2022-06-23 22:42:15 - [TEST_STEP][PASSED] - verifyMatch(Lifecycle_Status55, "Phase 3.5[Prod]", false): Actual text 'Phase 3.5[Prod]' and expected text 'Phase 3.5[Prod]' are matched 

2022-06-23 22:42:15 - [MESSAGE][PASSED] - Actual text 'Phase 3.5[Prod]' and expected text 'Phase 3.5[Prod]' are matched 

2022-06-23 22:42:15 - [TEST_STEP][PASSED] - takeScreenshot(): Taking screenshot successfully

2022-06-23 22:42:16 - [MESSAGE][PASSED] - Taking screenshot successfully
[[ATTACHMENT|D:\\Projet Test Auto\\Mediabox Test Automation\\Reports\\20220623_184212\\03. Parallel Testing (Testing)\\TS -PT PART 3\\14.04 Dreyers Support Action (Ongoing _ Completed ref) - PART 4\\20220623_184236\\1656016935855.png]]

2022-06-23 22:42:16 - [TEST_STEP][PASSED] - I.Logout(): Delayed 3 second(s)

2022-06-23 22:42:19 - [MESSAGE][PASSED] - Delayed 3 second(s)

2022-06-23 22:42:19 - [MESSAGE][PASSED] - Object: 'Object Repository/1. Constant/xpath' is clicked on

2022-06-23 22:42:22 - [MESSAGE][PASSED] - Delayed 3 second(s)

2022-06-23 22:42:26 - [MESSAGE][PASSED] - Object: 'Object Repository/1. Constant/xpath' is clicked on

2022-06-23 22:42:29 - [MESSAGE][PASSED] - Delayed 3 second(s)

2022-06-23 22:42:29 - [TEST_STEP][PASSED] - I.Login_password("lmary", password_lmary): Object: 'Object Repository/1. Constant/xpath' is clicked on

2022-06-23 22:42:30 - [MESSAGE][PASSED] - Text 'lmary' is set on object 'Object Repository/1. Constant/xpath'

2022-06-23 22:42:31 - [MESSAGE][PASSED] - Delayed 1 second(s)

2022-06-23 22:42:33 - [MESSAGE][PASSED] - Text 'diadeis' is set on object 'Object Repository/1. Constant/xpath'

2022-06-23 22:42:34 - [MESSAGE][PASSED] - Delayed 1 second(s)

2022-06-23 22:42:40 - [MESSAGE][PASSED] - Object: 'Object Repository/1. Constant/xpath' is clicked on

2022-06-23 22:42:40 - [TEST_STEP][PASSED] - click(findTestObject("1. Constant/02_LHSMenu_Projects")): Object: 'Object Repository/1. Constant/02_LHSMenu_Projects' is clicked on

2022-06-23 22:42:44 - [MESSAGE][PASSED] - Object: 'Object Repository/1. Constant/02_LHSMenu_Projects' is clicked on

2022-06-23 22:42:44 - [TEST_STEP][PASSED] - I.SearchProjectNo_xpath(Project_No, "//*[@id="keynum_project"]", "//*[@id="form_filters"]/div[4]/button"): Delayed 5 second(s)

2022-06-23 22:42:45 - [MESSAGE][PASSED] - Delayed 1 second(s)

2022-06-23 22:42:49 - [MESSAGE][PASSED] - Text 'MI000883' is set on object 'Object Repository/1. Constant/xpath'

2022-06-23 22:42:52 - [MESSAGE][PASSED] - Delayed 3 second(s)

2022-06-23 22:42:53 - [MESSAGE][PASSED] - Scroll to object 'Object Repository/1. Constant/xpath' successfully

2022-06-23 22:42:56 - [MESSAGE][PASSED] - Object: 'Object Repository/1. Constant/xpath' is clicked on

2022-06-23 22:43:01 - [MESSAGE][PASSED] - Delayed 5 second(s)

2022-06-23 22:43:01 - [TEST_STEP][PASSED] - I.SearchRefNo_xpath("P21_Auto", "//*[@id="fiche_filter_keywords11"]", "//*[@id="form_filters"]/div[3]/button"): Delayed 5 second(s)

2022-06-23 22:43:02 - [MESSAGE][PASSED] - Delayed 1 second(s)

2022-06-23 22:43:06 - [MESSAGE][PASSED] - Text 'P21_Auto' is set on object 'Object Repository/1. Constant/xpath'

2022-06-23 22:43:09 - [MESSAGE][PASSED] - Delayed 3 second(s)

2022-06-23 22:43:10 - [MESSAGE][PASSED] - Scroll to object 'Object Repository/1. Constant/xpath' successfully

2022-06-23 22:43:14 - [MESSAGE][PASSED] - Object: 'Object Repository/1. Constant/xpath' is clicked on

2022-06-23 22:43:19 - [MESSAGE][PASSED] - Delayed 5 second(s)

2022-06-23 22:43:19 - [TEST_STEP][PASSED] - takeScreenshot(): Taking screenshot successfully

2022-06-23 22:43:19 - [MESSAGE][PASSED] - Taking screenshot successfully
[[ATTACHMENT|D:\\Projet Test Auto\\Mediabox Test Automation\\Reports\\20220623_184212\\03. Parallel Testing (Testing)\\TS -PT PART 3\\14.04 Dreyers Support Action (Ongoing _ Completed ref) - PART 4\\20220623_184236\\1656016999090.png]]

2022-06-23 22:43:19 - [TEST_STEP][PASSED] - color3 = getCSSValue(findTestObject("1. Constant/xpath", ["xpath":"//*[@id="source_" + refID21 + ""]/td[13]/a"]), "color", OPTIONAL): Get CSS 'color' value on 'Object Repository/1. Constant/xpath' successfully: 'rgba(255, 255, 255, 1)'.

2022-06-23 22:43:19 - [MESSAGE][PASSED] - Get CSS 'color' value on 'Object Repository/1. Constant/xpath' successfully: 'rgba(255, 255, 255, 1)'.

2022-06-23 22:43:19 - [TEST_STEP][PASSED] - while (color3 == "rgba(255, 255, 255, 1)"): Get CSS 'color' value on 'Object Repository/1. Constant/xpath' successfully: 'rgba(54, 153, 255, 1)'.

2022-06-23 22:43:19 - [TEST_STEP][PASSED] - click(findTestObject("1. Constant/xpath", ["xpath":"//*[@id="source_" + refID21 + ""]/td[13]/a"])): Object: 'Object Repository/1. Constant/xpath' is clicked on

2022-06-23 22:43:20 - [MESSAGE][PASSED] - Object: 'Object Repository/1. Constant/xpath' is clicked on

2022-06-23 22:43:20 - [TEST_STEP][PASSED] - selectOptionByValue(findTestObject("1. Constant/xpath", ["xpath":"//*[@id="id_approval_flow_tpl"]"]), "80", false): All options with value '80' are selected in object 'Object Repository/1. Constant/xpath' 

2022-06-23 22:43:21 - [MESSAGE][PASSED] - All options with value '80' are selected in object 'Object Repository/1. Constant/xpath' 

2022-06-23 22:43:21 - [TEST_STEP][PASSED] - I.UploadDoc_sendkey_Prod(findTestObject("1. Constant/xpath", ["xpath":"//*[@id="kt_body"]/input[2]"]), "D:\Upoad_File\Upload doc\testdata1.jpg", "testdata1"): Delayed 5 second(s)

2022-06-23 22:43:22 - [MESSAGE][PASSED] - Scroll to object 'Object Repository/1. Constant/xpath' successfully

2022-06-23 22:43:27 - [MESSAGE][PASSED] - Delayed 5 second(s)

2022-06-23 22:43:28 - [MESSAGE][PASSED] - File 'D:\Upoad_File\Upload doc\testdata1.jpg' sent to object: 'Object Repository/1. Constant/xpath'

2022-06-23 22:43:33 - [MESSAGE][PASSED] - Delayed 5 second(s)

2022-06-23 22:43:33 - [MESSAGE][PASSED] - Text 'testdata1' is present on page 

2022-06-23 22:43:38 - [MESSAGE][PASSED] - Delayed 5 second(s)

2022-06-23 22:43:43 - [MESSAGE][PASSED] - Delayed 5 second(s)

2022-06-23 22:43:43 - [TEST_STEP][PASSED] - takeScreenshot(): Taking screenshot successfully

2022-06-23 22:43:44 - [MESSAGE][PASSED] - Taking screenshot successfully
[[ATTACHMENT|D:\\Projet Test Auto\\Mediabox Test Automation\\Reports\\20220623_184212\\03. Parallel Testing (Testing)\\TS -PT PART 3\\14.04 Dreyers Support Action (Ongoing _ Completed ref) - PART 4\\20220623_184236\\1656017024178.png]]

2022-06-23 22:43:44 - [TEST_STEP][PASSED] - delay(8): Delayed 8 second(s)

2022-06-23 22:43:52 - [MESSAGE][PASSED] - Delayed 8 second(s)

2022-06-23 22:43:52 - [TEST_STEP][PASSED] - click(findTestObject("HL Full Lifecycle/12 ReferncePage_Button_Updatensenddoc")): Object: 'Object Repository/HL Full Lifecycle/12 ReferncePage_Button_Updatensenddoc' is clicked on

2022-06-23 22:43:57 - [MESSAGE][PASSED] - Object: 'Object Repository/HL Full Lifecycle/12 ReferncePage_Button_Updatensenddoc' is clicked on

2022-06-23 22:43:57 - [TEST_STEP][PASSED] - delay(3): Delayed 3 second(s)

2022-06-23 22:44:00 - [MESSAGE][PASSED] - Delayed 3 second(s)

2022-06-23 22:44:00 - [TEST_STEP][PASSED] - color3 = getCSSValue(findTestObject("1. Constant/xpath", ["xpath":"//*[@id="source_" + refID21 + ""]/td[13]/a"]), "color", OPTIONAL): Get CSS 'color' value on 'Object Repository/1. Constant/xpath' successfully: 'rgba(54, 153, 255, 1)'.

2022-06-23 22:44:01 - [MESSAGE][PASSED] - Get CSS 'color' value on 'Object Repository/1. Constant/xpath' successfully: 'rgba(54, 153, 255, 1)'.

2022-06-23 22:44:01 - [TEST_STEP][PASSED] - I.Logout(): Delayed 3 second(s)

2022-06-23 22:44:04 - [MESSAGE][PASSED] - Delayed 3 second(s)

2022-06-23 22:44:05 - [MESSAGE][PASSED] - Object: 'Object Repository/1. Constant/xpath' is clicked on

2022-06-23 22:44:08 - [MESSAGE][PASSED] - Delayed 3 second(s)

2022-06-23 22:44:13 - [MESSAGE][PASSED] - Object: 'Object Repository/1. Constant/xpath' is clicked on

2022-06-23 22:44:16 - [MESSAGE][PASSED] - Delayed 3 second(s)

2022-06-23 22:44:16 - [TEST_STEP][PASSED] - I.Login_password("blemco", password_blemco): Object: 'Object Repository/1. Constant/xpath' is clicked on

2022-06-23 22:44:16 - [MESSAGE][PASSED] - Text 'blemco' is set on object 'Object Repository/1. Constant/xpath'

2022-06-23 22:44:17 - [MESSAGE][PASSED] - Delayed 1 second(s)

2022-06-23 22:44:21 - [MESSAGE][PASSED] - Text 'diadeis1' is set on object 'Object Repository/1. Constant/xpath'

2022-06-23 22:44:22 - [MESSAGE][PASSED] - Delayed 1 second(s)

2022-06-23 22:44:29 - [MESSAGE][PASSED] - Object: 'Object Repository/1. Constant/xpath' is clicked on

2022-06-23 22:44:29 - [TEST_STEP][PASSED] - click(findTestObject("1. Constant/02_LHSMenu_Projects")): Object: 'Object Repository/1. Constant/02_LHSMenu_Projects' is clicked on

2022-06-23 22:44:34 - [MESSAGE][PASSED] - Object: 'Object Repository/1. Constant/02_LHSMenu_Projects' is clicked on

2022-06-23 22:44:34 - [TEST_STEP][PASSED] - I.SearchProjectNo_xpath(Project_No, "//*[@id="keynum_project"]", "//*[@id="form_filters"]/div[4]/button"): Delayed 5 second(s)

2022-06-23 22:44:35 - [MESSAGE][PASSED] - Delayed 1 second(s)

2022-06-23 22:44:38 - [MESSAGE][PASSED] - Text 'MI000883' is set on object 'Object Repository/1. Constant/xpath'

2022-06-23 22:44:41 - [MESSAGE][PASSED] - Delayed 3 second(s)

2022-06-23 22:44:42 - [MESSAGE][PASSED] - Scroll to object 'Object Repository/1. Constant/xpath' successfully

2022-06-23 22:44:47 - [MESSAGE][PASSED] - Object: 'Object Repository/1. Constant/xpath' is clicked on

2022-06-23 22:44:52 - [MESSAGE][PASSED] - Delayed 5 second(s)

2022-06-23 22:44:52 - [TEST_STEP][PASSED] - I.SearchRefNo_xpath("P21_Auto", "//*[@id="fiche_filter_keywords11"]", "//*[@id="form_filters"]/div[3]/button"): Delayed 5 second(s)

2022-06-23 22:44:53 - [MESSAGE][PASSED] - Delayed 1 second(s)

2022-06-23 22:44:55 - [MESSAGE][PASSED] - Text 'P21_Auto' is set on object 'Object Repository/1. Constant/xpath'

2022-06-23 22:44:58 - [MESSAGE][PASSED] - Delayed 3 second(s)

2022-06-23 22:44:58 - [MESSAGE][PASSED] - Scroll to object 'Object Repository/1. Constant/xpath' successfully

2022-06-23 22:45:01 - [MESSAGE][PASSED] - Object: 'Object Repository/1. Constant/xpath' is clicked on

2022-06-23 22:45:06 - [MESSAGE][PASSED] - Delayed 5 second(s)

2022-06-23 22:45:06 - [TEST_STEP][PASSED] - I.AWF_approve_byaction(findTestObject("1. Constant/xpath", ["xpath":"//*[@id="source_" + refID21 + ""]/td[13]/a[2]"])): Object: 'Object Repository/HL Full Lifecycle/Function_Appbutton2' is clicked on

2022-06-23 22:45:11 - [MESSAGE][PASSED] - Delayed 5 second(s)

2022-06-23 22:45:15 - [MESSAGE][PASSED] - Object: 'Object Repository/1. Constant/xpath' is clicked on

2022-06-23 22:45:19 - [MESSAGE][PASSED] - Object: 'Object Repository/HL Full Lifecycle/Function_access Viewer2' is hovered

2022-06-23 22:45:22 - [MESSAGE][PASSED] - Delayed 3 second(s)

2022-06-23 22:45:23 - [MESSAGE][PASSED] - Object: 'Object Repository/HL Full Lifecycle/Function_access Viewer2' is clicked on

2022-06-23 22:45:28 - [MESSAGE][PASSED] - Delayed 5 second(s)

2022-06-23 22:45:29 - [MESSAGE][PASSED] - Object: 'Object Repository/HL Full Lifecycle/Function_AppButton' is clicked on

2022-06-23 22:45:34 - [MESSAGE][PASSED] - Delayed 5 second(s)

2022-06-23 22:45:41 - [MESSAGE][PASSED] - Object: 'Object Repository/HL Full Lifecycle/Function_Appbutton2' is clicked on

2022-06-23 22:45:41 - [TEST_STEP][PASSED] - Lifecycle_Status66 = getText(findTestObject("1. Constant/xpath", ["xpath":"//*[@id="source_" + refID21 + ""]/td[12]/span[1]"])): Text of object 'Object Repository/1. Constant/xpath' is: 'Phase 3.5[Prod]'

2022-06-23 22:45:42 - [MESSAGE][PASSED] - Text of object 'Object Repository/1. Constant/xpath' is: 'Phase 3.5[Prod]'

2022-06-23 22:45:42 - [TEST_STEP][PASSED] - verifyMatch(Lifecycle_Status66, "Phase 3.5[Prod]", false): Actual text 'Phase 3.5[Prod]' and expected text 'Phase 3.5[Prod]' are matched 

2022-06-23 22:45:42 - [MESSAGE][PASSED] - Actual text 'Phase 3.5[Prod]' and expected text 'Phase 3.5[Prod]' are matched 

2022-06-23 22:45:42 - [TEST_STEP][PASSED] - I.Logout(): Delayed 3 second(s)

2022-06-23 22:45:45 - [MESSAGE][PASSED] - Delayed 3 second(s)

2022-06-23 22:45:45 - [MESSAGE][PASSED] - Object: 'Object Repository/1. Constant/xpath' is clicked on

2022-06-23 22:45:48 - [MESSAGE][PASSED] - Delayed 3 second(s)

2022-06-23 22:45:53 - [MESSAGE][PASSED] - Object: 'Object Repository/1. Constant/xpath' is clicked on

2022-06-23 22:45:56 - [MESSAGE][PASSED] - Delayed 3 second(s)

2022-06-23 22:45:56 - [TEST_STEP][PASSED] - I.Login_password("lmary", password_lmary): Object: 'Object Repository/1. Constant/xpath' is clicked on

2022-06-23 22:45:56 - [MESSAGE][PASSED] - Text 'lmary' is set on object 'Object Repository/1. Constant/xpath'

2022-06-23 22:45:57 - [MESSAGE][PASSED] - Delayed 1 second(s)

2022-06-23 22:46:01 - [MESSAGE][PASSED] - Text 'diadeis' is set on object 'Object Repository/1. Constant/xpath'

2022-06-23 22:46:02 - [MESSAGE][PASSED] - Delayed 1 second(s)

2022-06-23 22:46:08 - [MESSAGE][PASSED] - Object: 'Object Repository/1. Constant/xpath' is clicked on

2022-06-23 22:46:08 - [TEST_STEP][PASSED] - click(findTestObject("1. Constant/02_LHSMenu_Projects")): Object: 'Object Repository/1. Constant/02_LHSMenu_Projects' is clicked on

2022-06-23 22:46:11 - [MESSAGE][PASSED] - Object: 'Object Repository/1. Constant/02_LHSMenu_Projects' is clicked on

2022-06-23 22:46:11 - [TEST_STEP][PASSED] - I.SearchProjectNo_xpath(Project_No, "//*[@id="keynum_project"]", "//*[@id="form_filters"]/div[4]/button"): Delayed 5 second(s)

2022-06-23 22:46:12 - [MESSAGE][PASSED] - Delayed 1 second(s)

2022-06-23 22:46:13 - [MESSAGE][PASSED] - Text 'MI000883' is set on object 'Object Repository/1. Constant/xpath'

2022-06-23 22:46:16 - [MESSAGE][PASSED] - Delayed 3 second(s)

2022-06-23 22:46:17 - [MESSAGE][PASSED] - Scroll to object 'Object Repository/1. Constant/xpath' successfully

2022-06-23 22:46:22 - [MESSAGE][PASSED] - Object: 'Object Repository/1. Constant/xpath' is clicked on

2022-06-23 22:46:27 - [MESSAGE][PASSED] - Delayed 5 second(s)

2022-06-23 22:46:27 - [TEST_STEP][PASSED] - I.SearchRefNo_xpath("P21_Auto", "//*[@id="fiche_filter_keywords11"]", "//*[@id="form_filters"]/div[3]/button"): Delayed 5 second(s)

2022-06-23 22:46:28 - [MESSAGE][PASSED] - Delayed 1 second(s)

2022-06-23 22:46:29 - [MESSAGE][PASSED] - Text 'P21_Auto' is set on object 'Object Repository/1. Constant/xpath'

2022-06-23 22:46:32 - [MESSAGE][PASSED] - Delayed 3 second(s)

2022-06-23 22:46:34 - [MESSAGE][PASSED] - Scroll to object 'Object Repository/1. Constant/xpath' successfully

2022-06-23 22:46:37 - [MESSAGE][PASSED] - Object: 'Object Repository/1. Constant/xpath' is clicked on

2022-06-23 22:46:42 - [MESSAGE][PASSED] - Delayed 5 second(s)

2022-06-23 22:46:42 - [TEST_STEP][PASSED] - takeScreenshot(): Taking screenshot successfully

2022-06-23 22:46:43 - [MESSAGE][PASSED] - Taking screenshot successfully
[[ATTACHMENT|D:\\Projet Test Auto\\Mediabox Test Automation\\Reports\\20220623_184212\\03. Parallel Testing (Testing)\\TS -PT PART 3\\14.04 Dreyers Support Action (Ongoing _ Completed ref) - PART 4\\20220623_184236\\1656017202970.png]]

2022-06-23 22:46:43 - [TEST_STEP][PASSED] - color4 = getCSSValue(findTestObject("1. Constant/xpath", ["xpath":"//*[@id="source_" + refID21 + ""]/td[13]/a"]), "color", OPTIONAL): Get CSS 'color' value on 'Object Repository/1. Constant/xpath' successfully: 'rgba(255, 255, 255, 1)'.

2022-06-23 22:46:44 - [MESSAGE][PASSED] - Get CSS 'color' value on 'Object Repository/1. Constant/xpath' successfully: 'rgba(255, 255, 255, 1)'.

2022-06-23 22:46:44 - [TEST_STEP][PASSED] - while (color4 == "rgba(255, 255, 255, 1)"): Get CSS 'color' value on 'Object Repository/1. Constant/xpath' successfully: 'rgba(54, 153, 255, 1)'.

2022-06-23 22:46:44 - [TEST_STEP][PASSED] - click(findTestObject("1. Constant/xpath", ["xpath":"//*[@id="source_" + refID21 + ""]/td[13]/a"])): Object: 'Object Repository/1. Constant/xpath' is clicked on

2022-06-23 22:46:46 - [MESSAGE][PASSED] - Object: 'Object Repository/1. Constant/xpath' is clicked on

2022-06-23 22:46:46 - [TEST_STEP][PASSED] - selectOptionByValue(findTestObject("1. Constant/xpath", ["xpath":"//*[@id="id_approval_flow_tpl"]"]), "80", false): All options with value '80' are selected in object 'Object Repository/1. Constant/xpath' 

2022-06-23 22:46:47 - [MESSAGE][PASSED] - All options with value '80' are selected in object 'Object Repository/1. Constant/xpath' 

2022-06-23 22:46:47 - [TEST_STEP][PASSED] - I.UploadDoc_sendkey_Prod(findTestObject("1. Constant/xpath", ["xpath":"//*[@id="kt_body"]/input[2]"]), "D:\Upoad_File\Upload doc\testdata1.jpg", "testdata1"): Delayed 5 second(s)

2022-06-23 22:46:47 - [MESSAGE][PASSED] - Scroll to object 'Object Repository/1. Constant/xpath' successfully

2022-06-23 22:46:52 - [MESSAGE][PASSED] - Delayed 5 second(s)

2022-06-23 22:46:53 - [MESSAGE][PASSED] - File 'D:\Upoad_File\Upload doc\testdata1.jpg' sent to object: 'Object Repository/1. Constant/xpath'

2022-06-23 22:46:58 - [MESSAGE][PASSED] - Delayed 5 second(s)

2022-06-23 22:46:58 - [MESSAGE][PASSED] - Text 'testdata1' is present on page 

2022-06-23 22:47:03 - [MESSAGE][PASSED] - Delayed 5 second(s)

2022-06-23 22:47:08 - [MESSAGE][PASSED] - Delayed 5 second(s)

2022-06-23 22:47:08 - [TEST_STEP][PASSED] - takeScreenshot(): Taking screenshot successfully

2022-06-23 22:47:09 - [MESSAGE][PASSED] - Taking screenshot successfully
[[ATTACHMENT|D:\\Projet Test Auto\\Mediabox Test Automation\\Reports\\20220623_184212\\03. Parallel Testing (Testing)\\TS -PT PART 3\\14.04 Dreyers Support Action (Ongoing _ Completed ref) - PART 4\\20220623_184236\\1656017229198.png]]

2022-06-23 22:47:09 - [TEST_STEP][PASSED] - delay(8): Delayed 8 second(s)

2022-06-23 22:47:17 - [MESSAGE][PASSED] - Delayed 8 second(s)

2022-06-23 22:47:17 - [TEST_STEP][PASSED] - click(findTestObject("HL Full Lifecycle/12 ReferncePage_Button_Updatensenddoc")): Object: 'Object Repository/HL Full Lifecycle/12 ReferncePage_Button_Updatensenddoc' is clicked on

2022-06-23 22:47:24 - [MESSAGE][PASSED] - Object: 'Object Repository/HL Full Lifecycle/12 ReferncePage_Button_Updatensenddoc' is clicked on

2022-06-23 22:47:24 - [TEST_STEP][PASSED] - delay(3): Delayed 3 second(s)

2022-06-23 22:47:27 - [MESSAGE][PASSED] - Delayed 3 second(s)

2022-06-23 22:47:27 - [TEST_STEP][PASSED] - color4 = getCSSValue(findTestObject("1. Constant/xpath", ["xpath":"//*[@id="source_" + refID21 + ""]/td[13]/a"]), "color", OPTIONAL): Get CSS 'color' value on 'Object Repository/1. Constant/xpath' successfully: 'rgba(54, 153, 255, 1)'.

2022-06-23 22:47:27 - [MESSAGE][PASSED] - Get CSS 'color' value on 'Object Repository/1. Constant/xpath' successfully: 'rgba(54, 153, 255, 1)'.

2022-06-23 22:47:27 - [TEST_STEP][PASSED] - I.Logout(): Delayed 3 second(s)

2022-06-23 22:47:30 - [MESSAGE][PASSED] - Delayed 3 second(s)

2022-06-23 22:47:32 - [MESSAGE][PASSED] - Object: 'Object Repository/1. Constant/xpath' is clicked on

2022-06-23 22:47:35 - [MESSAGE][PASSED] - Delayed 3 second(s)

2022-06-23 22:47:39 - [MESSAGE][PASSED] - Object: 'Object Repository/1. Constant/xpath' is clicked on

2022-06-23 22:47:42 - [MESSAGE][PASSED] - Delayed 3 second(s)

2022-06-23 22:47:42 - [TEST_STEP][PASSED] - I.Login_password("blemco", password_blemco): Object: 'Object Repository/1. Constant/xpath' is clicked on

2022-06-23 22:47:43 - [MESSAGE][PASSED] - Text 'blemco' is set on object 'Object Repository/1. Constant/xpath'

2022-06-23 22:47:44 - [MESSAGE][PASSED] - Delayed 1 second(s)

2022-06-23 22:47:47 - [MESSAGE][PASSED] - Text 'diadeis1' is set on object 'Object Repository/1. Constant/xpath'

2022-06-23 22:47:48 - [MESSAGE][PASSED] - Delayed 1 second(s)

2022-06-23 22:47:52 - [MESSAGE][PASSED] - Object: 'Object Repository/1. Constant/xpath' is clicked on

2022-06-23 22:47:52 - [TEST_STEP][PASSED] - click(findTestObject("1. Constant/02_LHSMenu_Projects")): Object: 'Object Repository/1. Constant/02_LHSMenu_Projects' is clicked on

2022-06-23 22:47:57 - [MESSAGE][PASSED] - Object: 'Object Repository/1. Constant/02_LHSMenu_Projects' is clicked on

2022-06-23 22:47:57 - [TEST_STEP][PASSED] - I.SearchProjectNo_xpath(Project_No, "//*[@id="keynum_project"]", "//*[@id="form_filters"]/div[4]/button"): Delayed 5 second(s)

2022-06-23 22:47:58 - [MESSAGE][PASSED] - Delayed 1 second(s)

2022-06-23 22:48:00 - [MESSAGE][PASSED] - Text 'MI000883' is set on object 'Object Repository/1. Constant/xpath'

2022-06-23 22:48:03 - [MESSAGE][PASSED] - Delayed 3 second(s)

2022-06-23 22:48:04 - [MESSAGE][PASSED] - Scroll to object 'Object Repository/1. Constant/xpath' successfully

2022-06-23 22:48:09 - [MESSAGE][PASSED] - Object: 'Object Repository/1. Constant/xpath' is clicked on

2022-06-23 22:48:14 - [MESSAGE][PASSED] - Delayed 5 second(s)

2022-06-23 22:48:14 - [TEST_STEP][PASSED] - I.SearchRefNo_xpath("P21_Auto", "//*[@id="fiche_filter_keywords11"]", "//*[@id="form_filters"]/div[3]/button"): Delayed 5 second(s)

2022-06-23 22:48:15 - [MESSAGE][PASSED] - Delayed 1 second(s)

2022-06-23 22:48:16 - [MESSAGE][PASSED] - Text 'P21_Auto' is set on object 'Object Repository/1. Constant/xpath'

2022-06-23 22:48:19 - [MESSAGE][PASSED] - Delayed 3 second(s)

2022-06-23 22:48:20 - [MESSAGE][PASSED] - Scroll to object 'Object Repository/1. Constant/xpath' successfully

2022-06-23 22:48:24 - [MESSAGE][PASSED] - Object: 'Object Repository/1. Constant/xpath' is clicked on

2022-06-23 22:48:29 - [MESSAGE][PASSED] - Delayed 5 second(s)

2022-06-23 22:48:29 - [TEST_STEP][PASSED] - takeScreenshot(): Taking screenshot successfully

2022-06-23 22:48:30 - [MESSAGE][PASSED] - Taking screenshot successfully
[[ATTACHMENT|D:\\Projet Test Auto\\Mediabox Test Automation\\Reports\\20220623_184212\\03. Parallel Testing (Testing)\\TS -PT PART 3\\14.04 Dreyers Support Action (Ongoing _ Completed ref) - PART 4\\20220623_184236\\1656017309532.png]]

2022-06-23 22:48:30 - [TEST_STEP][PASSED] - I.AWF_approve_byaction(findTestObject("1. Constant/xpath", ["xpath":"//*[@id="source_" + refID21 + ""]/td[13]/a[2]"])): Object: 'Object Repository/HL Full Lifecycle/Function_Appbutton2' is clicked on

2022-06-23 22:48:35 - [MESSAGE][PASSED] - Delayed 5 second(s)

2022-06-23 22:48:40 - [MESSAGE][PASSED] - Object: 'Object Repository/1. Constant/xpath' is clicked on

2022-06-23 22:48:43 - [MESSAGE][PASSED] - Object: 'Object Repository/HL Full Lifecycle/Function_access Viewer2' is hovered

2022-06-23 22:48:46 - [MESSAGE][PASSED] - Delayed 3 second(s)

2022-06-23 22:48:46 - [MESSAGE][PASSED] - Object: 'Object Repository/HL Full Lifecycle/Function_access Viewer2' is clicked on

2022-06-23 22:48:51 - [MESSAGE][PASSED] - Delayed 5 second(s)

2022-06-23 22:48:52 - [MESSAGE][PASSED] - Object: 'Object Repository/HL Full Lifecycle/Function_AppButton' is clicked on

2022-06-23 22:48:57 - [MESSAGE][PASSED] - Delayed 5 second(s)

2022-06-23 22:49:01 - [MESSAGE][PASSED] - Object: 'Object Repository/HL Full Lifecycle/Function_Appbutton2' is clicked on

2022-06-23 22:49:01 - [TEST_STEP][PASSED] - Lifecycle_Status77 = getText(findTestObject("1. Constant/xpath", ["xpath":"//*[@id="source_" + refID21 + ""]/td[12]/span[1]"])): Text of object 'Object Repository/1. Constant/xpath' is: 'Complete'

2022-06-23 22:49:02 - [MESSAGE][PASSED] - Text of object 'Object Repository/1. Constant/xpath' is: 'Complete'

2022-06-23 22:49:02 - [TEST_STEP][PASSED] - verifyMatch(Lifecycle_Status77, "Complete", false): Actual text 'Complete' and expected text 'Complete' are matched 

2022-06-23 22:49:02 - [MESSAGE][PASSED] - Actual text 'Complete' and expected text 'Complete' are matched 

2022-06-23 22:49:02 - [TEST_STEP][PASSED] - closeBrowser(): Browser is closed

2022-06-23 22:49:08 - [MESSAGE][PASSED] - Browser is closed

2022-06-23 22:49:08 - [TEST_STEP][PASSED] - Start listener action : sampleAfterTestCase: null]]></system-out>
         <system-err><![CDATA[]]></system-err>
      </testcase>
      <testcase name="Test Cases/19. Dreyers Support Action (Ongoing ref_completed)/19.20 Dreyers SAS Add Phase group (Ongoing ref) S28 - P20" time="807.57" classname="Test Cases/19. Dreyers Support Action (Ongoing ref_completed)/19.20 Dreyers SAS Add Phase group (Ongoing ref) S28 - P20" status="PASSED">
         <system-out><![CDATA[2022-06-23 22:49:08 - [TEST_CASE][PASSED] - Test Cases/19. Dreyers Support Action (Ongoing ref_completed)/19.20 Dreyers SAS Add Phase group (Ongoing ref) S28 - P20: Test Cases/19. Dreyers Support Action (Ongoing ref_completed)/19.20 Dreyers SAS Add Phase group (Ongoing ref) S28 - P20

2022-06-23 22:49:09 - [TEST_STEP][PASSED] - data_Dreyers = findTestData("Data Files/Username_Password/Dreyer"): null

2022-06-23 22:49:09 - [TEST_STEP][PASSED] - password_suser = data_Dreyers.getValue(2, 1): null

2022-06-23 22:49:09 - [TEST_STEP][PASSED] - password_blemco = data_Dreyers.getValue(2, 2): null

2022-06-23 22:49:09 - [TEST_STEP][PASSED] - password_nturner = data_Dreyers.getValue(2, 6): null

2022-06-23 22:49:09 - [TEST_STEP][PASSED] - password_talexeeva = data_Dreyers.getValue(2, 7): null

2022-06-23 22:49:09 - [TEST_STEP][PASSED] - password_jryan = data_Dreyers.getValue(2, 12): null

2022-06-23 22:49:09 - [TEST_STEP][PASSED] - password_lmary = data_Dreyers.getValue(2, 13): null

2022-06-23 22:49:09 - [TEST_STEP][PASSED] - data_urlRELAUTO = findTestData("Data Files/URL/URL_relauto"): null

2022-06-23 22:49:10 - [TEST_STEP][PASSED] - Url_Dreyer = data_urlRELAUTO.getValue(2, 4): null

2022-06-23 22:49:10 - [TEST_STEP][PASSED] - Project_No = I.readnotepad("D:\Upoad_File\Projet_ Login\Dreyers\19.1\19.1_Dreyers_ProjectNo.txt"): null

2022-06-23 22:49:10 - [TEST_STEP][PASSED] - refID = I.readnotepad("D:\Upoad_File\Projet_ Login\Dreyers\19.1\19.1_Dreyers_refID.txt"): null

2022-06-23 22:49:10 - [TEST_STEP][PASSED] - openBrowser(Url_Dreyer): Browser is opened with url: 'http://mdb-release.diadeis.lan/MediaboxIndependence/?MBI_datasource=RELTESTAUTO_DREYERS'

2022-06-23 22:49:10 - [MESSAGE][INFO] - Starting 'Chrome (headless)' driver

2022-06-23 22:49:10 - [MESSAGE][INFO] - User set preference: ['args', '[--window-size=1920,1080, --headless]']

2022-06-23 22:49:10 - [MESSAGE][INFO] - Action delay is set to 0 milliseconds

2022-06-23 22:49:30 - [MESSAGE][PASSED] - Browser is opened with url: 'http://mdb-release.diadeis.lan/MediaboxIndependence/?MBI_datasource=RELTESTAUTO_DREYERS'

2022-06-23 22:49:30 - [TEST_STEP][PASSED] - maximizeWindow(): Current window maximized

2022-06-23 22:49:30 - [MESSAGE][PASSED] - Current window maximized

2022-06-23 22:49:30 - [TEST_STEP][PASSED] - I.Login_password("suser", password_suser): Object: 'Object Repository/1. Constant/xpath' is clicked on

2022-06-23 22:49:35 - [MESSAGE][PASSED] - Text 'suser' is set on object 'Object Repository/1. Constant/xpath'

2022-06-23 22:49:36 - [MESSAGE][PASSED] - Delayed 1 second(s)

2022-06-23 22:49:38 - [MESSAGE][PASSED] - Text 'diadeis' is set on object 'Object Repository/1. Constant/xpath'

2022-06-23 22:49:39 - [MESSAGE][PASSED] - Delayed 1 second(s)

2022-06-23 22:49:51 - [MESSAGE][PASSED] - Object: 'Object Repository/1. Constant/xpath' is clicked on

2022-06-23 22:49:51 - [TEST_STEP][PASSED] - click(findTestObject("1. Constant/02_LHSMenu_Projects")): Object: 'Object Repository/1. Constant/02_LHSMenu_Projects' is clicked on

2022-06-23 22:49:56 - [MESSAGE][PASSED] - Object: 'Object Repository/1. Constant/02_LHSMenu_Projects' is clicked on

2022-06-23 22:49:56 - [TEST_STEP][PASSED] - I.SearchProjectNo_xpath(Project_No, "//*[@id="keynum_project"]", "//*[@id="form_filters"]/div[4]/button"): Delayed 5 second(s)

2022-06-23 22:49:57 - [MESSAGE][PASSED] - Delayed 1 second(s)

2022-06-23 22:49:58 - [MESSAGE][PASSED] - Text 'MI000883' is set on object 'Object Repository/1. Constant/xpath'

2022-06-23 22:50:01 - [MESSAGE][PASSED] - Delayed 3 second(s)

2022-06-23 22:50:02 - [MESSAGE][PASSED] - Scroll to object 'Object Repository/1. Constant/xpath' successfully

2022-06-23 22:50:08 - [MESSAGE][PASSED] - Object: 'Object Repository/1. Constant/xpath' is clicked on

2022-06-23 22:50:13 - [MESSAGE][PASSED] - Delayed 5 second(s)

2022-06-23 22:50:13 - [TEST_STEP][PASSED] - takeScreenshot(): Taking screenshot successfully

2022-06-23 22:50:14 - [MESSAGE][PASSED] - Taking screenshot successfully
[[ATTACHMENT|D:\\Projet Test Auto\\Mediabox Test Automation\\Reports\\20220623_184212\\03. Parallel Testing (Testing)\\TS -PT PART 3\\14.04 Dreyers Support Action (Ongoing _ Completed ref) - PART 4\\20220623_184236\\1656017413727.png]]

2022-06-23 22:50:14 - [TEST_STEP][PASSED] - click(findTestObject("1. Constant/xpath", ["xpath":"//*[@id="create_ref_btn"]/button"])): Object: 'Object Repository/1. Constant/xpath' is clicked on

2022-06-23 22:50:14 - [MESSAGE][PASSED] - Object: 'Object Repository/1. Constant/xpath' is clicked on

2022-06-23 22:50:14 - [TEST_STEP][PASSED] - click(findTestObject("1. Constant/xpath", ["xpath":"//*[@id="create_ref_btn"]/div/a"])): Object: 'Object Repository/1. Constant/xpath' is clicked on

2022-06-23 22:50:18 - [MESSAGE][PASSED] - Object: 'Object Repository/1. Constant/xpath' is clicked on

2022-06-23 22:50:18 - [TEST_STEP][PASSED] - selectOptionByValue(findTestObject("1. Constant/xpath", ["xpath":"//*[@id="lfc_tpl"]"]), "36", false): All options with value '36' are selected in object 'Object Repository/1. Constant/xpath' 

2022-06-23 22:50:19 - [MESSAGE][PASSED] - All options with value '36' are selected in object 'Object Repository/1. Constant/xpath' 

2022-06-23 22:50:19 - [TEST_STEP][PASSED] - ref_name = "P20_Auto_SAS_S28_" + RandomStringUtils.randomAlphanumeric(5) + I.gettimedate(): null

2022-06-23 22:50:19 - [TEST_STEP][PASSED] - delay(1): Delayed 1 second(s)

2022-06-23 22:50:20 - [MESSAGE][PASSED] - Delayed 1 second(s)

2022-06-23 22:50:20 - [TEST_STEP][PASSED] - setText(findTestObject("1. Constant/xpath", ["xpath":"//*[@id="var_name"]"]), ref_name): Text 'P20_Auto_SAS_S28_wkGFHjuin232022_225019' is set on object 'Object Repository/1. Constant/xpath'

2022-06-23 22:50:23 - [MESSAGE][PASSED] - Text 'P20_Auto_SAS_S28_wkGFHjuin232022_225019' is set on object 'Object Repository/1. Constant/xpath'

2022-06-23 22:50:23 - [TEST_STEP][PASSED] - takeScreenshot(): Taking screenshot successfully

2022-06-23 22:50:23 - [MESSAGE][PASSED] - Taking screenshot successfully
[[ATTACHMENT|D:\\Projet Test Auto\\Mediabox Test Automation\\Reports\\20220623_184212\\03. Parallel Testing (Testing)\\TS -PT PART 3\\14.04 Dreyers Support Action (Ongoing _ Completed ref) - PART 4\\20220623_184236\\1656017423353.png]]

2022-06-23 22:50:23 - [TEST_STEP][PASSED] - click(findTestObject("1. Constant/xpath", ["xpath":"//*[@id="createRefBottom"]"])): Object: 'Object Repository/1. Constant/xpath' is clicked on

2022-06-23 22:50:27 - [MESSAGE][PASSED] - Object: 'Object Repository/1. Constant/xpath' is clicked on

2022-06-23 22:50:27 - [TEST_STEP][PASSED] - delay(1): Delayed 1 second(s)

2022-06-23 22:50:29 - [MESSAGE][PASSED] - Delayed 1 second(s)

2022-06-23 22:50:29 - [TEST_STEP][PASSED] - takeScreenshot(): Taking screenshot successfully

2022-06-23 22:50:29 - [MESSAGE][PASSED] - Taking screenshot successfully
[[ATTACHMENT|D:\\Projet Test Auto\\Mediabox Test Automation\\Reports\\20220623_184212\\03. Parallel Testing (Testing)\\TS -PT PART 3\\14.04 Dreyers Support Action (Ongoing _ Completed ref) - PART 4\\20220623_184236\\1656017429020.png]]

2022-06-23 22:50:29 - [TEST_STEP][PASSED] - refID20 = I.RefID(): Current window's url is: 'http://mdb-release.diadeis.lan/MediaboxIndependence/Base/ExecAction?IDSession=MBI%21RELTESTAUTO_DREYERS%21KT6G6PS97G6XL2TLKOZQ0CHLLMC3MAHHTDUK6OKI&default_action=ModifierRef&id_project=MI000883&id_ref=5329&action_from=create_ref'

2022-06-23 22:50:34 - [MESSAGE][PASSED] - Delayed 5 second(s)

2022-06-23 22:50:34 - [MESSAGE][PASSED] - Current window's url is: 'http://mdb-release.diadeis.lan/MediaboxIndependence/Base/ExecAction?IDSession=MBI%21RELTESTAUTO_DREYERS%21KT6G6PS97G6XL2TLKOZQ0CHLLMC3MAHHTDUK6OKI&default_action=ModifierRef&id_project=MI000883&id_ref=5329&action_from=create_ref'

2022-06-23 22:50:34 - [TEST_STEP][PASSED] - click(findTestObject("1. Constant/xpath", ["xpath":"//*[@id="type_save"]"])): Object: 'Object Repository/1. Constant/xpath' is clicked on

2022-06-23 22:50:43 - [MESSAGE][PASSED] - Object: 'Object Repository/1. Constant/xpath' is clicked on

2022-06-23 22:50:43 - [TEST_STEP][PASSED] - takeScreenshot(): Taking screenshot successfully

2022-06-23 22:50:44 - [MESSAGE][PASSED] - Taking screenshot successfully
[[ATTACHMENT|D:\\Projet Test Auto\\Mediabox Test Automation\\Reports\\20220623_184212\\03. Parallel Testing (Testing)\\TS -PT PART 3\\14.04 Dreyers Support Action (Ongoing _ Completed ref) - PART 4\\20220623_184236\\1656017443507.png]]

2022-06-23 22:50:44 - [TEST_STEP][PASSED] - delay(1): Delayed 1 second(s)

2022-06-23 22:50:45 - [MESSAGE][PASSED] - Delayed 1 second(s)

2022-06-23 22:50:45 - [TEST_STEP][PASSED] - I.SearchRefNo_xpath("P20_Auto", "//*[@id="fiche_filter_keywords11"]", "//*[@id="form_filters"]/div[3]/button"): Delayed 5 second(s)

2022-06-23 22:50:46 - [MESSAGE][PASSED] - Delayed 1 second(s)

2022-06-23 22:50:48 - [MESSAGE][PASSED] - Text 'P20_Auto' is set on object 'Object Repository/1. Constant/xpath'

2022-06-23 22:50:51 - [MESSAGE][PASSED] - Delayed 3 second(s)

2022-06-23 22:50:53 - [MESSAGE][PASSED] - Scroll to object 'Object Repository/1. Constant/xpath' successfully

2022-06-23 22:50:57 - [MESSAGE][PASSED] - Object: 'Object Repository/1. Constant/xpath' is clicked on

2022-06-23 22:51:02 - [MESSAGE][PASSED] - Delayed 5 second(s)

2022-06-23 22:51:02 - [TEST_STEP][PASSED] - click(findTestObject("1. Constant/xpath", ["xpath":"//*[@id="source_" + refID20 + ""]/td[14]/a[3]"])): Object: 'Object Repository/1. Constant/xpath' is clicked on

2022-06-23 22:51:06 - [MESSAGE][PASSED] - Object: 'Object Repository/1. Constant/xpath' is clicked on

2022-06-23 22:51:06 - [TEST_STEP][PASSED] - click(findTestObject("1. Constant/xpath", ["xpath":"//*[@id="ModifFiche"]/div[1]/div/button[2]"])): Object: 'Object Repository/1. Constant/xpath' is clicked on

2022-06-23 22:51:11 - [MESSAGE][PASSED] - Object: 'Object Repository/1. Constant/xpath' is clicked on

2022-06-23 22:51:11 - [TEST_STEP][PASSED] - takeScreenshot(): Taking screenshot successfully

2022-06-23 22:51:12 - [MESSAGE][PASSED] - Taking screenshot successfully
[[ATTACHMENT|D:\\Projet Test Auto\\Mediabox Test Automation\\Reports\\20220623_184212\\03. Parallel Testing (Testing)\\TS -PT PART 3\\14.04 Dreyers Support Action (Ongoing _ Completed ref) - PART 4\\20220623_184236\\1656017471962.png]]

2022-06-23 22:51:12 - [TEST_STEP][PASSED] - delay(1): Delayed 1 second(s)

2022-06-23 22:51:13 - [MESSAGE][PASSED] - Delayed 1 second(s)

2022-06-23 22:51:13 - [TEST_STEP][PASSED] - click(findTestObject("1. Constant/xpath", ["xpath":"//*[@id="source_" + refID20 + ""]/td[14]/a[3]"])): Object: 'Object Repository/1. Constant/xpath' is clicked on

2022-06-23 22:51:16 - [MESSAGE][PASSED] - Object: 'Object Repository/1. Constant/xpath' is clicked on

2022-06-23 22:51:16 - [TEST_STEP][PASSED] - click(findTestObject("1. Constant/xpath", ["xpath":"//*[@id="ModifFiche"]/div[1]/div/button[2]"])): Object: 'Object Repository/1. Constant/xpath' is clicked on

2022-06-23 22:51:22 - [MESSAGE][PASSED] - Object: 'Object Repository/1. Constant/xpath' is clicked on

2022-06-23 22:51:22 - [TEST_STEP][PASSED] - takeScreenshot(): Taking screenshot successfully

2022-06-23 22:51:23 - [MESSAGE][PASSED] - Taking screenshot successfully
[[ATTACHMENT|D:\\Projet Test Auto\\Mediabox Test Automation\\Reports\\20220623_184212\\03. Parallel Testing (Testing)\\TS -PT PART 3\\14.04 Dreyers Support Action (Ongoing _ Completed ref) - PART 4\\20220623_184236\\1656017482498.png]]

2022-06-23 22:51:23 - [TEST_STEP][PASSED] - delay(1): Delayed 1 second(s)

2022-06-23 22:51:24 - [MESSAGE][PASSED] - Delayed 1 second(s)

2022-06-23 22:51:24 - [TEST_STEP][PASSED] - color1 = getCSSValue(findTestObject("1. Constant/xpath", ["xpath":"//*[@id="source_" + refID20 + ""]/td[14]/a[2]"]), "color", OPTIONAL): Get CSS 'color' value on 'Object Repository/1. Constant/xpath' successfully: 'rgba(255, 255, 255, 1)'.

2022-06-23 22:51:24 - [MESSAGE][PASSED] - Get CSS 'color' value on 'Object Repository/1. Constant/xpath' successfully: 'rgba(255, 255, 255, 1)'.

2022-06-23 22:51:24 - [TEST_STEP][PASSED] - while (color1 == "rgba(255, 255, 255, 1)"): Get CSS 'color' value on 'Object Repository/1. Constant/xpath' successfully: 'rgba(54, 153, 255, 1)'.

2022-06-23 22:51:24 - [TEST_STEP][PASSED] - click(findTestObject("1. Constant/xpath", ["xpath":"//*[@id="source_" + refID20 + ""]/td[14]/a[2]"])): Object: 'Object Repository/1. Constant/xpath' is clicked on

2022-06-23 22:51:27 - [MESSAGE][PASSED] - Object: 'Object Repository/1. Constant/xpath' is clicked on

2022-06-23 22:51:27 - [TEST_STEP][PASSED] - I.UploadDoc_sendkey_Prod(findTestObject("1. Constant/xpath", ["xpath":"//*[@id="kt_body"]/input[2]"]), "D:\Upoad_File\Upload doc\testdata1.pdf", "testdata1"): Delayed 5 second(s)

2022-06-23 22:51:28 - [MESSAGE][PASSED] - Scroll to object 'Object Repository/1. Constant/xpath' successfully

2022-06-23 22:51:33 - [MESSAGE][PASSED] - Delayed 5 second(s)

2022-06-23 22:51:34 - [MESSAGE][PASSED] - File 'D:\Upoad_File\Upload doc\testdata1.pdf' sent to object: 'Object Repository/1. Constant/xpath'

2022-06-23 22:51:39 - [MESSAGE][PASSED] - Delayed 5 second(s)

2022-06-23 22:51:40 - [MESSAGE][PASSED] - Text 'testdata1' is present on page 

2022-06-23 22:51:45 - [MESSAGE][PASSED] - Delayed 5 second(s)

2022-06-23 22:51:50 - [MESSAGE][PASSED] - Delayed 5 second(s)

2022-06-23 22:51:50 - [TEST_STEP][PASSED] - takeScreenshot(): Taking screenshot successfully

2022-06-23 22:51:51 - [MESSAGE][PASSED] - Taking screenshot successfully
[[ATTACHMENT|D:\\Projet Test Auto\\Mediabox Test Automation\\Reports\\20220623_184212\\03. Parallel Testing (Testing)\\TS -PT PART 3\\14.04 Dreyers Support Action (Ongoing _ Completed ref) - PART 4\\20220623_184236\\1656017511125.png]]

2022-06-23 22:51:51 - [TEST_STEP][PASSED] - delay(10): Delayed 10 second(s)

2022-06-23 22:52:01 - [MESSAGE][PASSED] - Delayed 10 second(s)

2022-06-23 22:52:01 - [TEST_STEP][PASSED] - click(findTestObject("HL Full Lifecycle/12 ReferncePage_Button_Updatensenddoc")): Object: 'Object Repository/HL Full Lifecycle/12 ReferncePage_Button_Updatensenddoc' is clicked on

2022-06-23 22:52:08 - [MESSAGE][PASSED] - Object: 'Object Repository/HL Full Lifecycle/12 ReferncePage_Button_Updatensenddoc' is clicked on

2022-06-23 22:52:08 - [TEST_STEP][PASSED] - delay(5): Delayed 5 second(s)

2022-06-23 22:52:13 - [MESSAGE][PASSED] - Delayed 5 second(s)

2022-06-23 22:52:13 - [TEST_STEP][PASSED] - color1 = getCSSValue(findTestObject("1. Constant/xpath", ["xpath":"//*[@id="source_" + refID20 + ""]/td[14]/a[2]"]), "color", OPTIONAL): Get CSS 'color' value on 'Object Repository/1. Constant/xpath' successfully: 'rgba(54, 153, 255, 1)'.

2022-06-23 22:52:13 - [MESSAGE][PASSED] - Get CSS 'color' value on 'Object Repository/1. Constant/xpath' successfully: 'rgba(54, 153, 255, 1)'.

2022-06-23 22:52:13 - [TEST_STEP][PASSED] - takeScreenshot(): Taking screenshot successfully

2022-06-23 22:52:14 - [MESSAGE][PASSED] - Taking screenshot successfully
[[ATTACHMENT|D:\\Projet Test Auto\\Mediabox Test Automation\\Reports\\20220623_184212\\03. Parallel Testing (Testing)\\TS -PT PART 3\\14.04 Dreyers Support Action (Ongoing _ Completed ref) - PART 4\\20220623_184236\\1656017533660.png]]

2022-06-23 22:52:14 - [TEST_STEP][PASSED] - click(findTestObject("1. Constant/xpath", ["xpath":"//*[@id="source_" + refID20 + ""]/td[6]/a"])): Object: 'Object Repository/1. Constant/xpath' is clicked on

2022-06-23 22:52:18 - [MESSAGE][PASSED] - Object: 'Object Repository/1. Constant/xpath' is clicked on

2022-06-23 22:52:18 - [TEST_STEP][PASSED] - takeScreenshot(): Taking screenshot successfully

2022-06-23 22:52:18 - [MESSAGE][PASSED] - Taking screenshot successfully
[[ATTACHMENT|D:\\Projet Test Auto\\Mediabox Test Automation\\Reports\\20220623_184212\\03. Parallel Testing (Testing)\\TS -PT PART 3\\14.04 Dreyers Support Action (Ongoing _ Completed ref) - PART 4\\20220623_184236\\1656017538269.png]]

2022-06-23 22:52:18 - [TEST_STEP][PASSED] - delay(1): Delayed 1 second(s)

2022-06-23 22:52:19 - [MESSAGE][PASSED] - Delayed 1 second(s)

2022-06-23 22:52:19 - [TEST_STEP][PASSED] - I.Approveforothers("/html/body/div[1]/div[2]/div[8]/div[3]/div/div[3]/div[2]/div/div[3]/div/div[2]/div[1]/div/div[2]/div/div[2]/div[2]/div/div/div[1]/img", "/html/body/div[1]/div[2]/div[8]/div[3]/div/div[3]/div[2]/div/div[3]/div/div[2]/div[1]/div/div[2]/div/div[2]/div[2]/div/div/div[6]/a[2]/span"): Object: 'Object Repository/1. Constant/xpath' is clicked on

2022-06-23 22:52:21 - [MESSAGE][PASSED] - Object: 'Object Repository/1. Constant/xpath' is clicked on

2022-06-23 22:52:22 - [MESSAGE][PASSED] - Delayed 1 second(s)

2022-06-23 22:52:23 - [MESSAGE][PASSED] - Object: 'Object Repository/1. Constant/xpath' is clicked on

2022-06-23 22:52:24 - [MESSAGE][PASSED] - Delayed 1 second(s)

2022-06-23 22:52:25 - [MESSAGE][PASSED] - Object: 'Object Repository/1. Constant/xpath' is hovered

2022-06-23 22:52:27 - [MESSAGE][PASSED] - Object: 'Object Repository/1. Constant/xpath' is clicked on

2022-06-23 22:52:28 - [MESSAGE][PASSED] - Delayed 1 second(s)

2022-06-23 22:52:35 - [MESSAGE][PASSED] - Object: 'Object Repository/1. Constant/xpath' is clicked on

2022-06-23 22:52:35 - [TEST_STEP][PASSED] - delay(1): Delayed 1 second(s)

2022-06-23 22:52:36 - [MESSAGE][PASSED] - Delayed 1 second(s)

2022-06-23 22:52:36 - [TEST_STEP][PASSED] - click(findTestObject("1. Constant/xpath", ["xpath":"//*[@id="kt_subheader"]/div/nav/ol/li[2]/a"])): Object: 'Object Repository/1. Constant/xpath' is clicked on

2022-06-23 22:52:39 - [MESSAGE][PASSED] - Object: 'Object Repository/1. Constant/xpath' is clicked on

2022-06-23 22:52:39 - [TEST_STEP][PASSED] - delay(1): Delayed 1 second(s)

2022-06-23 22:52:40 - [MESSAGE][PASSED] - Delayed 1 second(s)

2022-06-23 22:52:40 - [TEST_STEP][PASSED] - I.submitquesiton_ref(findTestObject("1. Constant/xpath", ["xpath":"//*[@id="source_" + refID20 + ""]/td[14]/div[1]/button"]), findTestObject("1. Constant/xpath", ["xpath":"//*[@id="source_" + refID20 + ""]/td[14]/div[1]/div/a[1]"])): Object: 'Object Repository/1. Constant/xpath' is clicked on

2022-06-23 22:52:42 - [MESSAGE][PASSED] - Object: 'Object Repository/1. Constant/xpath' is clicked on

2022-06-23 22:52:45 - [MESSAGE][PASSED] - Delayed 3 second(s)

2022-06-23 22:52:47 - [MESSAGE][PASSED] - Object: 'Object Repository/1. Constant/xpath' is clicked on

2022-06-23 22:52:47 - [TEST_STEP][PASSED] - click(findTestObject("1. Constant/xpath", ["xpath":"//*[@id="ModifFiche"]/div[1]/div/button[2]"])): Object: 'Object Repository/1. Constant/xpath' is clicked on

2022-06-23 22:52:53 - [MESSAGE][PASSED] - Object: 'Object Repository/1. Constant/xpath' is clicked on

2022-06-23 22:52:53 - [TEST_STEP][PASSED] - takeScreenshot(): Taking screenshot successfully

2022-06-23 22:52:54 - [MESSAGE][PASSED] - Taking screenshot successfully
[[ATTACHMENT|D:\\Projet Test Auto\\Mediabox Test Automation\\Reports\\20220623_184212\\03. Parallel Testing (Testing)\\TS -PT PART 3\\14.04 Dreyers Support Action (Ongoing _ Completed ref) - PART 4\\20220623_184236\\1656017573897.png]]

2022-06-23 22:52:54 - [TEST_STEP][PASSED] - I.submitquesiton_ref(findTestObject("1. Constant/xpath", ["xpath":"//*[@id="source_" + refID20 + ""]/td[14]/div[1]/button"]), findTestObject("1. Constant/xpath", ["xpath":"//*[@id="source_" + refID20 + ""]/td[14]/div[1]/div/a[1]"])): Object: 'Object Repository/1. Constant/xpath' is clicked on

2022-06-23 22:52:54 - [MESSAGE][PASSED] - Object: 'Object Repository/1. Constant/xpath' is clicked on

2022-06-23 22:52:57 - [MESSAGE][PASSED] - Delayed 3 second(s)

2022-06-23 22:52:59 - [MESSAGE][PASSED] - Object: 'Object Repository/1. Constant/xpath' is clicked on

2022-06-23 22:52:59 - [TEST_STEP][PASSED] - click(findTestObject("1. Constant/xpath", ["xpath":"//*[@id="ModifFiche"]/div[1]/div/button[2]"])): Object: 'Object Repository/1. Constant/xpath' is clicked on

2022-06-23 22:53:04 - [MESSAGE][PASSED] - Object: 'Object Repository/1. Constant/xpath' is clicked on

2022-06-23 22:53:04 - [TEST_STEP][PASSED] - takeScreenshot(): Taking screenshot successfully

2022-06-23 22:53:05 - [MESSAGE][PASSED] - Taking screenshot successfully
[[ATTACHMENT|D:\\Projet Test Auto\\Mediabox Test Automation\\Reports\\20220623_184212\\03. Parallel Testing (Testing)\\TS -PT PART 3\\14.04 Dreyers Support Action (Ongoing _ Completed ref) - PART 4\\20220623_184236\\1656017585194.png]]

2022-06-23 22:53:05 - [TEST_STEP][PASSED] - click(findTestObject("1. Constant/xpath", ["xpath":"//*[@id="source_" + refID20 + ""]/td[14]/a[3]"])): Object: 'Object Repository/1. Constant/xpath' is clicked on

2022-06-23 22:53:08 - [MESSAGE][PASSED] - Object: 'Object Repository/1. Constant/xpath' is clicked on

2022-06-23 22:53:08 - [TEST_STEP][PASSED] - click(findTestObject("1. Constant/xpath", ["xpath":"//*[@id="ModifFiche"]/div[1]/div/button[2]"])): Object: 'Object Repository/1. Constant/xpath' is clicked on

2022-06-23 22:53:14 - [MESSAGE][PASSED] - Object: 'Object Repository/1. Constant/xpath' is clicked on

2022-06-23 22:53:14 - [TEST_STEP][PASSED] - click(findTestObject("1. Constant/xpath", ["xpath":"//*[@id="source_" + refID20 + ""]/td[14]/div[1]/button"])): Object: 'Object Repository/1. Constant/xpath' is clicked on

2022-06-23 22:53:15 - [MESSAGE][PASSED] - Object: 'Object Repository/1. Constant/xpath' is clicked on

2022-06-23 22:53:15 - [TEST_STEP][PASSED] - delay(1): Delayed 1 second(s)

2022-06-23 22:53:16 - [MESSAGE][PASSED] - Delayed 1 second(s)

2022-06-23 22:53:16 - [TEST_STEP][PASSED] - takeScreenshot(): Taking screenshot successfully

2022-06-23 22:53:17 - [MESSAGE][PASSED] - Taking screenshot successfully
[[ATTACHMENT|D:\\Projet Test Auto\\Mediabox Test Automation\\Reports\\20220623_184212\\03. Parallel Testing (Testing)\\TS -PT PART 3\\14.04 Dreyers Support Action (Ongoing _ Completed ref) - PART 4\\20220623_184236\\1656017596614.png]]

2022-06-23 22:53:17 - [TEST_STEP][PASSED] - delay(1): Delayed 1 second(s)

2022-06-23 22:53:18 - [MESSAGE][PASSED] - Delayed 1 second(s)

2022-06-23 22:53:18 - [TEST_STEP][PASSED] - x = 20: null

2022-06-23 22:53:18 - [TEST_STEP][PASSED] - i = 1: null

2022-06-23 22:53:18 - [TEST_STEP][PASSED] - while (i <= x): null

2022-06-23 22:53:18 - [TEST_STEP][PASSED] - Expected_SAS_Selected = "SAS S28: Skip P3.4/Add PG Step C/ Skip P3.1": null

2022-06-23 22:53:18 - [TEST_STEP][PASSED] - xpath_SAS = "//*[@id="source_" + refID20 + ""]/td[14]/div[1]/div/a[" + i + "]": null

2022-06-23 22:53:18 - [TEST_STEP][PASSED] - Actual_SAS = getText(findTestObject("1. Constant/xpath", ["xpath":xpath_SAS])): Text of object 'Object Repository/1. Constant/xpath' is: 'SAS: S6 - Add Steps C'

2022-06-23 22:53:19 - [MESSAGE][PASSED] - Text of object 'Object Repository/1. Constant/xpath' is: 'SAS: S6 - Add Steps C'

2022-06-23 22:53:19 - [TEST_STEP][PASSED] - I.print(i): null

2022-06-23 22:53:19 - [TEST_STEP][PASSED] - if (Actual_SAS.contains(Expected_SAS_Selected)): null

2022-06-23 22:53:19 - [TEST_STEP][PASSED] - i = i + 1: null

2022-06-23 22:53:19 - [TEST_STEP][PASSED] - Expected_SAS_Selected = "SAS S28: Skip P3.4/Add PG Step C/ Skip P3.1": null

2022-06-23 22:53:19 - [TEST_STEP][PASSED] - xpath_SAS = "//*[@id="source_" + refID20 + ""]/td[14]/div[1]/div/a[" + i + "]": null

2022-06-23 22:53:19 - [TEST_STEP][PASSED] - Actual_SAS = getText(findTestObject("1. Constant/xpath", ["xpath":xpath_SAS])): Text of object 'Object Repository/1. Constant/xpath' is: 'SAS S14 - Add Step group (SAS Lifecycle - SAS Step C)'

2022-06-23 22:53:20 - [MESSAGE][PASSED] - Text of object 'Object Repository/1. Constant/xpath' is: 'SAS S14 - Add Step group (SAS Lifecycle - SAS Step C)'

2022-06-23 22:53:20 - [TEST_STEP][PASSED] - I.print(i): null

2022-06-23 22:53:20 - [TEST_STEP][PASSED] - if (Actual_SAS.contains(Expected_SAS_Selected)): null

2022-06-23 22:53:20 - [TEST_STEP][PASSED] - i = i + 1: null

2022-06-23 22:53:20 - [TEST_STEP][PASSED] - Expected_SAS_Selected = "SAS S28: Skip P3.4/Add PG Step C/ Skip P3.1": null

2022-06-23 22:53:20 - [TEST_STEP][PASSED] - xpath_SAS = "//*[@id="source_" + refID20 + ""]/td[14]/div[1]/div/a[" + i + "]": null

2022-06-23 22:53:20 - [TEST_STEP][PASSED] - Actual_SAS = getText(findTestObject("1. Constant/xpath", ["xpath":xpath_SAS])): Text of object 'Object Repository/1. Constant/xpath' is: 'SAS: S15 - Add Step Group A & C'

2022-06-23 22:53:20 - [MESSAGE][PASSED] - Text of object 'Object Repository/1. Constant/xpath' is: 'SAS: S15 - Add Step Group A & C'

2022-06-23 22:53:20 - [TEST_STEP][PASSED] - I.print(i): null

2022-06-23 22:53:20 - [TEST_STEP][PASSED] - if (Actual_SAS.contains(Expected_SAS_Selected)): null

2022-06-23 22:53:20 - [TEST_STEP][PASSED] - i = i + 1: null

2022-06-23 22:53:20 - [TEST_STEP][PASSED] - Expected_SAS_Selected = "SAS S28: Skip P3.4/Add PG Step C/ Skip P3.1": null

2022-06-23 22:53:20 - [TEST_STEP][PASSED] - xpath_SAS = "//*[@id="source_" + refID20 + ""]/td[14]/div[1]/div/a[" + i + "]": null

2022-06-23 22:53:20 - [TEST_STEP][PASSED] - Actual_SAS = getText(findTestObject("1. Constant/xpath", ["xpath":xpath_SAS])): Text of object 'Object Repository/1. Constant/xpath' is: 'SAS S27: Add PG Step C/ Skip P3.1'

2022-06-23 22:53:21 - [MESSAGE][PASSED] - Text of object 'Object Repository/1. Constant/xpath' is: 'SAS S27: Add PG Step C/ Skip P3.1'

2022-06-23 22:53:21 - [TEST_STEP][PASSED] - I.print(i): null

2022-06-23 22:53:21 - [TEST_STEP][PASSED] - if (Actual_SAS.contains(Expected_SAS_Selected)): null

2022-06-23 22:53:21 - [TEST_STEP][PASSED] - i = i + 1: null

2022-06-23 22:53:21 - [TEST_STEP][PASSED] - Expected_SAS_Selected = "SAS S28: Skip P3.4/Add PG Step C/ Skip P3.1": null

2022-06-23 22:53:21 - [TEST_STEP][PASSED] - xpath_SAS = "//*[@id="source_" + refID20 + ""]/td[14]/div[1]/div/a[" + i + "]": null

2022-06-23 22:53:21 - [TEST_STEP][PASSED] - Actual_SAS = getText(findTestObject("1. Constant/xpath", ["xpath":xpath_SAS])): Text of object 'Object Repository/1. Constant/xpath' is: 'SAS S28: Skip P3.4/Add PG Step C/ Skip P3.1'

2022-06-23 22:53:21 - [MESSAGE][PASSED] - Text of object 'Object Repository/1. Constant/xpath' is: 'SAS S28: Skip P3.4/Add PG Step C/ Skip P3.1'

2022-06-23 22:53:21 - [TEST_STEP][PASSED] - I.print(i): null

2022-06-23 22:53:21 - [TEST_STEP][PASSED] - if (Actual_SAS.contains(Expected_SAS_Selected)): null

2022-06-23 22:53:21 - [TEST_STEP][PASSED] - click(findTestObject("1. Constant/xpath", ["xpath":xpath_SAS])): Object: 'Object Repository/1. Constant/xpath' is clicked on

2022-06-23 22:53:22 - [MESSAGE][PASSED] - Object: 'Object Repository/1. Constant/xpath' is clicked on

2022-06-23 22:53:22 - [TEST_STEP][PASSED] - break: null

2022-06-23 22:53:22 - [TEST_STEP][PASSED] - takeScreenshot(): Taking screenshot successfully

2022-06-23 22:53:22 - [MESSAGE][PASSED] - Taking screenshot successfully
[[ATTACHMENT|D:\\Projet Test Auto\\Mediabox Test Automation\\Reports\\20220623_184212\\03. Parallel Testing (Testing)\\TS -PT PART 3\\14.04 Dreyers Support Action (Ongoing _ Completed ref) - PART 4\\20220623_184236\\1656017602353.png]]

2022-06-23 22:53:22 - [TEST_STEP][PASSED] - click(findTestObject("1. Constant/xpath", ["xpath":"//*[@id="confirmSupportActionShortcut"]"])): Object: 'Object Repository/1. Constant/xpath' is clicked on

2022-06-23 22:53:27 - [MESSAGE][PASSED] - Object: 'Object Repository/1. Constant/xpath' is clicked on

2022-06-23 22:53:27 - [TEST_STEP][PASSED] - takeScreenshot(): Taking screenshot successfully

2022-06-23 22:53:28 - [MESSAGE][PASSED] - Taking screenshot successfully
[[ATTACHMENT|D:\\Projet Test Auto\\Mediabox Test Automation\\Reports\\20220623_184212\\03. Parallel Testing (Testing)\\TS -PT PART 3\\14.04 Dreyers Support Action (Ongoing _ Completed ref) - PART 4\\20220623_184236\\1656017607602.png]]

2022-06-23 22:53:28 - [TEST_STEP][PASSED] - click(findTestObject("1. Constant/xpath", ["xpath":"//*[@id="kt_content"]/div[3]/div/ul/li[3]/a"])): Object: 'Object Repository/1. Constant/xpath' is clicked on

2022-06-23 22:53:30 - [MESSAGE][PASSED] - Object: 'Object Repository/1. Constant/xpath' is clicked on

2022-06-23 22:53:30 - [TEST_STEP][PASSED] - takeScreenshot(): Taking screenshot successfully

2022-06-23 22:53:31 - [MESSAGE][PASSED] - Taking screenshot successfully
[[ATTACHMENT|D:\\Projet Test Auto\\Mediabox Test Automation\\Reports\\20220623_184212\\03. Parallel Testing (Testing)\\TS -PT PART 3\\14.04 Dreyers Support Action (Ongoing _ Completed ref) - PART 4\\20220623_184236\\1656017610920.png]]

2022-06-23 22:53:31 - [TEST_STEP][PASSED] - takeScreenshot(): Taking screenshot successfully

2022-06-23 22:53:32 - [MESSAGE][PASSED] - Taking screenshot successfully
[[ATTACHMENT|D:\\Projet Test Auto\\Mediabox Test Automation\\Reports\\20220623_184212\\03. Parallel Testing (Testing)\\TS -PT PART 3\\14.04 Dreyers Support Action (Ongoing _ Completed ref) - PART 4\\20220623_184236\\1656017611592.png]]

2022-06-23 22:53:32 - [TEST_STEP][PASSED] - StepC_1 = getAttribute(findTestObject("1. Constant/xpath", ["xpath":"/html/body/div[1]/div[2]/div[8]/div[3]/div/div[3]/div[3]/div/ul/li[3]/a"]), "class"): Attribute 'class' of object 'Object Repository/1. Constant/xpath' is: 'nav-link timeline-badge badge-xl  bg-pending active'

2022-06-23 22:53:32 - [MESSAGE][PASSED] - Attribute 'class' of object 'Object Repository/1. Constant/xpath' is: 'nav-link timeline-badge badge-xl  bg-pending active'

2022-06-23 22:53:32 - [TEST_STEP][PASSED] - verifyMatch(StepC_1, "nav-link timeline-badge badge-xl  bg-pending active", false): Actual text 'nav-link timeline-badge badge-xl  bg-pending active' and expected text 'nav-link timeline-badge badge-xl  bg-pending active' are matched 

2022-06-23 22:53:32 - [MESSAGE][PASSED] - Actual text 'nav-link timeline-badge badge-xl  bg-pending active' and expected text 'nav-link timeline-badge badge-xl  bg-pending active' are matched 

2022-06-23 22:53:32 - [TEST_STEP][PASSED] - StepC_11 = I.Get_Stepname("/html/body/div[1]/div[2]/div[8]/div[3]/div/div[3]/div[3]/div/ul/li[3]/a"): Attribute 'href' of object 'Object Repository/1. Constant/xpath' is: 'http://mdb-release.diadeis.lan/MediaboxIndependence/Base/ExecAction?action=VoirRef&IDSession=MBI!RELTESTAUTO_DREYERS!KT6G6PS97G6XL2TLKOZQ0CHLLMC3MAHHTDUK6OKI&num=RL0C05OQ4K&id_ref=5329#tab_lifecycle_SASStepC_12358'

2022-06-23 22:53:37 - [MESSAGE][PASSED] - Delayed 5 second(s)

2022-06-23 22:53:38 - [MESSAGE][PASSED] - Attribute 'href' of object 'Object Repository/1. Constant/xpath' is: 'http://mdb-release.diadeis.lan/MediaboxIndependence/Base/ExecAction?action=VoirRef&IDSession=MBI!RELTESTAUTO_DREYERS!KT6G6PS97G6XL2TLKOZQ0CHLLMC3MAHHTDUK6OKI&num=RL0C05OQ4K&id_ref=5329#tab_lifecycle_SASStepC_12358'

2022-06-23 22:53:38 - [TEST_STEP][PASSED] - verifyMatch(StepC_11, "SASStepC", false): Actual text 'SASStepC' and expected text 'SASStepC' are matched 

2022-06-23 22:53:38 - [MESSAGE][PASSED] - Actual text 'SASStepC' and expected text 'SASStepC' are matched 

2022-06-23 22:53:38 - [TEST_STEP][PASSED] - StepCP4_1 = getText(findTestObject("1. Constant/xpath", ["xpath":"/html/body/div[1]/div[2]/div[8]/div[3]/div/div[3]/div[3]/div/div/div[3]/div/div[6]/div/div[1]/div[1]/h3"])): Text of object 'Object Repository/1. Constant/xpath' is: 'Phase 3.1 [Question]'

2022-06-23 22:53:38 - [MESSAGE][PASSED] - Text of object 'Object Repository/1. Constant/xpath' is: 'Phase 3.1 [Question]'

2022-06-23 22:53:38 - [TEST_STEP][PASSED] - verifyMatch(StepCP4_1, "Phase 3.1 [Question]", false): Actual text 'Phase 3.1 [Question]' and expected text 'Phase 3.1 [Question]' are matched 

2022-06-23 22:53:38 - [MESSAGE][PASSED] - Actual text 'Phase 3.1 [Question]' and expected text 'Phase 3.1 [Question]' are matched 

2022-06-23 22:53:38 - [TEST_STEP][PASSED] - Started_StepCP4_1 = getText(findTestObject("1. Constant/xpath", ["xpath":"/html/body/div[1]/div[2]/div[8]/div[3]/div/div[3]/div[3]/div/div/div[3]/div/div[6]/div/div[2]/div[1]"])): Text of object 'Object Repository/1. Constant/xpath' is: 'Started 06/23/22 04:53 PM'

2022-06-23 22:53:39 - [MESSAGE][PASSED] - Text of object 'Object Repository/1. Constant/xpath' is: 'Started 06/23/22 04:53 PM'

2022-06-23 22:53:39 - [TEST_STEP][PASSED] - if (Started_StepCP4_1.contains("Started")): Actual object '1' and expected object '1' are equal

2022-06-23 22:53:39 - [TEST_STEP][PASSED] - verifyEqual(1, 1): Actual object '1' and expected object '1' are equal

2022-06-23 22:53:39 - [MESSAGE][PASSED] - Actual object '1' and expected object '1' are equal

2022-06-23 22:53:39 - [TEST_STEP][PASSED] - verifyElementNotPresent(findTestObject("1. Constant/xpath", ["xpath":"/html/body/div[1]/div[2]/div[8]/div[3]/div/div[3]/div[3]/div/div/div[3]/div/div[11]/div"]), 10): Web element with id: 'Object Repository/1. Constant/xpath' located by 'By.xpath: /html/body/div[1]/div[2]/div[8]/div[3]/div/div[3]/div[3]/div/div/div[3]/div/div[11]/div' is not present after '10' second(s)

2022-06-23 22:53:39 - [MESSAGE][PASSED] - Web element with id: 'Object Repository/1. Constant/xpath' located by 'By.xpath: /html/body/div[1]/div[2]/div[8]/div[3]/div/div[3]/div[3]/div/div/div[3]/div/div[11]/div' is not present after '10' second(s)

2022-06-23 22:53:39 - [TEST_STEP][PASSED] - verifyElementNotPresent(findTestObject("1. Constant/xpath", ["xpath":"/html/body/div[1]/div[2]/div[8]/div[3]/div/div[3]/div[3]/div/ul/li[4]/a"]), 10): Web element with id: 'Object Repository/1. Constant/xpath' located by 'By.xpath: /html/body/div[1]/div[2]/div[8]/div[3]/div/div[3]/div[3]/div/ul/li[4]/a' is not present after '10' second(s)

2022-06-23 22:53:40 - [MESSAGE][PASSED] - Web element with id: 'Object Repository/1. Constant/xpath' located by 'By.xpath: /html/body/div[1]/div[2]/div[8]/div[3]/div/div[3]/div[3]/div/ul/li[4]/a' is not present after '10' second(s)

2022-06-23 22:53:40 - [TEST_STEP][PASSED] - I.Logout(): Delayed 3 second(s)

2022-06-23 22:53:43 - [MESSAGE][PASSED] - Delayed 3 second(s)

2022-06-23 22:53:43 - [MESSAGE][PASSED] - Object: 'Object Repository/1. Constant/xpath' is clicked on

2022-06-23 22:53:46 - [MESSAGE][PASSED] - Delayed 3 second(s)

2022-06-23 22:53:50 - [MESSAGE][PASSED] - Object: 'Object Repository/1. Constant/xpath' is clicked on

2022-06-23 22:53:53 - [MESSAGE][PASSED] - Delayed 3 second(s)

2022-06-23 22:53:53 - [TEST_STEP][PASSED] - I.Login_password("talexeeva", password_talexeeva): Object: 'Object Repository/1. Constant/xpath' is clicked on

2022-06-23 22:53:54 - [MESSAGE][PASSED] - Text 'talexeeva' is set on object 'Object Repository/1. Constant/xpath'

2022-06-23 22:53:55 - [MESSAGE][PASSED] - Delayed 1 second(s)

2022-06-23 22:53:57 - [MESSAGE][PASSED] - Text 'diadeis2' is set on object 'Object Repository/1. Constant/xpath'

2022-06-23 22:53:58 - [MESSAGE][PASSED] - Delayed 1 second(s)

2022-06-23 22:54:04 - [MESSAGE][PASSED] - Object: 'Object Repository/1. Constant/xpath' is clicked on

2022-06-23 22:54:04 - [TEST_STEP][PASSED] - click(findTestObject("1. Constant/02_LHSMenu_Projects")): Object: 'Object Repository/1. Constant/02_LHSMenu_Projects' is clicked on

2022-06-23 22:54:08 - [MESSAGE][PASSED] - Object: 'Object Repository/1. Constant/02_LHSMenu_Projects' is clicked on

2022-06-23 22:54:08 - [TEST_STEP][PASSED] - I.SearchProjectNo_xpath(Project_No, "//*[@id="keynum_project"]", "//*[@id="form_filters"]/div[4]/button"): Delayed 5 second(s)

2022-06-23 22:54:09 - [MESSAGE][PASSED] - Delayed 1 second(s)

2022-06-23 22:54:11 - [MESSAGE][PASSED] - Text 'MI000883' is set on object 'Object Repository/1. Constant/xpath'

2022-06-23 22:54:14 - [MESSAGE][PASSED] - Delayed 3 second(s)

2022-06-23 22:54:15 - [MESSAGE][PASSED] - Scroll to object 'Object Repository/1. Constant/xpath' successfully

2022-06-23 22:54:20 - [MESSAGE][PASSED] - Object: 'Object Repository/1. Constant/xpath' is clicked on

2022-06-23 22:54:25 - [MESSAGE][PASSED] - Delayed 5 second(s)

2022-06-23 22:54:25 - [TEST_STEP][PASSED] - I.SearchRefNo_xpath("P20_Auto", "//*[@id="fiche_filter_keywords11"]", "//*[@id="form_filters"]/div[3]/button"): Delayed 5 second(s)

2022-06-23 22:54:26 - [MESSAGE][PASSED] - Delayed 1 second(s)

2022-06-23 22:54:28 - [MESSAGE][PASSED] - Text 'P20_Auto' is set on object 'Object Repository/1. Constant/xpath'

2022-06-23 22:54:31 - [MESSAGE][PASSED] - Delayed 3 second(s)

2022-06-23 22:54:33 - [MESSAGE][PASSED] - Scroll to object 'Object Repository/1. Constant/xpath' successfully

2022-06-23 22:54:39 - [MESSAGE][PASSED] - Object: 'Object Repository/1. Constant/xpath' is clicked on

2022-06-23 22:54:44 - [MESSAGE][PASSED] - Delayed 5 second(s)

2022-06-23 22:54:44 - [TEST_STEP][PASSED] - takeScreenshot(): Taking screenshot successfully

2022-06-23 22:54:46 - [MESSAGE][PASSED] - Taking screenshot successfully
[[ATTACHMENT|D:\\Projet Test Auto\\Mediabox Test Automation\\Reports\\20220623_184212\\03. Parallel Testing (Testing)\\TS -PT PART 3\\14.04 Dreyers Support Action (Ongoing _ Completed ref) - PART 4\\20220623_184236\\1656017685230.png]]

2022-06-23 22:54:46 - [TEST_STEP][PASSED] - I.submitquesiton_ref(findTestObject("1. Constant/xpath", ["xpath":"//*[@id="source_" + refID20 + ""]/td[13]/div[1]/button"]), findTestObject("1. Constant/xpath", ["xpath":"//*[@id="source_" + refID20 + ""]/td[13]/div[1]/div/a[1]"])): Object: 'Object Repository/1. Constant/xpath' is clicked on

2022-06-23 22:54:48 - [MESSAGE][PASSED] - Object: 'Object Repository/1. Constant/xpath' is clicked on

2022-06-23 22:54:51 - [MESSAGE][PASSED] - Delayed 3 second(s)

2022-06-23 22:54:53 - [MESSAGE][PASSED] - Object: 'Object Repository/1. Constant/xpath' is clicked on

2022-06-23 22:54:53 - [TEST_STEP][PASSED] - click(findTestObject("1. Constant/xpath", ["xpath":"//*[@id="ModifFiche"]/div[1]/div/button[2]"])): Object: 'Object Repository/1. Constant/xpath' is clicked on

2022-06-23 22:54:59 - [MESSAGE][PASSED] - Object: 'Object Repository/1. Constant/xpath' is clicked on

2022-06-23 22:54:59 - [TEST_STEP][PASSED] - takeScreenshot(): Taking screenshot successfully

2022-06-23 22:55:00 - [MESSAGE][PASSED] - Taking screenshot successfully
[[ATTACHMENT|D:\\Projet Test Auto\\Mediabox Test Automation\\Reports\\20220623_184212\\03. Parallel Testing (Testing)\\TS -PT PART 3\\14.04 Dreyers Support Action (Ongoing _ Completed ref) - PART 4\\20220623_184236\\1656017699972.png]]

2022-06-23 22:55:00 - [TEST_STEP][PASSED] - Lifecycle_Status22 = getText(findTestObject("1. Constant/xpath", ["xpath":"//*[@id="source_" + refID20 + ""]/td[12]/span[1]"])): Text of object 'Object Repository/1. Constant/xpath' is: 'Phase 3.2 [Question]'

2022-06-23 22:55:02 - [MESSAGE][PASSED] - Text of object 'Object Repository/1. Constant/xpath' is: 'Phase 3.2 [Question]'

2022-06-23 22:55:02 - [TEST_STEP][PASSED] - verifyMatch(Lifecycle_Status22, "Phase 3.2 [Question]", false): Actual text 'Phase 3.2 [Question]' and expected text 'Phase 3.2 [Question]' are matched 

2022-06-23 22:55:02 - [MESSAGE][PASSED] - Actual text 'Phase 3.2 [Question]' and expected text 'Phase 3.2 [Question]' are matched 

2022-06-23 22:55:02 - [TEST_STEP][PASSED] - I.Logout(): Delayed 3 second(s)

2022-06-23 22:55:05 - [MESSAGE][PASSED] - Delayed 3 second(s)

2022-06-23 22:55:05 - [MESSAGE][PASSED] - Object: 'Object Repository/1. Constant/xpath' is clicked on

2022-06-23 22:55:08 - [MESSAGE][PASSED] - Delayed 3 second(s)

2022-06-23 22:55:13 - [MESSAGE][PASSED] - Object: 'Object Repository/1. Constant/xpath' is clicked on

2022-06-23 22:55:16 - [MESSAGE][PASSED] - Delayed 3 second(s)

2022-06-23 22:55:16 - [TEST_STEP][PASSED] - I.Login_password("nturner", password_nturner): Object: 'Object Repository/1. Constant/xpath' is clicked on

2022-06-23 22:55:18 - [MESSAGE][PASSED] - Text 'nturner' is set on object 'Object Repository/1. Constant/xpath'

2022-06-23 22:55:19 - [MESSAGE][PASSED] - Delayed 1 second(s)

2022-06-23 22:55:25 - [MESSAGE][PASSED] - Text 'diadeis1' is set on object 'Object Repository/1. Constant/xpath'

2022-06-23 22:55:26 - [MESSAGE][PASSED] - Delayed 1 second(s)

2022-06-23 22:55:32 - [MESSAGE][PASSED] - Object: 'Object Repository/1. Constant/xpath' is clicked on

2022-06-23 22:55:32 - [TEST_STEP][PASSED] - delay(1): Delayed 1 second(s)

2022-06-23 22:55:33 - [MESSAGE][PASSED] - Delayed 1 second(s)

2022-06-23 22:55:33 - [TEST_STEP][PASSED] - click(findTestObject("1. Constant/02_LHSMenu_Projects")): Object: 'Object Repository/1. Constant/02_LHSMenu_Projects' is clicked on

2022-06-23 22:55:37 - [MESSAGE][PASSED] - Object: 'Object Repository/1. Constant/02_LHSMenu_Projects' is clicked on

2022-06-23 22:55:37 - [TEST_STEP][PASSED] - I.SearchProjectNo_xpath(Project_No, "//*[@id="keynum_project"]", "//*[@id="form_filters"]/div[4]/button"): Delayed 5 second(s)

2022-06-23 22:55:38 - [MESSAGE][PASSED] - Delayed 1 second(s)

2022-06-23 22:55:39 - [MESSAGE][PASSED] - Text 'MI000883' is set on object 'Object Repository/1. Constant/xpath'

2022-06-23 22:55:42 - [MESSAGE][PASSED] - Delayed 3 second(s)

2022-06-23 22:55:42 - [MESSAGE][PASSED] - Scroll to object 'Object Repository/1. Constant/xpath' successfully

2022-06-23 22:55:47 - [MESSAGE][PASSED] - Object: 'Object Repository/1. Constant/xpath' is clicked on

2022-06-23 22:55:52 - [MESSAGE][PASSED] - Delayed 5 second(s)

2022-06-23 22:55:52 - [TEST_STEP][PASSED] - takeScreenshot(): Taking screenshot successfully

2022-06-23 22:55:53 - [MESSAGE][PASSED] - Taking screenshot successfully
[[ATTACHMENT|D:\\Projet Test Auto\\Mediabox Test Automation\\Reports\\20220623_184212\\03. Parallel Testing (Testing)\\TS -PT PART 3\\14.04 Dreyers Support Action (Ongoing _ Completed ref) - PART 4\\20220623_184236\\1656017752365.png]]

2022-06-23 22:55:53 - [TEST_STEP][PASSED] - I.SearchRefNo_xpath("P20_Auto", "//*[@id="fiche_filter_keywords11"]", "//*[@id="form_filters"]/div[3]/button"): Delayed 5 second(s)

2022-06-23 22:55:54 - [MESSAGE][PASSED] - Delayed 1 second(s)

2022-06-23 22:55:56 - [MESSAGE][PASSED] - Text 'P20_Auto' is set on object 'Object Repository/1. Constant/xpath'

2022-06-23 22:55:59 - [MESSAGE][PASSED] - Delayed 3 second(s)

2022-06-23 22:56:00 - [MESSAGE][PASSED] - Scroll to object 'Object Repository/1. Constant/xpath' successfully

2022-06-23 22:56:03 - [MESSAGE][PASSED] - Object: 'Object Repository/1. Constant/xpath' is clicked on

2022-06-23 22:56:08 - [MESSAGE][PASSED] - Delayed 5 second(s)

2022-06-23 22:56:08 - [TEST_STEP][PASSED] - I.submitquesiton_ref(findTestObject("1. Constant/xpath", ["xpath":"//*[@id="source_" + refID20 + ""]/td[13]/div/button"]), findTestObject("1. Constant/xpath", ["xpath":"//*[@id="source_" + refID20 + ""]/td[13]/div/div/a[1]"])): Object: 'Object Repository/1. Constant/xpath' is clicked on

2022-06-23 22:56:09 - [MESSAGE][PASSED] - Object: 'Object Repository/1. Constant/xpath' is clicked on

2022-06-23 22:56:12 - [MESSAGE][PASSED] - Delayed 3 second(s)

2022-06-23 22:56:14 - [MESSAGE][PASSED] - Object: 'Object Repository/1. Constant/xpath' is clicked on

2022-06-23 22:56:14 - [TEST_STEP][PASSED] - click(findTestObject("1. Constant/xpath", ["xpath":"//*[@id="ModifFiche"]/div[1]/div/button[2]"])): Object: 'Object Repository/1. Constant/xpath' is clicked on

2022-06-23 22:56:20 - [MESSAGE][PASSED] - Object: 'Object Repository/1. Constant/xpath' is clicked on

2022-06-23 22:56:20 - [TEST_STEP][PASSED] - Lifecycle_Status33 = getText(findTestObject("1. Constant/xpath", ["xpath":"//*[@id="source_" + refID20 + ""]/td[12]/span[1]"])): Text of object 'Object Repository/1. Constant/xpath' is: 'Phase 3.3 [Standard]'

2022-06-23 22:56:21 - [MESSAGE][PASSED] - Text of object 'Object Repository/1. Constant/xpath' is: 'Phase 3.3 [Standard]'

2022-06-23 22:56:21 - [TEST_STEP][PASSED] - verifyMatch(Lifecycle_Status33, "Phase 3.3 [Standard]", false): Actual text 'Phase 3.3 [Standard]' and expected text 'Phase 3.3 [Standard]' are matched 

2022-06-23 22:56:21 - [MESSAGE][PASSED] - Actual text 'Phase 3.3 [Standard]' and expected text 'Phase 3.3 [Standard]' are matched 

2022-06-23 22:56:21 - [TEST_STEP][PASSED] - takeScreenshot(): Taking screenshot successfully

2022-06-23 22:56:21 - [MESSAGE][PASSED] - Taking screenshot successfully
[[ATTACHMENT|D:\\Projet Test Auto\\Mediabox Test Automation\\Reports\\20220623_184212\\03. Parallel Testing (Testing)\\TS -PT PART 3\\14.04 Dreyers Support Action (Ongoing _ Completed ref) - PART 4\\20220623_184236\\1656017781431.png]]

2022-06-23 22:56:21 - [TEST_STEP][PASSED] - I.Logout(): Delayed 3 second(s)

2022-06-23 22:56:24 - [MESSAGE][PASSED] - Delayed 3 second(s)

2022-06-23 22:56:26 - [MESSAGE][PASSED] - Object: 'Object Repository/1. Constant/xpath' is clicked on

2022-06-23 22:56:29 - [MESSAGE][PASSED] - Delayed 3 second(s)

2022-06-23 22:56:32 - [MESSAGE][PASSED] - Object: 'Object Repository/1. Constant/xpath' is clicked on

2022-06-23 22:56:35 - [MESSAGE][PASSED] - Delayed 3 second(s)

2022-06-23 22:56:35 - [TEST_STEP][PASSED] - I.Login_password("jryan", password_jryan): Object: 'Object Repository/1. Constant/xpath' is clicked on

2022-06-23 22:56:38 - [MESSAGE][PASSED] - Text 'jryan' is set on object 'Object Repository/1. Constant/xpath'

2022-06-23 22:56:39 - [MESSAGE][PASSED] - Delayed 1 second(s)

2022-06-23 22:56:41 - [MESSAGE][PASSED] - Text 'diadeis' is set on object 'Object Repository/1. Constant/xpath'

2022-06-23 22:56:42 - [MESSAGE][PASSED] - Delayed 1 second(s)

2022-06-23 22:56:46 - [MESSAGE][PASSED] - Object: 'Object Repository/1. Constant/xpath' is clicked on

2022-06-23 22:56:46 - [TEST_STEP][PASSED] - click(findTestObject("1. Constant/02_LHSMenu_Projects")): Object: 'Object Repository/1. Constant/02_LHSMenu_Projects' is clicked on

2022-06-23 22:56:50 - [MESSAGE][PASSED] - Object: 'Object Repository/1. Constant/02_LHSMenu_Projects' is clicked on

2022-06-23 22:56:50 - [TEST_STEP][PASSED] - I.SearchProjectNo_xpath(Project_No, "//*[@id="keynum_project"]", "//*[@id="form_filters"]/div[4]/button"): Delayed 5 second(s)

2022-06-23 22:56:51 - [MESSAGE][PASSED] - Delayed 1 second(s)

2022-06-23 22:56:53 - [MESSAGE][PASSED] - Text 'MI000883' is set on object 'Object Repository/1. Constant/xpath'

2022-06-23 22:56:56 - [MESSAGE][PASSED] - Delayed 3 second(s)

2022-06-23 22:56:57 - [MESSAGE][PASSED] - Scroll to object 'Object Repository/1. Constant/xpath' successfully

2022-06-23 22:57:01 - [MESSAGE][PASSED] - Object: 'Object Repository/1. Constant/xpath' is clicked on

2022-06-23 22:57:06 - [MESSAGE][PASSED] - Delayed 5 second(s)

2022-06-23 22:57:06 - [TEST_STEP][PASSED] - takeScreenshot(): Taking screenshot successfully

2022-06-23 22:57:07 - [MESSAGE][PASSED] - Taking screenshot successfully
[[ATTACHMENT|D:\\Projet Test Auto\\Mediabox Test Automation\\Reports\\20220623_184212\\03. Parallel Testing (Testing)\\TS -PT PART 3\\14.04 Dreyers Support Action (Ongoing _ Completed ref) - PART 4\\20220623_184236\\1656017826873.png]]

2022-06-23 22:57:07 - [TEST_STEP][PASSED] - I.SearchRefNo_xpath("P20_Auto", "//*[@id="fiche_filter_keywords11"]", "//*[@id="form_filters"]/div[3]/button"): Delayed 5 second(s)

2022-06-23 22:57:08 - [MESSAGE][PASSED] - Delayed 1 second(s)

2022-06-23 22:57:09 - [MESSAGE][PASSED] - Text 'P20_Auto' is set on object 'Object Repository/1. Constant/xpath'

2022-06-23 22:57:12 - [MESSAGE][PASSED] - Delayed 3 second(s)

2022-06-23 22:57:13 - [MESSAGE][PASSED] - Scroll to object 'Object Repository/1. Constant/xpath' successfully

2022-06-23 22:57:18 - [MESSAGE][PASSED] - Object: 'Object Repository/1. Constant/xpath' is clicked on

2022-06-23 22:57:23 - [MESSAGE][PASSED] - Delayed 5 second(s)

2022-06-23 22:57:23 - [TEST_STEP][PASSED] - takeScreenshot(): Taking screenshot successfully

2022-06-23 22:57:24 - [MESSAGE][PASSED] - Taking screenshot successfully
[[ATTACHMENT|D:\\Projet Test Auto\\Mediabox Test Automation\\Reports\\20220623_184212\\03. Parallel Testing (Testing)\\TS -PT PART 3\\14.04 Dreyers Support Action (Ongoing _ Completed ref) - PART 4\\20220623_184236\\1656017843780.png]]

2022-06-23 22:57:24 - [TEST_STEP][PASSED] - click(findTestObject("1. Constant/xpath", ["xpath":"//*[@id="source_" + refID20 + ""]/td[14]/a[2]"])): Object: 'Object Repository/1. Constant/xpath' is clicked on

2022-06-23 22:57:26 - [MESSAGE][PASSED] - Object: 'Object Repository/1. Constant/xpath' is clicked on

2022-06-23 22:57:26 - [TEST_STEP][PASSED] - click(findTestObject("1. Constant/xpath", ["xpath":"//*[@id="ModifFiche"]/div[1]/div/button[2]"])): Object: 'Object Repository/1. Constant/xpath' is clicked on

2022-06-23 22:57:31 - [MESSAGE][PASSED] - Object: 'Object Repository/1. Constant/xpath' is clicked on

2022-06-23 22:57:31 - [TEST_STEP][PASSED] - Lifecycle_Status44 = getText(findTestObject("1. Constant/xpath", ["xpath":"//*[@id="source_" + refID20 + ""]/td[12]/span[1]"])): Text of object 'Object Repository/1. Constant/xpath' is: 'Phase 3.4 [Standard]'

2022-06-23 22:57:31 - [MESSAGE][PASSED] - Text of object 'Object Repository/1. Constant/xpath' is: 'Phase 3.4 [Standard]'

2022-06-23 22:57:31 - [TEST_STEP][PASSED] - verifyMatch(Lifecycle_Status44, "Phase 3.4 [Standard]", false): Actual text 'Phase 3.4 [Standard]' and expected text 'Phase 3.4 [Standard]' are matched 

2022-06-23 22:57:31 - [MESSAGE][PASSED] - Actual text 'Phase 3.4 [Standard]' and expected text 'Phase 3.4 [Standard]' are matched 

2022-06-23 22:57:31 - [TEST_STEP][PASSED] - takeScreenshot(): Taking screenshot successfully

2022-06-23 22:57:31 - [MESSAGE][PASSED] - Taking screenshot successfully
[[ATTACHMENT|D:\\Projet Test Auto\\Mediabox Test Automation\\Reports\\20220623_184212\\03. Parallel Testing (Testing)\\TS -PT PART 3\\14.04 Dreyers Support Action (Ongoing _ Completed ref) - PART 4\\20220623_184236\\1656017851593.png]]

2022-06-23 22:57:31 - [TEST_STEP][PASSED] - I.Logout(): Delayed 3 second(s)

2022-06-23 22:57:34 - [MESSAGE][PASSED] - Delayed 3 second(s)

2022-06-23 22:57:35 - [MESSAGE][PASSED] - Object: 'Object Repository/1. Constant/xpath' is clicked on

2022-06-23 22:57:38 - [MESSAGE][PASSED] - Delayed 3 second(s)

2022-06-23 22:57:42 - [MESSAGE][PASSED] - Object: 'Object Repository/1. Constant/xpath' is clicked on

2022-06-23 22:57:45 - [MESSAGE][PASSED] - Delayed 3 second(s)

2022-06-23 22:57:45 - [TEST_STEP][PASSED] - I.Login_password("nturner", password_nturner): Object: 'Object Repository/1. Constant/xpath' is clicked on

2022-06-23 22:57:46 - [MESSAGE][PASSED] - Text 'nturner' is set on object 'Object Repository/1. Constant/xpath'

2022-06-23 22:57:47 - [MESSAGE][PASSED] - Delayed 1 second(s)

2022-06-23 22:57:48 - [MESSAGE][PASSED] - Text 'diadeis1' is set on object 'Object Repository/1. Constant/xpath'

2022-06-23 22:57:49 - [MESSAGE][PASSED] - Delayed 1 second(s)

2022-06-23 22:57:56 - [MESSAGE][PASSED] - Object: 'Object Repository/1. Constant/xpath' is clicked on

2022-06-23 22:57:56 - [TEST_STEP][PASSED] - click(findTestObject("1. Constant/02_LHSMenu_Projects")): Object: 'Object Repository/1. Constant/02_LHSMenu_Projects' is clicked on

2022-06-23 22:58:00 - [MESSAGE][PASSED] - Object: 'Object Repository/1. Constant/02_LHSMenu_Projects' is clicked on

2022-06-23 22:58:00 - [TEST_STEP][PASSED] - I.SearchProjectNo_xpath(Project_No, "//*[@id="keynum_project"]", "//*[@id="form_filters"]/div[4]/button"): Delayed 5 second(s)

2022-06-23 22:58:01 - [MESSAGE][PASSED] - Delayed 1 second(s)

2022-06-23 22:58:02 - [MESSAGE][PASSED] - Text 'MI000883' is set on object 'Object Repository/1. Constant/xpath'

2022-06-23 22:58:05 - [MESSAGE][PASSED] - Delayed 3 second(s)

2022-06-23 22:58:05 - [MESSAGE][PASSED] - Scroll to object 'Object Repository/1. Constant/xpath' successfully

2022-06-23 22:58:09 - [MESSAGE][PASSED] - Object: 'Object Repository/1. Constant/xpath' is clicked on

2022-06-23 22:58:14 - [MESSAGE][PASSED] - Delayed 5 second(s)

2022-06-23 22:58:14 - [TEST_STEP][PASSED] - takeScreenshot(): Taking screenshot successfully

2022-06-23 22:58:15 - [MESSAGE][PASSED] - Taking screenshot successfully
[[ATTACHMENT|D:\\Projet Test Auto\\Mediabox Test Automation\\Reports\\20220623_184212\\03. Parallel Testing (Testing)\\TS -PT PART 3\\14.04 Dreyers Support Action (Ongoing _ Completed ref) - PART 4\\20220623_184236\\1656017895082.png]]

2022-06-23 22:58:15 - [TEST_STEP][PASSED] - I.SearchRefNo_xpath("P20_Auto", "//*[@id="fiche_filter_keywords11"]", "//*[@id="form_filters"]/div[3]/button"): Delayed 5 second(s)

2022-06-23 22:58:17 - [MESSAGE][PASSED] - Delayed 1 second(s)

2022-06-23 22:58:18 - [MESSAGE][PASSED] - Text 'P20_Auto' is set on object 'Object Repository/1. Constant/xpath'

2022-06-23 22:58:21 - [MESSAGE][PASSED] - Delayed 3 second(s)

2022-06-23 22:58:22 - [MESSAGE][PASSED] - Scroll to object 'Object Repository/1. Constant/xpath' successfully

2022-06-23 22:58:25 - [MESSAGE][PASSED] - Object: 'Object Repository/1. Constant/xpath' is clicked on

2022-06-23 22:58:30 - [MESSAGE][PASSED] - Delayed 5 second(s)

2022-06-23 22:58:30 - [TEST_STEP][PASSED] - click(findTestObject("1. Constant/xpath", ["xpath":"//*[@id="source_" + refID20 + ""]/td[13]/a[2]"])): Object: 'Object Repository/1. Constant/xpath' is clicked on

2022-06-23 22:58:33 - [MESSAGE][PASSED] - Object: 'Object Repository/1. Constant/xpath' is clicked on

2022-06-23 22:58:33 - [TEST_STEP][PASSED] - click(findTestObject("1. Constant/xpath", ["xpath":"//*[@id="ModifFiche"]/div[1]/div/button[2]"])): Object: 'Object Repository/1. Constant/xpath' is clicked on

2022-06-23 22:58:37 - [MESSAGE][PASSED] - Object: 'Object Repository/1. Constant/xpath' is clicked on

2022-06-23 22:58:37 - [TEST_STEP][PASSED] - Lifecycle_Status55 = getText(findTestObject("1. Constant/xpath", ["xpath":"//*[@id="source_" + refID20 + ""]/td[12]/span[1]"])): Text of object 'Object Repository/1. Constant/xpath' is: 'Phase 3.5[Prod]'

2022-06-23 22:58:38 - [MESSAGE][PASSED] - Text of object 'Object Repository/1. Constant/xpath' is: 'Phase 3.5[Prod]'

2022-06-23 22:58:38 - [TEST_STEP][PASSED] - verifyMatch(Lifecycle_Status55, "Phase 3.5[Prod]", false): Actual text 'Phase 3.5[Prod]' and expected text 'Phase 3.5[Prod]' are matched 

2022-06-23 22:58:38 - [MESSAGE][PASSED] - Actual text 'Phase 3.5[Prod]' and expected text 'Phase 3.5[Prod]' are matched 

2022-06-23 22:58:38 - [TEST_STEP][PASSED] - takeScreenshot(): Taking screenshot successfully

2022-06-23 22:58:39 - [MESSAGE][PASSED] - Taking screenshot successfully
[[ATTACHMENT|D:\\Projet Test Auto\\Mediabox Test Automation\\Reports\\20220623_184212\\03. Parallel Testing (Testing)\\TS -PT PART 3\\14.04 Dreyers Support Action (Ongoing _ Completed ref) - PART 4\\20220623_184236\\1656017918496.png]]

2022-06-23 22:58:39 - [TEST_STEP][PASSED] - I.Logout(): Delayed 3 second(s)

2022-06-23 22:58:42 - [MESSAGE][PASSED] - Delayed 3 second(s)

2022-06-23 22:58:43 - [MESSAGE][PASSED] - Object: 'Object Repository/1. Constant/xpath' is clicked on

2022-06-23 22:58:46 - [MESSAGE][PASSED] - Delayed 3 second(s)

2022-06-23 22:58:48 - [MESSAGE][PASSED] - Object: 'Object Repository/1. Constant/xpath' is clicked on

2022-06-23 22:58:51 - [MESSAGE][PASSED] - Delayed 3 second(s)

2022-06-23 22:58:51 - [TEST_STEP][PASSED] - I.Login_password("lmary", password_lmary): Object: 'Object Repository/1. Constant/xpath' is clicked on

2022-06-23 22:58:54 - [MESSAGE][PASSED] - Text 'lmary' is set on object 'Object Repository/1. Constant/xpath'

2022-06-23 22:58:55 - [MESSAGE][PASSED] - Delayed 1 second(s)

2022-06-23 22:58:58 - [MESSAGE][PASSED] - Text 'diadeis' is set on object 'Object Repository/1. Constant/xpath'

2022-06-23 22:58:59 - [MESSAGE][PASSED] - Delayed 1 second(s)

2022-06-23 22:59:04 - [MESSAGE][PASSED] - Object: 'Object Repository/1. Constant/xpath' is clicked on

2022-06-23 22:59:04 - [TEST_STEP][PASSED] - click(findTestObject("1. Constant/02_LHSMenu_Projects")): Object: 'Object Repository/1. Constant/02_LHSMenu_Projects' is clicked on

2022-06-23 22:59:06 - [MESSAGE][PASSED] - Object: 'Object Repository/1. Constant/02_LHSMenu_Projects' is clicked on

2022-06-23 22:59:06 - [TEST_STEP][PASSED] - I.SearchProjectNo_xpath(Project_No, "//*[@id="keynum_project"]", "//*[@id="form_filters"]/div[4]/button"): Delayed 5 second(s)

2022-06-23 22:59:07 - [MESSAGE][PASSED] - Delayed 1 second(s)

2022-06-23 22:59:10 - [MESSAGE][PASSED] - Text 'MI000883' is set on object 'Object Repository/1. Constant/xpath'

2022-06-23 22:59:13 - [MESSAGE][PASSED] - Delayed 3 second(s)

2022-06-23 22:59:13 - [MESSAGE][PASSED] - Scroll to object 'Object Repository/1. Constant/xpath' successfully

2022-06-23 22:59:17 - [MESSAGE][PASSED] - Object: 'Object Repository/1. Constant/xpath' is clicked on

2022-06-23 22:59:22 - [MESSAGE][PASSED] - Delayed 5 second(s)

2022-06-23 22:59:22 - [TEST_STEP][PASSED] - takeScreenshot(): Taking screenshot successfully

2022-06-23 22:59:23 - [MESSAGE][PASSED] - Taking screenshot successfully
[[ATTACHMENT|D:\\Projet Test Auto\\Mediabox Test Automation\\Reports\\20220623_184212\\03. Parallel Testing (Testing)\\TS -PT PART 3\\14.04 Dreyers Support Action (Ongoing _ Completed ref) - PART 4\\20220623_184236\\1656017962768.png]]

2022-06-23 22:59:23 - [TEST_STEP][PASSED] - I.SearchRefNo_xpath("P20_Auto", "//*[@id="fiche_filter_keywords11"]", "//*[@id="form_filters"]/div[3]/button"): Delayed 5 second(s)

2022-06-23 22:59:24 - [MESSAGE][PASSED] - Delayed 1 second(s)

2022-06-23 22:59:26 - [MESSAGE][PASSED] - Text 'P20_Auto' is set on object 'Object Repository/1. Constant/xpath'

2022-06-23 22:59:29 - [MESSAGE][PASSED] - Delayed 3 second(s)

2022-06-23 22:59:30 - [MESSAGE][PASSED] - Scroll to object 'Object Repository/1. Constant/xpath' successfully

2022-06-23 22:59:33 - [MESSAGE][PASSED] - Object: 'Object Repository/1. Constant/xpath' is clicked on

2022-06-23 22:59:38 - [MESSAGE][PASSED] - Delayed 5 second(s)

2022-06-23 22:59:38 - [TEST_STEP][PASSED] - takeScreenshot(): Taking screenshot successfully

2022-06-23 22:59:39 - [MESSAGE][PASSED] - Taking screenshot successfully
[[ATTACHMENT|D:\\Projet Test Auto\\Mediabox Test Automation\\Reports\\20220623_184212\\03. Parallel Testing (Testing)\\TS -PT PART 3\\14.04 Dreyers Support Action (Ongoing _ Completed ref) - PART 4\\20220623_184236\\1656017979112.png]]

2022-06-23 22:59:39 - [TEST_STEP][PASSED] - color3 = getCSSValue(findTestObject("1. Constant/xpath", ["xpath":"//*[@id="source_" + refID20 + ""]/td[13]/a"]), "color", OPTIONAL): Get CSS 'color' value on 'Object Repository/1. Constant/xpath' successfully: 'rgba(255, 255, 255, 1)'.

2022-06-23 22:59:40 - [MESSAGE][PASSED] - Get CSS 'color' value on 'Object Repository/1. Constant/xpath' successfully: 'rgba(255, 255, 255, 1)'.

2022-06-23 22:59:40 - [TEST_STEP][PASSED] - while (color3 == "rgba(255, 255, 255, 1)"): Get CSS 'color' value on 'Object Repository/1. Constant/xpath' successfully: 'rgba(54, 153, 255, 1)'.

2022-06-23 22:59:40 - [TEST_STEP][PASSED] - click(findTestObject("1. Constant/xpath", ["xpath":"//*[@id="source_" + refID20 + ""]/td[13]/a"])): Object: 'Object Repository/1. Constant/xpath' is clicked on

2022-06-23 22:59:44 - [MESSAGE][PASSED] - Object: 'Object Repository/1. Constant/xpath' is clicked on

2022-06-23 22:59:44 - [TEST_STEP][PASSED] - selectOptionByValue(findTestObject("1. Constant/xpath", ["xpath":"//*[@id="id_approval_flow_tpl"]"]), "80", false): All options with value '80' are selected in object 'Object Repository/1. Constant/xpath' 

2022-06-23 22:59:52 - [MESSAGE][PASSED] - All options with value '80' are selected in object 'Object Repository/1. Constant/xpath' 

2022-06-23 22:59:52 - [TEST_STEP][PASSED] - I.UploadDoc_sendkey_Prod(findTestObject("1. Constant/xpath", ["xpath":"//*[@id="kt_body"]/input[2]"]), "D:\Upoad_File\Upload doc\testdata1.jpg", "testdata1"): Delayed 5 second(s)

2022-06-23 22:59:54 - [MESSAGE][PASSED] - Scroll to object 'Object Repository/1. Constant/xpath' successfully

2022-06-23 22:59:59 - [MESSAGE][PASSED] - Delayed 5 second(s)

2022-06-23 23:00:02 - [MESSAGE][PASSED] - File 'D:\Upoad_File\Upload doc\testdata1.jpg' sent to object: 'Object Repository/1. Constant/xpath'

2022-06-23 23:00:07 - [MESSAGE][PASSED] - Delayed 5 second(s)

2022-06-23 23:00:10 - [MESSAGE][PASSED] - Text 'testdata1' is present on page 

2022-06-23 23:00:15 - [MESSAGE][PASSED] - Delayed 5 second(s)

2022-06-23 23:00:20 - [MESSAGE][PASSED] - Delayed 5 second(s)

2022-06-23 23:00:20 - [TEST_STEP][PASSED] - takeScreenshot(): Taking screenshot successfully

2022-06-23 23:00:22 - [MESSAGE][PASSED] - Taking screenshot successfully
[[ATTACHMENT|D:\\Projet Test Auto\\Mediabox Test Automation\\Reports\\20220623_184212\\03. Parallel Testing (Testing)\\TS -PT PART 3\\14.04 Dreyers Support Action (Ongoing _ Completed ref) - PART 4\\20220623_184236\\1656018020747.png]]

2022-06-23 23:00:22 - [TEST_STEP][PASSED] - delay(8): Delayed 8 second(s)

2022-06-23 23:00:30 - [MESSAGE][PASSED] - Delayed 8 second(s)

2022-06-23 23:00:30 - [TEST_STEP][PASSED] - click(findTestObject("HL Full Lifecycle/12 ReferncePage_Button_Updatensenddoc")): Object: 'Object Repository/HL Full Lifecycle/12 ReferncePage_Button_Updatensenddoc' is clicked on

2022-06-23 23:00:37 - [MESSAGE][PASSED] - Object: 'Object Repository/HL Full Lifecycle/12 ReferncePage_Button_Updatensenddoc' is clicked on

2022-06-23 23:00:37 - [TEST_STEP][PASSED] - delay(4): Delayed 4 second(s)

2022-06-23 23:00:41 - [MESSAGE][PASSED] - Delayed 4 second(s)

2022-06-23 23:00:41 - [TEST_STEP][PASSED] - color3 = getCSSValue(findTestObject("1. Constant/xpath", ["xpath":"//*[@id="source_" + refID20 + ""]/td[13]/a"]), "color", OPTIONAL): Get CSS 'color' value on 'Object Repository/1. Constant/xpath' successfully: 'rgba(54, 153, 255, 1)'.

2022-06-23 23:00:43 - [MESSAGE][PASSED] - Get CSS 'color' value on 'Object Repository/1. Constant/xpath' successfully: 'rgba(54, 153, 255, 1)'.

2022-06-23 23:00:43 - [TEST_STEP][PASSED] - I.Logout(): Delayed 3 second(s)

2022-06-23 23:00:46 - [MESSAGE][PASSED] - Delayed 3 second(s)

2022-06-23 23:00:46 - [MESSAGE][PASSED] - Object: 'Object Repository/1. Constant/xpath' is clicked on

2022-06-23 23:00:49 - [MESSAGE][PASSED] - Delayed 3 second(s)

2022-06-23 23:00:54 - [MESSAGE][PASSED] - Object: 'Object Repository/1. Constant/xpath' is clicked on

2022-06-23 23:00:57 - [MESSAGE][PASSED] - Delayed 3 second(s)

2022-06-23 23:00:57 - [TEST_STEP][PASSED] - I.Login_password("blemco", password_blemco): Object: 'Object Repository/1. Constant/xpath' is clicked on

2022-06-23 23:01:03 - [MESSAGE][PASSED] - Text 'blemco' is set on object 'Object Repository/1. Constant/xpath'

2022-06-23 23:01:04 - [MESSAGE][PASSED] - Delayed 1 second(s)

2022-06-23 23:01:08 - [MESSAGE][PASSED] - Text 'diadeis1' is set on object 'Object Repository/1. Constant/xpath'

2022-06-23 23:01:09 - [MESSAGE][PASSED] - Delayed 1 second(s)

2022-06-23 23:01:16 - [MESSAGE][PASSED] - Object: 'Object Repository/1. Constant/xpath' is clicked on

2022-06-23 23:01:16 - [TEST_STEP][PASSED] - click(findTestObject("1. Constant/02_LHSMenu_Projects")): Object: 'Object Repository/1. Constant/02_LHSMenu_Projects' is clicked on

2022-06-23 23:01:21 - [MESSAGE][PASSED] - Object: 'Object Repository/1. Constant/02_LHSMenu_Projects' is clicked on

2022-06-23 23:01:21 - [TEST_STEP][PASSED] - I.SearchProjectNo_xpath(Project_No, "//*[@id="keynum_project"]", "//*[@id="form_filters"]/div[4]/button"): Delayed 5 second(s)

2022-06-23 23:01:22 - [MESSAGE][PASSED] - Delayed 1 second(s)

2022-06-23 23:01:23 - [MESSAGE][PASSED] - Text 'MI000883' is set on object 'Object Repository/1. Constant/xpath'

2022-06-23 23:01:26 - [MESSAGE][PASSED] - Delayed 3 second(s)

2022-06-23 23:01:27 - [MESSAGE][PASSED] - Scroll to object 'Object Repository/1. Constant/xpath' successfully

2022-06-23 23:01:32 - [MESSAGE][PASSED] - Object: 'Object Repository/1. Constant/xpath' is clicked on

2022-06-23 23:01:37 - [MESSAGE][PASSED] - Delayed 5 second(s)

2022-06-23 23:01:37 - [TEST_STEP][PASSED] - takeScreenshot(): Taking screenshot successfully

2022-06-23 23:01:38 - [MESSAGE][PASSED] - Taking screenshot successfully
[[ATTACHMENT|D:\\Projet Test Auto\\Mediabox Test Automation\\Reports\\20220623_184212\\03. Parallel Testing (Testing)\\TS -PT PART 3\\14.04 Dreyers Support Action (Ongoing _ Completed ref) - PART 4\\20220623_184236\\1656018097792.png]]

2022-06-23 23:01:38 - [TEST_STEP][PASSED] - I.SearchRefNo_xpath("P20_Auto", "//*[@id="fiche_filter_keywords11"]", "//*[@id="form_filters"]/div[3]/button"): Delayed 5 second(s)

2022-06-23 23:01:39 - [MESSAGE][PASSED] - Delayed 1 second(s)

2022-06-23 23:01:40 - [MESSAGE][PASSED] - Text 'P20_Auto' is set on object 'Object Repository/1. Constant/xpath'

2022-06-23 23:01:43 - [MESSAGE][PASSED] - Delayed 3 second(s)

2022-06-23 23:01:43 - [MESSAGE][PASSED] - Scroll to object 'Object Repository/1. Constant/xpath' successfully

2022-06-23 23:01:47 - [MESSAGE][PASSED] - Object: 'Object Repository/1. Constant/xpath' is clicked on

2022-06-23 23:01:52 - [MESSAGE][PASSED] - Delayed 5 second(s)

2022-06-23 23:01:52 - [TEST_STEP][PASSED] - I.AWF_approve_byaction(findTestObject("1. Constant/xpath", ["xpath":"//*[@id="source_" + refID20 + ""]/td[13]/a[2]"])): Object: 'Object Repository/HL Full Lifecycle/Function_Appbutton2' is clicked on

2022-06-23 23:01:58 - [MESSAGE][PASSED] - Delayed 5 second(s)

2022-06-23 23:02:02 - [MESSAGE][PASSED] - Object: 'Object Repository/1. Constant/xpath' is clicked on

2022-06-23 23:02:05 - [MESSAGE][PASSED] - Object: 'Object Repository/HL Full Lifecycle/Function_access Viewer2' is hovered

2022-06-23 23:02:08 - [MESSAGE][PASSED] - Delayed 3 second(s)

2022-06-23 23:02:11 - [MESSAGE][PASSED] - Object: 'Object Repository/HL Full Lifecycle/Function_access Viewer2' is clicked on

2022-06-23 23:02:16 - [MESSAGE][PASSED] - Delayed 5 second(s)

2022-06-23 23:02:19 - [MESSAGE][PASSED] - Object: 'Object Repository/HL Full Lifecycle/Function_AppButton' is clicked on

2022-06-23 23:02:24 - [MESSAGE][PASSED] - Delayed 5 second(s)

2022-06-23 23:02:29 - [MESSAGE][PASSED] - Object: 'Object Repository/HL Full Lifecycle/Function_Appbutton2' is clicked on

2022-06-23 23:02:29 - [TEST_STEP][PASSED] - Lifecycle_Status66 = getText(findTestObject("1. Constant/xpath", ["xpath":"//*[@id="source_" + refID20 + ""]/td[12]/span[1]"])): Text of object 'Object Repository/1. Constant/xpath' is: 'Complete'

2022-06-23 23:02:29 - [MESSAGE][PASSED] - Text of object 'Object Repository/1. Constant/xpath' is: 'Complete'

2022-06-23 23:02:29 - [TEST_STEP][PASSED] - verifyMatch(Lifecycle_Status66, "Complete", false): Actual text 'Complete' and expected text 'Complete' are matched 

2022-06-23 23:02:29 - [MESSAGE][PASSED] - Actual text 'Complete' and expected text 'Complete' are matched 

2022-06-23 23:02:29 - [TEST_STEP][PASSED] - closeBrowser(): Browser is closed

2022-06-23 23:02:36 - [MESSAGE][PASSED] - Browser is closed

2022-06-23 23:02:36 - [TEST_STEP][PASSED] - Start listener action : sampleAfterTestCase: null]]></system-out>
         <system-err><![CDATA[]]></system-err>
      </testcase>
      <testcase name="Test Cases/19. Dreyers Support Action (Ongoing ref_completed)/19.22 Dreyers SAS Add Phase group (Ongoing ref) S29 - P22" time="798.988" classname="Test Cases/19. Dreyers Support Action (Ongoing ref_completed)/19.22 Dreyers SAS Add Phase group (Ongoing ref) S29 - P22" status="PASSED">
         <system-out><![CDATA[2022-06-23 23:02:36 - [TEST_CASE][PASSED] - Test Cases/19. Dreyers Support Action (Ongoing ref_completed)/19.22 Dreyers SAS Add Phase group (Ongoing ref) S29 - P22: Test Cases/19. Dreyers Support Action (Ongoing ref_completed)/19.22 Dreyers SAS Add Phase group (Ongoing ref) S29 - P22

2022-06-23 23:02:37 - [TEST_STEP][PASSED] - data_Dreyers = findTestData("Data Files/Username_Password/Dreyer"): null

2022-06-23 23:02:37 - [TEST_STEP][PASSED] - password_suser = data_Dreyers.getValue(2, 1): null

2022-06-23 23:02:37 - [TEST_STEP][PASSED] - password_blemco = data_Dreyers.getValue(2, 2): null

2022-06-23 23:02:37 - [TEST_STEP][PASSED] - password_nturner = data_Dreyers.getValue(2, 6): null

2022-06-23 23:02:37 - [TEST_STEP][PASSED] - password_talexeeva = data_Dreyers.getValue(2, 7): null

2022-06-23 23:02:37 - [TEST_STEP][PASSED] - password_jryan = data_Dreyers.getValue(2, 12): null

2022-06-23 23:02:37 - [TEST_STEP][PASSED] - password_lmary = data_Dreyers.getValue(2, 13): null

2022-06-23 23:02:37 - [TEST_STEP][PASSED] - data_urlRELAUTO = findTestData("Data Files/URL/URL_relauto"): null

2022-06-23 23:02:37 - [TEST_STEP][PASSED] - Url_Dreyer = data_urlRELAUTO.getValue(2, 4): null

2022-06-23 23:02:37 - [TEST_STEP][PASSED] - Project_No = I.readnotepad("D:\Upoad_File\Projet_ Login\Dreyers\19.1\19.1_Dreyers_ProjectNo.txt"): null

2022-06-23 23:02:37 - [TEST_STEP][PASSED] - refID = I.readnotepad("D:\Upoad_File\Projet_ Login\Dreyers\19.1\19.1_Dreyers_refID.txt"): null

2022-06-23 23:02:37 - [TEST_STEP][PASSED] - openBrowser(Url_Dreyer): Browser is opened with url: 'http://mdb-release.diadeis.lan/MediaboxIndependence/?MBI_datasource=RELTESTAUTO_DREYERS'

2022-06-23 23:02:37 - [MESSAGE][INFO] - Starting 'Chrome (headless)' driver

2022-06-23 23:02:37 - [MESSAGE][INFO] - User set preference: ['args', '[--window-size=1920,1080, --headless]']

2022-06-23 23:02:37 - [MESSAGE][INFO] - Action delay is set to 0 milliseconds

2022-06-23 23:03:00 - [MESSAGE][PASSED] - Browser is opened with url: 'http://mdb-release.diadeis.lan/MediaboxIndependence/?MBI_datasource=RELTESTAUTO_DREYERS'

2022-06-23 23:03:00 - [TEST_STEP][PASSED] - maximizeWindow(): Current window maximized

2022-06-23 23:03:00 - [MESSAGE][PASSED] - Current window maximized

2022-06-23 23:03:00 - [TEST_STEP][PASSED] - I.Login_password("suser", password_suser): Object: 'Object Repository/1. Constant/xpath' is clicked on

2022-06-23 23:03:02 - [MESSAGE][PASSED] - Text 'suser' is set on object 'Object Repository/1. Constant/xpath'

2022-06-23 23:03:03 - [MESSAGE][PASSED] - Delayed 1 second(s)

2022-06-23 23:03:04 - [MESSAGE][PASSED] - Text 'diadeis' is set on object 'Object Repository/1. Constant/xpath'

2022-06-23 23:03:05 - [MESSAGE][PASSED] - Delayed 1 second(s)

2022-06-23 23:03:19 - [MESSAGE][PASSED] - Object: 'Object Repository/1. Constant/xpath' is clicked on

2022-06-23 23:03:19 - [TEST_STEP][PASSED] - click(findTestObject("1. Constant/02_LHSMenu_Projects")): Object: 'Object Repository/1. Constant/02_LHSMenu_Projects' is clicked on

2022-06-23 23:03:23 - [MESSAGE][PASSED] - Object: 'Object Repository/1. Constant/02_LHSMenu_Projects' is clicked on

2022-06-23 23:03:23 - [TEST_STEP][PASSED] - I.SearchProjectNo_xpath(Project_No, "//*[@id="keynum_project"]", "//*[@id="form_filters"]/div[4]/button"): Delayed 5 second(s)

2022-06-23 23:03:24 - [MESSAGE][PASSED] - Delayed 1 second(s)

2022-06-23 23:03:27 - [MESSAGE][PASSED] - Text 'MI000883' is set on object 'Object Repository/1. Constant/xpath'

2022-06-23 23:03:30 - [MESSAGE][PASSED] - Delayed 3 second(s)

2022-06-23 23:03:30 - [MESSAGE][PASSED] - Scroll to object 'Object Repository/1. Constant/xpath' successfully

2022-06-23 23:03:35 - [MESSAGE][PASSED] - Object: 'Object Repository/1. Constant/xpath' is clicked on

2022-06-23 23:03:40 - [MESSAGE][PASSED] - Delayed 5 second(s)

2022-06-23 23:03:40 - [TEST_STEP][PASSED] - takeScreenshot(): Taking screenshot successfully

2022-06-23 23:03:42 - [MESSAGE][PASSED] - Taking screenshot successfully
[[ATTACHMENT|D:\\Projet Test Auto\\Mediabox Test Automation\\Reports\\20220623_184212\\03. Parallel Testing (Testing)\\TS -PT PART 3\\14.04 Dreyers Support Action (Ongoing _ Completed ref) - PART 4\\20220623_184236\\1656018221066.png]]

2022-06-23 23:03:42 - [TEST_STEP][PASSED] - click(findTestObject("1. Constant/xpath", ["xpath":"//*[@id="create_ref_btn"]/button"])): Object: 'Object Repository/1. Constant/xpath' is clicked on

2022-06-23 23:03:43 - [MESSAGE][PASSED] - Object: 'Object Repository/1. Constant/xpath' is clicked on

2022-06-23 23:03:43 - [TEST_STEP][PASSED] - delay(1): Delayed 1 second(s)

2022-06-23 23:03:44 - [MESSAGE][PASSED] - Delayed 1 second(s)

2022-06-23 23:03:44 - [TEST_STEP][PASSED] - click(findTestObject("1. Constant/xpath", ["xpath":"//*[@id="create_ref_btn"]/div/a"])): Object: 'Object Repository/1. Constant/xpath' is clicked on

2022-06-23 23:03:49 - [MESSAGE][PASSED] - Object: 'Object Repository/1. Constant/xpath' is clicked on

2022-06-23 23:03:49 - [TEST_STEP][PASSED] - selectOptionByValue(findTestObject("1. Constant/xpath", ["xpath":"//*[@id="lfc_tpl"]"]), "36", false): All options with value '36' are selected in object 'Object Repository/1. Constant/xpath' 

2022-06-23 23:03:51 - [MESSAGE][PASSED] - All options with value '36' are selected in object 'Object Repository/1. Constant/xpath' 

2022-06-23 23:03:51 - [TEST_STEP][PASSED] - ref_name = "P22_Auto_SAS_S29_" + RandomStringUtils.randomAlphanumeric(5) + I.gettimedate(): null

2022-06-23 23:03:51 - [TEST_STEP][PASSED] - delay(1): Delayed 1 second(s)

2022-06-23 23:03:52 - [MESSAGE][PASSED] - Delayed 1 second(s)

2022-06-23 23:03:52 - [TEST_STEP][PASSED] - setText(findTestObject("1. Constant/xpath", ["xpath":"//*[@id="var_name"]"]), ref_name): Text 'P22_Auto_SAS_S29_D2Uvrjuin232022_230351' is set on object 'Object Repository/1. Constant/xpath'

2022-06-23 23:03:54 - [MESSAGE][PASSED] - Text 'P22_Auto_SAS_S29_D2Uvrjuin232022_230351' is set on object 'Object Repository/1. Constant/xpath'

2022-06-23 23:03:54 - [TEST_STEP][PASSED] - takeScreenshot(): Taking screenshot successfully

2022-06-23 23:03:55 - [MESSAGE][PASSED] - Taking screenshot successfully
[[ATTACHMENT|D:\\Projet Test Auto\\Mediabox Test Automation\\Reports\\20220623_184212\\03. Parallel Testing (Testing)\\TS -PT PART 3\\14.04 Dreyers Support Action (Ongoing _ Completed ref) - PART 4\\20220623_184236\\1656018234882.png]]

2022-06-23 23:03:55 - [TEST_STEP][PASSED] - click(findTestObject("1. Constant/xpath", ["xpath":"//*[@id="createRefBottom"]"])): Object: 'Object Repository/1. Constant/xpath' is clicked on

2022-06-23 23:03:59 - [MESSAGE][PASSED] - Object: 'Object Repository/1. Constant/xpath' is clicked on

2022-06-23 23:03:59 - [TEST_STEP][PASSED] - delay(1): Delayed 1 second(s)

2022-06-23 23:04:00 - [MESSAGE][PASSED] - Delayed 1 second(s)

2022-06-23 23:04:00 - [TEST_STEP][PASSED] - takeScreenshot(): Taking screenshot successfully

2022-06-23 23:04:01 - [MESSAGE][PASSED] - Taking screenshot successfully
[[ATTACHMENT|D:\\Projet Test Auto\\Mediabox Test Automation\\Reports\\20220623_184212\\03. Parallel Testing (Testing)\\TS -PT PART 3\\14.04 Dreyers Support Action (Ongoing _ Completed ref) - PART 4\\20220623_184236\\1656018240962.png]]

2022-06-23 23:04:01 - [TEST_STEP][PASSED] - refID22 = I.RefID(): Current window's url is: 'http://mdb-release.diadeis.lan/MediaboxIndependence/Base/ExecAction?IDSession=MBI%21RELTESTAUTO_DREYERS%21HX2AZ7MZQZS5HS8PSBTSKV08KKD4J8E434VOLV79&default_action=ModifierRef&id_project=MI000883&id_ref=5331&action_from=create_ref'

2022-06-23 23:04:06 - [MESSAGE][PASSED] - Delayed 5 second(s)

2022-06-23 23:04:07 - [MESSAGE][PASSED] - Current window's url is: 'http://mdb-release.diadeis.lan/MediaboxIndependence/Base/ExecAction?IDSession=MBI%21RELTESTAUTO_DREYERS%21HX2AZ7MZQZS5HS8PSBTSKV08KKD4J8E434VOLV79&default_action=ModifierRef&id_project=MI000883&id_ref=5331&action_from=create_ref'

2022-06-23 23:04:07 - [TEST_STEP][PASSED] - click(findTestObject("1. Constant/xpath", ["xpath":"//*[@id="type_save"]"])): Object: 'Object Repository/1. Constant/xpath' is clicked on

2022-06-23 23:04:13 - [MESSAGE][PASSED] - Object: 'Object Repository/1. Constant/xpath' is clicked on

2022-06-23 23:04:13 - [TEST_STEP][PASSED] - takeScreenshot(): Taking screenshot successfully

2022-06-23 23:04:14 - [MESSAGE][PASSED] - Taking screenshot successfully
[[ATTACHMENT|D:\\Projet Test Auto\\Mediabox Test Automation\\Reports\\20220623_184212\\03. Parallel Testing (Testing)\\TS -PT PART 3\\14.04 Dreyers Support Action (Ongoing _ Completed ref) - PART 4\\20220623_184236\\1656018253497.png]]

2022-06-23 23:04:14 - [TEST_STEP][PASSED] - delay(1): Delayed 1 second(s)

2022-06-23 23:04:15 - [MESSAGE][PASSED] - Delayed 1 second(s)

2022-06-23 23:04:15 - [TEST_STEP][PASSED] - I.SearchRefNo_xpath("P22_Auto", "//*[@id="fiche_filter_keywords11"]", "//*[@id="form_filters"]/div[3]/button"): Delayed 5 second(s)

2022-06-23 23:04:16 - [MESSAGE][PASSED] - Delayed 1 second(s)

2022-06-23 23:04:17 - [MESSAGE][PASSED] - Text 'P22_Auto' is set on object 'Object Repository/1. Constant/xpath'

2022-06-23 23:04:20 - [MESSAGE][PASSED] - Delayed 3 second(s)

2022-06-23 23:04:21 - [MESSAGE][PASSED] - Scroll to object 'Object Repository/1. Constant/xpath' successfully

2022-06-23 23:04:24 - [MESSAGE][PASSED] - Object: 'Object Repository/1. Constant/xpath' is clicked on

2022-06-23 23:04:29 - [MESSAGE][PASSED] - Delayed 5 second(s)

2022-06-23 23:04:29 - [TEST_STEP][PASSED] - click(findTestObject("1. Constant/xpath", ["xpath":"//*[@id="source_" + refID22 + ""]/td[14]/a[3]"])): Object: 'Object Repository/1. Constant/xpath' is clicked on

2022-06-23 23:04:31 - [MESSAGE][PASSED] - Object: 'Object Repository/1. Constant/xpath' is clicked on

2022-06-23 23:04:31 - [TEST_STEP][PASSED] - click(findTestObject("1. Constant/xpath", ["xpath":"//*[@id="ModifFiche"]/div[1]/div/button[2]"])): Object: 'Object Repository/1. Constant/xpath' is clicked on

2022-06-23 23:04:36 - [MESSAGE][PASSED] - Object: 'Object Repository/1. Constant/xpath' is clicked on

2022-06-23 23:04:36 - [TEST_STEP][PASSED] - takeScreenshot(): Taking screenshot successfully

2022-06-23 23:04:37 - [MESSAGE][PASSED] - Taking screenshot successfully
[[ATTACHMENT|D:\\Projet Test Auto\\Mediabox Test Automation\\Reports\\20220623_184212\\03. Parallel Testing (Testing)\\TS -PT PART 3\\14.04 Dreyers Support Action (Ongoing _ Completed ref) - PART 4\\20220623_184236\\1656018276551.png]]

2022-06-23 23:04:37 - [TEST_STEP][PASSED] - delay(1): Delayed 1 second(s)

2022-06-23 23:04:38 - [MESSAGE][PASSED] - Delayed 1 second(s)

2022-06-23 23:04:38 - [TEST_STEP][PASSED] - click(findTestObject("1. Constant/xpath", ["xpath":"//*[@id="source_" + refID22 + ""]/td[14]/a[3]"])): Object: 'Object Repository/1. Constant/xpath' is clicked on

2022-06-23 23:04:41 - [MESSAGE][PASSED] - Object: 'Object Repository/1. Constant/xpath' is clicked on

2022-06-23 23:04:41 - [TEST_STEP][PASSED] - click(findTestObject("1. Constant/xpath", ["xpath":"//*[@id="ModifFiche"]/div[1]/div/button[2]"])): Object: 'Object Repository/1. Constant/xpath' is clicked on

2022-06-23 23:04:46 - [MESSAGE][PASSED] - Object: 'Object Repository/1. Constant/xpath' is clicked on

2022-06-23 23:04:46 - [TEST_STEP][PASSED] - takeScreenshot(): Taking screenshot successfully

2022-06-23 23:04:47 - [MESSAGE][PASSED] - Taking screenshot successfully
[[ATTACHMENT|D:\\Projet Test Auto\\Mediabox Test Automation\\Reports\\20220623_184212\\03. Parallel Testing (Testing)\\TS -PT PART 3\\14.04 Dreyers Support Action (Ongoing _ Completed ref) - PART 4\\20220623_184236\\1656018286870.png]]

2022-06-23 23:04:47 - [TEST_STEP][PASSED] - delay(1): Delayed 1 second(s)

2022-06-23 23:04:48 - [MESSAGE][PASSED] - Delayed 1 second(s)

2022-06-23 23:04:48 - [TEST_STEP][PASSED] - color1 = getCSSValue(findTestObject("1. Constant/xpath", ["xpath":"//*[@id="source_" + refID22 + ""]/td[14]/a[2]"]), "color", OPTIONAL): Get CSS 'color' value on 'Object Repository/1. Constant/xpath' successfully: 'rgba(255, 255, 255, 1)'.

2022-06-23 23:04:49 - [MESSAGE][PASSED] - Get CSS 'color' value on 'Object Repository/1. Constant/xpath' successfully: 'rgba(255, 255, 255, 1)'.

2022-06-23 23:04:49 - [TEST_STEP][PASSED] - while (color1 == "rgba(255, 255, 255, 1)"): Get CSS 'color' value on 'Object Repository/1. Constant/xpath' successfully: 'rgba(54, 153, 255, 1)'.

2022-06-23 23:04:49 - [TEST_STEP][PASSED] - click(findTestObject("1. Constant/xpath", ["xpath":"//*[@id="source_" + refID22 + ""]/td[14]/a[2]"])): Object: 'Object Repository/1. Constant/xpath' is clicked on

2022-06-23 23:04:51 - [MESSAGE][PASSED] - Object: 'Object Repository/1. Constant/xpath' is clicked on

2022-06-23 23:04:51 - [TEST_STEP][PASSED] - I.UploadDoc_sendkey_Prod(findTestObject("1. Constant/xpath", ["xpath":"//*[@id="kt_body"]/input[2]"]), "D:\Upoad_File\Upload doc\testdata1.pdf", "testdata1"): Delayed 5 second(s)

2022-06-23 23:04:52 - [MESSAGE][PASSED] - Scroll to object 'Object Repository/1. Constant/xpath' successfully

2022-06-23 23:04:57 - [MESSAGE][PASSED] - Delayed 5 second(s)

2022-06-23 23:04:58 - [MESSAGE][PASSED] - File 'D:\Upoad_File\Upload doc\testdata1.pdf' sent to object: 'Object Repository/1. Constant/xpath'

2022-06-23 23:05:03 - [MESSAGE][PASSED] - Delayed 5 second(s)

2022-06-23 23:05:03 - [MESSAGE][PASSED] - Text 'testdata1' is present on page 

2022-06-23 23:05:08 - [MESSAGE][PASSED] - Delayed 5 second(s)

2022-06-23 23:05:13 - [MESSAGE][PASSED] - Delayed 5 second(s)

2022-06-23 23:05:13 - [TEST_STEP][PASSED] - takeScreenshot(): Taking screenshot successfully

2022-06-23 23:05:14 - [MESSAGE][PASSED] - Taking screenshot successfully
[[ATTACHMENT|D:\\Projet Test Auto\\Mediabox Test Automation\\Reports\\20220623_184212\\03. Parallel Testing (Testing)\\TS -PT PART 3\\14.04 Dreyers Support Action (Ongoing _ Completed ref) - PART 4\\20220623_184236\\1656018314097.png]]

2022-06-23 23:05:14 - [TEST_STEP][PASSED] - delay(8): Delayed 8 second(s)

2022-06-23 23:05:22 - [MESSAGE][PASSED] - Delayed 8 second(s)

2022-06-23 23:05:22 - [TEST_STEP][PASSED] - click(findTestObject("HL Full Lifecycle/12 ReferncePage_Button_Updatensenddoc")): Object: 'Object Repository/HL Full Lifecycle/12 ReferncePage_Button_Updatensenddoc' is clicked on

2022-06-23 23:05:29 - [MESSAGE][PASSED] - Object: 'Object Repository/HL Full Lifecycle/12 ReferncePage_Button_Updatensenddoc' is clicked on

2022-06-23 23:05:29 - [TEST_STEP][PASSED] - delay(4): Delayed 4 second(s)

2022-06-23 23:05:33 - [MESSAGE][PASSED] - Delayed 4 second(s)

2022-06-23 23:05:33 - [TEST_STEP][PASSED] - color1 = getCSSValue(findTestObject("1. Constant/xpath", ["xpath":"//*[@id="source_" + refID22 + ""]/td[14]/a[2]"]), "color", OPTIONAL): Get CSS 'color' value on 'Object Repository/1. Constant/xpath' successfully: 'rgba(54, 153, 255, 1)'.

2022-06-23 23:05:34 - [MESSAGE][PASSED] - Get CSS 'color' value on 'Object Repository/1. Constant/xpath' successfully: 'rgba(54, 153, 255, 1)'.

2022-06-23 23:05:34 - [TEST_STEP][PASSED] - takeScreenshot(): Taking screenshot successfully

2022-06-23 23:05:35 - [MESSAGE][PASSED] - Taking screenshot successfully
[[ATTACHMENT|D:\\Projet Test Auto\\Mediabox Test Automation\\Reports\\20220623_184212\\03. Parallel Testing (Testing)\\TS -PT PART 3\\14.04 Dreyers Support Action (Ongoing _ Completed ref) - PART 4\\20220623_184236\\1656018334861.png]]

2022-06-23 23:05:35 - [TEST_STEP][PASSED] - click(findTestObject("1. Constant/xpath", ["xpath":"//*[@id="source_" + refID22 + ""]/td[6]/a"])): Object: 'Object Repository/1. Constant/xpath' is clicked on

2022-06-23 23:05:39 - [MESSAGE][PASSED] - Object: 'Object Repository/1. Constant/xpath' is clicked on

2022-06-23 23:05:39 - [TEST_STEP][PASSED] - takeScreenshot(): Taking screenshot successfully

2022-06-23 23:05:40 - [MESSAGE][PASSED] - Taking screenshot successfully
[[ATTACHMENT|D:\\Projet Test Auto\\Mediabox Test Automation\\Reports\\20220623_184212\\03. Parallel Testing (Testing)\\TS -PT PART 3\\14.04 Dreyers Support Action (Ongoing _ Completed ref) - PART 4\\20220623_184236\\1656018340147.png]]

2022-06-23 23:05:40 - [TEST_STEP][PASSED] - delay(1): Delayed 1 second(s)

2022-06-23 23:05:41 - [MESSAGE][PASSED] - Delayed 1 second(s)

2022-06-23 23:05:41 - [TEST_STEP][PASSED] - I.Approveforothers("/html/body/div[1]/div[2]/div[8]/div[3]/div/div[3]/div[2]/div/div[3]/div/div[2]/div[1]/div/div[2]/div/div[2]/div[2]/div/div/div[1]/img", "/html/body/div[1]/div[2]/div[8]/div[3]/div/div[3]/div[2]/div/div[3]/div/div[2]/div[1]/div/div[2]/div/div[2]/div[2]/div/div/div[6]/a[2]/span"): Object: 'Object Repository/1. Constant/xpath' is clicked on

2022-06-23 23:05:43 - [MESSAGE][PASSED] - Object: 'Object Repository/1. Constant/xpath' is clicked on

2022-06-23 23:05:44 - [MESSAGE][PASSED] - Delayed 1 second(s)

2022-06-23 23:05:44 - [MESSAGE][PASSED] - Object: 'Object Repository/1. Constant/xpath' is clicked on

2022-06-23 23:05:45 - [MESSAGE][PASSED] - Delayed 1 second(s)

2022-06-23 23:05:46 - [MESSAGE][PASSED] - Object: 'Object Repository/1. Constant/xpath' is hovered

2022-06-23 23:05:47 - [MESSAGE][PASSED] - Object: 'Object Repository/1. Constant/xpath' is clicked on

2022-06-23 23:05:48 - [MESSAGE][PASSED] - Delayed 1 second(s)

2022-06-23 23:05:54 - [MESSAGE][PASSED] - Object: 'Object Repository/1. Constant/xpath' is clicked on

2022-06-23 23:05:54 - [TEST_STEP][PASSED] - delay(1): Delayed 1 second(s)

2022-06-23 23:05:55 - [MESSAGE][PASSED] - Delayed 1 second(s)

2022-06-23 23:05:55 - [TEST_STEP][PASSED] - click(findTestObject("1. Constant/xpath", ["xpath":"//*[@id="kt_subheader"]/div/nav/ol/li[2]/a"])): Object: 'Object Repository/1. Constant/xpath' is clicked on

2022-06-23 23:05:58 - [MESSAGE][PASSED] - Object: 'Object Repository/1. Constant/xpath' is clicked on

2022-06-23 23:05:58 - [TEST_STEP][PASSED] - delay(1): Delayed 1 second(s)

2022-06-23 23:05:59 - [MESSAGE][PASSED] - Delayed 1 second(s)

2022-06-23 23:05:59 - [TEST_STEP][PASSED] - I.submitquesiton_ref(findTestObject("1. Constant/xpath", ["xpath":"//*[@id="source_" + refID22 + ""]/td[14]/div[1]/button"]), findTestObject("1. Constant/xpath", ["xpath":"//*[@id="source_" + refID22 + ""]/td[14]/div[1]/div/a[1]"])): Object: 'Object Repository/1. Constant/xpath' is clicked on

2022-06-23 23:06:01 - [MESSAGE][PASSED] - Object: 'Object Repository/1. Constant/xpath' is clicked on

2022-06-23 23:06:04 - [MESSAGE][PASSED] - Delayed 3 second(s)

2022-06-23 23:06:06 - [MESSAGE][PASSED] - Object: 'Object Repository/1. Constant/xpath' is clicked on

2022-06-23 23:06:06 - [TEST_STEP][PASSED] - click(findTestObject("1. Constant/xpath", ["xpath":"//*[@id="ModifFiche"]/div[1]/div/button[2]"])): Object: 'Object Repository/1. Constant/xpath' is clicked on

2022-06-23 23:06:12 - [MESSAGE][PASSED] - Object: 'Object Repository/1. Constant/xpath' is clicked on

2022-06-23 23:06:12 - [TEST_STEP][PASSED] - takeScreenshot(): Taking screenshot successfully

2022-06-23 23:06:13 - [MESSAGE][PASSED] - Taking screenshot successfully
[[ATTACHMENT|D:\\Projet Test Auto\\Mediabox Test Automation\\Reports\\20220623_184212\\03. Parallel Testing (Testing)\\TS -PT PART 3\\14.04 Dreyers Support Action (Ongoing _ Completed ref) - PART 4\\20220623_184236\\1656018373376.png]]

2022-06-23 23:06:13 - [TEST_STEP][PASSED] - I.submitquesiton_ref(findTestObject("1. Constant/xpath", ["xpath":"//*[@id="source_" + refID22 + ""]/td[14]/div[1]/button"]), findTestObject("1. Constant/xpath", ["xpath":"//*[@id="source_" + refID22 + ""]/td[14]/div[1]/div/a[1]"])): Object: 'Object Repository/1. Constant/xpath' is clicked on

2022-06-23 23:06:14 - [MESSAGE][PASSED] - Object: 'Object Repository/1. Constant/xpath' is clicked on

2022-06-23 23:06:17 - [MESSAGE][PASSED] - Delayed 3 second(s)

2022-06-23 23:06:19 - [MESSAGE][PASSED] - Object: 'Object Repository/1. Constant/xpath' is clicked on

2022-06-23 23:06:19 - [TEST_STEP][PASSED] - click(findTestObject("1. Constant/xpath", ["xpath":"//*[@id="ModifFiche"]/div[1]/div/button[2]"])): Object: 'Object Repository/1. Constant/xpath' is clicked on

2022-06-23 23:06:25 - [MESSAGE][PASSED] - Object: 'Object Repository/1. Constant/xpath' is clicked on

2022-06-23 23:06:25 - [TEST_STEP][PASSED] - takeScreenshot(): Taking screenshot successfully

2022-06-23 23:06:26 - [MESSAGE][PASSED] - Taking screenshot successfully
[[ATTACHMENT|D:\\Projet Test Auto\\Mediabox Test Automation\\Reports\\20220623_184212\\03. Parallel Testing (Testing)\\TS -PT PART 3\\14.04 Dreyers Support Action (Ongoing _ Completed ref) - PART 4\\20220623_184236\\1656018385744.png]]

2022-06-23 23:06:26 - [TEST_STEP][PASSED] - click(findTestObject("1. Constant/xpath", ["xpath":"//*[@id="source_" + refID22 + ""]/td[14]/a[3]"])): Object: 'Object Repository/1. Constant/xpath' is clicked on

2022-06-23 23:06:29 - [MESSAGE][PASSED] - Object: 'Object Repository/1. Constant/xpath' is clicked on

2022-06-23 23:06:29 - [TEST_STEP][PASSED] - click(findTestObject("1. Constant/xpath", ["xpath":"//*[@id="ModifFiche"]/div[1]/div/button[2]"])): Object: 'Object Repository/1. Constant/xpath' is clicked on

2022-06-23 23:06:34 - [MESSAGE][PASSED] - Object: 'Object Repository/1. Constant/xpath' is clicked on

2022-06-23 23:06:34 - [TEST_STEP][PASSED] - takeScreenshot(): Taking screenshot successfully

2022-06-23 23:06:34 - [MESSAGE][PASSED] - Taking screenshot successfully
[[ATTACHMENT|D:\\Projet Test Auto\\Mediabox Test Automation\\Reports\\20220623_184212\\03. Parallel Testing (Testing)\\TS -PT PART 3\\14.04 Dreyers Support Action (Ongoing _ Completed ref) - PART 4\\20220623_184236\\1656018394522.png]]

2022-06-23 23:06:34 - [TEST_STEP][PASSED] - click(findTestObject("1. Constant/xpath", ["xpath":"//*[@id="source_" + refID22 + ""]/td[14]/a[3]"])): Object: 'Object Repository/1. Constant/xpath' is clicked on

2022-06-23 23:06:37 - [MESSAGE][PASSED] - Object: 'Object Repository/1. Constant/xpath' is clicked on

2022-06-23 23:06:37 - [TEST_STEP][PASSED] - click(findTestObject("1. Constant/xpath", ["xpath":"//*[@id="ModifFiche"]/div[1]/div/button[2]"])): Object: 'Object Repository/1. Constant/xpath' is clicked on

2022-06-23 23:06:42 - [MESSAGE][PASSED] - Object: 'Object Repository/1. Constant/xpath' is clicked on

2022-06-23 23:06:42 - [TEST_STEP][PASSED] - click(findTestObject("1. Constant/xpath", ["xpath":"//*[@id="source_" + refID22 + ""]/td[6]/a"])): Object: 'Object Repository/1. Constant/xpath' is clicked on

2022-06-23 23:06:45 - [MESSAGE][PASSED] - Object: 'Object Repository/1. Constant/xpath' is clicked on

2022-06-23 23:06:45 - [TEST_STEP][PASSED] - delay(1): Delayed 1 second(s)

2022-06-23 23:06:46 - [MESSAGE][PASSED] - Delayed 1 second(s)

2022-06-23 23:06:46 - [TEST_STEP][PASSED] - click(findTestObject("1. Constant/xpath", ["xpath":"//*[@id="kt_content"]/div[3]/div/ul/li[3]/a"])): Object: 'Object Repository/1. Constant/xpath' is clicked on

2022-06-23 23:06:50 - [MESSAGE][PASSED] - Object: 'Object Repository/1. Constant/xpath' is clicked on

2022-06-23 23:06:50 - [TEST_STEP][PASSED] - takeScreenshot(): Taking screenshot successfully

2022-06-23 23:06:50 - [MESSAGE][PASSED] - Taking screenshot successfully
[[ATTACHMENT|D:\\Projet Test Auto\\Mediabox Test Automation\\Reports\\20220623_184212\\03. Parallel Testing (Testing)\\TS -PT PART 3\\14.04 Dreyers Support Action (Ongoing _ Completed ref) - PART 4\\20220623_184236\\1656018410310.png]]

2022-06-23 23:06:50 - [TEST_STEP][PASSED] - delay(1): Delayed 1 second(s)

2022-06-23 23:06:51 - [MESSAGE][PASSED] - Delayed 1 second(s)

2022-06-23 23:06:51 - [TEST_STEP][PASSED] - takeScreenshot(): Taking screenshot successfully

2022-06-23 23:06:52 - [MESSAGE][PASSED] - Taking screenshot successfully
[[ATTACHMENT|D:\\Projet Test Auto\\Mediabox Test Automation\\Reports\\20220623_184212\\03. Parallel Testing (Testing)\\TS -PT PART 3\\14.04 Dreyers Support Action (Ongoing _ Completed ref) - PART 4\\20220623_184236\\1656018411836.png]]

2022-06-23 23:06:52 - [TEST_STEP][PASSED] - click(findTestObject("1. Constant/xpath", ["xpath":"/html/body/div[1]/div[2]/div[8]/div[3]/div/div[3]/div[3]/div/div/div[3]/div/div[5]/div/div[1]/div[2]/div/button"])): Object: 'Object Repository/1. Constant/xpath' is clicked on

2022-06-23 23:06:53 - [MESSAGE][PASSED] - Object: 'Object Repository/1. Constant/xpath' is clicked on

2022-06-23 23:06:53 - [TEST_STEP][PASSED] - takeScreenshot(): Taking screenshot successfully

2022-06-23 23:06:55 - [MESSAGE][PASSED] - Taking screenshot successfully
[[ATTACHMENT|D:\\Projet Test Auto\\Mediabox Test Automation\\Reports\\20220623_184212\\03. Parallel Testing (Testing)\\TS -PT PART 3\\14.04 Dreyers Support Action (Ongoing _ Completed ref) - PART 4\\20220623_184236\\1656018414713.png]]

2022-06-23 23:06:55 - [TEST_STEP][PASSED] - delay(1): Delayed 1 second(s)

2022-06-23 23:06:56 - [MESSAGE][PASSED] - Delayed 1 second(s)

2022-06-23 23:06:56 - [TEST_STEP][PASSED] - x = 3: null

2022-06-23 23:06:56 - [TEST_STEP][PASSED] - i = 1: null

2022-06-23 23:06:56 - [TEST_STEP][PASSED] - while (i <= x): null

2022-06-23 23:06:56 - [TEST_STEP][PASSED] - Expected_SAS_Selected = "SAS S29: Add Step C / Skip P3.1": null

2022-06-23 23:06:56 - [TEST_STEP][PASSED] - xpath_SAS = "/html/body/div[1]/div[2]/div[8]/div[3]/div/div[3]/div[3]/div/div/div[3]/div/div[5]/div/div[1]/div[2]/div/div/a[" + i + "]": null

2022-06-23 23:06:56 - [TEST_STEP][PASSED] - Actual_SAS = getText(findTestObject("1. Constant/xpath", ["xpath":xpath_SAS])): Text of object 'Object Repository/1. Constant/xpath' is: 'SAS S29: Add Step C / Skip P3.1'

2022-06-23 23:06:56 - [MESSAGE][PASSED] - Text of object 'Object Repository/1. Constant/xpath' is: 'SAS S29: Add Step C / Skip P3.1'

2022-06-23 23:06:56 - [TEST_STEP][PASSED] - I.print(i): null

2022-06-23 23:06:56 - [TEST_STEP][PASSED] - if (Actual_SAS.contains(Expected_SAS_Selected)): null

2022-06-23 23:06:56 - [TEST_STEP][PASSED] - click(findTestObject("1. Constant/xpath", ["xpath":xpath_SAS])): Object: 'Object Repository/1. Constant/xpath' is clicked on

2022-06-23 23:06:57 - [MESSAGE][PASSED] - Object: 'Object Repository/1. Constant/xpath' is clicked on

2022-06-23 23:06:57 - [TEST_STEP][PASSED] - break: null

2022-06-23 23:06:57 - [TEST_STEP][PASSED] - takeScreenshot(): Taking screenshot successfully

2022-06-23 23:06:58 - [MESSAGE][PASSED] - Taking screenshot successfully
[[ATTACHMENT|D:\\Projet Test Auto\\Mediabox Test Automation\\Reports\\20220623_184212\\03. Parallel Testing (Testing)\\TS -PT PART 3\\14.04 Dreyers Support Action (Ongoing _ Completed ref) - PART 4\\20220623_184236\\1656018418156.png]]

2022-06-23 23:06:58 - [TEST_STEP][PASSED] - click(findTestObject("1. Constant/xpath", ["xpath":"//*[@id="confirmSupportActionShortcut"]"])): Object: 'Object Repository/1. Constant/xpath' is clicked on

2022-06-23 23:07:03 - [MESSAGE][PASSED] - Object: 'Object Repository/1. Constant/xpath' is clicked on

2022-06-23 23:07:03 - [TEST_STEP][PASSED] - takeScreenshot(): Taking screenshot successfully

2022-06-23 23:07:03 - [MESSAGE][PASSED] - Taking screenshot successfully
[[ATTACHMENT|D:\\Projet Test Auto\\Mediabox Test Automation\\Reports\\20220623_184212\\03. Parallel Testing (Testing)\\TS -PT PART 3\\14.04 Dreyers Support Action (Ongoing _ Completed ref) - PART 4\\20220623_184236\\1656018423359.png]]

2022-06-23 23:07:03 - [TEST_STEP][PASSED] - click(findTestObject("1. Constant/xpath", ["xpath":"//*[@id="kt_content"]/div[3]/div/ul/li[3]/a"])): Object: 'Object Repository/1. Constant/xpath' is clicked on

2022-06-23 23:07:05 - [MESSAGE][PASSED] - Object: 'Object Repository/1. Constant/xpath' is clicked on

2022-06-23 23:07:05 - [TEST_STEP][PASSED] - takeScreenshot(): Taking screenshot successfully

2022-06-23 23:07:06 - [MESSAGE][PASSED] - Taking screenshot successfully
[[ATTACHMENT|D:\\Projet Test Auto\\Mediabox Test Automation\\Reports\\20220623_184212\\03. Parallel Testing (Testing)\\TS -PT PART 3\\14.04 Dreyers Support Action (Ongoing _ Completed ref) - PART 4\\20220623_184236\\1656018425920.png]]

2022-06-23 23:07:06 - [TEST_STEP][PASSED] - StepC_1 = getAttribute(findTestObject("1. Constant/xpath", ["xpath":"/html/body/div[1]/div[2]/div[8]/div[3]/div/div[3]/div[3]/div/ul/li[3]/a"]), "class"): Attribute 'class' of object 'Object Repository/1. Constant/xpath' is: 'nav-link timeline-badge badge-xl  bg-pending active'

2022-06-23 23:07:07 - [MESSAGE][PASSED] - Attribute 'class' of object 'Object Repository/1. Constant/xpath' is: 'nav-link timeline-badge badge-xl  bg-pending active'

2022-06-23 23:07:07 - [TEST_STEP][PASSED] - verifyMatch(StepC_1, "nav-link timeline-badge badge-xl  bg-pending active", false): Actual text 'nav-link timeline-badge badge-xl  bg-pending active' and expected text 'nav-link timeline-badge badge-xl  bg-pending active' are matched 

2022-06-23 23:07:07 - [MESSAGE][PASSED] - Actual text 'nav-link timeline-badge badge-xl  bg-pending active' and expected text 'nav-link timeline-badge badge-xl  bg-pending active' are matched 

2022-06-23 23:07:07 - [TEST_STEP][PASSED] - StepC_11 = I.Get_Stepname("/html/body/div[1]/div[2]/div[8]/div[3]/div/div[3]/div[3]/div/ul/li[3]/a"): Attribute 'href' of object 'Object Repository/1. Constant/xpath' is: 'http://mdb-release.diadeis.lan/MediaboxIndependence/Base/ExecAction?action=VoirRef&IDSession=MBI!RELTESTAUTO_DREYERS!HX2AZ7MZQZS5HS8PSBTSKV08KKD4J8E434VOLV79&num=4CA5TBV7SX&id_ref=5331#tab_lifecycle_SASStepC_12363'

2022-06-23 23:07:12 - [MESSAGE][PASSED] - Delayed 5 second(s)

2022-06-23 23:07:12 - [MESSAGE][PASSED] - Attribute 'href' of object 'Object Repository/1. Constant/xpath' is: 'http://mdb-release.diadeis.lan/MediaboxIndependence/Base/ExecAction?action=VoirRef&IDSession=MBI!RELTESTAUTO_DREYERS!HX2AZ7MZQZS5HS8PSBTSKV08KKD4J8E434VOLV79&num=4CA5TBV7SX&id_ref=5331#tab_lifecycle_SASStepC_12363'

2022-06-23 23:07:12 - [TEST_STEP][PASSED] - verifyMatch(StepC_11, "SASStepC", false): Actual text 'SASStepC' and expected text 'SASStepC' are matched 

2022-06-23 23:07:12 - [MESSAGE][PASSED] - Actual text 'SASStepC' and expected text 'SASStepC' are matched 

2022-06-23 23:07:12 - [TEST_STEP][PASSED] - StepCP5_0 = getText(findTestObject("1. Constant/xpath", ["xpath":"/html/body/div[1]/div[2]/div[8]/div[3]/div/div[3]/div[3]/div/div/div[3]/div/div[6]/div/div[1]/div[1]/h3"])): Text of object 'Object Repository/1. Constant/xpath' is: 'Phase 3.1 [Question]'

2022-06-23 23:07:13 - [MESSAGE][PASSED] - Text of object 'Object Repository/1. Constant/xpath' is: 'Phase 3.1 [Question]'

2022-06-23 23:07:13 - [TEST_STEP][PASSED] - verifyMatch(StepCP5_0, "Phase 3.1 [Question]", false): Actual text 'Phase 3.1 [Question]' and expected text 'Phase 3.1 [Question]' are matched 

2022-06-23 23:07:13 - [MESSAGE][PASSED] - Actual text 'Phase 3.1 [Question]' and expected text 'Phase 3.1 [Question]' are matched 

2022-06-23 23:07:13 - [TEST_STEP][PASSED] - Started_StepCP5_1 = getText(findTestObject("1. Constant/xpath", ["xpath":"/html/body/div[1]/div[2]/div[8]/div[3]/div/div[3]/div[3]/div/div/div[3]/div/div[6]/div/div[2]/div[1]"])): Text of object 'Object Repository/1. Constant/xpath' is: 'Started 06/23/22 05:06 PM'

2022-06-23 23:07:14 - [MESSAGE][PASSED] - Text of object 'Object Repository/1. Constant/xpath' is: 'Started 06/23/22 05:06 PM'

2022-06-23 23:07:14 - [TEST_STEP][PASSED] - if (Started_StepCP5_1.contains("Started")): Actual object '1' and expected object '1' are equal

2022-06-23 23:07:14 - [TEST_STEP][PASSED] - verifyEqual(1, 1): Actual object '1' and expected object '1' are equal

2022-06-23 23:07:14 - [MESSAGE][PASSED] - Actual object '1' and expected object '1' are equal

2022-06-23 23:07:14 - [TEST_STEP][PASSED] - verifyElementNotPresent(findTestObject("1. Constant/xpath", ["xpath":"/html/body/div[1]/div[2]/div[8]/div[3]/div/div[3]/div[3]/div/div/div[3]/div/div[11]/div/div[1]"]), 10): Web element with id: 'Object Repository/1. Constant/xpath' located by 'By.xpath: /html/body/div[1]/div[2]/div[8]/div[3]/div/div[3]/div[3]/div/div/div[3]/div/div[11]/div/div[1]' is not present after '10' second(s)

2022-06-23 23:07:14 - [MESSAGE][PASSED] - Web element with id: 'Object Repository/1. Constant/xpath' located by 'By.xpath: /html/body/div[1]/div[2]/div[8]/div[3]/div/div[3]/div[3]/div/div/div[3]/div/div[11]/div/div[1]' is not present after '10' second(s)

2022-06-23 23:07:14 - [TEST_STEP][PASSED] - verifyElementNotPresent(findTestObject("1. Constant/xpath", ["xpath":"/html/body/div[1]/div[2]/div[8]/div[3]/div/div[3]/div[3]/div/ul/li[4]/a"]), 10): Web element with id: 'Object Repository/1. Constant/xpath' located by 'By.xpath: /html/body/div[1]/div[2]/div[8]/div[3]/div/div[3]/div[3]/div/ul/li[4]/a' is not present after '10' second(s)

2022-06-23 23:07:14 - [MESSAGE][PASSED] - Web element with id: 'Object Repository/1. Constant/xpath' located by 'By.xpath: /html/body/div[1]/div[2]/div[8]/div[3]/div/div[3]/div[3]/div/ul/li[4]/a' is not present after '10' second(s)

2022-06-23 23:07:14 - [TEST_STEP][PASSED] - click(findTestObject("1. Constant/xpath", ["xpath":"/html/body/div[1]/div[2]/div[8]/div[2]/div/nav/ol/li[2]/a"])): Object: 'Object Repository/1. Constant/xpath' is clicked on

2022-06-23 23:07:17 - [MESSAGE][PASSED] - Object: 'Object Repository/1. Constant/xpath' is clicked on

2022-06-23 23:07:17 - [TEST_STEP][PASSED] - Lifecycle_Status1 = getText(findTestObject("1. Constant/xpath", ["xpath":"//*[@id="source_" + refID22 + ""]/td[11]/span[1]"])): Text of object 'Object Repository/1. Constant/xpath' is: 'Phase 3.1 [Question]'

2022-06-23 23:07:19 - [MESSAGE][PASSED] - Text of object 'Object Repository/1. Constant/xpath' is: 'Phase 3.1 [Question]'

2022-06-23 23:07:19 - [TEST_STEP][PASSED] - verifyMatch(Lifecycle_Status1, "Phase 3.1 [Question]", false): Actual text 'Phase 3.1 [Question]' and expected text 'Phase 3.1 [Question]' are matched 

2022-06-23 23:07:19 - [MESSAGE][PASSED] - Actual text 'Phase 3.1 [Question]' and expected text 'Phase 3.1 [Question]' are matched 

2022-06-23 23:07:19 - [TEST_STEP][PASSED] - I.Logout(): Delayed 3 second(s)

2022-06-23 23:07:22 - [MESSAGE][PASSED] - Delayed 3 second(s)

2022-06-23 23:07:23 - [MESSAGE][PASSED] - Object: 'Object Repository/1. Constant/xpath' is clicked on

2022-06-23 23:07:26 - [MESSAGE][PASSED] - Delayed 3 second(s)

2022-06-23 23:07:29 - [MESSAGE][PASSED] - Object: 'Object Repository/1. Constant/xpath' is clicked on

2022-06-23 23:07:32 - [MESSAGE][PASSED] - Delayed 3 second(s)

2022-06-23 23:07:32 - [TEST_STEP][PASSED] - I.Login_password("talexeeva", password_talexeeva): Object: 'Object Repository/1. Constant/xpath' is clicked on

2022-06-23 23:07:33 - [MESSAGE][PASSED] - Text 'talexeeva' is set on object 'Object Repository/1. Constant/xpath'

2022-06-23 23:07:34 - [MESSAGE][PASSED] - Delayed 1 second(s)

2022-06-23 23:07:36 - [MESSAGE][PASSED] - Text 'diadeis2' is set on object 'Object Repository/1. Constant/xpath'

2022-06-23 23:07:37 - [MESSAGE][PASSED] - Delayed 1 second(s)

2022-06-23 23:07:41 - [MESSAGE][PASSED] - Object: 'Object Repository/1. Constant/xpath' is clicked on

2022-06-23 23:07:41 - [TEST_STEP][PASSED] - click(findTestObject("1. Constant/02_LHSMenu_Projects")): Object: 'Object Repository/1. Constant/02_LHSMenu_Projects' is clicked on

2022-06-23 23:07:45 - [MESSAGE][PASSED] - Object: 'Object Repository/1. Constant/02_LHSMenu_Projects' is clicked on

2022-06-23 23:07:45 - [TEST_STEP][PASSED] - I.SearchProjectNo_xpath(Project_No, "//*[@id="keynum_project"]", "//*[@id="form_filters"]/div[4]/button"): Delayed 5 second(s)

2022-06-23 23:07:46 - [MESSAGE][PASSED] - Delayed 1 second(s)

2022-06-23 23:07:48 - [MESSAGE][PASSED] - Text 'MI000883' is set on object 'Object Repository/1. Constant/xpath'

2022-06-23 23:07:51 - [MESSAGE][PASSED] - Delayed 3 second(s)

2022-06-23 23:07:53 - [MESSAGE][PASSED] - Scroll to object 'Object Repository/1. Constant/xpath' successfully

2022-06-23 23:07:58 - [MESSAGE][PASSED] - Object: 'Object Repository/1. Constant/xpath' is clicked on

2022-06-23 23:08:03 - [MESSAGE][PASSED] - Delayed 5 second(s)

2022-06-23 23:08:03 - [TEST_STEP][PASSED] - I.SearchRefNo_xpath("P22_Auto", "//*[@id="fiche_filter_keywords11"]", "//*[@id="form_filters"]/div[3]/button"): Delayed 5 second(s)

2022-06-23 23:08:04 - [MESSAGE][PASSED] - Delayed 1 second(s)

2022-06-23 23:08:05 - [MESSAGE][PASSED] - Text 'P22_Auto' is set on object 'Object Repository/1. Constant/xpath'

2022-06-23 23:08:08 - [MESSAGE][PASSED] - Delayed 3 second(s)

2022-06-23 23:08:09 - [MESSAGE][PASSED] - Scroll to object 'Object Repository/1. Constant/xpath' successfully

2022-06-23 23:08:14 - [MESSAGE][PASSED] - Object: 'Object Repository/1. Constant/xpath' is clicked on

2022-06-23 23:08:19 - [MESSAGE][PASSED] - Delayed 5 second(s)

2022-06-23 23:08:19 - [TEST_STEP][PASSED] - takeScreenshot(): Taking screenshot successfully

2022-06-23 23:08:20 - [MESSAGE][PASSED] - Taking screenshot successfully
[[ATTACHMENT|D:\\Projet Test Auto\\Mediabox Test Automation\\Reports\\20220623_184212\\03. Parallel Testing (Testing)\\TS -PT PART 3\\14.04 Dreyers Support Action (Ongoing _ Completed ref) - PART 4\\20220623_184236\\1656018499890.png]]

2022-06-23 23:08:20 - [TEST_STEP][PASSED] - I.submitquesiton_ref(findTestObject("1. Constant/xpath", ["xpath":"//*[@id="source_" + refID22 + ""]/td[13]/div[1]/button"]), findTestObject("1. Constant/xpath", ["xpath":"//*[@id="source_" + refID22 + ""]/td[13]/div[1]/div/a[1]"])): Object: 'Object Repository/1. Constant/xpath' is clicked on

2022-06-23 23:08:21 - [MESSAGE][PASSED] - Object: 'Object Repository/1. Constant/xpath' is clicked on

2022-06-23 23:08:24 - [MESSAGE][PASSED] - Delayed 3 second(s)

2022-06-23 23:08:26 - [MESSAGE][PASSED] - Object: 'Object Repository/1. Constant/xpath' is clicked on

2022-06-23 23:08:26 - [TEST_STEP][PASSED] - click(findTestObject("1. Constant/xpath", ["xpath":"//*[@id="ModifFiche"]/div[1]/div/button[2]"])): Object: 'Object Repository/1. Constant/xpath' is clicked on

2022-06-23 23:08:30 - [MESSAGE][PASSED] - Object: 'Object Repository/1. Constant/xpath' is clicked on

2022-06-23 23:08:30 - [TEST_STEP][PASSED] - takeScreenshot(): Taking screenshot successfully

2022-06-23 23:08:32 - [MESSAGE][PASSED] - Taking screenshot successfully
[[ATTACHMENT|D:\\Projet Test Auto\\Mediabox Test Automation\\Reports\\20220623_184212\\03. Parallel Testing (Testing)\\TS -PT PART 3\\14.04 Dreyers Support Action (Ongoing _ Completed ref) - PART 4\\20220623_184236\\1656018511554.png]]

2022-06-23 23:08:32 - [TEST_STEP][PASSED] - Lifecycle_Status2 = getText(findTestObject("1. Constant/xpath", ["xpath":"//*[@id="source_" + refID22 + ""]/td[12]/span[1]"])): Text of object 'Object Repository/1. Constant/xpath' is: 'Phase 3.2 [Question]'

2022-06-23 23:08:32 - [MESSAGE][PASSED] - Text of object 'Object Repository/1. Constant/xpath' is: 'Phase 3.2 [Question]'

2022-06-23 23:08:32 - [TEST_STEP][PASSED] - verifyMatch(Lifecycle_Status2, "Phase 3.2 [Question]", false): Actual text 'Phase 3.2 [Question]' and expected text 'Phase 3.2 [Question]' are matched 

2022-06-23 23:08:32 - [MESSAGE][PASSED] - Actual text 'Phase 3.2 [Question]' and expected text 'Phase 3.2 [Question]' are matched 

2022-06-23 23:08:32 - [TEST_STEP][PASSED] - I.Logout(): Delayed 3 second(s)

2022-06-23 23:08:35 - [MESSAGE][PASSED] - Delayed 3 second(s)

2022-06-23 23:08:36 - [MESSAGE][PASSED] - Object: 'Object Repository/1. Constant/xpath' is clicked on

2022-06-23 23:08:39 - [MESSAGE][PASSED] - Delayed 3 second(s)

2022-06-23 23:08:42 - [MESSAGE][PASSED] - Object: 'Object Repository/1. Constant/xpath' is clicked on

2022-06-23 23:08:45 - [MESSAGE][PASSED] - Delayed 3 second(s)

2022-06-23 23:08:45 - [TEST_STEP][PASSED] - I.Login_password("nturner", password_nturner): Object: 'Object Repository/1. Constant/xpath' is clicked on

2022-06-23 23:08:48 - [MESSAGE][PASSED] - Text 'nturner' is set on object 'Object Repository/1. Constant/xpath'

2022-06-23 23:08:49 - [MESSAGE][PASSED] - Delayed 1 second(s)

2022-06-23 23:08:50 - [MESSAGE][PASSED] - Text 'diadeis1' is set on object 'Object Repository/1. Constant/xpath'

2022-06-23 23:08:51 - [MESSAGE][PASSED] - Delayed 1 second(s)

2022-06-23 23:08:57 - [MESSAGE][PASSED] - Object: 'Object Repository/1. Constant/xpath' is clicked on

2022-06-23 23:08:57 - [TEST_STEP][PASSED] - click(findTestObject("1. Constant/02_LHSMenu_Projects")): Object: 'Object Repository/1. Constant/02_LHSMenu_Projects' is clicked on

2022-06-23 23:09:00 - [MESSAGE][PASSED] - Object: 'Object Repository/1. Constant/02_LHSMenu_Projects' is clicked on

2022-06-23 23:09:00 - [TEST_STEP][PASSED] - I.SearchProjectNo_xpath(Project_No, "//*[@id="keynum_project"]", "//*[@id="form_filters"]/div[4]/button"): Delayed 5 second(s)

2022-06-23 23:09:01 - [MESSAGE][PASSED] - Delayed 1 second(s)

2022-06-23 23:09:03 - [MESSAGE][PASSED] - Text 'MI000883' is set on object 'Object Repository/1. Constant/xpath'

2022-06-23 23:09:06 - [MESSAGE][PASSED] - Delayed 3 second(s)

2022-06-23 23:09:07 - [MESSAGE][PASSED] - Scroll to object 'Object Repository/1. Constant/xpath' successfully

2022-06-23 23:09:12 - [MESSAGE][PASSED] - Object: 'Object Repository/1. Constant/xpath' is clicked on

2022-06-23 23:09:17 - [MESSAGE][PASSED] - Delayed 5 second(s)

2022-06-23 23:09:17 - [TEST_STEP][PASSED] - I.SearchRefNo_xpath("P22_Auto", "//*[@id="fiche_filter_keywords11"]", "//*[@id="form_filters"]/div[3]/button"): Delayed 5 second(s)

2022-06-23 23:09:18 - [MESSAGE][PASSED] - Delayed 1 second(s)

2022-06-23 23:09:20 - [MESSAGE][PASSED] - Text 'P22_Auto' is set on object 'Object Repository/1. Constant/xpath'

2022-06-23 23:09:23 - [MESSAGE][PASSED] - Delayed 3 second(s)

2022-06-23 23:09:23 - [MESSAGE][PASSED] - Scroll to object 'Object Repository/1. Constant/xpath' successfully

2022-06-23 23:09:25 - [MESSAGE][PASSED] - Object: 'Object Repository/1. Constant/xpath' is clicked on

2022-06-23 23:09:30 - [MESSAGE][PASSED] - Delayed 5 second(s)

2022-06-23 23:09:30 - [TEST_STEP][PASSED] - takeScreenshot(): Taking screenshot successfully

2022-06-23 23:09:31 - [MESSAGE][PASSED] - Taking screenshot successfully
[[ATTACHMENT|D:\\Projet Test Auto\\Mediabox Test Automation\\Reports\\20220623_184212\\03. Parallel Testing (Testing)\\TS -PT PART 3\\14.04 Dreyers Support Action (Ongoing _ Completed ref) - PART 4\\20220623_184236\\1656018570889.png]]

2022-06-23 23:09:31 - [TEST_STEP][PASSED] - I.submitquesiton_ref(findTestObject("1. Constant/xpath", ["xpath":"//*[@id="source_" + refID22 + ""]/td[13]/div/button"]), findTestObject("1. Constant/xpath", ["xpath":"//*[@id="source_" + refID22 + ""]/td[13]/div/div/a[1]"])): Object: 'Object Repository/1. Constant/xpath' is clicked on

2022-06-23 23:09:33 - [MESSAGE][PASSED] - Object: 'Object Repository/1. Constant/xpath' is clicked on

2022-06-23 23:09:36 - [MESSAGE][PASSED] - Delayed 3 second(s)

2022-06-23 23:09:41 - [MESSAGE][PASSED] - Object: 'Object Repository/1. Constant/xpath' is clicked on

2022-06-23 23:09:41 - [TEST_STEP][PASSED] - click(findTestObject("1. Constant/xpath", ["xpath":"//*[@id="ModifFiche"]/div[1]/div/button[2]"])): Object: 'Object Repository/1. Constant/xpath' is clicked on

2022-06-23 23:09:46 - [MESSAGE][PASSED] - Object: 'Object Repository/1. Constant/xpath' is clicked on

2022-06-23 23:09:46 - [TEST_STEP][PASSED] - Lifecycle_Status3 = getText(findTestObject("1. Constant/xpath", ["xpath":"//*[@id="source_" + refID22 + ""]/td[12]/span[1]"])): Text of object 'Object Repository/1. Constant/xpath' is: 'Phase 3.3 [Standard]'

2022-06-23 23:09:47 - [MESSAGE][PASSED] - Text of object 'Object Repository/1. Constant/xpath' is: 'Phase 3.3 [Standard]'

2022-06-23 23:09:47 - [TEST_STEP][PASSED] - verifyMatch(Lifecycle_Status3, "Phase 3.3 [Standard]", false): Actual text 'Phase 3.3 [Standard]' and expected text 'Phase 3.3 [Standard]' are matched 

2022-06-23 23:09:47 - [MESSAGE][PASSED] - Actual text 'Phase 3.3 [Standard]' and expected text 'Phase 3.3 [Standard]' are matched 

2022-06-23 23:09:47 - [TEST_STEP][PASSED] - takeScreenshot(): Taking screenshot successfully

2022-06-23 23:09:48 - [MESSAGE][PASSED] - Taking screenshot successfully
[[ATTACHMENT|D:\\Projet Test Auto\\Mediabox Test Automation\\Reports\\20220623_184212\\03. Parallel Testing (Testing)\\TS -PT PART 3\\14.04 Dreyers Support Action (Ongoing _ Completed ref) - PART 4\\20220623_184236\\1656018587454.png]]

2022-06-23 23:09:48 - [TEST_STEP][PASSED] - I.Logout(): Delayed 3 second(s)

2022-06-23 23:09:51 - [MESSAGE][PASSED] - Delayed 3 second(s)

2022-06-23 23:09:52 - [MESSAGE][PASSED] - Object: 'Object Repository/1. Constant/xpath' is clicked on

2022-06-23 23:09:55 - [MESSAGE][PASSED] - Delayed 3 second(s)

2022-06-23 23:10:00 - [MESSAGE][PASSED] - Object: 'Object Repository/1. Constant/xpath' is clicked on

2022-06-23 23:10:03 - [MESSAGE][PASSED] - Delayed 3 second(s)

2022-06-23 23:10:03 - [TEST_STEP][PASSED] - I.Login_password("jryan", password_jryan): Object: 'Object Repository/1. Constant/xpath' is clicked on

2022-06-23 23:10:04 - [MESSAGE][PASSED] - Text 'jryan' is set on object 'Object Repository/1. Constant/xpath'

2022-06-23 23:10:05 - [MESSAGE][PASSED] - Delayed 1 second(s)

2022-06-23 23:10:06 - [MESSAGE][PASSED] - Text 'diadeis' is set on object 'Object Repository/1. Constant/xpath'

2022-06-23 23:10:07 - [MESSAGE][PASSED] - Delayed 1 second(s)

2022-06-23 23:10:16 - [MESSAGE][PASSED] - Object: 'Object Repository/1. Constant/xpath' is clicked on

2022-06-23 23:10:16 - [TEST_STEP][PASSED] - click(findTestObject("1. Constant/02_LHSMenu_Projects")): Object: 'Object Repository/1. Constant/02_LHSMenu_Projects' is clicked on

2022-06-23 23:10:19 - [MESSAGE][PASSED] - Object: 'Object Repository/1. Constant/02_LHSMenu_Projects' is clicked on

2022-06-23 23:10:19 - [TEST_STEP][PASSED] - I.SearchProjectNo_xpath(Project_No, "//*[@id="keynum_project"]", "//*[@id="form_filters"]/div[4]/button"): Delayed 5 second(s)

2022-06-23 23:10:20 - [MESSAGE][PASSED] - Delayed 1 second(s)

2022-06-23 23:10:24 - [MESSAGE][PASSED] - Text 'MI000883' is set on object 'Object Repository/1. Constant/xpath'

2022-06-23 23:10:27 - [MESSAGE][PASSED] - Delayed 3 second(s)

2022-06-23 23:10:29 - [MESSAGE][PASSED] - Scroll to object 'Object Repository/1. Constant/xpath' successfully

2022-06-23 23:10:36 - [MESSAGE][PASSED] - Object: 'Object Repository/1. Constant/xpath' is clicked on

2022-06-23 23:10:41 - [MESSAGE][PASSED] - Delayed 5 second(s)

2022-06-23 23:10:41 - [TEST_STEP][PASSED] - I.SearchRefNo_xpath("P22_Auto", "//*[@id="fiche_filter_keywords11"]", "//*[@id="form_filters"]/div[3]/button"): Delayed 5 second(s)

2022-06-23 23:10:42 - [MESSAGE][PASSED] - Delayed 1 second(s)

2022-06-23 23:10:43 - [MESSAGE][PASSED] - Text 'P22_Auto' is set on object 'Object Repository/1. Constant/xpath'

2022-06-23 23:10:46 - [MESSAGE][PASSED] - Delayed 3 second(s)

2022-06-23 23:10:47 - [MESSAGE][PASSED] - Scroll to object 'Object Repository/1. Constant/xpath' successfully

2022-06-23 23:10:51 - [MESSAGE][PASSED] - Object: 'Object Repository/1. Constant/xpath' is clicked on

2022-06-23 23:10:56 - [MESSAGE][PASSED] - Delayed 5 second(s)

2022-06-23 23:10:56 - [TEST_STEP][PASSED] - takeScreenshot(): Taking screenshot successfully

2022-06-23 23:10:56 - [MESSAGE][PASSED] - Taking screenshot successfully
[[ATTACHMENT|D:\\Projet Test Auto\\Mediabox Test Automation\\Reports\\20220623_184212\\03. Parallel Testing (Testing)\\TS -PT PART 3\\14.04 Dreyers Support Action (Ongoing _ Completed ref) - PART 4\\20220623_184236\\1656018656303.png]]

2022-06-23 23:10:56 - [TEST_STEP][PASSED] - click(findTestObject("1. Constant/xpath", ["xpath":"//*[@id="source_" + refID22 + ""]/td[14]/a[2]"])): Object: 'Object Repository/1. Constant/xpath' is clicked on

2022-06-23 23:10:59 - [MESSAGE][PASSED] - Object: 'Object Repository/1. Constant/xpath' is clicked on

2022-06-23 23:10:59 - [TEST_STEP][PASSED] - click(findTestObject("1. Constant/xpath", ["xpath":"//*[@id="ModifFiche"]/div[1]/div/button[2]"])): Object: 'Object Repository/1. Constant/xpath' is clicked on

2022-06-23 23:11:06 - [MESSAGE][PASSED] - Object: 'Object Repository/1. Constant/xpath' is clicked on

2022-06-23 23:11:06 - [TEST_STEP][PASSED] - Lifecycle_Status4 = getText(findTestObject("1. Constant/xpath", ["xpath":"//*[@id="source_" + refID22 + ""]/td[12]/span[1]"])): Text of object 'Object Repository/1. Constant/xpath' is: 'Phase 3.4 [Standard]'

2022-06-23 23:11:08 - [MESSAGE][PASSED] - Text of object 'Object Repository/1. Constant/xpath' is: 'Phase 3.4 [Standard]'

2022-06-23 23:11:08 - [TEST_STEP][PASSED] - verifyMatch(Lifecycle_Status4, "Phase 3.4 [Standard]", false): Actual text 'Phase 3.4 [Standard]' and expected text 'Phase 3.4 [Standard]' are matched 

2022-06-23 23:11:08 - [MESSAGE][PASSED] - Actual text 'Phase 3.4 [Standard]' and expected text 'Phase 3.4 [Standard]' are matched 

2022-06-23 23:11:08 - [TEST_STEP][PASSED] - takeScreenshot(): Taking screenshot successfully

2022-06-23 23:11:09 - [MESSAGE][PASSED] - Taking screenshot successfully
[[ATTACHMENT|D:\\Projet Test Auto\\Mediabox Test Automation\\Reports\\20220623_184212\\03. Parallel Testing (Testing)\\TS -PT PART 3\\14.04 Dreyers Support Action (Ongoing _ Completed ref) - PART 4\\20220623_184236\\1656018668415.png]]

2022-06-23 23:11:09 - [TEST_STEP][PASSED] - I.Logout(): Delayed 3 second(s)

2022-06-23 23:11:12 - [MESSAGE][PASSED] - Delayed 3 second(s)

2022-06-23 23:11:13 - [MESSAGE][PASSED] - Object: 'Object Repository/1. Constant/xpath' is clicked on

2022-06-23 23:11:16 - [MESSAGE][PASSED] - Delayed 3 second(s)

2022-06-23 23:11:22 - [MESSAGE][PASSED] - Object: 'Object Repository/1. Constant/xpath' is clicked on

2022-06-23 23:11:25 - [MESSAGE][PASSED] - Delayed 3 second(s)

2022-06-23 23:11:25 - [TEST_STEP][PASSED] - I.Login_password("nturner", password_nturner): Object: 'Object Repository/1. Constant/xpath' is clicked on

2022-06-23 23:11:26 - [MESSAGE][PASSED] - Text 'nturner' is set on object 'Object Repository/1. Constant/xpath'

2022-06-23 23:11:27 - [MESSAGE][PASSED] - Delayed 1 second(s)

2022-06-23 23:11:30 - [MESSAGE][PASSED] - Text 'diadeis1' is set on object 'Object Repository/1. Constant/xpath'

2022-06-23 23:11:31 - [MESSAGE][PASSED] - Delayed 1 second(s)

2022-06-23 23:11:35 - [MESSAGE][PASSED] - Object: 'Object Repository/1. Constant/xpath' is clicked on

2022-06-23 23:11:35 - [TEST_STEP][PASSED] - click(findTestObject("1. Constant/02_LHSMenu_Projects")): Object: 'Object Repository/1. Constant/02_LHSMenu_Projects' is clicked on

2022-06-23 23:11:37 - [MESSAGE][PASSED] - Object: 'Object Repository/1. Constant/02_LHSMenu_Projects' is clicked on

2022-06-23 23:11:37 - [TEST_STEP][PASSED] - I.SearchProjectNo_xpath(Project_No, "//*[@id="keynum_project"]", "//*[@id="form_filters"]/div[4]/button"): Delayed 5 second(s)

2022-06-23 23:11:38 - [MESSAGE][PASSED] - Delayed 1 second(s)

2022-06-23 23:11:40 - [MESSAGE][PASSED] - Text 'MI000883' is set on object 'Object Repository/1. Constant/xpath'

2022-06-23 23:11:43 - [MESSAGE][PASSED] - Delayed 3 second(s)

2022-06-23 23:11:45 - [MESSAGE][PASSED] - Scroll to object 'Object Repository/1. Constant/xpath' successfully

2022-06-23 23:11:50 - [MESSAGE][PASSED] - Object: 'Object Repository/1. Constant/xpath' is clicked on

2022-06-23 23:11:55 - [MESSAGE][PASSED] - Delayed 5 second(s)

2022-06-23 23:11:55 - [TEST_STEP][PASSED] - I.SearchRefNo_xpath("P22_Auto", "//*[@id="fiche_filter_keywords11"]", "//*[@id="form_filters"]/div[3]/button"): Delayed 5 second(s)

2022-06-23 23:11:56 - [MESSAGE][PASSED] - Delayed 1 second(s)

2022-06-23 23:11:59 - [MESSAGE][PASSED] - Text 'P22_Auto' is set on object 'Object Repository/1. Constant/xpath'

2022-06-23 23:12:02 - [MESSAGE][PASSED] - Delayed 3 second(s)

2022-06-23 23:12:02 - [MESSAGE][PASSED] - Scroll to object 'Object Repository/1. Constant/xpath' successfully

2022-06-23 23:12:05 - [MESSAGE][PASSED] - Object: 'Object Repository/1. Constant/xpath' is clicked on

2022-06-23 23:12:10 - [MESSAGE][PASSED] - Delayed 5 second(s)

2022-06-23 23:12:10 - [TEST_STEP][PASSED] - takeScreenshot(): Taking screenshot successfully

2022-06-23 23:12:12 - [MESSAGE][PASSED] - Taking screenshot successfully
[[ATTACHMENT|D:\\Projet Test Auto\\Mediabox Test Automation\\Reports\\20220623_184212\\03. Parallel Testing (Testing)\\TS -PT PART 3\\14.04 Dreyers Support Action (Ongoing _ Completed ref) - PART 4\\20220623_184236\\1656018731336.png]]

2022-06-23 23:12:12 - [TEST_STEP][PASSED] - click(findTestObject("1. Constant/xpath", ["xpath":"//*[@id="source_" + refID22 + ""]/td[13]/a[2]"])): Object: 'Object Repository/1. Constant/xpath' is clicked on

2022-06-23 23:12:14 - [MESSAGE][PASSED] - Object: 'Object Repository/1. Constant/xpath' is clicked on

2022-06-23 23:12:14 - [TEST_STEP][PASSED] - click(findTestObject("1. Constant/xpath", ["xpath":"//*[@id="ModifFiche"]/div[1]/div/button[2]"])): Object: 'Object Repository/1. Constant/xpath' is clicked on

2022-06-23 23:12:19 - [MESSAGE][PASSED] - Object: 'Object Repository/1. Constant/xpath' is clicked on

2022-06-23 23:12:19 - [TEST_STEP][PASSED] - Lifecycle_Status5 = getText(findTestObject("1. Constant/xpath", ["xpath":"//*[@id="source_" + refID22 + ""]/td[12]/span[1]"])): Text of object 'Object Repository/1. Constant/xpath' is: 'Phase 3.5[Prod]'

2022-06-23 23:12:20 - [MESSAGE][PASSED] - Text of object 'Object Repository/1. Constant/xpath' is: 'Phase 3.5[Prod]'

2022-06-23 23:12:20 - [TEST_STEP][PASSED] - verifyMatch(Lifecycle_Status5, "Phase 3.5[Prod]", false): Actual text 'Phase 3.5[Prod]' and expected text 'Phase 3.5[Prod]' are matched 

2022-06-23 23:12:20 - [MESSAGE][PASSED] - Actual text 'Phase 3.5[Prod]' and expected text 'Phase 3.5[Prod]' are matched 

2022-06-23 23:12:20 - [TEST_STEP][PASSED] - takeScreenshot(): Taking screenshot successfully

2022-06-23 23:12:20 - [MESSAGE][PASSED] - Taking screenshot successfully
[[ATTACHMENT|D:\\Projet Test Auto\\Mediabox Test Automation\\Reports\\20220623_184212\\03. Parallel Testing (Testing)\\TS -PT PART 3\\14.04 Dreyers Support Action (Ongoing _ Completed ref) - PART 4\\20220623_184236\\1656018740262.png]]

2022-06-23 23:12:20 - [TEST_STEP][PASSED] - I.Logout(): Delayed 3 second(s)

2022-06-23 23:12:23 - [MESSAGE][PASSED] - Delayed 3 second(s)

2022-06-23 23:12:24 - [MESSAGE][PASSED] - Object: 'Object Repository/1. Constant/xpath' is clicked on

2022-06-23 23:12:27 - [MESSAGE][PASSED] - Delayed 3 second(s)

2022-06-23 23:12:31 - [MESSAGE][PASSED] - Object: 'Object Repository/1. Constant/xpath' is clicked on

2022-06-23 23:12:34 - [MESSAGE][PASSED] - Delayed 3 second(s)

2022-06-23 23:12:34 - [TEST_STEP][PASSED] - I.Login_password("lmary", password_lmary): Object: 'Object Repository/1. Constant/xpath' is clicked on

2022-06-23 23:12:38 - [MESSAGE][PASSED] - Text 'lmary' is set on object 'Object Repository/1. Constant/xpath'

2022-06-23 23:12:39 - [MESSAGE][PASSED] - Delayed 1 second(s)

2022-06-23 23:12:41 - [MESSAGE][PASSED] - Text 'diadeis' is set on object 'Object Repository/1. Constant/xpath'

2022-06-23 23:12:42 - [MESSAGE][PASSED] - Delayed 1 second(s)

2022-06-23 23:12:47 - [MESSAGE][PASSED] - Object: 'Object Repository/1. Constant/xpath' is clicked on

2022-06-23 23:12:47 - [TEST_STEP][PASSED] - click(findTestObject("1. Constant/02_LHSMenu_Projects")): Object: 'Object Repository/1. Constant/02_LHSMenu_Projects' is clicked on

2022-06-23 23:12:51 - [MESSAGE][PASSED] - Object: 'Object Repository/1. Constant/02_LHSMenu_Projects' is clicked on

2022-06-23 23:12:51 - [TEST_STEP][PASSED] - I.SearchProjectNo_xpath(Project_No, "//*[@id="keynum_project"]", "//*[@id="form_filters"]/div[4]/button"): Delayed 5 second(s)

2022-06-23 23:12:52 - [MESSAGE][PASSED] - Delayed 1 second(s)

2022-06-23 23:12:53 - [MESSAGE][PASSED] - Text 'MI000883' is set on object 'Object Repository/1. Constant/xpath'

2022-06-23 23:12:56 - [MESSAGE][PASSED] - Delayed 3 second(s)

2022-06-23 23:12:57 - [MESSAGE][PASSED] - Scroll to object 'Object Repository/1. Constant/xpath' successfully

2022-06-23 23:13:00 - [MESSAGE][PASSED] - Object: 'Object Repository/1. Constant/xpath' is clicked on

2022-06-23 23:13:05 - [MESSAGE][PASSED] - Delayed 5 second(s)

2022-06-23 23:13:05 - [TEST_STEP][PASSED] - I.SearchRefNo_xpath("P22_Auto", "//*[@id="fiche_filter_keywords11"]", "//*[@id="form_filters"]/div[3]/button"): Delayed 5 second(s)

2022-06-23 23:13:06 - [MESSAGE][PASSED] - Delayed 1 second(s)

2022-06-23 23:13:08 - [MESSAGE][PASSED] - Text 'P22_Auto' is set on object 'Object Repository/1. Constant/xpath'

2022-06-23 23:13:11 - [MESSAGE][PASSED] - Delayed 3 second(s)

2022-06-23 23:13:11 - [MESSAGE][PASSED] - Scroll to object 'Object Repository/1. Constant/xpath' successfully

2022-06-23 23:13:13 - [MESSAGE][PASSED] - Object: 'Object Repository/1. Constant/xpath' is clicked on

2022-06-23 23:13:18 - [MESSAGE][PASSED] - Delayed 5 second(s)

2022-06-23 23:13:18 - [TEST_STEP][PASSED] - takeScreenshot(): Taking screenshot successfully

2022-06-23 23:13:19 - [MESSAGE][PASSED] - Taking screenshot successfully
[[ATTACHMENT|D:\\Projet Test Auto\\Mediabox Test Automation\\Reports\\20220623_184212\\03. Parallel Testing (Testing)\\TS -PT PART 3\\14.04 Dreyers Support Action (Ongoing _ Completed ref) - PART 4\\20220623_184236\\1656018798938.png]]

2022-06-23 23:13:19 - [TEST_STEP][PASSED] - color3 = getCSSValue(findTestObject("1. Constant/xpath", ["xpath":"//*[@id="source_" + refID22 + ""]/td[13]/a"]), "color", OPTIONAL): Get CSS 'color' value on 'Object Repository/1. Constant/xpath' successfully: 'rgba(255, 255, 255, 1)'.

2022-06-23 23:13:19 - [MESSAGE][PASSED] - Get CSS 'color' value on 'Object Repository/1. Constant/xpath' successfully: 'rgba(255, 255, 255, 1)'.

2022-06-23 23:13:19 - [TEST_STEP][PASSED] - while (color3 == "rgba(255, 255, 255, 1)"): Get CSS 'color' value on 'Object Repository/1. Constant/xpath' successfully: 'rgba(54, 153, 255, 1)'.

2022-06-23 23:13:19 - [TEST_STEP][PASSED] - click(findTestObject("1. Constant/xpath", ["xpath":"//*[@id="source_" + refID22 + ""]/td[13]/a"])): Object: 'Object Repository/1. Constant/xpath' is clicked on

2022-06-23 23:13:21 - [MESSAGE][PASSED] - Object: 'Object Repository/1. Constant/xpath' is clicked on

2022-06-23 23:13:21 - [TEST_STEP][PASSED] - selectOptionByValue(findTestObject("1. Constant/xpath", ["xpath":"//*[@id="id_approval_flow_tpl"]"]), "80", false): All options with value '80' are selected in object 'Object Repository/1. Constant/xpath' 

2022-06-23 23:13:26 - [MESSAGE][PASSED] - All options with value '80' are selected in object 'Object Repository/1. Constant/xpath' 

2022-06-23 23:13:26 - [TEST_STEP][PASSED] - I.UploadDoc_sendkey_Prod(findTestObject("1. Constant/xpath", ["xpath":"//*[@id="kt_body"]/input[2]"]), "D:\Upoad_File\Upload doc\testdata1.jpg", "testdata1"): Delayed 5 second(s)

2022-06-23 23:13:27 - [MESSAGE][PASSED] - Scroll to object 'Object Repository/1. Constant/xpath' successfully

2022-06-23 23:13:32 - [MESSAGE][PASSED] - Delayed 5 second(s)

2022-06-23 23:13:33 - [MESSAGE][PASSED] - File 'D:\Upoad_File\Upload doc\testdata1.jpg' sent to object: 'Object Repository/1. Constant/xpath'

2022-06-23 23:13:38 - [MESSAGE][PASSED] - Delayed 5 second(s)

2022-06-23 23:13:39 - [MESSAGE][PASSED] - Text 'testdata1' is present on page 

2022-06-23 23:13:44 - [MESSAGE][PASSED] - Delayed 5 second(s)

2022-06-23 23:13:49 - [MESSAGE][PASSED] - Delayed 5 second(s)

2022-06-23 23:13:49 - [TEST_STEP][PASSED] - takeScreenshot(): Taking screenshot successfully

2022-06-23 23:13:50 - [MESSAGE][PASSED] - Taking screenshot successfully
[[ATTACHMENT|D:\\Projet Test Auto\\Mediabox Test Automation\\Reports\\20220623_184212\\03. Parallel Testing (Testing)\\TS -PT PART 3\\14.04 Dreyers Support Action (Ongoing _ Completed ref) - PART 4\\20220623_184236\\1656018830227.png]]

2022-06-23 23:13:50 - [TEST_STEP][PASSED] - delay(8): Delayed 8 second(s)

2022-06-23 23:13:58 - [MESSAGE][PASSED] - Delayed 8 second(s)

2022-06-23 23:13:58 - [TEST_STEP][PASSED] - click(findTestObject("HL Full Lifecycle/12 ReferncePage_Button_Updatensenddoc")): Object: 'Object Repository/HL Full Lifecycle/12 ReferncePage_Button_Updatensenddoc' is clicked on

2022-06-23 23:14:05 - [MESSAGE][PASSED] - Object: 'Object Repository/HL Full Lifecycle/12 ReferncePage_Button_Updatensenddoc' is clicked on

2022-06-23 23:14:05 - [TEST_STEP][PASSED] - delay(4): Delayed 4 second(s)

2022-06-23 23:14:09 - [MESSAGE][PASSED] - Delayed 4 second(s)

2022-06-23 23:14:09 - [TEST_STEP][PASSED] - color3 = getCSSValue(findTestObject("1. Constant/xpath", ["xpath":"//*[@id="source_" + refID22 + ""]/td[13]/a"]), "color", OPTIONAL): Get CSS 'color' value on 'Object Repository/1. Constant/xpath' successfully: 'rgba(54, 153, 255, 1)'.

2022-06-23 23:14:09 - [MESSAGE][PASSED] - Get CSS 'color' value on 'Object Repository/1. Constant/xpath' successfully: 'rgba(54, 153, 255, 1)'.

2022-06-23 23:14:09 - [TEST_STEP][PASSED] - I.Logout(): Delayed 3 second(s)

2022-06-23 23:14:12 - [MESSAGE][PASSED] - Delayed 3 second(s)

2022-06-23 23:14:13 - [MESSAGE][PASSED] - Object: 'Object Repository/1. Constant/xpath' is clicked on

2022-06-23 23:14:16 - [MESSAGE][PASSED] - Delayed 3 second(s)

2022-06-23 23:14:22 - [MESSAGE][PASSED] - Object: 'Object Repository/1. Constant/xpath' is clicked on

2022-06-23 23:14:25 - [MESSAGE][PASSED] - Delayed 3 second(s)

2022-06-23 23:14:25 - [TEST_STEP][PASSED] - I.Login_password("blemco", password_blemco): Object: 'Object Repository/1. Constant/xpath' is clicked on

2022-06-23 23:14:26 - [MESSAGE][PASSED] - Text 'blemco' is set on object 'Object Repository/1. Constant/xpath'

2022-06-23 23:14:27 - [MESSAGE][PASSED] - Delayed 1 second(s)

2022-06-23 23:14:28 - [MESSAGE][PASSED] - Text 'diadeis1' is set on object 'Object Repository/1. Constant/xpath'

2022-06-23 23:14:29 - [MESSAGE][PASSED] - Delayed 1 second(s)

2022-06-23 23:14:35 - [MESSAGE][PASSED] - Object: 'Object Repository/1. Constant/xpath' is clicked on

2022-06-23 23:14:35 - [TEST_STEP][PASSED] - click(findTestObject("1. Constant/02_LHSMenu_Projects")): Object: 'Object Repository/1. Constant/02_LHSMenu_Projects' is clicked on

2022-06-23 23:14:40 - [MESSAGE][PASSED] - Object: 'Object Repository/1. Constant/02_LHSMenu_Projects' is clicked on

2022-06-23 23:14:40 - [TEST_STEP][PASSED] - I.SearchProjectNo_xpath(Project_No, "//*[@id="keynum_project"]", "//*[@id="form_filters"]/div[4]/button"): Delayed 5 second(s)

2022-06-23 23:14:41 - [MESSAGE][PASSED] - Delayed 1 second(s)

2022-06-23 23:14:42 - [MESSAGE][PASSED] - Text 'MI000883' is set on object 'Object Repository/1. Constant/xpath'

2022-06-23 23:14:45 - [MESSAGE][PASSED] - Delayed 3 second(s)

2022-06-23 23:14:46 - [MESSAGE][PASSED] - Scroll to object 'Object Repository/1. Constant/xpath' successfully

2022-06-23 23:14:51 - [MESSAGE][PASSED] - Object: 'Object Repository/1. Constant/xpath' is clicked on

2022-06-23 23:14:56 - [MESSAGE][PASSED] - Delayed 5 second(s)

2022-06-23 23:14:56 - [TEST_STEP][PASSED] - I.SearchRefNo_xpath("P22_Auto", "//*[@id="fiche_filter_keywords11"]", "//*[@id="form_filters"]/div[3]/button"): Delayed 5 second(s)

2022-06-23 23:14:57 - [MESSAGE][PASSED] - Delayed 1 second(s)

2022-06-23 23:14:58 - [MESSAGE][PASSED] - Text 'P22_Auto' is set on object 'Object Repository/1. Constant/xpath'

2022-06-23 23:15:01 - [MESSAGE][PASSED] - Delayed 3 second(s)

2022-06-23 23:15:03 - [MESSAGE][PASSED] - Scroll to object 'Object Repository/1. Constant/xpath' successfully

2022-06-23 23:15:07 - [MESSAGE][PASSED] - Object: 'Object Repository/1. Constant/xpath' is clicked on

2022-06-23 23:15:12 - [MESSAGE][PASSED] - Delayed 5 second(s)

2022-06-23 23:15:12 - [TEST_STEP][PASSED] - takeScreenshot(): Taking screenshot successfully

2022-06-23 23:15:12 - [MESSAGE][PASSED] - Taking screenshot successfully
[[ATTACHMENT|D:\\Projet Test Auto\\Mediabox Test Automation\\Reports\\20220623_184212\\03. Parallel Testing (Testing)\\TS -PT PART 3\\14.04 Dreyers Support Action (Ongoing _ Completed ref) - PART 4\\20220623_184236\\1656018912346.png]]

2022-06-23 23:15:12 - [TEST_STEP][PASSED] - I.AWF_approve_byaction(findTestObject("1. Constant/xpath", ["xpath":"//*[@id="source_" + refID22 + ""]/td[13]/a[2]"])): Object: 'Object Repository/HL Full Lifecycle/Function_Appbutton2' is clicked on

2022-06-23 23:15:18 - [MESSAGE][PASSED] - Delayed 5 second(s)

2022-06-23 23:15:20 - [MESSAGE][PASSED] - Object: 'Object Repository/1. Constant/xpath' is clicked on

2022-06-23 23:15:24 - [MESSAGE][PASSED] - Object: 'Object Repository/HL Full Lifecycle/Function_access Viewer2' is hovered

2022-06-23 23:15:27 - [MESSAGE][PASSED] - Delayed 3 second(s)

2022-06-23 23:15:28 - [MESSAGE][PASSED] - Object: 'Object Repository/HL Full Lifecycle/Function_access Viewer2' is clicked on

2022-06-23 23:15:33 - [MESSAGE][PASSED] - Delayed 5 second(s)

2022-06-23 23:15:35 - [MESSAGE][PASSED] - Object: 'Object Repository/HL Full Lifecycle/Function_AppButton' is clicked on

2022-06-23 23:15:40 - [MESSAGE][PASSED] - Delayed 5 second(s)

2022-06-23 23:15:46 - [MESSAGE][PASSED] - Object: 'Object Repository/HL Full Lifecycle/Function_Appbutton2' is clicked on

2022-06-23 23:15:46 - [TEST_STEP][PASSED] - delay(2): Delayed 2 second(s)

2022-06-23 23:15:48 - [MESSAGE][PASSED] - Delayed 2 second(s)

2022-06-23 23:15:48 - [TEST_STEP][PASSED] - Lifecycle_Status6 = getText(findTestObject("1. Constant/xpath", ["xpath":"//*[@id="source_" + refID22 + ""]/td[12]/span[1]"])): Text of object 'Object Repository/1. Constant/xpath' is: 'Complete'

2022-06-23 23:15:48 - [MESSAGE][PASSED] - Text of object 'Object Repository/1. Constant/xpath' is: 'Complete'

2022-06-23 23:15:48 - [TEST_STEP][PASSED] - verifyMatch(Lifecycle_Status6, "Complete", false): Actual text 'Complete' and expected text 'Complete' are matched 

2022-06-23 23:15:48 - [MESSAGE][PASSED] - Actual text 'Complete' and expected text 'Complete' are matched 

2022-06-23 23:15:48 - [TEST_STEP][PASSED] - takeScreenshot(): Taking screenshot successfully

2022-06-23 23:15:49 - [MESSAGE][PASSED] - Taking screenshot successfully
[[ATTACHMENT|D:\\Projet Test Auto\\Mediabox Test Automation\\Reports\\20220623_184212\\03. Parallel Testing (Testing)\\TS -PT PART 3\\14.04 Dreyers Support Action (Ongoing _ Completed ref) - PART 4\\20220623_184236\\1656018949076.png]]

2022-06-23 23:15:49 - [TEST_STEP][PASSED] - closeBrowser(): Browser is closed

2022-06-23 23:15:55 - [MESSAGE][PASSED] - Browser is closed

2022-06-23 23:15:55 - [TEST_STEP][PASSED] - Start listener action : sampleAfterTestCase: null]]></system-out>
         <system-err><![CDATA[]]></system-err>
      </testcase>
      <testcase name="Test Cases/19. Dreyers Support Action (Ongoing ref_completed)/19.23 Dreyers SAS Add Phase group (Ongoing ref) S30 - P23" time="419.948" classname="Test Cases/19. Dreyers Support Action (Ongoing ref_completed)/19.23 Dreyers SAS Add Phase group (Ongoing ref) S30 - P23" status="PASSED">
         <system-out><![CDATA[2022-06-23 23:15:55 - [TEST_CASE][PASSED] - Test Cases/19. Dreyers Support Action (Ongoing ref_completed)/19.23 Dreyers SAS Add Phase group (Ongoing ref) S30 - P23: Test Cases/19. Dreyers Support Action (Ongoing ref_completed)/19.23 Dreyers SAS Add Phase group (Ongoing ref) S30 - P23

2022-06-23 23:15:56 - [TEST_STEP][PASSED] - data_Dreyers = findTestData("Data Files/Username_Password/Dreyer"): null

2022-06-23 23:15:56 - [TEST_STEP][PASSED] - password_suser = data_Dreyers.getValue(2, 1): null

2022-06-23 23:15:56 - [TEST_STEP][PASSED] - password_blemco = data_Dreyers.getValue(2, 2): null

2022-06-23 23:15:56 - [TEST_STEP][PASSED] - password_nturner = data_Dreyers.getValue(2, 6): null

2022-06-23 23:15:56 - [TEST_STEP][PASSED] - data_urlRELAUTO = findTestData("Data Files/URL/URL_relauto"): null

2022-06-23 23:15:56 - [TEST_STEP][PASSED] - Url_Dreyer = data_urlRELAUTO.getValue(2, 4): null

2022-06-23 23:15:56 - [TEST_STEP][PASSED] - Project_No = I.readnotepad("D:\Upoad_File\Projet_ Login\Dreyers\19.1\19.1_Dreyers_ProjectNo.txt"): null

2022-06-23 23:15:56 - [TEST_STEP][PASSED] - refID = I.readnotepad("D:\Upoad_File\Projet_ Login\Dreyers\19.1\19.1_Dreyers_refID.txt"): null

2022-06-23 23:15:56 - [TEST_STEP][PASSED] - openBrowser(Url_Dreyer): Browser is opened with url: 'http://mdb-release.diadeis.lan/MediaboxIndependence/?MBI_datasource=RELTESTAUTO_DREYERS'

2022-06-23 23:15:56 - [MESSAGE][INFO] - Starting 'Chrome (headless)' driver

2022-06-23 23:15:56 - [MESSAGE][INFO] - User set preference: ['args', '[--window-size=1920,1080, --headless]']

2022-06-23 23:15:56 - [MESSAGE][INFO] - Action delay is set to 0 milliseconds

2022-06-23 23:16:15 - [MESSAGE][PASSED] - Browser is opened with url: 'http://mdb-release.diadeis.lan/MediaboxIndependence/?MBI_datasource=RELTESTAUTO_DREYERS'

2022-06-23 23:16:15 - [TEST_STEP][PASSED] - maximizeWindow(): Current window maximized

2022-06-23 23:16:16 - [MESSAGE][PASSED] - Current window maximized

2022-06-23 23:16:16 - [TEST_STEP][PASSED] - I.Login_password("suser", password_suser): Object: 'Object Repository/1. Constant/xpath' is clicked on

2022-06-23 23:16:16 - [MESSAGE][PASSED] - Text 'suser' is set on object 'Object Repository/1. Constant/xpath'

2022-06-23 23:16:17 - [MESSAGE][PASSED] - Delayed 1 second(s)

2022-06-23 23:16:18 - [MESSAGE][PASSED] - Text 'diadeis' is set on object 'Object Repository/1. Constant/xpath'

2022-06-23 23:16:19 - [MESSAGE][PASSED] - Delayed 1 second(s)

2022-06-23 23:16:35 - [MESSAGE][PASSED] - Object: 'Object Repository/1. Constant/xpath' is clicked on

2022-06-23 23:16:35 - [TEST_STEP][PASSED] - click(findTestObject("1. Constant/02_LHSMenu_Projects")): Object: 'Object Repository/1. Constant/02_LHSMenu_Projects' is clicked on

2022-06-23 23:16:39 - [MESSAGE][PASSED] - Object: 'Object Repository/1. Constant/02_LHSMenu_Projects' is clicked on

2022-06-23 23:16:39 - [TEST_STEP][PASSED] - I.SearchProjectNo_xpath(Project_No, "//*[@id="keynum_project"]", "//*[@id="form_filters"]/div[4]/button"): Delayed 5 second(s)

2022-06-23 23:16:40 - [MESSAGE][PASSED] - Delayed 1 second(s)

2022-06-23 23:16:41 - [MESSAGE][PASSED] - Text 'MI000883' is set on object 'Object Repository/1. Constant/xpath'

2022-06-23 23:16:44 - [MESSAGE][PASSED] - Delayed 3 second(s)

2022-06-23 23:16:45 - [MESSAGE][PASSED] - Scroll to object 'Object Repository/1. Constant/xpath' successfully

2022-06-23 23:16:50 - [MESSAGE][PASSED] - Object: 'Object Repository/1. Constant/xpath' is clicked on

2022-06-23 23:16:55 - [MESSAGE][PASSED] - Delayed 5 second(s)

2022-06-23 23:16:55 - [TEST_STEP][PASSED] - takeScreenshot(): Taking screenshot successfully

2022-06-23 23:16:56 - [MESSAGE][PASSED] - Taking screenshot successfully
[[ATTACHMENT|D:\\Projet Test Auto\\Mediabox Test Automation\\Reports\\20220623_184212\\03. Parallel Testing (Testing)\\TS -PT PART 3\\14.04 Dreyers Support Action (Ongoing _ Completed ref) - PART 4\\20220623_184236\\1656019015758.png]]

2022-06-23 23:16:56 - [TEST_STEP][PASSED] - click(findTestObject("1. Constant/xpath", ["xpath":"//*[@id="create_ref_btn"]/button"])): Object: 'Object Repository/1. Constant/xpath' is clicked on

2022-06-23 23:16:57 - [MESSAGE][PASSED] - Object: 'Object Repository/1. Constant/xpath' is clicked on

2022-06-23 23:16:57 - [TEST_STEP][PASSED] - click(findTestObject("1. Constant/xpath", ["xpath":"//*[@id="create_ref_btn"]/div/a"])): Object: 'Object Repository/1. Constant/xpath' is clicked on

2022-06-23 23:17:00 - [MESSAGE][PASSED] - Object: 'Object Repository/1. Constant/xpath' is clicked on

2022-06-23 23:17:00 - [TEST_STEP][PASSED] - delay(1): Delayed 1 second(s)

2022-06-23 23:17:01 - [MESSAGE][PASSED] - Delayed 1 second(s)

2022-06-23 23:17:01 - [TEST_STEP][PASSED] - selectOptionByValue(findTestObject("1. Constant/xpath", ["xpath":"//*[@id="lfc_tpl"]"]), "36", false): All options with value '36' are selected in object 'Object Repository/1. Constant/xpath' 

2022-06-23 23:17:05 - [MESSAGE][PASSED] - All options with value '36' are selected in object 'Object Repository/1. Constant/xpath' 

2022-06-23 23:17:05 - [TEST_STEP][PASSED] - ref_name = "P23_Auto_SAS_S30_" + RandomStringUtils.randomAlphanumeric(5) + I.gettimedate(): null

2022-06-23 23:17:05 - [TEST_STEP][PASSED] - delay(1): Delayed 1 second(s)

2022-06-23 23:17:06 - [MESSAGE][PASSED] - Delayed 1 second(s)

2022-06-23 23:17:06 - [TEST_STEP][PASSED] - setText(findTestObject("1. Constant/xpath", ["xpath":"//*[@id="var_name"]"]), ref_name): Text 'P23_Auto_SAS_S30_rncmnjuin232022_231705' is set on object 'Object Repository/1. Constant/xpath'

2022-06-23 23:17:08 - [MESSAGE][PASSED] - Text 'P23_Auto_SAS_S30_rncmnjuin232022_231705' is set on object 'Object Repository/1. Constant/xpath'

2022-06-23 23:17:08 - [TEST_STEP][PASSED] - takeScreenshot(): Taking screenshot successfully

2022-06-23 23:17:09 - [MESSAGE][PASSED] - Taking screenshot successfully
[[ATTACHMENT|D:\\Projet Test Auto\\Mediabox Test Automation\\Reports\\20220623_184212\\03. Parallel Testing (Testing)\\TS -PT PART 3\\14.04 Dreyers Support Action (Ongoing _ Completed ref) - PART 4\\20220623_184236\\1656019028714.png]]

2022-06-23 23:17:09 - [TEST_STEP][PASSED] - click(findTestObject("1. Constant/xpath", ["xpath":"//*[@id="createRefBottom"]"])): Object: 'Object Repository/1. Constant/xpath' is clicked on

2022-06-23 23:17:15 - [MESSAGE][PASSED] - Object: 'Object Repository/1. Constant/xpath' is clicked on

2022-06-23 23:17:15 - [TEST_STEP][PASSED] - delay(1): Delayed 1 second(s)

2022-06-23 23:17:16 - [MESSAGE][PASSED] - Delayed 1 second(s)

2022-06-23 23:17:16 - [TEST_STEP][PASSED] - takeScreenshot(): Taking screenshot successfully

2022-06-23 23:17:17 - [MESSAGE][PASSED] - Taking screenshot successfully
[[ATTACHMENT|D:\\Projet Test Auto\\Mediabox Test Automation\\Reports\\20220623_184212\\03. Parallel Testing (Testing)\\TS -PT PART 3\\14.04 Dreyers Support Action (Ongoing _ Completed ref) - PART 4\\20220623_184236\\1656019037215.png]]

2022-06-23 23:17:17 - [TEST_STEP][PASSED] - refID23 = I.RefID(): Current window's url is: 'http://mdb-release.diadeis.lan/MediaboxIndependence/Base/ExecAction?IDSession=MBI%21RELTESTAUTO_DREYERS%21395D6TAPEG4UTKLYTY5CE2WAOQNM7FFZCI5Q6FZN&default_action=ModifierRef&id_project=MI000883&id_ref=5332&action_from=create_ref'

2022-06-23 23:17:22 - [MESSAGE][PASSED] - Delayed 5 second(s)

2022-06-23 23:17:22 - [MESSAGE][PASSED] - Current window's url is: 'http://mdb-release.diadeis.lan/MediaboxIndependence/Base/ExecAction?IDSession=MBI%21RELTESTAUTO_DREYERS%21395D6TAPEG4UTKLYTY5CE2WAOQNM7FFZCI5Q6FZN&default_action=ModifierRef&id_project=MI000883&id_ref=5332&action_from=create_ref'

2022-06-23 23:17:22 - [TEST_STEP][PASSED] - click(findTestObject("1. Constant/xpath", ["xpath":"//*[@id="type_save"]"])): Object: 'Object Repository/1. Constant/xpath' is clicked on

2022-06-23 23:17:29 - [MESSAGE][PASSED] - Object: 'Object Repository/1. Constant/xpath' is clicked on

2022-06-23 23:17:29 - [TEST_STEP][PASSED] - takeScreenshot(): Taking screenshot successfully

2022-06-23 23:17:32 - [MESSAGE][PASSED] - Taking screenshot successfully
[[ATTACHMENT|D:\\Projet Test Auto\\Mediabox Test Automation\\Reports\\20220623_184212\\03. Parallel Testing (Testing)\\TS -PT PART 3\\14.04 Dreyers Support Action (Ongoing _ Completed ref) - PART 4\\20220623_184236\\1656019050766.png]]

2022-06-23 23:17:32 - [TEST_STEP][PASSED] - delay(1): Delayed 1 second(s)

2022-06-23 23:17:33 - [MESSAGE][PASSED] - Delayed 1 second(s)

2022-06-23 23:17:33 - [TEST_STEP][PASSED] - I.SearchRefNo_xpath("P23_Auto", "//*[@id="fiche_filter_keywords11"]", "//*[@id="form_filters"]/div[3]/button"): Delayed 5 second(s)

2022-06-23 23:17:34 - [MESSAGE][PASSED] - Delayed 1 second(s)

2022-06-23 23:17:35 - [MESSAGE][PASSED] - Text 'P23_Auto' is set on object 'Object Repository/1. Constant/xpath'

2022-06-23 23:17:38 - [MESSAGE][PASSED] - Delayed 3 second(s)

2022-06-23 23:17:39 - [MESSAGE][PASSED] - Scroll to object 'Object Repository/1. Constant/xpath' successfully

2022-06-23 23:17:42 - [MESSAGE][PASSED] - Object: 'Object Repository/1. Constant/xpath' is clicked on

2022-06-23 23:17:47 - [MESSAGE][PASSED] - Delayed 5 second(s)

2022-06-23 23:17:47 - [TEST_STEP][PASSED] - click(findTestObject("1. Constant/xpath", ["xpath":"//*[@id="source_" + refID23 + ""]/td[14]/a[3]"])): Object: 'Object Repository/1. Constant/xpath' is clicked on

2022-06-23 23:17:51 - [MESSAGE][PASSED] - Object: 'Object Repository/1. Constant/xpath' is clicked on

2022-06-23 23:17:51 - [TEST_STEP][PASSED] - click(findTestObject("1. Constant/xpath", ["xpath":"//*[@id="ModifFiche"]/div[1]/div/button[2]"])): Object: 'Object Repository/1. Constant/xpath' is clicked on

2022-06-23 23:17:55 - [MESSAGE][PASSED] - Object: 'Object Repository/1. Constant/xpath' is clicked on

2022-06-23 23:17:55 - [TEST_STEP][PASSED] - takeScreenshot(): Taking screenshot successfully

2022-06-23 23:17:55 - [MESSAGE][PASSED] - Taking screenshot successfully
[[ATTACHMENT|D:\\Projet Test Auto\\Mediabox Test Automation\\Reports\\20220623_184212\\03. Parallel Testing (Testing)\\TS -PT PART 3\\14.04 Dreyers Support Action (Ongoing _ Completed ref) - PART 4\\20220623_184236\\1656019075321.png]]

2022-06-23 23:17:55 - [TEST_STEP][PASSED] - delay(1): Delayed 1 second(s)

2022-06-23 23:17:56 - [MESSAGE][PASSED] - Delayed 1 second(s)

2022-06-23 23:17:56 - [TEST_STEP][PASSED] - click(findTestObject("1. Constant/xpath", ["xpath":"//*[@id="source_" + refID23 + ""]/td[14]/a[3]"])): Object: 'Object Repository/1. Constant/xpath' is clicked on

2022-06-23 23:18:00 - [MESSAGE][PASSED] - Object: 'Object Repository/1. Constant/xpath' is clicked on

2022-06-23 23:18:00 - [TEST_STEP][PASSED] - click(findTestObject("1. Constant/xpath", ["xpath":"//*[@id="ModifFiche"]/div[1]/div/button[2]"])): Object: 'Object Repository/1. Constant/xpath' is clicked on

2022-06-23 23:18:05 - [MESSAGE][PASSED] - Object: 'Object Repository/1. Constant/xpath' is clicked on

2022-06-23 23:18:05 - [TEST_STEP][PASSED] - takeScreenshot(): Taking screenshot successfully

2022-06-23 23:18:06 - [MESSAGE][PASSED] - Taking screenshot successfully
[[ATTACHMENT|D:\\Projet Test Auto\\Mediabox Test Automation\\Reports\\20220623_184212\\03. Parallel Testing (Testing)\\TS -PT PART 3\\14.04 Dreyers Support Action (Ongoing _ Completed ref) - PART 4\\20220623_184236\\1656019086152.png]]

2022-06-23 23:18:06 - [TEST_STEP][PASSED] - delay(1): Delayed 1 second(s)

2022-06-23 23:18:07 - [MESSAGE][PASSED] - Delayed 1 second(s)

2022-06-23 23:18:07 - [TEST_STEP][PASSED] - color1 = getCSSValue(findTestObject("1. Constant/xpath", ["xpath":"//*[@id="source_" + refID23 + ""]/td[14]/a[2]"]), "color", OPTIONAL): Get CSS 'color' value on 'Object Repository/1. Constant/xpath' successfully: 'rgba(255, 255, 255, 1)'.

2022-06-23 23:18:08 - [MESSAGE][PASSED] - Get CSS 'color' value on 'Object Repository/1. Constant/xpath' successfully: 'rgba(255, 255, 255, 1)'.

2022-06-23 23:18:08 - [TEST_STEP][PASSED] - while (color1 == "rgba(255, 255, 255, 1)"): Get CSS 'color' value on 'Object Repository/1. Constant/xpath' successfully: 'rgba(54, 153, 255, 1)'.

2022-06-23 23:18:08 - [TEST_STEP][PASSED] - click(findTestObject("1. Constant/xpath", ["xpath":"//*[@id="source_" + refID23 + ""]/td[14]/a[2]"])): Object: 'Object Repository/1. Constant/xpath' is clicked on

2022-06-23 23:18:10 - [MESSAGE][PASSED] - Object: 'Object Repository/1. Constant/xpath' is clicked on

2022-06-23 23:18:10 - [TEST_STEP][PASSED] - I.UploadDoc_sendkey_Prod(findTestObject("1. Constant/xpath", ["xpath":"//*[@id="kt_body"]/input[2]"]), "D:\Upoad_File\Upload doc\testdata1.pdf", "testdata1"): Delayed 5 second(s)

2022-06-23 23:18:10 - [MESSAGE][PASSED] - Scroll to object 'Object Repository/1. Constant/xpath' successfully

2022-06-23 23:18:15 - [MESSAGE][PASSED] - Delayed 5 second(s)

2022-06-23 23:18:17 - [MESSAGE][PASSED] - File 'D:\Upoad_File\Upload doc\testdata1.pdf' sent to object: 'Object Repository/1. Constant/xpath'

2022-06-23 23:18:22 - [MESSAGE][PASSED] - Delayed 5 second(s)

2022-06-23 23:18:24 - [MESSAGE][PASSED] - Text 'testdata1' is present on page 

2022-06-23 23:18:29 - [MESSAGE][PASSED] - Delayed 5 second(s)

2022-06-23 23:18:34 - [MESSAGE][PASSED] - Delayed 5 second(s)

2022-06-23 23:18:34 - [TEST_STEP][PASSED] - takeScreenshot(): Taking screenshot successfully

2022-06-23 23:18:36 - [MESSAGE][PASSED] - Taking screenshot successfully
[[ATTACHMENT|D:\\Projet Test Auto\\Mediabox Test Automation\\Reports\\20220623_184212\\03. Parallel Testing (Testing)\\TS -PT PART 3\\14.04 Dreyers Support Action (Ongoing _ Completed ref) - PART 4\\20220623_184236\\1656019115313.png]]

2022-06-23 23:18:36 - [TEST_STEP][PASSED] - delay(8): Delayed 8 second(s)

2022-06-23 23:18:44 - [MESSAGE][PASSED] - Delayed 8 second(s)

2022-06-23 23:18:44 - [TEST_STEP][PASSED] - click(findTestObject("HL Full Lifecycle/12 ReferncePage_Button_Updatensenddoc")): Object: 'Object Repository/HL Full Lifecycle/12 ReferncePage_Button_Updatensenddoc' is clicked on

2022-06-23 23:18:51 - [MESSAGE][PASSED] - Object: 'Object Repository/HL Full Lifecycle/12 ReferncePage_Button_Updatensenddoc' is clicked on

2022-06-23 23:18:51 - [TEST_STEP][PASSED] - delay(4): Delayed 4 second(s)

2022-06-23 23:18:55 - [MESSAGE][PASSED] - Delayed 4 second(s)

2022-06-23 23:18:55 - [TEST_STEP][PASSED] - color1 = getCSSValue(findTestObject("1. Constant/xpath", ["xpath":"//*[@id="source_" + refID23 + ""]/td[14]/a[2]"]), "color", OPTIONAL): Get CSS 'color' value on 'Object Repository/1. Constant/xpath' successfully: 'rgba(54, 153, 255, 1)'.

2022-06-23 23:18:55 - [MESSAGE][PASSED] - Get CSS 'color' value on 'Object Repository/1. Constant/xpath' successfully: 'rgba(54, 153, 255, 1)'.

2022-06-23 23:18:55 - [TEST_STEP][PASSED] - takeScreenshot(): Taking screenshot successfully

2022-06-23 23:18:56 - [MESSAGE][PASSED] - Taking screenshot successfully
[[ATTACHMENT|D:\\Projet Test Auto\\Mediabox Test Automation\\Reports\\20220623_184212\\03. Parallel Testing (Testing)\\TS -PT PART 3\\14.04 Dreyers Support Action (Ongoing _ Completed ref) - PART 4\\20220623_184236\\1656019136150.png]]

2022-06-23 23:18:56 - [TEST_STEP][PASSED] - click(findTestObject("1. Constant/xpath", ["xpath":"//*[@id="source_" + refID23 + ""]/td[6]/a"])): Object: 'Object Repository/1. Constant/xpath' is clicked on

2022-06-23 23:18:59 - [MESSAGE][PASSED] - Object: 'Object Repository/1. Constant/xpath' is clicked on

2022-06-23 23:18:59 - [TEST_STEP][PASSED] - takeScreenshot(): Taking screenshot successfully

2022-06-23 23:19:00 - [MESSAGE][PASSED] - Taking screenshot successfully
[[ATTACHMENT|D:\\Projet Test Auto\\Mediabox Test Automation\\Reports\\20220623_184212\\03. Parallel Testing (Testing)\\TS -PT PART 3\\14.04 Dreyers Support Action (Ongoing _ Completed ref) - PART 4\\20220623_184236\\1656019140326.png]]

2022-06-23 23:19:00 - [TEST_STEP][PASSED] - delay(1): Delayed 1 second(s)

2022-06-23 23:19:01 - [MESSAGE][PASSED] - Delayed 1 second(s)

2022-06-23 23:19:01 - [TEST_STEP][PASSED] - I.Approveforothers("/html/body/div[1]/div[2]/div[8]/div[3]/div/div[3]/div[2]/div/div[3]/div/div[2]/div[1]/div/div[2]/div/div[2]/div[2]/div/div/div[1]/img", "/html/body/div[1]/div[2]/div[8]/div[3]/div/div[3]/div[2]/div/div[3]/div/div[2]/div[1]/div/div[2]/div/div[2]/div[2]/div/div/div[6]/a[2]/span"): Object: 'Object Repository/1. Constant/xpath' is clicked on

2022-06-23 23:19:03 - [MESSAGE][PASSED] - Object: 'Object Repository/1. Constant/xpath' is clicked on

2022-06-23 23:19:04 - [MESSAGE][PASSED] - Delayed 1 second(s)

2022-06-23 23:19:04 - [MESSAGE][PASSED] - Object: 'Object Repository/1. Constant/xpath' is clicked on

2022-06-23 23:19:05 - [MESSAGE][PASSED] - Delayed 1 second(s)

2022-06-23 23:19:05 - [MESSAGE][PASSED] - Object: 'Object Repository/1. Constant/xpath' is hovered

2022-06-23 23:19:06 - [MESSAGE][PASSED] - Object: 'Object Repository/1. Constant/xpath' is clicked on

2022-06-23 23:19:07 - [MESSAGE][PASSED] - Delayed 1 second(s)

2022-06-23 23:19:14 - [MESSAGE][PASSED] - Object: 'Object Repository/1. Constant/xpath' is clicked on

2022-06-23 23:19:14 - [TEST_STEP][PASSED] - delay(1): Delayed 1 second(s)

2022-06-23 23:19:15 - [MESSAGE][PASSED] - Delayed 1 second(s)

2022-06-23 23:19:15 - [TEST_STEP][PASSED] - click(findTestObject("1. Constant/xpath", ["xpath":"//*[@id="kt_subheader"]/div/nav/ol/li[2]/a"])): Object: 'Object Repository/1. Constant/xpath' is clicked on

2022-06-23 23:19:18 - [MESSAGE][PASSED] - Object: 'Object Repository/1. Constant/xpath' is clicked on

2022-06-23 23:19:18 - [TEST_STEP][PASSED] - delay(1): Delayed 1 second(s)

2022-06-23 23:19:19 - [MESSAGE][PASSED] - Delayed 1 second(s)

2022-06-23 23:19:19 - [TEST_STEP][PASSED] - I.submitquesiton_ref(findTestObject("1. Constant/xpath", ["xpath":"//*[@id="source_" + refID23 + ""]/td[14]/div[1]/button"]), findTestObject("1. Constant/xpath", ["xpath":"//*[@id="source_" + refID23 + ""]/td[14]/div[1]/div/a[1]"])): Object: 'Object Repository/1. Constant/xpath' is clicked on

2022-06-23 23:19:20 - [MESSAGE][PASSED] - Object: 'Object Repository/1. Constant/xpath' is clicked on

2022-06-23 23:19:23 - [MESSAGE][PASSED] - Delayed 3 second(s)

2022-06-23 23:19:25 - [MESSAGE][PASSED] - Object: 'Object Repository/1. Constant/xpath' is clicked on

2022-06-23 23:19:25 - [TEST_STEP][PASSED] - click(findTestObject("1. Constant/xpath", ["xpath":"//*[@id="ModifFiche"]/div[1]/div/button[2]"])): Object: 'Object Repository/1. Constant/xpath' is clicked on

2022-06-23 23:19:31 - [MESSAGE][PASSED] - Object: 'Object Repository/1. Constant/xpath' is clicked on

2022-06-23 23:19:31 - [TEST_STEP][PASSED] - takeScreenshot(): Taking screenshot successfully

2022-06-23 23:19:32 - [MESSAGE][PASSED] - Taking screenshot successfully
[[ATTACHMENT|D:\\Projet Test Auto\\Mediabox Test Automation\\Reports\\20220623_184212\\03. Parallel Testing (Testing)\\TS -PT PART 3\\14.04 Dreyers Support Action (Ongoing _ Completed ref) - PART 4\\20220623_184236\\1656019171666.png]]

2022-06-23 23:19:32 - [TEST_STEP][PASSED] - I.submitquesiton_ref(findTestObject("1. Constant/xpath", ["xpath":"//*[@id="source_" + refID23 + ""]/td[14]/div[1]/button"]), findTestObject("1. Constant/xpath", ["xpath":"//*[@id="source_" + refID23 + ""]/td[14]/div[1]/div/a[1]"])): Object: 'Object Repository/1. Constant/xpath' is clicked on

2022-06-23 23:19:32 - [MESSAGE][PASSED] - Object: 'Object Repository/1. Constant/xpath' is clicked on

2022-06-23 23:19:35 - [MESSAGE][PASSED] - Delayed 3 second(s)

2022-06-23 23:19:38 - [MESSAGE][PASSED] - Object: 'Object Repository/1. Constant/xpath' is clicked on

2022-06-23 23:19:38 - [TEST_STEP][PASSED] - click(findTestObject("1. Constant/xpath", ["xpath":"//*[@id="ModifFiche"]/div[1]/div/button[2]"])): Object: 'Object Repository/1. Constant/xpath' is clicked on

2022-06-23 23:19:45 - [MESSAGE][PASSED] - Object: 'Object Repository/1. Constant/xpath' is clicked on

2022-06-23 23:19:45 - [TEST_STEP][PASSED] - takeScreenshot(): Taking screenshot successfully

2022-06-23 23:19:46 - [MESSAGE][PASSED] - Taking screenshot successfully
[[ATTACHMENT|D:\\Projet Test Auto\\Mediabox Test Automation\\Reports\\20220623_184212\\03. Parallel Testing (Testing)\\TS -PT PART 3\\14.04 Dreyers Support Action (Ongoing _ Completed ref) - PART 4\\20220623_184236\\1656019186032.png]]

2022-06-23 23:19:46 - [TEST_STEP][PASSED] - click(findTestObject("1. Constant/xpath", ["xpath":"//*[@id="source_" + refID23 + ""]/td[14]/a[3]"])): Object: 'Object Repository/1. Constant/xpath' is clicked on

2022-06-23 23:19:50 - [MESSAGE][PASSED] - Object: 'Object Repository/1. Constant/xpath' is clicked on

2022-06-23 23:19:50 - [TEST_STEP][PASSED] - click(findTestObject("1. Constant/xpath", ["xpath":"//*[@id="ModifFiche"]/div[1]/div/button[2]"])): Object: 'Object Repository/1. Constant/xpath' is clicked on

2022-06-23 23:19:55 - [MESSAGE][PASSED] - Object: 'Object Repository/1. Constant/xpath' is clicked on

2022-06-23 23:19:55 - [TEST_STEP][PASSED] - takeScreenshot(): Taking screenshot successfully

2022-06-23 23:19:56 - [MESSAGE][PASSED] - Taking screenshot successfully
[[ATTACHMENT|D:\\Projet Test Auto\\Mediabox Test Automation\\Reports\\20220623_184212\\03. Parallel Testing (Testing)\\TS -PT PART 3\\14.04 Dreyers Support Action (Ongoing _ Completed ref) - PART 4\\20220623_184236\\1656019195727.png]]

2022-06-23 23:19:56 - [TEST_STEP][PASSED] - click(findTestObject("1. Constant/xpath", ["xpath":"//*[@id="source_" + refID23 + ""]/td[14]/a[3]"])): Object: 'Object Repository/1. Constant/xpath' is clicked on

2022-06-23 23:19:57 - [MESSAGE][PASSED] - Object: 'Object Repository/1. Constant/xpath' is clicked on

2022-06-23 23:19:57 - [TEST_STEP][PASSED] - click(findTestObject("1. Constant/xpath", ["xpath":"//*[@id="ModifFiche"]/div[1]/div/button[2]"])): Object: 'Object Repository/1. Constant/xpath' is clicked on

2022-06-23 23:20:02 - [MESSAGE][PASSED] - Object: 'Object Repository/1. Constant/xpath' is clicked on

2022-06-23 23:20:02 - [TEST_STEP][PASSED] - delay(3): Delayed 3 second(s)

2022-06-23 23:20:05 - [MESSAGE][PASSED] - Delayed 3 second(s)

2022-06-23 23:20:05 - [TEST_STEP][PASSED] - click(findTestObject("1. Constant/xpath", ["xpath":"//*[@id="source_" + refID23 + ""]/td[14]/div[1]/button"])): Object: 'Object Repository/1. Constant/xpath' is clicked on

2022-06-23 23:20:06 - [MESSAGE][PASSED] - Object: 'Object Repository/1. Constant/xpath' is clicked on

2022-06-23 23:20:06 - [TEST_STEP][PASSED] - delay(1): Delayed 1 second(s)

2022-06-23 23:20:07 - [MESSAGE][PASSED] - Delayed 1 second(s)

2022-06-23 23:20:07 - [TEST_STEP][PASSED] - x = 20: null

2022-06-23 23:20:07 - [TEST_STEP][PASSED] - i = 1: null

2022-06-23 23:20:07 - [TEST_STEP][PASSED] - while (i <= x): null

2022-06-23 23:20:07 - [TEST_STEP][PASSED] - Expected_SAS_Selected = "SAS S30: Add Phase Group SA/ Skip to Phase 1.1": null

2022-06-23 23:20:07 - [TEST_STEP][PASSED] - xpath_SAS = "//*[@id="source_" + refID23 + ""]/td[14]/div[1]/div/a[" + i + "]": null

2022-06-23 23:20:07 - [TEST_STEP][PASSED] - Actual_SAS = getText(findTestObject("1. Constant/xpath", ["xpath":xpath_SAS])): Text of object 'Object Repository/1. Constant/xpath' is: 'SAS S21 - Add Step Group C&A / Skip P3.4 [Complete]'

2022-06-23 23:20:08 - [MESSAGE][PASSED] - Text of object 'Object Repository/1. Constant/xpath' is: 'SAS S21 - Add Step Group C&A / Skip P3.4 [Complete]'

2022-06-23 23:20:08 - [TEST_STEP][PASSED] - I.print(i): null

2022-06-23 23:20:08 - [TEST_STEP][PASSED] - if (Actual_SAS.contains(Expected_SAS_Selected)): null

2022-06-23 23:20:08 - [TEST_STEP][PASSED] - i = i + 1: null

2022-06-23 23:20:08 - [TEST_STEP][PASSED] - Expected_SAS_Selected = "SAS S30: Add Phase Group SA/ Skip to Phase 1.1": null

2022-06-23 23:20:08 - [TEST_STEP][PASSED] - xpath_SAS = "//*[@id="source_" + refID23 + ""]/td[14]/div[1]/div/a[" + i + "]": null

2022-06-23 23:20:08 - [TEST_STEP][PASSED] - Actual_SAS = getText(findTestObject("1. Constant/xpath", ["xpath":xpath_SAS])): Text of object 'Object Repository/1. Constant/xpath' is: 'SAS: S6 - Add Steps C'

2022-06-23 23:20:08 - [MESSAGE][PASSED] - Text of object 'Object Repository/1. Constant/xpath' is: 'SAS: S6 - Add Steps C'

2022-06-23 23:20:08 - [TEST_STEP][PASSED] - I.print(i): null

2022-06-23 23:20:08 - [TEST_STEP][PASSED] - if (Actual_SAS.contains(Expected_SAS_Selected)): null

2022-06-23 23:20:08 - [TEST_STEP][PASSED] - i = i + 1: null

2022-06-23 23:20:08 - [TEST_STEP][PASSED] - Expected_SAS_Selected = "SAS S30: Add Phase Group SA/ Skip to Phase 1.1": null

2022-06-23 23:20:08 - [TEST_STEP][PASSED] - xpath_SAS = "//*[@id="source_" + refID23 + ""]/td[14]/div[1]/div/a[" + i + "]": null

2022-06-23 23:20:08 - [TEST_STEP][PASSED] - Actual_SAS = getText(findTestObject("1. Constant/xpath", ["xpath":xpath_SAS])): Text of object 'Object Repository/1. Constant/xpath' is: 'SAS: S14 - Add Step group (SAS Lifecycle - SAS Step C)'

2022-06-23 23:20:09 - [MESSAGE][PASSED] - Text of object 'Object Repository/1. Constant/xpath' is: 'SAS: S14 - Add Step group (SAS Lifecycle - SAS Step C)'

2022-06-23 23:20:09 - [TEST_STEP][PASSED] - I.print(i): null

2022-06-23 23:20:09 - [TEST_STEP][PASSED] - if (Actual_SAS.contains(Expected_SAS_Selected)): null

2022-06-23 23:20:09 - [TEST_STEP][PASSED] - i = i + 1: null

2022-06-23 23:20:09 - [TEST_STEP][PASSED] - Expected_SAS_Selected = "SAS S30: Add Phase Group SA/ Skip to Phase 1.1": null

2022-06-23 23:20:09 - [TEST_STEP][PASSED] - xpath_SAS = "//*[@id="source_" + refID23 + ""]/td[14]/div[1]/div/a[" + i + "]": null

2022-06-23 23:20:09 - [TEST_STEP][PASSED] - Actual_SAS = getText(findTestObject("1. Constant/xpath", ["xpath":xpath_SAS])): Text of object 'Object Repository/1. Constant/xpath' is: 'SAS: S15 - Add Step Group A & C'

2022-06-23 23:20:10 - [MESSAGE][PASSED] - Text of object 'Object Repository/1. Constant/xpath' is: 'SAS: S15 - Add Step Group A & C'

2022-06-23 23:20:10 - [TEST_STEP][PASSED] - I.print(i): null

2022-06-23 23:20:10 - [TEST_STEP][PASSED] - if (Actual_SAS.contains(Expected_SAS_Selected)): null

2022-06-23 23:20:10 - [TEST_STEP][PASSED] - i = i + 1: null

2022-06-23 23:20:10 - [TEST_STEP][PASSED] - Expected_SAS_Selected = "SAS S30: Add Phase Group SA/ Skip to Phase 1.1": null

2022-06-23 23:20:10 - [TEST_STEP][PASSED] - xpath_SAS = "//*[@id="source_" + refID23 + ""]/td[14]/div[1]/div/a[" + i + "]": null

2022-06-23 23:20:10 - [TEST_STEP][PASSED] - Actual_SAS = getText(findTestObject("1. Constant/xpath", ["xpath":xpath_SAS])): Text of object 'Object Repository/1. Constant/xpath' is: 'SAS S18: Add Step C / Skip Phase 3.5 [Complete]'

2022-06-23 23:20:10 - [MESSAGE][PASSED] - Text of object 'Object Repository/1. Constant/xpath' is: 'SAS S18: Add Step C / Skip Phase 3.5 [Complete]'

2022-06-23 23:20:10 - [TEST_STEP][PASSED] - I.print(i): null

2022-06-23 23:20:10 - [TEST_STEP][PASSED] - if (Actual_SAS.contains(Expected_SAS_Selected)): null

2022-06-23 23:20:10 - [TEST_STEP][PASSED] - i = i + 1: null

2022-06-23 23:20:10 - [TEST_STEP][PASSED] - Expected_SAS_Selected = "SAS S30: Add Phase Group SA/ Skip to Phase 1.1": null

2022-06-23 23:20:10 - [TEST_STEP][PASSED] - xpath_SAS = "//*[@id="source_" + refID23 + ""]/td[14]/div[1]/div/a[" + i + "]": null

2022-06-23 23:20:10 - [TEST_STEP][PASSED] - Actual_SAS = getText(findTestObject("1. Constant/xpath", ["xpath":xpath_SAS])): Text of object 'Object Repository/1. Constant/xpath' is: 'SAS S19: Add Step Group A/ Skip Phase 1.2 [Complete]'

2022-06-23 23:20:11 - [MESSAGE][PASSED] - Text of object 'Object Repository/1. Constant/xpath' is: 'SAS S19: Add Step Group A/ Skip Phase 1.2 [Complete]'

2022-06-23 23:20:11 - [TEST_STEP][PASSED] - I.print(i): null

2022-06-23 23:20:11 - [TEST_STEP][PASSED] - if (Actual_SAS.contains(Expected_SAS_Selected)): null

2022-06-23 23:20:11 - [TEST_STEP][PASSED] - i = i + 1: null

2022-06-23 23:20:11 - [TEST_STEP][PASSED] - Expected_SAS_Selected = "SAS S30: Add Phase Group SA/ Skip to Phase 1.1": null

2022-06-23 23:20:11 - [TEST_STEP][PASSED] - xpath_SAS = "//*[@id="source_" + refID23 + ""]/td[14]/div[1]/div/a[" + i + "]": null

2022-06-23 23:20:11 - [TEST_STEP][PASSED] - Actual_SAS = getText(findTestObject("1. Constant/xpath", ["xpath":xpath_SAS])): Text of object 'Object Repository/1. Constant/xpath' is: 'SAS S20: Add Step Group AC/ Skip Phase 1.2 [Complete]'

2022-06-23 23:20:11 - [MESSAGE][PASSED] - Text of object 'Object Repository/1. Constant/xpath' is: 'SAS S20: Add Step Group AC/ Skip Phase 1.2 [Complete]'

2022-06-23 23:20:11 - [TEST_STEP][PASSED] - I.print(i): null

2022-06-23 23:20:11 - [TEST_STEP][PASSED] - if (Actual_SAS.contains(Expected_SAS_Selected)): null

2022-06-23 23:20:11 - [TEST_STEP][PASSED] - i = i + 1: null

2022-06-23 23:20:11 - [TEST_STEP][PASSED] - Expected_SAS_Selected = "SAS S30: Add Phase Group SA/ Skip to Phase 1.1": null

2022-06-23 23:20:11 - [TEST_STEP][PASSED] - xpath_SAS = "//*[@id="source_" + refID23 + ""]/td[14]/div[1]/div/a[" + i + "]": null

2022-06-23 23:20:11 - [TEST_STEP][PASSED] - Actual_SAS = getText(findTestObject("1. Constant/xpath", ["xpath":xpath_SAS])): Text of object 'Object Repository/1. Constant/xpath' is: 'SAS S30: Add Phase Group SA/ Skip to Phase 1.1'

2022-06-23 23:20:12 - [MESSAGE][PASSED] - Text of object 'Object Repository/1. Constant/xpath' is: 'SAS S30: Add Phase Group SA/ Skip to Phase 1.1'

2022-06-23 23:20:12 - [TEST_STEP][PASSED] - I.print(i): null

2022-06-23 23:20:12 - [TEST_STEP][PASSED] - if (Actual_SAS.contains(Expected_SAS_Selected)): null

2022-06-23 23:20:12 - [TEST_STEP][PASSED] - click(findTestObject("1. Constant/xpath", ["xpath":xpath_SAS])): Object: 'Object Repository/1. Constant/xpath' is clicked on

2022-06-23 23:20:13 - [MESSAGE][PASSED] - Object: 'Object Repository/1. Constant/xpath' is clicked on

2022-06-23 23:20:13 - [TEST_STEP][PASSED] - break: null

2022-06-23 23:20:13 - [TEST_STEP][PASSED] - takeScreenshot(): Taking screenshot successfully

2022-06-23 23:20:14 - [MESSAGE][PASSED] - Taking screenshot successfully
[[ATTACHMENT|D:\\Projet Test Auto\\Mediabox Test Automation\\Reports\\20220623_184212\\03. Parallel Testing (Testing)\\TS -PT PART 3\\14.04 Dreyers Support Action (Ongoing _ Completed ref) - PART 4\\20220623_184236\\1656019214298.png]]

2022-06-23 23:20:14 - [TEST_STEP][PASSED] - delay(1): Delayed 1 second(s)

2022-06-23 23:20:15 - [MESSAGE][PASSED] - Delayed 1 second(s)

2022-06-23 23:20:15 - [TEST_STEP][PASSED] - takeScreenshot(): Taking screenshot successfully

2022-06-23 23:20:17 - [MESSAGE][PASSED] - Taking screenshot successfully
[[ATTACHMENT|D:\\Projet Test Auto\\Mediabox Test Automation\\Reports\\20220623_184212\\03. Parallel Testing (Testing)\\TS -PT PART 3\\14.04 Dreyers Support Action (Ongoing _ Completed ref) - PART 4\\20220623_184236\\1656019216267.png]]

2022-06-23 23:20:17 - [TEST_STEP][PASSED] - click(findTestObject("1. Constant/xpath", ["xpath":"//*[@id="confirmSupportActionShortcut"]"])): Object: 'Object Repository/1. Constant/xpath' is clicked on

2022-06-23 23:20:23 - [MESSAGE][PASSED] - Object: 'Object Repository/1. Constant/xpath' is clicked on

2022-06-23 23:20:23 - [TEST_STEP][PASSED] - takeScreenshot(): Taking screenshot successfully

2022-06-23 23:20:24 - [MESSAGE][PASSED] - Taking screenshot successfully
[[ATTACHMENT|D:\\Projet Test Auto\\Mediabox Test Automation\\Reports\\20220623_184212\\03. Parallel Testing (Testing)\\TS -PT PART 3\\14.04 Dreyers Support Action (Ongoing _ Completed ref) - PART 4\\20220623_184236\\1656019223718.png]]

2022-06-23 23:20:24 - [TEST_STEP][PASSED] - click(findTestObject("1. Constant/xpath", ["xpath":"//*[@id="kt_content"]/div[3]/div/ul/li[3]/a"])): Object: 'Object Repository/1. Constant/xpath' is clicked on

2022-06-23 23:20:26 - [MESSAGE][PASSED] - Object: 'Object Repository/1. Constant/xpath' is clicked on

2022-06-23 23:20:26 - [TEST_STEP][PASSED] - takeScreenshot(): Taking screenshot successfully

2022-06-23 23:20:27 - [MESSAGE][PASSED] - Taking screenshot successfully
[[ATTACHMENT|D:\\Projet Test Auto\\Mediabox Test Automation\\Reports\\20220623_184212\\03. Parallel Testing (Testing)\\TS -PT PART 3\\14.04 Dreyers Support Action (Ongoing _ Completed ref) - PART 4\\20220623_184236\\1656019226825.png]]

2022-06-23 23:20:27 - [TEST_STEP][PASSED] - StepA_1 = getAttribute(findTestObject("1. Constant/xpath", ["xpath":"/html/body/div[1]/div[2]/div[8]/div[3]/div/div[3]/div[3]/div/ul/li[4]/a"]), "class"): Attribute 'class' of object 'Object Repository/1. Constant/xpath' is: 'nav-link timeline-badge badge-xl  bg-pending active'

2022-06-23 23:20:27 - [MESSAGE][PASSED] - Attribute 'class' of object 'Object Repository/1. Constant/xpath' is: 'nav-link timeline-badge badge-xl  bg-pending active'

2022-06-23 23:20:27 - [TEST_STEP][PASSED] - verifyMatch(StepA_1, "nav-link timeline-badge badge-xl  bg-pending active", false): Actual text 'nav-link timeline-badge badge-xl  bg-pending active' and expected text 'nav-link timeline-badge badge-xl  bg-pending active' are matched 

2022-06-23 23:20:27 - [MESSAGE][PASSED] - Actual text 'nav-link timeline-badge badge-xl  bg-pending active' and expected text 'nav-link timeline-badge badge-xl  bg-pending active' are matched 

2022-06-23 23:20:27 - [TEST_STEP][PASSED] - StepA_11 = I.Get_Stepname("/html/body/div[1]/div[2]/div[8]/div[3]/div/div[3]/div[3]/div/ul/li[4]/a"): Attribute 'href' of object 'Object Repository/1. Constant/xpath' is: 'http://mdb-release.diadeis.lan/MediaboxIndependence/Base/ExecAction?action=VoirRef&IDSession=MBI!RELTESTAUTO_DREYERS!395D6TAPEG4UTKLYTY5CE2WAOQNM7FFZCI5Q6FZN&num=CF3Y6U4PO1&id_ref=5332#tab_lifecycle_SASStepA_12367'

2022-06-23 23:20:32 - [MESSAGE][PASSED] - Delayed 5 second(s)

2022-06-23 23:20:33 - [MESSAGE][PASSED] - Attribute 'href' of object 'Object Repository/1. Constant/xpath' is: 'http://mdb-release.diadeis.lan/MediaboxIndependence/Base/ExecAction?action=VoirRef&IDSession=MBI!RELTESTAUTO_DREYERS!395D6TAPEG4UTKLYTY5CE2WAOQNM7FFZCI5Q6FZN&num=CF3Y6U4PO1&id_ref=5332#tab_lifecycle_SASStepA_12367'

2022-06-23 23:20:33 - [TEST_STEP][PASSED] - verifyMatch(StepA_11, "SASStepA", false): Actual text 'SASStepA' and expected text 'SASStepA' are matched 

2022-06-23 23:20:33 - [MESSAGE][PASSED] - Actual text 'SASStepA' and expected text 'SASStepA' are matched 

2022-06-23 23:20:33 - [TEST_STEP][PASSED] - delay(2): Delayed 2 second(s)

2022-06-23 23:20:35 - [MESSAGE][PASSED] - Delayed 2 second(s)

2022-06-23 23:20:35 - [TEST_STEP][PASSED] - StepA_4 = getText(findTestObject("1. Constant/xpath", ["xpath":"/html/body/div[1]/div[2]/div[8]/div[3]/div/div[3]/div[3]/div/div/div[4]/div/div[1]/div/div[1]/div[1]/h3"])): Text of object 'Object Repository/1. Constant/xpath' is: 'Phase 1.1 [Standard]'

2022-06-23 23:20:36 - [MESSAGE][PASSED] - Text of object 'Object Repository/1. Constant/xpath' is: 'Phase 1.1 [Standard]'

2022-06-23 23:20:36 - [TEST_STEP][PASSED] - verifyMatch(StepA_4, "Phase 1.1 [Standard]", false): Actual text 'Phase 1.1 [Standard]' and expected text 'Phase 1.1 [Standard]' are matched 

2022-06-23 23:20:36 - [MESSAGE][PASSED] - Actual text 'Phase 1.1 [Standard]' and expected text 'Phase 1.1 [Standard]' are matched 

2022-06-23 23:20:36 - [TEST_STEP][PASSED] - Started_StepAP1_1 = getText(findTestObject("1. Constant/xpath", ["xpath":"/html/body/div[1]/div[2]/div[8]/div[3]/div/div[3]/div[3]/div/div/div[4]/div/div[1]/div/div[2]/div[1]"])): Text of object 'Object Repository/1. Constant/xpath' is: 'Started 06/23/22 05:20 PM'

2022-06-23 23:20:37 - [MESSAGE][PASSED] - Text of object 'Object Repository/1. Constant/xpath' is: 'Started 06/23/22 05:20 PM'

2022-06-23 23:20:37 - [TEST_STEP][PASSED] - if (Started_StepAP1_1.contains("Started")): Actual object '1' and expected object '1' are equal

2022-06-23 23:20:37 - [TEST_STEP][PASSED] - verifyEqual(1, 1): Actual object '1' and expected object '1' are equal

2022-06-23 23:20:37 - [MESSAGE][PASSED] - Actual object '1' and expected object '1' are equal

2022-06-23 23:20:37 - [TEST_STEP][PASSED] - verifyElementNotPresent(findTestObject("1. Constant/xpath", ["xpath":"/html/body/div[1]/div[2]/div[8]/div[3]/div/div[3]/div[3]/div/ul/li[5]/a"]), 10): Web element with id: 'Object Repository/1. Constant/xpath' located by 'By.xpath: /html/body/div[1]/div[2]/div[8]/div[3]/div/div[3]/div[3]/div/ul/li[5]/a' is not present after '10' second(s)

2022-06-23 23:20:37 - [MESSAGE][PASSED] - Web element with id: 'Object Repository/1. Constant/xpath' located by 'By.xpath: /html/body/div[1]/div[2]/div[8]/div[3]/div/div[3]/div[3]/div/ul/li[5]/a' is not present after '10' second(s)

2022-06-23 23:20:37 - [TEST_STEP][PASSED] - click(findTestObject("1. Constant/xpath", ["xpath":"/html/body/div[1]/div[2]/div[8]/div[2]/div/nav/ol/li[2]/a"])): Object: 'Object Repository/1. Constant/xpath' is clicked on

2022-06-23 23:20:40 - [MESSAGE][PASSED] - Object: 'Object Repository/1. Constant/xpath' is clicked on

2022-06-23 23:20:40 - [TEST_STEP][PASSED] - Lifecycle_Status1 = getText(findTestObject("1. Constant/xpath", ["xpath":"//*[@id="source_" + refID23 + ""]/td[11]/span[1]"])): Text of object 'Object Repository/1. Constant/xpath' is: 'Phase 1.1 [Standard]'

2022-06-23 23:20:40 - [MESSAGE][PASSED] - Text of object 'Object Repository/1. Constant/xpath' is: 'Phase 1.1 [Standard]'

2022-06-23 23:20:40 - [TEST_STEP][PASSED] - verifyMatch(Lifecycle_Status1, "Phase 1.1 [Standard]", false): Actual text 'Phase 1.1 [Standard]' and expected text 'Phase 1.1 [Standard]' are matched 

2022-06-23 23:20:40 - [MESSAGE][PASSED] - Actual text 'Phase 1.1 [Standard]' and expected text 'Phase 1.1 [Standard]' are matched 

2022-06-23 23:20:40 - [TEST_STEP][PASSED] - I.Logout(): Delayed 3 second(s)

2022-06-23 23:20:43 - [MESSAGE][PASSED] - Delayed 3 second(s)

2022-06-23 23:20:44 - [MESSAGE][PASSED] - Object: 'Object Repository/1. Constant/xpath' is clicked on

2022-06-23 23:20:47 - [MESSAGE][PASSED] - Delayed 3 second(s)

2022-06-23 23:20:50 - [MESSAGE][PASSED] - Object: 'Object Repository/1. Constant/xpath' is clicked on

2022-06-23 23:20:53 - [MESSAGE][PASSED] - Delayed 3 second(s)

2022-06-23 23:20:53 - [TEST_STEP][PASSED] - I.Login_password("blemco", password_blemco): Object: 'Object Repository/1. Constant/xpath' is clicked on

2022-06-23 23:20:54 - [MESSAGE][PASSED] - Text 'blemco' is set on object 'Object Repository/1. Constant/xpath'

2022-06-23 23:20:55 - [MESSAGE][PASSED] - Delayed 1 second(s)

2022-06-23 23:20:57 - [MESSAGE][PASSED] - Text 'diadeis1' is set on object 'Object Repository/1. Constant/xpath'

2022-06-23 23:20:58 - [MESSAGE][PASSED] - Delayed 1 second(s)

2022-06-23 23:21:08 - [MESSAGE][PASSED] - Object: 'Object Repository/1. Constant/xpath' is clicked on

2022-06-23 23:21:08 - [TEST_STEP][PASSED] - click(findTestObject("1. Constant/02_LHSMenu_Projects")): Object: 'Object Repository/1. Constant/02_LHSMenu_Projects' is clicked on

2022-06-23 23:21:11 - [MESSAGE][PASSED] - Object: 'Object Repository/1. Constant/02_LHSMenu_Projects' is clicked on

2022-06-23 23:21:11 - [TEST_STEP][PASSED] - I.SearchProjectNo_xpath(Project_No, "//*[@id="keynum_project"]", "//*[@id="form_filters"]/div[4]/button"): Delayed 5 second(s)

2022-06-23 23:21:12 - [MESSAGE][PASSED] - Delayed 1 second(s)

2022-06-23 23:21:14 - [MESSAGE][PASSED] - Text 'MI000883' is set on object 'Object Repository/1. Constant/xpath'

2022-06-23 23:21:17 - [MESSAGE][PASSED] - Delayed 3 second(s)

2022-06-23 23:21:18 - [MESSAGE][PASSED] - Scroll to object 'Object Repository/1. Constant/xpath' successfully

2022-06-23 23:21:22 - [MESSAGE][PASSED] - Object: 'Object Repository/1. Constant/xpath' is clicked on

2022-06-23 23:21:27 - [MESSAGE][PASSED] - Delayed 5 second(s)

2022-06-23 23:21:27 - [TEST_STEP][PASSED] - I.SearchRefNo_xpath("P23_Auto", "//*[@id="fiche_filter_keywords11"]", "//*[@id="form_filters"]/div[3]/button"): Delayed 5 second(s)

2022-06-23 23:21:28 - [MESSAGE][PASSED] - Delayed 1 second(s)

2022-06-23 23:21:29 - [MESSAGE][PASSED] - Text 'P23_Auto' is set on object 'Object Repository/1. Constant/xpath'

2022-06-23 23:21:32 - [MESSAGE][PASSED] - Delayed 3 second(s)

2022-06-23 23:21:32 - [MESSAGE][PASSED] - Scroll to object 'Object Repository/1. Constant/xpath' successfully

2022-06-23 23:21:35 - [MESSAGE][PASSED] - Object: 'Object Repository/1. Constant/xpath' is clicked on

2022-06-23 23:21:40 - [MESSAGE][PASSED] - Delayed 5 second(s)

2022-06-23 23:21:40 - [TEST_STEP][PASSED] - takeScreenshot(): Taking screenshot successfully

2022-06-23 23:21:41 - [MESSAGE][PASSED] - Taking screenshot successfully
[[ATTACHMENT|D:\\Projet Test Auto\\Mediabox Test Automation\\Reports\\20220623_184212\\03. Parallel Testing (Testing)\\TS -PT PART 3\\14.04 Dreyers Support Action (Ongoing _ Completed ref) - PART 4\\20220623_184236\\1656019300544.png]]

2022-06-23 23:21:41 - [TEST_STEP][PASSED] - click(findTestObject("1. Constant/xpath", ["xpath":"//*[@id="source_" + refID23 + ""]/td[13]/a[3]"])): Object: 'Object Repository/1. Constant/xpath' is clicked on

2022-06-23 23:21:42 - [MESSAGE][PASSED] - Object: 'Object Repository/1. Constant/xpath' is clicked on

2022-06-23 23:21:42 - [TEST_STEP][PASSED] - click(findTestObject("1. Constant/xpath", ["xpath":"//*[@id="ModifFiche"]/div[1]/div/button[2]"])): Object: 'Object Repository/1. Constant/xpath' is clicked on

2022-06-23 23:21:47 - [MESSAGE][PASSED] - Object: 'Object Repository/1. Constant/xpath' is clicked on

2022-06-23 23:21:47 - [TEST_STEP][PASSED] - Lifecycle_Status3 = getText(findTestObject("1. Constant/xpath", ["xpath":"//*[@id="source_" + refID23 + ""]/td[12]/span[1]"])): Text of object 'Object Repository/1. Constant/xpath' is: 'Phase 1.2 [Standard Phase]'

2022-06-23 23:21:47 - [MESSAGE][PASSED] - Text of object 'Object Repository/1. Constant/xpath' is: 'Phase 1.2 [Standard Phase]'

2022-06-23 23:21:47 - [TEST_STEP][PASSED] - verifyMatch(Lifecycle_Status3, "Phase 1.2 [Standard Phase]", false): Actual text 'Phase 1.2 [Standard Phase]' and expected text 'Phase 1.2 [Standard Phase]' are matched 

2022-06-23 23:21:47 - [MESSAGE][PASSED] - Actual text 'Phase 1.2 [Standard Phase]' and expected text 'Phase 1.2 [Standard Phase]' are matched 

2022-06-23 23:21:47 - [TEST_STEP][PASSED] - I.Logout(): Delayed 3 second(s)

2022-06-23 23:21:50 - [MESSAGE][PASSED] - Delayed 3 second(s)

2022-06-23 23:21:51 - [MESSAGE][PASSED] - Object: 'Object Repository/1. Constant/xpath' is clicked on

2022-06-23 23:21:54 - [MESSAGE][PASSED] - Delayed 3 second(s)

2022-06-23 23:22:00 - [MESSAGE][PASSED] - Object: 'Object Repository/1. Constant/xpath' is clicked on

2022-06-23 23:22:03 - [MESSAGE][PASSED] - Delayed 3 second(s)

2022-06-23 23:22:03 - [TEST_STEP][PASSED] - I.Login_password("nturner", password_nturner): Object: 'Object Repository/1. Constant/xpath' is clicked on

2022-06-23 23:22:04 - [MESSAGE][PASSED] - Text 'nturner' is set on object 'Object Repository/1. Constant/xpath'

2022-06-23 23:22:05 - [MESSAGE][PASSED] - Delayed 1 second(s)

2022-06-23 23:22:06 - [MESSAGE][PASSED] - Text 'diadeis1' is set on object 'Object Repository/1. Constant/xpath'

2022-06-23 23:22:07 - [MESSAGE][PASSED] - Delayed 1 second(s)

2022-06-23 23:22:12 - [MESSAGE][PASSED] - Object: 'Object Repository/1. Constant/xpath' is clicked on

2022-06-23 23:22:12 - [TEST_STEP][PASSED] - click(findTestObject("1. Constant/02_LHSMenu_Projects")): Object: 'Object Repository/1. Constant/02_LHSMenu_Projects' is clicked on

2022-06-23 23:22:15 - [MESSAGE][PASSED] - Object: 'Object Repository/1. Constant/02_LHSMenu_Projects' is clicked on

2022-06-23 23:22:15 - [TEST_STEP][PASSED] - I.SearchProjectNo_xpath(Project_No, "//*[@id="keynum_project"]", "//*[@id="form_filters"]/div[4]/button"): Delayed 5 second(s)

2022-06-23 23:22:16 - [MESSAGE][PASSED] - Delayed 1 second(s)

2022-06-23 23:22:17 - [MESSAGE][PASSED] - Text 'MI000883' is set on object 'Object Repository/1. Constant/xpath'

2022-06-23 23:22:20 - [MESSAGE][PASSED] - Delayed 3 second(s)

2022-06-23 23:22:20 - [MESSAGE][PASSED] - Scroll to object 'Object Repository/1. Constant/xpath' successfully

2022-06-23 23:22:24 - [MESSAGE][PASSED] - Object: 'Object Repository/1. Constant/xpath' is clicked on

2022-06-23 23:22:29 - [MESSAGE][PASSED] - Delayed 5 second(s)

2022-06-23 23:22:29 - [TEST_STEP][PASSED] - takeScreenshot(): Taking screenshot successfully

2022-06-23 23:22:30 - [MESSAGE][PASSED] - Taking screenshot successfully
[[ATTACHMENT|D:\\Projet Test Auto\\Mediabox Test Automation\\Reports\\20220623_184212\\03. Parallel Testing (Testing)\\TS -PT PART 3\\14.04 Dreyers Support Action (Ongoing _ Completed ref) - PART 4\\20220623_184236\\1656019350357.png]]

2022-06-23 23:22:30 - [TEST_STEP][PASSED] - I.SearchRefNo_xpath("P23_Auto", "//*[@id="fiche_filter_keywords11"]", "//*[@id="form_filters"]/div[3]/button"): Delayed 5 second(s)

2022-06-23 23:22:31 - [MESSAGE][PASSED] - Delayed 1 second(s)

2022-06-23 23:22:33 - [MESSAGE][PASSED] - Text 'P23_Auto' is set on object 'Object Repository/1. Constant/xpath'

2022-06-23 23:22:36 - [MESSAGE][PASSED] - Delayed 3 second(s)

2022-06-23 23:22:36 - [MESSAGE][PASSED] - Scroll to object 'Object Repository/1. Constant/xpath' successfully

2022-06-23 23:22:40 - [MESSAGE][PASSED] - Object: 'Object Repository/1. Constant/xpath' is clicked on

2022-06-23 23:22:45 - [MESSAGE][PASSED] - Delayed 5 second(s)

2022-06-23 23:22:45 - [TEST_STEP][PASSED] - delay(1): Delayed 1 second(s)

2022-06-23 23:22:46 - [MESSAGE][PASSED] - Delayed 1 second(s)

2022-06-23 23:22:46 - [TEST_STEP][PASSED] - takeScreenshot(): Taking screenshot successfully

2022-06-23 23:22:47 - [MESSAGE][PASSED] - Taking screenshot successfully
[[ATTACHMENT|D:\\Projet Test Auto\\Mediabox Test Automation\\Reports\\20220623_184212\\03. Parallel Testing (Testing)\\TS -PT PART 3\\14.04 Dreyers Support Action (Ongoing _ Completed ref) - PART 4\\20220623_184236\\1656019366571.png]]

2022-06-23 23:22:47 - [TEST_STEP][PASSED] - click(findTestObject("1. Constant/xpath", ["xpath":"//*[@id="source_" + refID23 + ""]/td[13]/a[2]"])): Object: 'Object Repository/1. Constant/xpath' is clicked on

2022-06-23 23:22:50 - [MESSAGE][PASSED] - Object: 'Object Repository/1. Constant/xpath' is clicked on

2022-06-23 23:22:50 - [TEST_STEP][PASSED] - click(findTestObject("1. Constant/xpath", ["xpath":"//*[@id="ModifFiche"]/div[1]/div/button[2]"])): Object: 'Object Repository/1. Constant/xpath' is clicked on

2022-06-23 23:22:54 - [MESSAGE][PASSED] - Object: 'Object Repository/1. Constant/xpath' is clicked on

2022-06-23 23:22:54 - [TEST_STEP][PASSED] - Lifecycle_Status11 = getText(findTestObject("1. Constant/xpath", ["xpath":"//*[@id="source_" + refID23 + ""]/td[12]/span[1]"])): Text of object 'Object Repository/1. Constant/xpath' is: 'Complete'

2022-06-23 23:22:54 - [MESSAGE][PASSED] - Text of object 'Object Repository/1. Constant/xpath' is: 'Complete'

2022-06-23 23:22:54 - [TEST_STEP][PASSED] - verifyMatch(Lifecycle_Status11, "Complete", false): Actual text 'Complete' and expected text 'Complete' are matched 

2022-06-23 23:22:54 - [MESSAGE][PASSED] - Actual text 'Complete' and expected text 'Complete' are matched 

2022-06-23 23:22:54 - [TEST_STEP][PASSED] - closeBrowser(): Browser is closed

2022-06-23 23:22:55 - [MESSAGE][PASSED] - Browser is closed

2022-06-23 23:22:55 - [TEST_STEP][PASSED] - Start listener action : sampleAfterTestCase: null]]></system-out>
         <system-err><![CDATA[]]></system-err>
      </testcase>
      <testcase name="Test Cases/19. Dreyers Support Action (Ongoing ref_completed)/19.24 Dreyers SAS Add Phase group (Ongoing ref) S31 - P24" time="416.359" classname="Test Cases/19. Dreyers Support Action (Ongoing ref_completed)/19.24 Dreyers SAS Add Phase group (Ongoing ref) S31 - P24" status="PASSED">
         <system-out><![CDATA[2022-06-23 23:22:55 - [TEST_CASE][PASSED] - Test Cases/19. Dreyers Support Action (Ongoing ref_completed)/19.24 Dreyers SAS Add Phase group (Ongoing ref) S31 - P24: Test Cases/19. Dreyers Support Action (Ongoing ref_completed)/19.24 Dreyers SAS Add Phase group (Ongoing ref) S31 - P24

2022-06-23 23:22:56 - [TEST_STEP][PASSED] - data_Dreyers = findTestData("Data Files/Username_Password/Dreyer"): null

2022-06-23 23:22:56 - [TEST_STEP][PASSED] - password_suser = data_Dreyers.getValue(2, 1): null

2022-06-23 23:22:56 - [TEST_STEP][PASSED] - password_blemco = data_Dreyers.getValue(2, 2): null

2022-06-23 23:22:56 - [TEST_STEP][PASSED] - password_nturner = data_Dreyers.getValue(2, 6): null

2022-06-23 23:22:56 - [TEST_STEP][PASSED] - data_urlRELAUTO = findTestData("Data Files/URL/URL_relauto"): null

2022-06-23 23:22:56 - [TEST_STEP][PASSED] - Url_Dreyer = data_urlRELAUTO.getValue(2, 4): null

2022-06-23 23:22:56 - [TEST_STEP][PASSED] - Project_No = I.readnotepad("D:\Upoad_File\Projet_ Login\Dreyers\19.1\19.1_Dreyers_ProjectNo.txt"): null

2022-06-23 23:22:56 - [TEST_STEP][PASSED] - refID = I.readnotepad("D:\Upoad_File\Projet_ Login\Dreyers\19.1\19.1_Dreyers_refID.txt"): null

2022-06-23 23:22:56 - [TEST_STEP][PASSED] - openBrowser(Url_Dreyer): Browser is opened with url: 'http://mdb-release.diadeis.lan/MediaboxIndependence/?MBI_datasource=RELTESTAUTO_DREYERS'

2022-06-23 23:22:56 - [MESSAGE][INFO] - Starting 'Chrome (headless)' driver

2022-06-23 23:22:56 - [MESSAGE][INFO] - User set preference: ['args', '[--window-size=1920,1080, --headless]']

2022-06-23 23:22:56 - [MESSAGE][INFO] - Action delay is set to 0 milliseconds

2022-06-23 23:23:18 - [MESSAGE][PASSED] - Browser is opened with url: 'http://mdb-release.diadeis.lan/MediaboxIndependence/?MBI_datasource=RELTESTAUTO_DREYERS'

2022-06-23 23:23:18 - [TEST_STEP][PASSED] - maximizeWindow(): Current window maximized

2022-06-23 23:23:18 - [MESSAGE][PASSED] - Current window maximized

2022-06-23 23:23:18 - [TEST_STEP][PASSED] - I.Login_password("suser", password_suser): Object: 'Object Repository/1. Constant/xpath' is clicked on

2022-06-23 23:23:20 - [MESSAGE][PASSED] - Text 'suser' is set on object 'Object Repository/1. Constant/xpath'

2022-06-23 23:23:21 - [MESSAGE][PASSED] - Delayed 1 second(s)

2022-06-23 23:23:22 - [MESSAGE][PASSED] - Text 'diadeis' is set on object 'Object Repository/1. Constant/xpath'

2022-06-23 23:23:23 - [MESSAGE][PASSED] - Delayed 1 second(s)

2022-06-23 23:23:35 - [MESSAGE][PASSED] - Object: 'Object Repository/1. Constant/xpath' is clicked on

2022-06-23 23:23:35 - [TEST_STEP][PASSED] - click(findTestObject("1. Constant/02_LHSMenu_Projects")): Object: 'Object Repository/1. Constant/02_LHSMenu_Projects' is clicked on

2022-06-23 23:23:39 - [MESSAGE][PASSED] - Object: 'Object Repository/1. Constant/02_LHSMenu_Projects' is clicked on

2022-06-23 23:23:39 - [TEST_STEP][PASSED] - I.SearchProjectNo_xpath(Project_No, "//*[@id="keynum_project"]", "//*[@id="form_filters"]/div[4]/button"): Delayed 5 second(s)

2022-06-23 23:23:40 - [MESSAGE][PASSED] - Delayed 1 second(s)

2022-06-23 23:23:42 - [MESSAGE][PASSED] - Text 'MI000883' is set on object 'Object Repository/1. Constant/xpath'

2022-06-23 23:23:45 - [MESSAGE][PASSED] - Delayed 3 second(s)

2022-06-23 23:23:45 - [MESSAGE][PASSED] - Scroll to object 'Object Repository/1. Constant/xpath' successfully

2022-06-23 23:23:52 - [MESSAGE][PASSED] - Object: 'Object Repository/1. Constant/xpath' is clicked on

2022-06-23 23:23:57 - [MESSAGE][PASSED] - Delayed 5 second(s)

2022-06-23 23:23:57 - [TEST_STEP][PASSED] - takeScreenshot(): Taking screenshot successfully

2022-06-23 23:23:59 - [MESSAGE][PASSED] - Taking screenshot successfully
[[ATTACHMENT|D:\\Projet Test Auto\\Mediabox Test Automation\\Reports\\20220623_184212\\03. Parallel Testing (Testing)\\TS -PT PART 3\\14.04 Dreyers Support Action (Ongoing _ Completed ref) - PART 4\\20220623_184236\\1656019438587.png]]

2022-06-23 23:23:59 - [TEST_STEP][PASSED] - click(findTestObject("1. Constant/xpath", ["xpath":"//*[@id="create_ref_btn"]/button"])): Object: 'Object Repository/1. Constant/xpath' is clicked on

2022-06-23 23:24:00 - [MESSAGE][PASSED] - Object: 'Object Repository/1. Constant/xpath' is clicked on

2022-06-23 23:24:00 - [TEST_STEP][PASSED] - click(findTestObject("1. Constant/xpath", ["xpath":"//*[@id="create_ref_btn"]/div/a"])): Object: 'Object Repository/1. Constant/xpath' is clicked on

2022-06-23 23:24:04 - [MESSAGE][PASSED] - Object: 'Object Repository/1. Constant/xpath' is clicked on

2022-06-23 23:24:04 - [TEST_STEP][PASSED] - delay(1): Delayed 1 second(s)

2022-06-23 23:24:05 - [MESSAGE][PASSED] - Delayed 1 second(s)

2022-06-23 23:24:05 - [TEST_STEP][PASSED] - selectOptionByValue(findTestObject("1. Constant/xpath", ["xpath":"//*[@id="lfc_tpl"]"]), "36", false): All options with value '36' are selected in object 'Object Repository/1. Constant/xpath' 

2022-06-23 23:24:06 - [MESSAGE][PASSED] - All options with value '36' are selected in object 'Object Repository/1. Constant/xpath' 

2022-06-23 23:24:06 - [TEST_STEP][PASSED] - ref_name = "P24_Auto_SAS_S31_" + RandomStringUtils.randomAlphanumeric(5) + I.gettimedate(): null

2022-06-23 23:24:06 - [TEST_STEP][PASSED] - delay(1): Delayed 1 second(s)

2022-06-23 23:24:07 - [MESSAGE][PASSED] - Delayed 1 second(s)

2022-06-23 23:24:07 - [TEST_STEP][PASSED] - setText(findTestObject("1. Constant/xpath", ["xpath":"//*[@id="var_name"]"]), ref_name): Text 'P24_Auto_SAS_S31_6OyNcjuin232022_232406' is set on object 'Object Repository/1. Constant/xpath'

2022-06-23 23:24:09 - [MESSAGE][PASSED] - Text 'P24_Auto_SAS_S31_6OyNcjuin232022_232406' is set on object 'Object Repository/1. Constant/xpath'

2022-06-23 23:24:09 - [TEST_STEP][PASSED] - takeScreenshot(): Taking screenshot successfully

2022-06-23 23:24:09 - [MESSAGE][PASSED] - Taking screenshot successfully
[[ATTACHMENT|D:\\Projet Test Auto\\Mediabox Test Automation\\Reports\\20220623_184212\\03. Parallel Testing (Testing)\\TS -PT PART 3\\14.04 Dreyers Support Action (Ongoing _ Completed ref) - PART 4\\20220623_184236\\1656019449532.png]]

2022-06-23 23:24:09 - [TEST_STEP][PASSED] - click(findTestObject("1. Constant/xpath", ["xpath":"//*[@id="createRefBottom"]"])): Object: 'Object Repository/1. Constant/xpath' is clicked on

2022-06-23 23:24:13 - [MESSAGE][PASSED] - Object: 'Object Repository/1. Constant/xpath' is clicked on

2022-06-23 23:24:13 - [TEST_STEP][PASSED] - delay(1): Delayed 1 second(s)

2022-06-23 23:24:14 - [MESSAGE][PASSED] - Delayed 1 second(s)

2022-06-23 23:24:14 - [TEST_STEP][PASSED] - takeScreenshot(): Taking screenshot successfully

2022-06-23 23:24:14 - [MESSAGE][PASSED] - Taking screenshot successfully
[[ATTACHMENT|D:\\Projet Test Auto\\Mediabox Test Automation\\Reports\\20220623_184212\\03. Parallel Testing (Testing)\\TS -PT PART 3\\14.04 Dreyers Support Action (Ongoing _ Completed ref) - PART 4\\20220623_184236\\1656019454310.png]]

2022-06-23 23:24:14 - [TEST_STEP][PASSED] - refID24 = I.RefID(): Current window's url is: 'http://mdb-release.diadeis.lan/MediaboxIndependence/Base/ExecAction?IDSession=MBI%21RELTESTAUTO_DREYERS%21XK8XKRL92MH7GT2O7DJH4B0UYCENPHX3QF720XQA&default_action=ModifierRef&id_project=MI000883&id_ref=5333&action_from=create_ref'

2022-06-23 23:24:19 - [MESSAGE][PASSED] - Delayed 5 second(s)

2022-06-23 23:24:19 - [MESSAGE][PASSED] - Current window's url is: 'http://mdb-release.diadeis.lan/MediaboxIndependence/Base/ExecAction?IDSession=MBI%21RELTESTAUTO_DREYERS%21XK8XKRL92MH7GT2O7DJH4B0UYCENPHX3QF720XQA&default_action=ModifierRef&id_project=MI000883&id_ref=5333&action_from=create_ref'

2022-06-23 23:24:19 - [TEST_STEP][PASSED] - click(findTestObject("1. Constant/xpath", ["xpath":"//*[@id="type_save"]"])): Object: 'Object Repository/1. Constant/xpath' is clicked on

2022-06-23 23:24:25 - [MESSAGE][PASSED] - Object: 'Object Repository/1. Constant/xpath' is clicked on

2022-06-23 23:24:25 - [TEST_STEP][PASSED] - takeScreenshot(): Taking screenshot successfully

2022-06-23 23:24:27 - [MESSAGE][PASSED] - Taking screenshot successfully
[[ATTACHMENT|D:\\Projet Test Auto\\Mediabox Test Automation\\Reports\\20220623_184212\\03. Parallel Testing (Testing)\\TS -PT PART 3\\14.04 Dreyers Support Action (Ongoing _ Completed ref) - PART 4\\20220623_184236\\1656019466459.png]]

2022-06-23 23:24:27 - [TEST_STEP][PASSED] - delay(1): Delayed 1 second(s)

2022-06-23 23:24:28 - [MESSAGE][PASSED] - Delayed 1 second(s)

2022-06-23 23:24:28 - [TEST_STEP][PASSED] - I.SearchRefNo_xpath("P24_Auto", "//*[@id="fiche_filter_keywords11"]", "//*[@id="form_filters"]/div[3]/button"): Delayed 5 second(s)

2022-06-23 23:24:29 - [MESSAGE][PASSED] - Delayed 1 second(s)

2022-06-23 23:24:32 - [MESSAGE][PASSED] - Text 'P24_Auto' is set on object 'Object Repository/1. Constant/xpath'

2022-06-23 23:24:35 - [MESSAGE][PASSED] - Delayed 3 second(s)

2022-06-23 23:24:37 - [MESSAGE][PASSED] - Scroll to object 'Object Repository/1. Constant/xpath' successfully

2022-06-23 23:24:41 - [MESSAGE][PASSED] - Object: 'Object Repository/1. Constant/xpath' is clicked on

2022-06-23 23:24:46 - [MESSAGE][PASSED] - Delayed 5 second(s)

2022-06-23 23:24:46 - [TEST_STEP][PASSED] - click(findTestObject("1. Constant/xpath", ["xpath":"//*[@id="source_" + refID24 + ""]/td[14]/a[3]"])): Object: 'Object Repository/1. Constant/xpath' is clicked on

2022-06-23 23:24:50 - [MESSAGE][PASSED] - Object: 'Object Repository/1. Constant/xpath' is clicked on

2022-06-23 23:24:50 - [TEST_STEP][PASSED] - click(findTestObject("1. Constant/xpath", ["xpath":"//*[@id="ModifFiche"]/div[1]/div/button[2]"])): Object: 'Object Repository/1. Constant/xpath' is clicked on

2022-06-23 23:24:55 - [MESSAGE][PASSED] - Object: 'Object Repository/1. Constant/xpath' is clicked on

2022-06-23 23:24:55 - [TEST_STEP][PASSED] - takeScreenshot(): Taking screenshot successfully

2022-06-23 23:24:55 - [MESSAGE][PASSED] - Taking screenshot successfully
[[ATTACHMENT|D:\\Projet Test Auto\\Mediabox Test Automation\\Reports\\20220623_184212\\03. Parallel Testing (Testing)\\TS -PT PART 3\\14.04 Dreyers Support Action (Ongoing _ Completed ref) - PART 4\\20220623_184236\\1656019495423.png]]

2022-06-23 23:24:55 - [TEST_STEP][PASSED] - delay(1): Delayed 1 second(s)

2022-06-23 23:24:56 - [MESSAGE][PASSED] - Delayed 1 second(s)

2022-06-23 23:24:56 - [TEST_STEP][PASSED] - click(findTestObject("1. Constant/xpath", ["xpath":"//*[@id="source_" + refID24 + ""]/td[14]/a[3]"])): Object: 'Object Repository/1. Constant/xpath' is clicked on

2022-06-23 23:25:00 - [MESSAGE][PASSED] - Object: 'Object Repository/1. Constant/xpath' is clicked on

2022-06-23 23:25:00 - [TEST_STEP][PASSED] - click(findTestObject("1. Constant/xpath", ["xpath":"//*[@id="ModifFiche"]/div[1]/div/button[2]"])): Object: 'Object Repository/1. Constant/xpath' is clicked on

2022-06-23 23:25:05 - [MESSAGE][PASSED] - Object: 'Object Repository/1. Constant/xpath' is clicked on

2022-06-23 23:25:05 - [TEST_STEP][PASSED] - takeScreenshot(): Taking screenshot successfully

2022-06-23 23:25:06 - [MESSAGE][PASSED] - Taking screenshot successfully
[[ATTACHMENT|D:\\Projet Test Auto\\Mediabox Test Automation\\Reports\\20220623_184212\\03. Parallel Testing (Testing)\\TS -PT PART 3\\14.04 Dreyers Support Action (Ongoing _ Completed ref) - PART 4\\20220623_184236\\1656019506257.png]]

2022-06-23 23:25:06 - [TEST_STEP][PASSED] - delay(1): Delayed 1 second(s)

2022-06-23 23:25:07 - [MESSAGE][PASSED] - Delayed 1 second(s)

2022-06-23 23:25:07 - [TEST_STEP][PASSED] - color1 = getCSSValue(findTestObject("1. Constant/xpath", ["xpath":"//*[@id="source_" + refID24 + ""]/td[14]/a[2]"]), "color", OPTIONAL): Get CSS 'color' value on 'Object Repository/1. Constant/xpath' successfully: 'rgba(255, 255, 255, 1)'.

2022-06-23 23:25:08 - [MESSAGE][PASSED] - Get CSS 'color' value on 'Object Repository/1. Constant/xpath' successfully: 'rgba(255, 255, 255, 1)'.

2022-06-23 23:25:08 - [TEST_STEP][PASSED] - while (color1 == "rgba(255, 255, 255, 1)"): Get CSS 'color' value on 'Object Repository/1. Constant/xpath' successfully: 'rgba(54, 153, 255, 1)'.

2022-06-23 23:25:08 - [TEST_STEP][PASSED] - click(findTestObject("1. Constant/xpath", ["xpath":"//*[@id="source_" + refID24 + ""]/td[14]/a[2]"])): Object: 'Object Repository/1. Constant/xpath' is clicked on

2022-06-23 23:25:10 - [MESSAGE][PASSED] - Object: 'Object Repository/1. Constant/xpath' is clicked on

2022-06-23 23:25:10 - [TEST_STEP][PASSED] - I.UploadDoc_sendkey_Prod(findTestObject("1. Constant/xpath", ["xpath":"//*[@id="kt_body"]/input[2]"]), "D:\Upoad_File\Upload doc\testdata1.pdf", "testdata1"): Delayed 5 second(s)

2022-06-23 23:25:10 - [MESSAGE][PASSED] - Scroll to object 'Object Repository/1. Constant/xpath' successfully

2022-06-23 23:25:15 - [MESSAGE][PASSED] - Delayed 5 second(s)

2022-06-23 23:25:15 - [MESSAGE][PASSED] - File 'D:\Upoad_File\Upload doc\testdata1.pdf' sent to object: 'Object Repository/1. Constant/xpath'

2022-06-23 23:25:20 - [MESSAGE][PASSED] - Delayed 5 second(s)

2022-06-23 23:25:22 - [MESSAGE][PASSED] - Text 'testdata1' is present on page 

2022-06-23 23:25:27 - [MESSAGE][PASSED] - Delayed 5 second(s)

2022-06-23 23:25:32 - [MESSAGE][PASSED] - Delayed 5 second(s)

2022-06-23 23:25:32 - [TEST_STEP][PASSED] - takeScreenshot(): Taking screenshot successfully

2022-06-23 23:25:33 - [MESSAGE][PASSED] - Taking screenshot successfully
[[ATTACHMENT|D:\\Projet Test Auto\\Mediabox Test Automation\\Reports\\20220623_184212\\03. Parallel Testing (Testing)\\TS -PT PART 3\\14.04 Dreyers Support Action (Ongoing _ Completed ref) - PART 4\\20220623_184236\\1656019532822.png]]

2022-06-23 23:25:33 - [TEST_STEP][PASSED] - delay(10): Delayed 10 second(s)

2022-06-23 23:25:43 - [MESSAGE][PASSED] - Delayed 10 second(s)

2022-06-23 23:25:43 - [TEST_STEP][PASSED] - click(findTestObject("HL Full Lifecycle/12 ReferncePage_Button_Updatensenddoc")): Object: 'Object Repository/HL Full Lifecycle/12 ReferncePage_Button_Updatensenddoc' is clicked on

2022-06-23 23:25:49 - [MESSAGE][PASSED] - Object: 'Object Repository/HL Full Lifecycle/12 ReferncePage_Button_Updatensenddoc' is clicked on

2022-06-23 23:25:49 - [TEST_STEP][PASSED] - delay(5): Delayed 5 second(s)

2022-06-23 23:25:54 - [MESSAGE][PASSED] - Delayed 5 second(s)

2022-06-23 23:25:54 - [TEST_STEP][PASSED] - color1 = getCSSValue(findTestObject("1. Constant/xpath", ["xpath":"//*[@id="source_" + refID24 + ""]/td[14]/a[2]"]), "color", OPTIONAL): Get CSS 'color' value on 'Object Repository/1. Constant/xpath' successfully: 'rgba(54, 153, 255, 1)'.

2022-06-23 23:25:54 - [MESSAGE][PASSED] - Get CSS 'color' value on 'Object Repository/1. Constant/xpath' successfully: 'rgba(54, 153, 255, 1)'.

2022-06-23 23:25:54 - [TEST_STEP][PASSED] - takeScreenshot(): Taking screenshot successfully

2022-06-23 23:25:55 - [MESSAGE][PASSED] - Taking screenshot successfully
[[ATTACHMENT|D:\\Projet Test Auto\\Mediabox Test Automation\\Reports\\20220623_184212\\03. Parallel Testing (Testing)\\TS -PT PART 3\\14.04 Dreyers Support Action (Ongoing _ Completed ref) - PART 4\\20220623_184236\\1656019554333.png]]

2022-06-23 23:25:55 - [TEST_STEP][PASSED] - click(findTestObject("1. Constant/xpath", ["xpath":"//*[@id="source_" + refID24 + ""]/td[6]/a"])): Object: 'Object Repository/1. Constant/xpath' is clicked on

2022-06-23 23:26:02 - [MESSAGE][PASSED] - Object: 'Object Repository/1. Constant/xpath' is clicked on

2022-06-23 23:26:02 - [TEST_STEP][PASSED] - takeScreenshot(): Taking screenshot successfully

2022-06-23 23:26:04 - [MESSAGE][PASSED] - Taking screenshot successfully
[[ATTACHMENT|D:\\Projet Test Auto\\Mediabox Test Automation\\Reports\\20220623_184212\\03. Parallel Testing (Testing)\\TS -PT PART 3\\14.04 Dreyers Support Action (Ongoing _ Completed ref) - PART 4\\20220623_184236\\1656019564012.png]]

2022-06-23 23:26:04 - [TEST_STEP][PASSED] - delay(1): Delayed 1 second(s)

2022-06-23 23:26:05 - [MESSAGE][PASSED] - Delayed 1 second(s)

2022-06-23 23:26:05 - [TEST_STEP][PASSED] - I.Approveforothers("/html/body/div[1]/div[2]/div[8]/div[3]/div/div[3]/div[2]/div/div[3]/div/div[2]/div[1]/div/div[2]/div/div[2]/div[2]/div/div/div[1]/img", "/html/body/div[1]/div[2]/div[8]/div[3]/div/div[3]/div[2]/div/div[3]/div/div[2]/div[1]/div/div[2]/div/div[2]/div[2]/div/div/div[6]/a[2]/span"): Object: 'Object Repository/1. Constant/xpath' is clicked on

2022-06-23 23:26:07 - [MESSAGE][PASSED] - Object: 'Object Repository/1. Constant/xpath' is clicked on

2022-06-23 23:26:08 - [MESSAGE][PASSED] - Delayed 1 second(s)

2022-06-23 23:26:09 - [MESSAGE][PASSED] - Object: 'Object Repository/1. Constant/xpath' is clicked on

2022-06-23 23:26:10 - [MESSAGE][PASSED] - Delayed 1 second(s)

2022-06-23 23:26:11 - [MESSAGE][PASSED] - Object: 'Object Repository/1. Constant/xpath' is hovered

2022-06-23 23:26:12 - [MESSAGE][PASSED] - Object: 'Object Repository/1. Constant/xpath' is clicked on

2022-06-23 23:26:13 - [MESSAGE][PASSED] - Delayed 1 second(s)

2022-06-23 23:26:17 - [MESSAGE][PASSED] - Object: 'Object Repository/1. Constant/xpath' is clicked on

2022-06-23 23:26:17 - [TEST_STEP][PASSED] - delay(1): Delayed 1 second(s)

2022-06-23 23:26:18 - [MESSAGE][PASSED] - Delayed 1 second(s)

2022-06-23 23:26:18 - [TEST_STEP][PASSED] - click(findTestObject("1. Constant/xpath", ["xpath":"//*[@id="kt_subheader"]/div/nav/ol/li[2]/a"])): Object: 'Object Repository/1. Constant/xpath' is clicked on

2022-06-23 23:26:20 - [MESSAGE][PASSED] - Object: 'Object Repository/1. Constant/xpath' is clicked on

2022-06-23 23:26:20 - [TEST_STEP][PASSED] - delay(1): Delayed 1 second(s)

2022-06-23 23:26:21 - [MESSAGE][PASSED] - Delayed 1 second(s)

2022-06-23 23:26:21 - [TEST_STEP][PASSED] - I.submitquesiton_ref(findTestObject("1. Constant/xpath", ["xpath":"//*[@id="source_" + refID24 + ""]/td[14]/div[1]/button"]), findTestObject("1. Constant/xpath", ["xpath":"//*[@id="source_" + refID24 + ""]/td[14]/div[1]/div/a[1]"])): Object: 'Object Repository/1. Constant/xpath' is clicked on

2022-06-23 23:26:22 - [MESSAGE][PASSED] - Object: 'Object Repository/1. Constant/xpath' is clicked on

2022-06-23 23:26:25 - [MESSAGE][PASSED] - Delayed 3 second(s)

2022-06-23 23:26:27 - [MESSAGE][PASSED] - Object: 'Object Repository/1. Constant/xpath' is clicked on

2022-06-23 23:26:27 - [TEST_STEP][PASSED] - click(findTestObject("1. Constant/xpath", ["xpath":"//*[@id="ModifFiche"]/div[1]/div/button[2]"])): Object: 'Object Repository/1. Constant/xpath' is clicked on

2022-06-23 23:26:34 - [MESSAGE][PASSED] - Object: 'Object Repository/1. Constant/xpath' is clicked on

2022-06-23 23:26:34 - [TEST_STEP][PASSED] - takeScreenshot(): Taking screenshot successfully

2022-06-23 23:26:34 - [MESSAGE][PASSED] - Taking screenshot successfully
[[ATTACHMENT|D:\\Projet Test Auto\\Mediabox Test Automation\\Reports\\20220623_184212\\03. Parallel Testing (Testing)\\TS -PT PART 3\\14.04 Dreyers Support Action (Ongoing _ Completed ref) - PART 4\\20220623_184236\\1656019594432.png]]

2022-06-23 23:26:34 - [TEST_STEP][PASSED] - I.submitquesiton_ref(findTestObject("1. Constant/xpath", ["xpath":"//*[@id="source_" + refID24 + ""]/td[14]/div[1]/button"]), findTestObject("1. Constant/xpath", ["xpath":"//*[@id="source_" + refID24 + ""]/td[14]/div[1]/div/a[1]"])): Object: 'Object Repository/1. Constant/xpath' is clicked on

2022-06-23 23:26:36 - [MESSAGE][PASSED] - Object: 'Object Repository/1. Constant/xpath' is clicked on

2022-06-23 23:26:39 - [MESSAGE][PASSED] - Delayed 3 second(s)

2022-06-23 23:26:41 - [MESSAGE][PASSED] - Object: 'Object Repository/1. Constant/xpath' is clicked on

2022-06-23 23:26:41 - [TEST_STEP][PASSED] - click(findTestObject("1. Constant/xpath", ["xpath":"//*[@id="ModifFiche"]/div[1]/div/button[2]"])): Object: 'Object Repository/1. Constant/xpath' is clicked on

2022-06-23 23:26:45 - [MESSAGE][PASSED] - Object: 'Object Repository/1. Constant/xpath' is clicked on

2022-06-23 23:26:45 - [TEST_STEP][PASSED] - takeScreenshot(): Taking screenshot successfully

2022-06-23 23:26:46 - [MESSAGE][PASSED] - Taking screenshot successfully
[[ATTACHMENT|D:\\Projet Test Auto\\Mediabox Test Automation\\Reports\\20220623_184212\\03. Parallel Testing (Testing)\\TS -PT PART 3\\14.04 Dreyers Support Action (Ongoing _ Completed ref) - PART 4\\20220623_184236\\1656019605927.png]]

2022-06-23 23:26:46 - [TEST_STEP][PASSED] - click(findTestObject("1. Constant/xpath", ["xpath":"//*[@id="source_" + refID24 + ""]/td[14]/a[3]"])): Object: 'Object Repository/1. Constant/xpath' is clicked on

2022-06-23 23:26:48 - [MESSAGE][PASSED] - Object: 'Object Repository/1. Constant/xpath' is clicked on

2022-06-23 23:26:48 - [TEST_STEP][PASSED] - click(findTestObject("1. Constant/xpath", ["xpath":"//*[@id="ModifFiche"]/div[1]/div/button[2]"])): Object: 'Object Repository/1. Constant/xpath' is clicked on

2022-06-23 23:26:53 - [MESSAGE][PASSED] - Object: 'Object Repository/1. Constant/xpath' is clicked on

2022-06-23 23:26:53 - [TEST_STEP][PASSED] - takeScreenshot(): Taking screenshot successfully

2022-06-23 23:26:54 - [MESSAGE][PASSED] - Taking screenshot successfully
[[ATTACHMENT|D:\\Projet Test Auto\\Mediabox Test Automation\\Reports\\20220623_184212\\03. Parallel Testing (Testing)\\TS -PT PART 3\\14.04 Dreyers Support Action (Ongoing _ Completed ref) - PART 4\\20220623_184236\\1656019613947.png]]

2022-06-23 23:26:54 - [TEST_STEP][PASSED] - click(findTestObject("1. Constant/xpath", ["xpath":"//*[@id="source_" + refID24 + ""]/td[14]/div[1]/button"])): Object: 'Object Repository/1. Constant/xpath' is clicked on

2022-06-23 23:26:54 - [MESSAGE][PASSED] - Object: 'Object Repository/1. Constant/xpath' is clicked on

2022-06-23 23:26:54 - [TEST_STEP][PASSED] - delay(1): Delayed 1 second(s)

2022-06-23 23:26:55 - [MESSAGE][PASSED] - Delayed 1 second(s)

2022-06-23 23:26:55 - [TEST_STEP][PASSED] - x = 20: null

2022-06-23 23:26:55 - [TEST_STEP][PASSED] - i = 1: null

2022-06-23 23:26:55 - [TEST_STEP][PASSED] - while (i <= x): null

2022-06-23 23:26:55 - [TEST_STEP][PASSED] - Expected_SAS_Selected = "SAS S31: Skip Phase 3.5/Add Phase Group SA/ Skip to Phase 1.1": null

2022-06-23 23:26:55 - [TEST_STEP][PASSED] - xpath_SAS = "//*[@id="source_" + refID24 + ""]/td[14]/div[1]/div/a[" + i + "]": null

2022-06-23 23:26:55 - [TEST_STEP][PASSED] - Actual_SAS = getText(findTestObject("1. Constant/xpath", ["xpath":xpath_SAS])): Text of object 'Object Repository/1. Constant/xpath' is: 'SAS: S6 - Add Steps C'

2022-06-23 23:26:56 - [MESSAGE][PASSED] - Text of object 'Object Repository/1. Constant/xpath' is: 'SAS: S6 - Add Steps C'

2022-06-23 23:26:56 - [TEST_STEP][PASSED] - I.print(i): null

2022-06-23 23:26:56 - [TEST_STEP][PASSED] - if (Actual_SAS.contains(Expected_SAS_Selected)): null

2022-06-23 23:26:56 - [TEST_STEP][PASSED] - i = i + 1: null

2022-06-23 23:26:56 - [TEST_STEP][PASSED] - Expected_SAS_Selected = "SAS S31: Skip Phase 3.5/Add Phase Group SA/ Skip to Phase 1.1": null

2022-06-23 23:26:56 - [TEST_STEP][PASSED] - xpath_SAS = "//*[@id="source_" + refID24 + ""]/td[14]/div[1]/div/a[" + i + "]": null

2022-06-23 23:26:56 - [TEST_STEP][PASSED] - Actual_SAS = getText(findTestObject("1. Constant/xpath", ["xpath":xpath_SAS])): Text of object 'Object Repository/1. Constant/xpath' is: 'SAS S14 - Add Step group (SAS Lifecycle - SAS Step C)'

2022-06-23 23:26:57 - [MESSAGE][PASSED] - Text of object 'Object Repository/1. Constant/xpath' is: 'SAS S14 - Add Step group (SAS Lifecycle - SAS Step C)'

2022-06-23 23:26:57 - [TEST_STEP][PASSED] - I.print(i): null

2022-06-23 23:26:57 - [TEST_STEP][PASSED] - if (Actual_SAS.contains(Expected_SAS_Selected)): null

2022-06-23 23:26:57 - [TEST_STEP][PASSED] - i = i + 1: null

2022-06-23 23:26:57 - [TEST_STEP][PASSED] - Expected_SAS_Selected = "SAS S31: Skip Phase 3.5/Add Phase Group SA/ Skip to Phase 1.1": null

2022-06-23 23:26:57 - [TEST_STEP][PASSED] - xpath_SAS = "//*[@id="source_" + refID24 + ""]/td[14]/div[1]/div/a[" + i + "]": null

2022-06-23 23:26:57 - [TEST_STEP][PASSED] - Actual_SAS = getText(findTestObject("1. Constant/xpath", ["xpath":xpath_SAS])): Text of object 'Object Repository/1. Constant/xpath' is: 'SAS: S15 - Add Step Group A & C'

2022-06-23 23:26:57 - [MESSAGE][PASSED] - Text of object 'Object Repository/1. Constant/xpath' is: 'SAS: S15 - Add Step Group A & C'

2022-06-23 23:26:57 - [TEST_STEP][PASSED] - I.print(i): null

2022-06-23 23:26:57 - [TEST_STEP][PASSED] - if (Actual_SAS.contains(Expected_SAS_Selected)): null

2022-06-23 23:26:57 - [TEST_STEP][PASSED] - i = i + 1: null

2022-06-23 23:26:57 - [TEST_STEP][PASSED] - Expected_SAS_Selected = "SAS S31: Skip Phase 3.5/Add Phase Group SA/ Skip to Phase 1.1": null

2022-06-23 23:26:57 - [TEST_STEP][PASSED] - xpath_SAS = "//*[@id="source_" + refID24 + ""]/td[14]/div[1]/div/a[" + i + "]": null

2022-06-23 23:26:57 - [TEST_STEP][PASSED] - Actual_SAS = getText(findTestObject("1. Constant/xpath", ["xpath":xpath_SAS])): Text of object 'Object Repository/1. Constant/xpath' is: 'SAS S27: Add PG Step C/ Skip P3.1'

2022-06-23 23:26:58 - [MESSAGE][PASSED] - Text of object 'Object Repository/1. Constant/xpath' is: 'SAS S27: Add PG Step C/ Skip P3.1'

2022-06-23 23:26:58 - [TEST_STEP][PASSED] - I.print(i): null

2022-06-23 23:26:58 - [TEST_STEP][PASSED] - if (Actual_SAS.contains(Expected_SAS_Selected)): null

2022-06-23 23:26:58 - [TEST_STEP][PASSED] - i = i + 1: null

2022-06-23 23:26:58 - [TEST_STEP][PASSED] - Expected_SAS_Selected = "SAS S31: Skip Phase 3.5/Add Phase Group SA/ Skip to Phase 1.1": null

2022-06-23 23:26:58 - [TEST_STEP][PASSED] - xpath_SAS = "//*[@id="source_" + refID24 + ""]/td[14]/div[1]/div/a[" + i + "]": null

2022-06-23 23:26:58 - [TEST_STEP][PASSED] - Actual_SAS = getText(findTestObject("1. Constant/xpath", ["xpath":xpath_SAS])): Text of object 'Object Repository/1. Constant/xpath' is: 'SAS S28: Skip P3.4/Add PG Step C/ Skip P3.1'

2022-06-23 23:26:58 - [MESSAGE][PASSED] - Text of object 'Object Repository/1. Constant/xpath' is: 'SAS S28: Skip P3.4/Add PG Step C/ Skip P3.1'

2022-06-23 23:26:58 - [TEST_STEP][PASSED] - I.print(i): null

2022-06-23 23:26:58 - [TEST_STEP][PASSED] - if (Actual_SAS.contains(Expected_SAS_Selected)): null

2022-06-23 23:26:58 - [TEST_STEP][PASSED] - i = i + 1: null

2022-06-23 23:26:58 - [TEST_STEP][PASSED] - Expected_SAS_Selected = "SAS S31: Skip Phase 3.5/Add Phase Group SA/ Skip to Phase 1.1": null

2022-06-23 23:26:58 - [TEST_STEP][PASSED] - xpath_SAS = "//*[@id="source_" + refID24 + ""]/td[14]/div[1]/div/a[" + i + "]": null

2022-06-23 23:26:58 - [TEST_STEP][PASSED] - Actual_SAS = getText(findTestObject("1. Constant/xpath", ["xpath":xpath_SAS])): Text of object 'Object Repository/1. Constant/xpath' is: 'SAS S29: Add Step C / Skip P3.1'

2022-06-23 23:26:59 - [MESSAGE][PASSED] - Text of object 'Object Repository/1. Constant/xpath' is: 'SAS S29: Add Step C / Skip P3.1'

2022-06-23 23:26:59 - [TEST_STEP][PASSED] - I.print(i): null

2022-06-23 23:26:59 - [TEST_STEP][PASSED] - if (Actual_SAS.contains(Expected_SAS_Selected)): null

2022-06-23 23:26:59 - [TEST_STEP][PASSED] - i = i + 1: null

2022-06-23 23:26:59 - [TEST_STEP][PASSED] - Expected_SAS_Selected = "SAS S31: Skip Phase 3.5/Add Phase Group SA/ Skip to Phase 1.1": null

2022-06-23 23:26:59 - [TEST_STEP][PASSED] - xpath_SAS = "//*[@id="source_" + refID24 + ""]/td[14]/div[1]/div/a[" + i + "]": null

2022-06-23 23:26:59 - [TEST_STEP][PASSED] - Actual_SAS = getText(findTestObject("1. Constant/xpath", ["xpath":xpath_SAS])): Text of object 'Object Repository/1. Constant/xpath' is: 'SAS S31: Skip Phase 3.5/Add Phase Group SA/ Skip to Phase 1.1'

2022-06-23 23:27:00 - [MESSAGE][PASSED] - Text of object 'Object Repository/1. Constant/xpath' is: 'SAS S31: Skip Phase 3.5/Add Phase Group SA/ Skip to Phase 1.1'

2022-06-23 23:27:00 - [TEST_STEP][PASSED] - I.print(i): null

2022-06-23 23:27:00 - [TEST_STEP][PASSED] - if (Actual_SAS.contains(Expected_SAS_Selected)): null

2022-06-23 23:27:00 - [TEST_STEP][PASSED] - click(findTestObject("1. Constant/xpath", ["xpath":xpath_SAS])): Object: 'Object Repository/1. Constant/xpath' is clicked on

2022-06-23 23:27:01 - [MESSAGE][PASSED] - Object: 'Object Repository/1. Constant/xpath' is clicked on

2022-06-23 23:27:01 - [TEST_STEP][PASSED] - break: null

2022-06-23 23:27:01 - [TEST_STEP][PASSED] - takeScreenshot(): Taking screenshot successfully

2022-06-23 23:27:02 - [MESSAGE][PASSED] - Taking screenshot successfully
[[ATTACHMENT|D:\\Projet Test Auto\\Mediabox Test Automation\\Reports\\20220623_184212\\03. Parallel Testing (Testing)\\TS -PT PART 3\\14.04 Dreyers Support Action (Ongoing _ Completed ref) - PART 4\\20220623_184236\\1656019621951.png]]

2022-06-23 23:27:02 - [TEST_STEP][PASSED] - delay(1): Delayed 1 second(s)

2022-06-23 23:27:03 - [MESSAGE][PASSED] - Delayed 1 second(s)

2022-06-23 23:27:03 - [TEST_STEP][PASSED] - takeScreenshot(): Taking screenshot successfully

2022-06-23 23:27:04 - [MESSAGE][PASSED] - Taking screenshot successfully
[[ATTACHMENT|D:\\Projet Test Auto\\Mediabox Test Automation\\Reports\\20220623_184212\\03. Parallel Testing (Testing)\\TS -PT PART 3\\14.04 Dreyers Support Action (Ongoing _ Completed ref) - PART 4\\20220623_184236\\1656019623898.png]]

2022-06-23 23:27:04 - [TEST_STEP][PASSED] - click(findTestObject("1. Constant/xpath", ["xpath":"//*[@id="confirmSupportActionShortcut"]"])): Object: 'Object Repository/1. Constant/xpath' is clicked on

2022-06-23 23:27:07 - [MESSAGE][PASSED] - Object: 'Object Repository/1. Constant/xpath' is clicked on

2022-06-23 23:27:07 - [TEST_STEP][PASSED] - takeScreenshot(): Taking screenshot successfully

2022-06-23 23:27:08 - [MESSAGE][PASSED] - Taking screenshot successfully
[[ATTACHMENT|D:\\Projet Test Auto\\Mediabox Test Automation\\Reports\\20220623_184212\\03. Parallel Testing (Testing)\\TS -PT PART 3\\14.04 Dreyers Support Action (Ongoing _ Completed ref) - PART 4\\20220623_184236\\1656019628164.png]]

2022-06-23 23:27:08 - [TEST_STEP][PASSED] - click(findTestObject("1. Constant/xpath", ["xpath":"//*[@id="kt_content"]/div[3]/div/ul/li[3]/a"])): Object: 'Object Repository/1. Constant/xpath' is clicked on

2022-06-23 23:27:11 - [MESSAGE][PASSED] - Object: 'Object Repository/1. Constant/xpath' is clicked on

2022-06-23 23:27:11 - [TEST_STEP][PASSED] - takeScreenshot(): Taking screenshot successfully

2022-06-23 23:27:11 - [MESSAGE][PASSED] - Taking screenshot successfully
[[ATTACHMENT|D:\\Projet Test Auto\\Mediabox Test Automation\\Reports\\20220623_184212\\03. Parallel Testing (Testing)\\TS -PT PART 3\\14.04 Dreyers Support Action (Ongoing _ Completed ref) - PART 4\\20220623_184236\\1656019631502.png]]

2022-06-23 23:27:11 - [TEST_STEP][PASSED] - StepA_1 = getAttribute(findTestObject("1. Constant/xpath", ["xpath":"/html/body/div[1]/div[2]/div[8]/div[3]/div/div[3]/div[3]/div/ul/li[4]/a"]), "class"): Attribute 'class' of object 'Object Repository/1. Constant/xpath' is: 'nav-link timeline-badge badge-xl  bg-pending active'

2022-06-23 23:27:12 - [MESSAGE][PASSED] - Attribute 'class' of object 'Object Repository/1. Constant/xpath' is: 'nav-link timeline-badge badge-xl  bg-pending active'

2022-06-23 23:27:12 - [TEST_STEP][PASSED] - verifyMatch(StepA_1, "nav-link timeline-badge badge-xl  bg-pending active", false): Actual text 'nav-link timeline-badge badge-xl  bg-pending active' and expected text 'nav-link timeline-badge badge-xl  bg-pending active' are matched 

2022-06-23 23:27:12 - [MESSAGE][PASSED] - Actual text 'nav-link timeline-badge badge-xl  bg-pending active' and expected text 'nav-link timeline-badge badge-xl  bg-pending active' are matched 

2022-06-23 23:27:12 - [TEST_STEP][PASSED] - StepA_11 = I.Get_Stepname("/html/body/div[1]/div[2]/div[8]/div[3]/div/div[3]/div[3]/div/ul/li[4]/a"): Attribute 'href' of object 'Object Repository/1. Constant/xpath' is: 'http://mdb-release.diadeis.lan/MediaboxIndependence/Base/ExecAction?action=VoirRef&IDSession=MBI!RELTESTAUTO_DREYERS!XK8XKRL92MH7GT2O7DJH4B0UYCENPHX3QF720XQA&num=I4SFRFLUD6&id_ref=5333#tab_lifecycle_SASStepA_12371'

2022-06-23 23:27:17 - [MESSAGE][PASSED] - Delayed 5 second(s)

2022-06-23 23:27:17 - [MESSAGE][PASSED] - Attribute 'href' of object 'Object Repository/1. Constant/xpath' is: 'http://mdb-release.diadeis.lan/MediaboxIndependence/Base/ExecAction?action=VoirRef&IDSession=MBI!RELTESTAUTO_DREYERS!XK8XKRL92MH7GT2O7DJH4B0UYCENPHX3QF720XQA&num=I4SFRFLUD6&id_ref=5333#tab_lifecycle_SASStepA_12371'

2022-06-23 23:27:17 - [TEST_STEP][PASSED] - verifyMatch(StepA_11, "SASStepA", false): Actual text 'SASStepA' and expected text 'SASStepA' are matched 

2022-06-23 23:27:17 - [MESSAGE][PASSED] - Actual text 'SASStepA' and expected text 'SASStepA' are matched 

2022-06-23 23:27:17 - [TEST_STEP][PASSED] - StepA_4 = getText(findTestObject("1. Constant/xpath", ["xpath":"/html/body/div[1]/div[2]/div[8]/div[3]/div/div[3]/div[3]/div/div/div[4]/div/div[1]/div/div[1]/div[1]/h3"])): Text of object 'Object Repository/1. Constant/xpath' is: 'Phase 1.1 [Standard]'

2022-06-23 23:27:17 - [MESSAGE][PASSED] - Text of object 'Object Repository/1. Constant/xpath' is: 'Phase 1.1 [Standard]'

2022-06-23 23:27:17 - [TEST_STEP][PASSED] - verifyMatch(StepA_4, "Phase 1.1 [Standard]", false): Actual text 'Phase 1.1 [Standard]' and expected text 'Phase 1.1 [Standard]' are matched 

2022-06-23 23:27:17 - [MESSAGE][PASSED] - Actual text 'Phase 1.1 [Standard]' and expected text 'Phase 1.1 [Standard]' are matched 

2022-06-23 23:27:17 - [TEST_STEP][PASSED] - Started_StepAP1_1 = getText(findTestObject("1. Constant/xpath", ["xpath":"/html/body/div[1]/div[2]/div[8]/div[3]/div/div[3]/div[3]/div/div/div[4]/div/div[1]/div/div[2]/div[1]"])): Text of object 'Object Repository/1. Constant/xpath' is: 'Started 06/23/22 05:27 PM'

2022-06-23 23:27:18 - [MESSAGE][PASSED] - Text of object 'Object Repository/1. Constant/xpath' is: 'Started 06/23/22 05:27 PM'

2022-06-23 23:27:18 - [TEST_STEP][PASSED] - if (Started_StepAP1_1.contains("Started")): Actual object '1' and expected object '1' are equal

2022-06-23 23:27:18 - [TEST_STEP][PASSED] - verifyEqual(1, 1): Actual object '1' and expected object '1' are equal

2022-06-23 23:27:18 - [MESSAGE][PASSED] - Actual object '1' and expected object '1' are equal

2022-06-23 23:27:18 - [TEST_STEP][PASSED] - verifyElementNotPresent(findTestObject("1. Constant/xpath", ["xpath":"/html/body/div[1]/div[2]/div[8]/div[3]/div/div[3]/div[3]/div/ul/li[5]/a"]), 10): Web element with id: 'Object Repository/1. Constant/xpath' located by 'By.xpath: /html/body/div[1]/div[2]/div[8]/div[3]/div/div[3]/div[3]/div/ul/li[5]/a' is not present after '10' second(s)

2022-06-23 23:27:18 - [MESSAGE][PASSED] - Web element with id: 'Object Repository/1. Constant/xpath' located by 'By.xpath: /html/body/div[1]/div[2]/div[8]/div[3]/div/div[3]/div[3]/div/ul/li[5]/a' is not present after '10' second(s)

2022-06-23 23:27:18 - [TEST_STEP][PASSED] - click(findTestObject("1. Constant/xpath", ["xpath":"/html/body/div[1]/div[2]/div[8]/div[2]/div/nav/ol/li[2]/a"])): Object: 'Object Repository/1. Constant/xpath' is clicked on

2022-06-23 23:27:21 - [MESSAGE][PASSED] - Object: 'Object Repository/1. Constant/xpath' is clicked on

2022-06-23 23:27:21 - [TEST_STEP][PASSED] - Lifecycle_Status1 = getText(findTestObject("1. Constant/xpath", ["xpath":"//*[@id="source_" + refID24 + ""]/td[11]/span[1]"])): Text of object 'Object Repository/1. Constant/xpath' is: 'Phase 1.1 [Standard]'

2022-06-23 23:27:21 - [MESSAGE][PASSED] - Text of object 'Object Repository/1. Constant/xpath' is: 'Phase 1.1 [Standard]'

2022-06-23 23:27:21 - [TEST_STEP][PASSED] - verifyMatch(Lifecycle_Status1, "Phase 1.1 [Standard]", false): Actual text 'Phase 1.1 [Standard]' and expected text 'Phase 1.1 [Standard]' are matched 

2022-06-23 23:27:21 - [MESSAGE][PASSED] - Actual text 'Phase 1.1 [Standard]' and expected text 'Phase 1.1 [Standard]' are matched 

2022-06-23 23:27:21 - [TEST_STEP][PASSED] - I.Logout(): Delayed 3 second(s)

2022-06-23 23:27:24 - [MESSAGE][PASSED] - Delayed 3 second(s)

2022-06-23 23:27:25 - [MESSAGE][PASSED] - Object: 'Object Repository/1. Constant/xpath' is clicked on

2022-06-23 23:27:28 - [MESSAGE][PASSED] - Delayed 3 second(s)

2022-06-23 23:27:31 - [MESSAGE][PASSED] - Object: 'Object Repository/1. Constant/xpath' is clicked on

2022-06-23 23:27:34 - [MESSAGE][PASSED] - Delayed 3 second(s)

2022-06-23 23:27:34 - [TEST_STEP][PASSED] - I.Login_password("blemco", password_blemco): Object: 'Object Repository/1. Constant/xpath' is clicked on

2022-06-23 23:27:37 - [MESSAGE][PASSED] - Text 'blemco' is set on object 'Object Repository/1. Constant/xpath'

2022-06-23 23:27:38 - [MESSAGE][PASSED] - Delayed 1 second(s)

2022-06-23 23:27:40 - [MESSAGE][PASSED] - Text 'diadeis1' is set on object 'Object Repository/1. Constant/xpath'

2022-06-23 23:27:41 - [MESSAGE][PASSED] - Delayed 1 second(s)

2022-06-23 23:27:47 - [MESSAGE][PASSED] - Object: 'Object Repository/1. Constant/xpath' is clicked on

2022-06-23 23:27:47 - [TEST_STEP][PASSED] - takeScreenshot(): Taking screenshot successfully

2022-06-23 23:27:49 - [MESSAGE][PASSED] - Taking screenshot successfully
[[ATTACHMENT|D:\\Projet Test Auto\\Mediabox Test Automation\\Reports\\20220623_184212\\03. Parallel Testing (Testing)\\TS -PT PART 3\\14.04 Dreyers Support Action (Ongoing _ Completed ref) - PART 4\\20220623_184236\\1656019668425.png]]

2022-06-23 23:27:49 - [TEST_STEP][PASSED] - click(findTestObject("1. Constant/02_LHSMenu_Projects")): Object: 'Object Repository/1. Constant/02_LHSMenu_Projects' is clicked on

2022-06-23 23:27:53 - [MESSAGE][PASSED] - Object: 'Object Repository/1. Constant/02_LHSMenu_Projects' is clicked on

2022-06-23 23:27:53 - [TEST_STEP][PASSED] - I.SearchProjectNo_xpath(Project_No, "//*[@id="keynum_project"]", "//*[@id="form_filters"]/div[4]/button"): Delayed 5 second(s)

2022-06-23 23:27:54 - [MESSAGE][PASSED] - Delayed 1 second(s)

2022-06-23 23:27:54 - [MESSAGE][PASSED] - Text 'MI000883' is set on object 'Object Repository/1. Constant/xpath'

2022-06-23 23:27:57 - [MESSAGE][PASSED] - Delayed 3 second(s)

2022-06-23 23:27:58 - [MESSAGE][PASSED] - Scroll to object 'Object Repository/1. Constant/xpath' successfully

2022-06-23 23:28:04 - [MESSAGE][PASSED] - Object: 'Object Repository/1. Constant/xpath' is clicked on

2022-06-23 23:28:09 - [MESSAGE][PASSED] - Delayed 5 second(s)

2022-06-23 23:28:09 - [TEST_STEP][PASSED] - takeScreenshot(): Taking screenshot successfully

2022-06-23 23:28:10 - [MESSAGE][PASSED] - Taking screenshot successfully
[[ATTACHMENT|D:\\Projet Test Auto\\Mediabox Test Automation\\Reports\\20220623_184212\\03. Parallel Testing (Testing)\\TS -PT PART 3\\14.04 Dreyers Support Action (Ongoing _ Completed ref) - PART 4\\20220623_184236\\1656019689908.png]]

2022-06-23 23:28:10 - [TEST_STEP][PASSED] - I.SearchRefNo_xpath("P24_Auto", "//*[@id="fiche_filter_keywords11"]", "//*[@id="form_filters"]/div[3]/button"): Delayed 5 second(s)

2022-06-23 23:28:11 - [MESSAGE][PASSED] - Delayed 1 second(s)

2022-06-23 23:28:12 - [MESSAGE][PASSED] - Text 'P24_Auto' is set on object 'Object Repository/1. Constant/xpath'

2022-06-23 23:28:15 - [MESSAGE][PASSED] - Delayed 3 second(s)

2022-06-23 23:28:17 - [MESSAGE][PASSED] - Scroll to object 'Object Repository/1. Constant/xpath' successfully

2022-06-23 23:28:20 - [MESSAGE][PASSED] - Object: 'Object Repository/1. Constant/xpath' is clicked on

2022-06-23 23:28:25 - [MESSAGE][PASSED] - Delayed 5 second(s)

2022-06-23 23:28:25 - [TEST_STEP][PASSED] - takeScreenshot(): Taking screenshot successfully

2022-06-23 23:28:26 - [MESSAGE][PASSED] - Taking screenshot successfully
[[ATTACHMENT|D:\\Projet Test Auto\\Mediabox Test Automation\\Reports\\20220623_184212\\03. Parallel Testing (Testing)\\TS -PT PART 3\\14.04 Dreyers Support Action (Ongoing _ Completed ref) - PART 4\\20220623_184236\\1656019706088.png]]

2022-06-23 23:28:26 - [TEST_STEP][PASSED] - click(findTestObject("1. Constant/xpath", ["xpath":"//*[@id="source_" + refID24 + ""]/td[13]/a[3]"])): Object: 'Object Repository/1. Constant/xpath' is clicked on

2022-06-23 23:28:29 - [MESSAGE][PASSED] - Object: 'Object Repository/1. Constant/xpath' is clicked on

2022-06-23 23:28:29 - [TEST_STEP][PASSED] - click(findTestObject("1. Constant/xpath", ["xpath":"//*[@id="ModifFiche"]/div[1]/div/button[2]"])): Object: 'Object Repository/1. Constant/xpath' is clicked on

2022-06-23 23:28:34 - [MESSAGE][PASSED] - Object: 'Object Repository/1. Constant/xpath' is clicked on

2022-06-23 23:28:34 - [TEST_STEP][PASSED] - Lifecycle_Status3 = getText(findTestObject("1. Constant/xpath", ["xpath":"//*[@id="source_" + refID24 + ""]/td[12]/span[1]"])): Text of object 'Object Repository/1. Constant/xpath' is: 'Phase 1.2 [Standard Phase]'

2022-06-23 23:28:35 - [MESSAGE][PASSED] - Text of object 'Object Repository/1. Constant/xpath' is: 'Phase 1.2 [Standard Phase]'

2022-06-23 23:28:35 - [TEST_STEP][PASSED] - verifyMatch(Lifecycle_Status3, "Phase 1.2 [Standard Phase]", false): Actual text 'Phase 1.2 [Standard Phase]' and expected text 'Phase 1.2 [Standard Phase]' are matched 

2022-06-23 23:28:35 - [MESSAGE][PASSED] - Actual text 'Phase 1.2 [Standard Phase]' and expected text 'Phase 1.2 [Standard Phase]' are matched 

2022-06-23 23:28:35 - [TEST_STEP][PASSED] - I.Logout(): Delayed 3 second(s)

2022-06-23 23:28:38 - [MESSAGE][PASSED] - Delayed 3 second(s)

2022-06-23 23:28:39 - [MESSAGE][PASSED] - Object: 'Object Repository/1. Constant/xpath' is clicked on

2022-06-23 23:28:42 - [MESSAGE][PASSED] - Delayed 3 second(s)

2022-06-23 23:28:44 - [MESSAGE][PASSED] - Object: 'Object Repository/1. Constant/xpath' is clicked on

2022-06-23 23:28:47 - [MESSAGE][PASSED] - Delayed 3 second(s)

2022-06-23 23:28:47 - [TEST_STEP][PASSED] - I.Login_password("nturner", password_nturner): Object: 'Object Repository/1. Constant/xpath' is clicked on

2022-06-23 23:28:49 - [MESSAGE][PASSED] - Text 'nturner' is set on object 'Object Repository/1. Constant/xpath'

2022-06-23 23:28:50 - [MESSAGE][PASSED] - Delayed 1 second(s)

2022-06-23 23:28:51 - [MESSAGE][PASSED] - Text 'diadeis1' is set on object 'Object Repository/1. Constant/xpath'

2022-06-23 23:28:52 - [MESSAGE][PASSED] - Delayed 1 second(s)

2022-06-23 23:28:57 - [MESSAGE][PASSED] - Object: 'Object Repository/1. Constant/xpath' is clicked on

2022-06-23 23:28:57 - [TEST_STEP][PASSED] - click(findTestObject("1. Constant/02_LHSMenu_Projects")): Object: 'Object Repository/1. Constant/02_LHSMenu_Projects' is clicked on

2022-06-23 23:29:01 - [MESSAGE][PASSED] - Object: 'Object Repository/1. Constant/02_LHSMenu_Projects' is clicked on

2022-06-23 23:29:01 - [TEST_STEP][PASSED] - I.SearchProjectNo_xpath(Project_No, "//*[@id="keynum_project"]", "//*[@id="form_filters"]/div[4]/button"): Delayed 5 second(s)

2022-06-23 23:29:02 - [MESSAGE][PASSED] - Delayed 1 second(s)

2022-06-23 23:29:05 - [MESSAGE][PASSED] - Text 'MI000883' is set on object 'Object Repository/1. Constant/xpath'

2022-06-23 23:29:08 - [MESSAGE][PASSED] - Delayed 3 second(s)

2022-06-23 23:29:09 - [MESSAGE][PASSED] - Scroll to object 'Object Repository/1. Constant/xpath' successfully

2022-06-23 23:29:13 - [MESSAGE][PASSED] - Object: 'Object Repository/1. Constant/xpath' is clicked on

2022-06-23 23:29:18 - [MESSAGE][PASSED] - Delayed 5 second(s)

2022-06-23 23:29:18 - [TEST_STEP][PASSED] - takeScreenshot(): Taking screenshot successfully

2022-06-23 23:29:20 - [MESSAGE][PASSED] - Taking screenshot successfully
[[ATTACHMENT|D:\\Projet Test Auto\\Mediabox Test Automation\\Reports\\20220623_184212\\03. Parallel Testing (Testing)\\TS -PT PART 3\\14.04 Dreyers Support Action (Ongoing _ Completed ref) - PART 4\\20220623_184236\\1656019759960.png]]

2022-06-23 23:29:20 - [TEST_STEP][PASSED] - I.SearchRefNo_xpath("P24_Auto", "//*[@id="fiche_filter_keywords11"]", "//*[@id="form_filters"]/div[3]/button"): Delayed 5 second(s)

2022-06-23 23:29:21 - [MESSAGE][PASSED] - Delayed 1 second(s)

2022-06-23 23:29:23 - [MESSAGE][PASSED] - Text 'P24_Auto' is set on object 'Object Repository/1. Constant/xpath'

2022-06-23 23:29:26 - [MESSAGE][PASSED] - Delayed 3 second(s)

2022-06-23 23:29:27 - [MESSAGE][PASSED] - Scroll to object 'Object Repository/1. Constant/xpath' successfully

2022-06-23 23:29:30 - [MESSAGE][PASSED] - Object: 'Object Repository/1. Constant/xpath' is clicked on

2022-06-23 23:29:35 - [MESSAGE][PASSED] - Delayed 5 second(s)

2022-06-23 23:29:35 - [TEST_STEP][PASSED] - delay(1): Delayed 1 second(s)

2022-06-23 23:29:36 - [MESSAGE][PASSED] - Delayed 1 second(s)

2022-06-23 23:29:36 - [TEST_STEP][PASSED] - takeScreenshot(): Taking screenshot successfully

2022-06-23 23:29:37 - [MESSAGE][PASSED] - Taking screenshot successfully
[[ATTACHMENT|D:\\Projet Test Auto\\Mediabox Test Automation\\Reports\\20220623_184212\\03. Parallel Testing (Testing)\\TS -PT PART 3\\14.04 Dreyers Support Action (Ongoing _ Completed ref) - PART 4\\20220623_184236\\1656019776711.png]]

2022-06-23 23:29:37 - [TEST_STEP][PASSED] - click(findTestObject("1. Constant/xpath", ["xpath":"//*[@id="source_" + refID24 + ""]/td[13]/a[2]"])): Object: 'Object Repository/1. Constant/xpath' is clicked on

2022-06-23 23:29:41 - [MESSAGE][PASSED] - Object: 'Object Repository/1. Constant/xpath' is clicked on

2022-06-23 23:29:41 - [TEST_STEP][PASSED] - click(findTestObject("1. Constant/xpath", ["xpath":"//*[@id="ModifFiche"]/div[1]/div/button[2]"])): Object: 'Object Repository/1. Constant/xpath' is clicked on

2022-06-23 23:29:44 - [MESSAGE][PASSED] - Object: 'Object Repository/1. Constant/xpath' is clicked on

2022-06-23 23:29:44 - [TEST_STEP][PASSED] - Lifecycle_Status11 = getText(findTestObject("1. Constant/xpath", ["xpath":"//*[@id="source_" + refID24 + ""]/td[12]/span"])): Text of object 'Object Repository/1. Constant/xpath' is: 'Complete'

2022-06-23 23:29:45 - [MESSAGE][PASSED] - Text of object 'Object Repository/1. Constant/xpath' is: 'Complete'

2022-06-23 23:29:45 - [TEST_STEP][PASSED] - verifyMatch(Lifecycle_Status11, "Complete", false): Actual text 'Complete' and expected text 'Complete' are matched 

2022-06-23 23:29:45 - [MESSAGE][PASSED] - Actual text 'Complete' and expected text 'Complete' are matched 

2022-06-23 23:29:45 - [TEST_STEP][PASSED] - closeBrowser(): Browser is closed

2022-06-23 23:29:51 - [MESSAGE][PASSED] - Browser is closed

2022-06-23 23:29:51 - [TEST_STEP][PASSED] - Start listener action : sampleAfterTestCase: null]]></system-out>
         <system-err><![CDATA[]]></system-err>
      </testcase>
      <testcase name="Test Cases/19. Dreyers Support Action (Ongoing ref_completed)/19.19 Dreyers SAS Add Phase group (Ongoing ref) S25 - P19" time="241.835" classname="Test Cases/19. Dreyers Support Action (Ongoing ref_completed)/19.19 Dreyers SAS Add Phase group (Ongoing ref) S25 - P19" status="PASSED">
         <system-out><![CDATA[2022-06-23 23:29:51 - [TEST_CASE][PASSED] - Test Cases/19. Dreyers Support Action (Ongoing ref_completed)/19.19 Dreyers SAS Add Phase group (Ongoing ref) S25 - P19: Test Cases/19. Dreyers Support Action (Ongoing ref_completed)/19.19 Dreyers SAS Add Phase group (Ongoing ref) S25 - P19

2022-06-23 23:29:52 - [TEST_STEP][PASSED] - data_Dreyers = findTestData("Data Files/Username_Password/Dreyer"): null

2022-06-23 23:29:52 - [TEST_STEP][PASSED] - password_blemco = data_Dreyers.getValue(2, 2): null

2022-06-23 23:29:52 - [TEST_STEP][PASSED] - password_lmary = data_Dreyers.getValue(2, 13): null

2022-06-23 23:29:52 - [TEST_STEP][PASSED] - data_urlRELAUTO = findTestData("Data Files/URL/URL_relauto"): null

2022-06-23 23:29:52 - [TEST_STEP][PASSED] - Url_Dreyer = data_urlRELAUTO.getValue(2, 4): null

2022-06-23 23:29:52 - [TEST_STEP][PASSED] - Project_No = I.readnotepad("D:\Upoad_File\Projet_ Login\Dreyers\19.1\19.1_Dreyers_ProjectNo.txt"): null

2022-06-23 23:29:52 - [TEST_STEP][PASSED] - refID = I.readnotepad("D:\Upoad_File\Projet_ Login\Dreyers\19.1\19.1_Dreyers_refID.txt"): null

2022-06-23 23:29:52 - [TEST_STEP][PASSED] - openBrowser(Url_Dreyer): Browser is opened with url: 'http://mdb-release.diadeis.lan/MediaboxIndependence/?MBI_datasource=RELTESTAUTO_DREYERS'

2022-06-23 23:29:52 - [MESSAGE][INFO] - Starting 'Chrome (headless)' driver

2022-06-23 23:29:52 - [MESSAGE][INFO] - User set preference: ['args', '[--window-size=1920,1080, --headless]']

2022-06-23 23:29:52 - [MESSAGE][INFO] - Action delay is set to 0 milliseconds

2022-06-23 23:30:15 - [MESSAGE][PASSED] - Browser is opened with url: 'http://mdb-release.diadeis.lan/MediaboxIndependence/?MBI_datasource=RELTESTAUTO_DREYERS'

2022-06-23 23:30:15 - [TEST_STEP][PASSED] - maximizeWindow(): Current window maximized

2022-06-23 23:30:16 - [MESSAGE][PASSED] - Current window maximized

2022-06-23 23:30:16 - [TEST_STEP][PASSED] - I.Login_password("blemco", password_blemco): Object: 'Object Repository/1. Constant/xpath' is clicked on

2022-06-23 23:30:17 - [MESSAGE][PASSED] - Text 'blemco' is set on object 'Object Repository/1. Constant/xpath'

2022-06-23 23:30:18 - [MESSAGE][PASSED] - Delayed 1 second(s)

2022-06-23 23:30:19 - [MESSAGE][PASSED] - Text 'diadeis1' is set on object 'Object Repository/1. Constant/xpath'

2022-06-23 23:30:20 - [MESSAGE][PASSED] - Delayed 1 second(s)

2022-06-23 23:30:30 - [MESSAGE][PASSED] - Object: 'Object Repository/1. Constant/xpath' is clicked on

2022-06-23 23:30:30 - [TEST_STEP][PASSED] - click(findTestObject("1. Constant/02_LHSMenu_Projects")): Object: 'Object Repository/1. Constant/02_LHSMenu_Projects' is clicked on

2022-06-23 23:30:35 - [MESSAGE][PASSED] - Object: 'Object Repository/1. Constant/02_LHSMenu_Projects' is clicked on

2022-06-23 23:30:35 - [TEST_STEP][PASSED] - I.SearchProjectNo_xpath(Project_No, "//*[@id="keynum_project"]", "//*[@id="form_filters"]/div[4]/button"): Delayed 5 second(s)

2022-06-23 23:30:36 - [MESSAGE][PASSED] - Delayed 1 second(s)

2022-06-23 23:30:37 - [MESSAGE][PASSED] - Text 'MI000883' is set on object 'Object Repository/1. Constant/xpath'

2022-06-23 23:30:40 - [MESSAGE][PASSED] - Delayed 3 second(s)

2022-06-23 23:30:41 - [MESSAGE][PASSED] - Scroll to object 'Object Repository/1. Constant/xpath' successfully

2022-06-23 23:30:47 - [MESSAGE][PASSED] - Object: 'Object Repository/1. Constant/xpath' is clicked on

2022-06-23 23:30:52 - [MESSAGE][PASSED] - Delayed 5 second(s)

2022-06-23 23:30:52 - [TEST_STEP][PASSED] - takeScreenshot(): Taking screenshot successfully

2022-06-23 23:30:54 - [MESSAGE][PASSED] - Taking screenshot successfully
[[ATTACHMENT|D:\\Projet Test Auto\\Mediabox Test Automation\\Reports\\20220623_184212\\03. Parallel Testing (Testing)\\TS -PT PART 3\\14.04 Dreyers Support Action (Ongoing _ Completed ref) - PART 4\\20220623_184236\\1656019853101.png]]

2022-06-23 23:30:54 - [TEST_STEP][PASSED] - click(findTestObject("1. Constant/xpath", ["xpath":"//*[@id="create_ref_btn"]/button"])): Object: 'Object Repository/1. Constant/xpath' is clicked on

2022-06-23 23:30:55 - [MESSAGE][PASSED] - Object: 'Object Repository/1. Constant/xpath' is clicked on

2022-06-23 23:30:55 - [TEST_STEP][PASSED] - click(findTestObject("1. Constant/xpath", ["xpath":"//*[@id="create_ref_btn"]/div/a"])): Object: 'Object Repository/1. Constant/xpath' is clicked on

2022-06-23 23:30:57 - [MESSAGE][PASSED] - Object: 'Object Repository/1. Constant/xpath' is clicked on

2022-06-23 23:30:57 - [TEST_STEP][PASSED] - delay(1): Delayed 1 second(s)

2022-06-23 23:30:58 - [MESSAGE][PASSED] - Delayed 1 second(s)

2022-06-23 23:30:58 - [TEST_STEP][PASSED] - selectOptionByValue(findTestObject("1. Constant/xpath", ["xpath":"//*[@id="lfc_tpl"]"]), "37", false): All options with value '37' are selected in object 'Object Repository/1. Constant/xpath' 

2022-06-23 23:31:00 - [MESSAGE][PASSED] - All options with value '37' are selected in object 'Object Repository/1. Constant/xpath' 

2022-06-23 23:31:00 - [TEST_STEP][PASSED] - ref_name = "P19_Auto_SAS_S25_" + RandomStringUtils.randomAlphanumeric(5) + I.gettimedate(): null

2022-06-23 23:31:00 - [TEST_STEP][PASSED] - delay(1): Delayed 1 second(s)

2022-06-23 23:31:01 - [MESSAGE][PASSED] - Delayed 1 second(s)

2022-06-23 23:31:01 - [TEST_STEP][PASSED] - setText(findTestObject("1. Constant/xpath", ["xpath":"//*[@id="var_name"]"]), ref_name): Text 'P19_Auto_SAS_S25_RVp9Ijuin232022_233100' is set on object 'Object Repository/1. Constant/xpath'

2022-06-23 23:31:02 - [MESSAGE][PASSED] - Text 'P19_Auto_SAS_S25_RVp9Ijuin232022_233100' is set on object 'Object Repository/1. Constant/xpath'

2022-06-23 23:31:02 - [TEST_STEP][PASSED] - takeScreenshot(): Taking screenshot successfully

2022-06-23 23:31:02 - [MESSAGE][PASSED] - Taking screenshot successfully
[[ATTACHMENT|D:\\Projet Test Auto\\Mediabox Test Automation\\Reports\\20220623_184212\\03. Parallel Testing (Testing)\\TS -PT PART 3\\14.04 Dreyers Support Action (Ongoing _ Completed ref) - PART 4\\20220623_184236\\1656019862202.png]]

2022-06-23 23:31:02 - [TEST_STEP][PASSED] - click(findTestObject("1. Constant/xpath", ["xpath":"//*[@id="createRefBottom"]"])): Object: 'Object Repository/1. Constant/xpath' is clicked on

2022-06-23 23:31:06 - [MESSAGE][PASSED] - Object: 'Object Repository/1. Constant/xpath' is clicked on

2022-06-23 23:31:06 - [TEST_STEP][PASSED] - delay(1): Delayed 1 second(s)

2022-06-23 23:31:07 - [MESSAGE][PASSED] - Delayed 1 second(s)

2022-06-23 23:31:07 - [TEST_STEP][PASSED] - takeScreenshot(): Taking screenshot successfully

2022-06-23 23:31:08 - [MESSAGE][PASSED] - Taking screenshot successfully
[[ATTACHMENT|D:\\Projet Test Auto\\Mediabox Test Automation\\Reports\\20220623_184212\\03. Parallel Testing (Testing)\\TS -PT PART 3\\14.04 Dreyers Support Action (Ongoing _ Completed ref) - PART 4\\20220623_184236\\1656019867732.png]]

2022-06-23 23:31:08 - [TEST_STEP][PASSED] - refID19 = I.RefID(): Current window's url is: 'http://mdb-release.diadeis.lan/MediaboxIndependence/Base/ExecAction?IDSession=MBI%21RELTESTAUTO_DREYERS%21Q30KTNLTF6N8768473A5JHQZRECM164YF069CKVE&default_action=ModifierRef&id_project=MI000883&id_ref=5334&action_from=create_ref'

2022-06-23 23:31:13 - [MESSAGE][PASSED] - Delayed 5 second(s)

2022-06-23 23:31:13 - [MESSAGE][PASSED] - Current window's url is: 'http://mdb-release.diadeis.lan/MediaboxIndependence/Base/ExecAction?IDSession=MBI%21RELTESTAUTO_DREYERS%21Q30KTNLTF6N8768473A5JHQZRECM164YF069CKVE&default_action=ModifierRef&id_project=MI000883&id_ref=5334&action_from=create_ref'

2022-06-23 23:31:13 - [TEST_STEP][PASSED] - click(findTestObject("1. Constant/xpath", ["xpath":"//*[@id="type_save"]"])): Object: 'Object Repository/1. Constant/xpath' is clicked on

2022-06-23 23:31:20 - [MESSAGE][PASSED] - Object: 'Object Repository/1. Constant/xpath' is clicked on

2022-06-23 23:31:20 - [TEST_STEP][PASSED] - takeScreenshot(): Taking screenshot successfully

2022-06-23 23:31:21 - [MESSAGE][PASSED] - Taking screenshot successfully
[[ATTACHMENT|D:\\Projet Test Auto\\Mediabox Test Automation\\Reports\\20220623_184212\\03. Parallel Testing (Testing)\\TS -PT PART 3\\14.04 Dreyers Support Action (Ongoing _ Completed ref) - PART 4\\20220623_184236\\1656019881213.png]]

2022-06-23 23:31:21 - [TEST_STEP][PASSED] - delay(1): Delayed 1 second(s)

2022-06-23 23:31:22 - [MESSAGE][PASSED] - Delayed 1 second(s)

2022-06-23 23:31:22 - [TEST_STEP][PASSED] - I.SearchRefNo_xpath("P19_Auto", "//*[@id="fiche_filter_keywords11"]", "//*[@id="form_filters"]/div[3]/button"): Delayed 5 second(s)

2022-06-23 23:31:23 - [MESSAGE][PASSED] - Delayed 1 second(s)

2022-06-23 23:31:26 - [MESSAGE][PASSED] - Text 'P19_Auto' is set on object 'Object Repository/1. Constant/xpath'

2022-06-23 23:31:29 - [MESSAGE][PASSED] - Delayed 3 second(s)

2022-06-23 23:31:29 - [MESSAGE][PASSED] - Scroll to object 'Object Repository/1. Constant/xpath' successfully

2022-06-23 23:31:33 - [MESSAGE][PASSED] - Object: 'Object Repository/1. Constant/xpath' is clicked on

2022-06-23 23:31:38 - [MESSAGE][PASSED] - Delayed 5 second(s)

2022-06-23 23:31:38 - [TEST_STEP][PASSED] - click(findTestObject("1. Constant/xpath", ["xpath":"//*[@id="source_" + refID19 + ""]/td[6]/a"])): Object: 'Object Repository/1. Constant/xpath' is clicked on

2022-06-23 23:31:43 - [MESSAGE][PASSED] - Object: 'Object Repository/1. Constant/xpath' is clicked on

2022-06-23 23:31:43 - [TEST_STEP][PASSED] - delay(1): Delayed 1 second(s)

2022-06-23 23:31:44 - [MESSAGE][PASSED] - Delayed 1 second(s)

2022-06-23 23:31:44 - [TEST_STEP][PASSED] - click(findTestObject("1. Constant/xpath", ["xpath":"//*[@id="kt_content"]/div[3]/div/ul/li[3]/a"])): Object: 'Object Repository/1. Constant/xpath' is clicked on

2022-06-23 23:31:48 - [MESSAGE][PASSED] - Object: 'Object Repository/1. Constant/xpath' is clicked on

2022-06-23 23:31:48 - [TEST_STEP][PASSED] - takeScreenshot(): Taking screenshot successfully

2022-06-23 23:31:49 - [MESSAGE][PASSED] - Taking screenshot successfully
[[ATTACHMENT|D:\\Projet Test Auto\\Mediabox Test Automation\\Reports\\20220623_184212\\03. Parallel Testing (Testing)\\TS -PT PART 3\\14.04 Dreyers Support Action (Ongoing _ Completed ref) - PART 4\\20220623_184236\\1656019909228.png]]

2022-06-23 23:31:49 - [TEST_STEP][PASSED] - delay(1): Delayed 1 second(s)

2022-06-23 23:31:50 - [MESSAGE][PASSED] - Delayed 1 second(s)

2022-06-23 23:31:50 - [TEST_STEP][PASSED] - click(findTestObject("1. Constant/xpath", ["xpath":"/html/body/div[1]/div[2]/div[8]/div[3]/div/div[3]/div[3]/div/div/div[1]/div/div[1]/div/div[1]/div[2]/div/button"])): Object: 'Object Repository/1. Constant/xpath' is clicked on

2022-06-23 23:31:51 - [MESSAGE][PASSED] - Object: 'Object Repository/1. Constant/xpath' is clicked on

2022-06-23 23:31:51 - [TEST_STEP][PASSED] - delay(1): Delayed 1 second(s)

2022-06-23 23:31:52 - [MESSAGE][PASSED] - Delayed 1 second(s)

2022-06-23 23:31:52 - [TEST_STEP][PASSED] - x = 3: null

2022-06-23 23:31:52 - [TEST_STEP][PASSED] - i = 1: null

2022-06-23 23:31:52 - [TEST_STEP][PASSED] - while (i <= x): null

2022-06-23 23:31:52 - [TEST_STEP][PASSED] - Expected_SAS_Selected = "S25 : Add PG Step A/ Skip Phase 1.1": null

2022-06-23 23:31:52 - [TEST_STEP][PASSED] - xpath_SAS = "/html/body/div[1]/div[2]/div[8]/div[3]/div/div[3]/div[3]/div/div/div[1]/div/div[1]/div/div[1]/div[2]/div/div/a[" + i + "]": null

2022-06-23 23:31:52 - [TEST_STEP][PASSED] - Actual_SAS = getText(findTestObject("1. Constant/xpath", ["xpath":xpath_SAS])): Text of object 'Object Repository/1. Constant/xpath' is: 'SAS S12: Skip P1.2/ Add Step A/ Skip P1.1'

2022-06-23 23:31:54 - [MESSAGE][PASSED] - Text of object 'Object Repository/1. Constant/xpath' is: 'SAS S12: Skip P1.2/ Add Step A/ Skip P1.1'

2022-06-23 23:31:54 - [TEST_STEP][PASSED] - I.print(i): null

2022-06-23 23:31:54 - [TEST_STEP][PASSED] - if (Actual_SAS.contains(Expected_SAS_Selected)): null

2022-06-23 23:31:54 - [TEST_STEP][PASSED] - i = i + 1: null

2022-06-23 23:31:54 - [TEST_STEP][PASSED] - Expected_SAS_Selected = "S25 : Add PG Step A/ Skip Phase 1.1": null

2022-06-23 23:31:54 - [TEST_STEP][PASSED] - xpath_SAS = "/html/body/div[1]/div[2]/div[8]/div[3]/div/div[3]/div[3]/div/div/div[1]/div/div[1]/div/div[1]/div[2]/div/div/a[" + i + "]": null

2022-06-23 23:31:54 - [TEST_STEP][PASSED] - Actual_SAS = getText(findTestObject("1. Constant/xpath", ["xpath":xpath_SAS])): Text of object 'Object Repository/1. Constant/xpath' is: 'S25 : Add PG Step A/ Skip Phase 1.1'

2022-06-23 23:31:54 - [MESSAGE][PASSED] - Text of object 'Object Repository/1. Constant/xpath' is: 'S25 : Add PG Step A/ Skip Phase 1.1'

2022-06-23 23:31:54 - [TEST_STEP][PASSED] - I.print(i): null

2022-06-23 23:31:54 - [TEST_STEP][PASSED] - if (Actual_SAS.contains(Expected_SAS_Selected)): null

2022-06-23 23:31:54 - [TEST_STEP][PASSED] - click(findTestObject("1. Constant/xpath", ["xpath":xpath_SAS])): Object: 'Object Repository/1. Constant/xpath' is clicked on

2022-06-23 23:31:55 - [MESSAGE][PASSED] - Object: 'Object Repository/1. Constant/xpath' is clicked on

2022-06-23 23:31:55 - [TEST_STEP][PASSED] - break: null

2022-06-23 23:31:55 - [TEST_STEP][PASSED] - takeScreenshot(): Taking screenshot successfully

2022-06-23 23:31:56 - [MESSAGE][PASSED] - Taking screenshot successfully
[[ATTACHMENT|D:\\Projet Test Auto\\Mediabox Test Automation\\Reports\\20220623_184212\\03. Parallel Testing (Testing)\\TS -PT PART 3\\14.04 Dreyers Support Action (Ongoing _ Completed ref) - PART 4\\20220623_184236\\1656019915639.png]]

2022-06-23 23:31:56 - [TEST_STEP][PASSED] - delay(1): Delayed 1 second(s)

2022-06-23 23:31:57 - [MESSAGE][PASSED] - Delayed 1 second(s)

2022-06-23 23:31:57 - [TEST_STEP][PASSED] - click(findTestObject("1. Constant/xpath", ["xpath":"//*[@id="confirmSupportActionShortcut"]"])): Object: 'Object Repository/1. Constant/xpath' is clicked on

2022-06-23 23:32:01 - [MESSAGE][PASSED] - Object: 'Object Repository/1. Constant/xpath' is clicked on

2022-06-23 23:32:01 - [TEST_STEP][PASSED] - click(findTestObject("1. Constant/xpath", ["xpath":"//*[@id="kt_content"]/div[3]/div/ul/li[3]/a"])): Object: 'Object Repository/1. Constant/xpath' is clicked on

2022-06-23 23:32:03 - [MESSAGE][PASSED] - Object: 'Object Repository/1. Constant/xpath' is clicked on

2022-06-23 23:32:03 - [TEST_STEP][PASSED] - takeScreenshot(): Taking screenshot successfully

2022-06-23 23:32:04 - [MESSAGE][PASSED] - Taking screenshot successfully
[[ATTACHMENT|D:\\Projet Test Auto\\Mediabox Test Automation\\Reports\\20220623_184212\\03. Parallel Testing (Testing)\\TS -PT PART 3\\14.04 Dreyers Support Action (Ongoing _ Completed ref) - PART 4\\20220623_184236\\1656019923990.png]]

2022-06-23 23:32:04 - [TEST_STEP][PASSED] - StepA_1 = getAttribute(findTestObject("1. Constant/xpath", ["xpath":"/html/body/div[1]/div[2]/div[8]/div[3]/div/div[3]/div[3]/div/ul/li[1]/a"]), "class"): Attribute 'class' of object 'Object Repository/1. Constant/xpath' is: 'nav-link timeline-badge badge-xl  bg-pending active'

2022-06-23 23:32:04 - [MESSAGE][PASSED] - Attribute 'class' of object 'Object Repository/1. Constant/xpath' is: 'nav-link timeline-badge badge-xl  bg-pending active'

2022-06-23 23:32:04 - [TEST_STEP][PASSED] - verifyMatch(StepA_1, "nav-link timeline-badge badge-xl  bg-pending active", false): Actual text 'nav-link timeline-badge badge-xl  bg-pending active' and expected text 'nav-link timeline-badge badge-xl  bg-pending active' are matched 

2022-06-23 23:32:04 - [MESSAGE][PASSED] - Actual text 'nav-link timeline-badge badge-xl  bg-pending active' and expected text 'nav-link timeline-badge badge-xl  bg-pending active' are matched 

2022-06-23 23:32:04 - [TEST_STEP][PASSED] - StepA11 = I.Get_Stepname("/html/body/div[1]/div[2]/div[8]/div[3]/div/div[3]/div[3]/div/ul/li[1]/a"): Attribute 'href' of object 'Object Repository/1. Constant/xpath' is: 'http://mdb-release.diadeis.lan/MediaboxIndependence/Base/ExecAction?action=VoirRef&IDSession=MBI!RELTESTAUTO_DREYERS!Q30KTNLTF6N8768473A5JHQZRECM164YF069CKVE&num=EOJUH20PAK&id_ref=5334#tab_lifecycle_SASStepA_12372'

2022-06-23 23:32:09 - [MESSAGE][PASSED] - Delayed 5 second(s)

2022-06-23 23:32:10 - [MESSAGE][PASSED] - Attribute 'href' of object 'Object Repository/1. Constant/xpath' is: 'http://mdb-release.diadeis.lan/MediaboxIndependence/Base/ExecAction?action=VoirRef&IDSession=MBI!RELTESTAUTO_DREYERS!Q30KTNLTF6N8768473A5JHQZRECM164YF069CKVE&num=EOJUH20PAK&id_ref=5334#tab_lifecycle_SASStepA_12372'

2022-06-23 23:32:10 - [TEST_STEP][PASSED] - verifyMatch(StepA11, "SASStepA", false): Actual text 'SASStepA' and expected text 'SASStepA' are matched 

2022-06-23 23:32:10 - [MESSAGE][PASSED] - Actual text 'SASStepA' and expected text 'SASStepA' are matched 

2022-06-23 23:32:10 - [TEST_STEP][PASSED] - Name_StepAP1_2 = getText(findTestObject("1. Constant/xpath", ["xpath":"/html/body/div[1]/div[2]/div[8]/div[3]/div/div[3]/div[3]/div/div/div[1]/div/div[2]/div/div[1]/div[1]/h3"])): Text of object 'Object Repository/1. Constant/xpath' is: 'Phase 1.1 [Standard]'

2022-06-23 23:32:10 - [MESSAGE][PASSED] - Text of object 'Object Repository/1. Constant/xpath' is: 'Phase 1.1 [Standard]'

2022-06-23 23:32:10 - [TEST_STEP][PASSED] - verifyMatch(Name_StepAP1_2, "Phase 1.1 [Standard]", false): Actual text 'Phase 1.1 [Standard]' and expected text 'Phase 1.1 [Standard]' are matched 

2022-06-23 23:32:10 - [MESSAGE][PASSED] - Actual text 'Phase 1.1 [Standard]' and expected text 'Phase 1.1 [Standard]' are matched 

2022-06-23 23:32:10 - [TEST_STEP][PASSED] - ST_StepAP1_2 = getText(findTestObject("1. Constant/xpath", ["xpath":"/html/body/div[1]/div[2]/div[8]/div[3]/div/div[3]/div[3]/div/div/div[1]/div/div[3]/div/div[2]/div[1]"])): Text of object 'Object Repository/1. Constant/xpath' is: 'Started 06/23/22 02:31 PM'

2022-06-23 23:32:11 - [MESSAGE][PASSED] - Text of object 'Object Repository/1. Constant/xpath' is: 'Started 06/23/22 02:31 PM'

2022-06-23 23:32:11 - [TEST_STEP][PASSED] - if (ST_StepAP1_2.contains("Started")): Actual object '1' and expected object '1' are equal

2022-06-23 23:32:11 - [TEST_STEP][PASSED] - verifyEqual(1, 1): Actual object '1' and expected object '1' are equal

2022-06-23 23:32:11 - [MESSAGE][PASSED] - Actual object '1' and expected object '1' are equal

2022-06-23 23:32:11 - [TEST_STEP][PASSED] - added_StepAP1_2 = getText(findTestObject("1. Constant/xpath", ["xpath":"/html/body/div[1]/div[2]/div[8]/div[3]/div/div[3]/div[3]/div/div/div[1]/div/div[3]/div/div[2]/h6"])): Text of object 'Object Repository/1. Constant/xpath' is: 'Added manually 06/23/22 02:31 PM By Brian Lemco'

2022-06-23 23:32:12 - [MESSAGE][PASSED] - Text of object 'Object Repository/1. Constant/xpath' is: 'Added manually 06/23/22 02:31 PM By Brian Lemco'

2022-06-23 23:32:12 - [TEST_STEP][PASSED] - if (added_StepAP1_2.contains("Added manually")): Actual object '1' and expected object '1' are equal

2022-06-23 23:32:12 - [TEST_STEP][PASSED] - verifyEqual(1, 1): Actual object '1' and expected object '1' are equal

2022-06-23 23:32:12 - [MESSAGE][PASSED] - Actual object '1' and expected object '1' are equal

2022-06-23 23:32:12 - [TEST_STEP][PASSED] - Name_StepAP2_2 = getText(findTestObject("1. Constant/xpath", ["xpath":"/html/body/div[1]/div[2]/div[8]/div[3]/div/div[3]/div[3]/div/div/div[1]/div/div[3]/div/div[1]/div[1]/h3"])): Text of object 'Object Repository/1. Constant/xpath' is: 'Phase 1.2 [Standard Phase]'

2022-06-23 23:32:12 - [MESSAGE][PASSED] - Text of object 'Object Repository/1. Constant/xpath' is: 'Phase 1.2 [Standard Phase]'

2022-06-23 23:32:12 - [TEST_STEP][PASSED] - verifyMatch(Name_StepAP2_2, "Phase 1.2 [Standard Phase]", false): Actual text 'Phase 1.2 [Standard Phase]' and expected text 'Phase 1.2 [Standard Phase]' are matched 

2022-06-23 23:32:12 - [MESSAGE][PASSED] - Actual text 'Phase 1.2 [Standard Phase]' and expected text 'Phase 1.2 [Standard Phase]' are matched 

2022-06-23 23:32:12 - [TEST_STEP][PASSED] - Name_StepAP2_3 = getText(findTestObject("1. Constant/xpath", ["xpath":"/html/body/div[1]/div[2]/div[8]/div[3]/div/div[3]/div[3]/div/div/div[1]/div/div[4]/div/div[1]/div[1]/h3"])): Text of object 'Object Repository/1. Constant/xpath' is: 'Phase 1.2 [Standard Phase]'

2022-06-23 23:32:13 - [MESSAGE][PASSED] - Text of object 'Object Repository/1. Constant/xpath' is: 'Phase 1.2 [Standard Phase]'

2022-06-23 23:32:13 - [TEST_STEP][PASSED] - verifyMatch(Name_StepAP2_3, "Phase 1.2 [Standard Phase]", false): Actual text 'Phase 1.2 [Standard Phase]' and expected text 'Phase 1.2 [Standard Phase]' are matched 

2022-06-23 23:32:13 - [MESSAGE][PASSED] - Actual text 'Phase 1.2 [Standard Phase]' and expected text 'Phase 1.2 [Standard Phase]' are matched 

2022-06-23 23:32:13 - [TEST_STEP][PASSED] - StepB_3 = getAttribute(findTestObject("1. Constant/xpath", ["xpath":"/html/body/div[1]/div[2]/div[8]/div[3]/div/div[3]/div[3]/div/ul/li[2]/a"]), "class"): Attribute 'class' of object 'Object Repository/1. Constant/xpath' is: 'nav-link timeline-badge badge-xl  bg-waiting '

2022-06-23 23:32:13 - [MESSAGE][PASSED] - Attribute 'class' of object 'Object Repository/1. Constant/xpath' is: 'nav-link timeline-badge badge-xl  bg-waiting '

2022-06-23 23:32:13 - [TEST_STEP][PASSED] - verifyMatch(StepB_3, "nav-link timeline-badge badge-xl  bg-waiting ", false): Actual text 'nav-link timeline-badge badge-xl  bg-waiting ' and expected text 'nav-link timeline-badge badge-xl  bg-waiting ' are matched 

2022-06-23 23:32:13 - [MESSAGE][PASSED] - Actual text 'nav-link timeline-badge badge-xl  bg-waiting ' and expected text 'nav-link timeline-badge badge-xl  bg-waiting ' are matched 

2022-06-23 23:32:13 - [TEST_STEP][PASSED] - StepB_33 = I.Get_Stepname("/html/body/div[1]/div[2]/div[8]/div[3]/div/div[3]/div[3]/div/ul/li[2]/a"): Attribute 'href' of object 'Object Repository/1. Constant/xpath' is: 'http://mdb-release.diadeis.lan/MediaboxIndependence/Base/ExecAction?action=VoirRef&IDSession=MBI!RELTESTAUTO_DREYERS!Q30KTNLTF6N8768473A5JHQZRECM164YF069CKVE&num=EOJUH20PAK&id_ref=5334#tab_lifecycle_SASStepB_12373'

2022-06-23 23:32:18 - [MESSAGE][PASSED] - Delayed 5 second(s)

2022-06-23 23:32:20 - [MESSAGE][PASSED] - Attribute 'href' of object 'Object Repository/1. Constant/xpath' is: 'http://mdb-release.diadeis.lan/MediaboxIndependence/Base/ExecAction?action=VoirRef&IDSession=MBI!RELTESTAUTO_DREYERS!Q30KTNLTF6N8768473A5JHQZRECM164YF069CKVE&num=EOJUH20PAK&id_ref=5334#tab_lifecycle_SASStepB_12373'

2022-06-23 23:32:20 - [TEST_STEP][PASSED] - verifyMatch(StepB_33, "SASStepB", false): Actual text 'SASStepB' and expected text 'SASStepB' are matched 

2022-06-23 23:32:20 - [MESSAGE][PASSED] - Actual text 'SASStepB' and expected text 'SASStepB' are matched 

2022-06-23 23:32:20 - [TEST_STEP][PASSED] - I.Logout(): Delayed 3 second(s)

2022-06-23 23:32:23 - [MESSAGE][PASSED] - Delayed 3 second(s)

2022-06-23 23:32:24 - [MESSAGE][PASSED] - Object: 'Object Repository/1. Constant/xpath' is clicked on

2022-06-23 23:32:27 - [MESSAGE][PASSED] - Delayed 3 second(s)

2022-06-23 23:32:31 - [MESSAGE][PASSED] - Object: 'Object Repository/1. Constant/xpath' is clicked on

2022-06-23 23:32:34 - [MESSAGE][PASSED] - Delayed 3 second(s)

2022-06-23 23:32:34 - [TEST_STEP][PASSED] - I.Login_password("lmary", password_lmary): Object: 'Object Repository/1. Constant/xpath' is clicked on

2022-06-23 23:32:35 - [MESSAGE][PASSED] - Text 'lmary' is set on object 'Object Repository/1. Constant/xpath'

2022-06-23 23:32:36 - [MESSAGE][PASSED] - Delayed 1 second(s)

2022-06-23 23:32:37 - [MESSAGE][PASSED] - Text 'diadeis' is set on object 'Object Repository/1. Constant/xpath'

2022-06-23 23:32:38 - [MESSAGE][PASSED] - Delayed 1 second(s)

2022-06-23 23:32:44 - [MESSAGE][PASSED] - Object: 'Object Repository/1. Constant/xpath' is clicked on

2022-06-23 23:32:44 - [TEST_STEP][PASSED] - click(findTestObject("1. Constant/02_LHSMenu_Projects")): Object: 'Object Repository/1. Constant/02_LHSMenu_Projects' is clicked on

2022-06-23 23:32:49 - [MESSAGE][PASSED] - Object: 'Object Repository/1. Constant/02_LHSMenu_Projects' is clicked on

2022-06-23 23:32:49 - [TEST_STEP][PASSED] - I.SearchProjectNo_xpath(Project_No, "//*[@id="keynum_project"]", "//*[@id="form_filters"]/div[4]/button"): Delayed 5 second(s)

2022-06-23 23:32:50 - [MESSAGE][PASSED] - Delayed 1 second(s)

2022-06-23 23:32:52 - [MESSAGE][PASSED] - Text 'MI000883' is set on object 'Object Repository/1. Constant/xpath'

2022-06-23 23:32:55 - [MESSAGE][PASSED] - Delayed 3 second(s)

2022-06-23 23:32:57 - [MESSAGE][PASSED] - Scroll to object 'Object Repository/1. Constant/xpath' successfully

2022-06-23 23:33:01 - [MESSAGE][PASSED] - Object: 'Object Repository/1. Constant/xpath' is clicked on

2022-06-23 23:33:06 - [MESSAGE][PASSED] - Delayed 5 second(s)

2022-06-23 23:33:06 - [TEST_STEP][PASSED] - I.SearchRefNo_xpath("P19_Auto", "//*[@id="fiche_filter_keywords11"]", "//*[@id="form_filters"]/div[3]/button"): Delayed 5 second(s)

2022-06-23 23:33:07 - [MESSAGE][PASSED] - Delayed 1 second(s)

2022-06-23 23:33:09 - [MESSAGE][PASSED] - Text 'P19_Auto' is set on object 'Object Repository/1. Constant/xpath'

2022-06-23 23:33:12 - [MESSAGE][PASSED] - Delayed 3 second(s)

2022-06-23 23:33:13 - [MESSAGE][PASSED] - Scroll to object 'Object Repository/1. Constant/xpath' successfully

2022-06-23 23:33:16 - [MESSAGE][PASSED] - Object: 'Object Repository/1. Constant/xpath' is clicked on

2022-06-23 23:33:21 - [MESSAGE][PASSED] - Delayed 5 second(s)

2022-06-23 23:33:21 - [TEST_STEP][PASSED] - takeScreenshot(): Taking screenshot successfully

2022-06-23 23:33:22 - [MESSAGE][PASSED] - Taking screenshot successfully
[[ATTACHMENT|D:\\Projet Test Auto\\Mediabox Test Automation\\Reports\\20220623_184212\\03. Parallel Testing (Testing)\\TS -PT PART 3\\14.04 Dreyers Support Action (Ongoing _ Completed ref) - PART 4\\20220623_184236\\1656020001854.png]]

2022-06-23 23:33:22 - [TEST_STEP][PASSED] - Lifecycle_Status33 = getText(findTestObject("1. Constant/xpath", ["xpath":"//*[@id="source_" + refID19 + ""]/td[12]/span[1]"])): Text of object 'Object Repository/1. Constant/xpath' is: 'Phase 1.2 [Standard Phase]'

2022-06-23 23:33:23 - [MESSAGE][PASSED] - Text of object 'Object Repository/1. Constant/xpath' is: 'Phase 1.2 [Standard Phase]'

2022-06-23 23:33:23 - [TEST_STEP][PASSED] - verifyMatch(Lifecycle_Status33, "Phase 1.2 [Standard Phase]", false): Actual text 'Phase 1.2 [Standard Phase]' and expected text 'Phase 1.2 [Standard Phase]' are matched 

2022-06-23 23:33:23 - [MESSAGE][PASSED] - Actual text 'Phase 1.2 [Standard Phase]' and expected text 'Phase 1.2 [Standard Phase]' are matched 

2022-06-23 23:33:23 - [TEST_STEP][PASSED] - click(findTestObject("1. Constant/xpath", ["xpath":"//*[@id="source_" + refID19 + ""]/td[13]/a[2]"])): Object: 'Object Repository/1. Constant/xpath' is clicked on

2022-06-23 23:33:27 - [MESSAGE][PASSED] - Object: 'Object Repository/1. Constant/xpath' is clicked on

2022-06-23 23:33:27 - [TEST_STEP][PASSED] - click(findTestObject("1. Constant/xpath", ["xpath":"//*[@id="ModifFiche"]/div[1]/div/button[2]"])): Object: 'Object Repository/1. Constant/xpath' is clicked on

2022-06-23 23:33:33 - [MESSAGE][PASSED] - Object: 'Object Repository/1. Constant/xpath' is clicked on

2022-06-23 23:33:33 - [TEST_STEP][PASSED] - Lifecycle_Status44 = getText(findTestObject("1. Constant/xpath", ["xpath":"//*[@id="source_" + refID19 + ""]/td[12]/span[1]"])): Text of object 'Object Repository/1. Constant/xpath' is: 'Phase 1.2 [Standard Phase]'

2022-06-23 23:33:34 - [MESSAGE][PASSED] - Text of object 'Object Repository/1. Constant/xpath' is: 'Phase 1.2 [Standard Phase]'

2022-06-23 23:33:34 - [TEST_STEP][PASSED] - verifyMatch(Lifecycle_Status44, "Phase 1.2 [Standard Phase]", false): Actual text 'Phase 1.2 [Standard Phase]' and expected text 'Phase 1.2 [Standard Phase]' are matched 

2022-06-23 23:33:34 - [MESSAGE][PASSED] - Actual text 'Phase 1.2 [Standard Phase]' and expected text 'Phase 1.2 [Standard Phase]' are matched 

2022-06-23 23:33:34 - [TEST_STEP][PASSED] - click(findTestObject("1. Constant/xpath", ["xpath":"//*[@id="source_" + refID19 + ""]/td[13]/a[2]"])): Object: 'Object Repository/1. Constant/xpath' is clicked on

2022-06-23 23:33:37 - [MESSAGE][PASSED] - Object: 'Object Repository/1. Constant/xpath' is clicked on

2022-06-23 23:33:37 - [TEST_STEP][PASSED] - click(findTestObject("1. Constant/xpath", ["xpath":"//*[@id="ModifFiche"]/div[1]/div/button[2]"])): Object: 'Object Repository/1. Constant/xpath' is clicked on

2022-06-23 23:33:41 - [MESSAGE][PASSED] - Object: 'Object Repository/1. Constant/xpath' is clicked on

2022-06-23 23:33:41 - [TEST_STEP][PASSED] - Lifecycle_Status4 = getText(findTestObject("1. Constant/xpath", ["xpath":"//*[@id="source_" + refID19 + ""]/td[12]/span[1]"])): Text of object 'Object Repository/1. Constant/xpath' is: 'Phase 2.1 [Production]'

2022-06-23 23:33:42 - [MESSAGE][PASSED] - Text of object 'Object Repository/1. Constant/xpath' is: 'Phase 2.1 [Production]'

2022-06-23 23:33:42 - [TEST_STEP][PASSED] - verifyMatch(Lifecycle_Status4, "Phase 2.1 [Production]", false): Actual text 'Phase 2.1 [Production]' and expected text 'Phase 2.1 [Production]' are matched 

2022-06-23 23:33:42 - [MESSAGE][PASSED] - Actual text 'Phase 2.1 [Production]' and expected text 'Phase 2.1 [Production]' are matched 

2022-06-23 23:33:42 - [TEST_STEP][PASSED] - closeBrowser(): Browser is closed

2022-06-23 23:33:53 - [MESSAGE][PASSED] - Browser is closed

2022-06-23 23:33:53 - [TEST_STEP][PASSED] - Start listener action : sampleAfterTestCase: null]]></system-out>
         <system-err><![CDATA[]]></system-err>
      </testcase>
      <system-out><![CDATA[2022-06-23 22:32:56 - [TEST_SUITE][PASSED] - 14.04 Dreyers Support Action (Ongoing _ Completed ref) - PART 4: Test Cases/19. Dreyers Support Action (Ongoing ref_completed)/19.19 Dreyers SAS Add Phase group (Ongoing ref) S25 - P19]]></system-out>
      <system-err><![CDATA[]]></system-err>
   </testsuite>
</testsuites>
