<?xml version="1.0" encoding="UTF-8"?>
<testsuites name="11 Tag SAS_Task_Full lifecycle" time="2846.625" tests="6" failures="0" errors="0">
   <testsuite name="11 Tag SAS_Task_Full lifecycle" tests="6" failures="0" errors="0" time="2846.625" skipped="0" timestamp="2022-06-23 23:01:49" hostname="lamhe - DPF-MBI-VERIF.ad.sgsco.int" id="Test Suites/03. Parallel Testing (Testing)/TS -PT PART 3/11 Tag SAS_Task_Full lifecycle">
      <properties>
         <property name="deviceName" value=""/>
         <property name="devicePlatform" value=""/>
         <property name="logFolder" value="D:\\Projet Test Auto\\Mediabox Test Automation\\Reports\\20220623_184212\\03. Parallel Testing (Testing)\\TS -PT PART 3\\11 Tag SAS_Task_Full lifecycle\\20220623_184238"/>
         <property name="logFiles" value="D:\\Projet Test Auto\\Mediabox Test Automation\\Reports\\20220623_184212\\03. Parallel Testing (Testing)\\TS -PT PART 3\\11 Tag SAS_Task_Full lifecycle\\20220623_184238\\execution0.log"/>
         <property name="attachments" value="D:\\Projet Test Auto\\Mediabox Test Automation\\Reports\\20220623_184212\\03. Parallel Testing (Testing)\\TS -PT PART 3\\11 Tag SAS_Task_Full lifecycle\\20220623_184238\\1656018143348.png, D:\\Projet Test Auto\\Mediabox Test Automation\\Reports\\20220623_184212\\03. Parallel Testing (Testing)\\TS -PT PART 3\\11 Tag SAS_Task_Full lifecycle\\20220623_184238\\1656018235547.png, D:\\Projet Test Auto\\Mediabox Test Automation\\Reports\\20220623_184212\\03. Parallel Testing (Testing)\\TS -PT PART 3\\11 Tag SAS_Task_Full lifecycle\\20220623_184238\\1656018314681.png, D:\\Projet Test Auto\\Mediabox Test Automation\\Reports\\20220623_184212\\03. Parallel Testing (Testing)\\TS -PT PART 3\\11 Tag SAS_Task_Full lifecycle\\20220623_184238\\1656018322860.png, D:\\Projet Test Auto\\Mediabox Test Automation\\Reports\\20220623_184212\\03. Parallel Testing (Testing)\\TS -PT PART 3\\11 Tag SAS_Task_Full lifecycle\\20220623_184238\\1656018334846.png, D:\\Projet Test Auto\\Mediabox Test Automation\\Reports\\20220623_184212\\03. Parallel Testing (Testing)\\TS -PT PART 3\\11 Tag SAS_Task_Full lifecycle\\20220623_184238\\1656018375701.png, D:\\Projet Test Auto\\Mediabox Test Automation\\Reports\\20220623_184212\\03. Parallel Testing (Testing)\\TS -PT PART 3\\11 Tag SAS_Task_Full lifecycle\\20220623_184238\\1656018441409.png, D:\\Projet Test Auto\\Mediabox Test Automation\\Reports\\20220623_184212\\03. Parallel Testing (Testing)\\TS -PT PART 3\\11 Tag SAS_Task_Full lifecycle\\20220623_184238\\1656018479109.png, D:\\Projet Test Auto\\Mediabox Test Automation\\Reports\\20220623_184212\\03. Parallel Testing (Testing)\\TS -PT PART 3\\11 Tag SAS_Task_Full lifecycle\\20220623_184238\\1656018483897.png, D:\\Projet Test Auto\\Mediabox Test Automation\\Reports\\20220623_184212\\03. Parallel Testing (Testing)\\TS -PT PART 3\\11 Tag SAS_Task_Full lifecycle\\20220623_184238\\1656018491703.png, D:\\Projet Test Auto\\Mediabox Test Automation\\Reports\\20220623_184212\\03. Parallel Testing (Testing)\\TS -PT PART 3\\11 Tag SAS_Task_Full lifecycle\\20220623_184238\\1656018499214.png, D:\\Projet Test Auto\\Mediabox Test Automation\\Reports\\20220623_184212\\03. Parallel Testing (Testing)\\TS -PT PART 3\\11 Tag SAS_Task_Full lifecycle\\20220623_184238\\1656018506343.png, D:\\Projet Test Auto\\Mediabox Test Automation\\Reports\\20220623_184212\\03. Parallel Testing (Testing)\\TS -PT PART 3\\11 Tag SAS_Task_Full lifecycle\\20220623_184238\\1656018513341.png, D:\\Projet Test Auto\\Mediabox Test Automation\\Reports\\20220623_184212\\03. Parallel Testing (Testing)\\TS -PT PART 3\\11 Tag SAS_Task_Full lifecycle\\20220623_184238\\1656018523654.png, D:\\Projet Test Auto\\Mediabox Test Automation\\Reports\\20220623_184212\\03. Parallel Testing (Testing)\\TS -PT PART 3\\11 Tag SAS_Task_Full lifecycle\\20220623_184238\\1656018527711.png, D:\\Projet Test Auto\\Mediabox Test Automation\\Reports\\20220623_184212\\03. Parallel Testing (Testing)\\TS -PT PART 3\\11 Tag SAS_Task_Full lifecycle\\20220623_184238\\1656018545909.png, D:\\Projet Test Auto\\Mediabox Test Automation\\Reports\\20220623_184212\\03. Parallel Testing (Testing)\\TS -PT PART 3\\11 Tag SAS_Task_Full lifecycle\\20220623_184238\\1656018556084.png, D:\\Projet Test Auto\\Mediabox Test Automation\\Reports\\20220623_184212\\03. Parallel Testing (Testing)\\TS -PT PART 3\\11 Tag SAS_Task_Full lifecycle\\20220623_184238\\1656018564134.png, D:\\Projet Test Auto\\Mediabox Test Automation\\Reports\\20220623_184212\\03. Parallel Testing (Testing)\\TS -PT PART 3\\11 Tag SAS_Task_Full lifecycle\\20220623_184238\\1656018611266.png, D:\\Projet Test Auto\\Mediabox Test Automation\\Reports\\20220623_184212\\03. Parallel Testing (Testing)\\TS -PT PART 3\\11 Tag SAS_Task_Full lifecycle\\20220623_184238\\1656018624036.png, D:\\Projet Test Auto\\Mediabox Test Automation\\Reports\\20220623_184212\\03. Parallel Testing (Testing)\\TS -PT PART 3\\11 Tag SAS_Task_Full lifecycle\\20220623_184238\\1656018632885.png, D:\\Projet Test Auto\\Mediabox Test Automation\\Reports\\20220623_184212\\03. Parallel Testing (Testing)\\TS -PT PART 3\\11 Tag SAS_Task_Full lifecycle\\20220623_184238\\1656018640471.png, D:\\Projet Test Auto\\Mediabox Test Automation\\Reports\\20220623_184212\\03. Parallel Testing (Testing)\\TS -PT PART 3\\11 Tag SAS_Task_Full lifecycle\\20220623_184238\\1656018644355.png, D:\\Projet Test Auto\\Mediabox Test Automation\\Reports\\20220623_184212\\03. Parallel Testing (Testing)\\TS -PT PART 3\\11 Tag SAS_Task_Full lifecycle\\20220623_184238\\1656018645084.png, D:\\Projet Test Auto\\Mediabox Test Automation\\Reports\\20220623_184212\\03. Parallel Testing (Testing)\\TS -PT PART 3\\11 Tag SAS_Task_Full lifecycle\\20220623_184238\\1656018650301.png, D:\\Projet Test Auto\\Mediabox Test Automation\\Reports\\20220623_184212\\03. Parallel Testing (Testing)\\TS -PT PART 3\\11 Tag SAS_Task_Full lifecycle\\20220623_184238\\1656018656414.png, D:\\Projet Test Auto\\Mediabox Test Automation\\Reports\\20220623_184212\\03. Parallel Testing (Testing)\\TS -PT PART 3\\11 Tag SAS_Task_Full lifecycle\\20220623_184238\\1656018667280.png, D:\\Projet Test Auto\\Mediabox Test Automation\\Reports\\20220623_184212\\03. Parallel Testing (Testing)\\TS -PT PART 3\\11 Tag SAS_Task_Full lifecycle\\20220623_184238\\1656018705521.png, D:\\Projet Test Auto\\Mediabox Test Automation\\Reports\\20220623_184212\\03. Parallel Testing (Testing)\\TS -PT PART 3\\11 Tag SAS_Task_Full lifecycle\\20220623_184238\\1656018717651.png, D:\\Projet Test Auto\\Mediabox Test Automation\\Reports\\20220623_184212\\03. Parallel Testing (Testing)\\TS -PT PART 3\\11 Tag SAS_Task_Full lifecycle\\20220623_184238\\1656018722514.png, D:\\Projet Test Auto\\Mediabox Test Automation\\Reports\\20220623_184212\\03. Parallel Testing (Testing)\\TS -PT PART 3\\11 Tag SAS_Task_Full lifecycle\\20220623_184238\\1656018757634.png, D:\\Projet Test Auto\\Mediabox Test Automation\\Reports\\20220623_184212\\03. Parallel Testing (Testing)\\TS -PT PART 3\\11 Tag SAS_Task_Full lifecycle\\20220623_184238\\1656018764358.png, D:\\Projet Test Auto\\Mediabox Test Automation\\Reports\\20220623_184212\\03. Parallel Testing (Testing)\\TS -PT PART 3\\11 Tag SAS_Task_Full lifecycle\\20220623_184238\\1656018774058.png, D:\\Projet Test Auto\\Mediabox Test Automation\\Reports\\20220623_184212\\03. Parallel Testing (Testing)\\TS -PT PART 3\\11 Tag SAS_Task_Full lifecycle\\20220623_184238\\1656018839234.png, D:\\Projet Test Auto\\Mediabox Test Automation\\Reports\\20220623_184212\\03. Parallel Testing (Testing)\\TS -PT PART 3\\11 Tag SAS_Task_Full lifecycle\\20220623_184238\\1656018845955.png, D:\\Projet Test Auto\\Mediabox Test Automation\\Reports\\20220623_184212\\03. Parallel Testing (Testing)\\TS -PT PART 3\\11 Tag SAS_Task_Full lifecycle\\20220623_184238\\1656018862009.png, D:\\Projet Test Auto\\Mediabox Test Automation\\Reports\\20220623_184212\\03. Parallel Testing (Testing)\\TS -PT PART 3\\11 Tag SAS_Task_Full lifecycle\\20220623_184238\\1656018879204.png, D:\\Projet Test Auto\\Mediabox Test Automation\\Reports\\20220623_184212\\03. Parallel Testing (Testing)\\TS -PT PART 3\\11 Tag SAS_Task_Full lifecycle\\20220623_184238\\1656018930212.png, D:\\Projet Test Auto\\Mediabox Test Automation\\Reports\\20220623_184212\\03. Parallel Testing (Testing)\\TS -PT PART 3\\11 Tag SAS_Task_Full lifecycle\\20220623_184238\\1656018937121.png, D:\\Projet Test Auto\\Mediabox Test Automation\\Reports\\20220623_184212\\03. Parallel Testing (Testing)\\TS -PT PART 3\\11 Tag SAS_Task_Full lifecycle\\20220623_184238\\1656018960282.png, D:\\Projet Test Auto\\Mediabox Test Automation\\Reports\\20220623_184212\\03. Parallel Testing (Testing)\\TS -PT PART 3\\11 Tag SAS_Task_Full lifecycle\\20220623_184238\\1656018998705.png, D:\\Projet Test Auto\\Mediabox Test Automation\\Reports\\20220623_184212\\03. Parallel Testing (Testing)\\TS -PT PART 3\\11 Tag SAS_Task_Full lifecycle\\20220623_184238\\1656019039605.png, D:\\Projet Test Auto\\Mediabox Test Automation\\Reports\\20220623_184212\\03. Parallel Testing (Testing)\\TS -PT PART 3\\11 Tag SAS_Task_Full lifecycle\\20220623_184238\\1656019043506.png, D:\\Projet Test Auto\\Mediabox Test Automation\\Reports\\20220623_184212\\03. Parallel Testing (Testing)\\TS -PT PART 3\\11 Tag SAS_Task_Full lifecycle\\20220623_184238\\1656019050210.png, D:\\Projet Test Auto\\Mediabox Test Automation\\Reports\\20220623_184212\\03. Parallel Testing (Testing)\\TS -PT PART 3\\11 Tag SAS_Task_Full lifecycle\\20220623_184238\\1656019052187.png, D:\\Projet Test Auto\\Mediabox Test Automation\\Reports\\20220623_184212\\03. Parallel Testing (Testing)\\TS -PT PART 3\\11 Tag SAS_Task_Full lifecycle\\20220623_184238\\1656019121941.png, D:\\Projet Test Auto\\Mediabox Test Automation\\Reports\\20220623_184212\\03. Parallel Testing (Testing)\\TS -PT PART 3\\11 Tag SAS_Task_Full lifecycle\\20220623_184238\\1656019127982.png, D:\\Projet Test Auto\\Mediabox Test Automation\\Reports\\20220623_184212\\03. Parallel Testing (Testing)\\TS -PT PART 3\\11 Tag SAS_Task_Full lifecycle\\20220623_184238\\1656019151265.png, D:\\Projet Test Auto\\Mediabox Test Automation\\Reports\\20220623_184212\\03. Parallel Testing (Testing)\\TS -PT PART 3\\11 Tag SAS_Task_Full lifecycle\\20220623_184238\\1656019191121.png, D:\\Projet Test Auto\\Mediabox Test Automation\\Reports\\20220623_184212\\03. Parallel Testing (Testing)\\TS -PT PART 3\\11 Tag SAS_Task_Full lifecycle\\20220623_184238\\1656019238630.png, D:\\Projet Test Auto\\Mediabox Test Automation\\Reports\\20220623_184212\\03. Parallel Testing (Testing)\\TS -PT PART 3\\11 Tag SAS_Task_Full lifecycle\\20220623_184238\\1656019321263.png, D:\\Projet Test Auto\\Mediabox Test Automation\\Reports\\20220623_184212\\03. Parallel Testing (Testing)\\TS -PT PART 3\\11 Tag SAS_Task_Full lifecycle\\20220623_184238\\1656019357277.png, D:\\Projet Test Auto\\Mediabox Test Automation\\Reports\\20220623_184212\\03. Parallel Testing (Testing)\\TS -PT PART 3\\11 Tag SAS_Task_Full lifecycle\\20220623_184238\\1656019367570.png, D:\\Projet Test Auto\\Mediabox Test Automation\\Reports\\20220623_184212\\03. Parallel Testing (Testing)\\TS -PT PART 3\\11 Tag SAS_Task_Full lifecycle\\20220623_184238\\1656019407282.png, D:\\Projet Test Auto\\Mediabox Test Automation\\Reports\\20220623_184212\\03. Parallel Testing (Testing)\\TS -PT PART 3\\11 Tag SAS_Task_Full lifecycle\\20220623_184238\\1656019432455.png, D:\\Projet Test Auto\\Mediabox Test Automation\\Reports\\20220623_184212\\03. Parallel Testing (Testing)\\TS -PT PART 3\\11 Tag SAS_Task_Full lifecycle\\20220623_184238\\1656019465578.png, D:\\Projet Test Auto\\Mediabox Test Automation\\Reports\\20220623_184212\\03. Parallel Testing (Testing)\\TS -PT PART 3\\11 Tag SAS_Task_Full lifecycle\\20220623_184238\\1656019488456.png, D:\\Projet Test Auto\\Mediabox Test Automation\\Reports\\20220623_184212\\03. Parallel Testing (Testing)\\TS -PT PART 3\\11 Tag SAS_Task_Full lifecycle\\20220623_184238\\1656019505481.png, D:\\Projet Test Auto\\Mediabox Test Automation\\Reports\\20220623_184212\\03. Parallel Testing (Testing)\\TS -PT PART 3\\11 Tag SAS_Task_Full lifecycle\\20220623_184238\\1656019555410.png, D:\\Projet Test Auto\\Mediabox Test Automation\\Reports\\20220623_184212\\03. Parallel Testing (Testing)\\TS -PT PART 3\\11 Tag SAS_Task_Full lifecycle\\20220623_184238\\1656019563443.png, D:\\Projet Test Auto\\Mediabox Test Automation\\Reports\\20220623_184212\\03. Parallel Testing (Testing)\\TS -PT PART 3\\11 Tag SAS_Task_Full lifecycle\\20220623_184238\\1656019588008.png, D:\\Projet Test Auto\\Mediabox Test Automation\\Reports\\20220623_184212\\03. Parallel Testing (Testing)\\TS -PT PART 3\\11 Tag SAS_Task_Full lifecycle\\20220623_184238\\1656019627357.png, D:\\Projet Test Auto\\Mediabox Test Automation\\Reports\\20220623_184212\\03. Parallel Testing (Testing)\\TS -PT PART 3\\11 Tag SAS_Task_Full lifecycle\\20220623_184238\\1656019628665.png, D:\\Projet Test Auto\\Mediabox Test Automation\\Reports\\20220623_184212\\03. Parallel Testing (Testing)\\TS -PT PART 3\\11 Tag SAS_Task_Full lifecycle\\20220623_184238\\1656019639653.png, D:\\Projet Test Auto\\Mediabox Test Automation\\Reports\\20220623_184212\\03. Parallel Testing (Testing)\\TS -PT PART 3\\11 Tag SAS_Task_Full lifecycle\\20220623_184238\\1656019711964.png, D:\\Projet Test Auto\\Mediabox Test Automation\\Reports\\20220623_184212\\03. Parallel Testing (Testing)\\TS -PT PART 3\\11 Tag SAS_Task_Full lifecycle\\20220623_184238\\1656019739998.png, D:\\Projet Test Auto\\Mediabox Test Automation\\Reports\\20220623_184212\\03. Parallel Testing (Testing)\\TS -PT PART 3\\11 Tag SAS_Task_Full lifecycle\\20220623_184238\\1656019758824.png, D:\\Projet Test Auto\\Mediabox Test Automation\\Reports\\20220623_184212\\03. Parallel Testing (Testing)\\TS -PT PART 3\\11 Tag SAS_Task_Full lifecycle\\20220623_184238\\1656019781233.png, D:\\Projet Test Auto\\Mediabox Test Automation\\Reports\\20220623_184212\\03. Parallel Testing (Testing)\\TS -PT PART 3\\11 Tag SAS_Task_Full lifecycle\\20220623_184238\\1656019832505.png, D:\\Projet Test Auto\\Mediabox Test Automation\\Reports\\20220623_184212\\03. Parallel Testing (Testing)\\TS -PT PART 3\\11 Tag SAS_Task_Full lifecycle\\20220623_184238\\1656019853848.png, D:\\Projet Test Auto\\Mediabox Test Automation\\Reports\\20220623_184212\\03. Parallel Testing (Testing)\\TS -PT PART 3\\11 Tag SAS_Task_Full lifecycle\\20220623_184238\\1656019886916.png, D:\\Projet Test Auto\\Mediabox Test Automation\\Reports\\20220623_184212\\03. Parallel Testing (Testing)\\TS -PT PART 3\\11 Tag SAS_Task_Full lifecycle\\20220623_184238\\1656019907096.png, D:\\Projet Test Auto\\Mediabox Test Automation\\Reports\\20220623_184212\\03. Parallel Testing (Testing)\\TS -PT PART 3\\11 Tag SAS_Task_Full lifecycle\\20220623_184238\\1656019914106.png, D:\\Projet Test Auto\\Mediabox Test Automation\\Reports\\20220623_184212\\03. Parallel Testing (Testing)\\TS -PT PART 3\\11 Tag SAS_Task_Full lifecycle\\20220623_184238\\1656019938400.png, D:\\Projet Test Auto\\Mediabox Test Automation\\Reports\\20220623_184212\\03. Parallel Testing (Testing)\\TS -PT PART 3\\11 Tag SAS_Task_Full lifecycle\\20220623_184238\\1656019982199.png, D:\\Projet Test Auto\\Mediabox Test Automation\\Reports\\20220623_184212\\03. Parallel Testing (Testing)\\TS -PT PART 3\\11 Tag SAS_Task_Full lifecycle\\20220623_184238\\1656019983085.png, D:\\Projet Test Auto\\Mediabox Test Automation\\Reports\\20220623_184212\\03. Parallel Testing (Testing)\\TS -PT PART 3\\11 Tag SAS_Task_Full lifecycle\\20220623_184238\\1656020006286.png, D:\\Projet Test Auto\\Mediabox Test Automation\\Reports\\20220623_184212\\03. Parallel Testing (Testing)\\TS -PT PART 3\\11 Tag SAS_Task_Full lifecycle\\20220623_184238\\1656020037102.png, D:\\Projet Test Auto\\Mediabox Test Automation\\Reports\\20220623_184212\\03. Parallel Testing (Testing)\\TS -PT PART 3\\11 Tag SAS_Task_Full lifecycle\\20220623_184238\\1656020094763.png, D:\\Projet Test Auto\\Mediabox Test Automation\\Reports\\20220623_184212\\03. Parallel Testing (Testing)\\TS -PT PART 3\\11 Tag SAS_Task_Full lifecycle\\20220623_184238\\1656020145631.png, D:\\Projet Test Auto\\Mediabox Test Automation\\Reports\\20220623_184212\\03. Parallel Testing (Testing)\\TS -PT PART 3\\11 Tag SAS_Task_Full lifecycle\\20220623_184238\\1656020167952.png, D:\\Projet Test Auto\\Mediabox Test Automation\\Reports\\20220623_184212\\03. Parallel Testing (Testing)\\TS -PT PART 3\\11 Tag SAS_Task_Full lifecycle\\20220623_184238\\1656020196327.png, D:\\Projet Test Auto\\Mediabox Test Automation\\Reports\\20220623_184212\\03. Parallel Testing (Testing)\\TS -PT PART 3\\11 Tag SAS_Task_Full lifecycle\\20220623_184238\\1656020242082.png, D:\\Projet Test Auto\\Mediabox Test Automation\\Reports\\20220623_184212\\03. Parallel Testing (Testing)\\TS -PT PART 3\\11 Tag SAS_Task_Full lifecycle\\20220623_184238\\1656020265445.png, D:\\Projet Test Auto\\Mediabox Test Automation\\Reports\\20220623_184212\\03. Parallel Testing (Testing)\\TS -PT PART 3\\11 Tag SAS_Task_Full lifecycle\\20220623_184238\\1656020295551.png, D:\\Projet Test Auto\\Mediabox Test Automation\\Reports\\20220623_184212\\03. Parallel Testing (Testing)\\TS -PT PART 3\\11 Tag SAS_Task_Full lifecycle\\20220623_184238\\1656020344897.png, D:\\Projet Test Auto\\Mediabox Test Automation\\Reports\\20220623_184212\\03. Parallel Testing (Testing)\\TS -PT PART 3\\11 Tag SAS_Task_Full lifecycle\\20220623_184238\\1656020378053.png, D:\\Projet Test Auto\\Mediabox Test Automation\\Reports\\20220623_184212\\03. Parallel Testing (Testing)\\TS -PT PART 3\\11 Tag SAS_Task_Full lifecycle\\20220623_184238\\1656020403523.png, D:\\Projet Test Auto\\Mediabox Test Automation\\Reports\\20220623_184212\\03. Parallel Testing (Testing)\\TS -PT PART 3\\11 Tag SAS_Task_Full lifecycle\\20220623_184238\\1656020434595.png, D:\\Projet Test Auto\\Mediabox Test Automation\\Reports\\20220623_184212\\03. Parallel Testing (Testing)\\TS -PT PART 3\\11 Tag SAS_Task_Full lifecycle\\20220623_184238\\1656020448269.png, D:\\Projet Test Auto\\Mediabox Test Automation\\Reports\\20220623_184212\\03. Parallel Testing (Testing)\\TS -PT PART 3\\11 Tag SAS_Task_Full lifecycle\\20220623_184238\\1656020459407.png, D:\\Projet Test Auto\\Mediabox Test Automation\\Reports\\20220623_184212\\03. Parallel Testing (Testing)\\TS -PT PART 3\\11 Tag SAS_Task_Full lifecycle\\20220623_184238\\1656020483443.png, D:\\Projet Test Auto\\Mediabox Test Automation\\Reports\\20220623_184212\\03. Parallel Testing (Testing)\\TS -PT PART 3\\11 Tag SAS_Task_Full lifecycle\\20220623_184238\\1656020515331.png, D:\\Projet Test Auto\\Mediabox Test Automation\\Reports\\20220623_184212\\03. Parallel Testing (Testing)\\TS -PT PART 3\\11 Tag SAS_Task_Full lifecycle\\20220623_184238\\1656020540388.png, D:\\Projet Test Auto\\Mediabox Test Automation\\Reports\\20220623_184212\\03. Parallel Testing (Testing)\\TS -PT PART 3\\11 Tag SAS_Task_Full lifecycle\\20220623_184238\\1656020567223.png, D:\\Projet Test Auto\\Mediabox Test Automation\\Reports\\20220623_184212\\03. Parallel Testing (Testing)\\TS -PT PART 3\\11 Tag SAS_Task_Full lifecycle\\20220623_184238\\1656020577595.png, D:\\Projet Test Auto\\Mediabox Test Automation\\Reports\\20220623_184212\\03. Parallel Testing (Testing)\\TS -PT PART 3\\11 Tag SAS_Task_Full lifecycle\\20220623_184238\\1656020582893.png, D:\\Projet Test Auto\\Mediabox Test Automation\\Reports\\20220623_184212\\03. Parallel Testing (Testing)\\TS -PT PART 3\\11 Tag SAS_Task_Full lifecycle\\20220623_184238\\1656020603359.png, D:\\Projet Test Auto\\Mediabox Test Automation\\Reports\\20220623_184212\\03. Parallel Testing (Testing)\\TS -PT PART 3\\11 Tag SAS_Task_Full lifecycle\\20220623_184238\\1656020632962.png, D:\\Projet Test Auto\\Mediabox Test Automation\\Reports\\20220623_184212\\03. Parallel Testing (Testing)\\TS -PT PART 3\\11 Tag SAS_Task_Full lifecycle\\20220623_184238\\1656020684342.png, D:\\Projet Test Auto\\Mediabox Test Automation\\Reports\\20220623_184212\\03. Parallel Testing (Testing)\\TS -PT PART 3\\11 Tag SAS_Task_Full lifecycle\\20220623_184238\\1656020693933.png, D:\\Projet Test Auto\\Mediabox Test Automation\\Reports\\20220623_184212\\03. Parallel Testing (Testing)\\TS -PT PART 3\\11 Tag SAS_Task_Full lifecycle\\20220623_184238\\1656020697472.png, D:\\Projet Test Auto\\Mediabox Test Automation\\Reports\\20220623_184212\\03. Parallel Testing (Testing)\\TS -PT PART 3\\11 Tag SAS_Task_Full lifecycle\\20220623_184238\\1656020700430.png, D:\\Projet Test Auto\\Mediabox Test Automation\\Reports\\20220623_184212\\03. Parallel Testing (Testing)\\TS -PT PART 3\\11 Tag SAS_Task_Full lifecycle\\20220623_184238\\1656020720466.png, D:\\Projet Test Auto\\Mediabox Test Automation\\Reports\\20220623_184212\\03. Parallel Testing (Testing)\\TS -PT PART 3\\11 Tag SAS_Task_Full lifecycle\\20220623_184238\\1656020766776.png, D:\\Projet Test Auto\\Mediabox Test Automation\\Reports\\20220623_184212\\03. Parallel Testing (Testing)\\TS -PT PART 3\\11 Tag SAS_Task_Full lifecycle\\20220623_184238\\1656020794418.png, D:\\Projet Test Auto\\Mediabox Test Automation\\Reports\\20220623_184212\\03. Parallel Testing (Testing)\\TS -PT PART 3\\11 Tag SAS_Task_Full lifecycle\\20220623_184238\\1656020857192.png, D:\\Projet Test Auto\\Mediabox Test Automation\\Reports\\20220623_184212\\03. Parallel Testing (Testing)\\TS -PT PART 3\\11 Tag SAS_Task_Full lifecycle\\20220623_184238\\1656020878057.png, D:\\Projet Test Auto\\Mediabox Test Automation\\Reports\\20220623_184212\\03. Parallel Testing (Testing)\\TS -PT PART 3\\11 Tag SAS_Task_Full lifecycle\\20220623_184238\\1656020911858.png, D:\\Projet Test Auto\\Mediabox Test Automation\\Reports\\20220623_184212\\03. Parallel Testing (Testing)\\TS -PT PART 3\\11 Tag SAS_Task_Full lifecycle\\20220623_184238\\1656020923866.png, D:\\Projet Test Auto\\Mediabox Test Automation\\Reports\\20220623_184212\\03. Parallel Testing (Testing)\\TS -PT PART 3\\11 Tag SAS_Task_Full lifecycle\\20220623_184238\\1656020929383.png, D:\\Projet Test Auto\\Mediabox Test Automation\\Reports\\20220623_184212\\03. Parallel Testing (Testing)\\TS -PT PART 3\\11 Tag SAS_Task_Full lifecycle\\20220623_184238\\1656020948382.png"/>
         <property name="hostName" value="lamhe - DPF-MBI-VERIF.ad.sgsco.int"/>
         <property name="os" value="Windows 10 64bit"/>
         <property name="katalonVersion" value="8.3.0.208"/>
         <property name="browser" value="Chrome 102.0.5005.115"/>
         <property name="hostAddress" value="10.15.10.53"/>
         <property name="sessionId" value="367f1a7bcc306f40d51d2b0695577fbc"/>
         <property name="seleniumVersion" value="3.141.59"/>
         <property name="proxyInformation" value="ProxyInformation { proxyOption=NO_PROXY, proxyServerType=HTTP, username=, password=********, proxyServerAddress=, proxyServerPort=0, executionList=&quot;&quot;, isApplyToDesiredCapabilities=true }"/>
         <property name="platform" value="Windows 10"/>
      </properties>
      <testcase name="Test Cases/18. Tag Sephora Npp Starpack Task (Standard_ Question_ Prod)/18.01 Tag Full Lifecycle_Perform Task (used in 18.02) P1" time="691.202" classname="Test Cases/18. Tag Sephora Npp Starpack Task (Standard_ Question_ Prod)/18.01 Tag Full Lifecycle_Perform Task (used in 18.02) P1" status="PASSED">
         <system-out><![CDATA[2022-06-23 23:01:50 - [TEST_CASE][PASSED] - Test Cases/18. Tag Sephora Npp Starpack Task (Standard_ Question_ Prod)/18.01 Tag Full Lifecycle_Perform Task (used in 18.02) P1: Test Cases/18. Tag Sephora Npp Starpack Task (Standard_ Question_ Prod)/18.01 Tag Full Lifecycle_Perform Task (used in 18.02) P1

2022-06-23 23:01:51 - [TEST_STEP][PASSED] - data_Tag = findTestData("Data Files/Username_Password/Tag"): null

2022-06-23 23:01:51 - [TEST_STEP][PASSED] - password_jedun = data_Tag.getValue(3, 1): null

2022-06-23 23:01:51 - [TEST_STEP][PASSED] - password_aamiot = data_Tag.getValue(3, 29): null

2022-06-23 23:01:51 - [TEST_STEP][PASSED] - password_daguirre = data_Tag.getValue(3, 30): null

2022-06-23 23:01:51 - [TEST_STEP][PASSED] - password_aomoto = data_Tag.getValue(3, 31): null

2022-06-23 23:01:51 - [TEST_STEP][PASSED] - password_apetit = data_Tag.getValue(3, 32): null

2022-06-23 23:01:51 - [TEST_STEP][PASSED] - data_urlRELAUTO = findTestData("Data Files/URL/URL_relauto"): null

2022-06-23 23:01:51 - [TEST_STEP][PASSED] - Url_Tag = data_urlRELAUTO.getValue(2, 3): null

2022-06-23 23:01:51 - [TEST_STEP][PASSED] - I.clearnotepad("D:\Upoad_File\Projet_ Login\Tag\18.01 Tag _Project_No\18.01_Tag_ProjectNo.txt"): null

2022-06-23 23:01:51 - [TEST_STEP][PASSED] - I.clearnotepad("D:\Upoad_File\Projet_ Login\Tag\18.01 Tag _Project_No\18.01_Tag_refID1.txt"): null

2022-06-23 23:01:51 - [TEST_STEP][PASSED] - I.clearnotepad("D:\Upoad_File\Projet_ Login\Tag\18.01 Tag _Project_No\18.01_Tag_refID2.txt"): null

2022-06-23 23:01:51 - [TEST_STEP][PASSED] - openBrowser(Url_Tag): Browser is opened with url: 'http://mdb-release.diadeis.lan/MediaboxIndependence/?MBI_datasource=RELTESTAUTO_TAG'

2022-06-23 23:01:52 - [MESSAGE][INFO] - Starting 'Chrome (headless)' driver

2022-06-23 23:01:52 - [MESSAGE][INFO] - User set preference: ['args', '[--window-size=1920,1080, --headless]']

2022-06-23 23:01:52 - [MESSAGE][INFO] - Action delay is set to 0 milliseconds

2022-06-23 23:02:22 - [MESSAGE][PASSED] - Browser is opened with url: 'http://mdb-release.diadeis.lan/MediaboxIndependence/?MBI_datasource=RELTESTAUTO_TAG'

2022-06-23 23:02:22 - [TEST_STEP][PASSED] - maximizeWindow(): Current window maximized

2022-06-23 23:02:22 - [MESSAGE][PASSED] - Current window maximized

2022-06-23 23:02:22 - [TEST_STEP][PASSED] - waitForPageLoad(30): Wait for page load successfully

2022-06-23 23:02:23 - [MESSAGE][PASSED] - Wait for page load successfully

2022-06-23 23:02:23 - [TEST_STEP][PASSED] - takeScreenshot(): Taking screenshot successfully

2022-06-23 23:02:23 - [MESSAGE][PASSED] - Taking screenshot successfully
[[ATTACHMENT|D:\\Projet Test Auto\\Mediabox Test Automation\\Reports\\20220623_184212\\03. Parallel Testing (Testing)\\TS -PT PART 3\\11 Tag SAS_Task_Full lifecycle\\20220623_184238\\1656018143348.png]]

2022-06-23 23:02:23 - [TEST_STEP][PASSED] - I.Login_password("aomoto", password_aomoto): Object: 'Object Repository/1. Constant/xpath' is clicked on

2022-06-23 23:02:25 - [MESSAGE][PASSED] - Text 'aomoto' is set on object 'Object Repository/1. Constant/xpath'

2022-06-23 23:02:26 - [MESSAGE][PASSED] - Delayed 1 second(s)

2022-06-23 23:02:30 - [MESSAGE][PASSED] - Text 'dchi' is set on object 'Object Repository/1. Constant/xpath'

2022-06-23 23:02:31 - [MESSAGE][PASSED] - Delayed 1 second(s)

2022-06-23 23:02:49 - [MESSAGE][PASSED] - Object: 'Object Repository/1. Constant/xpath' is clicked on

2022-06-23 23:02:49 - [TEST_STEP][PASSED] - task1_aomoto = I.Get_Task_No("//*[@id="kt_header"]/div/div[2]/div[1]/div[1]"): Text of object 'Object Repository/1. Constant/xpath' is: '3'

2022-06-23 23:02:50 - [MESSAGE][PASSED] - Text of object 'Object Repository/1. Constant/xpath' is: '3'

2022-06-23 23:02:50 - [TEST_STEP][PASSED] - if (task1_aomoto >= 5): null

2022-06-23 23:02:50 - [TEST_STEP][PASSED] - else: Actual object '3' and expected object '3' are equal

2022-06-23 23:02:50 - [TEST_STEP][PASSED] - verifyEqual(task1_aomoto, task1_aomoto): Actual object '3' and expected object '3' are equal

2022-06-23 23:02:50 - [MESSAGE][PASSED] - Actual object '3' and expected object '3' are equal

2022-06-23 23:02:50 - [TEST_STEP][PASSED] - I.Logout(): Delayed 3 second(s)

2022-06-23 23:02:53 - [MESSAGE][PASSED] - Delayed 3 second(s)

2022-06-23 23:02:55 - [MESSAGE][PASSED] - Object: 'Object Repository/1. Constant/xpath' is clicked on

2022-06-23 23:02:58 - [MESSAGE][PASSED] - Delayed 3 second(s)

2022-06-23 23:03:02 - [MESSAGE][PASSED] - Object: 'Object Repository/1. Constant/xpath' is clicked on

2022-06-23 23:03:05 - [MESSAGE][PASSED] - Delayed 3 second(s)

2022-06-23 23:03:05 - [TEST_STEP][PASSED] - I.Login_password("apetit", password_apetit): Object: 'Object Repository/1. Constant/xpath' is clicked on

2022-06-23 23:03:07 - [MESSAGE][PASSED] - Text 'apetit' is set on object 'Object Repository/1. Constant/xpath'

2022-06-23 23:03:08 - [MESSAGE][PASSED] - Delayed 1 second(s)

2022-06-23 23:03:09 - [MESSAGE][PASSED] - Text 'dchi' is set on object 'Object Repository/1. Constant/xpath'

2022-06-23 23:03:10 - [MESSAGE][PASSED] - Delayed 1 second(s)

2022-06-23 23:03:16 - [MESSAGE][PASSED] - Object: 'Object Repository/1. Constant/xpath' is clicked on

2022-06-23 23:03:16 - [TEST_STEP][PASSED] - task1_apetit = I.Get_Task_No("//*[@id="kt_header"]/div/div[2]/div[1]/div[1]"): Text of object 'Object Repository/1. Constant/xpath' is: '2'

2022-06-23 23:03:17 - [MESSAGE][PASSED] - Text of object 'Object Repository/1. Constant/xpath' is: '2'

2022-06-23 23:03:17 - [TEST_STEP][PASSED] - if (task1_apetit >= 4): null

2022-06-23 23:03:17 - [TEST_STEP][PASSED] - else: Actual object '2' and expected object '2' are equal

2022-06-23 23:03:17 - [TEST_STEP][PASSED] - verifyEqual(task1_apetit, task1_apetit): Actual object '2' and expected object '2' are equal

2022-06-23 23:03:17 - [MESSAGE][PASSED] - Actual object '2' and expected object '2' are equal

2022-06-23 23:03:17 - [TEST_STEP][PASSED] - I.Logout(): Delayed 3 second(s)

2022-06-23 23:03:20 - [MESSAGE][PASSED] - Delayed 3 second(s)

2022-06-23 23:03:22 - [MESSAGE][PASSED] - Object: 'Object Repository/1. Constant/xpath' is clicked on

2022-06-23 23:03:25 - [MESSAGE][PASSED] - Delayed 3 second(s)

2022-06-23 23:03:29 - [MESSAGE][PASSED] - Object: 'Object Repository/1. Constant/xpath' is clicked on

2022-06-23 23:03:32 - [MESSAGE][PASSED] - Delayed 3 second(s)

2022-06-23 23:03:32 - [TEST_STEP][PASSED] - I.Login_password("daguirre", password_daguirre): Object: 'Object Repository/1. Constant/xpath' is clicked on

2022-06-23 23:03:32 - [MESSAGE][PASSED] - Text 'daguirre' is set on object 'Object Repository/1. Constant/xpath'

2022-06-23 23:03:33 - [MESSAGE][PASSED] - Delayed 1 second(s)

2022-06-23 23:03:35 - [MESSAGE][PASSED] - Text 'dchi' is set on object 'Object Repository/1. Constant/xpath'

2022-06-23 23:03:36 - [MESSAGE][PASSED] - Delayed 1 second(s)

2022-06-23 23:03:42 - [MESSAGE][PASSED] - Object: 'Object Repository/1. Constant/xpath' is clicked on

2022-06-23 23:03:42 - [TEST_STEP][PASSED] - click(findTestObject("1. Constant/02_LHSMenu_Projects")): Object: 'Object Repository/1. Constant/02_LHSMenu_Projects' is clicked on

2022-06-23 23:03:47 - [MESSAGE][PASSED] - Object: 'Object Repository/1. Constant/02_LHSMenu_Projects' is clicked on

2022-06-23 23:03:47 - [TEST_STEP][PASSED] - click(findTestObject("1. Constant/xpath", ["xpath":"//*[@id="kt_content"]/div[3]/div/div/div[1]/div[2]/a[1]"])): Object: 'Object Repository/1. Constant/xpath' is clicked on

2022-06-23 23:03:54 - [MESSAGE][PASSED] - Object: 'Object Repository/1. Constant/xpath' is clicked on

2022-06-23 23:03:54 - [TEST_STEP][PASSED] - delay(1): Delayed 1 second(s)

2022-06-23 23:03:55 - [MESSAGE][PASSED] - Delayed 1 second(s)

2022-06-23 23:03:55 - [TEST_STEP][PASSED] - takeScreenshot(): Taking screenshot successfully

2022-06-23 23:03:55 - [MESSAGE][PASSED] - Taking screenshot successfully
[[ATTACHMENT|D:\\Projet Test Auto\\Mediabox Test Automation\\Reports\\20220623_184212\\03. Parallel Testing (Testing)\\TS -PT PART 3\\11 Tag SAS_Task_Full lifecycle\\20220623_184238\\1656018235547.png]]

2022-06-23 23:03:55 - [TEST_STEP][PASSED] - Project_name = "AutoTag_FullLifecyle_" + RandomStringUtils.randomAlphanumeric(3) + "_" + I.gettimedate(): null

2022-06-23 23:03:56 - [TEST_STEP][PASSED] - setText(findTestObject("1. Constant/xpath", ["xpath":"//*[@id="var_141"]"]), Project_name): Text 'AutoTag_FullLifecyle_NqK_juin232022_230356' is set on object 'Object Repository/1. Constant/xpath'

2022-06-23 23:03:58 - [MESSAGE][PASSED] - Text 'AutoTag_FullLifecyle_NqK_juin232022_230356' is set on object 'Object Repository/1. Constant/xpath'

2022-06-23 23:03:58 - [TEST_STEP][PASSED] - I.SelectFromList_Value("//*[@id="var_12"]", "1025"): Delayed 2 second(s)

2022-06-23 23:04:00 - [MESSAGE][PASSED] - All options with value '1025' are selected in object 'Object Repository/1. Constant/xpath' 

2022-06-23 23:04:02 - [MESSAGE][PASSED] - Delayed 2 second(s)

2022-06-23 23:04:02 - [TEST_STEP][PASSED] - I.VerifyMatchText("//*[@id="select2-var_116-container"]", "×" + "
" + "Packaging"): Actual text '×
Packaging' and expected text '×
Packaging' are matched 

2022-06-23 23:04:02 - [MESSAGE][PASSED] - Text of object 'Object Repository/1. Constant/xpath' is: '×
Packaging'

2022-06-23 23:04:03 - [MESSAGE][PASSED] - Delayed 1 second(s)

2022-06-23 23:04:03 - [MESSAGE][PASSED] - Actual text '×
Packaging' and expected text '×
Packaging' are matched 

2022-06-23 23:04:03 - [TEST_STEP][PASSED] - I.SelectFromList_Value("//*[@id="var_262"]", "16352"): Delayed 2 second(s)

2022-06-23 23:04:05 - [MESSAGE][PASSED] - All options with value '16352' are selected in object 'Object Repository/1. Constant/xpath' 

2022-06-23 23:04:07 - [MESSAGE][PASSED] - Delayed 2 second(s)

2022-06-23 23:04:07 - [TEST_STEP][PASSED] - setText(findTestObject("1. Constant/xpath", ["xpath":"//*[@id="var_14"]"]), "10/10/2020"): Text '10/10/2020' is set on object 'Object Repository/1. Constant/xpath'

2022-06-23 23:04:09 - [MESSAGE][PASSED] - Text '10/10/2020' is set on object 'Object Repository/1. Constant/xpath'

2022-06-23 23:04:09 - [TEST_STEP][PASSED] - delay(2): Delayed 2 second(s)

2022-06-23 23:04:11 - [MESSAGE][PASSED] - Delayed 2 second(s)

2022-06-23 23:04:11 - [TEST_STEP][PASSED] - I.VerifyMatchText("//*[@id="select2-var_15-container"]", "×" + "
" + "ACD"): Actual text '×
ACD' and expected text '×
ACD' are matched 

2022-06-23 23:04:13 - [MESSAGE][PASSED] - Text of object 'Object Repository/1. Constant/xpath' is: '×
ACD'

2022-06-23 23:04:14 - [MESSAGE][PASSED] - Delayed 1 second(s)

2022-06-23 23:04:14 - [MESSAGE][PASSED] - Actual text '×
ACD' and expected text '×
ACD' are matched 

2022-06-23 23:04:14 - [TEST_STEP][PASSED] - delay(2): Delayed 2 second(s)

2022-06-23 23:04:16 - [MESSAGE][PASSED] - Delayed 2 second(s)

2022-06-23 23:04:16 - [TEST_STEP][PASSED] - I.VerifyMatchText("//*[@id="select2-var_16-container"]", "×" + "
" + "CeraVe"): Actual text '×
CeraVe' and expected text '×
CeraVe' are matched 

2022-06-23 23:04:17 - [MESSAGE][PASSED] - Text of object 'Object Repository/1. Constant/xpath' is: '×
CeraVe'

2022-06-23 23:04:18 - [MESSAGE][PASSED] - Delayed 1 second(s)

2022-06-23 23:04:18 - [MESSAGE][PASSED] - Actual text '×
CeraVe' and expected text '×
CeraVe' are matched 

2022-06-23 23:04:18 - [TEST_STEP][PASSED] - delay(2): Delayed 2 second(s)

2022-06-23 23:04:20 - [MESSAGE][PASSED] - Delayed 2 second(s)

2022-06-23 23:04:20 - [TEST_STEP][PASSED] - I.VerifyMatchText("//*[@id="select2-var_17-container"]", "×" + "
" + "CeraVe"): Actual text '×
CeraVe' and expected text '×
CeraVe' are matched 

2022-06-23 23:04:21 - [MESSAGE][PASSED] - Text of object 'Object Repository/1. Constant/xpath' is: '×
CeraVe'

2022-06-23 23:04:22 - [MESSAGE][PASSED] - Delayed 1 second(s)

2022-06-23 23:04:22 - [MESSAGE][PASSED] - Actual text '×
CeraVe' and expected text '×
CeraVe' are matched 

2022-06-23 23:04:22 - [TEST_STEP][PASSED] - delay(2): Delayed 2 second(s)

2022-06-23 23:04:24 - [MESSAGE][PASSED] - Delayed 2 second(s)

2022-06-23 23:04:24 - [TEST_STEP][PASSED] - I.SelectFromList_Value("//*[@id="var_18"]", "14527"): Delayed 2 second(s)

2022-06-23 23:04:25 - [MESSAGE][PASSED] - All options with value '14527' are selected in object 'Object Repository/1. Constant/xpath' 

2022-06-23 23:04:27 - [MESSAGE][PASSED] - Delayed 2 second(s)

2022-06-23 23:04:27 - [TEST_STEP][PASSED] - I.SelectFromList_Value("//*[@id="var_19"]", "15641"): Delayed 2 second(s)

2022-06-23 23:04:28 - [MESSAGE][PASSED] - All options with value '15641' are selected in object 'Object Repository/1. Constant/xpath' 

2022-06-23 23:04:30 - [MESSAGE][PASSED] - Delayed 2 second(s)

2022-06-23 23:04:30 - [TEST_STEP][PASSED] - I.SelectFromList_Value("//*[@id="var_20"]", "3773"): Delayed 2 second(s)

2022-06-23 23:04:32 - [MESSAGE][PASSED] - All options with value '3773' are selected in object 'Object Repository/1. Constant/xpath' 

2022-06-23 23:04:34 - [MESSAGE][PASSED] - Delayed 2 second(s)

2022-06-23 23:04:34 - [TEST_STEP][PASSED] - I.SelectFromList_Value("//*[@id="var_21"]", "246"): Delayed 2 second(s)

2022-06-23 23:04:34 - [MESSAGE][PASSED] - All options with value '246' are selected in object 'Object Repository/1. Constant/xpath' 

2022-06-23 23:04:36 - [MESSAGE][PASSED] - Delayed 2 second(s)

2022-06-23 23:04:36 - [TEST_STEP][PASSED] - I.SelectFromList_Value("//*[@id="var_22"]", "3854"): Delayed 2 second(s)

2022-06-23 23:04:38 - [MESSAGE][PASSED] - All options with value '3854' are selected in object 'Object Repository/1. Constant/xpath' 

2022-06-23 23:04:40 - [MESSAGE][PASSED] - Delayed 2 second(s)

2022-06-23 23:04:40 - [TEST_STEP][PASSED] - I.VerifyMatchText("//*[@id="selDest_23"]", "David Aguirre"): Actual text 'David Aguirre' and expected text 'David Aguirre' are matched 

2022-06-23 23:04:42 - [MESSAGE][PASSED] - Text of object 'Object Repository/1. Constant/xpath' is: 'David Aguirre'

2022-06-23 23:04:43 - [MESSAGE][PASSED] - Delayed 1 second(s)

2022-06-23 23:04:43 - [MESSAGE][PASSED] - Actual text 'David Aguirre' and expected text 'David Aguirre' are matched 

2022-06-23 23:04:43 - [TEST_STEP][PASSED] - I.select_multiplelist("//*[@id="selSource_23"]", "//*[@id="btnAdd_23"]", "aomoto"): Delayed 1 second(s)

2022-06-23 23:04:44 - [MESSAGE][PASSED] - Delayed 1 second(s)

2022-06-23 23:04:46 - [MESSAGE][PASSED] - All options with value 'aomoto' are selected in object 'Object Repository/1. Constant/xpath' 

2022-06-23 23:04:48 - [MESSAGE][PASSED] - Delayed 2 second(s)

2022-06-23 23:04:49 - [MESSAGE][PASSED] - Object: 'Object Repository/1. Constant/xpath' is clicked on

2022-06-23 23:04:50 - [MESSAGE][PASSED] - Delayed 1 second(s)

2022-06-23 23:04:50 - [TEST_STEP][PASSED] - delay(1): Delayed 1 second(s)

2022-06-23 23:04:51 - [MESSAGE][PASSED] - Delayed 1 second(s)

2022-06-23 23:04:51 - [TEST_STEP][PASSED] - I.select_multiplelist("//*[@id="selSource_24"]", "//*[@id="btnAdd_24"]", "apetit"): Delayed 1 second(s)

2022-06-23 23:04:52 - [MESSAGE][PASSED] - Delayed 1 second(s)

2022-06-23 23:04:53 - [MESSAGE][PASSED] - All options with value 'apetit' are selected in object 'Object Repository/1. Constant/xpath' 

2022-06-23 23:04:55 - [MESSAGE][PASSED] - Delayed 2 second(s)

2022-06-23 23:04:56 - [MESSAGE][PASSED] - Object: 'Object Repository/1. Constant/xpath' is clicked on

2022-06-23 23:04:57 - [MESSAGE][PASSED] - Delayed 1 second(s)

2022-06-23 23:04:57 - [TEST_STEP][PASSED] - delay(5): Delayed 5 second(s)

2022-06-23 23:05:02 - [MESSAGE][PASSED] - Delayed 5 second(s)

2022-06-23 23:05:02 - [TEST_STEP][PASSED] - click(findTestObject("1. Constant/xpath", ["xpath":"//*[@id="ModifFiche"]/div[3]/div/button"])): Object: 'Object Repository/1. Constant/xpath' is clicked on

2022-06-23 23:05:07 - [MESSAGE][PASSED] - Object: 'Object Repository/1. Constant/xpath' is clicked on

2022-06-23 23:05:07 - [TEST_STEP][PASSED] - delay(2): Delayed 2 second(s)

2022-06-23 23:05:09 - [MESSAGE][PASSED] - Delayed 2 second(s)

2022-06-23 23:05:09 - [TEST_STEP][PASSED] - Project_No = I.ProjectNo(): Current window's url is: 'http://mdb-release.diadeis.lan/MediaboxIndependence/Base/ExecAction?IDSession=MBI%21RELTESTAUTO_TAG%21RRI9KQ6MYONP1IQ2OX5Z73GR33STTBGYR1X41F3P&default_action=AfficheFichesProjet&id_project=MI003409'

2022-06-23 23:05:14 - [MESSAGE][PASSED] - Delayed 5 second(s)

2022-06-23 23:05:14 - [MESSAGE][PASSED] - Current window's url is: 'http://mdb-release.diadeis.lan/MediaboxIndependence/Base/ExecAction?IDSession=MBI%21RELTESTAUTO_TAG%21RRI9KQ6MYONP1IQ2OX5Z73GR33STTBGYR1X41F3P&default_action=AfficheFichesProjet&id_project=MI003409'

2022-06-23 23:05:14 - [TEST_STEP][PASSED] - takeScreenshot(): Taking screenshot successfully

2022-06-23 23:05:15 - [MESSAGE][PASSED] - Taking screenshot successfully
[[ATTACHMENT|D:\\Projet Test Auto\\Mediabox Test Automation\\Reports\\20220623_184212\\03. Parallel Testing (Testing)\\TS -PT PART 3\\11 Tag SAS_Task_Full lifecycle\\20220623_184238\\1656018314681.png]]

2022-06-23 23:05:15 - [TEST_STEP][PASSED] - delay(2): Delayed 2 second(s)

2022-06-23 23:05:17 - [MESSAGE][PASSED] - Delayed 2 second(s)

2022-06-23 23:05:17 - [TEST_STEP][PASSED] - click(findTestObject("1. Constant/xpath", ["xpath":"//*[@id="create_ref_btn"]/button"])): Object: 'Object Repository/1. Constant/xpath' is clicked on

2022-06-23 23:05:18 - [MESSAGE][PASSED] - Object: 'Object Repository/1. Constant/xpath' is clicked on

2022-06-23 23:05:18 - [TEST_STEP][PASSED] - delay(1): Delayed 1 second(s)

2022-06-23 23:05:19 - [MESSAGE][PASSED] - Delayed 1 second(s)

2022-06-23 23:05:19 - [TEST_STEP][PASSED] - click(findTestObject("1. Constant/xpath", ["xpath":"//*[@id="create_ref_btn"]/div/a[1]"])): Object: 'Object Repository/1. Constant/xpath' is clicked on

2022-06-23 23:05:21 - [MESSAGE][PASSED] - Object: 'Object Repository/1. Constant/xpath' is clicked on

2022-06-23 23:05:21 - [TEST_STEP][PASSED] - delay(1): Delayed 1 second(s)

2022-06-23 23:05:22 - [MESSAGE][PASSED] - Delayed 1 second(s)

2022-06-23 23:05:22 - [TEST_STEP][PASSED] - takeScreenshot(): Taking screenshot successfully

2022-06-23 23:05:23 - [MESSAGE][PASSED] - Taking screenshot successfully
[[ATTACHMENT|D:\\Projet Test Auto\\Mediabox Test Automation\\Reports\\20220623_184212\\03. Parallel Testing (Testing)\\TS -PT PART 3\\11 Tag SAS_Task_Full lifecycle\\20220623_184238\\1656018322860.png]]

2022-06-23 23:05:23 - [TEST_STEP][PASSED] - I.SelectFromList_Value("//*[@id="ref_type"]", "8"): Delayed 2 second(s)

2022-06-23 23:05:26 - [MESSAGE][PASSED] - All options with value '8' are selected in object 'Object Repository/1. Constant/xpath' 

2022-06-23 23:05:28 - [MESSAGE][PASSED] - Delayed 2 second(s)

2022-06-23 23:05:28 - [TEST_STEP][PASSED] - click(findTestObject("1. Constant/xpath", ["xpath":"//*[@id="createRefBottom"]"])): Object: 'Object Repository/1. Constant/xpath' is clicked on

2022-06-23 23:05:34 - [MESSAGE][PASSED] - Object: 'Object Repository/1. Constant/xpath' is clicked on

2022-06-23 23:05:34 - [TEST_STEP][PASSED] - takeScreenshot(): Taking screenshot successfully

2022-06-23 23:05:35 - [MESSAGE][PASSED] - Taking screenshot successfully
[[ATTACHMENT|D:\\Projet Test Auto\\Mediabox Test Automation\\Reports\\20220623_184212\\03. Parallel Testing (Testing)\\TS -PT PART 3\\11 Tag SAS_Task_Full lifecycle\\20220623_184238\\1656018334846.png]]

2022-06-23 23:05:35 - [TEST_STEP][PASSED] - setText(findTestObject("1. Constant/xpath", ["xpath":"//*[@id="var_117"]"]), "TC18_AUTO_MOTHERREF"): Text 'TC18_AUTO_MOTHERREF' is set on object 'Object Repository/1. Constant/xpath'

2022-06-23 23:05:37 - [MESSAGE][PASSED] - Text 'TC18_AUTO_MOTHERREF' is set on object 'Object Repository/1. Constant/xpath'

2022-06-23 23:05:37 - [TEST_STEP][PASSED] - I.SelectFromList_Value("//*[@id="var_57"]", "134"): Delayed 2 second(s)

2022-06-23 23:05:40 - [MESSAGE][PASSED] - All options with value '134' are selected in object 'Object Repository/1. Constant/xpath' 

2022-06-23 23:05:42 - [MESSAGE][PASSED] - Delayed 2 second(s)

2022-06-23 23:05:42 - [TEST_STEP][PASSED] - I.SelectFromList_Value("//*[@id="var_28"]", "1194"): Delayed 2 second(s)

2022-06-23 23:05:45 - [MESSAGE][PASSED] - All options with value '1194' are selected in object 'Object Repository/1. Constant/xpath' 

2022-06-23 23:05:47 - [MESSAGE][PASSED] - Delayed 2 second(s)

2022-06-23 23:05:47 - [TEST_STEP][PASSED] - I.SelectFromList_Value("//*[@id="var_228"]", "15723"): Delayed 2 second(s)

2022-06-23 23:05:49 - [MESSAGE][PASSED] - All options with value '15723' are selected in object 'Object Repository/1. Constant/xpath' 

2022-06-23 23:05:51 - [MESSAGE][PASSED] - Delayed 2 second(s)

2022-06-23 23:05:51 - [TEST_STEP][PASSED] - setText(findTestObject("1. Constant/xpath", ["xpath":"//*[@id="var_54"]"]), "100"): Text '100' is set on object 'Object Repository/1. Constant/xpath'

2022-06-23 23:05:54 - [MESSAGE][PASSED] - Text '100' is set on object 'Object Repository/1. Constant/xpath'

2022-06-23 23:05:54 - [TEST_STEP][PASSED] - I.SelectFromList_Value("//*[@id="var_55"]", "122"): Delayed 2 second(s)

2022-06-23 23:05:56 - [MESSAGE][PASSED] - All options with value '122' are selected in object 'Object Repository/1. Constant/xpath' 

2022-06-23 23:05:58 - [MESSAGE][PASSED] - Delayed 2 second(s)

2022-06-23 23:05:58 - [TEST_STEP][PASSED] - refID = I.RefID_tag(): Current window's url is: 'http://mdb-release.diadeis.lan/MediaboxIndependence/Base/ExecAction?IDSession=MBI%21RELTESTAUTO_TAG%21RRI9KQ6MYONP1IQ2OX5Z73GR33STTBGYR1X41F3P&default_action=ModifierRef&id_project=MI003409&id_ref=24439&action_from=create_ref'

2022-06-23 23:06:03 - [MESSAGE][PASSED] - Delayed 5 second(s)

2022-06-23 23:06:03 - [MESSAGE][PASSED] - Current window's url is: 'http://mdb-release.diadeis.lan/MediaboxIndependence/Base/ExecAction?IDSession=MBI%21RELTESTAUTO_TAG%21RRI9KQ6MYONP1IQ2OX5Z73GR33STTBGYR1X41F3P&default_action=ModifierRef&id_project=MI003409&id_ref=24439&action_from=create_ref'

2022-06-23 23:06:03 - [TEST_STEP][PASSED] - delay(2): Delayed 2 second(s)

2022-06-23 23:06:05 - [MESSAGE][PASSED] - Delayed 2 second(s)

2022-06-23 23:06:05 - [TEST_STEP][PASSED] - scrollToElement(findTestObject("1. Constant/xpath", ["xpath":"//*[@id="var_91"]"]), 2): Scroll to object 'Object Repository/1. Constant/xpath' successfully

2022-06-23 23:06:06 - [MESSAGE][PASSED] - Scroll to object 'Object Repository/1. Constant/xpath' successfully

2022-06-23 23:06:06 - [TEST_STEP][PASSED] - I.click_button_javascriptS("/html/body/div[1]/div[2]/div[4]/div[3]/div/div[2]/form/div[3]/div[1]/button"): Execute JavaScript 'arguments[0].click()' successfully

2022-06-23 23:06:13 - [MESSAGE][PASSED] - Execute JavaScript 'arguments[0].click()' successfully

2022-06-23 23:06:13 - [TEST_STEP][PASSED] - delay(2): Delayed 2 second(s)

2022-06-23 23:06:15 - [MESSAGE][PASSED] - Delayed 2 second(s)

2022-06-23 23:06:15 - [TEST_STEP][PASSED] - takeScreenshot(): Taking screenshot successfully

2022-06-23 23:06:16 - [MESSAGE][PASSED] - Taking screenshot successfully
[[ATTACHMENT|D:\\Projet Test Auto\\Mediabox Test Automation\\Reports\\20220623_184212\\03. Parallel Testing (Testing)\\TS -PT PART 3\\11 Tag SAS_Task_Full lifecycle\\20220623_184238\\1656018375701.png]]

2022-06-23 23:06:16 - [TEST_STEP][PASSED] - I.Logout(): Delayed 3 second(s)

2022-06-23 23:06:19 - [MESSAGE][PASSED] - Delayed 3 second(s)

2022-06-23 23:06:20 - [MESSAGE][PASSED] - Object: 'Object Repository/1. Constant/xpath' is clicked on

2022-06-23 23:06:23 - [MESSAGE][PASSED] - Delayed 3 second(s)

2022-06-23 23:06:28 - [MESSAGE][PASSED] - Object: 'Object Repository/1. Constant/xpath' is clicked on

2022-06-23 23:06:31 - [MESSAGE][PASSED] - Delayed 3 second(s)

2022-06-23 23:06:31 - [TEST_STEP][PASSED] - I.Login_password("jedun", password_jedun): Object: 'Object Repository/1. Constant/xpath' is clicked on

2022-06-23 23:06:32 - [MESSAGE][PASSED] - Text 'jedun' is set on object 'Object Repository/1. Constant/xpath'

2022-06-23 23:06:33 - [MESSAGE][PASSED] - Delayed 1 second(s)

2022-06-23 23:06:35 - [MESSAGE][PASSED] - Text 'dchi' is set on object 'Object Repository/1. Constant/xpath'

2022-06-23 23:06:36 - [MESSAGE][PASSED] - Delayed 1 second(s)

2022-06-23 23:06:42 - [MESSAGE][PASSED] - Object: 'Object Repository/1. Constant/xpath' is clicked on

2022-06-23 23:06:42 - [TEST_STEP][PASSED] - click(findTestObject("1. Constant/xpath", ["xpath":"//*[@id="menu_2"]/a"])): Object: 'Object Repository/1. Constant/xpath' is clicked on

2022-06-23 23:06:48 - [MESSAGE][PASSED] - Object: 'Object Repository/1. Constant/xpath' is clicked on

2022-06-23 23:06:48 - [TEST_STEP][PASSED] - I.SearchProjectNo_xpath(Project_No, "//*[@id="keynum_project"]", "//*[@id="form_filters"]/div[7]/button"): Delayed 5 second(s)

2022-06-23 23:06:49 - [MESSAGE][PASSED] - Delayed 1 second(s)

2022-06-23 23:06:51 - [MESSAGE][PASSED] - Text 'MI003409' is set on object 'Object Repository/1. Constant/xpath'

2022-06-23 23:06:54 - [MESSAGE][PASSED] - Delayed 3 second(s)

2022-06-23 23:06:55 - [MESSAGE][PASSED] - Scroll to object 'Object Repository/1. Constant/xpath' successfully

2022-06-23 23:07:01 - [MESSAGE][PASSED] - Object: 'Object Repository/1. Constant/xpath' is clicked on

2022-06-23 23:07:06 - [MESSAGE][PASSED] - Delayed 5 second(s)

2022-06-23 23:07:06 - [TEST_STEP][PASSED] - delay(2): Delayed 2 second(s)

2022-06-23 23:07:08 - [MESSAGE][PASSED] - Delayed 2 second(s)

2022-06-23 23:07:08 - [TEST_STEP][PASSED] - I.superedit_ref(findTestObject("1. Constant/xpath", ["xpath":"//*[@id="source_" + refID + ""]/td[15]/div[2]/button"]), findTestObject("1. Constant/xpath", ["xpath":"//*[@id="source_" + refID + ""]/td[15]/div[2]/div/a[4]"])): Object: 'Object Repository/1. Constant/xpath' is clicked on

2022-06-23 23:07:09 - [MESSAGE][PASSED] - Object: 'Object Repository/1. Constant/xpath' is clicked on

2022-06-23 23:07:12 - [MESSAGE][PASSED] - Delayed 3 second(s)

2022-06-23 23:07:19 - [MESSAGE][PASSED] - Object: 'Object Repository/1. Constant/xpath' is clicked on

2022-06-23 23:07:19 - [TEST_STEP][PASSED] - takeScreenshot(): Taking screenshot successfully

2022-06-23 23:07:21 - [MESSAGE][PASSED] - Taking screenshot successfully
[[ATTACHMENT|D:\\Projet Test Auto\\Mediabox Test Automation\\Reports\\20220623_184212\\03. Parallel Testing (Testing)\\TS -PT PART 3\\11 Tag SAS_Task_Full lifecycle\\20220623_184238\\1656018441409.png]]

2022-06-23 23:07:21 - [TEST_STEP][PASSED] - I.SelectFromList_Value("//*[@id="var_48"]", "925"): Delayed 2 second(s)

2022-06-23 23:07:23 - [MESSAGE][PASSED] - All options with value '925' are selected in object 'Object Repository/1. Constant/xpath' 

2022-06-23 23:07:25 - [MESSAGE][PASSED] - Delayed 2 second(s)

2022-06-23 23:07:25 - [TEST_STEP][PASSED] - setText(findTestObject("1. Constant/xpath", ["xpath":"//*[@id="var_27"]"]), "200192562A"): Text '200192562A' is set on object 'Object Repository/1. Constant/xpath'

2022-06-23 23:07:27 - [MESSAGE][PASSED] - Text '200192562A' is set on object 'Object Repository/1. Constant/xpath'

2022-06-23 23:07:27 - [TEST_STEP][PASSED] - I.click_button_javascriptS("//*[@id="ModifFiche"]/div[1]/div/button"): Execute JavaScript 'arguments[0].click()' successfully

2022-06-23 23:07:32 - [MESSAGE][PASSED] - Execute JavaScript 'arguments[0].click()' successfully

2022-06-23 23:07:32 - [TEST_STEP][PASSED] - I.Logout(): Delayed 3 second(s)

2022-06-23 23:07:35 - [MESSAGE][PASSED] - Delayed 3 second(s)

2022-06-23 23:07:36 - [MESSAGE][PASSED] - Object: 'Object Repository/1. Constant/xpath' is clicked on

2022-06-23 23:07:39 - [MESSAGE][PASSED] - Delayed 3 second(s)

2022-06-23 23:07:44 - [MESSAGE][PASSED] - Object: 'Object Repository/1. Constant/xpath' is clicked on

2022-06-23 23:07:47 - [MESSAGE][PASSED] - Delayed 3 second(s)

2022-06-23 23:07:47 - [TEST_STEP][PASSED] - I.Login_password("aomoto", password_aomoto): Object: 'Object Repository/1. Constant/xpath' is clicked on

2022-06-23 23:07:49 - [MESSAGE][PASSED] - Text 'aomoto' is set on object 'Object Repository/1. Constant/xpath'

2022-06-23 23:07:50 - [MESSAGE][PASSED] - Delayed 1 second(s)

2022-06-23 23:07:51 - [MESSAGE][PASSED] - Text 'dchi' is set on object 'Object Repository/1. Constant/xpath'

2022-06-23 23:07:52 - [MESSAGE][PASSED] - Delayed 1 second(s)

2022-06-23 23:07:58 - [MESSAGE][PASSED] - Object: 'Object Repository/1. Constant/xpath' is clicked on

2022-06-23 23:07:58 - [TEST_STEP][PASSED] - takeScreenshot(): Taking screenshot successfully

2022-06-23 23:07:59 - [MESSAGE][PASSED] - Taking screenshot successfully
[[ATTACHMENT|D:\\Projet Test Auto\\Mediabox Test Automation\\Reports\\20220623_184212\\03. Parallel Testing (Testing)\\TS -PT PART 3\\11 Tag SAS_Task_Full lifecycle\\20220623_184238\\1656018479109.png]]

2022-06-23 23:07:59 - [TEST_STEP][PASSED] - task2_aomoto = I.Get_Task_No("//*[@id="kt_header"]/div/div[2]/div[1]/div[1]/span"): Text of object 'Object Repository/1. Constant/xpath' is: '4'

2022-06-23 23:08:00 - [MESSAGE][PASSED] - Text of object 'Object Repository/1. Constant/xpath' is: '4'

2022-06-23 23:08:00 - [TEST_STEP][PASSED] - click(findTestObject("1. Constant/xpath", ["xpath":"//*[@id="kt_header"]/div/div[2]/div[1]/div[1]/div"])): Object: 'Object Repository/1. Constant/xpath' is clicked on

2022-06-23 23:08:00 - [MESSAGE][PASSED] - Object: 'Object Repository/1. Constant/xpath' is clicked on

2022-06-23 23:08:00 - [TEST_STEP][PASSED] - delay(1): Delayed 1 second(s)

2022-06-23 23:08:01 - [MESSAGE][PASSED] - Delayed 1 second(s)

2022-06-23 23:08:01 - [TEST_STEP][PASSED] - n = 1: null

2022-06-23 23:08:01 - [TEST_STEP][PASSED] - delay(2): Delayed 2 second(s)

2022-06-23 23:08:03 - [MESSAGE][PASSED] - Delayed 2 second(s)

2022-06-23 23:08:03 - [TEST_STEP][PASSED] - takeScreenshot(): Taking screenshot successfully

2022-06-23 23:08:04 - [MESSAGE][PASSED] - Taking screenshot successfully
[[ATTACHMENT|D:\\Projet Test Auto\\Mediabox Test Automation\\Reports\\20220623_184212\\03. Parallel Testing (Testing)\\TS -PT PART 3\\11 Tag SAS_Task_Full lifecycle\\20220623_184238\\1656018483897.png]]

2022-06-23 23:08:04 - [TEST_STEP][PASSED] - delay(1): Delayed 1 second(s)

2022-06-23 23:08:05 - [MESSAGE][PASSED] - Delayed 1 second(s)

2022-06-23 23:08:05 - [TEST_STEP][PASSED] - while (n <= task2_aomoto): null

2022-06-23 23:08:05 - [TEST_STEP][PASSED] - result = getText(findTestObject("1. Constant/xpath", ["xpath":"//*[@id="kt_header"]/div/div[2]/div[1]/div[2]/form/div[2]/a[" + n + "]"]), OPTIONAL): Text of object 'Object Repository/1. Constant/xpath' is: 'COMPLETE & SEND Common Brief: ____ - Dermablend Pro_Makeup Remover_2021_[Do not edit] SAS Part 3
15/12/2021'

2022-06-23 23:08:05 - [MESSAGE][PASSED] - Text of object 'Object Repository/1. Constant/xpath' is: 'COMPLETE & SEND Common Brief: ____ - Dermablend Pro_Makeup Remover_2021_[Do not edit] SAS Part 3
15/12/2021'

2022-06-23 23:08:05 - [TEST_STEP][PASSED] - if (result.contains("COMPLETE & SEND Common Brief: ____ - CeraVe_Acne_2022_AutoTag_FullLifecyle_")): null

2022-06-23 23:08:05 - [TEST_STEP][PASSED] - else: null

2022-06-23 23:08:05 - [TEST_STEP][PASSED] - n = n + 1: null

2022-06-23 23:08:05 - [TEST_STEP][PASSED] - result = getText(findTestObject("1. Constant/xpath", ["xpath":"//*[@id="kt_header"]/div/div[2]/div[1]/div[2]/form/div[2]/a[" + n + "]"]), OPTIONAL): Text of object 'Object Repository/1. Constant/xpath' is: 'COMPLETE & SEND Artwork Brief: SAS_PART_4_Other_Bottom_100OZ______
16/12/2021'

2022-06-23 23:08:06 - [MESSAGE][PASSED] - Text of object 'Object Repository/1. Constant/xpath' is: 'COMPLETE & SEND Artwork Brief: SAS_PART_4_Other_Bottom_100OZ______
16/12/2021'

2022-06-23 23:08:06 - [TEST_STEP][PASSED] - if (result.contains("COMPLETE & SEND Common Brief: ____ - CeraVe_Acne_2022_AutoTag_FullLifecyle_")): null

2022-06-23 23:08:06 - [TEST_STEP][PASSED] - else: null

2022-06-23 23:08:06 - [TEST_STEP][PASSED] - n = n + 1: null

2022-06-23 23:08:06 - [TEST_STEP][PASSED] - result = getText(findTestObject("1. Constant/xpath", ["xpath":"//*[@id="kt_header"]/div/div[2]/div[1]/div[2]/form/div[2]/a[" + n + "]"]), OPTIONAL): Text of object 'Object Repository/1. Constant/xpath' is: 'COMPLETE & SEND Artwork Brief: SAS_PART_4_Other_Bottom_100OZ______
16/12/2021'

2022-06-23 23:08:07 - [MESSAGE][PASSED] - Text of object 'Object Repository/1. Constant/xpath' is: 'COMPLETE & SEND Artwork Brief: SAS_PART_4_Other_Bottom_100OZ______
16/12/2021'

2022-06-23 23:08:07 - [TEST_STEP][PASSED] - if (result.contains("COMPLETE & SEND Common Brief: ____ - CeraVe_Acne_2022_AutoTag_FullLifecyle_")): null

2022-06-23 23:08:07 - [TEST_STEP][PASSED] - else: null

2022-06-23 23:08:07 - [TEST_STEP][PASSED] - n = n + 1: null

2022-06-23 23:08:07 - [TEST_STEP][PASSED] - result = getText(findTestObject("1. Constant/xpath", ["xpath":"//*[@id="kt_header"]/div/div[2]/div[1]/div[2]/form/div[2]/a[" + n + "]"]), OPTIONAL): Text of object 'Object Repository/1. Constant/xpath' is: 'COMPLETE & SEND Common Brief: ____ - CeraVe_Acne_2022_AutoTag_FullLifecyle_NqK_juin232022_230356'

2022-06-23 23:08:07 - [MESSAGE][PASSED] - Text of object 'Object Repository/1. Constant/xpath' is: 'COMPLETE & SEND Common Brief: ____ - CeraVe_Acne_2022_AutoTag_FullLifecyle_NqK_juin232022_230356'

2022-06-23 23:08:07 - [TEST_STEP][PASSED] - if (result.contains("COMPLETE & SEND Common Brief: ____ - CeraVe_Acne_2022_AutoTag_FullLifecyle_")): null

2022-06-23 23:08:07 - [TEST_STEP][PASSED] - click(findTestObject("1. Constant/xpath", ["xpath":"//*[@id="kt_header"]/div/div[2]/div[1]/div[2]/form/div[2]/a[" + n + "]"])): Object: 'Object Repository/1. Constant/xpath' is clicked on

2022-06-23 23:08:10 - [MESSAGE][PASSED] - Object: 'Object Repository/1. Constant/xpath' is clicked on

2022-06-23 23:08:10 - [TEST_STEP][PASSED] - break: null

2022-06-23 23:08:10 - [TEST_STEP][PASSED] - takeScreenshot(): Taking screenshot successfully

2022-06-23 23:08:12 - [MESSAGE][PASSED] - Taking screenshot successfully
[[ATTACHMENT|D:\\Projet Test Auto\\Mediabox Test Automation\\Reports\\20220623_184212\\03. Parallel Testing (Testing)\\TS -PT PART 3\\11 Tag SAS_Task_Full lifecycle\\20220623_184238\\1656018491703.png]]

2022-06-23 23:08:12 - [TEST_STEP][PASSED] - delay(3): Delayed 3 second(s)

2022-06-23 23:08:15 - [MESSAGE][PASSED] - Delayed 3 second(s)

2022-06-23 23:08:15 - [TEST_STEP][PASSED] - click(findTestObject("1. Constant/xpath", ["xpath":"//*[@id="source_" + refID + ""]/td[13]/a[3]"])): Object: 'Object Repository/1. Constant/xpath' is clicked on

2022-06-23 23:08:18 - [MESSAGE][PASSED] - Object: 'Object Repository/1. Constant/xpath' is clicked on

2022-06-23 23:08:18 - [TEST_STEP][PASSED] - takeScreenshot(): Taking screenshot successfully

2022-06-23 23:08:19 - [MESSAGE][PASSED] - Taking screenshot successfully
[[ATTACHMENT|D:\\Projet Test Auto\\Mediabox Test Automation\\Reports\\20220623_184212\\03. Parallel Testing (Testing)\\TS -PT PART 3\\11 Tag SAS_Task_Full lifecycle\\20220623_184238\\1656018499214.png]]

2022-06-23 23:08:19 - [TEST_STEP][PASSED] - click(findTestObject("1. Constant/xpath", ["xpath":"//*[@id="ModifFiche"]/div[1]/div/button[2]"])): Object: 'Object Repository/1. Constant/xpath' is clicked on

2022-06-23 23:08:24 - [MESSAGE][PASSED] - Object: 'Object Repository/1. Constant/xpath' is clicked on

2022-06-23 23:08:24 - [TEST_STEP][PASSED] - delay(1): Delayed 1 second(s)

2022-06-23 23:08:25 - [MESSAGE][PASSED] - Delayed 1 second(s)

2022-06-23 23:08:25 - [TEST_STEP][PASSED] - takeScreenshot(): Taking screenshot successfully

2022-06-23 23:08:26 - [MESSAGE][PASSED] - Taking screenshot successfully
[[ATTACHMENT|D:\\Projet Test Auto\\Mediabox Test Automation\\Reports\\20220623_184212\\03. Parallel Testing (Testing)\\TS -PT PART 3\\11 Tag SAS_Task_Full lifecycle\\20220623_184238\\1656018506343.png]]

2022-06-23 23:08:26 - [TEST_STEP][PASSED] - I.VerifyMatchText("//*[@id="kt_content"]/div[3]/div/div[2]/div[2]/div/div/div/p", "International artwork agency is missing"): Actual text 'International artwork agency is missing' and expected text 'International artwork agency is missing' are matched 

2022-06-23 23:08:27 - [MESSAGE][PASSED] - Text of object 'Object Repository/1. Constant/xpath' is: 'International artwork agency is missing'

2022-06-23 23:08:28 - [MESSAGE][PASSED] - Delayed 1 second(s)

2022-06-23 23:08:28 - [MESSAGE][PASSED] - Actual text 'International artwork agency is missing' and expected text 'International artwork agency is missing' are matched 

2022-06-23 23:08:28 - [TEST_STEP][PASSED] - click(findTestObject("1. Constant/xpath", ["xpath":"//*[@id="kt_content"]/div[3]/div/div[2]/div[3]/div/a"])): Object: 'Object Repository/1. Constant/xpath' is clicked on

2022-06-23 23:08:32 - [MESSAGE][PASSED] - Object: 'Object Repository/1. Constant/xpath' is clicked on

2022-06-23 23:08:32 - [TEST_STEP][PASSED] - delay(1): Delayed 1 second(s)

2022-06-23 23:08:33 - [MESSAGE][PASSED] - Delayed 1 second(s)

2022-06-23 23:08:33 - [TEST_STEP][PASSED] - takeScreenshot(): Taking screenshot successfully

2022-06-23 23:08:33 - [MESSAGE][PASSED] - Taking screenshot successfully
[[ATTACHMENT|D:\\Projet Test Auto\\Mediabox Test Automation\\Reports\\20220623_184212\\03. Parallel Testing (Testing)\\TS -PT PART 3\\11 Tag SAS_Task_Full lifecycle\\20220623_184238\\1656018513341.png]]

2022-06-23 23:08:33 - [TEST_STEP][PASSED] - I.SelectFromList_Value("//*[@id="var_50"]", "16548"): Delayed 2 second(s)

2022-06-23 23:08:35 - [MESSAGE][PASSED] - All options with value '16548' are selected in object 'Object Repository/1. Constant/xpath' 

2022-06-23 23:08:37 - [MESSAGE][PASSED] - Delayed 2 second(s)

2022-06-23 23:08:37 - [TEST_STEP][PASSED] - I.Pagedown(): Execute JavaScript 'window.scrollTo(0, document.body.scrollHeight)' successfully

2022-06-23 23:08:37 - [MESSAGE][PASSED] - Execute JavaScript 'window.scrollTo(0, document.body.scrollHeight)' successfully

2022-06-23 23:08:37 - [TEST_STEP][PASSED] - I.click_button_javascriptS("//*[@id="type_save"]"): Execute JavaScript 'arguments[0].click()' successfully

2022-06-23 23:08:43 - [MESSAGE][PASSED] - Execute JavaScript 'arguments[0].click()' successfully

2022-06-23 23:08:43 - [TEST_STEP][PASSED] - takeScreenshot(): Taking screenshot successfully

2022-06-23 23:08:44 - [MESSAGE][PASSED] - Taking screenshot successfully
[[ATTACHMENT|D:\\Projet Test Auto\\Mediabox Test Automation\\Reports\\20220623_184212\\03. Parallel Testing (Testing)\\TS -PT PART 3\\11 Tag SAS_Task_Full lifecycle\\20220623_184238\\1656018523654.png]]

2022-06-23 23:08:44 - [TEST_STEP][PASSED] - click(findTestObject("1. Constant/xpath", ["xpath":"//*[@id="source_" + refID + ""]/td[13]/a[3]"])): Object: 'Object Repository/1. Constant/xpath' is clicked on

2022-06-23 23:08:47 - [MESSAGE][PASSED] - Object: 'Object Repository/1. Constant/xpath' is clicked on

2022-06-23 23:08:47 - [TEST_STEP][PASSED] - takeScreenshot(): Taking screenshot successfully

2022-06-23 23:08:48 - [MESSAGE][PASSED] - Taking screenshot successfully
[[ATTACHMENT|D:\\Projet Test Auto\\Mediabox Test Automation\\Reports\\20220623_184212\\03. Parallel Testing (Testing)\\TS -PT PART 3\\11 Tag SAS_Task_Full lifecycle\\20220623_184238\\1656018527711.png]]

2022-06-23 23:08:48 - [TEST_STEP][PASSED] - click(findTestObject("1. Constant/xpath", ["xpath":"//*[@id="ModifFiche"]/div[1]/div/button[2]"])): Object: 'Object Repository/1. Constant/xpath' is clicked on

2022-06-23 23:08:58 - [MESSAGE][PASSED] - Object: 'Object Repository/1. Constant/xpath' is clicked on

2022-06-23 23:08:58 - [TEST_STEP][PASSED] - delay(1): Delayed 1 second(s)

2022-06-23 23:08:59 - [MESSAGE][PASSED] - Delayed 1 second(s)

2022-06-23 23:08:59 - [TEST_STEP][PASSED] - task3_aomoto = I.Get_Task_No("//*[@id="kt_header"]/div/div[2]/div[1]/div[1]"): Text of object 'Object Repository/1. Constant/xpath' is: '3'

2022-06-23 23:09:01 - [MESSAGE][PASSED] - Text of object 'Object Repository/1. Constant/xpath' is: '3'

2022-06-23 23:09:01 - [TEST_STEP][PASSED] - verifyEqual(task3_aomoto + 1, task2_aomoto): Actual object '4' and expected object '4' are equal

2022-06-23 23:09:01 - [MESSAGE][PASSED] - Actual object '4' and expected object '4' are equal

2022-06-23 23:09:01 - [TEST_STEP][PASSED] - click(findTestObject("1. Constant/xpath", ["xpath":"//*[@id="kt_header"]/div/div[2]/div[1]/div[1]/div"])): Object: 'Object Repository/1. Constant/xpath' is clicked on

2022-06-23 23:09:02 - [MESSAGE][PASSED] - Object: 'Object Repository/1. Constant/xpath' is clicked on

2022-06-23 23:09:02 - [TEST_STEP][PASSED] - delay(1): Delayed 1 second(s)

2022-06-23 23:09:03 - [MESSAGE][PASSED] - Delayed 1 second(s)

2022-06-23 23:09:03 - [TEST_STEP][PASSED] - k = 1: null

2022-06-23 23:09:03 - [TEST_STEP][PASSED] - while (k <= task3_aomoto): null

2022-06-23 23:09:03 - [TEST_STEP][PASSED] - result2 = getText(findTestObject("1. Constant/xpath", ["xpath":"//*[@id="kt_header"]/div/div[2]/div[1]/div[2]/form/div[2]/a[" + k + "]"]), OPTIONAL): Text of object 'Object Repository/1. Constant/xpath' is: 'COMPLETE & SEND Common Brief: ____ - Dermablend Pro_Makeup Remover_2021_[Do not edit] SAS Part 3
15/12/2021'

2022-06-23 23:09:04 - [MESSAGE][PASSED] - Text of object 'Object Repository/1. Constant/xpath' is: 'COMPLETE & SEND Common Brief: ____ - Dermablend Pro_Makeup Remover_2021_[Do not edit] SAS Part 3
15/12/2021'

2022-06-23 23:09:04 - [TEST_STEP][PASSED] - verifyNotMatch(result2, "COMPLETE & SEND Common Brief: ____ - CeraVe_Acne_2022_" + Project_name, false): Actual text 'COMPLETE & SEND Common Brief: ____ - Dermablend Pro_Makeup Remover_2021_[Do not edit] SAS Part 3
15/12/2021' and expected text 'COMPLETE & SEND Common Brief: ____ - CeraVe_Acne_2022_AutoTag_FullLifecyle_NqK_juin232022_230356' are not matched 

2022-06-23 23:09:04 - [MESSAGE][PASSED] - Actual text 'COMPLETE & SEND Common Brief: ____ - Dermablend Pro_Makeup Remover_2021_[Do not edit] SAS Part 3
15/12/2021' and expected text 'COMPLETE & SEND Common Brief: ____ - CeraVe_Acne_2022_AutoTag_FullLifecyle_NqK_juin232022_230356' are not matched 

2022-06-23 23:09:04 - [TEST_STEP][PASSED] - k = k + 1: null

2022-06-23 23:09:04 - [TEST_STEP][PASSED] - result2 = getText(findTestObject("1. Constant/xpath", ["xpath":"//*[@id="kt_header"]/div/div[2]/div[1]/div[2]/form/div[2]/a[" + k + "]"]), OPTIONAL): Text of object 'Object Repository/1. Constant/xpath' is: 'COMPLETE & SEND Artwork Brief: SAS_PART_4_Other_Bottom_100OZ______
16/12/2021'

2022-06-23 23:09:04 - [MESSAGE][PASSED] - Text of object 'Object Repository/1. Constant/xpath' is: 'COMPLETE & SEND Artwork Brief: SAS_PART_4_Other_Bottom_100OZ______
16/12/2021'

2022-06-23 23:09:04 - [TEST_STEP][PASSED] - verifyNotMatch(result2, "COMPLETE & SEND Common Brief: ____ - CeraVe_Acne_2022_" + Project_name, false): Actual text 'COMPLETE & SEND Artwork Brief: SAS_PART_4_Other_Bottom_100OZ______
16/12/2021' and expected text 'COMPLETE & SEND Common Brief: ____ - CeraVe_Acne_2022_AutoTag_FullLifecyle_NqK_juin232022_230356' are not matched 

2022-06-23 23:09:04 - [MESSAGE][PASSED] - Actual text 'COMPLETE & SEND Artwork Brief: SAS_PART_4_Other_Bottom_100OZ______
16/12/2021' and expected text 'COMPLETE & SEND Common Brief: ____ - CeraVe_Acne_2022_AutoTag_FullLifecyle_NqK_juin232022_230356' are not matched 

2022-06-23 23:09:04 - [TEST_STEP][PASSED] - k = k + 1: null

2022-06-23 23:09:04 - [TEST_STEP][PASSED] - result2 = getText(findTestObject("1. Constant/xpath", ["xpath":"//*[@id="kt_header"]/div/div[2]/div[1]/div[2]/form/div[2]/a[" + k + "]"]), OPTIONAL): Text of object 'Object Repository/1. Constant/xpath' is: 'COMPLETE & SEND Artwork Brief: SAS_PART_4_Other_Bottom_100OZ______
16/12/2021'

2022-06-23 23:09:04 - [MESSAGE][PASSED] - Text of object 'Object Repository/1. Constant/xpath' is: 'COMPLETE & SEND Artwork Brief: SAS_PART_4_Other_Bottom_100OZ______
16/12/2021'

2022-06-23 23:09:04 - [TEST_STEP][PASSED] - verifyNotMatch(result2, "COMPLETE & SEND Common Brief: ____ - CeraVe_Acne_2022_" + Project_name, false): Actual text 'COMPLETE & SEND Artwork Brief: SAS_PART_4_Other_Bottom_100OZ______
16/12/2021' and expected text 'COMPLETE & SEND Common Brief: ____ - CeraVe_Acne_2022_AutoTag_FullLifecyle_NqK_juin232022_230356' are not matched 

2022-06-23 23:09:04 - [MESSAGE][PASSED] - Actual text 'COMPLETE & SEND Artwork Brief: SAS_PART_4_Other_Bottom_100OZ______
16/12/2021' and expected text 'COMPLETE & SEND Common Brief: ____ - CeraVe_Acne_2022_AutoTag_FullLifecyle_NqK_juin232022_230356' are not matched 

2022-06-23 23:09:04 - [TEST_STEP][PASSED] - k = k + 1: null

2022-06-23 23:09:04 - [TEST_STEP][PASSED] - delay(1): Delayed 1 second(s)

2022-06-23 23:09:05 - [MESSAGE][PASSED] - Delayed 1 second(s)

2022-06-23 23:09:05 - [TEST_STEP][PASSED] - takeScreenshot(): Taking screenshot successfully

2022-06-23 23:09:06 - [MESSAGE][PASSED] - Taking screenshot successfully
[[ATTACHMENT|D:\\Projet Test Auto\\Mediabox Test Automation\\Reports\\20220623_184212\\03. Parallel Testing (Testing)\\TS -PT PART 3\\11 Tag SAS_Task_Full lifecycle\\20220623_184238\\1656018545909.png]]

2022-06-23 23:09:06 - [TEST_STEP][PASSED] - click(findTestObject("1. Constant/xpath", ["xpath":"//*[@id="source_" + refID + ""]/td[13]/a"])): Object: 'Object Repository/1. Constant/xpath' is clicked on

2022-06-23 23:09:10 - [MESSAGE][PASSED] - Object: 'Object Repository/1. Constant/xpath' is clicked on

2022-06-23 23:09:10 - [TEST_STEP][PASSED] - I.SelectFromList_Value("//*[@id="lfc_tpl"]", "94"): Delayed 2 second(s)

2022-06-23 23:09:13 - [MESSAGE][PASSED] - All options with value '94' are selected in object 'Object Repository/1. Constant/xpath' 

2022-06-23 23:09:15 - [MESSAGE][PASSED] - Delayed 2 second(s)

2022-06-23 23:09:15 - [TEST_STEP][PASSED] - takeScreenshot(): Taking screenshot successfully

2022-06-23 23:09:16 - [MESSAGE][PASSED] - Taking screenshot successfully
[[ATTACHMENT|D:\\Projet Test Auto\\Mediabox Test Automation\\Reports\\20220623_184212\\03. Parallel Testing (Testing)\\TS -PT PART 3\\11 Tag SAS_Task_Full lifecycle\\20220623_184238\\1656018556084.png]]

2022-06-23 23:09:16 - [TEST_STEP][PASSED] - click(findTestObject("1. Constant/xpath", ["xpath":"//*[@id="createRefTop"]"])): Object: 'Object Repository/1. Constant/xpath' is clicked on

2022-06-23 23:09:22 - [MESSAGE][PASSED] - Object: 'Object Repository/1. Constant/xpath' is clicked on

2022-06-23 23:09:22 - [TEST_STEP][PASSED] - delay(1): Delayed 1 second(s)

2022-06-23 23:09:23 - [MESSAGE][PASSED] - Delayed 1 second(s)

2022-06-23 23:09:23 - [TEST_STEP][PASSED] - takeScreenshot(): Taking screenshot successfully

2022-06-23 23:09:24 - [MESSAGE][PASSED] - Taking screenshot successfully
[[ATTACHMENT|D:\\Projet Test Auto\\Mediabox Test Automation\\Reports\\20220623_184212\\03. Parallel Testing (Testing)\\TS -PT PART 3\\11 Tag SAS_Task_Full lifecycle\\20220623_184238\\1656018564134.png]]

2022-06-23 23:09:24 - [TEST_STEP][PASSED] - click(findTestObject("1. Constant/xpath", ["xpath":"//*[@id="ModifFiche"]/div[1]/div[1]/a"])): Object: 'Object Repository/1. Constant/xpath' is clicked on

2022-06-23 23:09:28 - [MESSAGE][PASSED] - Object: 'Object Repository/1. Constant/xpath' is clicked on

2022-06-23 23:09:28 - [TEST_STEP][PASSED] - click(findTestObject("1. Constant/xpath", ["xpath":"/html/body/div[1]/div[2]/div[4]/div[3]/div/div[2]/div[2]/div[1]/table/tbody/tr[2]/td[8]/a"])): Object: 'Object Repository/1. Constant/xpath' is clicked on

2022-06-23 23:09:33 - [MESSAGE][PASSED] - Object: 'Object Repository/1. Constant/xpath' is clicked on

2022-06-23 23:09:33 - [TEST_STEP][PASSED] - refID_1 = I.RefID_tag(): Current window's url is: 'http://mdb-release.diadeis.lan/MediaboxIndependence/Base/ExecAction?action=VoirRef&IDSession=MBI!RELTESTAUTO_TAG!0DMV05WAMK835QTIQ9IN8Y63CIN6KZ4QYVDE0HOZ&num=XHJY5SASRX&id_ref=24440'

2022-06-23 23:09:38 - [MESSAGE][PASSED] - Delayed 5 second(s)

2022-06-23 23:09:38 - [MESSAGE][PASSED] - Current window's url is: 'http://mdb-release.diadeis.lan/MediaboxIndependence/Base/ExecAction?action=VoirRef&IDSession=MBI!RELTESTAUTO_TAG!0DMV05WAMK835QTIQ9IN8Y63CIN6KZ4QYVDE0HOZ&num=XHJY5SASRX&id_ref=24440'

2022-06-23 23:09:38 - [TEST_STEP][PASSED] - task4_aomoto = I.Get_Task_No("//*[@id="kt_header"]/div/div[2]/div[1]/div[1]"): Text of object 'Object Repository/1. Constant/xpath' is: '4'

2022-06-23 23:09:39 - [MESSAGE][PASSED] - Text of object 'Object Repository/1. Constant/xpath' is: '4'

2022-06-23 23:09:39 - [TEST_STEP][PASSED] - verifyEqual(task4_aomoto - 1, task3_aomoto): Actual object '3' and expected object '3' are equal

2022-06-23 23:09:39 - [MESSAGE][PASSED] - Actual object '3' and expected object '3' are equal

2022-06-23 23:09:39 - [TEST_STEP][PASSED] - click(findTestObject("1. Constant/xpath", ["xpath":"//*[@id="kt_header"]/div/div[2]/div[1]/div[1]/div"])): Object: 'Object Repository/1. Constant/xpath' is clicked on

2022-06-23 23:09:40 - [MESSAGE][PASSED] - Object: 'Object Repository/1. Constant/xpath' is clicked on

2022-06-23 23:09:40 - [TEST_STEP][PASSED] - delay(1): Delayed 1 second(s)

2022-06-23 23:09:41 - [MESSAGE][PASSED] - Delayed 1 second(s)

2022-06-23 23:09:41 - [TEST_STEP][PASSED] - i = 1: null

2022-06-23 23:09:41 - [TEST_STEP][PASSED] - while (i <= task4_aomoto): null

2022-06-23 23:09:41 - [TEST_STEP][PASSED] - result3 = getText(findTestObject("1. Constant/xpath", ["xpath":"//*[@id="kt_header"]/div/div[2]/div[1]/div[2]/form/div[2]/a[" + i + "]"])): Text of object 'Object Repository/1. Constant/xpath' is: 'COMPLETE & SEND Common Brief: ____ - Dermablend Pro_Makeup Remover_2021_[Do not edit] SAS Part 3
15/12/2021'

2022-06-23 23:09:41 - [MESSAGE][PASSED] - Text of object 'Object Repository/1. Constant/xpath' is: 'COMPLETE & SEND Common Brief: ____ - Dermablend Pro_Makeup Remover_2021_[Do not edit] SAS Part 3
15/12/2021'

2022-06-23 23:09:41 - [TEST_STEP][PASSED] - if (result3.contains("COMPLETE & SEND Artwork Brief: TC18_AUTO_MOTHERREF_Fake_Beauty Seal_100CM2______")): null

2022-06-23 23:09:41 - [TEST_STEP][PASSED] - else: null

2022-06-23 23:09:41 - [TEST_STEP][PASSED] - i = i + 1: null

2022-06-23 23:09:41 - [TEST_STEP][PASSED] - result3 = getText(findTestObject("1. Constant/xpath", ["xpath":"//*[@id="kt_header"]/div/div[2]/div[1]/div[2]/form/div[2]/a[" + i + "]"])): Text of object 'Object Repository/1. Constant/xpath' is: 'COMPLETE & SEND Artwork Brief: SAS_PART_4_Other_Bottom_100OZ______
16/12/2021'

2022-06-23 23:09:42 - [MESSAGE][PASSED] - Text of object 'Object Repository/1. Constant/xpath' is: 'COMPLETE & SEND Artwork Brief: SAS_PART_4_Other_Bottom_100OZ______
16/12/2021'

2022-06-23 23:09:42 - [TEST_STEP][PASSED] - if (result3.contains("COMPLETE & SEND Artwork Brief: TC18_AUTO_MOTHERREF_Fake_Beauty Seal_100CM2______")): null

2022-06-23 23:09:42 - [TEST_STEP][PASSED] - else: null

2022-06-23 23:09:42 - [TEST_STEP][PASSED] - i = i + 1: null

2022-06-23 23:09:42 - [TEST_STEP][PASSED] - result3 = getText(findTestObject("1. Constant/xpath", ["xpath":"//*[@id="kt_header"]/div/div[2]/div[1]/div[2]/form/div[2]/a[" + i + "]"])): Text of object 'Object Repository/1. Constant/xpath' is: 'COMPLETE & SEND Artwork Brief: SAS_PART_4_Other_Bottom_100OZ______
16/12/2021'

2022-06-23 23:09:43 - [MESSAGE][PASSED] - Text of object 'Object Repository/1. Constant/xpath' is: 'COMPLETE & SEND Artwork Brief: SAS_PART_4_Other_Bottom_100OZ______
16/12/2021'

2022-06-23 23:09:43 - [TEST_STEP][PASSED] - if (result3.contains("COMPLETE & SEND Artwork Brief: TC18_AUTO_MOTHERREF_Fake_Beauty Seal_100CM2______")): null

2022-06-23 23:09:43 - [TEST_STEP][PASSED] - else: null

2022-06-23 23:09:43 - [TEST_STEP][PASSED] - i = i + 1: null

2022-06-23 23:09:43 - [TEST_STEP][PASSED] - result3 = getText(findTestObject("1. Constant/xpath", ["xpath":"//*[@id="kt_header"]/div/div[2]/div[1]/div[2]/form/div[2]/a[" + i + "]"])): Text of object 'Object Repository/1. Constant/xpath' is: 'COMPLETE & SEND Artwork Brief: TC18_AUTO_MOTHERREF_Fake_Beauty Seal_100CM2______'

2022-06-23 23:09:43 - [MESSAGE][PASSED] - Text of object 'Object Repository/1. Constant/xpath' is: 'COMPLETE & SEND Artwork Brief: TC18_AUTO_MOTHERREF_Fake_Beauty Seal_100CM2______'

2022-06-23 23:09:43 - [TEST_STEP][PASSED] - if (result3.contains("COMPLETE & SEND Artwork Brief: TC18_AUTO_MOTHERREF_Fake_Beauty Seal_100CM2______")): null

2022-06-23 23:09:43 - [TEST_STEP][PASSED] - verifyMatch("1", "1", false): Actual text '1' and expected text '1' are matched 

2022-06-23 23:09:43 - [MESSAGE][PASSED] - Actual text '1' and expected text '1' are matched 

2022-06-23 23:09:43 - [TEST_STEP][PASSED] - i = i + 1: null

2022-06-23 23:09:43 - [TEST_STEP][PASSED] - break: null

2022-06-23 23:09:43 - [TEST_STEP][PASSED] - I.Logout(): Delayed 3 second(s)

2022-06-23 23:09:46 - [MESSAGE][PASSED] - Delayed 3 second(s)

2022-06-23 23:09:48 - [MESSAGE][PASSED] - Object: 'Object Repository/1. Constant/xpath' is clicked on

2022-06-23 23:09:51 - [MESSAGE][PASSED] - Delayed 3 second(s)

2022-06-23 23:09:54 - [MESSAGE][PASSED] - Object: 'Object Repository/1. Constant/xpath' is clicked on

2022-06-23 23:09:57 - [MESSAGE][PASSED] - Delayed 3 second(s)

2022-06-23 23:09:57 - [TEST_STEP][PASSED] - I.Login_password("apetit", password_apetit): Object: 'Object Repository/1. Constant/xpath' is clicked on

2022-06-23 23:10:02 - [MESSAGE][PASSED] - Text 'apetit' is set on object 'Object Repository/1. Constant/xpath'

2022-06-23 23:10:03 - [MESSAGE][PASSED] - Delayed 1 second(s)

2022-06-23 23:10:04 - [MESSAGE][PASSED] - Text 'dchi' is set on object 'Object Repository/1. Constant/xpath'

2022-06-23 23:10:05 - [MESSAGE][PASSED] - Delayed 1 second(s)

2022-06-23 23:10:10 - [MESSAGE][PASSED] - Object: 'Object Repository/1. Constant/xpath' is clicked on

2022-06-23 23:10:10 - [TEST_STEP][PASSED] - takeScreenshot(): Taking screenshot successfully

2022-06-23 23:10:12 - [MESSAGE][PASSED] - Taking screenshot successfully
[[ATTACHMENT|D:\\Projet Test Auto\\Mediabox Test Automation\\Reports\\20220623_184212\\03. Parallel Testing (Testing)\\TS -PT PART 3\\11 Tag SAS_Task_Full lifecycle\\20220623_184238\\1656018611266.png]]

2022-06-23 23:10:12 - [TEST_STEP][PASSED] - task2_apetit = I.Get_Task_No("//*[@id="kt_header"]/div/div[2]/div[1]/div[1]"): Text of object 'Object Repository/1. Constant/xpath' is: '3'

2022-06-23 23:10:14 - [MESSAGE][PASSED] - Text of object 'Object Repository/1. Constant/xpath' is: '3'

2022-06-23 23:10:14 - [TEST_STEP][PASSED] - verifyEqual(task2_apetit - 1, task1_apetit): Actual object '2' and expected object '2' are equal

2022-06-23 23:10:14 - [MESSAGE][PASSED] - Actual object '2' and expected object '2' are equal

2022-06-23 23:10:14 - [TEST_STEP][PASSED] - a = 1: null

2022-06-23 23:10:14 - [TEST_STEP][PASSED] - while (a <= task2_apetit): null

2022-06-23 23:10:14 - [TEST_STEP][PASSED] - b = a + 1: null

2022-06-23 23:10:14 - [TEST_STEP][PASSED] - result = getText(findTestObject("1. Constant/xpath", ["xpath":"//*[@id="widg_20200728_091929_587E6645P"]/div/div[2]/div/div/table/tbody/tr[" + b + "]/td[1]/a"]), OPTIONAL): Text of object 'Object Repository/1. Constant/xpath' is: 'COMPLETE & SEND Common Brief: ___ - ACD Non reparti_ACD Non reparti_2021_[DO NOT EDIT] IMPORT REF Part 1'

2022-06-23 23:10:16 - [MESSAGE][PASSED] - Text of object 'Object Repository/1. Constant/xpath' is: 'COMPLETE & SEND Common Brief: ___ - ACD Non reparti_ACD Non reparti_2021_[DO NOT EDIT] IMPORT REF Part 1'

2022-06-23 23:10:16 - [TEST_STEP][PASSED] - if (result.contains("COMPLETE & SEND Common Brief: TC18_AUTO_MOTHERREF_Fake_Beauty Seal_100CM2_ - CeraVe_Acne_2022_" + Project_name)): null

2022-06-23 23:10:16 - [TEST_STEP][PASSED] - else: null

2022-06-23 23:10:16 - [TEST_STEP][PASSED] - a = a + 1: null

2022-06-23 23:10:16 - [TEST_STEP][PASSED] - b = a + 1: null

2022-06-23 23:10:16 - [TEST_STEP][PASSED] - result = getText(findTestObject("1. Constant/xpath", ["xpath":"//*[@id="widg_20200728_091929_587E6645P"]/div/div[2]/div/div/table/tbody/tr[" + b + "]/td[1]/a"]), OPTIONAL): Text of object 'Object Repository/1. Constant/xpath' is: 'COMPLETE & SEND Common Brief: FOREIGN_KEY_DELETED - ACD Non reparti_ACD Non reparti_2021_[DO NOT EDIT] IMPORT REF Part 1'

2022-06-23 23:10:17 - [MESSAGE][PASSED] - Text of object 'Object Repository/1. Constant/xpath' is: 'COMPLETE & SEND Common Brief: FOREIGN_KEY_DELETED - ACD Non reparti_ACD Non reparti_2021_[DO NOT EDIT] IMPORT REF Part 1'

2022-06-23 23:10:17 - [TEST_STEP][PASSED] - if (result.contains("COMPLETE & SEND Common Brief: TC18_AUTO_MOTHERREF_Fake_Beauty Seal_100CM2_ - CeraVe_Acne_2022_" + Project_name)): null

2022-06-23 23:10:17 - [TEST_STEP][PASSED] - else: null

2022-06-23 23:10:17 - [TEST_STEP][PASSED] - a = a + 1: null

2022-06-23 23:10:17 - [TEST_STEP][PASSED] - b = a + 1: null

2022-06-23 23:10:17 - [TEST_STEP][PASSED] - result = getText(findTestObject("1. Constant/xpath", ["xpath":"//*[@id="widg_20200728_091929_587E6645P"]/div/div[2]/div/div/table/tbody/tr[" + b + "]/td[1]/a"]), OPTIONAL): Text of object 'Object Repository/1. Constant/xpath' is: 'COMPLETE & SEND Common Brief: TC18_AUTO_MOTHERREF_Fake_Beauty Seal_100CM2_ - CeraVe_Acne_2022_AutoTag_FullLifecyle_NqK_juin232022_230356'

2022-06-23 23:10:18 - [MESSAGE][PASSED] - Text of object 'Object Repository/1. Constant/xpath' is: 'COMPLETE & SEND Common Brief: TC18_AUTO_MOTHERREF_Fake_Beauty Seal_100CM2_ - CeraVe_Acne_2022_AutoTag_FullLifecyle_NqK_juin232022_230356'

2022-06-23 23:10:18 - [TEST_STEP][PASSED] - if (result.contains("COMPLETE & SEND Common Brief: TC18_AUTO_MOTHERREF_Fake_Beauty Seal_100CM2_ - CeraVe_Acne_2022_" + Project_name)): null

2022-06-23 23:10:18 - [TEST_STEP][PASSED] - click(findTestObject("1. Constant/xpath", ["xpath":"//*[@id="widg_20200728_091929_587E6645P"]/div/div[2]/div/div/table/tbody/tr[" + b + "]/td[1]/a"])): Object: 'Object Repository/1. Constant/xpath' is clicked on

2022-06-23 23:10:23 - [MESSAGE][PASSED] - Object: 'Object Repository/1. Constant/xpath' is clicked on

2022-06-23 23:10:23 - [TEST_STEP][PASSED] - break: null

2022-06-23 23:10:23 - [TEST_STEP][PASSED] - takeScreenshot(): Taking screenshot successfully

2022-06-23 23:10:24 - [MESSAGE][PASSED] - Taking screenshot successfully
[[ATTACHMENT|D:\\Projet Test Auto\\Mediabox Test Automation\\Reports\\20220623_184212\\03. Parallel Testing (Testing)\\TS -PT PART 3\\11 Tag SAS_Task_Full lifecycle\\20220623_184238\\1656018624036.png]]

2022-06-23 23:10:24 - [TEST_STEP][PASSED] - delay(1): Delayed 1 second(s)

2022-06-23 23:10:25 - [MESSAGE][PASSED] - Delayed 1 second(s)

2022-06-23 23:10:25 - [TEST_STEP][PASSED] - click(findTestObject("1. Constant/xpath", ["xpath":"//*[@id="source_" + refID + ""]/td[15]/a[2]"])): Object: 'Object Repository/1. Constant/xpath' is clicked on

2022-06-23 23:10:31 - [MESSAGE][PASSED] - Object: 'Object Repository/1. Constant/xpath' is clicked on

2022-06-23 23:10:31 - [TEST_STEP][PASSED] - delay(1): Delayed 1 second(s)

2022-06-23 23:10:32 - [MESSAGE][PASSED] - Delayed 1 second(s)

2022-06-23 23:10:32 - [TEST_STEP][PASSED] - takeScreenshot(): Taking screenshot successfully

2022-06-23 23:10:33 - [MESSAGE][PASSED] - Taking screenshot successfully
[[ATTACHMENT|D:\\Projet Test Auto\\Mediabox Test Automation\\Reports\\20220623_184212\\03. Parallel Testing (Testing)\\TS -PT PART 3\\11 Tag SAS_Task_Full lifecycle\\20220623_184238\\1656018632885.png]]

2022-06-23 23:10:33 - [TEST_STEP][PASSED] - click(findTestObject("1. Constant/xpath", ["xpath":"//*[@id="ModifFiche"]/div[1]/div/div/button"])): Object: 'Object Repository/1. Constant/xpath' is clicked on

2022-06-23 23:10:34 - [MESSAGE][PASSED] - Object: 'Object Repository/1. Constant/xpath' is clicked on

2022-06-23 23:10:34 - [TEST_STEP][PASSED] - delay(1): Delayed 1 second(s)

2022-06-23 23:10:35 - [MESSAGE][PASSED] - Delayed 1 second(s)

2022-06-23 23:10:35 - [TEST_STEP][PASSED] - click(findTestObject("1. Constant/xpath", ["xpath":"//*[@id="ModifFiche"]/div[1]/div/div/div/a[2]"])): Object: 'Object Repository/1. Constant/xpath' is clicked on

2022-06-23 23:10:39 - [MESSAGE][PASSED] - Object: 'Object Repository/1. Constant/xpath' is clicked on

2022-06-23 23:10:39 - [TEST_STEP][PASSED] - delay(1): Delayed 1 second(s)

2022-06-23 23:10:40 - [MESSAGE][PASSED] - Delayed 1 second(s)

2022-06-23 23:10:40 - [TEST_STEP][PASSED] - takeScreenshot(): Taking screenshot successfully

2022-06-23 23:10:41 - [MESSAGE][PASSED] - Taking screenshot successfully
[[ATTACHMENT|D:\\Projet Test Auto\\Mediabox Test Automation\\Reports\\20220623_184212\\03. Parallel Testing (Testing)\\TS -PT PART 3\\11 Tag SAS_Task_Full lifecycle\\20220623_184238\\1656018640471.png]]

2022-06-23 23:10:41 - [TEST_STEP][PASSED] - delay(1): Delayed 1 second(s)

2022-06-23 23:10:42 - [MESSAGE][PASSED] - Delayed 1 second(s)

2022-06-23 23:10:42 - [TEST_STEP][PASSED] - click(findTestObject("1. Constant/xpath", ["xpath":"//*[@id="ModifFiche"]/div[3]/div/button[2]"])): Object: 'Object Repository/1. Constant/xpath' is clicked on

2022-06-23 23:10:43 - [MESSAGE][PASSED] - Object: 'Object Repository/1. Constant/xpath' is clicked on

2022-06-23 23:10:43 - [TEST_STEP][PASSED] - Expected_toastr1 = "×" + "
" + "Error" + "

" + "REFERENCE BRIEF VALIDATION ERRORS : TC18_AUTO_MOTHERREF_Fake_Beauty Seal_100CM2_" + "
" + "Reason for sending back to MKT is missing": null

2022-06-23 23:10:43 - [TEST_STEP][PASSED] - I.VerifyMatchToastrmsg("//*[@id="toast-container"]/div", Expected_toastr1): Actual text '×
Error

REFERENCE BRIEF VALIDATION ERRORS : TC18_AUTO_MOTHERREF_Fake_Beauty Seal_100CM2_
Reason for sending back to MKT is missing' and expected text '×
Error

REFERENCE BRIEF VALIDATION ERRORS : TC18_AUTO_MOTHERREF_Fake_Beauty Seal_100CM2_
Reason for sending back to MKT is missing' are matched 

2022-06-23 23:10:43 - [MESSAGE][PASSED] - Object 'Object Repository/1. Constant/xpath' is visible

2022-06-23 23:10:44 - [MESSAGE][PASSED] - Text of object 'Object Repository/1. Constant/xpath' is: '×
Error

REFERENCE BRIEF VALIDATION ERRORS : TC18_AUTO_MOTHERREF_Fake_Beauty Seal_100CM2_
Reason for sending back to MKT is missing'

2022-06-23 23:10:44 - [MESSAGE][PASSED] - Taking screenshot successfully
[[ATTACHMENT|D:\\Projet Test Auto\\Mediabox Test Automation\\Reports\\20220623_184212\\03. Parallel Testing (Testing)\\TS -PT PART 3\\11 Tag SAS_Task_Full lifecycle\\20220623_184238\\1656018644355.png]]

2022-06-23 23:10:44 - [MESSAGE][PASSED] - Actual text '×
Error

REFERENCE BRIEF VALIDATION ERRORS : TC18_AUTO_MOTHERREF_Fake_Beauty Seal_100CM2_
Reason for sending back to MKT is missing' and expected text '×
Error

REFERENCE BRIEF VALIDATION ERRORS : TC18_AUTO_MOTHERREF_Fake_Beauty Seal_100CM2_
Reason for sending back to MKT is missing' are matched 

2022-06-23 23:10:44 - [TEST_STEP][PASSED] - takeScreenshot(): Taking screenshot successfully

2022-06-23 23:10:45 - [MESSAGE][PASSED] - Taking screenshot successfully
[[ATTACHMENT|D:\\Projet Test Auto\\Mediabox Test Automation\\Reports\\20220623_184212\\03. Parallel Testing (Testing)\\TS -PT PART 3\\11 Tag SAS_Task_Full lifecycle\\20220623_184238\\1656018645084.png]]

2022-06-23 23:10:45 - [TEST_STEP][PASSED] - click(findTestObject("1. Constant/xpath", ["xpath":"//*[@id="ModifFiche"]/div[1]/div/a"])): Object: 'Object Repository/1. Constant/xpath' is clicked on

2022-06-23 23:10:48 - [MESSAGE][PASSED] - Object: 'Object Repository/1. Constant/xpath' is clicked on

2022-06-23 23:10:48 - [TEST_STEP][PASSED] - delay(1): Delayed 1 second(s)

2022-06-23 23:10:49 - [MESSAGE][PASSED] - Delayed 1 second(s)

2022-06-23 23:10:49 - [TEST_STEP][PASSED] - takeScreenshot(): Taking screenshot successfully

2022-06-23 23:10:51 - [MESSAGE][PASSED] - Taking screenshot successfully
[[ATTACHMENT|D:\\Projet Test Auto\\Mediabox Test Automation\\Reports\\20220623_184212\\03. Parallel Testing (Testing)\\TS -PT PART 3\\11 Tag SAS_Task_Full lifecycle\\20220623_184238\\1656018650301.png]]

2022-06-23 23:10:51 - [TEST_STEP][PASSED] - click(findTestObject("1. Constant/xpath", ["xpath":"//*[@id="source_" + refID + ""]/td[15]/a[2]"])): Object: 'Object Repository/1. Constant/xpath' is clicked on

2022-06-23 23:10:55 - [MESSAGE][PASSED] - Object: 'Object Repository/1. Constant/xpath' is clicked on

2022-06-23 23:10:55 - [TEST_STEP][PASSED] - delay(1): Delayed 1 second(s)

2022-06-23 23:10:56 - [MESSAGE][PASSED] - Delayed 1 second(s)

2022-06-23 23:10:56 - [TEST_STEP][PASSED] - takeScreenshot(): Taking screenshot successfully

2022-06-23 23:10:57 - [MESSAGE][PASSED] - Taking screenshot successfully
[[ATTACHMENT|D:\\Projet Test Auto\\Mediabox Test Automation\\Reports\\20220623_184212\\03. Parallel Testing (Testing)\\TS -PT PART 3\\11 Tag SAS_Task_Full lifecycle\\20220623_184238\\1656018656414.png]]

2022-06-23 23:10:57 - [TEST_STEP][PASSED] - click(findTestObject("1. Constant/xpath", ["xpath":"//*[@id="ModifFiche"]/div[1]/div/div/button"])): Object: 'Object Repository/1. Constant/xpath' is clicked on

2022-06-23 23:10:57 - [MESSAGE][PASSED] - Object: 'Object Repository/1. Constant/xpath' is clicked on

2022-06-23 23:10:57 - [TEST_STEP][PASSED] - delay(1): Delayed 1 second(s)

2022-06-23 23:10:58 - [MESSAGE][PASSED] - Delayed 1 second(s)

2022-06-23 23:10:58 - [TEST_STEP][PASSED] - click(findTestObject("1. Constant/xpath", ["xpath":"//*[@id="ModifFiche"]/div[1]/div/div/div/a[2]"])): Object: 'Object Repository/1. Constant/xpath' is clicked on

2022-06-23 23:11:05 - [MESSAGE][PASSED] - Object: 'Object Repository/1. Constant/xpath' is clicked on

2022-06-23 23:11:05 - [TEST_STEP][PASSED] - delay(1): Delayed 1 second(s)

2022-06-23 23:11:06 - [MESSAGE][PASSED] - Delayed 1 second(s)

2022-06-23 23:11:06 - [TEST_STEP][PASSED] - takeScreenshot(): Taking screenshot successfully

2022-06-23 23:11:08 - [MESSAGE][PASSED] - Taking screenshot successfully
[[ATTACHMENT|D:\\Projet Test Auto\\Mediabox Test Automation\\Reports\\20220623_184212\\03. Parallel Testing (Testing)\\TS -PT PART 3\\11 Tag SAS_Task_Full lifecycle\\20220623_184238\\1656018667280.png]]

2022-06-23 23:11:08 - [TEST_STEP][PASSED] - delay(1): Delayed 1 second(s)

2022-06-23 23:11:09 - [MESSAGE][PASSED] - Delayed 1 second(s)

2022-06-23 23:11:09 - [TEST_STEP][PASSED] - setText(findTestObject("1. Constant/xpath", ["xpath":"//*[@id="var_151"]"]), "Reason for sending back to MKT > Test"): Text 'Reason for sending back to MKT > Test' is set on object 'Object Repository/1. Constant/xpath'

2022-06-23 23:11:10 - [MESSAGE][PASSED] - Text 'Reason for sending back to MKT > Test' is set on object 'Object Repository/1. Constant/xpath'

2022-06-23 23:11:10 - [TEST_STEP][PASSED] - click(findTestObject("1. Constant/xpath", ["xpath":"//*[@id="ModifFiche"]/div[3]/div/button[2]"])): Object: 'Object Repository/1. Constant/xpath' is clicked on

2022-06-23 23:11:18 - [MESSAGE][PASSED] - Object: 'Object Repository/1. Constant/xpath' is clicked on

2022-06-23 23:11:18 - [TEST_STEP][PASSED] - task3_apetit = I.Get_Task_No("//*[@id="kt_header"]/div/div[2]/div[1]/div[1]"): Text of object 'Object Repository/1. Constant/xpath' is: '2'

2022-06-23 23:11:19 - [MESSAGE][PASSED] - Text of object 'Object Repository/1. Constant/xpath' is: '2'

2022-06-23 23:11:19 - [TEST_STEP][PASSED] - verifyEqual(task3_apetit + 1, task2_apetit): Actual object '3' and expected object '3' are equal

2022-06-23 23:11:19 - [MESSAGE][PASSED] - Actual object '3' and expected object '3' are equal

2022-06-23 23:11:19 - [TEST_STEP][PASSED] - I.Logout(): Delayed 3 second(s)

2022-06-23 23:11:22 - [MESSAGE][PASSED] - Delayed 3 second(s)

2022-06-23 23:11:23 - [MESSAGE][PASSED] - Object: 'Object Repository/1. Constant/xpath' is clicked on

2022-06-23 23:11:26 - [MESSAGE][PASSED] - Delayed 3 second(s)

2022-06-23 23:11:29 - [MESSAGE][PASSED] - Object: 'Object Repository/1. Constant/xpath' is clicked on

2022-06-23 23:11:32 - [MESSAGE][PASSED] - Delayed 3 second(s)

2022-06-23 23:11:32 - [TEST_STEP][PASSED] - I.Login_password("aomoto", password_aomoto): Object: 'Object Repository/1. Constant/xpath' is clicked on

2022-06-23 23:11:35 - [MESSAGE][PASSED] - Text 'aomoto' is set on object 'Object Repository/1. Constant/xpath'

2022-06-23 23:11:36 - [MESSAGE][PASSED] - Delayed 1 second(s)

2022-06-23 23:11:37 - [MESSAGE][PASSED] - Text 'dchi' is set on object 'Object Repository/1. Constant/xpath'

2022-06-23 23:11:38 - [MESSAGE][PASSED] - Delayed 1 second(s)

2022-06-23 23:11:45 - [MESSAGE][PASSED] - Object: 'Object Repository/1. Constant/xpath' is clicked on

2022-06-23 23:11:45 - [TEST_STEP][PASSED] - takeScreenshot(): Taking screenshot successfully

2022-06-23 23:11:46 - [MESSAGE][PASSED] - Taking screenshot successfully
[[ATTACHMENT|D:\\Projet Test Auto\\Mediabox Test Automation\\Reports\\20220623_184212\\03. Parallel Testing (Testing)\\TS -PT PART 3\\11 Tag SAS_Task_Full lifecycle\\20220623_184238\\1656018705521.png]]

2022-06-23 23:11:46 - [TEST_STEP][PASSED] - task5_aomoto = I.Get_Task_No("//*[@id="kt_header"]/div/div[2]/div[1]/div[1]"): Text of object 'Object Repository/1. Constant/xpath' is: '5'

2022-06-23 23:11:47 - [MESSAGE][PASSED] - Text of object 'Object Repository/1. Constant/xpath' is: '5'

2022-06-23 23:11:47 - [TEST_STEP][PASSED] - click(findTestObject("1. Constant/xpath", ["xpath":"//*[@id="kt_header"]/div/div[2]/div[1]/div[1]/div"])): Object: 'Object Repository/1. Constant/xpath' is clicked on

2022-06-23 23:11:47 - [MESSAGE][PASSED] - Object: 'Object Repository/1. Constant/xpath' is clicked on

2022-06-23 23:11:47 - [TEST_STEP][PASSED] - delay(5): Delayed 5 second(s)

2022-06-23 23:11:52 - [MESSAGE][PASSED] - Delayed 5 second(s)

2022-06-23 23:11:52 - [TEST_STEP][PASSED] - c = 1: null

2022-06-23 23:11:52 - [TEST_STEP][PASSED] - while (c <= task5_aomoto): null

2022-06-23 23:11:52 - [TEST_STEP][PASSED] - result10 = getText(findTestObject("1. Constant/xpath", ["xpath":"//*[@id="kt_header"]/div/div[2]/div[1]/div[2]/form/div[2]/a[" + c + "]"])): Text of object 'Object Repository/1. Constant/xpath' is: 'COMPLETE & SEND Common Brief: ____ - Dermablend Pro_Makeup Remover_2021_[Do not edit] SAS Part 3
15/12/2021'

2022-06-23 23:11:53 - [MESSAGE][PASSED] - Text of object 'Object Repository/1. Constant/xpath' is: 'COMPLETE & SEND Common Brief: ____ - Dermablend Pro_Makeup Remover_2021_[Do not edit] SAS Part 3
15/12/2021'

2022-06-23 23:11:53 - [TEST_STEP][PASSED] - if (result10.contains("TC18_")): null

2022-06-23 23:11:53 - [TEST_STEP][PASSED] - else: null

2022-06-23 23:11:53 - [TEST_STEP][PASSED] - c = c + 1: null

2022-06-23 23:11:53 - [TEST_STEP][PASSED] - result10 = getText(findTestObject("1. Constant/xpath", ["xpath":"//*[@id="kt_header"]/div/div[2]/div[1]/div[2]/form/div[2]/a[" + c + "]"])): Text of object 'Object Repository/1. Constant/xpath' is: 'COMPLETE & SEND Artwork Brief: SAS_PART_4_Other_Bottom_100OZ______
16/12/2021'

2022-06-23 23:11:53 - [MESSAGE][PASSED] - Text of object 'Object Repository/1. Constant/xpath' is: 'COMPLETE & SEND Artwork Brief: SAS_PART_4_Other_Bottom_100OZ______
16/12/2021'

2022-06-23 23:11:53 - [TEST_STEP][PASSED] - if (result10.contains("TC18_")): null

2022-06-23 23:11:53 - [TEST_STEP][PASSED] - else: null

2022-06-23 23:11:53 - [TEST_STEP][PASSED] - c = c + 1: null

2022-06-23 23:11:53 - [TEST_STEP][PASSED] - result10 = getText(findTestObject("1. Constant/xpath", ["xpath":"//*[@id="kt_header"]/div/div[2]/div[1]/div[2]/form/div[2]/a[" + c + "]"])): Text of object 'Object Repository/1. Constant/xpath' is: 'COMPLETE & SEND Artwork Brief: SAS_PART_4_Other_Bottom_100OZ______
16/12/2021'

2022-06-23 23:11:54 - [MESSAGE][PASSED] - Text of object 'Object Repository/1. Constant/xpath' is: 'COMPLETE & SEND Artwork Brief: SAS_PART_4_Other_Bottom_100OZ______
16/12/2021'

2022-06-23 23:11:54 - [TEST_STEP][PASSED] - if (result10.contains("TC18_")): null

2022-06-23 23:11:54 - [TEST_STEP][PASSED] - else: null

2022-06-23 23:11:54 - [TEST_STEP][PASSED] - c = c + 1: null

2022-06-23 23:11:54 - [TEST_STEP][PASSED] - result10 = getText(findTestObject("1. Constant/xpath", ["xpath":"//*[@id="kt_header"]/div/div[2]/div[1]/div[2]/form/div[2]/a[" + c + "]"])): Text of object 'Object Repository/1. Constant/xpath' is: 'COMPLETE & SEND Common Brief: TC18_AUTO_MOTHERREF_Fake_Beauty Seal_100CM2_ - CeraVe_Acne_2022_AutoTag_FullLifecyle_NqK_juin232022_230356'

2022-06-23 23:11:54 - [MESSAGE][PASSED] - Text of object 'Object Repository/1. Constant/xpath' is: 'COMPLETE & SEND Common Brief: TC18_AUTO_MOTHERREF_Fake_Beauty Seal_100CM2_ - CeraVe_Acne_2022_AutoTag_FullLifecyle_NqK_juin232022_230356'

2022-06-23 23:11:54 - [TEST_STEP][PASSED] - if (result10.contains("TC18_")): null

2022-06-23 23:11:54 - [TEST_STEP][PASSED] - click(findTestObject("1. Constant/xpath", ["xpath":"//*[@id="kt_header"]/div/div[2]/div[1]/div[2]/form/div[2]/a[" + c + "]"])): Object: 'Object Repository/1. Constant/xpath' is clicked on

2022-06-23 23:11:57 - [MESSAGE][PASSED] - Object: 'Object Repository/1. Constant/xpath' is clicked on

2022-06-23 23:11:57 - [TEST_STEP][PASSED] - break: null

2022-06-23 23:11:57 - [TEST_STEP][PASSED] - takeScreenshot(): Taking screenshot successfully

2022-06-23 23:11:58 - [MESSAGE][PASSED] - Taking screenshot successfully
[[ATTACHMENT|D:\\Projet Test Auto\\Mediabox Test Automation\\Reports\\20220623_184212\\03. Parallel Testing (Testing)\\TS -PT PART 3\\11 Tag SAS_Task_Full lifecycle\\20220623_184238\\1656018717651.png]]

2022-06-23 23:11:58 - [TEST_STEP][PASSED] - click(findTestObject("1. Constant/xpath", ["xpath":"//*[@id="source_" + refID + ""]/td[15]/a[3]"])): Object: 'Object Repository/1. Constant/xpath' is clicked on

2022-06-23 23:12:01 - [MESSAGE][PASSED] - Object: 'Object Repository/1. Constant/xpath' is clicked on

2022-06-23 23:12:01 - [TEST_STEP][PASSED] - delay(1): Delayed 1 second(s)

2022-06-23 23:12:02 - [MESSAGE][PASSED] - Delayed 1 second(s)

2022-06-23 23:12:02 - [TEST_STEP][PASSED] - takeScreenshot(): Taking screenshot successfully

2022-06-23 23:12:03 - [MESSAGE][PASSED] - Taking screenshot successfully
[[ATTACHMENT|D:\\Projet Test Auto\\Mediabox Test Automation\\Reports\\20220623_184212\\03. Parallel Testing (Testing)\\TS -PT PART 3\\11 Tag SAS_Task_Full lifecycle\\20220623_184238\\1656018722514.png]]

2022-06-23 23:12:03 - [TEST_STEP][PASSED] - delay(1): Delayed 1 second(s)

2022-06-23 23:12:04 - [MESSAGE][PASSED] - Delayed 1 second(s)

2022-06-23 23:12:04 - [TEST_STEP][PASSED] - click(findTestObject("1. Constant/xpath", ["xpath":"//*[@id="ModifFiche"]/div[1]/div/button[2]"])): Object: 'Object Repository/1. Constant/xpath' is clicked on

2022-06-23 23:12:11 - [MESSAGE][PASSED] - Object: 'Object Repository/1. Constant/xpath' is clicked on

2022-06-23 23:12:11 - [TEST_STEP][PASSED] - task6_aomoto = I.Get_Task_No("//*[@id="kt_header"]/div/div[2]/div[1]/div[1]"): Text of object 'Object Repository/1. Constant/xpath' is: '4'

2022-06-23 23:12:12 - [MESSAGE][PASSED] - Text of object 'Object Repository/1. Constant/xpath' is: '4'

2022-06-23 23:12:12 - [TEST_STEP][PASSED] - verifyEqual(task6_aomoto + 1, task5_aomoto): Actual object '5' and expected object '5' are equal

2022-06-23 23:12:12 - [MESSAGE][PASSED] - Actual object '5' and expected object '5' are equal

2022-06-23 23:12:12 - [TEST_STEP][PASSED] - I.Logout(): Delayed 3 second(s)

2022-06-23 23:12:15 - [MESSAGE][PASSED] - Delayed 3 second(s)

2022-06-23 23:12:16 - [MESSAGE][PASSED] - Object: 'Object Repository/1. Constant/xpath' is clicked on

2022-06-23 23:12:19 - [MESSAGE][PASSED] - Delayed 3 second(s)

2022-06-23 23:12:22 - [MESSAGE][PASSED] - Object: 'Object Repository/1. Constant/xpath' is clicked on

2022-06-23 23:12:25 - [MESSAGE][PASSED] - Delayed 3 second(s)

2022-06-23 23:12:25 - [TEST_STEP][PASSED] - I.Login_password("apetit", password_apetit): Object: 'Object Repository/1. Constant/xpath' is clicked on

2022-06-23 23:12:27 - [MESSAGE][PASSED] - Text 'apetit' is set on object 'Object Repository/1. Constant/xpath'

2022-06-23 23:12:28 - [MESSAGE][PASSED] - Delayed 1 second(s)

2022-06-23 23:12:31 - [MESSAGE][PASSED] - Text 'dchi' is set on object 'Object Repository/1. Constant/xpath'

2022-06-23 23:12:32 - [MESSAGE][PASSED] - Delayed 1 second(s)

2022-06-23 23:12:37 - [MESSAGE][PASSED] - Object: 'Object Repository/1. Constant/xpath' is clicked on

2022-06-23 23:12:37 - [TEST_STEP][PASSED] - takeScreenshot(): Taking screenshot successfully

2022-06-23 23:12:38 - [MESSAGE][PASSED] - Taking screenshot successfully
[[ATTACHMENT|D:\\Projet Test Auto\\Mediabox Test Automation\\Reports\\20220623_184212\\03. Parallel Testing (Testing)\\TS -PT PART 3\\11 Tag SAS_Task_Full lifecycle\\20220623_184238\\1656018757634.png]]

2022-06-23 23:12:38 - [TEST_STEP][PASSED] - task10_apetit = I.Get_Task_No("//*[@id="kt_header"]/div/div[2]/div[1]/div[1]"): Text of object 'Object Repository/1. Constant/xpath' is: '3'

2022-06-23 23:12:38 - [MESSAGE][PASSED] - Text of object 'Object Repository/1. Constant/xpath' is: '3'

2022-06-23 23:12:38 - [TEST_STEP][PASSED] - pl = 1: null

2022-06-23 23:12:38 - [TEST_STEP][PASSED] - while (pl <= task10_apetit): null

2022-06-23 23:12:38 - [TEST_STEP][PASSED] - zz = pl + 1: null

2022-06-23 23:12:38 - [TEST_STEP][PASSED] - result = getText(findTestObject("1. Constant/xpath", ["xpath":"/html/body/div[1]/div[2]/div[4]/div[3]/div/div[5]/div[2]/div[1]/div/div[2]/div/div/table/tbody/tr[" + zz + "]/td[1]/a"]), OPTIONAL): Text of object 'Object Repository/1. Constant/xpath' is: 'COMPLETE & SEND Common Brief: ___ - ACD Non reparti_ACD Non reparti_2021_[DO NOT EDIT] IMPORT REF Part 1'

2022-06-23 23:12:39 - [MESSAGE][PASSED] - Text of object 'Object Repository/1. Constant/xpath' is: 'COMPLETE & SEND Common Brief: ___ - ACD Non reparti_ACD Non reparti_2021_[DO NOT EDIT] IMPORT REF Part 1'

2022-06-23 23:12:39 - [TEST_STEP][PASSED] - if (result.contains("COMPLETE & SEND Common Brief: TC18_AUTO_MOTHERREF_Fake_Beauty Seal_100CM2_ - CeraVe_Acne_2022_" + Project_name)): null

2022-06-23 23:12:39 - [TEST_STEP][PASSED] - else: null

2022-06-23 23:12:39 - [TEST_STEP][PASSED] - pl = pl + 1: null

2022-06-23 23:12:39 - [TEST_STEP][PASSED] - zz = pl + 1: null

2022-06-23 23:12:39 - [TEST_STEP][PASSED] - result = getText(findTestObject("1. Constant/xpath", ["xpath":"/html/body/div[1]/div[2]/div[4]/div[3]/div/div[5]/div[2]/div[1]/div/div[2]/div/div/table/tbody/tr[" + zz + "]/td[1]/a"]), OPTIONAL): Text of object 'Object Repository/1. Constant/xpath' is: 'COMPLETE & SEND Common Brief: FOREIGN_KEY_DELETED - ACD Non reparti_ACD Non reparti_2021_[DO NOT EDIT] IMPORT REF Part 1'

2022-06-23 23:12:39 - [MESSAGE][PASSED] - Text of object 'Object Repository/1. Constant/xpath' is: 'COMPLETE & SEND Common Brief: FOREIGN_KEY_DELETED - ACD Non reparti_ACD Non reparti_2021_[DO NOT EDIT] IMPORT REF Part 1'

2022-06-23 23:12:39 - [TEST_STEP][PASSED] - if (result.contains("COMPLETE & SEND Common Brief: TC18_AUTO_MOTHERREF_Fake_Beauty Seal_100CM2_ - CeraVe_Acne_2022_" + Project_name)): null

2022-06-23 23:12:39 - [TEST_STEP][PASSED] - else: null

2022-06-23 23:12:39 - [TEST_STEP][PASSED] - pl = pl + 1: null

2022-06-23 23:12:39 - [TEST_STEP][PASSED] - zz = pl + 1: null

2022-06-23 23:12:39 - [TEST_STEP][PASSED] - result = getText(findTestObject("1. Constant/xpath", ["xpath":"/html/body/div[1]/div[2]/div[4]/div[3]/div/div[5]/div[2]/div[1]/div/div[2]/div/div/table/tbody/tr[" + zz + "]/td[1]/a"]), OPTIONAL): Text of object 'Object Repository/1. Constant/xpath' is: 'COMPLETE & SEND Common Brief: TC18_AUTO_MOTHERREF_Fake_Beauty Seal_100CM2_ - CeraVe_Acne_2022_AutoTag_FullLifecyle_NqK_juin232022_230356'

2022-06-23 23:12:40 - [MESSAGE][PASSED] - Text of object 'Object Repository/1. Constant/xpath' is: 'COMPLETE & SEND Common Brief: TC18_AUTO_MOTHERREF_Fake_Beauty Seal_100CM2_ - CeraVe_Acne_2022_AutoTag_FullLifecyle_NqK_juin232022_230356'

2022-06-23 23:12:40 - [TEST_STEP][PASSED] - if (result.contains("COMPLETE & SEND Common Brief: TC18_AUTO_MOTHERREF_Fake_Beauty Seal_100CM2_ - CeraVe_Acne_2022_" + Project_name)): null

2022-06-23 23:12:40 - [TEST_STEP][PASSED] - click(findTestObject("1. Constant/xpath", ["xpath":"/html/body/div[1]/div[2]/div[4]/div[3]/div/div[5]/div[2]/div[1]/div/div[2]/div/div/table/tbody/tr[" + zz + "]/td[1]/a"])): Object: 'Object Repository/1. Constant/xpath' is clicked on

2022-06-23 23:12:44 - [MESSAGE][PASSED] - Object: 'Object Repository/1. Constant/xpath' is clicked on

2022-06-23 23:12:44 - [TEST_STEP][PASSED] - break: null

2022-06-23 23:12:44 - [TEST_STEP][PASSED] - takeScreenshot(): Taking screenshot successfully

2022-06-23 23:12:44 - [MESSAGE][PASSED] - Taking screenshot successfully
[[ATTACHMENT|D:\\Projet Test Auto\\Mediabox Test Automation\\Reports\\20220623_184212\\03. Parallel Testing (Testing)\\TS -PT PART 3\\11 Tag SAS_Task_Full lifecycle\\20220623_184238\\1656018764358.png]]

2022-06-23 23:12:44 - [TEST_STEP][PASSED] - delay(1): Delayed 1 second(s)

2022-06-23 23:12:45 - [MESSAGE][PASSED] - Delayed 1 second(s)

2022-06-23 23:12:45 - [TEST_STEP][PASSED] - click(findTestObject("1. Constant/xpath", ["xpath":"//*[@id="source_" + refID + ""]/td[15]/a[2]"])): Object: 'Object Repository/1. Constant/xpath' is clicked on

2022-06-23 23:12:52 - [MESSAGE][PASSED] - Object: 'Object Repository/1. Constant/xpath' is clicked on

2022-06-23 23:12:52 - [TEST_STEP][PASSED] - delay(1): Delayed 1 second(s)

2022-06-23 23:12:53 - [MESSAGE][PASSED] - Delayed 1 second(s)

2022-06-23 23:12:53 - [TEST_STEP][PASSED] - takeScreenshot(): Taking screenshot successfully

2022-06-23 23:12:54 - [MESSAGE][PASSED] - Taking screenshot successfully
[[ATTACHMENT|D:\\Projet Test Auto\\Mediabox Test Automation\\Reports\\20220623_184212\\03. Parallel Testing (Testing)\\TS -PT PART 3\\11 Tag SAS_Task_Full lifecycle\\20220623_184238\\1656018774058.png]]

2022-06-23 23:12:54 - [TEST_STEP][PASSED] - click(findTestObject("1. Constant/xpath", ["xpath":"//*[@id="ModifFiche"]/div[1]/div/div/button"])): Object: 'Object Repository/1. Constant/xpath' is clicked on

2022-06-23 23:12:55 - [MESSAGE][PASSED] - Object: 'Object Repository/1. Constant/xpath' is clicked on

2022-06-23 23:12:55 - [TEST_STEP][PASSED] - delay(1): Delayed 1 second(s)

2022-06-23 23:12:56 - [MESSAGE][PASSED] - Delayed 1 second(s)

2022-06-23 23:12:56 - [TEST_STEP][PASSED] - click(findTestObject("1. Constant/xpath", ["xpath":"//*[@id="ModifFiche"]/div[1]/div/div/div/a[1]"])): Object: 'Object Repository/1. Constant/xpath' is clicked on

2022-06-23 23:13:05 - [MESSAGE][PASSED] - Object: 'Object Repository/1. Constant/xpath' is clicked on

2022-06-23 23:13:05 - [TEST_STEP][PASSED] - delay(1): Delayed 1 second(s)

2022-06-23 23:13:06 - [MESSAGE][PASSED] - Delayed 1 second(s)

2022-06-23 23:13:06 - [TEST_STEP][PASSED] - task9_apetit = I.Get_Task_No("//*[@id="kt_header"]/div/div[2]/div[1]/div[1]"): Text of object 'Object Repository/1. Constant/xpath' is: '2'

2022-06-23 23:13:06 - [MESSAGE][PASSED] - Text of object 'Object Repository/1. Constant/xpath' is: '2'

2022-06-23 23:13:06 - [TEST_STEP][PASSED] - verifyEqual(task9_apetit, task10_apetit - 1): Actual object '2' and expected object '2' are equal

2022-06-23 23:13:06 - [MESSAGE][PASSED] - Actual object '2' and expected object '2' are equal

2022-06-23 23:13:06 - [TEST_STEP][PASSED] - delay(1): Delayed 1 second(s)

2022-06-23 23:13:07 - [MESSAGE][PASSED] - Delayed 1 second(s)

2022-06-23 23:13:07 - [TEST_STEP][PASSED] - I.VerifyMatchText("//*[@id="source_" + refID + ""]/td[14]/span", "Complete"): Actual text 'Complete' and expected text 'Complete' are matched 

2022-06-23 23:13:08 - [MESSAGE][PASSED] - Text of object 'Object Repository/1. Constant/xpath' is: 'Complete'

2022-06-23 23:13:09 - [MESSAGE][PASSED] - Delayed 1 second(s)

2022-06-23 23:13:09 - [MESSAGE][PASSED] - Actual text 'Complete' and expected text 'Complete' are matched 

2022-06-23 23:13:09 - [TEST_STEP][PASSED] - I.writenotepad("D:\Upoad_File\Projet_ Login\Tag\18.01 Tag _Project_No\18.01_Tag_ProjectNo.txt", Project_No): null

2022-06-23 23:13:09 - [TEST_STEP][PASSED] - I.writenotepad("D:\Upoad_File\Projet_ Login\Tag\18.01 Tag _Project_No\18.01_Tag_refID1.txt", refID): null

2022-06-23 23:13:09 - [TEST_STEP][PASSED] - I.writenotepad("D:\Upoad_File\Projet_ Login\Tag\18.01 Tag _Project_No\18.01_Tag_refID2.txt", refID_1): null

2022-06-23 23:13:09 - [TEST_STEP][PASSED] - closeBrowser(): Browser is closed

2022-06-23 23:13:21 - [MESSAGE][PASSED] - Browser is closed

2022-06-23 23:13:21 - [TEST_STEP][PASSED] - Start listener action : sampleAfterTestCase: null]]></system-out>
         <system-err><![CDATA[]]></system-err>
      </testcase>
      <testcase name="Test Cases/18. Tag Sephora Npp Starpack Task (Standard_ Question_ Prod)/18.02 Tag full Lifecycle Daughter _Perform Task 18.01 P2" time="1552.639" classname="Test Cases/18. Tag Sephora Npp Starpack Task (Standard_ Question_ Prod)/18.02 Tag full Lifecycle Daughter _Perform Task 18.01 P2" status="PASSED">
         <system-out><![CDATA[2022-06-23 23:13:21 - [TEST_CASE][PASSED] - Test Cases/18. Tag Sephora Npp Starpack Task (Standard_ Question_ Prod)/18.02 Tag full Lifecycle Daughter _Perform Task 18.01 P2: Test Cases/18. Tag Sephora Npp Starpack Task (Standard_ Question_ Prod)/18.02 Tag full Lifecycle Daughter _Perform Task 18.01 P2

2022-06-23 23:13:23 - [TEST_STEP][PASSED] - data_Tag = findTestData("Data Files/Username_Password/Tag"): null

2022-06-23 23:13:23 - [TEST_STEP][PASSED] - password_jedun = data_Tag.getValue(3, 1): null

2022-06-23 23:13:23 - [TEST_STEP][PASSED] - password_daguirre = data_Tag.getValue(3, 30): null

2022-06-23 23:13:23 - [TEST_STEP][PASSED] - password_aomoto = data_Tag.getValue(3, 31): null

2022-06-23 23:13:23 - [TEST_STEP][PASSED] - password_apetit = data_Tag.getValue(3, 32): null

2022-06-23 23:13:23 - [TEST_STEP][PASSED] - password_mcazeaux = data_Tag.getValue(3, 34): null

2022-06-23 23:13:23 - [TEST_STEP][PASSED] - data_urlRELAUTO = findTestData("Data Files/URL/URL_relauto"): null

2022-06-23 23:13:23 - [TEST_STEP][PASSED] - Url_Tag = data_urlRELAUTO.getValue(2, 3): null

2022-06-23 23:13:23 - [TEST_STEP][PASSED] - Project_No = I.readnotepad("D:\Upoad_File\Projet_ Login\Tag\18.01 Tag _Project_No\18.01_Tag_ProjectNo.txt"): null

2022-06-23 23:13:23 - [TEST_STEP][PASSED] - refID = I.readnotepad("D:\Upoad_File\Projet_ Login\Tag\18.01 Tag _Project_No\18.01_Tag_refID1.txt"): null

2022-06-23 23:13:23 - [TEST_STEP][PASSED] - refID1 = I.readnotepad("D:\Upoad_File\Projet_ Login\Tag\18.01 Tag _Project_No\18.01_Tag_refID2.txt"): null

2022-06-23 23:13:23 - [TEST_STEP][PASSED] - openBrowser(Url_Tag): Browser is opened with url: 'http://mdb-release.diadeis.lan/MediaboxIndependence/?MBI_datasource=RELTESTAUTO_TAG'

2022-06-23 23:13:23 - [MESSAGE][INFO] - Starting 'Chrome (headless)' driver

2022-06-23 23:13:23 - [MESSAGE][INFO] - User set preference: ['args', '[--window-size=1920,1080, --headless]']

2022-06-23 23:13:23 - [MESSAGE][INFO] - Action delay is set to 0 milliseconds

2022-06-23 23:13:42 - [MESSAGE][PASSED] - Browser is opened with url: 'http://mdb-release.diadeis.lan/MediaboxIndependence/?MBI_datasource=RELTESTAUTO_TAG'

2022-06-23 23:13:42 - [TEST_STEP][PASSED] - maximizeWindow(): Current window maximized

2022-06-23 23:13:43 - [MESSAGE][PASSED] - Current window maximized

2022-06-23 23:13:43 - [TEST_STEP][PASSED] - I.Login_password("aomoto", password_aomoto): Object: 'Object Repository/1. Constant/xpath' is clicked on

2022-06-23 23:13:44 - [MESSAGE][PASSED] - Text 'aomoto' is set on object 'Object Repository/1. Constant/xpath'

2022-06-23 23:13:45 - [MESSAGE][PASSED] - Delayed 1 second(s)

2022-06-23 23:13:46 - [MESSAGE][PASSED] - Text 'dchi' is set on object 'Object Repository/1. Constant/xpath'

2022-06-23 23:13:47 - [MESSAGE][PASSED] - Delayed 1 second(s)

2022-06-23 23:13:58 - [MESSAGE][PASSED] - Object: 'Object Repository/1. Constant/xpath' is clicked on

2022-06-23 23:13:58 - [TEST_STEP][PASSED] - takeScreenshot(): Taking screenshot successfully

2022-06-23 23:13:59 - [MESSAGE][PASSED] - Taking screenshot successfully
[[ATTACHMENT|D:\\Projet Test Auto\\Mediabox Test Automation\\Reports\\20220623_184212\\03. Parallel Testing (Testing)\\TS -PT PART 3\\11 Tag SAS_Task_Full lifecycle\\20220623_184238\\1656018839234.png]]

2022-06-23 23:13:59 - [TEST_STEP][PASSED] - task5_aomoto = I.Get_Task_No("//*[@id="kt_header"]/div/div[2]/div[1]/div[1]"): Text of object 'Object Repository/1. Constant/xpath' is: '4'

2022-06-23 23:14:00 - [MESSAGE][PASSED] - Text of object 'Object Repository/1. Constant/xpath' is: '4'

2022-06-23 23:14:00 - [TEST_STEP][PASSED] - click(findTestObject("1. Constant/xpath", ["xpath":"//*[@id="widg_20211104_014000_1667WDS1D"]/div/div[1]/div[2]/a[2]"])): Object: 'Object Repository/1. Constant/xpath' is clicked on

2022-06-23 23:14:05 - [MESSAGE][PASSED] - Object: 'Object Repository/1. Constant/xpath' is clicked on

2022-06-23 23:14:05 - [TEST_STEP][PASSED] - takeScreenshot(): Taking screenshot successfully

2022-06-23 23:14:06 - [MESSAGE][PASSED] - Taking screenshot successfully
[[ATTACHMENT|D:\\Projet Test Auto\\Mediabox Test Automation\\Reports\\20220623_184212\\03. Parallel Testing (Testing)\\TS -PT PART 3\\11 Tag SAS_Task_Full lifecycle\\20220623_184238\\1656018845955.png]]

2022-06-23 23:14:06 - [TEST_STEP][PASSED] - delay(1): Delayed 1 second(s)

2022-06-23 23:14:07 - [MESSAGE][PASSED] - Delayed 1 second(s)

2022-06-23 23:14:07 - [TEST_STEP][PASSED] - t1 = getText(findTestObject("1. Constant/xpath", ["xpath":"//*[@id="kt_content"]/div[3]/div/div/div[1]/div[1]/h3/span"])): Text of object 'Object Repository/1. Constant/xpath' is: '4'

2022-06-23 23:14:07 - [MESSAGE][PASSED] - Text of object 'Object Repository/1. Constant/xpath' is: '4'

2022-06-23 23:14:07 - [TEST_STEP][PASSED] - t11 = Integer.parseInt(t1): null

2022-06-23 23:14:07 - [TEST_STEP][PASSED] - u = 1: null

2022-06-23 23:14:07 - [TEST_STEP][PASSED] - while (u <= t11): null

2022-06-23 23:14:07 - [TEST_STEP][PASSED] - result1 = getText(findTestObject("1. Constant/xpath", ["xpath":"/html/body/div[1]/div[2]/div[8]/div[3]/div/div/div[2]/div/table/tbody/tr[" + u + "]/td[1]/a"])): Text of object 'Object Repository/1. Constant/xpath' is: 'Please COMPLETE and SEND Common Brief ____ in project Dermablend Pro_Makeup Remover_2021_[Do not edit] SAS Part 3 (MI003398)'

2022-06-23 23:14:08 - [MESSAGE][PASSED] - Text of object 'Object Repository/1. Constant/xpath' is: 'Please COMPLETE and SEND Common Brief ____ in project Dermablend Pro_Makeup Remover_2021_[Do not edit] SAS Part 3 (MI003398)'

2022-06-23 23:14:08 - [TEST_STEP][PASSED] - if (result1.contains(Project_No)): null

2022-06-23 23:14:08 - [TEST_STEP][PASSED] - else: null

2022-06-23 23:14:08 - [TEST_STEP][PASSED] - u = u + 1: null

2022-06-23 23:14:08 - [TEST_STEP][PASSED] - result1 = getText(findTestObject("1. Constant/xpath", ["xpath":"/html/body/div[1]/div[2]/div[8]/div[3]/div/div/div[2]/div/table/tbody/tr[" + u + "]/td[1]/a"])): Text of object 'Object Repository/1. Constant/xpath' is: 'Please COMPLETE and SEND Artwork Brief SAS_PART_4_Other_Bottom_100OZ______ (Project: MI003398)'

2022-06-23 23:14:08 - [MESSAGE][PASSED] - Text of object 'Object Repository/1. Constant/xpath' is: 'Please COMPLETE and SEND Artwork Brief SAS_PART_4_Other_Bottom_100OZ______ (Project: MI003398)'

2022-06-23 23:14:08 - [TEST_STEP][PASSED] - if (result1.contains(Project_No)): null

2022-06-23 23:14:08 - [TEST_STEP][PASSED] - else: null

2022-06-23 23:14:08 - [TEST_STEP][PASSED] - u = u + 1: null

2022-06-23 23:14:08 - [TEST_STEP][PASSED] - result1 = getText(findTestObject("1. Constant/xpath", ["xpath":"/html/body/div[1]/div[2]/div[8]/div[3]/div/div/div[2]/div/table/tbody/tr[" + u + "]/td[1]/a"])): Text of object 'Object Repository/1. Constant/xpath' is: 'Please COMPLETE and SEND Artwork Brief SAS_PART_4_Other_Bottom_100OZ______ (Project: MI003398)'

2022-06-23 23:14:09 - [MESSAGE][PASSED] - Text of object 'Object Repository/1. Constant/xpath' is: 'Please COMPLETE and SEND Artwork Brief SAS_PART_4_Other_Bottom_100OZ______ (Project: MI003398)'

2022-06-23 23:14:09 - [TEST_STEP][PASSED] - if (result1.contains(Project_No)): null

2022-06-23 23:14:09 - [TEST_STEP][PASSED] - else: null

2022-06-23 23:14:09 - [TEST_STEP][PASSED] - u = u + 1: null

2022-06-23 23:14:09 - [TEST_STEP][PASSED] - result1 = getText(findTestObject("1. Constant/xpath", ["xpath":"/html/body/div[1]/div[2]/div[8]/div[3]/div/div/div[2]/div/table/tbody/tr[" + u + "]/td[1]/a"])): Text of object 'Object Repository/1. Constant/xpath' is: 'Please COMPLETE and SEND Artwork Brief TC18_AUTO_MOTHERREF_Fake_Beauty Seal_100CM2______ (Project: MI003409)'

2022-06-23 23:14:09 - [MESSAGE][PASSED] - Text of object 'Object Repository/1. Constant/xpath' is: 'Please COMPLETE and SEND Artwork Brief TC18_AUTO_MOTHERREF_Fake_Beauty Seal_100CM2______ (Project: MI003409)'

2022-06-23 23:14:09 - [TEST_STEP][PASSED] - if (result1.contains(Project_No)): null

2022-06-23 23:14:09 - [TEST_STEP][PASSED] - click(findTestObject("1. Constant/xpath", ["xpath":"/html/body/div[1]/div[2]/div[8]/div[3]/div/div/div[2]/div/table/tbody/tr[" + u + "]/td[1]/a"])): Object: 'Object Repository/1. Constant/xpath' is clicked on

2022-06-23 23:14:13 - [MESSAGE][PASSED] - Object: 'Object Repository/1. Constant/xpath' is clicked on

2022-06-23 23:14:13 - [TEST_STEP][PASSED] - u = u + 1: null

2022-06-23 23:14:13 - [TEST_STEP][PASSED] - break: null

2022-06-23 23:14:13 - [TEST_STEP][PASSED] - delay(1): Delayed 1 second(s)

2022-06-23 23:14:14 - [MESSAGE][PASSED] - Delayed 1 second(s)

2022-06-23 23:14:14 - [TEST_STEP][PASSED] - click(findTestObject("1. Constant/xpath", ["xpath":"//*[@id="source_" + refID1 + ""]/td[15]/a[2]"])): Object: 'Object Repository/1. Constant/xpath' is clicked on

2022-06-23 23:14:21 - [MESSAGE][PASSED] - Object: 'Object Repository/1. Constant/xpath' is clicked on

2022-06-23 23:14:21 - [TEST_STEP][PASSED] - takeScreenshot(): Taking screenshot successfully

2022-06-23 23:14:22 - [MESSAGE][PASSED] - Taking screenshot successfully
[[ATTACHMENT|D:\\Projet Test Auto\\Mediabox Test Automation\\Reports\\20220623_184212\\03. Parallel Testing (Testing)\\TS -PT PART 3\\11 Tag SAS_Task_Full lifecycle\\20220623_184238\\1656018862009.png]]

2022-06-23 23:14:22 - [TEST_STEP][PASSED] - I.SelectFromList_Value("//*[@id="var_67"]", "16548"): Delayed 2 second(s)

2022-06-23 23:14:23 - [MESSAGE][PASSED] - All options with value '16548' are selected in object 'Object Repository/1. Constant/xpath' 

2022-06-23 23:14:25 - [MESSAGE][PASSED] - Delayed 2 second(s)

2022-06-23 23:14:25 - [TEST_STEP][PASSED] - I.select_multiplelist("//*[@id="selSource_10"]", "//*[@id="btnAdd_10"]", "26"): Delayed 1 second(s)

2022-06-23 23:14:26 - [MESSAGE][PASSED] - Delayed 1 second(s)

2022-06-23 23:14:27 - [MESSAGE][PASSED] - All options with value '26' are selected in object 'Object Repository/1. Constant/xpath' 

2022-06-23 23:14:29 - [MESSAGE][PASSED] - Delayed 2 second(s)

2022-06-23 23:14:29 - [MESSAGE][PASSED] - Object: 'Object Repository/1. Constant/xpath' is clicked on

2022-06-23 23:14:30 - [MESSAGE][PASSED] - Delayed 1 second(s)

2022-06-23 23:14:30 - [TEST_STEP][PASSED] - I.Pagedown(): Execute JavaScript 'window.scrollTo(0, document.body.scrollHeight)' successfully

2022-06-23 23:14:30 - [MESSAGE][PASSED] - Execute JavaScript 'window.scrollTo(0, document.body.scrollHeight)' successfully

2022-06-23 23:14:30 - [TEST_STEP][PASSED] - click(findTestObject("1. Constant/xpath", ["xpath":"//*[@id="ModifFiche"]/div[3]/div/button[2]"])): Object: 'Object Repository/1. Constant/xpath' is clicked on

2022-06-23 23:14:38 - [MESSAGE][PASSED] - Object: 'Object Repository/1. Constant/xpath' is clicked on

2022-06-23 23:14:38 - [TEST_STEP][PASSED] - takeScreenshot(): Taking screenshot successfully

2022-06-23 23:14:40 - [MESSAGE][PASSED] - Taking screenshot successfully
[[ATTACHMENT|D:\\Projet Test Auto\\Mediabox Test Automation\\Reports\\20220623_184212\\03. Parallel Testing (Testing)\\TS -PT PART 3\\11 Tag SAS_Task_Full lifecycle\\20220623_184238\\1656018879204.png]]

2022-06-23 23:14:40 - [TEST_STEP][PASSED] - I.Logout(): Delayed 3 second(s)

2022-06-23 23:14:43 - [MESSAGE][PASSED] - Delayed 3 second(s)

2022-06-23 23:14:43 - [MESSAGE][PASSED] - Object: 'Object Repository/1. Constant/xpath' is clicked on

2022-06-23 23:14:46 - [MESSAGE][PASSED] - Delayed 3 second(s)

2022-06-23 23:14:51 - [MESSAGE][PASSED] - Object: 'Object Repository/1. Constant/xpath' is clicked on

2022-06-23 23:14:54 - [MESSAGE][PASSED] - Delayed 3 second(s)

2022-06-23 23:14:54 - [TEST_STEP][PASSED] - I.Login_password("jedun", password_jedun): Object: 'Object Repository/1. Constant/xpath' is clicked on

2022-06-23 23:14:56 - [MESSAGE][PASSED] - Text 'jedun' is set on object 'Object Repository/1. Constant/xpath'

2022-06-23 23:14:57 - [MESSAGE][PASSED] - Delayed 1 second(s)

2022-06-23 23:14:59 - [MESSAGE][PASSED] - Text 'dchi' is set on object 'Object Repository/1. Constant/xpath'

2022-06-23 23:15:00 - [MESSAGE][PASSED] - Delayed 1 second(s)

2022-06-23 23:15:04 - [MESSAGE][PASSED] - Object: 'Object Repository/1. Constant/xpath' is clicked on

2022-06-23 23:15:04 - [TEST_STEP][PASSED] - click(findTestObject("1. Constant/xpath", ["xpath":"//*[@id="menu_2"]/a"])): Object: 'Object Repository/1. Constant/xpath' is clicked on

2022-06-23 23:15:10 - [MESSAGE][PASSED] - Object: 'Object Repository/1. Constant/xpath' is clicked on

2022-06-23 23:15:10 - [TEST_STEP][PASSED] - I.SearchProjectNo_xpath(Project_No, "//*[@id="keynum_project"]", "//*[@id="form_filters"]/div[7]/button"): Delayed 5 second(s)

2022-06-23 23:15:11 - [MESSAGE][PASSED] - Delayed 1 second(s)

2022-06-23 23:15:13 - [MESSAGE][PASSED] - Text 'MI003409' is set on object 'Object Repository/1. Constant/xpath'

2022-06-23 23:15:16 - [MESSAGE][PASSED] - Delayed 3 second(s)

2022-06-23 23:15:17 - [MESSAGE][PASSED] - Scroll to object 'Object Repository/1. Constant/xpath' successfully

2022-06-23 23:15:23 - [MESSAGE][PASSED] - Object: 'Object Repository/1. Constant/xpath' is clicked on

2022-06-23 23:15:28 - [MESSAGE][PASSED] - Delayed 5 second(s)

2022-06-23 23:15:28 - [TEST_STEP][PASSED] - delay(1): Delayed 1 second(s)

2022-06-23 23:15:29 - [MESSAGE][PASSED] - Delayed 1 second(s)

2022-06-23 23:15:29 - [TEST_STEP][PASSED] - takeScreenshot(): Taking screenshot successfully

2022-06-23 23:15:31 - [MESSAGE][PASSED] - Taking screenshot successfully
[[ATTACHMENT|D:\\Projet Test Auto\\Mediabox Test Automation\\Reports\\20220623_184212\\03. Parallel Testing (Testing)\\TS -PT PART 3\\11 Tag SAS_Task_Full lifecycle\\20220623_184238\\1656018930212.png]]

2022-06-23 23:15:31 - [TEST_STEP][PASSED] - color1 = getCSSValue(findTestObject("1. Constant/xpath", ["xpath":"//*[@id="source_" + refID1 + ""]/td[17]/a[3]"]), "color", OPTIONAL): Get CSS 'color' value on 'Object Repository/1. Constant/xpath' successfully: 'rgba(255, 255, 255, 1)'.

2022-06-23 23:15:31 - [MESSAGE][PASSED] - Get CSS 'color' value on 'Object Repository/1. Constant/xpath' successfully: 'rgba(255, 255, 255, 1)'.

2022-06-23 23:15:31 - [TEST_STEP][PASSED] - while (color1 == "rgba(255, 255, 255, 1)"): null

2022-06-23 23:15:31 - [TEST_STEP][PASSED] - click(findTestObject("1. Constant/xpath", ["xpath":"//*[@id="source_" + refID1 + ""]/td[17]/a[3]"])): Object: 'Object Repository/1. Constant/xpath' is clicked on

2022-06-23 23:15:36 - [MESSAGE][PASSED] - Object: 'Object Repository/1. Constant/xpath' is clicked on

2022-06-23 23:15:36 - [TEST_STEP][PASSED] - takeScreenshot(): Taking screenshot successfully

2022-06-23 23:15:37 - [MESSAGE][PASSED] - Taking screenshot successfully
[[ATTACHMENT|D:\\Projet Test Auto\\Mediabox Test Automation\\Reports\\20220623_184212\\03. Parallel Testing (Testing)\\TS -PT PART 3\\11 Tag SAS_Task_Full lifecycle\\20220623_184238\\1656018937121.png]]

2022-06-23 23:15:37 - [TEST_STEP][PASSED] - I.UploadDoc_sendkey_Prod(findTestObject("1. Constant/xpath", ["xpath":"//*[@id="kt_body"]/input[2]"]), "D:\Upoad_File\Upload doc\testdataaddition1.jpg", "testdataaddition1.jpg"): Delayed 5 second(s)

2022-06-23 23:15:38 - [MESSAGE][PASSED] - Scroll to object 'Object Repository/1. Constant/xpath' successfully

2022-06-23 23:15:43 - [MESSAGE][PASSED] - Delayed 5 second(s)

2022-06-23 23:15:44 - [MESSAGE][PASSED] - File 'D:\Upoad_File\Upload doc\testdataaddition1.jpg' sent to object: 'Object Repository/1. Constant/xpath'

2022-06-23 23:15:49 - [MESSAGE][PASSED] - Delayed 5 second(s)

2022-06-23 23:15:50 - [MESSAGE][PASSED] - Text 'testdataaddition1.jpg' is present on page 

2022-06-23 23:15:55 - [MESSAGE][PASSED] - Delayed 5 second(s)

2022-06-23 23:16:00 - [MESSAGE][PASSED] - Delayed 5 second(s)

2022-06-23 23:16:00 - [TEST_STEP][PASSED] - takeScreenshot(): Taking screenshot successfully

2022-06-23 23:16:00 - [MESSAGE][PASSED] - Taking screenshot successfully
[[ATTACHMENT|D:\\Projet Test Auto\\Mediabox Test Automation\\Reports\\20220623_184212\\03. Parallel Testing (Testing)\\TS -PT PART 3\\11 Tag SAS_Task_Full lifecycle\\20220623_184238\\1656018960282.png]]

2022-06-23 23:16:00 - [TEST_STEP][PASSED] - delay(10): Delayed 10 second(s)

2022-06-23 23:16:10 - [MESSAGE][PASSED] - Delayed 10 second(s)

2022-06-23 23:16:10 - [TEST_STEP][PASSED] - I.click_button_javascript(findTestObject("Object Repository/HL Full Lifecycle/12 ReferncePage_Button_Updatensenddoc")): Execute JavaScript 'arguments[0].click()' successfully

2022-06-23 23:16:22 - [MESSAGE][PASSED] - Execute JavaScript 'arguments[0].click()' successfully

2022-06-23 23:16:22 - [TEST_STEP][PASSED] - delay(5): Delayed 5 second(s)

2022-06-23 23:16:27 - [MESSAGE][PASSED] - Delayed 5 second(s)

2022-06-23 23:16:27 - [TEST_STEP][PASSED] - if (verifyElementPresent(findTestObject("1. Constant/xpath", ["xpath":"//*[@id="source_" + refID1 + ""]/td[17]/a[3]"]), 10, OPTIONAL)): com.kms.katalon.core.webui.exception.WebElementNotFoundException: Web element with id: 'Object Repository/1. Constant/xpath' located by '//*[@id="source_24440"]/td[17]/a[3]' not found (Root cause: com.kms.katalon.core.exception.StepFailedException: com.kms.katalon.core.webui.exception.WebElementNotFoundException: Web element with id: 'Object Repository/1. Constant/xpath' located by '//*[@id="source_24440"]/td[17]/a[3]' not found
	at com.kms.katalon.core.webui.keyword.internal.WebUIKeywordMain.stepFailed(WebUIKeywordMain.groovy:64)
	at com.kms.katalon.core.webui.keyword.builtin.VerifyElementPresentKeyword$_verifyElementPresent_closure1.doCall(VerifyElementPresentKeyword.groovy:85)
	at com.kms.katalon.core.webui.keyword.builtin.VerifyElementPresentKeyword$_verifyElementPresent_closure1.call(VerifyElementPresentKeyword.groovy)
	at com.kms.katalon.core.webui.keyword.internal.WebUIKeywordMain.runKeyword(WebUIKeywordMain.groovy:20)
	at com.kms.katalon.core.webui.keyword.builtin.VerifyElementPresentKeyword.verifyElementPresent(VerifyElementPresentKeyword.groovy:92)
	at com.kms.katalon.core.webui.keyword.builtin.VerifyElementPresentKeyword.execute(VerifyElementPresentKeyword.groovy:68)
	at com.kms.katalon.core.keyword.internal.KeywordExecutor.executeKeywordForPlatform(KeywordExecutor.groovy:74)
	at com.kms.katalon.core.webui.keyword.WebUiBuiltInKeywords.verifyElementPresent(WebUiBuiltInKeywords.groovy:1448)
	at com.kms.katalon.core.webui.keyword.WebUiBuiltInKeywords$verifyElementPresent$17.call(Unknown Source)
	at 18.02 Tag full Lifecycle Daughter _Perform Task 18.01 P2.run(18.02 Tag full Lifecycle Daughter _Perform Task 18.01 P2:175)
	at com.kms.katalon.core.main.ScriptEngine.run(ScriptEngine.java:194)
	at com.kms.katalon.core.main.ScriptEngine.runScriptAsRawText(ScriptEngine.java:119)
	at com.kms.katalon.core.main.TestCaseExecutor.runScript(TestCaseExecutor.java:445)
	at com.kms.katalon.core.main.TestCaseExecutor.doExecute(TestCaseExecutor.java:436)
	at com.kms.katalon.core.main.TestCaseExecutor.processExecutionPhase(TestCaseExecutor.java:415)
	at com.kms.katalon.core.main.TestCaseExecutor.accessMainPhase(TestCaseExecutor.java:407)
	at com.kms.katalon.core.main.TestCaseExecutor.execute(TestCaseExecutor.java:284)
	at com.kms.katalon.core.common.CommonExecutor.accessTestCaseMainPhase(CommonExecutor.java:65)
	at com.kms.katalon.core.main.TestSuiteExecutor.accessTestSuiteMainPhase(TestSuiteExecutor.java:144)
	at com.kms.katalon.core.main.TestSuiteExecutor.execute(TestSuiteExecutor.java:106)
	at com.kms.katalon.core.main.TestCaseMain.startTestSuite(TestCaseMain.java:185)
	at com.kms.katalon.core.main.TestCaseMain$startTestSuite$0.call(Unknown Source)
	at TempTestSuite1656002558777.run(TempTestSuite1656002558777.groovy:36)
)

2022-06-23 23:16:38 - [MESSAGE][INFO] - Unable to find the element located by 'By.xpath: //*[@id="source_24440"]/td[17]/a[3]'. Please recheck the objects properties to make sure the desired element is located. 

2022-06-23 23:16:39 - [MESSAGE][WARNING] - com.kms.katalon.core.webui.exception.WebElementNotFoundException: Web element with id: 'Object Repository/1. Constant/xpath' located by '//*[@id="source_24440"]/td[17]/a[3]' not found (Root cause: com.kms.katalon.core.exception.StepFailedException: com.kms.katalon.core.webui.exception.WebElementNotFoundException: Web element with id: 'Object Repository/1. Constant/xpath' located by '//*[@id="source_24440"]/td[17]/a[3]' not found
	at com.kms.katalon.core.webui.keyword.internal.WebUIKeywordMain.stepFailed(WebUIKeywordMain.groovy:64)
	at com.kms.katalon.core.webui.keyword.builtin.VerifyElementPresentKeyword$_verifyElementPresent_closure1.doCall(VerifyElementPresentKeyword.groovy:85)
	at com.kms.katalon.core.webui.keyword.builtin.VerifyElementPresentKeyword$_verifyElementPresent_closure1.call(VerifyElementPresentKeyword.groovy)
	at com.kms.katalon.core.webui.keyword.internal.WebUIKeywordMain.runKeyword(WebUIKeywordMain.groovy:20)
	at com.kms.katalon.core.webui.keyword.builtin.VerifyElementPresentKeyword.verifyElementPresent(VerifyElementPresentKeyword.groovy:92)
	at com.kms.katalon.core.webui.keyword.builtin.VerifyElementPresentKeyword.execute(VerifyElementPresentKeyword.groovy:68)
	at com.kms.katalon.core.keyword.internal.KeywordExecutor.executeKeywordForPlatform(KeywordExecutor.groovy:74)
	at com.kms.katalon.core.webui.keyword.WebUiBuiltInKeywords.verifyElementPresent(WebUiBuiltInKeywords.groovy:1448)
	at com.kms.katalon.core.webui.keyword.WebUiBuiltInKeywords$verifyElementPresent$17.call(Unknown Source)
	at 18.02 Tag full Lifecycle Daughter _Perform Task 18.01 P2.run(18.02 Tag full Lifecycle Daughter _Perform Task 18.01 P2:175)
	at com.kms.katalon.core.main.ScriptEngine.run(ScriptEngine.java:194)
	at com.kms.katalon.core.main.ScriptEngine.runScriptAsRawText(ScriptEngine.java:119)
	at com.kms.katalon.core.main.TestCaseExecutor.runScript(TestCaseExecutor.java:445)
	at com.kms.katalon.core.main.TestCaseExecutor.doExecute(TestCaseExecutor.java:436)
	at com.kms.katalon.core.main.TestCaseExecutor.processExecutionPhase(TestCaseExecutor.java:415)
	at com.kms.katalon.core.main.TestCaseExecutor.accessMainPhase(TestCaseExecutor.java:407)
	at com.kms.katalon.core.main.TestCaseExecutor.execute(TestCaseExecutor.java:284)
	at com.kms.katalon.core.common.CommonExecutor.accessTestCaseMainPhase(CommonExecutor.java:65)
	at com.kms.katalon.core.main.TestSuiteExecutor.accessTestSuiteMainPhase(TestSuiteExecutor.java:144)
	at com.kms.katalon.core.main.TestSuiteExecutor.execute(TestSuiteExecutor.java:106)
	at com.kms.katalon.core.main.TestCaseMain.startTestSuite(TestCaseMain.java:185)
	at com.kms.katalon.core.main.TestCaseMain$startTestSuite$0.call(Unknown Source)
	at TempTestSuite1656002558777.run(TempTestSuite1656002558777.groovy:36)
)
[[ATTACHMENT|D:\\Projet Test Auto\\Mediabox Test Automation\\Reports\\20220623_184212\\03. Parallel Testing (Testing)\\TS -PT PART 3\\11 Tag SAS_Task_Full lifecycle\\20220623_184238\\1656018998705.png]]

2022-06-23 23:16:39 - [TEST_STEP][PASSED] - else: null

2022-06-23 23:16:39 - [TEST_STEP][PASSED] - color1 = "white": null

2022-06-23 23:16:39 - [TEST_STEP][PASSED] - delay(1): Delayed 1 second(s)

2022-06-23 23:16:40 - [MESSAGE][PASSED] - Delayed 1 second(s)

2022-06-23 23:16:40 - [TEST_STEP][PASSED] - I.Logout(): Delayed 3 second(s)

2022-06-23 23:16:43 - [MESSAGE][PASSED] - Delayed 3 second(s)

2022-06-23 23:16:44 - [MESSAGE][PASSED] - Object: 'Object Repository/1. Constant/xpath' is clicked on

2022-06-23 23:16:47 - [MESSAGE][PASSED] - Delayed 3 second(s)

2022-06-23 23:16:52 - [MESSAGE][PASSED] - Object: 'Object Repository/1. Constant/xpath' is clicked on

2022-06-23 23:16:55 - [MESSAGE][PASSED] - Delayed 3 second(s)

2022-06-23 23:16:55 - [TEST_STEP][PASSED] - I.Login_password("aomoto", password_aomoto): Object: 'Object Repository/1. Constant/xpath' is clicked on

2022-06-23 23:16:55 - [MESSAGE][PASSED] - Text 'aomoto' is set on object 'Object Repository/1. Constant/xpath'

2022-06-23 23:16:56 - [MESSAGE][PASSED] - Delayed 1 second(s)

2022-06-23 23:16:58 - [MESSAGE][PASSED] - Text 'dchi' is set on object 'Object Repository/1. Constant/xpath'

2022-06-23 23:16:59 - [MESSAGE][PASSED] - Delayed 1 second(s)

2022-06-23 23:17:04 - [MESSAGE][PASSED] - Object: 'Object Repository/1. Constant/xpath' is clicked on

2022-06-23 23:17:04 - [TEST_STEP][PASSED] - task1_aomoto = I.Get_Task_No("//*[@id="kt_header"]/div/div[2]/div[1]/div[1]"): Text of object 'Object Repository/1. Constant/xpath' is: '4'

2022-06-23 23:17:05 - [MESSAGE][PASSED] - Text of object 'Object Repository/1. Constant/xpath' is: '4'

2022-06-23 23:17:05 - [TEST_STEP][PASSED] - click(findTestObject("1. Constant/xpath", ["xpath":"//*[@id="kt_header"]/div/div[2]/div[1]/div[1]/div"])): Object: 'Object Repository/1. Constant/xpath' is clicked on

2022-06-23 23:17:05 - [MESSAGE][PASSED] - Object: 'Object Repository/1. Constant/xpath' is clicked on

2022-06-23 23:17:05 - [TEST_STEP][PASSED] - delay(1): Delayed 1 second(s)

2022-06-23 23:17:06 - [MESSAGE][PASSED] - Delayed 1 second(s)

2022-06-23 23:17:06 - [TEST_STEP][PASSED] - a = 1: null

2022-06-23 23:17:06 - [TEST_STEP][PASSED] - while (a <= task1_aomoto): null

2022-06-23 23:17:06 - [TEST_STEP][PASSED] - result1 = getText(findTestObject("1. Constant/xpath", ["xpath":"//*[@id="kt_header"]/div/div[2]/div[1]/div[2]/form/div[2]/a[" + a + "]"])): Text of object 'Object Repository/1. Constant/xpath' is: 'COMPLETE & SEND Common Brief: ____ - Dermablend Pro_Makeup Remover_2021_[Do not edit] SAS Part 3
15/12/2021'

2022-06-23 23:17:07 - [MESSAGE][PASSED] - Text of object 'Object Repository/1. Constant/xpath' is: 'COMPLETE & SEND Common Brief: ____ - Dermablend Pro_Makeup Remover_2021_[Do not edit] SAS Part 3
15/12/2021'

2022-06-23 23:17:07 - [TEST_STEP][PASSED] - if (result1.contains("REVIEW Artwork document: TC18_AUTO_MOTHERREF_Fake_Beauty Seal_100CM2___EN___")): null

2022-06-23 23:17:07 - [TEST_STEP][PASSED] - else: null

2022-06-23 23:17:07 - [TEST_STEP][PASSED] - a = a + 1: null

2022-06-23 23:17:07 - [TEST_STEP][PASSED] - result1 = getText(findTestObject("1. Constant/xpath", ["xpath":"//*[@id="kt_header"]/div/div[2]/div[1]/div[2]/form/div[2]/a[" + a + "]"])): Text of object 'Object Repository/1. Constant/xpath' is: 'COMPLETE & SEND Artwork Brief: SAS_PART_4_Other_Bottom_100OZ______
16/12/2021'

2022-06-23 23:17:07 - [MESSAGE][PASSED] - Text of object 'Object Repository/1. Constant/xpath' is: 'COMPLETE & SEND Artwork Brief: SAS_PART_4_Other_Bottom_100OZ______
16/12/2021'

2022-06-23 23:17:07 - [TEST_STEP][PASSED] - if (result1.contains("REVIEW Artwork document: TC18_AUTO_MOTHERREF_Fake_Beauty Seal_100CM2___EN___")): null

2022-06-23 23:17:07 - [TEST_STEP][PASSED] - else: null

2022-06-23 23:17:07 - [TEST_STEP][PASSED] - a = a + 1: null

2022-06-23 23:17:07 - [TEST_STEP][PASSED] - result1 = getText(findTestObject("1. Constant/xpath", ["xpath":"//*[@id="kt_header"]/div/div[2]/div[1]/div[2]/form/div[2]/a[" + a + "]"])): Text of object 'Object Repository/1. Constant/xpath' is: 'COMPLETE & SEND Artwork Brief: SAS_PART_4_Other_Bottom_100OZ______
16/12/2021'

2022-06-23 23:17:08 - [MESSAGE][PASSED] - Text of object 'Object Repository/1. Constant/xpath' is: 'COMPLETE & SEND Artwork Brief: SAS_PART_4_Other_Bottom_100OZ______
16/12/2021'

2022-06-23 23:17:08 - [TEST_STEP][PASSED] - if (result1.contains("REVIEW Artwork document: TC18_AUTO_MOTHERREF_Fake_Beauty Seal_100CM2___EN___")): null

2022-06-23 23:17:08 - [TEST_STEP][PASSED] - else: null

2022-06-23 23:17:08 - [TEST_STEP][PASSED] - a = a + 1: null

2022-06-23 23:17:08 - [TEST_STEP][PASSED] - result1 = getText(findTestObject("1. Constant/xpath", ["xpath":"//*[@id="kt_header"]/div/div[2]/div[1]/div[2]/form/div[2]/a[" + a + "]"])): Text of object 'Object Repository/1. Constant/xpath' is: 'REVIEW Artwork document: TC18_AUTO_MOTHERREF_Fake_Beauty Seal_100CM2___EN___'

2022-06-23 23:17:08 - [MESSAGE][PASSED] - Text of object 'Object Repository/1. Constant/xpath' is: 'REVIEW Artwork document: TC18_AUTO_MOTHERREF_Fake_Beauty Seal_100CM2___EN___'

2022-06-23 23:17:08 - [TEST_STEP][PASSED] - if (result1.contains("REVIEW Artwork document: TC18_AUTO_MOTHERREF_Fake_Beauty Seal_100CM2___EN___")): null

2022-06-23 23:17:08 - [TEST_STEP][PASSED] - click(findTestObject("1. Constant/xpath", ["xpath":"//*[@id="kt_header"]/div/div[2]/div[1]/div[2]/form/div[2]/a[" + a + "]"])): Object: 'Object Repository/1. Constant/xpath' is clicked on

2022-06-23 23:17:18 - [MESSAGE][PASSED] - Object: 'Object Repository/1. Constant/xpath' is clicked on

2022-06-23 23:17:18 - [TEST_STEP][PASSED] - a = a + 1: null

2022-06-23 23:17:18 - [TEST_STEP][PASSED] - break: null

2022-06-23 23:17:18 - [TEST_STEP][PASSED] - delay(1): Delayed 1 second(s)

2022-06-23 23:17:19 - [MESSAGE][PASSED] - Delayed 1 second(s)

2022-06-23 23:17:19 - [TEST_STEP][PASSED] - takeScreenshot(): Taking screenshot successfully

2022-06-23 23:17:20 - [MESSAGE][PASSED] - Taking screenshot successfully
[[ATTACHMENT|D:\\Projet Test Auto\\Mediabox Test Automation\\Reports\\20220623_184212\\03. Parallel Testing (Testing)\\TS -PT PART 3\\11 Tag SAS_Task_Full lifecycle\\20220623_184238\\1656019039605.png]]

2022-06-23 23:17:20 - [TEST_STEP][PASSED] - click(findTestObject("1. Constant/xpath", ["xpath":"//*[@id="kt_header"]/div/div[2]/div[1]/div[1]/div"])): Object: 'Object Repository/1. Constant/xpath' is clicked on

2022-06-23 23:17:20 - [MESSAGE][PASSED] - Object: 'Object Repository/1. Constant/xpath' is clicked on

2022-06-23 23:17:20 - [TEST_STEP][PASSED] - click(findTestObject("HL Full Lifecycle/Function_Access to viewer")): Object: 'Object Repository/HL Full Lifecycle/Function_Access to viewer' is clicked on

2022-06-23 23:17:21 - [MESSAGE][PASSED] - Object: 'Object Repository/HL Full Lifecycle/Function_Access to viewer' is clicked on

2022-06-23 23:17:21 - [TEST_STEP][PASSED] - delay(2): Delayed 2 second(s)

2022-06-23 23:17:23 - [MESSAGE][PASSED] - Delayed 2 second(s)

2022-06-23 23:17:23 - [TEST_STEP][PASSED] - takeScreenshot(): Taking screenshot successfully

2022-06-23 23:17:24 - [MESSAGE][PASSED] - Taking screenshot successfully
[[ATTACHMENT|D:\\Projet Test Auto\\Mediabox Test Automation\\Reports\\20220623_184212\\03. Parallel Testing (Testing)\\TS -PT PART 3\\11 Tag SAS_Task_Full lifecycle\\20220623_184238\\1656019043506.png]]

2022-06-23 23:17:24 - [TEST_STEP][PASSED] - click(findTestObject("1. Constant/xpath", ["xpath":"//*[@id="BtnrefusalButton"]"])): Object: 'Object Repository/1. Constant/xpath' is clicked on

2022-06-23 23:17:24 - [MESSAGE][PASSED] - Object: 'Object Repository/1. Constant/xpath' is clicked on

2022-06-23 23:17:24 - [TEST_STEP][PASSED] - delay(1): Delayed 1 second(s)

2022-06-23 23:17:25 - [MESSAGE][PASSED] - Delayed 1 second(s)

2022-06-23 23:17:25 - [TEST_STEP][PASSED] - click(findTestObject("1. Constant/xpath", ["xpath":"//*[@id="disable_rejectionButton"]"])): Object: 'Object Repository/1. Constant/xpath' is clicked on

2022-06-23 23:17:27 - [MESSAGE][PASSED] - Object: 'Object Repository/1. Constant/xpath' is clicked on

2022-06-23 23:17:27 - [TEST_STEP][PASSED] - I.VerifyMatchToastrmsg("//*[@id="toast-container"]/div/div[2]", "Rejection reason required"): Actual text 'Rejection reason required' and expected text 'Rejection reason required' are matched 

2022-06-23 23:17:27 - [MESSAGE][PASSED] - Object 'Object Repository/1. Constant/xpath' is visible

2022-06-23 23:17:29 - [MESSAGE][PASSED] - Text of object 'Object Repository/1. Constant/xpath' is: 'Rejection reason required'

2022-06-23 23:17:31 - [MESSAGE][PASSED] - Taking screenshot successfully
[[ATTACHMENT|D:\\Projet Test Auto\\Mediabox Test Automation\\Reports\\20220623_184212\\03. Parallel Testing (Testing)\\TS -PT PART 3\\11 Tag SAS_Task_Full lifecycle\\20220623_184238\\1656019050210.png]]

2022-06-23 23:17:31 - [MESSAGE][PASSED] - Actual text 'Rejection reason required' and expected text 'Rejection reason required' are matched 

2022-06-23 23:17:31 - [TEST_STEP][PASSED] - takeScreenshot(): Taking screenshot successfully

2022-06-23 23:17:33 - [MESSAGE][PASSED] - Taking screenshot successfully
[[ATTACHMENT|D:\\Projet Test Auto\\Mediabox Test Automation\\Reports\\20220623_184212\\03. Parallel Testing (Testing)\\TS -PT PART 3\\11 Tag SAS_Task_Full lifecycle\\20220623_184238\\1656019052187.png]]

2022-06-23 23:17:33 - [TEST_STEP][PASSED] - delay(1): Delayed 1 second(s)

2022-06-23 23:17:34 - [MESSAGE][PASSED] - Delayed 1 second(s)

2022-06-23 23:17:34 - [TEST_STEP][PASSED] - I.SelectFromList_Value("//*[@id="listbox_rejection_doc"]", "2"): Delayed 2 second(s)

2022-06-23 23:17:36 - [MESSAGE][PASSED] - All options with value '2' are selected in object 'Object Repository/1. Constant/xpath' 

2022-06-23 23:17:38 - [MESSAGE][PASSED] - Delayed 2 second(s)

2022-06-23 23:17:38 - [TEST_STEP][PASSED] - delay(1): Delayed 1 second(s)

2022-06-23 23:17:39 - [MESSAGE][PASSED] - Delayed 1 second(s)

2022-06-23 23:17:39 - [TEST_STEP][PASSED] - click(findTestObject("1. Constant/xpath", ["xpath":"//*[@id="disable_rejectionButton"]"])): Object: 'Object Repository/1. Constant/xpath' is clicked on

2022-06-23 23:17:47 - [MESSAGE][PASSED] - Object: 'Object Repository/1. Constant/xpath' is clicked on

2022-06-23 23:17:47 - [TEST_STEP][PASSED] - I.VerifyMatchText("//*[@id="source_" + refID1 + ""]/td[13]/span[1]", "Creative: Artwork production"): Actual text 'Creative: Artwork production' and expected text 'Creative: Artwork production' are matched 

2022-06-23 23:17:48 - [MESSAGE][PASSED] - Text of object 'Object Repository/1. Constant/xpath' is: 'Creative: Artwork production'

2022-06-23 23:17:49 - [MESSAGE][PASSED] - Delayed 1 second(s)

2022-06-23 23:17:49 - [MESSAGE][PASSED] - Actual text 'Creative: Artwork production' and expected text 'Creative: Artwork production' are matched 

2022-06-23 23:17:49 - [TEST_STEP][PASSED] - task2_aomoto = I.Get_Task_No("//*[@id="kt_header"]/div/div[2]/div[1]/div[1]"): Text of object 'Object Repository/1. Constant/xpath' is: '3'

2022-06-23 23:17:50 - [MESSAGE][PASSED] - Text of object 'Object Repository/1. Constant/xpath' is: '3'

2022-06-23 23:17:50 - [TEST_STEP][PASSED] - verifyEqual(task2_aomoto, task1_aomoto - 1): Actual object '3' and expected object '3' are equal

2022-06-23 23:17:50 - [MESSAGE][PASSED] - Actual object '3' and expected object '3' are equal

2022-06-23 23:17:50 - [TEST_STEP][PASSED] - click(findTestObject("1. Constant/xpath", ["xpath":"//*[@id="kt_header"]/div/div[2]/div[1]/div[1]/div"])): Object: 'Object Repository/1. Constant/xpath' is clicked on

2022-06-23 23:17:51 - [MESSAGE][PASSED] - Object: 'Object Repository/1. Constant/xpath' is clicked on

2022-06-23 23:17:51 - [TEST_STEP][PASSED] - delay(1): Delayed 1 second(s)

2022-06-23 23:17:52 - [MESSAGE][PASSED] - Delayed 1 second(s)

2022-06-23 23:17:52 - [TEST_STEP][PASSED] - b = 1: null

2022-06-23 23:17:52 - [TEST_STEP][PASSED] - while (b <= task2_aomoto): null

2022-06-23 23:17:52 - [TEST_STEP][PASSED] - result2 = getText(findTestObject("1. Constant/xpath", ["xpath":"//*[@id="kt_header"]/div/div[2]/div[1]/div[2]/form/div[2]/a[" + b + "]"])): Text of object 'Object Repository/1. Constant/xpath' is: 'COMPLETE & SEND Common Brief: ____ - Dermablend Pro_Makeup Remover_2021_[Do not edit] SAS Part 3
15/12/2021'

2022-06-23 23:17:53 - [MESSAGE][PASSED] - Text of object 'Object Repository/1. Constant/xpath' is: 'COMPLETE & SEND Common Brief: ____ - Dermablend Pro_Makeup Remover_2021_[Do not edit] SAS Part 3
15/12/2021'

2022-06-23 23:17:53 - [TEST_STEP][PASSED] - if (result2.contains("REVIEW Artwork document: TC18_AUTO_MOTHERREF_Fake_Beauty Seal_100CM2___EN___")): null

2022-06-23 23:17:53 - [TEST_STEP][PASSED] - else: null

2022-06-23 23:17:53 - [TEST_STEP][PASSED] - b = b + 1: null

2022-06-23 23:17:53 - [TEST_STEP][PASSED] - result2 = getText(findTestObject("1. Constant/xpath", ["xpath":"//*[@id="kt_header"]/div/div[2]/div[1]/div[2]/form/div[2]/a[" + b + "]"])): Text of object 'Object Repository/1. Constant/xpath' is: 'COMPLETE & SEND Artwork Brief: SAS_PART_4_Other_Bottom_100OZ______
16/12/2021'

2022-06-23 23:17:53 - [MESSAGE][PASSED] - Text of object 'Object Repository/1. Constant/xpath' is: 'COMPLETE & SEND Artwork Brief: SAS_PART_4_Other_Bottom_100OZ______
16/12/2021'

2022-06-23 23:17:53 - [TEST_STEP][PASSED] - if (result2.contains("REVIEW Artwork document: TC18_AUTO_MOTHERREF_Fake_Beauty Seal_100CM2___EN___")): null

2022-06-23 23:17:53 - [TEST_STEP][PASSED] - else: null

2022-06-23 23:17:53 - [TEST_STEP][PASSED] - b = b + 1: null

2022-06-23 23:17:53 - [TEST_STEP][PASSED] - result2 = getText(findTestObject("1. Constant/xpath", ["xpath":"//*[@id="kt_header"]/div/div[2]/div[1]/div[2]/form/div[2]/a[" + b + "]"])): Text of object 'Object Repository/1. Constant/xpath' is: 'COMPLETE & SEND Artwork Brief: SAS_PART_4_Other_Bottom_100OZ______
16/12/2021'

2022-06-23 23:17:53 - [MESSAGE][PASSED] - Text of object 'Object Repository/1. Constant/xpath' is: 'COMPLETE & SEND Artwork Brief: SAS_PART_4_Other_Bottom_100OZ______
16/12/2021'

2022-06-23 23:17:53 - [TEST_STEP][PASSED] - if (result2.contains("REVIEW Artwork document: TC18_AUTO_MOTHERREF_Fake_Beauty Seal_100CM2___EN___")): null

2022-06-23 23:17:53 - [TEST_STEP][PASSED] - else: null

2022-06-23 23:17:53 - [TEST_STEP][PASSED] - b = b + 1: null

2022-06-23 23:17:53 - [TEST_STEP][PASSED] - I.Logout(): Delayed 3 second(s)

2022-06-23 23:17:56 - [MESSAGE][PASSED] - Delayed 3 second(s)

2022-06-23 23:17:57 - [MESSAGE][PASSED] - Object: 'Object Repository/1. Constant/xpath' is clicked on

2022-06-23 23:18:00 - [MESSAGE][PASSED] - Delayed 3 second(s)

2022-06-23 23:18:04 - [MESSAGE][PASSED] - Object: 'Object Repository/1. Constant/xpath' is clicked on

2022-06-23 23:18:07 - [MESSAGE][PASSED] - Delayed 3 second(s)

2022-06-23 23:18:07 - [TEST_STEP][PASSED] - I.Login_password("jedun", password_jedun): Object: 'Object Repository/1. Constant/xpath' is clicked on

2022-06-23 23:18:08 - [MESSAGE][PASSED] - Text 'jedun' is set on object 'Object Repository/1. Constant/xpath'

2022-06-23 23:18:09 - [MESSAGE][PASSED] - Delayed 1 second(s)

2022-06-23 23:18:11 - [MESSAGE][PASSED] - Text 'dchi' is set on object 'Object Repository/1. Constant/xpath'

2022-06-23 23:18:12 - [MESSAGE][PASSED] - Delayed 1 second(s)

2022-06-23 23:18:17 - [MESSAGE][PASSED] - Object: 'Object Repository/1. Constant/xpath' is clicked on

2022-06-23 23:18:17 - [TEST_STEP][PASSED] - click(findTestObject("1. Constant/xpath", ["xpath":"//*[@id="menu_2"]/a"])): Object: 'Object Repository/1. Constant/xpath' is clicked on

2022-06-23 23:18:23 - [MESSAGE][PASSED] - Object: 'Object Repository/1. Constant/xpath' is clicked on

2022-06-23 23:18:23 - [TEST_STEP][PASSED] - I.SearchProjectNo_xpath(Project_No, "//*[@id="keynum_project"]", "//*[@id="form_filters"]/div[7]/button"): Delayed 5 second(s)

2022-06-23 23:18:24 - [MESSAGE][PASSED] - Delayed 1 second(s)

2022-06-23 23:18:25 - [MESSAGE][PASSED] - Text 'MI003409' is set on object 'Object Repository/1. Constant/xpath'

2022-06-23 23:18:28 - [MESSAGE][PASSED] - Delayed 3 second(s)

2022-06-23 23:18:28 - [MESSAGE][PASSED] - Scroll to object 'Object Repository/1. Constant/xpath' successfully

2022-06-23 23:18:35 - [MESSAGE][PASSED] - Object: 'Object Repository/1. Constant/xpath' is clicked on

2022-06-23 23:18:40 - [MESSAGE][PASSED] - Delayed 5 second(s)

2022-06-23 23:18:40 - [TEST_STEP][PASSED] - delay(1): Delayed 1 second(s)

2022-06-23 23:18:41 - [MESSAGE][PASSED] - Delayed 1 second(s)

2022-06-23 23:18:41 - [TEST_STEP][PASSED] - takeScreenshot(): Taking screenshot successfully

2022-06-23 23:18:42 - [MESSAGE][PASSED] - Taking screenshot successfully
[[ATTACHMENT|D:\\Projet Test Auto\\Mediabox Test Automation\\Reports\\20220623_184212\\03. Parallel Testing (Testing)\\TS -PT PART 3\\11 Tag SAS_Task_Full lifecycle\\20220623_184238\\1656019121941.png]]

2022-06-23 23:18:42 - [TEST_STEP][PASSED] - color2 = getCSSValue(findTestObject("1. Constant/xpath", ["xpath":"//*[@id="source_" + refID1 + ""]/td[17]/a[3]"]), "color", OPTIONAL): Get CSS 'color' value on 'Object Repository/1. Constant/xpath' successfully: 'rgba(255, 255, 255, 1)'.

2022-06-23 23:18:42 - [MESSAGE][PASSED] - Get CSS 'color' value on 'Object Repository/1. Constant/xpath' successfully: 'rgba(255, 255, 255, 1)'.

2022-06-23 23:18:42 - [TEST_STEP][PASSED] - while (color2 == "rgba(255, 255, 255, 1)"): null

2022-06-23 23:18:42 - [TEST_STEP][PASSED] - click(findTestObject("1. Constant/xpath", ["xpath":"//*[@id="source_" + refID1 + ""]/td[17]/a[3]"])): Object: 'Object Repository/1. Constant/xpath' is clicked on

2022-06-23 23:18:47 - [MESSAGE][PASSED] - Object: 'Object Repository/1. Constant/xpath' is clicked on

2022-06-23 23:18:47 - [TEST_STEP][PASSED] - takeScreenshot(): Taking screenshot successfully

2022-06-23 23:18:48 - [MESSAGE][PASSED] - Taking screenshot successfully
[[ATTACHMENT|D:\\Projet Test Auto\\Mediabox Test Automation\\Reports\\20220623_184212\\03. Parallel Testing (Testing)\\TS -PT PART 3\\11 Tag SAS_Task_Full lifecycle\\20220623_184238\\1656019127982.png]]

2022-06-23 23:18:48 - [TEST_STEP][PASSED] - I.UploadDoc_sendkey_Prod(findTestObject("1. Constant/xpath", ["xpath":"//*[@id="kt_body"]/input[2]"]), "D:\Upoad_File\Upload doc\testdataaddition1.pdf", "testdataaddition1.pdf"): Delayed 5 second(s)

2022-06-23 23:18:49 - [MESSAGE][PASSED] - Scroll to object 'Object Repository/1. Constant/xpath' successfully

2022-06-23 23:18:54 - [MESSAGE][PASSED] - Delayed 5 second(s)

2022-06-23 23:18:55 - [MESSAGE][PASSED] - File 'D:\Upoad_File\Upload doc\testdataaddition1.pdf' sent to object: 'Object Repository/1. Constant/xpath'

2022-06-23 23:19:00 - [MESSAGE][PASSED] - Delayed 5 second(s)

2022-06-23 23:19:00 - [MESSAGE][PASSED] - Text 'testdataaddition1.pdf' is present on page 

2022-06-23 23:19:05 - [MESSAGE][PASSED] - Delayed 5 second(s)

2022-06-23 23:19:10 - [MESSAGE][PASSED] - Delayed 5 second(s)

2022-06-23 23:19:10 - [TEST_STEP][PASSED] - takeScreenshot(): Taking screenshot successfully

2022-06-23 23:19:12 - [MESSAGE][PASSED] - Taking screenshot successfully
[[ATTACHMENT|D:\\Projet Test Auto\\Mediabox Test Automation\\Reports\\20220623_184212\\03. Parallel Testing (Testing)\\TS -PT PART 3\\11 Tag SAS_Task_Full lifecycle\\20220623_184238\\1656019151265.png]]

2022-06-23 23:19:12 - [TEST_STEP][PASSED] - delay(10): Delayed 10 second(s)

2022-06-23 23:19:22 - [MESSAGE][PASSED] - Delayed 10 second(s)

2022-06-23 23:19:22 - [TEST_STEP][PASSED] - I.click_button_javascript(findTestObject("Object Repository/HL Full Lifecycle/12 ReferncePage_Button_Updatensenddoc")): Execute JavaScript 'arguments[0].click()' successfully

2022-06-23 23:19:34 - [MESSAGE][PASSED] - Execute JavaScript 'arguments[0].click()' successfully

2022-06-23 23:19:34 - [TEST_STEP][PASSED] - delay(5): Delayed 5 second(s)

2022-06-23 23:19:39 - [MESSAGE][PASSED] - Delayed 5 second(s)

2022-06-23 23:19:39 - [TEST_STEP][PASSED] - if (verifyElementPresent(findTestObject("1. Constant/xpath", ["xpath":"//*[@id="source_" + refID1 + ""]/td[17]/a[3]"]), 10, OPTIONAL)): com.kms.katalon.core.webui.exception.WebElementNotFoundException: Web element with id: 'Object Repository/1. Constant/xpath' located by '//*[@id="source_24440"]/td[17]/a[3]' not found (Root cause: com.kms.katalon.core.exception.StepFailedException: com.kms.katalon.core.webui.exception.WebElementNotFoundException: Web element with id: 'Object Repository/1. Constant/xpath' located by '//*[@id="source_24440"]/td[17]/a[3]' not found
	at com.kms.katalon.core.webui.keyword.internal.WebUIKeywordMain.stepFailed(WebUIKeywordMain.groovy:64)
	at com.kms.katalon.core.webui.keyword.builtin.VerifyElementPresentKeyword$_verifyElementPresent_closure1.doCall(VerifyElementPresentKeyword.groovy:85)
	at com.kms.katalon.core.webui.keyword.builtin.VerifyElementPresentKeyword$_verifyElementPresent_closure1.call(VerifyElementPresentKeyword.groovy)
	at com.kms.katalon.core.webui.keyword.internal.WebUIKeywordMain.runKeyword(WebUIKeywordMain.groovy:20)
	at com.kms.katalon.core.webui.keyword.builtin.VerifyElementPresentKeyword.verifyElementPresent(VerifyElementPresentKeyword.groovy:92)
	at com.kms.katalon.core.webui.keyword.builtin.VerifyElementPresentKeyword.execute(VerifyElementPresentKeyword.groovy:68)
	at com.kms.katalon.core.keyword.internal.KeywordExecutor.executeKeywordForPlatform(KeywordExecutor.groovy:74)
	at com.kms.katalon.core.webui.keyword.WebUiBuiltInKeywords.verifyElementPresent(WebUiBuiltInKeywords.groovy:1448)
	at com.kms.katalon.core.webui.keyword.WebUiBuiltInKeywords$verifyElementPresent$17.call(Unknown Source)
	at 18.02 Tag full Lifecycle Daughter _Perform Task 18.01 P2.run(18.02 Tag full Lifecycle Daughter _Perform Task 18.01 P2:329)
	at com.kms.katalon.core.main.ScriptEngine.run(ScriptEngine.java:194)
	at com.kms.katalon.core.main.ScriptEngine.runScriptAsRawText(ScriptEngine.java:119)
	at com.kms.katalon.core.main.TestCaseExecutor.runScript(TestCaseExecutor.java:445)
	at com.kms.katalon.core.main.TestCaseExecutor.doExecute(TestCaseExecutor.java:436)
	at com.kms.katalon.core.main.TestCaseExecutor.processExecutionPhase(TestCaseExecutor.java:415)
	at com.kms.katalon.core.main.TestCaseExecutor.accessMainPhase(TestCaseExecutor.java:407)
	at com.kms.katalon.core.main.TestCaseExecutor.execute(TestCaseExecutor.java:284)
	at com.kms.katalon.core.common.CommonExecutor.accessTestCaseMainPhase(CommonExecutor.java:65)
	at com.kms.katalon.core.main.TestSuiteExecutor.accessTestSuiteMainPhase(TestSuiteExecutor.java:144)
	at com.kms.katalon.core.main.TestSuiteExecutor.execute(TestSuiteExecutor.java:106)
	at com.kms.katalon.core.main.TestCaseMain.startTestSuite(TestCaseMain.java:185)
	at com.kms.katalon.core.main.TestCaseMain$startTestSuite$0.call(Unknown Source)
	at TempTestSuite1656002558777.run(TempTestSuite1656002558777.groovy:36)
)

2022-06-23 23:19:51 - [MESSAGE][INFO] - Unable to find the element located by 'By.xpath: //*[@id="source_24440"]/td[17]/a[3]'. Please recheck the objects properties to make sure the desired element is located. 

2022-06-23 23:19:51 - [MESSAGE][WARNING] - com.kms.katalon.core.webui.exception.WebElementNotFoundException: Web element with id: 'Object Repository/1. Constant/xpath' located by '//*[@id="source_24440"]/td[17]/a[3]' not found (Root cause: com.kms.katalon.core.exception.StepFailedException: com.kms.katalon.core.webui.exception.WebElementNotFoundException: Web element with id: 'Object Repository/1. Constant/xpath' located by '//*[@id="source_24440"]/td[17]/a[3]' not found
	at com.kms.katalon.core.webui.keyword.internal.WebUIKeywordMain.stepFailed(WebUIKeywordMain.groovy:64)
	at com.kms.katalon.core.webui.keyword.builtin.VerifyElementPresentKeyword$_verifyElementPresent_closure1.doCall(VerifyElementPresentKeyword.groovy:85)
	at com.kms.katalon.core.webui.keyword.builtin.VerifyElementPresentKeyword$_verifyElementPresent_closure1.call(VerifyElementPresentKeyword.groovy)
	at com.kms.katalon.core.webui.keyword.internal.WebUIKeywordMain.runKeyword(WebUIKeywordMain.groovy:20)
	at com.kms.katalon.core.webui.keyword.builtin.VerifyElementPresentKeyword.verifyElementPresent(VerifyElementPresentKeyword.groovy:92)
	at com.kms.katalon.core.webui.keyword.builtin.VerifyElementPresentKeyword.execute(VerifyElementPresentKeyword.groovy:68)
	at com.kms.katalon.core.keyword.internal.KeywordExecutor.executeKeywordForPlatform(KeywordExecutor.groovy:74)
	at com.kms.katalon.core.webui.keyword.WebUiBuiltInKeywords.verifyElementPresent(WebUiBuiltInKeywords.groovy:1448)
	at com.kms.katalon.core.webui.keyword.WebUiBuiltInKeywords$verifyElementPresent$17.call(Unknown Source)
	at 18.02 Tag full Lifecycle Daughter _Perform Task 18.01 P2.run(18.02 Tag full Lifecycle Daughter _Perform Task 18.01 P2:329)
	at com.kms.katalon.core.main.ScriptEngine.run(ScriptEngine.java:194)
	at com.kms.katalon.core.main.ScriptEngine.runScriptAsRawText(ScriptEngine.java:119)
	at com.kms.katalon.core.main.TestCaseExecutor.runScript(TestCaseExecutor.java:445)
	at com.kms.katalon.core.main.TestCaseExecutor.doExecute(TestCaseExecutor.java:436)
	at com.kms.katalon.core.main.TestCaseExecutor.processExecutionPhase(TestCaseExecutor.java:415)
	at com.kms.katalon.core.main.TestCaseExecutor.accessMainPhase(TestCaseExecutor.java:407)
	at com.kms.katalon.core.main.TestCaseExecutor.execute(TestCaseExecutor.java:284)
	at com.kms.katalon.core.common.CommonExecutor.accessTestCaseMainPhase(CommonExecutor.java:65)
	at com.kms.katalon.core.main.TestSuiteExecutor.accessTestSuiteMainPhase(TestSuiteExecutor.java:144)
	at com.kms.katalon.core.main.TestSuiteExecutor.execute(TestSuiteExecutor.java:106)
	at com.kms.katalon.core.main.TestCaseMain.startTestSuite(TestCaseMain.java:185)
	at com.kms.katalon.core.main.TestCaseMain$startTestSuite$0.call(Unknown Source)
	at TempTestSuite1656002558777.run(TempTestSuite1656002558777.groovy:36)
)
[[ATTACHMENT|D:\\Projet Test Auto\\Mediabox Test Automation\\Reports\\20220623_184212\\03. Parallel Testing (Testing)\\TS -PT PART 3\\11 Tag SAS_Task_Full lifecycle\\20220623_184238\\1656019191121.png]]

2022-06-23 23:19:51 - [TEST_STEP][PASSED] - else: null

2022-06-23 23:19:51 - [TEST_STEP][PASSED] - color2 = "white": null

2022-06-23 23:19:51 - [TEST_STEP][PASSED] - delay(1): Delayed 1 second(s)

2022-06-23 23:19:52 - [MESSAGE][PASSED] - Delayed 1 second(s)

2022-06-23 23:19:52 - [TEST_STEP][PASSED] - I.Logout(): Delayed 3 second(s)

2022-06-23 23:19:55 - [MESSAGE][PASSED] - Delayed 3 second(s)

2022-06-23 23:19:56 - [MESSAGE][PASSED] - Object: 'Object Repository/1. Constant/xpath' is clicked on

2022-06-23 23:19:59 - [MESSAGE][PASSED] - Delayed 3 second(s)

2022-06-23 23:20:04 - [MESSAGE][PASSED] - Object: 'Object Repository/1. Constant/xpath' is clicked on

2022-06-23 23:20:07 - [MESSAGE][PASSED] - Delayed 3 second(s)

2022-06-23 23:20:07 - [TEST_STEP][PASSED] - I.Login_password("daguirre", password_daguirre): Object: 'Object Repository/1. Constant/xpath' is clicked on

2022-06-23 23:20:08 - [MESSAGE][PASSED] - Text 'daguirre' is set on object 'Object Repository/1. Constant/xpath'

2022-06-23 23:20:09 - [MESSAGE][PASSED] - Delayed 1 second(s)

2022-06-23 23:20:11 - [MESSAGE][PASSED] - Text 'dchi' is set on object 'Object Repository/1. Constant/xpath'

2022-06-23 23:20:12 - [MESSAGE][PASSED] - Delayed 1 second(s)

2022-06-23 23:20:17 - [MESSAGE][PASSED] - Object: 'Object Repository/1. Constant/xpath' is clicked on

2022-06-23 23:20:17 - [TEST_STEP][PASSED] - click(findTestObject("1. Constant/xpath", ["xpath":"//*[@id="menu_2"]/a"])): Object: 'Object Repository/1. Constant/xpath' is clicked on

2022-06-23 23:20:22 - [MESSAGE][PASSED] - Object: 'Object Repository/1. Constant/xpath' is clicked on

2022-06-23 23:20:22 - [TEST_STEP][PASSED] - I.SearchProjectNo_xpath(Project_No, "//*[@id="keynum_project"]", "//*[@id="form_filters"]/div[4]/button"): Delayed 5 second(s)

2022-06-23 23:20:23 - [MESSAGE][PASSED] - Delayed 1 second(s)

2022-06-23 23:20:24 - [MESSAGE][PASSED] - Text 'MI003409' is set on object 'Object Repository/1. Constant/xpath'

2022-06-23 23:20:27 - [MESSAGE][PASSED] - Delayed 3 second(s)

2022-06-23 23:20:28 - [MESSAGE][PASSED] - Scroll to object 'Object Repository/1. Constant/xpath' successfully

2022-06-23 23:20:32 - [MESSAGE][PASSED] - Object: 'Object Repository/1. Constant/xpath' is clicked on

2022-06-23 23:20:37 - [MESSAGE][PASSED] - Delayed 5 second(s)

2022-06-23 23:20:37 - [TEST_STEP][PASSED] - delay(1): Delayed 1 second(s)

2022-06-23 23:20:38 - [MESSAGE][PASSED] - Delayed 1 second(s)

2022-06-23 23:20:38 - [TEST_STEP][PASSED] - takeScreenshot(): Taking screenshot successfully

2022-06-23 23:20:39 - [MESSAGE][PASSED] - Taking screenshot successfully
[[ATTACHMENT|D:\\Projet Test Auto\\Mediabox Test Automation\\Reports\\20220623_184212\\03. Parallel Testing (Testing)\\TS -PT PART 3\\11 Tag SAS_Task_Full lifecycle\\20220623_184238\\1656019238630.png]]

2022-06-23 23:20:39 - [TEST_STEP][PASSED] - task1_daguirre = I.Get_Task_No("//*[@id="kt_header"]/div/div[2]/div[1]/div[1]"): Text of object 'Object Repository/1. Constant/xpath' is: '1'

2022-06-23 23:20:40 - [MESSAGE][PASSED] - Text of object 'Object Repository/1. Constant/xpath' is: '1'

2022-06-23 23:20:40 - [TEST_STEP][PASSED] - click(findTestObject("1. Constant/xpath", ["xpath":"//*[@id="source_" + refID1 + ""]/td[15]/a[1]"])): Object: 'Object Repository/1. Constant/xpath' is clicked on

2022-06-23 23:20:43 - [MESSAGE][PASSED] - Object: 'Object Repository/1. Constant/xpath' is clicked on

2022-06-23 23:20:43 - [TEST_STEP][PASSED] - I.AWF_approve_view(): Object: 'Object Repository/HL Full Lifecycle/Function_Appbutton2' is clicked on

2022-06-23 23:20:45 - [MESSAGE][PASSED] - Wait for page load successfully

2022-06-23 23:20:55 - [MESSAGE][PASSED] - Delayed 10 second(s)

2022-06-23 23:20:56 - [MESSAGE][PASSED] - Object: 'Object Repository/HL Full Lifecycle/Function_access Viewer2' is hovered

2022-06-23 23:20:59 - [MESSAGE][PASSED] - Delayed 3 second(s)

2022-06-23 23:21:02 - [MESSAGE][PASSED] - Object: 'Object Repository/HL Full Lifecycle/Function_access Viewer2' is clicked on

2022-06-23 23:21:07 - [MESSAGE][PASSED] - Delayed 5 second(s)

2022-06-23 23:21:08 - [MESSAGE][PASSED] - Object: 'Object Repository/HL Full Lifecycle/Function_AppButton' is clicked on

2022-06-23 23:21:13 - [MESSAGE][PASSED] - Delayed 5 second(s)

2022-06-23 23:21:19 - [MESSAGE][PASSED] - Object: 'Object Repository/HL Full Lifecycle/Function_Appbutton2' is clicked on

2022-06-23 23:21:19 - [TEST_STEP][PASSED] - I.VerifyMatchText("//*[@id="source_" + refID1 + ""]/td[14]/span[1]", "DMI: Artwork Approval"): Actual text 'DMI: Artwork Approval' and expected text 'DMI: Artwork Approval' are matched 

2022-06-23 23:21:20 - [MESSAGE][PASSED] - Text of object 'Object Repository/1. Constant/xpath' is: 'DMI: Artwork Approval'

2022-06-23 23:21:21 - [MESSAGE][PASSED] - Delayed 1 second(s)

2022-06-23 23:21:21 - [MESSAGE][PASSED] - Actual text 'DMI: Artwork Approval' and expected text 'DMI: Artwork Approval' are matched 

2022-06-23 23:21:21 - [TEST_STEP][PASSED] - click(findTestObject("1. Constant/xpath", ["xpath":"//*[@id="source_" + refID1 + ""]/td[15]/a[1]"])): Object: 'Object Repository/1. Constant/xpath' is clicked on

2022-06-23 23:21:25 - [MESSAGE][PASSED] - Object: 'Object Repository/1. Constant/xpath' is clicked on

2022-06-23 23:21:25 - [TEST_STEP][PASSED] - delay(3): Delayed 3 second(s)

2022-06-23 23:21:28 - [MESSAGE][PASSED] - Delayed 3 second(s)

2022-06-23 23:21:28 - [TEST_STEP][PASSED] - I.AWF_approve_view(): Object: 'Object Repository/HL Full Lifecycle/Function_Appbutton2' is clicked on

2022-06-23 23:21:29 - [MESSAGE][PASSED] - Wait for page load successfully

2022-06-23 23:21:39 - [MESSAGE][PASSED] - Delayed 10 second(s)

2022-06-23 23:21:39 - [MESSAGE][PASSED] - Object: 'Object Repository/HL Full Lifecycle/Function_access Viewer2' is hovered

2022-06-23 23:21:42 - [MESSAGE][PASSED] - Delayed 3 second(s)

2022-06-23 23:21:43 - [MESSAGE][PASSED] - Object: 'Object Repository/HL Full Lifecycle/Function_access Viewer2' is clicked on

2022-06-23 23:21:48 - [MESSAGE][PASSED] - Delayed 5 second(s)

2022-06-23 23:21:49 - [MESSAGE][PASSED] - Object: 'Object Repository/HL Full Lifecycle/Function_AppButton' is clicked on

2022-06-23 23:21:54 - [MESSAGE][PASSED] - Delayed 5 second(s)

2022-06-23 23:21:57 - [MESSAGE][PASSED] - Object: 'Object Repository/HL Full Lifecycle/Function_Appbutton2' is clicked on

2022-06-23 23:21:57 - [TEST_STEP][PASSED] - Expectedd_CT1 = "×" + "
" + "Error" + "

" + "REFERENCE BRIEF VALIDATION ERRORS : TC18_AUTO_MOTHERREF_Fake_Beauty Seal_100CM2___EN___" + "
" + "GTIN code is missing" + "
" + "Product to be notified is missing" + "
" + "SKU code is missing": null

2022-06-23 23:21:57 - [TEST_STEP][PASSED] - I.VerifyMatchToastrmsg("//*[@id="toast-container"]/div", Expectedd_CT1): Actual text '×
Error

REFERENCE BRIEF VALIDATION ERRORS : TC18_AUTO_MOTHERREF_Fake_Beauty Seal_100CM2___EN___
GTIN code is missing
Product to be notified is missing
SKU code is missing' and expected text '×
Error

REFERENCE BRIEF VALIDATION ERRORS : TC18_AUTO_MOTHERREF_Fake_Beauty Seal_100CM2___EN___
GTIN code is missing
Product to be notified is missing
SKU code is missing' are matched 

2022-06-23 23:21:59 - [MESSAGE][PASSED] - Object 'Object Repository/1. Constant/xpath' is visible

2022-06-23 23:22:00 - [MESSAGE][PASSED] - Text of object 'Object Repository/1. Constant/xpath' is: '×
Error

REFERENCE BRIEF VALIDATION ERRORS : TC18_AUTO_MOTHERREF_Fake_Beauty Seal_100CM2___EN___
GTIN code is missing
Product to be notified is missing
SKU code is missing'

2022-06-23 23:22:01 - [MESSAGE][PASSED] - Taking screenshot successfully
[[ATTACHMENT|D:\\Projet Test Auto\\Mediabox Test Automation\\Reports\\20220623_184212\\03. Parallel Testing (Testing)\\TS -PT PART 3\\11 Tag SAS_Task_Full lifecycle\\20220623_184238\\1656019321263.png]]

2022-06-23 23:22:01 - [MESSAGE][PASSED] - Actual text '×
Error

REFERENCE BRIEF VALIDATION ERRORS : TC18_AUTO_MOTHERREF_Fake_Beauty Seal_100CM2___EN___
GTIN code is missing
Product to be notified is missing
SKU code is missing' and expected text '×
Error

REFERENCE BRIEF VALIDATION ERRORS : TC18_AUTO_MOTHERREF_Fake_Beauty Seal_100CM2___EN___
GTIN code is missing
Product to be notified is missing
SKU code is missing' are matched 

2022-06-23 23:22:01 - [TEST_STEP][PASSED] - "Fill in required field": null

2022-06-23 23:22:01 - [TEST_STEP][PASSED] - setText(findTestObject("1. Constant/xpath", ["xpath":"//*[@id="var_106"]"]), "MB179800"): Text 'MB179800' is set on object 'Object Repository/1. Constant/xpath'

2022-06-23 23:22:03 - [MESSAGE][PASSED] - Text 'MB179800' is set on object 'Object Repository/1. Constant/xpath'

2022-06-23 23:22:03 - [TEST_STEP][PASSED] - setText(findTestObject("1. Constant/xpath", ["xpath":"//*[@id="var_126"]"]), "03337875678094"): Text '03337875678094' is set on object 'Object Repository/1. Constant/xpath'

2022-06-23 23:22:04 - [MESSAGE][PASSED] - Text '03337875678094' is set on object 'Object Repository/1. Constant/xpath'

2022-06-23 23:22:04 - [TEST_STEP][PASSED] - I.SelectFromList_Value("//*[@id="var_107"]", "23"): Delayed 2 second(s)

2022-06-23 23:22:05 - [MESSAGE][PASSED] - All options with value '23' are selected in object 'Object Repository/1. Constant/xpath' 

2022-06-23 23:22:07 - [MESSAGE][PASSED] - Delayed 2 second(s)

2022-06-23 23:22:07 - [TEST_STEP][PASSED] - click(findTestObject("HL Full Lifecycle/Function_Appbutton2")): Object: 'Object Repository/HL Full Lifecycle/Function_Appbutton2' is clicked on

2022-06-23 23:22:13 - [MESSAGE][PASSED] - Object: 'Object Repository/HL Full Lifecycle/Function_Appbutton2' is clicked on

2022-06-23 23:22:13 - [TEST_STEP][PASSED] - delay(1): Delayed 1 second(s)

2022-06-23 23:22:14 - [MESSAGE][PASSED] - Delayed 1 second(s)

2022-06-23 23:22:14 - [TEST_STEP][PASSED] - task2_daguirre = I.Get_Task_No("//*[@id="kt_header"]/div/div[2]/div[1]/div[1]"): Text of object 'Object Repository/1. Constant/xpath' is: ''

2022-06-23 23:22:14 - [MESSAGE][PASSED] - Text of object 'Object Repository/1. Constant/xpath' is: ''

2022-06-23 23:22:14 - [TEST_STEP][PASSED] - verifyEqual(task2_daguirre, task1_daguirre - 1): Actual object '0' and expected object '0' are equal

2022-06-23 23:22:14 - [MESSAGE][PASSED] - Actual object '0' and expected object '0' are equal

2022-06-23 23:22:14 - [TEST_STEP][PASSED] - I.Logout(): Delayed 3 second(s)

2022-06-23 23:22:17 - [MESSAGE][PASSED] - Delayed 3 second(s)

2022-06-23 23:22:18 - [MESSAGE][PASSED] - Object: 'Object Repository/1. Constant/xpath' is clicked on

2022-06-23 23:22:21 - [MESSAGE][PASSED] - Delayed 3 second(s)

2022-06-23 23:22:23 - [MESSAGE][PASSED] - Object: 'Object Repository/1. Constant/xpath' is clicked on

2022-06-23 23:22:26 - [MESSAGE][PASSED] - Delayed 3 second(s)

2022-06-23 23:22:26 - [TEST_STEP][PASSED] - I.Login_password("aomoto", password_aomoto): Object: 'Object Repository/1. Constant/xpath' is clicked on

2022-06-23 23:22:28 - [MESSAGE][PASSED] - Text 'aomoto' is set on object 'Object Repository/1. Constant/xpath'

2022-06-23 23:22:29 - [MESSAGE][PASSED] - Delayed 1 second(s)

2022-06-23 23:22:30 - [MESSAGE][PASSED] - Text 'dchi' is set on object 'Object Repository/1. Constant/xpath'

2022-06-23 23:22:31 - [MESSAGE][PASSED] - Delayed 1 second(s)

2022-06-23 23:22:37 - [MESSAGE][PASSED] - Object: 'Object Repository/1. Constant/xpath' is clicked on

2022-06-23 23:22:37 - [TEST_STEP][PASSED] - takeScreenshot(): Taking screenshot successfully

2022-06-23 23:22:38 - [MESSAGE][PASSED] - Taking screenshot successfully
[[ATTACHMENT|D:\\Projet Test Auto\\Mediabox Test Automation\\Reports\\20220623_184212\\03. Parallel Testing (Testing)\\TS -PT PART 3\\11 Tag SAS_Task_Full lifecycle\\20220623_184238\\1656019357277.png]]

2022-06-23 23:22:38 - [TEST_STEP][PASSED] - task10_aomoto = I.Get_Task_No("//*[@id="kt_header"]/div/div[2]/div[1]/div[1]"): Text of object 'Object Repository/1. Constant/xpath' is: '4'

2022-06-23 23:22:40 - [MESSAGE][PASSED] - Text of object 'Object Repository/1. Constant/xpath' is: '4'

2022-06-23 23:22:40 - [TEST_STEP][PASSED] - m = 1: null

2022-06-23 23:22:40 - [TEST_STEP][PASSED] - while (m <= task10_aomoto): null

2022-06-23 23:22:40 - [TEST_STEP][PASSED] - n = 0: null

2022-06-23 23:22:40 - [TEST_STEP][PASSED] - n = m + 1: null

2022-06-23 23:22:40 - [TEST_STEP][PASSED] - result1 = getText(findTestObject("1. Constant/xpath", ["xpath":"/html/body/div[1]/div[2]/div[4]/div[3]/div/div[5]/div[2]/div[1]/div/div[2]/div/div/table/tbody/tr[" + n + "]/td[1]/a"])): Text of object 'Object Repository/1. Constant/xpath' is: 'COMPLETE & SEND Common Brief: ____ - Dermablend Pro_Makeup Remover_2021_[Do not edit] SAS Part 3'

2022-06-23 23:22:40 - [MESSAGE][PASSED] - Text of object 'Object Repository/1. Constant/xpath' is: 'COMPLETE & SEND Common Brief: ____ - Dermablend Pro_Makeup Remover_2021_[Do not edit] SAS Part 3'

2022-06-23 23:22:40 - [TEST_STEP][PASSED] - if (result1.contains("REVIEW Artwork document: TC18_AUTO_MOTHERREF_Fake_Beauty Seal_100CM2___EN___")): null

2022-06-23 23:22:40 - [TEST_STEP][PASSED] - else: null

2022-06-23 23:22:40 - [TEST_STEP][PASSED] - m = m + 1: null

2022-06-23 23:22:40 - [TEST_STEP][PASSED] - n = 0: null

2022-06-23 23:22:40 - [TEST_STEP][PASSED] - n = m + 1: null

2022-06-23 23:22:40 - [TEST_STEP][PASSED] - result1 = getText(findTestObject("1. Constant/xpath", ["xpath":"/html/body/div[1]/div[2]/div[4]/div[3]/div/div[5]/div[2]/div[1]/div/div[2]/div/div/table/tbody/tr[" + n + "]/td[1]/a"])): Text of object 'Object Repository/1. Constant/xpath' is: 'COMPLETE & SEND Artwork Brief: SAS_PART_4_Other_Bottom_100OZ______'

2022-06-23 23:22:40 - [MESSAGE][PASSED] - Text of object 'Object Repository/1. Constant/xpath' is: 'COMPLETE & SEND Artwork Brief: SAS_PART_4_Other_Bottom_100OZ______'

2022-06-23 23:22:40 - [TEST_STEP][PASSED] - if (result1.contains("REVIEW Artwork document: TC18_AUTO_MOTHERREF_Fake_Beauty Seal_100CM2___EN___")): null

2022-06-23 23:22:40 - [TEST_STEP][PASSED] - else: null

2022-06-23 23:22:40 - [TEST_STEP][PASSED] - m = m + 1: null

2022-06-23 23:22:40 - [TEST_STEP][PASSED] - n = 0: null

2022-06-23 23:22:40 - [TEST_STEP][PASSED] - n = m + 1: null

2022-06-23 23:22:40 - [TEST_STEP][PASSED] - result1 = getText(findTestObject("1. Constant/xpath", ["xpath":"/html/body/div[1]/div[2]/div[4]/div[3]/div/div[5]/div[2]/div[1]/div/div[2]/div/div/table/tbody/tr[" + n + "]/td[1]/a"])): Text of object 'Object Repository/1. Constant/xpath' is: 'COMPLETE & SEND Artwork Brief: SAS_PART_4_Other_Bottom_100OZ______'

2022-06-23 23:22:41 - [MESSAGE][PASSED] - Text of object 'Object Repository/1. Constant/xpath' is: 'COMPLETE & SEND Artwork Brief: SAS_PART_4_Other_Bottom_100OZ______'

2022-06-23 23:22:41 - [TEST_STEP][PASSED] - if (result1.contains("REVIEW Artwork document: TC18_AUTO_MOTHERREF_Fake_Beauty Seal_100CM2___EN___")): null

2022-06-23 23:22:41 - [TEST_STEP][PASSED] - else: null

2022-06-23 23:22:41 - [TEST_STEP][PASSED] - m = m + 1: null

2022-06-23 23:22:41 - [TEST_STEP][PASSED] - n = 0: null

2022-06-23 23:22:41 - [TEST_STEP][PASSED] - n = m + 1: null

2022-06-23 23:22:41 - [TEST_STEP][PASSED] - result1 = getText(findTestObject("1. Constant/xpath", ["xpath":"/html/body/div[1]/div[2]/div[4]/div[3]/div/div[5]/div[2]/div[1]/div/div[2]/div/div/table/tbody/tr[" + n + "]/td[1]/a"])): Text of object 'Object Repository/1. Constant/xpath' is: 'REVIEW Artwork document: TC18_AUTO_MOTHERREF_Fake_Beauty Seal_100CM2___EN___'

2022-06-23 23:22:41 - [MESSAGE][PASSED] - Text of object 'Object Repository/1. Constant/xpath' is: 'REVIEW Artwork document: TC18_AUTO_MOTHERREF_Fake_Beauty Seal_100CM2___EN___'

2022-06-23 23:22:41 - [TEST_STEP][PASSED] - if (result1.contains("REVIEW Artwork document: TC18_AUTO_MOTHERREF_Fake_Beauty Seal_100CM2___EN___")): null

2022-06-23 23:22:41 - [TEST_STEP][PASSED] - click(findTestObject("1. Constant/xpath", ["xpath":"/html/body/div[1]/div[2]/div[4]/div[3]/div/div[5]/div[2]/div[1]/div/div[2]/div/div/table/tbody/tr[" + n + "]/td[1]/a"])): Object: 'Object Repository/1. Constant/xpath' is clicked on

2022-06-23 23:22:44 - [MESSAGE][PASSED] - Object: 'Object Repository/1. Constant/xpath' is clicked on

2022-06-23 23:22:44 - [TEST_STEP][PASSED] - break: null

2022-06-23 23:22:44 - [TEST_STEP][PASSED] - delay(1): Delayed 1 second(s)

2022-06-23 23:22:45 - [MESSAGE][PASSED] - Delayed 1 second(s)

2022-06-23 23:22:45 - [TEST_STEP][PASSED] - takeScreenshot(): Taking screenshot successfully

2022-06-23 23:22:48 - [MESSAGE][PASSED] - Taking screenshot successfully
[[ATTACHMENT|D:\\Projet Test Auto\\Mediabox Test Automation\\Reports\\20220623_184212\\03. Parallel Testing (Testing)\\TS -PT PART 3\\11 Tag SAS_Task_Full lifecycle\\20220623_184238\\1656019367570.png]]

2022-06-23 23:22:48 - [TEST_STEP][PASSED] - delay(1): Delayed 1 second(s)

2022-06-23 23:22:49 - [MESSAGE][PASSED] - Delayed 1 second(s)

2022-06-23 23:22:49 - [TEST_STEP][PASSED] - I.AWF_approve_view(): Object: 'Object Repository/HL Full Lifecycle/Function_Appbutton2' is clicked on

2022-06-23 23:22:49 - [MESSAGE][PASSED] - Wait for page load successfully

2022-06-23 23:22:59 - [MESSAGE][PASSED] - Delayed 10 second(s)

2022-06-23 23:23:01 - [MESSAGE][PASSED] - Object: 'Object Repository/HL Full Lifecycle/Function_access Viewer2' is hovered

2022-06-23 23:23:04 - [MESSAGE][PASSED] - Delayed 3 second(s)

2022-06-23 23:23:06 - [MESSAGE][PASSED] - Object: 'Object Repository/HL Full Lifecycle/Function_access Viewer2' is clicked on

2022-06-23 23:23:11 - [MESSAGE][PASSED] - Delayed 5 second(s)

2022-06-23 23:23:14 - [MESSAGE][PASSED] - Object: 'Object Repository/HL Full Lifecycle/Function_AppButton' is clicked on

2022-06-23 23:23:19 - [MESSAGE][PASSED] - Delayed 5 second(s)

2022-06-23 23:23:25 - [MESSAGE][PASSED] - Object: 'Object Repository/HL Full Lifecycle/Function_Appbutton2' is clicked on

2022-06-23 23:23:25 - [TEST_STEP][PASSED] - delay(1): Delayed 1 second(s)

2022-06-23 23:23:26 - [MESSAGE][PASSED] - Delayed 1 second(s)

2022-06-23 23:23:26 - [TEST_STEP][PASSED] - takeScreenshot(): Taking screenshot successfully

2022-06-23 23:23:27 - [MESSAGE][PASSED] - Taking screenshot successfully
[[ATTACHMENT|D:\\Projet Test Auto\\Mediabox Test Automation\\Reports\\20220623_184212\\03. Parallel Testing (Testing)\\TS -PT PART 3\\11 Tag SAS_Task_Full lifecycle\\20220623_184238\\1656019407282.png]]

2022-06-23 23:23:27 - [TEST_STEP][PASSED] - task11_aomoto = I.Get_Task_No("//*[@id="kt_header"]/div/div[2]/div[1]/div[1]"): Text of object 'Object Repository/1. Constant/xpath' is: '3'

2022-06-23 23:23:28 - [MESSAGE][PASSED] - Text of object 'Object Repository/1. Constant/xpath' is: '3'

2022-06-23 23:23:28 - [TEST_STEP][PASSED] - verifyEqual(task11_aomoto + 1, task10_aomoto): Actual object '4' and expected object '4' are equal

2022-06-23 23:23:28 - [MESSAGE][PASSED] - Actual object '4' and expected object '4' are equal

2022-06-23 23:23:28 - [TEST_STEP][PASSED] - I.Logout(): Delayed 3 second(s)

2022-06-23 23:23:31 - [MESSAGE][PASSED] - Delayed 3 second(s)

2022-06-23 23:23:32 - [MESSAGE][PASSED] - Object: 'Object Repository/1. Constant/xpath' is clicked on

2022-06-23 23:23:35 - [MESSAGE][PASSED] - Delayed 3 second(s)

2022-06-23 23:23:38 - [MESSAGE][PASSED] - Object: 'Object Repository/1. Constant/xpath' is clicked on

2022-06-23 23:23:41 - [MESSAGE][PASSED] - Delayed 3 second(s)

2022-06-23 23:23:41 - [TEST_STEP][PASSED] - I.Login_password("apetit", password_apetit): Object: 'Object Repository/1. Constant/xpath' is clicked on

2022-06-23 23:23:43 - [MESSAGE][PASSED] - Text 'apetit' is set on object 'Object Repository/1. Constant/xpath'

2022-06-23 23:23:44 - [MESSAGE][PASSED] - Delayed 1 second(s)

2022-06-23 23:23:46 - [MESSAGE][PASSED] - Text 'dchi' is set on object 'Object Repository/1. Constant/xpath'

2022-06-23 23:23:47 - [MESSAGE][PASSED] - Delayed 1 second(s)

2022-06-23 23:23:52 - [MESSAGE][PASSED] - Object: 'Object Repository/1. Constant/xpath' is clicked on

2022-06-23 23:23:52 - [TEST_STEP][PASSED] - takeScreenshot(): Taking screenshot successfully

2022-06-23 23:23:52 - [MESSAGE][PASSED] - Taking screenshot successfully
[[ATTACHMENT|D:\\Projet Test Auto\\Mediabox Test Automation\\Reports\\20220623_184212\\03. Parallel Testing (Testing)\\TS -PT PART 3\\11 Tag SAS_Task_Full lifecycle\\20220623_184238\\1656019432455.png]]

2022-06-23 23:23:52 - [TEST_STEP][PASSED] - task10_apetit = I.Get_Task_No("//*[@id="kt_header"]/div/div[2]/div[1]/div[1]"): Text of object 'Object Repository/1. Constant/xpath' is: '3'

2022-06-23 23:23:53 - [MESSAGE][PASSED] - Text of object 'Object Repository/1. Constant/xpath' is: '3'

2022-06-23 23:23:53 - [TEST_STEP][PASSED] - x = 1: null

2022-06-23 23:23:53 - [TEST_STEP][PASSED] - click(findTestObject("1. Constant/xpath", ["xpath":"//*[@id="kt_header"]/div/div[2]/div[1]/div[1]"])): Object: 'Object Repository/1. Constant/xpath' is clicked on

2022-06-23 23:23:53 - [MESSAGE][PASSED] - Object: 'Object Repository/1. Constant/xpath' is clicked on

2022-06-23 23:23:53 - [TEST_STEP][PASSED] - while (x <= task10_apetit): null

2022-06-23 23:23:53 - [TEST_STEP][PASSED] - result_task = getText(findTestObject("1. Constant/xpath", ["xpath":"//*[@id="kt_header"]/div/div[2]/div[1]/div[2]/form/div[2]/a[" + x + "]"])): Text of object 'Object Repository/1. Constant/xpath' is: 'COMPLETE & SEND Common Brief: ___ - ACD Non reparti_ACD Non reparti_2021_[DO NOT EDIT] IMPORT REF Part 1
14/12/2021'

2022-06-23 23:23:54 - [MESSAGE][PASSED] - Text of object 'Object Repository/1. Constant/xpath' is: 'COMPLETE & SEND Common Brief: ___ - ACD Non reparti_ACD Non reparti_2021_[DO NOT EDIT] IMPORT REF Part 1
14/12/2021'

2022-06-23 23:23:54 - [TEST_STEP][PASSED] - if (result_task.contains("REVIEW Artwork document: TC18_AUTO_MOTHERREF_Fake_Beauty Seal_100CM2___EN___")): null

2022-06-23 23:23:54 - [TEST_STEP][PASSED] - else: null

2022-06-23 23:23:54 - [TEST_STEP][PASSED] - x = x + 1: null

2022-06-23 23:23:54 - [TEST_STEP][PASSED] - if (x > task10_apetit): null

2022-06-23 23:23:54 - [TEST_STEP][PASSED] - result_task = getText(findTestObject("1. Constant/xpath", ["xpath":"//*[@id="kt_header"]/div/div[2]/div[1]/div[2]/form/div[2]/a[" + x + "]"])): Text of object 'Object Repository/1. Constant/xpath' is: 'COMPLETE & SEND Common Brief: FOREIGN_KEY_DELETED - ACD Non reparti_ACD Non reparti_2021_[DO NOT EDIT] IMPORT REF Part 1
27/06/2022'

2022-06-23 23:23:54 - [MESSAGE][PASSED] - Text of object 'Object Repository/1. Constant/xpath' is: 'COMPLETE & SEND Common Brief: FOREIGN_KEY_DELETED - ACD Non reparti_ACD Non reparti_2021_[DO NOT EDIT] IMPORT REF Part 1
27/06/2022'

2022-06-23 23:23:54 - [TEST_STEP][PASSED] - if (result_task.contains("REVIEW Artwork document: TC18_AUTO_MOTHERREF_Fake_Beauty Seal_100CM2___EN___")): null

2022-06-23 23:23:54 - [TEST_STEP][PASSED] - else: null

2022-06-23 23:23:54 - [TEST_STEP][PASSED] - x = x + 1: null

2022-06-23 23:23:54 - [TEST_STEP][PASSED] - if (x > task10_apetit): null

2022-06-23 23:23:54 - [TEST_STEP][PASSED] - result_task = getText(findTestObject("1. Constant/xpath", ["xpath":"//*[@id="kt_header"]/div/div[2]/div[1]/div[2]/form/div[2]/a[" + x + "]"])): Text of object 'Object Repository/1. Constant/xpath' is: 'REVIEW Artwork document: TC18_AUTO_MOTHERREF_Fake_Beauty Seal_100CM2___EN___
04/07/2022'

2022-06-23 23:23:54 - [MESSAGE][PASSED] - Text of object 'Object Repository/1. Constant/xpath' is: 'REVIEW Artwork document: TC18_AUTO_MOTHERREF_Fake_Beauty Seal_100CM2___EN___
04/07/2022'

2022-06-23 23:23:54 - [TEST_STEP][PASSED] - if (result_task.contains("REVIEW Artwork document: TC18_AUTO_MOTHERREF_Fake_Beauty Seal_100CM2___EN___")): null

2022-06-23 23:23:54 - [TEST_STEP][PASSED] - verifyEqual(1, 1): Actual object '1' and expected object '1' are equal

2022-06-23 23:23:54 - [MESSAGE][PASSED] - Actual object '1' and expected object '1' are equal

2022-06-23 23:23:54 - [TEST_STEP][PASSED] - break: null

2022-06-23 23:23:54 - [TEST_STEP][PASSED] - s = 1: null

2022-06-23 23:23:54 - [TEST_STEP][PASSED] - o = 0: null

2022-06-23 23:23:54 - [TEST_STEP][PASSED] - while (s <= task10_apetit): null

2022-06-23 23:23:54 - [TEST_STEP][PASSED] - o = s + 1: null

2022-06-23 23:23:54 - [TEST_STEP][PASSED] - result_task = getText(findTestObject("1. Constant/xpath", ["xpath":"/html/body/div[1]/div[2]/div[4]/div[3]/div/div[5]/div[2]/div[1]/div/div[2]/div/div/table/tbody/tr[" + o + "]/td[1]/a"])): Text of object 'Object Repository/1. Constant/xpath' is: 'COMPLETE & SEND Common Brief: ___ - ACD Non reparti_ACD Non reparti_2021_[DO NOT EDIT] IMPORT REF Part 1'

2022-06-23 23:23:54 - [MESSAGE][PASSED] - Text of object 'Object Repository/1. Constant/xpath' is: 'COMPLETE & SEND Common Brief: ___ - ACD Non reparti_ACD Non reparti_2021_[DO NOT EDIT] IMPORT REF Part 1'

2022-06-23 23:23:54 - [TEST_STEP][PASSED] - if (result_task.contains("REVIEW Artwork document: TC18_AUTO_MOTHERREF_Fake_Beauty Seal_100CM2___EN___")): null

2022-06-23 23:23:54 - [TEST_STEP][PASSED] - else: null

2022-06-23 23:23:54 - [TEST_STEP][PASSED] - s = s + 1: null

2022-06-23 23:23:54 - [TEST_STEP][PASSED] - if (s > task10_apetit): null

2022-06-23 23:23:54 - [TEST_STEP][PASSED] - o = s + 1: null

2022-06-23 23:23:54 - [TEST_STEP][PASSED] - result_task = getText(findTestObject("1. Constant/xpath", ["xpath":"/html/body/div[1]/div[2]/div[4]/div[3]/div/div[5]/div[2]/div[1]/div/div[2]/div/div/table/tbody/tr[" + o + "]/td[1]/a"])): Text of object 'Object Repository/1. Constant/xpath' is: 'COMPLETE & SEND Common Brief: FOREIGN_KEY_DELETED - ACD Non reparti_ACD Non reparti_2021_[DO NOT EDIT] IMPORT REF Part 1'

2022-06-23 23:23:55 - [MESSAGE][PASSED] - Text of object 'Object Repository/1. Constant/xpath' is: 'COMPLETE & SEND Common Brief: FOREIGN_KEY_DELETED - ACD Non reparti_ACD Non reparti_2021_[DO NOT EDIT] IMPORT REF Part 1'

2022-06-23 23:23:55 - [TEST_STEP][PASSED] - if (result_task.contains("REVIEW Artwork document: TC18_AUTO_MOTHERREF_Fake_Beauty Seal_100CM2___EN___")): null

2022-06-23 23:23:55 - [TEST_STEP][PASSED] - else: null

2022-06-23 23:23:55 - [TEST_STEP][PASSED] - s = s + 1: null

2022-06-23 23:23:55 - [TEST_STEP][PASSED] - if (s > task10_apetit): null

2022-06-23 23:23:55 - [TEST_STEP][PASSED] - o = s + 1: null

2022-06-23 23:23:55 - [TEST_STEP][PASSED] - result_task = getText(findTestObject("1. Constant/xpath", ["xpath":"/html/body/div[1]/div[2]/div[4]/div[3]/div/div[5]/div[2]/div[1]/div/div[2]/div/div/table/tbody/tr[" + o + "]/td[1]/a"])): Text of object 'Object Repository/1. Constant/xpath' is: 'REVIEW Artwork document: TC18_AUTO_MOTHERREF_Fake_Beauty Seal_100CM2___EN___'

2022-06-23 23:23:55 - [MESSAGE][PASSED] - Text of object 'Object Repository/1. Constant/xpath' is: 'REVIEW Artwork document: TC18_AUTO_MOTHERREF_Fake_Beauty Seal_100CM2___EN___'

2022-06-23 23:23:55 - [TEST_STEP][PASSED] - if (result_task.contains("REVIEW Artwork document: TC18_AUTO_MOTHERREF_Fake_Beauty Seal_100CM2___EN___")): null

2022-06-23 23:23:55 - [TEST_STEP][PASSED] - verifyEqual(1, 1): Actual object '1' and expected object '1' are equal

2022-06-23 23:23:55 - [MESSAGE][PASSED] - Actual object '1' and expected object '1' are equal

2022-06-23 23:23:55 - [TEST_STEP][PASSED] - break: null

2022-06-23 23:23:55 - [TEST_STEP][PASSED] - delay(1): Delayed 1 second(s)

2022-06-23 23:23:56 - [MESSAGE][PASSED] - Delayed 1 second(s)

2022-06-23 23:23:56 - [TEST_STEP][PASSED] - click(findTestObject("1. Constant/xpath", ["xpath":"//*[@id="menu_2"]/a"])): Object: 'Object Repository/1. Constant/xpath' is clicked on

2022-06-23 23:24:04 - [MESSAGE][PASSED] - Object: 'Object Repository/1. Constant/xpath' is clicked on

2022-06-23 23:24:04 - [TEST_STEP][PASSED] - I.SearchProjectNo_xpath(Project_No, "//*[@id="keynum_project"]", "//*[@id="form_filters"]/div[8]/button"): Delayed 5 second(s)

2022-06-23 23:24:05 - [MESSAGE][PASSED] - Delayed 1 second(s)

2022-06-23 23:24:06 - [MESSAGE][PASSED] - Text 'MI003409' is set on object 'Object Repository/1. Constant/xpath'

2022-06-23 23:24:09 - [MESSAGE][PASSED] - Delayed 3 second(s)

2022-06-23 23:24:10 - [MESSAGE][PASSED] - Scroll to object 'Object Repository/1. Constant/xpath' successfully

2022-06-23 23:24:18 - [MESSAGE][PASSED] - Object: 'Object Repository/1. Constant/xpath' is clicked on

2022-06-23 23:24:23 - [MESSAGE][PASSED] - Delayed 5 second(s)

2022-06-23 23:24:23 - [TEST_STEP][PASSED] - delay(1): Delayed 1 second(s)

2022-06-23 23:24:24 - [MESSAGE][PASSED] - Delayed 1 second(s)

2022-06-23 23:24:24 - [TEST_STEP][PASSED] - takeScreenshot(): Taking screenshot successfully

2022-06-23 23:24:26 - [MESSAGE][PASSED] - Taking screenshot successfully
[[ATTACHMENT|D:\\Projet Test Auto\\Mediabox Test Automation\\Reports\\20220623_184212\\03. Parallel Testing (Testing)\\TS -PT PART 3\\11 Tag SAS_Task_Full lifecycle\\20220623_184238\\1656019465578.png]]

2022-06-23 23:24:26 - [TEST_STEP][PASSED] - delay(1): Delayed 1 second(s)

2022-06-23 23:24:27 - [MESSAGE][PASSED] - Delayed 1 second(s)

2022-06-23 23:24:27 - [TEST_STEP][PASSED] - click(findTestObject("1. Constant/xpath", ["xpath":"//*[@id="source_" + refID1 + ""]/td[15]/a[1]"])): Object: 'Object Repository/1. Constant/xpath' is clicked on

2022-06-23 23:24:33 - [MESSAGE][PASSED] - Object: 'Object Repository/1. Constant/xpath' is clicked on

2022-06-23 23:24:33 - [TEST_STEP][PASSED] - waitForPageLoad(5): Wait for page load successfully

2022-06-23 23:24:37 - [MESSAGE][PASSED] - Wait for page load successfully

2022-06-23 23:24:37 - [TEST_STEP][PASSED] - mouseOver(findTestObject("Object Repository/HL Full Lifecycle/Function_access Viewer2")): Object: 'Object Repository/HL Full Lifecycle/Function_access Viewer2' is hovered

2022-06-23 23:24:43 - [MESSAGE][PASSED] - Object: 'Object Repository/HL Full Lifecycle/Function_access Viewer2' is hovered

2022-06-23 23:24:43 - [TEST_STEP][PASSED] - delay(2): Delayed 2 second(s)

2022-06-23 23:24:45 - [MESSAGE][PASSED] - Delayed 2 second(s)

2022-06-23 23:24:45 - [TEST_STEP][PASSED] - click(findTestObject("Object Repository/HL Full Lifecycle/Function_access Viewer2")): Object: 'Object Repository/HL Full Lifecycle/Function_access Viewer2' is clicked on

2022-06-23 23:24:46 - [MESSAGE][PASSED] - Object: 'Object Repository/HL Full Lifecycle/Function_access Viewer2' is clicked on

2022-06-23 23:24:46 - [TEST_STEP][PASSED] - delay(2): Delayed 2 second(s)

2022-06-23 23:24:48 - [MESSAGE][PASSED] - Delayed 2 second(s)

2022-06-23 23:24:48 - [TEST_STEP][PASSED] - takeScreenshot(): Taking screenshot successfully

2022-06-23 23:24:49 - [MESSAGE][PASSED] - Taking screenshot successfully
[[ATTACHMENT|D:\\Projet Test Auto\\Mediabox Test Automation\\Reports\\20220623_184212\\03. Parallel Testing (Testing)\\TS -PT PART 3\\11 Tag SAS_Task_Full lifecycle\\20220623_184238\\1656019488456.png]]

2022-06-23 23:24:49 - [TEST_STEP][PASSED] - click(findTestObject("1. Constant/xpath", ["xpath":"//*[@id="BtnrefusalButton"]"])): Object: 'Object Repository/1. Constant/xpath' is clicked on

2022-06-23 23:24:50 - [MESSAGE][PASSED] - Object: 'Object Repository/1. Constant/xpath' is clicked on

2022-06-23 23:24:50 - [TEST_STEP][PASSED] - delay(3): Delayed 3 second(s)

2022-06-23 23:24:53 - [MESSAGE][PASSED] - Delayed 3 second(s)

2022-06-23 23:24:53 - [TEST_STEP][PASSED] - I.SelectFromList_Value("//*[@id="listbox_rejection_doc"]", "2"): Delayed 2 second(s)

2022-06-23 23:24:56 - [MESSAGE][PASSED] - All options with value '2' are selected in object 'Object Repository/1. Constant/xpath' 

2022-06-23 23:24:58 - [MESSAGE][PASSED] - Delayed 2 second(s)

2022-06-23 23:24:58 - [TEST_STEP][PASSED] - click(findTestObject("1. Constant/xpath", ["xpath":"//*[@id="disable_rejectionButton"]"])): Object: 'Object Repository/1. Constant/xpath' is clicked on

2022-06-23 23:25:04 - [MESSAGE][PASSED] - Object: 'Object Repository/1. Constant/xpath' is clicked on

2022-06-23 23:25:04 - [TEST_STEP][PASSED] - takeScreenshot(): Taking screenshot successfully

2022-06-23 23:25:06 - [MESSAGE][PASSED] - Taking screenshot successfully
[[ATTACHMENT|D:\\Projet Test Auto\\Mediabox Test Automation\\Reports\\20220623_184212\\03. Parallel Testing (Testing)\\TS -PT PART 3\\11 Tag SAS_Task_Full lifecycle\\20220623_184238\\1656019505481.png]]

2022-06-23 23:25:06 - [TEST_STEP][PASSED] - task11_apetit = I.Get_Task_No("//*[@id="kt_header"]/div/div[2]/div[1]/div[1]"): Text of object 'Object Repository/1. Constant/xpath' is: '2'

2022-06-23 23:25:07 - [MESSAGE][PASSED] - Text of object 'Object Repository/1. Constant/xpath' is: '2'

2022-06-23 23:25:07 - [TEST_STEP][PASSED] - verifyEqual(task11_apetit + 1, task10_apetit): Actual object '3' and expected object '3' are equal

2022-06-23 23:25:07 - [MESSAGE][PASSED] - Actual object '3' and expected object '3' are equal

2022-06-23 23:25:07 - [TEST_STEP][PASSED] - I.Logout(): Delayed 3 second(s)

2022-06-23 23:25:10 - [MESSAGE][PASSED] - Delayed 3 second(s)

2022-06-23 23:25:11 - [MESSAGE][PASSED] - Object: 'Object Repository/1. Constant/xpath' is clicked on

2022-06-23 23:25:14 - [MESSAGE][PASSED] - Delayed 3 second(s)

2022-06-23 23:25:17 - [MESSAGE][PASSED] - Object: 'Object Repository/1. Constant/xpath' is clicked on

2022-06-23 23:25:20 - [MESSAGE][PASSED] - Delayed 3 second(s)

2022-06-23 23:25:20 - [TEST_STEP][PASSED] - I.Login_password("jedun", password_jedun): Object: 'Object Repository/1. Constant/xpath' is clicked on

2022-06-23 23:25:23 - [MESSAGE][PASSED] - Text 'jedun' is set on object 'Object Repository/1. Constant/xpath'

2022-06-23 23:25:24 - [MESSAGE][PASSED] - Delayed 1 second(s)

2022-06-23 23:25:25 - [MESSAGE][PASSED] - Text 'dchi' is set on object 'Object Repository/1. Constant/xpath'

2022-06-23 23:25:26 - [MESSAGE][PASSED] - Delayed 1 second(s)

2022-06-23 23:25:31 - [MESSAGE][PASSED] - Object: 'Object Repository/1. Constant/xpath' is clicked on

2022-06-23 23:25:31 - [TEST_STEP][PASSED] - click(findTestObject("1. Constant/xpath", ["xpath":"//*[@id="menu_2"]/a"])): Object: 'Object Repository/1. Constant/xpath' is clicked on

2022-06-23 23:25:35 - [MESSAGE][PASSED] - Object: 'Object Repository/1. Constant/xpath' is clicked on

2022-06-23 23:25:35 - [TEST_STEP][PASSED] - I.SearchProjectNo_xpath(Project_No, "//*[@id="keynum_project"]", "//*[@id="form_filters"]/div[7]/button"): Delayed 5 second(s)

2022-06-23 23:25:36 - [MESSAGE][PASSED] - Delayed 1 second(s)

2022-06-23 23:25:38 - [MESSAGE][PASSED] - Text 'MI003409' is set on object 'Object Repository/1. Constant/xpath'

2022-06-23 23:25:41 - [MESSAGE][PASSED] - Delayed 3 second(s)

2022-06-23 23:25:41 - [MESSAGE][PASSED] - Scroll to object 'Object Repository/1. Constant/xpath' successfully

2022-06-23 23:25:48 - [MESSAGE][PASSED] - Object: 'Object Repository/1. Constant/xpath' is clicked on

2022-06-23 23:25:53 - [MESSAGE][PASSED] - Delayed 5 second(s)

2022-06-23 23:25:53 - [TEST_STEP][PASSED] - delay(1): Delayed 1 second(s)

2022-06-23 23:25:54 - [MESSAGE][PASSED] - Delayed 1 second(s)

2022-06-23 23:25:54 - [TEST_STEP][PASSED] - takeScreenshot(): Taking screenshot successfully

2022-06-23 23:25:56 - [MESSAGE][PASSED] - Taking screenshot successfully
[[ATTACHMENT|D:\\Projet Test Auto\\Mediabox Test Automation\\Reports\\20220623_184212\\03. Parallel Testing (Testing)\\TS -PT PART 3\\11 Tag SAS_Task_Full lifecycle\\20220623_184238\\1656019555410.png]]

2022-06-23 23:25:56 - [TEST_STEP][PASSED] - color3 = getCSSValue(findTestObject("1. Constant/xpath", ["xpath":"//*[@id="source_" + refID1 + ""]/td[17]/a[3]"]), "color", OPTIONAL): Get CSS 'color' value on 'Object Repository/1. Constant/xpath' successfully: 'rgba(255, 255, 255, 1)'.

2022-06-23 23:25:57 - [MESSAGE][PASSED] - Get CSS 'color' value on 'Object Repository/1. Constant/xpath' successfully: 'rgba(255, 255, 255, 1)'.

2022-06-23 23:25:57 - [TEST_STEP][PASSED] - while (color3 == "rgba(255, 255, 255, 1)"): null

2022-06-23 23:25:57 - [TEST_STEP][PASSED] - click(findTestObject("1. Constant/xpath", ["xpath":"//*[@id="source_" + refID1 + ""]/td[17]/a[3]"])): Object: 'Object Repository/1. Constant/xpath' is clicked on

2022-06-23 23:26:02 - [MESSAGE][PASSED] - Object: 'Object Repository/1. Constant/xpath' is clicked on

2022-06-23 23:26:02 - [TEST_STEP][PASSED] - takeScreenshot(): Taking screenshot successfully

2022-06-23 23:26:04 - [MESSAGE][PASSED] - Taking screenshot successfully
[[ATTACHMENT|D:\\Projet Test Auto\\Mediabox Test Automation\\Reports\\20220623_184212\\03. Parallel Testing (Testing)\\TS -PT PART 3\\11 Tag SAS_Task_Full lifecycle\\20220623_184238\\1656019563443.png]]

2022-06-23 23:26:04 - [TEST_STEP][PASSED] - I.UploadDoc_sendkey_Prod(findTestObject("1. Constant/xpath", ["xpath":"//*[@id="kt_body"]/input[2]"]), "D:\Upoad_File\Upload doc\testdata1.pdf", "testdata1.pdf"): Delayed 5 second(s)

2022-06-23 23:26:05 - [MESSAGE][PASSED] - Scroll to object 'Object Repository/1. Constant/xpath' successfully

2022-06-23 23:26:10 - [MESSAGE][PASSED] - Delayed 5 second(s)

2022-06-23 23:26:11 - [MESSAGE][PASSED] - File 'D:\Upoad_File\Upload doc\testdata1.pdf' sent to object: 'Object Repository/1. Constant/xpath'

2022-06-23 23:26:16 - [MESSAGE][PASSED] - Delayed 5 second(s)

2022-06-23 23:26:17 - [MESSAGE][PASSED] - Text 'testdata1.pdf' is present on page 

2022-06-23 23:26:22 - [MESSAGE][PASSED] - Delayed 5 second(s)

2022-06-23 23:26:27 - [MESSAGE][PASSED] - Delayed 5 second(s)

2022-06-23 23:26:27 - [TEST_STEP][PASSED] - takeScreenshot(): Taking screenshot successfully

2022-06-23 23:26:28 - [MESSAGE][PASSED] - Taking screenshot successfully
[[ATTACHMENT|D:\\Projet Test Auto\\Mediabox Test Automation\\Reports\\20220623_184212\\03. Parallel Testing (Testing)\\TS -PT PART 3\\11 Tag SAS_Task_Full lifecycle\\20220623_184238\\1656019588008.png]]

2022-06-23 23:26:28 - [TEST_STEP][PASSED] - delay(10): Delayed 10 second(s)

2022-06-23 23:26:38 - [MESSAGE][PASSED] - Delayed 10 second(s)

2022-06-23 23:26:38 - [TEST_STEP][PASSED] - I.click_button_javascript(findTestObject("Object Repository/HL Full Lifecycle/12 ReferncePage_Button_Updatensenddoc")): Execute JavaScript 'arguments[0].click()' successfully

2022-06-23 23:26:51 - [MESSAGE][PASSED] - Execute JavaScript 'arguments[0].click()' successfully

2022-06-23 23:26:51 - [TEST_STEP][PASSED] - delay(5): Delayed 5 second(s)

2022-06-23 23:26:56 - [MESSAGE][PASSED] - Delayed 5 second(s)

2022-06-23 23:26:56 - [TEST_STEP][PASSED] - if (verifyElementPresent(findTestObject("1. Constant/xpath", ["xpath":"//*[@id="source_" + refID1 + ""]/td[17]/a[3]"]), 10, OPTIONAL)): com.kms.katalon.core.webui.exception.WebElementNotFoundException: Web element with id: 'Object Repository/1. Constant/xpath' located by '//*[@id="source_24440"]/td[17]/a[3]' not found (Root cause: com.kms.katalon.core.exception.StepFailedException: com.kms.katalon.core.webui.exception.WebElementNotFoundException: Web element with id: 'Object Repository/1. Constant/xpath' located by '//*[@id="source_24440"]/td[17]/a[3]' not found
	at com.kms.katalon.core.webui.keyword.internal.WebUIKeywordMain.stepFailed(WebUIKeywordMain.groovy:64)
	at com.kms.katalon.core.webui.keyword.builtin.VerifyElementPresentKeyword$_verifyElementPresent_closure1.doCall(VerifyElementPresentKeyword.groovy:85)
	at com.kms.katalon.core.webui.keyword.builtin.VerifyElementPresentKeyword$_verifyElementPresent_closure1.call(VerifyElementPresentKeyword.groovy)
	at com.kms.katalon.core.webui.keyword.internal.WebUIKeywordMain.runKeyword(WebUIKeywordMain.groovy:20)
	at com.kms.katalon.core.webui.keyword.builtin.VerifyElementPresentKeyword.verifyElementPresent(VerifyElementPresentKeyword.groovy:92)
	at com.kms.katalon.core.webui.keyword.builtin.VerifyElementPresentKeyword.execute(VerifyElementPresentKeyword.groovy:68)
	at com.kms.katalon.core.keyword.internal.KeywordExecutor.executeKeywordForPlatform(KeywordExecutor.groovy:74)
	at com.kms.katalon.core.webui.keyword.WebUiBuiltInKeywords.verifyElementPresent(WebUiBuiltInKeywords.groovy:1448)
	at com.kms.katalon.core.webui.keyword.WebUiBuiltInKeywords$verifyElementPresent$17.call(Unknown Source)
	at 18.02 Tag full Lifecycle Daughter _Perform Task 18.01 P2.run(18.02 Tag full Lifecycle Daughter _Perform Task 18.01 P2:605)
	at com.kms.katalon.core.main.ScriptEngine.run(ScriptEngine.java:194)
	at com.kms.katalon.core.main.ScriptEngine.runScriptAsRawText(ScriptEngine.java:119)
	at com.kms.katalon.core.main.TestCaseExecutor.runScript(TestCaseExecutor.java:445)
	at com.kms.katalon.core.main.TestCaseExecutor.doExecute(TestCaseExecutor.java:436)
	at com.kms.katalon.core.main.TestCaseExecutor.processExecutionPhase(TestCaseExecutor.java:415)
	at com.kms.katalon.core.main.TestCaseExecutor.accessMainPhase(TestCaseExecutor.java:407)
	at com.kms.katalon.core.main.TestCaseExecutor.execute(TestCaseExecutor.java:284)
	at com.kms.katalon.core.common.CommonExecutor.accessTestCaseMainPhase(CommonExecutor.java:65)
	at com.kms.katalon.core.main.TestSuiteExecutor.accessTestSuiteMainPhase(TestSuiteExecutor.java:144)
	at com.kms.katalon.core.main.TestSuiteExecutor.execute(TestSuiteExecutor.java:106)
	at com.kms.katalon.core.main.TestCaseMain.startTestSuite(TestCaseMain.java:185)
	at com.kms.katalon.core.main.TestCaseMain$startTestSuite$0.call(Unknown Source)
	at TempTestSuite1656002558777.run(TempTestSuite1656002558777.groovy:36)
)

2022-06-23 23:27:07 - [MESSAGE][INFO] - Unable to find the element located by 'By.xpath: //*[@id="source_24440"]/td[17]/a[3]'. Please recheck the objects properties to make sure the desired element is located. 

2022-06-23 23:27:08 - [MESSAGE][WARNING] - com.kms.katalon.core.webui.exception.WebElementNotFoundException: Web element with id: 'Object Repository/1. Constant/xpath' located by '//*[@id="source_24440"]/td[17]/a[3]' not found (Root cause: com.kms.katalon.core.exception.StepFailedException: com.kms.katalon.core.webui.exception.WebElementNotFoundException: Web element with id: 'Object Repository/1. Constant/xpath' located by '//*[@id="source_24440"]/td[17]/a[3]' not found
	at com.kms.katalon.core.webui.keyword.internal.WebUIKeywordMain.stepFailed(WebUIKeywordMain.groovy:64)
	at com.kms.katalon.core.webui.keyword.builtin.VerifyElementPresentKeyword$_verifyElementPresent_closure1.doCall(VerifyElementPresentKeyword.groovy:85)
	at com.kms.katalon.core.webui.keyword.builtin.VerifyElementPresentKeyword$_verifyElementPresent_closure1.call(VerifyElementPresentKeyword.groovy)
	at com.kms.katalon.core.webui.keyword.internal.WebUIKeywordMain.runKeyword(WebUIKeywordMain.groovy:20)
	at com.kms.katalon.core.webui.keyword.builtin.VerifyElementPresentKeyword.verifyElementPresent(VerifyElementPresentKeyword.groovy:92)
	at com.kms.katalon.core.webui.keyword.builtin.VerifyElementPresentKeyword.execute(VerifyElementPresentKeyword.groovy:68)
	at com.kms.katalon.core.keyword.internal.KeywordExecutor.executeKeywordForPlatform(KeywordExecutor.groovy:74)
	at com.kms.katalon.core.webui.keyword.WebUiBuiltInKeywords.verifyElementPresent(WebUiBuiltInKeywords.groovy:1448)
	at com.kms.katalon.core.webui.keyword.WebUiBuiltInKeywords$verifyElementPresent$17.call(Unknown Source)
	at 18.02 Tag full Lifecycle Daughter _Perform Task 18.01 P2.run(18.02 Tag full Lifecycle Daughter _Perform Task 18.01 P2:605)
	at com.kms.katalon.core.main.ScriptEngine.run(ScriptEngine.java:194)
	at com.kms.katalon.core.main.ScriptEngine.runScriptAsRawText(ScriptEngine.java:119)
	at com.kms.katalon.core.main.TestCaseExecutor.runScript(TestCaseExecutor.java:445)
	at com.kms.katalon.core.main.TestCaseExecutor.doExecute(TestCaseExecutor.java:436)
	at com.kms.katalon.core.main.TestCaseExecutor.processExecutionPhase(TestCaseExecutor.java:415)
	at com.kms.katalon.core.main.TestCaseExecutor.accessMainPhase(TestCaseExecutor.java:407)
	at com.kms.katalon.core.main.TestCaseExecutor.execute(TestCaseExecutor.java:284)
	at com.kms.katalon.core.common.CommonExecutor.accessTestCaseMainPhase(CommonExecutor.java:65)
	at com.kms.katalon.core.main.TestSuiteExecutor.accessTestSuiteMainPhase(TestSuiteExecutor.java:144)
	at com.kms.katalon.core.main.TestSuiteExecutor.execute(TestSuiteExecutor.java:106)
	at com.kms.katalon.core.main.TestCaseMain.startTestSuite(TestCaseMain.java:185)
	at com.kms.katalon.core.main.TestCaseMain$startTestSuite$0.call(Unknown Source)
	at TempTestSuite1656002558777.run(TempTestSuite1656002558777.groovy:36)
)
[[ATTACHMENT|D:\\Projet Test Auto\\Mediabox Test Automation\\Reports\\20220623_184212\\03. Parallel Testing (Testing)\\TS -PT PART 3\\11 Tag SAS_Task_Full lifecycle\\20220623_184238\\1656019627357.png]]

2022-06-23 23:27:08 - [TEST_STEP][PASSED] - else: null

2022-06-23 23:27:08 - [TEST_STEP][PASSED] - color3 = "white": null

2022-06-23 23:27:08 - [TEST_STEP][PASSED] - takeScreenshot(): Taking screenshot successfully

2022-06-23 23:27:09 - [MESSAGE][PASSED] - Taking screenshot successfully
[[ATTACHMENT|D:\\Projet Test Auto\\Mediabox Test Automation\\Reports\\20220623_184212\\03. Parallel Testing (Testing)\\TS -PT PART 3\\11 Tag SAS_Task_Full lifecycle\\20220623_184238\\1656019628665.png]]

2022-06-23 23:27:09 - [TEST_STEP][PASSED] - click(findTestObject("1. Constant/xpath", ["xpath":"//*[@id="source_" + refID1 + ""]/td[8]/a"])): Object: 'Object Repository/1. Constant/xpath' is clicked on

2022-06-23 23:27:14 - [MESSAGE][PASSED] - Object: 'Object Repository/1. Constant/xpath' is clicked on

2022-06-23 23:27:14 - [TEST_STEP][PASSED] - delay(1): Delayed 1 second(s)

2022-06-23 23:27:15 - [MESSAGE][PASSED] - Delayed 1 second(s)

2022-06-23 23:27:15 - [TEST_STEP][PASSED] - click(findTestObject("1. Constant/xpath", ["xpath":"//*[@id="kt_content"]/div[3]/div/ul/li[2]/a"])): Object: 'Object Repository/1. Constant/xpath' is clicked on

2022-06-23 23:27:17 - [MESSAGE][PASSED] - Object: 'Object Repository/1. Constant/xpath' is clicked on

2022-06-23 23:27:17 - [TEST_STEP][PASSED] - delay(1): Delayed 1 second(s)

2022-06-23 23:27:18 - [MESSAGE][PASSED] - Delayed 1 second(s)

2022-06-23 23:27:18 - [TEST_STEP][PASSED] - takeScreenshot(): Taking screenshot successfully

2022-06-23 23:27:20 - [MESSAGE][PASSED] - Taking screenshot successfully
[[ATTACHMENT|D:\\Projet Test Auto\\Mediabox Test Automation\\Reports\\20220623_184212\\03. Parallel Testing (Testing)\\TS -PT PART 3\\11 Tag SAS_Task_Full lifecycle\\20220623_184238\\1656019639653.png]]

2022-06-23 23:27:20 - [TEST_STEP][PASSED] - delay(3): Delayed 3 second(s)

2022-06-23 23:27:23 - [MESSAGE][PASSED] - Delayed 3 second(s)

2022-06-23 23:27:23 - [TEST_STEP][PASSED] - click(findTestObject("1. Constant/xpath", ["xpath":"//*[@id="aff_doc_AW"]"])): Object: 'Object Repository/1. Constant/xpath' is clicked on

2022-06-23 23:27:23 - [MESSAGE][PASSED] - Object: 'Object Repository/1. Constant/xpath' is clicked on

2022-06-23 23:27:23 - [TEST_STEP][PASSED] - delay(3): Delayed 3 second(s)

2022-06-23 23:27:26 - [MESSAGE][PASSED] - Delayed 3 second(s)

2022-06-23 23:27:26 - [TEST_STEP][PASSED] - mouseOver(findTestObject("1. Constant/xpath", ["xpath":"//*[@id="level_apl_0"]/div[2]/div[2]/div[1]/div/div[1]/img"])): Object: 'Object Repository/1. Constant/xpath' is hovered

2022-06-23 23:27:27 - [MESSAGE][PASSED] - Object: 'Object Repository/1. Constant/xpath' is hovered

2022-06-23 23:27:27 - [TEST_STEP][PASSED] - click(findTestObject("1. Constant/xpath", ["xpath":"//*[@id="level_apl_0"]/div[2]/div[2]/div[1]/div/div[6]/a[2]/span"])): Object: 'Object Repository/1. Constant/xpath' is clicked on

2022-06-23 23:27:28 - [MESSAGE][PASSED] - Object: 'Object Repository/1. Constant/xpath' is clicked on

2022-06-23 23:27:28 - [TEST_STEP][PASSED] - delay(1): Delayed 1 second(s)

2022-06-23 23:27:29 - [MESSAGE][PASSED] - Delayed 1 second(s)

2022-06-23 23:27:29 - [TEST_STEP][PASSED] - click(findTestObject("1. Constant/xpath", ["xpath":"//*[@id="btn_appfor"]"])): Object: 'Object Repository/1. Constant/xpath' is clicked on

2022-06-23 23:27:38 - [MESSAGE][PASSED] - Object: 'Object Repository/1. Constant/xpath' is clicked on

2022-06-23 23:27:38 - [TEST_STEP][PASSED] - delay(3): Delayed 3 second(s)

2022-06-23 23:27:41 - [MESSAGE][PASSED] - Delayed 3 second(s)

2022-06-23 23:27:41 - [TEST_STEP][PASSED] - mouseOver(findTestObject("1. Constant/xpath", ["xpath":"//*[@id="level_apl_1"]/div[2]/div[2]/div[1]/div/div[1]/img"])): Object: 'Object Repository/1. Constant/xpath' is hovered

2022-06-23 23:27:42 - [MESSAGE][PASSED] - Object: 'Object Repository/1. Constant/xpath' is hovered

2022-06-23 23:27:42 - [TEST_STEP][PASSED] - click(findTestObject("1. Constant/xpath", ["xpath":"//*[@id="level_apl_1"]/div[2]/div[2]/div[1]/div/div[6]/a[2]/span"])): Object: 'Object Repository/1. Constant/xpath' is clicked on

2022-06-23 23:27:43 - [MESSAGE][PASSED] - Object: 'Object Repository/1. Constant/xpath' is clicked on

2022-06-23 23:27:43 - [TEST_STEP][PASSED] - delay(1): Delayed 1 second(s)

2022-06-23 23:27:44 - [MESSAGE][PASSED] - Delayed 1 second(s)

2022-06-23 23:27:44 - [TEST_STEP][PASSED] - I.click_button_javascriptS("//*[@id="btn_appfor"]"): Execute JavaScript 'arguments[0].click()' successfully

2022-06-23 23:27:53 - [MESSAGE][PASSED] - Execute JavaScript 'arguments[0].click()' successfully

2022-06-23 23:27:53 - [TEST_STEP][PASSED] - delay(3): Delayed 3 second(s)

2022-06-23 23:27:56 - [MESSAGE][PASSED] - Delayed 3 second(s)

2022-06-23 23:27:56 - [TEST_STEP][PASSED] - mouseOver(findTestObject("1. Constant/xpath", ["xpath":"//*[@id="level_apl_1"]/div[2]/div[2]/div[2]/div/div[1]/img"])): Object: 'Object Repository/1. Constant/xpath' is hovered

2022-06-23 23:27:57 - [MESSAGE][PASSED] - Object: 'Object Repository/1. Constant/xpath' is hovered

2022-06-23 23:27:57 - [TEST_STEP][PASSED] - click(findTestObject("1. Constant/xpath", ["xpath":"//*[@id="level_apl_1"]/div[2]/div[2]/div[2]/div/div[6]/a[2]/span"])): Object: 'Object Repository/1. Constant/xpath' is clicked on

2022-06-23 23:27:59 - [MESSAGE][PASSED] - Object: 'Object Repository/1. Constant/xpath' is clicked on

2022-06-23 23:27:59 - [TEST_STEP][PASSED] - delay(1): Delayed 1 second(s)

2022-06-23 23:28:00 - [MESSAGE][PASSED] - Delayed 1 second(s)

2022-06-23 23:28:00 - [TEST_STEP][PASSED] - I.click_button_javascriptS("//*[@id="btn_appfor"]"): Execute JavaScript 'arguments[0].click()' successfully

2022-06-23 23:28:07 - [MESSAGE][PASSED] - Execute JavaScript 'arguments[0].click()' successfully

2022-06-23 23:28:07 - [TEST_STEP][PASSED] - I.Logout(): Delayed 3 second(s)

2022-06-23 23:28:10 - [MESSAGE][PASSED] - Delayed 3 second(s)

2022-06-23 23:28:11 - [MESSAGE][PASSED] - Object: 'Object Repository/1. Constant/xpath' is clicked on

2022-06-23 23:28:14 - [MESSAGE][PASSED] - Delayed 3 second(s)

2022-06-23 23:28:17 - [MESSAGE][PASSED] - Object: 'Object Repository/1. Constant/xpath' is clicked on

2022-06-23 23:28:20 - [MESSAGE][PASSED] - Delayed 3 second(s)

2022-06-23 23:28:20 - [TEST_STEP][PASSED] - I.Login_password("apetit", password_apetit): Object: 'Object Repository/1. Constant/xpath' is clicked on

2022-06-23 23:28:21 - [MESSAGE][PASSED] - Text 'apetit' is set on object 'Object Repository/1. Constant/xpath'

2022-06-23 23:28:22 - [MESSAGE][PASSED] - Delayed 1 second(s)

2022-06-23 23:28:26 - [MESSAGE][PASSED] - Text 'dchi' is set on object 'Object Repository/1. Constant/xpath'

2022-06-23 23:28:27 - [MESSAGE][PASSED] - Delayed 1 second(s)

2022-06-23 23:28:31 - [MESSAGE][PASSED] - Object: 'Object Repository/1. Constant/xpath' is clicked on

2022-06-23 23:28:31 - [TEST_STEP][PASSED] - takeScreenshot(): Taking screenshot successfully

2022-06-23 23:28:32 - [MESSAGE][PASSED] - Taking screenshot successfully
[[ATTACHMENT|D:\\Projet Test Auto\\Mediabox Test Automation\\Reports\\20220623_184212\\03. Parallel Testing (Testing)\\TS -PT PART 3\\11 Tag SAS_Task_Full lifecycle\\20220623_184238\\1656019711964.png]]

2022-06-23 23:28:32 - [TEST_STEP][PASSED] - task20_apetit = I.Get_Task_No("//*[@id="kt_header"]/div/div[2]/div[1]/div[1]"): Text of object 'Object Repository/1. Constant/xpath' is: '3'

2022-06-23 23:28:33 - [MESSAGE][PASSED] - Text of object 'Object Repository/1. Constant/xpath' is: '3'

2022-06-23 23:28:33 - [TEST_STEP][PASSED] - click(findTestObject("1. Constant/xpath", ["xpath":"//*[@id="menu_2"]/a"])): Object: 'Object Repository/1. Constant/xpath' is clicked on

2022-06-23 23:28:40 - [MESSAGE][PASSED] - Object: 'Object Repository/1. Constant/xpath' is clicked on

2022-06-23 23:28:40 - [TEST_STEP][PASSED] - I.SearchProjectNo_xpath(Project_No, "//*[@id="keynum_project"]", "//*[@id="form_filters"]/div[8]/button"): Delayed 5 second(s)

2022-06-23 23:28:41 - [MESSAGE][PASSED] - Delayed 1 second(s)

2022-06-23 23:28:43 - [MESSAGE][PASSED] - Text 'MI003409' is set on object 'Object Repository/1. Constant/xpath'

2022-06-23 23:28:46 - [MESSAGE][PASSED] - Delayed 3 second(s)

2022-06-23 23:28:46 - [MESSAGE][PASSED] - Scroll to object 'Object Repository/1. Constant/xpath' successfully

2022-06-23 23:28:53 - [MESSAGE][PASSED] - Object: 'Object Repository/1. Constant/xpath' is clicked on

2022-06-23 23:28:58 - [MESSAGE][PASSED] - Delayed 5 second(s)

2022-06-23 23:28:58 - [TEST_STEP][PASSED] - delay(1): Delayed 1 second(s)

2022-06-23 23:28:59 - [MESSAGE][PASSED] - Delayed 1 second(s)

2022-06-23 23:28:59 - [TEST_STEP][PASSED] - takeScreenshot(): Taking screenshot successfully

2022-06-23 23:29:01 - [MESSAGE][PASSED] - Taking screenshot successfully
[[ATTACHMENT|D:\\Projet Test Auto\\Mediabox Test Automation\\Reports\\20220623_184212\\03. Parallel Testing (Testing)\\TS -PT PART 3\\11 Tag SAS_Task_Full lifecycle\\20220623_184238\\1656019739998.png]]

2022-06-23 23:29:01 - [TEST_STEP][PASSED] - delay(1): Delayed 1 second(s)

2022-06-23 23:29:02 - [MESSAGE][PASSED] - Delayed 1 second(s)

2022-06-23 23:29:02 - [TEST_STEP][PASSED] - click(findTestObject("1. Constant/xpath", ["xpath":"//*[@id="source_" + refID1 + ""]/td[15]/a[1]"])): Object: 'Object Repository/1. Constant/xpath' is clicked on

2022-06-23 23:29:07 - [MESSAGE][PASSED] - Object: 'Object Repository/1. Constant/xpath' is clicked on

2022-06-23 23:29:07 - [TEST_STEP][PASSED] - waitForPageLoad(5): Wait for page load successfully

2022-06-23 23:29:11 - [MESSAGE][PASSED] - Wait for page load successfully

2022-06-23 23:29:11 - [TEST_STEP][PASSED] - mouseOver(findTestObject("Object Repository/HL Full Lifecycle/Function_access Viewer2")): Object: 'Object Repository/HL Full Lifecycle/Function_access Viewer2' is hovered

2022-06-23 23:29:13 - [MESSAGE][PASSED] - Object: 'Object Repository/HL Full Lifecycle/Function_access Viewer2' is hovered

2022-06-23 23:29:13 - [TEST_STEP][PASSED] - delay(2): Delayed 2 second(s)

2022-06-23 23:29:15 - [MESSAGE][PASSED] - Delayed 2 second(s)

2022-06-23 23:29:15 - [TEST_STEP][PASSED] - click(findTestObject("Object Repository/HL Full Lifecycle/Function_access Viewer2")): Object: 'Object Repository/HL Full Lifecycle/Function_access Viewer2' is clicked on

2022-06-23 23:29:16 - [MESSAGE][PASSED] - Object: 'Object Repository/HL Full Lifecycle/Function_access Viewer2' is clicked on

2022-06-23 23:29:16 - [TEST_STEP][PASSED] - delay(1): Delayed 1 second(s)

2022-06-23 23:29:17 - [MESSAGE][PASSED] - Delayed 1 second(s)

2022-06-23 23:29:17 - [TEST_STEP][PASSED] - takeScreenshot(): Taking screenshot successfully

2022-06-23 23:29:20 - [MESSAGE][PASSED] - Taking screenshot successfully
[[ATTACHMENT|D:\\Projet Test Auto\\Mediabox Test Automation\\Reports\\20220623_184212\\03. Parallel Testing (Testing)\\TS -PT PART 3\\11 Tag SAS_Task_Full lifecycle\\20220623_184238\\1656019758824.png]]

2022-06-23 23:29:20 - [TEST_STEP][PASSED] - click(findTestObject("1. Constant/xpath", ["xpath":"//*[@id="BtnapproveButton"]"])): Object: 'Object Repository/1. Constant/xpath' is clicked on

2022-06-23 23:29:21 - [MESSAGE][PASSED] - Object: 'Object Repository/1. Constant/xpath' is clicked on

2022-06-23 23:29:21 - [TEST_STEP][PASSED] - delay(5): Delayed 5 second(s)

2022-06-23 23:29:26 - [MESSAGE][PASSED] - Delayed 5 second(s)

2022-06-23 23:29:26 - [TEST_STEP][PASSED] - setText(findTestObject("1. Constant/xpath", ["xpath":"//*[@id="var_68"]"]), "200192562A"): Text '200192562A' is set on object 'Object Repository/1. Constant/xpath'

2022-06-23 23:29:27 - [MESSAGE][PASSED] - Text '200192562A' is set on object 'Object Repository/1. Constant/xpath'

2022-06-23 23:29:27 - [TEST_STEP][PASSED] - delay(3): Delayed 3 second(s)

2022-06-23 23:29:30 - [MESSAGE][PASSED] - Delayed 3 second(s)

2022-06-23 23:29:30 - [TEST_STEP][PASSED] - click(findTestObject("1. Constant/xpath", ["xpath":"//*[@id="approveButton"]"])): Object: 'Object Repository/1. Constant/xpath' is clicked on

2022-06-23 23:29:41 - [MESSAGE][PASSED] - Object: 'Object Repository/1. Constant/xpath' is clicked on

2022-06-23 23:29:41 - [TEST_STEP][PASSED] - takeScreenshot(): Taking screenshot successfully

2022-06-23 23:29:41 - [MESSAGE][PASSED] - Taking screenshot successfully
[[ATTACHMENT|D:\\Projet Test Auto\\Mediabox Test Automation\\Reports\\20220623_184212\\03. Parallel Testing (Testing)\\TS -PT PART 3\\11 Tag SAS_Task_Full lifecycle\\20220623_184238\\1656019781233.png]]

2022-06-23 23:29:41 - [TEST_STEP][PASSED] - task21_apetit = I.Get_Task_No("//*[@id="kt_header"]/div/div[2]/div[1]/div[1]"): Text of object 'Object Repository/1. Constant/xpath' is: '2'

2022-06-23 23:29:41 - [MESSAGE][PASSED] - Text of object 'Object Repository/1. Constant/xpath' is: '2'

2022-06-23 23:29:41 - [TEST_STEP][PASSED] - verifyEqual(task21_apetit + 1, task20_apetit): Actual object '3' and expected object '3' are equal

2022-06-23 23:29:41 - [MESSAGE][PASSED] - Actual object '3' and expected object '3' are equal

2022-06-23 23:29:41 - [TEST_STEP][PASSED] - I.Logout(): Delayed 3 second(s)

2022-06-23 23:29:44 - [MESSAGE][PASSED] - Delayed 3 second(s)

2022-06-23 23:29:45 - [MESSAGE][PASSED] - Object: 'Object Repository/1. Constant/xpath' is clicked on

2022-06-23 23:29:48 - [MESSAGE][PASSED] - Delayed 3 second(s)

2022-06-23 23:29:54 - [MESSAGE][PASSED] - Object: 'Object Repository/1. Constant/xpath' is clicked on

2022-06-23 23:29:57 - [MESSAGE][PASSED] - Delayed 3 second(s)

2022-06-23 23:29:57 - [TEST_STEP][PASSED] - I.Login_password("jedun", password_jedun): Object: 'Object Repository/1. Constant/xpath' is clicked on

2022-06-23 23:30:01 - [MESSAGE][PASSED] - Text 'jedun' is set on object 'Object Repository/1. Constant/xpath'

2022-06-23 23:30:02 - [MESSAGE][PASSED] - Delayed 1 second(s)

2022-06-23 23:30:03 - [MESSAGE][PASSED] - Text 'dchi' is set on object 'Object Repository/1. Constant/xpath'

2022-06-23 23:30:04 - [MESSAGE][PASSED] - Delayed 1 second(s)

2022-06-23 23:30:08 - [MESSAGE][PASSED] - Object: 'Object Repository/1. Constant/xpath' is clicked on

2022-06-23 23:30:08 - [TEST_STEP][PASSED] - click(findTestObject("1. Constant/xpath", ["xpath":"//*[@id="menu_2"]/a"])): Object: 'Object Repository/1. Constant/xpath' is clicked on

2022-06-23 23:30:14 - [MESSAGE][PASSED] - Object: 'Object Repository/1. Constant/xpath' is clicked on

2022-06-23 23:30:14 - [TEST_STEP][PASSED] - I.SearchProjectNo_xpath(Project_No, "//*[@id="keynum_project"]", "//*[@id="form_filters"]/div[7]/button"): Delayed 5 second(s)

2022-06-23 23:30:15 - [MESSAGE][PASSED] - Delayed 1 second(s)

2022-06-23 23:30:16 - [MESSAGE][PASSED] - Text 'MI003409' is set on object 'Object Repository/1. Constant/xpath'

2022-06-23 23:30:19 - [MESSAGE][PASSED] - Delayed 3 second(s)

2022-06-23 23:30:20 - [MESSAGE][PASSED] - Scroll to object 'Object Repository/1. Constant/xpath' successfully

2022-06-23 23:30:26 - [MESSAGE][PASSED] - Object: 'Object Repository/1. Constant/xpath' is clicked on

2022-06-23 23:30:31 - [MESSAGE][PASSED] - Delayed 5 second(s)

2022-06-23 23:30:31 - [TEST_STEP][PASSED] - delay(1): Delayed 1 second(s)

2022-06-23 23:30:32 - [MESSAGE][PASSED] - Delayed 1 second(s)

2022-06-23 23:30:32 - [TEST_STEP][PASSED] - takeScreenshot(): Taking screenshot successfully

2022-06-23 23:30:33 - [MESSAGE][PASSED] - Taking screenshot successfully
[[ATTACHMENT|D:\\Projet Test Auto\\Mediabox Test Automation\\Reports\\20220623_184212\\03. Parallel Testing (Testing)\\TS -PT PART 3\\11 Tag SAS_Task_Full lifecycle\\20220623_184238\\1656019832505.png]]

2022-06-23 23:30:33 - [TEST_STEP][PASSED] - click(findTestObject("1. Constant/xpath", ["xpath":"//*[@id="source_" + refID1 + ""]/td[17]/a[3]"])): Object: 'Object Repository/1. Constant/xpath' is clicked on

2022-06-23 23:30:39 - [MESSAGE][PASSED] - Object: 'Object Repository/1. Constant/xpath' is clicked on

2022-06-23 23:30:39 - [TEST_STEP][PASSED] - I.UploadDoc_sendkey_field("//*[@id="var_181"]", "D:\Upoad_File\Upload doc\testdata1.pdf", "testdata1.pdf"): Text 'testdata1.pdf' is present on page 

2022-06-23 23:30:41 - [MESSAGE][PASSED] - Delayed 2 second(s)

2022-06-23 23:30:41 - [MESSAGE][PASSED] - Keys 'D:\Upoad_File\Upload doc\testdata1.pdf' sent to object: 'Object Repository/1. Constant/xpath'

2022-06-23 23:30:42 - [MESSAGE][PASSED] - Text 'testdata1.pdf' is present on page 

2022-06-23 23:30:42 - [TEST_STEP][PASSED] - click(findTestObject("1. Constant/xpath", ["xpath":"//*[@id="ModifFiche"]/div[3]/div/button[2]"])): Object: 'Object Repository/1. Constant/xpath' is clicked on

2022-06-23 23:30:53 - [MESSAGE][PASSED] - Object: 'Object Repository/1. Constant/xpath' is clicked on

2022-06-23 23:30:53 - [TEST_STEP][PASSED] - takeScreenshot(): Taking screenshot successfully

2022-06-23 23:30:54 - [MESSAGE][PASSED] - Taking screenshot successfully
[[ATTACHMENT|D:\\Projet Test Auto\\Mediabox Test Automation\\Reports\\20220623_184212\\03. Parallel Testing (Testing)\\TS -PT PART 3\\11 Tag SAS_Task_Full lifecycle\\20220623_184238\\1656019853848.png]]

2022-06-23 23:30:54 - [TEST_STEP][PASSED] - I.Logout(): Delayed 3 second(s)

2022-06-23 23:30:57 - [MESSAGE][PASSED] - Delayed 3 second(s)

2022-06-23 23:30:58 - [MESSAGE][PASSED] - Object: 'Object Repository/1. Constant/xpath' is clicked on

2022-06-23 23:31:01 - [MESSAGE][PASSED] - Delayed 3 second(s)

2022-06-23 23:31:04 - [MESSAGE][PASSED] - Object: 'Object Repository/1. Constant/xpath' is clicked on

2022-06-23 23:31:07 - [MESSAGE][PASSED] - Delayed 3 second(s)

2022-06-23 23:31:07 - [TEST_STEP][PASSED] - I.Login_password("mcazeaux", password_mcazeaux): Object: 'Object Repository/1. Constant/xpath' is clicked on

2022-06-23 23:31:09 - [MESSAGE][PASSED] - Text 'mcazeaux' is set on object 'Object Repository/1. Constant/xpath'

2022-06-23 23:31:10 - [MESSAGE][PASSED] - Delayed 1 second(s)

2022-06-23 23:31:12 - [MESSAGE][PASSED] - Text 'dchi' is set on object 'Object Repository/1. Constant/xpath'

2022-06-23 23:31:13 - [MESSAGE][PASSED] - Delayed 1 second(s)

2022-06-23 23:31:20 - [MESSAGE][PASSED] - Object: 'Object Repository/1. Constant/xpath' is clicked on

2022-06-23 23:31:20 - [TEST_STEP][PASSED] - task31_aomoto = I.Get_Task_No("//*[@id="kt_header"]/div/div[2]/div[1]/div[1]"): Text of object 'Object Repository/1. Constant/xpath' is: '13'

2022-06-23 23:31:21 - [MESSAGE][PASSED] - Text of object 'Object Repository/1. Constant/xpath' is: '13'

2022-06-23 23:31:21 - [TEST_STEP][PASSED] - click(findTestObject("1. Constant/xpath", ["xpath":"//*[@id="kt_header"]/div/div[2]/div[1]/div[1]/div"])): Object: 'Object Repository/1. Constant/xpath' is clicked on

2022-06-23 23:31:21 - [MESSAGE][PASSED] - Object: 'Object Repository/1. Constant/xpath' is clicked on

2022-06-23 23:31:21 - [TEST_STEP][PASSED] - delay(1): Delayed 1 second(s)

2022-06-23 23:31:22 - [MESSAGE][PASSED] - Delayed 1 second(s)

2022-06-23 23:31:22 - [TEST_STEP][PASSED] - click(findTestObject("1. Constant/xpath", ["xpath":"//*[@id="kt_header"]/div/div[2]/div[1]/div[2]/form/div[3]/a"])): Object: 'Object Repository/1. Constant/xpath' is clicked on

2022-06-23 23:31:25 - [MESSAGE][PASSED] - Object: 'Object Repository/1. Constant/xpath' is clicked on

2022-06-23 23:31:25 - [TEST_STEP][PASSED] - delay(1): Delayed 1 second(s)

2022-06-23 23:31:26 - [MESSAGE][PASSED] - Delayed 1 second(s)

2022-06-23 23:31:26 - [TEST_STEP][PASSED] - takeScreenshot(): Taking screenshot successfully

2022-06-23 23:31:27 - [MESSAGE][PASSED] - Taking screenshot successfully
[[ATTACHMENT|D:\\Projet Test Auto\\Mediabox Test Automation\\Reports\\20220623_184212\\03. Parallel Testing (Testing)\\TS -PT PART 3\\11 Tag SAS_Task_Full lifecycle\\20220623_184238\\1656019886916.png]]

2022-06-23 23:31:27 - [TEST_STEP][PASSED] - I.SelectFromList_Value("//*[@id="kt_content"]/div[3]/div/div/div[1]/div[1]/div/form/select", "250"): Delayed 2 second(s)

2022-06-23 23:31:30 - [MESSAGE][PASSED] - All options with value '250' are selected in object 'Object Repository/1. Constant/xpath' 

2022-06-23 23:31:32 - [MESSAGE][PASSED] - Delayed 2 second(s)

2022-06-23 23:31:32 - [TEST_STEP][PASSED] - delay(1): Delayed 1 second(s)

2022-06-23 23:31:33 - [MESSAGE][PASSED] - Delayed 1 second(s)

2022-06-23 23:31:33 - [TEST_STEP][PASSED] - l = 1: null

2022-06-23 23:31:33 - [TEST_STEP][PASSED] - while (l <= task31_aomoto): null

2022-06-23 23:31:33 - [TEST_STEP][PASSED] - resulta = getText(findTestObject("1. Constant/xpath", ["xpath":"/html/body/div[1]/div[2]/div[8]/div[3]/div/div/div[2]/div/table/tbody/tr[" + l + "]"])): Text of object 'Object Repository/1. Constant/xpath' is: 'Please UPLOAD Repro document COLOR_RICHE_VOLUME_MATTE_INTENSE_FG_Label others_2GR__Bilingual_EN_FR_DE_IT_ES_260_3612622893808_ (Project: MI001424) 13/07/2021 Upload repro (document)'

2022-06-23 23:31:33 - [MESSAGE][PASSED] - Text of object 'Object Repository/1. Constant/xpath' is: 'Please UPLOAD Repro document COLOR_RICHE_VOLUME_MATTE_INTENSE_FG_Label others_2GR__Bilingual_EN_FR_DE_IT_ES_260_3612622893808_ (Project: MI001424) 13/07/2021 Upload repro (document)'

2022-06-23 23:31:33 - [TEST_STEP][PASSED] - if (resulta.contains(Project_No)): null

2022-06-23 23:31:33 - [TEST_STEP][PASSED] - else: null

2022-06-23 23:31:33 - [TEST_STEP][PASSED] - l = l + 1: null

2022-06-23 23:31:33 - [TEST_STEP][PASSED] - resulta = getText(findTestObject("1. Constant/xpath", ["xpath":"/html/body/div[1]/div[2]/div[8]/div[3]/div/div/div[2]/div/table/tbody/tr[" + l + "]"])): Text of object 'Object Repository/1. Constant/xpath' is: 'Please UPLOAD Repro document COLOR_RICHE_VOLUME_MATTE_INTENSE_FG_Label others_2GR__Bilingual_FR_DE_EN_IT_ES_260_3612622893822_ (Project: MI001424) 13/07/2021 Upload repro (document)'

2022-06-23 23:31:34 - [MESSAGE][PASSED] - Text of object 'Object Repository/1. Constant/xpath' is: 'Please UPLOAD Repro document COLOR_RICHE_VOLUME_MATTE_INTENSE_FG_Label others_2GR__Bilingual_FR_DE_EN_IT_ES_260_3612622893822_ (Project: MI001424) 13/07/2021 Upload repro (document)'

2022-06-23 23:31:34 - [TEST_STEP][PASSED] - if (resulta.contains(Project_No)): null

2022-06-23 23:31:34 - [TEST_STEP][PASSED] - else: null

2022-06-23 23:31:34 - [TEST_STEP][PASSED] - l = l + 1: null

2022-06-23 23:31:34 - [TEST_STEP][PASSED] - resulta = getText(findTestObject("1. Constant/xpath", ["xpath":"/html/body/div[1]/div[2]/div[8]/div[3]/div/div/div[2]/div/table/tbody/tr[" + l + "]"])): Text of object 'Object Repository/1. Constant/xpath' is: 'Please UPLOAD Repro document COLOR_RICHE_VOLUME_MATTE_INTENSE_FG_Label others_2GR__Bilingual_EN_FR_DE_IT_ES_260_3612622911885_ (Project: MI001424) 13/07/2021 Upload repro (document)'

2022-06-23 23:31:35 - [MESSAGE][PASSED] - Text of object 'Object Repository/1. Constant/xpath' is: 'Please UPLOAD Repro document COLOR_RICHE_VOLUME_MATTE_INTENSE_FG_Label others_2GR__Bilingual_EN_FR_DE_IT_ES_260_3612622911885_ (Project: MI001424) 13/07/2021 Upload repro (document)'

2022-06-23 23:31:35 - [TEST_STEP][PASSED] - if (resulta.contains(Project_No)): null

2022-06-23 23:31:35 - [TEST_STEP][PASSED] - else: null

2022-06-23 23:31:35 - [TEST_STEP][PASSED] - l = l + 1: null

2022-06-23 23:31:35 - [TEST_STEP][PASSED] - resulta = getText(findTestObject("1. Constant/xpath", ["xpath":"/html/body/div[1]/div[2]/div[8]/div[3]/div/div/div[2]/div/table/tbody/tr[" + l + "]"])): Text of object 'Object Repository/1. Constant/xpath' is: 'Please UPLOAD Repro document COLOR_RICHE_VOLUME_MATTE_INTENSE_FG_Label others_2GR__Bilingual_EN_FR_DE_IT_ES_260_3612622893839_ (Project: MI001424) 13/07/2021 Upload repro (document)'

2022-06-23 23:31:35 - [MESSAGE][PASSED] - Text of object 'Object Repository/1. Constant/xpath' is: 'Please UPLOAD Repro document COLOR_RICHE_VOLUME_MATTE_INTENSE_FG_Label others_2GR__Bilingual_EN_FR_DE_IT_ES_260_3612622893839_ (Project: MI001424) 13/07/2021 Upload repro (document)'

2022-06-23 23:31:35 - [TEST_STEP][PASSED] - if (resulta.contains(Project_No)): null

2022-06-23 23:31:35 - [TEST_STEP][PASSED] - else: null

2022-06-23 23:31:35 - [TEST_STEP][PASSED] - l = l + 1: null

2022-06-23 23:31:35 - [TEST_STEP][PASSED] - resulta = getText(findTestObject("1. Constant/xpath", ["xpath":"/html/body/div[1]/div[2]/div[8]/div[3]/div/div/div[2]/div/table/tbody/tr[" + l + "]"])): Text of object 'Object Repository/1. Constant/xpath' is: 'Please UPLOAD Repro document COLOR_RICHE_VOLUME_MATTE_INTENSE_FG_Label others_2GR__Bilingual_EN_FR_DE_IT_ES_260_3612622911878_ (Project: MI001424) 13/07/2021 Upload repro (document)'

2022-06-23 23:31:36 - [MESSAGE][PASSED] - Text of object 'Object Repository/1. Constant/xpath' is: 'Please UPLOAD Repro document COLOR_RICHE_VOLUME_MATTE_INTENSE_FG_Label others_2GR__Bilingual_EN_FR_DE_IT_ES_260_3612622911878_ (Project: MI001424) 13/07/2021 Upload repro (document)'

2022-06-23 23:31:36 - [TEST_STEP][PASSED] - if (resulta.contains(Project_No)): null

2022-06-23 23:31:36 - [TEST_STEP][PASSED] - else: null

2022-06-23 23:31:36 - [TEST_STEP][PASSED] - l = l + 1: null

2022-06-23 23:31:36 - [TEST_STEP][PASSED] - resulta = getText(findTestObject("1. Constant/xpath", ["xpath":"/html/body/div[1]/div[2]/div[8]/div[3]/div/div/div[2]/div/table/tbody/tr[" + l + "]"])): Text of object 'Object Repository/1. Constant/xpath' is: 'Please UPLOAD Repro document COLOR_RICHE_VOLUME_MATTE_INTENSE_FG_Label others_2GR__Bilingual_EN_FR_DE_IT_ES_260_3612622893891_ (Project: MI001424) 13/07/2021 Upload repro (document)'

2022-06-23 23:31:36 - [MESSAGE][PASSED] - Text of object 'Object Repository/1. Constant/xpath' is: 'Please UPLOAD Repro document COLOR_RICHE_VOLUME_MATTE_INTENSE_FG_Label others_2GR__Bilingual_EN_FR_DE_IT_ES_260_3612622893891_ (Project: MI001424) 13/07/2021 Upload repro (document)'

2022-06-23 23:31:36 - [TEST_STEP][PASSED] - if (resulta.contains(Project_No)): null

2022-06-23 23:31:36 - [TEST_STEP][PASSED] - else: null

2022-06-23 23:31:36 - [TEST_STEP][PASSED] - l = l + 1: null

2022-06-23 23:31:36 - [TEST_STEP][PASSED] - resulta = getText(findTestObject("1. Constant/xpath", ["xpath":"/html/body/div[1]/div[2]/div[8]/div[3]/div/div/div[2]/div/table/tbody/tr[" + l + "]"])): Text of object 'Object Repository/1. Constant/xpath' is: 'Please UPLOAD Repro document COLOR_RICHE_VOLUME_MATTE_INTENSE_FG_Label others_2GR__Bilingual_EN_FR_DE_IT_ES_260_3612622893884_ (Project: MI001424) 13/07/2021 Upload repro (document)'

2022-06-23 23:31:37 - [MESSAGE][PASSED] - Text of object 'Object Repository/1. Constant/xpath' is: 'Please UPLOAD Repro document COLOR_RICHE_VOLUME_MATTE_INTENSE_FG_Label others_2GR__Bilingual_EN_FR_DE_IT_ES_260_3612622893884_ (Project: MI001424) 13/07/2021 Upload repro (document)'

2022-06-23 23:31:37 - [TEST_STEP][PASSED] - if (resulta.contains(Project_No)): null

2022-06-23 23:31:37 - [TEST_STEP][PASSED] - else: null

2022-06-23 23:31:37 - [TEST_STEP][PASSED] - l = l + 1: null

2022-06-23 23:31:37 - [TEST_STEP][PASSED] - resulta = getText(findTestObject("1. Constant/xpath", ["xpath":"/html/body/div[1]/div[2]/div[8]/div[3]/div/div/div[2]/div/table/tbody/tr[" + l + "]"])): Text of object 'Object Repository/1. Constant/xpath' is: 'Please UPLOAD Repro document COLOR_RICHE_VOLUME_MATTE_INTENSE_FG_Label others_2GR__Bilingual_EN_FR_DE_IT_ES_260_3612622893877_ (Project: MI001424) 13/07/2021 Upload repro (document)'

2022-06-23 23:31:38 - [MESSAGE][PASSED] - Text of object 'Object Repository/1. Constant/xpath' is: 'Please UPLOAD Repro document COLOR_RICHE_VOLUME_MATTE_INTENSE_FG_Label others_2GR__Bilingual_EN_FR_DE_IT_ES_260_3612622893877_ (Project: MI001424) 13/07/2021 Upload repro (document)'

2022-06-23 23:31:38 - [TEST_STEP][PASSED] - if (resulta.contains(Project_No)): null

2022-06-23 23:31:38 - [TEST_STEP][PASSED] - else: null

2022-06-23 23:31:38 - [TEST_STEP][PASSED] - l = l + 1: null

2022-06-23 23:31:38 - [TEST_STEP][PASSED] - resulta = getText(findTestObject("1. Constant/xpath", ["xpath":"/html/body/div[1]/div[2]/div[8]/div[3]/div/div/div[2]/div/table/tbody/tr[" + l + "]"])): Text of object 'Object Repository/1. Constant/xpath' is: 'Please UPLOAD Repro document COLOR_RICHE_VOLUME_MATTE_INTENSE_FG_Label others_2GR__Bilingual_EN_DE_IT_ES_FR_260_3612622893846_ (Project: MI001424) 13/07/2021 Upload repro (document)'

2022-06-23 23:31:38 - [MESSAGE][PASSED] - Text of object 'Object Repository/1. Constant/xpath' is: 'Please UPLOAD Repro document COLOR_RICHE_VOLUME_MATTE_INTENSE_FG_Label others_2GR__Bilingual_EN_DE_IT_ES_FR_260_3612622893846_ (Project: MI001424) 13/07/2021 Upload repro (document)'

2022-06-23 23:31:38 - [TEST_STEP][PASSED] - if (resulta.contains(Project_No)): null

2022-06-23 23:31:38 - [TEST_STEP][PASSED] - else: null

2022-06-23 23:31:38 - [TEST_STEP][PASSED] - l = l + 1: null

2022-06-23 23:31:38 - [TEST_STEP][PASSED] - resulta = getText(findTestObject("1. Constant/xpath", ["xpath":"/html/body/div[1]/div[2]/div[8]/div[3]/div/div/div[2]/div/table/tbody/tr[" + l + "]"])): Text of object 'Object Repository/1. Constant/xpath' is: 'Please UPLOAD Repro document COLOR_RICHE_VOLUME_MATTE_INTENSE_FG_Label others_2GR__Bilingual_FR_DE_IT_ES_EN_260_3612622893853_ (Project: MI001424) 13/07/2021 Upload repro (document)'

2022-06-23 23:31:39 - [MESSAGE][PASSED] - Text of object 'Object Repository/1. Constant/xpath' is: 'Please UPLOAD Repro document COLOR_RICHE_VOLUME_MATTE_INTENSE_FG_Label others_2GR__Bilingual_FR_DE_IT_ES_EN_260_3612622893853_ (Project: MI001424) 13/07/2021 Upload repro (document)'

2022-06-23 23:31:39 - [TEST_STEP][PASSED] - if (resulta.contains(Project_No)): null

2022-06-23 23:31:39 - [TEST_STEP][PASSED] - else: null

2022-06-23 23:31:39 - [TEST_STEP][PASSED] - l = l + 1: null

2022-06-23 23:31:39 - [TEST_STEP][PASSED] - resulta = getText(findTestObject("1. Constant/xpath", ["xpath":"/html/body/div[1]/div[2]/div[8]/div[3]/div/div/div[2]/div/table/tbody/tr[" + l + "]"])): Text of object 'Object Repository/1. Constant/xpath' is: 'Please UPLOAD Repro document COLOR_RICHE_VOLUME_MATTE_INTENSE_FG_Label others_2GR__Bilingual_EN_FR_DE_IT_ES_260_3612622893860_ (Project: MI001424) 13/07/2021 Upload repro (document)'

2022-06-23 23:31:39 - [MESSAGE][PASSED] - Text of object 'Object Repository/1. Constant/xpath' is: 'Please UPLOAD Repro document COLOR_RICHE_VOLUME_MATTE_INTENSE_FG_Label others_2GR__Bilingual_EN_FR_DE_IT_ES_260_3612622893860_ (Project: MI001424) 13/07/2021 Upload repro (document)'

2022-06-23 23:31:39 - [TEST_STEP][PASSED] - if (resulta.contains(Project_No)): null

2022-06-23 23:31:39 - [TEST_STEP][PASSED] - else: null

2022-06-23 23:31:39 - [TEST_STEP][PASSED] - l = l + 1: null

2022-06-23 23:31:39 - [TEST_STEP][PASSED] - resulta = getText(findTestObject("1. Constant/xpath", ["xpath":"/html/body/div[1]/div[2]/div[8]/div[3]/div/div/div[2]/div/table/tbody/tr[" + l + "]"])): Text of object 'Object Repository/1. Constant/xpath' is: 'Please UPLOAD Repro document COLOR_RICHE_VOLUME_MATTE_INTENSE_FG_Label others_2GR__Bilingual_EN_ES_IT_DE_FR_260_3612622893815_ (Project: MI001424) 13/07/2021 Upload repro (document)'

2022-06-23 23:31:40 - [MESSAGE][PASSED] - Text of object 'Object Repository/1. Constant/xpath' is: 'Please UPLOAD Repro document COLOR_RICHE_VOLUME_MATTE_INTENSE_FG_Label others_2GR__Bilingual_EN_ES_IT_DE_FR_260_3612622893815_ (Project: MI001424) 13/07/2021 Upload repro (document)'

2022-06-23 23:31:40 - [TEST_STEP][PASSED] - if (resulta.contains(Project_No)): null

2022-06-23 23:31:40 - [TEST_STEP][PASSED] - else: null

2022-06-23 23:31:40 - [TEST_STEP][PASSED] - l = l + 1: null

2022-06-23 23:31:40 - [TEST_STEP][PASSED] - resulta = getText(findTestObject("1. Constant/xpath", ["xpath":"/html/body/div[1]/div[2]/div[8]/div[3]/div/div/div[2]/div/table/tbody/tr[" + l + "]"])): Text of object 'Object Repository/1. Constant/xpath' is: 'Please UPLOAD Repro document TC18_AUTO_MOTHERREF_Fake_Beauty Seal_100CM2___EN___ (Project: MI003409) 28/06/2022 Upload repro (document)'

2022-06-23 23:31:41 - [MESSAGE][PASSED] - Text of object 'Object Repository/1. Constant/xpath' is: 'Please UPLOAD Repro document TC18_AUTO_MOTHERREF_Fake_Beauty Seal_100CM2___EN___ (Project: MI003409) 28/06/2022 Upload repro (document)'

2022-06-23 23:31:41 - [TEST_STEP][PASSED] - if (resulta.contains(Project_No)): null

2022-06-23 23:31:41 - [TEST_STEP][PASSED] - click(findTestObject("1. Constant/xpath", ["xpath":"/html/body/div[1]/div[2]/div[8]/div[3]/div/div/div[2]/div/table/tbody/tr[" + l + "]/td[1]/a"])): Object: 'Object Repository/1. Constant/xpath' is clicked on

2022-06-23 23:31:46 - [MESSAGE][PASSED] - Object: 'Object Repository/1. Constant/xpath' is clicked on

2022-06-23 23:31:46 - [TEST_STEP][PASSED] - break: null

2022-06-23 23:31:46 - [TEST_STEP][PASSED] - takeScreenshot(): Taking screenshot successfully

2022-06-23 23:31:47 - [MESSAGE][PASSED] - Taking screenshot successfully
[[ATTACHMENT|D:\\Projet Test Auto\\Mediabox Test Automation\\Reports\\20220623_184212\\03. Parallel Testing (Testing)\\TS -PT PART 3\\11 Tag SAS_Task_Full lifecycle\\20220623_184238\\1656019907096.png]]

2022-06-23 23:31:47 - [TEST_STEP][PASSED] - delay(1): Delayed 1 second(s)

2022-06-23 23:31:48 - [MESSAGE][PASSED] - Delayed 1 second(s)

2022-06-23 23:31:48 - [TEST_STEP][PASSED] - color4 = getCSSValue(findTestObject("1. Constant/xpath", ["xpath":"//*[@id="source_" + refID1 + ""]/td[15]/a[2]"]), "color", OPTIONAL): Get CSS 'color' value on 'Object Repository/1. Constant/xpath' successfully: 'rgba(255, 255, 255, 1)'.

2022-06-23 23:31:49 - [MESSAGE][PASSED] - Get CSS 'color' value on 'Object Repository/1. Constant/xpath' successfully: 'rgba(255, 255, 255, 1)'.

2022-06-23 23:31:49 - [TEST_STEP][PASSED] - while (color4 == "rgba(255, 255, 255, 1)"): null

2022-06-23 23:31:49 - [TEST_STEP][PASSED] - click(findTestObject("1. Constant/xpath", ["xpath":"//*[@id="source_" + refID1 + ""]/td[15]/a[2]"])): Object: 'Object Repository/1. Constant/xpath' is clicked on

2022-06-23 23:31:53 - [MESSAGE][PASSED] - Object: 'Object Repository/1. Constant/xpath' is clicked on

2022-06-23 23:31:53 - [TEST_STEP][PASSED] - takeScreenshot(): Taking screenshot successfully

2022-06-23 23:31:54 - [MESSAGE][PASSED] - Taking screenshot successfully
[[ATTACHMENT|D:\\Projet Test Auto\\Mediabox Test Automation\\Reports\\20220623_184212\\03. Parallel Testing (Testing)\\TS -PT PART 3\\11 Tag SAS_Task_Full lifecycle\\20220623_184238\\1656019914106.png]]

2022-06-23 23:31:54 - [TEST_STEP][PASSED] - I.UploadDoc_sendkey_Prod(findTestObject("1. Constant/xpath", ["xpath":"//*[@id="kt_body"]/input[2]"]), "D:\Upoad_File\Upload doc\testdata1.pdf", "testdata1.pdf"): Delayed 5 second(s)

2022-06-23 23:31:54 - [MESSAGE][PASSED] - Scroll to object 'Object Repository/1. Constant/xpath' successfully

2022-06-23 23:31:59 - [MESSAGE][PASSED] - Delayed 5 second(s)

2022-06-23 23:32:02 - [MESSAGE][PASSED] - File 'D:\Upoad_File\Upload doc\testdata1.pdf' sent to object: 'Object Repository/1. Constant/xpath'

2022-06-23 23:32:07 - [MESSAGE][PASSED] - Delayed 5 second(s)

2022-06-23 23:32:08 - [MESSAGE][PASSED] - Text 'testdata1.pdf' is present on page 

2022-06-23 23:32:13 - [MESSAGE][PASSED] - Delayed 5 second(s)

2022-06-23 23:32:18 - [MESSAGE][PASSED] - Delayed 5 second(s)

2022-06-23 23:32:18 - [TEST_STEP][PASSED] - takeScreenshot(): Taking screenshot successfully

2022-06-23 23:32:18 - [MESSAGE][PASSED] - Taking screenshot successfully
[[ATTACHMENT|D:\\Projet Test Auto\\Mediabox Test Automation\\Reports\\20220623_184212\\03. Parallel Testing (Testing)\\TS -PT PART 3\\11 Tag SAS_Task_Full lifecycle\\20220623_184238\\1656019938400.png]]

2022-06-23 23:32:18 - [TEST_STEP][PASSED] - delay(10): Delayed 10 second(s)

2022-06-23 23:32:28 - [MESSAGE][PASSED] - Delayed 10 second(s)

2022-06-23 23:32:28 - [TEST_STEP][PASSED] - I.click_button_javascript(findTestObject("Object Repository/HL Full Lifecycle/12 ReferncePage_Button_Updatensenddoc")): Execute JavaScript 'arguments[0].click()' successfully

2022-06-23 23:32:46 - [MESSAGE][PASSED] - Execute JavaScript 'arguments[0].click()' successfully

2022-06-23 23:32:46 - [TEST_STEP][PASSED] - delay(5): Delayed 5 second(s)

2022-06-23 23:32:51 - [MESSAGE][PASSED] - Delayed 5 second(s)

2022-06-23 23:32:51 - [TEST_STEP][PASSED] - if (verifyElementPresent(findTestObject("1. Constant/xpath", ["xpath":"//*[@id="source_" + refID1 + ""]/td[15]/a[2]"]), 10, OPTIONAL)): com.kms.katalon.core.webui.exception.WebElementNotFoundException: Web element with id: 'Object Repository/1. Constant/xpath' located by '//*[@id="source_24440"]/td[15]/a[2]' not found (Root cause: com.kms.katalon.core.exception.StepFailedException: com.kms.katalon.core.webui.exception.WebElementNotFoundException: Web element with id: 'Object Repository/1. Constant/xpath' located by '//*[@id="source_24440"]/td[15]/a[2]' not found
	at com.kms.katalon.core.webui.keyword.internal.WebUIKeywordMain.stepFailed(WebUIKeywordMain.groovy:64)
	at com.kms.katalon.core.webui.keyword.builtin.VerifyElementPresentKeyword$_verifyElementPresent_closure1.doCall(VerifyElementPresentKeyword.groovy:85)
	at com.kms.katalon.core.webui.keyword.builtin.VerifyElementPresentKeyword$_verifyElementPresent_closure1.call(VerifyElementPresentKeyword.groovy)
	at com.kms.katalon.core.webui.keyword.internal.WebUIKeywordMain.runKeyword(WebUIKeywordMain.groovy:20)
	at com.kms.katalon.core.webui.keyword.builtin.VerifyElementPresentKeyword.verifyElementPresent(VerifyElementPresentKeyword.groovy:92)
	at com.kms.katalon.core.webui.keyword.builtin.VerifyElementPresentKeyword.execute(VerifyElementPresentKeyword.groovy:68)
	at com.kms.katalon.core.keyword.internal.KeywordExecutor.executeKeywordForPlatform(KeywordExecutor.groovy:74)
	at com.kms.katalon.core.webui.keyword.WebUiBuiltInKeywords.verifyElementPresent(WebUiBuiltInKeywords.groovy:1448)
	at com.kms.katalon.core.webui.keyword.WebUiBuiltInKeywords$verifyElementPresent$17.call(Unknown Source)
	at 18.02 Tag full Lifecycle Daughter _Perform Task 18.01 P2.run(18.02 Tag full Lifecycle Daughter _Perform Task 18.01 P2:888)
	at com.kms.katalon.core.main.ScriptEngine.run(ScriptEngine.java:194)
	at com.kms.katalon.core.main.ScriptEngine.runScriptAsRawText(ScriptEngine.java:119)
	at com.kms.katalon.core.main.TestCaseExecutor.runScript(TestCaseExecutor.java:445)
	at com.kms.katalon.core.main.TestCaseExecutor.doExecute(TestCaseExecutor.java:436)
	at com.kms.katalon.core.main.TestCaseExecutor.processExecutionPhase(TestCaseExecutor.java:415)
	at com.kms.katalon.core.main.TestCaseExecutor.accessMainPhase(TestCaseExecutor.java:407)
	at com.kms.katalon.core.main.TestCaseExecutor.execute(TestCaseExecutor.java:284)
	at com.kms.katalon.core.common.CommonExecutor.accessTestCaseMainPhase(CommonExecutor.java:65)
	at com.kms.katalon.core.main.TestSuiteExecutor.accessTestSuiteMainPhase(TestSuiteExecutor.java:144)
	at com.kms.katalon.core.main.TestSuiteExecutor.execute(TestSuiteExecutor.java:106)
	at com.kms.katalon.core.main.TestCaseMain.startTestSuite(TestCaseMain.java:185)
	at com.kms.katalon.core.main.TestCaseMain$startTestSuite$0.call(Unknown Source)
	at TempTestSuite1656002558777.run(TempTestSuite1656002558777.groovy:36)
)

2022-06-23 23:33:02 - [MESSAGE][INFO] - Unable to find the element located by 'By.xpath: //*[@id="source_24440"]/td[15]/a[2]'. Please recheck the objects properties to make sure the desired element is located. 

2022-06-23 23:33:02 - [MESSAGE][WARNING] - com.kms.katalon.core.webui.exception.WebElementNotFoundException: Web element with id: 'Object Repository/1. Constant/xpath' located by '//*[@id="source_24440"]/td[15]/a[2]' not found (Root cause: com.kms.katalon.core.exception.StepFailedException: com.kms.katalon.core.webui.exception.WebElementNotFoundException: Web element with id: 'Object Repository/1. Constant/xpath' located by '//*[@id="source_24440"]/td[15]/a[2]' not found
	at com.kms.katalon.core.webui.keyword.internal.WebUIKeywordMain.stepFailed(WebUIKeywordMain.groovy:64)
	at com.kms.katalon.core.webui.keyword.builtin.VerifyElementPresentKeyword$_verifyElementPresent_closure1.doCall(VerifyElementPresentKeyword.groovy:85)
	at com.kms.katalon.core.webui.keyword.builtin.VerifyElementPresentKeyword$_verifyElementPresent_closure1.call(VerifyElementPresentKeyword.groovy)
	at com.kms.katalon.core.webui.keyword.internal.WebUIKeywordMain.runKeyword(WebUIKeywordMain.groovy:20)
	at com.kms.katalon.core.webui.keyword.builtin.VerifyElementPresentKeyword.verifyElementPresent(VerifyElementPresentKeyword.groovy:92)
	at com.kms.katalon.core.webui.keyword.builtin.VerifyElementPresentKeyword.execute(VerifyElementPresentKeyword.groovy:68)
	at com.kms.katalon.core.keyword.internal.KeywordExecutor.executeKeywordForPlatform(KeywordExecutor.groovy:74)
	at com.kms.katalon.core.webui.keyword.WebUiBuiltInKeywords.verifyElementPresent(WebUiBuiltInKeywords.groovy:1448)
	at com.kms.katalon.core.webui.keyword.WebUiBuiltInKeywords$verifyElementPresent$17.call(Unknown Source)
	at 18.02 Tag full Lifecycle Daughter _Perform Task 18.01 P2.run(18.02 Tag full Lifecycle Daughter _Perform Task 18.01 P2:888)
	at com.kms.katalon.core.main.ScriptEngine.run(ScriptEngine.java:194)
	at com.kms.katalon.core.main.ScriptEngine.runScriptAsRawText(ScriptEngine.java:119)
	at com.kms.katalon.core.main.TestCaseExecutor.runScript(TestCaseExecutor.java:445)
	at com.kms.katalon.core.main.TestCaseExecutor.doExecute(TestCaseExecutor.java:436)
	at com.kms.katalon.core.main.TestCaseExecutor.processExecutionPhase(TestCaseExecutor.java:415)
	at com.kms.katalon.core.main.TestCaseExecutor.accessMainPhase(TestCaseExecutor.java:407)
	at com.kms.katalon.core.main.TestCaseExecutor.execute(TestCaseExecutor.java:284)
	at com.kms.katalon.core.common.CommonExecutor.accessTestCaseMainPhase(CommonExecutor.java:65)
	at com.kms.katalon.core.main.TestSuiteExecutor.accessTestSuiteMainPhase(TestSuiteExecutor.java:144)
	at com.kms.katalon.core.main.TestSuiteExecutor.execute(TestSuiteExecutor.java:106)
	at com.kms.katalon.core.main.TestCaseMain.startTestSuite(TestCaseMain.java:185)
	at com.kms.katalon.core.main.TestCaseMain$startTestSuite$0.call(Unknown Source)
	at TempTestSuite1656002558777.run(TempTestSuite1656002558777.groovy:36)
)
[[ATTACHMENT|D:\\Projet Test Auto\\Mediabox Test Automation\\Reports\\20220623_184212\\03. Parallel Testing (Testing)\\TS -PT PART 3\\11 Tag SAS_Task_Full lifecycle\\20220623_184238\\1656019982199.png]]

2022-06-23 23:33:02 - [TEST_STEP][PASSED] - else: null

2022-06-23 23:33:02 - [TEST_STEP][PASSED] - color4 = "white": null

2022-06-23 23:33:02 - [TEST_STEP][PASSED] - takeScreenshot(): Taking screenshot successfully

2022-06-23 23:33:03 - [MESSAGE][PASSED] - Taking screenshot successfully
[[ATTACHMENT|D:\\Projet Test Auto\\Mediabox Test Automation\\Reports\\20220623_184212\\03. Parallel Testing (Testing)\\TS -PT PART 3\\11 Tag SAS_Task_Full lifecycle\\20220623_184238\\1656019983085.png]]

2022-06-23 23:33:03 - [TEST_STEP][PASSED] - task32_aomoto = I.Get_Task_No("//*[@id="kt_header"]/div/div[2]/div[1]/div[1]"): Text of object 'Object Repository/1. Constant/xpath' is: '12'

2022-06-23 23:33:03 - [MESSAGE][PASSED] - Text of object 'Object Repository/1. Constant/xpath' is: '12'

2022-06-23 23:33:03 - [TEST_STEP][PASSED] - verifyEqual(task32_aomoto + 1, task31_aomoto): Actual object '13' and expected object '13' are equal

2022-06-23 23:33:03 - [MESSAGE][PASSED] - Actual object '13' and expected object '13' are equal

2022-06-23 23:33:03 - [TEST_STEP][PASSED] - I.Logout(): Delayed 3 second(s)

2022-06-23 23:33:06 - [MESSAGE][PASSED] - Delayed 3 second(s)

2022-06-23 23:33:07 - [MESSAGE][PASSED] - Object: 'Object Repository/1. Constant/xpath' is clicked on

2022-06-23 23:33:10 - [MESSAGE][PASSED] - Delayed 3 second(s)

2022-06-23 23:33:13 - [MESSAGE][PASSED] - Object: 'Object Repository/1. Constant/xpath' is clicked on

2022-06-23 23:33:16 - [MESSAGE][PASSED] - Delayed 3 second(s)

2022-06-23 23:33:16 - [TEST_STEP][PASSED] - I.Login_password("aomoto", password_aomoto): Object: 'Object Repository/1. Constant/xpath' is clicked on

2022-06-23 23:33:17 - [MESSAGE][PASSED] - Text 'aomoto' is set on object 'Object Repository/1. Constant/xpath'

2022-06-23 23:33:18 - [MESSAGE][PASSED] - Delayed 1 second(s)

2022-06-23 23:33:20 - [MESSAGE][PASSED] - Text 'dchi' is set on object 'Object Repository/1. Constant/xpath'

2022-06-23 23:33:21 - [MESSAGE][PASSED] - Delayed 1 second(s)

2022-06-23 23:33:26 - [MESSAGE][PASSED] - Object: 'Object Repository/1. Constant/xpath' is clicked on

2022-06-23 23:33:26 - [TEST_STEP][PASSED] - takeScreenshot(): Taking screenshot successfully

2022-06-23 23:33:26 - [MESSAGE][PASSED] - Taking screenshot successfully
[[ATTACHMENT|D:\\Projet Test Auto\\Mediabox Test Automation\\Reports\\20220623_184212\\03. Parallel Testing (Testing)\\TS -PT PART 3\\11 Tag SAS_Task_Full lifecycle\\20220623_184238\\1656020006286.png]]

2022-06-23 23:33:26 - [TEST_STEP][PASSED] - task9_aomoto = I.Get_Task_No("//*[@id="kt_header"]/div/div[2]/div[1]/div[1]"): Text of object 'Object Repository/1. Constant/xpath' is: '4'

2022-06-23 23:33:28 - [MESSAGE][PASSED] - Text of object 'Object Repository/1. Constant/xpath' is: '4'

2022-06-23 23:33:28 - [TEST_STEP][PASSED] - click(findTestObject("1. Constant/xpath", ["xpath":"//*[@id="menu_2"]/a"])): Object: 'Object Repository/1. Constant/xpath' is clicked on

2022-06-23 23:33:38 - [MESSAGE][PASSED] - Object: 'Object Repository/1. Constant/xpath' is clicked on

2022-06-23 23:33:38 - [TEST_STEP][PASSED] - I.SearchProjectNo_xpath(Project_No, "//*[@id="keynum_project"]", "//*[@id="form_filters"]/div[8]/button"): Delayed 5 second(s)

2022-06-23 23:33:39 - [MESSAGE][PASSED] - Delayed 1 second(s)

2022-06-23 23:33:40 - [MESSAGE][PASSED] - Text 'MI003409' is set on object 'Object Repository/1. Constant/xpath'

2022-06-23 23:33:43 - [MESSAGE][PASSED] - Delayed 3 second(s)

2022-06-23 23:33:44 - [MESSAGE][PASSED] - Scroll to object 'Object Repository/1. Constant/xpath' successfully

2022-06-23 23:33:50 - [MESSAGE][PASSED] - Object: 'Object Repository/1. Constant/xpath' is clicked on

2022-06-23 23:33:55 - [MESSAGE][PASSED] - Delayed 5 second(s)

2022-06-23 23:33:55 - [TEST_STEP][PASSED] - delay(1): Delayed 1 second(s)

2022-06-23 23:33:57 - [MESSAGE][PASSED] - Delayed 1 second(s)

2022-06-23 23:33:57 - [TEST_STEP][PASSED] - takeScreenshot(): Taking screenshot successfully

2022-06-23 23:33:58 - [MESSAGE][PASSED] - Taking screenshot successfully
[[ATTACHMENT|D:\\Projet Test Auto\\Mediabox Test Automation\\Reports\\20220623_184212\\03. Parallel Testing (Testing)\\TS -PT PART 3\\11 Tag SAS_Task_Full lifecycle\\20220623_184238\\1656020037102.png]]

2022-06-23 23:33:58 - [TEST_STEP][PASSED] - click(findTestObject("1. Constant/xpath", ["xpath":"//*[@id="source_" + refID1 + ""]/td[15]/a[1]"])): Object: 'Object Repository/1. Constant/xpath' is clicked on

2022-06-23 23:34:06 - [MESSAGE][PASSED] - Object: 'Object Repository/1. Constant/xpath' is clicked on

2022-06-23 23:34:06 - [TEST_STEP][PASSED] - delay(1): Delayed 1 second(s)

2022-06-23 23:34:07 - [MESSAGE][PASSED] - Delayed 1 second(s)

2022-06-23 23:34:07 - [TEST_STEP][PASSED] - I.AWF_approve_view(): Object: 'Object Repository/HL Full Lifecycle/Function_Appbutton2' is clicked on

2022-06-23 23:34:12 - [MESSAGE][PASSED] - Wait for page load successfully

2022-06-23 23:34:22 - [MESSAGE][PASSED] - Delayed 10 second(s)

2022-06-23 23:34:26 - [MESSAGE][PASSED] - Object: 'Object Repository/HL Full Lifecycle/Function_access Viewer2' is hovered

2022-06-23 23:34:29 - [MESSAGE][PASSED] - Delayed 3 second(s)

2022-06-23 23:34:31 - [MESSAGE][PASSED] - Object: 'Object Repository/HL Full Lifecycle/Function_access Viewer2' is clicked on

2022-06-23 23:34:36 - [MESSAGE][PASSED] - Delayed 5 second(s)

2022-06-23 23:34:38 - [MESSAGE][PASSED] - Object: 'Object Repository/HL Full Lifecycle/Function_AppButton' is clicked on

2022-06-23 23:34:43 - [MESSAGE][PASSED] - Delayed 5 second(s)

2022-06-23 23:34:53 - [MESSAGE][PASSED] - Object: 'Object Repository/HL Full Lifecycle/Function_Appbutton2' is clicked on

2022-06-23 23:34:53 - [TEST_STEP][PASSED] - delay(1): Delayed 1 second(s)

2022-06-23 23:34:54 - [MESSAGE][PASSED] - Delayed 1 second(s)

2022-06-23 23:34:54 - [TEST_STEP][PASSED] - takeScreenshot(): Taking screenshot successfully

2022-06-23 23:34:56 - [MESSAGE][PASSED] - Taking screenshot successfully
[[ATTACHMENT|D:\\Projet Test Auto\\Mediabox Test Automation\\Reports\\20220623_184212\\03. Parallel Testing (Testing)\\TS -PT PART 3\\11 Tag SAS_Task_Full lifecycle\\20220623_184238\\1656020094763.png]]

2022-06-23 23:34:56 - [TEST_STEP][PASSED] - click(findTestObject("1. Constant/xpath", ["xpath":"//*[@id="source_" + refID1 + ""]/td[15]/a[1]"])): Object: 'Object Repository/1. Constant/xpath' is clicked on

2022-06-23 23:35:02 - [MESSAGE][PASSED] - Object: 'Object Repository/1. Constant/xpath' is clicked on

2022-06-23 23:35:02 - [TEST_STEP][PASSED] - delay(1): Delayed 1 second(s)

2022-06-23 23:35:03 - [MESSAGE][PASSED] - Delayed 1 second(s)

2022-06-23 23:35:03 - [TEST_STEP][PASSED] - I.AWF_approve_view(): Object: 'Object Repository/HL Full Lifecycle/Function_Appbutton2' is clicked on

2022-06-23 23:35:08 - [MESSAGE][PASSED] - Wait for page load successfully

2022-06-23 23:35:18 - [MESSAGE][PASSED] - Delayed 10 second(s)

2022-06-23 23:35:20 - [MESSAGE][PASSED] - Object: 'Object Repository/HL Full Lifecycle/Function_access Viewer2' is hovered

2022-06-23 23:35:23 - [MESSAGE][PASSED] - Delayed 3 second(s)

2022-06-23 23:35:25 - [MESSAGE][PASSED] - Object: 'Object Repository/HL Full Lifecycle/Function_access Viewer2' is clicked on

2022-06-23 23:35:30 - [MESSAGE][PASSED] - Delayed 5 second(s)

2022-06-23 23:35:32 - [MESSAGE][PASSED] - Object: 'Object Repository/HL Full Lifecycle/Function_AppButton' is clicked on

2022-06-23 23:35:37 - [MESSAGE][PASSED] - Delayed 5 second(s)

2022-06-23 23:35:44 - [MESSAGE][PASSED] - Object: 'Object Repository/HL Full Lifecycle/Function_Appbutton2' is clicked on

2022-06-23 23:35:44 - [TEST_STEP][PASSED] - delay(1): Delayed 1 second(s)

2022-06-23 23:35:45 - [MESSAGE][PASSED] - Delayed 1 second(s)

2022-06-23 23:35:45 - [TEST_STEP][PASSED] - takeScreenshot(): Taking screenshot successfully

2022-06-23 23:35:46 - [MESSAGE][PASSED] - Taking screenshot successfully
[[ATTACHMENT|D:\\Projet Test Auto\\Mediabox Test Automation\\Reports\\20220623_184212\\03. Parallel Testing (Testing)\\TS -PT PART 3\\11 Tag SAS_Task_Full lifecycle\\20220623_184238\\1656020145631.png]]

2022-06-23 23:35:46 - [TEST_STEP][PASSED] - task8_aomoto = I.Get_Task_No("//*[@id="kt_header"]/div/div[2]/div[1]/div[1]"): Text of object 'Object Repository/1. Constant/xpath' is: '3'

2022-06-23 23:35:46 - [MESSAGE][PASSED] - Text of object 'Object Repository/1. Constant/xpath' is: '3'

2022-06-23 23:35:46 - [TEST_STEP][PASSED] - verifyEqual(task8_aomoto + 1, task9_aomoto): Actual object '4' and expected object '4' are equal

2022-06-23 23:35:46 - [MESSAGE][PASSED] - Actual object '4' and expected object '4' are equal

2022-06-23 23:35:46 - [TEST_STEP][PASSED] - I.Logout(): Delayed 3 second(s)

2022-06-23 23:35:49 - [MESSAGE][PASSED] - Delayed 3 second(s)

2022-06-23 23:35:50 - [MESSAGE][PASSED] - Object: 'Object Repository/1. Constant/xpath' is clicked on

2022-06-23 23:35:53 - [MESSAGE][PASSED] - Delayed 3 second(s)

2022-06-23 23:35:56 - [MESSAGE][PASSED] - Object: 'Object Repository/1. Constant/xpath' is clicked on

2022-06-23 23:35:59 - [MESSAGE][PASSED] - Delayed 3 second(s)

2022-06-23 23:35:59 - [TEST_STEP][PASSED] - I.Login_password("daguirre", password_daguirre): Object: 'Object Repository/1. Constant/xpath' is clicked on

2022-06-23 23:36:00 - [MESSAGE][PASSED] - Text 'daguirre' is set on object 'Object Repository/1. Constant/xpath'

2022-06-23 23:36:01 - [MESSAGE][PASSED] - Delayed 1 second(s)

2022-06-23 23:36:01 - [MESSAGE][PASSED] - Text 'dchi' is set on object 'Object Repository/1. Constant/xpath'

2022-06-23 23:36:02 - [MESSAGE][PASSED] - Delayed 1 second(s)

2022-06-23 23:36:07 - [MESSAGE][PASSED] - Object: 'Object Repository/1. Constant/xpath' is clicked on

2022-06-23 23:36:07 - [TEST_STEP][PASSED] - takeScreenshot(): Taking screenshot successfully

2022-06-23 23:36:08 - [MESSAGE][PASSED] - Taking screenshot successfully
[[ATTACHMENT|D:\\Projet Test Auto\\Mediabox Test Automation\\Reports\\20220623_184212\\03. Parallel Testing (Testing)\\TS -PT PART 3\\11 Tag SAS_Task_Full lifecycle\\20220623_184238\\1656020167952.png]]

2022-06-23 23:36:08 - [TEST_STEP][PASSED] - task9_daguirre = I.Get_Task_No("//*[@id="kt_header"]/div/div[2]/div[1]/div[1]"): Text of object 'Object Repository/1. Constant/xpath' is: '1'

2022-06-23 23:36:09 - [MESSAGE][PASSED] - Text of object 'Object Repository/1. Constant/xpath' is: '1'

2022-06-23 23:36:09 - [TEST_STEP][PASSED] - click(findTestObject("1. Constant/xpath", ["xpath":"//*[@id="menu_2"]/a"])): Object: 'Object Repository/1. Constant/xpath' is clicked on

2022-06-23 23:36:14 - [MESSAGE][PASSED] - Object: 'Object Repository/1. Constant/xpath' is clicked on

2022-06-23 23:36:14 - [TEST_STEP][PASSED] - I.SearchProjectNo_xpath(Project_No, "//*[@id="keynum_project"]", "//*[@id="form_filters"]/div[4]/button"): Delayed 5 second(s)

2022-06-23 23:36:15 - [MESSAGE][PASSED] - Delayed 1 second(s)

2022-06-23 23:36:20 - [MESSAGE][PASSED] - Text 'MI003409' is set on object 'Object Repository/1. Constant/xpath'

2022-06-23 23:36:23 - [MESSAGE][PASSED] - Delayed 3 second(s)

2022-06-23 23:36:25 - [MESSAGE][PASSED] - Scroll to object 'Object Repository/1. Constant/xpath' successfully

2022-06-23 23:36:30 - [MESSAGE][PASSED] - Object: 'Object Repository/1. Constant/xpath' is clicked on

2022-06-23 23:36:35 - [MESSAGE][PASSED] - Delayed 5 second(s)

2022-06-23 23:36:35 - [TEST_STEP][PASSED] - delay(1): Delayed 1 second(s)

2022-06-23 23:36:36 - [MESSAGE][PASSED] - Delayed 1 second(s)

2022-06-23 23:36:36 - [TEST_STEP][PASSED] - takeScreenshot(): Taking screenshot successfully

2022-06-23 23:36:36 - [MESSAGE][PASSED] - Taking screenshot successfully
[[ATTACHMENT|D:\\Projet Test Auto\\Mediabox Test Automation\\Reports\\20220623_184212\\03. Parallel Testing (Testing)\\TS -PT PART 3\\11 Tag SAS_Task_Full lifecycle\\20220623_184238\\1656020196327.png]]

2022-06-23 23:36:36 - [TEST_STEP][PASSED] - click(findTestObject("1. Constant/xpath", ["xpath":"//*[@id="source_" + refID1 + ""]/td[15]/a[1]"])): Object: 'Object Repository/1. Constant/xpath' is clicked on

2022-06-23 23:36:41 - [MESSAGE][PASSED] - Object: 'Object Repository/1. Constant/xpath' is clicked on

2022-06-23 23:36:41 - [TEST_STEP][PASSED] - delay(1): Delayed 1 second(s)

2022-06-23 23:36:42 - [MESSAGE][PASSED] - Delayed 1 second(s)

2022-06-23 23:36:42 - [TEST_STEP][PASSED] - I.AWF_approve_view(): Object: 'Object Repository/HL Full Lifecycle/Function_Appbutton2' is clicked on

2022-06-23 23:36:44 - [MESSAGE][PASSED] - Wait for page load successfully

2022-06-23 23:36:54 - [MESSAGE][PASSED] - Delayed 10 second(s)

2022-06-23 23:36:56 - [MESSAGE][PASSED] - Object: 'Object Repository/HL Full Lifecycle/Function_access Viewer2' is hovered

2022-06-23 23:36:59 - [MESSAGE][PASSED] - Delayed 3 second(s)

2022-06-23 23:37:00 - [MESSAGE][PASSED] - Object: 'Object Repository/HL Full Lifecycle/Function_access Viewer2' is clicked on

2022-06-23 23:37:05 - [MESSAGE][PASSED] - Delayed 5 second(s)

2022-06-23 23:37:07 - [MESSAGE][PASSED] - Object: 'Object Repository/HL Full Lifecycle/Function_AppButton' is clicked on

2022-06-23 23:37:12 - [MESSAGE][PASSED] - Delayed 5 second(s)

2022-06-23 23:37:20 - [MESSAGE][PASSED] - Object: 'Object Repository/HL Full Lifecycle/Function_Appbutton2' is clicked on

2022-06-23 23:37:20 - [TEST_STEP][PASSED] - delay(1): Delayed 1 second(s)

2022-06-23 23:37:21 - [MESSAGE][PASSED] - Delayed 1 second(s)

2022-06-23 23:37:21 - [TEST_STEP][PASSED] - takeScreenshot(): Taking screenshot successfully

2022-06-23 23:37:22 - [MESSAGE][PASSED] - Taking screenshot successfully
[[ATTACHMENT|D:\\Projet Test Auto\\Mediabox Test Automation\\Reports\\20220623_184212\\03. Parallel Testing (Testing)\\TS -PT PART 3\\11 Tag SAS_Task_Full lifecycle\\20220623_184238\\1656020242082.png]]

2022-06-23 23:37:22 - [TEST_STEP][PASSED] - task8_daguirre = I.Get_Task_No("//*[@id="kt_header"]/div/div[2]/div[1]/div[1]"): Text of object 'Object Repository/1. Constant/xpath' is: ''

2022-06-23 23:37:23 - [MESSAGE][PASSED] - Text of object 'Object Repository/1. Constant/xpath' is: ''

2022-06-23 23:37:23 - [TEST_STEP][PASSED] - verifyEqual(task8_daguirre + 1, task9_daguirre): Actual object '1' and expected object '1' are equal

2022-06-23 23:37:23 - [MESSAGE][PASSED] - Actual object '1' and expected object '1' are equal

2022-06-23 23:37:23 - [TEST_STEP][PASSED] - I.Logout(): Delayed 3 second(s)

2022-06-23 23:37:26 - [MESSAGE][PASSED] - Delayed 3 second(s)

2022-06-23 23:37:26 - [MESSAGE][PASSED] - Object: 'Object Repository/1. Constant/xpath' is clicked on

2022-06-23 23:37:29 - [MESSAGE][PASSED] - Delayed 3 second(s)

2022-06-23 23:37:32 - [MESSAGE][PASSED] - Object: 'Object Repository/1. Constant/xpath' is clicked on

2022-06-23 23:37:35 - [MESSAGE][PASSED] - Delayed 3 second(s)

2022-06-23 23:37:35 - [TEST_STEP][PASSED] - I.Login_password("apetit", password_apetit): Object: 'Object Repository/1. Constant/xpath' is clicked on

2022-06-23 23:37:37 - [MESSAGE][PASSED] - Text 'apetit' is set on object 'Object Repository/1. Constant/xpath'

2022-06-23 23:37:38 - [MESSAGE][PASSED] - Delayed 1 second(s)

2022-06-23 23:37:39 - [MESSAGE][PASSED] - Text 'dchi' is set on object 'Object Repository/1. Constant/xpath'

2022-06-23 23:37:40 - [MESSAGE][PASSED] - Delayed 1 second(s)

2022-06-23 23:37:45 - [MESSAGE][PASSED] - Object: 'Object Repository/1. Constant/xpath' is clicked on

2022-06-23 23:37:45 - [TEST_STEP][PASSED] - takeScreenshot(): Taking screenshot successfully

2022-06-23 23:37:46 - [MESSAGE][PASSED] - Taking screenshot successfully
[[ATTACHMENT|D:\\Projet Test Auto\\Mediabox Test Automation\\Reports\\20220623_184212\\03. Parallel Testing (Testing)\\TS -PT PART 3\\11 Tag SAS_Task_Full lifecycle\\20220623_184238\\1656020265445.png]]

2022-06-23 23:37:46 - [TEST_STEP][PASSED] - task6_apetit = I.Get_Task_No("//*[@id="kt_header"]/div/div[2]/div[1]/div[1]"): Text of object 'Object Repository/1. Constant/xpath' is: '3'

2022-06-23 23:37:47 - [MESSAGE][PASSED] - Text of object 'Object Repository/1. Constant/xpath' is: '3'

2022-06-23 23:37:47 - [TEST_STEP][PASSED] - click(findTestObject("1. Constant/xpath", ["xpath":"//*[@id="menu_2"]/a"])): Object: 'Object Repository/1. Constant/xpath' is clicked on

2022-06-23 23:37:54 - [MESSAGE][PASSED] - Object: 'Object Repository/1. Constant/xpath' is clicked on

2022-06-23 23:37:54 - [TEST_STEP][PASSED] - I.SearchProjectNo_xpath(Project_No, "//*[@id="keynum_project"]", "//*[@id="form_filters"]/div[8]/button"): Delayed 5 second(s)

2022-06-23 23:37:55 - [MESSAGE][PASSED] - Delayed 1 second(s)

2022-06-23 23:37:57 - [MESSAGE][PASSED] - Text 'MI003409' is set on object 'Object Repository/1. Constant/xpath'

2022-06-23 23:38:00 - [MESSAGE][PASSED] - Delayed 3 second(s)

2022-06-23 23:38:01 - [MESSAGE][PASSED] - Scroll to object 'Object Repository/1. Constant/xpath' successfully

2022-06-23 23:38:09 - [MESSAGE][PASSED] - Object: 'Object Repository/1. Constant/xpath' is clicked on

2022-06-23 23:38:14 - [MESSAGE][PASSED] - Delayed 5 second(s)

2022-06-23 23:38:14 - [TEST_STEP][PASSED] - delay(1): Delayed 1 second(s)

2022-06-23 23:38:15 - [MESSAGE][PASSED] - Delayed 1 second(s)

2022-06-23 23:38:15 - [TEST_STEP][PASSED] - takeScreenshot(): Taking screenshot successfully

2022-06-23 23:38:16 - [MESSAGE][PASSED] - Taking screenshot successfully
[[ATTACHMENT|D:\\Projet Test Auto\\Mediabox Test Automation\\Reports\\20220623_184212\\03. Parallel Testing (Testing)\\TS -PT PART 3\\11 Tag SAS_Task_Full lifecycle\\20220623_184238\\1656020295551.png]]

2022-06-23 23:38:16 - [TEST_STEP][PASSED] - delay(1): Delayed 1 second(s)

2022-06-23 23:38:17 - [MESSAGE][PASSED] - Delayed 1 second(s)

2022-06-23 23:38:17 - [TEST_STEP][PASSED] - click(findTestObject("1. Constant/xpath", ["xpath":"//*[@id="source_" + refID1 + ""]/td[15]/a[1]"])): Object: 'Object Repository/1. Constant/xpath' is clicked on

2022-06-23 23:38:21 - [MESSAGE][PASSED] - Object: 'Object Repository/1. Constant/xpath' is clicked on

2022-06-23 23:38:21 - [TEST_STEP][PASSED] - delay(1): Delayed 1 second(s)

2022-06-23 23:38:22 - [MESSAGE][PASSED] - Delayed 1 second(s)

2022-06-23 23:38:22 - [TEST_STEP][PASSED] - I.AWF_approve_view(): Object: 'Object Repository/HL Full Lifecycle/Function_Appbutton2' is clicked on

2022-06-23 23:38:25 - [MESSAGE][PASSED] - Wait for page load successfully

2022-06-23 23:38:35 - [MESSAGE][PASSED] - Delayed 10 second(s)

2022-06-23 23:38:37 - [MESSAGE][PASSED] - Object: 'Object Repository/HL Full Lifecycle/Function_access Viewer2' is hovered

2022-06-23 23:38:40 - [MESSAGE][PASSED] - Delayed 3 second(s)

2022-06-23 23:38:42 - [MESSAGE][PASSED] - Object: 'Object Repository/HL Full Lifecycle/Function_access Viewer2' is clicked on

2022-06-23 23:38:47 - [MESSAGE][PASSED] - Delayed 5 second(s)

2022-06-23 23:38:49 - [MESSAGE][PASSED] - Object: 'Object Repository/HL Full Lifecycle/Function_AppButton' is clicked on

2022-06-23 23:38:54 - [MESSAGE][PASSED] - Delayed 5 second(s)

2022-06-23 23:39:03 - [MESSAGE][PASSED] - Object: 'Object Repository/HL Full Lifecycle/Function_Appbutton2' is clicked on

2022-06-23 23:39:03 - [TEST_STEP][PASSED] - delay(1): Delayed 1 second(s)

2022-06-23 23:39:04 - [MESSAGE][PASSED] - Delayed 1 second(s)

2022-06-23 23:39:04 - [TEST_STEP][PASSED] - takeScreenshot(): Taking screenshot successfully

2022-06-23 23:39:05 - [MESSAGE][PASSED] - Taking screenshot successfully
[[ATTACHMENT|D:\\Projet Test Auto\\Mediabox Test Automation\\Reports\\20220623_184212\\03. Parallel Testing (Testing)\\TS -PT PART 3\\11 Tag SAS_Task_Full lifecycle\\20220623_184238\\1656020344897.png]]

2022-06-23 23:39:05 - [TEST_STEP][PASSED] - task5_apetit = I.Get_Task_No("//*[@id="kt_header"]/div/div[2]/div[1]/div[1]"): Text of object 'Object Repository/1. Constant/xpath' is: '2'

2022-06-23 23:39:06 - [MESSAGE][PASSED] - Text of object 'Object Repository/1. Constant/xpath' is: '2'

2022-06-23 23:39:06 - [TEST_STEP][PASSED] - verifyEqual(task5_apetit + 1, task6_apetit): Actual object '3' and expected object '3' are equal

2022-06-23 23:39:06 - [MESSAGE][PASSED] - Actual object '3' and expected object '3' are equal

2022-06-23 23:39:06 - [TEST_STEP][PASSED] - I.VerifyMatchText("//*[@id="source_" + refID1 + ""]/td[14]/span", "Complete"): Actual text 'Complete' and expected text 'Complete' are matched 

2022-06-23 23:39:07 - [MESSAGE][PASSED] - Text of object 'Object Repository/1. Constant/xpath' is: 'Complete'

2022-06-23 23:39:08 - [MESSAGE][PASSED] - Delayed 1 second(s)

2022-06-23 23:39:08 - [MESSAGE][PASSED] - Actual text 'Complete' and expected text 'Complete' are matched 

2022-06-23 23:39:08 - [TEST_STEP][PASSED] - closeBrowser(): Browser is closed

2022-06-23 23:39:14 - [MESSAGE][PASSED] - Browser is closed

2022-06-23 23:39:14 - [TEST_STEP][PASSED] - Start listener action : sampleAfterTestCase: null]]></system-out>
         <system-err><![CDATA[]]></system-err>
      </testcase>
      <testcase name="Test Cases/16 Support action (Completed ref)/16.07 Tag SAS D - Repro Prod to AW Prod S4 Existing Project" time="136.536" classname="Test Cases/16 Support action (Completed ref)/16.07 Tag SAS D - Repro Prod to AW Prod S4 Existing Project" status="PASSED">
         <system-out><![CDATA[2022-06-23 23:39:14 - [TEST_CASE][PASSED] - Test Cases/16 Support action (Completed ref)/16.07 Tag SAS D - Repro Prod to AW Prod S4 Existing Project: Test Cases/16 Support action (Completed ref)/16.07 Tag SAS D - Repro Prod to AW Prod S4 Existing Project

2022-06-23 23:39:14 - [TEST_STEP][PASSED] - data_Tag = findTestData("Data Files/Username_Password/Tag"): null

2022-06-23 23:39:14 - [TEST_STEP][PASSED] - password_jedun = data_Tag.getValue(3, 1): null

2022-06-23 23:39:14 - [TEST_STEP][PASSED] - password_rrowland = data_Tag.getValue(3, 2): null

2022-06-23 23:39:14 - [TEST_STEP][PASSED] - password_stest = data_Tag.getValue(3, 3): null

2022-06-23 23:39:14 - [TEST_STEP][PASSED] - password_itroin = data_Tag.getValue(3, 4): null

2022-06-23 23:39:14 - [TEST_STEP][PASSED] - password_igedik = data_Tag.getValue(3, 5): null

2022-06-23 23:39:14 - [TEST_STEP][PASSED] - password_mderdour = data_Tag.getValue(3, 6): null

2022-06-23 23:39:14 - [TEST_STEP][PASSED] - password_achatin = data_Tag.getValue(3, 7): null

2022-06-23 23:39:14 - [TEST_STEP][PASSED] - password_tliu = data_Tag.getValue(3, 8): null

2022-06-23 23:39:14 - [TEST_STEP][PASSED] - password_ccaramella = data_Tag.getValue(3, 9): null

2022-06-23 23:39:14 - [TEST_STEP][PASSED] - password_achay = data_Tag.getValue(3, 10): null

2022-06-23 23:39:14 - [TEST_STEP][PASSED] - password_cbono = data_Tag.getValue(3, 11): null

2022-06-23 23:39:14 - [TEST_STEP][PASSED] - password_pmareri = data_Tag.getValue(3, 12): null

2022-06-23 23:39:14 - [TEST_STEP][PASSED] - password_qeuzen = data_Tag.getValue(3, 13): null

2022-06-23 23:39:14 - [TEST_STEP][PASSED] - password_alanglois = data_Tag.getValue(3, 14): null

2022-06-23 23:39:14 - [TEST_STEP][PASSED] - password_bzavaglia = data_Tag.getValue(3, 15): null

2022-06-23 23:39:14 - [TEST_STEP][PASSED] - password_asamyn = data_Tag.getValue(3, 16): null

2022-06-23 23:39:14 - [TEST_STEP][PASSED] - password_mraoul = data_Tag.getValue(3, 17): null

2022-06-23 23:39:14 - [TEST_STEP][PASSED] - password_idiaz = data_Tag.getValue(3, 18): null

2022-06-23 23:39:14 - [TEST_STEP][PASSED] - data_urlRELAUTO = findTestData("Data Files/URL/URL_relauto"): null

2022-06-23 23:39:14 - [TEST_STEP][PASSED] - Url_Tag = data_urlRELAUTO.getValue(2, 3): null

2022-06-23 23:39:14 - [TEST_STEP][PASSED] - Project_No = "MI003396": null

2022-06-23 23:39:14 - [TEST_STEP][PASSED] - refID = "24386": null

2022-06-23 23:39:14 - [TEST_STEP][PASSED] - openBrowser(Url_Tag): Browser is opened with url: 'http://mdb-release.diadeis.lan/MediaboxIndependence/?MBI_datasource=RELTESTAUTO_TAG'

2022-06-23 23:39:14 - [MESSAGE][INFO] - Starting 'Chrome (headless)' driver

2022-06-23 23:39:15 - [MESSAGE][INFO] - User set preference: ['args', '[--window-size=1920,1080, --headless]']

2022-06-23 23:39:15 - [MESSAGE][INFO] - Action delay is set to 0 milliseconds

2022-06-23 23:39:37 - [MESSAGE][PASSED] - Browser is opened with url: 'http://mdb-release.diadeis.lan/MediaboxIndependence/?MBI_datasource=RELTESTAUTO_TAG'

2022-06-23 23:39:37 - [TEST_STEP][PASSED] - maximizeWindow(): Current window maximized

2022-06-23 23:39:37 - [MESSAGE][PASSED] - Current window maximized

2022-06-23 23:39:37 - [TEST_STEP][PASSED] - waitForPageLoad(30): Wait for page load successfully

2022-06-23 23:39:37 - [MESSAGE][PASSED] - Wait for page load successfully

2022-06-23 23:39:37 - [TEST_STEP][PASSED] - takeScreenshot(): Taking screenshot successfully

2022-06-23 23:39:38 - [MESSAGE][PASSED] - Taking screenshot successfully
[[ATTACHMENT|D:\\Projet Test Auto\\Mediabox Test Automation\\Reports\\20220623_184212\\03. Parallel Testing (Testing)\\TS -PT PART 3\\11 Tag SAS_Task_Full lifecycle\\20220623_184238\\1656020378053.png]]

2022-06-23 23:39:38 - [TEST_STEP][PASSED] - I.Login_password("jedun", password_jedun): Object: 'Object Repository/1. Constant/xpath' is clicked on

2022-06-23 23:39:41 - [MESSAGE][PASSED] - Text 'jedun' is set on object 'Object Repository/1. Constant/xpath'

2022-06-23 23:39:42 - [MESSAGE][PASSED] - Delayed 1 second(s)

2022-06-23 23:39:45 - [MESSAGE][PASSED] - Text 'dchi' is set on object 'Object Repository/1. Constant/xpath'

2022-06-23 23:39:46 - [MESSAGE][PASSED] - Delayed 1 second(s)

2022-06-23 23:40:02 - [MESSAGE][PASSED] - Object: 'Object Repository/1. Constant/xpath' is clicked on

2022-06-23 23:40:02 - [TEST_STEP][PASSED] - takeScreenshot(): Taking screenshot successfully

2022-06-23 23:40:04 - [MESSAGE][PASSED] - Taking screenshot successfully
[[ATTACHMENT|D:\\Projet Test Auto\\Mediabox Test Automation\\Reports\\20220623_184212\\03. Parallel Testing (Testing)\\TS -PT PART 3\\11 Tag SAS_Task_Full lifecycle\\20220623_184238\\1656020403523.png]]

2022-06-23 23:40:04 - [TEST_STEP][PASSED] - click(findTestObject("1. Constant/02_LHSMenu_Projects")): Object: 'Object Repository/1. Constant/02_LHSMenu_Projects' is clicked on

2022-06-23 23:40:12 - [MESSAGE][PASSED] - Object: 'Object Repository/1. Constant/02_LHSMenu_Projects' is clicked on

2022-06-23 23:40:12 - [TEST_STEP][PASSED] - I.SearchProjectNo(Project_No, findTestObject("1. Constant/xpath", ["xpath":"//*[@id="form_filters"]/div[7]/button"])): Delayed 5 second(s)

2022-06-23 23:40:15 - [MESSAGE][PASSED] - Text 'MI003396' is set on object 'Object Repository/1. Constant/xpath'

2022-06-23 23:40:18 - [MESSAGE][PASSED] - Delayed 3 second(s)

2022-06-23 23:40:28 - [MESSAGE][PASSED] - Object: 'Object Repository/1. Constant/xpath' is clicked on

2022-06-23 23:40:33 - [MESSAGE][PASSED] - Delayed 5 second(s)

2022-06-23 23:40:33 - [TEST_STEP][PASSED] - delay(1): Delayed 1 second(s)

2022-06-23 23:40:34 - [MESSAGE][PASSED] - Delayed 1 second(s)

2022-06-23 23:40:34 - [TEST_STEP][PASSED] - takeScreenshot(): Taking screenshot successfully

2022-06-23 23:40:34 - [MESSAGE][PASSED] - Taking screenshot successfully
[[ATTACHMENT|D:\\Projet Test Auto\\Mediabox Test Automation\\Reports\\20220623_184212\\03. Parallel Testing (Testing)\\TS -PT PART 3\\11 Tag SAS_Task_Full lifecycle\\20220623_184238\\1656020434595.png]]

2022-06-23 23:40:34 - [TEST_STEP][PASSED] - click(findTestObject("1. Constant/xpath", ["xpath":"//*[@id="source_24386"]/td[8]/a"])): Object: 'Object Repository/1. Constant/xpath' is clicked on

2022-06-23 23:40:42 - [MESSAGE][PASSED] - Object: 'Object Repository/1. Constant/xpath' is clicked on

2022-06-23 23:40:42 - [TEST_STEP][PASSED] - delay(1): Delayed 1 second(s)

2022-06-23 23:40:43 - [MESSAGE][PASSED] - Delayed 1 second(s)

2022-06-23 23:40:43 - [TEST_STEP][PASSED] - click(findTestObject("1. Constant/xpath", ["xpath":"//*[@id="kt_content"]/div[3]/div/ul/li[3]/a"])): Object: 'Object Repository/1. Constant/xpath' is clicked on

2022-06-23 23:40:46 - [MESSAGE][PASSED] - Object: 'Object Repository/1. Constant/xpath' is clicked on

2022-06-23 23:40:46 - [TEST_STEP][PASSED] - delay(1): Delayed 1 second(s)

2022-06-23 23:40:47 - [MESSAGE][PASSED] - Delayed 1 second(s)

2022-06-23 23:40:47 - [TEST_STEP][PASSED] - takeScreenshot(): Taking screenshot successfully

2022-06-23 23:40:48 - [MESSAGE][PASSED] - Taking screenshot successfully
[[ATTACHMENT|D:\\Projet Test Auto\\Mediabox Test Automation\\Reports\\20220623_184212\\03. Parallel Testing (Testing)\\TS -PT PART 3\\11 Tag SAS_Task_Full lifecycle\\20220623_184238\\1656020448269.png]]

2022-06-23 23:40:48 - [TEST_STEP][PASSED] - click(findTestObject("1. Constant/xpath", ["xpath":"/html/body/div[1]/div[2]/div[8]/div[3]/div/div[3]/div[3]/div/ul/li[2]/a"])): Object: 'Object Repository/1. Constant/xpath' is clicked on

2022-06-23 23:40:50 - [MESSAGE][PASSED] - Object: 'Object Repository/1. Constant/xpath' is clicked on

2022-06-23 23:40:50 - [TEST_STEP][PASSED] - delay(1): Delayed 1 second(s)

2022-06-23 23:40:51 - [MESSAGE][PASSED] - Delayed 1 second(s)

2022-06-23 23:40:51 - [TEST_STEP][PASSED] - click(findTestObject("1. Constant/xpath", ["xpath":"/html/body/div[1]/div[2]/div[8]/div[3]/div/div[3]/div[3]/div/div/div[2]/div/div[2]/div/div[1]/div[2]/div/button"])): Object: 'Object Repository/1. Constant/xpath' is clicked on

2022-06-23 23:40:53 - [MESSAGE][PASSED] - Object: 'Object Repository/1. Constant/xpath' is clicked on

2022-06-23 23:40:53 - [TEST_STEP][PASSED] - delay(1): Delayed 1 second(s)

2022-06-23 23:40:54 - [MESSAGE][PASSED] - Delayed 1 second(s)

2022-06-23 23:40:54 - [TEST_STEP][PASSED] - x = 10: null

2022-06-23 23:40:54 - [TEST_STEP][PASSED] - i = 1: null

2022-06-23 23:40:54 - [TEST_STEP][PASSED] - while (i <= x): null

2022-06-23 23:40:54 - [TEST_STEP][PASSED] - Expected_SAS_Selected = "Go back to Artwork production": null

2022-06-23 23:40:54 - [TEST_STEP][PASSED] - xpath_SAS = "/html/body/div[1]/div[2]/div[8]/div[3]/div/div[3]/div[3]/div/div/div[2]/div/div[2]/div/div[1]/div[2]/div/div/a[" + i + "]": null

2022-06-23 23:40:54 - [TEST_STEP][PASSED] - Actual_SAS = getText(findTestObject("1. Constant/xpath", ["xpath":xpath_SAS])): Text of object 'Object Repository/1. Constant/xpath' is: 'Go back to Repro production'

2022-06-23 23:40:55 - [MESSAGE][PASSED] - Text of object 'Object Repository/1. Constant/xpath' is: 'Go back to Repro production'

2022-06-23 23:40:55 - [TEST_STEP][PASSED] - I.print(i): null

2022-06-23 23:40:55 - [TEST_STEP][PASSED] - if (Actual_SAS.contains(Expected_SAS_Selected)): null

2022-06-23 23:40:55 - [TEST_STEP][PASSED] - i = i + 1: null

2022-06-23 23:40:55 - [TEST_STEP][PASSED] - Expected_SAS_Selected = "Go back to Artwork production": null

2022-06-23 23:40:55 - [TEST_STEP][PASSED] - xpath_SAS = "/html/body/div[1]/div[2]/div[8]/div[3]/div/div[3]/div[3]/div/div/div[2]/div/div[2]/div/div[1]/div[2]/div/div/a[" + i + "]": null

2022-06-23 23:40:55 - [TEST_STEP][PASSED] - Actual_SAS = getText(findTestObject("1. Constant/xpath", ["xpath":xpath_SAS])): Text of object 'Object Repository/1. Constant/xpath' is: 'Go back to Artwork production'

2022-06-23 23:40:57 - [MESSAGE][PASSED] - Text of object 'Object Repository/1. Constant/xpath' is: 'Go back to Artwork production'

2022-06-23 23:40:57 - [TEST_STEP][PASSED] - I.print(i): null

2022-06-23 23:40:57 - [TEST_STEP][PASSED] - if (Actual_SAS.contains(Expected_SAS_Selected)): null

2022-06-23 23:40:57 - [TEST_STEP][PASSED] - I.click_button_javascript(findTestObject("1. Constant/xpath", ["xpath":xpath_SAS])): Execute JavaScript 'arguments[0].click()' successfully

2022-06-23 23:40:58 - [MESSAGE][PASSED] - Execute JavaScript 'arguments[0].click()' successfully

2022-06-23 23:40:58 - [TEST_STEP][PASSED] - break: null

2022-06-23 23:40:58 - [TEST_STEP][PASSED] - takeScreenshot(): Taking screenshot successfully

2022-06-23 23:41:00 - [MESSAGE][PASSED] - Taking screenshot successfully
[[ATTACHMENT|D:\\Projet Test Auto\\Mediabox Test Automation\\Reports\\20220623_184212\\03. Parallel Testing (Testing)\\TS -PT PART 3\\11 Tag SAS_Task_Full lifecycle\\20220623_184238\\1656020459407.png]]

2022-06-23 23:41:00 - [TEST_STEP][PASSED] - delay(1): Delayed 1 second(s)

2022-06-23 23:41:01 - [MESSAGE][PASSED] - Delayed 1 second(s)

2022-06-23 23:41:01 - [TEST_STEP][PASSED] - click(findTestObject("1. Constant/xpath", ["xpath":"//*[@id="modal_support_action_shortcut"]/div/div/div[3]/button[2]"])): Object: 'Object Repository/1. Constant/xpath' is clicked on

2022-06-23 23:41:15 - [MESSAGE][PASSED] - Object: 'Object Repository/1. Constant/xpath' is clicked on

2022-06-23 23:41:15 - [TEST_STEP][PASSED] - delay(1): Delayed 1 second(s)

2022-06-23 23:41:16 - [MESSAGE][PASSED] - Delayed 1 second(s)

2022-06-23 23:41:16 - [TEST_STEP][PASSED] - click(findTestObject("1. Constant/xpath", ["xpath":"//*[@id="kt_subheader"]/div/nav/ol/li[2]/a"])): Object: 'Object Repository/1. Constant/xpath' is clicked on

2022-06-23 23:41:21 - [MESSAGE][PASSED] - Object: 'Object Repository/1. Constant/xpath' is clicked on

2022-06-23 23:41:21 - [TEST_STEP][PASSED] - delay(1): Delayed 1 second(s)

2022-06-23 23:41:22 - [MESSAGE][PASSED] - Delayed 1 second(s)

2022-06-23 23:41:22 - [TEST_STEP][PASSED] - takeScreenshot(): Taking screenshot successfully

2022-06-23 23:41:24 - [MESSAGE][PASSED] - Taking screenshot successfully
[[ATTACHMENT|D:\\Projet Test Auto\\Mediabox Test Automation\\Reports\\20220623_184212\\03. Parallel Testing (Testing)\\TS -PT PART 3\\11 Tag SAS_Task_Full lifecycle\\20220623_184238\\1656020483443.png]]

2022-06-23 23:41:24 - [TEST_STEP][PASSED] - status1 = getText(findTestObject("1. Constant/xpath", ["xpath":"//*[@id="source_24386"]/td[13]/span[1]"])): Text of object 'Object Repository/1. Constant/xpath' is: 'Agency: Artwork production'

2022-06-23 23:41:25 - [MESSAGE][PASSED] - Text of object 'Object Repository/1. Constant/xpath' is: 'Agency: Artwork production'

2022-06-23 23:41:25 - [TEST_STEP][PASSED] - verifyMatch(status1, "Agency: Artwork production", false): Actual text 'Agency: Artwork production' and expected text 'Agency: Artwork production' are matched 

2022-06-23 23:41:25 - [MESSAGE][PASSED] - Actual text 'Agency: Artwork production' and expected text 'Agency: Artwork production' are matched 

2022-06-23 23:41:25 - [TEST_STEP][PASSED] - closeBrowser(): Browser is closed

2022-06-23 23:41:30 - [MESSAGE][PASSED] - Browser is closed

2022-06-23 23:41:30 - [TEST_STEP][PASSED] - Start listener action : sampleAfterTestCase: null]]></system-out>
         <system-err><![CDATA[]]></system-err>
      </testcase>
      <testcase name="Test Cases/16 Support action (Completed ref)/16.06 Tag SAS B CompletedRTP Release to Repro Prod S3" time="119.865" classname="Test Cases/16 Support action (Completed ref)/16.06 Tag SAS B CompletedRTP Release to Repro Prod S3" status="PASSED">
         <system-out><![CDATA[2022-06-23 23:41:30 - [TEST_CASE][PASSED] - Test Cases/16 Support action (Completed ref)/16.06 Tag SAS B CompletedRTP Release to Repro Prod S3: Test Cases/16 Support action (Completed ref)/16.06 Tag SAS B CompletedRTP Release to Repro Prod S3

2022-06-23 23:41:31 - [TEST_STEP][PASSED] - data_Tag = findTestData("Data Files/Username_Password/Tag"): null

2022-06-23 23:41:31 - [TEST_STEP][PASSED] - password_jedun = data_Tag.getValue(3, 1): null

2022-06-23 23:41:31 - [TEST_STEP][PASSED] - password_rrowland = data_Tag.getValue(3, 2): null

2022-06-23 23:41:31 - [TEST_STEP][PASSED] - password_stest = data_Tag.getValue(3, 3): null

2022-06-23 23:41:31 - [TEST_STEP][PASSED] - password_itroin = data_Tag.getValue(3, 4): null

2022-06-23 23:41:31 - [TEST_STEP][PASSED] - password_igedik = data_Tag.getValue(3, 5): null

2022-06-23 23:41:31 - [TEST_STEP][PASSED] - password_mderdour = data_Tag.getValue(3, 6): null

2022-06-23 23:41:31 - [TEST_STEP][PASSED] - password_achatin = data_Tag.getValue(3, 7): null

2022-06-23 23:41:31 - [TEST_STEP][PASSED] - password_tliu = data_Tag.getValue(3, 8): null

2022-06-23 23:41:31 - [TEST_STEP][PASSED] - password_ccaramella = data_Tag.getValue(3, 9): null

2022-06-23 23:41:31 - [TEST_STEP][PASSED] - password_achay = data_Tag.getValue(3, 10): null

2022-06-23 23:41:31 - [TEST_STEP][PASSED] - password_cbono = data_Tag.getValue(3, 11): null

2022-06-23 23:41:31 - [TEST_STEP][PASSED] - password_pmareri = data_Tag.getValue(3, 12): null

2022-06-23 23:41:31 - [TEST_STEP][PASSED] - password_qeuzen = data_Tag.getValue(3, 13): null

2022-06-23 23:41:31 - [TEST_STEP][PASSED] - password_alanglois = data_Tag.getValue(3, 14): null

2022-06-23 23:41:31 - [TEST_STEP][PASSED] - password_bzavaglia = data_Tag.getValue(3, 15): null

2022-06-23 23:41:31 - [TEST_STEP][PASSED] - password_asamyn = data_Tag.getValue(3, 16): null

2022-06-23 23:41:31 - [TEST_STEP][PASSED] - password_mraoul = data_Tag.getValue(3, 17): null

2022-06-23 23:41:31 - [TEST_STEP][PASSED] - password_idiaz = data_Tag.getValue(3, 18): null

2022-06-23 23:41:31 - [TEST_STEP][PASSED] - data_urlRELAUTO = findTestData("Data Files/URL/URL_relauto"): null

2022-06-23 23:41:31 - [TEST_STEP][PASSED] - Url_Tag = data_urlRELAUTO.getValue(2, 3): null

2022-06-23 23:41:31 - [TEST_STEP][PASSED] - Project_No = "MI003396": null

2022-06-23 23:41:31 - [TEST_STEP][PASSED] - refID = "24384": null

2022-06-23 23:41:31 - [TEST_STEP][PASSED] - openBrowser(Url_Tag): Browser is opened with url: 'http://mdb-release.diadeis.lan/MediaboxIndependence/?MBI_datasource=RELTESTAUTO_TAG'

2022-06-23 23:41:31 - [MESSAGE][INFO] - Starting 'Chrome (headless)' driver

2022-06-23 23:41:31 - [MESSAGE][INFO] - User set preference: ['args', '[--window-size=1920,1080, --headless]']

2022-06-23 23:41:31 - [MESSAGE][INFO] - Action delay is set to 0 milliseconds

2022-06-23 23:41:52 - [MESSAGE][PASSED] - Browser is opened with url: 'http://mdb-release.diadeis.lan/MediaboxIndependence/?MBI_datasource=RELTESTAUTO_TAG'

2022-06-23 23:41:52 - [TEST_STEP][PASSED] - maximizeWindow(): Current window maximized

2022-06-23 23:41:53 - [MESSAGE][PASSED] - Current window maximized

2022-06-23 23:41:53 - [TEST_STEP][PASSED] - waitForPageLoad(30): Wait for page load successfully

2022-06-23 23:41:54 - [MESSAGE][PASSED] - Wait for page load successfully

2022-06-23 23:41:54 - [TEST_STEP][PASSED] - takeScreenshot(): Taking screenshot successfully

2022-06-23 23:41:56 - [MESSAGE][PASSED] - Taking screenshot successfully
[[ATTACHMENT|D:\\Projet Test Auto\\Mediabox Test Automation\\Reports\\20220623_184212\\03. Parallel Testing (Testing)\\TS -PT PART 3\\11 Tag SAS_Task_Full lifecycle\\20220623_184238\\1656020515331.png]]

2022-06-23 23:41:56 - [TEST_STEP][PASSED] - I.Login_password("jedun", password_jedun): Object: 'Object Repository/1. Constant/xpath' is clicked on

2022-06-23 23:41:58 - [MESSAGE][PASSED] - Text 'jedun' is set on object 'Object Repository/1. Constant/xpath'

2022-06-23 23:41:59 - [MESSAGE][PASSED] - Delayed 1 second(s)

2022-06-23 23:42:03 - [MESSAGE][PASSED] - Text 'dchi' is set on object 'Object Repository/1. Constant/xpath'

2022-06-23 23:42:04 - [MESSAGE][PASSED] - Delayed 1 second(s)

2022-06-23 23:42:19 - [MESSAGE][PASSED] - Object: 'Object Repository/1. Constant/xpath' is clicked on

2022-06-23 23:42:19 - [TEST_STEP][PASSED] - takeScreenshot(): Taking screenshot successfully

2022-06-23 23:42:20 - [MESSAGE][PASSED] - Taking screenshot successfully
[[ATTACHMENT|D:\\Projet Test Auto\\Mediabox Test Automation\\Reports\\20220623_184212\\03. Parallel Testing (Testing)\\TS -PT PART 3\\11 Tag SAS_Task_Full lifecycle\\20220623_184238\\1656020540388.png]]

2022-06-23 23:42:20 - [TEST_STEP][PASSED] - click(findTestObject("1. Constant/02_LHSMenu_Projects")): Object: 'Object Repository/1. Constant/02_LHSMenu_Projects' is clicked on

2022-06-23 23:42:27 - [MESSAGE][PASSED] - Object: 'Object Repository/1. Constant/02_LHSMenu_Projects' is clicked on

2022-06-23 23:42:27 - [TEST_STEP][PASSED] - I.SearchProjectNo(Project_No, findTestObject("1. Constant/xpath", ["xpath":"//*[@id="form_filters"]/div[7]/button"])): Delayed 5 second(s)

2022-06-23 23:42:29 - [MESSAGE][PASSED] - Text 'MI003396' is set on object 'Object Repository/1. Constant/xpath'

2022-06-23 23:42:32 - [MESSAGE][PASSED] - Delayed 3 second(s)

2022-06-23 23:42:40 - [MESSAGE][PASSED] - Object: 'Object Repository/1. Constant/xpath' is clicked on

2022-06-23 23:42:45 - [MESSAGE][PASSED] - Delayed 5 second(s)

2022-06-23 23:42:45 - [TEST_STEP][PASSED] - delay(1): Delayed 1 second(s)

2022-06-23 23:42:46 - [MESSAGE][PASSED] - Delayed 1 second(s)

2022-06-23 23:42:46 - [TEST_STEP][PASSED] - takeScreenshot(): Taking screenshot successfully

2022-06-23 23:42:47 - [MESSAGE][PASSED] - Taking screenshot successfully
[[ATTACHMENT|D:\\Projet Test Auto\\Mediabox Test Automation\\Reports\\20220623_184212\\03. Parallel Testing (Testing)\\TS -PT PART 3\\11 Tag SAS_Task_Full lifecycle\\20220623_184238\\1656020567223.png]]

2022-06-23 23:42:47 - [TEST_STEP][PASSED] - click(findTestObject("1. Constant/xpath", ["xpath":"//*[@id="source_24384"]/td[8]/a"])): Object: 'Object Repository/1. Constant/xpath' is clicked on

2022-06-23 23:42:52 - [MESSAGE][PASSED] - Object: 'Object Repository/1. Constant/xpath' is clicked on

2022-06-23 23:42:52 - [TEST_STEP][PASSED] - delay(1): Delayed 1 second(s)

2022-06-23 23:42:53 - [MESSAGE][PASSED] - Delayed 1 second(s)

2022-06-23 23:42:53 - [TEST_STEP][PASSED] - click(findTestObject("1. Constant/xpath", ["xpath":"//*[@id="kt_content"]/div[3]/div/ul/li[3]/a"])): Object: 'Object Repository/1. Constant/xpath' is clicked on

2022-06-23 23:42:56 - [MESSAGE][PASSED] - Object: 'Object Repository/1. Constant/xpath' is clicked on

2022-06-23 23:42:56 - [TEST_STEP][PASSED] - delay(1): Delayed 1 second(s)

2022-06-23 23:42:57 - [MESSAGE][PASSED] - Delayed 1 second(s)

2022-06-23 23:42:57 - [TEST_STEP][PASSED] - takeScreenshot(): Taking screenshot successfully

2022-06-23 23:42:58 - [MESSAGE][PASSED] - Taking screenshot successfully
[[ATTACHMENT|D:\\Projet Test Auto\\Mediabox Test Automation\\Reports\\20220623_184212\\03. Parallel Testing (Testing)\\TS -PT PART 3\\11 Tag SAS_Task_Full lifecycle\\20220623_184238\\1656020577595.png]]

2022-06-23 23:42:58 - [TEST_STEP][PASSED] - click(findTestObject("1. Constant/xpath", ["xpath":"/html/body/div[1]/div[2]/div[8]/div[3]/div/div[3]/div[3]/div/ul/li/a"])): Object: 'Object Repository/1. Constant/xpath' is clicked on

2022-06-23 23:42:59 - [MESSAGE][PASSED] - Object: 'Object Repository/1. Constant/xpath' is clicked on

2022-06-23 23:42:59 - [TEST_STEP][PASSED] - delay(1): Delayed 1 second(s)

2022-06-23 23:43:00 - [MESSAGE][PASSED] - Delayed 1 second(s)

2022-06-23 23:43:00 - [TEST_STEP][PASSED] - click(findTestObject("1. Constant/xpath", ["xpath":"/html/body/div[1]/div[2]/div[8]/div[3]/div/div[3]/div[3]/div/div/div/div/div[4]/div/div[1]/div[2]/div/a[4]"])): Object: 'Object Repository/1. Constant/xpath' is clicked on

2022-06-23 23:43:01 - [MESSAGE][PASSED] - Object: 'Object Repository/1. Constant/xpath' is clicked on

2022-06-23 23:43:01 - [TEST_STEP][PASSED] - delay(1): Delayed 1 second(s)

2022-06-23 23:43:02 - [MESSAGE][PASSED] - Delayed 1 second(s)

2022-06-23 23:43:02 - [TEST_STEP][PASSED] - takeScreenshot(): Taking screenshot successfully

2022-06-23 23:43:03 - [MESSAGE][PASSED] - Taking screenshot successfully
[[ATTACHMENT|D:\\Projet Test Auto\\Mediabox Test Automation\\Reports\\20220623_184212\\03. Parallel Testing (Testing)\\TS -PT PART 3\\11 Tag SAS_Task_Full lifecycle\\20220623_184238\\1656020582893.png]]

2022-06-23 23:43:03 - [TEST_STEP][PASSED] - delay(1): Delayed 1 second(s)

2022-06-23 23:43:04 - [MESSAGE][PASSED] - Delayed 1 second(s)

2022-06-23 23:43:04 - [TEST_STEP][PASSED] - click(findTestObject("1. Constant/xpath", ["xpath":"//*[@id="modal_support_action_shortcut"]/div/div/div[3]/button[2]"])): Object: 'Object Repository/1. Constant/xpath' is clicked on

2022-06-23 23:43:14 - [MESSAGE][PASSED] - Object: 'Object Repository/1. Constant/xpath' is clicked on

2022-06-23 23:43:14 - [TEST_STEP][PASSED] - click(findTestObject("1. Constant/xpath", ["xpath":"//*[@id="kt_subheader"]/div/nav/ol/li[2]/a"])): Object: 'Object Repository/1. Constant/xpath' is clicked on

2022-06-23 23:43:22 - [MESSAGE][PASSED] - Object: 'Object Repository/1. Constant/xpath' is clicked on

2022-06-23 23:43:22 - [TEST_STEP][PASSED] - delay(1): Delayed 1 second(s)

2022-06-23 23:43:23 - [MESSAGE][PASSED] - Delayed 1 second(s)

2022-06-23 23:43:23 - [TEST_STEP][PASSED] - takeScreenshot(): Taking screenshot successfully

2022-06-23 23:43:23 - [MESSAGE][PASSED] - Taking screenshot successfully
[[ATTACHMENT|D:\\Projet Test Auto\\Mediabox Test Automation\\Reports\\20220623_184212\\03. Parallel Testing (Testing)\\TS -PT PART 3\\11 Tag SAS_Task_Full lifecycle\\20220623_184238\\1656020603359.png]]

2022-06-23 23:43:23 - [TEST_STEP][PASSED] - status1 = getText(findTestObject("1. Constant/xpath", ["xpath":"//*[@id="source_24384"]/td[13]/span[1]"])): Text of object 'Object Repository/1. Constant/xpath' is: 'Agency: Repro production'

2022-06-23 23:43:24 - [MESSAGE][PASSED] - Text of object 'Object Repository/1. Constant/xpath' is: 'Agency: Repro production'

2022-06-23 23:43:24 - [TEST_STEP][PASSED] - verifyMatch(status1, "Agency: Repro production", false): Actual text 'Agency: Repro production' and expected text 'Agency: Repro production' are matched 

2022-06-23 23:43:24 - [MESSAGE][PASSED] - Actual text 'Agency: Repro production' and expected text 'Agency: Repro production' are matched 

2022-06-23 23:43:24 - [TEST_STEP][PASSED] - closeBrowser(): Browser is closed

2022-06-23 23:43:30 - [MESSAGE][PASSED] - Browser is closed

2022-06-23 23:43:30 - [TEST_STEP][PASSED] - Start listener action : sampleAfterTestCase: null]]></system-out>
         <system-err><![CDATA[]]></system-err>
      </testcase>
      <testcase name="Test Cases/16 Support action (Completed ref)/16.04 Tag SAS MD - Release to Prod (Completed ref) S1" time="222.321" classname="Test Cases/16 Support action (Completed ref)/16.04 Tag SAS MD - Release to Prod (Completed ref) S1" status="PASSED">
         <system-out><![CDATA[2022-06-23 23:43:30 - [TEST_CASE][PASSED] - Test Cases/16 Support action (Completed ref)/16.04 Tag SAS MD - Release to Prod (Completed ref) S1: Test Cases/16 Support action (Completed ref)/16.04 Tag SAS MD - Release to Prod (Completed ref) S1

2022-06-23 23:43:31 - [TEST_STEP][PASSED] - data_Tag = findTestData("Data Files/Username_Password/Tag"): null

2022-06-23 23:43:31 - [TEST_STEP][PASSED] - password_jedun = data_Tag.getValue(3, 1): null

2022-06-23 23:43:31 - [TEST_STEP][PASSED] - password_rrowland = data_Tag.getValue(3, 2): null

2022-06-23 23:43:31 - [TEST_STEP][PASSED] - password_stest = data_Tag.getValue(3, 3): null

2022-06-23 23:43:31 - [TEST_STEP][PASSED] - password_itroin = data_Tag.getValue(3, 4): null

2022-06-23 23:43:31 - [TEST_STEP][PASSED] - password_igedik = data_Tag.getValue(3, 5): null

2022-06-23 23:43:31 - [TEST_STEP][PASSED] - password_mderdour = data_Tag.getValue(3, 6): null

2022-06-23 23:43:31 - [TEST_STEP][PASSED] - password_achatin = data_Tag.getValue(3, 7): null

2022-06-23 23:43:31 - [TEST_STEP][PASSED] - password_tliu = data_Tag.getValue(3, 8): null

2022-06-23 23:43:31 - [TEST_STEP][PASSED] - password_ccaramella = data_Tag.getValue(3, 9): null

2022-06-23 23:43:31 - [TEST_STEP][PASSED] - password_achay = data_Tag.getValue(3, 10): null

2022-06-23 23:43:31 - [TEST_STEP][PASSED] - password_cbono = data_Tag.getValue(3, 11): null

2022-06-23 23:43:31 - [TEST_STEP][PASSED] - password_pmareri = data_Tag.getValue(3, 12): null

2022-06-23 23:43:31 - [TEST_STEP][PASSED] - password_qeuzen = data_Tag.getValue(3, 13): null

2022-06-23 23:43:31 - [TEST_STEP][PASSED] - password_alanglois = data_Tag.getValue(3, 14): null

2022-06-23 23:43:31 - [TEST_STEP][PASSED] - password_bzavaglia = data_Tag.getValue(3, 15): null

2022-06-23 23:43:31 - [TEST_STEP][PASSED] - password_asamyn = data_Tag.getValue(3, 16): null

2022-06-23 23:43:31 - [TEST_STEP][PASSED] - password_mraoul = data_Tag.getValue(3, 17): null

2022-06-23 23:43:31 - [TEST_STEP][PASSED] - password_idiaz = data_Tag.getValue(3, 18): null

2022-06-23 23:43:31 - [TEST_STEP][PASSED] - data_urlRELAUTO = findTestData("Data Files/URL/URL_relauto"): null

2022-06-23 23:43:31 - [TEST_STEP][PASSED] - Url_Tag = data_urlRELAUTO.getValue(2, 3): null

2022-06-23 23:43:31 - [TEST_STEP][PASSED] - Project_No = "MI003396 ": null

2022-06-23 23:43:31 - [TEST_STEP][PASSED] - openBrowser(Url_Tag): Browser is opened with url: 'http://mdb-release.diadeis.lan/MediaboxIndependence/?MBI_datasource=RELTESTAUTO_TAG'

2022-06-23 23:43:31 - [MESSAGE][INFO] - Starting 'Chrome (headless)' driver

2022-06-23 23:43:31 - [MESSAGE][INFO] - User set preference: ['args', '[--window-size=1920,1080, --headless]']

2022-06-23 23:43:31 - [MESSAGE][INFO] - Action delay is set to 0 milliseconds

2022-06-23 23:43:52 - [MESSAGE][PASSED] - Browser is opened with url: 'http://mdb-release.diadeis.lan/MediaboxIndependence/?MBI_datasource=RELTESTAUTO_TAG'

2022-06-23 23:43:52 - [TEST_STEP][PASSED] - maximizeWindow(): Current window maximized

2022-06-23 23:43:52 - [MESSAGE][PASSED] - Current window maximized

2022-06-23 23:43:52 - [TEST_STEP][PASSED] - waitForPageLoad(30): Wait for page load successfully

2022-06-23 23:43:52 - [MESSAGE][PASSED] - Wait for page load successfully

2022-06-23 23:43:52 - [TEST_STEP][PASSED] - takeScreenshot(): Taking screenshot successfully

2022-06-23 23:43:53 - [MESSAGE][PASSED] - Taking screenshot successfully
[[ATTACHMENT|D:\\Projet Test Auto\\Mediabox Test Automation\\Reports\\20220623_184212\\03. Parallel Testing (Testing)\\TS -PT PART 3\\11 Tag SAS_Task_Full lifecycle\\20220623_184238\\1656020632962.png]]

2022-06-23 23:43:53 - [TEST_STEP][PASSED] - I.Login_password("mraoul", password_mraoul): Object: 'Object Repository/1. Constant/xpath' is clicked on

2022-06-23 23:43:55 - [MESSAGE][PASSED] - Text 'mraoul' is set on object 'Object Repository/1. Constant/xpath'

2022-06-23 23:43:56 - [MESSAGE][PASSED] - Delayed 1 second(s)

2022-06-23 23:43:56 - [MESSAGE][PASSED] - Text 'dchi' is set on object 'Object Repository/1. Constant/xpath'

2022-06-23 23:43:57 - [MESSAGE][PASSED] - Delayed 1 second(s)

2022-06-23 23:44:11 - [MESSAGE][PASSED] - Object: 'Object Repository/1. Constant/xpath' is clicked on

2022-06-23 23:44:11 - [TEST_STEP][PASSED] - click(findTestObject("1. Constant/02_LHSMenu_Projects")): Object: 'Object Repository/1. Constant/02_LHSMenu_Projects' is clicked on

2022-06-23 23:44:20 - [MESSAGE][PASSED] - Object: 'Object Repository/1. Constant/02_LHSMenu_Projects' is clicked on

2022-06-23 23:44:20 - [TEST_STEP][PASSED] - I.SearchProjectNo(Project_No, findTestObject("1. Constant/xpath", ["xpath":"//*[@id="form_filters"]/div[8]/button"])): Delayed 5 second(s)

2022-06-23 23:44:23 - [MESSAGE][PASSED] - Text 'MI003396 ' is set on object 'Object Repository/1. Constant/xpath'

2022-06-23 23:44:26 - [MESSAGE][PASSED] - Delayed 3 second(s)

2022-06-23 23:44:37 - [MESSAGE][PASSED] - Object: 'Object Repository/1. Constant/xpath' is clicked on

2022-06-23 23:44:42 - [MESSAGE][PASSED] - Delayed 5 second(s)

2022-06-23 23:44:42 - [TEST_STEP][PASSED] - delay(1): Delayed 1 second(s)

2022-06-23 23:44:43 - [MESSAGE][PASSED] - Delayed 1 second(s)

2022-06-23 23:44:43 - [TEST_STEP][PASSED] - takeScreenshot(): Taking screenshot successfully

2022-06-23 23:44:44 - [MESSAGE][PASSED] - Taking screenshot successfully
[[ATTACHMENT|D:\\Projet Test Auto\\Mediabox Test Automation\\Reports\\20220623_184212\\03. Parallel Testing (Testing)\\TS -PT PART 3\\11 Tag SAS_Task_Full lifecycle\\20220623_184238\\1656020684342.png]]

2022-06-23 23:44:44 - [TEST_STEP][PASSED] - click(findTestObject("1. Constant/xpath", ["xpath":"//*[@id="source_24379"]/td[8]/a[1]"])): Object: 'Object Repository/1. Constant/xpath' is clicked on

2022-06-23 23:44:48 - [MESSAGE][PASSED] - Object: 'Object Repository/1. Constant/xpath' is clicked on

2022-06-23 23:44:48 - [TEST_STEP][PASSED] - delay(1): Delayed 1 second(s)

2022-06-23 23:44:49 - [MESSAGE][PASSED] - Delayed 1 second(s)

2022-06-23 23:44:49 - [TEST_STEP][PASSED] - click(findTestObject("1. Constant/xpath", ["xpath":"//*[@id="kt_content"]/div[3]/div/ul/li[3]/a"])): Object: 'Object Repository/1. Constant/xpath' is clicked on

2022-06-23 23:44:52 - [MESSAGE][PASSED] - Object: 'Object Repository/1. Constant/xpath' is clicked on

2022-06-23 23:44:52 - [TEST_STEP][PASSED] - delay(1): Delayed 1 second(s)

2022-06-23 23:44:53 - [MESSAGE][PASSED] - Delayed 1 second(s)

2022-06-23 23:44:53 - [TEST_STEP][PASSED] - takeScreenshot(): Taking screenshot successfully

2022-06-23 23:44:54 - [MESSAGE][PASSED] - Taking screenshot successfully
[[ATTACHMENT|D:\\Projet Test Auto\\Mediabox Test Automation\\Reports\\20220623_184212\\03. Parallel Testing (Testing)\\TS -PT PART 3\\11 Tag SAS_Task_Full lifecycle\\20220623_184238\\1656020693933.png]]

2022-06-23 23:44:54 - [TEST_STEP][PASSED] - click(findTestObject("1. Constant/xpath", ["xpath":"/html/body/div[1]/div[2]/div[8]/div[3]/div/div[3]/div[3]/div/ul/li[2]/a"])): Object: 'Object Repository/1. Constant/xpath' is clicked on

2022-06-23 23:44:56 - [MESSAGE][PASSED] - Object: 'Object Repository/1. Constant/xpath' is clicked on

2022-06-23 23:44:56 - [TEST_STEP][PASSED] - delay(1): Delayed 1 second(s)

2022-06-23 23:44:57 - [MESSAGE][PASSED] - Delayed 1 second(s)

2022-06-23 23:44:57 - [TEST_STEP][PASSED] - takeScreenshot(): Taking screenshot successfully

2022-06-23 23:44:57 - [MESSAGE][PASSED] - Taking screenshot successfully
[[ATTACHMENT|D:\\Projet Test Auto\\Mediabox Test Automation\\Reports\\20220623_184212\\03. Parallel Testing (Testing)\\TS -PT PART 3\\11 Tag SAS_Task_Full lifecycle\\20220623_184238\\1656020697472.png]]

2022-06-23 23:44:57 - [TEST_STEP][PASSED] - click(findTestObject("1. Constant/xpath", ["xpath":"/html/body/div[1]/div[2]/div[8]/div[3]/div/div[3]/div[3]/div/div/div[2]/div/div[5]/div/div[1]/div[2]/div/a[4]"])): Object: 'Object Repository/1. Constant/xpath' is clicked on

2022-06-23 23:44:59 - [MESSAGE][PASSED] - Object: 'Object Repository/1. Constant/xpath' is clicked on

2022-06-23 23:44:59 - [TEST_STEP][PASSED] - delay(1): Delayed 1 second(s)

2022-06-23 23:45:00 - [MESSAGE][PASSED] - Delayed 1 second(s)

2022-06-23 23:45:00 - [TEST_STEP][PASSED] - takeScreenshot(): Taking screenshot successfully

2022-06-23 23:45:00 - [MESSAGE][PASSED] - Taking screenshot successfully
[[ATTACHMENT|D:\\Projet Test Auto\\Mediabox Test Automation\\Reports\\20220623_184212\\03. Parallel Testing (Testing)\\TS -PT PART 3\\11 Tag SAS_Task_Full lifecycle\\20220623_184238\\1656020700430.png]]

2022-06-23 23:45:00 - [TEST_STEP][PASSED] - click(findTestObject("1. Constant/xpath", ["xpath":"//*[@id="modal_support_action_shortcut"]/div/div/div[3]/button[2]"])): Object: 'Object Repository/1. Constant/xpath' is clicked on

2022-06-23 23:45:12 - [MESSAGE][PASSED] - Object: 'Object Repository/1. Constant/xpath' is clicked on

2022-06-23 23:45:12 - [TEST_STEP][PASSED] - delay(1): Delayed 1 second(s)

2022-06-23 23:45:13 - [MESSAGE][PASSED] - Delayed 1 second(s)

2022-06-23 23:45:13 - [TEST_STEP][PASSED] - click(findTestObject("1. Constant/xpath", ["xpath":"//*[@id="kt_subheader"]/div/nav/ol/li[2]/a"])): Object: 'Object Repository/1. Constant/xpath' is clicked on

2022-06-23 23:45:18 - [MESSAGE][PASSED] - Object: 'Object Repository/1. Constant/xpath' is clicked on

2022-06-23 23:45:18 - [TEST_STEP][PASSED] - delay(1): Delayed 1 second(s)

2022-06-23 23:45:19 - [MESSAGE][PASSED] - Delayed 1 second(s)

2022-06-23 23:45:19 - [TEST_STEP][PASSED] - takeScreenshot(): Taking screenshot successfully

2022-06-23 23:45:21 - [MESSAGE][PASSED] - Taking screenshot successfully
[[ATTACHMENT|D:\\Projet Test Auto\\Mediabox Test Automation\\Reports\\20220623_184212\\03. Parallel Testing (Testing)\\TS -PT PART 3\\11 Tag SAS_Task_Full lifecycle\\20220623_184238\\1656020720466.png]]

2022-06-23 23:45:21 - [TEST_STEP][PASSED] - status1 = getText(findTestObject("1. Constant/xpath", ["xpath":"//*[@id="source_24379"]/td[14]/span[1]"])): Text of object 'Object Repository/1. Constant/xpath' is: 'Agency: MD production'

2022-06-23 23:45:22 - [MESSAGE][PASSED] - Text of object 'Object Repository/1. Constant/xpath' is: 'Agency: MD production'

2022-06-23 23:45:22 - [TEST_STEP][PASSED] - verifyMatch(status1, "Agency: MD production", false): Actual text 'Agency: MD production' and expected text 'Agency: MD production' are matched 

2022-06-23 23:45:22 - [MESSAGE][PASSED] - Actual text 'Agency: MD production' and expected text 'Agency: MD production' are matched 

2022-06-23 23:45:22 - [TEST_STEP][PASSED] - I.Logout(): Delayed 3 second(s)

2022-06-23 23:45:25 - [MESSAGE][PASSED] - Delayed 3 second(s)

2022-06-23 23:45:25 - [MESSAGE][PASSED] - Object: 'Object Repository/1. Constant/xpath' is clicked on

2022-06-23 23:45:28 - [MESSAGE][PASSED] - Delayed 3 second(s)

2022-06-23 23:45:31 - [MESSAGE][PASSED] - Object: 'Object Repository/1. Constant/xpath' is clicked on

2022-06-23 23:45:34 - [MESSAGE][PASSED] - Delayed 3 second(s)

2022-06-23 23:45:34 - [TEST_STEP][PASSED] - I.Login_password("idiaz", password_idiaz): Object: 'Object Repository/1. Constant/xpath' is clicked on

2022-06-23 23:45:35 - [MESSAGE][PASSED] - Text 'idiaz' is set on object 'Object Repository/1. Constant/xpath'

2022-06-23 23:45:36 - [MESSAGE][PASSED] - Delayed 1 second(s)

2022-06-23 23:45:39 - [MESSAGE][PASSED] - Text 'dchi' is set on object 'Object Repository/1. Constant/xpath'

2022-06-23 23:45:40 - [MESSAGE][PASSED] - Delayed 1 second(s)

2022-06-23 23:45:43 - [MESSAGE][PASSED] - Object: 'Object Repository/1. Constant/xpath' is clicked on

2022-06-23 23:45:43 - [TEST_STEP][PASSED] - click(findTestObject("1. Constant/02_LHSMenu_Projects")): Object: 'Object Repository/1. Constant/02_LHSMenu_Projects' is clicked on

2022-06-23 23:45:50 - [MESSAGE][PASSED] - Object: 'Object Repository/1. Constant/02_LHSMenu_Projects' is clicked on

2022-06-23 23:45:50 - [TEST_STEP][PASSED] - I.SearchProjectNo(Project_No, findTestObject("1. Constant/xpath", ["xpath":"//*[@id="form_filters"]/div[6]/button"])): Delayed 5 second(s)

2022-06-23 23:45:51 - [MESSAGE][PASSED] - Text 'MI003396 ' is set on object 'Object Repository/1. Constant/xpath'

2022-06-23 23:45:54 - [MESSAGE][PASSED] - Delayed 3 second(s)

2022-06-23 23:46:00 - [MESSAGE][PASSED] - Object: 'Object Repository/1. Constant/xpath' is clicked on

2022-06-23 23:46:05 - [MESSAGE][PASSED] - Delayed 5 second(s)

2022-06-23 23:46:05 - [TEST_STEP][PASSED] - delay(1): Delayed 1 second(s)

2022-06-23 23:46:06 - [MESSAGE][PASSED] - Delayed 1 second(s)

2022-06-23 23:46:06 - [TEST_STEP][PASSED] - takeScreenshot(): Taking screenshot successfully

2022-06-23 23:46:07 - [MESSAGE][PASSED] - Taking screenshot successfully
[[ATTACHMENT|D:\\Projet Test Auto\\Mediabox Test Automation\\Reports\\20220623_184212\\03. Parallel Testing (Testing)\\TS -PT PART 3\\11 Tag SAS_Task_Full lifecycle\\20220623_184238\\1656020766776.png]]

2022-06-23 23:46:07 - [TEST_STEP][PASSED] - color1 = getCSSValue(findTestObject("1. Constant/xpath", ["xpath":"//*[@id="source_24379"]/td[15]/a[2]"]), "color", OPTIONAL): Get CSS 'color' value on 'Object Repository/1. Constant/xpath' successfully: 'rgba(255, 255, 255, 1)'.

2022-06-23 23:46:09 - [MESSAGE][PASSED] - Get CSS 'color' value on 'Object Repository/1. Constant/xpath' successfully: 'rgba(255, 255, 255, 1)'.

2022-06-23 23:46:09 - [TEST_STEP][PASSED] - I.print(color1): null

2022-06-23 23:46:09 - [TEST_STEP][PASSED] - while (color1 == "rgba(255, 255, 255, 1)"): Get CSS 'color' value on 'Object Repository/1. Constant/xpath' successfully: 'rgba(54, 153, 255, 1)'.

2022-06-23 23:46:09 - [TEST_STEP][PASSED] - click(findTestObject("1. Constant/xpath", ["xpath":"//*[@id="source_24379"]/td[15]/a[2]"])): Object: 'Object Repository/1. Constant/xpath' is clicked on

2022-06-23 23:46:11 - [MESSAGE][PASSED] - Object: 'Object Repository/1. Constant/xpath' is clicked on

2022-06-23 23:46:11 - [TEST_STEP][PASSED] - I.UploadDoc_sendkey_Prod(findTestObject("1. Constant/xpath", ["xpath":"//*[@id="kt_body"]/input[2]"]), "D:\Upoad_File\Upload doc\testdata1.jpg", "testdata1"): Delayed 5 second(s)

2022-06-23 23:46:12 - [MESSAGE][PASSED] - Scroll to object 'Object Repository/1. Constant/xpath' successfully

2022-06-23 23:46:17 - [MESSAGE][PASSED] - Delayed 5 second(s)

2022-06-23 23:46:17 - [MESSAGE][PASSED] - File 'D:\Upoad_File\Upload doc\testdata1.jpg' sent to object: 'Object Repository/1. Constant/xpath'

2022-06-23 23:46:22 - [MESSAGE][PASSED] - Delayed 5 second(s)

2022-06-23 23:46:24 - [MESSAGE][PASSED] - Text 'testdata1' is present on page 

2022-06-23 23:46:29 - [MESSAGE][PASSED] - Delayed 5 second(s)

2022-06-23 23:46:34 - [MESSAGE][PASSED] - Delayed 5 second(s)

2022-06-23 23:46:34 - [TEST_STEP][PASSED] - takeScreenshot(): Taking screenshot successfully

2022-06-23 23:46:34 - [MESSAGE][PASSED] - Taking screenshot successfully
[[ATTACHMENT|D:\\Projet Test Auto\\Mediabox Test Automation\\Reports\\20220623_184212\\03. Parallel Testing (Testing)\\TS -PT PART 3\\11 Tag SAS_Task_Full lifecycle\\20220623_184238\\1656020794418.png]]

2022-06-23 23:46:34 - [TEST_STEP][PASSED] - delay(10): Delayed 10 second(s)

2022-06-23 23:46:44 - [MESSAGE][PASSED] - Delayed 10 second(s)

2022-06-23 23:46:44 - [TEST_STEP][PASSED] - click(findTestObject("HL Full Lifecycle/12 ReferncePage_Button_Updatensenddoc")): Object: 'Object Repository/HL Full Lifecycle/12 ReferncePage_Button_Updatensenddoc' is clicked on

2022-06-23 23:47:04 - [MESSAGE][PASSED] - Object: 'Object Repository/HL Full Lifecycle/12 ReferncePage_Button_Updatensenddoc' is clicked on

2022-06-23 23:47:04 - [TEST_STEP][PASSED] - delay(5): Delayed 5 second(s)

2022-06-23 23:47:09 - [MESSAGE][PASSED] - Delayed 5 second(s)

2022-06-23 23:47:09 - [TEST_STEP][PASSED] - test = getText(findTestObject("1. Constant/xpath", ["xpath":"//*[@id="source_24379"]/td[13]/span[1]"])): Text of object 'Object Repository/1. Constant/xpath' is: 'DMI: MD approval'

2022-06-23 23:47:11 - [MESSAGE][PASSED] - Text of object 'Object Repository/1. Constant/xpath' is: 'DMI: MD approval'

2022-06-23 23:47:11 - [TEST_STEP][PASSED] - if (test != "DMI: MD approval"): null

2022-06-23 23:47:11 - [TEST_STEP][PASSED] - else: Get CSS 'color' value on 'Object Repository/1. Constant/xpath' successfully: 'rgba(54, 153, 255, 1)'.

2022-06-23 23:47:11 - [TEST_STEP][PASSED] - color1 = getCSSValue(findTestObject("1. Constant/xpath", ["xpath":"//*[@id="source_24379"]/td[15]/a"]), "color", OPTIONAL): Get CSS 'color' value on 'Object Repository/1. Constant/xpath' successfully: 'rgba(54, 153, 255, 1)'.

2022-06-23 23:47:11 - [MESSAGE][PASSED] - Get CSS 'color' value on 'Object Repository/1. Constant/xpath' successfully: 'rgba(54, 153, 255, 1)'.

2022-06-23 23:47:11 - [TEST_STEP][PASSED] - closeBrowser(): Browser is closed

2022-06-23 23:47:13 - [MESSAGE][PASSED] - Browser is closed

2022-06-23 23:47:13 - [TEST_STEP][PASSED] - Start listener action : sampleAfterTestCase: null]]></system-out>
         <system-err><![CDATA[]]></system-err>
      </testcase>
      <testcase name="Test Cases/16 Support action (Completed ref)/16.05 Tag SAS A - Completed to Repro Prod  S2" time="123.129" classname="Test Cases/16 Support action (Completed ref)/16.05 Tag SAS A - Completed to Repro Prod  S2" status="PASSED">
         <system-out><![CDATA[2022-06-23 23:47:13 - [TEST_CASE][PASSED] - Test Cases/16 Support action (Completed ref)/16.05 Tag SAS A - Completed to Repro Prod  S2: Test Cases/16 Support action (Completed ref)/16.05 Tag SAS A - Completed to Repro Prod  S2

2022-06-23 23:47:13 - [TEST_STEP][PASSED] - data_Tag = findTestData("Data Files/Username_Password/Tag"): null

2022-06-23 23:47:13 - [TEST_STEP][PASSED] - password_jedun = data_Tag.getValue(3, 1): null

2022-06-23 23:47:13 - [TEST_STEP][PASSED] - password_rrowland = data_Tag.getValue(3, 2): null

2022-06-23 23:47:13 - [TEST_STEP][PASSED] - password_stest = data_Tag.getValue(3, 3): null

2022-06-23 23:47:13 - [TEST_STEP][PASSED] - password_itroin = data_Tag.getValue(3, 4): null

2022-06-23 23:47:13 - [TEST_STEP][PASSED] - password_igedik = data_Tag.getValue(3, 5): null

2022-06-23 23:47:13 - [TEST_STEP][PASSED] - password_mderdour = data_Tag.getValue(3, 6): null

2022-06-23 23:47:13 - [TEST_STEP][PASSED] - password_achatin = data_Tag.getValue(3, 7): null

2022-06-23 23:47:13 - [TEST_STEP][PASSED] - password_tliu = data_Tag.getValue(3, 8): null

2022-06-23 23:47:13 - [TEST_STEP][PASSED] - password_ccaramella = data_Tag.getValue(3, 9): null

2022-06-23 23:47:13 - [TEST_STEP][PASSED] - password_achay = data_Tag.getValue(3, 10): null

2022-06-23 23:47:13 - [TEST_STEP][PASSED] - password_cbono = data_Tag.getValue(3, 11): null

2022-06-23 23:47:13 - [TEST_STEP][PASSED] - password_pmareri = data_Tag.getValue(3, 12): null

2022-06-23 23:47:13 - [TEST_STEP][PASSED] - password_qeuzen = data_Tag.getValue(3, 13): null

2022-06-23 23:47:13 - [TEST_STEP][PASSED] - password_alanglois = data_Tag.getValue(3, 14): null

2022-06-23 23:47:13 - [TEST_STEP][PASSED] - password_bzavaglia = data_Tag.getValue(3, 15): null

2022-06-23 23:47:13 - [TEST_STEP][PASSED] - password_asamyn = data_Tag.getValue(3, 16): null

2022-06-23 23:47:13 - [TEST_STEP][PASSED] - password_mraoul = data_Tag.getValue(3, 17): null

2022-06-23 23:47:13 - [TEST_STEP][PASSED] - password_idiaz = data_Tag.getValue(3, 18): null

2022-06-23 23:47:13 - [TEST_STEP][PASSED] - data_urlRELAUTO = findTestData("Data Files/URL/URL_relauto"): null

2022-06-23 23:47:13 - [TEST_STEP][PASSED] - Url_Tag = data_urlRELAUTO.getValue(2, 3): null

2022-06-23 23:47:13 - [TEST_STEP][PASSED] - Project_No = "MI003396 ": null

2022-06-23 23:47:13 - [TEST_STEP][PASSED] - refID = "24383": null

2022-06-23 23:47:13 - [TEST_STEP][PASSED] - openBrowser(Url_Tag): Browser is opened with url: 'http://mdb-release.diadeis.lan/MediaboxIndependence/?MBI_datasource=RELTESTAUTO_TAG'

2022-06-23 23:47:13 - [MESSAGE][INFO] - Starting 'Chrome (headless)' driver

2022-06-23 23:47:13 - [MESSAGE][INFO] - User set preference: ['args', '[--window-size=1920,1080, --headless]']

2022-06-23 23:47:13 - [MESSAGE][INFO] - Action delay is set to 0 milliseconds

2022-06-23 23:47:36 - [MESSAGE][PASSED] - Browser is opened with url: 'http://mdb-release.diadeis.lan/MediaboxIndependence/?MBI_datasource=RELTESTAUTO_TAG'

2022-06-23 23:47:36 - [TEST_STEP][PASSED] - maximizeWindow(): Current window maximized

2022-06-23 23:47:36 - [MESSAGE][PASSED] - Current window maximized

2022-06-23 23:47:36 - [TEST_STEP][PASSED] - waitForPageLoad(30): Wait for page load successfully

2022-06-23 23:47:36 - [MESSAGE][PASSED] - Wait for page load successfully

2022-06-23 23:47:36 - [TEST_STEP][PASSED] - takeScreenshot(): Taking screenshot successfully

2022-06-23 23:47:37 - [MESSAGE][PASSED] - Taking screenshot successfully
[[ATTACHMENT|D:\\Projet Test Auto\\Mediabox Test Automation\\Reports\\20220623_184212\\03. Parallel Testing (Testing)\\TS -PT PART 3\\11 Tag SAS_Task_Full lifecycle\\20220623_184238\\1656020857192.png]]

2022-06-23 23:47:37 - [TEST_STEP][PASSED] - I.Login_password("mraoul", password_mraoul): Object: 'Object Repository/1. Constant/xpath' is clicked on

2022-06-23 23:47:40 - [MESSAGE][PASSED] - Text 'mraoul' is set on object 'Object Repository/1. Constant/xpath'

2022-06-23 23:47:41 - [MESSAGE][PASSED] - Delayed 1 second(s)

2022-06-23 23:47:44 - [MESSAGE][PASSED] - Text 'dchi' is set on object 'Object Repository/1. Constant/xpath'

2022-06-23 23:47:45 - [MESSAGE][PASSED] - Delayed 1 second(s)

2022-06-23 23:47:57 - [MESSAGE][PASSED] - Object: 'Object Repository/1. Constant/xpath' is clicked on

2022-06-23 23:47:57 - [TEST_STEP][PASSED] - takeScreenshot(): Taking screenshot successfully

2022-06-23 23:47:58 - [MESSAGE][PASSED] - Taking screenshot successfully
[[ATTACHMENT|D:\\Projet Test Auto\\Mediabox Test Automation\\Reports\\20220623_184212\\03. Parallel Testing (Testing)\\TS -PT PART 3\\11 Tag SAS_Task_Full lifecycle\\20220623_184238\\1656020878057.png]]

2022-06-23 23:47:58 - [TEST_STEP][PASSED] - click(findTestObject("1. Constant/02_LHSMenu_Projects")): Object: 'Object Repository/1. Constant/02_LHSMenu_Projects' is clicked on

2022-06-23 23:48:10 - [MESSAGE][PASSED] - Object: 'Object Repository/1. Constant/02_LHSMenu_Projects' is clicked on

2022-06-23 23:48:10 - [TEST_STEP][PASSED] - I.SearchProjectNo(Project_No, findTestObject("1. Constant/xpath", ["xpath":"//*[@id="form_filters"]/div[8]/button"])): Delayed 5 second(s)

2022-06-23 23:48:13 - [MESSAGE][PASSED] - Text 'MI003396 ' is set on object 'Object Repository/1. Constant/xpath'

2022-06-23 23:48:16 - [MESSAGE][PASSED] - Delayed 3 second(s)

2022-06-23 23:48:25 - [MESSAGE][PASSED] - Object: 'Object Repository/1. Constant/xpath' is clicked on

2022-06-23 23:48:30 - [MESSAGE][PASSED] - Delayed 5 second(s)

2022-06-23 23:48:30 - [TEST_STEP][PASSED] - delay(1): Delayed 1 second(s)

2022-06-23 23:48:31 - [MESSAGE][PASSED] - Delayed 1 second(s)

2022-06-23 23:48:31 - [TEST_STEP][PASSED] - takeScreenshot(): Taking screenshot successfully

2022-06-23 23:48:32 - [MESSAGE][PASSED] - Taking screenshot successfully
[[ATTACHMENT|D:\\Projet Test Auto\\Mediabox Test Automation\\Reports\\20220623_184212\\03. Parallel Testing (Testing)\\TS -PT PART 3\\11 Tag SAS_Task_Full lifecycle\\20220623_184238\\1656020911858.png]]

2022-06-23 23:48:32 - [TEST_STEP][PASSED] - click(findTestObject("1. Constant/xpath", ["xpath":"//*[@id="source_24383"]/td[8]/a"])): Object: 'Object Repository/1. Constant/xpath' is clicked on

2022-06-23 23:48:36 - [MESSAGE][PASSED] - Object: 'Object Repository/1. Constant/xpath' is clicked on

2022-06-23 23:48:36 - [TEST_STEP][PASSED] - delay(1): Delayed 1 second(s)

2022-06-23 23:48:37 - [MESSAGE][PASSED] - Delayed 1 second(s)

2022-06-23 23:48:37 - [TEST_STEP][PASSED] - click(findTestObject("1. Constant/xpath", ["xpath":"//*[@id="kt_content"]/div[3]/div/ul/li[3]/a"])): Object: 'Object Repository/1. Constant/xpath' is clicked on

2022-06-23 23:48:42 - [MESSAGE][PASSED] - Object: 'Object Repository/1. Constant/xpath' is clicked on

2022-06-23 23:48:42 - [TEST_STEP][PASSED] - delay(1): Delayed 1 second(s)

2022-06-23 23:48:43 - [MESSAGE][PASSED] - Delayed 1 second(s)

2022-06-23 23:48:43 - [TEST_STEP][PASSED] - takeScreenshot(): Taking screenshot successfully

2022-06-23 23:48:44 - [MESSAGE][PASSED] - Taking screenshot successfully
[[ATTACHMENT|D:\\Projet Test Auto\\Mediabox Test Automation\\Reports\\20220623_184212\\03. Parallel Testing (Testing)\\TS -PT PART 3\\11 Tag SAS_Task_Full lifecycle\\20220623_184238\\1656020923866.png]]

2022-06-23 23:48:44 - [TEST_STEP][PASSED] - click(findTestObject("1. Constant/xpath", ["xpath":"/html/body/div[1]/div[2]/div[8]/div[3]/div/div[3]/div[3]/div/ul/li[2]/a"])): Object: 'Object Repository/1. Constant/xpath' is clicked on

2022-06-23 23:48:45 - [MESSAGE][PASSED] - Object: 'Object Repository/1. Constant/xpath' is clicked on

2022-06-23 23:48:45 - [TEST_STEP][PASSED] - delay(1): Delayed 1 second(s)

2022-06-23 23:48:46 - [MESSAGE][PASSED] - Delayed 1 second(s)

2022-06-23 23:48:46 - [TEST_STEP][PASSED] - click(findTestObject("1. Constant/xpath", ["xpath":"/html/body/div[1]/div[2]/div[8]/div[3]/div/div[3]/div[3]/div/div/div[2]/div/div[3]/div/div[1]/div[2]/div/button"])): Object: 'Object Repository/1. Constant/xpath' is clicked on

2022-06-23 23:48:46 - [MESSAGE][PASSED] - Object: 'Object Repository/1. Constant/xpath' is clicked on

2022-06-23 23:48:46 - [TEST_STEP][PASSED] - delay(1): Delayed 1 second(s)

2022-06-23 23:48:47 - [MESSAGE][PASSED] - Delayed 1 second(s)

2022-06-23 23:48:47 - [TEST_STEP][PASSED] - x = 10: null

2022-06-23 23:48:47 - [TEST_STEP][PASSED] - i = 1: null

2022-06-23 23:48:47 - [TEST_STEP][PASSED] - while (i <= x): null

2022-06-23 23:48:47 - [TEST_STEP][PASSED] - Expected_SAS_Selected = "Go back to Repro production": null

2022-06-23 23:48:47 - [TEST_STEP][PASSED] - xpath_SAS = "/html/body/div[1]/div[2]/div[8]/div[3]/div/div[3]/div[3]/div/div/div[2]/div/div[3]/div/div[1]/div[2]/div/div/a[" + i + "]": null

2022-06-23 23:48:47 - [TEST_STEP][PASSED] - Actual_SAS = getText(findTestObject("1. Constant/xpath", ["xpath":xpath_SAS])): Text of object 'Object Repository/1. Constant/xpath' is: 'Go back to Artwork production'

2022-06-23 23:48:48 - [MESSAGE][PASSED] - Text of object 'Object Repository/1. Constant/xpath' is: 'Go back to Artwork production'

2022-06-23 23:48:48 - [TEST_STEP][PASSED] - I.print(i): null

2022-06-23 23:48:48 - [TEST_STEP][PASSED] - if (Actual_SAS.contains(Expected_SAS_Selected)): null

2022-06-23 23:48:48 - [TEST_STEP][PASSED] - i = i + 1: null

2022-06-23 23:48:48 - [TEST_STEP][PASSED] - Expected_SAS_Selected = "Go back to Repro production": null

2022-06-23 23:48:48 - [TEST_STEP][PASSED] - xpath_SAS = "/html/body/div[1]/div[2]/div[8]/div[3]/div/div[3]/div[3]/div/div/div[2]/div/div[3]/div/div[1]/div[2]/div/div/a[" + i + "]": null

2022-06-23 23:48:48 - [TEST_STEP][PASSED] - Actual_SAS = getText(findTestObject("1. Constant/xpath", ["xpath":xpath_SAS])): Text of object 'Object Repository/1. Constant/xpath' is: 'Go back to Repro production'

2022-06-23 23:48:48 - [MESSAGE][PASSED] - Text of object 'Object Repository/1. Constant/xpath' is: 'Go back to Repro production'

2022-06-23 23:48:48 - [TEST_STEP][PASSED] - I.print(i): null

2022-06-23 23:48:48 - [TEST_STEP][PASSED] - if (Actual_SAS.contains(Expected_SAS_Selected)): null

2022-06-23 23:48:48 - [TEST_STEP][PASSED] - I.click_button_javascript(findTestObject("1. Constant/xpath", ["xpath":xpath_SAS])): Execute JavaScript 'arguments[0].click()' successfully

2022-06-23 23:48:49 - [MESSAGE][PASSED] - Execute JavaScript 'arguments[0].click()' successfully

2022-06-23 23:48:49 - [TEST_STEP][PASSED] - break: null

2022-06-23 23:48:49 - [TEST_STEP][PASSED] - takeScreenshot(): Taking screenshot successfully

2022-06-23 23:48:50 - [MESSAGE][PASSED] - Taking screenshot successfully
[[ATTACHMENT|D:\\Projet Test Auto\\Mediabox Test Automation\\Reports\\20220623_184212\\03. Parallel Testing (Testing)\\TS -PT PART 3\\11 Tag SAS_Task_Full lifecycle\\20220623_184238\\1656020929383.png]]

2022-06-23 23:48:50 - [TEST_STEP][PASSED] - delay(1): Delayed 1 second(s)

2022-06-23 23:48:51 - [MESSAGE][PASSED] - Delayed 1 second(s)

2022-06-23 23:48:51 - [TEST_STEP][PASSED] - click(findTestObject("1. Constant/xpath", ["xpath":"//*[@id="modal_support_action_shortcut"]/div/div/div[3]/button[2]"])): Object: 'Object Repository/1. Constant/xpath' is clicked on

2022-06-23 23:48:59 - [MESSAGE][PASSED] - Object: 'Object Repository/1. Constant/xpath' is clicked on

2022-06-23 23:48:59 - [TEST_STEP][PASSED] - click(findTestObject("1. Constant/xpath", ["xpath":"//*[@id="kt_subheader"]/div/nav/ol/li[2]/a"])): Object: 'Object Repository/1. Constant/xpath' is clicked on

2022-06-23 23:49:07 - [MESSAGE][PASSED] - Object: 'Object Repository/1. Constant/xpath' is clicked on

2022-06-23 23:49:07 - [TEST_STEP][PASSED] - delay(1): Delayed 1 second(s)

2022-06-23 23:49:08 - [MESSAGE][PASSED] - Delayed 1 second(s)

2022-06-23 23:49:08 - [TEST_STEP][PASSED] - takeScreenshot(): Taking screenshot successfully

2022-06-23 23:49:08 - [MESSAGE][PASSED] - Taking screenshot successfully
[[ATTACHMENT|D:\\Projet Test Auto\\Mediabox Test Automation\\Reports\\20220623_184212\\03. Parallel Testing (Testing)\\TS -PT PART 3\\11 Tag SAS_Task_Full lifecycle\\20220623_184238\\1656020948382.png]]

2022-06-23 23:49:08 - [TEST_STEP][PASSED] - status1 = getText(findTestObject("1. Constant/xpath", ["xpath":"//*[@id="source_24383"]/td[14]/span[1]"])): Text of object 'Object Repository/1. Constant/xpath' is: 'Printer: Repro production'

2022-06-23 23:49:09 - [MESSAGE][PASSED] - Text of object 'Object Repository/1. Constant/xpath' is: 'Printer: Repro production'

2022-06-23 23:49:09 - [TEST_STEP][PASSED] - verifyMatch(status1, "Printer: Repro production", false): Actual text 'Printer: Repro production' and expected text 'Printer: Repro production' are matched 

2022-06-23 23:49:09 - [MESSAGE][PASSED] - Actual text 'Printer: Repro production' and expected text 'Printer: Repro production' are matched 

2022-06-23 23:49:09 - [TEST_STEP][PASSED] - closeBrowser(): Browser is closed

2022-06-23 23:49:16 - [MESSAGE][PASSED] - Browser is closed

2022-06-23 23:49:16 - [TEST_STEP][PASSED] - Start listener action : sampleAfterTestCase: null]]></system-out>
         <system-err><![CDATA[]]></system-err>
      </testcase>
      <system-out><![CDATA[2022-06-23 23:01:49 - [TEST_SUITE][PASSED] - 11 Tag SAS_Task_Full lifecycle: Test Cases/16 Support action (Completed ref)/16.05 Tag SAS A - Completed to Repro Prod  S2]]></system-out>
      <system-err><![CDATA[]]></system-err>
   </testsuite>
</testsuites>
