<?xml version="1.0" encoding="UTF-8"?>
<testsuites name="15.02 NPP Duplication Shortcut (Translation Ref) -Part 1" time="2735.406" tests="10" failures="3" errors="0">
   <testsuite name="15.02 NPP Duplication Shortcut (Translation Ref) -Part 1" tests="10" failures="3" errors="0" time="2735.406" skipped="0" timestamp="2022-06-09 21:30:55" hostname="lamhe - DPF-MBI-VERIF.ad.sgsco.int" id="Test Suites/03. Parallel Testing (Testing)/TS -PT PART 3/15.02 NPP Duplication Shortcut (Translation Ref) -Part 1">
      <properties>
         <property name="deviceName" value=""/>
         <property name="devicePlatform" value=""/>
         <property name="logFolder" value="D:\\Projet Test Auto\\Mediabox Test Automation\\Reports\\20220609_181011\\03. Parallel Testing (Testing)\\TS -PT PART 3\\15.02 NPP Duplication Shortcut (Translation Ref) -Part 1\\20220609_181122"/>
         <property name="logFiles" value="D:\\Projet Test Auto\\Mediabox Test Automation\\Reports\\20220609_181011\\03. Parallel Testing (Testing)\\TS -PT PART 3\\15.02 NPP Duplication Shortcut (Translation Ref) -Part 1\\20220609_181122\\execution0.log"/>
         <property name="attachments" value="D:\\Projet Test Auto\\Mediabox Test Automation\\Reports\\20220609_181011\\03. Parallel Testing (Testing)\\TS -PT PART 3\\15.02 NPP Duplication Shortcut (Translation Ref) -Part 1\\20220609_181122\\1654803076947.png, D:\\Projet Test Auto\\Mediabox Test Automation\\Reports\\20220609_181011\\03. Parallel Testing (Testing)\\TS -PT PART 3\\15.02 NPP Duplication Shortcut (Translation Ref) -Part 1\\20220609_181122\\1654803108260.png, D:\\Projet Test Auto\\Mediabox Test Automation\\Reports\\20220609_181011\\03. Parallel Testing (Testing)\\TS -PT PART 3\\15.02 NPP Duplication Shortcut (Translation Ref) -Part 1\\20220609_181122\\1654803227411.png, D:\\Projet Test Auto\\Mediabox Test Automation\\Reports\\20220609_181011\\03. Parallel Testing (Testing)\\TS -PT PART 3\\15.02 NPP Duplication Shortcut (Translation Ref) -Part 1\\20220609_181122\\1654803249102.png, D:\\Projet Test Auto\\Mediabox Test Automation\\Reports\\20220609_181011\\03. Parallel Testing (Testing)\\TS -PT PART 3\\15.02 NPP Duplication Shortcut (Translation Ref) -Part 1\\20220609_181122\\1654803263227.png, D:\\Projet Test Auto\\Mediabox Test Automation\\Reports\\20220609_181011\\03. Parallel Testing (Testing)\\TS -PT PART 3\\15.02 NPP Duplication Shortcut (Translation Ref) -Part 1\\20220609_181122\\1654803271549.png, D:\\Projet Test Auto\\Mediabox Test Automation\\Reports\\20220609_181011\\03. Parallel Testing (Testing)\\TS -PT PART 3\\15.02 NPP Duplication Shortcut (Translation Ref) -Part 1\\20220609_181122\\1654803298206.png, D:\\Projet Test Auto\\Mediabox Test Automation\\Reports\\20220609_181011\\03. Parallel Testing (Testing)\\TS -PT PART 3\\15.02 NPP Duplication Shortcut (Translation Ref) -Part 1\\20220609_181122\\1654803319149.png, D:\\Projet Test Auto\\Mediabox Test Automation\\Reports\\20220609_181011\\03. Parallel Testing (Testing)\\TS -PT PART 3\\15.02 NPP Duplication Shortcut (Translation Ref) -Part 1\\20220609_181122\\1654803368817.png, D:\\Projet Test Auto\\Mediabox Test Automation\\Reports\\20220609_181011\\03. Parallel Testing (Testing)\\TS -PT PART 3\\15.02 NPP Duplication Shortcut (Translation Ref) -Part 1\\20220609_181122\\1654803383849.png, D:\\Projet Test Auto\\Mediabox Test Automation\\Reports\\20220609_181011\\03. Parallel Testing (Testing)\\TS -PT PART 3\\15.02 NPP Duplication Shortcut (Translation Ref) -Part 1\\20220609_181122\\1654803401215.png, D:\\Projet Test Auto\\Mediabox Test Automation\\Reports\\20220609_181011\\03. Parallel Testing (Testing)\\TS -PT PART 3\\15.02 NPP Duplication Shortcut (Translation Ref) -Part 1\\20220609_181122\\1654803417126.png, D:\\Projet Test Auto\\Mediabox Test Automation\\Reports\\20220609_181011\\03. Parallel Testing (Testing)\\TS -PT PART 3\\15.02 NPP Duplication Shortcut (Translation Ref) -Part 1\\20220609_181122\\1654803431581.png, D:\\Projet Test Auto\\Mediabox Test Automation\\Reports\\20220609_181011\\03. Parallel Testing (Testing)\\TS -PT PART 3\\15.02 NPP Duplication Shortcut (Translation Ref) -Part 1\\20220609_181122\\1654803444379.png, D:\\Projet Test Auto\\Mediabox Test Automation\\Reports\\20220609_181011\\03. Parallel Testing (Testing)\\TS -PT PART 3\\15.02 NPP Duplication Shortcut (Translation Ref) -Part 1\\20220609_181122\\1654803461549.png, D:\\Projet Test Auto\\Mediabox Test Automation\\Reports\\20220609_181011\\03. Parallel Testing (Testing)\\TS -PT PART 3\\15.02 NPP Duplication Shortcut (Translation Ref) -Part 1\\20220609_181122\\1654803467431.png, D:\\Projet Test Auto\\Mediabox Test Automation\\Reports\\20220609_181011\\03. Parallel Testing (Testing)\\TS -PT PART 3\\15.02 NPP Duplication Shortcut (Translation Ref) -Part 1\\20220609_181122\\1654803492672.png, D:\\Projet Test Auto\\Mediabox Test Automation\\Reports\\20220609_181011\\03. Parallel Testing (Testing)\\TS -PT PART 3\\15.02 NPP Duplication Shortcut (Translation Ref) -Part 1\\20220609_181122\\1654803514855.png, D:\\Projet Test Auto\\Mediabox Test Automation\\Reports\\20220609_181011\\03. Parallel Testing (Testing)\\TS -PT PART 3\\15.02 NPP Duplication Shortcut (Translation Ref) -Part 1\\20220609_181122\\1654803523461.png, D:\\Projet Test Auto\\Mediabox Test Automation\\Reports\\20220609_181011\\03. Parallel Testing (Testing)\\TS -PT PART 3\\15.02 NPP Duplication Shortcut (Translation Ref) -Part 1\\20220609_181122\\1654803530497.png, D:\\Projet Test Auto\\Mediabox Test Automation\\Reports\\20220609_181011\\03. Parallel Testing (Testing)\\TS -PT PART 3\\15.02 NPP Duplication Shortcut (Translation Ref) -Part 1\\20220609_181122\\1654803538254.png, D:\\Projet Test Auto\\Mediabox Test Automation\\Reports\\20220609_181011\\03. Parallel Testing (Testing)\\TS -PT PART 3\\15.02 NPP Duplication Shortcut (Translation Ref) -Part 1\\20220609_181122\\1654803550677.png, D:\\Projet Test Auto\\Mediabox Test Automation\\Reports\\20220609_181011\\03. Parallel Testing (Testing)\\TS -PT PART 3\\15.02 NPP Duplication Shortcut (Translation Ref) -Part 1\\20220609_181122\\1654803554171.png, D:\\Projet Test Auto\\Mediabox Test Automation\\Reports\\20220609_181011\\03. Parallel Testing (Testing)\\TS -PT PART 3\\15.02 NPP Duplication Shortcut (Translation Ref) -Part 1\\20220609_181122\\1654803554820.png, D:\\Projet Test Auto\\Mediabox Test Automation\\Reports\\20220609_181011\\03. Parallel Testing (Testing)\\TS -PT PART 3\\15.02 NPP Duplication Shortcut (Translation Ref) -Part 1\\20220609_181122\\1654803591285.png, D:\\Projet Test Auto\\Mediabox Test Automation\\Reports\\20220609_181011\\03. Parallel Testing (Testing)\\TS -PT PART 3\\15.02 NPP Duplication Shortcut (Translation Ref) -Part 1\\20220609_181122\\1654803607201.png, D:\\Projet Test Auto\\Mediabox Test Automation\\Reports\\20220609_181011\\03. Parallel Testing (Testing)\\TS -PT PART 3\\15.02 NPP Duplication Shortcut (Translation Ref) -Part 1\\20220609_181122\\1654803638008.png, D:\\Projet Test Auto\\Mediabox Test Automation\\Reports\\20220609_181011\\03. Parallel Testing (Testing)\\TS -PT PART 3\\15.02 NPP Duplication Shortcut (Translation Ref) -Part 1\\20220609_181122\\1654803648347.png, D:\\Projet Test Auto\\Mediabox Test Automation\\Reports\\20220609_181011\\03. Parallel Testing (Testing)\\TS -PT PART 3\\15.02 NPP Duplication Shortcut (Translation Ref) -Part 1\\20220609_181122\\1654803657219.png, D:\\Projet Test Auto\\Mediabox Test Automation\\Reports\\20220609_181011\\03. Parallel Testing (Testing)\\TS -PT PART 3\\15.02 NPP Duplication Shortcut (Translation Ref) -Part 1\\20220609_181122\\1654803664924.png, D:\\Projet Test Auto\\Mediabox Test Automation\\Reports\\20220609_181011\\03. Parallel Testing (Testing)\\TS -PT PART 3\\15.02 NPP Duplication Shortcut (Translation Ref) -Part 1\\20220609_181122\\1654803671234.png, D:\\Projet Test Auto\\Mediabox Test Automation\\Reports\\20220609_181011\\03. Parallel Testing (Testing)\\TS -PT PART 3\\15.02 NPP Duplication Shortcut (Translation Ref) -Part 1\\20220609_181122\\1654803711378.png, D:\\Projet Test Auto\\Mediabox Test Automation\\Reports\\20220609_181011\\03. Parallel Testing (Testing)\\TS -PT PART 3\\15.02 NPP Duplication Shortcut (Translation Ref) -Part 1\\20220609_181122\\1654803717444.png, D:\\Projet Test Auto\\Mediabox Test Automation\\Reports\\20220609_181011\\03. Parallel Testing (Testing)\\TS -PT PART 3\\15.02 NPP Duplication Shortcut (Translation Ref) -Part 1\\20220609_181122\\1654803721561.png, D:\\Projet Test Auto\\Mediabox Test Automation\\Reports\\20220609_181011\\03. Parallel Testing (Testing)\\TS -PT PART 3\\15.02 NPP Duplication Shortcut (Translation Ref) -Part 1\\20220609_181122\\1654803732527.png, D:\\Projet Test Auto\\Mediabox Test Automation\\Reports\\20220609_181011\\03. Parallel Testing (Testing)\\TS -PT PART 3\\15.02 NPP Duplication Shortcut (Translation Ref) -Part 1\\20220609_181122\\1654803746412.png, D:\\Projet Test Auto\\Mediabox Test Automation\\Reports\\20220609_181011\\03. Parallel Testing (Testing)\\TS -PT PART 3\\15.02 NPP Duplication Shortcut (Translation Ref) -Part 1\\20220609_181122\\1654803784895.png, D:\\Projet Test Auto\\Mediabox Test Automation\\Reports\\20220609_181011\\03. Parallel Testing (Testing)\\TS -PT PART 3\\15.02 NPP Duplication Shortcut (Translation Ref) -Part 1\\20220609_181122\\1654803792410.png, D:\\Projet Test Auto\\Mediabox Test Automation\\Reports\\20220609_181011\\03. Parallel Testing (Testing)\\TS -PT PART 3\\15.02 NPP Duplication Shortcut (Translation Ref) -Part 1\\20220609_181122\\1654803798105.png, D:\\Projet Test Auto\\Mediabox Test Automation\\Reports\\20220609_181011\\03. Parallel Testing (Testing)\\TS -PT PART 3\\15.02 NPP Duplication Shortcut (Translation Ref) -Part 1\\20220609_181122\\1654803920168.png, D:\\Projet Test Auto\\Mediabox Test Automation\\Reports\\20220609_181011\\03. Parallel Testing (Testing)\\TS -PT PART 3\\15.02 NPP Duplication Shortcut (Translation Ref) -Part 1\\20220609_181122\\1654803937132.png, D:\\Projet Test Auto\\Mediabox Test Automation\\Reports\\20220609_181011\\03. Parallel Testing (Testing)\\TS -PT PART 3\\15.02 NPP Duplication Shortcut (Translation Ref) -Part 1\\20220609_181122\\1654803995234.png, D:\\Projet Test Auto\\Mediabox Test Automation\\Reports\\20220609_181011\\03. Parallel Testing (Testing)\\TS -PT PART 3\\15.02 NPP Duplication Shortcut (Translation Ref) -Part 1\\20220609_181122\\1654804005269.png, D:\\Projet Test Auto\\Mediabox Test Automation\\Reports\\20220609_181011\\03. Parallel Testing (Testing)\\TS -PT PART 3\\15.02 NPP Duplication Shortcut (Translation Ref) -Part 1\\20220609_181122\\1654804041561.png, D:\\Projet Test Auto\\Mediabox Test Automation\\Reports\\20220609_181011\\03. Parallel Testing (Testing)\\TS -PT PART 3\\15.02 NPP Duplication Shortcut (Translation Ref) -Part 1\\20220609_181122\\1654804050976.png, D:\\Projet Test Auto\\Mediabox Test Automation\\Reports\\20220609_181011\\03. Parallel Testing (Testing)\\TS -PT PART 3\\15.02 NPP Duplication Shortcut (Translation Ref) -Part 1\\20220609_181122\\1654804055371.png, D:\\Projet Test Auto\\Mediabox Test Automation\\Reports\\20220609_181011\\03. Parallel Testing (Testing)\\TS -PT PART 3\\15.02 NPP Duplication Shortcut (Translation Ref) -Part 1\\20220609_181122\\1654804261128.png, D:\\Projet Test Auto\\Mediabox Test Automation\\Reports\\20220609_181011\\03. Parallel Testing (Testing)\\TS -PT PART 3\\15.02 NPP Duplication Shortcut (Translation Ref) -Part 1\\20220609_181122\\1654804318293.png, D:\\Projet Test Auto\\Mediabox Test Automation\\Reports\\20220609_181011\\03. Parallel Testing (Testing)\\TS -PT PART 3\\15.02 NPP Duplication Shortcut (Translation Ref) -Part 1\\20220609_181122\\1654804330838.png, D:\\Projet Test Auto\\Mediabox Test Automation\\Reports\\20220609_181011\\03. Parallel Testing (Testing)\\TS -PT PART 3\\15.02 NPP Duplication Shortcut (Translation Ref) -Part 1\\20220609_181122\\1654804363927.png, D:\\Projet Test Auto\\Mediabox Test Automation\\Reports\\20220609_181011\\03. Parallel Testing (Testing)\\TS -PT PART 3\\15.02 NPP Duplication Shortcut (Translation Ref) -Part 1\\20220609_181122\\1654804552407.png, D:\\Projet Test Auto\\Mediabox Test Automation\\Reports\\20220609_181011\\03. Parallel Testing (Testing)\\TS -PT PART 3\\15.02 NPP Duplication Shortcut (Translation Ref) -Part 1\\20220609_181122\\1654804564942.png, D:\\Projet Test Auto\\Mediabox Test Automation\\Reports\\20220609_181011\\03. Parallel Testing (Testing)\\TS -PT PART 3\\15.02 NPP Duplication Shortcut (Translation Ref) -Part 1\\20220609_181122\\1654804579672.png, D:\\Projet Test Auto\\Mediabox Test Automation\\Reports\\20220609_181011\\03. Parallel Testing (Testing)\\TS -PT PART 3\\15.02 NPP Duplication Shortcut (Translation Ref) -Part 1\\20220609_181122\\1654804617037.png, D:\\Projet Test Auto\\Mediabox Test Automation\\Reports\\20220609_181011\\03. Parallel Testing (Testing)\\TS -PT PART 3\\15.02 NPP Duplication Shortcut (Translation Ref) -Part 1\\20220609_181122\\1654804858000.png, D:\\Projet Test Auto\\Mediabox Test Automation\\Reports\\20220609_181011\\03. Parallel Testing (Testing)\\TS -PT PART 3\\15.02 NPP Duplication Shortcut (Translation Ref) -Part 1\\20220609_181122\\1654804870432.png, D:\\Projet Test Auto\\Mediabox Test Automation\\Reports\\20220609_181011\\03. Parallel Testing (Testing)\\TS -PT PART 3\\15.02 NPP Duplication Shortcut (Translation Ref) -Part 1\\20220609_181122\\1654804920722.png, D:\\Projet Test Auto\\Mediabox Test Automation\\Reports\\20220609_181011\\03. Parallel Testing (Testing)\\TS -PT PART 3\\15.02 NPP Duplication Shortcut (Translation Ref) -Part 1\\20220609_181122\\1654804935966.png, D:\\Projet Test Auto\\Mediabox Test Automation\\Reports\\20220609_181011\\03. Parallel Testing (Testing)\\TS -PT PART 3\\15.02 NPP Duplication Shortcut (Translation Ref) -Part 1\\20220609_181122\\1654804949482.png, D:\\Projet Test Auto\\Mediabox Test Automation\\Reports\\20220609_181011\\03. Parallel Testing (Testing)\\TS -PT PART 3\\15.02 NPP Duplication Shortcut (Translation Ref) -Part 1\\20220609_181122\\1654804968343.png, D:\\Projet Test Auto\\Mediabox Test Automation\\Reports\\20220609_181011\\03. Parallel Testing (Testing)\\TS -PT PART 3\\15.02 NPP Duplication Shortcut (Translation Ref) -Part 1\\20220609_181122\\1654805008169.png, D:\\Projet Test Auto\\Mediabox Test Automation\\Reports\\20220609_181011\\03. Parallel Testing (Testing)\\TS -PT PART 3\\15.02 NPP Duplication Shortcut (Translation Ref) -Part 1\\20220609_181122\\1654805020677.png, D:\\Projet Test Auto\\Mediabox Test Automation\\Reports\\20220609_181011\\03. Parallel Testing (Testing)\\TS -PT PART 3\\15.02 NPP Duplication Shortcut (Translation Ref) -Part 1\\20220609_181122\\1654805028158.png, D:\\Projet Test Auto\\Mediabox Test Automation\\Reports\\20220609_181011\\03. Parallel Testing (Testing)\\TS -PT PART 3\\15.02 NPP Duplication Shortcut (Translation Ref) -Part 1\\20220609_181122\\1654805071544.png, D:\\Projet Test Auto\\Mediabox Test Automation\\Reports\\20220609_181011\\03. Parallel Testing (Testing)\\TS -PT PART 3\\15.02 NPP Duplication Shortcut (Translation Ref) -Part 1\\20220609_181122\\1654805111676.png, D:\\Projet Test Auto\\Mediabox Test Automation\\Reports\\20220609_181011\\03. Parallel Testing (Testing)\\TS -PT PART 3\\15.02 NPP Duplication Shortcut (Translation Ref) -Part 1\\20220609_181122\\1654805147950.png, D:\\Projet Test Auto\\Mediabox Test Automation\\Reports\\20220609_181011\\03. Parallel Testing (Testing)\\TS -PT PART 3\\15.02 NPP Duplication Shortcut (Translation Ref) -Part 1\\20220609_181122\\1654805367557.png, D:\\Projet Test Auto\\Mediabox Test Automation\\Reports\\20220609_181011\\03. Parallel Testing (Testing)\\TS -PT PART 3\\15.02 NPP Duplication Shortcut (Translation Ref) -Part 1\\20220609_181122\\1654805405248.png, D:\\Projet Test Auto\\Mediabox Test Automation\\Reports\\20220609_181011\\03. Parallel Testing (Testing)\\TS -PT PART 3\\15.02 NPP Duplication Shortcut (Translation Ref) -Part 1\\20220609_181122\\1654805419036.png, D:\\Projet Test Auto\\Mediabox Test Automation\\Reports\\20220609_181011\\03. Parallel Testing (Testing)\\TS -PT PART 3\\15.02 NPP Duplication Shortcut (Translation Ref) -Part 1\\20220609_181122\\1654805491360.png, D:\\Projet Test Auto\\Mediabox Test Automation\\Reports\\20220609_181011\\03. Parallel Testing (Testing)\\TS -PT PART 3\\15.02 NPP Duplication Shortcut (Translation Ref) -Part 1\\20220609_181122\\1654805498378.png, D:\\Projet Test Auto\\Mediabox Test Automation\\Reports\\20220609_181011\\03. Parallel Testing (Testing)\\TS -PT PART 3\\15.02 NPP Duplication Shortcut (Translation Ref) -Part 1\\20220609_181122\\1654805507031.png, D:\\Projet Test Auto\\Mediabox Test Automation\\Reports\\20220609_181011\\03. Parallel Testing (Testing)\\TS -PT PART 3\\15.02 NPP Duplication Shortcut (Translation Ref) -Part 1\\20220609_181122\\1654805578344.png, D:\\Projet Test Auto\\Mediabox Test Automation\\Reports\\20220609_181011\\03. Parallel Testing (Testing)\\TS -PT PART 3\\15.02 NPP Duplication Shortcut (Translation Ref) -Part 1\\20220609_181122\\1654805585230.png, D:\\Projet Test Auto\\Mediabox Test Automation\\Reports\\20220609_181011\\03. Parallel Testing (Testing)\\TS -PT PART 3\\15.02 NPP Duplication Shortcut (Translation Ref) -Part 1\\20220609_181122\\1654805593890.png, D:\\Projet Test Auto\\Mediabox Test Automation\\Reports\\20220609_181011\\03. Parallel Testing (Testing)\\TS -PT PART 3\\15.02 NPP Duplication Shortcut (Translation Ref) -Part 1\\20220609_181122\\1654805629989.png, D:\\Projet Test Auto\\Mediabox Test Automation\\Reports\\20220609_181011\\03. Parallel Testing (Testing)\\TS -PT PART 3\\15.02 NPP Duplication Shortcut (Translation Ref) -Part 1\\20220609_181122\\1654805733230.png, D:\\Projet Test Auto\\Mediabox Test Automation\\Reports\\20220609_181011\\03. Parallel Testing (Testing)\\TS -PT PART 3\\15.02 NPP Duplication Shortcut (Translation Ref) -Part 1\\20220609_181122\\1654805748744.png"/>
         <property name="hostName" value="lamhe - DPF-MBI-VERIF.ad.sgsco.int"/>
         <property name="os" value="Windows 10 64bit"/>
         <property name="katalonVersion" value="8.3.0.208"/>
         <property name="browser" value="Chrome 102.0.5005.63"/>
         <property name="hostAddress" value="10.15.10.53"/>
         <property name="sessionId" value="dc63f6de896bcdb0fff08241fc8f2083"/>
         <property name="seleniumVersion" value="3.141.59"/>
         <property name="proxyInformation" value="ProxyInformation { proxyOption=NO_PROXY, proxyServerType=HTTP, username=, password=********, proxyServerAddress=, proxyServerPort=0, executionList=&quot;&quot;, isApplyToDesiredCapabilities=true }"/>
         <property name="platform" value="Windows 10"/>
      </properties>
      <testcase name="Test Cases/16 Support action (Completed ref)/16.08 NPP SAS Translation - Agency MKT RSA Reset to MKT (no skip) S5 - P1 (will be used16.09)" time="525.05" classname="Test Cases/16 Support action (Completed ref)/16.08 NPP SAS Translation - Agency MKT RSA Reset to MKT (no skip) S5 - P1 (will be used16.09)" status="PASSED">
         <system-out><![CDATA[2022-06-09 21:30:56 - [TEST_CASE][PASSED] - Test Cases/16 Support action (Completed ref)/16.08 NPP SAS Translation - Agency MKT RSA Reset to MKT (no skip) S5 - P1 (will be used16.09): Test Cases/16 Support action (Completed ref)/16.08 NPP SAS Translation - Agency MKT RSA Reset to MKT (no skip) S5 - P1 (will be used16.09)

2022-06-09 21:30:58 - [TEST_STEP][PASSED] - data_Npp = findTestData("Data Files/Username_Password/Npp"): null

2022-06-09 21:30:58 - [TEST_STEP][PASSED] - password_ncur = data_Npp.getValue(2, 1): null

2022-06-09 21:30:58 - [TEST_STEP][PASSED] - password_akim = data_Npp.getValue(2, 2): null

2022-06-09 21:30:58 - [TEST_STEP][PASSED] - password_sschunke = data_Npp.getValue(2, 3): null

2022-06-09 21:30:58 - [TEST_STEP][PASSED] - password_abrazhnikovapx = data_Npp.getValue(2, 4): null

2022-06-09 21:30:58 - [TEST_STEP][PASSED] - password_afrappaz = data_Npp.getValue(2, 5): null

2022-06-09 21:30:58 - [TEST_STEP][PASSED] - password_alarkins = data_Npp.getValue(2, 6): null

2022-06-09 21:30:58 - [TEST_STEP][PASSED] - password_cdemonchy = data_Npp.getValue(2, 7): null

2022-06-09 21:30:58 - [TEST_STEP][PASSED] - data_urlRELAUTO = findTestData("Data Files/URL/URL_relauto"): null

2022-06-09 21:30:58 - [TEST_STEP][PASSED] - Url_Npp = data_urlRELAUTO.getValue(2, 5): null

2022-06-09 21:30:58 - [TEST_STEP][PASSED] - I.clearnotepad("D:\Upoad_File\Projet_ Login\NPP\16.08\16.08_NPP_ProjectNo.txt"): null

2022-06-09 21:30:58 - [TEST_STEP][PASSED] - I.clearnotepad("D:\Upoad_File\Projet_ Login\NPP\16.08\16.08_NPP_refID.txt"): null

2022-06-09 21:30:58 - [TEST_STEP][PASSED] - openBrowser(Url_Npp): Browser is opened with url: ' http://mdb-release.diadeis.lan/MediaboxIndependence/?MBI_datasource=RELTESTAUTO_NPP'

2022-06-09 21:30:59 - [MESSAGE][INFO] - Starting 'Chrome (headless)' driver

2022-06-09 21:30:59 - [MESSAGE][INFO] - User set preference: ['args', '[--window-size=1920,1080, --headless]']

2022-06-09 21:30:59 - [MESSAGE][INFO] - Action delay is set to 0 milliseconds

2022-06-09 21:31:16 - [MESSAGE][PASSED] - Browser is opened with url: ' http://mdb-release.diadeis.lan/MediaboxIndependence/?MBI_datasource=RELTESTAUTO_NPP'

2022-06-09 21:31:16 - [TEST_STEP][PASSED] - maximizeWindow(): Current window maximized

2022-06-09 21:31:16 - [MESSAGE][PASSED] - Current window maximized

2022-06-09 21:31:16 - [TEST_STEP][PASSED] - takeScreenshot(): Taking screenshot successfully

2022-06-09 21:31:17 - [MESSAGE][PASSED] - Taking screenshot successfully
[[ATTACHMENT|D:\\Projet Test Auto\\Mediabox Test Automation\\Reports\\20220609_181011\\03. Parallel Testing (Testing)\\TS -PT PART 3\\15.02 NPP Duplication Shortcut (Translation Ref) -Part 1\\20220609_181122\\1654803076947.png]]

2022-06-09 21:31:17 - [TEST_STEP][PASSED] - I.Login_password("akim", password_akim): Object: 'Object Repository/1. Constant/xpath' is clicked on

2022-06-09 21:31:18 - [MESSAGE][PASSED] - Text 'akim' is set on object 'Object Repository/1. Constant/xpath'

2022-06-09 21:31:19 - [MESSAGE][PASSED] - Delayed 1 second(s)

2022-06-09 21:31:20 - [MESSAGE][PASSED] - Text 'dchi' is set on object 'Object Repository/1. Constant/xpath'

2022-06-09 21:31:21 - [MESSAGE][PASSED] - Delayed 1 second(s)

2022-06-09 21:31:32 - [MESSAGE][PASSED] - Object: 'Object Repository/1. Constant/xpath' is clicked on

2022-06-09 21:31:32 - [TEST_STEP][PASSED] - click(findTestObject("1. Constant/02_LHSMenu_Projects")): Object: 'Object Repository/1. Constant/02_LHSMenu_Projects' is clicked on

2022-06-09 21:31:42 - [MESSAGE][PASSED] - Object: 'Object Repository/1. Constant/02_LHSMenu_Projects' is clicked on

2022-06-09 21:31:42 - [TEST_STEP][PASSED] - click(findTestObject("xxx Todelete/3 ProjectListPage_Create_Project_Button")): Object: 'Object Repository/xxx Todelete/3 ProjectListPage_Create_Project_Button' is clicked on

2022-06-09 21:31:48 - [MESSAGE][PASSED] - Object: 'Object Repository/xxx Todelete/3 ProjectListPage_Create_Project_Button' is clicked on

2022-06-09 21:31:48 - [TEST_STEP][PASSED] - takeScreenshot(): Taking screenshot successfully

2022-06-09 21:31:48 - [MESSAGE][PASSED] - Taking screenshot successfully
[[ATTACHMENT|D:\\Projet Test Auto\\Mediabox Test Automation\\Reports\\20220609_181011\\03. Parallel Testing (Testing)\\TS -PT PART 3\\15.02 NPP Duplication Shortcut (Translation Ref) -Part 1\\20220609_181122\\1654803108260.png]]

2022-06-09 21:31:48 - [TEST_STEP][PASSED] - "On the modify project page : Fill in all field": null

2022-06-09 21:31:48 - [TEST_STEP][PASSED] - LSSNumber_name = "TC16.08_AutoTest_Npp_SAS_Part5_" + RandomStringUtils.randomAlphanumeric(10) + "_" + I.gettimedate(): null

2022-06-09 21:31:48 - [TEST_STEP][PASSED] - setText(findTestObject("1. Constant/xpath", ["xpath":"//*[@id="var_70"]"]), LSSNumber_name): Text 'TC16.08_AutoTest_Npp_SAS_Part5_7EOqCIsEQk_juin092022_213148' is set on object 'Object Repository/1. Constant/xpath'

2022-06-09 21:31:49 - [MESSAGE][PASSED] - Text 'TC16.08_AutoTest_Npp_SAS_Part5_7EOqCIsEQk_juin092022_213148' is set on object 'Object Repository/1. Constant/xpath'

2022-06-09 21:31:49 - [TEST_STEP][PASSED] - I.SelectFromList_Value("//*[@id="var_107"]", "2420"): Delayed 2 second(s)

2022-06-09 21:31:49 - [MESSAGE][PASSED] - All options with value '2420' are selected in object 'Object Repository/1. Constant/xpath' 

2022-06-09 21:31:51 - [MESSAGE][PASSED] - Delayed 2 second(s)

2022-06-09 21:31:51 - [TEST_STEP][PASSED] - I.select_multiplelist("//*[@id="selSource_108"]", "//*[@id="btnAdd_108"]", "2354"): Delayed 1 second(s)

2022-06-09 21:31:52 - [MESSAGE][PASSED] - Delayed 1 second(s)

2022-06-09 21:31:54 - [MESSAGE][PASSED] - All options with value '2354' are selected in object 'Object Repository/1. Constant/xpath' 

2022-06-09 21:31:56 - [MESSAGE][PASSED] - Delayed 2 second(s)

2022-06-09 21:31:56 - [MESSAGE][PASSED] - Object: 'Object Repository/1. Constant/xpath' is clicked on

2022-06-09 21:31:57 - [MESSAGE][PASSED] - Delayed 1 second(s)

2022-06-09 21:31:57 - [TEST_STEP][PASSED] - setText(findTestObject("1. Constant/xpath", ["xpath":"//*[@id="var_110"]"]), "Variety test"): Text 'Variety test' is set on object 'Object Repository/1. Constant/xpath'

2022-06-09 21:31:58 - [MESSAGE][PASSED] - Text 'Variety test' is set on object 'Object Repository/1. Constant/xpath'

2022-06-09 21:31:58 - [TEST_STEP][PASSED] - setText(findTestObject("1. Constant/xpath", ["xpath":"//*[@id="var_133"]"]), "Alternative Format code test "): Text 'Alternative Format code test ' is set on object 'Object Repository/1. Constant/xpath'

2022-06-09 21:31:58 - [MESSAGE][PASSED] - Text 'Alternative Format code test ' is set on object 'Object Repository/1. Constant/xpath'

2022-06-09 21:31:58 - [TEST_STEP][PASSED] - setText(findTestObject("1. Constant/xpath", ["xpath":"//*[@id="var_65"]"]), "FORMAT Product designation test "): Text 'FORMAT Product designation test ' is set on object 'Object Repository/1. Constant/xpath'

2022-06-09 21:31:59 - [MESSAGE][PASSED] - Text 'FORMAT Product designation test ' is set on object 'Object Repository/1. Constant/xpath'

2022-06-09 21:31:59 - [TEST_STEP][PASSED] - I.select_multiplelist("//*[@id="selSource_91"]", "//*[@id="btnAdd_91"]", "1023"): Delayed 1 second(s)

2022-06-09 21:32:00 - [MESSAGE][PASSED] - Delayed 1 second(s)

2022-06-09 21:32:00 - [MESSAGE][PASSED] - All options with value '1023' are selected in object 'Object Repository/1. Constant/xpath' 

2022-06-09 21:32:02 - [MESSAGE][PASSED] - Delayed 2 second(s)

2022-06-09 21:32:02 - [MESSAGE][PASSED] - Object: 'Object Repository/1. Constant/xpath' is clicked on

2022-06-09 21:32:03 - [MESSAGE][PASSED] - Delayed 1 second(s)

2022-06-09 21:32:03 - [TEST_STEP][PASSED] - setText(findTestObject("1. Constant/xpath", ["xpath":"//*[@id="var_71"]"]), "25/08/2021"): Text '25/08/2021' is set on object 'Object Repository/1. Constant/xpath'

2022-06-09 21:32:04 - [MESSAGE][PASSED] - Text '25/08/2021' is set on object 'Object Repository/1. Constant/xpath'

2022-06-09 21:32:04 - [TEST_STEP][PASSED] - setText(findTestObject("1. Constant/xpath", ["xpath":"//*[@id="var_89"]"]), "Project Information - Comments"): Text 'Project Information - Comments' is set on object 'Object Repository/1. Constant/xpath'

2022-06-09 21:32:05 - [MESSAGE][PASSED] - Text 'Project Information - Comments' is set on object 'Object Repository/1. Constant/xpath'

2022-06-09 21:32:05 - [TEST_STEP][PASSED] - setText(findTestObject("1. Constant/xpath", ["xpath":"//*[@id="var_93"]"]), "Reason for change test"): Text 'Reason for change test' is set on object 'Object Repository/1. Constant/xpath'

2022-06-09 21:32:05 - [MESSAGE][PASSED] - Text 'Reason for change test' is set on object 'Object Repository/1. Constant/xpath'

2022-06-09 21:32:05 - [TEST_STEP][PASSED] - I.select_multiplelist("//*[@id="selSource_54"]", "//*[@id="btnAdd_54"]", "1081"): Delayed 1 second(s)

2022-06-09 21:32:06 - [MESSAGE][PASSED] - Delayed 1 second(s)

2022-06-09 21:32:06 - [MESSAGE][PASSED] - All options with value '1081' are selected in object 'Object Repository/1. Constant/xpath' 

2022-06-09 21:32:08 - [MESSAGE][PASSED] - Delayed 2 second(s)

2022-06-09 21:32:09 - [MESSAGE][PASSED] - Object: 'Object Repository/1. Constant/xpath' is clicked on

2022-06-09 21:32:10 - [MESSAGE][PASSED] - Delayed 1 second(s)

2022-06-09 21:32:10 - [TEST_STEP][PASSED] - delay(5): Delayed 5 second(s)

2022-06-09 21:32:15 - [MESSAGE][PASSED] - Delayed 5 second(s)

2022-06-09 21:32:15 - [TEST_STEP][PASSED] - I.select_multiplelist("//*[@id="selSource_106"]", "//*[@id="btnAdd_106"]", "2787"): Delayed 1 second(s)

2022-06-09 21:32:16 - [MESSAGE][PASSED] - Delayed 1 second(s)

2022-06-09 21:32:16 - [MESSAGE][PASSED] - All options with value '2787' are selected in object 'Object Repository/1. Constant/xpath' 

2022-06-09 21:32:18 - [MESSAGE][PASSED] - Delayed 2 second(s)

2022-06-09 21:32:18 - [MESSAGE][PASSED] - Object: 'Object Repository/1. Constant/xpath' is clicked on

2022-06-09 21:32:19 - [MESSAGE][PASSED] - Delayed 1 second(s)

2022-06-09 21:32:19 - [TEST_STEP][PASSED] - I.SelectFromList_Value("//*[@id="var_92"]", "1298"): Delayed 2 second(s)

2022-06-09 21:32:20 - [MESSAGE][PASSED] - All options with value '1298' are selected in object 'Object Repository/1. Constant/xpath' 

2022-06-09 21:32:22 - [MESSAGE][PASSED] - Delayed 2 second(s)

2022-06-09 21:32:22 - [TEST_STEP][PASSED] - I.select_multiplelist("//*[@id="selSource_88"]", "//*[@id="btnAdd_88"]", "1303"): Delayed 1 second(s)

2022-06-09 21:32:23 - [MESSAGE][PASSED] - Delayed 1 second(s)

2022-06-09 21:32:23 - [MESSAGE][PASSED] - All options with value '1303' are selected in object 'Object Repository/1. Constant/xpath' 

2022-06-09 21:32:25 - [MESSAGE][PASSED] - Delayed 2 second(s)

2022-06-09 21:32:26 - [MESSAGE][PASSED] - Object: 'Object Repository/1. Constant/xpath' is clicked on

2022-06-09 21:32:27 - [MESSAGE][PASSED] - Delayed 1 second(s)

2022-06-09 21:32:27 - [TEST_STEP][PASSED] - I.select_multiplelist("//*[@id="selSource_86"]", "//*[@id="btnAdd_86"]", "1310"): Delayed 1 second(s)

2022-06-09 21:32:28 - [MESSAGE][PASSED] - Delayed 1 second(s)

2022-06-09 21:32:29 - [MESSAGE][PASSED] - All options with value '1310' are selected in object 'Object Repository/1. Constant/xpath' 

2022-06-09 21:32:31 - [MESSAGE][PASSED] - Delayed 2 second(s)

2022-06-09 21:32:31 - [MESSAGE][PASSED] - Object: 'Object Repository/1. Constant/xpath' is clicked on

2022-06-09 21:32:32 - [MESSAGE][PASSED] - Delayed 1 second(s)

2022-06-09 21:32:32 - [TEST_STEP][PASSED] - I.select_multiplelist("//*[@id="selSource_57"]", "//*[@id="btnAdd_57"]", "2304"): Delayed 1 second(s)

2022-06-09 21:32:33 - [MESSAGE][PASSED] - Delayed 1 second(s)

2022-06-09 21:32:34 - [MESSAGE][PASSED] - All options with value '2304' are selected in object 'Object Repository/1. Constant/xpath' 

2022-06-09 21:32:36 - [MESSAGE][PASSED] - Delayed 2 second(s)

2022-06-09 21:32:36 - [MESSAGE][PASSED] - Object: 'Object Repository/1. Constant/xpath' is clicked on

2022-06-09 21:32:37 - [MESSAGE][PASSED] - Delayed 1 second(s)

2022-06-09 21:32:37 - [TEST_STEP][PASSED] - I.SelectFromList_Value("//*[@id="var_87"]", "971"): Delayed 2 second(s)

2022-06-09 21:32:39 - [MESSAGE][PASSED] - All options with value '971' are selected in object 'Object Repository/1. Constant/xpath' 

2022-06-09 21:32:41 - [MESSAGE][PASSED] - Delayed 2 second(s)

2022-06-09 21:32:41 - [TEST_STEP][PASSED] - I.SelectFromList_Value("//*[@id="var_109"]", "1325"): Delayed 2 second(s)

2022-06-09 21:32:42 - [MESSAGE][PASSED] - All options with value '1325' are selected in object 'Object Repository/1. Constant/xpath' 

2022-06-09 21:32:44 - [MESSAGE][PASSED] - Delayed 2 second(s)

2022-06-09 21:32:44 - [TEST_STEP][PASSED] - I.SelectFromList_Value("//*[@id="var_52"]", "1330"): Delayed 2 second(s)

2022-06-09 21:32:44 - [MESSAGE][PASSED] - All options with value '1330' are selected in object 'Object Repository/1. Constant/xpath' 

2022-06-09 21:32:46 - [MESSAGE][PASSED] - Delayed 2 second(s)

2022-06-09 21:32:46 - [TEST_STEP][PASSED] - I.select_multiplelist("//*[@id="selSource_67"]", "//*[@id="btnAdd_67"]", "1624"): Delayed 1 second(s)

2022-06-09 21:32:47 - [MESSAGE][PASSED] - Delayed 1 second(s)

2022-06-09 21:32:48 - [MESSAGE][PASSED] - All options with value '1624' are selected in object 'Object Repository/1. Constant/xpath' 

2022-06-09 21:32:50 - [MESSAGE][PASSED] - Delayed 2 second(s)

2022-06-09 21:32:50 - [MESSAGE][PASSED] - Object: 'Object Repository/1. Constant/xpath' is clicked on

2022-06-09 21:32:51 - [MESSAGE][PASSED] - Delayed 1 second(s)

2022-06-09 21:32:51 - [TEST_STEP][PASSED] - I.SelectFromList_Value("//*[@id="var_140"]", "2296"): Delayed 2 second(s)

2022-06-09 21:32:51 - [MESSAGE][PASSED] - All options with value '2296' are selected in object 'Object Repository/1. Constant/xpath' 

2022-06-09 21:32:53 - [MESSAGE][PASSED] - Delayed 2 second(s)

2022-06-09 21:32:53 - [TEST_STEP][PASSED] - I.select_multiplelist("//*[@id="selSource_51"]", "//*[@id="btnAdd_51"]", "1673"): Delayed 1 second(s)

2022-06-09 21:32:54 - [MESSAGE][PASSED] - Delayed 1 second(s)

2022-06-09 21:32:56 - [MESSAGE][PASSED] - All options with value '1673' are selected in object 'Object Repository/1. Constant/xpath' 

2022-06-09 21:32:58 - [MESSAGE][PASSED] - Delayed 2 second(s)

2022-06-09 21:32:59 - [MESSAGE][PASSED] - Object: 'Object Repository/1. Constant/xpath' is clicked on

2022-06-09 21:33:00 - [MESSAGE][PASSED] - Delayed 1 second(s)

2022-06-09 21:33:00 - [TEST_STEP][PASSED] - I.select_multiplelist("//*[@id="selSource_50"]", "//*[@id="btnAdd_50"]", "1681"): Delayed 1 second(s)

2022-06-09 21:33:01 - [MESSAGE][PASSED] - Delayed 1 second(s)

2022-06-09 21:33:01 - [MESSAGE][PASSED] - All options with value '1681' are selected in object 'Object Repository/1. Constant/xpath' 

2022-06-09 21:33:03 - [MESSAGE][PASSED] - Delayed 2 second(s)

2022-06-09 21:33:03 - [MESSAGE][PASSED] - Object: 'Object Repository/1. Constant/xpath' is clicked on

2022-06-09 21:33:04 - [MESSAGE][PASSED] - Delayed 1 second(s)

2022-06-09 21:33:04 - [TEST_STEP][PASSED] - I.SelectFromList_Value("//*[@id="selSource_64"]", "1701"): Delayed 2 second(s)

2022-06-09 21:33:05 - [MESSAGE][PASSED] - All options with value '1701' are selected in object 'Object Repository/1. Constant/xpath' 

2022-06-09 21:33:07 - [MESSAGE][PASSED] - Delayed 2 second(s)

2022-06-09 21:33:07 - [TEST_STEP][PASSED] - I.select_multiplelist("//*[@id="selSource_64"]", "//*[@id="btnAdd_64"]", "1688"): Delayed 1 second(s)

2022-06-09 21:33:08 - [MESSAGE][PASSED] - Delayed 1 second(s)

2022-06-09 21:33:08 - [MESSAGE][PASSED] - All options with value '1688' are selected in object 'Object Repository/1. Constant/xpath' 

2022-06-09 21:33:10 - [MESSAGE][PASSED] - Delayed 2 second(s)

2022-06-09 21:33:11 - [MESSAGE][PASSED] - Object: 'Object Repository/1. Constant/xpath' is clicked on

2022-06-09 21:33:12 - [MESSAGE][PASSED] - Delayed 1 second(s)

2022-06-09 21:33:12 - [TEST_STEP][PASSED] - I.select_multiplelist("//*[@id="selSource_53"]", "//*[@id="btnAdd_53"]", "1701"): Delayed 1 second(s)

2022-06-09 21:33:13 - [MESSAGE][PASSED] - Delayed 1 second(s)

2022-06-09 21:33:13 - [MESSAGE][PASSED] - All options with value '1701' are selected in object 'Object Repository/1. Constant/xpath' 

2022-06-09 21:33:15 - [MESSAGE][PASSED] - Delayed 2 second(s)

2022-06-09 21:33:16 - [MESSAGE][PASSED] - Object: 'Object Repository/1. Constant/xpath' is clicked on

2022-06-09 21:33:17 - [MESSAGE][PASSED] - Delayed 1 second(s)

2022-06-09 21:33:17 - [TEST_STEP][PASSED] - I.select_multiplelist("//*[@id="selSource_58"]", "//*[@id="btnAdd_58"]", "1704"): Delayed 1 second(s)

2022-06-09 21:33:18 - [MESSAGE][PASSED] - Delayed 1 second(s)

2022-06-09 21:33:18 - [MESSAGE][PASSED] - All options with value '1704' are selected in object 'Object Repository/1. Constant/xpath' 

2022-06-09 21:33:20 - [MESSAGE][PASSED] - Delayed 2 second(s)

2022-06-09 21:33:21 - [MESSAGE][PASSED] - Object: 'Object Repository/1. Constant/xpath' is clicked on

2022-06-09 21:33:22 - [MESSAGE][PASSED] - Delayed 1 second(s)

2022-06-09 21:33:22 - [TEST_STEP][PASSED] - I.select_multiplelist("//*[@id="selSource_59"]", "//*[@id="btnAdd_59"]", "1706"): Delayed 1 second(s)

2022-06-09 21:33:23 - [MESSAGE][PASSED] - Delayed 1 second(s)

2022-06-09 21:33:23 - [MESSAGE][PASSED] - All options with value '1706' are selected in object 'Object Repository/1. Constant/xpath' 

2022-06-09 21:33:25 - [MESSAGE][PASSED] - Delayed 2 second(s)

2022-06-09 21:33:26 - [MESSAGE][PASSED] - Object: 'Object Repository/1. Constant/xpath' is clicked on

2022-06-09 21:33:27 - [MESSAGE][PASSED] - Delayed 1 second(s)

2022-06-09 21:33:27 - [TEST_STEP][PASSED] - I.select_multiplelist("//*[@id="selSource_73"]", "//*[@id="btnAdd_73"]", "3147"): Delayed 1 second(s)

2022-06-09 21:33:28 - [MESSAGE][PASSED] - Delayed 1 second(s)

2022-06-09 21:33:28 - [MESSAGE][PASSED] - All options with value '3147' are selected in object 'Object Repository/1. Constant/xpath' 

2022-06-09 21:33:30 - [MESSAGE][PASSED] - Delayed 2 second(s)

2022-06-09 21:33:31 - [MESSAGE][PASSED] - Object: 'Object Repository/1. Constant/xpath' is clicked on

2022-06-09 21:33:32 - [MESSAGE][PASSED] - Delayed 1 second(s)

2022-06-09 21:33:32 - [TEST_STEP][PASSED] - I.SelectFromList_Value("//*[@id="var_66"]", "2402"): Delayed 2 second(s)

2022-06-09 21:33:32 - [MESSAGE][PASSED] - All options with value '2402' are selected in object 'Object Repository/1. Constant/xpath' 

2022-06-09 21:33:34 - [MESSAGE][PASSED] - Delayed 2 second(s)

2022-06-09 21:33:34 - [TEST_STEP][PASSED] - I.SelectFromList_Value("//*[@id="var_142"]", "2404"): Delayed 2 second(s)

2022-06-09 21:33:35 - [MESSAGE][PASSED] - All options with value '2404' are selected in object 'Object Repository/1. Constant/xpath' 

2022-06-09 21:33:37 - [MESSAGE][PASSED] - Delayed 2 second(s)

2022-06-09 21:33:37 - [TEST_STEP][PASSED] - I.SelectFromList_Value("//*[@id="var_143"]", "2406"): Delayed 2 second(s)

2022-06-09 21:33:37 - [MESSAGE][PASSED] - All options with value '2406' are selected in object 'Object Repository/1. Constant/xpath' 

2022-06-09 21:33:39 - [MESSAGE][PASSED] - Delayed 2 second(s)

2022-06-09 21:33:39 - [TEST_STEP][PASSED] - I.select_multiplelist("//*[@id="selSource_119"]", "//*[@id="btnAdd_119"]", "2165"): Delayed 1 second(s)

2022-06-09 21:33:40 - [MESSAGE][PASSED] - Delayed 1 second(s)

2022-06-09 21:33:41 - [MESSAGE][PASSED] - All options with value '2165' are selected in object 'Object Repository/1. Constant/xpath' 

2022-06-09 21:33:43 - [MESSAGE][PASSED] - Delayed 2 second(s)

2022-06-09 21:33:45 - [MESSAGE][PASSED] - Object: 'Object Repository/1. Constant/xpath' is clicked on

2022-06-09 21:33:46 - [MESSAGE][PASSED] - Delayed 1 second(s)

2022-06-09 21:33:46 - [TEST_STEP][PASSED] - takeScreenshot(): Taking screenshot successfully

2022-06-09 21:33:47 - [MESSAGE][PASSED] - Taking screenshot successfully
[[ATTACHMENT|D:\\Projet Test Auto\\Mediabox Test Automation\\Reports\\20220609_181011\\03. Parallel Testing (Testing)\\TS -PT PART 3\\15.02 NPP Duplication Shortcut (Translation Ref) -Part 1\\20220609_181122\\1654803227411.png]]

2022-06-09 21:33:47 - [TEST_STEP][PASSED] - click(findTestObject("HL Full Lifecycle/5 ModifyProjPage_button_Update")): Object: 'Object Repository/HL Full Lifecycle/5 ModifyProjPage_button_Update' is clicked on

2022-06-09 21:33:51 - [MESSAGE][PASSED] - Object: 'Object Repository/HL Full Lifecycle/5 ModifyProjPage_button_Update' is clicked on

2022-06-09 21:33:51 - [TEST_STEP][PASSED] - delay(10): Delayed 10 second(s)

2022-06-09 21:34:01 - [MESSAGE][PASSED] - Delayed 10 second(s)

2022-06-09 21:34:01 - [TEST_STEP][PASSED] - Project_No = I.ProjectNo(): Current window's url is: 'http://mdb-release.diadeis.lan/MediaboxIndependence/Base/ExecAction?IDSession=MBI%21RELTESTAUTO_NPP%21XXKSIOM0UZFBPCSCWQ19G9QFBENVGKQQ6JNM0DF6&default_action=AfficheFichesProjet&id_project=MI001071'

2022-06-09 21:34:06 - [MESSAGE][PASSED] - Delayed 5 second(s)

2022-06-09 21:34:06 - [MESSAGE][PASSED] - Current window's url is: 'http://mdb-release.diadeis.lan/MediaboxIndependence/Base/ExecAction?IDSession=MBI%21RELTESTAUTO_NPP%21XXKSIOM0UZFBPCSCWQ19G9QFBENVGKQQ6JNM0DF6&default_action=AfficheFichesProjet&id_project=MI001071'

2022-06-09 21:34:06 - [TEST_STEP][PASSED] - click(findTestObject("HL Full Lifecycle/6 ReferenceListPage_createrefbutton")): Object: 'Object Repository/HL Full Lifecycle/6 ReferenceListPage_createrefbutton' is clicked on

2022-06-09 21:34:07 - [MESSAGE][PASSED] - Object: 'Object Repository/HL Full Lifecycle/6 ReferenceListPage_createrefbutton' is clicked on

2022-06-09 21:34:07 - [TEST_STEP][PASSED] - click(findTestObject("HL Full Lifecycle/6 ReferenceListPaga_Create a component_button")): Object: 'Object Repository/HL Full Lifecycle/6 ReferenceListPaga_Create a component_button' is clicked on

2022-06-09 21:34:09 - [MESSAGE][PASSED] - Object: 'Object Repository/HL Full Lifecycle/6 ReferenceListPaga_Create a component_button' is clicked on

2022-06-09 21:34:09 - [TEST_STEP][PASSED] - takeScreenshot(): Taking screenshot successfully

2022-06-09 21:34:09 - [MESSAGE][PASSED] - Taking screenshot successfully
[[ATTACHMENT|D:\\Projet Test Auto\\Mediabox Test Automation\\Reports\\20220609_181011\\03. Parallel Testing (Testing)\\TS -PT PART 3\\15.02 NPP Duplication Shortcut (Translation Ref) -Part 1\\20220609_181122\\1654803249102.png]]

2022-06-09 21:34:09 - [TEST_STEP][PASSED] - I.SelectFromList_Value("//*[@id="lfc_tpl"]", "51"): Delayed 2 second(s)

2022-06-09 21:34:10 - [MESSAGE][PASSED] - All options with value '51' are selected in object 'Object Repository/1. Constant/xpath' 

2022-06-09 21:34:12 - [MESSAGE][PASSED] - Delayed 2 second(s)

2022-06-09 21:34:12 - [TEST_STEP][PASSED] - click(findTestObject("1. Constant/xpath", ["xpath":"//*[@id="ModifFiche"]/div[3]/div/button"])): Object: 'Object Repository/1. Constant/xpath' is clicked on

2022-06-09 21:34:16 - [MESSAGE][PASSED] - Object: 'Object Repository/1. Constant/xpath' is clicked on

2022-06-09 21:34:16 - [TEST_STEP][PASSED] - delay(1): Delayed 1 second(s)

2022-06-09 21:34:17 - [MESSAGE][PASSED] - Delayed 1 second(s)

2022-06-09 21:34:17 - [TEST_STEP][PASSED] - refID = I.RefID(): Current window's url is: 'http://mdb-release.diadeis.lan/MediaboxIndependence/Base/ExecAction?IDSession=MBI%21RELTESTAUTO_NPP%21XXKSIOM0UZFBPCSCWQ19G9QFBENVGKQQ6JNM0DF6&default_action=ModifierRef&id_project=MI001071&id_ref=1058030&action_from=create_ref'

2022-06-09 21:34:22 - [MESSAGE][PASSED] - Delayed 5 second(s)

2022-06-09 21:34:23 - [MESSAGE][PASSED] - Current window's url is: 'http://mdb-release.diadeis.lan/MediaboxIndependence/Base/ExecAction?IDSession=MBI%21RELTESTAUTO_NPP%21XXKSIOM0UZFBPCSCWQ19G9QFBENVGKQQ6JNM0DF6&default_action=ModifierRef&id_project=MI001071&id_ref=1058030&action_from=create_ref'

2022-06-09 21:34:23 - [TEST_STEP][PASSED] - takeScreenshot(): Taking screenshot successfully

2022-06-09 21:34:23 - [MESSAGE][PASSED] - Taking screenshot successfully
[[ATTACHMENT|D:\\Projet Test Auto\\Mediabox Test Automation\\Reports\\20220609_181011\\03. Parallel Testing (Testing)\\TS -PT PART 3\\15.02 NPP Duplication Shortcut (Translation Ref) -Part 1\\20220609_181122\\1654803263227.png]]

2022-06-09 21:34:23 - [TEST_STEP][PASSED] - setText(findTestObject("1. Constant/xpath", ["xpath":"//*[@id="var_103"]"]), "SAP Designation test > https://www.google.com/"): Text 'SAP Designation test > https://www.google.com/' is set on object 'Object Repository/1. Constant/xpath'

2022-06-09 21:34:24 - [MESSAGE][PASSED] - Text 'SAP Designation test > https://www.google.com/' is set on object 'Object Repository/1. Constant/xpath'

2022-06-09 21:34:24 - [TEST_STEP][PASSED] - setText(findTestObject("1. Constant/xpath", ["xpath":"//*[@id="var_139"]"]), "Claim Substantiation Project Link > https://www.google.com/"): Text 'Claim Substantiation Project Link > https://www.google.com/' is set on object 'Object Repository/1. Constant/xpath'

2022-06-09 21:34:25 - [MESSAGE][PASSED] - Text 'Claim Substantiation Project Link > https://www.google.com/' is set on object 'Object Repository/1. Constant/xpath'

2022-06-09 21:34:25 - [TEST_STEP][PASSED] - setText(findTestObject("1. Constant/xpath", ["xpath":"//*[@id="var_160"]"]), "Grading standard link > test"): Text 'Grading standard link > test' is set on object 'Object Repository/1. Constant/xpath'

2022-06-09 21:34:25 - [MESSAGE][PASSED] - Text 'Grading standard link > test' is set on object 'Object Repository/1. Constant/xpath'

2022-06-09 21:34:25 - [TEST_STEP][PASSED] - scrollToElement(findTestObject("1. Constant/xpath", ["xpath":"//*[@id="var_90"]"]), 10, OPTIONAL): Scroll to object 'Object Repository/1. Constant/xpath' successfully

2022-06-09 21:34:26 - [MESSAGE][PASSED] - Scroll to object 'Object Repository/1. Constant/xpath' successfully

2022-06-09 21:34:26 - [TEST_STEP][PASSED] - setText(findTestObject("1. Constant/xpath", ["xpath":"//*[@id="var_90"]"]), "Project name > test"): Text 'Project name > test' is set on object 'Object Repository/1. Constant/xpath'

2022-06-09 21:34:26 - [MESSAGE][PASSED] - Text 'Project name > test' is set on object 'Object Repository/1. Constant/xpath'

2022-06-09 21:34:26 - [TEST_STEP][PASSED] - setText(findTestObject("1. Constant/xpath", ["xpath":"//*[@id="var_62"]"]), "DPET > test"): Text 'DPET > test' is set on object 'Object Repository/1. Constant/xpath'

2022-06-09 21:34:26 - [MESSAGE][PASSED] - Text 'DPET > test' is set on object 'Object Repository/1. Constant/xpath'

2022-06-09 21:34:26 - [TEST_STEP][PASSED] - I.select_multiplelist("//*[@id="selSource_73"]", "//*[@id="btnAdd_73"]", "3147"): Delayed 1 second(s)

2022-06-09 21:34:27 - [MESSAGE][PASSED] - Delayed 1 second(s)

2022-06-09 21:34:28 - [MESSAGE][PASSED] - All options with value '3147' are selected in object 'Object Repository/1. Constant/xpath' 

2022-06-09 21:34:30 - [MESSAGE][PASSED] - Delayed 2 second(s)

2022-06-09 21:34:30 - [MESSAGE][PASSED] - Object: 'Object Repository/1. Constant/xpath' is clicked on

2022-06-09 21:34:31 - [MESSAGE][PASSED] - Delayed 1 second(s)

2022-06-09 21:34:31 - [TEST_STEP][PASSED] - takeScreenshot(): Taking screenshot successfully

2022-06-09 21:34:31 - [MESSAGE][PASSED] - Taking screenshot successfully
[[ATTACHMENT|D:\\Projet Test Auto\\Mediabox Test Automation\\Reports\\20220609_181011\\03. Parallel Testing (Testing)\\TS -PT PART 3\\15.02 NPP Duplication Shortcut (Translation Ref) -Part 1\\20220609_181122\\1654803271549.png]]

2022-06-09 21:34:31 - [TEST_STEP][PASSED] - scrollToElement(findTestObject("1. Constant/xpath", ["xpath":"//*[@id="var_82"]"]), 10, OPTIONAL): Scroll to object 'Object Repository/1. Constant/xpath' successfully

2022-06-09 21:34:32 - [MESSAGE][PASSED] - Scroll to object 'Object Repository/1. Constant/xpath' successfully

2022-06-09 21:34:32 - [TEST_STEP][PASSED] - I.SelectFromList_Value("//*[@id="var_82"]", "agaudin"): Delayed 2 second(s)

2022-06-09 21:34:33 - [MESSAGE][PASSED] - All options with value 'agaudin' are selected in object 'Object Repository/1. Constant/xpath' 

2022-06-09 21:34:35 - [MESSAGE][PASSED] - Delayed 2 second(s)

2022-06-09 21:34:35 - [TEST_STEP][PASSED] - I.SelectFromList_Value("//*[@id="var_74"]", "afrappaz"): Delayed 2 second(s)

2022-06-09 21:34:35 - [MESSAGE][PASSED] - All options with value 'afrappaz' are selected in object 'Object Repository/1. Constant/xpath' 

2022-06-09 21:34:37 - [MESSAGE][PASSED] - Delayed 2 second(s)

2022-06-09 21:34:37 - [TEST_STEP][PASSED] - I.SelectFromList_Value("//*[@id="selSource_168"]", "cdemonchy"): Delayed 2 second(s)

2022-06-09 21:34:38 - [MESSAGE][PASSED] - All options with value 'cdemonchy' are selected in object 'Object Repository/1. Constant/xpath' 

2022-06-09 21:34:40 - [MESSAGE][PASSED] - Delayed 2 second(s)

2022-06-09 21:34:40 - [TEST_STEP][PASSED] - I.SelectFromList_Value("//*[@id="selSource_168"]", "alarkins"): Delayed 2 second(s)

2022-06-09 21:34:40 - [MESSAGE][PASSED] - All options with value 'alarkins' are selected in object 'Object Repository/1. Constant/xpath' 

2022-06-09 21:34:42 - [MESSAGE][PASSED] - Delayed 2 second(s)

2022-06-09 21:34:42 - [TEST_STEP][PASSED] - I.select_multiplelist("//*[@id="selSource_168"]", "//*[@id="btnAdd_168"]", "abrazhnikovapx"): Delayed 1 second(s)

2022-06-09 21:34:43 - [MESSAGE][PASSED] - Delayed 1 second(s)

2022-06-09 21:34:45 - [MESSAGE][PASSED] - All options with value 'abrazhnikovapx' are selected in object 'Object Repository/1. Constant/xpath' 

2022-06-09 21:34:47 - [MESSAGE][PASSED] - Delayed 2 second(s)

2022-06-09 21:34:47 - [MESSAGE][PASSED] - Object: 'Object Repository/1. Constant/xpath' is clicked on

2022-06-09 21:34:48 - [MESSAGE][PASSED] - Delayed 1 second(s)

2022-06-09 21:34:48 - [TEST_STEP][PASSED] - I.SelectFromList_Value("//*[@id="var_60"]", "asvegaardd2d"): Delayed 2 second(s)

2022-06-09 21:34:48 - [MESSAGE][PASSED] - All options with value 'asvegaardd2d' are selected in object 'Object Repository/1. Constant/xpath' 

2022-06-09 21:34:50 - [MESSAGE][PASSED] - Delayed 2 second(s)

2022-06-09 21:34:50 - [TEST_STEP][PASSED] - I.SelectFromList_Value("//*[@id="var_102"]", "aserment"): Delayed 2 second(s)

2022-06-09 21:34:51 - [MESSAGE][PASSED] - All options with value 'aserment' are selected in object 'Object Repository/1. Constant/xpath' 

2022-06-09 21:34:53 - [MESSAGE][PASSED] - Delayed 2 second(s)

2022-06-09 21:34:53 - [TEST_STEP][PASSED] - I.SelectFromList_Value("//*[@id="var_63"]", "asavreux"): Delayed 2 second(s)

2022-06-09 21:34:53 - [MESSAGE][PASSED] - All options with value 'asavreux' are selected in object 'Object Repository/1. Constant/xpath' 

2022-06-09 21:34:55 - [MESSAGE][PASSED] - Delayed 2 second(s)

2022-06-09 21:34:55 - [TEST_STEP][PASSED] - I.SelectFromList_Value("//*[@id="var_161"]", "achaves"): Delayed 2 second(s)

2022-06-09 21:34:56 - [MESSAGE][PASSED] - All options with value 'achaves' are selected in object 'Object Repository/1. Constant/xpath' 

2022-06-09 21:34:58 - [MESSAGE][PASSED] - Delayed 2 second(s)

2022-06-09 21:34:58 - [TEST_STEP][PASSED] - takeScreenshot(): Taking screenshot successfully

2022-06-09 21:34:58 - [MESSAGE][PASSED] - Taking screenshot successfully
[[ATTACHMENT|D:\\Projet Test Auto\\Mediabox Test Automation\\Reports\\20220609_181011\\03. Parallel Testing (Testing)\\TS -PT PART 3\\15.02 NPP Duplication Shortcut (Translation Ref) -Part 1\\20220609_181122\\1654803298206.png]]

2022-06-09 21:34:58 - [TEST_STEP][PASSED] - scrollToElement(findTestObject("1. Constant/xpath", ["xpath":"//*[@id="var_143"]"]), 10, OPTIONAL): Scroll to object 'Object Repository/1. Constant/xpath' successfully

2022-06-09 21:34:58 - [MESSAGE][PASSED] - Scroll to object 'Object Repository/1. Constant/xpath' successfully

2022-06-09 21:34:58 - [TEST_STEP][PASSED] - I.select_multiplelist("//*[@id="selSource_79"]", "//*[@id="btnAdd_79"]", "1730"): Delayed 1 second(s)

2022-06-09 21:34:59 - [MESSAGE][PASSED] - Delayed 1 second(s)

2022-06-09 21:35:00 - [MESSAGE][PASSED] - All options with value '1730' are selected in object 'Object Repository/1. Constant/xpath' 

2022-06-09 21:35:02 - [MESSAGE][PASSED] - Delayed 2 second(s)

2022-06-09 21:35:02 - [MESSAGE][PASSED] - Object: 'Object Repository/1. Constant/xpath' is clicked on

2022-06-09 21:35:03 - [MESSAGE][PASSED] - Delayed 1 second(s)

2022-06-09 21:35:03 - [TEST_STEP][PASSED] - I.SelectFromList_Value("//*[@id="selSource_78"]", "1752"): Delayed 2 second(s)

2022-06-09 21:35:03 - [MESSAGE][PASSED] - All options with value '1752' are selected in object 'Object Repository/1. Constant/xpath' 

2022-06-09 21:35:05 - [MESSAGE][PASSED] - Delayed 2 second(s)

2022-06-09 21:35:05 - [TEST_STEP][PASSED] - I.select_multiplelist("//*[@id="selSource_78"]", "//*[@id="btnAdd_78"]", "1753"): Delayed 1 second(s)

2022-06-09 21:35:06 - [MESSAGE][PASSED] - Delayed 1 second(s)

2022-06-09 21:35:07 - [MESSAGE][PASSED] - All options with value '1753' are selected in object 'Object Repository/1. Constant/xpath' 

2022-06-09 21:35:09 - [MESSAGE][PASSED] - Delayed 2 second(s)

2022-06-09 21:35:09 - [MESSAGE][PASSED] - Object: 'Object Repository/1. Constant/xpath' is clicked on

2022-06-09 21:35:10 - [MESSAGE][PASSED] - Delayed 1 second(s)

2022-06-09 21:35:10 - [TEST_STEP][PASSED] - I.SelectFromList_Value("//*[@id="selSource_104"]", "73"): Delayed 2 second(s)

2022-06-09 21:35:12 - [MESSAGE][PASSED] - All options with value '73' are selected in object 'Object Repository/1. Constant/xpath' 

2022-06-09 21:35:14 - [MESSAGE][PASSED] - Delayed 2 second(s)

2022-06-09 21:35:14 - [TEST_STEP][PASSED] - I.select_multiplelist("//*[@id="selSource_104"]", "//*[@id="btnAdd_104"]", "74"): Delayed 1 second(s)

2022-06-09 21:35:15 - [MESSAGE][PASSED] - Delayed 1 second(s)

2022-06-09 21:35:15 - [MESSAGE][PASSED] - All options with value '74' are selected in object 'Object Repository/1. Constant/xpath' 

2022-06-09 21:35:17 - [MESSAGE][PASSED] - Delayed 2 second(s)

2022-06-09 21:35:18 - [MESSAGE][PASSED] - Object: 'Object Repository/1. Constant/xpath' is clicked on

2022-06-09 21:35:19 - [MESSAGE][PASSED] - Delayed 1 second(s)

2022-06-09 21:35:19 - [TEST_STEP][PASSED] - takeScreenshot(): Taking screenshot successfully

2022-06-09 21:35:19 - [MESSAGE][PASSED] - Taking screenshot successfully
[[ATTACHMENT|D:\\Projet Test Auto\\Mediabox Test Automation\\Reports\\20220609_181011\\03. Parallel Testing (Testing)\\TS -PT PART 3\\15.02 NPP Duplication Shortcut (Translation Ref) -Part 1\\20220609_181122\\1654803319149.png]]

2022-06-09 21:35:19 - [TEST_STEP][PASSED] - scrollToElement(findTestObject("1. Constant/xpath", ["xpath":"//*[@id="var_169"]"]), 10, OPTIONAL): Scroll to object 'Object Repository/1. Constant/xpath' successfully

2022-06-09 21:35:19 - [MESSAGE][PASSED] - Scroll to object 'Object Repository/1. Constant/xpath' successfully

2022-06-09 21:35:19 - [TEST_STEP][PASSED] - setText(findTestObject("1. Constant/xpath", ["xpath":"//*[@id="var_169"]"]), "Version History"): Text 'Version History' is set on object 'Object Repository/1. Constant/xpath'

2022-06-09 21:35:20 - [MESSAGE][PASSED] - Text 'Version History' is set on object 'Object Repository/1. Constant/xpath'

2022-06-09 21:35:20 - [TEST_STEP][PASSED] - click(findTestObject("HL Full Lifecycle/7 ModifyRefPage_button_Save")): Object: 'Object Repository/HL Full Lifecycle/7 ModifyRefPage_button_Save' is clicked on

2022-06-09 21:35:25 - [MESSAGE][PASSED] - Object: 'Object Repository/HL Full Lifecycle/7 ModifyRefPage_button_Save' is clicked on

2022-06-09 21:35:25 - [TEST_STEP][PASSED] - delay(1): Delayed 1 second(s)

2022-06-09 21:35:26 - [MESSAGE][PASSED] - Delayed 1 second(s)

2022-06-09 21:35:26 - [TEST_STEP][PASSED] - I.Logout_xpath("//*[@id="kt_header"]/div/div[2]/div[2]/div[1]/div/span/img", "//*[@id="kt_header"]/div/div[2]/div[2]/div[2]/a[2]"): Wait for page load successfully

2022-06-09 21:35:27 - [MESSAGE][PASSED] - Object: 'Object Repository/1. Constant/xpath' is clicked on

2022-06-09 21:35:28 - [MESSAGE][PASSED] - Delayed 1 second(s)

2022-06-09 21:35:29 - [MESSAGE][PASSED] - Object: 'Object Repository/1. Constant/xpath' is clicked on

2022-06-09 21:35:30 - [MESSAGE][PASSED] - Delayed 1 second(s)

2022-06-09 21:35:31 - [MESSAGE][PASSED] - Wait for page load successfully

2022-06-09 21:35:31 - [TEST_STEP][PASSED] - I.Login_password("ncur", password_ncur): Object: 'Object Repository/1. Constant/xpath' is clicked on

2022-06-09 21:35:31 - [MESSAGE][PASSED] - Text 'ncur' is set on object 'Object Repository/1. Constant/xpath'

2022-06-09 21:35:32 - [MESSAGE][PASSED] - Delayed 1 second(s)

2022-06-09 21:35:32 - [MESSAGE][PASSED] - Text 'dchi' is set on object 'Object Repository/1. Constant/xpath'

2022-06-09 21:35:33 - [MESSAGE][PASSED] - Delayed 1 second(s)

2022-06-09 21:35:38 - [MESSAGE][PASSED] - Object: 'Object Repository/1. Constant/xpath' is clicked on

2022-06-09 21:35:38 - [TEST_STEP][PASSED] - click(findTestObject("1. Constant/02_LHSMenu_Projects")): Object: 'Object Repository/1. Constant/02_LHSMenu_Projects' is clicked on

2022-06-09 21:35:54 - [MESSAGE][PASSED] - Object: 'Object Repository/1. Constant/02_LHSMenu_Projects' is clicked on

2022-06-09 21:35:54 - [TEST_STEP][PASSED] - I.SearchProjectNo_xpath(Project_No, "//*[@id="keynum_project"]", "//*[@id="form_filters"]/div[9]/button"): Delayed 5 second(s)

2022-06-09 21:35:55 - [MESSAGE][PASSED] - Delayed 1 second(s)

2022-06-09 21:35:55 - [MESSAGE][PASSED] - Text 'MI001071' is set on object 'Object Repository/1. Constant/xpath'

2022-06-09 21:35:58 - [MESSAGE][PASSED] - Delayed 3 second(s)

2022-06-09 21:35:58 - [MESSAGE][PASSED] - Scroll to object 'Object Repository/1. Constant/xpath' successfully

2022-06-09 21:36:01 - [MESSAGE][PASSED] - Object: 'Object Repository/1. Constant/xpath' is clicked on

2022-06-09 21:36:06 - [MESSAGE][PASSED] - Delayed 5 second(s)

2022-06-09 21:36:06 - [TEST_STEP][PASSED] - delay(2): Delayed 2 second(s)

2022-06-09 21:36:08 - [MESSAGE][PASSED] - Delayed 2 second(s)

2022-06-09 21:36:08 - [TEST_STEP][PASSED] - takeScreenshot(): Taking screenshot successfully

2022-06-09 21:36:09 - [MESSAGE][PASSED] - Taking screenshot successfully
[[ATTACHMENT|D:\\Projet Test Auto\\Mediabox Test Automation\\Reports\\20220609_181011\\03. Parallel Testing (Testing)\\TS -PT PART 3\\15.02 NPP Duplication Shortcut (Translation Ref) -Part 1\\20220609_181122\\1654803368817.png]]

2022-06-09 21:36:09 - [TEST_STEP][PASSED] - click(findTestObject("1. Constant/xpath", ["xpath":"//*[@id="fiches"]/table/tbody/tr/td[10]/a[2]"])): Object: 'Object Repository/1. Constant/xpath' is clicked on

2022-06-09 21:36:13 - [MESSAGE][PASSED] - Object: 'Object Repository/1. Constant/xpath' is clicked on

2022-06-09 21:36:13 - [TEST_STEP][PASSED] - I.select_multiplelist("//*[@id="selSource_108"]", "//*[@id="btnAdd_108"]", "2344"): Delayed 1 second(s)

2022-06-09 21:36:14 - [MESSAGE][PASSED] - Delayed 1 second(s)

2022-06-09 21:36:14 - [MESSAGE][PASSED] - All options with value '2344' are selected in object 'Object Repository/1. Constant/xpath' 

2022-06-09 21:36:16 - [MESSAGE][PASSED] - Delayed 2 second(s)

2022-06-09 21:36:16 - [MESSAGE][PASSED] - Object: 'Object Repository/1. Constant/xpath' is clicked on

2022-06-09 21:36:17 - [MESSAGE][PASSED] - Delayed 1 second(s)

2022-06-09 21:36:17 - [TEST_STEP][PASSED] - click(findTestObject("1. Constant/xpath", ["xpath":"//*[@id="ModifFiche"]/div[1]/div/button[2]"])): Object: 'Object Repository/1. Constant/xpath' is clicked on

2022-06-09 21:36:23 - [MESSAGE][PASSED] - Object: 'Object Repository/1. Constant/xpath' is clicked on

2022-06-09 21:36:23 - [TEST_STEP][PASSED] - takeScreenshot(): Taking screenshot successfully

2022-06-09 21:36:24 - [MESSAGE][PASSED] - Taking screenshot successfully
[[ATTACHMENT|D:\\Projet Test Auto\\Mediabox Test Automation\\Reports\\20220609_181011\\03. Parallel Testing (Testing)\\TS -PT PART 3\\15.02 NPP Duplication Shortcut (Translation Ref) -Part 1\\20220609_181122\\1654803383849.png]]

2022-06-09 21:36:24 - [TEST_STEP][PASSED] - click(findTestObject("1. Constant/xpath", ["xpath":"//*[@id="fiches"]/table/tbody/tr/td[10]/a[2]"])): Object: 'Object Repository/1. Constant/xpath' is clicked on

2022-06-09 21:36:29 - [MESSAGE][PASSED] - Object: 'Object Repository/1. Constant/xpath' is clicked on

2022-06-09 21:36:29 - [TEST_STEP][PASSED] - delay(1): Delayed 1 second(s)

2022-06-09 21:36:30 - [MESSAGE][PASSED] - Delayed 1 second(s)

2022-06-09 21:36:30 - [TEST_STEP][PASSED] - click(findTestObject("1. Constant/xpath", ["xpath":"//*[@id="ModifFiche"]/div[1]/div/button[2]"])): Object: 'Object Repository/1. Constant/xpath' is clicked on

2022-06-09 21:36:36 - [MESSAGE][PASSED] - Object: 'Object Repository/1. Constant/xpath' is clicked on

2022-06-09 21:36:36 - [TEST_STEP][PASSED] - delay(1): Delayed 1 second(s)

2022-06-09 21:36:37 - [MESSAGE][PASSED] - Delayed 1 second(s)

2022-06-09 21:36:37 - [TEST_STEP][PASSED] - click(findTestObject("1. Constant/xpath", ["xpath":"/html/body/div[1]/div[2]/div[4]/div[3]/div/div[2]/div[2]/table/tbody/tr/td[10]/div[2]/button"])): Object: 'Object Repository/1. Constant/xpath' is clicked on

2022-06-09 21:36:38 - [MESSAGE][PASSED] - Object: 'Object Repository/1. Constant/xpath' is clicked on

2022-06-09 21:36:38 - [TEST_STEP][PASSED] - delay(1): Delayed 1 second(s)

2022-06-09 21:36:39 - [MESSAGE][PASSED] - Delayed 1 second(s)

2022-06-09 21:36:39 - [TEST_STEP][PASSED] - click(findTestObject("1. Constant/xpath", ["xpath":"//*[@id="fiches"]/table/tbody/tr/td[10]/div[2]/div/a[1]"])): Object: 'Object Repository/1. Constant/xpath' is clicked on

2022-06-09 21:36:41 - [MESSAGE][PASSED] - Object: 'Object Repository/1. Constant/xpath' is clicked on

2022-06-09 21:36:41 - [TEST_STEP][PASSED] - takeScreenshot(): Taking screenshot successfully

2022-06-09 21:36:41 - [MESSAGE][PASSED] - Taking screenshot successfully
[[ATTACHMENT|D:\\Projet Test Auto\\Mediabox Test Automation\\Reports\\20220609_181011\\03. Parallel Testing (Testing)\\TS -PT PART 3\\15.02 NPP Duplication Shortcut (Translation Ref) -Part 1\\20220609_181122\\1654803401215.png]]

2022-06-09 21:36:41 - [TEST_STEP][PASSED] - I.SelectFromList_Value("//*[@id="var_84"]", "akim"): Delayed 2 second(s)

2022-06-09 21:36:41 - [MESSAGE][PASSED] - All options with value 'akim' are selected in object 'Object Repository/1. Constant/xpath' 

2022-06-09 21:36:43 - [MESSAGE][PASSED] - Delayed 2 second(s)

2022-06-09 21:36:43 - [TEST_STEP][PASSED] - click(findTestObject("1. Constant/xpath", ["xpath":"//*[@id="ModifFiche"]/div[1]/div/div"])): Object: 'Object Repository/1. Constant/xpath' is clicked on

2022-06-09 21:36:44 - [MESSAGE][PASSED] - Object: 'Object Repository/1. Constant/xpath' is clicked on

2022-06-09 21:36:44 - [TEST_STEP][PASSED] - delay(1): Delayed 1 second(s)

2022-06-09 21:36:45 - [MESSAGE][PASSED] - Delayed 1 second(s)

2022-06-09 21:36:45 - [TEST_STEP][PASSED] - click(findTestObject("1. Constant/xpath", ["xpath":"//*[@id="ModifFiche"]/div[1]/div/div/div/a[1]"])): Object: 'Object Repository/1. Constant/xpath' is clicked on

2022-06-09 21:36:51 - [MESSAGE][PASSED] - Object: 'Object Repository/1. Constant/xpath' is clicked on

2022-06-09 21:36:51 - [TEST_STEP][PASSED] - delay(2): Delayed 2 second(s)

2022-06-09 21:36:53 - [MESSAGE][PASSED] - Delayed 2 second(s)

2022-06-09 21:36:53 - [TEST_STEP][PASSED] - click(findTestObject("1. Constant/xpath", ["xpath":"//*[@id="fiches"]/table/tbody/tr/td[10]/div[2]/button"])): Object: 'Object Repository/1. Constant/xpath' is clicked on

2022-06-09 21:36:54 - [MESSAGE][PASSED] - Object: 'Object Repository/1. Constant/xpath' is clicked on

2022-06-09 21:36:54 - [TEST_STEP][PASSED] - delay(1): Delayed 1 second(s)

2022-06-09 21:36:55 - [MESSAGE][PASSED] - Delayed 1 second(s)

2022-06-09 21:36:55 - [TEST_STEP][PASSED] - click(findTestObject("1. Constant/xpath", ["xpath":"//*[@id="fiches"]/table/tbody/tr/td[10]/div[2]/div/a[1]"])): Object: 'Object Repository/1. Constant/xpath' is clicked on

2022-06-09 21:36:57 - [MESSAGE][PASSED] - Object: 'Object Repository/1. Constant/xpath' is clicked on

2022-06-09 21:36:57 - [TEST_STEP][PASSED] - takeScreenshot(): Taking screenshot successfully

2022-06-09 21:36:57 - [MESSAGE][PASSED] - Taking screenshot successfully
[[ATTACHMENT|D:\\Projet Test Auto\\Mediabox Test Automation\\Reports\\20220609_181011\\03. Parallel Testing (Testing)\\TS -PT PART 3\\15.02 NPP Duplication Shortcut (Translation Ref) -Part 1\\20220609_181122\\1654803417126.png]]

2022-06-09 21:36:57 - [TEST_STEP][PASSED] - I.SelectFromList_Value("//*[@id="var_76"]", "afrappaz"): Delayed 2 second(s)

2022-06-09 21:36:57 - [MESSAGE][PASSED] - All options with value 'afrappaz' are selected in object 'Object Repository/1. Constant/xpath' 

2022-06-09 21:36:59 - [MESSAGE][PASSED] - Delayed 2 second(s)

2022-06-09 21:36:59 - [TEST_STEP][PASSED] - click(findTestObject("1. Constant/xpath", ["xpath":"//*[@id="ModifFiche"]/div[1]/div/div/button"])): Object: 'Object Repository/1. Constant/xpath' is clicked on

2022-06-09 21:36:59 - [MESSAGE][PASSED] - Object: 'Object Repository/1. Constant/xpath' is clicked on

2022-06-09 21:36:59 - [TEST_STEP][PASSED] - delay(1): Delayed 1 second(s)

2022-06-09 21:37:00 - [MESSAGE][PASSED] - Delayed 1 second(s)

2022-06-09 21:37:00 - [TEST_STEP][PASSED] - click(findTestObject("1. Constant/xpath", ["xpath":"//*[@id="ModifFiche"]/div[1]/div/div/div/a[1]"])): Object: 'Object Repository/1. Constant/xpath' is clicked on

2022-06-09 21:37:06 - [MESSAGE][PASSED] - Object: 'Object Repository/1. Constant/xpath' is clicked on

2022-06-09 21:37:06 - [TEST_STEP][PASSED] - delay(2): Delayed 2 second(s)

2022-06-09 21:37:08 - [MESSAGE][PASSED] - Delayed 2 second(s)

2022-06-09 21:37:08 - [TEST_STEP][PASSED] - click(findTestObject("1. Constant/xpath", ["xpath":"//*[@id="fiches"]/table/tbody/tr/td[10]/div[2]/button"])): Object: 'Object Repository/1. Constant/xpath' is clicked on

2022-06-09 21:37:08 - [MESSAGE][PASSED] - Object: 'Object Repository/1. Constant/xpath' is clicked on

2022-06-09 21:37:08 - [TEST_STEP][PASSED] - delay(1): Delayed 1 second(s)

2022-06-09 21:37:09 - [MESSAGE][PASSED] - Delayed 1 second(s)

2022-06-09 21:37:09 - [TEST_STEP][PASSED] - click(findTestObject("1. Constant/xpath", ["xpath":"//*[@id="fiches"]/table/tbody/tr/td[10]/div[2]/div/a[1]"])): Object: 'Object Repository/1. Constant/xpath' is clicked on

2022-06-09 21:37:11 - [MESSAGE][PASSED] - Object: 'Object Repository/1. Constant/xpath' is clicked on

2022-06-09 21:37:11 - [TEST_STEP][PASSED] - takeScreenshot(): Taking screenshot successfully

2022-06-09 21:37:11 - [MESSAGE][PASSED] - Taking screenshot successfully
[[ATTACHMENT|D:\\Projet Test Auto\\Mediabox Test Automation\\Reports\\20220609_181011\\03. Parallel Testing (Testing)\\TS -PT PART 3\\15.02 NPP Duplication Shortcut (Translation Ref) -Part 1\\20220609_181122\\1654803431581.png]]

2022-06-09 21:37:11 - [TEST_STEP][PASSED] - delay(1): Delayed 1 second(s)

2022-06-09 21:37:12 - [MESSAGE][PASSED] - Delayed 1 second(s)

2022-06-09 21:37:12 - [TEST_STEP][PASSED] - click(findTestObject("1. Constant/xpath", ["xpath":"//*[@id="ModifFiche"]/div[1]/div/div/button"])): Object: 'Object Repository/1. Constant/xpath' is clicked on

2022-06-09 21:37:13 - [MESSAGE][PASSED] - Object: 'Object Repository/1. Constant/xpath' is clicked on

2022-06-09 21:37:13 - [TEST_STEP][PASSED] - delay(1): Delayed 1 second(s)

2022-06-09 21:37:14 - [MESSAGE][PASSED] - Delayed 1 second(s)

2022-06-09 21:37:14 - [TEST_STEP][PASSED] - click(findTestObject("1. Constant/xpath", ["xpath":"//*[@id="ModifFiche"]/div[1]/div/div/div/a[1]"])): Object: 'Object Repository/1. Constant/xpath' is clicked on

2022-06-09 21:37:19 - [MESSAGE][PASSED] - Object: 'Object Repository/1. Constant/xpath' is clicked on

2022-06-09 21:37:19 - [TEST_STEP][PASSED] - delay(2): Delayed 2 second(s)

2022-06-09 21:37:21 - [MESSAGE][PASSED] - Delayed 2 second(s)

2022-06-09 21:37:21 - [TEST_STEP][PASSED] - click(findTestObject("1. Constant/xpath", ["xpath":"//*[@id="fiches"]/table/tbody/tr/td[10]/div[2]/button"])): Object: 'Object Repository/1. Constant/xpath' is clicked on

2022-06-09 21:37:21 - [MESSAGE][PASSED] - Object: 'Object Repository/1. Constant/xpath' is clicked on

2022-06-09 21:37:21 - [TEST_STEP][PASSED] - delay(1): Delayed 1 second(s)

2022-06-09 21:37:22 - [MESSAGE][PASSED] - Delayed 1 second(s)

2022-06-09 21:37:22 - [TEST_STEP][PASSED] - click(findTestObject("1. Constant/xpath", ["xpath":"//*[@id="fiches"]/table/tbody/tr/td[10]/div[2]/div/a[1]"])): Object: 'Object Repository/1. Constant/xpath' is clicked on

2022-06-09 21:37:24 - [MESSAGE][PASSED] - Object: 'Object Repository/1. Constant/xpath' is clicked on

2022-06-09 21:37:24 - [TEST_STEP][PASSED] - takeScreenshot(): Taking screenshot successfully

2022-06-09 21:37:24 - [MESSAGE][PASSED] - Taking screenshot successfully
[[ATTACHMENT|D:\\Projet Test Auto\\Mediabox Test Automation\\Reports\\20220609_181011\\03. Parallel Testing (Testing)\\TS -PT PART 3\\15.02 NPP Duplication Shortcut (Translation Ref) -Part 1\\20220609_181122\\1654803444379.png]]

2022-06-09 21:37:24 - [TEST_STEP][PASSED] - delay(1): Delayed 1 second(s)

2022-06-09 21:37:25 - [MESSAGE][PASSED] - Delayed 1 second(s)

2022-06-09 21:37:25 - [TEST_STEP][PASSED] - I.SelectFromList_Value("//*[@id="var_56"]", "aserment"): Delayed 2 second(s)

2022-06-09 21:37:26 - [MESSAGE][PASSED] - All options with value 'aserment' are selected in object 'Object Repository/1. Constant/xpath' 

2022-06-09 21:37:28 - [MESSAGE][PASSED] - Delayed 2 second(s)

2022-06-09 21:37:28 - [TEST_STEP][PASSED] - click(findTestObject("1. Constant/xpath", ["xpath":"//*[@id="ModifFiche"]/div[1]/div/div/button"])): Object: 'Object Repository/1. Constant/xpath' is clicked on

2022-06-09 21:37:28 - [MESSAGE][PASSED] - Object: 'Object Repository/1. Constant/xpath' is clicked on

2022-06-09 21:37:28 - [TEST_STEP][PASSED] - delay(1): Delayed 1 second(s)

2022-06-09 21:37:29 - [MESSAGE][PASSED] - Delayed 1 second(s)

2022-06-09 21:37:29 - [TEST_STEP][PASSED] - click(findTestObject("1. Constant/xpath", ["xpath":"//*[@id="ModifFiche"]/div[1]/div/div/div/a[1]"])): Object: 'Object Repository/1. Constant/xpath' is clicked on

2022-06-09 21:37:39 - [MESSAGE][PASSED] - Object: 'Object Repository/1. Constant/xpath' is clicked on

2022-06-09 21:37:39 - [TEST_STEP][PASSED] - delay(2): Delayed 2 second(s)

2022-06-09 21:37:41 - [MESSAGE][PASSED] - Delayed 2 second(s)

2022-06-09 21:37:41 - [TEST_STEP][PASSED] - takeScreenshot(): Taking screenshot successfully

2022-06-09 21:37:41 - [MESSAGE][PASSED] - Taking screenshot successfully
[[ATTACHMENT|D:\\Projet Test Auto\\Mediabox Test Automation\\Reports\\20220609_181011\\03. Parallel Testing (Testing)\\TS -PT PART 3\\15.02 NPP Duplication Shortcut (Translation Ref) -Part 1\\20220609_181122\\1654803461549.png]]

2022-06-09 21:37:41 - [TEST_STEP][PASSED] - click(findTestObject("1. Constant/xpath", ["xpath":"//*[@id="fiches"]/table/tbody/tr/td[10]/div[1]/button"])): Object: 'Object Repository/1. Constant/xpath' is clicked on

2022-06-09 21:37:42 - [MESSAGE][PASSED] - Object: 'Object Repository/1. Constant/xpath' is clicked on

2022-06-09 21:37:42 - [TEST_STEP][PASSED] - delay(1): Delayed 1 second(s)

2022-06-09 21:37:43 - [MESSAGE][PASSED] - Delayed 1 second(s)

2022-06-09 21:37:43 - [TEST_STEP][PASSED] - click(findTestObject("1. Constant/xpath", ["xpath":"//*[@id="fiches"]/table/tbody/tr/td[10]/div[1]/div/a[2]"])): Object: 'Object Repository/1. Constant/xpath' is clicked on

2022-06-09 21:37:45 - [MESSAGE][PASSED] - Object: 'Object Repository/1. Constant/xpath' is clicked on

2022-06-09 21:37:45 - [TEST_STEP][PASSED] - delay(2): Delayed 2 second(s)

2022-06-09 21:37:47 - [MESSAGE][PASSED] - Delayed 2 second(s)

2022-06-09 21:37:47 - [TEST_STEP][PASSED] - takeScreenshot(): Taking screenshot successfully

2022-06-09 21:37:47 - [MESSAGE][PASSED] - Taking screenshot successfully
[[ATTACHMENT|D:\\Projet Test Auto\\Mediabox Test Automation\\Reports\\20220609_181011\\03. Parallel Testing (Testing)\\TS -PT PART 3\\15.02 NPP Duplication Shortcut (Translation Ref) -Part 1\\20220609_181122\\1654803467431.png]]

2022-06-09 21:37:47 - [TEST_STEP][PASSED] - click(findTestObject("1. Constant/xpath", ["xpath":"//*[@id="aff_newfield_zone"]"])): Object: 'Object Repository/1. Constant/xpath' is clicked on

2022-06-09 21:37:48 - [MESSAGE][PASSED] - Object: 'Object Repository/1. Constant/xpath' is clicked on

2022-06-09 21:37:48 - [TEST_STEP][PASSED] - delay(3): Delayed 3 second(s)

2022-06-09 21:37:51 - [MESSAGE][PASSED] - Delayed 3 second(s)

2022-06-09 21:37:51 - [TEST_STEP][PASSED] - I.Pagedown(): Execute JavaScript 'window.scrollTo(0, document.body.scrollHeight)' successfully

2022-06-09 21:37:51 - [MESSAGE][PASSED] - Execute JavaScript 'window.scrollTo(0, document.body.scrollHeight)' successfully

2022-06-09 21:37:51 - [TEST_STEP][PASSED] - I.SelectFromList_Value("//*[@id="type_new"]", "160"): Delayed 2 second(s)

2022-06-09 21:37:53 - [MESSAGE][PASSED] - All options with value '160' are selected in object 'Object Repository/1. Constant/xpath' 

2022-06-09 21:37:55 - [MESSAGE][PASSED] - Delayed 2 second(s)

2022-06-09 21:37:55 - [TEST_STEP][PASSED] - click(findTestObject("1. Constant/xpath", ["xpath":"//*[@id="add_newtranslationfield"]"])): Object: 'Object Repository/1. Constant/xpath' is clicked on

2022-06-09 21:37:58 - [MESSAGE][PASSED] - Object: 'Object Repository/1. Constant/xpath' is clicked on

2022-06-09 21:37:58 - [TEST_STEP][PASSED] - delay(3): Delayed 3 second(s)

2022-06-09 21:38:01 - [MESSAGE][PASSED] - Delayed 3 second(s)

2022-06-09 21:38:01 - [TEST_STEP][PASSED] - I.click_button_javascript(findTestObject("1. Constant/xpath", ["xpath":"//*[@id="ModifFiche"]/div[1]/div[2]/button[2]"])): Execute JavaScript 'arguments[0].click()' successfully

2022-06-09 21:38:09 - [MESSAGE][PASSED] - Execute JavaScript 'arguments[0].click()' successfully

2022-06-09 21:38:09 - [TEST_STEP][PASSED] - delay(3): Delayed 3 second(s)

2022-06-09 21:38:12 - [MESSAGE][PASSED] - Delayed 3 second(s)

2022-06-09 21:38:12 - [TEST_STEP][PASSED] - takeScreenshot(): Taking screenshot successfully

2022-06-09 21:38:12 - [MESSAGE][PASSED] - Taking screenshot successfully
[[ATTACHMENT|D:\\Projet Test Auto\\Mediabox Test Automation\\Reports\\20220609_181011\\03. Parallel Testing (Testing)\\TS -PT PART 3\\15.02 NPP Duplication Shortcut (Translation Ref) -Part 1\\20220609_181122\\1654803492672.png]]

2022-06-09 21:38:12 - [TEST_STEP][PASSED] - I.select_multiplelist("//*[@id="selSource_default_target_language"]", "//*[@id="btn_add_default_target_language"]", "EN"): Delayed 1 second(s)

2022-06-09 21:38:13 - [MESSAGE][PASSED] - Delayed 1 second(s)

2022-06-09 21:38:14 - [MESSAGE][PASSED] - All options with value 'EN' are selected in object 'Object Repository/1. Constant/xpath' 

2022-06-09 21:38:16 - [MESSAGE][PASSED] - Delayed 2 second(s)

2022-06-09 21:38:17 - [MESSAGE][PASSED] - Object: 'Object Repository/1. Constant/xpath' is clicked on

2022-06-09 21:38:18 - [MESSAGE][PASSED] - Delayed 1 second(s)

2022-06-09 21:38:18 - [TEST_STEP][PASSED] - delay(2): Delayed 2 second(s)

2022-06-09 21:38:20 - [MESSAGE][PASSED] - Delayed 2 second(s)

2022-06-09 21:38:20 - [TEST_STEP][PASSED] - I.SelectFromList_Value("//*[@id="var_127_128_line_1"]", "2211"): Delayed 2 second(s)

2022-06-09 21:38:20 - [MESSAGE][PASSED] - All options with value '2211' are selected in object 'Object Repository/1. Constant/xpath' 

2022-06-09 21:38:22 - [MESSAGE][PASSED] - Delayed 2 second(s)

2022-06-09 21:38:22 - [TEST_STEP][PASSED] - delay(2): Delayed 2 second(s)

2022-06-09 21:38:24 - [MESSAGE][PASSED] - Delayed 2 second(s)

2022-06-09 21:38:24 - [TEST_STEP][PASSED] - setText(findTestObject("1. Constant/xpath", ["xpath":"//*[@id="var_72"]"]), "01/12/2021"): Text '01/12/2021' is set on object 'Object Repository/1. Constant/xpath'

2022-06-09 21:38:25 - [MESSAGE][PASSED] - Text '01/12/2021' is set on object 'Object Repository/1. Constant/xpath'

2022-06-09 21:38:25 - [TEST_STEP][PASSED] - delay(2): Delayed 2 second(s)

2022-06-09 21:38:27 - [MESSAGE][PASSED] - Delayed 2 second(s)

2022-06-09 21:38:27 - [TEST_STEP][PASSED] - setText(findTestObject("1. Constant/xpath", ["xpath":"//*[@id="var_116"]"]), "01/12/2021"): Text '01/12/2021' is set on object 'Object Repository/1. Constant/xpath'

2022-06-09 21:38:29 - [MESSAGE][PASSED] - Text '01/12/2021' is set on object 'Object Repository/1. Constant/xpath'

2022-06-09 21:38:29 - [TEST_STEP][PASSED] - I.Pagedown(): Execute JavaScript 'window.scrollTo(0, document.body.scrollHeight)' successfully

2022-06-09 21:38:29 - [MESSAGE][PASSED] - Execute JavaScript 'window.scrollTo(0, document.body.scrollHeight)' successfully

2022-06-09 21:38:29 - [TEST_STEP][PASSED] - I.select_multiplelist("//*[@id="selSource_61"]", "//*[@id="btnAdd_61"]", "2147"): Delayed 1 second(s)

2022-06-09 21:38:30 - [MESSAGE][PASSED] - Delayed 1 second(s)

2022-06-09 21:38:31 - [MESSAGE][PASSED] - All options with value '2147' are selected in object 'Object Repository/1. Constant/xpath' 

2022-06-09 21:38:33 - [MESSAGE][PASSED] - Delayed 2 second(s)

2022-06-09 21:38:33 - [MESSAGE][PASSED] - Object: 'Object Repository/1. Constant/xpath' is clicked on

2022-06-09 21:38:34 - [MESSAGE][PASSED] - Delayed 1 second(s)

2022-06-09 21:38:34 - [TEST_STEP][PASSED] - takeScreenshot(): Taking screenshot successfully

2022-06-09 21:38:35 - [MESSAGE][PASSED] - Taking screenshot successfully
[[ATTACHMENT|D:\\Projet Test Auto\\Mediabox Test Automation\\Reports\\20220609_181011\\03. Parallel Testing (Testing)\\TS -PT PART 3\\15.02 NPP Duplication Shortcut (Translation Ref) -Part 1\\20220609_181122\\1654803514855.png]]

2022-06-09 21:38:35 - [TEST_STEP][PASSED] - I.click_button_javascript(findTestObject("1. Constant/xpath", ["xpath":"//*[@id="ModifFiche"]/div[3]/div/button[2]"])): Execute JavaScript 'arguments[0].click()' successfully

2022-06-09 21:38:43 - [MESSAGE][PASSED] - Execute JavaScript 'arguments[0].click()' successfully

2022-06-09 21:38:43 - [TEST_STEP][PASSED] - takeScreenshot(): Taking screenshot successfully

2022-06-09 21:38:43 - [MESSAGE][PASSED] - Taking screenshot successfully
[[ATTACHMENT|D:\\Projet Test Auto\\Mediabox Test Automation\\Reports\\20220609_181011\\03. Parallel Testing (Testing)\\TS -PT PART 3\\15.02 NPP Duplication Shortcut (Translation Ref) -Part 1\\20220609_181122\\1654803523461.png]]

2022-06-09 21:38:43 - [TEST_STEP][PASSED] - click(findTestObject("1. Constant/xpath", ["xpath":"/html/body/div[1]/div[2]/div[4]/div[3]/div/div[2]/div[2]/table/tbody/tr[2]/td[10]/a[3]"])): Object: 'Object Repository/1. Constant/xpath' is clicked on

2022-06-09 21:38:49 - [MESSAGE][PASSED] - Object: 'Object Repository/1. Constant/xpath' is clicked on

2022-06-09 21:38:49 - [TEST_STEP][PASSED] - delay(1): Delayed 1 second(s)

2022-06-09 21:38:50 - [MESSAGE][PASSED] - Delayed 1 second(s)

2022-06-09 21:38:50 - [TEST_STEP][PASSED] - takeScreenshot(): Taking screenshot successfully

2022-06-09 21:38:51 - [MESSAGE][PASSED] - Taking screenshot successfully
[[ATTACHMENT|D:\\Projet Test Auto\\Mediabox Test Automation\\Reports\\20220609_181011\\03. Parallel Testing (Testing)\\TS -PT PART 3\\15.02 NPP Duplication Shortcut (Translation Ref) -Part 1\\20220609_181122\\1654803530497.png]]

2022-06-09 21:38:51 - [TEST_STEP][PASSED] - click(findTestObject("1. Constant/xpath", ["xpath":"/html/body/div[1]/div[2]/div[4]/div[3]/div/div[2]/div[2]/table/tbody/tr[2]/td[10]/a[3]"])): Object: 'Object Repository/1. Constant/xpath' is clicked on

2022-06-09 21:38:57 - [MESSAGE][PASSED] - Object: 'Object Repository/1. Constant/xpath' is clicked on

2022-06-09 21:38:57 - [TEST_STEP][PASSED] - delay(1): Delayed 1 second(s)

2022-06-09 21:38:58 - [MESSAGE][PASSED] - Delayed 1 second(s)

2022-06-09 21:38:58 - [TEST_STEP][PASSED] - takeScreenshot(): Taking screenshot successfully

2022-06-09 21:38:58 - [MESSAGE][PASSED] - Taking screenshot successfully
[[ATTACHMENT|D:\\Projet Test Auto\\Mediabox Test Automation\\Reports\\20220609_181011\\03. Parallel Testing (Testing)\\TS -PT PART 3\\15.02 NPP Duplication Shortcut (Translation Ref) -Part 1\\20220609_181122\\1654803538254.png]]

2022-06-09 21:38:58 - [TEST_STEP][PASSED] - click(findTestObject("1. Constant/xpath", ["xpath":"/html/body/div[1]/div[2]/div[4]/div[3]/div/div[2]/div[2]/table/tbody/tr[2]/td[5]/a"])): Object: 'Object Repository/1. Constant/xpath' is clicked on

2022-06-09 21:39:03 - [MESSAGE][PASSED] - Object: 'Object Repository/1. Constant/xpath' is clicked on

2022-06-09 21:39:03 - [TEST_STEP][PASSED] - delay(1): Delayed 1 second(s)

2022-06-09 21:39:04 - [MESSAGE][PASSED] - Delayed 1 second(s)

2022-06-09 21:39:04 - [TEST_STEP][PASSED] - click(findTestObject("1. Constant/xpath", ["xpath":"//*[@id="kt_content"]/div[3]/div/ul/li[3]/a"])): Object: 'Object Repository/1. Constant/xpath' is clicked on

2022-06-09 21:39:08 - [MESSAGE][PASSED] - Object: 'Object Repository/1. Constant/xpath' is clicked on

2022-06-09 21:39:08 - [TEST_STEP][PASSED] - delay(1): Delayed 1 second(s)

2022-06-09 21:39:09 - [MESSAGE][PASSED] - Delayed 1 second(s)

2022-06-09 21:39:09 - [TEST_STEP][PASSED] - click(findTestObject("1. Constant/xpath", ["xpath":"/html/body/div[1]/div[2]/div[8]/div[3]/div/div[3]/div[3]/div/ul/li/a"])): Object: 'Object Repository/1. Constant/xpath' is clicked on

2022-06-09 21:39:09 - [MESSAGE][PASSED] - Object: 'Object Repository/1. Constant/xpath' is clicked on

2022-06-09 21:39:09 - [TEST_STEP][PASSED] - delay(1): Delayed 1 second(s)

2022-06-09 21:39:10 - [MESSAGE][PASSED] - Delayed 1 second(s)

2022-06-09 21:39:10 - [TEST_STEP][PASSED] - takeScreenshot(): Taking screenshot successfully

2022-06-09 21:39:10 - [MESSAGE][PASSED] - Taking screenshot successfully
[[ATTACHMENT|D:\\Projet Test Auto\\Mediabox Test Automation\\Reports\\20220609_181011\\03. Parallel Testing (Testing)\\TS -PT PART 3\\15.02 NPP Duplication Shortcut (Translation Ref) -Part 1\\20220609_181122\\1654803550677.png]]

2022-06-09 21:39:10 - [TEST_STEP][PASSED] - click(findTestObject("1. Constant/xpath", ["xpath":"/html/body/div[1]/div[2]/div[8]/div[3]/div/div[3]/div[3]/div/div/div/div/div[3]/div/div[1]/div[2]/div/button"])): Object: 'Object Repository/1. Constant/xpath' is clicked on

2022-06-09 21:39:11 - [MESSAGE][PASSED] - Object: 'Object Repository/1. Constant/xpath' is clicked on

2022-06-09 21:39:11 - [TEST_STEP][PASSED] - delay(3): Delayed 3 second(s)

2022-06-09 21:39:14 - [MESSAGE][PASSED] - Delayed 3 second(s)

2022-06-09 21:39:14 - [TEST_STEP][PASSED] - takeScreenshot(): Taking screenshot successfully

2022-06-09 21:39:14 - [MESSAGE][PASSED] - Taking screenshot successfully
[[ATTACHMENT|D:\\Projet Test Auto\\Mediabox Test Automation\\Reports\\20220609_181011\\03. Parallel Testing (Testing)\\TS -PT PART 3\\15.02 NPP Duplication Shortcut (Translation Ref) -Part 1\\20220609_181122\\1654803554171.png]]

2022-06-09 21:39:14 - [TEST_STEP][PASSED] - x = 20: null

2022-06-09 21:39:14 - [TEST_STEP][PASSED] - i = 1: null

2022-06-09 21:39:14 - [TEST_STEP][PASSED] - while (i <= x): null

2022-06-09 21:39:14 - [TEST_STEP][PASSED] - Expected_SAS_Selected = "Reset to MKT translation": null

2022-06-09 21:39:14 - [TEST_STEP][PASSED] - xpath_SAS = "/html/body/div[1]/div[2]/div[8]/div[3]/div/div[3]/div[3]/div/div/div/div/div[3]/div/div[1]/div[2]/div/div/a[" + i + "]": null

2022-06-09 21:39:14 - [TEST_STEP][PASSED] - Actual_SAS = getText(findTestObject("1. Constant/xpath", ["xpath":xpath_SAS])): Text of object 'Object Repository/1. Constant/xpath' is: 'Reset to MKT translation'

2022-06-09 21:39:14 - [MESSAGE][PASSED] - Text of object 'Object Repository/1. Constant/xpath' is: 'Reset to MKT translation'

2022-06-09 21:39:14 - [TEST_STEP][PASSED] - I.print(i): null

2022-06-09 21:39:14 - [TEST_STEP][PASSED] - if (Actual_SAS.contains(Expected_SAS_Selected)): null

2022-06-09 21:39:14 - [TEST_STEP][PASSED] - click(findTestObject("1. Constant/xpath", ["xpath":xpath_SAS])): Object: 'Object Repository/1. Constant/xpath' is clicked on

2022-06-09 21:39:14 - [MESSAGE][PASSED] - Object: 'Object Repository/1. Constant/xpath' is clicked on

2022-06-09 21:39:14 - [TEST_STEP][PASSED] - break: null

2022-06-09 21:39:14 - [TEST_STEP][PASSED] - takeScreenshot(): Taking screenshot successfully

2022-06-09 21:39:15 - [MESSAGE][PASSED] - Taking screenshot successfully
[[ATTACHMENT|D:\\Projet Test Auto\\Mediabox Test Automation\\Reports\\20220609_181011\\03. Parallel Testing (Testing)\\TS -PT PART 3\\15.02 NPP Duplication Shortcut (Translation Ref) -Part 1\\20220609_181122\\1654803554820.png]]

2022-06-09 21:39:15 - [TEST_STEP][PASSED] - I.SelectFromList_Value("//*[@id="added_support_action_reason"]", "3"): Delayed 2 second(s)

2022-06-09 21:39:15 - [MESSAGE][PASSED] - All options with value '3' are selected in object 'Object Repository/1. Constant/xpath' 

2022-06-09 21:39:17 - [MESSAGE][PASSED] - Delayed 2 second(s)

2022-06-09 21:39:17 - [TEST_STEP][PASSED] - click(findTestObject("1. Constant/xpath", ["xpath":"//*[@id="modal_support_action_shortcut"]/div/div/div[3]/button[2]"])): Object: 'Object Repository/1. Constant/xpath' is clicked on

2022-06-09 21:39:22 - [MESSAGE][PASSED] - Object: 'Object Repository/1. Constant/xpath' is clicked on

2022-06-09 21:39:22 - [TEST_STEP][PASSED] - delay(1): Delayed 1 second(s)

2022-06-09 21:39:23 - [MESSAGE][PASSED] - Delayed 1 second(s)

2022-06-09 21:39:23 - [TEST_STEP][PASSED] - click(findTestObject("1. Constant/xpath", ["xpath":"//*[@id="kt_subheader"]/div/nav/ol/li[2]/a"])): Object: 'Object Repository/1. Constant/xpath' is clicked on

2022-06-09 21:39:27 - [MESSAGE][PASSED] - Object: 'Object Repository/1. Constant/xpath' is clicked on

2022-06-09 21:39:27 - [TEST_STEP][PASSED] - delay(1): Delayed 1 second(s)

2022-06-09 21:39:28 - [MESSAGE][PASSED] - Delayed 1 second(s)

2022-06-09 21:39:28 - [TEST_STEP][PASSED] - I.VerifyMatchText("/html/body/div[1]/div[2]/div[4]/div[3]/div/div[2]/div[2]/table/tbody/tr[2]/td[7]/span[2]", "MKT Translation"): Actual text 'MKT Translation' and expected text 'MKT Translation' are matched 

2022-06-09 21:39:28 - [MESSAGE][PASSED] - Text of object 'Object Repository/1. Constant/xpath' is: 'MKT Translation'

2022-06-09 21:39:29 - [MESSAGE][PASSED] - Delayed 1 second(s)

2022-06-09 21:39:29 - [MESSAGE][PASSED] - Actual text 'MKT Translation' and expected text 'MKT Translation' are matched 

2022-06-09 21:39:29 - [TEST_STEP][PASSED] - click(findTestObject("1. Constant/xpath", ["xpath":"/html/body/div[1]/div[2]/div[4]/div[3]/div/div[2]/div[2]/table/tbody/tr[2]/td[10]/a[3]"])): Object: 'Object Repository/1. Constant/xpath' is clicked on

2022-06-09 21:39:35 - [MESSAGE][PASSED] - Object: 'Object Repository/1. Constant/xpath' is clicked on

2022-06-09 21:39:35 - [TEST_STEP][PASSED] - delay(1): Delayed 1 second(s)

2022-06-09 21:39:36 - [MESSAGE][PASSED] - Delayed 1 second(s)

2022-06-09 21:39:36 - [TEST_STEP][PASSED] - I.writenotepad("D:\Upoad_File\Projet_ Login\NPP\16.08\16.08_NPP_ProjectNo.txt", Project_No): null

2022-06-09 21:39:36 - [TEST_STEP][PASSED] - I.writenotepad("D:\Upoad_File\Projet_ Login\NPP\16.08\16.08_NPP_refID.txt", refID): null

2022-06-09 21:39:36 - [TEST_STEP][PASSED] - closeBrowser(): Browser is closed

2022-06-09 21:39:41 - [MESSAGE][PASSED] - Browser is closed

2022-06-09 21:39:41 - [TEST_STEP][PASSED] - Start listener action : sampleAfterTestCase: null]]></system-out>
         <system-err><![CDATA[]]></system-err>
      </testcase>
      <testcase name="Test Cases/16 Support action (Completed ref)/16.09 NPP SAS translation - Add phases Completed subref ( Prev16.08) - P2 (Will be used in 20.06)" time="141.687" classname="Test Cases/16 Support action (Completed ref)/16.09 NPP SAS translation - Add phases Completed subref ( Prev16.08) - P2 (Will be used in 20.06)" status="PASSED">
         <system-out><![CDATA[2022-06-09 21:39:42 - [TEST_CASE][PASSED] - Test Cases/16 Support action (Completed ref)/16.09 NPP SAS translation - Add phases Completed subref ( Prev16.08) - P2 (Will be used in 20.06): Test Cases/16 Support action (Completed ref)/16.09 NPP SAS translation - Add phases Completed subref ( Prev16.08) - P2 (Will be used in 20.06)

2022-06-09 21:39:42 - [TEST_STEP][PASSED] - data_Npp = findTestData("Data Files/Username_Password/Npp"): null

2022-06-09 21:39:42 - [TEST_STEP][PASSED] - password_ncur = data_Npp.getValue(2, 1): null

2022-06-09 21:39:42 - [TEST_STEP][PASSED] - password_aogunsanya = data_Npp.getValue(2, 11): null

2022-06-09 21:39:42 - [TEST_STEP][PASSED] - data_urlRELAUTO = findTestData("Data Files/URL/URL_relauto"): null

2022-06-09 21:39:42 - [TEST_STEP][PASSED] - Url_Npp = data_urlRELAUTO.getValue(2, 5): null

2022-06-09 21:39:42 - [TEST_STEP][PASSED] - Project_No = I.readnotepad("D:\Upoad_File\Projet_ Login\NPP\16.08\16.08_NPP_ProjectNo.txt"): null

2022-06-09 21:39:42 - [TEST_STEP][PASSED] - refID = I.readnotepad("D:\Upoad_File\Projet_ Login\NPP\16.08\16.08_NPP_refID.txt"): null

2022-06-09 21:39:42 - [TEST_STEP][PASSED] - openBrowser(Url_Npp): Browser is opened with url: ' http://mdb-release.diadeis.lan/MediaboxIndependence/?MBI_datasource=RELTESTAUTO_NPP'

2022-06-09 21:39:42 - [MESSAGE][INFO] - Starting 'Chrome (headless)' driver

2022-06-09 21:39:42 - [MESSAGE][INFO] - User set preference: ['args', '[--window-size=1920,1080, --headless]']

2022-06-09 21:39:42 - [MESSAGE][INFO] - Action delay is set to 0 milliseconds

2022-06-09 21:39:50 - [MESSAGE][PASSED] - Browser is opened with url: ' http://mdb-release.diadeis.lan/MediaboxIndependence/?MBI_datasource=RELTESTAUTO_NPP'

2022-06-09 21:39:50 - [TEST_STEP][PASSED] - maximizeWindow(): Current window maximized

2022-06-09 21:39:51 - [MESSAGE][PASSED] - Current window maximized

2022-06-09 21:39:51 - [TEST_STEP][PASSED] - takeScreenshot(): Taking screenshot successfully

2022-06-09 21:39:51 - [MESSAGE][PASSED] - Taking screenshot successfully
[[ATTACHMENT|D:\\Projet Test Auto\\Mediabox Test Automation\\Reports\\20220609_181011\\03. Parallel Testing (Testing)\\TS -PT PART 3\\15.02 NPP Duplication Shortcut (Translation Ref) -Part 1\\20220609_181122\\1654803591285.png]]

2022-06-09 21:39:51 - [TEST_STEP][PASSED] - I.Login_password("ncur", password_ncur): Object: 'Object Repository/1. Constant/xpath' is clicked on

2022-06-09 21:39:52 - [MESSAGE][PASSED] - Text 'ncur' is set on object 'Object Repository/1. Constant/xpath'

2022-06-09 21:39:53 - [MESSAGE][PASSED] - Delayed 1 second(s)

2022-06-09 21:39:53 - [MESSAGE][PASSED] - Text 'dchi' is set on object 'Object Repository/1. Constant/xpath'

2022-06-09 21:39:54 - [MESSAGE][PASSED] - Delayed 1 second(s)

2022-06-09 21:40:07 - [MESSAGE][PASSED] - Object: 'Object Repository/1. Constant/xpath' is clicked on

2022-06-09 21:40:07 - [TEST_STEP][PASSED] - takeScreenshot(): Taking screenshot successfully

2022-06-09 21:40:07 - [MESSAGE][PASSED] - Taking screenshot successfully
[[ATTACHMENT|D:\\Projet Test Auto\\Mediabox Test Automation\\Reports\\20220609_181011\\03. Parallel Testing (Testing)\\TS -PT PART 3\\15.02 NPP Duplication Shortcut (Translation Ref) -Part 1\\20220609_181122\\1654803607201.png]]

2022-06-09 21:40:07 - [TEST_STEP][PASSED] - click(findTestObject("1. Constant/02_LHSMenu_Projects")): Object: 'Object Repository/1. Constant/02_LHSMenu_Projects' is clicked on

2022-06-09 21:40:23 - [MESSAGE][PASSED] - Object: 'Object Repository/1. Constant/02_LHSMenu_Projects' is clicked on

2022-06-09 21:40:23 - [TEST_STEP][PASSED] - I.SearchProjectNo_xpath(Project_No, "//*[@id="keynum_project"]", "//*[@id="form_filters"]/div[9]/button"): Delayed 5 second(s)

2022-06-09 21:40:24 - [MESSAGE][PASSED] - Delayed 1 second(s)

2022-06-09 21:40:26 - [MESSAGE][PASSED] - Text 'MI001071' is set on object 'Object Repository/1. Constant/xpath'

2022-06-09 21:40:29 - [MESSAGE][PASSED] - Delayed 3 second(s)

2022-06-09 21:40:29 - [MESSAGE][PASSED] - Scroll to object 'Object Repository/1. Constant/xpath' successfully

2022-06-09 21:40:32 - [MESSAGE][PASSED] - Object: 'Object Repository/1. Constant/xpath' is clicked on

2022-06-09 21:40:37 - [MESSAGE][PASSED] - Delayed 5 second(s)

2022-06-09 21:40:37 - [TEST_STEP][PASSED] - takeScreenshot(): Taking screenshot successfully

2022-06-09 21:40:38 - [MESSAGE][PASSED] - Taking screenshot successfully
[[ATTACHMENT|D:\\Projet Test Auto\\Mediabox Test Automation\\Reports\\20220609_181011\\03. Parallel Testing (Testing)\\TS -PT PART 3\\15.02 NPP Duplication Shortcut (Translation Ref) -Part 1\\20220609_181122\\1654803638008.png]]

2022-06-09 21:40:38 - [TEST_STEP][PASSED] - delay(1): Delayed 1 second(s)

2022-06-09 21:40:39 - [MESSAGE][PASSED] - Delayed 1 second(s)

2022-06-09 21:40:39 - [TEST_STEP][PASSED] - click(findTestObject("1. Constant/xpath", ["xpath":"/html/body/div[1]/div[2]/div[4]/div[3]/div/div[2]/div[2]/table/tbody/tr[2]/td[5]/a"])): Object: 'Object Repository/1. Constant/xpath' is clicked on

2022-06-09 21:40:42 - [MESSAGE][PASSED] - Object: 'Object Repository/1. Constant/xpath' is clicked on

2022-06-09 21:40:42 - [TEST_STEP][PASSED] - click(findTestObject("1. Constant/xpath", ["xpath":"//*[@id="kt_content"]/div[3]/div/ul/li[3]/a"])): Object: 'Object Repository/1. Constant/xpath' is clicked on

2022-06-09 21:40:46 - [MESSAGE][PASSED] - Object: 'Object Repository/1. Constant/xpath' is clicked on

2022-06-09 21:40:46 - [TEST_STEP][PASSED] - delay(2): Delayed 2 second(s)

2022-06-09 21:40:48 - [MESSAGE][PASSED] - Delayed 2 second(s)

2022-06-09 21:40:48 - [TEST_STEP][PASSED] - takeScreenshot(): Taking screenshot successfully

2022-06-09 21:40:48 - [MESSAGE][PASSED] - Taking screenshot successfully
[[ATTACHMENT|D:\\Projet Test Auto\\Mediabox Test Automation\\Reports\\20220609_181011\\03. Parallel Testing (Testing)\\TS -PT PART 3\\15.02 NPP Duplication Shortcut (Translation Ref) -Part 1\\20220609_181122\\1654803648347.png]]

2022-06-09 21:40:48 - [TEST_STEP][PASSED] - click(findTestObject("1. Constant/xpath", ["xpath":"/html/body/div[1]/div[2]/div[8]/div[3]/div/div[3]/div[3]/div/ul/li/a"])): Object: 'Object Repository/1. Constant/xpath' is clicked on

2022-06-09 21:40:49 - [MESSAGE][PASSED] - Object: 'Object Repository/1. Constant/xpath' is clicked on

2022-06-09 21:40:49 - [TEST_STEP][PASSED] - delay(1): Delayed 1 second(s)

2022-06-09 21:40:50 - [MESSAGE][PASSED] - Delayed 1 second(s)

2022-06-09 21:40:50 - [TEST_STEP][PASSED] - I.Pagedown(): Execute JavaScript 'window.scrollTo(0, document.body.scrollHeight)' successfully

2022-06-09 21:40:50 - [MESSAGE][PASSED] - Execute JavaScript 'window.scrollTo(0, document.body.scrollHeight)' successfully

2022-06-09 21:40:50 - [TEST_STEP][PASSED] - delay(1): Delayed 1 second(s)

2022-06-09 21:40:51 - [MESSAGE][PASSED] - Delayed 1 second(s)

2022-06-09 21:40:51 - [TEST_STEP][PASSED] - click(findTestObject("1. Constant/xpath", ["xpath":"/html/body/div[1]/div[2]/div[8]/div[3]/div/div[3]/div[3]/div/div/div/div/div[6]/div/div[1]/div[2]/div/a[1]"])): Object: 'Object Repository/1. Constant/xpath' is clicked on

2022-06-09 21:40:52 - [MESSAGE][PASSED] - Object: 'Object Repository/1. Constant/xpath' is clicked on

2022-06-09 21:40:52 - [TEST_STEP][PASSED] - delay(1): Delayed 1 second(s)

2022-06-09 21:40:53 - [MESSAGE][PASSED] - Delayed 1 second(s)

2022-06-09 21:40:53 - [TEST_STEP][PASSED] - I.SelectFromList_Value("//*[@id="added_phase"]", "113"): Delayed 2 second(s)

2022-06-09 21:40:54 - [MESSAGE][PASSED] - All options with value '113' are selected in object 'Object Repository/1. Constant/xpath' 

2022-06-09 21:40:56 - [MESSAGE][PASSED] - Delayed 2 second(s)

2022-06-09 21:40:56 - [TEST_STEP][PASSED] - takeScreenshot(): Taking screenshot successfully

2022-06-09 21:40:57 - [MESSAGE][PASSED] - Taking screenshot successfully
[[ATTACHMENT|D:\\Projet Test Auto\\Mediabox Test Automation\\Reports\\20220609_181011\\03. Parallel Testing (Testing)\\TS -PT PART 3\\15.02 NPP Duplication Shortcut (Translation Ref) -Part 1\\20220609_181122\\1654803657219.png]]

2022-06-09 21:40:57 - [TEST_STEP][PASSED] - click(findTestObject("1. Constant/xpath", ["xpath":"//*[@id="modal_addphase"]/div/div/div[3]/button[2]"])): Object: 'Object Repository/1. Constant/xpath' is clicked on

2022-06-09 21:41:03 - [MESSAGE][PASSED] - Object: 'Object Repository/1. Constant/xpath' is clicked on

2022-06-09 21:41:03 - [TEST_STEP][PASSED] - delay(1): Delayed 1 second(s)

2022-06-09 21:41:04 - [MESSAGE][PASSED] - Delayed 1 second(s)

2022-06-09 21:41:04 - [TEST_STEP][PASSED] - takeScreenshot(): Taking screenshot successfully

2022-06-09 21:41:05 - [MESSAGE][PASSED] - Taking screenshot successfully
[[ATTACHMENT|D:\\Projet Test Auto\\Mediabox Test Automation\\Reports\\20220609_181011\\03. Parallel Testing (Testing)\\TS -PT PART 3\\15.02 NPP Duplication Shortcut (Translation Ref) -Part 1\\20220609_181122\\1654803664924.png]]

2022-06-09 21:41:05 - [TEST_STEP][PASSED] - click(findTestObject("1. Constant/xpath", ["xpath":"//*[@id="kt_subheader"]/div/nav/ol/li[2]/a"])): Object: 'Object Repository/1. Constant/xpath' is clicked on

2022-06-09 21:41:08 - [MESSAGE][PASSED] - Object: 'Object Repository/1. Constant/xpath' is clicked on

2022-06-09 21:41:08 - [TEST_STEP][PASSED] - delay(2): Delayed 2 second(s)

2022-06-09 21:41:10 - [MESSAGE][PASSED] - Delayed 2 second(s)

2022-06-09 21:41:10 - [TEST_STEP][PASSED] - takeScreenshot(): Taking screenshot successfully

2022-06-09 21:41:12 - [MESSAGE][PASSED] - Taking screenshot successfully
[[ATTACHMENT|D:\\Projet Test Auto\\Mediabox Test Automation\\Reports\\20220609_181011\\03. Parallel Testing (Testing)\\TS -PT PART 3\\15.02 NPP Duplication Shortcut (Translation Ref) -Part 1\\20220609_181122\\1654803671234.png]]

2022-06-09 21:41:12 - [TEST_STEP][PASSED] - I.VerifyMatchText("/html/body/div[1]/div[2]/div[4]/div[3]/div/div[2]/div[2]/table/tbody/tr[2]/td[7]/span[2]", "RSA Translation"): Actual text 'RSA Translation' and expected text 'RSA Translation' are matched 

2022-06-09 21:41:13 - [MESSAGE][PASSED] - Text of object 'Object Repository/1. Constant/xpath' is: 'RSA Translation'

2022-06-09 21:41:14 - [MESSAGE][PASSED] - Delayed 1 second(s)

2022-06-09 21:41:14 - [MESSAGE][PASSED] - Actual text 'RSA Translation' and expected text 'RSA Translation' are matched 

2022-06-09 21:41:14 - [TEST_STEP][PASSED] - I.Logout_xpath("//*[@id="kt_header"]/div/div[2]/div[2]/div[1]/div/span/img", "//*[@id="kt_header"]/div/div[2]/div[2]/div[2]"): Wait for page load successfully

2022-06-09 21:41:15 - [MESSAGE][PASSED] - Object: 'Object Repository/1. Constant/xpath' is clicked on

2022-06-09 21:41:16 - [MESSAGE][PASSED] - Delayed 1 second(s)

2022-06-09 21:41:18 - [MESSAGE][PASSED] - Object: 'Object Repository/1. Constant/xpath' is clicked on

2022-06-09 21:41:19 - [MESSAGE][PASSED] - Delayed 1 second(s)

2022-06-09 21:41:19 - [MESSAGE][PASSED] - Wait for page load successfully

2022-06-09 21:41:19 - [TEST_STEP][PASSED] - I.Login_password("aogunsanya", password_aogunsanya): Object: 'Object Repository/1. Constant/xpath' is clicked on

2022-06-09 21:41:19 - [MESSAGE][PASSED] - Text 'aogunsanya' is set on object 'Object Repository/1. Constant/xpath'

2022-06-09 21:41:20 - [MESSAGE][PASSED] - Delayed 1 second(s)

2022-06-09 21:41:20 - [MESSAGE][PASSED] - Text 'dchi' is set on object 'Object Repository/1. Constant/xpath'

2022-06-09 21:41:21 - [MESSAGE][PASSED] - Delayed 1 second(s)

2022-06-09 21:41:25 - [MESSAGE][PASSED] - Object: 'Object Repository/1. Constant/xpath' is clicked on

2022-06-09 21:41:25 - [TEST_STEP][PASSED] - click(findTestObject("1. Constant/02_LHSMenu_Projects")): Object: 'Object Repository/1. Constant/02_LHSMenu_Projects' is clicked on

2022-06-09 21:41:34 - [MESSAGE][PASSED] - Object: 'Object Repository/1. Constant/02_LHSMenu_Projects' is clicked on

2022-06-09 21:41:34 - [TEST_STEP][PASSED] - I.SearchProjectNo_xpath(Project_No, "//*[@id="keynum_project"]", "//*[@id="form_filters"]/div[20]/button"): Delayed 5 second(s)

2022-06-09 21:41:35 - [MESSAGE][PASSED] - Delayed 1 second(s)

2022-06-09 21:41:36 - [MESSAGE][PASSED] - Text 'MI001071' is set on object 'Object Repository/1. Constant/xpath'

2022-06-09 21:41:39 - [MESSAGE][PASSED] - Delayed 3 second(s)

2022-06-09 21:41:40 - [MESSAGE][PASSED] - Scroll to object 'Object Repository/1. Constant/xpath' successfully

2022-06-09 21:41:44 - [MESSAGE][PASSED] - Object: 'Object Repository/1. Constant/xpath' is clicked on

2022-06-09 21:41:49 - [MESSAGE][PASSED] - Delayed 5 second(s)

2022-06-09 21:41:49 - [TEST_STEP][PASSED] - delay(2): Delayed 2 second(s)

2022-06-09 21:41:51 - [MESSAGE][PASSED] - Delayed 2 second(s)

2022-06-09 21:41:51 - [TEST_STEP][PASSED] - takeScreenshot(): Taking screenshot successfully

2022-06-09 21:41:51 - [MESSAGE][PASSED] - Taking screenshot successfully
[[ATTACHMENT|D:\\Projet Test Auto\\Mediabox Test Automation\\Reports\\20220609_181011\\03. Parallel Testing (Testing)\\TS -PT PART 3\\15.02 NPP Duplication Shortcut (Translation Ref) -Part 1\\20220609_181122\\1654803711378.png]]

2022-06-09 21:41:51 - [TEST_STEP][PASSED] - click(findTestObject("1. Constant/xpath", ["xpath":"/html/body/div[1]/div[2]/div[4]/div[3]/div/div[2]/div[2]/table/tbody/tr[2]/td[12]/a[2]"])): Object: 'Object Repository/1. Constant/xpath' is clicked on

2022-06-09 21:41:56 - [MESSAGE][PASSED] - Object: 'Object Repository/1. Constant/xpath' is clicked on

2022-06-09 21:41:56 - [TEST_STEP][PASSED] - delay(1): Delayed 1 second(s)

2022-06-09 21:41:57 - [MESSAGE][PASSED] - Delayed 1 second(s)

2022-06-09 21:41:57 - [TEST_STEP][PASSED] - takeScreenshot(): Taking screenshot successfully

2022-06-09 21:41:57 - [MESSAGE][PASSED] - Taking screenshot successfully
[[ATTACHMENT|D:\\Projet Test Auto\\Mediabox Test Automation\\Reports\\20220609_181011\\03. Parallel Testing (Testing)\\TS -PT PART 3\\15.02 NPP Duplication Shortcut (Translation Ref) -Part 1\\20220609_181122\\1654803717444.png]]

2022-06-09 21:41:57 - [TEST_STEP][PASSED] - delay(1): Delayed 1 second(s)

2022-06-09 21:41:58 - [MESSAGE][PASSED] - Delayed 1 second(s)

2022-06-09 21:41:58 - [TEST_STEP][PASSED] - I.VerifyMatchText("/html/body/div[1]/div[2]/div[4]/div[3]/div/div[2]/div[2]/table/tbody/tr[2]/td[9]/span", "Translation - Agency -> MKT -> RSA"): Actual text 'Translation - Agency -> MKT -> RSA' and expected text 'Translation - Agency -> MKT -> RSA' are matched 

2022-06-09 21:41:58 - [MESSAGE][PASSED] - Text of object 'Object Repository/1. Constant/xpath' is: 'Translation - Agency -> MKT -> RSA'

2022-06-09 21:41:59 - [MESSAGE][PASSED] - Delayed 1 second(s)

2022-06-09 21:41:59 - [MESSAGE][PASSED] - Actual text 'Translation - Agency -> MKT -> RSA' and expected text 'Translation - Agency -> MKT -> RSA' are matched 

2022-06-09 21:41:59 - [TEST_STEP][PASSED] - delay(1): Delayed 1 second(s)

2022-06-09 21:42:00 - [MESSAGE][PASSED] - Delayed 1 second(s)

2022-06-09 21:42:00 - [TEST_STEP][PASSED] - takeScreenshot(): Taking screenshot successfully

2022-06-09 21:42:02 - [MESSAGE][PASSED] - Taking screenshot successfully
[[ATTACHMENT|D:\\Projet Test Auto\\Mediabox Test Automation\\Reports\\20220609_181011\\03. Parallel Testing (Testing)\\TS -PT PART 3\\15.02 NPP Duplication Shortcut (Translation Ref) -Part 1\\20220609_181122\\1654803721561.png]]

2022-06-09 21:42:02 - [TEST_STEP][PASSED] - closeBrowser(): Browser is closed

2022-06-09 21:42:03 - [MESSAGE][PASSED] - Browser is closed

2022-06-09 21:42:03 - [TEST_STEP][PASSED] - Start listener action : sampleAfterTestCase: null]]></system-out>
         <system-err><![CDATA[]]></system-err>
      </testcase>
      <testcase name="Test Cases/20. Sephora_NPP Duplication Standard_ Duplication Shortcut/20.06 NPP Duplication Shortcut_In this project - Brief - Used 16.08_16.09 P3 (Will be used in20.07)" time="261.827" classname="Test Cases/20. Sephora_NPP Duplication Standard_ Duplication Shortcut/20.06 NPP Duplication Shortcut_In this project - Brief - Used 16.08_16.09 P3 (Will be used in20.07)" status="PASSED">
         <system-out><![CDATA[2022-06-09 21:42:03 - [TEST_CASE][PASSED] - Test Cases/20. Sephora_NPP Duplication Standard_ Duplication Shortcut/20.06 NPP Duplication Shortcut_In this project - Brief - Used 16.08_16.09 P3 (Will be used in20.07): Test Cases/20. Sephora_NPP Duplication Standard_ Duplication Shortcut/20.06 NPP Duplication Shortcut_In this project - Brief - Used 16.08_16.09 P3 (Will be used in20.07)

2022-06-09 21:42:04 - [TEST_STEP][PASSED] - data_Npp = findTestData("Data Files/Username_Password/Npp"): null

2022-06-09 21:42:04 - [TEST_STEP][PASSED] - password_ncur = data_Npp.getValue(2, 1): null

2022-06-09 21:42:04 - [TEST_STEP][PASSED] - password_akim = data_Npp.getValue(2, 2): null

2022-06-09 21:42:04 - [TEST_STEP][PASSED] - data_urlRELAUTO = findTestData("Data Files/URL/URL_relauto"): null

2022-06-09 21:42:04 - [TEST_STEP][PASSED] - Url_Npp = data_urlRELAUTO.getValue(2, 5): null

2022-06-09 21:42:04 - [TEST_STEP][PASSED] - Project_No = I.readnotepad("D:\Upoad_File\Projet_ Login\NPP\16.08\16.08_NPP_ProjectNo.txt"): null

2022-06-09 21:42:04 - [TEST_STEP][PASSED] - refID = I.readnotepad("D:\Upoad_File\Projet_ Login\NPP\16.08\16.08_NPP_refID.txt"): null

2022-06-09 21:42:04 - [TEST_STEP][PASSED] - openBrowser(Url_Npp): Browser is opened with url: ' http://mdb-release.diadeis.lan/MediaboxIndependence/?MBI_datasource=RELTESTAUTO_NPP'

2022-06-09 21:42:04 - [MESSAGE][INFO] - Starting 'Chrome (headless)' driver

2022-06-09 21:42:04 - [MESSAGE][INFO] - User set preference: ['args', '[--window-size=1920,1080, --headless]']

2022-06-09 21:42:04 - [MESSAGE][INFO] - Action delay is set to 0 milliseconds

2022-06-09 21:42:12 - [MESSAGE][PASSED] - Browser is opened with url: ' http://mdb-release.diadeis.lan/MediaboxIndependence/?MBI_datasource=RELTESTAUTO_NPP'

2022-06-09 21:42:12 - [TEST_STEP][PASSED] - maximizeWindow(): Current window maximized

2022-06-09 21:42:12 - [MESSAGE][PASSED] - Current window maximized

2022-06-09 21:42:12 - [TEST_STEP][PASSED] - takeScreenshot(): Taking screenshot successfully

2022-06-09 21:42:13 - [MESSAGE][PASSED] - Taking screenshot successfully
[[ATTACHMENT|D:\\Projet Test Auto\\Mediabox Test Automation\\Reports\\20220609_181011\\03. Parallel Testing (Testing)\\TS -PT PART 3\\15.02 NPP Duplication Shortcut (Translation Ref) -Part 1\\20220609_181122\\1654803732527.png]]

2022-06-09 21:42:13 - [TEST_STEP][PASSED] - I.Login_password("ncur", password_ncur): Object: 'Object Repository/1. Constant/xpath' is clicked on

2022-06-09 21:42:15 - [MESSAGE][PASSED] - Text 'ncur' is set on object 'Object Repository/1. Constant/xpath'

2022-06-09 21:42:16 - [MESSAGE][PASSED] - Delayed 1 second(s)

2022-06-09 21:42:16 - [MESSAGE][PASSED] - Text 'dchi' is set on object 'Object Repository/1. Constant/xpath'

2022-06-09 21:42:17 - [MESSAGE][PASSED] - Delayed 1 second(s)

2022-06-09 21:42:26 - [MESSAGE][PASSED] - Object: 'Object Repository/1. Constant/xpath' is clicked on

2022-06-09 21:42:26 - [TEST_STEP][PASSED] - takeScreenshot(): Taking screenshot successfully

2022-06-09 21:42:26 - [MESSAGE][PASSED] - Taking screenshot successfully
[[ATTACHMENT|D:\\Projet Test Auto\\Mediabox Test Automation\\Reports\\20220609_181011\\03. Parallel Testing (Testing)\\TS -PT PART 3\\15.02 NPP Duplication Shortcut (Translation Ref) -Part 1\\20220609_181122\\1654803746412.png]]

2022-06-09 21:42:26 - [TEST_STEP][PASSED] - click(findTestObject("1. Constant/02_LHSMenu_Projects")): Object: 'Object Repository/1. Constant/02_LHSMenu_Projects' is clicked on

2022-06-09 21:42:43 - [MESSAGE][PASSED] - Object: 'Object Repository/1. Constant/02_LHSMenu_Projects' is clicked on

2022-06-09 21:42:43 - [TEST_STEP][PASSED] - I.SearchProjectNo_xpath(Project_No, "//*[@id="keynum_project"]", "//*[@id="form_filters"]/div[9]/button"): Delayed 5 second(s)

2022-06-09 21:42:44 - [MESSAGE][PASSED] - Delayed 1 second(s)

2022-06-09 21:42:46 - [MESSAGE][PASSED] - Text 'MI001071' is set on object 'Object Repository/1. Constant/xpath'

2022-06-09 21:42:49 - [MESSAGE][PASSED] - Delayed 3 second(s)

2022-06-09 21:42:49 - [MESSAGE][PASSED] - Scroll to object 'Object Repository/1. Constant/xpath' successfully

2022-06-09 21:42:53 - [MESSAGE][PASSED] - Object: 'Object Repository/1. Constant/xpath' is clicked on

2022-06-09 21:42:58 - [MESSAGE][PASSED] - Delayed 5 second(s)

2022-06-09 21:42:58 - [TEST_STEP][PASSED] - delay(1): Delayed 1 second(s)

2022-06-09 21:42:59 - [MESSAGE][PASSED] - Delayed 1 second(s)

2022-06-09 21:42:59 - [TEST_STEP][PASSED] - I.Verify_Mouse_Over_tooltip("//*[@id="kt_content"]/div[3]/div/div[2]/div[1]/div[2]/span/div/button", "/html/body/div[9]/div[2]", "Duplicate options"): Actual text 'Duplicate options' and expected text 'Duplicate options' are matched 

2022-06-09 21:43:01 - [MESSAGE][PASSED] - Object: 'Object Repository/1. Constant/xpath' is hovered

2022-06-09 21:43:03 - [MESSAGE][PASSED] - Delayed 2 second(s)

2022-06-09 21:43:03 - [MESSAGE][PASSED] - Text of object 'Object Repository/1. Constant/xpath' is: 'Duplicate options'

2022-06-09 21:43:04 - [MESSAGE][PASSED] - Delayed 1 second(s)

2022-06-09 21:43:05 - [MESSAGE][PASSED] - Taking screenshot successfully
[[ATTACHMENT|D:\\Projet Test Auto\\Mediabox Test Automation\\Reports\\20220609_181011\\03. Parallel Testing (Testing)\\TS -PT PART 3\\15.02 NPP Duplication Shortcut (Translation Ref) -Part 1\\20220609_181122\\1654803784895.png]]

2022-06-09 21:43:06 - [MESSAGE][PASSED] - Delayed 1 second(s)

2022-06-09 21:43:06 - [MESSAGE][PASSED] - Actual text 'Duplicate options' and expected text 'Duplicate options' are matched 

2022-06-09 21:43:06 - [TEST_STEP][PASSED] - click(findTestObject("1. Constant/xpath", ["xpath":"//*[@id="kt_content"]/div[3]/div/div[2]/div[1]/div[2]/span/div/button"])): Object: 'Object Repository/1. Constant/xpath' is clicked on

2022-06-09 21:43:06 - [MESSAGE][PASSED] - Object: 'Object Repository/1. Constant/xpath' is clicked on

2022-06-09 21:43:06 - [TEST_STEP][PASSED] - delay(1): Delayed 1 second(s)

2022-06-09 21:43:07 - [MESSAGE][PASSED] - Delayed 1 second(s)

2022-06-09 21:43:07 - [TEST_STEP][PASSED] - click(findTestObject("1. Constant/xpath", ["xpath":"//*[@id="btnduplicatereference"]"])): Object: 'Object Repository/1. Constant/xpath' is clicked on

2022-06-09 21:43:08 - [MESSAGE][PASSED] - Object: 'Object Repository/1. Constant/xpath' is clicked on

2022-06-09 21:43:08 - [TEST_STEP][PASSED] - I.Verify_Mouse_Over_tooltip("/html/body/div[1]/div[2]/div[4]/div[3]/div/div[2]/div[2]/table/tbody/tr[2]/td[1]/i", "/html/body/div[9]/div[2]", "This reference cannot be duplicated"): Actual text 'This reference cannot be duplicated' and expected text 'This reference cannot be duplicated' are matched 

2022-06-09 21:43:08 - [MESSAGE][PASSED] - Object: 'Object Repository/1. Constant/xpath' is hovered

2022-06-09 21:43:10 - [MESSAGE][PASSED] - Delayed 2 second(s)

2022-06-09 21:43:11 - [MESSAGE][PASSED] - Text of object 'Object Repository/1. Constant/xpath' is: 'This reference cannot be duplicated'

2022-06-09 21:43:12 - [MESSAGE][PASSED] - Delayed 1 second(s)

2022-06-09 21:43:12 - [MESSAGE][PASSED] - Taking screenshot successfully
[[ATTACHMENT|D:\\Projet Test Auto\\Mediabox Test Automation\\Reports\\20220609_181011\\03. Parallel Testing (Testing)\\TS -PT PART 3\\15.02 NPP Duplication Shortcut (Translation Ref) -Part 1\\20220609_181122\\1654803792410.png]]

2022-06-09 21:43:13 - [MESSAGE][PASSED] - Delayed 1 second(s)

2022-06-09 21:43:13 - [MESSAGE][PASSED] - Actual text 'This reference cannot be duplicated' and expected text 'This reference cannot be duplicated' are matched 

2022-06-09 21:43:13 - [TEST_STEP][PASSED] - click(findTestObject("1. Constant/xpath", ["xpath":"//*[@id="fiches"]/table/thead/tr/th[1]/label"])): Object: 'Object Repository/1. Constant/xpath' is clicked on

2022-06-09 21:43:14 - [MESSAGE][PASSED] - Object: 'Object Repository/1. Constant/xpath' is clicked on

2022-06-09 21:43:14 - [TEST_STEP][PASSED] - delay(1): Delayed 1 second(s)

2022-06-09 21:43:15 - [MESSAGE][PASSED] - Delayed 1 second(s)

2022-06-09 21:43:15 - [TEST_STEP][PASSED] - click(findTestObject("1. Constant/xpath", ["xpath":"//*[@id="action_btnduplicatereference"]"])): Object: 'Object Repository/1. Constant/xpath' is clicked on

2022-06-09 21:43:17 - [MESSAGE][PASSED] - Object: 'Object Repository/1. Constant/xpath' is clicked on

2022-06-09 21:43:17 - [TEST_STEP][PASSED] - delay(1): Delayed 1 second(s)

2022-06-09 21:43:18 - [MESSAGE][PASSED] - Delayed 1 second(s)

2022-06-09 21:43:18 - [TEST_STEP][PASSED] - takeScreenshot(): Taking screenshot successfully

2022-06-09 21:43:18 - [MESSAGE][PASSED] - Taking screenshot successfully
[[ATTACHMENT|D:\\Projet Test Auto\\Mediabox Test Automation\\Reports\\20220609_181011\\03. Parallel Testing (Testing)\\TS -PT PART 3\\15.02 NPP Duplication Shortcut (Translation Ref) -Part 1\\20220609_181122\\1654803798105.png]]

2022-06-09 21:43:18 - [TEST_STEP][PASSED] - verifyElementNotPresent(findTestObject("1. Constant/xpath", ["xpath":"//*[@id="list_project_type"]/label[2]"]), 2): Web element with id: 'Object Repository/1. Constant/xpath' located by 'By.xpath: //*[@id="list_project_type"]/label[2]' is not present after '2' second(s)

2022-06-09 21:43:19 - [MESSAGE][PASSED] - Web element with id: 'Object Repository/1. Constant/xpath' located by 'By.xpath: //*[@id="list_project_type"]/label[2]' is not present after '2' second(s)

2022-06-09 21:43:19 - [TEST_STEP][PASSED] - I.VerifyMatchText("//*[@id="list_project_type"]/label", "Duplicate into a new LSS version"): Actual text 'Duplicate into a new LSS version' and expected text 'Duplicate into a new LSS version' are matched 

2022-06-09 21:43:20 - [MESSAGE][PASSED] - Text of object 'Object Repository/1. Constant/xpath' is: 'Duplicate into a new LSS version'

2022-06-09 21:43:21 - [MESSAGE][PASSED] - Delayed 1 second(s)

2022-06-09 21:43:21 - [MESSAGE][PASSED] - Actual text 'Duplicate into a new LSS version' and expected text 'Duplicate into a new LSS version' are matched 

2022-06-09 21:43:21 - [TEST_STEP][PASSED] - I.VerifyMatchText("//*[@id="window_title"]", "New LSS version"): Actual text 'New LSS version' and expected text 'New LSS version' are matched 

2022-06-09 21:43:21 - [MESSAGE][PASSED] - Text of object 'Object Repository/1. Constant/xpath' is: 'New LSS version'

2022-06-09 21:43:22 - [MESSAGE][PASSED] - Delayed 1 second(s)

2022-06-09 21:43:22 - [MESSAGE][PASSED] - Actual text 'New LSS version' and expected text 'New LSS version' are matched 

2022-06-09 21:43:22 - [TEST_STEP][PASSED] - I.VerifyMatchText("//*[@id="helper_text"]", "This action will create a new version of the selected LSS"): Actual text 'This action will create a new version of the selected LSS' and expected text 'This action will create a new version of the selected LSS' are matched 

2022-06-09 21:43:22 - [MESSAGE][PASSED] - Text of object 'Object Repository/1. Constant/xpath' is: 'This action will create a new version of the selected LSS'

2022-06-09 21:43:23 - [MESSAGE][PASSED] - Delayed 1 second(s)

2022-06-09 21:43:23 - [MESSAGE][PASSED] - Actual text 'This action will create a new version of the selected LSS' and expected text 'This action will create a new version of the selected LSS' are matched 

2022-06-09 21:43:23 - [TEST_STEP][PASSED] - No_Reftemplate = getNumberOfTotalOption(findTestObject("1. Constant/xpath", ["xpath":"//*[@id="ref_tpl7"]"])): 1 options of object 'Object Repository/1. Constant/xpath' counted

2022-06-09 21:43:24 - [MESSAGE][PASSED] - 1 options of object 'Object Repository/1. Constant/xpath' counted

2022-06-09 21:43:24 - [TEST_STEP][PASSED] - verifyEqual(No_Reftemplate, "1"): Actual object '1' and expected object '1' are equal

2022-06-09 21:43:24 - [MESSAGE][PASSED] - Actual object '1' and expected object '1' are equal

2022-06-09 21:43:24 - [TEST_STEP][PASSED] - I.VerifyMatchText("//*[@id="select2-ref_tpl7-container"]", "LSS Reference"): Actual text 'LSS Reference' and expected text 'LSS Reference' are matched 

2022-06-09 21:43:24 - [MESSAGE][PASSED] - Text of object 'Object Repository/1. Constant/xpath' is: 'LSS Reference'

2022-06-09 21:43:25 - [MESSAGE][PASSED] - Delayed 1 second(s)

2022-06-09 21:43:25 - [MESSAGE][PASSED] - Actual text 'LSS Reference' and expected text 'LSS Reference' are matched 

2022-06-09 21:43:25 - [TEST_STEP][PASSED] - No_lifetemplate = getNumberOfTotalOption(findTestObject("1. Constant/xpath", ["xpath":"//*[@id="lfc_tpl7"]"])): 5 options of object 'Object Repository/1. Constant/xpath' counted

2022-06-09 21:43:25 - [MESSAGE][PASSED] - 5 options of object 'Object Repository/1. Constant/xpath' counted

2022-06-09 21:43:25 - [TEST_STEP][PASSED] - verifyEqual(No_lifetemplate, "5"): Actual object '5' and expected object '5' are equal

2022-06-09 21:43:25 - [MESSAGE][PASSED] - Actual object '5' and expected object '5' are equal

2022-06-09 21:43:25 - [TEST_STEP][PASSED] - I.VerifyMatchText("//*[@id="select2-lfc_tpl7-container"]", "LSS Lifecycle (3)"): Actual text 'LSS Lifecycle (3)' and expected text 'LSS Lifecycle (3)' are matched 

2022-06-09 21:43:25 - [MESSAGE][PASSED] - Text of object 'Object Repository/1. Constant/xpath' is: 'LSS Lifecycle (3)'

2022-06-09 21:43:26 - [MESSAGE][PASSED] - Delayed 1 second(s)

2022-06-09 21:43:26 - [MESSAGE][PASSED] - Actual text 'LSS Lifecycle (3)' and expected text 'LSS Lifecycle (3)' are matched 

2022-06-09 21:43:26 - [TEST_STEP][PASSED] - click(findTestObject("1. Constant/xpath", ["xpath":"//*[@id="btn_submit_duplication"]"])): Object: 'Object Repository/1. Constant/xpath' is clicked on

2022-06-09 21:43:36 - [MESSAGE][PASSED] - Object: 'Object Repository/1. Constant/xpath' is clicked on

2022-06-09 21:43:36 - [TEST_STEP][PASSED] - I.VerifyMatchText("//*[@id="kt_content"]/div[3]/div/div[2]/div[1]/div[1]/h1/span", "2"): Actual text '2' and expected text '2' are matched 

2022-06-09 21:43:37 - [MESSAGE][PASSED] - Text of object 'Object Repository/1. Constant/xpath' is: '2'

2022-06-09 21:43:38 - [MESSAGE][PASSED] - Delayed 1 second(s)

2022-06-09 21:43:38 - [MESSAGE][PASSED] - Actual text '2' and expected text '2' are matched 

2022-06-09 21:43:38 - [TEST_STEP][PASSED] - click(findTestObject("1. Constant/xpath", ["xpath":"/html/body/div[1]/div[2]/div[4]/div[3]/div/div[2]/div[2]/table/tbody/tr[3]/td[5]/a"])): Object: 'Object Repository/1. Constant/xpath' is clicked on

2022-06-09 21:43:42 - [MESSAGE][PASSED] - Object: 'Object Repository/1. Constant/xpath' is clicked on

2022-06-09 21:43:42 - [TEST_STEP][PASSED] - delay(1): Delayed 1 second(s)

2022-06-09 21:43:43 - [MESSAGE][PASSED] - Delayed 1 second(s)

2022-06-09 21:43:43 - [TEST_STEP][PASSED] - refid2 = I.RefID_Npp(): Current window's url is: 'http://mdb-release.diadeis.lan/MediaboxIndependence/Base/ExecAction?action=VoirRef&IDSession=MBI!RELTESTAUTO_NPP!4MEOX7CN8YL3OQRLQMAJNPC50661PCX6DQ1KBLQA&num=ITY47JKF38&id_ref=1058032'

2022-06-09 21:43:48 - [MESSAGE][PASSED] - Delayed 5 second(s)

2022-06-09 21:43:48 - [MESSAGE][PASSED] - Current window's url is: 'http://mdb-release.diadeis.lan/MediaboxIndependence/Base/ExecAction?action=VoirRef&IDSession=MBI!RELTESTAUTO_NPP!4MEOX7CN8YL3OQRLQMAJNPC50661PCX6DQ1KBLQA&num=ITY47JKF38&id_ref=1058032'

2022-06-09 21:43:48 - [TEST_STEP][PASSED] - click(findTestObject("1. Constant/xpath", ["xpath":"//*[@id="aff_full_brief"]"])): Object: 'Object Repository/1. Constant/xpath' is clicked on

2022-06-09 21:43:50 - [MESSAGE][PASSED] - Object: 'Object Repository/1. Constant/xpath' is clicked on

2022-06-09 21:43:50 - [TEST_STEP][PASSED] - delay(1): Delayed 1 second(s)

2022-06-09 21:43:51 - [MESSAGE][PASSED] - Delayed 1 second(s)

2022-06-09 21:43:51 - [TEST_STEP][PASSED] - I.VerifyMatchText("//*[@id="var_107"]", "Litter"): Actual text 'Litter' and expected text 'Litter' are matched 

2022-06-09 21:43:51 - [MESSAGE][PASSED] - Text of object 'Object Repository/1. Constant/xpath' is: 'Litter'

2022-06-09 21:43:52 - [MESSAGE][PASSED] - Delayed 1 second(s)

2022-06-09 21:43:52 - [MESSAGE][PASSED] - Actual text 'Litter' and expected text 'Litter' are matched 

2022-06-09 21:43:52 - [TEST_STEP][PASSED] - I.VerifyMatchText("//*[@id="var_108"]", "Clumping clay" + "
" + "Corn"): Actual text 'Clumping clay
Corn' and expected text 'Clumping clay
Corn' are matched 

2022-06-09 21:43:53 - [MESSAGE][PASSED] - Text of object 'Object Repository/1. Constant/xpath' is: 'Clumping clay
Corn'

2022-06-09 21:43:54 - [MESSAGE][PASSED] - Delayed 1 second(s)

2022-06-09 21:43:54 - [MESSAGE][PASSED] - Actual text 'Clumping clay
Corn' and expected text 'Clumping clay
Corn' are matched 

2022-06-09 21:43:54 - [TEST_STEP][PASSED] - I.VerifyMatchText("//*[@id="var_110"]", "Variety test"): Actual text 'Variety test' and expected text 'Variety test' are matched 

2022-06-09 21:43:54 - [MESSAGE][PASSED] - Text of object 'Object Repository/1. Constant/xpath' is: 'Variety test'

2022-06-09 21:43:55 - [MESSAGE][PASSED] - Delayed 1 second(s)

2022-06-09 21:43:55 - [MESSAGE][PASSED] - Actual text 'Variety test' and expected text 'Variety test' are matched 

2022-06-09 21:43:55 - [TEST_STEP][PASSED] - I.VerifyMatchText("//*[@id="var_133"]", "Alternative Format code test"): Actual text 'Alternative Format code test' and expected text 'Alternative Format code test' are matched 

2022-06-09 21:43:55 - [MESSAGE][PASSED] - Text of object 'Object Repository/1. Constant/xpath' is: 'Alternative Format code test'

2022-06-09 21:43:56 - [MESSAGE][PASSED] - Delayed 1 second(s)

2022-06-09 21:43:56 - [MESSAGE][PASSED] - Actual text 'Alternative Format code test' and expected text 'Alternative Format code test' are matched 

2022-06-09 21:43:56 - [TEST_STEP][PASSED] - I.VerifyMatchText("//*[@id="var_65"]", "FORMAT Product designation test"): Actual text 'FORMAT Product designation test' and expected text 'FORMAT Product designation test' are matched 

2022-06-09 21:43:56 - [MESSAGE][PASSED] - Text of object 'Object Repository/1. Constant/xpath' is: 'FORMAT Product designation test'

2022-06-09 21:43:57 - [MESSAGE][PASSED] - Delayed 1 second(s)

2022-06-09 21:43:57 - [MESSAGE][PASSED] - Actual text 'FORMAT Product designation test' and expected text 'FORMAT Product designation test' are matched 

2022-06-09 21:43:57 - [TEST_STEP][PASSED] - I.VerifyMatchText("//*[@id="var_103"]", "SAP Designation test > https://www.google.com/"): Actual text 'SAP Designation test > https://www.google.com/' and expected text 'SAP Designation test > https://www.google.com/' are matched 

2022-06-09 21:43:57 - [MESSAGE][PASSED] - Text of object 'Object Repository/1. Constant/xpath' is: 'SAP Designation test > https://www.google.com/'

2022-06-09 21:43:58 - [MESSAGE][PASSED] - Delayed 1 second(s)

2022-06-09 21:43:58 - [MESSAGE][PASSED] - Actual text 'SAP Designation test > https://www.google.com/' and expected text 'SAP Designation test > https://www.google.com/' are matched 

2022-06-09 21:43:58 - [TEST_STEP][PASSED] - I.VerifyMatchText("//*[@id="var_139"]", "Claim Substantiation Project Link > https://www.google.com/"): Actual text 'Claim Substantiation Project Link > https://www.google.com/' and expected text 'Claim Substantiation Project Link > https://www.google.com/' are matched 

2022-06-09 21:43:58 - [MESSAGE][PASSED] - Text of object 'Object Repository/1. Constant/xpath' is: 'Claim Substantiation Project Link > https://www.google.com/'

2022-06-09 21:43:59 - [MESSAGE][PASSED] - Delayed 1 second(s)

2022-06-09 21:43:59 - [MESSAGE][PASSED] - Actual text 'Claim Substantiation Project Link > https://www.google.com/' and expected text 'Claim Substantiation Project Link > https://www.google.com/' are matched 

2022-06-09 21:43:59 - [TEST_STEP][PASSED] - I.VerifyMatchText("//*[@id="var_160"]", "Grading standard link > test"): Actual text 'Grading standard link > test' and expected text 'Grading standard link > test' are matched 

2022-06-09 21:44:00 - [MESSAGE][PASSED] - Text of object 'Object Repository/1. Constant/xpath' is: 'Grading standard link > test'

2022-06-09 21:44:01 - [MESSAGE][PASSED] - Delayed 1 second(s)

2022-06-09 21:44:01 - [MESSAGE][PASSED] - Actual text 'Grading standard link > test' and expected text 'Grading standard link > test' are matched 

2022-06-09 21:44:01 - [TEST_STEP][PASSED] - I.VerifyMatchText("//*[@id="var_62"]", "DPET > test"): Actual text 'DPET > test' and expected text 'DPET > test' are matched 

2022-06-09 21:44:01 - [MESSAGE][PASSED] - Text of object 'Object Repository/1. Constant/xpath' is: 'DPET > test'

2022-06-09 21:44:02 - [MESSAGE][PASSED] - Delayed 1 second(s)

2022-06-09 21:44:02 - [MESSAGE][PASSED] - Actual text 'DPET > test' and expected text 'DPET > test' are matched 

2022-06-09 21:44:02 - [TEST_STEP][PASSED] - I.VerifyMatchText("//*[@id="var_90"]", "Project name > test"): Actual text 'Project name > test' and expected text 'Project name > test' are matched 

2022-06-09 21:44:02 - [MESSAGE][PASSED] - Text of object 'Object Repository/1. Constant/xpath' is: 'Project name > test'

2022-06-09 21:44:03 - [MESSAGE][PASSED] - Delayed 1 second(s)

2022-06-09 21:44:03 - [MESSAGE][PASSED] - Actual text 'Project name > test' and expected text 'Project name > test' are matched 

2022-06-09 21:44:03 - [TEST_STEP][PASSED] - I.VerifyMatchText("//*[@id="var_91"]", "HIP"): Actual text 'HIP' and expected text 'HIP' are matched 

2022-06-09 21:44:04 - [MESSAGE][PASSED] - Text of object 'Object Repository/1. Constant/xpath' is: 'HIP'

2022-06-09 21:44:05 - [MESSAGE][PASSED] - Delayed 1 second(s)

2022-06-09 21:44:05 - [MESSAGE][PASSED] - Actual text 'HIP' and expected text 'HIP' are matched 

2022-06-09 21:44:05 - [TEST_STEP][PASSED] - I.VerifyMatchText("//*[@id="var_71"]", "25/08/2021"): Actual text '25/08/2021' and expected text '25/08/2021' are matched 

2022-06-09 21:44:06 - [MESSAGE][PASSED] - Text of object 'Object Repository/1. Constant/xpath' is: '25/08/2021'

2022-06-09 21:44:07 - [MESSAGE][PASSED] - Delayed 1 second(s)

2022-06-09 21:44:07 - [MESSAGE][PASSED] - Actual text '25/08/2021' and expected text '25/08/2021' are matched 

2022-06-09 21:44:07 - [TEST_STEP][PASSED] - I.VerifyMatchText("//*[@id="var_72"]", "01/12/2021"): Actual text '01/12/2021' and expected text '01/12/2021' are matched 

2022-06-09 21:44:07 - [MESSAGE][PASSED] - Text of object 'Object Repository/1. Constant/xpath' is: '01/12/2021'

2022-06-09 21:44:08 - [MESSAGE][PASSED] - Delayed 1 second(s)

2022-06-09 21:44:08 - [MESSAGE][PASSED] - Actual text '01/12/2021' and expected text '01/12/2021' are matched 

2022-06-09 21:44:08 - [TEST_STEP][PASSED] - I.VerifyMatchText("//*[@id="var_116"]", "01/12/2021"): Actual text '01/12/2021' and expected text '01/12/2021' are matched 

2022-06-09 21:44:08 - [MESSAGE][PASSED] - Text of object 'Object Repository/1. Constant/xpath' is: '01/12/2021'

2022-06-09 21:44:09 - [MESSAGE][PASSED] - Delayed 1 second(s)

2022-06-09 21:44:09 - [MESSAGE][PASSED] - Actual text '01/12/2021' and expected text '01/12/2021' are matched 

2022-06-09 21:44:09 - [TEST_STEP][PASSED] - I.VerifyMatchText("//*[@id="var_89"]", "Project Information - Comments"): Actual text 'Project Information - Comments' and expected text 'Project Information - Comments' are matched 

2022-06-09 21:44:09 - [MESSAGE][PASSED] - Text of object 'Object Repository/1. Constant/xpath' is: 'Project Information - Comments'

2022-06-09 21:44:10 - [MESSAGE][PASSED] - Delayed 1 second(s)

2022-06-09 21:44:10 - [MESSAGE][PASSED] - Actual text 'Project Information - Comments' and expected text 'Project Information - Comments' are matched 

2022-06-09 21:44:10 - [TEST_STEP][PASSED] - I.VerifyMatchText("//*[@id="var_93"]", "Reason for change test"): Actual text 'Reason for change test' and expected text 'Reason for change test' are matched 

2022-06-09 21:44:10 - [MESSAGE][PASSED] - Text of object 'Object Repository/1. Constant/xpath' is: 'Reason for change test'

2022-06-09 21:44:11 - [MESSAGE][PASSED] - Delayed 1 second(s)

2022-06-09 21:44:11 - [MESSAGE][PASSED] - Actual text 'Reason for change test' and expected text 'Reason for change test' are matched 

2022-06-09 21:44:11 - [TEST_STEP][PASSED] - I.VerifyMatchText("//*[@id="var_54"]", "Tidy Cat"): Actual text 'Tidy Cat' and expected text 'Tidy Cat' are matched 

2022-06-09 21:44:12 - [MESSAGE][PASSED] - Text of object 'Object Repository/1. Constant/xpath' is: 'Tidy Cat'

2022-06-09 21:44:13 - [MESSAGE][PASSED] - Delayed 1 second(s)

2022-06-09 21:44:13 - [MESSAGE][PASSED] - Actual text 'Tidy Cat' and expected text 'Tidy Cat' are matched 

2022-06-09 21:44:13 - [TEST_STEP][PASSED] - I.VerifyMatchText("//*[@id="var_106"]", "Tidy Cat - CRYSTALS BLEND"): Actual text 'Tidy Cat - CRYSTALS BLEND' and expected text 'Tidy Cat - CRYSTALS BLEND' are matched 

2022-06-09 21:44:14 - [MESSAGE][PASSED] - Text of object 'Object Repository/1. Constant/xpath' is: 'Tidy Cat - CRYSTALS BLEND'

2022-06-09 21:44:15 - [MESSAGE][PASSED] - Delayed 1 second(s)

2022-06-09 21:44:15 - [MESSAGE][PASSED] - Actual text 'Tidy Cat - CRYSTALS BLEND' and expected text 'Tidy Cat - CRYSTALS BLEND' are matched 

2022-06-09 21:44:15 - [TEST_STEP][PASSED] - I.VerifyMatchText("//*[@id="var_92"]", "Premium"): Actual text 'Premium' and expected text 'Premium' are matched 

2022-06-09 21:44:15 - [MESSAGE][PASSED] - Text of object 'Object Repository/1. Constant/xpath' is: 'Premium'

2022-06-09 21:44:16 - [MESSAGE][PASSED] - Delayed 1 second(s)

2022-06-09 21:44:16 - [MESSAGE][PASSED] - Actual text 'Premium' and expected text 'Premium' are matched 

2022-06-09 21:44:16 - [TEST_STEP][PASSED] - I.VerifyMatchText("//*[@id="var_88"]", "Superfood"): Actual text 'Superfood' and expected text 'Superfood' are matched 

2022-06-09 21:44:16 - [MESSAGE][PASSED] - Text of object 'Object Repository/1. Constant/xpath' is: 'Superfood'

2022-06-09 21:44:17 - [MESSAGE][PASSED] - Delayed 1 second(s)

2022-06-09 21:44:17 - [MESSAGE][PASSED] - Actual text 'Superfood' and expected text 'Superfood' are matched 

2022-06-09 21:44:17 - [TEST_STEP][PASSED] - I.VerifyMatchText("//*[@id="var_86"]", "No color"): Actual text 'No color' and expected text 'No color' are matched 

2022-06-09 21:44:17 - [MESSAGE][PASSED] - Text of object 'Object Repository/1. Constant/xpath' is: 'No color'

2022-06-09 21:44:18 - [MESSAGE][PASSED] - Delayed 1 second(s)

2022-06-09 21:44:18 - [MESSAGE][PASSED] - Actual text 'No color' and expected text 'No color' are matched 

2022-06-09 21:44:18 - [TEST_STEP][PASSED] - I.VerifyMatchText("//*[@id="var_57"]", "Not applicable"): Actual text 'Not applicable' and expected text 'Not applicable' are matched 

2022-06-09 21:44:18 - [MESSAGE][PASSED] - Text of object 'Object Repository/1. Constant/xpath' is: 'Not applicable'

2022-06-09 21:44:19 - [MESSAGE][PASSED] - Delayed 1 second(s)

2022-06-09 21:44:19 - [MESSAGE][PASSED] - Actual text 'Not applicable' and expected text 'Not applicable' are matched 

2022-06-09 21:44:19 - [TEST_STEP][PASSED] - I.VerifyMatchText("//*[@id="var_87"]", "Yes"): Actual text 'Yes' and expected text 'Yes' are matched 

2022-06-09 21:44:19 - [MESSAGE][PASSED] - Text of object 'Object Repository/1. Constant/xpath' is: 'Yes'

2022-06-09 21:44:20 - [MESSAGE][PASSED] - Delayed 1 second(s)

2022-06-09 21:44:20 - [MESSAGE][PASSED] - Actual text 'Yes' and expected text 'Yes' are matched 

2022-06-09 21:44:20 - [TEST_STEP][PASSED] - I.VerifyMatchText("//*[@id="var_109"]", "Complete"): Actual text 'Complete' and expected text 'Complete' are matched 

2022-06-09 21:44:20 - [MESSAGE][PASSED] - Text of object 'Object Repository/1. Constant/xpath' is: 'Complete'

2022-06-09 21:44:21 - [MESSAGE][PASSED] - Delayed 1 second(s)

2022-06-09 21:44:21 - [MESSAGE][PASSED] - Actual text 'Complete' and expected text 'Complete' are matched 

2022-06-09 21:44:21 - [TEST_STEP][PASSED] - I.VerifyMatchText("//*[@id="var_52"]", "Dogs & Cats"): Actual text 'Dogs & Cats' and expected text 'Dogs & Cats' are matched 

2022-06-09 21:44:22 - [MESSAGE][PASSED] - Text of object 'Object Repository/1. Constant/xpath' is: 'Dogs & Cats'

2022-06-09 21:44:23 - [MESSAGE][PASSED] - Delayed 1 second(s)

2022-06-09 21:44:23 - [MESSAGE][PASSED] - Actual text 'Dogs & Cats' and expected text 'Dogs & Cats' are matched 

2022-06-09 21:44:23 - [TEST_STEP][PASSED] - I.VerifyMatchText("//*[@id="var_67"]", "Tidy Cat - Adult"): Actual text 'Tidy Cat - Adult' and expected text 'Tidy Cat - Adult' are matched 

2022-06-09 21:44:23 - [MESSAGE][PASSED] - Text of object 'Object Repository/1. Constant/xpath' is: 'Tidy Cat - Adult'

2022-06-09 21:44:24 - [MESSAGE][PASSED] - Delayed 1 second(s)

2022-06-09 21:44:24 - [MESSAGE][PASSED] - Actual text 'Tidy Cat - Adult' and expected text 'Tidy Cat - Adult' are matched 

2022-06-09 21:44:24 - [TEST_STEP][PASSED] - I.VerifyMatchText("//*[@id="var_140"]", "Light"): Actual text 'Light' and expected text 'Light' are matched 

2022-06-09 21:44:24 - [MESSAGE][PASSED] - Text of object 'Object Repository/1. Constant/xpath' is: 'Light'

2022-06-09 21:44:25 - [MESSAGE][PASSED] - Delayed 1 second(s)

2022-06-09 21:44:25 - [MESSAGE][PASSED] - Actual text 'Light' and expected text 'Light' are matched 

2022-06-09 21:44:25 - [TEST_STEP][PASSED] - I.VerifyMatchText("//*[@id="var_51"]", "All"): Actual text 'All' and expected text 'All' are matched 

2022-06-09 21:44:26 - [MESSAGE][PASSED] - Text of object 'Object Repository/1. Constant/xpath' is: 'All'

2022-06-09 21:44:27 - [MESSAGE][PASSED] - Delayed 1 second(s)

2022-06-09 21:44:27 - [MESSAGE][PASSED] - Actual text 'All' and expected text 'All' are matched 

2022-06-09 21:44:27 - [TEST_STEP][PASSED] - I.VerifyMatchText("//*[@id="var_50"]", "Active"): Actual text 'Active' and expected text 'Active' are matched 

2022-06-09 21:44:27 - [MESSAGE][PASSED] - Text of object 'Object Repository/1. Constant/xpath' is: 'Active'

2022-06-09 21:44:28 - [MESSAGE][PASSED] - Delayed 1 second(s)

2022-06-09 21:44:28 - [MESSAGE][PASSED] - Actual text 'Active' and expected text 'Active' are matched 

2022-06-09 21:44:28 - [TEST_STEP][PASSED] - I.VerifyMatchText("//*[@id="var_64"]", "FR DC SPI Ham" + "
" + "FR PL Montfort"): Actual text 'FR DC SPI Ham
FR PL Montfort' and expected text 'FR DC SPI Ham
FR PL Montfort' are matched 

2022-06-09 21:44:28 - [MESSAGE][PASSED] - Text of object 'Object Repository/1. Constant/xpath' is: 'FR DC SPI Ham
FR PL Montfort'

2022-06-09 21:44:29 - [MESSAGE][PASSED] - Delayed 1 second(s)

2022-06-09 21:44:29 - [MESSAGE][PASSED] - Actual text 'FR DC SPI Ham
FR PL Montfort' and expected text 'FR DC SPI Ham
FR PL Montfort' are matched 

2022-06-09 21:44:29 - [TEST_STEP][PASSED] - I.VerifyMatchText("//*[@id="var_53"]", "FR DC SPI Ham"): Actual text 'FR DC SPI Ham' and expected text 'FR DC SPI Ham' are matched 

2022-06-09 21:44:30 - [MESSAGE][PASSED] - Text of object 'Object Repository/1. Constant/xpath' is: 'FR DC SPI Ham'

2022-06-09 21:44:31 - [MESSAGE][PASSED] - Delayed 1 second(s)

2022-06-09 21:44:31 - [MESSAGE][PASSED] - Actual text 'FR DC SPI Ham' and expected text 'FR DC SPI Ham' are matched 

2022-06-09 21:44:31 - [TEST_STEP][PASSED] - I.VerifyMatchText("//*[@id="var_58"]", "Animal Lovers"): Actual text 'Animal Lovers' and expected text 'Animal Lovers' are matched 

2022-06-09 21:44:31 - [MESSAGE][PASSED] - Text of object 'Object Repository/1. Constant/xpath' is: 'Animal Lovers'

2022-06-09 21:44:32 - [MESSAGE][PASSED] - Delayed 1 second(s)

2022-06-09 21:44:32 - [MESSAGE][PASSED] - Actual text 'Animal Lovers' and expected text 'Animal Lovers' are matched 

2022-06-09 21:44:32 - [TEST_STEP][PASSED] - I.VerifyMatchText("//*[@id="var_59"]", "Deuerer"): Actual text 'Deuerer' and expected text 'Deuerer' are matched 

2022-06-09 21:44:33 - [MESSAGE][PASSED] - Text of object 'Object Repository/1. Constant/xpath' is: 'Deuerer'

2022-06-09 21:44:34 - [MESSAGE][PASSED] - Delayed 1 second(s)

2022-06-09 21:44:34 - [MESSAGE][PASSED] - Actual text 'Deuerer' and expected text 'Deuerer' are matched 

2022-06-09 21:44:34 - [TEST_STEP][PASSED] - I.VerifyMatchText("//*[@id="var_73"]", "Mousse"): Actual text 'Mousse' and expected text 'Mousse' are matched 

2022-06-09 21:44:34 - [MESSAGE][PASSED] - Text of object 'Object Repository/1. Constant/xpath' is: 'Mousse'

2022-06-09 21:44:35 - [MESSAGE][PASSED] - Delayed 1 second(s)

2022-06-09 21:44:35 - [MESSAGE][PASSED] - Actual text 'Mousse' and expected text 'Mousse' are matched 

2022-06-09 21:44:35 - [TEST_STEP][PASSED] - I.VerifyMatchText("//*[@id="var_85"]", "Anna KIM"): Actual text 'Anna KIM' and expected text 'Anna KIM' are matched 

2022-06-09 21:44:35 - [MESSAGE][PASSED] - Text of object 'Object Repository/1. Constant/xpath' is: 'Anna KIM'

2022-06-09 21:44:36 - [MESSAGE][PASSED] - Delayed 1 second(s)

2022-06-09 21:44:36 - [MESSAGE][PASSED] - Actual text 'Anna KIM' and expected text 'Anna KIM' are matched 

2022-06-09 21:44:36 - [TEST_STEP][PASSED] - I.VerifyMatchText("//*[@id="var_82"]", "AnneLise GAUDIN"): Actual text 'AnneLise GAUDIN' and expected text 'AnneLise GAUDIN' are matched 

2022-06-09 21:44:37 - [MESSAGE][PASSED] - Text of object 'Object Repository/1. Constant/xpath' is: 'AnneLise GAUDIN'

2022-06-09 21:44:38 - [MESSAGE][PASSED] - Delayed 1 second(s)

2022-06-09 21:44:38 - [MESSAGE][PASSED] - Actual text 'AnneLise GAUDIN' and expected text 'AnneLise GAUDIN' are matched 

2022-06-09 21:44:38 - [TEST_STEP][PASSED] - I.VerifyMatchText("//*[@id="var_74"]", "Alexandra FRAPPAZ"): Actual text 'Alexandra FRAPPAZ' and expected text 'Alexandra FRAPPAZ' are matched 

2022-06-09 21:44:38 - [MESSAGE][PASSED] - Text of object 'Object Repository/1. Constant/xpath' is: 'Alexandra FRAPPAZ'

2022-06-09 21:44:39 - [MESSAGE][PASSED] - Delayed 1 second(s)

2022-06-09 21:44:39 - [MESSAGE][PASSED] - Actual text 'Alexandra FRAPPAZ' and expected text 'Alexandra FRAPPAZ' are matched 

2022-06-09 21:44:39 - [TEST_STEP][PASSED] - I.VerifyMatchText("//*[@id="var_168"]", "Anastasiia BRAZHNIKOVA PX" + "
" + "Amelia LARKINS" + "
" + "Camille DEMONCHY"): Actual text 'Anastasiia BRAZHNIKOVA PX
Amelia LARKINS
Camille DEMONCHY' and expected text 'Anastasiia BRAZHNIKOVA PX
Amelia LARKINS
Camille DEMONCHY' are matched 

2022-06-09 21:44:39 - [MESSAGE][PASSED] - Text of object 'Object Repository/1. Constant/xpath' is: 'Anastasiia BRAZHNIKOVA PX
Amelia LARKINS
Camille DEMONCHY'

2022-06-09 21:44:40 - [MESSAGE][PASSED] - Delayed 1 second(s)

2022-06-09 21:44:40 - [MESSAGE][PASSED] - Actual text 'Anastasiia BRAZHNIKOVA PX
Amelia LARKINS
Camille DEMONCHY' and expected text 'Anastasiia BRAZHNIKOVA PX
Amelia LARKINS
Camille DEMONCHY' are matched 

2022-06-09 21:44:40 - [TEST_STEP][PASSED] - I.VerifyMatchText("//*[@id="var_60"]", "Adam SVEGAARD (D2D)"): Actual text 'Adam SVEGAARD (D2D)' and expected text 'Adam SVEGAARD (D2D)' are matched 

2022-06-09 21:44:40 - [MESSAGE][PASSED] - Text of object 'Object Repository/1. Constant/xpath' is: 'Adam SVEGAARD (D2D)'

2022-06-09 21:44:41 - [MESSAGE][PASSED] - Delayed 1 second(s)

2022-06-09 21:44:41 - [MESSAGE][PASSED] - Actual text 'Adam SVEGAARD (D2D)' and expected text 'Adam SVEGAARD (D2D)' are matched 

2022-06-09 21:44:41 - [TEST_STEP][PASSED] - I.VerifyMatchText("//*[@id="var_102"]", "Amelie SERMENT"): Actual text 'Amelie SERMENT' and expected text 'Amelie SERMENT' are matched 

2022-06-09 21:44:41 - [MESSAGE][PASSED] - Text of object 'Object Repository/1. Constant/xpath' is: 'Amelie SERMENT'

2022-06-09 21:44:42 - [MESSAGE][PASSED] - Delayed 1 second(s)

2022-06-09 21:44:42 - [MESSAGE][PASSED] - Actual text 'Amelie SERMENT' and expected text 'Amelie SERMENT' are matched 

2022-06-09 21:44:42 - [TEST_STEP][PASSED] - I.VerifyMatchText("//*[@id="var_63"]", "Alexandra SAVREUX (E2E)"): Actual text 'Alexandra SAVREUX (E2E)' and expected text 'Alexandra SAVREUX (E2E)' are matched 

2022-06-09 21:44:42 - [MESSAGE][PASSED] - Text of object 'Object Repository/1. Constant/xpath' is: 'Alexandra SAVREUX (E2E)'

2022-06-09 21:44:43 - [MESSAGE][PASSED] - Delayed 1 second(s)

2022-06-09 21:44:43 - [MESSAGE][PASSED] - Actual text 'Alexandra SAVREUX (E2E)' and expected text 'Alexandra SAVREUX (E2E)' are matched 

2022-06-09 21:44:43 - [TEST_STEP][PASSED] - I.VerifyMatchText("//*[@id="var_161"]", "Ana CHAVES"): Actual text 'Ana CHAVES' and expected text 'Ana CHAVES' are matched 

2022-06-09 21:44:44 - [MESSAGE][PASSED] - Text of object 'Object Repository/1. Constant/xpath' is: 'Ana CHAVES'

2022-06-09 21:44:45 - [MESSAGE][PASSED] - Delayed 1 second(s)

2022-06-09 21:44:45 - [MESSAGE][PASSED] - Actual text 'Ana CHAVES' and expected text 'Ana CHAVES' are matched 

2022-06-09 21:44:45 - [TEST_STEP][PASSED] - I.VerifyMatchText("//*[@id="var_66"]", "No"): Actual text 'No' and expected text 'No' are matched 

2022-06-09 21:44:45 - [MESSAGE][PASSED] - Text of object 'Object Repository/1. Constant/xpath' is: 'No'

2022-06-09 21:44:46 - [MESSAGE][PASSED] - Delayed 1 second(s)

2022-06-09 21:44:46 - [MESSAGE][PASSED] - Actual text 'No' and expected text 'No' are matched 

2022-06-09 21:44:46 - [TEST_STEP][PASSED] - I.VerifyMatchText("//*[@id="var_142"]", "No"): Actual text 'No' and expected text 'No' are matched 

2022-06-09 21:44:46 - [MESSAGE][PASSED] - Text of object 'Object Repository/1. Constant/xpath' is: 'No'

2022-06-09 21:44:47 - [MESSAGE][PASSED] - Delayed 1 second(s)

2022-06-09 21:44:47 - [MESSAGE][PASSED] - Actual text 'No' and expected text 'No' are matched 

2022-06-09 21:44:47 - [TEST_STEP][PASSED] - I.VerifyMatchText("//*[@id="var_143"]", "No"): Actual text 'No' and expected text 'No' are matched 

2022-06-09 21:44:47 - [MESSAGE][PASSED] - Text of object 'Object Repository/1. Constant/xpath' is: 'No'

2022-06-09 21:44:48 - [MESSAGE][PASSED] - Delayed 1 second(s)

2022-06-09 21:44:48 - [MESSAGE][PASSED] - Actual text 'No' and expected text 'No' are matched 

2022-06-09 21:44:48 - [TEST_STEP][PASSED] - I.VerifyMatchText("//*[@id="var_119"]", "LATAM"): Actual text 'LATAM' and expected text 'LATAM' are matched 

2022-06-09 21:44:48 - [MESSAGE][PASSED] - Text of object 'Object Repository/1. Constant/xpath' is: 'LATAM'

2022-06-09 21:44:49 - [MESSAGE][PASSED] - Delayed 1 second(s)

2022-06-09 21:44:49 - [MESSAGE][PASSED] - Actual text 'LATAM' and expected text 'LATAM' are matched 

2022-06-09 21:44:49 - [TEST_STEP][PASSED] - I.VerifyMatchText("//*[@id="var_79"]", "Bag - Woven"): Actual text 'Bag - Woven' and expected text 'Bag - Woven' are matched 

2022-06-09 21:44:50 - [MESSAGE][PASSED] - Text of object 'Object Repository/1. Constant/xpath' is: 'Bag - Woven'

2022-06-09 21:44:51 - [MESSAGE][PASSED] - Delayed 1 second(s)

2022-06-09 21:44:51 - [MESSAGE][PASSED] - Actual text 'Bag - Woven' and expected text 'Bag - Woven' are matched 

2022-06-09 21:44:51 - [TEST_STEP][PASSED] - I.VerifyMatchText("//*[@id="var_78"]", "1.1kg" + "
" + "1.2kg"): Actual text '1.1kg
1.2kg' and expected text '1.1kg
1.2kg' are matched 

2022-06-09 21:44:51 - [MESSAGE][PASSED] - Text of object 'Object Repository/1. Constant/xpath' is: '1.1kg
1.2kg'

2022-06-09 21:44:52 - [MESSAGE][PASSED] - Delayed 1 second(s)

2022-06-09 21:44:52 - [MESSAGE][PASSED] - Actual text '1.1kg
1.2kg' and expected text '1.1kg
1.2kg' are matched 

2022-06-09 21:44:52 - [TEST_STEP][PASSED] - I.VerifyMatchText("//*[@id="var_61"]", "Vet"): Actual text 'Vet' and expected text 'Vet' are matched 

2022-06-09 21:44:52 - [MESSAGE][PASSED] - Text of object 'Object Repository/1. Constant/xpath' is: 'Vet'

2022-06-09 21:44:53 - [MESSAGE][PASSED] - Delayed 1 second(s)

2022-06-09 21:44:53 - [MESSAGE][PASSED] - Actual text 'Vet' and expected text 'Vet' are matched 

2022-06-09 21:44:53 - [TEST_STEP][PASSED] - I.VerifyMatchText("//*[@id="var_104"]", "Albania" + "
" + "Austria"): Actual text 'Albania
Austria' and expected text 'Albania
Austria' are matched 

2022-06-09 21:44:53 - [MESSAGE][PASSED] - Text of object 'Object Repository/1. Constant/xpath' is: 'Albania
Austria'

2022-06-09 21:44:54 - [MESSAGE][PASSED] - Delayed 1 second(s)

2022-06-09 21:44:54 - [MESSAGE][PASSED] - Actual text 'Albania
Austria' and expected text 'Albania
Austria' are matched 

2022-06-09 21:44:54 - [TEST_STEP][PASSED] - I.VerifyMatchText("//*[@id="var_84"]", "Anna KIM"): Actual text 'Anna KIM' and expected text 'Anna KIM' are matched 

2022-06-09 21:44:54 - [MESSAGE][PASSED] - Text of object 'Object Repository/1. Constant/xpath' is: 'Anna KIM'

2022-06-09 21:44:55 - [MESSAGE][PASSED] - Delayed 1 second(s)

2022-06-09 21:44:55 - [MESSAGE][PASSED] - Actual text 'Anna KIM' and expected text 'Anna KIM' are matched 

2022-06-09 21:44:55 - [TEST_STEP][PASSED] - I.VerifyMatchText("//*[@id="var_76"]", "Alexandra FRAPPAZ"): Actual text 'Alexandra FRAPPAZ' and expected text 'Alexandra FRAPPAZ' are matched 

2022-06-09 21:44:56 - [MESSAGE][PASSED] - Text of object 'Object Repository/1. Constant/xpath' is: 'Alexandra FRAPPAZ'

2022-06-09 21:44:57 - [MESSAGE][PASSED] - Delayed 1 second(s)

2022-06-09 21:44:57 - [MESSAGE][PASSED] - Actual text 'Alexandra FRAPPAZ' and expected text 'Alexandra FRAPPAZ' are matched 

2022-06-09 21:44:57 - [TEST_STEP][PASSED] - I.VerifyMatchText("//*[@id="var_56"]", "Amelie SERMENT"): Actual text 'Amelie SERMENT' and expected text 'Amelie SERMENT' are matched 

2022-06-09 21:44:58 - [MESSAGE][PASSED] - Text of object 'Object Repository/1. Constant/xpath' is: 'Amelie SERMENT'

2022-06-09 21:44:59 - [MESSAGE][PASSED] - Delayed 1 second(s)

2022-06-09 21:44:59 - [MESSAGE][PASSED] - Actual text 'Amelie SERMENT' and expected text 'Amelie SERMENT' are matched 

2022-06-09 21:44:59 - [TEST_STEP][PASSED] - I.VerifyMatchText("//*[@id="var_169"]", "Version History"): Actual text 'Version History' and expected text 'Version History' are matched 

2022-06-09 21:44:59 - [MESSAGE][PASSED] - Text of object 'Object Repository/1. Constant/xpath' is: 'Version History'

2022-06-09 21:45:00 - [MESSAGE][PASSED] - Delayed 1 second(s)

2022-06-09 21:45:00 - [MESSAGE][PASSED] - Actual text 'Version History' and expected text 'Version History' are matched 

2022-06-09 21:45:00 - [TEST_STEP][PASSED] - delay(1): Delayed 1 second(s)

2022-06-09 21:45:01 - [MESSAGE][PASSED] - Delayed 1 second(s)

2022-06-09 21:45:01 - [TEST_STEP][PASSED] - click(findTestObject("1. Constant/xpath", ["xpath":"//*[@id="kt_content"]/div[3]/div/ul/li[3]/a"])): Object: 'Object Repository/1. Constant/xpath' is clicked on

2022-06-09 21:45:03 - [MESSAGE][PASSED] - Object: 'Object Repository/1. Constant/xpath' is clicked on

2022-06-09 21:45:03 - [TEST_STEP][PASSED] - delay(1): Delayed 1 second(s)

2022-06-09 21:45:04 - [MESSAGE][PASSED] - Delayed 1 second(s)

2022-06-09 21:45:04 - [TEST_STEP][PASSED] - I.VerifyMatchText("//*[@id="tab_lifecycle"]/div/h3", "LSS Lifecycle (3)"): Actual text 'LSS Lifecycle (3)' and expected text 'LSS Lifecycle (3)' are matched 

2022-06-09 21:45:04 - [MESSAGE][PASSED] - Text of object 'Object Repository/1. Constant/xpath' is: 'LSS Lifecycle (3)'

2022-06-09 21:45:05 - [MESSAGE][PASSED] - Delayed 1 second(s)

2022-06-09 21:45:05 - [MESSAGE][PASSED] - Actual text 'LSS Lifecycle (3)' and expected text 'LSS Lifecycle (3)' are matched 

2022-06-09 21:45:05 - [TEST_STEP][PASSED] - delay(1): Delayed 1 second(s)

2022-06-09 21:45:06 - [MESSAGE][PASSED] - Delayed 1 second(s)

2022-06-09 21:45:06 - [TEST_STEP][PASSED] - click(findTestObject("1. Constant/xpath", ["xpath":"//*[@id="kt_content"]/div[3]/div/ul/li[1]/a"])): Object: 'Object Repository/1. Constant/xpath' is clicked on

2022-06-09 21:45:07 - [MESSAGE][PASSED] - Object: 'Object Repository/1. Constant/xpath' is clicked on

2022-06-09 21:45:07 - [TEST_STEP][PASSED] - delay(1): Delayed 1 second(s)

2022-06-09 21:45:08 - [MESSAGE][PASSED] - Delayed 1 second(s)

2022-06-09 21:45:08 - [TEST_STEP][PASSED] - click(findTestObject("1. Constant/xpath", ["xpath":"//*[@id="aff_text_content_brief"]"])): Object: 'Object Repository/1. Constant/xpath' is clicked on

2022-06-09 21:45:09 - [MESSAGE][PASSED] - Object: 'Object Repository/1. Constant/xpath' is clicked on

2022-06-09 21:45:09 - [TEST_STEP][PASSED] - delay(5): Delayed 5 second(s)

2022-06-09 21:45:14 - [MESSAGE][PASSED] - Delayed 5 second(s)

2022-06-09 21:45:14 - [TEST_STEP][PASSED] - I.VerifyMatchText("//*[@id="table_body"]/tr/td", "No data available in table"): Actual text 'No data available in table' and expected text 'No data available in table' are matched 

2022-06-09 21:45:14 - [MESSAGE][PASSED] - Text of object 'Object Repository/1. Constant/xpath' is: 'No data available in table'

2022-06-09 21:45:15 - [MESSAGE][PASSED] - Delayed 1 second(s)

2022-06-09 21:45:15 - [MESSAGE][PASSED] - Actual text 'No data available in table' and expected text 'No data available in table' are matched 

2022-06-09 21:45:15 - [TEST_STEP][PASSED] - click(findTestObject("1. Constant/xpath", ["xpath":"//*[@id="aff_phase_brief"]"])): Object: 'Object Repository/1. Constant/xpath' is clicked on

2022-06-09 21:45:16 - [MESSAGE][PASSED] - Object: 'Object Repository/1. Constant/xpath' is clicked on

2022-06-09 21:45:16 - [TEST_STEP][PASSED] - click(findTestObject("1. Constant/xpath", ["xpath":"//*[@id="btn_view_ref_parent"]"])): Object: 'Object Repository/1. Constant/xpath' is clicked on

2022-06-09 21:45:19 - [MESSAGE][PASSED] - Object: 'Object Repository/1. Constant/xpath' is clicked on

2022-06-09 21:45:19 - [TEST_STEP][PASSED] - takeScreenshot(): Taking screenshot successfully

2022-06-09 21:45:20 - [MESSAGE][PASSED] - Taking screenshot successfully
[[ATTACHMENT|D:\\Projet Test Auto\\Mediabox Test Automation\\Reports\\20220609_181011\\03. Parallel Testing (Testing)\\TS -PT PART 3\\15.02 NPP Duplication Shortcut (Translation Ref) -Part 1\\20220609_181122\\1654803920168.png]]

2022-06-09 21:45:20 - [TEST_STEP][PASSED] - delay(1): Delayed 1 second(s)

2022-06-09 21:45:21 - [MESSAGE][PASSED] - Delayed 1 second(s)

2022-06-09 21:45:21 - [TEST_STEP][PASSED] - parent_refid = I.RefID_Npp(): Current window's url is: 'http://mdb-release.diadeis.lan/MediaboxIndependence/Base/ExecAction?action=VoirRef&IDSession=MBI!RELTESTAUTO_NPP!4MEOX7CN8YL3OQRLQMAJNPC50661PCX6DQ1KBLQA&num=GL27NGM1U9&id_ref=1058030'

2022-06-09 21:45:26 - [MESSAGE][PASSED] - Delayed 5 second(s)

2022-06-09 21:45:26 - [MESSAGE][PASSED] - Current window's url is: 'http://mdb-release.diadeis.lan/MediaboxIndependence/Base/ExecAction?action=VoirRef&IDSession=MBI!RELTESTAUTO_NPP!4MEOX7CN8YL3OQRLQMAJNPC50661PCX6DQ1KBLQA&num=GL27NGM1U9&id_ref=1058030'

2022-06-09 21:45:26 - [TEST_STEP][PASSED] - verifyNotMatch(parent_refid, refID, false): Actual text '1058030' and expected text '1058' are not matched 

2022-06-09 21:45:26 - [MESSAGE][PASSED] - Actual text '1058030' and expected text '1058' are not matched 

2022-06-09 21:45:26 - [TEST_STEP][PASSED] - I.Logout_xpath("//*[@id="kt_header"]/div/div[2]/div[2]/div[1]/div/span/img", "//*[@id="kt_header"]/div/div[2]/div[2]/div[2]/a[2]"): Wait for page load successfully

2022-06-09 21:45:26 - [MESSAGE][PASSED] - Object: 'Object Repository/1. Constant/xpath' is clicked on

2022-06-09 21:45:27 - [MESSAGE][PASSED] - Delayed 1 second(s)

2022-06-09 21:45:29 - [MESSAGE][PASSED] - Object: 'Object Repository/1. Constant/xpath' is clicked on

2022-06-09 21:45:30 - [MESSAGE][PASSED] - Delayed 1 second(s)

2022-06-09 21:45:30 - [MESSAGE][PASSED] - Wait for page load successfully

2022-06-09 21:45:30 - [TEST_STEP][PASSED] - I.Login_password("akim", password_akim): Object: 'Object Repository/1. Constant/xpath' is clicked on

2022-06-09 21:45:31 - [MESSAGE][PASSED] - Text 'akim' is set on object 'Object Repository/1. Constant/xpath'

2022-06-09 21:45:32 - [MESSAGE][PASSED] - Delayed 1 second(s)

2022-06-09 21:45:32 - [MESSAGE][PASSED] - Text 'dchi' is set on object 'Object Repository/1. Constant/xpath'

2022-06-09 21:45:33 - [MESSAGE][PASSED] - Delayed 1 second(s)

2022-06-09 21:45:37 - [MESSAGE][PASSED] - Object: 'Object Repository/1. Constant/xpath' is clicked on

2022-06-09 21:45:37 - [TEST_STEP][PASSED] - takeScreenshot(): Taking screenshot successfully

2022-06-09 21:45:37 - [MESSAGE][PASSED] - Taking screenshot successfully
[[ATTACHMENT|D:\\Projet Test Auto\\Mediabox Test Automation\\Reports\\20220609_181011\\03. Parallel Testing (Testing)\\TS -PT PART 3\\15.02 NPP Duplication Shortcut (Translation Ref) -Part 1\\20220609_181122\\1654803937132.png]]

2022-06-09 21:45:37 - [TEST_STEP][PASSED] - click(findTestObject("1. Constant/02_LHSMenu_Projects")): Object: 'Object Repository/1. Constant/02_LHSMenu_Projects' is clicked on

2022-06-09 21:45:46 - [MESSAGE][PASSED] - Object: 'Object Repository/1. Constant/02_LHSMenu_Projects' is clicked on

2022-06-09 21:45:46 - [TEST_STEP][PASSED] - I.SearchProjectNo_xpath(Project_No, "//*[@id="keynum_project"]", "//*[@id="form_filters"]/div[20]/button"): Delayed 5 second(s)

2022-06-09 21:45:47 - [MESSAGE][PASSED] - Delayed 1 second(s)

2022-06-09 21:45:47 - [MESSAGE][PASSED] - Text 'MI001071' is set on object 'Object Repository/1. Constant/xpath'

2022-06-09 21:45:50 - [MESSAGE][PASSED] - Delayed 3 second(s)

2022-06-09 21:45:50 - [MESSAGE][PASSED] - Scroll to object 'Object Repository/1. Constant/xpath' successfully

2022-06-09 21:45:54 - [MESSAGE][PASSED] - Object: 'Object Repository/1. Constant/xpath' is clicked on

2022-06-09 21:45:59 - [MESSAGE][PASSED] - Delayed 5 second(s)

2022-06-09 21:45:59 - [TEST_STEP][PASSED] - delay(1): Delayed 1 second(s)

2022-06-09 21:46:00 - [MESSAGE][PASSED] - Delayed 1 second(s)

2022-06-09 21:46:00 - [TEST_STEP][PASSED] - I.superedit_ref(findTestObject("1. Constant/xpath", ["xpath":"//*[@id="fiches"]/table/tbody/tr[3]/td[9]/div[2]/button"]), findTestObject("1. Constant/xpath", ["xpath":"//*[@id="fiches"]/table/tbody/tr[3]/td[9]/div[2]/div/a[4]"])): Object: 'Object Repository/1. Constant/xpath' is clicked on

2022-06-09 21:46:01 - [MESSAGE][PASSED] - Object: 'Object Repository/1. Constant/xpath' is clicked on

2022-06-09 21:46:04 - [MESSAGE][PASSED] - Delayed 3 second(s)

2022-06-09 21:46:08 - [MESSAGE][PASSED] - Object: 'Object Repository/1. Constant/xpath' is clicked on

2022-06-09 21:46:08 - [TEST_STEP][PASSED] - setText(findTestObject("1. Constant/xpath", ["xpath":"//*[@id="var_110"]"]), "Super edit Variety"): Text 'Super edit Variety' is set on object 'Object Repository/1. Constant/xpath'

2022-06-09 21:46:08 - [MESSAGE][PASSED] - Text 'Super edit Variety' is set on object 'Object Repository/1. Constant/xpath'

2022-06-09 21:46:08 - [TEST_STEP][PASSED] - I.Pagedown(): Execute JavaScript 'window.scrollTo(0, document.body.scrollHeight)' successfully

2022-06-09 21:46:08 - [MESSAGE][PASSED] - Execute JavaScript 'window.scrollTo(0, document.body.scrollHeight)' successfully

2022-06-09 21:46:08 - [TEST_STEP][PASSED] - click(findTestObject("1. Constant/xpath", ["xpath":"//*[@id="ModifFiche"]/div[3]/div/button"])): Object: 'Object Repository/1. Constant/xpath' is clicked on

2022-06-09 21:46:13 - [MESSAGE][PASSED] - Object: 'Object Repository/1. Constant/xpath' is clicked on

2022-06-09 21:46:13 - [TEST_STEP][PASSED] - delay(1): Delayed 1 second(s)

2022-06-09 21:46:14 - [MESSAGE][PASSED] - Delayed 1 second(s)

2022-06-09 21:46:14 - [TEST_STEP][PASSED] - click(findTestObject("1. Constant/xpath", ["xpath":"//*[@id="fiches"]/table/tbody/tr[3]/td[9]/a"])): Object: 'Object Repository/1. Constant/xpath' is clicked on

2022-06-09 21:46:19 - [MESSAGE][PASSED] - Object: 'Object Repository/1. Constant/xpath' is clicked on

2022-06-09 21:46:19 - [TEST_STEP][PASSED] - Actual_Edited_Variety = getAttribute(findTestObject("1. Constant/xpath", ["xpath":"//*[@id="var_110"]"]), "value"): Attribute 'value' of object 'Object Repository/1. Constant/xpath' is: 'Super edit Variety'

2022-06-09 21:46:19 - [MESSAGE][PASSED] - Attribute 'value' of object 'Object Repository/1. Constant/xpath' is: 'Super edit Variety'

2022-06-09 21:46:19 - [TEST_STEP][PASSED] - verifyMatch(Actual_Edited_Variety, "Super edit Variety", false): Actual text 'Super edit Variety' and expected text 'Super edit Variety' are matched 

2022-06-09 21:46:19 - [MESSAGE][PASSED] - Actual text 'Super edit Variety' and expected text 'Super edit Variety' are matched 

2022-06-09 21:46:19 - [TEST_STEP][PASSED] - click(findTestObject("1. Constant/xpath", ["xpath":"//*[@id="ModifFiche"]/div[1]/div/button[2]"])): Object: 'Object Repository/1. Constant/xpath' is clicked on

2022-06-09 21:46:24 - [MESSAGE][PASSED] - Object: 'Object Repository/1. Constant/xpath' is clicked on

2022-06-09 21:46:24 - [TEST_STEP][PASSED] - I.status_lifecycle(findTestObject("1. Constant/xpath", ["xpath":"//*[@id="fiches"]/table/tbody/tr[3]/td[7]/span[2]"]), "LSS Creation"): Status contain LSS Creation.

2022-06-09 21:46:24 - [MESSAGE][PASSED] - Text of object 'Object Repository/1. Constant/xpath' is: 'LSS Creation'

2022-06-09 21:46:24 - [MESSAGE][PASSED] - Status contain LSS Creation.

2022-06-09 21:46:24 - [TEST_STEP][PASSED] - closeBrowser(): Browser is closed

2022-06-09 21:46:25 - [MESSAGE][PASSED] - Browser is closed

2022-06-09 21:46:25 - [TEST_STEP][PASSED] - Start listener action : sampleAfterTestCase: null]]></system-out>
         <system-err><![CDATA[]]></system-err>
      </testcase>
      <testcase name="Test Cases/20. Sephora_NPP Duplication Standard_ Duplication Shortcut/20.07 NPP Duplication Shortcut_In new project - Brief - Used 20.06 P4 (will be userd in 20.08)" time="324.413" classname="Test Cases/20. Sephora_NPP Duplication Standard_ Duplication Shortcut/20.07 NPP Duplication Shortcut_In new project - Brief - Used 20.06 P4 (will be userd in 20.08)" status="PASSED">
         <system-out><![CDATA[2022-06-09 21:46:25 - [TEST_CASE][PASSED] - Test Cases/20. Sephora_NPP Duplication Standard_ Duplication Shortcut/20.07 NPP Duplication Shortcut_In new project - Brief - Used 20.06 P4 (will be userd in 20.08): Test Cases/20. Sephora_NPP Duplication Standard_ Duplication Shortcut/20.07 NPP Duplication Shortcut_In new project - Brief - Used 20.06 P4 (will be userd in 20.08)

2022-06-09 21:46:26 - [TEST_STEP][PASSED] - data_Npp = findTestData("Data Files/Username_Password/Npp"): null

2022-06-09 21:46:26 - [TEST_STEP][PASSED] - password_ncur = data_Npp.getValue(2, 1): null

2022-06-09 21:46:26 - [TEST_STEP][PASSED] - password_akim = data_Npp.getValue(2, 2): null

2022-06-09 21:46:26 - [TEST_STEP][PASSED] - data_urlRELAUTO = findTestData("Data Files/URL/URL_relauto"): null

2022-06-09 21:46:26 - [TEST_STEP][PASSED] - Url_Npp = data_urlRELAUTO.getValue(2, 5): null

2022-06-09 21:46:26 - [TEST_STEP][PASSED] - I.clearnotepad("D:\Upoad_File\Projet_ Login\NPP\16.08\20.07_NPP_ProjectNo.txt"): null

2022-06-09 21:46:26 - [TEST_STEP][PASSED] - I.clearnotepad("D:\Upoad_File\Projet_ Login\NPP\16.08\20.07_NPP_refID.txt"): null

2022-06-09 21:46:26 - [TEST_STEP][PASSED] - Project_No = I.readnotepad("D:\Upoad_File\Projet_ Login\NPP\16.08\16.08_NPP_ProjectNo.txt"): null

2022-06-09 21:46:26 - [TEST_STEP][PASSED] - refID = I.readnotepad("D:\Upoad_File\Projet_ Login\NPP\16.08\16.08_NPP_refID.txt"): null

2022-06-09 21:46:26 - [TEST_STEP][PASSED] - openBrowser(Url_Npp): Browser is opened with url: ' http://mdb-release.diadeis.lan/MediaboxIndependence/?MBI_datasource=RELTESTAUTO_NPP'

2022-06-09 21:46:26 - [MESSAGE][INFO] - Starting 'Chrome (headless)' driver

2022-06-09 21:46:26 - [MESSAGE][INFO] - User set preference: ['args', '[--window-size=1920,1080, --headless]']

2022-06-09 21:46:26 - [MESSAGE][INFO] - Action delay is set to 0 milliseconds

2022-06-09 21:46:34 - [MESSAGE][PASSED] - Browser is opened with url: ' http://mdb-release.diadeis.lan/MediaboxIndependence/?MBI_datasource=RELTESTAUTO_NPP'

2022-06-09 21:46:34 - [TEST_STEP][PASSED] - maximizeWindow(): Current window maximized

2022-06-09 21:46:35 - [MESSAGE][PASSED] - Current window maximized

2022-06-09 21:46:35 - [TEST_STEP][PASSED] - takeScreenshot(): Taking screenshot successfully

2022-06-09 21:46:35 - [MESSAGE][PASSED] - Taking screenshot successfully
[[ATTACHMENT|D:\\Projet Test Auto\\Mediabox Test Automation\\Reports\\20220609_181011\\03. Parallel Testing (Testing)\\TS -PT PART 3\\15.02 NPP Duplication Shortcut (Translation Ref) -Part 1\\20220609_181122\\1654803995234.png]]

2022-06-09 21:46:35 - [TEST_STEP][PASSED] - I.Login_password("ncur", password_ncur): Object: 'Object Repository/1. Constant/xpath' is clicked on

2022-06-09 21:46:35 - [MESSAGE][PASSED] - Text 'ncur' is set on object 'Object Repository/1. Constant/xpath'

2022-06-09 21:46:36 - [MESSAGE][PASSED] - Delayed 1 second(s)

2022-06-09 21:46:36 - [MESSAGE][PASSED] - Text 'dchi' is set on object 'Object Repository/1. Constant/xpath'

2022-06-09 21:46:37 - [MESSAGE][PASSED] - Delayed 1 second(s)

2022-06-09 21:46:45 - [MESSAGE][PASSED] - Object: 'Object Repository/1. Constant/xpath' is clicked on

2022-06-09 21:46:45 - [TEST_STEP][PASSED] - takeScreenshot(): Taking screenshot successfully

2022-06-09 21:46:45 - [MESSAGE][PASSED] - Taking screenshot successfully
[[ATTACHMENT|D:\\Projet Test Auto\\Mediabox Test Automation\\Reports\\20220609_181011\\03. Parallel Testing (Testing)\\TS -PT PART 3\\15.02 NPP Duplication Shortcut (Translation Ref) -Part 1\\20220609_181122\\1654804005269.png]]

2022-06-09 21:46:45 - [TEST_STEP][PASSED] - click(findTestObject("1. Constant/02_LHSMenu_Projects")): Object: 'Object Repository/1. Constant/02_LHSMenu_Projects' is clicked on

2022-06-09 21:47:01 - [MESSAGE][PASSED] - Object: 'Object Repository/1. Constant/02_LHSMenu_Projects' is clicked on

2022-06-09 21:47:01 - [TEST_STEP][PASSED] - I.SearchProjectNo_xpath(Project_No, "//*[@id="keynum_project"]", "//*[@id="form_filters"]/div[9]/button"): Delayed 5 second(s)

2022-06-09 21:47:02 - [MESSAGE][PASSED] - Delayed 1 second(s)

2022-06-09 21:47:03 - [MESSAGE][PASSED] - Text 'MI001071' is set on object 'Object Repository/1. Constant/xpath'

2022-06-09 21:47:06 - [MESSAGE][PASSED] - Delayed 3 second(s)

2022-06-09 21:47:06 - [MESSAGE][PASSED] - Scroll to object 'Object Repository/1. Constant/xpath' successfully

2022-06-09 21:47:11 - [MESSAGE][PASSED] - Object: 'Object Repository/1. Constant/xpath' is clicked on

2022-06-09 21:47:16 - [MESSAGE][PASSED] - Delayed 5 second(s)

2022-06-09 21:47:16 - [TEST_STEP][PASSED] - delay(1): Delayed 1 second(s)

2022-06-09 21:47:17 - [MESSAGE][PASSED] - Delayed 1 second(s)

2022-06-09 21:47:17 - [TEST_STEP][PASSED] - I.Verify_Mouse_Over_tooltip("//*[@id="kt_content"]/div[3]/div/div[2]/div[1]/div[2]/span/div/button", "/html/body/div[9]/div[2]", "Duplicate options"): Actual text 'Duplicate options' and expected text 'Duplicate options' are matched 

2022-06-09 21:47:17 - [MESSAGE][PASSED] - Object: 'Object Repository/1. Constant/xpath' is hovered

2022-06-09 21:47:19 - [MESSAGE][PASSED] - Delayed 2 second(s)

2022-06-09 21:47:20 - [MESSAGE][PASSED] - Text of object 'Object Repository/1. Constant/xpath' is: 'Duplicate options'

2022-06-09 21:47:21 - [MESSAGE][PASSED] - Delayed 1 second(s)

2022-06-09 21:47:21 - [MESSAGE][PASSED] - Taking screenshot successfully
[[ATTACHMENT|D:\\Projet Test Auto\\Mediabox Test Automation\\Reports\\20220609_181011\\03. Parallel Testing (Testing)\\TS -PT PART 3\\15.02 NPP Duplication Shortcut (Translation Ref) -Part 1\\20220609_181122\\1654804041561.png]]

2022-06-09 21:47:22 - [MESSAGE][PASSED] - Delayed 1 second(s)

2022-06-09 21:47:22 - [MESSAGE][PASSED] - Actual text 'Duplicate options' and expected text 'Duplicate options' are matched 

2022-06-09 21:47:22 - [TEST_STEP][PASSED] - click(findTestObject("1. Constant/xpath", ["xpath":"//*[@id="kt_content"]/div[3]/div/div[2]/div[1]/div[2]/span/div/button"])): Object: 'Object Repository/1. Constant/xpath' is clicked on

2022-06-09 21:47:23 - [MESSAGE][PASSED] - Object: 'Object Repository/1. Constant/xpath' is clicked on

2022-06-09 21:47:23 - [TEST_STEP][PASSED] - delay(1): Delayed 1 second(s)

2022-06-09 21:47:24 - [MESSAGE][PASSED] - Delayed 1 second(s)

2022-06-09 21:47:24 - [TEST_STEP][PASSED] - click(findTestObject("1. Constant/xpath", ["xpath":"/html/body/div[1]/div[2]/div[4]/div[3]/div/div[2]/div[1]/div[2]/span/div/div/a[2]"])): Object: 'Object Repository/1. Constant/xpath' is clicked on

2022-06-09 21:47:25 - [MESSAGE][PASSED] - Object: 'Object Repository/1. Constant/xpath' is clicked on

2022-06-09 21:47:25 - [TEST_STEP][PASSED] - click(findTestObject("1. Constant/xpath", ["xpath":"//*[@id="fiches"]/table/tbody/tr[1]/td[1]/label"])): Object: 'Object Repository/1. Constant/xpath' is clicked on

2022-06-09 21:47:26 - [MESSAGE][PASSED] - Object: 'Object Repository/1. Constant/xpath' is clicked on

2022-06-09 21:47:26 - [TEST_STEP][PASSED] - delay(1): Delayed 1 second(s)

2022-06-09 21:47:27 - [MESSAGE][PASSED] - Delayed 1 second(s)

2022-06-09 21:47:27 - [TEST_STEP][PASSED] - I.Verify_Mouse_Over_tooltip("//*[@id="fiches"]/table/tbody/tr[3]/td[1]/i", "/html/body/div[9]/div[2]", "You are not allowed to duplicate several references at the same time"): Actual text 'You are not allowed to duplicate several references at the same time' and expected text 'You are not allowed to duplicate several references at the same time' are matched 

2022-06-09 21:47:27 - [MESSAGE][PASSED] - Object: 'Object Repository/1. Constant/xpath' is hovered

2022-06-09 21:47:29 - [MESSAGE][PASSED] - Delayed 2 second(s)

2022-06-09 21:47:29 - [MESSAGE][PASSED] - Text of object 'Object Repository/1. Constant/xpath' is: 'You are not allowed to duplicate several references at the same time'

2022-06-09 21:47:30 - [MESSAGE][PASSED] - Delayed 1 second(s)

2022-06-09 21:47:31 - [MESSAGE][PASSED] - Taking screenshot successfully
[[ATTACHMENT|D:\\Projet Test Auto\\Mediabox Test Automation\\Reports\\20220609_181011\\03. Parallel Testing (Testing)\\TS -PT PART 3\\15.02 NPP Duplication Shortcut (Translation Ref) -Part 1\\20220609_181122\\1654804050976.png]]

2022-06-09 21:47:32 - [MESSAGE][PASSED] - Delayed 1 second(s)

2022-06-09 21:47:32 - [MESSAGE][PASSED] - Actual text 'You are not allowed to duplicate several references at the same time' and expected text 'You are not allowed to duplicate several references at the same time' are matched 

2022-06-09 21:47:32 - [TEST_STEP][PASSED] - click(findTestObject("1. Constant/xpath", ["xpath":"//*[@id="action_btnduplicatereference"]"])): Object: 'Object Repository/1. Constant/xpath' is clicked on

2022-06-09 21:47:34 - [MESSAGE][PASSED] - Object: 'Object Repository/1. Constant/xpath' is clicked on

2022-06-09 21:47:34 - [TEST_STEP][PASSED] - delay(1): Delayed 1 second(s)

2022-06-09 21:47:35 - [MESSAGE][PASSED] - Delayed 1 second(s)

2022-06-09 21:47:35 - [TEST_STEP][PASSED] - takeScreenshot(): Taking screenshot successfully

2022-06-09 21:47:35 - [MESSAGE][PASSED] - Taking screenshot successfully
[[ATTACHMENT|D:\\Projet Test Auto\\Mediabox Test Automation\\Reports\\20220609_181011\\03. Parallel Testing (Testing)\\TS -PT PART 3\\15.02 NPP Duplication Shortcut (Translation Ref) -Part 1\\20220609_181122\\1654804055371.png]]

2022-06-09 21:47:35 - [TEST_STEP][PASSED] - verifyElementNotPresent(findTestObject("1. Constant/xpath", ["xpath":"//*[@id="list_project_type"]/label[2]"]), 2): Web element with id: 'Object Repository/1. Constant/xpath' located by 'By.xpath: //*[@id="list_project_type"]/label[2]' is not present after '2' second(s)

2022-06-09 21:47:35 - [MESSAGE][PASSED] - Web element with id: 'Object Repository/1. Constant/xpath' located by 'By.xpath: //*[@id="list_project_type"]/label[2]' is not present after '2' second(s)

2022-06-09 21:47:35 - [TEST_STEP][PASSED] - I.VerifyMatchText("//*[@id="list_project_type"]/label", "Duplicate LSS version in new project"): Actual text 'Duplicate LSS version in new project' and expected text 'Duplicate LSS version in new project' are matched 

2022-06-09 21:47:36 - [MESSAGE][PASSED] - Text of object 'Object Repository/1. Constant/xpath' is: 'Duplicate LSS version in new project'

2022-06-09 21:47:37 - [MESSAGE][PASSED] - Delayed 1 second(s)

2022-06-09 21:47:37 - [MESSAGE][PASSED] - Actual text 'Duplicate LSS version in new project' and expected text 'Duplicate LSS version in new project' are matched 

2022-06-09 21:47:37 - [TEST_STEP][PASSED] - I.VerifyMatchText("//*[@id="window_title"]", "New LSS version"): Actual text 'New LSS version' and expected text 'New LSS version' are matched 

2022-06-09 21:47:37 - [MESSAGE][PASSED] - Text of object 'Object Repository/1. Constant/xpath' is: 'New LSS version'

2022-06-09 21:47:38 - [MESSAGE][PASSED] - Delayed 1 second(s)

2022-06-09 21:47:38 - [MESSAGE][PASSED] - Actual text 'New LSS version' and expected text 'New LSS version' are matched 

2022-06-09 21:47:38 - [TEST_STEP][PASSED] - I.VerifyMatchText("//*[@id="helper_text"]", "This action will create a new version of the selected LSS in a new project"): Actual text 'This action will create a new version of the selected LSS in a new project' and expected text 'This action will create a new version of the selected LSS in a new project' are matched 

2022-06-09 21:47:39 - [MESSAGE][PASSED] - Text of object 'Object Repository/1. Constant/xpath' is: 'This action will create a new version of the selected LSS in a new project'

2022-06-09 21:47:40 - [MESSAGE][PASSED] - Delayed 1 second(s)

2022-06-09 21:47:40 - [MESSAGE][PASSED] - Actual text 'This action will create a new version of the selected LSS in a new project' and expected text 'This action will create a new version of the selected LSS in a new project' are matched 

2022-06-09 21:47:40 - [TEST_STEP][PASSED] - I.VerifyMatchText("//*[@id="info_translation_block"]", "This option will only duplicate the values from the brief. The source texts and the translations will not be collected."): Actual text 'This option will only duplicate the values from the brief. The source texts and the translations will not be collected.' and expected text 'This option will only duplicate the values from the brief. The source texts and the translations will not be collected.' are matched 

2022-06-09 21:47:40 - [MESSAGE][PASSED] - Text of object 'Object Repository/1. Constant/xpath' is: 'This option will only duplicate the values from the brief. The source texts and the translations will not be collected.'

2022-06-09 21:47:41 - [MESSAGE][PASSED] - Delayed 1 second(s)

2022-06-09 21:47:41 - [MESSAGE][PASSED] - Actual text 'This option will only duplicate the values from the brief. The source texts and the translations will not be collected.' and expected text 'This option will only duplicate the values from the brief. The source texts and the translations will not be collected.' are matched 

2022-06-09 21:47:41 - [TEST_STEP][PASSED] - No_Reftemplate = getNumberOfTotalOption(findTestObject("1. Constant/xpath", ["xpath":"//*[@id="ref_tpl7"]"])): 1 options of object 'Object Repository/1. Constant/xpath' counted

2022-06-09 21:47:42 - [MESSAGE][PASSED] - 1 options of object 'Object Repository/1. Constant/xpath' counted

2022-06-09 21:47:42 - [TEST_STEP][PASSED] - verifyEqual(No_Reftemplate, "1"): Actual object '1' and expected object '1' are equal

2022-06-09 21:47:42 - [MESSAGE][PASSED] - Actual object '1' and expected object '1' are equal

2022-06-09 21:47:42 - [TEST_STEP][PASSED] - I.VerifyMatchText("//*[@id="select2-ref_tpl7-container"]", "LSS Reference"): Actual text 'LSS Reference' and expected text 'LSS Reference' are matched 

2022-06-09 21:47:42 - [MESSAGE][PASSED] - Text of object 'Object Repository/1. Constant/xpath' is: 'LSS Reference'

2022-06-09 21:47:43 - [MESSAGE][PASSED] - Delayed 1 second(s)

2022-06-09 21:47:43 - [MESSAGE][PASSED] - Actual text 'LSS Reference' and expected text 'LSS Reference' are matched 

2022-06-09 21:47:43 - [TEST_STEP][PASSED] - No_lifetemplate = getNumberOfTotalOption(findTestObject("1. Constant/xpath", ["xpath":"//*[@id="lfc_tpl7"]"])): 5 options of object 'Object Repository/1. Constant/xpath' counted

2022-06-09 21:47:44 - [MESSAGE][PASSED] - 5 options of object 'Object Repository/1. Constant/xpath' counted

2022-06-09 21:47:44 - [TEST_STEP][PASSED] - verifyEqual(No_lifetemplate, "5"): Actual object '5' and expected object '5' are equal

2022-06-09 21:47:44 - [MESSAGE][PASSED] - Actual object '5' and expected object '5' are equal

2022-06-09 21:47:44 - [TEST_STEP][PASSED] - I.VerifyMatchText("//*[@id="select2-lfc_tpl7-container"]", "LSS Lifecycle (3)"): Actual text 'LSS Lifecycle (3)' and expected text 'LSS Lifecycle (3)' are matched 

2022-06-09 21:47:44 - [MESSAGE][PASSED] - Text of object 'Object Repository/1. Constant/xpath' is: 'LSS Lifecycle (3)'

2022-06-09 21:47:45 - [MESSAGE][PASSED] - Delayed 1 second(s)

2022-06-09 21:47:45 - [MESSAGE][PASSED] - Actual text 'LSS Lifecycle (3)' and expected text 'LSS Lifecycle (3)' are matched 

2022-06-09 21:47:45 - [TEST_STEP][PASSED] - click(findTestObject("1. Constant/xpath", ["xpath":"//*[@id="btn_submit_duplication"]"])): Object: 'Object Repository/1. Constant/xpath' is clicked on

2022-06-09 21:47:59 - [MESSAGE][PASSED] - Object: 'Object Repository/1. Constant/xpath' is clicked on

2022-06-09 21:47:59 - [TEST_STEP][PASSED] - delay(1): Delayed 1 second(s)

2022-06-09 21:48:00 - [MESSAGE][PASSED] - Delayed 1 second(s)

2022-06-09 21:48:00 - [TEST_STEP][PASSED] - Project_No2 = I.ProjectNo(): Current window's url is: 'http://mdb-release.diadeis.lan/MediaboxIndependence/Base/ExecAction?IDSession=MBI%21RELTESTAUTO_NPP%21ZXPR84W7VB36BCG2GW5GB2EMOJG9ZLC2EM2W6SPP&default_action=ModifierProjet&id_project=MI001072'

2022-06-09 21:48:05 - [MESSAGE][PASSED] - Delayed 5 second(s)

2022-06-09 21:48:05 - [MESSAGE][PASSED] - Current window's url is: 'http://mdb-release.diadeis.lan/MediaboxIndependence/Base/ExecAction?IDSession=MBI%21RELTESTAUTO_NPP%21ZXPR84W7VB36BCG2GW5GB2EMOJG9ZLC2EM2W6SPP&default_action=ModifierProjet&id_project=MI001072'

2022-06-09 21:48:05 - [TEST_STEP][PASSED] - I.print(Project_No2): null

2022-06-09 21:48:05 - [TEST_STEP][PASSED] - LSSNumber_name = "TC20.07_AutoTest_Npp_Duplication_NewProj_" + RandomStringUtils.randomAlphanumeric(3) + "_" + I.gettimedate(): null

2022-06-09 21:48:05 - [TEST_STEP][PASSED] - setText(findTestObject("1. Constant/xpath", ["xpath":"//*[@id="var_70"]"]), LSSNumber_name): Text 'TC20.07_AutoTest_Npp_Duplication_NewProj_g0x_juin092022_214805' is set on object 'Object Repository/1. Constant/xpath'

2022-06-09 21:48:06 - [MESSAGE][PASSED] - Text 'TC20.07_AutoTest_Npp_Duplication_NewProj_g0x_juin092022_214805' is set on object 'Object Repository/1. Constant/xpath'

2022-06-09 21:48:06 - [TEST_STEP][PASSED] - click(findTestObject("1. Constant/xpath", ["xpath":"//*[@id="ModifFiche"]/div[1]/div/button"])): Object: 'Object Repository/1. Constant/xpath' is clicked on

2022-06-09 21:48:12 - [MESSAGE][PASSED] - Object: 'Object Repository/1. Constant/xpath' is clicked on

2022-06-09 21:48:12 - [TEST_STEP][PASSED] - delay(1): Delayed 1 second(s)

2022-06-09 21:48:13 - [MESSAGE][PASSED] - Delayed 1 second(s)

2022-06-09 21:48:13 - [TEST_STEP][PASSED] - click(findTestObject("1. Constant/xpath", ["xpath":"//*[@id="card_project"]/div[2]/div/div[3]/a[3]"])): Object: 'Object Repository/1. Constant/xpath' is clicked on

2022-06-09 21:48:17 - [MESSAGE][PASSED] - Object: 'Object Repository/1. Constant/xpath' is clicked on

2022-06-09 21:48:17 - [TEST_STEP][PASSED] - delay(1): Delayed 1 second(s)

2022-06-09 21:48:18 - [MESSAGE][PASSED] - Delayed 1 second(s)

2022-06-09 21:48:18 - [TEST_STEP][PASSED] - I.VerifyMatchText("//*[@id="var_107"]", "Litter"): Actual text 'Litter' and expected text 'Litter' are matched 

2022-06-09 21:48:18 - [MESSAGE][PASSED] - Text of object 'Object Repository/1. Constant/xpath' is: 'Litter'

2022-06-09 21:48:19 - [MESSAGE][PASSED] - Delayed 1 second(s)

2022-06-09 21:48:19 - [MESSAGE][PASSED] - Actual text 'Litter' and expected text 'Litter' are matched 

2022-06-09 21:48:19 - [TEST_STEP][PASSED] - I.VerifyMatchText("//*[@id="var_108"]", "Corn"): Actual text 'Corn' and expected text 'Corn' are matched 

2022-06-09 21:48:19 - [MESSAGE][PASSED] - Text of object 'Object Repository/1. Constant/xpath' is: 'Corn'

2022-06-09 21:48:20 - [MESSAGE][PASSED] - Delayed 1 second(s)

2022-06-09 21:48:20 - [MESSAGE][PASSED] - Actual text 'Corn' and expected text 'Corn' are matched 

2022-06-09 21:48:20 - [TEST_STEP][PASSED] - I.VerifyMatchText("//*[@id="var_110"]", "Variety test"): Actual text 'Variety test' and expected text 'Variety test' are matched 

2022-06-09 21:48:21 - [MESSAGE][PASSED] - Text of object 'Object Repository/1. Constant/xpath' is: 'Variety test'

2022-06-09 21:48:22 - [MESSAGE][PASSED] - Delayed 1 second(s)

2022-06-09 21:48:22 - [MESSAGE][PASSED] - Actual text 'Variety test' and expected text 'Variety test' are matched 

2022-06-09 21:48:22 - [TEST_STEP][PASSED] - I.VerifyMatchText("//*[@id="var_133"]", "Alternative Format code test"): Actual text 'Alternative Format code test' and expected text 'Alternative Format code test' are matched 

2022-06-09 21:48:22 - [MESSAGE][PASSED] - Text of object 'Object Repository/1. Constant/xpath' is: 'Alternative Format code test'

2022-06-09 21:48:23 - [MESSAGE][PASSED] - Delayed 1 second(s)

2022-06-09 21:48:23 - [MESSAGE][PASSED] - Actual text 'Alternative Format code test' and expected text 'Alternative Format code test' are matched 

2022-06-09 21:48:23 - [TEST_STEP][PASSED] - I.VerifyMatchText("//*[@id="var_65"]", "FORMAT Product designation test"): Actual text 'FORMAT Product designation test' and expected text 'FORMAT Product designation test' are matched 

2022-06-09 21:48:23 - [MESSAGE][PASSED] - Text of object 'Object Repository/1. Constant/xpath' is: 'FORMAT Product designation test'

2022-06-09 21:48:24 - [MESSAGE][PASSED] - Delayed 1 second(s)

2022-06-09 21:48:24 - [MESSAGE][PASSED] - Actual text 'FORMAT Product designation test' and expected text 'FORMAT Product designation test' are matched 

2022-06-09 21:48:24 - [TEST_STEP][PASSED] - I.VerifyMatchText("//*[@id="var_91"]", "HIP"): Actual text 'HIP' and expected text 'HIP' are matched 

2022-06-09 21:48:24 - [MESSAGE][PASSED] - Text of object 'Object Repository/1. Constant/xpath' is: 'HIP'

2022-06-09 21:48:25 - [MESSAGE][PASSED] - Delayed 1 second(s)

2022-06-09 21:48:25 - [MESSAGE][PASSED] - Actual text 'HIP' and expected text 'HIP' are matched 

2022-06-09 21:48:25 - [TEST_STEP][PASSED] - I.VerifyMatchText("//*[@id="var_71"]", "25/08/2021"): Actual text '25/08/2021' and expected text '25/08/2021' are matched 

2022-06-09 21:48:25 - [MESSAGE][PASSED] - Text of object 'Object Repository/1. Constant/xpath' is: '25/08/2021'

2022-06-09 21:48:26 - [MESSAGE][PASSED] - Delayed 1 second(s)

2022-06-09 21:48:26 - [MESSAGE][PASSED] - Actual text '25/08/2021' and expected text '25/08/2021' are matched 

2022-06-09 21:48:26 - [TEST_STEP][PASSED] - I.VerifyMatchText("//*[@id="var_89"]", "Project Information - Comments"): Actual text 'Project Information - Comments' and expected text 'Project Information - Comments' are matched 

2022-06-09 21:48:27 - [MESSAGE][PASSED] - Text of object 'Object Repository/1. Constant/xpath' is: 'Project Information - Comments'

2022-06-09 21:48:28 - [MESSAGE][PASSED] - Delayed 1 second(s)

2022-06-09 21:48:28 - [MESSAGE][PASSED] - Actual text 'Project Information - Comments' and expected text 'Project Information - Comments' are matched 

2022-06-09 21:48:28 - [TEST_STEP][PASSED] - I.VerifyMatchText("//*[@id="var_93"]", "Reason for change test"): Actual text 'Reason for change test' and expected text 'Reason for change test' are matched 

2022-06-09 21:48:28 - [MESSAGE][PASSED] - Text of object 'Object Repository/1. Constant/xpath' is: 'Reason for change test'

2022-06-09 21:48:29 - [MESSAGE][PASSED] - Delayed 1 second(s)

2022-06-09 21:48:29 - [MESSAGE][PASSED] - Actual text 'Reason for change test' and expected text 'Reason for change test' are matched 

2022-06-09 21:48:29 - [TEST_STEP][PASSED] - I.VerifyMatchText("//*[@id="var_54"]", "Tidy Cat"): Actual text 'Tidy Cat' and expected text 'Tidy Cat' are matched 

2022-06-09 21:48:29 - [MESSAGE][PASSED] - Text of object 'Object Repository/1. Constant/xpath' is: 'Tidy Cat'

2022-06-09 21:48:30 - [MESSAGE][PASSED] - Delayed 1 second(s)

2022-06-09 21:48:30 - [MESSAGE][PASSED] - Actual text 'Tidy Cat' and expected text 'Tidy Cat' are matched 

2022-06-09 21:48:30 - [TEST_STEP][PASSED] - I.VerifyMatchText("//*[@id="var_106"]", "Tidy Cat - CRYSTALS BLEND"): Actual text 'Tidy Cat - CRYSTALS BLEND' and expected text 'Tidy Cat - CRYSTALS BLEND' are matched 

2022-06-09 21:48:30 - [MESSAGE][PASSED] - Text of object 'Object Repository/1. Constant/xpath' is: 'Tidy Cat - CRYSTALS BLEND'

2022-06-09 21:48:31 - [MESSAGE][PASSED] - Delayed 1 second(s)

2022-06-09 21:48:31 - [MESSAGE][PASSED] - Actual text 'Tidy Cat - CRYSTALS BLEND' and expected text 'Tidy Cat - CRYSTALS BLEND' are matched 

2022-06-09 21:48:31 - [TEST_STEP][PASSED] - I.VerifyMatchText("//*[@id="var_92"]", "Premium"): Actual text 'Premium' and expected text 'Premium' are matched 

2022-06-09 21:48:31 - [MESSAGE][PASSED] - Text of object 'Object Repository/1. Constant/xpath' is: 'Premium'

2022-06-09 21:48:32 - [MESSAGE][PASSED] - Delayed 1 second(s)

2022-06-09 21:48:32 - [MESSAGE][PASSED] - Actual text 'Premium' and expected text 'Premium' are matched 

2022-06-09 21:48:32 - [TEST_STEP][PASSED] - I.VerifyMatchText("//*[@id="var_88"]", "Superfood"): Actual text 'Superfood' and expected text 'Superfood' are matched 

2022-06-09 21:48:33 - [MESSAGE][PASSED] - Text of object 'Object Repository/1. Constant/xpath' is: 'Superfood'

2022-06-09 21:48:34 - [MESSAGE][PASSED] - Delayed 1 second(s)

2022-06-09 21:48:34 - [MESSAGE][PASSED] - Actual text 'Superfood' and expected text 'Superfood' are matched 

2022-06-09 21:48:34 - [TEST_STEP][PASSED] - I.VerifyMatchText("//*[@id="var_86"]", "No color"): Actual text 'No color' and expected text 'No color' are matched 

2022-06-09 21:48:34 - [MESSAGE][PASSED] - Text of object 'Object Repository/1. Constant/xpath' is: 'No color'

2022-06-09 21:48:35 - [MESSAGE][PASSED] - Delayed 1 second(s)

2022-06-09 21:48:35 - [MESSAGE][PASSED] - Actual text 'No color' and expected text 'No color' are matched 

2022-06-09 21:48:35 - [TEST_STEP][PASSED] - I.VerifyMatchText("//*[@id="var_57"]", "Not applicable"): Actual text 'Not applicable' and expected text 'Not applicable' are matched 

2022-06-09 21:48:35 - [MESSAGE][PASSED] - Text of object 'Object Repository/1. Constant/xpath' is: 'Not applicable'

2022-06-09 21:48:36 - [MESSAGE][PASSED] - Delayed 1 second(s)

2022-06-09 21:48:36 - [MESSAGE][PASSED] - Actual text 'Not applicable' and expected text 'Not applicable' are matched 

2022-06-09 21:48:36 - [TEST_STEP][PASSED] - I.VerifyMatchText("//*[@id="var_87"]", "Yes"): Actual text 'Yes' and expected text 'Yes' are matched 

2022-06-09 21:48:36 - [MESSAGE][PASSED] - Text of object 'Object Repository/1. Constant/xpath' is: 'Yes'

2022-06-09 21:48:37 - [MESSAGE][PASSED] - Delayed 1 second(s)

2022-06-09 21:48:37 - [MESSAGE][PASSED] - Actual text 'Yes' and expected text 'Yes' are matched 

2022-06-09 21:48:37 - [TEST_STEP][PASSED] - I.VerifyMatchText("//*[@id="var_109"]", "Complete"): Actual text 'Complete' and expected text 'Complete' are matched 

2022-06-09 21:48:39 - [MESSAGE][PASSED] - Text of object 'Object Repository/1. Constant/xpath' is: 'Complete'

2022-06-09 21:48:40 - [MESSAGE][PASSED] - Delayed 1 second(s)

2022-06-09 21:48:40 - [MESSAGE][PASSED] - Actual text 'Complete' and expected text 'Complete' are matched 

2022-06-09 21:48:40 - [TEST_STEP][PASSED] - I.VerifyMatchText("//*[@id="var_52"]", "Dogs & Cats"): Actual text 'Dogs & Cats' and expected text 'Dogs & Cats' are matched 

2022-06-09 21:48:40 - [MESSAGE][PASSED] - Text of object 'Object Repository/1. Constant/xpath' is: 'Dogs & Cats'

2022-06-09 21:48:41 - [MESSAGE][PASSED] - Delayed 1 second(s)

2022-06-09 21:48:41 - [MESSAGE][PASSED] - Actual text 'Dogs & Cats' and expected text 'Dogs & Cats' are matched 

2022-06-09 21:48:41 - [TEST_STEP][PASSED] - I.VerifyMatchText("//*[@id="var_67"]", "Tidy Cat - Adult"): Actual text 'Tidy Cat - Adult' and expected text 'Tidy Cat - Adult' are matched 

2022-06-09 21:48:41 - [MESSAGE][PASSED] - Text of object 'Object Repository/1. Constant/xpath' is: 'Tidy Cat - Adult'

2022-06-09 21:48:42 - [MESSAGE][PASSED] - Delayed 1 second(s)

2022-06-09 21:48:42 - [MESSAGE][PASSED] - Actual text 'Tidy Cat - Adult' and expected text 'Tidy Cat - Adult' are matched 

2022-06-09 21:48:42 - [TEST_STEP][PASSED] - I.VerifyMatchText("//*[@id="var_140"]", "Light"): Actual text 'Light' and expected text 'Light' are matched 

2022-06-09 21:48:43 - [MESSAGE][PASSED] - Text of object 'Object Repository/1. Constant/xpath' is: 'Light'

2022-06-09 21:48:44 - [MESSAGE][PASSED] - Delayed 1 second(s)

2022-06-09 21:48:44 - [MESSAGE][PASSED] - Actual text 'Light' and expected text 'Light' are matched 

2022-06-09 21:48:44 - [TEST_STEP][PASSED] - I.VerifyMatchText("//*[@id="var_51"]", "All"): Actual text 'All' and expected text 'All' are matched 

2022-06-09 21:48:45 - [MESSAGE][PASSED] - Text of object 'Object Repository/1. Constant/xpath' is: 'All'

2022-06-09 21:48:46 - [MESSAGE][PASSED] - Delayed 1 second(s)

2022-06-09 21:48:46 - [MESSAGE][PASSED] - Actual text 'All' and expected text 'All' are matched 

2022-06-09 21:48:46 - [TEST_STEP][PASSED] - I.VerifyMatchText("//*[@id="var_50"]", "Active"): Actual text 'Active' and expected text 'Active' are matched 

2022-06-09 21:48:46 - [MESSAGE][PASSED] - Text of object 'Object Repository/1. Constant/xpath' is: 'Active'

2022-06-09 21:48:47 - [MESSAGE][PASSED] - Delayed 1 second(s)

2022-06-09 21:48:47 - [MESSAGE][PASSED] - Actual text 'Active' and expected text 'Active' are matched 

2022-06-09 21:48:47 - [TEST_STEP][PASSED] - I.VerifyMatchText("//*[@id="var_64"]", "FR DC SPI Ham" + "
" + "FR PL Montfort"): Actual text 'FR DC SPI Ham
FR PL Montfort' and expected text 'FR DC SPI Ham
FR PL Montfort' are matched 

2022-06-09 21:48:48 - [MESSAGE][PASSED] - Text of object 'Object Repository/1. Constant/xpath' is: 'FR DC SPI Ham
FR PL Montfort'

2022-06-09 21:48:49 - [MESSAGE][PASSED] - Delayed 1 second(s)

2022-06-09 21:48:49 - [MESSAGE][PASSED] - Actual text 'FR DC SPI Ham
FR PL Montfort' and expected text 'FR DC SPI Ham
FR PL Montfort' are matched 

2022-06-09 21:48:49 - [TEST_STEP][PASSED] - I.VerifyMatchText("//*[@id="var_53"]", "FR DC SPI Ham"): Actual text 'FR DC SPI Ham' and expected text 'FR DC SPI Ham' are matched 

2022-06-09 21:48:49 - [MESSAGE][PASSED] - Text of object 'Object Repository/1. Constant/xpath' is: 'FR DC SPI Ham'

2022-06-09 21:48:50 - [MESSAGE][PASSED] - Delayed 1 second(s)

2022-06-09 21:48:50 - [MESSAGE][PASSED] - Actual text 'FR DC SPI Ham' and expected text 'FR DC SPI Ham' are matched 

2022-06-09 21:48:50 - [TEST_STEP][PASSED] - I.VerifyMatchText("//*[@id="var_58"]", "Animal Lovers"): Actual text 'Animal Lovers' and expected text 'Animal Lovers' are matched 

2022-06-09 21:48:50 - [MESSAGE][PASSED] - Text of object 'Object Repository/1. Constant/xpath' is: 'Animal Lovers'

2022-06-09 21:48:51 - [MESSAGE][PASSED] - Delayed 1 second(s)

2022-06-09 21:48:51 - [MESSAGE][PASSED] - Actual text 'Animal Lovers' and expected text 'Animal Lovers' are matched 

2022-06-09 21:48:51 - [TEST_STEP][PASSED] - I.VerifyMatchText("//*[@id="var_59"]", "Deuerer"): Actual text 'Deuerer' and expected text 'Deuerer' are matched 

2022-06-09 21:48:52 - [MESSAGE][PASSED] - Text of object 'Object Repository/1. Constant/xpath' is: 'Deuerer'

2022-06-09 21:48:53 - [MESSAGE][PASSED] - Delayed 1 second(s)

2022-06-09 21:48:53 - [MESSAGE][PASSED] - Actual text 'Deuerer' and expected text 'Deuerer' are matched 

2022-06-09 21:48:53 - [TEST_STEP][PASSED] - I.VerifyMatchText("//*[@id="var_73"]", "Mousse"): Actual text 'Mousse' and expected text 'Mousse' are matched 

2022-06-09 21:48:54 - [MESSAGE][PASSED] - Text of object 'Object Repository/1. Constant/xpath' is: 'Mousse'

2022-06-09 21:48:55 - [MESSAGE][PASSED] - Delayed 1 second(s)

2022-06-09 21:48:55 - [MESSAGE][PASSED] - Actual text 'Mousse' and expected text 'Mousse' are matched 

2022-06-09 21:48:55 - [TEST_STEP][PASSED] - I.VerifyMatchText("//*[@id="var_66"]", "No"): Actual text 'No' and expected text 'No' are matched 

2022-06-09 21:48:55 - [MESSAGE][PASSED] - Text of object 'Object Repository/1. Constant/xpath' is: 'No'

2022-06-09 21:48:56 - [MESSAGE][PASSED] - Delayed 1 second(s)

2022-06-09 21:48:56 - [MESSAGE][PASSED] - Actual text 'No' and expected text 'No' are matched 

2022-06-09 21:48:56 - [TEST_STEP][PASSED] - I.VerifyMatchText("//*[@id="var_142"]", "No"): Actual text 'No' and expected text 'No' are matched 

2022-06-09 21:48:56 - [MESSAGE][PASSED] - Text of object 'Object Repository/1. Constant/xpath' is: 'No'

2022-06-09 21:48:57 - [MESSAGE][PASSED] - Delayed 1 second(s)

2022-06-09 21:48:57 - [MESSAGE][PASSED] - Actual text 'No' and expected text 'No' are matched 

2022-06-09 21:48:57 - [TEST_STEP][PASSED] - I.VerifyMatchText("//*[@id="var_143"]", "No"): Actual text 'No' and expected text 'No' are matched 

2022-06-09 21:48:57 - [MESSAGE][PASSED] - Text of object 'Object Repository/1. Constant/xpath' is: 'No'

2022-06-09 21:48:58 - [MESSAGE][PASSED] - Delayed 1 second(s)

2022-06-09 21:48:58 - [MESSAGE][PASSED] - Actual text 'No' and expected text 'No' are matched 

2022-06-09 21:48:58 - [TEST_STEP][PASSED] - I.VerifyMatchText("//*[@id="var_119"]", "LATAM"): Actual text 'LATAM' and expected text 'LATAM' are matched 

2022-06-09 21:48:59 - [MESSAGE][PASSED] - Text of object 'Object Repository/1. Constant/xpath' is: 'LATAM'

2022-06-09 21:49:00 - [MESSAGE][PASSED] - Delayed 1 second(s)

2022-06-09 21:49:00 - [MESSAGE][PASSED] - Actual text 'LATAM' and expected text 'LATAM' are matched 

2022-06-09 21:49:00 - [TEST_STEP][PASSED] - click(findTestObject("1. Constant/xpath", ["xpath":"//*[@id="kt_subheader"]/div/nav/ol/li[2]/a"])): Object: 'Object Repository/1. Constant/xpath' is clicked on

2022-06-09 21:49:02 - [MESSAGE][PASSED] - Object: 'Object Repository/1. Constant/xpath' is clicked on

2022-06-09 21:49:02 - [TEST_STEP][PASSED] - I.VerifyMatchText("//*[@id="kt_content"]/div[3]/div/div[2]/div[1]/div[1]/h1/span", "1"): Actual text '1' and expected text '1' are matched 

2022-06-09 21:49:03 - [MESSAGE][PASSED] - Text of object 'Object Repository/1. Constant/xpath' is: '1'

2022-06-09 21:49:04 - [MESSAGE][PASSED] - Delayed 1 second(s)

2022-06-09 21:49:04 - [MESSAGE][PASSED] - Actual text '1' and expected text '1' are matched 

2022-06-09 21:49:04 - [TEST_STEP][PASSED] - click(findTestObject("1. Constant/xpath", ["xpath":"//*[@id="fiches"]/table/tbody/tr/td[5]/a"])): Object: 'Object Repository/1. Constant/xpath' is clicked on

2022-06-09 21:49:09 - [MESSAGE][PASSED] - Object: 'Object Repository/1. Constant/xpath' is clicked on

2022-06-09 21:49:09 - [TEST_STEP][PASSED] - delay(1): Delayed 1 second(s)

2022-06-09 21:49:10 - [MESSAGE][PASSED] - Delayed 1 second(s)

2022-06-09 21:49:10 - [TEST_STEP][PASSED] - refID2 = I.RefID_Npp(): Current window's url is: 'http://mdb-release.diadeis.lan/MediaboxIndependence/Base/ExecAction?action=VoirRef&IDSession=MBI!RELTESTAUTO_NPP!ZXPR84W7VB36BCG2GW5GB2EMOJG9ZLC2EM2W6SPP&num=CSNZLSAMZL&id_ref=1058033'

2022-06-09 21:49:15 - [MESSAGE][PASSED] - Delayed 5 second(s)

2022-06-09 21:49:15 - [MESSAGE][PASSED] - Current window's url is: 'http://mdb-release.diadeis.lan/MediaboxIndependence/Base/ExecAction?action=VoirRef&IDSession=MBI!RELTESTAUTO_NPP!ZXPR84W7VB36BCG2GW5GB2EMOJG9ZLC2EM2W6SPP&num=CSNZLSAMZL&id_ref=1058033'

2022-06-09 21:49:15 - [TEST_STEP][PASSED] - click(findTestObject("1. Constant/xpath", ["xpath":"//*[@id="aff_full_brief"]"])): Object: 'Object Repository/1. Constant/xpath' is clicked on

2022-06-09 21:49:19 - [MESSAGE][PASSED] - Object: 'Object Repository/1. Constant/xpath' is clicked on

2022-06-09 21:49:19 - [TEST_STEP][PASSED] - delay(1): Delayed 1 second(s)

2022-06-09 21:49:20 - [MESSAGE][PASSED] - Delayed 1 second(s)

2022-06-09 21:49:20 - [TEST_STEP][PASSED] - I.VerifyMatchText("//*[@id="var_107"]", "Litter"): Actual text 'Litter' and expected text 'Litter' are matched 

2022-06-09 21:49:21 - [MESSAGE][PASSED] - Text of object 'Object Repository/1. Constant/xpath' is: 'Litter'

2022-06-09 21:49:22 - [MESSAGE][PASSED] - Delayed 1 second(s)

2022-06-09 21:49:22 - [MESSAGE][PASSED] - Actual text 'Litter' and expected text 'Litter' are matched 

2022-06-09 21:49:22 - [TEST_STEP][PASSED] - I.VerifyMatchText("//*[@id="var_108"]", "Clumping clay" + "
" + "Corn"): Actual text 'Clumping clay
Corn' and expected text 'Clumping clay
Corn' are matched 

2022-06-09 21:49:22 - [MESSAGE][PASSED] - Text of object 'Object Repository/1. Constant/xpath' is: 'Clumping clay
Corn'

2022-06-09 21:49:23 - [MESSAGE][PASSED] - Delayed 1 second(s)

2022-06-09 21:49:23 - [MESSAGE][PASSED] - Actual text 'Clumping clay
Corn' and expected text 'Clumping clay
Corn' are matched 

2022-06-09 21:49:23 - [TEST_STEP][PASSED] - I.VerifyMatchText("//*[@id="var_110"]", "Variety test"): Actual text 'Variety test' and expected text 'Variety test' are matched 

2022-06-09 21:49:23 - [MESSAGE][PASSED] - Text of object 'Object Repository/1. Constant/xpath' is: 'Variety test'

2022-06-09 21:49:24 - [MESSAGE][PASSED] - Delayed 1 second(s)

2022-06-09 21:49:24 - [MESSAGE][PASSED] - Actual text 'Variety test' and expected text 'Variety test' are matched 

2022-06-09 21:49:24 - [TEST_STEP][PASSED] - I.VerifyMatchText("//*[@id="var_133"]", "Alternative Format code test"): Actual text 'Alternative Format code test' and expected text 'Alternative Format code test' are matched 

2022-06-09 21:49:24 - [MESSAGE][PASSED] - Text of object 'Object Repository/1. Constant/xpath' is: 'Alternative Format code test'

2022-06-09 21:49:25 - [MESSAGE][PASSED] - Delayed 1 second(s)

2022-06-09 21:49:25 - [MESSAGE][PASSED] - Actual text 'Alternative Format code test' and expected text 'Alternative Format code test' are matched 

2022-06-09 21:49:25 - [TEST_STEP][PASSED] - I.VerifyMatchText("//*[@id="var_65"]", "FORMAT Product designation test"): Actual text 'FORMAT Product designation test' and expected text 'FORMAT Product designation test' are matched 

2022-06-09 21:49:25 - [MESSAGE][PASSED] - Text of object 'Object Repository/1. Constant/xpath' is: 'FORMAT Product designation test'

2022-06-09 21:49:26 - [MESSAGE][PASSED] - Delayed 1 second(s)

2022-06-09 21:49:26 - [MESSAGE][PASSED] - Actual text 'FORMAT Product designation test' and expected text 'FORMAT Product designation test' are matched 

2022-06-09 21:49:26 - [TEST_STEP][PASSED] - I.VerifyMatchText("//*[@id="var_103"]", "SAP Designation test > https://www.google.com/"): Actual text 'SAP Designation test > https://www.google.com/' and expected text 'SAP Designation test > https://www.google.com/' are matched 

2022-06-09 21:49:28 - [MESSAGE][PASSED] - Text of object 'Object Repository/1. Constant/xpath' is: 'SAP Designation test > https://www.google.com/'

2022-06-09 21:49:29 - [MESSAGE][PASSED] - Delayed 1 second(s)

2022-06-09 21:49:29 - [MESSAGE][PASSED] - Actual text 'SAP Designation test > https://www.google.com/' and expected text 'SAP Designation test > https://www.google.com/' are matched 

2022-06-09 21:49:29 - [TEST_STEP][PASSED] - I.VerifyMatchText("//*[@id="var_139"]", "Claim Substantiation Project Link > https://www.google.com/"): Actual text 'Claim Substantiation Project Link > https://www.google.com/' and expected text 'Claim Substantiation Project Link > https://www.google.com/' are matched 

2022-06-09 21:49:29 - [MESSAGE][PASSED] - Text of object 'Object Repository/1. Constant/xpath' is: 'Claim Substantiation Project Link > https://www.google.com/'

2022-06-09 21:49:30 - [MESSAGE][PASSED] - Delayed 1 second(s)

2022-06-09 21:49:30 - [MESSAGE][PASSED] - Actual text 'Claim Substantiation Project Link > https://www.google.com/' and expected text 'Claim Substantiation Project Link > https://www.google.com/' are matched 

2022-06-09 21:49:30 - [TEST_STEP][PASSED] - I.VerifyMatchText("//*[@id="var_160"]", "Grading standard link > test"): Actual text 'Grading standard link > test' and expected text 'Grading standard link > test' are matched 

2022-06-09 21:49:31 - [MESSAGE][PASSED] - Text of object 'Object Repository/1. Constant/xpath' is: 'Grading standard link > test'

2022-06-09 21:49:32 - [MESSAGE][PASSED] - Delayed 1 second(s)

2022-06-09 21:49:32 - [MESSAGE][PASSED] - Actual text 'Grading standard link > test' and expected text 'Grading standard link > test' are matched 

2022-06-09 21:49:32 - [TEST_STEP][PASSED] - I.VerifyMatchText("//*[@id="var_62"]", "DPET > test"): Actual text 'DPET > test' and expected text 'DPET > test' are matched 

2022-06-09 21:49:32 - [MESSAGE][PASSED] - Text of object 'Object Repository/1. Constant/xpath' is: 'DPET > test'

2022-06-09 21:49:33 - [MESSAGE][PASSED] - Delayed 1 second(s)

2022-06-09 21:49:33 - [MESSAGE][PASSED] - Actual text 'DPET > test' and expected text 'DPET > test' are matched 

2022-06-09 21:49:33 - [TEST_STEP][PASSED] - I.VerifyMatchText("//*[@id="var_90"]", "Project name > test"): Actual text 'Project name > test' and expected text 'Project name > test' are matched 

2022-06-09 21:49:33 - [MESSAGE][PASSED] - Text of object 'Object Repository/1. Constant/xpath' is: 'Project name > test'

2022-06-09 21:49:34 - [MESSAGE][PASSED] - Delayed 1 second(s)

2022-06-09 21:49:34 - [MESSAGE][PASSED] - Actual text 'Project name > test' and expected text 'Project name > test' are matched 

2022-06-09 21:49:34 - [TEST_STEP][PASSED] - I.VerifyMatchText("//*[@id="var_91"]", "HIP"): Actual text 'HIP' and expected text 'HIP' are matched 

2022-06-09 21:49:35 - [MESSAGE][PASSED] - Text of object 'Object Repository/1. Constant/xpath' is: 'HIP'

2022-06-09 21:49:36 - [MESSAGE][PASSED] - Delayed 1 second(s)

2022-06-09 21:49:36 - [MESSAGE][PASSED] - Actual text 'HIP' and expected text 'HIP' are matched 

2022-06-09 21:49:36 - [TEST_STEP][PASSED] - I.VerifyMatchText("//*[@id="var_71"]", "25/08/2021"): Actual text '25/08/2021' and expected text '25/08/2021' are matched 

2022-06-09 21:49:36 - [MESSAGE][PASSED] - Text of object 'Object Repository/1. Constant/xpath' is: '25/08/2021'

2022-06-09 21:49:37 - [MESSAGE][PASSED] - Delayed 1 second(s)

2022-06-09 21:49:37 - [MESSAGE][PASSED] - Actual text '25/08/2021' and expected text '25/08/2021' are matched 

2022-06-09 21:49:37 - [TEST_STEP][PASSED] - I.VerifyMatchText("//*[@id="var_72"]", "01/12/2021"): Actual text '01/12/2021' and expected text '01/12/2021' are matched 

2022-06-09 21:49:38 - [MESSAGE][PASSED] - Text of object 'Object Repository/1. Constant/xpath' is: '01/12/2021'

2022-06-09 21:49:39 - [MESSAGE][PASSED] - Delayed 1 second(s)

2022-06-09 21:49:39 - [MESSAGE][PASSED] - Actual text '01/12/2021' and expected text '01/12/2021' are matched 

2022-06-09 21:49:39 - [TEST_STEP][PASSED] - I.VerifyMatchText("//*[@id="var_116"]", "01/12/2021"): Actual text '01/12/2021' and expected text '01/12/2021' are matched 

2022-06-09 21:49:39 - [MESSAGE][PASSED] - Text of object 'Object Repository/1. Constant/xpath' is: '01/12/2021'

2022-06-09 21:49:40 - [MESSAGE][PASSED] - Delayed 1 second(s)

2022-06-09 21:49:40 - [MESSAGE][PASSED] - Actual text '01/12/2021' and expected text '01/12/2021' are matched 

2022-06-09 21:49:40 - [TEST_STEP][PASSED] - I.VerifyMatchText("//*[@id="var_89"]", "Project Information - Comments"): Actual text 'Project Information - Comments' and expected text 'Project Information - Comments' are matched 

2022-06-09 21:49:40 - [MESSAGE][PASSED] - Text of object 'Object Repository/1. Constant/xpath' is: 'Project Information - Comments'

2022-06-09 21:49:41 - [MESSAGE][PASSED] - Delayed 1 second(s)

2022-06-09 21:49:41 - [MESSAGE][PASSED] - Actual text 'Project Information - Comments' and expected text 'Project Information - Comments' are matched 

2022-06-09 21:49:41 - [TEST_STEP][PASSED] - I.VerifyMatchText("//*[@id="var_93"]", "Reason for change test"): Actual text 'Reason for change test' and expected text 'Reason for change test' are matched 

2022-06-09 21:49:41 - [MESSAGE][PASSED] - Text of object 'Object Repository/1. Constant/xpath' is: 'Reason for change test'

2022-06-09 21:49:42 - [MESSAGE][PASSED] - Delayed 1 second(s)

2022-06-09 21:49:42 - [MESSAGE][PASSED] - Actual text 'Reason for change test' and expected text 'Reason for change test' are matched 

2022-06-09 21:49:42 - [TEST_STEP][PASSED] - I.VerifyMatchText("//*[@id="var_54"]", "Tidy Cat"): Actual text 'Tidy Cat' and expected text 'Tidy Cat' are matched 

2022-06-09 21:49:43 - [MESSAGE][PASSED] - Text of object 'Object Repository/1. Constant/xpath' is: 'Tidy Cat'

2022-06-09 21:49:44 - [MESSAGE][PASSED] - Delayed 1 second(s)

2022-06-09 21:49:44 - [MESSAGE][PASSED] - Actual text 'Tidy Cat' and expected text 'Tidy Cat' are matched 

2022-06-09 21:49:44 - [TEST_STEP][PASSED] - I.VerifyMatchText("//*[@id="var_106"]", "Tidy Cat - CRYSTALS BLEND"): Actual text 'Tidy Cat - CRYSTALS BLEND' and expected text 'Tidy Cat - CRYSTALS BLEND' are matched 

2022-06-09 21:49:44 - [MESSAGE][PASSED] - Text of object 'Object Repository/1. Constant/xpath' is: 'Tidy Cat - CRYSTALS BLEND'

2022-06-09 21:49:45 - [MESSAGE][PASSED] - Delayed 1 second(s)

2022-06-09 21:49:45 - [MESSAGE][PASSED] - Actual text 'Tidy Cat - CRYSTALS BLEND' and expected text 'Tidy Cat - CRYSTALS BLEND' are matched 

2022-06-09 21:49:45 - [TEST_STEP][PASSED] - I.VerifyMatchText("//*[@id="var_92"]", "Premium"): Actual text 'Premium' and expected text 'Premium' are matched 

2022-06-09 21:49:46 - [MESSAGE][PASSED] - Text of object 'Object Repository/1. Constant/xpath' is: 'Premium'

2022-06-09 21:49:47 - [MESSAGE][PASSED] - Delayed 1 second(s)

2022-06-09 21:49:47 - [MESSAGE][PASSED] - Actual text 'Premium' and expected text 'Premium' are matched 

2022-06-09 21:49:47 - [TEST_STEP][PASSED] - I.VerifyMatchText("//*[@id="var_88"]", "Superfood"): Actual text 'Superfood' and expected text 'Superfood' are matched 

2022-06-09 21:49:47 - [MESSAGE][PASSED] - Text of object 'Object Repository/1. Constant/xpath' is: 'Superfood'

2022-06-09 21:49:48 - [MESSAGE][PASSED] - Delayed 1 second(s)

2022-06-09 21:49:48 - [MESSAGE][PASSED] - Actual text 'Superfood' and expected text 'Superfood' are matched 

2022-06-09 21:49:48 - [TEST_STEP][PASSED] - I.VerifyMatchText("//*[@id="var_86"]", "No color"): Actual text 'No color' and expected text 'No color' are matched 

2022-06-09 21:49:49 - [MESSAGE][PASSED] - Text of object 'Object Repository/1. Constant/xpath' is: 'No color'

2022-06-09 21:49:50 - [MESSAGE][PASSED] - Delayed 1 second(s)

2022-06-09 21:49:50 - [MESSAGE][PASSED] - Actual text 'No color' and expected text 'No color' are matched 

2022-06-09 21:49:50 - [TEST_STEP][PASSED] - I.VerifyMatchText("//*[@id="var_57"]", "Not applicable"): Actual text 'Not applicable' and expected text 'Not applicable' are matched 

2022-06-09 21:49:50 - [MESSAGE][PASSED] - Text of object 'Object Repository/1. Constant/xpath' is: 'Not applicable'

2022-06-09 21:49:51 - [MESSAGE][PASSED] - Delayed 1 second(s)

2022-06-09 21:49:51 - [MESSAGE][PASSED] - Actual text 'Not applicable' and expected text 'Not applicable' are matched 

2022-06-09 21:49:51 - [TEST_STEP][PASSED] - I.VerifyMatchText("//*[@id="var_87"]", "Yes"): Actual text 'Yes' and expected text 'Yes' are matched 

2022-06-09 21:49:51 - [MESSAGE][PASSED] - Text of object 'Object Repository/1. Constant/xpath' is: 'Yes'

2022-06-09 21:49:52 - [MESSAGE][PASSED] - Delayed 1 second(s)

2022-06-09 21:49:52 - [MESSAGE][PASSED] - Actual text 'Yes' and expected text 'Yes' are matched 

2022-06-09 21:49:52 - [TEST_STEP][PASSED] - I.VerifyMatchText("//*[@id="var_109"]", "Complete"): Actual text 'Complete' and expected text 'Complete' are matched 

2022-06-09 21:49:53 - [MESSAGE][PASSED] - Text of object 'Object Repository/1. Constant/xpath' is: 'Complete'

2022-06-09 21:49:54 - [MESSAGE][PASSED] - Delayed 1 second(s)

2022-06-09 21:49:54 - [MESSAGE][PASSED] - Actual text 'Complete' and expected text 'Complete' are matched 

2022-06-09 21:49:54 - [TEST_STEP][PASSED] - I.VerifyMatchText("//*[@id="var_52"]", "Dogs & Cats"): Actual text 'Dogs & Cats' and expected text 'Dogs & Cats' are matched 

2022-06-09 21:49:55 - [MESSAGE][PASSED] - Text of object 'Object Repository/1. Constant/xpath' is: 'Dogs & Cats'

2022-06-09 21:49:56 - [MESSAGE][PASSED] - Delayed 1 second(s)

2022-06-09 21:49:56 - [MESSAGE][PASSED] - Actual text 'Dogs & Cats' and expected text 'Dogs & Cats' are matched 

2022-06-09 21:49:56 - [TEST_STEP][PASSED] - I.VerifyMatchText("//*[@id="var_67"]", "Tidy Cat - Adult"): Actual text 'Tidy Cat - Adult' and expected text 'Tidy Cat - Adult' are matched 

2022-06-09 21:49:56 - [MESSAGE][PASSED] - Text of object 'Object Repository/1. Constant/xpath' is: 'Tidy Cat - Adult'

2022-06-09 21:49:57 - [MESSAGE][PASSED] - Delayed 1 second(s)

2022-06-09 21:49:57 - [MESSAGE][PASSED] - Actual text 'Tidy Cat - Adult' and expected text 'Tidy Cat - Adult' are matched 

2022-06-09 21:49:57 - [TEST_STEP][PASSED] - I.VerifyMatchText("//*[@id="var_140"]", "Light"): Actual text 'Light' and expected text 'Light' are matched 

2022-06-09 21:49:57 - [MESSAGE][PASSED] - Text of object 'Object Repository/1. Constant/xpath' is: 'Light'

2022-06-09 21:49:58 - [MESSAGE][PASSED] - Delayed 1 second(s)

2022-06-09 21:49:58 - [MESSAGE][PASSED] - Actual text 'Light' and expected text 'Light' are matched 

2022-06-09 21:49:58 - [TEST_STEP][PASSED] - I.VerifyMatchText("//*[@id="var_51"]", "All"): Actual text 'All' and expected text 'All' are matched 

2022-06-09 21:49:58 - [MESSAGE][PASSED] - Text of object 'Object Repository/1. Constant/xpath' is: 'All'

2022-06-09 21:49:59 - [MESSAGE][PASSED] - Delayed 1 second(s)

2022-06-09 21:49:59 - [MESSAGE][PASSED] - Actual text 'All' and expected text 'All' are matched 

2022-06-09 21:49:59 - [TEST_STEP][PASSED] - I.VerifyMatchText("//*[@id="var_50"]", "Active"): Actual text 'Active' and expected text 'Active' are matched 

2022-06-09 21:49:59 - [MESSAGE][PASSED] - Text of object 'Object Repository/1. Constant/xpath' is: 'Active'

2022-06-09 21:50:00 - [MESSAGE][PASSED] - Delayed 1 second(s)

2022-06-09 21:50:00 - [MESSAGE][PASSED] - Actual text 'Active' and expected text 'Active' are matched 

2022-06-09 21:50:00 - [TEST_STEP][PASSED] - I.VerifyMatchText("//*[@id="var_64"]", "FR DC SPI Ham" + "
" + "FR PL Montfort"): Actual text 'FR DC SPI Ham
FR PL Montfort' and expected text 'FR DC SPI Ham
FR PL Montfort' are matched 

2022-06-09 21:50:01 - [MESSAGE][PASSED] - Text of object 'Object Repository/1. Constant/xpath' is: 'FR DC SPI Ham
FR PL Montfort'

2022-06-09 21:50:02 - [MESSAGE][PASSED] - Delayed 1 second(s)

2022-06-09 21:50:02 - [MESSAGE][PASSED] - Actual text 'FR DC SPI Ham
FR PL Montfort' and expected text 'FR DC SPI Ham
FR PL Montfort' are matched 

2022-06-09 21:50:02 - [TEST_STEP][PASSED] - I.VerifyMatchText("//*[@id="var_53"]", "FR DC SPI Ham"): Actual text 'FR DC SPI Ham' and expected text 'FR DC SPI Ham' are matched 

2022-06-09 21:50:03 - [MESSAGE][PASSED] - Text of object 'Object Repository/1. Constant/xpath' is: 'FR DC SPI Ham'

2022-06-09 21:50:04 - [MESSAGE][PASSED] - Delayed 1 second(s)

2022-06-09 21:50:04 - [MESSAGE][PASSED] - Actual text 'FR DC SPI Ham' and expected text 'FR DC SPI Ham' are matched 

2022-06-09 21:50:04 - [TEST_STEP][PASSED] - I.VerifyMatchText("//*[@id="var_58"]", "Animal Lovers"): Actual text 'Animal Lovers' and expected text 'Animal Lovers' are matched 

2022-06-09 21:50:04 - [MESSAGE][PASSED] - Text of object 'Object Repository/1. Constant/xpath' is: 'Animal Lovers'

2022-06-09 21:50:05 - [MESSAGE][PASSED] - Delayed 1 second(s)

2022-06-09 21:50:05 - [MESSAGE][PASSED] - Actual text 'Animal Lovers' and expected text 'Animal Lovers' are matched 

2022-06-09 21:50:05 - [TEST_STEP][PASSED] - I.VerifyMatchText("//*[@id="var_59"]", "Deuerer"): Actual text 'Deuerer' and expected text 'Deuerer' are matched 

2022-06-09 21:50:05 - [MESSAGE][PASSED] - Text of object 'Object Repository/1. Constant/xpath' is: 'Deuerer'

2022-06-09 21:50:06 - [MESSAGE][PASSED] - Delayed 1 second(s)

2022-06-09 21:50:06 - [MESSAGE][PASSED] - Actual text 'Deuerer' and expected text 'Deuerer' are matched 

2022-06-09 21:50:06 - [TEST_STEP][PASSED] - I.VerifyMatchText("//*[@id="var_73"]", "Mousse"): Actual text 'Mousse' and expected text 'Mousse' are matched 

2022-06-09 21:50:06 - [MESSAGE][PASSED] - Text of object 'Object Repository/1. Constant/xpath' is: 'Mousse'

2022-06-09 21:50:07 - [MESSAGE][PASSED] - Delayed 1 second(s)

2022-06-09 21:50:07 - [MESSAGE][PASSED] - Actual text 'Mousse' and expected text 'Mousse' are matched 

2022-06-09 21:50:07 - [TEST_STEP][PASSED] - I.VerifyMatchText("//*[@id="var_85"]", "Anna KIM"): Actual text 'Anna KIM' and expected text 'Anna KIM' are matched 

2022-06-09 21:50:07 - [MESSAGE][PASSED] - Text of object 'Object Repository/1. Constant/xpath' is: 'Anna KIM'

2022-06-09 21:50:08 - [MESSAGE][PASSED] - Delayed 1 second(s)

2022-06-09 21:50:08 - [MESSAGE][PASSED] - Actual text 'Anna KIM' and expected text 'Anna KIM' are matched 

2022-06-09 21:50:08 - [TEST_STEP][PASSED] - I.VerifyMatchText("//*[@id="var_82"]", "AnneLise GAUDIN"): Actual text 'AnneLise GAUDIN' and expected text 'AnneLise GAUDIN' are matched 

2022-06-09 21:50:09 - [MESSAGE][PASSED] - Text of object 'Object Repository/1. Constant/xpath' is: 'AnneLise GAUDIN'

2022-06-09 21:50:10 - [MESSAGE][PASSED] - Delayed 1 second(s)

2022-06-09 21:50:10 - [MESSAGE][PASSED] - Actual text 'AnneLise GAUDIN' and expected text 'AnneLise GAUDIN' are matched 

2022-06-09 21:50:10 - [TEST_STEP][PASSED] - I.VerifyMatchText("//*[@id="var_74"]", "Alexandra FRAPPAZ"): Actual text 'Alexandra FRAPPAZ' and expected text 'Alexandra FRAPPAZ' are matched 

2022-06-09 21:50:11 - [MESSAGE][PASSED] - Text of object 'Object Repository/1. Constant/xpath' is: 'Alexandra FRAPPAZ'

2022-06-09 21:50:12 - [MESSAGE][PASSED] - Delayed 1 second(s)

2022-06-09 21:50:12 - [MESSAGE][PASSED] - Actual text 'Alexandra FRAPPAZ' and expected text 'Alexandra FRAPPAZ' are matched 

2022-06-09 21:50:12 - [TEST_STEP][PASSED] - I.VerifyMatchText("//*[@id="var_168"]", "Anastasiia BRAZHNIKOVA PX" + "
" + "Amelia LARKINS" + "
" + "Camille DEMONCHY"): Actual text 'Anastasiia BRAZHNIKOVA PX
Amelia LARKINS
Camille DEMONCHY' and expected text 'Anastasiia BRAZHNIKOVA PX
Amelia LARKINS
Camille DEMONCHY' are matched 

2022-06-09 21:50:13 - [MESSAGE][PASSED] - Text of object 'Object Repository/1. Constant/xpath' is: 'Anastasiia BRAZHNIKOVA PX
Amelia LARKINS
Camille DEMONCHY'

2022-06-09 21:50:14 - [MESSAGE][PASSED] - Delayed 1 second(s)

2022-06-09 21:50:14 - [MESSAGE][PASSED] - Actual text 'Anastasiia BRAZHNIKOVA PX
Amelia LARKINS
Camille DEMONCHY' and expected text 'Anastasiia BRAZHNIKOVA PX
Amelia LARKINS
Camille DEMONCHY' are matched 

2022-06-09 21:50:14 - [TEST_STEP][PASSED] - I.VerifyMatchText("//*[@id="var_60"]", "Adam SVEGAARD (D2D)"): Actual text 'Adam SVEGAARD (D2D)' and expected text 'Adam SVEGAARD (D2D)' are matched 

2022-06-09 21:50:15 - [MESSAGE][PASSED] - Text of object 'Object Repository/1. Constant/xpath' is: 'Adam SVEGAARD (D2D)'

2022-06-09 21:50:16 - [MESSAGE][PASSED] - Delayed 1 second(s)

2022-06-09 21:50:16 - [MESSAGE][PASSED] - Actual text 'Adam SVEGAARD (D2D)' and expected text 'Adam SVEGAARD (D2D)' are matched 

2022-06-09 21:50:16 - [TEST_STEP][PASSED] - I.VerifyMatchText("//*[@id="var_102"]", "Amelie SERMENT"): Actual text 'Amelie SERMENT' and expected text 'Amelie SERMENT' are matched 

2022-06-09 21:50:16 - [MESSAGE][PASSED] - Text of object 'Object Repository/1. Constant/xpath' is: 'Amelie SERMENT'

2022-06-09 21:50:17 - [MESSAGE][PASSED] - Delayed 1 second(s)

2022-06-09 21:50:17 - [MESSAGE][PASSED] - Actual text 'Amelie SERMENT' and expected text 'Amelie SERMENT' are matched 

2022-06-09 21:50:17 - [TEST_STEP][PASSED] - I.VerifyMatchText("//*[@id="var_63"]", "Alexandra SAVREUX (E2E)"): Actual text 'Alexandra SAVREUX (E2E)' and expected text 'Alexandra SAVREUX (E2E)' are matched 

2022-06-09 21:50:17 - [MESSAGE][PASSED] - Text of object 'Object Repository/1. Constant/xpath' is: 'Alexandra SAVREUX (E2E)'

2022-06-09 21:50:18 - [MESSAGE][PASSED] - Delayed 1 second(s)

2022-06-09 21:50:18 - [MESSAGE][PASSED] - Actual text 'Alexandra SAVREUX (E2E)' and expected text 'Alexandra SAVREUX (E2E)' are matched 

2022-06-09 21:50:18 - [TEST_STEP][PASSED] - I.VerifyMatchText("//*[@id="var_161"]", "Ana CHAVES"): Actual text 'Ana CHAVES' and expected text 'Ana CHAVES' are matched 

2022-06-09 21:50:19 - [MESSAGE][PASSED] - Text of object 'Object Repository/1. Constant/xpath' is: 'Ana CHAVES'

2022-06-09 21:50:20 - [MESSAGE][PASSED] - Delayed 1 second(s)

2022-06-09 21:50:20 - [MESSAGE][PASSED] - Actual text 'Ana CHAVES' and expected text 'Ana CHAVES' are matched 

2022-06-09 21:50:20 - [TEST_STEP][PASSED] - I.VerifyMatchText("//*[@id="var_66"]", "No"): Actual text 'No' and expected text 'No' are matched 

2022-06-09 21:50:20 - [MESSAGE][PASSED] - Text of object 'Object Repository/1. Constant/xpath' is: 'No'

2022-06-09 21:50:21 - [MESSAGE][PASSED] - Delayed 1 second(s)

2022-06-09 21:50:21 - [MESSAGE][PASSED] - Actual text 'No' and expected text 'No' are matched 

2022-06-09 21:50:21 - [TEST_STEP][PASSED] - I.VerifyMatchText("//*[@id="var_142"]", "No"): Actual text 'No' and expected text 'No' are matched 

2022-06-09 21:50:21 - [MESSAGE][PASSED] - Text of object 'Object Repository/1. Constant/xpath' is: 'No'

2022-06-09 21:50:22 - [MESSAGE][PASSED] - Delayed 1 second(s)

2022-06-09 21:50:22 - [MESSAGE][PASSED] - Actual text 'No' and expected text 'No' are matched 

2022-06-09 21:50:22 - [TEST_STEP][PASSED] - I.VerifyMatchText("//*[@id="var_143"]", "No"): Actual text 'No' and expected text 'No' are matched 

2022-06-09 21:50:22 - [MESSAGE][PASSED] - Text of object 'Object Repository/1. Constant/xpath' is: 'No'

2022-06-09 21:50:23 - [MESSAGE][PASSED] - Delayed 1 second(s)

2022-06-09 21:50:23 - [MESSAGE][PASSED] - Actual text 'No' and expected text 'No' are matched 

2022-06-09 21:50:23 - [TEST_STEP][PASSED] - I.VerifyMatchText("//*[@id="var_119"]", "LATAM"): Actual text 'LATAM' and expected text 'LATAM' are matched 

2022-06-09 21:50:23 - [MESSAGE][PASSED] - Text of object 'Object Repository/1. Constant/xpath' is: 'LATAM'

2022-06-09 21:50:24 - [MESSAGE][PASSED] - Delayed 1 second(s)

2022-06-09 21:50:24 - [MESSAGE][PASSED] - Actual text 'LATAM' and expected text 'LATAM' are matched 

2022-06-09 21:50:24 - [TEST_STEP][PASSED] - I.VerifyMatchText("//*[@id="var_79"]", "Bag - Woven"): Actual text 'Bag - Woven' and expected text 'Bag - Woven' are matched 

2022-06-09 21:50:25 - [MESSAGE][PASSED] - Text of object 'Object Repository/1. Constant/xpath' is: 'Bag - Woven'

2022-06-09 21:50:26 - [MESSAGE][PASSED] - Delayed 1 second(s)

2022-06-09 21:50:26 - [MESSAGE][PASSED] - Actual text 'Bag - Woven' and expected text 'Bag - Woven' are matched 

2022-06-09 21:50:26 - [TEST_STEP][PASSED] - I.VerifyMatchText("//*[@id="var_78"]", "1.1kg" + "
" + "1.2kg"): Actual text '1.1kg
1.2kg' and expected text '1.1kg
1.2kg' are matched 

2022-06-09 21:50:26 - [MESSAGE][PASSED] - Text of object 'Object Repository/1. Constant/xpath' is: '1.1kg
1.2kg'

2022-06-09 21:50:27 - [MESSAGE][PASSED] - Delayed 1 second(s)

2022-06-09 21:50:27 - [MESSAGE][PASSED] - Actual text '1.1kg
1.2kg' and expected text '1.1kg
1.2kg' are matched 

2022-06-09 21:50:27 - [TEST_STEP][PASSED] - I.VerifyMatchText("//*[@id="var_61"]", "Vet"): Actual text 'Vet' and expected text 'Vet' are matched 

2022-06-09 21:50:27 - [MESSAGE][PASSED] - Text of object 'Object Repository/1. Constant/xpath' is: 'Vet'

2022-06-09 21:50:28 - [MESSAGE][PASSED] - Delayed 1 second(s)

2022-06-09 21:50:28 - [MESSAGE][PASSED] - Actual text 'Vet' and expected text 'Vet' are matched 

2022-06-09 21:50:28 - [TEST_STEP][PASSED] - I.VerifyMatchText("//*[@id="var_104"]", "Albania" + "
" + "Austria"): Actual text 'Albania
Austria' and expected text 'Albania
Austria' are matched 

2022-06-09 21:50:28 - [MESSAGE][PASSED] - Text of object 'Object Repository/1. Constant/xpath' is: 'Albania
Austria'

2022-06-09 21:50:29 - [MESSAGE][PASSED] - Delayed 1 second(s)

2022-06-09 21:50:29 - [MESSAGE][PASSED] - Actual text 'Albania
Austria' and expected text 'Albania
Austria' are matched 

2022-06-09 21:50:29 - [TEST_STEP][PASSED] - I.VerifyMatchText("//*[@id="var_84"]", "Anna KIM"): Actual text 'Anna KIM' and expected text 'Anna KIM' are matched 

2022-06-09 21:50:30 - [MESSAGE][PASSED] - Text of object 'Object Repository/1. Constant/xpath' is: 'Anna KIM'

2022-06-09 21:50:31 - [MESSAGE][PASSED] - Delayed 1 second(s)

2022-06-09 21:50:31 - [MESSAGE][PASSED] - Actual text 'Anna KIM' and expected text 'Anna KIM' are matched 

2022-06-09 21:50:31 - [TEST_STEP][PASSED] - I.VerifyMatchText("//*[@id="var_76"]", "Alexandra FRAPPAZ"): Actual text 'Alexandra FRAPPAZ' and expected text 'Alexandra FRAPPAZ' are matched 

2022-06-09 21:50:31 - [MESSAGE][PASSED] - Text of object 'Object Repository/1. Constant/xpath' is: 'Alexandra FRAPPAZ'

2022-06-09 21:50:32 - [MESSAGE][PASSED] - Delayed 1 second(s)

2022-06-09 21:50:32 - [MESSAGE][PASSED] - Actual text 'Alexandra FRAPPAZ' and expected text 'Alexandra FRAPPAZ' are matched 

2022-06-09 21:50:32 - [TEST_STEP][PASSED] - I.VerifyMatchText("//*[@id="var_56"]", "Amelie SERMENT"): Actual text 'Amelie SERMENT' and expected text 'Amelie SERMENT' are matched 

2022-06-09 21:50:32 - [MESSAGE][PASSED] - Text of object 'Object Repository/1. Constant/xpath' is: 'Amelie SERMENT'

2022-06-09 21:50:33 - [MESSAGE][PASSED] - Delayed 1 second(s)

2022-06-09 21:50:33 - [MESSAGE][PASSED] - Actual text 'Amelie SERMENT' and expected text 'Amelie SERMENT' are matched 

2022-06-09 21:50:33 - [TEST_STEP][PASSED] - I.VerifyMatchText("//*[@id="var_169"]", "Version History"): Actual text 'Version History' and expected text 'Version History' are matched 

2022-06-09 21:50:34 - [MESSAGE][PASSED] - Text of object 'Object Repository/1. Constant/xpath' is: 'Version History'

2022-06-09 21:50:35 - [MESSAGE][PASSED] - Delayed 1 second(s)

2022-06-09 21:50:35 - [MESSAGE][PASSED] - Actual text 'Version History' and expected text 'Version History' are matched 

2022-06-09 21:50:35 - [TEST_STEP][PASSED] - delay(1): Delayed 1 second(s)

2022-06-09 21:50:36 - [MESSAGE][PASSED] - Delayed 1 second(s)

2022-06-09 21:50:36 - [TEST_STEP][PASSED] - click(findTestObject("1. Constant/xpath", ["xpath":"//*[@id="kt_content"]/div[3]/div/ul/li[3]/a"])): Object: 'Object Repository/1. Constant/xpath' is clicked on

2022-06-09 21:50:38 - [MESSAGE][PASSED] - Object: 'Object Repository/1. Constant/xpath' is clicked on

2022-06-09 21:50:38 - [TEST_STEP][PASSED] - delay(1): Delayed 1 second(s)

2022-06-09 21:50:39 - [MESSAGE][PASSED] - Delayed 1 second(s)

2022-06-09 21:50:39 - [TEST_STEP][PASSED] - I.VerifyMatchText("//*[@id="tab_lifecycle"]/div/h3", "LSS Lifecycle (3)"): Actual text 'LSS Lifecycle (3)' and expected text 'LSS Lifecycle (3)' are matched 

2022-06-09 21:50:39 - [MESSAGE][PASSED] - Text of object 'Object Repository/1. Constant/xpath' is: 'LSS Lifecycle (3)'

2022-06-09 21:50:40 - [MESSAGE][PASSED] - Delayed 1 second(s)

2022-06-09 21:50:40 - [MESSAGE][PASSED] - Actual text 'LSS Lifecycle (3)' and expected text 'LSS Lifecycle (3)' are matched 

2022-06-09 21:50:40 - [TEST_STEP][PASSED] - click(findTestObject("1. Constant/xpath", ["xpath":"//*[@id="kt_content"]/div[3]/div/ul/li[1]/a"])): Object: 'Object Repository/1. Constant/xpath' is clicked on

2022-06-09 21:50:40 - [MESSAGE][PASSED] - Object: 'Object Repository/1. Constant/xpath' is clicked on

2022-06-09 21:50:40 - [TEST_STEP][PASSED] - delay(1): Delayed 1 second(s)

2022-06-09 21:50:41 - [MESSAGE][PASSED] - Delayed 1 second(s)

2022-06-09 21:50:41 - [TEST_STEP][PASSED] - click(findTestObject("1. Constant/xpath", ["xpath":"//*[@id="aff_text_content_brief"]"])): Object: 'Object Repository/1. Constant/xpath' is clicked on

2022-06-09 21:50:43 - [MESSAGE][PASSED] - Object: 'Object Repository/1. Constant/xpath' is clicked on

2022-06-09 21:50:43 - [TEST_STEP][PASSED] - delay(5): Delayed 5 second(s)

2022-06-09 21:50:48 - [MESSAGE][PASSED] - Delayed 5 second(s)

2022-06-09 21:50:48 - [TEST_STEP][PASSED] - I.VerifyMatchText("//*[@id="table_body"]/tr/td", "No data available in table"): Actual text 'No data available in table' and expected text 'No data available in table' are matched 

2022-06-09 21:50:48 - [MESSAGE][PASSED] - Text of object 'Object Repository/1. Constant/xpath' is: 'No data available in table'

2022-06-09 21:50:49 - [MESSAGE][PASSED] - Delayed 1 second(s)

2022-06-09 21:50:49 - [MESSAGE][PASSED] - Actual text 'No data available in table' and expected text 'No data available in table' are matched 

2022-06-09 21:50:49 - [TEST_STEP][PASSED] - I.Logout_xpath("//*[@id="kt_header"]/div/div[2]/div[2]/div[1]/div/span/img", "//*[@id="kt_header"]/div/div[2]/div[2]/div[2]/a[2]"): Wait for page load successfully

2022-06-09 21:50:49 - [MESSAGE][PASSED] - Object: 'Object Repository/1. Constant/xpath' is clicked on

2022-06-09 21:50:50 - [MESSAGE][PASSED] - Delayed 1 second(s)

2022-06-09 21:50:53 - [MESSAGE][PASSED] - Object: 'Object Repository/1. Constant/xpath' is clicked on

2022-06-09 21:50:54 - [MESSAGE][PASSED] - Delayed 1 second(s)

2022-06-09 21:50:54 - [MESSAGE][PASSED] - Wait for page load successfully

2022-06-09 21:50:54 - [TEST_STEP][PASSED] - I.Login_password("akim", password_akim): Object: 'Object Repository/1. Constant/xpath' is clicked on

2022-06-09 21:50:55 - [MESSAGE][PASSED] - Text 'akim' is set on object 'Object Repository/1. Constant/xpath'

2022-06-09 21:50:56 - [MESSAGE][PASSED] - Delayed 1 second(s)

2022-06-09 21:50:56 - [MESSAGE][PASSED] - Text 'dchi' is set on object 'Object Repository/1. Constant/xpath'

2022-06-09 21:50:57 - [MESSAGE][PASSED] - Delayed 1 second(s)

2022-06-09 21:51:01 - [MESSAGE][PASSED] - Object: 'Object Repository/1. Constant/xpath' is clicked on

2022-06-09 21:51:01 - [TEST_STEP][PASSED] - takeScreenshot(): Taking screenshot successfully

2022-06-09 21:51:01 - [MESSAGE][PASSED] - Taking screenshot successfully
[[ATTACHMENT|D:\\Projet Test Auto\\Mediabox Test Automation\\Reports\\20220609_181011\\03. Parallel Testing (Testing)\\TS -PT PART 3\\15.02 NPP Duplication Shortcut (Translation Ref) -Part 1\\20220609_181122\\1654804261128.png]]

2022-06-09 21:51:01 - [TEST_STEP][PASSED] - click(findTestObject("1. Constant/02_LHSMenu_Projects")): Object: 'Object Repository/1. Constant/02_LHSMenu_Projects' is clicked on

2022-06-09 21:51:09 - [MESSAGE][PASSED] - Object: 'Object Repository/1. Constant/02_LHSMenu_Projects' is clicked on

2022-06-09 21:51:09 - [TEST_STEP][PASSED] - I.SearchProjectNo_xpath(Project_No, "//*[@id="keynum_project"]", "//*[@id="form_filters"]/div[20]/button"): Delayed 5 second(s)

2022-06-09 21:51:10 - [MESSAGE][PASSED] - Delayed 1 second(s)

2022-06-09 21:51:11 - [MESSAGE][PASSED] - Text 'MI001071' is set on object 'Object Repository/1. Constant/xpath'

2022-06-09 21:51:14 - [MESSAGE][PASSED] - Delayed 3 second(s)

2022-06-09 21:51:14 - [MESSAGE][PASSED] - Scroll to object 'Object Repository/1. Constant/xpath' successfully

2022-06-09 21:51:17 - [MESSAGE][PASSED] - Object: 'Object Repository/1. Constant/xpath' is clicked on

2022-06-09 21:51:22 - [MESSAGE][PASSED] - Delayed 5 second(s)

2022-06-09 21:51:22 - [TEST_STEP][PASSED] - delay(1): Delayed 1 second(s)

2022-06-09 21:51:23 - [MESSAGE][PASSED] - Delayed 1 second(s)

2022-06-09 21:51:23 - [TEST_STEP][PASSED] - I.superedit_ref(findTestObject("1. Constant/xpath", ["xpath":"//*[@id="fiches"]/table/tbody/tr[3]/td[9]/div[2]/button"]), findTestObject("1. Constant/xpath", ["xpath":"//*[@id="fiches"]/table/tbody/tr[3]/td[9]/div[2]/div/a[4]"])): Object: 'Object Repository/1. Constant/xpath' is clicked on

2022-06-09 21:51:24 - [MESSAGE][PASSED] - Object: 'Object Repository/1. Constant/xpath' is clicked on

2022-06-09 21:51:27 - [MESSAGE][PASSED] - Delayed 3 second(s)

2022-06-09 21:51:30 - [MESSAGE][PASSED] - Object: 'Object Repository/1. Constant/xpath' is clicked on

2022-06-09 21:51:30 - [TEST_STEP][PASSED] - setText(findTestObject("1. Constant/xpath", ["xpath":"//*[@id="var_110"]"]), "Super edit Variety - Part 2"): Text 'Super edit Variety - Part 2' is set on object 'Object Repository/1. Constant/xpath'

2022-06-09 21:51:31 - [MESSAGE][PASSED] - Text 'Super edit Variety - Part 2' is set on object 'Object Repository/1. Constant/xpath'

2022-06-09 21:51:31 - [TEST_STEP][PASSED] - I.Pagedown(): Execute JavaScript 'window.scrollTo(0, document.body.scrollHeight)' successfully

2022-06-09 21:51:31 - [MESSAGE][PASSED] - Execute JavaScript 'window.scrollTo(0, document.body.scrollHeight)' successfully

2022-06-09 21:51:31 - [TEST_STEP][PASSED] - click(findTestObject("1. Constant/xpath", ["xpath":"//*[@id="ModifFiche"]/div[3]/div/button"])): Object: 'Object Repository/1. Constant/xpath' is clicked on

2022-06-09 21:51:36 - [MESSAGE][PASSED] - Object: 'Object Repository/1. Constant/xpath' is clicked on

2022-06-09 21:51:36 - [TEST_STEP][PASSED] - delay(1): Delayed 1 second(s)

2022-06-09 21:51:37 - [MESSAGE][PASSED] - Delayed 1 second(s)

2022-06-09 21:51:37 - [TEST_STEP][PASSED] - click(findTestObject("1. Constant/xpath", ["xpath":"//*[@id="fiches"]/table/tbody/tr[3]/td[9]/a"])): Object: 'Object Repository/1. Constant/xpath' is clicked on

2022-06-09 21:51:41 - [MESSAGE][PASSED] - Object: 'Object Repository/1. Constant/xpath' is clicked on

2022-06-09 21:51:41 - [TEST_STEP][PASSED] - Actual_Edited_Variety = getAttribute(findTestObject("1. Constant/xpath", ["xpath":"//*[@id="var_110"]"]), "value"): Attribute 'value' of object 'Object Repository/1. Constant/xpath' is: 'Super edit Variety - Part 2'

2022-06-09 21:51:42 - [MESSAGE][PASSED] - Attribute 'value' of object 'Object Repository/1. Constant/xpath' is: 'Super edit Variety - Part 2'

2022-06-09 21:51:42 - [TEST_STEP][PASSED] - verifyMatch(Actual_Edited_Variety, "Super edit Variety - Part 2", false): Actual text 'Super edit Variety - Part 2' and expected text 'Super edit Variety - Part 2' are matched 

2022-06-09 21:51:42 - [MESSAGE][PASSED] - Actual text 'Super edit Variety - Part 2' and expected text 'Super edit Variety - Part 2' are matched 

2022-06-09 21:51:42 - [TEST_STEP][PASSED] - click(findTestObject("1. Constant/xpath", ["xpath":"//*[@id="ModifFiche"]/div[1]/div/button[2]"])): Object: 'Object Repository/1. Constant/xpath' is clicked on

2022-06-09 21:51:47 - [MESSAGE][PASSED] - Object: 'Object Repository/1. Constant/xpath' is clicked on

2022-06-09 21:51:47 - [TEST_STEP][PASSED] - I.status_lifecycle(findTestObject("1. Constant/xpath", ["xpath":"//*[@id="fiches"]/table/tbody/tr[3]/td[7]/span[2]"]), "LSS Creation"): Status contain LSS Creation.

2022-06-09 21:51:47 - [MESSAGE][PASSED] - Text of object 'Object Repository/1. Constant/xpath' is: 'LSS Creation'

2022-06-09 21:51:47 - [MESSAGE][PASSED] - Status contain LSS Creation.

2022-06-09 21:51:47 - [TEST_STEP][PASSED] - I.writenotepad("D:\Upoad_File\Projet_ Login\NPP\16.08\20.07_NPP_ProjectNo.txt", Project_No2): null

2022-06-09 21:51:47 - [TEST_STEP][PASSED] - I.writenotepad("D:\Upoad_File\Projet_ Login\NPP\16.08\20.07_NPP_refID.txt", refID2): null

2022-06-09 21:51:47 - [TEST_STEP][PASSED] - closeBrowser(): Browser is closed

2022-06-09 21:51:49 - [MESSAGE][PASSED] - Browser is closed

2022-06-09 21:51:49 - [TEST_STEP][PASSED] - Start listener action : sampleAfterTestCase: null]]></system-out>
         <system-err><![CDATA[]]></system-err>
      </testcase>
      <testcase name="Test Cases/20. Sephora_NPP Duplication Standard_ Duplication Shortcut/20.08 NPP Duplication Shortcut_In New Project_CT and Lang - Used 16.08_19.09_20.06_20.07 P5" time="243.148" classname="Test Cases/20. Sephora_NPP Duplication Standard_ Duplication Shortcut/20.08 NPP Duplication Shortcut_In New Project_CT and Lang - Used 16.08_19.09_20.06_20.07 P5" status="FAILED">
         <failure type="FAILED" message="Test Cases/20. Sephora_NPP Duplication Standard_ Duplication Shortcut/20.08 NPP Duplication Shortcut_In New Project_CT and Lang - Used 16.08_19.09_20.06_20.07 P5 FAILED.
Reason:
com.kms.katalon.core.exception.StepFailedException: Unable to select option by value '2357' of object 'Object Repository/1. Constant/xpath' 
	at com.kms.katalon.core.webui.keyword.internal.WebUIKeywordMain.stepFailed(WebUIKeywordMain.groovy:64)
	at com.kms.katalon.core.webui.keyword.internal.WebUIKeywordMain.runKeyword(WebUIKeywordMain.groovy:26)
	at com.kms.katalon.core.webui.keyword.builtin.SelectOptionByValueKeyword.selectOptionByValue(SelectOptionByValueKeyword.groovy:99)
	at com.kms.katalon.core.webui.keyword.builtin.SelectOptionByValueKeyword.execute(SelectOptionByValueKeyword.groovy:71)
	at com.kms.katalon.core.keyword.internal.KeywordExecutor.executeKeywordForPlatform(KeywordExecutor.groovy:74)
	at com.kms.katalon.core.webui.keyword.WebUiBuiltInKeywords.selectOptionByValue(WebUiBuiltInKeywords.groovy:1168)
	at com.kms.katalon.core.webui.keyword.WebUiBuiltInKeywords$selectOptionByValue$5.call(Unknown Source)
	at functions.I.select_multiplelist(I.groovy:734)
	at functions.I$select_multiplelist$2.call(Unknown Source)
	at 20.08 NPP Duplication Shortcut_In New Project_CT and Lang - Used 16.08_19.09_20.06_20.07 P5.run(20.08 NPP Duplication Shortcut_In New Project_CT and Lang - Used 16.08_19.09_20.06_20.07 P5:481)
	at com.kms.katalon.core.main.ScriptEngine.run(ScriptEngine.java:194)
	at com.kms.katalon.core.main.ScriptEngine.runScriptAsRawText(ScriptEngine.java:119)
	at com.kms.katalon.core.main.TestCaseExecutor.runScript(TestCaseExecutor.java:445)
	at com.kms.katalon.core.main.TestCaseExecutor.doExecute(TestCaseExecutor.java:436)
	at com.kms.katalon.core.main.TestCaseExecutor.processExecutionPhase(TestCaseExecutor.java:415)
	at com.kms.katalon.core.main.TestCaseExecutor.accessMainPhase(TestCaseExecutor.java:407)
	at com.kms.katalon.core.main.TestCaseExecutor.execute(TestCaseExecutor.java:284)
	at com.kms.katalon.core.common.CommonExecutor.accessTestCaseMainPhase(CommonExecutor.java:65)
	at com.kms.katalon.core.main.TestSuiteExecutor.accessTestSuiteMainPhase(TestSuiteExecutor.java:144)
	at com.kms.katalon.core.main.TestSuiteExecutor.execute(TestSuiteExecutor.java:106)
	at com.kms.katalon.core.main.TestCaseMain.startTestSuite(TestCaseMain.java:185)
	at com.kms.katalon.core.main.TestCaseMain$startTestSuite$0.call(Unknown Source)
	at TempTestSuite1654791082081.run(TempTestSuite1654791082081.groovy:36)
Caused by: org.openqa.selenium.StaleElementReferenceException: stale element reference: element is not attached to the page document
  (Session info: headless chrome=102.0.5005.63)
For documentation on this error, please visit: https://www.seleniumhq.org/exceptions/stale_element_reference.html
Build info: version: '3.141.59', revision: 'e82be7d358', time: '2018-11-14T08:25:53'
System info: host: 'DPF-MBI-VERIF', ip: '10.15.10.53', os.name: 'Windows 10', os.arch: 'amd64', os.version: '10.0', java.version: '1.8.0_181'
Driver info: com.kms.katalon.selenium.driver.CChromeDriver
Capabilities {acceptInsecureCerts: false, browserName: chrome, browserVersion: 102.0.5005.63, chrome: {chromedriverVersion: 101.0.4951.41 (93c720db8323..., userDataDir: C:\Users\lamhe\AppData\Loca...}, goog:chromeOptions: {debuggerAddress: localhost:65229}, javascriptEnabled: true, networkConnectionEnabled: false, pageLoadStrategy: normal, platform: WINDOWS, platformName: WINDOWS, proxy: Proxy(), setWindowRect: true, strictFileInteractability: false, timeouts: {implicit: 0, pageLoad: 300000, script: 30000}, unhandledPromptBehavior: dismiss and notify, webauthn:extension:credBlob: true, webauthn:extension:largeBlob: true, webauthn:virtualAuthenticators: true}
Session ID: f22afb78058aad38c00f796cac52e516
	at org.openqa.selenium.remote.http.W3CHttpResponseCodec.createException(W3CHttpResponseCodec.java:187)
	at org.openqa.selenium.remote.http.W3CHttpResponseCodec.decode(W3CHttpResponseCodec.java:122)
	at org.openqa.selenium.remote.http.W3CHttpResponseCodec.decode(W3CHttpResponseCodec.java:49)
	at org.openqa.selenium.remote.HttpCommandExecutor.execute(HttpCommandExecutor.java:158)
	at org.openqa.selenium.remote.service.DriverCommandExecutor.execute(DriverCommandExecutor.java:83)
	at org.openqa.selenium.remote.RemoteWebDriver.execute(RemoteWebDriver.java:552)
	at com.kms.katalon.selenium.driver.CChromeDriver.execute(CChromeDriver.java:19)
	at org.openqa.selenium.remote.RemoteWebElement.execute(RemoteWebElement.java:285)
	at org.openqa.selenium.remote.RemoteWebElement.isSelected(RemoteWebElement.java:146)
	at org.openqa.selenium.support.events.EventFiringWebDriver$EventFiringWebElement.lambda$new$0(EventFiringWebDriver.java:404)
	at com.sun.proxy.$Proxy13.isSelected(Unknown Source)
	at org.openqa.selenium.support.events.EventFiringWebDriver$EventFiringWebElement.isSelected(EventFiringWebDriver.java:452)
	at org.openqa.selenium.support.ui.Select.setSelected(Select.java:310)
	at org.openqa.selenium.support.ui.Select.selectByValue(Select.java:187)
	at com.kms.katalon.core.webui.common.WebUiCommonHelper.selectOrDeselectOptionsByValue(WebUiCommonHelper.java:266)
	at com.kms.katalon.core.webui.keyword.builtin.SelectOptionByValueKeyword$_selectOptionByValue_closure1.doCall(SelectOptionByValueKeyword.groovy:88)
	at com.kms.katalon.core.webui.keyword.builtin.SelectOptionByValueKeyword$_selectOptionByValue_closure1.call(SelectOptionByValueKeyword.groovy)
	at com.kms.katalon.core.webui.keyword.internal.WebUIKeywordMain.runKeyword(WebUIKeywordMain.groovy:20)
	... 21 more
"/>
         <system-out><![CDATA[2022-06-09 21:51:49 - [TEST_CASE][FAILED] - Test Cases/20. Sephora_NPP Duplication Standard_ Duplication Shortcut/20.08 NPP Duplication Shortcut_In New Project_CT and Lang - Used 16.08_19.09_20.06_20.07 P5: Test Cases/20. Sephora_NPP Duplication Standard_ Duplication Shortcut/20.08 NPP Duplication Shortcut_In New Project_CT and Lang - Used 16.08_19.09_20.06_20.07 P5 FAILED.
Reason:
com.kms.katalon.core.exception.StepFailedException: Unable to select option by value '2357' of object 'Object Repository/1. Constant/xpath' 
	at com.kms.katalon.core.webui.keyword.internal.WebUIKeywordMain.stepFailed(WebUIKeywordMain.groovy:64)
	at com.kms.katalon.core.webui.keyword.internal.WebUIKeywordMain.runKeyword(WebUIKeywordMain.groovy:26)
	at com.kms.katalon.core.webui.keyword.builtin.SelectOptionByValueKeyword.selectOptionByValue(SelectOptionByValueKeyword.groovy:99)
	at com.kms.katalon.core.webui.keyword.builtin.SelectOptionByValueKeyword.execute(SelectOptionByValueKeyword.groovy:71)
	at com.kms.katalon.core.keyword.internal.KeywordExecutor.executeKeywordForPlatform(KeywordExecutor.groovy:74)
	at com.kms.katalon.core.webui.keyword.WebUiBuiltInKeywords.selectOptionByValue(WebUiBuiltInKeywords.groovy:1168)
	at com.kms.katalon.core.webui.keyword.WebUiBuiltInKeywords$selectOptionByValue$5.call(Unknown Source)
	at functions.I.select_multiplelist(I.groovy:734)
	at functions.I$select_multiplelist$2.call(Unknown Source)
	at 20.08 NPP Duplication Shortcut_In New Project_CT and Lang - Used 16.08_19.09_20.06_20.07 P5.run(20.08 NPP Duplication Shortcut_In New Project_CT and Lang - Used 16.08_19.09_20.06_20.07 P5:481)
	at com.kms.katalon.core.main.ScriptEngine.run(ScriptEngine.java:194)
	at com.kms.katalon.core.main.ScriptEngine.runScriptAsRawText(ScriptEngine.java:119)
	at com.kms.katalon.core.main.TestCaseExecutor.runScript(TestCaseExecutor.java:445)
	at com.kms.katalon.core.main.TestCaseExecutor.doExecute(TestCaseExecutor.java:436)
	at com.kms.katalon.core.main.TestCaseExecutor.processExecutionPhase(TestCaseExecutor.java:415)
	at com.kms.katalon.core.main.TestCaseExecutor.accessMainPhase(TestCaseExecutor.java:407)
	at com.kms.katalon.core.main.TestCaseExecutor.execute(TestCaseExecutor.java:284)
	at com.kms.katalon.core.common.CommonExecutor.accessTestCaseMainPhase(CommonExecutor.java:65)
	at com.kms.katalon.core.main.TestSuiteExecutor.accessTestSuiteMainPhase(TestSuiteExecutor.java:144)
	at com.kms.katalon.core.main.TestSuiteExecutor.execute(TestSuiteExecutor.java:106)
	at com.kms.katalon.core.main.TestCaseMain.startTestSuite(TestCaseMain.java:185)
	at com.kms.katalon.core.main.TestCaseMain$startTestSuite$0.call(Unknown Source)
	at TempTestSuite1654791082081.run(TempTestSuite1654791082081.groovy:36)
Caused by: org.openqa.selenium.StaleElementReferenceException: stale element reference: element is not attached to the page document
  (Session info: headless chrome=102.0.5005.63)
For documentation on this error, please visit: https://www.seleniumhq.org/exceptions/stale_element_reference.html
Build info: version: '3.141.59', revision: 'e82be7d358', time: '2018-11-14T08:25:53'
System info: host: 'DPF-MBI-VERIF', ip: '10.15.10.53', os.name: 'Windows 10', os.arch: 'amd64', os.version: '10.0', java.version: '1.8.0_181'
Driver info: com.kms.katalon.selenium.driver.CChromeDriver
Capabilities {acceptInsecureCerts: false, browserName: chrome, browserVersion: 102.0.5005.63, chrome: {chromedriverVersion: 101.0.4951.41 (93c720db8323..., userDataDir: C:\Users\lamhe\AppData\Loca...}, goog:chromeOptions: {debuggerAddress: localhost:65229}, javascriptEnabled: true, networkConnectionEnabled: false, pageLoadStrategy: normal, platform: WINDOWS, platformName: WINDOWS, proxy: Proxy(), setWindowRect: true, strictFileInteractability: false, timeouts: {implicit: 0, pageLoad: 300000, script: 30000}, unhandledPromptBehavior: dismiss and notify, webauthn:extension:credBlob: true, webauthn:extension:largeBlob: true, webauthn:virtualAuthenticators: true}
Session ID: f22afb78058aad38c00f796cac52e516
	at org.openqa.selenium.remote.http.W3CHttpResponseCodec.createException(W3CHttpResponseCodec.java:187)
	at org.openqa.selenium.remote.http.W3CHttpResponseCodec.decode(W3CHttpResponseCodec.java:122)
	at org.openqa.selenium.remote.http.W3CHttpResponseCodec.decode(W3CHttpResponseCodec.java:49)
	at org.openqa.selenium.remote.HttpCommandExecutor.execute(HttpCommandExecutor.java:158)
	at org.openqa.selenium.remote.service.DriverCommandExecutor.execute(DriverCommandExecutor.java:83)
	at org.openqa.selenium.remote.RemoteWebDriver.execute(RemoteWebDriver.java:552)
	at com.kms.katalon.selenium.driver.CChromeDriver.execute(CChromeDriver.java:19)
	at org.openqa.selenium.remote.RemoteWebElement.execute(RemoteWebElement.java:285)
	at org.openqa.selenium.remote.RemoteWebElement.isSelected(RemoteWebElement.java:146)
	at org.openqa.selenium.support.events.EventFiringWebDriver$EventFiringWebElement.lambda$new$0(EventFiringWebDriver.java:404)
	at com.sun.proxy.$Proxy13.isSelected(Unknown Source)
	at org.openqa.selenium.support.events.EventFiringWebDriver$EventFiringWebElement.isSelected(EventFiringWebDriver.java:452)
	at org.openqa.selenium.support.ui.Select.setSelected(Select.java:310)
	at org.openqa.selenium.support.ui.Select.selectByValue(Select.java:187)
	at com.kms.katalon.core.webui.common.WebUiCommonHelper.selectOrDeselectOptionsByValue(WebUiCommonHelper.java:266)
	at com.kms.katalon.core.webui.keyword.builtin.SelectOptionByValueKeyword$_selectOptionByValue_closure1.doCall(SelectOptionByValueKeyword.groovy:88)
	at com.kms.katalon.core.webui.keyword.builtin.SelectOptionByValueKeyword$_selectOptionByValue_closure1.call(SelectOptionByValueKeyword.groovy)
	at com.kms.katalon.core.webui.keyword.internal.WebUIKeywordMain.runKeyword(WebUIKeywordMain.groovy:20)
	... 21 more


2022-06-09 21:51:51 - [TEST_STEP][PASSED] - data_Npp = findTestData("Data Files/Username_Password/Npp"): null

2022-06-09 21:51:51 - [TEST_STEP][PASSED] - password_ncur = data_Npp.getValue(2, 1): null

2022-06-09 21:51:51 - [TEST_STEP][PASSED] - password_akim = data_Npp.getValue(2, 2): null

2022-06-09 21:51:51 - [TEST_STEP][PASSED] - password_sschunke = data_Npp.getValue(2, 3): null

2022-06-09 21:51:51 - [TEST_STEP][PASSED] - password_abrazhnikovapx = data_Npp.getValue(2, 4): null

2022-06-09 21:51:51 - [TEST_STEP][PASSED] - password_afrappaz = data_Npp.getValue(2, 5): null

2022-06-09 21:51:51 - [TEST_STEP][PASSED] - password_alarkins = data_Npp.getValue(2, 6): null

2022-06-09 21:51:51 - [TEST_STEP][PASSED] - password_cdemonchy = data_Npp.getValue(2, 7): null

2022-06-09 21:51:51 - [TEST_STEP][PASSED] - data_urlRELAUTO = findTestData("Data Files/URL/URL_relauto"): null

2022-06-09 21:51:51 - [TEST_STEP][PASSED] - Url_Npp = data_urlRELAUTO.getValue(2, 5): null

2022-06-09 21:51:51 - [TEST_STEP][PASSED] - I.clearnotepad("D:\Upoad_File\Projet_ Login\NPP\16.08\20.08_NPP_ProjectNo.txt"): null

2022-06-09 21:51:51 - [TEST_STEP][PASSED] - I.clearnotepad("D:\Upoad_File\Projet_ Login\NPP\16.08\20.08_NPP_refID.txt"): null

2022-06-09 21:51:51 - [TEST_STEP][PASSED] - Project_No = I.readnotepad("D:\Upoad_File\Projet_ Login\NPP\16.08\16.08_NPP_ProjectNo.txt"): null

2022-06-09 21:51:51 - [TEST_STEP][PASSED] - refID = I.readnotepad("D:\Upoad_File\Projet_ Login\NPP\16.08\16.08_NPP_refID.txt"): null

2022-06-09 21:51:51 - [TEST_STEP][PASSED] - openBrowser(Url_Npp): Browser is opened with url: ' http://mdb-release.diadeis.lan/MediaboxIndependence/?MBI_datasource=RELTESTAUTO_NPP'

2022-06-09 21:51:51 - [MESSAGE][INFO] - Starting 'Chrome (headless)' driver

2022-06-09 21:51:51 - [MESSAGE][INFO] - User set preference: ['args', '[--window-size=1920,1080, --headless]']

2022-06-09 21:51:51 - [MESSAGE][INFO] - Action delay is set to 0 milliseconds

2022-06-09 21:51:57 - [MESSAGE][PASSED] - Browser is opened with url: ' http://mdb-release.diadeis.lan/MediaboxIndependence/?MBI_datasource=RELTESTAUTO_NPP'

2022-06-09 21:51:57 - [TEST_STEP][PASSED] - maximizeWindow(): Current window maximized

2022-06-09 21:51:58 - [MESSAGE][PASSED] - Current window maximized

2022-06-09 21:51:58 - [TEST_STEP][PASSED] - takeScreenshot(): Taking screenshot successfully

2022-06-09 21:51:58 - [MESSAGE][PASSED] - Taking screenshot successfully
[[ATTACHMENT|D:\\Projet Test Auto\\Mediabox Test Automation\\Reports\\20220609_181011\\03. Parallel Testing (Testing)\\TS -PT PART 3\\15.02 NPP Duplication Shortcut (Translation Ref) -Part 1\\20220609_181122\\1654804318293.png]]

2022-06-09 21:51:58 - [TEST_STEP][PASSED] - I.Login_password("akim", password_akim): Object: 'Object Repository/1. Constant/xpath' is clicked on

2022-06-09 21:51:59 - [MESSAGE][PASSED] - Text 'akim' is set on object 'Object Repository/1. Constant/xpath'

2022-06-09 21:52:00 - [MESSAGE][PASSED] - Delayed 1 second(s)

2022-06-09 21:52:02 - [MESSAGE][PASSED] - Text 'dchi' is set on object 'Object Repository/1. Constant/xpath'

2022-06-09 21:52:03 - [MESSAGE][PASSED] - Delayed 1 second(s)

2022-06-09 21:52:10 - [MESSAGE][PASSED] - Object: 'Object Repository/1. Constant/xpath' is clicked on

2022-06-09 21:52:10 - [TEST_STEP][PASSED] - takeScreenshot(): Taking screenshot successfully

2022-06-09 21:52:11 - [MESSAGE][PASSED] - Taking screenshot successfully
[[ATTACHMENT|D:\\Projet Test Auto\\Mediabox Test Automation\\Reports\\20220609_181011\\03. Parallel Testing (Testing)\\TS -PT PART 3\\15.02 NPP Duplication Shortcut (Translation Ref) -Part 1\\20220609_181122\\1654804330838.png]]

2022-06-09 21:52:11 - [TEST_STEP][PASSED] - click(findTestObject("1. Constant/02_LHSMenu_Projects")): Object: 'Object Repository/1. Constant/02_LHSMenu_Projects' is clicked on

2022-06-09 21:52:20 - [MESSAGE][PASSED] - Object: 'Object Repository/1. Constant/02_LHSMenu_Projects' is clicked on

2022-06-09 21:52:20 - [TEST_STEP][PASSED] - I.SearchProjectNo_xpath(Project_No, "//*[@id="keynum_project"]", "//*[@id="form_filters"]/div[20]/button"): Delayed 5 second(s)

2022-06-09 21:52:21 - [MESSAGE][PASSED] - Delayed 1 second(s)

2022-06-09 21:52:23 - [MESSAGE][PASSED] - Text 'MI001071' is set on object 'Object Repository/1. Constant/xpath'

2022-06-09 21:52:26 - [MESSAGE][PASSED] - Delayed 3 second(s)

2022-06-09 21:52:26 - [MESSAGE][PASSED] - Scroll to object 'Object Repository/1. Constant/xpath' successfully

2022-06-09 21:52:29 - [MESSAGE][PASSED] - Object: 'Object Repository/1. Constant/xpath' is clicked on

2022-06-09 21:52:34 - [MESSAGE][PASSED] - Delayed 5 second(s)

2022-06-09 21:52:34 - [TEST_STEP][PASSED] - delay(1): Delayed 1 second(s)

2022-06-09 21:52:35 - [MESSAGE][PASSED] - Delayed 1 second(s)

2022-06-09 21:52:35 - [TEST_STEP][PASSED] - click(findTestObject("1. Constant/xpath", ["xpath":"//*[@id="kt_content"]/div[3]/div/div[2]/div[1]/div[2]/span/div/button"])): Object: 'Object Repository/1. Constant/xpath' is clicked on

2022-06-09 21:52:35 - [MESSAGE][PASSED] - Object: 'Object Repository/1. Constant/xpath' is clicked on

2022-06-09 21:52:35 - [TEST_STEP][PASSED] - delay(1): Delayed 1 second(s)

2022-06-09 21:52:36 - [MESSAGE][PASSED] - Delayed 1 second(s)

2022-06-09 21:52:36 - [TEST_STEP][PASSED] - click(findTestObject("1. Constant/xpath", ["xpath":"/html/body/div[1]/div[2]/div[4]/div[3]/div/div[2]/div[1]/div[2]/span/div/div/a[2]"])): Object: 'Object Repository/1. Constant/xpath' is clicked on

2022-06-09 21:52:36 - [MESSAGE][PASSED] - Object: 'Object Repository/1. Constant/xpath' is clicked on

2022-06-09 21:52:36 - [TEST_STEP][PASSED] - click(findTestObject("1. Constant/xpath", ["xpath":"//*[@id="fiches"]/table/tbody/tr[1]/td[1]/label"])): Object: 'Object Repository/1. Constant/xpath' is clicked on

2022-06-09 21:52:37 - [MESSAGE][PASSED] - Object: 'Object Repository/1. Constant/xpath' is clicked on

2022-06-09 21:52:37 - [TEST_STEP][PASSED] - delay(1): Delayed 1 second(s)

2022-06-09 21:52:38 - [MESSAGE][PASSED] - Delayed 1 second(s)

2022-06-09 21:52:38 - [TEST_STEP][PASSED] - click(findTestObject("1. Constant/xpath", ["xpath":"//*[@id="action_btnduplicatereference"]"])): Object: 'Object Repository/1. Constant/xpath' is clicked on

2022-06-09 21:52:42 - [MESSAGE][PASSED] - Object: 'Object Repository/1. Constant/xpath' is clicked on

2022-06-09 21:52:42 - [TEST_STEP][PASSED] - delay(1): Delayed 1 second(s)

2022-06-09 21:52:43 - [MESSAGE][PASSED] - Delayed 1 second(s)

2022-06-09 21:52:43 - [TEST_STEP][PASSED] - takeScreenshot(): Taking screenshot successfully

2022-06-09 21:52:44 - [MESSAGE][PASSED] - Taking screenshot successfully
[[ATTACHMENT|D:\\Projet Test Auto\\Mediabox Test Automation\\Reports\\20220609_181011\\03. Parallel Testing (Testing)\\TS -PT PART 3\\15.02 NPP Duplication Shortcut (Translation Ref) -Part 1\\20220609_181122\\1654804363927.png]]

2022-06-09 21:52:44 - [TEST_STEP][PASSED] - click(findTestObject("1. Constant/xpath", ["xpath":"//*[@id="modal_duplicate_reference"]/div/div/div[2]/div/div[8]/div[1]/label[4]"])): Object: 'Object Repository/1. Constant/xpath' is clicked on

2022-06-09 21:52:45 - [MESSAGE][PASSED] - Object: 'Object Repository/1. Constant/xpath' is clicked on

2022-06-09 21:52:45 - [TEST_STEP][PASSED] - I.VerifyMatchText("//*[@id="info_translation_block"]", "This option will duplicate the values from the brief, the source text structure and content, as well as the translations."): Actual text 'This option will duplicate the values from the brief, the source text structure and content, as well as the translations.' and expected text 'This option will duplicate the values from the brief, the source text structure and content, as well as the translations.' are matched 

2022-06-09 21:52:45 - [MESSAGE][PASSED] - Text of object 'Object Repository/1. Constant/xpath' is: 'This option will duplicate the values from the brief, the source text structure and content, as well as the translations.'

2022-06-09 21:52:46 - [MESSAGE][PASSED] - Delayed 1 second(s)

2022-06-09 21:52:46 - [MESSAGE][PASSED] - Actual text 'This option will duplicate the values from the brief, the source text structure and content, as well as the translations.' and expected text 'This option will duplicate the values from the brief, the source text structure and content, as well as the translations.' are matched 

2022-06-09 21:52:46 - [TEST_STEP][PASSED] - I.VerifyMatchText("//*[@id="select2-ref_tpl7-container"]", "LSS Reference"): Actual text 'LSS Reference' and expected text 'LSS Reference' are matched 

2022-06-09 21:52:46 - [MESSAGE][PASSED] - Text of object 'Object Repository/1. Constant/xpath' is: 'LSS Reference'

2022-06-09 21:52:47 - [MESSAGE][PASSED] - Delayed 1 second(s)

2022-06-09 21:52:47 - [MESSAGE][PASSED] - Actual text 'LSS Reference' and expected text 'LSS Reference' are matched 

2022-06-09 21:52:47 - [TEST_STEP][PASSED] - I.VerifyMatchText("//*[@id="select2-lfc_tpl7-container"]", "LSS Lifecycle (3)"): Actual text 'LSS Lifecycle (3)' and expected text 'LSS Lifecycle (3)' are matched 

2022-06-09 21:52:47 - [MESSAGE][PASSED] - Text of object 'Object Repository/1. Constant/xpath' is: 'LSS Lifecycle (3)'

2022-06-09 21:52:48 - [MESSAGE][PASSED] - Delayed 1 second(s)

2022-06-09 21:52:48 - [MESSAGE][PASSED] - Actual text 'LSS Lifecycle (3)' and expected text 'LSS Lifecycle (3)' are matched 

2022-06-09 21:52:48 - [TEST_STEP][PASSED] - click(findTestObject("1. Constant/xpath", ["xpath":"//*[@id="btn_submit_duplication"]"])): Object: 'Object Repository/1. Constant/xpath' is clicked on

2022-06-09 21:53:01 - [MESSAGE][PASSED] - Object: 'Object Repository/1. Constant/xpath' is clicked on

2022-06-09 21:53:01 - [TEST_STEP][PASSED] - delay(1): Delayed 1 second(s)

2022-06-09 21:53:02 - [MESSAGE][PASSED] - Delayed 1 second(s)

2022-06-09 21:53:02 - [TEST_STEP][PASSED] - Project_No3 = I.ProjectNo(): Current window's url is: 'http://mdb-release.diadeis.lan/MediaboxIndependence/Base/ExecAction?IDSession=MBI%21RELTESTAUTO_NPP%21OKD85XALQN9WH6VW0YGKQS9ASDN65WLPEOOHDCIO&default_action=ModifierProjet&id_project=MI001073'

2022-06-09 21:53:07 - [MESSAGE][PASSED] - Delayed 5 second(s)

2022-06-09 21:53:07 - [MESSAGE][PASSED] - Current window's url is: 'http://mdb-release.diadeis.lan/MediaboxIndependence/Base/ExecAction?IDSession=MBI%21RELTESTAUTO_NPP%21OKD85XALQN9WH6VW0YGKQS9ASDN65WLPEOOHDCIO&default_action=ModifierProjet&id_project=MI001073'

2022-06-09 21:53:07 - [TEST_STEP][PASSED] - I.print(Project_No3): null

2022-06-09 21:53:07 - [TEST_STEP][PASSED] - LSSNumber_name = "TC20.08_AutoTest_Npp_Duplication_NewProj_" + RandomStringUtils.randomAlphanumeric(3) + "_" + I.gettimedate(): null

2022-06-09 21:53:07 - [TEST_STEP][PASSED] - setText(findTestObject("1. Constant/xpath", ["xpath":"//*[@id="var_70"]"]), LSSNumber_name): Text 'TC20.08_AutoTest_Npp_Duplication_NewProj_H6Y_juin092022_215307' is set on object 'Object Repository/1. Constant/xpath'

2022-06-09 21:53:08 - [MESSAGE][PASSED] - Text 'TC20.08_AutoTest_Npp_Duplication_NewProj_H6Y_juin092022_215307' is set on object 'Object Repository/1. Constant/xpath'

2022-06-09 21:53:08 - [TEST_STEP][PASSED] - click(findTestObject("1. Constant/xpath", ["xpath":"//*[@id="ModifFiche"]/div[1]/div/button"])): Object: 'Object Repository/1. Constant/xpath' is clicked on

2022-06-09 21:53:12 - [MESSAGE][PASSED] - Object: 'Object Repository/1. Constant/xpath' is clicked on

2022-06-09 21:53:12 - [TEST_STEP][PASSED] - delay(1): Delayed 1 second(s)

2022-06-09 21:53:13 - [MESSAGE][PASSED] - Delayed 1 second(s)

2022-06-09 21:53:13 - [TEST_STEP][PASSED] - click(findTestObject("1. Constant/xpath", ["xpath":"//*[@id="card_project"]/div[2]/div/div[3]/a[3]"])): Object: 'Object Repository/1. Constant/xpath' is clicked on

2022-06-09 21:53:15 - [MESSAGE][PASSED] - Object: 'Object Repository/1. Constant/xpath' is clicked on

2022-06-09 21:53:15 - [TEST_STEP][PASSED] - delay(1): Delayed 1 second(s)

2022-06-09 21:53:16 - [MESSAGE][PASSED] - Delayed 1 second(s)

2022-06-09 21:53:16 - [TEST_STEP][PASSED] - I.VerifyMatchText("//*[@id="var_107"]", "Litter"): Actual text 'Litter' and expected text 'Litter' are matched 

2022-06-09 21:53:17 - [MESSAGE][PASSED] - Text of object 'Object Repository/1. Constant/xpath' is: 'Litter'

2022-06-09 21:53:18 - [MESSAGE][PASSED] - Delayed 1 second(s)

2022-06-09 21:53:18 - [MESSAGE][PASSED] - Actual text 'Litter' and expected text 'Litter' are matched 

2022-06-09 21:53:18 - [TEST_STEP][PASSED] - I.VerifyMatchText("//*[@id="var_108"]", "Corn"): Actual text 'Corn' and expected text 'Corn' are matched 

2022-06-09 21:53:19 - [MESSAGE][PASSED] - Text of object 'Object Repository/1. Constant/xpath' is: 'Corn'

2022-06-09 21:53:20 - [MESSAGE][PASSED] - Delayed 1 second(s)

2022-06-09 21:53:20 - [MESSAGE][PASSED] - Actual text 'Corn' and expected text 'Corn' are matched 

2022-06-09 21:53:20 - [TEST_STEP][PASSED] - I.VerifyMatchText("//*[@id="var_110"]", "Variety test"): Actual text 'Variety test' and expected text 'Variety test' are matched 

2022-06-09 21:53:20 - [MESSAGE][PASSED] - Text of object 'Object Repository/1. Constant/xpath' is: 'Variety test'

2022-06-09 21:53:21 - [MESSAGE][PASSED] - Delayed 1 second(s)

2022-06-09 21:53:21 - [MESSAGE][PASSED] - Actual text 'Variety test' and expected text 'Variety test' are matched 

2022-06-09 21:53:21 - [TEST_STEP][PASSED] - I.VerifyMatchText("//*[@id="var_133"]", "Alternative Format code test"): Actual text 'Alternative Format code test' and expected text 'Alternative Format code test' are matched 

2022-06-09 21:53:22 - [MESSAGE][PASSED] - Text of object 'Object Repository/1. Constant/xpath' is: 'Alternative Format code test'

2022-06-09 21:53:23 - [MESSAGE][PASSED] - Delayed 1 second(s)

2022-06-09 21:53:23 - [MESSAGE][PASSED] - Actual text 'Alternative Format code test' and expected text 'Alternative Format code test' are matched 

2022-06-09 21:53:23 - [TEST_STEP][PASSED] - I.VerifyMatchText("//*[@id="var_65"]", "FORMAT Product designation test"): Actual text 'FORMAT Product designation test' and expected text 'FORMAT Product designation test' are matched 

2022-06-09 21:53:23 - [MESSAGE][PASSED] - Text of object 'Object Repository/1. Constant/xpath' is: 'FORMAT Product designation test'

2022-06-09 21:53:24 - [MESSAGE][PASSED] - Delayed 1 second(s)

2022-06-09 21:53:24 - [MESSAGE][PASSED] - Actual text 'FORMAT Product designation test' and expected text 'FORMAT Product designation test' are matched 

2022-06-09 21:53:24 - [TEST_STEP][PASSED] - I.VerifyMatchText("//*[@id="var_91"]", "HIP"): Actual text 'HIP' and expected text 'HIP' are matched 

2022-06-09 21:53:25 - [MESSAGE][PASSED] - Text of object 'Object Repository/1. Constant/xpath' is: 'HIP'

2022-06-09 21:53:26 - [MESSAGE][PASSED] - Delayed 1 second(s)

2022-06-09 21:53:26 - [MESSAGE][PASSED] - Actual text 'HIP' and expected text 'HIP' are matched 

2022-06-09 21:53:26 - [TEST_STEP][PASSED] - I.VerifyMatchText("//*[@id="var_71"]", "25/08/2021"): Actual text '25/08/2021' and expected text '25/08/2021' are matched 

2022-06-09 21:53:26 - [MESSAGE][PASSED] - Text of object 'Object Repository/1. Constant/xpath' is: '25/08/2021'

2022-06-09 21:53:27 - [MESSAGE][PASSED] - Delayed 1 second(s)

2022-06-09 21:53:27 - [MESSAGE][PASSED] - Actual text '25/08/2021' and expected text '25/08/2021' are matched 

2022-06-09 21:53:27 - [TEST_STEP][PASSED] - I.VerifyMatchText("//*[@id="var_89"]", "Project Information - Comments"): Actual text 'Project Information - Comments' and expected text 'Project Information - Comments' are matched 

2022-06-09 21:53:28 - [MESSAGE][PASSED] - Text of object 'Object Repository/1. Constant/xpath' is: 'Project Information - Comments'

2022-06-09 21:53:29 - [MESSAGE][PASSED] - Delayed 1 second(s)

2022-06-09 21:53:29 - [MESSAGE][PASSED] - Actual text 'Project Information - Comments' and expected text 'Project Information - Comments' are matched 

2022-06-09 21:53:29 - [TEST_STEP][PASSED] - I.VerifyMatchText("//*[@id="var_93"]", "Reason for change test"): Actual text 'Reason for change test' and expected text 'Reason for change test' are matched 

2022-06-09 21:53:29 - [MESSAGE][PASSED] - Text of object 'Object Repository/1. Constant/xpath' is: 'Reason for change test'

2022-06-09 21:53:30 - [MESSAGE][PASSED] - Delayed 1 second(s)

2022-06-09 21:53:30 - [MESSAGE][PASSED] - Actual text 'Reason for change test' and expected text 'Reason for change test' are matched 

2022-06-09 21:53:30 - [TEST_STEP][PASSED] - I.VerifyMatchText("//*[@id="var_54"]", "Tidy Cat"): Actual text 'Tidy Cat' and expected text 'Tidy Cat' are matched 

2022-06-09 21:53:30 - [MESSAGE][PASSED] - Text of object 'Object Repository/1. Constant/xpath' is: 'Tidy Cat'

2022-06-09 21:53:31 - [MESSAGE][PASSED] - Delayed 1 second(s)

2022-06-09 21:53:31 - [MESSAGE][PASSED] - Actual text 'Tidy Cat' and expected text 'Tidy Cat' are matched 

2022-06-09 21:53:31 - [TEST_STEP][PASSED] - I.VerifyMatchText("//*[@id="var_106"]", "Tidy Cat - CRYSTALS BLEND"): Actual text 'Tidy Cat - CRYSTALS BLEND' and expected text 'Tidy Cat - CRYSTALS BLEND' are matched 

2022-06-09 21:53:31 - [MESSAGE][PASSED] - Text of object 'Object Repository/1. Constant/xpath' is: 'Tidy Cat - CRYSTALS BLEND'

2022-06-09 21:53:32 - [MESSAGE][PASSED] - Delayed 1 second(s)

2022-06-09 21:53:32 - [MESSAGE][PASSED] - Actual text 'Tidy Cat - CRYSTALS BLEND' and expected text 'Tidy Cat - CRYSTALS BLEND' are matched 

2022-06-09 21:53:32 - [TEST_STEP][PASSED] - I.VerifyMatchText("//*[@id="var_92"]", "Premium"): Actual text 'Premium' and expected text 'Premium' are matched 

2022-06-09 21:53:32 - [MESSAGE][PASSED] - Text of object 'Object Repository/1. Constant/xpath' is: 'Premium'

2022-06-09 21:53:33 - [MESSAGE][PASSED] - Delayed 1 second(s)

2022-06-09 21:53:33 - [MESSAGE][PASSED] - Actual text 'Premium' and expected text 'Premium' are matched 

2022-06-09 21:53:33 - [TEST_STEP][PASSED] - I.VerifyMatchText("//*[@id="var_88"]", "Superfood"): Actual text 'Superfood' and expected text 'Superfood' are matched 

2022-06-09 21:53:34 - [MESSAGE][PASSED] - Text of object 'Object Repository/1. Constant/xpath' is: 'Superfood'

2022-06-09 21:53:35 - [MESSAGE][PASSED] - Delayed 1 second(s)

2022-06-09 21:53:35 - [MESSAGE][PASSED] - Actual text 'Superfood' and expected text 'Superfood' are matched 

2022-06-09 21:53:35 - [TEST_STEP][PASSED] - I.VerifyMatchText("//*[@id="var_86"]", "No color"): Actual text 'No color' and expected text 'No color' are matched 

2022-06-09 21:53:36 - [MESSAGE][PASSED] - Text of object 'Object Repository/1. Constant/xpath' is: 'No color'

2022-06-09 21:53:37 - [MESSAGE][PASSED] - Delayed 1 second(s)

2022-06-09 21:53:37 - [MESSAGE][PASSED] - Actual text 'No color' and expected text 'No color' are matched 

2022-06-09 21:53:37 - [TEST_STEP][PASSED] - I.VerifyMatchText("//*[@id="var_57"]", "Not applicable"): Actual text 'Not applicable' and expected text 'Not applicable' are matched 

2022-06-09 21:53:37 - [MESSAGE][PASSED] - Text of object 'Object Repository/1. Constant/xpath' is: 'Not applicable'

2022-06-09 21:53:38 - [MESSAGE][PASSED] - Delayed 1 second(s)

2022-06-09 21:53:38 - [MESSAGE][PASSED] - Actual text 'Not applicable' and expected text 'Not applicable' are matched 

2022-06-09 21:53:38 - [TEST_STEP][PASSED] - I.VerifyMatchText("//*[@id="var_87"]", "Yes"): Actual text 'Yes' and expected text 'Yes' are matched 

2022-06-09 21:53:38 - [MESSAGE][PASSED] - Text of object 'Object Repository/1. Constant/xpath' is: 'Yes'

2022-06-09 21:53:39 - [MESSAGE][PASSED] - Delayed 1 second(s)

2022-06-09 21:53:39 - [MESSAGE][PASSED] - Actual text 'Yes' and expected text 'Yes' are matched 

2022-06-09 21:53:39 - [TEST_STEP][PASSED] - I.VerifyMatchText("//*[@id="var_109"]", "Complete"): Actual text 'Complete' and expected text 'Complete' are matched 

2022-06-09 21:53:40 - [MESSAGE][PASSED] - Text of object 'Object Repository/1. Constant/xpath' is: 'Complete'

2022-06-09 21:53:41 - [MESSAGE][PASSED] - Delayed 1 second(s)

2022-06-09 21:53:41 - [MESSAGE][PASSED] - Actual text 'Complete' and expected text 'Complete' are matched 

2022-06-09 21:53:41 - [TEST_STEP][PASSED] - I.VerifyMatchText("//*[@id="var_52"]", "Dogs & Cats"): Actual text 'Dogs & Cats' and expected text 'Dogs & Cats' are matched 

2022-06-09 21:53:41 - [MESSAGE][PASSED] - Text of object 'Object Repository/1. Constant/xpath' is: 'Dogs & Cats'

2022-06-09 21:53:42 - [MESSAGE][PASSED] - Delayed 1 second(s)

2022-06-09 21:53:42 - [MESSAGE][PASSED] - Actual text 'Dogs & Cats' and expected text 'Dogs & Cats' are matched 

2022-06-09 21:53:42 - [TEST_STEP][PASSED] - I.VerifyMatchText("//*[@id="var_67"]", "Tidy Cat - Adult"): Actual text 'Tidy Cat - Adult' and expected text 'Tidy Cat - Adult' are matched 

2022-06-09 21:53:42 - [MESSAGE][PASSED] - Text of object 'Object Repository/1. Constant/xpath' is: 'Tidy Cat - Adult'

2022-06-09 21:53:43 - [MESSAGE][PASSED] - Delayed 1 second(s)

2022-06-09 21:53:43 - [MESSAGE][PASSED] - Actual text 'Tidy Cat - Adult' and expected text 'Tidy Cat - Adult' are matched 

2022-06-09 21:53:43 - [TEST_STEP][PASSED] - I.VerifyMatchText("//*[@id="var_140"]", "Light"): Actual text 'Light' and expected text 'Light' are matched 

2022-06-09 21:53:44 - [MESSAGE][PASSED] - Text of object 'Object Repository/1. Constant/xpath' is: 'Light'

2022-06-09 21:53:45 - [MESSAGE][PASSED] - Delayed 1 second(s)

2022-06-09 21:53:45 - [MESSAGE][PASSED] - Actual text 'Light' and expected text 'Light' are matched 

2022-06-09 21:53:45 - [TEST_STEP][PASSED] - I.VerifyMatchText("//*[@id="var_51"]", "All"): Actual text 'All' and expected text 'All' are matched 

2022-06-09 21:53:45 - [MESSAGE][PASSED] - Text of object 'Object Repository/1. Constant/xpath' is: 'All'

2022-06-09 21:53:46 - [MESSAGE][PASSED] - Delayed 1 second(s)

2022-06-09 21:53:46 - [MESSAGE][PASSED] - Actual text 'All' and expected text 'All' are matched 

2022-06-09 21:53:46 - [TEST_STEP][PASSED] - I.VerifyMatchText("//*[@id="var_50"]", "Active"): Actual text 'Active' and expected text 'Active' are matched 

2022-06-09 21:53:46 - [MESSAGE][PASSED] - Text of object 'Object Repository/1. Constant/xpath' is: 'Active'

2022-06-09 21:53:47 - [MESSAGE][PASSED] - Delayed 1 second(s)

2022-06-09 21:53:47 - [MESSAGE][PASSED] - Actual text 'Active' and expected text 'Active' are matched 

2022-06-09 21:53:47 - [TEST_STEP][PASSED] - I.VerifyMatchText("//*[@id="var_64"]", "FR DC SPI Ham" + "
" + "FR PL Montfort"): Actual text 'FR DC SPI Ham
FR PL Montfort' and expected text 'FR DC SPI Ham
FR PL Montfort' are matched 

2022-06-09 21:53:47 - [MESSAGE][PASSED] - Text of object 'Object Repository/1. Constant/xpath' is: 'FR DC SPI Ham
FR PL Montfort'

2022-06-09 21:53:48 - [MESSAGE][PASSED] - Delayed 1 second(s)

2022-06-09 21:53:48 - [MESSAGE][PASSED] - Actual text 'FR DC SPI Ham
FR PL Montfort' and expected text 'FR DC SPI Ham
FR PL Montfort' are matched 

2022-06-09 21:53:48 - [TEST_STEP][PASSED] - I.VerifyMatchText("//*[@id="var_53"]", "FR DC SPI Ham"): Actual text 'FR DC SPI Ham' and expected text 'FR DC SPI Ham' are matched 

2022-06-09 21:53:49 - [MESSAGE][PASSED] - Text of object 'Object Repository/1. Constant/xpath' is: 'FR DC SPI Ham'

2022-06-09 21:53:50 - [MESSAGE][PASSED] - Delayed 1 second(s)

2022-06-09 21:53:50 - [MESSAGE][PASSED] - Actual text 'FR DC SPI Ham' and expected text 'FR DC SPI Ham' are matched 

2022-06-09 21:53:50 - [TEST_STEP][PASSED] - I.VerifyMatchText("//*[@id="var_58"]", "Animal Lovers"): Actual text 'Animal Lovers' and expected text 'Animal Lovers' are matched 

2022-06-09 21:53:51 - [MESSAGE][PASSED] - Text of object 'Object Repository/1. Constant/xpath' is: 'Animal Lovers'

2022-06-09 21:53:52 - [MESSAGE][PASSED] - Delayed 1 second(s)

2022-06-09 21:53:52 - [MESSAGE][PASSED] - Actual text 'Animal Lovers' and expected text 'Animal Lovers' are matched 

2022-06-09 21:53:52 - [TEST_STEP][PASSED] - I.VerifyMatchText("//*[@id="var_59"]", "Deuerer"): Actual text 'Deuerer' and expected text 'Deuerer' are matched 

2022-06-09 21:53:52 - [MESSAGE][PASSED] - Text of object 'Object Repository/1. Constant/xpath' is: 'Deuerer'

2022-06-09 21:53:53 - [MESSAGE][PASSED] - Delayed 1 second(s)

2022-06-09 21:53:53 - [MESSAGE][PASSED] - Actual text 'Deuerer' and expected text 'Deuerer' are matched 

2022-06-09 21:53:53 - [TEST_STEP][PASSED] - I.VerifyMatchText("//*[@id="var_73"]", "Mousse"): Actual text 'Mousse' and expected text 'Mousse' are matched 

2022-06-09 21:53:54 - [MESSAGE][PASSED] - Text of object 'Object Repository/1. Constant/xpath' is: 'Mousse'

2022-06-09 21:53:55 - [MESSAGE][PASSED] - Delayed 1 second(s)

2022-06-09 21:53:55 - [MESSAGE][PASSED] - Actual text 'Mousse' and expected text 'Mousse' are matched 

2022-06-09 21:53:55 - [TEST_STEP][PASSED] - I.VerifyMatchText("//*[@id="var_66"]", "No"): Actual text 'No' and expected text 'No' are matched 

2022-06-09 21:53:55 - [MESSAGE][PASSED] - Text of object 'Object Repository/1. Constant/xpath' is: 'No'

2022-06-09 21:53:56 - [MESSAGE][PASSED] - Delayed 1 second(s)

2022-06-09 21:53:56 - [MESSAGE][PASSED] - Actual text 'No' and expected text 'No' are matched 

2022-06-09 21:53:56 - [TEST_STEP][PASSED] - I.VerifyMatchText("//*[@id="var_142"]", "No"): Actual text 'No' and expected text 'No' are matched 

2022-06-09 21:53:56 - [MESSAGE][PASSED] - Text of object 'Object Repository/1. Constant/xpath' is: 'No'

2022-06-09 21:53:57 - [MESSAGE][PASSED] - Delayed 1 second(s)

2022-06-09 21:53:57 - [MESSAGE][PASSED] - Actual text 'No' and expected text 'No' are matched 

2022-06-09 21:53:57 - [TEST_STEP][PASSED] - I.VerifyMatchText("//*[@id="var_143"]", "No"): Actual text 'No' and expected text 'No' are matched 

2022-06-09 21:53:57 - [MESSAGE][PASSED] - Text of object 'Object Repository/1. Constant/xpath' is: 'No'

2022-06-09 21:53:58 - [MESSAGE][PASSED] - Delayed 1 second(s)

2022-06-09 21:53:58 - [MESSAGE][PASSED] - Actual text 'No' and expected text 'No' are matched 

2022-06-09 21:53:58 - [TEST_STEP][PASSED] - I.VerifyMatchText("//*[@id="var_119"]", "LATAM"): Actual text 'LATAM' and expected text 'LATAM' are matched 

2022-06-09 21:53:59 - [MESSAGE][PASSED] - Text of object 'Object Repository/1. Constant/xpath' is: 'LATAM'

2022-06-09 21:54:00 - [MESSAGE][PASSED] - Delayed 1 second(s)

2022-06-09 21:54:00 - [MESSAGE][PASSED] - Actual text 'LATAM' and expected text 'LATAM' are matched 

2022-06-09 21:54:00 - [TEST_STEP][PASSED] - click(findTestObject("1. Constant/xpath", ["xpath":"//*[@id="kt_subheader"]/div/nav/ol/li[2]/a"])): Object: 'Object Repository/1. Constant/xpath' is clicked on

2022-06-09 21:54:04 - [MESSAGE][PASSED] - Object: 'Object Repository/1. Constant/xpath' is clicked on

2022-06-09 21:54:04 - [TEST_STEP][PASSED] - I.VerifyMatchText("//*[@id="kt_content"]/div[3]/div/div[2]/div[1]/div[1]/h1/span", "1"): Actual text '1' and expected text '1' are matched 

2022-06-09 21:54:05 - [MESSAGE][PASSED] - Text of object 'Object Repository/1. Constant/xpath' is: '1'

2022-06-09 21:54:06 - [MESSAGE][PASSED] - Delayed 1 second(s)

2022-06-09 21:54:06 - [MESSAGE][PASSED] - Actual text '1' and expected text '1' are matched 

2022-06-09 21:54:06 - [TEST_STEP][PASSED] - click(findTestObject("1. Constant/xpath", ["xpath":"//*[@id="fiches"]/table/tbody/tr[1]/td[5]/a[1]"])): Object: 'Object Repository/1. Constant/xpath' is clicked on

2022-06-09 21:54:09 - [MESSAGE][PASSED] - Object: 'Object Repository/1. Constant/xpath' is clicked on

2022-06-09 21:54:09 - [TEST_STEP][PASSED] - delay(1): Delayed 1 second(s)

2022-06-09 21:54:10 - [MESSAGE][PASSED] - Delayed 1 second(s)

2022-06-09 21:54:10 - [TEST_STEP][PASSED] - refID3 = I.RefID_Npp(): Current window's url is: 'http://mdb-release.diadeis.lan/MediaboxIndependence/Base/ExecAction?action=VoirRef&IDSession=MBI!RELTESTAUTO_NPP!OKD85XALQN9WH6VW0YGKQS9ASDN65WLPEOOHDCIO&num=EO25IXE3P8&id_ref=1058034'

2022-06-09 21:54:15 - [MESSAGE][PASSED] - Delayed 5 second(s)

2022-06-09 21:54:15 - [MESSAGE][PASSED] - Current window's url is: 'http://mdb-release.diadeis.lan/MediaboxIndependence/Base/ExecAction?action=VoirRef&IDSession=MBI!RELTESTAUTO_NPP!OKD85XALQN9WH6VW0YGKQS9ASDN65WLPEOOHDCIO&num=EO25IXE3P8&id_ref=1058034'

2022-06-09 21:54:15 - [TEST_STEP][PASSED] - click(findTestObject("1. Constant/xpath", ["xpath":"//*[@id="aff_full_brief"]"])): Object: 'Object Repository/1. Constant/xpath' is clicked on

2022-06-09 21:54:17 - [MESSAGE][PASSED] - Object: 'Object Repository/1. Constant/xpath' is clicked on

2022-06-09 21:54:17 - [TEST_STEP][PASSED] - delay(1): Delayed 1 second(s)

2022-06-09 21:54:18 - [MESSAGE][PASSED] - Delayed 1 second(s)

2022-06-09 21:54:18 - [TEST_STEP][PASSED] - I.VerifyMatchText("//*[@id="var_107"]", "Litter"): Actual text 'Litter' and expected text 'Litter' are matched 

2022-06-09 21:54:19 - [MESSAGE][PASSED] - Text of object 'Object Repository/1. Constant/xpath' is: 'Litter'

2022-06-09 21:54:20 - [MESSAGE][PASSED] - Delayed 1 second(s)

2022-06-09 21:54:20 - [MESSAGE][PASSED] - Actual text 'Litter' and expected text 'Litter' are matched 

2022-06-09 21:54:20 - [TEST_STEP][PASSED] - I.VerifyMatchText("//*[@id="var_108"]", "Clumping clay" + "
" + "Corn"): Actual text 'Clumping clay
Corn' and expected text 'Clumping clay
Corn' are matched 

2022-06-09 21:54:20 - [MESSAGE][PASSED] - Text of object 'Object Repository/1. Constant/xpath' is: 'Clumping clay
Corn'

2022-06-09 21:54:21 - [MESSAGE][PASSED] - Delayed 1 second(s)

2022-06-09 21:54:21 - [MESSAGE][PASSED] - Actual text 'Clumping clay
Corn' and expected text 'Clumping clay
Corn' are matched 

2022-06-09 21:54:21 - [TEST_STEP][PASSED] - I.VerifyMatchText("//*[@id="var_110"]", "Variety test"): Actual text 'Variety test' and expected text 'Variety test' are matched 

2022-06-09 21:54:22 - [MESSAGE][PASSED] - Text of object 'Object Repository/1. Constant/xpath' is: 'Variety test'

2022-06-09 21:54:23 - [MESSAGE][PASSED] - Delayed 1 second(s)

2022-06-09 21:54:23 - [MESSAGE][PASSED] - Actual text 'Variety test' and expected text 'Variety test' are matched 

2022-06-09 21:54:23 - [TEST_STEP][PASSED] - I.VerifyMatchText("//*[@id="var_133"]", "Alternative Format code test"): Actual text 'Alternative Format code test' and expected text 'Alternative Format code test' are matched 

2022-06-09 21:54:23 - [MESSAGE][PASSED] - Text of object 'Object Repository/1. Constant/xpath' is: 'Alternative Format code test'

2022-06-09 21:54:24 - [MESSAGE][PASSED] - Delayed 1 second(s)

2022-06-09 21:54:24 - [MESSAGE][PASSED] - Actual text 'Alternative Format code test' and expected text 'Alternative Format code test' are matched 

2022-06-09 21:54:24 - [TEST_STEP][PASSED] - I.VerifyMatchText("//*[@id="var_65"]", "FORMAT Product designation test"): Actual text 'FORMAT Product designation test' and expected text 'FORMAT Product designation test' are matched 

2022-06-09 21:54:24 - [MESSAGE][PASSED] - Text of object 'Object Repository/1. Constant/xpath' is: 'FORMAT Product designation test'

2022-06-09 21:54:25 - [MESSAGE][PASSED] - Delayed 1 second(s)

2022-06-09 21:54:25 - [MESSAGE][PASSED] - Actual text 'FORMAT Product designation test' and expected text 'FORMAT Product designation test' are matched 

2022-06-09 21:54:25 - [TEST_STEP][PASSED] - I.VerifyMatchText("//*[@id="var_103"]", "SAP Designation test > https://www.google.com/"): Actual text 'SAP Designation test > https://www.google.com/' and expected text 'SAP Designation test > https://www.google.com/' are matched 

2022-06-09 21:54:25 - [MESSAGE][PASSED] - Text of object 'Object Repository/1. Constant/xpath' is: 'SAP Designation test > https://www.google.com/'

2022-06-09 21:54:26 - [MESSAGE][PASSED] - Delayed 1 second(s)

2022-06-09 21:54:26 - [MESSAGE][PASSED] - Actual text 'SAP Designation test > https://www.google.com/' and expected text 'SAP Designation test > https://www.google.com/' are matched 

2022-06-09 21:54:26 - [TEST_STEP][PASSED] - I.VerifyMatchText("//*[@id="var_139"]", "Claim Substantiation Project Link > https://www.google.com/"): Actual text 'Claim Substantiation Project Link > https://www.google.com/' and expected text 'Claim Substantiation Project Link > https://www.google.com/' are matched 

2022-06-09 21:54:27 - [MESSAGE][PASSED] - Text of object 'Object Repository/1. Constant/xpath' is: 'Claim Substantiation Project Link > https://www.google.com/'

2022-06-09 21:54:28 - [MESSAGE][PASSED] - Delayed 1 second(s)

2022-06-09 21:54:28 - [MESSAGE][PASSED] - Actual text 'Claim Substantiation Project Link > https://www.google.com/' and expected text 'Claim Substantiation Project Link > https://www.google.com/' are matched 

2022-06-09 21:54:28 - [TEST_STEP][PASSED] - I.VerifyMatchText("//*[@id="var_160"]", "Grading standard link > test"): Actual text 'Grading standard link > test' and expected text 'Grading standard link > test' are matched 

2022-06-09 21:54:28 - [MESSAGE][PASSED] - Text of object 'Object Repository/1. Constant/xpath' is: 'Grading standard link > test'

2022-06-09 21:54:29 - [MESSAGE][PASSED] - Delayed 1 second(s)

2022-06-09 21:54:29 - [MESSAGE][PASSED] - Actual text 'Grading standard link > test' and expected text 'Grading standard link > test' are matched 

2022-06-09 21:54:29 - [TEST_STEP][PASSED] - I.VerifyMatchText("//*[@id="var_62"]", "DPET > test"): Actual text 'DPET > test' and expected text 'DPET > test' are matched 

2022-06-09 21:54:31 - [MESSAGE][PASSED] - Text of object 'Object Repository/1. Constant/xpath' is: 'DPET > test'

2022-06-09 21:54:32 - [MESSAGE][PASSED] - Delayed 1 second(s)

2022-06-09 21:54:32 - [MESSAGE][PASSED] - Actual text 'DPET > test' and expected text 'DPET > test' are matched 

2022-06-09 21:54:32 - [TEST_STEP][PASSED] - I.VerifyMatchText("//*[@id="var_90"]", "Project name > test"): Actual text 'Project name > test' and expected text 'Project name > test' are matched 

2022-06-09 21:54:32 - [MESSAGE][PASSED] - Text of object 'Object Repository/1. Constant/xpath' is: 'Project name > test'

2022-06-09 21:54:33 - [MESSAGE][PASSED] - Delayed 1 second(s)

2022-06-09 21:54:33 - [MESSAGE][PASSED] - Actual text 'Project name > test' and expected text 'Project name > test' are matched 

2022-06-09 21:54:33 - [TEST_STEP][PASSED] - I.VerifyMatchText("//*[@id="var_91"]", "HIP"): Actual text 'HIP' and expected text 'HIP' are matched 

2022-06-09 21:54:33 - [MESSAGE][PASSED] - Text of object 'Object Repository/1. Constant/xpath' is: 'HIP'

2022-06-09 21:54:34 - [MESSAGE][PASSED] - Delayed 1 second(s)

2022-06-09 21:54:34 - [MESSAGE][PASSED] - Actual text 'HIP' and expected text 'HIP' are matched 

2022-06-09 21:54:34 - [TEST_STEP][PASSED] - I.VerifyMatchText("//*[@id="var_71"]", "25/08/2021"): Actual text '25/08/2021' and expected text '25/08/2021' are matched 

2022-06-09 21:54:34 - [MESSAGE][PASSED] - Text of object 'Object Repository/1. Constant/xpath' is: '25/08/2021'

2022-06-09 21:54:35 - [MESSAGE][PASSED] - Delayed 1 second(s)

2022-06-09 21:54:35 - [MESSAGE][PASSED] - Actual text '25/08/2021' and expected text '25/08/2021' are matched 

2022-06-09 21:54:35 - [TEST_STEP][PASSED] - I.VerifyMatchText("//*[@id="var_72"]", "01/12/2021"): Actual text '01/12/2021' and expected text '01/12/2021' are matched 

2022-06-09 21:54:35 - [MESSAGE][PASSED] - Text of object 'Object Repository/1. Constant/xpath' is: '01/12/2021'

2022-06-09 21:54:36 - [MESSAGE][PASSED] - Delayed 1 second(s)

2022-06-09 21:54:36 - [MESSAGE][PASSED] - Actual text '01/12/2021' and expected text '01/12/2021' are matched 

2022-06-09 21:54:36 - [TEST_STEP][PASSED] - I.VerifyMatchText("//*[@id="var_116"]", "01/12/2021"): Actual text '01/12/2021' and expected text '01/12/2021' are matched 

2022-06-09 21:54:36 - [MESSAGE][PASSED] - Text of object 'Object Repository/1. Constant/xpath' is: '01/12/2021'

2022-06-09 21:54:37 - [MESSAGE][PASSED] - Delayed 1 second(s)

2022-06-09 21:54:37 - [MESSAGE][PASSED] - Actual text '01/12/2021' and expected text '01/12/2021' are matched 

2022-06-09 21:54:37 - [TEST_STEP][PASSED] - I.VerifyMatchText("//*[@id="var_89"]", "Project Information - Comments"): Actual text 'Project Information - Comments' and expected text 'Project Information - Comments' are matched 

2022-06-09 21:54:38 - [MESSAGE][PASSED] - Text of object 'Object Repository/1. Constant/xpath' is: 'Project Information - Comments'

2022-06-09 21:54:39 - [MESSAGE][PASSED] - Delayed 1 second(s)

2022-06-09 21:54:39 - [MESSAGE][PASSED] - Actual text 'Project Information - Comments' and expected text 'Project Information - Comments' are matched 

2022-06-09 21:54:39 - [TEST_STEP][PASSED] - I.VerifyMatchText("//*[@id="var_93"]", "Reason for change test"): Actual text 'Reason for change test' and expected text 'Reason for change test' are matched 

2022-06-09 21:54:39 - [MESSAGE][PASSED] - Text of object 'Object Repository/1. Constant/xpath' is: 'Reason for change test'

2022-06-09 21:54:40 - [MESSAGE][PASSED] - Delayed 1 second(s)

2022-06-09 21:54:40 - [MESSAGE][PASSED] - Actual text 'Reason for change test' and expected text 'Reason for change test' are matched 

2022-06-09 21:54:40 - [TEST_STEP][PASSED] - I.VerifyMatchText("//*[@id="var_54"]", "Tidy Cat"): Actual text 'Tidy Cat' and expected text 'Tidy Cat' are matched 

2022-06-09 21:54:40 - [MESSAGE][PASSED] - Text of object 'Object Repository/1. Constant/xpath' is: 'Tidy Cat'

2022-06-09 21:54:41 - [MESSAGE][PASSED] - Delayed 1 second(s)

2022-06-09 21:54:41 - [MESSAGE][PASSED] - Actual text 'Tidy Cat' and expected text 'Tidy Cat' are matched 

2022-06-09 21:54:41 - [TEST_STEP][PASSED] - I.VerifyMatchText("//*[@id="var_106"]", "Tidy Cat - CRYSTALS BLEND"): Actual text 'Tidy Cat - CRYSTALS BLEND' and expected text 'Tidy Cat - CRYSTALS BLEND' are matched 

2022-06-09 21:54:42 - [MESSAGE][PASSED] - Text of object 'Object Repository/1. Constant/xpath' is: 'Tidy Cat - CRYSTALS BLEND'

2022-06-09 21:54:43 - [MESSAGE][PASSED] - Delayed 1 second(s)

2022-06-09 21:54:43 - [MESSAGE][PASSED] - Actual text 'Tidy Cat - CRYSTALS BLEND' and expected text 'Tidy Cat - CRYSTALS BLEND' are matched 

2022-06-09 21:54:43 - [TEST_STEP][PASSED] - I.VerifyMatchText("//*[@id="var_92"]", "Premium"): Actual text 'Premium' and expected text 'Premium' are matched 

2022-06-09 21:54:43 - [MESSAGE][PASSED] - Text of object 'Object Repository/1. Constant/xpath' is: 'Premium'

2022-06-09 21:54:44 - [MESSAGE][PASSED] - Delayed 1 second(s)

2022-06-09 21:54:44 - [MESSAGE][PASSED] - Actual text 'Premium' and expected text 'Premium' are matched 

2022-06-09 21:54:44 - [TEST_STEP][PASSED] - I.VerifyMatchText("//*[@id="var_88"]", "Superfood"): Actual text 'Superfood' and expected text 'Superfood' are matched 

2022-06-09 21:54:45 - [MESSAGE][PASSED] - Text of object 'Object Repository/1. Constant/xpath' is: 'Superfood'

2022-06-09 21:54:46 - [MESSAGE][PASSED] - Delayed 1 second(s)

2022-06-09 21:54:46 - [MESSAGE][PASSED] - Actual text 'Superfood' and expected text 'Superfood' are matched 

2022-06-09 21:54:46 - [TEST_STEP][PASSED] - I.VerifyMatchText("//*[@id="var_86"]", "No color"): Actual text 'No color' and expected text 'No color' are matched 

2022-06-09 21:54:46 - [MESSAGE][PASSED] - Text of object 'Object Repository/1. Constant/xpath' is: 'No color'

2022-06-09 21:54:47 - [MESSAGE][PASSED] - Delayed 1 second(s)

2022-06-09 21:54:47 - [MESSAGE][PASSED] - Actual text 'No color' and expected text 'No color' are matched 

2022-06-09 21:54:47 - [TEST_STEP][PASSED] - I.VerifyMatchText("//*[@id="var_57"]", "Not applicable"): Actual text 'Not applicable' and expected text 'Not applicable' are matched 

2022-06-09 21:54:47 - [MESSAGE][PASSED] - Text of object 'Object Repository/1. Constant/xpath' is: 'Not applicable'

2022-06-09 21:54:48 - [MESSAGE][PASSED] - Delayed 1 second(s)

2022-06-09 21:54:48 - [MESSAGE][PASSED] - Actual text 'Not applicable' and expected text 'Not applicable' are matched 

2022-06-09 21:54:48 - [TEST_STEP][PASSED] - I.VerifyMatchText("//*[@id="var_87"]", "Yes"): Actual text 'Yes' and expected text 'Yes' are matched 

2022-06-09 21:54:50 - [MESSAGE][PASSED] - Text of object 'Object Repository/1. Constant/xpath' is: 'Yes'

2022-06-09 21:54:51 - [MESSAGE][PASSED] - Delayed 1 second(s)

2022-06-09 21:54:51 - [MESSAGE][PASSED] - Actual text 'Yes' and expected text 'Yes' are matched 

2022-06-09 21:54:51 - [TEST_STEP][PASSED] - I.VerifyMatchText("//*[@id="var_109"]", "Complete"): Actual text 'Complete' and expected text 'Complete' are matched 

2022-06-09 21:54:51 - [MESSAGE][PASSED] - Text of object 'Object Repository/1. Constant/xpath' is: 'Complete'

2022-06-09 21:54:52 - [MESSAGE][PASSED] - Delayed 1 second(s)

2022-06-09 21:54:52 - [MESSAGE][PASSED] - Actual text 'Complete' and expected text 'Complete' are matched 

2022-06-09 21:54:52 - [TEST_STEP][PASSED] - I.VerifyMatchText("//*[@id="var_52"]", "Dogs & Cats"): Actual text 'Dogs & Cats' and expected text 'Dogs & Cats' are matched 

2022-06-09 21:54:53 - [MESSAGE][PASSED] - Text of object 'Object Repository/1. Constant/xpath' is: 'Dogs & Cats'

2022-06-09 21:54:54 - [MESSAGE][PASSED] - Delayed 1 second(s)

2022-06-09 21:54:54 - [MESSAGE][PASSED] - Actual text 'Dogs & Cats' and expected text 'Dogs & Cats' are matched 

2022-06-09 21:54:54 - [TEST_STEP][PASSED] - I.VerifyMatchText("//*[@id="var_67"]", "Tidy Cat - Adult"): Actual text 'Tidy Cat - Adult' and expected text 'Tidy Cat - Adult' are matched 

2022-06-09 21:54:54 - [MESSAGE][PASSED] - Text of object 'Object Repository/1. Constant/xpath' is: 'Tidy Cat - Adult'

2022-06-09 21:54:55 - [MESSAGE][PASSED] - Delayed 1 second(s)

2022-06-09 21:54:55 - [MESSAGE][PASSED] - Actual text 'Tidy Cat - Adult' and expected text 'Tidy Cat - Adult' are matched 

2022-06-09 21:54:55 - [TEST_STEP][PASSED] - I.VerifyMatchText("//*[@id="var_140"]", "Light"): Actual text 'Light' and expected text 'Light' are matched 

2022-06-09 21:54:55 - [MESSAGE][PASSED] - Text of object 'Object Repository/1. Constant/xpath' is: 'Light'

2022-06-09 21:54:56 - [MESSAGE][PASSED] - Delayed 1 second(s)

2022-06-09 21:54:56 - [MESSAGE][PASSED] - Actual text 'Light' and expected text 'Light' are matched 

2022-06-09 21:54:56 - [TEST_STEP][PASSED] - I.VerifyMatchText("//*[@id="var_51"]", "All"): Actual text 'All' and expected text 'All' are matched 

2022-06-09 21:54:56 - [MESSAGE][PASSED] - Text of object 'Object Repository/1. Constant/xpath' is: 'All'

2022-06-09 21:54:57 - [MESSAGE][PASSED] - Delayed 1 second(s)

2022-06-09 21:54:57 - [MESSAGE][PASSED] - Actual text 'All' and expected text 'All' are matched 

2022-06-09 21:54:57 - [TEST_STEP][PASSED] - I.VerifyMatchText("//*[@id="var_50"]", "Active"): Actual text 'Active' and expected text 'Active' are matched 

2022-06-09 21:54:58 - [MESSAGE][PASSED] - Text of object 'Object Repository/1. Constant/xpath' is: 'Active'

2022-06-09 21:54:59 - [MESSAGE][PASSED] - Delayed 1 second(s)

2022-06-09 21:54:59 - [MESSAGE][PASSED] - Actual text 'Active' and expected text 'Active' are matched 

2022-06-09 21:54:59 - [TEST_STEP][PASSED] - I.VerifyMatchText("//*[@id="var_64"]", "FR DC SPI Ham" + "
" + "FR PL Montfort"): Actual text 'FR DC SPI Ham
FR PL Montfort' and expected text 'FR DC SPI Ham
FR PL Montfort' are matched 

2022-06-09 21:54:59 - [MESSAGE][PASSED] - Text of object 'Object Repository/1. Constant/xpath' is: 'FR DC SPI Ham
FR PL Montfort'

2022-06-09 21:55:00 - [MESSAGE][PASSED] - Delayed 1 second(s)

2022-06-09 21:55:00 - [MESSAGE][PASSED] - Actual text 'FR DC SPI Ham
FR PL Montfort' and expected text 'FR DC SPI Ham
FR PL Montfort' are matched 

2022-06-09 21:55:00 - [TEST_STEP][PASSED] - I.VerifyMatchText("//*[@id="var_53"]", "FR DC SPI Ham"): Actual text 'FR DC SPI Ham' and expected text 'FR DC SPI Ham' are matched 

2022-06-09 21:55:00 - [MESSAGE][PASSED] - Text of object 'Object Repository/1. Constant/xpath' is: 'FR DC SPI Ham'

2022-06-09 21:55:01 - [MESSAGE][PASSED] - Delayed 1 second(s)

2022-06-09 21:55:01 - [MESSAGE][PASSED] - Actual text 'FR DC SPI Ham' and expected text 'FR DC SPI Ham' are matched 

2022-06-09 21:55:01 - [TEST_STEP][PASSED] - I.VerifyMatchText("//*[@id="var_58"]", "Animal Lovers"): Actual text 'Animal Lovers' and expected text 'Animal Lovers' are matched 

2022-06-09 21:55:02 - [MESSAGE][PASSED] - Text of object 'Object Repository/1. Constant/xpath' is: 'Animal Lovers'

2022-06-09 21:55:03 - [MESSAGE][PASSED] - Delayed 1 second(s)

2022-06-09 21:55:03 - [MESSAGE][PASSED] - Actual text 'Animal Lovers' and expected text 'Animal Lovers' are matched 

2022-06-09 21:55:03 - [TEST_STEP][PASSED] - I.VerifyMatchText("//*[@id="var_59"]", "Deuerer"): Actual text 'Deuerer' and expected text 'Deuerer' are matched 

2022-06-09 21:55:03 - [MESSAGE][PASSED] - Text of object 'Object Repository/1. Constant/xpath' is: 'Deuerer'

2022-06-09 21:55:04 - [MESSAGE][PASSED] - Delayed 1 second(s)

2022-06-09 21:55:04 - [MESSAGE][PASSED] - Actual text 'Deuerer' and expected text 'Deuerer' are matched 

2022-06-09 21:55:04 - [TEST_STEP][PASSED] - I.VerifyMatchText("//*[@id="var_73"]", "Mousse"): Actual text 'Mousse' and expected text 'Mousse' are matched 

2022-06-09 21:55:04 - [MESSAGE][PASSED] - Text of object 'Object Repository/1. Constant/xpath' is: 'Mousse'

2022-06-09 21:55:05 - [MESSAGE][PASSED] - Delayed 1 second(s)

2022-06-09 21:55:05 - [MESSAGE][PASSED] - Actual text 'Mousse' and expected text 'Mousse' are matched 

2022-06-09 21:55:05 - [TEST_STEP][PASSED] - I.VerifyMatchText("//*[@id="var_85"]", "Anna KIM"): Actual text 'Anna KIM' and expected text 'Anna KIM' are matched 

2022-06-09 21:55:06 - [MESSAGE][PASSED] - Text of object 'Object Repository/1. Constant/xpath' is: 'Anna KIM'

2022-06-09 21:55:07 - [MESSAGE][PASSED] - Delayed 1 second(s)

2022-06-09 21:55:07 - [MESSAGE][PASSED] - Actual text 'Anna KIM' and expected text 'Anna KIM' are matched 

2022-06-09 21:55:07 - [TEST_STEP][PASSED] - I.VerifyMatchText("//*[@id="var_82"]", "AnneLise GAUDIN"): Actual text 'AnneLise GAUDIN' and expected text 'AnneLise GAUDIN' are matched 

2022-06-09 21:55:07 - [MESSAGE][PASSED] - Text of object 'Object Repository/1. Constant/xpath' is: 'AnneLise GAUDIN'

2022-06-09 21:55:08 - [MESSAGE][PASSED] - Delayed 1 second(s)

2022-06-09 21:55:08 - [MESSAGE][PASSED] - Actual text 'AnneLise GAUDIN' and expected text 'AnneLise GAUDIN' are matched 

2022-06-09 21:55:08 - [TEST_STEP][PASSED] - I.VerifyMatchText("//*[@id="var_74"]", "Alexandra FRAPPAZ"): Actual text 'Alexandra FRAPPAZ' and expected text 'Alexandra FRAPPAZ' are matched 

2022-06-09 21:55:08 - [MESSAGE][PASSED] - Text of object 'Object Repository/1. Constant/xpath' is: 'Alexandra FRAPPAZ'

2022-06-09 21:55:09 - [MESSAGE][PASSED] - Delayed 1 second(s)

2022-06-09 21:55:09 - [MESSAGE][PASSED] - Actual text 'Alexandra FRAPPAZ' and expected text 'Alexandra FRAPPAZ' are matched 

2022-06-09 21:55:09 - [TEST_STEP][PASSED] - I.VerifyMatchText("//*[@id="var_168"]", "Anastasiia BRAZHNIKOVA PX" + "
" + "Amelia LARKINS" + "
" + "Camille DEMONCHY"): Actual text 'Anastasiia BRAZHNIKOVA PX
Amelia LARKINS
Camille DEMONCHY' and expected text 'Anastasiia BRAZHNIKOVA PX
Amelia LARKINS
Camille DEMONCHY' are matched 

2022-06-09 21:55:09 - [MESSAGE][PASSED] - Text of object 'Object Repository/1. Constant/xpath' is: 'Anastasiia BRAZHNIKOVA PX
Amelia LARKINS
Camille DEMONCHY'

2022-06-09 21:55:10 - [MESSAGE][PASSED] - Delayed 1 second(s)

2022-06-09 21:55:10 - [MESSAGE][PASSED] - Actual text 'Anastasiia BRAZHNIKOVA PX
Amelia LARKINS
Camille DEMONCHY' and expected text 'Anastasiia BRAZHNIKOVA PX
Amelia LARKINS
Camille DEMONCHY' are matched 

2022-06-09 21:55:10 - [TEST_STEP][PASSED] - I.VerifyMatchText("//*[@id="var_60"]", "Adam SVEGAARD (D2D)"): Actual text 'Adam SVEGAARD (D2D)' and expected text 'Adam SVEGAARD (D2D)' are matched 

2022-06-09 21:55:11 - [MESSAGE][PASSED] - Text of object 'Object Repository/1. Constant/xpath' is: 'Adam SVEGAARD (D2D)'

2022-06-09 21:55:12 - [MESSAGE][PASSED] - Delayed 1 second(s)

2022-06-09 21:55:12 - [MESSAGE][PASSED] - Actual text 'Adam SVEGAARD (D2D)' and expected text 'Adam SVEGAARD (D2D)' are matched 

2022-06-09 21:55:12 - [TEST_STEP][PASSED] - I.VerifyMatchText("//*[@id="var_102"]", "Amelie SERMENT"): Actual text 'Amelie SERMENT' and expected text 'Amelie SERMENT' are matched 

2022-06-09 21:55:12 - [MESSAGE][PASSED] - Text of object 'Object Repository/1. Constant/xpath' is: 'Amelie SERMENT'

2022-06-09 21:55:13 - [MESSAGE][PASSED] - Delayed 1 second(s)

2022-06-09 21:55:13 - [MESSAGE][PASSED] - Actual text 'Amelie SERMENT' and expected text 'Amelie SERMENT' are matched 

2022-06-09 21:55:13 - [TEST_STEP][PASSED] - I.VerifyMatchText("//*[@id="var_63"]", "Alexandra SAVREUX (E2E)"): Actual text 'Alexandra SAVREUX (E2E)' and expected text 'Alexandra SAVREUX (E2E)' are matched 

2022-06-09 21:55:13 - [MESSAGE][PASSED] - Text of object 'Object Repository/1. Constant/xpath' is: 'Alexandra SAVREUX (E2E)'

2022-06-09 21:55:14 - [MESSAGE][PASSED] - Delayed 1 second(s)

2022-06-09 21:55:14 - [MESSAGE][PASSED] - Actual text 'Alexandra SAVREUX (E2E)' and expected text 'Alexandra SAVREUX (E2E)' are matched 

2022-06-09 21:55:14 - [TEST_STEP][PASSED] - I.VerifyMatchText("//*[@id="var_161"]", "Ana CHAVES"): Actual text 'Ana CHAVES' and expected text 'Ana CHAVES' are matched 

2022-06-09 21:55:15 - [MESSAGE][PASSED] - Text of object 'Object Repository/1. Constant/xpath' is: 'Ana CHAVES'

2022-06-09 21:55:16 - [MESSAGE][PASSED] - Delayed 1 second(s)

2022-06-09 21:55:16 - [MESSAGE][PASSED] - Actual text 'Ana CHAVES' and expected text 'Ana CHAVES' are matched 

2022-06-09 21:55:16 - [TEST_STEP][PASSED] - I.VerifyMatchText("//*[@id="var_66"]", "No"): Actual text 'No' and expected text 'No' are matched 

2022-06-09 21:55:16 - [MESSAGE][PASSED] - Text of object 'Object Repository/1. Constant/xpath' is: 'No'

2022-06-09 21:55:17 - [MESSAGE][PASSED] - Delayed 1 second(s)

2022-06-09 21:55:17 - [MESSAGE][PASSED] - Actual text 'No' and expected text 'No' are matched 

2022-06-09 21:55:17 - [TEST_STEP][PASSED] - I.VerifyMatchText("//*[@id="var_142"]", "No"): Actual text 'No' and expected text 'No' are matched 

2022-06-09 21:55:17 - [MESSAGE][PASSED] - Text of object 'Object Repository/1. Constant/xpath' is: 'No'

2022-06-09 21:55:18 - [MESSAGE][PASSED] - Delayed 1 second(s)

2022-06-09 21:55:18 - [MESSAGE][PASSED] - Actual text 'No' and expected text 'No' are matched 

2022-06-09 21:55:18 - [TEST_STEP][PASSED] - I.VerifyMatchText("//*[@id="var_143"]", "No"): Actual text 'No' and expected text 'No' are matched 

2022-06-09 21:55:18 - [MESSAGE][PASSED] - Text of object 'Object Repository/1. Constant/xpath' is: 'No'

2022-06-09 21:55:19 - [MESSAGE][PASSED] - Delayed 1 second(s)

2022-06-09 21:55:19 - [MESSAGE][PASSED] - Actual text 'No' and expected text 'No' are matched 

2022-06-09 21:55:19 - [TEST_STEP][PASSED] - I.VerifyMatchText("//*[@id="var_119"]", "LATAM"): Actual text 'LATAM' and expected text 'LATAM' are matched 

2022-06-09 21:55:19 - [MESSAGE][PASSED] - Text of object 'Object Repository/1. Constant/xpath' is: 'LATAM'

2022-06-09 21:55:20 - [MESSAGE][PASSED] - Delayed 1 second(s)

2022-06-09 21:55:20 - [MESSAGE][PASSED] - Actual text 'LATAM' and expected text 'LATAM' are matched 

2022-06-09 21:55:20 - [TEST_STEP][PASSED] - I.VerifyMatchText("//*[@id="var_79"]", "Bag - Woven"): Actual text 'Bag - Woven' and expected text 'Bag - Woven' are matched 

2022-06-09 21:55:20 - [MESSAGE][PASSED] - Text of object 'Object Repository/1. Constant/xpath' is: 'Bag - Woven'

2022-06-09 21:55:21 - [MESSAGE][PASSED] - Delayed 1 second(s)

2022-06-09 21:55:21 - [MESSAGE][PASSED] - Actual text 'Bag - Woven' and expected text 'Bag - Woven' are matched 

2022-06-09 21:55:21 - [TEST_STEP][PASSED] - I.VerifyMatchText("//*[@id="var_78"]", "1.1kg" + "
" + "1.2kg"): Actual text '1.1kg
1.2kg' and expected text '1.1kg
1.2kg' are matched 

2022-06-09 21:55:22 - [MESSAGE][PASSED] - Text of object 'Object Repository/1. Constant/xpath' is: '1.1kg
1.2kg'

2022-06-09 21:55:23 - [MESSAGE][PASSED] - Delayed 1 second(s)

2022-06-09 21:55:23 - [MESSAGE][PASSED] - Actual text '1.1kg
1.2kg' and expected text '1.1kg
1.2kg' are matched 

2022-06-09 21:55:23 - [TEST_STEP][PASSED] - I.VerifyMatchText("//*[@id="var_61"]", "Vet"): Actual text 'Vet' and expected text 'Vet' are matched 

2022-06-09 21:55:23 - [MESSAGE][PASSED] - Text of object 'Object Repository/1. Constant/xpath' is: 'Vet'

2022-06-09 21:55:24 - [MESSAGE][PASSED] - Delayed 1 second(s)

2022-06-09 21:55:24 - [MESSAGE][PASSED] - Actual text 'Vet' and expected text 'Vet' are matched 

2022-06-09 21:55:24 - [TEST_STEP][PASSED] - I.VerifyMatchText("//*[@id="var_104"]", "Albania" + "
" + "Austria"): Actual text 'Albania
Austria' and expected text 'Albania
Austria' are matched 

2022-06-09 21:55:24 - [MESSAGE][PASSED] - Text of object 'Object Repository/1. Constant/xpath' is: 'Albania
Austria'

2022-06-09 21:55:25 - [MESSAGE][PASSED] - Delayed 1 second(s)

2022-06-09 21:55:25 - [MESSAGE][PASSED] - Actual text 'Albania
Austria' and expected text 'Albania
Austria' are matched 

2022-06-09 21:55:25 - [TEST_STEP][PASSED] - I.VerifyMatchText("//*[@id="var_84"]", "Anna KIM"): Actual text 'Anna KIM' and expected text 'Anna KIM' are matched 

2022-06-09 21:55:25 - [MESSAGE][PASSED] - Text of object 'Object Repository/1. Constant/xpath' is: 'Anna KIM'

2022-06-09 21:55:26 - [MESSAGE][PASSED] - Delayed 1 second(s)

2022-06-09 21:55:26 - [MESSAGE][PASSED] - Actual text 'Anna KIM' and expected text 'Anna KIM' are matched 

2022-06-09 21:55:26 - [TEST_STEP][PASSED] - I.VerifyMatchText("//*[@id="var_76"]", "Alexandra FRAPPAZ"): Actual text 'Alexandra FRAPPAZ' and expected text 'Alexandra FRAPPAZ' are matched 

2022-06-09 21:55:27 - [MESSAGE][PASSED] - Text of object 'Object Repository/1. Constant/xpath' is: 'Alexandra FRAPPAZ'

2022-06-09 21:55:28 - [MESSAGE][PASSED] - Delayed 1 second(s)

2022-06-09 21:55:28 - [MESSAGE][PASSED] - Actual text 'Alexandra FRAPPAZ' and expected text 'Alexandra FRAPPAZ' are matched 

2022-06-09 21:55:28 - [TEST_STEP][PASSED] - I.VerifyMatchText("//*[@id="var_56"]", "Amelie SERMENT"): Actual text 'Amelie SERMENT' and expected text 'Amelie SERMENT' are matched 

2022-06-09 21:55:28 - [MESSAGE][PASSED] - Text of object 'Object Repository/1. Constant/xpath' is: 'Amelie SERMENT'

2022-06-09 21:55:29 - [MESSAGE][PASSED] - Delayed 1 second(s)

2022-06-09 21:55:29 - [MESSAGE][PASSED] - Actual text 'Amelie SERMENT' and expected text 'Amelie SERMENT' are matched 

2022-06-09 21:55:29 - [TEST_STEP][PASSED] - I.VerifyMatchText("//*[@id="var_169"]", "Version History"): Actual text 'Version History' and expected text 'Version History' are matched 

2022-06-09 21:55:29 - [MESSAGE][PASSED] - Text of object 'Object Repository/1. Constant/xpath' is: 'Version History'

2022-06-09 21:55:30 - [MESSAGE][PASSED] - Delayed 1 second(s)

2022-06-09 21:55:30 - [MESSAGE][PASSED] - Actual text 'Version History' and expected text 'Version History' are matched 

2022-06-09 21:55:30 - [TEST_STEP][PASSED] - delay(1): Delayed 1 second(s)

2022-06-09 21:55:31 - [MESSAGE][PASSED] - Delayed 1 second(s)

2022-06-09 21:55:31 - [TEST_STEP][PASSED] - click(findTestObject("1. Constant/xpath", ["xpath":"//*[@id="kt_content"]/div[3]/div/ul/li[3]/a"])): Object: 'Object Repository/1. Constant/xpath' is clicked on

2022-06-09 21:55:32 - [MESSAGE][PASSED] - Object: 'Object Repository/1. Constant/xpath' is clicked on

2022-06-09 21:55:32 - [TEST_STEP][PASSED] - delay(1): Delayed 1 second(s)

2022-06-09 21:55:33 - [MESSAGE][PASSED] - Delayed 1 second(s)

2022-06-09 21:55:33 - [TEST_STEP][PASSED] - I.VerifyMatchText("//*[@id="tab_lifecycle"]/div/h3", "LSS Lifecycle (3)"): Actual text 'LSS Lifecycle (3)' and expected text 'LSS Lifecycle (3)' are matched 

2022-06-09 21:55:34 - [MESSAGE][PASSED] - Text of object 'Object Repository/1. Constant/xpath' is: 'LSS Lifecycle (3)'

2022-06-09 21:55:35 - [MESSAGE][PASSED] - Delayed 1 second(s)

2022-06-09 21:55:35 - [MESSAGE][PASSED] - Actual text 'LSS Lifecycle (3)' and expected text 'LSS Lifecycle (3)' are matched 

2022-06-09 21:55:35 - [TEST_STEP][PASSED] - click(findTestObject("1. Constant/xpath", ["xpath":"//*[@id="kt_content"]/div[3]/div/ul/li[1]/a"])): Object: 'Object Repository/1. Constant/xpath' is clicked on

2022-06-09 21:55:37 - [MESSAGE][PASSED] - Object: 'Object Repository/1. Constant/xpath' is clicked on

2022-06-09 21:55:37 - [TEST_STEP][PASSED] - delay(1): Delayed 1 second(s)

2022-06-09 21:55:38 - [MESSAGE][PASSED] - Delayed 1 second(s)

2022-06-09 21:55:38 - [TEST_STEP][PASSED] - click(findTestObject("1. Constant/xpath", ["xpath":"//*[@id="aff_text_content_brief"]"])): Object: 'Object Repository/1. Constant/xpath' is clicked on

2022-06-09 21:55:38 - [MESSAGE][PASSED] - Object: 'Object Repository/1. Constant/xpath' is clicked on

2022-06-09 21:55:38 - [TEST_STEP][PASSED] - delay(5): Delayed 5 second(s)

2022-06-09 21:55:43 - [MESSAGE][PASSED] - Delayed 5 second(s)

2022-06-09 21:55:43 - [TEST_STEP][PASSED] - ExpectedValue1 = "Analytical Constituents:" + "
" + "protein: %," + "
" + "fat content: %," + "
" + "crude ash: %," + "
" + "crude fibre: %," + "
" + "omega 6 fatty acids: %.": null

2022-06-09 21:55:43 - [TEST_STEP][PASSED] - ExpectedValue2 = "Analytical constituents:" + "
" + "Protein: %," + "
" + "Fat content: %," + "
" + "Crude ash: %," + "
" + "Crude fibre: %," + "
" + "Omega 6 fatty acids: %.": null

2022-06-09 21:55:43 - [TEST_STEP][PASSED] - I.Verify_Table_getdata("//*[@id="table_body"]", 0, 8, ExpectedValue1): Actual text 'Analytical Constituents:
protein: %,
fat content: %,
crude ash: %,
crude fibre: %,
omega 6 fatty acids: %.' and expected text 'Analytical Constituents:
protein: %,
fat content: %,
crude ash: %,
crude fibre: %,
omega 6 fatty acids: %.' are matched 

2022-06-09 21:55:43 - [MESSAGE][PASSED] - Actual text 'Analytical Constituents:
protein: %,
fat content: %,
crude ash: %,
crude fibre: %,
omega 6 fatty acids: %.' and expected text 'Analytical Constituents:
protein: %,
fat content: %,
crude ash: %,
crude fibre: %,
omega 6 fatty acids: %.' are matched 

2022-06-09 21:55:43 - [TEST_STEP][PASSED] - I.Verify_Table_getdata("//*[@id="table_body"]", 0, 9, ExpectedValue2): Actual text 'Analytical constituents:
Protein: %,
Fat content: %,
Crude ash: %,
Crude fibre: %,
Omega 6 fatty acids: %.' and expected text 'Analytical constituents:
Protein: %,
Fat content: %,
Crude ash: %,
Crude fibre: %,
Omega 6 fatty acids: %.' are matched 

2022-06-09 21:55:43 - [MESSAGE][PASSED] - Actual text 'Analytical constituents:
Protein: %,
Fat content: %,
Crude ash: %,
Crude fibre: %,
Omega 6 fatty acids: %.' and expected text 'Analytical constituents:
Protein: %,
Fat content: %,
Crude ash: %,
Crude fibre: %,
Omega 6 fatty acids: %.' are matched 

2022-06-09 21:55:43 - [TEST_STEP][PASSED] - click(findTestObject("1. Constant/xpath", ["xpath":"//*[@id="kt_subheader"]/div/nav/ol/li[2]/a"])): Object: 'Object Repository/1. Constant/xpath' is clicked on

2022-06-09 21:55:46 - [MESSAGE][PASSED] - Object: 'Object Repository/1. Constant/xpath' is clicked on

2022-06-09 21:55:46 - [TEST_STEP][PASSED] - click(findTestObject("1. Constant/xpath", ["xpath":"//*[@id="fiches"]/table/tbody/tr[1]/td[9]/a"])): Object: 'Object Repository/1. Constant/xpath' is clicked on

2022-06-09 21:55:50 - [MESSAGE][PASSED] - Object: 'Object Repository/1. Constant/xpath' is clicked on

2022-06-09 21:55:50 - [TEST_STEP][FAILED] - I.select_multiplelist("//*[@id="selSource_108"]", "//*[@id="btnAdd_108"]", "2357"): Unable to select option by value '2357' of object 'Object Repository/1. Constant/xpath'  (Root cause: com.kms.katalon.core.exception.StepFailedException: Unable to select option by value '2357' of object 'Object Repository/1. Constant/xpath' 
	at com.kms.katalon.core.webui.keyword.internal.WebUIKeywordMain.stepFailed(WebUIKeywordMain.groovy:64)
	at com.kms.katalon.core.webui.keyword.internal.WebUIKeywordMain.runKeyword(WebUIKeywordMain.groovy:26)
	at com.kms.katalon.core.webui.keyword.builtin.SelectOptionByValueKeyword.selectOptionByValue(SelectOptionByValueKeyword.groovy:99)
	at com.kms.katalon.core.webui.keyword.builtin.SelectOptionByValueKeyword.execute(SelectOptionByValueKeyword.groovy:71)
	at com.kms.katalon.core.keyword.internal.KeywordExecutor.executeKeywordForPlatform(KeywordExecutor.groovy:74)
	at com.kms.katalon.core.webui.keyword.WebUiBuiltInKeywords.selectOptionByValue(WebUiBuiltInKeywords.groovy:1168)
	at com.kms.katalon.core.webui.keyword.WebUiBuiltInKeywords$selectOptionByValue$5.call(Unknown Source)
	at functions.I.select_multiplelist(I.groovy:734)
	at functions.I$select_multiplelist$2.call(Unknown Source)
	at 20.08 NPP Duplication Shortcut_In New Project_CT and Lang - Used 16.08_19.09_20.06_20.07 P5.run(20.08 NPP Duplication Shortcut_In New Project_CT and Lang - Used 16.08_19.09_20.06_20.07 P5:481)
	at com.kms.katalon.core.main.ScriptEngine.run(ScriptEngine.java:194)
	at com.kms.katalon.core.main.ScriptEngine.runScriptAsRawText(ScriptEngine.java:119)
	at com.kms.katalon.core.main.TestCaseExecutor.runScript(TestCaseExecutor.java:445)
	at com.kms.katalon.core.main.TestCaseExecutor.doExecute(TestCaseExecutor.java:436)
	at com.kms.katalon.core.main.TestCaseExecutor.processExecutionPhase(TestCaseExecutor.java:415)
	at com.kms.katalon.core.main.TestCaseExecutor.accessMainPhase(TestCaseExecutor.java:407)
	at com.kms.katalon.core.main.TestCaseExecutor.execute(TestCaseExecutor.java:284)
	at com.kms.katalon.core.common.CommonExecutor.accessTestCaseMainPhase(CommonExecutor.java:65)
	at com.kms.katalon.core.main.TestSuiteExecutor.accessTestSuiteMainPhase(TestSuiteExecutor.java:144)
	at com.kms.katalon.core.main.TestSuiteExecutor.execute(TestSuiteExecutor.java:106)
	at com.kms.katalon.core.main.TestCaseMain.startTestSuite(TestCaseMain.java:185)
	at com.kms.katalon.core.main.TestCaseMain$startTestSuite$0.call(Unknown Source)
	at TempTestSuite1654791082081.run(TempTestSuite1654791082081.groovy:36)
Caused by: org.openqa.selenium.StaleElementReferenceException: stale element reference: element is not attached to the page document
  (Session info: headless chrome=102.0.5005.63)
For documentation on this error, please visit: https://www.seleniumhq.org/exceptions/stale_element_reference.html
Build info: version: '3.141.59', revision: 'e82be7d358', time: '2018-11-14T08:25:53'
System info: host: 'DPF-MBI-VERIF', ip: '10.15.10.53', os.name: 'Windows 10', os.arch: 'amd64', os.version: '10.0', java.version: '1.8.0_181'
Driver info: com.kms.katalon.selenium.driver.CChromeDriver
Capabilities {acceptInsecureCerts: false, browserName: chrome, browserVersion: 102.0.5005.63, chrome: {chromedriverVersion: 101.0.4951.41 (93c720db8323..., userDataDir: C:\Users\lamhe\AppData\Loca...}, goog:chromeOptions: {debuggerAddress: localhost:65229}, javascriptEnabled: true, networkConnectionEnabled: false, pageLoadStrategy: normal, platform: WINDOWS, platformName: WINDOWS, proxy: Proxy(), setWindowRect: true, strictFileInteractability: false, timeouts: {implicit: 0, pageLoad: 300000, script: 30000}, unhandledPromptBehavior: dismiss and notify, webauthn:extension:credBlob: true, webauthn:extension:largeBlob: true, webauthn:virtualAuthenticators: true}
Session ID: f22afb78058aad38c00f796cac52e516
	at org.openqa.selenium.remote.http.W3CHttpResponseCodec.createException(W3CHttpResponseCodec.java:187)
	at org.openqa.selenium.remote.http.W3CHttpResponseCodec.decode(W3CHttpResponseCodec.java:122)
	at org.openqa.selenium.remote.http.W3CHttpResponseCodec.decode(W3CHttpResponseCodec.java:49)
	at org.openqa.selenium.remote.HttpCommandExecutor.execute(HttpCommandExecutor.java:158)
	at org.openqa.selenium.remote.service.DriverCommandExecutor.execute(DriverCommandExecutor.java:83)
	at org.openqa.selenium.remote.RemoteWebDriver.execute(RemoteWebDriver.java:552)
	at com.kms.katalon.selenium.driver.CChromeDriver.execute(CChromeDriver.java:19)
	at org.openqa.selenium.remote.RemoteWebElement.execute(RemoteWebElement.java:285)
	at org.openqa.selenium.remote.RemoteWebElement.isSelected(RemoteWebElement.java:146)
	at org.openqa.selenium.support.events.EventFiringWebDriver$EventFiringWebElement.lambda$new$0(EventFiringWebDriver.java:404)
	at com.sun.proxy.$Proxy13.isSelected(Unknown Source)
	at org.openqa.selenium.support.events.EventFiringWebDriver$EventFiringWebElement.isSelected(EventFiringWebDriver.java:452)
	at org.openqa.selenium.support.ui.Select.setSelected(Select.java:310)
	at org.openqa.selenium.support.ui.Select.selectByValue(Select.java:187)
	at com.kms.katalon.core.webui.common.WebUiCommonHelper.selectOrDeselectOptionsByValue(WebUiCommonHelper.java:266)
	at com.kms.katalon.core.webui.keyword.builtin.SelectOptionByValueKeyword$_selectOptionByValue_closure1.doCall(SelectOptionByValueKeyword.groovy:88)
	at com.kms.katalon.core.webui.keyword.builtin.SelectOptionByValueKeyword$_selectOptionByValue_closure1.call(SelectOptionByValueKeyword.groovy)
	at com.kms.katalon.core.webui.keyword.internal.WebUIKeywordMain.runKeyword(WebUIKeywordMain.groovy:20)
	at com.kms.katalon.core.webui.keyword.builtin.SelectOptionByValueKeyword.selectOptionByValue(SelectOptionByValueKeyword.groovy:99)
	at com.kms.katalon.core.webui.keyword.builtin.SelectOptionByValueKeyword.execute(SelectOptionByValueKeyword.groovy:71)
	at com.kms.katalon.core.keyword.internal.KeywordExecutor.executeKeywordForPlatform(KeywordExecutor.groovy:74)
	at com.kms.katalon.core.webui.keyword.WebUiBuiltInKeywords.selectOptionByValue(WebUiBuiltInKeywords.groovy:1168)
	at com.kms.katalon.core.webui.keyword.WebUiBuiltInKeywords$selectOptionByValue$5.call(Unknown Source)
	at functions.I.select_multiplelist(I.groovy:734)
	at functions.I$select_multiplelist$2.call(Unknown Source)
	at Script1653405737726.run(Script1653405737726.groovy:481)
	... 13 more
)

2022-06-09 21:55:51 - [MESSAGE][PASSED] - Delayed 1 second(s)

2022-06-09 21:55:53 - [MESSAGE][FAILED] - Unable to select option by value '2357' of object 'Object Repository/1. Constant/xpath'  (Root cause: com.kms.katalon.core.exception.StepFailedException: Unable to select option by value '2357' of object 'Object Repository/1. Constant/xpath' 
	at com.kms.katalon.core.webui.keyword.internal.WebUIKeywordMain.stepFailed(WebUIKeywordMain.groovy:64)
	at com.kms.katalon.core.webui.keyword.internal.WebUIKeywordMain.runKeyword(WebUIKeywordMain.groovy:26)
	at com.kms.katalon.core.webui.keyword.builtin.SelectOptionByValueKeyword.selectOptionByValue(SelectOptionByValueKeyword.groovy:99)
	at com.kms.katalon.core.webui.keyword.builtin.SelectOptionByValueKeyword.execute(SelectOptionByValueKeyword.groovy:71)
	at com.kms.katalon.core.keyword.internal.KeywordExecutor.executeKeywordForPlatform(KeywordExecutor.groovy:74)
	at com.kms.katalon.core.webui.keyword.WebUiBuiltInKeywords.selectOptionByValue(WebUiBuiltInKeywords.groovy:1168)
	at com.kms.katalon.core.webui.keyword.WebUiBuiltInKeywords$selectOptionByValue$5.call(Unknown Source)
	at functions.I.select_multiplelist(I.groovy:734)
	at functions.I$select_multiplelist$2.call(Unknown Source)
	at 20.08 NPP Duplication Shortcut_In New Project_CT and Lang - Used 16.08_19.09_20.06_20.07 P5.run(20.08 NPP Duplication Shortcut_In New Project_CT and Lang - Used 16.08_19.09_20.06_20.07 P5:481)
	at com.kms.katalon.core.main.ScriptEngine.run(ScriptEngine.java:194)
	at com.kms.katalon.core.main.ScriptEngine.runScriptAsRawText(ScriptEngine.java:119)
	at com.kms.katalon.core.main.TestCaseExecutor.runScript(TestCaseExecutor.java:445)
	at com.kms.katalon.core.main.TestCaseExecutor.doExecute(TestCaseExecutor.java:436)
	at com.kms.katalon.core.main.TestCaseExecutor.processExecutionPhase(TestCaseExecutor.java:415)
	at com.kms.katalon.core.main.TestCaseExecutor.accessMainPhase(TestCaseExecutor.java:407)
	at com.kms.katalon.core.main.TestCaseExecutor.execute(TestCaseExecutor.java:284)
	at com.kms.katalon.core.common.CommonExecutor.accessTestCaseMainPhase(CommonExecutor.java:65)
	at com.kms.katalon.core.main.TestSuiteExecutor.accessTestSuiteMainPhase(TestSuiteExecutor.java:144)
	at com.kms.katalon.core.main.TestSuiteExecutor.execute(TestSuiteExecutor.java:106)
	at com.kms.katalon.core.main.TestCaseMain.startTestSuite(TestCaseMain.java:185)
	at com.kms.katalon.core.main.TestCaseMain$startTestSuite$0.call(Unknown Source)
	at TempTestSuite1654791082081.run(TempTestSuite1654791082081.groovy:36)
Caused by: org.openqa.selenium.StaleElementReferenceException: stale element reference: element is not attached to the page document
  (Session info: headless chrome=102.0.5005.63)
For documentation on this error, please visit: https://www.seleniumhq.org/exceptions/stale_element_reference.html
Build info: version: '3.141.59', revision: 'e82be7d358', time: '2018-11-14T08:25:53'
System info: host: 'DPF-MBI-VERIF', ip: '10.15.10.53', os.name: 'Windows 10', os.arch: 'amd64', os.version: '10.0', java.version: '1.8.0_181'
Driver info: com.kms.katalon.selenium.driver.CChromeDriver
Capabilities {acceptInsecureCerts: false, browserName: chrome, browserVersion: 102.0.5005.63, chrome: {chromedriverVersion: 101.0.4951.41 (93c720db8323..., userDataDir: C:\Users\lamhe\AppData\Loca...}, goog:chromeOptions: {debuggerAddress: localhost:65229}, javascriptEnabled: true, networkConnectionEnabled: false, pageLoadStrategy: normal, platform: WINDOWS, platformName: WINDOWS, proxy: Proxy(), setWindowRect: true, strictFileInteractability: false, timeouts: {implicit: 0, pageLoad: 300000, script: 30000}, unhandledPromptBehavior: dismiss and notify, webauthn:extension:credBlob: true, webauthn:extension:largeBlob: true, webauthn:virtualAuthenticators: true}
Session ID: f22afb78058aad38c00f796cac52e516
	at org.openqa.selenium.remote.http.W3CHttpResponseCodec.createException(W3CHttpResponseCodec.java:187)
	at org.openqa.selenium.remote.http.W3CHttpResponseCodec.decode(W3CHttpResponseCodec.java:122)
	at org.openqa.selenium.remote.http.W3CHttpResponseCodec.decode(W3CHttpResponseCodec.java:49)
	at org.openqa.selenium.remote.HttpCommandExecutor.execute(HttpCommandExecutor.java:158)
	at org.openqa.selenium.remote.service.DriverCommandExecutor.execute(DriverCommandExecutor.java:83)
	at org.openqa.selenium.remote.RemoteWebDriver.execute(RemoteWebDriver.java:552)
	at com.kms.katalon.selenium.driver.CChromeDriver.execute(CChromeDriver.java:19)
	at org.openqa.selenium.remote.RemoteWebElement.execute(RemoteWebElement.java:285)
	at org.openqa.selenium.remote.RemoteWebElement.isSelected(RemoteWebElement.java:146)
	at org.openqa.selenium.support.events.EventFiringWebDriver$EventFiringWebElement.lambda$new$0(EventFiringWebDriver.java:404)
	at com.sun.proxy.$Proxy13.isSelected(Unknown Source)
	at org.openqa.selenium.support.events.EventFiringWebDriver$EventFiringWebElement.isSelected(EventFiringWebDriver.java:452)
	at org.openqa.selenium.support.ui.Select.setSelected(Select.java:310)
	at org.openqa.selenium.support.ui.Select.selectByValue(Select.java:187)
	at com.kms.katalon.core.webui.common.WebUiCommonHelper.selectOrDeselectOptionsByValue(WebUiCommonHelper.java:266)
	at com.kms.katalon.core.webui.keyword.builtin.SelectOptionByValueKeyword$_selectOptionByValue_closure1.doCall(SelectOptionByValueKeyword.groovy:88)
	at com.kms.katalon.core.webui.keyword.builtin.SelectOptionByValueKeyword$_selectOptionByValue_closure1.call(SelectOptionByValueKeyword.groovy)
	at com.kms.katalon.core.webui.keyword.internal.WebUIKeywordMain.runKeyword(WebUIKeywordMain.groovy:20)
	at com.kms.katalon.core.webui.keyword.builtin.SelectOptionByValueKeyword.selectOptionByValue(SelectOptionByValueKeyword.groovy:99)
	at com.kms.katalon.core.webui.keyword.builtin.SelectOptionByValueKeyword.execute(SelectOptionByValueKeyword.groovy:71)
	at com.kms.katalon.core.keyword.internal.KeywordExecutor.executeKeywordForPlatform(KeywordExecutor.groovy:74)
	at com.kms.katalon.core.webui.keyword.WebUiBuiltInKeywords.selectOptionByValue(WebUiBuiltInKeywords.groovy:1168)
	at com.kms.katalon.core.webui.keyword.WebUiBuiltInKeywords$selectOptionByValue$5.call(Unknown Source)
	at functions.I.select_multiplelist(I.groovy:734)
	at functions.I$select_multiplelist$2.call(Unknown Source)
	at Script1653405737726.run(Script1653405737726.groovy:481)
	... 13 more
)
[[ATTACHMENT|D:\\Projet Test Auto\\Mediabox Test Automation\\Reports\\20220609_181011\\03. Parallel Testing (Testing)\\TS -PT PART 3\\15.02 NPP Duplication Shortcut (Translation Ref) -Part 1\\20220609_181122\\1654804552407.png]]

2022-06-09 21:55:53 - [TEST_STEP][PASSED] - Start listener action : sampleAfterTestCase: null]]></system-out>
         <system-err><![CDATA[2022-06-09 21:51:49 - [TEST_CASE][FAILED] - Test Cases/20. Sephora_NPP Duplication Standard_ Duplication Shortcut/20.08 NPP Duplication Shortcut_In New Project_CT and Lang - Used 16.08_19.09_20.06_20.07 P5: Test Cases/20. Sephora_NPP Duplication Standard_ Duplication Shortcut/20.08 NPP Duplication Shortcut_In New Project_CT and Lang - Used 16.08_19.09_20.06_20.07 P5 FAILED.
Reason:
com.kms.katalon.core.exception.StepFailedException: Unable to select option by value '2357' of object 'Object Repository/1. Constant/xpath' 
	at com.kms.katalon.core.webui.keyword.internal.WebUIKeywordMain.stepFailed(WebUIKeywordMain.groovy:64)
	at com.kms.katalon.core.webui.keyword.internal.WebUIKeywordMain.runKeyword(WebUIKeywordMain.groovy:26)
	at com.kms.katalon.core.webui.keyword.builtin.SelectOptionByValueKeyword.selectOptionByValue(SelectOptionByValueKeyword.groovy:99)
	at com.kms.katalon.core.webui.keyword.builtin.SelectOptionByValueKeyword.execute(SelectOptionByValueKeyword.groovy:71)
	at com.kms.katalon.core.keyword.internal.KeywordExecutor.executeKeywordForPlatform(KeywordExecutor.groovy:74)
	at com.kms.katalon.core.webui.keyword.WebUiBuiltInKeywords.selectOptionByValue(WebUiBuiltInKeywords.groovy:1168)
	at com.kms.katalon.core.webui.keyword.WebUiBuiltInKeywords$selectOptionByValue$5.call(Unknown Source)
	at functions.I.select_multiplelist(I.groovy:734)
	at functions.I$select_multiplelist$2.call(Unknown Source)
	at 20.08 NPP Duplication Shortcut_In New Project_CT and Lang - Used 16.08_19.09_20.06_20.07 P5.run(20.08 NPP Duplication Shortcut_In New Project_CT and Lang - Used 16.08_19.09_20.06_20.07 P5:481)
	at com.kms.katalon.core.main.ScriptEngine.run(ScriptEngine.java:194)
	at com.kms.katalon.core.main.ScriptEngine.runScriptAsRawText(ScriptEngine.java:119)
	at com.kms.katalon.core.main.TestCaseExecutor.runScript(TestCaseExecutor.java:445)
	at com.kms.katalon.core.main.TestCaseExecutor.doExecute(TestCaseExecutor.java:436)
	at com.kms.katalon.core.main.TestCaseExecutor.processExecutionPhase(TestCaseExecutor.java:415)
	at com.kms.katalon.core.main.TestCaseExecutor.accessMainPhase(TestCaseExecutor.java:407)
	at com.kms.katalon.core.main.TestCaseExecutor.execute(TestCaseExecutor.java:284)
	at com.kms.katalon.core.common.CommonExecutor.accessTestCaseMainPhase(CommonExecutor.java:65)
	at com.kms.katalon.core.main.TestSuiteExecutor.accessTestSuiteMainPhase(TestSuiteExecutor.java:144)
	at com.kms.katalon.core.main.TestSuiteExecutor.execute(TestSuiteExecutor.java:106)
	at com.kms.katalon.core.main.TestCaseMain.startTestSuite(TestCaseMain.java:185)
	at com.kms.katalon.core.main.TestCaseMain$startTestSuite$0.call(Unknown Source)
	at TempTestSuite1654791082081.run(TempTestSuite1654791082081.groovy:36)
Caused by: org.openqa.selenium.StaleElementReferenceException: stale element reference: element is not attached to the page document
  (Session info: headless chrome=102.0.5005.63)
For documentation on this error, please visit: https://www.seleniumhq.org/exceptions/stale_element_reference.html
Build info: version: '3.141.59', revision: 'e82be7d358', time: '2018-11-14T08:25:53'
System info: host: 'DPF-MBI-VERIF', ip: '10.15.10.53', os.name: 'Windows 10', os.arch: 'amd64', os.version: '10.0', java.version: '1.8.0_181'
Driver info: com.kms.katalon.selenium.driver.CChromeDriver
Capabilities {acceptInsecureCerts: false, browserName: chrome, browserVersion: 102.0.5005.63, chrome: {chromedriverVersion: 101.0.4951.41 (93c720db8323..., userDataDir: C:\Users\lamhe\AppData\Loca...}, goog:chromeOptions: {debuggerAddress: localhost:65229}, javascriptEnabled: true, networkConnectionEnabled: false, pageLoadStrategy: normal, platform: WINDOWS, platformName: WINDOWS, proxy: Proxy(), setWindowRect: true, strictFileInteractability: false, timeouts: {implicit: 0, pageLoad: 300000, script: 30000}, unhandledPromptBehavior: dismiss and notify, webauthn:extension:credBlob: true, webauthn:extension:largeBlob: true, webauthn:virtualAuthenticators: true}
Session ID: f22afb78058aad38c00f796cac52e516
	at org.openqa.selenium.remote.http.W3CHttpResponseCodec.createException(W3CHttpResponseCodec.java:187)
	at org.openqa.selenium.remote.http.W3CHttpResponseCodec.decode(W3CHttpResponseCodec.java:122)
	at org.openqa.selenium.remote.http.W3CHttpResponseCodec.decode(W3CHttpResponseCodec.java:49)
	at org.openqa.selenium.remote.HttpCommandExecutor.execute(HttpCommandExecutor.java:158)
	at org.openqa.selenium.remote.service.DriverCommandExecutor.execute(DriverCommandExecutor.java:83)
	at org.openqa.selenium.remote.RemoteWebDriver.execute(RemoteWebDriver.java:552)
	at com.kms.katalon.selenium.driver.CChromeDriver.execute(CChromeDriver.java:19)
	at org.openqa.selenium.remote.RemoteWebElement.execute(RemoteWebElement.java:285)
	at org.openqa.selenium.remote.RemoteWebElement.isSelected(RemoteWebElement.java:146)
	at org.openqa.selenium.support.events.EventFiringWebDriver$EventFiringWebElement.lambda$new$0(EventFiringWebDriver.java:404)
	at com.sun.proxy.$Proxy13.isSelected(Unknown Source)
	at org.openqa.selenium.support.events.EventFiringWebDriver$EventFiringWebElement.isSelected(EventFiringWebDriver.java:452)
	at org.openqa.selenium.support.ui.Select.setSelected(Select.java:310)
	at org.openqa.selenium.support.ui.Select.selectByValue(Select.java:187)
	at com.kms.katalon.core.webui.common.WebUiCommonHelper.selectOrDeselectOptionsByValue(WebUiCommonHelper.java:266)
	at com.kms.katalon.core.webui.keyword.builtin.SelectOptionByValueKeyword$_selectOptionByValue_closure1.doCall(SelectOptionByValueKeyword.groovy:88)
	at com.kms.katalon.core.webui.keyword.builtin.SelectOptionByValueKeyword$_selectOptionByValue_closure1.call(SelectOptionByValueKeyword.groovy)
	at com.kms.katalon.core.webui.keyword.internal.WebUIKeywordMain.runKeyword(WebUIKeywordMain.groovy:20)
	... 21 more]]></system-err>
      </testcase>
      <testcase name="Test Cases/20. Sephora_NPP Duplication Standard_ Duplication Shortcut/20.09 NPP Duplication Shortcut_In New Project_CST -Used 16.08 P5" time="490.83" classname="Test Cases/20. Sephora_NPP Duplication Standard_ Duplication Shortcut/20.09 NPP Duplication Shortcut_In New Project_CST -Used 16.08 P5" status="PASSED">
         <system-out><![CDATA[2022-06-09 21:55:53 - [TEST_CASE][PASSED] - Test Cases/20. Sephora_NPP Duplication Standard_ Duplication Shortcut/20.09 NPP Duplication Shortcut_In New Project_CST -Used 16.08 P5: Test Cases/20. Sephora_NPP Duplication Standard_ Duplication Shortcut/20.09 NPP Duplication Shortcut_In New Project_CST -Used 16.08 P5

2022-06-09 21:55:54 - [TEST_STEP][PASSED] - data_Npp = findTestData("Data Files/Username_Password/Npp"): null

2022-06-09 21:55:54 - [TEST_STEP][PASSED] - password_ncur = data_Npp.getValue(2, 1): null

2022-06-09 21:55:54 - [TEST_STEP][PASSED] - password_akim = data_Npp.getValue(2, 2): null

2022-06-09 21:55:54 - [TEST_STEP][PASSED] - password_sschunke = data_Npp.getValue(2, 3): null

2022-06-09 21:55:54 - [TEST_STEP][PASSED] - password_abrazhnikovapx = data_Npp.getValue(2, 4): null

2022-06-09 21:55:54 - [TEST_STEP][PASSED] - password_afrappaz = data_Npp.getValue(2, 5): null

2022-06-09 21:55:54 - [TEST_STEP][PASSED] - password_alarkins = data_Npp.getValue(2, 6): null

2022-06-09 21:55:54 - [TEST_STEP][PASSED] - password_cdemonchy = data_Npp.getValue(2, 7): null

2022-06-09 21:55:54 - [TEST_STEP][PASSED] - data_urlRELAUTO = findTestData("Data Files/URL/URL_relauto"): null

2022-06-09 21:55:54 - [TEST_STEP][PASSED] - Url_Npp = data_urlRELAUTO.getValue(2, 5): null

2022-06-09 21:55:54 - [TEST_STEP][PASSED] - I.clearnotepad("D:\Upoad_File\Projet_ Login\NPP\16.08\20.09_NPP_ProjectNo.txt"): null

2022-06-09 21:55:54 - [TEST_STEP][PASSED] - Project_No = I.readnotepad("D:\Upoad_File\Projet_ Login\NPP\16.08\16.08_NPP_ProjectNo.txt"): null

2022-06-09 21:55:54 - [TEST_STEP][PASSED] - refID = I.readnotepad("D:\Upoad_File\Projet_ Login\NPP\16.08\16.08_NPP_refID.txt"): null

2022-06-09 21:55:54 - [TEST_STEP][PASSED] - openBrowser(Url_Npp): Browser is opened with url: ' http://mdb-release.diadeis.lan/MediaboxIndependence/?MBI_datasource=RELTESTAUTO_NPP'

2022-06-09 21:55:54 - [MESSAGE][WARNING] - A browser is already opened. Closing browser and opening a new one

2022-06-09 21:55:55 - [MESSAGE][INFO] - Starting 'Chrome (headless)' driver

2022-06-09 21:55:55 - [MESSAGE][INFO] - User set preference: ['args', '[--window-size=1920,1080, --headless]']

2022-06-09 21:55:55 - [MESSAGE][INFO] - Action delay is set to 0 milliseconds

2022-06-09 21:56:04 - [MESSAGE][PASSED] - Browser is opened with url: ' http://mdb-release.diadeis.lan/MediaboxIndependence/?MBI_datasource=RELTESTAUTO_NPP'

2022-06-09 21:56:04 - [TEST_STEP][PASSED] - maximizeWindow(): Current window maximized

2022-06-09 21:56:04 - [MESSAGE][PASSED] - Current window maximized

2022-06-09 21:56:04 - [TEST_STEP][PASSED] - takeScreenshot(): Taking screenshot successfully

2022-06-09 21:56:05 - [MESSAGE][PASSED] - Taking screenshot successfully
[[ATTACHMENT|D:\\Projet Test Auto\\Mediabox Test Automation\\Reports\\20220609_181011\\03. Parallel Testing (Testing)\\TS -PT PART 3\\15.02 NPP Duplication Shortcut (Translation Ref) -Part 1\\20220609_181122\\1654804564942.png]]

2022-06-09 21:56:05 - [TEST_STEP][PASSED] - I.Login_password("akim", password_akim): Object: 'Object Repository/1. Constant/xpath' is clicked on

2022-06-09 21:56:05 - [MESSAGE][PASSED] - Text 'akim' is set on object 'Object Repository/1. Constant/xpath'

2022-06-09 21:56:06 - [MESSAGE][PASSED] - Delayed 1 second(s)

2022-06-09 21:56:07 - [MESSAGE][PASSED] - Text 'dchi' is set on object 'Object Repository/1. Constant/xpath'

2022-06-09 21:56:08 - [MESSAGE][PASSED] - Delayed 1 second(s)

2022-06-09 21:56:19 - [MESSAGE][PASSED] - Object: 'Object Repository/1. Constant/xpath' is clicked on

2022-06-09 21:56:19 - [TEST_STEP][PASSED] - takeScreenshot(): Taking screenshot successfully

2022-06-09 21:56:19 - [MESSAGE][PASSED] - Taking screenshot successfully
[[ATTACHMENT|D:\\Projet Test Auto\\Mediabox Test Automation\\Reports\\20220609_181011\\03. Parallel Testing (Testing)\\TS -PT PART 3\\15.02 NPP Duplication Shortcut (Translation Ref) -Part 1\\20220609_181122\\1654804579672.png]]

2022-06-09 21:56:19 - [TEST_STEP][PASSED] - click(findTestObject("1. Constant/02_LHSMenu_Projects")): Object: 'Object Repository/1. Constant/02_LHSMenu_Projects' is clicked on

2022-06-09 21:56:30 - [MESSAGE][PASSED] - Object: 'Object Repository/1. Constant/02_LHSMenu_Projects' is clicked on

2022-06-09 21:56:30 - [TEST_STEP][PASSED] - I.SearchProjectNo_xpath(Project_No, "//*[@id="keynum_project"]", "//*[@id="form_filters"]/div[20]/button"): Delayed 5 second(s)

2022-06-09 21:56:31 - [MESSAGE][PASSED] - Delayed 1 second(s)

2022-06-09 21:56:32 - [MESSAGE][PASSED] - Text 'MI001071' is set on object 'Object Repository/1. Constant/xpath'

2022-06-09 21:56:35 - [MESSAGE][PASSED] - Delayed 3 second(s)

2022-06-09 21:56:36 - [MESSAGE][PASSED] - Scroll to object 'Object Repository/1. Constant/xpath' successfully

2022-06-09 21:56:41 - [MESSAGE][PASSED] - Object: 'Object Repository/1. Constant/xpath' is clicked on

2022-06-09 21:56:46 - [MESSAGE][PASSED] - Delayed 5 second(s)

2022-06-09 21:56:46 - [TEST_STEP][PASSED] - delay(1): Delayed 1 second(s)

2022-06-09 21:56:47 - [MESSAGE][PASSED] - Delayed 1 second(s)

2022-06-09 21:56:47 - [TEST_STEP][PASSED] - click(findTestObject("1. Constant/xpath", ["xpath":"//*[@id="kt_content"]/div[3]/div/div[2]/div[1]/div[2]/span/div/button"])): Object: 'Object Repository/1. Constant/xpath' is clicked on

2022-06-09 21:56:49 - [MESSAGE][PASSED] - Object: 'Object Repository/1. Constant/xpath' is clicked on

2022-06-09 21:56:49 - [TEST_STEP][PASSED] - delay(1): Delayed 1 second(s)

2022-06-09 21:56:50 - [MESSAGE][PASSED] - Delayed 1 second(s)

2022-06-09 21:56:50 - [TEST_STEP][PASSED] - click(findTestObject("1. Constant/xpath", ["xpath":"/html/body/div[1]/div[2]/div[4]/div[3]/div/div[2]/div[1]/div[2]/span/div/div/a[2]"])): Object: 'Object Repository/1. Constant/xpath' is clicked on

2022-06-09 21:56:50 - [MESSAGE][PASSED] - Object: 'Object Repository/1. Constant/xpath' is clicked on

2022-06-09 21:56:50 - [TEST_STEP][PASSED] - click(findTestObject("1. Constant/xpath", ["xpath":"//*[@id="fiches"]/table/tbody/tr[1]/td[1]/label"])): Object: 'Object Repository/1. Constant/xpath' is clicked on

2022-06-09 21:56:50 - [MESSAGE][PASSED] - Object: 'Object Repository/1. Constant/xpath' is clicked on

2022-06-09 21:56:50 - [TEST_STEP][PASSED] - delay(1): Delayed 1 second(s)

2022-06-09 21:56:51 - [MESSAGE][PASSED] - Delayed 1 second(s)

2022-06-09 21:56:51 - [TEST_STEP][PASSED] - click(findTestObject("1. Constant/xpath", ["xpath":"//*[@id="action_btnduplicatereference"]"])): Object: 'Object Repository/1. Constant/xpath' is clicked on

2022-06-09 21:56:55 - [MESSAGE][PASSED] - Object: 'Object Repository/1. Constant/xpath' is clicked on

2022-06-09 21:56:55 - [TEST_STEP][PASSED] - delay(1): Delayed 1 second(s)

2022-06-09 21:56:56 - [MESSAGE][PASSED] - Delayed 1 second(s)

2022-06-09 21:56:56 - [TEST_STEP][PASSED] - takeScreenshot(): Taking screenshot successfully

2022-06-09 21:56:57 - [MESSAGE][PASSED] - Taking screenshot successfully
[[ATTACHMENT|D:\\Projet Test Auto\\Mediabox Test Automation\\Reports\\20220609_181011\\03. Parallel Testing (Testing)\\TS -PT PART 3\\15.02 NPP Duplication Shortcut (Translation Ref) -Part 1\\20220609_181122\\1654804617037.png]]

2022-06-09 21:56:57 - [TEST_STEP][PASSED] - click(findTestObject("1. Constant/xpath", ["xpath":"//*[@id="modal_duplicate_reference"]/div/div/div[2]/div/div[8]/div[1]/label[3]"])): Object: 'Object Repository/1. Constant/xpath' is clicked on

2022-06-09 21:56:57 - [MESSAGE][PASSED] - Object: 'Object Repository/1. Constant/xpath' is clicked on

2022-06-09 21:56:57 - [TEST_STEP][PASSED] - I.VerifyMatchText("//*[@id="info_translation_block"]", "This option will duplicate the values from the brief and the source text structure and content. The local translations will not be collected."): Actual text 'This option will duplicate the values from the brief and the source text structure and content. The local translations will not be collected.' and expected text 'This option will duplicate the values from the brief and the source text structure and content. The local translations will not be collected.' are matched 

2022-06-09 21:56:57 - [MESSAGE][PASSED] - Text of object 'Object Repository/1. Constant/xpath' is: 'This option will duplicate the values from the brief and the source text structure and content. The local translations will not be collected.'

2022-06-09 21:56:58 - [MESSAGE][PASSED] - Delayed 1 second(s)

2022-06-09 21:56:58 - [MESSAGE][PASSED] - Actual text 'This option will duplicate the values from the brief and the source text structure and content. The local translations will not be collected.' and expected text 'This option will duplicate the values from the brief and the source text structure and content. The local translations will not be collected.' are matched 

2022-06-09 21:56:58 - [TEST_STEP][PASSED] - I.VerifyMatchText("//*[@id="select2-ref_tpl7-container"]", "LSS Reference"): Actual text 'LSS Reference' and expected text 'LSS Reference' are matched 

2022-06-09 21:56:58 - [MESSAGE][PASSED] - Text of object 'Object Repository/1. Constant/xpath' is: 'LSS Reference'

2022-06-09 21:56:59 - [MESSAGE][PASSED] - Delayed 1 second(s)

2022-06-09 21:56:59 - [MESSAGE][PASSED] - Actual text 'LSS Reference' and expected text 'LSS Reference' are matched 

2022-06-09 21:56:59 - [TEST_STEP][PASSED] - I.VerifyMatchText("//*[@id="select2-lfc_tpl7-container"]", "LSS Lifecycle (3)"): Actual text 'LSS Lifecycle (3)' and expected text 'LSS Lifecycle (3)' are matched 

2022-06-09 21:57:00 - [MESSAGE][PASSED] - Text of object 'Object Repository/1. Constant/xpath' is: 'LSS Lifecycle (3)'

2022-06-09 21:57:01 - [MESSAGE][PASSED] - Delayed 1 second(s)

2022-06-09 21:57:01 - [MESSAGE][PASSED] - Actual text 'LSS Lifecycle (3)' and expected text 'LSS Lifecycle (3)' are matched 

2022-06-09 21:57:01 - [TEST_STEP][PASSED] - click(findTestObject("1. Constant/xpath", ["xpath":"//*[@id="btn_submit_duplication"]"])): Object: 'Object Repository/1. Constant/xpath' is clicked on

2022-06-09 21:57:12 - [MESSAGE][PASSED] - Object: 'Object Repository/1. Constant/xpath' is clicked on

2022-06-09 21:57:12 - [TEST_STEP][PASSED] - delay(1): Delayed 1 second(s)

2022-06-09 21:57:13 - [MESSAGE][PASSED] - Delayed 1 second(s)

2022-06-09 21:57:13 - [TEST_STEP][PASSED] - Project_No4 = I.ProjectNo(): Current window's url is: 'http://mdb-release.diadeis.lan/MediaboxIndependence/Base/ExecAction?IDSession=MBI%21RELTESTAUTO_NPP%21HV2SI5KGPVT9XS1PSIUVIBMWZZZUVWE4X5I11E2F&default_action=ModifierProjet&id_project=MI001074'

2022-06-09 21:57:18 - [MESSAGE][PASSED] - Delayed 5 second(s)

2022-06-09 21:57:18 - [MESSAGE][PASSED] - Current window's url is: 'http://mdb-release.diadeis.lan/MediaboxIndependence/Base/ExecAction?IDSession=MBI%21RELTESTAUTO_NPP%21HV2SI5KGPVT9XS1PSIUVIBMWZZZUVWE4X5I11E2F&default_action=ModifierProjet&id_project=MI001074'

2022-06-09 21:57:18 - [TEST_STEP][PASSED] - LSSNumber_name = "TC20.09_AutoTest_Npp_Duplication_NewProj_" + RandomStringUtils.randomAlphanumeric(3) + "_" + I.gettimedate(): null

2022-06-09 21:57:18 - [TEST_STEP][PASSED] - setText(findTestObject("1. Constant/xpath", ["xpath":"//*[@id="var_70"]"]), LSSNumber_name): Text 'TC20.09_AutoTest_Npp_Duplication_NewProj_yv5_juin092022_215718' is set on object 'Object Repository/1. Constant/xpath'

2022-06-09 21:57:18 - [MESSAGE][PASSED] - Text 'TC20.09_AutoTest_Npp_Duplication_NewProj_yv5_juin092022_215718' is set on object 'Object Repository/1. Constant/xpath'

2022-06-09 21:57:18 - [TEST_STEP][PASSED] - click(findTestObject("1. Constant/xpath", ["xpath":"//*[@id="ModifFiche"]/div[1]/div/button"])): Object: 'Object Repository/1. Constant/xpath' is clicked on

2022-06-09 21:57:22 - [MESSAGE][PASSED] - Object: 'Object Repository/1. Constant/xpath' is clicked on

2022-06-09 21:57:22 - [TEST_STEP][PASSED] - delay(1): Delayed 1 second(s)

2022-06-09 21:57:23 - [MESSAGE][PASSED] - Delayed 1 second(s)

2022-06-09 21:57:23 - [TEST_STEP][PASSED] - click(findTestObject("1. Constant/xpath", ["xpath":"//*[@id="card_project"]/div[2]/div/div[3]/a[3]"])): Object: 'Object Repository/1. Constant/xpath' is clicked on

2022-06-09 21:57:25 - [MESSAGE][PASSED] - Object: 'Object Repository/1. Constant/xpath' is clicked on

2022-06-09 21:57:25 - [TEST_STEP][PASSED] - delay(1): Delayed 1 second(s)

2022-06-09 21:57:26 - [MESSAGE][PASSED] - Delayed 1 second(s)

2022-06-09 21:57:26 - [TEST_STEP][PASSED] - I.VerifyMatchText("//*[@id="var_107"]", "Litter"): Actual text 'Litter' and expected text 'Litter' are matched 

2022-06-09 21:57:26 - [MESSAGE][PASSED] - Text of object 'Object Repository/1. Constant/xpath' is: 'Litter'

2022-06-09 21:57:27 - [MESSAGE][PASSED] - Delayed 1 second(s)

2022-06-09 21:57:27 - [MESSAGE][PASSED] - Actual text 'Litter' and expected text 'Litter' are matched 

2022-06-09 21:57:27 - [TEST_STEP][PASSED] - I.VerifyMatchText("//*[@id="var_108"]", "Corn"): Actual text 'Corn' and expected text 'Corn' are matched 

2022-06-09 21:57:28 - [MESSAGE][PASSED] - Text of object 'Object Repository/1. Constant/xpath' is: 'Corn'

2022-06-09 21:57:29 - [MESSAGE][PASSED] - Delayed 1 second(s)

2022-06-09 21:57:29 - [MESSAGE][PASSED] - Actual text 'Corn' and expected text 'Corn' are matched 

2022-06-09 21:57:29 - [TEST_STEP][PASSED] - I.VerifyMatchText("//*[@id="var_110"]", "Variety test"): Actual text 'Variety test' and expected text 'Variety test' are matched 

2022-06-09 21:57:30 - [MESSAGE][PASSED] - Text of object 'Object Repository/1. Constant/xpath' is: 'Variety test'

2022-06-09 21:57:31 - [MESSAGE][PASSED] - Delayed 1 second(s)

2022-06-09 21:57:31 - [MESSAGE][PASSED] - Actual text 'Variety test' and expected text 'Variety test' are matched 

2022-06-09 21:57:31 - [TEST_STEP][PASSED] - I.VerifyMatchText("//*[@id="var_133"]", "Alternative Format code test"): Actual text 'Alternative Format code test' and expected text 'Alternative Format code test' are matched 

2022-06-09 21:57:31 - [MESSAGE][PASSED] - Text of object 'Object Repository/1. Constant/xpath' is: 'Alternative Format code test'

2022-06-09 21:57:32 - [MESSAGE][PASSED] - Delayed 1 second(s)

2022-06-09 21:57:32 - [MESSAGE][PASSED] - Actual text 'Alternative Format code test' and expected text 'Alternative Format code test' are matched 

2022-06-09 21:57:32 - [TEST_STEP][PASSED] - I.VerifyMatchText("//*[@id="var_65"]", "FORMAT Product designation test"): Actual text 'FORMAT Product designation test' and expected text 'FORMAT Product designation test' are matched 

2022-06-09 21:57:32 - [MESSAGE][PASSED] - Text of object 'Object Repository/1. Constant/xpath' is: 'FORMAT Product designation test'

2022-06-09 21:57:33 - [MESSAGE][PASSED] - Delayed 1 second(s)

2022-06-09 21:57:33 - [MESSAGE][PASSED] - Actual text 'FORMAT Product designation test' and expected text 'FORMAT Product designation test' are matched 

2022-06-09 21:57:33 - [TEST_STEP][PASSED] - I.VerifyMatchText("//*[@id="var_91"]", "HIP"): Actual text 'HIP' and expected text 'HIP' are matched 

2022-06-09 21:57:34 - [MESSAGE][PASSED] - Text of object 'Object Repository/1. Constant/xpath' is: 'HIP'

2022-06-09 21:57:35 - [MESSAGE][PASSED] - Delayed 1 second(s)

2022-06-09 21:57:35 - [MESSAGE][PASSED] - Actual text 'HIP' and expected text 'HIP' are matched 

2022-06-09 21:57:35 - [TEST_STEP][PASSED] - I.VerifyMatchText("//*[@id="var_71"]", "25/08/2021"): Actual text '25/08/2021' and expected text '25/08/2021' are matched 

2022-06-09 21:57:35 - [MESSAGE][PASSED] - Text of object 'Object Repository/1. Constant/xpath' is: '25/08/2021'

2022-06-09 21:57:36 - [MESSAGE][PASSED] - Delayed 1 second(s)

2022-06-09 21:57:36 - [MESSAGE][PASSED] - Actual text '25/08/2021' and expected text '25/08/2021' are matched 

2022-06-09 21:57:36 - [TEST_STEP][PASSED] - I.VerifyMatchText("//*[@id="var_89"]", "Project Information - Comments"): Actual text 'Project Information - Comments' and expected text 'Project Information - Comments' are matched 

2022-06-09 21:57:36 - [MESSAGE][PASSED] - Text of object 'Object Repository/1. Constant/xpath' is: 'Project Information - Comments'

2022-06-09 21:57:37 - [MESSAGE][PASSED] - Delayed 1 second(s)

2022-06-09 21:57:37 - [MESSAGE][PASSED] - Actual text 'Project Information - Comments' and expected text 'Project Information - Comments' are matched 

2022-06-09 21:57:37 - [TEST_STEP][PASSED] - I.VerifyMatchText("//*[@id="var_93"]", "Reason for change test"): Actual text 'Reason for change test' and expected text 'Reason for change test' are matched 

2022-06-09 21:57:37 - [MESSAGE][PASSED] - Text of object 'Object Repository/1. Constant/xpath' is: 'Reason for change test'

2022-06-09 21:57:38 - [MESSAGE][PASSED] - Delayed 1 second(s)

2022-06-09 21:57:38 - [MESSAGE][PASSED] - Actual text 'Reason for change test' and expected text 'Reason for change test' are matched 

2022-06-09 21:57:38 - [TEST_STEP][PASSED] - I.VerifyMatchText("//*[@id="var_54"]", "Tidy Cat"): Actual text 'Tidy Cat' and expected text 'Tidy Cat' are matched 

2022-06-09 21:57:39 - [MESSAGE][PASSED] - Text of object 'Object Repository/1. Constant/xpath' is: 'Tidy Cat'

2022-06-09 21:57:40 - [MESSAGE][PASSED] - Delayed 1 second(s)

2022-06-09 21:57:40 - [MESSAGE][PASSED] - Actual text 'Tidy Cat' and expected text 'Tidy Cat' are matched 

2022-06-09 21:57:40 - [TEST_STEP][PASSED] - I.VerifyMatchText("//*[@id="var_106"]", "Tidy Cat - CRYSTALS BLEND"): Actual text 'Tidy Cat - CRYSTALS BLEND' and expected text 'Tidy Cat - CRYSTALS BLEND' are matched 

2022-06-09 21:57:40 - [MESSAGE][PASSED] - Text of object 'Object Repository/1. Constant/xpath' is: 'Tidy Cat - CRYSTALS BLEND'

2022-06-09 21:57:41 - [MESSAGE][PASSED] - Delayed 1 second(s)

2022-06-09 21:57:41 - [MESSAGE][PASSED] - Actual text 'Tidy Cat - CRYSTALS BLEND' and expected text 'Tidy Cat - CRYSTALS BLEND' are matched 

2022-06-09 21:57:41 - [TEST_STEP][PASSED] - I.VerifyMatchText("//*[@id="var_92"]", "Premium"): Actual text 'Premium' and expected text 'Premium' are matched 

2022-06-09 21:57:41 - [MESSAGE][PASSED] - Text of object 'Object Repository/1. Constant/xpath' is: 'Premium'

2022-06-09 21:57:42 - [MESSAGE][PASSED] - Delayed 1 second(s)

2022-06-09 21:57:42 - [MESSAGE][PASSED] - Actual text 'Premium' and expected text 'Premium' are matched 

2022-06-09 21:57:42 - [TEST_STEP][PASSED] - I.VerifyMatchText("//*[@id="var_88"]", "Superfood"): Actual text 'Superfood' and expected text 'Superfood' are matched 

2022-06-09 21:57:43 - [MESSAGE][PASSED] - Text of object 'Object Repository/1. Constant/xpath' is: 'Superfood'

2022-06-09 21:57:44 - [MESSAGE][PASSED] - Delayed 1 second(s)

2022-06-09 21:57:44 - [MESSAGE][PASSED] - Actual text 'Superfood' and expected text 'Superfood' are matched 

2022-06-09 21:57:44 - [TEST_STEP][PASSED] - I.VerifyMatchText("//*[@id="var_86"]", "No color"): Actual text 'No color' and expected text 'No color' are matched 

2022-06-09 21:57:44 - [MESSAGE][PASSED] - Text of object 'Object Repository/1. Constant/xpath' is: 'No color'

2022-06-09 21:57:45 - [MESSAGE][PASSED] - Delayed 1 second(s)

2022-06-09 21:57:45 - [MESSAGE][PASSED] - Actual text 'No color' and expected text 'No color' are matched 

2022-06-09 21:57:45 - [TEST_STEP][PASSED] - I.VerifyMatchText("//*[@id="var_57"]", "Not applicable"): Actual text 'Not applicable' and expected text 'Not applicable' are matched 

2022-06-09 21:57:45 - [MESSAGE][PASSED] - Text of object 'Object Repository/1. Constant/xpath' is: 'Not applicable'

2022-06-09 21:57:46 - [MESSAGE][PASSED] - Delayed 1 second(s)

2022-06-09 21:57:46 - [MESSAGE][PASSED] - Actual text 'Not applicable' and expected text 'Not applicable' are matched 

2022-06-09 21:57:46 - [TEST_STEP][PASSED] - I.VerifyMatchText("//*[@id="var_87"]", "Yes"): Actual text 'Yes' and expected text 'Yes' are matched 

2022-06-09 21:57:46 - [MESSAGE][PASSED] - Text of object 'Object Repository/1. Constant/xpath' is: 'Yes'

2022-06-09 21:57:47 - [MESSAGE][PASSED] - Delayed 1 second(s)

2022-06-09 21:57:47 - [MESSAGE][PASSED] - Actual text 'Yes' and expected text 'Yes' are matched 

2022-06-09 21:57:47 - [TEST_STEP][PASSED] - I.VerifyMatchText("//*[@id="var_109"]", "Complete"): Actual text 'Complete' and expected text 'Complete' are matched 

2022-06-09 21:57:48 - [MESSAGE][PASSED] - Text of object 'Object Repository/1. Constant/xpath' is: 'Complete'

2022-06-09 21:57:49 - [MESSAGE][PASSED] - Delayed 1 second(s)

2022-06-09 21:57:49 - [MESSAGE][PASSED] - Actual text 'Complete' and expected text 'Complete' are matched 

2022-06-09 21:57:49 - [TEST_STEP][PASSED] - I.VerifyMatchText("//*[@id="var_52"]", "Dogs & Cats"): Actual text 'Dogs & Cats' and expected text 'Dogs & Cats' are matched 

2022-06-09 21:57:49 - [MESSAGE][PASSED] - Text of object 'Object Repository/1. Constant/xpath' is: 'Dogs & Cats'

2022-06-09 21:57:50 - [MESSAGE][PASSED] - Delayed 1 second(s)

2022-06-09 21:57:50 - [MESSAGE][PASSED] - Actual text 'Dogs & Cats' and expected text 'Dogs & Cats' are matched 

2022-06-09 21:57:50 - [TEST_STEP][PASSED] - I.VerifyMatchText("//*[@id="var_67"]", "Tidy Cat - Adult"): Actual text 'Tidy Cat - Adult' and expected text 'Tidy Cat - Adult' are matched 

2022-06-09 21:57:51 - [MESSAGE][PASSED] - Text of object 'Object Repository/1. Constant/xpath' is: 'Tidy Cat - Adult'

2022-06-09 21:57:52 - [MESSAGE][PASSED] - Delayed 1 second(s)

2022-06-09 21:57:52 - [MESSAGE][PASSED] - Actual text 'Tidy Cat - Adult' and expected text 'Tidy Cat - Adult' are matched 

2022-06-09 21:57:52 - [TEST_STEP][PASSED] - I.VerifyMatchText("//*[@id="var_140"]", "Light"): Actual text 'Light' and expected text 'Light' are matched 

2022-06-09 21:57:52 - [MESSAGE][PASSED] - Text of object 'Object Repository/1. Constant/xpath' is: 'Light'

2022-06-09 21:57:53 - [MESSAGE][PASSED] - Delayed 1 second(s)

2022-06-09 21:57:53 - [MESSAGE][PASSED] - Actual text 'Light' and expected text 'Light' are matched 

2022-06-09 21:57:53 - [TEST_STEP][PASSED] - I.VerifyMatchText("//*[@id="var_51"]", "All"): Actual text 'All' and expected text 'All' are matched 

2022-06-09 21:57:53 - [MESSAGE][PASSED] - Text of object 'Object Repository/1. Constant/xpath' is: 'All'

2022-06-09 21:57:54 - [MESSAGE][PASSED] - Delayed 1 second(s)

2022-06-09 21:57:54 - [MESSAGE][PASSED] - Actual text 'All' and expected text 'All' are matched 

2022-06-09 21:57:54 - [TEST_STEP][PASSED] - I.VerifyMatchText("//*[@id="var_50"]", "Active"): Actual text 'Active' and expected text 'Active' are matched 

2022-06-09 21:57:54 - [MESSAGE][PASSED] - Text of object 'Object Repository/1. Constant/xpath' is: 'Active'

2022-06-09 21:57:55 - [MESSAGE][PASSED] - Delayed 1 second(s)

2022-06-09 21:57:55 - [MESSAGE][PASSED] - Actual text 'Active' and expected text 'Active' are matched 

2022-06-09 21:57:55 - [TEST_STEP][PASSED] - I.VerifyMatchText("//*[@id="var_64"]", "FR DC SPI Ham" + "
" + "FR PL Montfort"): Actual text 'FR DC SPI Ham
FR PL Montfort' and expected text 'FR DC SPI Ham
FR PL Montfort' are matched 

2022-06-09 21:57:55 - [MESSAGE][PASSED] - Text of object 'Object Repository/1. Constant/xpath' is: 'FR DC SPI Ham
FR PL Montfort'

2022-06-09 21:57:56 - [MESSAGE][PASSED] - Delayed 1 second(s)

2022-06-09 21:57:56 - [MESSAGE][PASSED] - Actual text 'FR DC SPI Ham
FR PL Montfort' and expected text 'FR DC SPI Ham
FR PL Montfort' are matched 

2022-06-09 21:57:56 - [TEST_STEP][PASSED] - I.VerifyMatchText("//*[@id="var_53"]", "FR DC SPI Ham"): Actual text 'FR DC SPI Ham' and expected text 'FR DC SPI Ham' are matched 

2022-06-09 21:57:56 - [MESSAGE][PASSED] - Text of object 'Object Repository/1. Constant/xpath' is: 'FR DC SPI Ham'

2022-06-09 21:57:57 - [MESSAGE][PASSED] - Delayed 1 second(s)

2022-06-09 21:57:57 - [MESSAGE][PASSED] - Actual text 'FR DC SPI Ham' and expected text 'FR DC SPI Ham' are matched 

2022-06-09 21:57:57 - [TEST_STEP][PASSED] - I.VerifyMatchText("//*[@id="var_58"]", "Animal Lovers"): Actual text 'Animal Lovers' and expected text 'Animal Lovers' are matched 

2022-06-09 21:57:57 - [MESSAGE][PASSED] - Text of object 'Object Repository/1. Constant/xpath' is: 'Animal Lovers'

2022-06-09 21:57:58 - [MESSAGE][PASSED] - Delayed 1 second(s)

2022-06-09 21:57:58 - [MESSAGE][PASSED] - Actual text 'Animal Lovers' and expected text 'Animal Lovers' are matched 

2022-06-09 21:57:58 - [TEST_STEP][PASSED] - I.VerifyMatchText("//*[@id="var_59"]", "Deuerer"): Actual text 'Deuerer' and expected text 'Deuerer' are matched 

2022-06-09 21:57:59 - [MESSAGE][PASSED] - Text of object 'Object Repository/1. Constant/xpath' is: 'Deuerer'

2022-06-09 21:58:00 - [MESSAGE][PASSED] - Delayed 1 second(s)

2022-06-09 21:58:00 - [MESSAGE][PASSED] - Actual text 'Deuerer' and expected text 'Deuerer' are matched 

2022-06-09 21:58:00 - [TEST_STEP][PASSED] - I.VerifyMatchText("//*[@id="var_73"]", "Mousse"): Actual text 'Mousse' and expected text 'Mousse' are matched 

2022-06-09 21:58:00 - [MESSAGE][PASSED] - Text of object 'Object Repository/1. Constant/xpath' is: 'Mousse'

2022-06-09 21:58:01 - [MESSAGE][PASSED] - Delayed 1 second(s)

2022-06-09 21:58:01 - [MESSAGE][PASSED] - Actual text 'Mousse' and expected text 'Mousse' are matched 

2022-06-09 21:58:01 - [TEST_STEP][PASSED] - I.VerifyMatchText("//*[@id="var_66"]", "No"): Actual text 'No' and expected text 'No' are matched 

2022-06-09 21:58:02 - [MESSAGE][PASSED] - Text of object 'Object Repository/1. Constant/xpath' is: 'No'

2022-06-09 21:58:03 - [MESSAGE][PASSED] - Delayed 1 second(s)

2022-06-09 21:58:03 - [MESSAGE][PASSED] - Actual text 'No' and expected text 'No' are matched 

2022-06-09 21:58:03 - [TEST_STEP][PASSED] - I.VerifyMatchText("//*[@id="var_142"]", "No"): Actual text 'No' and expected text 'No' are matched 

2022-06-09 21:58:03 - [MESSAGE][PASSED] - Text of object 'Object Repository/1. Constant/xpath' is: 'No'

2022-06-09 21:58:04 - [MESSAGE][PASSED] - Delayed 1 second(s)

2022-06-09 21:58:04 - [MESSAGE][PASSED] - Actual text 'No' and expected text 'No' are matched 

2022-06-09 21:58:04 - [TEST_STEP][PASSED] - I.VerifyMatchText("//*[@id="var_143"]", "No"): Actual text 'No' and expected text 'No' are matched 

2022-06-09 21:58:04 - [MESSAGE][PASSED] - Text of object 'Object Repository/1. Constant/xpath' is: 'No'

2022-06-09 21:58:05 - [MESSAGE][PASSED] - Delayed 1 second(s)

2022-06-09 21:58:05 - [MESSAGE][PASSED] - Actual text 'No' and expected text 'No' are matched 

2022-06-09 21:58:05 - [TEST_STEP][PASSED] - I.VerifyMatchText("//*[@id="var_119"]", "LATAM"): Actual text 'LATAM' and expected text 'LATAM' are matched 

2022-06-09 21:58:06 - [MESSAGE][PASSED] - Text of object 'Object Repository/1. Constant/xpath' is: 'LATAM'

2022-06-09 21:58:07 - [MESSAGE][PASSED] - Delayed 1 second(s)

2022-06-09 21:58:07 - [MESSAGE][PASSED] - Actual text 'LATAM' and expected text 'LATAM' are matched 

2022-06-09 21:58:07 - [TEST_STEP][PASSED] - click(findTestObject("1. Constant/xpath", ["xpath":"//*[@id="kt_subheader"]/div/nav/ol/li[2]/a"])): Object: 'Object Repository/1. Constant/xpath' is clicked on

2022-06-09 21:58:09 - [MESSAGE][PASSED] - Object: 'Object Repository/1. Constant/xpath' is clicked on

2022-06-09 21:58:09 - [TEST_STEP][PASSED] - I.VerifyMatchText("//*[@id="kt_content"]/div[3]/div/div[2]/div[1]/div[1]/h1/span", "1"): Actual text '1' and expected text '1' are matched 

2022-06-09 21:58:09 - [MESSAGE][PASSED] - Text of object 'Object Repository/1. Constant/xpath' is: '1'

2022-06-09 21:58:10 - [MESSAGE][PASSED] - Delayed 1 second(s)

2022-06-09 21:58:10 - [MESSAGE][PASSED] - Actual text '1' and expected text '1' are matched 

2022-06-09 21:58:10 - [TEST_STEP][PASSED] - click(findTestObject("1. Constant/xpath", ["xpath":"//*[@id="fiches"]/table/tbody/tr[1]/td[5]/a[1]"])): Object: 'Object Repository/1. Constant/xpath' is clicked on

2022-06-09 21:58:15 - [MESSAGE][PASSED] - Object: 'Object Repository/1. Constant/xpath' is clicked on

2022-06-09 21:58:15 - [TEST_STEP][PASSED] - delay(1): Delayed 1 second(s)

2022-06-09 21:58:16 - [MESSAGE][PASSED] - Delayed 1 second(s)

2022-06-09 21:58:16 - [TEST_STEP][PASSED] - refID3 = I.RefID_Npp(): Current window's url is: 'http://mdb-release.diadeis.lan/MediaboxIndependence/Base/ExecAction?action=VoirRef&IDSession=MBI!RELTESTAUTO_NPP!HV2SI5KGPVT9XS1PSIUVIBMWZZZUVWE4X5I11E2F&num=23IGR6GSD7&id_ref=1058036'

2022-06-09 21:58:21 - [MESSAGE][PASSED] - Delayed 5 second(s)

2022-06-09 21:58:21 - [MESSAGE][PASSED] - Current window's url is: 'http://mdb-release.diadeis.lan/MediaboxIndependence/Base/ExecAction?action=VoirRef&IDSession=MBI!RELTESTAUTO_NPP!HV2SI5KGPVT9XS1PSIUVIBMWZZZUVWE4X5I11E2F&num=23IGR6GSD7&id_ref=1058036'

2022-06-09 21:58:21 - [TEST_STEP][PASSED] - click(findTestObject("1. Constant/xpath", ["xpath":"//*[@id="aff_full_brief"]"])): Object: 'Object Repository/1. Constant/xpath' is clicked on

2022-06-09 21:58:23 - [MESSAGE][PASSED] - Object: 'Object Repository/1. Constant/xpath' is clicked on

2022-06-09 21:58:23 - [TEST_STEP][PASSED] - delay(1): Delayed 1 second(s)

2022-06-09 21:58:24 - [MESSAGE][PASSED] - Delayed 1 second(s)

2022-06-09 21:58:24 - [TEST_STEP][PASSED] - I.VerifyMatchText("//*[@id="var_107"]", "Litter"): Actual text 'Litter' and expected text 'Litter' are matched 

2022-06-09 21:58:25 - [MESSAGE][PASSED] - Text of object 'Object Repository/1. Constant/xpath' is: 'Litter'

2022-06-09 21:58:26 - [MESSAGE][PASSED] - Delayed 1 second(s)

2022-06-09 21:58:26 - [MESSAGE][PASSED] - Actual text 'Litter' and expected text 'Litter' are matched 

2022-06-09 21:58:26 - [TEST_STEP][PASSED] - I.VerifyMatchText("//*[@id="var_108"]", "Clumping clay" + "
" + "Corn"): Actual text 'Clumping clay
Corn' and expected text 'Clumping clay
Corn' are matched 

2022-06-09 21:58:26 - [MESSAGE][PASSED] - Text of object 'Object Repository/1. Constant/xpath' is: 'Clumping clay
Corn'

2022-06-09 21:58:27 - [MESSAGE][PASSED] - Delayed 1 second(s)

2022-06-09 21:58:27 - [MESSAGE][PASSED] - Actual text 'Clumping clay
Corn' and expected text 'Clumping clay
Corn' are matched 

2022-06-09 21:58:27 - [TEST_STEP][PASSED] - I.VerifyMatchText("//*[@id="var_110"]", "Variety test"): Actual text 'Variety test' and expected text 'Variety test' are matched 

2022-06-09 21:58:28 - [MESSAGE][PASSED] - Text of object 'Object Repository/1. Constant/xpath' is: 'Variety test'

2022-06-09 21:58:29 - [MESSAGE][PASSED] - Delayed 1 second(s)

2022-06-09 21:58:29 - [MESSAGE][PASSED] - Actual text 'Variety test' and expected text 'Variety test' are matched 

2022-06-09 21:58:29 - [TEST_STEP][PASSED] - I.VerifyMatchText("//*[@id="var_133"]", "Alternative Format code test"): Actual text 'Alternative Format code test' and expected text 'Alternative Format code test' are matched 

2022-06-09 21:58:29 - [MESSAGE][PASSED] - Text of object 'Object Repository/1. Constant/xpath' is: 'Alternative Format code test'

2022-06-09 21:58:30 - [MESSAGE][PASSED] - Delayed 1 second(s)

2022-06-09 21:58:30 - [MESSAGE][PASSED] - Actual text 'Alternative Format code test' and expected text 'Alternative Format code test' are matched 

2022-06-09 21:58:30 - [TEST_STEP][PASSED] - I.VerifyMatchText("//*[@id="var_65"]", "FORMAT Product designation test"): Actual text 'FORMAT Product designation test' and expected text 'FORMAT Product designation test' are matched 

2022-06-09 21:58:32 - [MESSAGE][PASSED] - Text of object 'Object Repository/1. Constant/xpath' is: 'FORMAT Product designation test'

2022-06-09 21:58:33 - [MESSAGE][PASSED] - Delayed 1 second(s)

2022-06-09 21:58:33 - [MESSAGE][PASSED] - Actual text 'FORMAT Product designation test' and expected text 'FORMAT Product designation test' are matched 

2022-06-09 21:58:33 - [TEST_STEP][PASSED] - I.VerifyMatchText("//*[@id="var_103"]", "SAP Designation test > https://www.google.com/"): Actual text 'SAP Designation test > https://www.google.com/' and expected text 'SAP Designation test > https://www.google.com/' are matched 

2022-06-09 21:58:35 - [MESSAGE][PASSED] - Text of object 'Object Repository/1. Constant/xpath' is: 'SAP Designation test > https://www.google.com/'

2022-06-09 21:58:36 - [MESSAGE][PASSED] - Delayed 1 second(s)

2022-06-09 21:58:36 - [MESSAGE][PASSED] - Actual text 'SAP Designation test > https://www.google.com/' and expected text 'SAP Designation test > https://www.google.com/' are matched 

2022-06-09 21:58:36 - [TEST_STEP][PASSED] - I.VerifyMatchText("//*[@id="var_139"]", "Claim Substantiation Project Link > https://www.google.com/"): Actual text 'Claim Substantiation Project Link > https://www.google.com/' and expected text 'Claim Substantiation Project Link > https://www.google.com/' are matched 

2022-06-09 21:58:37 - [MESSAGE][PASSED] - Text of object 'Object Repository/1. Constant/xpath' is: 'Claim Substantiation Project Link > https://www.google.com/'

2022-06-09 21:58:38 - [MESSAGE][PASSED] - Delayed 1 second(s)

2022-06-09 21:58:38 - [MESSAGE][PASSED] - Actual text 'Claim Substantiation Project Link > https://www.google.com/' and expected text 'Claim Substantiation Project Link > https://www.google.com/' are matched 

2022-06-09 21:58:38 - [TEST_STEP][PASSED] - I.VerifyMatchText("//*[@id="var_160"]", "Grading standard link > test"): Actual text 'Grading standard link > test' and expected text 'Grading standard link > test' are matched 

2022-06-09 21:58:40 - [MESSAGE][PASSED] - Text of object 'Object Repository/1. Constant/xpath' is: 'Grading standard link > test'

2022-06-09 21:58:41 - [MESSAGE][PASSED] - Delayed 1 second(s)

2022-06-09 21:58:41 - [MESSAGE][PASSED] - Actual text 'Grading standard link > test' and expected text 'Grading standard link > test' are matched 

2022-06-09 21:58:41 - [TEST_STEP][PASSED] - I.VerifyMatchText("//*[@id="var_62"]", "DPET > test"): Actual text 'DPET > test' and expected text 'DPET > test' are matched 

2022-06-09 21:58:42 - [MESSAGE][PASSED] - Text of object 'Object Repository/1. Constant/xpath' is: 'DPET > test'

2022-06-09 21:58:43 - [MESSAGE][PASSED] - Delayed 1 second(s)

2022-06-09 21:58:43 - [MESSAGE][PASSED] - Actual text 'DPET > test' and expected text 'DPET > test' are matched 

2022-06-09 21:58:43 - [TEST_STEP][PASSED] - I.VerifyMatchText("//*[@id="var_90"]", "Project name > test"): Actual text 'Project name > test' and expected text 'Project name > test' are matched 

2022-06-09 21:58:45 - [MESSAGE][PASSED] - Text of object 'Object Repository/1. Constant/xpath' is: 'Project name > test'

2022-06-09 21:58:46 - [MESSAGE][PASSED] - Delayed 1 second(s)

2022-06-09 21:58:46 - [MESSAGE][PASSED] - Actual text 'Project name > test' and expected text 'Project name > test' are matched 

2022-06-09 21:58:46 - [TEST_STEP][PASSED] - I.VerifyMatchText("//*[@id="var_91"]", "HIP"): Actual text 'HIP' and expected text 'HIP' are matched 

2022-06-09 21:58:48 - [MESSAGE][PASSED] - Text of object 'Object Repository/1. Constant/xpath' is: 'HIP'

2022-06-09 21:58:49 - [MESSAGE][PASSED] - Delayed 1 second(s)

2022-06-09 21:58:49 - [MESSAGE][PASSED] - Actual text 'HIP' and expected text 'HIP' are matched 

2022-06-09 21:58:49 - [TEST_STEP][PASSED] - I.VerifyMatchText("//*[@id="var_71"]", "25/08/2021"): Actual text '25/08/2021' and expected text '25/08/2021' are matched 

2022-06-09 21:58:51 - [MESSAGE][PASSED] - Text of object 'Object Repository/1. Constant/xpath' is: '25/08/2021'

2022-06-09 21:58:52 - [MESSAGE][PASSED] - Delayed 1 second(s)

2022-06-09 21:58:52 - [MESSAGE][PASSED] - Actual text '25/08/2021' and expected text '25/08/2021' are matched 

2022-06-09 21:58:52 - [TEST_STEP][PASSED] - I.VerifyMatchText("//*[@id="var_72"]", "01/12/2021"): Actual text '01/12/2021' and expected text '01/12/2021' are matched 

2022-06-09 21:58:53 - [MESSAGE][PASSED] - Text of object 'Object Repository/1. Constant/xpath' is: '01/12/2021'

2022-06-09 21:58:54 - [MESSAGE][PASSED] - Delayed 1 second(s)

2022-06-09 21:58:54 - [MESSAGE][PASSED] - Actual text '01/12/2021' and expected text '01/12/2021' are matched 

2022-06-09 21:58:54 - [TEST_STEP][PASSED] - I.VerifyMatchText("//*[@id="var_116"]", "01/12/2021"): Actual text '01/12/2021' and expected text '01/12/2021' are matched 

2022-06-09 21:58:55 - [MESSAGE][PASSED] - Text of object 'Object Repository/1. Constant/xpath' is: '01/12/2021'

2022-06-09 21:58:56 - [MESSAGE][PASSED] - Delayed 1 second(s)

2022-06-09 21:58:56 - [MESSAGE][PASSED] - Actual text '01/12/2021' and expected text '01/12/2021' are matched 

2022-06-09 21:58:56 - [TEST_STEP][PASSED] - I.VerifyMatchText("//*[@id="var_89"]", "Project Information - Comments"): Actual text 'Project Information - Comments' and expected text 'Project Information - Comments' are matched 

2022-06-09 21:58:57 - [MESSAGE][PASSED] - Text of object 'Object Repository/1. Constant/xpath' is: 'Project Information - Comments'

2022-06-09 21:58:58 - [MESSAGE][PASSED] - Delayed 1 second(s)

2022-06-09 21:58:58 - [MESSAGE][PASSED] - Actual text 'Project Information - Comments' and expected text 'Project Information - Comments' are matched 

2022-06-09 21:58:58 - [TEST_STEP][PASSED] - I.VerifyMatchText("//*[@id="var_93"]", "Reason for change test"): Actual text 'Reason for change test' and expected text 'Reason for change test' are matched 

2022-06-09 21:59:00 - [MESSAGE][PASSED] - Text of object 'Object Repository/1. Constant/xpath' is: 'Reason for change test'

2022-06-09 21:59:01 - [MESSAGE][PASSED] - Delayed 1 second(s)

2022-06-09 21:59:01 - [MESSAGE][PASSED] - Actual text 'Reason for change test' and expected text 'Reason for change test' are matched 

2022-06-09 21:59:01 - [TEST_STEP][PASSED] - I.VerifyMatchText("//*[@id="var_54"]", "Tidy Cat"): Actual text 'Tidy Cat' and expected text 'Tidy Cat' are matched 

2022-06-09 21:59:02 - [MESSAGE][PASSED] - Text of object 'Object Repository/1. Constant/xpath' is: 'Tidy Cat'

2022-06-09 21:59:03 - [MESSAGE][PASSED] - Delayed 1 second(s)

2022-06-09 21:59:03 - [MESSAGE][PASSED] - Actual text 'Tidy Cat' and expected text 'Tidy Cat' are matched 

2022-06-09 21:59:03 - [TEST_STEP][PASSED] - I.VerifyMatchText("//*[@id="var_106"]", "Tidy Cat - CRYSTALS BLEND"): Actual text 'Tidy Cat - CRYSTALS BLEND' and expected text 'Tidy Cat - CRYSTALS BLEND' are matched 

2022-06-09 21:59:04 - [MESSAGE][PASSED] - Text of object 'Object Repository/1. Constant/xpath' is: 'Tidy Cat - CRYSTALS BLEND'

2022-06-09 21:59:05 - [MESSAGE][PASSED] - Delayed 1 second(s)

2022-06-09 21:59:05 - [MESSAGE][PASSED] - Actual text 'Tidy Cat - CRYSTALS BLEND' and expected text 'Tidy Cat - CRYSTALS BLEND' are matched 

2022-06-09 21:59:05 - [TEST_STEP][PASSED] - I.VerifyMatchText("//*[@id="var_92"]", "Premium"): Actual text 'Premium' and expected text 'Premium' are matched 

2022-06-09 21:59:07 - [MESSAGE][PASSED] - Text of object 'Object Repository/1. Constant/xpath' is: 'Premium'

2022-06-09 21:59:08 - [MESSAGE][PASSED] - Delayed 1 second(s)

2022-06-09 21:59:08 - [MESSAGE][PASSED] - Actual text 'Premium' and expected text 'Premium' are matched 

2022-06-09 21:59:08 - [TEST_STEP][PASSED] - I.VerifyMatchText("//*[@id="var_88"]", "Superfood"): Actual text 'Superfood' and expected text 'Superfood' are matched 

2022-06-09 21:59:09 - [MESSAGE][PASSED] - Text of object 'Object Repository/1. Constant/xpath' is: 'Superfood'

2022-06-09 21:59:10 - [MESSAGE][PASSED] - Delayed 1 second(s)

2022-06-09 21:59:10 - [MESSAGE][PASSED] - Actual text 'Superfood' and expected text 'Superfood' are matched 

2022-06-09 21:59:10 - [TEST_STEP][PASSED] - I.VerifyMatchText("//*[@id="var_86"]", "No color"): Actual text 'No color' and expected text 'No color' are matched 

2022-06-09 21:59:11 - [MESSAGE][PASSED] - Text of object 'Object Repository/1. Constant/xpath' is: 'No color'

2022-06-09 21:59:12 - [MESSAGE][PASSED] - Delayed 1 second(s)

2022-06-09 21:59:12 - [MESSAGE][PASSED] - Actual text 'No color' and expected text 'No color' are matched 

2022-06-09 21:59:12 - [TEST_STEP][PASSED] - I.VerifyMatchText("//*[@id="var_57"]", "Not applicable"): Actual text 'Not applicable' and expected text 'Not applicable' are matched 

2022-06-09 21:59:14 - [MESSAGE][PASSED] - Text of object 'Object Repository/1. Constant/xpath' is: 'Not applicable'

2022-06-09 21:59:15 - [MESSAGE][PASSED] - Delayed 1 second(s)

2022-06-09 21:59:15 - [MESSAGE][PASSED] - Actual text 'Not applicable' and expected text 'Not applicable' are matched 

2022-06-09 21:59:15 - [TEST_STEP][PASSED] - I.VerifyMatchText("//*[@id="var_87"]", "Yes"): Actual text 'Yes' and expected text 'Yes' are matched 

2022-06-09 21:59:16 - [MESSAGE][PASSED] - Text of object 'Object Repository/1. Constant/xpath' is: 'Yes'

2022-06-09 21:59:17 - [MESSAGE][PASSED] - Delayed 1 second(s)

2022-06-09 21:59:17 - [MESSAGE][PASSED] - Actual text 'Yes' and expected text 'Yes' are matched 

2022-06-09 21:59:17 - [TEST_STEP][PASSED] - I.VerifyMatchText("//*[@id="var_109"]", "Complete"): Actual text 'Complete' and expected text 'Complete' are matched 

2022-06-09 21:59:18 - [MESSAGE][PASSED] - Text of object 'Object Repository/1. Constant/xpath' is: 'Complete'

2022-06-09 21:59:19 - [MESSAGE][PASSED] - Delayed 1 second(s)

2022-06-09 21:59:19 - [MESSAGE][PASSED] - Actual text 'Complete' and expected text 'Complete' are matched 

2022-06-09 21:59:19 - [TEST_STEP][PASSED] - I.VerifyMatchText("//*[@id="var_52"]", "Dogs & Cats"): Actual text 'Dogs & Cats' and expected text 'Dogs & Cats' are matched 

2022-06-09 21:59:20 - [MESSAGE][PASSED] - Text of object 'Object Repository/1. Constant/xpath' is: 'Dogs & Cats'

2022-06-09 21:59:21 - [MESSAGE][PASSED] - Delayed 1 second(s)

2022-06-09 21:59:21 - [MESSAGE][PASSED] - Actual text 'Dogs & Cats' and expected text 'Dogs & Cats' are matched 

2022-06-09 21:59:21 - [TEST_STEP][PASSED] - I.VerifyMatchText("//*[@id="var_67"]", "Tidy Cat - Adult"): Actual text 'Tidy Cat - Adult' and expected text 'Tidy Cat - Adult' are matched 

2022-06-09 21:59:22 - [MESSAGE][PASSED] - Text of object 'Object Repository/1. Constant/xpath' is: 'Tidy Cat - Adult'

2022-06-09 21:59:23 - [MESSAGE][PASSED] - Delayed 1 second(s)

2022-06-09 21:59:23 - [MESSAGE][PASSED] - Actual text 'Tidy Cat - Adult' and expected text 'Tidy Cat - Adult' are matched 

2022-06-09 21:59:23 - [TEST_STEP][PASSED] - I.VerifyMatchText("//*[@id="var_140"]", "Light"): Actual text 'Light' and expected text 'Light' are matched 

2022-06-09 21:59:25 - [MESSAGE][PASSED] - Text of object 'Object Repository/1. Constant/xpath' is: 'Light'

2022-06-09 21:59:26 - [MESSAGE][PASSED] - Delayed 1 second(s)

2022-06-09 21:59:26 - [MESSAGE][PASSED] - Actual text 'Light' and expected text 'Light' are matched 

2022-06-09 21:59:26 - [TEST_STEP][PASSED] - I.VerifyMatchText("//*[@id="var_51"]", "All"): Actual text 'All' and expected text 'All' are matched 

2022-06-09 21:59:27 - [MESSAGE][PASSED] - Text of object 'Object Repository/1. Constant/xpath' is: 'All'

2022-06-09 21:59:28 - [MESSAGE][PASSED] - Delayed 1 second(s)

2022-06-09 21:59:28 - [MESSAGE][PASSED] - Actual text 'All' and expected text 'All' are matched 

2022-06-09 21:59:28 - [TEST_STEP][PASSED] - I.VerifyMatchText("//*[@id="var_50"]", "Active"): Actual text 'Active' and expected text 'Active' are matched 

2022-06-09 21:59:29 - [MESSAGE][PASSED] - Text of object 'Object Repository/1. Constant/xpath' is: 'Active'

2022-06-09 21:59:30 - [MESSAGE][PASSED] - Delayed 1 second(s)

2022-06-09 21:59:30 - [MESSAGE][PASSED] - Actual text 'Active' and expected text 'Active' are matched 

2022-06-09 21:59:30 - [TEST_STEP][PASSED] - I.VerifyMatchText("//*[@id="var_64"]", "FR DC SPI Ham" + "
" + "FR PL Montfort"): Actual text 'FR DC SPI Ham
FR PL Montfort' and expected text 'FR DC SPI Ham
FR PL Montfort' are matched 

2022-06-09 21:59:31 - [MESSAGE][PASSED] - Text of object 'Object Repository/1. Constant/xpath' is: 'FR DC SPI Ham
FR PL Montfort'

2022-06-09 21:59:32 - [MESSAGE][PASSED] - Delayed 1 second(s)

2022-06-09 21:59:32 - [MESSAGE][PASSED] - Actual text 'FR DC SPI Ham
FR PL Montfort' and expected text 'FR DC SPI Ham
FR PL Montfort' are matched 

2022-06-09 21:59:32 - [TEST_STEP][PASSED] - I.VerifyMatchText("//*[@id="var_53"]", "FR DC SPI Ham"): Actual text 'FR DC SPI Ham' and expected text 'FR DC SPI Ham' are matched 

2022-06-09 21:59:34 - [MESSAGE][PASSED] - Text of object 'Object Repository/1. Constant/xpath' is: 'FR DC SPI Ham'

2022-06-09 21:59:35 - [MESSAGE][PASSED] - Delayed 1 second(s)

2022-06-09 21:59:35 - [MESSAGE][PASSED] - Actual text 'FR DC SPI Ham' and expected text 'FR DC SPI Ham' are matched 

2022-06-09 21:59:35 - [TEST_STEP][PASSED] - I.VerifyMatchText("//*[@id="var_58"]", "Animal Lovers"): Actual text 'Animal Lovers' and expected text 'Animal Lovers' are matched 

2022-06-09 21:59:36 - [MESSAGE][PASSED] - Text of object 'Object Repository/1. Constant/xpath' is: 'Animal Lovers'

2022-06-09 21:59:37 - [MESSAGE][PASSED] - Delayed 1 second(s)

2022-06-09 21:59:37 - [MESSAGE][PASSED] - Actual text 'Animal Lovers' and expected text 'Animal Lovers' are matched 

2022-06-09 21:59:37 - [TEST_STEP][PASSED] - I.VerifyMatchText("//*[@id="var_59"]", "Deuerer"): Actual text 'Deuerer' and expected text 'Deuerer' are matched 

2022-06-09 21:59:38 - [MESSAGE][PASSED] - Text of object 'Object Repository/1. Constant/xpath' is: 'Deuerer'

2022-06-09 21:59:39 - [MESSAGE][PASSED] - Delayed 1 second(s)

2022-06-09 21:59:39 - [MESSAGE][PASSED] - Actual text 'Deuerer' and expected text 'Deuerer' are matched 

2022-06-09 21:59:39 - [TEST_STEP][PASSED] - I.VerifyMatchText("//*[@id="var_73"]", "Mousse"): Actual text 'Mousse' and expected text 'Mousse' are matched 

2022-06-09 21:59:40 - [MESSAGE][PASSED] - Text of object 'Object Repository/1. Constant/xpath' is: 'Mousse'

2022-06-09 21:59:41 - [MESSAGE][PASSED] - Delayed 1 second(s)

2022-06-09 21:59:41 - [MESSAGE][PASSED] - Actual text 'Mousse' and expected text 'Mousse' are matched 

2022-06-09 21:59:41 - [TEST_STEP][PASSED] - I.VerifyMatchText("//*[@id="var_85"]", "Anna KIM"): Actual text 'Anna KIM' and expected text 'Anna KIM' are matched 

2022-06-09 21:59:42 - [MESSAGE][PASSED] - Text of object 'Object Repository/1. Constant/xpath' is: 'Anna KIM'

2022-06-09 21:59:43 - [MESSAGE][PASSED] - Delayed 1 second(s)

2022-06-09 21:59:43 - [MESSAGE][PASSED] - Actual text 'Anna KIM' and expected text 'Anna KIM' are matched 

2022-06-09 21:59:43 - [TEST_STEP][PASSED] - I.VerifyMatchText("//*[@id="var_82"]", "AnneLise GAUDIN"): Actual text 'AnneLise GAUDIN' and expected text 'AnneLise GAUDIN' are matched 

2022-06-09 21:59:43 - [MESSAGE][PASSED] - Text of object 'Object Repository/1. Constant/xpath' is: 'AnneLise GAUDIN'

2022-06-09 21:59:44 - [MESSAGE][PASSED] - Delayed 1 second(s)

2022-06-09 21:59:44 - [MESSAGE][PASSED] - Actual text 'AnneLise GAUDIN' and expected text 'AnneLise GAUDIN' are matched 

2022-06-09 21:59:44 - [TEST_STEP][PASSED] - I.VerifyMatchText("//*[@id="var_74"]", "Alexandra FRAPPAZ"): Actual text 'Alexandra FRAPPAZ' and expected text 'Alexandra FRAPPAZ' are matched 

2022-06-09 21:59:44 - [MESSAGE][PASSED] - Text of object 'Object Repository/1. Constant/xpath' is: 'Alexandra FRAPPAZ'

2022-06-09 21:59:45 - [MESSAGE][PASSED] - Delayed 1 second(s)

2022-06-09 21:59:45 - [MESSAGE][PASSED] - Actual text 'Alexandra FRAPPAZ' and expected text 'Alexandra FRAPPAZ' are matched 

2022-06-09 21:59:45 - [TEST_STEP][PASSED] - I.VerifyMatchText("//*[@id="var_168"]", "Anastasiia BRAZHNIKOVA PX" + "
" + "Amelia LARKINS" + "
" + "Camille DEMONCHY"): Actual text 'Anastasiia BRAZHNIKOVA PX
Amelia LARKINS
Camille DEMONCHY' and expected text 'Anastasiia BRAZHNIKOVA PX
Amelia LARKINS
Camille DEMONCHY' are matched 

2022-06-09 21:59:46 - [MESSAGE][PASSED] - Text of object 'Object Repository/1. Constant/xpath' is: 'Anastasiia BRAZHNIKOVA PX
Amelia LARKINS
Camille DEMONCHY'

2022-06-09 21:59:47 - [MESSAGE][PASSED] - Delayed 1 second(s)

2022-06-09 21:59:47 - [MESSAGE][PASSED] - Actual text 'Anastasiia BRAZHNIKOVA PX
Amelia LARKINS
Camille DEMONCHY' and expected text 'Anastasiia BRAZHNIKOVA PX
Amelia LARKINS
Camille DEMONCHY' are matched 

2022-06-09 21:59:47 - [TEST_STEP][PASSED] - I.VerifyMatchText("//*[@id="var_60"]", "Adam SVEGAARD (D2D)"): Actual text 'Adam SVEGAARD (D2D)' and expected text 'Adam SVEGAARD (D2D)' are matched 

2022-06-09 21:59:47 - [MESSAGE][PASSED] - Text of object 'Object Repository/1. Constant/xpath' is: 'Adam SVEGAARD (D2D)'

2022-06-09 21:59:48 - [MESSAGE][PASSED] - Delayed 1 second(s)

2022-06-09 21:59:48 - [MESSAGE][PASSED] - Actual text 'Adam SVEGAARD (D2D)' and expected text 'Adam SVEGAARD (D2D)' are matched 

2022-06-09 21:59:48 - [TEST_STEP][PASSED] - I.VerifyMatchText("//*[@id="var_102"]", "Amelie SERMENT"): Actual text 'Amelie SERMENT' and expected text 'Amelie SERMENT' are matched 

2022-06-09 21:59:49 - [MESSAGE][PASSED] - Text of object 'Object Repository/1. Constant/xpath' is: 'Amelie SERMENT'

2022-06-09 21:59:50 - [MESSAGE][PASSED] - Delayed 1 second(s)

2022-06-09 21:59:50 - [MESSAGE][PASSED] - Actual text 'Amelie SERMENT' and expected text 'Amelie SERMENT' are matched 

2022-06-09 21:59:50 - [TEST_STEP][PASSED] - I.VerifyMatchText("//*[@id="var_63"]", "Alexandra SAVREUX (E2E)"): Actual text 'Alexandra SAVREUX (E2E)' and expected text 'Alexandra SAVREUX (E2E)' are matched 

2022-06-09 21:59:50 - [MESSAGE][PASSED] - Text of object 'Object Repository/1. Constant/xpath' is: 'Alexandra SAVREUX (E2E)'

2022-06-09 21:59:51 - [MESSAGE][PASSED] - Delayed 1 second(s)

2022-06-09 21:59:51 - [MESSAGE][PASSED] - Actual text 'Alexandra SAVREUX (E2E)' and expected text 'Alexandra SAVREUX (E2E)' are matched 

2022-06-09 21:59:51 - [TEST_STEP][PASSED] - I.VerifyMatchText("//*[@id="var_161"]", "Ana CHAVES"): Actual text 'Ana CHAVES' and expected text 'Ana CHAVES' are matched 

2022-06-09 21:59:51 - [MESSAGE][PASSED] - Text of object 'Object Repository/1. Constant/xpath' is: 'Ana CHAVES'

2022-06-09 21:59:52 - [MESSAGE][PASSED] - Delayed 1 second(s)

2022-06-09 21:59:52 - [MESSAGE][PASSED] - Actual text 'Ana CHAVES' and expected text 'Ana CHAVES' are matched 

2022-06-09 21:59:52 - [TEST_STEP][PASSED] - I.VerifyMatchText("//*[@id="var_66"]", "No"): Actual text 'No' and expected text 'No' are matched 

2022-06-09 21:59:52 - [MESSAGE][PASSED] - Text of object 'Object Repository/1. Constant/xpath' is: 'No'

2022-06-09 21:59:53 - [MESSAGE][PASSED] - Delayed 1 second(s)

2022-06-09 21:59:53 - [MESSAGE][PASSED] - Actual text 'No' and expected text 'No' are matched 

2022-06-09 21:59:53 - [TEST_STEP][PASSED] - I.VerifyMatchText("//*[@id="var_142"]", "No"): Actual text 'No' and expected text 'No' are matched 

2022-06-09 21:59:54 - [MESSAGE][PASSED] - Text of object 'Object Repository/1. Constant/xpath' is: 'No'

2022-06-09 21:59:55 - [MESSAGE][PASSED] - Delayed 1 second(s)

2022-06-09 21:59:55 - [MESSAGE][PASSED] - Actual text 'No' and expected text 'No' are matched 

2022-06-09 21:59:55 - [TEST_STEP][PASSED] - I.VerifyMatchText("//*[@id="var_143"]", "No"): Actual text 'No' and expected text 'No' are matched 

2022-06-09 21:59:55 - [MESSAGE][PASSED] - Text of object 'Object Repository/1. Constant/xpath' is: 'No'

2022-06-09 21:59:56 - [MESSAGE][PASSED] - Delayed 1 second(s)

2022-06-09 21:59:56 - [MESSAGE][PASSED] - Actual text 'No' and expected text 'No' are matched 

2022-06-09 21:59:56 - [TEST_STEP][PASSED] - I.VerifyMatchText("//*[@id="var_119"]", "LATAM"): Actual text 'LATAM' and expected text 'LATAM' are matched 

2022-06-09 21:59:56 - [MESSAGE][PASSED] - Text of object 'Object Repository/1. Constant/xpath' is: 'LATAM'

2022-06-09 21:59:57 - [MESSAGE][PASSED] - Delayed 1 second(s)

2022-06-09 21:59:57 - [MESSAGE][PASSED] - Actual text 'LATAM' and expected text 'LATAM' are matched 

2022-06-09 21:59:57 - [TEST_STEP][PASSED] - I.VerifyMatchText("//*[@id="var_79"]", "Bag - Woven"): Actual text 'Bag - Woven' and expected text 'Bag - Woven' are matched 

2022-06-09 21:59:58 - [MESSAGE][PASSED] - Text of object 'Object Repository/1. Constant/xpath' is: 'Bag - Woven'

2022-06-09 21:59:59 - [MESSAGE][PASSED] - Delayed 1 second(s)

2022-06-09 21:59:59 - [MESSAGE][PASSED] - Actual text 'Bag - Woven' and expected text 'Bag - Woven' are matched 

2022-06-09 21:59:59 - [TEST_STEP][PASSED] - I.VerifyMatchText("//*[@id="var_78"]", "1.1kg" + "
" + "1.2kg"): Actual text '1.1kg
1.2kg' and expected text '1.1kg
1.2kg' are matched 

2022-06-09 21:59:59 - [MESSAGE][PASSED] - Text of object 'Object Repository/1. Constant/xpath' is: '1.1kg
1.2kg'

2022-06-09 22:00:00 - [MESSAGE][PASSED] - Delayed 1 second(s)

2022-06-09 22:00:00 - [MESSAGE][PASSED] - Actual text '1.1kg
1.2kg' and expected text '1.1kg
1.2kg' are matched 

2022-06-09 22:00:00 - [TEST_STEP][PASSED] - I.VerifyMatchText("//*[@id="var_61"]", "Vet"): Actual text 'Vet' and expected text 'Vet' are matched 

2022-06-09 22:00:01 - [MESSAGE][PASSED] - Text of object 'Object Repository/1. Constant/xpath' is: 'Vet'

2022-06-09 22:00:02 - [MESSAGE][PASSED] - Delayed 1 second(s)

2022-06-09 22:00:02 - [MESSAGE][PASSED] - Actual text 'Vet' and expected text 'Vet' are matched 

2022-06-09 22:00:02 - [TEST_STEP][PASSED] - I.VerifyMatchText("//*[@id="var_104"]", "Albania" + "
" + "Austria"): Actual text 'Albania
Austria' and expected text 'Albania
Austria' are matched 

2022-06-09 22:00:02 - [MESSAGE][PASSED] - Text of object 'Object Repository/1. Constant/xpath' is: 'Albania
Austria'

2022-06-09 22:00:03 - [MESSAGE][PASSED] - Delayed 1 second(s)

2022-06-09 22:00:03 - [MESSAGE][PASSED] - Actual text 'Albania
Austria' and expected text 'Albania
Austria' are matched 

2022-06-09 22:00:03 - [TEST_STEP][PASSED] - I.VerifyMatchText("//*[@id="var_84"]", "Anna KIM"): Actual text 'Anna KIM' and expected text 'Anna KIM' are matched 

2022-06-09 22:00:04 - [MESSAGE][PASSED] - Text of object 'Object Repository/1. Constant/xpath' is: 'Anna KIM'

2022-06-09 22:00:05 - [MESSAGE][PASSED] - Delayed 1 second(s)

2022-06-09 22:00:05 - [MESSAGE][PASSED] - Actual text 'Anna KIM' and expected text 'Anna KIM' are matched 

2022-06-09 22:00:05 - [TEST_STEP][PASSED] - I.VerifyMatchText("//*[@id="var_76"]", "Alexandra FRAPPAZ"): Actual text 'Alexandra FRAPPAZ' and expected text 'Alexandra FRAPPAZ' are matched 

2022-06-09 22:00:05 - [MESSAGE][PASSED] - Text of object 'Object Repository/1. Constant/xpath' is: 'Alexandra FRAPPAZ'

2022-06-09 22:00:06 - [MESSAGE][PASSED] - Delayed 1 second(s)

2022-06-09 22:00:06 - [MESSAGE][PASSED] - Actual text 'Alexandra FRAPPAZ' and expected text 'Alexandra FRAPPAZ' are matched 

2022-06-09 22:00:06 - [TEST_STEP][PASSED] - I.VerifyMatchText("//*[@id="var_56"]", "Amelie SERMENT"): Actual text 'Amelie SERMENT' and expected text 'Amelie SERMENT' are matched 

2022-06-09 22:00:06 - [MESSAGE][PASSED] - Text of object 'Object Repository/1. Constant/xpath' is: 'Amelie SERMENT'

2022-06-09 22:00:07 - [MESSAGE][PASSED] - Delayed 1 second(s)

2022-06-09 22:00:07 - [MESSAGE][PASSED] - Actual text 'Amelie SERMENT' and expected text 'Amelie SERMENT' are matched 

2022-06-09 22:00:07 - [TEST_STEP][PASSED] - I.VerifyMatchText("//*[@id="var_169"]", "Version History"): Actual text 'Version History' and expected text 'Version History' are matched 

2022-06-09 22:00:08 - [MESSAGE][PASSED] - Text of object 'Object Repository/1. Constant/xpath' is: 'Version History'

2022-06-09 22:00:09 - [MESSAGE][PASSED] - Delayed 1 second(s)

2022-06-09 22:00:09 - [MESSAGE][PASSED] - Actual text 'Version History' and expected text 'Version History' are matched 

2022-06-09 22:00:09 - [TEST_STEP][PASSED] - delay(1): Delayed 1 second(s)

2022-06-09 22:00:10 - [MESSAGE][PASSED] - Delayed 1 second(s)

2022-06-09 22:00:10 - [TEST_STEP][PASSED] - click(findTestObject("1. Constant/xpath", ["xpath":"//*[@id="kt_content"]/div[3]/div/ul/li[3]/a"])): Object: 'Object Repository/1. Constant/xpath' is clicked on

2022-06-09 22:00:12 - [MESSAGE][PASSED] - Object: 'Object Repository/1. Constant/xpath' is clicked on

2022-06-09 22:00:12 - [TEST_STEP][PASSED] - delay(1): Delayed 1 second(s)

2022-06-09 22:00:13 - [MESSAGE][PASSED] - Delayed 1 second(s)

2022-06-09 22:00:13 - [TEST_STEP][PASSED] - I.VerifyMatchText("//*[@id="tab_lifecycle"]/div/h3", "LSS Lifecycle (3)"): Actual text 'LSS Lifecycle (3)' and expected text 'LSS Lifecycle (3)' are matched 

2022-06-09 22:00:13 - [MESSAGE][PASSED] - Text of object 'Object Repository/1. Constant/xpath' is: 'LSS Lifecycle (3)'

2022-06-09 22:00:14 - [MESSAGE][PASSED] - Delayed 1 second(s)

2022-06-09 22:00:14 - [MESSAGE][PASSED] - Actual text 'LSS Lifecycle (3)' and expected text 'LSS Lifecycle (3)' are matched 

2022-06-09 22:00:14 - [TEST_STEP][PASSED] - click(findTestObject("1. Constant/xpath", ["xpath":"//*[@id="kt_content"]/div[3]/div/ul/li[1]/a"])): Object: 'Object Repository/1. Constant/xpath' is clicked on

2022-06-09 22:00:15 - [MESSAGE][PASSED] - Object: 'Object Repository/1. Constant/xpath' is clicked on

2022-06-09 22:00:15 - [TEST_STEP][PASSED] - delay(1): Delayed 1 second(s)

2022-06-09 22:00:16 - [MESSAGE][PASSED] - Delayed 1 second(s)

2022-06-09 22:00:16 - [TEST_STEP][PASSED] - click(findTestObject("1. Constant/xpath", ["xpath":"//*[@id="aff_text_content_brief"]"])): Object: 'Object Repository/1. Constant/xpath' is clicked on

2022-06-09 22:00:16 - [MESSAGE][PASSED] - Object: 'Object Repository/1. Constant/xpath' is clicked on

2022-06-09 22:00:16 - [TEST_STEP][PASSED] - delay(5): Delayed 5 second(s)

2022-06-09 22:00:21 - [MESSAGE][PASSED] - Delayed 5 second(s)

2022-06-09 22:00:21 - [TEST_STEP][PASSED] - ExpectedValue1 = "Analytical Constituents:" + "
" + "protein: %," + "
" + "fat content: %," + "
" + "crude ash: %," + "
" + "crude fibre: %," + "
" + "omega 6 fatty acids: %.": null

2022-06-09 22:00:21 - [TEST_STEP][PASSED] - ExpectedValue2 = "": null

2022-06-09 22:00:21 - [TEST_STEP][PASSED] - I.Verify_Table_getdata("//*[@id="table_body"]", 0, 8, ExpectedValue1): Actual text 'Analytical Constituents:
protein: %,
fat content: %,
crude ash: %,
crude fibre: %,
omega 6 fatty acids: %.' and expected text 'Analytical Constituents:
protein: %,
fat content: %,
crude ash: %,
crude fibre: %,
omega 6 fatty acids: %.' are matched 

2022-06-09 22:00:22 - [MESSAGE][PASSED] - Actual text 'Analytical Constituents:
protein: %,
fat content: %,
crude ash: %,
crude fibre: %,
omega 6 fatty acids: %.' and expected text 'Analytical Constituents:
protein: %,
fat content: %,
crude ash: %,
crude fibre: %,
omega 6 fatty acids: %.' are matched 

2022-06-09 22:00:22 - [TEST_STEP][PASSED] - I.Verify_Table_getdata("//*[@id="table_body"]", 0, 9, ExpectedValue2): Actual text '' and expected text '' are matched 

2022-06-09 22:00:24 - [MESSAGE][PASSED] - Actual text '' and expected text '' are matched 

2022-06-09 22:00:24 - [TEST_STEP][PASSED] - click(findTestObject("1. Constant/xpath", ["xpath":"//*[@id="kt_subheader"]/div/nav/ol/li[2]/a"])): Object: 'Object Repository/1. Constant/xpath' is clicked on

2022-06-09 22:00:40 - [MESSAGE][PASSED] - Object: 'Object Repository/1. Constant/xpath' is clicked on

2022-06-09 22:00:40 - [TEST_STEP][PASSED] - click(findTestObject("1. Constant/xpath", ["xpath":"//*[@id="fiches"]/table/tbody/tr[1]/td[9]/a"])): Object: 'Object Repository/1. Constant/xpath' is clicked on

2022-06-09 22:00:46 - [MESSAGE][PASSED] - Object: 'Object Repository/1. Constant/xpath' is clicked on

2022-06-09 22:00:46 - [TEST_STEP][PASSED] - I.select_multiplelist("//*[@id="selSource_108"]", "//*[@id="btnAdd_108"]", "2357"): Delayed 1 second(s)

2022-06-09 22:00:47 - [MESSAGE][PASSED] - Delayed 1 second(s)

2022-06-09 22:00:47 - [MESSAGE][PASSED] - All options with value '2357' are selected in object 'Object Repository/1. Constant/xpath' 

2022-06-09 22:00:49 - [MESSAGE][PASSED] - Delayed 2 second(s)

2022-06-09 22:00:50 - [MESSAGE][PASSED] - Object: 'Object Repository/1. Constant/xpath' is clicked on

2022-06-09 22:00:51 - [MESSAGE][PASSED] - Delayed 1 second(s)

2022-06-09 22:00:51 - [TEST_STEP][PASSED] - click(findTestObject("1. Constant/xpath", ["xpath":"//*[@id="ModifFiche"]/div[1]/div/button[2]/i"])): Object: 'Object Repository/1. Constant/xpath' is clicked on

2022-06-09 22:00:57 - [MESSAGE][PASSED] - Object: 'Object Repository/1. Constant/xpath' is clicked on

2022-06-09 22:00:57 - [TEST_STEP][PASSED] - takeScreenshot(): Taking screenshot successfully

2022-06-09 22:00:58 - [MESSAGE][PASSED] - Taking screenshot successfully
[[ATTACHMENT|D:\\Projet Test Auto\\Mediabox Test Automation\\Reports\\20220609_181011\\03. Parallel Testing (Testing)\\TS -PT PART 3\\15.02 NPP Duplication Shortcut (Translation Ref) -Part 1\\20220609_181122\\1654804858000.png]]

2022-06-09 22:00:58 - [TEST_STEP][PASSED] - I.Logout_xpath("//*[@id="kt_header"]/div/div[2]/div[2]/div[1]/div/span/img", "//*[@id="kt_header"]/div/div[2]/div[2]/div[2]/a[2]"): Wait for page load successfully

2022-06-09 22:00:58 - [MESSAGE][PASSED] - Object: 'Object Repository/1. Constant/xpath' is clicked on

2022-06-09 22:00:59 - [MESSAGE][PASSED] - Delayed 1 second(s)

2022-06-09 22:01:02 - [MESSAGE][PASSED] - Object: 'Object Repository/1. Constant/xpath' is clicked on

2022-06-09 22:01:03 - [MESSAGE][PASSED] - Delayed 1 second(s)

2022-06-09 22:01:03 - [MESSAGE][PASSED] - Wait for page load successfully

2022-06-09 22:01:03 - [TEST_STEP][PASSED] - I.Login_password("ncur", password_ncur): Object: 'Object Repository/1. Constant/xpath' is clicked on

2022-06-09 22:01:04 - [MESSAGE][PASSED] - Text 'ncur' is set on object 'Object Repository/1. Constant/xpath'

2022-06-09 22:01:05 - [MESSAGE][PASSED] - Delayed 1 second(s)

2022-06-09 22:01:05 - [MESSAGE][PASSED] - Text 'dchi' is set on object 'Object Repository/1. Constant/xpath'

2022-06-09 22:01:06 - [MESSAGE][PASSED] - Delayed 1 second(s)

2022-06-09 22:01:10 - [MESSAGE][PASSED] - Object: 'Object Repository/1. Constant/xpath' is clicked on

2022-06-09 22:01:10 - [TEST_STEP][PASSED] - takeScreenshot(): Taking screenshot successfully

2022-06-09 22:01:10 - [MESSAGE][PASSED] - Taking screenshot successfully
[[ATTACHMENT|D:\\Projet Test Auto\\Mediabox Test Automation\\Reports\\20220609_181011\\03. Parallel Testing (Testing)\\TS -PT PART 3\\15.02 NPP Duplication Shortcut (Translation Ref) -Part 1\\20220609_181122\\1654804870432.png]]

2022-06-09 22:01:10 - [TEST_STEP][PASSED] - click(findTestObject("1. Constant/02_LHSMenu_Projects")): Object: 'Object Repository/1. Constant/02_LHSMenu_Projects' is clicked on

2022-06-09 22:01:28 - [MESSAGE][PASSED] - Object: 'Object Repository/1. Constant/02_LHSMenu_Projects' is clicked on

2022-06-09 22:01:28 - [TEST_STEP][PASSED] - I.SearchProjectNo_xpath(Project_No4, "//*[@id="keynum_project"]", "//*[@id="form_filters"]/div[9]/button"): Delayed 5 second(s)

2022-06-09 22:01:29 - [MESSAGE][PASSED] - Delayed 1 second(s)

2022-06-09 22:01:29 - [MESSAGE][PASSED] - Text 'MI001074' is set on object 'Object Repository/1. Constant/xpath'

2022-06-09 22:01:32 - [MESSAGE][PASSED] - Delayed 3 second(s)

2022-06-09 22:01:33 - [MESSAGE][PASSED] - Scroll to object 'Object Repository/1. Constant/xpath' successfully

2022-06-09 22:01:37 - [MESSAGE][PASSED] - Object: 'Object Repository/1. Constant/xpath' is clicked on

2022-06-09 22:01:42 - [MESSAGE][PASSED] - Delayed 5 second(s)

2022-06-09 22:01:42 - [TEST_STEP][PASSED] - delay(1): Delayed 1 second(s)

2022-06-09 22:01:43 - [MESSAGE][PASSED] - Delayed 1 second(s)

2022-06-09 22:01:43 - [TEST_STEP][PASSED] - click(findTestObject("1. Constant/xpath", ["xpath":"//*[@id="fiches"]/table/tbody/tr[1]/td[10]/a[2]"])): Object: 'Object Repository/1. Constant/xpath' is clicked on

2022-06-09 22:01:47 - [MESSAGE][PASSED] - Object: 'Object Repository/1. Constant/xpath' is clicked on

2022-06-09 22:01:47 - [TEST_STEP][PASSED] - delay(1): Delayed 1 second(s)

2022-06-09 22:01:48 - [MESSAGE][PASSED] - Delayed 1 second(s)

2022-06-09 22:01:48 - [TEST_STEP][PASSED] - click(findTestObject("1. Constant/xpath", ["xpath":"//*[@id="ModifFiche"]/div[1]/div/button[2]"])): Object: 'Object Repository/1. Constant/xpath' is clicked on

2022-06-09 22:01:56 - [MESSAGE][PASSED] - Object: 'Object Repository/1. Constant/xpath' is clicked on

2022-06-09 22:01:56 - [TEST_STEP][PASSED] - delay(1): Delayed 1 second(s)

2022-06-09 22:01:57 - [MESSAGE][PASSED] - Delayed 1 second(s)

2022-06-09 22:01:57 - [TEST_STEP][PASSED] - click(findTestObject("1. Constant/xpath", ["xpath":"/html/body/div[1]/div[2]/div[4]/div[3]/div/div[2]/div[2]/table/tbody/tr/td[10]/div[2]/button"])): Object: 'Object Repository/1. Constant/xpath' is clicked on

2022-06-09 22:01:57 - [MESSAGE][PASSED] - Object: 'Object Repository/1. Constant/xpath' is clicked on

2022-06-09 22:01:57 - [TEST_STEP][PASSED] - delay(1): Delayed 1 second(s)

2022-06-09 22:01:58 - [MESSAGE][PASSED] - Delayed 1 second(s)

2022-06-09 22:01:58 - [TEST_STEP][PASSED] - click(findTestObject("1. Constant/xpath", ["xpath":"//*[@id="fiches"]/table/tbody/tr/td[10]/div[2]/div/a[1]"])): Object: 'Object Repository/1. Constant/xpath' is clicked on

2022-06-09 22:02:00 - [MESSAGE][PASSED] - Object: 'Object Repository/1. Constant/xpath' is clicked on

2022-06-09 22:02:00 - [TEST_STEP][PASSED] - takeScreenshot(): Taking screenshot successfully

2022-06-09 22:02:01 - [MESSAGE][PASSED] - Taking screenshot successfully
[[ATTACHMENT|D:\\Projet Test Auto\\Mediabox Test Automation\\Reports\\20220609_181011\\03. Parallel Testing (Testing)\\TS -PT PART 3\\15.02 NPP Duplication Shortcut (Translation Ref) -Part 1\\20220609_181122\\1654804920722.png]]

2022-06-09 22:02:01 - [TEST_STEP][PASSED] - click(findTestObject("1. Constant/xpath", ["xpath":"//*[@id="ModifFiche"]/div[1]/div/div/button"])): Object: 'Object Repository/1. Constant/xpath' is clicked on

2022-06-09 22:02:01 - [MESSAGE][PASSED] - Object: 'Object Repository/1. Constant/xpath' is clicked on

2022-06-09 22:02:01 - [TEST_STEP][PASSED] - delay(1): Delayed 1 second(s)

2022-06-09 22:02:02 - [MESSAGE][PASSED] - Delayed 1 second(s)

2022-06-09 22:02:02 - [TEST_STEP][PASSED] - click(findTestObject("1. Constant/xpath", ["xpath":"//*[@id="ModifFiche"]/div[1]/div/div/div/a[1]"])): Object: 'Object Repository/1. Constant/xpath' is clicked on

2022-06-09 22:02:09 - [MESSAGE][PASSED] - Object: 'Object Repository/1. Constant/xpath' is clicked on

2022-06-09 22:02:09 - [TEST_STEP][PASSED] - delay(2): Delayed 2 second(s)

2022-06-09 22:02:11 - [MESSAGE][PASSED] - Delayed 2 second(s)

2022-06-09 22:02:11 - [TEST_STEP][PASSED] - click(findTestObject("1. Constant/xpath", ["xpath":"//*[@id="fiches"]/table/tbody/tr[1]/td[10]/div[2]/button"])): Object: 'Object Repository/1. Constant/xpath' is clicked on

2022-06-09 22:02:12 - [MESSAGE][PASSED] - Object: 'Object Repository/1. Constant/xpath' is clicked on

2022-06-09 22:02:12 - [TEST_STEP][PASSED] - delay(1): Delayed 1 second(s)

2022-06-09 22:02:13 - [MESSAGE][PASSED] - Delayed 1 second(s)

2022-06-09 22:02:13 - [TEST_STEP][PASSED] - click(findTestObject("1. Constant/xpath", ["xpath":"//*[@id="fiches"]/table/tbody/tr[1]/td[10]/div[2]/div/a[1]"])): Object: 'Object Repository/1. Constant/xpath' is clicked on

2022-06-09 22:02:15 - [MESSAGE][PASSED] - Object: 'Object Repository/1. Constant/xpath' is clicked on

2022-06-09 22:02:15 - [TEST_STEP][PASSED] - takeScreenshot(): Taking screenshot successfully

2022-06-09 22:02:16 - [MESSAGE][PASSED] - Taking screenshot successfully
[[ATTACHMENT|D:\\Projet Test Auto\\Mediabox Test Automation\\Reports\\20220609_181011\\03. Parallel Testing (Testing)\\TS -PT PART 3\\15.02 NPP Duplication Shortcut (Translation Ref) -Part 1\\20220609_181122\\1654804935966.png]]

2022-06-09 22:02:16 - [TEST_STEP][PASSED] - click(findTestObject("1. Constant/xpath", ["xpath":"//*[@id="ModifFiche"]/div[1]/div/div/button"])): Object: 'Object Repository/1. Constant/xpath' is clicked on

2022-06-09 22:02:16 - [MESSAGE][PASSED] - Object: 'Object Repository/1. Constant/xpath' is clicked on

2022-06-09 22:02:16 - [TEST_STEP][PASSED] - delay(1): Delayed 1 second(s)

2022-06-09 22:02:17 - [MESSAGE][PASSED] - Delayed 1 second(s)

2022-06-09 22:02:17 - [TEST_STEP][PASSED] - click(findTestObject("1. Constant/xpath", ["xpath":"//*[@id="ModifFiche"]/div[1]/div/div/div/a[1]"])): Object: 'Object Repository/1. Constant/xpath' is clicked on

2022-06-09 22:02:23 - [MESSAGE][PASSED] - Object: 'Object Repository/1. Constant/xpath' is clicked on

2022-06-09 22:02:23 - [TEST_STEP][PASSED] - delay(2): Delayed 2 second(s)

2022-06-09 22:02:25 - [MESSAGE][PASSED] - Delayed 2 second(s)

2022-06-09 22:02:25 - [TEST_STEP][PASSED] - click(findTestObject("1. Constant/xpath", ["xpath":"//*[@id="fiches"]/table/tbody/tr[1]/td[10]/div[2]/button"])): Object: 'Object Repository/1. Constant/xpath' is clicked on

2022-06-09 22:02:25 - [MESSAGE][PASSED] - Object: 'Object Repository/1. Constant/xpath' is clicked on

2022-06-09 22:02:25 - [TEST_STEP][PASSED] - delay(1): Delayed 1 second(s)

2022-06-09 22:02:26 - [MESSAGE][PASSED] - Delayed 1 second(s)

2022-06-09 22:02:26 - [TEST_STEP][PASSED] - click(findTestObject("1. Constant/xpath", ["xpath":"//*[@id="fiches"]/table/tbody/tr[1]/td[10]/div[2]/div/a[1]"])): Object: 'Object Repository/1. Constant/xpath' is clicked on

2022-06-09 22:02:29 - [MESSAGE][PASSED] - Object: 'Object Repository/1. Constant/xpath' is clicked on

2022-06-09 22:02:29 - [TEST_STEP][PASSED] - takeScreenshot(): Taking screenshot successfully

2022-06-09 22:02:29 - [MESSAGE][PASSED] - Taking screenshot successfully
[[ATTACHMENT|D:\\Projet Test Auto\\Mediabox Test Automation\\Reports\\20220609_181011\\03. Parallel Testing (Testing)\\TS -PT PART 3\\15.02 NPP Duplication Shortcut (Translation Ref) -Part 1\\20220609_181122\\1654804949482.png]]

2022-06-09 22:02:29 - [TEST_STEP][PASSED] - delay(1): Delayed 1 second(s)

2022-06-09 22:02:30 - [MESSAGE][PASSED] - Delayed 1 second(s)

2022-06-09 22:02:30 - [TEST_STEP][PASSED] - click(findTestObject("1. Constant/xpath", ["xpath":"//*[@id="ModifFiche"]/div[1]/div/div/button"])): Object: 'Object Repository/1. Constant/xpath' is clicked on

2022-06-09 22:02:33 - [MESSAGE][PASSED] - Object: 'Object Repository/1. Constant/xpath' is clicked on

2022-06-09 22:02:33 - [TEST_STEP][PASSED] - delay(1): Delayed 1 second(s)

2022-06-09 22:02:34 - [MESSAGE][PASSED] - Delayed 1 second(s)

2022-06-09 22:02:34 - [TEST_STEP][PASSED] - click(findTestObject("1. Constant/xpath", ["xpath":"//*[@id="ModifFiche"]/div[1]/div/div/div/a[1]"])): Object: 'Object Repository/1. Constant/xpath' is clicked on

2022-06-09 22:02:41 - [MESSAGE][PASSED] - Object: 'Object Repository/1. Constant/xpath' is clicked on

2022-06-09 22:02:41 - [TEST_STEP][PASSED] - delay(2): Delayed 2 second(s)

2022-06-09 22:02:43 - [MESSAGE][PASSED] - Delayed 2 second(s)

2022-06-09 22:02:43 - [TEST_STEP][PASSED] - click(findTestObject("1. Constant/xpath", ["xpath":"//*[@id="fiches"]/table/tbody/tr[1]/td[10]/div[2]"])): Object: 'Object Repository/1. Constant/xpath' is clicked on

2022-06-09 22:02:45 - [MESSAGE][PASSED] - Object: 'Object Repository/1. Constant/xpath' is clicked on

2022-06-09 22:02:45 - [TEST_STEP][PASSED] - delay(1): Delayed 1 second(s)

2022-06-09 22:02:46 - [MESSAGE][PASSED] - Delayed 1 second(s)

2022-06-09 22:02:46 - [TEST_STEP][PASSED] - click(findTestObject("1. Constant/xpath", ["xpath":"//*[@id="fiches"]/table/tbody/tr[1]/td[10]/div[2]/div/a[1]"])): Object: 'Object Repository/1. Constant/xpath' is clicked on

2022-06-09 22:02:48 - [MESSAGE][PASSED] - Object: 'Object Repository/1. Constant/xpath' is clicked on

2022-06-09 22:02:48 - [TEST_STEP][PASSED] - takeScreenshot(): Taking screenshot successfully

2022-06-09 22:02:48 - [MESSAGE][PASSED] - Taking screenshot successfully
[[ATTACHMENT|D:\\Projet Test Auto\\Mediabox Test Automation\\Reports\\20220609_181011\\03. Parallel Testing (Testing)\\TS -PT PART 3\\15.02 NPP Duplication Shortcut (Translation Ref) -Part 1\\20220609_181122\\1654804968343.png]]

2022-06-09 22:02:48 - [TEST_STEP][PASSED] - delay(1): Delayed 1 second(s)

2022-06-09 22:02:50 - [MESSAGE][PASSED] - Delayed 1 second(s)

2022-06-09 22:02:50 - [TEST_STEP][PASSED] - click(findTestObject("1. Constant/xpath", ["xpath":"//*[@id="ModifFiche"]/div[1]/div/div/button"])): Object: 'Object Repository/1. Constant/xpath' is clicked on

2022-06-09 22:02:50 - [MESSAGE][PASSED] - Object: 'Object Repository/1. Constant/xpath' is clicked on

2022-06-09 22:02:50 - [TEST_STEP][PASSED] - delay(1): Delayed 1 second(s)

2022-06-09 22:02:51 - [MESSAGE][PASSED] - Delayed 1 second(s)

2022-06-09 22:02:51 - [TEST_STEP][PASSED] - click(findTestObject("1. Constant/xpath", ["xpath":"//*[@id="ModifFiche"]/div[1]/div/div/div/a[1]"])): Object: 'Object Repository/1. Constant/xpath' is clicked on

2022-06-09 22:03:00 - [MESSAGE][PASSED] - Object: 'Object Repository/1. Constant/xpath' is clicked on

2022-06-09 22:03:00 - [TEST_STEP][PASSED] - delay(2): Delayed 2 second(s)

2022-06-09 22:03:02 - [MESSAGE][PASSED] - Delayed 2 second(s)

2022-06-09 22:03:02 - [TEST_STEP][PASSED] - click(findTestObject("1. Constant/xpath", ["xpath":"//*[@id="fiches"]/table/tbody/tr[1]/td[10]/a[2]"])): Object: 'Object Repository/1. Constant/xpath' is clicked on

2022-06-09 22:03:06 - [MESSAGE][PASSED] - Object: 'Object Repository/1. Constant/xpath' is clicked on

2022-06-09 22:03:06 - [TEST_STEP][PASSED] - delay(1): Delayed 1 second(s)

2022-06-09 22:03:07 - [MESSAGE][PASSED] - Delayed 1 second(s)

2022-06-09 22:03:07 - [TEST_STEP][PASSED] - click(findTestObject("1. Constant/xpath", ["xpath":"//*[@id="ModifFiche"]/div[1]/div/button[2]"])): Object: 'Object Repository/1. Constant/xpath' is clicked on

2022-06-09 22:03:16 - [MESSAGE][PASSED] - Object: 'Object Repository/1. Constant/xpath' is clicked on

2022-06-09 22:03:16 - [TEST_STEP][PASSED] - I.status_lifecycle(findTestObject("1. Constant/xpath", ["xpath":"/html/body/div[1]/div[2]/div[4]/div[3]/div/div[2]/div[2]/table/tbody/tr[2]/td[7]/span[2]"]), "MKT Translation"): Status contain MKT Translation.

2022-06-09 22:03:17 - [MESSAGE][PASSED] - Text of object 'Object Repository/1. Constant/xpath' is: 'MKT Translation'

2022-06-09 22:03:17 - [MESSAGE][PASSED] - Status contain MKT Translation.

2022-06-09 22:03:17 - [TEST_STEP][PASSED] - click(findTestObject("1. Constant/xpath", ["xpath":"/html/body/div[1]/div[2]/div[4]/div[3]/div/div[2]/div[2]/table/tbody/tr[2]/td[5]/a"])): Object: 'Object Repository/1. Constant/xpath' is clicked on

2022-06-09 22:03:21 - [MESSAGE][PASSED] - Object: 'Object Repository/1. Constant/xpath' is clicked on

2022-06-09 22:03:21 - [TEST_STEP][PASSED] - delay(1): Delayed 1 second(s)

2022-06-09 22:03:22 - [MESSAGE][PASSED] - Delayed 1 second(s)

2022-06-09 22:03:22 - [TEST_STEP][PASSED] - click(findTestObject("1. Constant/xpath", ["xpath":"//*[@id="aff_text_content_brief"]"])): Object: 'Object Repository/1. Constant/xpath' is clicked on

2022-06-09 22:03:22 - [MESSAGE][PASSED] - Object: 'Object Repository/1. Constant/xpath' is clicked on

2022-06-09 22:03:22 - [TEST_STEP][PASSED] - delay(1): Delayed 1 second(s)

2022-06-09 22:03:23 - [MESSAGE][PASSED] - Delayed 1 second(s)

2022-06-09 22:03:23 - [TEST_STEP][PASSED] - ExpectedValue3 = "Analytical Constituents:" + "
" + "protein: %," + "
" + "fat content: %," + "
" + "crude ash: %," + "
" + "crude fibre: %," + "
" + "omega 6 fatty acids: %.": null

2022-06-09 22:03:23 - [TEST_STEP][PASSED] - ExpectedValue4 = "": null

2022-06-09 22:03:23 - [TEST_STEP][PASSED] - I.Verify_Table_getdata("//*[@id="table_body"]", 0, 15, ExpectedValue3): Actual text 'Analytical Constituents:
protein: %,
fat content: %,
crude ash: %,
crude fibre: %,
omega 6 fatty acids: %.' and expected text 'Analytical Constituents:
protein: %,
fat content: %,
crude ash: %,
crude fibre: %,
omega 6 fatty acids: %.' are matched 

2022-06-09 22:03:24 - [MESSAGE][PASSED] - Actual text 'Analytical Constituents:
protein: %,
fat content: %,
crude ash: %,
crude fibre: %,
omega 6 fatty acids: %.' and expected text 'Analytical Constituents:
protein: %,
fat content: %,
crude ash: %,
crude fibre: %,
omega 6 fatty acids: %.' are matched 

2022-06-09 22:03:24 - [TEST_STEP][PASSED] - I.Verify_Table_getdata("//*[@id="table_body"]", 0, 16, ExpectedValue4): Actual text '' and expected text '' are matched 

2022-06-09 22:03:24 - [MESSAGE][PASSED] - Actual text '' and expected text '' are matched 

2022-06-09 22:03:24 - [TEST_STEP][PASSED] - click(findTestObject("1. Constant/xpath", ["xpath":"//*[@id="kt_subheader"]/div/nav/ol/li[2]/a"])): Object: 'Object Repository/1. Constant/xpath' is clicked on

2022-06-09 22:03:28 - [MESSAGE][PASSED] - Object: 'Object Repository/1. Constant/xpath' is clicked on

2022-06-09 22:03:28 - [TEST_STEP][PASSED] - takeScreenshot(): Taking screenshot successfully

2022-06-09 22:03:28 - [MESSAGE][PASSED] - Taking screenshot successfully
[[ATTACHMENT|D:\\Projet Test Auto\\Mediabox Test Automation\\Reports\\20220609_181011\\03. Parallel Testing (Testing)\\TS -PT PART 3\\15.02 NPP Duplication Shortcut (Translation Ref) -Part 1\\20220609_181122\\1654805008169.png]]

2022-06-09 22:03:28 - [TEST_STEP][PASSED] - delay(1): Delayed 1 second(s)

2022-06-09 22:03:29 - [MESSAGE][PASSED] - Delayed 1 second(s)

2022-06-09 22:03:29 - [TEST_STEP][PASSED] - click(findTestObject("1. Constant/xpath", ["xpath":"/html/body/div[1]/div[2]/div[4]/div[3]/div/div[2]/div[2]/table/tbody/tr[2]/td[10]/a[2]"])): Object: 'Object Repository/1. Constant/xpath' is clicked on

2022-06-09 22:03:32 - [MESSAGE][PASSED] - Object: 'Object Repository/1. Constant/xpath' is clicked on

2022-06-09 22:03:32 - [TEST_STEP][PASSED] - delay(1): Delayed 1 second(s)

2022-06-09 22:03:33 - [MESSAGE][PASSED] - Delayed 1 second(s)

2022-06-09 22:03:33 - [TEST_STEP][PASSED] - click(findTestObject("1. Constant/xpath", ["xpath":"//*[@id="kt_content"]/div[3]/div/div[2]/div[1]/div[1]/div[2]/a"])): Object: 'Object Repository/1. Constant/xpath' is clicked on

2022-06-09 22:03:33 - [MESSAGE][PASSED] - Object: 'Object Repository/1. Constant/xpath' is clicked on

2022-06-09 22:03:33 - [TEST_STEP][PASSED] - delay(1): Delayed 1 second(s)

2022-06-09 22:03:34 - [MESSAGE][PASSED] - Delayed 1 second(s)

2022-06-09 22:03:34 - [TEST_STEP][PASSED] - click(findTestObject("1. Constant/xpath", ["xpath":"//*[@id="kt_body"]/div[9]/div/div/div[2]/button[2]"])): Object: 'Object Repository/1. Constant/xpath' is clicked on

2022-06-09 22:03:40 - [MESSAGE][PASSED] - Object: 'Object Repository/1. Constant/xpath' is clicked on

2022-06-09 22:03:40 - [TEST_STEP][PASSED] - takeScreenshot(): Taking screenshot successfully

2022-06-09 22:03:41 - [MESSAGE][PASSED] - Taking screenshot successfully
[[ATTACHMENT|D:\\Projet Test Auto\\Mediabox Test Automation\\Reports\\20220609_181011\\03. Parallel Testing (Testing)\\TS -PT PART 3\\15.02 NPP Duplication Shortcut (Translation Ref) -Part 1\\20220609_181122\\1654805020677.png]]

2022-06-09 22:03:41 - [TEST_STEP][PASSED] - I.status_lifecycle(findTestObject("1. Constant/xpath", ["xpath":"/html/body/div[1]/div[2]/div[4]/div[3]/div/div[2]/div[2]/table/tbody/tr[2]/td[7]/span[2]"]), "RSA Translation"): Status contain RSA Translation.

2022-06-09 22:03:41 - [MESSAGE][PASSED] - Text of object 'Object Repository/1. Constant/xpath' is: 'RSA Translation'

2022-06-09 22:03:41 - [MESSAGE][PASSED] - Status contain RSA Translation.

2022-06-09 22:03:41 - [TEST_STEP][PASSED] - delay(1): Delayed 1 second(s)

2022-06-09 22:03:42 - [MESSAGE][PASSED] - Delayed 1 second(s)

2022-06-09 22:03:42 - [TEST_STEP][PASSED] - click(findTestObject("1. Constant/xpath", ["xpath":"/html/body/div[1]/div[2]/div[4]/div[3]/div/div[2]/div[2]/table/tbody/tr[2]/td[10]/a[3]"])): Object: 'Object Repository/1. Constant/xpath' is clicked on

2022-06-09 22:03:48 - [MESSAGE][PASSED] - Object: 'Object Repository/1. Constant/xpath' is clicked on

2022-06-09 22:03:48 - [TEST_STEP][PASSED] - takeScreenshot(): Taking screenshot successfully

2022-06-09 22:03:48 - [MESSAGE][PASSED] - Taking screenshot successfully
[[ATTACHMENT|D:\\Projet Test Auto\\Mediabox Test Automation\\Reports\\20220609_181011\\03. Parallel Testing (Testing)\\TS -PT PART 3\\15.02 NPP Duplication Shortcut (Translation Ref) -Part 1\\20220609_181122\\1654805028158.png]]

2022-06-09 22:03:48 - [TEST_STEP][PASSED] - delay(3): Delayed 3 second(s)

2022-06-09 22:03:51 - [MESSAGE][PASSED] - Delayed 3 second(s)

2022-06-09 22:03:51 - [TEST_STEP][PASSED] - I.status_lifecycle(findTestObject("1. Constant/xpath", ["xpath":"/html/body/div[1]/div[2]/div[4]/div[3]/div/div[2]/div[2]/table/tbody/tr[2]/td[7]/span"]), "Complete"): Status contain Complete.

2022-06-09 22:03:51 - [MESSAGE][PASSED] - Text of object 'Object Repository/1. Constant/xpath' is: 'Complete'

2022-06-09 22:03:51 - [MESSAGE][PASSED] - Status contain Complete.

2022-06-09 22:03:51 - [TEST_STEP][PASSED] - I.status_lifecycle(findTestObject("1. Constant/xpath", ["xpath":"//*[@id="fiches"]/table/tbody/tr[1]/td[7]/span[2]"]), "Local Translation Validation"): Status contain Local Translation Validation.

2022-06-09 22:03:52 - [MESSAGE][PASSED] - Text of object 'Object Repository/1. Constant/xpath' is: 'Local Translation Validation'

2022-06-09 22:03:52 - [MESSAGE][PASSED] - Status contain Local Translation Validation.

2022-06-09 22:03:52 - [TEST_STEP][PASSED] - I.writenotepad("D:\Upoad_File\Projet_ Login\NPP\16.08\20.09_NPP_ProjectNo.txt", Project_No4): null

2022-06-09 22:03:52 - [TEST_STEP][PASSED] - closeBrowser(): Browser is closed

2022-06-09 22:04:03 - [MESSAGE][PASSED] - Browser is closed

2022-06-09 22:04:03 - [TEST_STEP][PASSED] - Start listener action : sampleAfterTestCase: null]]></system-out>
         <system-err><![CDATA[]]></system-err>
      </testcase>
      <testcase name="Test Cases/20. Sephora_NPP Duplication Standard_ Duplication Shortcut/20.10 NPP Duplication Shortcut_In New Project_Content Template -Used 16.08 P6" time="349.503" classname="Test Cases/20. Sephora_NPP Duplication Standard_ Duplication Shortcut/20.10 NPP Duplication Shortcut_In New Project_Content Template -Used 16.08 P6" status="PASSED">
         <system-out><![CDATA[2022-06-09 22:04:03 - [TEST_CASE][PASSED] - Test Cases/20. Sephora_NPP Duplication Standard_ Duplication Shortcut/20.10 NPP Duplication Shortcut_In New Project_Content Template -Used 16.08 P6: Test Cases/20. Sephora_NPP Duplication Standard_ Duplication Shortcut/20.10 NPP Duplication Shortcut_In New Project_Content Template -Used 16.08 P6

2022-06-09 22:04:05 - [TEST_STEP][PASSED] - data_Npp = findTestData("Data Files/Username_Password/Npp"): null

2022-06-09 22:04:05 - [TEST_STEP][PASSED] - password_ncur = data_Npp.getValue(2, 1): null

2022-06-09 22:04:05 - [TEST_STEP][PASSED] - password_akim = data_Npp.getValue(2, 2): null

2022-06-09 22:04:05 - [TEST_STEP][PASSED] - password_sschunke = data_Npp.getValue(2, 3): null

2022-06-09 22:04:05 - [TEST_STEP][PASSED] - password_abrazhnikovapx = data_Npp.getValue(2, 4): null

2022-06-09 22:04:05 - [TEST_STEP][PASSED] - password_afrappaz = data_Npp.getValue(2, 5): null

2022-06-09 22:04:05 - [TEST_STEP][PASSED] - password_alarkins = data_Npp.getValue(2, 6): null

2022-06-09 22:04:05 - [TEST_STEP][PASSED] - password_cdemonchy = data_Npp.getValue(2, 7): null

2022-06-09 22:04:05 - [TEST_STEP][PASSED] - data_urlRELAUTO = findTestData("Data Files/URL/URL_relauto"): null

2022-06-09 22:04:05 - [TEST_STEP][PASSED] - Url_Npp = data_urlRELAUTO.getValue(2, 5): null

2022-06-09 22:04:05 - [TEST_STEP][PASSED] - I.clearnotepad("D:\Upoad_File\Projet_ Login\NPP\16.08\20.10_NPP_ProjectNo.txt"): null

2022-06-09 22:04:05 - [TEST_STEP][PASSED] - Project_No = I.readnotepad("D:\Upoad_File\Projet_ Login\NPP\16.08\16.08_NPP_ProjectNo.txt"): null

2022-06-09 22:04:05 - [TEST_STEP][PASSED] - refID = I.readnotepad("D:\Upoad_File\Projet_ Login\NPP\16.08\16.08_NPP_refID.txt"): null

2022-06-09 22:04:05 - [TEST_STEP][PASSED] - openBrowser(Url_Npp): Browser is opened with url: ' http://mdb-release.diadeis.lan/MediaboxIndependence/?MBI_datasource=RELTESTAUTO_NPP'

2022-06-09 22:04:05 - [MESSAGE][INFO] - Starting 'Chrome (headless)' driver

2022-06-09 22:04:05 - [MESSAGE][INFO] - User set preference: ['args', '[--window-size=1920,1080, --headless]']

2022-06-09 22:04:05 - [MESSAGE][INFO] - Action delay is set to 0 milliseconds

2022-06-09 22:04:30 - [MESSAGE][PASSED] - Browser is opened with url: ' http://mdb-release.diadeis.lan/MediaboxIndependence/?MBI_datasource=RELTESTAUTO_NPP'

2022-06-09 22:04:30 - [TEST_STEP][PASSED] - maximizeWindow(): Current window maximized

2022-06-09 22:04:31 - [MESSAGE][PASSED] - Current window maximized

2022-06-09 22:04:31 - [TEST_STEP][PASSED] - takeScreenshot(): Taking screenshot successfully

2022-06-09 22:04:32 - [MESSAGE][PASSED] - Taking screenshot successfully
[[ATTACHMENT|D:\\Projet Test Auto\\Mediabox Test Automation\\Reports\\20220609_181011\\03. Parallel Testing (Testing)\\TS -PT PART 3\\15.02 NPP Duplication Shortcut (Translation Ref) -Part 1\\20220609_181122\\1654805071544.png]]

2022-06-09 22:04:32 - [TEST_STEP][PASSED] - I.Login_password("akim", password_akim): Object: 'Object Repository/1. Constant/xpath' is clicked on

2022-06-09 22:04:34 - [MESSAGE][PASSED] - Text 'akim' is set on object 'Object Repository/1. Constant/xpath'

2022-06-09 22:04:35 - [MESSAGE][PASSED] - Delayed 1 second(s)

2022-06-09 22:04:36 - [MESSAGE][PASSED] - Text 'dchi' is set on object 'Object Repository/1. Constant/xpath'

2022-06-09 22:04:37 - [MESSAGE][PASSED] - Delayed 1 second(s)

2022-06-09 22:05:11 - [MESSAGE][PASSED] - Object: 'Object Repository/1. Constant/xpath' is clicked on

2022-06-09 22:05:11 - [TEST_STEP][PASSED] - takeScreenshot(): Taking screenshot successfully

2022-06-09 22:05:12 - [MESSAGE][PASSED] - Taking screenshot successfully
[[ATTACHMENT|D:\\Projet Test Auto\\Mediabox Test Automation\\Reports\\20220609_181011\\03. Parallel Testing (Testing)\\TS -PT PART 3\\15.02 NPP Duplication Shortcut (Translation Ref) -Part 1\\20220609_181122\\1654805111676.png]]

2022-06-09 22:05:12 - [TEST_STEP][PASSED] - click(findTestObject("1. Constant/02_LHSMenu_Projects")): Object: 'Object Repository/1. Constant/02_LHSMenu_Projects' is clicked on

2022-06-09 22:05:24 - [MESSAGE][PASSED] - Object: 'Object Repository/1. Constant/02_LHSMenu_Projects' is clicked on

2022-06-09 22:05:24 - [TEST_STEP][PASSED] - I.SearchProjectNo_xpath(Project_No, "//*[@id="keynum_project"]", "//*[@id="form_filters"]/div[20]/button"): Delayed 5 second(s)

2022-06-09 22:05:25 - [MESSAGE][PASSED] - Delayed 1 second(s)

2022-06-09 22:05:27 - [MESSAGE][PASSED] - Text 'MI001071' is set on object 'Object Repository/1. Constant/xpath'

2022-06-09 22:05:30 - [MESSAGE][PASSED] - Delayed 3 second(s)

2022-06-09 22:05:30 - [MESSAGE][PASSED] - Scroll to object 'Object Repository/1. Constant/xpath' successfully

2022-06-09 22:05:36 - [MESSAGE][PASSED] - Object: 'Object Repository/1. Constant/xpath' is clicked on

2022-06-09 22:05:41 - [MESSAGE][PASSED] - Delayed 5 second(s)

2022-06-09 22:05:41 - [TEST_STEP][PASSED] - delay(1): Delayed 1 second(s)

2022-06-09 22:05:42 - [MESSAGE][PASSED] - Delayed 1 second(s)

2022-06-09 22:05:42 - [TEST_STEP][PASSED] - click(findTestObject("1. Constant/xpath", ["xpath":"//*[@id="kt_content"]/div[3]/div/div[2]/div[1]/div[2]/span/div/button"])): Object: 'Object Repository/1. Constant/xpath' is clicked on

2022-06-09 22:05:42 - [MESSAGE][PASSED] - Object: 'Object Repository/1. Constant/xpath' is clicked on

2022-06-09 22:05:42 - [TEST_STEP][PASSED] - delay(1): Delayed 1 second(s)

2022-06-09 22:05:43 - [MESSAGE][PASSED] - Delayed 1 second(s)

2022-06-09 22:05:43 - [TEST_STEP][PASSED] - click(findTestObject("1. Constant/xpath", ["xpath":"/html/body/div[1]/div[2]/div[4]/div[3]/div/div[2]/div[1]/div[2]/span/div/div/a[2]"])): Object: 'Object Repository/1. Constant/xpath' is clicked on

2022-06-09 22:05:44 - [MESSAGE][PASSED] - Object: 'Object Repository/1. Constant/xpath' is clicked on

2022-06-09 22:05:44 - [TEST_STEP][PASSED] - click(findTestObject("1. Constant/xpath", ["xpath":"//*[@id="fiches"]/table/tbody/tr[1]/td[1]/label"])): Object: 'Object Repository/1. Constant/xpath' is clicked on

2022-06-09 22:05:44 - [MESSAGE][PASSED] - Object: 'Object Repository/1. Constant/xpath' is clicked on

2022-06-09 22:05:44 - [TEST_STEP][PASSED] - delay(1): Delayed 1 second(s)

2022-06-09 22:05:45 - [MESSAGE][PASSED] - Delayed 1 second(s)

2022-06-09 22:05:45 - [TEST_STEP][PASSED] - click(findTestObject("1. Constant/xpath", ["xpath":"//*[@id="action_btnduplicatereference"]"])): Object: 'Object Repository/1. Constant/xpath' is clicked on

2022-06-09 22:05:46 - [MESSAGE][PASSED] - Object: 'Object Repository/1. Constant/xpath' is clicked on

2022-06-09 22:05:46 - [TEST_STEP][PASSED] - delay(1): Delayed 1 second(s)

2022-06-09 22:05:47 - [MESSAGE][PASSED] - Delayed 1 second(s)

2022-06-09 22:05:47 - [TEST_STEP][PASSED] - takeScreenshot(): Taking screenshot successfully

2022-06-09 22:05:48 - [MESSAGE][PASSED] - Taking screenshot successfully
[[ATTACHMENT|D:\\Projet Test Auto\\Mediabox Test Automation\\Reports\\20220609_181011\\03. Parallel Testing (Testing)\\TS -PT PART 3\\15.02 NPP Duplication Shortcut (Translation Ref) -Part 1\\20220609_181122\\1654805147950.png]]

2022-06-09 22:05:48 - [TEST_STEP][PASSED] - click(findTestObject("1. Constant/xpath", ["xpath":"//*[@id="modal_duplicate_reference"]/div/div/div[2]/div/div[8]/div[1]/label[2]"])): Object: 'Object Repository/1. Constant/xpath' is clicked on

2022-06-09 22:05:48 - [MESSAGE][PASSED] - Object: 'Object Repository/1. Constant/xpath' is clicked on

2022-06-09 22:05:48 - [TEST_STEP][PASSED] - I.VerifyMatchText("//*[@id="info_translation_block"]", "This option will duplicate the values from the brief and the source text structure (blocks to translate). The source content and the translations will not be collected."): Actual text 'This option will duplicate the values from the brief and the source text structure (blocks to translate). The source content and the translations will not be collected.' and expected text 'This option will duplicate the values from the brief and the source text structure (blocks to translate). The source content and the translations will not be collected.' are matched 

2022-06-09 22:05:48 - [MESSAGE][PASSED] - Text of object 'Object Repository/1. Constant/xpath' is: 'This option will duplicate the values from the brief and the source text structure (blocks to translate). The source content and the translations will not be collected.'

2022-06-09 22:05:49 - [MESSAGE][PASSED] - Delayed 1 second(s)

2022-06-09 22:05:49 - [MESSAGE][PASSED] - Actual text 'This option will duplicate the values from the brief and the source text structure (blocks to translate). The source content and the translations will not be collected.' and expected text 'This option will duplicate the values from the brief and the source text structure (blocks to translate). The source content and the translations will not be collected.' are matched 

2022-06-09 22:05:49 - [TEST_STEP][PASSED] - I.VerifyMatchText("//*[@id="select2-ref_tpl7-container"]", "LSS Reference"): Actual text 'LSS Reference' and expected text 'LSS Reference' are matched 

2022-06-09 22:05:49 - [MESSAGE][PASSED] - Text of object 'Object Repository/1. Constant/xpath' is: 'LSS Reference'

2022-06-09 22:05:50 - [MESSAGE][PASSED] - Delayed 1 second(s)

2022-06-09 22:05:50 - [MESSAGE][PASSED] - Actual text 'LSS Reference' and expected text 'LSS Reference' are matched 

2022-06-09 22:05:50 - [TEST_STEP][PASSED] - I.VerifyMatchText("//*[@id="select2-lfc_tpl7-container"]", "LSS Lifecycle (3)"): Actual text 'LSS Lifecycle (3)' and expected text 'LSS Lifecycle (3)' are matched 

2022-06-09 22:05:51 - [MESSAGE][PASSED] - Text of object 'Object Repository/1. Constant/xpath' is: 'LSS Lifecycle (3)'

2022-06-09 22:05:52 - [MESSAGE][PASSED] - Delayed 1 second(s)

2022-06-09 22:05:52 - [MESSAGE][PASSED] - Actual text 'LSS Lifecycle (3)' and expected text 'LSS Lifecycle (3)' are matched 

2022-06-09 22:05:52 - [TEST_STEP][PASSED] - click(findTestObject("1. Constant/xpath", ["xpath":"//*[@id="btn_submit_duplication"]"])): Object: 'Object Repository/1. Constant/xpath' is clicked on

2022-06-09 22:06:03 - [MESSAGE][PASSED] - Object: 'Object Repository/1. Constant/xpath' is clicked on

2022-06-09 22:06:03 - [TEST_STEP][PASSED] - delay(1): Delayed 1 second(s)

2022-06-09 22:06:04 - [MESSAGE][PASSED] - Delayed 1 second(s)

2022-06-09 22:06:04 - [TEST_STEP][PASSED] - Project_No4 = I.ProjectNo(): Current window's url is: 'http://mdb-release.diadeis.lan/MediaboxIndependence/Base/ExecAction?IDSession=MBI%21RELTESTAUTO_NPP%21L3A82RY5QXFAGYZ2R7OBK6Y0EYTT6XH9GP0RKO03&default_action=ModifierProjet&id_project=MI001075'

2022-06-09 22:06:09 - [MESSAGE][PASSED] - Delayed 5 second(s)

2022-06-09 22:06:10 - [MESSAGE][PASSED] - Current window's url is: 'http://mdb-release.diadeis.lan/MediaboxIndependence/Base/ExecAction?IDSession=MBI%21RELTESTAUTO_NPP%21L3A82RY5QXFAGYZ2R7OBK6Y0EYTT6XH9GP0RKO03&default_action=ModifierProjet&id_project=MI001075'

2022-06-09 22:06:10 - [TEST_STEP][PASSED] - LSSNumber_name = "TC20.10_AutoTest_Npp_Duplication_NewProj_" + RandomStringUtils.randomAlphanumeric(3) + "_" + I.gettimedate(): null

2022-06-09 22:06:10 - [TEST_STEP][PASSED] - setText(findTestObject("1. Constant/xpath", ["xpath":"//*[@id="var_70"]"]), LSSNumber_name): Text 'TC20.10_AutoTest_Npp_Duplication_NewProj_f13_juin092022_220610' is set on object 'Object Repository/1. Constant/xpath'

2022-06-09 22:06:13 - [MESSAGE][PASSED] - Text 'TC20.10_AutoTest_Npp_Duplication_NewProj_f13_juin092022_220610' is set on object 'Object Repository/1. Constant/xpath'

2022-06-09 22:06:13 - [TEST_STEP][PASSED] - click(findTestObject("1. Constant/xpath", ["xpath":"//*[@id="ModifFiche"]/div[1]/div/button"])): Object: 'Object Repository/1. Constant/xpath' is clicked on

2022-06-09 22:06:19 - [MESSAGE][PASSED] - Object: 'Object Repository/1. Constant/xpath' is clicked on

2022-06-09 22:06:19 - [TEST_STEP][PASSED] - delay(1): Delayed 1 second(s)

2022-06-09 22:06:20 - [MESSAGE][PASSED] - Delayed 1 second(s)

2022-06-09 22:06:20 - [TEST_STEP][PASSED] - click(findTestObject("1. Constant/xpath", ["xpath":"//*[@id="card_project"]/div[2]/div/div[3]/a[3]"])): Object: 'Object Repository/1. Constant/xpath' is clicked on

2022-06-09 22:06:22 - [MESSAGE][PASSED] - Object: 'Object Repository/1. Constant/xpath' is clicked on

2022-06-09 22:06:22 - [TEST_STEP][PASSED] - delay(1): Delayed 1 second(s)

2022-06-09 22:06:23 - [MESSAGE][PASSED] - Delayed 1 second(s)

2022-06-09 22:06:23 - [TEST_STEP][PASSED] - I.VerifyMatchText("//*[@id="var_107"]", "Litter"): Actual text 'Litter' and expected text 'Litter' are matched 

2022-06-09 22:06:23 - [MESSAGE][PASSED] - Text of object 'Object Repository/1. Constant/xpath' is: 'Litter'

2022-06-09 22:06:24 - [MESSAGE][PASSED] - Delayed 1 second(s)

2022-06-09 22:06:24 - [MESSAGE][PASSED] - Actual text 'Litter' and expected text 'Litter' are matched 

2022-06-09 22:06:24 - [TEST_STEP][PASSED] - I.VerifyMatchText("//*[@id="var_108"]", "Corn"): Actual text 'Corn' and expected text 'Corn' are matched 

2022-06-09 22:06:24 - [MESSAGE][PASSED] - Text of object 'Object Repository/1. Constant/xpath' is: 'Corn'

2022-06-09 22:06:25 - [MESSAGE][PASSED] - Delayed 1 second(s)

2022-06-09 22:06:25 - [MESSAGE][PASSED] - Actual text 'Corn' and expected text 'Corn' are matched 

2022-06-09 22:06:25 - [TEST_STEP][PASSED] - I.VerifyMatchText("//*[@id="var_110"]", "Variety test"): Actual text 'Variety test' and expected text 'Variety test' are matched 

2022-06-09 22:06:25 - [MESSAGE][PASSED] - Text of object 'Object Repository/1. Constant/xpath' is: 'Variety test'

2022-06-09 22:06:26 - [MESSAGE][PASSED] - Delayed 1 second(s)

2022-06-09 22:06:26 - [MESSAGE][PASSED] - Actual text 'Variety test' and expected text 'Variety test' are matched 

2022-06-09 22:06:26 - [TEST_STEP][PASSED] - I.VerifyMatchText("//*[@id="var_133"]", "Alternative Format code test"): Actual text 'Alternative Format code test' and expected text 'Alternative Format code test' are matched 

2022-06-09 22:06:27 - [MESSAGE][PASSED] - Text of object 'Object Repository/1. Constant/xpath' is: 'Alternative Format code test'

2022-06-09 22:06:28 - [MESSAGE][PASSED] - Delayed 1 second(s)

2022-06-09 22:06:28 - [MESSAGE][PASSED] - Actual text 'Alternative Format code test' and expected text 'Alternative Format code test' are matched 

2022-06-09 22:06:28 - [TEST_STEP][PASSED] - I.VerifyMatchText("//*[@id="var_65"]", "FORMAT Product designation test"): Actual text 'FORMAT Product designation test' and expected text 'FORMAT Product designation test' are matched 

2022-06-09 22:06:29 - [MESSAGE][PASSED] - Text of object 'Object Repository/1. Constant/xpath' is: 'FORMAT Product designation test'

2022-06-09 22:06:30 - [MESSAGE][PASSED] - Delayed 1 second(s)

2022-06-09 22:06:30 - [MESSAGE][PASSED] - Actual text 'FORMAT Product designation test' and expected text 'FORMAT Product designation test' are matched 

2022-06-09 22:06:30 - [TEST_STEP][PASSED] - I.VerifyMatchText("//*[@id="var_91"]", "HIP"): Actual text 'HIP' and expected text 'HIP' are matched 

2022-06-09 22:06:30 - [MESSAGE][PASSED] - Text of object 'Object Repository/1. Constant/xpath' is: 'HIP'

2022-06-09 22:06:31 - [MESSAGE][PASSED] - Delayed 1 second(s)

2022-06-09 22:06:31 - [MESSAGE][PASSED] - Actual text 'HIP' and expected text 'HIP' are matched 

2022-06-09 22:06:31 - [TEST_STEP][PASSED] - I.VerifyMatchText("//*[@id="var_71"]", "25/08/2021"): Actual text '25/08/2021' and expected text '25/08/2021' are matched 

2022-06-09 22:06:31 - [MESSAGE][PASSED] - Text of object 'Object Repository/1. Constant/xpath' is: '25/08/2021'

2022-06-09 22:06:32 - [MESSAGE][PASSED] - Delayed 1 second(s)

2022-06-09 22:06:32 - [MESSAGE][PASSED] - Actual text '25/08/2021' and expected text '25/08/2021' are matched 

2022-06-09 22:06:32 - [TEST_STEP][PASSED] - I.VerifyMatchText("//*[@id="var_89"]", "Project Information - Comments"): Actual text 'Project Information - Comments' and expected text 'Project Information - Comments' are matched 

2022-06-09 22:06:33 - [MESSAGE][PASSED] - Text of object 'Object Repository/1. Constant/xpath' is: 'Project Information - Comments'

2022-06-09 22:06:34 - [MESSAGE][PASSED] - Delayed 1 second(s)

2022-06-09 22:06:34 - [MESSAGE][PASSED] - Actual text 'Project Information - Comments' and expected text 'Project Information - Comments' are matched 

2022-06-09 22:06:34 - [TEST_STEP][PASSED] - I.VerifyMatchText("//*[@id="var_93"]", "Reason for change test"): Actual text 'Reason for change test' and expected text 'Reason for change test' are matched 

2022-06-09 22:06:34 - [MESSAGE][PASSED] - Text of object 'Object Repository/1. Constant/xpath' is: 'Reason for change test'

2022-06-09 22:06:35 - [MESSAGE][PASSED] - Delayed 1 second(s)

2022-06-09 22:06:35 - [MESSAGE][PASSED] - Actual text 'Reason for change test' and expected text 'Reason for change test' are matched 

2022-06-09 22:06:35 - [TEST_STEP][PASSED] - I.VerifyMatchText("//*[@id="var_54"]", "Tidy Cat"): Actual text 'Tidy Cat' and expected text 'Tidy Cat' are matched 

2022-06-09 22:06:35 - [MESSAGE][PASSED] - Text of object 'Object Repository/1. Constant/xpath' is: 'Tidy Cat'

2022-06-09 22:06:36 - [MESSAGE][PASSED] - Delayed 1 second(s)

2022-06-09 22:06:36 - [MESSAGE][PASSED] - Actual text 'Tidy Cat' and expected text 'Tidy Cat' are matched 

2022-06-09 22:06:36 - [TEST_STEP][PASSED] - I.VerifyMatchText("//*[@id="var_106"]", "Tidy Cat - CRYSTALS BLEND"): Actual text 'Tidy Cat - CRYSTALS BLEND' and expected text 'Tidy Cat - CRYSTALS BLEND' are matched 

2022-06-09 22:06:36 - [MESSAGE][PASSED] - Text of object 'Object Repository/1. Constant/xpath' is: 'Tidy Cat - CRYSTALS BLEND'

2022-06-09 22:06:37 - [MESSAGE][PASSED] - Delayed 1 second(s)

2022-06-09 22:06:37 - [MESSAGE][PASSED] - Actual text 'Tidy Cat - CRYSTALS BLEND' and expected text 'Tidy Cat - CRYSTALS BLEND' are matched 

2022-06-09 22:06:37 - [TEST_STEP][PASSED] - I.VerifyMatchText("//*[@id="var_92"]", "Premium"): Actual text 'Premium' and expected text 'Premium' are matched 

2022-06-09 22:06:37 - [MESSAGE][PASSED] - Text of object 'Object Repository/1. Constant/xpath' is: 'Premium'

2022-06-09 22:06:38 - [MESSAGE][PASSED] - Delayed 1 second(s)

2022-06-09 22:06:38 - [MESSAGE][PASSED] - Actual text 'Premium' and expected text 'Premium' are matched 

2022-06-09 22:06:38 - [TEST_STEP][PASSED] - I.VerifyMatchText("//*[@id="var_88"]", "Superfood"): Actual text 'Superfood' and expected text 'Superfood' are matched 

2022-06-09 22:06:38 - [MESSAGE][PASSED] - Text of object 'Object Repository/1. Constant/xpath' is: 'Superfood'

2022-06-09 22:06:39 - [MESSAGE][PASSED] - Delayed 1 second(s)

2022-06-09 22:06:39 - [MESSAGE][PASSED] - Actual text 'Superfood' and expected text 'Superfood' are matched 

2022-06-09 22:06:39 - [TEST_STEP][PASSED] - I.VerifyMatchText("//*[@id="var_86"]", "No color"): Actual text 'No color' and expected text 'No color' are matched 

2022-06-09 22:06:40 - [MESSAGE][PASSED] - Text of object 'Object Repository/1. Constant/xpath' is: 'No color'

2022-06-09 22:06:41 - [MESSAGE][PASSED] - Delayed 1 second(s)

2022-06-09 22:06:41 - [MESSAGE][PASSED] - Actual text 'No color' and expected text 'No color' are matched 

2022-06-09 22:06:41 - [TEST_STEP][PASSED] - I.VerifyMatchText("//*[@id="var_57"]", "Not applicable"): Actual text 'Not applicable' and expected text 'Not applicable' are matched 

2022-06-09 22:06:41 - [MESSAGE][PASSED] - Text of object 'Object Repository/1. Constant/xpath' is: 'Not applicable'

2022-06-09 22:06:42 - [MESSAGE][PASSED] - Delayed 1 second(s)

2022-06-09 22:06:42 - [MESSAGE][PASSED] - Actual text 'Not applicable' and expected text 'Not applicable' are matched 

2022-06-09 22:06:42 - [TEST_STEP][PASSED] - I.VerifyMatchText("//*[@id="var_87"]", "Yes"): Actual text 'Yes' and expected text 'Yes' are matched 

2022-06-09 22:06:42 - [MESSAGE][PASSED] - Text of object 'Object Repository/1. Constant/xpath' is: 'Yes'

2022-06-09 22:06:43 - [MESSAGE][PASSED] - Delayed 1 second(s)

2022-06-09 22:06:43 - [MESSAGE][PASSED] - Actual text 'Yes' and expected text 'Yes' are matched 

2022-06-09 22:06:43 - [TEST_STEP][PASSED] - I.VerifyMatchText("//*[@id="var_109"]", "Complete"): Actual text 'Complete' and expected text 'Complete' are matched 

2022-06-09 22:06:43 - [MESSAGE][PASSED] - Text of object 'Object Repository/1. Constant/xpath' is: 'Complete'

2022-06-09 22:06:44 - [MESSAGE][PASSED] - Delayed 1 second(s)

2022-06-09 22:06:44 - [MESSAGE][PASSED] - Actual text 'Complete' and expected text 'Complete' are matched 

2022-06-09 22:06:44 - [TEST_STEP][PASSED] - I.VerifyMatchText("//*[@id="var_52"]", "Dogs & Cats"): Actual text 'Dogs & Cats' and expected text 'Dogs & Cats' are matched 

2022-06-09 22:06:45 - [MESSAGE][PASSED] - Text of object 'Object Repository/1. Constant/xpath' is: 'Dogs & Cats'

2022-06-09 22:06:46 - [MESSAGE][PASSED] - Delayed 1 second(s)

2022-06-09 22:06:46 - [MESSAGE][PASSED] - Actual text 'Dogs & Cats' and expected text 'Dogs & Cats' are matched 

2022-06-09 22:06:46 - [TEST_STEP][PASSED] - I.VerifyMatchText("//*[@id="var_67"]", "Tidy Cat - Adult"): Actual text 'Tidy Cat - Adult' and expected text 'Tidy Cat - Adult' are matched 

2022-06-09 22:06:48 - [MESSAGE][PASSED] - Text of object 'Object Repository/1. Constant/xpath' is: 'Tidy Cat - Adult'

2022-06-09 22:06:49 - [MESSAGE][PASSED] - Delayed 1 second(s)

2022-06-09 22:06:49 - [MESSAGE][PASSED] - Actual text 'Tidy Cat - Adult' and expected text 'Tidy Cat - Adult' are matched 

2022-06-09 22:06:49 - [TEST_STEP][PASSED] - I.VerifyMatchText("//*[@id="var_140"]", "Light"): Actual text 'Light' and expected text 'Light' are matched 

2022-06-09 22:06:50 - [MESSAGE][PASSED] - Text of object 'Object Repository/1. Constant/xpath' is: 'Light'

2022-06-09 22:06:51 - [MESSAGE][PASSED] - Delayed 1 second(s)

2022-06-09 22:06:51 - [MESSAGE][PASSED] - Actual text 'Light' and expected text 'Light' are matched 

2022-06-09 22:06:51 - [TEST_STEP][PASSED] - I.VerifyMatchText("//*[@id="var_51"]", "All"): Actual text 'All' and expected text 'All' are matched 

2022-06-09 22:06:52 - [MESSAGE][PASSED] - Text of object 'Object Repository/1. Constant/xpath' is: 'All'

2022-06-09 22:06:53 - [MESSAGE][PASSED] - Delayed 1 second(s)

2022-06-09 22:06:53 - [MESSAGE][PASSED] - Actual text 'All' and expected text 'All' are matched 

2022-06-09 22:06:53 - [TEST_STEP][PASSED] - I.VerifyMatchText("//*[@id="var_50"]", "Active"): Actual text 'Active' and expected text 'Active' are matched 

2022-06-09 22:06:53 - [MESSAGE][PASSED] - Text of object 'Object Repository/1. Constant/xpath' is: 'Active'

2022-06-09 22:06:54 - [MESSAGE][PASSED] - Delayed 1 second(s)

2022-06-09 22:06:54 - [MESSAGE][PASSED] - Actual text 'Active' and expected text 'Active' are matched 

2022-06-09 22:06:54 - [TEST_STEP][PASSED] - I.VerifyMatchText("//*[@id="var_64"]", "FR DC SPI Ham" + "
" + "FR PL Montfort"): Actual text 'FR DC SPI Ham
FR PL Montfort' and expected text 'FR DC SPI Ham
FR PL Montfort' are matched 

2022-06-09 22:06:55 - [MESSAGE][PASSED] - Text of object 'Object Repository/1. Constant/xpath' is: 'FR DC SPI Ham
FR PL Montfort'

2022-06-09 22:06:56 - [MESSAGE][PASSED] - Delayed 1 second(s)

2022-06-09 22:06:56 - [MESSAGE][PASSED] - Actual text 'FR DC SPI Ham
FR PL Montfort' and expected text 'FR DC SPI Ham
FR PL Montfort' are matched 

2022-06-09 22:06:56 - [TEST_STEP][PASSED] - I.VerifyMatchText("//*[@id="var_53"]", "FR DC SPI Ham"): Actual text 'FR DC SPI Ham' and expected text 'FR DC SPI Ham' are matched 

2022-06-09 22:06:57 - [MESSAGE][PASSED] - Text of object 'Object Repository/1. Constant/xpath' is: 'FR DC SPI Ham'

2022-06-09 22:06:58 - [MESSAGE][PASSED] - Delayed 1 second(s)

2022-06-09 22:06:58 - [MESSAGE][PASSED] - Actual text 'FR DC SPI Ham' and expected text 'FR DC SPI Ham' are matched 

2022-06-09 22:06:58 - [TEST_STEP][PASSED] - I.VerifyMatchText("//*[@id="var_58"]", "Animal Lovers"): Actual text 'Animal Lovers' and expected text 'Animal Lovers' are matched 

2022-06-09 22:06:59 - [MESSAGE][PASSED] - Text of object 'Object Repository/1. Constant/xpath' is: 'Animal Lovers'

2022-06-09 22:07:00 - [MESSAGE][PASSED] - Delayed 1 second(s)

2022-06-09 22:07:00 - [MESSAGE][PASSED] - Actual text 'Animal Lovers' and expected text 'Animal Lovers' are matched 

2022-06-09 22:07:00 - [TEST_STEP][PASSED] - I.VerifyMatchText("//*[@id="var_59"]", "Deuerer"): Actual text 'Deuerer' and expected text 'Deuerer' are matched 

2022-06-09 22:07:00 - [MESSAGE][PASSED] - Text of object 'Object Repository/1. Constant/xpath' is: 'Deuerer'

2022-06-09 22:07:01 - [MESSAGE][PASSED] - Delayed 1 second(s)

2022-06-09 22:07:01 - [MESSAGE][PASSED] - Actual text 'Deuerer' and expected text 'Deuerer' are matched 

2022-06-09 22:07:01 - [TEST_STEP][PASSED] - I.VerifyMatchText("//*[@id="var_73"]", "Mousse"): Actual text 'Mousse' and expected text 'Mousse' are matched 

2022-06-09 22:07:03 - [MESSAGE][PASSED] - Text of object 'Object Repository/1. Constant/xpath' is: 'Mousse'

2022-06-09 22:07:04 - [MESSAGE][PASSED] - Delayed 1 second(s)

2022-06-09 22:07:04 - [MESSAGE][PASSED] - Actual text 'Mousse' and expected text 'Mousse' are matched 

2022-06-09 22:07:04 - [TEST_STEP][PASSED] - I.VerifyMatchText("//*[@id="var_66"]", "No"): Actual text 'No' and expected text 'No' are matched 

2022-06-09 22:07:05 - [MESSAGE][PASSED] - Text of object 'Object Repository/1. Constant/xpath' is: 'No'

2022-06-09 22:07:06 - [MESSAGE][PASSED] - Delayed 1 second(s)

2022-06-09 22:07:06 - [MESSAGE][PASSED] - Actual text 'No' and expected text 'No' are matched 

2022-06-09 22:07:06 - [TEST_STEP][PASSED] - I.VerifyMatchText("//*[@id="var_142"]", "No"): Actual text 'No' and expected text 'No' are matched 

2022-06-09 22:07:07 - [MESSAGE][PASSED] - Text of object 'Object Repository/1. Constant/xpath' is: 'No'

2022-06-09 22:07:08 - [MESSAGE][PASSED] - Delayed 1 second(s)

2022-06-09 22:07:08 - [MESSAGE][PASSED] - Actual text 'No' and expected text 'No' are matched 

2022-06-09 22:07:08 - [TEST_STEP][PASSED] - I.VerifyMatchText("//*[@id="var_143"]", "No"): Actual text 'No' and expected text 'No' are matched 

2022-06-09 22:07:09 - [MESSAGE][PASSED] - Text of object 'Object Repository/1. Constant/xpath' is: 'No'

2022-06-09 22:07:10 - [MESSAGE][PASSED] - Delayed 1 second(s)

2022-06-09 22:07:10 - [MESSAGE][PASSED] - Actual text 'No' and expected text 'No' are matched 

2022-06-09 22:07:10 - [TEST_STEP][PASSED] - I.VerifyMatchText("//*[@id="var_119"]", "LATAM"): Actual text 'LATAM' and expected text 'LATAM' are matched 

2022-06-09 22:07:12 - [MESSAGE][PASSED] - Text of object 'Object Repository/1. Constant/xpath' is: 'LATAM'

2022-06-09 22:07:13 - [MESSAGE][PASSED] - Delayed 1 second(s)

2022-06-09 22:07:13 - [MESSAGE][PASSED] - Actual text 'LATAM' and expected text 'LATAM' are matched 

2022-06-09 22:07:13 - [TEST_STEP][PASSED] - click(findTestObject("1. Constant/xpath", ["xpath":"//*[@id="kt_subheader"]/div/nav/ol/li[2]/a"])): Object: 'Object Repository/1. Constant/xpath' is clicked on

2022-06-09 22:07:19 - [MESSAGE][PASSED] - Object: 'Object Repository/1. Constant/xpath' is clicked on

2022-06-09 22:07:19 - [TEST_STEP][PASSED] - I.VerifyMatchText("//*[@id="kt_content"]/div[3]/div/div[2]/div[1]/div[1]/h1/span", "1"): Actual text '1' and expected text '1' are matched 

2022-06-09 22:07:21 - [MESSAGE][PASSED] - Text of object 'Object Repository/1. Constant/xpath' is: '1'

2022-06-09 22:07:22 - [MESSAGE][PASSED] - Delayed 1 second(s)

2022-06-09 22:07:22 - [MESSAGE][PASSED] - Actual text '1' and expected text '1' are matched 

2022-06-09 22:07:22 - [TEST_STEP][PASSED] - click(findTestObject("1. Constant/xpath", ["xpath":"//*[@id="fiches"]/table/tbody/tr[1]/td[5]/a[1]"])): Object: 'Object Repository/1. Constant/xpath' is clicked on

2022-06-09 22:07:29 - [MESSAGE][PASSED] - Object: 'Object Repository/1. Constant/xpath' is clicked on

2022-06-09 22:07:29 - [TEST_STEP][PASSED] - delay(1): Delayed 1 second(s)

2022-06-09 22:07:30 - [MESSAGE][PASSED] - Delayed 1 second(s)

2022-06-09 22:07:30 - [TEST_STEP][PASSED] - refID3 = I.RefID_Npp(): Current window's url is: 'http://mdb-release.diadeis.lan/MediaboxIndependence/Base/ExecAction?action=VoirRef&IDSession=MBI!RELTESTAUTO_NPP!L3A82RY5QXFAGYZ2R7OBK6Y0EYTT6XH9GP0RKO03&num=Y4TWE041KQ&id_ref=1058038'

2022-06-09 22:07:35 - [MESSAGE][PASSED] - Delayed 5 second(s)

2022-06-09 22:07:36 - [MESSAGE][PASSED] - Current window's url is: 'http://mdb-release.diadeis.lan/MediaboxIndependence/Base/ExecAction?action=VoirRef&IDSession=MBI!RELTESTAUTO_NPP!L3A82RY5QXFAGYZ2R7OBK6Y0EYTT6XH9GP0RKO03&num=Y4TWE041KQ&id_ref=1058038'

2022-06-09 22:07:36 - [TEST_STEP][PASSED] - click(findTestObject("1. Constant/xpath", ["xpath":"//*[@id="aff_full_brief"]"])): Object: 'Object Repository/1. Constant/xpath' is clicked on

2022-06-09 22:07:40 - [MESSAGE][PASSED] - Object: 'Object Repository/1. Constant/xpath' is clicked on

2022-06-09 22:07:40 - [TEST_STEP][PASSED] - delay(1): Delayed 1 second(s)

2022-06-09 22:07:41 - [MESSAGE][PASSED] - Delayed 1 second(s)

2022-06-09 22:07:41 - [TEST_STEP][PASSED] - I.VerifyMatchText("//*[@id="var_107"]", "Litter"): Actual text 'Litter' and expected text 'Litter' are matched 

2022-06-09 22:07:42 - [MESSAGE][PASSED] - Text of object 'Object Repository/1. Constant/xpath' is: 'Litter'

2022-06-09 22:07:43 - [MESSAGE][PASSED] - Delayed 1 second(s)

2022-06-09 22:07:43 - [MESSAGE][PASSED] - Actual text 'Litter' and expected text 'Litter' are matched 

2022-06-09 22:07:43 - [TEST_STEP][PASSED] - I.VerifyMatchText("//*[@id="var_108"]", "Clumping clay" + "
" + "Corn"): Actual text 'Clumping clay
Corn' and expected text 'Clumping clay
Corn' are matched 

2022-06-09 22:07:44 - [MESSAGE][PASSED] - Text of object 'Object Repository/1. Constant/xpath' is: 'Clumping clay
Corn'

2022-06-09 22:07:45 - [MESSAGE][PASSED] - Delayed 1 second(s)

2022-06-09 22:07:45 - [MESSAGE][PASSED] - Actual text 'Clumping clay
Corn' and expected text 'Clumping clay
Corn' are matched 

2022-06-09 22:07:45 - [TEST_STEP][PASSED] - I.VerifyMatchText("//*[@id="var_110"]", "Variety test"): Actual text 'Variety test' and expected text 'Variety test' are matched 

2022-06-09 22:07:46 - [MESSAGE][PASSED] - Text of object 'Object Repository/1. Constant/xpath' is: 'Variety test'

2022-06-09 22:07:47 - [MESSAGE][PASSED] - Delayed 1 second(s)

2022-06-09 22:07:47 - [MESSAGE][PASSED] - Actual text 'Variety test' and expected text 'Variety test' are matched 

2022-06-09 22:07:47 - [TEST_STEP][PASSED] - I.VerifyMatchText("//*[@id="var_133"]", "Alternative Format code test"): Actual text 'Alternative Format code test' and expected text 'Alternative Format code test' are matched 

2022-06-09 22:07:49 - [MESSAGE][PASSED] - Text of object 'Object Repository/1. Constant/xpath' is: 'Alternative Format code test'

2022-06-09 22:07:50 - [MESSAGE][PASSED] - Delayed 1 second(s)

2022-06-09 22:07:50 - [MESSAGE][PASSED] - Actual text 'Alternative Format code test' and expected text 'Alternative Format code test' are matched 

2022-06-09 22:07:50 - [TEST_STEP][PASSED] - I.VerifyMatchText("//*[@id="var_65"]", "FORMAT Product designation test"): Actual text 'FORMAT Product designation test' and expected text 'FORMAT Product designation test' are matched 

2022-06-09 22:07:51 - [MESSAGE][PASSED] - Text of object 'Object Repository/1. Constant/xpath' is: 'FORMAT Product designation test'

2022-06-09 22:07:52 - [MESSAGE][PASSED] - Delayed 1 second(s)

2022-06-09 22:07:52 - [MESSAGE][PASSED] - Actual text 'FORMAT Product designation test' and expected text 'FORMAT Product designation test' are matched 

2022-06-09 22:07:52 - [TEST_STEP][PASSED] - I.VerifyMatchText("//*[@id="var_103"]", "SAP Designation test > https://www.google.com/"): Actual text 'SAP Designation test > https://www.google.com/' and expected text 'SAP Designation test > https://www.google.com/' are matched 

2022-06-09 22:07:54 - [MESSAGE][PASSED] - Text of object 'Object Repository/1. Constant/xpath' is: 'SAP Designation test > https://www.google.com/'

2022-06-09 22:07:55 - [MESSAGE][PASSED] - Delayed 1 second(s)

2022-06-09 22:07:55 - [MESSAGE][PASSED] - Actual text 'SAP Designation test > https://www.google.com/' and expected text 'SAP Designation test > https://www.google.com/' are matched 

2022-06-09 22:07:55 - [TEST_STEP][PASSED] - I.VerifyMatchText("//*[@id="var_139"]", "Claim Substantiation Project Link > https://www.google.com/"): Actual text 'Claim Substantiation Project Link > https://www.google.com/' and expected text 'Claim Substantiation Project Link > https://www.google.com/' are matched 

2022-06-09 22:07:56 - [MESSAGE][PASSED] - Text of object 'Object Repository/1. Constant/xpath' is: 'Claim Substantiation Project Link > https://www.google.com/'

2022-06-09 22:07:57 - [MESSAGE][PASSED] - Delayed 1 second(s)

2022-06-09 22:07:57 - [MESSAGE][PASSED] - Actual text 'Claim Substantiation Project Link > https://www.google.com/' and expected text 'Claim Substantiation Project Link > https://www.google.com/' are matched 

2022-06-09 22:07:57 - [TEST_STEP][PASSED] - I.VerifyMatchText("//*[@id="var_160"]", "Grading standard link > test"): Actual text 'Grading standard link > test' and expected text 'Grading standard link > test' are matched 

2022-06-09 22:07:58 - [MESSAGE][PASSED] - Text of object 'Object Repository/1. Constant/xpath' is: 'Grading standard link > test'

2022-06-09 22:07:59 - [MESSAGE][PASSED] - Delayed 1 second(s)

2022-06-09 22:07:59 - [MESSAGE][PASSED] - Actual text 'Grading standard link > test' and expected text 'Grading standard link > test' are matched 

2022-06-09 22:07:59 - [TEST_STEP][PASSED] - I.VerifyMatchText("//*[@id="var_62"]", "DPET > test"): Actual text 'DPET > test' and expected text 'DPET > test' are matched 

2022-06-09 22:08:00 - [MESSAGE][PASSED] - Text of object 'Object Repository/1. Constant/xpath' is: 'DPET > test'

2022-06-09 22:08:01 - [MESSAGE][PASSED] - Delayed 1 second(s)

2022-06-09 22:08:01 - [MESSAGE][PASSED] - Actual text 'DPET > test' and expected text 'DPET > test' are matched 

2022-06-09 22:08:01 - [TEST_STEP][PASSED] - I.VerifyMatchText("//*[@id="var_90"]", "Project name > test"): Actual text 'Project name > test' and expected text 'Project name > test' are matched 

2022-06-09 22:08:02 - [MESSAGE][PASSED] - Text of object 'Object Repository/1. Constant/xpath' is: 'Project name > test'

2022-06-09 22:08:03 - [MESSAGE][PASSED] - Delayed 1 second(s)

2022-06-09 22:08:03 - [MESSAGE][PASSED] - Actual text 'Project name > test' and expected text 'Project name > test' are matched 

2022-06-09 22:08:03 - [TEST_STEP][PASSED] - I.VerifyMatchText("//*[@id="var_91"]", "HIP"): Actual text 'HIP' and expected text 'HIP' are matched 

2022-06-09 22:08:04 - [MESSAGE][PASSED] - Text of object 'Object Repository/1. Constant/xpath' is: 'HIP'

2022-06-09 22:08:05 - [MESSAGE][PASSED] - Delayed 1 second(s)

2022-06-09 22:08:05 - [MESSAGE][PASSED] - Actual text 'HIP' and expected text 'HIP' are matched 

2022-06-09 22:08:05 - [TEST_STEP][PASSED] - I.VerifyMatchText("//*[@id="var_71"]", "25/08/2021"): Actual text '25/08/2021' and expected text '25/08/2021' are matched 

2022-06-09 22:08:05 - [MESSAGE][PASSED] - Text of object 'Object Repository/1. Constant/xpath' is: '25/08/2021'

2022-06-09 22:08:06 - [MESSAGE][PASSED] - Delayed 1 second(s)

2022-06-09 22:08:06 - [MESSAGE][PASSED] - Actual text '25/08/2021' and expected text '25/08/2021' are matched 

2022-06-09 22:08:06 - [TEST_STEP][PASSED] - I.VerifyMatchText("//*[@id="var_72"]", "01/12/2021"): Actual text '01/12/2021' and expected text '01/12/2021' are matched 

2022-06-09 22:08:07 - [MESSAGE][PASSED] - Text of object 'Object Repository/1. Constant/xpath' is: '01/12/2021'

2022-06-09 22:08:08 - [MESSAGE][PASSED] - Delayed 1 second(s)

2022-06-09 22:08:08 - [MESSAGE][PASSED] - Actual text '01/12/2021' and expected text '01/12/2021' are matched 

2022-06-09 22:08:08 - [TEST_STEP][PASSED] - I.VerifyMatchText("//*[@id="var_116"]", "01/12/2021"): Actual text '01/12/2021' and expected text '01/12/2021' are matched 

2022-06-09 22:08:08 - [MESSAGE][PASSED] - Text of object 'Object Repository/1. Constant/xpath' is: '01/12/2021'

2022-06-09 22:08:09 - [MESSAGE][PASSED] - Delayed 1 second(s)

2022-06-09 22:08:09 - [MESSAGE][PASSED] - Actual text '01/12/2021' and expected text '01/12/2021' are matched 

2022-06-09 22:08:09 - [TEST_STEP][PASSED] - I.VerifyMatchText("//*[@id="var_89"]", "Project Information - Comments"): Actual text 'Project Information - Comments' and expected text 'Project Information - Comments' are matched 

2022-06-09 22:08:09 - [MESSAGE][PASSED] - Text of object 'Object Repository/1. Constant/xpath' is: 'Project Information - Comments'

2022-06-09 22:08:10 - [MESSAGE][PASSED] - Delayed 1 second(s)

2022-06-09 22:08:10 - [MESSAGE][PASSED] - Actual text 'Project Information - Comments' and expected text 'Project Information - Comments' are matched 

2022-06-09 22:08:10 - [TEST_STEP][PASSED] - I.VerifyMatchText("//*[@id="var_93"]", "Reason for change test"): Actual text 'Reason for change test' and expected text 'Reason for change test' are matched 

2022-06-09 22:08:10 - [MESSAGE][PASSED] - Text of object 'Object Repository/1. Constant/xpath' is: 'Reason for change test'

2022-06-09 22:08:11 - [MESSAGE][PASSED] - Delayed 1 second(s)

2022-06-09 22:08:11 - [MESSAGE][PASSED] - Actual text 'Reason for change test' and expected text 'Reason for change test' are matched 

2022-06-09 22:08:11 - [TEST_STEP][PASSED] - I.VerifyMatchText("//*[@id="var_54"]", "Tidy Cat"): Actual text 'Tidy Cat' and expected text 'Tidy Cat' are matched 

2022-06-09 22:08:12 - [MESSAGE][PASSED] - Text of object 'Object Repository/1. Constant/xpath' is: 'Tidy Cat'

2022-06-09 22:08:13 - [MESSAGE][PASSED] - Delayed 1 second(s)

2022-06-09 22:08:13 - [MESSAGE][PASSED] - Actual text 'Tidy Cat' and expected text 'Tidy Cat' are matched 

2022-06-09 22:08:13 - [TEST_STEP][PASSED] - I.VerifyMatchText("//*[@id="var_106"]", "Tidy Cat - CRYSTALS BLEND"): Actual text 'Tidy Cat - CRYSTALS BLEND' and expected text 'Tidy Cat - CRYSTALS BLEND' are matched 

2022-06-09 22:08:13 - [MESSAGE][PASSED] - Text of object 'Object Repository/1. Constant/xpath' is: 'Tidy Cat - CRYSTALS BLEND'

2022-06-09 22:08:14 - [MESSAGE][PASSED] - Delayed 1 second(s)

2022-06-09 22:08:14 - [MESSAGE][PASSED] - Actual text 'Tidy Cat - CRYSTALS BLEND' and expected text 'Tidy Cat - CRYSTALS BLEND' are matched 

2022-06-09 22:08:14 - [TEST_STEP][PASSED] - I.VerifyMatchText("//*[@id="var_92"]", "Premium"): Actual text 'Premium' and expected text 'Premium' are matched 

2022-06-09 22:08:14 - [MESSAGE][PASSED] - Text of object 'Object Repository/1. Constant/xpath' is: 'Premium'

2022-06-09 22:08:15 - [MESSAGE][PASSED] - Delayed 1 second(s)

2022-06-09 22:08:15 - [MESSAGE][PASSED] - Actual text 'Premium' and expected text 'Premium' are matched 

2022-06-09 22:08:15 - [TEST_STEP][PASSED] - I.VerifyMatchText("//*[@id="var_88"]", "Superfood"): Actual text 'Superfood' and expected text 'Superfood' are matched 

2022-06-09 22:08:16 - [MESSAGE][PASSED] - Text of object 'Object Repository/1. Constant/xpath' is: 'Superfood'

2022-06-09 22:08:17 - [MESSAGE][PASSED] - Delayed 1 second(s)

2022-06-09 22:08:17 - [MESSAGE][PASSED] - Actual text 'Superfood' and expected text 'Superfood' are matched 

2022-06-09 22:08:17 - [TEST_STEP][PASSED] - I.VerifyMatchText("//*[@id="var_86"]", "No color"): Actual text 'No color' and expected text 'No color' are matched 

2022-06-09 22:08:17 - [MESSAGE][PASSED] - Text of object 'Object Repository/1. Constant/xpath' is: 'No color'

2022-06-09 22:08:18 - [MESSAGE][PASSED] - Delayed 1 second(s)

2022-06-09 22:08:18 - [MESSAGE][PASSED] - Actual text 'No color' and expected text 'No color' are matched 

2022-06-09 22:08:18 - [TEST_STEP][PASSED] - I.VerifyMatchText("//*[@id="var_57"]", "Not applicable"): Actual text 'Not applicable' and expected text 'Not applicable' are matched 

2022-06-09 22:08:19 - [MESSAGE][PASSED] - Text of object 'Object Repository/1. Constant/xpath' is: 'Not applicable'

2022-06-09 22:08:20 - [MESSAGE][PASSED] - Delayed 1 second(s)

2022-06-09 22:08:20 - [MESSAGE][PASSED] - Actual text 'Not applicable' and expected text 'Not applicable' are matched 

2022-06-09 22:08:20 - [TEST_STEP][PASSED] - I.VerifyMatchText("//*[@id="var_87"]", "Yes"): Actual text 'Yes' and expected text 'Yes' are matched 

2022-06-09 22:08:20 - [MESSAGE][PASSED] - Text of object 'Object Repository/1. Constant/xpath' is: 'Yes'

2022-06-09 22:08:21 - [MESSAGE][PASSED] - Delayed 1 second(s)

2022-06-09 22:08:21 - [MESSAGE][PASSED] - Actual text 'Yes' and expected text 'Yes' are matched 

2022-06-09 22:08:21 - [TEST_STEP][PASSED] - I.VerifyMatchText("//*[@id="var_109"]", "Complete"): Actual text 'Complete' and expected text 'Complete' are matched 

2022-06-09 22:08:21 - [MESSAGE][PASSED] - Text of object 'Object Repository/1. Constant/xpath' is: 'Complete'

2022-06-09 22:08:22 - [MESSAGE][PASSED] - Delayed 1 second(s)

2022-06-09 22:08:22 - [MESSAGE][PASSED] - Actual text 'Complete' and expected text 'Complete' are matched 

2022-06-09 22:08:22 - [TEST_STEP][PASSED] - I.VerifyMatchText("//*[@id="var_52"]", "Dogs & Cats"): Actual text 'Dogs & Cats' and expected text 'Dogs & Cats' are matched 

2022-06-09 22:08:22 - [MESSAGE][PASSED] - Text of object 'Object Repository/1. Constant/xpath' is: 'Dogs & Cats'

2022-06-09 22:08:23 - [MESSAGE][PASSED] - Delayed 1 second(s)

2022-06-09 22:08:23 - [MESSAGE][PASSED] - Actual text 'Dogs & Cats' and expected text 'Dogs & Cats' are matched 

2022-06-09 22:08:23 - [TEST_STEP][PASSED] - I.VerifyMatchText("//*[@id="var_67"]", "Tidy Cat - Adult"): Actual text 'Tidy Cat - Adult' and expected text 'Tidy Cat - Adult' are matched 

2022-06-09 22:08:24 - [MESSAGE][PASSED] - Text of object 'Object Repository/1. Constant/xpath' is: 'Tidy Cat - Adult'

2022-06-09 22:08:25 - [MESSAGE][PASSED] - Delayed 1 second(s)

2022-06-09 22:08:25 - [MESSAGE][PASSED] - Actual text 'Tidy Cat - Adult' and expected text 'Tidy Cat - Adult' are matched 

2022-06-09 22:08:25 - [TEST_STEP][PASSED] - I.VerifyMatchText("//*[@id="var_140"]", "Light"): Actual text 'Light' and expected text 'Light' are matched 

2022-06-09 22:08:26 - [MESSAGE][PASSED] - Text of object 'Object Repository/1. Constant/xpath' is: 'Light'

2022-06-09 22:08:27 - [MESSAGE][PASSED] - Delayed 1 second(s)

2022-06-09 22:08:27 - [MESSAGE][PASSED] - Actual text 'Light' and expected text 'Light' are matched 

2022-06-09 22:08:27 - [TEST_STEP][PASSED] - I.VerifyMatchText("//*[@id="var_51"]", "All"): Actual text 'All' and expected text 'All' are matched 

2022-06-09 22:08:27 - [MESSAGE][PASSED] - Text of object 'Object Repository/1. Constant/xpath' is: 'All'

2022-06-09 22:08:28 - [MESSAGE][PASSED] - Delayed 1 second(s)

2022-06-09 22:08:28 - [MESSAGE][PASSED] - Actual text 'All' and expected text 'All' are matched 

2022-06-09 22:08:28 - [TEST_STEP][PASSED] - I.VerifyMatchText("//*[@id="var_50"]", "Active"): Actual text 'Active' and expected text 'Active' are matched 

2022-06-09 22:08:28 - [MESSAGE][PASSED] - Text of object 'Object Repository/1. Constant/xpath' is: 'Active'

2022-06-09 22:08:29 - [MESSAGE][PASSED] - Delayed 1 second(s)

2022-06-09 22:08:29 - [MESSAGE][PASSED] - Actual text 'Active' and expected text 'Active' are matched 

2022-06-09 22:08:29 - [TEST_STEP][PASSED] - I.VerifyMatchText("//*[@id="var_64"]", "FR DC SPI Ham" + "
" + "FR PL Montfort"): Actual text 'FR DC SPI Ham
FR PL Montfort' and expected text 'FR DC SPI Ham
FR PL Montfort' are matched 

2022-06-09 22:08:30 - [MESSAGE][PASSED] - Text of object 'Object Repository/1. Constant/xpath' is: 'FR DC SPI Ham
FR PL Montfort'

2022-06-09 22:08:31 - [MESSAGE][PASSED] - Delayed 1 second(s)

2022-06-09 22:08:31 - [MESSAGE][PASSED] - Actual text 'FR DC SPI Ham
FR PL Montfort' and expected text 'FR DC SPI Ham
FR PL Montfort' are matched 

2022-06-09 22:08:31 - [TEST_STEP][PASSED] - I.VerifyMatchText("//*[@id="var_53"]", "FR DC SPI Ham"): Actual text 'FR DC SPI Ham' and expected text 'FR DC SPI Ham' are matched 

2022-06-09 22:08:31 - [MESSAGE][PASSED] - Text of object 'Object Repository/1. Constant/xpath' is: 'FR DC SPI Ham'

2022-06-09 22:08:32 - [MESSAGE][PASSED] - Delayed 1 second(s)

2022-06-09 22:08:32 - [MESSAGE][PASSED] - Actual text 'FR DC SPI Ham' and expected text 'FR DC SPI Ham' are matched 

2022-06-09 22:08:32 - [TEST_STEP][PASSED] - I.VerifyMatchText("//*[@id="var_58"]", "Animal Lovers"): Actual text 'Animal Lovers' and expected text 'Animal Lovers' are matched 

2022-06-09 22:08:33 - [MESSAGE][PASSED] - Text of object 'Object Repository/1. Constant/xpath' is: 'Animal Lovers'

2022-06-09 22:08:34 - [MESSAGE][PASSED] - Delayed 1 second(s)

2022-06-09 22:08:34 - [MESSAGE][PASSED] - Actual text 'Animal Lovers' and expected text 'Animal Lovers' are matched 

2022-06-09 22:08:34 - [TEST_STEP][PASSED] - I.VerifyMatchText("//*[@id="var_59"]", "Deuerer"): Actual text 'Deuerer' and expected text 'Deuerer' are matched 

2022-06-09 22:08:34 - [MESSAGE][PASSED] - Text of object 'Object Repository/1. Constant/xpath' is: 'Deuerer'

2022-06-09 22:08:35 - [MESSAGE][PASSED] - Delayed 1 second(s)

2022-06-09 22:08:35 - [MESSAGE][PASSED] - Actual text 'Deuerer' and expected text 'Deuerer' are matched 

2022-06-09 22:08:35 - [TEST_STEP][PASSED] - I.VerifyMatchText("//*[@id="var_73"]", "Mousse"): Actual text 'Mousse' and expected text 'Mousse' are matched 

2022-06-09 22:08:36 - [MESSAGE][PASSED] - Text of object 'Object Repository/1. Constant/xpath' is: 'Mousse'

2022-06-09 22:08:37 - [MESSAGE][PASSED] - Delayed 1 second(s)

2022-06-09 22:08:37 - [MESSAGE][PASSED] - Actual text 'Mousse' and expected text 'Mousse' are matched 

2022-06-09 22:08:37 - [TEST_STEP][PASSED] - I.VerifyMatchText("//*[@id="var_85"]", "Anna KIM"): Actual text 'Anna KIM' and expected text 'Anna KIM' are matched 

2022-06-09 22:08:37 - [MESSAGE][PASSED] - Text of object 'Object Repository/1. Constant/xpath' is: 'Anna KIM'

2022-06-09 22:08:38 - [MESSAGE][PASSED] - Delayed 1 second(s)

2022-06-09 22:08:38 - [MESSAGE][PASSED] - Actual text 'Anna KIM' and expected text 'Anna KIM' are matched 

2022-06-09 22:08:38 - [TEST_STEP][PASSED] - I.VerifyMatchText("//*[@id="var_82"]", "AnneLise GAUDIN"): Actual text 'AnneLise GAUDIN' and expected text 'AnneLise GAUDIN' are matched 

2022-06-09 22:08:39 - [MESSAGE][PASSED] - Text of object 'Object Repository/1. Constant/xpath' is: 'AnneLise GAUDIN'

2022-06-09 22:08:40 - [MESSAGE][PASSED] - Delayed 1 second(s)

2022-06-09 22:08:40 - [MESSAGE][PASSED] - Actual text 'AnneLise GAUDIN' and expected text 'AnneLise GAUDIN' are matched 

2022-06-09 22:08:40 - [TEST_STEP][PASSED] - I.VerifyMatchText("//*[@id="var_74"]", "Alexandra FRAPPAZ"): Actual text 'Alexandra FRAPPAZ' and expected text 'Alexandra FRAPPAZ' are matched 

2022-06-09 22:08:40 - [MESSAGE][PASSED] - Text of object 'Object Repository/1. Constant/xpath' is: 'Alexandra FRAPPAZ'

2022-06-09 22:08:41 - [MESSAGE][PASSED] - Delayed 1 second(s)

2022-06-09 22:08:41 - [MESSAGE][PASSED] - Actual text 'Alexandra FRAPPAZ' and expected text 'Alexandra FRAPPAZ' are matched 

2022-06-09 22:08:41 - [TEST_STEP][PASSED] - I.VerifyMatchText("//*[@id="var_168"]", "Anastasiia BRAZHNIKOVA PX" + "
" + "Amelia LARKINS" + "
" + "Camille DEMONCHY"): Actual text 'Anastasiia BRAZHNIKOVA PX
Amelia LARKINS
Camille DEMONCHY' and expected text 'Anastasiia BRAZHNIKOVA PX
Amelia LARKINS
Camille DEMONCHY' are matched 

2022-06-09 22:08:41 - [MESSAGE][PASSED] - Text of object 'Object Repository/1. Constant/xpath' is: 'Anastasiia BRAZHNIKOVA PX
Amelia LARKINS
Camille DEMONCHY'

2022-06-09 22:08:42 - [MESSAGE][PASSED] - Delayed 1 second(s)

2022-06-09 22:08:42 - [MESSAGE][PASSED] - Actual text 'Anastasiia BRAZHNIKOVA PX
Amelia LARKINS
Camille DEMONCHY' and expected text 'Anastasiia BRAZHNIKOVA PX
Amelia LARKINS
Camille DEMONCHY' are matched 

2022-06-09 22:08:42 - [TEST_STEP][PASSED] - I.VerifyMatchText("//*[@id="var_60"]", "Adam SVEGAARD (D2D)"): Actual text 'Adam SVEGAARD (D2D)' and expected text 'Adam SVEGAARD (D2D)' are matched 

2022-06-09 22:08:42 - [MESSAGE][PASSED] - Text of object 'Object Repository/1. Constant/xpath' is: 'Adam SVEGAARD (D2D)'

2022-06-09 22:08:43 - [MESSAGE][PASSED] - Delayed 1 second(s)

2022-06-09 22:08:43 - [MESSAGE][PASSED] - Actual text 'Adam SVEGAARD (D2D)' and expected text 'Adam SVEGAARD (D2D)' are matched 

2022-06-09 22:08:43 - [TEST_STEP][PASSED] - I.VerifyMatchText("//*[@id="var_102"]", "Amelie SERMENT"): Actual text 'Amelie SERMENT' and expected text 'Amelie SERMENT' are matched 

2022-06-09 22:08:44 - [MESSAGE][PASSED] - Text of object 'Object Repository/1. Constant/xpath' is: 'Amelie SERMENT'

2022-06-09 22:08:45 - [MESSAGE][PASSED] - Delayed 1 second(s)

2022-06-09 22:08:45 - [MESSAGE][PASSED] - Actual text 'Amelie SERMENT' and expected text 'Amelie SERMENT' are matched 

2022-06-09 22:08:45 - [TEST_STEP][PASSED] - I.VerifyMatchText("//*[@id="var_63"]", "Alexandra SAVREUX (E2E)"): Actual text 'Alexandra SAVREUX (E2E)' and expected text 'Alexandra SAVREUX (E2E)' are matched 

2022-06-09 22:08:45 - [MESSAGE][PASSED] - Text of object 'Object Repository/1. Constant/xpath' is: 'Alexandra SAVREUX (E2E)'

2022-06-09 22:08:46 - [MESSAGE][PASSED] - Delayed 1 second(s)

2022-06-09 22:08:46 - [MESSAGE][PASSED] - Actual text 'Alexandra SAVREUX (E2E)' and expected text 'Alexandra SAVREUX (E2E)' are matched 

2022-06-09 22:08:46 - [TEST_STEP][PASSED] - I.VerifyMatchText("//*[@id="var_161"]", "Ana CHAVES"): Actual text 'Ana CHAVES' and expected text 'Ana CHAVES' are matched 

2022-06-09 22:08:46 - [MESSAGE][PASSED] - Text of object 'Object Repository/1. Constant/xpath' is: 'Ana CHAVES'

2022-06-09 22:08:47 - [MESSAGE][PASSED] - Delayed 1 second(s)

2022-06-09 22:08:47 - [MESSAGE][PASSED] - Actual text 'Ana CHAVES' and expected text 'Ana CHAVES' are matched 

2022-06-09 22:08:47 - [TEST_STEP][PASSED] - I.VerifyMatchText("//*[@id="var_66"]", "No"): Actual text 'No' and expected text 'No' are matched 

2022-06-09 22:08:47 - [MESSAGE][PASSED] - Text of object 'Object Repository/1. Constant/xpath' is: 'No'

2022-06-09 22:08:48 - [MESSAGE][PASSED] - Delayed 1 second(s)

2022-06-09 22:08:48 - [MESSAGE][PASSED] - Actual text 'No' and expected text 'No' are matched 

2022-06-09 22:08:48 - [TEST_STEP][PASSED] - I.VerifyMatchText("//*[@id="var_142"]", "No"): Actual text 'No' and expected text 'No' are matched 

2022-06-09 22:08:48 - [MESSAGE][PASSED] - Text of object 'Object Repository/1. Constant/xpath' is: 'No'

2022-06-09 22:08:50 - [MESSAGE][PASSED] - Delayed 1 second(s)

2022-06-09 22:08:50 - [MESSAGE][PASSED] - Actual text 'No' and expected text 'No' are matched 

2022-06-09 22:08:50 - [TEST_STEP][PASSED] - I.VerifyMatchText("//*[@id="var_143"]", "No"): Actual text 'No' and expected text 'No' are matched 

2022-06-09 22:08:50 - [MESSAGE][PASSED] - Text of object 'Object Repository/1. Constant/xpath' is: 'No'

2022-06-09 22:08:51 - [MESSAGE][PASSED] - Delayed 1 second(s)

2022-06-09 22:08:51 - [MESSAGE][PASSED] - Actual text 'No' and expected text 'No' are matched 

2022-06-09 22:08:51 - [TEST_STEP][PASSED] - I.VerifyMatchText("//*[@id="var_119"]", "LATAM"): Actual text 'LATAM' and expected text 'LATAM' are matched 

2022-06-09 22:08:51 - [MESSAGE][PASSED] - Text of object 'Object Repository/1. Constant/xpath' is: 'LATAM'

2022-06-09 22:08:52 - [MESSAGE][PASSED] - Delayed 1 second(s)

2022-06-09 22:08:52 - [MESSAGE][PASSED] - Actual text 'LATAM' and expected text 'LATAM' are matched 

2022-06-09 22:08:52 - [TEST_STEP][PASSED] - I.VerifyMatchText("//*[@id="var_79"]", "Bag - Woven"): Actual text 'Bag - Woven' and expected text 'Bag - Woven' are matched 

2022-06-09 22:08:52 - [MESSAGE][PASSED] - Text of object 'Object Repository/1. Constant/xpath' is: 'Bag - Woven'

2022-06-09 22:08:53 - [MESSAGE][PASSED] - Delayed 1 second(s)

2022-06-09 22:08:53 - [MESSAGE][PASSED] - Actual text 'Bag - Woven' and expected text 'Bag - Woven' are matched 

2022-06-09 22:08:53 - [TEST_STEP][PASSED] - I.VerifyMatchText("//*[@id="var_78"]", "1.1kg" + "
" + "1.2kg"): Actual text '1.1kg
1.2kg' and expected text '1.1kg
1.2kg' are matched 

2022-06-09 22:08:54 - [MESSAGE][PASSED] - Text of object 'Object Repository/1. Constant/xpath' is: '1.1kg
1.2kg'

2022-06-09 22:08:55 - [MESSAGE][PASSED] - Delayed 1 second(s)

2022-06-09 22:08:55 - [MESSAGE][PASSED] - Actual text '1.1kg
1.2kg' and expected text '1.1kg
1.2kg' are matched 

2022-06-09 22:08:55 - [TEST_STEP][PASSED] - I.VerifyMatchText("//*[@id="var_61"]", "Vet"): Actual text 'Vet' and expected text 'Vet' are matched 

2022-06-09 22:08:55 - [MESSAGE][PASSED] - Text of object 'Object Repository/1. Constant/xpath' is: 'Vet'

2022-06-09 22:08:56 - [MESSAGE][PASSED] - Delayed 1 second(s)

2022-06-09 22:08:56 - [MESSAGE][PASSED] - Actual text 'Vet' and expected text 'Vet' are matched 

2022-06-09 22:08:56 - [TEST_STEP][PASSED] - I.VerifyMatchText("//*[@id="var_104"]", "Albania" + "
" + "Austria"): Actual text 'Albania
Austria' and expected text 'Albania
Austria' are matched 

2022-06-09 22:08:56 - [MESSAGE][PASSED] - Text of object 'Object Repository/1. Constant/xpath' is: 'Albania
Austria'

2022-06-09 22:08:57 - [MESSAGE][PASSED] - Delayed 1 second(s)

2022-06-09 22:08:57 - [MESSAGE][PASSED] - Actual text 'Albania
Austria' and expected text 'Albania
Austria' are matched 

2022-06-09 22:08:57 - [TEST_STEP][PASSED] - I.VerifyMatchText("//*[@id="var_84"]", "Anna KIM"): Actual text 'Anna KIM' and expected text 'Anna KIM' are matched 

2022-06-09 22:08:57 - [MESSAGE][PASSED] - Text of object 'Object Repository/1. Constant/xpath' is: 'Anna KIM'

2022-06-09 22:08:58 - [MESSAGE][PASSED] - Delayed 1 second(s)

2022-06-09 22:08:58 - [MESSAGE][PASSED] - Actual text 'Anna KIM' and expected text 'Anna KIM' are matched 

2022-06-09 22:08:58 - [TEST_STEP][PASSED] - I.VerifyMatchText("//*[@id="var_76"]", "Alexandra FRAPPAZ"): Actual text 'Alexandra FRAPPAZ' and expected text 'Alexandra FRAPPAZ' are matched 

2022-06-09 22:08:58 - [MESSAGE][PASSED] - Text of object 'Object Repository/1. Constant/xpath' is: 'Alexandra FRAPPAZ'

2022-06-09 22:08:59 - [MESSAGE][PASSED] - Delayed 1 second(s)

2022-06-09 22:08:59 - [MESSAGE][PASSED] - Actual text 'Alexandra FRAPPAZ' and expected text 'Alexandra FRAPPAZ' are matched 

2022-06-09 22:08:59 - [TEST_STEP][PASSED] - I.VerifyMatchText("//*[@id="var_56"]", "Amelie SERMENT"): Actual text 'Amelie SERMENT' and expected text 'Amelie SERMENT' are matched 

2022-06-09 22:08:59 - [MESSAGE][PASSED] - Text of object 'Object Repository/1. Constant/xpath' is: 'Amelie SERMENT'

2022-06-09 22:09:00 - [MESSAGE][PASSED] - Delayed 1 second(s)

2022-06-09 22:09:00 - [MESSAGE][PASSED] - Actual text 'Amelie SERMENT' and expected text 'Amelie SERMENT' are matched 

2022-06-09 22:09:00 - [TEST_STEP][PASSED] - I.VerifyMatchText("//*[@id="var_169"]", "Version History"): Actual text 'Version History' and expected text 'Version History' are matched 

2022-06-09 22:09:00 - [MESSAGE][PASSED] - Text of object 'Object Repository/1. Constant/xpath' is: 'Version History'

2022-06-09 22:09:02 - [MESSAGE][PASSED] - Delayed 1 second(s)

2022-06-09 22:09:02 - [MESSAGE][PASSED] - Actual text 'Version History' and expected text 'Version History' are matched 

2022-06-09 22:09:02 - [TEST_STEP][PASSED] - delay(1): Delayed 1 second(s)

2022-06-09 22:09:03 - [MESSAGE][PASSED] - Delayed 1 second(s)

2022-06-09 22:09:03 - [TEST_STEP][PASSED] - click(findTestObject("1. Constant/xpath", ["xpath":"//*[@id="kt_content"]/div[3]/div/ul/li[3]/a"])): Object: 'Object Repository/1. Constant/xpath' is clicked on

2022-06-09 22:09:04 - [MESSAGE][PASSED] - Object: 'Object Repository/1. Constant/xpath' is clicked on

2022-06-09 22:09:04 - [TEST_STEP][PASSED] - delay(1): Delayed 1 second(s)

2022-06-09 22:09:05 - [MESSAGE][PASSED] - Delayed 1 second(s)

2022-06-09 22:09:05 - [TEST_STEP][PASSED] - I.VerifyMatchText("//*[@id="tab_lifecycle"]/div/h3", "LSS Lifecycle (3)"): Actual text 'LSS Lifecycle (3)' and expected text 'LSS Lifecycle (3)' are matched 

2022-06-09 22:09:05 - [MESSAGE][PASSED] - Text of object 'Object Repository/1. Constant/xpath' is: 'LSS Lifecycle (3)'

2022-06-09 22:09:06 - [MESSAGE][PASSED] - Delayed 1 second(s)

2022-06-09 22:09:06 - [MESSAGE][PASSED] - Actual text 'LSS Lifecycle (3)' and expected text 'LSS Lifecycle (3)' are matched 

2022-06-09 22:09:06 - [TEST_STEP][PASSED] - click(findTestObject("1. Constant/xpath", ["xpath":"//*[@id="kt_content"]/div[3]/div/ul/li[1]/a"])): Object: 'Object Repository/1. Constant/xpath' is clicked on

2022-06-09 22:09:07 - [MESSAGE][PASSED] - Object: 'Object Repository/1. Constant/xpath' is clicked on

2022-06-09 22:09:07 - [TEST_STEP][PASSED] - delay(1): Delayed 1 second(s)

2022-06-09 22:09:08 - [MESSAGE][PASSED] - Delayed 1 second(s)

2022-06-09 22:09:08 - [TEST_STEP][PASSED] - click(findTestObject("1. Constant/xpath", ["xpath":"//*[@id="aff_text_content_brief"]"])): Object: 'Object Repository/1. Constant/xpath' is clicked on

2022-06-09 22:09:08 - [MESSAGE][PASSED] - Object: 'Object Repository/1. Constant/xpath' is clicked on

2022-06-09 22:09:08 - [TEST_STEP][PASSED] - delay(5): Delayed 5 second(s)

2022-06-09 22:09:13 - [MESSAGE][PASSED] - Delayed 5 second(s)

2022-06-09 22:09:13 - [TEST_STEP][PASSED] - ExpectedValue1 = "Analytical Constituents:" + "
" + "protein: %," + "
" + "fat content: %," + "
" + "crude ash: %," + "
" + "crude fibre: %," + "
" + "omega 6 fatty acids: %.": null

2022-06-09 22:09:13 - [TEST_STEP][PASSED] - ExpectedValue2 = "": null

2022-06-09 22:09:13 - [TEST_STEP][PASSED] - I.Verify_Table_getdata("//*[@id="table_body"]", 0, 8, ExpectedValue1): Actual text 'Analytical Constituents:
protein: %,
fat content: %,
crude ash: %,
crude fibre: %,
omega 6 fatty acids: %.' and expected text 'Analytical Constituents:
protein: %,
fat content: %,
crude ash: %,
crude fibre: %,
omega 6 fatty acids: %.' are matched 

2022-06-09 22:09:13 - [MESSAGE][PASSED] - Actual text 'Analytical Constituents:
protein: %,
fat content: %,
crude ash: %,
crude fibre: %,
omega 6 fatty acids: %.' and expected text 'Analytical Constituents:
protein: %,
fat content: %,
crude ash: %,
crude fibre: %,
omega 6 fatty acids: %.' are matched 

2022-06-09 22:09:13 - [TEST_STEP][PASSED] - I.Verify_Table_getdata("//*[@id="table_body"]", 0, 9, ExpectedValue2): Actual text '' and expected text '' are matched 

2022-06-09 22:09:13 - [MESSAGE][PASSED] - Actual text '' and expected text '' are matched 

2022-06-09 22:09:13 - [TEST_STEP][PASSED] - click(findTestObject("1. Constant/xpath", ["xpath":"//*[@id="kt_subheader"]/div/nav/ol/li[2]/a"])): Object: 'Object Repository/1. Constant/xpath' is clicked on

2022-06-09 22:09:15 - [MESSAGE][PASSED] - Object: 'Object Repository/1. Constant/xpath' is clicked on

2022-06-09 22:09:15 - [TEST_STEP][PASSED] - click(findTestObject("1. Constant/xpath", ["xpath":"//*[@id="fiches"]/table/tbody/tr[1]/td[9]/a"])): Object: 'Object Repository/1. Constant/xpath' is clicked on

2022-06-09 22:09:18 - [MESSAGE][PASSED] - Object: 'Object Repository/1. Constant/xpath' is clicked on

2022-06-09 22:09:18 - [TEST_STEP][PASSED] - I.select_multiplelist("//*[@id="selSource_108"]", "//*[@id="btnAdd_108"]", "2357"): Delayed 1 second(s)

2022-06-09 22:09:19 - [MESSAGE][PASSED] - Delayed 1 second(s)

2022-06-09 22:09:19 - [MESSAGE][PASSED] - All options with value '2357' are selected in object 'Object Repository/1. Constant/xpath' 

2022-06-09 22:09:21 - [MESSAGE][PASSED] - Delayed 2 second(s)

2022-06-09 22:09:22 - [MESSAGE][PASSED] - Object: 'Object Repository/1. Constant/xpath' is clicked on

2022-06-09 22:09:23 - [MESSAGE][PASSED] - Delayed 1 second(s)

2022-06-09 22:09:23 - [TEST_STEP][PASSED] - click(findTestObject("1. Constant/xpath", ["xpath":"//*[@id="ModifFiche"]/div[1]/div/button[2]/i"])): Object: 'Object Repository/1. Constant/xpath' is clicked on

2022-06-09 22:09:27 - [MESSAGE][PASSED] - Object: 'Object Repository/1. Constant/xpath' is clicked on

2022-06-09 22:09:27 - [TEST_STEP][PASSED] - takeScreenshot(): Taking screenshot successfully

2022-06-09 22:09:27 - [MESSAGE][PASSED] - Taking screenshot successfully
[[ATTACHMENT|D:\\Projet Test Auto\\Mediabox Test Automation\\Reports\\20220609_181011\\03. Parallel Testing (Testing)\\TS -PT PART 3\\15.02 NPP Duplication Shortcut (Translation Ref) -Part 1\\20220609_181122\\1654805367557.png]]

2022-06-09 22:09:27 - [TEST_STEP][PASSED] - click(findTestObject("1. Constant/xpath", ["xpath":"//*[@id="fiches"]/table/tbody/tr/td[9]/div[2]/button"])): Object: 'Object Repository/1. Constant/xpath' is clicked on

2022-06-09 22:09:28 - [MESSAGE][PASSED] - Object: 'Object Repository/1. Constant/xpath' is clicked on

2022-06-09 22:09:28 - [TEST_STEP][PASSED] - delay(2): Delayed 2 second(s)

2022-06-09 22:09:30 - [MESSAGE][PASSED] - Delayed 2 second(s)

2022-06-09 22:09:30 - [TEST_STEP][PASSED] - click(findTestObject("1. Constant/xpath", ["xpath":"//*[@id="fiches"]/table/tbody/tr/td[9]/div[2]/div/a[2]"])): Object: 'Object Repository/1. Constant/xpath' is clicked on

2022-06-09 22:09:30 - [MESSAGE][PASSED] - Object: 'Object Repository/1. Constant/xpath' is clicked on

2022-06-09 22:09:30 - [TEST_STEP][PASSED] - delay(2): Delayed 2 second(s)

2022-06-09 22:09:32 - [MESSAGE][PASSED] - Delayed 2 second(s)

2022-06-09 22:09:32 - [TEST_STEP][PASSED] - click(findTestObject("1. Constant/xpath", ["xpath":"//*[@id="kt_body"]/div[9]/div/div/div[2]/button[2]"])): Object: 'Object Repository/1. Constant/xpath' is clicked on

2022-06-09 22:09:41 - [MESSAGE][PASSED] - Object: 'Object Repository/1. Constant/xpath' is clicked on

2022-06-09 22:09:41 - [TEST_STEP][PASSED] - delay(2): Delayed 2 second(s)

2022-06-09 22:09:43 - [MESSAGE][PASSED] - Delayed 2 second(s)

2022-06-09 22:09:43 - [TEST_STEP][PASSED] - click(findTestObject("1. Constant/xpath", ["xpath":"//*[@id="card_project"]/div[2]/div/div[3]/a[4]"])): Object: 'Object Repository/1. Constant/xpath' is clicked on

2022-06-09 22:09:51 - [MESSAGE][PASSED] - Object: 'Object Repository/1. Constant/xpath' is clicked on

2022-06-09 22:09:51 - [TEST_STEP][PASSED] - closeBrowser(): Browser is closed

2022-06-09 22:09:53 - [MESSAGE][PASSED] - Browser is closed

2022-06-09 22:09:53 - [TEST_STEP][PASSED] - Start listener action : sampleAfterTestCase: null]]></system-out>
         <system-err><![CDATA[]]></system-err>
      </testcase>
      <testcase name="Test Cases/20. Sephora_NPP Duplication Standard_ Duplication Shortcut/20.11 NPP Duplication Shortcut In this Project_CT and Lang - Used 20.08 P7" time="98.231" classname="Test Cases/20. Sephora_NPP Duplication Standard_ Duplication Shortcut/20.11 NPP Duplication Shortcut In this Project_CT and Lang - Used 20.08 P7" status="FAILED">
         <failure type="FAILED" message="Test Cases/20. Sephora_NPP Duplication Standard_ Duplication Shortcut/20.11 NPP Duplication Shortcut In this Project_CT and Lang - Used 20.08 P7 FAILED.
Reason:
com.kms.katalon.core.exception.StepFailedException: Unable to click on object 'Object Repository/1. Constant/xpath'
	at com.kms.katalon.core.webui.keyword.internal.WebUIKeywordMain.stepFailed(WebUIKeywordMain.groovy:64)
	at com.kms.katalon.core.webui.keyword.internal.WebUIKeywordMain.runKeyword(WebUIKeywordMain.groovy:26)
	at com.kms.katalon.core.webui.keyword.builtin.ClickKeyword.click(ClickKeyword.groovy:74)
	at com.kms.katalon.core.webui.keyword.builtin.ClickKeyword.execute(ClickKeyword.groovy:40)
	at com.kms.katalon.core.keyword.internal.KeywordExecutor.executeKeywordForPlatform(KeywordExecutor.groovy:74)
	at com.kms.katalon.core.webui.keyword.WebUiBuiltInKeywords.click(WebUiBuiltInKeywords.groovy:620)
	at com.kms.katalon.core.webui.keyword.WebUiBuiltInKeywords$click$4.call(Unknown Source)
	at 20.11 NPP Duplication Shortcut In this Project_CT and Lang - Used 20.08 P7.run(20.11 NPP Duplication Shortcut In this Project_CT and Lang - Used 20.08 P7:70)
	at com.kms.katalon.core.main.ScriptEngine.run(ScriptEngine.java:194)
	at com.kms.katalon.core.main.ScriptEngine.runScriptAsRawText(ScriptEngine.java:119)
	at com.kms.katalon.core.main.TestCaseExecutor.runScript(TestCaseExecutor.java:445)
	at com.kms.katalon.core.main.TestCaseExecutor.doExecute(TestCaseExecutor.java:436)
	at com.kms.katalon.core.main.TestCaseExecutor.processExecutionPhase(TestCaseExecutor.java:415)
	at com.kms.katalon.core.main.TestCaseExecutor.accessMainPhase(TestCaseExecutor.java:407)
	at com.kms.katalon.core.main.TestCaseExecutor.execute(TestCaseExecutor.java:284)
	at com.kms.katalon.core.common.CommonExecutor.accessTestCaseMainPhase(CommonExecutor.java:65)
	at com.kms.katalon.core.main.TestSuiteExecutor.accessTestSuiteMainPhase(TestSuiteExecutor.java:144)
	at com.kms.katalon.core.main.TestSuiteExecutor.execute(TestSuiteExecutor.java:106)
	at com.kms.katalon.core.main.TestCaseMain.startTestSuite(TestCaseMain.java:185)
	at com.kms.katalon.core.main.TestCaseMain$startTestSuite$0.call(Unknown Source)
	at TempTestSuite1654791082081.run(TempTestSuite1654791082081.groovy:36)
Caused by: com.kms.katalon.core.webui.exception.WebElementNotFoundException: Web element with id: 'Object Repository/1. Constant/xpath' located by '//*[@id=&quot;kt_content&quot;]/div[3]/div/div[2]/div[1]/div[2]/span/div/button' not found
	at com.kms.katalon.core.webui.common.WebUiCommonHelper.findWebElement(WebUiCommonHelper.java:1370)
	at com.kms.katalon.core.webui.keyword.internal.WebUIAbstractKeyword.findWebElement(WebUIAbstractKeyword.groovy:27)
	at com.kms.katalon.core.webui.keyword.builtin.ClickKeyword$_click_closure1.doCall(ClickKeyword.groovy:65)
	at com.kms.katalon.core.webui.keyword.builtin.ClickKeyword$_click_closure1.call(ClickKeyword.groovy)
	at com.kms.katalon.core.webui.keyword.internal.WebUIKeywordMain.runKeyword(WebUIKeywordMain.groovy:20)
	... 19 more
"/>
         <system-out><![CDATA[2022-06-09 22:09:53 - [TEST_CASE][FAILED] - Test Cases/20. Sephora_NPP Duplication Standard_ Duplication Shortcut/20.11 NPP Duplication Shortcut In this Project_CT and Lang - Used 20.08 P7: Test Cases/20. Sephora_NPP Duplication Standard_ Duplication Shortcut/20.11 NPP Duplication Shortcut In this Project_CT and Lang - Used 20.08 P7 FAILED.
Reason:
com.kms.katalon.core.exception.StepFailedException: Unable to click on object 'Object Repository/1. Constant/xpath'
	at com.kms.katalon.core.webui.keyword.internal.WebUIKeywordMain.stepFailed(WebUIKeywordMain.groovy:64)
	at com.kms.katalon.core.webui.keyword.internal.WebUIKeywordMain.runKeyword(WebUIKeywordMain.groovy:26)
	at com.kms.katalon.core.webui.keyword.builtin.ClickKeyword.click(ClickKeyword.groovy:74)
	at com.kms.katalon.core.webui.keyword.builtin.ClickKeyword.execute(ClickKeyword.groovy:40)
	at com.kms.katalon.core.keyword.internal.KeywordExecutor.executeKeywordForPlatform(KeywordExecutor.groovy:74)
	at com.kms.katalon.core.webui.keyword.WebUiBuiltInKeywords.click(WebUiBuiltInKeywords.groovy:620)
	at com.kms.katalon.core.webui.keyword.WebUiBuiltInKeywords$click$4.call(Unknown Source)
	at 20.11 NPP Duplication Shortcut In this Project_CT and Lang - Used 20.08 P7.run(20.11 NPP Duplication Shortcut In this Project_CT and Lang - Used 20.08 P7:70)
	at com.kms.katalon.core.main.ScriptEngine.run(ScriptEngine.java:194)
	at com.kms.katalon.core.main.ScriptEngine.runScriptAsRawText(ScriptEngine.java:119)
	at com.kms.katalon.core.main.TestCaseExecutor.runScript(TestCaseExecutor.java:445)
	at com.kms.katalon.core.main.TestCaseExecutor.doExecute(TestCaseExecutor.java:436)
	at com.kms.katalon.core.main.TestCaseExecutor.processExecutionPhase(TestCaseExecutor.java:415)
	at com.kms.katalon.core.main.TestCaseExecutor.accessMainPhase(TestCaseExecutor.java:407)
	at com.kms.katalon.core.main.TestCaseExecutor.execute(TestCaseExecutor.java:284)
	at com.kms.katalon.core.common.CommonExecutor.accessTestCaseMainPhase(CommonExecutor.java:65)
	at com.kms.katalon.core.main.TestSuiteExecutor.accessTestSuiteMainPhase(TestSuiteExecutor.java:144)
	at com.kms.katalon.core.main.TestSuiteExecutor.execute(TestSuiteExecutor.java:106)
	at com.kms.katalon.core.main.TestCaseMain.startTestSuite(TestCaseMain.java:185)
	at com.kms.katalon.core.main.TestCaseMain$startTestSuite$0.call(Unknown Source)
	at TempTestSuite1654791082081.run(TempTestSuite1654791082081.groovy:36)
Caused by: com.kms.katalon.core.webui.exception.WebElementNotFoundException: Web element with id: 'Object Repository/1. Constant/xpath' located by '//*[@id="kt_content"]/div[3]/div/div[2]/div[1]/div[2]/span/div/button' not found
	at com.kms.katalon.core.webui.common.WebUiCommonHelper.findWebElement(WebUiCommonHelper.java:1370)
	at com.kms.katalon.core.webui.keyword.internal.WebUIAbstractKeyword.findWebElement(WebUIAbstractKeyword.groovy:27)
	at com.kms.katalon.core.webui.keyword.builtin.ClickKeyword$_click_closure1.doCall(ClickKeyword.groovy:65)
	at com.kms.katalon.core.webui.keyword.builtin.ClickKeyword$_click_closure1.call(ClickKeyword.groovy)
	at com.kms.katalon.core.webui.keyword.internal.WebUIKeywordMain.runKeyword(WebUIKeywordMain.groovy:20)
	... 19 more


2022-06-09 22:09:54 - [TEST_STEP][PASSED] - data_Npp = findTestData("Data Files/Username_Password/Npp"): null

2022-06-09 22:09:54 - [TEST_STEP][PASSED] - password_ncur = data_Npp.getValue(2, 1): null

2022-06-09 22:09:54 - [TEST_STEP][PASSED] - password_akim = data_Npp.getValue(2, 2): null

2022-06-09 22:09:54 - [TEST_STEP][PASSED] - data_urlRELAUTO = findTestData("Data Files/URL/URL_relauto"): null

2022-06-09 22:09:54 - [TEST_STEP][PASSED] - Url_Npp = data_urlRELAUTO.getValue(2, 5): null

2022-06-09 22:09:54 - [TEST_STEP][PASSED] - Project_No = I.readnotepad("D:\Upoad_File\Projet_ Login\NPP\16.08\20.08_NPP_ProjectNo.txt"): null

2022-06-09 22:09:54 - [TEST_STEP][PASSED] - refID = I.readnotepad("D:\Upoad_File\Projet_ Login\NPP\16.08\20.08_NPP_refID.txt"): null

2022-06-09 22:09:54 - [TEST_STEP][PASSED] - openBrowser(Url_Npp): Browser is opened with url: ' http://mdb-release.diadeis.lan/MediaboxIndependence/?MBI_datasource=RELTESTAUTO_NPP'

2022-06-09 22:09:54 - [MESSAGE][INFO] - Starting 'Chrome (headless)' driver

2022-06-09 22:09:54 - [MESSAGE][INFO] - User set preference: ['args', '[--window-size=1920,1080, --headless]']

2022-06-09 22:09:54 - [MESSAGE][INFO] - Action delay is set to 0 milliseconds

2022-06-09 22:10:05 - [MESSAGE][PASSED] - Browser is opened with url: ' http://mdb-release.diadeis.lan/MediaboxIndependence/?MBI_datasource=RELTESTAUTO_NPP'

2022-06-09 22:10:05 - [TEST_STEP][PASSED] - maximizeWindow(): Current window maximized

2022-06-09 22:10:05 - [MESSAGE][PASSED] - Current window maximized

2022-06-09 22:10:05 - [TEST_STEP][PASSED] - takeScreenshot(): Taking screenshot successfully

2022-06-09 22:10:05 - [MESSAGE][PASSED] - Taking screenshot successfully
[[ATTACHMENT|D:\\Projet Test Auto\\Mediabox Test Automation\\Reports\\20220609_181011\\03. Parallel Testing (Testing)\\TS -PT PART 3\\15.02 NPP Duplication Shortcut (Translation Ref) -Part 1\\20220609_181122\\1654805405248.png]]

2022-06-09 22:10:05 - [TEST_STEP][PASSED] - I.Login_password("ncur", password_ncur): Object: 'Object Repository/1. Constant/xpath' is clicked on

2022-06-09 22:10:05 - [MESSAGE][PASSED] - Text 'ncur' is set on object 'Object Repository/1. Constant/xpath'

2022-06-09 22:10:06 - [MESSAGE][PASSED] - Delayed 1 second(s)

2022-06-09 22:10:07 - [MESSAGE][PASSED] - Text 'dchi' is set on object 'Object Repository/1. Constant/xpath'

2022-06-09 22:10:08 - [MESSAGE][PASSED] - Delayed 1 second(s)

2022-06-09 22:10:19 - [MESSAGE][PASSED] - Object: 'Object Repository/1. Constant/xpath' is clicked on

2022-06-09 22:10:19 - [TEST_STEP][PASSED] - takeScreenshot(): Taking screenshot successfully

2022-06-09 22:10:19 - [MESSAGE][PASSED] - Taking screenshot successfully
[[ATTACHMENT|D:\\Projet Test Auto\\Mediabox Test Automation\\Reports\\20220609_181011\\03. Parallel Testing (Testing)\\TS -PT PART 3\\15.02 NPP Duplication Shortcut (Translation Ref) -Part 1\\20220609_181122\\1654805419036.png]]

2022-06-09 22:10:19 - [TEST_STEP][PASSED] - click(findTestObject("1. Constant/02_LHSMenu_Projects")): Object: 'Object Repository/1. Constant/02_LHSMenu_Projects' is clicked on

2022-06-09 22:10:35 - [MESSAGE][PASSED] - Object: 'Object Repository/1. Constant/02_LHSMenu_Projects' is clicked on

2022-06-09 22:10:35 - [TEST_STEP][PASSED] - delay(1): Delayed 1 second(s)

2022-06-09 22:10:36 - [MESSAGE][PASSED] - Delayed 1 second(s)

2022-06-09 22:10:36 - [TEST_STEP][PASSED] - I.SearchProjectNo_xpath(Project_No, "//*[@id="keynum_project"]", "//*[@id="form_filters"]/div[9]/button"): Delayed 5 second(s)

2022-06-09 22:10:37 - [MESSAGE][PASSED] - Delayed 1 second(s)

2022-06-09 22:10:37 - [MESSAGE][PASSED] - Text '' is set on object 'Object Repository/1. Constant/xpath'

2022-06-09 22:10:40 - [MESSAGE][PASSED] - Delayed 3 second(s)

2022-06-09 22:10:40 - [MESSAGE][PASSED] - Scroll to object 'Object Repository/1. Constant/xpath' successfully

2022-06-09 22:10:54 - [MESSAGE][PASSED] - Object: 'Object Repository/1. Constant/xpath' is clicked on

2022-06-09 22:10:59 - [MESSAGE][PASSED] - Delayed 5 second(s)

2022-06-09 22:10:59 - [TEST_STEP][PASSED] - delay(1): Delayed 1 second(s)

2022-06-09 22:11:00 - [MESSAGE][PASSED] - Delayed 1 second(s)

2022-06-09 22:11:00 - [TEST_STEP][FAILED] - click(findTestObject("1. Constant/xpath", ["xpath":"//*[@id="kt_content"]/div[3]/div/div[2]/div[1]/div[2]/span/div/button"])): Unable to click on object 'Object Repository/1. Constant/xpath' (Root cause: com.kms.katalon.core.exception.StepFailedException: Unable to click on object 'Object Repository/1. Constant/xpath'
	at com.kms.katalon.core.webui.keyword.internal.WebUIKeywordMain.stepFailed(WebUIKeywordMain.groovy:64)
	at com.kms.katalon.core.webui.keyword.internal.WebUIKeywordMain.runKeyword(WebUIKeywordMain.groovy:26)
	at com.kms.katalon.core.webui.keyword.builtin.ClickKeyword.click(ClickKeyword.groovy:74)
	at com.kms.katalon.core.webui.keyword.builtin.ClickKeyword.execute(ClickKeyword.groovy:40)
	at com.kms.katalon.core.keyword.internal.KeywordExecutor.executeKeywordForPlatform(KeywordExecutor.groovy:74)
	at com.kms.katalon.core.webui.keyword.WebUiBuiltInKeywords.click(WebUiBuiltInKeywords.groovy:620)
	at com.kms.katalon.core.webui.keyword.WebUiBuiltInKeywords$click$4.call(Unknown Source)
	at 20.11 NPP Duplication Shortcut In this Project_CT and Lang - Used 20.08 P7.run(20.11 NPP Duplication Shortcut In this Project_CT and Lang - Used 20.08 P7:70)
	at com.kms.katalon.core.main.ScriptEngine.run(ScriptEngine.java:194)
	at com.kms.katalon.core.main.ScriptEngine.runScriptAsRawText(ScriptEngine.java:119)
	at com.kms.katalon.core.main.TestCaseExecutor.runScript(TestCaseExecutor.java:445)
	at com.kms.katalon.core.main.TestCaseExecutor.doExecute(TestCaseExecutor.java:436)
	at com.kms.katalon.core.main.TestCaseExecutor.processExecutionPhase(TestCaseExecutor.java:415)
	at com.kms.katalon.core.main.TestCaseExecutor.accessMainPhase(TestCaseExecutor.java:407)
	at com.kms.katalon.core.main.TestCaseExecutor.execute(TestCaseExecutor.java:284)
	at com.kms.katalon.core.common.CommonExecutor.accessTestCaseMainPhase(CommonExecutor.java:65)
	at com.kms.katalon.core.main.TestSuiteExecutor.accessTestSuiteMainPhase(TestSuiteExecutor.java:144)
	at com.kms.katalon.core.main.TestSuiteExecutor.execute(TestSuiteExecutor.java:106)
	at com.kms.katalon.core.main.TestCaseMain.startTestSuite(TestCaseMain.java:185)
	at com.kms.katalon.core.main.TestCaseMain$startTestSuite$0.call(Unknown Source)
	at TempTestSuite1654791082081.run(TempTestSuite1654791082081.groovy:36)
Caused by: com.kms.katalon.core.webui.exception.WebElementNotFoundException: Web element with id: 'Object Repository/1. Constant/xpath' located by '//*[@id="kt_content"]/div[3]/div/div[2]/div[1]/div[2]/span/div/button' not found
	at com.kms.katalon.core.webui.common.WebUiCommonHelper.findWebElement(WebUiCommonHelper.java:1370)
	at com.kms.katalon.core.webui.keyword.internal.WebUIAbstractKeyword.findWebElement(WebUIAbstractKeyword.groovy:27)
	at com.kms.katalon.core.webui.keyword.builtin.ClickKeyword$_click_closure1.doCall(ClickKeyword.groovy:65)
	at com.kms.katalon.core.webui.keyword.builtin.ClickKeyword$_click_closure1.call(ClickKeyword.groovy)
	at com.kms.katalon.core.webui.keyword.internal.WebUIKeywordMain.runKeyword(WebUIKeywordMain.groovy:20)
	at com.kms.katalon.core.webui.keyword.builtin.ClickKeyword.click(ClickKeyword.groovy:74)
	at com.kms.katalon.core.webui.keyword.builtin.ClickKeyword.execute(ClickKeyword.groovy:40)
	at com.kms.katalon.core.keyword.internal.KeywordExecutor.executeKeywordForPlatform(KeywordExecutor.groovy:74)
	at com.kms.katalon.core.webui.keyword.WebUiBuiltInKeywords.click(WebUiBuiltInKeywords.groovy:620)
	at com.kms.katalon.core.webui.keyword.WebUiBuiltInKeywords$click$4.call(Unknown Source)
	at Script1653560767416.run(Script1653560767416.groovy:70)
	... 13 more
)

2022-06-09 22:11:31 - [MESSAGE][INFO] - Unable to find the element located by 'By.xpath: //*[@id="kt_content"]/div[3]/div/div[2]/div[1]/div[2]/span/div/button'. Please recheck the objects properties to make sure the desired element is located. 

2022-06-09 22:11:31 - [MESSAGE][FAILED] - Unable to click on object 'Object Repository/1. Constant/xpath' (Root cause: com.kms.katalon.core.exception.StepFailedException: Unable to click on object 'Object Repository/1. Constant/xpath'
	at com.kms.katalon.core.webui.keyword.internal.WebUIKeywordMain.stepFailed(WebUIKeywordMain.groovy:64)
	at com.kms.katalon.core.webui.keyword.internal.WebUIKeywordMain.runKeyword(WebUIKeywordMain.groovy:26)
	at com.kms.katalon.core.webui.keyword.builtin.ClickKeyword.click(ClickKeyword.groovy:74)
	at com.kms.katalon.core.webui.keyword.builtin.ClickKeyword.execute(ClickKeyword.groovy:40)
	at com.kms.katalon.core.keyword.internal.KeywordExecutor.executeKeywordForPlatform(KeywordExecutor.groovy:74)
	at com.kms.katalon.core.webui.keyword.WebUiBuiltInKeywords.click(WebUiBuiltInKeywords.groovy:620)
	at com.kms.katalon.core.webui.keyword.WebUiBuiltInKeywords$click$4.call(Unknown Source)
	at 20.11 NPP Duplication Shortcut In this Project_CT and Lang - Used 20.08 P7.run(20.11 NPP Duplication Shortcut In this Project_CT and Lang - Used 20.08 P7:70)
	at com.kms.katalon.core.main.ScriptEngine.run(ScriptEngine.java:194)
	at com.kms.katalon.core.main.ScriptEngine.runScriptAsRawText(ScriptEngine.java:119)
	at com.kms.katalon.core.main.TestCaseExecutor.runScript(TestCaseExecutor.java:445)
	at com.kms.katalon.core.main.TestCaseExecutor.doExecute(TestCaseExecutor.java:436)
	at com.kms.katalon.core.main.TestCaseExecutor.processExecutionPhase(TestCaseExecutor.java:415)
	at com.kms.katalon.core.main.TestCaseExecutor.accessMainPhase(TestCaseExecutor.java:407)
	at com.kms.katalon.core.main.TestCaseExecutor.execute(TestCaseExecutor.java:284)
	at com.kms.katalon.core.common.CommonExecutor.accessTestCaseMainPhase(CommonExecutor.java:65)
	at com.kms.katalon.core.main.TestSuiteExecutor.accessTestSuiteMainPhase(TestSuiteExecutor.java:144)
	at com.kms.katalon.core.main.TestSuiteExecutor.execute(TestSuiteExecutor.java:106)
	at com.kms.katalon.core.main.TestCaseMain.startTestSuite(TestCaseMain.java:185)
	at com.kms.katalon.core.main.TestCaseMain$startTestSuite$0.call(Unknown Source)
	at TempTestSuite1654791082081.run(TempTestSuite1654791082081.groovy:36)
Caused by: com.kms.katalon.core.webui.exception.WebElementNotFoundException: Web element with id: 'Object Repository/1. Constant/xpath' located by '//*[@id="kt_content"]/div[3]/div/div[2]/div[1]/div[2]/span/div/button' not found
	at com.kms.katalon.core.webui.common.WebUiCommonHelper.findWebElement(WebUiCommonHelper.java:1370)
	at com.kms.katalon.core.webui.keyword.internal.WebUIAbstractKeyword.findWebElement(WebUIAbstractKeyword.groovy:27)
	at com.kms.katalon.core.webui.keyword.builtin.ClickKeyword$_click_closure1.doCall(ClickKeyword.groovy:65)
	at com.kms.katalon.core.webui.keyword.builtin.ClickKeyword$_click_closure1.call(ClickKeyword.groovy)
	at com.kms.katalon.core.webui.keyword.internal.WebUIKeywordMain.runKeyword(WebUIKeywordMain.groovy:20)
	at com.kms.katalon.core.webui.keyword.builtin.ClickKeyword.click(ClickKeyword.groovy:74)
	at com.kms.katalon.core.webui.keyword.builtin.ClickKeyword.execute(ClickKeyword.groovy:40)
	at com.kms.katalon.core.keyword.internal.KeywordExecutor.executeKeywordForPlatform(KeywordExecutor.groovy:74)
	at com.kms.katalon.core.webui.keyword.WebUiBuiltInKeywords.click(WebUiBuiltInKeywords.groovy:620)
	at com.kms.katalon.core.webui.keyword.WebUiBuiltInKeywords$click$4.call(Unknown Source)
	at Script1653560767416.run(Script1653560767416.groovy:70)
	... 13 more
)
[[ATTACHMENT|D:\\Projet Test Auto\\Mediabox Test Automation\\Reports\\20220609_181011\\03. Parallel Testing (Testing)\\TS -PT PART 3\\15.02 NPP Duplication Shortcut (Translation Ref) -Part 1\\20220609_181122\\1654805491360.png]]

2022-06-09 22:11:31 - [TEST_STEP][PASSED] - Start listener action : sampleAfterTestCase: null]]></system-out>
         <system-err><![CDATA[2022-06-09 22:09:53 - [TEST_CASE][FAILED] - Test Cases/20. Sephora_NPP Duplication Standard_ Duplication Shortcut/20.11 NPP Duplication Shortcut In this Project_CT and Lang - Used 20.08 P7: Test Cases/20. Sephora_NPP Duplication Standard_ Duplication Shortcut/20.11 NPP Duplication Shortcut In this Project_CT and Lang - Used 20.08 P7 FAILED.
Reason:
com.kms.katalon.core.exception.StepFailedException: Unable to click on object 'Object Repository/1. Constant/xpath'
	at com.kms.katalon.core.webui.keyword.internal.WebUIKeywordMain.stepFailed(WebUIKeywordMain.groovy:64)
	at com.kms.katalon.core.webui.keyword.internal.WebUIKeywordMain.runKeyword(WebUIKeywordMain.groovy:26)
	at com.kms.katalon.core.webui.keyword.builtin.ClickKeyword.click(ClickKeyword.groovy:74)
	at com.kms.katalon.core.webui.keyword.builtin.ClickKeyword.execute(ClickKeyword.groovy:40)
	at com.kms.katalon.core.keyword.internal.KeywordExecutor.executeKeywordForPlatform(KeywordExecutor.groovy:74)
	at com.kms.katalon.core.webui.keyword.WebUiBuiltInKeywords.click(WebUiBuiltInKeywords.groovy:620)
	at com.kms.katalon.core.webui.keyword.WebUiBuiltInKeywords$click$4.call(Unknown Source)
	at 20.11 NPP Duplication Shortcut In this Project_CT and Lang - Used 20.08 P7.run(20.11 NPP Duplication Shortcut In this Project_CT and Lang - Used 20.08 P7:70)
	at com.kms.katalon.core.main.ScriptEngine.run(ScriptEngine.java:194)
	at com.kms.katalon.core.main.ScriptEngine.runScriptAsRawText(ScriptEngine.java:119)
	at com.kms.katalon.core.main.TestCaseExecutor.runScript(TestCaseExecutor.java:445)
	at com.kms.katalon.core.main.TestCaseExecutor.doExecute(TestCaseExecutor.java:436)
	at com.kms.katalon.core.main.TestCaseExecutor.processExecutionPhase(TestCaseExecutor.java:415)
	at com.kms.katalon.core.main.TestCaseExecutor.accessMainPhase(TestCaseExecutor.java:407)
	at com.kms.katalon.core.main.TestCaseExecutor.execute(TestCaseExecutor.java:284)
	at com.kms.katalon.core.common.CommonExecutor.accessTestCaseMainPhase(CommonExecutor.java:65)
	at com.kms.katalon.core.main.TestSuiteExecutor.accessTestSuiteMainPhase(TestSuiteExecutor.java:144)
	at com.kms.katalon.core.main.TestSuiteExecutor.execute(TestSuiteExecutor.java:106)
	at com.kms.katalon.core.main.TestCaseMain.startTestSuite(TestCaseMain.java:185)
	at com.kms.katalon.core.main.TestCaseMain$startTestSuite$0.call(Unknown Source)
	at TempTestSuite1654791082081.run(TempTestSuite1654791082081.groovy:36)
Caused by: com.kms.katalon.core.webui.exception.WebElementNotFoundException: Web element with id: 'Object Repository/1. Constant/xpath' located by '//*[@id="kt_content"]/div[3]/div/div[2]/div[1]/div[2]/span/div/button' not found
	at com.kms.katalon.core.webui.common.WebUiCommonHelper.findWebElement(WebUiCommonHelper.java:1370)
	at com.kms.katalon.core.webui.keyword.internal.WebUIAbstractKeyword.findWebElement(WebUIAbstractKeyword.groovy:27)
	at com.kms.katalon.core.webui.keyword.builtin.ClickKeyword$_click_closure1.doCall(ClickKeyword.groovy:65)
	at com.kms.katalon.core.webui.keyword.builtin.ClickKeyword$_click_closure1.call(ClickKeyword.groovy)
	at com.kms.katalon.core.webui.keyword.internal.WebUIKeywordMain.runKeyword(WebUIKeywordMain.groovy:20)
	... 19 more]]></system-err>
      </testcase>
      <testcase name="Test Cases/20. Sephora_NPP Duplication Standard_ Duplication Shortcut/20.12 NPP Duplication Shortcut In this Project_Content Source Text - Used 20.08 _20.11 P8" time="86.928" classname="Test Cases/20. Sephora_NPP Duplication Standard_ Duplication Shortcut/20.12 NPP Duplication Shortcut In this Project_Content Source Text - Used 20.08 _20.11 P8" status="FAILED">
         <failure type="FAILED" message="Test Cases/20. Sephora_NPP Duplication Standard_ Duplication Shortcut/20.12 NPP Duplication Shortcut In this Project_Content Source Text - Used 20.08 _20.11 P8 FAILED.
Reason:
com.kms.katalon.core.exception.StepFailedException: Unable to click on object 'Object Repository/1. Constant/xpath'
	at com.kms.katalon.core.webui.keyword.internal.WebUIKeywordMain.stepFailed(WebUIKeywordMain.groovy:64)
	at com.kms.katalon.core.webui.keyword.internal.WebUIKeywordMain.runKeyword(WebUIKeywordMain.groovy:26)
	at com.kms.katalon.core.webui.keyword.builtin.ClickKeyword.click(ClickKeyword.groovy:74)
	at com.kms.katalon.core.webui.keyword.builtin.ClickKeyword.execute(ClickKeyword.groovy:40)
	at com.kms.katalon.core.keyword.internal.KeywordExecutor.executeKeywordForPlatform(KeywordExecutor.groovy:74)
	at com.kms.katalon.core.webui.keyword.WebUiBuiltInKeywords.click(WebUiBuiltInKeywords.groovy:620)
	at com.kms.katalon.core.webui.keyword.WebUiBuiltInKeywords$click$4.call(Unknown Source)
	at 20.12 NPP Duplication Shortcut In this Project_Content Source Text - Used 20.08 _20.11 P8.run(20.12 NPP Duplication Shortcut In this Project_Content Source Text - Used 20.08 _20.11 P8:70)
	at com.kms.katalon.core.main.ScriptEngine.run(ScriptEngine.java:194)
	at com.kms.katalon.core.main.ScriptEngine.runScriptAsRawText(ScriptEngine.java:119)
	at com.kms.katalon.core.main.TestCaseExecutor.runScript(TestCaseExecutor.java:445)
	at com.kms.katalon.core.main.TestCaseExecutor.doExecute(TestCaseExecutor.java:436)
	at com.kms.katalon.core.main.TestCaseExecutor.processExecutionPhase(TestCaseExecutor.java:415)
	at com.kms.katalon.core.main.TestCaseExecutor.accessMainPhase(TestCaseExecutor.java:407)
	at com.kms.katalon.core.main.TestCaseExecutor.execute(TestCaseExecutor.java:284)
	at com.kms.katalon.core.common.CommonExecutor.accessTestCaseMainPhase(CommonExecutor.java:65)
	at com.kms.katalon.core.main.TestSuiteExecutor.accessTestSuiteMainPhase(TestSuiteExecutor.java:144)
	at com.kms.katalon.core.main.TestSuiteExecutor.execute(TestSuiteExecutor.java:106)
	at com.kms.katalon.core.main.TestCaseMain.startTestSuite(TestCaseMain.java:185)
	at com.kms.katalon.core.main.TestCaseMain$startTestSuite$0.call(Unknown Source)
	at TempTestSuite1654791082081.run(TempTestSuite1654791082081.groovy:36)
Caused by: com.kms.katalon.core.webui.exception.WebElementNotFoundException: Web element with id: 'Object Repository/1. Constant/xpath' located by '//*[@id=&quot;kt_content&quot;]/div[3]/div/div[2]/div[1]/div[2]/span/div/button' not found
	at com.kms.katalon.core.webui.common.WebUiCommonHelper.findWebElement(WebUiCommonHelper.java:1370)
	at com.kms.katalon.core.webui.keyword.internal.WebUIAbstractKeyword.findWebElement(WebUIAbstractKeyword.groovy:27)
	at com.kms.katalon.core.webui.keyword.builtin.ClickKeyword$_click_closure1.doCall(ClickKeyword.groovy:65)
	at com.kms.katalon.core.webui.keyword.builtin.ClickKeyword$_click_closure1.call(ClickKeyword.groovy)
	at com.kms.katalon.core.webui.keyword.internal.WebUIKeywordMain.runKeyword(WebUIKeywordMain.groovy:20)
	... 19 more
"/>
         <system-out><![CDATA[2022-06-09 22:11:31 - [TEST_CASE][FAILED] - Test Cases/20. Sephora_NPP Duplication Standard_ Duplication Shortcut/20.12 NPP Duplication Shortcut In this Project_Content Source Text - Used 20.08 _20.11 P8: Test Cases/20. Sephora_NPP Duplication Standard_ Duplication Shortcut/20.12 NPP Duplication Shortcut In this Project_Content Source Text - Used 20.08 _20.11 P8 FAILED.
Reason:
com.kms.katalon.core.exception.StepFailedException: Unable to click on object 'Object Repository/1. Constant/xpath'
	at com.kms.katalon.core.webui.keyword.internal.WebUIKeywordMain.stepFailed(WebUIKeywordMain.groovy:64)
	at com.kms.katalon.core.webui.keyword.internal.WebUIKeywordMain.runKeyword(WebUIKeywordMain.groovy:26)
	at com.kms.katalon.core.webui.keyword.builtin.ClickKeyword.click(ClickKeyword.groovy:74)
	at com.kms.katalon.core.webui.keyword.builtin.ClickKeyword.execute(ClickKeyword.groovy:40)
	at com.kms.katalon.core.keyword.internal.KeywordExecutor.executeKeywordForPlatform(KeywordExecutor.groovy:74)
	at com.kms.katalon.core.webui.keyword.WebUiBuiltInKeywords.click(WebUiBuiltInKeywords.groovy:620)
	at com.kms.katalon.core.webui.keyword.WebUiBuiltInKeywords$click$4.call(Unknown Source)
	at 20.12 NPP Duplication Shortcut In this Project_Content Source Text - Used 20.08 _20.11 P8.run(20.12 NPP Duplication Shortcut In this Project_Content Source Text - Used 20.08 _20.11 P8:70)
	at com.kms.katalon.core.main.ScriptEngine.run(ScriptEngine.java:194)
	at com.kms.katalon.core.main.ScriptEngine.runScriptAsRawText(ScriptEngine.java:119)
	at com.kms.katalon.core.main.TestCaseExecutor.runScript(TestCaseExecutor.java:445)
	at com.kms.katalon.core.main.TestCaseExecutor.doExecute(TestCaseExecutor.java:436)
	at com.kms.katalon.core.main.TestCaseExecutor.processExecutionPhase(TestCaseExecutor.java:415)
	at com.kms.katalon.core.main.TestCaseExecutor.accessMainPhase(TestCaseExecutor.java:407)
	at com.kms.katalon.core.main.TestCaseExecutor.execute(TestCaseExecutor.java:284)
	at com.kms.katalon.core.common.CommonExecutor.accessTestCaseMainPhase(CommonExecutor.java:65)
	at com.kms.katalon.core.main.TestSuiteExecutor.accessTestSuiteMainPhase(TestSuiteExecutor.java:144)
	at com.kms.katalon.core.main.TestSuiteExecutor.execute(TestSuiteExecutor.java:106)
	at com.kms.katalon.core.main.TestCaseMain.startTestSuite(TestCaseMain.java:185)
	at com.kms.katalon.core.main.TestCaseMain$startTestSuite$0.call(Unknown Source)
	at TempTestSuite1654791082081.run(TempTestSuite1654791082081.groovy:36)
Caused by: com.kms.katalon.core.webui.exception.WebElementNotFoundException: Web element with id: 'Object Repository/1. Constant/xpath' located by '//*[@id="kt_content"]/div[3]/div/div[2]/div[1]/div[2]/span/div/button' not found
	at com.kms.katalon.core.webui.common.WebUiCommonHelper.findWebElement(WebUiCommonHelper.java:1370)
	at com.kms.katalon.core.webui.keyword.internal.WebUIAbstractKeyword.findWebElement(WebUIAbstractKeyword.groovy:27)
	at com.kms.katalon.core.webui.keyword.builtin.ClickKeyword$_click_closure1.doCall(ClickKeyword.groovy:65)
	at com.kms.katalon.core.webui.keyword.builtin.ClickKeyword$_click_closure1.call(ClickKeyword.groovy)
	at com.kms.katalon.core.webui.keyword.internal.WebUIKeywordMain.runKeyword(WebUIKeywordMain.groovy:20)
	... 19 more


2022-06-09 22:11:32 - [TEST_STEP][PASSED] - data_Npp = findTestData("Data Files/Username_Password/Npp"): null

2022-06-09 22:11:32 - [TEST_STEP][PASSED] - password_ncur = data_Npp.getValue(2, 1): null

2022-06-09 22:11:32 - [TEST_STEP][PASSED] - password_akim = data_Npp.getValue(2, 2): null

2022-06-09 22:11:32 - [TEST_STEP][PASSED] - data_urlRELAUTO = findTestData("Data Files/URL/URL_relauto"): null

2022-06-09 22:11:32 - [TEST_STEP][PASSED] - Url_Npp = data_urlRELAUTO.getValue(2, 5): null

2022-06-09 22:11:32 - [TEST_STEP][PASSED] - Project_No = I.readnotepad("D:\Upoad_File\Projet_ Login\NPP\16.08\20.08_NPP_ProjectNo.txt"): null

2022-06-09 22:11:32 - [TEST_STEP][PASSED] - refID = I.readnotepad("D:\Upoad_File\Projet_ Login\NPP\16.08\20.08_NPP_refID.txt"): null

2022-06-09 22:11:32 - [TEST_STEP][PASSED] - openBrowser(Url_Npp): Browser is opened with url: ' http://mdb-release.diadeis.lan/MediaboxIndependence/?MBI_datasource=RELTESTAUTO_NPP'

2022-06-09 22:11:32 - [MESSAGE][WARNING] - A browser is already opened. Closing browser and opening a new one

2022-06-09 22:11:32 - [MESSAGE][INFO] - Starting 'Chrome (headless)' driver

2022-06-09 22:11:32 - [MESSAGE][INFO] - User set preference: ['args', '[--window-size=1920,1080, --headless]']

2022-06-09 22:11:32 - [MESSAGE][INFO] - Action delay is set to 0 milliseconds

2022-06-09 22:11:38 - [MESSAGE][PASSED] - Browser is opened with url: ' http://mdb-release.diadeis.lan/MediaboxIndependence/?MBI_datasource=RELTESTAUTO_NPP'

2022-06-09 22:11:38 - [TEST_STEP][PASSED] - maximizeWindow(): Current window maximized

2022-06-09 22:11:38 - [MESSAGE][PASSED] - Current window maximized

2022-06-09 22:11:38 - [TEST_STEP][PASSED] - takeScreenshot(): Taking screenshot successfully

2022-06-09 22:11:38 - [MESSAGE][PASSED] - Taking screenshot successfully
[[ATTACHMENT|D:\\Projet Test Auto\\Mediabox Test Automation\\Reports\\20220609_181011\\03. Parallel Testing (Testing)\\TS -PT PART 3\\15.02 NPP Duplication Shortcut (Translation Ref) -Part 1\\20220609_181122\\1654805498378.png]]

2022-06-09 22:11:38 - [TEST_STEP][PASSED] - I.Login_password("ncur", password_ncur): Object: 'Object Repository/1. Constant/xpath' is clicked on

2022-06-09 22:11:38 - [MESSAGE][PASSED] - Text 'ncur' is set on object 'Object Repository/1. Constant/xpath'

2022-06-09 22:11:39 - [MESSAGE][PASSED] - Delayed 1 second(s)

2022-06-09 22:11:40 - [MESSAGE][PASSED] - Text 'dchi' is set on object 'Object Repository/1. Constant/xpath'

2022-06-09 22:11:41 - [MESSAGE][PASSED] - Delayed 1 second(s)

2022-06-09 22:11:47 - [MESSAGE][PASSED] - Object: 'Object Repository/1. Constant/xpath' is clicked on

2022-06-09 22:11:47 - [TEST_STEP][PASSED] - takeScreenshot(): Taking screenshot successfully

2022-06-09 22:11:47 - [MESSAGE][PASSED] - Taking screenshot successfully
[[ATTACHMENT|D:\\Projet Test Auto\\Mediabox Test Automation\\Reports\\20220609_181011\\03. Parallel Testing (Testing)\\TS -PT PART 3\\15.02 NPP Duplication Shortcut (Translation Ref) -Part 1\\20220609_181122\\1654805507031.png]]

2022-06-09 22:11:47 - [TEST_STEP][PASSED] - click(findTestObject("1. Constant/02_LHSMenu_Projects")): Object: 'Object Repository/1. Constant/02_LHSMenu_Projects' is clicked on

2022-06-09 22:12:01 - [MESSAGE][PASSED] - Object: 'Object Repository/1. Constant/02_LHSMenu_Projects' is clicked on

2022-06-09 22:12:01 - [TEST_STEP][PASSED] - delay(1): Delayed 1 second(s)

2022-06-09 22:12:02 - [MESSAGE][PASSED] - Delayed 1 second(s)

2022-06-09 22:12:02 - [TEST_STEP][PASSED] - I.SearchProjectNo_xpath(Project_No, "//*[@id="keynum_project"]", "//*[@id="form_filters"]/div[9]/button"): Delayed 5 second(s)

2022-06-09 22:12:03 - [MESSAGE][PASSED] - Delayed 1 second(s)

2022-06-09 22:12:04 - [MESSAGE][PASSED] - Text '' is set on object 'Object Repository/1. Constant/xpath'

2022-06-09 22:12:07 - [MESSAGE][PASSED] - Delayed 3 second(s)

2022-06-09 22:12:07 - [MESSAGE][PASSED] - Scroll to object 'Object Repository/1. Constant/xpath' successfully

2022-06-09 22:12:21 - [MESSAGE][PASSED] - Object: 'Object Repository/1. Constant/xpath' is clicked on

2022-06-09 22:12:26 - [MESSAGE][PASSED] - Delayed 5 second(s)

2022-06-09 22:12:26 - [TEST_STEP][PASSED] - delay(1): Delayed 1 second(s)

2022-06-09 22:12:27 - [MESSAGE][PASSED] - Delayed 1 second(s)

2022-06-09 22:12:27 - [TEST_STEP][FAILED] - click(findTestObject("1. Constant/xpath", ["xpath":"//*[@id="kt_content"]/div[3]/div/div[2]/div[1]/div[2]/span/div/button"])): Unable to click on object 'Object Repository/1. Constant/xpath' (Root cause: com.kms.katalon.core.exception.StepFailedException: Unable to click on object 'Object Repository/1. Constant/xpath'
	at com.kms.katalon.core.webui.keyword.internal.WebUIKeywordMain.stepFailed(WebUIKeywordMain.groovy:64)
	at com.kms.katalon.core.webui.keyword.internal.WebUIKeywordMain.runKeyword(WebUIKeywordMain.groovy:26)
	at com.kms.katalon.core.webui.keyword.builtin.ClickKeyword.click(ClickKeyword.groovy:74)
	at com.kms.katalon.core.webui.keyword.builtin.ClickKeyword.execute(ClickKeyword.groovy:40)
	at com.kms.katalon.core.keyword.internal.KeywordExecutor.executeKeywordForPlatform(KeywordExecutor.groovy:74)
	at com.kms.katalon.core.webui.keyword.WebUiBuiltInKeywords.click(WebUiBuiltInKeywords.groovy:620)
	at com.kms.katalon.core.webui.keyword.WebUiBuiltInKeywords$click$4.call(Unknown Source)
	at 20.12 NPP Duplication Shortcut In this Project_Content Source Text - Used 20.08 _20.11 P8.run(20.12 NPP Duplication Shortcut In this Project_Content Source Text - Used 20.08 _20.11 P8:70)
	at com.kms.katalon.core.main.ScriptEngine.run(ScriptEngine.java:194)
	at com.kms.katalon.core.main.ScriptEngine.runScriptAsRawText(ScriptEngine.java:119)
	at com.kms.katalon.core.main.TestCaseExecutor.runScript(TestCaseExecutor.java:445)
	at com.kms.katalon.core.main.TestCaseExecutor.doExecute(TestCaseExecutor.java:436)
	at com.kms.katalon.core.main.TestCaseExecutor.processExecutionPhase(TestCaseExecutor.java:415)
	at com.kms.katalon.core.main.TestCaseExecutor.accessMainPhase(TestCaseExecutor.java:407)
	at com.kms.katalon.core.main.TestCaseExecutor.execute(TestCaseExecutor.java:284)
	at com.kms.katalon.core.common.CommonExecutor.accessTestCaseMainPhase(CommonExecutor.java:65)
	at com.kms.katalon.core.main.TestSuiteExecutor.accessTestSuiteMainPhase(TestSuiteExecutor.java:144)
	at com.kms.katalon.core.main.TestSuiteExecutor.execute(TestSuiteExecutor.java:106)
	at com.kms.katalon.core.main.TestCaseMain.startTestSuite(TestCaseMain.java:185)
	at com.kms.katalon.core.main.TestCaseMain$startTestSuite$0.call(Unknown Source)
	at TempTestSuite1654791082081.run(TempTestSuite1654791082081.groovy:36)
Caused by: com.kms.katalon.core.webui.exception.WebElementNotFoundException: Web element with id: 'Object Repository/1. Constant/xpath' located by '//*[@id="kt_content"]/div[3]/div/div[2]/div[1]/div[2]/span/div/button' not found
	at com.kms.katalon.core.webui.common.WebUiCommonHelper.findWebElement(WebUiCommonHelper.java:1370)
	at com.kms.katalon.core.webui.keyword.internal.WebUIAbstractKeyword.findWebElement(WebUIAbstractKeyword.groovy:27)
	at com.kms.katalon.core.webui.keyword.builtin.ClickKeyword$_click_closure1.doCall(ClickKeyword.groovy:65)
	at com.kms.katalon.core.webui.keyword.builtin.ClickKeyword$_click_closure1.call(ClickKeyword.groovy)
	at com.kms.katalon.core.webui.keyword.internal.WebUIKeywordMain.runKeyword(WebUIKeywordMain.groovy:20)
	at com.kms.katalon.core.webui.keyword.builtin.ClickKeyword.click(ClickKeyword.groovy:74)
	at com.kms.katalon.core.webui.keyword.builtin.ClickKeyword.execute(ClickKeyword.groovy:40)
	at com.kms.katalon.core.keyword.internal.KeywordExecutor.executeKeywordForPlatform(KeywordExecutor.groovy:74)
	at com.kms.katalon.core.webui.keyword.WebUiBuiltInKeywords.click(WebUiBuiltInKeywords.groovy:620)
	at com.kms.katalon.core.webui.keyword.WebUiBuiltInKeywords$click$4.call(Unknown Source)
	at Script1653655708433.run(Script1653655708433.groovy:70)
	... 13 more
)

2022-06-09 22:12:58 - [MESSAGE][INFO] - Unable to find the element located by 'By.xpath: //*[@id="kt_content"]/div[3]/div/div[2]/div[1]/div[2]/span/div/button'. Please recheck the objects properties to make sure the desired element is located. 

2022-06-09 22:12:58 - [MESSAGE][FAILED] - Unable to click on object 'Object Repository/1. Constant/xpath' (Root cause: com.kms.katalon.core.exception.StepFailedException: Unable to click on object 'Object Repository/1. Constant/xpath'
	at com.kms.katalon.core.webui.keyword.internal.WebUIKeywordMain.stepFailed(WebUIKeywordMain.groovy:64)
	at com.kms.katalon.core.webui.keyword.internal.WebUIKeywordMain.runKeyword(WebUIKeywordMain.groovy:26)
	at com.kms.katalon.core.webui.keyword.builtin.ClickKeyword.click(ClickKeyword.groovy:74)
	at com.kms.katalon.core.webui.keyword.builtin.ClickKeyword.execute(ClickKeyword.groovy:40)
	at com.kms.katalon.core.keyword.internal.KeywordExecutor.executeKeywordForPlatform(KeywordExecutor.groovy:74)
	at com.kms.katalon.core.webui.keyword.WebUiBuiltInKeywords.click(WebUiBuiltInKeywords.groovy:620)
	at com.kms.katalon.core.webui.keyword.WebUiBuiltInKeywords$click$4.call(Unknown Source)
	at 20.12 NPP Duplication Shortcut In this Project_Content Source Text - Used 20.08 _20.11 P8.run(20.12 NPP Duplication Shortcut In this Project_Content Source Text - Used 20.08 _20.11 P8:70)
	at com.kms.katalon.core.main.ScriptEngine.run(ScriptEngine.java:194)
	at com.kms.katalon.core.main.ScriptEngine.runScriptAsRawText(ScriptEngine.java:119)
	at com.kms.katalon.core.main.TestCaseExecutor.runScript(TestCaseExecutor.java:445)
	at com.kms.katalon.core.main.TestCaseExecutor.doExecute(TestCaseExecutor.java:436)
	at com.kms.katalon.core.main.TestCaseExecutor.processExecutionPhase(TestCaseExecutor.java:415)
	at com.kms.katalon.core.main.TestCaseExecutor.accessMainPhase(TestCaseExecutor.java:407)
	at com.kms.katalon.core.main.TestCaseExecutor.execute(TestCaseExecutor.java:284)
	at com.kms.katalon.core.common.CommonExecutor.accessTestCaseMainPhase(CommonExecutor.java:65)
	at com.kms.katalon.core.main.TestSuiteExecutor.accessTestSuiteMainPhase(TestSuiteExecutor.java:144)
	at com.kms.katalon.core.main.TestSuiteExecutor.execute(TestSuiteExecutor.java:106)
	at com.kms.katalon.core.main.TestCaseMain.startTestSuite(TestCaseMain.java:185)
	at com.kms.katalon.core.main.TestCaseMain$startTestSuite$0.call(Unknown Source)
	at TempTestSuite1654791082081.run(TempTestSuite1654791082081.groovy:36)
Caused by: com.kms.katalon.core.webui.exception.WebElementNotFoundException: Web element with id: 'Object Repository/1. Constant/xpath' located by '//*[@id="kt_content"]/div[3]/div/div[2]/div[1]/div[2]/span/div/button' not found
	at com.kms.katalon.core.webui.common.WebUiCommonHelper.findWebElement(WebUiCommonHelper.java:1370)
	at com.kms.katalon.core.webui.keyword.internal.WebUIAbstractKeyword.findWebElement(WebUIAbstractKeyword.groovy:27)
	at com.kms.katalon.core.webui.keyword.builtin.ClickKeyword$_click_closure1.doCall(ClickKeyword.groovy:65)
	at com.kms.katalon.core.webui.keyword.builtin.ClickKeyword$_click_closure1.call(ClickKeyword.groovy)
	at com.kms.katalon.core.webui.keyword.internal.WebUIKeywordMain.runKeyword(WebUIKeywordMain.groovy:20)
	at com.kms.katalon.core.webui.keyword.builtin.ClickKeyword.click(ClickKeyword.groovy:74)
	at com.kms.katalon.core.webui.keyword.builtin.ClickKeyword.execute(ClickKeyword.groovy:40)
	at com.kms.katalon.core.keyword.internal.KeywordExecutor.executeKeywordForPlatform(KeywordExecutor.groovy:74)
	at com.kms.katalon.core.webui.keyword.WebUiBuiltInKeywords.click(WebUiBuiltInKeywords.groovy:620)
	at com.kms.katalon.core.webui.keyword.WebUiBuiltInKeywords$click$4.call(Unknown Source)
	at Script1653655708433.run(Script1653655708433.groovy:70)
	... 13 more
)
[[ATTACHMENT|D:\\Projet Test Auto\\Mediabox Test Automation\\Reports\\20220609_181011\\03. Parallel Testing (Testing)\\TS -PT PART 3\\15.02 NPP Duplication Shortcut (Translation Ref) -Part 1\\20220609_181122\\1654805578344.png]]

2022-06-09 22:12:58 - [TEST_STEP][PASSED] - Start listener action : sampleAfterTestCase: null]]></system-out>
         <system-err><![CDATA[2022-06-09 22:11:31 - [TEST_CASE][FAILED] - Test Cases/20. Sephora_NPP Duplication Standard_ Duplication Shortcut/20.12 NPP Duplication Shortcut In this Project_Content Source Text - Used 20.08 _20.11 P8: Test Cases/20. Sephora_NPP Duplication Standard_ Duplication Shortcut/20.12 NPP Duplication Shortcut In this Project_Content Source Text - Used 20.08 _20.11 P8 FAILED.
Reason:
com.kms.katalon.core.exception.StepFailedException: Unable to click on object 'Object Repository/1. Constant/xpath'
	at com.kms.katalon.core.webui.keyword.internal.WebUIKeywordMain.stepFailed(WebUIKeywordMain.groovy:64)
	at com.kms.katalon.core.webui.keyword.internal.WebUIKeywordMain.runKeyword(WebUIKeywordMain.groovy:26)
	at com.kms.katalon.core.webui.keyword.builtin.ClickKeyword.click(ClickKeyword.groovy:74)
	at com.kms.katalon.core.webui.keyword.builtin.ClickKeyword.execute(ClickKeyword.groovy:40)
	at com.kms.katalon.core.keyword.internal.KeywordExecutor.executeKeywordForPlatform(KeywordExecutor.groovy:74)
	at com.kms.katalon.core.webui.keyword.WebUiBuiltInKeywords.click(WebUiBuiltInKeywords.groovy:620)
	at com.kms.katalon.core.webui.keyword.WebUiBuiltInKeywords$click$4.call(Unknown Source)
	at 20.12 NPP Duplication Shortcut In this Project_Content Source Text - Used 20.08 _20.11 P8.run(20.12 NPP Duplication Shortcut In this Project_Content Source Text - Used 20.08 _20.11 P8:70)
	at com.kms.katalon.core.main.ScriptEngine.run(ScriptEngine.java:194)
	at com.kms.katalon.core.main.ScriptEngine.runScriptAsRawText(ScriptEngine.java:119)
	at com.kms.katalon.core.main.TestCaseExecutor.runScript(TestCaseExecutor.java:445)
	at com.kms.katalon.core.main.TestCaseExecutor.doExecute(TestCaseExecutor.java:436)
	at com.kms.katalon.core.main.TestCaseExecutor.processExecutionPhase(TestCaseExecutor.java:415)
	at com.kms.katalon.core.main.TestCaseExecutor.accessMainPhase(TestCaseExecutor.java:407)
	at com.kms.katalon.core.main.TestCaseExecutor.execute(TestCaseExecutor.java:284)
	at com.kms.katalon.core.common.CommonExecutor.accessTestCaseMainPhase(CommonExecutor.java:65)
	at com.kms.katalon.core.main.TestSuiteExecutor.accessTestSuiteMainPhase(TestSuiteExecutor.java:144)
	at com.kms.katalon.core.main.TestSuiteExecutor.execute(TestSuiteExecutor.java:106)
	at com.kms.katalon.core.main.TestCaseMain.startTestSuite(TestCaseMain.java:185)
	at com.kms.katalon.core.main.TestCaseMain$startTestSuite$0.call(Unknown Source)
	at TempTestSuite1654791082081.run(TempTestSuite1654791082081.groovy:36)
Caused by: com.kms.katalon.core.webui.exception.WebElementNotFoundException: Web element with id: 'Object Repository/1. Constant/xpath' located by '//*[@id="kt_content"]/div[3]/div/div[2]/div[1]/div[2]/span/div/button' not found
	at com.kms.katalon.core.webui.common.WebUiCommonHelper.findWebElement(WebUiCommonHelper.java:1370)
	at com.kms.katalon.core.webui.keyword.internal.WebUIAbstractKeyword.findWebElement(WebUIAbstractKeyword.groovy:27)
	at com.kms.katalon.core.webui.keyword.builtin.ClickKeyword$_click_closure1.doCall(ClickKeyword.groovy:65)
	at com.kms.katalon.core.webui.keyword.builtin.ClickKeyword$_click_closure1.call(ClickKeyword.groovy)
	at com.kms.katalon.core.webui.keyword.internal.WebUIKeywordMain.runKeyword(WebUIKeywordMain.groovy:20)
	... 19 more]]></system-err>
      </testcase>
      <testcase name="Test Cases/20. Sephora_NPP Duplication Standard_ Duplication Shortcut/20.13 NPP Duplication Shortcut In this Project _Content template - Used 16.08_20.08 P9" time="212.708" classname="Test Cases/20. Sephora_NPP Duplication Standard_ Duplication Shortcut/20.13 NPP Duplication Shortcut In this Project _Content template - Used 16.08_20.08 P9" status="PASSED">
         <system-out><![CDATA[2022-06-09 22:12:58 - [TEST_CASE][PASSED] - Test Cases/20. Sephora_NPP Duplication Standard_ Duplication Shortcut/20.13 NPP Duplication Shortcut In this Project _Content template - Used 16.08_20.08 P9: Test Cases/20. Sephora_NPP Duplication Standard_ Duplication Shortcut/20.13 NPP Duplication Shortcut In this Project _Content template - Used 16.08_20.08 P9

2022-06-09 22:12:59 - [TEST_STEP][PASSED] - data_Npp = findTestData("Data Files/Username_Password/Npp"): null

2022-06-09 22:12:59 - [TEST_STEP][PASSED] - password_ncur = data_Npp.getValue(2, 1): null

2022-06-09 22:12:59 - [TEST_STEP][PASSED] - password_akim = data_Npp.getValue(2, 2): null

2022-06-09 22:12:59 - [TEST_STEP][PASSED] - data_urlRELAUTO = findTestData("Data Files/URL/URL_relauto"): null

2022-06-09 22:12:59 - [TEST_STEP][PASSED] - Url_Npp = data_urlRELAUTO.getValue(2, 5): null

2022-06-09 22:12:59 - [TEST_STEP][PASSED] - Project_No = I.readnotepad("D:\Upoad_File\Projet_ Login\NPP\16.08\16.08_NPP_ProjectNo.txt"): null

2022-06-09 22:12:59 - [TEST_STEP][PASSED] - refID = I.readnotepad("D:\Upoad_File\Projet_ Login\NPP\16.08\16.08_NPP_refID.txt"): null

2022-06-09 22:12:59 - [TEST_STEP][PASSED] - openBrowser(Url_Npp): Browser is opened with url: ' http://mdb-release.diadeis.lan/MediaboxIndependence/?MBI_datasource=RELTESTAUTO_NPP'

2022-06-09 22:12:59 - [MESSAGE][WARNING] - A browser is already opened. Closing browser and opening a new one

2022-06-09 22:13:00 - [MESSAGE][INFO] - Starting 'Chrome (headless)' driver

2022-06-09 22:13:00 - [MESSAGE][INFO] - User set preference: ['args', '[--window-size=1920,1080, --headless]']

2022-06-09 22:13:00 - [MESSAGE][INFO] - Action delay is set to 0 milliseconds

2022-06-09 22:13:05 - [MESSAGE][PASSED] - Browser is opened with url: ' http://mdb-release.diadeis.lan/MediaboxIndependence/?MBI_datasource=RELTESTAUTO_NPP'

2022-06-09 22:13:05 - [TEST_STEP][PASSED] - maximizeWindow(): Current window maximized

2022-06-09 22:13:05 - [MESSAGE][PASSED] - Current window maximized

2022-06-09 22:13:05 - [TEST_STEP][PASSED] - takeScreenshot(): Taking screenshot successfully

2022-06-09 22:13:05 - [MESSAGE][PASSED] - Taking screenshot successfully
[[ATTACHMENT|D:\\Projet Test Auto\\Mediabox Test Automation\\Reports\\20220609_181011\\03. Parallel Testing (Testing)\\TS -PT PART 3\\15.02 NPP Duplication Shortcut (Translation Ref) -Part 1\\20220609_181122\\1654805585230.png]]

2022-06-09 22:13:05 - [TEST_STEP][PASSED] - I.Login_password("ncur", password_ncur): Object: 'Object Repository/1. Constant/xpath' is clicked on

2022-06-09 22:13:05 - [MESSAGE][PASSED] - Text 'ncur' is set on object 'Object Repository/1. Constant/xpath'

2022-06-09 22:13:06 - [MESSAGE][PASSED] - Delayed 1 second(s)

2022-06-09 22:13:07 - [MESSAGE][PASSED] - Text 'dchi' is set on object 'Object Repository/1. Constant/xpath'

2022-06-09 22:13:08 - [MESSAGE][PASSED] - Delayed 1 second(s)

2022-06-09 22:13:13 - [MESSAGE][PASSED] - Object: 'Object Repository/1. Constant/xpath' is clicked on

2022-06-09 22:13:13 - [TEST_STEP][PASSED] - takeScreenshot(): Taking screenshot successfully

2022-06-09 22:13:14 - [MESSAGE][PASSED] - Taking screenshot successfully
[[ATTACHMENT|D:\\Projet Test Auto\\Mediabox Test Automation\\Reports\\20220609_181011\\03. Parallel Testing (Testing)\\TS -PT PART 3\\15.02 NPP Duplication Shortcut (Translation Ref) -Part 1\\20220609_181122\\1654805593890.png]]

2022-06-09 22:13:14 - [TEST_STEP][PASSED] - click(findTestObject("1. Constant/02_LHSMenu_Projects")): Object: 'Object Repository/1. Constant/02_LHSMenu_Projects' is clicked on

2022-06-09 22:13:29 - [MESSAGE][PASSED] - Object: 'Object Repository/1. Constant/02_LHSMenu_Projects' is clicked on

2022-06-09 22:13:29 - [TEST_STEP][PASSED] - I.SearchProjectNo_xpath(Project_No, "//*[@id="keynum_project"]", "//*[@id="form_filters"]/div[9]/button"): Delayed 5 second(s)

2022-06-09 22:13:30 - [MESSAGE][PASSED] - Delayed 1 second(s)

2022-06-09 22:13:30 - [MESSAGE][PASSED] - Text 'MI001071' is set on object 'Object Repository/1. Constant/xpath'

2022-06-09 22:13:33 - [MESSAGE][PASSED] - Delayed 3 second(s)

2022-06-09 22:13:33 - [MESSAGE][PASSED] - Scroll to object 'Object Repository/1. Constant/xpath' successfully

2022-06-09 22:13:37 - [MESSAGE][PASSED] - Object: 'Object Repository/1. Constant/xpath' is clicked on

2022-06-09 22:13:42 - [MESSAGE][PASSED] - Delayed 5 second(s)

2022-06-09 22:13:42 - [TEST_STEP][PASSED] - delay(1): Delayed 1 second(s)

2022-06-09 22:13:43 - [MESSAGE][PASSED] - Delayed 1 second(s)

2022-06-09 22:13:43 - [TEST_STEP][PASSED] - click(findTestObject("1. Constant/xpath", ["xpath":"//*[@id="kt_content"]/div[3]/div/div[2]/div[1]/div[2]/span/div/button"])): Object: 'Object Repository/1. Constant/xpath' is clicked on

2022-06-09 22:13:43 - [MESSAGE][PASSED] - Object: 'Object Repository/1. Constant/xpath' is clicked on

2022-06-09 22:13:43 - [TEST_STEP][PASSED] - delay(1): Delayed 1 second(s)

2022-06-09 22:13:44 - [MESSAGE][PASSED] - Delayed 1 second(s)

2022-06-09 22:13:44 - [TEST_STEP][PASSED] - click(findTestObject("1. Constant/xpath", ["xpath":"//*[@id="btnduplicatereference"]"])): Object: 'Object Repository/1. Constant/xpath' is clicked on

2022-06-09 22:13:44 - [MESSAGE][PASSED] - Object: 'Object Repository/1. Constant/xpath' is clicked on

2022-06-09 22:13:44 - [TEST_STEP][PASSED] - click(findTestObject("1. Constant/xpath", ["xpath":"//*[@id="fiches"]/table/thead/tr/th[1]/label"])): Object: 'Object Repository/1. Constant/xpath' is clicked on

2022-06-09 22:13:45 - [MESSAGE][PASSED] - Object: 'Object Repository/1. Constant/xpath' is clicked on

2022-06-09 22:13:45 - [TEST_STEP][PASSED] - delay(1): Delayed 1 second(s)

2022-06-09 22:13:46 - [MESSAGE][PASSED] - Delayed 1 second(s)

2022-06-09 22:13:46 - [TEST_STEP][PASSED] - click(findTestObject("1. Constant/xpath", ["xpath":"//*[@id="action_btnduplicatereference"]"])): Object: 'Object Repository/1. Constant/xpath' is clicked on

2022-06-09 22:13:48 - [MESSAGE][PASSED] - Object: 'Object Repository/1. Constant/xpath' is clicked on

2022-06-09 22:13:48 - [TEST_STEP][PASSED] - delay(1): Delayed 1 second(s)

2022-06-09 22:13:49 - [MESSAGE][PASSED] - Delayed 1 second(s)

2022-06-09 22:13:49 - [TEST_STEP][PASSED] - takeScreenshot(): Taking screenshot successfully

2022-06-09 22:13:50 - [MESSAGE][PASSED] - Taking screenshot successfully
[[ATTACHMENT|D:\\Projet Test Auto\\Mediabox Test Automation\\Reports\\20220609_181011\\03. Parallel Testing (Testing)\\TS -PT PART 3\\15.02 NPP Duplication Shortcut (Translation Ref) -Part 1\\20220609_181122\\1654805629989.png]]

2022-06-09 22:13:50 - [TEST_STEP][PASSED] - verifyElementNotPresent(findTestObject("1. Constant/xpath", ["xpath":"//*[@id="list_project_type"]/label[2]"]), 2): Web element with id: 'Object Repository/1. Constant/xpath' located by 'By.xpath: //*[@id="list_project_type"]/label[2]' is not present after '2' second(s)

2022-06-09 22:13:50 - [MESSAGE][PASSED] - Web element with id: 'Object Repository/1. Constant/xpath' located by 'By.xpath: //*[@id="list_project_type"]/label[2]' is not present after '2' second(s)

2022-06-09 22:13:50 - [TEST_STEP][PASSED] - click(findTestObject("1. Constant/xpath", ["xpath":"//*[@id="modal_duplicate_reference"]/div/div/div[2]/div/div[8]/div[1]/label[2]"])): Object: 'Object Repository/1. Constant/xpath' is clicked on

2022-06-09 22:13:50 - [MESSAGE][PASSED] - Object: 'Object Repository/1. Constant/xpath' is clicked on

2022-06-09 22:13:50 - [TEST_STEP][PASSED] - I.VerifyMatchText("//*[@id="info_translation_block"]", "This option will duplicate the values from the brief and the source text structure (blocks to translate). The source content and the translations will not be collected."): Actual text 'This option will duplicate the values from the brief and the source text structure (blocks to translate). The source content and the translations will not be collected.' and expected text 'This option will duplicate the values from the brief and the source text structure (blocks to translate). The source content and the translations will not be collected.' are matched 

2022-06-09 22:13:50 - [MESSAGE][PASSED] - Text of object 'Object Repository/1. Constant/xpath' is: 'This option will duplicate the values from the brief and the source text structure (blocks to translate). The source content and the translations will not be collected.'

2022-06-09 22:13:51 - [MESSAGE][PASSED] - Delayed 1 second(s)

2022-06-09 22:13:51 - [MESSAGE][PASSED] - Actual text 'This option will duplicate the values from the brief and the source text structure (blocks to translate). The source content and the translations will not be collected.' and expected text 'This option will duplicate the values from the brief and the source text structure (blocks to translate). The source content and the translations will not be collected.' are matched 

2022-06-09 22:13:51 - [TEST_STEP][PASSED] - I.VerifyMatchText("//*[@id="list_project_type"]/label", "Duplicate into a new LSS version"): Actual text 'Duplicate into a new LSS version' and expected text 'Duplicate into a new LSS version' are matched 

2022-06-09 22:13:51 - [MESSAGE][PASSED] - Text of object 'Object Repository/1. Constant/xpath' is: 'Duplicate into a new LSS version'

2022-06-09 22:13:52 - [MESSAGE][PASSED] - Delayed 1 second(s)

2022-06-09 22:13:52 - [MESSAGE][PASSED] - Actual text 'Duplicate into a new LSS version' and expected text 'Duplicate into a new LSS version' are matched 

2022-06-09 22:13:52 - [TEST_STEP][PASSED] - No_Reftemplate = getNumberOfTotalOption(findTestObject("1. Constant/xpath", ["xpath":"//*[@id="ref_tpl7"]"])): 1 options of object 'Object Repository/1. Constant/xpath' counted

2022-06-09 22:13:52 - [MESSAGE][PASSED] - 1 options of object 'Object Repository/1. Constant/xpath' counted

2022-06-09 22:13:52 - [TEST_STEP][PASSED] - verifyEqual(No_Reftemplate, "1"): Actual object '1' and expected object '1' are equal

2022-06-09 22:13:52 - [MESSAGE][PASSED] - Actual object '1' and expected object '1' are equal

2022-06-09 22:13:52 - [TEST_STEP][PASSED] - I.VerifyMatchText("//*[@id="select2-ref_tpl7-container"]", "LSS Reference"): Actual text 'LSS Reference' and expected text 'LSS Reference' are matched 

2022-06-09 22:13:52 - [MESSAGE][PASSED] - Text of object 'Object Repository/1. Constant/xpath' is: 'LSS Reference'

2022-06-09 22:13:53 - [MESSAGE][PASSED] - Delayed 1 second(s)

2022-06-09 22:13:53 - [MESSAGE][PASSED] - Actual text 'LSS Reference' and expected text 'LSS Reference' are matched 

2022-06-09 22:13:53 - [TEST_STEP][PASSED] - No_lifetemplate = getNumberOfTotalOption(findTestObject("1. Constant/xpath", ["xpath":"//*[@id="lfc_tpl7"]"])): 5 options of object 'Object Repository/1. Constant/xpath' counted

2022-06-09 22:13:54 - [MESSAGE][PASSED] - 5 options of object 'Object Repository/1. Constant/xpath' counted

2022-06-09 22:13:54 - [TEST_STEP][PASSED] - verifyEqual(No_lifetemplate, "5"): Actual object '5' and expected object '5' are equal

2022-06-09 22:13:54 - [MESSAGE][PASSED] - Actual object '5' and expected object '5' are equal

2022-06-09 22:13:54 - [TEST_STEP][PASSED] - I.VerifyMatchText("//*[@id="select2-lfc_tpl7-container"]", "LSS Lifecycle (3)"): Actual text 'LSS Lifecycle (3)' and expected text 'LSS Lifecycle (3)' are matched 

2022-06-09 22:13:54 - [MESSAGE][PASSED] - Text of object 'Object Repository/1. Constant/xpath' is: 'LSS Lifecycle (3)'

2022-06-09 22:13:55 - [MESSAGE][PASSED] - Delayed 1 second(s)

2022-06-09 22:13:55 - [MESSAGE][PASSED] - Actual text 'LSS Lifecycle (3)' and expected text 'LSS Lifecycle (3)' are matched 

2022-06-09 22:13:55 - [TEST_STEP][PASSED] - click(findTestObject("1. Constant/xpath", ["xpath":"//*[@id="btn_submit_duplication"]"])): Object: 'Object Repository/1. Constant/xpath' is clicked on

2022-06-09 22:14:03 - [MESSAGE][PASSED] - Object: 'Object Repository/1. Constant/xpath' is clicked on

2022-06-09 22:14:03 - [TEST_STEP][PASSED] - I.VerifyMatchText("//*[@id="kt_content"]/div[3]/div/div[2]/div[1]/div[1]/h1/span", "3"): Actual text '3' and expected text '3' are matched 

2022-06-09 22:14:03 - [MESSAGE][PASSED] - Text of object 'Object Repository/1. Constant/xpath' is: '3'

2022-06-09 22:14:04 - [MESSAGE][PASSED] - Delayed 1 second(s)

2022-06-09 22:14:04 - [MESSAGE][PASSED] - Actual text '3' and expected text '3' are matched 

2022-06-09 22:14:04 - [TEST_STEP][PASSED] - click(findTestObject("1. Constant/xpath", ["xpath":"//*[@id="fiches"]/table/tbody/tr[3]/td[5]/a"])): Object: 'Object Repository/1. Constant/xpath' is clicked on

2022-06-09 22:14:07 - [MESSAGE][PASSED] - Object: 'Object Repository/1. Constant/xpath' is clicked on

2022-06-09 22:14:07 - [TEST_STEP][PASSED] - delay(1): Delayed 1 second(s)

2022-06-09 22:14:08 - [MESSAGE][PASSED] - Delayed 1 second(s)

2022-06-09 22:14:08 - [TEST_STEP][PASSED] - refid2 = I.RefID_Npp(): Current window's url is: 'http://mdb-release.diadeis.lan/MediaboxIndependence/Base/ExecAction?action=VoirRef&IDSession=MBI!RELTESTAUTO_NPP!VKKDKM05KYYBKVK1BKCRBCD1W57GMJ1E2ZP017EC&num=UBDEBN189S&id_ref=1058039'

2022-06-09 22:14:13 - [MESSAGE][PASSED] - Delayed 5 second(s)

2022-06-09 22:14:13 - [MESSAGE][PASSED] - Current window's url is: 'http://mdb-release.diadeis.lan/MediaboxIndependence/Base/ExecAction?action=VoirRef&IDSession=MBI!RELTESTAUTO_NPP!VKKDKM05KYYBKVK1BKCRBCD1W57GMJ1E2ZP017EC&num=UBDEBN189S&id_ref=1058039'

2022-06-09 22:14:13 - [TEST_STEP][PASSED] - click(findTestObject("1. Constant/xpath", ["xpath":"//*[@id="aff_full_brief"]"])): Object: 'Object Repository/1. Constant/xpath' is clicked on

2022-06-09 22:14:14 - [MESSAGE][PASSED] - Object: 'Object Repository/1. Constant/xpath' is clicked on

2022-06-09 22:14:14 - [TEST_STEP][PASSED] - delay(1): Delayed 1 second(s)

2022-06-09 22:14:15 - [MESSAGE][PASSED] - Delayed 1 second(s)

2022-06-09 22:14:15 - [TEST_STEP][PASSED] - I.VerifyMatchText("//*[@id="var_107"]", "Litter"): Actual text 'Litter' and expected text 'Litter' are matched 

2022-06-09 22:14:16 - [MESSAGE][PASSED] - Text of object 'Object Repository/1. Constant/xpath' is: 'Litter'

2022-06-09 22:14:17 - [MESSAGE][PASSED] - Delayed 1 second(s)

2022-06-09 22:14:17 - [MESSAGE][PASSED] - Actual text 'Litter' and expected text 'Litter' are matched 

2022-06-09 22:14:17 - [TEST_STEP][PASSED] - I.VerifyMatchText("//*[@id="var_108"]", "Clumping clay" + "
" + "Corn"): Actual text 'Clumping clay
Corn' and expected text 'Clumping clay
Corn' are matched 

2022-06-09 22:14:17 - [MESSAGE][PASSED] - Text of object 'Object Repository/1. Constant/xpath' is: 'Clumping clay
Corn'

2022-06-09 22:14:18 - [MESSAGE][PASSED] - Delayed 1 second(s)

2022-06-09 22:14:18 - [MESSAGE][PASSED] - Actual text 'Clumping clay
Corn' and expected text 'Clumping clay
Corn' are matched 

2022-06-09 22:14:18 - [TEST_STEP][PASSED] - I.VerifyMatchText("//*[@id="var_110"]", "Variety test"): Actual text 'Variety test' and expected text 'Variety test' are matched 

2022-06-09 22:14:18 - [MESSAGE][PASSED] - Text of object 'Object Repository/1. Constant/xpath' is: 'Variety test'

2022-06-09 22:14:19 - [MESSAGE][PASSED] - Delayed 1 second(s)

2022-06-09 22:14:19 - [MESSAGE][PASSED] - Actual text 'Variety test' and expected text 'Variety test' are matched 

2022-06-09 22:14:19 - [TEST_STEP][PASSED] - I.VerifyMatchText("//*[@id="var_133"]", "Alternative Format code test"): Actual text 'Alternative Format code test' and expected text 'Alternative Format code test' are matched 

2022-06-09 22:14:19 - [MESSAGE][PASSED] - Text of object 'Object Repository/1. Constant/xpath' is: 'Alternative Format code test'

2022-06-09 22:14:20 - [MESSAGE][PASSED] - Delayed 1 second(s)

2022-06-09 22:14:20 - [MESSAGE][PASSED] - Actual text 'Alternative Format code test' and expected text 'Alternative Format code test' are matched 

2022-06-09 22:14:20 - [TEST_STEP][PASSED] - I.VerifyMatchText("//*[@id="var_65"]", "FORMAT Product designation test"): Actual text 'FORMAT Product designation test' and expected text 'FORMAT Product designation test' are matched 

2022-06-09 22:14:20 - [MESSAGE][PASSED] - Text of object 'Object Repository/1. Constant/xpath' is: 'FORMAT Product designation test'

2022-06-09 22:14:21 - [MESSAGE][PASSED] - Delayed 1 second(s)

2022-06-09 22:14:21 - [MESSAGE][PASSED] - Actual text 'FORMAT Product designation test' and expected text 'FORMAT Product designation test' are matched 

2022-06-09 22:14:21 - [TEST_STEP][PASSED] - I.VerifyMatchText("//*[@id="var_103"]", "SAP Designation test > https://www.google.com/"): Actual text 'SAP Designation test > https://www.google.com/' and expected text 'SAP Designation test > https://www.google.com/' are matched 

2022-06-09 22:14:21 - [MESSAGE][PASSED] - Text of object 'Object Repository/1. Constant/xpath' is: 'SAP Designation test > https://www.google.com/'

2022-06-09 22:14:22 - [MESSAGE][PASSED] - Delayed 1 second(s)

2022-06-09 22:14:22 - [MESSAGE][PASSED] - Actual text 'SAP Designation test > https://www.google.com/' and expected text 'SAP Designation test > https://www.google.com/' are matched 

2022-06-09 22:14:22 - [TEST_STEP][PASSED] - I.VerifyMatchText("//*[@id="var_139"]", "Claim Substantiation Project Link > https://www.google.com/"): Actual text 'Claim Substantiation Project Link > https://www.google.com/' and expected text 'Claim Substantiation Project Link > https://www.google.com/' are matched 

2022-06-09 22:14:22 - [MESSAGE][PASSED] - Text of object 'Object Repository/1. Constant/xpath' is: 'Claim Substantiation Project Link > https://www.google.com/'

2022-06-09 22:14:23 - [MESSAGE][PASSED] - Delayed 1 second(s)

2022-06-09 22:14:23 - [MESSAGE][PASSED] - Actual text 'Claim Substantiation Project Link > https://www.google.com/' and expected text 'Claim Substantiation Project Link > https://www.google.com/' are matched 

2022-06-09 22:14:23 - [TEST_STEP][PASSED] - I.VerifyMatchText("//*[@id="var_160"]", "Grading standard link > test"): Actual text 'Grading standard link > test' and expected text 'Grading standard link > test' are matched 

2022-06-09 22:14:23 - [MESSAGE][PASSED] - Text of object 'Object Repository/1. Constant/xpath' is: 'Grading standard link > test'

2022-06-09 22:14:24 - [MESSAGE][PASSED] - Delayed 1 second(s)

2022-06-09 22:14:24 - [MESSAGE][PASSED] - Actual text 'Grading standard link > test' and expected text 'Grading standard link > test' are matched 

2022-06-09 22:14:24 - [TEST_STEP][PASSED] - I.VerifyMatchText("//*[@id="var_62"]", "DPET > test"): Actual text 'DPET > test' and expected text 'DPET > test' are matched 

2022-06-09 22:14:24 - [MESSAGE][PASSED] - Text of object 'Object Repository/1. Constant/xpath' is: 'DPET > test'

2022-06-09 22:14:25 - [MESSAGE][PASSED] - Delayed 1 second(s)

2022-06-09 22:14:26 - [MESSAGE][PASSED] - Actual text 'DPET > test' and expected text 'DPET > test' are matched 

2022-06-09 22:14:26 - [TEST_STEP][PASSED] - I.VerifyMatchText("//*[@id="var_90"]", "Project name > test"): Actual text 'Project name > test' and expected text 'Project name > test' are matched 

2022-06-09 22:14:26 - [MESSAGE][PASSED] - Text of object 'Object Repository/1. Constant/xpath' is: 'Project name > test'

2022-06-09 22:14:27 - [MESSAGE][PASSED] - Delayed 1 second(s)

2022-06-09 22:14:27 - [MESSAGE][PASSED] - Actual text 'Project name > test' and expected text 'Project name > test' are matched 

2022-06-09 22:14:27 - [TEST_STEP][PASSED] - I.VerifyMatchText("//*[@id="var_91"]", "HIP"): Actual text 'HIP' and expected text 'HIP' are matched 

2022-06-09 22:14:27 - [MESSAGE][PASSED] - Text of object 'Object Repository/1. Constant/xpath' is: 'HIP'

2022-06-09 22:14:28 - [MESSAGE][PASSED] - Delayed 1 second(s)

2022-06-09 22:14:28 - [MESSAGE][PASSED] - Actual text 'HIP' and expected text 'HIP' are matched 

2022-06-09 22:14:28 - [TEST_STEP][PASSED] - I.VerifyMatchText("//*[@id="var_71"]", "25/08/2021"): Actual text '25/08/2021' and expected text '25/08/2021' are matched 

2022-06-09 22:14:28 - [MESSAGE][PASSED] - Text of object 'Object Repository/1. Constant/xpath' is: '25/08/2021'

2022-06-09 22:14:29 - [MESSAGE][PASSED] - Delayed 1 second(s)

2022-06-09 22:14:29 - [MESSAGE][PASSED] - Actual text '25/08/2021' and expected text '25/08/2021' are matched 

2022-06-09 22:14:29 - [TEST_STEP][PASSED] - I.VerifyMatchText("//*[@id="var_72"]", "01/12/2021"): Actual text '01/12/2021' and expected text '01/12/2021' are matched 

2022-06-09 22:14:29 - [MESSAGE][PASSED] - Text of object 'Object Repository/1. Constant/xpath' is: '01/12/2021'

2022-06-09 22:14:30 - [MESSAGE][PASSED] - Delayed 1 second(s)

2022-06-09 22:14:30 - [MESSAGE][PASSED] - Actual text '01/12/2021' and expected text '01/12/2021' are matched 

2022-06-09 22:14:30 - [TEST_STEP][PASSED] - I.VerifyMatchText("//*[@id="var_116"]", "01/12/2021"): Actual text '01/12/2021' and expected text '01/12/2021' are matched 

2022-06-09 22:14:30 - [MESSAGE][PASSED] - Text of object 'Object Repository/1. Constant/xpath' is: '01/12/2021'

2022-06-09 22:14:31 - [MESSAGE][PASSED] - Delayed 1 second(s)

2022-06-09 22:14:31 - [MESSAGE][PASSED] - Actual text '01/12/2021' and expected text '01/12/2021' are matched 

2022-06-09 22:14:31 - [TEST_STEP][PASSED] - I.VerifyMatchText("//*[@id="var_89"]", "Project Information - Comments"): Actual text 'Project Information - Comments' and expected text 'Project Information - Comments' are matched 

2022-06-09 22:14:31 - [MESSAGE][PASSED] - Text of object 'Object Repository/1. Constant/xpath' is: 'Project Information - Comments'

2022-06-09 22:14:32 - [MESSAGE][PASSED] - Delayed 1 second(s)

2022-06-09 22:14:32 - [MESSAGE][PASSED] - Actual text 'Project Information - Comments' and expected text 'Project Information - Comments' are matched 

2022-06-09 22:14:32 - [TEST_STEP][PASSED] - I.VerifyMatchText("//*[@id="var_93"]", "Reason for change test"): Actual text 'Reason for change test' and expected text 'Reason for change test' are matched 

2022-06-09 22:14:32 - [MESSAGE][PASSED] - Text of object 'Object Repository/1. Constant/xpath' is: 'Reason for change test'

2022-06-09 22:14:33 - [MESSAGE][PASSED] - Delayed 1 second(s)

2022-06-09 22:14:33 - [MESSAGE][PASSED] - Actual text 'Reason for change test' and expected text 'Reason for change test' are matched 

2022-06-09 22:14:33 - [TEST_STEP][PASSED] - I.VerifyMatchText("//*[@id="var_54"]", "Tidy Cat"): Actual text 'Tidy Cat' and expected text 'Tidy Cat' are matched 

2022-06-09 22:14:33 - [MESSAGE][PASSED] - Text of object 'Object Repository/1. Constant/xpath' is: 'Tidy Cat'

2022-06-09 22:14:34 - [MESSAGE][PASSED] - Delayed 1 second(s)

2022-06-09 22:14:34 - [MESSAGE][PASSED] - Actual text 'Tidy Cat' and expected text 'Tidy Cat' are matched 

2022-06-09 22:14:34 - [TEST_STEP][PASSED] - I.VerifyMatchText("//*[@id="var_106"]", "Tidy Cat - CRYSTALS BLEND"): Actual text 'Tidy Cat - CRYSTALS BLEND' and expected text 'Tidy Cat - CRYSTALS BLEND' are matched 

2022-06-09 22:14:35 - [MESSAGE][PASSED] - Text of object 'Object Repository/1. Constant/xpath' is: 'Tidy Cat - CRYSTALS BLEND'

2022-06-09 22:14:36 - [MESSAGE][PASSED] - Delayed 1 second(s)

2022-06-09 22:14:36 - [MESSAGE][PASSED] - Actual text 'Tidy Cat - CRYSTALS BLEND' and expected text 'Tidy Cat - CRYSTALS BLEND' are matched 

2022-06-09 22:14:36 - [TEST_STEP][PASSED] - I.VerifyMatchText("//*[@id="var_92"]", "Premium"): Actual text 'Premium' and expected text 'Premium' are matched 

2022-06-09 22:14:36 - [MESSAGE][PASSED] - Text of object 'Object Repository/1. Constant/xpath' is: 'Premium'

2022-06-09 22:14:37 - [MESSAGE][PASSED] - Delayed 1 second(s)

2022-06-09 22:14:37 - [MESSAGE][PASSED] - Actual text 'Premium' and expected text 'Premium' are matched 

2022-06-09 22:14:37 - [TEST_STEP][PASSED] - I.VerifyMatchText("//*[@id="var_88"]", "Superfood"): Actual text 'Superfood' and expected text 'Superfood' are matched 

2022-06-09 22:14:37 - [MESSAGE][PASSED] - Text of object 'Object Repository/1. Constant/xpath' is: 'Superfood'

2022-06-09 22:14:38 - [MESSAGE][PASSED] - Delayed 1 second(s)

2022-06-09 22:14:38 - [MESSAGE][PASSED] - Actual text 'Superfood' and expected text 'Superfood' are matched 

2022-06-09 22:14:38 - [TEST_STEP][PASSED] - I.VerifyMatchText("//*[@id="var_86"]", "No color"): Actual text 'No color' and expected text 'No color' are matched 

2022-06-09 22:14:38 - [MESSAGE][PASSED] - Text of object 'Object Repository/1. Constant/xpath' is: 'No color'

2022-06-09 22:14:39 - [MESSAGE][PASSED] - Delayed 1 second(s)

2022-06-09 22:14:39 - [MESSAGE][PASSED] - Actual text 'No color' and expected text 'No color' are matched 

2022-06-09 22:14:39 - [TEST_STEP][PASSED] - I.VerifyMatchText("//*[@id="var_57"]", "Not applicable"): Actual text 'Not applicable' and expected text 'Not applicable' are matched 

2022-06-09 22:14:39 - [MESSAGE][PASSED] - Text of object 'Object Repository/1. Constant/xpath' is: 'Not applicable'

2022-06-09 22:14:40 - [MESSAGE][PASSED] - Delayed 1 second(s)

2022-06-09 22:14:40 - [MESSAGE][PASSED] - Actual text 'Not applicable' and expected text 'Not applicable' are matched 

2022-06-09 22:14:40 - [TEST_STEP][PASSED] - I.VerifyMatchText("//*[@id="var_87"]", "Yes"): Actual text 'Yes' and expected text 'Yes' are matched 

2022-06-09 22:14:41 - [MESSAGE][PASSED] - Text of object 'Object Repository/1. Constant/xpath' is: 'Yes'

2022-06-09 22:14:42 - [MESSAGE][PASSED] - Delayed 1 second(s)

2022-06-09 22:14:42 - [MESSAGE][PASSED] - Actual text 'Yes' and expected text 'Yes' are matched 

2022-06-09 22:14:42 - [TEST_STEP][PASSED] - I.VerifyMatchText("//*[@id="var_109"]", "Complete"): Actual text 'Complete' and expected text 'Complete' are matched 

2022-06-09 22:14:42 - [MESSAGE][PASSED] - Text of object 'Object Repository/1. Constant/xpath' is: 'Complete'

2022-06-09 22:14:43 - [MESSAGE][PASSED] - Delayed 1 second(s)

2022-06-09 22:14:43 - [MESSAGE][PASSED] - Actual text 'Complete' and expected text 'Complete' are matched 

2022-06-09 22:14:43 - [TEST_STEP][PASSED] - I.VerifyMatchText("//*[@id="var_52"]", "Dogs & Cats"): Actual text 'Dogs & Cats' and expected text 'Dogs & Cats' are matched 

2022-06-09 22:14:43 - [MESSAGE][PASSED] - Text of object 'Object Repository/1. Constant/xpath' is: 'Dogs & Cats'

2022-06-09 22:14:44 - [MESSAGE][PASSED] - Delayed 1 second(s)

2022-06-09 22:14:44 - [MESSAGE][PASSED] - Actual text 'Dogs & Cats' and expected text 'Dogs & Cats' are matched 

2022-06-09 22:14:44 - [TEST_STEP][PASSED] - I.VerifyMatchText("//*[@id="var_67"]", "Tidy Cat - Adult"): Actual text 'Tidy Cat - Adult' and expected text 'Tidy Cat - Adult' are matched 

2022-06-09 22:14:44 - [MESSAGE][PASSED] - Text of object 'Object Repository/1. Constant/xpath' is: 'Tidy Cat - Adult'

2022-06-09 22:14:45 - [MESSAGE][PASSED] - Delayed 1 second(s)

2022-06-09 22:14:45 - [MESSAGE][PASSED] - Actual text 'Tidy Cat - Adult' and expected text 'Tidy Cat - Adult' are matched 

2022-06-09 22:14:45 - [TEST_STEP][PASSED] - I.VerifyMatchText("//*[@id="var_140"]", "Light"): Actual text 'Light' and expected text 'Light' are matched 

2022-06-09 22:14:45 - [MESSAGE][PASSED] - Text of object 'Object Repository/1. Constant/xpath' is: 'Light'

2022-06-09 22:14:46 - [MESSAGE][PASSED] - Delayed 1 second(s)

2022-06-09 22:14:46 - [MESSAGE][PASSED] - Actual text 'Light' and expected text 'Light' are matched 

2022-06-09 22:14:46 - [TEST_STEP][PASSED] - I.VerifyMatchText("//*[@id="var_51"]", "All"): Actual text 'All' and expected text 'All' are matched 

2022-06-09 22:14:46 - [MESSAGE][PASSED] - Text of object 'Object Repository/1. Constant/xpath' is: 'All'

2022-06-09 22:14:47 - [MESSAGE][PASSED] - Delayed 1 second(s)

2022-06-09 22:14:47 - [MESSAGE][PASSED] - Actual text 'All' and expected text 'All' are matched 

2022-06-09 22:14:47 - [TEST_STEP][PASSED] - I.VerifyMatchText("//*[@id="var_50"]", "Active"): Actual text 'Active' and expected text 'Active' are matched 

2022-06-09 22:14:47 - [MESSAGE][PASSED] - Text of object 'Object Repository/1. Constant/xpath' is: 'Active'

2022-06-09 22:14:48 - [MESSAGE][PASSED] - Delayed 1 second(s)

2022-06-09 22:14:48 - [MESSAGE][PASSED] - Actual text 'Active' and expected text 'Active' are matched 

2022-06-09 22:14:48 - [TEST_STEP][PASSED] - I.VerifyMatchText("//*[@id="var_64"]", "FR DC SPI Ham" + "
" + "FR PL Montfort"): Actual text 'FR DC SPI Ham
FR PL Montfort' and expected text 'FR DC SPI Ham
FR PL Montfort' are matched 

2022-06-09 22:14:48 - [MESSAGE][PASSED] - Text of object 'Object Repository/1. Constant/xpath' is: 'FR DC SPI Ham
FR PL Montfort'

2022-06-09 22:14:49 - [MESSAGE][PASSED] - Delayed 1 second(s)

2022-06-09 22:14:49 - [MESSAGE][PASSED] - Actual text 'FR DC SPI Ham
FR PL Montfort' and expected text 'FR DC SPI Ham
FR PL Montfort' are matched 

2022-06-09 22:14:49 - [TEST_STEP][PASSED] - I.VerifyMatchText("//*[@id="var_53"]", "FR DC SPI Ham"): Actual text 'FR DC SPI Ham' and expected text 'FR DC SPI Ham' are matched 

2022-06-09 22:14:50 - [MESSAGE][PASSED] - Text of object 'Object Repository/1. Constant/xpath' is: 'FR DC SPI Ham'

2022-06-09 22:14:51 - [MESSAGE][PASSED] - Delayed 1 second(s)

2022-06-09 22:14:51 - [MESSAGE][PASSED] - Actual text 'FR DC SPI Ham' and expected text 'FR DC SPI Ham' are matched 

2022-06-09 22:14:51 - [TEST_STEP][PASSED] - I.VerifyMatchText("//*[@id="var_58"]", "Animal Lovers"): Actual text 'Animal Lovers' and expected text 'Animal Lovers' are matched 

2022-06-09 22:14:51 - [MESSAGE][PASSED] - Text of object 'Object Repository/1. Constant/xpath' is: 'Animal Lovers'

2022-06-09 22:14:52 - [MESSAGE][PASSED] - Delayed 1 second(s)

2022-06-09 22:14:52 - [MESSAGE][PASSED] - Actual text 'Animal Lovers' and expected text 'Animal Lovers' are matched 

2022-06-09 22:14:52 - [TEST_STEP][PASSED] - I.VerifyMatchText("//*[@id="var_59"]", "Deuerer"): Actual text 'Deuerer' and expected text 'Deuerer' are matched 

2022-06-09 22:14:52 - [MESSAGE][PASSED] - Text of object 'Object Repository/1. Constant/xpath' is: 'Deuerer'

2022-06-09 22:14:53 - [MESSAGE][PASSED] - Delayed 1 second(s)

2022-06-09 22:14:53 - [MESSAGE][PASSED] - Actual text 'Deuerer' and expected text 'Deuerer' are matched 

2022-06-09 22:14:53 - [TEST_STEP][PASSED] - I.VerifyMatchText("//*[@id="var_73"]", "Mousse"): Actual text 'Mousse' and expected text 'Mousse' are matched 

2022-06-09 22:14:53 - [MESSAGE][PASSED] - Text of object 'Object Repository/1. Constant/xpath' is: 'Mousse'

2022-06-09 22:14:54 - [MESSAGE][PASSED] - Delayed 1 second(s)

2022-06-09 22:14:54 - [MESSAGE][PASSED] - Actual text 'Mousse' and expected text 'Mousse' are matched 

2022-06-09 22:14:54 - [TEST_STEP][PASSED] - I.VerifyMatchText("//*[@id="var_85"]", "Anna KIM"): Actual text 'Anna KIM' and expected text 'Anna KIM' are matched 

2022-06-09 22:14:54 - [MESSAGE][PASSED] - Text of object 'Object Repository/1. Constant/xpath' is: 'Anna KIM'

2022-06-09 22:14:55 - [MESSAGE][PASSED] - Delayed 1 second(s)

2022-06-09 22:14:55 - [MESSAGE][PASSED] - Actual text 'Anna KIM' and expected text 'Anna KIM' are matched 

2022-06-09 22:14:55 - [TEST_STEP][PASSED] - I.VerifyMatchText("//*[@id="var_82"]", "AnneLise GAUDIN"): Actual text 'AnneLise GAUDIN' and expected text 'AnneLise GAUDIN' are matched 

2022-06-09 22:14:55 - [MESSAGE][PASSED] - Text of object 'Object Repository/1. Constant/xpath' is: 'AnneLise GAUDIN'

2022-06-09 22:14:56 - [MESSAGE][PASSED] - Delayed 1 second(s)

2022-06-09 22:14:56 - [MESSAGE][PASSED] - Actual text 'AnneLise GAUDIN' and expected text 'AnneLise GAUDIN' are matched 

2022-06-09 22:14:56 - [TEST_STEP][PASSED] - I.VerifyMatchText("//*[@id="var_74"]", "Alexandra FRAPPAZ"): Actual text 'Alexandra FRAPPAZ' and expected text 'Alexandra FRAPPAZ' are matched 

2022-06-09 22:14:56 - [MESSAGE][PASSED] - Text of object 'Object Repository/1. Constant/xpath' is: 'Alexandra FRAPPAZ'

2022-06-09 22:14:57 - [MESSAGE][PASSED] - Delayed 1 second(s)

2022-06-09 22:14:57 - [MESSAGE][PASSED] - Actual text 'Alexandra FRAPPAZ' and expected text 'Alexandra FRAPPAZ' are matched 

2022-06-09 22:14:57 - [TEST_STEP][PASSED] - I.VerifyMatchText("//*[@id="var_168"]", "Anastasiia BRAZHNIKOVA PX" + "
" + "Amelia LARKINS" + "
" + "Camille DEMONCHY"): Actual text 'Anastasiia BRAZHNIKOVA PX
Amelia LARKINS
Camille DEMONCHY' and expected text 'Anastasiia BRAZHNIKOVA PX
Amelia LARKINS
Camille DEMONCHY' are matched 

2022-06-09 22:14:58 - [MESSAGE][PASSED] - Text of object 'Object Repository/1. Constant/xpath' is: 'Anastasiia BRAZHNIKOVA PX
Amelia LARKINS
Camille DEMONCHY'

2022-06-09 22:14:59 - [MESSAGE][PASSED] - Delayed 1 second(s)

2022-06-09 22:14:59 - [MESSAGE][PASSED] - Actual text 'Anastasiia BRAZHNIKOVA PX
Amelia LARKINS
Camille DEMONCHY' and expected text 'Anastasiia BRAZHNIKOVA PX
Amelia LARKINS
Camille DEMONCHY' are matched 

2022-06-09 22:14:59 - [TEST_STEP][PASSED] - I.VerifyMatchText("//*[@id="var_60"]", "Adam SVEGAARD (D2D)"): Actual text 'Adam SVEGAARD (D2D)' and expected text 'Adam SVEGAARD (D2D)' are matched 

2022-06-09 22:14:59 - [MESSAGE][PASSED] - Text of object 'Object Repository/1. Constant/xpath' is: 'Adam SVEGAARD (D2D)'

2022-06-09 22:15:00 - [MESSAGE][PASSED] - Delayed 1 second(s)

2022-06-09 22:15:00 - [MESSAGE][PASSED] - Actual text 'Adam SVEGAARD (D2D)' and expected text 'Adam SVEGAARD (D2D)' are matched 

2022-06-09 22:15:00 - [TEST_STEP][PASSED] - I.VerifyMatchText("//*[@id="var_102"]", "Amelie SERMENT"): Actual text 'Amelie SERMENT' and expected text 'Amelie SERMENT' are matched 

2022-06-09 22:15:00 - [MESSAGE][PASSED] - Text of object 'Object Repository/1. Constant/xpath' is: 'Amelie SERMENT'

2022-06-09 22:15:01 - [MESSAGE][PASSED] - Delayed 1 second(s)

2022-06-09 22:15:01 - [MESSAGE][PASSED] - Actual text 'Amelie SERMENT' and expected text 'Amelie SERMENT' are matched 

2022-06-09 22:15:01 - [TEST_STEP][PASSED] - I.VerifyMatchText("//*[@id="var_63"]", "Alexandra SAVREUX (E2E)"): Actual text 'Alexandra SAVREUX (E2E)' and expected text 'Alexandra SAVREUX (E2E)' are matched 

2022-06-09 22:15:01 - [MESSAGE][PASSED] - Text of object 'Object Repository/1. Constant/xpath' is: 'Alexandra SAVREUX (E2E)'

2022-06-09 22:15:02 - [MESSAGE][PASSED] - Delayed 1 second(s)

2022-06-09 22:15:02 - [MESSAGE][PASSED] - Actual text 'Alexandra SAVREUX (E2E)' and expected text 'Alexandra SAVREUX (E2E)' are matched 

2022-06-09 22:15:02 - [TEST_STEP][PASSED] - I.VerifyMatchText("//*[@id="var_161"]", "Ana CHAVES"): Actual text 'Ana CHAVES' and expected text 'Ana CHAVES' are matched 

2022-06-09 22:15:02 - [MESSAGE][PASSED] - Text of object 'Object Repository/1. Constant/xpath' is: 'Ana CHAVES'

2022-06-09 22:15:03 - [MESSAGE][PASSED] - Delayed 1 second(s)

2022-06-09 22:15:03 - [MESSAGE][PASSED] - Actual text 'Ana CHAVES' and expected text 'Ana CHAVES' are matched 

2022-06-09 22:15:03 - [TEST_STEP][PASSED] - I.VerifyMatchText("//*[@id="var_66"]", "No"): Actual text 'No' and expected text 'No' are matched 

2022-06-09 22:15:03 - [MESSAGE][PASSED] - Text of object 'Object Repository/1. Constant/xpath' is: 'No'

2022-06-09 22:15:04 - [MESSAGE][PASSED] - Delayed 1 second(s)

2022-06-09 22:15:04 - [MESSAGE][PASSED] - Actual text 'No' and expected text 'No' are matched 

2022-06-09 22:15:04 - [TEST_STEP][PASSED] - I.VerifyMatchText("//*[@id="var_142"]", "No"): Actual text 'No' and expected text 'No' are matched 

2022-06-09 22:15:04 - [MESSAGE][PASSED] - Text of object 'Object Repository/1. Constant/xpath' is: 'No'

2022-06-09 22:15:05 - [MESSAGE][PASSED] - Delayed 1 second(s)

2022-06-09 22:15:05 - [MESSAGE][PASSED] - Actual text 'No' and expected text 'No' are matched 

2022-06-09 22:15:05 - [TEST_STEP][PASSED] - I.VerifyMatchText("//*[@id="var_143"]", "No"): Actual text 'No' and expected text 'No' are matched 

2022-06-09 22:15:05 - [MESSAGE][PASSED] - Text of object 'Object Repository/1. Constant/xpath' is: 'No'

2022-06-09 22:15:06 - [MESSAGE][PASSED] - Delayed 1 second(s)

2022-06-09 22:15:06 - [MESSAGE][PASSED] - Actual text 'No' and expected text 'No' are matched 

2022-06-09 22:15:06 - [TEST_STEP][PASSED] - I.VerifyMatchText("//*[@id="var_119"]", "LATAM"): Actual text 'LATAM' and expected text 'LATAM' are matched 

2022-06-09 22:15:07 - [MESSAGE][PASSED] - Text of object 'Object Repository/1. Constant/xpath' is: 'LATAM'

2022-06-09 22:15:08 - [MESSAGE][PASSED] - Delayed 1 second(s)

2022-06-09 22:15:08 - [MESSAGE][PASSED] - Actual text 'LATAM' and expected text 'LATAM' are matched 

2022-06-09 22:15:08 - [TEST_STEP][PASSED] - I.VerifyMatchText("//*[@id="var_79"]", "Bag - Woven"): Actual text 'Bag - Woven' and expected text 'Bag - Woven' are matched 

2022-06-09 22:15:08 - [MESSAGE][PASSED] - Text of object 'Object Repository/1. Constant/xpath' is: 'Bag - Woven'

2022-06-09 22:15:09 - [MESSAGE][PASSED] - Delayed 1 second(s)

2022-06-09 22:15:09 - [MESSAGE][PASSED] - Actual text 'Bag - Woven' and expected text 'Bag - Woven' are matched 

2022-06-09 22:15:09 - [TEST_STEP][PASSED] - I.VerifyMatchText("//*[@id="var_78"]", "1.1kg" + "
" + "1.2kg"): Actual text '1.1kg
1.2kg' and expected text '1.1kg
1.2kg' are matched 

2022-06-09 22:15:09 - [MESSAGE][PASSED] - Text of object 'Object Repository/1. Constant/xpath' is: '1.1kg
1.2kg'

2022-06-09 22:15:10 - [MESSAGE][PASSED] - Delayed 1 second(s)

2022-06-09 22:15:10 - [MESSAGE][PASSED] - Actual text '1.1kg
1.2kg' and expected text '1.1kg
1.2kg' are matched 

2022-06-09 22:15:10 - [TEST_STEP][PASSED] - I.VerifyMatchText("//*[@id="var_61"]", "Vet"): Actual text 'Vet' and expected text 'Vet' are matched 

2022-06-09 22:15:10 - [MESSAGE][PASSED] - Text of object 'Object Repository/1. Constant/xpath' is: 'Vet'

2022-06-09 22:15:11 - [MESSAGE][PASSED] - Delayed 1 second(s)

2022-06-09 22:15:11 - [MESSAGE][PASSED] - Actual text 'Vet' and expected text 'Vet' are matched 

2022-06-09 22:15:11 - [TEST_STEP][PASSED] - I.VerifyMatchText("//*[@id="var_104"]", "Albania" + "
" + "Austria"): Actual text 'Albania
Austria' and expected text 'Albania
Austria' are matched 

2022-06-09 22:15:11 - [MESSAGE][PASSED] - Text of object 'Object Repository/1. Constant/xpath' is: 'Albania
Austria'

2022-06-09 22:15:12 - [MESSAGE][PASSED] - Delayed 1 second(s)

2022-06-09 22:15:12 - [MESSAGE][PASSED] - Actual text 'Albania
Austria' and expected text 'Albania
Austria' are matched 

2022-06-09 22:15:12 - [TEST_STEP][PASSED] - I.VerifyMatchText("//*[@id="var_84"]", "Anna KIM"): Actual text 'Anna KIM' and expected text 'Anna KIM' are matched 

2022-06-09 22:15:12 - [MESSAGE][PASSED] - Text of object 'Object Repository/1. Constant/xpath' is: 'Anna KIM'

2022-06-09 22:15:13 - [MESSAGE][PASSED] - Delayed 1 second(s)

2022-06-09 22:15:13 - [MESSAGE][PASSED] - Actual text 'Anna KIM' and expected text 'Anna KIM' are matched 

2022-06-09 22:15:13 - [TEST_STEP][PASSED] - I.VerifyMatchText("//*[@id="var_76"]", "Alexandra FRAPPAZ"): Actual text 'Alexandra FRAPPAZ' and expected text 'Alexandra FRAPPAZ' are matched 

2022-06-09 22:15:13 - [MESSAGE][PASSED] - Text of object 'Object Repository/1. Constant/xpath' is: 'Alexandra FRAPPAZ'

2022-06-09 22:15:14 - [MESSAGE][PASSED] - Delayed 1 second(s)

2022-06-09 22:15:14 - [MESSAGE][PASSED] - Actual text 'Alexandra FRAPPAZ' and expected text 'Alexandra FRAPPAZ' are matched 

2022-06-09 22:15:14 - [TEST_STEP][PASSED] - I.VerifyMatchText("//*[@id="var_56"]", "Amelie SERMENT"): Actual text 'Amelie SERMENT' and expected text 'Amelie SERMENT' are matched 

2022-06-09 22:15:15 - [MESSAGE][PASSED] - Text of object 'Object Repository/1. Constant/xpath' is: 'Amelie SERMENT'

2022-06-09 22:15:16 - [MESSAGE][PASSED] - Delayed 1 second(s)

2022-06-09 22:15:16 - [MESSAGE][PASSED] - Actual text 'Amelie SERMENT' and expected text 'Amelie SERMENT' are matched 

2022-06-09 22:15:16 - [TEST_STEP][PASSED] - I.VerifyMatchText("//*[@id="var_169"]", "Version History"): Actual text 'Version History' and expected text 'Version History' are matched 

2022-06-09 22:15:16 - [MESSAGE][PASSED] - Text of object 'Object Repository/1. Constant/xpath' is: 'Version History'

2022-06-09 22:15:17 - [MESSAGE][PASSED] - Delayed 1 second(s)

2022-06-09 22:15:17 - [MESSAGE][PASSED] - Actual text 'Version History' and expected text 'Version History' are matched 

2022-06-09 22:15:17 - [TEST_STEP][PASSED] - delay(1): Delayed 1 second(s)

2022-06-09 22:15:18 - [MESSAGE][PASSED] - Delayed 1 second(s)

2022-06-09 22:15:18 - [TEST_STEP][PASSED] - click(findTestObject("1. Constant/xpath", ["xpath":"//*[@id="kt_content"]/div[3]/div/ul/li[3]/a"])): Object: 'Object Repository/1. Constant/xpath' is clicked on

2022-06-09 22:15:19 - [MESSAGE][PASSED] - Object: 'Object Repository/1. Constant/xpath' is clicked on

2022-06-09 22:15:19 - [TEST_STEP][PASSED] - delay(1): Delayed 1 second(s)

2022-06-09 22:15:20 - [MESSAGE][PASSED] - Delayed 1 second(s)

2022-06-09 22:15:20 - [TEST_STEP][PASSED] - I.VerifyMatchText("//*[@id="tab_lifecycle"]/div/h3", "LSS Lifecycle (3)"): Actual text 'LSS Lifecycle (3)' and expected text 'LSS Lifecycle (3)' are matched 

2022-06-09 22:15:20 - [MESSAGE][PASSED] - Text of object 'Object Repository/1. Constant/xpath' is: 'LSS Lifecycle (3)'

2022-06-09 22:15:21 - [MESSAGE][PASSED] - Delayed 1 second(s)

2022-06-09 22:15:21 - [MESSAGE][PASSED] - Actual text 'LSS Lifecycle (3)' and expected text 'LSS Lifecycle (3)' are matched 

2022-06-09 22:15:21 - [TEST_STEP][PASSED] - delay(1): Delayed 1 second(s)

2022-06-09 22:15:22 - [MESSAGE][PASSED] - Delayed 1 second(s)

2022-06-09 22:15:22 - [TEST_STEP][PASSED] - click(findTestObject("1. Constant/xpath", ["xpath":"//*[@id="kt_content"]/div[3]/div/ul/li[1]/a"])): Object: 'Object Repository/1. Constant/xpath' is clicked on

2022-06-09 22:15:22 - [MESSAGE][PASSED] - Object: 'Object Repository/1. Constant/xpath' is clicked on

2022-06-09 22:15:22 - [TEST_STEP][PASSED] - delay(1): Delayed 1 second(s)

2022-06-09 22:15:23 - [MESSAGE][PASSED] - Delayed 1 second(s)

2022-06-09 22:15:23 - [TEST_STEP][PASSED] - click(findTestObject("1. Constant/xpath", ["xpath":"//*[@id="aff_text_content_brief"]"])): Object: 'Object Repository/1. Constant/xpath' is clicked on

2022-06-09 22:15:23 - [MESSAGE][PASSED] - Object: 'Object Repository/1. Constant/xpath' is clicked on

2022-06-09 22:15:23 - [TEST_STEP][PASSED] - delay(5): Delayed 5 second(s)

2022-06-09 22:15:28 - [MESSAGE][PASSED] - Delayed 5 second(s)

2022-06-09 22:15:28 - [TEST_STEP][PASSED] - ExpectedValue1 = "Analytical Constituents:" + "
" + "protein: %," + "
" + "fat content: %," + "
" + "crude ash: %," + "
" + "crude fibre: %," + "
" + "omega 6 fatty acids: %.": null

2022-06-09 22:15:28 - [TEST_STEP][PASSED] - ExpectedValue2 = "": null

2022-06-09 22:15:28 - [TEST_STEP][PASSED] - I.Verify_Table_getdata("//*[@id="table_body"]", 0, 15, ExpectedValue1): Actual text 'Analytical Constituents:
protein: %,
fat content: %,
crude ash: %,
crude fibre: %,
omega 6 fatty acids: %.' and expected text 'Analytical Constituents:
protein: %,
fat content: %,
crude ash: %,
crude fibre: %,
omega 6 fatty acids: %.' are matched 

2022-06-09 22:15:29 - [MESSAGE][PASSED] - Actual text 'Analytical Constituents:
protein: %,
fat content: %,
crude ash: %,
crude fibre: %,
omega 6 fatty acids: %.' and expected text 'Analytical Constituents:
protein: %,
fat content: %,
crude ash: %,
crude fibre: %,
omega 6 fatty acids: %.' are matched 

2022-06-09 22:15:29 - [TEST_STEP][PASSED] - I.Verify_Table_getdata("//*[@id="table_body"]", 0, 16, ExpectedValue2): Actual text '' and expected text '' are matched 

2022-06-09 22:15:29 - [MESSAGE][PASSED] - Actual text '' and expected text '' are matched 

2022-06-09 22:15:29 - [TEST_STEP][PASSED] - click(findTestObject("1. Constant/xpath", ["xpath":"//*[@id="aff_phase_brief"]"])): Object: 'Object Repository/1. Constant/xpath' is clicked on

2022-06-09 22:15:30 - [MESSAGE][PASSED] - Object: 'Object Repository/1. Constant/xpath' is clicked on

2022-06-09 22:15:30 - [TEST_STEP][PASSED] - click(findTestObject("1. Constant/xpath", ["xpath":"//*[@id="btn_view_ref_parent"]"])): Object: 'Object Repository/1. Constant/xpath' is clicked on

2022-06-09 22:15:33 - [MESSAGE][PASSED] - Object: 'Object Repository/1. Constant/xpath' is clicked on

2022-06-09 22:15:33 - [TEST_STEP][PASSED] - takeScreenshot(): Taking screenshot successfully

2022-06-09 22:15:33 - [MESSAGE][PASSED] - Taking screenshot successfully
[[ATTACHMENT|D:\\Projet Test Auto\\Mediabox Test Automation\\Reports\\20220609_181011\\03. Parallel Testing (Testing)\\TS -PT PART 3\\15.02 NPP Duplication Shortcut (Translation Ref) -Part 1\\20220609_181122\\1654805733230.png]]

2022-06-09 22:15:33 - [TEST_STEP][PASSED] - delay(1): Delayed 1 second(s)

2022-06-09 22:15:34 - [MESSAGE][PASSED] - Delayed 1 second(s)

2022-06-09 22:15:34 - [TEST_STEP][PASSED] - parent_refid = I.RefID_Npp(): Current window's url is: 'http://mdb-release.diadeis.lan/MediaboxIndependence/Base/ExecAction?action=VoirRef&IDSession=MBI!RELTESTAUTO_NPP!VKKDKM05KYYBKVK1BKCRBCD1W57GMJ1E2ZP017EC&num=N2PGEXSMGM&id_ref=1058030'

2022-06-09 22:15:39 - [MESSAGE][PASSED] - Delayed 5 second(s)

2022-06-09 22:15:39 - [MESSAGE][PASSED] - Current window's url is: 'http://mdb-release.diadeis.lan/MediaboxIndependence/Base/ExecAction?action=VoirRef&IDSession=MBI!RELTESTAUTO_NPP!VKKDKM05KYYBKVK1BKCRBCD1W57GMJ1E2ZP017EC&num=N2PGEXSMGM&id_ref=1058030'

2022-06-09 22:15:39 - [TEST_STEP][PASSED] - verifyNotMatch(parent_refid, refID, false): Actual text '1058030' and expected text '1058' are not matched 

2022-06-09 22:15:39 - [MESSAGE][PASSED] - Actual text '1058030' and expected text '1058' are not matched 

2022-06-09 22:15:39 - [TEST_STEP][PASSED] - I.Logout_xpath("//*[@id="kt_header"]/div/div[2]/div[2]/div[1]/div/span/img", "//*[@id="kt_header"]/div/div[2]/div[2]/div[2]/a[2]"): Wait for page load successfully

2022-06-09 22:15:39 - [MESSAGE][PASSED] - Object: 'Object Repository/1. Constant/xpath' is clicked on

2022-06-09 22:15:40 - [MESSAGE][PASSED] - Delayed 1 second(s)

2022-06-09 22:15:42 - [MESSAGE][PASSED] - Object: 'Object Repository/1. Constant/xpath' is clicked on

2022-06-09 22:15:43 - [MESSAGE][PASSED] - Delayed 1 second(s)

2022-06-09 22:15:43 - [MESSAGE][PASSED] - Wait for page load successfully

2022-06-09 22:15:43 - [TEST_STEP][PASSED] - I.Login_password("akim", password_akim): Object: 'Object Repository/1. Constant/xpath' is clicked on

2022-06-09 22:15:43 - [MESSAGE][PASSED] - Text 'akim' is set on object 'Object Repository/1. Constant/xpath'

2022-06-09 22:15:44 - [MESSAGE][PASSED] - Delayed 1 second(s)

2022-06-09 22:15:44 - [MESSAGE][PASSED] - Text 'dchi' is set on object 'Object Repository/1. Constant/xpath'

2022-06-09 22:15:45 - [MESSAGE][PASSED] - Delayed 1 second(s)

2022-06-09 22:15:48 - [MESSAGE][PASSED] - Object: 'Object Repository/1. Constant/xpath' is clicked on

2022-06-09 22:15:48 - [TEST_STEP][PASSED] - takeScreenshot(): Taking screenshot successfully

2022-06-09 22:15:49 - [MESSAGE][PASSED] - Taking screenshot successfully
[[ATTACHMENT|D:\\Projet Test Auto\\Mediabox Test Automation\\Reports\\20220609_181011\\03. Parallel Testing (Testing)\\TS -PT PART 3\\15.02 NPP Duplication Shortcut (Translation Ref) -Part 1\\20220609_181122\\1654805748744.png]]

2022-06-09 22:15:49 - [TEST_STEP][PASSED] - click(findTestObject("1. Constant/02_LHSMenu_Projects")): Object: 'Object Repository/1. Constant/02_LHSMenu_Projects' is clicked on

2022-06-09 22:15:56 - [MESSAGE][PASSED] - Object: 'Object Repository/1. Constant/02_LHSMenu_Projects' is clicked on

2022-06-09 22:15:56 - [TEST_STEP][PASSED] - I.SearchProjectNo_xpath(Project_No, "//*[@id="keynum_project"]", "//*[@id="form_filters"]/div[20]/button"): Delayed 5 second(s)

2022-06-09 22:15:57 - [MESSAGE][PASSED] - Delayed 1 second(s)

2022-06-09 22:15:57 - [MESSAGE][PASSED] - Text 'MI001071' is set on object 'Object Repository/1. Constant/xpath'

2022-06-09 22:16:00 - [MESSAGE][PASSED] - Delayed 3 second(s)

2022-06-09 22:16:00 - [MESSAGE][PASSED] - Scroll to object 'Object Repository/1. Constant/xpath' successfully

2022-06-09 22:16:03 - [MESSAGE][PASSED] - Object: 'Object Repository/1. Constant/xpath' is clicked on

2022-06-09 22:16:08 - [MESSAGE][PASSED] - Delayed 5 second(s)

2022-06-09 22:16:08 - [TEST_STEP][PASSED] - delay(1): Delayed 1 second(s)

2022-06-09 22:16:09 - [MESSAGE][PASSED] - Delayed 1 second(s)

2022-06-09 22:16:09 - [TEST_STEP][PASSED] - I.superedit_ref(findTestObject("1. Constant/xpath", ["xpath":"//*[@id="fiches"]/table/tbody/tr[3]/td[9]/div[2]/button"]), findTestObject("1. Constant/xpath", ["xpath":"//*[@id="fiches"]/table/tbody/tr[3]/td[9]/div[2]/div/a[4]"])): Object: 'Object Repository/1. Constant/xpath' is clicked on

2022-06-09 22:16:09 - [MESSAGE][PASSED] - Object: 'Object Repository/1. Constant/xpath' is clicked on

2022-06-09 22:16:12 - [MESSAGE][PASSED] - Delayed 3 second(s)

2022-06-09 22:16:16 - [MESSAGE][PASSED] - Object: 'Object Repository/1. Constant/xpath' is clicked on

2022-06-09 22:16:16 - [TEST_STEP][PASSED] - setText(findTestObject("1. Constant/xpath", ["xpath":"//*[@id="var_110"]"]), "TC20.13 Super edit Variety"): Text 'TC20.13 Super edit Variety' is set on object 'Object Repository/1. Constant/xpath'

2022-06-09 22:16:16 - [MESSAGE][PASSED] - Text 'TC20.13 Super edit Variety' is set on object 'Object Repository/1. Constant/xpath'

2022-06-09 22:16:16 - [TEST_STEP][PASSED] - I.Pagedown(): Execute JavaScript 'window.scrollTo(0, document.body.scrollHeight)' successfully

2022-06-09 22:16:16 - [MESSAGE][PASSED] - Execute JavaScript 'window.scrollTo(0, document.body.scrollHeight)' successfully

2022-06-09 22:16:16 - [TEST_STEP][PASSED] - click(findTestObject("1. Constant/xpath", ["xpath":"//*[@id="ModifFiche"]/div[3]/div/button"])): Object: 'Object Repository/1. Constant/xpath' is clicked on

2022-06-09 22:16:21 - [MESSAGE][PASSED] - Object: 'Object Repository/1. Constant/xpath' is clicked on

2022-06-09 22:16:21 - [TEST_STEP][PASSED] - delay(1): Delayed 1 second(s)

2022-06-09 22:16:22 - [MESSAGE][PASSED] - Delayed 1 second(s)

2022-06-09 22:16:22 - [TEST_STEP][PASSED] - click(findTestObject("1. Constant/xpath", ["xpath":"//*[@id="fiches"]/table/tbody/tr[3]/td[9]/a"])): Object: 'Object Repository/1. Constant/xpath' is clicked on

2022-06-09 22:16:26 - [MESSAGE][PASSED] - Object: 'Object Repository/1. Constant/xpath' is clicked on

2022-06-09 22:16:26 - [TEST_STEP][PASSED] - Actual_Edited_Variety = getAttribute(findTestObject("1. Constant/xpath", ["xpath":"//*[@id="var_110"]"]), "value"): Attribute 'value' of object 'Object Repository/1. Constant/xpath' is: 'TC20.13 Super edit Variety'

2022-06-09 22:16:26 - [MESSAGE][PASSED] - Attribute 'value' of object 'Object Repository/1. Constant/xpath' is: 'TC20.13 Super edit Variety'

2022-06-09 22:16:26 - [TEST_STEP][PASSED] - verifyMatch(Actual_Edited_Variety, "TC20.13 Super edit Variety", false): Actual text 'TC20.13 Super edit Variety' and expected text 'TC20.13 Super edit Variety' are matched 

2022-06-09 22:16:26 - [MESSAGE][PASSED] - Actual text 'TC20.13 Super edit Variety' and expected text 'TC20.13 Super edit Variety' are matched 

2022-06-09 22:16:26 - [TEST_STEP][PASSED] - click(findTestObject("1. Constant/xpath", ["xpath":"//*[@id="ModifFiche"]/div[1]/div/button[2]"])): Object: 'Object Repository/1. Constant/xpath' is clicked on

2022-06-09 22:16:30 - [MESSAGE][PASSED] - Object: 'Object Repository/1. Constant/xpath' is clicked on

2022-06-09 22:16:30 - [TEST_STEP][PASSED] - I.status_lifecycle(findTestObject("1. Constant/xpath", ["xpath":"//*[@id="fiches"]/table/tbody/tr[3]/td[7]/span[2]"]), "LSS Creation"): Status contain LSS Creation.

2022-06-09 22:16:30 - [MESSAGE][PASSED] - Text of object 'Object Repository/1. Constant/xpath' is: 'LSS Creation'

2022-06-09 22:16:30 - [MESSAGE][PASSED] - Status contain LSS Creation.

2022-06-09 22:16:30 - [TEST_STEP][PASSED] - closeBrowser(): Browser is closed

2022-06-09 22:16:31 - [MESSAGE][PASSED] - Browser is closed

2022-06-09 22:16:31 - [TEST_STEP][PASSED] - Start listener action : sampleAfterTestCase: null]]></system-out>
         <system-err><![CDATA[]]></system-err>
      </testcase>
      <system-out><![CDATA[2022-06-09 21:30:55 - [TEST_SUITE][FAILED] - 15.02 NPP Duplication Shortcut (Translation Ref) -Part 1: Test Cases/20. Sephora_NPP Duplication Standard_ Duplication Shortcut/20.08 NPP Duplication Shortcut_In New Project_CT and Lang - Used 16.08_19.09_20.06_20.07 P5 FAILED.
Reason:
com.kms.katalon.core.exception.StepFailedException: Unable to select option by value '2357' of object 'Object Repository/1. Constant/xpath' 
	at com.kms.katalon.core.webui.keyword.internal.WebUIKeywordMain.stepFailed(WebUIKeywordMain.groovy:64)
	at com.kms.katalon.core.webui.keyword.internal.WebUIKeywordMain.runKeyword(WebUIKeywordMain.groovy:26)
	at com.kms.katalon.core.webui.keyword.builtin.SelectOptionByValueKeyword.selectOptionByValue(SelectOptionByValueKeyword.groovy:99)
	at com.kms.katalon.core.webui.keyword.builtin.SelectOptionByValueKeyword.execute(SelectOptionByValueKeyword.groovy:71)
	at com.kms.katalon.core.keyword.internal.KeywordExecutor.executeKeywordForPlatform(KeywordExecutor.groovy:74)
	at com.kms.katalon.core.webui.keyword.WebUiBuiltInKeywords.selectOptionByValue(WebUiBuiltInKeywords.groovy:1168)
	at com.kms.katalon.core.webui.keyword.WebUiBuiltInKeywords$selectOptionByValue$5.call(Unknown Source)
	at functions.I.select_multiplelist(I.groovy:734)
	at functions.I$select_multiplelist$2.call(Unknown Source)
	at 20.08 NPP Duplication Shortcut_In New Project_CT and Lang - Used 16.08_19.09_20.06_20.07 P5.run(20.08 NPP Duplication Shortcut_In New Project_CT and Lang - Used 16.08_19.09_20.06_20.07 P5:481)
	at com.kms.katalon.core.main.ScriptEngine.run(ScriptEngine.java:194)
	at com.kms.katalon.core.main.ScriptEngine.runScriptAsRawText(ScriptEngine.java:119)
	at com.kms.katalon.core.main.TestCaseExecutor.runScript(TestCaseExecutor.java:445)
	at com.kms.katalon.core.main.TestCaseExecutor.doExecute(TestCaseExecutor.java:436)
	at com.kms.katalon.core.main.TestCaseExecutor.processExecutionPhase(TestCaseExecutor.java:415)
	at com.kms.katalon.core.main.TestCaseExecutor.accessMainPhase(TestCaseExecutor.java:407)
	at com.kms.katalon.core.main.TestCaseExecutor.execute(TestCaseExecutor.java:284)
	at com.kms.katalon.core.common.CommonExecutor.accessTestCaseMainPhase(CommonExecutor.java:65)
	at com.kms.katalon.core.main.TestSuiteExecutor.accessTestSuiteMainPhase(TestSuiteExecutor.java:144)
	at com.kms.katalon.core.main.TestSuiteExecutor.execute(TestSuiteExecutor.java:106)
	at com.kms.katalon.core.main.TestCaseMain.startTestSuite(TestCaseMain.java:185)
	at com.kms.katalon.core.main.TestCaseMain$startTestSuite$0.call(Unknown Source)
	at TempTestSuite1654791082081.run(TempTestSuite1654791082081.groovy:36)
Caused by: org.openqa.selenium.StaleElementReferenceException: stale element reference: element is not attached to the page document
  (Session info: headless chrome=102.0.5005.63)
For documentation on this error, please visit: https://www.seleniumhq.org/exceptions/stale_element_reference.html
Build info: version: '3.141.59', revision: 'e82be7d358', time: '2018-11-14T08:25:53'
System info: host: 'DPF-MBI-VERIF', ip: '10.15.10.53', os.name: 'Windows 10', os.arch: 'amd64', os.version: '10.0', java.version: '1.8.0_181'
Driver info: com.kms.katalon.selenium.driver.CChromeDriver
Capabilities {acceptInsecureCerts: false, browserName: chrome, browserVersion: 102.0.5005.63, chrome: {chromedriverVersion: 101.0.4951.41 (93c720db8323..., userDataDir: C:\Users\lamhe\AppData\Loca...}, goog:chromeOptions: {debuggerAddress: localhost:65229}, javascriptEnabled: true, networkConnectionEnabled: false, pageLoadStrategy: normal, platform: WINDOWS, platformName: WINDOWS, proxy: Proxy(), setWindowRect: true, strictFileInteractability: false, timeouts: {implicit: 0, pageLoad: 300000, script: 30000}, unhandledPromptBehavior: dismiss and notify, webauthn:extension:credBlob: true, webauthn:extension:largeBlob: true, webauthn:virtualAuthenticators: true}
Session ID: f22afb78058aad38c00f796cac52e516
	at org.openqa.selenium.remote.http.W3CHttpResponseCodec.createException(W3CHttpResponseCodec.java:187)
	at org.openqa.selenium.remote.http.W3CHttpResponseCodec.decode(W3CHttpResponseCodec.java:122)
	at org.openqa.selenium.remote.http.W3CHttpResponseCodec.decode(W3CHttpResponseCodec.java:49)
	at org.openqa.selenium.remote.HttpCommandExecutor.execute(HttpCommandExecutor.java:158)
	at org.openqa.selenium.remote.service.DriverCommandExecutor.execute(DriverCommandExecutor.java:83)
	at org.openqa.selenium.remote.RemoteWebDriver.execute(RemoteWebDriver.java:552)
	at com.kms.katalon.selenium.driver.CChromeDriver.execute(CChromeDriver.java:19)
	at org.openqa.selenium.remote.RemoteWebElement.execute(RemoteWebElement.java:285)
	at org.openqa.selenium.remote.RemoteWebElement.isSelected(RemoteWebElement.java:146)
	at org.openqa.selenium.support.events.EventFiringWebDriver$EventFiringWebElement.lambda$new$0(EventFiringWebDriver.java:404)
	at com.sun.proxy.$Proxy13.isSelected(Unknown Source)
	at org.openqa.selenium.support.events.EventFiringWebDriver$EventFiringWebElement.isSelected(EventFiringWebDriver.java:452)
	at org.openqa.selenium.support.ui.Select.setSelected(Select.java:310)
	at org.openqa.selenium.support.ui.Select.selectByValue(Select.java:187)
	at com.kms.katalon.core.webui.common.WebUiCommonHelper.selectOrDeselectOptionsByValue(WebUiCommonHelper.java:266)
	at com.kms.katalon.core.webui.keyword.builtin.SelectOptionByValueKeyword$_selectOptionByValue_closure1.doCall(SelectOptionByValueKeyword.groovy:88)
	at com.kms.katalon.core.webui.keyword.builtin.SelectOptionByValueKeyword$_selectOptionByValue_closure1.call(SelectOptionByValueKeyword.groovy)
	at com.kms.katalon.core.webui.keyword.internal.WebUIKeywordMain.runKeyword(WebUIKeywordMain.groovy:20)
	... 21 more]]></system-out>
      <system-err><![CDATA[2022-06-09 21:30:55 - [TEST_SUITE][FAILED] - 15.02 NPP Duplication Shortcut (Translation Ref) -Part 1: Test Cases/20. Sephora_NPP Duplication Standard_ Duplication Shortcut/20.08 NPP Duplication Shortcut_In New Project_CT and Lang - Used 16.08_19.09_20.06_20.07 P5 FAILED.
Reason:
com.kms.katalon.core.exception.StepFailedException: Unable to select option by value '2357' of object 'Object Repository/1. Constant/xpath' 
	at com.kms.katalon.core.webui.keyword.internal.WebUIKeywordMain.stepFailed(WebUIKeywordMain.groovy:64)
	at com.kms.katalon.core.webui.keyword.internal.WebUIKeywordMain.runKeyword(WebUIKeywordMain.groovy:26)
	at com.kms.katalon.core.webui.keyword.builtin.SelectOptionByValueKeyword.selectOptionByValue(SelectOptionByValueKeyword.groovy:99)
	at com.kms.katalon.core.webui.keyword.builtin.SelectOptionByValueKeyword.execute(SelectOptionByValueKeyword.groovy:71)
	at com.kms.katalon.core.keyword.internal.KeywordExecutor.executeKeywordForPlatform(KeywordExecutor.groovy:74)
	at com.kms.katalon.core.webui.keyword.WebUiBuiltInKeywords.selectOptionByValue(WebUiBuiltInKeywords.groovy:1168)
	at com.kms.katalon.core.webui.keyword.WebUiBuiltInKeywords$selectOptionByValue$5.call(Unknown Source)
	at functions.I.select_multiplelist(I.groovy:734)
	at functions.I$select_multiplelist$2.call(Unknown Source)
	at 20.08 NPP Duplication Shortcut_In New Project_CT and Lang - Used 16.08_19.09_20.06_20.07 P5.run(20.08 NPP Duplication Shortcut_In New Project_CT and Lang - Used 16.08_19.09_20.06_20.07 P5:481)
	at com.kms.katalon.core.main.ScriptEngine.run(ScriptEngine.java:194)
	at com.kms.katalon.core.main.ScriptEngine.runScriptAsRawText(ScriptEngine.java:119)
	at com.kms.katalon.core.main.TestCaseExecutor.runScript(TestCaseExecutor.java:445)
	at com.kms.katalon.core.main.TestCaseExecutor.doExecute(TestCaseExecutor.java:436)
	at com.kms.katalon.core.main.TestCaseExecutor.processExecutionPhase(TestCaseExecutor.java:415)
	at com.kms.katalon.core.main.TestCaseExecutor.accessMainPhase(TestCaseExecutor.java:407)
	at com.kms.katalon.core.main.TestCaseExecutor.execute(TestCaseExecutor.java:284)
	at com.kms.katalon.core.common.CommonExecutor.accessTestCaseMainPhase(CommonExecutor.java:65)
	at com.kms.katalon.core.main.TestSuiteExecutor.accessTestSuiteMainPhase(TestSuiteExecutor.java:144)
	at com.kms.katalon.core.main.TestSuiteExecutor.execute(TestSuiteExecutor.java:106)
	at com.kms.katalon.core.main.TestCaseMain.startTestSuite(TestCaseMain.java:185)
	at com.kms.katalon.core.main.TestCaseMain$startTestSuite$0.call(Unknown Source)
	at TempTestSuite1654791082081.run(TempTestSuite1654791082081.groovy:36)
Caused by: org.openqa.selenium.StaleElementReferenceException: stale element reference: element is not attached to the page document
  (Session info: headless chrome=102.0.5005.63)
For documentation on this error, please visit: https://www.seleniumhq.org/exceptions/stale_element_reference.html
Build info: version: '3.141.59', revision: 'e82be7d358', time: '2018-11-14T08:25:53'
System info: host: 'DPF-MBI-VERIF', ip: '10.15.10.53', os.name: 'Windows 10', os.arch: 'amd64', os.version: '10.0', java.version: '1.8.0_181'
Driver info: com.kms.katalon.selenium.driver.CChromeDriver
Capabilities {acceptInsecureCerts: false, browserName: chrome, browserVersion: 102.0.5005.63, chrome: {chromedriverVersion: 101.0.4951.41 (93c720db8323..., userDataDir: C:\Users\lamhe\AppData\Loca...}, goog:chromeOptions: {debuggerAddress: localhost:65229}, javascriptEnabled: true, networkConnectionEnabled: false, pageLoadStrategy: normal, platform: WINDOWS, platformName: WINDOWS, proxy: Proxy(), setWindowRect: true, strictFileInteractability: false, timeouts: {implicit: 0, pageLoad: 300000, script: 30000}, unhandledPromptBehavior: dismiss and notify, webauthn:extension:credBlob: true, webauthn:extension:largeBlob: true, webauthn:virtualAuthenticators: true}
Session ID: f22afb78058aad38c00f796cac52e516
	at org.openqa.selenium.remote.http.W3CHttpResponseCodec.createException(W3CHttpResponseCodec.java:187)
	at org.openqa.selenium.remote.http.W3CHttpResponseCodec.decode(W3CHttpResponseCodec.java:122)
	at org.openqa.selenium.remote.http.W3CHttpResponseCodec.decode(W3CHttpResponseCodec.java:49)
	at org.openqa.selenium.remote.HttpCommandExecutor.execute(HttpCommandExecutor.java:158)
	at org.openqa.selenium.remote.service.DriverCommandExecutor.execute(DriverCommandExecutor.java:83)
	at org.openqa.selenium.remote.RemoteWebDriver.execute(RemoteWebDriver.java:552)
	at com.kms.katalon.selenium.driver.CChromeDriver.execute(CChromeDriver.java:19)
	at org.openqa.selenium.remote.RemoteWebElement.execute(RemoteWebElement.java:285)
	at org.openqa.selenium.remote.RemoteWebElement.isSelected(RemoteWebElement.java:146)
	at org.openqa.selenium.support.events.EventFiringWebDriver$EventFiringWebElement.lambda$new$0(EventFiringWebDriver.java:404)
	at com.sun.proxy.$Proxy13.isSelected(Unknown Source)
	at org.openqa.selenium.support.events.EventFiringWebDriver$EventFiringWebElement.isSelected(EventFiringWebDriver.java:452)
	at org.openqa.selenium.support.ui.Select.setSelected(Select.java:310)
	at org.openqa.selenium.support.ui.Select.selectByValue(Select.java:187)
	at com.kms.katalon.core.webui.common.WebUiCommonHelper.selectOrDeselectOptionsByValue(WebUiCommonHelper.java:266)
	at com.kms.katalon.core.webui.keyword.builtin.SelectOptionByValueKeyword$_selectOptionByValue_closure1.doCall(SelectOptionByValueKeyword.groovy:88)
	at com.kms.katalon.core.webui.keyword.builtin.SelectOptionByValueKeyword$_selectOptionByValue_closure1.call(SelectOptionByValueKeyword.groovy)
	at com.kms.katalon.core.webui.keyword.internal.WebUIKeywordMain.runKeyword(WebUIKeywordMain.groovy:20)
	... 21 more]]></system-err>
   </testsuite>
</testsuites>
