<?xml version="1.0" encoding="UTF-8"?>
<testsuites name="08 Tag Mass Submit _ Import ref" time="2330.789" tests="10" failures="0" errors="0">
   <testsuite name="08 Tag Mass Submit _ Import ref" tests="10" failures="0" errors="0" time="2330.789" skipped="0" timestamp="2022-06-09 19:25:33" hostname="lamhe - DPF-MBI-VERIF.ad.sgsco.int" id="Test Suites/03. Parallel Testing (Testing)/TS -PT PART 3/08 Tag Mass Submit _ Import ref">
      <properties>
         <property name="deviceName" value=""/>
         <property name="devicePlatform" value=""/>
         <property name="logFolder" value="D:\\Projet Test Auto\\Mediabox Test Automation\\Reports\\20220609_181011\\03. Parallel Testing (Testing)\\TS -PT PART 3\\08 Tag Mass Submit _ Import ref\\20220609_181054"/>
         <property name="logFiles" value="D:\\Projet Test Auto\\Mediabox Test Automation\\Reports\\20220609_181011\\03. Parallel Testing (Testing)\\TS -PT PART 3\\08 Tag Mass Submit _ Import ref\\20220609_181054\\execution0.log"/>
         <property name="attachments" value="D:\\Projet Test Auto\\Mediabox Test Automation\\Reports\\20220609_181011\\03. Parallel Testing (Testing)\\TS -PT PART 3\\08 Tag Mass Submit _ Import ref\\20220609_181054\\1654795549374.png, D:\\Projet Test Auto\\Mediabox Test Automation\\Reports\\20220609_181011\\03. Parallel Testing (Testing)\\TS -PT PART 3\\08 Tag Mass Submit _ Import ref\\20220609_181054\\1654795561607.png, D:\\Projet Test Auto\\Mediabox Test Automation\\Reports\\20220609_181011\\03. Parallel Testing (Testing)\\TS -PT PART 3\\08 Tag Mass Submit _ Import ref\\20220609_181054\\1654795574099.png, D:\\Projet Test Auto\\Mediabox Test Automation\\Reports\\20220609_181011\\03. Parallel Testing (Testing)\\TS -PT PART 3\\08 Tag Mass Submit _ Import ref\\20220609_181054\\1654795575060.png, D:\\Projet Test Auto\\Mediabox Test Automation\\Reports\\20220609_181011\\03. Parallel Testing (Testing)\\TS -PT PART 3\\08 Tag Mass Submit _ Import ref\\20220609_181054\\1654795609252.png, D:\\Projet Test Auto\\Mediabox Test Automation\\Reports\\20220609_181011\\03. Parallel Testing (Testing)\\TS -PT PART 3\\08 Tag Mass Submit _ Import ref\\20220609_181054\\1654795619916.png, D:\\Projet Test Auto\\Mediabox Test Automation\\Reports\\20220609_181011\\03. Parallel Testing (Testing)\\TS -PT PART 3\\08 Tag Mass Submit _ Import ref\\20220609_181054\\1654795626412.png, D:\\Projet Test Auto\\Mediabox Test Automation\\Reports\\20220609_181011\\03. Parallel Testing (Testing)\\TS -PT PART 3\\08 Tag Mass Submit _ Import ref\\20220609_181054\\1654795638652.png, D:\\Projet Test Auto\\Mediabox Test Automation\\Reports\\20220609_181011\\03. Parallel Testing (Testing)\\TS -PT PART 3\\08 Tag Mass Submit _ Import ref\\20220609_181054\\1654795644851.png, D:\\Projet Test Auto\\Mediabox Test Automation\\Reports\\20220609_181011\\03. Parallel Testing (Testing)\\TS -PT PART 3\\08 Tag Mass Submit _ Import ref\\20220609_181054\\1654795646807.png, D:\\Projet Test Auto\\Mediabox Test Automation\\Reports\\20220609_181011\\03. Parallel Testing (Testing)\\TS -PT PART 3\\08 Tag Mass Submit _ Import ref\\20220609_181054\\1654795649142.png, D:\\Projet Test Auto\\Mediabox Test Automation\\Reports\\20220609_181011\\03. Parallel Testing (Testing)\\TS -PT PART 3\\08 Tag Mass Submit _ Import ref\\20220609_181054\\1654795650129.png, D:\\Projet Test Auto\\Mediabox Test Automation\\Reports\\20220609_181011\\03. Parallel Testing (Testing)\\TS -PT PART 3\\08 Tag Mass Submit _ Import ref\\20220609_181054\\1654795653976.png, D:\\Projet Test Auto\\Mediabox Test Automation\\Reports\\20220609_181011\\03. Parallel Testing (Testing)\\TS -PT PART 3\\08 Tag Mass Submit _ Import ref\\20220609_181054\\1654795668495.png, D:\\Projet Test Auto\\Mediabox Test Automation\\Reports\\20220609_181011\\03. Parallel Testing (Testing)\\TS -PT PART 3\\08 Tag Mass Submit _ Import ref\\20220609_181054\\1654795673583.png, D:\\Projet Test Auto\\Mediabox Test Automation\\Reports\\20220609_181011\\03. Parallel Testing (Testing)\\TS -PT PART 3\\08 Tag Mass Submit _ Import ref\\20220609_181054\\1654795675730.png, D:\\Projet Test Auto\\Mediabox Test Automation\\Reports\\20220609_181011\\03. Parallel Testing (Testing)\\TS -PT PART 3\\08 Tag Mass Submit _ Import ref\\20220609_181054\\1654795678079.png, D:\\Projet Test Auto\\Mediabox Test Automation\\Reports\\20220609_181011\\03. Parallel Testing (Testing)\\TS -PT PART 3\\08 Tag Mass Submit _ Import ref\\20220609_181054\\1654795692346.png, D:\\Projet Test Auto\\Mediabox Test Automation\\Reports\\20220609_181011\\03. Parallel Testing (Testing)\\TS -PT PART 3\\08 Tag Mass Submit _ Import ref\\20220609_181054\\1654795698953.png, D:\\Projet Test Auto\\Mediabox Test Automation\\Reports\\20220609_181011\\03. Parallel Testing (Testing)\\TS -PT PART 3\\08 Tag Mass Submit _ Import ref\\20220609_181054\\1654795702670.png, D:\\Projet Test Auto\\Mediabox Test Automation\\Reports\\20220609_181011\\03. Parallel Testing (Testing)\\TS -PT PART 3\\08 Tag Mass Submit _ Import ref\\20220609_181054\\1654795705752.png, D:\\Projet Test Auto\\Mediabox Test Automation\\Reports\\20220609_181011\\03. Parallel Testing (Testing)\\TS -PT PART 3\\08 Tag Mass Submit _ Import ref\\20220609_181054\\1654795713162.png, D:\\Projet Test Auto\\Mediabox Test Automation\\Reports\\20220609_181011\\03. Parallel Testing (Testing)\\TS -PT PART 3\\08 Tag Mass Submit _ Import ref\\20220609_181054\\1654795726752.png, D:\\Projet Test Auto\\Mediabox Test Automation\\Reports\\20220609_181011\\03. Parallel Testing (Testing)\\TS -PT PART 3\\08 Tag Mass Submit _ Import ref\\20220609_181054\\1654795753338.png, D:\\Projet Test Auto\\Mediabox Test Automation\\Reports\\20220609_181011\\03. Parallel Testing (Testing)\\TS -PT PART 3\\08 Tag Mass Submit _ Import ref\\20220609_181054\\1654795765735.png, D:\\Projet Test Auto\\Mediabox Test Automation\\Reports\\20220609_181011\\03. Parallel Testing (Testing)\\TS -PT PART 3\\08 Tag Mass Submit _ Import ref\\20220609_181054\\1654795830762.png, D:\\Projet Test Auto\\Mediabox Test Automation\\Reports\\20220609_181011\\03. Parallel Testing (Testing)\\TS -PT PART 3\\08 Tag Mass Submit _ Import ref\\20220609_181054\\1654795832720.png, D:\\Projet Test Auto\\Mediabox Test Automation\\Reports\\20220609_181011\\03. Parallel Testing (Testing)\\TS -PT PART 3\\08 Tag Mass Submit _ Import ref\\20220609_181054\\1654795841597.png, D:\\Projet Test Auto\\Mediabox Test Automation\\Reports\\20220609_181011\\03. Parallel Testing (Testing)\\TS -PT PART 3\\08 Tag Mass Submit _ Import ref\\20220609_181054\\1654795853732.png, D:\\Projet Test Auto\\Mediabox Test Automation\\Reports\\20220609_181011\\03. Parallel Testing (Testing)\\TS -PT PART 3\\08 Tag Mass Submit _ Import ref\\20220609_181054\\1654795866539.png, D:\\Projet Test Auto\\Mediabox Test Automation\\Reports\\20220609_181011\\03. Parallel Testing (Testing)\\TS -PT PART 3\\08 Tag Mass Submit _ Import ref\\20220609_181054\\1654795873550.png, D:\\Projet Test Auto\\Mediabox Test Automation\\Reports\\20220609_181011\\03. Parallel Testing (Testing)\\TS -PT PART 3\\08 Tag Mass Submit _ Import ref\\20220609_181054\\1654795880187.png, D:\\Projet Test Auto\\Mediabox Test Automation\\Reports\\20220609_181011\\03. Parallel Testing (Testing)\\TS -PT PART 3\\08 Tag Mass Submit _ Import ref\\20220609_181054\\1654795888566.png, D:\\Projet Test Auto\\Mediabox Test Automation\\Reports\\20220609_181011\\03. Parallel Testing (Testing)\\TS -PT PART 3\\08 Tag Mass Submit _ Import ref\\20220609_181054\\1654795898162.png, D:\\Projet Test Auto\\Mediabox Test Automation\\Reports\\20220609_181011\\03. Parallel Testing (Testing)\\TS -PT PART 3\\08 Tag Mass Submit _ Import ref\\20220609_181054\\1654795898737.png, D:\\Projet Test Auto\\Mediabox Test Automation\\Reports\\20220609_181011\\03. Parallel Testing (Testing)\\TS -PT PART 3\\08 Tag Mass Submit _ Import ref\\20220609_181054\\1654795925421.png, D:\\Projet Test Auto\\Mediabox Test Automation\\Reports\\20220609_181011\\03. Parallel Testing (Testing)\\TS -PT PART 3\\08 Tag Mass Submit _ Import ref\\20220609_181054\\1654795925972.png, D:\\Projet Test Auto\\Mediabox Test Automation\\Reports\\20220609_181011\\03. Parallel Testing (Testing)\\TS -PT PART 3\\08 Tag Mass Submit _ Import ref\\20220609_181054\\1654795932615.png, D:\\Projet Test Auto\\Mediabox Test Automation\\Reports\\20220609_181011\\03. Parallel Testing (Testing)\\TS -PT PART 3\\08 Tag Mass Submit _ Import ref\\20220609_181054\\1654795939824.png, D:\\Projet Test Auto\\Mediabox Test Automation\\Reports\\20220609_181011\\03. Parallel Testing (Testing)\\TS -PT PART 3\\08 Tag Mass Submit _ Import ref\\20220609_181054\\1654795948997.png, D:\\Projet Test Auto\\Mediabox Test Automation\\Reports\\20220609_181011\\03. Parallel Testing (Testing)\\TS -PT PART 3\\08 Tag Mass Submit _ Import ref\\20220609_181054\\1654795959337.png, D:\\Projet Test Auto\\Mediabox Test Automation\\Reports\\20220609_181011\\03. Parallel Testing (Testing)\\TS -PT PART 3\\08 Tag Mass Submit _ Import ref\\20220609_181054\\1654795973372.png, D:\\Projet Test Auto\\Mediabox Test Automation\\Reports\\20220609_181011\\03. Parallel Testing (Testing)\\TS -PT PART 3\\08 Tag Mass Submit _ Import ref\\20220609_181054\\1654795980194.png, D:\\Projet Test Auto\\Mediabox Test Automation\\Reports\\20220609_181011\\03. Parallel Testing (Testing)\\TS -PT PART 3\\08 Tag Mass Submit _ Import ref\\20220609_181054\\1654795989113.png, D:\\Projet Test Auto\\Mediabox Test Automation\\Reports\\20220609_181011\\03. Parallel Testing (Testing)\\TS -PT PART 3\\08 Tag Mass Submit _ Import ref\\20220609_181054\\1654795999627.png, D:\\Projet Test Auto\\Mediabox Test Automation\\Reports\\20220609_181011\\03. Parallel Testing (Testing)\\TS -PT PART 3\\08 Tag Mass Submit _ Import ref\\20220609_181054\\1654796017152.png, D:\\Projet Test Auto\\Mediabox Test Automation\\Reports\\20220609_181011\\03. Parallel Testing (Testing)\\TS -PT PART 3\\08 Tag Mass Submit _ Import ref\\20220609_181054\\1654796023579.png, D:\\Projet Test Auto\\Mediabox Test Automation\\Reports\\20220609_181011\\03. Parallel Testing (Testing)\\TS -PT PART 3\\08 Tag Mass Submit _ Import ref\\20220609_181054\\1654796033239.png, D:\\Projet Test Auto\\Mediabox Test Automation\\Reports\\20220609_181011\\03. Parallel Testing (Testing)\\TS -PT PART 3\\08 Tag Mass Submit _ Import ref\\20220609_181054\\1654796044978.png, D:\\Projet Test Auto\\Mediabox Test Automation\\Reports\\20220609_181011\\03. Parallel Testing (Testing)\\TS -PT PART 3\\08 Tag Mass Submit _ Import ref\\20220609_181054\\1654796057794.png, D:\\Projet Test Auto\\Mediabox Test Automation\\Reports\\20220609_181011\\03. Parallel Testing (Testing)\\TS -PT PART 3\\08 Tag Mass Submit _ Import ref\\20220609_181054\\1654796075824.png, D:\\Projet Test Auto\\Mediabox Test Automation\\Reports\\20220609_181011\\03. Parallel Testing (Testing)\\TS -PT PART 3\\08 Tag Mass Submit _ Import ref\\20220609_181054\\1654796089031.png, D:\\Projet Test Auto\\Mediabox Test Automation\\Reports\\20220609_181011\\03. Parallel Testing (Testing)\\TS -PT PART 3\\08 Tag Mass Submit _ Import ref\\20220609_181054\\1654796101328.png, D:\\Projet Test Auto\\Mediabox Test Automation\\Reports\\20220609_181011\\03. Parallel Testing (Testing)\\TS -PT PART 3\\08 Tag Mass Submit _ Import ref\\20220609_181054\\1654796101820.png, D:\\Projet Test Auto\\Mediabox Test Automation\\Reports\\20220609_181011\\03. Parallel Testing (Testing)\\TS -PT PART 3\\08 Tag Mass Submit _ Import ref\\20220609_181054\\1654796109276.png, D:\\Projet Test Auto\\Mediabox Test Automation\\Reports\\20220609_181011\\03. Parallel Testing (Testing)\\TS -PT PART 3\\08 Tag Mass Submit _ Import ref\\20220609_181054\\1654796116043.png, D:\\Projet Test Auto\\Mediabox Test Automation\\Reports\\20220609_181011\\03. Parallel Testing (Testing)\\TS -PT PART 3\\08 Tag Mass Submit _ Import ref\\20220609_181054\\1654796146082.png, D:\\Projet Test Auto\\Mediabox Test Automation\\Reports\\20220609_181011\\03. Parallel Testing (Testing)\\TS -PT PART 3\\08 Tag Mass Submit _ Import ref\\20220609_181054\\1654796148745.png, D:\\Projet Test Auto\\Mediabox Test Automation\\Reports\\20220609_181011\\03. Parallel Testing (Testing)\\TS -PT PART 3\\08 Tag Mass Submit _ Import ref\\20220609_181054\\1654796169205.png, D:\\Projet Test Auto\\Mediabox Test Automation\\Reports\\20220609_181011\\03. Parallel Testing (Testing)\\TS -PT PART 3\\08 Tag Mass Submit _ Import ref\\20220609_181054\\1654796189759.png, D:\\Projet Test Auto\\Mediabox Test Automation\\Reports\\20220609_181011\\03. Parallel Testing (Testing)\\TS -PT PART 3\\08 Tag Mass Submit _ Import ref\\20220609_181054\\1654796228339.png, D:\\Projet Test Auto\\Mediabox Test Automation\\Reports\\20220609_181011\\03. Parallel Testing (Testing)\\TS -PT PART 3\\08 Tag Mass Submit _ Import ref\\20220609_181054\\1654796272960.png, D:\\Projet Test Auto\\Mediabox Test Automation\\Reports\\20220609_181011\\03. Parallel Testing (Testing)\\TS -PT PART 3\\08 Tag Mass Submit _ Import ref\\20220609_181054\\1654796287174.png, D:\\Projet Test Auto\\Mediabox Test Automation\\Reports\\20220609_181011\\03. Parallel Testing (Testing)\\TS -PT PART 3\\08 Tag Mass Submit _ Import ref\\20220609_181054\\1654796308336.png, D:\\Projet Test Auto\\Mediabox Test Automation\\Reports\\20220609_181011\\03. Parallel Testing (Testing)\\TS -PT PART 3\\08 Tag Mass Submit _ Import ref\\20220609_181054\\1654796314370.png, D:\\Projet Test Auto\\Mediabox Test Automation\\Reports\\20220609_181011\\03. Parallel Testing (Testing)\\TS -PT PART 3\\08 Tag Mass Submit _ Import ref\\20220609_181054\\1654796316082.png, D:\\Projet Test Auto\\Mediabox Test Automation\\Reports\\20220609_181011\\03. Parallel Testing (Testing)\\TS -PT PART 3\\08 Tag Mass Submit _ Import ref\\20220609_181054\\1654796321284.png, D:\\Projet Test Auto\\Mediabox Test Automation\\Reports\\20220609_181011\\03. Parallel Testing (Testing)\\TS -PT PART 3\\08 Tag Mass Submit _ Import ref\\20220609_181054\\1654796328161.png, D:\\Projet Test Auto\\Mediabox Test Automation\\Reports\\20220609_181011\\03. Parallel Testing (Testing)\\TS -PT PART 3\\08 Tag Mass Submit _ Import ref\\20220609_181054\\1654796340139.png, D:\\Projet Test Auto\\Mediabox Test Automation\\Reports\\20220609_181011\\03. Parallel Testing (Testing)\\TS -PT PART 3\\08 Tag Mass Submit _ Import ref\\20220609_181054\\1654796340508.png, D:\\Projet Test Auto\\Mediabox Test Automation\\Reports\\20220609_181011\\03. Parallel Testing (Testing)\\TS -PT PART 3\\08 Tag Mass Submit _ Import ref\\20220609_181054\\1654796344906.png, D:\\Projet Test Auto\\Mediabox Test Automation\\Reports\\20220609_181011\\03. Parallel Testing (Testing)\\TS -PT PART 3\\08 Tag Mass Submit _ Import ref\\20220609_181054\\1654796354510.png, D:\\Projet Test Auto\\Mediabox Test Automation\\Reports\\20220609_181011\\03. Parallel Testing (Testing)\\TS -PT PART 3\\08 Tag Mass Submit _ Import ref\\20220609_181054\\1654796363761.png, D:\\Projet Test Auto\\Mediabox Test Automation\\Reports\\20220609_181011\\03. Parallel Testing (Testing)\\TS -PT PART 3\\08 Tag Mass Submit _ Import ref\\20220609_181054\\1654796375686.png, D:\\Projet Test Auto\\Mediabox Test Automation\\Reports\\20220609_181011\\03. Parallel Testing (Testing)\\TS -PT PART 3\\08 Tag Mass Submit _ Import ref\\20220609_181054\\1654796376020.png, D:\\Projet Test Auto\\Mediabox Test Automation\\Reports\\20220609_181011\\03. Parallel Testing (Testing)\\TS -PT PART 3\\08 Tag Mass Submit _ Import ref\\20220609_181054\\1654796390535.png, D:\\Projet Test Auto\\Mediabox Test Automation\\Reports\\20220609_181011\\03. Parallel Testing (Testing)\\TS -PT PART 3\\08 Tag Mass Submit _ Import ref\\20220609_181054\\1654796423770.png, D:\\Projet Test Auto\\Mediabox Test Automation\\Reports\\20220609_181011\\03. Parallel Testing (Testing)\\TS -PT PART 3\\08 Tag Mass Submit _ Import ref\\20220609_181054\\1654796425658.png, D:\\Projet Test Auto\\Mediabox Test Automation\\Reports\\20220609_181011\\03. Parallel Testing (Testing)\\TS -PT PART 3\\08 Tag Mass Submit _ Import ref\\20220609_181054\\1654796487983.png, D:\\Projet Test Auto\\Mediabox Test Automation\\Reports\\20220609_181011\\03. Parallel Testing (Testing)\\TS -PT PART 3\\08 Tag Mass Submit _ Import ref\\20220609_181054\\1654796518130.png, D:\\Projet Test Auto\\Mediabox Test Automation\\Reports\\20220609_181011\\03. Parallel Testing (Testing)\\TS -PT PART 3\\08 Tag Mass Submit _ Import ref\\20220609_181054\\1654796520081.png, D:\\Projet Test Auto\\Mediabox Test Automation\\Reports\\20220609_181011\\03. Parallel Testing (Testing)\\TS -PT PART 3\\08 Tag Mass Submit _ Import ref\\20220609_181054\\1654796521749.png, D:\\Projet Test Auto\\Mediabox Test Automation\\Reports\\20220609_181011\\03. Parallel Testing (Testing)\\TS -PT PART 3\\08 Tag Mass Submit _ Import ref\\20220609_181054\\1654796531338.png, D:\\Projet Test Auto\\Mediabox Test Automation\\Reports\\20220609_181011\\03. Parallel Testing (Testing)\\TS -PT PART 3\\08 Tag Mass Submit _ Import ref\\20220609_181054\\1654796543582.png, D:\\Projet Test Auto\\Mediabox Test Automation\\Reports\\20220609_181011\\03. Parallel Testing (Testing)\\TS -PT PART 3\\08 Tag Mass Submit _ Import ref\\20220609_181054\\1654796569784.png, D:\\Projet Test Auto\\Mediabox Test Automation\\Reports\\20220609_181011\\03. Parallel Testing (Testing)\\TS -PT PART 3\\08 Tag Mass Submit _ Import ref\\20220609_181054\\1654796570525.png, D:\\Projet Test Auto\\Mediabox Test Automation\\Reports\\20220609_181011\\03. Parallel Testing (Testing)\\TS -PT PART 3\\08 Tag Mass Submit _ Import ref\\20220609_181054\\1654796584555.png, D:\\Projet Test Auto\\Mediabox Test Automation\\Reports\\20220609_181011\\03. Parallel Testing (Testing)\\TS -PT PART 3\\08 Tag Mass Submit _ Import ref\\20220609_181054\\1654796587861.png, D:\\Projet Test Auto\\Mediabox Test Automation\\Reports\\20220609_181011\\03. Parallel Testing (Testing)\\TS -PT PART 3\\08 Tag Mass Submit _ Import ref\\20220609_181054\\1654796588512.png, D:\\Projet Test Auto\\Mediabox Test Automation\\Reports\\20220609_181011\\03. Parallel Testing (Testing)\\TS -PT PART 3\\08 Tag Mass Submit _ Import ref\\20220609_181054\\1654796590303.png, D:\\Projet Test Auto\\Mediabox Test Automation\\Reports\\20220609_181011\\03. Parallel Testing (Testing)\\TS -PT PART 3\\08 Tag Mass Submit _ Import ref\\20220609_181054\\1654796597805.png, D:\\Projet Test Auto\\Mediabox Test Automation\\Reports\\20220609_181011\\03. Parallel Testing (Testing)\\TS -PT PART 3\\08 Tag Mass Submit _ Import ref\\20220609_181054\\1654796607553.png, D:\\Projet Test Auto\\Mediabox Test Automation\\Reports\\20220609_181011\\03. Parallel Testing (Testing)\\TS -PT PART 3\\08 Tag Mass Submit _ Import ref\\20220609_181054\\1654796612311.png, D:\\Projet Test Auto\\Mediabox Test Automation\\Reports\\20220609_181011\\03. Parallel Testing (Testing)\\TS -PT PART 3\\08 Tag Mass Submit _ Import ref\\20220609_181054\\1654796613632.png, D:\\Projet Test Auto\\Mediabox Test Automation\\Reports\\20220609_181011\\03. Parallel Testing (Testing)\\TS -PT PART 3\\08 Tag Mass Submit _ Import ref\\20220609_181054\\1654796614161.png, D:\\Projet Test Auto\\Mediabox Test Automation\\Reports\\20220609_181011\\03. Parallel Testing (Testing)\\TS -PT PART 3\\08 Tag Mass Submit _ Import ref\\20220609_181054\\1654796621770.png, D:\\Projet Test Auto\\Mediabox Test Automation\\Reports\\20220609_181011\\03. Parallel Testing (Testing)\\TS -PT PART 3\\08 Tag Mass Submit _ Import ref\\20220609_181054\\1654796632648.png, D:\\Projet Test Auto\\Mediabox Test Automation\\Reports\\20220609_181011\\03. Parallel Testing (Testing)\\TS -PT PART 3\\08 Tag Mass Submit _ Import ref\\20220609_181054\\1654796644677.png, D:\\Projet Test Auto\\Mediabox Test Automation\\Reports\\20220609_181011\\03. Parallel Testing (Testing)\\TS -PT PART 3\\08 Tag Mass Submit _ Import ref\\20220609_181054\\1654796691478.png, D:\\Projet Test Auto\\Mediabox Test Automation\\Reports\\20220609_181011\\03. Parallel Testing (Testing)\\TS -PT PART 3\\08 Tag Mass Submit _ Import ref\\20220609_181054\\1654796723990.png, D:\\Projet Test Auto\\Mediabox Test Automation\\Reports\\20220609_181011\\03. Parallel Testing (Testing)\\TS -PT PART 3\\08 Tag Mass Submit _ Import ref\\20220609_181054\\1654796724356.png, D:\\Projet Test Auto\\Mediabox Test Automation\\Reports\\20220609_181011\\03. Parallel Testing (Testing)\\TS -PT PART 3\\08 Tag Mass Submit _ Import ref\\20220609_181054\\1654796726029.png, D:\\Projet Test Auto\\Mediabox Test Automation\\Reports\\20220609_181011\\03. Parallel Testing (Testing)\\TS -PT PART 3\\08 Tag Mass Submit _ Import ref\\20220609_181054\\1654796731679.png, D:\\Projet Test Auto\\Mediabox Test Automation\\Reports\\20220609_181011\\03. Parallel Testing (Testing)\\TS -PT PART 3\\08 Tag Mass Submit _ Import ref\\20220609_181054\\1654796740124.png, D:\\Projet Test Auto\\Mediabox Test Automation\\Reports\\20220609_181011\\03. Parallel Testing (Testing)\\TS -PT PART 3\\08 Tag Mass Submit _ Import ref\\20220609_181054\\1654796753615.png, D:\\Projet Test Auto\\Mediabox Test Automation\\Reports\\20220609_181011\\03. Parallel Testing (Testing)\\TS -PT PART 3\\08 Tag Mass Submit _ Import ref\\20220609_181054\\1654796758770.png, D:\\Projet Test Auto\\Mediabox Test Automation\\Reports\\20220609_181011\\03. Parallel Testing (Testing)\\TS -PT PART 3\\08 Tag Mass Submit _ Import ref\\20220609_181054\\1654796760701.png, D:\\Projet Test Auto\\Mediabox Test Automation\\Reports\\20220609_181011\\03. Parallel Testing (Testing)\\TS -PT PART 3\\08 Tag Mass Submit _ Import ref\\20220609_181054\\1654796773434.png, D:\\Projet Test Auto\\Mediabox Test Automation\\Reports\\20220609_181011\\03. Parallel Testing (Testing)\\TS -PT PART 3\\08 Tag Mass Submit _ Import ref\\20220609_181054\\1654796782049.png, D:\\Projet Test Auto\\Mediabox Test Automation\\Reports\\20220609_181011\\03. Parallel Testing (Testing)\\TS -PT PART 3\\08 Tag Mass Submit _ Import ref\\20220609_181054\\1654796809077.png, D:\\Projet Test Auto\\Mediabox Test Automation\\Reports\\20220609_181011\\03. Parallel Testing (Testing)\\TS -PT PART 3\\08 Tag Mass Submit _ Import ref\\20220609_181054\\1654796813760.png, D:\\Projet Test Auto\\Mediabox Test Automation\\Reports\\20220609_181011\\03. Parallel Testing (Testing)\\TS -PT PART 3\\08 Tag Mass Submit _ Import ref\\20220609_181054\\1654796833897.png, D:\\Projet Test Auto\\Mediabox Test Automation\\Reports\\20220609_181011\\03. Parallel Testing (Testing)\\TS -PT PART 3\\08 Tag Mass Submit _ Import ref\\20220609_181054\\1654796852273.png, D:\\Projet Test Auto\\Mediabox Test Automation\\Reports\\20220609_181011\\03. Parallel Testing (Testing)\\TS -PT PART 3\\08 Tag Mass Submit _ Import ref\\20220609_181054\\1654796868930.png, D:\\Projet Test Auto\\Mediabox Test Automation\\Reports\\20220609_181011\\03. Parallel Testing (Testing)\\TS -PT PART 3\\08 Tag Mass Submit _ Import ref\\20220609_181054\\1654796882582.png, D:\\Projet Test Auto\\Mediabox Test Automation\\Reports\\20220609_181011\\03. Parallel Testing (Testing)\\TS -PT PART 3\\08 Tag Mass Submit _ Import ref\\20220609_181054\\1654796894989.png, D:\\Projet Test Auto\\Mediabox Test Automation\\Reports\\20220609_181011\\03. Parallel Testing (Testing)\\TS -PT PART 3\\08 Tag Mass Submit _ Import ref\\20220609_181054\\1654796925323.png, D:\\Projet Test Auto\\Mediabox Test Automation\\Reports\\20220609_181011\\03. Parallel Testing (Testing)\\TS -PT PART 3\\08 Tag Mass Submit _ Import ref\\20220609_181054\\1654796929888.png, D:\\Projet Test Auto\\Mediabox Test Automation\\Reports\\20220609_181011\\03. Parallel Testing (Testing)\\TS -PT PART 3\\08 Tag Mass Submit _ Import ref\\20220609_181054\\1654796942078.png, D:\\Projet Test Auto\\Mediabox Test Automation\\Reports\\20220609_181011\\03. Parallel Testing (Testing)\\TS -PT PART 3\\08 Tag Mass Submit _ Import ref\\20220609_181054\\1654796954829.png, D:\\Projet Test Auto\\Mediabox Test Automation\\Reports\\20220609_181011\\03. Parallel Testing (Testing)\\TS -PT PART 3\\08 Tag Mass Submit _ Import ref\\20220609_181054\\1654796979844.png, D:\\Projet Test Auto\\Mediabox Test Automation\\Reports\\20220609_181011\\03. Parallel Testing (Testing)\\TS -PT PART 3\\08 Tag Mass Submit _ Import ref\\20220609_181054\\1654796983549.png, D:\\Projet Test Auto\\Mediabox Test Automation\\Reports\\20220609_181011\\03. Parallel Testing (Testing)\\TS -PT PART 3\\08 Tag Mass Submit _ Import ref\\20220609_181054\\1654796997492.png, D:\\Projet Test Auto\\Mediabox Test Automation\\Reports\\20220609_181011\\03. Parallel Testing (Testing)\\TS -PT PART 3\\08 Tag Mass Submit _ Import ref\\20220609_181054\\1654797011354.png, D:\\Projet Test Auto\\Mediabox Test Automation\\Reports\\20220609_181011\\03. Parallel Testing (Testing)\\TS -PT PART 3\\08 Tag Mass Submit _ Import ref\\20220609_181054\\1654797020889.png, D:\\Projet Test Auto\\Mediabox Test Automation\\Reports\\20220609_181011\\03. Parallel Testing (Testing)\\TS -PT PART 3\\08 Tag Mass Submit _ Import ref\\20220609_181054\\1654797029376.png, D:\\Projet Test Auto\\Mediabox Test Automation\\Reports\\20220609_181011\\03. Parallel Testing (Testing)\\TS -PT PART 3\\08 Tag Mass Submit _ Import ref\\20220609_181054\\1654797033007.png, D:\\Projet Test Auto\\Mediabox Test Automation\\Reports\\20220609_181011\\03. Parallel Testing (Testing)\\TS -PT PART 3\\08 Tag Mass Submit _ Import ref\\20220609_181054\\1654797041584.png, D:\\Projet Test Auto\\Mediabox Test Automation\\Reports\\20220609_181011\\03. Parallel Testing (Testing)\\TS -PT PART 3\\08 Tag Mass Submit _ Import ref\\20220609_181054\\1654797043597.png, D:\\Projet Test Auto\\Mediabox Test Automation\\Reports\\20220609_181011\\03. Parallel Testing (Testing)\\TS -PT PART 3\\08 Tag Mass Submit _ Import ref\\20220609_181054\\1654797045632.png, D:\\Projet Test Auto\\Mediabox Test Automation\\Reports\\20220609_181011\\03. Parallel Testing (Testing)\\TS -PT PART 3\\08 Tag Mass Submit _ Import ref\\20220609_181054\\1654797053606.png, D:\\Projet Test Auto\\Mediabox Test Automation\\Reports\\20220609_181011\\03. Parallel Testing (Testing)\\TS -PT PART 3\\08 Tag Mass Submit _ Import ref\\20220609_181054\\1654797071317.png, D:\\Projet Test Auto\\Mediabox Test Automation\\Reports\\20220609_181011\\03. Parallel Testing (Testing)\\TS -PT PART 3\\08 Tag Mass Submit _ Import ref\\20220609_181054\\1654797076532.png, D:\\Projet Test Auto\\Mediabox Test Automation\\Reports\\20220609_181011\\03. Parallel Testing (Testing)\\TS -PT PART 3\\08 Tag Mass Submit _ Import ref\\20220609_181054\\1654797091638.png, D:\\Projet Test Auto\\Mediabox Test Automation\\Reports\\20220609_181011\\03. Parallel Testing (Testing)\\TS -PT PART 3\\08 Tag Mass Submit _ Import ref\\20220609_181054\\1654797104150.png, D:\\Projet Test Auto\\Mediabox Test Automation\\Reports\\20220609_181011\\03. Parallel Testing (Testing)\\TS -PT PART 3\\08 Tag Mass Submit _ Import ref\\20220609_181054\\1654797107479.png, D:\\Projet Test Auto\\Mediabox Test Automation\\Reports\\20220609_181011\\03. Parallel Testing (Testing)\\TS -PT PART 3\\08 Tag Mass Submit _ Import ref\\20220609_181054\\1654797111146.png, D:\\Projet Test Auto\\Mediabox Test Automation\\Reports\\20220609_181011\\03. Parallel Testing (Testing)\\TS -PT PART 3\\08 Tag Mass Submit _ Import ref\\20220609_181054\\1654797128282.png, D:\\Projet Test Auto\\Mediabox Test Automation\\Reports\\20220609_181011\\03. Parallel Testing (Testing)\\TS -PT PART 3\\08 Tag Mass Submit _ Import ref\\20220609_181054\\1654797152819.png, D:\\Projet Test Auto\\Mediabox Test Automation\\Reports\\20220609_181011\\03. Parallel Testing (Testing)\\TS -PT PART 3\\08 Tag Mass Submit _ Import ref\\20220609_181054\\1654797162226.png, D:\\Projet Test Auto\\Mediabox Test Automation\\Reports\\20220609_181011\\03. Parallel Testing (Testing)\\TS -PT PART 3\\08 Tag Mass Submit _ Import ref\\20220609_181054\\1654797163636.png, D:\\Projet Test Auto\\Mediabox Test Automation\\Reports\\20220609_181011\\03. Parallel Testing (Testing)\\TS -PT PART 3\\08 Tag Mass Submit _ Import ref\\20220609_181054\\1654797172850.png, D:\\Projet Test Auto\\Mediabox Test Automation\\Reports\\20220609_181011\\03. Parallel Testing (Testing)\\TS -PT PART 3\\08 Tag Mass Submit _ Import ref\\20220609_181054\\1654797175229.png, D:\\Projet Test Auto\\Mediabox Test Automation\\Reports\\20220609_181011\\03. Parallel Testing (Testing)\\TS -PT PART 3\\08 Tag Mass Submit _ Import ref\\20220609_181054\\1654797207144.png, D:\\Projet Test Auto\\Mediabox Test Automation\\Reports\\20220609_181011\\03. Parallel Testing (Testing)\\TS -PT PART 3\\08 Tag Mass Submit _ Import ref\\20220609_181054\\1654797215597.png, D:\\Projet Test Auto\\Mediabox Test Automation\\Reports\\20220609_181011\\03. Parallel Testing (Testing)\\TS -PT PART 3\\08 Tag Mass Submit _ Import ref\\20220609_181054\\1654797221416.png, D:\\Projet Test Auto\\Mediabox Test Automation\\Reports\\20220609_181011\\03. Parallel Testing (Testing)\\TS -PT PART 3\\08 Tag Mass Submit _ Import ref\\20220609_181054\\1654797223322.png, D:\\Projet Test Auto\\Mediabox Test Automation\\Reports\\20220609_181011\\03. Parallel Testing (Testing)\\TS -PT PART 3\\08 Tag Mass Submit _ Import ref\\20220609_181054\\1654797232098.png, D:\\Projet Test Auto\\Mediabox Test Automation\\Reports\\20220609_181011\\03. Parallel Testing (Testing)\\TS -PT PART 3\\08 Tag Mass Submit _ Import ref\\20220609_181054\\1654797236952.png, D:\\Projet Test Auto\\Mediabox Test Automation\\Reports\\20220609_181011\\03. Parallel Testing (Testing)\\TS -PT PART 3\\08 Tag Mass Submit _ Import ref\\20220609_181054\\1654797257553.png, D:\\Projet Test Auto\\Mediabox Test Automation\\Reports\\20220609_181011\\03. Parallel Testing (Testing)\\TS -PT PART 3\\08 Tag Mass Submit _ Import ref\\20220609_181054\\1654797259255.png, D:\\Projet Test Auto\\Mediabox Test Automation\\Reports\\20220609_181011\\03. Parallel Testing (Testing)\\TS -PT PART 3\\08 Tag Mass Submit _ Import ref\\20220609_181054\\1654797302912.png, D:\\Projet Test Auto\\Mediabox Test Automation\\Reports\\20220609_181011\\03. Parallel Testing (Testing)\\TS -PT PART 3\\08 Tag Mass Submit _ Import ref\\20220609_181054\\1654797349025.png, D:\\Projet Test Auto\\Mediabox Test Automation\\Reports\\20220609_181011\\03. Parallel Testing (Testing)\\TS -PT PART 3\\08 Tag Mass Submit _ Import ref\\20220609_181054\\1654797399962.png, D:\\Projet Test Auto\\Mediabox Test Automation\\Reports\\20220609_181011\\03. Parallel Testing (Testing)\\TS -PT PART 3\\08 Tag Mass Submit _ Import ref\\20220609_181054\\1654797410265.png, D:\\Projet Test Auto\\Mediabox Test Automation\\Reports\\20220609_181011\\03. Parallel Testing (Testing)\\TS -PT PART 3\\08 Tag Mass Submit _ Import ref\\20220609_181054\\1654797422876.png, D:\\Projet Test Auto\\Mediabox Test Automation\\Reports\\20220609_181011\\03. Parallel Testing (Testing)\\TS -PT PART 3\\08 Tag Mass Submit _ Import ref\\20220609_181054\\1654797434602.png, D:\\Projet Test Auto\\Mediabox Test Automation\\Reports\\20220609_181011\\03. Parallel Testing (Testing)\\TS -PT PART 3\\08 Tag Mass Submit _ Import ref\\20220609_181054\\1654797445254.png, D:\\Projet Test Auto\\Mediabox Test Automation\\Reports\\20220609_181011\\03. Parallel Testing (Testing)\\TS -PT PART 3\\08 Tag Mass Submit _ Import ref\\20220609_181054\\1654797456806.png, D:\\Projet Test Auto\\Mediabox Test Automation\\Reports\\20220609_181011\\03. Parallel Testing (Testing)\\TS -PT PART 3\\08 Tag Mass Submit _ Import ref\\20220609_181054\\1654797494635.png, D:\\Projet Test Auto\\Mediabox Test Automation\\Reports\\20220609_181011\\03. Parallel Testing (Testing)\\TS -PT PART 3\\08 Tag Mass Submit _ Import ref\\20220609_181054\\1654797509252.png, D:\\Projet Test Auto\\Mediabox Test Automation\\Reports\\20220609_181011\\03. Parallel Testing (Testing)\\TS -PT PART 3\\08 Tag Mass Submit _ Import ref\\20220609_181054\\1654797521533.png, D:\\Projet Test Auto\\Mediabox Test Automation\\Reports\\20220609_181011\\03. Parallel Testing (Testing)\\TS -PT PART 3\\08 Tag Mass Submit _ Import ref\\20220609_181054\\1654797539155.png, D:\\Projet Test Auto\\Mediabox Test Automation\\Reports\\20220609_181011\\03. Parallel Testing (Testing)\\TS -PT PART 3\\08 Tag Mass Submit _ Import ref\\20220609_181054\\1654797550749.png, D:\\Projet Test Auto\\Mediabox Test Automation\\Reports\\20220609_181011\\03. Parallel Testing (Testing)\\TS -PT PART 3\\08 Tag Mass Submit _ Import ref\\20220609_181054\\1654797566614.png, D:\\Projet Test Auto\\Mediabox Test Automation\\Reports\\20220609_181011\\03. Parallel Testing (Testing)\\TS -PT PART 3\\08 Tag Mass Submit _ Import ref\\20220609_181054\\1654797635080.png, D:\\Projet Test Auto\\Mediabox Test Automation\\Reports\\20220609_181011\\03. Parallel Testing (Testing)\\TS -PT PART 3\\08 Tag Mass Submit _ Import ref\\20220609_181054\\1654797637605.png, D:\\Projet Test Auto\\Mediabox Test Automation\\Reports\\20220609_181011\\03. Parallel Testing (Testing)\\TS -PT PART 3\\08 Tag Mass Submit _ Import ref\\20220609_181054\\1654797639442.png, D:\\Projet Test Auto\\Mediabox Test Automation\\Reports\\20220609_181011\\03. Parallel Testing (Testing)\\TS -PT PART 3\\08 Tag Mass Submit _ Import ref\\20220609_181054\\1654797640782.png, D:\\Projet Test Auto\\Mediabox Test Automation\\Reports\\20220609_181011\\03. Parallel Testing (Testing)\\TS -PT PART 3\\08 Tag Mass Submit _ Import ref\\20220609_181054\\1654797642883.png, D:\\Projet Test Auto\\Mediabox Test Automation\\Reports\\20220609_181011\\03. Parallel Testing (Testing)\\TS -PT PART 3\\08 Tag Mass Submit _ Import ref\\20220609_181054\\1654797656416.png, D:\\Projet Test Auto\\Mediabox Test Automation\\Reports\\20220609_181011\\03. Parallel Testing (Testing)\\TS -PT PART 3\\08 Tag Mass Submit _ Import ref\\20220609_181054\\1654797659128.png, D:\\Projet Test Auto\\Mediabox Test Automation\\Reports\\20220609_181011\\03. Parallel Testing (Testing)\\TS -PT PART 3\\08 Tag Mass Submit _ Import ref\\20220609_181054\\1654797660981.png, D:\\Projet Test Auto\\Mediabox Test Automation\\Reports\\20220609_181011\\03. Parallel Testing (Testing)\\TS -PT PART 3\\08 Tag Mass Submit _ Import ref\\20220609_181054\\1654797661840.png, D:\\Projet Test Auto\\Mediabox Test Automation\\Reports\\20220609_181011\\03. Parallel Testing (Testing)\\TS -PT PART 3\\08 Tag Mass Submit _ Import ref\\20220609_181054\\1654797687752.png, D:\\Projet Test Auto\\Mediabox Test Automation\\Reports\\20220609_181011\\03. Parallel Testing (Testing)\\TS -PT PART 3\\08 Tag Mass Submit _ Import ref\\20220609_181054\\1654797689540.png, D:\\Projet Test Auto\\Mediabox Test Automation\\Reports\\20220609_181011\\03. Parallel Testing (Testing)\\TS -PT PART 3\\08 Tag Mass Submit _ Import ref\\20220609_181054\\1654797691203.png, D:\\Projet Test Auto\\Mediabox Test Automation\\Reports\\20220609_181011\\03. Parallel Testing (Testing)\\TS -PT PART 3\\08 Tag Mass Submit _ Import ref\\20220609_181054\\1654797697159.png, D:\\Projet Test Auto\\Mediabox Test Automation\\Reports\\20220609_181011\\03. Parallel Testing (Testing)\\TS -PT PART 3\\08 Tag Mass Submit _ Import ref\\20220609_181054\\1654797705919.png, D:\\Projet Test Auto\\Mediabox Test Automation\\Reports\\20220609_181011\\03. Parallel Testing (Testing)\\TS -PT PART 3\\08 Tag Mass Submit _ Import ref\\20220609_181054\\1654797728127.png, D:\\Projet Test Auto\\Mediabox Test Automation\\Reports\\20220609_181011\\03. Parallel Testing (Testing)\\TS -PT PART 3\\08 Tag Mass Submit _ Import ref\\20220609_181054\\1654797788873.png, D:\\Projet Test Auto\\Mediabox Test Automation\\Reports\\20220609_181011\\03. Parallel Testing (Testing)\\TS -PT PART 3\\08 Tag Mass Submit _ Import ref\\20220609_181054\\1654797793119.png, D:\\Projet Test Auto\\Mediabox Test Automation\\Reports\\20220609_181011\\03. Parallel Testing (Testing)\\TS -PT PART 3\\08 Tag Mass Submit _ Import ref\\20220609_181054\\1654797796269.png, D:\\Projet Test Auto\\Mediabox Test Automation\\Reports\\20220609_181011\\03. Parallel Testing (Testing)\\TS -PT PART 3\\08 Tag Mass Submit _ Import ref\\20220609_181054\\1654797812706.png, D:\\Projet Test Auto\\Mediabox Test Automation\\Reports\\20220609_181011\\03. Parallel Testing (Testing)\\TS -PT PART 3\\08 Tag Mass Submit _ Import ref\\20220609_181054\\1654797828614.png, D:\\Projet Test Auto\\Mediabox Test Automation\\Reports\\20220609_181011\\03. Parallel Testing (Testing)\\TS -PT PART 3\\08 Tag Mass Submit _ Import ref\\20220609_181054\\1654797843212.png, D:\\Projet Test Auto\\Mediabox Test Automation\\Reports\\20220609_181011\\03. Parallel Testing (Testing)\\TS -PT PART 3\\08 Tag Mass Submit _ Import ref\\20220609_181054\\1654797845156.png, D:\\Projet Test Auto\\Mediabox Test Automation\\Reports\\20220609_181011\\03. Parallel Testing (Testing)\\TS -PT PART 3\\08 Tag Mass Submit _ Import ref\\20220609_181054\\1654797847358.png, D:\\Projet Test Auto\\Mediabox Test Automation\\Reports\\20220609_181011\\03. Parallel Testing (Testing)\\TS -PT PART 3\\08 Tag Mass Submit _ Import ref\\20220609_181054\\1654797851385.png, D:\\Projet Test Auto\\Mediabox Test Automation\\Reports\\20220609_181011\\03. Parallel Testing (Testing)\\TS -PT PART 3\\08 Tag Mass Submit _ Import ref\\20220609_181054\\1654797855759.png, D:\\Projet Test Auto\\Mediabox Test Automation\\Reports\\20220609_181011\\03. Parallel Testing (Testing)\\TS -PT PART 3\\08 Tag Mass Submit _ Import ref\\20220609_181054\\1654797862075.png"/>
         <property name="hostName" value="lamhe - DPF-MBI-VERIF.ad.sgsco.int"/>
         <property name="os" value="Windows 10 64bit"/>
         <property name="katalonVersion" value="8.3.0.208"/>
         <property name="browser" value="Chrome 102.0.5005.63"/>
         <property name="hostAddress" value="10.15.10.53"/>
         <property name="sessionId" value="8487f8220bc59fc4be6625771989196f"/>
         <property name="seleniumVersion" value="3.141.59"/>
         <property name="proxyInformation" value="ProxyInformation { proxyOption=NO_PROXY, proxyServerType=HTTP, username=, password=********, proxyServerAddress=, proxyServerPort=0, executionList=&quot;&quot;, isApplyToDesiredCapabilities=true }"/>
         <property name="platform" value="Windows 10"/>
      </properties>
      <testcase name="Test Cases/06. Tag _ Dreyers _ NPP Mass Submit/6.03 tag_MassSubmit_controlTag(Project _ ref) P1 (6.04)" time="180.6" classname="Test Cases/06. Tag _ Dreyers _ NPP Mass Submit/6.03 tag_MassSubmit_controlTag(Project _ ref) P1 (6.04)" status="PASSED">
         <system-out><![CDATA[2022-06-09 19:25:34 - [TEST_CASE][PASSED] - Test Cases/06. Tag _ Dreyers _ NPP Mass Submit/6.03 tag_MassSubmit_controlTag(Project _ ref) P1 (6.04): Test Cases/06. Tag _ Dreyers _ NPP Mass Submit/6.03 tag_MassSubmit_controlTag(Project _ ref) P1 (6.04)

2022-06-09 19:25:35 - [TEST_STEP][PASSED] - data_Tag = findTestData("Data Files/Username_Password/Tag"): null

2022-06-09 19:25:35 - [TEST_STEP][PASSED] - password_jedun = data_Tag.getValue(3, 1): null

2022-06-09 19:25:36 - [TEST_STEP][PASSED] - password_rrowland = data_Tag.getValue(3, 2): null

2022-06-09 19:25:36 - [TEST_STEP][PASSED] - password_stest = data_Tag.getValue(3, 3): null

2022-06-09 19:25:36 - [TEST_STEP][PASSED] - password_itroin = data_Tag.getValue(3, 4): null

2022-06-09 19:25:36 - [TEST_STEP][PASSED] - password_igedik = data_Tag.getValue(3, 5): null

2022-06-09 19:25:36 - [TEST_STEP][PASSED] - password_mderdour = data_Tag.getValue(3, 6): null

2022-06-09 19:25:36 - [TEST_STEP][PASSED] - password_achatin = data_Tag.getValue(3, 7): null

2022-06-09 19:25:36 - [TEST_STEP][PASSED] - password_tliu = data_Tag.getValue(3, 8): null

2022-06-09 19:25:36 - [TEST_STEP][PASSED] - password_ccaramella = data_Tag.getValue(3, 9): null

2022-06-09 19:25:36 - [TEST_STEP][PASSED] - password_achay = data_Tag.getValue(3, 10): null

2022-06-09 19:25:36 - [TEST_STEP][PASSED] - password_cbono = data_Tag.getValue(3, 11): null

2022-06-09 19:25:36 - [TEST_STEP][PASSED] - password_pmareri = data_Tag.getValue(3, 12): null

2022-06-09 19:25:36 - [TEST_STEP][PASSED] - password_qeuzen = data_Tag.getValue(3, 13): null

2022-06-09 19:25:36 - [TEST_STEP][PASSED] - password_alanglois = data_Tag.getValue(3, 14): null

2022-06-09 19:25:36 - [TEST_STEP][PASSED] - password_bde_villeneuve = data_Tag.getValue(3, 15): null

2022-06-09 19:25:36 - [TEST_STEP][PASSED] - I.clearnotepad("D:\Upoad_File\Projet_ Login\Tag\6.03 Tag_ProjectNo\6.03_Tag_ProjectNo.txt"): null

2022-06-09 19:25:36 - [TEST_STEP][PASSED] - I.clearnotepad("D:\Upoad_File\Projet_ Login\Tag\6.03 Tag_ProjectNo\6.03_Tag_refID.txt"): null

2022-06-09 19:25:36 - [TEST_STEP][PASSED] - data_urlRELAUTO = findTestData("Data Files/URL/URL_relauto"): null

2022-06-09 19:25:36 - [TEST_STEP][PASSED] - Url_Tag = data_urlRELAUTO.getValue(2, 3): null

2022-06-09 19:25:36 - [TEST_STEP][PASSED] - openBrowser(Url_Tag): Browser is opened with url: 'http://mdb-release.diadeis.lan/MediaboxIndependence/?MBI_datasource=RELTESTAUTO_TAG'

2022-06-09 19:25:36 - [MESSAGE][INFO] - Starting 'Chrome (headless)' driver

2022-06-09 19:25:36 - [MESSAGE][INFO] - User set preference: ['args', '[--window-size=1920,1080, --headless]']

2022-06-09 19:25:36 - [MESSAGE][INFO] - Action delay is set to 0 milliseconds

2022-06-09 19:25:47 - [MESSAGE][PASSED] - Browser is opened with url: 'http://mdb-release.diadeis.lan/MediaboxIndependence/?MBI_datasource=RELTESTAUTO_TAG'

2022-06-09 19:25:47 - [TEST_STEP][PASSED] - maximizeWindow(): Current window maximized

2022-06-09 19:25:47 - [MESSAGE][PASSED] - Current window maximized

2022-06-09 19:25:47 - [TEST_STEP][PASSED] - waitForPageLoad(30): Wait for page load successfully

2022-06-09 19:25:48 - [MESSAGE][PASSED] - Wait for page load successfully

2022-06-09 19:25:48 - [TEST_STEP][PASSED] - takeScreenshot(): Taking screenshot successfully

2022-06-09 19:25:50 - [MESSAGE][PASSED] - Taking screenshot successfully
[[ATTACHMENT|D:\\Projet Test Auto\\Mediabox Test Automation\\Reports\\20220609_181011\\03. Parallel Testing (Testing)\\TS -PT PART 3\\08 Tag Mass Submit _ Import ref\\20220609_181054\\1654795549374.png]]

2022-06-09 19:25:50 - [TEST_STEP][PASSED] - I.Login_password("rrowland", password_rrowland): Object: 'Object Repository/1. Constant/xpath' is clicked on

2022-06-09 19:25:50 - [MESSAGE][PASSED] - Text 'rrowland' is set on object 'Object Repository/1. Constant/xpath'

2022-06-09 19:25:51 - [MESSAGE][PASSED] - Delayed 1 second(s)

2022-06-09 19:25:52 - [MESSAGE][PASSED] - Text 'dchi' is set on object 'Object Repository/1. Constant/xpath'

2022-06-09 19:25:53 - [MESSAGE][PASSED] - Delayed 1 second(s)

2022-06-09 19:26:01 - [MESSAGE][PASSED] - Object: 'Object Repository/1. Constant/xpath' is clicked on

2022-06-09 19:26:01 - [TEST_STEP][PASSED] - takeScreenshot(): Taking screenshot successfully

2022-06-09 19:26:01 - [MESSAGE][PASSED] - Taking screenshot successfully
[[ATTACHMENT|D:\\Projet Test Auto\\Mediabox Test Automation\\Reports\\20220609_181011\\03. Parallel Testing (Testing)\\TS -PT PART 3\\08 Tag Mass Submit _ Import ref\\20220609_181054\\1654795561607.png]]

2022-06-09 19:26:01 - [TEST_STEP][PASSED] - click(findTestObject("1. Constant/02_LHSMenu_Projects")): Object: 'Object Repository/1. Constant/02_LHSMenu_Projects' is clicked on

2022-06-09 19:26:11 - [MESSAGE][PASSED] - Object: 'Object Repository/1. Constant/02_LHSMenu_Projects' is clicked on

2022-06-09 19:26:11 - [TEST_STEP][PASSED] - click(findTestObject("1. Constant/xpath", ["xpath":"//*[@id="kt_content"]/div[3]/div/div/div[1]/div[2]/a[1]"])): Object: 'Object Repository/1. Constant/xpath' is clicked on

2022-06-09 19:26:13 - [MESSAGE][PASSED] - Object: 'Object Repository/1. Constant/xpath' is clicked on

2022-06-09 19:26:13 - [TEST_STEP][PASSED] - delay(1): Delayed 1 second(s)

2022-06-09 19:26:14 - [MESSAGE][PASSED] - Delayed 1 second(s)

2022-06-09 19:26:14 - [TEST_STEP][PASSED] - takeScreenshot(): Taking screenshot successfully

2022-06-09 19:26:14 - [MESSAGE][PASSED] - Taking screenshot successfully
[[ATTACHMENT|D:\\Projet Test Auto\\Mediabox Test Automation\\Reports\\20220609_181011\\03. Parallel Testing (Testing)\\TS -PT PART 3\\08 Tag Mass Submit _ Import ref\\20220609_181054\\1654795574099.png]]

2022-06-09 19:26:14 - [TEST_STEP][PASSED] - selectOptionByValue(findTestObject("1. Constant/xpath", ["xpath":"//*[@id="project_template"]"]), "14", false): All options with value '14' are selected in object 'Object Repository/1. Constant/xpath' 

2022-06-09 19:26:15 - [MESSAGE][PASSED] - All options with value '14' are selected in object 'Object Repository/1. Constant/xpath' 

2022-06-09 19:26:15 - [TEST_STEP][PASSED] - takeScreenshot(): Taking screenshot successfully

2022-06-09 19:26:15 - [MESSAGE][PASSED] - Taking screenshot successfully
[[ATTACHMENT|D:\\Projet Test Auto\\Mediabox Test Automation\\Reports\\20220609_181011\\03. Parallel Testing (Testing)\\TS -PT PART 3\\08 Tag Mass Submit _ Import ref\\20220609_181054\\1654795575060.png]]

2022-06-09 19:26:15 - [TEST_STEP][PASSED] - delay(2): Delayed 2 second(s)

2022-06-09 19:26:17 - [MESSAGE][PASSED] - Delayed 2 second(s)

2022-06-09 19:26:17 - [TEST_STEP][PASSED] - click(findTestObject("1. Constant/xpath", ["xpath":"//*[@id="ModifFiche"]/div[3]/div/button"])): Object: 'Object Repository/1. Constant/xpath' is clicked on

2022-06-09 19:26:26 - [MESSAGE][PASSED] - Object: 'Object Repository/1. Constant/xpath' is clicked on

2022-06-09 19:26:26 - [TEST_STEP][PASSED] - delay(10): Delayed 10 second(s)

2022-06-09 19:26:36 - [MESSAGE][PASSED] - Delayed 10 second(s)

2022-06-09 19:26:36 - [TEST_STEP][PASSED] - setText(findTestObject("1. Constant/xpath", ["xpath":"//*[@id="var_141"]"]), "AUto Test Mass submit"): Text 'AUto Test Mass submit' is set on object 'Object Repository/1. Constant/xpath'

2022-06-09 19:26:36 - [MESSAGE][PASSED] - Text 'AUto Test Mass submit' is set on object 'Object Repository/1. Constant/xpath'

2022-06-09 19:26:36 - [TEST_STEP][PASSED] - delay(2): Delayed 2 second(s)

2022-06-09 19:26:38 - [MESSAGE][PASSED] - Delayed 2 second(s)

2022-06-09 19:26:38 - [TEST_STEP][PASSED] - setText(findTestObject("1. Constant/xpath", ["xpath":"//*[@id="var_229"]"]), "PD description"): Text 'PD description' is set on object 'Object Repository/1. Constant/xpath'

2022-06-09 19:26:39 - [MESSAGE][PASSED] - Text 'PD description' is set on object 'Object Repository/1. Constant/xpath'

2022-06-09 19:26:39 - [TEST_STEP][PASSED] - delay(5): Delayed 5 second(s)

2022-06-09 19:26:44 - [MESSAGE][PASSED] - Delayed 5 second(s)

2022-06-09 19:26:44 - [TEST_STEP][PASSED] - Project_No = I.ProjectNo(): Current window's url is: 'http://mdb-release.diadeis.lan/MediaboxIndependence/Base/ExecAction?IDSession=MBI%21RELTESTAUTO_TAG%21FUQTZCM432EM3XR75LMM6979T4VPP9MWLXJB1P8R&default_action=ModifierProjet&id_project=MI003405'

2022-06-09 19:26:49 - [MESSAGE][PASSED] - Delayed 5 second(s)

2022-06-09 19:26:49 - [MESSAGE][PASSED] - Current window's url is: 'http://mdb-release.diadeis.lan/MediaboxIndependence/Base/ExecAction?IDSession=MBI%21RELTESTAUTO_TAG%21FUQTZCM432EM3XR75LMM6979T4VPP9MWLXJB1P8R&default_action=ModifierProjet&id_project=MI003405'

2022-06-09 19:26:49 - [TEST_STEP][PASSED] - takeScreenshot(): Taking screenshot successfully

2022-06-09 19:26:49 - [MESSAGE][PASSED] - Taking screenshot successfully
[[ATTACHMENT|D:\\Projet Test Auto\\Mediabox Test Automation\\Reports\\20220609_181011\\03. Parallel Testing (Testing)\\TS -PT PART 3\\08 Tag Mass Submit _ Import ref\\20220609_181054\\1654795609252.png]]

2022-06-09 19:26:49 - [TEST_STEP][PASSED] - click(findTestObject("1. Constant/xpath", ["xpath":"//*[@id="ModifFiche"]/div[3]/div/button/i"])): Object: 'Object Repository/1. Constant/xpath' is clicked on

2022-06-09 19:26:54 - [MESSAGE][PASSED] - Object: 'Object Repository/1. Constant/xpath' is clicked on

2022-06-09 19:26:54 - [TEST_STEP][PASSED] - delay(5): Delayed 5 second(s)

2022-06-09 19:26:59 - [MESSAGE][PASSED] - Delayed 5 second(s)

2022-06-09 19:26:59 - [TEST_STEP][PASSED] - takeScreenshot(): Taking screenshot successfully

2022-06-09 19:27:00 - [MESSAGE][PASSED] - Taking screenshot successfully
[[ATTACHMENT|D:\\Projet Test Auto\\Mediabox Test Automation\\Reports\\20220609_181011\\03. Parallel Testing (Testing)\\TS -PT PART 3\\08 Tag Mass Submit _ Import ref\\20220609_181054\\1654795619916.png]]

2022-06-09 19:27:00 - [TEST_STEP][PASSED] - click(findTestObject("1. Constant/xpath", ["xpath":"//*[@id="create_ref_btn"]/button"])): Object: 'Object Repository/1. Constant/xpath' is clicked on

2022-06-09 19:27:00 - [MESSAGE][PASSED] - Object: 'Object Repository/1. Constant/xpath' is clicked on

2022-06-09 19:27:00 - [TEST_STEP][PASSED] - click(findTestObject("1. Constant/xpath", ["xpath":"//*[@id="create_ref_btn"]/div/a"])): Object: 'Object Repository/1. Constant/xpath' is clicked on

2022-06-09 19:27:02 - [MESSAGE][PASSED] - Object: 'Object Repository/1. Constant/xpath' is clicked on

2022-06-09 19:27:02 - [TEST_STEP][PASSED] - selectOptionByValue(findTestObject("1. Constant/xpath", ["xpath":"//*[@id="ref_type"]"]), "13", false): All options with value '13' are selected in object 'Object Repository/1. Constant/xpath' 

2022-06-09 19:27:05 - [MESSAGE][PASSED] - All options with value '13' are selected in object 'Object Repository/1. Constant/xpath' 

2022-06-09 19:27:05 - [TEST_STEP][PASSED] - delay(1): Delayed 1 second(s)

2022-06-09 19:27:06 - [MESSAGE][PASSED] - Delayed 1 second(s)

2022-06-09 19:27:06 - [TEST_STEP][PASSED] - takeScreenshot(): Taking screenshot successfully

2022-06-09 19:27:06 - [MESSAGE][PASSED] - Taking screenshot successfully
[[ATTACHMENT|D:\\Projet Test Auto\\Mediabox Test Automation\\Reports\\20220609_181011\\03. Parallel Testing (Testing)\\TS -PT PART 3\\08 Tag Mass Submit _ Import ref\\20220609_181054\\1654795626412.png]]

2022-06-09 19:27:06 - [TEST_STEP][PASSED] - click(findTestObject("1. Constant/xpath", ["xpath":"//*[@id="ModifFiche"]/div[1]/div/button"])): Object: 'Object Repository/1. Constant/xpath' is clicked on

2022-06-09 19:27:12 - [MESSAGE][PASSED] - Object: 'Object Repository/1. Constant/xpath' is clicked on

2022-06-09 19:27:12 - [TEST_STEP][PASSED] - delay(1): Delayed 1 second(s)

2022-06-09 19:27:13 - [MESSAGE][PASSED] - Delayed 1 second(s)

2022-06-09 19:27:13 - [TEST_STEP][PASSED] - refID = I.RefID_tag(): Current window's url is: 'http://mdb-release.diadeis.lan/MediaboxIndependence/Base/ExecAction?IDSession=MBI%21RELTESTAUTO_TAG%21FUQTZCM432EM3XR75LMM6979T4VPP9MWLXJB1P8R&default_action=ModifierRef&id_project=MI003405&id_ref=24426&action_from=create_ref'

2022-06-09 19:27:18 - [MESSAGE][PASSED] - Delayed 5 second(s)

2022-06-09 19:27:18 - [MESSAGE][PASSED] - Current window's url is: 'http://mdb-release.diadeis.lan/MediaboxIndependence/Base/ExecAction?IDSession=MBI%21RELTESTAUTO_TAG%21FUQTZCM432EM3XR75LMM6979T4VPP9MWLXJB1P8R&default_action=ModifierRef&id_project=MI003405&id_ref=24426&action_from=create_ref'

2022-06-09 19:27:18 - [TEST_STEP][PASSED] - I.print(refID): null

2022-06-09 19:27:18 - [TEST_STEP][PASSED] - takeScreenshot(): Taking screenshot successfully

2022-06-09 19:27:18 - [MESSAGE][PASSED] - Taking screenshot successfully
[[ATTACHMENT|D:\\Projet Test Auto\\Mediabox Test Automation\\Reports\\20220609_181011\\03. Parallel Testing (Testing)\\TS -PT PART 3\\08 Tag Mass Submit _ Import ref\\20220609_181054\\1654795638652.png]]

2022-06-09 19:27:18 - [TEST_STEP][PASSED] - click(findTestObject("1. Constant/xpath", ["xpath":"//*[@id="ModifFiche"]/div[1]/div[1]/a"])): Object: 'Object Repository/1. Constant/xpath' is clicked on

2022-06-09 19:27:24 - [MESSAGE][PASSED] - Object: 'Object Repository/1. Constant/xpath' is clicked on

2022-06-09 19:27:24 - [TEST_STEP][PASSED] - click(findTestObject("1. Constant/xpath", ["xpath":"//*[@id="kt_content"]/div[3]/div/div[2]/div[1]/div[2]/span/div/button"])): Object: 'Object Repository/1. Constant/xpath' is clicked on

2022-06-09 19:27:24 - [MESSAGE][PASSED] - Object: 'Object Repository/1. Constant/xpath' is clicked on

2022-06-09 19:27:24 - [TEST_STEP][PASSED] - takeScreenshot(): Taking screenshot successfully

2022-06-09 19:27:25 - [MESSAGE][PASSED] - Taking screenshot successfully
[[ATTACHMENT|D:\\Projet Test Auto\\Mediabox Test Automation\\Reports\\20220609_181011\\03. Parallel Testing (Testing)\\TS -PT PART 3\\08 Tag Mass Submit _ Import ref\\20220609_181054\\1654795644851.png]]

2022-06-09 19:27:25 - [TEST_STEP][PASSED] - delay(1): Delayed 1 second(s)

2022-06-09 19:27:26 - [MESSAGE][PASSED] - Delayed 1 second(s)

2022-06-09 19:27:26 - [TEST_STEP][PASSED] - click(findTestObject("1. Constant/xpath", ["xpath":"/html/body/div[1]/div[2]/div[4]/div[3]/div/div[2]/div[1]/div[2]/span/div/div/a[3]"])): Object: 'Object Repository/1. Constant/xpath' is clicked on

2022-06-09 19:27:26 - [MESSAGE][PASSED] - Object: 'Object Repository/1. Constant/xpath' is clicked on

2022-06-09 19:27:26 - [TEST_STEP][PASSED] - takeScreenshot(): Taking screenshot successfully

2022-06-09 19:27:27 - [MESSAGE][PASSED] - Taking screenshot successfully
[[ATTACHMENT|D:\\Projet Test Auto\\Mediabox Test Automation\\Reports\\20220609_181011\\03. Parallel Testing (Testing)\\TS -PT PART 3\\08 Tag Mass Submit _ Import ref\\20220609_181054\\1654795646807.png]]

2022-06-09 19:27:27 - [TEST_STEP][PASSED] - delay(1): Delayed 1 second(s)

2022-06-09 19:27:28 - [MESSAGE][PASSED] - Delayed 1 second(s)

2022-06-09 19:27:28 - [TEST_STEP][PASSED] - check(findTestObject("1. Constant/xpath", ["xpath":"/html/body/div[1]/div[2]/div[4]/div[3]/div/div[2]/div[2]/div[1]/table/tbody/tr/td[1]/label"])): Object 'Object Repository/1. Constant/xpath' is checked

2022-06-09 19:27:28 - [MESSAGE][PASSED] - Object 'Object Repository/1. Constant/xpath' is checked

2022-06-09 19:27:28 - [TEST_STEP][PASSED] - click(findTestObject("1. Constant/xpath", ["xpath":"//*[@id="action_btnMassSubmit"]"])): Object: 'Object Repository/1. Constant/xpath' is clicked on

2022-06-09 19:27:29 - [MESSAGE][PASSED] - Object: 'Object Repository/1. Constant/xpath' is clicked on

2022-06-09 19:27:29 - [TEST_STEP][PASSED] - takeScreenshot(): Taking screenshot successfully

2022-06-09 19:27:29 - [MESSAGE][PASSED] - Taking screenshot successfully
[[ATTACHMENT|D:\\Projet Test Auto\\Mediabox Test Automation\\Reports\\20220609_181011\\03. Parallel Testing (Testing)\\TS -PT PART 3\\08 Tag Mass Submit _ Import ref\\20220609_181054\\1654795649142.png]]

2022-06-09 19:27:29 - [TEST_STEP][PASSED] - Actual_text1 = getText(findTestObject("1. Constant/xpath", ["xpath":"//*[@id="tablecontentNOK"]/table/tbody/tr/td[2]"])): Text of object 'Object Repository/1. Constant/xpath' is: 'Missing mandatory information at project level
Missing mandatory information at reference level'

2022-06-09 19:27:29 - [MESSAGE][PASSED] - Text of object 'Object Repository/1. Constant/xpath' is: 'Missing mandatory information at project level
Missing mandatory information at reference level'

2022-06-09 19:27:29 - [TEST_STEP][PASSED] - I.print(Actual_text1): null

2022-06-09 19:27:29 - [TEST_STEP][PASSED] - verifyMatch(Actual_text1, "Missing mandatory information at project level" + "
" + "Missing mandatory information at reference level", false): Actual text 'Missing mandatory information at project level
Missing mandatory information at reference level' and expected text 'Missing mandatory information at project level
Missing mandatory information at reference level' are matched 

2022-06-09 19:27:29 - [MESSAGE][PASSED] - Actual text 'Missing mandatory information at project level
Missing mandatory information at reference level' and expected text 'Missing mandatory information at project level
Missing mandatory information at reference level' are matched 

2022-06-09 19:27:29 - [TEST_STEP][PASSED] - click(findTestObject("1. Constant/xpath", ["xpath":"//*[@id="modal_mass_submit"]/div/div/div[2]/div[2]/div/button[1]"])): Object: 'Object Repository/1. Constant/xpath' is clicked on

2022-06-09 19:27:30 - [MESSAGE][PASSED] - Object: 'Object Repository/1. Constant/xpath' is clicked on

2022-06-09 19:27:30 - [TEST_STEP][PASSED] - takeScreenshot(): Taking screenshot successfully

2022-06-09 19:27:30 - [MESSAGE][PASSED] - Taking screenshot successfully
[[ATTACHMENT|D:\\Projet Test Auto\\Mediabox Test Automation\\Reports\\20220609_181011\\03. Parallel Testing (Testing)\\TS -PT PART 3\\08 Tag Mass Submit _ Import ref\\20220609_181054\\1654795650129.png]]

2022-06-09 19:27:30 - [TEST_STEP][PASSED] - click(findTestObject("1. Constant/xpath", ["xpath":"//*[@id="source_" + refID + ""]/td[15]/a[2]"])): Object: 'Object Repository/1. Constant/xpath' is clicked on

2022-06-09 19:27:33 - [MESSAGE][PASSED] - Object: 'Object Repository/1. Constant/xpath' is clicked on

2022-06-09 19:27:33 - [TEST_STEP][PASSED] - takeScreenshot(): Taking screenshot successfully

2022-06-09 19:27:34 - [MESSAGE][PASSED] - Taking screenshot successfully
[[ATTACHMENT|D:\\Projet Test Auto\\Mediabox Test Automation\\Reports\\20220609_181011\\03. Parallel Testing (Testing)\\TS -PT PART 3\\08 Tag Mass Submit _ Import ref\\20220609_181054\\1654795653976.png]]

2022-06-09 19:27:34 - [TEST_STEP][PASSED] - setText(findTestObject("1. Constant/xpath", ["xpath":"//*[@id="var_117"]"]), "MKT_PART_1"): Text 'MKT_PART_1' is set on object 'Object Repository/1. Constant/xpath'

2022-06-09 19:27:35 - [MESSAGE][PASSED] - Text 'MKT_PART_1' is set on object 'Object Repository/1. Constant/xpath'

2022-06-09 19:27:35 - [TEST_STEP][PASSED] - selectOptionByValue(findTestObject("1. Constant/xpath", ["xpath":"//*[@id="var_57"]"]), "134", false): All options with value '134' are selected in object 'Object Repository/1. Constant/xpath' 

2022-06-09 19:27:35 - [MESSAGE][PASSED] - All options with value '134' are selected in object 'Object Repository/1. Constant/xpath' 

2022-06-09 19:27:35 - [TEST_STEP][PASSED] - selectOptionByValue(findTestObject("1. Constant/xpath", ["xpath":"//*[@id="var_28"]"]), "15738", false): All options with value '15738' are selected in object 'Object Repository/1. Constant/xpath' 

2022-06-09 19:27:35 - [MESSAGE][PASSED] - All options with value '15738' are selected in object 'Object Repository/1. Constant/xpath' 

2022-06-09 19:27:35 - [TEST_STEP][PASSED] - click(findTestObject("1. Constant/xpath", ["xpath":"//*[@id="ModifFiche"]/div[1]/div/button[1]"])): Object: 'Object Repository/1. Constant/xpath' is clicked on

2022-06-09 19:27:42 - [MESSAGE][PASSED] - Object: 'Object Repository/1. Constant/xpath' is clicked on

2022-06-09 19:27:42 - [TEST_STEP][PASSED] - delay(5): Delayed 5 second(s)

2022-06-09 19:27:47 - [MESSAGE][PASSED] - Delayed 5 second(s)

2022-06-09 19:27:47 - [TEST_STEP][PASSED] - click(findTestObject("1. Constant/xpath", ["xpath":"//*[@id="kt_content"]/div[3]/div/div[2]/div[1]/div[2]/span/div[2]/button"])): Object: 'Object Repository/1. Constant/xpath' is clicked on

2022-06-09 19:27:47 - [MESSAGE][PASSED] - Object: 'Object Repository/1. Constant/xpath' is clicked on

2022-06-09 19:27:47 - [TEST_STEP][PASSED] - takeScreenshot(): Taking screenshot successfully

2022-06-09 19:27:49 - [MESSAGE][PASSED] - Taking screenshot successfully
[[ATTACHMENT|D:\\Projet Test Auto\\Mediabox Test Automation\\Reports\\20220609_181011\\03. Parallel Testing (Testing)\\TS -PT PART 3\\08 Tag Mass Submit _ Import ref\\20220609_181054\\1654795668495.png]]

2022-06-09 19:27:49 - [TEST_STEP][PASSED] - delay(1): Delayed 1 second(s)

2022-06-09 19:27:50 - [MESSAGE][PASSED] - Delayed 1 second(s)

2022-06-09 19:27:50 - [TEST_STEP][PASSED] - click(findTestObject("1. Constant/xpath", ["xpath":"/html/body/div[1]/div[2]/div[4]/div[3]/div/div[2]/div[1]/div[2]/span/div[2]/div/a[3]"])): Object: 'Object Repository/1. Constant/xpath' is clicked on

2022-06-09 19:27:50 - [MESSAGE][PASSED] - Object: 'Object Repository/1. Constant/xpath' is clicked on

2022-06-09 19:27:50 - [TEST_STEP][PASSED] - delay(1): Delayed 1 second(s)

2022-06-09 19:27:51 - [MESSAGE][PASSED] - Delayed 1 second(s)

2022-06-09 19:27:51 - [TEST_STEP][PASSED] - check(findTestObject("1. Constant/xpath", ["xpath":"/html/body/div[1]/div[2]/div[4]/div[3]/div/div[2]/div[2]/div[1]/table/tbody/tr/td[1]/label"])): Object 'Object Repository/1. Constant/xpath' is checked

2022-06-09 19:27:53 - [MESSAGE][PASSED] - Object 'Object Repository/1. Constant/xpath' is checked

2022-06-09 19:27:53 - [TEST_STEP][PASSED] - takeScreenshot(): Taking screenshot successfully

2022-06-09 19:27:53 - [MESSAGE][PASSED] - Taking screenshot successfully
[[ATTACHMENT|D:\\Projet Test Auto\\Mediabox Test Automation\\Reports\\20220609_181011\\03. Parallel Testing (Testing)\\TS -PT PART 3\\08 Tag Mass Submit _ Import ref\\20220609_181054\\1654795673583.png]]

2022-06-09 19:27:53 - [TEST_STEP][PASSED] - click(findTestObject("1. Constant/xpath", ["xpath":"//*[@id="action_btnMassSubmit"]"])): Object: 'Object Repository/1. Constant/xpath' is clicked on

2022-06-09 19:27:55 - [MESSAGE][PASSED] - Object: 'Object Repository/1. Constant/xpath' is clicked on

2022-06-09 19:27:55 - [TEST_STEP][PASSED] - takeScreenshot(): Taking screenshot successfully

2022-06-09 19:27:56 - [MESSAGE][PASSED] - Taking screenshot successfully
[[ATTACHMENT|D:\\Projet Test Auto\\Mediabox Test Automation\\Reports\\20220609_181011\\03. Parallel Testing (Testing)\\TS -PT PART 3\\08 Tag Mass Submit _ Import ref\\20220609_181054\\1654795675730.png]]

2022-06-09 19:27:56 - [TEST_STEP][PASSED] - Actual_text2 = getText(findTestObject("1. Constant/xpath", ["xpath":"//*[@id="tablecontentNOK"]/table/tbody/tr/td[2]"])): Text of object 'Object Repository/1. Constant/xpath' is: 'Missing mandatory information at project level'

2022-06-09 19:27:56 - [MESSAGE][PASSED] - Text of object 'Object Repository/1. Constant/xpath' is: 'Missing mandatory information at project level'

2022-06-09 19:27:56 - [TEST_STEP][PASSED] - I.print(Actual_text2): null

2022-06-09 19:27:56 - [TEST_STEP][PASSED] - verifyMatch(Actual_text2, "Missing mandatory information at project level", false): Actual text 'Missing mandatory information at project level' and expected text 'Missing mandatory information at project level' are matched 

2022-06-09 19:27:56 - [MESSAGE][PASSED] - Actual text 'Missing mandatory information at project level' and expected text 'Missing mandatory information at project level' are matched 

2022-06-09 19:27:56 - [TEST_STEP][PASSED] - click(findTestObject("1. Constant/xpath", ["xpath":"//*[@id="modal_mass_submit"]/div/div/div[2]/div[2]/div/button[1]"])): Object: 'Object Repository/1. Constant/xpath' is clicked on

2022-06-09 19:27:57 - [MESSAGE][PASSED] - Object: 'Object Repository/1. Constant/xpath' is clicked on

2022-06-09 19:27:57 - [TEST_STEP][PASSED] - delay(1): Delayed 1 second(s)

2022-06-09 19:27:58 - [MESSAGE][PASSED] - Delayed 1 second(s)

2022-06-09 19:27:58 - [TEST_STEP][PASSED] - takeScreenshot(): Taking screenshot successfully

2022-06-09 19:27:58 - [MESSAGE][PASSED] - Taking screenshot successfully
[[ATTACHMENT|D:\\Projet Test Auto\\Mediabox Test Automation\\Reports\\20220609_181011\\03. Parallel Testing (Testing)\\TS -PT PART 3\\08 Tag Mass Submit _ Import ref\\20220609_181054\\1654795678079.png]]

2022-06-09 19:27:58 - [TEST_STEP][PASSED] - click(findTestObject("1. Constant/xpath", ["xpath":"//*[@id="card_project"]/div[2]/div/div[3]/a[2]"])): Object: 'Object Repository/1. Constant/xpath' is clicked on

2022-06-09 19:28:02 - [MESSAGE][PASSED] - Object: 'Object Repository/1. Constant/xpath' is clicked on

2022-06-09 19:28:02 - [TEST_STEP][PASSED] - setText(findTestObject("1. Constant/xpath", ["xpath":"//*[@id="var_141"]"]), "Project name - mass submit "): Text 'Project name - mass submit ' is set on object 'Object Repository/1. Constant/xpath'

2022-06-09 19:28:03 - [MESSAGE][PASSED] - Text 'Project name - mass submit ' is set on object 'Object Repository/1. Constant/xpath'

2022-06-09 19:28:03 - [TEST_STEP][PASSED] - selectOptionByValue(findTestObject("1. Constant/xpath", ["xpath":"//*[@id="var_12"]"]), "16291", false): All options with value '16291' are selected in object 'Object Repository/1. Constant/xpath' 

2022-06-09 19:28:03 - [MESSAGE][PASSED] - All options with value '16291' are selected in object 'Object Repository/1. Constant/xpath' 

2022-06-09 19:28:03 - [TEST_STEP][PASSED] - selectOptionByValue(findTestObject("1. Constant/xpath", ["xpath":"//*[@id="var_116"]"]), "1070", false): All options with value '1070' are selected in object 'Object Repository/1. Constant/xpath' 

2022-06-09 19:28:04 - [MESSAGE][PASSED] - All options with value '1070' are selected in object 'Object Repository/1. Constant/xpath' 

2022-06-09 19:28:04 - [TEST_STEP][PASSED] - selectOptionByValue(findTestObject("1. Constant/xpath", ["xpath":"//*[@id="var_262"]"]), "16352", false): All options with value '16352' are selected in object 'Object Repository/1. Constant/xpath' 

2022-06-09 19:28:04 - [MESSAGE][PASSED] - All options with value '16352' are selected in object 'Object Repository/1. Constant/xpath' 

2022-06-09 19:28:04 - [TEST_STEP][PASSED] - setText(findTestObject("1. Constant/xpath", ["xpath":"//*[@id="var_14"]"]), "10/10/2030 "): Text '10/10/2030 ' is set on object 'Object Repository/1. Constant/xpath'

2022-06-09 19:28:05 - [MESSAGE][PASSED] - Text '10/10/2030 ' is set on object 'Object Repository/1. Constant/xpath'

2022-06-09 19:28:05 - [TEST_STEP][PASSED] - scrollToElement(findTestObject("1. Constant/xpath", ["xpath":"//*[@id="var_18"]"]), 5): Scroll to object 'Object Repository/1. Constant/xpath' successfully

2022-06-09 19:28:05 - [MESSAGE][PASSED] - Scroll to object 'Object Repository/1. Constant/xpath' successfully

2022-06-09 19:28:05 - [TEST_STEP][PASSED] - selectOptionByValue(findTestObject("1. Constant/xpath", ["xpath":"//*[@id="var_18"]"]), "14527", false): All options with value '14527' are selected in object 'Object Repository/1. Constant/xpath' 

2022-06-09 19:28:06 - [MESSAGE][PASSED] - All options with value '14527' are selected in object 'Object Repository/1. Constant/xpath' 

2022-06-09 19:28:06 - [TEST_STEP][PASSED] - selectOptionByValue(findTestObject("1. Constant/xpath", ["xpath":"//*[@id="var_20"]"]), "3773", false): All options with value '3773' are selected in object 'Object Repository/1. Constant/xpath' 

2022-06-09 19:28:07 - [MESSAGE][PASSED] - All options with value '3773' are selected in object 'Object Repository/1. Constant/xpath' 

2022-06-09 19:28:07 - [TEST_STEP][PASSED] - scrollToElement(findTestObject("1. Constant/xpath", ["xpath":"//*[@id="selSource_24"]"]), 5): Scroll to object 'Object Repository/1. Constant/xpath' successfully

2022-06-09 19:28:07 - [MESSAGE][PASSED] - Scroll to object 'Object Repository/1. Constant/xpath' successfully

2022-06-09 19:28:07 - [TEST_STEP][PASSED] - I.select_multiplelist("//*[@id="selSource_24"]", "//*[@id="btnAdd_24"]", "aetheve"): Delayed 1 second(s)

2022-06-09 19:28:08 - [MESSAGE][PASSED] - Delayed 1 second(s)

2022-06-09 19:28:09 - [MESSAGE][PASSED] - All options with value 'aetheve' are selected in object 'Object Repository/1. Constant/xpath' 

2022-06-09 19:28:11 - [MESSAGE][PASSED] - Delayed 2 second(s)

2022-06-09 19:28:11 - [MESSAGE][PASSED] - Object: 'Object Repository/1. Constant/xpath' is clicked on

2022-06-09 19:28:12 - [MESSAGE][PASSED] - Delayed 1 second(s)

2022-06-09 19:28:12 - [TEST_STEP][PASSED] - takeScreenshot(): Taking screenshot successfully

2022-06-09 19:28:12 - [MESSAGE][PASSED] - Taking screenshot successfully
[[ATTACHMENT|D:\\Projet Test Auto\\Mediabox Test Automation\\Reports\\20220609_181011\\03. Parallel Testing (Testing)\\TS -PT PART 3\\08 Tag Mass Submit _ Import ref\\20220609_181054\\1654795692346.png]]

2022-06-09 19:28:12 - [TEST_STEP][PASSED] - click(findTestObject("1. Constant/xpath", ["xpath":"//*[@id="ModifFiche"]/div[3]/div/button"])): Object: 'Object Repository/1. Constant/xpath' is clicked on

2022-06-09 19:28:17 - [MESSAGE][PASSED] - Object: 'Object Repository/1. Constant/xpath' is clicked on

2022-06-09 19:28:17 - [TEST_STEP][PASSED] - delay(1): Delayed 1 second(s)

2022-06-09 19:28:18 - [MESSAGE][PASSED] - Delayed 1 second(s)

2022-06-09 19:28:18 - [TEST_STEP][PASSED] - click(findTestObject("1. Constant/xpath", ["xpath":"//*[@id="kt_content"]/div[3]/div/div[2]/div[1]/div[2]/span/div[2]/button"])): Object: 'Object Repository/1. Constant/xpath' is clicked on

2022-06-09 19:28:18 - [MESSAGE][PASSED] - Object: 'Object Repository/1. Constant/xpath' is clicked on

2022-06-09 19:28:18 - [TEST_STEP][PASSED] - takeScreenshot(): Taking screenshot successfully

2022-06-09 19:28:19 - [MESSAGE][PASSED] - Taking screenshot successfully
[[ATTACHMENT|D:\\Projet Test Auto\\Mediabox Test Automation\\Reports\\20220609_181011\\03. Parallel Testing (Testing)\\TS -PT PART 3\\08 Tag Mass Submit _ Import ref\\20220609_181054\\1654795698953.png]]

2022-06-09 19:28:19 - [TEST_STEP][PASSED] - delay(1): Delayed 1 second(s)

2022-06-09 19:28:20 - [MESSAGE][PASSED] - Delayed 1 second(s)

2022-06-09 19:28:20 - [TEST_STEP][PASSED] - click(findTestObject("1. Constant/xpath", ["xpath":"/html/body/div[1]/div[2]/div[4]/div[3]/div/div[2]/div[1]/div[2]/span/div[2]/div/a[3]"])): Object: 'Object Repository/1. Constant/xpath' is clicked on

2022-06-09 19:28:21 - [MESSAGE][PASSED] - Object: 'Object Repository/1. Constant/xpath' is clicked on

2022-06-09 19:28:21 - [TEST_STEP][PASSED] - delay(1): Delayed 1 second(s)

2022-06-09 19:28:22 - [MESSAGE][PASSED] - Delayed 1 second(s)

2022-06-09 19:28:22 - [TEST_STEP][PASSED] - check(findTestObject("1. Constant/xpath", ["xpath":"/html/body/div[1]/div[2]/div[4]/div[3]/div/div[2]/div[2]/div[1]/table/tbody/tr/td[1]/label"])): Object 'Object Repository/1. Constant/xpath' is checked

2022-06-09 19:28:22 - [MESSAGE][PASSED] - Object 'Object Repository/1. Constant/xpath' is checked

2022-06-09 19:28:22 - [TEST_STEP][PASSED] - takeScreenshot(): Taking screenshot successfully

2022-06-09 19:28:22 - [MESSAGE][PASSED] - Taking screenshot successfully
[[ATTACHMENT|D:\\Projet Test Auto\\Mediabox Test Automation\\Reports\\20220609_181011\\03. Parallel Testing (Testing)\\TS -PT PART 3\\08 Tag Mass Submit _ Import ref\\20220609_181054\\1654795702670.png]]

2022-06-09 19:28:22 - [TEST_STEP][PASSED] - click(findTestObject("1. Constant/xpath", ["xpath":"//*[@id="action_btnMassSubmit"]"])): Object: 'Object Repository/1. Constant/xpath' is clicked on

2022-06-09 19:28:25 - [MESSAGE][PASSED] - Object: 'Object Repository/1. Constant/xpath' is clicked on

2022-06-09 19:28:25 - [TEST_STEP][PASSED] - takeScreenshot(): Taking screenshot successfully

2022-06-09 19:28:26 - [MESSAGE][PASSED] - Taking screenshot successfully
[[ATTACHMENT|D:\\Projet Test Auto\\Mediabox Test Automation\\Reports\\20220609_181011\\03. Parallel Testing (Testing)\\TS -PT PART 3\\08 Tag Mass Submit _ Import ref\\20220609_181054\\1654795705752.png]]

2022-06-09 19:28:26 - [TEST_STEP][PASSED] - Actual_text3 = getText(findTestObject("1. Constant/xpath", ["xpath":"//*[@id="card_submitable_references"]/div[1]/div[1]"])): Text of object 'Object Repository/1. Constant/xpath' is: 'List of references ready for submission (1)'

2022-06-09 19:28:26 - [MESSAGE][PASSED] - Text of object 'Object Repository/1. Constant/xpath' is: 'List of references ready for submission (1)'

2022-06-09 19:28:26 - [TEST_STEP][PASSED] - I.print(Actual_text3): null

2022-06-09 19:28:26 - [TEST_STEP][PASSED] - verifyMatch(Actual_text3, "List of references ready for submission (1)", false): Actual text 'List of references ready for submission (1)' and expected text 'List of references ready for submission (1)' are matched 

2022-06-09 19:28:26 - [MESSAGE][PASSED] - Actual text 'List of references ready for submission (1)' and expected text 'List of references ready for submission (1)' are matched 

2022-06-09 19:28:26 - [TEST_STEP][PASSED] - Actual_text4 = getText(findTestObject("1. Constant/xpath", ["xpath":"//*[@id="tablecontentOK"]/table/tbody/tr"])): Text of object 'Object Repository/1. Constant/xpath' is: 'MKT_PART_1_Fake_Accessory_ C&A: Brief completion'

2022-06-09 19:28:26 - [MESSAGE][PASSED] - Text of object 'Object Repository/1. Constant/xpath' is: 'MKT_PART_1_Fake_Accessory_ C&A: Brief completion'

2022-06-09 19:28:26 - [TEST_STEP][PASSED] - I.print(Actual_text4): null

2022-06-09 19:28:26 - [TEST_STEP][PASSED] - verifyMatch(Actual_text4, "MKT_PART_1_Fake_Accessory_ C&A: Brief completion", false): Actual text 'MKT_PART_1_Fake_Accessory_ C&A: Brief completion' and expected text 'MKT_PART_1_Fake_Accessory_ C&A: Brief completion' are matched 

2022-06-09 19:28:26 - [MESSAGE][PASSED] - Actual text 'MKT_PART_1_Fake_Accessory_ C&A: Brief completion' and expected text 'MKT_PART_1_Fake_Accessory_ C&A: Brief completion' are matched 

2022-06-09 19:28:26 - [TEST_STEP][PASSED] - click(findTestObject("1. Constant/xpath", ["xpath":"//*[@id="btn_submit_mass_submit"]"])): Object: 'Object Repository/1. Constant/xpath' is clicked on

2022-06-09 19:28:32 - [MESSAGE][PASSED] - Object: 'Object Repository/1. Constant/xpath' is clicked on

2022-06-09 19:28:32 - [TEST_STEP][PASSED] - Actual_text6 = getText(findTestObject("1. Constant/xpath", ["xpath":"//*[@id="toast-container"]/div/div[2]"])): Text of object 'Object Repository/1. Constant/xpath' is: 'Success: the selected references have been successfully submitted'

2022-06-09 19:28:33 - [MESSAGE][PASSED] - Text of object 'Object Repository/1. Constant/xpath' is: 'Success: the selected references have been successfully submitted'

2022-06-09 19:28:33 - [TEST_STEP][PASSED] - I.print(Actual_text6): null

2022-06-09 19:28:33 - [TEST_STEP][PASSED] - verifyMatch(Actual_text6, "Success: the selected references have been successfully submitted", false): Actual text 'Success: the selected references have been successfully submitted' and expected text 'Success: the selected references have been successfully submitted' are matched 

2022-06-09 19:28:33 - [MESSAGE][PASSED] - Actual text 'Success: the selected references have been successfully submitted' and expected text 'Success: the selected references have been successfully submitted' are matched 

2022-06-09 19:28:33 - [TEST_STEP][PASSED] - takeScreenshot(): Taking screenshot successfully

2022-06-09 19:28:33 - [MESSAGE][PASSED] - Taking screenshot successfully
[[ATTACHMENT|D:\\Projet Test Auto\\Mediabox Test Automation\\Reports\\20220609_181011\\03. Parallel Testing (Testing)\\TS -PT PART 3\\08 Tag Mass Submit _ Import ref\\20220609_181054\\1654795713162.png]]

2022-06-09 19:28:33 - [TEST_STEP][PASSED] - Actual_text7 = getText(findTestObject("1. Constant/xpath", ["xpath":"//*[@id="source_" + refID + ""]/td[12]/span[1]"])): Text of object 'Object Repository/1. Constant/xpath' is: 'C&A: Brief completion'

2022-06-09 19:28:33 - [MESSAGE][PASSED] - Text of object 'Object Repository/1. Constant/xpath' is: 'C&A: Brief completion'

2022-06-09 19:28:33 - [TEST_STEP][PASSED] - I.print(Actual_text7): null

2022-06-09 19:28:33 - [TEST_STEP][PASSED] - verifyMatch(Actual_text7, "C&A: Brief completion", false): Actual text 'C&A: Brief completion' and expected text 'C&A: Brief completion' are matched 

2022-06-09 19:28:33 - [MESSAGE][PASSED] - Actual text 'C&A: Brief completion' and expected text 'C&A: Brief completion' are matched 

2022-06-09 19:28:33 - [TEST_STEP][PASSED] - I.writenotepad("D:\Upoad_File\Projet_ Login\Tag\6.03 Tag_ProjectNo\6.03_Tag_ProjectNo.txt", Project_No): null

2022-06-09 19:28:33 - [TEST_STEP][PASSED] - I.writenotepad("D:\Upoad_File\Projet_ Login\Tag\6.03 Tag_ProjectNo\6.03_Tag_refID.txt", refID): null

2022-06-09 19:28:33 - [TEST_STEP][PASSED] - closeBrowser(): Browser is closed

2022-06-09 19:28:34 - [MESSAGE][PASSED] - Browser is closed

2022-06-09 19:28:34 - [TEST_STEP][PASSED] - Start listener action : sampleAfterTestCase: null]]></system-out>
         <system-err><![CDATA[]]></system-err>
      </testcase>
      <testcase name="Test Cases/14. Tag Import ref (P1 - P3 Consecutive)/14.1 Tag_Import_Ref_Creation_Update P1" time="499.357" classname="Test Cases/14. Tag Import ref (P1 - P3 Consecutive)/14.1 Tag_Import_Ref_Creation_Update P1" status="PASSED">
         <system-out><![CDATA[2022-06-09 19:28:34 - [TEST_CASE][PASSED] - Test Cases/14. Tag Import ref (P1 - P3 Consecutive)/14.1 Tag_Import_Ref_Creation_Update P1: Test Cases/14. Tag Import ref (P1 - P3 Consecutive)/14.1 Tag_Import_Ref_Creation_Update P1

2022-06-09 19:28:35 - [TEST_STEP][PASSED] - data_Tag = findTestData("Data Files/Username_Password/Tag"): null

2022-06-09 19:28:35 - [TEST_STEP][PASSED] - password_jedun = data_Tag.getValue(3, 1): null

2022-06-09 19:28:35 - [TEST_STEP][PASSED] - password_rrowland = data_Tag.getValue(3, 2): null

2022-06-09 19:28:35 - [TEST_STEP][PASSED] - password_stest = data_Tag.getValue(3, 3): null

2022-06-09 19:28:35 - [TEST_STEP][PASSED] - password_itroin = data_Tag.getValue(3, 4): null

2022-06-09 19:28:35 - [TEST_STEP][PASSED] - password_igedik = data_Tag.getValue(3, 5): null

2022-06-09 19:28:35 - [TEST_STEP][PASSED] - password_mderdour = data_Tag.getValue(3, 6): null

2022-06-09 19:28:35 - [TEST_STEP][PASSED] - password_achatin = data_Tag.getValue(3, 7): null

2022-06-09 19:28:35 - [TEST_STEP][PASSED] - password_tliu = data_Tag.getValue(3, 8): null

2022-06-09 19:28:35 - [TEST_STEP][PASSED] - password_ccaramella = data_Tag.getValue(3, 9): null

2022-06-09 19:28:35 - [TEST_STEP][PASSED] - password_achay = data_Tag.getValue(3, 10): null

2022-06-09 19:28:35 - [TEST_STEP][PASSED] - password_cbono = data_Tag.getValue(3, 11): null

2022-06-09 19:28:35 - [TEST_STEP][PASSED] - password_pmareri = data_Tag.getValue(3, 12): null

2022-06-09 19:28:35 - [TEST_STEP][PASSED] - data_urlRELAUTO = findTestData("Data Files/URL/URL_relauto"): null

2022-06-09 19:28:35 - [TEST_STEP][PASSED] - Url_Tag = data_urlRELAUTO.getValue(2, 3): null

2022-06-09 19:28:35 - [TEST_STEP][PASSED] - I.clearnotepad("D:\Upoad_File\Projet_ Login\Tag\14.01 Tag _Project_No\14.01_Tag_ProjectNo.txt"): null

2022-06-09 19:28:35 - [TEST_STEP][PASSED] - I.clearnotepad("D:\Upoad_File\Projet_ Login\Tag\14.01 Tag _Project_No\14.01_Tag_refID1.txt"): null

2022-06-09 19:28:35 - [TEST_STEP][PASSED] - I.clearnotepad("D:\Upoad_File\Projet_ Login\Tag\14.01 Tag _Project_No\14.01_Tag_refID2.txt"): null

2022-06-09 19:28:35 - [TEST_STEP][PASSED] - I.clearnotepad("D:\Upoad_File\Projet_ Login\Tag\14.01 Tag _Project_No\14.01_Tag_refID3.txt"): null

2022-06-09 19:28:35 - [TEST_STEP][PASSED] - openBrowser(Url_Tag): Browser is opened with url: 'http://mdb-release.diadeis.lan/MediaboxIndependence/?MBI_datasource=RELTESTAUTO_TAG'

2022-06-09 19:28:35 - [MESSAGE][INFO] - Starting 'Chrome (headless)' driver

2022-06-09 19:28:35 - [MESSAGE][INFO] - User set preference: ['args', '[--window-size=1920,1080, --headless]']

2022-06-09 19:28:35 - [MESSAGE][INFO] - Action delay is set to 0 milliseconds

2022-06-09 19:28:46 - [MESSAGE][PASSED] - Browser is opened with url: 'http://mdb-release.diadeis.lan/MediaboxIndependence/?MBI_datasource=RELTESTAUTO_TAG'

2022-06-09 19:28:46 - [TEST_STEP][PASSED] - maximizeWindow(): Current window maximized

2022-06-09 19:28:46 - [MESSAGE][PASSED] - Current window maximized

2022-06-09 19:28:46 - [TEST_STEP][PASSED] - waitForPageLoad(30): Wait for page load successfully

2022-06-09 19:28:46 - [MESSAGE][PASSED] - Wait for page load successfully

2022-06-09 19:28:46 - [TEST_STEP][PASSED] - takeScreenshot(): Taking screenshot successfully

2022-06-09 19:28:46 - [MESSAGE][PASSED] - Taking screenshot successfully
[[ATTACHMENT|D:\\Projet Test Auto\\Mediabox Test Automation\\Reports\\20220609_181011\\03. Parallel Testing (Testing)\\TS -PT PART 3\\08 Tag Mass Submit _ Import ref\\20220609_181054\\1654795726752.png]]

2022-06-09 19:28:46 - [TEST_STEP][PASSED] - I.Login_password("jedun", password_jedun): Object: 'Object Repository/1. Constant/xpath' is clicked on

2022-06-09 19:28:47 - [MESSAGE][PASSED] - Text 'jedun' is set on object 'Object Repository/1. Constant/xpath'

2022-06-09 19:28:48 - [MESSAGE][PASSED] - Delayed 1 second(s)

2022-06-09 19:28:49 - [MESSAGE][PASSED] - Text 'dchi' is set on object 'Object Repository/1. Constant/xpath'

2022-06-09 19:28:50 - [MESSAGE][PASSED] - Delayed 1 second(s)

2022-06-09 19:28:59 - [MESSAGE][PASSED] - Object: 'Object Repository/1. Constant/xpath' is clicked on

2022-06-09 19:28:59 - [TEST_STEP][PASSED] - click(findTestObject("1. Constant/02_LHSMenu_Projects")): Object: 'Object Repository/1. Constant/02_LHSMenu_Projects' is clicked on

2022-06-09 19:29:06 - [MESSAGE][PASSED] - Object: 'Object Repository/1. Constant/02_LHSMenu_Projects' is clicked on

2022-06-09 19:29:06 - [TEST_STEP][PASSED] - delay(1): Delayed 1 second(s)

2022-06-09 19:29:07 - [MESSAGE][PASSED] - Delayed 1 second(s)

2022-06-09 19:29:07 - [TEST_STEP][PASSED] - click(findTestObject("1. Constant/xpath", ["xpath":"//*[@id="kt_content"]/div[3]/div/div/div[1]/div[2]/a[1]"])): Object: 'Object Repository/1. Constant/xpath' is clicked on

2022-06-09 19:29:09 - [MESSAGE][PASSED] - Object: 'Object Repository/1. Constant/xpath' is clicked on

2022-06-09 19:29:09 - [TEST_STEP][PASSED] - delay(1): Delayed 1 second(s)

2022-06-09 19:29:10 - [MESSAGE][PASSED] - Delayed 1 second(s)

2022-06-09 19:29:10 - [TEST_STEP][PASSED] - I.SelectFromList_Value("//*[@id="project_template"]", "11"): Delayed 2 second(s)

2022-06-09 19:29:11 - [MESSAGE][PASSED] - All options with value '11' are selected in object 'Object Repository/1. Constant/xpath' 

2022-06-09 19:29:13 - [MESSAGE][PASSED] - Delayed 2 second(s)

2022-06-09 19:29:13 - [TEST_STEP][PASSED] - takeScreenshot(): Taking screenshot successfully

2022-06-09 19:29:13 - [MESSAGE][PASSED] - Taking screenshot successfully
[[ATTACHMENT|D:\\Projet Test Auto\\Mediabox Test Automation\\Reports\\20220609_181011\\03. Parallel Testing (Testing)\\TS -PT PART 3\\08 Tag Mass Submit _ Import ref\\20220609_181054\\1654795753338.png]]

2022-06-09 19:29:13 - [TEST_STEP][PASSED] - click(findTestObject("1. Constant/xpath", ["xpath":"//*[@id="ModifFiche"]/div[3]/div/button"])): Object: 'Object Repository/1. Constant/xpath' is clicked on

2022-06-09 19:29:20 - [MESSAGE][PASSED] - Object: 'Object Repository/1. Constant/xpath' is clicked on

2022-06-09 19:29:20 - [TEST_STEP][PASSED] - delay(5): Delayed 5 second(s)

2022-06-09 19:29:25 - [MESSAGE][PASSED] - Delayed 5 second(s)

2022-06-09 19:29:25 - [TEST_STEP][PASSED] - takeScreenshot(): Taking screenshot successfully

2022-06-09 19:29:26 - [MESSAGE][PASSED] - Taking screenshot successfully
[[ATTACHMENT|D:\\Projet Test Auto\\Mediabox Test Automation\\Reports\\20220609_181011\\03. Parallel Testing (Testing)\\TS -PT PART 3\\08 Tag Mass Submit _ Import ref\\20220609_181054\\1654795765735.png]]

2022-06-09 19:29:26 - [TEST_STEP][PASSED] - project_name = "AutoTest_Chrome_ImportRef1_" + RandomStringUtils.randomAlphanumeric(5) + "_" + I.gettimedate(): null

2022-06-09 19:29:26 - [TEST_STEP][PASSED] - setText(findTestObject("1. Constant/xpath", ["xpath":"//*[@id="var_141"]"]), project_name): Text 'AutoTest_Chrome_ImportRef1_YbLlQ_juin092022_192926' is set on object 'Object Repository/1. Constant/xpath'

2022-06-09 19:29:27 - [MESSAGE][PASSED] - Text 'AutoTest_Chrome_ImportRef1_YbLlQ_juin092022_192926' is set on object 'Object Repository/1. Constant/xpath'

2022-06-09 19:29:27 - [TEST_STEP][PASSED] - I.SelectFromList_Value("//*[@id="var_12"]", "1026"): Delayed 2 second(s)

2022-06-09 19:29:27 - [MESSAGE][PASSED] - All options with value '1026' are selected in object 'Object Repository/1. Constant/xpath' 

2022-06-09 19:29:30 - [MESSAGE][PASSED] - Delayed 2 second(s)

2022-06-09 19:29:30 - [TEST_STEP][PASSED] - I.SelectFromList_Value("//*[@id="var_116"]", "1070"): Delayed 2 second(s)

2022-06-09 19:29:30 - [MESSAGE][PASSED] - All options with value '1070' are selected in object 'Object Repository/1. Constant/xpath' 

2022-06-09 19:29:32 - [MESSAGE][PASSED] - Delayed 2 second(s)

2022-06-09 19:29:32 - [TEST_STEP][PASSED] - I.SelectFromList_Value("//*[@id="var_262"]", "16352"): Delayed 2 second(s)

2022-06-09 19:29:33 - [MESSAGE][PASSED] - All options with value '16352' are selected in object 'Object Repository/1. Constant/xpath' 

2022-06-09 19:29:35 - [MESSAGE][PASSED] - Delayed 2 second(s)

2022-06-09 19:29:35 - [TEST_STEP][PASSED] - setText(findTestObject("1. Constant/xpath", ["xpath":"//*[@id="var_14"]"]), "10/10/2030"): Text '10/10/2030' is set on object 'Object Repository/1. Constant/xpath'

2022-06-09 19:29:35 - [MESSAGE][PASSED] - Text '10/10/2030' is set on object 'Object Repository/1. Constant/xpath'

2022-06-09 19:29:35 - [TEST_STEP][PASSED] - I.SelectFromList_Value("//*[@id="var_15"]", "19"): Delayed 2 second(s)

2022-06-09 19:29:36 - [MESSAGE][PASSED] - All options with value '19' are selected in object 'Object Repository/1. Constant/xpath' 

2022-06-09 19:29:38 - [MESSAGE][PASSED] - Delayed 2 second(s)

2022-06-09 19:29:38 - [TEST_STEP][PASSED] - I.SelectFromList_Value("//*[@id="var_16"]", "716"): Delayed 2 second(s)

2022-06-09 19:29:39 - [MESSAGE][PASSED] - All options with value '716' are selected in object 'Object Repository/1. Constant/xpath' 

2022-06-09 19:29:41 - [MESSAGE][PASSED] - Delayed 2 second(s)

2022-06-09 19:29:41 - [TEST_STEP][PASSED] - I.SelectFromList_Value("//*[@id="var_17"]", "14518"): Delayed 2 second(s)

2022-06-09 19:29:42 - [MESSAGE][PASSED] - All options with value '14518' are selected in object 'Object Repository/1. Constant/xpath' 

2022-06-09 19:29:44 - [MESSAGE][PASSED] - Delayed 2 second(s)

2022-06-09 19:29:44 - [TEST_STEP][PASSED] - I.SelectFromList_Value("//*[@id="var_18"]", "14541"): Delayed 2 second(s)

2022-06-09 19:29:44 - [MESSAGE][PASSED] - All options with value '14541' are selected in object 'Object Repository/1. Constant/xpath' 

2022-06-09 19:29:46 - [MESSAGE][PASSED] - Delayed 2 second(s)

2022-06-09 19:29:46 - [TEST_STEP][PASSED] - I.SelectFromList_Value("//*[@id="var_19"]", "14886"): Delayed 2 second(s)

2022-06-09 19:29:46 - [MESSAGE][PASSED] - All options with value '14886' are selected in object 'Object Repository/1. Constant/xpath' 

2022-06-09 19:29:48 - [MESSAGE][PASSED] - Delayed 2 second(s)

2022-06-09 19:29:48 - [TEST_STEP][PASSED] - I.SelectFromList_Value("//*[@id="var_20"]", "3773"): Delayed 2 second(s)

2022-06-09 19:29:49 - [MESSAGE][PASSED] - All options with value '3773' are selected in object 'Object Repository/1. Constant/xpath' 

2022-06-09 19:29:51 - [MESSAGE][PASSED] - Delayed 2 second(s)

2022-06-09 19:29:51 - [TEST_STEP][PASSED] - I.SelectFromList_Value("//*[@id="var_21"]", "246"): Delayed 2 second(s)

2022-06-09 19:29:52 - [MESSAGE][PASSED] - All options with value '246' are selected in object 'Object Repository/1. Constant/xpath' 

2022-06-09 19:29:54 - [MESSAGE][PASSED] - Delayed 2 second(s)

2022-06-09 19:29:54 - [TEST_STEP][PASSED] - I.SelectFromList_Value("//*[@id="var_22"]", "3854"): Delayed 2 second(s)

2022-06-09 19:29:55 - [MESSAGE][PASSED] - All options with value '3854' are selected in object 'Object Repository/1. Constant/xpath' 

2022-06-09 19:29:57 - [MESSAGE][PASSED] - Delayed 2 second(s)

2022-06-09 19:29:57 - [TEST_STEP][PASSED] - I.select_multiplelist("//*[@id="selSource_23"]", "//*[@id="btnAdd_23"]", "cbono"): Delayed 1 second(s)

2022-06-09 19:29:58 - [MESSAGE][PASSED] - Delayed 1 second(s)

2022-06-09 19:29:58 - [MESSAGE][PASSED] - All options with value 'cbono' are selected in object 'Object Repository/1. Constant/xpath' 

2022-06-09 19:30:00 - [MESSAGE][PASSED] - Delayed 2 second(s)

2022-06-09 19:30:01 - [MESSAGE][PASSED] - Object: 'Object Repository/1. Constant/xpath' is clicked on

2022-06-09 19:30:02 - [MESSAGE][PASSED] - Delayed 1 second(s)

2022-06-09 19:30:02 - [TEST_STEP][PASSED] - delay(2): Delayed 2 second(s)

2022-06-09 19:30:04 - [MESSAGE][PASSED] - Delayed 2 second(s)

2022-06-09 19:30:04 - [TEST_STEP][PASSED] - I.select_multiplelist("//*[@id="selSource_24"]", "//*[@id="btnAdd_24"]", "alanglois"): Delayed 1 second(s)

2022-06-09 19:30:05 - [MESSAGE][PASSED] - Delayed 1 second(s)

2022-06-09 19:30:05 - [MESSAGE][PASSED] - All options with value 'alanglois' are selected in object 'Object Repository/1. Constant/xpath' 

2022-06-09 19:30:07 - [MESSAGE][PASSED] - Delayed 2 second(s)

2022-06-09 19:30:09 - [MESSAGE][PASSED] - Object: 'Object Repository/1. Constant/xpath' is clicked on

2022-06-09 19:30:10 - [MESSAGE][PASSED] - Delayed 1 second(s)

2022-06-09 19:30:10 - [TEST_STEP][PASSED] - Project_No = I.ProjectNo(): Current window's url is: 'http://mdb-release.diadeis.lan/MediaboxIndependence/Base/ExecAction?IDSession=MBI%21RELTESTAUTO_TAG%21RTRXRXERWML2YT6AD34WPTL0DQC1UK5FCSFUCHEE&default_action=ModifierProjet&id_project=MI003406'

2022-06-09 19:30:15 - [MESSAGE][PASSED] - Delayed 5 second(s)

2022-06-09 19:30:15 - [MESSAGE][PASSED] - Current window's url is: 'http://mdb-release.diadeis.lan/MediaboxIndependence/Base/ExecAction?IDSession=MBI%21RELTESTAUTO_TAG%21RTRXRXERWML2YT6AD34WPTL0DQC1UK5FCSFUCHEE&default_action=ModifierProjet&id_project=MI003406'

2022-06-09 19:30:15 - [TEST_STEP][PASSED] - click(findTestObject("1. Constant/xpath", ["xpath":"//*[@id="ModifFiche"]/div[3]/div/button/i"])): Object: 'Object Repository/1. Constant/xpath' is clicked on

2022-06-09 19:30:20 - [MESSAGE][PASSED] - Object: 'Object Repository/1. Constant/xpath' is clicked on

2022-06-09 19:30:20 - [TEST_STEP][PASSED] - delay(10): Delayed 10 second(s)

2022-06-09 19:30:30 - [MESSAGE][PASSED] - Delayed 10 second(s)

2022-06-09 19:30:30 - [TEST_STEP][PASSED] - takeScreenshot(): Taking screenshot successfully

2022-06-09 19:30:31 - [MESSAGE][PASSED] - Taking screenshot successfully
[[ATTACHMENT|D:\\Projet Test Auto\\Mediabox Test Automation\\Reports\\20220609_181011\\03. Parallel Testing (Testing)\\TS -PT PART 3\\08 Tag Mass Submit _ Import ref\\20220609_181054\\1654795830762.png]]

2022-06-09 19:30:31 - [TEST_STEP][PASSED] - click(findTestObject("1. Constant/xpath", ["xpath":"//*[@id="create_ref_btn"]/button"])): Object: 'Object Repository/1. Constant/xpath' is clicked on

2022-06-09 19:30:31 - [MESSAGE][PASSED] - Object: 'Object Repository/1. Constant/xpath' is clicked on

2022-06-09 19:30:31 - [TEST_STEP][PASSED] - delay(1): Delayed 1 second(s)

2022-06-09 19:30:32 - [MESSAGE][PASSED] - Delayed 1 second(s)

2022-06-09 19:30:32 - [TEST_STEP][PASSED] - takeScreenshot(): Taking screenshot successfully

2022-06-09 19:30:32 - [MESSAGE][PASSED] - Taking screenshot successfully
[[ATTACHMENT|D:\\Projet Test Auto\\Mediabox Test Automation\\Reports\\20220609_181011\\03. Parallel Testing (Testing)\\TS -PT PART 3\\08 Tag Mass Submit _ Import ref\\20220609_181054\\1654795832720.png]]

2022-06-09 19:30:32 - [TEST_STEP][PASSED] - click(findTestObject("1. Constant/xpath", ["xpath":"//*[@id="create_ref_btn"]/div/a[2]"])): Object: 'Object Repository/1. Constant/xpath' is clicked on

2022-06-09 19:30:39 - [MESSAGE][PASSED] - Object: 'Object Repository/1. Constant/xpath' is clicked on

2022-06-09 19:30:39 - [TEST_STEP][PASSED] - delay(2): Delayed 2 second(s)

2022-06-09 19:30:41 - [MESSAGE][PASSED] - Delayed 2 second(s)

2022-06-09 19:30:41 - [TEST_STEP][PASSED] - takeScreenshot(): Taking screenshot successfully

2022-06-09 19:30:41 - [MESSAGE][PASSED] - Taking screenshot successfully
[[ATTACHMENT|D:\\Projet Test Auto\\Mediabox Test Automation\\Reports\\20220609_181011\\03. Parallel Testing (Testing)\\TS -PT PART 3\\08 Tag Mass Submit _ Import ref\\20220609_181054\\1654795841597.png]]

2022-06-09 19:30:41 - [TEST_STEP][PASSED] - I.SelectFromList_Value("//*[@id="import_tpl"]", "6"): Delayed 2 second(s)

2022-06-09 19:30:43 - [MESSAGE][PASSED] - All options with value '6' are selected in object 'Object Repository/1. Constant/xpath' 

2022-06-09 19:30:45 - [MESSAGE][PASSED] - Delayed 2 second(s)

2022-06-09 19:30:45 - [TEST_STEP][PASSED] - I.SelectFromList_Value("//*[@id="lfc_tpl"]", "29"): Delayed 2 second(s)

2022-06-09 19:30:47 - [MESSAGE][PASSED] - All options with value '29' are selected in object 'Object Repository/1. Constant/xpath' 

2022-06-09 19:30:49 - [MESSAGE][PASSED] - Delayed 2 second(s)

2022-06-09 19:30:49 - [TEST_STEP][PASSED] - I.UploadDoc_sendkey_field("//*[@id="xml_file"]", "D:\Upoad_File\AUTOMATION Import ref template TAG\A14.01 Import template.xlsx", ""): Text '' is present on page 

2022-06-09 19:30:51 - [MESSAGE][PASSED] - Delayed 2 second(s)

2022-06-09 19:30:52 - [MESSAGE][PASSED] - Keys 'D:\Upoad_File\AUTOMATION Import ref template TAG\A14.01 Import template.xlsx' sent to object: 'Object Repository/1. Constant/xpath'

2022-06-09 19:30:53 - [MESSAGE][PASSED] - Text '' is present on page 

2022-06-09 19:30:53 - [TEST_STEP][PASSED] - verifyTextNotPresent("Aucun fichier choisi", false): Text 'Aucun fichier choisi' is not present on page

2022-06-09 19:30:53 - [MESSAGE][PASSED] - Text 'Aucun fichier choisi' is not present on page

2022-06-09 19:30:53 - [TEST_STEP][PASSED] - takeScreenshot(): Taking screenshot successfully

2022-06-09 19:30:54 - [MESSAGE][PASSED] - Taking screenshot successfully
[[ATTACHMENT|D:\\Projet Test Auto\\Mediabox Test Automation\\Reports\\20220609_181011\\03. Parallel Testing (Testing)\\TS -PT PART 3\\08 Tag Mass Submit _ Import ref\\20220609_181054\\1654795853732.png]]

2022-06-09 19:30:54 - [TEST_STEP][PASSED] - delay(1): Delayed 1 second(s)

2022-06-09 19:30:55 - [MESSAGE][PASSED] - Delayed 1 second(s)

2022-06-09 19:30:55 - [TEST_STEP][PASSED] - click(findTestObject("1. Constant/xpath", ["xpath":"//*[@id="ModifFiche"]/div[7]/div/button[1]"])): Object: 'Object Repository/1. Constant/xpath' is clicked on

2022-06-09 19:31:05 - [MESSAGE][PASSED] - Object: 'Object Repository/1. Constant/xpath' is clicked on

2022-06-09 19:31:05 - [TEST_STEP][PASSED] - I.Pagedown(): Execute JavaScript 'window.scrollTo(0, document.body.scrollHeight)' successfully

2022-06-09 19:31:06 - [MESSAGE][PASSED] - Execute JavaScript 'window.scrollTo(0, document.body.scrollHeight)' successfully

2022-06-09 19:31:06 - [TEST_STEP][PASSED] - takeScreenshot(): Taking screenshot successfully

2022-06-09 19:31:06 - [MESSAGE][PASSED] - Taking screenshot successfully
[[ATTACHMENT|D:\\Projet Test Auto\\Mediabox Test Automation\\Reports\\20220609_181011\\03. Parallel Testing (Testing)\\TS -PT PART 3\\08 Tag Mass Submit _ Import ref\\20220609_181054\\1654795866539.png]]

2022-06-09 19:31:06 - [TEST_STEP][PASSED] - text1 = getText(findTestObject("1. Constant/xpath", ["xpath":"//*[@id="control_block_error"]"])): Text of object 'Object Repository/1. Constant/xpath' is: 'CHECK FILE RESULT : ERROR
   Couldn't find the sheet "AC TEC Template_CPD" in the excel file.'

2022-06-09 19:31:07 - [MESSAGE][PASSED] - Text of object 'Object Repository/1. Constant/xpath' is: 'CHECK FILE RESULT : ERROR
   Couldn't find the sheet "AC TEC Template_CPD" in the excel file.'

2022-06-09 19:31:07 - [TEST_STEP][PASSED] - I.print(text1): null

2022-06-09 19:31:07 - [TEST_STEP][PASSED] - verifyMatch(text1, "CHECK FILE RESULT : ERROR" + "
" + "   Couldn't find the sheet "AC TEC Template_CPD" in the excel file.", false): Actual text 'CHECK FILE RESULT : ERROR
   Couldn't find the sheet "AC TEC Template_CPD" in the excel file.' and expected text 'CHECK FILE RESULT : ERROR
   Couldn't find the sheet "AC TEC Template_CPD" in the excel file.' are matched 

2022-06-09 19:31:07 - [MESSAGE][PASSED] - Actual text 'CHECK FILE RESULT : ERROR
   Couldn't find the sheet "AC TEC Template_CPD" in the excel file.' and expected text 'CHECK FILE RESULT : ERROR
   Couldn't find the sheet "AC TEC Template_CPD" in the excel file.' are matched 

2022-06-09 19:31:07 - [TEST_STEP][PASSED] - verifyElementNotVisible(findTestObject("1. Constant/xpath", ["xpath":"//*[@id="ModifFiche"]/div[1]/div/button[2]"])): Object 'Object Repository/1. Constant/xpath' is NOT visible

2022-06-09 19:31:07 - [MESSAGE][PASSED] - Object 'Object Repository/1. Constant/xpath' is NOT visible

2022-06-09 19:31:07 - [TEST_STEP][PASSED] - verifyElementNotVisible(findTestObject("1. Constant/xpath", ["xpath":"//*[@id="ModifFiche"]/div[7]/div/button[2]"])): Object 'Object Repository/1. Constant/xpath' is NOT visible

2022-06-09 19:31:08 - [MESSAGE][PASSED] - Object 'Object Repository/1. Constant/xpath' is NOT visible

2022-06-09 19:31:08 - [TEST_STEP][PASSED] - click(findTestObject("1. Constant/xpath", ["xpath":"//*[@id="ModifFiche"]/div[1]/div/a"])): Object: 'Object Repository/1. Constant/xpath' is clicked on

2022-06-09 19:31:12 - [MESSAGE][PASSED] - Object: 'Object Repository/1. Constant/xpath' is clicked on

2022-06-09 19:31:12 - [TEST_STEP][PASSED] - delay(1): Delayed 1 second(s)

2022-06-09 19:31:13 - [MESSAGE][PASSED] - Delayed 1 second(s)

2022-06-09 19:31:13 - [TEST_STEP][PASSED] - takeScreenshot(): Taking screenshot successfully

2022-06-09 19:31:13 - [MESSAGE][PASSED] - Taking screenshot successfully
[[ATTACHMENT|D:\\Projet Test Auto\\Mediabox Test Automation\\Reports\\20220609_181011\\03. Parallel Testing (Testing)\\TS -PT PART 3\\08 Tag Mass Submit _ Import ref\\20220609_181054\\1654795873550.png]]

2022-06-09 19:31:13 - [TEST_STEP][PASSED] - click(findTestObject("1. Constant/xpath", ["xpath":"//*[@id="create_ref_btn"]/button"])): Object: 'Object Repository/1. Constant/xpath' is clicked on

2022-06-09 19:31:14 - [MESSAGE][PASSED] - Object: 'Object Repository/1. Constant/xpath' is clicked on

2022-06-09 19:31:14 - [TEST_STEP][PASSED] - delay(1): Delayed 1 second(s)

2022-06-09 19:31:15 - [MESSAGE][PASSED] - Delayed 1 second(s)

2022-06-09 19:31:15 - [TEST_STEP][PASSED] - click(findTestObject("1. Constant/xpath", ["xpath":"//*[@id="create_ref_btn"]/div/a[2]"])): Object: 'Object Repository/1. Constant/xpath' is clicked on

2022-06-09 19:31:18 - [MESSAGE][PASSED] - Object: 'Object Repository/1. Constant/xpath' is clicked on

2022-06-09 19:31:18 - [TEST_STEP][PASSED] - delay(2): Delayed 2 second(s)

2022-06-09 19:31:20 - [MESSAGE][PASSED] - Delayed 2 second(s)

2022-06-09 19:31:20 - [TEST_STEP][PASSED] - takeScreenshot(): Taking screenshot successfully

2022-06-09 19:31:20 - [MESSAGE][PASSED] - Taking screenshot successfully
[[ATTACHMENT|D:\\Projet Test Auto\\Mediabox Test Automation\\Reports\\20220609_181011\\03. Parallel Testing (Testing)\\TS -PT PART 3\\08 Tag Mass Submit _ Import ref\\20220609_181054\\1654795880187.png]]

2022-06-09 19:31:20 - [TEST_STEP][PASSED] - I.SelectFromList_Value("//*[@id="import_tpl"]", "7"): Delayed 2 second(s)

2022-06-09 19:31:22 - [MESSAGE][PASSED] - All options with value '7' are selected in object 'Object Repository/1. Constant/xpath' 

2022-06-09 19:31:24 - [MESSAGE][PASSED] - Delayed 2 second(s)

2022-06-09 19:31:24 - [TEST_STEP][PASSED] - I.UploadDoc_sendkey_field("//*[@id="xml_file"]", "D:\Upoad_File\AUTOMATION Import ref template TAG\A14.01 Import template.xlsx", ""): Text '' is present on page 

2022-06-09 19:31:26 - [MESSAGE][PASSED] - Delayed 2 second(s)

2022-06-09 19:31:27 - [MESSAGE][PASSED] - Keys 'D:\Upoad_File\AUTOMATION Import ref template TAG\A14.01 Import template.xlsx' sent to object: 'Object Repository/1. Constant/xpath'

2022-06-09 19:31:27 - [MESSAGE][PASSED] - Text '' is present on page 

2022-06-09 19:31:27 - [TEST_STEP][PASSED] - verifyTextNotPresent("Aucun fichier choisi", false): Text 'Aucun fichier choisi' is not present on page

2022-06-09 19:31:27 - [MESSAGE][PASSED] - Text 'Aucun fichier choisi' is not present on page

2022-06-09 19:31:27 - [TEST_STEP][PASSED] - takeScreenshot(): Taking screenshot successfully

2022-06-09 19:31:29 - [MESSAGE][PASSED] - Taking screenshot successfully
[[ATTACHMENT|D:\\Projet Test Auto\\Mediabox Test Automation\\Reports\\20220609_181011\\03. Parallel Testing (Testing)\\TS -PT PART 3\\08 Tag Mass Submit _ Import ref\\20220609_181054\\1654795888566.png]]

2022-06-09 19:31:29 - [TEST_STEP][PASSED] - delay(1): Delayed 1 second(s)

2022-06-09 19:31:30 - [MESSAGE][PASSED] - Delayed 1 second(s)

2022-06-09 19:31:30 - [TEST_STEP][PASSED] - click(findTestObject("1. Constant/xpath", ["xpath":"//*[@id="ModifFiche"]/div[7]/div/button[1]"])): Object: 'Object Repository/1. Constant/xpath' is clicked on

2022-06-09 19:31:38 - [MESSAGE][PASSED] - Object: 'Object Repository/1. Constant/xpath' is clicked on

2022-06-09 19:31:38 - [TEST_STEP][PASSED] - takeScreenshot(): Taking screenshot successfully

2022-06-09 19:31:38 - [MESSAGE][PASSED] - Taking screenshot successfully
[[ATTACHMENT|D:\\Projet Test Auto\\Mediabox Test Automation\\Reports\\20220609_181011\\03. Parallel Testing (Testing)\\TS -PT PART 3\\08 Tag Mass Submit _ Import ref\\20220609_181054\\1654795898162.png]]

2022-06-09 19:31:38 - [TEST_STEP][PASSED] - I.Pagedown(): Execute JavaScript 'window.scrollTo(0, document.body.scrollHeight)' successfully

2022-06-09 19:31:38 - [MESSAGE][PASSED] - Execute JavaScript 'window.scrollTo(0, document.body.scrollHeight)' successfully

2022-06-09 19:31:38 - [TEST_STEP][PASSED] - takeScreenshot(): Taking screenshot successfully

2022-06-09 19:31:39 - [MESSAGE][PASSED] - Taking screenshot successfully
[[ATTACHMENT|D:\\Projet Test Auto\\Mediabox Test Automation\\Reports\\20220609_181011\\03. Parallel Testing (Testing)\\TS -PT PART 3\\08 Tag Mass Submit _ Import ref\\20220609_181054\\1654795898737.png]]

2022-06-09 19:31:39 - [TEST_STEP][PASSED] - text2 = getText(findTestObject("1. Constant/xpath", ["xpath":"//*[@id="control_title_create"]"])): Text of object 'Object Repository/1. Constant/xpath' is: ' 3 REFERENCES WILL BE CREATED'

2022-06-09 19:31:39 - [MESSAGE][PASSED] - Text of object 'Object Repository/1. Constant/xpath' is: ' 3 REFERENCES WILL BE CREATED'

2022-06-09 19:31:39 - [TEST_STEP][PASSED] - verifyMatch(text2, " 3 REFERENCES WILL BE CREATED", false): Actual text ' 3 REFERENCES WILL BE CREATED' and expected text ' 3 REFERENCES WILL BE CREATED' are matched 

2022-06-09 19:31:39 - [MESSAGE][PASSED] - Actual text ' 3 REFERENCES WILL BE CREATED' and expected text ' 3 REFERENCES WILL BE CREATED' are matched 

2022-06-09 19:31:39 - [TEST_STEP][PASSED] - text3 = getText(findTestObject("1. Constant/xpath", ["xpath":"//*[@id="control_message_create"]/div"])): Text of object 'Object Repository/1. Constant/xpath' is: 'XML Node 1 :
  Reference "FOREIGN_KEY_3" will be created

XML Node 2 :
  Reference "FOREIGN_KEY_2" will be created

XML Node 3 :
  Reference "FOREIGN_KEY_1" will be created'

2022-06-09 19:31:39 - [MESSAGE][PASSED] - Text of object 'Object Repository/1. Constant/xpath' is: 'XML Node 1 :
  Reference "FOREIGN_KEY_3" will be created

XML Node 2 :
  Reference "FOREIGN_KEY_2" will be created

XML Node 3 :
  Reference "FOREIGN_KEY_1" will be created'

2022-06-09 19:31:39 - [TEST_STEP][PASSED] - I.print(text3): null

2022-06-09 19:31:39 - [TEST_STEP][PASSED] - Expected_text3 = "XML Node 1 :" + "
" + "  Reference "FOREIGN_KEY_3" will be created" + "

" + "XML Node 2 :" + "
" + "  Reference "FOREIGN_KEY_2" will be created" + "

" + "XML Node 3 :" + "
" + "  Reference "FOREIGN_KEY_1" will be created": null

2022-06-09 19:31:39 - [TEST_STEP][PASSED] - verifyMatch(text3, Expected_text3, false): Actual text 'XML Node 1 :
  Reference "FOREIGN_KEY_3" will be created

XML Node 2 :
  Reference "FOREIGN_KEY_2" will be created

XML Node 3 :
  Reference "FOREIGN_KEY_1" will be created' and expected text 'XML Node 1 :
  Reference "FOREIGN_KEY_3" will be created

XML Node 2 :
  Reference "FOREIGN_KEY_2" will be created

XML Node 3 :
  Reference "FOREIGN_KEY_1" will be created' are matched 

2022-06-09 19:31:39 - [MESSAGE][PASSED] - Actual text 'XML Node 1 :
  Reference "FOREIGN_KEY_3" will be created

XML Node 2 :
  Reference "FOREIGN_KEY_2" will be created

XML Node 3 :
  Reference "FOREIGN_KEY_1" will be created' and expected text 'XML Node 1 :
  Reference "FOREIGN_KEY_3" will be created

XML Node 2 :
  Reference "FOREIGN_KEY_2" will be created

XML Node 3 :
  Reference "FOREIGN_KEY_1" will be created' are matched 

2022-06-09 19:31:39 - [TEST_STEP][PASSED] - verifyElementVisible(findTestObject("1. Constant/xpath", ["xpath":"//*[@id="ModifFiche"]/div[1]/div/button[2]"])): Object 'Object Repository/1. Constant/xpath' is visible

2022-06-09 19:31:39 - [MESSAGE][PASSED] - Object 'Object Repository/1. Constant/xpath' is visible

2022-06-09 19:31:39 - [TEST_STEP][PASSED] - verifyElementVisible(findTestObject("1. Constant/xpath", ["xpath":"//*[@id="ModifFiche"]/div[7]/div/button[2]"])): Object 'Object Repository/1. Constant/xpath' is visible

2022-06-09 19:31:40 - [MESSAGE][PASSED] - Object 'Object Repository/1. Constant/xpath' is visible

2022-06-09 19:31:40 - [TEST_STEP][PASSED] - click(findTestObject("1. Constant/xpath", ["xpath":"//*[@id="ModifFiche"]/div[7]/div/button[2]"])): Object: 'Object Repository/1. Constant/xpath' is clicked on

2022-06-09 19:32:03 - [MESSAGE][PASSED] - Object: 'Object Repository/1. Constant/xpath' is clicked on

2022-06-09 19:32:03 - [TEST_STEP][PASSED] - delay(2): Delayed 2 second(s)

2022-06-09 19:32:05 - [MESSAGE][PASSED] - Delayed 2 second(s)

2022-06-09 19:32:05 - [TEST_STEP][PASSED] - takeScreenshot(): Taking screenshot successfully

2022-06-09 19:32:05 - [MESSAGE][PASSED] - Taking screenshot successfully
[[ATTACHMENT|D:\\Projet Test Auto\\Mediabox Test Automation\\Reports\\20220609_181011\\03. Parallel Testing (Testing)\\TS -PT PART 3\\08 Tag Mass Submit _ Import ref\\20220609_181054\\1654795925421.png]]

2022-06-09 19:32:05 - [TEST_STEP][PASSED] - A_Refcounter1 = getText(findTestObject("1. Constant/xpath", ["xpath":"//*[@id="kt_content"]/div[3]/div/div[2]/div[1]/div[1]/h1"])): Text of object 'Object Repository/1. Constant/xpath' is: ' References List (3)'

2022-06-09 19:32:05 - [MESSAGE][PASSED] - Text of object 'Object Repository/1. Constant/xpath' is: ' References List (3)'

2022-06-09 19:32:05 - [TEST_STEP][PASSED] - I.print(A_Refcounter1): null

2022-06-09 19:32:05 - [TEST_STEP][PASSED] - verifyMatch(A_Refcounter1, " References List (3)", false): Actual text ' References List (3)' and expected text ' References List (3)' are matched 

2022-06-09 19:32:05 - [MESSAGE][PASSED] - Actual text ' References List (3)' and expected text ' References List (3)' are matched 

2022-06-09 19:32:05 - [TEST_STEP][PASSED] - takeScreenshot(): Taking screenshot successfully

2022-06-09 19:32:06 - [MESSAGE][PASSED] - Taking screenshot successfully
[[ATTACHMENT|D:\\Projet Test Auto\\Mediabox Test Automation\\Reports\\20220609_181011\\03. Parallel Testing (Testing)\\TS -PT PART 3\\08 Tag Mass Submit _ Import ref\\20220609_181054\\1654795925972.png]]

2022-06-09 19:32:06 - [TEST_STEP][PASSED] - click(findTestObject("1. Constant/xpath", ["xpath":"/html/body/div[1]/div[2]/div[4]/div[3]/div/div[2]/div[2]/div[1]/table/tbody/tr[1]/td[6]/a"])): Object: 'Object Repository/1. Constant/xpath' is clicked on

2022-06-09 19:32:11 - [MESSAGE][PASSED] - Object: 'Object Repository/1. Constant/xpath' is clicked on

2022-06-09 19:32:11 - [TEST_STEP][PASSED] - delay(1): Delayed 1 second(s)

2022-06-09 19:32:12 - [MESSAGE][PASSED] - Delayed 1 second(s)

2022-06-09 19:32:12 - [TEST_STEP][PASSED] - takeScreenshot(): Taking screenshot successfully

2022-06-09 19:32:13 - [MESSAGE][PASSED] - Taking screenshot successfully
[[ATTACHMENT|D:\\Projet Test Auto\\Mediabox Test Automation\\Reports\\20220609_181011\\03. Parallel Testing (Testing)\\TS -PT PART 3\\08 Tag Mass Submit _ Import ref\\20220609_181054\\1654795932615.png]]

2022-06-09 19:32:13 - [TEST_STEP][PASSED] - refID1 = I.RefID_tag(): Current window's url is: 'http://mdb-release.diadeis.lan/MediaboxIndependence/Base/ExecAction?action=VoirRef&IDSession=MBI!RELTESTAUTO_TAG!RTRXRXERWML2YT6AD34WPTL0DQC1UK5FCSFUCHEE&num=RYEKM3M1M9&id_ref=24427'

2022-06-09 19:32:18 - [MESSAGE][PASSED] - Delayed 5 second(s)

2022-06-09 19:32:18 - [MESSAGE][PASSED] - Current window's url is: 'http://mdb-release.diadeis.lan/MediaboxIndependence/Base/ExecAction?action=VoirRef&IDSession=MBI!RELTESTAUTO_TAG!RTRXRXERWML2YT6AD34WPTL0DQC1UK5FCSFUCHEE&num=RYEKM3M1M9&id_ref=24427'

2022-06-09 19:32:18 - [TEST_STEP][PASSED] - I.print(refID1): null

2022-06-09 19:32:18 - [TEST_STEP][PASSED] - delay(1): Delayed 1 second(s)

2022-06-09 19:32:19 - [MESSAGE][PASSED] - Delayed 1 second(s)

2022-06-09 19:32:19 - [TEST_STEP][PASSED] - takeScreenshot(): Taking screenshot successfully

2022-06-09 19:32:20 - [MESSAGE][PASSED] - Taking screenshot successfully
[[ATTACHMENT|D:\\Projet Test Auto\\Mediabox Test Automation\\Reports\\20220609_181011\\03. Parallel Testing (Testing)\\TS -PT PART 3\\08 Tag Mass Submit _ Import ref\\20220609_181054\\1654795939824.png]]

2022-06-09 19:32:20 - [TEST_STEP][PASSED] - I.VerifyMatchText("/html/body/div[1]/div[2]/div[8]/div[3]/div/div[3]/div[1]/div/div[1]/div/div[2]/div[2]/div[1]/div[2]/div[3]/div", "Gift"): Actual text 'Gift' and expected text 'Gift' are matched 

2022-06-09 19:32:20 - [MESSAGE][PASSED] - Text of object 'Object Repository/1. Constant/xpath' is: 'Gift'

2022-06-09 19:32:21 - [MESSAGE][PASSED] - Delayed 1 second(s)

2022-06-09 19:32:21 - [MESSAGE][PASSED] - Actual text 'Gift' and expected text 'Gift' are matched 

2022-06-09 19:32:21 - [TEST_STEP][PASSED] - I.VerifyMatchText("/html/body/div[1]/div[2]/div[8]/div[3]/div/div[3]/div[1]/div/div[1]/div/div[2]/div[2]/div[1]/div[2]/div[4]/div", "Carton"): Actual text 'Carton' and expected text 'Carton' are matched 

2022-06-09 19:32:21 - [MESSAGE][PASSED] - Text of object 'Object Repository/1. Constant/xpath' is: 'Carton'

2022-06-09 19:32:22 - [MESSAGE][PASSED] - Delayed 1 second(s)

2022-06-09 19:32:22 - [MESSAGE][PASSED] - Actual text 'Carton' and expected text 'Carton' are matched 

2022-06-09 19:32:22 - [TEST_STEP][PASSED] - I.VerifyMatchText("/html/body/div[1]/div[2]/div[8]/div[3]/div/div[3]/div[1]/div/div[1]/div/div[2]/div[2]/div[1]/div[2]/div[5]/div", "Tertiary"): Actual text 'Tertiary' and expected text 'Tertiary' are matched 

2022-06-09 19:32:22 - [MESSAGE][PASSED] - Text of object 'Object Repository/1. Constant/xpath' is: 'Tertiary'

2022-06-09 19:32:23 - [MESSAGE][PASSED] - Delayed 1 second(s)

2022-06-09 19:32:23 - [MESSAGE][PASSED] - Actual text 'Tertiary' and expected text 'Tertiary' are matched 

2022-06-09 19:32:23 - [TEST_STEP][PASSED] - I.VerifyMatchText("/html/body/div[1]/div[2]/div[8]/div[3]/div/div[3]/div[1]/div/div[1]/div/div[2]/div[2]/div[1]/div[2]/div[6]/div", "500"): Actual text '500' and expected text '500' are matched 

2022-06-09 19:32:24 - [MESSAGE][PASSED] - Text of object 'Object Repository/1. Constant/xpath' is: '500'

2022-06-09 19:32:25 - [MESSAGE][PASSED] - Delayed 1 second(s)

2022-06-09 19:32:25 - [MESSAGE][PASSED] - Actual text '500' and expected text '500' are matched 

2022-06-09 19:32:25 - [TEST_STEP][PASSED] - I.VerifyMatchText("/html/body/div[1]/div[2]/div[8]/div[3]/div/div[3]/div[1]/div/div[1]/div/div[2]/div[2]/div[1]/div[2]/div[8]/div", ""): Actual text '' and expected text '' are matched 

2022-06-09 19:32:25 - [MESSAGE][PASSED] - Text of object 'Object Repository/1. Constant/xpath' is: ''

2022-06-09 19:32:26 - [MESSAGE][PASSED] - Delayed 1 second(s)

2022-06-09 19:32:26 - [MESSAGE][PASSED] - Actual text '' and expected text '' are matched 

2022-06-09 19:32:26 - [TEST_STEP][PASSED] - I.VerifyMatchText("/html/body/div[1]/div[2]/div[8]/div[3]/div/div[3]/div[1]/div/div[1]/div/div[2]/div[2]/div[1]/div[2]/div[7]/div", "ML"): Actual text 'ML' and expected text 'ML' are matched 

2022-06-09 19:32:26 - [MESSAGE][PASSED] - Text of object 'Object Repository/1. Constant/xpath' is: 'ML'

2022-06-09 19:32:27 - [MESSAGE][PASSED] - Delayed 1 second(s)

2022-06-09 19:32:27 - [MESSAGE][PASSED] - Actual text 'ML' and expected text 'ML' are matched 

2022-06-09 19:32:27 - [TEST_STEP][PASSED] - I.VerifyMatchText("/html/body/div[1]/div[2]/div[8]/div[3]/div/div[3]/div[1]/div/div[1]/div/div[2]/div[2]/div[1]/div[2]/div[9]/div", "200318855"): Actual text '200318855' and expected text '200318855' are matched 

2022-06-09 19:32:27 - [MESSAGE][PASSED] - Text of object 'Object Repository/1. Constant/xpath' is: '200318855'

2022-06-09 19:32:28 - [MESSAGE][PASSED] - Delayed 1 second(s)

2022-06-09 19:32:28 - [MESSAGE][PASSED] - Actual text '200318855' and expected text '200318855' are matched 

2022-06-09 19:32:28 - [TEST_STEP][PASSED] - takeScreenshot(): Taking screenshot successfully

2022-06-09 19:32:29 - [MESSAGE][PASSED] - Taking screenshot successfully
[[ATTACHMENT|D:\\Projet Test Auto\\Mediabox Test Automation\\Reports\\20220609_181011\\03. Parallel Testing (Testing)\\TS -PT PART 3\\08 Tag Mass Submit _ Import ref\\20220609_181054\\1654795948997.png]]

2022-06-09 19:32:29 - [TEST_STEP][PASSED] - I.VerifyMatchText("/html/body/div[1]/div[2]/div[8]/div[3]/div/div[3]/div[1]/div/div[1]/div/div[2]/div[2]/div[2]/div[2]/div[1]/div", "Diadeis"): Actual text 'Diadeis' and expected text 'Diadeis' are matched 

2022-06-09 19:32:29 - [MESSAGE][PASSED] - Text of object 'Object Repository/1. Constant/xpath' is: 'Diadeis'

2022-06-09 19:32:30 - [MESSAGE][PASSED] - Delayed 1 second(s)

2022-06-09 19:32:30 - [MESSAGE][PASSED] - Actual text 'Diadeis' and expected text 'Diadeis' are matched 

2022-06-09 19:32:30 - [TEST_STEP][PASSED] - I.VerifyMatchText("/html/body/div[1]/div[2]/div[8]/div[3]/div/div[3]/div[1]/div/div[1]/div/div[2]/div[2]/div[2]/div[2]/div[2]/div", "C&A BRIEF"): Actual text 'C&A BRIEF' and expected text 'C&A BRIEF' are matched 

2022-06-09 19:32:30 - [MESSAGE][PASSED] - Text of object 'Object Repository/1. Constant/xpath' is: 'C&A BRIEF'

2022-06-09 19:32:31 - [MESSAGE][PASSED] - Delayed 1 second(s)

2022-06-09 19:32:31 - [MESSAGE][PASSED] - Actual text 'C&A BRIEF' and expected text 'C&A BRIEF' are matched 

2022-06-09 19:32:31 - [TEST_STEP][PASSED] - I.VerifyMatchText("/html/body/div[1]/div[2]/div[8]/div[3]/div/div[3]/div[1]/div/div[1]/div/div[2]/div[2]/div[2]/div[2]/div[10]/div", "Digital" + "
" + "Silk Screen"): Actual text 'Digital
Silk Screen' and expected text 'Digital
Silk Screen' are matched 

2022-06-09 19:32:31 - [MESSAGE][PASSED] - Text of object 'Object Repository/1. Constant/xpath' is: 'Digital
Silk Screen'

2022-06-09 19:32:32 - [MESSAGE][PASSED] - Delayed 1 second(s)

2022-06-09 19:32:32 - [MESSAGE][PASSED] - Actual text 'Digital
Silk Screen' and expected text 'Digital
Silk Screen' are matched 

2022-06-09 19:32:32 - [TEST_STEP][PASSED] - I.VerifyMatchText("/html/body/div[1]/div[2]/div[8]/div[3]/div/div[3]/div[1]/div/div[1]/div/div[2]/div[2]/div[2]/div[2]/div[11]/div", "pink"): Actual text 'pink' and expected text 'pink' are matched 

2022-06-09 19:32:33 - [MESSAGE][PASSED] - Text of object 'Object Repository/1. Constant/xpath' is: 'pink'

2022-06-09 19:32:34 - [MESSAGE][PASSED] - Delayed 1 second(s)

2022-06-09 19:32:34 - [MESSAGE][PASSED] - Actual text 'pink' and expected text 'pink' are matched 

2022-06-09 19:32:34 - [TEST_STEP][PASSED] - I.VerifyMatchText("/html/body/div[1]/div[2]/div[8]/div[3]/div/div[3]/div[1]/div/div[1]/div/div[2]/div[2]/div[2]/div[2]/div[12]/div", "4"): Actual text '4' and expected text '4' are matched 

2022-06-09 19:32:34 - [MESSAGE][PASSED] - Text of object 'Object Repository/1. Constant/xpath' is: '4'

2022-06-09 19:32:35 - [MESSAGE][PASSED] - Delayed 1 second(s)

2022-06-09 19:32:35 - [MESSAGE][PASSED] - Actual text '4' and expected text '4' are matched 

2022-06-09 19:32:35 - [TEST_STEP][PASSED] - I.VerifyMatchText("/html/body/div[1]/div[2]/div[8]/div[3]/div/div[3]/div[1]/div/div[1]/div/div[2]/div[2]/div[2]/div[2]/div[13]/div", "Iriodin" + "
" + "Soft Touch"): Actual text 'Iriodin
Soft Touch' and expected text 'Iriodin
Soft Touch' are matched 

2022-06-09 19:32:35 - [MESSAGE][PASSED] - Text of object 'Object Repository/1. Constant/xpath' is: 'Iriodin
Soft Touch'

2022-06-09 19:32:36 - [MESSAGE][PASSED] - Delayed 1 second(s)

2022-06-09 19:32:36 - [MESSAGE][PASSED] - Actual text 'Iriodin
Soft Touch' and expected text 'Iriodin
Soft Touch' are matched 

2022-06-09 19:32:36 - [TEST_STEP][PASSED] - I.VerifyMatchText("/html/body/div[1]/div[2]/div[8]/div[3]/div/div[3]/div[1]/div/div[1]/div/div[2]/div[2]/div[2]/div[2]/div[15]/div", "No"): Actual text 'No' and expected text 'No' are matched 

2022-06-09 19:32:37 - [MESSAGE][PASSED] - Text of object 'Object Repository/1. Constant/xpath' is: 'No'

2022-06-09 19:32:38 - [MESSAGE][PASSED] - Delayed 1 second(s)

2022-06-09 19:32:38 - [MESSAGE][PASSED] - Actual text 'No' and expected text 'No' are matched 

2022-06-09 19:32:38 - [TEST_STEP][PASSED] - I.VerifyMatchText("/html/body/div[1]/div[2]/div[8]/div[3]/div/div[3]/div[1]/div/div[1]/div/div[2]/div[2]/div[2]/div[2]/div[16]/div", "No"): Actual text 'No' and expected text 'No' are matched 

2022-06-09 19:32:38 - [MESSAGE][PASSED] - Text of object 'Object Repository/1. Constant/xpath' is: 'No'

2022-06-09 19:32:39 - [MESSAGE][PASSED] - Delayed 1 second(s)

2022-06-09 19:32:39 - [MESSAGE][PASSED] - Actual text 'No' and expected text 'No' are matched 

2022-06-09 19:32:39 - [TEST_STEP][PASSED] - I.Pagedown(): Execute JavaScript 'window.scrollTo(0, document.body.scrollHeight)' successfully

2022-06-09 19:32:39 - [MESSAGE][PASSED] - Execute JavaScript 'window.scrollTo(0, document.body.scrollHeight)' successfully

2022-06-09 19:32:39 - [TEST_STEP][PASSED] - takeScreenshot(): Taking screenshot successfully

2022-06-09 19:32:39 - [MESSAGE][PASSED] - Taking screenshot successfully
[[ATTACHMENT|D:\\Projet Test Auto\\Mediabox Test Automation\\Reports\\20220609_181011\\03. Parallel Testing (Testing)\\TS -PT PART 3\\08 Tag Mass Submit _ Import ref\\20220609_181054\\1654795959337.png]]

2022-06-09 19:32:39 - [TEST_STEP][PASSED] - I.VerifyMatchText("/html/body/div[1]/div[2]/div[8]/div[3]/div/div[3]/div[1]/div/div[1]/div/div[2]/div[2]/div[3]/div[2]/div[1]/div", "Diadeis"): Actual text 'Diadeis' and expected text 'Diadeis' are matched 

2022-06-09 19:32:39 - [MESSAGE][PASSED] - Text of object 'Object Repository/1. Constant/xpath' is: 'Diadeis'

2022-06-09 19:32:40 - [MESSAGE][PASSED] - Delayed 1 second(s)

2022-06-09 19:32:40 - [MESSAGE][PASSED] - Actual text 'Diadeis' and expected text 'Diadeis' are matched 

2022-06-09 19:32:40 - [TEST_STEP][PASSED] - I.VerifyMatchText("/html/body/div[1]/div[2]/div[8]/div[3]/div/div[3]/div[1]/div/div[1]/div/div[2]/div[2]/div[3]/div[2]/div[2]/div", "00002025 - ORLANDO ANTONIO TRASPORTI S.N.C."): Actual text '00002025 - ORLANDO ANTONIO TRASPORTI S.N.C.' and expected text '00002025 - ORLANDO ANTONIO TRASPORTI S.N.C.' are matched 

2022-06-09 19:32:41 - [MESSAGE][PASSED] - Text of object 'Object Repository/1. Constant/xpath' is: '00002025 - ORLANDO ANTONIO TRASPORTI S.N.C.'

2022-06-09 19:32:42 - [MESSAGE][PASSED] - Delayed 1 second(s)

2022-06-09 19:32:42 - [MESSAGE][PASSED] - Actual text '00002025 - ORLANDO ANTONIO TRASPORTI S.N.C.' and expected text '00002025 - ORLANDO ANTONIO TRASPORTI S.N.C.' are matched 

2022-06-09 19:32:42 - [TEST_STEP][PASSED] - I.VerifyMatchText("/html/body/div[1]/div[2]/div[8]/div[3]/div/div[3]/div[1]/div/div[1]/div/div[2]/div[2]/div[3]/div[2]/div[3]/div", "00000007 - ROMATIC MANUFACTURING COMPANY THE"): Actual text '00000007 - ROMATIC MANUFACTURING COMPANY THE' and expected text '00000007 - ROMATIC MANUFACTURING COMPANY THE' are matched 

2022-06-09 19:32:43 - [MESSAGE][PASSED] - Text of object 'Object Repository/1. Constant/xpath' is: '00000007 - ROMATIC MANUFACTURING COMPANY THE'

2022-06-09 19:32:44 - [MESSAGE][PASSED] - Delayed 1 second(s)

2022-06-09 19:32:44 - [MESSAGE][PASSED] - Actual text '00000007 - ROMATIC MANUFACTURING COMPANY THE' and expected text '00000007 - ROMATIC MANUFACTURING COMPANY THE' are matched 

2022-06-09 19:32:44 - [TEST_STEP][PASSED] - I.VerifyMatchText("/html/body/div[1]/div[2]/div[8]/div[3]/div/div[3]/div[1]/div/div[1]/div/div[2]/div[2]/div[3]/div[2]/div[4]/div", "Burgos"): Actual text 'Burgos' and expected text 'Burgos' are matched 

2022-06-09 19:32:44 - [MESSAGE][PASSED] - Text of object 'Object Repository/1. Constant/xpath' is: 'Burgos'

2022-06-09 19:32:45 - [MESSAGE][PASSED] - Delayed 1 second(s)

2022-06-09 19:32:45 - [MESSAGE][PASSED] - Actual text 'Burgos' and expected text 'Burgos' are matched 

2022-06-09 19:32:45 - [TEST_STEP][PASSED] - click(findTestObject("1. Constant/xpath", ["xpath":"//*[@id="kt_subheader"]/div/nav/ol/li[2]/a"])): Object: 'Object Repository/1. Constant/xpath' is clicked on

2022-06-09 19:32:49 - [MESSAGE][PASSED] - Object: 'Object Repository/1. Constant/xpath' is clicked on

2022-06-09 19:32:49 - [TEST_STEP][PASSED] - click(findTestObject("1. Constant/xpath", ["xpath":"/html/body/div[1]/div[2]/div[4]/div[3]/div/div[2]/div[2]/div[1]/table/tbody/tr[2]/td[6]/a"])): Object: 'Object Repository/1. Constant/xpath' is clicked on

2022-06-09 19:32:52 - [MESSAGE][PASSED] - Object: 'Object Repository/1. Constant/xpath' is clicked on

2022-06-09 19:32:52 - [TEST_STEP][PASSED] - delay(1): Delayed 1 second(s)

2022-06-09 19:32:53 - [MESSAGE][PASSED] - Delayed 1 second(s)

2022-06-09 19:32:53 - [TEST_STEP][PASSED] - takeScreenshot(): Taking screenshot successfully

2022-06-09 19:32:53 - [MESSAGE][PASSED] - Taking screenshot successfully
[[ATTACHMENT|D:\\Projet Test Auto\\Mediabox Test Automation\\Reports\\20220609_181011\\03. Parallel Testing (Testing)\\TS -PT PART 3\\08 Tag Mass Submit _ Import ref\\20220609_181054\\1654795973372.png]]

2022-06-09 19:32:53 - [TEST_STEP][PASSED] - refID2 = I.RefID_tag(): Current window's url is: 'http://mdb-release.diadeis.lan/MediaboxIndependence/Base/ExecAction?action=VoirRef&IDSession=MBI!RELTESTAUTO_TAG!RTRXRXERWML2YT6AD34WPTL0DQC1UK5FCSFUCHEE&num=0ZTIVPV3I6&id_ref=24428'

2022-06-09 19:32:58 - [MESSAGE][PASSED] - Delayed 5 second(s)

2022-06-09 19:32:59 - [MESSAGE][PASSED] - Current window's url is: 'http://mdb-release.diadeis.lan/MediaboxIndependence/Base/ExecAction?action=VoirRef&IDSession=MBI!RELTESTAUTO_TAG!RTRXRXERWML2YT6AD34WPTL0DQC1UK5FCSFUCHEE&num=0ZTIVPV3I6&id_ref=24428'

2022-06-09 19:32:59 - [TEST_STEP][PASSED] - I.print(refID2): null

2022-06-09 19:32:59 - [TEST_STEP][PASSED] - delay(1): Delayed 1 second(s)

2022-06-09 19:33:00 - [MESSAGE][PASSED] - Delayed 1 second(s)

2022-06-09 19:33:00 - [TEST_STEP][PASSED] - takeScreenshot(): Taking screenshot successfully

2022-06-09 19:33:00 - [MESSAGE][PASSED] - Taking screenshot successfully
[[ATTACHMENT|D:\\Projet Test Auto\\Mediabox Test Automation\\Reports\\20220609_181011\\03. Parallel Testing (Testing)\\TS -PT PART 3\\08 Tag Mass Submit _ Import ref\\20220609_181054\\1654795980194.png]]

2022-06-09 19:33:00 - [TEST_STEP][PASSED] - I.VerifyMatchText("/html/body/div[1]/div[2]/div[8]/div[3]/div/div[3]/div[1]/div/div[1]/div/div[2]/div[2]/div[1]/div[2]/div[3]/div", "Gift"): Actual text 'Gift' and expected text 'Gift' are matched 

2022-06-09 19:33:00 - [MESSAGE][PASSED] - Text of object 'Object Repository/1. Constant/xpath' is: 'Gift'

2022-06-09 19:33:01 - [MESSAGE][PASSED] - Delayed 1 second(s)

2022-06-09 19:33:01 - [MESSAGE][PASSED] - Actual text 'Gift' and expected text 'Gift' are matched 

2022-06-09 19:33:01 - [TEST_STEP][PASSED] - I.VerifyMatchText("/html/body/div[1]/div[2]/div[8]/div[3]/div/div[3]/div[1]/div/div[1]/div/div[2]/div[2]/div[1]/div[2]/div[4]/div", "Carton"): Actual text 'Carton' and expected text 'Carton' are matched 

2022-06-09 19:33:02 - [MESSAGE][PASSED] - Text of object 'Object Repository/1. Constant/xpath' is: 'Carton'

2022-06-09 19:33:03 - [MESSAGE][PASSED] - Delayed 1 second(s)

2022-06-09 19:33:03 - [MESSAGE][PASSED] - Actual text 'Carton' and expected text 'Carton' are matched 

2022-06-09 19:33:03 - [TEST_STEP][PASSED] - I.VerifyMatchText("/html/body/div[1]/div[2]/div[8]/div[3]/div/div[3]/div[1]/div/div[1]/div/div[2]/div[2]/div[1]/div[2]/div[5]/div", "Tertiary"): Actual text 'Tertiary' and expected text 'Tertiary' are matched 

2022-06-09 19:33:03 - [MESSAGE][PASSED] - Text of object 'Object Repository/1. Constant/xpath' is: 'Tertiary'

2022-06-09 19:33:04 - [MESSAGE][PASSED] - Delayed 1 second(s)

2022-06-09 19:33:04 - [MESSAGE][PASSED] - Actual text 'Tertiary' and expected text 'Tertiary' are matched 

2022-06-09 19:33:04 - [TEST_STEP][PASSED] - I.VerifyMatchText("/html/body/div[1]/div[2]/div[8]/div[3]/div/div[3]/div[1]/div/div[1]/div/div[2]/div[2]/div[1]/div[2]/div[6]/div", "500"): Actual text '500' and expected text '500' are matched 

2022-06-09 19:33:04 - [MESSAGE][PASSED] - Text of object 'Object Repository/1. Constant/xpath' is: '500'

2022-06-09 19:33:05 - [MESSAGE][PASSED] - Delayed 1 second(s)

2022-06-09 19:33:05 - [MESSAGE][PASSED] - Actual text '500' and expected text '500' are matched 

2022-06-09 19:33:05 - [TEST_STEP][PASSED] - I.VerifyMatchText("/html/body/div[1]/div[2]/div[8]/div[3]/div/div[3]/div[1]/div/div[1]/div/div[2]/div[2]/div[1]/div[2]/div[8]/div", ""): Actual text '' and expected text '' are matched 

2022-06-09 19:33:05 - [MESSAGE][PASSED] - Text of object 'Object Repository/1. Constant/xpath' is: ''

2022-06-09 19:33:06 - [MESSAGE][PASSED] - Delayed 1 second(s)

2022-06-09 19:33:06 - [MESSAGE][PASSED] - Actual text '' and expected text '' are matched 

2022-06-09 19:33:06 - [TEST_STEP][PASSED] - I.VerifyMatchText("/html/body/div[1]/div[2]/div[8]/div[3]/div/div[3]/div[1]/div/div[1]/div/div[2]/div[2]/div[1]/div[2]/div[7]/div", "ML"): Actual text 'ML' and expected text 'ML' are matched 

2022-06-09 19:33:06 - [MESSAGE][PASSED] - Text of object 'Object Repository/1. Constant/xpath' is: 'ML'

2022-06-09 19:33:07 - [MESSAGE][PASSED] - Delayed 1 second(s)

2022-06-09 19:33:07 - [MESSAGE][PASSED] - Actual text 'ML' and expected text 'ML' are matched 

2022-06-09 19:33:07 - [TEST_STEP][PASSED] - I.VerifyMatchText("/html/body/div[1]/div[2]/div[8]/div[3]/div/div[3]/div[1]/div/div[1]/div/div[2]/div[2]/div[1]/div[2]/div[9]/div", "200318855"): Actual text '200318855' and expected text '200318855' are matched 

2022-06-09 19:33:08 - [MESSAGE][PASSED] - Text of object 'Object Repository/1. Constant/xpath' is: '200318855'

2022-06-09 19:33:09 - [MESSAGE][PASSED] - Delayed 1 second(s)

2022-06-09 19:33:09 - [MESSAGE][PASSED] - Actual text '200318855' and expected text '200318855' are matched 

2022-06-09 19:33:09 - [TEST_STEP][PASSED] - takeScreenshot(): Taking screenshot successfully

2022-06-09 19:33:09 - [MESSAGE][PASSED] - Taking screenshot successfully
[[ATTACHMENT|D:\\Projet Test Auto\\Mediabox Test Automation\\Reports\\20220609_181011\\03. Parallel Testing (Testing)\\TS -PT PART 3\\08 Tag Mass Submit _ Import ref\\20220609_181054\\1654795989113.png]]

2022-06-09 19:33:09 - [TEST_STEP][PASSED] - I.VerifyMatchText("/html/body/div[1]/div[2]/div[8]/div[3]/div/div[3]/div[1]/div/div[1]/div/div[2]/div[2]/div[2]/div[2]/div[1]/div", "Diadeis"): Actual text 'Diadeis' and expected text 'Diadeis' are matched 

2022-06-09 19:33:09 - [MESSAGE][PASSED] - Text of object 'Object Repository/1. Constant/xpath' is: 'Diadeis'

2022-06-09 19:33:10 - [MESSAGE][PASSED] - Delayed 1 second(s)

2022-06-09 19:33:10 - [MESSAGE][PASSED] - Actual text 'Diadeis' and expected text 'Diadeis' are matched 

2022-06-09 19:33:10 - [TEST_STEP][PASSED] - I.VerifyMatchText("/html/body/div[1]/div[2]/div[8]/div[3]/div/div[3]/div[1]/div/div[1]/div/div[2]/div[2]/div[2]/div[2]/div[2]/div", "C&A BRIEF"): Actual text 'C&A BRIEF' and expected text 'C&A BRIEF' are matched 

2022-06-09 19:33:10 - [MESSAGE][PASSED] - Text of object 'Object Repository/1. Constant/xpath' is: 'C&A BRIEF'

2022-06-09 19:33:11 - [MESSAGE][PASSED] - Delayed 1 second(s)

2022-06-09 19:33:11 - [MESSAGE][PASSED] - Actual text 'C&A BRIEF' and expected text 'C&A BRIEF' are matched 

2022-06-09 19:33:11 - [TEST_STEP][PASSED] - I.VerifyMatchText("/html/body/div[1]/div[2]/div[8]/div[3]/div/div[3]/div[1]/div/div[1]/div/div[2]/div[2]/div[2]/div[2]/div[10]/div", "Digital" + "
" + "Silk Screen"): Actual text 'Digital
Silk Screen' and expected text 'Digital
Silk Screen' are matched 

2022-06-09 19:33:11 - [MESSAGE][PASSED] - Text of object 'Object Repository/1. Constant/xpath' is: 'Digital
Silk Screen'

2022-06-09 19:33:12 - [MESSAGE][PASSED] - Delayed 1 second(s)

2022-06-09 19:33:12 - [MESSAGE][PASSED] - Actual text 'Digital
Silk Screen' and expected text 'Digital
Silk Screen' are matched 

2022-06-09 19:33:12 - [TEST_STEP][PASSED] - I.VerifyMatchText("/html/body/div[1]/div[2]/div[8]/div[3]/div/div[3]/div[1]/div/div[1]/div/div[2]/div[2]/div[2]/div[2]/div[11]/div", "pink"): Actual text 'pink' and expected text 'pink' are matched 

2022-06-09 19:33:13 - [MESSAGE][PASSED] - Text of object 'Object Repository/1. Constant/xpath' is: 'pink'

2022-06-09 19:33:14 - [MESSAGE][PASSED] - Delayed 1 second(s)

2022-06-09 19:33:14 - [MESSAGE][PASSED] - Actual text 'pink' and expected text 'pink' are matched 

2022-06-09 19:33:14 - [TEST_STEP][PASSED] - I.VerifyMatchText("/html/body/div[1]/div[2]/div[8]/div[3]/div/div[3]/div[1]/div/div[1]/div/div[2]/div[2]/div[2]/div[2]/div[12]/div", "4"): Actual text '4' and expected text '4' are matched 

2022-06-09 19:33:14 - [MESSAGE][PASSED] - Text of object 'Object Repository/1. Constant/xpath' is: '4'

2022-06-09 19:33:15 - [MESSAGE][PASSED] - Delayed 1 second(s)

2022-06-09 19:33:15 - [MESSAGE][PASSED] - Actual text '4' and expected text '4' are matched 

2022-06-09 19:33:15 - [TEST_STEP][PASSED] - I.VerifyMatchText("/html/body/div[1]/div[2]/div[8]/div[3]/div/div[3]/div[1]/div/div[1]/div/div[2]/div[2]/div[2]/div[2]/div[13]/div", "Iriodin" + "
" + "Soft Touch"): Actual text 'Iriodin
Soft Touch' and expected text 'Iriodin
Soft Touch' are matched 

2022-06-09 19:33:16 - [MESSAGE][PASSED] - Text of object 'Object Repository/1. Constant/xpath' is: 'Iriodin
Soft Touch'

2022-06-09 19:33:17 - [MESSAGE][PASSED] - Delayed 1 second(s)

2022-06-09 19:33:17 - [MESSAGE][PASSED] - Actual text 'Iriodin
Soft Touch' and expected text 'Iriodin
Soft Touch' are matched 

2022-06-09 19:33:17 - [TEST_STEP][PASSED] - I.VerifyMatchText("/html/body/div[1]/div[2]/div[8]/div[3]/div/div[3]/div[1]/div/div[1]/div/div[2]/div[2]/div[2]/div[2]/div[15]/div", "No"): Actual text 'No' and expected text 'No' are matched 

2022-06-09 19:33:17 - [MESSAGE][PASSED] - Text of object 'Object Repository/1. Constant/xpath' is: 'No'

2022-06-09 19:33:18 - [MESSAGE][PASSED] - Delayed 1 second(s)

2022-06-09 19:33:18 - [MESSAGE][PASSED] - Actual text 'No' and expected text 'No' are matched 

2022-06-09 19:33:18 - [TEST_STEP][PASSED] - I.VerifyMatchText("/html/body/div[1]/div[2]/div[8]/div[3]/div/div[3]/div[1]/div/div[1]/div/div[2]/div[2]/div[2]/div[2]/div[16]/div", "No"): Actual text 'No' and expected text 'No' are matched 

2022-06-09 19:33:18 - [MESSAGE][PASSED] - Text of object 'Object Repository/1. Constant/xpath' is: 'No'

2022-06-09 19:33:19 - [MESSAGE][PASSED] - Delayed 1 second(s)

2022-06-09 19:33:19 - [MESSAGE][PASSED] - Actual text 'No' and expected text 'No' are matched 

2022-06-09 19:33:19 - [TEST_STEP][PASSED] - I.Pagedown(): Execute JavaScript 'window.scrollTo(0, document.body.scrollHeight)' successfully

2022-06-09 19:33:19 - [MESSAGE][PASSED] - Execute JavaScript 'window.scrollTo(0, document.body.scrollHeight)' successfully

2022-06-09 19:33:19 - [TEST_STEP][PASSED] - takeScreenshot(): Taking screenshot successfully

2022-06-09 19:33:19 - [MESSAGE][PASSED] - Taking screenshot successfully
[[ATTACHMENT|D:\\Projet Test Auto\\Mediabox Test Automation\\Reports\\20220609_181011\\03. Parallel Testing (Testing)\\TS -PT PART 3\\08 Tag Mass Submit _ Import ref\\20220609_181054\\1654795999627.png]]

2022-06-09 19:33:19 - [TEST_STEP][PASSED] - I.VerifyMatchText("/html/body/div[1]/div[2]/div[8]/div[3]/div/div[3]/div[1]/div/div[1]/div/div[2]/div[2]/div[3]/div[2]/div[1]/div", "Diadeis"): Actual text 'Diadeis' and expected text 'Diadeis' are matched 

2022-06-09 19:33:20 - [MESSAGE][PASSED] - Text of object 'Object Repository/1. Constant/xpath' is: 'Diadeis'

2022-06-09 19:33:21 - [MESSAGE][PASSED] - Delayed 1 second(s)

2022-06-09 19:33:21 - [MESSAGE][PASSED] - Actual text 'Diadeis' and expected text 'Diadeis' are matched 

2022-06-09 19:33:21 - [TEST_STEP][PASSED] - I.VerifyMatchText("/html/body/div[1]/div[2]/div[8]/div[3]/div/div[3]/div[1]/div/div[1]/div/div[2]/div[2]/div[3]/div[2]/div[2]/div", "00002025 - ORLANDO ANTONIO TRASPORTI S.N.C."): Actual text '00002025 - ORLANDO ANTONIO TRASPORTI S.N.C.' and expected text '00002025 - ORLANDO ANTONIO TRASPORTI S.N.C.' are matched 

2022-06-09 19:33:22 - [MESSAGE][PASSED] - Text of object 'Object Repository/1. Constant/xpath' is: '00002025 - ORLANDO ANTONIO TRASPORTI S.N.C.'

2022-06-09 19:33:23 - [MESSAGE][PASSED] - Delayed 1 second(s)

2022-06-09 19:33:23 - [MESSAGE][PASSED] - Actual text '00002025 - ORLANDO ANTONIO TRASPORTI S.N.C.' and expected text '00002025 - ORLANDO ANTONIO TRASPORTI S.N.C.' are matched 

2022-06-09 19:33:23 - [TEST_STEP][PASSED] - I.VerifyMatchText("/html/body/div[1]/div[2]/div[8]/div[3]/div/div[3]/div[1]/div/div[1]/div/div[2]/div[2]/div[3]/div[2]/div[3]/div", "00000007 - ROMATIC MANUFACTURING COMPANY THE"): Actual text '00000007 - ROMATIC MANUFACTURING COMPANY THE' and expected text '00000007 - ROMATIC MANUFACTURING COMPANY THE' are matched 

2022-06-09 19:33:23 - [MESSAGE][PASSED] - Text of object 'Object Repository/1. Constant/xpath' is: '00000007 - ROMATIC MANUFACTURING COMPANY THE'

2022-06-09 19:33:24 - [MESSAGE][PASSED] - Delayed 1 second(s)

2022-06-09 19:33:24 - [MESSAGE][PASSED] - Actual text '00000007 - ROMATIC MANUFACTURING COMPANY THE' and expected text '00000007 - ROMATIC MANUFACTURING COMPANY THE' are matched 

2022-06-09 19:33:24 - [TEST_STEP][PASSED] - I.VerifyMatchText("/html/body/div[1]/div[2]/div[8]/div[3]/div/div[3]/div[1]/div/div[1]/div/div[2]/div[2]/div[3]/div[2]/div[4]/div", "Burgos"): Actual text 'Burgos' and expected text 'Burgos' are matched 

2022-06-09 19:33:24 - [MESSAGE][PASSED] - Text of object 'Object Repository/1. Constant/xpath' is: 'Burgos'

2022-06-09 19:33:25 - [MESSAGE][PASSED] - Delayed 1 second(s)

2022-06-09 19:33:25 - [MESSAGE][PASSED] - Actual text 'Burgos' and expected text 'Burgos' are matched 

2022-06-09 19:33:25 - [TEST_STEP][PASSED] - click(findTestObject("1. Constant/xpath", ["xpath":"//*[@id="kt_subheader"]/div/nav/ol/li[2]/a"])): Object: 'Object Repository/1. Constant/xpath' is clicked on

2022-06-09 19:33:31 - [MESSAGE][PASSED] - Object: 'Object Repository/1. Constant/xpath' is clicked on

2022-06-09 19:33:31 - [TEST_STEP][PASSED] - click(findTestObject("1. Constant/xpath", ["xpath":"/html/body/div[1]/div[2]/div[4]/div[3]/div/div[2]/div[2]/div[1]/table/tbody/tr[3]/td[6]/a"])): Object: 'Object Repository/1. Constant/xpath' is clicked on

2022-06-09 19:33:35 - [MESSAGE][PASSED] - Object: 'Object Repository/1. Constant/xpath' is clicked on

2022-06-09 19:33:35 - [TEST_STEP][PASSED] - delay(1): Delayed 1 second(s)

2022-06-09 19:33:36 - [MESSAGE][PASSED] - Delayed 1 second(s)

2022-06-09 19:33:36 - [TEST_STEP][PASSED] - takeScreenshot(): Taking screenshot successfully

2022-06-09 19:33:37 - [MESSAGE][PASSED] - Taking screenshot successfully
[[ATTACHMENT|D:\\Projet Test Auto\\Mediabox Test Automation\\Reports\\20220609_181011\\03. Parallel Testing (Testing)\\TS -PT PART 3\\08 Tag Mass Submit _ Import ref\\20220609_181054\\1654796017152.png]]

2022-06-09 19:33:37 - [TEST_STEP][PASSED] - refID3 = I.RefID_tag(): Current window's url is: 'http://mdb-release.diadeis.lan/MediaboxIndependence/Base/ExecAction?action=VoirRef&IDSession=MBI!RELTESTAUTO_TAG!RTRXRXERWML2YT6AD34WPTL0DQC1UK5FCSFUCHEE&num=PF55L6BUKH&id_ref=24429'

2022-06-09 19:33:42 - [MESSAGE][PASSED] - Delayed 5 second(s)

2022-06-09 19:33:42 - [MESSAGE][PASSED] - Current window's url is: 'http://mdb-release.diadeis.lan/MediaboxIndependence/Base/ExecAction?action=VoirRef&IDSession=MBI!RELTESTAUTO_TAG!RTRXRXERWML2YT6AD34WPTL0DQC1UK5FCSFUCHEE&num=PF55L6BUKH&id_ref=24429'

2022-06-09 19:33:42 - [TEST_STEP][PASSED] - I.print(refID3): null

2022-06-09 19:33:42 - [TEST_STEP][PASSED] - delay(1): Delayed 1 second(s)

2022-06-09 19:33:43 - [MESSAGE][PASSED] - Delayed 1 second(s)

2022-06-09 19:33:43 - [TEST_STEP][PASSED] - I.writenotepad("D:\Upoad_File\Projet_ Login\Tag\14.01 Tag _Project_No\14.01_Tag_ProjectNo.txt", Project_No): null

2022-06-09 19:33:43 - [TEST_STEP][PASSED] - I.writenotepad("D:\Upoad_File\Projet_ Login\Tag\14.01 Tag _Project_No\14.01_Tag_refID1.txt", refID1): null

2022-06-09 19:33:43 - [TEST_STEP][PASSED] - I.writenotepad("D:\Upoad_File\Projet_ Login\Tag\14.01 Tag _Project_No\14.01_Tag_refID2.txt", refID2): null

2022-06-09 19:33:43 - [TEST_STEP][PASSED] - I.writenotepad("D:\Upoad_File\Projet_ Login\Tag\14.01 Tag _Project_No\14.01_Tag_refID3.txt", refID3): null

2022-06-09 19:33:43 - [TEST_STEP][PASSED] - takeScreenshot(): Taking screenshot successfully

2022-06-09 19:33:43 - [MESSAGE][PASSED] - Taking screenshot successfully
[[ATTACHMENT|D:\\Projet Test Auto\\Mediabox Test Automation\\Reports\\20220609_181011\\03. Parallel Testing (Testing)\\TS -PT PART 3\\08 Tag Mass Submit _ Import ref\\20220609_181054\\1654796023579.png]]

2022-06-09 19:33:43 - [TEST_STEP][PASSED] - I.VerifyMatchText("/html/body/div[1]/div[2]/div[8]/div[3]/div/div[3]/div[1]/div/div[1]/div/div[2]/div[2]/div[1]/div[2]/div[3]/div", "Gift"): Actual text 'Gift' and expected text 'Gift' are matched 

2022-06-09 19:33:43 - [MESSAGE][PASSED] - Text of object 'Object Repository/1. Constant/xpath' is: 'Gift'

2022-06-09 19:33:44 - [MESSAGE][PASSED] - Delayed 1 second(s)

2022-06-09 19:33:44 - [MESSAGE][PASSED] - Actual text 'Gift' and expected text 'Gift' are matched 

2022-06-09 19:33:44 - [TEST_STEP][PASSED] - I.VerifyMatchText("/html/body/div[1]/div[2]/div[8]/div[3]/div/div[3]/div[1]/div/div[1]/div/div[2]/div[2]/div[1]/div[2]/div[4]/div", "Carton"): Actual text 'Carton' and expected text 'Carton' are matched 

2022-06-09 19:33:45 - [MESSAGE][PASSED] - Text of object 'Object Repository/1. Constant/xpath' is: 'Carton'

2022-06-09 19:33:46 - [MESSAGE][PASSED] - Delayed 1 second(s)

2022-06-09 19:33:46 - [MESSAGE][PASSED] - Actual text 'Carton' and expected text 'Carton' are matched 

2022-06-09 19:33:46 - [TEST_STEP][PASSED] - I.VerifyMatchText("/html/body/div[1]/div[2]/div[8]/div[3]/div/div[3]/div[1]/div/div[1]/div/div[2]/div[2]/div[1]/div[2]/div[5]/div", "Tertiary"): Actual text 'Tertiary' and expected text 'Tertiary' are matched 

2022-06-09 19:33:46 - [MESSAGE][PASSED] - Text of object 'Object Repository/1. Constant/xpath' is: 'Tertiary'

2022-06-09 19:33:47 - [MESSAGE][PASSED] - Delayed 1 second(s)

2022-06-09 19:33:47 - [MESSAGE][PASSED] - Actual text 'Tertiary' and expected text 'Tertiary' are matched 

2022-06-09 19:33:47 - [TEST_STEP][PASSED] - I.VerifyMatchText("/html/body/div[1]/div[2]/div[8]/div[3]/div/div[3]/div[1]/div/div[1]/div/div[2]/div[2]/div[1]/div[2]/div[6]/div", "500"): Actual text '500' and expected text '500' are matched 

2022-06-09 19:33:47 - [MESSAGE][PASSED] - Text of object 'Object Repository/1. Constant/xpath' is: '500'

2022-06-09 19:33:48 - [MESSAGE][PASSED] - Delayed 1 second(s)

2022-06-09 19:33:48 - [MESSAGE][PASSED] - Actual text '500' and expected text '500' are matched 

2022-06-09 19:33:48 - [TEST_STEP][PASSED] - I.VerifyMatchText("/html/body/div[1]/div[2]/div[8]/div[3]/div/div[3]/div[1]/div/div[1]/div/div[2]/div[2]/div[1]/div[2]/div[8]/div", ""): Actual text '' and expected text '' are matched 

2022-06-09 19:33:49 - [MESSAGE][PASSED] - Text of object 'Object Repository/1. Constant/xpath' is: ''

2022-06-09 19:33:50 - [MESSAGE][PASSED] - Delayed 1 second(s)

2022-06-09 19:33:50 - [MESSAGE][PASSED] - Actual text '' and expected text '' are matched 

2022-06-09 19:33:50 - [TEST_STEP][PASSED] - I.VerifyMatchText("/html/body/div[1]/div[2]/div[8]/div[3]/div/div[3]/div[1]/div/div[1]/div/div[2]/div[2]/div[1]/div[2]/div[7]/div", "ML"): Actual text 'ML' and expected text 'ML' are matched 

2022-06-09 19:33:50 - [MESSAGE][PASSED] - Text of object 'Object Repository/1. Constant/xpath' is: 'ML'

2022-06-09 19:33:51 - [MESSAGE][PASSED] - Delayed 1 second(s)

2022-06-09 19:33:51 - [MESSAGE][PASSED] - Actual text 'ML' and expected text 'ML' are matched 

2022-06-09 19:33:51 - [TEST_STEP][PASSED] - I.VerifyMatchText("/html/body/div[1]/div[2]/div[8]/div[3]/div/div[3]/div[1]/div/div[1]/div/div[2]/div[2]/div[1]/div[2]/div[9]/div", "200318855"): Actual text '200318855' and expected text '200318855' are matched 

2022-06-09 19:33:51 - [MESSAGE][PASSED] - Text of object 'Object Repository/1. Constant/xpath' is: '200318855'

2022-06-09 19:33:52 - [MESSAGE][PASSED] - Delayed 1 second(s)

2022-06-09 19:33:52 - [MESSAGE][PASSED] - Actual text '200318855' and expected text '200318855' are matched 

2022-06-09 19:33:52 - [TEST_STEP][PASSED] - takeScreenshot(): Taking screenshot successfully

2022-06-09 19:33:53 - [MESSAGE][PASSED] - Taking screenshot successfully
[[ATTACHMENT|D:\\Projet Test Auto\\Mediabox Test Automation\\Reports\\20220609_181011\\03. Parallel Testing (Testing)\\TS -PT PART 3\\08 Tag Mass Submit _ Import ref\\20220609_181054\\1654796033239.png]]

2022-06-09 19:33:53 - [TEST_STEP][PASSED] - I.VerifyMatchText("/html/body/div[1]/div[2]/div[8]/div[3]/div/div[3]/div[1]/div/div[1]/div/div[2]/div[2]/div[2]/div[2]/div[1]/div", "Diadeis"): Actual text 'Diadeis' and expected text 'Diadeis' are matched 

2022-06-09 19:33:54 - [MESSAGE][PASSED] - Text of object 'Object Repository/1. Constant/xpath' is: 'Diadeis'

2022-06-09 19:33:55 - [MESSAGE][PASSED] - Delayed 1 second(s)

2022-06-09 19:33:55 - [MESSAGE][PASSED] - Actual text 'Diadeis' and expected text 'Diadeis' are matched 

2022-06-09 19:33:55 - [TEST_STEP][PASSED] - I.VerifyMatchText("/html/body/div[1]/div[2]/div[8]/div[3]/div/div[3]/div[1]/div/div[1]/div/div[2]/div[2]/div[2]/div[2]/div[2]/div", "C&A BRIEF"): Actual text 'C&A BRIEF' and expected text 'C&A BRIEF' are matched 

2022-06-09 19:33:55 - [MESSAGE][PASSED] - Text of object 'Object Repository/1. Constant/xpath' is: 'C&A BRIEF'

2022-06-09 19:33:56 - [MESSAGE][PASSED] - Delayed 1 second(s)

2022-06-09 19:33:56 - [MESSAGE][PASSED] - Actual text 'C&A BRIEF' and expected text 'C&A BRIEF' are matched 

2022-06-09 19:33:56 - [TEST_STEP][PASSED] - I.VerifyMatchText("/html/body/div[1]/div[2]/div[8]/div[3]/div/div[3]/div[1]/div/div[1]/div/div[2]/div[2]/div[2]/div[2]/div[10]/div", "Digital" + "
" + "Silk Screen"): Actual text 'Digital
Silk Screen' and expected text 'Digital
Silk Screen' are matched 

2022-06-09 19:33:56 - [MESSAGE][PASSED] - Text of object 'Object Repository/1. Constant/xpath' is: 'Digital
Silk Screen'

2022-06-09 19:33:57 - [MESSAGE][PASSED] - Delayed 1 second(s)

2022-06-09 19:33:57 - [MESSAGE][PASSED] - Actual text 'Digital
Silk Screen' and expected text 'Digital
Silk Screen' are matched 

2022-06-09 19:33:57 - [TEST_STEP][PASSED] - I.VerifyMatchText("/html/body/div[1]/div[2]/div[8]/div[3]/div/div[3]/div[1]/div/div[1]/div/div[2]/div[2]/div[2]/div[2]/div[11]/div", "pink"): Actual text 'pink' and expected text 'pink' are matched 

2022-06-09 19:33:57 - [MESSAGE][PASSED] - Text of object 'Object Repository/1. Constant/xpath' is: 'pink'

2022-06-09 19:33:58 - [MESSAGE][PASSED] - Delayed 1 second(s)

2022-06-09 19:33:58 - [MESSAGE][PASSED] - Actual text 'pink' and expected text 'pink' are matched 

2022-06-09 19:33:58 - [TEST_STEP][PASSED] - I.VerifyMatchText("/html/body/div[1]/div[2]/div[8]/div[3]/div/div[3]/div[1]/div/div[1]/div/div[2]/div[2]/div[2]/div[2]/div[12]/div", "4"): Actual text '4' and expected text '4' are matched 

2022-06-09 19:33:58 - [MESSAGE][PASSED] - Text of object 'Object Repository/1. Constant/xpath' is: '4'

2022-06-09 19:33:59 - [MESSAGE][PASSED] - Delayed 1 second(s)

2022-06-09 19:33:59 - [MESSAGE][PASSED] - Actual text '4' and expected text '4' are matched 

2022-06-09 19:33:59 - [TEST_STEP][PASSED] - I.VerifyMatchText("/html/body/div[1]/div[2]/div[8]/div[3]/div/div[3]/div[1]/div/div[1]/div/div[2]/div[2]/div[2]/div[2]/div[13]/div", "Iriodin" + "
" + "Soft Touch"): Actual text 'Iriodin
Soft Touch' and expected text 'Iriodin
Soft Touch' are matched 

2022-06-09 19:34:01 - [MESSAGE][PASSED] - Text of object 'Object Repository/1. Constant/xpath' is: 'Iriodin
Soft Touch'

2022-06-09 19:34:02 - [MESSAGE][PASSED] - Delayed 1 second(s)

2022-06-09 19:34:02 - [MESSAGE][PASSED] - Actual text 'Iriodin
Soft Touch' and expected text 'Iriodin
Soft Touch' are matched 

2022-06-09 19:34:02 - [TEST_STEP][PASSED] - I.VerifyMatchText("/html/body/div[1]/div[2]/div[8]/div[3]/div/div[3]/div[1]/div/div[1]/div/div[2]/div[2]/div[2]/div[2]/div[15]/div", "No"): Actual text 'No' and expected text 'No' are matched 

2022-06-09 19:34:02 - [MESSAGE][PASSED] - Text of object 'Object Repository/1. Constant/xpath' is: 'No'

2022-06-09 19:34:03 - [MESSAGE][PASSED] - Delayed 1 second(s)

2022-06-09 19:34:03 - [MESSAGE][PASSED] - Actual text 'No' and expected text 'No' are matched 

2022-06-09 19:34:03 - [TEST_STEP][PASSED] - I.VerifyMatchText("/html/body/div[1]/div[2]/div[8]/div[3]/div/div[3]/div[1]/div/div[1]/div/div[2]/div[2]/div[2]/div[2]/div[16]/div", "No"): Actual text 'No' and expected text 'No' are matched 

2022-06-09 19:34:03 - [MESSAGE][PASSED] - Text of object 'Object Repository/1. Constant/xpath' is: 'No'

2022-06-09 19:34:04 - [MESSAGE][PASSED] - Delayed 1 second(s)

2022-06-09 19:34:04 - [MESSAGE][PASSED] - Actual text 'No' and expected text 'No' are matched 

2022-06-09 19:34:04 - [TEST_STEP][PASSED] - I.Pagedown(): Execute JavaScript 'window.scrollTo(0, document.body.scrollHeight)' successfully

2022-06-09 19:34:04 - [MESSAGE][PASSED] - Execute JavaScript 'window.scrollTo(0, document.body.scrollHeight)' successfully

2022-06-09 19:34:04 - [TEST_STEP][PASSED] - takeScreenshot(): Taking screenshot successfully

2022-06-09 19:34:05 - [MESSAGE][PASSED] - Taking screenshot successfully
[[ATTACHMENT|D:\\Projet Test Auto\\Mediabox Test Automation\\Reports\\20220609_181011\\03. Parallel Testing (Testing)\\TS -PT PART 3\\08 Tag Mass Submit _ Import ref\\20220609_181054\\1654796044978.png]]

2022-06-09 19:34:05 - [TEST_STEP][PASSED] - I.VerifyMatchText("/html/body/div[1]/div[2]/div[8]/div[3]/div/div[3]/div[1]/div/div[1]/div/div[2]/div[2]/div[3]/div[2]/div[1]/div", "Diadeis"): Actual text 'Diadeis' and expected text 'Diadeis' are matched 

2022-06-09 19:34:05 - [MESSAGE][PASSED] - Text of object 'Object Repository/1. Constant/xpath' is: 'Diadeis'

2022-06-09 19:34:06 - [MESSAGE][PASSED] - Delayed 1 second(s)

2022-06-09 19:34:06 - [MESSAGE][PASSED] - Actual text 'Diadeis' and expected text 'Diadeis' are matched 

2022-06-09 19:34:06 - [TEST_STEP][PASSED] - I.VerifyMatchText("/html/body/div[1]/div[2]/div[8]/div[3]/div/div[3]/div[1]/div/div[1]/div/div[2]/div[2]/div[3]/div[2]/div[2]/div", "00002025 - ORLANDO ANTONIO TRASPORTI S.N.C."): Actual text '00002025 - ORLANDO ANTONIO TRASPORTI S.N.C.' and expected text '00002025 - ORLANDO ANTONIO TRASPORTI S.N.C.' are matched 

2022-06-09 19:34:06 - [MESSAGE][PASSED] - Text of object 'Object Repository/1. Constant/xpath' is: '00002025 - ORLANDO ANTONIO TRASPORTI S.N.C.'

2022-06-09 19:34:07 - [MESSAGE][PASSED] - Delayed 1 second(s)

2022-06-09 19:34:07 - [MESSAGE][PASSED] - Actual text '00002025 - ORLANDO ANTONIO TRASPORTI S.N.C.' and expected text '00002025 - ORLANDO ANTONIO TRASPORTI S.N.C.' are matched 

2022-06-09 19:34:07 - [TEST_STEP][PASSED] - I.VerifyMatchText("/html/body/div[1]/div[2]/div[8]/div[3]/div/div[3]/div[1]/div/div[1]/div/div[2]/div[2]/div[3]/div[2]/div[3]/div", "00000007 - ROMATIC MANUFACTURING COMPANY THE"): Actual text '00000007 - ROMATIC MANUFACTURING COMPANY THE' and expected text '00000007 - ROMATIC MANUFACTURING COMPANY THE' are matched 

2022-06-09 19:34:08 - [MESSAGE][PASSED] - Text of object 'Object Repository/1. Constant/xpath' is: '00000007 - ROMATIC MANUFACTURING COMPANY THE'

2022-06-09 19:34:09 - [MESSAGE][PASSED] - Delayed 1 second(s)

2022-06-09 19:34:09 - [MESSAGE][PASSED] - Actual text '00000007 - ROMATIC MANUFACTURING COMPANY THE' and expected text '00000007 - ROMATIC MANUFACTURING COMPANY THE' are matched 

2022-06-09 19:34:09 - [TEST_STEP][PASSED] - I.VerifyMatchText("/html/body/div[1]/div[2]/div[8]/div[3]/div/div[3]/div[1]/div/div[1]/div/div[2]/div[2]/div[3]/div[2]/div[4]/div", "Burgos"): Actual text 'Burgos' and expected text 'Burgos' are matched 

2022-06-09 19:34:10 - [MESSAGE][PASSED] - Text of object 'Object Repository/1. Constant/xpath' is: 'Burgos'

2022-06-09 19:34:11 - [MESSAGE][PASSED] - Delayed 1 second(s)

2022-06-09 19:34:11 - [MESSAGE][PASSED] - Actual text 'Burgos' and expected text 'Burgos' are matched 

2022-06-09 19:34:11 - [TEST_STEP][PASSED] - click(findTestObject("1. Constant/xpath", ["xpath":"//*[@id="kt_subheader"]/div/nav/ol/li[2]/a"])): Object: 'Object Repository/1. Constant/xpath' is clicked on

2022-06-09 19:34:16 - [MESSAGE][PASSED] - Object: 'Object Repository/1. Constant/xpath' is clicked on

2022-06-09 19:34:16 - [TEST_STEP][PASSED] - delay(1): Delayed 1 second(s)

2022-06-09 19:34:17 - [MESSAGE][PASSED] - Delayed 1 second(s)

2022-06-09 19:34:17 - [TEST_STEP][PASSED] - takeScreenshot(): Taking screenshot successfully

2022-06-09 19:34:18 - [MESSAGE][PASSED] - Taking screenshot successfully
[[ATTACHMENT|D:\\Projet Test Auto\\Mediabox Test Automation\\Reports\\20220609_181011\\03. Parallel Testing (Testing)\\TS -PT PART 3\\08 Tag Mass Submit _ Import ref\\20220609_181054\\1654796057794.png]]

2022-06-09 19:34:18 - [TEST_STEP][PASSED] - click(findTestObject("1. Constant/xpath", ["xpath":"//*[@id="ancre_" + refID3 + ""]/a[3]"])): Object: 'Object Repository/1. Constant/xpath' is clicked on

2022-06-09 19:34:24 - [MESSAGE][PASSED] - Object: 'Object Repository/1. Constant/xpath' is clicked on

2022-06-09 19:34:24 - [TEST_STEP][PASSED] - click(findTestObject("1. Constant/xpath", ["xpath":"//*[@id="ModifFiche"]/div[1]/div/button[2]"])): Object: 'Object Repository/1. Constant/xpath' is clicked on

2022-06-09 19:34:32 - [MESSAGE][PASSED] - Object: 'Object Repository/1. Constant/xpath' is clicked on

2022-06-09 19:34:32 - [TEST_STEP][PASSED] - I.VerifyMatchText("//*[@id="source_" + refID1 + ""]/td[11]/span", "Complete"): Actual text 'Complete' and expected text 'Complete' are matched 

2022-06-09 19:34:33 - [MESSAGE][PASSED] - Text of object 'Object Repository/1. Constant/xpath' is: 'Complete'

2022-06-09 19:34:34 - [MESSAGE][PASSED] - Delayed 1 second(s)

2022-06-09 19:34:34 - [MESSAGE][PASSED] - Actual text 'Complete' and expected text 'Complete' are matched 

2022-06-09 19:34:34 - [TEST_STEP][PASSED] - click(findTestObject("1. Constant/xpath", ["xpath":"//*[@id="create_ref_btn"]/button"])): Object: 'Object Repository/1. Constant/xpath' is clicked on

2022-06-09 19:34:34 - [MESSAGE][PASSED] - Object: 'Object Repository/1. Constant/xpath' is clicked on

2022-06-09 19:34:34 - [TEST_STEP][PASSED] - delay(1): Delayed 1 second(s)

2022-06-09 19:34:35 - [MESSAGE][PASSED] - Delayed 1 second(s)

2022-06-09 19:34:35 - [TEST_STEP][PASSED] - takeScreenshot(): Taking screenshot successfully

2022-06-09 19:34:36 - [MESSAGE][PASSED] - Taking screenshot successfully
[[ATTACHMENT|D:\\Projet Test Auto\\Mediabox Test Automation\\Reports\\20220609_181011\\03. Parallel Testing (Testing)\\TS -PT PART 3\\08 Tag Mass Submit _ Import ref\\20220609_181054\\1654796075824.png]]

2022-06-09 19:34:36 - [TEST_STEP][PASSED] - click(findTestObject("1. Constant/xpath", ["xpath":"//*[@id="create_ref_btn"]/div/a[2]"])): Object: 'Object Repository/1. Constant/xpath' is clicked on

2022-06-09 19:34:39 - [MESSAGE][PASSED] - Object: 'Object Repository/1. Constant/xpath' is clicked on

2022-06-09 19:34:39 - [TEST_STEP][PASSED] - delay(2): Delayed 2 second(s)

2022-06-09 19:34:41 - [MESSAGE][PASSED] - Delayed 2 second(s)

2022-06-09 19:34:41 - [TEST_STEP][PASSED] - I.SelectFromList_Value("//*[@id="import_tpl"]", "7"): Delayed 2 second(s)

2022-06-09 19:34:43 - [MESSAGE][PASSED] - All options with value '7' are selected in object 'Object Repository/1. Constant/xpath' 

2022-06-09 19:34:45 - [MESSAGE][PASSED] - Delayed 2 second(s)

2022-06-09 19:34:45 - [TEST_STEP][PASSED] - I.UploadDoc_sendkey_field("//*[@id="xml_file"]", "D:\Upoad_File\AUTOMATION Import ref template TAG\B14.01 Import template.xlsx", ""): Text '' is present on page 

2022-06-09 19:34:47 - [MESSAGE][PASSED] - Delayed 2 second(s)

2022-06-09 19:34:47 - [MESSAGE][PASSED] - Keys 'D:\Upoad_File\AUTOMATION Import ref template TAG\B14.01 Import template.xlsx' sent to object: 'Object Repository/1. Constant/xpath'

2022-06-09 19:34:47 - [MESSAGE][PASSED] - Text '' is present on page 

2022-06-09 19:34:47 - [TEST_STEP][PASSED] - verifyTextNotPresent("Aucun fichier choisi", false): Text 'Aucun fichier choisi' is not present on page

2022-06-09 19:34:48 - [MESSAGE][PASSED] - Text 'Aucun fichier choisi' is not present on page

2022-06-09 19:34:48 - [TEST_STEP][PASSED] - takeScreenshot(): Taking screenshot successfully

2022-06-09 19:34:49 - [MESSAGE][PASSED] - Taking screenshot successfully
[[ATTACHMENT|D:\\Projet Test Auto\\Mediabox Test Automation\\Reports\\20220609_181011\\03. Parallel Testing (Testing)\\TS -PT PART 3\\08 Tag Mass Submit _ Import ref\\20220609_181054\\1654796089031.png]]

2022-06-09 19:34:49 - [TEST_STEP][PASSED] - delay(1): Delayed 1 second(s)

2022-06-09 19:34:50 - [MESSAGE][PASSED] - Delayed 1 second(s)

2022-06-09 19:34:50 - [TEST_STEP][PASSED] - click(findTestObject("1. Constant/xpath", ["xpath":"//*[@id="ModifFiche"]/div[7]/div/button[1]"])): Object: 'Object Repository/1. Constant/xpath' is clicked on

2022-06-09 19:34:59 - [MESSAGE][PASSED] - Object: 'Object Repository/1. Constant/xpath' is clicked on

2022-06-09 19:34:59 - [TEST_STEP][PASSED] - delay(1): Delayed 1 second(s)

2022-06-09 19:35:00 - [MESSAGE][PASSED] - Delayed 1 second(s)

2022-06-09 19:35:00 - [TEST_STEP][PASSED] - takeScreenshot(): Taking screenshot successfully

2022-06-09 19:35:01 - [MESSAGE][PASSED] - Taking screenshot successfully
[[ATTACHMENT|D:\\Projet Test Auto\\Mediabox Test Automation\\Reports\\20220609_181011\\03. Parallel Testing (Testing)\\TS -PT PART 3\\08 Tag Mass Submit _ Import ref\\20220609_181054\\1654796101328.png]]

2022-06-09 19:35:01 - [TEST_STEP][PASSED] - I.Pagedown(): Execute JavaScript 'window.scrollTo(0, document.body.scrollHeight)' successfully

2022-06-09 19:35:01 - [MESSAGE][PASSED] - Execute JavaScript 'window.scrollTo(0, document.body.scrollHeight)' successfully

2022-06-09 19:35:01 - [TEST_STEP][PASSED] - takeScreenshot(): Taking screenshot successfully

2022-06-09 19:35:02 - [MESSAGE][PASSED] - Taking screenshot successfully
[[ATTACHMENT|D:\\Projet Test Auto\\Mediabox Test Automation\\Reports\\20220609_181011\\03. Parallel Testing (Testing)\\TS -PT PART 3\\08 Tag Mass Submit _ Import ref\\20220609_181054\\1654796101820.png]]

2022-06-09 19:35:02 - [TEST_STEP][PASSED] - texxt = "XML Node 1 (Marketing product name : FOREIGN_KEY_3) :" + "
" + "1 Reference will be updated :" + "
" + "  " + Project_No + " - FOREIGN_KEY_3_Gift_Carton_500ML" + "
" + "
" + "XML Node 2 (Marketing product name : FOREIGN_KEY_2) :" + "
" + "1 Reference will be updated :" + "
" + "  " + Project_No + " - FOREIGN_KEY_2" + "
" + "
" + "XML Node 3 (Marketing product name : FOREIGN_KEY_1) :" + "
" + "1 Reference will be updated :" + "
" + "  " + Project_No + " - FOREIGN_KEY_1": null

2022-06-09 19:35:02 - [TEST_STEP][PASSED] - I.print("Expected" + texxt): null

2022-06-09 19:35:02 - [TEST_STEP][PASSED] - I.print("Actual" + getText(findTestObject("1. Constant/xpath", ["xpath":"//*[@id="control_message_update"]"]))): Text of object 'Object Repository/1. Constant/xpath' is: 'XML Node 1 (Marketing product name : FOREIGN_KEY_3) :
1 Reference will be updated :
  MI003406 - FOREIGN_KEY_3_Gift_Carton_500ML

XML Node 2 (Marketing product name : FOREIGN_KEY_2) :
1 Reference will be updated :
  MI003406 - FOREIGN_KEY_2

XML Node 3 (Marketing product name : FOREIGN_KEY_1) :
1 Reference will be updated :
  MI003406 - FOREIGN_KEY_1'

2022-06-09 19:35:02 - [MESSAGE][PASSED] - Text of object 'Object Repository/1. Constant/xpath' is: 'XML Node 1 (Marketing product name : FOREIGN_KEY_3) :
1 Reference will be updated :
  MI003406 - FOREIGN_KEY_3_Gift_Carton_500ML

XML Node 2 (Marketing product name : FOREIGN_KEY_2) :
1 Reference will be updated :
  MI003406 - FOREIGN_KEY_2

XML Node 3 (Marketing product name : FOREIGN_KEY_1) :
1 Reference will be updated :
  MI003406 - FOREIGN_KEY_1'

2022-06-09 19:35:02 - [TEST_STEP][PASSED] - I.VerifyMatchText("//*[@id="control_message_update"]", texxt): Actual text 'XML Node 1 (Marketing product name : FOREIGN_KEY_3) :
1 Reference will be updated :
  MI003406 - FOREIGN_KEY_3_Gift_Carton_500ML

XML Node 2 (Marketing product name : FOREIGN_KEY_2) :
1 Reference will be updated :
  MI003406 - FOREIGN_KEY_2

XML Node 3 (Marketing product name : FOREIGN_KEY_1) :
1 Reference will be updated :
  MI003406 - FOREIGN_KEY_1' and expected text 'XML Node 1 (Marketing product name : FOREIGN_KEY_3) :
1 Reference will be updated :
  MI003406 - FOREIGN_KEY_3_Gift_Carton_500ML

XML Node 2 (Marketing product name : FOREIGN_KEY_2) :
1 Reference will be updated :
  MI003406 - FOREIGN_KEY_2

XML Node 3 (Marketing product name : FOREIGN_KEY_1) :
1 Reference will be updated :
  MI003406 - FOREIGN_KEY_1' are matched 

2022-06-09 19:35:02 - [MESSAGE][PASSED] - Text of object 'Object Repository/1. Constant/xpath' is: 'XML Node 1 (Marketing product name : FOREIGN_KEY_3) :
1 Reference will be updated :
  MI003406 - FOREIGN_KEY_3_Gift_Carton_500ML

XML Node 2 (Marketing product name : FOREIGN_KEY_2) :
1 Reference will be updated :
  MI003406 - FOREIGN_KEY_2

XML Node 3 (Marketing product name : FOREIGN_KEY_1) :
1 Reference will be updated :
  MI003406 - FOREIGN_KEY_1'

2022-06-09 19:35:03 - [MESSAGE][PASSED] - Delayed 1 second(s)

2022-06-09 19:35:03 - [MESSAGE][PASSED] - Actual text 'XML Node 1 (Marketing product name : FOREIGN_KEY_3) :
1 Reference will be updated :
  MI003406 - FOREIGN_KEY_3_Gift_Carton_500ML

XML Node 2 (Marketing product name : FOREIGN_KEY_2) :
1 Reference will be updated :
  MI003406 - FOREIGN_KEY_2

XML Node 3 (Marketing product name : FOREIGN_KEY_1) :
1 Reference will be updated :
  MI003406 - FOREIGN_KEY_1' and expected text 'XML Node 1 (Marketing product name : FOREIGN_KEY_3) :
1 Reference will be updated :
  MI003406 - FOREIGN_KEY_3_Gift_Carton_500ML

XML Node 2 (Marketing product name : FOREIGN_KEY_2) :
1 Reference will be updated :
  MI003406 - FOREIGN_KEY_2

XML Node 3 (Marketing product name : FOREIGN_KEY_1) :
1 Reference will be updated :
  MI003406 - FOREIGN_KEY_1' are matched 

2022-06-09 19:35:03 - [TEST_STEP][PASSED] - delay(1): Delayed 1 second(s)

2022-06-09 19:35:04 - [MESSAGE][PASSED] - Delayed 1 second(s)

2022-06-09 19:35:04 - [TEST_STEP][PASSED] - click(findTestObject("1. Constant/xpath", ["xpath":"//*[@id="control_block_update"]/div[1]/div[2]/a"])): Object: 'Object Repository/1. Constant/xpath' is clicked on

2022-06-09 19:35:04 - [MESSAGE][PASSED] - Object: 'Object Repository/1. Constant/xpath' is clicked on

2022-06-09 19:35:04 - [TEST_STEP][PASSED] - delay(1): Delayed 1 second(s)

2022-06-09 19:35:05 - [MESSAGE][PASSED] - Delayed 1 second(s)

2022-06-09 19:35:05 - [TEST_STEP][PASSED] - verifyElementNotVisible(findTestObject("1. Constant/xpath", ["xpath":"//*[@id="control_block_update"]/div[2]"]), STOP_ON_FAILURE): Object 'Object Repository/1. Constant/xpath' is NOT visible

2022-06-09 19:35:08 - [MESSAGE][PASSED] - Object 'Object Repository/1. Constant/xpath' is NOT visible

2022-06-09 19:35:08 - [TEST_STEP][PASSED] - takeScreenshot(): Taking screenshot successfully

2022-06-09 19:35:10 - [MESSAGE][PASSED] - Taking screenshot successfully
[[ATTACHMENT|D:\\Projet Test Auto\\Mediabox Test Automation\\Reports\\20220609_181011\\03. Parallel Testing (Testing)\\TS -PT PART 3\\08 Tag Mass Submit _ Import ref\\20220609_181054\\1654796109276.png]]

2022-06-09 19:35:10 - [TEST_STEP][PASSED] - click(findTestObject("1. Constant/xpath", ["xpath":"//*[@id="control_block_update"]/div[1]/div[2]/a"])): Object: 'Object Repository/1. Constant/xpath' is clicked on

2022-06-09 19:35:11 - [MESSAGE][PASSED] - Object: 'Object Repository/1. Constant/xpath' is clicked on

2022-06-09 19:35:11 - [TEST_STEP][PASSED] - delay(1): Delayed 1 second(s)

2022-06-09 19:35:12 - [MESSAGE][PASSED] - Delayed 1 second(s)

2022-06-09 19:35:12 - [TEST_STEP][PASSED] - verifyElementVisible(findTestObject("1. Constant/xpath", ["xpath":"//*[@id="control_block_update"]/div[2]"]), STOP_ON_FAILURE): Object 'Object Repository/1. Constant/xpath' is visible

2022-06-09 19:35:15 - [MESSAGE][PASSED] - Object 'Object Repository/1. Constant/xpath' is visible

2022-06-09 19:35:15 - [TEST_STEP][PASSED] - takeScreenshot(): Taking screenshot successfully

2022-06-09 19:35:16 - [MESSAGE][PASSED] - Taking screenshot successfully
[[ATTACHMENT|D:\\Projet Test Auto\\Mediabox Test Automation\\Reports\\20220609_181011\\03. Parallel Testing (Testing)\\TS -PT PART 3\\08 Tag Mass Submit _ Import ref\\20220609_181054\\1654796116043.png]]

2022-06-09 19:35:16 - [TEST_STEP][PASSED] - click(findTestObject("1. Constant/xpath", ["xpath":"//*[@id="ModifFiche"]/div[7]/div/button[2]"])): Object: 'Object Repository/1. Constant/xpath' is clicked on

2022-06-09 19:35:37 - [MESSAGE][PASSED] - Object: 'Object Repository/1. Constant/xpath' is clicked on

2022-06-09 19:35:37 - [TEST_STEP][PASSED] - click(findTestObject("1. Constant/xpath", ["xpath":"//*[@id="source_" + refID2 + ""]/td[6]/a"])): Object: 'Object Repository/1. Constant/xpath' is clicked on

2022-06-09 19:35:43 - [MESSAGE][PASSED] - Object: 'Object Repository/1. Constant/xpath' is clicked on

2022-06-09 19:35:43 - [TEST_STEP][PASSED] - delay(1): Delayed 1 second(s)

2022-06-09 19:35:44 - [MESSAGE][PASSED] - Delayed 1 second(s)

2022-06-09 19:35:44 - [TEST_STEP][PASSED] - takeScreenshot(): Taking screenshot successfully

2022-06-09 19:35:47 - [MESSAGE][PASSED] - Taking screenshot successfully
[[ATTACHMENT|D:\\Projet Test Auto\\Mediabox Test Automation\\Reports\\20220609_181011\\03. Parallel Testing (Testing)\\TS -PT PART 3\\08 Tag Mass Submit _ Import ref\\20220609_181054\\1654796146082.png]]

2022-06-09 19:35:47 - [TEST_STEP][PASSED] - delay(1): Delayed 1 second(s)

2022-06-09 19:35:48 - [MESSAGE][PASSED] - Delayed 1 second(s)

2022-06-09 19:35:48 - [TEST_STEP][PASSED] - takeScreenshot(): Taking screenshot successfully

2022-06-09 19:35:49 - [MESSAGE][PASSED] - Taking screenshot successfully
[[ATTACHMENT|D:\\Projet Test Auto\\Mediabox Test Automation\\Reports\\20220609_181011\\03. Parallel Testing (Testing)\\TS -PT PART 3\\08 Tag Mass Submit _ Import ref\\20220609_181054\\1654796148745.png]]

2022-06-09 19:35:49 - [TEST_STEP][PASSED] - I.VerifyMatchText("/html/body/div[1]/div[2]/div[8]/div[3]/div/div[3]/div[1]/div/div[1]/div/div[2]/div[2]/div[1]/div[2]/div[3]/div", "FG"): Actual text 'FG' and expected text 'FG' are matched 

2022-06-09 19:35:51 - [MESSAGE][PASSED] - Text of object 'Object Repository/1. Constant/xpath' is: 'FG'

2022-06-09 19:35:52 - [MESSAGE][PASSED] - Delayed 1 second(s)

2022-06-09 19:35:52 - [MESSAGE][PASSED] - Actual text 'FG' and expected text 'FG' are matched 

2022-06-09 19:35:52 - [TEST_STEP][PASSED] - I.VerifyMatchText("/html/body/div[1]/div[2]/div[8]/div[3]/div/div[3]/div[1]/div/div[1]/div/div[2]/div[2]/div[1]/div[2]/div[4]/div", "Carton"): Actual text 'Carton' and expected text 'Carton' are matched 

2022-06-09 19:35:54 - [MESSAGE][PASSED] - Text of object 'Object Repository/1. Constant/xpath' is: 'Carton'

2022-06-09 19:35:55 - [MESSAGE][PASSED] - Delayed 1 second(s)

2022-06-09 19:35:55 - [MESSAGE][PASSED] - Actual text 'Carton' and expected text 'Carton' are matched 

2022-06-09 19:35:55 - [TEST_STEP][PASSED] - I.VerifyMatchText("/html/body/div[1]/div[2]/div[8]/div[3]/div/div[3]/div[1]/div/div[1]/div/div[2]/div[2]/div[1]/div[2]/div[5]/div", "Secondary"): Actual text 'Secondary' and expected text 'Secondary' are matched 

2022-06-09 19:35:57 - [MESSAGE][PASSED] - Text of object 'Object Repository/1. Constant/xpath' is: 'Secondary'

2022-06-09 19:35:58 - [MESSAGE][PASSED] - Delayed 1 second(s)

2022-06-09 19:35:58 - [MESSAGE][PASSED] - Actual text 'Secondary' and expected text 'Secondary' are matched 

2022-06-09 19:35:58 - [TEST_STEP][PASSED] - I.VerifyMatchText("/html/body/div[1]/div[2]/div[8]/div[3]/div/div[3]/div[1]/div/div[1]/div/div[2]/div[2]/div[1]/div[2]/div[6]/div", "500"): Actual text '500' and expected text '500' are matched 

2022-06-09 19:35:59 - [MESSAGE][PASSED] - Text of object 'Object Repository/1. Constant/xpath' is: '500'

2022-06-09 19:36:00 - [MESSAGE][PASSED] - Delayed 1 second(s)

2022-06-09 19:36:00 - [MESSAGE][PASSED] - Actual text '500' and expected text '500' are matched 

2022-06-09 19:36:00 - [TEST_STEP][PASSED] - I.VerifyMatchText("/html/body/div[1]/div[2]/div[8]/div[3]/div/div[3]/div[1]/div/div[1]/div/div[2]/div[2]/div[1]/div[2]/div[8]/div", "500 ML"): Actual text '500 ML' and expected text '500 ML' are matched 

2022-06-09 19:36:02 - [MESSAGE][PASSED] - Text of object 'Object Repository/1. Constant/xpath' is: '500 ML'

2022-06-09 19:36:03 - [MESSAGE][PASSED] - Delayed 1 second(s)

2022-06-09 19:36:03 - [MESSAGE][PASSED] - Actual text '500 ML' and expected text '500 ML' are matched 

2022-06-09 19:36:03 - [TEST_STEP][PASSED] - I.VerifyMatchText("/html/body/div[1]/div[2]/div[8]/div[3]/div/div[3]/div[1]/div/div[1]/div/div[2]/div[2]/div[1]/div[2]/div[7]/div", "OZ"): Actual text 'OZ' and expected text 'OZ' are matched 

2022-06-09 19:36:05 - [MESSAGE][PASSED] - Text of object 'Object Repository/1. Constant/xpath' is: 'OZ'

2022-06-09 19:36:06 - [MESSAGE][PASSED] - Delayed 1 second(s)

2022-06-09 19:36:06 - [MESSAGE][PASSED] - Actual text 'OZ' and expected text 'OZ' are matched 

2022-06-09 19:36:06 - [TEST_STEP][PASSED] - I.VerifyMatchText("/html/body/div[1]/div[2]/div[8]/div[3]/div/div[3]/div[1]/div/div[1]/div/div[2]/div[2]/div[1]/div[2]/div[9]/div", "200013482"): Actual text '200013482' and expected text '200013482' are matched 

2022-06-09 19:36:07 - [MESSAGE][PASSED] - Text of object 'Object Repository/1. Constant/xpath' is: '200013482'

2022-06-09 19:36:08 - [MESSAGE][PASSED] - Delayed 1 second(s)

2022-06-09 19:36:08 - [MESSAGE][PASSED] - Actual text '200013482' and expected text '200013482' are matched 

2022-06-09 19:36:08 - [TEST_STEP][PASSED] - takeScreenshot(): Taking screenshot successfully

2022-06-09 19:36:10 - [MESSAGE][PASSED] - Taking screenshot successfully
[[ATTACHMENT|D:\\Projet Test Auto\\Mediabox Test Automation\\Reports\\20220609_181011\\03. Parallel Testing (Testing)\\TS -PT PART 3\\08 Tag Mass Submit _ Import ref\\20220609_181054\\1654796169205.png]]

2022-06-09 19:36:10 - [TEST_STEP][PASSED] - I.VerifyMatchText("/html/body/div[1]/div[2]/div[8]/div[3]/div/div[3]/div[1]/div/div[1]/div/div[2]/div[2]/div[2]/div[2]/div[1]/div", "Diadeis"): Actual text 'Diadeis' and expected text 'Diadeis' are matched 

2022-06-09 19:36:12 - [MESSAGE][PASSED] - Text of object 'Object Repository/1. Constant/xpath' is: 'Diadeis'

2022-06-09 19:36:13 - [MESSAGE][PASSED] - Delayed 1 second(s)

2022-06-09 19:36:13 - [MESSAGE][PASSED] - Actual text 'Diadeis' and expected text 'Diadeis' are matched 

2022-06-09 19:36:13 - [TEST_STEP][PASSED] - I.VerifyMatchText("/html/body/div[1]/div[2]/div[8]/div[3]/div/div[3]/div[1]/div/div[1]/div/div[2]/div[2]/div[2]/div[2]/div[2]/div", "C&A BRIEF (Modif)"): Actual text 'C&A BRIEF (Modif)' and expected text 'C&A BRIEF (Modif)' are matched 

2022-06-09 19:36:14 - [MESSAGE][PASSED] - Text of object 'Object Repository/1. Constant/xpath' is: 'C&A BRIEF (Modif)'

2022-06-09 19:36:15 - [MESSAGE][PASSED] - Delayed 1 second(s)

2022-06-09 19:36:15 - [MESSAGE][PASSED] - Actual text 'C&A BRIEF (Modif)' and expected text 'C&A BRIEF (Modif)' are matched 

2022-06-09 19:36:15 - [TEST_STEP][PASSED] - I.VerifyMatchText("/html/body/div[1]/div[2]/div[8]/div[3]/div/div[3]/div[1]/div/div[1]/div/div[2]/div[2]/div[2]/div[2]/div[10]/div", "Dry Offset"): Actual text 'Dry Offset' and expected text 'Dry Offset' are matched 

2022-06-09 19:36:17 - [MESSAGE][PASSED] - Text of object 'Object Repository/1. Constant/xpath' is: 'Dry Offset'

2022-06-09 19:36:18 - [MESSAGE][PASSED] - Delayed 1 second(s)

2022-06-09 19:36:18 - [MESSAGE][PASSED] - Actual text 'Dry Offset' and expected text 'Dry Offset' are matched 

2022-06-09 19:36:18 - [TEST_STEP][PASSED] - I.VerifyMatchText("/html/body/div[1]/div[2]/div[8]/div[3]/div/div[3]/div[1]/div/div[1]/div/div[2]/div[2]/div[2]/div[2]/div[11]/div", "Yellow"): Actual text 'Yellow' and expected text 'Yellow' are matched 

2022-06-09 19:36:19 - [MESSAGE][PASSED] - Text of object 'Object Repository/1. Constant/xpath' is: 'Yellow'

2022-06-09 19:36:20 - [MESSAGE][PASSED] - Delayed 1 second(s)

2022-06-09 19:36:20 - [MESSAGE][PASSED] - Actual text 'Yellow' and expected text 'Yellow' are matched 

2022-06-09 19:36:20 - [TEST_STEP][PASSED] - I.VerifyMatchText("/html/body/div[1]/div[2]/div[8]/div[3]/div/div[3]/div[1]/div/div[1]/div/div[2]/div[2]/div[2]/div[2]/div[12]/div", "100"): Actual text '100' and expected text '100' are matched 

2022-06-09 19:36:21 - [MESSAGE][PASSED] - Text of object 'Object Repository/1. Constant/xpath' is: '100'

2022-06-09 19:36:22 - [MESSAGE][PASSED] - Delayed 1 second(s)

2022-06-09 19:36:22 - [MESSAGE][PASSED] - Actual text '100' and expected text '100' are matched 

2022-06-09 19:36:22 - [TEST_STEP][PASSED] - I.VerifyMatchText("/html/body/div[1]/div[2]/div[8]/div[3]/div/div[3]/div[1]/div/div[1]/div/div[2]/div[2]/div[2]/div[2]/div[13]/div", "Glossy" + "
" + "Matt"): Actual text 'Glossy
Matt' and expected text 'Glossy
Matt' are matched 

2022-06-09 19:36:23 - [MESSAGE][PASSED] - Text of object 'Object Repository/1. Constant/xpath' is: 'Glossy
Matt'

2022-06-09 19:36:24 - [MESSAGE][PASSED] - Delayed 1 second(s)

2022-06-09 19:36:24 - [MESSAGE][PASSED] - Actual text 'Glossy
Matt' and expected text 'Glossy
Matt' are matched 

2022-06-09 19:36:24 - [TEST_STEP][PASSED] - I.VerifyMatchText("/html/body/div[1]/div[2]/div[8]/div[3]/div/div[3]/div[1]/div/div[1]/div/div[2]/div[2]/div[2]/div[2]/div[15]/div", "Yes"): Actual text 'Yes' and expected text 'Yes' are matched 

2022-06-09 19:36:25 - [MESSAGE][PASSED] - Text of object 'Object Repository/1. Constant/xpath' is: 'Yes'

2022-06-09 19:36:26 - [MESSAGE][PASSED] - Delayed 1 second(s)

2022-06-09 19:36:26 - [MESSAGE][PASSED] - Actual text 'Yes' and expected text 'Yes' are matched 

2022-06-09 19:36:26 - [TEST_STEP][PASSED] - I.VerifyMatchText("/html/body/div[1]/div[2]/div[8]/div[3]/div/div[3]/div[1]/div/div[1]/div/div[2]/div[2]/div[2]/div[2]/div[16]/div", "Yes"): Actual text 'Yes' and expected text 'Yes' are matched 

2022-06-09 19:36:28 - [MESSAGE][PASSED] - Text of object 'Object Repository/1. Constant/xpath' is: 'Yes'

2022-06-09 19:36:29 - [MESSAGE][PASSED] - Delayed 1 second(s)

2022-06-09 19:36:29 - [MESSAGE][PASSED] - Actual text 'Yes' and expected text 'Yes' are matched 

2022-06-09 19:36:29 - [TEST_STEP][PASSED] - I.Pagedown(): Execute JavaScript 'window.scrollTo(0, document.body.scrollHeight)' successfully

2022-06-09 19:36:29 - [MESSAGE][PASSED] - Execute JavaScript 'window.scrollTo(0, document.body.scrollHeight)' successfully

2022-06-09 19:36:29 - [TEST_STEP][PASSED] - takeScreenshot(): Taking screenshot successfully

2022-06-09 19:36:30 - [MESSAGE][PASSED] - Taking screenshot successfully
[[ATTACHMENT|D:\\Projet Test Auto\\Mediabox Test Automation\\Reports\\20220609_181011\\03. Parallel Testing (Testing)\\TS -PT PART 3\\08 Tag Mass Submit _ Import ref\\20220609_181054\\1654796189759.png]]

2022-06-09 19:36:30 - [TEST_STEP][PASSED] - I.VerifyMatchText("/html/body/div[1]/div[2]/div[8]/div[3]/div/div[3]/div[1]/div/div[1]/div/div[2]/div[2]/div[3]/div[2]/div[1]/div", "Diadeis"): Actual text 'Diadeis' and expected text 'Diadeis' are matched 

2022-06-09 19:36:31 - [MESSAGE][PASSED] - Text of object 'Object Repository/1. Constant/xpath' is: 'Diadeis'

2022-06-09 19:36:32 - [MESSAGE][PASSED] - Delayed 1 second(s)

2022-06-09 19:36:32 - [MESSAGE][PASSED] - Actual text 'Diadeis' and expected text 'Diadeis' are matched 

2022-06-09 19:36:32 - [TEST_STEP][PASSED] - I.VerifyMatchText("/html/body/div[1]/div[2]/div[8]/div[3]/div/div[3]/div[1]/div/div[1]/div/div[2]/div[2]/div[3]/div[2]/div[2]/div", "00000073 - CRYSTAL INTERNATIONAL | CAN, Toronto"): Actual text '00000073 - CRYSTAL INTERNATIONAL | CAN, Toronto' and expected text '00000073 - CRYSTAL INTERNATIONAL | CAN, Toronto' are matched 

2022-06-09 19:36:34 - [MESSAGE][PASSED] - Text of object 'Object Repository/1. Constant/xpath' is: '00000073 - CRYSTAL INTERNATIONAL | CAN, Toronto'

2022-06-09 19:36:35 - [MESSAGE][PASSED] - Delayed 1 second(s)

2022-06-09 19:36:35 - [MESSAGE][PASSED] - Actual text '00000073 - CRYSTAL INTERNATIONAL | CAN, Toronto' and expected text '00000073 - CRYSTAL INTERNATIONAL | CAN, Toronto' are matched 

2022-06-09 19:36:35 - [TEST_STEP][PASSED] - I.VerifyMatchText("/html/body/div[1]/div[2]/div[8]/div[3]/div/div[3]/div[1]/div/div[1]/div/div[2]/div[2]/div[3]/div[2]/div[3]/div", "00002399 - SEUFERT TRANSPARENT VERPACKUNGEN | DEU, Rodgau"): Actual text '00002399 - SEUFERT TRANSPARENT VERPACKUNGEN | DEU, Rodgau' and expected text '00002399 - SEUFERT TRANSPARENT VERPACKUNGEN | DEU, Rodgau' are matched 

2022-06-09 19:36:36 - [MESSAGE][PASSED] - Text of object 'Object Repository/1. Constant/xpath' is: '00002399 - SEUFERT TRANSPARENT VERPACKUNGEN | DEU, Rodgau'

2022-06-09 19:36:37 - [MESSAGE][PASSED] - Delayed 1 second(s)

2022-06-09 19:36:37 - [MESSAGE][PASSED] - Actual text '00002399 - SEUFERT TRANSPARENT VERPACKUNGEN | DEU, Rodgau' and expected text '00002399 - SEUFERT TRANSPARENT VERPACKUNGEN | DEU, Rodgau' are matched 

2022-06-09 19:36:37 - [TEST_STEP][PASSED] - I.VerifyMatchText("/html/body/div[1]/div[2]/div[8]/div[3]/div/div[3]/div[1]/div/div[1]/div/div[2]/div[2]/div[3]/div[2]/div[4]/div", "Burgos"): Actual text 'Burgos' and expected text 'Burgos' are matched 

2022-06-09 19:36:38 - [MESSAGE][PASSED] - Text of object 'Object Repository/1. Constant/xpath' is: 'Burgos'

2022-06-09 19:36:39 - [MESSAGE][PASSED] - Delayed 1 second(s)

2022-06-09 19:36:39 - [MESSAGE][PASSED] - Actual text 'Burgos' and expected text 'Burgos' are matched 

2022-06-09 19:36:39 - [TEST_STEP][PASSED] - closeBrowser(): Browser is closed

2022-06-09 19:36:54 - [MESSAGE][PASSED] - Browser is closed

2022-06-09 19:36:54 - [TEST_STEP][PASSED] - Start listener action : sampleAfterTestCase: null]]></system-out>
         <system-err><![CDATA[]]></system-err>
      </testcase>
      <testcase name="Test Cases/14. Tag Import ref (P1 - P3 Consecutive)/14.2 Tag_Import_DaughterRef_Error P2" time="167.89" classname="Test Cases/14. Tag Import ref (P1 - P3 Consecutive)/14.2 Tag_Import_DaughterRef_Error P2" status="PASSED">
         <system-out><![CDATA[2022-06-09 19:36:54 - [TEST_CASE][PASSED] - Test Cases/14. Tag Import ref (P1 - P3 Consecutive)/14.2 Tag_Import_DaughterRef_Error P2: Test Cases/14. Tag Import ref (P1 - P3 Consecutive)/14.2 Tag_Import_DaughterRef_Error P2

2022-06-09 19:36:55 - [TEST_STEP][PASSED] - data_Tag = findTestData("Data Files/Username_Password/Tag"): null

2022-06-09 19:36:55 - [TEST_STEP][PASSED] - password_jedun = data_Tag.getValue(3, 1): null

2022-06-09 19:36:55 - [TEST_STEP][PASSED] - password_rrowland = data_Tag.getValue(3, 2): null

2022-06-09 19:36:55 - [TEST_STEP][PASSED] - password_stest = data_Tag.getValue(3, 3): null

2022-06-09 19:36:55 - [TEST_STEP][PASSED] - password_itroin = data_Tag.getValue(3, 4): null

2022-06-09 19:36:55 - [TEST_STEP][PASSED] - password_igedik = data_Tag.getValue(3, 5): null

2022-06-09 19:36:55 - [TEST_STEP][PASSED] - password_mderdour = data_Tag.getValue(3, 6): null

2022-06-09 19:36:55 - [TEST_STEP][PASSED] - password_achatin = data_Tag.getValue(3, 7): null

2022-06-09 19:36:55 - [TEST_STEP][PASSED] - password_tliu = data_Tag.getValue(3, 8): null

2022-06-09 19:36:55 - [TEST_STEP][PASSED] - password_ccaramella = data_Tag.getValue(3, 9): null

2022-06-09 19:36:55 - [TEST_STEP][PASSED] - password_achay = data_Tag.getValue(3, 10): null

2022-06-09 19:36:55 - [TEST_STEP][PASSED] - password_cbono = data_Tag.getValue(3, 11): null

2022-06-09 19:36:55 - [TEST_STEP][PASSED] - password_pmareri = data_Tag.getValue(3, 12): null

2022-06-09 19:36:55 - [TEST_STEP][PASSED] - data_urlRELAUTO = findTestData("Data Files/URL/URL_relauto"): null

2022-06-09 19:36:55 - [TEST_STEP][PASSED] - Url_Tag = data_urlRELAUTO.getValue(2, 3): null

2022-06-09 19:36:55 - [TEST_STEP][PASSED] - Project_No = I.readnotepad("D:\Upoad_File\Projet_ Login\Tag\14.01 Tag _Project_No\14.01_Tag_ProjectNo.txt"): null

2022-06-09 19:36:55 - [TEST_STEP][PASSED] - refID1 = I.readnotepad("D:\Upoad_File\Projet_ Login\Tag\14.01 Tag _Project_No\14.01_Tag_refID1.txt"): null

2022-06-09 19:36:55 - [TEST_STEP][PASSED] - refID2 = I.readnotepad("D:\Upoad_File\Projet_ Login\Tag\14.01 Tag _Project_No\14.01_Tag_refID2.txt"): null

2022-06-09 19:36:55 - [TEST_STEP][PASSED] - refID3 = I.readnotepad("D:\Upoad_File\Projet_ Login\Tag\14.01 Tag _Project_No\14.01_Tag_refID3.txt"): null

2022-06-09 19:36:55 - [TEST_STEP][PASSED] - openBrowser(Url_Tag): Browser is opened with url: 'http://mdb-release.diadeis.lan/MediaboxIndependence/?MBI_datasource=RELTESTAUTO_TAG'

2022-06-09 19:36:55 - [MESSAGE][INFO] - Starting 'Chrome (headless)' driver

2022-06-09 19:36:55 - [MESSAGE][INFO] - User set preference: ['args', '[--window-size=1920,1080, --headless]']

2022-06-09 19:36:55 - [MESSAGE][INFO] - Action delay is set to 0 milliseconds

2022-06-09 19:37:08 - [MESSAGE][PASSED] - Browser is opened with url: 'http://mdb-release.diadeis.lan/MediaboxIndependence/?MBI_datasource=RELTESTAUTO_TAG'

2022-06-09 19:37:08 - [TEST_STEP][PASSED] - maximizeWindow(): Current window maximized

2022-06-09 19:37:08 - [MESSAGE][PASSED] - Current window maximized

2022-06-09 19:37:08 - [TEST_STEP][PASSED] - waitForPageLoad(30): Wait for page load successfully

2022-06-09 19:37:08 - [MESSAGE][PASSED] - Wait for page load successfully

2022-06-09 19:37:08 - [TEST_STEP][PASSED] - takeScreenshot(): Taking screenshot successfully

2022-06-09 19:37:08 - [MESSAGE][PASSED] - Taking screenshot successfully
[[ATTACHMENT|D:\\Projet Test Auto\\Mediabox Test Automation\\Reports\\20220609_181011\\03. Parallel Testing (Testing)\\TS -PT PART 3\\08 Tag Mass Submit _ Import ref\\20220609_181054\\1654796228339.png]]

2022-06-09 19:37:08 - [TEST_STEP][PASSED] - I.Login_password("jedun", password_jedun): Object: 'Object Repository/1. Constant/xpath' is clicked on

2022-06-09 19:37:08 - [MESSAGE][PASSED] - Text 'jedun' is set on object 'Object Repository/1. Constant/xpath'

2022-06-09 19:37:09 - [MESSAGE][PASSED] - Delayed 1 second(s)

2022-06-09 19:37:11 - [MESSAGE][PASSED] - Text 'dchi' is set on object 'Object Repository/1. Constant/xpath'

2022-06-09 19:37:12 - [MESSAGE][PASSED] - Delayed 1 second(s)

2022-06-09 19:37:23 - [MESSAGE][PASSED] - Object: 'Object Repository/1. Constant/xpath' is clicked on

2022-06-09 19:37:23 - [TEST_STEP][PASSED] - click(findTestObject("1. Constant/02_LHSMenu_Projects")): Object: 'Object Repository/1. Constant/02_LHSMenu_Projects' is clicked on

2022-06-09 19:37:29 - [MESSAGE][PASSED] - Object: 'Object Repository/1. Constant/02_LHSMenu_Projects' is clicked on

2022-06-09 19:37:29 - [TEST_STEP][PASSED] - I.SearchProjectNo_xpath(Project_No, "//*[@id="keynum_project"]", "//*[@id="form_filters"]/div[7]/button"): Delayed 5 second(s)

2022-06-09 19:37:30 - [MESSAGE][PASSED] - Delayed 1 second(s)

2022-06-09 19:37:31 - [MESSAGE][PASSED] - Text 'MI003406' is set on object 'Object Repository/1. Constant/xpath'

2022-06-09 19:37:34 - [MESSAGE][PASSED] - Delayed 3 second(s)

2022-06-09 19:37:36 - [MESSAGE][PASSED] - Scroll to object 'Object Repository/1. Constant/xpath' successfully

2022-06-09 19:37:47 - [MESSAGE][PASSED] - Object: 'Object Repository/1. Constant/xpath' is clicked on

2022-06-09 19:37:52 - [MESSAGE][PASSED] - Delayed 5 second(s)

2022-06-09 19:37:52 - [TEST_STEP][PASSED] - takeScreenshot(): Taking screenshot successfully

2022-06-09 19:37:53 - [MESSAGE][PASSED] - Taking screenshot successfully
[[ATTACHMENT|D:\\Projet Test Auto\\Mediabox Test Automation\\Reports\\20220609_181011\\03. Parallel Testing (Testing)\\TS -PT PART 3\\08 Tag Mass Submit _ Import ref\\20220609_181054\\1654796272960.png]]

2022-06-09 19:37:53 - [TEST_STEP][PASSED] - delay(3): Delayed 3 second(s)

2022-06-09 19:37:56 - [MESSAGE][PASSED] - Delayed 3 second(s)

2022-06-09 19:37:56 - [TEST_STEP][PASSED] - click(findTestObject("1. Constant/xpath", ["xpath":"//*[@id="create_ref_btn"]/button"])): Object: 'Object Repository/1. Constant/xpath' is clicked on

2022-06-09 19:37:57 - [MESSAGE][PASSED] - Object: 'Object Repository/1. Constant/xpath' is clicked on

2022-06-09 19:37:57 - [TEST_STEP][PASSED] - delay(3): Delayed 3 second(s)

2022-06-09 19:38:00 - [MESSAGE][PASSED] - Delayed 3 second(s)

2022-06-09 19:38:00 - [TEST_STEP][PASSED] - click(findTestObject("1. Constant/xpath", ["xpath":"//*[@id="create_ref_btn"]/div/a[2]"])): Object: 'Object Repository/1. Constant/xpath' is clicked on

2022-06-09 19:38:04 - [MESSAGE][PASSED] - Object: 'Object Repository/1. Constant/xpath' is clicked on

2022-06-09 19:38:04 - [TEST_STEP][PASSED] - delay(2): Delayed 2 second(s)

2022-06-09 19:38:06 - [MESSAGE][PASSED] - Delayed 2 second(s)

2022-06-09 19:38:06 - [TEST_STEP][PASSED] - takeScreenshot(): Taking screenshot successfully

2022-06-09 19:38:07 - [MESSAGE][PASSED] - Taking screenshot successfully
[[ATTACHMENT|D:\\Projet Test Auto\\Mediabox Test Automation\\Reports\\20220609_181011\\03. Parallel Testing (Testing)\\TS -PT PART 3\\08 Tag Mass Submit _ Import ref\\20220609_181054\\1654796287174.png]]

2022-06-09 19:38:07 - [TEST_STEP][PASSED] - selectOptionByValue(findTestObject("1. Constant/xpath", ["xpath":"//*[@id="import_tpl"]"]), "6", false): All options with value '6' are selected in object 'Object Repository/1. Constant/xpath' 

2022-06-09 19:38:09 - [MESSAGE][PASSED] - All options with value '6' are selected in object 'Object Repository/1. Constant/xpath' 

2022-06-09 19:38:09 - [TEST_STEP][PASSED] - delay(1): Delayed 1 second(s)

2022-06-09 19:38:10 - [MESSAGE][PASSED] - Delayed 1 second(s)

2022-06-09 19:38:10 - [TEST_STEP][PASSED] - selectOptionByValue(findTestObject("1. Constant/xpath", ["xpath":"//*[@id="lfc_tpl"]"]), "29", false): All options with value '29' are selected in object 'Object Repository/1. Constant/xpath' 

2022-06-09 19:38:12 - [MESSAGE][PASSED] - All options with value '29' are selected in object 'Object Repository/1. Constant/xpath' 

2022-06-09 19:38:12 - [TEST_STEP][PASSED] - I.UploadDoc_sendkey_field("//*[@id="xml_file"]", "D:\Upoad_File\AUTOMATION Import ref template TAG\C14.02 [Empty mother key]Import template.xlsx", ""): Text '' is present on page 

2022-06-09 19:38:14 - [MESSAGE][PASSED] - Delayed 2 second(s)

2022-06-09 19:38:14 - [MESSAGE][PASSED] - Keys 'D:\Upoad_File\AUTOMATION Import ref template TAG\C14.02 [Empty mother key]Import template.xlsx' sent to object: 'Object Repository/1. Constant/xpath'

2022-06-09 19:38:14 - [MESSAGE][PASSED] - Text '' is present on page 

2022-06-09 19:38:14 - [TEST_STEP][PASSED] - verifyTextNotPresent("Aucun fichier choisi", false): Text 'Aucun fichier choisi' is not present on page

2022-06-09 19:38:15 - [MESSAGE][PASSED] - Text 'Aucun fichier choisi' is not present on page

2022-06-09 19:38:15 - [TEST_STEP][PASSED] - delay(1): Delayed 1 second(s)

2022-06-09 19:38:16 - [MESSAGE][PASSED] - Delayed 1 second(s)

2022-06-09 19:38:16 - [TEST_STEP][PASSED] - click(findTestObject("1. Constant/xpath", ["xpath":"//*[@id="ModifFiche"]/div[7]/div/button[1]"])): Object: 'Object Repository/1. Constant/xpath' is clicked on

2022-06-09 19:38:28 - [MESSAGE][PASSED] - Object: 'Object Repository/1. Constant/xpath' is clicked on

2022-06-09 19:38:28 - [TEST_STEP][PASSED] - I.Pagedown(): Execute JavaScript 'window.scrollTo(0, document.body.scrollHeight)' successfully

2022-06-09 19:38:28 - [MESSAGE][PASSED] - Execute JavaScript 'window.scrollTo(0, document.body.scrollHeight)' successfully

2022-06-09 19:38:28 - [TEST_STEP][PASSED] - takeScreenshot(): Taking screenshot successfully

2022-06-09 19:38:28 - [MESSAGE][PASSED] - Taking screenshot successfully
[[ATTACHMENT|D:\\Projet Test Auto\\Mediabox Test Automation\\Reports\\20220609_181011\\03. Parallel Testing (Testing)\\TS -PT PART 3\\08 Tag Mass Submit _ Import ref\\20220609_181054\\1654796308336.png]]

2022-06-09 19:38:28 - [TEST_STEP][PASSED] - textc1 = getText(findTestObject("1. Constant/xpath", ["xpath":"//*[@id="control_block_error"]"])): Text of object 'Object Repository/1. Constant/xpath' is: 'CHECK FILE RESULT : ERROR
XML Node 1 :
None of several references to link found in the project

XML Node 1 :
Can not update or create reference with this node :
  No references matches to the foreign key value "120001348"'

2022-06-09 19:38:28 - [MESSAGE][PASSED] - Text of object 'Object Repository/1. Constant/xpath' is: 'CHECK FILE RESULT : ERROR
XML Node 1 :
None of several references to link found in the project

XML Node 1 :
Can not update or create reference with this node :
  No references matches to the foreign key value "120001348"'

2022-06-09 19:38:28 - [TEST_STEP][PASSED] - I.print(textc1): null

2022-06-09 19:38:28 - [TEST_STEP][PASSED] - textac1 = "CHECK FILE RESULT : ERROR" + "
" + "XML Node 1 :" + "
" + "None of several references to link found in the project" + "

" + "XML Node 1 :" + "
" + "Can not update or create reference with this node :" + "
" + "  No references matches to the foreign key value "120001348"": null

2022-06-09 19:38:28 - [TEST_STEP][PASSED] - I.print("Actual > " + textac1): null

2022-06-09 19:38:28 - [TEST_STEP][PASSED] - I.print("Expected > " + textc1): null

2022-06-09 19:38:28 - [TEST_STEP][PASSED] - verifyMatch(textc1, textac1, false): Actual text 'CHECK FILE RESULT : ERROR
XML Node 1 :
None of several references to link found in the project

XML Node 1 :
Can not update or create reference with this node :
  No references matches to the foreign key value "120001348"' and expected text 'CHECK FILE RESULT : ERROR
XML Node 1 :
None of several references to link found in the project

XML Node 1 :
Can not update or create reference with this node :
  No references matches to the foreign key value "120001348"' are matched 

2022-06-09 19:38:28 - [MESSAGE][PASSED] - Actual text 'CHECK FILE RESULT : ERROR
XML Node 1 :
None of several references to link found in the project

XML Node 1 :
Can not update or create reference with this node :
  No references matches to the foreign key value "120001348"' and expected text 'CHECK FILE RESULT : ERROR
XML Node 1 :
None of several references to link found in the project

XML Node 1 :
Can not update or create reference with this node :
  No references matches to the foreign key value "120001348"' are matched 

2022-06-09 19:38:28 - [TEST_STEP][PASSED] - textc2 = getText(findTestObject("1. Constant/xpath", ["xpath":"//*[@id="control_block_warning"]"])): Text of object 'Object Repository/1. Constant/xpath' is: 'CHECK FILE RESULT : WARNING
XML Node 1 :
The linked reference is missing in the file'

2022-06-09 19:38:28 - [MESSAGE][PASSED] - Text of object 'Object Repository/1. Constant/xpath' is: 'CHECK FILE RESULT : WARNING
XML Node 1 :
The linked reference is missing in the file'

2022-06-09 19:38:28 - [TEST_STEP][PASSED] - I.print(textc2): null

2022-06-09 19:38:28 - [TEST_STEP][PASSED] - textac2 = "CHECK FILE RESULT : WARNING" + "
" + "XML Node 1 :" + "
" + "The linked reference is missing in the file": null

2022-06-09 19:38:28 - [TEST_STEP][PASSED] - I.print("Actual > " + textac2): null

2022-06-09 19:38:28 - [TEST_STEP][PASSED] - I.print("Expected > " + textc2): null

2022-06-09 19:38:28 - [TEST_STEP][PASSED] - verifyMatch(textc2, textac2, false): Actual text 'CHECK FILE RESULT : WARNING
XML Node 1 :
The linked reference is missing in the file' and expected text 'CHECK FILE RESULT : WARNING
XML Node 1 :
The linked reference is missing in the file' are matched 

2022-06-09 19:38:28 - [MESSAGE][PASSED] - Actual text 'CHECK FILE RESULT : WARNING
XML Node 1 :
The linked reference is missing in the file' and expected text 'CHECK FILE RESULT : WARNING
XML Node 1 :
The linked reference is missing in the file' are matched 

2022-06-09 19:38:28 - [TEST_STEP][PASSED] - verifyElementNotVisible(findTestObject("1. Constant/xpath", ["xpath":"//*[@id="ModifFiche"]/div[1]/div/button[2]"])): Object 'Object Repository/1. Constant/xpath' is NOT visible

2022-06-09 19:38:29 - [MESSAGE][PASSED] - Object 'Object Repository/1. Constant/xpath' is NOT visible

2022-06-09 19:38:29 - [TEST_STEP][PASSED] - verifyElementNotVisible(findTestObject("1. Constant/xpath", ["xpath":"//*[@id="ModifFiche"]/div[7]/div/button[2]"])): Object 'Object Repository/1. Constant/xpath' is NOT visible

2022-06-09 19:38:29 - [MESSAGE][PASSED] - Object 'Object Repository/1. Constant/xpath' is NOT visible

2022-06-09 19:38:29 - [TEST_STEP][PASSED] - click(findTestObject("1. Constant/xpath", ["xpath":"//*[@id="ModifFiche"]/div[7]/div/a"])): Object: 'Object Repository/1. Constant/xpath' is clicked on

2022-06-09 19:38:33 - [MESSAGE][PASSED] - Object: 'Object Repository/1. Constant/xpath' is clicked on

2022-06-09 19:38:33 - [TEST_STEP][PASSED] - delay(1): Delayed 1 second(s)

2022-06-09 19:38:34 - [MESSAGE][PASSED] - Delayed 1 second(s)

2022-06-09 19:38:34 - [TEST_STEP][PASSED] - takeScreenshot(): Taking screenshot successfully

2022-06-09 19:38:34 - [MESSAGE][PASSED] - Taking screenshot successfully
[[ATTACHMENT|D:\\Projet Test Auto\\Mediabox Test Automation\\Reports\\20220609_181011\\03. Parallel Testing (Testing)\\TS -PT PART 3\\08 Tag Mass Submit _ Import ref\\20220609_181054\\1654796314370.png]]

2022-06-09 19:38:34 - [TEST_STEP][PASSED] - click(findTestObject("1. Constant/xpath", ["xpath":"//*[@id="create_ref_btn"]/button"])): Object: 'Object Repository/1. Constant/xpath' is clicked on

2022-06-09 19:38:35 - [MESSAGE][PASSED] - Object: 'Object Repository/1. Constant/xpath' is clicked on

2022-06-09 19:38:35 - [TEST_STEP][PASSED] - delay(1): Delayed 1 second(s)

2022-06-09 19:38:36 - [MESSAGE][PASSED] - Delayed 1 second(s)

2022-06-09 19:38:36 - [TEST_STEP][PASSED] - takeScreenshot(): Taking screenshot successfully

2022-06-09 19:38:36 - [MESSAGE][PASSED] - Taking screenshot successfully
[[ATTACHMENT|D:\\Projet Test Auto\\Mediabox Test Automation\\Reports\\20220609_181011\\03. Parallel Testing (Testing)\\TS -PT PART 3\\08 Tag Mass Submit _ Import ref\\20220609_181054\\1654796316082.png]]

2022-06-09 19:38:36 - [TEST_STEP][PASSED] - click(findTestObject("1. Constant/xpath", ["xpath":"//*[@id="create_ref_btn"]/div/a[2]"])): Object: 'Object Repository/1. Constant/xpath' is clicked on

2022-06-09 19:38:39 - [MESSAGE][PASSED] - Object: 'Object Repository/1. Constant/xpath' is clicked on

2022-06-09 19:38:39 - [TEST_STEP][PASSED] - delay(2): Delayed 2 second(s)

2022-06-09 19:38:41 - [MESSAGE][PASSED] - Delayed 2 second(s)

2022-06-09 19:38:41 - [TEST_STEP][PASSED] - takeScreenshot(): Taking screenshot successfully

2022-06-09 19:38:41 - [MESSAGE][PASSED] - Taking screenshot successfully
[[ATTACHMENT|D:\\Projet Test Auto\\Mediabox Test Automation\\Reports\\20220609_181011\\03. Parallel Testing (Testing)\\TS -PT PART 3\\08 Tag Mass Submit _ Import ref\\20220609_181054\\1654796321284.png]]

2022-06-09 19:38:41 - [TEST_STEP][PASSED] - selectOptionByValue(findTestObject("1. Constant/xpath", ["xpath":"//*[@id="import_tpl"]"]), "6", false): All options with value '6' are selected in object 'Object Repository/1. Constant/xpath' 

2022-06-09 19:38:43 - [MESSAGE][PASSED] - All options with value '6' are selected in object 'Object Repository/1. Constant/xpath' 

2022-06-09 19:38:43 - [TEST_STEP][PASSED] - delay(1): Delayed 1 second(s)

2022-06-09 19:38:44 - [MESSAGE][PASSED] - Delayed 1 second(s)

2022-06-09 19:38:44 - [TEST_STEP][PASSED] - selectOptionByValue(findTestObject("1. Constant/xpath", ["xpath":"//*[@id="lfc_tpl"]"]), "29", false): All options with value '29' are selected in object 'Object Repository/1. Constant/xpath' 

2022-06-09 19:38:45 - [MESSAGE][PASSED] - All options with value '29' are selected in object 'Object Repository/1. Constant/xpath' 

2022-06-09 19:38:45 - [TEST_STEP][PASSED] - I.UploadDoc_sendkey_field("//*[@id="xml_file"]", "D:\Upoad_File\AUTOMATION Import ref template TAG\D14.02 [No similar mother key]Import template.xlsx", ""): Text '' is present on page 

2022-06-09 19:38:47 - [MESSAGE][PASSED] - Delayed 2 second(s)

2022-06-09 19:38:47 - [MESSAGE][PASSED] - Keys 'D:\Upoad_File\AUTOMATION Import ref template TAG\D14.02 [No similar mother key]Import template.xlsx' sent to object: 'Object Repository/1. Constant/xpath'

2022-06-09 19:38:47 - [MESSAGE][PASSED] - Text '' is present on page 

2022-06-09 19:38:47 - [TEST_STEP][PASSED] - verifyTextNotPresent("Aucun fichier choisi", false): Text 'Aucun fichier choisi' is not present on page

2022-06-09 19:38:48 - [MESSAGE][PASSED] - Text 'Aucun fichier choisi' is not present on page

2022-06-09 19:38:48 - [TEST_STEP][PASSED] - takeScreenshot(): Taking screenshot successfully

2022-06-09 19:38:48 - [MESSAGE][PASSED] - Taking screenshot successfully
[[ATTACHMENT|D:\\Projet Test Auto\\Mediabox Test Automation\\Reports\\20220609_181011\\03. Parallel Testing (Testing)\\TS -PT PART 3\\08 Tag Mass Submit _ Import ref\\20220609_181054\\1654796328161.png]]

2022-06-09 19:38:48 - [TEST_STEP][PASSED] - delay(1): Delayed 1 second(s)

2022-06-09 19:38:49 - [MESSAGE][PASSED] - Delayed 1 second(s)

2022-06-09 19:38:49 - [TEST_STEP][PASSED] - click(findTestObject("1. Constant/xpath", ["xpath":"//*[@id="ModifFiche"]/div[7]/div/button[1]"])): Object: 'Object Repository/1. Constant/xpath' is clicked on

2022-06-09 19:38:59 - [MESSAGE][PASSED] - Object: 'Object Repository/1. Constant/xpath' is clicked on

2022-06-09 19:38:59 - [TEST_STEP][PASSED] - takeScreenshot(): Taking screenshot successfully

2022-06-09 19:39:00 - [MESSAGE][PASSED] - Taking screenshot successfully
[[ATTACHMENT|D:\\Projet Test Auto\\Mediabox Test Automation\\Reports\\20220609_181011\\03. Parallel Testing (Testing)\\TS -PT PART 3\\08 Tag Mass Submit _ Import ref\\20220609_181054\\1654796340139.png]]

2022-06-09 19:39:00 - [TEST_STEP][PASSED] - I.Pagedown(): Execute JavaScript 'window.scrollTo(0, document.body.scrollHeight)' successfully

2022-06-09 19:39:00 - [MESSAGE][PASSED] - Execute JavaScript 'window.scrollTo(0, document.body.scrollHeight)' successfully

2022-06-09 19:39:00 - [TEST_STEP][PASSED] - takeScreenshot(): Taking screenshot successfully

2022-06-09 19:39:00 - [MESSAGE][PASSED] - Taking screenshot successfully
[[ATTACHMENT|D:\\Projet Test Auto\\Mediabox Test Automation\\Reports\\20220609_181011\\03. Parallel Testing (Testing)\\TS -PT PART 3\\08 Tag Mass Submit _ Import ref\\20220609_181054\\1654796340508.png]]

2022-06-09 19:39:00 - [TEST_STEP][PASSED] - textd3 = getText(findTestObject("1. Constant/xpath", ["xpath":"//*[@id="control_block_error"]"])): Text of object 'Object Repository/1. Constant/xpath' is: 'CHECK FILE RESULT : ERROR
XML Node 1 :
None of several references to link found in the project

XML Node 1 :
Can not update or create reference with this node :
  No references matches to the foreign key value "120001348"'

2022-06-09 19:39:00 - [MESSAGE][PASSED] - Text of object 'Object Repository/1. Constant/xpath' is: 'CHECK FILE RESULT : ERROR
XML Node 1 :
None of several references to link found in the project

XML Node 1 :
Can not update or create reference with this node :
  No references matches to the foreign key value "120001348"'

2022-06-09 19:39:00 - [TEST_STEP][PASSED] - I.print(textd3): null

2022-06-09 19:39:00 - [TEST_STEP][PASSED] - Expected_textad3 = "CHECK FILE RESULT : ERROR" + "
" + "XML Node 1 :" + "
" + "None of several references to link found in the project" + "

" + "XML Node 1 :" + "
" + "Can not update or create reference with this node :" + "
" + "  No references matches to the foreign key value "120001348"": null

2022-06-09 19:39:00 - [TEST_STEP][PASSED] - I.print(Expected_textad3): null

2022-06-09 19:39:00 - [TEST_STEP][PASSED] - verifyMatch(textd3, Expected_textad3, false): Actual text 'CHECK FILE RESULT : ERROR
XML Node 1 :
None of several references to link found in the project

XML Node 1 :
Can not update or create reference with this node :
  No references matches to the foreign key value "120001348"' and expected text 'CHECK FILE RESULT : ERROR
XML Node 1 :
None of several references to link found in the project

XML Node 1 :
Can not update or create reference with this node :
  No references matches to the foreign key value "120001348"' are matched 

2022-06-09 19:39:00 - [MESSAGE][PASSED] - Actual text 'CHECK FILE RESULT : ERROR
XML Node 1 :
None of several references to link found in the project

XML Node 1 :
Can not update or create reference with this node :
  No references matches to the foreign key value "120001348"' and expected text 'CHECK FILE RESULT : ERROR
XML Node 1 :
None of several references to link found in the project

XML Node 1 :
Can not update or create reference with this node :
  No references matches to the foreign key value "120001348"' are matched 

2022-06-09 19:39:00 - [TEST_STEP][PASSED] - verifyElementNotVisible(findTestObject("1. Constant/xpath", ["xpath":"//*[@id="ModifFiche"]/div[1]/div/button[2]"])): Object 'Object Repository/1. Constant/xpath' is NOT visible

2022-06-09 19:39:01 - [MESSAGE][PASSED] - Object 'Object Repository/1. Constant/xpath' is NOT visible

2022-06-09 19:39:01 - [TEST_STEP][PASSED] - verifyElementNotVisible(findTestObject("1. Constant/xpath", ["xpath":"//*[@id="ModifFiche"]/div[7]/div/button[2]"])): Object 'Object Repository/1. Constant/xpath' is NOT visible

2022-06-09 19:39:01 - [MESSAGE][PASSED] - Object 'Object Repository/1. Constant/xpath' is NOT visible

2022-06-09 19:39:01 - [TEST_STEP][PASSED] - click(findTestObject("1. Constant/xpath", ["xpath":"//*[@id="ModifFiche"]/div[7]/div/a"])): Object: 'Object Repository/1. Constant/xpath' is clicked on

2022-06-09 19:39:04 - [MESSAGE][PASSED] - Object: 'Object Repository/1. Constant/xpath' is clicked on

2022-06-09 19:39:04 - [TEST_STEP][PASSED] - takeScreenshot(): Taking screenshot successfully

2022-06-09 19:39:05 - [MESSAGE][PASSED] - Taking screenshot successfully
[[ATTACHMENT|D:\\Projet Test Auto\\Mediabox Test Automation\\Reports\\20220609_181011\\03. Parallel Testing (Testing)\\TS -PT PART 3\\08 Tag Mass Submit _ Import ref\\20220609_181054\\1654796344906.png]]

2022-06-09 19:39:05 - [TEST_STEP][PASSED] - click(findTestObject("1. Constant/xpath", ["xpath":"//*[@id="create_ref_btn"]/button"])): Object: 'Object Repository/1. Constant/xpath' is clicked on

2022-06-09 19:39:07 - [MESSAGE][PASSED] - Object: 'Object Repository/1. Constant/xpath' is clicked on

2022-06-09 19:39:07 - [TEST_STEP][PASSED] - delay(1): Delayed 1 second(s)

2022-06-09 19:39:08 - [MESSAGE][PASSED] - Delayed 1 second(s)

2022-06-09 19:39:08 - [TEST_STEP][PASSED] - click(findTestObject("1. Constant/xpath", ["xpath":"//*[@id="create_ref_btn"]/div/a[2]"])): Object: 'Object Repository/1. Constant/xpath' is clicked on

2022-06-09 19:39:12 - [MESSAGE][PASSED] - Object: 'Object Repository/1. Constant/xpath' is clicked on

2022-06-09 19:39:12 - [TEST_STEP][PASSED] - delay(2): Delayed 2 second(s)

2022-06-09 19:39:14 - [MESSAGE][PASSED] - Delayed 2 second(s)

2022-06-09 19:39:14 - [TEST_STEP][PASSED] - takeScreenshot(): Taking screenshot successfully

2022-06-09 19:39:15 - [MESSAGE][PASSED] - Taking screenshot successfully
[[ATTACHMENT|D:\\Projet Test Auto\\Mediabox Test Automation\\Reports\\20220609_181011\\03. Parallel Testing (Testing)\\TS -PT PART 3\\08 Tag Mass Submit _ Import ref\\20220609_181054\\1654796354510.png]]

2022-06-09 19:39:15 - [TEST_STEP][PASSED] - selectOptionByValue(findTestObject("1. Constant/xpath", ["xpath":"//*[@id="import_tpl"]"]), "6", false): All options with value '6' are selected in object 'Object Repository/1. Constant/xpath' 

2022-06-09 19:39:17 - [MESSAGE][PASSED] - All options with value '6' are selected in object 'Object Repository/1. Constant/xpath' 

2022-06-09 19:39:17 - [TEST_STEP][PASSED] - selectOptionByValue(findTestObject("1. Constant/xpath", ["xpath":"//*[@id="lfc_tpl"]"]), "29", false): All options with value '29' are selected in object 'Object Repository/1. Constant/xpath' 

2022-06-09 19:39:19 - [MESSAGE][PASSED] - All options with value '29' are selected in object 'Object Repository/1. Constant/xpath' 

2022-06-09 19:39:19 - [TEST_STEP][PASSED] - delay(1): Delayed 1 second(s)

2022-06-09 19:39:20 - [MESSAGE][PASSED] - Delayed 1 second(s)

2022-06-09 19:39:20 - [TEST_STEP][PASSED] - I.UploadDoc_sendkey_field("//*[@id="xml_file"]", "D:\Upoad_File\AUTOMATION Import ref template TAG\E14.02 [Multiple Same mother key]Import template.xlsx", ""): Text '' is present on page 

2022-06-09 19:39:22 - [MESSAGE][PASSED] - Delayed 2 second(s)

2022-06-09 19:39:22 - [MESSAGE][PASSED] - Keys 'D:\Upoad_File\AUTOMATION Import ref template TAG\E14.02 [Multiple Same mother key]Import template.xlsx' sent to object: 'Object Repository/1. Constant/xpath'

2022-06-09 19:39:22 - [MESSAGE][PASSED] - Text '' is present on page 

2022-06-09 19:39:22 - [TEST_STEP][PASSED] - verifyTextNotPresent("Aucun fichier choisi", false): Text 'Aucun fichier choisi' is not present on page

2022-06-09 19:39:23 - [MESSAGE][PASSED] - Text 'Aucun fichier choisi' is not present on page

2022-06-09 19:39:23 - [TEST_STEP][PASSED] - takeScreenshot(): Taking screenshot successfully

2022-06-09 19:39:24 - [MESSAGE][PASSED] - Taking screenshot successfully
[[ATTACHMENT|D:\\Projet Test Auto\\Mediabox Test Automation\\Reports\\20220609_181011\\03. Parallel Testing (Testing)\\TS -PT PART 3\\08 Tag Mass Submit _ Import ref\\20220609_181054\\1654796363761.png]]

2022-06-09 19:39:24 - [TEST_STEP][PASSED] - delay(1): Delayed 1 second(s)

2022-06-09 19:39:25 - [MESSAGE][PASSED] - Delayed 1 second(s)

2022-06-09 19:39:25 - [TEST_STEP][PASSED] - click(findTestObject("1. Constant/xpath", ["xpath":"//*[@id="ModifFiche"]/div[7]/div/button[1]"])): Object: 'Object Repository/1. Constant/xpath' is clicked on

2022-06-09 19:39:35 - [MESSAGE][PASSED] - Object: 'Object Repository/1. Constant/xpath' is clicked on

2022-06-09 19:39:35 - [TEST_STEP][PASSED] - takeScreenshot(): Taking screenshot successfully

2022-06-09 19:39:35 - [MESSAGE][PASSED] - Taking screenshot successfully
[[ATTACHMENT|D:\\Projet Test Auto\\Mediabox Test Automation\\Reports\\20220609_181011\\03. Parallel Testing (Testing)\\TS -PT PART 3\\08 Tag Mass Submit _ Import ref\\20220609_181054\\1654796375686.png]]

2022-06-09 19:39:35 - [TEST_STEP][PASSED] - I.Pagedown(): Execute JavaScript 'window.scrollTo(0, document.body.scrollHeight)' successfully

2022-06-09 19:39:36 - [MESSAGE][PASSED] - Execute JavaScript 'window.scrollTo(0, document.body.scrollHeight)' successfully

2022-06-09 19:39:36 - [TEST_STEP][PASSED] - takeScreenshot(): Taking screenshot successfully

2022-06-09 19:39:36 - [MESSAGE][PASSED] - Taking screenshot successfully
[[ATTACHMENT|D:\\Projet Test Auto\\Mediabox Test Automation\\Reports\\20220609_181011\\03. Parallel Testing (Testing)\\TS -PT PART 3\\08 Tag Mass Submit _ Import ref\\20220609_181054\\1654796376020.png]]

2022-06-09 19:39:36 - [TEST_STEP][PASSED] - texte3 = getText(findTestObject("1. Constant/xpath", ["xpath":"//*[@id="control_block_error"]"])): Text of object 'Object Repository/1. Constant/xpath' is: 'CHECK FILE RESULT : ERROR
XML Node 1 :
None of several references to link found in the project

XML Node 1 :
Can not update or create reference with this node :
  No references matches to the foreign key value "120001348"'

2022-06-09 19:39:36 - [MESSAGE][PASSED] - Text of object 'Object Repository/1. Constant/xpath' is: 'CHECK FILE RESULT : ERROR
XML Node 1 :
None of several references to link found in the project

XML Node 1 :
Can not update or create reference with this node :
  No references matches to the foreign key value "120001348"'

2022-06-09 19:39:36 - [TEST_STEP][PASSED] - I.print(texte3): null

2022-06-09 19:39:36 - [TEST_STEP][PASSED] - Expected_textae3 = "CHECK FILE RESULT : ERROR" + "
" + "XML Node 1 :" + "
" + "None of several references to link found in the project" + "

" + "XML Node 1 :" + "
" + "Can not update or create reference with this node :" + "
" + "  No references matches to the foreign key value "120001348"": null

2022-06-09 19:39:36 - [TEST_STEP][PASSED] - I.print(Expected_textae3): null

2022-06-09 19:39:36 - [TEST_STEP][PASSED] - verifyMatch(texte3, Expected_textae3, false): Actual text 'CHECK FILE RESULT : ERROR
XML Node 1 :
None of several references to link found in the project

XML Node 1 :
Can not update or create reference with this node :
  No references matches to the foreign key value "120001348"' and expected text 'CHECK FILE RESULT : ERROR
XML Node 1 :
None of several references to link found in the project

XML Node 1 :
Can not update or create reference with this node :
  No references matches to the foreign key value "120001348"' are matched 

2022-06-09 19:39:36 - [MESSAGE][PASSED] - Actual text 'CHECK FILE RESULT : ERROR
XML Node 1 :
None of several references to link found in the project

XML Node 1 :
Can not update or create reference with this node :
  No references matches to the foreign key value "120001348"' and expected text 'CHECK FILE RESULT : ERROR
XML Node 1 :
None of several references to link found in the project

XML Node 1 :
Can not update or create reference with this node :
  No references matches to the foreign key value "120001348"' are matched 

2022-06-09 19:39:36 - [TEST_STEP][PASSED] - verifyElementNotVisible(findTestObject("1. Constant/xpath", ["xpath":"//*[@id="ModifFiche"]/div[1]/div/button[2]"])): Object 'Object Repository/1. Constant/xpath' is NOT visible

2022-06-09 19:39:37 - [MESSAGE][PASSED] - Object 'Object Repository/1. Constant/xpath' is NOT visible

2022-06-09 19:39:37 - [TEST_STEP][PASSED] - verifyElementNotVisible(findTestObject("1. Constant/xpath", ["xpath":"//*[@id="ModifFiche"]/div[7]/div/button[2]"])): Object 'Object Repository/1. Constant/xpath' is NOT visible

2022-06-09 19:39:37 - [MESSAGE][PASSED] - Object 'Object Repository/1. Constant/xpath' is NOT visible

2022-06-09 19:39:37 - [TEST_STEP][PASSED] - click(findTestObject("1. Constant/xpath", ["xpath":"//*[@id="ModifFiche"]/div[7]/div/a"])): Object: 'Object Repository/1. Constant/xpath' is clicked on

2022-06-09 19:39:41 - [MESSAGE][PASSED] - Object: 'Object Repository/1. Constant/xpath' is clicked on

2022-06-09 19:39:41 - [TEST_STEP][PASSED] - closeBrowser(): Browser is closed

2022-06-09 19:39:42 - [MESSAGE][PASSED] - Browser is closed

2022-06-09 19:39:42 - [TEST_STEP][PASSED] - Start listener action : sampleAfterTestCase: null]]></system-out>
         <system-err><![CDATA[]]></system-err>
      </testcase>
      <testcase name="Test Cases/14. Tag Import ref (P1 - P3 Consecutive)/14.3 Tag_Import_Daughter_Creation P3" time="301.196" classname="Test Cases/14. Tag Import ref (P1 - P3 Consecutive)/14.3 Tag_Import_Daughter_Creation P3" status="PASSED">
         <system-out><![CDATA[2022-06-09 19:39:42 - [TEST_CASE][PASSED] - Test Cases/14. Tag Import ref (P1 - P3 Consecutive)/14.3 Tag_Import_Daughter_Creation P3: Test Cases/14. Tag Import ref (P1 - P3 Consecutive)/14.3 Tag_Import_Daughter_Creation P3

2022-06-09 19:39:43 - [TEST_STEP][PASSED] - data_Tag = findTestData("Data Files/Username_Password/Tag"): null

2022-06-09 19:39:43 - [TEST_STEP][PASSED] - password_jedun = data_Tag.getValue(3, 1): null

2022-06-09 19:39:43 - [TEST_STEP][PASSED] - password_rrowland = data_Tag.getValue(3, 2): null

2022-06-09 19:39:43 - [TEST_STEP][PASSED] - password_stest = data_Tag.getValue(3, 3): null

2022-06-09 19:39:43 - [TEST_STEP][PASSED] - password_itroin = data_Tag.getValue(3, 4): null

2022-06-09 19:39:43 - [TEST_STEP][PASSED] - password_igedik = data_Tag.getValue(3, 5): null

2022-06-09 19:39:43 - [TEST_STEP][PASSED] - password_mderdour = data_Tag.getValue(3, 6): null

2022-06-09 19:39:43 - [TEST_STEP][PASSED] - password_achatin = data_Tag.getValue(3, 7): null

2022-06-09 19:39:43 - [TEST_STEP][PASSED] - password_tliu = data_Tag.getValue(3, 8): null

2022-06-09 19:39:43 - [TEST_STEP][PASSED] - password_ccaramella = data_Tag.getValue(3, 9): null

2022-06-09 19:39:43 - [TEST_STEP][PASSED] - password_achay = data_Tag.getValue(3, 10): null

2022-06-09 19:39:43 - [TEST_STEP][PASSED] - password_cbono = data_Tag.getValue(3, 11): null

2022-06-09 19:39:43 - [TEST_STEP][PASSED] - password_pmareri = data_Tag.getValue(3, 12): null

2022-06-09 19:39:43 - [TEST_STEP][PASSED] - password_alanglois = data_Tag.getValue(3, 14): null

2022-06-09 19:39:43 - [TEST_STEP][PASSED] - data_urlRELAUTO = findTestData("Data Files/URL/URL_relauto"): null

2022-06-09 19:39:43 - [TEST_STEP][PASSED] - Url_Tag = data_urlRELAUTO.getValue(2, 3): null

2022-06-09 19:39:43 - [TEST_STEP][PASSED] - Project_No = I.readnotepad("D:\Upoad_File\Projet_ Login\Tag\14.01 Tag _Project_No\14.01_Tag_ProjectNo.txt"): null

2022-06-09 19:39:43 - [TEST_STEP][PASSED] - refID1 = I.readnotepad("D:\Upoad_File\Projet_ Login\Tag\14.01 Tag _Project_No\14.01_Tag_refID1.txt"): null

2022-06-09 19:39:43 - [TEST_STEP][PASSED] - refID2 = I.readnotepad("D:\Upoad_File\Projet_ Login\Tag\14.01 Tag _Project_No\14.01_Tag_refID2.txt"): null

2022-06-09 19:39:43 - [TEST_STEP][PASSED] - refID3 = I.readnotepad("D:\Upoad_File\Projet_ Login\Tag\14.01 Tag _Project_No\14.01_Tag_refID3.txt"): null

2022-06-09 19:39:43 - [TEST_STEP][PASSED] - openBrowser(Url_Tag): Browser is opened with url: 'http://mdb-release.diadeis.lan/MediaboxIndependence/?MBI_datasource=RELTESTAUTO_TAG'

2022-06-09 19:39:43 - [MESSAGE][INFO] - Starting 'Chrome (headless)' driver

2022-06-09 19:39:43 - [MESSAGE][INFO] - User set preference: ['args', '[--window-size=1920,1080, --headless]']

2022-06-09 19:39:43 - [MESSAGE][INFO] - Action delay is set to 0 milliseconds

2022-06-09 19:39:50 - [MESSAGE][PASSED] - Browser is opened with url: 'http://mdb-release.diadeis.lan/MediaboxIndependence/?MBI_datasource=RELTESTAUTO_TAG'

2022-06-09 19:39:50 - [TEST_STEP][PASSED] - maximizeWindow(): Current window maximized

2022-06-09 19:39:50 - [MESSAGE][PASSED] - Current window maximized

2022-06-09 19:39:50 - [TEST_STEP][PASSED] - waitForPageLoad(30): Wait for page load successfully

2022-06-09 19:39:50 - [MESSAGE][PASSED] - Wait for page load successfully

2022-06-09 19:39:50 - [TEST_STEP][PASSED] - takeScreenshot(): Taking screenshot successfully

2022-06-09 19:39:50 - [MESSAGE][PASSED] - Taking screenshot successfully
[[ATTACHMENT|D:\\Projet Test Auto\\Mediabox Test Automation\\Reports\\20220609_181011\\03. Parallel Testing (Testing)\\TS -PT PART 3\\08 Tag Mass Submit _ Import ref\\20220609_181054\\1654796390535.png]]

2022-06-09 19:39:50 - [TEST_STEP][PASSED] - I.Login_password("jedun", password_jedun): Object: 'Object Repository/1. Constant/xpath' is clicked on

2022-06-09 19:39:50 - [MESSAGE][PASSED] - Text 'jedun' is set on object 'Object Repository/1. Constant/xpath'

2022-06-09 19:39:51 - [MESSAGE][PASSED] - Delayed 1 second(s)

2022-06-09 19:39:52 - [MESSAGE][PASSED] - Text 'dchi' is set on object 'Object Repository/1. Constant/xpath'

2022-06-09 19:39:53 - [MESSAGE][PASSED] - Delayed 1 second(s)

2022-06-09 19:40:00 - [MESSAGE][PASSED] - Object: 'Object Repository/1. Constant/xpath' is clicked on

2022-06-09 19:40:00 - [TEST_STEP][PASSED] - click(findTestObject("1. Constant/02_LHSMenu_Projects")): Object: 'Object Repository/1. Constant/02_LHSMenu_Projects' is clicked on

2022-06-09 19:40:06 - [MESSAGE][PASSED] - Object: 'Object Repository/1. Constant/02_LHSMenu_Projects' is clicked on

2022-06-09 19:40:06 - [TEST_STEP][PASSED] - I.SearchProjectNo_xpath(Project_No, "//*[@id="keynum_project"]", "//*[@id="form_filters"]/div[7]/button"): Delayed 5 second(s)

2022-06-09 19:40:07 - [MESSAGE][PASSED] - Delayed 1 second(s)

2022-06-09 19:40:08 - [MESSAGE][PASSED] - Text 'MI003406' is set on object 'Object Repository/1. Constant/xpath'

2022-06-09 19:40:11 - [MESSAGE][PASSED] - Delayed 3 second(s)

2022-06-09 19:40:11 - [MESSAGE][PASSED] - Scroll to object 'Object Repository/1. Constant/xpath' successfully

2022-06-09 19:40:17 - [MESSAGE][PASSED] - Object: 'Object Repository/1. Constant/xpath' is clicked on

2022-06-09 19:40:22 - [MESSAGE][PASSED] - Delayed 5 second(s)

2022-06-09 19:40:22 - [TEST_STEP][PASSED] - takeScreenshot(): Taking screenshot successfully

2022-06-09 19:40:24 - [MESSAGE][PASSED] - Taking screenshot successfully
[[ATTACHMENT|D:\\Projet Test Auto\\Mediabox Test Automation\\Reports\\20220609_181011\\03. Parallel Testing (Testing)\\TS -PT PART 3\\08 Tag Mass Submit _ Import ref\\20220609_181054\\1654796423770.png]]

2022-06-09 19:40:24 - [TEST_STEP][PASSED] - delay(1): Delayed 1 second(s)

2022-06-09 19:40:25 - [MESSAGE][PASSED] - Delayed 1 second(s)

2022-06-09 19:40:25 - [TEST_STEP][PASSED] - takeScreenshot(): Taking screenshot successfully

2022-06-09 19:40:25 - [MESSAGE][PASSED] - Taking screenshot successfully
[[ATTACHMENT|D:\\Projet Test Auto\\Mediabox Test Automation\\Reports\\20220609_181011\\03. Parallel Testing (Testing)\\TS -PT PART 3\\08 Tag Mass Submit _ Import ref\\20220609_181054\\1654796425658.png]]

2022-06-09 19:40:25 - [TEST_STEP][PASSED] - setText(findTestObject("1. Constant/xpath", ["xpath":"//*[@id="fiche_filter_keywords11"]"]), "FOREIGN_KEY_1"): Text 'FOREIGN_KEY_1' is set on object 'Object Repository/1. Constant/xpath'

2022-06-09 19:40:26 - [MESSAGE][PASSED] - Text 'FOREIGN_KEY_1' is set on object 'Object Repository/1. Constant/xpath'

2022-06-09 19:40:26 - [TEST_STEP][PASSED] - click(findTestObject("1. Constant/xpath", ["xpath":"//*[@id="form_filters"]/div[5]/button"])): Object: 'Object Repository/1. Constant/xpath' is clicked on

2022-06-09 19:40:30 - [MESSAGE][PASSED] - Object: 'Object Repository/1. Constant/xpath' is clicked on

2022-06-09 19:40:30 - [TEST_STEP][PASSED] - I.superedit_ref(findTestObject("1. Constant/xpath", ["xpath":"//*[@id="source_" + refID3 + ""]/td[15]/div[2]/button"]), findTestObject("1. Constant/xpath", ["xpath":"//*[@id="source_" + refID3 + ""]/td[15]/div[2]/div/a[4]"])): Object: 'Object Repository/1. Constant/xpath' is clicked on

2022-06-09 19:40:30 - [MESSAGE][PASSED] - Object: 'Object Repository/1. Constant/xpath' is clicked on

2022-06-09 19:40:33 - [MESSAGE][PASSED] - Delayed 3 second(s)

2022-06-09 19:40:38 - [MESSAGE][PASSED] - Object: 'Object Repository/1. Constant/xpath' is clicked on

2022-06-09 19:40:38 - [TEST_STEP][PASSED] - scrollToElement(findTestObject("1. Constant/xpath", ["xpath":"//*[@id="var_27"]"]), 5): Scroll to object 'Object Repository/1. Constant/xpath' successfully

2022-06-09 19:40:40 - [MESSAGE][PASSED] - Scroll to object 'Object Repository/1. Constant/xpath' successfully

2022-06-09 19:40:40 - [TEST_STEP][PASSED] - setText(findTestObject("1. Constant/xpath", ["xpath":"//*[@id="var_27"]"]), "210013482"): Text '210013482' is set on object 'Object Repository/1. Constant/xpath'

2022-06-09 19:40:43 - [MESSAGE][PASSED] - Text '210013482' is set on object 'Object Repository/1. Constant/xpath'

2022-06-09 19:40:43 - [TEST_STEP][PASSED] - I.Pagedown(): Execute JavaScript 'window.scrollTo(0, document.body.scrollHeight)' successfully

2022-06-09 19:40:43 - [MESSAGE][PASSED] - Execute JavaScript 'window.scrollTo(0, document.body.scrollHeight)' successfully

2022-06-09 19:40:43 - [TEST_STEP][PASSED] - click(findTestObject("1. Constant/xpath", ["xpath":"//*[@id="ModifFiche"]/div[3]/div/button"])): Object: 'Object Repository/1. Constant/xpath' is clicked on

2022-06-09 19:40:48 - [MESSAGE][PASSED] - Object: 'Object Repository/1. Constant/xpath' is clicked on

2022-06-09 19:40:48 - [TEST_STEP][PASSED] - setText(findTestObject("1. Constant/xpath", ["xpath":"//*[@id="fiche_filter_keywords11"]"]), "FOREIGN_KEY_3"): Text 'FOREIGN_KEY_3' is set on object 'Object Repository/1. Constant/xpath'

2022-06-09 19:40:48 - [MESSAGE][PASSED] - Text 'FOREIGN_KEY_3' is set on object 'Object Repository/1. Constant/xpath'

2022-06-09 19:40:48 - [TEST_STEP][PASSED] - click(findTestObject("1. Constant/xpath", ["xpath":"//*[@id="form_filters"]/div[5]/button"])): Object: 'Object Repository/1. Constant/xpath' is clicked on

2022-06-09 19:40:52 - [MESSAGE][PASSED] - Object: 'Object Repository/1. Constant/xpath' is clicked on

2022-06-09 19:40:52 - [TEST_STEP][PASSED] - I.superedit_ref(findTestObject("1. Constant/xpath", ["xpath":"//*[@id="source_" + refID1 + ""]/td[15]/div[2]/button"]), findTestObject("1. Constant/xpath", ["xpath":"//*[@id="source_" + refID1 + ""]/td[15]/div[2]/div/a[3]"])): Object: 'Object Repository/1. Constant/xpath' is clicked on

2022-06-09 19:40:52 - [MESSAGE][PASSED] - Object: 'Object Repository/1. Constant/xpath' is clicked on

2022-06-09 19:40:55 - [MESSAGE][PASSED] - Delayed 3 second(s)

2022-06-09 19:41:00 - [MESSAGE][PASSED] - Object: 'Object Repository/1. Constant/xpath' is clicked on

2022-06-09 19:41:00 - [TEST_STEP][PASSED] - scrollToElement(findTestObject("1. Constant/xpath", ["xpath":"//*[@id="var_27"]"]), 5): Scroll to object 'Object Repository/1. Constant/xpath' successfully

2022-06-09 19:41:02 - [MESSAGE][PASSED] - Scroll to object 'Object Repository/1. Constant/xpath' successfully

2022-06-09 19:41:02 - [TEST_STEP][PASSED] - setText(findTestObject("1. Constant/xpath", ["xpath":"//*[@id="var_27"]"]), "230013482"): Text '230013482' is set on object 'Object Repository/1. Constant/xpath'

2022-06-09 19:41:02 - [MESSAGE][PASSED] - Text '230013482' is set on object 'Object Repository/1. Constant/xpath'

2022-06-09 19:41:02 - [TEST_STEP][PASSED] - I.Pagedown(): Execute JavaScript 'window.scrollTo(0, document.body.scrollHeight)' successfully

2022-06-09 19:41:02 - [MESSAGE][PASSED] - Execute JavaScript 'window.scrollTo(0, document.body.scrollHeight)' successfully

2022-06-09 19:41:02 - [TEST_STEP][PASSED] - click(findTestObject("1. Constant/xpath", ["xpath":"//*[@id="ModifFiche"]/div[3]/div/button"])): Object: 'Object Repository/1. Constant/xpath' is clicked on

2022-06-09 19:41:07 - [MESSAGE][PASSED] - Object: 'Object Repository/1. Constant/xpath' is clicked on

2022-06-09 19:41:07 - [TEST_STEP][PASSED] - click(findTestObject("1. Constant/xpath", ["xpath":"//*[@id="form_filters"]/div[5]/a[2]"])): Object: 'Object Repository/1. Constant/xpath' is clicked on

2022-06-09 19:41:14 - [MESSAGE][PASSED] - Object: 'Object Repository/1. Constant/xpath' is clicked on

2022-06-09 19:41:14 - [TEST_STEP][PASSED] - Atcual_Ref_total_3 = getText(findTestObject("1. Constant/xpath", ["xpath":"//*[@id="kt_content"]/div[3]/div/div[2]/div[1]/div[1]/h1/span"])): Text of object 'Object Repository/1. Constant/xpath' is: '3'

2022-06-09 19:41:14 - [MESSAGE][PASSED] - Text of object 'Object Repository/1. Constant/xpath' is: '3'

2022-06-09 19:41:14 - [TEST_STEP][PASSED] - verifyMatch(Atcual_Ref_total_3, "3", false): Actual text '3' and expected text '3' are matched 

2022-06-09 19:41:14 - [MESSAGE][PASSED] - Actual text '3' and expected text '3' are matched 

2022-06-09 19:41:14 - [TEST_STEP][PASSED] - I.Logout(): Delayed 3 second(s)

2022-06-09 19:41:17 - [MESSAGE][PASSED] - Delayed 3 second(s)

2022-06-09 19:41:19 - [MESSAGE][PASSED] - Object: 'Object Repository/1. Constant/xpath' is clicked on

2022-06-09 19:41:22 - [MESSAGE][PASSED] - Delayed 3 second(s)

2022-06-09 19:41:24 - [MESSAGE][PASSED] - Object: 'Object Repository/1. Constant/xpath' is clicked on

2022-06-09 19:41:27 - [MESSAGE][PASSED] - Delayed 3 second(s)

2022-06-09 19:41:27 - [TEST_STEP][PASSED] - takeScreenshot(): Taking screenshot successfully

2022-06-09 19:41:28 - [MESSAGE][PASSED] - Taking screenshot successfully
[[ATTACHMENT|D:\\Projet Test Auto\\Mediabox Test Automation\\Reports\\20220609_181011\\03. Parallel Testing (Testing)\\TS -PT PART 3\\08 Tag Mass Submit _ Import ref\\20220609_181054\\1654796487983.png]]

2022-06-09 19:41:28 - [TEST_STEP][PASSED] - I.Login_password("alanglois", password_alanglois): Object: 'Object Repository/1. Constant/xpath' is clicked on

2022-06-09 19:41:28 - [MESSAGE][PASSED] - Text 'alanglois' is set on object 'Object Repository/1. Constant/xpath'

2022-06-09 19:41:29 - [MESSAGE][PASSED] - Delayed 1 second(s)

2022-06-09 19:41:30 - [MESSAGE][PASSED] - Text 'dchi' is set on object 'Object Repository/1. Constant/xpath'

2022-06-09 19:41:31 - [MESSAGE][PASSED] - Delayed 1 second(s)

2022-06-09 19:41:34 - [MESSAGE][PASSED] - Object: 'Object Repository/1. Constant/xpath' is clicked on

2022-06-09 19:41:34 - [TEST_STEP][PASSED] - click(findTestObject("1. Constant/02_LHSMenu_Projects")): Object: 'Object Repository/1. Constant/02_LHSMenu_Projects' is clicked on

2022-06-09 19:41:40 - [MESSAGE][PASSED] - Object: 'Object Repository/1. Constant/02_LHSMenu_Projects' is clicked on

2022-06-09 19:41:40 - [TEST_STEP][PASSED] - I.SearchProjectNo_xpath(Project_No, "//*[@id="keynum_project"]", "//*[@id="form_filters"]/div[8]/button"): Delayed 5 second(s)

2022-06-09 19:41:41 - [MESSAGE][PASSED] - Delayed 1 second(s)

2022-06-09 19:41:43 - [MESSAGE][PASSED] - Text 'MI003406' is set on object 'Object Repository/1. Constant/xpath'

2022-06-09 19:41:46 - [MESSAGE][PASSED] - Delayed 3 second(s)

2022-06-09 19:41:46 - [MESSAGE][PASSED] - Scroll to object 'Object Repository/1. Constant/xpath' successfully

2022-06-09 19:41:52 - [MESSAGE][PASSED] - Object: 'Object Repository/1. Constant/xpath' is clicked on

2022-06-09 19:41:57 - [MESSAGE][PASSED] - Delayed 5 second(s)

2022-06-09 19:41:57 - [TEST_STEP][PASSED] - takeScreenshot(): Taking screenshot successfully

2022-06-09 19:41:59 - [MESSAGE][PASSED] - Taking screenshot successfully
[[ATTACHMENT|D:\\Projet Test Auto\\Mediabox Test Automation\\Reports\\20220609_181011\\03. Parallel Testing (Testing)\\TS -PT PART 3\\08 Tag Mass Submit _ Import ref\\20220609_181054\\1654796518130.png]]

2022-06-09 19:41:59 - [TEST_STEP][PASSED] - delay(1): Delayed 1 second(s)

2022-06-09 19:42:00 - [MESSAGE][PASSED] - Delayed 1 second(s)

2022-06-09 19:42:00 - [TEST_STEP][PASSED] - takeScreenshot(): Taking screenshot successfully

2022-06-09 19:42:00 - [MESSAGE][PASSED] - Taking screenshot successfully
[[ATTACHMENT|D:\\Projet Test Auto\\Mediabox Test Automation\\Reports\\20220609_181011\\03. Parallel Testing (Testing)\\TS -PT PART 3\\08 Tag Mass Submit _ Import ref\\20220609_181054\\1654796520081.png]]

2022-06-09 19:42:00 - [TEST_STEP][PASSED] - click(findTestObject("1. Constant/xpath", ["xpath":"//*[@id="create_ref_btn"]/button"])): Object: 'Object Repository/1. Constant/xpath' is clicked on

2022-06-09 19:42:00 - [MESSAGE][PASSED] - Object: 'Object Repository/1. Constant/xpath' is clicked on

2022-06-09 19:42:00 - [TEST_STEP][PASSED] - delay(1): Delayed 1 second(s)

2022-06-09 19:42:01 - [MESSAGE][PASSED] - Delayed 1 second(s)

2022-06-09 19:42:01 - [TEST_STEP][PASSED] - takeScreenshot(): Taking screenshot successfully

2022-06-09 19:42:02 - [MESSAGE][PASSED] - Taking screenshot successfully
[[ATTACHMENT|D:\\Projet Test Auto\\Mediabox Test Automation\\Reports\\20220609_181011\\03. Parallel Testing (Testing)\\TS -PT PART 3\\08 Tag Mass Submit _ Import ref\\20220609_181054\\1654796521749.png]]

2022-06-09 19:42:02 - [TEST_STEP][PASSED] - click(findTestObject("1. Constant/xpath", ["xpath":"//*[@id="create_ref_btn"]/div/a[2]"])): Object: 'Object Repository/1. Constant/xpath' is clicked on

2022-06-09 19:42:03 - [MESSAGE][PASSED] - Object: 'Object Repository/1. Constant/xpath' is clicked on

2022-06-09 19:42:03 - [TEST_STEP][PASSED] - delay(2): Delayed 2 second(s)

2022-06-09 19:42:05 - [MESSAGE][PASSED] - Delayed 2 second(s)

2022-06-09 19:42:05 - [TEST_STEP][PASSED] - selectOptionByValue(findTestObject("1. Constant/xpath", ["xpath":"//*[@id="import_tpl"]"]), "6", false): All options with value '6' are selected in object 'Object Repository/1. Constant/xpath' 

2022-06-09 19:42:06 - [MESSAGE][PASSED] - All options with value '6' are selected in object 'Object Repository/1. Constant/xpath' 

2022-06-09 19:42:06 - [TEST_STEP][PASSED] - selectOptionByValue(findTestObject("1. Constant/xpath", ["xpath":"//*[@id="lfc_tpl"]"]), "29", false): All options with value '29' are selected in object 'Object Repository/1. Constant/xpath' 

2022-06-09 19:42:07 - [MESSAGE][PASSED] - All options with value '29' are selected in object 'Object Repository/1. Constant/xpath' 

2022-06-09 19:42:07 - [TEST_STEP][PASSED] - delay(1): Delayed 1 second(s)

2022-06-09 19:42:08 - [MESSAGE][PASSED] - Delayed 1 second(s)

2022-06-09 19:42:08 - [TEST_STEP][PASSED] - I.UploadDoc_sendkey_field("//*[@id="xml_file"]", "D:\Upoad_File\AUTOMATION Import ref template TAG\F14.03 [Creation]Import template.xlsx", ""): Text '' is present on page 

2022-06-09 19:42:10 - [MESSAGE][PASSED] - Delayed 2 second(s)

2022-06-09 19:42:10 - [MESSAGE][PASSED] - Keys 'D:\Upoad_File\AUTOMATION Import ref template TAG\F14.03 [Creation]Import template.xlsx' sent to object: 'Object Repository/1. Constant/xpath'

2022-06-09 19:42:11 - [MESSAGE][PASSED] - Text '' is present on page 

2022-06-09 19:42:11 - [TEST_STEP][PASSED] - verifyTextNotPresent("Aucun fichier choisi", false): Text 'Aucun fichier choisi' is not present on page

2022-06-09 19:42:11 - [MESSAGE][PASSED] - Text 'Aucun fichier choisi' is not present on page

2022-06-09 19:42:11 - [TEST_STEP][PASSED] - takeScreenshot(): Taking screenshot successfully

2022-06-09 19:42:11 - [MESSAGE][PASSED] - Taking screenshot successfully
[[ATTACHMENT|D:\\Projet Test Auto\\Mediabox Test Automation\\Reports\\20220609_181011\\03. Parallel Testing (Testing)\\TS -PT PART 3\\08 Tag Mass Submit _ Import ref\\20220609_181054\\1654796531338.png]]

2022-06-09 19:42:11 - [TEST_STEP][PASSED] - delay(1): Delayed 1 second(s)

2022-06-09 19:42:12 - [MESSAGE][PASSED] - Delayed 1 second(s)

2022-06-09 19:42:12 - [TEST_STEP][PASSED] - click(findTestObject("1. Constant/xpath", ["xpath":"//*[@id="ModifFiche"]/div[7]/div/button[1]"])): Object: 'Object Repository/1. Constant/xpath' is clicked on

2022-06-09 19:42:23 - [MESSAGE][PASSED] - Object: 'Object Repository/1. Constant/xpath' is clicked on

2022-06-09 19:42:23 - [TEST_STEP][PASSED] - I.Pagedown(): Execute JavaScript 'window.scrollTo(0, document.body.scrollHeight)' successfully

2022-06-09 19:42:23 - [MESSAGE][PASSED] - Execute JavaScript 'window.scrollTo(0, document.body.scrollHeight)' successfully

2022-06-09 19:42:23 - [TEST_STEP][PASSED] - takeScreenshot(): Taking screenshot successfully

2022-06-09 19:42:23 - [MESSAGE][PASSED] - Taking screenshot successfully
[[ATTACHMENT|D:\\Projet Test Auto\\Mediabox Test Automation\\Reports\\20220609_181011\\03. Parallel Testing (Testing)\\TS -PT PART 3\\08 Tag Mass Submit _ Import ref\\20220609_181054\\1654796543582.png]]

2022-06-09 19:42:23 - [TEST_STEP][PASSED] - Sucess_texte1 = getText(findTestObject("1. Constant/xpath", ["xpath":"//*[@id="control_block_create"]"])): Text of object 'Object Repository/1. Constant/xpath' is: ' 2 RÉFÉRENCES WILL BE CREATED
XML Node 1 :
  Référence "Greek" will be created

La référence va être liée à la référence “FOREIGN_KEY_1_FG_Carton_500OZ”

XML Node 2 :
  Référence "Croatian" will be created

La référence va être liée à la référence “FOREIGN_KEY_3_FG_Carton_500OZ”'

2022-06-09 19:42:24 - [MESSAGE][PASSED] - Text of object 'Object Repository/1. Constant/xpath' is: ' 2 RÉFÉRENCES WILL BE CREATED
XML Node 1 :
  Référence "Greek" will be created

La référence va être liée à la référence “FOREIGN_KEY_1_FG_Carton_500OZ”

XML Node 2 :
  Référence "Croatian" will be created

La référence va être liée à la référence “FOREIGN_KEY_3_FG_Carton_500OZ”'

2022-06-09 19:42:24 - [TEST_STEP][PASSED] - I.print(Sucess_texte1): null

2022-06-09 19:42:24 - [TEST_STEP][PASSED] - Expected_Sucess_texte1 = " 2 RÉFÉRENCES WILL BE CREATED" + "
" + "XML Node 1 :" + "
" + "  Référence "Greek" will be created" + "

" + "La référence va être liée à la référence “FOREIGN_KEY_1_FG_Carton_500OZ”" + "

" + "XML Node 2 :" + "
" + "  Référence "Croatian" will be created" + "

" + "La référence va être liée à la référence “FOREIGN_KEY_3_FG_Carton_500OZ”": null

2022-06-09 19:42:24 - [TEST_STEP][PASSED] - I.print(Expected_Sucess_texte1): null

2022-06-09 19:42:24 - [TEST_STEP][PASSED] - verifyMatch(Sucess_texte1, Expected_Sucess_texte1, false): Actual text ' 2 RÉFÉRENCES WILL BE CREATED
XML Node 1 :
  Référence "Greek" will be created

La référence va être liée à la référence “FOREIGN_KEY_1_FG_Carton_500OZ”

XML Node 2 :
  Référence "Croatian" will be created

La référence va être liée à la référence “FOREIGN_KEY_3_FG_Carton_500OZ”' and expected text ' 2 RÉFÉRENCES WILL BE CREATED
XML Node 1 :
  Référence "Greek" will be created

La référence va être liée à la référence “FOREIGN_KEY_1_FG_Carton_500OZ”

XML Node 2 :
  Référence "Croatian" will be created

La référence va être liée à la référence “FOREIGN_KEY_3_FG_Carton_500OZ”' are matched 

2022-06-09 19:42:24 - [MESSAGE][PASSED] - Actual text ' 2 RÉFÉRENCES WILL BE CREATED
XML Node 1 :
  Référence "Greek" will be created

La référence va être liée à la référence “FOREIGN_KEY_1_FG_Carton_500OZ”

XML Node 2 :
  Référence "Croatian" will be created

La référence va être liée à la référence “FOREIGN_KEY_3_FG_Carton_500OZ”' and expected text ' 2 RÉFÉRENCES WILL BE CREATED
XML Node 1 :
  Référence "Greek" will be created

La référence va être liée à la référence “FOREIGN_KEY_1_FG_Carton_500OZ”

XML Node 2 :
  Référence "Croatian" will be created

La référence va être liée à la référence “FOREIGN_KEY_3_FG_Carton_500OZ”' are matched 

2022-06-09 19:42:24 - [TEST_STEP][PASSED] - verifyElementVisible(findTestObject("1. Constant/xpath", ["xpath":"//*[@id="ModifFiche"]/div[1]/div/button[2]"])): Object 'Object Repository/1. Constant/xpath' is visible

2022-06-09 19:42:24 - [MESSAGE][PASSED] - Object 'Object Repository/1. Constant/xpath' is visible

2022-06-09 19:42:24 - [TEST_STEP][PASSED] - verifyElementVisible(findTestObject("1. Constant/xpath", ["xpath":"//*[@id="ModifFiche"]/div[7]/div/button[2]"])): Object 'Object Repository/1. Constant/xpath' is visible

2022-06-09 19:42:25 - [MESSAGE][PASSED] - Object 'Object Repository/1. Constant/xpath' is visible

2022-06-09 19:42:25 - [TEST_STEP][PASSED] - click(findTestObject("1. Constant/xpath", ["xpath":"//*[@id="ModifFiche"]/div[7]/div/button[2]"])): Object: 'Object Repository/1. Constant/xpath' is clicked on

2022-06-09 19:42:49 - [MESSAGE][PASSED] - Object: 'Object Repository/1. Constant/xpath' is clicked on

2022-06-09 19:42:49 - [TEST_STEP][PASSED] - takeScreenshot(): Taking screenshot successfully

2022-06-09 19:42:50 - [MESSAGE][PASSED] - Taking screenshot successfully
[[ATTACHMENT|D:\\Projet Test Auto\\Mediabox Test Automation\\Reports\\20220609_181011\\03. Parallel Testing (Testing)\\TS -PT PART 3\\08 Tag Mass Submit _ Import ref\\20220609_181054\\1654796569784.png]]

2022-06-09 19:42:50 - [TEST_STEP][PASSED] - Atcual_Ref_total = getText(findTestObject("1. Constant/xpath", ["xpath":"//*[@id="kt_content"]/div[3]/div/div[2]/div[1]/div[1]/h1/span"])): Text of object 'Object Repository/1. Constant/xpath' is: '5'

2022-06-09 19:42:50 - [MESSAGE][PASSED] - Text of object 'Object Repository/1. Constant/xpath' is: '5'

2022-06-09 19:42:50 - [TEST_STEP][PASSED] - verifyMatch(Atcual_Ref_total, "5", false): Actual text '5' and expected text '5' are matched 

2022-06-09 19:42:50 - [MESSAGE][PASSED] - Actual text '5' and expected text '5' are matched 

2022-06-09 19:42:50 - [TEST_STEP][PASSED] - takeScreenshot(): Taking screenshot successfully

2022-06-09 19:42:51 - [MESSAGE][PASSED] - Taking screenshot successfully
[[ATTACHMENT|D:\\Projet Test Auto\\Mediabox Test Automation\\Reports\\20220609_181011\\03. Parallel Testing (Testing)\\TS -PT PART 3\\08 Tag Mass Submit _ Import ref\\20220609_181054\\1654796570525.png]]

2022-06-09 19:42:51 - [TEST_STEP][PASSED] - setText(findTestObject("1. Constant/xpath", ["xpath":"//*[@id="fiche_filter_keywords11"]"]), "Greek"): Text 'Greek' is set on object 'Object Repository/1. Constant/xpath'

2022-06-09 19:42:52 - [MESSAGE][PASSED] - Text 'Greek' is set on object 'Object Repository/1. Constant/xpath'

2022-06-09 19:42:52 - [TEST_STEP][PASSED] - click(findTestObject("1. Constant/xpath", ["xpath":"//*[@id="form_filters"]/div[11]/button"])): Object: 'Object Repository/1. Constant/xpath' is clicked on

2022-06-09 19:42:55 - [MESSAGE][PASSED] - Object: 'Object Repository/1. Constant/xpath' is clicked on

2022-06-09 19:42:55 - [TEST_STEP][PASSED] - verifyTextPresent("FOREIGN_KEY_1", false): Text 'FOREIGN_KEY_1' is present on page 

2022-06-09 19:42:56 - [MESSAGE][PASSED] - Text 'FOREIGN_KEY_1' is present on page 

2022-06-09 19:42:56 - [TEST_STEP][PASSED] - verifyTextNotPresent("FOREIGN_KEY_2", false): Text 'FOREIGN_KEY_2' is not present on page

2022-06-09 19:42:56 - [MESSAGE][PASSED] - Text 'FOREIGN_KEY_2' is not present on page

2022-06-09 19:42:56 - [TEST_STEP][PASSED] - verifyTextNotPresent("FOREIGN_KEY_3", false): Text 'FOREIGN_KEY_3' is not present on page

2022-06-09 19:42:56 - [MESSAGE][PASSED] - Text 'FOREIGN_KEY_3' is not present on page

2022-06-09 19:42:56 - [TEST_STEP][PASSED] - I.superedit_ref(findTestObject("1. Constant/xpath", ["xpath":"/html/body/div[1]/div[2]/div[4]/div[3]/div/div[2]/div[2]/div[1]/table/tbody/tr[2]/td[15]/div/button"]), findTestObject("1. Constant/xpath", ["xpath":"/html/body/div[1]/div[2]/div[4]/div[3]/div/div[2]/div[2]/div[1]/table/tbody/tr[2]/td[15]/div/div/a[4]"])): Object: 'Object Repository/1. Constant/xpath' is clicked on

2022-06-09 19:42:57 - [MESSAGE][PASSED] - Object: 'Object Repository/1. Constant/xpath' is clicked on

2022-06-09 19:43:00 - [MESSAGE][PASSED] - Delayed 3 second(s)

2022-06-09 19:43:03 - [MESSAGE][PASSED] - Object: 'Object Repository/1. Constant/xpath' is clicked on

2022-06-09 19:43:03 - [TEST_STEP][PASSED] - delay(1): Delayed 1 second(s)

2022-06-09 19:43:04 - [MESSAGE][PASSED] - Delayed 1 second(s)

2022-06-09 19:43:04 - [TEST_STEP][PASSED] - takeScreenshot(): Taking screenshot successfully

2022-06-09 19:43:04 - [MESSAGE][PASSED] - Taking screenshot successfully
[[ATTACHMENT|D:\\Projet Test Auto\\Mediabox Test Automation\\Reports\\20220609_181011\\03. Parallel Testing (Testing)\\TS -PT PART 3\\08 Tag Mass Submit _ Import ref\\20220609_181054\\1654796584555.png]]

2022-06-09 19:43:04 - [TEST_STEP][PASSED] - delay(2): Delayed 2 second(s)

2022-06-09 19:43:06 - [MESSAGE][PASSED] - Delayed 2 second(s)

2022-06-09 19:43:06 - [TEST_STEP][PASSED] - Actual_SKU = getAttribute(findTestObject("1. Constant/xpath", ["xpath":"//*[@id="var_106"]"]), "value"): Attribute 'value' of object 'Object Repository/1. Constant/xpath' is: 'MB179800'

2022-06-09 19:43:07 - [MESSAGE][PASSED] - Attribute 'value' of object 'Object Repository/1. Constant/xpath' is: 'MB179800'

2022-06-09 19:43:07 - [TEST_STEP][PASSED] - verifyMatch(Actual_SKU, "MB179800", false): Actual text 'MB179800' and expected text 'MB179800' are matched 

2022-06-09 19:43:07 - [MESSAGE][PASSED] - Actual text 'MB179800' and expected text 'MB179800' are matched 

2022-06-09 19:43:07 - [TEST_STEP][PASSED] - Actual_AdditionalSKU = getText(findTestObject("1. Constant/xpath", ["xpath":"//*[@id="var_69"]"])): Text of object 'Object Repository/1. Constant/xpath' is: 'ADDITIONAL SKU CODE(S) Part 1'

2022-06-09 19:43:07 - [MESSAGE][PASSED] - Text of object 'Object Repository/1. Constant/xpath' is: 'ADDITIONAL SKU CODE(S) Part 1'

2022-06-09 19:43:07 - [TEST_STEP][PASSED] - verifyMatch(Actual_AdditionalSKU, "ADDITIONAL SKU CODE(S) Part 1", false): Actual text 'ADDITIONAL SKU CODE(S) Part 1' and expected text 'ADDITIONAL SKU CODE(S) Part 1' are matched 

2022-06-09 19:43:07 - [MESSAGE][PASSED] - Actual text 'ADDITIONAL SKU CODE(S) Part 1' and expected text 'ADDITIONAL SKU CODE(S) Part 1' are matched 

2022-06-09 19:43:07 - [TEST_STEP][PASSED] - scrollToElement(findTestObject("1. Constant/xpath", ["xpath":"/html/body/div[1]/div[2]/div[4]/div[3]/div/div[2]/form/div[2]/div[2]/div[5]/div[1]"]), 5): Scroll to object 'Object Repository/1. Constant/xpath' successfully

2022-06-09 19:43:07 - [MESSAGE][PASSED] - Scroll to object 'Object Repository/1. Constant/xpath' successfully

2022-06-09 19:43:07 - [TEST_STEP][PASSED] - Actual_gtin = getAttribute(findTestObject("1. Constant/xpath", ["xpath":"//*[@id="var_126"]"]), "value"): Attribute 'value' of object 'Object Repository/1. Constant/xpath' is: '3337875678094'

2022-06-09 19:43:07 - [MESSAGE][PASSED] - Attribute 'value' of object 'Object Repository/1. Constant/xpath' is: '3337875678094'

2022-06-09 19:43:07 - [TEST_STEP][PASSED] - verifyMatch(Actual_gtin, "3337875678094", false): Actual text '3337875678094' and expected text '3337875678094' are matched 

2022-06-09 19:43:07 - [MESSAGE][PASSED] - Actual text '3337875678094' and expected text '3337875678094' are matched 

2022-06-09 19:43:07 - [TEST_STEP][PASSED] - Actual_SHADE = getAttribute(findTestObject("1. Constant/xpath", ["xpath":"//*[@id="var_78"]"]), "value"): Attribute 'value' of object 'Object Repository/1. Constant/xpath' is: 'SHADE N° part 1'

2022-06-09 19:43:07 - [MESSAGE][PASSED] - Attribute 'value' of object 'Object Repository/1. Constant/xpath' is: 'SHADE N° part 1'

2022-06-09 19:43:07 - [TEST_STEP][PASSED] - verifyMatch(Actual_SHADE, "SHADE N° part 1", false): Actual text 'SHADE N° part 1' and expected text 'SHADE N° part 1' are matched 

2022-06-09 19:43:07 - [MESSAGE][PASSED] - Actual text 'SHADE N° part 1' and expected text 'SHADE N° part 1' are matched 

2022-06-09 19:43:07 - [TEST_STEP][PASSED] - Actual_Product = getAttribute(findTestObject("1. Constant/xpath", ["xpath":"//*[@id="select2-var_107-container"]"]), "title"): Attribute 'title' of object 'Object Repository/1. Constant/xpath' is: 'No'

2022-06-09 19:43:07 - [MESSAGE][PASSED] - Attribute 'title' of object 'Object Repository/1. Constant/xpath' is: 'No'

2022-06-09 19:43:07 - [TEST_STEP][PASSED] - verifyMatch(Actual_Product, "No", false): Actual text 'No' and expected text 'No' are matched 

2022-06-09 19:43:07 - [MESSAGE][PASSED] - Actual text 'No' and expected text 'No' are matched 

2022-06-09 19:43:07 - [TEST_STEP][PASSED] - scrollToElement(findTestObject("1. Constant/xpath", ["xpath":"/html/body/div[1]/div[2]/div[4]/div[3]/div/div[2]/form/div[2]/div[2]/div[5]/div[2]"]), 3): Scroll to object 'Object Repository/1. Constant/xpath' successfully

2022-06-09 19:43:07 - [MESSAGE][PASSED] - Scroll to object 'Object Repository/1. Constant/xpath' successfully

2022-06-09 19:43:07 - [TEST_STEP][PASSED] - takeScreenshot(): Taking screenshot successfully

2022-06-09 19:43:08 - [MESSAGE][PASSED] - Taking screenshot successfully
[[ATTACHMENT|D:\\Projet Test Auto\\Mediabox Test Automation\\Reports\\20220609_181011\\03. Parallel Testing (Testing)\\TS -PT PART 3\\08 Tag Mass Submit _ Import ref\\20220609_181054\\1654796587861.png]]

2022-06-09 19:43:08 - [TEST_STEP][PASSED] - Actual_aci = getAttribute(findTestObject("1. Constant/xpath", ["xpath":"//*[@id="var_68"]"]), "value"): Attribute 'value' of object 'Object Repository/1. Constant/xpath' is: '120001348'

2022-06-09 19:43:08 - [MESSAGE][PASSED] - Attribute 'value' of object 'Object Repository/1. Constant/xpath' is: '120001348'

2022-06-09 19:43:08 - [TEST_STEP][PASSED] - verifyMatch(Actual_aci, "120001348", false): Actual text '120001348' and expected text '120001348' are matched 

2022-06-09 19:43:08 - [MESSAGE][PASSED] - Actual text '120001348' and expected text '120001348' are matched 

2022-06-09 19:43:08 - [TEST_STEP][PASSED] - Actual_oldaci = getAttribute(findTestObject("1. Constant/xpath", ["xpath":"//*[@id="var_108"]"]), "value"): Attribute 'value' of object 'Object Repository/1. Constant/xpath' is: 'OLD ACI CODE part 1'

2022-06-09 19:43:08 - [MESSAGE][PASSED] - Attribute 'value' of object 'Object Repository/1. Constant/xpath' is: 'OLD ACI CODE part 1'

2022-06-09 19:43:08 - [TEST_STEP][PASSED] - verifyMatch(Actual_oldaci, "OLD ACI CODE part 1", false): Actual text 'OLD ACI CODE part 1' and expected text 'OLD ACI CODE part 1' are matched 

2022-06-09 19:43:08 - [MESSAGE][PASSED] - Actual text 'OLD ACI CODE part 1' and expected text 'OLD ACI CODE part 1' are matched 

2022-06-09 19:43:08 - [TEST_STEP][PASSED] - takeScreenshot(): Taking screenshot successfully

2022-06-09 19:43:08 - [MESSAGE][PASSED] - Taking screenshot successfully
[[ATTACHMENT|D:\\Projet Test Auto\\Mediabox Test Automation\\Reports\\20220609_181011\\03. Parallel Testing (Testing)\\TS -PT PART 3\\08 Tag Mass Submit _ Import ref\\20220609_181054\\1654796588512.png]]

2022-06-09 19:43:08 - [TEST_STEP][PASSED] - Actual_languagegroup = getAttribute(findTestObject("1. Constant/xpath", ["xpath":"//*[@id="select2-var_70-container"]"]), "title"): Attribute 'title' of object 'Object Repository/1. Constant/xpath' is: 'H01'

2022-06-09 19:43:09 - [MESSAGE][PASSED] - Attribute 'title' of object 'Object Repository/1. Constant/xpath' is: 'H01'

2022-06-09 19:43:09 - [TEST_STEP][PASSED] - verifyMatch(Actual_languagegroup, "H01", false): Actual text 'H01' and expected text 'H01' are matched 

2022-06-09 19:43:09 - [MESSAGE][PASSED] - Actual text 'H01' and expected text 'H01' are matched 

2022-06-09 19:43:09 - [TEST_STEP][PASSED] - Actual_language = getText(findTestObject("1. Constant/xpath", ["xpath":"//*[@id="selDest_10"]/option"])): Text of object 'Object Repository/1. Constant/xpath' is: 'Greek'

2022-06-09 19:43:09 - [MESSAGE][PASSED] - Text of object 'Object Repository/1. Constant/xpath' is: 'Greek'

2022-06-09 19:43:09 - [TEST_STEP][PASSED] - verifyMatch(Actual_language, "Greek", false): Actual text 'Greek' and expected text 'Greek' are matched 

2022-06-09 19:43:09 - [MESSAGE][PASSED] - Actual text 'Greek' and expected text 'Greek' are matched 

2022-06-09 19:43:09 - [TEST_STEP][PASSED] - I.Pagedown(): Execute JavaScript 'window.scrollTo(0, document.body.scrollHeight)' successfully

2022-06-09 19:43:09 - [MESSAGE][PASSED] - Execute JavaScript 'window.scrollTo(0, document.body.scrollHeight)' successfully

2022-06-09 19:43:09 - [TEST_STEP][PASSED] - takeScreenshot(): Taking screenshot successfully

2022-06-09 19:43:10 - [MESSAGE][PASSED] - Taking screenshot successfully
[[ATTACHMENT|D:\\Projet Test Auto\\Mediabox Test Automation\\Reports\\20220609_181011\\03. Parallel Testing (Testing)\\TS -PT PART 3\\08 Tag Mass Submit _ Import ref\\20220609_181054\\1654796590303.png]]

2022-06-09 19:43:10 - [TEST_STEP][PASSED] - scrollToElement(findTestObject("1. Constant/xpath", ["xpath":"/html/body/div[1]/div[2]/div[4]/div[3]/div/div[2]/form/div[2]/div[2]/div[8]/div[2]"]), 3): Scroll to object 'Object Repository/1. Constant/xpath' successfully

2022-06-09 19:43:11 - [MESSAGE][PASSED] - Scroll to object 'Object Repository/1. Constant/xpath' successfully

2022-06-09 19:43:11 - [TEST_STEP][PASSED] - Actual_leadermkt = getAttribute(findTestObject("1. Constant/xpath", ["xpath":"//*[@id="select2-var_166-container"]"]), "title"): Attribute 'title' of object 'Object Repository/1. Constant/xpath' is: 'Leader Country'

2022-06-09 19:43:11 - [MESSAGE][PASSED] - Attribute 'title' of object 'Object Repository/1. Constant/xpath' is: 'Leader Country'

2022-06-09 19:43:11 - [TEST_STEP][PASSED] - verifyMatch(Actual_leadermkt, "Leader Country", false): Actual text 'Leader Country' and expected text 'Leader Country' are matched 

2022-06-09 19:43:11 - [MESSAGE][PASSED] - Actual text 'Leader Country' and expected text 'Leader Country' are matched 

2022-06-09 19:43:11 - [TEST_STEP][PASSED] - Actual_leadercountry = getAttribute(findTestObject("1. Constant/xpath", ["xpath":"//*[@id="select2-var_71-container"]"]), "title"): Attribute 'title' of object 'Object Repository/1. Constant/xpath' is: 'Albania'

2022-06-09 19:43:11 - [MESSAGE][PASSED] - Attribute 'title' of object 'Object Repository/1. Constant/xpath' is: 'Albania'

2022-06-09 19:43:11 - [TEST_STEP][PASSED] - verifyMatch(Actual_leadercountry, "Albania", false): Actual text 'Albania' and expected text 'Albania' are matched 

2022-06-09 19:43:11 - [MESSAGE][PASSED] - Actual text 'Albania' and expected text 'Albania' are matched 

2022-06-09 19:43:11 - [TEST_STEP][PASSED] - I.Pagedown(): Execute JavaScript 'window.scrollTo(0, document.body.scrollHeight)' successfully

2022-06-09 19:43:11 - [MESSAGE][PASSED] - Execute JavaScript 'window.scrollTo(0, document.body.scrollHeight)' successfully

2022-06-09 19:43:11 - [TEST_STEP][PASSED] - click(findTestObject("1. Constant/xpath", ["xpath":"//*[@id="ModifFiche"]/div[3]/div/a"])): Object: 'Object Repository/1. Constant/xpath' is clicked on

2022-06-09 19:43:14 - [MESSAGE][PASSED] - Object: 'Object Repository/1. Constant/xpath' is clicked on

2022-06-09 19:43:14 - [TEST_STEP][PASSED] - setText(findTestObject("1. Constant/xpath", ["xpath":"//*[@id="fiche_filter_keywords11"]"]), "Croatian"): Text 'Croatian' is set on object 'Object Repository/1. Constant/xpath'

2022-06-09 19:43:15 - [MESSAGE][PASSED] - Text 'Croatian' is set on object 'Object Repository/1. Constant/xpath'

2022-06-09 19:43:15 - [TEST_STEP][PASSED] - click(findTestObject("1. Constant/xpath", ["xpath":"//*[@id="form_filters"]/div[11]/button"])): Object: 'Object Repository/1. Constant/xpath' is clicked on

2022-06-09 19:43:17 - [MESSAGE][PASSED] - Object: 'Object Repository/1. Constant/xpath' is clicked on

2022-06-09 19:43:17 - [TEST_STEP][PASSED] - takeScreenshot(): Taking screenshot successfully

2022-06-09 19:43:18 - [MESSAGE][PASSED] - Taking screenshot successfully
[[ATTACHMENT|D:\\Projet Test Auto\\Mediabox Test Automation\\Reports\\20220609_181011\\03. Parallel Testing (Testing)\\TS -PT PART 3\\08 Tag Mass Submit _ Import ref\\20220609_181054\\1654796597805.png]]

2022-06-09 19:43:18 - [TEST_STEP][PASSED] - verifyTextPresent("FOREIGN_KEY_3", false): Text 'FOREIGN_KEY_3' is present on page 

2022-06-09 19:43:18 - [MESSAGE][PASSED] - Text 'FOREIGN_KEY_3' is present on page 

2022-06-09 19:43:18 - [TEST_STEP][PASSED] - verifyTextNotPresent("FOREIGN_KEY_1", false): Text 'FOREIGN_KEY_1' is not present on page

2022-06-09 19:43:19 - [MESSAGE][PASSED] - Text 'FOREIGN_KEY_1' is not present on page

2022-06-09 19:43:19 - [TEST_STEP][PASSED] - verifyTextNotPresent("FOREIGN_KEY_2", false): Text 'FOREIGN_KEY_2' is not present on page

2022-06-09 19:43:20 - [MESSAGE][PASSED] - Text 'FOREIGN_KEY_2' is not present on page

2022-06-09 19:43:20 - [TEST_STEP][PASSED] - I.superedit_ref(findTestObject("1. Constant/xpath", ["xpath":"/html/body/div[1]/div[2]/div[4]/div[3]/div/div[2]/div[2]/div[1]/table/tbody/tr[2]/td[15]/div/button"]), findTestObject("1. Constant/xpath", ["xpath":"/html/body/div[1]/div[2]/div[4]/div[3]/div/div[2]/div[2]/div[1]/table/tbody/tr[2]/td[15]/div/div/a[4]"])): Object: 'Object Repository/1. Constant/xpath' is clicked on

2022-06-09 19:43:20 - [MESSAGE][PASSED] - Object: 'Object Repository/1. Constant/xpath' is clicked on

2022-06-09 19:43:23 - [MESSAGE][PASSED] - Delayed 3 second(s)

2022-06-09 19:43:26 - [MESSAGE][PASSED] - Object: 'Object Repository/1. Constant/xpath' is clicked on

2022-06-09 19:43:26 - [TEST_STEP][PASSED] - delay(1): Delayed 1 second(s)

2022-06-09 19:43:27 - [MESSAGE][PASSED] - Delayed 1 second(s)

2022-06-09 19:43:27 - [TEST_STEP][PASSED] - takeScreenshot(): Taking screenshot successfully

2022-06-09 19:43:28 - [MESSAGE][PASSED] - Taking screenshot successfully
[[ATTACHMENT|D:\\Projet Test Auto\\Mediabox Test Automation\\Reports\\20220609_181011\\03. Parallel Testing (Testing)\\TS -PT PART 3\\08 Tag Mass Submit _ Import ref\\20220609_181054\\1654796607553.png]]

2022-06-09 19:43:28 - [TEST_STEP][PASSED] - delay(2): Delayed 2 second(s)

2022-06-09 19:43:30 - [MESSAGE][PASSED] - Delayed 2 second(s)

2022-06-09 19:43:30 - [TEST_STEP][PASSED] - Actual_SKU1 = getAttribute(findTestObject("1. Constant/xpath", ["xpath":"//*[@id="var_106"]"]), "value"): Attribute 'value' of object 'Object Repository/1. Constant/xpath' is: 'MB179801'

2022-06-09 19:43:30 - [MESSAGE][PASSED] - Attribute 'value' of object 'Object Repository/1. Constant/xpath' is: 'MB179801'

2022-06-09 19:43:30 - [TEST_STEP][PASSED] - verifyMatch(Actual_SKU1, "MB179801", false): Actual text 'MB179801' and expected text 'MB179801' are matched 

2022-06-09 19:43:30 - [MESSAGE][PASSED] - Actual text 'MB179801' and expected text 'MB179801' are matched 

2022-06-09 19:43:30 - [TEST_STEP][PASSED] - Actual_AdditionalSKU1 = getText(findTestObject("1. Constant/xpath", ["xpath":"//*[@id="var_69"]"])): Text of object 'Object Repository/1. Constant/xpath' is: 'ADDITIONAL SKU CODE(S) Part 2'

2022-06-09 19:43:30 - [MESSAGE][PASSED] - Text of object 'Object Repository/1. Constant/xpath' is: 'ADDITIONAL SKU CODE(S) Part 2'

2022-06-09 19:43:30 - [TEST_STEP][PASSED] - I.print(Actual_AdditionalSKU1): null

2022-06-09 19:43:30 - [TEST_STEP][PASSED] - Actual_AdditionalSKU2 = "ADDITIONAL SKU CODE(S) Part 2": null

2022-06-09 19:43:30 - [TEST_STEP][PASSED] - verifyMatch(Actual_AdditionalSKU1, Actual_AdditionalSKU2, false): Actual text 'ADDITIONAL SKU CODE(S) Part 2' and expected text 'ADDITIONAL SKU CODE(S) Part 2' are matched 

2022-06-09 19:43:30 - [MESSAGE][PASSED] - Actual text 'ADDITIONAL SKU CODE(S) Part 2' and expected text 'ADDITIONAL SKU CODE(S) Part 2' are matched 

2022-06-09 19:43:30 - [TEST_STEP][PASSED] - scrollToElement(findTestObject("1. Constant/xpath", ["xpath":"/html/body/div[1]/div[2]/div[4]/div[3]/div/div[2]/form/div[2]/div[2]/div[5]/div[1]"]), 5): Scroll to object 'Object Repository/1. Constant/xpath' successfully

2022-06-09 19:43:30 - [MESSAGE][PASSED] - Scroll to object 'Object Repository/1. Constant/xpath' successfully

2022-06-09 19:43:30 - [TEST_STEP][PASSED] - Actual_gtin1 = getAttribute(findTestObject("1. Constant/xpath", ["xpath":"//*[@id="var_126"]"]), "value"): Attribute 'value' of object 'Object Repository/1. Constant/xpath' is: '3337875678094'

2022-06-09 19:43:30 - [MESSAGE][PASSED] - Attribute 'value' of object 'Object Repository/1. Constant/xpath' is: '3337875678094'

2022-06-09 19:43:30 - [TEST_STEP][PASSED] - verifyMatch(Actual_gtin1, "3337875678094", false): Actual text '3337875678094' and expected text '3337875678094' are matched 

2022-06-09 19:43:30 - [MESSAGE][PASSED] - Actual text '3337875678094' and expected text '3337875678094' are matched 

2022-06-09 19:43:30 - [TEST_STEP][PASSED] - Actual_SHADE1 = getAttribute(findTestObject("1. Constant/xpath", ["xpath":"//*[@id="var_78"]"]), "value"): Attribute 'value' of object 'Object Repository/1. Constant/xpath' is: 'SHADE N° part 2'

2022-06-09 19:43:32 - [MESSAGE][PASSED] - Attribute 'value' of object 'Object Repository/1. Constant/xpath' is: 'SHADE N° part 2'

2022-06-09 19:43:32 - [TEST_STEP][PASSED] - verifyMatch(Actual_SHADE1, "SHADE N° part 2", false): Actual text 'SHADE N° part 2' and expected text 'SHADE N° part 2' are matched 

2022-06-09 19:43:32 - [MESSAGE][PASSED] - Actual text 'SHADE N° part 2' and expected text 'SHADE N° part 2' are matched 

2022-06-09 19:43:32 - [TEST_STEP][PASSED] - Actual_Product1 = getAttribute(findTestObject("1. Constant/xpath", ["xpath":"//*[@id="select2-var_107-container"]"]), "title"): Attribute 'title' of object 'Object Repository/1. Constant/xpath' is: 'Yes'

2022-06-09 19:43:32 - [MESSAGE][PASSED] - Attribute 'title' of object 'Object Repository/1. Constant/xpath' is: 'Yes'

2022-06-09 19:43:32 - [TEST_STEP][PASSED] - verifyMatch(Actual_Product1, "Yes", false): Actual text 'Yes' and expected text 'Yes' are matched 

2022-06-09 19:43:32 - [MESSAGE][PASSED] - Actual text 'Yes' and expected text 'Yes' are matched 

2022-06-09 19:43:32 - [TEST_STEP][PASSED] - scrollToElement(findTestObject("1. Constant/xpath", ["xpath":"/html/body/div[1]/div[2]/div[4]/div[3]/div/div[2]/form/div[2]/div[2]/div[5]/div[2]"]), 3): Scroll to object 'Object Repository/1. Constant/xpath' successfully

2022-06-09 19:43:32 - [MESSAGE][PASSED] - Scroll to object 'Object Repository/1. Constant/xpath' successfully

2022-06-09 19:43:32 - [TEST_STEP][PASSED] - takeScreenshot(): Taking screenshot successfully

2022-06-09 19:43:32 - [MESSAGE][PASSED] - Taking screenshot successfully
[[ATTACHMENT|D:\\Projet Test Auto\\Mediabox Test Automation\\Reports\\20220609_181011\\03. Parallel Testing (Testing)\\TS -PT PART 3\\08 Tag Mass Submit _ Import ref\\20220609_181054\\1654796612311.png]]

2022-06-09 19:43:32 - [TEST_STEP][PASSED] - Actual_aci1 = getAttribute(findTestObject("1. Constant/xpath", ["xpath":"//*[@id="var_68"]"]), "value"): Attribute 'value' of object 'Object Repository/1. Constant/xpath' is: '120001348'

2022-06-09 19:43:32 - [MESSAGE][PASSED] - Attribute 'value' of object 'Object Repository/1. Constant/xpath' is: '120001348'

2022-06-09 19:43:32 - [TEST_STEP][PASSED] - verifyMatch(Actual_aci1, "120001348", false): Actual text '120001348' and expected text '120001348' are matched 

2022-06-09 19:43:32 - [MESSAGE][PASSED] - Actual text '120001348' and expected text '120001348' are matched 

2022-06-09 19:43:32 - [TEST_STEP][PASSED] - setText(findTestObject("1. Constant/xpath", ["xpath":"//*[@id="var_68"]"]), "920001348"): Text '920001348' is set on object 'Object Repository/1. Constant/xpath'

2022-06-09 19:43:33 - [MESSAGE][PASSED] - Text '920001348' is set on object 'Object Repository/1. Constant/xpath'

2022-06-09 19:43:33 - [TEST_STEP][PASSED] - Actual_oldaci1 = getAttribute(findTestObject("1. Constant/xpath", ["xpath":"//*[@id="var_108"]"]), "value"): Attribute 'value' of object 'Object Repository/1. Constant/xpath' is: 'OLD ACI CODE part 2'

2022-06-09 19:43:33 - [MESSAGE][PASSED] - Attribute 'value' of object 'Object Repository/1. Constant/xpath' is: 'OLD ACI CODE part 2'

2022-06-09 19:43:33 - [TEST_STEP][PASSED] - verifyMatch(Actual_oldaci1, "OLD ACI CODE part 2", false): Actual text 'OLD ACI CODE part 2' and expected text 'OLD ACI CODE part 2' are matched 

2022-06-09 19:43:33 - [MESSAGE][PASSED] - Actual text 'OLD ACI CODE part 2' and expected text 'OLD ACI CODE part 2' are matched 

2022-06-09 19:43:33 - [TEST_STEP][PASSED] - scrollToElement(findTestObject("1. Constant/xpath", ["xpath":"/html/body/div[1]/div[2]/div[4]/div[3]/div/div[2]/form/div[2]/div[2]/div[7]/div[2]"]), 3): Scroll to object 'Object Repository/1. Constant/xpath' successfully

2022-06-09 19:43:33 - [MESSAGE][PASSED] - Scroll to object 'Object Repository/1. Constant/xpath' successfully

2022-06-09 19:43:33 - [TEST_STEP][PASSED] - takeScreenshot(): Taking screenshot successfully

2022-06-09 19:43:33 - [MESSAGE][PASSED] - Taking screenshot successfully
[[ATTACHMENT|D:\\Projet Test Auto\\Mediabox Test Automation\\Reports\\20220609_181011\\03. Parallel Testing (Testing)\\TS -PT PART 3\\08 Tag Mass Submit _ Import ref\\20220609_181054\\1654796613632.png]]

2022-06-09 19:43:33 - [TEST_STEP][PASSED] - Actual_languagegroup1 = getAttribute(findTestObject("1. Constant/xpath", ["xpath":"//*[@id="select2-var_70-container"]"]), "title"): Attribute 'title' of object 'Object Repository/1. Constant/xpath' is: '165'

2022-06-09 19:43:34 - [MESSAGE][PASSED] - Attribute 'title' of object 'Object Repository/1. Constant/xpath' is: '165'

2022-06-09 19:43:34 - [TEST_STEP][PASSED] - verifyMatch(Actual_languagegroup1, "165", false): Actual text '165' and expected text '165' are matched 

2022-06-09 19:43:34 - [MESSAGE][PASSED] - Actual text '165' and expected text '165' are matched 

2022-06-09 19:43:34 - [TEST_STEP][PASSED] - Actual_language1 = getText(findTestObject("1. Constant/xpath", ["xpath":"//*[@id="selDest_10"]/option"])): Text of object 'Object Repository/1. Constant/xpath' is: 'Croatian'

2022-06-09 19:43:34 - [MESSAGE][PASSED] - Text of object 'Object Repository/1. Constant/xpath' is: 'Croatian'

2022-06-09 19:43:34 - [TEST_STEP][PASSED] - verifyMatch(Actual_language1, "Croatian", false): Actual text 'Croatian' and expected text 'Croatian' are matched 

2022-06-09 19:43:34 - [MESSAGE][PASSED] - Actual text 'Croatian' and expected text 'Croatian' are matched 

2022-06-09 19:43:34 - [TEST_STEP][PASSED] - I.Pagedown(): Execute JavaScript 'window.scrollTo(0, document.body.scrollHeight)' successfully

2022-06-09 19:43:34 - [MESSAGE][PASSED] - Execute JavaScript 'window.scrollTo(0, document.body.scrollHeight)' successfully

2022-06-09 19:43:34 - [TEST_STEP][PASSED] - takeScreenshot(): Taking screenshot successfully

2022-06-09 19:43:34 - [MESSAGE][PASSED] - Taking screenshot successfully
[[ATTACHMENT|D:\\Projet Test Auto\\Mediabox Test Automation\\Reports\\20220609_181011\\03. Parallel Testing (Testing)\\TS -PT PART 3\\08 Tag Mass Submit _ Import ref\\20220609_181054\\1654796614161.png]]

2022-06-09 19:43:34 - [TEST_STEP][PASSED] - scrollToElement(findTestObject("1. Constant/xpath", ["xpath":"/html/body/div[1]/div[2]/div[4]/div[3]/div/div[2]/form/div[2]/div[2]/div[8]/div[2]"]), 3): Scroll to object 'Object Repository/1. Constant/xpath' successfully

2022-06-09 19:43:34 - [MESSAGE][PASSED] - Scroll to object 'Object Repository/1. Constant/xpath' successfully

2022-06-09 19:43:34 - [TEST_STEP][PASSED] - Actual_leadermkt1 = getAttribute(findTestObject("1. Constant/xpath", ["xpath":"//*[@id="select2-var_166-container"]"]), "title"): Attribute 'title' of object 'Object Repository/1. Constant/xpath' is: 'Leader Country'

2022-06-09 19:43:34 - [MESSAGE][PASSED] - Attribute 'title' of object 'Object Repository/1. Constant/xpath' is: 'Leader Country'

2022-06-09 19:43:34 - [TEST_STEP][PASSED] - verifyMatch(Actual_leadermkt1, "Leader Country", false): Actual text 'Leader Country' and expected text 'Leader Country' are matched 

2022-06-09 19:43:34 - [MESSAGE][PASSED] - Actual text 'Leader Country' and expected text 'Leader Country' are matched 

2022-06-09 19:43:34 - [TEST_STEP][PASSED] - Actual_leadercountry1 = getAttribute(findTestObject("1. Constant/xpath", ["xpath":"//*[@id="select2-var_71-container"]"]), "title"): Attribute 'title' of object 'Object Repository/1. Constant/xpath' is: 'France'

2022-06-09 19:43:34 - [MESSAGE][PASSED] - Attribute 'title' of object 'Object Repository/1. Constant/xpath' is: 'France'

2022-06-09 19:43:34 - [TEST_STEP][PASSED] - verifyMatch(Actual_leadercountry1, "France", false): Actual text 'France' and expected text 'France' are matched 

2022-06-09 19:43:34 - [MESSAGE][PASSED] - Actual text 'France' and expected text 'France' are matched 

2022-06-09 19:43:34 - [TEST_STEP][PASSED] - I.Pagedown(): Execute JavaScript 'window.scrollTo(0, document.body.scrollHeight)' successfully

2022-06-09 19:43:34 - [MESSAGE][PASSED] - Execute JavaScript 'window.scrollTo(0, document.body.scrollHeight)' successfully

2022-06-09 19:43:34 - [TEST_STEP][PASSED] - click(findTestObject("1. Constant/xpath", ["xpath":"//*[@id="ModifFiche"]/div[3]/div/button"])): Object: 'Object Repository/1. Constant/xpath' is clicked on

2022-06-09 19:43:40 - [MESSAGE][PASSED] - Object: 'Object Repository/1. Constant/xpath' is clicked on

2022-06-09 19:43:40 - [TEST_STEP][PASSED] - click(findTestObject("1. Constant/xpath", ["xpath":"//*[@id="create_ref_btn"]/button"])): Object: 'Object Repository/1. Constant/xpath' is clicked on

2022-06-09 19:43:40 - [MESSAGE][PASSED] - Object: 'Object Repository/1. Constant/xpath' is clicked on

2022-06-09 19:43:40 - [TEST_STEP][PASSED] - delay(1): Delayed 1 second(s)

2022-06-09 19:43:41 - [MESSAGE][PASSED] - Delayed 1 second(s)

2022-06-09 19:43:41 - [TEST_STEP][PASSED] - takeScreenshot(): Taking screenshot successfully

2022-06-09 19:43:42 - [MESSAGE][PASSED] - Taking screenshot successfully
[[ATTACHMENT|D:\\Projet Test Auto\\Mediabox Test Automation\\Reports\\20220609_181011\\03. Parallel Testing (Testing)\\TS -PT PART 3\\08 Tag Mass Submit _ Import ref\\20220609_181054\\1654796621770.png]]

2022-06-09 19:43:42 - [TEST_STEP][PASSED] - click(findTestObject("1. Constant/xpath", ["xpath":"//*[@id="create_ref_btn"]/div/a[2]"])): Object: 'Object Repository/1. Constant/xpath' is clicked on

2022-06-09 19:43:43 - [MESSAGE][PASSED] - Object: 'Object Repository/1. Constant/xpath' is clicked on

2022-06-09 19:43:43 - [TEST_STEP][PASSED] - delay(2): Delayed 2 second(s)

2022-06-09 19:43:45 - [MESSAGE][PASSED] - Delayed 2 second(s)

2022-06-09 19:43:45 - [TEST_STEP][PASSED] - selectOptionByValue(findTestObject("1. Constant/xpath", ["xpath":"//*[@id="import_tpl"]"]), "6", false): All options with value '6' are selected in object 'Object Repository/1. Constant/xpath' 

2022-06-09 19:43:46 - [MESSAGE][PASSED] - All options with value '6' are selected in object 'Object Repository/1. Constant/xpath' 

2022-06-09 19:43:46 - [TEST_STEP][PASSED] - delay(1): Delayed 1 second(s)

2022-06-09 19:43:47 - [MESSAGE][PASSED] - Delayed 1 second(s)

2022-06-09 19:43:47 - [TEST_STEP][PASSED] - selectOptionByValue(findTestObject("1. Constant/xpath", ["xpath":"//*[@id="lfc_tpl"]"]), "29", false): All options with value '29' are selected in object 'Object Repository/1. Constant/xpath' 

2022-06-09 19:43:48 - [MESSAGE][PASSED] - All options with value '29' are selected in object 'Object Repository/1. Constant/xpath' 

2022-06-09 19:43:48 - [TEST_STEP][PASSED] - delay(1): Delayed 1 second(s)

2022-06-09 19:43:49 - [MESSAGE][PASSED] - Delayed 1 second(s)

2022-06-09 19:43:49 - [TEST_STEP][PASSED] - I.UploadDoc_sendkey_field("//*[@id="xml_file"]", "D:\Upoad_File\AUTOMATION Import ref template TAG\G14.03 [Update]Import template.xlsx", ""): Text '' is present on page 

2022-06-09 19:43:51 - [MESSAGE][PASSED] - Delayed 2 second(s)

2022-06-09 19:43:52 - [MESSAGE][PASSED] - Keys 'D:\Upoad_File\AUTOMATION Import ref template TAG\G14.03 [Update]Import template.xlsx' sent to object: 'Object Repository/1. Constant/xpath'

2022-06-09 19:43:52 - [MESSAGE][PASSED] - Text '' is present on page 

2022-06-09 19:43:52 - [TEST_STEP][PASSED] - verifyTextNotPresent("Aucun fichier choisi", false): Text 'Aucun fichier choisi' is not present on page

2022-06-09 19:43:52 - [MESSAGE][PASSED] - Text 'Aucun fichier choisi' is not present on page

2022-06-09 19:43:52 - [TEST_STEP][PASSED] - takeScreenshot(): Taking screenshot successfully

2022-06-09 19:43:52 - [MESSAGE][PASSED] - Taking screenshot successfully
[[ATTACHMENT|D:\\Projet Test Auto\\Mediabox Test Automation\\Reports\\20220609_181011\\03. Parallel Testing (Testing)\\TS -PT PART 3\\08 Tag Mass Submit _ Import ref\\20220609_181054\\1654796632648.png]]

2022-06-09 19:43:52 - [TEST_STEP][PASSED] - delay(1): Delayed 1 second(s)

2022-06-09 19:43:53 - [MESSAGE][PASSED] - Delayed 1 second(s)

2022-06-09 19:43:53 - [TEST_STEP][PASSED] - click(findTestObject("1. Constant/xpath", ["xpath":"//*[@id="ModifFiche"]/div[7]/div/button[1]"])): Object: 'Object Repository/1. Constant/xpath' is clicked on

2022-06-09 19:44:04 - [MESSAGE][PASSED] - Object: 'Object Repository/1. Constant/xpath' is clicked on

2022-06-09 19:44:04 - [TEST_STEP][PASSED] - I.Pagedown(): Execute JavaScript 'window.scrollTo(0, document.body.scrollHeight)' successfully

2022-06-09 19:44:04 - [MESSAGE][PASSED] - Execute JavaScript 'window.scrollTo(0, document.body.scrollHeight)' successfully

2022-06-09 19:44:04 - [TEST_STEP][PASSED] - takeScreenshot(): Taking screenshot successfully

2022-06-09 19:44:05 - [MESSAGE][PASSED] - Taking screenshot successfully
[[ATTACHMENT|D:\\Projet Test Auto\\Mediabox Test Automation\\Reports\\20220609_181011\\03. Parallel Testing (Testing)\\TS -PT PART 3\\08 Tag Mass Submit _ Import ref\\20220609_181054\\1654796644677.png]]

2022-06-09 19:44:05 - [TEST_STEP][PASSED] - Sucess_texte2 = getText(findTestObject("1. Constant/xpath", ["xpath":"//*[@id="control_block_update"]"])): Text of object 'Object Repository/1. Constant/xpath' is: ' 1 RÉFÉRENCES WILL BE UPDATED
XML Node 1 (ACI code : 920001348) :
1 Référence will be updated :
  MI003406 - FOREIGN_KEY_3_FG_Carton_500OZ_SHADE N° part 2__HR_165_920001348_'

2022-06-09 19:44:05 - [MESSAGE][PASSED] - Text of object 'Object Repository/1. Constant/xpath' is: ' 1 RÉFÉRENCES WILL BE UPDATED
XML Node 1 (ACI code : 920001348) :
1 Référence will be updated :
  MI003406 - FOREIGN_KEY_3_FG_Carton_500OZ_SHADE N° part 2__HR_165_920001348_'

2022-06-09 19:44:05 - [TEST_STEP][PASSED] - I.print(Sucess_texte2): null

2022-06-09 19:44:05 - [TEST_STEP][PASSED] - Expected_Sucess_texte2 = " 1 RÉFÉRENCES WILL BE UPDATED" + "
" + "XML Node 1 (ACI code : 920001348) :" + "
" + "1 Référence will be updated :" + "
" + "  " + Project_No + " - FOREIGN_KEY_3_FG_Carton_500OZ_SHADE N° part 2__HR_165_920001348_": null

2022-06-09 19:44:05 - [TEST_STEP][PASSED] - I.print(Expected_Sucess_texte2): null

2022-06-09 19:44:05 - [TEST_STEP][PASSED] - verifyMatch(Sucess_texte2, Expected_Sucess_texte2, false): Actual text ' 1 RÉFÉRENCES WILL BE UPDATED
XML Node 1 (ACI code : 920001348) :
1 Référence will be updated :
  MI003406 - FOREIGN_KEY_3_FG_Carton_500OZ_SHADE N° part 2__HR_165_920001348_' and expected text ' 1 RÉFÉRENCES WILL BE UPDATED
XML Node 1 (ACI code : 920001348) :
1 Référence will be updated :
  MI003406 - FOREIGN_KEY_3_FG_Carton_500OZ_SHADE N° part 2__HR_165_920001348_' are matched 

2022-06-09 19:44:05 - [MESSAGE][PASSED] - Actual text ' 1 RÉFÉRENCES WILL BE UPDATED
XML Node 1 (ACI code : 920001348) :
1 Référence will be updated :
  MI003406 - FOREIGN_KEY_3_FG_Carton_500OZ_SHADE N° part 2__HR_165_920001348_' and expected text ' 1 RÉFÉRENCES WILL BE UPDATED
XML Node 1 (ACI code : 920001348) :
1 Référence will be updated :
  MI003406 - FOREIGN_KEY_3_FG_Carton_500OZ_SHADE N° part 2__HR_165_920001348_' are matched 

2022-06-09 19:44:05 - [TEST_STEP][PASSED] - verifyElementVisible(findTestObject("1. Constant/xpath", ["xpath":"//*[@id="ModifFiche"]/div[1]/div/button[2]"])): Object 'Object Repository/1. Constant/xpath' is visible

2022-06-09 19:44:05 - [MESSAGE][PASSED] - Object 'Object Repository/1. Constant/xpath' is visible

2022-06-09 19:44:05 - [TEST_STEP][PASSED] - verifyElementVisible(findTestObject("1. Constant/xpath", ["xpath":"//*[@id="ModifFiche"]/div[7]/div/button[2]"])): Object 'Object Repository/1. Constant/xpath' is visible

2022-06-09 19:44:05 - [MESSAGE][PASSED] - Object 'Object Repository/1. Constant/xpath' is visible

2022-06-09 19:44:05 - [TEST_STEP][PASSED] - click(findTestObject("1. Constant/xpath", ["xpath":"//*[@id="ModifFiche"]/div[7]/div/button[2]"])): Object: 'Object Repository/1. Constant/xpath' is clicked on

2022-06-09 19:44:23 - [MESSAGE][PASSED] - Object: 'Object Repository/1. Constant/xpath' is clicked on

2022-06-09 19:44:23 - [TEST_STEP][PASSED] - click(findTestObject("1. Constant/xpath", ["xpath":"//*[@id="form_filters"]/div[11]/a[2]"])): Object: 'Object Repository/1. Constant/xpath' is clicked on

2022-06-09 19:44:26 - [MESSAGE][PASSED] - Object: 'Object Repository/1. Constant/xpath' is clicked on

2022-06-09 19:44:26 - [TEST_STEP][PASSED] - setText(findTestObject("1. Constant/xpath", ["xpath":"//*[@id="fiche_filter_keywords11"]"]), "French"): Text 'French' is set on object 'Object Repository/1. Constant/xpath'

2022-06-09 19:44:27 - [MESSAGE][PASSED] - Text 'French' is set on object 'Object Repository/1. Constant/xpath'

2022-06-09 19:44:27 - [TEST_STEP][PASSED] - click(findTestObject("1. Constant/xpath", ["xpath":"//*[@id="form_filters"]/div[11]/button"])): Object: 'Object Repository/1. Constant/xpath' is clicked on

2022-06-09 19:44:30 - [MESSAGE][PASSED] - Object: 'Object Repository/1. Constant/xpath' is clicked on

2022-06-09 19:44:30 - [TEST_STEP][PASSED] - delay(2): Delayed 2 second(s)

2022-06-09 19:44:32 - [MESSAGE][PASSED] - Delayed 2 second(s)

2022-06-09 19:44:32 - [TEST_STEP][PASSED] - I.superedit_ref(findTestObject("1. Constant/xpath", ["xpath":"/html/body/div[1]/div[2]/div[4]/div[3]/div/div[2]/div[2]/div[1]/table/tbody/tr[2]/td[15]/div/button"]), findTestObject("1. Constant/xpath", ["xpath":"/html/body/div[1]/div[2]/div[4]/div[3]/div/div[2]/div[2]/div[1]/table/tbody/tr[2]/td[15]/div/div/a[4]"])): Object: 'Object Repository/1. Constant/xpath' is clicked on

2022-06-09 19:44:33 - [MESSAGE][PASSED] - Object: 'Object Repository/1. Constant/xpath' is clicked on

2022-06-09 19:44:36 - [MESSAGE][PASSED] - Delayed 3 second(s)

2022-06-09 19:44:39 - [MESSAGE][PASSED] - Object: 'Object Repository/1. Constant/xpath' is clicked on

2022-06-09 19:44:39 - [TEST_STEP][PASSED] - Actual_AdditionalSKU11 = getText(findTestObject("1. Constant/xpath", ["xpath":"//*[@id="var_69"]"])): Text of object 'Object Repository/1. Constant/xpath' is: 'ADDITIONAL SKU CODE(S) Part 5 (mofication)'

2022-06-09 19:44:40 - [MESSAGE][PASSED] - Text of object 'Object Repository/1. Constant/xpath' is: 'ADDITIONAL SKU CODE(S) Part 5 (mofication)'

2022-06-09 19:44:40 - [TEST_STEP][PASSED] - verifyMatch(Actual_AdditionalSKU11, "ADDITIONAL SKU CODE(S) Part 5 (mofication)", false): Actual text 'ADDITIONAL SKU CODE(S) Part 5 (mofication)' and expected text 'ADDITIONAL SKU CODE(S) Part 5 (mofication)' are matched 

2022-06-09 19:44:40 - [MESSAGE][PASSED] - Actual text 'ADDITIONAL SKU CODE(S) Part 5 (mofication)' and expected text 'ADDITIONAL SKU CODE(S) Part 5 (mofication)' are matched 

2022-06-09 19:44:40 - [TEST_STEP][PASSED] - click(findTestObject("1. Constant/xpath", ["xpath":"//*[@id="ModifFiche"]/div[1]/div/a"])): Object: 'Object Repository/1. Constant/xpath' is clicked on

2022-06-09 19:44:42 - [MESSAGE][PASSED] - Object: 'Object Repository/1. Constant/xpath' is clicked on

2022-06-09 19:44:42 - [TEST_STEP][PASSED] - closeBrowser(): Browser is closed

2022-06-09 19:44:43 - [MESSAGE][PASSED] - Browser is closed

2022-06-09 19:44:43 - [TEST_STEP][PASSED] - Start listener action : sampleAfterTestCase: null]]></system-out>
         <system-err><![CDATA[]]></system-err>
      </testcase>
      <testcase name="Test Cases/14. Tag Import ref (P1 - P3 Consecutive)/14.4 Tag_del_Standby_Cancel_mother_Creation_Update - Existing Project" time="249.24" classname="Test Cases/14. Tag Import ref (P1 - P3 Consecutive)/14.4 Tag_del_Standby_Cancel_mother_Creation_Update - Existing Project" status="PASSED">
         <system-out><![CDATA[2022-06-09 19:44:43 - [TEST_CASE][PASSED] - Test Cases/14. Tag Import ref (P1 - P3 Consecutive)/14.4 Tag_del_Standby_Cancel_mother_Creation_Update - Existing Project: Test Cases/14. Tag Import ref (P1 - P3 Consecutive)/14.4 Tag_del_Standby_Cancel_mother_Creation_Update - Existing Project

2022-06-09 19:44:44 - [TEST_STEP][PASSED] - data_Tag = findTestData("Data Files/Username_Password/Tag"): null

2022-06-09 19:44:44 - [TEST_STEP][PASSED] - password_jedun = data_Tag.getValue(3, 1): null

2022-06-09 19:44:44 - [TEST_STEP][PASSED] - password_stest = data_Tag.getValue(3, 3): null

2022-06-09 19:44:44 - [TEST_STEP][PASSED] - password_itroin = data_Tag.getValue(3, 4): null

2022-06-09 19:44:44 - [TEST_STEP][PASSED] - password_igedik = data_Tag.getValue(3, 5): null

2022-06-09 19:44:44 - [TEST_STEP][PASSED] - password_mderdour = data_Tag.getValue(3, 6): null

2022-06-09 19:44:44 - [TEST_STEP][PASSED] - password_achatin = data_Tag.getValue(3, 7): null

2022-06-09 19:44:44 - [TEST_STEP][PASSED] - password_tliu = data_Tag.getValue(3, 8): null

2022-06-09 19:44:44 - [TEST_STEP][PASSED] - password_ccaramella = data_Tag.getValue(3, 9): null

2022-06-09 19:44:44 - [TEST_STEP][PASSED] - password_achay = data_Tag.getValue(3, 10): null

2022-06-09 19:44:44 - [TEST_STEP][PASSED] - password_cbono = data_Tag.getValue(3, 11): null

2022-06-09 19:44:44 - [TEST_STEP][PASSED] - password_pmareri = data_Tag.getValue(3, 12): null

2022-06-09 19:44:44 - [TEST_STEP][PASSED] - data_urlRELAUTO = findTestData("Data Files/URL/URL_relauto"): null

2022-06-09 19:44:44 - [TEST_STEP][PASSED] - Url_Tag = data_urlRELAUTO.getValue(2, 3): null

2022-06-09 19:44:44 - [TEST_STEP][PASSED] - Project_No = "MI003395": null

2022-06-09 19:44:44 - [TEST_STEP][PASSED] - openBrowser(Url_Tag): Browser is opened with url: 'http://mdb-release.diadeis.lan/MediaboxIndependence/?MBI_datasource=RELTESTAUTO_TAG'

2022-06-09 19:44:44 - [MESSAGE][INFO] - Starting 'Chrome (headless)' driver

2022-06-09 19:44:44 - [MESSAGE][INFO] - User set preference: ['args', '[--window-size=1920,1080, --headless]']

2022-06-09 19:44:44 - [MESSAGE][INFO] - Action delay is set to 0 milliseconds

2022-06-09 19:44:51 - [MESSAGE][PASSED] - Browser is opened with url: 'http://mdb-release.diadeis.lan/MediaboxIndependence/?MBI_datasource=RELTESTAUTO_TAG'

2022-06-09 19:44:51 - [TEST_STEP][PASSED] - maximizeWindow(): Current window maximized

2022-06-09 19:44:51 - [MESSAGE][PASSED] - Current window maximized

2022-06-09 19:44:51 - [TEST_STEP][PASSED] - waitForPageLoad(30): Wait for page load successfully

2022-06-09 19:44:51 - [MESSAGE][PASSED] - Wait for page load successfully

2022-06-09 19:44:51 - [TEST_STEP][PASSED] - takeScreenshot(): Taking screenshot successfully

2022-06-09 19:44:51 - [MESSAGE][PASSED] - Taking screenshot successfully
[[ATTACHMENT|D:\\Projet Test Auto\\Mediabox Test Automation\\Reports\\20220609_181011\\03. Parallel Testing (Testing)\\TS -PT PART 3\\08 Tag Mass Submit _ Import ref\\20220609_181054\\1654796691478.png]]

2022-06-09 19:44:51 - [TEST_STEP][PASSED] - I.Login_password("jedun", password_jedun): Object: 'Object Repository/1. Constant/xpath' is clicked on

2022-06-09 19:44:51 - [MESSAGE][PASSED] - Text 'jedun' is set on object 'Object Repository/1. Constant/xpath'

2022-06-09 19:44:52 - [MESSAGE][PASSED] - Delayed 1 second(s)

2022-06-09 19:44:53 - [MESSAGE][PASSED] - Text 'dchi' is set on object 'Object Repository/1. Constant/xpath'

2022-06-09 19:44:54 - [MESSAGE][PASSED] - Delayed 1 second(s)

2022-06-09 19:45:02 - [MESSAGE][PASSED] - Object: 'Object Repository/1. Constant/xpath' is clicked on

2022-06-09 19:45:02 - [TEST_STEP][PASSED] - click(findTestObject("1. Constant/02_LHSMenu_Projects")): Object: 'Object Repository/1. Constant/02_LHSMenu_Projects' is clicked on

2022-06-09 19:45:08 - [MESSAGE][PASSED] - Object: 'Object Repository/1. Constant/02_LHSMenu_Projects' is clicked on

2022-06-09 19:45:08 - [TEST_STEP][PASSED] - I.SearchProjectNo_xpath(Project_No, "//*[@id="keynum_project"]", "//*[@id="form_filters"]/div[7]/button"): Delayed 5 second(s)

2022-06-09 19:45:09 - [MESSAGE][PASSED] - Delayed 1 second(s)

2022-06-09 19:45:10 - [MESSAGE][PASSED] - Text 'MI003395' is set on object 'Object Repository/1. Constant/xpath'

2022-06-09 19:45:13 - [MESSAGE][PASSED] - Delayed 3 second(s)

2022-06-09 19:45:13 - [MESSAGE][PASSED] - Scroll to object 'Object Repository/1. Constant/xpath' successfully

2022-06-09 19:45:18 - [MESSAGE][PASSED] - Object: 'Object Repository/1. Constant/xpath' is clicked on

2022-06-09 19:45:23 - [MESSAGE][PASSED] - Delayed 5 second(s)

2022-06-09 19:45:23 - [TEST_STEP][PASSED] - takeScreenshot(): Taking screenshot successfully

2022-06-09 19:45:24 - [MESSAGE][PASSED] - Taking screenshot successfully
[[ATTACHMENT|D:\\Projet Test Auto\\Mediabox Test Automation\\Reports\\20220609_181011\\03. Parallel Testing (Testing)\\TS -PT PART 3\\08 Tag Mass Submit _ Import ref\\20220609_181054\\1654796723990.png]]

2022-06-09 19:45:24 - [TEST_STEP][PASSED] - takeScreenshot(): Taking screenshot successfully

2022-06-09 19:45:24 - [MESSAGE][PASSED] - Taking screenshot successfully
[[ATTACHMENT|D:\\Projet Test Auto\\Mediabox Test Automation\\Reports\\20220609_181011\\03. Parallel Testing (Testing)\\TS -PT PART 3\\08 Tag Mass Submit _ Import ref\\20220609_181054\\1654796724356.png]]

2022-06-09 19:45:24 - [TEST_STEP][PASSED] - click(findTestObject("1. Constant/xpath", ["xpath":"//*[@id="create_ref_btn"]/button"])): Object: 'Object Repository/1. Constant/xpath' is clicked on

2022-06-09 19:45:25 - [MESSAGE][PASSED] - Object: 'Object Repository/1. Constant/xpath' is clicked on

2022-06-09 19:45:25 - [TEST_STEP][PASSED] - delay(1): Delayed 1 second(s)

2022-06-09 19:45:26 - [MESSAGE][PASSED] - Delayed 1 second(s)

2022-06-09 19:45:26 - [TEST_STEP][PASSED] - takeScreenshot(): Taking screenshot successfully

2022-06-09 19:45:26 - [MESSAGE][PASSED] - Taking screenshot successfully
[[ATTACHMENT|D:\\Projet Test Auto\\Mediabox Test Automation\\Reports\\20220609_181011\\03. Parallel Testing (Testing)\\TS -PT PART 3\\08 Tag Mass Submit _ Import ref\\20220609_181054\\1654796726029.png]]

2022-06-09 19:45:26 - [TEST_STEP][PASSED] - click(findTestObject("1. Constant/xpath", ["xpath":"//*[@id="create_ref_btn"]/div/a[2]"])): Object: 'Object Repository/1. Constant/xpath' is clicked on

2022-06-09 19:45:29 - [MESSAGE][PASSED] - Object: 'Object Repository/1. Constant/xpath' is clicked on

2022-06-09 19:45:29 - [TEST_STEP][PASSED] - delay(2): Delayed 2 second(s)

2022-06-09 19:45:31 - [MESSAGE][PASSED] - Delayed 2 second(s)

2022-06-09 19:45:31 - [TEST_STEP][PASSED] - takeScreenshot(): Taking screenshot successfully

2022-06-09 19:45:31 - [MESSAGE][PASSED] - Taking screenshot successfully
[[ATTACHMENT|D:\\Projet Test Auto\\Mediabox Test Automation\\Reports\\20220609_181011\\03. Parallel Testing (Testing)\\TS -PT PART 3\\08 Tag Mass Submit _ Import ref\\20220609_181054\\1654796731679.png]]

2022-06-09 19:45:31 - [TEST_STEP][PASSED] - selectOptionByValue(findTestObject("1. Constant/xpath", ["xpath":"//*[@id="import_tpl"]"]), "2", false): All options with value '2' are selected in object 'Object Repository/1. Constant/xpath' 

2022-06-09 19:45:33 - [MESSAGE][PASSED] - All options with value '2' are selected in object 'Object Repository/1. Constant/xpath' 

2022-06-09 19:45:33 - [TEST_STEP][PASSED] - delay(1): Delayed 1 second(s)

2022-06-09 19:45:34 - [MESSAGE][PASSED] - Delayed 1 second(s)

2022-06-09 19:45:34 - [TEST_STEP][PASSED] - selectOptionByValue(findTestObject("1. Constant/xpath", ["xpath":"//*[@id="lfc_tpl"]"]), "66", false): All options with value '66' are selected in object 'Object Repository/1. Constant/xpath' 

2022-06-09 19:45:36 - [MESSAGE][PASSED] - All options with value '66' are selected in object 'Object Repository/1. Constant/xpath' 

2022-06-09 19:45:36 - [TEST_STEP][PASSED] - I.UploadDoc_sendkey_field("//*[@id="xml_file"]", "D:\Upoad_File\AUTOMATION Import ref template TAG\H14.04[DEL mother]Import template daughter.xlsx", ""): Text '' is present on page 

2022-06-09 19:45:38 - [MESSAGE][PASSED] - Delayed 2 second(s)

2022-06-09 19:45:38 - [MESSAGE][PASSED] - Keys 'D:\Upoad_File\AUTOMATION Import ref template TAG\H14.04[DEL mother]Import template daughter.xlsx' sent to object: 'Object Repository/1. Constant/xpath'

2022-06-09 19:45:39 - [MESSAGE][PASSED] - Text '' is present on page 

2022-06-09 19:45:39 - [TEST_STEP][PASSED] - verifyTextNotPresent("Aucun fichier choisi", false): Text 'Aucun fichier choisi' is not present on page

2022-06-09 19:45:39 - [MESSAGE][PASSED] - Text 'Aucun fichier choisi' is not present on page

2022-06-09 19:45:39 - [TEST_STEP][PASSED] - takeScreenshot(): Taking screenshot successfully

2022-06-09 19:45:41 - [MESSAGE][PASSED] - Taking screenshot successfully
[[ATTACHMENT|D:\\Projet Test Auto\\Mediabox Test Automation\\Reports\\20220609_181011\\03. Parallel Testing (Testing)\\TS -PT PART 3\\08 Tag Mass Submit _ Import ref\\20220609_181054\\1654796740124.png]]

2022-06-09 19:45:41 - [TEST_STEP][PASSED] - delay(1): Delayed 1 second(s)

2022-06-09 19:45:42 - [MESSAGE][PASSED] - Delayed 1 second(s)

2022-06-09 19:45:42 - [TEST_STEP][PASSED] - click(findTestObject("1. Constant/xpath", ["xpath":"//*[@id="ModifFiche"]/div[7]/div/button[1]"])): Object: 'Object Repository/1. Constant/xpath' is clicked on

2022-06-09 19:45:53 - [MESSAGE][PASSED] - Object: 'Object Repository/1. Constant/xpath' is clicked on

2022-06-09 19:45:53 - [TEST_STEP][PASSED] - I.Pagedown(): Execute JavaScript 'window.scrollTo(0, document.body.scrollHeight)' successfully

2022-06-09 19:45:53 - [MESSAGE][PASSED] - Execute JavaScript 'window.scrollTo(0, document.body.scrollHeight)' successfully

2022-06-09 19:45:53 - [TEST_STEP][PASSED] - takeScreenshot(): Taking screenshot successfully

2022-06-09 19:45:53 - [MESSAGE][PASSED] - Taking screenshot successfully
[[ATTACHMENT|D:\\Projet Test Auto\\Mediabox Test Automation\\Reports\\20220609_181011\\03. Parallel Testing (Testing)\\TS -PT PART 3\\08 Tag Mass Submit _ Import ref\\20220609_181054\\1654796753615.png]]

2022-06-09 19:45:53 - [TEST_STEP][PASSED] - Actual_error1 = getText(findTestObject("1. Constant/xpath", ["xpath":"//*[@id="control_block_error"]"])): Text of object 'Object Repository/1. Constant/xpath' is: 'CHECK FILE RESULT : ERROR
XML Node 1 :
None of several references to link found in the project

XML Node 1 :
Can not update or create reference with this node :
  No references matches to the foreign key value "420001348"'

2022-06-09 19:45:54 - [MESSAGE][PASSED] - Text of object 'Object Repository/1. Constant/xpath' is: 'CHECK FILE RESULT : ERROR
XML Node 1 :
None of several references to link found in the project

XML Node 1 :
Can not update or create reference with this node :
  No references matches to the foreign key value "420001348"'

2022-06-09 19:45:54 - [TEST_STEP][PASSED] - I.print(Actual_error1): null

2022-06-09 19:45:54 - [TEST_STEP][PASSED] - Expected_error1 = "CHECK FILE RESULT : ERROR" + "
" + "XML Node 1 :" + "
" + "None of several references to link found in the project" + "

" + "XML Node 1 :" + "
" + "Can not update or create reference with this node :" + "
" + "  No references matches to the foreign key value "420001348"": null

2022-06-09 19:45:54 - [TEST_STEP][PASSED] - I.print(Expected_error1): null

2022-06-09 19:45:54 - [TEST_STEP][PASSED] - verifyMatch(Actual_error1, Expected_error1, false): Actual text 'CHECK FILE RESULT : ERROR
XML Node 1 :
None of several references to link found in the project

XML Node 1 :
Can not update or create reference with this node :
  No references matches to the foreign key value "420001348"' and expected text 'CHECK FILE RESULT : ERROR
XML Node 1 :
None of several references to link found in the project

XML Node 1 :
Can not update or create reference with this node :
  No references matches to the foreign key value "420001348"' are matched 

2022-06-09 19:45:54 - [MESSAGE][PASSED] - Actual text 'CHECK FILE RESULT : ERROR
XML Node 1 :
None of several references to link found in the project

XML Node 1 :
Can not update or create reference with this node :
  No references matches to the foreign key value "420001348"' and expected text 'CHECK FILE RESULT : ERROR
XML Node 1 :
None of several references to link found in the project

XML Node 1 :
Can not update or create reference with this node :
  No references matches to the foreign key value "420001348"' are matched 

2022-06-09 19:45:54 - [TEST_STEP][PASSED] - verifyElementNotVisible(findTestObject("1. Constant/xpath", ["xpath":"//*[@id="ModifFiche"]/div[1]/div/button[2]"])): Object 'Object Repository/1. Constant/xpath' is NOT visible

2022-06-09 19:45:54 - [MESSAGE][PASSED] - Object 'Object Repository/1. Constant/xpath' is NOT visible

2022-06-09 19:45:54 - [TEST_STEP][PASSED] - verifyElementNotVisible(findTestObject("1. Constant/xpath", ["xpath":"//*[@id="ModifFiche"]/div[7]/div/button[2]"])): Object 'Object Repository/1. Constant/xpath' is NOT visible

2022-06-09 19:45:54 - [MESSAGE][PASSED] - Object 'Object Repository/1. Constant/xpath' is NOT visible

2022-06-09 19:45:54 - [TEST_STEP][PASSED] - click(findTestObject("1. Constant/xpath", ["xpath":"//*[@id="ModifFiche"]/div[7]/div/a"])): Object: 'Object Repository/1. Constant/xpath' is clicked on

2022-06-09 19:45:58 - [MESSAGE][PASSED] - Object: 'Object Repository/1. Constant/xpath' is clicked on

2022-06-09 19:45:58 - [TEST_STEP][PASSED] - takeScreenshot(): Taking screenshot successfully

2022-06-09 19:45:59 - [MESSAGE][PASSED] - Taking screenshot successfully
[[ATTACHMENT|D:\\Projet Test Auto\\Mediabox Test Automation\\Reports\\20220609_181011\\03. Parallel Testing (Testing)\\TS -PT PART 3\\08 Tag Mass Submit _ Import ref\\20220609_181054\\1654796758770.png]]

2022-06-09 19:45:59 - [TEST_STEP][PASSED] - click(findTestObject("1. Constant/xpath", ["xpath":"//*[@id="create_ref_btn"]/button"])): Object: 'Object Repository/1. Constant/xpath' is clicked on

2022-06-09 19:45:59 - [MESSAGE][PASSED] - Object: 'Object Repository/1. Constant/xpath' is clicked on

2022-06-09 19:45:59 - [TEST_STEP][PASSED] - delay(1): Delayed 1 second(s)

2022-06-09 19:46:00 - [MESSAGE][PASSED] - Delayed 1 second(s)

2022-06-09 19:46:00 - [TEST_STEP][PASSED] - takeScreenshot(): Taking screenshot successfully

2022-06-09 19:46:01 - [MESSAGE][PASSED] - Taking screenshot successfully
[[ATTACHMENT|D:\\Projet Test Auto\\Mediabox Test Automation\\Reports\\20220609_181011\\03. Parallel Testing (Testing)\\TS -PT PART 3\\08 Tag Mass Submit _ Import ref\\20220609_181054\\1654796760701.png]]

2022-06-09 19:46:01 - [TEST_STEP][PASSED] - click(findTestObject("1. Constant/xpath", ["xpath":"//*[@id="create_ref_btn"]/div/a[2]"])): Object: 'Object Repository/1. Constant/xpath' is clicked on

2022-06-09 19:46:05 - [MESSAGE][PASSED] - Object: 'Object Repository/1. Constant/xpath' is clicked on

2022-06-09 19:46:05 - [TEST_STEP][PASSED] - delay(2): Delayed 2 second(s)

2022-06-09 19:46:07 - [MESSAGE][PASSED] - Delayed 2 second(s)

2022-06-09 19:46:07 - [TEST_STEP][PASSED] - selectOptionByValue(findTestObject("1. Constant/xpath", ["xpath":"//*[@id="import_tpl"]"]), "7", false): All options with value '7' are selected in object 'Object Repository/1. Constant/xpath' 

2022-06-09 19:46:09 - [MESSAGE][PASSED] - All options with value '7' are selected in object 'Object Repository/1. Constant/xpath' 

2022-06-09 19:46:09 - [TEST_STEP][PASSED] - delay(1): Delayed 1 second(s)

2022-06-09 19:46:10 - [MESSAGE][PASSED] - Delayed 1 second(s)

2022-06-09 19:46:10 - [TEST_STEP][PASSED] - I.UploadDoc_sendkey_field("//*[@id="xml_file"]", "D:\Upoad_File\AUTOMATION Import ref template TAG\I14.04[status mother]Import template.xlsx", ""): Text '' is present on page 

2022-06-09 19:46:12 - [MESSAGE][PASSED] - Delayed 2 second(s)

2022-06-09 19:46:12 - [MESSAGE][PASSED] - Keys 'D:\Upoad_File\AUTOMATION Import ref template TAG\I14.04[status mother]Import template.xlsx' sent to object: 'Object Repository/1. Constant/xpath'

2022-06-09 19:46:13 - [MESSAGE][PASSED] - Text '' is present on page 

2022-06-09 19:46:13 - [TEST_STEP][PASSED] - verifyTextNotPresent("Aucun fichier choisi", false): Text 'Aucun fichier choisi' is not present on page

2022-06-09 19:46:13 - [MESSAGE][PASSED] - Text 'Aucun fichier choisi' is not present on page

2022-06-09 19:46:13 - [TEST_STEP][PASSED] - takeScreenshot(): Taking screenshot successfully

2022-06-09 19:46:13 - [MESSAGE][PASSED] - Taking screenshot successfully
[[ATTACHMENT|D:\\Projet Test Auto\\Mediabox Test Automation\\Reports\\20220609_181011\\03. Parallel Testing (Testing)\\TS -PT PART 3\\08 Tag Mass Submit _ Import ref\\20220609_181054\\1654796773434.png]]

2022-06-09 19:46:13 - [TEST_STEP][PASSED] - delay(1): Delayed 1 second(s)

2022-06-09 19:46:14 - [MESSAGE][PASSED] - Delayed 1 second(s)

2022-06-09 19:46:14 - [TEST_STEP][PASSED] - click(findTestObject("1. Constant/xpath", ["xpath":"//*[@id="ModifFiche"]/div[7]/div/button[1]"])): Object: 'Object Repository/1. Constant/xpath' is clicked on

2022-06-09 19:46:21 - [MESSAGE][PASSED] - Object: 'Object Repository/1. Constant/xpath' is clicked on

2022-06-09 19:46:21 - [TEST_STEP][PASSED] - I.Pagedown(): Execute JavaScript 'window.scrollTo(0, document.body.scrollHeight)' successfully

2022-06-09 19:46:22 - [MESSAGE][PASSED] - Execute JavaScript 'window.scrollTo(0, document.body.scrollHeight)' successfully

2022-06-09 19:46:22 - [TEST_STEP][PASSED] - takeScreenshot(): Taking screenshot successfully

2022-06-09 19:46:22 - [MESSAGE][PASSED] - Taking screenshot successfully
[[ATTACHMENT|D:\\Projet Test Auto\\Mediabox Test Automation\\Reports\\20220609_181011\\03. Parallel Testing (Testing)\\TS -PT PART 3\\08 Tag Mass Submit _ Import ref\\20220609_181054\\1654796782049.png]]

2022-06-09 19:46:22 - [TEST_STEP][PASSED] - Actual_test1 = getText(findTestObject("1. Constant/xpath", ["xpath":"//*[@id="control_block_create"]"])): Text of object 'Object Repository/1. Constant/xpath' is: ' 1 REFERENCES WILL BE CREATED
XML Node 1 :
  Reference "FOREIGN_KEY_DELETED" will be created'

2022-06-09 19:46:22 - [MESSAGE][PASSED] - Text of object 'Object Repository/1. Constant/xpath' is: ' 1 REFERENCES WILL BE CREATED
XML Node 1 :
  Reference "FOREIGN_KEY_DELETED" will be created'

2022-06-09 19:46:22 - [TEST_STEP][PASSED] - I.print(Actual_test1): null

2022-06-09 19:46:22 - [TEST_STEP][PASSED] - Expected_test1 = " 1 REFERENCES WILL BE CREATED" + "
" + "XML Node 1 :" + "
" + "  Reference "FOREIGN_KEY_DELETED" will be created": null

2022-06-09 19:46:22 - [TEST_STEP][PASSED] - I.print(Expected_test1): null

2022-06-09 19:46:22 - [TEST_STEP][PASSED] - verifyMatch(Actual_test1, Expected_test1, false): Actual text ' 1 REFERENCES WILL BE CREATED
XML Node 1 :
  Reference "FOREIGN_KEY_DELETED" will be created' and expected text ' 1 REFERENCES WILL BE CREATED
XML Node 1 :
  Reference "FOREIGN_KEY_DELETED" will be created' are matched 

2022-06-09 19:46:22 - [MESSAGE][PASSED] - Actual text ' 1 REFERENCES WILL BE CREATED
XML Node 1 :
  Reference "FOREIGN_KEY_DELETED" will be created' and expected text ' 1 REFERENCES WILL BE CREATED
XML Node 1 :
  Reference "FOREIGN_KEY_DELETED" will be created' are matched 

2022-06-09 19:46:22 - [TEST_STEP][PASSED] - Actual_test2 = getText(findTestObject("1. Constant/xpath", ["xpath":"//*[@id="control_block_update"]/div[2]"])): Text of object 'Object Repository/1. Constant/xpath' is: 'XML Node 2 (Marketing product name : FOREIGN_KEY_CANCEL) :
1 Reference will be updated :
  MI003395 - FOREIGN_KEY_CANCEL___

XML Node 3 (Marketing product name : FOREIGN_KEY_STANDBY) :
1 Reference will be updated :
  MI003395 - FOREIGN_KEY_STANDBY___

XML Node 4 (Marketing product name : FOREIGN_KEY_TO_UPDATE) :
1 Reference will be updated :
  MI003395 - FOREIGN_KEY_TO_UPDATE___'

2022-06-09 19:46:22 - [MESSAGE][PASSED] - Text of object 'Object Repository/1. Constant/xpath' is: 'XML Node 2 (Marketing product name : FOREIGN_KEY_CANCEL) :
1 Reference will be updated :
  MI003395 - FOREIGN_KEY_CANCEL___

XML Node 3 (Marketing product name : FOREIGN_KEY_STANDBY) :
1 Reference will be updated :
  MI003395 - FOREIGN_KEY_STANDBY___

XML Node 4 (Marketing product name : FOREIGN_KEY_TO_UPDATE) :
1 Reference will be updated :
  MI003395 - FOREIGN_KEY_TO_UPDATE___'

2022-06-09 19:46:22 - [TEST_STEP][PASSED] - I.print(Actual_test2): null

2022-06-09 19:46:22 - [TEST_STEP][PASSED] - Expected_test2 = "XML Node 2 (Marketing product name : FOREIGN_KEY_CANCEL) :" + "
" + "1 Reference will be updated :" + "
" + "  MI003395 - FOREIGN_KEY_CANCEL___" + "

" + "XML Node 3 (Marketing product name : FOREIGN_KEY_STANDBY) :" + "
" + "1 Reference will be updated :" + "
" + "  MI003395 - FOREIGN_KEY_STANDBY___" + "

" + "XML Node 4 (Marketing product name : FOREIGN_KEY_TO_UPDATE) :" + "
" + "1 Reference will be updated :" + "
" + "  MI003395 - FOREIGN_KEY_TO_UPDATE___": null

2022-06-09 19:46:22 - [TEST_STEP][PASSED] - I.print(Expected_test2): null

2022-06-09 19:46:22 - [TEST_STEP][PASSED] - verifyMatch(Actual_test2, Expected_test2, false): Actual text 'XML Node 2 (Marketing product name : FOREIGN_KEY_CANCEL) :
1 Reference will be updated :
  MI003395 - FOREIGN_KEY_CANCEL___

XML Node 3 (Marketing product name : FOREIGN_KEY_STANDBY) :
1 Reference will be updated :
  MI003395 - FOREIGN_KEY_STANDBY___

XML Node 4 (Marketing product name : FOREIGN_KEY_TO_UPDATE) :
1 Reference will be updated :
  MI003395 - FOREIGN_KEY_TO_UPDATE___' and expected text 'XML Node 2 (Marketing product name : FOREIGN_KEY_CANCEL) :
1 Reference will be updated :
  MI003395 - FOREIGN_KEY_CANCEL___

XML Node 3 (Marketing product name : FOREIGN_KEY_STANDBY) :
1 Reference will be updated :
  MI003395 - FOREIGN_KEY_STANDBY___

XML Node 4 (Marketing product name : FOREIGN_KEY_TO_UPDATE) :
1 Reference will be updated :
  MI003395 - FOREIGN_KEY_TO_UPDATE___' are matched 

2022-06-09 19:46:22 - [MESSAGE][PASSED] - Actual text 'XML Node 2 (Marketing product name : FOREIGN_KEY_CANCEL) :
1 Reference will be updated :
  MI003395 - FOREIGN_KEY_CANCEL___

XML Node 3 (Marketing product name : FOREIGN_KEY_STANDBY) :
1 Reference will be updated :
  MI003395 - FOREIGN_KEY_STANDBY___

XML Node 4 (Marketing product name : FOREIGN_KEY_TO_UPDATE) :
1 Reference will be updated :
  MI003395 - FOREIGN_KEY_TO_UPDATE___' and expected text 'XML Node 2 (Marketing product name : FOREIGN_KEY_CANCEL) :
1 Reference will be updated :
  MI003395 - FOREIGN_KEY_CANCEL___

XML Node 3 (Marketing product name : FOREIGN_KEY_STANDBY) :
1 Reference will be updated :
  MI003395 - FOREIGN_KEY_STANDBY___

XML Node 4 (Marketing product name : FOREIGN_KEY_TO_UPDATE) :
1 Reference will be updated :
  MI003395 - FOREIGN_KEY_TO_UPDATE___' are matched 

2022-06-09 19:46:22 - [TEST_STEP][PASSED] - verifyElementVisible(findTestObject("1. Constant/xpath", ["xpath":"//*[@id="ModifFiche"]/div[1]/div/button[2]"])): Object 'Object Repository/1. Constant/xpath' is visible

2022-06-09 19:46:22 - [MESSAGE][PASSED] - Object 'Object Repository/1. Constant/xpath' is visible

2022-06-09 19:46:22 - [TEST_STEP][PASSED] - verifyElementVisible(findTestObject("1. Constant/xpath", ["xpath":"//*[@id="ModifFiche"]/div[7]/div/button[2]"])): Object 'Object Repository/1. Constant/xpath' is visible

2022-06-09 19:46:23 - [MESSAGE][PASSED] - Object 'Object Repository/1. Constant/xpath' is visible

2022-06-09 19:46:23 - [TEST_STEP][PASSED] - click(findTestObject("1. Constant/xpath", ["xpath":"//*[@id="ModifFiche"]/div[7]/div/button[2]"])): Object: 'Object Repository/1. Constant/xpath' is clicked on

2022-06-09 19:46:44 - [MESSAGE][PASSED] - Object: 'Object Repository/1. Constant/xpath' is clicked on

2022-06-09 19:46:44 - [TEST_STEP][PASSED] - click(findTestObject("1. Constant/xpath", ["xpath":"//*[@id="form_filters"]/div[5]/a[2]"])): Object: 'Object Repository/1. Constant/xpath' is clicked on

2022-06-09 19:46:48 - [MESSAGE][PASSED] - Object: 'Object Repository/1. Constant/xpath' is clicked on

2022-06-09 19:46:48 - [TEST_STEP][PASSED] - takeScreenshot(): Taking screenshot successfully

2022-06-09 19:46:49 - [MESSAGE][PASSED] - Taking screenshot successfully
[[ATTACHMENT|D:\\Projet Test Auto\\Mediabox Test Automation\\Reports\\20220609_181011\\03. Parallel Testing (Testing)\\TS -PT PART 3\\08 Tag Mass Submit _ Import ref\\20220609_181054\\1654796809077.png]]

2022-06-09 19:46:49 - [TEST_STEP][PASSED] - total_5 = getText(findTestObject("1. Constant/xpath", ["xpath":"//*[@id="kt_content"]/div[3]/div/div[2]/div[1]/div[1]/h1/span"])): Text of object 'Object Repository/1. Constant/xpath' is: '5'

2022-06-09 19:46:49 - [MESSAGE][PASSED] - Text of object 'Object Repository/1. Constant/xpath' is: '5'

2022-06-09 19:46:49 - [TEST_STEP][PASSED] - verifyMatch(total_5, "5", false): Actual text '5' and expected text '5' are matched 

2022-06-09 19:46:49 - [MESSAGE][PASSED] - Actual text '5' and expected text '5' are matched 

2022-06-09 19:46:49 - [TEST_STEP][PASSED] - setText(findTestObject("1. Constant/xpath", ["xpath":"//*[@id="fiche_filter_keywords11"]"]), "FOREIGN_KEY_CANCEL"): Text 'FOREIGN_KEY_CANCEL' is set on object 'Object Repository/1. Constant/xpath'

2022-06-09 19:46:49 - [MESSAGE][PASSED] - Text 'FOREIGN_KEY_CANCEL' is set on object 'Object Repository/1. Constant/xpath'

2022-06-09 19:46:49 - [TEST_STEP][PASSED] - click(findTestObject("1. Constant/xpath", ["xpath":"//*[@id="form_filters"]/div[5]/button"])): Object: 'Object Repository/1. Constant/xpath' is clicked on

2022-06-09 19:46:53 - [MESSAGE][PASSED] - Object: 'Object Repository/1. Constant/xpath' is clicked on

2022-06-09 19:46:53 - [TEST_STEP][PASSED] - takeScreenshot(): Taking screenshot successfully

2022-06-09 19:46:54 - [MESSAGE][PASSED] - Taking screenshot successfully
[[ATTACHMENT|D:\\Projet Test Auto\\Mediabox Test Automation\\Reports\\20220609_181011\\03. Parallel Testing (Testing)\\TS -PT PART 3\\08 Tag Mass Submit _ Import ref\\20220609_181054\\1654796813760.png]]

2022-06-09 19:46:54 - [TEST_STEP][PASSED] - I.superedit_ref(findTestObject("1. Constant/xpath", ["xpath":"//*[@id="source_24376"]/td[15]/div[2]/button"]), findTestObject("1. Constant/xpath", ["xpath":"/html/body/div[1]/div[2]/div[4]/div[3]/div/div[2]/div[2]/div[1]/table/tbody/tr/td[15]/div[2]/div/a[3]"])): Object: 'Object Repository/1. Constant/xpath' is clicked on

2022-06-09 19:46:54 - [MESSAGE][PASSED] - Object: 'Object Repository/1. Constant/xpath' is clicked on

2022-06-09 19:46:57 - [MESSAGE][PASSED] - Delayed 3 second(s)

2022-06-09 19:47:03 - [MESSAGE][PASSED] - Object: 'Object Repository/1. Constant/xpath' is clicked on

2022-06-09 19:47:03 - [TEST_STEP][PASSED] - Actual_test4 = getAttribute(findTestObject("1. Constant/xpath", ["xpath":"//*[@id="var_27"]"]), "value"): Attribute 'value' of object 'Object Repository/1. Constant/xpath' is: '600318855'

2022-06-09 19:47:03 - [MESSAGE][PASSED] - Attribute 'value' of object 'Object Repository/1. Constant/xpath' is: '600318855'

2022-06-09 19:47:03 - [TEST_STEP][PASSED] - verifyMatch(Actual_test4, "600318855", false): Actual text '600318855' and expected text '600318855' are matched 

2022-06-09 19:47:03 - [MESSAGE][PASSED] - Actual text '600318855' and expected text '600318855' are matched 

2022-06-09 19:47:03 - [TEST_STEP][PASSED] - I.Pagedown(): Execute JavaScript 'window.scrollTo(0, document.body.scrollHeight)' successfully

2022-06-09 19:47:03 - [MESSAGE][PASSED] - Execute JavaScript 'window.scrollTo(0, document.body.scrollHeight)' successfully

2022-06-09 19:47:03 - [TEST_STEP][PASSED] - I.click_button_javascript(findTestObject("1. Constant/xpath", ["xpath":"//*[@id="ModifFiche"]/div[1]/div/a"])): Execute JavaScript 'arguments[0].click()' successfully

2022-06-09 19:47:08 - [MESSAGE][PASSED] - Execute JavaScript 'arguments[0].click()' successfully

2022-06-09 19:47:08 - [TEST_STEP][PASSED] - setText(findTestObject("1. Constant/xpath", ["xpath":"//*[@id="fiche_filter_keywords11"]"]), "FOREIGN_KEY_STANDBY"): Text 'FOREIGN_KEY_STANDBY' is set on object 'Object Repository/1. Constant/xpath'

2022-06-09 19:47:09 - [MESSAGE][PASSED] - Text 'FOREIGN_KEY_STANDBY' is set on object 'Object Repository/1. Constant/xpath'

2022-06-09 19:47:09 - [TEST_STEP][PASSED] - click(findTestObject("1. Constant/xpath", ["xpath":"//*[@id="form_filters"]/div[5]/button"])): Object: 'Object Repository/1. Constant/xpath' is clicked on

2022-06-09 19:47:13 - [MESSAGE][PASSED] - Object: 'Object Repository/1. Constant/xpath' is clicked on

2022-06-09 19:47:13 - [TEST_STEP][PASSED] - takeScreenshot(): Taking screenshot successfully

2022-06-09 19:47:14 - [MESSAGE][PASSED] - Taking screenshot successfully
[[ATTACHMENT|D:\\Projet Test Auto\\Mediabox Test Automation\\Reports\\20220609_181011\\03. Parallel Testing (Testing)\\TS -PT PART 3\\08 Tag Mass Submit _ Import ref\\20220609_181054\\1654796833897.png]]

2022-06-09 19:47:14 - [TEST_STEP][PASSED] - I.superedit_ref(findTestObject("1. Constant/xpath", ["xpath":"//*[@id="source_24377"]/td[15]/div[2]/button"]), findTestObject("1. Constant/xpath", ["xpath":"/html/body/div[1]/div[2]/div[4]/div[3]/div/div[2]/div[2]/div[1]/table/tbody/tr/td[15]/div[2]/div/a[4]"])): Object: 'Object Repository/1. Constant/xpath' is clicked on

2022-06-09 19:47:14 - [MESSAGE][PASSED] - Object: 'Object Repository/1. Constant/xpath' is clicked on

2022-06-09 19:47:17 - [MESSAGE][PASSED] - Delayed 3 second(s)

2022-06-09 19:47:23 - [MESSAGE][PASSED] - Object: 'Object Repository/1. Constant/xpath' is clicked on

2022-06-09 19:47:23 - [TEST_STEP][PASSED] - Actual_test5 = getAttribute(findTestObject("1. Constant/xpath", ["xpath":"//*[@id="var_27"]"]), "value"): Attribute 'value' of object 'Object Repository/1. Constant/xpath' is: '800318855'

2022-06-09 19:47:24 - [MESSAGE][PASSED] - Attribute 'value' of object 'Object Repository/1. Constant/xpath' is: '800318855'

2022-06-09 19:47:24 - [TEST_STEP][PASSED] - verifyMatch(Actual_test5, "800318855", false): Actual text '800318855' and expected text '800318855' are matched 

2022-06-09 19:47:24 - [MESSAGE][PASSED] - Actual text '800318855' and expected text '800318855' are matched 

2022-06-09 19:47:24 - [TEST_STEP][PASSED] - I.Pagedown(): Execute JavaScript 'window.scrollTo(0, document.body.scrollHeight)' successfully

2022-06-09 19:47:24 - [MESSAGE][PASSED] - Execute JavaScript 'window.scrollTo(0, document.body.scrollHeight)' successfully

2022-06-09 19:47:24 - [TEST_STEP][PASSED] - I.click_button_javascript(findTestObject("1. Constant/xpath", ["xpath":"//*[@id="ModifFiche"]/div[1]/div/a"])): Execute JavaScript 'arguments[0].click()' successfully

2022-06-09 19:47:27 - [MESSAGE][PASSED] - Execute JavaScript 'arguments[0].click()' successfully

2022-06-09 19:47:27 - [TEST_STEP][PASSED] - setText(findTestObject("1. Constant/xpath", ["xpath":"//*[@id="fiche_filter_keywords11"]"]), "FOREIGN_KEY_TO_UPDATE"): Text 'FOREIGN_KEY_TO_UPDATE' is set on object 'Object Repository/1. Constant/xpath'

2022-06-09 19:47:28 - [MESSAGE][PASSED] - Text 'FOREIGN_KEY_TO_UPDATE' is set on object 'Object Repository/1. Constant/xpath'

2022-06-09 19:47:28 - [TEST_STEP][PASSED] - click(findTestObject("1. Constant/xpath", ["xpath":"//*[@id="form_filters"]/div[5]/button"])): Object: 'Object Repository/1. Constant/xpath' is clicked on

2022-06-09 19:47:31 - [MESSAGE][PASSED] - Object: 'Object Repository/1. Constant/xpath' is clicked on

2022-06-09 19:47:31 - [TEST_STEP][PASSED] - takeScreenshot(): Taking screenshot successfully

2022-06-09 19:47:32 - [MESSAGE][PASSED] - Taking screenshot successfully
[[ATTACHMENT|D:\\Projet Test Auto\\Mediabox Test Automation\\Reports\\20220609_181011\\03. Parallel Testing (Testing)\\TS -PT PART 3\\08 Tag Mass Submit _ Import ref\\20220609_181054\\1654796852273.png]]

2022-06-09 19:47:32 - [TEST_STEP][PASSED] - I.superedit_ref(findTestObject("1. Constant/xpath", ["xpath":"//*[@id="source_24378"]/td[15]/div[2]/button"]), findTestObject("1. Constant/xpath", ["xpath":"/html/body/div[1]/div[2]/div[4]/div[3]/div/div[2]/div[2]/div[1]/table/tbody/tr/td[15]/div[2]/div/a[4]"])): Object: 'Object Repository/1. Constant/xpath' is clicked on

2022-06-09 19:47:34 - [MESSAGE][PASSED] - Object: 'Object Repository/1. Constant/xpath' is clicked on

2022-06-09 19:47:37 - [MESSAGE][PASSED] - Delayed 3 second(s)

2022-06-09 19:47:42 - [MESSAGE][PASSED] - Object: 'Object Repository/1. Constant/xpath' is clicked on

2022-06-09 19:47:42 - [TEST_STEP][PASSED] - Actual_test6 = getAttribute(findTestObject("1. Constant/xpath", ["xpath":"//*[@id="var_27"]"]), "value"): Attribute 'value' of object 'Object Repository/1. Constant/xpath' is: '700318855'

2022-06-09 19:47:43 - [MESSAGE][PASSED] - Attribute 'value' of object 'Object Repository/1. Constant/xpath' is: '700318855'

2022-06-09 19:47:43 - [TEST_STEP][PASSED] - verifyMatch(Actual_test6, "700318855", false): Actual text '700318855' and expected text '700318855' are matched 

2022-06-09 19:47:43 - [MESSAGE][PASSED] - Actual text '700318855' and expected text '700318855' are matched 

2022-06-09 19:47:43 - [TEST_STEP][PASSED] - I.Pagedown(): Execute JavaScript 'window.scrollTo(0, document.body.scrollHeight)' successfully

2022-06-09 19:47:43 - [MESSAGE][PASSED] - Execute JavaScript 'window.scrollTo(0, document.body.scrollHeight)' successfully

2022-06-09 19:47:43 - [TEST_STEP][PASSED] - I.click_button_javascript(findTestObject("1. Constant/xpath", ["xpath":"//*[@id="ModifFiche"]/div[1]/div/a"])): Execute JavaScript 'arguments[0].click()' successfully

2022-06-09 19:47:47 - [MESSAGE][PASSED] - Execute JavaScript 'arguments[0].click()' successfully

2022-06-09 19:47:47 - [TEST_STEP][PASSED] - click(findTestObject("1. Constant/xpath", ["xpath":"//*[@id="create_ref_btn"]/button"])): Object: 'Object Repository/1. Constant/xpath' is clicked on

2022-06-09 19:47:47 - [MESSAGE][PASSED] - Object: 'Object Repository/1. Constant/xpath' is clicked on

2022-06-09 19:47:47 - [TEST_STEP][PASSED] - delay(1): Delayed 1 second(s)

2022-06-09 19:47:48 - [MESSAGE][PASSED] - Delayed 1 second(s)

2022-06-09 19:47:48 - [TEST_STEP][PASSED] - takeScreenshot(): Taking screenshot successfully

2022-06-09 19:47:49 - [MESSAGE][PASSED] - Taking screenshot successfully
[[ATTACHMENT|D:\\Projet Test Auto\\Mediabox Test Automation\\Reports\\20220609_181011\\03. Parallel Testing (Testing)\\TS -PT PART 3\\08 Tag Mass Submit _ Import ref\\20220609_181054\\1654796868930.png]]

2022-06-09 19:47:49 - [TEST_STEP][PASSED] - click(findTestObject("1. Constant/xpath", ["xpath":"//*[@id="create_ref_btn"]/div/a[2]"])): Object: 'Object Repository/1. Constant/xpath' is clicked on

2022-06-09 19:47:52 - [MESSAGE][PASSED] - Object: 'Object Repository/1. Constant/xpath' is clicked on

2022-06-09 19:47:52 - [TEST_STEP][PASSED] - delay(2): Delayed 2 second(s)

2022-06-09 19:47:54 - [MESSAGE][PASSED] - Delayed 2 second(s)

2022-06-09 19:47:54 - [TEST_STEP][PASSED] - selectOptionByValue(findTestObject("1. Constant/xpath", ["xpath":"//*[@id="import_tpl"]"]), "2", false): All options with value '2' are selected in object 'Object Repository/1. Constant/xpath' 

2022-06-09 19:47:55 - [MESSAGE][PASSED] - All options with value '2' are selected in object 'Object Repository/1. Constant/xpath' 

2022-06-09 19:47:55 - [TEST_STEP][PASSED] - delay(1): Delayed 1 second(s)

2022-06-09 19:47:56 - [MESSAGE][PASSED] - Delayed 1 second(s)

2022-06-09 19:47:56 - [TEST_STEP][PASSED] - selectOptionByValue(findTestObject("1. Constant/xpath", ["xpath":"//*[@id="lfc_tpl"]"]), "66", false): All options with value '66' are selected in object 'Object Repository/1. Constant/xpath' 

2022-06-09 19:47:59 - [MESSAGE][PASSED] - All options with value '66' are selected in object 'Object Repository/1. Constant/xpath' 

2022-06-09 19:47:59 - [TEST_STEP][PASSED] - delay(1): Delayed 1 second(s)

2022-06-09 19:48:00 - [MESSAGE][PASSED] - Delayed 1 second(s)

2022-06-09 19:48:00 - [TEST_STEP][PASSED] - I.UploadDoc_sendkey_field("//*[@id="xml_file"]", "D:\Upoad_File\AUTOMATION Import ref template TAG\J14.04[DEL mother]Import template daughter.xlsx", ""): Text '' is present on page 

2022-06-09 19:48:02 - [MESSAGE][PASSED] - Delayed 2 second(s)

2022-06-09 19:48:02 - [MESSAGE][PASSED] - Keys 'D:\Upoad_File\AUTOMATION Import ref template TAG\J14.04[DEL mother]Import template daughter.xlsx' sent to object: 'Object Repository/1. Constant/xpath'

2022-06-09 19:48:02 - [MESSAGE][PASSED] - Text '' is present on page 

2022-06-09 19:48:02 - [TEST_STEP][PASSED] - verifyTextNotPresent("Aucun fichier choisi", false): Text 'Aucun fichier choisi' is not present on page

2022-06-09 19:48:02 - [MESSAGE][PASSED] - Text 'Aucun fichier choisi' is not present on page

2022-06-09 19:48:02 - [TEST_STEP][PASSED] - takeScreenshot(): Taking screenshot successfully

2022-06-09 19:48:02 - [MESSAGE][PASSED] - Taking screenshot successfully
[[ATTACHMENT|D:\\Projet Test Auto\\Mediabox Test Automation\\Reports\\20220609_181011\\03. Parallel Testing (Testing)\\TS -PT PART 3\\08 Tag Mass Submit _ Import ref\\20220609_181054\\1654796882582.png]]

2022-06-09 19:48:02 - [TEST_STEP][PASSED] - delay(1): Delayed 1 second(s)

2022-06-09 19:48:03 - [MESSAGE][PASSED] - Delayed 1 second(s)

2022-06-09 19:48:03 - [TEST_STEP][PASSED] - click(findTestObject("1. Constant/xpath", ["xpath":"//*[@id="ModifFiche"]/div[7]/div/button[1]"])): Object: 'Object Repository/1. Constant/xpath' is clicked on

2022-06-09 19:48:14 - [MESSAGE][PASSED] - Object: 'Object Repository/1. Constant/xpath' is clicked on

2022-06-09 19:48:14 - [TEST_STEP][PASSED] - I.Pagedown(): Execute JavaScript 'window.scrollTo(0, document.body.scrollHeight)' successfully

2022-06-09 19:48:14 - [MESSAGE][PASSED] - Execute JavaScript 'window.scrollTo(0, document.body.scrollHeight)' successfully

2022-06-09 19:48:14 - [TEST_STEP][PASSED] - takeScreenshot(): Taking screenshot successfully

2022-06-09 19:48:15 - [MESSAGE][PASSED] - Taking screenshot successfully
[[ATTACHMENT|D:\\Projet Test Auto\\Mediabox Test Automation\\Reports\\20220609_181011\\03. Parallel Testing (Testing)\\TS -PT PART 3\\08 Tag Mass Submit _ Import ref\\20220609_181054\\1654796894989.png]]

2022-06-09 19:48:15 - [TEST_STEP][PASSED] - Actual_s1 = getText(findTestObject("1. Constant/xpath", ["xpath":"//*[@id="control_block_create"]"])): Text of object 'Object Repository/1. Constant/xpath' is: ' 1 REFERENCES WILL BE CREATED
XML Node 1 :
  Reference "French" will be created

The reference will be linked to the reference “FOREIGN_KEY_DELETED”'

2022-06-09 19:48:16 - [MESSAGE][PASSED] - Text of object 'Object Repository/1. Constant/xpath' is: ' 1 REFERENCES WILL BE CREATED
XML Node 1 :
  Reference "French" will be created

The reference will be linked to the reference “FOREIGN_KEY_DELETED”'

2022-06-09 19:48:16 - [TEST_STEP][PASSED] - I.print(Actual_s1): null

2022-06-09 19:48:16 - [TEST_STEP][PASSED] - Expected_s1 = " 1 REFERENCES WILL BE CREATED" + "
" + "XML Node 1 :" + "
" + "  Reference "French" will be created" + "

" + "The reference will be linked to the reference “FOREIGN_KEY_DELETED”": null

2022-06-09 19:48:16 - [TEST_STEP][PASSED] - I.print(Expected_s1): null

2022-06-09 19:48:16 - [TEST_STEP][PASSED] - verifyMatch(Actual_s1, Expected_s1, false): Actual text ' 1 REFERENCES WILL BE CREATED
XML Node 1 :
  Reference "French" will be created

The reference will be linked to the reference “FOREIGN_KEY_DELETED”' and expected text ' 1 REFERENCES WILL BE CREATED
XML Node 1 :
  Reference "French" will be created

The reference will be linked to the reference “FOREIGN_KEY_DELETED”' are matched 

2022-06-09 19:48:16 - [MESSAGE][PASSED] - Actual text ' 1 REFERENCES WILL BE CREATED
XML Node 1 :
  Reference "French" will be created

The reference will be linked to the reference “FOREIGN_KEY_DELETED”' and expected text ' 1 REFERENCES WILL BE CREATED
XML Node 1 :
  Reference "French" will be created

The reference will be linked to the reference “FOREIGN_KEY_DELETED”' are matched 

2022-06-09 19:48:16 - [TEST_STEP][PASSED] - click(findTestObject("1. Constant/xpath", ["xpath":"//*[@id="ModifFiche"]/div[7]/div/button[2]"])): Object: 'Object Repository/1. Constant/xpath' is clicked on

2022-06-09 19:48:39 - [MESSAGE][PASSED] - Object: 'Object Repository/1. Constant/xpath' is clicked on

2022-06-09 19:48:39 - [TEST_STEP][PASSED] - click(findTestObject("1. Constant/xpath", ["xpath":"//*[@id="form_filters"]/div[5]/a[2]"])): Object: 'Object Repository/1. Constant/xpath' is clicked on

2022-06-09 19:48:45 - [MESSAGE][PASSED] - Object: 'Object Repository/1. Constant/xpath' is clicked on

2022-06-09 19:48:45 - [TEST_STEP][PASSED] - takeScreenshot(): Taking screenshot successfully

2022-06-09 19:48:45 - [MESSAGE][PASSED] - Taking screenshot successfully
[[ATTACHMENT|D:\\Projet Test Auto\\Mediabox Test Automation\\Reports\\20220609_181011\\03. Parallel Testing (Testing)\\TS -PT PART 3\\08 Tag Mass Submit _ Import ref\\20220609_181054\\1654796925323.png]]

2022-06-09 19:48:45 - [TEST_STEP][PASSED] - total_6 = getText(findTestObject("1. Constant/xpath", ["xpath":"//*[@id="kt_content"]/div[3]/div/div[2]/div[1]/div[1]/h1/span"])): Text of object 'Object Repository/1. Constant/xpath' is: '6'

2022-06-09 19:48:45 - [MESSAGE][PASSED] - Text of object 'Object Repository/1. Constant/xpath' is: '6'

2022-06-09 19:48:45 - [TEST_STEP][PASSED] - verifyMatch(total_6, "6", false): Actual text '6' and expected text '6' are matched 

2022-06-09 19:48:45 - [MESSAGE][PASSED] - Actual text '6' and expected text '6' are matched 

2022-06-09 19:48:45 - [TEST_STEP][PASSED] - setText(findTestObject("1. Constant/xpath", ["xpath":"//*[@id="fiche_filter_keywords11"]"]), "French"): Text 'French' is set on object 'Object Repository/1. Constant/xpath'

2022-06-09 19:48:46 - [MESSAGE][PASSED] - Text 'French' is set on object 'Object Repository/1. Constant/xpath'

2022-06-09 19:48:46 - [TEST_STEP][PASSED] - click(findTestObject("1. Constant/xpath", ["xpath":"//*[@id="form_filters"]/div[5]/button"])): Object: 'Object Repository/1. Constant/xpath' is clicked on

2022-06-09 19:48:49 - [MESSAGE][PASSED] - Object: 'Object Repository/1. Constant/xpath' is clicked on

2022-06-09 19:48:49 - [TEST_STEP][PASSED] - takeScreenshot(): Taking screenshot successfully

2022-06-09 19:48:50 - [MESSAGE][PASSED] - Taking screenshot successfully
[[ATTACHMENT|D:\\Projet Test Auto\\Mediabox Test Automation\\Reports\\20220609_181011\\03. Parallel Testing (Testing)\\TS -PT PART 3\\08 Tag Mass Submit _ Import ref\\20220609_181054\\1654796929888.png]]

2022-06-09 19:48:50 - [TEST_STEP][PASSED] - delay(2): Delayed 2 second(s)

2022-06-09 19:48:52 - [MESSAGE][PASSED] - Delayed 2 second(s)

2022-06-09 19:48:52 - [TEST_STEP][PASSED] - I.Pagedown(): Execute JavaScript 'window.scrollTo(0, document.body.scrollHeight)' successfully

2022-06-09 19:48:52 - [MESSAGE][PASSED] - Execute JavaScript 'window.scrollTo(0, document.body.scrollHeight)' successfully

2022-06-09 19:48:52 - [TEST_STEP][PASSED] - closeBrowser(): Browser is closed

2022-06-09 19:48:52 - [MESSAGE][PASSED] - Browser is closed

2022-06-09 19:48:52 - [TEST_STEP][PASSED] - Start listener action : sampleAfterTestCase: null]]></system-out>
         <system-err><![CDATA[]]></system-err>
      </testcase>
      <testcase name="Test Cases/06. Tag _ Dreyers _ NPP Mass Submit/6.04 Tag_MassSubmit_QuestionPhase (6.03) P2" time="185.569" classname="Test Cases/06. Tag _ Dreyers _ NPP Mass Submit/6.04 Tag_MassSubmit_QuestionPhase (6.03) P2" status="PASSED">
         <system-out><![CDATA[2022-06-09 19:48:52 - [TEST_CASE][PASSED] - Test Cases/06. Tag _ Dreyers _ NPP Mass Submit/6.04 Tag_MassSubmit_QuestionPhase (6.03) P2: Test Cases/06. Tag _ Dreyers _ NPP Mass Submit/6.04 Tag_MassSubmit_QuestionPhase (6.03) P2

2022-06-09 19:48:53 - [TEST_STEP][PASSED] - data_Tag = findTestData("Data Files/Username_Password/Tag"): null

2022-06-09 19:48:53 - [TEST_STEP][PASSED] - password_jedun = data_Tag.getValue(3, 1): null

2022-06-09 19:48:53 - [TEST_STEP][PASSED] - password_rrowland = data_Tag.getValue(3, 2): null

2022-06-09 19:48:53 - [TEST_STEP][PASSED] - password_stest = data_Tag.getValue(3, 3): null

2022-06-09 19:48:53 - [TEST_STEP][PASSED] - password_itroin = data_Tag.getValue(3, 4): null

2022-06-09 19:48:53 - [TEST_STEP][PASSED] - password_igedik = data_Tag.getValue(3, 5): null

2022-06-09 19:48:53 - [TEST_STEP][PASSED] - password_mderdour = data_Tag.getValue(3, 6): null

2022-06-09 19:48:53 - [TEST_STEP][PASSED] - password_achatin = data_Tag.getValue(3, 7): null

2022-06-09 19:48:53 - [TEST_STEP][PASSED] - password_tliu = data_Tag.getValue(3, 8): null

2022-06-09 19:48:53 - [TEST_STEP][PASSED] - password_ccaramella = data_Tag.getValue(3, 9): null

2022-06-09 19:48:53 - [TEST_STEP][PASSED] - password_achay = data_Tag.getValue(3, 10): null

2022-06-09 19:48:53 - [TEST_STEP][PASSED] - password_cbono = data_Tag.getValue(3, 11): null

2022-06-09 19:48:53 - [TEST_STEP][PASSED] - password_pmareri = data_Tag.getValue(3, 12): null

2022-06-09 19:48:53 - [TEST_STEP][PASSED] - password_qeuzen = data_Tag.getValue(3, 13): null

2022-06-09 19:48:53 - [TEST_STEP][PASSED] - password_alanglois = data_Tag.getValue(3, 14): null

2022-06-09 19:48:53 - [TEST_STEP][PASSED] - password_bde_villeneuve = data_Tag.getValue(3, 15): null

2022-06-09 19:48:53 - [TEST_STEP][PASSED] - data_urlRELAUTO = findTestData("Data Files/URL/URL_relauto"): null

2022-06-09 19:48:53 - [TEST_STEP][PASSED] - Url_Tag = data_urlRELAUTO.getValue(2, 3): null

2022-06-09 19:48:53 - [TEST_STEP][PASSED] - Project_No = I.readnotepad("D:\Upoad_File\Projet_ Login\Tag\6.03 Tag_ProjectNo\6.03_Tag_ProjectNo.txt"): null

2022-06-09 19:48:53 - [TEST_STEP][PASSED] - refID1 = I.readnotepad("D:\Upoad_File\Projet_ Login\Tag\6.03 Tag_ProjectNo\6.03_Tag_refID.txt"): null

2022-06-09 19:48:53 - [TEST_STEP][PASSED] - openBrowser(Url_Tag): Browser is opened with url: 'http://mdb-release.diadeis.lan/MediaboxIndependence/?MBI_datasource=RELTESTAUTO_TAG'

2022-06-09 19:48:53 - [MESSAGE][INFO] - Starting 'Chrome (headless)' driver

2022-06-09 19:48:53 - [MESSAGE][INFO] - User set preference: ['args', '[--window-size=1920,1080, --headless]']

2022-06-09 19:48:53 - [MESSAGE][INFO] - Action delay is set to 0 milliseconds

2022-06-09 19:49:01 - [MESSAGE][PASSED] - Browser is opened with url: 'http://mdb-release.diadeis.lan/MediaboxIndependence/?MBI_datasource=RELTESTAUTO_TAG'

2022-06-09 19:49:01 - [TEST_STEP][PASSED] - maximizeWindow(): Current window maximized

2022-06-09 19:49:02 - [MESSAGE][PASSED] - Current window maximized

2022-06-09 19:49:02 - [TEST_STEP][PASSED] - waitForPageLoad(30): Wait for page load successfully

2022-06-09 19:49:02 - [MESSAGE][PASSED] - Wait for page load successfully

2022-06-09 19:49:02 - [TEST_STEP][PASSED] - takeScreenshot(): Taking screenshot successfully

2022-06-09 19:49:02 - [MESSAGE][PASSED] - Taking screenshot successfully
[[ATTACHMENT|D:\\Projet Test Auto\\Mediabox Test Automation\\Reports\\20220609_181011\\03. Parallel Testing (Testing)\\TS -PT PART 3\\08 Tag Mass Submit _ Import ref\\20220609_181054\\1654796942078.png]]

2022-06-09 19:49:02 - [TEST_STEP][PASSED] - I.Login_password("rrowland", password_rrowland): Object: 'Object Repository/1. Constant/xpath' is clicked on

2022-06-09 19:49:02 - [MESSAGE][PASSED] - Text 'rrowland' is set on object 'Object Repository/1. Constant/xpath'

2022-06-09 19:49:03 - [MESSAGE][PASSED] - Delayed 1 second(s)

2022-06-09 19:49:04 - [MESSAGE][PASSED] - Text 'dchi' is set on object 'Object Repository/1. Constant/xpath'

2022-06-09 19:49:05 - [MESSAGE][PASSED] - Delayed 1 second(s)

2022-06-09 19:49:14 - [MESSAGE][PASSED] - Object: 'Object Repository/1. Constant/xpath' is clicked on

2022-06-09 19:49:14 - [TEST_STEP][PASSED] - takeScreenshot(): Taking screenshot successfully

2022-06-09 19:49:15 - [MESSAGE][PASSED] - Taking screenshot successfully
[[ATTACHMENT|D:\\Projet Test Auto\\Mediabox Test Automation\\Reports\\20220609_181011\\03. Parallel Testing (Testing)\\TS -PT PART 3\\08 Tag Mass Submit _ Import ref\\20220609_181054\\1654796954829.png]]

2022-06-09 19:49:15 - [TEST_STEP][PASSED] - click(findTestObject("1. Constant/02_LHSMenu_Projects")): Object: 'Object Repository/1. Constant/02_LHSMenu_Projects' is clicked on

2022-06-09 19:49:22 - [MESSAGE][PASSED] - Object: 'Object Repository/1. Constant/02_LHSMenu_Projects' is clicked on

2022-06-09 19:49:22 - [TEST_STEP][PASSED] - I.SearchProjectNo_xpath(Project_No, "//*[@id="keynum_project"]", "//*[@id="form_filters"]/div[8]/button"): Delayed 5 second(s)

2022-06-09 19:49:23 - [MESSAGE][PASSED] - Delayed 1 second(s)

2022-06-09 19:49:24 - [MESSAGE][PASSED] - Text 'MI003405' is set on object 'Object Repository/1. Constant/xpath'

2022-06-09 19:49:27 - [MESSAGE][PASSED] - Delayed 3 second(s)

2022-06-09 19:49:27 - [MESSAGE][PASSED] - Scroll to object 'Object Repository/1. Constant/xpath' successfully

2022-06-09 19:49:33 - [MESSAGE][PASSED] - Object: 'Object Repository/1. Constant/xpath' is clicked on

2022-06-09 19:49:38 - [MESSAGE][PASSED] - Delayed 5 second(s)

2022-06-09 19:49:38 - [TEST_STEP][PASSED] - delay(1): Delayed 1 second(s)

2022-06-09 19:49:39 - [MESSAGE][PASSED] - Delayed 1 second(s)

2022-06-09 19:49:39 - [TEST_STEP][PASSED] - takeScreenshot(): Taking screenshot successfully

2022-06-09 19:49:40 - [MESSAGE][PASSED] - Taking screenshot successfully
[[ATTACHMENT|D:\\Projet Test Auto\\Mediabox Test Automation\\Reports\\20220609_181011\\03. Parallel Testing (Testing)\\TS -PT PART 3\\08 Tag Mass Submit _ Import ref\\20220609_181054\\1654796979844.png]]

2022-06-09 19:49:40 - [TEST_STEP][PASSED] - delay(1): Delayed 1 second(s)

2022-06-09 19:49:41 - [MESSAGE][PASSED] - Delayed 1 second(s)

2022-06-09 19:49:41 - [TEST_STEP][PASSED] - click(findTestObject("1. Constant/xpath", ["xpath":"//*[@id="create_ref_btn"]/button"])): Object: 'Object Repository/1. Constant/xpath' is clicked on

2022-06-09 19:49:41 - [MESSAGE][PASSED] - Object: 'Object Repository/1. Constant/xpath' is clicked on

2022-06-09 19:49:41 - [TEST_STEP][PASSED] - click(findTestObject("1. Constant/xpath", ["xpath":"//*[@id="create_ref_btn"]/div/a"])): Object: 'Object Repository/1. Constant/xpath' is clicked on

2022-06-09 19:49:43 - [MESSAGE][PASSED] - Object: 'Object Repository/1. Constant/xpath' is clicked on

2022-06-09 19:49:43 - [TEST_STEP][PASSED] - takeScreenshot(): Taking screenshot successfully

2022-06-09 19:49:43 - [MESSAGE][PASSED] - Taking screenshot successfully
[[ATTACHMENT|D:\\Projet Test Auto\\Mediabox Test Automation\\Reports\\20220609_181011\\03. Parallel Testing (Testing)\\TS -PT PART 3\\08 Tag Mass Submit _ Import ref\\20220609_181054\\1654796983549.png]]

2022-06-09 19:49:43 - [TEST_STEP][PASSED] - selectOptionByValue(findTestObject("1. Constant/xpath", ["xpath":"//*[@id="ref_type"]"]), "13", false): All options with value '13' are selected in object 'Object Repository/1. Constant/xpath' 

2022-06-09 19:49:45 - [MESSAGE][PASSED] - All options with value '13' are selected in object 'Object Repository/1. Constant/xpath' 

2022-06-09 19:49:45 - [TEST_STEP][PASSED] - delay(1): Delayed 1 second(s)

2022-06-09 19:49:46 - [MESSAGE][PASSED] - Delayed 1 second(s)

2022-06-09 19:49:46 - [TEST_STEP][PASSED] - click(findTestObject("1. Constant/xpath", ["xpath":"//*[@id="ModifFiche"]/div[1]/div/button"])): Object: 'Object Repository/1. Constant/xpath' is clicked on

2022-06-09 19:49:52 - [MESSAGE][PASSED] - Object: 'Object Repository/1. Constant/xpath' is clicked on

2022-06-09 19:49:52 - [TEST_STEP][PASSED] - delay(5): Delayed 5 second(s)

2022-06-09 19:49:57 - [MESSAGE][PASSED] - Delayed 5 second(s)

2022-06-09 19:49:57 - [TEST_STEP][PASSED] - takeScreenshot(): Taking screenshot successfully

2022-06-09 19:49:57 - [MESSAGE][PASSED] - Taking screenshot successfully
[[ATTACHMENT|D:\\Projet Test Auto\\Mediabox Test Automation\\Reports\\20220609_181011\\03. Parallel Testing (Testing)\\TS -PT PART 3\\08 Tag Mass Submit _ Import ref\\20220609_181054\\1654796997492.png]]

2022-06-09 19:49:57 - [TEST_STEP][PASSED] - setText(findTestObject("1. Constant/xpath", ["xpath":"//*[@id="var_117"]"]), "MKT_PART_2"): Text 'MKT_PART_2' is set on object 'Object Repository/1. Constant/xpath'

2022-06-09 19:49:58 - [MESSAGE][PASSED] - Text 'MKT_PART_2' is set on object 'Object Repository/1. Constant/xpath'

2022-06-09 19:49:58 - [TEST_STEP][PASSED] - selectOptionByValue(findTestObject("1. Constant/xpath", ["xpath":"//*[@id="var_57"]"]), "134", false): All options with value '134' are selected in object 'Object Repository/1. Constant/xpath' 

2022-06-09 19:49:58 - [MESSAGE][PASSED] - All options with value '134' are selected in object 'Object Repository/1. Constant/xpath' 

2022-06-09 19:49:58 - [TEST_STEP][PASSED] - selectOptionByValue(findTestObject("1. Constant/xpath", ["xpath":"//*[@id="var_28"]"]), "15738", false): All options with value '15738' are selected in object 'Object Repository/1. Constant/xpath' 

2022-06-09 19:49:58 - [MESSAGE][PASSED] - All options with value '15738' are selected in object 'Object Repository/1. Constant/xpath' 

2022-06-09 19:49:58 - [TEST_STEP][PASSED] - refID2 = I.RefID_tag(): Current window's url is: 'http://mdb-release.diadeis.lan/MediaboxIndependence/Base/ExecAction?IDSession=MBI%21RELTESTAUTO_TAG%21DFKCAD3FF3E9V11ODXR458HZCIAZRD4N3W9JK11O&default_action=ModifierRef&id_project=MI003405&id_ref=24434&action_from=create_ref'

2022-06-09 19:50:03 - [MESSAGE][PASSED] - Delayed 5 second(s)

2022-06-09 19:50:03 - [MESSAGE][PASSED] - Current window's url is: 'http://mdb-release.diadeis.lan/MediaboxIndependence/Base/ExecAction?IDSession=MBI%21RELTESTAUTO_TAG%21DFKCAD3FF3E9V11ODXR458HZCIAZRD4N3W9JK11O&default_action=ModifierRef&id_project=MI003405&id_ref=24434&action_from=create_ref'

2022-06-09 19:50:03 - [TEST_STEP][PASSED] - I.print(refID2): null

2022-06-09 19:50:03 - [TEST_STEP][PASSED] - click(findTestObject("1. Constant/xpath", ["xpath":"//*[@id="type_save"]"])): Object: 'Object Repository/1. Constant/xpath' is clicked on

2022-06-09 19:50:10 - [MESSAGE][PASSED] - Object: 'Object Repository/1. Constant/xpath' is clicked on

2022-06-09 19:50:10 - [TEST_STEP][PASSED] - delay(1): Delayed 1 second(s)

2022-06-09 19:50:11 - [MESSAGE][PASSED] - Delayed 1 second(s)

2022-06-09 19:50:11 - [TEST_STEP][PASSED] - takeScreenshot(): Taking screenshot successfully

2022-06-09 19:50:11 - [MESSAGE][PASSED] - Taking screenshot successfully
[[ATTACHMENT|D:\\Projet Test Auto\\Mediabox Test Automation\\Reports\\20220609_181011\\03. Parallel Testing (Testing)\\TS -PT PART 3\\08 Tag Mass Submit _ Import ref\\20220609_181054\\1654797011354.png]]

2022-06-09 19:50:11 - [TEST_STEP][PASSED] - click(findTestObject("1. Constant/xpath", ["xpath":"/html/body/div[1]/div[2]/div[4]/div[3]/div/div[2]/div[2]/div[1]/table/tbody/tr[1]/td[15]/a[2]"])): Object: 'Object Repository/1. Constant/xpath' is clicked on

2022-06-09 19:50:15 - [MESSAGE][PASSED] - Object: 'Object Repository/1. Constant/xpath' is clicked on

2022-06-09 19:50:15 - [TEST_STEP][PASSED] - delay(1): Delayed 1 second(s)

2022-06-09 19:50:16 - [MESSAGE][PASSED] - Delayed 1 second(s)

2022-06-09 19:50:16 - [TEST_STEP][PASSED] - click(findTestObject("1. Constant/xpath", ["xpath":"//*[@id="ModifFiche"]/div[1]/div/div/button"])): Object: 'Object Repository/1. Constant/xpath' is clicked on

2022-06-09 19:50:17 - [MESSAGE][PASSED] - Object: 'Object Repository/1. Constant/xpath' is clicked on

2022-06-09 19:50:17 - [TEST_STEP][PASSED] - delay(1): Delayed 1 second(s)

2022-06-09 19:50:18 - [MESSAGE][PASSED] - Delayed 1 second(s)

2022-06-09 19:50:18 - [TEST_STEP][PASSED] - click(findTestObject("1. Constant/xpath", ["xpath":"//*[@id="ModifFiche"]/div[1]/div/div/div/a[2]"])): Object: 'Object Repository/1. Constant/xpath' is clicked on

2022-06-09 19:50:20 - [MESSAGE][PASSED] - Object: 'Object Repository/1. Constant/xpath' is clicked on

2022-06-09 19:50:20 - [TEST_STEP][PASSED] - setText(findTestObject("1. Constant/xpath", ["xpath":"//*[@id="var_151"]"]), "TEST - Question"): Text 'TEST - Question' is set on object 'Object Repository/1. Constant/xpath'

2022-06-09 19:50:20 - [MESSAGE][PASSED] - Text 'TEST - Question' is set on object 'Object Repository/1. Constant/xpath'

2022-06-09 19:50:20 - [TEST_STEP][PASSED] - takeScreenshot(): Taking screenshot successfully

2022-06-09 19:50:21 - [MESSAGE][PASSED] - Taking screenshot successfully
[[ATTACHMENT|D:\\Projet Test Auto\\Mediabox Test Automation\\Reports\\20220609_181011\\03. Parallel Testing (Testing)\\TS -PT PART 3\\08 Tag Mass Submit _ Import ref\\20220609_181054\\1654797020889.png]]

2022-06-09 19:50:21 - [TEST_STEP][PASSED] - click(findTestObject("1. Constant/xpath", ["xpath":"//*[@id="ModifFiche"]/div[3]/div/button[1]"])): Object: 'Object Repository/1. Constant/xpath' is clicked on

2022-06-09 19:50:26 - [MESSAGE][PASSED] - Object: 'Object Repository/1. Constant/xpath' is clicked on

2022-06-09 19:50:26 - [TEST_STEP][PASSED] - delay(1): Delayed 1 second(s)

2022-06-09 19:50:27 - [MESSAGE][PASSED] - Delayed 1 second(s)

2022-06-09 19:50:27 - [TEST_STEP][PASSED] - click(findTestObject("1. Constant/xpath", ["xpath":"//*[@id="kt_content"]/div[3]/div/div[2]/div[1]/div[2]/span/div[2]/button"])): Object: 'Object Repository/1. Constant/xpath' is clicked on

2022-06-09 19:50:27 - [MESSAGE][PASSED] - Object: 'Object Repository/1. Constant/xpath' is clicked on

2022-06-09 19:50:27 - [TEST_STEP][PASSED] - delay(1): Delayed 1 second(s)

2022-06-09 19:50:28 - [MESSAGE][PASSED] - Delayed 1 second(s)

2022-06-09 19:50:28 - [TEST_STEP][PASSED] - click(findTestObject("1. Constant/xpath", ["xpath":"/html/body/div[1]/div[2]/div[4]/div[3]/div/div[2]/div[1]/div[2]/span/div[2]/div/a[1]"])): Object: 'Object Repository/1. Constant/xpath' is clicked on

2022-06-09 19:50:29 - [MESSAGE][PASSED] - Object: 'Object Repository/1. Constant/xpath' is clicked on

2022-06-09 19:50:29 - [TEST_STEP][PASSED] - takeScreenshot(): Taking screenshot successfully

2022-06-09 19:50:29 - [MESSAGE][PASSED] - Taking screenshot successfully
[[ATTACHMENT|D:\\Projet Test Auto\\Mediabox Test Automation\\Reports\\20220609_181011\\03. Parallel Testing (Testing)\\TS -PT PART 3\\08 Tag Mass Submit _ Import ref\\20220609_181054\\1654797029376.png]]

2022-06-09 19:50:29 - [TEST_STEP][PASSED] - delay(1): Delayed 1 second(s)

2022-06-09 19:50:30 - [MESSAGE][PASSED] - Delayed 1 second(s)

2022-06-09 19:50:30 - [TEST_STEP][PASSED] - check(findTestObject("1. Constant/xpath", ["xpath":"//*[@id="source_"]/th[1]/label"])): Object 'Object Repository/1. Constant/xpath' is checked

2022-06-09 19:50:32 - [MESSAGE][PASSED] - Object 'Object Repository/1. Constant/xpath' is checked

2022-06-09 19:50:32 - [TEST_STEP][PASSED] - click(findTestObject("1. Constant/xpath", ["xpath":"//*[@id="action_btnMassSubmit"]"])): Object: 'Object Repository/1. Constant/xpath' is clicked on

2022-06-09 19:50:32 - [MESSAGE][PASSED] - Object: 'Object Repository/1. Constant/xpath' is clicked on

2022-06-09 19:50:32 - [TEST_STEP][PASSED] - takeScreenshot(): Taking screenshot successfully

2022-06-09 19:50:33 - [MESSAGE][PASSED] - Taking screenshot successfully
[[ATTACHMENT|D:\\Projet Test Auto\\Mediabox Test Automation\\Reports\\20220609_181011\\03. Parallel Testing (Testing)\\TS -PT PART 3\\08 Tag Mass Submit _ Import ref\\20220609_181054\\1654797033007.png]]

2022-06-09 19:50:33 - [TEST_STEP][PASSED] - click(findTestObject("1. Constant/xpath", ["xpath":"//*[@id="btn_submit_mass_submit"]"])): Object: 'Object Repository/1. Constant/xpath' is clicked on

2022-06-09 19:50:39 - [MESSAGE][PASSED] - Object: 'Object Repository/1. Constant/xpath' is clicked on

2022-06-09 19:50:39 - [TEST_STEP][PASSED] - Actual_text1 = getText(findTestObject("1. Constant/xpath", ["xpath":"/html/body/div[1]/div[2]/div[4]/div[3]/div/div[2]/div[2]/div[1]/table/tbody/tr[1]/td[12]/span[1]"])): Text of object 'Object Repository/1. Constant/xpath' is: 'DMI: Brief completion'

2022-06-09 19:50:40 - [MESSAGE][PASSED] - Text of object 'Object Repository/1. Constant/xpath' is: 'DMI: Brief completion'

2022-06-09 19:50:40 - [TEST_STEP][PASSED] - I.print(Actual_text1): null

2022-06-09 19:50:40 - [TEST_STEP][PASSED] - verifyMatch(Actual_text1, "DMI: Brief completion", false): Actual text 'DMI: Brief completion' and expected text 'DMI: Brief completion' are matched 

2022-06-09 19:50:40 - [MESSAGE][PASSED] - Actual text 'DMI: Brief completion' and expected text 'DMI: Brief completion' are matched 

2022-06-09 19:50:40 - [TEST_STEP][PASSED] - Actual_text2 = getText(findTestObject("1. Constant/xpath", ["xpath":"/html/body/div[1]/div[2]/div[4]/div[3]/div/div[2]/div[2]/div[1]/table/tbody/tr[2]/td[12]/span[1]"])): Text of object 'Object Repository/1. Constant/xpath' is: 'DMI: Brief completion'

2022-06-09 19:50:40 - [MESSAGE][PASSED] - Text of object 'Object Repository/1. Constant/xpath' is: 'DMI: Brief completion'

2022-06-09 19:50:40 - [TEST_STEP][PASSED] - I.print(Actual_text2): null

2022-06-09 19:50:40 - [TEST_STEP][PASSED] - verifyMatch(Actual_text2, "DMI: Brief completion", false): Actual text 'DMI: Brief completion' and expected text 'DMI: Brief completion' are matched 

2022-06-09 19:50:40 - [MESSAGE][PASSED] - Actual text 'DMI: Brief completion' and expected text 'DMI: Brief completion' are matched 

2022-06-09 19:50:40 - [TEST_STEP][PASSED] - click(findTestObject("1. Constant/xpath", ["xpath":"//*[@id="kt_content"]/div[3]/div/div[2]/div[1]/div[2]/span/div[2]/button"])): Object: 'Object Repository/1. Constant/xpath' is clicked on

2022-06-09 19:50:40 - [MESSAGE][PASSED] - Object: 'Object Repository/1. Constant/xpath' is clicked on

2022-06-09 19:50:40 - [TEST_STEP][PASSED] - delay(1): Delayed 1 second(s)

2022-06-09 19:50:41 - [MESSAGE][PASSED] - Delayed 1 second(s)

2022-06-09 19:50:41 - [TEST_STEP][PASSED] - takeScreenshot(): Taking screenshot successfully

2022-06-09 19:50:42 - [MESSAGE][PASSED] - Taking screenshot successfully
[[ATTACHMENT|D:\\Projet Test Auto\\Mediabox Test Automation\\Reports\\20220609_181011\\03. Parallel Testing (Testing)\\TS -PT PART 3\\08 Tag Mass Submit _ Import ref\\20220609_181054\\1654797041584.png]]

2022-06-09 19:50:42 - [TEST_STEP][PASSED] - delay(1): Delayed 1 second(s)

2022-06-09 19:50:43 - [MESSAGE][PASSED] - Delayed 1 second(s)

2022-06-09 19:50:43 - [TEST_STEP][PASSED] - click(findTestObject("1. Constant/xpath", ["xpath":"/html/body/div[1]/div[2]/div[4]/div[3]/div/div[2]/div[1]/div[2]/span/div[2]/div/a[3]"])): Object: 'Object Repository/1. Constant/xpath' is clicked on

2022-06-09 19:50:43 - [MESSAGE][PASSED] - Object: 'Object Repository/1. Constant/xpath' is clicked on

2022-06-09 19:50:43 - [TEST_STEP][PASSED] - takeScreenshot(): Taking screenshot successfully

2022-06-09 19:50:43 - [MESSAGE][PASSED] - Taking screenshot successfully
[[ATTACHMENT|D:\\Projet Test Auto\\Mediabox Test Automation\\Reports\\20220609_181011\\03. Parallel Testing (Testing)\\TS -PT PART 3\\08 Tag Mass Submit _ Import ref\\20220609_181054\\1654797043597.png]]

2022-06-09 19:50:43 - [TEST_STEP][PASSED] - delay(1): Delayed 1 second(s)

2022-06-09 19:50:44 - [MESSAGE][PASSED] - Delayed 1 second(s)

2022-06-09 19:50:44 - [TEST_STEP][PASSED] - check(findTestObject("1. Constant/xpath", ["xpath":"/html/body/div[1]/div[2]/div[4]/div[3]/div/div[2]/div[2]/div[1]/table/thead/tr/th[1]/label"])): Object 'Object Repository/1. Constant/xpath' is checked

2022-06-09 19:50:45 - [MESSAGE][PASSED] - Object 'Object Repository/1. Constant/xpath' is checked

2022-06-09 19:50:45 - [TEST_STEP][PASSED] - click(findTestObject("1. Constant/xpath", ["xpath":"//*[@id="action_btnMassSubmit"]"])): Object: 'Object Repository/1. Constant/xpath' is clicked on

2022-06-09 19:50:45 - [MESSAGE][PASSED] - Object: 'Object Repository/1. Constant/xpath' is clicked on

2022-06-09 19:50:45 - [TEST_STEP][PASSED] - takeScreenshot(): Taking screenshot successfully

2022-06-09 19:50:45 - [MESSAGE][PASSED] - Taking screenshot successfully
[[ATTACHMENT|D:\\Projet Test Auto\\Mediabox Test Automation\\Reports\\20220609_181011\\03. Parallel Testing (Testing)\\TS -PT PART 3\\08 Tag Mass Submit _ Import ref\\20220609_181054\\1654797045632.png]]

2022-06-09 19:50:45 - [TEST_STEP][PASSED] - click(findTestObject("1. Constant/xpath", ["xpath":"//*[@id="btn_submit_mass_submit"]"])): Object: 'Object Repository/1. Constant/xpath' is clicked on

2022-06-09 19:50:53 - [MESSAGE][PASSED] - Object: 'Object Repository/1. Constant/xpath' is clicked on

2022-06-09 19:50:53 - [TEST_STEP][PASSED] - takeScreenshot(): Taking screenshot successfully

2022-06-09 19:50:54 - [MESSAGE][PASSED] - Taking screenshot successfully
[[ATTACHMENT|D:\\Projet Test Auto\\Mediabox Test Automation\\Reports\\20220609_181011\\03. Parallel Testing (Testing)\\TS -PT PART 3\\08 Tag Mass Submit _ Import ref\\20220609_181054\\1654797053606.png]]

2022-06-09 19:50:54 - [TEST_STEP][PASSED] - delay(2): Delayed 2 second(s)

2022-06-09 19:50:56 - [MESSAGE][PASSED] - Delayed 2 second(s)

2022-06-09 19:50:56 - [TEST_STEP][PASSED] - setText(findTestObject("1. Constant/xpath", ["xpath":"//*[@id="fiche_filter_keywords14"]"]), "MKT_PART_1"): Text 'MKT_PART_1' is set on object 'Object Repository/1. Constant/xpath'

2022-06-09 19:50:57 - [MESSAGE][PASSED] - Text 'MKT_PART_1' is set on object 'Object Repository/1. Constant/xpath'

2022-06-09 19:50:57 - [TEST_STEP][PASSED] - delay(2): Delayed 2 second(s)

2022-06-09 19:50:59 - [MESSAGE][PASSED] - Delayed 2 second(s)

2022-06-09 19:50:59 - [TEST_STEP][PASSED] - click(findTestObject("1. Constant/xpath", ["xpath":"//*[@id="form_filters"]/div[10]/button"])): Object: 'Object Repository/1. Constant/xpath' is clicked on

2022-06-09 19:51:03 - [MESSAGE][PASSED] - Object: 'Object Repository/1. Constant/xpath' is clicked on

2022-06-09 19:51:03 - [TEST_STEP][PASSED] - delay(2): Delayed 2 second(s)

2022-06-09 19:51:05 - [MESSAGE][PASSED] - Delayed 2 second(s)

2022-06-09 19:51:05 - [TEST_STEP][PASSED] - click(findTestObject("1. Constant/xpath", ["xpath":"/html/body/div[1]/div[2]/div[4]/div[3]/div/div[2]/div[2]/div[1]/table/tbody/tr/td[15]/a[2]"])): Object: 'Object Repository/1. Constant/xpath' is clicked on

2022-06-09 19:51:10 - [MESSAGE][PASSED] - Object: 'Object Repository/1. Constant/xpath' is clicked on

2022-06-09 19:51:10 - [TEST_STEP][PASSED] - delay(1): Delayed 1 second(s)

2022-06-09 19:51:11 - [MESSAGE][PASSED] - Delayed 1 second(s)

2022-06-09 19:51:11 - [TEST_STEP][PASSED] - takeScreenshot(): Taking screenshot successfully

2022-06-09 19:51:11 - [MESSAGE][PASSED] - Taking screenshot successfully
[[ATTACHMENT|D:\\Projet Test Auto\\Mediabox Test Automation\\Reports\\20220609_181011\\03. Parallel Testing (Testing)\\TS -PT PART 3\\08 Tag Mass Submit _ Import ref\\20220609_181054\\1654797071317.png]]

2022-06-09 19:51:11 - [TEST_STEP][PASSED] - I.Pagedown(): Execute JavaScript 'window.scrollTo(0, document.body.scrollHeight)' successfully

2022-06-09 19:51:11 - [MESSAGE][PASSED] - Execute JavaScript 'window.scrollTo(0, document.body.scrollHeight)' successfully

2022-06-09 19:51:11 - [TEST_STEP][PASSED] - selectOptionByValue(findTestObject("1. Constant/xpath", ["xpath":"//*[@id="var_48"]"]), "64", false): All options with value '64' are selected in object 'Object Repository/1. Constant/xpath' 

2022-06-09 19:51:12 - [MESSAGE][PASSED] - All options with value '64' are selected in object 'Object Repository/1. Constant/xpath' 

2022-06-09 19:51:12 - [TEST_STEP][PASSED] - click(findTestObject("1. Constant/xpath", ["xpath":"//*[@id="ModifFiche"]/div[3]/div/button"])): Object: 'Object Repository/1. Constant/xpath' is clicked on

2022-06-09 19:51:16 - [MESSAGE][PASSED] - Object: 'Object Repository/1. Constant/xpath' is clicked on

2022-06-09 19:51:16 - [TEST_STEP][PASSED] - takeScreenshot(): Taking screenshot successfully

2022-06-09 19:51:16 - [MESSAGE][PASSED] - Taking screenshot successfully
[[ATTACHMENT|D:\\Projet Test Auto\\Mediabox Test Automation\\Reports\\20220609_181011\\03. Parallel Testing (Testing)\\TS -PT PART 3\\08 Tag Mass Submit _ Import ref\\20220609_181054\\1654797076532.png]]

2022-06-09 19:51:16 - [TEST_STEP][PASSED] - setText(findTestObject("1. Constant/xpath", ["xpath":"//*[@id="fiche_filter_keywords14"]"]), "MKT_PART_2"): Text 'MKT_PART_2' is set on object 'Object Repository/1. Constant/xpath'

2022-06-09 19:51:18 - [MESSAGE][PASSED] - Text 'MKT_PART_2' is set on object 'Object Repository/1. Constant/xpath'

2022-06-09 19:51:18 - [TEST_STEP][PASSED] - delay(2): Delayed 2 second(s)

2022-06-09 19:51:20 - [MESSAGE][PASSED] - Delayed 2 second(s)

2022-06-09 19:51:20 - [TEST_STEP][PASSED] - click(findTestObject("1. Constant/xpath", ["xpath":"//*[@id="form_filters"]/div[10]/button"])): Object: 'Object Repository/1. Constant/xpath' is clicked on

2022-06-09 19:51:23 - [MESSAGE][PASSED] - Object: 'Object Repository/1. Constant/xpath' is clicked on

2022-06-09 19:51:23 - [TEST_STEP][PASSED] - delay(2): Delayed 2 second(s)

2022-06-09 19:51:25 - [MESSAGE][PASSED] - Delayed 2 second(s)

2022-06-09 19:51:25 - [TEST_STEP][PASSED] - click(findTestObject("1. Constant/xpath", ["xpath":"/html/body/div[1]/div[2]/div[4]/div[3]/div/div[2]/div[2]/div[1]/table/tbody/tr/td[15]/a[2]"])): Object: 'Object Repository/1. Constant/xpath' is clicked on

2022-06-09 19:51:30 - [MESSAGE][PASSED] - Object: 'Object Repository/1. Constant/xpath' is clicked on

2022-06-09 19:51:30 - [TEST_STEP][PASSED] - delay(1): Delayed 1 second(s)

2022-06-09 19:51:31 - [MESSAGE][PASSED] - Delayed 1 second(s)

2022-06-09 19:51:31 - [TEST_STEP][PASSED] - takeScreenshot(): Taking screenshot successfully

2022-06-09 19:51:32 - [MESSAGE][PASSED] - Taking screenshot successfully
[[ATTACHMENT|D:\\Projet Test Auto\\Mediabox Test Automation\\Reports\\20220609_181011\\03. Parallel Testing (Testing)\\TS -PT PART 3\\08 Tag Mass Submit _ Import ref\\20220609_181054\\1654797091638.png]]

2022-06-09 19:51:32 - [TEST_STEP][PASSED] - I.Pagedown(): Execute JavaScript 'window.scrollTo(0, document.body.scrollHeight)' successfully

2022-06-09 19:51:32 - [MESSAGE][PASSED] - Execute JavaScript 'window.scrollTo(0, document.body.scrollHeight)' successfully

2022-06-09 19:51:32 - [TEST_STEP][PASSED] - selectOptionByValue(findTestObject("1. Constant/xpath", ["xpath":"//*[@id="var_48"]"]), "64", false): All options with value '64' are selected in object 'Object Repository/1. Constant/xpath' 

2022-06-09 19:51:32 - [MESSAGE][PASSED] - All options with value '64' are selected in object 'Object Repository/1. Constant/xpath' 

2022-06-09 19:51:32 - [TEST_STEP][PASSED] - click(findTestObject("1. Constant/xpath", ["xpath":"//*[@id="ModifFiche"]/div[3]/div/button"])): Object: 'Object Repository/1. Constant/xpath' is clicked on

2022-06-09 19:51:38 - [MESSAGE][PASSED] - Object: 'Object Repository/1. Constant/xpath' is clicked on

2022-06-09 19:51:38 - [TEST_STEP][PASSED] - delay(2): Delayed 2 second(s)

2022-06-09 19:51:40 - [MESSAGE][PASSED] - Delayed 2 second(s)

2022-06-09 19:51:40 - [TEST_STEP][PASSED] - click(findTestObject("1. Constant/xpath", ["xpath":"//*[@id="form_filters"]/div[10]/a[2]"])): Object: 'Object Repository/1. Constant/xpath' is clicked on

2022-06-09 19:51:43 - [MESSAGE][PASSED] - Object: 'Object Repository/1. Constant/xpath' is clicked on

2022-06-09 19:51:43 - [TEST_STEP][PASSED] - click(findTestObject("1. Constant/xpath", ["xpath":"/html/body/div[1]/div[2]/div[4]/div[3]/div/div[2]/div[1]/div[2]/span/div[2]/button"])): Object: 'Object Repository/1. Constant/xpath' is clicked on

2022-06-09 19:51:44 - [MESSAGE][PASSED] - Object: 'Object Repository/1. Constant/xpath' is clicked on

2022-06-09 19:51:44 - [TEST_STEP][PASSED] - takeScreenshot(): Taking screenshot successfully

2022-06-09 19:51:44 - [MESSAGE][PASSED] - Taking screenshot successfully
[[ATTACHMENT|D:\\Projet Test Auto\\Mediabox Test Automation\\Reports\\20220609_181011\\03. Parallel Testing (Testing)\\TS -PT PART 3\\08 Tag Mass Submit _ Import ref\\20220609_181054\\1654797104150.png]]

2022-06-09 19:51:44 - [TEST_STEP][PASSED] - delay(1): Delayed 1 second(s)

2022-06-09 19:51:45 - [MESSAGE][PASSED] - Delayed 1 second(s)

2022-06-09 19:51:45 - [TEST_STEP][PASSED] - click(findTestObject("1. Constant/xpath", ["xpath":"/html/body/div[1]/div[2]/div[4]/div[3]/div/div[2]/div[1]/div[2]/span/div[2]/div/a[1]"])): Object: 'Object Repository/1. Constant/xpath' is clicked on

2022-06-09 19:51:47 - [MESSAGE][PASSED] - Object: 'Object Repository/1. Constant/xpath' is clicked on

2022-06-09 19:51:47 - [TEST_STEP][PASSED] - takeScreenshot(): Taking screenshot successfully

2022-06-09 19:51:47 - [MESSAGE][PASSED] - Taking screenshot successfully
[[ATTACHMENT|D:\\Projet Test Auto\\Mediabox Test Automation\\Reports\\20220609_181011\\03. Parallel Testing (Testing)\\TS -PT PART 3\\08 Tag Mass Submit _ Import ref\\20220609_181054\\1654797107479.png]]

2022-06-09 19:51:47 - [TEST_STEP][PASSED] - delay(1): Delayed 1 second(s)

2022-06-09 19:51:48 - [MESSAGE][PASSED] - Delayed 1 second(s)

2022-06-09 19:51:48 - [TEST_STEP][PASSED] - check(findTestObject("1. Constant/xpath", ["xpath":"//*[@id="source_"]/th[1]/label"])): Object 'Object Repository/1. Constant/xpath' is checked

2022-06-09 19:51:49 - [MESSAGE][PASSED] - Object 'Object Repository/1. Constant/xpath' is checked

2022-06-09 19:51:49 - [TEST_STEP][PASSED] - click(findTestObject("1. Constant/xpath", ["xpath":"//*[@id="action_btnMassSubmit"]"])): Object: 'Object Repository/1. Constant/xpath' is clicked on

2022-06-09 19:51:51 - [MESSAGE][PASSED] - Object: 'Object Repository/1. Constant/xpath' is clicked on

2022-06-09 19:51:51 - [TEST_STEP][PASSED] - takeScreenshot(): Taking screenshot successfully

2022-06-09 19:51:51 - [MESSAGE][PASSED] - Taking screenshot successfully
[[ATTACHMENT|D:\\Projet Test Auto\\Mediabox Test Automation\\Reports\\20220609_181011\\03. Parallel Testing (Testing)\\TS -PT PART 3\\08 Tag Mass Submit _ Import ref\\20220609_181054\\1654797111146.png]]

2022-06-09 19:51:51 - [TEST_STEP][PASSED] - click(findTestObject("1. Constant/xpath", ["xpath":"//*[@id="btn_submit_mass_submit"]"])): Object: 'Object Repository/1. Constant/xpath' is clicked on

2022-06-09 19:51:56 - [MESSAGE][PASSED] - Object: 'Object Repository/1. Constant/xpath' is clicked on

2022-06-09 19:51:56 - [TEST_STEP][PASSED] - Actual_text3 = getText(findTestObject("1. Constant/xpath", ["xpath":"/html/body/div[1]/div[2]/div[4]/div[3]/div/div[2]/div[2]/div[1]/table/tbody/tr[1]/td[12]/span[1]"])): Text of object 'Object Repository/1. Constant/xpath' is: 'DMI: Brief completion'

2022-06-09 19:51:57 - [MESSAGE][PASSED] - Text of object 'Object Repository/1. Constant/xpath' is: 'DMI: Brief completion'

2022-06-09 19:51:57 - [TEST_STEP][PASSED] - I.print(Actual_text3): null

2022-06-09 19:51:57 - [TEST_STEP][PASSED] - verifyMatch(Actual_text3, "DMI: Brief completion", false): Actual text 'DMI: Brief completion' and expected text 'DMI: Brief completion' are matched 

2022-06-09 19:51:57 - [MESSAGE][PASSED] - Actual text 'DMI: Brief completion' and expected text 'DMI: Brief completion' are matched 

2022-06-09 19:51:57 - [TEST_STEP][PASSED] - Actual_text4 = getText(findTestObject("1. Constant/xpath", ["xpath":"/html/body/div[1]/div[2]/div[4]/div[3]/div/div[2]/div[2]/div[1]/table/tbody/tr[2]/td[12]"])): Text of object 'Object Repository/1. Constant/xpath' is: 'C&A: Brief completion'

2022-06-09 19:51:57 - [MESSAGE][PASSED] - Text of object 'Object Repository/1. Constant/xpath' is: 'C&A: Brief completion'

2022-06-09 19:51:57 - [TEST_STEP][PASSED] - I.print(Actual_text4): null

2022-06-09 19:51:57 - [TEST_STEP][PASSED] - verifyMatch(Actual_text4, "C&A: Brief completion", false): Actual text 'C&A: Brief completion' and expected text 'C&A: Brief completion' are matched 

2022-06-09 19:51:57 - [MESSAGE][PASSED] - Actual text 'C&A: Brief completion' and expected text 'C&A: Brief completion' are matched 

2022-06-09 19:51:57 - [TEST_STEP][PASSED] - closeBrowser(): Browser is closed

2022-06-09 19:51:58 - [MESSAGE][PASSED] - Browser is closed

2022-06-09 19:51:58 - [TEST_STEP][PASSED] - Start listener action : sampleAfterTestCase: null]]></system-out>
         <system-err><![CDATA[]]></system-err>
      </testcase>
      <testcase name="Test Cases/06. Tag _ Dreyers _ NPP Mass Submit/6.02 Tag_MassSubmit_UX_ControlTag(ref) Existing P" time="158.221" classname="Test Cases/06. Tag _ Dreyers _ NPP Mass Submit/6.02 Tag_MassSubmit_UX_ControlTag(ref) Existing P" status="PASSED">
         <system-out><![CDATA[2022-06-09 19:51:58 - [TEST_CASE][PASSED] - Test Cases/06. Tag _ Dreyers _ NPP Mass Submit/6.02 Tag_MassSubmit_UX_ControlTag(ref) Existing P: Test Cases/06. Tag _ Dreyers _ NPP Mass Submit/6.02 Tag_MassSubmit_UX_ControlTag(ref) Existing P

2022-06-09 19:51:59 - [TEST_STEP][PASSED] - data_Tag = findTestData("Data Files/Username_Password/Tag"): null

2022-06-09 19:51:59 - [TEST_STEP][PASSED] - password_jedun = data_Tag.getValue(3, 1): null

2022-06-09 19:51:59 - [TEST_STEP][PASSED] - password_rrowland = data_Tag.getValue(3, 2): null

2022-06-09 19:51:59 - [TEST_STEP][PASSED] - password_stest = data_Tag.getValue(3, 3): null

2022-06-09 19:51:59 - [TEST_STEP][PASSED] - password_itroin = data_Tag.getValue(3, 4): null

2022-06-09 19:51:59 - [TEST_STEP][PASSED] - password_igedik = data_Tag.getValue(3, 5): null

2022-06-09 19:51:59 - [TEST_STEP][PASSED] - password_mderdour = data_Tag.getValue(3, 6): null

2022-06-09 19:51:59 - [TEST_STEP][PASSED] - password_achatin = data_Tag.getValue(3, 7): null

2022-06-09 19:51:59 - [TEST_STEP][PASSED] - password_tliu = data_Tag.getValue(3, 8): null

2022-06-09 19:51:59 - [TEST_STEP][PASSED] - password_ccaramella = data_Tag.getValue(3, 9): null

2022-06-09 19:51:59 - [TEST_STEP][PASSED] - password_achay = data_Tag.getValue(3, 10): null

2022-06-09 19:51:59 - [TEST_STEP][PASSED] - password_cbono = data_Tag.getValue(3, 11): null

2022-06-09 19:51:59 - [TEST_STEP][PASSED] - password_pmareri = data_Tag.getValue(3, 12): null

2022-06-09 19:51:59 - [TEST_STEP][PASSED] - password_qeuzen = data_Tag.getValue(3, 13): null

2022-06-09 19:51:59 - [TEST_STEP][PASSED] - password_alanglois = data_Tag.getValue(3, 14): null

2022-06-09 19:51:59 - [TEST_STEP][PASSED] - password_bde_villeneuve = data_Tag.getValue(3, 15): null

2022-06-09 19:51:59 - [TEST_STEP][PASSED] - password_scai = data_Tag.getValue(3, 16): null

2022-06-09 19:51:59 - [TEST_STEP][PASSED] - data_urlRELAUTO = findTestData("Data Files/URL/URL_relauto"): null

2022-06-09 19:51:59 - [TEST_STEP][PASSED] - Url_Tag = data_urlRELAUTO.getValue(2, 3): null

2022-06-09 19:51:59 - [TEST_STEP][PASSED] - Project_No = "MI003388": null

2022-06-09 19:51:59 - [TEST_STEP][PASSED] - refID1 = "24280": null

2022-06-09 19:51:59 - [TEST_STEP][PASSED] - openBrowser(Url_Tag): Browser is opened with url: 'http://mdb-release.diadeis.lan/MediaboxIndependence/?MBI_datasource=RELTESTAUTO_TAG'

2022-06-09 19:51:59 - [MESSAGE][INFO] - Starting 'Chrome (headless)' driver

2022-06-09 19:51:59 - [MESSAGE][INFO] - User set preference: ['args', '[--window-size=1920,1080, --headless]']

2022-06-09 19:51:59 - [MESSAGE][INFO] - Action delay is set to 0 milliseconds

2022-06-09 19:52:08 - [MESSAGE][PASSED] - Browser is opened with url: 'http://mdb-release.diadeis.lan/MediaboxIndependence/?MBI_datasource=RELTESTAUTO_TAG'

2022-06-09 19:52:08 - [TEST_STEP][PASSED] - maximizeWindow(): Current window maximized

2022-06-09 19:52:08 - [MESSAGE][PASSED] - Current window maximized

2022-06-09 19:52:08 - [TEST_STEP][PASSED] - waitForPageLoad(30): Wait for page load successfully

2022-06-09 19:52:08 - [MESSAGE][PASSED] - Wait for page load successfully

2022-06-09 19:52:08 - [TEST_STEP][PASSED] - takeScreenshot(): Taking screenshot successfully

2022-06-09 19:52:08 - [MESSAGE][PASSED] - Taking screenshot successfully
[[ATTACHMENT|D:\\Projet Test Auto\\Mediabox Test Automation\\Reports\\20220609_181011\\03. Parallel Testing (Testing)\\TS -PT PART 3\\08 Tag Mass Submit _ Import ref\\20220609_181054\\1654797128282.png]]

2022-06-09 19:52:08 - [TEST_STEP][PASSED] - I.Login_password("scai", password_scai): Object: 'Object Repository/1. Constant/xpath' is clicked on

2022-06-09 19:52:08 - [MESSAGE][PASSED] - Text 'scai' is set on object 'Object Repository/1. Constant/xpath'

2022-06-09 19:52:09 - [MESSAGE][PASSED] - Delayed 1 second(s)

2022-06-09 19:52:10 - [MESSAGE][PASSED] - Text 'dchi' is set on object 'Object Repository/1. Constant/xpath'

2022-06-09 19:52:11 - [MESSAGE][PASSED] - Delayed 1 second(s)

2022-06-09 19:52:22 - [MESSAGE][PASSED] - Object: 'Object Repository/1. Constant/xpath' is clicked on

2022-06-09 19:52:22 - [TEST_STEP][PASSED] - "VErify no of task": null

2022-06-09 19:52:22 - [TEST_STEP][PASSED] - task1 = getText(findTestObject("1. Constant/xpath", ["xpath":"//*[@id="kt_header"]/div/div[2]/div[1]/div[1]/span"])): Text of object 'Object Repository/1. Constant/xpath' is: '26'

2022-06-09 19:52:22 - [MESSAGE][PASSED] - Text of object 'Object Repository/1. Constant/xpath' is: '26'

2022-06-09 19:52:22 - [TEST_STEP][PASSED] - click(findTestObject("1. Constant/xpath", ["xpath":"//*[@id="kt_header"]/div/div[2]/div[1]/div[1]/div"])): Object: 'Object Repository/1. Constant/xpath' is clicked on

2022-06-09 19:52:22 - [MESSAGE][PASSED] - Object: 'Object Repository/1. Constant/xpath' is clicked on

2022-06-09 19:52:22 - [TEST_STEP][PASSED] - delay(1): Delayed 1 second(s)

2022-06-09 19:52:23 - [MESSAGE][PASSED] - Delayed 1 second(s)

2022-06-09 19:52:23 - [TEST_STEP][PASSED] - click(findTestObject("1. Constant/xpath", ["xpath":"/html/body/div[1]/div[2]/div[1]/div/div[2]/div[1]/div[2]/form/div[2]/a/div[2]/span[1]"])): Object: 'Object Repository/1. Constant/xpath' is clicked on

2022-06-09 19:52:30 - [MESSAGE][PASSED] - Object: 'Object Repository/1. Constant/xpath' is clicked on

2022-06-09 19:52:30 - [TEST_STEP][PASSED] - delay(1): Delayed 1 second(s)

2022-06-09 19:52:31 - [MESSAGE][PASSED] - Delayed 1 second(s)

2022-06-09 19:52:31 - [TEST_STEP][PASSED] - verifyTextPresent(Project_No, false): Text 'MI003388' is present on page 

2022-06-09 19:52:32 - [MESSAGE][PASSED] - Text 'MI003388' is present on page 

2022-06-09 19:52:32 - [TEST_STEP][PASSED] - takeScreenshot(): Taking screenshot successfully

2022-06-09 19:52:33 - [MESSAGE][PASSED] - Taking screenshot successfully
[[ATTACHMENT|D:\\Projet Test Auto\\Mediabox Test Automation\\Reports\\20220609_181011\\03. Parallel Testing (Testing)\\TS -PT PART 3\\08 Tag Mass Submit _ Import ref\\20220609_181054\\1654797152819.png]]

2022-06-09 19:52:33 - [TEST_STEP][PASSED] - mouseOver(findTestObject("1. Constant/xpath", ["xpath":"//*[@id="kt_content"]/div[3]/div/div[2]/div[1]/div[2]/span/div[2]/button"])): Object: 'Object Repository/1. Constant/xpath' is hovered

2022-06-09 19:52:33 - [MESSAGE][PASSED] - Object: 'Object Repository/1. Constant/xpath' is hovered

2022-06-09 19:52:33 - [TEST_STEP][PASSED] - delay(1): Delayed 1 second(s)

2022-06-09 19:52:34 - [MESSAGE][PASSED] - Delayed 1 second(s)

2022-06-09 19:52:34 - [TEST_STEP][PASSED] - Actual_tooltip_masssubmit = getText(findTestObject("1. Constant/xpath", ["xpath":"/html/body/div[9]/div[2]"])): Text of object 'Object Repository/1. Constant/xpath' is: 'Mass-submit'

2022-06-09 19:52:35 - [MESSAGE][PASSED] - Text of object 'Object Repository/1. Constant/xpath' is: 'Mass-submit'

2022-06-09 19:52:35 - [TEST_STEP][PASSED] - verifyMatch(Actual_tooltip_masssubmit, "Mass-submit", false): Actual text 'Mass-submit' and expected text 'Mass-submit' are matched 

2022-06-09 19:52:35 - [MESSAGE][PASSED] - Actual text 'Mass-submit' and expected text 'Mass-submit' are matched 

2022-06-09 19:52:35 - [TEST_STEP][PASSED] - delay(1): Delayed 1 second(s)

2022-06-09 19:52:36 - [MESSAGE][PASSED] - Delayed 1 second(s)

2022-06-09 19:52:36 - [TEST_STEP][PASSED] - click(findTestObject("1. Constant/xpath", ["xpath":"//*[@id="kt_content"]/div[3]/div/div[2]/div[1]/div[2]/span/div[2]/button"])): Object: 'Object Repository/1. Constant/xpath' is clicked on

2022-06-09 19:52:36 - [MESSAGE][PASSED] - Object: 'Object Repository/1. Constant/xpath' is clicked on

2022-06-09 19:52:36 - [TEST_STEP][PASSED] - delay(2): Delayed 2 second(s)

2022-06-09 19:52:38 - [MESSAGE][PASSED] - Delayed 2 second(s)

2022-06-09 19:52:38 - [TEST_STEP][PASSED] - click(findTestObject("1. Constant/xpath", ["xpath":"/html/body/div[1]/div[2]/div[4]/div[3]/div/div[2]/div[1]/div[2]/span/div[2]/div/a[2]"])): Object: 'Object Repository/1. Constant/xpath' is clicked on

2022-06-09 19:52:39 - [MESSAGE][PASSED] - Object: 'Object Repository/1. Constant/xpath' is clicked on

2022-06-09 19:52:39 - [TEST_STEP][PASSED] - delay(2): Delayed 2 second(s)

2022-06-09 19:52:41 - [MESSAGE][PASSED] - Delayed 2 second(s)

2022-06-09 19:52:41 - [TEST_STEP][PASSED] - Actual_diasable = getAttribute(findTestObject("1. Constant/xpath", ["xpath":"//*[@id="allRefs"]"]), "disabled"): Attribute 'disabled' of object 'Object Repository/1. Constant/xpath' is: 'true'

2022-06-09 19:52:41 - [MESSAGE][PASSED] - Attribute 'disabled' of object 'Object Repository/1. Constant/xpath' is: 'true'

2022-06-09 19:52:41 - [TEST_STEP][PASSED] - verifyMatch(Actual_diasable, "true", false): Actual text 'true' and expected text 'true' are matched 

2022-06-09 19:52:41 - [MESSAGE][PASSED] - Actual text 'true' and expected text 'true' are matched 

2022-06-09 19:52:41 - [TEST_STEP][PASSED] - Actual_ban = getAttribute(findTestObject("1. Constant/xpath", ["xpath":"//*[@id="source_24280"]/td[1]/i"]), "class"): Attribute 'class' of object 'Object Repository/1. Constant/xpath' is: 'fas fa-ban temp-ban'

2022-06-09 19:52:41 - [MESSAGE][PASSED] - Attribute 'class' of object 'Object Repository/1. Constant/xpath' is: 'fas fa-ban temp-ban'

2022-06-09 19:52:41 - [TEST_STEP][PASSED] - verifyMatch(Actual_ban, "fas fa-ban temp-ban", false): Actual text 'fas fa-ban temp-ban' and expected text 'fas fa-ban temp-ban' are matched 

2022-06-09 19:52:41 - [MESSAGE][PASSED] - Actual text 'fas fa-ban temp-ban' and expected text 'fas fa-ban temp-ban' are matched 

2022-06-09 19:52:41 - [TEST_STEP][PASSED] - mouseOver(findTestObject("1. Constant/xpath", ["xpath":"//*[@id="source_" + refID1 + ""]/td[1]/i"])): Object: 'Object Repository/1. Constant/xpath' is hovered

2022-06-09 19:52:42 - [MESSAGE][PASSED] - Object: 'Object Repository/1. Constant/xpath' is hovered

2022-06-09 19:52:42 - [TEST_STEP][PASSED] - takeScreenshot(): Taking screenshot successfully

2022-06-09 19:52:42 - [MESSAGE][PASSED] - Taking screenshot successfully
[[ATTACHMENT|D:\\Projet Test Auto\\Mediabox Test Automation\\Reports\\20220609_181011\\03. Parallel Testing (Testing)\\TS -PT PART 3\\08 Tag Mass Submit _ Import ref\\20220609_181054\\1654797162226.png]]

2022-06-09 19:52:42 - [TEST_STEP][PASSED] - err1 = getText(findTestObject("1. Constant/xpath", ["xpath":"/html/body/div[9]/div[2]"])): Text of object 'Object Repository/1. Constant/xpath' is: 'One of the conditions is not met to submit this reference'

2022-06-09 19:52:42 - [MESSAGE][PASSED] - Text of object 'Object Repository/1. Constant/xpath' is: 'One of the conditions is not met to submit this reference'

2022-06-09 19:52:42 - [TEST_STEP][PASSED] - verifyMatch(err1, "One of the conditions is not met to submit this reference", false): Actual text 'One of the conditions is not met to submit this reference' and expected text 'One of the conditions is not met to submit this reference' are matched 

2022-06-09 19:52:42 - [MESSAGE][PASSED] - Actual text 'One of the conditions is not met to submit this reference' and expected text 'One of the conditions is not met to submit this reference' are matched 

2022-06-09 19:52:42 - [TEST_STEP][PASSED] - msg1 = getText(findTestObject("1. Constant/xpath", ["xpath":"//*[@id="kt_content"]/div[3]/div/div[2]/div[1]/div[2]/span/span[2]"])): Text of object 'Object Repository/1. Constant/xpath' is: ' Please select at least one reference to validate or'

2022-06-09 19:52:42 - [MESSAGE][PASSED] - Text of object 'Object Repository/1. Constant/xpath' is: ' Please select at least one reference to validate or'

2022-06-09 19:52:42 - [TEST_STEP][PASSED] - verifyMatch(msg1, " Please select at least one reference to validate or", false): Actual text ' Please select at least one reference to validate or' and expected text ' Please select at least one reference to validate or' are matched 

2022-06-09 19:52:42 - [MESSAGE][PASSED] - Actual text ' Please select at least one reference to validate or' and expected text ' Please select at least one reference to validate or' are matched 

2022-06-09 19:52:42 - [TEST_STEP][PASSED] - button_verify1 = getText(findTestObject("1. Constant/xpath", ["xpath":"//*[@id="action_btnMassSubmit"]"])): Text of object 'Object Repository/1. Constant/xpath' is: 'Confirm selection'

2022-06-09 19:52:43 - [MESSAGE][PASSED] - Text of object 'Object Repository/1. Constant/xpath' is: 'Confirm selection'

2022-06-09 19:52:43 - [TEST_STEP][PASSED] - verifyMatch(button_verify1, "Confirm selection", false): Actual text 'Confirm selection' and expected text 'Confirm selection' are matched 

2022-06-09 19:52:43 - [MESSAGE][PASSED] - Actual text 'Confirm selection' and expected text 'Confirm selection' are matched 

2022-06-09 19:52:43 - [TEST_STEP][PASSED] - click(findTestObject("1. Constant/xpath", ["xpath":"//*[@id="kt_content"]/div[3]/div/div[2]/div[1]/div[2]/span/button[2]"])): Object: 'Object Repository/1. Constant/xpath' is clicked on

2022-06-09 19:52:43 - [MESSAGE][PASSED] - Object: 'Object Repository/1. Constant/xpath' is clicked on

2022-06-09 19:52:43 - [TEST_STEP][PASSED] - takeScreenshot(): Taking screenshot successfully

2022-06-09 19:52:43 - [MESSAGE][PASSED] - Taking screenshot successfully
[[ATTACHMENT|D:\\Projet Test Auto\\Mediabox Test Automation\\Reports\\20220609_181011\\03. Parallel Testing (Testing)\\TS -PT PART 3\\08 Tag Mass Submit _ Import ref\\20220609_181054\\1654797163636.png]]

2022-06-09 19:52:43 - [TEST_STEP][PASSED] - click(findTestObject("1. Constant/xpath", ["xpath":"//*[@id="kt_content"]/div[3]/div/div[2]/div[1]/div[2]/span/div[2]/button"])): Object: 'Object Repository/1. Constant/xpath' is clicked on

2022-06-09 19:52:44 - [MESSAGE][PASSED] - Object: 'Object Repository/1. Constant/xpath' is clicked on

2022-06-09 19:52:44 - [TEST_STEP][PASSED] - delay(2): Delayed 2 second(s)

2022-06-09 19:52:46 - [MESSAGE][PASSED] - Delayed 2 second(s)

2022-06-09 19:52:46 - [TEST_STEP][PASSED] - click(findTestObject("1. Constant/xpath", ["xpath":"/html/body/div[1]/div[2]/div[4]/div[3]/div/div[2]/div[1]/div[2]/span/div[2]/div/a[3]"])): Object: 'Object Repository/1. Constant/xpath' is clicked on

2022-06-09 19:52:47 - [MESSAGE][PASSED] - Object: 'Object Repository/1. Constant/xpath' is clicked on

2022-06-09 19:52:47 - [TEST_STEP][PASSED] - click(findTestObject("1. Constant/xpath", ["xpath":"//*[@id="source_" + refID1 + ""]/td[1]"])): Object: 'Object Repository/1. Constant/xpath' is clicked on

2022-06-09 19:52:49 - [MESSAGE][PASSED] - Object: 'Object Repository/1. Constant/xpath' is clicked on

2022-06-09 19:52:49 - [TEST_STEP][PASSED] - delay(2): Delayed 2 second(s)

2022-06-09 19:52:51 - [MESSAGE][PASSED] - Delayed 2 second(s)

2022-06-09 19:52:51 - [TEST_STEP][PASSED] - scrollToElement(findTestObject("1. Constant/xpath", ["xpath":"//*[@id="kt_content"]/div[3]/div/div[2]/div[1]/div[1]/h1"]), 5): Scroll to object 'Object Repository/1. Constant/xpath' successfully

2022-06-09 19:52:51 - [MESSAGE][PASSED] - Scroll to object 'Object Repository/1. Constant/xpath' successfully

2022-06-09 19:52:51 - [TEST_STEP][PASSED] - I.click_button_javascript(findTestObject("1. Constant/xpath", ["xpath":"//*[@id="action_btnMassSubmit"]"])): Execute JavaScript 'arguments[0].click()' successfully

2022-06-09 19:52:51 - [MESSAGE][PASSED] - Execute JavaScript 'arguments[0].click()' successfully

2022-06-09 19:52:51 - [TEST_STEP][PASSED] - delay(1): Delayed 1 second(s)

2022-06-09 19:52:52 - [MESSAGE][PASSED] - Delayed 1 second(s)

2022-06-09 19:52:52 - [TEST_STEP][PASSED] - takeScreenshot(): Taking screenshot successfully

2022-06-09 19:52:53 - [MESSAGE][PASSED] - Taking screenshot successfully
[[ATTACHMENT|D:\\Projet Test Auto\\Mediabox Test Automation\\Reports\\20220609_181011\\03. Parallel Testing (Testing)\\TS -PT PART 3\\08 Tag Mass Submit _ Import ref\\20220609_181054\\1654797172850.png]]

2022-06-09 19:52:53 - [TEST_STEP][PASSED] - Actual_Title_masssubmit = getText(findTestObject("1. Constant/xpath", ["xpath":"//*[@id="modal_mass_submit"]/div/div/div[1]"])): Text of object 'Object Repository/1. Constant/xpath' is: 'Mass submit validation'

2022-06-09 19:52:53 - [MESSAGE][PASSED] - Text of object 'Object Repository/1. Constant/xpath' is: 'Mass submit validation'

2022-06-09 19:52:53 - [TEST_STEP][PASSED] - verifyMatch(Actual_Title_masssubmit, "Mass submit validation", false): Actual text 'Mass submit validation' and expected text 'Mass submit validation' are matched 

2022-06-09 19:52:53 - [MESSAGE][PASSED] - Actual text 'Mass submit validation' and expected text 'Mass submit validation' are matched 

2022-06-09 19:52:53 - [TEST_STEP][PASSED] - Actual_Title_card1 = getText(findTestObject("1. Constant/xpath", ["xpath":"//*[@id="card_submitable_references"]/div[1]/div[1]/h3"])): Text of object 'Object Repository/1. Constant/xpath' is: 'List of references ready for submission (0)'

2022-06-09 19:52:53 - [MESSAGE][PASSED] - Text of object 'Object Repository/1. Constant/xpath' is: 'List of references ready for submission (0)'

2022-06-09 19:52:53 - [TEST_STEP][PASSED] - I.print(Actual_Title_card1): null

2022-06-09 19:52:53 - [TEST_STEP][PASSED] - verifyMatch(Actual_Title_card1, "List of references ready for submission (0)", false): Actual text 'List of references ready for submission (0)' and expected text 'List of references ready for submission (0)' are matched 

2022-06-09 19:52:53 - [MESSAGE][PASSED] - Actual text 'List of references ready for submission (0)' and expected text 'List of references ready for submission (0)' are matched 

2022-06-09 19:52:53 - [TEST_STEP][PASSED] - Actual_Title_card2 = getText(findTestObject("1. Constant/xpath", ["xpath":"//*[@id="card_nonsubmitable_references"]/div[1]/div[1]/h3"])): Text of object 'Object Repository/1. Constant/xpath' is: 'List of references with errors (1)'

2022-06-09 19:52:53 - [MESSAGE][PASSED] - Text of object 'Object Repository/1. Constant/xpath' is: 'List of references with errors (1)'

2022-06-09 19:52:53 - [TEST_STEP][PASSED] - I.print(Actual_Title_card2): null

2022-06-09 19:52:53 - [TEST_STEP][PASSED] - verifyMatch(Actual_Title_card2, "List of references with errors (1)", false): Actual text 'List of references with errors (1)' and expected text 'List of references with errors (1)' are matched 

2022-06-09 19:52:53 - [MESSAGE][PASSED] - Actual text 'List of references with errors (1)' and expected text 'List of references with errors (1)' are matched 

2022-06-09 19:52:53 - [TEST_STEP][PASSED] - Actual_Title_msg22 = getText(findTestObject("1. Constant/xpath", ["xpath":"//*[@id="tablecontentNOK"]/table/tbody/tr/td[2]"])): Text of object 'Object Repository/1. Constant/xpath' is: 'Missing mandatory information at reference level'

2022-06-09 19:52:53 - [MESSAGE][PASSED] - Text of object 'Object Repository/1. Constant/xpath' is: 'Missing mandatory information at reference level'

2022-06-09 19:52:53 - [TEST_STEP][PASSED] - I.print(Actual_Title_msg22): null

2022-06-09 19:52:53 - [TEST_STEP][PASSED] - verifyMatch(Actual_Title_msg22, "Missing mandatory information at reference level", false): Actual text 'Missing mandatory information at reference level' and expected text 'Missing mandatory information at reference level' are matched 

2022-06-09 19:52:53 - [MESSAGE][PASSED] - Actual text 'Missing mandatory information at reference level' and expected text 'Missing mandatory information at reference level' are matched 

2022-06-09 19:52:53 - [TEST_STEP][PASSED] - verifyElementNotClickable(findTestObject("1. Constant/xpath", ["xpath":"//*[@id="btn_submit_mass_submit"]"])): Object 'Object Repository/1. Constant/xpath' is NOT clickable

2022-06-09 19:52:53 - [MESSAGE][PASSED] - Object 'Object Repository/1. Constant/xpath' is NOT clickable

2022-06-09 19:52:53 - [TEST_STEP][PASSED] - click(findTestObject("1. Constant/xpath", ["xpath":"//*[@id="modal_mass_submit"]/div/div/div[1]/button"])): Object: 'Object Repository/1. Constant/xpath' is clicked on

2022-06-09 19:52:54 - [MESSAGE][PASSED] - Object: 'Object Repository/1. Constant/xpath' is clicked on

2022-06-09 19:52:54 - [TEST_STEP][PASSED] - delay(1): Delayed 1 second(s)

2022-06-09 19:52:55 - [MESSAGE][PASSED] - Delayed 1 second(s)

2022-06-09 19:52:55 - [TEST_STEP][PASSED] - takeScreenshot(): Taking screenshot successfully

2022-06-09 19:52:55 - [MESSAGE][PASSED] - Taking screenshot successfully
[[ATTACHMENT|D:\\Projet Test Auto\\Mediabox Test Automation\\Reports\\20220609_181011\\03. Parallel Testing (Testing)\\TS -PT PART 3\\08 Tag Mass Submit _ Import ref\\20220609_181054\\1654797175229.png]]

2022-06-09 19:52:55 - [TEST_STEP][PASSED] - verifyElementChecked(findTestObject("1. Constant/xpath", ["xpath":"//*[@id="" + refID1 + ""]"]), 0): Object 'Object Repository/1. Constant/xpath' is checked

2022-06-09 19:52:55 - [MESSAGE][WARNING] - Timeout '0' is invalid. Using default page load timeout: '30'

2022-06-09 19:52:56 - [MESSAGE][PASSED] - Object 'Object Repository/1. Constant/xpath' is checked

2022-06-09 19:52:56 - [TEST_STEP][PASSED] - I.click_button_javascript(findTestObject("1. Constant/xpath", ["xpath":"//*[@id="ancre_24282"]/a[1]"])): Execute JavaScript 'arguments[0].click()' successfully

2022-06-09 19:53:00 - [MESSAGE][PASSED] - Execute JavaScript 'arguments[0].click()' successfully

2022-06-09 19:53:00 - [TEST_STEP][PASSED] - selectOptionByValue(findTestObject("1. Constant/xpath", ["xpath":"//*[@id="var_57"]"]), "134", false): All options with value '134' are selected in object 'Object Repository/1. Constant/xpath' 

2022-06-09 19:53:01 - [MESSAGE][PASSED] - All options with value '134' are selected in object 'Object Repository/1. Constant/xpath' 

2022-06-09 19:53:01 - [TEST_STEP][PASSED] - selectOptionByValue(findTestObject("1. Constant/xpath", ["xpath":"//*[@id="var_28"]"]), "15738", false): All options with value '15738' are selected in object 'Object Repository/1. Constant/xpath' 

2022-06-09 19:53:02 - [MESSAGE][PASSED] - All options with value '15738' are selected in object 'Object Repository/1. Constant/xpath' 

2022-06-09 19:53:02 - [TEST_STEP][PASSED] - setText(findTestObject("1. Constant/xpath", ["xpath":"//*[@id="var_54"]"]), "100"): Text '100' is set on object 'Object Repository/1. Constant/xpath'

2022-06-09 19:53:02 - [MESSAGE][PASSED] - Text '100' is set on object 'Object Repository/1. Constant/xpath'

2022-06-09 19:53:02 - [TEST_STEP][PASSED] - selectOptionByValue(findTestObject("1. Constant/xpath", ["xpath":"//*[@id="var_55"]"]), "122", false): All options with value '122' are selected in object 'Object Repository/1. Constant/xpath' 

2022-06-09 19:53:02 - [MESSAGE][PASSED] - All options with value '122' are selected in object 'Object Repository/1. Constant/xpath' 

2022-06-09 19:53:02 - [TEST_STEP][PASSED] - I.Pagedown(): Execute JavaScript 'window.scrollTo(0, document.body.scrollHeight)' successfully

2022-06-09 19:53:02 - [MESSAGE][PASSED] - Execute JavaScript 'window.scrollTo(0, document.body.scrollHeight)' successfully

2022-06-09 19:53:02 - [TEST_STEP][PASSED] - click(findTestObject("1. Constant/xpath", ["xpath":"//*[@id="ModifFiche"]/div[3]/div/button[1]"])): Object: 'Object Repository/1. Constant/xpath' is clicked on

2022-06-09 19:53:11 - [MESSAGE][PASSED] - Object: 'Object Repository/1. Constant/xpath' is clicked on

2022-06-09 19:53:11 - [TEST_STEP][PASSED] - I.click_button_javascript(findTestObject("1. Constant/xpath", ["xpath":"//*[@id="ancre_24283"]/a[1]"])): Execute JavaScript 'arguments[0].click()' successfully

2022-06-09 19:53:15 - [MESSAGE][PASSED] - Execute JavaScript 'arguments[0].click()' successfully

2022-06-09 19:53:15 - [TEST_STEP][PASSED] - selectOptionByValue(findTestObject("1. Constant/xpath", ["xpath":"//*[@id="var_57"]"]), "134", false): All options with value '134' are selected in object 'Object Repository/1. Constant/xpath' 

2022-06-09 19:53:16 - [MESSAGE][PASSED] - All options with value '134' are selected in object 'Object Repository/1. Constant/xpath' 

2022-06-09 19:53:16 - [TEST_STEP][PASSED] - selectOptionByValue(findTestObject("1. Constant/xpath", ["xpath":"//*[@id="var_28"]"]), "15738", false): All options with value '15738' are selected in object 'Object Repository/1. Constant/xpath' 

2022-06-09 19:53:16 - [MESSAGE][PASSED] - All options with value '15738' are selected in object 'Object Repository/1. Constant/xpath' 

2022-06-09 19:53:16 - [TEST_STEP][PASSED] - setText(findTestObject("1. Constant/xpath", ["xpath":"//*[@id="var_54"]"]), "100"): Text '100' is set on object 'Object Repository/1. Constant/xpath'

2022-06-09 19:53:16 - [MESSAGE][PASSED] - Text '100' is set on object 'Object Repository/1. Constant/xpath'

2022-06-09 19:53:16 - [TEST_STEP][PASSED] - selectOptionByValue(findTestObject("1. Constant/xpath", ["xpath":"//*[@id="var_55"]"]), "122", false): All options with value '122' are selected in object 'Object Repository/1. Constant/xpath' 

2022-06-09 19:53:17 - [MESSAGE][PASSED] - All options with value '122' are selected in object 'Object Repository/1. Constant/xpath' 

2022-06-09 19:53:17 - [TEST_STEP][PASSED] - I.Pagedown(): Execute JavaScript 'window.scrollTo(0, document.body.scrollHeight)' successfully

2022-06-09 19:53:17 - [MESSAGE][PASSED] - Execute JavaScript 'window.scrollTo(0, document.body.scrollHeight)' successfully

2022-06-09 19:53:17 - [TEST_STEP][PASSED] - click(findTestObject("1. Constant/xpath", ["xpath":"//*[@id="ModifFiche"]/div[3]/div/button[1]"])): Object: 'Object Repository/1. Constant/xpath' is clicked on

2022-06-09 19:53:26 - [MESSAGE][PASSED] - Object: 'Object Repository/1. Constant/xpath' is clicked on

2022-06-09 19:53:26 - [TEST_STEP][PASSED] - delay(1): Delayed 1 second(s)

2022-06-09 19:53:27 - [MESSAGE][PASSED] - Delayed 1 second(s)

2022-06-09 19:53:27 - [TEST_STEP][PASSED] - takeScreenshot(): Taking screenshot successfully

2022-06-09 19:53:27 - [MESSAGE][PASSED] - Taking screenshot successfully
[[ATTACHMENT|D:\\Projet Test Auto\\Mediabox Test Automation\\Reports\\20220609_181011\\03. Parallel Testing (Testing)\\TS -PT PART 3\\08 Tag Mass Submit _ Import ref\\20220609_181054\\1654797207144.png]]

2022-06-09 19:53:27 - [TEST_STEP][PASSED] - click(findTestObject("1. Constant/xpath", ["xpath":"//*[@id="kt_content"]/div[3]/div/div[2]/div[1]/div[2]/span/div[2]/button"])): Object: 'Object Repository/1. Constant/xpath' is clicked on

2022-06-09 19:53:28 - [MESSAGE][PASSED] - Object: 'Object Repository/1. Constant/xpath' is clicked on

2022-06-09 19:53:28 - [TEST_STEP][PASSED] - delay(2): Delayed 2 second(s)

2022-06-09 19:53:30 - [MESSAGE][PASSED] - Delayed 2 second(s)

2022-06-09 19:53:30 - [TEST_STEP][PASSED] - click(findTestObject("1. Constant/xpath", ["xpath":"/html/body/div[1]/div[2]/div[4]/div[3]/div/div[2]/div[1]/div[2]/span/div[2]/div/a[3]"])): Object: 'Object Repository/1. Constant/xpath' is clicked on

2022-06-09 19:53:31 - [MESSAGE][PASSED] - Object: 'Object Repository/1. Constant/xpath' is clicked on

2022-06-09 19:53:31 - [TEST_STEP][PASSED] - click(findTestObject("1. Constant/xpath", ["xpath":"//*[@id="source_"]/th[1]"])): Object: 'Object Repository/1. Constant/xpath' is clicked on

2022-06-09 19:53:32 - [MESSAGE][PASSED] - Object: 'Object Repository/1. Constant/xpath' is clicked on

2022-06-09 19:53:32 - [TEST_STEP][PASSED] - click(findTestObject("1. Constant/xpath", ["xpath":"//*[@id="action_btnMassSubmit"]"])): Object: 'Object Repository/1. Constant/xpath' is clicked on

2022-06-09 19:53:34 - [MESSAGE][PASSED] - Object: 'Object Repository/1. Constant/xpath' is clicked on

2022-06-09 19:53:34 - [TEST_STEP][PASSED] - delay(1): Delayed 1 second(s)

2022-06-09 19:53:35 - [MESSAGE][PASSED] - Delayed 1 second(s)

2022-06-09 19:53:35 - [TEST_STEP][PASSED] - takeScreenshot(): Taking screenshot successfully

2022-06-09 19:53:36 - [MESSAGE][PASSED] - Taking screenshot successfully
[[ATTACHMENT|D:\\Projet Test Auto\\Mediabox Test Automation\\Reports\\20220609_181011\\03. Parallel Testing (Testing)\\TS -PT PART 3\\08 Tag Mass Submit _ Import ref\\20220609_181054\\1654797215597.png]]

2022-06-09 19:53:36 - [TEST_STEP][PASSED] - ACount1 = getText(findTestObject("1. Constant/xpath", ["xpath":"//*[@id="card_submitable_references"]/div[1]/div[1]"])): Text of object 'Object Repository/1. Constant/xpath' is: 'List of references ready for submission (2)'

2022-06-09 19:53:37 - [MESSAGE][PASSED] - Text of object 'Object Repository/1. Constant/xpath' is: 'List of references ready for submission (2)'

2022-06-09 19:53:37 - [TEST_STEP][PASSED] - verifyMatch(ACount1, "List of references ready for submission (2)", false): Actual text 'List of references ready for submission (2)' and expected text 'List of references ready for submission (2)' are matched 

2022-06-09 19:53:37 - [MESSAGE][PASSED] - Actual text 'List of references ready for submission (2)' and expected text 'List of references ready for submission (2)' are matched 

2022-06-09 19:53:37 - [TEST_STEP][PASSED] - ACount2 = getText(findTestObject("1. Constant/xpath", ["xpath":"//*[@id="card_nonsubmitable_references"]/div[1]/div[1]/h3"])): Text of object 'Object Repository/1. Constant/xpath' is: 'List of references with errors (24)'

2022-06-09 19:53:38 - [MESSAGE][PASSED] - Text of object 'Object Repository/1. Constant/xpath' is: 'List of references with errors (24)'

2022-06-09 19:53:38 - [TEST_STEP][PASSED] - verifyMatch(ACount2, "List of references with errors (24)", false): Actual text 'List of references with errors (24)' and expected text 'List of references with errors (24)' are matched 

2022-06-09 19:53:38 - [MESSAGE][PASSED] - Actual text 'List of references with errors (24)' and expected text 'List of references with errors (24)' are matched 

2022-06-09 19:53:38 - [TEST_STEP][PASSED] - A_nextphase = getText(findTestObject("1. Constant/xpath", ["xpath":"//*[@id="tablecontentOK"]/table/tbody/tr[1]"])): Text of object 'Object Repository/1. Constant/xpath' is: 'MASS_SUBMIT_CONTROL_TAG_PART_1__Fake_Accessory_100CM2 Complete'

2022-06-09 19:53:38 - [MESSAGE][PASSED] - Text of object 'Object Repository/1. Constant/xpath' is: 'MASS_SUBMIT_CONTROL_TAG_PART_1__Fake_Accessory_100CM2 Complete'

2022-06-09 19:53:38 - [TEST_STEP][PASSED] - I.print(A_nextphase): null

2022-06-09 19:53:38 - [TEST_STEP][PASSED] - verifyMatch(A_nextphase, "MASS_SUBMIT_CONTROL_TAG_PART_1__Fake_Accessory_100CM2 Complete", false): Actual text 'MASS_SUBMIT_CONTROL_TAG_PART_1__Fake_Accessory_100CM2 Complete' and expected text 'MASS_SUBMIT_CONTROL_TAG_PART_1__Fake_Accessory_100CM2 Complete' are matched 

2022-06-09 19:53:38 - [MESSAGE][PASSED] - Actual text 'MASS_SUBMIT_CONTROL_TAG_PART_1__Fake_Accessory_100CM2 Complete' and expected text 'MASS_SUBMIT_CONTROL_TAG_PART_1__Fake_Accessory_100CM2 Complete' are matched 

2022-06-09 19:53:38 - [TEST_STEP][PASSED] - A_errormsg = getText(findTestObject("1. Constant/xpath", ["xpath":"//*[@id="tablecontentNOK"]/table/tbody/tr[1]"])): Text of object 'Object Repository/1. Constant/xpath' is: 'MASS_SUBMIT_CONTROL_TAG_PART_1____ Missing mandatory information at reference level'

2022-06-09 19:53:39 - [MESSAGE][PASSED] - Text of object 'Object Repository/1. Constant/xpath' is: 'MASS_SUBMIT_CONTROL_TAG_PART_1____ Missing mandatory information at reference level'

2022-06-09 19:53:39 - [TEST_STEP][PASSED] - I.print(A_errormsg): null

2022-06-09 19:53:39 - [TEST_STEP][PASSED] - verifyMatch(A_errormsg, "MASS_SUBMIT_CONTROL_TAG_PART_1____ Missing mandatory information at reference level", false): Actual text 'MASS_SUBMIT_CONTROL_TAG_PART_1____ Missing mandatory information at reference level' and expected text 'MASS_SUBMIT_CONTROL_TAG_PART_1____ Missing mandatory information at reference level' are matched 

2022-06-09 19:53:39 - [MESSAGE][PASSED] - Actual text 'MASS_SUBMIT_CONTROL_TAG_PART_1____ Missing mandatory information at reference level' and expected text 'MASS_SUBMIT_CONTROL_TAG_PART_1____ Missing mandatory information at reference level' are matched 

2022-06-09 19:53:39 - [TEST_STEP][PASSED] - click(findTestObject("1. Constant/xpath", ["xpath":"//*[@id="card_submitable_references"]/div[1]/div[2]/a"])): Object: 'Object Repository/1. Constant/xpath' is clicked on

2022-06-09 19:53:40 - [MESSAGE][PASSED] - Object: 'Object Repository/1. Constant/xpath' is clicked on

2022-06-09 19:53:40 - [TEST_STEP][PASSED] - delay(1): Delayed 1 second(s)

2022-06-09 19:53:41 - [MESSAGE][PASSED] - Delayed 1 second(s)

2022-06-09 19:53:41 - [TEST_STEP][PASSED] - takeScreenshot(): Taking screenshot successfully

2022-06-09 19:53:41 - [MESSAGE][PASSED] - Taking screenshot successfully
[[ATTACHMENT|D:\\Projet Test Auto\\Mediabox Test Automation\\Reports\\20220609_181011\\03. Parallel Testing (Testing)\\TS -PT PART 3\\08 Tag Mass Submit _ Import ref\\20220609_181054\\1654797221416.png]]

2022-06-09 19:53:41 - [TEST_STEP][PASSED] - verifyElementNotVisible(findTestObject("1. Constant/xpath", ["xpath":"//*[@id="tablecontentOK"]/table/tbody"])): Object 'Object Repository/1. Constant/xpath' is NOT visible

2022-06-09 19:53:41 - [MESSAGE][PASSED] - Object 'Object Repository/1. Constant/xpath' is NOT visible

2022-06-09 19:53:41 - [TEST_STEP][PASSED] - click(findTestObject("1. Constant/xpath", ["xpath":"//*[@id="card_nonsubmitable_references"]/div[1]/div[2]/a"])): Object: 'Object Repository/1. Constant/xpath' is clicked on

2022-06-09 19:53:42 - [MESSAGE][PASSED] - Object: 'Object Repository/1. Constant/xpath' is clicked on

2022-06-09 19:53:42 - [TEST_STEP][PASSED] - delay(1): Delayed 1 second(s)

2022-06-09 19:53:43 - [MESSAGE][PASSED] - Delayed 1 second(s)

2022-06-09 19:53:43 - [TEST_STEP][PASSED] - takeScreenshot(): Taking screenshot successfully

2022-06-09 19:53:43 - [MESSAGE][PASSED] - Taking screenshot successfully
[[ATTACHMENT|D:\\Projet Test Auto\\Mediabox Test Automation\\Reports\\20220609_181011\\03. Parallel Testing (Testing)\\TS -PT PART 3\\08 Tag Mass Submit _ Import ref\\20220609_181054\\1654797223322.png]]

2022-06-09 19:53:43 - [TEST_STEP][PASSED] - verifyElementNotVisible(findTestObject("1. Constant/xpath", ["xpath":"//*[@id="tablecontentNOK"]/table"])): Object 'Object Repository/1. Constant/xpath' is NOT visible

2022-06-09 19:53:43 - [MESSAGE][PASSED] - Object 'Object Repository/1. Constant/xpath' is NOT visible

2022-06-09 19:53:43 - [TEST_STEP][PASSED] - click(findTestObject("1. Constant/xpath", ["xpath":"//*[@id="modal_mass_submit"]/div/div/div[2]/div[2]/div/button[1]"])): Object: 'Object Repository/1. Constant/xpath' is clicked on

2022-06-09 19:53:44 - [MESSAGE][PASSED] - Object: 'Object Repository/1. Constant/xpath' is clicked on

2022-06-09 19:53:44 - [TEST_STEP][PASSED] - click(findTestObject("1. Constant/xpath", ["xpath":"//*[@id="action_btnMassSubmit"]"])): Object: 'Object Repository/1. Constant/xpath' is clicked on

2022-06-09 19:53:45 - [MESSAGE][PASSED] - Object: 'Object Repository/1. Constant/xpath' is clicked on

2022-06-09 19:53:45 - [TEST_STEP][PASSED] - click(findTestObject("1. Constant/xpath", ["xpath":"//*[@id="card_submitable_references"]/div[1]/div[2]/a"])): Object: 'Object Repository/1. Constant/xpath' is clicked on

2022-06-09 19:53:45 - [MESSAGE][PASSED] - Object: 'Object Repository/1. Constant/xpath' is clicked on

2022-06-09 19:53:45 - [TEST_STEP][PASSED] - delay(1): Delayed 1 second(s)

2022-06-09 19:53:46 - [MESSAGE][PASSED] - Delayed 1 second(s)

2022-06-09 19:53:46 - [TEST_STEP][PASSED] - verifyElementVisible(findTestObject("1. Constant/xpath", ["xpath":"//*[@id="tablecontentOK"]/table/tbody"])): Object 'Object Repository/1. Constant/xpath' is visible

2022-06-09 19:53:50 - [MESSAGE][PASSED] - Object 'Object Repository/1. Constant/xpath' is visible

2022-06-09 19:53:50 - [TEST_STEP][PASSED] - delay(1): Delayed 1 second(s)

2022-06-09 19:53:51 - [MESSAGE][PASSED] - Delayed 1 second(s)

2022-06-09 19:53:51 - [TEST_STEP][PASSED] - takeScreenshot(): Taking screenshot successfully

2022-06-09 19:53:53 - [MESSAGE][PASSED] - Taking screenshot successfully
[[ATTACHMENT|D:\\Projet Test Auto\\Mediabox Test Automation\\Reports\\20220609_181011\\03. Parallel Testing (Testing)\\TS -PT PART 3\\08 Tag Mass Submit _ Import ref\\20220609_181054\\1654797232098.png]]

2022-06-09 19:53:53 - [TEST_STEP][PASSED] - click(findTestObject("1. Constant/xpath", ["xpath":"//*[@id="card_nonsubmitable_references"]/div[1]/div[2]/a"])): Object: 'Object Repository/1. Constant/xpath' is clicked on

2022-06-09 19:53:55 - [MESSAGE][PASSED] - Object: 'Object Repository/1. Constant/xpath' is clicked on

2022-06-09 19:53:55 - [TEST_STEP][PASSED] - delay(1): Delayed 1 second(s)

2022-06-09 19:53:56 - [MESSAGE][PASSED] - Delayed 1 second(s)

2022-06-09 19:53:56 - [TEST_STEP][PASSED] - takeScreenshot(): Taking screenshot successfully

2022-06-09 19:53:58 - [MESSAGE][PASSED] - Taking screenshot successfully
[[ATTACHMENT|D:\\Projet Test Auto\\Mediabox Test Automation\\Reports\\20220609_181011\\03. Parallel Testing (Testing)\\TS -PT PART 3\\08 Tag Mass Submit _ Import ref\\20220609_181054\\1654797236952.png]]

2022-06-09 19:53:58 - [TEST_STEP][PASSED] - verifyElementVisible(findTestObject("1. Constant/xpath", ["xpath":"//*[@id="tablecontentNOK"]/table"])): Object 'Object Repository/1. Constant/xpath' is visible

2022-06-09 19:53:58 - [MESSAGE][PASSED] - Object 'Object Repository/1. Constant/xpath' is visible

2022-06-09 19:53:58 - [TEST_STEP][PASSED] - click(findTestObject("1. Constant/xpath", ["xpath":"//*[@id="modal_mass_submit"]/div/div/div[2]/div[2]/div/button[1]"])): Object: 'Object Repository/1. Constant/xpath' is clicked on

2022-06-09 19:53:59 - [MESSAGE][PASSED] - Object: 'Object Repository/1. Constant/xpath' is clicked on

2022-06-09 19:53:59 - [TEST_STEP][PASSED] - click(findTestObject("1. Constant/xpath", ["xpath":"//*[@id="action_btnMassSubmit"]"])): Object: 'Object Repository/1. Constant/xpath' is clicked on

2022-06-09 19:54:03 - [MESSAGE][PASSED] - Object: 'Object Repository/1. Constant/xpath' is clicked on

2022-06-09 19:54:03 - [TEST_STEP][PASSED] - scrollToElement(findTestObject("1. Constant/xpath", ["xpath":"//*[@id="btn_submit_mass_submit"]"]), 5): Scroll to object 'Object Repository/1. Constant/xpath' successfully

2022-06-09 19:54:05 - [MESSAGE][PASSED] - Scroll to object 'Object Repository/1. Constant/xpath' successfully

2022-06-09 19:54:05 - [TEST_STEP][PASSED] - click(findTestObject("1. Constant/xpath", ["xpath":"//*[@id="btn_submit_mass_submit"]"])): Object: 'Object Repository/1. Constant/xpath' is clicked on

2022-06-09 19:54:16 - [MESSAGE][PASSED] - Object: 'Object Repository/1. Constant/xpath' is clicked on

2022-06-09 19:54:16 - [TEST_STEP][PASSED] - takeScreenshot(): Taking screenshot successfully

2022-06-09 19:54:18 - [MESSAGE][PASSED] - Taking screenshot successfully
[[ATTACHMENT|D:\\Projet Test Auto\\Mediabox Test Automation\\Reports\\20220609_181011\\03. Parallel Testing (Testing)\\TS -PT PART 3\\08 Tag Mass Submit _ Import ref\\20220609_181054\\1654797257553.png]]

2022-06-09 19:54:18 - [TEST_STEP][PASSED] - takeScreenshot(): Taking screenshot successfully

2022-06-09 19:54:20 - [MESSAGE][PASSED] - Taking screenshot successfully
[[ATTACHMENT|D:\\Projet Test Auto\\Mediabox Test Automation\\Reports\\20220609_181011\\03. Parallel Testing (Testing)\\TS -PT PART 3\\08 Tag Mass Submit _ Import ref\\20220609_181054\\1654797259255.png]]

2022-06-09 19:54:20 - [TEST_STEP][PASSED] - A_mssgsucess = getText(findTestObject("1. Constant/xpath", ["xpath":"//*[@id="toast-container"]/div/div[2]"])): Text of object 'Object Repository/1. Constant/xpath' is: 'Success: the selected references have been successfully submitted'

2022-06-09 19:54:21 - [MESSAGE][PASSED] - Text of object 'Object Repository/1. Constant/xpath' is: 'Success: the selected references have been successfully submitted'

2022-06-09 19:54:21 - [TEST_STEP][PASSED] - verifyMatch(A_mssgsucess, "Success: the selected references have been successfully submitted", false): Actual text 'Success: the selected references have been successfully submitted' and expected text 'Success: the selected references have been successfully submitted' are matched 

2022-06-09 19:54:21 - [MESSAGE][PASSED] - Actual text 'Success: the selected references have been successfully submitted' and expected text 'Success: the selected references have been successfully submitted' are matched 

2022-06-09 19:54:21 - [TEST_STEP][PASSED] - A_LS1 = getText(findTestObject("1. Constant/xpath", ["xpath":"//*[@id="source_24280"]/td[12]/span"])): Text of object 'Object Repository/1. Constant/xpath' is: 'Complete'

2022-06-09 19:54:23 - [MESSAGE][PASSED] - Text of object 'Object Repository/1. Constant/xpath' is: 'Complete'

2022-06-09 19:54:23 - [TEST_STEP][PASSED] - verifyMatch(A_LS1, "Complete", false): Actual text 'Complete' and expected text 'Complete' are matched 

2022-06-09 19:54:23 - [MESSAGE][PASSED] - Actual text 'Complete' and expected text 'Complete' are matched 

2022-06-09 19:54:23 - [TEST_STEP][PASSED] - A_LS2 = getText(findTestObject("1. Constant/xpath", ["xpath":"//*[@id="source_24281"]/td[12]/span"])): Text of object 'Object Repository/1. Constant/xpath' is: 'Complete'

2022-06-09 19:54:24 - [MESSAGE][PASSED] - Text of object 'Object Repository/1. Constant/xpath' is: 'Complete'

2022-06-09 19:54:24 - [TEST_STEP][PASSED] - verifyMatch(A_LS2, "Complete", false): Actual text 'Complete' and expected text 'Complete' are matched 

2022-06-09 19:54:24 - [MESSAGE][PASSED] - Actual text 'Complete' and expected text 'Complete' are matched 

2022-06-09 19:54:24 - [TEST_STEP][PASSED] - A_LS5 = getText(findTestObject("1. Constant/xpath", ["xpath":"//*[@id="source_24282"]/td[12]/span[1]"])): Text of object 'Object Repository/1. Constant/xpath' is: 'C&A/APM: Brief completion'

2022-06-09 19:54:25 - [MESSAGE][PASSED] - Text of object 'Object Repository/1. Constant/xpath' is: 'C&A/APM: Brief completion'

2022-06-09 19:54:25 - [TEST_STEP][PASSED] - verifyMatch(A_LS5, "C&A/APM: Brief completion", false): Actual text 'C&A/APM: Brief completion' and expected text 'C&A/APM: Brief completion' are matched 

2022-06-09 19:54:25 - [MESSAGE][PASSED] - Actual text 'C&A/APM: Brief completion' and expected text 'C&A/APM: Brief completion' are matched 

2022-06-09 19:54:25 - [TEST_STEP][PASSED] - closeBrowser(): Browser is closed

2022-06-09 19:54:36 - [MESSAGE][PASSED] - Browser is closed

2022-06-09 19:54:36 - [TEST_STEP][PASSED] - Start listener action : sampleAfterTestCase: null]]></system-out>
         <system-err><![CDATA[]]></system-err>
      </testcase>
      <testcase name="Test Cases/06. Tag _ Dreyers _ NPP Mass Submit/6.01 Tag _ Mass Submit _ rights Existing P" time="138.637" classname="Test Cases/06. Tag _ Dreyers _ NPP Mass Submit/6.01 Tag _ Mass Submit _ rights Existing P" status="PASSED">
         <system-out><![CDATA[2022-06-09 19:54:36 - [TEST_CASE][PASSED] - Test Cases/06. Tag _ Dreyers _ NPP Mass Submit/6.01 Tag _ Mass Submit _ rights Existing P: Test Cases/06. Tag _ Dreyers _ NPP Mass Submit/6.01 Tag _ Mass Submit _ rights Existing P

2022-06-09 19:54:37 - [TEST_STEP][PASSED] - data_Tag = findTestData("Data Files/Username_Password/Tag"): null

2022-06-09 19:54:37 - [TEST_STEP][PASSED] - password_jedun = data_Tag.getValue(3, 1): null

2022-06-09 19:54:38 - [TEST_STEP][PASSED] - password_rrowland = data_Tag.getValue(3, 2): null

2022-06-09 19:54:38 - [TEST_STEP][PASSED] - password_stest = data_Tag.getValue(3, 3): null

2022-06-09 19:54:38 - [TEST_STEP][PASSED] - password_itroin = data_Tag.getValue(3, 4): null

2022-06-09 19:54:38 - [TEST_STEP][PASSED] - password_igedik = data_Tag.getValue(3, 5): null

2022-06-09 19:54:38 - [TEST_STEP][PASSED] - password_mderdour = data_Tag.getValue(3, 6): null

2022-06-09 19:54:38 - [TEST_STEP][PASSED] - password_achatin = data_Tag.getValue(3, 7): null

2022-06-09 19:54:38 - [TEST_STEP][PASSED] - password_tliu = data_Tag.getValue(3, 8): null

2022-06-09 19:54:38 - [TEST_STEP][PASSED] - password_ccaramella = data_Tag.getValue(3, 9): null

2022-06-09 19:54:38 - [TEST_STEP][PASSED] - password_achay = data_Tag.getValue(3, 10): null

2022-06-09 19:54:38 - [TEST_STEP][PASSED] - password_cbono = data_Tag.getValue(3, 11): null

2022-06-09 19:54:38 - [TEST_STEP][PASSED] - password_pmareri = data_Tag.getValue(3, 12): null

2022-06-09 19:54:38 - [TEST_STEP][PASSED] - password_qeuzen = data_Tag.getValue(3, 13): null

2022-06-09 19:54:38 - [TEST_STEP][PASSED] - password_alanglois = data_Tag.getValue(3, 14): null

2022-06-09 19:54:38 - [TEST_STEP][PASSED] - password_bde_villeneuve = data_Tag.getValue(3, 15): null

2022-06-09 19:54:38 - [TEST_STEP][PASSED] - data_urlRELAUTO = findTestData("Data Files/URL/URL_relauto"): null

2022-06-09 19:54:38 - [TEST_STEP][PASSED] - Url_Tag = data_urlRELAUTO.getValue(2, 3): null

2022-06-09 19:54:38 - [TEST_STEP][PASSED] - Project_No = "MI003388": null

2022-06-09 19:54:38 - [TEST_STEP][PASSED] - refID1 = "24280": null

2022-06-09 19:54:38 - [TEST_STEP][PASSED] - openBrowser(Url_Tag): Browser is opened with url: 'http://mdb-release.diadeis.lan/MediaboxIndependence/?MBI_datasource=RELTESTAUTO_TAG'

2022-06-09 19:54:38 - [MESSAGE][INFO] - Starting 'Chrome (headless)' driver

2022-06-09 19:54:38 - [MESSAGE][INFO] - User set preference: ['args', '[--window-size=1920,1080, --headless]']

2022-06-09 19:54:38 - [MESSAGE][INFO] - Action delay is set to 0 milliseconds

2022-06-09 19:55:02 - [MESSAGE][PASSED] - Browser is opened with url: 'http://mdb-release.diadeis.lan/MediaboxIndependence/?MBI_datasource=RELTESTAUTO_TAG'

2022-06-09 19:55:02 - [TEST_STEP][PASSED] - maximizeWindow(): Current window maximized

2022-06-09 19:55:02 - [MESSAGE][PASSED] - Current window maximized

2022-06-09 19:55:02 - [TEST_STEP][PASSED] - waitForPageLoad(30): Wait for page load successfully

2022-06-09 19:55:02 - [MESSAGE][PASSED] - Wait for page load successfully

2022-06-09 19:55:02 - [TEST_STEP][PASSED] - takeScreenshot(): Taking screenshot successfully

2022-06-09 19:55:03 - [MESSAGE][PASSED] - Taking screenshot successfully
[[ATTACHMENT|D:\\Projet Test Auto\\Mediabox Test Automation\\Reports\\20220609_181011\\03. Parallel Testing (Testing)\\TS -PT PART 3\\08 Tag Mass Submit _ Import ref\\20220609_181054\\1654797302912.png]]

2022-06-09 19:55:03 - [TEST_STEP][PASSED] - I.Login_password("bde_villeneuve", password_bde_villeneuve): Object: 'Object Repository/1. Constant/xpath' is clicked on

2022-06-09 19:55:07 - [MESSAGE][PASSED] - Text 'bde_villeneuve' is set on object 'Object Repository/1. Constant/xpath'

2022-06-09 19:55:08 - [MESSAGE][PASSED] - Delayed 1 second(s)

2022-06-09 19:55:10 - [MESSAGE][PASSED] - Text 'dchi' is set on object 'Object Repository/1. Constant/xpath'

2022-06-09 19:55:11 - [MESSAGE][PASSED] - Delayed 1 second(s)

2022-06-09 19:55:24 - [MESSAGE][PASSED] - Object: 'Object Repository/1. Constant/xpath' is clicked on

2022-06-09 19:55:24 - [TEST_STEP][PASSED] - click(findTestObject("1. Constant/02_LHSMenu_Projects")): Object: 'Object Repository/1. Constant/02_LHSMenu_Projects' is clicked on

2022-06-09 19:55:31 - [MESSAGE][PASSED] - Object: 'Object Repository/1. Constant/02_LHSMenu_Projects' is clicked on

2022-06-09 19:55:31 - [TEST_STEP][PASSED] - I.SearchProjectNo_xpath(Project_No, "//*[@id="keynum_project"]", "//*[@id="form_filters"]/div[8]/button"): Delayed 5 second(s)

2022-06-09 19:55:32 - [MESSAGE][PASSED] - Delayed 1 second(s)

2022-06-09 19:55:32 - [MESSAGE][PASSED] - Text 'MI003388' is set on object 'Object Repository/1. Constant/xpath'

2022-06-09 19:55:35 - [MESSAGE][PASSED] - Delayed 3 second(s)

2022-06-09 19:55:36 - [MESSAGE][PASSED] - Scroll to object 'Object Repository/1. Constant/xpath' successfully

2022-06-09 19:55:43 - [MESSAGE][PASSED] - Object: 'Object Repository/1. Constant/xpath' is clicked on

2022-06-09 19:55:48 - [MESSAGE][PASSED] - Delayed 5 second(s)

2022-06-09 19:55:48 - [TEST_STEP][PASSED] - takeScreenshot(): Taking screenshot successfully

2022-06-09 19:55:49 - [MESSAGE][PASSED] - Taking screenshot successfully
[[ATTACHMENT|D:\\Projet Test Auto\\Mediabox Test Automation\\Reports\\20220609_181011\\03. Parallel Testing (Testing)\\TS -PT PART 3\\08 Tag Mass Submit _ Import ref\\20220609_181054\\1654797349025.png]]

2022-06-09 19:55:49 - [TEST_STEP][PASSED] - verifyElementNotPresent(findTestObject("1. Constant/xpath", ["xpath":"//*[@id="kt_content"]/div[3]/div/div[2]/div[1]/div[2]/span/div/button"]), 5): Web element with id: 'Object Repository/1. Constant/xpath' located by 'By.xpath: //*[@id="kt_content"]/div[3]/div/div[2]/div[1]/div[2]/span/div/button' is not present after '5' second(s)

2022-06-09 19:55:51 - [MESSAGE][PASSED] - Web element with id: 'Object Repository/1. Constant/xpath' located by 'By.xpath: //*[@id="kt_content"]/div[3]/div/div[2]/div[1]/div[2]/span/div/button' is not present after '5' second(s)

2022-06-09 19:55:51 - [TEST_STEP][PASSED] - verifyElementNotPresent(findTestObject("1. Constant/xpath", ["xpath":"//*[@id="btnMassSubmit"]"]), 5): Web element with id: 'Object Repository/1. Constant/xpath' located by 'By.xpath: //*[@id="btnMassSubmit"]' is not present after '5' second(s)

2022-06-09 19:55:52 - [MESSAGE][PASSED] - Web element with id: 'Object Repository/1. Constant/xpath' located by 'By.xpath: //*[@id="btnMassSubmit"]' is not present after '5' second(s)

2022-06-09 19:55:52 - [TEST_STEP][PASSED] - delay(2): Delayed 2 second(s)

2022-06-09 19:55:54 - [MESSAGE][PASSED] - Delayed 2 second(s)

2022-06-09 19:55:54 - [TEST_STEP][PASSED] - I.Logout(): Delayed 3 second(s)

2022-06-09 19:55:57 - [MESSAGE][PASSED] - Delayed 3 second(s)

2022-06-09 19:55:57 - [MESSAGE][PASSED] - Object: 'Object Repository/1. Constant/xpath' is clicked on

2022-06-09 19:56:00 - [MESSAGE][PASSED] - Delayed 3 second(s)

2022-06-09 19:56:04 - [MESSAGE][PASSED] - Object: 'Object Repository/1. Constant/xpath' is clicked on

2022-06-09 19:56:07 - [MESSAGE][PASSED] - Delayed 3 second(s)

2022-06-09 19:56:07 - [TEST_STEP][PASSED] - I.Login_password("cbono", password_cbono): Object: 'Object Repository/1. Constant/xpath' is clicked on

2022-06-09 19:56:08 - [MESSAGE][PASSED] - Text 'cbono' is set on object 'Object Repository/1. Constant/xpath'

2022-06-09 19:56:09 - [MESSAGE][PASSED] - Delayed 1 second(s)

2022-06-09 19:56:10 - [MESSAGE][PASSED] - Text 'dchi' is set on object 'Object Repository/1. Constant/xpath'

2022-06-09 19:56:11 - [MESSAGE][PASSED] - Delayed 1 second(s)

2022-06-09 19:56:15 - [MESSAGE][PASSED] - Object: 'Object Repository/1. Constant/xpath' is clicked on

2022-06-09 19:56:15 - [TEST_STEP][PASSED] - click(findTestObject("1. Constant/02_LHSMenu_Projects")): Object: 'Object Repository/1. Constant/02_LHSMenu_Projects' is clicked on

2022-06-09 19:56:22 - [MESSAGE][PASSED] - Object: 'Object Repository/1. Constant/02_LHSMenu_Projects' is clicked on

2022-06-09 19:56:22 - [TEST_STEP][PASSED] - I.SearchProjectNo_xpath(Project_No, "//*[@id="keynum_project"]", "//*[@id="form_filters"]/div[8]/button"): Delayed 5 second(s)

2022-06-09 19:56:23 - [MESSAGE][PASSED] - Delayed 1 second(s)

2022-06-09 19:56:24 - [MESSAGE][PASSED] - Text 'MI003388' is set on object 'Object Repository/1. Constant/xpath'

2022-06-09 19:56:27 - [MESSAGE][PASSED] - Delayed 3 second(s)

2022-06-09 19:56:28 - [MESSAGE][PASSED] - Scroll to object 'Object Repository/1. Constant/xpath' successfully

2022-06-09 19:56:34 - [MESSAGE][PASSED] - Object: 'Object Repository/1. Constant/xpath' is clicked on

2022-06-09 19:56:39 - [MESSAGE][PASSED] - Delayed 5 second(s)

2022-06-09 19:56:39 - [TEST_STEP][PASSED] - takeScreenshot(): Taking screenshot successfully

2022-06-09 19:56:40 - [MESSAGE][PASSED] - Taking screenshot successfully
[[ATTACHMENT|D:\\Projet Test Auto\\Mediabox Test Automation\\Reports\\20220609_181011\\03. Parallel Testing (Testing)\\TS -PT PART 3\\08 Tag Mass Submit _ Import ref\\20220609_181054\\1654797399962.png]]

2022-06-09 19:56:40 - [TEST_STEP][PASSED] - delay(2): Delayed 2 second(s)

2022-06-09 19:56:42 - [MESSAGE][PASSED] - Delayed 2 second(s)

2022-06-09 19:56:42 - [TEST_STEP][PASSED] - click(findTestObject("1. Constant/xpath", ["xpath":"//*[@id="kt_content"]/div[3]/div/div[2]/div[1]/div[2]/span/div/button"])): Object: 'Object Repository/1. Constant/xpath' is clicked on

2022-06-09 19:56:43 - [MESSAGE][PASSED] - Object: 'Object Repository/1. Constant/xpath' is clicked on

2022-06-09 19:56:43 - [TEST_STEP][PASSED] - delay(2): Delayed 2 second(s)

2022-06-09 19:56:45 - [MESSAGE][PASSED] - Delayed 2 second(s)

2022-06-09 19:56:45 - [TEST_STEP][PASSED] - click(findTestObject("1. Constant/xpath", ["xpath":"//*[@id="btnMassSubmit"]"])): Object: 'Object Repository/1. Constant/xpath' is clicked on

2022-06-09 19:56:47 - [MESSAGE][PASSED] - Object: 'Object Repository/1. Constant/xpath' is clicked on

2022-06-09 19:56:47 - [TEST_STEP][PASSED] - delay(2): Delayed 2 second(s)

2022-06-09 19:56:49 - [MESSAGE][PASSED] - Delayed 2 second(s)

2022-06-09 19:56:49 - [TEST_STEP][PASSED] - Actual_diasable = getAttribute(findTestObject("1. Constant/xpath", ["xpath":"//*[@id="allRefs"]"]), "disabled"): Attribute 'disabled' of object 'Object Repository/1. Constant/xpath' is: 'true'

2022-06-09 19:56:49 - [MESSAGE][PASSED] - Attribute 'disabled' of object 'Object Repository/1. Constant/xpath' is: 'true'

2022-06-09 19:56:49 - [TEST_STEP][PASSED] - verifyMatch(Actual_diasable, "true", false): Actual text 'true' and expected text 'true' are matched 

2022-06-09 19:56:49 - [MESSAGE][PASSED] - Actual text 'true' and expected text 'true' are matched 

2022-06-09 19:56:49 - [TEST_STEP][PASSED] - Actual_ban = getAttribute(findTestObject("1. Constant/xpath", ["xpath":"//*[@id="source_" + refID1 + ""]/td[1]/i"]), "class"): Attribute 'class' of object 'Object Repository/1. Constant/xpath' is: 'fas fa-ban temp-ban'

2022-06-09 19:56:49 - [MESSAGE][PASSED] - Attribute 'class' of object 'Object Repository/1. Constant/xpath' is: 'fas fa-ban temp-ban'

2022-06-09 19:56:49 - [TEST_STEP][PASSED] - verifyMatch(Actual_ban, "fas fa-ban temp-ban", false): Actual text 'fas fa-ban temp-ban' and expected text 'fas fa-ban temp-ban' are matched 

2022-06-09 19:56:49 - [MESSAGE][PASSED] - Actual text 'fas fa-ban temp-ban' and expected text 'fas fa-ban temp-ban' are matched 

2022-06-09 19:56:49 - [TEST_STEP][PASSED] - mouseOver(findTestObject("1. Constant/xpath", ["xpath":"//*[@id="source_" + refID1 + ""]/td[1]/i"])): Object: 'Object Repository/1. Constant/xpath' is hovered

2022-06-09 19:56:50 - [MESSAGE][PASSED] - Object: 'Object Repository/1. Constant/xpath' is hovered

2022-06-09 19:56:50 - [TEST_STEP][PASSED] - takeScreenshot(): Taking screenshot successfully

2022-06-09 19:56:50 - [MESSAGE][PASSED] - Taking screenshot successfully
[[ATTACHMENT|D:\\Projet Test Auto\\Mediabox Test Automation\\Reports\\20220609_181011\\03. Parallel Testing (Testing)\\TS -PT PART 3\\08 Tag Mass Submit _ Import ref\\20220609_181054\\1654797410265.png]]

2022-06-09 19:56:50 - [TEST_STEP][PASSED] - err1 = getText(findTestObject("1. Constant/xpath", ["xpath":"/html/body/div[9]/div[2]"])): Text of object 'Object Repository/1. Constant/xpath' is: 'Une des conditions n'est pas remplie pour soumettre cette référence'

2022-06-09 19:56:51 - [MESSAGE][PASSED] - Text of object 'Object Repository/1. Constant/xpath' is: 'Une des conditions n'est pas remplie pour soumettre cette référence'

2022-06-09 19:56:51 - [TEST_STEP][PASSED] - verifyMatch(err1, "Une des conditions n'est pas remplie pour soumettre cette référence", false): Actual text 'Une des conditions n'est pas remplie pour soumettre cette référence' and expected text 'Une des conditions n'est pas remplie pour soumettre cette référence' are matched 

2022-06-09 19:56:51 - [MESSAGE][PASSED] - Actual text 'Une des conditions n'est pas remplie pour soumettre cette référence' and expected text 'Une des conditions n'est pas remplie pour soumettre cette référence' are matched 

2022-06-09 19:56:51 - [TEST_STEP][PASSED] - msg1 = getText(findTestObject("1. Constant/xpath", ["xpath":"//*[@id="kt_content"]/div[3]/div/div[2]/div[1]/div[2]/span/span[2]"])): Text of object 'Object Repository/1. Constant/xpath' is: ' Veuillez sélectionner au moins une référence pour valider ou'

2022-06-09 19:56:51 - [MESSAGE][PASSED] - Text of object 'Object Repository/1. Constant/xpath' is: ' Veuillez sélectionner au moins une référence pour valider ou'

2022-06-09 19:56:51 - [TEST_STEP][PASSED] - verifyMatch(msg1, " Veuillez sélectionner au moins une référence pour valider ou", false): Actual text ' Veuillez sélectionner au moins une référence pour valider ou' and expected text ' Veuillez sélectionner au moins une référence pour valider ou' are matched 

2022-06-09 19:56:51 - [MESSAGE][PASSED] - Actual text ' Veuillez sélectionner au moins une référence pour valider ou' and expected text ' Veuillez sélectionner au moins une référence pour valider ou' are matched 

2022-06-09 19:56:51 - [TEST_STEP][PASSED] - button_verify1 = getText(findTestObject("1. Constant/xpath", ["xpath":"//*[@id="action_btnMassSubmit"] "])): Text of object 'Object Repository/1. Constant/xpath' is: 'Confirmer la sélection'

2022-06-09 19:56:51 - [MESSAGE][PASSED] - Text of object 'Object Repository/1. Constant/xpath' is: 'Confirmer la sélection'

2022-06-09 19:56:51 - [TEST_STEP][PASSED] - verifyMatch(button_verify1, "Confirmer la sélection", false): Actual text 'Confirmer la sélection' and expected text 'Confirmer la sélection' are matched 

2022-06-09 19:56:51 - [MESSAGE][PASSED] - Actual text 'Confirmer la sélection' and expected text 'Confirmer la sélection' are matched 

2022-06-09 19:56:51 - [TEST_STEP][PASSED] - click(findTestObject("1. Constant/xpath", ["xpath":"//*[@id="kt_content"]/div[3]/div/div[2]/div[1]/div[2]/span/button[2]"])): Object: 'Object Repository/1. Constant/xpath' is clicked on

2022-06-09 19:56:51 - [MESSAGE][PASSED] - Object: 'Object Repository/1. Constant/xpath' is clicked on

2022-06-09 19:56:51 - [TEST_STEP][PASSED] - delay(1): Delayed 1 second(s)

2022-06-09 19:56:52 - [MESSAGE][PASSED] - Delayed 1 second(s)

2022-06-09 19:56:52 - [TEST_STEP][PASSED] - verifyTextNotPresent(" Veuillez sélectionner au moins une  référence pour valider ou ", false): Text ' Veuillez sélectionner au moins une  référence pour valider ou ' is not present on page

2022-06-09 19:56:53 - [MESSAGE][PASSED] - Text ' Veuillez sélectionner au moins une  référence pour valider ou ' is not present on page

2022-06-09 19:56:53 - [TEST_STEP][PASSED] - closeBrowser(): Browser is closed

2022-06-09 19:56:55 - [MESSAGE][PASSED] - Browser is closed

2022-06-09 19:56:55 - [TEST_STEP][PASSED] - Start listener action : sampleAfterTestCase: null]]></system-out>
         <system-err><![CDATA[]]></system-err>
      </testcase>
      <testcase name="Test Cases/06. Tag _ Dreyers _ NPP Mass Submit/6.05 Tag_MassSubmit_emptyGroup" time="283.798" classname="Test Cases/06. Tag _ Dreyers _ NPP Mass Submit/6.05 Tag_MassSubmit_emptyGroup" status="PASSED">
         <system-out><![CDATA[2022-06-09 19:56:55 - [TEST_CASE][PASSED] - Test Cases/06. Tag _ Dreyers _ NPP Mass Submit/6.05 Tag_MassSubmit_emptyGroup: Test Cases/06. Tag _ Dreyers _ NPP Mass Submit/6.05 Tag_MassSubmit_emptyGroup

2022-06-09 19:56:56 - [TEST_STEP][PASSED] - data_Tag = findTestData("Data Files/Username_Password/Tag"): null

2022-06-09 19:56:56 - [TEST_STEP][PASSED] - password_jedun = data_Tag.getValue(3, 1): null

2022-06-09 19:56:56 - [TEST_STEP][PASSED] - password_rrowland = data_Tag.getValue(3, 2): null

2022-06-09 19:56:56 - [TEST_STEP][PASSED] - password_stest = data_Tag.getValue(3, 3): null

2022-06-09 19:56:56 - [TEST_STEP][PASSED] - password_itroin = data_Tag.getValue(3, 4): null

2022-06-09 19:56:56 - [TEST_STEP][PASSED] - password_igedik = data_Tag.getValue(3, 5): null

2022-06-09 19:56:56 - [TEST_STEP][PASSED] - password_mderdour = data_Tag.getValue(3, 6): null

2022-06-09 19:56:56 - [TEST_STEP][PASSED] - password_achatin = data_Tag.getValue(3, 7): null

2022-06-09 19:56:56 - [TEST_STEP][PASSED] - password_tliu = data_Tag.getValue(3, 8): null

2022-06-09 19:56:56 - [TEST_STEP][PASSED] - password_ccaramella = data_Tag.getValue(3, 9): null

2022-06-09 19:56:56 - [TEST_STEP][PASSED] - password_achay = data_Tag.getValue(3, 10): null

2022-06-09 19:56:56 - [TEST_STEP][PASSED] - password_cbono = data_Tag.getValue(3, 11): null

2022-06-09 19:56:56 - [TEST_STEP][PASSED] - password_pmareri = data_Tag.getValue(3, 12): null

2022-06-09 19:56:56 - [TEST_STEP][PASSED] - password_qeuzen = data_Tag.getValue(3, 13): null

2022-06-09 19:56:56 - [TEST_STEP][PASSED] - password_alanglois = data_Tag.getValue(3, 14): null

2022-06-09 19:56:56 - [TEST_STEP][PASSED] - password_bde_villeneuve = data_Tag.getValue(3, 15): null

2022-06-09 19:56:56 - [TEST_STEP][PASSED] - data_urlRELAUTO = findTestData("Data Files/URL/URL_relauto"): null

2022-06-09 19:56:56 - [TEST_STEP][PASSED] - Url_Tag = data_urlRELAUTO.getValue(2, 3): null

2022-06-09 19:56:56 - [TEST_STEP][PASSED] - openBrowser(Url_Tag): Browser is opened with url: 'http://mdb-release.diadeis.lan/MediaboxIndependence/?MBI_datasource=RELTESTAUTO_TAG'

2022-06-09 19:56:56 - [MESSAGE][INFO] - Starting 'Chrome (headless)' driver

2022-06-09 19:56:56 - [MESSAGE][INFO] - User set preference: ['args', '[--window-size=1920,1080, --headless]']

2022-06-09 19:56:56 - [MESSAGE][INFO] - Action delay is set to 0 milliseconds

2022-06-09 19:57:02 - [MESSAGE][PASSED] - Browser is opened with url: 'http://mdb-release.diadeis.lan/MediaboxIndependence/?MBI_datasource=RELTESTAUTO_TAG'

2022-06-09 19:57:02 - [TEST_STEP][PASSED] - maximizeWindow(): Current window maximized

2022-06-09 19:57:02 - [MESSAGE][PASSED] - Current window maximized

2022-06-09 19:57:02 - [TEST_STEP][PASSED] - waitForPageLoad(30): Wait for page load successfully

2022-06-09 19:57:02 - [MESSAGE][PASSED] - Wait for page load successfully

2022-06-09 19:57:02 - [TEST_STEP][PASSED] - takeScreenshot(): Taking screenshot successfully

2022-06-09 19:57:03 - [MESSAGE][PASSED] - Taking screenshot successfully
[[ATTACHMENT|D:\\Projet Test Auto\\Mediabox Test Automation\\Reports\\20220609_181011\\03. Parallel Testing (Testing)\\TS -PT PART 3\\08 Tag Mass Submit _ Import ref\\20220609_181054\\1654797422876.png]]

2022-06-09 19:57:03 - [TEST_STEP][PASSED] - I.Login_password("jedun", password_jedun): Object: 'Object Repository/1. Constant/xpath' is clicked on

2022-06-09 19:57:03 - [MESSAGE][PASSED] - Text 'jedun' is set on object 'Object Repository/1. Constant/xpath'

2022-06-09 19:57:04 - [MESSAGE][PASSED] - Delayed 1 second(s)

2022-06-09 19:57:04 - [MESSAGE][PASSED] - Text 'dchi' is set on object 'Object Repository/1. Constant/xpath'

2022-06-09 19:57:05 - [MESSAGE][PASSED] - Delayed 1 second(s)

2022-06-09 19:57:14 - [MESSAGE][PASSED] - Object: 'Object Repository/1. Constant/xpath' is clicked on

2022-06-09 19:57:14 - [TEST_STEP][PASSED] - takeScreenshot(): Taking screenshot successfully

2022-06-09 19:57:14 - [MESSAGE][PASSED] - Taking screenshot successfully
[[ATTACHMENT|D:\\Projet Test Auto\\Mediabox Test Automation\\Reports\\20220609_181011\\03. Parallel Testing (Testing)\\TS -PT PART 3\\08 Tag Mass Submit _ Import ref\\20220609_181054\\1654797434602.png]]

2022-06-09 19:57:14 - [TEST_STEP][PASSED] - click(findTestObject("1. Constant/02_LHSMenu_Projects")): Object: 'Object Repository/1. Constant/02_LHSMenu_Projects' is clicked on

2022-06-09 19:57:22 - [MESSAGE][PASSED] - Object: 'Object Repository/1. Constant/02_LHSMenu_Projects' is clicked on

2022-06-09 19:57:22 - [TEST_STEP][PASSED] - click(findTestObject("1. Constant/xpath", ["xpath":"//*[@id="kt_content"]/div[3]/div/div/div[1]/div[2]/a[1]"])): Object: 'Object Repository/1. Constant/xpath' is clicked on

2022-06-09 19:57:23 - [MESSAGE][PASSED] - Object: 'Object Repository/1. Constant/xpath' is clicked on

2022-06-09 19:57:23 - [TEST_STEP][PASSED] - delay(1): Delayed 1 second(s)

2022-06-09 19:57:24 - [MESSAGE][PASSED] - Delayed 1 second(s)

2022-06-09 19:57:24 - [TEST_STEP][PASSED] - takeScreenshot(): Taking screenshot successfully

2022-06-09 19:57:25 - [MESSAGE][PASSED] - Taking screenshot successfully
[[ATTACHMENT|D:\\Projet Test Auto\\Mediabox Test Automation\\Reports\\20220609_181011\\03. Parallel Testing (Testing)\\TS -PT PART 3\\08 Tag Mass Submit _ Import ref\\20220609_181054\\1654797445254.png]]

2022-06-09 19:57:25 - [TEST_STEP][PASSED] - I.SelectFromList_Value("//*[@id="project_template"]", "12"): Delayed 2 second(s)

2022-06-09 19:57:26 - [MESSAGE][PASSED] - All options with value '12' are selected in object 'Object Repository/1. Constant/xpath' 

2022-06-09 19:57:28 - [MESSAGE][PASSED] - Delayed 2 second(s)

2022-06-09 19:57:28 - [TEST_STEP][PASSED] - click(findTestObject("1. Constant/xpath", ["xpath":"//*[@id="ModifFiche"]/div[3]/div/button"])): Object: 'Object Repository/1. Constant/xpath' is clicked on

2022-06-09 19:57:35 - [MESSAGE][PASSED] - Object: 'Object Repository/1. Constant/xpath' is clicked on

2022-06-09 19:57:35 - [TEST_STEP][PASSED] - takeScreenshot(): Taking screenshot successfully

2022-06-09 19:57:37 - [MESSAGE][PASSED] - Taking screenshot successfully
[[ATTACHMENT|D:\\Projet Test Auto\\Mediabox Test Automation\\Reports\\20220609_181011\\03. Parallel Testing (Testing)\\TS -PT PART 3\\08 Tag Mass Submit _ Import ref\\20220609_181054\\1654797456806.png]]

2022-06-09 19:57:37 - [TEST_STEP][PASSED] - setText(findTestObject("1. Constant/xpath", ["xpath":"//*[@id="var_141"]"]), "Project:MASS SUBMIT (Empty Group)"): Text 'Project:MASS SUBMIT (Empty Group)' is set on object 'Object Repository/1. Constant/xpath'

2022-06-09 19:57:38 - [MESSAGE][PASSED] - Text 'Project:MASS SUBMIT (Empty Group)' is set on object 'Object Repository/1. Constant/xpath'

2022-06-09 19:57:38 - [TEST_STEP][PASSED] - delay(2): Delayed 2 second(s)

2022-06-09 19:57:40 - [MESSAGE][PASSED] - Delayed 2 second(s)

2022-06-09 19:57:40 - [TEST_STEP][PASSED] - I.SelectFromList_Value("//*[@id="var_116"]", "1070"): Delayed 2 second(s)

2022-06-09 19:57:40 - [MESSAGE][PASSED] - All options with value '1070' are selected in object 'Object Repository/1. Constant/xpath' 

2022-06-09 19:57:42 - [MESSAGE][PASSED] - Delayed 2 second(s)

2022-06-09 19:57:42 - [TEST_STEP][PASSED] - delay(2): Delayed 2 second(s)

2022-06-09 19:57:44 - [MESSAGE][PASSED] - Delayed 2 second(s)

2022-06-09 19:57:44 - [TEST_STEP][PASSED] - I.SelectFromList_Value("//*[@id="var_262"]", "16352"): Delayed 2 second(s)

2022-06-09 19:57:45 - [MESSAGE][PASSED] - All options with value '16352' are selected in object 'Object Repository/1. Constant/xpath' 

2022-06-09 19:57:47 - [MESSAGE][PASSED] - Delayed 2 second(s)

2022-06-09 19:57:47 - [TEST_STEP][PASSED] - delay(2): Delayed 2 second(s)

2022-06-09 19:57:49 - [MESSAGE][PASSED] - Delayed 2 second(s)

2022-06-09 19:57:49 - [TEST_STEP][PASSED] - I.SelectFromList_Value("//*[@id="var_15"]", "57"): Delayed 2 second(s)

2022-06-09 19:57:49 - [MESSAGE][PASSED] - All options with value '57' are selected in object 'Object Repository/1. Constant/xpath' 

2022-06-09 19:57:51 - [MESSAGE][PASSED] - Delayed 2 second(s)

2022-06-09 19:57:51 - [TEST_STEP][PASSED] - delay(2): Delayed 2 second(s)

2022-06-09 19:57:53 - [MESSAGE][PASSED] - Delayed 2 second(s)

2022-06-09 19:57:53 - [TEST_STEP][PASSED] - I.SelectFromList_Value("//*[@id="var_16"]", "58"): Delayed 2 second(s)

2022-06-09 19:57:53 - [MESSAGE][PASSED] - All options with value '58' are selected in object 'Object Repository/1. Constant/xpath' 

2022-06-09 19:57:55 - [MESSAGE][PASSED] - Delayed 2 second(s)

2022-06-09 19:57:55 - [TEST_STEP][PASSED] - scrollToElement(findTestObject("1. Constant/xpath", ["xpath":"//*[@id="var_15"]"]), 5): Scroll to object 'Object Repository/1. Constant/xpath' successfully

2022-06-09 19:57:55 - [MESSAGE][PASSED] - Scroll to object 'Object Repository/1. Constant/xpath' successfully

2022-06-09 19:57:55 - [TEST_STEP][PASSED] - delay(4): Delayed 4 second(s)

2022-06-09 19:57:59 - [MESSAGE][PASSED] - Delayed 4 second(s)

2022-06-09 19:57:59 - [TEST_STEP][PASSED] - I.SelectFromList_Value("//*[@id="var_20"]", "40"): Delayed 2 second(s)

2022-06-09 19:58:00 - [MESSAGE][PASSED] - All options with value '40' are selected in object 'Object Repository/1. Constant/xpath' 

2022-06-09 19:58:02 - [MESSAGE][PASSED] - Delayed 2 second(s)

2022-06-09 19:58:02 - [TEST_STEP][PASSED] - I.SelectFromList_Value("//*[@id="var_21"]", "197"): Delayed 2 second(s)

2022-06-09 19:58:02 - [MESSAGE][PASSED] - All options with value '197' are selected in object 'Object Repository/1. Constant/xpath' 

2022-06-09 19:58:04 - [MESSAGE][PASSED] - Delayed 2 second(s)

2022-06-09 19:58:04 - [TEST_STEP][PASSED] - I.select_multiplelist("//*[@id="selSource_24"]", "//*[@id="btnAdd_24"]", "pmareri"): Delayed 1 second(s)

2022-06-09 19:58:05 - [MESSAGE][PASSED] - Delayed 1 second(s)

2022-06-09 19:58:05 - [MESSAGE][PASSED] - All options with value 'pmareri' are selected in object 'Object Repository/1. Constant/xpath' 

2022-06-09 19:58:07 - [MESSAGE][PASSED] - Delayed 2 second(s)

2022-06-09 19:58:08 - [MESSAGE][PASSED] - Object: 'Object Repository/1. Constant/xpath' is clicked on

2022-06-09 19:58:09 - [MESSAGE][PASSED] - Delayed 1 second(s)

2022-06-09 19:58:09 - [TEST_STEP][PASSED] - Project_No = I.ProjectNo(): Current window's url is: 'http://mdb-release.diadeis.lan/MediaboxIndependence/Base/ExecAction?IDSession=MBI%21RELTESTAUTO_TAG%213UGBLWAPAS94HQR0LJJVLJ0BKCD1C3R1WAG2T1C3&default_action=ModifierProjet&id_project=MI003407'

2022-06-09 19:58:14 - [MESSAGE][PASSED] - Delayed 5 second(s)

2022-06-09 19:58:14 - [MESSAGE][PASSED] - Current window's url is: 'http://mdb-release.diadeis.lan/MediaboxIndependence/Base/ExecAction?IDSession=MBI%21RELTESTAUTO_TAG%213UGBLWAPAS94HQR0LJJVLJ0BKCD1C3R1WAG2T1C3&default_action=ModifierProjet&id_project=MI003407'

2022-06-09 19:58:14 - [TEST_STEP][PASSED] - takeScreenshot(): Taking screenshot successfully

2022-06-09 19:58:14 - [MESSAGE][PASSED] - Taking screenshot successfully
[[ATTACHMENT|D:\\Projet Test Auto\\Mediabox Test Automation\\Reports\\20220609_181011\\03. Parallel Testing (Testing)\\TS -PT PART 3\\08 Tag Mass Submit _ Import ref\\20220609_181054\\1654797494635.png]]

2022-06-09 19:58:14 - [TEST_STEP][PASSED] - click(findTestObject("1. Constant/xpath", ["xpath":"//*[@id="ModifFiche"]/div[3]/div/button/i"])): Object: 'Object Repository/1. Constant/xpath' is clicked on

2022-06-09 19:58:19 - [MESSAGE][PASSED] - Object: 'Object Repository/1. Constant/xpath' is clicked on

2022-06-09 19:58:19 - [TEST_STEP][PASSED] - delay(10): Delayed 10 second(s)

2022-06-09 19:58:29 - [MESSAGE][PASSED] - Delayed 10 second(s)

2022-06-09 19:58:29 - [TEST_STEP][PASSED] - takeScreenshot(): Taking screenshot successfully

2022-06-09 19:58:29 - [MESSAGE][PASSED] - Taking screenshot successfully
[[ATTACHMENT|D:\\Projet Test Auto\\Mediabox Test Automation\\Reports\\20220609_181011\\03. Parallel Testing (Testing)\\TS -PT PART 3\\08 Tag Mass Submit _ Import ref\\20220609_181054\\1654797509252.png]]

2022-06-09 19:58:29 - [TEST_STEP][PASSED] - click(findTestObject("1. Constant/xpath", ["xpath":"//*[@id="create_ref_btn"]/button"])): Object: 'Object Repository/1. Constant/xpath' is clicked on

2022-06-09 19:58:30 - [MESSAGE][PASSED] - Object: 'Object Repository/1. Constant/xpath' is clicked on

2022-06-09 19:58:30 - [TEST_STEP][PASSED] - click(findTestObject("1. Constant/xpath", ["xpath":"//*[@id="create_ref_btn"]/div/a[1]"])): Object: 'Object Repository/1. Constant/xpath' is clicked on

2022-06-09 19:58:32 - [MESSAGE][PASSED] - Object: 'Object Repository/1. Constant/xpath' is clicked on

2022-06-09 19:58:32 - [TEST_STEP][PASSED] - I.SelectFromList_Value("//*[@id="ref_type"]", "11"): Delayed 2 second(s)

2022-06-09 19:58:35 - [MESSAGE][PASSED] - All options with value '11' are selected in object 'Object Repository/1. Constant/xpath' 

2022-06-09 19:58:37 - [MESSAGE][PASSED] - Delayed 2 second(s)

2022-06-09 19:58:37 - [TEST_STEP][PASSED] - I.SelectFromList_Value("//*[@id="lfc_tpl"]", "43"): Delayed 2 second(s)

2022-06-09 19:58:39 - [MESSAGE][PASSED] - All options with value '43' are selected in object 'Object Repository/1. Constant/xpath' 

2022-06-09 19:58:41 - [MESSAGE][PASSED] - Delayed 2 second(s)

2022-06-09 19:58:41 - [TEST_STEP][PASSED] - takeScreenshot(): Taking screenshot successfully

2022-06-09 19:58:41 - [MESSAGE][PASSED] - Taking screenshot successfully
[[ATTACHMENT|D:\\Projet Test Auto\\Mediabox Test Automation\\Reports\\20220609_181011\\03. Parallel Testing (Testing)\\TS -PT PART 3\\08 Tag Mass Submit _ Import ref\\20220609_181054\\1654797521533.png]]

2022-06-09 19:58:41 - [TEST_STEP][PASSED] - click(findTestObject("1. Constant/xpath", ["xpath":"//*[@id="ModifFiche"]/div[1]/div/button"])): Object: 'Object Repository/1. Constant/xpath' is clicked on

2022-06-09 19:58:51 - [MESSAGE][PASSED] - Object: 'Object Repository/1. Constant/xpath' is clicked on

2022-06-09 19:58:51 - [TEST_STEP][PASSED] - delay(2): Delayed 2 second(s)

2022-06-09 19:58:53 - [MESSAGE][PASSED] - Delayed 2 second(s)

2022-06-09 19:58:53 - [TEST_STEP][PASSED] - refID = I.RefID_tag(): Current window's url is: 'http://mdb-release.diadeis.lan/MediaboxIndependence/Base/ExecAction?IDSession=MBI%21RELTESTAUTO_TAG%213UGBLWAPAS94HQR0LJJVLJ0BKCD1C3R1WAG2T1C3&default_action=ModifierRef&id_project=MI003407&id_ref=24435&action_from=create_ref'

2022-06-09 19:58:58 - [MESSAGE][PASSED] - Delayed 5 second(s)

2022-06-09 19:58:58 - [MESSAGE][PASSED] - Current window's url is: 'http://mdb-release.diadeis.lan/MediaboxIndependence/Base/ExecAction?IDSession=MBI%21RELTESTAUTO_TAG%213UGBLWAPAS94HQR0LJJVLJ0BKCD1C3R1WAG2T1C3&default_action=ModifierRef&id_project=MI003407&id_ref=24435&action_from=create_ref'

2022-06-09 19:58:58 - [TEST_STEP][PASSED] - takeScreenshot(): Taking screenshot successfully

2022-06-09 19:58:59 - [MESSAGE][PASSED] - Taking screenshot successfully
[[ATTACHMENT|D:\\Projet Test Auto\\Mediabox Test Automation\\Reports\\20220609_181011\\03. Parallel Testing (Testing)\\TS -PT PART 3\\08 Tag Mass Submit _ Import ref\\20220609_181054\\1654797539155.png]]

2022-06-09 19:58:59 - [TEST_STEP][PASSED] - click(findTestObject("1. Constant/xpath", ["xpath":"//*[@id="ModifFiche"]/div[1]/div[1]/a"])): Object: 'Object Repository/1. Constant/xpath' is clicked on

2022-06-09 19:59:04 - [MESSAGE][PASSED] - Object: 'Object Repository/1. Constant/xpath' is clicked on

2022-06-09 19:59:04 - [TEST_STEP][PASSED] - delay(1): Delayed 1 second(s)

2022-06-09 19:59:05 - [MESSAGE][PASSED] - Delayed 1 second(s)

2022-06-09 19:59:05 - [TEST_STEP][PASSED] - click(findTestObject("1. Constant/xpath", ["xpath":"//*[@id="source_" + refID + ""]/td[16]/div[1]/button"])): Object: 'Object Repository/1. Constant/xpath' is clicked on

2022-06-09 19:59:06 - [MESSAGE][PASSED] - Object: 'Object Repository/1. Constant/xpath' is clicked on

2022-06-09 19:59:06 - [TEST_STEP][PASSED] - delay(1): Delayed 1 second(s)

2022-06-09 19:59:07 - [MESSAGE][PASSED] - Delayed 1 second(s)

2022-06-09 19:59:07 - [TEST_STEP][PASSED] - click(findTestObject("1. Constant/xpath", ["xpath":"//*[@id="source_" + refID + ""]/td[16]/div[1]/div/a[1]"])): Object: 'Object Repository/1. Constant/xpath' is clicked on

2022-06-09 19:59:10 - [MESSAGE][PASSED] - Object: 'Object Repository/1. Constant/xpath' is clicked on

2022-06-09 19:59:10 - [TEST_STEP][PASSED] - takeScreenshot(): Taking screenshot successfully

2022-06-09 19:59:11 - [MESSAGE][PASSED] - Taking screenshot successfully
[[ATTACHMENT|D:\\Projet Test Auto\\Mediabox Test Automation\\Reports\\20220609_181011\\03. Parallel Testing (Testing)\\TS -PT PART 3\\08 Tag Mass Submit _ Import ref\\20220609_181054\\1654797550749.png]]

2022-06-09 19:59:11 - [TEST_STEP][PASSED] - I.SelectFromList_Value("//*[@id="lfc_tpl"]", "65"): Delayed 2 second(s)

2022-06-09 19:59:13 - [MESSAGE][PASSED] - All options with value '65' are selected in object 'Object Repository/1. Constant/xpath' 

2022-06-09 19:59:15 - [MESSAGE][PASSED] - Delayed 2 second(s)

2022-06-09 19:59:15 - [TEST_STEP][PASSED] - click(findTestObject("1. Constant/xpath", ["xpath":"//*[@id="ModifFiche"]/div[1]/div/button"])): Object: 'Object Repository/1. Constant/xpath' is clicked on

2022-06-09 19:59:26 - [MESSAGE][PASSED] - Object: 'Object Repository/1. Constant/xpath' is clicked on

2022-06-09 19:59:26 - [TEST_STEP][PASSED] - takeScreenshot(): Taking screenshot successfully

2022-06-09 19:59:27 - [MESSAGE][PASSED] - Taking screenshot successfully
[[ATTACHMENT|D:\\Projet Test Auto\\Mediabox Test Automation\\Reports\\20220609_181011\\03. Parallel Testing (Testing)\\TS -PT PART 3\\08 Tag Mass Submit _ Import ref\\20220609_181054\\1654797566614.png]]

2022-06-09 19:59:27 - [TEST_STEP][PASSED] - refId_d1 = I.RefID_tag(): Current window's url is: 'http://mdb-release.diadeis.lan/MediaboxIndependence/Base/ExecAction?IDSession=MBI%21RELTESTAUTO_TAG%213UGBLWAPAS94HQR0LJJVLJ0BKCD1C3R1WAG2T1C3&default_action=ModifierRef&id_project=MI003407&id_ref=24436&action_from=create_ref'

2022-06-09 19:59:32 - [MESSAGE][PASSED] - Delayed 5 second(s)

2022-06-09 19:59:32 - [MESSAGE][PASSED] - Current window's url is: 'http://mdb-release.diadeis.lan/MediaboxIndependence/Base/ExecAction?IDSession=MBI%21RELTESTAUTO_TAG%213UGBLWAPAS94HQR0LJJVLJ0BKCD1C3R1WAG2T1C3&default_action=ModifierRef&id_project=MI003407&id_ref=24436&action_from=create_ref'

2022-06-09 19:59:32 - [TEST_STEP][PASSED] - I.select_multiplelist("//*[@id="selSource_10"]", "//*[@id="btnAdd_10"]", "1303"): Delayed 1 second(s)

2022-06-09 19:59:33 - [MESSAGE][PASSED] - Delayed 1 second(s)

2022-06-09 19:59:33 - [MESSAGE][PASSED] - All options with value '1303' are selected in object 'Object Repository/1. Constant/xpath' 

2022-06-09 19:59:35 - [MESSAGE][PASSED] - Delayed 2 second(s)

2022-06-09 19:59:36 - [MESSAGE][PASSED] - Object: 'Object Repository/1. Constant/xpath' is clicked on

2022-06-09 19:59:37 - [MESSAGE][PASSED] - Delayed 1 second(s)

2022-06-09 19:59:37 - [TEST_STEP][PASSED] - I.SelectFromList_Value("//*[@id="var_166"]", "1191"): Delayed 2 second(s)

2022-06-09 19:59:37 - [MESSAGE][PASSED] - All options with value '1191' are selected in object 'Object Repository/1. Constant/xpath' 

2022-06-09 19:59:39 - [MESSAGE][PASSED] - Delayed 2 second(s)

2022-06-09 19:59:39 - [TEST_STEP][PASSED] - I.SelectFromList_Value("//*[@id="var_71"]", "1366"): Delayed 2 second(s)

2022-06-09 19:59:39 - [MESSAGE][PASSED] - All options with value '1366' are selected in object 'Object Repository/1. Constant/xpath' 

2022-06-09 19:59:41 - [MESSAGE][PASSED] - Delayed 2 second(s)

2022-06-09 19:59:41 - [TEST_STEP][PASSED] - I.select_multiplelist("//*[@id="selSource_72"]", "//*[@id="btnAdd_72"]", "1366"): Delayed 1 second(s)

2022-06-09 19:59:42 - [MESSAGE][PASSED] - Delayed 1 second(s)

2022-06-09 19:59:42 - [MESSAGE][PASSED] - All options with value '1366' are selected in object 'Object Repository/1. Constant/xpath' 

2022-06-09 19:59:44 - [MESSAGE][PASSED] - Delayed 2 second(s)

2022-06-09 19:59:44 - [MESSAGE][PASSED] - Object: 'Object Repository/1. Constant/xpath' is clicked on

2022-06-09 19:59:45 - [MESSAGE][PASSED] - Delayed 1 second(s)

2022-06-09 19:59:45 - [TEST_STEP][PASSED] - scrollToElement(findTestObject("1. Constant/xpath", ["xpath":"/html/body/div[1]/div[2]/div[4]/div[3]/div/div[2]/form/div[3]/div[1]/button"]), 20): Scroll to object 'Object Repository/1. Constant/xpath' successfully

2022-06-09 19:59:46 - [MESSAGE][PASSED] - Scroll to object 'Object Repository/1. Constant/xpath' successfully

2022-06-09 19:59:46 - [TEST_STEP][PASSED] - click(findTestObject("1. Constant/xpath", ["xpath":"/html/body/div[1]/div[2]/div[4]/div[3]/div/div[2]/form/div[3]/div[1]/button"])): Object: 'Object Repository/1. Constant/xpath' is clicked on

2022-06-09 19:59:53 - [MESSAGE][PASSED] - Object: 'Object Repository/1. Constant/xpath' is clicked on

2022-06-09 19:59:53 - [TEST_STEP][PASSED] - I.Logout(): Delayed 3 second(s)

2022-06-09 19:59:56 - [MESSAGE][PASSED] - Delayed 3 second(s)

2022-06-09 19:59:56 - [MESSAGE][PASSED] - Object: 'Object Repository/1. Constant/xpath' is clicked on

2022-06-09 19:59:59 - [MESSAGE][PASSED] - Delayed 3 second(s)

2022-06-09 20:00:01 - [MESSAGE][PASSED] - Object: 'Object Repository/1. Constant/xpath' is clicked on

2022-06-09 20:00:04 - [MESSAGE][PASSED] - Delayed 3 second(s)

2022-06-09 20:00:04 - [TEST_STEP][PASSED] - I.Login_password("pmareri", password_pmareri): Object: 'Object Repository/1. Constant/xpath' is clicked on

2022-06-09 20:00:05 - [MESSAGE][PASSED] - Text 'pmareri' is set on object 'Object Repository/1. Constant/xpath'

2022-06-09 20:00:06 - [MESSAGE][PASSED] - Delayed 1 second(s)

2022-06-09 20:00:07 - [MESSAGE][PASSED] - Text 'dchi' is set on object 'Object Repository/1. Constant/xpath'

2022-06-09 20:00:08 - [MESSAGE][PASSED] - Delayed 1 second(s)

2022-06-09 20:00:11 - [MESSAGE][PASSED] - Object: 'Object Repository/1. Constant/xpath' is clicked on

2022-06-09 20:00:11 - [TEST_STEP][PASSED] - click(findTestObject("1. Constant/02_LHSMenu_Projects")): Object: 'Object Repository/1. Constant/02_LHSMenu_Projects' is clicked on

2022-06-09 20:00:17 - [MESSAGE][PASSED] - Object: 'Object Repository/1. Constant/02_LHSMenu_Projects' is clicked on

2022-06-09 20:00:17 - [TEST_STEP][PASSED] - I.SearchProjectNo_xpath(Project_No, "//*[@id="keynum_project"]", "//*[@id="form_filters"]/div[8]/button"): Delayed 5 second(s)

2022-06-09 20:00:18 - [MESSAGE][PASSED] - Delayed 1 second(s)

2022-06-09 20:00:19 - [MESSAGE][PASSED] - Text 'MI003407' is set on object 'Object Repository/1. Constant/xpath'

2022-06-09 20:00:22 - [MESSAGE][PASSED] - Delayed 3 second(s)

2022-06-09 20:00:23 - [MESSAGE][PASSED] - Scroll to object 'Object Repository/1. Constant/xpath' successfully

2022-06-09 20:00:30 - [MESSAGE][PASSED] - Object: 'Object Repository/1. Constant/xpath' is clicked on

2022-06-09 20:00:35 - [MESSAGE][PASSED] - Delayed 5 second(s)

2022-06-09 20:00:35 - [TEST_STEP][PASSED] - takeScreenshot(): Taking screenshot successfully

2022-06-09 20:00:35 - [MESSAGE][PASSED] - Taking screenshot successfully
[[ATTACHMENT|D:\\Projet Test Auto\\Mediabox Test Automation\\Reports\\20220609_181011\\03. Parallel Testing (Testing)\\TS -PT PART 3\\08 Tag Mass Submit _ Import ref\\20220609_181054\\1654797635080.png]]

2022-06-09 20:00:35 - [TEST_STEP][PASSED] - delay(1): Delayed 1 second(s)

2022-06-09 20:00:36 - [MESSAGE][PASSED] - Delayed 1 second(s)

2022-06-09 20:00:36 - [TEST_STEP][PASSED] - click(findTestObject("1. Constant/xpath", ["xpath":"//*[@id="kt_content"]/div[3]/div/div[2]/div[1]/div[2]/span/div[2]/button"])): Object: 'Object Repository/1. Constant/xpath' is clicked on

2022-06-09 20:00:37 - [MESSAGE][PASSED] - Object: 'Object Repository/1. Constant/xpath' is clicked on

2022-06-09 20:00:37 - [TEST_STEP][PASSED] - takeScreenshot(): Taking screenshot successfully

2022-06-09 20:00:37 - [MESSAGE][PASSED] - Taking screenshot successfully
[[ATTACHMENT|D:\\Projet Test Auto\\Mediabox Test Automation\\Reports\\20220609_181011\\03. Parallel Testing (Testing)\\TS -PT PART 3\\08 Tag Mass Submit _ Import ref\\20220609_181054\\1654797637605.png]]

2022-06-09 20:00:37 - [TEST_STEP][PASSED] - delay(1): Delayed 1 second(s)

2022-06-09 20:00:38 - [MESSAGE][PASSED] - Delayed 1 second(s)

2022-06-09 20:00:38 - [TEST_STEP][PASSED] - click(findTestObject("1. Constant/xpath", ["xpath":"/html/body/div[1]/div[2]/div[4]/div[3]/div/div[2]/div[1]/div[2]/span/div[2]/div/a[1]"])): Object: 'Object Repository/1. Constant/xpath' is clicked on

2022-06-09 20:00:39 - [MESSAGE][PASSED] - Object: 'Object Repository/1. Constant/xpath' is clicked on

2022-06-09 20:00:39 - [TEST_STEP][PASSED] - takeScreenshot(): Taking screenshot successfully

2022-06-09 20:00:39 - [MESSAGE][PASSED] - Taking screenshot successfully
[[ATTACHMENT|D:\\Projet Test Auto\\Mediabox Test Automation\\Reports\\20220609_181011\\03. Parallel Testing (Testing)\\TS -PT PART 3\\08 Tag Mass Submit _ Import ref\\20220609_181054\\1654797639442.png]]

2022-06-09 20:00:39 - [TEST_STEP][PASSED] - check(findTestObject("1. Constant/xpath", ["xpath":"//*[@id="source_" + refId_d1 + ""]/td[1]/label"])): Object 'Object Repository/1. Constant/xpath' is checked

2022-06-09 20:00:40 - [MESSAGE][PASSED] - Object 'Object Repository/1. Constant/xpath' is checked

2022-06-09 20:00:40 - [TEST_STEP][PASSED] - click(findTestObject("1. Constant/xpath", ["xpath":"//*[@id="action_btnMassSubmit"]"])): Object: 'Object Repository/1. Constant/xpath' is clicked on

2022-06-09 20:00:40 - [MESSAGE][PASSED] - Object: 'Object Repository/1. Constant/xpath' is clicked on

2022-06-09 20:00:40 - [TEST_STEP][PASSED] - takeScreenshot(): Taking screenshot successfully

2022-06-09 20:00:41 - [MESSAGE][PASSED] - Taking screenshot successfully
[[ATTACHMENT|D:\\Projet Test Auto\\Mediabox Test Automation\\Reports\\20220609_181011\\03. Parallel Testing (Testing)\\TS -PT PART 3\\08 Tag Mass Submit _ Import ref\\20220609_181054\\1654797640782.png]]

2022-06-09 20:00:41 - [TEST_STEP][PASSED] - Actual_text1 = getText(findTestObject("1. Constant/xpath", ["xpath":"//*[@id="tablecontentNOK"]/table/tbody/tr/td[2]"])): Text of object 'Object Repository/1. Constant/xpath' is: 'Missing mandatory information at reference level
empty groups'

2022-06-09 20:00:41 - [MESSAGE][PASSED] - Text of object 'Object Repository/1. Constant/xpath' is: 'Missing mandatory information at reference level
empty groups'

2022-06-09 20:00:41 - [TEST_STEP][PASSED] - I.print(Actual_text1): null

2022-06-09 20:00:41 - [TEST_STEP][PASSED] - verifyMatch(Actual_text1, "Missing mandatory information at reference level" + "
" + "empty groups", false): Actual text 'Missing mandatory information at reference level
empty groups' and expected text 'Missing mandatory information at reference level
empty groups' are matched 

2022-06-09 20:00:41 - [MESSAGE][PASSED] - Actual text 'Missing mandatory information at reference level
empty groups' and expected text 'Missing mandatory information at reference level
empty groups' are matched 

2022-06-09 20:00:41 - [TEST_STEP][PASSED] - verifyElementNotClickable(findTestObject("1. Constant/xpath", ["xpath":"//*[@id="btn_submit_mass_submit"]"])): Object 'Object Repository/1. Constant/xpath' is NOT clickable

2022-06-09 20:00:41 - [MESSAGE][PASSED] - Object 'Object Repository/1. Constant/xpath' is NOT clickable

2022-06-09 20:00:41 - [TEST_STEP][PASSED] - click(findTestObject("1. Constant/xpath", ["xpath":"//*[@id="modal_mass_submit"]/div/div/div[2]/div[2]/div/button[1]"])): Object: 'Object Repository/1. Constant/xpath' is clicked on

2022-06-09 20:00:42 - [MESSAGE][PASSED] - Object: 'Object Repository/1. Constant/xpath' is clicked on

2022-06-09 20:00:42 - [TEST_STEP][PASSED] - takeScreenshot(): Taking screenshot successfully

2022-06-09 20:00:43 - [MESSAGE][PASSED] - Taking screenshot successfully
[[ATTACHMENT|D:\\Projet Test Auto\\Mediabox Test Automation\\Reports\\20220609_181011\\03. Parallel Testing (Testing)\\TS -PT PART 3\\08 Tag Mass Submit _ Import ref\\20220609_181054\\1654797642883.png]]

2022-06-09 20:00:43 - [TEST_STEP][PASSED] - click(findTestObject("1. Constant/xpath", ["xpath":"//*[@id="source_" + refId_d1 + ""]/td[15]/a[1]"])): Object: 'Object Repository/1. Constant/xpath' is clicked on

2022-06-09 20:00:48 - [MESSAGE][PASSED] - Object: 'Object Repository/1. Constant/xpath' is clicked on

2022-06-09 20:00:48 - [TEST_STEP][PASSED] - setText(findTestObject("1. Constant/xpath", ["xpath":"//*[@id="var_89"]"]), "12/12/2030"): Text '12/12/2030' is set on object 'Object Repository/1. Constant/xpath'

2022-06-09 20:00:50 - [MESSAGE][PASSED] - Text '12/12/2030' is set on object 'Object Repository/1. Constant/xpath'

2022-06-09 20:00:50 - [TEST_STEP][PASSED] - click(findTestObject("1. Constant/xpath", ["xpath":"//*[@id="ModifFiche"]/div[3]/div/button[1]"])): Object: 'Object Repository/1. Constant/xpath' is clicked on

2022-06-09 20:00:56 - [MESSAGE][PASSED] - Object: 'Object Repository/1. Constant/xpath' is clicked on

2022-06-09 20:00:56 - [TEST_STEP][PASSED] - click(findTestObject("1. Constant/xpath", ["xpath":"//*[@id="kt_content"]/div[3]/div/div[2]/div[1]/div[2]/span/div[2]/button"])): Object: 'Object Repository/1. Constant/xpath' is clicked on

2022-06-09 20:00:56 - [MESSAGE][PASSED] - Object: 'Object Repository/1. Constant/xpath' is clicked on

2022-06-09 20:00:56 - [TEST_STEP][PASSED] - takeScreenshot(): Taking screenshot successfully

2022-06-09 20:00:56 - [MESSAGE][PASSED] - Taking screenshot successfully
[[ATTACHMENT|D:\\Projet Test Auto\\Mediabox Test Automation\\Reports\\20220609_181011\\03. Parallel Testing (Testing)\\TS -PT PART 3\\08 Tag Mass Submit _ Import ref\\20220609_181054\\1654797656416.png]]

2022-06-09 20:00:56 - [TEST_STEP][PASSED] - delay(1): Delayed 1 second(s)

2022-06-09 20:00:57 - [MESSAGE][PASSED] - Delayed 1 second(s)

2022-06-09 20:00:57 - [TEST_STEP][PASSED] - click(findTestObject("1. Constant/xpath", ["xpath":"/html/body/div[1]/div[2]/div[4]/div[3]/div/div[2]/div[1]/div[2]/span/div[2]/div/a[1]"])): Object: 'Object Repository/1. Constant/xpath' is clicked on

2022-06-09 20:00:59 - [MESSAGE][PASSED] - Object: 'Object Repository/1. Constant/xpath' is clicked on

2022-06-09 20:00:59 - [TEST_STEP][PASSED] - takeScreenshot(): Taking screenshot successfully

2022-06-09 20:00:59 - [MESSAGE][PASSED] - Taking screenshot successfully
[[ATTACHMENT|D:\\Projet Test Auto\\Mediabox Test Automation\\Reports\\20220609_181011\\03. Parallel Testing (Testing)\\TS -PT PART 3\\08 Tag Mass Submit _ Import ref\\20220609_181054\\1654797659128.png]]

2022-06-09 20:00:59 - [TEST_STEP][PASSED] - check(findTestObject("1. Constant/xpath", ["xpath":"//*[@id="source_" + refId_d1 + ""]/td[1]/label"])): Object 'Object Repository/1. Constant/xpath' is checked

2022-06-09 20:00:59 - [MESSAGE][PASSED] - Object 'Object Repository/1. Constant/xpath' is checked

2022-06-09 20:00:59 - [TEST_STEP][PASSED] - click(findTestObject("1. Constant/xpath", ["xpath":"//*[@id="action_btnMassSubmit"]"])): Object: 'Object Repository/1. Constant/xpath' is clicked on

2022-06-09 20:01:00 - [MESSAGE][PASSED] - Object: 'Object Repository/1. Constant/xpath' is clicked on

2022-06-09 20:01:00 - [TEST_STEP][PASSED] - takeScreenshot(): Taking screenshot successfully

2022-06-09 20:01:01 - [MESSAGE][PASSED] - Taking screenshot successfully
[[ATTACHMENT|D:\\Projet Test Auto\\Mediabox Test Automation\\Reports\\20220609_181011\\03. Parallel Testing (Testing)\\TS -PT PART 3\\08 Tag Mass Submit _ Import ref\\20220609_181054\\1654797660981.png]]

2022-06-09 20:01:01 - [TEST_STEP][PASSED] - Actual_text2 = getText(findTestObject("1. Constant/xpath", ["xpath":"//*[@id="tablecontentNOK"]/table/tbody/tr/td[2]"])): Text of object 'Object Repository/1. Constant/xpath' is: 'empty groups'

2022-06-09 20:01:01 - [MESSAGE][PASSED] - Text of object 'Object Repository/1. Constant/xpath' is: 'empty groups'

2022-06-09 20:01:01 - [TEST_STEP][PASSED] - I.print(Actual_text2): null

2022-06-09 20:01:01 - [TEST_STEP][PASSED] - verifyMatch(Actual_text2, "empty groups", false): Actual text 'empty groups' and expected text 'empty groups' are matched 

2022-06-09 20:01:01 - [MESSAGE][PASSED] - Actual text 'empty groups' and expected text 'empty groups' are matched 

2022-06-09 20:01:01 - [TEST_STEP][PASSED] - verifyElementNotClickable(findTestObject("1. Constant/xpath", ["xpath":"//*[@id="btn_submit_mass_submit"]"])): Object 'Object Repository/1. Constant/xpath' is NOT clickable

2022-06-09 20:01:01 - [MESSAGE][PASSED] - Object 'Object Repository/1. Constant/xpath' is NOT clickable

2022-06-09 20:01:01 - [TEST_STEP][PASSED] - click(findTestObject("1. Constant/xpath", ["xpath":"//*[@id="modal_mass_submit"]/div/div/div[2]/div[2]/div/button[1]"])): Object: 'Object Repository/1. Constant/xpath' is clicked on

2022-06-09 20:01:01 - [MESSAGE][PASSED] - Object: 'Object Repository/1. Constant/xpath' is clicked on

2022-06-09 20:01:01 - [TEST_STEP][PASSED] - takeScreenshot(): Taking screenshot successfully

2022-06-09 20:01:02 - [MESSAGE][PASSED] - Taking screenshot successfully
[[ATTACHMENT|D:\\Projet Test Auto\\Mediabox Test Automation\\Reports\\20220609_181011\\03. Parallel Testing (Testing)\\TS -PT PART 3\\08 Tag Mass Submit _ Import ref\\20220609_181054\\1654797661840.png]]

2022-06-09 20:01:02 - [TEST_STEP][PASSED] - click(findTestObject("1. Constant/xpath", ["xpath":"//*[@id="source_" + refId_d1 + ""]/td[15]/a[1]"])): Object: 'Object Repository/1. Constant/xpath' is clicked on

2022-06-09 20:01:05 - [MESSAGE][PASSED] - Object: 'Object Repository/1. Constant/xpath' is clicked on

2022-06-09 20:01:05 - [TEST_STEP][PASSED] - I.select_multiplelist("//*[@id="selSource_10"]", "//*[@id="btnAdd_10"]", "1040"): Delayed 1 second(s)

2022-06-09 20:01:06 - [MESSAGE][PASSED] - Delayed 1 second(s)

2022-06-09 20:01:07 - [MESSAGE][PASSED] - All options with value '1040' are selected in object 'Object Repository/1. Constant/xpath' 

2022-06-09 20:01:09 - [MESSAGE][PASSED] - Delayed 2 second(s)

2022-06-09 20:01:11 - [MESSAGE][PASSED] - Object: 'Object Repository/1. Constant/xpath' is clicked on

2022-06-09 20:01:12 - [MESSAGE][PASSED] - Delayed 1 second(s)

2022-06-09 20:01:12 - [TEST_STEP][PASSED] - I.SelectFromList_Value("//*[@id="var_71"]", "1055"): Delayed 2 second(s)

2022-06-09 20:01:14 - [MESSAGE][PASSED] - All options with value '1055' are selected in object 'Object Repository/1. Constant/xpath' 

2022-06-09 20:01:16 - [MESSAGE][PASSED] - Delayed 2 second(s)

2022-06-09 20:01:16 - [TEST_STEP][PASSED] - I.select_multiplelist("//*[@id="selSource_72"]", "//*[@id="btnAdd_72"]", "1055"): Delayed 1 second(s)

2022-06-09 20:01:17 - [MESSAGE][PASSED] - Delayed 1 second(s)

2022-06-09 20:01:17 - [MESSAGE][PASSED] - All options with value '1055' are selected in object 'Object Repository/1. Constant/xpath' 

2022-06-09 20:01:19 - [MESSAGE][PASSED] - Delayed 2 second(s)

2022-06-09 20:01:19 - [MESSAGE][PASSED] - Object: 'Object Repository/1. Constant/xpath' is clicked on

2022-06-09 20:01:20 - [MESSAGE][PASSED] - Delayed 1 second(s)

2022-06-09 20:01:20 - [TEST_STEP][PASSED] - I.Pagedown(): Execute JavaScript 'window.scrollTo(0, document.body.scrollHeight)' successfully

2022-06-09 20:01:21 - [MESSAGE][PASSED] - Execute JavaScript 'window.scrollTo(0, document.body.scrollHeight)' successfully

2022-06-09 20:01:21 - [TEST_STEP][PASSED] - click(findTestObject("1. Constant/xpath", ["xpath":"//*[@id="ModifFiche"]/div[3]/div/button[1]"])): Object: 'Object Repository/1. Constant/xpath' is clicked on

2022-06-09 20:01:26 - [MESSAGE][PASSED] - Object: 'Object Repository/1. Constant/xpath' is clicked on

2022-06-09 20:01:26 - [TEST_STEP][PASSED] - click(findTestObject("1. Constant/xpath", ["xpath":"//*[@id="kt_content"]/div[3]/div/div[2]/div[1]/div[2]/span/div[2]/button"])): Object: 'Object Repository/1. Constant/xpath' is clicked on

2022-06-09 20:01:27 - [MESSAGE][PASSED] - Object: 'Object Repository/1. Constant/xpath' is clicked on

2022-06-09 20:01:27 - [TEST_STEP][PASSED] - takeScreenshot(): Taking screenshot successfully

2022-06-09 20:01:28 - [MESSAGE][PASSED] - Taking screenshot successfully
[[ATTACHMENT|D:\\Projet Test Auto\\Mediabox Test Automation\\Reports\\20220609_181011\\03. Parallel Testing (Testing)\\TS -PT PART 3\\08 Tag Mass Submit _ Import ref\\20220609_181054\\1654797687752.png]]

2022-06-09 20:01:28 - [TEST_STEP][PASSED] - delay(1): Delayed 1 second(s)

2022-06-09 20:01:29 - [MESSAGE][PASSED] - Delayed 1 second(s)

2022-06-09 20:01:29 - [TEST_STEP][PASSED] - click(findTestObject("1. Constant/xpath", ["xpath":"/html/body/div[1]/div[2]/div[4]/div[3]/div/div[2]/div[1]/div[2]/span/div[2]/div/a[1]"])): Object: 'Object Repository/1. Constant/xpath' is clicked on

2022-06-09 20:01:29 - [MESSAGE][PASSED] - Object: 'Object Repository/1. Constant/xpath' is clicked on

2022-06-09 20:01:29 - [TEST_STEP][PASSED] - takeScreenshot(): Taking screenshot successfully

2022-06-09 20:01:29 - [MESSAGE][PASSED] - Taking screenshot successfully
[[ATTACHMENT|D:\\Projet Test Auto\\Mediabox Test Automation\\Reports\\20220609_181011\\03. Parallel Testing (Testing)\\TS -PT PART 3\\08 Tag Mass Submit _ Import ref\\20220609_181054\\1654797689540.png]]

2022-06-09 20:01:29 - [TEST_STEP][PASSED] - check(findTestObject("1. Constant/xpath", ["xpath":"//*[@id="source_" + refId_d1 + ""]/td[1]/label"])): Object 'Object Repository/1. Constant/xpath' is checked

2022-06-09 20:01:30 - [MESSAGE][PASSED] - Object 'Object Repository/1. Constant/xpath' is checked

2022-06-09 20:01:30 - [TEST_STEP][PASSED] - click(findTestObject("1. Constant/xpath", ["xpath":"//*[@id="action_btnMassSubmit"]"])): Object: 'Object Repository/1. Constant/xpath' is clicked on

2022-06-09 20:01:31 - [MESSAGE][PASSED] - Object: 'Object Repository/1. Constant/xpath' is clicked on

2022-06-09 20:01:31 - [TEST_STEP][PASSED] - takeScreenshot(): Taking screenshot successfully

2022-06-09 20:01:31 - [MESSAGE][PASSED] - Taking screenshot successfully
[[ATTACHMENT|D:\\Projet Test Auto\\Mediabox Test Automation\\Reports\\20220609_181011\\03. Parallel Testing (Testing)\\TS -PT PART 3\\08 Tag Mass Submit _ Import ref\\20220609_181054\\1654797691203.png]]

2022-06-09 20:01:31 - [TEST_STEP][PASSED] - Actual_text3 = getText(findTestObject("1. Constant/xpath", ["xpath":"//*[@id="tablecontentOK"]/table/tbody/tr/td[2]"])): Text of object 'Object Repository/1. Constant/xpath' is: 'Leader MKT: Brief completion'

2022-06-09 20:01:31 - [MESSAGE][PASSED] - Text of object 'Object Repository/1. Constant/xpath' is: 'Leader MKT: Brief completion'

2022-06-09 20:01:31 - [TEST_STEP][PASSED] - I.print(Actual_text3): null

2022-06-09 20:01:31 - [TEST_STEP][PASSED] - verifyMatch(Actual_text3, "Leader MKT: Brief completion", false): Actual text 'Leader MKT: Brief completion' and expected text 'Leader MKT: Brief completion' are matched 

2022-06-09 20:01:31 - [MESSAGE][PASSED] - Actual text 'Leader MKT: Brief completion' and expected text 'Leader MKT: Brief completion' are matched 

2022-06-09 20:01:31 - [TEST_STEP][PASSED] - click(findTestObject("1. Constant/xpath", ["xpath":"//*[@id="btn_submit_mass_submit"]"])): Object: 'Object Repository/1. Constant/xpath' is clicked on

2022-06-09 20:01:37 - [MESSAGE][PASSED] - Object: 'Object Repository/1. Constant/xpath' is clicked on

2022-06-09 20:01:37 - [TEST_STEP][PASSED] - takeScreenshot(): Taking screenshot successfully

2022-06-09 20:01:37 - [MESSAGE][PASSED] - Taking screenshot successfully
[[ATTACHMENT|D:\\Projet Test Auto\\Mediabox Test Automation\\Reports\\20220609_181011\\03. Parallel Testing (Testing)\\TS -PT PART 3\\08 Tag Mass Submit _ Import ref\\20220609_181054\\1654797697159.png]]

2022-06-09 20:01:37 - [TEST_STEP][PASSED] - delay(1): Delayed 1 second(s)

2022-06-09 20:01:38 - [MESSAGE][PASSED] - Delayed 1 second(s)

2022-06-09 20:01:38 - [TEST_STEP][PASSED] - Actual_text4 = getText(findTestObject("1. Constant/xpath", ["xpath":"//*[@id="source_" + refId_d1 + ""]/td[13]/span[1]"])): Text of object 'Object Repository/1. Constant/xpath' is: 'Leader MKT: Brief completion'

2022-06-09 20:01:38 - [MESSAGE][PASSED] - Text of object 'Object Repository/1. Constant/xpath' is: 'Leader MKT: Brief completion'

2022-06-09 20:01:38 - [TEST_STEP][PASSED] - I.print(Actual_text4): null

2022-06-09 20:01:38 - [TEST_STEP][PASSED] - verifyMatch(Actual_text4, "Leader MKT: Brief completion", false): Actual text 'Leader MKT: Brief completion' and expected text 'Leader MKT: Brief completion' are matched 

2022-06-09 20:01:38 - [MESSAGE][PASSED] - Actual text 'Leader MKT: Brief completion' and expected text 'Leader MKT: Brief completion' are matched 

2022-06-09 20:01:38 - [TEST_STEP][PASSED] - closeBrowser(): Browser is closed

2022-06-09 20:01:39 - [MESSAGE][PASSED] - Browser is closed

2022-06-09 20:01:39 - [TEST_STEP][PASSED] - Start listener action : sampleAfterTestCase: null]]></system-out>
         <system-err><![CDATA[]]></system-err>
      </testcase>
      <testcase name="Test Cases/06. Tag _ Dreyers _ NPP Mass Submit/6.07 Dreyers MassSubmit_Lifecyclecondition" time="164.797" classname="Test Cases/06. Tag _ Dreyers _ NPP Mass Submit/6.07 Dreyers MassSubmit_Lifecyclecondition" status="PASSED">
         <system-out><![CDATA[2022-06-09 20:01:39 - [TEST_CASE][PASSED] - Test Cases/06. Tag _ Dreyers _ NPP Mass Submit/6.07 Dreyers MassSubmit_Lifecyclecondition: Test Cases/06. Tag _ Dreyers _ NPP Mass Submit/6.07 Dreyers MassSubmit_Lifecyclecondition

2022-06-09 20:01:39 - [TEST_STEP][PASSED] - data_Dreyers = findTestData("Data Files/Username_Password/Dreyer"): null

2022-06-09 20:01:39 - [TEST_STEP][PASSED] - password_suser = data_Dreyers.getValue(2, 1): null

2022-06-09 20:01:39 - [TEST_STEP][PASSED] - password_blemco = data_Dreyers.getValue(2, 2): null

2022-06-09 20:01:39 - [TEST_STEP][PASSED] - password_amassoth = data_Dreyers.getValue(2, 3): null

2022-06-09 20:01:39 - [TEST_STEP][PASSED] - password_bharandi = data_Dreyers.getValue(2, 4): null

2022-06-09 20:01:39 - [TEST_STEP][PASSED] - password_mbaughman = data_Dreyers.getValue(2, 5): null

2022-06-09 20:01:39 - [TEST_STEP][PASSED] - data_urlRELAUTO = findTestData("Data Files/URL/URL_relauto"): null

2022-06-09 20:01:39 - [TEST_STEP][PASSED] - Url_Dreyer = data_urlRELAUTO.getValue(2, 4): null

2022-06-09 20:01:39 - [TEST_STEP][PASSED] - openBrowser(Url_Dreyer): Browser is opened with url: 'http://mdb-release.diadeis.lan/MediaboxIndependence/?MBI_datasource=RELTESTAUTO_DREYERS'

2022-06-09 20:01:39 - [MESSAGE][INFO] - Starting 'Chrome (headless)' driver

2022-06-09 20:01:39 - [MESSAGE][INFO] - User set preference: ['args', '[--window-size=1920,1080, --headless]']

2022-06-09 20:01:39 - [MESSAGE][INFO] - Action delay is set to 0 milliseconds

2022-06-09 20:01:45 - [MESSAGE][PASSED] - Browser is opened with url: 'http://mdb-release.diadeis.lan/MediaboxIndependence/?MBI_datasource=RELTESTAUTO_DREYERS'

2022-06-09 20:01:45 - [TEST_STEP][PASSED] - maximizeWindow(): Current window maximized

2022-06-09 20:01:45 - [MESSAGE][PASSED] - Current window maximized

2022-06-09 20:01:45 - [TEST_STEP][PASSED] - waitForPageLoad(30): Wait for page load successfully

2022-06-09 20:01:45 - [MESSAGE][PASSED] - Wait for page load successfully

2022-06-09 20:01:45 - [TEST_STEP][PASSED] - takeScreenshot(): Taking screenshot successfully

2022-06-09 20:01:46 - [MESSAGE][PASSED] - Taking screenshot successfully
[[ATTACHMENT|D:\\Projet Test Auto\\Mediabox Test Automation\\Reports\\20220609_181011\\03. Parallel Testing (Testing)\\TS -PT PART 3\\08 Tag Mass Submit _ Import ref\\20220609_181054\\1654797705919.png]]

2022-06-09 20:01:46 - [TEST_STEP][PASSED] - I.Login_password("blemco", password_blemco): Object: 'Object Repository/1. Constant/xpath' is clicked on

2022-06-09 20:01:46 - [MESSAGE][PASSED] - Text 'blemco' is set on object 'Object Repository/1. Constant/xpath'

2022-06-09 20:01:47 - [MESSAGE][PASSED] - Delayed 1 second(s)

2022-06-09 20:01:47 - [MESSAGE][PASSED] - Text 'diadeis1' is set on object 'Object Repository/1. Constant/xpath'

2022-06-09 20:01:48 - [MESSAGE][PASSED] - Delayed 1 second(s)

2022-06-09 20:01:55 - [MESSAGE][PASSED] - Object: 'Object Repository/1. Constant/xpath' is clicked on

2022-06-09 20:01:55 - [TEST_STEP][PASSED] - delay(1): Delayed 1 second(s)

2022-06-09 20:01:56 - [MESSAGE][PASSED] - Delayed 1 second(s)

2022-06-09 20:01:56 - [TEST_STEP][PASSED] - click(findTestObject("1. Constant/02_LHSMenu_Projects")): Object: 'Object Repository/1. Constant/02_LHSMenu_Projects' is clicked on

2022-06-09 20:02:04 - [MESSAGE][PASSED] - Object: 'Object Repository/1. Constant/02_LHSMenu_Projects' is clicked on

2022-06-09 20:02:04 - [TEST_STEP][PASSED] - click(findTestObject("1. Constant/xpath", ["xpath":"//*[@id="kt_content"]/div[3]/div/div/div[1]/div[2]/a[1]"])): Object: 'Object Repository/1. Constant/xpath' is clicked on

2022-06-09 20:02:08 - [MESSAGE][PASSED] - Object: 'Object Repository/1. Constant/xpath' is clicked on

2022-06-09 20:02:08 - [TEST_STEP][PASSED] - takeScreenshot(): Taking screenshot successfully

2022-06-09 20:02:08 - [MESSAGE][PASSED] - Taking screenshot successfully
[[ATTACHMENT|D:\\Projet Test Auto\\Mediabox Test Automation\\Reports\\20220609_181011\\03. Parallel Testing (Testing)\\TS -PT PART 3\\08 Tag Mass Submit _ Import ref\\20220609_181054\\1654797728127.png]]

2022-06-09 20:02:08 - [TEST_STEP][PASSED] - I.click_button_javascript(findTestObject("1. Constant/xpath", ["xpath":"//*[@id="field_var_24"]/div/div/label[2]"])): Execute JavaScript 'arguments[0].click()' successfully

2022-06-09 20:02:08 - [MESSAGE][PASSED] - Execute JavaScript 'arguments[0].click()' successfully

2022-06-09 20:02:08 - [TEST_STEP][PASSED] - selectOptionByValue(findTestObject("1. Constant/xpath", ["xpath":"//*[@id="var_89"]"]), "123", false): All options with value '123' are selected in object 'Object Repository/1. Constant/xpath' 

2022-06-09 20:02:09 - [MESSAGE][PASSED] - All options with value '123' are selected in object 'Object Repository/1. Constant/xpath' 

2022-06-09 20:02:09 - [TEST_STEP][PASSED] - selectOptionByValue(findTestObject("1. Constant/xpath", ["xpath":"//*[@id="selSource_25"]"]), "modonnell", false): All options with value 'modonnell' are selected in object 'Object Repository/1. Constant/xpath' 

2022-06-09 20:02:09 - [MESSAGE][PASSED] - All options with value 'modonnell' are selected in object 'Object Repository/1. Constant/xpath' 

2022-06-09 20:02:09 - [TEST_STEP][PASSED] - I.select_multiplelist("//*[@id="selSource_25"]", "//*[@id="btnAdd_25"]", "blemco"): Delayed 1 second(s)

2022-06-09 20:02:10 - [MESSAGE][PASSED] - Delayed 1 second(s)

2022-06-09 20:02:10 - [MESSAGE][PASSED] - All options with value 'blemco' are selected in object 'Object Repository/1. Constant/xpath' 

2022-06-09 20:02:12 - [MESSAGE][PASSED] - Delayed 2 second(s)

2022-06-09 20:02:13 - [MESSAGE][PASSED] - Object: 'Object Repository/1. Constant/xpath' is clicked on

2022-06-09 20:02:14 - [MESSAGE][PASSED] - Delayed 1 second(s)

2022-06-09 20:02:14 - [TEST_STEP][PASSED] - selectOptionByValue(findTestObject("1. Constant/xpath", ["xpath":"//*[@id="var_9"]"]), "18", false): All options with value '18' are selected in object 'Object Repository/1. Constant/xpath' 

2022-06-09 20:02:15 - [MESSAGE][PASSED] - All options with value '18' are selected in object 'Object Repository/1. Constant/xpath' 

2022-06-09 20:02:15 - [TEST_STEP][PASSED] - selectOptionByValue(findTestObject("1. Constant/xpath", ["xpath":"//*[@id="var_52"]"]), "111", false): All options with value '111' are selected in object 'Object Repository/1. Constant/xpath' 

2022-06-09 20:02:15 - [MESSAGE][PASSED] - All options with value '111' are selected in object 'Object Repository/1. Constant/xpath' 

2022-06-09 20:02:15 - [TEST_STEP][PASSED] - project_name = "Auto_LifecycleCondition_Backup_" + RandomStringUtils.randomAlphanumeric(3) + "_" + I.gettimedate(): null

2022-06-09 20:02:15 - [TEST_STEP][PASSED] - setText(findTestObject("1. Constant/xpath", ["xpath":"//*[@id="var_91"]"]), project_name): Text 'Auto_LifecycleCondition_Backup_8Ms_juin092022_200215' is set on object 'Object Repository/1. Constant/xpath'

2022-06-09 20:02:16 - [MESSAGE][PASSED] - Text 'Auto_LifecycleCondition_Backup_8Ms_juin092022_200215' is set on object 'Object Repository/1. Constant/xpath'

2022-06-09 20:02:16 - [TEST_STEP][PASSED] - selectOptionByValue(findTestObject("1. Constant/xpath", ["xpath":"//*[@id="var_30"]"]), "97", false): All options with value '97' are selected in object 'Object Repository/1. Constant/xpath' 

2022-06-09 20:02:16 - [MESSAGE][PASSED] - All options with value '97' are selected in object 'Object Repository/1. Constant/xpath' 

2022-06-09 20:02:16 - [TEST_STEP][PASSED] - selectOptionByValue(findTestObject("1. Constant/xpath", ["xpath":"//*[@id="var_11"]"]), "334", false): All options with value '334' are selected in object 'Object Repository/1. Constant/xpath' 

2022-06-09 20:02:16 - [MESSAGE][PASSED] - All options with value '334' are selected in object 'Object Repository/1. Constant/xpath' 

2022-06-09 20:02:16 - [TEST_STEP][PASSED] - setText(findTestObject("1. Constant/xpath", ["xpath":"//*[@id="var_22"]"]), "01/01/2030"): Text '01/01/2030' is set on object 'Object Repository/1. Constant/xpath'

2022-06-09 20:02:17 - [MESSAGE][PASSED] - Text '01/01/2030' is set on object 'Object Repository/1. Constant/xpath'

2022-06-09 20:02:17 - [TEST_STEP][PASSED] - setText(findTestObject("1. Constant/xpath", ["xpath":"//*[@id="var_23"]"]), "01/01/2030"): Text '01/01/2030' is set on object 'Object Repository/1. Constant/xpath'

2022-06-09 20:02:17 - [MESSAGE][PASSED] - Text '01/01/2030' is set on object 'Object Repository/1. Constant/xpath'

2022-06-09 20:02:17 - [TEST_STEP][PASSED] - setText(findTestObject("1. Constant/xpath", ["xpath":"//*[@id="var_14"]"]), "01/01/2030"): Text '01/01/2030' is set on object 'Object Repository/1. Constant/xpath'

2022-06-09 20:02:18 - [MESSAGE][PASSED] - Text '01/01/2030' is set on object 'Object Repository/1. Constant/xpath'

2022-06-09 20:02:18 - [TEST_STEP][PASSED] - selectOptionByValue(findTestObject("1. Constant/xpath", ["xpath":"//*[@id="selSource_13"]"]), "mbaughman", false): All options with value 'mbaughman' are selected in object 'Object Repository/1. Constant/xpath' 

2022-06-09 20:02:18 - [MESSAGE][PASSED] - All options with value 'mbaughman' are selected in object 'Object Repository/1. Constant/xpath' 

2022-06-09 20:02:18 - [TEST_STEP][PASSED] - I.select_multiplelist("//*[@id="selSource_13"]", "//*[@id="btnAdd_13"]", "rjaiven"): Delayed 1 second(s)

2022-06-09 20:02:19 - [MESSAGE][PASSED] - Delayed 1 second(s)

2022-06-09 20:02:20 - [MESSAGE][PASSED] - All options with value 'rjaiven' are selected in object 'Object Repository/1. Constant/xpath' 

2022-06-09 20:02:22 - [MESSAGE][PASSED] - Delayed 2 second(s)

2022-06-09 20:02:22 - [MESSAGE][PASSED] - Object: 'Object Repository/1. Constant/xpath' is clicked on

2022-06-09 20:02:23 - [MESSAGE][PASSED] - Delayed 1 second(s)

2022-06-09 20:02:23 - [TEST_STEP][PASSED] - selectOptionByValue(findTestObject("1. Constant/xpath", ["xpath":"//*[@id="selSource_27"]"]), "amassoth", false): All options with value 'amassoth' are selected in object 'Object Repository/1. Constant/xpath' 

2022-06-09 20:02:23 - [MESSAGE][PASSED] - All options with value 'amassoth' are selected in object 'Object Repository/1. Constant/xpath' 

2022-06-09 20:02:23 - [TEST_STEP][PASSED] - I.select_multiplelist("//*[@id="selSource_27"]", "//*[@id="btnAdd_27"]", "nturner"): Delayed 1 second(s)

2022-06-09 20:02:24 - [MESSAGE][PASSED] - Delayed 1 second(s)

2022-06-09 20:02:26 - [MESSAGE][PASSED] - All options with value 'nturner' are selected in object 'Object Repository/1. Constant/xpath' 

2022-06-09 20:02:28 - [MESSAGE][PASSED] - Delayed 2 second(s)

2022-06-09 20:02:28 - [MESSAGE][PASSED] - Object: 'Object Repository/1. Constant/xpath' is clicked on

2022-06-09 20:02:29 - [MESSAGE][PASSED] - Delayed 1 second(s)

2022-06-09 20:02:29 - [TEST_STEP][PASSED] - I.select_multiplelist("//*[@id="selSource_167"]", "//*[@id="btnAdd_167"]", "lmary"): Delayed 1 second(s)

2022-06-09 20:02:30 - [MESSAGE][PASSED] - Delayed 1 second(s)

2022-06-09 20:02:30 - [MESSAGE][PASSED] - All options with value 'lmary' are selected in object 'Object Repository/1. Constant/xpath' 

2022-06-09 20:02:32 - [MESSAGE][PASSED] - Delayed 2 second(s)

2022-06-09 20:02:32 - [MESSAGE][PASSED] - Object: 'Object Repository/1. Constant/xpath' is clicked on

2022-06-09 20:02:33 - [MESSAGE][PASSED] - Delayed 1 second(s)

2022-06-09 20:02:33 - [TEST_STEP][PASSED] - selectOptionByValue(findTestObject("1. Constant/xpath", ["xpath":"//*[@id="selSource_166"]"]), "bbenjamin", false): All options with value 'bbenjamin' are selected in object 'Object Repository/1. Constant/xpath' 

2022-06-09 20:02:34 - [MESSAGE][PASSED] - All options with value 'bbenjamin' are selected in object 'Object Repository/1. Constant/xpath' 

2022-06-09 20:02:34 - [TEST_STEP][PASSED] - I.select_multiplelist("//*[@id="selSource_166"]", "//*[@id="btnAdd_166"]", "lschwabe"): Delayed 1 second(s)

2022-06-09 20:02:35 - [MESSAGE][PASSED] - Delayed 1 second(s)

2022-06-09 20:02:36 - [MESSAGE][PASSED] - All options with value 'lschwabe' are selected in object 'Object Repository/1. Constant/xpath' 

2022-06-09 20:02:38 - [MESSAGE][PASSED] - Delayed 2 second(s)

2022-06-09 20:02:39 - [MESSAGE][PASSED] - Object: 'Object Repository/1. Constant/xpath' is clicked on

2022-06-09 20:02:40 - [MESSAGE][PASSED] - Delayed 1 second(s)

2022-06-09 20:02:40 - [TEST_STEP][PASSED] - I.select_multiplelist("//*[@id="selSource_26"]", "//*[@id="btnAdd_26"]", "talexeeva"): Delayed 1 second(s)

2022-06-09 20:02:41 - [MESSAGE][PASSED] - Delayed 1 second(s)

2022-06-09 20:02:41 - [MESSAGE][PASSED] - All options with value 'talexeeva' are selected in object 'Object Repository/1. Constant/xpath' 

2022-06-09 20:02:43 - [MESSAGE][PASSED] - Delayed 2 second(s)

2022-06-09 20:02:43 - [MESSAGE][PASSED] - Object: 'Object Repository/1. Constant/xpath' is clicked on

2022-06-09 20:02:44 - [MESSAGE][PASSED] - Delayed 1 second(s)

2022-06-09 20:02:44 - [TEST_STEP][PASSED] - selectOptionByValue(findTestObject("1. Constant/xpath", ["xpath":"//*[@id="selSource_29"]"]), "bharandi", false): All options with value 'bharandi' are selected in object 'Object Repository/1. Constant/xpath' 

2022-06-09 20:02:45 - [MESSAGE][PASSED] - All options with value 'bharandi' are selected in object 'Object Repository/1. Constant/xpath' 

2022-06-09 20:02:45 - [TEST_STEP][PASSED] - selectOptionByValue(findTestObject("1. Constant/xpath", ["xpath":"//*[@id="selSource_29"]"]), "bmilhomme", false): All options with value 'bmilhomme' are selected in object 'Object Repository/1. Constant/xpath' 

2022-06-09 20:02:45 - [MESSAGE][PASSED] - All options with value 'bmilhomme' are selected in object 'Object Repository/1. Constant/xpath' 

2022-06-09 20:02:45 - [TEST_STEP][PASSED] - I.select_multiplelist("//*[@id="selSource_29"]", "//*[@id="btnAdd_29"]", "rmorrone_2"): Delayed 1 second(s)

2022-06-09 20:02:46 - [MESSAGE][PASSED] - Delayed 1 second(s)

2022-06-09 20:02:46 - [MESSAGE][PASSED] - All options with value 'rmorrone_2' are selected in object 'Object Repository/1. Constant/xpath' 

2022-06-09 20:02:48 - [MESSAGE][PASSED] - Delayed 2 second(s)

2022-06-09 20:02:49 - [MESSAGE][PASSED] - Object: 'Object Repository/1. Constant/xpath' is clicked on

2022-06-09 20:02:50 - [MESSAGE][PASSED] - Delayed 1 second(s)

2022-06-09 20:02:50 - [TEST_STEP][PASSED] - I.Pagedown(): Execute JavaScript 'window.scrollTo(0, document.body.scrollHeight)' successfully

2022-06-09 20:02:50 - [MESSAGE][PASSED] - Execute JavaScript 'window.scrollTo(0, document.body.scrollHeight)' successfully

2022-06-09 20:02:50 - [TEST_STEP][PASSED] - click(findTestObject("1. Constant/xpath", ["xpath":"//*[@id="ModifFiche"]/div[3]/div/button"])): Object: 'Object Repository/1. Constant/xpath' is clicked on

2022-06-09 20:02:53 - [MESSAGE][PASSED] - Object: 'Object Repository/1. Constant/xpath' is clicked on

2022-06-09 20:02:53 - [TEST_STEP][PASSED] - delay(10): Delayed 10 second(s)

2022-06-09 20:03:03 - [MESSAGE][PASSED] - Delayed 10 second(s)

2022-06-09 20:03:03 - [TEST_STEP][PASSED] - Project_No = I.ProjectNo(): Current window's url is: 'http://mdb-release.diadeis.lan/MediaboxIndependence/Base/ExecAction?IDSession=MBI%21RELTESTAUTO_DREYERS%21TJDO98FPP4A14CM1Y17P5ELHYH37S4SMKKN6BH9E&default_action=AfficheFichesProjet&id_project=MI000882'

2022-06-09 20:03:08 - [MESSAGE][PASSED] - Delayed 5 second(s)

2022-06-09 20:03:08 - [MESSAGE][PASSED] - Current window's url is: 'http://mdb-release.diadeis.lan/MediaboxIndependence/Base/ExecAction?IDSession=MBI%21RELTESTAUTO_DREYERS%21TJDO98FPP4A14CM1Y17P5ELHYH37S4SMKKN6BH9E&default_action=AfficheFichesProjet&id_project=MI000882'

2022-06-09 20:03:08 - [TEST_STEP][PASSED] - I.print(Project_No): null

2022-06-09 20:03:08 - [TEST_STEP][PASSED] - takeScreenshot(): Taking screenshot successfully

2022-06-09 20:03:09 - [MESSAGE][PASSED] - Taking screenshot successfully
[[ATTACHMENT|D:\\Projet Test Auto\\Mediabox Test Automation\\Reports\\20220609_181011\\03. Parallel Testing (Testing)\\TS -PT PART 3\\08 Tag Mass Submit _ Import ref\\20220609_181054\\1654797788873.png]]

2022-06-09 20:03:09 - [TEST_STEP][PASSED] - click(findTestObject("1. Constant/xpath", ["xpath":"//*[@id="create_ref_btn"]/button"])): Object: 'Object Repository/1. Constant/xpath' is clicked on

2022-06-09 20:03:09 - [MESSAGE][PASSED] - Object: 'Object Repository/1. Constant/xpath' is clicked on

2022-06-09 20:03:09 - [TEST_STEP][PASSED] - delay(1): Delayed 1 second(s)

2022-06-09 20:03:10 - [MESSAGE][PASSED] - Delayed 1 second(s)

2022-06-09 20:03:10 - [TEST_STEP][PASSED] - click(findTestObject("1. Constant/xpath", ["xpath":"//*[@id="create_ref_btn"]/div/a"])): Object: 'Object Repository/1. Constant/xpath' is clicked on

2022-06-09 20:03:12 - [MESSAGE][PASSED] - Object: 'Object Repository/1. Constant/xpath' is clicked on

2022-06-09 20:03:12 - [TEST_STEP][PASSED] - selectOptionByValue(findTestObject("1. Constant/xpath", ["xpath":"//*[@id="lfc_tpl"]"]), "34", false): All options with value '34' are selected in object 'Object Repository/1. Constant/xpath' 

2022-06-09 20:03:12 - [MESSAGE][PASSED] - All options with value '34' are selected in object 'Object Repository/1. Constant/xpath' 

2022-06-09 20:03:12 - [TEST_STEP][PASSED] - ref_name = RandomStringUtils.randomAlphanumeric(5) + "_Auto_A4B_MS_" + I.gettimedate(): null

2022-06-09 20:03:12 - [TEST_STEP][PASSED] - setText(findTestObject("1. Constant/xpath", ["xpath":"//*[@id="var_name"]"]), ref_name): Text 'GfAvn_Auto_A4B_MS_juin092022_200312' is set on object 'Object Repository/1. Constant/xpath'

2022-06-09 20:03:13 - [MESSAGE][PASSED] - Text 'GfAvn_Auto_A4B_MS_juin092022_200312' is set on object 'Object Repository/1. Constant/xpath'

2022-06-09 20:03:13 - [TEST_STEP][PASSED] - takeScreenshot(): Taking screenshot successfully

2022-06-09 20:03:13 - [MESSAGE][PASSED] - Taking screenshot successfully
[[ATTACHMENT|D:\\Projet Test Auto\\Mediabox Test Automation\\Reports\\20220609_181011\\03. Parallel Testing (Testing)\\TS -PT PART 3\\08 Tag Mass Submit _ Import ref\\20220609_181054\\1654797793119.png]]

2022-06-09 20:03:13 - [TEST_STEP][PASSED] - click(findTestObject("1. Constant/xpath", ["xpath":"//*[@id="ModifFiche"]/div[3]/div/button"])): Object: 'Object Repository/1. Constant/xpath' is clicked on

2022-06-09 20:03:16 - [MESSAGE][PASSED] - Object: 'Object Repository/1. Constant/xpath' is clicked on

2022-06-09 20:03:16 - [TEST_STEP][PASSED] - takeScreenshot(): Taking screenshot successfully

2022-06-09 20:03:16 - [MESSAGE][PASSED] - Taking screenshot successfully
[[ATTACHMENT|D:\\Projet Test Auto\\Mediabox Test Automation\\Reports\\20220609_181011\\03. Parallel Testing (Testing)\\TS -PT PART 3\\08 Tag Mass Submit _ Import ref\\20220609_181054\\1654797796269.png]]

2022-06-09 20:03:16 - [TEST_STEP][PASSED] - delay(1): Delayed 1 second(s)

2022-06-09 20:03:17 - [MESSAGE][PASSED] - Delayed 1 second(s)

2022-06-09 20:03:17 - [TEST_STEP][PASSED] - refID_Mother = I.RefID(): Current window's url is: 'http://mdb-release.diadeis.lan/MediaboxIndependence/Base/ExecAction?IDSession=MBI%21RELTESTAUTO_DREYERS%21TJDO98FPP4A14CM1Y17P5ELHYH37S4SMKKN6BH9E&default_action=ModifierRef&id_project=MI000882&id_ref=5271&action_from=create_ref'

2022-06-09 20:03:22 - [MESSAGE][PASSED] - Delayed 5 second(s)

2022-06-09 20:03:22 - [MESSAGE][PASSED] - Current window's url is: 'http://mdb-release.diadeis.lan/MediaboxIndependence/Base/ExecAction?IDSession=MBI%21RELTESTAUTO_DREYERS%21TJDO98FPP4A14CM1Y17P5ELHYH37S4SMKKN6BH9E&default_action=ModifierRef&id_project=MI000882&id_ref=5271&action_from=create_ref'

2022-06-09 20:03:22 - [TEST_STEP][PASSED] - I.print(refID_Mother): null

2022-06-09 20:03:22 - [TEST_STEP][PASSED] - click(findTestObject("1. Constant/xpath", ["xpath":"//*[@id="type_save"]"])): Object: 'Object Repository/1. Constant/xpath' is clicked on

2022-06-09 20:03:27 - [MESSAGE][PASSED] - Object: 'Object Repository/1. Constant/xpath' is clicked on

2022-06-09 20:03:27 - [TEST_STEP][PASSED] - click(findTestObject("1. Constant/xpath", ["xpath":"//*[@id="source_" + refID_Mother + ""]/td[13]/a[1]"])): Object: 'Object Repository/1. Constant/xpath' is clicked on

2022-06-09 20:03:29 - [MESSAGE][PASSED] - Object: 'Object Repository/1. Constant/xpath' is clicked on

2022-06-09 20:03:29 - [TEST_STEP][PASSED] - selectOptionByValue(findTestObject("1. Constant/xpath", ["xpath":"//*[@id="lfc_tpl"]"]), "35", false): All options with value '35' are selected in object 'Object Repository/1. Constant/xpath' 

2022-06-09 20:03:32 - [MESSAGE][PASSED] - All options with value '35' are selected in object 'Object Repository/1. Constant/xpath' 

2022-06-09 20:03:32 - [TEST_STEP][PASSED] - takeScreenshot(): Taking screenshot successfully

2022-06-09 20:03:33 - [MESSAGE][PASSED] - Taking screenshot successfully
[[ATTACHMENT|D:\\Projet Test Auto\\Mediabox Test Automation\\Reports\\20220609_181011\\03. Parallel Testing (Testing)\\TS -PT PART 3\\08 Tag Mass Submit _ Import ref\\20220609_181054\\1654797812706.png]]

2022-06-09 20:03:33 - [TEST_STEP][PASSED] - click(findTestObject("1. Constant/xpath", ["xpath":"//*[@id="ModifFiche"]/div[3]/div/button"])): Object: 'Object Repository/1. Constant/xpath' is clicked on

2022-06-09 20:03:37 - [MESSAGE][PASSED] - Object: 'Object Repository/1. Constant/xpath' is clicked on

2022-06-09 20:03:37 - [TEST_STEP][PASSED] - refID_Daughter1 = I.RefID(): Current window's url is: 'http://mdb-release.diadeis.lan/MediaboxIndependence/Base/ExecAction?IDSession=MBI%21RELTESTAUTO_DREYERS%21TJDO98FPP4A14CM1Y17P5ELHYH37S4SMKKN6BH9E&default_action=ModifierRef&id_project=MI000882&id_ref=5272&action_from=create_ref'

2022-06-09 20:03:42 - [MESSAGE][PASSED] - Delayed 5 second(s)

2022-06-09 20:03:42 - [MESSAGE][PASSED] - Current window's url is: 'http://mdb-release.diadeis.lan/MediaboxIndependence/Base/ExecAction?IDSession=MBI%21RELTESTAUTO_DREYERS%21TJDO98FPP4A14CM1Y17P5ELHYH37S4SMKKN6BH9E&default_action=ModifierRef&id_project=MI000882&id_ref=5272&action_from=create_ref'

2022-06-09 20:03:42 - [TEST_STEP][PASSED] - I.print(refID_Daughter1): null

2022-06-09 20:03:42 - [TEST_STEP][PASSED] - setText(findTestObject("1. Constant/xpath", ["xpath":"//*[@id="var_137"]"]), "Daughter 1 MS"): Text 'Daughter 1 MS' is set on object 'Object Repository/1. Constant/xpath'

2022-06-09 20:03:43 - [MESSAGE][PASSED] - Text 'Daughter 1 MS' is set on object 'Object Repository/1. Constant/xpath'

2022-06-09 20:03:43 - [TEST_STEP][PASSED] - click(findTestObject("1. Constant/xpath", ["xpath":"//*[@id="type_save"]"])): Object: 'Object Repository/1. Constant/xpath' is clicked on

2022-06-09 20:03:47 - [MESSAGE][PASSED] - Object: 'Object Repository/1. Constant/xpath' is clicked on

2022-06-09 20:03:47 - [TEST_STEP][PASSED] - delay(1): Delayed 1 second(s)

2022-06-09 20:03:48 - [MESSAGE][PASSED] - Delayed 1 second(s)

2022-06-09 20:03:48 - [TEST_STEP][PASSED] - takeScreenshot(): Taking screenshot successfully

2022-06-09 20:03:48 - [MESSAGE][PASSED] - Taking screenshot successfully
[[ATTACHMENT|D:\\Projet Test Auto\\Mediabox Test Automation\\Reports\\20220609_181011\\03. Parallel Testing (Testing)\\TS -PT PART 3\\08 Tag Mass Submit _ Import ref\\20220609_181054\\1654797828614.png]]

2022-06-09 20:03:48 - [TEST_STEP][PASSED] - mouseOver(findTestObject("1. Constant/xpath", ["xpath":"//*[@id="btnMassSubmit"]"])): Object: 'Object Repository/1. Constant/xpath' is hovered

2022-06-09 20:03:49 - [MESSAGE][PASSED] - Object: 'Object Repository/1. Constant/xpath' is hovered

2022-06-09 20:03:49 - [TEST_STEP][PASSED] - delay(2): Delayed 2 second(s)

2022-06-09 20:03:51 - [MESSAGE][PASSED] - Delayed 2 second(s)

2022-06-09 20:03:51 - [TEST_STEP][PASSED] - A_tooltip = getText(findTestObject("1. Constant/xpath", ["xpath":"/html/body/div[9]/div[2]"])): Text of object 'Object Repository/1. Constant/xpath' is: 'Test (1option)'

2022-06-09 20:03:58 - [MESSAGE][PASSED] - Text of object 'Object Repository/1. Constant/xpath' is: 'Test (1option)'

2022-06-09 20:03:58 - [TEST_STEP][PASSED] - verifyMatch(A_tooltip, "Test (1option)", false): Actual text 'Test (1option)' and expected text 'Test (1option)' are matched 

2022-06-09 20:03:58 - [MESSAGE][PASSED] - Actual text 'Test (1option)' and expected text 'Test (1option)' are matched 

2022-06-09 20:03:58 - [TEST_STEP][PASSED] - click(findTestObject("1. Constant/xpath", ["xpath":"//*[@id="btnMassSubmit"]/i"])): Object: 'Object Repository/1. Constant/xpath' is clicked on

2022-06-09 20:03:59 - [MESSAGE][PASSED] - Object: 'Object Repository/1. Constant/xpath' is clicked on

2022-06-09 20:03:59 - [TEST_STEP][PASSED] - delay(1): Delayed 1 second(s)

2022-06-09 20:04:00 - [MESSAGE][PASSED] - Delayed 1 second(s)

2022-06-09 20:04:00 - [TEST_STEP][PASSED] - click(findTestObject("1. Constant/xpath", ["xpath":"//*[@id="source_" + refID_Mother + ""]/td[1]/label"])): Object: 'Object Repository/1. Constant/xpath' is clicked on

2022-06-09 20:04:01 - [MESSAGE][PASSED] - Object: 'Object Repository/1. Constant/xpath' is clicked on

2022-06-09 20:04:01 - [TEST_STEP][PASSED] - click(findTestObject("1. Constant/xpath", ["xpath":"//*[@id="action_btnMassSubmit"]"])): Object: 'Object Repository/1. Constant/xpath' is clicked on

2022-06-09 20:04:01 - [MESSAGE][PASSED] - Object: 'Object Repository/1. Constant/xpath' is clicked on

2022-06-09 20:04:01 - [TEST_STEP][PASSED] - delay(1): Delayed 1 second(s)

2022-06-09 20:04:02 - [MESSAGE][PASSED] - Delayed 1 second(s)

2022-06-09 20:04:02 - [TEST_STEP][PASSED] - takeScreenshot(): Taking screenshot successfully

2022-06-09 20:04:03 - [MESSAGE][PASSED] - Taking screenshot successfully
[[ATTACHMENT|D:\\Projet Test Auto\\Mediabox Test Automation\\Reports\\20220609_181011\\03. Parallel Testing (Testing)\\TS -PT PART 3\\08 Tag Mass Submit _ Import ref\\20220609_181054\\1654797843212.png]]

2022-06-09 20:04:03 - [TEST_STEP][PASSED] - delay(1): Delayed 1 second(s)

2022-06-09 20:04:04 - [MESSAGE][PASSED] - Delayed 1 second(s)

2022-06-09 20:04:04 - [TEST_STEP][PASSED] - Amsg = getText(findTestObject("1. Constant/xpath", ["xpath":"//*[@id="tablecontentNOK"]/table/tbody/tr"])): Text of object 'Object Repository/1. Constant/xpath' is: 'GfAvn_Auto_A4B_MS_juin092022_200312 Conditions not met: the condition LC3: Deliverable - Phase REview is not met'

2022-06-09 20:04:04 - [MESSAGE][PASSED] - Text of object 'Object Repository/1. Constant/xpath' is: 'GfAvn_Auto_A4B_MS_juin092022_200312 Conditions not met: the condition LC3: Deliverable - Phase REview is not met'

2022-06-09 20:04:04 - [TEST_STEP][PASSED] - verifyMatch(Amsg, ref_name + " Conditions not met: the condition LC3: Deliverable - Phase REview is not met", false): Actual text 'GfAvn_Auto_A4B_MS_juin092022_200312 Conditions not met: the condition LC3: Deliverable - Phase REview is not met' and expected text 'GfAvn_Auto_A4B_MS_juin092022_200312 Conditions not met: the condition LC3: Deliverable - Phase REview is not met' are matched 

2022-06-09 20:04:04 - [MESSAGE][PASSED] - Actual text 'GfAvn_Auto_A4B_MS_juin092022_200312 Conditions not met: the condition LC3: Deliverable - Phase REview is not met' and expected text 'GfAvn_Auto_A4B_MS_juin092022_200312 Conditions not met: the condition LC3: Deliverable - Phase REview is not met' are matched 

2022-06-09 20:04:04 - [TEST_STEP][PASSED] - click(findTestObject("1. Constant/xpath", ["xpath":"//*[@id="modal_mass_submit"]/div/div/div[2]/div[2]/div/button[1]"])): Object: 'Object Repository/1. Constant/xpath' is clicked on

2022-06-09 20:04:05 - [MESSAGE][PASSED] - Object: 'Object Repository/1. Constant/xpath' is clicked on

2022-06-09 20:04:05 - [TEST_STEP][PASSED] - takeScreenshot(): Taking screenshot successfully

2022-06-09 20:04:05 - [MESSAGE][PASSED] - Taking screenshot successfully
[[ATTACHMENT|D:\\Projet Test Auto\\Mediabox Test Automation\\Reports\\20220609_181011\\03. Parallel Testing (Testing)\\TS -PT PART 3\\08 Tag Mass Submit _ Import ref\\20220609_181054\\1654797845156.png]]

2022-06-09 20:04:05 - [TEST_STEP][PASSED] - L1 = getText(findTestObject("1. Constant/xpath", ["xpath":"//*[@id="source_" + refID_Mother + ""]/td[14]/span[1]"])): Text of object 'Object Repository/1. Constant/xpath' is: 'Mother Phase 1.1'

2022-06-09 20:04:05 - [MESSAGE][PASSED] - Text of object 'Object Repository/1. Constant/xpath' is: 'Mother Phase 1.1'

2022-06-09 20:04:05 - [TEST_STEP][PASSED] - verifyMatch(L1, "Mother Phase 1.1", false): Actual text 'Mother Phase 1.1' and expected text 'Mother Phase 1.1' are matched 

2022-06-09 20:04:05 - [MESSAGE][PASSED] - Actual text 'Mother Phase 1.1' and expected text 'Mother Phase 1.1' are matched 

2022-06-09 20:04:05 - [TEST_STEP][PASSED] - click(findTestObject("1. Constant/xpath", ["xpath":"//*[@id="source_" + refID_Mother + ""]/td[1]/label"])): Object: 'Object Repository/1. Constant/xpath' is clicked on

2022-06-09 20:04:05 - [MESSAGE][PASSED] - Object: 'Object Repository/1. Constant/xpath' is clicked on

2022-06-09 20:04:05 - [TEST_STEP][PASSED] - click(findTestObject("1. Constant/xpath", ["xpath":"//*[@id="source_" + refID_Daughter1 + ""]/td[1]/label"])): Object: 'Object Repository/1. Constant/xpath' is clicked on

2022-06-09 20:04:05 - [MESSAGE][PASSED] - Object: 'Object Repository/1. Constant/xpath' is clicked on

2022-06-09 20:04:05 - [TEST_STEP][PASSED] - click(findTestObject("1. Constant/xpath", ["xpath":"//*[@id="action_btnMassSubmit"]"])): Object: 'Object Repository/1. Constant/xpath' is clicked on

2022-06-09 20:04:06 - [MESSAGE][PASSED] - Object: 'Object Repository/1. Constant/xpath' is clicked on

2022-06-09 20:04:06 - [TEST_STEP][PASSED] - delay(1): Delayed 1 second(s)

2022-06-09 20:04:07 - [MESSAGE][PASSED] - Delayed 1 second(s)

2022-06-09 20:04:07 - [TEST_STEP][PASSED] - takeScreenshot(): Taking screenshot successfully

2022-06-09 20:04:07 - [MESSAGE][PASSED] - Taking screenshot successfully
[[ATTACHMENT|D:\\Projet Test Auto\\Mediabox Test Automation\\Reports\\20220609_181011\\03. Parallel Testing (Testing)\\TS -PT PART 3\\08 Tag Mass Submit _ Import ref\\20220609_181054\\1654797847358.png]]

2022-06-09 20:04:07 - [TEST_STEP][PASSED] - click(findTestObject("1. Constant/xpath", ["xpath":"//*[@id="btn_submit_mass_submit"]"])): Object: 'Object Repository/1. Constant/xpath' is clicked on

2022-06-09 20:04:10 - [MESSAGE][PASSED] - Object: 'Object Repository/1. Constant/xpath' is clicked on

2022-06-09 20:04:10 - [TEST_STEP][PASSED] - takeScreenshot(): Taking screenshot successfully

2022-06-09 20:04:12 - [MESSAGE][PASSED] - Taking screenshot successfully
[[ATTACHMENT|D:\\Projet Test Auto\\Mediabox Test Automation\\Reports\\20220609_181011\\03. Parallel Testing (Testing)\\TS -PT PART 3\\08 Tag Mass Submit _ Import ref\\20220609_181054\\1654797851385.png]]

2022-06-09 20:04:12 - [TEST_STEP][PASSED] - delay(1): Delayed 1 second(s)

2022-06-09 20:04:13 - [MESSAGE][PASSED] - Delayed 1 second(s)

2022-06-09 20:04:13 - [TEST_STEP][PASSED] - click(findTestObject("1. Constant/xpath", ["xpath":"//*[@id="btnMassSubmit"]/i"])): Object: 'Object Repository/1. Constant/xpath' is clicked on

2022-06-09 20:04:13 - [MESSAGE][PASSED] - Object: 'Object Repository/1. Constant/xpath' is clicked on

2022-06-09 20:04:13 - [TEST_STEP][PASSED] - click(findTestObject("1. Constant/xpath", ["xpath":"//*[@id="source_" + refID_Mother + ""]/td[1]/label"])): Object: 'Object Repository/1. Constant/xpath' is clicked on

2022-06-09 20:04:14 - [MESSAGE][PASSED] - Object: 'Object Repository/1. Constant/xpath' is clicked on

2022-06-09 20:04:14 - [TEST_STEP][PASSED] - click(findTestObject("1. Constant/xpath", ["xpath":"//*[@id="action_btnMassSubmit"]"])): Object: 'Object Repository/1. Constant/xpath' is clicked on

2022-06-09 20:04:14 - [MESSAGE][PASSED] - Object: 'Object Repository/1. Constant/xpath' is clicked on

2022-06-09 20:04:14 - [TEST_STEP][PASSED] - delay(1): Delayed 1 second(s)

2022-06-09 20:04:15 - [MESSAGE][PASSED] - Delayed 1 second(s)

2022-06-09 20:04:15 - [TEST_STEP][PASSED] - takeScreenshot(): Taking screenshot successfully

2022-06-09 20:04:16 - [MESSAGE][PASSED] - Taking screenshot successfully
[[ATTACHMENT|D:\\Projet Test Auto\\Mediabox Test Automation\\Reports\\20220609_181011\\03. Parallel Testing (Testing)\\TS -PT PART 3\\08 Tag Mass Submit _ Import ref\\20220609_181054\\1654797855759.png]]

2022-06-09 20:04:16 - [TEST_STEP][PASSED] - delay(1): Delayed 1 second(s)

2022-06-09 20:04:17 - [MESSAGE][PASSED] - Delayed 1 second(s)

2022-06-09 20:04:17 - [TEST_STEP][PASSED] - Amsg_1 = getText(findTestObject("1. Constant/xpath", ["xpath":"//*[@id="tablecontentOK"]/table/tbody/tr"])): Text of object 'Object Repository/1. Constant/xpath' is: 'GfAvn_Auto_A4B_MS_juin092022_200312 Mother Phase 2.1'

2022-06-09 20:04:17 - [MESSAGE][PASSED] - Text of object 'Object Repository/1. Constant/xpath' is: 'GfAvn_Auto_A4B_MS_juin092022_200312 Mother Phase 2.1'

2022-06-09 20:04:17 - [TEST_STEP][PASSED] - verifyMatch(Amsg_1, ref_name + " Mother Phase 2.1", false): Actual text 'GfAvn_Auto_A4B_MS_juin092022_200312 Mother Phase 2.1' and expected text 'GfAvn_Auto_A4B_MS_juin092022_200312 Mother Phase 2.1' are matched 

2022-06-09 20:04:17 - [MESSAGE][PASSED] - Actual text 'GfAvn_Auto_A4B_MS_juin092022_200312 Mother Phase 2.1' and expected text 'GfAvn_Auto_A4B_MS_juin092022_200312 Mother Phase 2.1' are matched 

2022-06-09 20:04:17 - [TEST_STEP][PASSED] - click(findTestObject("1. Constant/xpath", ["xpath":"//*[@id="btn_submit_mass_submit"]"])): Object: 'Object Repository/1. Constant/xpath' is clicked on

2022-06-09 20:04:21 - [MESSAGE][PASSED] - Object: 'Object Repository/1. Constant/xpath' is clicked on

2022-06-09 20:04:21 - [TEST_STEP][PASSED] - takeScreenshot(): Taking screenshot successfully

2022-06-09 20:04:22 - [MESSAGE][PASSED] - Taking screenshot successfully
[[ATTACHMENT|D:\\Projet Test Auto\\Mediabox Test Automation\\Reports\\20220609_181011\\03. Parallel Testing (Testing)\\TS -PT PART 3\\08 Tag Mass Submit _ Import ref\\20220609_181054\\1654797862075.png]]

2022-06-09 20:04:22 - [TEST_STEP][PASSED] - ALM1 = getText(findTestObject("1. Constant/xpath", ["xpath":"//*[@id="source_" + refID_Mother + ""]/td[14]/span[1]"])): Text of object 'Object Repository/1. Constant/xpath' is: 'Mother Phase 2.1'

2022-06-09 20:04:22 - [MESSAGE][PASSED] - Text of object 'Object Repository/1. Constant/xpath' is: 'Mother Phase 2.1'

2022-06-09 20:04:22 - [TEST_STEP][PASSED] - verifyMatch(ALM1, "Mother Phase 2.1", false): Actual text 'Mother Phase 2.1' and expected text 'Mother Phase 2.1' are matched 

2022-06-09 20:04:22 - [MESSAGE][PASSED] - Actual text 'Mother Phase 2.1' and expected text 'Mother Phase 2.1' are matched 

2022-06-09 20:04:22 - [TEST_STEP][PASSED] - ALD1 = getText(findTestObject("1. Constant/xpath", ["xpath":"//*[@id="source_" + refID_Daughter1 + ""]/td[14]/span"])): Text of object 'Object Repository/1. Constant/xpath' is: 'Complete'

2022-06-09 20:04:23 - [MESSAGE][PASSED] - Text of object 'Object Repository/1. Constant/xpath' is: 'Complete'

2022-06-09 20:04:23 - [TEST_STEP][PASSED] - verifyMatch(ALD1, "Complete", false): Actual text 'Complete' and expected text 'Complete' are matched 

2022-06-09 20:04:23 - [MESSAGE][PASSED] - Actual text 'Complete' and expected text 'Complete' are matched 

2022-06-09 20:04:23 - [TEST_STEP][PASSED] - closeBrowser(): Browser is closed

2022-06-09 20:04:24 - [MESSAGE][PASSED] - Browser is closed

2022-06-09 20:04:24 - [TEST_STEP][PASSED] - Start listener action : sampleAfterTestCase: null]]></system-out>
         <system-err><![CDATA[]]></system-err>
      </testcase>
      <system-out><![CDATA[2022-06-09 19:25:33 - [TEST_SUITE][PASSED] - 08 Tag Mass Submit _ Import ref: Test Cases/06. Tag _ Dreyers _ NPP Mass Submit/6.07 Dreyers MassSubmit_Lifecyclecondition]]></system-out>
      <system-err><![CDATA[]]></system-err>
   </testsuite>
</testsuites>
