<?xml version="1.0" encoding="UTF-8"?>
<testsuites name="13 Tag StarPack Dreyers Out of Office" time="2493.437" tests="9" failures="0" errors="0">
   <testsuite name="13 Tag StarPack Dreyers Out of Office" tests="9" failures="0" errors="0" time="2493.437" skipped="0" timestamp="2022-06-09 21:24:14" hostname="lamhe - DPF-MBI-VERIF.ad.sgsco.int" id="Test Suites/03. Parallel Testing (Testing)/TS -PT PART 3/13 Tag StarPack Dreyers Out of Office">
      <properties>
         <property name="deviceName" value=""/>
         <property name="devicePlatform" value=""/>
         <property name="logFolder" value="D:\\Projet Test Auto\\Mediabox Test Automation\\Reports\\20220609_181011\\03. Parallel Testing (Testing)\\TS -PT PART 3\\13 Tag StarPack Dreyers Out of Office\\20220609_181119"/>
         <property name="logFiles" value="D:\\Projet Test Auto\\Mediabox Test Automation\\Reports\\20220609_181011\\03. Parallel Testing (Testing)\\TS -PT PART 3\\13 Tag StarPack Dreyers Out of Office\\20220609_181119\\execution0.log"/>
         <property name="attachments" value="D:\\Projet Test Auto\\Mediabox Test Automation\\Reports\\20220609_181011\\03. Parallel Testing (Testing)\\TS -PT PART 3\\13 Tag StarPack Dreyers Out of Office\\20220609_181119\\1654802674756.png, D:\\Projet Test Auto\\Mediabox Test Automation\\Reports\\20220609_181011\\03. Parallel Testing (Testing)\\TS -PT PART 3\\13 Tag StarPack Dreyers Out of Office\\20220609_181119\\1654802797172.png, D:\\Projet Test Auto\\Mediabox Test Automation\\Reports\\20220609_181011\\03. Parallel Testing (Testing)\\TS -PT PART 3\\13 Tag StarPack Dreyers Out of Office\\20220609_181119\\1654802905472.png, D:\\Projet Test Auto\\Mediabox Test Automation\\Reports\\20220609_181011\\03. Parallel Testing (Testing)\\TS -PT PART 3\\13 Tag StarPack Dreyers Out of Office\\20220609_181119\\1654802916114.png, D:\\Projet Test Auto\\Mediabox Test Automation\\Reports\\20220609_181011\\03. Parallel Testing (Testing)\\TS -PT PART 3\\13 Tag StarPack Dreyers Out of Office\\20220609_181119\\1654802922837.png, D:\\Projet Test Auto\\Mediabox Test Automation\\Reports\\20220609_181011\\03. Parallel Testing (Testing)\\TS -PT PART 3\\13 Tag StarPack Dreyers Out of Office\\20220609_181119\\1654802930329.png, D:\\Projet Test Auto\\Mediabox Test Automation\\Reports\\20220609_181011\\03. Parallel Testing (Testing)\\TS -PT PART 3\\13 Tag StarPack Dreyers Out of Office\\20220609_181119\\1654802939265.png, D:\\Projet Test Auto\\Mediabox Test Automation\\Reports\\20220609_181011\\03. Parallel Testing (Testing)\\TS -PT PART 3\\13 Tag StarPack Dreyers Out of Office\\20220609_181119\\1654802957910.png, D:\\Projet Test Auto\\Mediabox Test Automation\\Reports\\20220609_181011\\03. Parallel Testing (Testing)\\TS -PT PART 3\\13 Tag StarPack Dreyers Out of Office\\20220609_181119\\1654802966983.png, D:\\Projet Test Auto\\Mediabox Test Automation\\Reports\\20220609_181011\\03. Parallel Testing (Testing)\\TS -PT PART 3\\13 Tag StarPack Dreyers Out of Office\\20220609_181119\\1654803012779.png, D:\\Projet Test Auto\\Mediabox Test Automation\\Reports\\20220609_181011\\03. Parallel Testing (Testing)\\TS -PT PART 3\\13 Tag StarPack Dreyers Out of Office\\20220609_181119\\1654803017995.png, D:\\Projet Test Auto\\Mediabox Test Automation\\Reports\\20220609_181011\\03. Parallel Testing (Testing)\\TS -PT PART 3\\13 Tag StarPack Dreyers Out of Office\\20220609_181119\\1654803031843.png, D:\\Projet Test Auto\\Mediabox Test Automation\\Reports\\20220609_181011\\03. Parallel Testing (Testing)\\TS -PT PART 3\\13 Tag StarPack Dreyers Out of Office\\20220609_181119\\1654803032219.png, D:\\Projet Test Auto\\Mediabox Test Automation\\Reports\\20220609_181011\\03. Parallel Testing (Testing)\\TS -PT PART 3\\13 Tag StarPack Dreyers Out of Office\\20220609_181119\\1654803036440.png, D:\\Projet Test Auto\\Mediabox Test Automation\\Reports\\20220609_181011\\03. Parallel Testing (Testing)\\TS -PT PART 3\\13 Tag StarPack Dreyers Out of Office\\20220609_181119\\1654803047425.png, D:\\Projet Test Auto\\Mediabox Test Automation\\Reports\\20220609_181011\\03. Parallel Testing (Testing)\\TS -PT PART 3\\13 Tag StarPack Dreyers Out of Office\\20220609_181119\\1654803055879.png, D:\\Projet Test Auto\\Mediabox Test Automation\\Reports\\20220609_181011\\03. Parallel Testing (Testing)\\TS -PT PART 3\\13 Tag StarPack Dreyers Out of Office\\20220609_181119\\1654803063928.png, D:\\Projet Test Auto\\Mediabox Test Automation\\Reports\\20220609_181011\\03. Parallel Testing (Testing)\\TS -PT PART 3\\13 Tag StarPack Dreyers Out of Office\\20220609_181119\\1654803071173.png, D:\\Projet Test Auto\\Mediabox Test Automation\\Reports\\20220609_181011\\03. Parallel Testing (Testing)\\TS -PT PART 3\\13 Tag StarPack Dreyers Out of Office\\20220609_181119\\1654803076530.png, D:\\Projet Test Auto\\Mediabox Test Automation\\Reports\\20220609_181011\\03. Parallel Testing (Testing)\\TS -PT PART 3\\13 Tag StarPack Dreyers Out of Office\\20220609_181119\\1654803096823.png, D:\\Projet Test Auto\\Mediabox Test Automation\\Reports\\20220609_181011\\03. Parallel Testing (Testing)\\TS -PT PART 3\\13 Tag StarPack Dreyers Out of Office\\20220609_181119\\1654803124246.png, D:\\Projet Test Auto\\Mediabox Test Automation\\Reports\\20220609_181011\\03. Parallel Testing (Testing)\\TS -PT PART 3\\13 Tag StarPack Dreyers Out of Office\\20220609_181119\\1654803127931.png, D:\\Projet Test Auto\\Mediabox Test Automation\\Reports\\20220609_181011\\03. Parallel Testing (Testing)\\TS -PT PART 3\\13 Tag StarPack Dreyers Out of Office\\20220609_181119\\1654803477454.png, D:\\Projet Test Auto\\Mediabox Test Automation\\Reports\\20220609_181011\\03. Parallel Testing (Testing)\\TS -PT PART 3\\13 Tag StarPack Dreyers Out of Office\\20220609_181119\\1654803509164.png, D:\\Projet Test Auto\\Mediabox Test Automation\\Reports\\20220609_181011\\03. Parallel Testing (Testing)\\TS -PT PART 3\\13 Tag StarPack Dreyers Out of Office\\20220609_181119\\1654803512820.png, D:\\Projet Test Auto\\Mediabox Test Automation\\Reports\\20220609_181011\\03. Parallel Testing (Testing)\\TS -PT PART 3\\13 Tag StarPack Dreyers Out of Office\\20220609_181119\\1654803521243.png, D:\\Projet Test Auto\\Mediabox Test Automation\\Reports\\20220609_181011\\03. Parallel Testing (Testing)\\TS -PT PART 3\\13 Tag StarPack Dreyers Out of Office\\20220609_181119\\1654803552088.png, D:\\Projet Test Auto\\Mediabox Test Automation\\Reports\\20220609_181011\\03. Parallel Testing (Testing)\\TS -PT PART 3\\13 Tag StarPack Dreyers Out of Office\\20220609_181119\\1654803556650.png, D:\\Projet Test Auto\\Mediabox Test Automation\\Reports\\20220609_181011\\03. Parallel Testing (Testing)\\TS -PT PART 3\\13 Tag StarPack Dreyers Out of Office\\20220609_181119\\1654803562399.png, D:\\Projet Test Auto\\Mediabox Test Automation\\Reports\\20220609_181011\\03. Parallel Testing (Testing)\\TS -PT PART 3\\13 Tag StarPack Dreyers Out of Office\\20220609_181119\\1654803586093.png, D:\\Projet Test Auto\\Mediabox Test Automation\\Reports\\20220609_181011\\03. Parallel Testing (Testing)\\TS -PT PART 3\\13 Tag StarPack Dreyers Out of Office\\20220609_181119\\1654803599422.png, D:\\Projet Test Auto\\Mediabox Test Automation\\Reports\\20220609_181011\\03. Parallel Testing (Testing)\\TS -PT PART 3\\13 Tag StarPack Dreyers Out of Office\\20220609_181119\\1654803615992.png, D:\\Projet Test Auto\\Mediabox Test Automation\\Reports\\20220609_181011\\03. Parallel Testing (Testing)\\TS -PT PART 3\\13 Tag StarPack Dreyers Out of Office\\20220609_181119\\1654803618608.png, D:\\Projet Test Auto\\Mediabox Test Automation\\Reports\\20220609_181011\\03. Parallel Testing (Testing)\\TS -PT PART 3\\13 Tag StarPack Dreyers Out of Office\\20220609_181119\\1654803629010.png, D:\\Projet Test Auto\\Mediabox Test Automation\\Reports\\20220609_181011\\03. Parallel Testing (Testing)\\TS -PT PART 3\\13 Tag StarPack Dreyers Out of Office\\20220609_181119\\1654803649135.png, D:\\Projet Test Auto\\Mediabox Test Automation\\Reports\\20220609_181011\\03. Parallel Testing (Testing)\\TS -PT PART 3\\13 Tag StarPack Dreyers Out of Office\\20220609_181119\\1654803665725.png, D:\\Projet Test Auto\\Mediabox Test Automation\\Reports\\20220609_181011\\03. Parallel Testing (Testing)\\TS -PT PART 3\\13 Tag StarPack Dreyers Out of Office\\20220609_181119\\1654803674330.png, D:\\Projet Test Auto\\Mediabox Test Automation\\Reports\\20220609_181011\\03. Parallel Testing (Testing)\\TS -PT PART 3\\13 Tag StarPack Dreyers Out of Office\\20220609_181119\\1654803694388.png, D:\\Projet Test Auto\\Mediabox Test Automation\\Reports\\20220609_181011\\03. Parallel Testing (Testing)\\TS -PT PART 3\\13 Tag StarPack Dreyers Out of Office\\20220609_181119\\1654803715380.png, D:\\Projet Test Auto\\Mediabox Test Automation\\Reports\\20220609_181011\\03. Parallel Testing (Testing)\\TS -PT PART 3\\13 Tag StarPack Dreyers Out of Office\\20220609_181119\\1654803730056.png, D:\\Projet Test Auto\\Mediabox Test Automation\\Reports\\20220609_181011\\03. Parallel Testing (Testing)\\TS -PT PART 3\\13 Tag StarPack Dreyers Out of Office\\20220609_181119\\1654803751053.png, D:\\Projet Test Auto\\Mediabox Test Automation\\Reports\\20220609_181011\\03. Parallel Testing (Testing)\\TS -PT PART 3\\13 Tag StarPack Dreyers Out of Office\\20220609_181119\\1654803752891.png, D:\\Projet Test Auto\\Mediabox Test Automation\\Reports\\20220609_181011\\03. Parallel Testing (Testing)\\TS -PT PART 3\\13 Tag StarPack Dreyers Out of Office\\20220609_181119\\1654803759838.png, D:\\Projet Test Auto\\Mediabox Test Automation\\Reports\\20220609_181011\\03. Parallel Testing (Testing)\\TS -PT PART 3\\13 Tag StarPack Dreyers Out of Office\\20220609_181119\\1654803774709.png, D:\\Projet Test Auto\\Mediabox Test Automation\\Reports\\20220609_181011\\03. Parallel Testing (Testing)\\TS -PT PART 3\\13 Tag StarPack Dreyers Out of Office\\20220609_181119\\1654803792159.png, D:\\Projet Test Auto\\Mediabox Test Automation\\Reports\\20220609_181011\\03. Parallel Testing (Testing)\\TS -PT PART 3\\13 Tag StarPack Dreyers Out of Office\\20220609_181119\\1654803807742.png, D:\\Projet Test Auto\\Mediabox Test Automation\\Reports\\20220609_181011\\03. Parallel Testing (Testing)\\TS -PT PART 3\\13 Tag StarPack Dreyers Out of Office\\20220609_181119\\1654803823679.png, D:\\Projet Test Auto\\Mediabox Test Automation\\Reports\\20220609_181011\\03. Parallel Testing (Testing)\\TS -PT PART 3\\13 Tag StarPack Dreyers Out of Office\\20220609_181119\\1654803839077.png, D:\\Projet Test Auto\\Mediabox Test Automation\\Reports\\20220609_181011\\03. Parallel Testing (Testing)\\TS -PT PART 3\\13 Tag StarPack Dreyers Out of Office\\20220609_181119\\1654803861538.png, D:\\Projet Test Auto\\Mediabox Test Automation\\Reports\\20220609_181011\\03. Parallel Testing (Testing)\\TS -PT PART 3\\13 Tag StarPack Dreyers Out of Office\\20220609_181119\\1654803872709.png, D:\\Projet Test Auto\\Mediabox Test Automation\\Reports\\20220609_181011\\03. Parallel Testing (Testing)\\TS -PT PART 3\\13 Tag StarPack Dreyers Out of Office\\20220609_181119\\1654803937134.png, D:\\Projet Test Auto\\Mediabox Test Automation\\Reports\\20220609_181011\\03. Parallel Testing (Testing)\\TS -PT PART 3\\13 Tag StarPack Dreyers Out of Office\\20220609_181119\\1654803940894.png, D:\\Projet Test Auto\\Mediabox Test Automation\\Reports\\20220609_181011\\03. Parallel Testing (Testing)\\TS -PT PART 3\\13 Tag StarPack Dreyers Out of Office\\20220609_181119\\1654803987106.png, D:\\Projet Test Auto\\Mediabox Test Automation\\Reports\\20220609_181011\\03. Parallel Testing (Testing)\\TS -PT PART 3\\13 Tag StarPack Dreyers Out of Office\\20220609_181119\\1654804013378.png, D:\\Projet Test Auto\\Mediabox Test Automation\\Reports\\20220609_181011\\03. Parallel Testing (Testing)\\TS -PT PART 3\\13 Tag StarPack Dreyers Out of Office\\20220609_181119\\1654804016050.png, D:\\Projet Test Auto\\Mediabox Test Automation\\Reports\\20220609_181011\\03. Parallel Testing (Testing)\\TS -PT PART 3\\13 Tag StarPack Dreyers Out of Office\\20220609_181119\\1654804022892.png, D:\\Projet Test Auto\\Mediabox Test Automation\\Reports\\20220609_181011\\03. Parallel Testing (Testing)\\TS -PT PART 3\\13 Tag StarPack Dreyers Out of Office\\20220609_181119\\1654804045766.png, D:\\Projet Test Auto\\Mediabox Test Automation\\Reports\\20220609_181011\\03. Parallel Testing (Testing)\\TS -PT PART 3\\13 Tag StarPack Dreyers Out of Office\\20220609_181119\\1654804049317.png, D:\\Projet Test Auto\\Mediabox Test Automation\\Reports\\20220609_181011\\03. Parallel Testing (Testing)\\TS -PT PART 3\\13 Tag StarPack Dreyers Out of Office\\20220609_181119\\1654804061385.png, D:\\Projet Test Auto\\Mediabox Test Automation\\Reports\\20220609_181011\\03. Parallel Testing (Testing)\\TS -PT PART 3\\13 Tag StarPack Dreyers Out of Office\\20220609_181119\\1654804063830.png, D:\\Projet Test Auto\\Mediabox Test Automation\\Reports\\20220609_181011\\03. Parallel Testing (Testing)\\TS -PT PART 3\\13 Tag StarPack Dreyers Out of Office\\20220609_181119\\1654804067315.png, D:\\Projet Test Auto\\Mediabox Test Automation\\Reports\\20220609_181011\\03. Parallel Testing (Testing)\\TS -PT PART 3\\13 Tag StarPack Dreyers Out of Office\\20220609_181119\\1654804072762.png, D:\\Projet Test Auto\\Mediabox Test Automation\\Reports\\20220609_181011\\03. Parallel Testing (Testing)\\TS -PT PART 3\\13 Tag StarPack Dreyers Out of Office\\20220609_181119\\1654804082533.png, D:\\Projet Test Auto\\Mediabox Test Automation\\Reports\\20220609_181011\\03. Parallel Testing (Testing)\\TS -PT PART 3\\13 Tag StarPack Dreyers Out of Office\\20220609_181119\\1654804093518.png, D:\\Projet Test Auto\\Mediabox Test Automation\\Reports\\20220609_181011\\03. Parallel Testing (Testing)\\TS -PT PART 3\\13 Tag StarPack Dreyers Out of Office\\20220609_181119\\1654804099732.png, D:\\Projet Test Auto\\Mediabox Test Automation\\Reports\\20220609_181011\\03. Parallel Testing (Testing)\\TS -PT PART 3\\13 Tag StarPack Dreyers Out of Office\\20220609_181119\\1654804113467.png, D:\\Projet Test Auto\\Mediabox Test Automation\\Reports\\20220609_181011\\03. Parallel Testing (Testing)\\TS -PT PART 3\\13 Tag StarPack Dreyers Out of Office\\20220609_181119\\1654804138404.png, D:\\Projet Test Auto\\Mediabox Test Automation\\Reports\\20220609_181011\\03. Parallel Testing (Testing)\\TS -PT PART 3\\13 Tag StarPack Dreyers Out of Office\\20220609_181119\\1654804153045.png, D:\\Projet Test Auto\\Mediabox Test Automation\\Reports\\20220609_181011\\03. Parallel Testing (Testing)\\TS -PT PART 3\\13 Tag StarPack Dreyers Out of Office\\20220609_181119\\1654804168736.png, D:\\Projet Test Auto\\Mediabox Test Automation\\Reports\\20220609_181011\\03. Parallel Testing (Testing)\\TS -PT PART 3\\13 Tag StarPack Dreyers Out of Office\\20220609_181119\\1654804173729.png, D:\\Projet Test Auto\\Mediabox Test Automation\\Reports\\20220609_181011\\03. Parallel Testing (Testing)\\TS -PT PART 3\\13 Tag StarPack Dreyers Out of Office\\20220609_181119\\1654804190018.png, D:\\Projet Test Auto\\Mediabox Test Automation\\Reports\\20220609_181011\\03. Parallel Testing (Testing)\\TS -PT PART 3\\13 Tag StarPack Dreyers Out of Office\\20220609_181119\\1654804208361.png, D:\\Projet Test Auto\\Mediabox Test Automation\\Reports\\20220609_181011\\03. Parallel Testing (Testing)\\TS -PT PART 3\\13 Tag StarPack Dreyers Out of Office\\20220609_181119\\1654804214858.png, D:\\Projet Test Auto\\Mediabox Test Automation\\Reports\\20220609_181011\\03. Parallel Testing (Testing)\\TS -PT PART 3\\13 Tag StarPack Dreyers Out of Office\\20220609_181119\\1654804216852.png, D:\\Projet Test Auto\\Mediabox Test Automation\\Reports\\20220609_181011\\03. Parallel Testing (Testing)\\TS -PT PART 3\\13 Tag StarPack Dreyers Out of Office\\20220609_181119\\1654804220564.png, D:\\Projet Test Auto\\Mediabox Test Automation\\Reports\\20220609_181011\\03. Parallel Testing (Testing)\\TS -PT PART 3\\13 Tag StarPack Dreyers Out of Office\\20220609_181119\\1654804223383.png, D:\\Projet Test Auto\\Mediabox Test Automation\\Reports\\20220609_181011\\03. Parallel Testing (Testing)\\TS -PT PART 3\\13 Tag StarPack Dreyers Out of Office\\20220609_181119\\1654804228638.png, D:\\Projet Test Auto\\Mediabox Test Automation\\Reports\\20220609_181011\\03. Parallel Testing (Testing)\\TS -PT PART 3\\13 Tag StarPack Dreyers Out of Office\\20220609_181119\\1654804268003.png, D:\\Projet Test Auto\\Mediabox Test Automation\\Reports\\20220609_181011\\03. Parallel Testing (Testing)\\TS -PT PART 3\\13 Tag StarPack Dreyers Out of Office\\20220609_181119\\1654804288368.png, D:\\Projet Test Auto\\Mediabox Test Automation\\Reports\\20220609_181011\\03. Parallel Testing (Testing)\\TS -PT PART 3\\13 Tag StarPack Dreyers Out of Office\\20220609_181119\\1654804305981.png, D:\\Projet Test Auto\\Mediabox Test Automation\\Reports\\20220609_181011\\03. Parallel Testing (Testing)\\TS -PT PART 3\\13 Tag StarPack Dreyers Out of Office\\20220609_181119\\1654804365913.png, D:\\Projet Test Auto\\Mediabox Test Automation\\Reports\\20220609_181011\\03. Parallel Testing (Testing)\\TS -PT PART 3\\13 Tag StarPack Dreyers Out of Office\\20220609_181119\\1654804424634.png, D:\\Projet Test Auto\\Mediabox Test Automation\\Reports\\20220609_181011\\03. Parallel Testing (Testing)\\TS -PT PART 3\\13 Tag StarPack Dreyers Out of Office\\20220609_181119\\1654804424918.png, D:\\Projet Test Auto\\Mediabox Test Automation\\Reports\\20220609_181011\\03. Parallel Testing (Testing)\\TS -PT PART 3\\13 Tag StarPack Dreyers Out of Office\\20220609_181119\\1654804452228.png, D:\\Projet Test Auto\\Mediabox Test Automation\\Reports\\20220609_181011\\03. Parallel Testing (Testing)\\TS -PT PART 3\\13 Tag StarPack Dreyers Out of Office\\20220609_181119\\1654804498345.png, D:\\Projet Test Auto\\Mediabox Test Automation\\Reports\\20220609_181011\\03. Parallel Testing (Testing)\\TS -PT PART 3\\13 Tag StarPack Dreyers Out of Office\\20220609_181119\\1654804571654.png, D:\\Projet Test Auto\\Mediabox Test Automation\\Reports\\20220609_181011\\03. Parallel Testing (Testing)\\TS -PT PART 3\\13 Tag StarPack Dreyers Out of Office\\20220609_181119\\1654804584877.png, D:\\Projet Test Auto\\Mediabox Test Automation\\Reports\\20220609_181011\\03. Parallel Testing (Testing)\\TS -PT PART 3\\13 Tag StarPack Dreyers Out of Office\\20220609_181119\\1654804585461.png, D:\\Projet Test Auto\\Mediabox Test Automation\\Reports\\20220609_181011\\03. Parallel Testing (Testing)\\TS -PT PART 3\\13 Tag StarPack Dreyers Out of Office\\20220609_181119\\1654804615016.png, D:\\Projet Test Auto\\Mediabox Test Automation\\Reports\\20220609_181011\\03. Parallel Testing (Testing)\\TS -PT PART 3\\13 Tag StarPack Dreyers Out of Office\\20220609_181119\\1654804621974.png, D:\\Projet Test Auto\\Mediabox Test Automation\\Reports\\20220609_181011\\03. Parallel Testing (Testing)\\TS -PT PART 3\\13 Tag StarPack Dreyers Out of Office\\20220609_181119\\1654804679303.png, D:\\Projet Test Auto\\Mediabox Test Automation\\Reports\\20220609_181011\\03. Parallel Testing (Testing)\\TS -PT PART 3\\13 Tag StarPack Dreyers Out of Office\\20220609_181119\\1654804742216.png, D:\\Projet Test Auto\\Mediabox Test Automation\\Reports\\20220609_181011\\03. Parallel Testing (Testing)\\TS -PT PART 3\\13 Tag StarPack Dreyers Out of Office\\20220609_181119\\1654804799539.png, D:\\Projet Test Auto\\Mediabox Test Automation\\Reports\\20220609_181011\\03. Parallel Testing (Testing)\\TS -PT PART 3\\13 Tag StarPack Dreyers Out of Office\\20220609_181119\\1654804846240.png, D:\\Projet Test Auto\\Mediabox Test Automation\\Reports\\20220609_181011\\03. Parallel Testing (Testing)\\TS -PT PART 3\\13 Tag StarPack Dreyers Out of Office\\20220609_181119\\1654804895231.png, D:\\Projet Test Auto\\Mediabox Test Automation\\Reports\\20220609_181011\\03. Parallel Testing (Testing)\\TS -PT PART 3\\13 Tag StarPack Dreyers Out of Office\\20220609_181119\\1654804946537.png, D:\\Projet Test Auto\\Mediabox Test Automation\\Reports\\20220609_181011\\03. Parallel Testing (Testing)\\TS -PT PART 3\\13 Tag StarPack Dreyers Out of Office\\20220609_181119\\1654804966133.png, D:\\Projet Test Auto\\Mediabox Test Automation\\Reports\\20220609_181011\\03. Parallel Testing (Testing)\\TS -PT PART 3\\13 Tag StarPack Dreyers Out of Office\\20220609_181119\\1654805032304.png, D:\\Projet Test Auto\\Mediabox Test Automation\\Reports\\20220609_181011\\03. Parallel Testing (Testing)\\TS -PT PART 3\\13 Tag StarPack Dreyers Out of Office\\20220609_181119\\1654805040673.png, D:\\Projet Test Auto\\Mediabox Test Automation\\Reports\\20220609_181011\\03. Parallel Testing (Testing)\\TS -PT PART 3\\13 Tag StarPack Dreyers Out of Office\\20220609_181119\\1654805056725.png, D:\\Projet Test Auto\\Mediabox Test Automation\\Reports\\20220609_181011\\03. Parallel Testing (Testing)\\TS -PT PART 3\\13 Tag StarPack Dreyers Out of Office\\20220609_181119\\1654805057441.png, D:\\Projet Test Auto\\Mediabox Test Automation\\Reports\\20220609_181011\\03. Parallel Testing (Testing)\\TS -PT PART 3\\13 Tag StarPack Dreyers Out of Office\\20220609_181119\\1654805074285.png, D:\\Projet Test Auto\\Mediabox Test Automation\\Reports\\20220609_181011\\03. Parallel Testing (Testing)\\TS -PT PART 3\\13 Tag StarPack Dreyers Out of Office\\20220609_181119\\1654805082776.png, D:\\Projet Test Auto\\Mediabox Test Automation\\Reports\\20220609_181011\\03. Parallel Testing (Testing)\\TS -PT PART 3\\13 Tag StarPack Dreyers Out of Office\\20220609_181119\\1654805084580.png, D:\\Projet Test Auto\\Mediabox Test Automation\\Reports\\20220609_181011\\03. Parallel Testing (Testing)\\TS -PT PART 3\\13 Tag StarPack Dreyers Out of Office\\20220609_181119\\1654805089095.png, D:\\Projet Test Auto\\Mediabox Test Automation\\Reports\\20220609_181011\\03. Parallel Testing (Testing)\\TS -PT PART 3\\13 Tag StarPack Dreyers Out of Office\\20220609_181119\\1654805128661.png, D:\\Projet Test Auto\\Mediabox Test Automation\\Reports\\20220609_181011\\03. Parallel Testing (Testing)\\TS -PT PART 3\\13 Tag StarPack Dreyers Out of Office\\20220609_181119\\1654805132314.png"/>
         <property name="hostName" value="lamhe - DPF-MBI-VERIF.ad.sgsco.int"/>
         <property name="os" value="Windows 10 64bit"/>
         <property name="katalonVersion" value="8.3.0.208"/>
         <property name="browser" value="Chrome 102.0.5005.63"/>
         <property name="hostAddress" value="10.15.10.53"/>
         <property name="sessionId" value="d037722dc62a469ab5654038e99a169b"/>
         <property name="seleniumVersion" value="3.141.59"/>
         <property name="proxyInformation" value="ProxyInformation { proxyOption=NO_PROXY, proxyServerType=HTTP, username=, password=********, proxyServerAddress=, proxyServerPort=0, executionList=&quot;&quot;, isApplyToDesiredCapabilities=true }"/>
         <property name="platform" value="Windows 10"/>
      </properties>
      <testcase name="Test Cases/17. Tag StarPack Out of Office (OOO)/17.09 Dreyers Out of Office Reset a delegation usermanagement and my profile" time="241.528" classname="Test Cases/17. Tag StarPack Out of Office (OOO)/17.09 Dreyers Out of Office Reset a delegation usermanagement and my profile" status="PASSED">
         <system-out><![CDATA[2022-06-09 21:24:15 - [TEST_CASE][PASSED] - Test Cases/17. Tag StarPack Out of Office (OOO)/17.09 Dreyers Out of Office Reset a delegation usermanagement and my profile: Test Cases/17. Tag StarPack Out of Office (OOO)/17.09 Dreyers Out of Office Reset a delegation usermanagement and my profile

2022-06-09 21:24:17 - [TEST_STEP][PASSED] - data_Dreyers = findTestData("Data Files/Username_Password/Dreyer"): null

2022-06-09 21:24:17 - [TEST_STEP][PASSED] - password_suser = data_Dreyers.getValue(2, 1): null

2022-06-09 21:24:17 - [TEST_STEP][PASSED] - password_agarcia = data_Dreyers.getValue(2, 10): null

2022-06-09 21:24:17 - [TEST_STEP][PASSED] - password_bcollins = data_Dreyers.getValue(2, 11): null

2022-06-09 21:24:17 - [TEST_STEP][PASSED] - data_urlRELAUTO = findTestData("Data Files/URL/URL_relauto"): null

2022-06-09 21:24:17 - [TEST_STEP][PASSED] - Url_Dreyer = data_urlRELAUTO.getValue(2, 4): null

2022-06-09 21:24:17 - [TEST_STEP][PASSED] - openBrowser(Url_Dreyer): Browser is opened with url: 'http://mdb-release.diadeis.lan/MediaboxIndependence/?MBI_datasource=RELTESTAUTO_DREYERS'

2022-06-09 21:24:18 - [MESSAGE][INFO] - Starting 'Chrome (headless)' driver

2022-06-09 21:24:18 - [MESSAGE][INFO] - User set preference: ['args', '[--window-size=1920,1080, --headless]']

2022-06-09 21:24:18 - [MESSAGE][INFO] - Action delay is set to 0 milliseconds

2022-06-09 21:24:34 - [MESSAGE][PASSED] - Browser is opened with url: 'http://mdb-release.diadeis.lan/MediaboxIndependence/?MBI_datasource=RELTESTAUTO_DREYERS'

2022-06-09 21:24:34 - [TEST_STEP][PASSED] - maximizeWindow(): Current window maximized

2022-06-09 21:24:34 - [MESSAGE][PASSED] - Current window maximized

2022-06-09 21:24:34 - [TEST_STEP][PASSED] - takeScreenshot(): Taking screenshot successfully

2022-06-09 21:24:35 - [MESSAGE][PASSED] - Taking screenshot successfully
[[ATTACHMENT|D:\\Projet Test Auto\\Mediabox Test Automation\\Reports\\20220609_181011\\03. Parallel Testing (Testing)\\TS -PT PART 3\\13 Tag StarPack Dreyers Out of Office\\20220609_181119\\1654802674756.png]]

2022-06-09 21:24:35 - [TEST_STEP][PASSED] - I.Login_password("suser", password_suser): Object: 'Object Repository/1. Constant/xpath' is clicked on

2022-06-09 21:24:36 - [MESSAGE][PASSED] - Text 'suser' is set on object 'Object Repository/1. Constant/xpath'

2022-06-09 21:24:37 - [MESSAGE][PASSED] - Delayed 1 second(s)

2022-06-09 21:24:37 - [MESSAGE][PASSED] - Text 'diadeis' is set on object 'Object Repository/1. Constant/xpath'

2022-06-09 21:24:38 - [MESSAGE][PASSED] - Delayed 1 second(s)

2022-06-09 21:24:44 - [MESSAGE][PASSED] - Object: 'Object Repository/1. Constant/xpath' is clicked on

2022-06-09 21:24:44 - [TEST_STEP][PASSED] - I.Go_to_MyProfile(): Delayed 1 second(s)

2022-06-09 21:24:45 - [MESSAGE][PASSED] - Object: 'Object Repository/1. Constant/xpath' is clicked on

2022-06-09 21:24:46 - [MESSAGE][PASSED] - Delayed 1 second(s)

2022-06-09 21:24:48 - [MESSAGE][PASSED] - Object: 'Object Repository/1. Constant/xpath' is clicked on

2022-06-09 21:24:49 - [MESSAGE][PASSED] - Delayed 1 second(s)

2022-06-09 21:24:49 - [TEST_STEP][PASSED] - delay(1): Delayed 1 second(s)

2022-06-09 21:24:50 - [MESSAGE][PASSED] - Delayed 1 second(s)

2022-06-09 21:24:50 - [TEST_STEP][PASSED] - click(findTestObject("1. Constant/xpath", ["xpath":"//*[@id="btn_add_delegation"]"])): Object: 'Object Repository/1. Constant/xpath' is clicked on

2022-06-09 21:24:51 - [MESSAGE][PASSED] - Object: 'Object Repository/1. Constant/xpath' is clicked on

2022-06-09 21:24:51 - [TEST_STEP][PASSED] - click(findTestObject("1. Constant/xpath", ["xpath":"/html/body/div[1]/div[2]/div[4]/div[3]/div/div/div/form/div[2]/div[2]/div[2]/div[2]/table/tbody/tr/td[2]/div/input"])): Object: 'Object Repository/1. Constant/xpath' is clicked on

2022-06-09 21:24:51 - [MESSAGE][PASSED] - Object: 'Object Repository/1. Constant/xpath' is clicked on

2022-06-09 21:24:51 - [TEST_STEP][PASSED] - delay(1): Delayed 1 second(s)

2022-06-09 21:24:52 - [MESSAGE][PASSED] - Delayed 1 second(s)

2022-06-09 21:24:52 - [TEST_STEP][PASSED] - click(findTestObject("1. Constant/xpath", ["xpath":"//*[@id="kt_body"]/div[7]/div[1]/table/thead/tr[2]/th[1]"])): Object: 'Object Repository/1. Constant/xpath' is clicked on

2022-06-09 21:24:52 - [MESSAGE][PASSED] - Object: 'Object Repository/1. Constant/xpath' is clicked on

2022-06-09 21:24:52 - [TEST_STEP][PASSED] - delay(1): Delayed 1 second(s)

2022-06-09 21:24:53 - [MESSAGE][PASSED] - Delayed 1 second(s)

2022-06-09 21:24:53 - [TEST_STEP][PASSED] - click(findTestObject("1. Constant/xpath", ["xpath":"//*[@id="kt_body"]/div[7]/div[1]/table/thead/tr[2]/th[1]"])): Object: 'Object Repository/1. Constant/xpath' is clicked on

2022-06-09 21:24:54 - [MESSAGE][PASSED] - Object: 'Object Repository/1. Constant/xpath' is clicked on

2022-06-09 21:24:54 - [TEST_STEP][PASSED] - click(findTestObject("1. Constant/xpath", ["xpath":"/html/body/div[7]/div[1]/table/tbody/tr[2]/td[2]"])): Object: 'Object Repository/1. Constant/xpath' is clicked on

2022-06-09 21:24:54 - [MESSAGE][PASSED] - Object: 'Object Repository/1. Constant/xpath' is clicked on

2022-06-09 21:24:54 - [TEST_STEP][PASSED] - click(findTestObject("1. Constant/xpath", ["xpath":"/html/body/div[1]/div[2]/div[4]/div[3]/div/div/div/form/div[2]/div[2]/div[2]/div[2]/table/tbody/tr/td[4]/div/input"])): Object: 'Object Repository/1. Constant/xpath' is clicked on

2022-06-09 21:24:55 - [MESSAGE][PASSED] - Object: 'Object Repository/1. Constant/xpath' is clicked on

2022-06-09 21:24:55 - [TEST_STEP][PASSED] - delay(1): Delayed 1 second(s)

2022-06-09 21:24:56 - [MESSAGE][PASSED] - Delayed 1 second(s)

2022-06-09 21:24:56 - [TEST_STEP][PASSED] - click(findTestObject("1. Constant/xpath", ["xpath":"//*[@id="kt_body"]/div[7]/div[1]/table/thead/tr[2]/th[1]"])): Object: 'Object Repository/1. Constant/xpath' is clicked on

2022-06-09 21:24:57 - [MESSAGE][PASSED] - Object: 'Object Repository/1. Constant/xpath' is clicked on

2022-06-09 21:24:57 - [TEST_STEP][PASSED] - click(findTestObject("1. Constant/xpath", ["xpath":"/html/body/div[7]/div[1]/table/tbody/tr[2]/td[2]"])): Object: 'Object Repository/1. Constant/xpath' is clicked on

2022-06-09 21:24:58 - [MESSAGE][PASSED] - Object: 'Object Repository/1. Constant/xpath' is clicked on

2022-06-09 21:24:58 - [TEST_STEP][PASSED] - delay(2): Delayed 2 second(s)

2022-06-09 21:25:00 - [MESSAGE][PASSED] - Delayed 2 second(s)

2022-06-09 21:25:00 - [TEST_STEP][PASSED] - selectOptionByValue(findTestObject("1. Constant/xpath", ["xpath":"//*[@id="delegation_select_user_new1"]"]), "agarcia", false): All options with value 'agarcia' are selected in object 'Object Repository/1. Constant/xpath' 

2022-06-09 21:25:01 - [MESSAGE][PASSED] - All options with value 'agarcia' are selected in object 'Object Repository/1. Constant/xpath' 

2022-06-09 21:25:01 - [TEST_STEP][PASSED] - click(findTestObject("1. Constant/xpath", ["xpath":"//*[@id="btn_add_delegation"]"])): Object: 'Object Repository/1. Constant/xpath' is clicked on

2022-06-09 21:25:01 - [MESSAGE][PASSED] - Object: 'Object Repository/1. Constant/xpath' is clicked on

2022-06-09 21:25:01 - [TEST_STEP][PASSED] - delay(2): Delayed 2 second(s)

2022-06-09 21:25:03 - [MESSAGE][PASSED] - Delayed 2 second(s)

2022-06-09 21:25:03 - [TEST_STEP][PASSED] - click(findTestObject("1. Constant/xpath", ["xpath":"/html/body/div[1]/div[2]/div[4]/div[3]/div/div/div/form/div[2]/div[2]/div[2]/div[2]/table/tbody/tr[2]/td[2]/div/input"])): Object: 'Object Repository/1. Constant/xpath' is clicked on

2022-06-09 21:25:03 - [MESSAGE][PASSED] - Object: 'Object Repository/1. Constant/xpath' is clicked on

2022-06-09 21:25:03 - [TEST_STEP][PASSED] - delay(1): Delayed 1 second(s)

2022-06-09 21:25:04 - [MESSAGE][PASSED] - Delayed 1 second(s)

2022-06-09 21:25:04 - [TEST_STEP][PASSED] - click(findTestObject("1. Constant/xpath", ["xpath":"//*[@id="kt_body"]/div[7]/div[1]/table/thead/tr[2]/th[1]"])): Object: 'Object Repository/1. Constant/xpath' is clicked on

2022-06-09 21:25:05 - [MESSAGE][PASSED] - Object: 'Object Repository/1. Constant/xpath' is clicked on

2022-06-09 21:25:05 - [TEST_STEP][PASSED] - delay(1): Delayed 1 second(s)

2022-06-09 21:25:06 - [MESSAGE][PASSED] - Delayed 1 second(s)

2022-06-09 21:25:06 - [TEST_STEP][PASSED] - click(findTestObject("1. Constant/xpath", ["xpath":"//*[@id="kt_body"]/div[7]/div[1]/table/thead/tr[2]/th[1]"])): Object: 'Object Repository/1. Constant/xpath' is clicked on

2022-06-09 21:25:06 - [MESSAGE][PASSED] - Object: 'Object Repository/1. Constant/xpath' is clicked on

2022-06-09 21:25:06 - [TEST_STEP][PASSED] - click(findTestObject("1. Constant/xpath", ["xpath":"/html/body/div[7]/div[1]/table/tbody/tr[2]/td[2]"])): Object: 'Object Repository/1. Constant/xpath' is clicked on

2022-06-09 21:25:06 - [MESSAGE][PASSED] - Object: 'Object Repository/1. Constant/xpath' is clicked on

2022-06-09 21:25:06 - [TEST_STEP][PASSED] - click(findTestObject("1. Constant/xpath", ["xpath":"/html/body/div[1]/div[2]/div[4]/div[3]/div/div/div/form/div[2]/div[2]/div[2]/div[2]/table/tbody/tr[2]/td[4]/div/input"])): Object: 'Object Repository/1. Constant/xpath' is clicked on

2022-06-09 21:25:07 - [MESSAGE][PASSED] - Object: 'Object Repository/1. Constant/xpath' is clicked on

2022-06-09 21:25:07 - [TEST_STEP][PASSED] - delay(1): Delayed 1 second(s)

2022-06-09 21:25:08 - [MESSAGE][PASSED] - Delayed 1 second(s)

2022-06-09 21:25:08 - [TEST_STEP][PASSED] - click(findTestObject("1. Constant/xpath", ["xpath":"//*[@id="kt_body"]/div[7]/div[1]/table/thead/tr[2]/th[1]"])): Object: 'Object Repository/1. Constant/xpath' is clicked on

2022-06-09 21:25:09 - [MESSAGE][PASSED] - Object: 'Object Repository/1. Constant/xpath' is clicked on

2022-06-09 21:25:09 - [TEST_STEP][PASSED] - click(findTestObject("1. Constant/xpath", ["xpath":"/html/body/div[7]/div[1]/table/tbody/tr[2]/td[2]"])): Object: 'Object Repository/1. Constant/xpath' is clicked on

2022-06-09 21:25:09 - [MESSAGE][PASSED] - Object: 'Object Repository/1. Constant/xpath' is clicked on

2022-06-09 21:25:09 - [TEST_STEP][PASSED] - selectOptionByValue(findTestObject("1. Constant/xpath", ["xpath":"//*[@id="delegation_select_user_new2"]"]), "bcollins", false): All options with value 'bcollins' are selected in object 'Object Repository/1. Constant/xpath' 

2022-06-09 21:25:09 - [MESSAGE][PASSED] - All options with value 'bcollins' are selected in object 'Object Repository/1. Constant/xpath' 

2022-06-09 21:25:09 - [TEST_STEP][PASSED] - I.Pagedown(): Execute JavaScript 'window.scrollTo(0, document.body.scrollHeight)' successfully

2022-06-09 21:25:09 - [MESSAGE][PASSED] - Execute JavaScript 'window.scrollTo(0, document.body.scrollHeight)' successfully

2022-06-09 21:25:09 - [TEST_STEP][PASSED] - delay(1): Delayed 1 second(s)

2022-06-09 21:25:10 - [MESSAGE][PASSED] - Delayed 1 second(s)

2022-06-09 21:25:10 - [TEST_STEP][PASSED] - I.click_button_javascript(findTestObject("1. Constant/xpath", ["xpath":"//*[@id="ModifierUser"]/div[3]/div/button"])): Execute JavaScript 'arguments[0].click()' successfully

2022-06-09 21:25:13 - [MESSAGE][PASSED] - Execute JavaScript 'arguments[0].click()' successfully

2022-06-09 21:25:13 - [TEST_STEP][PASSED] - style_From = getAttribute(findTestObject("1. Constant/xpath", ["xpath":"/html/body/div[1]/div[2]/div[4]/div[3]/div/div/div/form/div[2]/div[2]/div[2]/div[2]/table/tbody/tr[1]/td[1]"]), "style"): Attribute 'style' of object 'Object Repository/1. Constant/xpath' is: 'opacity: 0.5; pointer-events: none;'

2022-06-09 21:25:13 - [MESSAGE][PASSED] - Attribute 'style' of object 'Object Repository/1. Constant/xpath' is: 'opacity: 0.5; pointer-events: none;'

2022-06-09 21:25:13 - [TEST_STEP][PASSED] - style_From1 = getAttribute(findTestObject("1. Constant/xpath", ["xpath":"/html/body/div[1]/div[2]/div[4]/div[3]/div/div/div/form/div[2]/div[2]/div[2]/div[2]/table/tbody/tr[1]/td[2]"]), "style"): Attribute 'style' of object 'Object Repository/1. Constant/xpath' is: 'opacity: 0.5; pointer-events: none;'

2022-06-09 21:25:13 - [MESSAGE][PASSED] - Attribute 'style' of object 'Object Repository/1. Constant/xpath' is: 'opacity: 0.5; pointer-events: none;'

2022-06-09 21:25:13 - [TEST_STEP][PASSED] - style_To = getAttribute(findTestObject("1. Constant/xpath", ["xpath":"/html/body/div[1]/div[2]/div[4]/div[3]/div/div/div/form/div[2]/div[2]/div[2]/div[2]/table/tbody/tr[1]/td[3]"]), "style"): Attribute 'style' of object 'Object Repository/1. Constant/xpath' is: 'opacity: 0.5; pointer-events: none;'

2022-06-09 21:25:14 - [MESSAGE][PASSED] - Attribute 'style' of object 'Object Repository/1. Constant/xpath' is: 'opacity: 0.5; pointer-events: none;'

2022-06-09 21:25:14 - [TEST_STEP][PASSED] - style_To1 = getAttribute(findTestObject("1. Constant/xpath", ["xpath":"/html/body/div[1]/div[2]/div[4]/div[3]/div/div/div/form/div[2]/div[2]/div[2]/div[2]/table/tbody/tr[1]/td[4]"]), "style"): Attribute 'style' of object 'Object Repository/1. Constant/xpath' is: 'opacity: 0.5; pointer-events: none;'

2022-06-09 21:25:14 - [MESSAGE][PASSED] - Attribute 'style' of object 'Object Repository/1. Constant/xpath' is: 'opacity: 0.5; pointer-events: none;'

2022-06-09 21:25:14 - [TEST_STEP][PASSED] - style_delegate = getAttribute(findTestObject("1. Constant/xpath", ["xpath":"/html/body/div[1]/div[2]/div[4]/div[3]/div/div/div/form/div[2]/div[2]/div[2]/div[2]/table/tbody/tr[1]/td[5]"]), "style"): Attribute 'style' of object 'Object Repository/1. Constant/xpath' is: 'opacity: 0.5; pointer-events: none;'

2022-06-09 21:25:15 - [MESSAGE][PASSED] - Attribute 'style' of object 'Object Repository/1. Constant/xpath' is: 'opacity: 0.5; pointer-events: none;'

2022-06-09 21:25:15 - [TEST_STEP][PASSED] - verifyMatch(style_From, "opacity: 0.5; pointer-events: none;", false): Actual text 'opacity: 0.5; pointer-events: none;' and expected text 'opacity: 0.5; pointer-events: none;' are matched 

2022-06-09 21:25:15 - [MESSAGE][PASSED] - Actual text 'opacity: 0.5; pointer-events: none;' and expected text 'opacity: 0.5; pointer-events: none;' are matched 

2022-06-09 21:25:15 - [TEST_STEP][PASSED] - verifyMatch(style_From1, "opacity: 0.5; pointer-events: none;", false): Actual text 'opacity: 0.5; pointer-events: none;' and expected text 'opacity: 0.5; pointer-events: none;' are matched 

2022-06-09 21:25:15 - [MESSAGE][PASSED] - Actual text 'opacity: 0.5; pointer-events: none;' and expected text 'opacity: 0.5; pointer-events: none;' are matched 

2022-06-09 21:25:15 - [TEST_STEP][PASSED] - verifyMatch(style_To, "opacity: 0.5; pointer-events: none;", false): Actual text 'opacity: 0.5; pointer-events: none;' and expected text 'opacity: 0.5; pointer-events: none;' are matched 

2022-06-09 21:25:15 - [MESSAGE][PASSED] - Actual text 'opacity: 0.5; pointer-events: none;' and expected text 'opacity: 0.5; pointer-events: none;' are matched 

2022-06-09 21:25:15 - [TEST_STEP][PASSED] - verifyMatch(style_To1, "opacity: 0.5; pointer-events: none;", false): Actual text 'opacity: 0.5; pointer-events: none;' and expected text 'opacity: 0.5; pointer-events: none;' are matched 

2022-06-09 21:25:15 - [MESSAGE][PASSED] - Actual text 'opacity: 0.5; pointer-events: none;' and expected text 'opacity: 0.5; pointer-events: none;' are matched 

2022-06-09 21:25:15 - [TEST_STEP][PASSED] - verifyMatch(style_delegate, "opacity: 0.5; pointer-events: none;", false): Actual text 'opacity: 0.5; pointer-events: none;' and expected text 'opacity: 0.5; pointer-events: none;' are matched 

2022-06-09 21:25:15 - [MESSAGE][PASSED] - Actual text 'opacity: 0.5; pointer-events: none;' and expected text 'opacity: 0.5; pointer-events: none;' are matched 

2022-06-09 21:25:15 - [TEST_STEP][PASSED] - style_Fromb = getAttribute(findTestObject("1. Constant/xpath", ["xpath":"/html/body/div[1]/div[2]/div[4]/div[3]/div/div/div/form/div[2]/div[2]/div[2]/div[2]/table/tbody/tr[2]/td[1]"]), "style"): Attribute 'style' of object 'Object Repository/1. Constant/xpath' is: 'opacity: 0.5; pointer-events: none;'

2022-06-09 21:25:16 - [MESSAGE][PASSED] - Attribute 'style' of object 'Object Repository/1. Constant/xpath' is: 'opacity: 0.5; pointer-events: none;'

2022-06-09 21:25:16 - [TEST_STEP][PASSED] - style_From1b = getAttribute(findTestObject("1. Constant/xpath", ["xpath":"/html/body/div[1]/div[2]/div[4]/div[3]/div/div/div/form/div[2]/div[2]/div[2]/div[2]/table/tbody/tr[2]/td[2]"]), "style"): Attribute 'style' of object 'Object Repository/1. Constant/xpath' is: 'opacity: 0.5; pointer-events: none;'

2022-06-09 21:25:16 - [MESSAGE][PASSED] - Attribute 'style' of object 'Object Repository/1. Constant/xpath' is: 'opacity: 0.5; pointer-events: none;'

2022-06-09 21:25:16 - [TEST_STEP][PASSED] - style_Tob = getAttribute(findTestObject("1. Constant/xpath", ["xpath":"/html/body/div[1]/div[2]/div[4]/div[3]/div/div/div/form/div[2]/div[2]/div[2]/div[2]/table/tbody/tr[2]/td[3]"]), "style"): Attribute 'style' of object 'Object Repository/1. Constant/xpath' is: 'opacity: 0.5; pointer-events: none;'

2022-06-09 21:25:16 - [MESSAGE][PASSED] - Attribute 'style' of object 'Object Repository/1. Constant/xpath' is: 'opacity: 0.5; pointer-events: none;'

2022-06-09 21:25:16 - [TEST_STEP][PASSED] - style_To1b = getAttribute(findTestObject("1. Constant/xpath", ["xpath":"/html/body/div[1]/div[2]/div[4]/div[3]/div/div/div/form/div[2]/div[2]/div[2]/div[2]/table/tbody/tr[2]/td[4]"]), "style"): Attribute 'style' of object 'Object Repository/1. Constant/xpath' is: 'opacity: 0.5; pointer-events: none;'

2022-06-09 21:25:16 - [MESSAGE][PASSED] - Attribute 'style' of object 'Object Repository/1. Constant/xpath' is: 'opacity: 0.5; pointer-events: none;'

2022-06-09 21:25:16 - [TEST_STEP][PASSED] - style_delegateb = getAttribute(findTestObject("1. Constant/xpath", ["xpath":"/html/body/div[1]/div[2]/div[4]/div[3]/div/div/div/form/div[2]/div[2]/div[2]/div[2]/table/tbody/tr[2]/td[5]"]), "style"): Attribute 'style' of object 'Object Repository/1. Constant/xpath' is: 'opacity: 0.5; pointer-events: none;'

2022-06-09 21:25:17 - [MESSAGE][PASSED] - Attribute 'style' of object 'Object Repository/1. Constant/xpath' is: 'opacity: 0.5; pointer-events: none;'

2022-06-09 21:25:17 - [TEST_STEP][PASSED] - verifyMatch(style_Fromb, "opacity: 0.5; pointer-events: none;", false): Actual text 'opacity: 0.5; pointer-events: none;' and expected text 'opacity: 0.5; pointer-events: none;' are matched 

2022-06-09 21:25:17 - [MESSAGE][PASSED] - Actual text 'opacity: 0.5; pointer-events: none;' and expected text 'opacity: 0.5; pointer-events: none;' are matched 

2022-06-09 21:25:17 - [TEST_STEP][PASSED] - verifyMatch(style_From1b, "opacity: 0.5; pointer-events: none;", false): Actual text 'opacity: 0.5; pointer-events: none;' and expected text 'opacity: 0.5; pointer-events: none;' are matched 

2022-06-09 21:25:17 - [MESSAGE][PASSED] - Actual text 'opacity: 0.5; pointer-events: none;' and expected text 'opacity: 0.5; pointer-events: none;' are matched 

2022-06-09 21:25:17 - [TEST_STEP][PASSED] - verifyMatch(style_Tob, "opacity: 0.5; pointer-events: none;", false): Actual text 'opacity: 0.5; pointer-events: none;' and expected text 'opacity: 0.5; pointer-events: none;' are matched 

2022-06-09 21:25:17 - [MESSAGE][PASSED] - Actual text 'opacity: 0.5; pointer-events: none;' and expected text 'opacity: 0.5; pointer-events: none;' are matched 

2022-06-09 21:25:17 - [TEST_STEP][PASSED] - verifyMatch(style_To1b, "opacity: 0.5; pointer-events: none;", false): Actual text 'opacity: 0.5; pointer-events: none;' and expected text 'opacity: 0.5; pointer-events: none;' are matched 

2022-06-09 21:25:17 - [MESSAGE][PASSED] - Actual text 'opacity: 0.5; pointer-events: none;' and expected text 'opacity: 0.5; pointer-events: none;' are matched 

2022-06-09 21:25:17 - [TEST_STEP][PASSED] - verifyMatch(style_delegateb, "opacity: 0.5; pointer-events: none;", false): Actual text 'opacity: 0.5; pointer-events: none;' and expected text 'opacity: 0.5; pointer-events: none;' are matched 

2022-06-09 21:25:17 - [MESSAGE][PASSED] - Actual text 'opacity: 0.5; pointer-events: none;' and expected text 'opacity: 0.5; pointer-events: none;' are matched 

2022-06-09 21:25:17 - [TEST_STEP][PASSED] - delay(1): Delayed 1 second(s)

2022-06-09 21:25:18 - [MESSAGE][PASSED] - Delayed 1 second(s)

2022-06-09 21:25:18 - [TEST_STEP][PASSED] - click(findTestObject("1. Constant/xpath", ["xpath":"/html/body/div[1]/div[2]/div[4]/div[3]/div/div/div/form/div[2]/div[2]/div[2]/div[2]/table/tbody/tr[1]/td[6]/button[2]"])): Object: 'Object Repository/1. Constant/xpath' is clicked on

2022-06-09 21:25:18 - [MESSAGE][PASSED] - Object: 'Object Repository/1. Constant/xpath' is clicked on

2022-06-09 21:25:18 - [TEST_STEP][PASSED] - delay(1): Delayed 1 second(s)

2022-06-09 21:25:19 - [MESSAGE][PASSED] - Delayed 1 second(s)

2022-06-09 21:25:19 - [TEST_STEP][PASSED] - style_Fromr = getAttribute(findTestObject("1. Constant/xpath", ["xpath":"/html/body/div[1]/div[2]/div[4]/div[3]/div/div/div/form/div[2]/div[2]/div[2]/div[2]/table/tbody/tr[1]/td[1]"]), "style"): Attribute 'style' of object 'Object Repository/1. Constant/xpath' is: 'opacity: 1;'

2022-06-09 21:25:19 - [MESSAGE][PASSED] - Attribute 'style' of object 'Object Repository/1. Constant/xpath' is: 'opacity: 1;'

2022-06-09 21:25:19 - [TEST_STEP][PASSED] - style_Fromrr = getAttribute(findTestObject("1. Constant/xpath", ["xpath":"/html/body/div[1]/div[2]/div[4]/div[3]/div/div/div/form/div[2]/div[2]/div[2]/div[2]/table/tbody/tr[1]/td[2]"]), "style"): Attribute 'style' of object 'Object Repository/1. Constant/xpath' is: 'opacity: 1;'

2022-06-09 21:25:19 - [MESSAGE][PASSED] - Attribute 'style' of object 'Object Repository/1. Constant/xpath' is: 'opacity: 1;'

2022-06-09 21:25:19 - [TEST_STEP][PASSED] - style_Tor = getAttribute(findTestObject("1. Constant/xpath", ["xpath":"/html/body/div[1]/div[2]/div[4]/div[3]/div/div/div/form/div[2]/div[2]/div[2]/div[2]/table/tbody/tr[1]/td[3]"]), "style"): Attribute 'style' of object 'Object Repository/1. Constant/xpath' is: 'opacity: 1;'

2022-06-09 21:25:19 - [MESSAGE][PASSED] - Attribute 'style' of object 'Object Repository/1. Constant/xpath' is: 'opacity: 1;'

2022-06-09 21:25:19 - [TEST_STEP][PASSED] - style_Torr = getAttribute(findTestObject("1. Constant/xpath", ["xpath":"/html/body/div[1]/div[2]/div[4]/div[3]/div/div/div/form/div[2]/div[2]/div[2]/div[2]/table/tbody/tr[1]/td[4]"]), "style"): Attribute 'style' of object 'Object Repository/1. Constant/xpath' is: 'opacity: 1;'

2022-06-09 21:25:20 - [MESSAGE][PASSED] - Attribute 'style' of object 'Object Repository/1. Constant/xpath' is: 'opacity: 1;'

2022-06-09 21:25:20 - [TEST_STEP][PASSED] - style_delegater = getAttribute(findTestObject("1. Constant/xpath", ["xpath":"/html/body/div[1]/div[2]/div[4]/div[3]/div/div/div/form/div[2]/div[2]/div[2]/div[2]/table/tbody/tr[1]/td[5]"]), "style"): Attribute 'style' of object 'Object Repository/1. Constant/xpath' is: 'opacity: 1;'

2022-06-09 21:25:20 - [MESSAGE][PASSED] - Attribute 'style' of object 'Object Repository/1. Constant/xpath' is: 'opacity: 1;'

2022-06-09 21:25:20 - [TEST_STEP][PASSED] - verifyMatch(style_Fromr, "opacity: 1;", false): Actual text 'opacity: 1;' and expected text 'opacity: 1;' are matched 

2022-06-09 21:25:20 - [MESSAGE][PASSED] - Actual text 'opacity: 1;' and expected text 'opacity: 1;' are matched 

2022-06-09 21:25:20 - [TEST_STEP][PASSED] - verifyMatch(style_Fromrr, "opacity: 1;", false): Actual text 'opacity: 1;' and expected text 'opacity: 1;' are matched 

2022-06-09 21:25:20 - [MESSAGE][PASSED] - Actual text 'opacity: 1;' and expected text 'opacity: 1;' are matched 

2022-06-09 21:25:20 - [TEST_STEP][PASSED] - verifyMatch(style_Tor, "opacity: 1;", false): Actual text 'opacity: 1;' and expected text 'opacity: 1;' are matched 

2022-06-09 21:25:20 - [MESSAGE][PASSED] - Actual text 'opacity: 1;' and expected text 'opacity: 1;' are matched 

2022-06-09 21:25:20 - [TEST_STEP][PASSED] - verifyMatch(style_Torr, "opacity: 1;", false): Actual text 'opacity: 1;' and expected text 'opacity: 1;' are matched 

2022-06-09 21:25:20 - [MESSAGE][PASSED] - Actual text 'opacity: 1;' and expected text 'opacity: 1;' are matched 

2022-06-09 21:25:20 - [TEST_STEP][PASSED] - verifyMatch(style_delegater, "opacity: 1;", false): Actual text 'opacity: 1;' and expected text 'opacity: 1;' are matched 

2022-06-09 21:25:20 - [MESSAGE][PASSED] - Actual text 'opacity: 1;' and expected text 'opacity: 1;' are matched 

2022-06-09 21:25:20 - [TEST_STEP][PASSED] - delay(2): Delayed 2 second(s)

2022-06-09 21:25:22 - [MESSAGE][PASSED] - Delayed 2 second(s)

2022-06-09 21:25:22 - [TEST_STEP][PASSED] - click(findTestObject("1. Constant/xpath", ["xpath":"/html/body/div[1]/div[2]/div[4]/div[3]/div/div/div/form/div[2]/div[2]/div[2]/div[2]/table/tbody/tr[1]/td[4]/div/input"])): Object: 'Object Repository/1. Constant/xpath' is clicked on

2022-06-09 21:25:24 - [MESSAGE][PASSED] - Object: 'Object Repository/1. Constant/xpath' is clicked on

2022-06-09 21:25:24 - [TEST_STEP][PASSED] - delay(1): Delayed 1 second(s)

2022-06-09 21:25:25 - [MESSAGE][PASSED] - Delayed 1 second(s)

2022-06-09 21:25:25 - [TEST_STEP][PASSED] - click(findTestObject("1. Constant/xpath", ["xpath":"/html/body/div[7]/div[1]/table/thead/tr[2]/th[3]"])): Object: 'Object Repository/1. Constant/xpath' is clicked on

2022-06-09 21:25:26 - [MESSAGE][PASSED] - Object: 'Object Repository/1. Constant/xpath' is clicked on

2022-06-09 21:25:26 - [TEST_STEP][PASSED] - click(findTestObject("1. Constant/xpath", ["xpath":"/html/body/div[7]/div[1]/table/thead/tr[2]/th[3]"])): Object: 'Object Repository/1. Constant/xpath' is clicked on

2022-06-09 21:25:26 - [MESSAGE][PASSED] - Object: 'Object Repository/1. Constant/xpath' is clicked on

2022-06-09 21:25:26 - [TEST_STEP][PASSED] - delay(1): Delayed 1 second(s)

2022-06-09 21:25:27 - [MESSAGE][PASSED] - Delayed 1 second(s)

2022-06-09 21:25:27 - [TEST_STEP][PASSED] - click(findTestObject("1. Constant/xpath", ["xpath":"/html/body/div[7]/div[1]/table/tbody/tr[2]/td[2]"])): Object: 'Object Repository/1. Constant/xpath' is clicked on

2022-06-09 21:25:28 - [MESSAGE][PASSED] - Object: 'Object Repository/1. Constant/xpath' is clicked on

2022-06-09 21:25:28 - [TEST_STEP][PASSED] - I.Pagedown(): Execute JavaScript 'window.scrollTo(0, document.body.scrollHeight)' successfully

2022-06-09 21:25:28 - [MESSAGE][PASSED] - Execute JavaScript 'window.scrollTo(0, document.body.scrollHeight)' successfully

2022-06-09 21:25:28 - [TEST_STEP][PASSED] - I.click_button_javascript(findTestObject("1. Constant/xpath", ["xpath":"//*[@id="ModifierUser"]/div[3]/div/button"])): Execute JavaScript 'arguments[0].click()' successfully

2022-06-09 21:25:30 - [MESSAGE][PASSED] - Execute JavaScript 'arguments[0].click()' successfully

2022-06-09 21:25:30 - [TEST_STEP][PASSED] - I.Logout(): Delayed 3 second(s)

2022-06-09 21:25:33 - [MESSAGE][PASSED] - Delayed 3 second(s)

2022-06-09 21:25:33 - [MESSAGE][PASSED] - Object: 'Object Repository/1. Constant/xpath' is clicked on

2022-06-09 21:25:36 - [MESSAGE][PASSED] - Delayed 3 second(s)

2022-06-09 21:25:38 - [MESSAGE][PASSED] - Object: 'Object Repository/1. Constant/xpath' is clicked on

2022-06-09 21:25:41 - [MESSAGE][PASSED] - Delayed 3 second(s)

2022-06-09 21:25:41 - [TEST_STEP][PASSED] - I.Login_password("agarcia", password_agarcia): Object: 'Object Repository/1. Constant/xpath' is clicked on

2022-06-09 21:25:42 - [MESSAGE][PASSED] - Text 'agarcia' is set on object 'Object Repository/1. Constant/xpath'

2022-06-09 21:25:43 - [MESSAGE][PASSED] - Delayed 1 second(s)

2022-06-09 21:25:43 - [MESSAGE][PASSED] - Text 'diadeis' is set on object 'Object Repository/1. Constant/xpath'

2022-06-09 21:25:44 - [MESSAGE][PASSED] - Delayed 1 second(s)

2022-06-09 21:25:47 - [MESSAGE][PASSED] - Object: 'Object Repository/1. Constant/xpath' is clicked on

2022-06-09 21:25:47 - [TEST_STEP][PASSED] - delay(1): Delayed 1 second(s)

2022-06-09 21:25:48 - [MESSAGE][PASSED] - Delayed 1 second(s)

2022-06-09 21:25:48 - [TEST_STEP][PASSED] - verifyTextPresent("Accounts delegated to me", false): Text 'Accounts delegated to me' is present on page 

2022-06-09 21:25:48 - [MESSAGE][PASSED] - Text 'Accounts delegated to me' is present on page 

2022-06-09 21:25:48 - [TEST_STEP][PASSED] - click(findTestObject("1. Constant/xpath", ["xpath":"//*[@id="modal_delegations"]/div/div/div[3]/button"])): Object: 'Object Repository/1. Constant/xpath' is clicked on

2022-06-09 21:25:49 - [MESSAGE][PASSED] - Object: 'Object Repository/1. Constant/xpath' is clicked on

2022-06-09 21:25:49 - [TEST_STEP][PASSED] - delay(1): Delayed 1 second(s)

2022-06-09 21:25:50 - [MESSAGE][PASSED] - Delayed 1 second(s)

2022-06-09 21:25:50 - [TEST_STEP][PASSED] - I.Logout_xpath("//*[@id="kt_header"]/div/div[2]/div[2]/div[1]/div/span/img", "//*[@id="kt_header"]/div/div[2]/div[2]/div[2]/a[4]"): Wait for page load successfully

2022-06-09 21:25:50 - [MESSAGE][PASSED] - Object: 'Object Repository/1. Constant/xpath' is clicked on

2022-06-09 21:25:51 - [MESSAGE][PASSED] - Delayed 1 second(s)

2022-06-09 21:25:53 - [MESSAGE][PASSED] - Object: 'Object Repository/1. Constant/xpath' is clicked on

2022-06-09 21:25:54 - [MESSAGE][PASSED] - Delayed 1 second(s)

2022-06-09 21:25:55 - [MESSAGE][PASSED] - Wait for page load successfully

2022-06-09 21:25:55 - [TEST_STEP][PASSED] - I.Login_password("bcollins", password_bcollins): Object: 'Object Repository/1. Constant/xpath' is clicked on

2022-06-09 21:25:55 - [MESSAGE][PASSED] - Text 'bcollins' is set on object 'Object Repository/1. Constant/xpath'

2022-06-09 21:25:56 - [MESSAGE][PASSED] - Delayed 1 second(s)

2022-06-09 21:25:56 - [MESSAGE][PASSED] - Text 'diadeis' is set on object 'Object Repository/1. Constant/xpath'

2022-06-09 21:25:57 - [MESSAGE][PASSED] - Delayed 1 second(s)

2022-06-09 21:26:01 - [MESSAGE][PASSED] - Object: 'Object Repository/1. Constant/xpath' is clicked on

2022-06-09 21:26:01 - [TEST_STEP][PASSED] - delay(1): Delayed 1 second(s)

2022-06-09 21:26:02 - [MESSAGE][PASSED] - Delayed 1 second(s)

2022-06-09 21:26:02 - [TEST_STEP][PASSED] - verifyTextNotPresent("Accounts delegated to me", false): Text 'Accounts delegated to me' is not present on page

2022-06-09 21:26:02 - [MESSAGE][PASSED] - Text 'Accounts delegated to me' is not present on page

2022-06-09 21:26:02 - [TEST_STEP][PASSED] - I.Logout(): Delayed 3 second(s)

2022-06-09 21:26:05 - [MESSAGE][PASSED] - Delayed 3 second(s)

2022-06-09 21:26:05 - [MESSAGE][PASSED] - Object: 'Object Repository/1. Constant/xpath' is clicked on

2022-06-09 21:26:08 - [MESSAGE][PASSED] - Delayed 3 second(s)

2022-06-09 21:26:10 - [MESSAGE][PASSED] - Object: 'Object Repository/1. Constant/xpath' is clicked on

2022-06-09 21:26:13 - [MESSAGE][PASSED] - Delayed 3 second(s)

2022-06-09 21:26:13 - [TEST_STEP][PASSED] - I.Login_password("suser", password_suser): Object: 'Object Repository/1. Constant/xpath' is clicked on

2022-06-09 21:26:13 - [MESSAGE][PASSED] - Text 'suser' is set on object 'Object Repository/1. Constant/xpath'

2022-06-09 21:26:14 - [MESSAGE][PASSED] - Delayed 1 second(s)

2022-06-09 21:26:15 - [MESSAGE][PASSED] - Text 'diadeis' is set on object 'Object Repository/1. Constant/xpath'

2022-06-09 21:26:16 - [MESSAGE][PASSED] - Delayed 1 second(s)

2022-06-09 21:26:19 - [MESSAGE][PASSED] - Object: 'Object Repository/1. Constant/xpath' is clicked on

2022-06-09 21:26:19 - [TEST_STEP][PASSED] - I.Go_to_MyProfile(): Delayed 1 second(s)

2022-06-09 21:26:19 - [MESSAGE][PASSED] - Object: 'Object Repository/1. Constant/xpath' is clicked on

2022-06-09 21:26:20 - [MESSAGE][PASSED] - Delayed 1 second(s)

2022-06-09 21:26:21 - [MESSAGE][PASSED] - Object: 'Object Repository/1. Constant/xpath' is clicked on

2022-06-09 21:26:22 - [MESSAGE][PASSED] - Delayed 1 second(s)

2022-06-09 21:26:22 - [TEST_STEP][PASSED] - delay(1): Delayed 1 second(s)

2022-06-09 21:26:23 - [MESSAGE][PASSED] - Delayed 1 second(s)

2022-06-09 21:26:23 - [TEST_STEP][PASSED] - click(findTestObject("1. Constant/xpath", ["xpath":"/html/body/div[1]/div[2]/div[4]/div[3]/div/div/div/form/div[2]/div[2]/div[2]/div[2]/table/tbody/tr[2]/td[4]/div/input"])): Object: 'Object Repository/1. Constant/xpath' is clicked on

2022-06-09 21:26:25 - [MESSAGE][PASSED] - Object: 'Object Repository/1. Constant/xpath' is clicked on

2022-06-09 21:26:25 - [TEST_STEP][PASSED] - delay(1): Delayed 1 second(s)

2022-06-09 21:26:26 - [MESSAGE][PASSED] - Delayed 1 second(s)

2022-06-09 21:26:26 - [TEST_STEP][PASSED] - click(findTestObject("1. Constant/xpath", ["xpath":"//*[@id="kt_body"]/div[7]/div[1]/table/thead/tr[2]/th[1]"])): Object: 'Object Repository/1. Constant/xpath' is clicked on

2022-06-09 21:26:27 - [MESSAGE][PASSED] - Object: 'Object Repository/1. Constant/xpath' is clicked on

2022-06-09 21:26:27 - [TEST_STEP][PASSED] - click(findTestObject("1. Constant/xpath", ["xpath":"/html/body/div[7]/div[1]/table/tbody/tr[2]/td[2]"])): Object: 'Object Repository/1. Constant/xpath' is clicked on

2022-06-09 21:26:27 - [MESSAGE][PASSED] - Object: 'Object Repository/1. Constant/xpath' is clicked on

2022-06-09 21:26:27 - [TEST_STEP][PASSED] - I.Pagedown(): Execute JavaScript 'window.scrollTo(0, document.body.scrollHeight)' successfully

2022-06-09 21:26:27 - [MESSAGE][PASSED] - Execute JavaScript 'window.scrollTo(0, document.body.scrollHeight)' successfully

2022-06-09 21:26:27 - [TEST_STEP][PASSED] - I.click_button_javascript(findTestObject("1. Constant/xpath", ["xpath":"//*[@id="ModifierUser"]/div[3]/div/button"])): Execute JavaScript 'arguments[0].click()' successfully

2022-06-09 21:26:30 - [MESSAGE][PASSED] - Execute JavaScript 'arguments[0].click()' successfully

2022-06-09 21:26:30 - [TEST_STEP][PASSED] - click(findTestObject("1. Constant/xpath", ["xpath":"//*[@id="kt_aside_menu"]/ul/li[13]/a"])): Object: 'Object Repository/1. Constant/xpath' is clicked on

2022-06-09 21:26:30 - [MESSAGE][PASSED] - Object: 'Object Repository/1. Constant/xpath' is clicked on

2022-06-09 21:26:30 - [TEST_STEP][PASSED] - delay(2): Delayed 2 second(s)

2022-06-09 21:26:32 - [MESSAGE][PASSED] - Delayed 2 second(s)

2022-06-09 21:26:32 - [TEST_STEP][PASSED] - click(findTestObject("1. Constant/xpath", ["xpath":"//*[@id="kt_aside_menu"]/ul/li[13]/div/ul/li[2]/a"])): Object: 'Object Repository/1. Constant/xpath' is clicked on

2022-06-09 21:26:37 - [MESSAGE][PASSED] - Object: 'Object Repository/1. Constant/xpath' is clicked on

2022-06-09 21:26:37 - [TEST_STEP][PASSED] - takeScreenshot(): Taking screenshot successfully

2022-06-09 21:26:37 - [MESSAGE][PASSED] - Taking screenshot successfully
[[ATTACHMENT|D:\\Projet Test Auto\\Mediabox Test Automation\\Reports\\20220609_181011\\03. Parallel Testing (Testing)\\TS -PT PART 3\\13 Tag StarPack Dreyers Out of Office\\20220609_181119\\1654802797172.png]]

2022-06-09 21:26:37 - [TEST_STEP][PASSED] - setText(findTestObject("1. Constant/xpath", ["xpath":"//*[@id="users_table_filter"]/label/input"]), "suser"): Text 'suser' is set on object 'Object Repository/1. Constant/xpath'

2022-06-09 21:26:38 - [MESSAGE][PASSED] - Text 'suser' is set on object 'Object Repository/1. Constant/xpath'

2022-06-09 21:26:38 - [TEST_STEP][PASSED] - delay(2): Delayed 2 second(s)

2022-06-09 21:26:40 - [MESSAGE][PASSED] - Delayed 2 second(s)

2022-06-09 21:26:40 - [TEST_STEP][PASSED] - click(findTestObject("1. Constant/xpath", ["xpath":"//*[@id="selectAllUser"]"])): Object: 'Object Repository/1. Constant/xpath' is clicked on

2022-06-09 21:26:41 - [MESSAGE][PASSED] - Object: 'Object Repository/1. Constant/xpath' is clicked on

2022-06-09 21:26:41 - [TEST_STEP][PASSED] - delay(1): Delayed 1 second(s)

2022-06-09 21:26:42 - [MESSAGE][PASSED] - Delayed 1 second(s)

2022-06-09 21:26:42 - [TEST_STEP][PASSED] - selectOptionByValue(findTestObject("1. Constant/xpath", ["xpath":"//*[@id="select2_grouped_actions"]"]), "setdelegation", false): All options with value 'setdelegation' are selected in object 'Object Repository/1. Constant/xpath' 

2022-06-09 21:26:42 - [MESSAGE][PASSED] - All options with value 'setdelegation' are selected in object 'Object Repository/1. Constant/xpath' 

2022-06-09 21:26:42 - [TEST_STEP][PASSED] - delay(1): Delayed 1 second(s)

2022-06-09 21:26:43 - [MESSAGE][PASSED] - Delayed 1 second(s)

2022-06-09 21:26:43 - [TEST_STEP][PASSED] - click(findTestObject("1. Constant/xpath", ["xpath":"//*[@id="send_action_grouped"]"])): Object: 'Object Repository/1. Constant/xpath' is clicked on

2022-06-09 21:26:43 - [MESSAGE][PASSED] - Object: 'Object Repository/1. Constant/xpath' is clicked on

2022-06-09 21:26:43 - [TEST_STEP][PASSED] - ustyle_From = getAttribute(findTestObject("1. Constant/xpath", ["xpath":"/html/body/div[1]/div[2]/div[6]/div/div/div[2]/div/form/div/table/tbody/tr[1]/td[1]"]), "style"): Attribute 'style' of object 'Object Repository/1. Constant/xpath' is: 'opacity: 0.5; pointer-events: none;'

2022-06-09 21:26:44 - [MESSAGE][PASSED] - Attribute 'style' of object 'Object Repository/1. Constant/xpath' is: 'opacity: 0.5; pointer-events: none;'

2022-06-09 21:26:44 - [TEST_STEP][PASSED] - ustyle_From1 = getAttribute(findTestObject("1. Constant/xpath", ["xpath":"/html/body/div[1]/div[2]/div[6]/div/div/div[2]/div/form/div/table/tbody/tr[1]/td[2]"]), "style"): Attribute 'style' of object 'Object Repository/1. Constant/xpath' is: 'opacity: 0.5; pointer-events: none;'

2022-06-09 21:26:44 - [MESSAGE][PASSED] - Attribute 'style' of object 'Object Repository/1. Constant/xpath' is: 'opacity: 0.5; pointer-events: none;'

2022-06-09 21:26:44 - [TEST_STEP][PASSED] - ustyle_To = getAttribute(findTestObject("1. Constant/xpath", ["xpath":"/html/body/div[1]/div[2]/div[6]/div/div/div[2]/div/form/div/table/tbody/tr[1]/td[3]"]), "style"): Attribute 'style' of object 'Object Repository/1. Constant/xpath' is: 'opacity: 0.5; pointer-events: none;'

2022-06-09 21:26:44 - [MESSAGE][PASSED] - Attribute 'style' of object 'Object Repository/1. Constant/xpath' is: 'opacity: 0.5; pointer-events: none;'

2022-06-09 21:26:44 - [TEST_STEP][PASSED] - ustyle_To1 = getAttribute(findTestObject("1. Constant/xpath", ["xpath":"/html/body/div[1]/div[2]/div[6]/div/div/div[2]/div/form/div/table/tbody/tr[1]/td[4]"]), "style"): Attribute 'style' of object 'Object Repository/1. Constant/xpath' is: 'opacity: 0.5; pointer-events: none;'

2022-06-09 21:26:45 - [MESSAGE][PASSED] - Attribute 'style' of object 'Object Repository/1. Constant/xpath' is: 'opacity: 0.5; pointer-events: none;'

2022-06-09 21:26:45 - [TEST_STEP][PASSED] - ustyle_delegate = getAttribute(findTestObject("1. Constant/xpath", ["xpath":"/html/body/div[1]/div[2]/div[6]/div/div/div[2]/div/form/div/table/tbody/tr[1]/td[5]"]), "style"): Attribute 'style' of object 'Object Repository/1. Constant/xpath' is: 'opacity: 0.5; pointer-events: none;'

2022-06-09 21:26:45 - [MESSAGE][PASSED] - Attribute 'style' of object 'Object Repository/1. Constant/xpath' is: 'opacity: 0.5; pointer-events: none;'

2022-06-09 21:26:45 - [TEST_STEP][PASSED] - verifyMatch(ustyle_From, "opacity: 0.5; pointer-events: none;", false): Actual text 'opacity: 0.5; pointer-events: none;' and expected text 'opacity: 0.5; pointer-events: none;' are matched 

2022-06-09 21:26:45 - [MESSAGE][PASSED] - Actual text 'opacity: 0.5; pointer-events: none;' and expected text 'opacity: 0.5; pointer-events: none;' are matched 

2022-06-09 21:26:45 - [TEST_STEP][PASSED] - verifyMatch(ustyle_From1, "opacity: 0.5; pointer-events: none;", false): Actual text 'opacity: 0.5; pointer-events: none;' and expected text 'opacity: 0.5; pointer-events: none;' are matched 

2022-06-09 21:26:45 - [MESSAGE][PASSED] - Actual text 'opacity: 0.5; pointer-events: none;' and expected text 'opacity: 0.5; pointer-events: none;' are matched 

2022-06-09 21:26:45 - [TEST_STEP][PASSED] - verifyMatch(ustyle_To, "opacity: 0.5; pointer-events: none;", false): Actual text 'opacity: 0.5; pointer-events: none;' and expected text 'opacity: 0.5; pointer-events: none;' are matched 

2022-06-09 21:26:45 - [MESSAGE][PASSED] - Actual text 'opacity: 0.5; pointer-events: none;' and expected text 'opacity: 0.5; pointer-events: none;' are matched 

2022-06-09 21:26:45 - [TEST_STEP][PASSED] - verifyMatch(ustyle_To1, "opacity: 0.5; pointer-events: none;", false): Actual text 'opacity: 0.5; pointer-events: none;' and expected text 'opacity: 0.5; pointer-events: none;' are matched 

2022-06-09 21:26:45 - [MESSAGE][PASSED] - Actual text 'opacity: 0.5; pointer-events: none;' and expected text 'opacity: 0.5; pointer-events: none;' are matched 

2022-06-09 21:26:45 - [TEST_STEP][PASSED] - verifyMatch(ustyle_delegate, "opacity: 0.5; pointer-events: none;", false): Actual text 'opacity: 0.5; pointer-events: none;' and expected text 'opacity: 0.5; pointer-events: none;' are matched 

2022-06-09 21:26:45 - [MESSAGE][PASSED] - Actual text 'opacity: 0.5; pointer-events: none;' and expected text 'opacity: 0.5; pointer-events: none;' are matched 

2022-06-09 21:26:45 - [TEST_STEP][PASSED] - click(findTestObject("1. Constant/xpath", ["xpath":"/html/body/div[1]/div[2]/div[6]/div/div/div[2]/div/form/div/table/tbody/tr[1]/td[6]/button[2]"])): Object: 'Object Repository/1. Constant/xpath' is clicked on

2022-06-09 21:26:45 - [MESSAGE][PASSED] - Object: 'Object Repository/1. Constant/xpath' is clicked on

2022-06-09 21:26:45 - [TEST_STEP][PASSED] - delay(1): Delayed 1 second(s)

2022-06-09 21:26:46 - [MESSAGE][PASSED] - Delayed 1 second(s)

2022-06-09 21:26:46 - [TEST_STEP][PASSED] - style_Fromru = getAttribute(findTestObject("1. Constant/xpath", ["xpath":"/html/body/div[1]/div[2]/div[6]/div/div/div[2]/div/form/div/table/tbody/tr[1]/td[1]"]), "style"): Attribute 'style' of object 'Object Repository/1. Constant/xpath' is: 'opacity: 1;'

2022-06-09 21:26:47 - [MESSAGE][PASSED] - Attribute 'style' of object 'Object Repository/1. Constant/xpath' is: 'opacity: 1;'

2022-06-09 21:26:47 - [TEST_STEP][PASSED] - style_Fromrru = getAttribute(findTestObject("1. Constant/xpath", ["xpath":"/html/body/div[1]/div[2]/div[6]/div/div/div[2]/div/form/div/table/tbody/tr[1]/td[2]"]), "style"): Attribute 'style' of object 'Object Repository/1. Constant/xpath' is: 'opacity: 1;'

2022-06-09 21:26:47 - [MESSAGE][PASSED] - Attribute 'style' of object 'Object Repository/1. Constant/xpath' is: 'opacity: 1;'

2022-06-09 21:26:47 - [TEST_STEP][PASSED] - style_Toru = getAttribute(findTestObject("1. Constant/xpath", ["xpath":"/html/body/div[1]/div[2]/div[6]/div/div/div[2]/div/form/div/table/tbody/tr[1]/td[3]"]), "style"): Attribute 'style' of object 'Object Repository/1. Constant/xpath' is: 'opacity: 1;'

2022-06-09 21:26:47 - [MESSAGE][PASSED] - Attribute 'style' of object 'Object Repository/1. Constant/xpath' is: 'opacity: 1;'

2022-06-09 21:26:47 - [TEST_STEP][PASSED] - style_Torru = getAttribute(findTestObject("1. Constant/xpath", ["xpath":"/html/body/div[1]/div[2]/div[6]/div/div/div[2]/div/form/div/table/tbody/tr[1]/td[4]"]), "style"): Attribute 'style' of object 'Object Repository/1. Constant/xpath' is: 'opacity: 1;'

2022-06-09 21:26:49 - [MESSAGE][PASSED] - Attribute 'style' of object 'Object Repository/1. Constant/xpath' is: 'opacity: 1;'

2022-06-09 21:26:49 - [TEST_STEP][PASSED] - style_delegateru = getAttribute(findTestObject("1. Constant/xpath", ["xpath":"/html/body/div[1]/div[2]/div[6]/div/div/div[2]/div/form/div/table/tbody/tr[1]/td[5]"]), "style"): Attribute 'style' of object 'Object Repository/1. Constant/xpath' is: 'opacity: 1;'

2022-06-09 21:26:49 - [MESSAGE][PASSED] - Attribute 'style' of object 'Object Repository/1. Constant/xpath' is: 'opacity: 1;'

2022-06-09 21:26:49 - [TEST_STEP][PASSED] - verifyMatch(style_Fromru, "opacity: 1;", false): Actual text 'opacity: 1;' and expected text 'opacity: 1;' are matched 

2022-06-09 21:26:49 - [MESSAGE][PASSED] - Actual text 'opacity: 1;' and expected text 'opacity: 1;' are matched 

2022-06-09 21:26:49 - [TEST_STEP][PASSED] - verifyMatch(style_Fromrru, "opacity: 1;", false): Actual text 'opacity: 1;' and expected text 'opacity: 1;' are matched 

2022-06-09 21:26:49 - [MESSAGE][PASSED] - Actual text 'opacity: 1;' and expected text 'opacity: 1;' are matched 

2022-06-09 21:26:49 - [TEST_STEP][PASSED] - verifyMatch(style_Toru, "opacity: 1;", false): Actual text 'opacity: 1;' and expected text 'opacity: 1;' are matched 

2022-06-09 21:26:49 - [MESSAGE][PASSED] - Actual text 'opacity: 1;' and expected text 'opacity: 1;' are matched 

2022-06-09 21:26:49 - [TEST_STEP][PASSED] - verifyMatch(style_Torru, "opacity: 1;", false): Actual text 'opacity: 1;' and expected text 'opacity: 1;' are matched 

2022-06-09 21:26:49 - [MESSAGE][PASSED] - Actual text 'opacity: 1;' and expected text 'opacity: 1;' are matched 

2022-06-09 21:26:49 - [TEST_STEP][PASSED] - verifyMatch(style_delegateru, "opacity: 1;", false): Actual text 'opacity: 1;' and expected text 'opacity: 1;' are matched 

2022-06-09 21:26:49 - [MESSAGE][PASSED] - Actual text 'opacity: 1;' and expected text 'opacity: 1;' are matched 

2022-06-09 21:26:49 - [TEST_STEP][PASSED] - delay(2): Delayed 2 second(s)

2022-06-09 21:26:51 - [MESSAGE][PASSED] - Delayed 2 second(s)

2022-06-09 21:26:51 - [TEST_STEP][PASSED] - click(findTestObject("1. Constant/xpath", ["xpath":"/html/body/div[1]/div[2]/div[6]/div/div/div[2]/div/form/div/table/tbody/tr[1]/td[4]/div"])): Object: 'Object Repository/1. Constant/xpath' is clicked on

2022-06-09 21:26:53 - [MESSAGE][PASSED] - Object: 'Object Repository/1. Constant/xpath' is clicked on

2022-06-09 21:26:53 - [TEST_STEP][PASSED] - delay(2): Delayed 2 second(s)

2022-06-09 21:26:55 - [MESSAGE][PASSED] - Delayed 2 second(s)

2022-06-09 21:26:55 - [TEST_STEP][PASSED] - click(findTestObject("1. Constant/xpath", ["xpath":"/html/body/div[4]/div[1]/table/thead/tr[2]/th[3]"])): Object: 'Object Repository/1. Constant/xpath' is clicked on

2022-06-09 21:26:56 - [MESSAGE][PASSED] - Object: 'Object Repository/1. Constant/xpath' is clicked on

2022-06-09 21:26:56 - [TEST_STEP][PASSED] - delay(2): Delayed 2 second(s)

2022-06-09 21:26:58 - [MESSAGE][PASSED] - Delayed 2 second(s)

2022-06-09 21:26:58 - [TEST_STEP][PASSED] - click(findTestObject("1. Constant/xpath", ["xpath":"/html/body/div[4]/div[1]/table/thead/tr[2]/th[3]"])): Object: 'Object Repository/1. Constant/xpath' is clicked on

2022-06-09 21:26:58 - [MESSAGE][PASSED] - Object: 'Object Repository/1. Constant/xpath' is clicked on

2022-06-09 21:26:58 - [TEST_STEP][PASSED] - delay(2): Delayed 2 second(s)

2022-06-09 21:27:00 - [MESSAGE][PASSED] - Delayed 2 second(s)

2022-06-09 21:27:00 - [TEST_STEP][PASSED] - click(findTestObject("1. Constant/xpath", ["xpath":"/html/body/div[4]/div[1]/table/thead/tr[2]/th[3]"])): Object: 'Object Repository/1. Constant/xpath' is clicked on

2022-06-09 21:27:01 - [MESSAGE][PASSED] - Object: 'Object Repository/1. Constant/xpath' is clicked on

2022-06-09 21:27:01 - [TEST_STEP][PASSED] - delay(1): Delayed 1 second(s)

2022-06-09 21:27:02 - [MESSAGE][PASSED] - Delayed 1 second(s)

2022-06-09 21:27:02 - [TEST_STEP][PASSED] - click(findTestObject("1. Constant/xpath", ["xpath":"//*[@id="kt_body"]/div[4]/div[1]/table/tbody/tr[4]/td[4]"])): Object: 'Object Repository/1. Constant/xpath' is clicked on

2022-06-09 21:27:03 - [MESSAGE][PASSED] - Object: 'Object Repository/1. Constant/xpath' is clicked on

2022-06-09 21:27:03 - [TEST_STEP][PASSED] - delay(1): Delayed 1 second(s)

2022-06-09 21:27:04 - [MESSAGE][PASSED] - Delayed 1 second(s)

2022-06-09 21:27:04 - [TEST_STEP][PASSED] - click(findTestObject("1. Constant/xpath", ["xpath":"/html/body/div[1]/div[2]/div[6]/div/div/div[2]/div/form/div/table/tbody/tr[2]/td[6]/button[2]"])): Object: 'Object Repository/1. Constant/xpath' is clicked on

2022-06-09 21:27:05 - [MESSAGE][PASSED] - Object: 'Object Repository/1. Constant/xpath' is clicked on

2022-06-09 21:27:05 - [TEST_STEP][PASSED] - click(findTestObject("1. Constant/xpath", ["xpath":"/html/body/div[1]/div[2]/div[6]/div/div/div[2]/div/form/div/table/tbody/tr[2]/td[4]/div/div"])): Object: 'Object Repository/1. Constant/xpath' is clicked on

2022-06-09 21:27:05 - [MESSAGE][PASSED] - Object: 'Object Repository/1. Constant/xpath' is clicked on

2022-06-09 21:27:05 - [TEST_STEP][PASSED] - click(findTestObject("1. Constant/xpath", ["xpath":"/html/body/div[1]/div[2]/div[6]/div/div/div[2]/div/form/div/table/tbody/tr[2]/td[4]/div/input"])): Object: 'Object Repository/1. Constant/xpath' is clicked on

2022-06-09 21:27:05 - [MESSAGE][PASSED] - Object: 'Object Repository/1. Constant/xpath' is clicked on

2022-06-09 21:27:05 - [TEST_STEP][PASSED] - delay(2): Delayed 2 second(s)

2022-06-09 21:27:07 - [MESSAGE][PASSED] - Delayed 2 second(s)

2022-06-09 21:27:07 - [TEST_STEP][PASSED] - click(findTestObject("1. Constant/xpath", ["xpath":"/html/body/div[4]/div[1]/table/thead/tr[2]/th[3]"])): Object: 'Object Repository/1. Constant/xpath' is clicked on

2022-06-09 21:27:07 - [MESSAGE][PASSED] - Object: 'Object Repository/1. Constant/xpath' is clicked on

2022-06-09 21:27:07 - [TEST_STEP][PASSED] - delay(2): Delayed 2 second(s)

2022-06-09 21:27:09 - [MESSAGE][PASSED] - Delayed 2 second(s)

2022-06-09 21:27:09 - [TEST_STEP][PASSED] - click(findTestObject("1. Constant/xpath", ["xpath":"/html/body/div[4]/div[1]/table/thead/tr[2]/th[3]"])): Object: 'Object Repository/1. Constant/xpath' is clicked on

2022-06-09 21:27:10 - [MESSAGE][PASSED] - Object: 'Object Repository/1. Constant/xpath' is clicked on

2022-06-09 21:27:10 - [TEST_STEP][PASSED] - delay(2): Delayed 2 second(s)

2022-06-09 21:27:12 - [MESSAGE][PASSED] - Delayed 2 second(s)

2022-06-09 21:27:12 - [TEST_STEP][PASSED] - click(findTestObject("1. Constant/xpath", ["xpath":"/html/body/div[4]/div[1]/table/thead/tr[2]/th[3]"])): Object: 'Object Repository/1. Constant/xpath' is clicked on

2022-06-09 21:27:13 - [MESSAGE][PASSED] - Object: 'Object Repository/1. Constant/xpath' is clicked on

2022-06-09 21:27:13 - [TEST_STEP][PASSED] - delay(1): Delayed 1 second(s)

2022-06-09 21:27:14 - [MESSAGE][PASSED] - Delayed 1 second(s)

2022-06-09 21:27:14 - [TEST_STEP][PASSED] - click(findTestObject("1. Constant/xpath", ["xpath":"//*[@id="kt_body"]/div[4]/div[1]/table/tbody/tr[4]/td[4]"])): Object: 'Object Repository/1. Constant/xpath' is clicked on

2022-06-09 21:27:14 - [MESSAGE][PASSED] - Object: 'Object Repository/1. Constant/xpath' is clicked on

2022-06-09 21:27:14 - [TEST_STEP][PASSED] - delay(1): Delayed 1 second(s)

2022-06-09 21:27:15 - [MESSAGE][PASSED] - Delayed 1 second(s)

2022-06-09 21:27:15 - [TEST_STEP][PASSED] - click(findTestObject("1. Constant/xpath", ["xpath":"//*[@id="btn_change_delegations"]"])): Object: 'Object Repository/1. Constant/xpath' is clicked on

2022-06-09 21:27:19 - [MESSAGE][PASSED] - Object: 'Object Repository/1. Constant/xpath' is clicked on

2022-06-09 21:27:19 - [TEST_STEP][PASSED] - I.Logout(): Delayed 3 second(s)

2022-06-09 21:27:22 - [MESSAGE][PASSED] - Delayed 3 second(s)

2022-06-09 21:27:22 - [MESSAGE][PASSED] - Object: 'Object Repository/1. Constant/xpath' is clicked on

2022-06-09 21:27:25 - [MESSAGE][PASSED] - Delayed 3 second(s)

2022-06-09 21:27:27 - [MESSAGE][PASSED] - Object: 'Object Repository/1. Constant/xpath' is clicked on

2022-06-09 21:27:30 - [MESSAGE][PASSED] - Delayed 3 second(s)

2022-06-09 21:27:30 - [TEST_STEP][PASSED] - I.Login_password("agarcia", password_agarcia): Object: 'Object Repository/1. Constant/xpath' is clicked on

2022-06-09 21:27:30 - [MESSAGE][PASSED] - Text 'agarcia' is set on object 'Object Repository/1. Constant/xpath'

2022-06-09 21:27:31 - [MESSAGE][PASSED] - Delayed 1 second(s)

2022-06-09 21:27:31 - [MESSAGE][PASSED] - Text 'diadeis' is set on object 'Object Repository/1. Constant/xpath'

2022-06-09 21:27:32 - [MESSAGE][PASSED] - Delayed 1 second(s)

2022-06-09 21:27:36 - [MESSAGE][PASSED] - Object: 'Object Repository/1. Constant/xpath' is clicked on

2022-06-09 21:27:36 - [TEST_STEP][PASSED] - delay(1): Delayed 1 second(s)

2022-06-09 21:27:37 - [MESSAGE][PASSED] - Delayed 1 second(s)

2022-06-09 21:27:37 - [TEST_STEP][PASSED] - verifyTextPresent("Accounts delegated to me", false): Text 'Accounts delegated to me' is present on page 

2022-06-09 21:27:38 - [MESSAGE][PASSED] - Text 'Accounts delegated to me' is present on page 

2022-06-09 21:27:38 - [TEST_STEP][PASSED] - delay(1): Delayed 1 second(s)

2022-06-09 21:27:39 - [MESSAGE][PASSED] - Delayed 1 second(s)

2022-06-09 21:27:39 - [TEST_STEP][PASSED] - click(findTestObject("1. Constant/xpath", ["xpath":"/html/body/div[1]/div[2]/div[3]/div/div/div[1]/button"])): Object: 'Object Repository/1. Constant/xpath' is clicked on

2022-06-09 21:27:40 - [MESSAGE][PASSED] - Object: 'Object Repository/1. Constant/xpath' is clicked on

2022-06-09 21:27:40 - [TEST_STEP][PASSED] - I.Logout_xpath("//*[@id="kt_header"]/div/div[2]/div[2]/div[1]/div", "//*[@id="kt_header"]/div/div[2]/div[2]/div[2]/a[4]"): Wait for page load successfully

2022-06-09 21:27:40 - [MESSAGE][PASSED] - Object: 'Object Repository/1. Constant/xpath' is clicked on

2022-06-09 21:27:41 - [MESSAGE][PASSED] - Delayed 1 second(s)

2022-06-09 21:27:44 - [MESSAGE][PASSED] - Object: 'Object Repository/1. Constant/xpath' is clicked on

2022-06-09 21:27:45 - [MESSAGE][PASSED] - Delayed 1 second(s)

2022-06-09 21:27:45 - [MESSAGE][PASSED] - Wait for page load successfully

2022-06-09 21:27:45 - [TEST_STEP][PASSED] - I.Login_password("bcollins", password_bcollins): Object: 'Object Repository/1. Constant/xpath' is clicked on

2022-06-09 21:27:45 - [MESSAGE][PASSED] - Text 'bcollins' is set on object 'Object Repository/1. Constant/xpath'

2022-06-09 21:27:46 - [MESSAGE][PASSED] - Delayed 1 second(s)

2022-06-09 21:27:46 - [MESSAGE][PASSED] - Text 'diadeis' is set on object 'Object Repository/1. Constant/xpath'

2022-06-09 21:27:47 - [MESSAGE][PASSED] - Delayed 1 second(s)

2022-06-09 21:27:51 - [MESSAGE][PASSED] - Object: 'Object Repository/1. Constant/xpath' is clicked on

2022-06-09 21:27:51 - [TEST_STEP][PASSED] - delay(1): Delayed 1 second(s)

2022-06-09 21:27:52 - [MESSAGE][PASSED] - Delayed 1 second(s)

2022-06-09 21:27:52 - [TEST_STEP][PASSED] - verifyTextPresent("Accounts delegated to me", false): Text 'Accounts delegated to me' is present on page 

2022-06-09 21:27:53 - [MESSAGE][PASSED] - Text 'Accounts delegated to me' is present on page 

2022-06-09 21:27:53 - [TEST_STEP][PASSED] - click(findTestObject("1. Constant/xpath", ["xpath":"//*[@id="modal_delegations"]/div/div/div[3]/button"])): Object: 'Object Repository/1. Constant/xpath' is clicked on

2022-06-09 21:27:54 - [MESSAGE][PASSED] - Object: 'Object Repository/1. Constant/xpath' is clicked on

2022-06-09 21:27:54 - [TEST_STEP][PASSED] - I.Logout_xpath("//*[@id="kt_header"]/div/div[2]/div[2]/div[1]/div/span/img", "//*[@id="kt_header"]/div/div[2]/div[2]/div[2]/a[4]"): Wait for page load successfully

2022-06-09 21:27:54 - [MESSAGE][PASSED] - Object: 'Object Repository/1. Constant/xpath' is clicked on

2022-06-09 21:27:55 - [MESSAGE][PASSED] - Delayed 1 second(s)

2022-06-09 21:27:57 - [MESSAGE][PASSED] - Object: 'Object Repository/1. Constant/xpath' is clicked on

2022-06-09 21:27:58 - [MESSAGE][PASSED] - Delayed 1 second(s)

2022-06-09 21:27:58 - [MESSAGE][PASSED] - Wait for page load successfully

2022-06-09 21:27:58 - [TEST_STEP][PASSED] - I.Login_password("suser", password_suser): Object: 'Object Repository/1. Constant/xpath' is clicked on

2022-06-09 21:27:59 - [MESSAGE][PASSED] - Text 'suser' is set on object 'Object Repository/1. Constant/xpath'

2022-06-09 21:28:00 - [MESSAGE][PASSED] - Delayed 1 second(s)

2022-06-09 21:28:00 - [MESSAGE][PASSED] - Text 'diadeis' is set on object 'Object Repository/1. Constant/xpath'

2022-06-09 21:28:01 - [MESSAGE][PASSED] - Delayed 1 second(s)

2022-06-09 21:28:04 - [MESSAGE][PASSED] - Object: 'Object Repository/1. Constant/xpath' is clicked on

2022-06-09 21:28:04 - [TEST_STEP][PASSED] - I.Go_to_MyProfile(): Delayed 1 second(s)

2022-06-09 21:28:04 - [MESSAGE][PASSED] - Object: 'Object Repository/1. Constant/xpath' is clicked on

2022-06-09 21:28:05 - [MESSAGE][PASSED] - Delayed 1 second(s)

2022-06-09 21:28:06 - [MESSAGE][PASSED] - Object: 'Object Repository/1. Constant/xpath' is clicked on

2022-06-09 21:28:07 - [MESSAGE][PASSED] - Delayed 1 second(s)

2022-06-09 21:28:07 - [TEST_STEP][PASSED] - I.Pagedown(): Execute JavaScript 'window.scrollTo(0, document.body.scrollHeight)' successfully

2022-06-09 21:28:07 - [MESSAGE][PASSED] - Execute JavaScript 'window.scrollTo(0, document.body.scrollHeight)' successfully

2022-06-09 21:28:07 - [TEST_STEP][PASSED] - I.click_button_javascriptS("/html/body/div[1]/div[2]/div[4]/div[3]/div/div/div/form/div[2]/div[2]/div[2]/div[2]/table/tbody/tr[1]/td[6]/button[1]"): Execute JavaScript 'arguments[0].click()' successfully

2022-06-09 21:28:07 - [MESSAGE][PASSED] - Execute JavaScript 'arguments[0].click()' successfully

2022-06-09 21:28:07 - [TEST_STEP][PASSED] - delay(1): Delayed 1 second(s)

2022-06-09 21:28:08 - [MESSAGE][PASSED] - Delayed 1 second(s)

2022-06-09 21:28:08 - [TEST_STEP][PASSED] - I.click_button_javascriptS("/html/body/div[1]/div[2]/div[4]/div[3]/div/div/div/form/div[2]/div[2]/div[2]/div[2]/table/tbody/tr/td[6]/button[1]"): Execute JavaScript 'arguments[0].click()' successfully

2022-06-09 21:28:09 - [MESSAGE][PASSED] - Execute JavaScript 'arguments[0].click()' successfully

2022-06-09 21:28:09 - [TEST_STEP][PASSED] - click(findTestObject("1. Constant/xpath", ["xpath":"//*[@id="ModifierUser"]/div[3]/div/button"])): Object: 'Object Repository/1. Constant/xpath' is clicked on

2022-06-09 21:28:10 - [MESSAGE][PASSED] - Object: 'Object Repository/1. Constant/xpath' is clicked on

2022-06-09 21:28:10 - [TEST_STEP][PASSED] - delay(5): Delayed 5 second(s)

2022-06-09 21:28:15 - [MESSAGE][PASSED] - Delayed 5 second(s)

2022-06-09 21:28:15 - [TEST_STEP][PASSED] - closeBrowser(): Browser is closed

2022-06-09 21:28:16 - [MESSAGE][PASSED] - Browser is closed

2022-06-09 21:28:16 - [TEST_STEP][PASSED] - Start listener action : sampleAfterTestCase: null]]></system-out>
         <system-err><![CDATA[]]></system-err>
      </testcase>
      <testcase name="Test Cases/17. Tag StarPack Out of Office (OOO)/17.01 Tag Out of Office UX _ Error Message (My Profile)" time="189.113" classname="Test Cases/17. Tag StarPack Out of Office (OOO)/17.01 Tag Out of Office UX _ Error Message (My Profile)" status="PASSED">
         <system-out><![CDATA[2022-06-09 21:28:16 - [TEST_CASE][PASSED] - Test Cases/17. Tag StarPack Out of Office (OOO)/17.01 Tag Out of Office UX _ Error Message (My Profile): Test Cases/17. Tag StarPack Out of Office (OOO)/17.01 Tag Out of Office UX _ Error Message (My Profile)

2022-06-09 21:28:17 - [TEST_STEP][PASSED] - data_Tag = findTestData("Data Files/Username_Password/Tag"): null

2022-06-09 21:28:17 - [TEST_STEP][PASSED] - password_jedun = data_Tag.getValue(3, 1): null

2022-06-09 21:28:17 - [TEST_STEP][PASSED] - data_urlRELAUTO = findTestData("Data Files/URL/URL_relauto"): null

2022-06-09 21:28:17 - [TEST_STEP][PASSED] - Url_Tag = data_urlRELAUTO.getValue(2, 3): null

2022-06-09 21:28:17 - [TEST_STEP][PASSED] - openBrowser(Url_Tag): Browser is opened with url: 'http://mdb-release.diadeis.lan/MediaboxIndependence/?MBI_datasource=RELTESTAUTO_TAG'

2022-06-09 21:28:17 - [MESSAGE][INFO] - Starting 'Chrome (headless)' driver

2022-06-09 21:28:17 - [MESSAGE][INFO] - User set preference: ['args', '[--window-size=1920,1080, --headless]']

2022-06-09 21:28:17 - [MESSAGE][INFO] - Action delay is set to 0 milliseconds

2022-06-09 21:28:25 - [MESSAGE][PASSED] - Browser is opened with url: 'http://mdb-release.diadeis.lan/MediaboxIndependence/?MBI_datasource=RELTESTAUTO_TAG'

2022-06-09 21:28:25 - [TEST_STEP][PASSED] - maximizeWindow(): Current window maximized

2022-06-09 21:28:25 - [MESSAGE][PASSED] - Current window maximized

2022-06-09 21:28:25 - [TEST_STEP][PASSED] - takeScreenshot(): Taking screenshot successfully

2022-06-09 21:28:25 - [MESSAGE][PASSED] - Taking screenshot successfully
[[ATTACHMENT|D:\\Projet Test Auto\\Mediabox Test Automation\\Reports\\20220609_181011\\03. Parallel Testing (Testing)\\TS -PT PART 3\\13 Tag StarPack Dreyers Out of Office\\20220609_181119\\1654802905472.png]]

2022-06-09 21:28:25 - [TEST_STEP][PASSED] - I.Login_password("jedun", password_jedun): Object: 'Object Repository/1. Constant/xpath' is clicked on

2022-06-09 21:28:26 - [MESSAGE][PASSED] - Text 'jedun' is set on object 'Object Repository/1. Constant/xpath'

2022-06-09 21:28:27 - [MESSAGE][PASSED] - Delayed 1 second(s)

2022-06-09 21:28:28 - [MESSAGE][PASSED] - Text 'dchi' is set on object 'Object Repository/1. Constant/xpath'

2022-06-09 21:28:29 - [MESSAGE][PASSED] - Delayed 1 second(s)

2022-06-09 21:28:36 - [MESSAGE][PASSED] - Object: 'Object Repository/1. Constant/xpath' is clicked on

2022-06-09 21:28:36 - [TEST_STEP][PASSED] - takeScreenshot(): Taking screenshot successfully

2022-06-09 21:28:36 - [MESSAGE][PASSED] - Taking screenshot successfully
[[ATTACHMENT|D:\\Projet Test Auto\\Mediabox Test Automation\\Reports\\20220609_181011\\03. Parallel Testing (Testing)\\TS -PT PART 3\\13 Tag StarPack Dreyers Out of Office\\20220609_181119\\1654802916114.png]]

2022-06-09 21:28:36 - [TEST_STEP][PASSED] - I.Go_to_MyProfile(): Delayed 1 second(s)

2022-06-09 21:28:36 - [MESSAGE][PASSED] - Object: 'Object Repository/1. Constant/xpath' is clicked on

2022-06-09 21:28:37 - [MESSAGE][PASSED] - Delayed 1 second(s)

2022-06-09 21:28:39 - [MESSAGE][PASSED] - Object: 'Object Repository/1. Constant/xpath' is clicked on

2022-06-09 21:28:40 - [MESSAGE][PASSED] - Delayed 1 second(s)

2022-06-09 21:28:40 - [TEST_STEP][PASSED] - delay(2): Delayed 2 second(s)

2022-06-09 21:28:42 - [MESSAGE][PASSED] - Delayed 2 second(s)

2022-06-09 21:28:42 - [TEST_STEP][PASSED] - takeScreenshot(): Taking screenshot successfully

2022-06-09 21:28:43 - [MESSAGE][PASSED] - Taking screenshot successfully
[[ATTACHMENT|D:\\Projet Test Auto\\Mediabox Test Automation\\Reports\\20220609_181011\\03. Parallel Testing (Testing)\\TS -PT PART 3\\13 Tag StarPack Dreyers Out of Office\\20220609_181119\\1654802922837.png]]

2022-06-09 21:28:43 - [TEST_STEP][PASSED] - click(findTestObject("1. Constant/xpath", ["xpath":"//*[@id="delegationSettings"]/div[1]/div[2]/a"])): Object: 'Object Repository/1. Constant/xpath' is clicked on

2022-06-09 21:28:43 - [MESSAGE][PASSED] - Object: 'Object Repository/1. Constant/xpath' is clicked on

2022-06-09 21:28:43 - [TEST_STEP][PASSED] - delay(5): Delayed 5 second(s)

2022-06-09 21:28:48 - [MESSAGE][PASSED] - Delayed 5 second(s)

2022-06-09 21:28:48 - [TEST_STEP][PASSED] - verifyElementNotVisible(findTestObject("1. Constant/xpath", ["xpath":"//*[@id="delegationSettings"]/div[2]/h6[1]"])): Object 'Object Repository/1. Constant/xpath' is NOT visible

2022-06-09 21:28:50 - [MESSAGE][PASSED] - Object 'Object Repository/1. Constant/xpath' is NOT visible

2022-06-09 21:28:50 - [TEST_STEP][PASSED] - takeScreenshot(): Taking screenshot successfully

2022-06-09 21:28:50 - [MESSAGE][PASSED] - Taking screenshot successfully
[[ATTACHMENT|D:\\Projet Test Auto\\Mediabox Test Automation\\Reports\\20220609_181011\\03. Parallel Testing (Testing)\\TS -PT PART 3\\13 Tag StarPack Dreyers Out of Office\\20220609_181119\\1654802930329.png]]

2022-06-09 21:28:50 - [TEST_STEP][PASSED] - delay(5): Delayed 5 second(s)

2022-06-09 21:28:55 - [MESSAGE][PASSED] - Delayed 5 second(s)

2022-06-09 21:28:55 - [TEST_STEP][PASSED] - click(findTestObject("1. Constant/xpath", ["xpath":"//*[@id="delegationSettings"]/div[1]/div[2]/a"])): Object: 'Object Repository/1. Constant/xpath' is clicked on

2022-06-09 21:28:56 - [MESSAGE][PASSED] - Object: 'Object Repository/1. Constant/xpath' is clicked on

2022-06-09 21:28:56 - [TEST_STEP][PASSED] - delay(2): Delayed 2 second(s)

2022-06-09 21:28:58 - [MESSAGE][PASSED] - Delayed 2 second(s)

2022-06-09 21:28:58 - [TEST_STEP][PASSED] - verifyElementVisible(findTestObject("1. Constant/xpath", ["xpath":"//*[@id="delegationSettings"]/div[2]/h6[1]"])): Object 'Object Repository/1. Constant/xpath' is visible

2022-06-09 21:28:59 - [MESSAGE][PASSED] - Object 'Object Repository/1. Constant/xpath' is visible

2022-06-09 21:28:59 - [TEST_STEP][PASSED] - takeScreenshot(): Taking screenshot successfully

2022-06-09 21:28:59 - [MESSAGE][PASSED] - Taking screenshot successfully
[[ATTACHMENT|D:\\Projet Test Auto\\Mediabox Test Automation\\Reports\\20220609_181011\\03. Parallel Testing (Testing)\\TS -PT PART 3\\13 Tag StarPack Dreyers Out of Office\\20220609_181119\\1654802939265.png]]

2022-06-09 21:28:59 - [TEST_STEP][PASSED] - I.VerifyMatchText("//*[@id="delegationSettings"]/div[2]/h6[1]", "My active delegations"): Actual text 'My active delegations' and expected text 'My active delegations' are matched 

2022-06-09 21:29:00 - [MESSAGE][PASSED] - Text of object 'Object Repository/1. Constant/xpath' is: 'My active delegations'

2022-06-09 21:29:01 - [MESSAGE][PASSED] - Delayed 1 second(s)

2022-06-09 21:29:01 - [MESSAGE][PASSED] - Actual text 'My active delegations' and expected text 'My active delegations' are matched 

2022-06-09 21:29:01 - [TEST_STEP][PASSED] - I.VerifyMatchText("//*[@id="delegationSettings"]/div[2]/div[1]", "Use this feature to delegate your work when you are out of office. You can setup up to 3 periods"): Actual text 'Use this feature to delegate your work when you are out of office. You can setup up to 3 periods' and expected text 'Use this feature to delegate your work when you are out of office. You can setup up to 3 periods' are matched 

2022-06-09 21:29:01 - [MESSAGE][PASSED] - Text of object 'Object Repository/1. Constant/xpath' is: 'Use this feature to delegate your work when you are out of office. You can setup up to 3 periods'

2022-06-09 21:29:02 - [MESSAGE][PASSED] - Delayed 1 second(s)

2022-06-09 21:29:02 - [MESSAGE][PASSED] - Actual text 'Use this feature to delegate your work when you are out of office. You can setup up to 3 periods' and expected text 'Use this feature to delegate your work when you are out of office. You can setup up to 3 periods' are matched 

2022-06-09 21:29:02 - [TEST_STEP][PASSED] - I.VerifyMatchText("//*[@id="btn_add_delegation"]", "New delegation period"): Actual text 'New delegation period' and expected text 'New delegation period' are matched 

2022-06-09 21:29:03 - [MESSAGE][PASSED] - Text of object 'Object Repository/1. Constant/xpath' is: 'New delegation period'

2022-06-09 21:29:04 - [MESSAGE][PASSED] - Delayed 1 second(s)

2022-06-09 21:29:04 - [MESSAGE][PASSED] - Actual text 'New delegation period' and expected text 'New delegation period' are matched 

2022-06-09 21:29:04 - [TEST_STEP][PASSED] - I.VerifyMatchText("//*[@id="delegationSettings"]/div[2]/h6[2]", "Define a status message"): Actual text 'Define a status message' and expected text 'Define a status message' are matched 

2022-06-09 21:29:04 - [MESSAGE][PASSED] - Text of object 'Object Repository/1. Constant/xpath' is: 'Define a status message'

2022-06-09 21:29:05 - [MESSAGE][PASSED] - Delayed 1 second(s)

2022-06-09 21:29:05 - [MESSAGE][PASSED] - Actual text 'Define a status message' and expected text 'Define a status message' are matched 

2022-06-09 21:29:05 - [TEST_STEP][PASSED] - A_Placeholder = getAttribute(findTestObject("1. Constant/xpath", ["xpath":"//*[@id="delegationSettings"]/div[2]/input"]), "placeholder"): Attribute 'placeholder' of object 'Object Repository/1. Constant/xpath' is: 'This message will be visible to all your colleagues'

2022-06-09 21:29:05 - [MESSAGE][PASSED] - Attribute 'placeholder' of object 'Object Repository/1. Constant/xpath' is: 'This message will be visible to all your colleagues'

2022-06-09 21:29:05 - [TEST_STEP][PASSED] - verifyMatch(A_Placeholder, "This message will be visible to all your colleagues", false): Actual text 'This message will be visible to all your colleagues' and expected text 'This message will be visible to all your colleagues' are matched 

2022-06-09 21:29:05 - [MESSAGE][PASSED] - Actual text 'This message will be visible to all your colleagues' and expected text 'This message will be visible to all your colleagues' are matched 

2022-06-09 21:29:05 - [TEST_STEP][PASSED] - I.VerifyMatchText("//*[@id="delegationSettings"]/div[2]/h6[3]", "Accounts delegated to me"): Actual text 'Accounts delegated to me' and expected text 'Accounts delegated to me' are matched 

2022-06-09 21:29:06 - [MESSAGE][PASSED] - Text of object 'Object Repository/1. Constant/xpath' is: 'Accounts delegated to me'

2022-06-09 21:29:07 - [MESSAGE][PASSED] - Delayed 1 second(s)

2022-06-09 21:29:07 - [MESSAGE][PASSED] - Actual text 'Accounts delegated to me' and expected text 'Accounts delegated to me' are matched 

2022-06-09 21:29:07 - [TEST_STEP][PASSED] - I.VerifyMatchText("//*[@id="delegationSettings"]/div[2]/div[3]", "The following users are out of office and have delegated their tasks to you"): Actual text 'The following users are out of office and have delegated their tasks to you' and expected text 'The following users are out of office and have delegated their tasks to you' are matched 

2022-06-09 21:29:07 - [MESSAGE][PASSED] - Text of object 'Object Repository/1. Constant/xpath' is: 'The following users are out of office and have delegated their tasks to you'

2022-06-09 21:29:08 - [MESSAGE][PASSED] - Delayed 1 second(s)

2022-06-09 21:29:08 - [MESSAGE][PASSED] - Actual text 'The following users are out of office and have delegated their tasks to you' and expected text 'The following users are out of office and have delegated their tasks to you' are matched 

2022-06-09 21:29:08 - [TEST_STEP][PASSED] - delay(1): Delayed 1 second(s)

2022-06-09 21:29:09 - [MESSAGE][PASSED] - Delayed 1 second(s)

2022-06-09 21:29:09 - [TEST_STEP][PASSED] - click(findTestObject("1. Constant/xpath", ["xpath":"//*[@id="ModifierUser"]/div[1]/div/button"])): Object: 'Object Repository/1. Constant/xpath' is clicked on

2022-06-09 21:29:11 - [MESSAGE][PASSED] - Object: 'Object Repository/1. Constant/xpath' is clicked on

2022-06-09 21:29:11 - [TEST_STEP][PASSED] - delay(1): Delayed 1 second(s)

2022-06-09 21:29:12 - [MESSAGE][PASSED] - Delayed 1 second(s)

2022-06-09 21:29:12 - [TEST_STEP][PASSED] - verifyAlertNotPresent(5): No alert found after 5 second(s).

2022-06-09 21:29:17 - [MESSAGE][PASSED] - No alert found after 5 second(s).

2022-06-09 21:29:17 - [TEST_STEP][PASSED] - takeScreenshot(): Taking screenshot successfully

2022-06-09 21:29:18 - [MESSAGE][PASSED] - Taking screenshot successfully
[[ATTACHMENT|D:\\Projet Test Auto\\Mediabox Test Automation\\Reports\\20220609_181011\\03. Parallel Testing (Testing)\\TS -PT PART 3\\13 Tag StarPack Dreyers Out of Office\\20220609_181119\\1654802957910.png]]

2022-06-09 21:29:18 - [TEST_STEP][PASSED] - delay(1): Delayed 1 second(s)

2022-06-09 21:29:19 - [MESSAGE][PASSED] - Delayed 1 second(s)

2022-06-09 21:29:19 - [TEST_STEP][PASSED] - verifyElementNotPresent(findTestObject("1. Constant/xpath", ["xpath":"//*[@id="delegation_linenew1"]"]), 2): Web element with id: 'Object Repository/1. Constant/xpath' located by 'By.xpath: //*[@id="delegation_linenew1"]' is not present after '2' second(s)

2022-06-09 21:29:19 - [MESSAGE][PASSED] - Web element with id: 'Object Repository/1. Constant/xpath' located by 'By.xpath: //*[@id="delegation_linenew1"]' is not present after '2' second(s)

2022-06-09 21:29:19 - [TEST_STEP][PASSED] - delay(1): Delayed 1 second(s)

2022-06-09 21:29:20 - [MESSAGE][PASSED] - Delayed 1 second(s)

2022-06-09 21:29:20 - [TEST_STEP][PASSED] - click(findTestObject("1. Constant/xpath", ["xpath":"//*[@id="btn_add_delegation"]"])): Object: 'Object Repository/1. Constant/xpath' is clicked on

2022-06-09 21:29:20 - [MESSAGE][PASSED] - Object: 'Object Repository/1. Constant/xpath' is clicked on

2022-06-09 21:29:20 - [TEST_STEP][PASSED] - delay(1): Delayed 1 second(s)

2022-06-09 21:29:21 - [MESSAGE][PASSED] - Delayed 1 second(s)

2022-06-09 21:29:21 - [TEST_STEP][PASSED] - verifyElementVisible(findTestObject("1. Constant/xpath", ["xpath":"//*[@id="delegation_linenew1"]"])): Object 'Object Repository/1. Constant/xpath' is visible

2022-06-09 21:29:21 - [MESSAGE][PASSED] - Object 'Object Repository/1. Constant/xpath' is visible

2022-06-09 21:29:21 - [TEST_STEP][PASSED] - I.VerifyCheckboxChecked("email notif 1", findTestObject("1. Constant/xpath", ["xpath":"//*[@id="delegation_linenew1"]/td[7]/label/input"])): Object 'Object Repository/1. Constant/xpath' is checked

2022-06-09 21:29:21 - [MESSAGE][PASSED] - Object 'Object Repository/1. Constant/xpath' is checked

2022-06-09 21:29:21 - [TEST_STEP][PASSED] - click(findTestObject("1. Constant/xpath", ["xpath":"//*[@id="btn_add_delegation"]"])): Object: 'Object Repository/1. Constant/xpath' is clicked on

2022-06-09 21:29:22 - [MESSAGE][PASSED] - Object: 'Object Repository/1. Constant/xpath' is clicked on

2022-06-09 21:29:22 - [TEST_STEP][PASSED] - delay(1): Delayed 1 second(s)

2022-06-09 21:29:23 - [MESSAGE][PASSED] - Delayed 1 second(s)

2022-06-09 21:29:23 - [TEST_STEP][PASSED] - verifyElementVisible(findTestObject("1. Constant/xpath", ["xpath":"//*[@id="delegation_linenew2"]"])): Object 'Object Repository/1. Constant/xpath' is visible

2022-06-09 21:29:23 - [MESSAGE][PASSED] - Object 'Object Repository/1. Constant/xpath' is visible

2022-06-09 21:29:23 - [TEST_STEP][PASSED] - I.VerifyCheckboxChecked("email notif 2", findTestObject("1. Constant/xpath", ["xpath":"//*[@id="delegation_linenew2"]/td[7]/label/input"])): Object 'Object Repository/1. Constant/xpath' is checked

2022-06-09 21:29:24 - [MESSAGE][PASSED] - Object 'Object Repository/1. Constant/xpath' is checked

2022-06-09 21:29:24 - [TEST_STEP][PASSED] - click(findTestObject("1. Constant/xpath", ["xpath":"//*[@id="btn_add_delegation"]"])): Object: 'Object Repository/1. Constant/xpath' is clicked on

2022-06-09 21:29:24 - [MESSAGE][PASSED] - Object: 'Object Repository/1. Constant/xpath' is clicked on

2022-06-09 21:29:24 - [TEST_STEP][PASSED] - delay(1): Delayed 1 second(s)

2022-06-09 21:29:25 - [MESSAGE][PASSED] - Delayed 1 second(s)

2022-06-09 21:29:25 - [TEST_STEP][PASSED] - verifyElementVisible(findTestObject("1. Constant/xpath", ["xpath":"//*[@id="delegation_linenew3"]"])): Object 'Object Repository/1. Constant/xpath' is visible

2022-06-09 21:29:25 - [MESSAGE][PASSED] - Object 'Object Repository/1. Constant/xpath' is visible

2022-06-09 21:29:25 - [TEST_STEP][PASSED] - verifyElementNotVisible(findTestObject("1. Constant/xpath", ["xpath":"//*[@id="btn_add_delegation"]"])): Object 'Object Repository/1. Constant/xpath' is NOT visible

2022-06-09 21:29:25 - [MESSAGE][PASSED] - Object 'Object Repository/1. Constant/xpath' is NOT visible

2022-06-09 21:29:25 - [TEST_STEP][PASSED] - I.VerifyCheckboxChecked("email notif 3", findTestObject("1. Constant/xpath", ["xpath":"//*[@id="delegation_linenew3"]/td[7]/label/input"])): Object 'Object Repository/1. Constant/xpath' is checked

2022-06-09 21:29:26 - [MESSAGE][PASSED] - Object 'Object Repository/1. Constant/xpath' is checked

2022-06-09 21:29:26 - [TEST_STEP][PASSED] - takeScreenshot(): Taking screenshot successfully

2022-06-09 21:29:27 - [MESSAGE][PASSED] - Taking screenshot successfully
[[ATTACHMENT|D:\\Projet Test Auto\\Mediabox Test Automation\\Reports\\20220609_181011\\03. Parallel Testing (Testing)\\TS -PT PART 3\\13 Tag StarPack Dreyers Out of Office\\20220609_181119\\1654802966983.png]]

2022-06-09 21:29:27 - [TEST_STEP][PASSED] - click(findTestObject("1. Constant/xpath", ["xpath":"//*[@id="delegation_linenew2"]/td[6]/button[1]"])): Object: 'Object Repository/1. Constant/xpath' is clicked on

2022-06-09 21:29:28 - [MESSAGE][PASSED] - Object: 'Object Repository/1. Constant/xpath' is clicked on

2022-06-09 21:29:28 - [TEST_STEP][PASSED] - verifyElementVisible(findTestObject("1. Constant/xpath", ["xpath":"//*[@id="btn_add_delegation"]"])): Object 'Object Repository/1. Constant/xpath' is visible

2022-06-09 21:29:30 - [MESSAGE][PASSED] - Object 'Object Repository/1. Constant/xpath' is visible

2022-06-09 21:29:30 - [TEST_STEP][PASSED] - click(findTestObject("1. Constant/xpath", ["xpath":"//*[@id="delegation_linenew1"]/td[6]/button[1]"])): Object: 'Object Repository/1. Constant/xpath' is clicked on

2022-06-09 21:29:30 - [MESSAGE][PASSED] - Object: 'Object Repository/1. Constant/xpath' is clicked on

2022-06-09 21:29:30 - [TEST_STEP][PASSED] - click(findTestObject("1. Constant/xpath", ["xpath":"//*[@id="ModifierUser"]/div[1]/div/button"])): Object: 'Object Repository/1. Constant/xpath' is clicked on

2022-06-09 21:29:31 - [MESSAGE][PASSED] - Object: 'Object Repository/1. Constant/xpath' is clicked on

2022-06-09 21:29:31 - [TEST_STEP][PASSED] - at = "×" + "
" + "Error" + "
" + "Error : Please fill in delegate user" + "
" + "×" + "
" + "Error" + "
" + "Error : Please fill in delegation's dates": null

2022-06-09 21:29:31 - [TEST_STEP][PASSED] - I.VerifyMatchText("//*[@id="toast-container"]", at): Actual text '×
Error
Error : Please fill in delegate user
×
Error
Error : Please fill in delegation's dates' and expected text '×
Error
Error : Please fill in delegate user
×
Error
Error : Please fill in delegation's dates' are matched 

2022-06-09 21:29:33 - [MESSAGE][PASSED] - Text of object 'Object Repository/1. Constant/xpath' is: '×
Error
Error : Please fill in delegate user
×
Error
Error : Please fill in delegation's dates'

2022-06-09 21:29:34 - [MESSAGE][PASSED] - Delayed 1 second(s)

2022-06-09 21:29:34 - [MESSAGE][PASSED] - Actual text '×
Error
Error : Please fill in delegate user
×
Error
Error : Please fill in delegation's dates' and expected text '×
Error
Error : Please fill in delegate user
×
Error
Error : Please fill in delegation's dates' are matched 

2022-06-09 21:29:34 - [TEST_STEP][PASSED] - delay(3): Delayed 3 second(s)

2022-06-09 21:29:37 - [MESSAGE][PASSED] - Delayed 3 second(s)

2022-06-09 21:29:37 - [TEST_STEP][PASSED] - I.Delegate_Select_date_NextMonth("//*[@id="delegation_linenew3"]/td[2]/div"): Object: 'Object Repository/1. Constant/xpath' is clicked on

2022-06-09 21:29:41 - [MESSAGE][PASSED] - Object: 'Object Repository/1. Constant/xpath' is clicked on

2022-06-09 21:29:43 - [MESSAGE][PASSED] - Delayed 2 second(s)

2022-06-09 21:29:46 - [MESSAGE][PASSED] - Object: 'Object Repository/1. Constant/xpath' is clicked on

2022-06-09 21:29:47 - [MESSAGE][PASSED] - Delayed 1 second(s)

2022-06-09 21:29:49 - [MESSAGE][PASSED] - Object: 'Object Repository/1. Constant/xpath' is clicked on

2022-06-09 21:29:49 - [TEST_STEP][PASSED] - delay(1): Delayed 1 second(s)

2022-06-09 21:29:50 - [MESSAGE][PASSED] - Delayed 1 second(s)

2022-06-09 21:29:50 - [TEST_STEP][PASSED] - I.Delegate_Select_date_PreviousMonth("//*[@id="delegation_linenew3"]/td[4]/div"): Object: 'Object Repository/1. Constant/xpath' is clicked on

2022-06-09 21:29:53 - [MESSAGE][PASSED] - Object: 'Object Repository/1. Constant/xpath' is clicked on

2022-06-09 21:29:55 - [MESSAGE][PASSED] - Delayed 2 second(s)

2022-06-09 21:29:57 - [MESSAGE][PASSED] - Object: 'Object Repository/1. Constant/xpath' is clicked on

2022-06-09 21:29:58 - [MESSAGE][PASSED] - Delayed 1 second(s)

2022-06-09 21:30:00 - [MESSAGE][PASSED] - Object: 'Object Repository/1. Constant/xpath' is clicked on

2022-06-09 21:30:00 - [TEST_STEP][PASSED] - delay(5): Delayed 5 second(s)

2022-06-09 21:30:05 - [MESSAGE][PASSED] - Delayed 5 second(s)

2022-06-09 21:30:05 - [TEST_STEP][PASSED] - I.SelectFromList_Value("//*[@id="delegation_select_user_new3"]", "achay"): Delayed 2 second(s)

2022-06-09 21:30:10 - [MESSAGE][PASSED] - All options with value 'achay' are selected in object 'Object Repository/1. Constant/xpath' 

2022-06-09 21:30:12 - [MESSAGE][PASSED] - Delayed 2 second(s)

2022-06-09 21:30:12 - [TEST_STEP][PASSED] - takeScreenshot(): Taking screenshot successfully

2022-06-09 21:30:13 - [MESSAGE][PASSED] - Taking screenshot successfully
[[ATTACHMENT|D:\\Projet Test Auto\\Mediabox Test Automation\\Reports\\20220609_181011\\03. Parallel Testing (Testing)\\TS -PT PART 3\\13 Tag StarPack Dreyers Out of Office\\20220609_181119\\1654803012779.png]]

2022-06-09 21:30:13 - [TEST_STEP][PASSED] - I.Pagedown(): Execute JavaScript 'window.scrollTo(0, document.body.scrollHeight)' successfully

2022-06-09 21:30:13 - [MESSAGE][PASSED] - Execute JavaScript 'window.scrollTo(0, document.body.scrollHeight)' successfully

2022-06-09 21:30:13 - [TEST_STEP][PASSED] - I.click_button_javascript(findTestObject("1. Constant/xpath", ["xpath":"//*[@id="ModifierUser"]/div[3]/div/button"])): Execute JavaScript 'arguments[0].click()' successfully

2022-06-09 21:30:15 - [MESSAGE][PASSED] - Execute JavaScript 'arguments[0].click()' successfully

2022-06-09 21:30:15 - [TEST_STEP][PASSED] - delay(1): Delayed 1 second(s)

2022-06-09 21:30:16 - [MESSAGE][PASSED] - Delayed 1 second(s)

2022-06-09 21:30:16 - [TEST_STEP][PASSED] - I.VerifyMatchText("//*[@id="toast-container"]/div/div[2]", "Error : Bad delegation period"): Actual text 'Error : Bad delegation period' and expected text 'Error : Bad delegation period' are matched 

2022-06-09 21:30:16 - [MESSAGE][PASSED] - Text of object 'Object Repository/1. Constant/xpath' is: 'Error : Bad delegation period'

2022-06-09 21:30:17 - [MESSAGE][PASSED] - Delayed 1 second(s)

2022-06-09 21:30:17 - [MESSAGE][PASSED] - Actual text 'Error : Bad delegation period' and expected text 'Error : Bad delegation period' are matched 

2022-06-09 21:30:17 - [TEST_STEP][PASSED] - takeScreenshot(): Taking screenshot successfully

2022-06-09 21:30:18 - [MESSAGE][PASSED] - Taking screenshot successfully
[[ATTACHMENT|D:\\Projet Test Auto\\Mediabox Test Automation\\Reports\\20220609_181011\\03. Parallel Testing (Testing)\\TS -PT PART 3\\13 Tag StarPack Dreyers Out of Office\\20220609_181119\\1654803017995.png]]

2022-06-09 21:30:18 - [TEST_STEP][PASSED] - delay(1): Delayed 1 second(s)

2022-06-09 21:30:19 - [MESSAGE][PASSED] - Delayed 1 second(s)

2022-06-09 21:30:19 - [TEST_STEP][PASSED] - I.click_button_javascriptS("//*[@id="delegation_linenew3"]/td[6]/button[1]"): Execute JavaScript 'arguments[0].click()' successfully

2022-06-09 21:30:19 - [MESSAGE][PASSED] - Execute JavaScript 'arguments[0].click()' successfully

2022-06-09 21:30:19 - [TEST_STEP][PASSED] - delay(1): Delayed 1 second(s)

2022-06-09 21:30:20 - [MESSAGE][PASSED] - Delayed 1 second(s)

2022-06-09 21:30:20 - [TEST_STEP][PASSED] - click(findTestObject("1. Constant/xpath", ["xpath":"//*[@id="btn_add_delegation"]"])): Object: 'Object Repository/1. Constant/xpath' is clicked on

2022-06-09 21:30:21 - [MESSAGE][PASSED] - Object: 'Object Repository/1. Constant/xpath' is clicked on

2022-06-09 21:30:21 - [TEST_STEP][PASSED] - delay(1): Delayed 1 second(s)

2022-06-09 21:30:22 - [MESSAGE][PASSED] - Delayed 1 second(s)

2022-06-09 21:30:22 - [TEST_STEP][PASSED] - scrollToElement(findTestObject("1. Constant/xpath", ["xpath":"//*[@id="userAccount"]/div[1]/div[1]/h3"]), 2): Scroll to object 'Object Repository/1. Constant/xpath' successfully

2022-06-09 21:30:22 - [MESSAGE][PASSED] - Scroll to object 'Object Repository/1. Constant/xpath' successfully

2022-06-09 21:30:22 - [TEST_STEP][PASSED] - I.Delegate_Select_date_PreviousMonth("/html/body/div[1]/div[2]/div[4]/div[3]/div/div/div/form/div[2]/div[2]/div[2]/div[2]/table/tbody/tr/td[2]/div/input"): Object: 'Object Repository/1. Constant/xpath' is clicked on

2022-06-09 21:30:23 - [MESSAGE][PASSED] - Object: 'Object Repository/1. Constant/xpath' is clicked on

2022-06-09 21:30:25 - [MESSAGE][PASSED] - Delayed 2 second(s)

2022-06-09 21:30:25 - [MESSAGE][PASSED] - Object: 'Object Repository/1. Constant/xpath' is clicked on

2022-06-09 21:30:26 - [MESSAGE][PASSED] - Delayed 1 second(s)

2022-06-09 21:30:26 - [MESSAGE][PASSED] - Object: 'Object Repository/1. Constant/xpath' is clicked on

2022-06-09 21:30:26 - [TEST_STEP][PASSED] - I.Delegate_Select_date_NextMonth("/html/body/div[1]/div[2]/div[4]/div[3]/div/div/div/form/div[2]/div[2]/div[2]/div[2]/table/tbody/tr/td[4]/div/input"): Object: 'Object Repository/1. Constant/xpath' is clicked on

2022-06-09 21:30:27 - [MESSAGE][PASSED] - Object: 'Object Repository/1. Constant/xpath' is clicked on

2022-06-09 21:30:29 - [MESSAGE][PASSED] - Delayed 2 second(s)

2022-06-09 21:30:29 - [MESSAGE][PASSED] - Object: 'Object Repository/1. Constant/xpath' is clicked on

2022-06-09 21:30:30 - [MESSAGE][PASSED] - Delayed 1 second(s)

2022-06-09 21:30:30 - [MESSAGE][PASSED] - Object: 'Object Repository/1. Constant/xpath' is clicked on

2022-06-09 21:30:30 - [TEST_STEP][PASSED] - I.Pagedown(): Execute JavaScript 'window.scrollTo(0, document.body.scrollHeight)' successfully

2022-06-09 21:30:30 - [MESSAGE][PASSED] - Execute JavaScript 'window.scrollTo(0, document.body.scrollHeight)' successfully

2022-06-09 21:30:30 - [TEST_STEP][PASSED] - I.click_button_javascript(findTestObject("1. Constant/xpath", ["xpath":"//*[@id="ModifierUser"]/div[3]/div/button"])): Execute JavaScript 'arguments[0].click()' successfully

2022-06-09 21:30:31 - [MESSAGE][PASSED] - Execute JavaScript 'arguments[0].click()' successfully

2022-06-09 21:30:31 - [TEST_STEP][PASSED] - I.VerifyMatchToastrmsg("//*[@id="toast-container"]/div/div[2]", "Error : Please fill in delegate user"): Actual text 'Error : Please fill in delegate user' and expected text 'Error : Please fill in delegate user' are matched 

2022-06-09 21:30:31 - [MESSAGE][PASSED] - Object 'Object Repository/1. Constant/xpath' is visible

2022-06-09 21:30:31 - [MESSAGE][PASSED] - Text of object 'Object Repository/1. Constant/xpath' is: 'Error : Please fill in delegate user'

2022-06-09 21:30:32 - [MESSAGE][PASSED] - Taking screenshot successfully
[[ATTACHMENT|D:\\Projet Test Auto\\Mediabox Test Automation\\Reports\\20220609_181011\\03. Parallel Testing (Testing)\\TS -PT PART 3\\13 Tag StarPack Dreyers Out of Office\\20220609_181119\\1654803031843.png]]

2022-06-09 21:30:32 - [MESSAGE][PASSED] - Actual text 'Error : Please fill in delegate user' and expected text 'Error : Please fill in delegate user' are matched 

2022-06-09 21:30:32 - [TEST_STEP][PASSED] - takeScreenshot(): Taking screenshot successfully

2022-06-09 21:30:32 - [MESSAGE][PASSED] - Taking screenshot successfully
[[ATTACHMENT|D:\\Projet Test Auto\\Mediabox Test Automation\\Reports\\20220609_181011\\03. Parallel Testing (Testing)\\TS -PT PART 3\\13 Tag StarPack Dreyers Out of Office\\20220609_181119\\1654803032219.png]]

2022-06-09 21:30:32 - [TEST_STEP][PASSED] - delay(1): Delayed 1 second(s)

2022-06-09 21:30:33 - [MESSAGE][PASSED] - Delayed 1 second(s)

2022-06-09 21:30:33 - [TEST_STEP][PASSED] - scrollToElement(findTestObject("1. Constant/xpath", ["xpath":"//*[@id="ModifierUser"]/div[1]/div/a"]), 5): Scroll to object 'Object Repository/1. Constant/xpath' successfully

2022-06-09 21:30:33 - [MESSAGE][PASSED] - Scroll to object 'Object Repository/1. Constant/xpath' successfully

2022-06-09 21:30:33 - [TEST_STEP][PASSED] - I.SelectFromList_Value("//*[@id="delegation_select_user_new1"]", "achay"): Delayed 2 second(s)

2022-06-09 21:30:34 - [MESSAGE][PASSED] - All options with value 'achay' are selected in object 'Object Repository/1. Constant/xpath' 

2022-06-09 21:30:36 - [MESSAGE][PASSED] - Delayed 2 second(s)

2022-06-09 21:30:36 - [TEST_STEP][PASSED] - takeScreenshot(): Taking screenshot successfully

2022-06-09 21:30:36 - [MESSAGE][PASSED] - Taking screenshot successfully
[[ATTACHMENT|D:\\Projet Test Auto\\Mediabox Test Automation\\Reports\\20220609_181011\\03. Parallel Testing (Testing)\\TS -PT PART 3\\13 Tag StarPack Dreyers Out of Office\\20220609_181119\\1654803036440.png]]

2022-06-09 21:30:36 - [TEST_STEP][PASSED] - I.click_button_javascript(findTestObject("1. Constant/xpath", ["xpath":"//*[@id="ModifierUser"]/div[3]/div/button"])): Execute JavaScript 'arguments[0].click()' successfully

2022-06-09 21:30:40 - [MESSAGE][PASSED] - Execute JavaScript 'arguments[0].click()' successfully

2022-06-09 21:30:40 - [TEST_STEP][PASSED] - delay(1): Delayed 1 second(s)

2022-06-09 21:30:41 - [MESSAGE][PASSED] - Delayed 1 second(s)

2022-06-09 21:30:41 - [TEST_STEP][PASSED] - scrollToElement(findTestObject("1. Constant/xpath", ["xpath":"//*[@id="userAccount"]/div[1]/div[1]/h3"]), 5): Scroll to object 'Object Repository/1. Constant/xpath' successfully

2022-06-09 21:30:41 - [MESSAGE][PASSED] - Scroll to object 'Object Repository/1. Constant/xpath' successfully

2022-06-09 21:30:41 - [TEST_STEP][PASSED] - delay(2): Delayed 2 second(s)

2022-06-09 21:30:43 - [MESSAGE][PASSED] - Delayed 2 second(s)

2022-06-09 21:30:43 - [TEST_STEP][PASSED] - I.Verify_Mouse_Over_tooltip("/html/body/div[1]/div[2]/div[4]/div[3]/div/div/div/form/div[2]/div[2]/div[2]/div[2]/table/tbody/tr/td[1]/div", "/html/body/div[7]/div[2]", "Date at 00:00"): Actual text 'Date at 00:00' and expected text 'Date at 00:00' are matched 

2022-06-09 21:30:44 - [MESSAGE][PASSED] - Object: 'Object Repository/1. Constant/xpath' is hovered

2022-06-09 21:30:46 - [MESSAGE][PASSED] - Delayed 2 second(s)

2022-06-09 21:30:46 - [MESSAGE][PASSED] - Text of object 'Object Repository/1. Constant/xpath' is: 'Date at 00:00'

2022-06-09 21:30:47 - [MESSAGE][PASSED] - Delayed 1 second(s)

2022-06-09 21:30:47 - [MESSAGE][PASSED] - Taking screenshot successfully
[[ATTACHMENT|D:\\Projet Test Auto\\Mediabox Test Automation\\Reports\\20220609_181011\\03. Parallel Testing (Testing)\\TS -PT PART 3\\13 Tag StarPack Dreyers Out of Office\\20220609_181119\\1654803047425.png]]

2022-06-09 21:30:48 - [MESSAGE][PASSED] - Delayed 1 second(s)

2022-06-09 21:30:48 - [MESSAGE][PASSED] - Actual text 'Date at 00:00' and expected text 'Date at 00:00' are matched 

2022-06-09 21:30:48 - [TEST_STEP][PASSED] - delay(1): Delayed 1 second(s)

2022-06-09 21:30:49 - [MESSAGE][PASSED] - Delayed 1 second(s)

2022-06-09 21:30:49 - [TEST_STEP][PASSED] - I.Verify_Mouse_Over_tooltip("/html/body/div[1]/div[2]/div[4]/div[3]/div/div/div/form/div[2]/div[2]/div[2]/div[2]/table/tbody/tr/td[3]/div", "/html/body/div[7]/div[2]", "Date at 23:59"): Actual text 'Date at 23:59' and expected text 'Date at 23:59' are matched 

2022-06-09 21:30:50 - [MESSAGE][PASSED] - Object: 'Object Repository/1. Constant/xpath' is hovered

2022-06-09 21:30:52 - [MESSAGE][PASSED] - Delayed 2 second(s)

2022-06-09 21:30:54 - [MESSAGE][PASSED] - Text of object 'Object Repository/1. Constant/xpath' is: 'Date at 23:59'

2022-06-09 21:30:55 - [MESSAGE][PASSED] - Delayed 1 second(s)

2022-06-09 21:30:57 - [MESSAGE][PASSED] - Taking screenshot successfully
[[ATTACHMENT|D:\\Projet Test Auto\\Mediabox Test Automation\\Reports\\20220609_181011\\03. Parallel Testing (Testing)\\TS -PT PART 3\\13 Tag StarPack Dreyers Out of Office\\20220609_181119\\1654803055879.png]]

2022-06-09 21:30:58 - [MESSAGE][PASSED] - Delayed 1 second(s)

2022-06-09 21:30:58 - [MESSAGE][PASSED] - Actual text 'Date at 23:59' and expected text 'Date at 23:59' are matched 

2022-06-09 21:30:58 - [TEST_STEP][PASSED] - delay(1): Delayed 1 second(s)

2022-06-09 21:30:59 - [MESSAGE][PASSED] - Delayed 1 second(s)

2022-06-09 21:30:59 - [TEST_STEP][PASSED] - I.Verify_Mouse_Over_tooltip("/html/body/div[1]/div[2]/div[4]/div[3]/div/div/div/form/div[2]/div[2]/div[2]/div[2]/table/tbody/tr/td[6]/button[1]", "/html/body/div[7]/div[2]", "Delete this delegation"): Actual text 'Delete this delegation' and expected text 'Delete this delegation' are matched 

2022-06-09 21:31:00 - [MESSAGE][PASSED] - Object: 'Object Repository/1. Constant/xpath' is hovered

2022-06-09 21:31:02 - [MESSAGE][PASSED] - Delayed 2 second(s)

2022-06-09 21:31:02 - [MESSAGE][PASSED] - Text of object 'Object Repository/1. Constant/xpath' is: 'Delete this delegation'

2022-06-09 21:31:03 - [MESSAGE][PASSED] - Delayed 1 second(s)

2022-06-09 21:31:04 - [MESSAGE][PASSED] - Taking screenshot successfully
[[ATTACHMENT|D:\\Projet Test Auto\\Mediabox Test Automation\\Reports\\20220609_181011\\03. Parallel Testing (Testing)\\TS -PT PART 3\\13 Tag StarPack Dreyers Out of Office\\20220609_181119\\1654803063928.png]]

2022-06-09 21:31:05 - [MESSAGE][PASSED] - Delayed 1 second(s)

2022-06-09 21:31:05 - [MESSAGE][PASSED] - Actual text 'Delete this delegation' and expected text 'Delete this delegation' are matched 

2022-06-09 21:31:05 - [TEST_STEP][PASSED] - delay(1): Delayed 1 second(s)

2022-06-09 21:31:06 - [MESSAGE][PASSED] - Delayed 1 second(s)

2022-06-09 21:31:06 - [TEST_STEP][PASSED] - I.Verify_Mouse_Over_tooltip("/html/body/div[1]/div[2]/div[4]/div[3]/div/div/div/form/div[2]/div[2]/div[2]/div[2]/table/tbody/tr/td[6]/button[2]", "/html/body/div[7]/div[2]", "Reset this delegation"): Actual text 'Reset this delegation' and expected text 'Reset this delegation' are matched 

2022-06-09 21:31:06 - [MESSAGE][PASSED] - Object: 'Object Repository/1. Constant/xpath' is hovered

2022-06-09 21:31:08 - [MESSAGE][PASSED] - Delayed 2 second(s)

2022-06-09 21:31:09 - [MESSAGE][PASSED] - Text of object 'Object Repository/1. Constant/xpath' is: 'Reset this delegation'

2022-06-09 21:31:10 - [MESSAGE][PASSED] - Delayed 1 second(s)

2022-06-09 21:31:12 - [MESSAGE][PASSED] - Taking screenshot successfully
[[ATTACHMENT|D:\\Projet Test Auto\\Mediabox Test Automation\\Reports\\20220609_181011\\03. Parallel Testing (Testing)\\TS -PT PART 3\\13 Tag StarPack Dreyers Out of Office\\20220609_181119\\1654803071173.png]]

2022-06-09 21:31:13 - [MESSAGE][PASSED] - Delayed 1 second(s)

2022-06-09 21:31:13 - [MESSAGE][PASSED] - Actual text 'Reset this delegation' and expected text 'Reset this delegation' are matched 

2022-06-09 21:31:13 - [TEST_STEP][PASSED] - click(findTestObject("1. Constant/xpath", ["xpath":"/html/body/div[1]/div[2]/div[4]/div[3]/div/div/div/form/div[2]/div[2]/div[2]/div[2]/table/tbody/tr/td[6]/button[1]"])): Object: 'Object Repository/1. Constant/xpath' is clicked on

2022-06-09 21:31:13 - [MESSAGE][PASSED] - Object: 'Object Repository/1. Constant/xpath' is clicked on

2022-06-09 21:31:13 - [TEST_STEP][PASSED] - I.Pagedown(): Execute JavaScript 'window.scrollTo(0, document.body.scrollHeight)' successfully

2022-06-09 21:31:13 - [MESSAGE][PASSED] - Execute JavaScript 'window.scrollTo(0, document.body.scrollHeight)' successfully

2022-06-09 21:31:13 - [TEST_STEP][PASSED] - I.click_button_javascript(findTestObject("1. Constant/xpath", ["xpath":"//*[@id="ModifierUser"]/div[3]/div/button"])): Execute JavaScript 'arguments[0].click()' successfully

2022-06-09 21:31:16 - [MESSAGE][PASSED] - Execute JavaScript 'arguments[0].click()' successfully

2022-06-09 21:31:16 - [TEST_STEP][PASSED] - takeScreenshot(): Taking screenshot successfully

2022-06-09 21:31:16 - [MESSAGE][PASSED] - Taking screenshot successfully
[[ATTACHMENT|D:\\Projet Test Auto\\Mediabox Test Automation\\Reports\\20220609_181011\\03. Parallel Testing (Testing)\\TS -PT PART 3\\13 Tag StarPack Dreyers Out of Office\\20220609_181119\\1654803076530.png]]

2022-06-09 21:31:16 - [TEST_STEP][PASSED] - delay(1): Delayed 1 second(s)

2022-06-09 21:31:17 - [MESSAGE][PASSED] - Delayed 1 second(s)

2022-06-09 21:31:17 - [TEST_STEP][PASSED] - closeBrowser(): Browser is closed

2022-06-09 21:31:25 - [MESSAGE][PASSED] - Browser is closed

2022-06-09 21:31:25 - [TEST_STEP][PASSED] - Start listener action : sampleAfterTestCase: null]]></system-out>
         <system-err><![CDATA[]]></system-err>
      </testcase>
      <testcase name="Test Cases/17. Tag StarPack Out of Office (OOO)/17.02 Tag Out of Office Expired _Domain (My Profile)" time="488.539" classname="Test Cases/17. Tag StarPack Out of Office (OOO)/17.02 Tag Out of Office Expired _Domain (My Profile)" status="PASSED">
         <system-out><![CDATA[2022-06-09 21:31:25 - [TEST_CASE][PASSED] - Test Cases/17. Tag StarPack Out of Office (OOO)/17.02 Tag Out of Office Expired _Domain (My Profile): Test Cases/17. Tag StarPack Out of Office (OOO)/17.02 Tag Out of Office Expired _Domain (My Profile)

2022-06-09 21:31:26 - [TEST_STEP][PASSED] - data_Tag = findTestData("Data Files/Username_Password/Tag"): null

2022-06-09 21:31:26 - [TEST_STEP][PASSED] - password_jedun = data_Tag.getValue(3, 1): null

2022-06-09 21:31:26 - [TEST_STEP][PASSED] - password_cbono = data_Tag.getValue(3, 11): null

2022-06-09 21:31:26 - [TEST_STEP][PASSED] - password_asalama = data_Tag.getValue(3, 20): null

2022-06-09 21:31:26 - [TEST_STEP][PASSED] - data_urlRELAUTO = findTestData("Data Files/URL/URL_relauto"): null

2022-06-09 21:31:26 - [TEST_STEP][PASSED] - Url_Tag = data_urlRELAUTO.getValue(2, 3): null

2022-06-09 21:31:26 - [TEST_STEP][PASSED] - openBrowser(Url_Tag): Browser is opened with url: 'http://mdb-release.diadeis.lan/MediaboxIndependence/?MBI_datasource=RELTESTAUTO_TAG'

2022-06-09 21:31:26 - [MESSAGE][INFO] - Starting 'Chrome (headless)' driver

2022-06-09 21:31:26 - [MESSAGE][INFO] - User set preference: ['args', '[--window-size=1920,1080, --headless]']

2022-06-09 21:31:26 - [MESSAGE][INFO] - Action delay is set to 0 milliseconds

2022-06-09 21:31:34 - [MESSAGE][PASSED] - Browser is opened with url: 'http://mdb-release.diadeis.lan/MediaboxIndependence/?MBI_datasource=RELTESTAUTO_TAG'

2022-06-09 21:31:34 - [TEST_STEP][PASSED] - maximizeWindow(): Current window maximized

2022-06-09 21:31:34 - [MESSAGE][PASSED] - Current window maximized

2022-06-09 21:31:34 - [TEST_STEP][PASSED] - delay(2): Delayed 2 second(s)

2022-06-09 21:31:36 - [MESSAGE][PASSED] - Delayed 2 second(s)

2022-06-09 21:31:36 - [TEST_STEP][PASSED] - takeScreenshot(): Taking screenshot successfully

2022-06-09 21:31:37 - [MESSAGE][PASSED] - Taking screenshot successfully
[[ATTACHMENT|D:\\Projet Test Auto\\Mediabox Test Automation\\Reports\\20220609_181011\\03. Parallel Testing (Testing)\\TS -PT PART 3\\13 Tag StarPack Dreyers Out of Office\\20220609_181119\\1654803096823.png]]

2022-06-09 21:31:37 - [TEST_STEP][PASSED] - I.Login_password("jedun", password_jedun): Object: 'Object Repository/1. Constant/xpath' is clicked on

2022-06-09 21:31:39 - [MESSAGE][PASSED] - Text 'jedun' is set on object 'Object Repository/1. Constant/xpath'

2022-06-09 21:31:40 - [MESSAGE][PASSED] - Delayed 1 second(s)

2022-06-09 21:31:42 - [MESSAGE][PASSED] - Text 'dchi' is set on object 'Object Repository/1. Constant/xpath'

2022-06-09 21:31:43 - [MESSAGE][PASSED] - Delayed 1 second(s)

2022-06-09 21:31:54 - [MESSAGE][PASSED] - Object: 'Object Repository/1. Constant/xpath' is clicked on

2022-06-09 21:31:54 - [TEST_STEP][PASSED] - I.Go_to_MyProfile(): Delayed 1 second(s)

2022-06-09 21:31:55 - [MESSAGE][PASSED] - Object: 'Object Repository/1. Constant/xpath' is clicked on

2022-06-09 21:31:56 - [MESSAGE][PASSED] - Delayed 1 second(s)

2022-06-09 21:31:57 - [MESSAGE][PASSED] - Object: 'Object Repository/1. Constant/xpath' is clicked on

2022-06-09 21:31:58 - [MESSAGE][PASSED] - Delayed 1 second(s)

2022-06-09 21:31:58 - [TEST_STEP][PASSED] - click(findTestObject("1. Constant/xpath", ["xpath":"//*[@id="btn_add_delegation"]"])): Object: 'Object Repository/1. Constant/xpath' is clicked on

2022-06-09 21:31:59 - [MESSAGE][PASSED] - Object: 'Object Repository/1. Constant/xpath' is clicked on

2022-06-09 21:31:59 - [TEST_STEP][PASSED] - delay(2): Delayed 2 second(s)

2022-06-09 21:32:01 - [MESSAGE][PASSED] - Delayed 2 second(s)

2022-06-09 21:32:01 - [TEST_STEP][PASSED] - click(findTestObject("1. Constant/xpath", ["xpath":"//*[@id="delegation_linenew1"]/td[2]/div"])): Object: 'Object Repository/1. Constant/xpath' is clicked on

2022-06-09 21:32:01 - [MESSAGE][PASSED] - Object: 'Object Repository/1. Constant/xpath' is clicked on

2022-06-09 21:32:01 - [TEST_STEP][PASSED] - delay(2): Delayed 2 second(s)

2022-06-09 21:32:03 - [MESSAGE][PASSED] - Delayed 2 second(s)

2022-06-09 21:32:03 - [TEST_STEP][PASSED] - click(findTestObject("1. Constant/xpath", ["xpath":"/html/body/div[7]/div[1]/table/tbody/tr[1]/td[4]"])): Object: 'Object Repository/1. Constant/xpath' is clicked on

2022-06-09 21:32:04 - [MESSAGE][PASSED] - Object: 'Object Repository/1. Constant/xpath' is clicked on

2022-06-09 21:32:04 - [TEST_STEP][PASSED] - takeScreenshot(): Taking screenshot successfully

2022-06-09 21:32:04 - [MESSAGE][PASSED] - Taking screenshot successfully
[[ATTACHMENT|D:\\Projet Test Auto\\Mediabox Test Automation\\Reports\\20220609_181011\\03. Parallel Testing (Testing)\\TS -PT PART 3\\13 Tag StarPack Dreyers Out of Office\\20220609_181119\\1654803124246.png]]

2022-06-09 21:32:04 - [TEST_STEP][PASSED] - delay(1): Delayed 1 second(s)

2022-06-09 21:32:05 - [MESSAGE][PASSED] - Delayed 1 second(s)

2022-06-09 21:32:05 - [TEST_STEP][PASSED] - click(findTestObject("1. Constant/xpath", ["xpath":"//*[@id="delegation_linenew1"]/td[4]/div"])): Object: 'Object Repository/1. Constant/xpath' is clicked on

2022-06-09 21:32:05 - [MESSAGE][PASSED] - Object: 'Object Repository/1. Constant/xpath' is clicked on

2022-06-09 21:32:05 - [TEST_STEP][PASSED] - delay(2): Delayed 2 second(s)

2022-06-09 21:32:07 - [MESSAGE][PASSED] - Delayed 2 second(s)

2022-06-09 21:32:07 - [TEST_STEP][PASSED] - click(findTestObject("1. Constant/xpath", ["xpath":"/html/body/div[7]/div[1]/table/tbody/tr[4]/td[2]"])): Object: 'Object Repository/1. Constant/xpath' is clicked on

2022-06-09 21:32:07 - [MESSAGE][PASSED] - Object: 'Object Repository/1. Constant/xpath' is clicked on

2022-06-09 21:32:07 - [TEST_STEP][PASSED] - takeScreenshot(): Taking screenshot successfully

2022-06-09 21:32:08 - [MESSAGE][PASSED] - Taking screenshot successfully
[[ATTACHMENT|D:\\Projet Test Auto\\Mediabox Test Automation\\Reports\\20220609_181011\\03. Parallel Testing (Testing)\\TS -PT PART 3\\13 Tag StarPack Dreyers Out of Office\\20220609_181119\\1654803127931.png]]

2022-06-09 21:32:08 - [TEST_STEP][PASSED] - delay(1): Delayed 1 second(s)

2022-06-09 21:32:09 - [MESSAGE][PASSED] - Delayed 1 second(s)

2022-06-09 21:32:09 - [TEST_STEP][PASSED] - verifyOptionNotPresentByValue(findTestObject("1. Constant/xpath", ["xpath":"//*[@id="delegation_select_user_new1"]"]), "cbono", false, 2): There is no option with value 'cbono' present in object 'Object Repository/1. Constant/xpath' 

2022-06-09 21:32:53 - [MESSAGE][PASSED] - There is no option with value 'cbono' present in object 'Object Repository/1. Constant/xpath' 

2022-06-09 21:32:53 - [TEST_STEP][PASSED] - verifyOptionNotPresentByValue(findTestObject("1. Constant/xpath", ["xpath":"//*[@id="delegation_select_user_new1"]"]), "avieu_brasseur", false, 2): There is no option with value 'avieu_brasseur' present in object 'Object Repository/1. Constant/xpath' 

2022-06-09 21:33:53 - [MESSAGE][PASSED] - There is no option with value 'avieu_brasseur' present in object 'Object Repository/1. Constant/xpath' 

2022-06-09 21:33:53 - [TEST_STEP][PASSED] - verifyOptionNotPresentByValue(findTestObject("1. Constant/xpath", ["xpath":"//*[@id="delegation_select_user_new1"]"]), "sguy", false, 2): There is no option with value 'sguy' present in object 'Object Repository/1. Constant/xpath' 

2022-06-09 21:34:43 - [MESSAGE][PASSED] - There is no option with value 'sguy' present in object 'Object Repository/1. Constant/xpath' 

2022-06-09 21:34:43 - [TEST_STEP][PASSED] - verifyOptionNotPresentByValue(findTestObject("1. Constant/xpath", ["xpath":"//*[@id="delegation_select_user_new1"]"]), "aivanisevic", false, 2): There is no option with value 'aivanisevic' present in object 'Object Repository/1. Constant/xpath' 

2022-06-09 21:35:33 - [MESSAGE][PASSED] - There is no option with value 'aivanisevic' present in object 'Object Repository/1. Constant/xpath' 

2022-06-09 21:35:33 - [TEST_STEP][PASSED] - verifyOptionNotPresentByValue(findTestObject("1. Constant/xpath", ["xpath":"//*[@id="delegation_select_user_new1"]"]), "asalama", false, 2): There is no option with value 'asalama' present in object 'Object Repository/1. Constant/xpath' 

2022-06-09 21:36:26 - [MESSAGE][PASSED] - There is no option with value 'asalama' present in object 'Object Repository/1. Constant/xpath' 

2022-06-09 21:36:26 - [TEST_STEP][PASSED] - verifyOptionNotPresentByValue(findTestObject("1. Constant/xpath", ["xpath":"//*[@id="delegation_select_user_new1"]"]), "adaniel", false, 2): There is no option with value 'adaniel' present in object 'Object Repository/1. Constant/xpath' 

2022-06-09 21:37:14 - [MESSAGE][PASSED] - There is no option with value 'adaniel' present in object 'Object Repository/1. Constant/xpath' 

2022-06-09 21:37:14 - [TEST_STEP][PASSED] - verifyOptionPresentByValue(findTestObject("1. Constant/xpath", ["xpath":"//*[@id="delegation_select_user_new1"]"]), "t_apm", false, 2): 1 option(s) with value 't_apm' is/are present on object 'Object Repository/1. Constant/xpath' 

2022-06-09 21:37:56 - [MESSAGE][PASSED] - 1 option(s) with value 't_apm' is/are present on object 'Object Repository/1. Constant/xpath' 

2022-06-09 21:37:56 - [TEST_STEP][PASSED] - selectOptionByValue(findTestObject("1. Constant/xpath", ["xpath":"//*[@id="delegation_select_user_new1"]"]), "t_apm", false): All options with value 't_apm' are selected in object 'Object Repository/1. Constant/xpath' 

2022-06-09 21:37:56 - [MESSAGE][PASSED] - All options with value 't_apm' are selected in object 'Object Repository/1. Constant/xpath' 

2022-06-09 21:37:56 - [TEST_STEP][PASSED] - delay(1): Delayed 1 second(s)

2022-06-09 21:37:57 - [MESSAGE][PASSED] - Delayed 1 second(s)

2022-06-09 21:37:57 - [TEST_STEP][PASSED] - takeScreenshot(): Taking screenshot successfully

2022-06-09 21:37:58 - [MESSAGE][PASSED] - Taking screenshot successfully
[[ATTACHMENT|D:\\Projet Test Auto\\Mediabox Test Automation\\Reports\\20220609_181011\\03. Parallel Testing (Testing)\\TS -PT PART 3\\13 Tag StarPack Dreyers Out of Office\\20220609_181119\\1654803477454.png]]

2022-06-09 21:37:58 - [TEST_STEP][PASSED] - I.Logout(): Delayed 3 second(s)

2022-06-09 21:38:01 - [MESSAGE][PASSED] - Delayed 3 second(s)

2022-06-09 21:38:01 - [MESSAGE][PASSED] - Object: 'Object Repository/1. Constant/xpath' is clicked on

2022-06-09 21:38:04 - [MESSAGE][PASSED] - Delayed 3 second(s)

2022-06-09 21:38:06 - [MESSAGE][PASSED] - Object: 'Object Repository/1. Constant/xpath' is clicked on

2022-06-09 21:38:09 - [MESSAGE][PASSED] - Delayed 3 second(s)

2022-06-09 21:38:09 - [TEST_STEP][PASSED] - delay(1): Delayed 1 second(s)

2022-06-09 21:38:10 - [MESSAGE][PASSED] - Delayed 1 second(s)

2022-06-09 21:38:10 - [TEST_STEP][PASSED] - I.Login_password("cbono", password_cbono): Object: 'Object Repository/1. Constant/xpath' is clicked on

2022-06-09 21:38:11 - [MESSAGE][PASSED] - Text 'cbono' is set on object 'Object Repository/1. Constant/xpath'

2022-06-09 21:38:12 - [MESSAGE][PASSED] - Delayed 1 second(s)

2022-06-09 21:38:12 - [MESSAGE][PASSED] - Text 'dchi' is set on object 'Object Repository/1. Constant/xpath'

2022-06-09 21:38:13 - [MESSAGE][PASSED] - Delayed 1 second(s)

2022-06-09 21:38:16 - [MESSAGE][PASSED] - Object: 'Object Repository/1. Constant/xpath' is clicked on

2022-06-09 21:38:16 - [TEST_STEP][PASSED] - I.Go_to_MyProfile(): Delayed 1 second(s)

2022-06-09 21:38:17 - [MESSAGE][PASSED] - Object: 'Object Repository/1. Constant/xpath' is clicked on

2022-06-09 21:38:18 - [MESSAGE][PASSED] - Delayed 1 second(s)

2022-06-09 21:38:21 - [MESSAGE][PASSED] - Object: 'Object Repository/1. Constant/xpath' is clicked on

2022-06-09 21:38:22 - [MESSAGE][PASSED] - Delayed 1 second(s)

2022-06-09 21:38:22 - [TEST_STEP][PASSED] - click(findTestObject("1. Constant/xpath", ["xpath":"//*[@id="btn_add_delegation"]"])): Object: 'Object Repository/1. Constant/xpath' is clicked on

2022-06-09 21:38:22 - [MESSAGE][PASSED] - Object: 'Object Repository/1. Constant/xpath' is clicked on

2022-06-09 21:38:22 - [TEST_STEP][PASSED] - delay(2): Delayed 2 second(s)

2022-06-09 21:38:24 - [MESSAGE][PASSED] - Delayed 2 second(s)

2022-06-09 21:38:24 - [TEST_STEP][PASSED] - click(findTestObject("1. Constant/xpath", ["xpath":"//*[@id="delegation_linenew1"]/td[2]/div"])): Object: 'Object Repository/1. Constant/xpath' is clicked on

2022-06-09 21:38:25 - [MESSAGE][PASSED] - Object: 'Object Repository/1. Constant/xpath' is clicked on

2022-06-09 21:38:25 - [TEST_STEP][PASSED] - delay(2): Delayed 2 second(s)

2022-06-09 21:38:27 - [MESSAGE][PASSED] - Delayed 2 second(s)

2022-06-09 21:38:27 - [TEST_STEP][PASSED] - click(findTestObject("1. Constant/xpath", ["xpath":"/html/body/div[7]/div[1]/table/tbody/tr[1]/td[4]"])): Object: 'Object Repository/1. Constant/xpath' is clicked on

2022-06-09 21:38:29 - [MESSAGE][PASSED] - Object: 'Object Repository/1. Constant/xpath' is clicked on

2022-06-09 21:38:29 - [TEST_STEP][PASSED] - takeScreenshot(): Taking screenshot successfully

2022-06-09 21:38:29 - [MESSAGE][PASSED] - Taking screenshot successfully
[[ATTACHMENT|D:\\Projet Test Auto\\Mediabox Test Automation\\Reports\\20220609_181011\\03. Parallel Testing (Testing)\\TS -PT PART 3\\13 Tag StarPack Dreyers Out of Office\\20220609_181119\\1654803509164.png]]

2022-06-09 21:38:29 - [TEST_STEP][PASSED] - delay(1): Delayed 1 second(s)

2022-06-09 21:38:30 - [MESSAGE][PASSED] - Delayed 1 second(s)

2022-06-09 21:38:30 - [TEST_STEP][PASSED] - click(findTestObject("1. Constant/xpath", ["xpath":"//*[@id="delegation_linenew1"]/td[4]/div"])): Object: 'Object Repository/1. Constant/xpath' is clicked on

2022-06-09 21:38:30 - [MESSAGE][PASSED] - Object: 'Object Repository/1. Constant/xpath' is clicked on

2022-06-09 21:38:30 - [TEST_STEP][PASSED] - delay(2): Delayed 2 second(s)

2022-06-09 21:38:32 - [MESSAGE][PASSED] - Delayed 2 second(s)

2022-06-09 21:38:32 - [TEST_STEP][PASSED] - click(findTestObject("1. Constant/xpath", ["xpath":"/html/body/div[7]/div[1]/table/tbody/tr[4]/td[2]"])): Object: 'Object Repository/1. Constant/xpath' is clicked on

2022-06-09 21:38:32 - [MESSAGE][PASSED] - Object: 'Object Repository/1. Constant/xpath' is clicked on

2022-06-09 21:38:32 - [TEST_STEP][PASSED] - takeScreenshot(): Taking screenshot successfully

2022-06-09 21:38:33 - [MESSAGE][PASSED] - Taking screenshot successfully
[[ATTACHMENT|D:\\Projet Test Auto\\Mediabox Test Automation\\Reports\\20220609_181011\\03. Parallel Testing (Testing)\\TS -PT PART 3\\13 Tag StarPack Dreyers Out of Office\\20220609_181119\\1654803512820.png]]

2022-06-09 21:38:33 - [TEST_STEP][PASSED] - delay(1): Delayed 1 second(s)

2022-06-09 21:38:34 - [MESSAGE][PASSED] - Delayed 1 second(s)

2022-06-09 21:38:34 - [TEST_STEP][PASSED] - verifyOptionNotPresentByValue(findTestObject("1. Constant/xpath", ["xpath":"//*[@id="delegation_select_user_new1"]"]), "t_apm", false, 2): There is no option with value 't_apm' present in object 'Object Repository/1. Constant/xpath' 

2022-06-09 21:38:36 - [MESSAGE][PASSED] - There is no option with value 't_apm' present in object 'Object Repository/1. Constant/xpath' 

2022-06-09 21:38:36 - [TEST_STEP][PASSED] - verifyOptionNotPresentByValue(findTestObject("1. Constant/xpath", ["xpath":"//*[@id="delegation_select_user_new1"]"]), "avieu_brasseur", false, 2): There is no option with value 'avieu_brasseur' present in object 'Object Repository/1. Constant/xpath' 

2022-06-09 21:38:38 - [MESSAGE][PASSED] - There is no option with value 'avieu_brasseur' present in object 'Object Repository/1. Constant/xpath' 

2022-06-09 21:38:38 - [TEST_STEP][PASSED] - verifyOptionNotPresentByValue(findTestObject("1. Constant/xpath", ["xpath":"//*[@id="delegation_select_user_new1"]"]), "adaniel", false, 2): There is no option with value 'adaniel' present in object 'Object Repository/1. Constant/xpath' 

2022-06-09 21:38:39 - [MESSAGE][PASSED] - There is no option with value 'adaniel' present in object 'Object Repository/1. Constant/xpath' 

2022-06-09 21:38:39 - [TEST_STEP][PASSED] - TotalOptions = getNumberOfTotalOption(findTestObject("1. Constant/xpath", ["xpath":"//*[@id="delegation_select_user_new1"]"])): 51 options of object 'Object Repository/1. Constant/xpath' counted

2022-06-09 21:38:39 - [MESSAGE][PASSED] - 51 options of object 'Object Repository/1. Constant/xpath' counted

2022-06-09 21:38:39 - [TEST_STEP][PASSED] - verifyNotEqual(TotalOptions, 0): Actual object '51' and expected object '0' are not equal

2022-06-09 21:38:39 - [MESSAGE][PASSED] - Actual object '51' and expected object '0' are not equal

2022-06-09 21:38:39 - [TEST_STEP][PASSED] - selectOptionByValue(findTestObject("1. Constant/xpath", ["xpath":"//*[@id="delegation_select_user_new1"]"]), "suser", false): All options with value 'suser' are selected in object 'Object Repository/1. Constant/xpath' 

2022-06-09 21:38:40 - [MESSAGE][PASSED] - All options with value 'suser' are selected in object 'Object Repository/1. Constant/xpath' 

2022-06-09 21:38:40 - [TEST_STEP][PASSED] - delay(1): Delayed 1 second(s)

2022-06-09 21:38:41 - [MESSAGE][PASSED] - Delayed 1 second(s)

2022-06-09 21:38:41 - [TEST_STEP][PASSED] - takeScreenshot(): Taking screenshot successfully

2022-06-09 21:38:41 - [MESSAGE][PASSED] - Taking screenshot successfully
[[ATTACHMENT|D:\\Projet Test Auto\\Mediabox Test Automation\\Reports\\20220609_181011\\03. Parallel Testing (Testing)\\TS -PT PART 3\\13 Tag StarPack Dreyers Out of Office\\20220609_181119\\1654803521243.png]]

2022-06-09 21:38:41 - [TEST_STEP][PASSED] - I.Logout(): Delayed 3 second(s)

2022-06-09 21:38:44 - [MESSAGE][PASSED] - Delayed 3 second(s)

2022-06-09 21:38:45 - [MESSAGE][PASSED] - Object: 'Object Repository/1. Constant/xpath' is clicked on

2022-06-09 21:38:48 - [MESSAGE][PASSED] - Delayed 3 second(s)

2022-06-09 21:38:50 - [MESSAGE][PASSED] - Object: 'Object Repository/1. Constant/xpath' is clicked on

2022-06-09 21:38:53 - [MESSAGE][PASSED] - Delayed 3 second(s)

2022-06-09 21:38:53 - [TEST_STEP][PASSED] - delay(1): Delayed 1 second(s)

2022-06-09 21:38:54 - [MESSAGE][PASSED] - Delayed 1 second(s)

2022-06-09 21:38:54 - [TEST_STEP][PASSED] - I.Login_password("asalama", password_asalama): Object: 'Object Repository/1. Constant/xpath' is clicked on

2022-06-09 21:38:54 - [MESSAGE][PASSED] - Text 'asalama' is set on object 'Object Repository/1. Constant/xpath'

2022-06-09 21:38:55 - [MESSAGE][PASSED] - Delayed 1 second(s)

2022-06-09 21:38:55 - [MESSAGE][PASSED] - Text 'dchi' is set on object 'Object Repository/1. Constant/xpath'

2022-06-09 21:38:56 - [MESSAGE][PASSED] - Delayed 1 second(s)

2022-06-09 21:39:01 - [MESSAGE][PASSED] - Object: 'Object Repository/1. Constant/xpath' is clicked on

2022-06-09 21:39:01 - [TEST_STEP][PASSED] - I.Go_to_MyProfile(): Delayed 1 second(s)

2022-06-09 21:39:01 - [MESSAGE][PASSED] - Object: 'Object Repository/1. Constant/xpath' is clicked on

2022-06-09 21:39:02 - [MESSAGE][PASSED] - Delayed 1 second(s)

2022-06-09 21:39:05 - [MESSAGE][PASSED] - Object: 'Object Repository/1. Constant/xpath' is clicked on

2022-06-09 21:39:06 - [MESSAGE][PASSED] - Delayed 1 second(s)

2022-06-09 21:39:06 - [TEST_STEP][PASSED] - click(findTestObject("1. Constant/xpath", ["xpath":"//*[@id="btn_add_delegation"]"])): Object: 'Object Repository/1. Constant/xpath' is clicked on

2022-06-09 21:39:07 - [MESSAGE][PASSED] - Object: 'Object Repository/1. Constant/xpath' is clicked on

2022-06-09 21:39:07 - [TEST_STEP][PASSED] - delay(2): Delayed 2 second(s)

2022-06-09 21:39:09 - [MESSAGE][PASSED] - Delayed 2 second(s)

2022-06-09 21:39:09 - [TEST_STEP][PASSED] - click(findTestObject("1. Constant/xpath", ["xpath":"//*[@id="delegation_linenew1"]/td[2]/div"])): Object: 'Object Repository/1. Constant/xpath' is clicked on

2022-06-09 21:39:09 - [MESSAGE][PASSED] - Object: 'Object Repository/1. Constant/xpath' is clicked on

2022-06-09 21:39:09 - [TEST_STEP][PASSED] - delay(2): Delayed 2 second(s)

2022-06-09 21:39:11 - [MESSAGE][PASSED] - Delayed 2 second(s)

2022-06-09 21:39:11 - [TEST_STEP][PASSED] - click(findTestObject("1. Constant/xpath", ["xpath":"/html/body/div[7]/div[1]/table/tbody/tr[1]/td[4]"])): Object: 'Object Repository/1. Constant/xpath' is clicked on

2022-06-09 21:39:12 - [MESSAGE][PASSED] - Object: 'Object Repository/1. Constant/xpath' is clicked on

2022-06-09 21:39:12 - [TEST_STEP][PASSED] - takeScreenshot(): Taking screenshot successfully

2022-06-09 21:39:12 - [MESSAGE][PASSED] - Taking screenshot successfully
[[ATTACHMENT|D:\\Projet Test Auto\\Mediabox Test Automation\\Reports\\20220609_181011\\03. Parallel Testing (Testing)\\TS -PT PART 3\\13 Tag StarPack Dreyers Out of Office\\20220609_181119\\1654803552088.png]]

2022-06-09 21:39:12 - [TEST_STEP][PASSED] - delay(1): Delayed 1 second(s)

2022-06-09 21:39:13 - [MESSAGE][PASSED] - Delayed 1 second(s)

2022-06-09 21:39:13 - [TEST_STEP][PASSED] - click(findTestObject("1. Constant/xpath", ["xpath":"//*[@id="delegation_linenew1"]/td[4]/div"])): Object: 'Object Repository/1. Constant/xpath' is clicked on

2022-06-09 21:39:13 - [MESSAGE][PASSED] - Object: 'Object Repository/1. Constant/xpath' is clicked on

2022-06-09 21:39:13 - [TEST_STEP][PASSED] - delay(2): Delayed 2 second(s)

2022-06-09 21:39:15 - [MESSAGE][PASSED] - Delayed 2 second(s)

2022-06-09 21:39:15 - [TEST_STEP][PASSED] - click(findTestObject("1. Constant/xpath", ["xpath":"/html/body/div[7]/div[1]/table/tbody/tr[4]/td[2]"])): Object: 'Object Repository/1. Constant/xpath' is clicked on

2022-06-09 21:39:16 - [MESSAGE][PASSED] - Object: 'Object Repository/1. Constant/xpath' is clicked on

2022-06-09 21:39:16 - [TEST_STEP][PASSED] - takeScreenshot(): Taking screenshot successfully

2022-06-09 21:39:16 - [MESSAGE][PASSED] - Taking screenshot successfully
[[ATTACHMENT|D:\\Projet Test Auto\\Mediabox Test Automation\\Reports\\20220609_181011\\03. Parallel Testing (Testing)\\TS -PT PART 3\\13 Tag StarPack Dreyers Out of Office\\20220609_181119\\1654803556650.png]]

2022-06-09 21:39:16 - [TEST_STEP][PASSED] - delay(1): Delayed 1 second(s)

2022-06-09 21:39:17 - [MESSAGE][PASSED] - Delayed 1 second(s)

2022-06-09 21:39:17 - [TEST_STEP][PASSED] - verifyOptionPresentByValue(findTestObject("1. Constant/xpath", ["xpath":"//*[@id="delegation_select_user_new1"]"]), "avieu_brasseur", false, 2): 1 option(s) with value 'avieu_brasseur' is/are present on object 'Object Repository/1. Constant/xpath' 

2022-06-09 21:39:18 - [MESSAGE][PASSED] - 1 option(s) with value 'avieu_brasseur' is/are present on object 'Object Repository/1. Constant/xpath' 

2022-06-09 21:39:18 - [TEST_STEP][PASSED] - verifyOptionPresentByValue(findTestObject("1. Constant/xpath", ["xpath":"//*[@id="delegation_select_user_new1"]"]), "aivanisevic", false, 2): 1 option(s) with value 'aivanisevic' is/are present on object 'Object Repository/1. Constant/xpath' 

2022-06-09 21:39:19 - [MESSAGE][PASSED] - 1 option(s) with value 'aivanisevic' is/are present on object 'Object Repository/1. Constant/xpath' 

2022-06-09 21:39:19 - [TEST_STEP][PASSED] - verifyOptionPresentByValue(findTestObject("1. Constant/xpath", ["xpath":"//*[@id="delegation_select_user_new1"]"]), "suser", false, 2): 1 option(s) with value 'suser' is/are present on object 'Object Repository/1. Constant/xpath' 

2022-06-09 21:39:19 - [MESSAGE][PASSED] - 1 option(s) with value 'suser' is/are present on object 'Object Repository/1. Constant/xpath' 

2022-06-09 21:39:19 - [TEST_STEP][PASSED] - verifyOptionNotPresentByValue(findTestObject("1. Constant/xpath", ["xpath":"//*[@id="delegation_select_user_new1"]"]), "adaniel", false, 2): There is no option with value 'adaniel' present in object 'Object Repository/1. Constant/xpath' 

2022-06-09 21:39:20 - [MESSAGE][PASSED] - There is no option with value 'adaniel' present in object 'Object Repository/1. Constant/xpath' 

2022-06-09 21:39:20 - [TEST_STEP][PASSED] - selectOptionByValue(findTestObject("1. Constant/xpath", ["xpath":"//*[@id="delegation_select_user_new1"]"]), "avieu_brasseur", false): All options with value 'avieu_brasseur' are selected in object 'Object Repository/1. Constant/xpath' 

2022-06-09 21:39:21 - [MESSAGE][PASSED] - All options with value 'avieu_brasseur' are selected in object 'Object Repository/1. Constant/xpath' 

2022-06-09 21:39:21 - [TEST_STEP][PASSED] - delay(1): Delayed 1 second(s)

2022-06-09 21:39:22 - [MESSAGE][PASSED] - Delayed 1 second(s)

2022-06-09 21:39:22 - [TEST_STEP][PASSED] - takeScreenshot(): Taking screenshot successfully

2022-06-09 21:39:22 - [MESSAGE][PASSED] - Taking screenshot successfully
[[ATTACHMENT|D:\\Projet Test Auto\\Mediabox Test Automation\\Reports\\20220609_181011\\03. Parallel Testing (Testing)\\TS -PT PART 3\\13 Tag StarPack Dreyers Out of Office\\20220609_181119\\1654803562399.png]]

2022-06-09 21:39:22 - [TEST_STEP][PASSED] - I.Logout(): Delayed 3 second(s)

2022-06-09 21:39:25 - [MESSAGE][PASSED] - Delayed 3 second(s)

2022-06-09 21:39:26 - [MESSAGE][PASSED] - Object: 'Object Repository/1. Constant/xpath' is clicked on

2022-06-09 21:39:29 - [MESSAGE][PASSED] - Delayed 3 second(s)

2022-06-09 21:39:30 - [MESSAGE][PASSED] - Object: 'Object Repository/1. Constant/xpath' is clicked on

2022-06-09 21:39:33 - [MESSAGE][PASSED] - Delayed 3 second(s)

2022-06-09 21:39:33 - [TEST_STEP][PASSED] - closeBrowser(): Browser is closed

2022-06-09 21:39:34 - [MESSAGE][PASSED] - Browser is closed

2022-06-09 21:39:34 - [TEST_STEP][PASSED] - Start listener action : sampleAfterTestCase: null]]></system-out>
         <system-err><![CDATA[]]></system-err>
      </testcase>
      <testcase name="Test Cases/17. Tag StarPack Out of Office (OOO)/17.03 Tag Out of Office Session (Add _ Delete Delegate - My Profile)" time="190.428" classname="Test Cases/17. Tag StarPack Out of Office (OOO)/17.03 Tag Out of Office Session (Add _ Delete Delegate - My Profile)" status="PASSED">
         <system-out><![CDATA[2022-06-09 21:39:34 - [TEST_CASE][PASSED] - Test Cases/17. Tag StarPack Out of Office (OOO)/17.03 Tag Out of Office Session (Add _ Delete Delegate - My Profile): Test Cases/17. Tag StarPack Out of Office (OOO)/17.03 Tag Out of Office Session (Add _ Delete Delegate - My Profile)

2022-06-09 21:39:35 - [TEST_STEP][PASSED] - data_Tag = findTestData("Data Files/Username_Password/Tag"): null

2022-06-09 21:39:35 - [TEST_STEP][PASSED] - password_jedun = data_Tag.getValue(3, 1): null

2022-06-09 21:39:35 - [TEST_STEP][PASSED] - password_rrowland = data_Tag.getValue(3, 2): null

2022-06-09 21:39:35 - [TEST_STEP][PASSED] - password_stest = data_Tag.getValue(3, 3): null

2022-06-09 21:39:35 - [TEST_STEP][PASSED] - password_itroin = data_Tag.getValue(3, 4): null

2022-06-09 21:39:35 - [TEST_STEP][PASSED] - password_igedik = data_Tag.getValue(3, 2): null

2022-06-09 21:39:35 - [TEST_STEP][PASSED] - password_mderdour = data_Tag.getValue(3, 6): null

2022-06-09 21:39:35 - [TEST_STEP][PASSED] - password_achatin = data_Tag.getValue(3, 7): null

2022-06-09 21:39:35 - [TEST_STEP][PASSED] - password_tliu = data_Tag.getValue(3, 8): null

2022-06-09 21:39:35 - [TEST_STEP][PASSED] - password_ccaramella = data_Tag.getValue(3, 9): null

2022-06-09 21:39:35 - [TEST_STEP][PASSED] - password_achay = data_Tag.getValue(3, 10): null

2022-06-09 21:39:35 - [TEST_STEP][PASSED] - password_cbono = data_Tag.getValue(3, 11): null

2022-06-09 21:39:35 - [TEST_STEP][PASSED] - password_pmareri = data_Tag.getValue(3, 12): null

2022-06-09 21:39:35 - [TEST_STEP][PASSED] - password_qeuzen = data_Tag.getValue(3, 13): null

2022-06-09 21:39:35 - [TEST_STEP][PASSED] - password_alanglois = data_Tag.getValue(3, 14): null

2022-06-09 21:39:35 - [TEST_STEP][PASSED] - password_bde_villeneuve = data_Tag.getValue(3, 12): null

2022-06-09 21:39:35 - [TEST_STEP][PASSED] - password_scai = data_Tag.getValue(3, 16): null

2022-06-09 21:39:35 - [TEST_STEP][PASSED] - password_bzavaglia = data_Tag.getValue(3, 17): null

2022-06-09 21:39:35 - [TEST_STEP][PASSED] - password_asamyn = data_Tag.getValue(3, 18): null

2022-06-09 21:39:35 - [TEST_STEP][PASSED] - password_idiaz = data_Tag.getValue(3, 19): null

2022-06-09 21:39:35 - [TEST_STEP][PASSED] - password_asalama = data_Tag.getValue(3, 20): null

2022-06-09 21:39:35 - [TEST_STEP][PASSED] - password_suser = data_Tag.getValue(3, 21): null

2022-06-09 21:39:35 - [TEST_STEP][PASSED] - data_urlRELAUTO = findTestData("Data Files/URL/URL_relauto"): null

2022-06-09 21:39:35 - [TEST_STEP][PASSED] - Url_Tag = data_urlRELAUTO.getValue(2, 3): null

2022-06-09 21:39:35 - [TEST_STEP][PASSED] - openBrowser(Url_Tag): Browser is opened with url: 'http://mdb-release.diadeis.lan/MediaboxIndependence/?MBI_datasource=RELTESTAUTO_TAG'

2022-06-09 21:39:35 - [MESSAGE][INFO] - Starting 'Chrome (headless)' driver

2022-06-09 21:39:35 - [MESSAGE][INFO] - User set preference: ['args', '[--window-size=1920,1080, --headless]']

2022-06-09 21:39:35 - [MESSAGE][INFO] - Action delay is set to 0 milliseconds

2022-06-09 21:39:43 - [MESSAGE][PASSED] - Browser is opened with url: 'http://mdb-release.diadeis.lan/MediaboxIndependence/?MBI_datasource=RELTESTAUTO_TAG'

2022-06-09 21:39:43 - [TEST_STEP][PASSED] - maximizeWindow(): Current window maximized

2022-06-09 21:39:43 - [MESSAGE][PASSED] - Current window maximized

2022-06-09 21:39:43 - [TEST_STEP][PASSED] - delay(2): Delayed 2 second(s)

2022-06-09 21:39:45 - [MESSAGE][PASSED] - Delayed 2 second(s)

2022-06-09 21:39:45 - [TEST_STEP][PASSED] - takeScreenshot(): Taking screenshot successfully

2022-06-09 21:39:46 - [MESSAGE][PASSED] - Taking screenshot successfully
[[ATTACHMENT|D:\\Projet Test Auto\\Mediabox Test Automation\\Reports\\20220609_181011\\03. Parallel Testing (Testing)\\TS -PT PART 3\\13 Tag StarPack Dreyers Out of Office\\20220609_181119\\1654803586093.png]]

2022-06-09 21:39:46 - [TEST_STEP][PASSED] - I.Login_password("jedun", password_jedun): Object: 'Object Repository/1. Constant/xpath' is clicked on

2022-06-09 21:39:47 - [MESSAGE][PASSED] - Text 'jedun' is set on object 'Object Repository/1. Constant/xpath'

2022-06-09 21:39:48 - [MESSAGE][PASSED] - Delayed 1 second(s)

2022-06-09 21:39:49 - [MESSAGE][PASSED] - Text 'dchi' is set on object 'Object Repository/1. Constant/xpath'

2022-06-09 21:39:50 - [MESSAGE][PASSED] - Delayed 1 second(s)

2022-06-09 21:39:59 - [MESSAGE][PASSED] - Object: 'Object Repository/1. Constant/xpath' is clicked on

2022-06-09 21:39:59 - [TEST_STEP][PASSED] - takeScreenshot(): Taking screenshot successfully

2022-06-09 21:39:59 - [MESSAGE][PASSED] - Taking screenshot successfully
[[ATTACHMENT|D:\\Projet Test Auto\\Mediabox Test Automation\\Reports\\20220609_181011\\03. Parallel Testing (Testing)\\TS -PT PART 3\\13 Tag StarPack Dreyers Out of Office\\20220609_181119\\1654803599422.png]]

2022-06-09 21:39:59 - [TEST_STEP][PASSED] - I.Go_to_MyProfile(): Delayed 1 second(s)

2022-06-09 21:39:59 - [MESSAGE][PASSED] - Object: 'Object Repository/1. Constant/xpath' is clicked on

2022-06-09 21:40:00 - [MESSAGE][PASSED] - Delayed 1 second(s)

2022-06-09 21:40:03 - [MESSAGE][PASSED] - Object: 'Object Repository/1. Constant/xpath' is clicked on

2022-06-09 21:40:04 - [MESSAGE][PASSED] - Delayed 1 second(s)

2022-06-09 21:40:04 - [TEST_STEP][PASSED] - click(findTestObject("1. Constant/xpath", ["xpath":"//*[@id="btn_add_delegation"]"])): Object: 'Object Repository/1. Constant/xpath' is clicked on

2022-06-09 21:40:05 - [MESSAGE][PASSED] - Object: 'Object Repository/1. Constant/xpath' is clicked on

2022-06-09 21:40:05 - [TEST_STEP][PASSED] - delay(2): Delayed 2 second(s)

2022-06-09 21:40:07 - [MESSAGE][PASSED] - Delayed 2 second(s)

2022-06-09 21:40:07 - [TEST_STEP][PASSED] - I.Delegate_Select_date_PreviousMonth("//*[@id="delegation_start_date_new1"]"): Object: 'Object Repository/1. Constant/xpath' is clicked on

2022-06-09 21:40:08 - [MESSAGE][PASSED] - Object: 'Object Repository/1. Constant/xpath' is clicked on

2022-06-09 21:40:10 - [MESSAGE][PASSED] - Delayed 2 second(s)

2022-06-09 21:40:10 - [MESSAGE][PASSED] - Object: 'Object Repository/1. Constant/xpath' is clicked on

2022-06-09 21:40:11 - [MESSAGE][PASSED] - Delayed 1 second(s)

2022-06-09 21:40:11 - [MESSAGE][PASSED] - Object: 'Object Repository/1. Constant/xpath' is clicked on

2022-06-09 21:40:11 - [TEST_STEP][PASSED] - delay(1): Delayed 1 second(s)

2022-06-09 21:40:12 - [MESSAGE][PASSED] - Delayed 1 second(s)

2022-06-09 21:40:12 - [TEST_STEP][PASSED] - I.Delegate_Select_date_NextMonth("//*[@id="delegation_end_date_new1"]"): Object: 'Object Repository/1. Constant/xpath' is clicked on

2022-06-09 21:40:12 - [MESSAGE][PASSED] - Object: 'Object Repository/1. Constant/xpath' is clicked on

2022-06-09 21:40:14 - [MESSAGE][PASSED] - Delayed 2 second(s)

2022-06-09 21:40:14 - [MESSAGE][PASSED] - Object: 'Object Repository/1. Constant/xpath' is clicked on

2022-06-09 21:40:15 - [MESSAGE][PASSED] - Delayed 1 second(s)

2022-06-09 21:40:15 - [MESSAGE][PASSED] - Object: 'Object Repository/1. Constant/xpath' is clicked on

2022-06-09 21:40:15 - [TEST_STEP][PASSED] - takeScreenshot(): Taking screenshot successfully

2022-06-09 21:40:16 - [MESSAGE][PASSED] - Taking screenshot successfully
[[ATTACHMENT|D:\\Projet Test Auto\\Mediabox Test Automation\\Reports\\20220609_181011\\03. Parallel Testing (Testing)\\TS -PT PART 3\\13 Tag StarPack Dreyers Out of Office\\20220609_181119\\1654803615992.png]]

2022-06-09 21:40:16 - [TEST_STEP][PASSED] - delay(1): Delayed 1 second(s)

2022-06-09 21:40:17 - [MESSAGE][PASSED] - Delayed 1 second(s)

2022-06-09 21:40:17 - [TEST_STEP][PASSED] - selectOptionByValue(findTestObject("1. Constant/xpath", ["xpath":"//*[@id="delegation_select_user_new1"]"]), "suser", false): All options with value 'suser' are selected in object 'Object Repository/1. Constant/xpath' 

2022-06-09 21:40:17 - [MESSAGE][PASSED] - All options with value 'suser' are selected in object 'Object Repository/1. Constant/xpath' 

2022-06-09 21:40:17 - [TEST_STEP][PASSED] - delay(1): Delayed 1 second(s)

2022-06-09 21:40:18 - [MESSAGE][PASSED] - Delayed 1 second(s)

2022-06-09 21:40:18 - [TEST_STEP][PASSED] - takeScreenshot(): Taking screenshot successfully

2022-06-09 21:40:19 - [MESSAGE][PASSED] - Taking screenshot successfully
[[ATTACHMENT|D:\\Projet Test Auto\\Mediabox Test Automation\\Reports\\20220609_181011\\03. Parallel Testing (Testing)\\TS -PT PART 3\\13 Tag StarPack Dreyers Out of Office\\20220609_181119\\1654803618608.png]]

2022-06-09 21:40:19 - [TEST_STEP][PASSED] - I.Pagedown(): Execute JavaScript 'window.scrollTo(0, document.body.scrollHeight)' successfully

2022-06-09 21:40:19 - [MESSAGE][PASSED] - Execute JavaScript 'window.scrollTo(0, document.body.scrollHeight)' successfully

2022-06-09 21:40:19 - [TEST_STEP][PASSED] - I.click_button_javascript(findTestObject("1. Constant/xpath", ["xpath":"//*[@id="ModifierUser"]/div[3]/div/button"])): Execute JavaScript 'arguments[0].click()' successfully

2022-06-09 21:40:23 - [MESSAGE][PASSED] - Execute JavaScript 'arguments[0].click()' successfully

2022-06-09 21:40:23 - [TEST_STEP][PASSED] - Date_From = getAttribute(findTestObject("1. Constant/xpath", ["xpath":"/html/body/div[1]/div[2]/div[4]/div[3]/div/div/div/form/div[2]/div[2]/div[2]/div[2]/table/tbody/tr/td[2]/div/input"]), "value"): Attribute 'value' of object 'Object Repository/1. Constant/xpath' is: '18/05/2022'

2022-06-09 21:40:23 - [MESSAGE][PASSED] - Attribute 'value' of object 'Object Repository/1. Constant/xpath' is: '18/05/2022'

2022-06-09 21:40:23 - [TEST_STEP][PASSED] - I.print("From: " + Date_From): null

2022-06-09 21:40:23 - [TEST_STEP][PASSED] - Date_To = getAttribute(findTestObject("1. Constant/xpath", ["xpath":"/html/body/div[1]/div[2]/div[4]/div[3]/div/div/div/form/div[2]/div[2]/div[2]/div[2]/table/tbody/tr/td[4]/div/input"]), "value"): Attribute 'value' of object 'Object Repository/1. Constant/xpath' is: '20/07/2022'

2022-06-09 21:40:23 - [MESSAGE][PASSED] - Attribute 'value' of object 'Object Repository/1. Constant/xpath' is: '20/07/2022'

2022-06-09 21:40:23 - [TEST_STEP][PASSED] - I.print("To: " + Date_To): null

2022-06-09 21:40:23 - [TEST_STEP][PASSED] - I.VerifyCheckboxChecked("Delegatee 1", findTestObject("1. Constant/xpath", ["xpath":"/html/body/div[1]/div[2]/div[4]/div[3]/div/div/div/form/div[2]/div[2]/div[2]/div[2]/table/tbody/tr/td[7]/label/input"])): Object 'Object Repository/1. Constant/xpath' is checked

2022-06-09 21:40:25 - [MESSAGE][PASSED] - Object 'Object Repository/1. Constant/xpath' is checked

2022-06-09 21:40:25 - [TEST_STEP][PASSED] - I.Pagedown(): Execute JavaScript 'window.scrollTo(0, document.body.scrollHeight)' successfully

2022-06-09 21:40:25 - [MESSAGE][PASSED] - Execute JavaScript 'window.scrollTo(0, document.body.scrollHeight)' successfully

2022-06-09 21:40:25 - [TEST_STEP][PASSED] - I.click_button_javascript(findTestObject("1. Constant/xpath", ["xpath":"//*[@id="ModifierUser"]/div[3]/div/button"])): Execute JavaScript 'arguments[0].click()' successfully

2022-06-09 21:40:26 - [MESSAGE][PASSED] - Execute JavaScript 'arguments[0].click()' successfully

2022-06-09 21:40:26 - [TEST_STEP][PASSED] - delay(1): Delayed 1 second(s)

2022-06-09 21:40:27 - [MESSAGE][PASSED] - Delayed 1 second(s)

2022-06-09 21:40:27 - [TEST_STEP][PASSED] - takeScreenshot(): Taking screenshot successfully

2022-06-09 21:40:29 - [MESSAGE][PASSED] - Taking screenshot successfully
[[ATTACHMENT|D:\\Projet Test Auto\\Mediabox Test Automation\\Reports\\20220609_181011\\03. Parallel Testing (Testing)\\TS -PT PART 3\\13 Tag StarPack Dreyers Out of Office\\20220609_181119\\1654803629010.png]]

2022-06-09 21:40:29 - [TEST_STEP][PASSED] - delay(1): Delayed 1 second(s)

2022-06-09 21:40:30 - [MESSAGE][PASSED] - Delayed 1 second(s)

2022-06-09 21:40:30 - [TEST_STEP][PASSED] - I.Logout(): Delayed 3 second(s)

2022-06-09 21:40:33 - [MESSAGE][PASSED] - Delayed 3 second(s)

2022-06-09 21:40:33 - [MESSAGE][PASSED] - Object: 'Object Repository/1. Constant/xpath' is clicked on

2022-06-09 21:40:36 - [MESSAGE][PASSED] - Delayed 3 second(s)

2022-06-09 21:40:37 - [MESSAGE][PASSED] - Object: 'Object Repository/1. Constant/xpath' is clicked on

2022-06-09 21:40:40 - [MESSAGE][PASSED] - Delayed 3 second(s)

2022-06-09 21:40:40 - [TEST_STEP][PASSED] - I.Login_password("suser", password_suser): Object: 'Object Repository/1. Constant/xpath' is clicked on

2022-06-09 21:40:42 - [MESSAGE][PASSED] - Text 'suser' is set on object 'Object Repository/1. Constant/xpath'

2022-06-09 21:40:43 - [MESSAGE][PASSED] - Delayed 1 second(s)

2022-06-09 21:40:43 - [MESSAGE][PASSED] - Text 'dchi' is set on object 'Object Repository/1. Constant/xpath'

2022-06-09 21:40:44 - [MESSAGE][PASSED] - Delayed 1 second(s)

2022-06-09 21:40:47 - [MESSAGE][PASSED] - Object: 'Object Repository/1. Constant/xpath' is clicked on

2022-06-09 21:40:47 - [TEST_STEP][PASSED] - delay(1): Delayed 1 second(s)

2022-06-09 21:40:48 - [MESSAGE][PASSED] - Delayed 1 second(s)

2022-06-09 21:40:48 - [TEST_STEP][PASSED] - takeScreenshot(): Taking screenshot successfully

2022-06-09 21:40:49 - [MESSAGE][PASSED] - Taking screenshot successfully
[[ATTACHMENT|D:\\Projet Test Auto\\Mediabox Test Automation\\Reports\\20220609_181011\\03. Parallel Testing (Testing)\\TS -PT PART 3\\13 Tag StarPack Dreyers Out of Office\\20220609_181119\\1654803649135.png]]

2022-06-09 21:40:49 - [TEST_STEP][PASSED] - delay(1): Delayed 1 second(s)

2022-06-09 21:40:50 - [MESSAGE][PASSED] - Delayed 1 second(s)

2022-06-09 21:40:50 - [TEST_STEP][PASSED] - I.VerifyMatchText("//*[@id="modal_delegations"]/div/div/div[1]/h3", "Accounts delegated to me"): Actual text 'Accounts delegated to me' and expected text 'Accounts delegated to me' are matched 

2022-06-09 21:40:50 - [MESSAGE][PASSED] - Text of object 'Object Repository/1. Constant/xpath' is: 'Accounts delegated to me'

2022-06-09 21:40:51 - [MESSAGE][PASSED] - Delayed 1 second(s)

2022-06-09 21:40:51 - [MESSAGE][PASSED] - Actual text 'Accounts delegated to me' and expected text 'Accounts delegated to me' are matched 

2022-06-09 21:40:51 - [TEST_STEP][PASSED] - I.VerifyMatchText("//*[@id="modal_delegations"]/div/div/span[1]", "The following users are out of office and have delegated their tasks to you"): Actual text 'The following users are out of office and have delegated their tasks to you' and expected text 'The following users are out of office and have delegated their tasks to you' are matched 

2022-06-09 21:40:52 - [MESSAGE][PASSED] - Text of object 'Object Repository/1. Constant/xpath' is: 'The following users are out of office and have delegated their tasks to you'

2022-06-09 21:40:53 - [MESSAGE][PASSED] - Delayed 1 second(s)

2022-06-09 21:40:53 - [MESSAGE][PASSED] - Actual text 'The following users are out of office and have delegated their tasks to you' and expected text 'The following users are out of office and have delegated their tasks to you' are matched 

2022-06-09 21:40:53 - [TEST_STEP][PASSED] - I.VerifyMatchText("//*[@id="modal_delegations"]/div/div/span[1]", "The following users are out of office and have delegated their tasks to you"): Actual text 'The following users are out of office and have delegated their tasks to you' and expected text 'The following users are out of office and have delegated their tasks to you' are matched 

2022-06-09 21:40:53 - [MESSAGE][PASSED] - Text of object 'Object Repository/1. Constant/xpath' is: 'The following users are out of office and have delegated their tasks to you'

2022-06-09 21:40:54 - [MESSAGE][PASSED] - Delayed 1 second(s)

2022-06-09 21:40:54 - [MESSAGE][PASSED] - Actual text 'The following users are out of office and have delegated their tasks to you' and expected text 'The following users are out of office and have delegated their tasks to you' are matched 

2022-06-09 21:40:54 - [TEST_STEP][PASSED] - verifyElementPresent(findTestObject("1. Constant/xpath", ["xpath":"//*[@id="modal_delegations"]/div/div/div[2]/div/div/div/div[1]/div/i"]), 2): Object 'Object Repository/1. Constant/xpath' is present

2022-06-09 21:40:54 - [MESSAGE][PASSED] - Object 'Object Repository/1. Constant/xpath' is present

2022-06-09 21:40:54 - [TEST_STEP][PASSED] - I.VerifyMatchText("//*[@id="modal_delegations"]/div/div/div[2]/div/div/div/div[2]/h6", "Jaswant EDUN"): Actual text 'Jaswant EDUN' and expected text 'Jaswant EDUN' are matched 

2022-06-09 21:40:54 - [MESSAGE][PASSED] - Text of object 'Object Repository/1. Constant/xpath' is: 'Jaswant EDUN'

2022-06-09 21:40:55 - [MESSAGE][PASSED] - Delayed 1 second(s)

2022-06-09 21:40:55 - [MESSAGE][PASSED] - Actual text 'Jaswant EDUN' and expected text 'Jaswant EDUN' are matched 

2022-06-09 21:40:55 - [TEST_STEP][PASSED] - sDate = I.getnextday_ddmmyyyy(Date_To): null

2022-06-09 21:40:56 - [TEST_STEP][PASSED] - I.VerifyMatchText("//*[@id="modal_delegations"]/div/div/div[2]/div/div/div/div[2]/div", Date_From + " - " + sDate): Actual text '18/05/2022 - 21/07/2022' and expected text '18/05/2022 - 21/07/2022' are matched 

2022-06-09 21:40:56 - [MESSAGE][PASSED] - Text of object 'Object Repository/1. Constant/xpath' is: '18/05/2022 - 21/07/2022'

2022-06-09 21:40:57 - [MESSAGE][PASSED] - Delayed 1 second(s)

2022-06-09 21:40:57 - [MESSAGE][PASSED] - Actual text '18/05/2022 - 21/07/2022' and expected text '18/05/2022 - 21/07/2022' are matched 

2022-06-09 21:40:57 - [TEST_STEP][PASSED] - verifyElementPresent(findTestObject("1. Constant/xpath", ["xpath":"//*[@id="modal_delegations"]/div/div/div[2]/div/div/div/div[3]/a"]), 2): Object 'Object Repository/1. Constant/xpath' is present

2022-06-09 21:40:57 - [MESSAGE][PASSED] - Object 'Object Repository/1. Constant/xpath' is present

2022-06-09 21:40:57 - [TEST_STEP][PASSED] - verifyElementPresent(findTestObject("1. Constant/xpath", ["xpath":"//*[@id="modal_delegations"]/div/div/div[3]/button"]), 2): Object 'Object Repository/1. Constant/xpath' is present

2022-06-09 21:40:58 - [MESSAGE][PASSED] - Object 'Object Repository/1. Constant/xpath' is present

2022-06-09 21:40:58 - [TEST_STEP][PASSED] - I.VerifyMatchText("//*[@id="modal_delegations"]/div/div/span[2]", "You can easily switch account by clicking on your profile"): Actual text 'You can easily switch account by clicking on your profile' and expected text 'You can easily switch account by clicking on your profile' are matched 

2022-06-09 21:40:58 - [MESSAGE][PASSED] - Text of object 'Object Repository/1. Constant/xpath' is: 'You can easily switch account by clicking on your profile'

2022-06-09 21:40:59 - [MESSAGE][PASSED] - Delayed 1 second(s)

2022-06-09 21:40:59 - [MESSAGE][PASSED] - Actual text 'You can easily switch account by clicking on your profile' and expected text 'You can easily switch account by clicking on your profile' are matched 

2022-06-09 21:40:59 - [TEST_STEP][PASSED] - delay(1): Delayed 1 second(s)

2022-06-09 21:41:00 - [MESSAGE][PASSED] - Delayed 1 second(s)

2022-06-09 21:41:00 - [TEST_STEP][PASSED] - click(findTestObject("1. Constant/xpath", ["xpath":"//*[@id="modal_delegations"]/div/div/div[2]/div/div/div/div[3]/a"])): Object: 'Object Repository/1. Constant/xpath' is clicked on

2022-06-09 21:41:04 - [MESSAGE][PASSED] - Object: 'Object Repository/1. Constant/xpath' is clicked on

2022-06-09 21:41:04 - [TEST_STEP][PASSED] - delay(1): Delayed 1 second(s)

2022-06-09 21:41:05 - [MESSAGE][PASSED] - Delayed 1 second(s)

2022-06-09 21:41:05 - [TEST_STEP][PASSED] - takeScreenshot(): Taking screenshot successfully

2022-06-09 21:41:05 - [MESSAGE][PASSED] - Taking screenshot successfully
[[ATTACHMENT|D:\\Projet Test Auto\\Mediabox Test Automation\\Reports\\20220609_181011\\03. Parallel Testing (Testing)\\TS -PT PART 3\\13 Tag StarPack Dreyers Out of Office\\20220609_181119\\1654803665725.png]]

2022-06-09 21:41:05 - [TEST_STEP][PASSED] - I.VerifyMatchText("//*[@id="kt_header"]/div/div[2]/div[1]/span", "Currently logged as Jaswant EDUNGo back to my account"): Actual text 'Currently logged as Jaswant EDUNGo back to my account' and expected text 'Currently logged as Jaswant EDUNGo back to my account' are matched 

2022-06-09 21:41:06 - [MESSAGE][PASSED] - Text of object 'Object Repository/1. Constant/xpath' is: 'Currently logged as Jaswant EDUNGo back to my account'

2022-06-09 21:41:07 - [MESSAGE][PASSED] - Delayed 1 second(s)

2022-06-09 21:41:07 - [MESSAGE][PASSED] - Actual text 'Currently logged as Jaswant EDUNGo back to my account' and expected text 'Currently logged as Jaswant EDUNGo back to my account' are matched 

2022-06-09 21:41:07 - [TEST_STEP][PASSED] - s = getText(findTestObject("1. Constant/xpath", ["xpath":"//*[@id="kt_header"]/div/div[2]/div[1]/span"])): Text of object 'Object Repository/1. Constant/xpath' is: 'Currently logged as Jaswant EDUNGo back to my account'

2022-06-09 21:41:07 - [MESSAGE][PASSED] - Text of object 'Object Repository/1. Constant/xpath' is: 'Currently logged as Jaswant EDUNGo back to my account'

2022-06-09 21:41:07 - [TEST_STEP][PASSED] - I.print("msg " + s): null

2022-06-09 21:41:07 - [TEST_STEP][PASSED] - click(findTestObject("1. Constant/xpath", ["xpath":"//*[@id="kt_header"]/div/div[2]/div[1]/span/a"])): Object: 'Object Repository/1. Constant/xpath' is clicked on

2022-06-09 21:41:13 - [MESSAGE][PASSED] - Object: 'Object Repository/1. Constant/xpath' is clicked on

2022-06-09 21:41:13 - [TEST_STEP][PASSED] - delay(1): Delayed 1 second(s)

2022-06-09 21:41:14 - [MESSAGE][PASSED] - Delayed 1 second(s)

2022-06-09 21:41:14 - [TEST_STEP][PASSED] - takeScreenshot(): Taking screenshot successfully

2022-06-09 21:41:14 - [MESSAGE][PASSED] - Taking screenshot successfully
[[ATTACHMENT|D:\\Projet Test Auto\\Mediabox Test Automation\\Reports\\20220609_181011\\03. Parallel Testing (Testing)\\TS -PT PART 3\\13 Tag StarPack Dreyers Out of Office\\20220609_181119\\1654803674330.png]]

2022-06-09 21:41:14 - [TEST_STEP][PASSED] - I.VerifyMatchText("//*[@id="kt_header"]/div/div[2]/div[2]/div[1]/div/span/span", "Admin"): Actual text 'Admin' and expected text 'Admin' are matched 

2022-06-09 21:41:14 - [MESSAGE][PASSED] - Text of object 'Object Repository/1. Constant/xpath' is: 'Admin'

2022-06-09 21:41:15 - [MESSAGE][PASSED] - Delayed 1 second(s)

2022-06-09 21:41:15 - [MESSAGE][PASSED] - Actual text 'Admin' and expected text 'Admin' are matched 

2022-06-09 21:41:15 - [TEST_STEP][PASSED] - acdel = getAttribute(findTestObject("1. Constant/xpath", ["xpath":"//*[@id="kt_header"]/div/div[2]/div[2]/div[1]/div/span/img"]), "class"): Attribute 'class' of object 'Object Repository/1. Constant/xpath' is: 'avatar-circle-small active-delegation'

2022-06-09 21:41:16 - [MESSAGE][PASSED] - Attribute 'class' of object 'Object Repository/1. Constant/xpath' is: 'avatar-circle-small active-delegation'

2022-06-09 21:41:16 - [TEST_STEP][PASSED] - verifyMatch(acdel, "avatar-circle-small active-delegation", false): Actual text 'avatar-circle-small active-delegation' and expected text 'avatar-circle-small active-delegation' are matched 

2022-06-09 21:41:16 - [MESSAGE][PASSED] - Actual text 'avatar-circle-small active-delegation' and expected text 'avatar-circle-small active-delegation' are matched 

2022-06-09 21:41:16 - [TEST_STEP][PASSED] - click(findTestObject("1. Constant/xpath", ["xpath":"//*[@id="kt_header"]/div/div[2]/div[2]/div[1]/div/span/img"])): Object: 'Object Repository/1. Constant/xpath' is clicked on

2022-06-09 21:41:17 - [MESSAGE][PASSED] - Object: 'Object Repository/1. Constant/xpath' is clicked on

2022-06-09 21:41:17 - [TEST_STEP][PASSED] - delay(1): Delayed 1 second(s)

2022-06-09 21:41:18 - [MESSAGE][PASSED] - Delayed 1 second(s)

2022-06-09 21:41:18 - [TEST_STEP][PASSED] - I.VerifyMatchText("//*[@id="kt_header"]/div/div[2]/div[2]/div[2]/div", "Accounts delegated to me"): Actual text 'Accounts delegated to me' and expected text 'Accounts delegated to me' are matched 

2022-06-09 21:41:18 - [MESSAGE][PASSED] - Text of object 'Object Repository/1. Constant/xpath' is: 'Accounts delegated to me'

2022-06-09 21:41:19 - [MESSAGE][PASSED] - Delayed 1 second(s)

2022-06-09 21:41:19 - [MESSAGE][PASSED] - Actual text 'Accounts delegated to me' and expected text 'Accounts delegated to me' are matched 

2022-06-09 21:41:19 - [TEST_STEP][PASSED] - I.VerifyMatchText("//*[@id="kt_header"]/div/div[2]/div[2]/div[2]/a[1]/div", "Switch account" + "
" + "Jaswant EDUN"): Actual text 'Switch account
Jaswant EDUN' and expected text 'Switch account
Jaswant EDUN' are matched 

2022-06-09 21:41:19 - [MESSAGE][PASSED] - Text of object 'Object Repository/1. Constant/xpath' is: 'Switch account
Jaswant EDUN'

2022-06-09 21:41:20 - [MESSAGE][PASSED] - Delayed 1 second(s)

2022-06-09 21:41:20 - [MESSAGE][PASSED] - Actual text 'Switch account
Jaswant EDUN' and expected text 'Switch account
Jaswant EDUN' are matched 

2022-06-09 21:41:20 - [TEST_STEP][PASSED] - I.VerifyMatchText("//*[@id="kt_header"]/div/div[2]/div[2]/div[2]/a[1]/span", "0"): Actual text '0' and expected text '0' are matched 

2022-06-09 21:41:20 - [MESSAGE][PASSED] - Text of object 'Object Repository/1. Constant/xpath' is: '0'

2022-06-09 21:41:21 - [MESSAGE][PASSED] - Delayed 1 second(s)

2022-06-09 21:41:21 - [MESSAGE][PASSED] - Actual text '0' and expected text '0' are matched 

2022-06-09 21:41:21 - [TEST_STEP][PASSED] - delay(1): Delayed 1 second(s)

2022-06-09 21:41:22 - [MESSAGE][PASSED] - Delayed 1 second(s)

2022-06-09 21:41:22 - [TEST_STEP][PASSED] - click(findTestObject("1. Constant/xpath", ["xpath":"//*[@id="kt_header"]/div/div[2]/div[2]/div[2]/a[2]"])): Object: 'Object Repository/1. Constant/xpath' is clicked on

2022-06-09 21:41:26 - [MESSAGE][PASSED] - Object: 'Object Repository/1. Constant/xpath' is clicked on

2022-06-09 21:41:26 - [TEST_STEP][PASSED] - I.Pagedown(): Execute JavaScript 'window.scrollTo(0, document.body.scrollHeight)' successfully

2022-06-09 21:41:26 - [MESSAGE][PASSED] - Execute JavaScript 'window.scrollTo(0, document.body.scrollHeight)' successfully

2022-06-09 21:41:26 - [TEST_STEP][PASSED] - delay(1): Delayed 1 second(s)

2022-06-09 21:41:27 - [MESSAGE][PASSED] - Delayed 1 second(s)

2022-06-09 21:41:27 - [TEST_STEP][PASSED] - I.VerifyMatchText("//*[@id="delegationSettings"]/div[2]/div[4]/table/tbody/tr/td[2]/div", "Jaswant EDUN"): Actual text 'Jaswant EDUN' and expected text 'Jaswant EDUN' are matched 

2022-06-09 21:41:27 - [MESSAGE][PASSED] - Text of object 'Object Repository/1. Constant/xpath' is: 'Jaswant EDUN'

2022-06-09 21:41:28 - [MESSAGE][PASSED] - Delayed 1 second(s)

2022-06-09 21:41:28 - [MESSAGE][PASSED] - Actual text 'Jaswant EDUN' and expected text 'Jaswant EDUN' are matched 

2022-06-09 21:41:28 - [TEST_STEP][PASSED] - click(findTestObject("1. Constant/xpath", ["xpath":"//*[@id="kt_header"]/div/div[2]/div[2]/div[1]/div/span/img"])): Object: 'Object Repository/1. Constant/xpath' is clicked on

2022-06-09 21:41:29 - [MESSAGE][PASSED] - Object: 'Object Repository/1. Constant/xpath' is clicked on

2022-06-09 21:41:29 - [TEST_STEP][PASSED] - click(findTestObject("1. Constant/xpath", ["xpath":"//*[@id="kt_header"]/div/div[2]/div[2]/div[2]/a[1]"])): Object: 'Object Repository/1. Constant/xpath' is clicked on

2022-06-09 21:41:33 - [MESSAGE][PASSED] - Object: 'Object Repository/1. Constant/xpath' is clicked on

2022-06-09 21:41:33 - [TEST_STEP][PASSED] - delay(1): Delayed 1 second(s)

2022-06-09 21:41:34 - [MESSAGE][PASSED] - Delayed 1 second(s)

2022-06-09 21:41:34 - [TEST_STEP][PASSED] - takeScreenshot(): Taking screenshot successfully

2022-06-09 21:41:34 - [MESSAGE][PASSED] - Taking screenshot successfully
[[ATTACHMENT|D:\\Projet Test Auto\\Mediabox Test Automation\\Reports\\20220609_181011\\03. Parallel Testing (Testing)\\TS -PT PART 3\\13 Tag StarPack Dreyers Out of Office\\20220609_181119\\1654803694388.png]]

2022-06-09 21:41:34 - [TEST_STEP][PASSED] - I.VerifyMatchText("//*[@id="kt_header"]/div/div[2]/div[1]/span", "Currently logged as Jaswant EDUNGo back to my account"): Actual text 'Currently logged as Jaswant EDUNGo back to my account' and expected text 'Currently logged as Jaswant EDUNGo back to my account' are matched 

2022-06-09 21:41:35 - [MESSAGE][PASSED] - Text of object 'Object Repository/1. Constant/xpath' is: 'Currently logged as Jaswant EDUNGo back to my account'

2022-06-09 21:41:36 - [MESSAGE][PASSED] - Delayed 1 second(s)

2022-06-09 21:41:36 - [MESSAGE][PASSED] - Actual text 'Currently logged as Jaswant EDUNGo back to my account' and expected text 'Currently logged as Jaswant EDUNGo back to my account' are matched 

2022-06-09 21:41:36 - [TEST_STEP][PASSED] - delay(1): Delayed 1 second(s)

2022-06-09 21:41:37 - [MESSAGE][PASSED] - Delayed 1 second(s)

2022-06-09 21:41:37 - [TEST_STEP][PASSED] - I.click_button_javascriptS("/html/body/div[1]/div[2]/div[1]/div/div[2]/div[3]/div[1]"): Execute JavaScript 'arguments[0].click()' successfully

2022-06-09 21:41:37 - [MESSAGE][PASSED] - Execute JavaScript 'arguments[0].click()' successfully

2022-06-09 21:41:37 - [TEST_STEP][PASSED] - delay(1): Delayed 1 second(s)

2022-06-09 21:41:38 - [MESSAGE][PASSED] - Delayed 1 second(s)

2022-06-09 21:41:38 - [TEST_STEP][PASSED] - I.click_button_javascriptS("//*[@id="kt_header"]/div/div[2]/div[3]/div[2]/a[2]"): Execute JavaScript 'arguments[0].click()' successfully

2022-06-09 21:41:42 - [MESSAGE][PASSED] - Execute JavaScript 'arguments[0].click()' successfully

2022-06-09 21:41:42 - [TEST_STEP][PASSED] - I.Login_password("suser", password_suser): Object: 'Object Repository/1. Constant/xpath' is clicked on

2022-06-09 21:41:42 - [MESSAGE][PASSED] - Text 'suser' is set on object 'Object Repository/1. Constant/xpath'

2022-06-09 21:41:43 - [MESSAGE][PASSED] - Delayed 1 second(s)

2022-06-09 21:41:44 - [MESSAGE][PASSED] - Text 'dchi' is set on object 'Object Repository/1. Constant/xpath'

2022-06-09 21:41:45 - [MESSAGE][PASSED] - Delayed 1 second(s)

2022-06-09 21:41:48 - [MESSAGE][PASSED] - Object: 'Object Repository/1. Constant/xpath' is clicked on

2022-06-09 21:41:48 - [TEST_STEP][PASSED] - click(findTestObject("1. Constant/xpath", ["xpath":"//*[@id="kt_header"]/div/div[2]/div[2]/div[1]/div/span/img"])): Object: 'Object Repository/1. Constant/xpath' is clicked on

2022-06-09 21:41:49 - [MESSAGE][PASSED] - Object: 'Object Repository/1. Constant/xpath' is clicked on

2022-06-09 21:41:49 - [TEST_STEP][PASSED] - click(findTestObject("1. Constant/xpath", ["xpath":"//*[@id="kt_header"]/div/div[2]/div[2]/div[2]/a[1]"])): Object: 'Object Repository/1. Constant/xpath' is clicked on

2022-06-09 21:41:54 - [MESSAGE][PASSED] - Object: 'Object Repository/1. Constant/xpath' is clicked on

2022-06-09 21:41:54 - [TEST_STEP][PASSED] - delay(1): Delayed 1 second(s)

2022-06-09 21:41:55 - [MESSAGE][PASSED] - Delayed 1 second(s)

2022-06-09 21:41:55 - [TEST_STEP][PASSED] - takeScreenshot(): Taking screenshot successfully

2022-06-09 21:41:55 - [MESSAGE][PASSED] - Taking screenshot successfully
[[ATTACHMENT|D:\\Projet Test Auto\\Mediabox Test Automation\\Reports\\20220609_181011\\03. Parallel Testing (Testing)\\TS -PT PART 3\\13 Tag StarPack Dreyers Out of Office\\20220609_181119\\1654803715380.png]]

2022-06-09 21:41:55 - [TEST_STEP][PASSED] - I.VerifyMatchText("//*[@id="kt_header"]/div/div[2]/div[1]/span", "Currently logged as Jaswant EDUNGo back to my account"): Actual text 'Currently logged as Jaswant EDUNGo back to my account' and expected text 'Currently logged as Jaswant EDUNGo back to my account' are matched 

2022-06-09 21:41:56 - [MESSAGE][PASSED] - Text of object 'Object Repository/1. Constant/xpath' is: 'Currently logged as Jaswant EDUNGo back to my account'

2022-06-09 21:41:57 - [MESSAGE][PASSED] - Delayed 1 second(s)

2022-06-09 21:41:57 - [MESSAGE][PASSED] - Actual text 'Currently logged as Jaswant EDUNGo back to my account' and expected text 'Currently logged as Jaswant EDUNGo back to my account' are matched 

2022-06-09 21:41:57 - [TEST_STEP][PASSED] - I.Logout_xpath("//*[@id="kt_header"]/div/div[2]/div[3]/div[1]/div/span/img", "//*[@id="kt_header"]/div/div[2]/div[3]/div[2]/a[2]"): Wait for page load successfully

2022-06-09 21:41:58 - [MESSAGE][PASSED] - Object: 'Object Repository/1. Constant/xpath' is clicked on

2022-06-09 21:41:59 - [MESSAGE][PASSED] - Delayed 1 second(s)

2022-06-09 21:42:00 - [MESSAGE][PASSED] - Object: 'Object Repository/1. Constant/xpath' is clicked on

2022-06-09 21:42:01 - [MESSAGE][PASSED] - Delayed 1 second(s)

2022-06-09 21:42:02 - [MESSAGE][PASSED] - Wait for page load successfully

2022-06-09 21:42:02 - [TEST_STEP][PASSED] - I.Login_password("jedun", password_jedun): Object: 'Object Repository/1. Constant/xpath' is clicked on

2022-06-09 21:42:02 - [MESSAGE][PASSED] - Text 'jedun' is set on object 'Object Repository/1. Constant/xpath'

2022-06-09 21:42:03 - [MESSAGE][PASSED] - Delayed 1 second(s)

2022-06-09 21:42:05 - [MESSAGE][PASSED] - Text 'dchi' is set on object 'Object Repository/1. Constant/xpath'

2022-06-09 21:42:06 - [MESSAGE][PASSED] - Delayed 1 second(s)

2022-06-09 21:42:10 - [MESSAGE][PASSED] - Object: 'Object Repository/1. Constant/xpath' is clicked on

2022-06-09 21:42:10 - [TEST_STEP][PASSED] - takeScreenshot(): Taking screenshot successfully

2022-06-09 21:42:10 - [MESSAGE][PASSED] - Taking screenshot successfully
[[ATTACHMENT|D:\\Projet Test Auto\\Mediabox Test Automation\\Reports\\20220609_181011\\03. Parallel Testing (Testing)\\TS -PT PART 3\\13 Tag StarPack Dreyers Out of Office\\20220609_181119\\1654803730056.png]]

2022-06-09 21:42:10 - [TEST_STEP][PASSED] - I.Go_to_MyProfile(): Delayed 1 second(s)

2022-06-09 21:42:10 - [MESSAGE][PASSED] - Object: 'Object Repository/1. Constant/xpath' is clicked on

2022-06-09 21:42:11 - [MESSAGE][PASSED] - Delayed 1 second(s)

2022-06-09 21:42:13 - [MESSAGE][PASSED] - Object: 'Object Repository/1. Constant/xpath' is clicked on

2022-06-09 21:42:14 - [MESSAGE][PASSED] - Delayed 1 second(s)

2022-06-09 21:42:14 - [TEST_STEP][PASSED] - click(findTestObject("1. Constant/xpath", ["xpath":"/html/body/div[1]/div[2]/div[4]/div[3]/div/div/div/form/div[2]/div[2]/div[2]/div[2]/table/tbody/tr/td[6]/button[1]"])): Object: 'Object Repository/1. Constant/xpath' is clicked on

2022-06-09 21:42:16 - [MESSAGE][PASSED] - Object: 'Object Repository/1. Constant/xpath' is clicked on

2022-06-09 21:42:16 - [TEST_STEP][PASSED] - delay(1): Delayed 1 second(s)

2022-06-09 21:42:17 - [MESSAGE][PASSED] - Delayed 1 second(s)

2022-06-09 21:42:17 - [TEST_STEP][PASSED] - click(findTestObject("1. Constant/xpath", ["xpath":"//*[@id="ModifierUser"]/div[1]/div/button"])): Object: 'Object Repository/1. Constant/xpath' is clicked on

2022-06-09 21:42:19 - [MESSAGE][PASSED] - Object: 'Object Repository/1. Constant/xpath' is clicked on

2022-06-09 21:42:19 - [TEST_STEP][PASSED] - delay(1): Delayed 1 second(s)

2022-06-09 21:42:20 - [MESSAGE][PASSED] - Delayed 1 second(s)

2022-06-09 21:42:20 - [TEST_STEP][PASSED] - I.Logout_xpath("//*[@id="kt_header"]/div/div[2]/div[2]/div[1]/div/span/img", "//*[@id="kt_header"]/div/div[2]/div[2]/div[2]/a[3]"): Wait for page load successfully

2022-06-09 21:42:20 - [MESSAGE][PASSED] - Object: 'Object Repository/1. Constant/xpath' is clicked on

2022-06-09 21:42:21 - [MESSAGE][PASSED] - Delayed 1 second(s)

2022-06-09 21:42:23 - [MESSAGE][PASSED] - Object: 'Object Repository/1. Constant/xpath' is clicked on

2022-06-09 21:42:24 - [MESSAGE][PASSED] - Delayed 1 second(s)

2022-06-09 21:42:24 - [MESSAGE][PASSED] - Wait for page load successfully

2022-06-09 21:42:24 - [TEST_STEP][PASSED] - I.Login_password("suser", password_suser): Object: 'Object Repository/1. Constant/xpath' is clicked on

2022-06-09 21:42:24 - [MESSAGE][PASSED] - Text 'suser' is set on object 'Object Repository/1. Constant/xpath'

2022-06-09 21:42:25 - [MESSAGE][PASSED] - Delayed 1 second(s)

2022-06-09 21:42:27 - [MESSAGE][PASSED] - Text 'dchi' is set on object 'Object Repository/1. Constant/xpath'

2022-06-09 21:42:28 - [MESSAGE][PASSED] - Delayed 1 second(s)

2022-06-09 21:42:31 - [MESSAGE][PASSED] - Object: 'Object Repository/1. Constant/xpath' is clicked on

2022-06-09 21:42:31 - [TEST_STEP][PASSED] - takeScreenshot(): Taking screenshot successfully

2022-06-09 21:42:31 - [MESSAGE][PASSED] - Taking screenshot successfully
[[ATTACHMENT|D:\\Projet Test Auto\\Mediabox Test Automation\\Reports\\20220609_181011\\03. Parallel Testing (Testing)\\TS -PT PART 3\\13 Tag StarPack Dreyers Out of Office\\20220609_181119\\1654803751053.png]]

2022-06-09 21:42:31 - [TEST_STEP][PASSED] - acdel1 = getAttribute(findTestObject("1. Constant/xpath", ["xpath":"//*[@id="kt_header"]/div/div[2]/div[2]/div[1]/div/span/img"]), "class"): Attribute 'class' of object 'Object Repository/1. Constant/xpath' is: 'avatar-circle-small'

2022-06-09 21:42:31 - [MESSAGE][PASSED] - Attribute 'class' of object 'Object Repository/1. Constant/xpath' is: 'avatar-circle-small'

2022-06-09 21:42:31 - [TEST_STEP][PASSED] - verifyMatch(acdel1, "avatar-circle-small", false): Actual text 'avatar-circle-small' and expected text 'avatar-circle-small' are matched 

2022-06-09 21:42:31 - [MESSAGE][PASSED] - Actual text 'avatar-circle-small' and expected text 'avatar-circle-small' are matched 

2022-06-09 21:42:31 - [TEST_STEP][PASSED] - click(findTestObject("1. Constant/xpath", ["xpath":"//*[@id="kt_header"]/div/div[2]/div[2]/div[1]/div/span/img"])): Object: 'Object Repository/1. Constant/xpath' is clicked on

2022-06-09 21:42:31 - [MESSAGE][PASSED] - Object: 'Object Repository/1. Constant/xpath' is clicked on

2022-06-09 21:42:31 - [TEST_STEP][PASSED] - delay(1): Delayed 1 second(s)

2022-06-09 21:42:32 - [MESSAGE][PASSED] - Delayed 1 second(s)

2022-06-09 21:42:32 - [TEST_STEP][PASSED] - takeScreenshot(): Taking screenshot successfully

2022-06-09 21:42:33 - [MESSAGE][PASSED] - Taking screenshot successfully
[[ATTACHMENT|D:\\Projet Test Auto\\Mediabox Test Automation\\Reports\\20220609_181011\\03. Parallel Testing (Testing)\\TS -PT PART 3\\13 Tag StarPack Dreyers Out of Office\\20220609_181119\\1654803752891.png]]

2022-06-09 21:42:33 - [TEST_STEP][PASSED] - delay(1): Delayed 1 second(s)

2022-06-09 21:42:34 - [MESSAGE][PASSED] - Delayed 1 second(s)

2022-06-09 21:42:34 - [TEST_STEP][PASSED] - verifyTextNotPresent("Accounts delegated to me", false): Text 'Accounts delegated to me' is not present on page

2022-06-09 21:42:34 - [MESSAGE][PASSED] - Text 'Accounts delegated to me' is not present on page

2022-06-09 21:42:34 - [TEST_STEP][PASSED] - delay(1): Delayed 1 second(s)

2022-06-09 21:42:35 - [MESSAGE][PASSED] - Delayed 1 second(s)

2022-06-09 21:42:35 - [TEST_STEP][PASSED] - click(findTestObject("1. Constant/xpath", ["xpath":"//*[@id="kt_header"]/div/div[2]/div[2]/div[2]/a[1]"])): Object: 'Object Repository/1. Constant/xpath' is clicked on

2022-06-09 21:42:39 - [MESSAGE][PASSED] - Object: 'Object Repository/1. Constant/xpath' is clicked on

2022-06-09 21:42:39 - [TEST_STEP][PASSED] - verifyElementNotPresent(findTestObject("1. Constant/xpath", ["xpath":"//*[@id="delegationSettings"]/div[2]/div[4]/table/tbody/tr/td[2]/div/i"]), 2): Web element with id: 'Object Repository/1. Constant/xpath' located by 'By.xpath: //*[@id="delegationSettings"]/div[2]/div[4]/table/tbody/tr/td[2]/div/i' is not present after '2' second(s)

2022-06-09 21:42:39 - [MESSAGE][PASSED] - Web element with id: 'Object Repository/1. Constant/xpath' located by 'By.xpath: //*[@id="delegationSettings"]/div[2]/div[4]/table/tbody/tr/td[2]/div/i' is not present after '2' second(s)

2022-06-09 21:42:39 - [TEST_STEP][PASSED] - takeScreenshot(): Taking screenshot successfully

2022-06-09 21:42:40 - [MESSAGE][PASSED] - Taking screenshot successfully
[[ATTACHMENT|D:\\Projet Test Auto\\Mediabox Test Automation\\Reports\\20220609_181011\\03. Parallel Testing (Testing)\\TS -PT PART 3\\13 Tag StarPack Dreyers Out of Office\\20220609_181119\\1654803759838.png]]

2022-06-09 21:42:40 - [TEST_STEP][PASSED] - closeBrowser(): Browser is closed

2022-06-09 21:42:44 - [MESSAGE][PASSED] - Browser is closed

2022-06-09 21:42:44 - [TEST_STEP][PASSED] - Start listener action : sampleAfterTestCase: null]]></system-out>
         <system-err><![CDATA[]]></system-err>
      </testcase>
      <testcase name="Test Cases/17. Tag StarPack Out of Office (OOO)/17.04 Tag Out of Office Session (Perform Task Standard) - My Profile 17.05 P1" time="309.691" classname="Test Cases/17. Tag StarPack Out of Office (OOO)/17.04 Tag Out of Office Session (Perform Task Standard) - My Profile 17.05 P1" status="PASSED">
         <system-out><![CDATA[2022-06-09 21:42:44 - [TEST_CASE][PASSED] - Test Cases/17. Tag StarPack Out of Office (OOO)/17.04 Tag Out of Office Session (Perform Task Standard) - My Profile 17.05 P1: Test Cases/17. Tag StarPack Out of Office (OOO)/17.04 Tag Out of Office Session (Perform Task Standard) - My Profile 17.05 P1

2022-06-09 21:42:45 - [TEST_STEP][PASSED] - data_Tag = findTestData("Data Files/Username_Password/Tag"): null

2022-06-09 21:42:45 - [TEST_STEP][PASSED] - password_jedun = data_Tag.getValue(3, 1): null

2022-06-09 21:42:45 - [TEST_STEP][PASSED] - password_cbono = data_Tag.getValue(3, 11): null

2022-06-09 21:42:45 - [TEST_STEP][PASSED] - password_asch = data_Tag.getValue(3, 25): null

2022-06-09 21:42:45 - [TEST_STEP][PASSED] - data_urlRELAUTO = findTestData("Data Files/URL/URL_relauto"): null

2022-06-09 21:42:45 - [TEST_STEP][PASSED] - Url_Tag = data_urlRELAUTO.getValue(2, 3): null

2022-06-09 21:42:45 - [TEST_STEP][PASSED] - I.clearnotepad("D:\Upoad_File\Projet_ Login\Tag\17.04 Tag _Project_No\17.04_Tag_ProjectNo.txt"): null

2022-06-09 21:42:45 - [TEST_STEP][PASSED] - I.clearnotepad("D:\Upoad_File\Projet_ Login\Tag\17.04 Tag _Project_No\17.04_Tag_refID1.txt"): null

2022-06-09 21:42:45 - [TEST_STEP][PASSED] - openBrowser(Url_Tag): Browser is opened with url: 'http://mdb-release.diadeis.lan/MediaboxIndependence/?MBI_datasource=RELTESTAUTO_TAG'

2022-06-09 21:42:45 - [MESSAGE][INFO] - Starting 'Chrome (headless)' driver

2022-06-09 21:42:45 - [MESSAGE][INFO] - User set preference: ['args', '[--window-size=1920,1080, --headless]']

2022-06-09 21:42:45 - [MESSAGE][INFO] - Action delay is set to 0 milliseconds

2022-06-09 21:42:52 - [MESSAGE][PASSED] - Browser is opened with url: 'http://mdb-release.diadeis.lan/MediaboxIndependence/?MBI_datasource=RELTESTAUTO_TAG'

2022-06-09 21:42:52 - [TEST_STEP][PASSED] - maximizeWindow(): Current window maximized

2022-06-09 21:42:52 - [MESSAGE][PASSED] - Current window maximized

2022-06-09 21:42:52 - [TEST_STEP][PASSED] - delay(2): Delayed 2 second(s)

2022-06-09 21:42:54 - [MESSAGE][PASSED] - Delayed 2 second(s)

2022-06-09 21:42:54 - [TEST_STEP][PASSED] - takeScreenshot(): Taking screenshot successfully

2022-06-09 21:42:54 - [MESSAGE][PASSED] - Taking screenshot successfully
[[ATTACHMENT|D:\\Projet Test Auto\\Mediabox Test Automation\\Reports\\20220609_181011\\03. Parallel Testing (Testing)\\TS -PT PART 3\\13 Tag StarPack Dreyers Out of Office\\20220609_181119\\1654803774709.png]]

2022-06-09 21:42:54 - [TEST_STEP][PASSED] - I.Login_password("cbono", password_cbono): Object: 'Object Repository/1. Constant/xpath' is clicked on

2022-06-09 21:42:55 - [MESSAGE][PASSED] - Text 'cbono' is set on object 'Object Repository/1. Constant/xpath'

2022-06-09 21:42:56 - [MESSAGE][PASSED] - Delayed 1 second(s)

2022-06-09 21:42:56 - [MESSAGE][PASSED] - Text 'dchi' is set on object 'Object Repository/1. Constant/xpath'

2022-06-09 21:42:57 - [MESSAGE][PASSED] - Delayed 1 second(s)

2022-06-09 21:43:05 - [MESSAGE][PASSED] - Object: 'Object Repository/1. Constant/xpath' is clicked on

2022-06-09 21:43:05 - [TEST_STEP][PASSED] - task_b4_cbono = I.Get_Task_No("//*[@id="kt_header"]/div/div[2]/div[1]/div[1]/span"): Text of object 'Object Repository/1. Constant/xpath' is: '89'

2022-06-09 21:43:05 - [MESSAGE][PASSED] - Text of object 'Object Repository/1. Constant/xpath' is: '89'

2022-06-09 21:43:05 - [TEST_STEP][PASSED] - delay(1): Delayed 1 second(s)

2022-06-09 21:43:06 - [MESSAGE][PASSED] - Delayed 1 second(s)

2022-06-09 21:43:06 - [TEST_STEP][PASSED] - I.Go_to_MyProfile(): Delayed 1 second(s)

2022-06-09 21:43:07 - [MESSAGE][PASSED] - Object: 'Object Repository/1. Constant/xpath' is clicked on

2022-06-09 21:43:08 - [MESSAGE][PASSED] - Delayed 1 second(s)

2022-06-09 21:43:11 - [MESSAGE][PASSED] - Object: 'Object Repository/1. Constant/xpath' is clicked on

2022-06-09 21:43:12 - [MESSAGE][PASSED] - Delayed 1 second(s)

2022-06-09 21:43:12 - [TEST_STEP][PASSED] - takeScreenshot(): Taking screenshot successfully

2022-06-09 21:43:12 - [MESSAGE][PASSED] - Taking screenshot successfully
[[ATTACHMENT|D:\\Projet Test Auto\\Mediabox Test Automation\\Reports\\20220609_181011\\03. Parallel Testing (Testing)\\TS -PT PART 3\\13 Tag StarPack Dreyers Out of Office\\20220609_181119\\1654803792159.png]]

2022-06-09 21:43:12 - [TEST_STEP][PASSED] - click(findTestObject("1. Constant/xpath", ["xpath":"//*[@id="btn_add_delegation"]"])): Object: 'Object Repository/1. Constant/xpath' is clicked on

2022-06-09 21:43:12 - [MESSAGE][PASSED] - Object: 'Object Repository/1. Constant/xpath' is clicked on

2022-06-09 21:43:12 - [TEST_STEP][PASSED] - I.Delegate_Select_date_PreviousMonth("//*[@id="delegation_linenew1"]/td[2]/div"): Object: 'Object Repository/1. Constant/xpath' is clicked on

2022-06-09 21:43:13 - [MESSAGE][PASSED] - Object: 'Object Repository/1. Constant/xpath' is clicked on

2022-06-09 21:43:15 - [MESSAGE][PASSED] - Delayed 2 second(s)

2022-06-09 21:43:15 - [MESSAGE][PASSED] - Object: 'Object Repository/1. Constant/xpath' is clicked on

2022-06-09 21:43:16 - [MESSAGE][PASSED] - Delayed 1 second(s)

2022-06-09 21:43:16 - [MESSAGE][PASSED] - Object: 'Object Repository/1. Constant/xpath' is clicked on

2022-06-09 21:43:16 - [TEST_STEP][PASSED] - delay(2): Delayed 2 second(s)

2022-06-09 21:43:18 - [MESSAGE][PASSED] - Delayed 2 second(s)

2022-06-09 21:43:18 - [TEST_STEP][PASSED] - I.Delegate_Select_date_NextMonth("//*[@id="delegation_linenew1"]/td[4]/div"): Object: 'Object Repository/1. Constant/xpath' is clicked on

2022-06-09 21:43:20 - [MESSAGE][PASSED] - Object: 'Object Repository/1. Constant/xpath' is clicked on

2022-06-09 21:43:22 - [MESSAGE][PASSED] - Delayed 2 second(s)

2022-06-09 21:43:22 - [MESSAGE][PASSED] - Object: 'Object Repository/1. Constant/xpath' is clicked on

2022-06-09 21:43:23 - [MESSAGE][PASSED] - Delayed 1 second(s)

2022-06-09 21:43:24 - [MESSAGE][PASSED] - Object: 'Object Repository/1. Constant/xpath' is clicked on

2022-06-09 21:43:24 - [TEST_STEP][PASSED] - I.SelectFromList_Value("//*[@id="delegation_select_user_new1"]", "asch"): Delayed 2 second(s)

2022-06-09 21:43:24 - [MESSAGE][PASSED] - All options with value 'asch' are selected in object 'Object Repository/1. Constant/xpath' 

2022-06-09 21:43:26 - [MESSAGE][PASSED] - Delayed 2 second(s)

2022-06-09 21:43:26 - [TEST_STEP][PASSED] - delay(1): Delayed 1 second(s)

2022-06-09 21:43:27 - [MESSAGE][PASSED] - Delayed 1 second(s)

2022-06-09 21:43:27 - [TEST_STEP][PASSED] - click(findTestObject("1. Constant/xpath", ["xpath":"//*[@id="delegation_linenew1"]/td[7]/label"])): Object: 'Object Repository/1. Constant/xpath' is clicked on

2022-06-09 21:43:27 - [MESSAGE][PASSED] - Object: 'Object Repository/1. Constant/xpath' is clicked on

2022-06-09 21:43:27 - [TEST_STEP][PASSED] - takeScreenshot(): Taking screenshot successfully

2022-06-09 21:43:28 - [MESSAGE][PASSED] - Taking screenshot successfully
[[ATTACHMENT|D:\\Projet Test Auto\\Mediabox Test Automation\\Reports\\20220609_181011\\03. Parallel Testing (Testing)\\TS -PT PART 3\\13 Tag StarPack Dreyers Out of Office\\20220609_181119\\1654803807742.png]]

2022-06-09 21:43:28 - [TEST_STEP][PASSED] - delay(1): Delayed 1 second(s)

2022-06-09 21:43:29 - [MESSAGE][PASSED] - Delayed 1 second(s)

2022-06-09 21:43:29 - [TEST_STEP][PASSED] - click(findTestObject("1. Constant/xpath", ["xpath":"//*[@id="btn_add_delegation"]"])): Object: 'Object Repository/1. Constant/xpath' is clicked on

2022-06-09 21:43:30 - [MESSAGE][PASSED] - Object: 'Object Repository/1. Constant/xpath' is clicked on

2022-06-09 21:43:30 - [TEST_STEP][PASSED] - I.Delegate_Select_date_PreviousMonth("//*[@id="delegation_linenew2"]/td[2]/div"): Object: 'Object Repository/1. Constant/xpath' is clicked on

2022-06-09 21:43:31 - [MESSAGE][PASSED] - Object: 'Object Repository/1. Constant/xpath' is clicked on

2022-06-09 21:43:33 - [MESSAGE][PASSED] - Delayed 2 second(s)

2022-06-09 21:43:33 - [MESSAGE][PASSED] - Object: 'Object Repository/1. Constant/xpath' is clicked on

2022-06-09 21:43:34 - [MESSAGE][PASSED] - Delayed 1 second(s)

2022-06-09 21:43:34 - [MESSAGE][PASSED] - Object: 'Object Repository/1. Constant/xpath' is clicked on

2022-06-09 21:43:34 - [TEST_STEP][PASSED] - delay(1): Delayed 1 second(s)

2022-06-09 21:43:35 - [MESSAGE][PASSED] - Delayed 1 second(s)

2022-06-09 21:43:35 - [TEST_STEP][PASSED] - I.Delegate_Select_date_NextMonth("//*[@id="delegation_linenew2"]/td[4]/div"): Object: 'Object Repository/1. Constant/xpath' is clicked on

2022-06-09 21:43:36 - [MESSAGE][PASSED] - Object: 'Object Repository/1. Constant/xpath' is clicked on

2022-06-09 21:43:38 - [MESSAGE][PASSED] - Delayed 2 second(s)

2022-06-09 21:43:38 - [MESSAGE][PASSED] - Object: 'Object Repository/1. Constant/xpath' is clicked on

2022-06-09 21:43:39 - [MESSAGE][PASSED] - Delayed 1 second(s)

2022-06-09 21:43:39 - [MESSAGE][PASSED] - Object: 'Object Repository/1. Constant/xpath' is clicked on

2022-06-09 21:43:39 - [TEST_STEP][PASSED] - delay(1): Delayed 1 second(s)

2022-06-09 21:43:40 - [MESSAGE][PASSED] - Delayed 1 second(s)

2022-06-09 21:43:40 - [TEST_STEP][PASSED] - I.SelectFromList_Value("//*[@id="delegation_select_user_new2"]", "suser"): Delayed 2 second(s)

2022-06-09 21:43:41 - [MESSAGE][PASSED] - All options with value 'suser' are selected in object 'Object Repository/1. Constant/xpath' 

2022-06-09 21:43:43 - [MESSAGE][PASSED] - Delayed 2 second(s)

2022-06-09 21:43:43 - [TEST_STEP][PASSED] - click(findTestObject("1. Constant/xpath", ["xpath":"//*[@id="delegation_linenew2"]/td[7]/label"])): Object: 'Object Repository/1. Constant/xpath' is clicked on

2022-06-09 21:43:43 - [MESSAGE][PASSED] - Object: 'Object Repository/1. Constant/xpath' is clicked on

2022-06-09 21:43:43 - [TEST_STEP][PASSED] - takeScreenshot(): Taking screenshot successfully

2022-06-09 21:43:43 - [MESSAGE][PASSED] - Taking screenshot successfully
[[ATTACHMENT|D:\\Projet Test Auto\\Mediabox Test Automation\\Reports\\20220609_181011\\03. Parallel Testing (Testing)\\TS -PT PART 3\\13 Tag StarPack Dreyers Out of Office\\20220609_181119\\1654803823679.png]]

2022-06-09 21:43:43 - [TEST_STEP][PASSED] - delay(1): Delayed 1 second(s)

2022-06-09 21:43:44 - [MESSAGE][PASSED] - Delayed 1 second(s)

2022-06-09 21:43:44 - [TEST_STEP][PASSED] - click(findTestObject("1. Constant/xpath", ["xpath":"//*[@id="btn_add_delegation"]"])): Object: 'Object Repository/1. Constant/xpath' is clicked on

2022-06-09 21:43:45 - [MESSAGE][PASSED] - Object: 'Object Repository/1. Constant/xpath' is clicked on

2022-06-09 21:43:45 - [TEST_STEP][PASSED] - I.Delegate_Select_date_PreviousMonth("//*[@id="delegation_linenew3"]/td[2]/div"): Object: 'Object Repository/1. Constant/xpath' is clicked on

2022-06-09 21:43:45 - [MESSAGE][PASSED] - Object: 'Object Repository/1. Constant/xpath' is clicked on

2022-06-09 21:43:47 - [MESSAGE][PASSED] - Delayed 2 second(s)

2022-06-09 21:43:47 - [MESSAGE][PASSED] - Object: 'Object Repository/1. Constant/xpath' is clicked on

2022-06-09 21:43:48 - [MESSAGE][PASSED] - Delayed 1 second(s)

2022-06-09 21:43:48 - [MESSAGE][PASSED] - Object: 'Object Repository/1. Constant/xpath' is clicked on

2022-06-09 21:43:48 - [TEST_STEP][PASSED] - delay(2): Delayed 2 second(s)

2022-06-09 21:43:50 - [MESSAGE][PASSED] - Delayed 2 second(s)

2022-06-09 21:43:50 - [TEST_STEP][PASSED] - I.Delegate_Select_date_NextMonth("//*[@id="delegation_linenew3"]/td[4]/div"): Object: 'Object Repository/1. Constant/xpath' is clicked on

2022-06-09 21:43:51 - [MESSAGE][PASSED] - Object: 'Object Repository/1. Constant/xpath' is clicked on

2022-06-09 21:43:53 - [MESSAGE][PASSED] - Delayed 2 second(s)

2022-06-09 21:43:53 - [MESSAGE][PASSED] - Object: 'Object Repository/1. Constant/xpath' is clicked on

2022-06-09 21:43:54 - [MESSAGE][PASSED] - Delayed 1 second(s)

2022-06-09 21:43:54 - [MESSAGE][PASSED] - Object: 'Object Repository/1. Constant/xpath' is clicked on

2022-06-09 21:43:54 - [TEST_STEP][PASSED] - delay(2): Delayed 2 second(s)

2022-06-09 21:43:56 - [MESSAGE][PASSED] - Delayed 2 second(s)

2022-06-09 21:43:56 - [TEST_STEP][PASSED] - I.SelectFromList_Value("//*[@id="delegation_select_user_new3"]", "afron"): Delayed 2 second(s)

2022-06-09 21:43:56 - [MESSAGE][PASSED] - All options with value 'afron' are selected in object 'Object Repository/1. Constant/xpath' 

2022-06-09 21:43:58 - [MESSAGE][PASSED] - Delayed 2 second(s)

2022-06-09 21:43:58 - [TEST_STEP][PASSED] - click(findTestObject("1. Constant/xpath", ["xpath":"//*[@id="delegation_linenew3"]/td[7]/label"])): Object: 'Object Repository/1. Constant/xpath' is clicked on

2022-06-09 21:43:59 - [MESSAGE][PASSED] - Object: 'Object Repository/1. Constant/xpath' is clicked on

2022-06-09 21:43:59 - [TEST_STEP][PASSED] - takeScreenshot(): Taking screenshot successfully

2022-06-09 21:43:59 - [MESSAGE][PASSED] - Taking screenshot successfully
[[ATTACHMENT|D:\\Projet Test Auto\\Mediabox Test Automation\\Reports\\20220609_181011\\03. Parallel Testing (Testing)\\TS -PT PART 3\\13 Tag StarPack Dreyers Out of Office\\20220609_181119\\1654803839077.png]]

2022-06-09 21:43:59 - [TEST_STEP][PASSED] - delay(1): Delayed 1 second(s)

2022-06-09 21:44:00 - [MESSAGE][PASSED] - Delayed 1 second(s)

2022-06-09 21:44:00 - [TEST_STEP][PASSED] - I.Pagedown(): Execute JavaScript 'window.scrollTo(0, document.body.scrollHeight)' successfully

2022-06-09 21:44:00 - [MESSAGE][PASSED] - Execute JavaScript 'window.scrollTo(0, document.body.scrollHeight)' successfully

2022-06-09 21:44:00 - [TEST_STEP][PASSED] - click(findTestObject("1. Constant/xpath", ["xpath":"//*[@id="ModifierUser"]/div[3]/div/button"])): Object: 'Object Repository/1. Constant/xpath' is clicked on

2022-06-09 21:44:02 - [MESSAGE][PASSED] - Object: 'Object Repository/1. Constant/xpath' is clicked on

2022-06-09 21:44:02 - [TEST_STEP][PASSED] - I.Logout_xpath("//*[@id="kt_header"]/div/div[2]/div[2]/div[1]/div/span", "//*[@id="kt_header"]/div/div[2]/div[2]/div[2]/a[3]"): Wait for page load successfully

2022-06-09 21:44:03 - [MESSAGE][PASSED] - Object: 'Object Repository/1. Constant/xpath' is clicked on

2022-06-09 21:44:04 - [MESSAGE][PASSED] - Delayed 1 second(s)

2022-06-09 21:44:05 - [MESSAGE][PASSED] - Object: 'Object Repository/1. Constant/xpath' is clicked on

2022-06-09 21:44:06 - [MESSAGE][PASSED] - Delayed 1 second(s)

2022-06-09 21:44:06 - [MESSAGE][PASSED] - Wait for page load successfully

2022-06-09 21:44:06 - [TEST_STEP][PASSED] - delay(1): Delayed 1 second(s)

2022-06-09 21:44:07 - [MESSAGE][PASSED] - Delayed 1 second(s)

2022-06-09 21:44:07 - [TEST_STEP][PASSED] - I.Login_password("jedun", password_jedun): Object: 'Object Repository/1. Constant/xpath' is clicked on

2022-06-09 21:44:08 - [MESSAGE][PASSED] - Text 'jedun' is set on object 'Object Repository/1. Constant/xpath'

2022-06-09 21:44:09 - [MESSAGE][PASSED] - Delayed 1 second(s)

2022-06-09 21:44:09 - [MESSAGE][PASSED] - Text 'dchi' is set on object 'Object Repository/1. Constant/xpath'

2022-06-09 21:44:10 - [MESSAGE][PASSED] - Delayed 1 second(s)

2022-06-09 21:44:13 - [MESSAGE][PASSED] - Object: 'Object Repository/1. Constant/xpath' is clicked on

2022-06-09 21:44:13 - [TEST_STEP][PASSED] - click(findTestObject("1. Constant/02_LHSMenu_Projects")): Object: 'Object Repository/1. Constant/02_LHSMenu_Projects' is clicked on

2022-06-09 21:44:18 - [MESSAGE][PASSED] - Object: 'Object Repository/1. Constant/02_LHSMenu_Projects' is clicked on

2022-06-09 21:44:18 - [TEST_STEP][PASSED] - click(findTestObject("1. Constant/xpath", ["xpath":"//*[@id="kt_content"]/div[3]/div/div/div[1]/div[2]/a[1]"])): Object: 'Object Repository/1. Constant/xpath' is clicked on

2022-06-09 21:44:20 - [MESSAGE][PASSED] - Object: 'Object Repository/1. Constant/xpath' is clicked on

2022-06-09 21:44:20 - [TEST_STEP][PASSED] - delay(1): Delayed 1 second(s)

2022-06-09 21:44:21 - [MESSAGE][PASSED] - Delayed 1 second(s)

2022-06-09 21:44:21 - [TEST_STEP][PASSED] - takeScreenshot(): Taking screenshot successfully

2022-06-09 21:44:21 - [MESSAGE][PASSED] - Taking screenshot successfully
[[ATTACHMENT|D:\\Projet Test Auto\\Mediabox Test Automation\\Reports\\20220609_181011\\03. Parallel Testing (Testing)\\TS -PT PART 3\\13 Tag StarPack Dreyers Out of Office\\20220609_181119\\1654803861538.png]]

2022-06-09 21:44:21 - [TEST_STEP][PASSED] - I.SelectFromList_Value("//*[@id="project_template"]", "11"): Delayed 2 second(s)

2022-06-09 21:44:22 - [MESSAGE][PASSED] - All options with value '11' are selected in object 'Object Repository/1. Constant/xpath' 

2022-06-09 21:44:24 - [MESSAGE][PASSED] - Delayed 2 second(s)

2022-06-09 21:44:24 - [TEST_STEP][PASSED] - click(findTestObject("1. Constant/xpath", ["xpath":"//*[@id="ModifFiche"]/div[3]/div/button"])): Object: 'Object Repository/1. Constant/xpath' is clicked on

2022-06-09 21:44:30 - [MESSAGE][PASSED] - Object: 'Object Repository/1. Constant/xpath' is clicked on

2022-06-09 21:44:30 - [TEST_STEP][PASSED] - delay(2): Delayed 2 second(s)

2022-06-09 21:44:32 - [MESSAGE][PASSED] - Delayed 2 second(s)

2022-06-09 21:44:32 - [TEST_STEP][PASSED] - takeScreenshot(): Taking screenshot successfully

2022-06-09 21:44:32 - [MESSAGE][PASSED] - Taking screenshot successfully
[[ATTACHMENT|D:\\Projet Test Auto\\Mediabox Test Automation\\Reports\\20220609_181011\\03. Parallel Testing (Testing)\\TS -PT PART 3\\13 Tag StarPack Dreyers Out of Office\\20220609_181119\\1654803872709.png]]

2022-06-09 21:44:32 - [TEST_STEP][PASSED] - Project_name = "AutoTest_Tag_Outofoffice_" + RandomStringUtils.randomAlphanumeric(10) + "_" + I.gettimedate(): null

2022-06-09 21:44:33 - [TEST_STEP][PASSED] - setText(findTestObject("1. Constant/xpath", ["xpath":"//*[@id="var_141"]"]), Project_name): Text 'AutoTest_Tag_Outofoffice_2onFIELDkA_juin092022_214433' is set on object 'Object Repository/1. Constant/xpath'

2022-06-09 21:44:33 - [MESSAGE][PASSED] - Text 'AutoTest_Tag_Outofoffice_2onFIELDkA_juin092022_214433' is set on object 'Object Repository/1. Constant/xpath'

2022-06-09 21:44:33 - [TEST_STEP][PASSED] - I.SelectFromList_Value("//*[@id="var_12"]", "1025"): Delayed 2 second(s)

2022-06-09 21:44:33 - [MESSAGE][PASSED] - All options with value '1025' are selected in object 'Object Repository/1. Constant/xpath' 

2022-06-09 21:44:35 - [MESSAGE][PASSED] - Delayed 2 second(s)

2022-06-09 21:44:35 - [TEST_STEP][PASSED] - I.SelectFromList_Value("//*[@id="var_116"]", "1070"): Delayed 2 second(s)

2022-06-09 21:44:35 - [MESSAGE][PASSED] - All options with value '1070' are selected in object 'Object Repository/1. Constant/xpath' 

2022-06-09 21:44:37 - [MESSAGE][PASSED] - Delayed 2 second(s)

2022-06-09 21:44:37 - [TEST_STEP][PASSED] - I.SelectFromList_Value("//*[@id="var_262"]", "16352"): Delayed 2 second(s)

2022-06-09 21:44:38 - [MESSAGE][PASSED] - All options with value '16352' are selected in object 'Object Repository/1. Constant/xpath' 

2022-06-09 21:44:40 - [MESSAGE][PASSED] - Delayed 2 second(s)

2022-06-09 21:44:40 - [TEST_STEP][PASSED] - setText(findTestObject("1. Constant/xpath", ["xpath":"//*[@id="var_14"]"]), "10/10/2020"): Text '10/10/2020' is set on object 'Object Repository/1. Constant/xpath'

2022-06-09 21:44:40 - [MESSAGE][PASSED] - Text '10/10/2020' is set on object 'Object Repository/1. Constant/xpath'

2022-06-09 21:44:40 - [TEST_STEP][PASSED] - I.SelectFromList_Value("//*[@id="var_15"]", "19"): Delayed 2 second(s)

2022-06-09 21:44:40 - [MESSAGE][PASSED] - All options with value '19' are selected in object 'Object Repository/1. Constant/xpath' 

2022-06-09 21:44:42 - [MESSAGE][PASSED] - Delayed 2 second(s)

2022-06-09 21:44:42 - [TEST_STEP][PASSED] - delay(1): Delayed 1 second(s)

2022-06-09 21:44:43 - [MESSAGE][PASSED] - Delayed 1 second(s)

2022-06-09 21:44:43 - [TEST_STEP][PASSED] - I.SelectFromList_Value("//*[@id="var_16"]", "716"): Delayed 2 second(s)

2022-06-09 21:44:44 - [MESSAGE][PASSED] - All options with value '716' are selected in object 'Object Repository/1. Constant/xpath' 

2022-06-09 21:44:46 - [MESSAGE][PASSED] - Delayed 2 second(s)

2022-06-09 21:44:46 - [TEST_STEP][PASSED] - delay(1): Delayed 1 second(s)

2022-06-09 21:44:47 - [MESSAGE][PASSED] - Delayed 1 second(s)

2022-06-09 21:44:47 - [TEST_STEP][PASSED] - I.SelectFromList_Value("//*[@id="var_17"]", "14518"): Delayed 2 second(s)

2022-06-09 21:44:47 - [MESSAGE][PASSED] - All options with value '14518' are selected in object 'Object Repository/1. Constant/xpath' 

2022-06-09 21:44:49 - [MESSAGE][PASSED] - Delayed 2 second(s)

2022-06-09 21:44:49 - [TEST_STEP][PASSED] - I.SelectFromList_Value("//*[@id="var_18"]", "14541"): Delayed 2 second(s)

2022-06-09 21:44:49 - [MESSAGE][PASSED] - All options with value '14541' are selected in object 'Object Repository/1. Constant/xpath' 

2022-06-09 21:44:51 - [MESSAGE][PASSED] - Delayed 2 second(s)

2022-06-09 21:44:51 - [TEST_STEP][PASSED] - I.SelectFromList_Value("//*[@id="var_20"]", "3773"): Delayed 2 second(s)

2022-06-09 21:44:52 - [MESSAGE][PASSED] - All options with value '3773' are selected in object 'Object Repository/1. Constant/xpath' 

2022-06-09 21:44:54 - [MESSAGE][PASSED] - Delayed 2 second(s)

2022-06-09 21:44:54 - [TEST_STEP][PASSED] - I.SelectFromList_Value("//*[@id="var_21"]", "246"): Delayed 2 second(s)

2022-06-09 21:44:54 - [MESSAGE][PASSED] - All options with value '246' are selected in object 'Object Repository/1. Constant/xpath' 

2022-06-09 21:44:56 - [MESSAGE][PASSED] - Delayed 2 second(s)

2022-06-09 21:44:56 - [TEST_STEP][PASSED] - I.SelectFromList_Value("//*[@id="var_22"]", "3853"): Delayed 2 second(s)

2022-06-09 21:44:57 - [MESSAGE][PASSED] - All options with value '3853' are selected in object 'Object Repository/1. Constant/xpath' 

2022-06-09 21:44:59 - [MESSAGE][PASSED] - Delayed 2 second(s)

2022-06-09 21:44:59 - [TEST_STEP][PASSED] - I.SelectFromList_Value("//*[@id="selSource_23"]", "cbono"): Delayed 2 second(s)

2022-06-09 21:45:00 - [MESSAGE][PASSED] - All options with value 'cbono' are selected in object 'Object Repository/1. Constant/xpath' 

2022-06-09 21:45:02 - [MESSAGE][PASSED] - Delayed 2 second(s)

2022-06-09 21:45:02 - [TEST_STEP][PASSED] - I.select_multiplelist("//*[@id="selSource_23"]", "//*[@id="btnAdd_23"]", "mengli"): Delayed 1 second(s)

2022-06-09 21:45:03 - [MESSAGE][PASSED] - Delayed 1 second(s)

2022-06-09 21:45:04 - [MESSAGE][PASSED] - All options with value 'mengli' are selected in object 'Object Repository/1. Constant/xpath' 

2022-06-09 21:45:06 - [MESSAGE][PASSED] - Delayed 2 second(s)

2022-06-09 21:45:06 - [MESSAGE][PASSED] - Object: 'Object Repository/1. Constant/xpath' is clicked on

2022-06-09 21:45:07 - [MESSAGE][PASSED] - Delayed 1 second(s)

2022-06-09 21:45:07 - [TEST_STEP][PASSED] - delay(1): Delayed 1 second(s)

2022-06-09 21:45:08 - [MESSAGE][PASSED] - Delayed 1 second(s)

2022-06-09 21:45:08 - [TEST_STEP][PASSED] - I.select_multiplelist("//*[@id="selSource_24"]", "//*[@id="btnAdd_24"]", "bmartin"): Delayed 1 second(s)

2022-06-09 21:45:09 - [MESSAGE][PASSED] - Delayed 1 second(s)

2022-06-09 21:45:09 - [MESSAGE][PASSED] - All options with value 'bmartin' are selected in object 'Object Repository/1. Constant/xpath' 

2022-06-09 21:45:11 - [MESSAGE][PASSED] - Delayed 2 second(s)

2022-06-09 21:45:12 - [MESSAGE][PASSED] - Object: 'Object Repository/1. Constant/xpath' is clicked on

2022-06-09 21:45:13 - [MESSAGE][PASSED] - Delayed 1 second(s)

2022-06-09 21:45:13 - [TEST_STEP][PASSED] - delay(3): Delayed 3 second(s)

2022-06-09 21:45:16 - [MESSAGE][PASSED] - Delayed 3 second(s)

2022-06-09 21:45:16 - [TEST_STEP][PASSED] - click(findTestObject("HL Full Lifecycle/5 ModifyProjPage_button_Update")): Object: 'Object Repository/HL Full Lifecycle/5 ModifyProjPage_button_Update' is clicked on

2022-06-09 21:45:21 - [MESSAGE][PASSED] - Object: 'Object Repository/HL Full Lifecycle/5 ModifyProjPage_button_Update' is clicked on

2022-06-09 21:45:21 - [TEST_STEP][PASSED] - delay(10): Delayed 10 second(s)

2022-06-09 21:45:31 - [MESSAGE][PASSED] - Delayed 10 second(s)

2022-06-09 21:45:31 - [TEST_STEP][PASSED] - Project_No = I.ProjectNo(): Current window's url is: 'http://mdb-release.diadeis.lan/MediaboxIndependence/Base/ExecAction?IDSession=MBI%21RELTESTAUTO_TAG%21FQWFX40WXFTTDXW0DIK6HC2MEYQRKXVI9EVUTVR1&default_action=AfficheFichesProjet&id_project=MI003409'

2022-06-09 21:45:36 - [MESSAGE][PASSED] - Delayed 5 second(s)

2022-06-09 21:45:36 - [MESSAGE][PASSED] - Current window's url is: 'http://mdb-release.diadeis.lan/MediaboxIndependence/Base/ExecAction?IDSession=MBI%21RELTESTAUTO_TAG%21FQWFX40WXFTTDXW0DIK6HC2MEYQRKXVI9EVUTVR1&default_action=AfficheFichesProjet&id_project=MI003409'

2022-06-09 21:45:36 - [TEST_STEP][PASSED] - takeScreenshot(): Taking screenshot successfully

2022-06-09 21:45:37 - [MESSAGE][PASSED] - Taking screenshot successfully
[[ATTACHMENT|D:\\Projet Test Auto\\Mediabox Test Automation\\Reports\\20220609_181011\\03. Parallel Testing (Testing)\\TS -PT PART 3\\13 Tag StarPack Dreyers Out of Office\\20220609_181119\\1654803937134.png]]

2022-06-09 21:45:37 - [TEST_STEP][PASSED] - click(findTestObject("1. Constant/xpath", ["xpath":"//*[@id="create_ref_btn"]/button"])): Object: 'Object Repository/1. Constant/xpath' is clicked on

2022-06-09 21:45:38 - [MESSAGE][PASSED] - Object: 'Object Repository/1. Constant/xpath' is clicked on

2022-06-09 21:45:38 - [TEST_STEP][PASSED] - click(findTestObject("1. Constant/xpath", ["xpath":"//*[@id="create_ref_btn"]/div/a[1]"])): Object: 'Object Repository/1. Constant/xpath' is clicked on

2022-06-09 21:45:40 - [MESSAGE][PASSED] - Object: 'Object Repository/1. Constant/xpath' is clicked on

2022-06-09 21:45:40 - [TEST_STEP][PASSED] - takeScreenshot(): Taking screenshot successfully

2022-06-09 21:45:41 - [MESSAGE][PASSED] - Taking screenshot successfully
[[ATTACHMENT|D:\\Projet Test Auto\\Mediabox Test Automation\\Reports\\20220609_181011\\03. Parallel Testing (Testing)\\TS -PT PART 3\\13 Tag StarPack Dreyers Out of Office\\20220609_181119\\1654803940894.png]]

2022-06-09 21:45:41 - [TEST_STEP][PASSED] - I.SelectFromList_Value("//*[@id="ref_type"]", "5"): Delayed 2 second(s)

2022-06-09 21:45:43 - [MESSAGE][PASSED] - All options with value '5' are selected in object 'Object Repository/1. Constant/xpath' 

2022-06-09 21:45:45 - [MESSAGE][PASSED] - Delayed 2 second(s)

2022-06-09 21:45:45 - [TEST_STEP][PASSED] - click(findTestObject("1. Constant/xpath", ["xpath":"//*[@id="ModifFiche"]/div[1]/div/button"])): Object: 'Object Repository/1. Constant/xpath' is clicked on

2022-06-09 21:45:56 - [MESSAGE][PASSED] - Object: 'Object Repository/1. Constant/xpath' is clicked on

2022-06-09 21:45:56 - [TEST_STEP][PASSED] - delay(1): Delayed 1 second(s)

2022-06-09 21:45:57 - [MESSAGE][PASSED] - Delayed 1 second(s)

2022-06-09 21:45:57 - [TEST_STEP][PASSED] - refID = I.RefID_tag(): Current window's url is: 'http://mdb-release.diadeis.lan/MediaboxIndependence/Base/ExecAction?IDSession=MBI%21RELTESTAUTO_TAG%21FQWFX40WXFTTDXW0DIK6HC2MEYQRKXVI9EVUTVR1&default_action=ModifierRef&id_project=MI003409&id_ref=24439&action_from=create_ref'

2022-06-09 21:46:02 - [MESSAGE][PASSED] - Delayed 5 second(s)

2022-06-09 21:46:02 - [MESSAGE][PASSED] - Current window's url is: 'http://mdb-release.diadeis.lan/MediaboxIndependence/Base/ExecAction?IDSession=MBI%21RELTESTAUTO_TAG%21FQWFX40WXFTTDXW0DIK6HC2MEYQRKXVI9EVUTVR1&default_action=ModifierRef&id_project=MI003409&id_ref=24439&action_from=create_ref'

2022-06-09 21:46:02 - [TEST_STEP][PASSED] - setText(findTestObject("1. Constant/xpath", ["xpath":"//*[@id="var_117"]"]), "OUTOFOFFICE_PART_1"): Text 'OUTOFOFFICE_PART_1' is set on object 'Object Repository/1. Constant/xpath'

2022-06-09 21:46:02 - [MESSAGE][PASSED] - Text 'OUTOFOFFICE_PART_1' is set on object 'Object Repository/1. Constant/xpath'

2022-06-09 21:46:02 - [TEST_STEP][PASSED] - delay(1): Delayed 1 second(s)

2022-06-09 21:46:03 - [MESSAGE][PASSED] - Delayed 1 second(s)

2022-06-09 21:46:03 - [TEST_STEP][PASSED] - I.SelectFromList_Value("//*[@id="var_57"]", "134"): Delayed 2 second(s)

2022-06-09 21:46:04 - [MESSAGE][PASSED] - All options with value '134' are selected in object 'Object Repository/1. Constant/xpath' 

2022-06-09 21:46:06 - [MESSAGE][PASSED] - Delayed 2 second(s)

2022-06-09 21:46:06 - [TEST_STEP][PASSED] - I.SelectFromList_Value("//*[@id="var_28"]", "15738"): Delayed 2 second(s)

2022-06-09 21:46:08 - [MESSAGE][PASSED] - All options with value '15738' are selected in object 'Object Repository/1. Constant/xpath' 

2022-06-09 21:46:10 - [MESSAGE][PASSED] - Delayed 2 second(s)

2022-06-09 21:46:10 - [TEST_STEP][PASSED] - setText(findTestObject("1. Constant/xpath", ["xpath":"//*[@id="var_54"]"]), "100"): Text '100' is set on object 'Object Repository/1. Constant/xpath'

2022-06-09 21:46:10 - [MESSAGE][PASSED] - Text '100' is set on object 'Object Repository/1. Constant/xpath'

2022-06-09 21:46:10 - [TEST_STEP][PASSED] - delay(1): Delayed 1 second(s)

2022-06-09 21:46:11 - [MESSAGE][PASSED] - Delayed 1 second(s)

2022-06-09 21:46:11 - [TEST_STEP][PASSED] - I.SelectFromList_Value("//*[@id="var_55"]", "122"): Delayed 2 second(s)

2022-06-09 21:46:11 - [MESSAGE][PASSED] - All options with value '122' are selected in object 'Object Repository/1. Constant/xpath' 

2022-06-09 21:46:14 - [MESSAGE][PASSED] - Delayed 2 second(s)

2022-06-09 21:46:14 - [TEST_STEP][PASSED] - I.SelectFromList_Value("//*[@id="var_50"]", "15917"): Delayed 2 second(s)

2022-06-09 21:46:15 - [MESSAGE][PASSED] - All options with value '15917' are selected in object 'Object Repository/1. Constant/xpath' 

2022-06-09 21:46:17 - [MESSAGE][PASSED] - Delayed 2 second(s)

2022-06-09 21:46:17 - [TEST_STEP][PASSED] - I.Pagedown(): Execute JavaScript 'window.scrollTo(0, document.body.scrollHeight)' successfully

2022-06-09 21:46:18 - [MESSAGE][PASSED] - Execute JavaScript 'window.scrollTo(0, document.body.scrollHeight)' successfully

2022-06-09 21:46:18 - [TEST_STEP][PASSED] - delay(1): Delayed 1 second(s)

2022-06-09 21:46:19 - [MESSAGE][PASSED] - Delayed 1 second(s)

2022-06-09 21:46:19 - [TEST_STEP][PASSED] - I.click_button_javascript(findTestObject("1. Constant/xpath", ["xpath":"//*[@id="type_save"]"])): Execute JavaScript 'arguments[0].click()' successfully

2022-06-09 21:46:26 - [MESSAGE][PASSED] - Execute JavaScript 'arguments[0].click()' successfully

2022-06-09 21:46:26 - [TEST_STEP][PASSED] - takeScreenshot(): Taking screenshot successfully

2022-06-09 21:46:28 - [MESSAGE][PASSED] - Taking screenshot successfully
[[ATTACHMENT|D:\\Projet Test Auto\\Mediabox Test Automation\\Reports\\20220609_181011\\03. Parallel Testing (Testing)\\TS -PT PART 3\\13 Tag StarPack Dreyers Out of Office\\20220609_181119\\1654803987106.png]]

2022-06-09 21:46:28 - [TEST_STEP][PASSED] - delay(5): Delayed 5 second(s)

2022-06-09 21:46:33 - [MESSAGE][PASSED] - Delayed 5 second(s)

2022-06-09 21:46:33 - [TEST_STEP][PASSED] - I.Logout(): Delayed 3 second(s)

2022-06-09 21:46:36 - [MESSAGE][PASSED] - Delayed 3 second(s)

2022-06-09 21:46:36 - [MESSAGE][PASSED] - Object: 'Object Repository/1. Constant/xpath' is clicked on

2022-06-09 21:46:39 - [MESSAGE][PASSED] - Delayed 3 second(s)

2022-06-09 21:46:41 - [MESSAGE][PASSED] - Object: 'Object Repository/1. Constant/xpath' is clicked on

2022-06-09 21:46:44 - [MESSAGE][PASSED] - Delayed 3 second(s)

2022-06-09 21:46:44 - [TEST_STEP][PASSED] - delay(1): Delayed 1 second(s)

2022-06-09 21:46:45 - [MESSAGE][PASSED] - Delayed 1 second(s)

2022-06-09 21:46:45 - [TEST_STEP][PASSED] - I.Login_password("asch", password_asch): Object: 'Object Repository/1. Constant/xpath' is clicked on

2022-06-09 21:46:46 - [MESSAGE][PASSED] - Text 'asch' is set on object 'Object Repository/1. Constant/xpath'

2022-06-09 21:46:47 - [MESSAGE][PASSED] - Delayed 1 second(s)

2022-06-09 21:46:48 - [MESSAGE][PASSED] - Text 'dchi' is set on object 'Object Repository/1. Constant/xpath'

2022-06-09 21:46:49 - [MESSAGE][PASSED] - Delayed 1 second(s)

2022-06-09 21:46:52 - [MESSAGE][PASSED] - Object: 'Object Repository/1. Constant/xpath' is clicked on

2022-06-09 21:46:52 - [TEST_STEP][PASSED] - delay(1): Delayed 1 second(s)

2022-06-09 21:46:53 - [MESSAGE][PASSED] - Delayed 1 second(s)

2022-06-09 21:46:53 - [TEST_STEP][PASSED] - takeScreenshot(): Taking screenshot successfully

2022-06-09 21:46:53 - [MESSAGE][PASSED] - Taking screenshot successfully
[[ATTACHMENT|D:\\Projet Test Auto\\Mediabox Test Automation\\Reports\\20220609_181011\\03. Parallel Testing (Testing)\\TS -PT PART 3\\13 Tag StarPack Dreyers Out of Office\\20220609_181119\\1654804013378.png]]

2022-06-09 21:46:53 - [TEST_STEP][PASSED] - click(findTestObject("1. Constant/xpath", ["xpath":"//*[@id="modal_delegations"]/div/div/div[3]/button"])): Object: 'Object Repository/1. Constant/xpath' is clicked on

2022-06-09 21:46:53 - [MESSAGE][PASSED] - Object: 'Object Repository/1. Constant/xpath' is clicked on

2022-06-09 21:46:53 - [TEST_STEP][PASSED] - delay(1): Delayed 1 second(s)

2022-06-09 21:46:54 - [MESSAGE][PASSED] - Delayed 1 second(s)

2022-06-09 21:46:54 - [TEST_STEP][PASSED] - click(findTestObject("1. Constant/xpath", ["xpath":"//*[@id="kt_header"]/div/div[2]/div[2]/div[1]/div/span/img"])): Object: 'Object Repository/1. Constant/xpath' is clicked on

2022-06-09 21:46:54 - [MESSAGE][PASSED] - Object: 'Object Repository/1. Constant/xpath' is clicked on

2022-06-09 21:46:54 - [TEST_STEP][PASSED] - taskaftercbono = I.Get_Task_No("//*[@id="kt_header"]/div/div[2]/div[2]/div[2]/a[1]/span"): Text of object 'Object Repository/1. Constant/xpath' is: '90'

2022-06-09 21:46:55 - [MESSAGE][PASSED] - Text of object 'Object Repository/1. Constant/xpath' is: '90'

2022-06-09 21:46:55 - [TEST_STEP][PASSED] - verifyEqual(task_b4_cbono + 1, taskaftercbono): Actual object '90' and expected object '90' are equal

2022-06-09 21:46:55 - [MESSAGE][PASSED] - Actual object '90' and expected object '90' are equal

2022-06-09 21:46:55 - [TEST_STEP][PASSED] - delay(1): Delayed 1 second(s)

2022-06-09 21:46:56 - [MESSAGE][PASSED] - Delayed 1 second(s)

2022-06-09 21:46:56 - [TEST_STEP][PASSED] - takeScreenshot(): Taking screenshot successfully

2022-06-09 21:46:56 - [MESSAGE][PASSED] - Taking screenshot successfully
[[ATTACHMENT|D:\\Projet Test Auto\\Mediabox Test Automation\\Reports\\20220609_181011\\03. Parallel Testing (Testing)\\TS -PT PART 3\\13 Tag StarPack Dreyers Out of Office\\20220609_181119\\1654804016050.png]]

2022-06-09 21:46:56 - [TEST_STEP][PASSED] - click(findTestObject("1. Constant/xpath", ["xpath":"//*[@id="kt_header"]/div/div[2]/div[2]/div[2]/a[1]/img"])): Object: 'Object Repository/1. Constant/xpath' is clicked on

2022-06-09 21:46:59 - [MESSAGE][PASSED] - Object: 'Object Repository/1. Constant/xpath' is clicked on

2022-06-09 21:46:59 - [TEST_STEP][PASSED] - taskaftercbono_1 = I.Get_Task_No("//*[@id="kt_header"]/div/div[2]/div[2]/div[1]/span"): Text of object 'Object Repository/1. Constant/xpath' is: '90'

2022-06-09 21:47:00 - [MESSAGE][PASSED] - Text of object 'Object Repository/1. Constant/xpath' is: '90'

2022-06-09 21:47:00 - [TEST_STEP][PASSED] - verifyEqual(taskaftercbono_1, taskaftercbono): Actual object '90' and expected object '90' are equal

2022-06-09 21:47:00 - [MESSAGE][PASSED] - Actual object '90' and expected object '90' are equal

2022-06-09 21:47:00 - [TEST_STEP][PASSED] - delay(1): Delayed 1 second(s)

2022-06-09 21:47:01 - [MESSAGE][PASSED] - Delayed 1 second(s)

2022-06-09 21:47:01 - [TEST_STEP][PASSED] - delay(1): Delayed 1 second(s)

2022-06-09 21:47:02 - [MESSAGE][PASSED] - Delayed 1 second(s)

2022-06-09 21:47:02 - [TEST_STEP][PASSED] - takeScreenshot(): Taking screenshot successfully

2022-06-09 21:47:03 - [MESSAGE][PASSED] - Taking screenshot successfully
[[ATTACHMENT|D:\\Projet Test Auto\\Mediabox Test Automation\\Reports\\20220609_181011\\03. Parallel Testing (Testing)\\TS -PT PART 3\\13 Tag StarPack Dreyers Out of Office\\20220609_181119\\1654804022892.png]]

2022-06-09 21:47:03 - [TEST_STEP][PASSED] - click(findTestObject("1. Constant/xpath", ["xpath":"//*[@id="menu_2"]/a"])): Object: 'Object Repository/1. Constant/xpath' is clicked on

2022-06-09 21:47:10 - [MESSAGE][PASSED] - Object: 'Object Repository/1. Constant/xpath' is clicked on

2022-06-09 21:47:10 - [TEST_STEP][PASSED] - I.SearchProjectNo_xpath(Project_No, "//*[@id="keynum_project"]", "//*[@id="form_filters"]/div[8]/button"): Delayed 5 second(s)

2022-06-09 21:47:11 - [MESSAGE][PASSED] - Delayed 1 second(s)

2022-06-09 21:47:11 - [MESSAGE][PASSED] - Text 'MI003409' is set on object 'Object Repository/1. Constant/xpath'

2022-06-09 21:47:14 - [MESSAGE][PASSED] - Delayed 3 second(s)

2022-06-09 21:47:14 - [MESSAGE][PASSED] - Scroll to object 'Object Repository/1. Constant/xpath' successfully

2022-06-09 21:47:20 - [MESSAGE][PASSED] - Object: 'Object Repository/1. Constant/xpath' is clicked on

2022-06-09 21:47:25 - [MESSAGE][PASSED] - Delayed 5 second(s)

2022-06-09 21:47:25 - [TEST_STEP][PASSED] - takeScreenshot(): Taking screenshot successfully

2022-06-09 21:47:26 - [MESSAGE][PASSED] - Taking screenshot successfully
[[ATTACHMENT|D:\\Projet Test Auto\\Mediabox Test Automation\\Reports\\20220609_181011\\03. Parallel Testing (Testing)\\TS -PT PART 3\\13 Tag StarPack Dreyers Out of Office\\20220609_181119\\1654804045766.png]]

2022-06-09 21:47:26 - [TEST_STEP][PASSED] - click(findTestObject("1. Constant/xpath", ["xpath":"//*[@id="source_" + refID + ""]/td[14]/a[3]"])): Object: 'Object Repository/1. Constant/xpath' is clicked on

2022-06-09 21:47:28 - [MESSAGE][PASSED] - Object: 'Object Repository/1. Constant/xpath' is clicked on

2022-06-09 21:47:28 - [TEST_STEP][PASSED] - delay(1): Delayed 1 second(s)

2022-06-09 21:47:29 - [MESSAGE][PASSED] - Delayed 1 second(s)

2022-06-09 21:47:29 - [TEST_STEP][PASSED] - takeScreenshot(): Taking screenshot successfully

2022-06-09 21:47:29 - [MESSAGE][PASSED] - Taking screenshot successfully
[[ATTACHMENT|D:\\Projet Test Auto\\Mediabox Test Automation\\Reports\\20220609_181011\\03. Parallel Testing (Testing)\\TS -PT PART 3\\13 Tag StarPack Dreyers Out of Office\\20220609_181119\\1654804049317.png]]

2022-06-09 21:47:29 - [TEST_STEP][PASSED] - click(findTestObject("1. Constant/xpath", ["xpath":"//*[@id="ModifFiche"]/div[1]/div/button[2]"])): Object: 'Object Repository/1. Constant/xpath' is clicked on

2022-06-09 21:47:37 - [MESSAGE][PASSED] - Object: 'Object Repository/1. Constant/xpath' is clicked on

2022-06-09 21:47:37 - [TEST_STEP][PASSED] - taskaftercbono_2 = I.Get_Task_No("//*[@id="kt_header"]/div/div[2]/div[2]/div[1]/span"): Text of object 'Object Repository/1. Constant/xpath' is: '89'

2022-06-09 21:47:37 - [MESSAGE][PASSED] - Text of object 'Object Repository/1. Constant/xpath' is: '89'

2022-06-09 21:47:37 - [TEST_STEP][PASSED] - verifyEqual(taskaftercbono_2, taskaftercbono - 1): Actual object '89' and expected object '89' are equal

2022-06-09 21:47:37 - [MESSAGE][PASSED] - Actual object '89' and expected object '89' are equal

2022-06-09 21:47:37 - [TEST_STEP][PASSED] - click(findTestObject("1. Constant/xpath", ["xpath":"//*[@id="source_" + refID + ""]/td[6]/a"])): Object: 'Object Repository/1. Constant/xpath' is clicked on

2022-06-09 21:47:40 - [MESSAGE][PASSED] - Object: 'Object Repository/1. Constant/xpath' is clicked on

2022-06-09 21:47:40 - [TEST_STEP][PASSED] - delay(1): Delayed 1 second(s)

2022-06-09 21:47:41 - [MESSAGE][PASSED] - Delayed 1 second(s)

2022-06-09 21:47:41 - [TEST_STEP][PASSED] - takeScreenshot(): Taking screenshot successfully

2022-06-09 21:47:41 - [MESSAGE][PASSED] - Taking screenshot successfully
[[ATTACHMENT|D:\\Projet Test Auto\\Mediabox Test Automation\\Reports\\20220609_181011\\03. Parallel Testing (Testing)\\TS -PT PART 3\\13 Tag StarPack Dreyers Out of Office\\20220609_181119\\1654804061385.png]]

2022-06-09 21:47:41 - [TEST_STEP][PASSED] - click(findTestObject("1. Constant/xpath", ["xpath":"//*[@id="kt_content"]/div[3]/div/ul/li[3]"])): Object: 'Object Repository/1. Constant/xpath' is clicked on

2022-06-09 21:47:43 - [MESSAGE][PASSED] - Object: 'Object Repository/1. Constant/xpath' is clicked on

2022-06-09 21:47:43 - [TEST_STEP][PASSED] - takeScreenshot(): Taking screenshot successfully

2022-06-09 21:47:44 - [MESSAGE][PASSED] - Taking screenshot successfully
[[ATTACHMENT|D:\\Projet Test Auto\\Mediabox Test Automation\\Reports\\20220609_181011\\03. Parallel Testing (Testing)\\TS -PT PART 3\\13 Tag StarPack Dreyers Out of Office\\20220609_181119\\1654804063830.png]]

2022-06-09 21:47:44 - [TEST_STEP][PASSED] - click(findTestObject("1. Constant/xpath", ["xpath":"/html/body/div[1]/div[2]/div[8]/div[3]/div/div[3]/div[3]/div/div/div[1]/div/div[1]/div/div[1]/div[2]/a"])): Object: 'Object Repository/1. Constant/xpath' is clicked on

2022-06-09 21:47:44 - [MESSAGE][PASSED] - Object: 'Object Repository/1. Constant/xpath' is clicked on

2022-06-09 21:47:44 - [TEST_STEP][PASSED] - delay(2): Delayed 2 second(s)

2022-06-09 21:47:46 - [MESSAGE][PASSED] - Delayed 2 second(s)

2022-06-09 21:47:46 - [TEST_STEP][PASSED] - takeScreenshot(): Taking screenshot successfully

2022-06-09 21:47:47 - [MESSAGE][PASSED] - Taking screenshot successfully
[[ATTACHMENT|D:\\Projet Test Auto\\Mediabox Test Automation\\Reports\\20220609_181011\\03. Parallel Testing (Testing)\\TS -PT PART 3\\13 Tag StarPack Dreyers Out of Office\\20220609_181119\\1654804067315.png]]

2022-06-09 21:47:47 - [TEST_STEP][PASSED] - textt = getText(findTestObject("1. Constant/xpath", ["xpath":"/html/body/div[1]/div[2]/div[8]/div[3]/div/div[3]/div[3]/div/div/div[1]/div/div[1]/div/div[2]/div[1]"])): Text of object 'Object Repository/1. Constant/xpath' is: 'Commencé 09/06/2022 21:45 / Terminé 09/06/2022 21:47 Par Alexandre Schwalberg au nom de Carole Bono'

2022-06-09 21:47:47 - [MESSAGE][PASSED] - Text of object 'Object Repository/1. Constant/xpath' is: 'Commencé 09/06/2022 21:45 / Terminé 09/06/2022 21:47 Par Alexandre Schwalberg au nom de Carole Bono'

2022-06-09 21:47:47 - [TEST_STEP][PASSED] - verifyMatch(textt, ".*Par Alexandre Schwalberg au nom de Carole Bono.*", true, STOP_ON_FAILURE): Actual text 'Commencé 09/06/2022 21:45 / Terminé 09/06/2022 21:47 Par Alexandre Schwalberg au nom de Carole Bono' and expected text '.*Par Alexandre Schwalberg au nom de Carole Bono.*' are matched  using regular expression

2022-06-09 21:47:47 - [MESSAGE][PASSED] - Actual text 'Commencé 09/06/2022 21:45 / Terminé 09/06/2022 21:47 Par Alexandre Schwalberg au nom de Carole Bono' and expected text '.*Par Alexandre Schwalberg au nom de Carole Bono.*' are matched  using regular expression

2022-06-09 21:47:47 - [TEST_STEP][PASSED] - click(findTestObject("1. Constant/xpath", ["xpath":"//*[@id="kt_header"]/div/div[2]/div[1]/span/a"])): Object: 'Object Repository/1. Constant/xpath' is clicked on

2022-06-09 21:47:50 - [MESSAGE][PASSED] - Object: 'Object Repository/1. Constant/xpath' is clicked on

2022-06-09 21:47:50 - [TEST_STEP][PASSED] - delay(2): Delayed 2 second(s)

2022-06-09 21:47:52 - [MESSAGE][PASSED] - Delayed 2 second(s)

2022-06-09 21:47:52 - [TEST_STEP][PASSED] - takeScreenshot(): Taking screenshot successfully

2022-06-09 21:47:52 - [MESSAGE][PASSED] - Taking screenshot successfully
[[ATTACHMENT|D:\\Projet Test Auto\\Mediabox Test Automation\\Reports\\20220609_181011\\03. Parallel Testing (Testing)\\TS -PT PART 3\\13 Tag StarPack Dreyers Out of Office\\20220609_181119\\1654804072762.png]]

2022-06-09 21:47:52 - [TEST_STEP][PASSED] - click(findTestObject("1. Constant/xpath", ["xpath":"//*[@id="kt_header"]/div/div[2]/div[2]/div[1]/div/span/img"])): Object: 'Object Repository/1. Constant/xpath' is clicked on

2022-06-09 21:47:53 - [MESSAGE][PASSED] - Object: 'Object Repository/1. Constant/xpath' is clicked on

2022-06-09 21:47:53 - [TEST_STEP][PASSED] - taskaftercbono_test = I.Get_Task_No("//*[@id="kt_header"]/div/div[2]/div[2]/div[2]/a[1]/span"): Text of object 'Object Repository/1. Constant/xpath' is: '89'

2022-06-09 21:47:53 - [MESSAGE][PASSED] - Text of object 'Object Repository/1. Constant/xpath' is: '89'

2022-06-09 21:47:53 - [TEST_STEP][PASSED] - verifyEqual(taskaftercbono_2, taskaftercbono_test): Actual object '89' and expected object '89' are equal

2022-06-09 21:47:53 - [MESSAGE][PASSED] - Actual object '89' and expected object '89' are equal

2022-06-09 21:47:53 - [TEST_STEP][PASSED] - I.writenotepad("D:\Upoad_File\Projet_ Login\Tag\17.04 Tag _Project_No\17.04_Tag_ProjectNo.txt", Project_No): null

2022-06-09 21:47:53 - [TEST_STEP][PASSED] - I.writenotepad("D:\Upoad_File\Projet_ Login\Tag\17.04 Tag _Project_No\17.04_Tag_refID1.txt", refID): null

2022-06-09 21:47:53 - [TEST_STEP][PASSED] - closeBrowser(): Browser is closed

2022-06-09 21:47:54 - [MESSAGE][PASSED] - Browser is closed

2022-06-09 21:47:54 - [TEST_STEP][PASSED] - Start listener action : sampleAfterTestCase: null]]></system-out>
         <system-err><![CDATA[]]></system-err>
      </testcase>
      <testcase name="Test Cases/17. Tag StarPack Out of Office (OOO)/17.05 Tag Out of Office Session (Perform Task Question) - My Profile _ 17.04 p2" time="218.325" classname="Test Cases/17. Tag StarPack Out of Office (OOO)/17.05 Tag Out of Office Session (Perform Task Question) - My Profile _ 17.04 p2" status="PASSED">
         <system-out><![CDATA[2022-06-09 21:47:54 - [TEST_CASE][PASSED] - Test Cases/17. Tag StarPack Out of Office (OOO)/17.05 Tag Out of Office Session (Perform Task Question) - My Profile _ 17.04 p2: Test Cases/17. Tag StarPack Out of Office (OOO)/17.05 Tag Out of Office Session (Perform Task Question) - My Profile _ 17.04 p2

2022-06-09 21:47:55 - [TEST_STEP][PASSED] - data_Tag = findTestData("Data Files/Username_Password/Tag"): null

2022-06-09 21:47:55 - [TEST_STEP][PASSED] - password_suser = data_Tag.getValue(3, 21): null

2022-06-09 21:47:55 - [TEST_STEP][PASSED] - password_avieu_brasseur = data_Tag.getValue(3, 23): null

2022-06-09 21:47:55 - [TEST_STEP][PASSED] - password_sguy = data_Tag.getValue(3, 24): null

2022-06-09 21:47:55 - [TEST_STEP][PASSED] - password_bmartin = data_Tag.getValue(3, 26): null

2022-06-09 21:47:55 - [TEST_STEP][PASSED] - data_urlRELAUTO = findTestData("Data Files/URL/URL_relauto"): null

2022-06-09 21:47:55 - [TEST_STEP][PASSED] - Url_Tag = data_urlRELAUTO.getValue(2, 3): null

2022-06-09 21:47:55 - [TEST_STEP][PASSED] - Project_No = I.readnotepad("D:\Upoad_File\Projet_ Login\Tag\17.04 Tag _Project_No\17.04_Tag_ProjectNo.txt"): null

2022-06-09 21:47:55 - [TEST_STEP][PASSED] - refID = I.readnotepad("D:\Upoad_File\Projet_ Login\Tag\17.04 Tag _Project_No\17.04_Tag_refID1.txt"): null

2022-06-09 21:47:55 - [TEST_STEP][PASSED] - openBrowser(Url_Tag): Browser is opened with url: 'http://mdb-release.diadeis.lan/MediaboxIndependence/?MBI_datasource=RELTESTAUTO_TAG'

2022-06-09 21:47:55 - [MESSAGE][INFO] - Starting 'Chrome (headless)' driver

2022-06-09 21:47:55 - [MESSAGE][INFO] - User set preference: ['args', '[--window-size=1920,1080, --headless]']

2022-06-09 21:47:55 - [MESSAGE][INFO] - Action delay is set to 0 milliseconds

2022-06-09 21:48:02 - [MESSAGE][PASSED] - Browser is opened with url: 'http://mdb-release.diadeis.lan/MediaboxIndependence/?MBI_datasource=RELTESTAUTO_TAG'

2022-06-09 21:48:02 - [TEST_STEP][PASSED] - maximizeWindow(): Current window maximized

2022-06-09 21:48:02 - [MESSAGE][PASSED] - Current window maximized

2022-06-09 21:48:02 - [TEST_STEP][PASSED] - takeScreenshot(): Taking screenshot successfully

2022-06-09 21:48:02 - [MESSAGE][PASSED] - Taking screenshot successfully
[[ATTACHMENT|D:\\Projet Test Auto\\Mediabox Test Automation\\Reports\\20220609_181011\\03. Parallel Testing (Testing)\\TS -PT PART 3\\13 Tag StarPack Dreyers Out of Office\\20220609_181119\\1654804082533.png]]

2022-06-09 21:48:02 - [TEST_STEP][PASSED] - I.Login_password("bmartin", password_bmartin): Object: 'Object Repository/1. Constant/xpath' is clicked on

2022-06-09 21:48:02 - [MESSAGE][PASSED] - Text 'bmartin' is set on object 'Object Repository/1. Constant/xpath'

2022-06-09 21:48:03 - [MESSAGE][PASSED] - Delayed 1 second(s)

2022-06-09 21:48:04 - [MESSAGE][PASSED] - Text 'dchi' is set on object 'Object Repository/1. Constant/xpath'

2022-06-09 21:48:05 - [MESSAGE][PASSED] - Delayed 1 second(s)

2022-06-09 21:48:12 - [MESSAGE][PASSED] - Object: 'Object Repository/1. Constant/xpath' is clicked on

2022-06-09 21:48:12 - [TEST_STEP][PASSED] - delay(1): Delayed 1 second(s)

2022-06-09 21:48:13 - [MESSAGE][PASSED] - Delayed 1 second(s)

2022-06-09 21:48:13 - [TEST_STEP][PASSED] - takeScreenshot(): Taking screenshot successfully

2022-06-09 21:48:13 - [MESSAGE][PASSED] - Taking screenshot successfully
[[ATTACHMENT|D:\\Projet Test Auto\\Mediabox Test Automation\\Reports\\20220609_181011\\03. Parallel Testing (Testing)\\TS -PT PART 3\\13 Tag StarPack Dreyers Out of Office\\20220609_181119\\1654804093518.png]]

2022-06-09 21:48:13 - [TEST_STEP][PASSED] - task_b4_bmartin = I.Get_Task_No("//*[@id="kt_header"]/div/div[2]/div[1]/div[1]/span"): Text of object 'Object Repository/1. Constant/xpath' is: '2'

2022-06-09 21:48:15 - [MESSAGE][PASSED] - Text of object 'Object Repository/1. Constant/xpath' is: '2'

2022-06-09 21:48:15 - [TEST_STEP][PASSED] - delay(1): Delayed 1 second(s)

2022-06-09 21:48:16 - [MESSAGE][PASSED] - Delayed 1 second(s)

2022-06-09 21:48:16 - [TEST_STEP][PASSED] - I.Go_to_MyProfile(): Delayed 1 second(s)

2022-06-09 21:48:16 - [MESSAGE][PASSED] - Object: 'Object Repository/1. Constant/xpath' is clicked on

2022-06-09 21:48:17 - [MESSAGE][PASSED] - Delayed 1 second(s)

2022-06-09 21:48:18 - [MESSAGE][PASSED] - Object: 'Object Repository/1. Constant/xpath' is clicked on

2022-06-09 21:48:19 - [MESSAGE][PASSED] - Delayed 1 second(s)

2022-06-09 21:48:19 - [TEST_STEP][PASSED] - takeScreenshot(): Taking screenshot successfully

2022-06-09 21:48:20 - [MESSAGE][PASSED] - Taking screenshot successfully
[[ATTACHMENT|D:\\Projet Test Auto\\Mediabox Test Automation\\Reports\\20220609_181011\\03. Parallel Testing (Testing)\\TS -PT PART 3\\13 Tag StarPack Dreyers Out of Office\\20220609_181119\\1654804099732.png]]

2022-06-09 21:48:20 - [TEST_STEP][PASSED] - click(findTestObject("1. Constant/xpath", ["xpath":"//*[@id="btn_add_delegation"]"])): Object: 'Object Repository/1. Constant/xpath' is clicked on

2022-06-09 21:48:20 - [MESSAGE][PASSED] - Object: 'Object Repository/1. Constant/xpath' is clicked on

2022-06-09 21:48:20 - [TEST_STEP][PASSED] - I.Delegate_Select_date_PreviousMonth("//*[@id="delegation_linenew1"]/td[2]/div"): Object: 'Object Repository/1. Constant/xpath' is clicked on

2022-06-09 21:48:20 - [MESSAGE][PASSED] - Object: 'Object Repository/1. Constant/xpath' is clicked on

2022-06-09 21:48:22 - [MESSAGE][PASSED] - Delayed 2 second(s)

2022-06-09 21:48:22 - [MESSAGE][PASSED] - Object: 'Object Repository/1. Constant/xpath' is clicked on

2022-06-09 21:48:23 - [MESSAGE][PASSED] - Delayed 1 second(s)

2022-06-09 21:48:24 - [MESSAGE][PASSED] - Object: 'Object Repository/1. Constant/xpath' is clicked on

2022-06-09 21:48:24 - [TEST_STEP][PASSED] - delay(1): Delayed 1 second(s)

2022-06-09 21:48:25 - [MESSAGE][PASSED] - Delayed 1 second(s)

2022-06-09 21:48:25 - [TEST_STEP][PASSED] - I.Delegate_Select_date_NextMonth("//*[@id="delegation_linenew1"]/td[4]/div"): Object: 'Object Repository/1. Constant/xpath' is clicked on

2022-06-09 21:48:25 - [MESSAGE][PASSED] - Object: 'Object Repository/1. Constant/xpath' is clicked on

2022-06-09 21:48:27 - [MESSAGE][PASSED] - Delayed 2 second(s)

2022-06-09 21:48:27 - [MESSAGE][PASSED] - Object: 'Object Repository/1. Constant/xpath' is clicked on

2022-06-09 21:48:28 - [MESSAGE][PASSED] - Delayed 1 second(s)

2022-06-09 21:48:28 - [MESSAGE][PASSED] - Object: 'Object Repository/1. Constant/xpath' is clicked on

2022-06-09 21:48:28 - [TEST_STEP][PASSED] - delay(3): Delayed 3 second(s)

2022-06-09 21:48:31 - [MESSAGE][PASSED] - Delayed 3 second(s)

2022-06-09 21:48:31 - [TEST_STEP][PASSED] - selectOptionByValue(findTestObject("1. Constant/xpath", ["xpath":"//*[@id="delegation_select_user_new1"]"]), "suser", false): All options with value 'suser' are selected in object 'Object Repository/1. Constant/xpath' 

2022-06-09 21:48:32 - [MESSAGE][PASSED] - All options with value 'suser' are selected in object 'Object Repository/1. Constant/xpath' 

2022-06-09 21:48:32 - [TEST_STEP][PASSED] - delay(1): Delayed 1 second(s)

2022-06-09 21:48:33 - [MESSAGE][PASSED] - Delayed 1 second(s)

2022-06-09 21:48:33 - [TEST_STEP][PASSED] - takeScreenshot(): Taking screenshot successfully

2022-06-09 21:48:33 - [MESSAGE][PASSED] - Taking screenshot successfully
[[ATTACHMENT|D:\\Projet Test Auto\\Mediabox Test Automation\\Reports\\20220609_181011\\03. Parallel Testing (Testing)\\TS -PT PART 3\\13 Tag StarPack Dreyers Out of Office\\20220609_181119\\1654804113467.png]]

2022-06-09 21:48:33 - [TEST_STEP][PASSED] - delay(1): Delayed 1 second(s)

2022-06-09 21:48:34 - [MESSAGE][PASSED] - Delayed 1 second(s)

2022-06-09 21:48:34 - [TEST_STEP][PASSED] - setText(findTestObject("1. Constant/xpath", ["xpath":"//*[@id="delegationSettings"]/div[2]/input"]), "Benoit martin is out of office"): Text 'Benoit martin is out of office' is set on object 'Object Repository/1. Constant/xpath'

2022-06-09 21:48:35 - [MESSAGE][PASSED] - Text 'Benoit martin is out of office' is set on object 'Object Repository/1. Constant/xpath'

2022-06-09 21:48:35 - [TEST_STEP][PASSED] - I.Pagedown(): Execute JavaScript 'window.scrollTo(0, document.body.scrollHeight)' successfully

2022-06-09 21:48:35 - [MESSAGE][PASSED] - Execute JavaScript 'window.scrollTo(0, document.body.scrollHeight)' successfully

2022-06-09 21:48:35 - [TEST_STEP][PASSED] - click(findTestObject("1. Constant/xpath", ["xpath":"//*[@id="ModifierUser"]/div[3]/div/button"])): Object: 'Object Repository/1. Constant/xpath' is clicked on

2022-06-09 21:48:38 - [MESSAGE][PASSED] - Object: 'Object Repository/1. Constant/xpath' is clicked on

2022-06-09 21:48:38 - [TEST_STEP][PASSED] - I.Logout_xpath("//*[@id="kt_header"]/div/div[2]/div[2]/div[1]/div/span", "//*[@id="kt_header"]/div/div[2]/div[2]/div[2]/a[3]"): Wait for page load successfully

2022-06-09 21:48:40 - [MESSAGE][PASSED] - Object: 'Object Repository/1. Constant/xpath' is clicked on

2022-06-09 21:48:41 - [MESSAGE][PASSED] - Delayed 1 second(s)

2022-06-09 21:48:43 - [MESSAGE][PASSED] - Object: 'Object Repository/1. Constant/xpath' is clicked on

2022-06-09 21:48:44 - [MESSAGE][PASSED] - Delayed 1 second(s)

2022-06-09 21:48:44 - [MESSAGE][PASSED] - Wait for page load successfully

2022-06-09 21:48:44 - [TEST_STEP][PASSED] - I.Login_password("sguy", password_sguy): Object: 'Object Repository/1. Constant/xpath' is clicked on

2022-06-09 21:48:45 - [MESSAGE][PASSED] - Text 'sguy' is set on object 'Object Repository/1. Constant/xpath'

2022-06-09 21:48:46 - [MESSAGE][PASSED] - Delayed 1 second(s)

2022-06-09 21:48:48 - [MESSAGE][PASSED] - Text 'dchi' is set on object 'Object Repository/1. Constant/xpath'

2022-06-09 21:48:49 - [MESSAGE][PASSED] - Delayed 1 second(s)

2022-06-09 21:48:53 - [MESSAGE][PASSED] - Object: 'Object Repository/1. Constant/xpath' is clicked on

2022-06-09 21:48:53 - [TEST_STEP][PASSED] - I.Go_to_MyProfile(): Delayed 1 second(s)

2022-06-09 21:48:53 - [MESSAGE][PASSED] - Object: 'Object Repository/1. Constant/xpath' is clicked on

2022-06-09 21:48:54 - [MESSAGE][PASSED] - Delayed 1 second(s)

2022-06-09 21:48:57 - [MESSAGE][PASSED] - Object: 'Object Repository/1. Constant/xpath' is clicked on

2022-06-09 21:48:58 - [MESSAGE][PASSED] - Delayed 1 second(s)

2022-06-09 21:48:58 - [TEST_STEP][PASSED] - takeScreenshot(): Taking screenshot successfully

2022-06-09 21:48:58 - [MESSAGE][PASSED] - Taking screenshot successfully
[[ATTACHMENT|D:\\Projet Test Auto\\Mediabox Test Automation\\Reports\\20220609_181011\\03. Parallel Testing (Testing)\\TS -PT PART 3\\13 Tag StarPack Dreyers Out of Office\\20220609_181119\\1654804138404.png]]

2022-06-09 21:48:58 - [TEST_STEP][PASSED] - click(findTestObject("1. Constant/xpath", ["xpath":"//*[@id="btn_add_delegation"]"])): Object: 'Object Repository/1. Constant/xpath' is clicked on

2022-06-09 21:48:59 - [MESSAGE][PASSED] - Object: 'Object Repository/1. Constant/xpath' is clicked on

2022-06-09 21:48:59 - [TEST_STEP][PASSED] - delay(1): Delayed 1 second(s)

2022-06-09 21:49:00 - [MESSAGE][PASSED] - Delayed 1 second(s)

2022-06-09 21:49:00 - [TEST_STEP][PASSED] - I.Delegate_Select_date_PreviousMonth("//*[@id="delegation_linenew1"]/td[2]/div"): Object: 'Object Repository/1. Constant/xpath' is clicked on

2022-06-09 21:49:00 - [MESSAGE][PASSED] - Object: 'Object Repository/1. Constant/xpath' is clicked on

2022-06-09 21:49:02 - [MESSAGE][PASSED] - Delayed 2 second(s)

2022-06-09 21:49:03 - [MESSAGE][PASSED] - Object: 'Object Repository/1. Constant/xpath' is clicked on

2022-06-09 21:49:04 - [MESSAGE][PASSED] - Delayed 1 second(s)

2022-06-09 21:49:05 - [MESSAGE][PASSED] - Object: 'Object Repository/1. Constant/xpath' is clicked on

2022-06-09 21:49:05 - [TEST_STEP][PASSED] - delay(1): Delayed 1 second(s)

2022-06-09 21:49:06 - [MESSAGE][PASSED] - Delayed 1 second(s)

2022-06-09 21:49:06 - [TEST_STEP][PASSED] - I.Delegate_Select_date_NextMonth("//*[@id="delegation_linenew1"]/td[4]/div"): Object: 'Object Repository/1. Constant/xpath' is clicked on

2022-06-09 21:49:06 - [MESSAGE][PASSED] - Object: 'Object Repository/1. Constant/xpath' is clicked on

2022-06-09 21:49:08 - [MESSAGE][PASSED] - Delayed 2 second(s)

2022-06-09 21:49:09 - [MESSAGE][PASSED] - Object: 'Object Repository/1. Constant/xpath' is clicked on

2022-06-09 21:49:10 - [MESSAGE][PASSED] - Delayed 1 second(s)

2022-06-09 21:49:10 - [MESSAGE][PASSED] - Object: 'Object Repository/1. Constant/xpath' is clicked on

2022-06-09 21:49:10 - [TEST_STEP][PASSED] - delay(1): Delayed 1 second(s)

2022-06-09 21:49:11 - [MESSAGE][PASSED] - Delayed 1 second(s)

2022-06-09 21:49:11 - [TEST_STEP][PASSED] - selectOptionByValue(findTestObject("1. Constant/xpath", ["xpath":"//*[@id="delegation_select_user_new1"]"]), "avieu_brasseur", false): All options with value 'avieu_brasseur' are selected in object 'Object Repository/1. Constant/xpath' 

2022-06-09 21:49:11 - [MESSAGE][PASSED] - All options with value 'avieu_brasseur' are selected in object 'Object Repository/1. Constant/xpath' 

2022-06-09 21:49:11 - [TEST_STEP][PASSED] - delay(1): Delayed 1 second(s)

2022-06-09 21:49:13 - [MESSAGE][PASSED] - Delayed 1 second(s)

2022-06-09 21:49:13 - [TEST_STEP][PASSED] - takeScreenshot(): Taking screenshot successfully

2022-06-09 21:49:13 - [MESSAGE][PASSED] - Taking screenshot successfully
[[ATTACHMENT|D:\\Projet Test Auto\\Mediabox Test Automation\\Reports\\20220609_181011\\03. Parallel Testing (Testing)\\TS -PT PART 3\\13 Tag StarPack Dreyers Out of Office\\20220609_181119\\1654804153045.png]]

2022-06-09 21:49:13 - [TEST_STEP][PASSED] - delay(1): Delayed 1 second(s)

2022-06-09 21:49:14 - [MESSAGE][PASSED] - Delayed 1 second(s)

2022-06-09 21:49:14 - [TEST_STEP][PASSED] - I.Pagedown(): Execute JavaScript 'window.scrollTo(0, document.body.scrollHeight)' successfully

2022-06-09 21:49:14 - [MESSAGE][PASSED] - Execute JavaScript 'window.scrollTo(0, document.body.scrollHeight)' successfully

2022-06-09 21:49:14 - [TEST_STEP][PASSED] - click(findTestObject("1. Constant/xpath", ["xpath":"//*[@id="ModifierUser"]/div[3]/div/button"])): Object: 'Object Repository/1. Constant/xpath' is clicked on

2022-06-09 21:49:17 - [MESSAGE][PASSED] - Object: 'Object Repository/1. Constant/xpath' is clicked on

2022-06-09 21:49:17 - [TEST_STEP][PASSED] - I.Logout_xpath("//*[@id="kt_header"]/div/div[2]/div[2]/div[1]/div/span", "//*[@id="kt_header"]/div/div[2]/div[2]/div[2]/a[3]"): Wait for page load successfully

2022-06-09 21:49:18 - [MESSAGE][PASSED] - Object: 'Object Repository/1. Constant/xpath' is clicked on

2022-06-09 21:49:19 - [MESSAGE][PASSED] - Delayed 1 second(s)

2022-06-09 21:49:20 - [MESSAGE][PASSED] - Object: 'Object Repository/1. Constant/xpath' is clicked on

2022-06-09 21:49:21 - [MESSAGE][PASSED] - Delayed 1 second(s)

2022-06-09 21:49:21 - [MESSAGE][PASSED] - Wait for page load successfully

2022-06-09 21:49:21 - [TEST_STEP][PASSED] - delay(1): Delayed 1 second(s)

2022-06-09 21:49:22 - [MESSAGE][PASSED] - Delayed 1 second(s)

2022-06-09 21:49:22 - [TEST_STEP][PASSED] - I.Login_password("avieu_brasseur", password_avieu_brasseur): Object: 'Object Repository/1. Constant/xpath' is clicked on

2022-06-09 21:49:22 - [MESSAGE][PASSED] - Text 'avieu_brasseur' is set on object 'Object Repository/1. Constant/xpath'

2022-06-09 21:49:23 - [MESSAGE][PASSED] - Delayed 1 second(s)

2022-06-09 21:49:24 - [MESSAGE][PASSED] - Text 'dchi' is set on object 'Object Repository/1. Constant/xpath'

2022-06-09 21:49:25 - [MESSAGE][PASSED] - Delayed 1 second(s)

2022-06-09 21:49:28 - [MESSAGE][PASSED] - Object: 'Object Repository/1. Constant/xpath' is clicked on

2022-06-09 21:49:28 - [TEST_STEP][PASSED] - takeScreenshot(): Taking screenshot successfully

2022-06-09 21:49:29 - [MESSAGE][PASSED] - Taking screenshot successfully
[[ATTACHMENT|D:\\Projet Test Auto\\Mediabox Test Automation\\Reports\\20220609_181011\\03. Parallel Testing (Testing)\\TS -PT PART 3\\13 Tag StarPack Dreyers Out of Office\\20220609_181119\\1654804168736.png]]

2022-06-09 21:49:29 - [TEST_STEP][PASSED] - click(findTestObject("1. Constant/xpath", ["xpath":"//*[@id="modal_delegations"]/div/div/div[1]/button"])): Object: 'Object Repository/1. Constant/xpath' is clicked on

2022-06-09 21:49:29 - [MESSAGE][PASSED] - Object: 'Object Repository/1. Constant/xpath' is clicked on

2022-06-09 21:49:29 - [TEST_STEP][PASSED] - click(findTestObject("1. Constant/xpath", ["xpath":"//*[@id="kt_header"]/div/div[2]/div[2]/div[1]/div/span/img"])): Object: 'Object Repository/1. Constant/xpath' is clicked on

2022-06-09 21:49:29 - [MESSAGE][PASSED] - Object: 'Object Repository/1. Constant/xpath' is clicked on

2022-06-09 21:49:29 - [TEST_STEP][PASSED] - click(findTestObject("1. Constant/xpath", ["xpath":"//*[@id="kt_header"]/div/div[2]/div[2]/div[2]/a[2]"])): Object: 'Object Repository/1. Constant/xpath' is clicked on

2022-06-09 21:49:30 - [MESSAGE][PASSED] - Object: 'Object Repository/1. Constant/xpath' is clicked on

2022-06-09 21:49:30 - [TEST_STEP][PASSED] - delay(1): Delayed 1 second(s)

2022-06-09 21:49:31 - [MESSAGE][PASSED] - Delayed 1 second(s)

2022-06-09 21:49:31 - [TEST_STEP][PASSED] - click(findTestObject("1. Constant/xpath", ["xpath":"//*[@id="delegationSettings"]/div[2]/div[4]/table/tbody/tr/td[3]/label"])): Object: 'Object Repository/1. Constant/xpath' is clicked on

2022-06-09 21:49:32 - [MESSAGE][PASSED] - Object: 'Object Repository/1. Constant/xpath' is clicked on

2022-06-09 21:49:32 - [TEST_STEP][PASSED] - delay(1): Delayed 1 second(s)

2022-06-09 21:49:33 - [MESSAGE][PASSED] - Delayed 1 second(s)

2022-06-09 21:49:33 - [TEST_STEP][PASSED] - takeScreenshot(): Taking screenshot successfully

2022-06-09 21:49:33 - [MESSAGE][PASSED] - Taking screenshot successfully
[[ATTACHMENT|D:\\Projet Test Auto\\Mediabox Test Automation\\Reports\\20220609_181011\\03. Parallel Testing (Testing)\\TS -PT PART 3\\13 Tag StarPack Dreyers Out of Office\\20220609_181119\\1654804173729.png]]

2022-06-09 21:49:33 - [TEST_STEP][PASSED] - I.Pagedown(): Execute JavaScript 'window.scrollTo(0, document.body.scrollHeight)' successfully

2022-06-09 21:49:33 - [MESSAGE][PASSED] - Execute JavaScript 'window.scrollTo(0, document.body.scrollHeight)' successfully

2022-06-09 21:49:33 - [TEST_STEP][PASSED] - click(findTestObject("1. Constant/xpath", ["xpath":"//*[@id="ModifierUser"]/div[3]/div/button"])): Object: 'Object Repository/1. Constant/xpath' is clicked on

2022-06-09 21:49:36 - [MESSAGE][PASSED] - Object: 'Object Repository/1. Constant/xpath' is clicked on

2022-06-09 21:49:36 - [TEST_STEP][PASSED] - delay(1): Delayed 1 second(s)

2022-06-09 21:49:37 - [MESSAGE][PASSED] - Delayed 1 second(s)

2022-06-09 21:49:37 - [TEST_STEP][PASSED] - I.Logout_xpath("//*[@id="kt_header"]/div/div[2]/div[2]/div[1]/div/span", "//*[@id="kt_header"]/div/div[2]/div[2]/div[2]/a[4]"): Wait for page load successfully

2022-06-09 21:49:37 - [MESSAGE][PASSED] - Object: 'Object Repository/1. Constant/xpath' is clicked on

2022-06-09 21:49:38 - [MESSAGE][PASSED] - Delayed 1 second(s)

2022-06-09 21:49:40 - [MESSAGE][PASSED] - Object: 'Object Repository/1. Constant/xpath' is clicked on

2022-06-09 21:49:41 - [MESSAGE][PASSED] - Delayed 1 second(s)

2022-06-09 21:49:41 - [MESSAGE][PASSED] - Wait for page load successfully

2022-06-09 21:49:41 - [TEST_STEP][PASSED] - delay(1): Delayed 1 second(s)

2022-06-09 21:49:42 - [MESSAGE][PASSED] - Delayed 1 second(s)

2022-06-09 21:49:42 - [TEST_STEP][PASSED] - I.Login_password("suser", password_suser): Object: 'Object Repository/1. Constant/xpath' is clicked on

2022-06-09 21:49:42 - [MESSAGE][PASSED] - Text 'suser' is set on object 'Object Repository/1. Constant/xpath'

2022-06-09 21:49:43 - [MESSAGE][PASSED] - Delayed 1 second(s)

2022-06-09 21:49:43 - [MESSAGE][PASSED] - Text 'dchi' is set on object 'Object Repository/1. Constant/xpath'

2022-06-09 21:49:44 - [MESSAGE][PASSED] - Delayed 1 second(s)

2022-06-09 21:49:48 - [MESSAGE][PASSED] - Object: 'Object Repository/1. Constant/xpath' is clicked on

2022-06-09 21:49:48 - [TEST_STEP][PASSED] - delay(1): Delayed 1 second(s)

2022-06-09 21:49:50 - [MESSAGE][PASSED] - Delayed 1 second(s)

2022-06-09 21:49:50 - [TEST_STEP][PASSED] - takeScreenshot(): Taking screenshot successfully

2022-06-09 21:49:50 - [MESSAGE][PASSED] - Taking screenshot successfully
[[ATTACHMENT|D:\\Projet Test Auto\\Mediabox Test Automation\\Reports\\20220609_181011\\03. Parallel Testing (Testing)\\TS -PT PART 3\\13 Tag StarPack Dreyers Out of Office\\20220609_181119\\1654804190018.png]]

2022-06-09 21:49:50 - [TEST_STEP][PASSED] - click(findTestObject("1. Constant/xpath", ["xpath":"//*[@id="modal_delegations"]/div/div/div[1]/button"])): Object: 'Object Repository/1. Constant/xpath' is clicked on

2022-06-09 21:49:50 - [MESSAGE][PASSED] - Object: 'Object Repository/1. Constant/xpath' is clicked on

2022-06-09 21:49:50 - [TEST_STEP][PASSED] - click(findTestObject("1. Constant/xpath", ["xpath":"//*[@id="menu_2"]/a"])): Object: 'Object Repository/1. Constant/xpath' is clicked on

2022-06-09 21:49:53 - [MESSAGE][PASSED] - Object: 'Object Repository/1. Constant/xpath' is clicked on

2022-06-09 21:49:53 - [TEST_STEP][PASSED] - I.SearchProjectNo_xpath(Project_No, "//*[@id="keynum_project"]", "//*[@id="form_filters"]/div[4]/button"): Delayed 5 second(s)

2022-06-09 21:49:54 - [MESSAGE][PASSED] - Delayed 1 second(s)

2022-06-09 21:49:55 - [MESSAGE][PASSED] - Text 'MI003409' is set on object 'Object Repository/1. Constant/xpath'

2022-06-09 21:49:58 - [MESSAGE][PASSED] - Delayed 3 second(s)

2022-06-09 21:49:58 - [MESSAGE][PASSED] - Scroll to object 'Object Repository/1. Constant/xpath' successfully

2022-06-09 21:50:03 - [MESSAGE][PASSED] - Object: 'Object Repository/1. Constant/xpath' is clicked on

2022-06-09 21:50:08 - [MESSAGE][PASSED] - Delayed 5 second(s)

2022-06-09 21:50:08 - [TEST_STEP][PASSED] - takeScreenshot(): Taking screenshot successfully

2022-06-09 21:50:08 - [MESSAGE][PASSED] - Taking screenshot successfully
[[ATTACHMENT|D:\\Projet Test Auto\\Mediabox Test Automation\\Reports\\20220609_181011\\03. Parallel Testing (Testing)\\TS -PT PART 3\\13 Tag StarPack Dreyers Out of Office\\20220609_181119\\1654804208361.png]]

2022-06-09 21:50:08 - [TEST_STEP][PASSED] - click(findTestObject("1. Constant/xpath", ["xpath":"//*[@id="source_" + refID + ""]/td[6]/a"])): Object: 'Object Repository/1. Constant/xpath' is clicked on

2022-06-09 21:50:13 - [MESSAGE][PASSED] - Object: 'Object Repository/1. Constant/xpath' is clicked on

2022-06-09 21:50:13 - [TEST_STEP][PASSED] - delay(1): Delayed 1 second(s)

2022-06-09 21:50:14 - [MESSAGE][PASSED] - Delayed 1 second(s)

2022-06-09 21:50:14 - [TEST_STEP][PASSED] - takeScreenshot(): Taking screenshot successfully

2022-06-09 21:50:15 - [MESSAGE][PASSED] - Taking screenshot successfully
[[ATTACHMENT|D:\\Projet Test Auto\\Mediabox Test Automation\\Reports\\20220609_181011\\03. Parallel Testing (Testing)\\TS -PT PART 3\\13 Tag StarPack Dreyers Out of Office\\20220609_181119\\1654804214858.png]]

2022-06-09 21:50:15 - [TEST_STEP][PASSED] - click(findTestObject("1. Constant/xpath", ["xpath":"//*[@id="kt_content"]/div[3]/div/ul/li[3]"])): Object: 'Object Repository/1. Constant/xpath' is clicked on

2022-06-09 21:50:16 - [MESSAGE][PASSED] - Object: 'Object Repository/1. Constant/xpath' is clicked on

2022-06-09 21:50:16 - [TEST_STEP][PASSED] - I.Pagedown(): Execute JavaScript 'window.scrollTo(0, document.body.scrollHeight)' successfully

2022-06-09 21:50:16 - [MESSAGE][PASSED] - Execute JavaScript 'window.scrollTo(0, document.body.scrollHeight)' successfully

2022-06-09 21:50:16 - [TEST_STEP][PASSED] - takeScreenshot(): Taking screenshot successfully

2022-06-09 21:50:17 - [MESSAGE][PASSED] - Taking screenshot successfully
[[ATTACHMENT|D:\\Projet Test Auto\\Mediabox Test Automation\\Reports\\20220609_181011\\03. Parallel Testing (Testing)\\TS -PT PART 3\\13 Tag StarPack Dreyers Out of Office\\20220609_181119\\1654804216852.png]]

2022-06-09 21:50:17 - [TEST_STEP][PASSED] - I.Verify_Mouse_Over_tooltip("/html/body/div[1]/div[2]/div[8]/div[3]/div/div[3]/div[3]/div/div/div[1]/div/div[2]/div/div[2]/div[2]/div/div/div[1]/div/i", "/html/body/div[1]/div[2]/div[8]/div[3]/div/div[3]/div[3]/div/div/div[1]/div/div[2]/div/div[2]/div[2]/div/div/div[1]/div/div", "Out of the office" + "
" + "Benoit martin is out of office" + "
" + "Tasks delegated to : suser"): Actual text 'Out of the office
Benoit martin is out of office
Tasks delegated to : suser' and expected text 'Out of the office
Benoit martin is out of office
Tasks delegated to : suser' are matched 

2022-06-09 21:50:17 - [MESSAGE][PASSED] - Object: 'Object Repository/1. Constant/xpath' is hovered

2022-06-09 21:50:19 - [MESSAGE][PASSED] - Delayed 2 second(s)

2022-06-09 21:50:19 - [MESSAGE][PASSED] - Text of object 'Object Repository/1. Constant/xpath' is: 'Out of the office
Benoit martin is out of office
Tasks delegated to : suser'

2022-06-09 21:50:20 - [MESSAGE][PASSED] - Delayed 1 second(s)

2022-06-09 21:50:20 - [MESSAGE][PASSED] - Taking screenshot successfully
[[ATTACHMENT|D:\\Projet Test Auto\\Mediabox Test Automation\\Reports\\20220609_181011\\03. Parallel Testing (Testing)\\TS -PT PART 3\\13 Tag StarPack Dreyers Out of Office\\20220609_181119\\1654804220564.png]]

2022-06-09 21:50:21 - [MESSAGE][PASSED] - Delayed 1 second(s)

2022-06-09 21:50:21 - [MESSAGE][PASSED] - Actual text 'Out of the office
Benoit martin is out of office
Tasks delegated to : suser' and expected text 'Out of the office
Benoit martin is out of office
Tasks delegated to : suser' are matched 

2022-06-09 21:50:21 - [TEST_STEP][PASSED] - click(findTestObject("1. Constant/xpath", ["xpath":"/html/body/div[1]/div[2]/div[8]/div[3]/div/div[3]/div[3]/div/ul/li[2]/a"])): Object: 'Object Repository/1. Constant/xpath' is clicked on

2022-06-09 21:50:21 - [MESSAGE][PASSED] - Object: 'Object Repository/1. Constant/xpath' is clicked on

2022-06-09 21:50:21 - [TEST_STEP][PASSED] - delay(1): Delayed 1 second(s)

2022-06-09 21:50:22 - [MESSAGE][PASSED] - Delayed 1 second(s)

2022-06-09 21:50:22 - [TEST_STEP][PASSED] - click(findTestObject("1. Constant/xpath", ["xpath":"/html/body/div[1]/div[2]/div[8]/div[3]/div/div[3]/div[3]/div/div/div[2]/div/div[1]/div/div[1]/div[2]/a"])): Object: 'Object Repository/1. Constant/xpath' is clicked on

2022-06-09 21:50:23 - [MESSAGE][PASSED] - Object: 'Object Repository/1. Constant/xpath' is clicked on

2022-06-09 21:50:23 - [TEST_STEP][PASSED] - takeScreenshot(): Taking screenshot successfully

2022-06-09 21:50:23 - [MESSAGE][PASSED] - Taking screenshot successfully
[[ATTACHMENT|D:\\Projet Test Auto\\Mediabox Test Automation\\Reports\\20220609_181011\\03. Parallel Testing (Testing)\\TS -PT PART 3\\13 Tag StarPack Dreyers Out of Office\\20220609_181119\\1654804223383.png]]

2022-06-09 21:50:23 - [TEST_STEP][PASSED] - delay(1): Delayed 1 second(s)

2022-06-09 21:50:24 - [MESSAGE][PASSED] - Delayed 1 second(s)

2022-06-09 21:50:24 - [TEST_STEP][PASSED] - I.Verify_Mouse_Over_tooltip("/html/body/div[1]/div[2]/div[8]/div[3]/div/div[3]/div[3]/div/div/div[2]/div/div[1]/div/div[2]/div[2]/div[2]/div/div[1]/div/i", "/html/body/div[1]/div[2]/div[8]/div[3]/div/div[3]/div[3]/div/div/div[2]/div/div[1]/div/div[2]/div[2]/div[2]/div/div[1]/div/div", "Out of the office" + "

" + "Tasks delegated to : avieu_brasseur"): Actual text 'Out of the office

Tasks delegated to : avieu_brasseur' and expected text 'Out of the office

Tasks delegated to : avieu_brasseur' are matched 

2022-06-09 21:50:25 - [MESSAGE][PASSED] - Object: 'Object Repository/1. Constant/xpath' is hovered

2022-06-09 21:50:27 - [MESSAGE][PASSED] - Delayed 2 second(s)

2022-06-09 21:50:27 - [MESSAGE][PASSED] - Text of object 'Object Repository/1. Constant/xpath' is: 'Out of the office

Tasks delegated to : avieu_brasseur'

2022-06-09 21:50:28 - [MESSAGE][PASSED] - Delayed 1 second(s)

2022-06-09 21:50:28 - [MESSAGE][PASSED] - Taking screenshot successfully
[[ATTACHMENT|D:\\Projet Test Auto\\Mediabox Test Automation\\Reports\\20220609_181011\\03. Parallel Testing (Testing)\\TS -PT PART 3\\13 Tag StarPack Dreyers Out of Office\\20220609_181119\\1654804228638.png]]

2022-06-09 21:50:29 - [MESSAGE][PASSED] - Delayed 1 second(s)

2022-06-09 21:50:29 - [MESSAGE][PASSED] - Actual text 'Out of the office

Tasks delegated to : avieu_brasseur' and expected text 'Out of the office

Tasks delegated to : avieu_brasseur' are matched 

2022-06-09 21:50:29 - [TEST_STEP][PASSED] - delay(1): Delayed 1 second(s)

2022-06-09 21:50:30 - [MESSAGE][PASSED] - Delayed 1 second(s)

2022-06-09 21:50:30 - [TEST_STEP][PASSED] - click(findTestObject("1. Constant/xpath", ["xpath":"//*[@id="kt_header"]/div/div[2]/div[2]/div[1]/div/span/img"])): Object: 'Object Repository/1. Constant/xpath' is clicked on

2022-06-09 21:50:31 - [MESSAGE][PASSED] - Object: 'Object Repository/1. Constant/xpath' is clicked on

2022-06-09 21:50:31 - [TEST_STEP][PASSED] - delay(1): Delayed 1 second(s)

2022-06-09 21:50:32 - [MESSAGE][PASSED] - Delayed 1 second(s)

2022-06-09 21:50:32 - [TEST_STEP][PASSED] - click(findTestObject("1. Constant/xpath", ["xpath":"//*[@id="kt_header"]/div/div[2]/div[2]/div[2]/a[2]/img"])): Object: 'Object Repository/1. Constant/xpath' is clicked on

2022-06-09 21:50:35 - [MESSAGE][PASSED] - Object: 'Object Repository/1. Constant/xpath' is clicked on

2022-06-09 21:50:35 - [TEST_STEP][PASSED] - delay(1): Delayed 1 second(s)

2022-06-09 21:50:36 - [MESSAGE][PASSED] - Delayed 1 second(s)

2022-06-09 21:50:36 - [TEST_STEP][PASSED] - click(findTestObject("1. Constant/xpath", ["xpath":"//*[@id="menu_2"]/a"])): Object: 'Object Repository/1. Constant/xpath' is clicked on

2022-06-09 21:50:42 - [MESSAGE][PASSED] - Object: 'Object Repository/1. Constant/xpath' is clicked on

2022-06-09 21:50:42 - [TEST_STEP][PASSED] - delay(1): Delayed 1 second(s)

2022-06-09 21:50:43 - [MESSAGE][PASSED] - Delayed 1 second(s)

2022-06-09 21:50:43 - [TEST_STEP][PASSED] - I.SearchProjectNo_xpath(Project_No, "//*[@id="keynum_project"]", "//*[@id="form_filters"]/div[8]/button"): Delayed 5 second(s)

2022-06-09 21:50:44 - [MESSAGE][PASSED] - Delayed 1 second(s)

2022-06-09 21:50:44 - [MESSAGE][PASSED] - Text 'MI003409' is set on object 'Object Repository/1. Constant/xpath'

2022-06-09 21:50:47 - [MESSAGE][PASSED] - Delayed 3 second(s)

2022-06-09 21:50:47 - [MESSAGE][PASSED] - Scroll to object 'Object Repository/1. Constant/xpath' successfully

2022-06-09 21:50:54 - [MESSAGE][PASSED] - Object: 'Object Repository/1. Constant/xpath' is clicked on

2022-06-09 21:50:59 - [MESSAGE][PASSED] - Delayed 5 second(s)

2022-06-09 21:50:59 - [TEST_STEP][PASSED] - delay(1): Delayed 1 second(s)

2022-06-09 21:51:00 - [MESSAGE][PASSED] - Delayed 1 second(s)

2022-06-09 21:51:00 - [TEST_STEP][PASSED] - click(findTestObject("1. Constant/xpath", ["xpath":"//*[@id="source_" + refID + ""]/td[13]/a[2]"])): Object: 'Object Repository/1. Constant/xpath' is clicked on

2022-06-09 21:51:06 - [MESSAGE][PASSED] - Object: 'Object Repository/1. Constant/xpath' is clicked on

2022-06-09 21:51:06 - [TEST_STEP][PASSED] - delay(1): Delayed 1 second(s)

2022-06-09 21:51:07 - [MESSAGE][PASSED] - Delayed 1 second(s)

2022-06-09 21:51:07 - [TEST_STEP][PASSED] - takeScreenshot(): Taking screenshot successfully

2022-06-09 21:51:08 - [MESSAGE][PASSED] - Taking screenshot successfully
[[ATTACHMENT|D:\\Projet Test Auto\\Mediabox Test Automation\\Reports\\20220609_181011\\03. Parallel Testing (Testing)\\TS -PT PART 3\\13 Tag StarPack Dreyers Out of Office\\20220609_181119\\1654804268003.png]]

2022-06-09 21:51:08 - [TEST_STEP][PASSED] - delay(1): Delayed 1 second(s)

2022-06-09 21:51:09 - [MESSAGE][PASSED] - Delayed 1 second(s)

2022-06-09 21:51:09 - [TEST_STEP][PASSED] - I.submitquesiton_ref(findTestObject("1. Constant/xpath", ["xpath":"//*[@id="ModifFiche"]/div[1]/div/div/button"]), findTestObject("1. Constant/xpath", ["xpath":"//*[@id="ModifFiche"]/div[1]/div/div/div/a[1]"])): Object: 'Object Repository/1. Constant/xpath' is clicked on

2022-06-09 21:51:10 - [MESSAGE][PASSED] - Object: 'Object Repository/1. Constant/xpath' is clicked on

2022-06-09 21:51:13 - [MESSAGE][PASSED] - Delayed 3 second(s)

2022-06-09 21:51:22 - [MESSAGE][PASSED] - Object: 'Object Repository/1. Constant/xpath' is clicked on

2022-06-09 21:51:22 - [TEST_STEP][PASSED] - delay(1): Delayed 1 second(s)

2022-06-09 21:51:23 - [MESSAGE][PASSED] - Delayed 1 second(s)

2022-06-09 21:51:23 - [TEST_STEP][PASSED] - task_af_bmartin = I.Get_Task_No("//*[@id="kt_header"]/div/div[2]/div[2]/div[1]/span"): Text of object 'Object Repository/1. Constant/xpath' is: '1'

2022-06-09 21:51:23 - [MESSAGE][PASSED] - Text of object 'Object Repository/1. Constant/xpath' is: '1'

2022-06-09 21:51:23 - [TEST_STEP][PASSED] - I.print("task_B4" + task_af_bmartin): null

2022-06-09 21:51:23 - [TEST_STEP][PASSED] - verifyEqual(task_af_bmartin, task_b4_bmartin - 1): Actual object '1' and expected object '1' are equal

2022-06-09 21:51:23 - [MESSAGE][PASSED] - Actual object '1' and expected object '1' are equal

2022-06-09 21:51:23 - [TEST_STEP][PASSED] - delay(1): Delayed 1 second(s)

2022-06-09 21:51:24 - [MESSAGE][PASSED] - Delayed 1 second(s)

2022-06-09 21:51:24 - [TEST_STEP][PASSED] - click(findTestObject("1. Constant/xpath", ["xpath":"//*[@id="kt_header"]/div/div[2]/div[1]/span/a"])): Object: 'Object Repository/1. Constant/xpath' is clicked on

2022-06-09 21:51:26 - [MESSAGE][PASSED] - Object: 'Object Repository/1. Constant/xpath' is clicked on

2022-06-09 21:51:26 - [TEST_STEP][PASSED] - delay(1): Delayed 1 second(s)

2022-06-09 21:51:27 - [MESSAGE][PASSED] - Delayed 1 second(s)

2022-06-09 21:51:27 - [TEST_STEP][PASSED] - takeScreenshot(): Taking screenshot successfully

2022-06-09 21:51:28 - [MESSAGE][PASSED] - Taking screenshot successfully
[[ATTACHMENT|D:\\Projet Test Auto\\Mediabox Test Automation\\Reports\\20220609_181011\\03. Parallel Testing (Testing)\\TS -PT PART 3\\13 Tag StarPack Dreyers Out of Office\\20220609_181119\\1654804288368.png]]

2022-06-09 21:51:28 - [TEST_STEP][PASSED] - click(findTestObject("1. Constant/xpath", ["xpath":"//*[@id="kt_header"]/div/div[2]/div[2]/div[1]/div/span/img"])): Object: 'Object Repository/1. Constant/xpath' is clicked on

2022-06-09 21:51:30 - [MESSAGE][PASSED] - Object: 'Object Repository/1. Constant/xpath' is clicked on

2022-06-09 21:51:30 - [TEST_STEP][PASSED] - tsk1 = I.Get_Task_No("//*[@id="kt_header"]/div/div[2]/div[2]/div[2]/a[2]/span"): Text of object 'Object Repository/1. Constant/xpath' is: '1'

2022-06-09 21:51:31 - [MESSAGE][PASSED] - Text of object 'Object Repository/1. Constant/xpath' is: '1'

2022-06-09 21:51:31 - [TEST_STEP][PASSED] - verifyEqual(task_af_bmartin, tsk1): Actual object '1' and expected object '1' are equal

2022-06-09 21:51:31 - [MESSAGE][PASSED] - Actual object '1' and expected object '1' are equal

2022-06-09 21:51:31 - [TEST_STEP][PASSED] - closeBrowser(): Browser is closed

2022-06-09 21:51:32 - [MESSAGE][PASSED] - Browser is closed

2022-06-09 21:51:32 - [TEST_STEP][PASSED] - Start listener action : sampleAfterTestCase: null]]></system-out>
         <system-err><![CDATA[]]></system-err>
      </testcase>
      <testcase name="Test Cases/17. Tag StarPack Out of Office (OOO)/17.06 Tag Out of Office Session (Perform Task Prod) - My Profile 17.04_17.05 P3" time="270.297" classname="Test Cases/17. Tag StarPack Out of Office (OOO)/17.06 Tag Out of Office Session (Perform Task Prod) - My Profile 17.04_17.05 P3" status="PASSED">
         <system-out><![CDATA[2022-06-09 21:51:32 - [TEST_CASE][PASSED] - Test Cases/17. Tag StarPack Out of Office (OOO)/17.06 Tag Out of Office Session (Perform Task Prod) - My Profile 17.04_17.05 P3: Test Cases/17. Tag StarPack Out of Office (OOO)/17.06 Tag Out of Office Session (Perform Task Prod) - My Profile 17.04_17.05 P3

2022-06-09 21:51:33 - [TEST_STEP][PASSED] - data_Tag = findTestData("Data Files/Username_Password/Tag"): null

2022-06-09 21:51:33 - [TEST_STEP][PASSED] - password_cbono = data_Tag.getValue(3, 11): null

2022-06-09 21:51:33 - [TEST_STEP][PASSED] - password_suser = data_Tag.getValue(3, 21): null

2022-06-09 21:51:33 - [TEST_STEP][PASSED] - data_urlRELAUTO = findTestData("Data Files/URL/URL_relauto"): null

2022-06-09 21:51:33 - [TEST_STEP][PASSED] - Url_Tag = data_urlRELAUTO.getValue(2, 3): null

2022-06-09 21:51:33 - [TEST_STEP][PASSED] - Project_No = I.readnotepad("D:\Upoad_File\Projet_ Login\Tag\17.04 Tag _Project_No\17.04_Tag_ProjectNo.txt"): null

2022-06-09 21:51:33 - [TEST_STEP][PASSED] - refID = I.readnotepad("D:\Upoad_File\Projet_ Login\Tag\17.04 Tag _Project_No\17.04_Tag_refID1.txt"): null

2022-06-09 21:51:33 - [TEST_STEP][PASSED] - openBrowser(Url_Tag): Browser is opened with url: 'http://mdb-release.diadeis.lan/MediaboxIndependence/?MBI_datasource=RELTESTAUTO_TAG'

2022-06-09 21:51:33 - [MESSAGE][INFO] - Starting 'Chrome (headless)' driver

2022-06-09 21:51:33 - [MESSAGE][INFO] - User set preference: ['args', '[--window-size=1920,1080, --headless]']

2022-06-09 21:51:33 - [MESSAGE][INFO] - Action delay is set to 0 milliseconds

2022-06-09 21:51:43 - [MESSAGE][PASSED] - Browser is opened with url: 'http://mdb-release.diadeis.lan/MediaboxIndependence/?MBI_datasource=RELTESTAUTO_TAG'

2022-06-09 21:51:43 - [TEST_STEP][PASSED] - maximizeWindow(): Current window maximized

2022-06-09 21:51:43 - [MESSAGE][PASSED] - Current window maximized

2022-06-09 21:51:43 - [TEST_STEP][PASSED] - delay(2): Delayed 2 second(s)

2022-06-09 21:51:45 - [MESSAGE][PASSED] - Delayed 2 second(s)

2022-06-09 21:51:45 - [TEST_STEP][PASSED] - takeScreenshot(): Taking screenshot successfully

2022-06-09 21:51:46 - [MESSAGE][PASSED] - Taking screenshot successfully
[[ATTACHMENT|D:\\Projet Test Auto\\Mediabox Test Automation\\Reports\\20220609_181011\\03. Parallel Testing (Testing)\\TS -PT PART 3\\13 Tag StarPack Dreyers Out of Office\\20220609_181119\\1654804305981.png]]

2022-06-09 21:51:46 - [TEST_STEP][PASSED] - I.Login_password("suser", password_suser): Object: 'Object Repository/1. Constant/xpath' is clicked on

2022-06-09 21:51:48 - [MESSAGE][PASSED] - Text 'suser' is set on object 'Object Repository/1. Constant/xpath'

2022-06-09 21:51:49 - [MESSAGE][PASSED] - Delayed 1 second(s)

2022-06-09 21:51:51 - [MESSAGE][PASSED] - Text 'dchi' is set on object 'Object Repository/1. Constant/xpath'

2022-06-09 21:51:52 - [MESSAGE][PASSED] - Delayed 1 second(s)

2022-06-09 21:52:01 - [MESSAGE][PASSED] - Object: 'Object Repository/1. Constant/xpath' is clicked on

2022-06-09 21:52:01 - [TEST_STEP][PASSED] - click(findTestObject("1. Constant/xpath", ["xpath":"//*[@id="menu_2"]/a"])): Object: 'Object Repository/1. Constant/xpath' is clicked on

2022-06-09 21:52:06 - [MESSAGE][PASSED] - Object: 'Object Repository/1. Constant/xpath' is clicked on

2022-06-09 21:52:06 - [TEST_STEP][PASSED] - delay(1): Delayed 1 second(s)

2022-06-09 21:52:07 - [MESSAGE][PASSED] - Delayed 1 second(s)

2022-06-09 21:52:07 - [TEST_STEP][PASSED] - I.SearchProjectNo_xpath(Project_No, "//*[@id="keynum_project"]", "//*[@id="form_filters"]/div[4]/button"): Delayed 5 second(s)

2022-06-09 21:52:08 - [MESSAGE][PASSED] - Delayed 1 second(s)

2022-06-09 21:52:09 - [MESSAGE][PASSED] - Text 'MI003409' is set on object 'Object Repository/1. Constant/xpath'

2022-06-09 21:52:12 - [MESSAGE][PASSED] - Delayed 3 second(s)

2022-06-09 21:52:12 - [MESSAGE][PASSED] - Scroll to object 'Object Repository/1. Constant/xpath' successfully

2022-06-09 21:52:16 - [MESSAGE][PASSED] - Object: 'Object Repository/1. Constant/xpath' is clicked on

2022-06-09 21:52:21 - [MESSAGE][PASSED] - Delayed 5 second(s)

2022-06-09 21:52:21 - [TEST_STEP][PASSED] - color1 = getCSSValue(findTestObject("1. Constant/xpath", ["xpath":"//*[@id="source_" + refID + ""]/td[13]/a[3]"]), "color", OPTIONAL): Get CSS 'color' value on 'Object Repository/1. Constant/xpath' successfully: 'rgba(255, 255, 255, 1)'.

2022-06-09 21:52:21 - [MESSAGE][PASSED] - Get CSS 'color' value on 'Object Repository/1. Constant/xpath' successfully: 'rgba(255, 255, 255, 1)'.

2022-06-09 21:52:21 - [TEST_STEP][PASSED] - I.print(color1): null

2022-06-09 21:52:21 - [TEST_STEP][PASSED] - while (color1 == "rgba(255, 255, 255, 1)"): null

2022-06-09 21:52:21 - [TEST_STEP][PASSED] - I.Pagedown(): Execute JavaScript 'window.scrollTo(0, document.body.scrollHeight)' successfully

2022-06-09 21:52:21 - [MESSAGE][PASSED] - Execute JavaScript 'window.scrollTo(0, document.body.scrollHeight)' successfully

2022-06-09 21:52:21 - [TEST_STEP][PASSED] - click(findTestObject("1. Constant/xpath", ["xpath":"//*[@id="source_" + refID + ""]/td[13]/a[3]"])): Object: 'Object Repository/1. Constant/xpath' is clicked on

2022-06-09 21:52:25 - [MESSAGE][PASSED] - Object: 'Object Repository/1. Constant/xpath' is clicked on

2022-06-09 21:52:25 - [TEST_STEP][PASSED] - I.UploadDoc_sendkey_Prod(findTestObject("1. Constant/xpath", ["xpath":"//*[@id="kt_body"]/input[2]"]), "D:\Upoad_File\Upload doc\testdata1.jpg", "testdata1"): Delayed 5 second(s)

2022-06-09 21:52:25 - [MESSAGE][PASSED] - Scroll to object 'Object Repository/1. Constant/xpath' successfully

2022-06-09 21:52:30 - [MESSAGE][PASSED] - Delayed 5 second(s)

2022-06-09 21:52:30 - [MESSAGE][PASSED] - File 'D:\Upoad_File\Upload doc\testdata1.jpg' sent to object: 'Object Repository/1. Constant/xpath'

2022-06-09 21:52:35 - [MESSAGE][PASSED] - Delayed 5 second(s)

2022-06-09 21:52:35 - [MESSAGE][PASSED] - Text 'testdata1' is present on page 

2022-06-09 21:52:40 - [MESSAGE][PASSED] - Delayed 5 second(s)

2022-06-09 21:52:45 - [MESSAGE][PASSED] - Delayed 5 second(s)

2022-06-09 21:52:45 - [TEST_STEP][PASSED] - takeScreenshot(): Taking screenshot successfully

2022-06-09 21:52:46 - [MESSAGE][PASSED] - Taking screenshot successfully
[[ATTACHMENT|D:\\Projet Test Auto\\Mediabox Test Automation\\Reports\\20220609_181011\\03. Parallel Testing (Testing)\\TS -PT PART 3\\13 Tag StarPack Dreyers Out of Office\\20220609_181119\\1654804365913.png]]

2022-06-09 21:52:46 - [TEST_STEP][PASSED] - delay(10): Delayed 10 second(s)

2022-06-09 21:52:56 - [MESSAGE][PASSED] - Delayed 10 second(s)

2022-06-09 21:52:56 - [TEST_STEP][PASSED] - click(findTestObject("HL Full Lifecycle/12 ReferncePage_Button_Updatensenddoc")): Object: 'Object Repository/HL Full Lifecycle/12 ReferncePage_Button_Updatensenddoc' is clicked on

2022-06-09 21:53:08 - [MESSAGE][PASSED] - Object: 'Object Repository/HL Full Lifecycle/12 ReferncePage_Button_Updatensenddoc' is clicked on

2022-06-09 21:53:08 - [TEST_STEP][PASSED] - delay(5): Delayed 5 second(s)

2022-06-09 21:53:13 - [MESSAGE][PASSED] - Delayed 5 second(s)

2022-06-09 21:53:13 - [TEST_STEP][PASSED] - if (verifyElementVisible(findTestObject("1. Constant/xpath", ["xpath":"//*[@id="source_" + refID + ""]/td[13]/a[3]"]), OPTIONAL)): Web element with id: 'Object Repository/1. Constant/xpath' located by '//*[@id="source_24439"]/td[13]/a[3]' not found (Root cause: com.kms.katalon.core.exception.StepFailedException: Web element with id: 'Object Repository/1. Constant/xpath' located by '//*[@id="source_24439"]/td[13]/a[3]' not found
	at com.kms.katalon.core.webui.keyword.internal.WebUIKeywordMain.stepFailed(WebUIKeywordMain.groovy:64)
	at com.kms.katalon.core.webui.keyword.builtin.VerifyElementVisibleKeyword$_verifyElementVisible_closure1.doCall(VerifyElementVisibleKeyword.groovy:89)
	at com.kms.katalon.core.webui.keyword.builtin.VerifyElementVisibleKeyword$_verifyElementVisible_closure1.call(VerifyElementVisibleKeyword.groovy)
	at com.kms.katalon.core.webui.keyword.internal.WebUIKeywordMain.runKeyword(WebUIKeywordMain.groovy:20)
	at com.kms.katalon.core.webui.keyword.builtin.VerifyElementVisibleKeyword.verifyElementVisible(VerifyElementVisibleKeyword.groovy:97)
	at com.kms.katalon.core.webui.keyword.builtin.VerifyElementVisibleKeyword.execute(VerifyElementVisibleKeyword.groovy:67)
	at com.kms.katalon.core.keyword.internal.KeywordExecutor.executeKeywordForPlatform(KeywordExecutor.groovy:74)
	at com.kms.katalon.core.webui.keyword.WebUiBuiltInKeywords.verifyElementVisible(WebUiBuiltInKeywords.groovy:362)
	at com.kms.katalon.core.webui.keyword.WebUiBuiltInKeywords$verifyElementVisible$29.call(Unknown Source)
	at 17.06 Tag Out of Office Session (Perform Task Prod) - My Profile 17.04_17.05 P3.run(17.06 Tag Out of Office Session (Perform Task Prod) - My Profile 17.04_17.05 P3:90)
	at com.kms.katalon.core.main.ScriptEngine.run(ScriptEngine.java:194)
	at com.kms.katalon.core.main.ScriptEngine.runScriptAsRawText(ScriptEngine.java:119)
	at com.kms.katalon.core.main.TestCaseExecutor.runScript(TestCaseExecutor.java:445)
	at com.kms.katalon.core.main.TestCaseExecutor.doExecute(TestCaseExecutor.java:436)
	at com.kms.katalon.core.main.TestCaseExecutor.processExecutionPhase(TestCaseExecutor.java:415)
	at com.kms.katalon.core.main.TestCaseExecutor.accessMainPhase(TestCaseExecutor.java:407)
	at com.kms.katalon.core.main.TestCaseExecutor.execute(TestCaseExecutor.java:284)
	at com.kms.katalon.core.common.CommonExecutor.accessTestCaseMainPhase(CommonExecutor.java:65)
	at com.kms.katalon.core.main.TestSuiteExecutor.accessTestSuiteMainPhase(TestSuiteExecutor.java:144)
	at com.kms.katalon.core.main.TestSuiteExecutor.execute(TestSuiteExecutor.java:106)
	at com.kms.katalon.core.main.TestCaseMain.startTestSuite(TestCaseMain.java:185)
	at com.kms.katalon.core.main.TestCaseMain$startTestSuite$0.call(Unknown Source)
	at TempTestSuite1654791079662.run(TempTestSuite1654791079662.groovy:36)
)

2022-06-09 21:53:44 - [MESSAGE][INFO] - Unable to find the element located by 'By.xpath: //*[@id="source_24439"]/td[13]/a[3]'. Please recheck the objects properties to make sure the desired element is located. 

2022-06-09 21:53:44 - [MESSAGE][WARNING] - Web element with id: 'Object Repository/1. Constant/xpath' located by '//*[@id="source_24439"]/td[13]/a[3]' not found (Root cause: com.kms.katalon.core.exception.StepFailedException: Web element with id: 'Object Repository/1. Constant/xpath' located by '//*[@id="source_24439"]/td[13]/a[3]' not found
	at com.kms.katalon.core.webui.keyword.internal.WebUIKeywordMain.stepFailed(WebUIKeywordMain.groovy:64)
	at com.kms.katalon.core.webui.keyword.builtin.VerifyElementVisibleKeyword$_verifyElementVisible_closure1.doCall(VerifyElementVisibleKeyword.groovy:89)
	at com.kms.katalon.core.webui.keyword.builtin.VerifyElementVisibleKeyword$_verifyElementVisible_closure1.call(VerifyElementVisibleKeyword.groovy)
	at com.kms.katalon.core.webui.keyword.internal.WebUIKeywordMain.runKeyword(WebUIKeywordMain.groovy:20)
	at com.kms.katalon.core.webui.keyword.builtin.VerifyElementVisibleKeyword.verifyElementVisible(VerifyElementVisibleKeyword.groovy:97)
	at com.kms.katalon.core.webui.keyword.builtin.VerifyElementVisibleKeyword.execute(VerifyElementVisibleKeyword.groovy:67)
	at com.kms.katalon.core.keyword.internal.KeywordExecutor.executeKeywordForPlatform(KeywordExecutor.groovy:74)
	at com.kms.katalon.core.webui.keyword.WebUiBuiltInKeywords.verifyElementVisible(WebUiBuiltInKeywords.groovy:362)
	at com.kms.katalon.core.webui.keyword.WebUiBuiltInKeywords$verifyElementVisible$29.call(Unknown Source)
	at 17.06 Tag Out of Office Session (Perform Task Prod) - My Profile 17.04_17.05 P3.run(17.06 Tag Out of Office Session (Perform Task Prod) - My Profile 17.04_17.05 P3:90)
	at com.kms.katalon.core.main.ScriptEngine.run(ScriptEngine.java:194)
	at com.kms.katalon.core.main.ScriptEngine.runScriptAsRawText(ScriptEngine.java:119)
	at com.kms.katalon.core.main.TestCaseExecutor.runScript(TestCaseExecutor.java:445)
	at com.kms.katalon.core.main.TestCaseExecutor.doExecute(TestCaseExecutor.java:436)
	at com.kms.katalon.core.main.TestCaseExecutor.processExecutionPhase(TestCaseExecutor.java:415)
	at com.kms.katalon.core.main.TestCaseExecutor.accessMainPhase(TestCaseExecutor.java:407)
	at com.kms.katalon.core.main.TestCaseExecutor.execute(TestCaseExecutor.java:284)
	at com.kms.katalon.core.common.CommonExecutor.accessTestCaseMainPhase(CommonExecutor.java:65)
	at com.kms.katalon.core.main.TestSuiteExecutor.accessTestSuiteMainPhase(TestSuiteExecutor.java:144)
	at com.kms.katalon.core.main.TestSuiteExecutor.execute(TestSuiteExecutor.java:106)
	at com.kms.katalon.core.main.TestCaseMain.startTestSuite(TestCaseMain.java:185)
	at com.kms.katalon.core.main.TestCaseMain$startTestSuite$0.call(Unknown Source)
	at TempTestSuite1654791079662.run(TempTestSuite1654791079662.groovy:36)
)
[[ATTACHMENT|D:\\Projet Test Auto\\Mediabox Test Automation\\Reports\\20220609_181011\\03. Parallel Testing (Testing)\\TS -PT PART 3\\13 Tag StarPack Dreyers Out of Office\\20220609_181119\\1654804424634.png]]

2022-06-09 21:53:44 - [TEST_STEP][PASSED] - else: null

2022-06-09 21:53:44 - [TEST_STEP][PASSED] - color1 = "white": null

2022-06-09 21:53:44 - [TEST_STEP][PASSED] - takeScreenshot(): Taking screenshot successfully

2022-06-09 21:53:45 - [MESSAGE][PASSED] - Taking screenshot successfully
[[ATTACHMENT|D:\\Projet Test Auto\\Mediabox Test Automation\\Reports\\20220609_181011\\03. Parallel Testing (Testing)\\TS -PT PART 3\\13 Tag StarPack Dreyers Out of Office\\20220609_181119\\1654804424918.png]]

2022-06-09 21:53:45 - [TEST_STEP][PASSED] - click(findTestObject("1. Constant/xpath", ["xpath":"//*[@id="source_" + refID + ""]/td[6]/a"])): Object: 'Object Repository/1. Constant/xpath' is clicked on

2022-06-09 21:53:49 - [MESSAGE][PASSED] - Object: 'Object Repository/1. Constant/xpath' is clicked on

2022-06-09 21:53:49 - [TEST_STEP][PASSED] - delay(1): Delayed 1 second(s)

2022-06-09 21:53:50 - [MESSAGE][PASSED] - Delayed 1 second(s)

2022-06-09 21:53:50 - [TEST_STEP][PASSED] - click(findTestObject("1. Constant/xpath", ["xpath":"//*[@id="kt_content"]/div[3]/div/ul/li[2]/a"])): Object: 'Object Repository/1. Constant/xpath' is clicked on

2022-06-09 21:53:53 - [MESSAGE][PASSED] - Object: 'Object Repository/1. Constant/xpath' is clicked on

2022-06-09 21:53:53 - [TEST_STEP][PASSED] - click(findTestObject("1. Constant/xpath", ["xpath":"//*[@id="aff_doc_AW"]"])): Object: 'Object Repository/1. Constant/xpath' is clicked on

2022-06-09 21:53:54 - [MESSAGE][PASSED] - Object: 'Object Repository/1. Constant/xpath' is clicked on

2022-06-09 21:53:54 - [TEST_STEP][PASSED] - I.Pagedown(): Execute JavaScript 'window.scrollTo(0, document.body.scrollHeight)' successfully

2022-06-09 21:53:54 - [MESSAGE][PASSED] - Execute JavaScript 'window.scrollTo(0, document.body.scrollHeight)' successfully

2022-06-09 21:53:54 - [TEST_STEP][PASSED] - "49 Tooltip: Message is displayed": null

2022-06-09 21:53:54 - [TEST_STEP][PASSED] - I.Logout_xpath("//*[@id="kt_header"]/div/div[2]/div[2]/div[1]/div/span", "/html/body/div[1]/div[2]/div[1]/div/div[2]/div[2]/div[2]/a[5]"): Wait for page load successfully

2022-06-09 21:53:54 - [MESSAGE][PASSED] - Object: 'Object Repository/1. Constant/xpath' is clicked on

2022-06-09 21:53:55 - [MESSAGE][PASSED] - Delayed 1 second(s)

2022-06-09 21:53:57 - [MESSAGE][PASSED] - Object: 'Object Repository/1. Constant/xpath' is clicked on

2022-06-09 21:53:58 - [MESSAGE][PASSED] - Delayed 1 second(s)

2022-06-09 21:53:58 - [MESSAGE][PASSED] - Wait for page load successfully

2022-06-09 21:53:58 - [TEST_STEP][PASSED] - I.Login_password("cbono", password_cbono): Object: 'Object Repository/1. Constant/xpath' is clicked on

2022-06-09 21:53:58 - [MESSAGE][PASSED] - Text 'cbono' is set on object 'Object Repository/1. Constant/xpath'

2022-06-09 21:53:59 - [MESSAGE][PASSED] - Delayed 1 second(s)

2022-06-09 21:53:59 - [MESSAGE][PASSED] - Text 'dchi' is set on object 'Object Repository/1. Constant/xpath'

2022-06-09 21:54:00 - [MESSAGE][PASSED] - Delayed 1 second(s)

2022-06-09 21:54:06 - [MESSAGE][PASSED] - Object: 'Object Repository/1. Constant/xpath' is clicked on

2022-06-09 21:54:06 - [TEST_STEP][PASSED] - delay(1): Delayed 1 second(s)

2022-06-09 21:54:07 - [MESSAGE][PASSED] - Delayed 1 second(s)

2022-06-09 21:54:07 - [TEST_STEP][PASSED] - I.Go_to_MyProfile(): Delayed 1 second(s)

2022-06-09 21:54:07 - [MESSAGE][PASSED] - Object: 'Object Repository/1. Constant/xpath' is clicked on

2022-06-09 21:54:08 - [MESSAGE][PASSED] - Delayed 1 second(s)

2022-06-09 21:54:11 - [MESSAGE][PASSED] - Object: 'Object Repository/1. Constant/xpath' is clicked on

2022-06-09 21:54:12 - [MESSAGE][PASSED] - Delayed 1 second(s)

2022-06-09 21:54:12 - [TEST_STEP][PASSED] - takeScreenshot(): Taking screenshot successfully

2022-06-09 21:54:12 - [MESSAGE][PASSED] - Taking screenshot successfully
[[ATTACHMENT|D:\\Projet Test Auto\\Mediabox Test Automation\\Reports\\20220609_181011\\03. Parallel Testing (Testing)\\TS -PT PART 3\\13 Tag StarPack Dreyers Out of Office\\20220609_181119\\1654804452228.png]]

2022-06-09 21:54:12 - [TEST_STEP][PASSED] - setText(findTestObject("1. Constant/xpath", ["xpath":"//*[@id="delegationSettings"]/div[2]/input"]), "test carole"): Text 'test carole' is set on object 'Object Repository/1. Constant/xpath'

2022-06-09 21:54:12 - [MESSAGE][PASSED] - Text 'test carole' is set on object 'Object Repository/1. Constant/xpath'

2022-06-09 21:54:12 - [TEST_STEP][PASSED] - I.Pagedown(): Execute JavaScript 'window.scrollTo(0, document.body.scrollHeight)' successfully

2022-06-09 21:54:12 - [MESSAGE][PASSED] - Execute JavaScript 'window.scrollTo(0, document.body.scrollHeight)' successfully

2022-06-09 21:54:12 - [TEST_STEP][PASSED] - click(findTestObject("1. Constant/xpath", ["xpath":"//*[@id="ModifierUser"]/div[3]/div/button"])): Object: 'Object Repository/1. Constant/xpath' is clicked on

2022-06-09 21:54:14 - [MESSAGE][PASSED] - Object: 'Object Repository/1. Constant/xpath' is clicked on

2022-06-09 21:54:14 - [TEST_STEP][PASSED] - delay(1): Delayed 1 second(s)

2022-06-09 21:54:15 - [MESSAGE][PASSED] - Delayed 1 second(s)

2022-06-09 21:54:15 - [TEST_STEP][PASSED] - I.Logout_xpath("//*[@id="kt_header"]/div/div[2]/div[2]/div[1]/div/span", "//*[@id="kt_header"]/div/div[2]/div[2]/div[2]/a[3]"): Wait for page load successfully

2022-06-09 21:54:16 - [MESSAGE][PASSED] - Object: 'Object Repository/1. Constant/xpath' is clicked on

2022-06-09 21:54:17 - [MESSAGE][PASSED] - Delayed 1 second(s)

2022-06-09 21:54:19 - [MESSAGE][PASSED] - Object: 'Object Repository/1. Constant/xpath' is clicked on

2022-06-09 21:54:20 - [MESSAGE][PASSED] - Delayed 1 second(s)

2022-06-09 21:54:20 - [MESSAGE][PASSED] - Wait for page load successfully

2022-06-09 21:54:20 - [TEST_STEP][PASSED] - delay(1): Delayed 1 second(s)

2022-06-09 21:54:21 - [MESSAGE][PASSED] - Delayed 1 second(s)

2022-06-09 21:54:21 - [TEST_STEP][PASSED] - I.Login_password("suser", password_suser): Object: 'Object Repository/1. Constant/xpath' is clicked on

2022-06-09 21:54:22 - [MESSAGE][PASSED] - Text 'suser' is set on object 'Object Repository/1. Constant/xpath'

2022-06-09 21:54:23 - [MESSAGE][PASSED] - Delayed 1 second(s)

2022-06-09 21:54:23 - [MESSAGE][PASSED] - Text 'dchi' is set on object 'Object Repository/1. Constant/xpath'

2022-06-09 21:54:24 - [MESSAGE][PASSED] - Delayed 1 second(s)

2022-06-09 21:54:27 - [MESSAGE][PASSED] - Object: 'Object Repository/1. Constant/xpath' is clicked on

2022-06-09 21:54:27 - [TEST_STEP][PASSED] - click(findTestObject("1. Constant/xpath", ["xpath":"//*[@id="menu_2"]/a"])): Object: 'Object Repository/1. Constant/xpath' is clicked on

2022-06-09 21:54:30 - [MESSAGE][PASSED] - Object: 'Object Repository/1. Constant/xpath' is clicked on

2022-06-09 21:54:30 - [TEST_STEP][PASSED] - delay(1): Delayed 1 second(s)

2022-06-09 21:54:31 - [MESSAGE][PASSED] - Delayed 1 second(s)

2022-06-09 21:54:31 - [TEST_STEP][PASSED] - I.SearchProjectNo_xpath(Project_No, "//*[@id="keynum_project"]", "//*[@id="form_filters"]/div[4]/button"): Delayed 5 second(s)

2022-06-09 21:54:32 - [MESSAGE][PASSED] - Delayed 1 second(s)

2022-06-09 21:54:33 - [MESSAGE][PASSED] - Text 'MI003409' is set on object 'Object Repository/1. Constant/xpath'

2022-06-09 21:54:36 - [MESSAGE][PASSED] - Delayed 3 second(s)

2022-06-09 21:54:36 - [MESSAGE][PASSED] - Scroll to object 'Object Repository/1. Constant/xpath' successfully

2022-06-09 21:54:41 - [MESSAGE][PASSED] - Object: 'Object Repository/1. Constant/xpath' is clicked on

2022-06-09 21:54:46 - [MESSAGE][PASSED] - Delayed 5 second(s)

2022-06-09 21:54:46 - [TEST_STEP][PASSED] - click(findTestObject("1. Constant/xpath", ["xpath":"//*[@id="source_" + refID + ""]/td[6]/a"])): Object: 'Object Repository/1. Constant/xpath' is clicked on

2022-06-09 21:54:50 - [MESSAGE][PASSED] - Object: 'Object Repository/1. Constant/xpath' is clicked on

2022-06-09 21:54:50 - [TEST_STEP][PASSED] - delay(1): Delayed 1 second(s)

2022-06-09 21:54:51 - [MESSAGE][PASSED] - Delayed 1 second(s)

2022-06-09 21:54:51 - [TEST_STEP][PASSED] - click(findTestObject("1. Constant/xpath", ["xpath":"//*[@id="kt_content"]/div[3]/div/ul/li[2]/a"])): Object: 'Object Repository/1. Constant/xpath' is clicked on

2022-06-09 21:54:53 - [MESSAGE][PASSED] - Object: 'Object Repository/1. Constant/xpath' is clicked on

2022-06-09 21:54:53 - [TEST_STEP][PASSED] - click(findTestObject("1. Constant/xpath", ["xpath":"//*[@id="aff_doc_AW"]"])): Object: 'Object Repository/1. Constant/xpath' is clicked on

2022-06-09 21:54:54 - [MESSAGE][PASSED] - Object: 'Object Repository/1. Constant/xpath' is clicked on

2022-06-09 21:54:54 - [TEST_STEP][PASSED] - I.Pagedown(): Execute JavaScript 'window.scrollTo(0, document.body.scrollHeight)' successfully

2022-06-09 21:54:54 - [MESSAGE][PASSED] - Execute JavaScript 'window.scrollTo(0, document.body.scrollHeight)' successfully

2022-06-09 21:54:54 - [TEST_STEP][PASSED] - I.Verify_Mouse_Over_tooltip("//*[@id="level_apl_0"]/div[2]/div[2]/div[2]/div/div[1]/img", "/html/body/div[9]/div[2]", "Out of the office" + "
" + "test carole" + "
" + "Tasks delegated to : afron and asch and suser"): Actual text 'Out of the office
test carole
Tasks delegated to : afron and asch and suser' and expected text 'Out of the office
test carole
Tasks delegated to : afron and asch and suser' are matched 

2022-06-09 21:54:55 - [MESSAGE][PASSED] - Object: 'Object Repository/1. Constant/xpath' is hovered

2022-06-09 21:54:57 - [MESSAGE][PASSED] - Delayed 2 second(s)

2022-06-09 21:54:57 - [MESSAGE][PASSED] - Text of object 'Object Repository/1. Constant/xpath' is: 'Out of the office
test carole
Tasks delegated to : afron and asch and suser'

2022-06-09 21:54:58 - [MESSAGE][PASSED] - Delayed 1 second(s)

2022-06-09 21:54:58 - [MESSAGE][PASSED] - Taking screenshot successfully
[[ATTACHMENT|D:\\Projet Test Auto\\Mediabox Test Automation\\Reports\\20220609_181011\\03. Parallel Testing (Testing)\\TS -PT PART 3\\13 Tag StarPack Dreyers Out of Office\\20220609_181119\\1654804498345.png]]

2022-06-09 21:54:59 - [MESSAGE][PASSED] - Delayed 1 second(s)

2022-06-09 21:54:59 - [MESSAGE][PASSED] - Actual text 'Out of the office
test carole
Tasks delegated to : afron and asch and suser' and expected text 'Out of the office
test carole
Tasks delegated to : afron and asch and suser' are matched 

2022-06-09 21:54:59 - [TEST_STEP][PASSED] - click(findTestObject("1. Constant/xpath", ["xpath":"//*[@id="kt_header"]/div/div[2]/div[2]/div[1]/div/span/img"])): Object: 'Object Repository/1. Constant/xpath' is clicked on

2022-06-09 21:54:59 - [MESSAGE][PASSED] - Object: 'Object Repository/1. Constant/xpath' is clicked on

2022-06-09 21:54:59 - [TEST_STEP][PASSED] - click(findTestObject("1. Constant/xpath", ["xpath":"//*[@id="kt_header"]/div/div[2]/div[2]/div[2]/a[1]/img"])): Object: 'Object Repository/1. Constant/xpath' is clicked on

2022-06-09 21:55:03 - [MESSAGE][PASSED] - Object: 'Object Repository/1. Constant/xpath' is clicked on

2022-06-09 21:55:03 - [TEST_STEP][PASSED] - delay(2): Delayed 2 second(s)

2022-06-09 21:55:05 - [MESSAGE][PASSED] - Delayed 2 second(s)

2022-06-09 21:55:05 - [TEST_STEP][PASSED] - task_b4_cbono = I.Get_Task_No("//*[@id="kt_header"]/div/div[2]/div[2]/div[1]/span"): Text of object 'Object Repository/1. Constant/xpath' is: '90'

2022-06-09 21:55:05 - [MESSAGE][PASSED] - Text of object 'Object Repository/1. Constant/xpath' is: '90'

2022-06-09 21:55:05 - [TEST_STEP][PASSED] - I.print("task_B4" + task_b4_cbono): null

2022-06-09 21:55:05 - [TEST_STEP][PASSED] - click(findTestObject("1. Constant/xpath", ["xpath":"//*[@id="menu_2"]/a"])): Object: 'Object Repository/1. Constant/xpath' is clicked on

2022-06-09 21:55:11 - [MESSAGE][PASSED] - Object: 'Object Repository/1. Constant/xpath' is clicked on

2022-06-09 21:55:11 - [TEST_STEP][PASSED] - delay(1): Delayed 1 second(s)

2022-06-09 21:55:12 - [MESSAGE][PASSED] - Delayed 1 second(s)

2022-06-09 21:55:12 - [TEST_STEP][PASSED] - I.SearchProjectNo_xpath(Project_No, "//*[@id="keynum_project"]", "//*[@id="form_filters"]/div[8]/button"): Delayed 5 second(s)

2022-06-09 21:55:13 - [MESSAGE][PASSED] - Delayed 1 second(s)

2022-06-09 21:55:13 - [MESSAGE][PASSED] - Text 'MI003409' is set on object 'Object Repository/1. Constant/xpath'

2022-06-09 21:55:16 - [MESSAGE][PASSED] - Delayed 3 second(s)

2022-06-09 21:55:17 - [MESSAGE][PASSED] - Scroll to object 'Object Repository/1. Constant/xpath' successfully

2022-06-09 21:55:22 - [MESSAGE][PASSED] - Object: 'Object Repository/1. Constant/xpath' is clicked on

2022-06-09 21:55:27 - [MESSAGE][PASSED] - Delayed 5 second(s)

2022-06-09 21:55:27 - [TEST_STEP][PASSED] - I.AWF_approve_byaction(findTestObject("1. Constant/xpath", ["xpath":"//*[@id="source_" + refID + ""]/td[14]/a[2]"])): Object: 'Object Repository/HL Full Lifecycle/Function_Appbutton2' is clicked on

2022-06-09 21:55:32 - [MESSAGE][PASSED] - Delayed 5 second(s)

2022-06-09 21:55:35 - [MESSAGE][PASSED] - Object: 'Object Repository/1. Constant/xpath' is clicked on

2022-06-09 21:55:37 - [MESSAGE][PASSED] - Object: 'Object Repository/HL Full Lifecycle/Function_access Viewer2' is hovered

2022-06-09 21:55:40 - [MESSAGE][PASSED] - Delayed 3 second(s)

2022-06-09 21:55:40 - [MESSAGE][PASSED] - Object: 'Object Repository/HL Full Lifecycle/Function_access Viewer2' is clicked on

2022-06-09 21:55:45 - [MESSAGE][PASSED] - Delayed 5 second(s)

2022-06-09 21:55:46 - [MESSAGE][PASSED] - Object: 'Object Repository/HL Full Lifecycle/Function_AppButton' is clicked on

2022-06-09 21:55:51 - [MESSAGE][PASSED] - Delayed 5 second(s)

2022-06-09 21:55:59 - [MESSAGE][PASSED] - Object: 'Object Repository/HL Full Lifecycle/Function_Appbutton2' is clicked on

2022-06-09 21:55:59 - [TEST_STEP][PASSED] - delay(2): Delayed 2 second(s)

2022-06-09 21:56:01 - [MESSAGE][PASSED] - Delayed 2 second(s)

2022-06-09 21:56:01 - [TEST_STEP][PASSED] - task_af_cbono = I.Get_Task_No("//*[@id="kt_header"]/div/div[2]/div[2]/div[1]/span"): Text of object 'Object Repository/1. Constant/xpath' is: '89'

2022-06-09 21:56:02 - [MESSAGE][PASSED] - Text of object 'Object Repository/1. Constant/xpath' is: '89'

2022-06-09 21:56:02 - [TEST_STEP][PASSED] - verifyEqual(task_af_cbono, task_b4_cbono - 1): Actual object '89' and expected object '89' are equal

2022-06-09 21:56:02 - [MESSAGE][PASSED] - Actual object '89' and expected object '89' are equal

2022-06-09 21:56:02 - [TEST_STEP][PASSED] - closeBrowser(): Browser is closed

2022-06-09 21:56:03 - [MESSAGE][PASSED] - Browser is closed

2022-06-09 21:56:03 - [TEST_STEP][PASSED] - Start listener action : sampleAfterTestCase: null]]></system-out>
         <system-err><![CDATA[]]></system-err>
      </testcase>
      <testcase name="Test Cases/17. Tag StarPack Out of Office (OOO)/17.07 Starpack - Out of OfficeAdd_ErrorMsg User Management 17.08 P1" time="414.45" classname="Test Cases/17. Tag StarPack Out of Office (OOO)/17.07 Starpack - Out of OfficeAdd_ErrorMsg User Management 17.08 P1" status="PASSED">
         <system-out><![CDATA[2022-06-09 21:56:03 - [TEST_CASE][PASSED] - Test Cases/17. Tag StarPack Out of Office (OOO)/17.07 Starpack - Out of OfficeAdd_ErrorMsg User Management 17.08 P1: Test Cases/17. Tag StarPack Out of Office (OOO)/17.07 Starpack - Out of OfficeAdd_ErrorMsg User Management 17.08 P1

2022-06-09 21:56:03 - [TEST_STEP][PASSED] - data = findTestData("Data Files/Username_Password/Starpack (10June2021)"): null

2022-06-09 21:56:03 - [TEST_STEP][PASSED] - password_suser = data.getValue(2, 1): null

2022-06-09 21:56:03 - [TEST_STEP][PASSED] - password_aherms = data.getValue(2, 2): null

2022-06-09 21:56:03 - [TEST_STEP][PASSED] - password_agluszczynska = data.getValue(2, 3): null

2022-06-09 21:56:03 - [TEST_STEP][PASSED] - password_jmaciaszczyk = data.getValue(2, 4): null

2022-06-09 21:56:03 - [TEST_STEP][PASSED] - password_aterreshernandez = data.getValue(2, 5): null

2022-06-09 21:56:03 - [TEST_STEP][PASSED] - password_amartin_arbol = data.getValue(2, 6): null

2022-06-09 21:56:03 - [TEST_STEP][PASSED] - password_adelamatanieves = data.getValue(2, 7): null

2022-06-09 21:56:03 - [TEST_STEP][PASSED] - password_kcannoosamy_dia = data.getValue(2, 8): null

2022-06-09 21:56:03 - [TEST_STEP][PASSED] - data_urlRELAUTO = findTestData("Data Files/URL/URL_relauto"): null

2022-06-09 21:56:03 - [TEST_STEP][PASSED] - Url_Starpack = data_urlRELAUTO.getValue(2, 2): null

2022-06-09 21:56:03 - [TEST_STEP][PASSED] - openBrowser(Url_Starpack): Browser is opened with url: 'http://mdb-release.diadeis.lan/MediaboxIndependence/?MBI_datasource=RELTESTAUTO_STARPACK'

2022-06-09 21:56:03 - [MESSAGE][INFO] - Starting 'Chrome (headless)' driver

2022-06-09 21:56:03 - [MESSAGE][INFO] - User set preference: ['args', '[--window-size=1920,1080, --headless]']

2022-06-09 21:56:03 - [MESSAGE][INFO] - Action delay is set to 0 milliseconds

2022-06-09 21:56:11 - [MESSAGE][PASSED] - Browser is opened with url: 'http://mdb-release.diadeis.lan/MediaboxIndependence/?MBI_datasource=RELTESTAUTO_STARPACK'

2022-06-09 21:56:11 - [TEST_STEP][PASSED] - maximizeWindow(): Current window maximized

2022-06-09 21:56:11 - [MESSAGE][PASSED] - Current window maximized

2022-06-09 21:56:11 - [TEST_STEP][PASSED] - takeScreenshot(): Taking screenshot successfully

2022-06-09 21:56:11 - [MESSAGE][PASSED] - Taking screenshot successfully
[[ATTACHMENT|D:\\Projet Test Auto\\Mediabox Test Automation\\Reports\\20220609_181011\\03. Parallel Testing (Testing)\\TS -PT PART 3\\13 Tag StarPack Dreyers Out of Office\\20220609_181119\\1654804571654.png]]

2022-06-09 21:56:11 - [TEST_STEP][PASSED] - I.Login_password("suser", password_suser): Object: 'Object Repository/1. Constant/xpath' is clicked on

2022-06-09 21:56:12 - [MESSAGE][PASSED] - Text 'suser' is set on object 'Object Repository/1. Constant/xpath'

2022-06-09 21:56:13 - [MESSAGE][PASSED] - Delayed 1 second(s)

2022-06-09 21:56:14 - [MESSAGE][PASSED] - Text 'dchi2' is set on object 'Object Repository/1. Constant/xpath'

2022-06-09 21:56:15 - [MESSAGE][PASSED] - Delayed 1 second(s)

2022-06-09 21:56:24 - [MESSAGE][PASSED] - Object: 'Object Repository/1. Constant/xpath' is clicked on

2022-06-09 21:56:24 - [TEST_STEP][PASSED] - takeScreenshot(): Taking screenshot successfully

2022-06-09 21:56:25 - [MESSAGE][PASSED] - Taking screenshot successfully
[[ATTACHMENT|D:\\Projet Test Auto\\Mediabox Test Automation\\Reports\\20220609_181011\\03. Parallel Testing (Testing)\\TS -PT PART 3\\13 Tag StarPack Dreyers Out of Office\\20220609_181119\\1654804584877.png]]

2022-06-09 21:56:25 - [TEST_STEP][PASSED] - click(findTestObject("xxx Todelete/1.0 R_Menu_Settings id_kt_aside_menu_ul_li11aspan2")): Object: 'Object Repository/xxx Todelete/1.0 R_Menu_Settings id_kt_aside_menu_ul_li11aspan2' is clicked on

2022-06-09 21:56:25 - [MESSAGE][PASSED] - Object: 'Object Repository/xxx Todelete/1.0 R_Menu_Settings id_kt_aside_menu_ul_li11aspan2' is clicked on

2022-06-09 21:56:25 - [TEST_STEP][PASSED] - takeScreenshot(): Taking screenshot successfully

2022-06-09 21:56:25 - [MESSAGE][PASSED] - Taking screenshot successfully
[[ATTACHMENT|D:\\Projet Test Auto\\Mediabox Test Automation\\Reports\\20220609_181011\\03. Parallel Testing (Testing)\\TS -PT PART 3\\13 Tag StarPack Dreyers Out of Office\\20220609_181119\\1654804585461.png]]

2022-06-09 21:56:25 - [TEST_STEP][PASSED] - delay(3): Delayed 3 second(s)

2022-06-09 21:56:28 - [MESSAGE][PASSED] - Delayed 3 second(s)

2022-06-09 21:56:28 - [TEST_STEP][PASSED] - click(findTestObject("xxx Todelete/1.01_Menu_Usermanagement id_kt_aside_menu_ul_li11div_ul_li2aspan")): Object: 'Object Repository/xxx Todelete/1.01_Menu_Usermanagement id_kt_aside_menu_ul_li11div_ul_li2aspan' is clicked on

2022-06-09 21:56:47 - [MESSAGE][PASSED] - Object: 'Object Repository/xxx Todelete/1.01_Menu_Usermanagement id_kt_aside_menu_ul_li11div_ul_li2aspan' is clicked on

2022-06-09 21:56:47 - [TEST_STEP][PASSED] - setText(findTestObject("1. Constant/xpath", ["xpath":"//*[@id="users_table_filter"]/label/input"]), "mediabox.outofoffice1@gmail.com"): Text 'mediabox.outofoffice1@gmail.com' is set on object 'Object Repository/1. Constant/xpath'

2022-06-09 21:56:49 - [MESSAGE][PASSED] - Text 'mediabox.outofoffice1@gmail.com' is set on object 'Object Repository/1. Constant/xpath'

2022-06-09 21:56:49 - [TEST_STEP][PASSED] - delay(1): Delayed 1 second(s)

2022-06-09 21:56:50 - [MESSAGE][PASSED] - Delayed 1 second(s)

2022-06-09 21:56:50 - [TEST_STEP][PASSED] - click(findTestObject("1. Constant/xpath", ["xpath":"//*[@id="selectAllUser"]"])): Object: 'Object Repository/1. Constant/xpath' is clicked on

2022-06-09 21:56:50 - [MESSAGE][PASSED] - Object: 'Object Repository/1. Constant/xpath' is clicked on

2022-06-09 21:56:50 - [TEST_STEP][PASSED] - delay(1): Delayed 1 second(s)

2022-06-09 21:56:51 - [MESSAGE][PASSED] - Delayed 1 second(s)

2022-06-09 21:56:51 - [TEST_STEP][PASSED] - selectOptionByValue(findTestObject("1. Constant/xpath", ["xpath":"//*[@id="select2_grouped_actions"]"]), "setdelegation", false): All options with value 'setdelegation' are selected in object 'Object Repository/1. Constant/xpath' 

2022-06-09 21:56:53 - [MESSAGE][PASSED] - All options with value 'setdelegation' are selected in object 'Object Repository/1. Constant/xpath' 

2022-06-09 21:56:53 - [TEST_STEP][PASSED] - delay(1): Delayed 1 second(s)

2022-06-09 21:56:55 - [MESSAGE][PASSED] - Delayed 1 second(s)

2022-06-09 21:56:55 - [TEST_STEP][PASSED] - takeScreenshot(): Taking screenshot successfully

2022-06-09 21:56:55 - [MESSAGE][PASSED] - Taking screenshot successfully
[[ATTACHMENT|D:\\Projet Test Auto\\Mediabox Test Automation\\Reports\\20220609_181011\\03. Parallel Testing (Testing)\\TS -PT PART 3\\13 Tag StarPack Dreyers Out of Office\\20220609_181119\\1654804615016.png]]

2022-06-09 21:56:55 - [TEST_STEP][PASSED] - click(findTestObject("1. Constant/xpath", ["xpath":"//*[@id="send_action_grouped"]"])): Object: 'Object Repository/1. Constant/xpath' is clicked on

2022-06-09 21:56:55 - [MESSAGE][PASSED] - Object: 'Object Repository/1. Constant/xpath' is clicked on

2022-06-09 21:56:55 - [TEST_STEP][PASSED] - I.VerifyMatchText("//*[@id="UpdateDelegations"]/div[1]/h5", "Arthur FRON's active delegations"): Actual text 'Arthur FRON's active delegations' and expected text 'Arthur FRON's active delegations' are matched 

2022-06-09 21:56:56 - [MESSAGE][PASSED] - Text of object 'Object Repository/1. Constant/xpath' is: 'Arthur FRON's active delegations'

2022-06-09 21:56:57 - [MESSAGE][PASSED] - Delayed 1 second(s)

2022-06-09 21:56:57 - [MESSAGE][PASSED] - Actual text 'Arthur FRON's active delegations' and expected text 'Arthur FRON's active delegations' are matched 

2022-06-09 21:56:57 - [TEST_STEP][PASSED] - I.VerifyMatchText("//*[@id="UpdateDelegations"]/div[2]/h5", "agency1 1's active delegations"): Actual text 'agency1 1's active delegations' and expected text 'agency1 1's active delegations' are matched 

2022-06-09 21:56:57 - [MESSAGE][PASSED] - Text of object 'Object Repository/1. Constant/xpath' is: 'agency1 1's active delegations'

2022-06-09 21:56:58 - [MESSAGE][PASSED] - Delayed 1 second(s)

2022-06-09 21:56:58 - [MESSAGE][PASSED] - Actual text 'agency1 1's active delegations' and expected text 'agency1 1's active delegations' are matched 

2022-06-09 21:56:58 - [TEST_STEP][PASSED] - I.VerifyMatchText("//*[@id="UpdateDelegations"]/div[3]/h5", "packaging1 1's active delegations"): Actual text 'packaging1 1's active delegations' and expected text 'packaging1 1's active delegations' are matched 

2022-06-09 21:56:58 - [MESSAGE][PASSED] - Text of object 'Object Repository/1. Constant/xpath' is: 'packaging1 1's active delegations'

2022-06-09 21:56:59 - [MESSAGE][PASSED] - Delayed 1 second(s)

2022-06-09 21:56:59 - [MESSAGE][PASSED] - Actual text 'packaging1 1's active delegations' and expected text 'packaging1 1's active delegations' are matched 

2022-06-09 21:56:59 - [TEST_STEP][PASSED] - click(findTestObject("1. Constant/xpath", ["xpath":"//*[@id="btn_add_delegation_afron"]"])): Object: 'Object Repository/1. Constant/xpath' is clicked on

2022-06-09 21:56:59 - [MESSAGE][PASSED] - Object: 'Object Repository/1. Constant/xpath' is clicked on

2022-06-09 21:56:59 - [TEST_STEP][PASSED] - delay(1): Delayed 1 second(s)

2022-06-09 21:57:00 - [MESSAGE][PASSED] - Delayed 1 second(s)

2022-06-09 21:57:00 - [TEST_STEP][PASSED] - click(findTestObject("1. Constant/xpath", ["xpath":"//*[@id="btn_change_delegations"]"])): Object: 'Object Repository/1. Constant/xpath' is clicked on

2022-06-09 21:57:01 - [MESSAGE][PASSED] - Object: 'Object Repository/1. Constant/xpath' is clicked on

2022-06-09 21:57:01 - [TEST_STEP][PASSED] - err1 = getText(findTestObject("1. Constant/xpath", ["xpath":"//*[@id="toast-container"]/div[1]/div[2]"])): Text of object 'Object Repository/1. Constant/xpath' is: 'Error : Please fill in delegate user'

2022-06-09 21:57:01 - [MESSAGE][PASSED] - Text of object 'Object Repository/1. Constant/xpath' is: 'Error : Please fill in delegate user'

2022-06-09 21:57:01 - [TEST_STEP][PASSED] - err2 = getText(findTestObject("1. Constant/xpath", ["xpath":"//*[@id="toast-container"]/div[2]/div[2]"])): Text of object 'Object Repository/1. Constant/xpath' is: 'Error : Please fill in delegation's dates'

2022-06-09 21:57:01 - [MESSAGE][PASSED] - Text of object 'Object Repository/1. Constant/xpath' is: 'Error : Please fill in delegation's dates'

2022-06-09 21:57:01 - [TEST_STEP][PASSED] - verifyMatch(err1, "Error : Please fill in delegate user", false): Actual text 'Error : Please fill in delegate user' and expected text 'Error : Please fill in delegate user' are matched 

2022-06-09 21:57:01 - [MESSAGE][PASSED] - Actual text 'Error : Please fill in delegate user' and expected text 'Error : Please fill in delegate user' are matched 

2022-06-09 21:57:01 - [TEST_STEP][PASSED] - verifyMatch(err2, "Error : Please fill in delegation's dates", false): Actual text 'Error : Please fill in delegation's dates' and expected text 'Error : Please fill in delegation's dates' are matched 

2022-06-09 21:57:01 - [MESSAGE][PASSED] - Actual text 'Error : Please fill in delegation's dates' and expected text 'Error : Please fill in delegation's dates' are matched 

2022-06-09 21:57:01 - [TEST_STEP][PASSED] - takeScreenshot(): Taking screenshot successfully

2022-06-09 21:57:02 - [MESSAGE][PASSED] - Taking screenshot successfully
[[ATTACHMENT|D:\\Projet Test Auto\\Mediabox Test Automation\\Reports\\20220609_181011\\03. Parallel Testing (Testing)\\TS -PT PART 3\\13 Tag StarPack Dreyers Out of Office\\20220609_181119\\1654804621974.png]]

2022-06-09 21:57:02 - [TEST_STEP][PASSED] - delay(5): Delayed 5 second(s)

2022-06-09 21:57:07 - [MESSAGE][PASSED] - Delayed 5 second(s)

2022-06-09 21:57:07 - [TEST_STEP][PASSED] - I.UserManagement_Delegate_Select_date_PreviousMonth("//*[@id="delegation_start_date_afron_new1"]"): Object: 'Object Repository/1. Constant/xpath' is clicked on

2022-06-09 21:57:07 - [MESSAGE][PASSED] - Object: 'Object Repository/1. Constant/xpath' is clicked on

2022-06-09 21:57:39 - [MESSAGE][PASSED] - Delayed 32 second(s)

2022-06-09 21:57:39 - [MESSAGE][PASSED] - Object: 'Object Repository/1. Constant/xpath' is clicked on

2022-06-09 21:57:42 - [MESSAGE][PASSED] - Delayed 3 second(s)

2022-06-09 21:57:43 - [MESSAGE][PASSED] - Object: 'Object Repository/1. Constant/xpath' is clicked on

2022-06-09 21:57:43 - [TEST_STEP][PASSED] - delay(3): Delayed 3 second(s)

2022-06-09 21:57:46 - [MESSAGE][PASSED] - Delayed 3 second(s)

2022-06-09 21:57:46 - [TEST_STEP][PASSED] - I.UserManagement_Delegate_Select_date_NextMonth("//*[@id="delegation_end_date_afron_new1"]"): Object: 'Object Repository/1. Constant/xpath' is clicked on

2022-06-09 21:57:46 - [MESSAGE][PASSED] - Object: 'Object Repository/1. Constant/xpath' is clicked on

2022-06-09 21:57:49 - [MESSAGE][PASSED] - Delayed 3 second(s)

2022-06-09 21:57:49 - [MESSAGE][PASSED] - Object: 'Object Repository/1. Constant/xpath' is clicked on

2022-06-09 21:57:52 - [MESSAGE][PASSED] - Delayed 3 second(s)

2022-06-09 21:57:52 - [MESSAGE][PASSED] - Object: 'Object Repository/1. Constant/xpath' is clicked on

2022-06-09 21:57:52 - [TEST_STEP][PASSED] - delay(3): Delayed 3 second(s)

2022-06-09 21:57:55 - [MESSAGE][PASSED] - Delayed 3 second(s)

2022-06-09 21:57:55 - [TEST_STEP][PASSED] - selectOptionByValue(findTestObject("1. Constant/xpath", ["xpath":"//*[@id="delegation_select_user_afron_new1"]"]), "jmartinez_almarza", false): All options with value 'jmartinez_almarza' are selected in object 'Object Repository/1. Constant/xpath' 

2022-06-09 21:57:55 - [MESSAGE][PASSED] - All options with value 'jmartinez_almarza' are selected in object 'Object Repository/1. Constant/xpath' 

2022-06-09 21:57:55 - [TEST_STEP][PASSED] - delay(3): Delayed 3 second(s)

2022-06-09 21:57:59 - [MESSAGE][PASSED] - Delayed 3 second(s)

2022-06-09 21:57:59 - [TEST_STEP][PASSED] - verifyElementPresent(findTestObject("1. Constant/xpath", ["xpath":"//*[@id="btn_add_delegation_afron"]"]), 2): Object 'Object Repository/1. Constant/xpath' is present

2022-06-09 21:57:59 - [MESSAGE][PASSED] - Object 'Object Repository/1. Constant/xpath' is present

2022-06-09 21:57:59 - [TEST_STEP][PASSED] - takeScreenshot(): Taking screenshot successfully

2022-06-09 21:57:59 - [MESSAGE][PASSED] - Taking screenshot successfully
[[ATTACHMENT|D:\\Projet Test Auto\\Mediabox Test Automation\\Reports\\20220609_181011\\03. Parallel Testing (Testing)\\TS -PT PART 3\\13 Tag StarPack Dreyers Out of Office\\20220609_181119\\1654804679303.png]]

2022-06-09 21:57:59 - [TEST_STEP][PASSED] - delay(1): Delayed 1 second(s)

2022-06-09 21:58:00 - [MESSAGE][PASSED] - Delayed 1 second(s)

2022-06-09 21:58:00 - [TEST_STEP][PASSED] - verifyElementVisible(findTestObject("1. Constant/xpath", ["xpath":"//*[@id="btn_add_delegation_afron"]"])): Object 'Object Repository/1. Constant/xpath' is visible

2022-06-09 21:58:00 - [MESSAGE][PASSED] - Object 'Object Repository/1. Constant/xpath' is visible

2022-06-09 21:58:00 - [TEST_STEP][PASSED] - click(findTestObject("1. Constant/xpath", ["xpath":"//*[@id="btn_add_delegation_1agency1"]"])): Object: 'Object Repository/1. Constant/xpath' is clicked on

2022-06-09 21:58:00 - [MESSAGE][PASSED] - Object: 'Object Repository/1. Constant/xpath' is clicked on

2022-06-09 21:58:00 - [TEST_STEP][PASSED] - I.UserManagement_Delegate_Select_date_PreviousMonth("//*[@id="delegation_start_date_1agency1_new1"]"): Object: 'Object Repository/1. Constant/xpath' is clicked on

2022-06-09 21:58:01 - [MESSAGE][PASSED] - Object: 'Object Repository/1. Constant/xpath' is clicked on

2022-06-09 21:58:33 - [MESSAGE][PASSED] - Delayed 32 second(s)

2022-06-09 21:58:35 - [MESSAGE][PASSED] - Object: 'Object Repository/1. Constant/xpath' is clicked on

2022-06-09 21:58:38 - [MESSAGE][PASSED] - Delayed 3 second(s)

2022-06-09 21:58:40 - [MESSAGE][PASSED] - Object: 'Object Repository/1. Constant/xpath' is clicked on

2022-06-09 21:58:40 - [TEST_STEP][PASSED] - delay(1): Delayed 1 second(s)

2022-06-09 21:58:41 - [MESSAGE][PASSED] - Delayed 1 second(s)

2022-06-09 21:58:41 - [TEST_STEP][PASSED] - I.UserManagement_Delegate_Select_date_NextMonth("//*[@id="delegation_end_date_1agency1_new1"]"): Object: 'Object Repository/1. Constant/xpath' is clicked on

2022-06-09 21:58:43 - [MESSAGE][PASSED] - Object: 'Object Repository/1. Constant/xpath' is clicked on

2022-06-09 21:58:46 - [MESSAGE][PASSED] - Delayed 3 second(s)

2022-06-09 21:58:49 - [MESSAGE][PASSED] - Object: 'Object Repository/1. Constant/xpath' is clicked on

2022-06-09 21:58:52 - [MESSAGE][PASSED] - Delayed 3 second(s)

2022-06-09 21:58:54 - [MESSAGE][PASSED] - Object: 'Object Repository/1. Constant/xpath' is clicked on

2022-06-09 21:58:54 - [TEST_STEP][PASSED] - delay(3): Delayed 3 second(s)

2022-06-09 21:58:57 - [MESSAGE][PASSED] - Delayed 3 second(s)

2022-06-09 21:58:57 - [TEST_STEP][PASSED] - selectOptionByValue(findTestObject("1. Constant/xpath", ["xpath":"//*[@id="delegation_select_user_1agency1_new1"]"]), "_almeida", false): All options with value '_almeida' are selected in object 'Object Repository/1. Constant/xpath' 

2022-06-09 21:59:01 - [MESSAGE][PASSED] - All options with value '_almeida' are selected in object 'Object Repository/1. Constant/xpath' 

2022-06-09 21:59:01 - [TEST_STEP][PASSED] - takeScreenshot(): Taking screenshot successfully

2022-06-09 21:59:02 - [MESSAGE][PASSED] - Taking screenshot successfully
[[ATTACHMENT|D:\\Projet Test Auto\\Mediabox Test Automation\\Reports\\20220609_181011\\03. Parallel Testing (Testing)\\TS -PT PART 3\\13 Tag StarPack Dreyers Out of Office\\20220609_181119\\1654804742216.png]]

2022-06-09 21:59:02 - [TEST_STEP][PASSED] - click(findTestObject("1. Constant/xpath", ["xpath":"//*[@id="btn_add_delegation_1agency1"]"])): Object: 'Object Repository/1. Constant/xpath' is clicked on

2022-06-09 21:59:04 - [MESSAGE][PASSED] - Object: 'Object Repository/1. Constant/xpath' is clicked on

2022-06-09 21:59:04 - [TEST_STEP][PASSED] - I.UserManagement_Delegate_Select_date_PreviousMonth("//*[@id="delegation_start_date_1agency1_new2"]"): Object: 'Object Repository/1. Constant/xpath' is clicked on

2022-06-09 21:59:06 - [MESSAGE][PASSED] - Object: 'Object Repository/1. Constant/xpath' is clicked on

2022-06-09 21:59:38 - [MESSAGE][PASSED] - Delayed 32 second(s)

2022-06-09 21:59:40 - [MESSAGE][PASSED] - Object: 'Object Repository/1. Constant/xpath' is clicked on

2022-06-09 21:59:43 - [MESSAGE][PASSED] - Delayed 3 second(s)

2022-06-09 21:59:43 - [MESSAGE][PASSED] - Object: 'Object Repository/1. Constant/xpath' is clicked on

2022-06-09 21:59:43 - [TEST_STEP][PASSED] - delay(3): Delayed 3 second(s)

2022-06-09 21:59:46 - [MESSAGE][PASSED] - Delayed 3 second(s)

2022-06-09 21:59:46 - [TEST_STEP][PASSED] - I.UserManagement_Delegate_Select_date_NextMonth("//*[@id="delegation_end_date_1agency1_new2"]"): Object: 'Object Repository/1. Constant/xpath' is clicked on

2022-06-09 21:59:48 - [MESSAGE][PASSED] - Object: 'Object Repository/1. Constant/xpath' is clicked on

2022-06-09 21:59:51 - [MESSAGE][PASSED] - Delayed 3 second(s)

2022-06-09 21:59:51 - [MESSAGE][PASSED] - Object: 'Object Repository/1. Constant/xpath' is clicked on

2022-06-09 21:59:54 - [MESSAGE][PASSED] - Delayed 3 second(s)

2022-06-09 21:59:54 - [MESSAGE][PASSED] - Object: 'Object Repository/1. Constant/xpath' is clicked on

2022-06-09 21:59:54 - [TEST_STEP][PASSED] - delay(3): Delayed 3 second(s)

2022-06-09 21:59:57 - [MESSAGE][PASSED] - Delayed 3 second(s)

2022-06-09 21:59:57 - [TEST_STEP][PASSED] - selectOptionByValue(findTestObject("1. Constant/xpath", ["xpath":"//*[@id="delegation_select_user_1agency1_new2"]"]), "1packaging1", false): All options with value '1packaging1' are selected in object 'Object Repository/1. Constant/xpath' 

2022-06-09 21:59:58 - [MESSAGE][PASSED] - All options with value '1packaging1' are selected in object 'Object Repository/1. Constant/xpath' 

2022-06-09 21:59:58 - [TEST_STEP][PASSED] - delay(1): Delayed 1 second(s)

2022-06-09 21:59:59 - [MESSAGE][PASSED] - Delayed 1 second(s)

2022-06-09 21:59:59 - [TEST_STEP][PASSED] - verifyElementVisible(findTestObject("1. Constant/xpath", ["xpath":"//*[@id="btn_add_delegation_1agency1"]"])): Object 'Object Repository/1. Constant/xpath' is visible

2022-06-09 21:59:59 - [MESSAGE][PASSED] - Object 'Object Repository/1. Constant/xpath' is visible

2022-06-09 21:59:59 - [TEST_STEP][PASSED] - takeScreenshot(): Taking screenshot successfully

2022-06-09 21:59:59 - [MESSAGE][PASSED] - Taking screenshot successfully
[[ATTACHMENT|D:\\Projet Test Auto\\Mediabox Test Automation\\Reports\\20220609_181011\\03. Parallel Testing (Testing)\\TS -PT PART 3\\13 Tag StarPack Dreyers Out of Office\\20220609_181119\\1654804799539.png]]

2022-06-09 21:59:59 - [TEST_STEP][PASSED] - click(findTestObject("1. Constant/xpath", ["xpath":"//*[@id="btn_add_delegation_1packaging1"]"])): Object: 'Object Repository/1. Constant/xpath' is clicked on

2022-06-09 22:00:00 - [MESSAGE][PASSED] - Object: 'Object Repository/1. Constant/xpath' is clicked on

2022-06-09 22:00:00 - [TEST_STEP][PASSED] - I.UserManagement_Delegate_Select_date_PreviousMonth("//*[@id="delegation_start_date_1packaging1_new1"]"): Object: 'Object Repository/1. Constant/xpath' is clicked on

2022-06-09 22:00:01 - [MESSAGE][PASSED] - Object: 'Object Repository/1. Constant/xpath' is clicked on

2022-06-09 22:00:33 - [MESSAGE][PASSED] - Delayed 32 second(s)

2022-06-09 22:00:33 - [MESSAGE][PASSED] - Object: 'Object Repository/1. Constant/xpath' is clicked on

2022-06-09 22:00:36 - [MESSAGE][PASSED] - Delayed 3 second(s)

2022-06-09 22:00:36 - [MESSAGE][PASSED] - Object: 'Object Repository/1. Constant/xpath' is clicked on

2022-06-09 22:00:36 - [TEST_STEP][PASSED] - delay(1): Delayed 1 second(s)

2022-06-09 22:00:37 - [MESSAGE][PASSED] - Delayed 1 second(s)

2022-06-09 22:00:37 - [TEST_STEP][PASSED] - I.UserManagement_Delegate_Select_date_NextMonth("//*[@id="delegation_end_date_1packaging1_new1"]"): Object: 'Object Repository/1. Constant/xpath' is clicked on

2022-06-09 22:00:38 - [MESSAGE][PASSED] - Object: 'Object Repository/1. Constant/xpath' is clicked on

2022-06-09 22:00:41 - [MESSAGE][PASSED] - Delayed 3 second(s)

2022-06-09 22:00:41 - [MESSAGE][PASSED] - Object: 'Object Repository/1. Constant/xpath' is clicked on

2022-06-09 22:00:44 - [MESSAGE][PASSED] - Delayed 3 second(s)

2022-06-09 22:00:45 - [MESSAGE][PASSED] - Object: 'Object Repository/1. Constant/xpath' is clicked on

2022-06-09 22:00:45 - [TEST_STEP][PASSED] - selectOptionByValue(findTestObject("1. Constant/xpath", ["xpath":"//*[@id="delegation_select_user_1packaging1_new1"]"]), "_almeida", false): All options with value '_almeida' are selected in object 'Object Repository/1. Constant/xpath' 

2022-06-09 22:00:46 - [MESSAGE][PASSED] - All options with value '_almeida' are selected in object 'Object Repository/1. Constant/xpath' 

2022-06-09 22:00:46 - [TEST_STEP][PASSED] - takeScreenshot(): Taking screenshot successfully

2022-06-09 22:00:46 - [MESSAGE][PASSED] - Taking screenshot successfully
[[ATTACHMENT|D:\\Projet Test Auto\\Mediabox Test Automation\\Reports\\20220609_181011\\03. Parallel Testing (Testing)\\TS -PT PART 3\\13 Tag StarPack Dreyers Out of Office\\20220609_181119\\1654804846240.png]]

2022-06-09 22:00:46 - [TEST_STEP][PASSED] - click(findTestObject("1. Constant/xpath", ["xpath":"//*[@id="btn_add_delegation_1packaging1"]"])): Object: 'Object Repository/1. Constant/xpath' is clicked on

2022-06-09 22:00:46 - [MESSAGE][PASSED] - Object: 'Object Repository/1. Constant/xpath' is clicked on

2022-06-09 22:00:46 - [TEST_STEP][PASSED] - I.UserManagement_Delegate_Select_date_PreviousMonth("//*[@id="delegation_start_date_1packaging1_new2"]"): Object: 'Object Repository/1. Constant/xpath' is clicked on

2022-06-09 22:00:47 - [MESSAGE][PASSED] - Object: 'Object Repository/1. Constant/xpath' is clicked on

2022-06-09 22:01:19 - [MESSAGE][PASSED] - Delayed 32 second(s)

2022-06-09 22:01:19 - [MESSAGE][PASSED] - Object: 'Object Repository/1. Constant/xpath' is clicked on

2022-06-09 22:01:22 - [MESSAGE][PASSED] - Delayed 3 second(s)

2022-06-09 22:01:24 - [MESSAGE][PASSED] - Object: 'Object Repository/1. Constant/xpath' is clicked on

2022-06-09 22:01:24 - [TEST_STEP][PASSED] - delay(1): Delayed 1 second(s)

2022-06-09 22:01:25 - [MESSAGE][PASSED] - Delayed 1 second(s)

2022-06-09 22:01:25 - [TEST_STEP][PASSED] - I.UserManagement_Delegate_Select_date_NextMonth("//*[@id="delegation_end_date_1packaging1_new2"]"): Object: 'Object Repository/1. Constant/xpath' is clicked on

2022-06-09 22:01:28 - [MESSAGE][PASSED] - Object: 'Object Repository/1. Constant/xpath' is clicked on

2022-06-09 22:01:31 - [MESSAGE][PASSED] - Delayed 3 second(s)

2022-06-09 22:01:31 - [MESSAGE][PASSED] - Object: 'Object Repository/1. Constant/xpath' is clicked on

2022-06-09 22:01:34 - [MESSAGE][PASSED] - Delayed 3 second(s)

2022-06-09 22:01:34 - [MESSAGE][PASSED] - Object: 'Object Repository/1. Constant/xpath' is clicked on

2022-06-09 22:01:34 - [TEST_STEP][PASSED] - selectOptionByValue(findTestObject("1. Constant/xpath", ["xpath":"//*[@id="delegation_select_user_1packaging1_new2"]"]), "fazer", false): All options with value 'fazer' are selected in object 'Object Repository/1. Constant/xpath' 

2022-06-09 22:01:35 - [MESSAGE][PASSED] - All options with value 'fazer' are selected in object 'Object Repository/1. Constant/xpath' 

2022-06-09 22:01:35 - [TEST_STEP][PASSED] - takeScreenshot(): Taking screenshot successfully

2022-06-09 22:01:35 - [MESSAGE][PASSED] - Taking screenshot successfully
[[ATTACHMENT|D:\\Projet Test Auto\\Mediabox Test Automation\\Reports\\20220609_181011\\03. Parallel Testing (Testing)\\TS -PT PART 3\\13 Tag StarPack Dreyers Out of Office\\20220609_181119\\1654804895231.png]]

2022-06-09 22:01:35 - [TEST_STEP][PASSED] - click(findTestObject("1. Constant/xpath", ["xpath":"//*[@id="btn_add_delegation_1packaging1"]"])): Object: 'Object Repository/1. Constant/xpath' is clicked on

2022-06-09 22:01:37 - [MESSAGE][PASSED] - Object: 'Object Repository/1. Constant/xpath' is clicked on

2022-06-09 22:01:37 - [TEST_STEP][PASSED] - I.UserManagement_Delegate_Select_date_PreviousMonth("//*[@id="delegation_start_date_1packaging1_new3"]"): Object: 'Object Repository/1. Constant/xpath' is clicked on

2022-06-09 22:01:37 - [MESSAGE][PASSED] - Object: 'Object Repository/1. Constant/xpath' is clicked on

2022-06-09 22:02:09 - [MESSAGE][PASSED] - Delayed 32 second(s)

2022-06-09 22:02:10 - [MESSAGE][PASSED] - Object: 'Object Repository/1. Constant/xpath' is clicked on

2022-06-09 22:02:13 - [MESSAGE][PASSED] - Delayed 3 second(s)

2022-06-09 22:02:13 - [MESSAGE][PASSED] - Object: 'Object Repository/1. Constant/xpath' is clicked on

2022-06-09 22:02:13 - [TEST_STEP][PASSED] - delay(1): Delayed 1 second(s)

2022-06-09 22:02:14 - [MESSAGE][PASSED] - Delayed 1 second(s)

2022-06-09 22:02:14 - [TEST_STEP][PASSED] - I.UserManagement_Delegate_Select_date_NextMonth("//*[@id="delegation_end_date_1packaging1_new3"]"): Object: 'Object Repository/1. Constant/xpath' is clicked on

2022-06-09 22:02:16 - [MESSAGE][PASSED] - Object: 'Object Repository/1. Constant/xpath' is clicked on

2022-06-09 22:02:19 - [MESSAGE][PASSED] - Delayed 3 second(s)

2022-06-09 22:02:20 - [MESSAGE][PASSED] - Object: 'Object Repository/1. Constant/xpath' is clicked on

2022-06-09 22:02:23 - [MESSAGE][PASSED] - Delayed 3 second(s)

2022-06-09 22:02:23 - [MESSAGE][PASSED] - Object: 'Object Repository/1. Constant/xpath' is clicked on

2022-06-09 22:02:23 - [TEST_STEP][PASSED] - selectOptionByValue(findTestObject("1. Constant/xpath", ["xpath":"//*[@id="delegation_select_user_1packaging1_new3"]"]), "jmartinez_almarza", false): All options with value 'jmartinez_almarza' are selected in object 'Object Repository/1. Constant/xpath' 

2022-06-09 22:02:25 - [MESSAGE][PASSED] - All options with value 'jmartinez_almarza' are selected in object 'Object Repository/1. Constant/xpath' 

2022-06-09 22:02:25 - [TEST_STEP][PASSED] - delay(1): Delayed 1 second(s)

2022-06-09 22:02:26 - [MESSAGE][PASSED] - Delayed 1 second(s)

2022-06-09 22:02:26 - [TEST_STEP][PASSED] - verifyElementNotVisible(findTestObject("1. Constant/xpath", ["xpath":"//*[@id="btn_add_delegation_1packaging1"]"])): Object 'Object Repository/1. Constant/xpath' is NOT visible

2022-06-09 22:02:26 - [MESSAGE][PASSED] - Object 'Object Repository/1. Constant/xpath' is NOT visible

2022-06-09 22:02:26 - [TEST_STEP][PASSED] - takeScreenshot(): Taking screenshot successfully

2022-06-09 22:02:26 - [MESSAGE][PASSED] - Taking screenshot successfully
[[ATTACHMENT|D:\\Projet Test Auto\\Mediabox Test Automation\\Reports\\20220609_181011\\03. Parallel Testing (Testing)\\TS -PT PART 3\\13 Tag StarPack Dreyers Out of Office\\20220609_181119\\1654804946537.png]]

2022-06-09 22:02:26 - [TEST_STEP][PASSED] - click(findTestObject("1. Constant/xpath", ["xpath":"//*[@id="btn_change_delegations"]"])): Object: 'Object Repository/1. Constant/xpath' is clicked on

2022-06-09 22:02:43 - [MESSAGE][PASSED] - Object: 'Object Repository/1. Constant/xpath' is clicked on

2022-06-09 22:02:43 - [TEST_STEP][PASSED] - takeScreenshot(): Taking screenshot successfully

2022-06-09 22:02:46 - [MESSAGE][PASSED] - Taking screenshot successfully
[[ATTACHMENT|D:\\Projet Test Auto\\Mediabox Test Automation\\Reports\\20220609_181011\\03. Parallel Testing (Testing)\\TS -PT PART 3\\13 Tag StarPack Dreyers Out of Office\\20220609_181119\\1654804966133.png]]

2022-06-09 22:02:46 - [TEST_STEP][PASSED] - closeBrowser(): Browser is closed

2022-06-09 22:02:57 - [MESSAGE][PASSED] - Browser is closed

2022-06-09 22:02:57 - [TEST_STEP][PASSED] - Start listener action : sampleAfterTestCase: null]]></system-out>
         <system-err><![CDATA[]]></system-err>
      </testcase>
      <testcase name="Test Cases/17. Tag StarPack Out of Office (OOO)/17.08 Starpack Out of Office DElete delegate User Management P2" time="170.227" classname="Test Cases/17. Tag StarPack Out of Office (OOO)/17.08 Starpack Out of Office DElete delegate User Management P2" status="PASSED">
         <system-out><![CDATA[2022-06-09 22:02:57 - [TEST_CASE][PASSED] - Test Cases/17. Tag StarPack Out of Office (OOO)/17.08 Starpack Out of Office DElete delegate User Management P2: Test Cases/17. Tag StarPack Out of Office (OOO)/17.08 Starpack Out of Office DElete delegate User Management P2

2022-06-09 22:02:58 - [TEST_STEP][PASSED] - data = findTestData("Data Files/Username_Password/Starpack (10June2021)"): null

2022-06-09 22:02:58 - [TEST_STEP][PASSED] - password_suser = data.getValue(2, 1): null

2022-06-09 22:02:58 - [TEST_STEP][PASSED] - password_aherms = data.getValue(2, 2): null

2022-06-09 22:02:58 - [TEST_STEP][PASSED] - password_agluszczynska = data.getValue(2, 3): null

2022-06-09 22:02:58 - [TEST_STEP][PASSED] - password_jmaciaszczyk = data.getValue(2, 4): null

2022-06-09 22:02:58 - [TEST_STEP][PASSED] - password_aterreshernandez = data.getValue(2, 5): null

2022-06-09 22:02:58 - [TEST_STEP][PASSED] - password_amartin_arbol = data.getValue(2, 6): null

2022-06-09 22:02:58 - [TEST_STEP][PASSED] - password_adelamatanieves = data.getValue(2, 7): null

2022-06-09 22:02:58 - [TEST_STEP][PASSED] - password_kcannoosamy_dia = data.getValue(2, 8): null

2022-06-09 22:02:58 - [TEST_STEP][PASSED] - password_jmarest = data.getValue(2, 9): null

2022-06-09 22:02:58 - [TEST_STEP][PASSED] - password_jmartinez_almarza = data.getValue(2, 10): null

2022-06-09 22:02:58 - [TEST_STEP][PASSED] - data_urlRELAUTO = findTestData("Data Files/URL/URL_relauto"): null

2022-06-09 22:02:58 - [TEST_STEP][PASSED] - Url_Starpack = data_urlRELAUTO.getValue(2, 2): null

2022-06-09 22:02:58 - [TEST_STEP][PASSED] - openBrowser(Url_Starpack): Browser is opened with url: 'http://mdb-release.diadeis.lan/MediaboxIndependence/?MBI_datasource=RELTESTAUTO_STARPACK'

2022-06-09 22:02:58 - [MESSAGE][INFO] - Starting 'Chrome (headless)' driver

2022-06-09 22:02:58 - [MESSAGE][INFO] - User set preference: ['args', '[--window-size=1920,1080, --headless]']

2022-06-09 22:02:58 - [MESSAGE][INFO] - Action delay is set to 0 milliseconds

2022-06-09 22:03:18 - [MESSAGE][PASSED] - Browser is opened with url: 'http://mdb-release.diadeis.lan/MediaboxIndependence/?MBI_datasource=RELTESTAUTO_STARPACK'

2022-06-09 22:03:18 - [TEST_STEP][PASSED] - maximizeWindow(): Current window maximized

2022-06-09 22:03:18 - [MESSAGE][PASSED] - Current window maximized

2022-06-09 22:03:18 - [TEST_STEP][PASSED] - I.Login_password("jmartinez_almarza", password_jmartinez_almarza): Object: 'Object Repository/1. Constant/xpath' is clicked on

2022-06-09 22:03:19 - [MESSAGE][PASSED] - Text 'jmartinez_almarza' is set on object 'Object Repository/1. Constant/xpath'

2022-06-09 22:03:20 - [MESSAGE][PASSED] - Delayed 1 second(s)

2022-06-09 22:03:21 - [MESSAGE][PASSED] - Text 'dchi2' is set on object 'Object Repository/1. Constant/xpath'

2022-06-09 22:03:22 - [MESSAGE][PASSED] - Delayed 1 second(s)

2022-06-09 22:03:50 - [MESSAGE][PASSED] - Object: 'Object Repository/1. Constant/xpath' is clicked on

2022-06-09 22:03:50 - [TEST_STEP][PASSED] - delay(1): Delayed 1 second(s)

2022-06-09 22:03:51 - [MESSAGE][PASSED] - Delayed 1 second(s)

2022-06-09 22:03:51 - [TEST_STEP][PASSED] - takeScreenshot(): Taking screenshot successfully

2022-06-09 22:03:53 - [MESSAGE][PASSED] - Taking screenshot successfully
[[ATTACHMENT|D:\\Projet Test Auto\\Mediabox Test Automation\\Reports\\20220609_181011\\03. Parallel Testing (Testing)\\TS -PT PART 3\\13 Tag StarPack Dreyers Out of Office\\20220609_181119\\1654805032304.png]]

2022-06-09 22:03:53 - [TEST_STEP][PASSED] - I.VerifyMatchText("//*[@id="modal_delegations"]/div/div/div[1]/h3", "Cuentas delegadas a mí"): Actual text 'Cuentas delegadas a mí' and expected text 'Cuentas delegadas a mí' are matched 

2022-06-09 22:03:53 - [MESSAGE][PASSED] - Text of object 'Object Repository/1. Constant/xpath' is: 'Cuentas delegadas a mí'

2022-06-09 22:03:54 - [MESSAGE][PASSED] - Delayed 1 second(s)

2022-06-09 22:03:54 - [MESSAGE][PASSED] - Actual text 'Cuentas delegadas a mí' and expected text 'Cuentas delegadas a mí' are matched 

2022-06-09 22:03:54 - [TEST_STEP][PASSED] - I.VerifyMatchText("//*[@id="modal_delegations"]/div/div/div[2]/div/div/div[1]/div[2]/h6", "Arthur FRON"): Actual text 'Arthur FRON' and expected text 'Arthur FRON' are matched 

2022-06-09 22:03:55 - [MESSAGE][PASSED] - Text of object 'Object Repository/1. Constant/xpath' is: 'Arthur FRON'

2022-06-09 22:03:56 - [MESSAGE][PASSED] - Delayed 1 second(s)

2022-06-09 22:03:56 - [MESSAGE][PASSED] - Actual text 'Arthur FRON' and expected text 'Arthur FRON' are matched 

2022-06-09 22:03:56 - [TEST_STEP][PASSED] - I.VerifyMatchText("/html/body/div[1]/div[2]/div[3]/div/div/div[2]/div/div/div[2]/div[2]/h6", "packaging1 1"): Actual text 'packaging1 1' and expected text 'packaging1 1' are matched 

2022-06-09 22:03:56 - [MESSAGE][PASSED] - Text of object 'Object Repository/1. Constant/xpath' is: 'packaging1 1'

2022-06-09 22:03:57 - [MESSAGE][PASSED] - Delayed 1 second(s)

2022-06-09 22:03:57 - [MESSAGE][PASSED] - Actual text 'packaging1 1' and expected text 'packaging1 1' are matched 

2022-06-09 22:03:57 - [TEST_STEP][PASSED] - click(findTestObject("1. Constant/xpath", ["xpath":"//*[@id="modal_delegations"]/div/div/div[3]/button"])): Object: 'Object Repository/1. Constant/xpath' is clicked on

2022-06-09 22:03:57 - [MESSAGE][PASSED] - Object: 'Object Repository/1. Constant/xpath' is clicked on

2022-06-09 22:03:57 - [TEST_STEP][PASSED] - verifyElementPresent(findTestObject("1. Constant/xpath", ["xpath":"//*[@id="kt_header"]/div/div[2]/div[2]/div[1]/div/span/img"]), 2): Object 'Object Repository/1. Constant/xpath' is present

2022-06-09 22:03:57 - [MESSAGE][PASSED] - Object 'Object Repository/1. Constant/xpath' is present

2022-06-09 22:03:57 - [TEST_STEP][PASSED] - click(findTestObject("1. Constant/xpath", ["xpath":"//*[@id="kt_header"]/div/div[2]/div[2]/div[1]/div/span/img"])): Object: 'Object Repository/1. Constant/xpath' is clicked on

2022-06-09 22:03:57 - [MESSAGE][PASSED] - Object: 'Object Repository/1. Constant/xpath' is clicked on

2022-06-09 22:03:57 - [TEST_STEP][PASSED] - click(findTestObject("1. Constant/xpath", ["xpath":"//*[@id="kt_header"]/div/div[2]/div[2]/div[2]/a[3]"])): Object: 'Object Repository/1. Constant/xpath' is clicked on

2022-06-09 22:03:59 - [MESSAGE][PASSED] - Object: 'Object Repository/1. Constant/xpath' is clicked on

2022-06-09 22:03:59 - [TEST_STEP][PASSED] - delay(1): Delayed 1 second(s)

2022-06-09 22:04:00 - [MESSAGE][PASSED] - Delayed 1 second(s)

2022-06-09 22:04:00 - [TEST_STEP][PASSED] - takeScreenshot(): Taking screenshot successfully

2022-06-09 22:04:01 - [MESSAGE][PASSED] - Taking screenshot successfully
[[ATTACHMENT|D:\\Projet Test Auto\\Mediabox Test Automation\\Reports\\20220609_181011\\03. Parallel Testing (Testing)\\TS -PT PART 3\\13 Tag StarPack Dreyers Out of Office\\20220609_181119\\1654805040673.png]]

2022-06-09 22:04:01 - [TEST_STEP][PASSED] - I.Pagedown(): Execute JavaScript 'window.scrollTo(0, document.body.scrollHeight)' successfully

2022-06-09 22:04:01 - [MESSAGE][PASSED] - Execute JavaScript 'window.scrollTo(0, document.body.scrollHeight)' successfully

2022-06-09 22:04:01 - [TEST_STEP][PASSED] - I.VerifyMatchText("/html/body/div[1]/div[2]/div[4]/div[3]/div/div/div/form/div[2]/div[2]/div[2]/div[4]/table/tbody/tr[1]/td[2]/div", "Arthur FRON"): Actual text 'Arthur FRON' and expected text 'Arthur FRON' are matched 

2022-06-09 22:04:01 - [MESSAGE][PASSED] - Text of object 'Object Repository/1. Constant/xpath' is: 'Arthur FRON'

2022-06-09 22:04:02 - [MESSAGE][PASSED] - Delayed 1 second(s)

2022-06-09 22:04:02 - [MESSAGE][PASSED] - Actual text 'Arthur FRON' and expected text 'Arthur FRON' are matched 

2022-06-09 22:04:02 - [TEST_STEP][PASSED] - I.VerifyMatchText("/html/body/div[1]/div[2]/div[4]/div[3]/div/div/div/form/div[2]/div[2]/div[2]/div[4]/table/tbody/tr[2]/td[2]/div", "packaging1 1"): Actual text 'packaging1 1' and expected text 'packaging1 1' are matched 

2022-06-09 22:04:02 - [MESSAGE][PASSED] - Text of object 'Object Repository/1. Constant/xpath' is: 'packaging1 1'

2022-06-09 22:04:03 - [MESSAGE][PASSED] - Delayed 1 second(s)

2022-06-09 22:04:03 - [MESSAGE][PASSED] - Actual text 'packaging1 1' and expected text 'packaging1 1' are matched 

2022-06-09 22:04:03 - [TEST_STEP][PASSED] - click(findTestObject("1. Constant/xpath", ["xpath":"//*[@id="ModifierUser"]/div[3]/div/button"])): Object: 'Object Repository/1. Constant/xpath' is clicked on

2022-06-09 22:04:06 - [MESSAGE][PASSED] - Object: 'Object Repository/1. Constant/xpath' is clicked on

2022-06-09 22:04:06 - [TEST_STEP][PASSED] - I.Logout_xpath("//*[@id="kt_header"]/div/div[2]/div[2]/div[1]/div/span/img", "//*[@id="kt_header"]/div/div[2]/div[2]/div[2]/a[5]"): Wait for page load successfully

2022-06-09 22:04:06 - [MESSAGE][PASSED] - Object: 'Object Repository/1. Constant/xpath' is clicked on

2022-06-09 22:04:07 - [MESSAGE][PASSED] - Delayed 1 second(s)

2022-06-09 22:04:09 - [MESSAGE][PASSED] - Object: 'Object Repository/1. Constant/xpath' is clicked on

2022-06-09 22:04:10 - [MESSAGE][PASSED] - Delayed 1 second(s)

2022-06-09 22:04:10 - [MESSAGE][PASSED] - Wait for page load successfully

2022-06-09 22:04:10 - [TEST_STEP][PASSED] - I.Login_password("suser", password_suser): Object: 'Object Repository/1. Constant/xpath' is clicked on

2022-06-09 22:04:10 - [MESSAGE][PASSED] - Text 'suser' is set on object 'Object Repository/1. Constant/xpath'

2022-06-09 22:04:11 - [MESSAGE][PASSED] - Delayed 1 second(s)

2022-06-09 22:04:12 - [MESSAGE][PASSED] - Text 'dchi2' is set on object 'Object Repository/1. Constant/xpath'

2022-06-09 22:04:13 - [MESSAGE][PASSED] - Delayed 1 second(s)

2022-06-09 22:04:16 - [MESSAGE][PASSED] - Object: 'Object Repository/1. Constant/xpath' is clicked on

2022-06-09 22:04:16 - [TEST_STEP][PASSED] - takeScreenshot(): Taking screenshot successfully

2022-06-09 22:04:16 - [MESSAGE][PASSED] - Taking screenshot successfully
[[ATTACHMENT|D:\\Projet Test Auto\\Mediabox Test Automation\\Reports\\20220609_181011\\03. Parallel Testing (Testing)\\TS -PT PART 3\\13 Tag StarPack Dreyers Out of Office\\20220609_181119\\1654805056725.png]]

2022-06-09 22:04:16 - [TEST_STEP][PASSED] - click(findTestObject("xxx Todelete/1.0 R_Menu_Settings id_kt_aside_menu_ul_li11aspan2")): Object: 'Object Repository/xxx Todelete/1.0 R_Menu_Settings id_kt_aside_menu_ul_li11aspan2' is clicked on

2022-06-09 22:04:17 - [MESSAGE][PASSED] - Object: 'Object Repository/xxx Todelete/1.0 R_Menu_Settings id_kt_aside_menu_ul_li11aspan2' is clicked on

2022-06-09 22:04:17 - [TEST_STEP][PASSED] - takeScreenshot(): Taking screenshot successfully

2022-06-09 22:04:17 - [MESSAGE][PASSED] - Taking screenshot successfully
[[ATTACHMENT|D:\\Projet Test Auto\\Mediabox Test Automation\\Reports\\20220609_181011\\03. Parallel Testing (Testing)\\TS -PT PART 3\\13 Tag StarPack Dreyers Out of Office\\20220609_181119\\1654805057441.png]]

2022-06-09 22:04:17 - [TEST_STEP][PASSED] - delay(3): Delayed 3 second(s)

2022-06-09 22:04:20 - [MESSAGE][PASSED] - Delayed 3 second(s)

2022-06-09 22:04:20 - [TEST_STEP][PASSED] - click(findTestObject("xxx Todelete/1.01_Menu_Usermanagement id_kt_aside_menu_ul_li11div_ul_li2aspan")): Object: 'Object Repository/xxx Todelete/1.01_Menu_Usermanagement id_kt_aside_menu_ul_li11div_ul_li2aspan' is clicked on

2022-06-09 22:04:34 - [MESSAGE][PASSED] - Object: 'Object Repository/xxx Todelete/1.01_Menu_Usermanagement id_kt_aside_menu_ul_li11div_ul_li2aspan' is clicked on

2022-06-09 22:04:34 - [TEST_STEP][PASSED] - takeScreenshot(): Taking screenshot successfully

2022-06-09 22:04:34 - [MESSAGE][PASSED] - Taking screenshot successfully
[[ATTACHMENT|D:\\Projet Test Auto\\Mediabox Test Automation\\Reports\\20220609_181011\\03. Parallel Testing (Testing)\\TS -PT PART 3\\13 Tag StarPack Dreyers Out of Office\\20220609_181119\\1654805074285.png]]

2022-06-09 22:04:34 - [TEST_STEP][PASSED] - setText(findTestObject("1. Constant/xpath", ["xpath":"//*[@id="users_table_filter"]/label/input"]), "mediabox.outofoffice1@gmail.com"): Text 'mediabox.outofoffice1@gmail.com' is set on object 'Object Repository/1. Constant/xpath'

2022-06-09 22:04:36 - [MESSAGE][PASSED] - Text 'mediabox.outofoffice1@gmail.com' is set on object 'Object Repository/1. Constant/xpath'

2022-06-09 22:04:36 - [TEST_STEP][PASSED] - delay(2): Delayed 2 second(s)

2022-06-09 22:04:38 - [MESSAGE][PASSED] - Delayed 2 second(s)

2022-06-09 22:04:38 - [TEST_STEP][PASSED] - click(findTestObject("1. Constant/xpath", ["xpath":"//*[@id="selectAllUser"]"])): Object: 'Object Repository/1. Constant/xpath' is clicked on

2022-06-09 22:04:39 - [MESSAGE][PASSED] - Object: 'Object Repository/1. Constant/xpath' is clicked on

2022-06-09 22:04:39 - [TEST_STEP][PASSED] - delay(1): Delayed 1 second(s)

2022-06-09 22:04:40 - [MESSAGE][PASSED] - Delayed 1 second(s)

2022-06-09 22:04:40 - [TEST_STEP][PASSED] - selectOptionByValue(findTestObject("1. Constant/xpath", ["xpath":"//*[@id="select2_grouped_actions"]"]), "setdelegation", false): All options with value 'setdelegation' are selected in object 'Object Repository/1. Constant/xpath' 

2022-06-09 22:04:41 - [MESSAGE][PASSED] - All options with value 'setdelegation' are selected in object 'Object Repository/1. Constant/xpath' 

2022-06-09 22:04:41 - [TEST_STEP][PASSED] - delay(1): Delayed 1 second(s)

2022-06-09 22:04:42 - [MESSAGE][PASSED] - Delayed 1 second(s)

2022-06-09 22:04:42 - [TEST_STEP][PASSED] - takeScreenshot(): Taking screenshot successfully

2022-06-09 22:04:43 - [MESSAGE][PASSED] - Taking screenshot successfully
[[ATTACHMENT|D:\\Projet Test Auto\\Mediabox Test Automation\\Reports\\20220609_181011\\03. Parallel Testing (Testing)\\TS -PT PART 3\\13 Tag StarPack Dreyers Out of Office\\20220609_181119\\1654805082776.png]]

2022-06-09 22:04:43 - [TEST_STEP][PASSED] - click(findTestObject("1. Constant/xpath", ["xpath":"//*[@id="send_action_grouped"]"])): Object: 'Object Repository/1. Constant/xpath' is clicked on

2022-06-09 22:04:43 - [MESSAGE][PASSED] - Object: 'Object Repository/1. Constant/xpath' is clicked on

2022-06-09 22:04:43 - [TEST_STEP][PASSED] - delay(1): Delayed 1 second(s)

2022-06-09 22:04:44 - [MESSAGE][PASSED] - Delayed 1 second(s)

2022-06-09 22:04:44 - [TEST_STEP][PASSED] - takeScreenshot(): Taking screenshot successfully

2022-06-09 22:04:44 - [MESSAGE][PASSED] - Taking screenshot successfully
[[ATTACHMENT|D:\\Projet Test Auto\\Mediabox Test Automation\\Reports\\20220609_181011\\03. Parallel Testing (Testing)\\TS -PT PART 3\\13 Tag StarPack Dreyers Out of Office\\20220609_181119\\1654805084580.png]]

2022-06-09 22:04:44 - [TEST_STEP][PASSED] - I.click_button_javascript(findTestObject("1. Constant/xpath", ["xpath":"/html/body/div[1]/div[2]/div[6]/div/div/div[2]/div/form/div[1]/table/tbody/tr/td[6]/button[1]"])): Execute JavaScript 'arguments[0].click()' successfully

2022-06-09 22:04:45 - [MESSAGE][PASSED] - Execute JavaScript 'arguments[0].click()' successfully

2022-06-09 22:04:45 - [TEST_STEP][PASSED] - I.click_button_javascript(findTestObject("1. Constant/xpath", ["xpath":"/html/body/div[1]/div[2]/div[6]/div/div/div[2]/div/form/div[2]/table/tbody/tr[1]/td[6]/button[1]"])): Execute JavaScript 'arguments[0].click()' successfully

2022-06-09 22:04:45 - [MESSAGE][PASSED] - Execute JavaScript 'arguments[0].click()' successfully

2022-06-09 22:04:45 - [TEST_STEP][PASSED] - I.click_button_javascript(findTestObject("1. Constant/xpath", ["xpath":"/html/body/div[1]/div[2]/div[6]/div/div/div[2]/div/form/div[2]/table/tbody/tr/td[6]/button[1]"])): Execute JavaScript 'arguments[0].click()' successfully

2022-06-09 22:04:45 - [MESSAGE][PASSED] - Execute JavaScript 'arguments[0].click()' successfully

2022-06-09 22:04:45 - [TEST_STEP][PASSED] - I.click_button_javascript(findTestObject("1. Constant/xpath", ["xpath":"/html/body/div[1]/div[2]/div[6]/div/div/div[2]/div/form/div[3]/table/tbody/tr[1]/td[6]/button[1]"])): Execute JavaScript 'arguments[0].click()' successfully

2022-06-09 22:04:46 - [MESSAGE][PASSED] - Execute JavaScript 'arguments[0].click()' successfully

2022-06-09 22:04:46 - [TEST_STEP][PASSED] - I.click_button_javascript(findTestObject("1. Constant/xpath", ["xpath":"/html/body/div[1]/div[2]/div[6]/div/div/div[2]/div/form/div[3]/table/tbody/tr[1]/td[6]/button[1]"])): Execute JavaScript 'arguments[0].click()' successfully

2022-06-09 22:04:46 - [MESSAGE][PASSED] - Execute JavaScript 'arguments[0].click()' successfully

2022-06-09 22:04:46 - [TEST_STEP][PASSED] - I.click_button_javascript(findTestObject("1. Constant/xpath", ["xpath":"/html/body/div[1]/div[2]/div[6]/div/div/div[2]/div/form/div[3]/table/tbody/tr/td[6]/button[1]"])): Execute JavaScript 'arguments[0].click()' successfully

2022-06-09 22:04:46 - [MESSAGE][PASSED] - Execute JavaScript 'arguments[0].click()' successfully

2022-06-09 22:04:46 - [TEST_STEP][PASSED] - delay(1): Delayed 1 second(s)

2022-06-09 22:04:47 - [MESSAGE][PASSED] - Delayed 1 second(s)

2022-06-09 22:04:47 - [TEST_STEP][PASSED] - takeScreenshot(): Taking screenshot successfully

2022-06-09 22:04:49 - [MESSAGE][PASSED] - Taking screenshot successfully
[[ATTACHMENT|D:\\Projet Test Auto\\Mediabox Test Automation\\Reports\\20220609_181011\\03. Parallel Testing (Testing)\\TS -PT PART 3\\13 Tag StarPack Dreyers Out of Office\\20220609_181119\\1654805089095.png]]

2022-06-09 22:04:49 - [TEST_STEP][PASSED] - click(findTestObject("1. Constant/xpath", ["xpath":"//*[@id="btn_change_delegations"]"])): Object: 'Object Repository/1. Constant/xpath' is clicked on

2022-06-09 22:05:05 - [MESSAGE][PASSED] - Object: 'Object Repository/1. Constant/xpath' is clicked on

2022-06-09 22:05:05 - [TEST_STEP][PASSED] - I.Logout(): Delayed 3 second(s)

2022-06-09 22:05:08 - [MESSAGE][PASSED] - Delayed 3 second(s)

2022-06-09 22:05:08 - [MESSAGE][PASSED] - Object: 'Object Repository/1. Constant/xpath' is clicked on

2022-06-09 22:05:11 - [MESSAGE][PASSED] - Delayed 3 second(s)

2022-06-09 22:05:14 - [MESSAGE][PASSED] - Object: 'Object Repository/1. Constant/xpath' is clicked on

2022-06-09 22:05:17 - [MESSAGE][PASSED] - Delayed 3 second(s)

2022-06-09 22:05:17 - [TEST_STEP][PASSED] - I.Login_password("jmartinez_almarza", password_jmartinez_almarza): Object: 'Object Repository/1. Constant/xpath' is clicked on

2022-06-09 22:05:18 - [MESSAGE][PASSED] - Text 'jmartinez_almarza' is set on object 'Object Repository/1. Constant/xpath'

2022-06-09 22:05:19 - [MESSAGE][PASSED] - Delayed 1 second(s)

2022-06-09 22:05:20 - [MESSAGE][PASSED] - Text 'dchi2' is set on object 'Object Repository/1. Constant/xpath'

2022-06-09 22:05:21 - [MESSAGE][PASSED] - Delayed 1 second(s)

2022-06-09 22:05:27 - [MESSAGE][PASSED] - Object: 'Object Repository/1. Constant/xpath' is clicked on

2022-06-09 22:05:27 - [TEST_STEP][PASSED] - delay(1): Delayed 1 second(s)

2022-06-09 22:05:28 - [MESSAGE][PASSED] - Delayed 1 second(s)

2022-06-09 22:05:28 - [TEST_STEP][PASSED] - takeScreenshot(): Taking screenshot successfully

2022-06-09 22:05:28 - [MESSAGE][PASSED] - Taking screenshot successfully
[[ATTACHMENT|D:\\Projet Test Auto\\Mediabox Test Automation\\Reports\\20220609_181011\\03. Parallel Testing (Testing)\\TS -PT PART 3\\13 Tag StarPack Dreyers Out of Office\\20220609_181119\\1654805128661.png]]

2022-06-09 22:05:28 - [TEST_STEP][PASSED] - verifyTextNotPresent("Cuentas delegadas a mí", false): Text 'Cuentas delegadas a mí' is not present on page

2022-06-09 22:05:29 - [MESSAGE][PASSED] - Text 'Cuentas delegadas a mí' is not present on page

2022-06-09 22:05:29 - [TEST_STEP][PASSED] - click(findTestObject("1. Constant/xpath", ["xpath":"//*[@id="kt_header"]/div/div[2]/div[2]/div[1]/div/span/img"])): Object: 'Object Repository/1. Constant/xpath' is clicked on

2022-06-09 22:05:29 - [MESSAGE][PASSED] - Object: 'Object Repository/1. Constant/xpath' is clicked on

2022-06-09 22:05:29 - [TEST_STEP][PASSED] - click(findTestObject("1. Constant/xpath", ["xpath":"//*[@id="kt_header"]/div/div[2]/div[2]/div[2]/a[1]"])): Object: 'Object Repository/1. Constant/xpath' is clicked on

2022-06-09 22:05:31 - [MESSAGE][PASSED] - Object: 'Object Repository/1. Constant/xpath' is clicked on

2022-06-09 22:05:31 - [TEST_STEP][PASSED] - delay(1): Delayed 1 second(s)

2022-06-09 22:05:32 - [MESSAGE][PASSED] - Delayed 1 second(s)

2022-06-09 22:05:32 - [TEST_STEP][PASSED] - takeScreenshot(): Taking screenshot successfully

2022-06-09 22:05:32 - [MESSAGE][PASSED] - Taking screenshot successfully
[[ATTACHMENT|D:\\Projet Test Auto\\Mediabox Test Automation\\Reports\\20220609_181011\\03. Parallel Testing (Testing)\\TS -PT PART 3\\13 Tag StarPack Dreyers Out of Office\\20220609_181119\\1654805132314.png]]

2022-06-09 22:05:32 - [TEST_STEP][PASSED] - delay(1): Delayed 1 second(s)

2022-06-09 22:05:33 - [MESSAGE][PASSED] - Delayed 1 second(s)

2022-06-09 22:05:33 - [TEST_STEP][PASSED] - verifyElementNotPresent(findTestObject("1. Constant/xpath", ["xpath":"//*[@id="delegationSettings"]/div[2]/div[4]/table/tbody/tr[1]/td[2]/div/i"]), 2): Web element with id: 'Object Repository/1. Constant/xpath' located by 'By.xpath: //*[@id="delegationSettings"]/div[2]/div[4]/table/tbody/tr[1]/td[2]/div/i' is not present after '2' second(s)

2022-06-09 22:05:34 - [MESSAGE][PASSED] - Web element with id: 'Object Repository/1. Constant/xpath' located by 'By.xpath: //*[@id="delegationSettings"]/div[2]/div[4]/table/tbody/tr[1]/td[2]/div/i' is not present after '2' second(s)

2022-06-09 22:05:34 - [TEST_STEP][PASSED] - I.Logout(): Delayed 3 second(s)

2022-06-09 22:05:37 - [MESSAGE][PASSED] - Delayed 3 second(s)

2022-06-09 22:05:39 - [MESSAGE][PASSED] - Object: 'Object Repository/1. Constant/xpath' is clicked on

2022-06-09 22:05:42 - [MESSAGE][PASSED] - Delayed 3 second(s)

2022-06-09 22:05:43 - [MESSAGE][PASSED] - Object: 'Object Repository/1. Constant/xpath' is clicked on

2022-06-09 22:05:46 - [MESSAGE][PASSED] - Delayed 3 second(s)

2022-06-09 22:05:46 - [TEST_STEP][PASSED] - closeBrowser(): Browser is closed

2022-06-09 22:05:47 - [MESSAGE][PASSED] - Browser is closed

2022-06-09 22:05:47 - [TEST_STEP][PASSED] - Start listener action : sampleAfterTestCase: null]]></system-out>
         <system-err><![CDATA[]]></system-err>
      </testcase>
      <system-out><![CDATA[2022-06-09 21:24:14 - [TEST_SUITE][PASSED] - 13 Tag StarPack Dreyers Out of Office: Test Cases/17. Tag StarPack Out of Office (OOO)/17.08 Starpack Out of Office DElete delegate User Management P2]]></system-out>
      <system-err><![CDATA[]]></system-err>
   </testsuite>
</testsuites>
