<?xml version="1.0" encoding="UTF-8"?>
<testsuites name="02.TestStarPack Full Lifecycle _Change of Rights_SAS" time="4041.423" tests="7" failures="0" errors="0">
   <testsuite name="02.TestStarPack Full Lifecycle _Change of Rights_SAS" tests="7" failures="0" errors="0" time="4041.423" skipped="0" timestamp="2022-06-28 14:02:29" hostname="lamhe - DPF-MBI-VERIF.ad.sgsco.int" id="Test Suites/4618_TestStarpack/TS/02.TestStarPack Full Lifecycle _Change of Rights_SAS">
      <properties>
         <property name="deviceName" value=""/>
         <property name="devicePlatform" value=""/>
         <property name="logFolder" value="D:\\Projet Test Auto\\Mediabox Test Automation\\Reports\\20220628_140216\\4618_TestStarpack\\TS\\02.TestStarPack Full Lifecycle _Change of Rights_SAS\\20220628_140217"/>
         <property name="logFiles" value="D:\\Projet Test Auto\\Mediabox Test Automation\\Reports\\20220628_140216\\4618_TestStarpack\\TS\\02.TestStarPack Full Lifecycle _Change of Rights_SAS\\20220628_140217\\execution0.log"/>
         <property name="attachments" value="D:\\Projet Test Auto\\Mediabox Test Automation\\Reports\\20220628_140216\\4618_TestStarpack\\TS\\02.TestStarPack Full Lifecycle _Change of Rights_SAS\\20220628_140217\\1656417779950.png, D:\\Projet Test Auto\\Mediabox Test Automation\\Reports\\20220628_140216\\4618_TestStarpack\\TS\\02.TestStarPack Full Lifecycle _Change of Rights_SAS\\20220628_140217\\1656417788964.png, D:\\Projet Test Auto\\Mediabox Test Automation\\Reports\\20220628_140216\\4618_TestStarpack\\TS\\02.TestStarPack Full Lifecycle _Change of Rights_SAS\\20220628_140217\\1656417803378.png, D:\\Projet Test Auto\\Mediabox Test Automation\\Reports\\20220628_140216\\4618_TestStarpack\\TS\\02.TestStarPack Full Lifecycle _Change of Rights_SAS\\20220628_140217\\1656417836266.png, D:\\Projet Test Auto\\Mediabox Test Automation\\Reports\\20220628_140216\\4618_TestStarpack\\TS\\02.TestStarPack Full Lifecycle _Change of Rights_SAS\\20220628_140217\\1656417868541.png, D:\\Projet Test Auto\\Mediabox Test Automation\\Reports\\20220628_140216\\4618_TestStarpack\\TS\\02.TestStarPack Full Lifecycle _Change of Rights_SAS\\20220628_140217\\1656417891102.png, D:\\Projet Test Auto\\Mediabox Test Automation\\Reports\\20220628_140216\\4618_TestStarpack\\TS\\02.TestStarPack Full Lifecycle _Change of Rights_SAS\\20220628_140217\\1656417931909.png, D:\\Projet Test Auto\\Mediabox Test Automation\\Reports\\20220628_140216\\4618_TestStarpack\\TS\\02.TestStarPack Full Lifecycle _Change of Rights_SAS\\20220628_140217\\1656417960446.png, D:\\Projet Test Auto\\Mediabox Test Automation\\Reports\\20220628_140216\\4618_TestStarpack\\TS\\02.TestStarPack Full Lifecycle _Change of Rights_SAS\\20220628_140217\\1656417987886.png, D:\\Projet Test Auto\\Mediabox Test Automation\\Reports\\20220628_140216\\4618_TestStarpack\\TS\\02.TestStarPack Full Lifecycle _Change of Rights_SAS\\20220628_140217\\1656418039982.png, D:\\Projet Test Auto\\Mediabox Test Automation\\Reports\\20220628_140216\\4618_TestStarpack\\TS\\02.TestStarPack Full Lifecycle _Change of Rights_SAS\\20220628_140217\\1656418058903.png, D:\\Projet Test Auto\\Mediabox Test Automation\\Reports\\20220628_140216\\4618_TestStarpack\\TS\\02.TestStarPack Full Lifecycle _Change of Rights_SAS\\20220628_140217\\1656418081870.png, D:\\Projet Test Auto\\Mediabox Test Automation\\Reports\\20220628_140216\\4618_TestStarpack\\TS\\02.TestStarPack Full Lifecycle _Change of Rights_SAS\\20220628_140217\\1656418102450.png, D:\\Projet Test Auto\\Mediabox Test Automation\\Reports\\20220628_140216\\4618_TestStarpack\\TS\\02.TestStarPack Full Lifecycle _Change of Rights_SAS\\20220628_140217\\1656418125348.png, D:\\Projet Test Auto\\Mediabox Test Automation\\Reports\\20220628_140216\\4618_TestStarpack\\TS\\02.TestStarPack Full Lifecycle _Change of Rights_SAS\\20220628_140217\\1656418137922.png, D:\\Projet Test Auto\\Mediabox Test Automation\\Reports\\20220628_140216\\4618_TestStarpack\\TS\\02.TestStarPack Full Lifecycle _Change of Rights_SAS\\20220628_140217\\1656418142046.png, D:\\Projet Test Auto\\Mediabox Test Automation\\Reports\\20220628_140216\\4618_TestStarpack\\TS\\02.TestStarPack Full Lifecycle _Change of Rights_SAS\\20220628_140217\\1656418150893.png, D:\\Projet Test Auto\\Mediabox Test Automation\\Reports\\20220628_140216\\4618_TestStarpack\\TS\\02.TestStarPack Full Lifecycle _Change of Rights_SAS\\20220628_140217\\1656418154936.png, D:\\Projet Test Auto\\Mediabox Test Automation\\Reports\\20220628_140216\\4618_TestStarpack\\TS\\02.TestStarPack Full Lifecycle _Change of Rights_SAS\\20220628_140217\\1656418158001.png, D:\\Projet Test Auto\\Mediabox Test Automation\\Reports\\20220628_140216\\4618_TestStarpack\\TS\\02.TestStarPack Full Lifecycle _Change of Rights_SAS\\20220628_140217\\1656418162766.png, D:\\Projet Test Auto\\Mediabox Test Automation\\Reports\\20220628_140216\\4618_TestStarpack\\TS\\02.TestStarPack Full Lifecycle _Change of Rights_SAS\\20220628_140217\\1656418169979.png, D:\\Projet Test Auto\\Mediabox Test Automation\\Reports\\20220628_140216\\4618_TestStarpack\\TS\\02.TestStarPack Full Lifecycle _Change of Rights_SAS\\20220628_140217\\1656418191546.png, D:\\Projet Test Auto\\Mediabox Test Automation\\Reports\\20220628_140216\\4618_TestStarpack\\TS\\02.TestStarPack Full Lifecycle _Change of Rights_SAS\\20220628_140217\\1656418227038.png, D:\\Projet Test Auto\\Mediabox Test Automation\\Reports\\20220628_140216\\4618_TestStarpack\\TS\\02.TestStarPack Full Lifecycle _Change of Rights_SAS\\20220628_140217\\1656418246200.png, D:\\Projet Test Auto\\Mediabox Test Automation\\Reports\\20220628_140216\\4618_TestStarpack\\TS\\02.TestStarPack Full Lifecycle _Change of Rights_SAS\\20220628_140217\\1656418308991.png, D:\\Projet Test Auto\\Mediabox Test Automation\\Reports\\20220628_140216\\4618_TestStarpack\\TS\\02.TestStarPack Full Lifecycle _Change of Rights_SAS\\20220628_140217\\1656418312024.png, D:\\Projet Test Auto\\Mediabox Test Automation\\Reports\\20220628_140216\\4618_TestStarpack\\TS\\02.TestStarPack Full Lifecycle _Change of Rights_SAS\\20220628_140217\\1656418330707.png, D:\\Projet Test Auto\\Mediabox Test Automation\\Reports\\20220628_140216\\4618_TestStarpack\\TS\\02.TestStarPack Full Lifecycle _Change of Rights_SAS\\20220628_140217\\1656418360340.png, D:\\Projet Test Auto\\Mediabox Test Automation\\Reports\\20220628_140216\\4618_TestStarpack\\TS\\02.TestStarPack Full Lifecycle _Change of Rights_SAS\\20220628_140217\\1656418381968.png, D:\\Projet Test Auto\\Mediabox Test Automation\\Reports\\20220628_140216\\4618_TestStarpack\\TS\\02.TestStarPack Full Lifecycle _Change of Rights_SAS\\20220628_140217\\1656418416688.png, D:\\Projet Test Auto\\Mediabox Test Automation\\Reports\\20220628_140216\\4618_TestStarpack\\TS\\02.TestStarPack Full Lifecycle _Change of Rights_SAS\\20220628_140217\\1656418436794.png, D:\\Projet Test Auto\\Mediabox Test Automation\\Reports\\20220628_140216\\4618_TestStarpack\\TS\\02.TestStarPack Full Lifecycle _Change of Rights_SAS\\20220628_140217\\1656418509440.png, D:\\Projet Test Auto\\Mediabox Test Automation\\Reports\\20220628_140216\\4618_TestStarpack\\TS\\02.TestStarPack Full Lifecycle _Change of Rights_SAS\\20220628_140217\\1656418586460.png, D:\\Projet Test Auto\\Mediabox Test Automation\\Reports\\20220628_140216\\4618_TestStarpack\\TS\\02.TestStarPack Full Lifecycle _Change of Rights_SAS\\20220628_140217\\1656418632245.png, D:\\Projet Test Auto\\Mediabox Test Automation\\Reports\\20220628_140216\\4618_TestStarpack\\TS\\02.TestStarPack Full Lifecycle _Change of Rights_SAS\\20220628_140217\\1656418657267.png, D:\\Projet Test Auto\\Mediabox Test Automation\\Reports\\20220628_140216\\4618_TestStarpack\\TS\\02.TestStarPack Full Lifecycle _Change of Rights_SAS\\20220628_140217\\1656418678792.png, D:\\Projet Test Auto\\Mediabox Test Automation\\Reports\\20220628_140216\\4618_TestStarpack\\TS\\02.TestStarPack Full Lifecycle _Change of Rights_SAS\\20220628_140217\\1656418713585.png, D:\\Projet Test Auto\\Mediabox Test Automation\\Reports\\20220628_140216\\4618_TestStarpack\\TS\\02.TestStarPack Full Lifecycle _Change of Rights_SAS\\20220628_140217\\1656418733466.png, D:\\Projet Test Auto\\Mediabox Test Automation\\Reports\\20220628_140216\\4618_TestStarpack\\TS\\02.TestStarPack Full Lifecycle _Change of Rights_SAS\\20220628_140217\\1656418809936.png, D:\\Projet Test Auto\\Mediabox Test Automation\\Reports\\20220628_140216\\4618_TestStarpack\\TS\\02.TestStarPack Full Lifecycle _Change of Rights_SAS\\20220628_140217\\1656418863377.png, D:\\Projet Test Auto\\Mediabox Test Automation\\Reports\\20220628_140216\\4618_TestStarpack\\TS\\02.TestStarPack Full Lifecycle _Change of Rights_SAS\\20220628_140217\\1656418889018.png, D:\\Projet Test Auto\\Mediabox Test Automation\\Reports\\20220628_140216\\4618_TestStarpack\\TS\\02.TestStarPack Full Lifecycle _Change of Rights_SAS\\20220628_140217\\1656418912328.png, D:\\Projet Test Auto\\Mediabox Test Automation\\Reports\\20220628_140216\\4618_TestStarpack\\TS\\02.TestStarPack Full Lifecycle _Change of Rights_SAS\\20220628_140217\\1656418921594.png, D:\\Projet Test Auto\\Mediabox Test Automation\\Reports\\20220628_140216\\4618_TestStarpack\\TS\\02.TestStarPack Full Lifecycle _Change of Rights_SAS\\20220628_140217\\1656418930118.png, D:\\Projet Test Auto\\Mediabox Test Automation\\Reports\\20220628_140216\\4618_TestStarpack\\TS\\02.TestStarPack Full Lifecycle _Change of Rights_SAS\\20220628_140217\\1656418949483.png, D:\\Projet Test Auto\\Mediabox Test Automation\\Reports\\20220628_140216\\4618_TestStarpack\\TS\\02.TestStarPack Full Lifecycle _Change of Rights_SAS\\20220628_140217\\1656418970431.png, D:\\Projet Test Auto\\Mediabox Test Automation\\Reports\\20220628_140216\\4618_TestStarpack\\TS\\02.TestStarPack Full Lifecycle _Change of Rights_SAS\\20220628_140217\\1656418984350.png, D:\\Projet Test Auto\\Mediabox Test Automation\\Reports\\20220628_140216\\4618_TestStarpack\\TS\\02.TestStarPack Full Lifecycle _Change of Rights_SAS\\20220628_140217\\1656419023643.png, D:\\Projet Test Auto\\Mediabox Test Automation\\Reports\\20220628_140216\\4618_TestStarpack\\TS\\02.TestStarPack Full Lifecycle _Change of Rights_SAS\\20220628_140217\\1656419026824.png, D:\\Projet Test Auto\\Mediabox Test Automation\\Reports\\20220628_140216\\4618_TestStarpack\\TS\\02.TestStarPack Full Lifecycle _Change of Rights_SAS\\20220628_140217\\1656419048557.png, D:\\Projet Test Auto\\Mediabox Test Automation\\Reports\\20220628_140216\\4618_TestStarpack\\TS\\02.TestStarPack Full Lifecycle _Change of Rights_SAS\\20220628_140217\\1656419092141.png, D:\\Projet Test Auto\\Mediabox Test Automation\\Reports\\20220628_140216\\4618_TestStarpack\\TS\\02.TestStarPack Full Lifecycle _Change of Rights_SAS\\20220628_140217\\1656419164917.png, D:\\Projet Test Auto\\Mediabox Test Automation\\Reports\\20220628_140216\\4618_TestStarpack\\TS\\02.TestStarPack Full Lifecycle _Change of Rights_SAS\\20220628_140217\\1656419216942.png, D:\\Projet Test Auto\\Mediabox Test Automation\\Reports\\20220628_140216\\4618_TestStarpack\\TS\\02.TestStarPack Full Lifecycle _Change of Rights_SAS\\20220628_140217\\1656419286407.png, D:\\Projet Test Auto\\Mediabox Test Automation\\Reports\\20220628_140216\\4618_TestStarpack\\TS\\02.TestStarPack Full Lifecycle _Change of Rights_SAS\\20220628_140217\\1656419358358.png, D:\\Projet Test Auto\\Mediabox Test Automation\\Reports\\20220628_140216\\4618_TestStarpack\\TS\\02.TestStarPack Full Lifecycle _Change of Rights_SAS\\20220628_140217\\1656419408248.png, D:\\Projet Test Auto\\Mediabox Test Automation\\Reports\\20220628_140216\\4618_TestStarpack\\TS\\02.TestStarPack Full Lifecycle _Change of Rights_SAS\\20220628_140217\\1656419435770.png, D:\\Projet Test Auto\\Mediabox Test Automation\\Reports\\20220628_140216\\4618_TestStarpack\\TS\\02.TestStarPack Full Lifecycle _Change of Rights_SAS\\20220628_140217\\1656419457637.png, D:\\Projet Test Auto\\Mediabox Test Automation\\Reports\\20220628_140216\\4618_TestStarpack\\TS\\02.TestStarPack Full Lifecycle _Change of Rights_SAS\\20220628_140217\\1656419491329.png, D:\\Projet Test Auto\\Mediabox Test Automation\\Reports\\20220628_140216\\4618_TestStarpack\\TS\\02.TestStarPack Full Lifecycle _Change of Rights_SAS\\20220628_140217\\1656419511804.png, D:\\Projet Test Auto\\Mediabox Test Automation\\Reports\\20220628_140216\\4618_TestStarpack\\TS\\02.TestStarPack Full Lifecycle _Change of Rights_SAS\\20220628_140217\\1656419587337.png, D:\\Projet Test Auto\\Mediabox Test Automation\\Reports\\20220628_140216\\4618_TestStarpack\\TS\\02.TestStarPack Full Lifecycle _Change of Rights_SAS\\20220628_140217\\1656419638517.png, D:\\Projet Test Auto\\Mediabox Test Automation\\Reports\\20220628_140216\\4618_TestStarpack\\TS\\02.TestStarPack Full Lifecycle _Change of Rights_SAS\\20220628_140217\\1656419661521.png, D:\\Projet Test Auto\\Mediabox Test Automation\\Reports\\20220628_140216\\4618_TestStarpack\\TS\\02.TestStarPack Full Lifecycle _Change of Rights_SAS\\20220628_140217\\1656419684158.png, D:\\Projet Test Auto\\Mediabox Test Automation\\Reports\\20220628_140216\\4618_TestStarpack\\TS\\02.TestStarPack Full Lifecycle _Change of Rights_SAS\\20220628_140217\\1656419691200.png, D:\\Projet Test Auto\\Mediabox Test Automation\\Reports\\20220628_140216\\4618_TestStarpack\\TS\\02.TestStarPack Full Lifecycle _Change of Rights_SAS\\20220628_140217\\1656419698615.png, D:\\Projet Test Auto\\Mediabox Test Automation\\Reports\\20220628_140216\\4618_TestStarpack\\TS\\02.TestStarPack Full Lifecycle _Change of Rights_SAS\\20220628_140217\\1656419717246.png, D:\\Projet Test Auto\\Mediabox Test Automation\\Reports\\20220628_140216\\4618_TestStarpack\\TS\\02.TestStarPack Full Lifecycle _Change of Rights_SAS\\20220628_140217\\1656419744672.png, D:\\Projet Test Auto\\Mediabox Test Automation\\Reports\\20220628_140216\\4618_TestStarpack\\TS\\02.TestStarPack Full Lifecycle _Change of Rights_SAS\\20220628_140217\\1656419757854.png, D:\\Projet Test Auto\\Mediabox Test Automation\\Reports\\20220628_140216\\4618_TestStarpack\\TS\\02.TestStarPack Full Lifecycle _Change of Rights_SAS\\20220628_140217\\1656419770904.png, D:\\Projet Test Auto\\Mediabox Test Automation\\Reports\\20220628_140216\\4618_TestStarpack\\TS\\02.TestStarPack Full Lifecycle _Change of Rights_SAS\\20220628_140217\\1656419774632.png, D:\\Projet Test Auto\\Mediabox Test Automation\\Reports\\20220628_140216\\4618_TestStarpack\\TS\\02.TestStarPack Full Lifecycle _Change of Rights_SAS\\20220628_140217\\1656419784995.png, D:\\Projet Test Auto\\Mediabox Test Automation\\Reports\\20220628_140216\\4618_TestStarpack\\TS\\02.TestStarPack Full Lifecycle _Change of Rights_SAS\\20220628_140217\\1656419793143.png, D:\\Projet Test Auto\\Mediabox Test Automation\\Reports\\20220628_140216\\4618_TestStarpack\\TS\\02.TestStarPack Full Lifecycle _Change of Rights_SAS\\20220628_140217\\1656419798834.png, D:\\Projet Test Auto\\Mediabox Test Automation\\Reports\\20220628_140216\\4618_TestStarpack\\TS\\02.TestStarPack Full Lifecycle _Change of Rights_SAS\\20220628_140217\\1656419800094.png, D:\\Projet Test Auto\\Mediabox Test Automation\\Reports\\20220628_140216\\4618_TestStarpack\\TS\\02.TestStarPack Full Lifecycle _Change of Rights_SAS\\20220628_140217\\1656419801266.png, D:\\Projet Test Auto\\Mediabox Test Automation\\Reports\\20220628_140216\\4618_TestStarpack\\TS\\02.TestStarPack Full Lifecycle _Change of Rights_SAS\\20220628_140217\\1656419802462.png, D:\\Projet Test Auto\\Mediabox Test Automation\\Reports\\20220628_140216\\4618_TestStarpack\\TS\\02.TestStarPack Full Lifecycle _Change of Rights_SAS\\20220628_140217\\1656419809131.png, D:\\Projet Test Auto\\Mediabox Test Automation\\Reports\\20220628_140216\\4618_TestStarpack\\TS\\02.TestStarPack Full Lifecycle _Change of Rights_SAS\\20220628_140217\\1656419812104.png, D:\\Projet Test Auto\\Mediabox Test Automation\\Reports\\20220628_140216\\4618_TestStarpack\\TS\\02.TestStarPack Full Lifecycle _Change of Rights_SAS\\20220628_140217\\1656419824221.png, D:\\Projet Test Auto\\Mediabox Test Automation\\Reports\\20220628_140216\\4618_TestStarpack\\TS\\02.TestStarPack Full Lifecycle _Change of Rights_SAS\\20220628_140217\\1656419828860.png, D:\\Projet Test Auto\\Mediabox Test Automation\\Reports\\20220628_140216\\4618_TestStarpack\\TS\\02.TestStarPack Full Lifecycle _Change of Rights_SAS\\20220628_140217\\1656419836702.png, D:\\Projet Test Auto\\Mediabox Test Automation\\Reports\\20220628_140216\\4618_TestStarpack\\TS\\02.TestStarPack Full Lifecycle _Change of Rights_SAS\\20220628_140217\\1656419838234.png, D:\\Projet Test Auto\\Mediabox Test Automation\\Reports\\20220628_140216\\4618_TestStarpack\\TS\\02.TestStarPack Full Lifecycle _Change of Rights_SAS\\20220628_140217\\1656419843552.png, D:\\Projet Test Auto\\Mediabox Test Automation\\Reports\\20220628_140216\\4618_TestStarpack\\TS\\02.TestStarPack Full Lifecycle _Change of Rights_SAS\\20220628_140217\\1656419844485.png, D:\\Projet Test Auto\\Mediabox Test Automation\\Reports\\20220628_140216\\4618_TestStarpack\\TS\\02.TestStarPack Full Lifecycle _Change of Rights_SAS\\20220628_140217\\1656419864722.png, D:\\Projet Test Auto\\Mediabox Test Automation\\Reports\\20220628_140216\\4618_TestStarpack\\TS\\02.TestStarPack Full Lifecycle _Change of Rights_SAS\\20220628_140217\\1656419886238.png, D:\\Projet Test Auto\\Mediabox Test Automation\\Reports\\20220628_140216\\4618_TestStarpack\\TS\\02.TestStarPack Full Lifecycle _Change of Rights_SAS\\20220628_140217\\1656419892938.png, D:\\Projet Test Auto\\Mediabox Test Automation\\Reports\\20220628_140216\\4618_TestStarpack\\TS\\02.TestStarPack Full Lifecycle _Change of Rights_SAS\\20220628_140217\\1656419896191.png, D:\\Projet Test Auto\\Mediabox Test Automation\\Reports\\20220628_140216\\4618_TestStarpack\\TS\\02.TestStarPack Full Lifecycle _Change of Rights_SAS\\20220628_140217\\1656419902333.png, D:\\Projet Test Auto\\Mediabox Test Automation\\Reports\\20220628_140216\\4618_TestStarpack\\TS\\02.TestStarPack Full Lifecycle _Change of Rights_SAS\\20220628_140217\\1656419905663.png, D:\\Projet Test Auto\\Mediabox Test Automation\\Reports\\20220628_140216\\4618_TestStarpack\\TS\\02.TestStarPack Full Lifecycle _Change of Rights_SAS\\20220628_140217\\1656419914391.png, D:\\Projet Test Auto\\Mediabox Test Automation\\Reports\\20220628_140216\\4618_TestStarpack\\TS\\02.TestStarPack Full Lifecycle _Change of Rights_SAS\\20220628_140217\\1656419929890.png, D:\\Projet Test Auto\\Mediabox Test Automation\\Reports\\20220628_140216\\4618_TestStarpack\\TS\\02.TestStarPack Full Lifecycle _Change of Rights_SAS\\20220628_140217\\1656419935190.png, D:\\Projet Test Auto\\Mediabox Test Automation\\Reports\\20220628_140216\\4618_TestStarpack\\TS\\02.TestStarPack Full Lifecycle _Change of Rights_SAS\\20220628_140217\\1656419978588.png, D:\\Projet Test Auto\\Mediabox Test Automation\\Reports\\20220628_140216\\4618_TestStarpack\\TS\\02.TestStarPack Full Lifecycle _Change of Rights_SAS\\20220628_140217\\1656419990324.png, D:\\Projet Test Auto\\Mediabox Test Automation\\Reports\\20220628_140216\\4618_TestStarpack\\TS\\02.TestStarPack Full Lifecycle _Change of Rights_SAS\\20220628_140217\\1656420013383.png, D:\\Projet Test Auto\\Mediabox Test Automation\\Reports\\20220628_140216\\4618_TestStarpack\\TS\\02.TestStarPack Full Lifecycle _Change of Rights_SAS\\20220628_140217\\1656420026105.png, D:\\Projet Test Auto\\Mediabox Test Automation\\Reports\\20220628_140216\\4618_TestStarpack\\TS\\02.TestStarPack Full Lifecycle _Change of Rights_SAS\\20220628_140217\\1656420028158.png, D:\\Projet Test Auto\\Mediabox Test Automation\\Reports\\20220628_140216\\4618_TestStarpack\\TS\\02.TestStarPack Full Lifecycle _Change of Rights_SAS\\20220628_140217\\1656420043252.png, D:\\Projet Test Auto\\Mediabox Test Automation\\Reports\\20220628_140216\\4618_TestStarpack\\TS\\02.TestStarPack Full Lifecycle _Change of Rights_SAS\\20220628_140217\\1656420046424.png, D:\\Projet Test Auto\\Mediabox Test Automation\\Reports\\20220628_140216\\4618_TestStarpack\\TS\\02.TestStarPack Full Lifecycle _Change of Rights_SAS\\20220628_140217\\1656420054376.png, D:\\Projet Test Auto\\Mediabox Test Automation\\Reports\\20220628_140216\\4618_TestStarpack\\TS\\02.TestStarPack Full Lifecycle _Change of Rights_SAS\\20220628_140217\\1656420058995.png, D:\\Projet Test Auto\\Mediabox Test Automation\\Reports\\20220628_140216\\4618_TestStarpack\\TS\\02.TestStarPack Full Lifecycle _Change of Rights_SAS\\20220628_140217\\1656420059815.png, D:\\Projet Test Auto\\Mediabox Test Automation\\Reports\\20220628_140216\\4618_TestStarpack\\TS\\02.TestStarPack Full Lifecycle _Change of Rights_SAS\\20220628_140217\\1656420086725.png, D:\\Projet Test Auto\\Mediabox Test Automation\\Reports\\20220628_140216\\4618_TestStarpack\\TS\\02.TestStarPack Full Lifecycle _Change of Rights_SAS\\20220628_140217\\1656420125921.png, D:\\Projet Test Auto\\Mediabox Test Automation\\Reports\\20220628_140216\\4618_TestStarpack\\TS\\02.TestStarPack Full Lifecycle _Change of Rights_SAS\\20220628_140217\\1656420127158.png, D:\\Projet Test Auto\\Mediabox Test Automation\\Reports\\20220628_140216\\4618_TestStarpack\\TS\\02.TestStarPack Full Lifecycle _Change of Rights_SAS\\20220628_140217\\1656420155305.png, D:\\Projet Test Auto\\Mediabox Test Automation\\Reports\\20220628_140216\\4618_TestStarpack\\TS\\02.TestStarPack Full Lifecycle _Change of Rights_SAS\\20220628_140217\\1656420165710.png, D:\\Projet Test Auto\\Mediabox Test Automation\\Reports\\20220628_140216\\4618_TestStarpack\\TS\\02.TestStarPack Full Lifecycle _Change of Rights_SAS\\20220628_140217\\1656420172715.png, D:\\Projet Test Auto\\Mediabox Test Automation\\Reports\\20220628_140216\\4618_TestStarpack\\TS\\02.TestStarPack Full Lifecycle _Change of Rights_SAS\\20220628_140217\\1656420186739.png, D:\\Projet Test Auto\\Mediabox Test Automation\\Reports\\20220628_140216\\4618_TestStarpack\\TS\\02.TestStarPack Full Lifecycle _Change of Rights_SAS\\20220628_140217\\1656420273604.png, D:\\Projet Test Auto\\Mediabox Test Automation\\Reports\\20220628_140216\\4618_TestStarpack\\TS\\02.TestStarPack Full Lifecycle _Change of Rights_SAS\\20220628_140217\\1656420280636.png, D:\\Projet Test Auto\\Mediabox Test Automation\\Reports\\20220628_140216\\4618_TestStarpack\\TS\\02.TestStarPack Full Lifecycle _Change of Rights_SAS\\20220628_140217\\1656420288226.png, D:\\Projet Test Auto\\Mediabox Test Automation\\Reports\\20220628_140216\\4618_TestStarpack\\TS\\02.TestStarPack Full Lifecycle _Change of Rights_SAS\\20220628_140217\\1656420311242.png, D:\\Projet Test Auto\\Mediabox Test Automation\\Reports\\20220628_140216\\4618_TestStarpack\\TS\\02.TestStarPack Full Lifecycle _Change of Rights_SAS\\20220628_140217\\1656420343361.png, D:\\Projet Test Auto\\Mediabox Test Automation\\Reports\\20220628_140216\\4618_TestStarpack\\TS\\02.TestStarPack Full Lifecycle _Change of Rights_SAS\\20220628_140217\\1656420358459.png, D:\\Projet Test Auto\\Mediabox Test Automation\\Reports\\20220628_140216\\4618_TestStarpack\\TS\\02.TestStarPack Full Lifecycle _Change of Rights_SAS\\20220628_140217\\1656420408653.png, D:\\Projet Test Auto\\Mediabox Test Automation\\Reports\\20220628_140216\\4618_TestStarpack\\TS\\02.TestStarPack Full Lifecycle _Change of Rights_SAS\\20220628_140217\\1656420415489.png, D:\\Projet Test Auto\\Mediabox Test Automation\\Reports\\20220628_140216\\4618_TestStarpack\\TS\\02.TestStarPack Full Lifecycle _Change of Rights_SAS\\20220628_140217\\1656420443204.png, D:\\Projet Test Auto\\Mediabox Test Automation\\Reports\\20220628_140216\\4618_TestStarpack\\TS\\02.TestStarPack Full Lifecycle _Change of Rights_SAS\\20220628_140217\\1656420464700.png, D:\\Projet Test Auto\\Mediabox Test Automation\\Reports\\20220628_140216\\4618_TestStarpack\\TS\\02.TestStarPack Full Lifecycle _Change of Rights_SAS\\20220628_140217\\1656420498976.png, D:\\Projet Test Auto\\Mediabox Test Automation\\Reports\\20220628_140216\\4618_TestStarpack\\TS\\02.TestStarPack Full Lifecycle _Change of Rights_SAS\\20220628_140217\\1656420580145.png, D:\\Projet Test Auto\\Mediabox Test Automation\\Reports\\20220628_140216\\4618_TestStarpack\\TS\\02.TestStarPack Full Lifecycle _Change of Rights_SAS\\20220628_140217\\1656420603360.png, D:\\Projet Test Auto\\Mediabox Test Automation\\Reports\\20220628_140216\\4618_TestStarpack\\TS\\02.TestStarPack Full Lifecycle _Change of Rights_SAS\\20220628_140217\\1656420605605.png, D:\\Projet Test Auto\\Mediabox Test Automation\\Reports\\20220628_140216\\4618_TestStarpack\\TS\\02.TestStarPack Full Lifecycle _Change of Rights_SAS\\20220628_140217\\1656420611616.png, D:\\Projet Test Auto\\Mediabox Test Automation\\Reports\\20220628_140216\\4618_TestStarpack\\TS\\02.TestStarPack Full Lifecycle _Change of Rights_SAS\\20220628_140217\\1656420612728.png, D:\\Projet Test Auto\\Mediabox Test Automation\\Reports\\20220628_140216\\4618_TestStarpack\\TS\\02.TestStarPack Full Lifecycle _Change of Rights_SAS\\20220628_140217\\1656420614708.png, D:\\Projet Test Auto\\Mediabox Test Automation\\Reports\\20220628_140216\\4618_TestStarpack\\TS\\02.TestStarPack Full Lifecycle _Change of Rights_SAS\\20220628_140217\\1656420618861.png, D:\\Projet Test Auto\\Mediabox Test Automation\\Reports\\20220628_140216\\4618_TestStarpack\\TS\\02.TestStarPack Full Lifecycle _Change of Rights_SAS\\20220628_140217\\1656420630795.png, D:\\Projet Test Auto\\Mediabox Test Automation\\Reports\\20220628_140216\\4618_TestStarpack\\TS\\02.TestStarPack Full Lifecycle _Change of Rights_SAS\\20220628_140217\\1656420642548.png, D:\\Projet Test Auto\\Mediabox Test Automation\\Reports\\20220628_140216\\4618_TestStarpack\\TS\\02.TestStarPack Full Lifecycle _Change of Rights_SAS\\20220628_140217\\1656420649508.png, D:\\Projet Test Auto\\Mediabox Test Automation\\Reports\\20220628_140216\\4618_TestStarpack\\TS\\02.TestStarPack Full Lifecycle _Change of Rights_SAS\\20220628_140217\\1656420662777.png, D:\\Projet Test Auto\\Mediabox Test Automation\\Reports\\20220628_140216\\4618_TestStarpack\\TS\\02.TestStarPack Full Lifecycle _Change of Rights_SAS\\20220628_140217\\1656420670212.png, D:\\Projet Test Auto\\Mediabox Test Automation\\Reports\\20220628_140216\\4618_TestStarpack\\TS\\02.TestStarPack Full Lifecycle _Change of Rights_SAS\\20220628_140217\\1656420693102.png, D:\\Projet Test Auto\\Mediabox Test Automation\\Reports\\20220628_140216\\4618_TestStarpack\\TS\\02.TestStarPack Full Lifecycle _Change of Rights_SAS\\20220628_140217\\1656420718941.png, D:\\Projet Test Auto\\Mediabox Test Automation\\Reports\\20220628_140216\\4618_TestStarpack\\TS\\02.TestStarPack Full Lifecycle _Change of Rights_SAS\\20220628_140217\\1656420720575.png, D:\\Projet Test Auto\\Mediabox Test Automation\\Reports\\20220628_140216\\4618_TestStarpack\\TS\\02.TestStarPack Full Lifecycle _Change of Rights_SAS\\20220628_140217\\1656420732198.png, D:\\Projet Test Auto\\Mediabox Test Automation\\Reports\\20220628_140216\\4618_TestStarpack\\TS\\02.TestStarPack Full Lifecycle _Change of Rights_SAS\\20220628_140217\\1656420753067.png, D:\\Projet Test Auto\\Mediabox Test Automation\\Reports\\20220628_140216\\4618_TestStarpack\\TS\\02.TestStarPack Full Lifecycle _Change of Rights_SAS\\20220628_140217\\1656420761603.png, D:\\Projet Test Auto\\Mediabox Test Automation\\Reports\\20220628_140216\\4618_TestStarpack\\TS\\02.TestStarPack Full Lifecycle _Change of Rights_SAS\\20220628_140217\\1656420777597.png, D:\\Projet Test Auto\\Mediabox Test Automation\\Reports\\20220628_140216\\4618_TestStarpack\\TS\\02.TestStarPack Full Lifecycle _Change of Rights_SAS\\20220628_140217\\1656420783142.png, D:\\Projet Test Auto\\Mediabox Test Automation\\Reports\\20220628_140216\\4618_TestStarpack\\TS\\02.TestStarPack Full Lifecycle _Change of Rights_SAS\\20220628_140217\\1656420792118.png, D:\\Projet Test Auto\\Mediabox Test Automation\\Reports\\20220628_140216\\4618_TestStarpack\\TS\\02.TestStarPack Full Lifecycle _Change of Rights_SAS\\20220628_140217\\1656420814318.png, D:\\Projet Test Auto\\Mediabox Test Automation\\Reports\\20220628_140216\\4618_TestStarpack\\TS\\02.TestStarPack Full Lifecycle _Change of Rights_SAS\\20220628_140217\\1656420834896.png, D:\\Projet Test Auto\\Mediabox Test Automation\\Reports\\20220628_140216\\4618_TestStarpack\\TS\\02.TestStarPack Full Lifecycle _Change of Rights_SAS\\20220628_140217\\1656420836501.png, D:\\Projet Test Auto\\Mediabox Test Automation\\Reports\\20220628_140216\\4618_TestStarpack\\TS\\02.TestStarPack Full Lifecycle _Change of Rights_SAS\\20220628_140217\\1656420837041.png, D:\\Projet Test Auto\\Mediabox Test Automation\\Reports\\20220628_140216\\4618_TestStarpack\\TS\\02.TestStarPack Full Lifecycle _Change of Rights_SAS\\20220628_140217\\1656420847332.png, D:\\Projet Test Auto\\Mediabox Test Automation\\Reports\\20220628_140216\\4618_TestStarpack\\TS\\02.TestStarPack Full Lifecycle _Change of Rights_SAS\\20220628_140217\\1656420854268.png, D:\\Projet Test Auto\\Mediabox Test Automation\\Reports\\20220628_140216\\4618_TestStarpack\\TS\\02.TestStarPack Full Lifecycle _Change of Rights_SAS\\20220628_140217\\1656420856679.png, D:\\Projet Test Auto\\Mediabox Test Automation\\Reports\\20220628_140216\\4618_TestStarpack\\TS\\02.TestStarPack Full Lifecycle _Change of Rights_SAS\\20220628_140217\\1656420863665.png, D:\\Projet Test Auto\\Mediabox Test Automation\\Reports\\20220628_140216\\4618_TestStarpack\\TS\\02.TestStarPack Full Lifecycle _Change of Rights_SAS\\20220628_140217\\1656420878285.png, D:\\Projet Test Auto\\Mediabox Test Automation\\Reports\\20220628_140216\\4618_TestStarpack\\TS\\02.TestStarPack Full Lifecycle _Change of Rights_SAS\\20220628_140217\\1656420899773.png, D:\\Projet Test Auto\\Mediabox Test Automation\\Reports\\20220628_140216\\4618_TestStarpack\\TS\\02.TestStarPack Full Lifecycle _Change of Rights_SAS\\20220628_140217\\1656420959397.png, D:\\Projet Test Auto\\Mediabox Test Automation\\Reports\\20220628_140216\\4618_TestStarpack\\TS\\02.TestStarPack Full Lifecycle _Change of Rights_SAS\\20220628_140217\\1656420982133.png, D:\\Projet Test Auto\\Mediabox Test Automation\\Reports\\20220628_140216\\4618_TestStarpack\\TS\\02.TestStarPack Full Lifecycle _Change of Rights_SAS\\20220628_140217\\1656420992013.png, D:\\Projet Test Auto\\Mediabox Test Automation\\Reports\\20220628_140216\\4618_TestStarpack\\TS\\02.TestStarPack Full Lifecycle _Change of Rights_SAS\\20220628_140217\\1656421000969.png, D:\\Projet Test Auto\\Mediabox Test Automation\\Reports\\20220628_140216\\4618_TestStarpack\\TS\\02.TestStarPack Full Lifecycle _Change of Rights_SAS\\20220628_140217\\1656421021233.png, D:\\Projet Test Auto\\Mediabox Test Automation\\Reports\\20220628_140216\\4618_TestStarpack\\TS\\02.TestStarPack Full Lifecycle _Change of Rights_SAS\\20220628_140217\\1656421050448.png, D:\\Projet Test Auto\\Mediabox Test Automation\\Reports\\20220628_140216\\4618_TestStarpack\\TS\\02.TestStarPack Full Lifecycle _Change of Rights_SAS\\20220628_140217\\1656421063374.png, D:\\Projet Test Auto\\Mediabox Test Automation\\Reports\\20220628_140216\\4618_TestStarpack\\TS\\02.TestStarPack Full Lifecycle _Change of Rights_SAS\\20220628_140217\\1656421096086.png, D:\\Projet Test Auto\\Mediabox Test Automation\\Reports\\20220628_140216\\4618_TestStarpack\\TS\\02.TestStarPack Full Lifecycle _Change of Rights_SAS\\20220628_140217\\1656421123464.png, D:\\Projet Test Auto\\Mediabox Test Automation\\Reports\\20220628_140216\\4618_TestStarpack\\TS\\02.TestStarPack Full Lifecycle _Change of Rights_SAS\\20220628_140217\\1656421149015.png, D:\\Projet Test Auto\\Mediabox Test Automation\\Reports\\20220628_140216\\4618_TestStarpack\\TS\\02.TestStarPack Full Lifecycle _Change of Rights_SAS\\20220628_140217\\1656421196556.png, D:\\Projet Test Auto\\Mediabox Test Automation\\Reports\\20220628_140216\\4618_TestStarpack\\TS\\02.TestStarPack Full Lifecycle _Change of Rights_SAS\\20220628_140217\\1656421215851.png, D:\\Projet Test Auto\\Mediabox Test Automation\\Reports\\20220628_140216\\4618_TestStarpack\\TS\\02.TestStarPack Full Lifecycle _Change of Rights_SAS\\20220628_140217\\1656421240896.png, D:\\Projet Test Auto\\Mediabox Test Automation\\Reports\\20220628_140216\\4618_TestStarpack\\TS\\02.TestStarPack Full Lifecycle _Change of Rights_SAS\\20220628_140217\\1656421262763.png, D:\\Projet Test Auto\\Mediabox Test Automation\\Reports\\20220628_140216\\4618_TestStarpack\\TS\\02.TestStarPack Full Lifecycle _Change of Rights_SAS\\20220628_140217\\1656421297678.png, D:\\Projet Test Auto\\Mediabox Test Automation\\Reports\\20220628_140216\\4618_TestStarpack\\TS\\02.TestStarPack Full Lifecycle _Change of Rights_SAS\\20220628_140217\\1656421317054.png, D:\\Projet Test Auto\\Mediabox Test Automation\\Reports\\20220628_140216\\4618_TestStarpack\\TS\\02.TestStarPack Full Lifecycle _Change of Rights_SAS\\20220628_140217\\1656421376508.png, D:\\Projet Test Auto\\Mediabox Test Automation\\Reports\\20220628_140216\\4618_TestStarpack\\TS\\02.TestStarPack Full Lifecycle _Change of Rights_SAS\\20220628_140217\\1656421395026.png, D:\\Projet Test Auto\\Mediabox Test Automation\\Reports\\20220628_140216\\4618_TestStarpack\\TS\\02.TestStarPack Full Lifecycle _Change of Rights_SAS\\20220628_140217\\1656421419939.png, D:\\Projet Test Auto\\Mediabox Test Automation\\Reports\\20220628_140216\\4618_TestStarpack\\TS\\02.TestStarPack Full Lifecycle _Change of Rights_SAS\\20220628_140217\\1656421441761.png, D:\\Projet Test Auto\\Mediabox Test Automation\\Reports\\20220628_140216\\4618_TestStarpack\\TS\\02.TestStarPack Full Lifecycle _Change of Rights_SAS\\20220628_140217\\1656421477841.png, D:\\Projet Test Auto\\Mediabox Test Automation\\Reports\\20220628_140216\\4618_TestStarpack\\TS\\02.TestStarPack Full Lifecycle _Change of Rights_SAS\\20220628_140217\\1656421497781.png, D:\\Projet Test Auto\\Mediabox Test Automation\\Reports\\20220628_140216\\4618_TestStarpack\\TS\\02.TestStarPack Full Lifecycle _Change of Rights_SAS\\20220628_140217\\1656421554597.png, D:\\Projet Test Auto\\Mediabox Test Automation\\Reports\\20220628_140216\\4618_TestStarpack\\TS\\02.TestStarPack Full Lifecycle _Change of Rights_SAS\\20220628_140217\\1656421580116.png, D:\\Projet Test Auto\\Mediabox Test Automation\\Reports\\20220628_140216\\4618_TestStarpack\\TS\\02.TestStarPack Full Lifecycle _Change of Rights_SAS\\20220628_140217\\1656421603627.png, D:\\Projet Test Auto\\Mediabox Test Automation\\Reports\\20220628_140216\\4618_TestStarpack\\TS\\02.TestStarPack Full Lifecycle _Change of Rights_SAS\\20220628_140217\\1656421647387.png, D:\\Projet Test Auto\\Mediabox Test Automation\\Reports\\20220628_140216\\4618_TestStarpack\\TS\\02.TestStarPack Full Lifecycle _Change of Rights_SAS\\20220628_140217\\1656421725835.png, D:\\Projet Test Auto\\Mediabox Test Automation\\Reports\\20220628_140216\\4618_TestStarpack\\TS\\02.TestStarPack Full Lifecycle _Change of Rights_SAS\\20220628_140217\\1656421758044.png, D:\\Projet Test Auto\\Mediabox Test Automation\\Reports\\20220628_140216\\4618_TestStarpack\\TS\\02.TestStarPack Full Lifecycle _Change of Rights_SAS\\20220628_140217\\1656421774951.png"/>
         <property name="hostName" value="lamhe - DPF-MBI-VERIF.ad.sgsco.int"/>
         <property name="os" value="Windows 10 64bit"/>
         <property name="katalonVersion" value="8.3.0.208"/>
         <property name="browser" value="Chrome 102.0.5005.115"/>
         <property name="hostAddress" value="10.15.10.53"/>
         <property name="sessionId" value="e639f10a6c114f56d89f011e3c9823ba"/>
         <property name="seleniumVersion" value="3.141.59"/>
         <property name="proxyInformation" value="ProxyInformation { proxyOption=NO_PROXY, proxyServerType=HTTP, username=, password=********, proxyServerAddress=, proxyServerPort=0, executionList=&quot;&quot;, isApplyToDesiredCapabilities=true }"/>
         <property name="platform" value="Windows 10"/>
      </properties>
      <testcase name="Test Cases/04. Star pack Full Lifecycle - AIS _ Long name Artwork without info/4.01 Star Pack Full Lifecycle - AWIS (Chrome)_ACreationDaughRef 15.03 P1" time="1140.414" classname="Test Cases/04. Star pack Full Lifecycle - AIS _ Long name Artwork without info/4.01 Star Pack Full Lifecycle - AWIS (Chrome)_ACreationDaughRef 15.03 P1" status="PASSED">
         <system-out><![CDATA[2022-06-28 14:02:30 - [TEST_CASE][PASSED] - Test Cases/04. Star pack Full Lifecycle - AIS _ Long name Artwork without info/4.01 Star Pack Full Lifecycle - AWIS (Chrome)_ACreationDaughRef 15.03 P1: Test Cases/04. Star pack Full Lifecycle - AIS _ Long name Artwork without info/4.01 Star Pack Full Lifecycle - AWIS (Chrome)_ACreationDaughRef 15.03 P1

2022-06-28 14:02:32 - [TEST_STEP][PASSED] - data = findTestData("Data Files/Username_Password/Starpack (10June2021)"): null

2022-06-28 14:02:32 - [TEST_STEP][PASSED] - password_suser = data.getValue(2, 1): null

2022-06-28 14:02:32 - [TEST_STEP][PASSED] - password_aherms = data.getValue(2, 2): null

2022-06-28 14:02:32 - [TEST_STEP][PASSED] - password_agluszczynska = data.getValue(2, 3): null

2022-06-28 14:02:32 - [TEST_STEP][PASSED] - password_aterreshernandez = data.getValue(2, 5): null

2022-06-28 14:02:32 - [TEST_STEP][PASSED] - password_adelamatanieves = data.getValue(2, 7): null

2022-06-28 14:02:32 - [TEST_STEP][PASSED] - data_urlRELAUTO = findTestData("Data Files/URL/URL_relauto"): null

2022-06-28 14:02:32 - [TEST_STEP][PASSED] - Url_Starpack = data_urlRELAUTO.getValue(2, 2): null

2022-06-28 14:02:32 - [TEST_STEP][PASSED] - log = new com.kms.katalon.core.logging.KeywordLogger(): null

2022-06-28 14:02:32 - [TEST_STEP][PASSED] - I.clearnotepad("D:\Upoad_File\Projet_ Login\StarPack\4.01 StarPack _Project_No\4.01_StarPack_ProjectNo.txt"): null

2022-06-28 14:02:33 - [TEST_STEP][PASSED] - I.clearnotepad("D:\Upoad_File\Projet_ Login\StarPack\4.01 StarPack _Project_No\4.01_StarPack_refID.txt"): null

2022-06-28 14:02:33 - [TEST_STEP][PASSED] - I.clearnotepad("D:\Upoad_File\Projet_ Login\StarPack\4.01 StarPack _Project_No\4.01_StarPack_refID_PS.txt"): null

2022-06-28 14:02:33 - [TEST_STEP][PASSED] - I.clearnotepad("D:\Upoad_File\Projet_ Login\StarPack\4.01 StarPack _Project_No\4.01_StarPack_refID_PTS.txt"): null

2022-06-28 14:02:33 - [TEST_STEP][PASSED] - I.clearnotepad("D:\Upoad_File\Projet_ Login\StarPack\4.01 StarPack _Project_No\4.01_StarPack_refID_TD.txt"): null

2022-06-28 14:02:33 - [TEST_STEP][PASSED] - openBrowser(Url_Starpack): Browser is opened with url: 'https://mdb-v3-test.diadeis.com/Mediabox4618/?MBI_datasource=TESTAUTO_STARPACK_4618'

2022-06-28 14:02:34 - [MESSAGE][INFO] - Starting 'Chrome' driver

2022-06-28 14:02:34 - [MESSAGE][INFO] - User set preference: ['arg', '[[--lang=en-GB]]']

2022-06-28 14:02:34 - [MESSAGE][INFO] - Action delay is set to 0 milliseconds

2022-06-28 14:02:45 - [MESSAGE][PASSED] - Browser is opened with url: 'https://mdb-v3-test.diadeis.com/Mediabox4618/?MBI_datasource=TESTAUTO_STARPACK_4618'

2022-06-28 14:02:45 - [TEST_STEP][PASSED] - maximizeWindow(): Current window maximized

2022-06-28 14:02:46 - [MESSAGE][PASSED] - Current window maximized

2022-06-28 14:02:46 - [TEST_STEP][PASSED] - I.Login_password("adelamatanieves", password_adelamatanieves): Object: 'Object Repository/1. Constant/xpath' is clicked on

2022-06-28 14:02:47 - [MESSAGE][PASSED] - Text 'adelamatanieves' is set on object 'Object Repository/1. Constant/xpath'

2022-06-28 14:02:48 - [MESSAGE][PASSED] - Delayed 1 second(s)

2022-06-28 14:02:49 - [MESSAGE][PASSED] - Text 'dchi4' is set on object 'Object Repository/1. Constant/xpath'

2022-06-28 14:02:50 - [MESSAGE][PASSED] - Delayed 1 second(s)

2022-06-28 14:02:59 - [MESSAGE][PASSED] - Object: 'Object Repository/1. Constant/xpath' is clicked on

2022-06-28 14:02:59 - [TEST_STEP][PASSED] - takeScreenshot(): Taking screenshot successfully

2022-06-28 14:03:00 - [MESSAGE][PASSED] - Taking screenshot successfully
[[ATTACHMENT|D:\\Projet Test Auto\\Mediabox Test Automation\\Reports\\20220628_140216\\4618_TestStarpack\\TS\\02.TestStarPack Full Lifecycle _Change of Rights_SAS\\20220628_140217\\1656417779950.png]]

2022-06-28 14:03:00 - [TEST_STEP][PASSED] - click(findTestObject("1. Constant/02_LHSMenu_Projects")): Object: 'Object Repository/1. Constant/02_LHSMenu_Projects' is clicked on

2022-06-28 14:03:06 - [MESSAGE][PASSED] - Object: 'Object Repository/1. Constant/02_LHSMenu_Projects' is clicked on

2022-06-28 14:03:06 - [TEST_STEP][PASSED] - click(findTestObject("Object Repository/1. Constant/xpath", ["xpath":"//*[@id="kt_content"]/div[3]/div/div/div[1]/div[2]/a[1]"])): Object: 'Object Repository/1. Constant/xpath' is clicked on

2022-06-28 14:03:08 - [MESSAGE][PASSED] - Object: 'Object Repository/1. Constant/xpath' is clicked on

2022-06-28 14:03:08 - [TEST_STEP][PASSED] - takeScreenshot(): Taking screenshot successfully

2022-06-28 14:03:09 - [MESSAGE][PASSED] - Taking screenshot successfully
[[ATTACHMENT|D:\\Projet Test Auto\\Mediabox Test Automation\\Reports\\20220628_140216\\4618_TestStarpack\\TS\\02.TestStarPack Full Lifecycle _Change of Rights_SAS\\20220628_140217\\1656417788964.png]]

2022-06-28 14:03:09 - [TEST_STEP][PASSED] - project_name = "TC4.01_AutoTest_Chrome_Starpack" + RandomStringUtils.randomAlphanumeric(10) + "_" + I.gettimedate(): null

2022-06-28 14:03:09 - [TEST_STEP][PASSED] - setText(findTestObject("HL Full Lifecycle/4 CreateProjPage_inputProjectname"), project_name): Text 'TC4.01_AutoTest_Chrome_StarpackbXPK86DRe7_juin282022_140309' is set on object 'Object Repository/HL Full Lifecycle/4 CreateProjPage_inputProjectname'

2022-06-28 14:03:10 - [MESSAGE][PASSED] - Text 'TC4.01_AutoTest_Chrome_StarpackbXPK86DRe7_juin282022_140309' is set on object 'Object Repository/HL Full Lifecycle/4 CreateProjPage_inputProjectname'

2022-06-28 14:03:10 - [TEST_STEP][PASSED] - click(findTestObject("HL Full Lifecycle/4 CreateProjPage_Create Project_Bluebutton")): Object: 'Object Repository/HL Full Lifecycle/4 CreateProjPage_Create Project_Bluebutton' is clicked on

2022-06-28 14:03:22 - [MESSAGE][PASSED] - Object: 'Object Repository/HL Full Lifecycle/4 CreateProjPage_Create Project_Bluebutton' is clicked on

2022-06-28 14:03:22 - [TEST_STEP][PASSED] - delay(1): Delayed 1 second(s)

2022-06-28 14:03:23 - [MESSAGE][PASSED] - Delayed 1 second(s)

2022-06-28 14:03:23 - [TEST_STEP][PASSED] - takeScreenshot(): Taking screenshot successfully

2022-06-28 14:03:23 - [MESSAGE][PASSED] - Taking screenshot successfully
[[ATTACHMENT|D:\\Projet Test Auto\\Mediabox Test Automation\\Reports\\20220628_140216\\4618_TestStarpack\\TS\\02.TestStarPack Full Lifecycle _Change of Rights_SAS\\20220628_140217\\1656417803378.png]]

2022-06-28 14:03:23 - [TEST_STEP][PASSED] - I.SelectFromList_Value("//*[@id="var_98"]", "122"): Delayed 2 second(s)

2022-06-28 14:03:24 - [MESSAGE][PASSED] - All options with value '122' are selected in object 'Object Repository/1. Constant/xpath' 

2022-06-28 14:03:26 - [MESSAGE][PASSED] - Delayed 2 second(s)

2022-06-28 14:03:26 - [TEST_STEP][PASSED] - I.SelectFromList_Value("//*[@id="var_9"]", "amartin_arbol"): Delayed 2 second(s)

2022-06-28 14:03:27 - [MESSAGE][PASSED] - All options with value 'amartin_arbol' are selected in object 'Object Repository/1. Constant/xpath' 

2022-06-28 14:03:29 - [MESSAGE][PASSED] - Delayed 2 second(s)

2022-06-28 14:03:29 - [TEST_STEP][PASSED] - I.SelectFromList_Value("//*[@id="var_10"]", "aterreshernandez"): Delayed 2 second(s)

2022-06-28 14:03:29 - [MESSAGE][PASSED] - All options with value 'aterreshernandez' are selected in object 'Object Repository/1. Constant/xpath' 

2022-06-28 14:03:31 - [MESSAGE][PASSED] - Delayed 2 second(s)

2022-06-28 14:03:31 - [TEST_STEP][PASSED] - I.select_multiplelist("//*[@id="selSource_49"]", "//*[@id="btnAdd_49"]", "nalonsobermejo"): Delayed 1 second(s)

2022-06-28 14:03:32 - [MESSAGE][PASSED] - Delayed 1 second(s)

2022-06-28 14:03:35 - [MESSAGE][PASSED] - All options with value 'nalonsobermejo' are selected in object 'Object Repository/1. Constant/xpath' 

2022-06-28 14:03:37 - [MESSAGE][PASSED] - Delayed 2 second(s)

2022-06-28 14:03:37 - [MESSAGE][PASSED] - Object: 'Object Repository/1. Constant/xpath' is clicked on

2022-06-28 14:03:38 - [MESSAGE][PASSED] - Delayed 1 second(s)

2022-06-28 14:03:38 - [TEST_STEP][PASSED] - I.SelectFromList_Value("//*[@id="var_15"]", "292"): Delayed 2 second(s)

2022-06-28 14:03:39 - [MESSAGE][PASSED] - All options with value '292' are selected in object 'Object Repository/1. Constant/xpath' 

2022-06-28 14:03:41 - [MESSAGE][PASSED] - Delayed 2 second(s)

2022-06-28 14:03:41 - [TEST_STEP][PASSED] - value = getAttribute(findTestObject("Object Repository/StarPack - Full Lifecycle (AWIS)/1.6 ModifyProPage _NDP"), "value"): Attribute 'value' of object 'Object Repository/StarPack - Full Lifecycle (AWIS)/1.6 ModifyProPage _NDP' is: 'MCBRIDE, S.A.'

2022-06-28 14:03:42 - [MESSAGE][PASSED] - Attribute 'value' of object 'Object Repository/StarPack - Full Lifecycle (AWIS)/1.6 ModifyProPage _NDP' is: 'MCBRIDE, S.A.'

2022-06-28 14:03:42 - [TEST_STEP][PASSED] - delay(1): Delayed 1 second(s)

2022-06-28 14:03:43 - [MESSAGE][PASSED] - Delayed 1 second(s)

2022-06-28 14:03:43 - [TEST_STEP][PASSED] - if (value == "MCBRIDE, S.A."): null

2022-06-28 14:03:43 - [TEST_STEP][PASSED] - out.println("Value is filled with  value  MCBRIDE, S.A.- Test ok"): null

2022-06-28 14:03:43 - [TEST_STEP][PASSED] - assert true: null

2022-06-28 14:03:43 - [TEST_STEP][PASSED] - delay(1): Delayed 1 second(s)

2022-06-28 14:03:44 - [MESSAGE][PASSED] - Delayed 1 second(s)

2022-06-28 14:03:44 - [TEST_STEP][PASSED] - I.SelectFromList_Value("//*[@id="var_26"]", "94"): Delayed 2 second(s)

2022-06-28 14:03:45 - [MESSAGE][PASSED] - All options with value '94' are selected in object 'Object Repository/1. Constant/xpath' 

2022-06-28 14:03:47 - [MESSAGE][PASSED] - Delayed 2 second(s)

2022-06-28 14:03:47 - [TEST_STEP][PASSED] - I.SelectFromList_Value("//*[@id="var_12"]", "94"): Delayed 2 second(s)

2022-06-28 14:03:48 - [MESSAGE][PASSED] - All options with value '94' are selected in object 'Object Repository/1. Constant/xpath' 

2022-06-28 14:03:50 - [MESSAGE][PASSED] - Delayed 2 second(s)

2022-06-28 14:03:50 - [TEST_STEP][PASSED] - I.SelectFromList_Value("//*[@id="var_27"]", "734"): Delayed 2 second(s)

2022-06-28 14:03:51 - [MESSAGE][PASSED] - All options with value '734' are selected in object 'Object Repository/1. Constant/xpath' 

2022-06-28 14:03:53 - [MESSAGE][PASSED] - Delayed 2 second(s)

2022-06-28 14:03:53 - [TEST_STEP][PASSED] - I.SelectFromList_Value("//*[@id="var_71"]", "efood"): Delayed 2 second(s)

2022-06-28 14:03:53 - [MESSAGE][PASSED] - All options with value 'efood' are selected in object 'Object Repository/1. Constant/xpath' 

2022-06-28 14:03:55 - [MESSAGE][PASSED] - Delayed 2 second(s)

2022-06-28 14:03:55 - [TEST_STEP][PASSED] - takeScreenshot(): Taking screenshot successfully

2022-06-28 14:03:56 - [MESSAGE][PASSED] - Taking screenshot successfully
[[ATTACHMENT|D:\\Projet Test Auto\\Mediabox Test Automation\\Reports\\20220628_140216\\4618_TestStarpack\\TS\\02.TestStarPack Full Lifecycle _Change of Rights_SAS\\20220628_140217\\1656417836266.png]]

2022-06-28 14:03:56 - [TEST_STEP][PASSED] - delay(10): Delayed 10 second(s)

2022-06-28 14:04:06 - [MESSAGE][PASSED] - Delayed 10 second(s)

2022-06-28 14:04:06 - [TEST_STEP][PASSED] - click(findTestObject("HL Full Lifecycle/5 ModifyProjPage_button_Update")): Object: 'Object Repository/HL Full Lifecycle/5 ModifyProjPage_button_Update' is clicked on

2022-06-28 14:04:13 - [MESSAGE][PASSED] - Object: 'Object Repository/HL Full Lifecycle/5 ModifyProjPage_button_Update' is clicked on

2022-06-28 14:04:13 - [TEST_STEP][PASSED] - waitForPageLoad(10): Wait for page load successfully

2022-06-28 14:04:14 - [MESSAGE][PASSED] - Wait for page load successfully

2022-06-28 14:04:14 - [TEST_STEP][PASSED] - delay(5): Delayed 5 second(s)

2022-06-28 14:04:19 - [MESSAGE][PASSED] - Delayed 5 second(s)

2022-06-28 14:04:19 - [TEST_STEP][PASSED] - Project_No = I.ProjectNo(): Current window's url is: 'https://mdb-v3-test.diadeis.com/Mediabox4618/Base/ExecAction?IDSession=MBI%21TESTAUTO_STARPACK_4618%21JMD1S6YNMFUSSUAMM2ECWT8T62PE24JQN7ABFFSV&default_action=AfficheFichesProjet&id_project=MI001284'

2022-06-28 14:04:24 - [MESSAGE][PASSED] - Delayed 5 second(s)

2022-06-28 14:04:24 - [MESSAGE][PASSED] - Current window's url is: 'https://mdb-v3-test.diadeis.com/Mediabox4618/Base/ExecAction?IDSession=MBI%21TESTAUTO_STARPACK_4618%21JMD1S6YNMFUSSUAMM2ECWT8T62PE24JQN7ABFFSV&default_action=AfficheFichesProjet&id_project=MI001284'

2022-06-28 14:04:24 - [TEST_STEP][PASSED] - click(findTestObject("HL Full Lifecycle/6 ReferenceListPage_createrefbutton")): Object: 'Object Repository/HL Full Lifecycle/6 ReferenceListPage_createrefbutton' is clicked on

2022-06-28 14:04:24 - [MESSAGE][PASSED] - Object: 'Object Repository/HL Full Lifecycle/6 ReferenceListPage_createrefbutton' is clicked on

2022-06-28 14:04:24 - [TEST_STEP][PASSED] - click(findTestObject("HL Full Lifecycle/6 ReferenceListPaga_Create a component_button")): Object: 'Object Repository/HL Full Lifecycle/6 ReferenceListPaga_Create a component_button' is clicked on

2022-06-28 14:04:27 - [MESSAGE][PASSED] - Object: 'Object Repository/HL Full Lifecycle/6 ReferenceListPaga_Create a component_button' is clicked on

2022-06-28 14:04:27 - [TEST_STEP][PASSED] - waitForPageLoad(10): Wait for page load successfully

2022-06-28 14:04:27 - [MESSAGE][PASSED] - Wait for page load successfully

2022-06-28 14:04:27 - [TEST_STEP][PASSED] - takeScreenshot(): Taking screenshot successfully

2022-06-28 14:04:28 - [MESSAGE][PASSED] - Taking screenshot successfully
[[ATTACHMENT|D:\\Projet Test Auto\\Mediabox Test Automation\\Reports\\20220628_140216\\4618_TestStarpack\\TS\\02.TestStarPack Full Lifecycle _Change of Rights_SAS\\20220628_140217\\1656417868541.png]]

2022-06-28 14:04:28 - [TEST_STEP][PASSED] - I.SelectFromList_Value("//*[@id="ref_type"]", "6"): Delayed 2 second(s)

2022-06-28 14:04:31 - [MESSAGE][PASSED] - All options with value '6' are selected in object 'Object Repository/1. Constant/xpath' 

2022-06-28 14:04:33 - [MESSAGE][PASSED] - Delayed 2 second(s)

2022-06-28 14:04:33 - [TEST_STEP][PASSED] - click(findTestObject("HL Full Lifecycle/6 ReferencePg_Create a component_bluebutton")): Object: 'Object Repository/HL Full Lifecycle/6 ReferencePg_Create a component_bluebutton' is clicked on

2022-06-28 14:04:45 - [MESSAGE][PASSED] - Object: 'Object Repository/HL Full Lifecycle/6 ReferencePg_Create a component_bluebutton' is clicked on

2022-06-28 14:04:45 - [TEST_STEP][PASSED] - refID = I.RefID(): Current window's url is: 'https://mdb-v3-test.diadeis.com/Mediabox4618/Base/ExecAction?IDSession=MBI%21TESTAUTO_STARPACK_4618%21JMD1S6YNMFUSSUAMM2ECWT8T62PE24JQN7ABFFSV&default_action=ModifierRef&id_project=MI001284&id_ref=6399&action_from=create_ref'

2022-06-28 14:04:50 - [MESSAGE][PASSED] - Delayed 5 second(s)

2022-06-28 14:04:50 - [MESSAGE][PASSED] - Current window's url is: 'https://mdb-v3-test.diadeis.com/Mediabox4618/Base/ExecAction?IDSession=MBI%21TESTAUTO_STARPACK_4618%21JMD1S6YNMFUSSUAMM2ECWT8T62PE24JQN7ABFFSV&default_action=ModifierRef&id_project=MI001284&id_ref=6399&action_from=create_ref'

2022-06-28 14:04:50 - [TEST_STEP][PASSED] - takeScreenshot(): Taking screenshot successfully

2022-06-28 14:04:51 - [MESSAGE][PASSED] - Taking screenshot successfully
[[ATTACHMENT|D:\\Projet Test Auto\\Mediabox Test Automation\\Reports\\20220628_140216\\4618_TestStarpack\\TS\\02.TestStarPack Full Lifecycle _Change of Rights_SAS\\20220628_140217\\1656417891102.png]]

2022-06-28 14:04:51 - [TEST_STEP][PASSED] - sendKeys(findTestObject("1. Constant/01_id_field_id", ["field_id":"var_28"]), "209293"): Keys '209293' sent to object: 'Object Repository/1. Constant/01_id_field_id'

2022-06-28 14:04:52 - [MESSAGE][PASSED] - Keys '209293' sent to object: 'Object Repository/1. Constant/01_id_field_id'

2022-06-28 14:04:52 - [TEST_STEP][PASSED] - sendKeys(findTestObject("1. Constant/01_id_field_id", ["field_id":"var_30"]), "test Submarca"): Keys 'test Submarca' sent to object: 'Object Repository/1. Constant/01_id_field_id'

2022-06-28 14:04:53 - [MESSAGE][PASSED] - Keys 'test Submarca' sent to object: 'Object Repository/1. Constant/01_id_field_id'

2022-06-28 14:04:53 - [TEST_STEP][PASSED] - sendKeys(findTestObject("1. Constant/01_id_field_id", ["field_id":"var_31"]), "test Submarca Vínculo con bulto: test Submarca"): Keys 'test Submarca Vínculo con bulto: test Submarca' sent to object: 'Object Repository/1. Constant/01_id_field_id'

2022-06-28 14:04:53 - [MESSAGE][PASSED] - Keys 'test Submarca Vínculo con bulto: test Submarca' sent to object: 'Object Repository/1. Constant/01_id_field_id'

2022-06-28 14:04:53 - [TEST_STEP][PASSED] - I.SelectFromList_Value("//*[@id="var_38"]", "24"): Delayed 2 second(s)

2022-06-28 14:04:54 - [MESSAGE][PASSED] - All options with value '24' are selected in object 'Object Repository/1. Constant/xpath' 

2022-06-28 14:04:56 - [MESSAGE][PASSED] - Delayed 2 second(s)

2022-06-28 14:04:56 - [TEST_STEP][PASSED] - sendKeys(findTestObject("1. Constant/01_id_field_id", ["field_id":"var_39"]), "8480017155061"): Keys '8480017155061' sent to object: 'Object Repository/1. Constant/01_id_field_id'

2022-06-28 14:04:57 - [MESSAGE][PASSED] - Keys '8480017155061' sent to object: 'Object Repository/1. Constant/01_id_field_id'

2022-06-28 14:04:57 - [TEST_STEP][PASSED] - I.select_multiplelist("//*[@id="selSource_19"]", "//*[@id="btnAdd_19"]", "22"): Delayed 1 second(s)

2022-06-28 14:04:58 - [MESSAGE][PASSED] - Delayed 1 second(s)

2022-06-28 14:04:58 - [MESSAGE][PASSED] - All options with value '22' are selected in object 'Object Repository/1. Constant/xpath' 

2022-06-28 14:05:00 - [MESSAGE][PASSED] - Delayed 2 second(s)

2022-06-28 14:05:01 - [MESSAGE][PASSED] - Object: 'Object Repository/1. Constant/xpath' is clicked on

2022-06-28 14:05:02 - [MESSAGE][PASSED] - Delayed 1 second(s)

2022-06-28 14:05:02 - [TEST_STEP][PASSED] - I.SelectFromList_Value("//*[@id="var_75"]", "26"): Delayed 2 second(s)

2022-06-28 14:05:03 - [MESSAGE][PASSED] - All options with value '26' are selected in object 'Object Repository/1. Constant/xpath' 

2022-06-28 14:05:05 - [MESSAGE][PASSED] - Delayed 2 second(s)

2022-06-28 14:05:05 - [TEST_STEP][PASSED] - click(findTestObject("HL Full Lifecycle/7 ModifyRefPage_button_Save")): Object: 'Object Repository/HL Full Lifecycle/7 ModifyRefPage_button_Save' is clicked on

2022-06-28 14:05:12 - [MESSAGE][PASSED] - Object: 'Object Repository/HL Full Lifecycle/7 ModifyRefPage_button_Save' is clicked on

2022-06-28 14:05:12 - [TEST_STEP][PASSED] - I.Logout(): Delayed 3 second(s)

2022-06-28 14:05:15 - [MESSAGE][PASSED] - Delayed 3 second(s)

2022-06-28 14:05:15 - [MESSAGE][PASSED] - Object: 'Object Repository/1. Constant/xpath' is clicked on

2022-06-28 14:05:18 - [MESSAGE][PASSED] - Delayed 3 second(s)

2022-06-28 14:05:21 - [MESSAGE][PASSED] - Object: 'Object Repository/1. Constant/xpath' is clicked on

2022-06-28 14:05:24 - [MESSAGE][PASSED] - Delayed 3 second(s)

2022-06-28 14:05:24 - [TEST_STEP][PASSED] - I.Login_password("suser", password_suser): Object: 'Object Repository/1. Constant/xpath' is clicked on

2022-06-28 14:05:24 - [MESSAGE][PASSED] - Text 'suser' is set on object 'Object Repository/1. Constant/xpath'

2022-06-28 14:05:25 - [MESSAGE][PASSED] - Delayed 1 second(s)

2022-06-28 14:05:26 - [MESSAGE][PASSED] - Text 'dchi2' is set on object 'Object Repository/1. Constant/xpath'

2022-06-28 14:05:27 - [MESSAGE][PASSED] - Delayed 1 second(s)

2022-06-28 14:05:31 - [MESSAGE][PASSED] - Object: 'Object Repository/1. Constant/xpath' is clicked on

2022-06-28 14:05:31 - [TEST_STEP][PASSED] - takeScreenshot(): Taking screenshot successfully

2022-06-28 14:05:32 - [MESSAGE][PASSED] - Taking screenshot successfully
[[ATTACHMENT|D:\\Projet Test Auto\\Mediabox Test Automation\\Reports\\20220628_140216\\4618_TestStarpack\\TS\\02.TestStarPack Full Lifecycle _Change of Rights_SAS\\20220628_140217\\1656417931909.png]]

2022-06-28 14:05:32 - [TEST_STEP][PASSED] - click(findTestObject("1. Constant/02_LHSMenu_Projects")): Object: 'Object Repository/1. Constant/02_LHSMenu_Projects' is clicked on

2022-06-28 14:05:39 - [MESSAGE][PASSED] - Object: 'Object Repository/1. Constant/02_LHSMenu_Projects' is clicked on

2022-06-28 14:05:39 - [TEST_STEP][PASSED] - I.SearchProjectNo(Project_No, findTestObject("HL Full Lifecycle/9 Filter_Button_Apply")): Delayed 5 second(s)

2022-06-28 14:05:40 - [MESSAGE][PASSED] - Text 'MI001284' is set on object 'Object Repository/1. Constant/xpath'

2022-06-28 14:05:43 - [MESSAGE][PASSED] - Delayed 3 second(s)

2022-06-28 14:05:47 - [MESSAGE][PASSED] - Object: 'Object Repository/HL Full Lifecycle/9 Filter_Button_Apply' is clicked on

2022-06-28 14:05:52 - [MESSAGE][PASSED] - Delayed 5 second(s)

2022-06-28 14:05:52 - [TEST_STEP][PASSED] - I.superedit_ref(findTestObject("Object Repository/StarPack - Full Lifecycle (AWIS)/3.02 Suser super edit", ["refID":"source_" + refID]), findTestObject("Object Repository/StarPack - Full Lifecycle (AWIS)/3.03 Suser super edit (option)", ["refID":"source_" + refID])): Object: 'Object Repository/StarPack - Full Lifecycle (AWIS)/3.03 Suser super edit (option)' is clicked on

2022-06-28 14:05:52 - [MESSAGE][PASSED] - Object: 'Object Repository/StarPack - Full Lifecycle (AWIS)/3.02 Suser super edit' is clicked on

2022-06-28 14:05:55 - [MESSAGE][PASSED] - Delayed 3 second(s)

2022-06-28 14:05:59 - [MESSAGE][PASSED] - Object: 'Object Repository/StarPack - Full Lifecycle (AWIS)/3.03 Suser super edit (option)' is clicked on

2022-06-28 14:05:59 - [TEST_STEP][PASSED] - takeScreenshot(): Taking screenshot successfully

2022-06-28 14:06:00 - [MESSAGE][PASSED] - Taking screenshot successfully
[[ATTACHMENT|D:\\Projet Test Auto\\Mediabox Test Automation\\Reports\\20220628_140216\\4618_TestStarpack\\TS\\02.TestStarPack Full Lifecycle _Change of Rights_SAS\\20220628_140217\\1656417960446.png]]

2022-06-28 14:06:00 - [TEST_STEP][PASSED] - I.click_button_javascript(findTestObject("Object Repository/StarPack - Full Lifecycle (AWIS)/3.04 Suser select option button(yes)", ["field_ID":"field_var_40"])): Execute JavaScript 'arguments[0].click()' successfully

2022-06-28 14:06:01 - [MESSAGE][PASSED] - Execute JavaScript 'arguments[0].click()' successfully

2022-06-28 14:06:01 - [TEST_STEP][PASSED] - I.click_button_javascript(findTestObject("Object Repository/StarPack - Full Lifecycle (AWIS)/3.04 Suser select option button(yes)", ["field_ID":"field_var_41"])): Execute JavaScript 'arguments[0].click()' successfully

2022-06-28 14:06:01 - [MESSAGE][PASSED] - Execute JavaScript 'arguments[0].click()' successfully

2022-06-28 14:06:01 - [TEST_STEP][PASSED] - I.click_button_javascript(findTestObject("Object Repository/StarPack - Full Lifecycle (AWIS)/3.04 Suser select option button(yes)", ["field_ID":"field_var_42"])): Execute JavaScript 'arguments[0].click()' successfully

2022-06-28 14:06:02 - [MESSAGE][PASSED] - Execute JavaScript 'arguments[0].click()' successfully

2022-06-28 14:06:02 - [TEST_STEP][PASSED] - I.click_button_javascript(findTestObject("Object Repository/StarPack - Full Lifecycle (AWIS)/3.04 Suser select option button(yes)", ["field_ID":"field_var_43"])): Execute JavaScript 'arguments[0].click()' successfully

2022-06-28 14:06:02 - [MESSAGE][PASSED] - Execute JavaScript 'arguments[0].click()' successfully

2022-06-28 14:06:02 - [TEST_STEP][PASSED] - I.click_button_javascript(findTestObject("Object Repository/StarPack - Full Lifecycle (AWIS)/3.04 Suser select option button(No)", ["field_ID":"field_var_44"])): Execute JavaScript 'arguments[0].click()' successfully

2022-06-28 14:06:03 - [MESSAGE][PASSED] - Execute JavaScript 'arguments[0].click()' successfully

2022-06-28 14:06:03 - [TEST_STEP][PASSED] - I.click_button_javascript(findTestObject("Object Repository/StarPack - Full Lifecycle (AWIS)/3.04 Suser select option button(No)", ["field_ID":"field_var_45"])): Execute JavaScript 'arguments[0].click()' successfully

2022-06-28 14:06:03 - [MESSAGE][PASSED] - Execute JavaScript 'arguments[0].click()' successfully

2022-06-28 14:06:03 - [TEST_STEP][PASSED] - I.click_button_javascript(findTestObject("Object Repository/StarPack - Full Lifecycle (AWIS)/3.04 Suser select option button(No)", ["field_ID":"field_var_99"])): Execute JavaScript 'arguments[0].click()' successfully

2022-06-28 14:06:03 - [MESSAGE][PASSED] - Execute JavaScript 'arguments[0].click()' successfully

2022-06-28 14:06:03 - [TEST_STEP][PASSED] - click(findTestObject("Object Repository/StarPack - Full Lifecycle (AWIS)/3.05 Suser saves for super edit ref")): Object: 'Object Repository/StarPack - Full Lifecycle (AWIS)/3.05 Suser saves for super edit ref' is clicked on

2022-06-28 14:06:08 - [MESSAGE][PASSED] - Object: 'Object Repository/StarPack - Full Lifecycle (AWIS)/3.05 Suser saves for super edit ref' is clicked on

2022-06-28 14:06:08 - [TEST_STEP][PASSED] - I.Logout(): Delayed 3 second(s)

2022-06-28 14:06:11 - [MESSAGE][PASSED] - Delayed 3 second(s)

2022-06-28 14:06:12 - [MESSAGE][PASSED] - Object: 'Object Repository/1. Constant/xpath' is clicked on

2022-06-28 14:06:15 - [MESSAGE][PASSED] - Delayed 3 second(s)

2022-06-28 14:06:17 - [MESSAGE][PASSED] - Object: 'Object Repository/1. Constant/xpath' is clicked on

2022-06-28 14:06:20 - [MESSAGE][PASSED] - Delayed 3 second(s)

2022-06-28 14:06:20 - [TEST_STEP][PASSED] - I.Login_password("adelamatanieves", password_adelamatanieves): Object: 'Object Repository/1. Constant/xpath' is clicked on

2022-06-28 14:06:21 - [MESSAGE][PASSED] - Text 'adelamatanieves' is set on object 'Object Repository/1. Constant/xpath'

2022-06-28 14:06:22 - [MESSAGE][PASSED] - Delayed 1 second(s)

2022-06-28 14:06:22 - [MESSAGE][PASSED] - Text 'dchi4' is set on object 'Object Repository/1. Constant/xpath'

2022-06-28 14:06:23 - [MESSAGE][PASSED] - Delayed 1 second(s)

2022-06-28 14:06:26 - [MESSAGE][PASSED] - Object: 'Object Repository/1. Constant/xpath' is clicked on

2022-06-28 14:06:26 - [TEST_STEP][PASSED] - takeScreenshot(): Taking screenshot successfully

2022-06-28 14:06:28 - [MESSAGE][PASSED] - Taking screenshot successfully
[[ATTACHMENT|D:\\Projet Test Auto\\Mediabox Test Automation\\Reports\\20220628_140216\\4618_TestStarpack\\TS\\02.TestStarPack Full Lifecycle _Change of Rights_SAS\\20220628_140217\\1656417987886.png]]

2022-06-28 14:06:28 - [TEST_STEP][PASSED] - click(findTestObject("1. Constant/02_LHSMenu_Projects")): Object: 'Object Repository/1. Constant/02_LHSMenu_Projects' is clicked on

2022-06-28 14:06:31 - [MESSAGE][PASSED] - Object: 'Object Repository/1. Constant/02_LHSMenu_Projects' is clicked on

2022-06-28 14:06:31 - [TEST_STEP][PASSED] - I.SearchProjectNo(Project_No, findTestObject("HL Full Lifecycle/9 Filter_Button_Apply")): Delayed 5 second(s)

2022-06-28 14:06:32 - [MESSAGE][PASSED] - Text 'MI001284' is set on object 'Object Repository/1. Constant/xpath'

2022-06-28 14:06:35 - [MESSAGE][PASSED] - Delayed 3 second(s)

2022-06-28 14:06:40 - [MESSAGE][PASSED] - Object: 'Object Repository/HL Full Lifecycle/9 Filter_Button_Apply' is clicked on

2022-06-28 14:06:45 - [MESSAGE][PASSED] - Delayed 5 second(s)

2022-06-28 14:06:45 - [TEST_STEP][PASSED] - click(findTestObject("1. Constant/xpath", ["xpath":"/html/body/div[1]/div[2]/div[4]/div[3]/div/div[2]/div[2]/div[1]/table/tbody/tr[2]/td[10]/a[3]"])): Object: 'Object Repository/1. Constant/xpath' is clicked on

2022-06-28 14:06:49 - [MESSAGE][PASSED] - Object: 'Object Repository/1. Constant/xpath' is clicked on

2022-06-28 14:06:49 - [TEST_STEP][PASSED] - click(findTestObject("Object Repository/StarPack - Full Lifecycle (AWIS)/2.031 RefPg_AnnaSubmit", ["id":"1"])): Object: 'Object Repository/StarPack - Full Lifecycle (AWIS)/2.031 RefPg_AnnaSubmit' is clicked on

2022-06-28 14:06:58 - [MESSAGE][PASSED] - Object: 'Object Repository/StarPack - Full Lifecycle (AWIS)/2.031 RefPg_AnnaSubmit' is clicked on

2022-06-28 14:06:58 - [TEST_STEP][PASSED] - click(findTestObject("Object Repository/StarPack - Full Lifecycle (AWIS)/2.03 Block anna")): Object: 'Object Repository/StarPack - Full Lifecycle (AWIS)/2.03 Block anna' is clicked on

2022-06-28 14:07:01 - [MESSAGE][PASSED] - Object: 'Object Repository/StarPack - Full Lifecycle (AWIS)/2.03 Block anna' is clicked on

2022-06-28 14:07:01 - [TEST_STEP][PASSED] - I.click_button_javascript(findTestObject("Object Repository/StarPack - Full Lifecycle (AWIS)/2.04 Field yes_No (Auto Daughter ref)", ["id":"1"])): Execute JavaScript 'arguments[0].click()' successfully

2022-06-28 14:07:02 - [MESSAGE][PASSED] - Execute JavaScript 'arguments[0].click()' successfully

2022-06-28 14:07:02 - [TEST_STEP][PASSED] - I.click_button_javascript(findTestObject("Object Repository/StarPack - Full Lifecycle (AWIS)/2.04 Field yes_No (Auto Daughter ref)", ["id":"2"])): Execute JavaScript 'arguments[0].click()' successfully

2022-06-28 14:07:03 - [MESSAGE][PASSED] - Execute JavaScript 'arguments[0].click()' successfully

2022-06-28 14:07:03 - [TEST_STEP][PASSED] - I.click_button_javascript(findTestObject("Object Repository/StarPack - Full Lifecycle (AWIS)/2.04 Field yes_No (Auto Daughter ref)", ["id":"3"])): Execute JavaScript 'arguments[0].click()' successfully

2022-06-28 14:07:03 - [MESSAGE][PASSED] - Execute JavaScript 'arguments[0].click()' successfully

2022-06-28 14:07:03 - [TEST_STEP][PASSED] - I.Pagedown(): Execute JavaScript 'window.scrollTo(0, document.body.scrollHeight)' successfully

2022-06-28 14:07:03 - [MESSAGE][PASSED] - Execute JavaScript 'window.scrollTo(0, document.body.scrollHeight)' successfully

2022-06-28 14:07:03 - [TEST_STEP][PASSED] - click(findTestObject("Object Repository/StarPack - Full Lifecycle (AWIS)/2.05 RefPg_submit")): Object: 'Object Repository/StarPack - Full Lifecycle (AWIS)/2.05 RefPg_submit' is clicked on

2022-06-28 14:07:17 - [MESSAGE][PASSED] - Object: 'Object Repository/StarPack - Full Lifecycle (AWIS)/2.05 RefPg_submit' is clicked on

2022-06-28 14:07:17 - [TEST_STEP][PASSED] - delay(2): Delayed 2 second(s)

2022-06-28 14:07:19 - [MESSAGE][PASSED] - Delayed 2 second(s)

2022-06-28 14:07:19 - [TEST_STEP][PASSED] - takeScreenshot(): Taking screenshot successfully

2022-06-28 14:07:20 - [MESSAGE][PASSED] - Taking screenshot successfully
[[ATTACHMENT|D:\\Projet Test Auto\\Mediabox Test Automation\\Reports\\20220628_140216\\4618_TestStarpack\\TS\\02.TestStarPack Full Lifecycle _Change of Rights_SAS\\20220628_140217\\1656418039982.png]]

2022-06-28 14:07:20 - [TEST_STEP][PASSED] - I.Logout(): Delayed 3 second(s)

2022-06-28 14:07:23 - [MESSAGE][PASSED] - Delayed 3 second(s)

2022-06-28 14:07:23 - [MESSAGE][PASSED] - Object: 'Object Repository/1. Constant/xpath' is clicked on

2022-06-28 14:07:26 - [MESSAGE][PASSED] - Delayed 3 second(s)

2022-06-28 14:07:28 - [MESSAGE][PASSED] - Object: 'Object Repository/1. Constant/xpath' is clicked on

2022-06-28 14:07:31 - [MESSAGE][PASSED] - Delayed 3 second(s)

2022-06-28 14:07:31 - [TEST_STEP][PASSED] - refID_PTS = Integer.parseInt(refID) + 1: null

2022-06-28 14:07:31 - [TEST_STEP][PASSED] - refID_PS = Integer.parseInt(refID) + 2: null

2022-06-28 14:07:31 - [TEST_STEP][PASSED] - refID_TD = Integer.parseInt(refID) + 3: null

2022-06-28 14:07:31 - [TEST_STEP][PASSED] - I.writenotepad("D:\Upoad_File\Projet_ Login\StarPack\4.01 StarPack _Project_No\4.01_StarPack_ProjectNo.txt", Project_No): null

2022-06-28 14:07:31 - [TEST_STEP][PASSED] - I.writenotepad("D:\Upoad_File\Projet_ Login\StarPack\4.01 StarPack _Project_No\4.01_StarPack_refID.txt", refID): null

2022-06-28 14:07:31 - [TEST_STEP][PASSED] - I.writenotepad("D:\Upoad_File\Projet_ Login\StarPack\4.01 StarPack _Project_No\4.01_StarPack_refID_PS.txt", refID_PS): null

2022-06-28 14:07:31 - [TEST_STEP][PASSED] - I.writenotepad("D:\Upoad_File\Projet_ Login\StarPack\4.01 StarPack _Project_No\4.01_StarPack_refID_PTS.txt", refID_PTS): null

2022-06-28 14:07:31 - [TEST_STEP][PASSED] - I.writenotepad("D:\Upoad_File\Projet_ Login\StarPack\4.01 StarPack _Project_No\4.01_StarPack_refID_TD.txt", refID_TD): null

2022-06-28 14:07:31 - [TEST_STEP][PASSED] - I.Login_password("suser", password_suser): Object: 'Object Repository/1. Constant/xpath' is clicked on

2022-06-28 14:07:32 - [MESSAGE][PASSED] - Text 'suser' is set on object 'Object Repository/1. Constant/xpath'

2022-06-28 14:07:33 - [MESSAGE][PASSED] - Delayed 1 second(s)

2022-06-28 14:07:34 - [MESSAGE][PASSED] - Text 'dchi2' is set on object 'Object Repository/1. Constant/xpath'

2022-06-28 14:07:35 - [MESSAGE][PASSED] - Delayed 1 second(s)

2022-06-28 14:07:38 - [MESSAGE][PASSED] - Object: 'Object Repository/1. Constant/xpath' is clicked on

2022-06-28 14:07:38 - [TEST_STEP][PASSED] - takeScreenshot(): Taking screenshot successfully

2022-06-28 14:07:39 - [MESSAGE][PASSED] - Taking screenshot successfully
[[ATTACHMENT|D:\\Projet Test Auto\\Mediabox Test Automation\\Reports\\20220628_140216\\4618_TestStarpack\\TS\\02.TestStarPack Full Lifecycle _Change of Rights_SAS\\20220628_140217\\1656418058903.png]]

2022-06-28 14:07:39 - [TEST_STEP][PASSED] - click(findTestObject("1. Constant/02_LHSMenu_Projects")): Object: 'Object Repository/1. Constant/02_LHSMenu_Projects' is clicked on

2022-06-28 14:07:48 - [MESSAGE][PASSED] - Object: 'Object Repository/1. Constant/02_LHSMenu_Projects' is clicked on

2022-06-28 14:07:48 - [TEST_STEP][PASSED] - I.SearchProjectNo(Project_No, findTestObject("HL Full Lifecycle/9 Filter_Button_Apply")): Delayed 5 second(s)

2022-06-28 14:07:49 - [MESSAGE][PASSED] - Text 'MI001284' is set on object 'Object Repository/1. Constant/xpath'

2022-06-28 14:07:52 - [MESSAGE][PASSED] - Delayed 3 second(s)

2022-06-28 14:07:56 - [MESSAGE][PASSED] - Object: 'Object Repository/HL Full Lifecycle/9 Filter_Button_Apply' is clicked on

2022-06-28 14:08:01 - [MESSAGE][PASSED] - Delayed 5 second(s)

2022-06-28 14:08:01 - [TEST_STEP][PASSED] - takeScreenshot(): Taking screenshot successfully

2022-06-28 14:08:02 - [MESSAGE][PASSED] - Taking screenshot successfully
[[ATTACHMENT|D:\\Projet Test Auto\\Mediabox Test Automation\\Reports\\20220628_140216\\4618_TestStarpack\\TS\\02.TestStarPack Full Lifecycle _Change of Rights_SAS\\20220628_140217\\1656418081870.png]]

2022-06-28 14:08:02 - [TEST_STEP][PASSED] - I.verifyDaughterrefCreated(findTestObject("Object Repository/StarPack - Full Lifecycle (AWIS)/3.01 Suser Ref Daughter verification", ["refID_PTS":"source_" + refID_PTS]), "PTS", log): Text of object 'Object Repository/StarPack - Full Lifecycle (AWIS)/3.01 Suser Ref Daughter verification' is: 'PTS'

2022-06-28 14:08:02 - [MESSAGE][PASSED] - Text of object 'Object Repository/StarPack - Full Lifecycle (AWIS)/3.01 Suser Ref Daughter verification' is: 'PTS'

2022-06-28 14:08:02 - [TEST_STEP][PASSED] - I.verifyDaughterrefCreated(findTestObject("Object Repository/StarPack - Full Lifecycle (AWIS)/3.01 Suser Ref Daughter verification", ["refID_PTS":"source_" + refID_PS]), "Product Sample", log): Text of object 'Object Repository/StarPack - Full Lifecycle (AWIS)/3.01 Suser Ref Daughter verification' is: 'Product Sample'

2022-06-28 14:08:03 - [MESSAGE][PASSED] - Text of object 'Object Repository/StarPack - Full Lifecycle (AWIS)/3.01 Suser Ref Daughter verification' is: 'Product Sample'

2022-06-28 14:08:03 - [TEST_STEP][PASSED] - I.verifyDaughterrefCreated(findTestObject("Object Repository/StarPack - Full Lifecycle (AWIS)/3.01 Suser Ref Daughter verification", ["refID_PTS":"source_" + refID_TD]), "Technical Drawing", log): Text of object 'Object Repository/StarPack - Full Lifecycle (AWIS)/3.01 Suser Ref Daughter verification' is: 'Technical Drawing'

2022-06-28 14:08:03 - [MESSAGE][PASSED] - Text of object 'Object Repository/StarPack - Full Lifecycle (AWIS)/3.01 Suser Ref Daughter verification' is: 'Technical Drawing'

2022-06-28 14:08:03 - [TEST_STEP][PASSED] - I.Logout(): Delayed 3 second(s)

2022-06-28 14:08:06 - [MESSAGE][PASSED] - Delayed 3 second(s)

2022-06-28 14:08:06 - [MESSAGE][PASSED] - Object: 'Object Repository/1. Constant/xpath' is clicked on

2022-06-28 14:08:09 - [MESSAGE][PASSED] - Delayed 3 second(s)

2022-06-28 14:08:12 - [MESSAGE][PASSED] - Object: 'Object Repository/1. Constant/xpath' is clicked on

2022-06-28 14:08:15 - [MESSAGE][PASSED] - Delayed 3 second(s)

2022-06-28 14:08:15 - [TEST_STEP][PASSED] - I.Login_password("aherms", password_aherms): Object: 'Object Repository/1. Constant/xpath' is clicked on

2022-06-28 14:08:16 - [MESSAGE][PASSED] - Text 'aherms' is set on object 'Object Repository/1. Constant/xpath'

2022-06-28 14:08:17 - [MESSAGE][PASSED] - Delayed 1 second(s)

2022-06-28 14:08:18 - [MESSAGE][PASSED] - Text 'dchi3' is set on object 'Object Repository/1. Constant/xpath'

2022-06-28 14:08:19 - [MESSAGE][PASSED] - Delayed 1 second(s)

2022-06-28 14:08:21 - [MESSAGE][PASSED] - Object: 'Object Repository/1. Constant/xpath' is clicked on

2022-06-28 14:08:21 - [TEST_STEP][PASSED] - takeScreenshot(): Taking screenshot successfully

2022-06-28 14:08:22 - [MESSAGE][PASSED] - Taking screenshot successfully
[[ATTACHMENT|D:\\Projet Test Auto\\Mediabox Test Automation\\Reports\\20220628_140216\\4618_TestStarpack\\TS\\02.TestStarPack Full Lifecycle _Change of Rights_SAS\\20220628_140217\\1656418102450.png]]

2022-06-28 14:08:22 - [TEST_STEP][PASSED] - click(findTestObject("1. Constant/02_LHSMenu_Projects")): Object: 'Object Repository/1. Constant/02_LHSMenu_Projects' is clicked on

2022-06-28 14:08:30 - [MESSAGE][PASSED] - Object: 'Object Repository/1. Constant/02_LHSMenu_Projects' is clicked on

2022-06-28 14:08:30 - [TEST_STEP][PASSED] - I.SearchProjectNo(Project_No, findTestObject("HL Full Lifecycle/9 Filter_Button_Apply")): Delayed 5 second(s)

2022-06-28 14:08:31 - [MESSAGE][PASSED] - Text 'MI001284' is set on object 'Object Repository/1. Constant/xpath'

2022-06-28 14:08:34 - [MESSAGE][PASSED] - Delayed 3 second(s)

2022-06-28 14:08:37 - [MESSAGE][PASSED] - Object: 'Object Repository/HL Full Lifecycle/9 Filter_Button_Apply' is clicked on

2022-06-28 14:08:42 - [MESSAGE][PASSED] - Delayed 5 second(s)

2022-06-28 14:08:42 - [TEST_STEP][PASSED] - click(findTestObject("Object Repository/StarPack - Full Lifecycle (AWIS)/4.01 Supplier proceed to next phase(PTS)", ["field_id":"ancre_" + refID_TD])): Object: 'Object Repository/StarPack - Full Lifecycle (AWIS)/4.01 Supplier proceed to next phase(PTS)' is clicked on

2022-06-28 14:08:44 - [MESSAGE][PASSED] - Object: 'Object Repository/StarPack - Full Lifecycle (AWIS)/4.01 Supplier proceed to next phase(PTS)' is clicked on

2022-06-28 14:08:44 - [TEST_STEP][PASSED] - takeScreenshot(): Taking screenshot successfully

2022-06-28 14:08:45 - [MESSAGE][PASSED] - Taking screenshot successfully
[[ATTACHMENT|D:\\Projet Test Auto\\Mediabox Test Automation\\Reports\\20220628_140216\\4618_TestStarpack\\TS\\02.TestStarPack Full Lifecycle _Change of Rights_SAS\\20220628_140217\\1656418125348.png]]

2022-06-28 14:08:45 - [TEST_STEP][PASSED] - I.UploadDoc_sendkey_field("//*[@id="var_77"]", "D:\Upoad_File\Upload doc\testdata1.pdf", "testdata1"): Text 'testdata1' is present on page 

2022-06-28 14:08:47 - [MESSAGE][PASSED] - Delayed 2 second(s)

2022-06-28 14:08:47 - [MESSAGE][PASSED] - Keys 'D:\Upoad_File\Upload doc\testdata1.pdf' sent to object: 'Object Repository/1. Constant/xpath'

2022-06-28 14:08:48 - [MESSAGE][PASSED] - Text 'testdata1' is present on page 

2022-06-28 14:08:48 - [TEST_STEP][PASSED] - setText(findTestObject("1. Constant/01_id_field_id", ["field_id":"var_46"]), "Datos de contacto del proveedor - Text Field"): Text 'Datos de contacto del proveedor - Text Field' is set on object 'Object Repository/1. Constant/01_id_field_id'

2022-06-28 14:08:49 - [MESSAGE][PASSED] - Text 'Datos de contacto del proveedor - Text Field' is set on object 'Object Repository/1. Constant/01_id_field_id'

2022-06-28 14:08:49 - [TEST_STEP][PASSED] - I.Pagedown(): Execute JavaScript 'window.scrollTo(0, document.body.scrollHeight)' successfully

2022-06-28 14:08:49 - [MESSAGE][PASSED] - Execute JavaScript 'window.scrollTo(0, document.body.scrollHeight)' successfully

2022-06-28 14:08:49 - [TEST_STEP][PASSED] - click(findTestObject("1. Constant/xpath", ["xpath":"//*[@id="ModifFiche"]/div[3]/div/button[2]"])): Object: 'Object Repository/1. Constant/xpath' is clicked on

2022-06-28 14:08:57 - [MESSAGE][PASSED] - Object: 'Object Repository/1. Constant/xpath' is clicked on

2022-06-28 14:08:57 - [TEST_STEP][PASSED] - takeScreenshot(): Taking screenshot successfully

2022-06-28 14:08:58 - [MESSAGE][PASSED] - Taking screenshot successfully
[[ATTACHMENT|D:\\Projet Test Auto\\Mediabox Test Automation\\Reports\\20220628_140216\\4618_TestStarpack\\TS\\02.TestStarPack Full Lifecycle _Change of Rights_SAS\\20220628_140217\\1656418137922.png]]

2022-06-28 14:08:58 - [TEST_STEP][PASSED] - click(findTestObject("Object Repository/StarPack - Full Lifecycle (AWIS)/4.012 Supploer proceed to next phase (PS)", ["refID":"source_" + refID_PS])): Object: 'Object Repository/StarPack - Full Lifecycle (AWIS)/4.012 Supploer proceed to next phase (PS)' is clicked on

2022-06-28 14:09:01 - [MESSAGE][PASSED] - Object: 'Object Repository/StarPack - Full Lifecycle (AWIS)/4.012 Supploer proceed to next phase (PS)' is clicked on

2022-06-28 14:09:01 - [TEST_STEP][PASSED] - takeScreenshot(): Taking screenshot successfully

2022-06-28 14:09:02 - [MESSAGE][PASSED] - Taking screenshot successfully
[[ATTACHMENT|D:\\Projet Test Auto\\Mediabox Test Automation\\Reports\\20220628_140216\\4618_TestStarpack\\TS\\02.TestStarPack Full Lifecycle _Change of Rights_SAS\\20220628_140217\\1656418142046.png]]

2022-06-28 14:09:02 - [TEST_STEP][PASSED] - setText(findTestObject("1. Constant/01_id_field_id", ["field_id":"var_24"]), "Número de seguimiento del envío de la muestra de producto- Text Field"): Text 'Número de seguimiento del envío de la muestra de producto- Text Field' is set on object 'Object Repository/1. Constant/01_id_field_id'

2022-06-28 14:09:03 - [MESSAGE][PASSED] - Text 'Número de seguimiento del envío de la muestra de producto- Text Field' is set on object 'Object Repository/1. Constant/01_id_field_id'

2022-06-28 14:09:03 - [TEST_STEP][PASSED] - click(findTestObject("1. Constant/xpath", ["xpath":"//*[@id="ModifFiche"]/div[3]/div/button[2]"])): Object: 'Object Repository/1. Constant/xpath' is clicked on

2022-06-28 14:09:10 - [MESSAGE][PASSED] - Object: 'Object Repository/1. Constant/xpath' is clicked on

2022-06-28 14:09:10 - [TEST_STEP][PASSED] - takeScreenshot(): Taking screenshot successfully

2022-06-28 14:09:11 - [MESSAGE][PASSED] - Taking screenshot successfully
[[ATTACHMENT|D:\\Projet Test Auto\\Mediabox Test Automation\\Reports\\20220628_140216\\4618_TestStarpack\\TS\\02.TestStarPack Full Lifecycle _Change of Rights_SAS\\20220628_140217\\1656418150893.png]]

2022-06-28 14:09:11 - [TEST_STEP][PASSED] - delay(1): Delayed 1 second(s)

2022-06-28 14:09:12 - [MESSAGE][PASSED] - Delayed 1 second(s)

2022-06-28 14:09:12 - [TEST_STEP][PASSED] - click(findTestObject("1. Constant/xpath", ["xpath":"/html/body/div[1]/div[2]/div[4]/div[3]/div/div[2]/div[2]/div[1]/table/tbody/tr[1]/td[4]/a[2]"])): Object: 'Object Repository/1. Constant/xpath' is clicked on

2022-06-28 14:09:12 - [MESSAGE][PASSED] - Object: 'Object Repository/1. Constant/xpath' is clicked on

2022-06-28 14:09:12 - [TEST_STEP][PASSED] - delay(1): Delayed 1 second(s)

2022-06-28 14:09:13 - [MESSAGE][PASSED] - Delayed 1 second(s)

2022-06-28 14:09:13 - [TEST_STEP][PASSED] - verifyElementNotVisible(findTestObject("1. Constant/xpath", ["xpath":"/html/body/div[1]/div[2]/div[4]/div[3]/div/div[2]/div[2]/div[1]/table/tbody/tr[2]/td[4]/a"]), STOP_ON_FAILURE): Object 'Object Repository/1. Constant/xpath' is NOT visible

2022-06-28 14:09:13 - [MESSAGE][PASSED] - Object 'Object Repository/1. Constant/xpath' is NOT visible

2022-06-28 14:09:13 - [TEST_STEP][PASSED] - verifyElementNotVisible(findTestObject("1. Constant/xpath", ["xpath":"/html/body/div[1]/div[2]/div[4]/div[3]/div/div[2]/div[2]/div[1]/table/tbody/tr[3]/td[4]/a"]), STOP_ON_FAILURE): Object 'Object Repository/1. Constant/xpath' is NOT visible

2022-06-28 14:09:14 - [MESSAGE][PASSED] - Object 'Object Repository/1. Constant/xpath' is NOT visible

2022-06-28 14:09:14 - [TEST_STEP][PASSED] - verifyElementNotVisible(findTestObject("1. Constant/xpath", ["xpath":"/html/body/div[1]/div[2]/div[4]/div[3]/div/div[2]/div[2]/div[1]/table/tbody/tr[4]/td[4]/a"]), STOP_ON_FAILURE): Object 'Object Repository/1. Constant/xpath' is NOT visible

2022-06-28 14:09:14 - [MESSAGE][PASSED] - Object 'Object Repository/1. Constant/xpath' is NOT visible

2022-06-28 14:09:14 - [TEST_STEP][PASSED] - takeScreenshot(): Taking screenshot successfully

2022-06-28 14:09:15 - [MESSAGE][PASSED] - Taking screenshot successfully
[[ATTACHMENT|D:\\Projet Test Auto\\Mediabox Test Automation\\Reports\\20220628_140216\\4618_TestStarpack\\TS\\02.TestStarPack Full Lifecycle _Change of Rights_SAS\\20220628_140217\\1656418154936.png]]

2022-06-28 14:09:15 - [TEST_STEP][PASSED] - click(findTestObject("1. Constant/xpath", ["xpath":"/html/body/div[1]/div[2]/div[4]/div[3]/div/div[2]/div[2]/div[1]/table/tbody/tr[1]/td[4]/a[2]"])): Object: 'Object Repository/1. Constant/xpath' is clicked on

2022-06-28 14:09:15 - [MESSAGE][PASSED] - Object: 'Object Repository/1. Constant/xpath' is clicked on

2022-06-28 14:09:15 - [TEST_STEP][PASSED] - delay(1): Delayed 1 second(s)

2022-06-28 14:09:16 - [MESSAGE][PASSED] - Delayed 1 second(s)

2022-06-28 14:09:16 - [TEST_STEP][PASSED] - verifyElementVisible(findTestObject("1. Constant/xpath", ["xpath":"/html/body/div[1]/div[2]/div[4]/div[3]/div/div[2]/div[2]/div[1]/table/tbody/tr[2]/td[4]/a"]), STOP_ON_FAILURE): Object 'Object Repository/1. Constant/xpath' is visible

2022-06-28 14:09:17 - [MESSAGE][PASSED] - Object 'Object Repository/1. Constant/xpath' is visible

2022-06-28 14:09:17 - [TEST_STEP][PASSED] - verifyElementVisible(findTestObject("1. Constant/xpath", ["xpath":"/html/body/div[1]/div[2]/div[4]/div[3]/div/div[2]/div[2]/div[1]/table/tbody/tr[3]/td[4]/a"]), STOP_ON_FAILURE): Object 'Object Repository/1. Constant/xpath' is visible

2022-06-28 14:09:17 - [MESSAGE][PASSED] - Object 'Object Repository/1. Constant/xpath' is visible

2022-06-28 14:09:17 - [TEST_STEP][PASSED] - verifyElementVisible(findTestObject("1. Constant/xpath", ["xpath":"/html/body/div[1]/div[2]/div[4]/div[3]/div/div[2]/div[2]/div[1]/table/tbody/tr[4]/td[4]/a"]), STOP_ON_FAILURE): Object 'Object Repository/1. Constant/xpath' is visible

2022-06-28 14:09:17 - [MESSAGE][PASSED] - Object 'Object Repository/1. Constant/xpath' is visible

2022-06-28 14:09:17 - [TEST_STEP][PASSED] - takeScreenshot(): Taking screenshot successfully

2022-06-28 14:09:18 - [MESSAGE][PASSED] - Taking screenshot successfully
[[ATTACHMENT|D:\\Projet Test Auto\\Mediabox Test Automation\\Reports\\20220628_140216\\4618_TestStarpack\\TS\\02.TestStarPack Full Lifecycle _Change of Rights_SAS\\20220628_140217\\1656418158001.png]]

2022-06-28 14:09:18 - [TEST_STEP][PASSED] - delay(1): Delayed 1 second(s)

2022-06-28 14:09:19 - [MESSAGE][PASSED] - Delayed 1 second(s)

2022-06-28 14:09:19 - [TEST_STEP][PASSED] - click(findTestObject("1. Constant/xpath", ["xpath":"//*[@id="all_a"]"])): Object: 'Object Repository/1. Constant/xpath' is clicked on

2022-06-28 14:09:19 - [MESSAGE][PASSED] - Object: 'Object Repository/1. Constant/xpath' is clicked on

2022-06-28 14:09:19 - [TEST_STEP][PASSED] - delay(1): Delayed 1 second(s)

2022-06-28 14:09:20 - [MESSAGE][PASSED] - Delayed 1 second(s)

2022-06-28 14:09:20 - [TEST_STEP][PASSED] - verifyElementVisible(findTestObject("1. Constant/xpath", ["xpath":"/html/body/div[1]/div[2]/div[4]/div[3]/div/div[2]/div[2]/div[1]/table/tbody/tr[1]/td[4]/a[1]"]), STOP_ON_FAILURE): Object 'Object Repository/1. Constant/xpath' is visible

2022-06-28 14:09:21 - [MESSAGE][PASSED] - Object 'Object Repository/1. Constant/xpath' is visible

2022-06-28 14:09:21 - [TEST_STEP][PASSED] - verifyElementNotVisible(findTestObject("1. Constant/xpath", ["xpath":"/html/body/div[1]/div[2]/div[4]/div[3]/div/div[2]/div[2]/div[1]/table/tbody/tr[2]/td[4]/a"]), STOP_ON_FAILURE): Object 'Object Repository/1. Constant/xpath' is NOT visible

2022-06-28 14:09:21 - [MESSAGE][PASSED] - Object 'Object Repository/1. Constant/xpath' is NOT visible

2022-06-28 14:09:21 - [TEST_STEP][PASSED] - verifyElementNotVisible(findTestObject("1. Constant/xpath", ["xpath":"/html/body/div[1]/div[2]/div[4]/div[3]/div/div[2]/div[2]/div[1]/table/tbody/tr[3]/td[4]/a"]), STOP_ON_FAILURE): Object 'Object Repository/1. Constant/xpath' is NOT visible

2022-06-28 14:09:22 - [MESSAGE][PASSED] - Object 'Object Repository/1. Constant/xpath' is NOT visible

2022-06-28 14:09:22 - [TEST_STEP][PASSED] - verifyElementNotVisible(findTestObject("1. Constant/xpath", ["xpath":"/html/body/div[1]/div[2]/div[4]/div[3]/div/div[2]/div[2]/div[1]/table/tbody/tr[4]/td[4]/a"]), STOP_ON_FAILURE): Object 'Object Repository/1. Constant/xpath' is NOT visible

2022-06-28 14:09:22 - [MESSAGE][PASSED] - Object 'Object Repository/1. Constant/xpath' is NOT visible

2022-06-28 14:09:22 - [TEST_STEP][PASSED] - takeScreenshot(): Taking screenshot successfully

2022-06-28 14:09:23 - [MESSAGE][PASSED] - Taking screenshot successfully
[[ATTACHMENT|D:\\Projet Test Auto\\Mediabox Test Automation\\Reports\\20220628_140216\\4618_TestStarpack\\TS\\02.TestStarPack Full Lifecycle _Change of Rights_SAS\\20220628_140217\\1656418162766.png]]

2022-06-28 14:09:23 - [TEST_STEP][PASSED] - click(findTestObject("1. Constant/xpath", ["xpath":"//*[@id="all_a"]"])): Object: 'Object Repository/1. Constant/xpath' is clicked on

2022-06-28 14:09:23 - [MESSAGE][PASSED] - Object: 'Object Repository/1. Constant/xpath' is clicked on

2022-06-28 14:09:23 - [TEST_STEP][PASSED] - delay(1): Delayed 1 second(s)

2022-06-28 14:09:24 - [MESSAGE][PASSED] - Delayed 1 second(s)

2022-06-28 14:09:24 - [TEST_STEP][PASSED] - verifyElementVisible(findTestObject("1. Constant/xpath", ["xpath":"/html/body/div[1]/div[2]/div[4]/div[3]/div/div[2]/div[2]/div[1]/table/tbody/tr[1]/td[4]/a[1]"]), STOP_ON_FAILURE): Object 'Object Repository/1. Constant/xpath' is visible

2022-06-28 14:09:25 - [MESSAGE][PASSED] - Object 'Object Repository/1. Constant/xpath' is visible

2022-06-28 14:09:25 - [TEST_STEP][PASSED] - verifyElementVisible(findTestObject("1. Constant/xpath", ["xpath":"/html/body/div[1]/div[2]/div[4]/div[3]/div/div[2]/div[2]/div[1]/table/tbody/tr[2]/td[4]/a"]), STOP_ON_FAILURE): Object 'Object Repository/1. Constant/xpath' is visible

2022-06-28 14:09:25 - [MESSAGE][PASSED] - Object 'Object Repository/1. Constant/xpath' is visible

2022-06-28 14:09:25 - [TEST_STEP][PASSED] - verifyElementVisible(findTestObject("1. Constant/xpath", ["xpath":"/html/body/div[1]/div[2]/div[4]/div[3]/div/div[2]/div[2]/div[1]/table/tbody/tr[3]/td[4]/a"]), STOP_ON_FAILURE): Object 'Object Repository/1. Constant/xpath' is visible

2022-06-28 14:09:25 - [MESSAGE][PASSED] - Object 'Object Repository/1. Constant/xpath' is visible

2022-06-28 14:09:25 - [TEST_STEP][PASSED] - verifyElementVisible(findTestObject("1. Constant/xpath", ["xpath":"/html/body/div[1]/div[2]/div[4]/div[3]/div/div[2]/div[2]/div[1]/table/tbody/tr[4]/td[4]/a"]), STOP_ON_FAILURE): Object 'Object Repository/1. Constant/xpath' is visible

2022-06-28 14:09:26 - [MESSAGE][PASSED] - Object 'Object Repository/1. Constant/xpath' is visible

2022-06-28 14:09:26 - [TEST_STEP][PASSED] - color1 = getCSSValue(findTestObject("Object Repository/StarPack - Full Lifecycle (AWIS)/4.012 Supploer proceed to next phase (PS)", ["refID":"source_" + refID_TD]), "color", OPTIONAL): Get CSS 'color' value on 'Object Repository/StarPack - Full Lifecycle (AWIS)/4.012 Supploer proceed to next phase (PS)' successfully: 'rgba(255, 255, 255, 1)'.

2022-06-28 14:09:26 - [MESSAGE][PASSED] - Get CSS 'color' value on 'Object Repository/StarPack - Full Lifecycle (AWIS)/4.012 Supploer proceed to next phase (PS)' successfully: 'rgba(255, 255, 255, 1)'.

2022-06-28 14:09:26 - [TEST_STEP][PASSED] - while (color1 == "rgba(255, 255, 255, 1)"): null

2022-06-28 14:09:26 - [TEST_STEP][PASSED] - click(findTestObject("Object Repository/StarPack - Full Lifecycle (AWIS)/4.012 Supploer proceed to next phase (PS)", ["refID":"source_" + refID_TD])): Object: 'Object Repository/StarPack - Full Lifecycle (AWIS)/4.012 Supploer proceed to next phase (PS)' is clicked on

2022-06-28 14:09:29 - [MESSAGE][PASSED] - Object: 'Object Repository/StarPack - Full Lifecycle (AWIS)/4.012 Supploer proceed to next phase (PS)' is clicked on

2022-06-28 14:09:29 - [TEST_STEP][PASSED] - takeScreenshot(): Taking screenshot successfully

2022-06-28 14:09:30 - [MESSAGE][PASSED] - Taking screenshot successfully
[[ATTACHMENT|D:\\Projet Test Auto\\Mediabox Test Automation\\Reports\\20220628_140216\\4618_TestStarpack\\TS\\02.TestStarPack Full Lifecycle _Change of Rights_SAS\\20220628_140217\\1656418169979.png]]

2022-06-28 14:09:30 - [TEST_STEP][PASSED] - I.UploadDoc_sendkey_Prod(findTestObject("1. Constant/xpath", ["xpath":"//*[@id="kt_body"]/input[2]"]), "D:\Upoad_File\Upload doc\testdataaddition1.jpg", "testdataaddition1.jpg"): Delayed 5 second(s)

2022-06-28 14:09:30 - [MESSAGE][PASSED] - Scroll to object 'Object Repository/1. Constant/xpath' successfully

2022-06-28 14:09:35 - [MESSAGE][PASSED] - Delayed 5 second(s)

2022-06-28 14:09:35 - [MESSAGE][PASSED] - File 'D:\Upoad_File\Upload doc\testdataaddition1.jpg' sent to object: 'Object Repository/1. Constant/xpath'

2022-06-28 14:09:40 - [MESSAGE][PASSED] - Delayed 5 second(s)

2022-06-28 14:09:41 - [MESSAGE][PASSED] - Text 'testdataaddition1.jpg' is present on page 

2022-06-28 14:09:46 - [MESSAGE][PASSED] - Delayed 5 second(s)

2022-06-28 14:09:51 - [MESSAGE][PASSED] - Delayed 5 second(s)

2022-06-28 14:09:51 - [TEST_STEP][PASSED] - takeScreenshot(): Taking screenshot successfully

2022-06-28 14:09:51 - [MESSAGE][PASSED] - Taking screenshot successfully
[[ATTACHMENT|D:\\Projet Test Auto\\Mediabox Test Automation\\Reports\\20220628_140216\\4618_TestStarpack\\TS\\02.TestStarPack Full Lifecycle _Change of Rights_SAS\\20220628_140217\\1656418191546.png]]

2022-06-28 14:09:51 - [TEST_STEP][PASSED] - delay(10): Delayed 10 second(s)

2022-06-28 14:10:01 - [MESSAGE][PASSED] - Delayed 10 second(s)

2022-06-28 14:10:01 - [TEST_STEP][PASSED] - I.click_button_javascript(findTestObject("Object Repository/HL Full Lifecycle/12 ReferncePage_Button_Updatensenddoc")): Execute JavaScript 'arguments[0].click()' successfully

2022-06-28 14:10:10 - [MESSAGE][PASSED] - Execute JavaScript 'arguments[0].click()' successfully

2022-06-28 14:10:10 - [TEST_STEP][PASSED] - delay(5): Delayed 5 second(s)

2022-06-28 14:10:15 - [MESSAGE][PASSED] - Delayed 5 second(s)

2022-06-28 14:10:15 - [TEST_STEP][PASSED] - if (verifyElementPresent(findTestObject("Object Repository/StarPack - Full Lifecycle (AWIS)/4.012 Supploer proceed to next phase (PS)", ["refID":"source_" + refID_TD]), 10, OPTIONAL)): com.kms.katalon.core.webui.exception.WebElementNotFoundException: Web element with id: 'Object Repository/StarPack - Full Lifecycle (AWIS)/4.012 Supploer proceed to next phase (PS)' located by '//*[@id='source_6402']/td[9]/a[2]' not found (Root cause: com.kms.katalon.core.exception.StepFailedException: com.kms.katalon.core.webui.exception.WebElementNotFoundException: Web element with id: 'Object Repository/StarPack - Full Lifecycle (AWIS)/4.012 Supploer proceed to next phase (PS)' located by '//*[@id='source_6402']/td[9]/a[2]' not found
	at com.kms.katalon.core.webui.keyword.internal.WebUIKeywordMain.stepFailed(WebUIKeywordMain.groovy:64)
	at com.kms.katalon.core.webui.keyword.builtin.VerifyElementPresentKeyword$_verifyElementPresent_closure1.doCall(VerifyElementPresentKeyword.groovy:85)
	at com.kms.katalon.core.webui.keyword.builtin.VerifyElementPresentKeyword$_verifyElementPresent_closure1.call(VerifyElementPresentKeyword.groovy)
	at com.kms.katalon.core.webui.keyword.internal.WebUIKeywordMain.runKeyword(WebUIKeywordMain.groovy:20)
	at com.kms.katalon.core.webui.keyword.builtin.VerifyElementPresentKeyword.verifyElementPresent(VerifyElementPresentKeyword.groovy:92)
	at com.kms.katalon.core.webui.keyword.builtin.VerifyElementPresentKeyword.execute(VerifyElementPresentKeyword.groovy:68)
	at com.kms.katalon.core.keyword.internal.KeywordExecutor.executeKeywordForPlatform(KeywordExecutor.groovy:74)
	at com.kms.katalon.core.webui.keyword.WebUiBuiltInKeywords.verifyElementPresent(WebUiBuiltInKeywords.groovy:1448)
	at com.kms.katalon.core.webui.keyword.WebUiBuiltInKeywords$verifyElementPresent$18.call(Unknown Source)
	at 4.01 Star Pack Full Lifecycle - AWIS (Chrome)_ACreationDaughRef 15.03 P1.run(4.01 Star Pack Full Lifecycle - AWIS (Chrome)_ACreationDaughRef 15.03 P1:530)
	at com.kms.katalon.core.main.ScriptEngine.run(ScriptEngine.java:194)
	at com.kms.katalon.core.main.ScriptEngine.runScriptAsRawText(ScriptEngine.java:119)
	at com.kms.katalon.core.main.TestCaseExecutor.runScript(TestCaseExecutor.java:445)
	at com.kms.katalon.core.main.TestCaseExecutor.doExecute(TestCaseExecutor.java:436)
	at com.kms.katalon.core.main.TestCaseExecutor.processExecutionPhase(TestCaseExecutor.java:415)
	at com.kms.katalon.core.main.TestCaseExecutor.accessMainPhase(TestCaseExecutor.java:407)
	at com.kms.katalon.core.main.TestCaseExecutor.execute(TestCaseExecutor.java:284)
	at com.kms.katalon.core.common.CommonExecutor.accessTestCaseMainPhase(CommonExecutor.java:65)
	at com.kms.katalon.core.main.TestSuiteExecutor.accessTestSuiteMainPhase(TestSuiteExecutor.java:144)
	at com.kms.katalon.core.main.TestSuiteExecutor.execute(TestSuiteExecutor.java:106)
	at com.kms.katalon.core.main.TestCaseMain.startTestSuite(TestCaseMain.java:185)
	at com.kms.katalon.core.main.TestCaseMain$startTestSuite$0.call(Unknown Source)
	at TempTestSuite1656417737756.run(TempTestSuite1656417737756.groovy:36)
)

2022-06-28 14:10:27 - [MESSAGE][INFO] - Unable to find the element located by 'By.xpath: //*[@id='source_6402']/td[9]/a[2]'. Please recheck the objects properties to make sure the desired element is located. 

2022-06-28 14:10:27 - [MESSAGE][WARNING] - com.kms.katalon.core.webui.exception.WebElementNotFoundException: Web element with id: 'Object Repository/StarPack - Full Lifecycle (AWIS)/4.012 Supploer proceed to next phase (PS)' located by '//*[@id='source_6402']/td[9]/a[2]' not found (Root cause: com.kms.katalon.core.exception.StepFailedException: com.kms.katalon.core.webui.exception.WebElementNotFoundException: Web element with id: 'Object Repository/StarPack - Full Lifecycle (AWIS)/4.012 Supploer proceed to next phase (PS)' located by '//*[@id='source_6402']/td[9]/a[2]' not found
	at com.kms.katalon.core.webui.keyword.internal.WebUIKeywordMain.stepFailed(WebUIKeywordMain.groovy:64)
	at com.kms.katalon.core.webui.keyword.builtin.VerifyElementPresentKeyword$_verifyElementPresent_closure1.doCall(VerifyElementPresentKeyword.groovy:85)
	at com.kms.katalon.core.webui.keyword.builtin.VerifyElementPresentKeyword$_verifyElementPresent_closure1.call(VerifyElementPresentKeyword.groovy)
	at com.kms.katalon.core.webui.keyword.internal.WebUIKeywordMain.runKeyword(WebUIKeywordMain.groovy:20)
	at com.kms.katalon.core.webui.keyword.builtin.VerifyElementPresentKeyword.verifyElementPresent(VerifyElementPresentKeyword.groovy:92)
	at com.kms.katalon.core.webui.keyword.builtin.VerifyElementPresentKeyword.execute(VerifyElementPresentKeyword.groovy:68)
	at com.kms.katalon.core.keyword.internal.KeywordExecutor.executeKeywordForPlatform(KeywordExecutor.groovy:74)
	at com.kms.katalon.core.webui.keyword.WebUiBuiltInKeywords.verifyElementPresent(WebUiBuiltInKeywords.groovy:1448)
	at com.kms.katalon.core.webui.keyword.WebUiBuiltInKeywords$verifyElementPresent$18.call(Unknown Source)
	at 4.01 Star Pack Full Lifecycle - AWIS (Chrome)_ACreationDaughRef 15.03 P1.run(4.01 Star Pack Full Lifecycle - AWIS (Chrome)_ACreationDaughRef 15.03 P1:530)
	at com.kms.katalon.core.main.ScriptEngine.run(ScriptEngine.java:194)
	at com.kms.katalon.core.main.ScriptEngine.runScriptAsRawText(ScriptEngine.java:119)
	at com.kms.katalon.core.main.TestCaseExecutor.runScript(TestCaseExecutor.java:445)
	at com.kms.katalon.core.main.TestCaseExecutor.doExecute(TestCaseExecutor.java:436)
	at com.kms.katalon.core.main.TestCaseExecutor.processExecutionPhase(TestCaseExecutor.java:415)
	at com.kms.katalon.core.main.TestCaseExecutor.accessMainPhase(TestCaseExecutor.java:407)
	at com.kms.katalon.core.main.TestCaseExecutor.execute(TestCaseExecutor.java:284)
	at com.kms.katalon.core.common.CommonExecutor.accessTestCaseMainPhase(CommonExecutor.java:65)
	at com.kms.katalon.core.main.TestSuiteExecutor.accessTestSuiteMainPhase(TestSuiteExecutor.java:144)
	at com.kms.katalon.core.main.TestSuiteExecutor.execute(TestSuiteExecutor.java:106)
	at com.kms.katalon.core.main.TestCaseMain.startTestSuite(TestCaseMain.java:185)
	at com.kms.katalon.core.main.TestCaseMain$startTestSuite$0.call(Unknown Source)
	at TempTestSuite1656417737756.run(TempTestSuite1656417737756.groovy:36)
)
[[ATTACHMENT|D:\\Projet Test Auto\\Mediabox Test Automation\\Reports\\20220628_140216\\4618_TestStarpack\\TS\\02.TestStarPack Full Lifecycle _Change of Rights_SAS\\20220628_140217\\1656418227038.png]]

2022-06-28 14:10:27 - [TEST_STEP][PASSED] - else: null

2022-06-28 14:10:27 - [TEST_STEP][PASSED] - color1 = "white": null

2022-06-28 14:10:27 - [TEST_STEP][PASSED] - I.Logout(): Delayed 3 second(s)

2022-06-28 14:10:30 - [MESSAGE][PASSED] - Delayed 3 second(s)

2022-06-28 14:10:30 - [MESSAGE][PASSED] - Object: 'Object Repository/1. Constant/xpath' is clicked on

2022-06-28 14:10:33 - [MESSAGE][PASSED] - Delayed 3 second(s)

2022-06-28 14:10:35 - [MESSAGE][PASSED] - Object: 'Object Repository/1. Constant/xpath' is clicked on

2022-06-28 14:10:38 - [MESSAGE][PASSED] - Delayed 3 second(s)

2022-06-28 14:10:38 - [TEST_STEP][PASSED] - I.Login_password("agluszczynska", password_agluszczynska): Object: 'Object Repository/1. Constant/xpath' is clicked on

2022-06-28 14:10:39 - [MESSAGE][PASSED] - Text 'agluszczynska' is set on object 'Object Repository/1. Constant/xpath'

2022-06-28 14:10:40 - [MESSAGE][PASSED] - Delayed 1 second(s)

2022-06-28 14:10:41 - [MESSAGE][PASSED] - Text 'dchi3' is set on object 'Object Repository/1. Constant/xpath'

2022-06-28 14:10:42 - [MESSAGE][PASSED] - Delayed 1 second(s)

2022-06-28 14:10:45 - [MESSAGE][PASSED] - Object: 'Object Repository/1. Constant/xpath' is clicked on

2022-06-28 14:10:45 - [TEST_STEP][PASSED] - takeScreenshot(): Taking screenshot successfully

2022-06-28 14:10:46 - [MESSAGE][PASSED] - Taking screenshot successfully
[[ATTACHMENT|D:\\Projet Test Auto\\Mediabox Test Automation\\Reports\\20220628_140216\\4618_TestStarpack\\TS\\02.TestStarPack Full Lifecycle _Change of Rights_SAS\\20220628_140217\\1656418246200.png]]

2022-06-28 14:10:46 - [TEST_STEP][PASSED] - click(findTestObject("1. Constant/02_LHSMenu_Projects")): Object: 'Object Repository/1. Constant/02_LHSMenu_Projects' is clicked on

2022-06-28 14:10:49 - [MESSAGE][PASSED] - Object: 'Object Repository/1. Constant/02_LHSMenu_Projects' is clicked on

2022-06-28 14:10:49 - [TEST_STEP][PASSED] - I.SearchProjectNo(Project_No, findTestObject("HL Full Lifecycle/9 Filter_Button_Apply")): Delayed 5 second(s)

2022-06-28 14:10:50 - [MESSAGE][PASSED] - Text 'MI001284' is set on object 'Object Repository/1. Constant/xpath'

2022-06-28 14:10:53 - [MESSAGE][PASSED] - Delayed 3 second(s)

2022-06-28 14:10:58 - [MESSAGE][PASSED] - Object: 'Object Repository/HL Full Lifecycle/9 Filter_Button_Apply' is clicked on

2022-06-28 14:11:03 - [MESSAGE][PASSED] - Delayed 5 second(s)

2022-06-28 14:11:03 - [TEST_STEP][PASSED] - click(findTestObject("Object Repository/StarPack - Full Lifecycle (AWIS)/5.01 agency_2 RefPg_Prodbutton(Eye)", ["refID":"source_" + refID_TD])): Object: 'Object Repository/StarPack - Full Lifecycle (AWIS)/5.01 agency_2 RefPg_Prodbutton(Eye)' is clicked on

2022-06-28 14:11:08 - [MESSAGE][PASSED] - Object: 'Object Repository/StarPack - Full Lifecycle (AWIS)/5.01 agency_2 RefPg_Prodbutton(Eye)' is clicked on

2022-06-28 14:11:08 - [TEST_STEP][PASSED] - I.AWF_approve_view(): Object: 'Object Repository/HL Full Lifecycle/Function_Appbutton2' is clicked on

2022-06-28 14:11:09 - [MESSAGE][PASSED] - Wait for page load successfully

2022-06-28 14:11:19 - [MESSAGE][PASSED] - Delayed 10 second(s)

2022-06-28 14:11:20 - [MESSAGE][PASSED] - Object: 'Object Repository/HL Full Lifecycle/Function_access Viewer2' is hovered

2022-06-28 14:11:23 - [MESSAGE][PASSED] - Delayed 3 second(s)

2022-06-28 14:11:24 - [MESSAGE][PASSED] - Object: 'Object Repository/HL Full Lifecycle/Function_access Viewer2' is clicked on

2022-06-28 14:11:29 - [MESSAGE][PASSED] - Delayed 5 second(s)

2022-06-28 14:11:29 - [MESSAGE][PASSED] - Object: 'Object Repository/HL Full Lifecycle/Function_AppButton' is clicked on

2022-06-28 14:11:34 - [MESSAGE][PASSED] - Delayed 5 second(s)

2022-06-28 14:11:40 - [MESSAGE][PASSED] - Object: 'Object Repository/HL Full Lifecycle/Function_Appbutton2' is clicked on

2022-06-28 14:11:40 - [TEST_STEP][PASSED] - delay(1): Delayed 1 second(s)

2022-06-28 14:11:41 - [MESSAGE][PASSED] - Delayed 1 second(s)

2022-06-28 14:11:41 - [TEST_STEP][PASSED] - click(findTestObject("1. Constant/xpath", ["xpath":"//*[@id="source_" + refID_TD + ""]/td[9]/a"])): Object: 'Object Repository/1. Constant/xpath' is clicked on

2022-06-28 14:11:47 - [MESSAGE][PASSED] - Object: 'Object Repository/1. Constant/xpath' is clicked on

2022-06-28 14:11:47 - [TEST_STEP][PASSED] - I.VerifyMatchText("//*[@id="source_" + refID_TD + ""]/td[6]/span", "Complete"): Actual text 'Complete' and expected text 'Complete' are matched 

2022-06-28 14:11:47 - [MESSAGE][PASSED] - Text of object 'Object Repository/1. Constant/xpath' is: 'Complete'

2022-06-28 14:11:48 - [MESSAGE][PASSED] - Delayed 1 second(s)

2022-06-28 14:11:48 - [MESSAGE][PASSED] - Actual text 'Complete' and expected text 'Complete' are matched 

2022-06-28 14:11:48 - [TEST_STEP][PASSED] - takeScreenshot(): Taking screenshot successfully

2022-06-28 14:11:49 - [MESSAGE][PASSED] - Taking screenshot successfully
[[ATTACHMENT|D:\\Projet Test Auto\\Mediabox Test Automation\\Reports\\20220628_140216\\4618_TestStarpack\\TS\\02.TestStarPack Full Lifecycle _Change of Rights_SAS\\20220628_140217\\1656418308991.png]]

2022-06-28 14:11:49 - [TEST_STEP][PASSED] - click(findTestObject("Object Repository/StarPack - Full Lifecycle (AWIS)/5.02 Agency_2_refPg_questionbutton", ["ref_ID":"ancre_" + refID_TD])): Object: 'Object Repository/StarPack - Full Lifecycle (AWIS)/5.02 Agency_2_refPg_questionbutton' is clicked on

2022-06-28 14:11:50 - [MESSAGE][PASSED] - Object: 'Object Repository/StarPack - Full Lifecycle (AWIS)/5.02 Agency_2_refPg_questionbutton' is clicked on

2022-06-28 14:11:50 - [TEST_STEP][PASSED] - click(findTestObject("Object Repository/StarPack - Full Lifecycle (AWIS)/5.021 Agency_2_RefPg_question_approve", ["ref_ID":"ancre_" + refID_TD])): Object: 'Object Repository/StarPack - Full Lifecycle (AWIS)/5.021 Agency_2_RefPg_question_approve' is clicked on

2022-06-28 14:11:50 - [MESSAGE][PASSED] - Object: 'Object Repository/StarPack - Full Lifecycle (AWIS)/5.021 Agency_2_RefPg_question_approve' is clicked on

2022-06-28 14:11:50 - [TEST_STEP][PASSED] - delay(1): Delayed 1 second(s)

2022-06-28 14:11:51 - [MESSAGE][PASSED] - Delayed 1 second(s)

2022-06-28 14:11:51 - [TEST_STEP][PASSED] - takeScreenshot(): Taking screenshot successfully

2022-06-28 14:11:52 - [MESSAGE][PASSED] - Taking screenshot successfully
[[ATTACHMENT|D:\\Projet Test Auto\\Mediabox Test Automation\\Reports\\20220628_140216\\4618_TestStarpack\\TS\\02.TestStarPack Full Lifecycle _Change of Rights_SAS\\20220628_140217\\1656418312024.png]]

2022-06-28 14:11:52 - [TEST_STEP][PASSED] - click(findTestObject("1. Constant/xpath", ["xpath":"//*[@id="kt_body"]/div[9]/div/div/div[2]/button[2]"])): Object: 'Object Repository/1. Constant/xpath' is clicked on

2022-06-28 14:12:03 - [MESSAGE][PASSED] - Object: 'Object Repository/1. Constant/xpath' is clicked on

2022-06-28 14:12:03 - [TEST_STEP][PASSED] - delay(1): Delayed 1 second(s)

2022-06-28 14:12:04 - [MESSAGE][PASSED] - Delayed 1 second(s)

2022-06-28 14:12:04 - [TEST_STEP][PASSED] - click(findTestObject("Object Repository/StarPack - Full Lifecycle (AWIS)/5.03 id_refID_a", ["refID":"ancre_" + refID_TD])): Object: 'Object Repository/StarPack - Full Lifecycle (AWIS)/5.03 id_refID_a' is clicked on

2022-06-28 14:12:08 - [MESSAGE][PASSED] - Object: 'Object Repository/StarPack - Full Lifecycle (AWIS)/5.03 id_refID_a' is clicked on

2022-06-28 14:12:08 - [TEST_STEP][PASSED] - I.VerifyMatchText("//*[@id="source_" + refID_PTS + ""]/td[6]/span", "Complete"): Actual text 'Complete' and expected text 'Complete' are matched 

2022-06-28 14:12:09 - [MESSAGE][PASSED] - Text of object 'Object Repository/1. Constant/xpath' is: 'Complete'

2022-06-28 14:12:10 - [MESSAGE][PASSED] - Delayed 1 second(s)

2022-06-28 14:12:10 - [MESSAGE][PASSED] - Actual text 'Complete' and expected text 'Complete' are matched 

2022-06-28 14:12:10 - [TEST_STEP][PASSED] - takeScreenshot(): Taking screenshot successfully

2022-06-28 14:12:11 - [MESSAGE][PASSED] - Taking screenshot successfully
[[ATTACHMENT|D:\\Projet Test Auto\\Mediabox Test Automation\\Reports\\20220628_140216\\4618_TestStarpack\\TS\\02.TestStarPack Full Lifecycle _Change of Rights_SAS\\20220628_140217\\1656418330707.png]]

2022-06-28 14:12:11 - [TEST_STEP][PASSED] - click(findTestObject("1. Constant/xpath", ["xpath":"//*[@id="source_" + refID_PS + ""]/td[9]/a"])): Object: 'Object Repository/1. Constant/xpath' is clicked on

2022-06-28 14:12:18 - [MESSAGE][PASSED] - Object: 'Object Repository/1. Constant/xpath' is clicked on

2022-06-28 14:12:18 - [TEST_STEP][PASSED] - I.VerifyMatchText("//*[@id="source_" + refID + ""]/td[6]/span[2]", "Wait for PTS/Sample/Tech drawing"): Actual text 'Wait for PTS/Sample/Tech drawing' and expected text 'Wait for PTS/Sample/Tech drawing' are matched 

2022-06-28 14:12:19 - [MESSAGE][PASSED] - Text of object 'Object Repository/1. Constant/xpath' is: 'Wait for PTS/Sample/Tech drawing'

2022-06-28 14:12:20 - [MESSAGE][PASSED] - Delayed 1 second(s)

2022-06-28 14:12:20 - [MESSAGE][PASSED] - Actual text 'Wait for PTS/Sample/Tech drawing' and expected text 'Wait for PTS/Sample/Tech drawing' are matched 

2022-06-28 14:12:20 - [TEST_STEP][PASSED] - click(findTestObject("Object Repository/StarPack - Full Lifecycle (AWIS)/5.04 Agency1 id_refID_td9_a2", ["refID":"source_" + refID_PS])): Object: 'Object Repository/StarPack - Full Lifecycle (AWIS)/5.04 Agency1 id_refID_td9_a2' is clicked on

2022-06-28 14:12:23 - [MESSAGE][PASSED] - Object: 'Object Repository/StarPack - Full Lifecycle (AWIS)/5.04 Agency1 id_refID_td9_a2' is clicked on

2022-06-28 14:12:23 - [TEST_STEP][PASSED] - I.UploadDoc_sendkey_field("//*[@id="var_47"]", "D:\Upoad_File\Upload doc\testdata1.pdf", "testdata1"): Text 'testdata1' is present on page 

2022-06-28 14:12:25 - [MESSAGE][PASSED] - Delayed 2 second(s)

2022-06-28 14:12:25 - [MESSAGE][PASSED] - Keys 'D:\Upoad_File\Upload doc\testdata1.pdf' sent to object: 'Object Repository/1. Constant/xpath'

2022-06-28 14:12:26 - [MESSAGE][PASSED] - Text 'testdata1' is present on page 

2022-06-28 14:12:26 - [TEST_STEP][PASSED] - click(findTestObject("1. Constant/xpath", ["xpath":"//*[@id="ModifFiche"]/div[3]/div/button[2]"])): Object: 'Object Repository/1. Constant/xpath' is clicked on

2022-06-28 14:12:34 - [MESSAGE][PASSED] - Object: 'Object Repository/1. Constant/xpath' is clicked on

2022-06-28 14:12:34 - [TEST_STEP][PASSED] - I.VerifyMatchText("//*[@id="source_" + refID + ""]/td[6]/span[2]", "PAF"): Actual text 'PAF' and expected text 'PAF' are matched 

2022-06-28 14:12:35 - [MESSAGE][PASSED] - Text of object 'Object Repository/1. Constant/xpath' is: 'PAF'

2022-06-28 14:12:36 - [MESSAGE][PASSED] - Delayed 1 second(s)

2022-06-28 14:12:36 - [MESSAGE][PASSED] - Actual text 'PAF' and expected text 'PAF' are matched 

2022-06-28 14:12:36 - [TEST_STEP][PASSED] - color2 = getCSSValue(findTestObject("Object Repository/StarPack - Full Lifecycle (AWIS)/5.06 Agency1 id_refID_a", ["refID":"ancre_" + refID_PS]), "color", OPTIONAL): Get CSS 'color' value on 'Object Repository/StarPack - Full Lifecycle (AWIS)/5.06 Agency1 id_refID_a' successfully: 'rgba(255, 255, 255, 1)'.

2022-06-28 14:12:36 - [MESSAGE][PASSED] - Get CSS 'color' value on 'Object Repository/StarPack - Full Lifecycle (AWIS)/5.06 Agency1 id_refID_a' successfully: 'rgba(255, 255, 255, 1)'.

2022-06-28 14:12:36 - [TEST_STEP][PASSED] - while (color2 == "rgba(255, 255, 255, 1)"): null

2022-06-28 14:12:36 - [TEST_STEP][PASSED] - click(findTestObject("Object Repository/StarPack - Full Lifecycle (AWIS)/5.06 Agency1 id_refID_a", ["refID":"ancre_" + refID_PS])): Object: 'Object Repository/StarPack - Full Lifecycle (AWIS)/5.06 Agency1 id_refID_a' is clicked on

2022-06-28 14:12:39 - [MESSAGE][PASSED] - Object: 'Object Repository/StarPack - Full Lifecycle (AWIS)/5.06 Agency1 id_refID_a' is clicked on

2022-06-28 14:12:39 - [TEST_STEP][PASSED] - takeScreenshot(): Taking screenshot successfully

2022-06-28 14:12:40 - [MESSAGE][PASSED] - Taking screenshot successfully
[[ATTACHMENT|D:\\Projet Test Auto\\Mediabox Test Automation\\Reports\\20220628_140216\\4618_TestStarpack\\TS\\02.TestStarPack Full Lifecycle _Change of Rights_SAS\\20220628_140217\\1656418360340.png]]

2022-06-28 14:12:40 - [TEST_STEP][PASSED] - I.UploadDoc_sendkey_Prod(findTestObject("1. Constant/xpath", ["xpath":"//*[@id="kt_body"]/input[2]"]), "D:\Upoad_File\Upload doc\testdataaddition1.jpg", "testdataaddition1.jpg"): Delayed 5 second(s)

2022-06-28 14:12:40 - [MESSAGE][PASSED] - Scroll to object 'Object Repository/1. Constant/xpath' successfully

2022-06-28 14:12:45 - [MESSAGE][PASSED] - Delayed 5 second(s)

2022-06-28 14:12:46 - [MESSAGE][PASSED] - File 'D:\Upoad_File\Upload doc\testdataaddition1.jpg' sent to object: 'Object Repository/1. Constant/xpath'

2022-06-28 14:12:51 - [MESSAGE][PASSED] - Delayed 5 second(s)

2022-06-28 14:12:51 - [MESSAGE][PASSED] - Text 'testdataaddition1.jpg' is present on page 

2022-06-28 14:12:56 - [MESSAGE][PASSED] - Delayed 5 second(s)

2022-06-28 14:13:01 - [MESSAGE][PASSED] - Delayed 5 second(s)

2022-06-28 14:13:01 - [TEST_STEP][PASSED] - takeScreenshot(): Taking screenshot successfully

2022-06-28 14:13:02 - [MESSAGE][PASSED] - Taking screenshot successfully
[[ATTACHMENT|D:\\Projet Test Auto\\Mediabox Test Automation\\Reports\\20220628_140216\\4618_TestStarpack\\TS\\02.TestStarPack Full Lifecycle _Change of Rights_SAS\\20220628_140217\\1656418381968.png]]

2022-06-28 14:13:02 - [TEST_STEP][PASSED] - delay(10): Delayed 10 second(s)

2022-06-28 14:13:12 - [MESSAGE][PASSED] - Delayed 10 second(s)

2022-06-28 14:13:12 - [TEST_STEP][PASSED] - click(findTestObject("1. Constant/xpath", ["xpath":"//*[@id="ModifFiche"]/div[1]/div/button"])): Object: 'Object Repository/1. Constant/xpath' is clicked on

2022-06-28 14:13:20 - [MESSAGE][PASSED] - Object: 'Object Repository/1. Constant/xpath' is clicked on

2022-06-28 14:13:20 - [TEST_STEP][PASSED] - delay(5): Delayed 5 second(s)

2022-06-28 14:13:25 - [MESSAGE][PASSED] - Delayed 5 second(s)

2022-06-28 14:13:25 - [TEST_STEP][PASSED] - if (verifyElementPresent(findTestObject("Object Repository/StarPack - Full Lifecycle (AWIS)/4.012 Supploer proceed to next phase (PS)", ["refID":"source_" + refID_TD]), 10, OPTIONAL)): com.kms.katalon.core.webui.exception.WebElementNotFoundException: Web element with id: 'Object Repository/StarPack - Full Lifecycle (AWIS)/4.012 Supploer proceed to next phase (PS)' located by '//*[@id='source_6402']/td[9]/a[2]' not found (Root cause: com.kms.katalon.core.exception.StepFailedException: com.kms.katalon.core.webui.exception.WebElementNotFoundException: Web element with id: 'Object Repository/StarPack - Full Lifecycle (AWIS)/4.012 Supploer proceed to next phase (PS)' located by '//*[@id='source_6402']/td[9]/a[2]' not found
	at com.kms.katalon.core.webui.keyword.internal.WebUIKeywordMain.stepFailed(WebUIKeywordMain.groovy:64)
	at com.kms.katalon.core.webui.keyword.builtin.VerifyElementPresentKeyword$_verifyElementPresent_closure1.doCall(VerifyElementPresentKeyword.groovy:85)
	at com.kms.katalon.core.webui.keyword.builtin.VerifyElementPresentKeyword$_verifyElementPresent_closure1.call(VerifyElementPresentKeyword.groovy)
	at com.kms.katalon.core.webui.keyword.internal.WebUIKeywordMain.runKeyword(WebUIKeywordMain.groovy:20)
	at com.kms.katalon.core.webui.keyword.builtin.VerifyElementPresentKeyword.verifyElementPresent(VerifyElementPresentKeyword.groovy:92)
	at com.kms.katalon.core.webui.keyword.builtin.VerifyElementPresentKeyword.execute(VerifyElementPresentKeyword.groovy:68)
	at com.kms.katalon.core.keyword.internal.KeywordExecutor.executeKeywordForPlatform(KeywordExecutor.groovy:74)
	at com.kms.katalon.core.webui.keyword.WebUiBuiltInKeywords.verifyElementPresent(WebUiBuiltInKeywords.groovy:1448)
	at com.kms.katalon.core.webui.keyword.WebUiBuiltInKeywords$verifyElementPresent$18.call(Unknown Source)
	at 4.01 Star Pack Full Lifecycle - AWIS (Chrome)_ACreationDaughRef 15.03 P1.run(4.01 Star Pack Full Lifecycle - AWIS (Chrome)_ACreationDaughRef 15.03 P1:650)
	at com.kms.katalon.core.main.ScriptEngine.run(ScriptEngine.java:194)
	at com.kms.katalon.core.main.ScriptEngine.runScriptAsRawText(ScriptEngine.java:119)
	at com.kms.katalon.core.main.TestCaseExecutor.runScript(TestCaseExecutor.java:445)
	at com.kms.katalon.core.main.TestCaseExecutor.doExecute(TestCaseExecutor.java:436)
	at com.kms.katalon.core.main.TestCaseExecutor.processExecutionPhase(TestCaseExecutor.java:415)
	at com.kms.katalon.core.main.TestCaseExecutor.accessMainPhase(TestCaseExecutor.java:407)
	at com.kms.katalon.core.main.TestCaseExecutor.execute(TestCaseExecutor.java:284)
	at com.kms.katalon.core.common.CommonExecutor.accessTestCaseMainPhase(CommonExecutor.java:65)
	at com.kms.katalon.core.main.TestSuiteExecutor.accessTestSuiteMainPhase(TestSuiteExecutor.java:144)
	at com.kms.katalon.core.main.TestSuiteExecutor.execute(TestSuiteExecutor.java:106)
	at com.kms.katalon.core.main.TestCaseMain.startTestSuite(TestCaseMain.java:185)
	at com.kms.katalon.core.main.TestCaseMain$startTestSuite$0.call(Unknown Source)
	at TempTestSuite1656417737756.run(TempTestSuite1656417737756.groovy:36)
)

2022-06-28 14:13:36 - [MESSAGE][INFO] - Unable to find the element located by 'By.xpath: //*[@id='source_6402']/td[9]/a[2]'. Please recheck the objects properties to make sure the desired element is located. 

2022-06-28 14:13:37 - [MESSAGE][WARNING] - com.kms.katalon.core.webui.exception.WebElementNotFoundException: Web element with id: 'Object Repository/StarPack - Full Lifecycle (AWIS)/4.012 Supploer proceed to next phase (PS)' located by '//*[@id='source_6402']/td[9]/a[2]' not found (Root cause: com.kms.katalon.core.exception.StepFailedException: com.kms.katalon.core.webui.exception.WebElementNotFoundException: Web element with id: 'Object Repository/StarPack - Full Lifecycle (AWIS)/4.012 Supploer proceed to next phase (PS)' located by '//*[@id='source_6402']/td[9]/a[2]' not found
	at com.kms.katalon.core.webui.keyword.internal.WebUIKeywordMain.stepFailed(WebUIKeywordMain.groovy:64)
	at com.kms.katalon.core.webui.keyword.builtin.VerifyElementPresentKeyword$_verifyElementPresent_closure1.doCall(VerifyElementPresentKeyword.groovy:85)
	at com.kms.katalon.core.webui.keyword.builtin.VerifyElementPresentKeyword$_verifyElementPresent_closure1.call(VerifyElementPresentKeyword.groovy)
	at com.kms.katalon.core.webui.keyword.internal.WebUIKeywordMain.runKeyword(WebUIKeywordMain.groovy:20)
	at com.kms.katalon.core.webui.keyword.builtin.VerifyElementPresentKeyword.verifyElementPresent(VerifyElementPresentKeyword.groovy:92)
	at com.kms.katalon.core.webui.keyword.builtin.VerifyElementPresentKeyword.execute(VerifyElementPresentKeyword.groovy:68)
	at com.kms.katalon.core.keyword.internal.KeywordExecutor.executeKeywordForPlatform(KeywordExecutor.groovy:74)
	at com.kms.katalon.core.webui.keyword.WebUiBuiltInKeywords.verifyElementPresent(WebUiBuiltInKeywords.groovy:1448)
	at com.kms.katalon.core.webui.keyword.WebUiBuiltInKeywords$verifyElementPresent$18.call(Unknown Source)
	at 4.01 Star Pack Full Lifecycle - AWIS (Chrome)_ACreationDaughRef 15.03 P1.run(4.01 Star Pack Full Lifecycle - AWIS (Chrome)_ACreationDaughRef 15.03 P1:650)
	at com.kms.katalon.core.main.ScriptEngine.run(ScriptEngine.java:194)
	at com.kms.katalon.core.main.ScriptEngine.runScriptAsRawText(ScriptEngine.java:119)
	at com.kms.katalon.core.main.TestCaseExecutor.runScript(TestCaseExecutor.java:445)
	at com.kms.katalon.core.main.TestCaseExecutor.doExecute(TestCaseExecutor.java:436)
	at com.kms.katalon.core.main.TestCaseExecutor.processExecutionPhase(TestCaseExecutor.java:415)
	at com.kms.katalon.core.main.TestCaseExecutor.accessMainPhase(TestCaseExecutor.java:407)
	at com.kms.katalon.core.main.TestCaseExecutor.execute(TestCaseExecutor.java:284)
	at com.kms.katalon.core.common.CommonExecutor.accessTestCaseMainPhase(CommonExecutor.java:65)
	at com.kms.katalon.core.main.TestSuiteExecutor.accessTestSuiteMainPhase(TestSuiteExecutor.java:144)
	at com.kms.katalon.core.main.TestSuiteExecutor.execute(TestSuiteExecutor.java:106)
	at com.kms.katalon.core.main.TestCaseMain.startTestSuite(TestCaseMain.java:185)
	at com.kms.katalon.core.main.TestCaseMain$startTestSuite$0.call(Unknown Source)
	at TempTestSuite1656417737756.run(TempTestSuite1656417737756.groovy:36)
)
[[ATTACHMENT|D:\\Projet Test Auto\\Mediabox Test Automation\\Reports\\20220628_140216\\4618_TestStarpack\\TS\\02.TestStarPack Full Lifecycle _Change of Rights_SAS\\20220628_140217\\1656418416688.png]]

2022-06-28 14:13:37 - [TEST_STEP][PASSED] - else: null

2022-06-28 14:13:37 - [TEST_STEP][PASSED] - color2 = "white": null

2022-06-28 14:13:37 - [TEST_STEP][PASSED] - I.Logout(): Delayed 3 second(s)

2022-06-28 14:13:40 - [MESSAGE][PASSED] - Delayed 3 second(s)

2022-06-28 14:13:40 - [MESSAGE][PASSED] - Object: 'Object Repository/1. Constant/xpath' is clicked on

2022-06-28 14:13:43 - [MESSAGE][PASSED] - Delayed 3 second(s)

2022-06-28 14:13:45 - [MESSAGE][PASSED] - Object: 'Object Repository/1. Constant/xpath' is clicked on

2022-06-28 14:13:48 - [MESSAGE][PASSED] - Delayed 3 second(s)

2022-06-28 14:13:48 - [TEST_STEP][PASSED] - I.Login_password("aterreshernandez", password_aterreshernandez): Object: 'Object Repository/1. Constant/xpath' is clicked on

2022-06-28 14:13:49 - [MESSAGE][PASSED] - Text 'aterreshernandez' is set on object 'Object Repository/1. Constant/xpath'

2022-06-28 14:13:50 - [MESSAGE][PASSED] - Delayed 1 second(s)

2022-06-28 14:13:51 - [MESSAGE][PASSED] - Text 'dchi' is set on object 'Object Repository/1. Constant/xpath'

2022-06-28 14:13:52 - [MESSAGE][PASSED] - Delayed 1 second(s)

2022-06-28 14:13:56 - [MESSAGE][PASSED] - Object: 'Object Repository/1. Constant/xpath' is clicked on

2022-06-28 14:13:56 - [TEST_STEP][PASSED] - takeScreenshot(): Taking screenshot successfully

2022-06-28 14:13:57 - [MESSAGE][PASSED] - Taking screenshot successfully
[[ATTACHMENT|D:\\Projet Test Auto\\Mediabox Test Automation\\Reports\\20220628_140216\\4618_TestStarpack\\TS\\02.TestStarPack Full Lifecycle _Change of Rights_SAS\\20220628_140217\\1656418436794.png]]

2022-06-28 14:13:57 - [TEST_STEP][PASSED] - click(findTestObject("1. Constant/02_LHSMenu_Projects")): Object: 'Object Repository/1. Constant/02_LHSMenu_Projects' is clicked on

2022-06-28 14:14:00 - [MESSAGE][PASSED] - Object: 'Object Repository/1. Constant/02_LHSMenu_Projects' is clicked on

2022-06-28 14:14:00 - [TEST_STEP][PASSED] - I.SearchProjectNo(Project_No, findTestObject("1. Constant/xpath", ["xpath":"//*[@id="form_filters"]/div[7]/button"])): Delayed 5 second(s)

2022-06-28 14:14:01 - [MESSAGE][PASSED] - Text 'MI001284' is set on object 'Object Repository/1. Constant/xpath'

2022-06-28 14:14:04 - [MESSAGE][PASSED] - Delayed 3 second(s)

2022-06-28 14:14:10 - [MESSAGE][PASSED] - Object: 'Object Repository/1. Constant/xpath' is clicked on

2022-06-28 14:14:15 - [MESSAGE][PASSED] - Delayed 5 second(s)

2022-06-28 14:14:15 - [TEST_STEP][PASSED] - click(findTestObject("1. Constant/xpath", ["xpath":"//*[@id="ancre_" + refID_PS + ""]/a[2]"])): Object: 'Object Repository/1. Constant/xpath' is clicked on

2022-06-28 14:14:18 - [MESSAGE][PASSED] - Object: 'Object Repository/1. Constant/xpath' is clicked on

2022-06-28 14:14:18 - [TEST_STEP][PASSED] - I.AWF_approve_view(): Object: 'Object Repository/HL Full Lifecycle/Function_Appbutton2' is clicked on

2022-06-28 14:14:20 - [MESSAGE][PASSED] - Wait for page load successfully

2022-06-28 14:14:30 - [MESSAGE][PASSED] - Delayed 10 second(s)

2022-06-28 14:14:30 - [MESSAGE][PASSED] - Object: 'Object Repository/HL Full Lifecycle/Function_access Viewer2' is hovered

2022-06-28 14:14:33 - [MESSAGE][PASSED] - Delayed 3 second(s)

2022-06-28 14:14:33 - [MESSAGE][PASSED] - Object: 'Object Repository/HL Full Lifecycle/Function_access Viewer2' is clicked on

2022-06-28 14:14:38 - [MESSAGE][PASSED] - Delayed 5 second(s)

2022-06-28 14:14:39 - [MESSAGE][PASSED] - Object: 'Object Repository/HL Full Lifecycle/Function_AppButton' is clicked on

2022-06-28 14:14:44 - [MESSAGE][PASSED] - Delayed 5 second(s)

2022-06-28 14:14:51 - [MESSAGE][PASSED] - Object: 'Object Repository/HL Full Lifecycle/Function_Appbutton2' is clicked on

2022-06-28 14:14:51 - [TEST_STEP][PASSED] - I.Logout(): Delayed 3 second(s)

2022-06-28 14:14:54 - [MESSAGE][PASSED] - Delayed 3 second(s)

2022-06-28 14:14:54 - [MESSAGE][PASSED] - Object: 'Object Repository/1. Constant/xpath' is clicked on

2022-06-28 14:14:57 - [MESSAGE][PASSED] - Delayed 3 second(s)

2022-06-28 14:14:59 - [MESSAGE][PASSED] - Object: 'Object Repository/1. Constant/xpath' is clicked on

2022-06-28 14:15:02 - [MESSAGE][PASSED] - Delayed 3 second(s)

2022-06-28 14:15:02 - [TEST_STEP][PASSED] - I.Login_password("suser", password_suser): Object: 'Object Repository/1. Constant/xpath' is clicked on

2022-06-28 14:15:03 - [MESSAGE][PASSED] - Text 'suser' is set on object 'Object Repository/1. Constant/xpath'

2022-06-28 14:15:04 - [MESSAGE][PASSED] - Delayed 1 second(s)

2022-06-28 14:15:05 - [MESSAGE][PASSED] - Text 'dchi2' is set on object 'Object Repository/1. Constant/xpath'

2022-06-28 14:15:06 - [MESSAGE][PASSED] - Delayed 1 second(s)

2022-06-28 14:15:09 - [MESSAGE][PASSED] - Object: 'Object Repository/1. Constant/xpath' is clicked on

2022-06-28 14:15:09 - [TEST_STEP][PASSED] - takeScreenshot(): Taking screenshot successfully

2022-06-28 14:15:09 - [MESSAGE][PASSED] - Taking screenshot successfully
[[ATTACHMENT|D:\\Projet Test Auto\\Mediabox Test Automation\\Reports\\20220628_140216\\4618_TestStarpack\\TS\\02.TestStarPack Full Lifecycle _Change of Rights_SAS\\20220628_140217\\1656418509440.png]]

2022-06-28 14:15:09 - [TEST_STEP][PASSED] - click(findTestObject("1. Constant/02_LHSMenu_Projects")): Object: 'Object Repository/1. Constant/02_LHSMenu_Projects' is clicked on

2022-06-28 14:15:17 - [MESSAGE][PASSED] - Object: 'Object Repository/1. Constant/02_LHSMenu_Projects' is clicked on

2022-06-28 14:15:17 - [TEST_STEP][PASSED] - I.SearchProjectNo(Project_No, findTestObject("HL Full Lifecycle/9 Filter_Button_Apply")): Delayed 5 second(s)

2022-06-28 14:15:18 - [MESSAGE][PASSED] - Text 'MI001284' is set on object 'Object Repository/1. Constant/xpath'

2022-06-28 14:15:21 - [MESSAGE][PASSED] - Delayed 3 second(s)

2022-06-28 14:15:25 - [MESSAGE][PASSED] - Object: 'Object Repository/HL Full Lifecycle/9 Filter_Button_Apply' is clicked on

2022-06-28 14:15:30 - [MESSAGE][PASSED] - Delayed 5 second(s)

2022-06-28 14:15:30 - [TEST_STEP][PASSED] - click(findTestObject("Object Repository/StarPack - Full Lifecycle (AWIS)/6.02 suser id_source_refID__td4_a1", ["refID":"source_" + refID])): Object: 'Object Repository/StarPack - Full Lifecycle (AWIS)/6.02 suser id_source_refID__td4_a1' is clicked on

2022-06-28 14:15:33 - [MESSAGE][PASSED] - Object: 'Object Repository/StarPack - Full Lifecycle (AWIS)/6.02 suser id_source_refID__td4_a1' is clicked on

2022-06-28 14:15:33 - [TEST_STEP][PASSED] - I.Approvepermanentlyforothers("//*[@id="level_apl_1"]/div[2]/div[4]/div/div", "//*[@id="level_apl_1"]/div[2]/div[4]/div/div/div[6]/a[2]/span"): Object: 'Object Repository/1. Constant/xpath' is clicked on

2022-06-28 14:15:35 - [MESSAGE][PASSED] - Object: 'Object Repository/1. Constant/xpath' is clicked on

2022-06-28 14:15:36 - [MESSAGE][PASSED] - Delayed 1 second(s)

2022-06-28 14:15:37 - [MESSAGE][PASSED] - Object: 'Object Repository/1. Constant/xpath' is clicked on

2022-06-28 14:15:38 - [MESSAGE][PASSED] - Delayed 1 second(s)

2022-06-28 14:15:38 - [MESSAGE][PASSED] - Object: 'Object Repository/1. Constant/xpath' is hovered

2022-06-28 14:15:39 - [MESSAGE][PASSED] - Object: 'Object Repository/1. Constant/xpath' is clicked on

2022-06-28 14:15:40 - [MESSAGE][PASSED] - Delayed 1 second(s)

2022-06-28 14:15:44 - [MESSAGE][PASSED] - Object: 'Object Repository/1. Constant/xpath' is clicked on

2022-06-28 14:15:44 - [TEST_STEP][PASSED] - delay(1): Delayed 1 second(s)

2022-06-28 14:15:45 - [MESSAGE][PASSED] - Delayed 1 second(s)

2022-06-28 14:15:45 - [TEST_STEP][PASSED] - I.Approveforothers("//*[@id="level_apl_1"]/div[2]/div[2]/div/div/div[1]/img", "//*[@id="level_apl_1"]/div[2]/div[2]/div/div/div[6]/a[2]/span"): Object: 'Object Repository/1. Constant/xpath' is clicked on

2022-06-28 14:15:46 - [MESSAGE][PASSED] - Object: 'Object Repository/1. Constant/xpath' is clicked on

2022-06-28 14:15:47 - [MESSAGE][PASSED] - Delayed 1 second(s)

2022-06-28 14:15:47 - [MESSAGE][PASSED] - Object: 'Object Repository/1. Constant/xpath' is clicked on

2022-06-28 14:15:48 - [MESSAGE][PASSED] - Delayed 1 second(s)

2022-06-28 14:15:49 - [MESSAGE][PASSED] - Object: 'Object Repository/1. Constant/xpath' is hovered

2022-06-28 14:15:49 - [MESSAGE][PASSED] - Object: 'Object Repository/1. Constant/xpath' is clicked on

2022-06-28 14:15:50 - [MESSAGE][PASSED] - Delayed 1 second(s)

2022-06-28 14:15:55 - [MESSAGE][PASSED] - Object: 'Object Repository/1. Constant/xpath' is clicked on

2022-06-28 14:15:55 - [TEST_STEP][PASSED] - delay(1): Delayed 1 second(s)

2022-06-28 14:15:56 - [MESSAGE][PASSED] - Delayed 1 second(s)

2022-06-28 14:15:56 - [TEST_STEP][PASSED] - I.Approveforothers("//*[@id="level_apl_2"]/div[2]/div[2]/div/div", "//*[@id="level_apl_2"]/div[2]/div[2]/div/div/div[6]/a[2]/span"): Object: 'Object Repository/1. Constant/xpath' is clicked on

2022-06-28 14:15:57 - [MESSAGE][PASSED] - Object: 'Object Repository/1. Constant/xpath' is clicked on

2022-06-28 14:15:58 - [MESSAGE][PASSED] - Delayed 1 second(s)

2022-06-28 14:15:59 - [MESSAGE][PASSED] - Object: 'Object Repository/1. Constant/xpath' is clicked on

2022-06-28 14:16:00 - [MESSAGE][PASSED] - Delayed 1 second(s)

2022-06-28 14:16:00 - [MESSAGE][PASSED] - Object: 'Object Repository/1. Constant/xpath' is hovered

2022-06-28 14:16:01 - [MESSAGE][PASSED] - Object: 'Object Repository/1. Constant/xpath' is clicked on

2022-06-28 14:16:02 - [MESSAGE][PASSED] - Delayed 1 second(s)

2022-06-28 14:16:06 - [MESSAGE][PASSED] - Object: 'Object Repository/1. Constant/xpath' is clicked on

2022-06-28 14:16:06 - [TEST_STEP][PASSED] - delay(1): Delayed 1 second(s)

2022-06-28 14:16:07 - [MESSAGE][PASSED] - Delayed 1 second(s)

2022-06-28 14:16:07 - [TEST_STEP][PASSED] - I.Logout(): Delayed 3 second(s)

2022-06-28 14:16:10 - [MESSAGE][PASSED] - Delayed 3 second(s)

2022-06-28 14:16:11 - [MESSAGE][PASSED] - Object: 'Object Repository/1. Constant/xpath' is clicked on

2022-06-28 14:16:14 - [MESSAGE][PASSED] - Delayed 3 second(s)

2022-06-28 14:16:15 - [MESSAGE][PASSED] - Object: 'Object Repository/1. Constant/xpath' is clicked on

2022-06-28 14:16:18 - [MESSAGE][PASSED] - Delayed 3 second(s)

2022-06-28 14:16:18 - [TEST_STEP][PASSED] - I.Login_password("agluszczynska", password_agluszczynska): Object: 'Object Repository/1. Constant/xpath' is clicked on

2022-06-28 14:16:19 - [MESSAGE][PASSED] - Text 'agluszczynska' is set on object 'Object Repository/1. Constant/xpath'

2022-06-28 14:16:20 - [MESSAGE][PASSED] - Delayed 1 second(s)

2022-06-28 14:16:21 - [MESSAGE][PASSED] - Text 'dchi3' is set on object 'Object Repository/1. Constant/xpath'

2022-06-28 14:16:22 - [MESSAGE][PASSED] - Delayed 1 second(s)

2022-06-28 14:16:25 - [MESSAGE][PASSED] - Object: 'Object Repository/1. Constant/xpath' is clicked on

2022-06-28 14:16:25 - [TEST_STEP][PASSED] - takeScreenshot(): Taking screenshot successfully

2022-06-28 14:16:26 - [MESSAGE][PASSED] - Taking screenshot successfully
[[ATTACHMENT|D:\\Projet Test Auto\\Mediabox Test Automation\\Reports\\20220628_140216\\4618_TestStarpack\\TS\\02.TestStarPack Full Lifecycle _Change of Rights_SAS\\20220628_140217\\1656418586460.png]]

2022-06-28 14:16:26 - [TEST_STEP][PASSED] - click(findTestObject("1. Constant/02_LHSMenu_Projects")): Object: 'Object Repository/1. Constant/02_LHSMenu_Projects' is clicked on

2022-06-28 14:16:29 - [MESSAGE][PASSED] - Object: 'Object Repository/1. Constant/02_LHSMenu_Projects' is clicked on

2022-06-28 14:16:29 - [TEST_STEP][PASSED] - I.SearchProjectNo(Project_No, findTestObject("HL Full Lifecycle/9 Filter_Button_Apply")): Delayed 5 second(s)

2022-06-28 14:16:30 - [MESSAGE][PASSED] - Text 'MI001284' is set on object 'Object Repository/1. Constant/xpath'

2022-06-28 14:16:33 - [MESSAGE][PASSED] - Delayed 3 second(s)

2022-06-28 14:16:37 - [MESSAGE][PASSED] - Object: 'Object Repository/HL Full Lifecycle/9 Filter_Button_Apply' is clicked on

2022-06-28 14:16:42 - [MESSAGE][PASSED] - Delayed 5 second(s)

2022-06-28 14:16:42 - [TEST_STEP][PASSED] - click(findTestObject("Object Repository/StarPack - Full Lifecycle (AWIS)/6.01 Anais id_refID_a2", ["refID":"ancre_" + refID_PS])): Object: 'Object Repository/StarPack - Full Lifecycle (AWIS)/6.01 Anais id_refID_a2' is clicked on

2022-06-28 14:16:44 - [MESSAGE][PASSED] - Object: 'Object Repository/StarPack - Full Lifecycle (AWIS)/6.01 Anais id_refID_a2' is clicked on

2022-06-28 14:16:44 - [TEST_STEP][PASSED] - I.UploadDoc_sendkey_field("//*[@id="var_25"]", "D:\Upoad_File\Upload doc\testdata1.pdf", "testdata1"): Text 'testdata1' is present on page 

2022-06-28 14:16:46 - [MESSAGE][PASSED] - Delayed 2 second(s)

2022-06-28 14:16:46 - [MESSAGE][PASSED] - Keys 'D:\Upoad_File\Upload doc\testdata1.pdf' sent to object: 'Object Repository/1. Constant/xpath'

2022-06-28 14:16:47 - [MESSAGE][PASSED] - Text 'testdata1' is present on page 

2022-06-28 14:16:47 - [TEST_STEP][PASSED] - click(findTestObject("1. Constant/xpath", ["xpath":"//*[@id="ModifFiche"]/div[3]/div/button[2]"])): Object: 'Object Repository/1. Constant/xpath' is clicked on

2022-06-28 14:16:54 - [MESSAGE][PASSED] - Object: 'Object Repository/1. Constant/xpath' is clicked on

2022-06-28 14:16:54 - [TEST_STEP][PASSED] - I.Logout(): Delayed 3 second(s)

2022-06-28 14:16:57 - [MESSAGE][PASSED] - Delayed 3 second(s)

2022-06-28 14:16:57 - [MESSAGE][PASSED] - Object: 'Object Repository/1. Constant/xpath' is clicked on

2022-06-28 14:17:00 - [MESSAGE][PASSED] - Delayed 3 second(s)

2022-06-28 14:17:02 - [MESSAGE][PASSED] - Object: 'Object Repository/1. Constant/xpath' is clicked on

2022-06-28 14:17:05 - [MESSAGE][PASSED] - Delayed 3 second(s)

2022-06-28 14:17:05 - [TEST_STEP][PASSED] - I.Login_password("aherms", password_aherms): Object: 'Object Repository/1. Constant/xpath' is clicked on

2022-06-28 14:17:06 - [MESSAGE][PASSED] - Text 'aherms' is set on object 'Object Repository/1. Constant/xpath'

2022-06-28 14:17:07 - [MESSAGE][PASSED] - Delayed 1 second(s)

2022-06-28 14:17:08 - [MESSAGE][PASSED] - Text 'dchi3' is set on object 'Object Repository/1. Constant/xpath'

2022-06-28 14:17:09 - [MESSAGE][PASSED] - Delayed 1 second(s)

2022-06-28 14:17:11 - [MESSAGE][PASSED] - Object: 'Object Repository/1. Constant/xpath' is clicked on

2022-06-28 14:17:11 - [TEST_STEP][PASSED] - takeScreenshot(): Taking screenshot successfully

2022-06-28 14:17:12 - [MESSAGE][PASSED] - Taking screenshot successfully
[[ATTACHMENT|D:\\Projet Test Auto\\Mediabox Test Automation\\Reports\\20220628_140216\\4618_TestStarpack\\TS\\02.TestStarPack Full Lifecycle _Change of Rights_SAS\\20220628_140217\\1656418632245.png]]

2022-06-28 14:17:12 - [TEST_STEP][PASSED] - click(findTestObject("1. Constant/02_LHSMenu_Projects")): Object: 'Object Repository/1. Constant/02_LHSMenu_Projects' is clicked on

2022-06-28 14:17:21 - [MESSAGE][PASSED] - Object: 'Object Repository/1. Constant/02_LHSMenu_Projects' is clicked on

2022-06-28 14:17:21 - [TEST_STEP][PASSED] - I.SearchProjectNo(Project_No, findTestObject("HL Full Lifecycle/9 Filter_Button_Apply")): Delayed 5 second(s)

2022-06-28 14:17:22 - [MESSAGE][PASSED] - Text 'MI001284' is set on object 'Object Repository/1. Constant/xpath'

2022-06-28 14:17:25 - [MESSAGE][PASSED] - Delayed 3 second(s)

2022-06-28 14:17:29 - [MESSAGE][PASSED] - Object: 'Object Repository/HL Full Lifecycle/9 Filter_Button_Apply' is clicked on

2022-06-28 14:17:34 - [MESSAGE][PASSED] - Delayed 5 second(s)

2022-06-28 14:17:34 - [TEST_STEP][PASSED] - color3 = getCSSValue(findTestObject("Object Repository/StarPack - Full Lifecycle (AWIS)/6.01 Anais id_refID_a2", ["refID":"ancre_" + refID_PS]), "color", OPTIONAL): Get CSS 'color' value on 'Object Repository/StarPack - Full Lifecycle (AWIS)/6.01 Anais id_refID_a2' successfully: 'rgba(255, 255, 255, 1)'.

2022-06-28 14:17:34 - [MESSAGE][PASSED] - Get CSS 'color' value on 'Object Repository/StarPack - Full Lifecycle (AWIS)/6.01 Anais id_refID_a2' successfully: 'rgba(255, 255, 255, 1)'.

2022-06-28 14:17:34 - [TEST_STEP][PASSED] - while (color3 == "rgba(255, 255, 255, 1)"): null

2022-06-28 14:17:34 - [TEST_STEP][PASSED] - click(findTestObject("Object Repository/StarPack - Full Lifecycle (AWIS)/6.01 Anais id_refID_a2", ["refID":"ancre_" + refID_PS])): Object: 'Object Repository/StarPack - Full Lifecycle (AWIS)/6.01 Anais id_refID_a2' is clicked on

2022-06-28 14:17:36 - [MESSAGE][PASSED] - Object: 'Object Repository/StarPack - Full Lifecycle (AWIS)/6.01 Anais id_refID_a2' is clicked on

2022-06-28 14:17:36 - [TEST_STEP][PASSED] - takeScreenshot(): Taking screenshot successfully

2022-06-28 14:17:37 - [MESSAGE][PASSED] - Taking screenshot successfully
[[ATTACHMENT|D:\\Projet Test Auto\\Mediabox Test Automation\\Reports\\20220628_140216\\4618_TestStarpack\\TS\\02.TestStarPack Full Lifecycle _Change of Rights_SAS\\20220628_140217\\1656418657267.png]]

2022-06-28 14:17:37 - [TEST_STEP][PASSED] - I.UploadDoc_sendkey_Prod(findTestObject("1. Constant/xpath", ["xpath":"//*[@id="kt_body"]/input[2]"]), "D:\Upoad_File\Upload doc\testdataaddition1.jpg", "testdataaddition1.jpg"): Delayed 5 second(s)

2022-06-28 14:17:37 - [MESSAGE][PASSED] - Scroll to object 'Object Repository/1. Constant/xpath' successfully

2022-06-28 14:17:42 - [MESSAGE][PASSED] - Delayed 5 second(s)

2022-06-28 14:17:43 - [MESSAGE][PASSED] - File 'D:\Upoad_File\Upload doc\testdataaddition1.jpg' sent to object: 'Object Repository/1. Constant/xpath'

2022-06-28 14:17:48 - [MESSAGE][PASSED] - Delayed 5 second(s)

2022-06-28 14:17:48 - [MESSAGE][PASSED] - Text 'testdataaddition1.jpg' is present on page 

2022-06-28 14:17:53 - [MESSAGE][PASSED] - Delayed 5 second(s)

2022-06-28 14:17:58 - [MESSAGE][PASSED] - Delayed 5 second(s)

2022-06-28 14:17:58 - [TEST_STEP][PASSED] - takeScreenshot(): Taking screenshot successfully

2022-06-28 14:17:59 - [MESSAGE][PASSED] - Taking screenshot successfully
[[ATTACHMENT|D:\\Projet Test Auto\\Mediabox Test Automation\\Reports\\20220628_140216\\4618_TestStarpack\\TS\\02.TestStarPack Full Lifecycle _Change of Rights_SAS\\20220628_140217\\1656418678792.png]]

2022-06-28 14:17:59 - [TEST_STEP][PASSED] - delay(10): Delayed 10 second(s)

2022-06-28 14:18:09 - [MESSAGE][PASSED] - Delayed 10 second(s)

2022-06-28 14:18:09 - [TEST_STEP][PASSED] - I.click_button_javascript(findTestObject("Object Repository/HL Full Lifecycle/12 ReferncePage_Button_Updatensenddoc")): Execute JavaScript 'arguments[0].click()' successfully

2022-06-28 14:18:17 - [MESSAGE][PASSED] - Execute JavaScript 'arguments[0].click()' successfully

2022-06-28 14:18:17 - [TEST_STEP][PASSED] - delay(5): Delayed 5 second(s)

2022-06-28 14:18:22 - [MESSAGE][PASSED] - Delayed 5 second(s)

2022-06-28 14:18:22 - [TEST_STEP][PASSED] - if (verifyElementPresent(findTestObject("Object Repository/StarPack - Full Lifecycle (AWIS)/6.01 Anais id_refID_a2", ["refID":"ancre_" + refID_PS]), 10, OPTIONAL)): com.kms.katalon.core.webui.exception.WebElementNotFoundException: Web element with id: 'Object Repository/StarPack - Full Lifecycle (AWIS)/6.01 Anais id_refID_a2' located by '//*[@id="ancre_6401"]/a[2]' not found (Root cause: com.kms.katalon.core.exception.StepFailedException: com.kms.katalon.core.webui.exception.WebElementNotFoundException: Web element with id: 'Object Repository/StarPack - Full Lifecycle (AWIS)/6.01 Anais id_refID_a2' located by '//*[@id="ancre_6401"]/a[2]' not found
	at com.kms.katalon.core.webui.keyword.internal.WebUIKeywordMain.stepFailed(WebUIKeywordMain.groovy:64)
	at com.kms.katalon.core.webui.keyword.builtin.VerifyElementPresentKeyword$_verifyElementPresent_closure1.doCall(VerifyElementPresentKeyword.groovy:85)
	at com.kms.katalon.core.webui.keyword.builtin.VerifyElementPresentKeyword$_verifyElementPresent_closure1.call(VerifyElementPresentKeyword.groovy)
	at com.kms.katalon.core.webui.keyword.internal.WebUIKeywordMain.runKeyword(WebUIKeywordMain.groovy:20)
	at com.kms.katalon.core.webui.keyword.builtin.VerifyElementPresentKeyword.verifyElementPresent(VerifyElementPresentKeyword.groovy:92)
	at com.kms.katalon.core.webui.keyword.builtin.VerifyElementPresentKeyword.execute(VerifyElementPresentKeyword.groovy:68)
	at com.kms.katalon.core.keyword.internal.KeywordExecutor.executeKeywordForPlatform(KeywordExecutor.groovy:74)
	at com.kms.katalon.core.webui.keyword.WebUiBuiltInKeywords.verifyElementPresent(WebUiBuiltInKeywords.groovy:1448)
	at com.kms.katalon.core.webui.keyword.WebUiBuiltInKeywords$verifyElementPresent$18.call(Unknown Source)
	at 4.01 Star Pack Full Lifecycle - AWIS (Chrome)_ACreationDaughRef 15.03 P1.run(4.01 Star Pack Full Lifecycle - AWIS (Chrome)_ACreationDaughRef 15.03 P1:795)
	at com.kms.katalon.core.main.ScriptEngine.run(ScriptEngine.java:194)
	at com.kms.katalon.core.main.ScriptEngine.runScriptAsRawText(ScriptEngine.java:119)
	at com.kms.katalon.core.main.TestCaseExecutor.runScript(TestCaseExecutor.java:445)
	at com.kms.katalon.core.main.TestCaseExecutor.doExecute(TestCaseExecutor.java:436)
	at com.kms.katalon.core.main.TestCaseExecutor.processExecutionPhase(TestCaseExecutor.java:415)
	at com.kms.katalon.core.main.TestCaseExecutor.accessMainPhase(TestCaseExecutor.java:407)
	at com.kms.katalon.core.main.TestCaseExecutor.execute(TestCaseExecutor.java:284)
	at com.kms.katalon.core.common.CommonExecutor.accessTestCaseMainPhase(CommonExecutor.java:65)
	at com.kms.katalon.core.main.TestSuiteExecutor.accessTestSuiteMainPhase(TestSuiteExecutor.java:144)
	at com.kms.katalon.core.main.TestSuiteExecutor.execute(TestSuiteExecutor.java:106)
	at com.kms.katalon.core.main.TestCaseMain.startTestSuite(TestCaseMain.java:185)
	at com.kms.katalon.core.main.TestCaseMain$startTestSuite$0.call(Unknown Source)
	at TempTestSuite1656417737756.run(TempTestSuite1656417737756.groovy:36)
)

2022-06-28 14:18:33 - [MESSAGE][INFO] - Unable to find the element located by 'By.xpath: //*[@id="ancre_6401"]/a[2]'. Please recheck the objects properties to make sure the desired element is located. 

2022-06-28 14:18:33 - [MESSAGE][WARNING] - com.kms.katalon.core.webui.exception.WebElementNotFoundException: Web element with id: 'Object Repository/StarPack - Full Lifecycle (AWIS)/6.01 Anais id_refID_a2' located by '//*[@id="ancre_6401"]/a[2]' not found (Root cause: com.kms.katalon.core.exception.StepFailedException: com.kms.katalon.core.webui.exception.WebElementNotFoundException: Web element with id: 'Object Repository/StarPack - Full Lifecycle (AWIS)/6.01 Anais id_refID_a2' located by '//*[@id="ancre_6401"]/a[2]' not found
	at com.kms.katalon.core.webui.keyword.internal.WebUIKeywordMain.stepFailed(WebUIKeywordMain.groovy:64)
	at com.kms.katalon.core.webui.keyword.builtin.VerifyElementPresentKeyword$_verifyElementPresent_closure1.doCall(VerifyElementPresentKeyword.groovy:85)
	at com.kms.katalon.core.webui.keyword.builtin.VerifyElementPresentKeyword$_verifyElementPresent_closure1.call(VerifyElementPresentKeyword.groovy)
	at com.kms.katalon.core.webui.keyword.internal.WebUIKeywordMain.runKeyword(WebUIKeywordMain.groovy:20)
	at com.kms.katalon.core.webui.keyword.builtin.VerifyElementPresentKeyword.verifyElementPresent(VerifyElementPresentKeyword.groovy:92)
	at com.kms.katalon.core.webui.keyword.builtin.VerifyElementPresentKeyword.execute(VerifyElementPresentKeyword.groovy:68)
	at com.kms.katalon.core.keyword.internal.KeywordExecutor.executeKeywordForPlatform(KeywordExecutor.groovy:74)
	at com.kms.katalon.core.webui.keyword.WebUiBuiltInKeywords.verifyElementPresent(WebUiBuiltInKeywords.groovy:1448)
	at com.kms.katalon.core.webui.keyword.WebUiBuiltInKeywords$verifyElementPresent$18.call(Unknown Source)
	at 4.01 Star Pack Full Lifecycle - AWIS (Chrome)_ACreationDaughRef 15.03 P1.run(4.01 Star Pack Full Lifecycle - AWIS (Chrome)_ACreationDaughRef 15.03 P1:795)
	at com.kms.katalon.core.main.ScriptEngine.run(ScriptEngine.java:194)
	at com.kms.katalon.core.main.ScriptEngine.runScriptAsRawText(ScriptEngine.java:119)
	at com.kms.katalon.core.main.TestCaseExecutor.runScript(TestCaseExecutor.java:445)
	at com.kms.katalon.core.main.TestCaseExecutor.doExecute(TestCaseExecutor.java:436)
	at com.kms.katalon.core.main.TestCaseExecutor.processExecutionPhase(TestCaseExecutor.java:415)
	at com.kms.katalon.core.main.TestCaseExecutor.accessMainPhase(TestCaseExecutor.java:407)
	at com.kms.katalon.core.main.TestCaseExecutor.execute(TestCaseExecutor.java:284)
	at com.kms.katalon.core.common.CommonExecutor.accessTestCaseMainPhase(CommonExecutor.java:65)
	at com.kms.katalon.core.main.TestSuiteExecutor.accessTestSuiteMainPhase(TestSuiteExecutor.java:144)
	at com.kms.katalon.core.main.TestSuiteExecutor.execute(TestSuiteExecutor.java:106)
	at com.kms.katalon.core.main.TestCaseMain.startTestSuite(TestCaseMain.java:185)
	at com.kms.katalon.core.main.TestCaseMain$startTestSuite$0.call(Unknown Source)
	at TempTestSuite1656417737756.run(TempTestSuite1656417737756.groovy:36)
)
[[ATTACHMENT|D:\\Projet Test Auto\\Mediabox Test Automation\\Reports\\20220628_140216\\4618_TestStarpack\\TS\\02.TestStarPack Full Lifecycle _Change of Rights_SAS\\20220628_140217\\1656418713585.png]]

2022-06-28 14:18:33 - [TEST_STEP][PASSED] - else: null

2022-06-28 14:18:33 - [TEST_STEP][PASSED] - color3 = "white": null

2022-06-28 14:18:33 - [TEST_STEP][PASSED] - I.Logout(): Delayed 3 second(s)

2022-06-28 14:18:36 - [MESSAGE][PASSED] - Delayed 3 second(s)

2022-06-28 14:18:37 - [MESSAGE][PASSED] - Object: 'Object Repository/1. Constant/xpath' is clicked on

2022-06-28 14:18:40 - [MESSAGE][PASSED] - Delayed 3 second(s)

2022-06-28 14:18:42 - [MESSAGE][PASSED] - Object: 'Object Repository/1. Constant/xpath' is clicked on

2022-06-28 14:18:45 - [MESSAGE][PASSED] - Delayed 3 second(s)

2022-06-28 14:18:45 - [TEST_STEP][PASSED] - I.Login_password("aterreshernandez", password_aterreshernandez): Object: 'Object Repository/1. Constant/xpath' is clicked on

2022-06-28 14:18:46 - [MESSAGE][PASSED] - Text 'aterreshernandez' is set on object 'Object Repository/1. Constant/xpath'

2022-06-28 14:18:47 - [MESSAGE][PASSED] - Delayed 1 second(s)

2022-06-28 14:18:47 - [MESSAGE][PASSED] - Text 'dchi' is set on object 'Object Repository/1. Constant/xpath'

2022-06-28 14:18:48 - [MESSAGE][PASSED] - Delayed 1 second(s)

2022-06-28 14:18:53 - [MESSAGE][PASSED] - Object: 'Object Repository/1. Constant/xpath' is clicked on

2022-06-28 14:18:53 - [TEST_STEP][PASSED] - takeScreenshot(): Taking screenshot successfully

2022-06-28 14:18:53 - [MESSAGE][PASSED] - Taking screenshot successfully
[[ATTACHMENT|D:\\Projet Test Auto\\Mediabox Test Automation\\Reports\\20220628_140216\\4618_TestStarpack\\TS\\02.TestStarPack Full Lifecycle _Change of Rights_SAS\\20220628_140217\\1656418733466.png]]

2022-06-28 14:18:53 - [TEST_STEP][PASSED] - click(findTestObject("1. Constant/02_LHSMenu_Projects")): Object: 'Object Repository/1. Constant/02_LHSMenu_Projects' is clicked on

2022-06-28 14:18:57 - [MESSAGE][PASSED] - Object: 'Object Repository/1. Constant/02_LHSMenu_Projects' is clicked on

2022-06-28 14:18:57 - [TEST_STEP][PASSED] - I.SearchProjectNo(Project_No, findTestObject("1. Constant/xpath", ["xpath":"//*[@id="form_filters"]/div[7]/button"])): Delayed 5 second(s)

2022-06-28 14:18:58 - [MESSAGE][PASSED] - Text 'MI001284' is set on object 'Object Repository/1. Constant/xpath'

2022-06-28 14:19:01 - [MESSAGE][PASSED] - Delayed 3 second(s)

2022-06-28 14:19:06 - [MESSAGE][PASSED] - Object: 'Object Repository/1. Constant/xpath' is clicked on

2022-06-28 14:19:11 - [MESSAGE][PASSED] - Delayed 5 second(s)

2022-06-28 14:19:11 - [TEST_STEP][PASSED] - click(findTestObject("Object Repository/StarPack - Full Lifecycle (AWIS)/6.01 Anais id_refID_a2", ["refID":"ancre_" + refID_PS])): Object: 'Object Repository/StarPack - Full Lifecycle (AWIS)/6.01 Anais id_refID_a2' is clicked on

2022-06-28 14:19:14 - [MESSAGE][PASSED] - Object: 'Object Repository/StarPack - Full Lifecycle (AWIS)/6.01 Anais id_refID_a2' is clicked on

2022-06-28 14:19:14 - [TEST_STEP][PASSED] - I.AWF_approve_view(): Object: 'Object Repository/HL Full Lifecycle/Function_Appbutton2' is clicked on

2022-06-28 14:19:16 - [MESSAGE][PASSED] - Wait for page load successfully

2022-06-28 14:19:26 - [MESSAGE][PASSED] - Delayed 10 second(s)

2022-06-28 14:19:26 - [MESSAGE][PASSED] - Object: 'Object Repository/HL Full Lifecycle/Function_access Viewer2' is hovered

2022-06-28 14:19:29 - [MESSAGE][PASSED] - Delayed 3 second(s)

2022-06-28 14:19:30 - [MESSAGE][PASSED] - Object: 'Object Repository/HL Full Lifecycle/Function_access Viewer2' is clicked on

2022-06-28 14:19:35 - [MESSAGE][PASSED] - Delayed 5 second(s)

2022-06-28 14:19:35 - [MESSAGE][PASSED] - Object: 'Object Repository/HL Full Lifecycle/Function_AppButton' is clicked on

2022-06-28 14:19:40 - [MESSAGE][PASSED] - Delayed 5 second(s)

2022-06-28 14:19:51 - [MESSAGE][PASSED] - Object: 'Object Repository/HL Full Lifecycle/Function_Appbutton2' is clicked on

2022-06-28 14:19:51 - [TEST_STEP][PASSED] - I.Logout(): Delayed 3 second(s)

2022-06-28 14:19:54 - [MESSAGE][PASSED] - Delayed 3 second(s)

2022-06-28 14:19:55 - [MESSAGE][PASSED] - Object: 'Object Repository/1. Constant/xpath' is clicked on

2022-06-28 14:19:58 - [MESSAGE][PASSED] - Delayed 3 second(s)

2022-06-28 14:20:00 - [MESSAGE][PASSED] - Object: 'Object Repository/1. Constant/xpath' is clicked on

2022-06-28 14:20:03 - [MESSAGE][PASSED] - Delayed 3 second(s)

2022-06-28 14:20:03 - [TEST_STEP][PASSED] - I.Login_password("aherms", password_aherms): Object: 'Object Repository/1. Constant/xpath' is clicked on

2022-06-28 14:20:04 - [MESSAGE][PASSED] - Text 'aherms' is set on object 'Object Repository/1. Constant/xpath'

2022-06-28 14:20:05 - [MESSAGE][PASSED] - Delayed 1 second(s)

2022-06-28 14:20:05 - [MESSAGE][PASSED] - Text 'dchi3' is set on object 'Object Repository/1. Constant/xpath'

2022-06-28 14:20:06 - [MESSAGE][PASSED] - Delayed 1 second(s)

2022-06-28 14:20:09 - [MESSAGE][PASSED] - Object: 'Object Repository/1. Constant/xpath' is clicked on

2022-06-28 14:20:09 - [TEST_STEP][PASSED] - takeScreenshot(): Taking screenshot successfully

2022-06-28 14:20:10 - [MESSAGE][PASSED] - Taking screenshot successfully
[[ATTACHMENT|D:\\Projet Test Auto\\Mediabox Test Automation\\Reports\\20220628_140216\\4618_TestStarpack\\TS\\02.TestStarPack Full Lifecycle _Change of Rights_SAS\\20220628_140217\\1656418809936.png]]

2022-06-28 14:20:10 - [TEST_STEP][PASSED] - click(findTestObject("1. Constant/02_LHSMenu_Projects")): Object: 'Object Repository/1. Constant/02_LHSMenu_Projects' is clicked on

2022-06-28 14:20:18 - [MESSAGE][PASSED] - Object: 'Object Repository/1. Constant/02_LHSMenu_Projects' is clicked on

2022-06-28 14:20:18 - [TEST_STEP][PASSED] - I.SearchProjectNo(Project_No, findTestObject("HL Full Lifecycle/9 Filter_Button_Apply")): Delayed 5 second(s)

2022-06-28 14:20:19 - [MESSAGE][PASSED] - Text 'MI001284' is set on object 'Object Repository/1. Constant/xpath'

2022-06-28 14:20:22 - [MESSAGE][PASSED] - Delayed 3 second(s)

2022-06-28 14:20:28 - [MESSAGE][PASSED] - Object: 'Object Repository/HL Full Lifecycle/9 Filter_Button_Apply' is clicked on

2022-06-28 14:20:33 - [MESSAGE][PASSED] - Delayed 5 second(s)

2022-06-28 14:20:33 - [TEST_STEP][PASSED] - click(findTestObject("Object Repository/StarPack - Full Lifecycle (AWIS)/6.01 Anais id_refID_a2", ["refID":"ancre_" + refID_PS])): Object: 'Object Repository/StarPack - Full Lifecycle (AWIS)/6.01 Anais id_refID_a2' is clicked on

2022-06-28 14:20:36 - [MESSAGE][PASSED] - Object: 'Object Repository/StarPack - Full Lifecycle (AWIS)/6.01 Anais id_refID_a2' is clicked on

2022-06-28 14:20:36 - [TEST_STEP][PASSED] - setText(findTestObject("1. Constant/01_id_field_id", ["field_id":"var_48"]), "Número de seguimiento del envío de la muestra de packagingmandatory"): Text 'Número de seguimiento del envío de la muestra de packagingmandatory' is set on object 'Object Repository/1. Constant/01_id_field_id'

2022-06-28 14:20:37 - [MESSAGE][PASSED] - Text 'Número de seguimiento del envío de la muestra de packagingmandatory' is set on object 'Object Repository/1. Constant/01_id_field_id'

2022-06-28 14:20:37 - [TEST_STEP][PASSED] - click(findTestObject("1. Constant/xpath", ["xpath":"//*[@id="ModifFiche"]/div[3]/div/button[2]"])): Object: 'Object Repository/1. Constant/xpath' is clicked on

2022-06-28 14:20:44 - [MESSAGE][PASSED] - Object: 'Object Repository/1. Constant/xpath' is clicked on

2022-06-28 14:20:44 - [TEST_STEP][PASSED] - I.Logout(): Delayed 3 second(s)

2022-06-28 14:20:47 - [MESSAGE][PASSED] - Delayed 3 second(s)

2022-06-28 14:20:48 - [MESSAGE][PASSED] - Object: 'Object Repository/1. Constant/xpath' is clicked on

2022-06-28 14:20:51 - [MESSAGE][PASSED] - Delayed 3 second(s)

2022-06-28 14:20:53 - [MESSAGE][PASSED] - Object: 'Object Repository/1. Constant/xpath' is clicked on

2022-06-28 14:20:56 - [MESSAGE][PASSED] - Delayed 3 second(s)

2022-06-28 14:20:56 - [TEST_STEP][PASSED] - I.Login_password("aterreshernandez", password_aterreshernandez): Object: 'Object Repository/1. Constant/xpath' is clicked on

2022-06-28 14:20:57 - [MESSAGE][PASSED] - Text 'aterreshernandez' is set on object 'Object Repository/1. Constant/xpath'

2022-06-28 14:20:58 - [MESSAGE][PASSED] - Delayed 1 second(s)

2022-06-28 14:20:58 - [MESSAGE][PASSED] - Text 'dchi' is set on object 'Object Repository/1. Constant/xpath'

2022-06-28 14:20:59 - [MESSAGE][PASSED] - Delayed 1 second(s)

2022-06-28 14:21:02 - [MESSAGE][PASSED] - Object: 'Object Repository/1. Constant/xpath' is clicked on

2022-06-28 14:21:02 - [TEST_STEP][PASSED] - takeScreenshot(): Taking screenshot successfully

2022-06-28 14:21:03 - [MESSAGE][PASSED] - Taking screenshot successfully
[[ATTACHMENT|D:\\Projet Test Auto\\Mediabox Test Automation\\Reports\\20220628_140216\\4618_TestStarpack\\TS\\02.TestStarPack Full Lifecycle _Change of Rights_SAS\\20220628_140217\\1656418863377.png]]

2022-06-28 14:21:03 - [TEST_STEP][PASSED] - click(findTestObject("1. Constant/02_LHSMenu_Projects")): Object: 'Object Repository/1. Constant/02_LHSMenu_Projects' is clicked on

2022-06-28 14:21:07 - [MESSAGE][PASSED] - Object: 'Object Repository/1. Constant/02_LHSMenu_Projects' is clicked on

2022-06-28 14:21:07 - [TEST_STEP][PASSED] - I.SearchProjectNo(Project_No, findTestObject("1. Constant/xpath", ["xpath":"//*[@id="form_filters"]/div[7]/button"])): Delayed 5 second(s)

2022-06-28 14:21:08 - [MESSAGE][PASSED] - Text 'MI001284' is set on object 'Object Repository/1. Constant/xpath'

2022-06-28 14:21:11 - [MESSAGE][PASSED] - Delayed 3 second(s)

2022-06-28 14:21:16 - [MESSAGE][PASSED] - Object: 'Object Repository/1. Constant/xpath' is clicked on

2022-06-28 14:21:21 - [MESSAGE][PASSED] - Delayed 5 second(s)

2022-06-28 14:21:21 - [TEST_STEP][PASSED] - click(findTestObject("Object Repository/StarPack - Full Lifecycle (AWIS)/6.01 Anais id_refID_a2", ["refID":"ancre_" + refID_PS])): Object: 'Object Repository/StarPack - Full Lifecycle (AWIS)/6.01 Anais id_refID_a2' is clicked on

2022-06-28 14:21:27 - [MESSAGE][PASSED] - Object: 'Object Repository/StarPack - Full Lifecycle (AWIS)/6.01 Anais id_refID_a2' is clicked on

2022-06-28 14:21:27 - [TEST_STEP][PASSED] - I.status_lifecycle(findTestObject("1. Constant/xpath", ["xpath":"/html/body/div[1]/div[2]/div[4]/div[3]/div/div[2]/div[2]/div[1]/table/tbody/tr[2]/td[7]/span"]), "Completado"): Status contain Completado.

2022-06-28 14:21:28 - [MESSAGE][PASSED] - Text of object 'Object Repository/1. Constant/xpath' is: 'Completado'

2022-06-28 14:21:28 - [MESSAGE][PASSED] - Status contain Completado.

2022-06-28 14:21:28 - [TEST_STEP][PASSED] - takeScreenshot(): Taking screenshot successfully

2022-06-28 14:21:29 - [MESSAGE][PASSED] - Taking screenshot successfully
[[ATTACHMENT|D:\\Projet Test Auto\\Mediabox Test Automation\\Reports\\20220628_140216\\4618_TestStarpack\\TS\\02.TestStarPack Full Lifecycle _Change of Rights_SAS\\20220628_140217\\1656418889018.png]]

2022-06-28 14:21:29 - [TEST_STEP][PASSED] - closeBrowser(): Browser is closed

2022-06-28 14:21:30 - [MESSAGE][PASSED] - Browser is closed

2022-06-28 14:21:30 - [TEST_STEP][PASSED] - Start listener action : sampleAfterTestCase: null]]></system-out>
         <system-err><![CDATA[]]></system-err>
      </testcase>
      <testcase name="Test Cases/04. Star pack Full Lifecycle - AIS _ Long name Artwork without info/4.02 Star Pack Full Lifecycle - AWIS (Chrome)_Sans_Ref_filles" time="772.366" classname="Test Cases/04. Star pack Full Lifecycle - AIS _ Long name Artwork without info/4.02 Star Pack Full Lifecycle - AWIS (Chrome)_Sans_Ref_filles" status="PASSED">
         <system-out><![CDATA[2022-06-28 14:21:30 - [TEST_CASE][PASSED] - Test Cases/04. Star pack Full Lifecycle - AIS _ Long name Artwork without info/4.02 Star Pack Full Lifecycle - AWIS (Chrome)_Sans_Ref_filles: Test Cases/04. Star pack Full Lifecycle - AIS _ Long name Artwork without info/4.02 Star Pack Full Lifecycle - AWIS (Chrome)_Sans_Ref_filles

2022-06-28 14:21:31 - [TEST_STEP][PASSED] - data = findTestData("Data Files/Username_Password/Starpack (10June2021)"): null

2022-06-28 14:21:31 - [TEST_STEP][PASSED] - password_suser = data.getValue(2, 1): null

2022-06-28 14:21:31 - [TEST_STEP][PASSED] - password_aherms = data.getValue(2, 2): null

2022-06-28 14:21:31 - [TEST_STEP][PASSED] - password_agluszczynska = data.getValue(2, 3): null

2022-06-28 14:21:31 - [TEST_STEP][PASSED] - password_jmaciaszczyk = data.getValue(2, 4): null

2022-06-28 14:21:31 - [TEST_STEP][PASSED] - password_aterreshernandez = data.getValue(2, 5): null

2022-06-28 14:21:31 - [TEST_STEP][PASSED] - password_amartin_arbol = data.getValue(2, 6): null

2022-06-28 14:21:31 - [TEST_STEP][PASSED] - password_kcannoosamy_dia = data.getValue(2, 8): null

2022-06-28 14:21:31 - [TEST_STEP][PASSED] - data_urlRELAUTO = findTestData("Data Files/URL/URL_relauto"): null

2022-06-28 14:21:31 - [TEST_STEP][PASSED] - Url_Starpack = data_urlRELAUTO.getValue(2, 2): null

2022-06-28 14:21:31 - [TEST_STEP][PASSED] - log = new com.kms.katalon.core.logging.KeywordLogger(): null

2022-06-28 14:21:31 - [TEST_STEP][PASSED] - openBrowser(Url_Starpack): Browser is opened with url: 'https://mdb-v3-test.diadeis.com/Mediabox4618/?MBI_datasource=TESTAUTO_STARPACK_4618'

2022-06-28 14:21:31 - [MESSAGE][INFO] - Starting 'Chrome' driver

2022-06-28 14:21:31 - [MESSAGE][INFO] - User set preference: ['arg', '[[--lang=en-GB]]']

2022-06-28 14:21:31 - [MESSAGE][INFO] - Action delay is set to 0 milliseconds

2022-06-28 14:21:40 - [MESSAGE][PASSED] - Browser is opened with url: 'https://mdb-v3-test.diadeis.com/Mediabox4618/?MBI_datasource=TESTAUTO_STARPACK_4618'

2022-06-28 14:21:40 - [TEST_STEP][PASSED] - maximizeWindow(): Current window maximized

2022-06-28 14:21:40 - [MESSAGE][PASSED] - Current window maximized

2022-06-28 14:21:40 - [TEST_STEP][PASSED] - password_adelamatanieves = data.getValue(2, 7): null

2022-06-28 14:21:40 - [TEST_STEP][PASSED] - I.Login_password("adelamatanieves", password_adelamatanieves): Object: 'Object Repository/1. Constant/xpath' is clicked on

2022-06-28 14:21:41 - [MESSAGE][PASSED] - Text 'adelamatanieves' is set on object 'Object Repository/1. Constant/xpath'

2022-06-28 14:21:42 - [MESSAGE][PASSED] - Delayed 1 second(s)

2022-06-28 14:21:44 - [MESSAGE][PASSED] - Text 'dchi4' is set on object 'Object Repository/1. Constant/xpath'

2022-06-28 14:21:45 - [MESSAGE][PASSED] - Delayed 1 second(s)

2022-06-28 14:21:50 - [MESSAGE][PASSED] - Object: 'Object Repository/1. Constant/xpath' is clicked on

2022-06-28 14:21:50 - [TEST_STEP][PASSED] - takeScreenshot(): Taking screenshot successfully

2022-06-28 14:21:53 - [MESSAGE][PASSED] - Taking screenshot successfully
[[ATTACHMENT|D:\\Projet Test Auto\\Mediabox Test Automation\\Reports\\20220628_140216\\4618_TestStarpack\\TS\\02.TestStarPack Full Lifecycle _Change of Rights_SAS\\20220628_140217\\1656418912328.png]]

2022-06-28 14:21:53 - [TEST_STEP][PASSED] - click(findTestObject("1. Constant/02_LHSMenu_Projects")): Object: 'Object Repository/1. Constant/02_LHSMenu_Projects' is clicked on

2022-06-28 14:21:59 - [MESSAGE][PASSED] - Object: 'Object Repository/1. Constant/02_LHSMenu_Projects' is clicked on

2022-06-28 14:21:59 - [TEST_STEP][PASSED] - click(findTestObject("Object Repository/1. Constant/xpath", ["xpath":"//*[@id="kt_content"]/div[3]/div/div/div[1]/div[2]/a[1]"])): Object: 'Object Repository/1. Constant/xpath' is clicked on

2022-06-28 14:22:01 - [MESSAGE][PASSED] - Object: 'Object Repository/1. Constant/xpath' is clicked on

2022-06-28 14:22:01 - [TEST_STEP][PASSED] - takeScreenshot(): Taking screenshot successfully

2022-06-28 14:22:01 - [MESSAGE][PASSED] - Taking screenshot successfully
[[ATTACHMENT|D:\\Projet Test Auto\\Mediabox Test Automation\\Reports\\20220628_140216\\4618_TestStarpack\\TS\\02.TestStarPack Full Lifecycle _Change of Rights_SAS\\20220628_140217\\1656418921594.png]]

2022-06-28 14:22:01 - [TEST_STEP][PASSED] - project_name0 = "TC4.02_AutoTest_Chrome_Starpack_" + RandomStringUtils.randomAlphanumeric(10) + "_" + I.gettimedate(): null

2022-06-28 14:22:01 - [TEST_STEP][PASSED] - setText(findTestObject("HL Full Lifecycle/4 CreateProjPage_inputProjectname"), project_name0): Text 'TC4.02_AutoTest_Chrome_Starpack_oyTkym6fqP_juin282022_142201' is set on object 'Object Repository/HL Full Lifecycle/4 CreateProjPage_inputProjectname'

2022-06-28 14:22:02 - [MESSAGE][PASSED] - Text 'TC4.02_AutoTest_Chrome_Starpack_oyTkym6fqP_juin282022_142201' is set on object 'Object Repository/HL Full Lifecycle/4 CreateProjPage_inputProjectname'

2022-06-28 14:22:02 - [TEST_STEP][PASSED] - click(findTestObject("HL Full Lifecycle/4 CreateProjPage_Create Project_Bluebutton")): Object: 'Object Repository/HL Full Lifecycle/4 CreateProjPage_Create Project_Bluebutton' is clicked on

2022-06-28 14:22:08 - [MESSAGE][PASSED] - Object: 'Object Repository/HL Full Lifecycle/4 CreateProjPage_Create Project_Bluebutton' is clicked on

2022-06-28 14:22:08 - [TEST_STEP][PASSED] - delay(1): Delayed 1 second(s)

2022-06-28 14:22:09 - [MESSAGE][PASSED] - Delayed 1 second(s)

2022-06-28 14:22:09 - [TEST_STEP][PASSED] - takeScreenshot(): Taking screenshot successfully

2022-06-28 14:22:10 - [MESSAGE][PASSED] - Taking screenshot successfully
[[ATTACHMENT|D:\\Projet Test Auto\\Mediabox Test Automation\\Reports\\20220628_140216\\4618_TestStarpack\\TS\\02.TestStarPack Full Lifecycle _Change of Rights_SAS\\20220628_140217\\1656418930118.png]]

2022-06-28 14:22:10 - [TEST_STEP][PASSED] - selectOptionByValue(findTestObject("1. Constant/01_id_field_id", ["field_id":"var_98"]), "122", false): All options with value '122' are selected in object 'Object Repository/1. Constant/01_id_field_id' 

2022-06-28 14:22:11 - [MESSAGE][PASSED] - All options with value '122' are selected in object 'Object Repository/1. Constant/01_id_field_id' 

2022-06-28 14:22:11 - [TEST_STEP][PASSED] - delay(2): Delayed 2 second(s)

2022-06-28 14:22:13 - [MESSAGE][PASSED] - Delayed 2 second(s)

2022-06-28 14:22:13 - [TEST_STEP][PASSED] - selectOptionByValue(findTestObject("1. Constant/01_id_field_id", ["field_id":"var_9"]), "amartin_arbol", false): All options with value 'amartin_arbol' are selected in object 'Object Repository/1. Constant/01_id_field_id' 

2022-06-28 14:22:13 - [MESSAGE][PASSED] - All options with value 'amartin_arbol' are selected in object 'Object Repository/1. Constant/01_id_field_id' 

2022-06-28 14:22:13 - [TEST_STEP][PASSED] - delay(1): Delayed 1 second(s)

2022-06-28 14:22:14 - [MESSAGE][PASSED] - Delayed 1 second(s)

2022-06-28 14:22:14 - [TEST_STEP][PASSED] - selectOptionByValue(findTestObject("1. Constant/01_id_field_id", ["field_id":"var_10"]), "aterreshernandez", false): All options with value 'aterreshernandez' are selected in object 'Object Repository/1. Constant/01_id_field_id' 

2022-06-28 14:22:15 - [MESSAGE][PASSED] - All options with value 'aterreshernandez' are selected in object 'Object Repository/1. Constant/01_id_field_id' 

2022-06-28 14:22:15 - [TEST_STEP][PASSED] - delay(1): Delayed 1 second(s)

2022-06-28 14:22:16 - [MESSAGE][PASSED] - Delayed 1 second(s)

2022-06-28 14:22:16 - [TEST_STEP][PASSED] - selectOptionByValue(findTestObject("Object Repository/xxx Todelete/1.4 ModifyProPage_MF(IDP)"), "nalonsobermejo", true): All options with value 'nalonsobermejo' are selected in object 'Object Repository/xxx Todelete/1.4 ModifyProPage_MF(IDP)'  using regular expression

2022-06-28 14:22:17 - [MESSAGE][PASSED] - All options with value 'nalonsobermejo' are selected in object 'Object Repository/xxx Todelete/1.4 ModifyProPage_MF(IDP)'  using regular expression

2022-06-28 14:22:17 - [TEST_STEP][PASSED] - delay(1): Delayed 1 second(s)

2022-06-28 14:22:18 - [MESSAGE][PASSED] - Delayed 1 second(s)

2022-06-28 14:22:18 - [TEST_STEP][PASSED] - click(findTestObject("Object Repository/xxx Todelete/1.41 ModifyProPage_AddMF")): Object: 'Object Repository/xxx Todelete/1.41 ModifyProPage_AddMF' is clicked on

2022-06-28 14:22:19 - [MESSAGE][PASSED] - Object: 'Object Repository/xxx Todelete/1.41 ModifyProPage_AddMF' is clicked on

2022-06-28 14:22:19 - [TEST_STEP][PASSED] - delay(1): Delayed 1 second(s)

2022-06-28 14:22:20 - [MESSAGE][PASSED] - Delayed 1 second(s)

2022-06-28 14:22:20 - [TEST_STEP][PASSED] - selectOptionByValue(findTestObject("1. Constant/01_id_field_id", ["field_id":"var_15"]), "292", false): All options with value '292' are selected in object 'Object Repository/1. Constant/01_id_field_id' 

2022-06-28 14:22:21 - [MESSAGE][PASSED] - All options with value '292' are selected in object 'Object Repository/1. Constant/01_id_field_id' 

2022-06-28 14:22:21 - [TEST_STEP][PASSED] - delay(1): Delayed 1 second(s)

2022-06-28 14:22:22 - [MESSAGE][PASSED] - Delayed 1 second(s)

2022-06-28 14:22:22 - [TEST_STEP][PASSED] - selectOptionByValue(findTestObject("1. Constant/01_id_field_id", ["field_id":"var_26"]), "94", false): All options with value '94' are selected in object 'Object Repository/1. Constant/01_id_field_id' 

2022-06-28 14:22:22 - [MESSAGE][PASSED] - All options with value '94' are selected in object 'Object Repository/1. Constant/01_id_field_id' 

2022-06-28 14:22:22 - [TEST_STEP][PASSED] - delay(1): Delayed 1 second(s)

2022-06-28 14:22:23 - [MESSAGE][PASSED] - Delayed 1 second(s)

2022-06-28 14:22:23 - [TEST_STEP][PASSED] - selectOptionByValue(findTestObject("1. Constant/01_id_field_id", ["field_id":"var_12"]), "94", false): All options with value '94' are selected in object 'Object Repository/1. Constant/01_id_field_id' 

2022-06-28 14:22:24 - [MESSAGE][PASSED] - All options with value '94' are selected in object 'Object Repository/1. Constant/01_id_field_id' 

2022-06-28 14:22:24 - [TEST_STEP][PASSED] - delay(1): Delayed 1 second(s)

2022-06-28 14:22:25 - [MESSAGE][PASSED] - Delayed 1 second(s)

2022-06-28 14:22:25 - [TEST_STEP][PASSED] - selectOptionByValue(findTestObject("1. Constant/01_id_field_id", ["field_id":"var_27"]), "734", false): All options with value '734' are selected in object 'Object Repository/1. Constant/01_id_field_id' 

2022-06-28 14:22:26 - [MESSAGE][PASSED] - All options with value '734' are selected in object 'Object Repository/1. Constant/01_id_field_id' 

2022-06-28 14:22:26 - [TEST_STEP][PASSED] - delay(1): Delayed 1 second(s)

2022-06-28 14:22:27 - [MESSAGE][PASSED] - Delayed 1 second(s)

2022-06-28 14:22:27 - [TEST_STEP][PASSED] - selectOptionByValue(findTestObject("1. Constant/01_id_field_id", ["field_id":"var_71"]), "efood", false): All options with value 'efood' are selected in object 'Object Repository/1. Constant/01_id_field_id' 

2022-06-28 14:22:28 - [MESSAGE][PASSED] - All options with value 'efood' are selected in object 'Object Repository/1. Constant/01_id_field_id' 

2022-06-28 14:22:28 - [TEST_STEP][PASSED] - delay(1): Delayed 1 second(s)

2022-06-28 14:22:29 - [MESSAGE][PASSED] - Delayed 1 second(s)

2022-06-28 14:22:29 - [TEST_STEP][PASSED] - takeScreenshot(): Taking screenshot successfully

2022-06-28 14:22:29 - [MESSAGE][PASSED] - Taking screenshot successfully
[[ATTACHMENT|D:\\Projet Test Auto\\Mediabox Test Automation\\Reports\\20220628_140216\\4618_TestStarpack\\TS\\02.TestStarPack Full Lifecycle _Change of Rights_SAS\\20220628_140217\\1656418949483.png]]

2022-06-28 14:22:29 - [TEST_STEP][PASSED] - delay(5): Delayed 5 second(s)

2022-06-28 14:22:34 - [MESSAGE][PASSED] - Delayed 5 second(s)

2022-06-28 14:22:34 - [TEST_STEP][PASSED] - click(findTestObject("HL Full Lifecycle/5 ModifyProjPage_button_Update")): Object: 'Object Repository/HL Full Lifecycle/5 ModifyProjPage_button_Update' is clicked on

2022-06-28 14:22:38 - [MESSAGE][PASSED] - Object: 'Object Repository/HL Full Lifecycle/5 ModifyProjPage_button_Update' is clicked on

2022-06-28 14:22:38 - [TEST_STEP][PASSED] - delay(2): Delayed 2 second(s)

2022-06-28 14:22:40 - [MESSAGE][PASSED] - Delayed 2 second(s)

2022-06-28 14:22:40 - [TEST_STEP][PASSED] - Project_No = I.ProjectNo(): Current window's url is: 'https://mdb-v3-test.diadeis.com/Mediabox4618/Base/ExecAction?IDSession=MBI%21TESTAUTO_STARPACK_4618%216NTWWZ5LJRUJOY1XS7HGLALOUNZ9JUYLVI6SQ5B6&default_action=AfficheFichesProjet&id_project=MI001285'

2022-06-28 14:22:45 - [MESSAGE][PASSED] - Delayed 5 second(s)

2022-06-28 14:22:45 - [MESSAGE][PASSED] - Current window's url is: 'https://mdb-v3-test.diadeis.com/Mediabox4618/Base/ExecAction?IDSession=MBI%21TESTAUTO_STARPACK_4618%216NTWWZ5LJRUJOY1XS7HGLALOUNZ9JUYLVI6SQ5B6&default_action=AfficheFichesProjet&id_project=MI001285'

2022-06-28 14:22:45 - [TEST_STEP][PASSED] - delay(2): Delayed 2 second(s)

2022-06-28 14:22:47 - [MESSAGE][PASSED] - Delayed 2 second(s)

2022-06-28 14:22:47 - [TEST_STEP][PASSED] - click(findTestObject("HL Full Lifecycle/6 ReferenceListPage_createrefbutton")): Object: 'Object Repository/HL Full Lifecycle/6 ReferenceListPage_createrefbutton' is clicked on

2022-06-28 14:22:47 - [MESSAGE][PASSED] - Object: 'Object Repository/HL Full Lifecycle/6 ReferenceListPage_createrefbutton' is clicked on

2022-06-28 14:22:47 - [TEST_STEP][PASSED] - click(findTestObject("HL Full Lifecycle/6 ReferenceListPaga_Create a component_button")): Object: 'Object Repository/HL Full Lifecycle/6 ReferenceListPaga_Create a component_button' is clicked on

2022-06-28 14:22:49 - [MESSAGE][PASSED] - Object: 'Object Repository/HL Full Lifecycle/6 ReferenceListPaga_Create a component_button' is clicked on

2022-06-28 14:22:49 - [TEST_STEP][PASSED] - waitForPageLoad(10): Wait for page load successfully

2022-06-28 14:22:50 - [MESSAGE][PASSED] - Wait for page load successfully

2022-06-28 14:22:50 - [TEST_STEP][PASSED] - takeScreenshot(): Taking screenshot successfully

2022-06-28 14:22:50 - [MESSAGE][PASSED] - Taking screenshot successfully
[[ATTACHMENT|D:\\Projet Test Auto\\Mediabox Test Automation\\Reports\\20220628_140216\\4618_TestStarpack\\TS\\02.TestStarPack Full Lifecycle _Change of Rights_SAS\\20220628_140217\\1656418970431.png]]

2022-06-28 14:22:50 - [TEST_STEP][PASSED] - selectOptionByValue(findTestObject("1. Constant/01_id_field_id", ["field_id":"ref_type"]), "6", false): All options with value '6' are selected in object 'Object Repository/1. Constant/01_id_field_id' 

2022-06-28 14:22:53 - [MESSAGE][PASSED] - All options with value '6' are selected in object 'Object Repository/1. Constant/01_id_field_id' 

2022-06-28 14:22:53 - [TEST_STEP][PASSED] - click(findTestObject("HL Full Lifecycle/6 ReferencePg_Create a component_bluebutton")): Object: 'Object Repository/HL Full Lifecycle/6 ReferencePg_Create a component_bluebutton' is clicked on

2022-06-28 14:22:59 - [MESSAGE][PASSED] - Object: 'Object Repository/HL Full Lifecycle/6 ReferencePg_Create a component_bluebutton' is clicked on

2022-06-28 14:22:59 - [TEST_STEP][PASSED] - refID = I.RefID(): Current window's url is: 'https://mdb-v3-test.diadeis.com/Mediabox4618/Base/ExecAction?IDSession=MBI%21TESTAUTO_STARPACK_4618%216NTWWZ5LJRUJOY1XS7HGLALOUNZ9JUYLVI6SQ5B6&default_action=ModifierRef&id_project=MI001285&id_ref=6403&action_from=create_ref'

2022-06-28 14:23:04 - [MESSAGE][PASSED] - Delayed 5 second(s)

2022-06-28 14:23:04 - [MESSAGE][PASSED] - Current window's url is: 'https://mdb-v3-test.diadeis.com/Mediabox4618/Base/ExecAction?IDSession=MBI%21TESTAUTO_STARPACK_4618%216NTWWZ5LJRUJOY1XS7HGLALOUNZ9JUYLVI6SQ5B6&default_action=ModifierRef&id_project=MI001285&id_ref=6403&action_from=create_ref'

2022-06-28 14:23:04 - [TEST_STEP][PASSED] - out.println(refID): null

2022-06-28 14:23:04 - [TEST_STEP][PASSED] - takeScreenshot(): Taking screenshot successfully

2022-06-28 14:23:04 - [MESSAGE][PASSED] - Taking screenshot successfully
[[ATTACHMENT|D:\\Projet Test Auto\\Mediabox Test Automation\\Reports\\20220628_140216\\4618_TestStarpack\\TS\\02.TestStarPack Full Lifecycle _Change of Rights_SAS\\20220628_140217\\1656418984350.png]]

2022-06-28 14:23:04 - [TEST_STEP][PASSED] - sendKeys(findTestObject("1. Constant/01_id_field_id", ["field_id":"var_28"]), "209293"): Keys '209293' sent to object: 'Object Repository/1. Constant/01_id_field_id'

2022-06-28 14:23:05 - [MESSAGE][PASSED] - Keys '209293' sent to object: 'Object Repository/1. Constant/01_id_field_id'

2022-06-28 14:23:05 - [TEST_STEP][PASSED] - sendKeys(findTestObject("1. Constant/01_id_field_id", ["field_id":"var_30"]), "test Submarca"): Keys 'test Submarca' sent to object: 'Object Repository/1. Constant/01_id_field_id'

2022-06-28 14:23:05 - [MESSAGE][PASSED] - Keys 'test Submarca' sent to object: 'Object Repository/1. Constant/01_id_field_id'

2022-06-28 14:23:05 - [TEST_STEP][PASSED] - sendKeys(findTestObject("1. Constant/01_id_field_id", ["field_id":"var_31"]), "test Submarca Vínculo con bulto: test Submarca"): Keys 'test Submarca Vínculo con bulto: test Submarca' sent to object: 'Object Repository/1. Constant/01_id_field_id'

2022-06-28 14:23:06 - [MESSAGE][PASSED] - Keys 'test Submarca Vínculo con bulto: test Submarca' sent to object: 'Object Repository/1. Constant/01_id_field_id'

2022-06-28 14:23:06 - [TEST_STEP][PASSED] - selectOptionByValue(findTestObject("1. Constant/01_id_field_id", ["field_id":"var_38"]), "24", false): All options with value '24' are selected in object 'Object Repository/1. Constant/01_id_field_id' 

2022-06-28 14:23:07 - [MESSAGE][PASSED] - All options with value '24' are selected in object 'Object Repository/1. Constant/01_id_field_id' 

2022-06-28 14:23:07 - [TEST_STEP][PASSED] - sendKeys(findTestObject("1. Constant/01_id_field_id", ["field_id":"var_39"]), "8480017155061"): Keys '8480017155061' sent to object: 'Object Repository/1. Constant/01_id_field_id'

2022-06-28 14:23:07 - [MESSAGE][PASSED] - Keys '8480017155061' sent to object: 'Object Repository/1. Constant/01_id_field_id'

2022-06-28 14:23:07 - [TEST_STEP][PASSED] - selectOptionByValue(findTestObject("1. Constant/01_id_field_id", ["field_id":"selSource_19"]), "22", false): All options with value '22' are selected in object 'Object Repository/1. Constant/01_id_field_id' 

2022-06-28 14:23:08 - [MESSAGE][PASSED] - All options with value '22' are selected in object 'Object Repository/1. Constant/01_id_field_id' 

2022-06-28 14:23:08 - [TEST_STEP][PASSED] - click(findTestObject("Object Repository/xxx Todelete/2.01 ModifyRef_Pais")): Object: 'Object Repository/xxx Todelete/2.01 ModifyRef_Pais' is clicked on

2022-06-28 14:23:09 - [MESSAGE][PASSED] - Object: 'Object Repository/xxx Todelete/2.01 ModifyRef_Pais' is clicked on

2022-06-28 14:23:09 - [TEST_STEP][PASSED] - selectOptionByValue(findTestObject("1. Constant/01_id_field_id", ["field_id":"var_75"]), "26", false): All options with value '26' are selected in object 'Object Repository/1. Constant/01_id_field_id' 

2022-06-28 14:23:09 - [MESSAGE][PASSED] - All options with value '26' are selected in object 'Object Repository/1. Constant/01_id_field_id' 

2022-06-28 14:23:09 - [TEST_STEP][PASSED] - click(findTestObject("HL Full Lifecycle/7 ModifyRefPage_button_Save")): Object: 'Object Repository/HL Full Lifecycle/7 ModifyRefPage_button_Save' is clicked on

2022-06-28 14:23:15 - [MESSAGE][PASSED] - Object: 'Object Repository/HL Full Lifecycle/7 ModifyRefPage_button_Save' is clicked on

2022-06-28 14:23:15 - [TEST_STEP][PASSED] - click(findTestObject("1. Constant/xpath", ["xpath":"/html/body/div[1]/div[2]/div[4]/div[3]/div/div[2]/div[2]/div[1]/table/tbody/tr[2]/td[10]/a[3]"])): Object: 'Object Repository/1. Constant/xpath' is clicked on

2022-06-28 14:23:19 - [MESSAGE][PASSED] - Object: 'Object Repository/1. Constant/xpath' is clicked on

2022-06-28 14:23:19 - [TEST_STEP][PASSED] - click(findTestObject("Object Repository/StarPack - Full Lifecycle (AWIS)/2.031 RefPg_AnnaSubmit", ["id":"1"])): Object: 'Object Repository/StarPack - Full Lifecycle (AWIS)/2.031 RefPg_AnnaSubmit' is clicked on

2022-06-28 14:23:29 - [MESSAGE][PASSED] - Object: 'Object Repository/StarPack - Full Lifecycle (AWIS)/2.031 RefPg_AnnaSubmit' is clicked on

2022-06-28 14:23:29 - [TEST_STEP][PASSED] - click(findTestObject("Object Repository/StarPack - Full Lifecycle (AWIS)/2.03 Block anna")): Object: 'Object Repository/StarPack - Full Lifecycle (AWIS)/2.03 Block anna' is clicked on

2022-06-28 14:23:32 - [MESSAGE][PASSED] - Object: 'Object Repository/StarPack - Full Lifecycle (AWIS)/2.03 Block anna' is clicked on

2022-06-28 14:23:32 - [TEST_STEP][PASSED] - I.click_button_javascript(findTestObject("Object Repository/StarPack - Full Lifecycle (AWIS)/2.041 Field daughter (NO)", ["id":"1"])): Execute JavaScript 'arguments[0].click()' successfully

2022-06-28 14:23:33 - [MESSAGE][PASSED] - Execute JavaScript 'arguments[0].click()' successfully

2022-06-28 14:23:33 - [TEST_STEP][PASSED] - I.click_button_javascript(findTestObject("Object Repository/StarPack - Full Lifecycle (AWIS)/2.041 Field daughter (NO)", ["id":"2"])): Execute JavaScript 'arguments[0].click()' successfully

2022-06-28 14:23:33 - [MESSAGE][PASSED] - Execute JavaScript 'arguments[0].click()' successfully

2022-06-28 14:23:33 - [TEST_STEP][PASSED] - I.click_button_javascript(findTestObject("Object Repository/StarPack - Full Lifecycle (AWIS)/2.041 Field daughter (NO)", ["id":"3"])): Execute JavaScript 'arguments[0].click()' successfully

2022-06-28 14:23:34 - [MESSAGE][PASSED] - Execute JavaScript 'arguments[0].click()' successfully

2022-06-28 14:23:34 - [TEST_STEP][PASSED] - I.Pagedown(): Execute JavaScript 'window.scrollTo(0, document.body.scrollHeight)' successfully

2022-06-28 14:23:34 - [MESSAGE][PASSED] - Execute JavaScript 'window.scrollTo(0, document.body.scrollHeight)' successfully

2022-06-28 14:23:34 - [TEST_STEP][PASSED] - click(findTestObject("Object Repository/StarPack - Full Lifecycle (AWIS)/2.05 RefPg_submit")): Object: 'Object Repository/StarPack - Full Lifecycle (AWIS)/2.05 RefPg_submit' is clicked on

2022-06-28 14:23:41 - [MESSAGE][PASSED] - Object: 'Object Repository/StarPack - Full Lifecycle (AWIS)/2.05 RefPg_submit' is clicked on

2022-06-28 14:23:41 - [TEST_STEP][PASSED] - delay(2): Delayed 2 second(s)

2022-06-28 14:23:43 - [MESSAGE][PASSED] - Delayed 2 second(s)

2022-06-28 14:23:43 - [TEST_STEP][PASSED] - takeScreenshot(): Taking screenshot successfully

2022-06-28 14:23:43 - [MESSAGE][PASSED] - Taking screenshot successfully
[[ATTACHMENT|D:\\Projet Test Auto\\Mediabox Test Automation\\Reports\\20220628_140216\\4618_TestStarpack\\TS\\02.TestStarPack Full Lifecycle _Change of Rights_SAS\\20220628_140217\\1656419023643.png]]

2022-06-28 14:23:43 - [TEST_STEP][PASSED] - color1 = getCSSValue(findTestObject("1. Constant/xpath", ["xpath":"/html/body/div[1]/div[2]/div[4]/div[3]/div/div[2]/div[2]/div[1]/table/tbody/tr[2]/td[10]/a[2]"]), "color", OPTIONAL): Get CSS 'color' value on 'Object Repository/1. Constant/xpath' successfully: 'rgba(255, 255, 255, 1)'.

2022-06-28 14:23:44 - [MESSAGE][PASSED] - Get CSS 'color' value on 'Object Repository/1. Constant/xpath' successfully: 'rgba(255, 255, 255, 1)'.

2022-06-28 14:23:44 - [TEST_STEP][PASSED] - I.print(color1): null

2022-06-28 14:23:44 - [TEST_STEP][PASSED] - while (color1 == "rgba(255, 255, 255, 1)"): null

2022-06-28 14:23:44 - [TEST_STEP][PASSED] - click(findTestObject("1. Constant/xpath", ["xpath":"/html/body/div[1]/div[2]/div[4]/div[3]/div/div[2]/div[2]/div[1]/table/tbody/tr[2]/td[10]/a[2]"])): Object: 'Object Repository/1. Constant/xpath' is clicked on

2022-06-28 14:23:46 - [MESSAGE][PASSED] - Object: 'Object Repository/1. Constant/xpath' is clicked on

2022-06-28 14:23:46 - [TEST_STEP][PASSED] - takeScreenshot(): Taking screenshot successfully

2022-06-28 14:23:47 - [MESSAGE][PASSED] - Taking screenshot successfully
[[ATTACHMENT|D:\\Projet Test Auto\\Mediabox Test Automation\\Reports\\20220628_140216\\4618_TestStarpack\\TS\\02.TestStarPack Full Lifecycle _Change of Rights_SAS\\20220628_140217\\1656419026824.png]]

2022-06-28 14:23:47 - [TEST_STEP][PASSED] - I.UploadDoc_sendkey_Prod(findTestObject("1. Constant/xpath", ["xpath":"//*[@id="kt_body"]/input[2]"]), "D:\Upoad_File\Upload doc\testdataaddition1.jpg", "testdataaddition1.jpg"): Delayed 5 second(s)

2022-06-28 14:23:47 - [MESSAGE][PASSED] - Scroll to object 'Object Repository/1. Constant/xpath' successfully

2022-06-28 14:23:52 - [MESSAGE][PASSED] - Delayed 5 second(s)

2022-06-28 14:23:52 - [MESSAGE][PASSED] - File 'D:\Upoad_File\Upload doc\testdataaddition1.jpg' sent to object: 'Object Repository/1. Constant/xpath'

2022-06-28 14:23:57 - [MESSAGE][PASSED] - Delayed 5 second(s)

2022-06-28 14:23:58 - [MESSAGE][PASSED] - Text 'testdataaddition1.jpg' is present on page 

2022-06-28 14:24:03 - [MESSAGE][PASSED] - Delayed 5 second(s)

2022-06-28 14:24:08 - [MESSAGE][PASSED] - Delayed 5 second(s)

2022-06-28 14:24:08 - [TEST_STEP][PASSED] - takeScreenshot(): Taking screenshot successfully

2022-06-28 14:24:08 - [MESSAGE][PASSED] - Taking screenshot successfully
[[ATTACHMENT|D:\\Projet Test Auto\\Mediabox Test Automation\\Reports\\20220628_140216\\4618_TestStarpack\\TS\\02.TestStarPack Full Lifecycle _Change of Rights_SAS\\20220628_140217\\1656419048557.png]]

2022-06-28 14:24:08 - [TEST_STEP][PASSED] - delay(10): Delayed 10 second(s)

2022-06-28 14:24:18 - [MESSAGE][PASSED] - Delayed 10 second(s)

2022-06-28 14:24:18 - [TEST_STEP][PASSED] - I.click_button_javascript(findTestObject("1. Constant/xpath", ["xpath":"//*[@id="ModifFiche"]/div[1]/div/button"])): Execute JavaScript 'arguments[0].click()' successfully

2022-06-28 14:24:27 - [MESSAGE][PASSED] - Execute JavaScript 'arguments[0].click()' successfully

2022-06-28 14:24:27 - [TEST_STEP][PASSED] - delay(5): Delayed 5 second(s)

2022-06-28 14:24:32 - [MESSAGE][PASSED] - Delayed 5 second(s)

2022-06-28 14:24:32 - [TEST_STEP][PASSED] - if (verifyElementPresent(findTestObject("1. Constant/xpath", ["xpath":"/html/body/div[1]/div[2]/div[4]/div[3]/div/div[2]/div[2]/div[1]/table/tbody/tr[2]/td[10]/a[2]"]), 10, OPTIONAL)): null

2022-06-28 14:24:32 - [MESSAGE][PASSED] - Object 'Object Repository/1. Constant/xpath' is present

2022-06-28 14:24:32 - [TEST_STEP][PASSED] - color1 = getCSSValue(findTestObject("1. Constant/xpath", ["xpath":"/html/body/div[1]/div[2]/div[4]/div[3]/div/div[2]/div[2]/div[1]/table/tbody/tr[2]/td[10]/a[2]"]), "color", OPTIONAL): Get CSS 'color' value on 'Object Repository/1. Constant/xpath' successfully: 'rgba(54, 153, 255, 1)'.

2022-06-28 14:24:33 - [MESSAGE][PASSED] - Get CSS 'color' value on 'Object Repository/1. Constant/xpath' successfully: 'rgba(54, 153, 255, 1)'.

2022-06-28 14:24:33 - [TEST_STEP][PASSED] - I.Logout(): Delayed 3 second(s)

2022-06-28 14:24:36 - [MESSAGE][PASSED] - Delayed 3 second(s)

2022-06-28 14:24:36 - [MESSAGE][PASSED] - Object: 'Object Repository/1. Constant/xpath' is clicked on

2022-06-28 14:24:39 - [MESSAGE][PASSED] - Delayed 3 second(s)

2022-06-28 14:24:41 - [MESSAGE][PASSED] - Object: 'Object Repository/1. Constant/xpath' is clicked on

2022-06-28 14:24:44 - [MESSAGE][PASSED] - Delayed 3 second(s)

2022-06-28 14:24:44 - [TEST_STEP][PASSED] - I.Login_password("aterreshernandez", password_aterreshernandez): Object: 'Object Repository/1. Constant/xpath' is clicked on

2022-06-28 14:24:45 - [MESSAGE][PASSED] - Text 'aterreshernandez' is set on object 'Object Repository/1. Constant/xpath'

2022-06-28 14:24:46 - [MESSAGE][PASSED] - Delayed 1 second(s)

2022-06-28 14:24:47 - [MESSAGE][PASSED] - Text 'dchi' is set on object 'Object Repository/1. Constant/xpath'

2022-06-28 14:24:48 - [MESSAGE][PASSED] - Delayed 1 second(s)

2022-06-28 14:24:51 - [MESSAGE][PASSED] - Object: 'Object Repository/1. Constant/xpath' is clicked on

2022-06-28 14:24:51 - [TEST_STEP][PASSED] - takeScreenshot(): Taking screenshot successfully

2022-06-28 14:24:52 - [MESSAGE][PASSED] - Taking screenshot successfully
[[ATTACHMENT|D:\\Projet Test Auto\\Mediabox Test Automation\\Reports\\20220628_140216\\4618_TestStarpack\\TS\\02.TestStarPack Full Lifecycle _Change of Rights_SAS\\20220628_140217\\1656419092141.png]]

2022-06-28 14:24:52 - [TEST_STEP][PASSED] - click(findTestObject("1. Constant/02_LHSMenu_Projects")): Object: 'Object Repository/1. Constant/02_LHSMenu_Projects' is clicked on

2022-06-28 14:24:56 - [MESSAGE][PASSED] - Object: 'Object Repository/1. Constant/02_LHSMenu_Projects' is clicked on

2022-06-28 14:24:56 - [TEST_STEP][PASSED] - I.SearchProjectNo(Project_No, findTestObject("1. Constant/xpath", ["xpath":"//*[@id="form_filters"]/div[7]/button"])): Delayed 5 second(s)

2022-06-28 14:24:57 - [MESSAGE][PASSED] - Text 'MI001285' is set on object 'Object Repository/1. Constant/xpath'

2022-06-28 14:25:00 - [MESSAGE][PASSED] - Delayed 3 second(s)

2022-06-28 14:25:04 - [MESSAGE][PASSED] - Object: 'Object Repository/1. Constant/xpath' is clicked on

2022-06-28 14:25:09 - [MESSAGE][PASSED] - Delayed 5 second(s)

2022-06-28 14:25:09 - [TEST_STEP][PASSED] - click(findTestObject("1. Constant/xpath", ["xpath":"/html/body/div[1]/div[2]/div[4]/div[3]/div/div[2]/div[2]/div[1]/table/tbody/tr[2]/td[12]/a[2]"])): Object: 'Object Repository/1. Constant/xpath' is clicked on

2022-06-28 14:25:12 - [MESSAGE][PASSED] - Object: 'Object Repository/1. Constant/xpath' is clicked on

2022-06-28 14:25:12 - [TEST_STEP][PASSED] - delay(2): Delayed 2 second(s)

2022-06-28 14:25:14 - [MESSAGE][PASSED] - Delayed 2 second(s)

2022-06-28 14:25:14 - [TEST_STEP][PASSED] - I.AWF_approve_view(): Object: 'Object Repository/HL Full Lifecycle/Function_Appbutton2' is clicked on

2022-06-28 14:25:14 - [MESSAGE][PASSED] - Wait for page load successfully

2022-06-28 14:25:24 - [MESSAGE][PASSED] - Delayed 10 second(s)

2022-06-28 14:25:24 - [MESSAGE][PASSED] - Object: 'Object Repository/HL Full Lifecycle/Function_access Viewer2' is hovered

2022-06-28 14:25:27 - [MESSAGE][PASSED] - Delayed 3 second(s)

2022-06-28 14:25:28 - [MESSAGE][PASSED] - Object: 'Object Repository/HL Full Lifecycle/Function_access Viewer2' is clicked on

2022-06-28 14:25:33 - [MESSAGE][PASSED] - Delayed 5 second(s)

2022-06-28 14:25:33 - [MESSAGE][PASSED] - Object: 'Object Repository/HL Full Lifecycle/Function_AppButton' is clicked on

2022-06-28 14:25:38 - [MESSAGE][PASSED] - Delayed 5 second(s)

2022-06-28 14:25:46 - [MESSAGE][PASSED] - Object: 'Object Repository/HL Full Lifecycle/Function_Appbutton2' is clicked on

2022-06-28 14:25:46 - [TEST_STEP][PASSED] - I.Logout(): Delayed 3 second(s)

2022-06-28 14:25:49 - [MESSAGE][PASSED] - Delayed 3 second(s)

2022-06-28 14:25:49 - [MESSAGE][PASSED] - Object: 'Object Repository/1. Constant/xpath' is clicked on

2022-06-28 14:25:52 - [MESSAGE][PASSED] - Delayed 3 second(s)

2022-06-28 14:25:55 - [MESSAGE][PASSED] - Object: 'Object Repository/1. Constant/xpath' is clicked on

2022-06-28 14:25:58 - [MESSAGE][PASSED] - Delayed 3 second(s)

2022-06-28 14:25:58 - [TEST_STEP][PASSED] - I.Login_password("aherms", password_aherms): Object: 'Object Repository/1. Constant/xpath' is clicked on

2022-06-28 14:25:59 - [MESSAGE][PASSED] - Text 'aherms' is set on object 'Object Repository/1. Constant/xpath'

2022-06-28 14:26:00 - [MESSAGE][PASSED] - Delayed 1 second(s)

2022-06-28 14:26:00 - [MESSAGE][PASSED] - Text 'dchi3' is set on object 'Object Repository/1. Constant/xpath'

2022-06-28 14:26:01 - [MESSAGE][PASSED] - Delayed 1 second(s)

2022-06-28 14:26:03 - [MESSAGE][PASSED] - Object: 'Object Repository/1. Constant/xpath' is clicked on

2022-06-28 14:26:03 - [TEST_STEP][PASSED] - takeScreenshot(): Taking screenshot successfully

2022-06-28 14:26:05 - [MESSAGE][PASSED] - Taking screenshot successfully
[[ATTACHMENT|D:\\Projet Test Auto\\Mediabox Test Automation\\Reports\\20220628_140216\\4618_TestStarpack\\TS\\02.TestStarPack Full Lifecycle _Change of Rights_SAS\\20220628_140217\\1656419164917.png]]

2022-06-28 14:26:05 - [TEST_STEP][PASSED] - click(findTestObject("1. Constant/02_LHSMenu_Projects")): Object: 'Object Repository/1. Constant/02_LHSMenu_Projects' is clicked on

2022-06-28 14:26:12 - [MESSAGE][PASSED] - Object: 'Object Repository/1. Constant/02_LHSMenu_Projects' is clicked on

2022-06-28 14:26:12 - [TEST_STEP][PASSED] - I.SearchProjectNo(Project_No, findTestObject("HL Full Lifecycle/9 Filter_Button_Apply")): Delayed 5 second(s)

2022-06-28 14:26:14 - [MESSAGE][PASSED] - Text 'MI001285' is set on object 'Object Repository/1. Constant/xpath'

2022-06-28 14:26:17 - [MESSAGE][PASSED] - Delayed 3 second(s)

2022-06-28 14:26:20 - [MESSAGE][PASSED] - Object: 'Object Repository/HL Full Lifecycle/9 Filter_Button_Apply' is clicked on

2022-06-28 14:26:25 - [MESSAGE][PASSED] - Delayed 5 second(s)

2022-06-28 14:26:25 - [TEST_STEP][PASSED] - click(findTestObject("Object Repository/StarPack - Full Lifecycle (AWIS)/5.07 Agency1 id_refID_td8", ["refID":"source_" + refID])): Object: 'Object Repository/StarPack - Full Lifecycle (AWIS)/5.07 Agency1 id_refID_td8' is clicked on

2022-06-28 14:26:27 - [MESSAGE][PASSED] - Object: 'Object Repository/StarPack - Full Lifecycle (AWIS)/5.07 Agency1 id_refID_td8' is clicked on

2022-06-28 14:26:27 - [TEST_STEP][PASSED] - waitForPageLoad(5): Wait for page load successfully

2022-06-28 14:26:28 - [MESSAGE][PASSED] - Wait for page load successfully

2022-06-28 14:26:28 - [TEST_STEP][PASSED] - mouseOver(findTestObject("Object Repository/HL Full Lifecycle/Function_access Viewer2")): Object: 'Object Repository/HL Full Lifecycle/Function_access Viewer2' is hovered

2022-06-28 14:26:29 - [MESSAGE][PASSED] - Object: 'Object Repository/HL Full Lifecycle/Function_access Viewer2' is hovered

2022-06-28 14:26:29 - [TEST_STEP][PASSED] - delay(1): Delayed 1 second(s)

2022-06-28 14:26:30 - [MESSAGE][PASSED] - Delayed 1 second(s)

2022-06-28 14:26:30 - [TEST_STEP][PASSED] - click(findTestObject("Object Repository/HL Full Lifecycle/Function_access Viewer2")): Object: 'Object Repository/HL Full Lifecycle/Function_access Viewer2' is clicked on

2022-06-28 14:26:30 - [MESSAGE][PASSED] - Object: 'Object Repository/HL Full Lifecycle/Function_access Viewer2' is clicked on

2022-06-28 14:26:30 - [TEST_STEP][PASSED] - delay(1): Delayed 1 second(s)

2022-06-28 14:26:31 - [MESSAGE][PASSED] - Delayed 1 second(s)

2022-06-28 14:26:31 - [TEST_STEP][PASSED] - click(findTestObject("HL Full Lifecycle/Function_AppButton")): Object: 'Object Repository/HL Full Lifecycle/Function_AppButton' is clicked on

2022-06-28 14:26:32 - [MESSAGE][PASSED] - Object: 'Object Repository/HL Full Lifecycle/Function_AppButton' is clicked on

2022-06-28 14:26:32 - [TEST_STEP][PASSED] - delay(1): Delayed 1 second(s)

2022-06-28 14:26:33 - [MESSAGE][PASSED] - Delayed 1 second(s)

2022-06-28 14:26:33 - [TEST_STEP][PASSED] - click(findTestObject("xxx Todelete/xpath", ["xpath":"//*[@id="approvePermButton"]"])): Object: 'Object Repository/xxx Todelete/xpath' is clicked on

2022-06-28 14:26:38 - [MESSAGE][PASSED] - Object: 'Object Repository/xxx Todelete/xpath' is clicked on

2022-06-28 14:26:38 - [TEST_STEP][PASSED] - delay(1): Delayed 1 second(s)

2022-06-28 14:26:39 - [MESSAGE][PASSED] - Delayed 1 second(s)

2022-06-28 14:26:39 - [TEST_STEP][PASSED] - I.Logout(): Delayed 3 second(s)

2022-06-28 14:26:42 - [MESSAGE][PASSED] - Delayed 3 second(s)

2022-06-28 14:26:42 - [MESSAGE][PASSED] - Object: 'Object Repository/1. Constant/xpath' is clicked on

2022-06-28 14:26:45 - [MESSAGE][PASSED] - Delayed 3 second(s)

2022-06-28 14:26:47 - [MESSAGE][PASSED] - Object: 'Object Repository/1. Constant/xpath' is clicked on

2022-06-28 14:26:50 - [MESSAGE][PASSED] - Delayed 3 second(s)

2022-06-28 14:26:50 - [TEST_STEP][PASSED] - I.Login_password("amartin_arbol", password_amartin_arbol): Object: 'Object Repository/1. Constant/xpath' is clicked on

2022-06-28 14:26:51 - [MESSAGE][PASSED] - Text 'amartin_arbol' is set on object 'Object Repository/1. Constant/xpath'

2022-06-28 14:26:52 - [MESSAGE][PASSED] - Delayed 1 second(s)

2022-06-28 14:26:52 - [MESSAGE][PASSED] - Text 'dchi' is set on object 'Object Repository/1. Constant/xpath'

2022-06-28 14:26:53 - [MESSAGE][PASSED] - Delayed 1 second(s)

2022-06-28 14:26:56 - [MESSAGE][PASSED] - Object: 'Object Repository/1. Constant/xpath' is clicked on

2022-06-28 14:26:56 - [TEST_STEP][PASSED] - takeScreenshot(): Taking screenshot successfully

2022-06-28 14:26:57 - [MESSAGE][PASSED] - Taking screenshot successfully
[[ATTACHMENT|D:\\Projet Test Auto\\Mediabox Test Automation\\Reports\\20220628_140216\\4618_TestStarpack\\TS\\02.TestStarPack Full Lifecycle _Change of Rights_SAS\\20220628_140217\\1656419216942.png]]

2022-06-28 14:26:57 - [TEST_STEP][PASSED] - click(findTestObject("1. Constant/02_LHSMenu_Projects")): Object: 'Object Repository/1. Constant/02_LHSMenu_Projects' is clicked on

2022-06-28 14:27:00 - [MESSAGE][PASSED] - Object: 'Object Repository/1. Constant/02_LHSMenu_Projects' is clicked on

2022-06-28 14:27:00 - [TEST_STEP][PASSED] - I.SearchProjectNo(Project_No, findTestObject("HL Full Lifecycle/9 Filter_Button_Apply")): Delayed 5 second(s)

2022-06-28 14:27:01 - [MESSAGE][PASSED] - Text 'MI001285' is set on object 'Object Repository/1. Constant/xpath'

2022-06-28 14:27:04 - [MESSAGE][PASSED] - Delayed 3 second(s)

2022-06-28 14:27:07 - [MESSAGE][PASSED] - Object: 'Object Repository/HL Full Lifecycle/9 Filter_Button_Apply' is clicked on

2022-06-28 14:27:12 - [MESSAGE][PASSED] - Delayed 5 second(s)

2022-06-28 14:27:12 - [TEST_STEP][PASSED] - click(findTestObject("1. Constant/02_LHSMenu_Projects")): Object: 'Object Repository/1. Constant/02_LHSMenu_Projects' is clicked on

2022-06-28 14:27:13 - [MESSAGE][PASSED] - Object: 'Object Repository/1. Constant/02_LHSMenu_Projects' is clicked on

2022-06-28 14:27:13 - [TEST_STEP][PASSED] - click(findTestObject("Object Repository/StarPack - Full Lifecycle (AWIS)/5.04 Agency1 id_refID_td9_a2", ["refID":"source_" + refID])): Object: 'Object Repository/StarPack - Full Lifecycle (AWIS)/5.04 Agency1 id_refID_td9_a2' is clicked on

2022-06-28 14:27:16 - [MESSAGE][PASSED] - Object: 'Object Repository/StarPack - Full Lifecycle (AWIS)/5.04 Agency1 id_refID_td9_a2' is clicked on

2022-06-28 14:27:16 - [TEST_STEP][PASSED] - I.AWF_approve_view(): Object: 'Object Repository/HL Full Lifecycle/Function_Appbutton2' is clicked on

2022-06-28 14:27:17 - [MESSAGE][PASSED] - Wait for page load successfully

2022-06-28 14:27:27 - [MESSAGE][PASSED] - Delayed 10 second(s)

2022-06-28 14:27:27 - [MESSAGE][PASSED] - Object: 'Object Repository/HL Full Lifecycle/Function_access Viewer2' is hovered

2022-06-28 14:27:30 - [MESSAGE][PASSED] - Delayed 3 second(s)

2022-06-28 14:27:31 - [MESSAGE][PASSED] - Object: 'Object Repository/HL Full Lifecycle/Function_access Viewer2' is clicked on

2022-06-28 14:27:36 - [MESSAGE][PASSED] - Delayed 5 second(s)

2022-06-28 14:27:36 - [MESSAGE][PASSED] - Object: 'Object Repository/HL Full Lifecycle/Function_AppButton' is clicked on

2022-06-28 14:27:41 - [MESSAGE][PASSED] - Delayed 5 second(s)

2022-06-28 14:27:47 - [MESSAGE][PASSED] - Object: 'Object Repository/HL Full Lifecycle/Function_Appbutton2' is clicked on

2022-06-28 14:27:47 - [TEST_STEP][PASSED] - I.Logout(): Delayed 3 second(s)

2022-06-28 14:27:50 - [MESSAGE][PASSED] - Delayed 3 second(s)

2022-06-28 14:27:51 - [MESSAGE][PASSED] - Object: 'Object Repository/1. Constant/xpath' is clicked on

2022-06-28 14:27:54 - [MESSAGE][PASSED] - Delayed 3 second(s)

2022-06-28 14:27:56 - [MESSAGE][PASSED] - Object: 'Object Repository/1. Constant/xpath' is clicked on

2022-06-28 14:27:59 - [MESSAGE][PASSED] - Delayed 3 second(s)

2022-06-28 14:27:59 - [TEST_STEP][PASSED] - I.Login_password("aterreshernandez", password_aterreshernandez): Object: 'Object Repository/1. Constant/xpath' is clicked on

2022-06-28 14:28:00 - [MESSAGE][PASSED] - Text 'aterreshernandez' is set on object 'Object Repository/1. Constant/xpath'

2022-06-28 14:28:01 - [MESSAGE][PASSED] - Delayed 1 second(s)

2022-06-28 14:28:01 - [MESSAGE][PASSED] - Text 'dchi' is set on object 'Object Repository/1. Constant/xpath'

2022-06-28 14:28:02 - [MESSAGE][PASSED] - Delayed 1 second(s)

2022-06-28 14:28:06 - [MESSAGE][PASSED] - Object: 'Object Repository/1. Constant/xpath' is clicked on

2022-06-28 14:28:06 - [TEST_STEP][PASSED] - takeScreenshot(): Taking screenshot successfully

2022-06-28 14:28:06 - [MESSAGE][PASSED] - Taking screenshot successfully
[[ATTACHMENT|D:\\Projet Test Auto\\Mediabox Test Automation\\Reports\\20220628_140216\\4618_TestStarpack\\TS\\02.TestStarPack Full Lifecycle _Change of Rights_SAS\\20220628_140217\\1656419286407.png]]

2022-06-28 14:28:06 - [TEST_STEP][PASSED] - click(findTestObject("1. Constant/02_LHSMenu_Projects")): Object: 'Object Repository/1. Constant/02_LHSMenu_Projects' is clicked on

2022-06-28 14:28:09 - [MESSAGE][PASSED] - Object: 'Object Repository/1. Constant/02_LHSMenu_Projects' is clicked on

2022-06-28 14:28:09 - [TEST_STEP][PASSED] - I.SearchProjectNo(Project_No, findTestObject("1. Constant/xpath", ["xpath":"//*[@id="form_filters"]/div[7]/button"])): Delayed 5 second(s)

2022-06-28 14:28:10 - [MESSAGE][PASSED] - Text 'MI001285' is set on object 'Object Repository/1. Constant/xpath'

2022-06-28 14:28:13 - [MESSAGE][PASSED] - Delayed 3 second(s)

2022-06-28 14:28:18 - [MESSAGE][PASSED] - Object: 'Object Repository/1. Constant/xpath' is clicked on

2022-06-28 14:28:23 - [MESSAGE][PASSED] - Delayed 5 second(s)

2022-06-28 14:28:23 - [TEST_STEP][PASSED] - click(findTestObject("1. Constant/xpath", ["xpath":"/html/body/div[1]/div[2]/div[4]/div[3]/div/div[2]/div[2]/div[1]/table/tbody/tr[2]/td[12]/a[2]"])): Object: 'Object Repository/1. Constant/xpath' is clicked on

2022-06-28 14:28:26 - [MESSAGE][PASSED] - Object: 'Object Repository/1. Constant/xpath' is clicked on

2022-06-28 14:28:26 - [TEST_STEP][PASSED] - delay(3): Delayed 3 second(s)

2022-06-28 14:28:29 - [MESSAGE][PASSED] - Delayed 3 second(s)

2022-06-28 14:28:29 - [TEST_STEP][PASSED] - I.AWF_approve_view(): Object: 'Object Repository/HL Full Lifecycle/Function_Appbutton2' is clicked on

2022-06-28 14:28:29 - [MESSAGE][PASSED] - Wait for page load successfully

2022-06-28 14:28:39 - [MESSAGE][PASSED] - Delayed 10 second(s)

2022-06-28 14:28:40 - [MESSAGE][PASSED] - Object: 'Object Repository/HL Full Lifecycle/Function_access Viewer2' is hovered

2022-06-28 14:28:43 - [MESSAGE][PASSED] - Delayed 3 second(s)

2022-06-28 14:28:43 - [MESSAGE][PASSED] - Object: 'Object Repository/HL Full Lifecycle/Function_access Viewer2' is clicked on

2022-06-28 14:28:48 - [MESSAGE][PASSED] - Delayed 5 second(s)

2022-06-28 14:28:48 - [MESSAGE][PASSED] - Object: 'Object Repository/HL Full Lifecycle/Function_AppButton' is clicked on

2022-06-28 14:28:53 - [MESSAGE][PASSED] - Delayed 5 second(s)

2022-06-28 14:28:58 - [MESSAGE][PASSED] - Object: 'Object Repository/HL Full Lifecycle/Function_Appbutton2' is clicked on

2022-06-28 14:28:58 - [TEST_STEP][PASSED] - I.Logout(): Delayed 3 second(s)

2022-06-28 14:29:01 - [MESSAGE][PASSED] - Delayed 3 second(s)

2022-06-28 14:29:02 - [MESSAGE][PASSED] - Object: 'Object Repository/1. Constant/xpath' is clicked on

2022-06-28 14:29:05 - [MESSAGE][PASSED] - Delayed 3 second(s)

2022-06-28 14:29:07 - [MESSAGE][PASSED] - Object: 'Object Repository/1. Constant/xpath' is clicked on

2022-06-28 14:29:10 - [MESSAGE][PASSED] - Delayed 3 second(s)

2022-06-28 14:29:10 - [TEST_STEP][PASSED] - I.Login_password("agluszczynska", password_agluszczynska): Object: 'Object Repository/1. Constant/xpath' is clicked on

2022-06-28 14:29:11 - [MESSAGE][PASSED] - Text 'agluszczynska' is set on object 'Object Repository/1. Constant/xpath'

2022-06-28 14:29:12 - [MESSAGE][PASSED] - Delayed 1 second(s)

2022-06-28 14:29:12 - [MESSAGE][PASSED] - Text 'dchi3' is set on object 'Object Repository/1. Constant/xpath'

2022-06-28 14:29:13 - [MESSAGE][PASSED] - Delayed 1 second(s)

2022-06-28 14:29:18 - [MESSAGE][PASSED] - Object: 'Object Repository/1. Constant/xpath' is clicked on

2022-06-28 14:29:18 - [TEST_STEP][PASSED] - takeScreenshot(): Taking screenshot successfully

2022-06-28 14:29:18 - [MESSAGE][PASSED] - Taking screenshot successfully
[[ATTACHMENT|D:\\Projet Test Auto\\Mediabox Test Automation\\Reports\\20220628_140216\\4618_TestStarpack\\TS\\02.TestStarPack Full Lifecycle _Change of Rights_SAS\\20220628_140217\\1656419358358.png]]

2022-06-28 14:29:18 - [TEST_STEP][PASSED] - click(findTestObject("1. Constant/02_LHSMenu_Projects")): Object: 'Object Repository/1. Constant/02_LHSMenu_Projects' is clicked on

2022-06-28 14:29:22 - [MESSAGE][PASSED] - Object: 'Object Repository/1. Constant/02_LHSMenu_Projects' is clicked on

2022-06-28 14:29:22 - [TEST_STEP][PASSED] - I.SearchProjectNo(Project_No, findTestObject("HL Full Lifecycle/9 Filter_Button_Apply")): Delayed 5 second(s)

2022-06-28 14:29:22 - [MESSAGE][PASSED] - Text 'MI001285' is set on object 'Object Repository/1. Constant/xpath'

2022-06-28 14:29:25 - [MESSAGE][PASSED] - Delayed 3 second(s)

2022-06-28 14:29:29 - [MESSAGE][PASSED] - Object: 'Object Repository/HL Full Lifecycle/9 Filter_Button_Apply' is clicked on

2022-06-28 14:29:34 - [MESSAGE][PASSED] - Delayed 5 second(s)

2022-06-28 14:29:34 - [TEST_STEP][PASSED] - click(findTestObject("Object Repository/StarPack - Full Lifecycle (AWIS)/5.04 Agency1 id_refID_td9_a2", ["refID":"source_" + refID])): Object: 'Object Repository/StarPack - Full Lifecycle (AWIS)/5.04 Agency1 id_refID_td9_a2' is clicked on

2022-06-28 14:29:37 - [MESSAGE][PASSED] - Object: 'Object Repository/StarPack - Full Lifecycle (AWIS)/5.04 Agency1 id_refID_td9_a2' is clicked on

2022-06-28 14:29:37 - [TEST_STEP][PASSED] - I.UploadDoc_sendkey_field("//*[@id="var_25"]", "D:\Upoad_File\Upload doc\testdata1.pdf", "testdata1"): Text 'testdata1' is present on page 

2022-06-28 14:29:39 - [MESSAGE][PASSED] - Delayed 2 second(s)

2022-06-28 14:29:39 - [MESSAGE][PASSED] - Keys 'D:\Upoad_File\Upload doc\testdata1.pdf' sent to object: 'Object Repository/1. Constant/xpath'

2022-06-28 14:29:40 - [MESSAGE][PASSED] - Text 'testdata1' is present on page 

2022-06-28 14:29:40 - [TEST_STEP][PASSED] - click(findTestObject("1. Constant/xpath", ["xpath":"//*[@id="ModifFiche"]/div[3]/div/button[2]"])): Object: 'Object Repository/1. Constant/xpath' is clicked on

2022-06-28 14:29:47 - [MESSAGE][PASSED] - Object: 'Object Repository/1. Constant/xpath' is clicked on

2022-06-28 14:29:47 - [TEST_STEP][PASSED] - I.Logout(): Delayed 3 second(s)

2022-06-28 14:29:50 - [MESSAGE][PASSED] - Delayed 3 second(s)

2022-06-28 14:29:51 - [MESSAGE][PASSED] - Object: 'Object Repository/1. Constant/xpath' is clicked on

2022-06-28 14:29:54 - [MESSAGE][PASSED] - Delayed 3 second(s)

2022-06-28 14:29:58 - [MESSAGE][PASSED] - Object: 'Object Repository/1. Constant/xpath' is clicked on

2022-06-28 14:30:01 - [MESSAGE][PASSED] - Delayed 3 second(s)

2022-06-28 14:30:01 - [TEST_STEP][PASSED] - I.Login_password("aherms", password_aherms): Object: 'Object Repository/1. Constant/xpath' is clicked on

2022-06-28 14:30:01 - [MESSAGE][PASSED] - Text 'aherms' is set on object 'Object Repository/1. Constant/xpath'

2022-06-28 14:30:02 - [MESSAGE][PASSED] - Delayed 1 second(s)

2022-06-28 14:30:03 - [MESSAGE][PASSED] - Text 'dchi3' is set on object 'Object Repository/1. Constant/xpath'

2022-06-28 14:30:04 - [MESSAGE][PASSED] - Delayed 1 second(s)

2022-06-28 14:30:07 - [MESSAGE][PASSED] - Object: 'Object Repository/1. Constant/xpath' is clicked on

2022-06-28 14:30:07 - [TEST_STEP][PASSED] - takeScreenshot(): Taking screenshot successfully

2022-06-28 14:30:08 - [MESSAGE][PASSED] - Taking screenshot successfully
[[ATTACHMENT|D:\\Projet Test Auto\\Mediabox Test Automation\\Reports\\20220628_140216\\4618_TestStarpack\\TS\\02.TestStarPack Full Lifecycle _Change of Rights_SAS\\20220628_140217\\1656419408248.png]]

2022-06-28 14:30:08 - [TEST_STEP][PASSED] - click(findTestObject("1. Constant/02_LHSMenu_Projects")): Object: 'Object Repository/1. Constant/02_LHSMenu_Projects' is clicked on

2022-06-28 14:30:17 - [MESSAGE][PASSED] - Object: 'Object Repository/1. Constant/02_LHSMenu_Projects' is clicked on

2022-06-28 14:30:17 - [TEST_STEP][PASSED] - I.SearchProjectNo(Project_No, findTestObject("HL Full Lifecycle/9 Filter_Button_Apply")): Delayed 5 second(s)

2022-06-28 14:30:18 - [MESSAGE][PASSED] - Text 'MI001285' is set on object 'Object Repository/1. Constant/xpath'

2022-06-28 14:30:21 - [MESSAGE][PASSED] - Delayed 3 second(s)

2022-06-28 14:30:27 - [MESSAGE][PASSED] - Object: 'Object Repository/HL Full Lifecycle/9 Filter_Button_Apply' is clicked on

2022-06-28 14:30:32 - [MESSAGE][PASSED] - Delayed 5 second(s)

2022-06-28 14:30:32 - [TEST_STEP][PASSED] - color2 = getCSSValue(findTestObject("Object Repository/StarPack - Full Lifecycle (AWIS)/5.04 Agency1 id_refID_td9_a2", ["refID":"source_" + refID]), "color", OPTIONAL): Get CSS 'color' value on 'Object Repository/StarPack - Full Lifecycle (AWIS)/5.04 Agency1 id_refID_td9_a2' successfully: 'rgba(255, 255, 255, 1)'.

2022-06-28 14:30:32 - [MESSAGE][PASSED] - Get CSS 'color' value on 'Object Repository/StarPack - Full Lifecycle (AWIS)/5.04 Agency1 id_refID_td9_a2' successfully: 'rgba(255, 255, 255, 1)'.

2022-06-28 14:30:32 - [TEST_STEP][PASSED] - I.print(color2): null

2022-06-28 14:30:32 - [TEST_STEP][PASSED] - while (color2 == "rgba(255, 255, 255, 1)"): null

2022-06-28 14:30:32 - [TEST_STEP][PASSED] - click(findTestObject("Object Repository/StarPack - Full Lifecycle (AWIS)/5.04 Agency1 id_refID_td9_a2", ["refID":"source_" + refID])): Object: 'Object Repository/StarPack - Full Lifecycle (AWIS)/5.04 Agency1 id_refID_td9_a2' is clicked on

2022-06-28 14:30:35 - [MESSAGE][PASSED] - Object: 'Object Repository/StarPack - Full Lifecycle (AWIS)/5.04 Agency1 id_refID_td9_a2' is clicked on

2022-06-28 14:30:35 - [TEST_STEP][PASSED] - takeScreenshot(): Taking screenshot successfully

2022-06-28 14:30:36 - [MESSAGE][PASSED] - Taking screenshot successfully
[[ATTACHMENT|D:\\Projet Test Auto\\Mediabox Test Automation\\Reports\\20220628_140216\\4618_TestStarpack\\TS\\02.TestStarPack Full Lifecycle _Change of Rights_SAS\\20220628_140217\\1656419435770.png]]

2022-06-28 14:30:36 - [TEST_STEP][PASSED] - I.UploadDoc_sendkey_Prod(findTestObject("1. Constant/xpath", ["xpath":"//*[@id="kt_body"]/input[2]"]), "D:\Upoad_File\Upload doc\testdataaddition1.jpg", "testdataaddition1.jpg"): Delayed 5 second(s)

2022-06-28 14:30:36 - [MESSAGE][PASSED] - Scroll to object 'Object Repository/1. Constant/xpath' successfully

2022-06-28 14:30:41 - [MESSAGE][PASSED] - Delayed 5 second(s)

2022-06-28 14:30:41 - [MESSAGE][PASSED] - File 'D:\Upoad_File\Upload doc\testdataaddition1.jpg' sent to object: 'Object Repository/1. Constant/xpath'

2022-06-28 14:30:46 - [MESSAGE][PASSED] - Delayed 5 second(s)

2022-06-28 14:30:47 - [MESSAGE][PASSED] - Text 'testdataaddition1.jpg' is present on page 

2022-06-28 14:30:52 - [MESSAGE][PASSED] - Delayed 5 second(s)

2022-06-28 14:30:57 - [MESSAGE][PASSED] - Delayed 5 second(s)

2022-06-28 14:30:57 - [TEST_STEP][PASSED] - takeScreenshot(): Taking screenshot successfully

2022-06-28 14:30:57 - [MESSAGE][PASSED] - Taking screenshot successfully
[[ATTACHMENT|D:\\Projet Test Auto\\Mediabox Test Automation\\Reports\\20220628_140216\\4618_TestStarpack\\TS\\02.TestStarPack Full Lifecycle _Change of Rights_SAS\\20220628_140217\\1656419457637.png]]

2022-06-28 14:30:57 - [TEST_STEP][PASSED] - delay(10): Delayed 10 second(s)

2022-06-28 14:31:07 - [MESSAGE][PASSED] - Delayed 10 second(s)

2022-06-28 14:31:07 - [TEST_STEP][PASSED] - I.click_button_javascript(findTestObject("1. Constant/xpath", ["xpath":"//*[@id="ModifFiche"]/div[1]/div/button"])): Execute JavaScript 'arguments[0].click()' successfully

2022-06-28 14:31:14 - [MESSAGE][PASSED] - Execute JavaScript 'arguments[0].click()' successfully

2022-06-28 14:31:14 - [TEST_STEP][PASSED] - delay(5): Delayed 5 second(s)

2022-06-28 14:31:20 - [MESSAGE][PASSED] - Delayed 5 second(s)

2022-06-28 14:31:20 - [TEST_STEP][PASSED] - if (verifyElementPresent(findTestObject("Object Repository/StarPack - Full Lifecycle (AWIS)/5.04 Agency1 id_refID_td9_a2", ["refID":"source_" + refID]), 10, OPTIONAL)): com.kms.katalon.core.webui.exception.WebElementNotFoundException: Web element with id: 'Object Repository/StarPack - Full Lifecycle (AWIS)/5.04 Agency1 id_refID_td9_a2' located by '//*[@id="source_6403"]/td[9]/a[2] ' not found (Root cause: com.kms.katalon.core.exception.StepFailedException: com.kms.katalon.core.webui.exception.WebElementNotFoundException: Web element with id: 'Object Repository/StarPack - Full Lifecycle (AWIS)/5.04 Agency1 id_refID_td9_a2' located by '//*[@id="source_6403"]/td[9]/a[2] ' not found
	at com.kms.katalon.core.webui.keyword.internal.WebUIKeywordMain.stepFailed(WebUIKeywordMain.groovy:64)
	at com.kms.katalon.core.webui.keyword.builtin.VerifyElementPresentKeyword$_verifyElementPresent_closure1.doCall(VerifyElementPresentKeyword.groovy:85)
	at com.kms.katalon.core.webui.keyword.builtin.VerifyElementPresentKeyword$_verifyElementPresent_closure1.call(VerifyElementPresentKeyword.groovy)
	at com.kms.katalon.core.webui.keyword.internal.WebUIKeywordMain.runKeyword(WebUIKeywordMain.groovy:20)
	at com.kms.katalon.core.webui.keyword.builtin.VerifyElementPresentKeyword.verifyElementPresent(VerifyElementPresentKeyword.groovy:92)
	at com.kms.katalon.core.webui.keyword.builtin.VerifyElementPresentKeyword.execute(VerifyElementPresentKeyword.groovy:68)
	at com.kms.katalon.core.keyword.internal.KeywordExecutor.executeKeywordForPlatform(KeywordExecutor.groovy:74)
	at com.kms.katalon.core.webui.keyword.WebUiBuiltInKeywords.verifyElementPresent(WebUiBuiltInKeywords.groovy:1448)
	at com.kms.katalon.core.webui.keyword.WebUiBuiltInKeywords$verifyElementPresent$18.call(Unknown Source)
	at 4.02 Star Pack Full Lifecycle - AWIS (Chrome)_Sans_Ref_filles.run(4.02 Star Pack Full Lifecycle - AWIS (Chrome)_Sans_Ref_filles:508)
	at com.kms.katalon.core.main.ScriptEngine.run(ScriptEngine.java:194)
	at com.kms.katalon.core.main.ScriptEngine.runScriptAsRawText(ScriptEngine.java:119)
	at com.kms.katalon.core.main.TestCaseExecutor.runScript(TestCaseExecutor.java:445)
	at com.kms.katalon.core.main.TestCaseExecutor.doExecute(TestCaseExecutor.java:436)
	at com.kms.katalon.core.main.TestCaseExecutor.processExecutionPhase(TestCaseExecutor.java:415)
	at com.kms.katalon.core.main.TestCaseExecutor.accessMainPhase(TestCaseExecutor.java:407)
	at com.kms.katalon.core.main.TestCaseExecutor.execute(TestCaseExecutor.java:284)
	at com.kms.katalon.core.common.CommonExecutor.accessTestCaseMainPhase(CommonExecutor.java:65)
	at com.kms.katalon.core.main.TestSuiteExecutor.accessTestSuiteMainPhase(TestSuiteExecutor.java:144)
	at com.kms.katalon.core.main.TestSuiteExecutor.execute(TestSuiteExecutor.java:106)
	at com.kms.katalon.core.main.TestCaseMain.startTestSuite(TestCaseMain.java:185)
	at com.kms.katalon.core.main.TestCaseMain$startTestSuite$0.call(Unknown Source)
	at TempTestSuite1656417737756.run(TempTestSuite1656417737756.groovy:36)
)

2022-06-28 14:31:31 - [MESSAGE][INFO] - Unable to find the element located by 'By.xpath: //*[@id="source_6403"]/td[9]/a[2] '. Please recheck the objects properties to make sure the desired element is located. 

2022-06-28 14:31:31 - [MESSAGE][WARNING] - com.kms.katalon.core.webui.exception.WebElementNotFoundException: Web element with id: 'Object Repository/StarPack - Full Lifecycle (AWIS)/5.04 Agency1 id_refID_td9_a2' located by '//*[@id="source_6403"]/td[9]/a[2] ' not found (Root cause: com.kms.katalon.core.exception.StepFailedException: com.kms.katalon.core.webui.exception.WebElementNotFoundException: Web element with id: 'Object Repository/StarPack - Full Lifecycle (AWIS)/5.04 Agency1 id_refID_td9_a2' located by '//*[@id="source_6403"]/td[9]/a[2] ' not found
	at com.kms.katalon.core.webui.keyword.internal.WebUIKeywordMain.stepFailed(WebUIKeywordMain.groovy:64)
	at com.kms.katalon.core.webui.keyword.builtin.VerifyElementPresentKeyword$_verifyElementPresent_closure1.doCall(VerifyElementPresentKeyword.groovy:85)
	at com.kms.katalon.core.webui.keyword.builtin.VerifyElementPresentKeyword$_verifyElementPresent_closure1.call(VerifyElementPresentKeyword.groovy)
	at com.kms.katalon.core.webui.keyword.internal.WebUIKeywordMain.runKeyword(WebUIKeywordMain.groovy:20)
	at com.kms.katalon.core.webui.keyword.builtin.VerifyElementPresentKeyword.verifyElementPresent(VerifyElementPresentKeyword.groovy:92)
	at com.kms.katalon.core.webui.keyword.builtin.VerifyElementPresentKeyword.execute(VerifyElementPresentKeyword.groovy:68)
	at com.kms.katalon.core.keyword.internal.KeywordExecutor.executeKeywordForPlatform(KeywordExecutor.groovy:74)
	at com.kms.katalon.core.webui.keyword.WebUiBuiltInKeywords.verifyElementPresent(WebUiBuiltInKeywords.groovy:1448)
	at com.kms.katalon.core.webui.keyword.WebUiBuiltInKeywords$verifyElementPresent$18.call(Unknown Source)
	at 4.02 Star Pack Full Lifecycle - AWIS (Chrome)_Sans_Ref_filles.run(4.02 Star Pack Full Lifecycle - AWIS (Chrome)_Sans_Ref_filles:508)
	at com.kms.katalon.core.main.ScriptEngine.run(ScriptEngine.java:194)
	at com.kms.katalon.core.main.ScriptEngine.runScriptAsRawText(ScriptEngine.java:119)
	at com.kms.katalon.core.main.TestCaseExecutor.runScript(TestCaseExecutor.java:445)
	at com.kms.katalon.core.main.TestCaseExecutor.doExecute(TestCaseExecutor.java:436)
	at com.kms.katalon.core.main.TestCaseExecutor.processExecutionPhase(TestCaseExecutor.java:415)
	at com.kms.katalon.core.main.TestCaseExecutor.accessMainPhase(TestCaseExecutor.java:407)
	at com.kms.katalon.core.main.TestCaseExecutor.execute(TestCaseExecutor.java:284)
	at com.kms.katalon.core.common.CommonExecutor.accessTestCaseMainPhase(CommonExecutor.java:65)
	at com.kms.katalon.core.main.TestSuiteExecutor.accessTestSuiteMainPhase(TestSuiteExecutor.java:144)
	at com.kms.katalon.core.main.TestSuiteExecutor.execute(TestSuiteExecutor.java:106)
	at com.kms.katalon.core.main.TestCaseMain.startTestSuite(TestCaseMain.java:185)
	at com.kms.katalon.core.main.TestCaseMain$startTestSuite$0.call(Unknown Source)
	at TempTestSuite1656417737756.run(TempTestSuite1656417737756.groovy:36)
)
[[ATTACHMENT|D:\\Projet Test Auto\\Mediabox Test Automation\\Reports\\20220628_140216\\4618_TestStarpack\\TS\\02.TestStarPack Full Lifecycle _Change of Rights_SAS\\20220628_140217\\1656419491329.png]]

2022-06-28 14:31:31 - [TEST_STEP][PASSED] - else: null

2022-06-28 14:31:31 - [TEST_STEP][PASSED] - color2 = "white": null

2022-06-28 14:31:31 - [TEST_STEP][PASSED] - I.Logout(): Delayed 3 second(s)

2022-06-28 14:31:34 - [MESSAGE][PASSED] - Delayed 3 second(s)

2022-06-28 14:31:35 - [MESSAGE][PASSED] - Object: 'Object Repository/1. Constant/xpath' is clicked on

2022-06-28 14:31:38 - [MESSAGE][PASSED] - Delayed 3 second(s)

2022-06-28 14:31:39 - [MESSAGE][PASSED] - Object: 'Object Repository/1. Constant/xpath' is clicked on

2022-06-28 14:31:42 - [MESSAGE][PASSED] - Delayed 3 second(s)

2022-06-28 14:31:42 - [TEST_STEP][PASSED] - I.Login_password("aterreshernandez", password_aterreshernandez): Object: 'Object Repository/1. Constant/xpath' is clicked on

2022-06-28 14:31:43 - [MESSAGE][PASSED] - Text 'aterreshernandez' is set on object 'Object Repository/1. Constant/xpath'

2022-06-28 14:31:44 - [MESSAGE][PASSED] - Delayed 1 second(s)

2022-06-28 14:31:45 - [MESSAGE][PASSED] - Text 'dchi' is set on object 'Object Repository/1. Constant/xpath'

2022-06-28 14:31:46 - [MESSAGE][PASSED] - Delayed 1 second(s)

2022-06-28 14:31:51 - [MESSAGE][PASSED] - Object: 'Object Repository/1. Constant/xpath' is clicked on

2022-06-28 14:31:51 - [TEST_STEP][PASSED] - takeScreenshot(): Taking screenshot successfully

2022-06-28 14:31:52 - [MESSAGE][PASSED] - Taking screenshot successfully
[[ATTACHMENT|D:\\Projet Test Auto\\Mediabox Test Automation\\Reports\\20220628_140216\\4618_TestStarpack\\TS\\02.TestStarPack Full Lifecycle _Change of Rights_SAS\\20220628_140217\\1656419511804.png]]

2022-06-28 14:31:52 - [TEST_STEP][PASSED] - click(findTestObject("1. Constant/02_LHSMenu_Projects")): Object: 'Object Repository/1. Constant/02_LHSMenu_Projects' is clicked on

2022-06-28 14:31:55 - [MESSAGE][PASSED] - Object: 'Object Repository/1. Constant/02_LHSMenu_Projects' is clicked on

2022-06-28 14:31:55 - [TEST_STEP][PASSED] - I.SearchProjectNo(Project_No, findTestObject("1. Constant/xpath", ["xpath":"//*[@id="form_filters"]/div[7]/button"])): Delayed 5 second(s)

2022-06-28 14:31:56 - [MESSAGE][PASSED] - Text 'MI001285' is set on object 'Object Repository/1. Constant/xpath'

2022-06-28 14:31:59 - [MESSAGE][PASSED] - Delayed 3 second(s)

2022-06-28 14:32:03 - [MESSAGE][PASSED] - Object: 'Object Repository/1. Constant/xpath' is clicked on

2022-06-28 14:32:08 - [MESSAGE][PASSED] - Delayed 5 second(s)

2022-06-28 14:32:08 - [TEST_STEP][PASSED] - click(findTestObject("1. Constant/xpath", ["xpath":"/html/body/div[1]/div[2]/div[4]/div[3]/div/div[2]/div[2]/div[1]/table/tbody/tr[2]/td[12]/a[2]"])): Object: 'Object Repository/1. Constant/xpath' is clicked on

2022-06-28 14:32:11 - [MESSAGE][PASSED] - Object: 'Object Repository/1. Constant/xpath' is clicked on

2022-06-28 14:32:11 - [TEST_STEP][PASSED] - I.AWF_approve_view(): Object: 'Object Repository/HL Full Lifecycle/Function_Appbutton2' is clicked on

2022-06-28 14:32:13 - [MESSAGE][PASSED] - Wait for page load successfully

2022-06-28 14:32:23 - [MESSAGE][PASSED] - Delayed 10 second(s)

2022-06-28 14:32:23 - [MESSAGE][PASSED] - Object: 'Object Repository/HL Full Lifecycle/Function_access Viewer2' is hovered

2022-06-28 14:32:26 - [MESSAGE][PASSED] - Delayed 3 second(s)

2022-06-28 14:32:27 - [MESSAGE][PASSED] - Object: 'Object Repository/HL Full Lifecycle/Function_access Viewer2' is clicked on

2022-06-28 14:32:32 - [MESSAGE][PASSED] - Delayed 5 second(s)

2022-06-28 14:32:32 - [MESSAGE][PASSED] - Object: 'Object Repository/HL Full Lifecycle/Function_AppButton' is clicked on

2022-06-28 14:32:37 - [MESSAGE][PASSED] - Delayed 5 second(s)

2022-06-28 14:32:48 - [MESSAGE][PASSED] - Object: 'Object Repository/HL Full Lifecycle/Function_Appbutton2' is clicked on

2022-06-28 14:32:48 - [TEST_STEP][PASSED] - I.Logout(): Delayed 3 second(s)

2022-06-28 14:32:51 - [MESSAGE][PASSED] - Delayed 3 second(s)

2022-06-28 14:32:52 - [MESSAGE][PASSED] - Object: 'Object Repository/1. Constant/xpath' is clicked on

2022-06-28 14:32:55 - [MESSAGE][PASSED] - Delayed 3 second(s)

2022-06-28 14:32:57 - [MESSAGE][PASSED] - Object: 'Object Repository/1. Constant/xpath' is clicked on

2022-06-28 14:33:00 - [MESSAGE][PASSED] - Delayed 3 second(s)

2022-06-28 14:33:00 - [TEST_STEP][PASSED] - I.Login_password("aherms", password_aherms): Object: 'Object Repository/1. Constant/xpath' is clicked on

2022-06-28 14:33:00 - [MESSAGE][PASSED] - Text 'aherms' is set on object 'Object Repository/1. Constant/xpath'

2022-06-28 14:33:01 - [MESSAGE][PASSED] - Delayed 1 second(s)

2022-06-28 14:33:02 - [MESSAGE][PASSED] - Text 'dchi3' is set on object 'Object Repository/1. Constant/xpath'

2022-06-28 14:33:03 - [MESSAGE][PASSED] - Delayed 1 second(s)

2022-06-28 14:33:06 - [MESSAGE][PASSED] - Object: 'Object Repository/1. Constant/xpath' is clicked on

2022-06-28 14:33:06 - [TEST_STEP][PASSED] - takeScreenshot(): Taking screenshot successfully

2022-06-28 14:33:07 - [MESSAGE][PASSED] - Taking screenshot successfully
[[ATTACHMENT|D:\\Projet Test Auto\\Mediabox Test Automation\\Reports\\20220628_140216\\4618_TestStarpack\\TS\\02.TestStarPack Full Lifecycle _Change of Rights_SAS\\20220628_140217\\1656419587337.png]]

2022-06-28 14:33:07 - [TEST_STEP][PASSED] - click(findTestObject("1. Constant/02_LHSMenu_Projects")): Object: 'Object Repository/1. Constant/02_LHSMenu_Projects' is clicked on

2022-06-28 14:33:15 - [MESSAGE][PASSED] - Object: 'Object Repository/1. Constant/02_LHSMenu_Projects' is clicked on

2022-06-28 14:33:15 - [TEST_STEP][PASSED] - I.SearchProjectNo(Project_No, findTestObject("HL Full Lifecycle/9 Filter_Button_Apply")): Delayed 5 second(s)

2022-06-28 14:33:16 - [MESSAGE][PASSED] - Text 'MI001285' is set on object 'Object Repository/1. Constant/xpath'

2022-06-28 14:33:19 - [MESSAGE][PASSED] - Delayed 3 second(s)

2022-06-28 14:33:23 - [MESSAGE][PASSED] - Object: 'Object Repository/HL Full Lifecycle/9 Filter_Button_Apply' is clicked on

2022-06-28 14:33:28 - [MESSAGE][PASSED] - Delayed 5 second(s)

2022-06-28 14:33:28 - [TEST_STEP][PASSED] - click(findTestObject("Object Repository/StarPack - Full Lifecycle (AWIS)/5.04 Agency1 id_refID_td9_a2", ["refID":"source_" + refID])): Object: 'Object Repository/StarPack - Full Lifecycle (AWIS)/5.04 Agency1 id_refID_td9_a2' is clicked on

2022-06-28 14:33:30 - [MESSAGE][PASSED] - Object: 'Object Repository/StarPack - Full Lifecycle (AWIS)/5.04 Agency1 id_refID_td9_a2' is clicked on

2022-06-28 14:33:30 - [TEST_STEP][PASSED] - setText(findTestObject("1. Constant/01_id_field_id", ["field_id":"var_48"]), "Número de seguimiento del envío de la muestra de packagingmandatory"): Text 'Número de seguimiento del envío de la muestra de packagingmandatory' is set on object 'Object Repository/1. Constant/01_id_field_id'

2022-06-28 14:33:31 - [MESSAGE][PASSED] - Text 'Número de seguimiento del envío de la muestra de packagingmandatory' is set on object 'Object Repository/1. Constant/01_id_field_id'

2022-06-28 14:33:31 - [TEST_STEP][PASSED] - click(findTestObject("1. Constant/xpath", ["xpath":"//*[@id="ModifFiche"]/div[3]/div/button[2]"])): Object: 'Object Repository/1. Constant/xpath' is clicked on

2022-06-28 14:33:38 - [MESSAGE][PASSED] - Object: 'Object Repository/1. Constant/xpath' is clicked on

2022-06-28 14:33:38 - [TEST_STEP][PASSED] - I.Logout(): Delayed 3 second(s)

2022-06-28 14:33:41 - [MESSAGE][PASSED] - Delayed 3 second(s)

2022-06-28 14:33:42 - [MESSAGE][PASSED] - Object: 'Object Repository/1. Constant/xpath' is clicked on

2022-06-28 14:33:45 - [MESSAGE][PASSED] - Delayed 3 second(s)

2022-06-28 14:33:47 - [MESSAGE][PASSED] - Object: 'Object Repository/1. Constant/xpath' is clicked on

2022-06-28 14:33:50 - [MESSAGE][PASSED] - Delayed 3 second(s)

2022-06-28 14:33:50 - [TEST_STEP][PASSED] - I.Login_password("aterreshernandez", password_aterreshernandez): Object: 'Object Repository/1. Constant/xpath' is clicked on

2022-06-28 14:33:51 - [MESSAGE][PASSED] - Text 'aterreshernandez' is set on object 'Object Repository/1. Constant/xpath'

2022-06-28 14:33:52 - [MESSAGE][PASSED] - Delayed 1 second(s)

2022-06-28 14:33:53 - [MESSAGE][PASSED] - Text 'dchi' is set on object 'Object Repository/1. Constant/xpath'

2022-06-28 14:33:54 - [MESSAGE][PASSED] - Delayed 1 second(s)

2022-06-28 14:33:58 - [MESSAGE][PASSED] - Object: 'Object Repository/1. Constant/xpath' is clicked on

2022-06-28 14:33:58 - [TEST_STEP][PASSED] - takeScreenshot(): Taking screenshot successfully

2022-06-28 14:33:58 - [MESSAGE][PASSED] - Taking screenshot successfully
[[ATTACHMENT|D:\\Projet Test Auto\\Mediabox Test Automation\\Reports\\20220628_140216\\4618_TestStarpack\\TS\\02.TestStarPack Full Lifecycle _Change of Rights_SAS\\20220628_140217\\1656419638517.png]]

2022-06-28 14:33:58 - [TEST_STEP][PASSED] - click(findTestObject("1. Constant/02_LHSMenu_Projects")): Object: 'Object Repository/1. Constant/02_LHSMenu_Projects' is clicked on

2022-06-28 14:34:01 - [MESSAGE][PASSED] - Object: 'Object Repository/1. Constant/02_LHSMenu_Projects' is clicked on

2022-06-28 14:34:01 - [TEST_STEP][PASSED] - I.SearchProjectNo(Project_No, findTestObject("1. Constant/xpath", ["xpath":"//*[@id="form_filters"]/div[7]/button"])): Delayed 5 second(s)

2022-06-28 14:34:02 - [MESSAGE][PASSED] - Text 'MI001285' is set on object 'Object Repository/1. Constant/xpath'

2022-06-28 14:34:05 - [MESSAGE][PASSED] - Delayed 3 second(s)

2022-06-28 14:34:09 - [MESSAGE][PASSED] - Object: 'Object Repository/1. Constant/xpath' is clicked on

2022-06-28 14:34:14 - [MESSAGE][PASSED] - Delayed 5 second(s)

2022-06-28 14:34:14 - [TEST_STEP][PASSED] - click(findTestObject("1. Constant/xpath", ["xpath":"/html/body/div[1]/div[2]/div[4]/div[3]/div/div[2]/div[2]/div[1]/table/tbody/tr[2]/td[12]/a[2]"])): Object: 'Object Repository/1. Constant/xpath' is clicked on

2022-06-28 14:34:20 - [MESSAGE][PASSED] - Object: 'Object Repository/1. Constant/xpath' is clicked on

2022-06-28 14:34:20 - [TEST_STEP][PASSED] - I.status_lifecycle(findTestObject("1. Constant/xpath", ["xpath":"/html/body/div[1]/div[2]/div[4]/div[3]/div/div[2]/div[2]/div[1]/table/tbody/tr[2]/td[7]/span"]), "Completado"): Status contain Completado.

2022-06-28 14:34:21 - [MESSAGE][PASSED] - Text of object 'Object Repository/1. Constant/xpath' is: 'Completado'

2022-06-28 14:34:21 - [MESSAGE][PASSED] - Status contain Completado.

2022-06-28 14:34:21 - [TEST_STEP][PASSED] - takeScreenshot(): Taking screenshot successfully

2022-06-28 14:34:21 - [MESSAGE][PASSED] - Taking screenshot successfully
[[ATTACHMENT|D:\\Projet Test Auto\\Mediabox Test Automation\\Reports\\20220628_140216\\4618_TestStarpack\\TS\\02.TestStarPack Full Lifecycle _Change of Rights_SAS\\20220628_140217\\1656419661521.png]]

2022-06-28 14:34:21 - [TEST_STEP][PASSED] - closeBrowser(): Browser is closed

2022-06-28 14:34:22 - [MESSAGE][PASSED] - Browser is closed

2022-06-28 14:34:22 - [TEST_STEP][PASSED] - Start listener action : sampleAfterTestCase: null]]></system-out>
         <system-err><![CDATA[]]></system-err>
      </testcase>
      <testcase name="Test Cases/04. Star pack Full Lifecycle - AIS _ Long name Artwork without info/4.03 Star Pack Support action _ flashback (Chrome)" time="589.494" classname="Test Cases/04. Star pack Full Lifecycle - AIS _ Long name Artwork without info/4.03 Star Pack Support action _ flashback (Chrome)" status="PASSED">
         <system-out><![CDATA[2022-06-28 14:34:22 - [TEST_CASE][PASSED] - Test Cases/04. Star pack Full Lifecycle - AIS _ Long name Artwork without info/4.03 Star Pack Support action _ flashback (Chrome): Test Cases/04. Star pack Full Lifecycle - AIS _ Long name Artwork without info/4.03 Star Pack Support action _ flashback (Chrome)

2022-06-28 14:34:24 - [TEST_STEP][PASSED] - data = findTestData("Data Files/Username_Password/Starpack (10June2021)"): null

2022-06-28 14:34:24 - [TEST_STEP][PASSED] - password_aherms = data.getValue(2, 2): null

2022-06-28 14:34:24 - [TEST_STEP][PASSED] - password_agluszczynska = data.getValue(2, 3): null

2022-06-28 14:34:24 - [TEST_STEP][PASSED] - password_suser = data.getValue(2, 1): null

2022-06-28 14:34:24 - [TEST_STEP][PASSED] - password_jmaciaszczyk = data.getValue(2, 4): null

2022-06-28 14:34:24 - [TEST_STEP][PASSED] - password_aterreshernandez = data.getValue(2, 5): null

2022-06-28 14:34:24 - [TEST_STEP][PASSED] - password_amartin_arbol = data.getValue(2, 6): null

2022-06-28 14:34:24 - [TEST_STEP][PASSED] - password_adelamatanieves = data.getValue(2, 7): null

2022-06-28 14:34:24 - [TEST_STEP][PASSED] - password_kcannoosamy_dia = data.getValue(2, 8): null

2022-06-28 14:34:24 - [TEST_STEP][PASSED] - data_urlRELAUTO = findTestData("Data Files/URL/URL_relauto"): null

2022-06-28 14:34:24 - [TEST_STEP][PASSED] - Url_Starpack = data_urlRELAUTO.getValue(2, 2): null

2022-06-28 14:34:24 - [TEST_STEP][PASSED] - log = new com.kms.katalon.core.logging.KeywordLogger(): null

2022-06-28 14:34:24 - [TEST_STEP][PASSED] - openBrowser(Url_Starpack): Browser is opened with url: 'https://mdb-v3-test.diadeis.com/Mediabox4618/?MBI_datasource=TESTAUTO_STARPACK_4618'

2022-06-28 14:34:24 - [MESSAGE][INFO] - Starting 'Chrome' driver

2022-06-28 14:34:24 - [MESSAGE][INFO] - User set preference: ['arg', '[[--lang=en-GB]]']

2022-06-28 14:34:24 - [MESSAGE][INFO] - Action delay is set to 0 milliseconds

2022-06-28 14:34:31 - [MESSAGE][PASSED] - Browser is opened with url: 'https://mdb-v3-test.diadeis.com/Mediabox4618/?MBI_datasource=TESTAUTO_STARPACK_4618'

2022-06-28 14:34:31 - [TEST_STEP][PASSED] - maximizeWindow(): Current window maximized

2022-06-28 14:34:31 - [MESSAGE][PASSED] - Current window maximized

2022-06-28 14:34:31 - [TEST_STEP][PASSED] - I.Login_password("adelamatanieves", password_adelamatanieves): Object: 'Object Repository/1. Constant/xpath' is clicked on

2022-06-28 14:34:32 - [MESSAGE][PASSED] - Text 'adelamatanieves' is set on object 'Object Repository/1. Constant/xpath'

2022-06-28 14:34:33 - [MESSAGE][PASSED] - Delayed 1 second(s)

2022-06-28 14:34:34 - [MESSAGE][PASSED] - Text 'dchi4' is set on object 'Object Repository/1. Constant/xpath'

2022-06-28 14:34:35 - [MESSAGE][PASSED] - Delayed 1 second(s)

2022-06-28 14:34:43 - [MESSAGE][PASSED] - Object: 'Object Repository/1. Constant/xpath' is clicked on

2022-06-28 14:34:43 - [TEST_STEP][PASSED] - takeScreenshot(): Taking screenshot successfully

2022-06-28 14:34:44 - [MESSAGE][PASSED] - Taking screenshot successfully
[[ATTACHMENT|D:\\Projet Test Auto\\Mediabox Test Automation\\Reports\\20220628_140216\\4618_TestStarpack\\TS\\02.TestStarPack Full Lifecycle _Change of Rights_SAS\\20220628_140217\\1656419684158.png]]

2022-06-28 14:34:44 - [TEST_STEP][PASSED] - click(findTestObject("1. Constant/02_LHSMenu_Projects")): Object: 'Object Repository/1. Constant/02_LHSMenu_Projects' is clicked on

2022-06-28 14:34:49 - [MESSAGE][PASSED] - Object: 'Object Repository/1. Constant/02_LHSMenu_Projects' is clicked on

2022-06-28 14:34:49 - [TEST_STEP][PASSED] - click(findTestObject("Object Repository/1. Constant/xpath", ["xpath":"//*[@id="kt_content"]/div[3]/div/div/div[1]/div[2]/a[1]"])): Object: 'Object Repository/1. Constant/xpath' is clicked on

2022-06-28 14:34:50 - [MESSAGE][PASSED] - Object: 'Object Repository/1. Constant/xpath' is clicked on

2022-06-28 14:34:50 - [TEST_STEP][PASSED] - takeScreenshot(): Taking screenshot successfully

2022-06-28 14:34:51 - [MESSAGE][PASSED] - Taking screenshot successfully
[[ATTACHMENT|D:\\Projet Test Auto\\Mediabox Test Automation\\Reports\\20220628_140216\\4618_TestStarpack\\TS\\02.TestStarPack Full Lifecycle _Change of Rights_SAS\\20220628_140217\\1656419691200.png]]

2022-06-28 14:34:51 - [TEST_STEP][PASSED] - project_name0 = "AutoTest_Chrome_Starpack_" + RandomStringUtils.randomAlphanumeric(10) + "_" + I.gettimedate(): null

2022-06-28 14:34:51 - [TEST_STEP][PASSED] - setText(findTestObject("HL Full Lifecycle/4 CreateProjPage_inputProjectname"), project_name0): Text 'AutoTest_Chrome_Starpack_DsMyB8rarO_juin282022_143451' is set on object 'Object Repository/HL Full Lifecycle/4 CreateProjPage_inputProjectname'

2022-06-28 14:34:52 - [MESSAGE][PASSED] - Text 'AutoTest_Chrome_Starpack_DsMyB8rarO_juin282022_143451' is set on object 'Object Repository/HL Full Lifecycle/4 CreateProjPage_inputProjectname'

2022-06-28 14:34:52 - [TEST_STEP][PASSED] - click(findTestObject("HL Full Lifecycle/4 CreateProjPage_Create Project_Bluebutton")): Object: 'Object Repository/HL Full Lifecycle/4 CreateProjPage_Create Project_Bluebutton' is clicked on

2022-06-28 14:34:57 - [MESSAGE][PASSED] - Object: 'Object Repository/HL Full Lifecycle/4 CreateProjPage_Create Project_Bluebutton' is clicked on

2022-06-28 14:34:57 - [TEST_STEP][PASSED] - delay(1): Delayed 1 second(s)

2022-06-28 14:34:58 - [MESSAGE][PASSED] - Delayed 1 second(s)

2022-06-28 14:34:58 - [TEST_STEP][PASSED] - takeScreenshot(): Taking screenshot successfully

2022-06-28 14:34:58 - [MESSAGE][PASSED] - Taking screenshot successfully
[[ATTACHMENT|D:\\Projet Test Auto\\Mediabox Test Automation\\Reports\\20220628_140216\\4618_TestStarpack\\TS\\02.TestStarPack Full Lifecycle _Change of Rights_SAS\\20220628_140217\\1656419698615.png]]

2022-06-28 14:34:58 - [TEST_STEP][PASSED] - project_name1 = "AutoTest_Chrome_Starpack_" + RandomStringUtils.randomAlphanumeric(20) + "_" + I.gettimedate(): null

2022-06-28 14:34:58 - [TEST_STEP][PASSED] - setText(findTestObject("HL Full Lifecycle/4 CreateProjPage_inputProjectname"), project_name1): Text 'AutoTest_Chrome_Starpack_TVlxCywI1HqcSDL4uT20_juin282022_143458' is set on object 'Object Repository/HL Full Lifecycle/4 CreateProjPage_inputProjectname'

2022-06-28 14:34:59 - [MESSAGE][PASSED] - Text 'AutoTest_Chrome_Starpack_TVlxCywI1HqcSDL4uT20_juin282022_143458' is set on object 'Object Repository/HL Full Lifecycle/4 CreateProjPage_inputProjectname'

2022-06-28 14:34:59 - [TEST_STEP][PASSED] - delay(1): Delayed 1 second(s)

2022-06-28 14:35:00 - [MESSAGE][PASSED] - Delayed 1 second(s)

2022-06-28 14:35:00 - [TEST_STEP][PASSED] - selectOptionByValue(findTestObject("1. Constant/01_id_field_id", ["field_id":"var_98"]), "122", false): All options with value '122' are selected in object 'Object Repository/1. Constant/01_id_field_id' 

2022-06-28 14:35:01 - [MESSAGE][PASSED] - All options with value '122' are selected in object 'Object Repository/1. Constant/01_id_field_id' 

2022-06-28 14:35:01 - [TEST_STEP][PASSED] - delay(1): Delayed 1 second(s)

2022-06-28 14:35:02 - [MESSAGE][PASSED] - Delayed 1 second(s)

2022-06-28 14:35:02 - [TEST_STEP][PASSED] - selectOptionByValue(findTestObject("1. Constant/01_id_field_id", ["field_id":"var_9"]), "amartin_arbol", false): All options with value 'amartin_arbol' are selected in object 'Object Repository/1. Constant/01_id_field_id' 

2022-06-28 14:35:03 - [MESSAGE][PASSED] - All options with value 'amartin_arbol' are selected in object 'Object Repository/1. Constant/01_id_field_id' 

2022-06-28 14:35:03 - [TEST_STEP][PASSED] - delay(1): Delayed 1 second(s)

2022-06-28 14:35:04 - [MESSAGE][PASSED] - Delayed 1 second(s)

2022-06-28 14:35:04 - [TEST_STEP][PASSED] - selectOptionByValue(findTestObject("1. Constant/01_id_field_id", ["field_id":"var_10"]), "aterreshernandez", false): All options with value 'aterreshernandez' are selected in object 'Object Repository/1. Constant/01_id_field_id' 

2022-06-28 14:35:04 - [MESSAGE][PASSED] - All options with value 'aterreshernandez' are selected in object 'Object Repository/1. Constant/01_id_field_id' 

2022-06-28 14:35:04 - [TEST_STEP][PASSED] - delay(1): Delayed 1 second(s)

2022-06-28 14:35:05 - [MESSAGE][PASSED] - Delayed 1 second(s)

2022-06-28 14:35:05 - [TEST_STEP][PASSED] - selectOptionByValue(findTestObject("Object Repository/xxx Todelete/1.4 ModifyProPage_MF(IDP)"), "nalonsobermejo", true): All options with value 'nalonsobermejo' are selected in object 'Object Repository/xxx Todelete/1.4 ModifyProPage_MF(IDP)'  using regular expression

2022-06-28 14:35:06 - [MESSAGE][PASSED] - All options with value 'nalonsobermejo' are selected in object 'Object Repository/xxx Todelete/1.4 ModifyProPage_MF(IDP)'  using regular expression

2022-06-28 14:35:06 - [TEST_STEP][PASSED] - delay(1): Delayed 1 second(s)

2022-06-28 14:35:07 - [MESSAGE][PASSED] - Delayed 1 second(s)

2022-06-28 14:35:07 - [TEST_STEP][PASSED] - click(findTestObject("Object Repository/xxx Todelete/1.41 ModifyProPage_AddMF")): Object: 'Object Repository/xxx Todelete/1.41 ModifyProPage_AddMF' is clicked on

2022-06-28 14:35:08 - [MESSAGE][PASSED] - Object: 'Object Repository/xxx Todelete/1.41 ModifyProPage_AddMF' is clicked on

2022-06-28 14:35:08 - [TEST_STEP][PASSED] - delay(1): Delayed 1 second(s)

2022-06-28 14:35:09 - [MESSAGE][PASSED] - Delayed 1 second(s)

2022-06-28 14:35:09 - [TEST_STEP][PASSED] - selectOptionByValue(findTestObject("1. Constant/01_id_field_id", ["field_id":"var_15"]), "292", false): All options with value '292' are selected in object 'Object Repository/1. Constant/01_id_field_id' 

2022-06-28 14:35:09 - [MESSAGE][PASSED] - All options with value '292' are selected in object 'Object Repository/1. Constant/01_id_field_id' 

2022-06-28 14:35:09 - [TEST_STEP][PASSED] - delay(1): Delayed 1 second(s)

2022-06-28 14:35:10 - [MESSAGE][PASSED] - Delayed 1 second(s)

2022-06-28 14:35:10 - [TEST_STEP][PASSED] - selectOptionByValue(findTestObject("1. Constant/01_id_field_id", ["field_id":"var_26"]), "94", false): All options with value '94' are selected in object 'Object Repository/1. Constant/01_id_field_id' 

2022-06-28 14:35:11 - [MESSAGE][PASSED] - All options with value '94' are selected in object 'Object Repository/1. Constant/01_id_field_id' 

2022-06-28 14:35:11 - [TEST_STEP][PASSED] - delay(1): Delayed 1 second(s)

2022-06-28 14:35:12 - [MESSAGE][PASSED] - Delayed 1 second(s)

2022-06-28 14:35:12 - [TEST_STEP][PASSED] - selectOptionByValue(findTestObject("1. Constant/01_id_field_id", ["field_id":"var_12"]), "94", false): All options with value '94' are selected in object 'Object Repository/1. Constant/01_id_field_id' 

2022-06-28 14:35:13 - [MESSAGE][PASSED] - All options with value '94' are selected in object 'Object Repository/1. Constant/01_id_field_id' 

2022-06-28 14:35:13 - [TEST_STEP][PASSED] - delay(1): Delayed 1 second(s)

2022-06-28 14:35:14 - [MESSAGE][PASSED] - Delayed 1 second(s)

2022-06-28 14:35:14 - [TEST_STEP][PASSED] - selectOptionByValue(findTestObject("1. Constant/01_id_field_id", ["field_id":"var_27"]), "734", false): All options with value '734' are selected in object 'Object Repository/1. Constant/01_id_field_id' 

2022-06-28 14:35:15 - [MESSAGE][PASSED] - All options with value '734' are selected in object 'Object Repository/1. Constant/01_id_field_id' 

2022-06-28 14:35:15 - [TEST_STEP][PASSED] - delay(1): Delayed 1 second(s)

2022-06-28 14:35:16 - [MESSAGE][PASSED] - Delayed 1 second(s)

2022-06-28 14:35:16 - [TEST_STEP][PASSED] - selectOptionByValue(findTestObject("1. Constant/01_id_field_id", ["field_id":"var_71"]), "efood", false): All options with value 'efood' are selected in object 'Object Repository/1. Constant/01_id_field_id' 

2022-06-28 14:35:16 - [MESSAGE][PASSED] - All options with value 'efood' are selected in object 'Object Repository/1. Constant/01_id_field_id' 

2022-06-28 14:35:16 - [TEST_STEP][PASSED] - takeScreenshot(): Taking screenshot successfully

2022-06-28 14:35:17 - [MESSAGE][PASSED] - Taking screenshot successfully
[[ATTACHMENT|D:\\Projet Test Auto\\Mediabox Test Automation\\Reports\\20220628_140216\\4618_TestStarpack\\TS\\02.TestStarPack Full Lifecycle _Change of Rights_SAS\\20220628_140217\\1656419717246.png]]

2022-06-28 14:35:17 - [TEST_STEP][PASSED] - delay(5): Delayed 5 second(s)

2022-06-28 14:35:22 - [MESSAGE][PASSED] - Delayed 5 second(s)

2022-06-28 14:35:22 - [TEST_STEP][PASSED] - click(findTestObject("HL Full Lifecycle/5 ModifyProjPage_button_Update")): Object: 'Object Repository/HL Full Lifecycle/5 ModifyProjPage_button_Update' is clicked on

2022-06-28 14:35:25 - [MESSAGE][PASSED] - Object: 'Object Repository/HL Full Lifecycle/5 ModifyProjPage_button_Update' is clicked on

2022-06-28 14:35:25 - [TEST_STEP][PASSED] - delay(10): Delayed 10 second(s)

2022-06-28 14:35:35 - [MESSAGE][PASSED] - Delayed 10 second(s)

2022-06-28 14:35:35 - [TEST_STEP][PASSED] - Project_No = I.ProjectNo(): Current window's url is: 'https://mdb-v3-test.diadeis.com/Mediabox4618/Base/ExecAction?IDSession=MBI%21TESTAUTO_STARPACK_4618%21NBJC79AFTFJ62T6TXQ38BRGYC444Q4QVL9MLSA31&default_action=AfficheFichesProjet&id_project=MI001286'

2022-06-28 14:35:40 - [MESSAGE][PASSED] - Delayed 5 second(s)

2022-06-28 14:35:40 - [MESSAGE][PASSED] - Current window's url is: 'https://mdb-v3-test.diadeis.com/Mediabox4618/Base/ExecAction?IDSession=MBI%21TESTAUTO_STARPACK_4618%21NBJC79AFTFJ62T6TXQ38BRGYC444Q4QVL9MLSA31&default_action=AfficheFichesProjet&id_project=MI001286'

2022-06-28 14:35:40 - [TEST_STEP][PASSED] - click(findTestObject("HL Full Lifecycle/6 ReferenceListPage_createrefbutton")): Object: 'Object Repository/HL Full Lifecycle/6 ReferenceListPage_createrefbutton' is clicked on

2022-06-28 14:35:41 - [MESSAGE][PASSED] - Object: 'Object Repository/HL Full Lifecycle/6 ReferenceListPage_createrefbutton' is clicked on

2022-06-28 14:35:41 - [TEST_STEP][PASSED] - click(findTestObject("HL Full Lifecycle/6 ReferenceListPaga_Create a component_button")): Object: 'Object Repository/HL Full Lifecycle/6 ReferenceListPaga_Create a component_button' is clicked on

2022-06-28 14:35:44 - [MESSAGE][PASSED] - Object: 'Object Repository/HL Full Lifecycle/6 ReferenceListPaga_Create a component_button' is clicked on

2022-06-28 14:35:44 - [TEST_STEP][PASSED] - waitForPageLoad(10): Wait for page load successfully

2022-06-28 14:35:44 - [MESSAGE][PASSED] - Wait for page load successfully

2022-06-28 14:35:44 - [TEST_STEP][PASSED] - takeScreenshot(): Taking screenshot successfully

2022-06-28 14:35:44 - [MESSAGE][PASSED] - Taking screenshot successfully
[[ATTACHMENT|D:\\Projet Test Auto\\Mediabox Test Automation\\Reports\\20220628_140216\\4618_TestStarpack\\TS\\02.TestStarPack Full Lifecycle _Change of Rights_SAS\\20220628_140217\\1656419744672.png]]

2022-06-28 14:35:44 - [TEST_STEP][PASSED] - selectOptionByValue(findTestObject("1. Constant/01_id_field_id", ["field_id":"ref_type"]), "6", false): All options with value '6' are selected in object 'Object Repository/1. Constant/01_id_field_id' 

2022-06-28 14:35:47 - [MESSAGE][PASSED] - All options with value '6' are selected in object 'Object Repository/1. Constant/01_id_field_id' 

2022-06-28 14:35:47 - [TEST_STEP][PASSED] - click(findTestObject("HL Full Lifecycle/6 ReferencePg_Create a component_bluebutton")): Object: 'Object Repository/HL Full Lifecycle/6 ReferencePg_Create a component_bluebutton' is clicked on

2022-06-28 14:35:52 - [MESSAGE][PASSED] - Object: 'Object Repository/HL Full Lifecycle/6 ReferencePg_Create a component_bluebutton' is clicked on

2022-06-28 14:35:52 - [TEST_STEP][PASSED] - refID = I.RefID(): Current window's url is: 'https://mdb-v3-test.diadeis.com/Mediabox4618/Base/ExecAction?IDSession=MBI%21TESTAUTO_STARPACK_4618%21NBJC79AFTFJ62T6TXQ38BRGYC444Q4QVL9MLSA31&default_action=ModifierRef&id_project=MI001286&id_ref=6404&action_from=create_ref'

2022-06-28 14:35:57 - [MESSAGE][PASSED] - Delayed 5 second(s)

2022-06-28 14:35:57 - [MESSAGE][PASSED] - Current window's url is: 'https://mdb-v3-test.diadeis.com/Mediabox4618/Base/ExecAction?IDSession=MBI%21TESTAUTO_STARPACK_4618%21NBJC79AFTFJ62T6TXQ38BRGYC444Q4QVL9MLSA31&default_action=ModifierRef&id_project=MI001286&id_ref=6404&action_from=create_ref'

2022-06-28 14:35:57 - [TEST_STEP][PASSED] - out.println(refID): null

2022-06-28 14:35:57 - [TEST_STEP][PASSED] - takeScreenshot(): Taking screenshot successfully

2022-06-28 14:35:58 - [MESSAGE][PASSED] - Taking screenshot successfully
[[ATTACHMENT|D:\\Projet Test Auto\\Mediabox Test Automation\\Reports\\20220628_140216\\4618_TestStarpack\\TS\\02.TestStarPack Full Lifecycle _Change of Rights_SAS\\20220628_140217\\1656419757854.png]]

2022-06-28 14:35:58 - [TEST_STEP][PASSED] - sendKeys(findTestObject("1. Constant/01_id_field_id", ["field_id":"var_28"]), "209293"): Keys '209293' sent to object: 'Object Repository/1. Constant/01_id_field_id'

2022-06-28 14:35:58 - [MESSAGE][PASSED] - Keys '209293' sent to object: 'Object Repository/1. Constant/01_id_field_id'

2022-06-28 14:35:58 - [TEST_STEP][PASSED] - sendKeys(findTestObject("1. Constant/01_id_field_id", ["field_id":"var_30"]), "test Submarca"): Keys 'test Submarca' sent to object: 'Object Repository/1. Constant/01_id_field_id'

2022-06-28 14:35:59 - [MESSAGE][PASSED] - Keys 'test Submarca' sent to object: 'Object Repository/1. Constant/01_id_field_id'

2022-06-28 14:35:59 - [TEST_STEP][PASSED] - sendKeys(findTestObject("1. Constant/01_id_field_id", ["field_id":"var_31"]), "test Submarca Vínculo con bulto: test Submarca"): Keys 'test Submarca Vínculo con bulto: test Submarca' sent to object: 'Object Repository/1. Constant/01_id_field_id'

2022-06-28 14:36:00 - [MESSAGE][PASSED] - Keys 'test Submarca Vínculo con bulto: test Submarca' sent to object: 'Object Repository/1. Constant/01_id_field_id'

2022-06-28 14:36:00 - [TEST_STEP][PASSED] - selectOptionByValue(findTestObject("1. Constant/01_id_field_id", ["field_id":"var_38"]), "24", false): All options with value '24' are selected in object 'Object Repository/1. Constant/01_id_field_id' 

2022-06-28 14:36:01 - [MESSAGE][PASSED] - All options with value '24' are selected in object 'Object Repository/1. Constant/01_id_field_id' 

2022-06-28 14:36:01 - [TEST_STEP][PASSED] - sendKeys(findTestObject("1. Constant/01_id_field_id", ["field_id":"var_39"]), "8480017155061"): Keys '8480017155061' sent to object: 'Object Repository/1. Constant/01_id_field_id'

2022-06-28 14:36:01 - [MESSAGE][PASSED] - Keys '8480017155061' sent to object: 'Object Repository/1. Constant/01_id_field_id'

2022-06-28 14:36:01 - [TEST_STEP][PASSED] - selectOptionByValue(findTestObject("1. Constant/01_id_field_id", ["field_id":"selSource_19"]), "22", false): All options with value '22' are selected in object 'Object Repository/1. Constant/01_id_field_id' 

2022-06-28 14:36:02 - [MESSAGE][PASSED] - All options with value '22' are selected in object 'Object Repository/1. Constant/01_id_field_id' 

2022-06-28 14:36:02 - [TEST_STEP][PASSED] - click(findTestObject("Object Repository/xxx Todelete/2.01 ModifyRef_Pais")): Object: 'Object Repository/xxx Todelete/2.01 ModifyRef_Pais' is clicked on

2022-06-28 14:36:02 - [MESSAGE][PASSED] - Object: 'Object Repository/xxx Todelete/2.01 ModifyRef_Pais' is clicked on

2022-06-28 14:36:02 - [TEST_STEP][PASSED] - selectOptionByValue(findTestObject("1. Constant/01_id_field_id", ["field_id":"var_75"]), "26", false): All options with value '26' are selected in object 'Object Repository/1. Constant/01_id_field_id' 

2022-06-28 14:36:03 - [MESSAGE][PASSED] - All options with value '26' are selected in object 'Object Repository/1. Constant/01_id_field_id' 

2022-06-28 14:36:03 - [TEST_STEP][PASSED] - click(findTestObject("HL Full Lifecycle/7 ModifyRefPage_button_Save")): Object: 'Object Repository/HL Full Lifecycle/7 ModifyRefPage_button_Save' is clicked on

2022-06-28 14:36:10 - [MESSAGE][PASSED] - Object: 'Object Repository/HL Full Lifecycle/7 ModifyRefPage_button_Save' is clicked on

2022-06-28 14:36:10 - [TEST_STEP][PASSED] - takeScreenshot(): Taking screenshot successfully

2022-06-28 14:36:11 - [MESSAGE][PASSED] - Taking screenshot successfully
[[ATTACHMENT|D:\\Projet Test Auto\\Mediabox Test Automation\\Reports\\20220628_140216\\4618_TestStarpack\\TS\\02.TestStarPack Full Lifecycle _Change of Rights_SAS\\20220628_140217\\1656419770904.png]]

2022-06-28 14:36:11 - [TEST_STEP][PASSED] - click(findTestObject("1. Constant/xpath", ["xpath":"/html/body/div[1]/div[2]/div[4]/div[3]/div/div[2]/div[2]/div[1]/table/tbody/tr[2]/td[10]/a[3]"])): Object: 'Object Repository/1. Constant/xpath' is clicked on

2022-06-28 14:36:13 - [MESSAGE][PASSED] - Object: 'Object Repository/1. Constant/xpath' is clicked on

2022-06-28 14:36:13 - [TEST_STEP][PASSED] - takeScreenshot(): Taking screenshot successfully

2022-06-28 14:36:14 - [MESSAGE][PASSED] - Taking screenshot successfully
[[ATTACHMENT|D:\\Projet Test Auto\\Mediabox Test Automation\\Reports\\20220628_140216\\4618_TestStarpack\\TS\\02.TestStarPack Full Lifecycle _Change of Rights_SAS\\20220628_140217\\1656419774632.png]]

2022-06-28 14:36:14 - [TEST_STEP][PASSED] - click(findTestObject("Object Repository/StarPack - Full Lifecycle (AWIS)/2.031 RefPg_AnnaSubmit", ["id":"1"])): Object: 'Object Repository/StarPack - Full Lifecycle (AWIS)/2.031 RefPg_AnnaSubmit' is clicked on

2022-06-28 14:36:24 - [MESSAGE][PASSED] - Object: 'Object Repository/StarPack - Full Lifecycle (AWIS)/2.031 RefPg_AnnaSubmit' is clicked on

2022-06-28 14:36:24 - [TEST_STEP][PASSED] - takeScreenshot(): Taking screenshot successfully

2022-06-28 14:36:25 - [MESSAGE][PASSED] - Taking screenshot successfully
[[ATTACHMENT|D:\\Projet Test Auto\\Mediabox Test Automation\\Reports\\20220628_140216\\4618_TestStarpack\\TS\\02.TestStarPack Full Lifecycle _Change of Rights_SAS\\20220628_140217\\1656419784995.png]]

2022-06-28 14:36:25 - [TEST_STEP][PASSED] - click(findTestObject("1. Constant/xpath", ["xpath":"/html/body/div[1]/div[2]/div[4]/div[3]/div/div[2]/div[2]/div[1]/table/tbody/tr[2]/td[4]/a"])): Object: 'Object Repository/1. Constant/xpath' is clicked on

2022-06-28 14:36:27 - [MESSAGE][PASSED] - Object: 'Object Repository/1. Constant/xpath' is clicked on

2022-06-28 14:36:27 - [TEST_STEP][PASSED] - delay(5): Delayed 5 second(s)

2022-06-28 14:36:32 - [MESSAGE][PASSED] - Delayed 5 second(s)

2022-06-28 14:36:32 - [TEST_STEP][PASSED] - takeScreenshot(): Taking screenshot successfully

2022-06-28 14:36:33 - [MESSAGE][PASSED] - Taking screenshot successfully
[[ATTACHMENT|D:\\Projet Test Auto\\Mediabox Test Automation\\Reports\\20220628_140216\\4618_TestStarpack\\TS\\02.TestStarPack Full Lifecycle _Change of Rights_SAS\\20220628_140217\\1656419793143.png]]

2022-06-28 14:36:33 - [TEST_STEP][PASSED] - click(findTestObject("1. Constant/xpath", ["xpath":"//*[@id="kt_content"]/div[3]/div/ul/li[3]/a"])): Object: 'Object Repository/1. Constant/xpath' is clicked on

2022-06-28 14:36:35 - [MESSAGE][PASSED] - Object: 'Object Repository/1. Constant/xpath' is clicked on

2022-06-28 14:36:35 - [TEST_STEP][PASSED] - delay(2): Delayed 2 second(s)

2022-06-28 14:36:37 - [MESSAGE][PASSED] - Delayed 2 second(s)

2022-06-28 14:36:37 - [TEST_STEP][PASSED] - mouseOver(findTestObject("1. Constant/xpath", ["xpath":"/html/body/div[1]/div[2]/div[8]/div[3]/div/div[3]/div[3]/div/div/div[1]/div/div[2]/div/div[1]/div[2]/div/a[3]"])): Object: 'Object Repository/1. Constant/xpath' is hovered

2022-06-28 14:36:38 - [MESSAGE][PASSED] - Object: 'Object Repository/1. Constant/xpath' is hovered

2022-06-28 14:36:38 - [TEST_STEP][PASSED] - Atooltip_skip = getText(findTestObject("1. Constant/xpath", ["xpath":"/html/body/div[9]/div[2]"])): Text of object 'Object Repository/1. Constant/xpath' is: 'Saltar esta fase'

2022-06-28 14:36:38 - [MESSAGE][PASSED] - Text of object 'Object Repository/1. Constant/xpath' is: 'Saltar esta fase'

2022-06-28 14:36:38 - [TEST_STEP][PASSED] - I.print("Atooltip_skip " + Atooltip_skip): null

2022-06-28 14:36:38 - [TEST_STEP][PASSED] - Etooltip_skip = "Saltar esta fase": null

2022-06-28 14:36:38 - [TEST_STEP][PASSED] - verifyMatch(Atooltip_skip, Etooltip_skip, false): Actual text 'Saltar esta fase' and expected text 'Saltar esta fase' are matched 

2022-06-28 14:36:38 - [MESSAGE][PASSED] - Actual text 'Saltar esta fase' and expected text 'Saltar esta fase' are matched 

2022-06-28 14:36:38 - [TEST_STEP][PASSED] - takeScreenshot(): Taking screenshot successfully

2022-06-28 14:36:39 - [MESSAGE][PASSED] - Taking screenshot successfully
[[ATTACHMENT|D:\\Projet Test Auto\\Mediabox Test Automation\\Reports\\20220628_140216\\4618_TestStarpack\\TS\\02.TestStarPack Full Lifecycle _Change of Rights_SAS\\20220628_140217\\1656419798834.png]]

2022-06-28 14:36:39 - [TEST_STEP][PASSED] - click(findTestObject("1. Constant/xpath", ["xpath":"/html/body/div[1]/div[2]/div[8]/div[3]/div/div[3]/div[3]/div/div/div[1]/div/div[2]/div/div[1]/div[2]/div/a[3]"])): Object: 'Object Repository/1. Constant/xpath' is clicked on

2022-06-28 14:36:39 - [MESSAGE][PASSED] - Object: 'Object Repository/1. Constant/xpath' is clicked on

2022-06-28 14:36:39 - [TEST_STEP][PASSED] - takeScreenshot(): Taking screenshot successfully

2022-06-28 14:36:40 - [MESSAGE][PASSED] - Taking screenshot successfully
[[ATTACHMENT|D:\\Projet Test Auto\\Mediabox Test Automation\\Reports\\20220628_140216\\4618_TestStarpack\\TS\\02.TestStarPack Full Lifecycle _Change of Rights_SAS\\20220628_140217\\1656419800094.png]]

2022-06-28 14:36:40 - [TEST_STEP][PASSED] - click(findTestObject("1. Constant/xpath", ["xpath":"//*[@id="modal_skip_phase"]/div/div/div[3]/button[1]"])): Object: 'Object Repository/1. Constant/xpath' is clicked on

2022-06-28 14:36:40 - [MESSAGE][PASSED] - Object: 'Object Repository/1. Constant/xpath' is clicked on

2022-06-28 14:36:40 - [TEST_STEP][PASSED] - takeScreenshot(): Taking screenshot successfully

2022-06-28 14:36:41 - [MESSAGE][PASSED] - Taking screenshot successfully
[[ATTACHMENT|D:\\Projet Test Auto\\Mediabox Test Automation\\Reports\\20220628_140216\\4618_TestStarpack\\TS\\02.TestStarPack Full Lifecycle _Change of Rights_SAS\\20220628_140217\\1656419801266.png]]

2022-06-28 14:36:41 - [TEST_STEP][PASSED] - click(findTestObject("1. Constant/xpath", ["xpath":"/html/body/div[1]/div[2]/div[8]/div[3]/div/div[3]/div[3]/div/div/div[1]/div/div[2]/div/div[1]/div[2]/div/a[3]"])): Object: 'Object Repository/1. Constant/xpath' is clicked on

2022-06-28 14:36:41 - [MESSAGE][PASSED] - Object: 'Object Repository/1. Constant/xpath' is clicked on

2022-06-28 14:36:41 - [TEST_STEP][PASSED] - takeScreenshot(): Taking screenshot successfully

2022-06-28 14:36:42 - [MESSAGE][PASSED] - Taking screenshot successfully
[[ATTACHMENT|D:\\Projet Test Auto\\Mediabox Test Automation\\Reports\\20220628_140216\\4618_TestStarpack\\TS\\02.TestStarPack Full Lifecycle _Change of Rights_SAS\\20220628_140217\\1656419802462.png]]

2022-06-28 14:36:42 - [TEST_STEP][PASSED] - click(findTestObject("1. Constant/xpath", ["xpath":"//*[@id="modal_skip_phase"]/div/div/div[3]/button[2]"])): Object: 'Object Repository/1. Constant/xpath' is clicked on

2022-06-28 14:36:48 - [MESSAGE][PASSED] - Object: 'Object Repository/1. Constant/xpath' is clicked on

2022-06-28 14:36:48 - [TEST_STEP][PASSED] - takeScreenshot(): Taking screenshot successfully

2022-06-28 14:36:49 - [MESSAGE][PASSED] - Taking screenshot successfully
[[ATTACHMENT|D:\\Projet Test Auto\\Mediabox Test Automation\\Reports\\20220628_140216\\4618_TestStarpack\\TS\\02.TestStarPack Full Lifecycle _Change of Rights_SAS\\20220628_140217\\1656419809131.png]]

2022-06-28 14:36:49 - [TEST_STEP][PASSED] - Actual_Successmsg = getText(findTestObject("1. Constant/xpath", ["xpath":"//*[@id="toast-container"]/div/div[2]"])): Text of object 'Object Repository/1. Constant/xpath' is: 'Se ha omitido la fase Briefing'

2022-06-28 14:36:49 - [MESSAGE][PASSED] - Text of object 'Object Repository/1. Constant/xpath' is: 'Se ha omitido la fase Briefing'

2022-06-28 14:36:49 - [TEST_STEP][PASSED] - Expected_Successmsg = "Se ha omitido la fase Briefing": null

2022-06-28 14:36:49 - [TEST_STEP][PASSED] - I.print("Actual error msg - " + Actual_Successmsg): null

2022-06-28 14:36:49 - [TEST_STEP][PASSED] - verifyMatch(Actual_Successmsg, Expected_Successmsg, false): Actual text 'Se ha omitido la fase Briefing' and expected text 'Se ha omitido la fase Briefing' are matched 

2022-06-28 14:36:49 - [MESSAGE][PASSED] - Actual text 'Se ha omitido la fase Briefing' and expected text 'Se ha omitido la fase Briefing' are matched 

2022-06-28 14:36:49 - [TEST_STEP][PASSED] - click(findTestObject("1. Constant/xpath", ["xpath":"/html/body/div[1]/div[2]/div[8]/div[3]/div/div[3]/div[3]/div/ul/li[1]/a"])): Object: 'Object Repository/1. Constant/xpath' is clicked on

2022-06-28 14:36:50 - [MESSAGE][PASSED] - Object: 'Object Repository/1. Constant/xpath' is clicked on

2022-06-28 14:36:50 - [TEST_STEP][PASSED] - click(findTestObject("1. Constant/xpath", ["xpath":"/html/body/div[1]/div[2]/div[8]/div[3]/div/div[3]/div[3]/div/div/div[1]/div/div[2]/div/div[1]/div[2]/a"])): Object: 'Object Repository/1. Constant/xpath' is clicked on

2022-06-28 14:36:50 - [MESSAGE][PASSED] - Object: 'Object Repository/1. Constant/xpath' is clicked on

2022-06-28 14:36:50 - [TEST_STEP][PASSED] - delay(1): Delayed 1 second(s)

2022-06-28 14:36:51 - [MESSAGE][PASSED] - Delayed 1 second(s)

2022-06-28 14:36:51 - [TEST_STEP][PASSED] - takeScreenshot(): Taking screenshot successfully

2022-06-28 14:36:52 - [MESSAGE][PASSED] - Taking screenshot successfully
[[ATTACHMENT|D:\\Projet Test Auto\\Mediabox Test Automation\\Reports\\20220628_140216\\4618_TestStarpack\\TS\\02.TestStarPack Full Lifecycle _Change of Rights_SAS\\20220628_140217\\1656419812104.png]]

2022-06-28 14:36:52 - [TEST_STEP][PASSED] - ActualSkip_ES = getText(findTestObject("1. Constant/xpath", ["xpath":"/html/body/div[1]/div[2]/div[8]/div[3]/div/div[3]/div[3]/div/div/div[1]/div/div[2]/div/div[2]/h5"])): Text of object 'Object Repository/1. Constant/xpath' is: 'Omitido por ANA DELAMATANIEVES'

2022-06-28 14:36:52 - [MESSAGE][PASSED] - Text of object 'Object Repository/1. Constant/xpath' is: 'Omitido por ANA DELAMATANIEVES'

2022-06-28 14:36:52 - [TEST_STEP][PASSED] - I.print("Skip is displayed - " + ActualSkip_ES): null

2022-06-28 14:36:52 - [TEST_STEP][PASSED] - ExpectSkip_ES = "Omitido por ANA DELAMATANIEVES": null

2022-06-28 14:36:52 - [TEST_STEP][PASSED] - verifyMatch(ExpectSkip_ES, ActualSkip_ES, false): Actual text 'Omitido por ANA DELAMATANIEVES' and expected text 'Omitido por ANA DELAMATANIEVES' are matched 

2022-06-28 14:36:52 - [MESSAGE][PASSED] - Actual text 'Omitido por ANA DELAMATANIEVES' and expected text 'Omitido por ANA DELAMATANIEVES' are matched 

2022-06-28 14:36:52 - [TEST_STEP][PASSED] - click(findTestObject("1. Constant/xpath", ["xpath":"/html/body/div[1]/div[2]/div[8]/div[3]/div/div[3]/div[3]/div/ul/li[2]/a"])): Object: 'Object Repository/1. Constant/xpath' is clicked on

2022-06-28 14:36:53 - [MESSAGE][PASSED] - Object: 'Object Repository/1. Constant/xpath' is clicked on

2022-06-28 14:36:53 - [TEST_STEP][PASSED] - delay(5): Delayed 5 second(s)

2022-06-28 14:36:58 - [MESSAGE][PASSED] - Delayed 5 second(s)

2022-06-28 14:36:58 - [TEST_STEP][PASSED] - click(findTestObject("1. Constant/xpath", ["xpath":"/html/body/div[1]/div[2]/div[8]/div[3]/div/div[3]/div[3]/div/div/div[2]/div/div[1]/div/div[1]/div[2]/a"])): Object: 'Object Repository/1. Constant/xpath' is clicked on

2022-06-28 14:36:58 - [MESSAGE][PASSED] - Object: 'Object Repository/1. Constant/xpath' is clicked on

2022-06-28 14:36:58 - [TEST_STEP][PASSED] - delay(5): Delayed 5 second(s)

2022-06-28 14:37:03 - [MESSAGE][PASSED] - Delayed 5 second(s)

2022-06-28 14:37:03 - [TEST_STEP][PASSED] - takeScreenshot(): Taking screenshot successfully

2022-06-28 14:37:04 - [MESSAGE][PASSED] - Taking screenshot successfully
[[ATTACHMENT|D:\\Projet Test Auto\\Mediabox Test Automation\\Reports\\20220628_140216\\4618_TestStarpack\\TS\\02.TestStarPack Full Lifecycle _Change of Rights_SAS\\20220628_140217\\1656419824221.png]]

2022-06-28 14:37:04 - [TEST_STEP][PASSED] - ActualSkipAuto_ES = getText(findTestObject("1. Constant/xpath", ["xpath":"/html/body/div[1]/div[2]/div[8]/div[3]/div/div[3]/div[3]/div/div/div[2]/div/div[1]/div/div[2]/h5"])): Text of object 'Object Repository/1. Constant/xpath' is: 'Skipped automatically (empty group)'

2022-06-28 14:37:04 - [MESSAGE][PASSED] - Text of object 'Object Repository/1. Constant/xpath' is: 'Skipped automatically (empty group)'

2022-06-28 14:37:04 - [TEST_STEP][PASSED] - I.print("Skip is displayed - " + ActualSkipAuto_ES): null

2022-06-28 14:37:04 - [TEST_STEP][PASSED] - ExpectSkipAuto_ES = "Skipped automatically (empty group)": null

2022-06-28 14:37:04 - [TEST_STEP][PASSED] - verifyMatch(ExpectSkipAuto_ES, ActualSkipAuto_ES, false): Actual text 'Skipped automatically (empty group)' and expected text 'Skipped automatically (empty group)' are matched 

2022-06-28 14:37:04 - [MESSAGE][PASSED] - Actual text 'Skipped automatically (empty group)' and expected text 'Skipped automatically (empty group)' are matched 

2022-06-28 14:37:04 - [TEST_STEP][PASSED] - click(findTestObject("1. Constant/xpath", ["xpath":"/html/body/div[1]/div[2]/div[8]/div[2]/div/nav/ol/li[2]/a"])): Object: 'Object Repository/1. Constant/xpath' is clicked on

2022-06-28 14:37:08 - [MESSAGE][PASSED] - Object: 'Object Repository/1. Constant/xpath' is clicked on

2022-06-28 14:37:08 - [TEST_STEP][PASSED] - takeScreenshot(): Taking screenshot successfully

2022-06-28 14:37:09 - [MESSAGE][PASSED] - Taking screenshot successfully
[[ATTACHMENT|D:\\Projet Test Auto\\Mediabox Test Automation\\Reports\\20220628_140216\\4618_TestStarpack\\TS\\02.TestStarPack Full Lifecycle _Change of Rights_SAS\\20220628_140217\\1656419828860.png]]

2022-06-28 14:37:09 - [TEST_STEP][PASSED] - Alifecycle_PAF = getText(findTestObject("1. Constant/xpath", ["xpath":"/html/body/div[1]/div[2]/div[4]/div[3]/div/div[2]/div[2]/div[1]/table/tbody/tr[2]/td[7]/span[2]"])): Text of object 'Object Repository/1. Constant/xpath' is: 'PAF'

2022-06-28 14:37:09 - [MESSAGE][PASSED] - Text of object 'Object Repository/1. Constant/xpath' is: 'PAF'

2022-06-28 14:37:09 - [TEST_STEP][PASSED] - I.print("Lifecycle - " + Alifecycle_PAF): null

2022-06-28 14:37:09 - [TEST_STEP][PASSED] - Elifecycle_PAF = "PAF": null

2022-06-28 14:37:09 - [TEST_STEP][PASSED] - verifyMatch(Alifecycle_PAF, Elifecycle_PAF, false): Actual text 'PAF' and expected text 'PAF' are matched 

2022-06-28 14:37:09 - [MESSAGE][PASSED] - Actual text 'PAF' and expected text 'PAF' are matched 

2022-06-28 14:37:09 - [TEST_STEP][PASSED] - click(findTestObject("1. Constant/xpath", ["xpath":"/html/body/div[1]/div[2]/div[4]/div[3]/div/div[2]/div[2]/div[1]/table/tbody/tr[2]/td[4]/a"])): Object: 'Object Repository/1. Constant/xpath' is clicked on

2022-06-28 14:37:12 - [MESSAGE][PASSED] - Object: 'Object Repository/1. Constant/xpath' is clicked on

2022-06-28 14:37:12 - [TEST_STEP][PASSED] - click(findTestObject("1. Constant/xpath", ["xpath":"//*[@id="kt_content"]/div[3]/div/ul/li[3]/a"])): Object: 'Object Repository/1. Constant/xpath' is clicked on

2022-06-28 14:37:15 - [MESSAGE][PASSED] - Object: 'Object Repository/1. Constant/xpath' is clicked on

2022-06-28 14:37:15 - [TEST_STEP][PASSED] - I.Pagedown(): Execute JavaScript 'window.scrollTo(0, document.body.scrollHeight)' successfully

2022-06-28 14:37:15 - [MESSAGE][PASSED] - Execute JavaScript 'window.scrollTo(0, document.body.scrollHeight)' successfully

2022-06-28 14:37:15 - [TEST_STEP][PASSED] - mouseOver(findTestObject("1. Constant/xpath", ["xpath":"/html/body/div[1]/div[2]/div[8]/div[3]/div/div[3]/div[3]/div/div/div[2]/div/div[3]/div/div[1]/div[2]/div/a[2]"])): Object: 'Object Repository/1. Constant/xpath' is hovered

2022-06-28 14:37:16 - [MESSAGE][PASSED] - Object: 'Object Repository/1. Constant/xpath' is hovered

2022-06-28 14:37:16 - [TEST_STEP][PASSED] - takeScreenshot(): Taking screenshot successfully

2022-06-28 14:37:16 - [MESSAGE][PASSED] - Taking screenshot successfully
[[ATTACHMENT|D:\\Projet Test Auto\\Mediabox Test Automation\\Reports\\20220628_140216\\4618_TestStarpack\\TS\\02.TestStarPack Full Lifecycle _Change of Rights_SAS\\20220628_140217\\1656419836702.png]]

2022-06-28 14:37:16 - [TEST_STEP][PASSED] - Atooltip_del = getText(findTestObject("1. Constant/xpath", ["xpath":"/html/body/div[9]/div[2]"])): Text of object 'Object Repository/1. Constant/xpath' is: 'Borrar esta fase'

2022-06-28 14:37:17 - [MESSAGE][PASSED] - Text of object 'Object Repository/1. Constant/xpath' is: 'Borrar esta fase'

2022-06-28 14:37:17 - [TEST_STEP][PASSED] - Etooltip_del = "Borrar esta fase": null

2022-06-28 14:37:17 - [TEST_STEP][PASSED] - verifyMatch(Atooltip_del, Etooltip_del, false): Actual text 'Borrar esta fase' and expected text 'Borrar esta fase' are matched 

2022-06-28 14:37:17 - [MESSAGE][PASSED] - Actual text 'Borrar esta fase' and expected text 'Borrar esta fase' are matched 

2022-06-28 14:37:17 - [TEST_STEP][PASSED] - click(findTestObject("1. Constant/xpath", ["xpath":"/html/body/div[1]/div[2]/div[8]/div[3]/div/div[3]/div[3]/div/div/div[2]/div/div[3]/div/div[1]/div[2]/div/a[2]"])): Object: 'Object Repository/1. Constant/xpath' is clicked on

2022-06-28 14:37:17 - [MESSAGE][PASSED] - Object: 'Object Repository/1. Constant/xpath' is clicked on

2022-06-28 14:37:17 - [TEST_STEP][PASSED] - takeScreenshot(): Taking screenshot successfully

2022-06-28 14:37:18 - [MESSAGE][PASSED] - Taking screenshot successfully
[[ATTACHMENT|D:\\Projet Test Auto\\Mediabox Test Automation\\Reports\\20220628_140216\\4618_TestStarpack\\TS\\02.TestStarPack Full Lifecycle _Change of Rights_SAS\\20220628_140217\\1656419838234.png]]

2022-06-28 14:37:18 - [TEST_STEP][PASSED] - click(findTestObject("1. Constant/xpath", ["xpath":"//*[@id="kt_body"]/div[9]/div/div/div[2]/button[2]"])): Object: 'Object Repository/1. Constant/xpath' is clicked on

2022-06-28 14:37:21 - [MESSAGE][PASSED] - Object: 'Object Repository/1. Constant/xpath' is clicked on

2022-06-28 14:37:21 - [TEST_STEP][PASSED] - takeScreenshot(): Taking screenshot successfully

2022-06-28 14:37:23 - [MESSAGE][PASSED] - Taking screenshot successfully
[[ATTACHMENT|D:\\Projet Test Auto\\Mediabox Test Automation\\Reports\\20220628_140216\\4618_TestStarpack\\TS\\02.TestStarPack Full Lifecycle _Change of Rights_SAS\\20220628_140217\\1656419843552.png]]

2022-06-28 14:37:23 - [TEST_STEP][PASSED] - ActualSuceessDel = getText(findTestObject("1. Constant/xpath", ["xpath":"//*[@id="toast-container"]/div/div[2]"])): Text of object 'Object Repository/1. Constant/xpath' is: 'The phase Final artworks has been removed'

2022-06-28 14:37:24 - [MESSAGE][PASSED] - Text of object 'Object Repository/1. Constant/xpath' is: 'The phase Final artworks has been removed'

2022-06-28 14:37:24 - [TEST_STEP][PASSED] - I.print("Skip is displayed - " + ActualSuceessDel): null

2022-06-28 14:37:24 - [TEST_STEP][PASSED] - Exp_SuceessDel = "The phase Final artworks has been removed": null

2022-06-28 14:37:24 - [TEST_STEP][PASSED] - verifyMatch(ActualSuceessDel, Exp_SuceessDel, false): Actual text 'The phase Final artworks has been removed' and expected text 'The phase Final artworks has been removed' are matched 

2022-06-28 14:37:24 - [MESSAGE][PASSED] - Actual text 'The phase Final artworks has been removed' and expected text 'The phase Final artworks has been removed' are matched 

2022-06-28 14:37:24 - [TEST_STEP][PASSED] - takeScreenshot(): Taking screenshot successfully

2022-06-28 14:37:24 - [MESSAGE][PASSED] - Taking screenshot successfully
[[ATTACHMENT|D:\\Projet Test Auto\\Mediabox Test Automation\\Reports\\20220628_140216\\4618_TestStarpack\\TS\\02.TestStarPack Full Lifecycle _Change of Rights_SAS\\20220628_140217\\1656419844485.png]]

2022-06-28 14:37:24 - [TEST_STEP][PASSED] - delay(1): Delayed 1 second(s)

2022-06-28 14:37:25 - [MESSAGE][PASSED] - Delayed 1 second(s)

2022-06-28 14:37:25 - [TEST_STEP][PASSED] - I.Logout(): Delayed 3 second(s)

2022-06-28 14:37:28 - [MESSAGE][PASSED] - Delayed 3 second(s)

2022-06-28 14:37:29 - [MESSAGE][PASSED] - Object: 'Object Repository/1. Constant/xpath' is clicked on

2022-06-28 14:37:32 - [MESSAGE][PASSED] - Delayed 3 second(s)

2022-06-28 14:37:34 - [MESSAGE][PASSED] - Object: 'Object Repository/1. Constant/xpath' is clicked on

2022-06-28 14:37:37 - [MESSAGE][PASSED] - Delayed 3 second(s)

2022-06-28 14:37:37 - [TEST_STEP][PASSED] - I.Login_password("suser", password_suser): Object: 'Object Repository/1. Constant/xpath' is clicked on

2022-06-28 14:37:38 - [MESSAGE][PASSED] - Text 'suser' is set on object 'Object Repository/1. Constant/xpath'

2022-06-28 14:37:39 - [MESSAGE][PASSED] - Delayed 1 second(s)

2022-06-28 14:37:39 - [MESSAGE][PASSED] - Text 'dchi2' is set on object 'Object Repository/1. Constant/xpath'

2022-06-28 14:37:40 - [MESSAGE][PASSED] - Delayed 1 second(s)

2022-06-28 14:37:43 - [MESSAGE][PASSED] - Object: 'Object Repository/1. Constant/xpath' is clicked on

2022-06-28 14:37:43 - [TEST_STEP][PASSED] - takeScreenshot(): Taking screenshot successfully

2022-06-28 14:37:44 - [MESSAGE][PASSED] - Taking screenshot successfully
[[ATTACHMENT|D:\\Projet Test Auto\\Mediabox Test Automation\\Reports\\20220628_140216\\4618_TestStarpack\\TS\\02.TestStarPack Full Lifecycle _Change of Rights_SAS\\20220628_140217\\1656419864722.png]]

2022-06-28 14:37:44 - [TEST_STEP][PASSED] - click(findTestObject("1. Constant/02_LHSMenu_Projects")): Object: 'Object Repository/1. Constant/02_LHSMenu_Projects' is clicked on

2022-06-28 14:37:52 - [MESSAGE][PASSED] - Object: 'Object Repository/1. Constant/02_LHSMenu_Projects' is clicked on

2022-06-28 14:37:52 - [TEST_STEP][PASSED] - I.SearchProjectNo(Project_No, findTestObject("1. Constant/xpath", ["xpath":"//*[@id="form_filters"]/div[4]/button"])): Delayed 5 second(s)

2022-06-28 14:37:53 - [MESSAGE][PASSED] - Text 'MI001286' is set on object 'Object Repository/1. Constant/xpath'

2022-06-28 14:37:56 - [MESSAGE][PASSED] - Delayed 3 second(s)

2022-06-28 14:38:01 - [MESSAGE][PASSED] - Object: 'Object Repository/1. Constant/xpath' is clicked on

2022-06-28 14:38:06 - [MESSAGE][PASSED] - Delayed 5 second(s)

2022-06-28 14:38:06 - [TEST_STEP][PASSED] - takeScreenshot(): Taking screenshot successfully

2022-06-28 14:38:06 - [MESSAGE][PASSED] - Taking screenshot successfully
[[ATTACHMENT|D:\\Projet Test Auto\\Mediabox Test Automation\\Reports\\20220628_140216\\4618_TestStarpack\\TS\\02.TestStarPack Full Lifecycle _Change of Rights_SAS\\20220628_140217\\1656419886238.png]]

2022-06-28 14:38:06 - [TEST_STEP][PASSED] - click(findTestObject("Object Repository/StarPack - Full Lifecycle (AWIS)/6.03 suser id_source_refID__td4_a", ["refID":"source_" + refID])): Object: 'Object Repository/StarPack - Full Lifecycle (AWIS)/6.03 suser id_source_refID__td4_a' is clicked on

2022-06-28 14:38:08 - [MESSAGE][PASSED] - Object: 'Object Repository/StarPack - Full Lifecycle (AWIS)/6.03 suser id_source_refID__td4_a' is clicked on

2022-06-28 14:38:08 - [TEST_STEP][PASSED] - click(findTestObject("1. Constant/xpath", ["xpath":"//*[@id="kt_content"]/div[3]/div/ul/li[3]/a"])): Object: 'Object Repository/1. Constant/xpath' is clicked on

2022-06-28 14:38:12 - [MESSAGE][PASSED] - Object: 'Object Repository/1. Constant/xpath' is clicked on

2022-06-28 14:38:12 - [TEST_STEP][PASSED] - mouseOver(findTestObject("1. Constant/xpath", ["xpath":"/html/body/div[1]/div[2]/div[8]/div[3]/div/div[3]/div[3]/div/div/div[2]/div/div[2]/div/div[1]/div[2]/div/a[1]"])): Object: 'Object Repository/1. Constant/xpath' is hovered

2022-06-28 14:38:12 - [MESSAGE][PASSED] - Object: 'Object Repository/1. Constant/xpath' is hovered

2022-06-28 14:38:12 - [TEST_STEP][PASSED] - takeScreenshot(): Taking screenshot successfully

2022-06-28 14:38:13 - [MESSAGE][PASSED] - Taking screenshot successfully
[[ATTACHMENT|D:\\Projet Test Auto\\Mediabox Test Automation\\Reports\\20220628_140216\\4618_TestStarpack\\TS\\02.TestStarPack Full Lifecycle _Change of Rights_SAS\\20220628_140217\\1656419892938.png]]

2022-06-28 14:38:13 - [TEST_STEP][PASSED] - Atooltip_AddPhase = getText(findTestObject("1. Constant/xpath", ["xpath":"/html/body/div[9]/div[2]"])): Text of object 'Object Repository/1. Constant/xpath' is: 'Add phases'

2022-06-28 14:38:13 - [MESSAGE][PASSED] - Text of object 'Object Repository/1. Constant/xpath' is: 'Add phases'

2022-06-28 14:38:13 - [TEST_STEP][PASSED] - I.print("tooltip Actual for Add phase -" + Atooltip_AddPhase): null

2022-06-28 14:38:13 - [TEST_STEP][PASSED] - Etooltip_AddPhase = "Add phases": null

2022-06-28 14:38:13 - [TEST_STEP][PASSED] - verifyMatch(Atooltip_AddPhase, Etooltip_AddPhase, false): Actual text 'Add phases' and expected text 'Add phases' are matched 

2022-06-28 14:38:13 - [MESSAGE][PASSED] - Actual text 'Add phases' and expected text 'Add phases' are matched 

2022-06-28 14:38:13 - [TEST_STEP][PASSED] - click(findTestObject("1. Constant/xpath", ["xpath":"/html/body/div[1]/div[2]/div[8]/div[3]/div/div[3]/div[3]/div/div/div[2]/div/div[2]/div/div[1]/div[2]/div/a[1]"])): Object: 'Object Repository/1. Constant/xpath' is clicked on

2022-06-28 14:38:14 - [MESSAGE][PASSED] - Object: 'Object Repository/1. Constant/xpath' is clicked on

2022-06-28 14:38:14 - [TEST_STEP][PASSED] - delay(1): Delayed 1 second(s)

2022-06-28 14:38:15 - [MESSAGE][PASSED] - Delayed 1 second(s)

2022-06-28 14:38:15 - [TEST_STEP][PASSED] - selectOptionByValue(findTestObject("1. Constant/01_id_field_id", ["field_id":"added_phase"]), "52", false): All options with value '52' are selected in object 'Object Repository/1. Constant/01_id_field_id' 

2022-06-28 14:38:15 - [MESSAGE][PASSED] - All options with value '52' are selected in object 'Object Repository/1. Constant/01_id_field_id' 

2022-06-28 14:38:15 - [TEST_STEP][PASSED] - takeScreenshot(): Taking screenshot successfully

2022-06-28 14:38:16 - [MESSAGE][PASSED] - Taking screenshot successfully
[[ATTACHMENT|D:\\Projet Test Auto\\Mediabox Test Automation\\Reports\\20220628_140216\\4618_TestStarpack\\TS\\02.TestStarPack Full Lifecycle _Change of Rights_SAS\\20220628_140217\\1656419896191.png]]

2022-06-28 14:38:16 - [TEST_STEP][PASSED] - click(findTestObject("1. Constant/xpath", ["xpath":"//*[@id="modal_addphase"]/div/div/div[3]/button[2]"])): Object: 'Object Repository/1. Constant/xpath' is clicked on

2022-06-28 14:38:19 - [MESSAGE][PASSED] - Object: 'Object Repository/1. Constant/xpath' is clicked on

2022-06-28 14:38:19 - [TEST_STEP][PASSED] - Asuccess_AddPhase = getText(findTestObject("1. Constant/xpath", ["xpath":"//*[@id="toast-container"]/div/div[2]"])): Text of object 'Object Repository/1. Constant/xpath' is: 'The phase Final artworks has been added after the phase PAF'

2022-06-28 14:38:22 - [MESSAGE][PASSED] - Text of object 'Object Repository/1. Constant/xpath' is: 'The phase Final artworks has been added after the phase PAF'

2022-06-28 14:38:22 - [TEST_STEP][PASSED] - I.print("tooltip Actual for Add phase -" + Asuccess_AddPhase): null

2022-06-28 14:38:22 - [TEST_STEP][PASSED] - Esuccess_AddPhase = "The phase Final artworks has been added after the phase PAF": null

2022-06-28 14:38:22 - [TEST_STEP][PASSED] - verifyMatch(Asuccess_AddPhase, Esuccess_AddPhase, false): Actual text 'The phase Final artworks has been added after the phase PAF' and expected text 'The phase Final artworks has been added after the phase PAF' are matched 

2022-06-28 14:38:22 - [MESSAGE][PASSED] - Actual text 'The phase Final artworks has been added after the phase PAF' and expected text 'The phase Final artworks has been added after the phase PAF' are matched 

2022-06-28 14:38:22 - [TEST_STEP][PASSED] - takeScreenshot(): Taking screenshot successfully

2022-06-28 14:38:22 - [MESSAGE][PASSED] - Taking screenshot successfully
[[ATTACHMENT|D:\\Projet Test Auto\\Mediabox Test Automation\\Reports\\20220628_140216\\4618_TestStarpack\\TS\\02.TestStarPack Full Lifecycle _Change of Rights_SAS\\20220628_140217\\1656419902333.png]]

2022-06-28 14:38:22 - [TEST_STEP][PASSED] - APhase = getText(findTestObject("1. Constant/xpath", ["xpath":"/html/body/div[1]/div[2]/div[8]/div[3]/div/div[3]/div[3]/div/div/div[2]/div/div[3]/div/div[1]/div[1]/h3"])): Text of object 'Object Repository/1. Constant/xpath' is: 'Final artworks'

2022-06-28 14:38:23 - [MESSAGE][PASSED] - Text of object 'Object Repository/1. Constant/xpath' is: 'Final artworks'

2022-06-28 14:38:23 - [TEST_STEP][PASSED] - EPhase = "Final artworks": null

2022-06-28 14:38:23 - [TEST_STEP][PASSED] - verifyMatch(APhase, EPhase, false): Actual text 'Final artworks' and expected text 'Final artworks' are matched 

2022-06-28 14:38:23 - [MESSAGE][PASSED] - Actual text 'Final artworks' and expected text 'Final artworks' are matched 

2022-06-28 14:38:23 - [TEST_STEP][PASSED] - click(findTestObject("1. Constant/xpath", ["xpath":"/html/body/div[1]/div[2]/div[8]/div[3]/div/div[3]/div[3]/div/div/div[2]/div/div[3]/div/div[1]/div[2]/a"])): Object: 'Object Repository/1. Constant/xpath' is clicked on

2022-06-28 14:38:24 - [MESSAGE][PASSED] - Object: 'Object Repository/1. Constant/xpath' is clicked on

2022-06-28 14:38:24 - [TEST_STEP][PASSED] - delay(1): Delayed 1 second(s)

2022-06-28 14:38:25 - [MESSAGE][PASSED] - Delayed 1 second(s)

2022-06-28 14:38:25 - [TEST_STEP][PASSED] - takeScreenshot(): Taking screenshot successfully

2022-06-28 14:38:25 - [MESSAGE][PASSED] - Taking screenshot successfully
[[ATTACHMENT|D:\\Projet Test Auto\\Mediabox Test Automation\\Reports\\20220628_140216\\4618_TestStarpack\\TS\\02.TestStarPack Full Lifecycle _Change of Rights_SAS\\20220628_140217\\1656419905663.png]]

2022-06-28 14:38:25 - [TEST_STEP][PASSED] - AddedPhase_A = getText(findTestObject("1. Constant/xpath", ["xpath":"/html/body/div[1]/div[2]/div[8]/div[3]/div/div[3]/div[3]/div/div/div[2]/div/div[3]/div/div[2]/h6"])): Text of object 'Object Repository/1. Constant/xpath' is: 'Added manually 28/06/2022 14:38 By s user'

2022-06-28 14:38:26 - [MESSAGE][PASSED] - Text of object 'Object Repository/1. Constant/xpath' is: 'Added manually 28/06/2022 14:38 By s user'

2022-06-28 14:38:26 - [TEST_STEP][PASSED] - I.print("added manually -" + AddedPhase_A): null

2022-06-28 14:38:26 - [TEST_STEP][PASSED] - date = I.gettimedate_Format(): null

2022-06-28 14:38:26 - [TEST_STEP][PASSED] - AddedPhase_E = " Added manually " + date: null

2022-06-28 14:38:26 - [TEST_STEP][PASSED] - if (AddedPhase_A.contains(AddedPhase_E)): null

2022-06-28 14:38:26 - [TEST_STEP][PASSED] - delay(5): Delayed 5 second(s)

2022-06-28 14:38:31 - [MESSAGE][PASSED] - Delayed 5 second(s)

2022-06-28 14:38:31 - [TEST_STEP][PASSED] - I.Pagedown(): Execute JavaScript 'window.scrollTo(0, document.body.scrollHeight)' successfully

2022-06-28 14:38:31 - [MESSAGE][PASSED] - Execute JavaScript 'window.scrollTo(0, document.body.scrollHeight)' successfully

2022-06-28 14:38:31 - [TEST_STEP][PASSED] - mouseOver(findTestObject("1. Constant/xpath", ["xpath":"/html/body/div[1]/div[2]/div[8]/div[3]/div/div[3]/div[3]/div/div/div[2]/div/div[2]/div/div[1]/div[2]/div/a[3]"])): Object: 'Object Repository/1. Constant/xpath' is hovered

2022-06-28 14:38:31 - [MESSAGE][PASSED] - Object: 'Object Repository/1. Constant/xpath' is hovered

2022-06-28 14:38:31 - [TEST_STEP][PASSED] - delay(1): Delayed 1 second(s)

2022-06-28 14:38:32 - [MESSAGE][PASSED] - Delayed 1 second(s)

2022-06-28 14:38:32 - [TEST_STEP][PASSED] - A_SkipPhase_480 = getText(findTestObject("1. Constant/xpath", ["xpath":"/html/body/div[9]/div[2]"])): Text of object 'Object Repository/1. Constant/xpath' is: 'View infos'

2022-06-28 14:38:33 - [MESSAGE][PASSED] - Text of object 'Object Repository/1. Constant/xpath' is: 'View infos'

2022-06-28 14:38:33 - [TEST_STEP][PASSED] - I.print("tooltip Actual for Skip phase -" + A_SkipPhase_480): null

2022-06-28 14:38:33 - [TEST_STEP][PASSED] - E_SkipPhase_480 = "Skip this phase": null

2022-06-28 14:38:33 - [TEST_STEP][PASSED] - "180": null

2022-06-28 14:38:33 - [TEST_STEP][PASSED] - click(findTestObject("1. Constant/xpath", ["xpath":"/html/body/div[1]/div[2]/div[8]/div[3]/div/div[3]/div[3]/div/div/div[2]/div/div[2]/div/div[1]/div[2]/div/a[3]"])): Object: 'Object Repository/1. Constant/xpath' is clicked on

2022-06-28 14:38:33 - [MESSAGE][PASSED] - Object: 'Object Repository/1. Constant/xpath' is clicked on

2022-06-28 14:38:33 - [TEST_STEP][PASSED] - takeScreenshot(): Taking screenshot successfully

2022-06-28 14:38:34 - [MESSAGE][PASSED] - Taking screenshot successfully
[[ATTACHMENT|D:\\Projet Test Auto\\Mediabox Test Automation\\Reports\\20220628_140216\\4618_TestStarpack\\TS\\02.TestStarPack Full Lifecycle _Change of Rights_SAS\\20220628_140217\\1656419914391.png]]

2022-06-28 14:38:34 - [TEST_STEP][PASSED] - click(findTestObject("1. Constant/xpath", ["xpath":"/html/body/div[1]/div[2]/div[8]/div[3]/div/form[4]/div/div/div/div[3]/button[2]"])): Object: 'Object Repository/1. Constant/xpath' is clicked on

2022-06-28 14:38:38 - [MESSAGE][PASSED] - Object: 'Object Repository/1. Constant/xpath' is clicked on

2022-06-28 14:38:38 - [TEST_STEP][PASSED] - delay(5): Delayed 5 second(s)

2022-06-28 14:38:43 - [MESSAGE][PASSED] - Delayed 5 second(s)

2022-06-28 14:38:43 - [TEST_STEP][PASSED] - verifyElementClickable(findTestObject("1. Constant/xpath", ["xpath":"/html/body/div[1]/div[2]/div[8]/div[3]/div/div[3]/div[3]/div/div/div[2]/div/div[3]/div/div[1]/div[2]/div/a[4]"])): Object 'Object Repository/1. Constant/xpath' is clickable

2022-06-28 14:38:43 - [MESSAGE][PASSED] - Object 'Object Repository/1. Constant/xpath' is clickable

2022-06-28 14:38:43 - [TEST_STEP][PASSED] - delay(2): Delayed 2 second(s)

2022-06-28 14:38:45 - [MESSAGE][PASSED] - Delayed 2 second(s)

2022-06-28 14:38:45 - [TEST_STEP][PASSED] - mouseOver(findTestObject("1. Constant/xpath", ["xpath":"/html/body/div[1]/div[2]/div[8]/div[3]/div/div[3]/div[3]/div/div/div[2]/div/div[3]/div/div[1]/div[2]/div/a[4]"])): Object: 'Object Repository/1. Constant/xpath' is hovered

2022-06-28 14:38:46 - [MESSAGE][PASSED] - Object: 'Object Repository/1. Constant/xpath' is hovered

2022-06-28 14:38:46 - [TEST_STEP][PASSED] - delay(1): Delayed 1 second(s)

2022-06-28 14:38:47 - [MESSAGE][PASSED] - Delayed 1 second(s)

2022-06-28 14:38:47 - [TEST_STEP][PASSED] - Atooltip_SA = getText(findTestObject("1. Constant/xpath", ["xpath":"/html/body/div[9]/div[2]"])): Text of object 'Object Repository/1. Constant/xpath' is: 'Go back to PAF'

2022-06-28 14:38:49 - [MESSAGE][PASSED] - Text of object 'Object Repository/1. Constant/xpath' is: 'Go back to PAF'

2022-06-28 14:38:49 - [TEST_STEP][PASSED] - I.print("tooltip Actual for Add phase -" + Atooltip_SA): null

2022-06-28 14:38:49 - [TEST_STEP][PASSED] - Etooltip_SA = "Go back to PAF": null

2022-06-28 14:38:49 - [TEST_STEP][PASSED] - takeScreenshot(): Taking screenshot successfully

2022-06-28 14:38:50 - [MESSAGE][PASSED] - Taking screenshot successfully
[[ATTACHMENT|D:\\Projet Test Auto\\Mediabox Test Automation\\Reports\\20220628_140216\\4618_TestStarpack\\TS\\02.TestStarPack Full Lifecycle _Change of Rights_SAS\\20220628_140217\\1656419929890.png]]

2022-06-28 14:38:50 - [TEST_STEP][PASSED] - verifyMatch(Atooltip_SA, Etooltip_SA, false): Actual text 'Go back to PAF' and expected text 'Go back to PAF' are matched 

2022-06-28 14:38:50 - [MESSAGE][PASSED] - Actual text 'Go back to PAF' and expected text 'Go back to PAF' are matched 

2022-06-28 14:38:50 - [TEST_STEP][PASSED] - click(findTestObject("1. Constant/xpath", ["xpath":"//*[@id="kt_subheader"]/div/nav/ol/li[2]"])): Object: 'Object Repository/1. Constant/xpath' is clicked on

2022-06-28 14:38:53 - [MESSAGE][PASSED] - Object: 'Object Repository/1. Constant/xpath' is clicked on

2022-06-28 14:38:53 - [TEST_STEP][PASSED] - verifyElementClickable(findTestObject("Object Repository/StarPack - Full Lifecycle (AWIS)/6.04 suser id_refID_td9_a4", ["refID":"source_" + refID])): Object 'Object Repository/StarPack - Full Lifecycle (AWIS)/6.04 suser id_refID_td9_a4' is clickable

2022-06-28 14:38:54 - [MESSAGE][PASSED] - Object 'Object Repository/StarPack - Full Lifecycle (AWIS)/6.04 suser id_refID_td9_a4' is clickable

2022-06-28 14:38:54 - [TEST_STEP][PASSED] - mouseOver(findTestObject("Object Repository/StarPack - Full Lifecycle (AWIS)/6.04 suser id_refID_td9_a4", ["refID":"source_" + refID])): Object: 'Object Repository/StarPack - Full Lifecycle (AWIS)/6.04 suser id_refID_td9_a4' is hovered

2022-06-28 14:38:54 - [MESSAGE][PASSED] - Object: 'Object Repository/StarPack - Full Lifecycle (AWIS)/6.04 suser id_refID_td9_a4' is hovered

2022-06-28 14:38:54 - [TEST_STEP][PASSED] - takeScreenshot(): Taking screenshot successfully

2022-06-28 14:38:55 - [MESSAGE][PASSED] - Taking screenshot successfully
[[ATTACHMENT|D:\\Projet Test Auto\\Mediabox Test Automation\\Reports\\20220628_140216\\4618_TestStarpack\\TS\\02.TestStarPack Full Lifecycle _Change of Rights_SAS\\20220628_140217\\1656419935190.png]]

2022-06-28 14:38:55 - [TEST_STEP][PASSED] - delay(1): Delayed 1 second(s)

2022-06-28 14:38:56 - [MESSAGE][PASSED] - Delayed 1 second(s)

2022-06-28 14:38:56 - [TEST_STEP][PASSED] - Atooltip_SA2 = getText(findTestObject("1. Constant/xpath", ["xpath":"/html/body/div[9]/div[2]"])): Text of object 'Object Repository/1. Constant/xpath' is: 'Go back to PAF'

2022-06-28 14:38:56 - [MESSAGE][PASSED] - Text of object 'Object Repository/1. Constant/xpath' is: 'Go back to PAF'

2022-06-28 14:38:56 - [TEST_STEP][PASSED] - I.print("tooltip Actual for SA -" + Atooltip_SA2): null

2022-06-28 14:38:56 - [TEST_STEP][PASSED] - Etooltip_SA2 = "Go back to PAF": null

2022-06-28 14:38:56 - [TEST_STEP][PASSED] - verifyMatch(Atooltip_SA2, Etooltip_SA2, false): Actual text 'Go back to PAF' and expected text 'Go back to PAF' are matched 

2022-06-28 14:38:56 - [MESSAGE][PASSED] - Actual text 'Go back to PAF' and expected text 'Go back to PAF' are matched 

2022-06-28 14:38:56 - [TEST_STEP][PASSED] - I.Logout(): Delayed 3 second(s)

2022-06-28 14:38:59 - [MESSAGE][PASSED] - Delayed 3 second(s)

2022-06-28 14:39:00 - [MESSAGE][PASSED] - Object: 'Object Repository/1. Constant/xpath' is clicked on

2022-06-28 14:39:03 - [MESSAGE][PASSED] - Delayed 3 second(s)

2022-06-28 14:39:05 - [MESSAGE][PASSED] - Object: 'Object Repository/1. Constant/xpath' is clicked on

2022-06-28 14:39:08 - [MESSAGE][PASSED] - Delayed 3 second(s)

2022-06-28 14:39:08 - [TEST_STEP][PASSED] - I.Login_password("aherms", password_aherms): Object: 'Object Repository/1. Constant/xpath' is clicked on

2022-06-28 14:39:09 - [MESSAGE][PASSED] - Text 'aherms' is set on object 'Object Repository/1. Constant/xpath'

2022-06-28 14:39:10 - [MESSAGE][PASSED] - Delayed 1 second(s)

2022-06-28 14:39:10 - [MESSAGE][PASSED] - Text 'dchi3' is set on object 'Object Repository/1. Constant/xpath'

2022-06-28 14:39:11 - [MESSAGE][PASSED] - Delayed 1 second(s)

2022-06-28 14:39:15 - [MESSAGE][PASSED] - Object: 'Object Repository/1. Constant/xpath' is clicked on

2022-06-28 14:39:15 - [TEST_STEP][PASSED] - delay(2): Delayed 2 second(s)

2022-06-28 14:39:17 - [MESSAGE][PASSED] - Delayed 2 second(s)

2022-06-28 14:39:17 - [TEST_STEP][PASSED] - click(findTestObject("1. Constant/02_LHSMenu_Projects")): Object: 'Object Repository/1. Constant/02_LHSMenu_Projects' is clicked on

2022-06-28 14:39:25 - [MESSAGE][PASSED] - Object: 'Object Repository/1. Constant/02_LHSMenu_Projects' is clicked on

2022-06-28 14:39:25 - [TEST_STEP][PASSED] - I.SearchProjectNo(Project_No, findTestObject("1. Constant/xpath", ["xpath":"//*[@id="form_filters"]/div[4]/button"])): Delayed 5 second(s)

2022-06-28 14:39:26 - [MESSAGE][PASSED] - Text 'MI001286' is set on object 'Object Repository/1. Constant/xpath'

2022-06-28 14:39:29 - [MESSAGE][PASSED] - Delayed 3 second(s)

2022-06-28 14:39:32 - [MESSAGE][PASSED] - Object: 'Object Repository/1. Constant/xpath' is clicked on

2022-06-28 14:39:37 - [MESSAGE][PASSED] - Delayed 5 second(s)

2022-06-28 14:39:37 - [TEST_STEP][PASSED] - verifyElementNotPresent(findTestObject("Object Repository/StarPack - Full Lifecycle (AWIS)/5.07 Agency1 id_refID_td8", ["refID":"source_" + refID]), 10): Web element with id: 'Object Repository/StarPack - Full Lifecycle (AWIS)/5.07 Agency1 id_refID_td8' located by 'By.xpath: //*[@id="source_6404"]/td[8]/a' is not present after '10' second(s)

2022-06-28 14:39:38 - [MESSAGE][PASSED] - Web element with id: 'Object Repository/StarPack - Full Lifecycle (AWIS)/5.07 Agency1 id_refID_td8' located by 'By.xpath: //*[@id="source_6404"]/td[8]/a' is not present after '10' second(s)

2022-06-28 14:39:38 - [TEST_STEP][PASSED] - takeScreenshot(): Taking screenshot successfully

2022-06-28 14:39:38 - [MESSAGE][PASSED] - Taking screenshot successfully
[[ATTACHMENT|D:\\Projet Test Auto\\Mediabox Test Automation\\Reports\\20220628_140216\\4618_TestStarpack\\TS\\02.TestStarPack Full Lifecycle _Change of Rights_SAS\\20220628_140217\\1656419978588.png]]

2022-06-28 14:39:38 - [TEST_STEP][PASSED] - click(findTestObject("1. Constant/xpath", ["xpath":"//*[@id="source_" + refID + ""]/td[4]/a"])): Object: 'Object Repository/1. Constant/xpath' is clicked on

2022-06-28 14:39:41 - [MESSAGE][PASSED] - Object: 'Object Repository/1. Constant/xpath' is clicked on

2022-06-28 14:39:41 - [TEST_STEP][PASSED] - click(findTestObject("1. Constant/xpath", ["xpath":"//*[@id="kt_content"]/div[3]/div/ul/li[3]/a"])): Object: 'Object Repository/1. Constant/xpath' is clicked on

2022-06-28 14:39:45 - [MESSAGE][PASSED] - Object: 'Object Repository/1. Constant/xpath' is clicked on

2022-06-28 14:39:45 - [TEST_STEP][PASSED] - delay(5): Delayed 5 second(s)

2022-06-28 14:39:50 - [MESSAGE][PASSED] - Delayed 5 second(s)

2022-06-28 14:39:50 - [TEST_STEP][PASSED] - takeScreenshot(): Taking screenshot successfully

2022-06-28 14:39:50 - [MESSAGE][PASSED] - Taking screenshot successfully
[[ATTACHMENT|D:\\Projet Test Auto\\Mediabox Test Automation\\Reports\\20220628_140216\\4618_TestStarpack\\TS\\02.TestStarPack Full Lifecycle _Change of Rights_SAS\\20220628_140217\\1656419990324.png]]

2022-06-28 14:39:50 - [TEST_STEP][PASSED] - verifyElementNotPresent(findTestObject("1. Constant/xpath", ["xpath":"/html/body/div[1]/div[2]/div[8]/div[3]/div/div[3]/div[3]/div/div/div[2]/div/div[3]/div/div[1]/div[2]/div/a[5]"]), 10): Web element with id: 'Object Repository/1. Constant/xpath' located by 'By.xpath: /html/body/div[1]/div[2]/div[8]/div[3]/div/div[3]/div[3]/div/div/div[2]/div/div[3]/div/div[1]/div[2]/div/a[5]' is not present after '10' second(s)

2022-06-28 14:39:51 - [MESSAGE][PASSED] - Web element with id: 'Object Repository/1. Constant/xpath' located by 'By.xpath: /html/body/div[1]/div[2]/div[8]/div[3]/div/div[3]/div[3]/div/div/div[2]/div/div[3]/div/div[1]/div[2]/div/a[5]' is not present after '10' second(s)

2022-06-28 14:39:51 - [TEST_STEP][PASSED] - verifyElementNotPresent(findTestObject("1. Constant/xpath", ["xpath":"/html/body/div[1]/div[2]/div[8]/div[3]/div/div[3]/div[3]/div/div/div[2]/div/div[3]/div/div[1]/div[2]/div/a[6]"]), 10): Web element with id: 'Object Repository/1. Constant/xpath' located by 'By.xpath: /html/body/div[1]/div[2]/div[8]/div[3]/div/div[3]/div[3]/div/div/div[2]/div/div[3]/div/div[1]/div[2]/div/a[6]' is not present after '10' second(s)

2022-06-28 14:39:51 - [MESSAGE][PASSED] - Web element with id: 'Object Repository/1. Constant/xpath' located by 'By.xpath: /html/body/div[1]/div[2]/div[8]/div[3]/div/div[3]/div[3]/div/div/div[2]/div/div[3]/div/div[1]/div[2]/div/a[6]' is not present after '10' second(s)

2022-06-28 14:39:51 - [TEST_STEP][PASSED] - I.Logout(): Delayed 3 second(s)

2022-06-28 14:39:54 - [MESSAGE][PASSED] - Delayed 3 second(s)

2022-06-28 14:39:54 - [MESSAGE][PASSED] - Object: 'Object Repository/1. Constant/xpath' is clicked on

2022-06-28 14:39:57 - [MESSAGE][PASSED] - Delayed 3 second(s)

2022-06-28 14:39:59 - [MESSAGE][PASSED] - Object: 'Object Repository/1. Constant/xpath' is clicked on

2022-06-28 14:40:02 - [MESSAGE][PASSED] - Delayed 3 second(s)

2022-06-28 14:40:02 - [TEST_STEP][PASSED] - I.Login_password("kcannoosamy_dia", password_kcannoosamy_dia): Object: 'Object Repository/1. Constant/xpath' is clicked on

2022-06-28 14:40:03 - [MESSAGE][PASSED] - Text 'kcannoosamy_dia' is set on object 'Object Repository/1. Constant/xpath'

2022-06-28 14:40:04 - [MESSAGE][PASSED] - Delayed 1 second(s)

2022-06-28 14:40:05 - [MESSAGE][PASSED] - Text 'dchi' is set on object 'Object Repository/1. Constant/xpath'

2022-06-28 14:40:06 - [MESSAGE][PASSED] - Delayed 1 second(s)

2022-06-28 14:40:08 - [MESSAGE][PASSED] - Object: 'Object Repository/1. Constant/xpath' is clicked on

2022-06-28 14:40:08 - [TEST_STEP][PASSED] - click(findTestObject("1. Constant/02_LHSMenu_Projects")): Object: 'Object Repository/1. Constant/02_LHSMenu_Projects' is clicked on

2022-06-28 14:40:12 - [MESSAGE][PASSED] - Object: 'Object Repository/1. Constant/02_LHSMenu_Projects' is clicked on

2022-06-28 14:40:12 - [TEST_STEP][PASSED] - takeScreenshot(): Taking screenshot successfully

2022-06-28 14:40:13 - [MESSAGE][PASSED] - Taking screenshot successfully
[[ATTACHMENT|D:\\Projet Test Auto\\Mediabox Test Automation\\Reports\\20220628_140216\\4618_TestStarpack\\TS\\02.TestStarPack Full Lifecycle _Change of Rights_SAS\\20220628_140217\\1656420013383.png]]

2022-06-28 14:40:13 - [TEST_STEP][PASSED] - I.SearchProjectNo(Project_No, findTestObject("1. Constant/xpath", ["xpath":"//*[@id="form_filters"]/div[4]/button"])): Delayed 5 second(s)

2022-06-28 14:40:14 - [MESSAGE][PASSED] - Text 'MI001286' is set on object 'Object Repository/1. Constant/xpath'

2022-06-28 14:40:17 - [MESSAGE][PASSED] - Delayed 3 second(s)

2022-06-28 14:40:20 - [MESSAGE][PASSED] - Object: 'Object Repository/1. Constant/xpath' is clicked on

2022-06-28 14:40:25 - [MESSAGE][PASSED] - Delayed 5 second(s)

2022-06-28 14:40:25 - [TEST_STEP][PASSED] - verifyElementPresent(findTestObject("1. Constant/xpath", ["xpath":"//*[@id="source_" + refID + ""]/td[9]/a"]), 10): Object 'Object Repository/1. Constant/xpath' is present

2022-06-28 14:40:25 - [MESSAGE][PASSED] - Object 'Object Repository/1. Constant/xpath' is present

2022-06-28 14:40:25 - [TEST_STEP][PASSED] - takeScreenshot(): Taking screenshot successfully

2022-06-28 14:40:26 - [MESSAGE][PASSED] - Taking screenshot successfully
[[ATTACHMENT|D:\\Projet Test Auto\\Mediabox Test Automation\\Reports\\20220628_140216\\4618_TestStarpack\\TS\\02.TestStarPack Full Lifecycle _Change of Rights_SAS\\20220628_140217\\1656420026105.png]]

2022-06-28 14:40:26 - [TEST_STEP][PASSED] - mouseOver(findTestObject("1. Constant/xpath", ["xpath":"//*[@id="source_" + refID + ""]/td[9]/a"])): Object: 'Object Repository/1. Constant/xpath' is hovered

2022-06-28 14:40:27 - [MESSAGE][PASSED] - Object: 'Object Repository/1. Constant/xpath' is hovered

2022-06-28 14:40:27 - [TEST_STEP][PASSED] - Atooltip_SkipPhase_Support = getText(findTestObject("1. Constant/xpath", ["xpath":"/html/body/div[9]/div[2]"])): Text of object 'Object Repository/1. Constant/xpath' is: 'Go back to PAF'

2022-06-28 14:40:27 - [MESSAGE][PASSED] - Text of object 'Object Repository/1. Constant/xpath' is: 'Go back to PAF'

2022-06-28 14:40:27 - [TEST_STEP][PASSED] - I.print("tooltip Actual for Add phase -" + Atooltip_SkipPhase_Support): null

2022-06-28 14:40:27 - [TEST_STEP][PASSED] - Etooltip_SkipPhase_Support = "Go back to PAF": null

2022-06-28 14:40:27 - [TEST_STEP][PASSED] - verifyMatch(Atooltip_SkipPhase_Support, Etooltip_SkipPhase_Support, false): Actual text 'Go back to PAF' and expected text 'Go back to PAF' are matched 

2022-06-28 14:40:27 - [MESSAGE][PASSED] - Actual text 'Go back to PAF' and expected text 'Go back to PAF' are matched 

2022-06-28 14:40:27 - [TEST_STEP][PASSED] - takeScreenshot(): Taking screenshot successfully

2022-06-28 14:40:28 - [MESSAGE][PASSED] - Taking screenshot successfully
[[ATTACHMENT|D:\\Projet Test Auto\\Mediabox Test Automation\\Reports\\20220628_140216\\4618_TestStarpack\\TS\\02.TestStarPack Full Lifecycle _Change of Rights_SAS\\20220628_140217\\1656420028158.png]]

2022-06-28 14:40:28 - [TEST_STEP][PASSED] - click(findTestObject("1. Constant/xpath", ["xpath":"//*[@id="source_" + refID + ""]/td[4]/a"])): Object: 'Object Repository/1. Constant/xpath' is clicked on

2022-06-28 14:40:31 - [MESSAGE][PASSED] - Object: 'Object Repository/1. Constant/xpath' is clicked on

2022-06-28 14:40:31 - [TEST_STEP][PASSED] - delay(5): Delayed 5 second(s)

2022-06-28 14:40:36 - [MESSAGE][PASSED] - Delayed 5 second(s)

2022-06-28 14:40:36 - [TEST_STEP][PASSED] - click(findTestObject("1. Constant/xpath", ["xpath":"//*[@id="kt_content"]/div[3]/div/ul/li[3]/a"])): Object: 'Object Repository/1. Constant/xpath' is clicked on

2022-06-28 14:40:38 - [MESSAGE][PASSED] - Object: 'Object Repository/1. Constant/xpath' is clicked on

2022-06-28 14:40:38 - [TEST_STEP][PASSED] - delay(5): Delayed 5 second(s)

2022-06-28 14:40:43 - [MESSAGE][PASSED] - Delayed 5 second(s)

2022-06-28 14:40:43 - [TEST_STEP][PASSED] - takeScreenshot(): Taking screenshot successfully

2022-06-28 14:40:43 - [MESSAGE][PASSED] - Taking screenshot successfully
[[ATTACHMENT|D:\\Projet Test Auto\\Mediabox Test Automation\\Reports\\20220628_140216\\4618_TestStarpack\\TS\\02.TestStarPack Full Lifecycle _Change of Rights_SAS\\20220628_140217\\1656420043252.png]]

2022-06-28 14:40:43 - [TEST_STEP][PASSED] - mouseOver(findTestObject("1. Constant/xpath", ["xpath":"/html/body/div[1]/div[2]/div[8]/div[3]/div/div[3]/div[3]/div/div/div[2]/div/div[3]/div/div[1]/div[2]/div/a[4]"])): Object: 'Object Repository/1. Constant/xpath' is hovered

2022-06-28 14:40:44 - [MESSAGE][PASSED] - Object: 'Object Repository/1. Constant/xpath' is hovered

2022-06-28 14:40:44 - [TEST_STEP][PASSED] - ALtooltip_SkipPhase_Support = getText(findTestObject("1. Constant/xpath", ["xpath":"/html/body/div[9]/div[2]"])): Text of object 'Object Repository/1. Constant/xpath' is: 'Go back to PAF'

2022-06-28 14:40:44 - [MESSAGE][PASSED] - Text of object 'Object Repository/1. Constant/xpath' is: 'Go back to PAF'

2022-06-28 14:40:44 - [TEST_STEP][PASSED] - I.print("tooltip Actual for Add phase -" + ALtooltip_SkipPhase_Support): null

2022-06-28 14:40:44 - [TEST_STEP][PASSED] - ELtooltip_SkipPhase_Support = "Go back to PAF": null

2022-06-28 14:40:44 - [TEST_STEP][PASSED] - verifyMatch(ALtooltip_SkipPhase_Support, ELtooltip_SkipPhase_Support, false): Actual text 'Go back to PAF' and expected text 'Go back to PAF' are matched 

2022-06-28 14:40:44 - [MESSAGE][PASSED] - Actual text 'Go back to PAF' and expected text 'Go back to PAF' are matched 

2022-06-28 14:40:44 - [TEST_STEP][PASSED] - click(findTestObject("1. Constant/xpath", ["xpath":"/html/body/div[1]/div[2]/div[8]/div[3]/div/div[3]/div[3]/div/div/div[2]/div/div[3]/div/div[1]/div[2]/div/a[4]"])): Object: 'Object Repository/1. Constant/xpath' is clicked on

2022-06-28 14:40:45 - [MESSAGE][PASSED] - Object: 'Object Repository/1. Constant/xpath' is clicked on

2022-06-28 14:40:45 - [TEST_STEP][PASSED] - delay(1): Delayed 1 second(s)

2022-06-28 14:40:46 - [MESSAGE][PASSED] - Delayed 1 second(s)

2022-06-28 14:40:46 - [TEST_STEP][PASSED] - takeScreenshot(): Taking screenshot successfully

2022-06-28 14:40:46 - [MESSAGE][PASSED] - Taking screenshot successfully
[[ATTACHMENT|D:\\Projet Test Auto\\Mediabox Test Automation\\Reports\\20220628_140216\\4618_TestStarpack\\TS\\02.TestStarPack Full Lifecycle _Change of Rights_SAS\\20220628_140217\\1656420046424.png]]

2022-06-28 14:40:46 - [TEST_STEP][PASSED] - click(findTestObject("1. Constant/xpath", ["xpath":"//*[@id="modal_support_action_shortcut"]/div/div/div[3]/button[2]"])): Object: 'Object Repository/1. Constant/xpath' is clicked on

2022-06-28 14:40:50 - [MESSAGE][PASSED] - Object: 'Object Repository/1. Constant/xpath' is clicked on

2022-06-28 14:40:50 - [TEST_STEP][PASSED] - click(findTestObject("1. Constant/xpath", ["xpath":"//*[@id="kt_content"]/div[3]/div/ul/li[3]/a"])): Object: 'Object Repository/1. Constant/xpath' is clicked on

2022-06-28 14:40:52 - [MESSAGE][PASSED] - Object: 'Object Repository/1. Constant/xpath' is clicked on

2022-06-28 14:40:52 - [TEST_STEP][PASSED] - delay(2): Delayed 2 second(s)

2022-06-28 14:40:54 - [MESSAGE][PASSED] - Delayed 2 second(s)

2022-06-28 14:40:54 - [TEST_STEP][PASSED] - takeScreenshot(): Taking screenshot successfully

2022-06-28 14:40:54 - [MESSAGE][PASSED] - Taking screenshot successfully
[[ATTACHMENT|D:\\Projet Test Auto\\Mediabox Test Automation\\Reports\\20220628_140216\\4618_TestStarpack\\TS\\02.TestStarPack Full Lifecycle _Change of Rights_SAS\\20220628_140217\\1656420054376.png]]

2022-06-28 14:40:54 - [TEST_STEP][PASSED] - I.Pagedown(): Execute JavaScript 'window.scrollTo(0, document.body.scrollHeight)' successfully

2022-06-28 14:40:54 - [MESSAGE][PASSED] - Execute JavaScript 'window.scrollTo(0, document.body.scrollHeight)' successfully

2022-06-28 14:40:54 - [TEST_STEP][PASSED] - LAddedPhase_A1 = getText(findTestObject("1. Constant/xpath", ["xpath":"/html/body/div[1]/div[2]/div[8]/div[3]/div/div[3]/div[3]/div/div/div[2]/div/div[4]/div/div[2]/h6"])): Text of object 'Object Repository/1. Constant/xpath' is: 'Added manually 28/06/2022 14:40 By Kormaley Cannoosamy'

2022-06-28 14:40:55 - [MESSAGE][PASSED] - Text of object 'Object Repository/1. Constant/xpath' is: 'Added manually 28/06/2022 14:40 By Kormaley Cannoosamy'

2022-06-28 14:40:55 - [TEST_STEP][PASSED] - date1 = I.gettimedate_Format(): null

2022-06-28 14:40:55 - [TEST_STEP][PASSED] - LAddedPhase_E1 = " Added manually " + date1: null

2022-06-28 14:40:55 - [TEST_STEP][PASSED] - if (LAddedPhase_A1.contains(LAddedPhase_E1)): null

2022-06-28 14:40:55 - [TEST_STEP][PASSED] - delay(1): Delayed 1 second(s)

2022-06-28 14:40:56 - [MESSAGE][PASSED] - Delayed 1 second(s)

2022-06-28 14:40:56 - [TEST_STEP][PASSED] - click(findTestObject("1. Constant/xpath", ["xpath":"/html/body/div[1]/div[2]/div[8]/div[3]/div/div[3]/div[3]/div/div/div[2]/div/div[5]/div/div[1]/div[2]/a"])): Object: 'Object Repository/1. Constant/xpath' is clicked on

2022-06-28 14:40:56 - [MESSAGE][PASSED] - Object: 'Object Repository/1. Constant/xpath' is clicked on

2022-06-28 14:40:56 - [TEST_STEP][PASSED] - I.Pagedown(): Execute JavaScript 'window.scrollTo(0, document.body.scrollHeight)' successfully

2022-06-28 14:40:56 - [MESSAGE][PASSED] - Execute JavaScript 'window.scrollTo(0, document.body.scrollHeight)' successfully

2022-06-28 14:40:56 - [TEST_STEP][PASSED] - delay(2): Delayed 2 second(s)

2022-06-28 14:40:58 - [MESSAGE][PASSED] - Delayed 2 second(s)

2022-06-28 14:40:58 - [TEST_STEP][PASSED] - takeScreenshot(): Taking screenshot successfully

2022-06-28 14:40:59 - [MESSAGE][PASSED] - Taking screenshot successfully
[[ATTACHMENT|D:\\Projet Test Auto\\Mediabox Test Automation\\Reports\\20220628_140216\\4618_TestStarpack\\TS\\02.TestStarPack Full Lifecycle _Change of Rights_SAS\\20220628_140217\\1656420058995.png]]

2022-06-28 14:40:59 - [TEST_STEP][PASSED] - LAddedPhase_A2 = getText(findTestObject("1. Constant/xpath", ["xpath":"/html/body/div[1]/div[2]/div[8]/div[3]/div/div[3]/div[3]/div/div/div[2]/div/div[5]/div/div[2]/h6"])): Text of object 'Object Repository/1. Constant/xpath' is: 'Added manually 28/06/2022 14:40 By Kormaley Cannoosamy'

2022-06-28 14:40:59 - [MESSAGE][PASSED] - Text of object 'Object Repository/1. Constant/xpath' is: 'Added manually 28/06/2022 14:40 By Kormaley Cannoosamy'

2022-06-28 14:40:59 - [TEST_STEP][PASSED] - date2 = I.gettimedate_Format(): null

2022-06-28 14:40:59 - [TEST_STEP][PASSED] - LAddedPhase_E2 = " Added manually " + date2: null

2022-06-28 14:40:59 - [TEST_STEP][PASSED] - if (LAddedPhase_A2.contains(LAddedPhase_E2)): null

2022-06-28 14:40:59 - [TEST_STEP][PASSED] - takeScreenshot(): Taking screenshot successfully

2022-06-28 14:41:00 - [MESSAGE][PASSED] - Taking screenshot successfully
[[ATTACHMENT|D:\\Projet Test Auto\\Mediabox Test Automation\\Reports\\20220628_140216\\4618_TestStarpack\\TS\\02.TestStarPack Full Lifecycle _Change of Rights_SAS\\20220628_140217\\1656420059815.png]]

2022-06-28 14:41:00 - [TEST_STEP][PASSED] - I.Logout(): Delayed 3 second(s)

2022-06-28 14:41:03 - [MESSAGE][PASSED] - Delayed 3 second(s)

2022-06-28 14:41:03 - [MESSAGE][PASSED] - Object: 'Object Repository/1. Constant/xpath' is clicked on

2022-06-28 14:41:06 - [MESSAGE][PASSED] - Delayed 3 second(s)

2022-06-28 14:41:08 - [MESSAGE][PASSED] - Object: 'Object Repository/1. Constant/xpath' is clicked on

2022-06-28 14:41:11 - [MESSAGE][PASSED] - Delayed 3 second(s)

2022-06-28 14:41:11 - [TEST_STEP][PASSED] - I.Login_password("suser", password_suser): Object: 'Object Repository/1. Constant/xpath' is clicked on

2022-06-28 14:41:12 - [MESSAGE][PASSED] - Text 'suser' is set on object 'Object Repository/1. Constant/xpath'

2022-06-28 14:41:13 - [MESSAGE][PASSED] - Delayed 1 second(s)

2022-06-28 14:41:13 - [MESSAGE][PASSED] - Text 'dchi2' is set on object 'Object Repository/1. Constant/xpath'

2022-06-28 14:41:14 - [MESSAGE][PASSED] - Delayed 1 second(s)

2022-06-28 14:41:17 - [MESSAGE][PASSED] - Object: 'Object Repository/1. Constant/xpath' is clicked on

2022-06-28 14:41:17 - [TEST_STEP][PASSED] - click(findTestObject("1. Constant/02_LHSMenu_Projects")): Object: 'Object Repository/1. Constant/02_LHSMenu_Projects' is clicked on

2022-06-28 14:41:26 - [MESSAGE][PASSED] - Object: 'Object Repository/1. Constant/02_LHSMenu_Projects' is clicked on

2022-06-28 14:41:26 - [TEST_STEP][PASSED] - takeScreenshot(): Taking screenshot successfully

2022-06-28 14:41:26 - [MESSAGE][PASSED] - Taking screenshot successfully
[[ATTACHMENT|D:\\Projet Test Auto\\Mediabox Test Automation\\Reports\\20220628_140216\\4618_TestStarpack\\TS\\02.TestStarPack Full Lifecycle _Change of Rights_SAS\\20220628_140217\\1656420086725.png]]

2022-06-28 14:41:26 - [TEST_STEP][PASSED] - click(findTestObject("1. Constant/xpath", ["xpath":"//*[@id="kt_subheader"]/div/nav/ol/li[1]/a"])): Object: 'Object Repository/1. Constant/xpath' is clicked on

2022-06-28 14:41:34 - [MESSAGE][PASSED] - Object: 'Object Repository/1. Constant/xpath' is clicked on

2022-06-28 14:41:34 - [TEST_STEP][PASSED] - I.SearchProjectNo(Project_No, findTestObject("1. Constant/xpath", ["xpath":"//*[@id="form_filters"]/div[4]/button"])): Delayed 5 second(s)

2022-06-28 14:41:35 - [MESSAGE][PASSED] - Text 'MI001286' is set on object 'Object Repository/1. Constant/xpath'

2022-06-28 14:41:38 - [MESSAGE][PASSED] - Delayed 3 second(s)

2022-06-28 14:41:41 - [MESSAGE][PASSED] - Object: 'Object Repository/1. Constant/xpath' is clicked on

2022-06-28 14:41:46 - [MESSAGE][PASSED] - Delayed 5 second(s)

2022-06-28 14:41:46 - [TEST_STEP][PASSED] - delay(1): Delayed 1 second(s)

2022-06-28 14:41:47 - [MESSAGE][PASSED] - Delayed 1 second(s)

2022-06-28 14:41:47 - [TEST_STEP][PASSED] - click(findTestObject("Object Repository/StarPack - Full Lifecycle (AWIS)/6.03 suser id_source_refID__td4_a", ["refID":"source_" + refID])): Object: 'Object Repository/StarPack - Full Lifecycle (AWIS)/6.03 suser id_source_refID__td4_a' is clicked on

2022-06-28 14:41:51 - [MESSAGE][PASSED] - Object: 'Object Repository/StarPack - Full Lifecycle (AWIS)/6.03 suser id_source_refID__td4_a' is clicked on

2022-06-28 14:41:51 - [TEST_STEP][PASSED] - click(findTestObject("1. Constant/xpath", ["xpath":"//*[@id="kt_content"]/div[3]/div/ul/li[3]/a"])): Object: 'Object Repository/1. Constant/xpath' is clicked on

2022-06-28 14:41:54 - [MESSAGE][PASSED] - Object: 'Object Repository/1. Constant/xpath' is clicked on

2022-06-28 14:41:54 - [TEST_STEP][PASSED] - delay(2): Delayed 2 second(s)

2022-06-28 14:41:56 - [MESSAGE][PASSED] - Delayed 2 second(s)

2022-06-28 14:41:56 - [TEST_STEP][PASSED] - click(findTestObject("1. Constant/xpath", ["xpath":"/html/body/div[1]/div[2]/div[8]/div[3]/div/div[3]/div[3]/div/div/div[2]/div/div[4]/div/div[1]/div[2]/div/a[3]"])): Object: 'Object Repository/1. Constant/xpath' is clicked on

2022-06-28 14:41:56 - [MESSAGE][PASSED] - Object: 'Object Repository/1. Constant/xpath' is clicked on

2022-06-28 14:41:56 - [TEST_STEP][PASSED] - click(findTestObject("1. Constant/xpath", ["xpath":"//*[@id="modal_skip_phase"]/div/div/div[3]/button[2]"])): Object: 'Object Repository/1. Constant/xpath' is clicked on

2022-06-28 14:42:00 - [MESSAGE][PASSED] - Object: 'Object Repository/1. Constant/xpath' is clicked on

2022-06-28 14:42:00 - [TEST_STEP][PASSED] - delay(1): Delayed 1 second(s)

2022-06-28 14:42:01 - [MESSAGE][PASSED] - Delayed 1 second(s)

2022-06-28 14:42:01 - [TEST_STEP][PASSED] - click(findTestObject("1. Constant/xpath", ["xpath":"//*[@id="kt_subheader"]/div/nav/ol/li[2]/a"])): Object: 'Object Repository/1. Constant/xpath' is clicked on

2022-06-28 14:42:04 - [MESSAGE][PASSED] - Object: 'Object Repository/1. Constant/xpath' is clicked on

2022-06-28 14:42:04 - [TEST_STEP][PASSED] - delay(1): Delayed 1 second(s)

2022-06-28 14:42:05 - [MESSAGE][PASSED] - Delayed 1 second(s)

2022-06-28 14:42:05 - [TEST_STEP][PASSED] - takeScreenshot(): Taking screenshot successfully

2022-06-28 14:42:06 - [MESSAGE][PASSED] - Taking screenshot successfully
[[ATTACHMENT|D:\\Projet Test Auto\\Mediabox Test Automation\\Reports\\20220628_140216\\4618_TestStarpack\\TS\\02.TestStarPack Full Lifecycle _Change of Rights_SAS\\20220628_140217\\1656420125921.png]]

2022-06-28 14:42:06 - [TEST_STEP][PASSED] - click(findTestObject("Object Repository/StarPack - Full Lifecycle (AWIS)/6.04 suser id_refID_td9_a4", ["refID":"source_" + refID])): Object: 'Object Repository/StarPack - Full Lifecycle (AWIS)/6.04 suser id_refID_td9_a4' is clicked on

2022-06-28 14:42:06 - [MESSAGE][PASSED] - Object: 'Object Repository/StarPack - Full Lifecycle (AWIS)/6.04 suser id_refID_td9_a4' is clicked on

2022-06-28 14:42:06 - [TEST_STEP][PASSED] - takeScreenshot(): Taking screenshot successfully

2022-06-28 14:42:07 - [MESSAGE][PASSED] - Taking screenshot successfully
[[ATTACHMENT|D:\\Projet Test Auto\\Mediabox Test Automation\\Reports\\20220628_140216\\4618_TestStarpack\\TS\\02.TestStarPack Full Lifecycle _Change of Rights_SAS\\20220628_140217\\1656420127158.png]]

2022-06-28 14:42:07 - [TEST_STEP][PASSED] - click(findTestObject("1. Constant/xpath", ["xpath":"//*[@id="modal_support_action_shortcut"]/div/div/div[2]/button[2]"])): Object: 'Object Repository/1. Constant/xpath' is clicked on

2022-06-28 14:42:11 - [MESSAGE][PASSED] - Object: 'Object Repository/1. Constant/xpath' is clicked on

2022-06-28 14:42:11 - [TEST_STEP][PASSED] - click(findTestObject("1. Constant/xpath", ["xpath":"//*[@id="kt_subheader"]/div/nav/ol/li[1]/a"])): Object: 'Object Repository/1. Constant/xpath' is clicked on

2022-06-28 14:42:20 - [MESSAGE][PASSED] - Object: 'Object Repository/1. Constant/xpath' is clicked on

2022-06-28 14:42:20 - [TEST_STEP][PASSED] - I.SearchProjectNo(Project_No, findTestObject("1. Constant/xpath", ["xpath":"//*[@id="form_filters"]/div[4]/button"])): Delayed 5 second(s)

2022-06-28 14:42:21 - [MESSAGE][PASSED] - Text 'MI001286' is set on object 'Object Repository/1. Constant/xpath'

2022-06-28 14:42:24 - [MESSAGE][PASSED] - Delayed 3 second(s)

2022-06-28 14:42:28 - [MESSAGE][PASSED] - Object: 'Object Repository/1. Constant/xpath' is clicked on

2022-06-28 14:42:33 - [MESSAGE][PASSED] - Delayed 5 second(s)

2022-06-28 14:42:33 - [TEST_STEP][PASSED] - delay(1): Delayed 1 second(s)

2022-06-28 14:42:34 - [MESSAGE][PASSED] - Delayed 1 second(s)

2022-06-28 14:42:34 - [TEST_STEP][PASSED] - A_Status_Lifecycle = getText(findTestObject("Object Repository/StarPack - Full Lifecycle (AWIS)/5.08 Agency2 Lifecycle status id_refID_td6_span2", ["refID":"source_" + refID])): Text of object 'Object Repository/StarPack - Full Lifecycle (AWIS)/5.08 Agency2 Lifecycle status id_refID_td6_span2' is: 'PAF'

2022-06-28 14:42:34 - [MESSAGE][PASSED] - Text of object 'Object Repository/StarPack - Full Lifecycle (AWIS)/5.08 Agency2 Lifecycle status id_refID_td6_span2' is: 'PAF'

2022-06-28 14:42:34 - [TEST_STEP][PASSED] - I.print("tooltip Actual for Add phase -" + A_Status_Lifecycle): null

2022-06-28 14:42:34 - [TEST_STEP][PASSED] - E_Status_Lifecycle = "PAF": null

2022-06-28 14:42:34 - [TEST_STEP][PASSED] - verifyMatch(A_Status_Lifecycle, E_Status_Lifecycle, false): Actual text 'PAF' and expected text 'PAF' are matched 

2022-06-28 14:42:34 - [MESSAGE][PASSED] - Actual text 'PAF' and expected text 'PAF' are matched 

2022-06-28 14:42:34 - [TEST_STEP][PASSED] - takeScreenshot(): Taking screenshot successfully

2022-06-28 14:42:35 - [MESSAGE][PASSED] - Taking screenshot successfully
[[ATTACHMENT|D:\\Projet Test Auto\\Mediabox Test Automation\\Reports\\20220628_140216\\4618_TestStarpack\\TS\\02.TestStarPack Full Lifecycle _Change of Rights_SAS\\20220628_140217\\1656420155305.png]]

2022-06-28 14:42:35 - [TEST_STEP][PASSED] - click(findTestObject("Object Repository/StarPack - Full Lifecycle (AWIS)/6.03 suser id_source_refID__td4_a", ["refID":"source_" + refID])): Object: 'Object Repository/StarPack - Full Lifecycle (AWIS)/6.03 suser id_source_refID__td4_a' is clicked on

2022-06-28 14:42:37 - [MESSAGE][PASSED] - Object: 'Object Repository/StarPack - Full Lifecycle (AWIS)/6.03 suser id_source_refID__td4_a' is clicked on

2022-06-28 14:42:37 - [TEST_STEP][PASSED] - click(findTestObject("1. Constant/xpath", ["xpath":"//*[@id="kt_content"]/div[3]/div/ul/li[3]/a"])): Object: 'Object Repository/1. Constant/xpath' is clicked on

2022-06-28 14:42:40 - [MESSAGE][PASSED] - Object: 'Object Repository/1. Constant/xpath' is clicked on

2022-06-28 14:42:40 - [TEST_STEP][PASSED] - click(findTestObject("1. Constant/xpath", ["xpath":"/html/body/div[1]/div[2]/div[8]/div[3]/div/div[3]/div[3]/div/div/div[2]/div/div[7]/div/div[1]/div[2]/div/a[2]"])): Object: 'Object Repository/1. Constant/xpath' is clicked on

2022-06-28 14:42:41 - [MESSAGE][PASSED] - Object: 'Object Repository/1. Constant/xpath' is clicked on

2022-06-28 14:42:41 - [TEST_STEP][PASSED] - click(findTestObject("1. Constant/xpath", ["xpath":"//*[@id="kt_body"]/div[9]/div/div/div[2]/button[2]"])): Object: 'Object Repository/1. Constant/xpath' is clicked on

2022-06-28 14:42:43 - [MESSAGE][PASSED] - Object: 'Object Repository/1. Constant/xpath' is clicked on

2022-06-28 14:42:43 - [TEST_STEP][PASSED] - takeScreenshot(): Taking screenshot successfully

2022-06-28 14:42:45 - [MESSAGE][PASSED] - Taking screenshot successfully
[[ATTACHMENT|D:\\Projet Test Auto\\Mediabox Test Automation\\Reports\\20220628_140216\\4618_TestStarpack\\TS\\02.TestStarPack Full Lifecycle _Change of Rights_SAS\\20220628_140217\\1656420165710.png]]

2022-06-28 14:42:45 - [TEST_STEP][PASSED] - click(findTestObject("1. Constant/xpath", ["xpath":"/html/body/div[1]/div[2]/div[8]/div[3]/div/div[3]/div[3]/div/div/div[2]/div/div[6]/div/div[1]/div[2]/div/a[3]"])): Object: 'Object Repository/1. Constant/xpath' is clicked on

2022-06-28 14:42:46 - [MESSAGE][PASSED] - Object: 'Object Repository/1. Constant/xpath' is clicked on

2022-06-28 14:42:46 - [TEST_STEP][PASSED] - click(findTestObject("1. Constant/xpath", ["xpath":"//*[@id="modal_skip_phase"]/div/div/div[3]/button[2]"])): Object: 'Object Repository/1. Constant/xpath' is clicked on

2022-06-28 14:42:50 - [MESSAGE][PASSED] - Object: 'Object Repository/1. Constant/xpath' is clicked on

2022-06-28 14:42:50 - [TEST_STEP][PASSED] - takeScreenshot(): Taking screenshot successfully

2022-06-28 14:42:53 - [MESSAGE][PASSED] - Taking screenshot successfully
[[ATTACHMENT|D:\\Projet Test Auto\\Mediabox Test Automation\\Reports\\20220628_140216\\4618_TestStarpack\\TS\\02.TestStarPack Full Lifecycle _Change of Rights_SAS\\20220628_140217\\1656420172715.png]]

2022-06-28 14:42:53 - [TEST_STEP][PASSED] - click(findTestObject("1. Constant/xpath", ["xpath":"/html/body/div[1]/div[2]/div[8]/div[3]/div/div[3]/div[3]/div/ul/li[3]/a"])): Object: 'Object Repository/1. Constant/xpath' is clicked on

2022-06-28 14:42:54 - [MESSAGE][PASSED] - Object: 'Object Repository/1. Constant/xpath' is clicked on

2022-06-28 14:42:54 - [TEST_STEP][PASSED] - click(findTestObject("1. Constant/xpath", ["xpath":"/html/body/div[1]/div[2]/div[8]/div[3]/div/div[3]/div[3]/div/div/div[3]/div/div[2]/div/div[1]/div[2]/div/a[2]"])): Object: 'Object Repository/1. Constant/xpath' is clicked on

2022-06-28 14:42:55 - [MESSAGE][PASSED] - Object: 'Object Repository/1. Constant/xpath' is clicked on

2022-06-28 14:42:55 - [TEST_STEP][PASSED] - click(findTestObject("1. Constant/xpath", ["xpath":"//*[@id="kt_body"]/div[9]/div/div/div[2]/button[2]"])): Object: 'Object Repository/1. Constant/xpath' is clicked on

2022-06-28 14:43:04 - [MESSAGE][PASSED] - Object: 'Object Repository/1. Constant/xpath' is clicked on

2022-06-28 14:43:04 - [TEST_STEP][PASSED] - takeScreenshot(): Taking screenshot successfully

2022-06-28 14:43:06 - [MESSAGE][PASSED] - Taking screenshot successfully
[[ATTACHMENT|D:\\Projet Test Auto\\Mediabox Test Automation\\Reports\\20220628_140216\\4618_TestStarpack\\TS\\02.TestStarPack Full Lifecycle _Change of Rights_SAS\\20220628_140217\\1656420186739.png]]

2022-06-28 14:43:06 - [TEST_STEP][PASSED] - click(findTestObject("1. Constant/xpath", ["xpath":"/html/body/div[1]/div[2]/div[8]/div[3]/div/div[3]/div[3]/div/div/div[3]/div/div[1]/div/div[1]/div[2]/div/a[3]"])): Object: 'Object Repository/1. Constant/xpath' is clicked on

2022-06-28 14:43:07 - [MESSAGE][PASSED] - Object: 'Object Repository/1. Constant/xpath' is clicked on

2022-06-28 14:43:07 - [TEST_STEP][PASSED] - click(findTestObject("1. Constant/xpath", ["xpath":"//*[@id="modal_skip_phase"]/div/div/div[3]/button[2]"])): Object: 'Object Repository/1. Constant/xpath' is clicked on

2022-06-28 14:43:11 - [MESSAGE][PASSED] - Object: 'Object Repository/1. Constant/xpath' is clicked on

2022-06-28 14:43:11 - [TEST_STEP][PASSED] - click(findTestObject("1. Constant/xpath", ["xpath":"//*[@id="kt_subheader"]/div/nav/ol/li[2]/a"])): Object: 'Object Repository/1. Constant/xpath' is clicked on

2022-06-28 14:43:15 - [MESSAGE][PASSED] - Object: 'Object Repository/1. Constant/xpath' is clicked on

2022-06-28 14:43:15 - [TEST_STEP][PASSED] - verifyElementPresent(findTestObject("Object Repository/StarPack - Full Lifecycle (AWIS)/6.06 suser id_refID_td9_a3", ["refID":"source_" + refID]), 10): Object 'Object Repository/StarPack - Full Lifecycle (AWIS)/6.06 suser id_refID_td9_a3' is present

2022-06-28 14:43:16 - [MESSAGE][PASSED] - Object 'Object Repository/StarPack - Full Lifecycle (AWIS)/6.06 suser id_refID_td9_a3' is present

2022-06-28 14:43:16 - [TEST_STEP][PASSED] - mouseOver(findTestObject("Object Repository/StarPack - Full Lifecycle (AWIS)/6.06 suser id_refID_td9_a3", ["refID":"source_" + refID])): Object: 'Object Repository/StarPack - Full Lifecycle (AWIS)/6.06 suser id_refID_td9_a3' is hovered

2022-06-28 14:43:17 - [MESSAGE][PASSED] - Object: 'Object Repository/StarPack - Full Lifecycle (AWIS)/6.06 suser id_refID_td9_a3' is hovered

2022-06-28 14:43:17 - [TEST_STEP][PASSED] - A_Status_Lifecycle_Completed = getText(findTestObject("1. Constant/xpath", ["xpath":"/html/body/div[9]/div[2]"])): Text of object 'Object Repository/1. Constant/xpath' is: 'Go back to PAF'

2022-06-28 14:43:17 - [MESSAGE][PASSED] - Text of object 'Object Repository/1. Constant/xpath' is: 'Go back to PAF'

2022-06-28 14:43:17 - [TEST_STEP][PASSED] - I.print("tooltip Actual for Status -" + A_Status_Lifecycle_Completed): null

2022-06-28 14:43:17 - [TEST_STEP][PASSED] - E_Status_Lifecycle_Completed = "Go back to PAF": null

2022-06-28 14:43:17 - [TEST_STEP][PASSED] - verifyMatch(A_Status_Lifecycle_Completed, E_Status_Lifecycle_Completed, false): Actual text 'Go back to PAF' and expected text 'Go back to PAF' are matched 

2022-06-28 14:43:17 - [MESSAGE][PASSED] - Actual text 'Go back to PAF' and expected text 'Go back to PAF' are matched 

2022-06-28 14:43:17 - [TEST_STEP][PASSED] - click(findTestObject("Object Repository/StarPack - Full Lifecycle (AWIS)/6.06 suser id_refID_td9_a3", ["refID":"source_" + refID])): Object: 'Object Repository/StarPack - Full Lifecycle (AWIS)/6.06 suser id_refID_td9_a3' is clicked on

2022-06-28 14:43:21 - [MESSAGE][PASSED] - Object: 'Object Repository/StarPack - Full Lifecycle (AWIS)/6.06 suser id_refID_td9_a3' is clicked on

2022-06-28 14:43:21 - [TEST_STEP][PASSED] - click(findTestObject("1. Constant/xpath", ["xpath":"//*[@id="modal_support_action_shortcut"]/div/div/div[2]/button[2]"])): Object: 'Object Repository/1. Constant/xpath' is clicked on

2022-06-28 14:43:26 - [MESSAGE][PASSED] - Object: 'Object Repository/1. Constant/xpath' is clicked on

2022-06-28 14:43:26 - [TEST_STEP][PASSED] - click(findTestObject("1. Constant/xpath", ["xpath":"//*[@id="kt_content"]/div[3]/div/ul/li[3]/a"])): Object: 'Object Repository/1. Constant/xpath' is clicked on

2022-06-28 14:43:27 - [MESSAGE][PASSED] - Object: 'Object Repository/1. Constant/xpath' is clicked on

2022-06-28 14:43:27 - [TEST_STEP][PASSED] - click(findTestObject("1. Constant/xpath", ["xpath":"/html/body/div[1]/div[2]/div[8]/div[3]/div/div[3]/div[3]/div/div/div[4]/div/div[1]/div/div[1]/div[2]/div/a[3]"])): Object: 'Object Repository/1. Constant/xpath' is clicked on

2022-06-28 14:43:30 - [MESSAGE][PASSED] - Object: 'Object Repository/1. Constant/xpath' is clicked on

2022-06-28 14:43:30 - [TEST_STEP][PASSED] - click(findTestObject("1. Constant/xpath", ["xpath":"//*[@id="modal_skip_phase"]/div/div/div[3]/button[2]"])): Object: 'Object Repository/1. Constant/xpath' is clicked on

2022-06-28 14:43:33 - [MESSAGE][PASSED] - Object: 'Object Repository/1. Constant/xpath' is clicked on

2022-06-28 14:43:33 - [TEST_STEP][PASSED] - click(findTestObject("1. Constant/xpath", ["xpath":"/html/body/div[1]/div[2]/div[8]/div[3]/div/div[3]/div[3]/div/div/div[4]/div/div[2]/div/div[1]/div[2]/div/a[3]"])): Object: 'Object Repository/1. Constant/xpath' is clicked on

2022-06-28 14:43:36 - [MESSAGE][PASSED] - Object: 'Object Repository/1. Constant/xpath' is clicked on

2022-06-28 14:43:36 - [TEST_STEP][PASSED] - click(findTestObject("1. Constant/xpath", ["xpath":"//*[@id="modal_skip_phase"]/div/div/div[3]/button[2]"])): Object: 'Object Repository/1. Constant/xpath' is clicked on

2022-06-28 14:43:41 - [MESSAGE][PASSED] - Object: 'Object Repository/1. Constant/xpath' is clicked on

2022-06-28 14:43:41 - [TEST_STEP][PASSED] - click(findTestObject("1. Constant/xpath", ["xpath":"/html/body/div[1]/div[2]/div[8]/div[3]/div/div[3]/div[3]/div/ul/li[5]/a"])): Object: 'Object Repository/1. Constant/xpath' is clicked on

2022-06-28 14:43:43 - [MESSAGE][PASSED] - Object: 'Object Repository/1. Constant/xpath' is clicked on

2022-06-28 14:43:43 - [TEST_STEP][PASSED] - click(findTestObject("1. Constant/xpath", ["xpath":"/html/body/div[1]/div[2]/div[8]/div[3]/div/div[3]/div[3]/div/div/div[5]/div/div[2]/div/div[1]/div[2]/div/a[2]"])): Object: 'Object Repository/1. Constant/xpath' is clicked on

2022-06-28 14:43:43 - [MESSAGE][PASSED] - Object: 'Object Repository/1. Constant/xpath' is clicked on

2022-06-28 14:43:43 - [TEST_STEP][PASSED] - click(findTestObject("1. Constant/xpath", ["xpath":"//*[@id="kt_body"]/div[9]/div/div/div[2]/button[2]"])): Object: 'Object Repository/1. Constant/xpath' is clicked on

2022-06-28 14:43:54 - [MESSAGE][PASSED] - Object: 'Object Repository/1. Constant/xpath' is clicked on

2022-06-28 14:43:54 - [TEST_STEP][PASSED] - click(findTestObject("1. Constant/xpath", ["xpath":"/html/body/div[1]/div[2]/div[8]/div[3]/div/div[3]/div[3]/div/div/div[5]/div/div[1]/div/div[1]/div[2]/div/a[3]"])): Object: 'Object Repository/1. Constant/xpath' is clicked on

2022-06-28 14:43:57 - [MESSAGE][PASSED] - Object: 'Object Repository/1. Constant/xpath' is clicked on

2022-06-28 14:43:57 - [TEST_STEP][PASSED] - click(findTestObject("1. Constant/xpath", ["xpath":"//*[@id="modal_skip_phase"]/div/div/div[3]/button[2]"])): Object: 'Object Repository/1. Constant/xpath' is clicked on

2022-06-28 14:44:01 - [MESSAGE][PASSED] - Object: 'Object Repository/1. Constant/xpath' is clicked on

2022-06-28 14:44:01 - [TEST_STEP][PASSED] - click(findTestObject("1. Constant/xpath", ["xpath":"//*[@id="kt_subheader"]/div/nav/ol/li[2]/a"])): Object: 'Object Repository/1. Constant/xpath' is clicked on

2022-06-28 14:44:06 - [MESSAGE][PASSED] - Object: 'Object Repository/1. Constant/xpath' is clicked on

2022-06-28 14:44:06 - [TEST_STEP][PASSED] - click(findTestObject("Object Repository/StarPack - Full Lifecycle (AWIS)/5.04 Agency1 id_refID_td9_a2", ["refID":"source_" + refID])): Object: 'Object Repository/StarPack - Full Lifecycle (AWIS)/5.04 Agency1 id_refID_td9_a2' is clicked on

2022-06-28 14:44:10 - [MESSAGE][PASSED] - Object: 'Object Repository/StarPack - Full Lifecycle (AWIS)/5.04 Agency1 id_refID_td9_a2' is clicked on

2022-06-28 14:44:10 - [TEST_STEP][PASSED] - verifyElementPresent(findTestObject("Object Repository/StarPack - Full Lifecycle (AWIS)/5.04 Agency1 id_refID_td9_a2", ["refID":"source_" + refID]), 10): Object 'Object Repository/StarPack - Full Lifecycle (AWIS)/5.04 Agency1 id_refID_td9_a2' is present

2022-06-28 14:44:11 - [MESSAGE][PASSED] - Object 'Object Repository/StarPack - Full Lifecycle (AWIS)/5.04 Agency1 id_refID_td9_a2' is present

2022-06-28 14:44:11 - [TEST_STEP][PASSED] - closeBrowser(): Browser is closed

2022-06-28 14:44:12 - [MESSAGE][PASSED] - Browser is closed

2022-06-28 14:44:12 - [TEST_STEP][PASSED] - Start listener action : sampleAfterTestCase: null]]></system-out>
         <system-err><![CDATA[]]></system-err>
      </testcase>
      <testcase name="Test Cases/04. Star pack Full Lifecycle - AIS _ Long name Artwork without info/4.04 Star Pack - Project Name (255) _ Ref Name (80) (Chrome)" time="306.026" classname="Test Cases/04. Star pack Full Lifecycle - AIS _ Long name Artwork without info/4.04 Star Pack - Project Name (255) _ Ref Name (80) (Chrome)" status="PASSED">
         <system-out><![CDATA[2022-06-28 14:44:12 - [TEST_CASE][PASSED] - Test Cases/04. Star pack Full Lifecycle - AIS _ Long name Artwork without info/4.04 Star Pack - Project Name (255) _ Ref Name (80) (Chrome): Test Cases/04. Star pack Full Lifecycle - AIS _ Long name Artwork without info/4.04 Star Pack - Project Name (255) _ Ref Name (80) (Chrome)

2022-06-28 14:44:13 - [TEST_STEP][PASSED] - data = findTestData("Data Files/Username_Password/Starpack (10June2021)"): null

2022-06-28 14:44:13 - [TEST_STEP][PASSED] - password_suser = data.getValue(2, 1): null

2022-06-28 14:44:13 - [TEST_STEP][PASSED] - password_aherms = data.getValue(2, 2): null

2022-06-28 14:44:13 - [TEST_STEP][PASSED] - password_agluszczynska = data.getValue(2, 3): null

2022-06-28 14:44:13 - [TEST_STEP][PASSED] - password_jmaciaszczyk = data.getValue(2, 4): null

2022-06-28 14:44:13 - [TEST_STEP][PASSED] - password_aterreshernandez = data.getValue(2, 5): null

2022-06-28 14:44:13 - [TEST_STEP][PASSED] - password_amartin_arbol = data.getValue(2, 6): null

2022-06-28 14:44:13 - [TEST_STEP][PASSED] - password_adelamatanieves = data.getValue(2, 7): null

2022-06-28 14:44:13 - [TEST_STEP][PASSED] - password_kcannoosamy_dia = data.getValue(2, 8): null

2022-06-28 14:44:13 - [TEST_STEP][PASSED] - data_urlRELAUTO = findTestData("Data Files/URL/URL_relauto"): null

2022-06-28 14:44:13 - [TEST_STEP][PASSED] - Url_Starpack = data_urlRELAUTO.getValue(2, 2): null

2022-06-28 14:44:13 - [TEST_STEP][PASSED] - openBrowser(Url_Starpack): Browser is opened with url: 'https://mdb-v3-test.diadeis.com/Mediabox4618/?MBI_datasource=TESTAUTO_STARPACK_4618'

2022-06-28 14:44:13 - [MESSAGE][INFO] - Starting 'Chrome' driver

2022-06-28 14:44:13 - [MESSAGE][INFO] - User set preference: ['arg', '[[--lang=en-GB]]']

2022-06-28 14:44:13 - [MESSAGE][INFO] - Action delay is set to 0 milliseconds

2022-06-28 14:44:21 - [MESSAGE][PASSED] - Browser is opened with url: 'https://mdb-v3-test.diadeis.com/Mediabox4618/?MBI_datasource=TESTAUTO_STARPACK_4618'

2022-06-28 14:44:21 - [TEST_STEP][PASSED] - maximizeWindow(): Current window maximized

2022-06-28 14:44:21 - [MESSAGE][PASSED] - Current window maximized

2022-06-28 14:44:21 - [TEST_STEP][PASSED] - I.Login_password("adelamatanieves", password_adelamatanieves): Object: 'Object Repository/1. Constant/xpath' is clicked on

2022-06-28 14:44:22 - [MESSAGE][PASSED] - Text 'adelamatanieves' is set on object 'Object Repository/1. Constant/xpath'

2022-06-28 14:44:23 - [MESSAGE][PASSED] - Delayed 1 second(s)

2022-06-28 14:44:24 - [MESSAGE][PASSED] - Text 'dchi4' is set on object 'Object Repository/1. Constant/xpath'

2022-06-28 14:44:25 - [MESSAGE][PASSED] - Delayed 1 second(s)

2022-06-28 14:44:33 - [MESSAGE][PASSED] - Object: 'Object Repository/1. Constant/xpath' is clicked on

2022-06-28 14:44:33 - [TEST_STEP][PASSED] - takeScreenshot(): Taking screenshot successfully

2022-06-28 14:44:33 - [MESSAGE][PASSED] - Taking screenshot successfully
[[ATTACHMENT|D:\\Projet Test Auto\\Mediabox Test Automation\\Reports\\20220628_140216\\4618_TestStarpack\\TS\\02.TestStarPack Full Lifecycle _Change of Rights_SAS\\20220628_140217\\1656420273604.png]]

2022-06-28 14:44:33 - [TEST_STEP][PASSED] - click(findTestObject("1. Constant/02_LHSMenu_Projects")): Object: 'Object Repository/1. Constant/02_LHSMenu_Projects' is clicked on

2022-06-28 14:44:38 - [MESSAGE][PASSED] - Object: 'Object Repository/1. Constant/02_LHSMenu_Projects' is clicked on

2022-06-28 14:44:38 - [TEST_STEP][PASSED] - click(findTestObject("Object Repository/1. Constant/xpath", ["xpath":"//*[@id="kt_content"]/div[3]/div/div/div[1]/div[2]/a[1]"])): Object: 'Object Repository/1. Constant/xpath' is clicked on

2022-06-28 14:44:39 - [MESSAGE][PASSED] - Object: 'Object Repository/1. Constant/xpath' is clicked on

2022-06-28 14:44:39 - [TEST_STEP][PASSED] - takeScreenshot(): Taking screenshot successfully

2022-06-28 14:44:40 - [MESSAGE][PASSED] - Taking screenshot successfully
[[ATTACHMENT|D:\\Projet Test Auto\\Mediabox Test Automation\\Reports\\20220628_140216\\4618_TestStarpack\\TS\\02.TestStarPack Full Lifecycle _Change of Rights_SAS\\20220628_140217\\1656420280636.png]]

2022-06-28 14:44:40 - [TEST_STEP][PASSED] - project_name0 = "AutoTest_Chrome_Starpack_Long_ProjectName_" + RandomStringUtils.randomAlphanumeric(10) + "_" + I.gettimedate(): null

2022-06-28 14:44:40 - [TEST_STEP][PASSED] - setText(findTestObject("HL Full Lifecycle/4 CreateProjPage_inputProjectname"), project_name0): Text 'AutoTest_Chrome_Starpack_Long_ProjectName_z8fQMeAQ2s_juin282022_144440' is set on object 'Object Repository/HL Full Lifecycle/4 CreateProjPage_inputProjectname'

2022-06-28 14:44:41 - [MESSAGE][PASSED] - Text 'AutoTest_Chrome_Starpack_Long_ProjectName_z8fQMeAQ2s_juin282022_144440' is set on object 'Object Repository/HL Full Lifecycle/4 CreateProjPage_inputProjectname'

2022-06-28 14:44:41 - [TEST_STEP][PASSED] - click(findTestObject("HL Full Lifecycle/4 CreateProjPage_Create Project_Bluebutton")): Object: 'Object Repository/HL Full Lifecycle/4 CreateProjPage_Create Project_Bluebutton' is clicked on

2022-06-28 14:44:47 - [MESSAGE][PASSED] - Object: 'Object Repository/HL Full Lifecycle/4 CreateProjPage_Create Project_Bluebutton' is clicked on

2022-06-28 14:44:47 - [TEST_STEP][PASSED] - delay(1): Delayed 1 second(s)

2022-06-28 14:44:48 - [MESSAGE][PASSED] - Delayed 1 second(s)

2022-06-28 14:44:48 - [TEST_STEP][PASSED] - takeScreenshot(): Taking screenshot successfully

2022-06-28 14:44:48 - [MESSAGE][PASSED] - Taking screenshot successfully
[[ATTACHMENT|D:\\Projet Test Auto\\Mediabox Test Automation\\Reports\\20220628_140216\\4618_TestStarpack\\TS\\02.TestStarPack Full Lifecycle _Change of Rights_SAS\\20220628_140217\\1656420288226.png]]

2022-06-28 14:44:48 - [TEST_STEP][PASSED] - project_name1 = "AutoTest_Chrome_Starpack__Long_ProjectName_" + RandomStringUtils.randomAlphanumeric(195) + "_" + I.gettimedate() + "_tesst": null

2022-06-28 14:44:48 - [TEST_STEP][PASSED] - setText(findTestObject("HL Full Lifecycle/4 CreateProjPage_inputProjectname"), project_name1): Text 'AutoTest_Chrome_Starpack__Long_ProjectName_p2BuBTdUy6psT5TzUyT6nD6aDYMpnaYCELc58jhhbeZAwxDhUIUJGlpUcQBnUUOMyAuLtp6rEOLeQiZzBveMux24SrrjRSxbcHIS0YGGBKrf3aDKe4NhNpdteDm6GOJmBaoamFzmSFY1E8bk4vvxBcVWE36l7EWMb3Sl6uGBHPAmD1BQGcYiOc1BtQOlRAK4QDM_juin282022_144448_tesst' is set on object 'Object Repository/HL Full Lifecycle/4 CreateProjPage_inputProjectname'

2022-06-28 14:44:49 - [MESSAGE][PASSED] - Text 'AutoTest_Chrome_Starpack__Long_ProjectName_p2BuBTdUy6psT5TzUyT6nD6aDYMpnaYCELc58jhhbeZAwxDhUIUJGlpUcQBnUUOMyAuLtp6rEOLeQiZzBveMux24SrrjRSxbcHIS0YGGBKrf3aDKe4NhNpdteDm6GOJmBaoamFzmSFY1E8bk4vvxBcVWE36l7EWMb3Sl6uGBHPAmD1BQGcYiOc1BtQOlRAK4QDM_juin282022_144448_tesst' is set on object 'Object Repository/HL Full Lifecycle/4 CreateProjPage_inputProjectname'

2022-06-28 14:44:49 - [TEST_STEP][PASSED] - selectOptionByValue(findTestObject("1. Constant/01_id_field_id", ["field_id":"var_98"]), "122", false): All options with value '122' are selected in object 'Object Repository/1. Constant/01_id_field_id' 

2022-06-28 14:44:50 - [MESSAGE][PASSED] - All options with value '122' are selected in object 'Object Repository/1. Constant/01_id_field_id' 

2022-06-28 14:44:50 - [TEST_STEP][PASSED] - delay(1): Delayed 1 second(s)

2022-06-28 14:44:51 - [MESSAGE][PASSED] - Delayed 1 second(s)

2022-06-28 14:44:51 - [TEST_STEP][PASSED] - selectOptionByValue(findTestObject("1. Constant/01_id_field_id", ["field_id":"var_9"]), "amartin_arbol", false): All options with value 'amartin_arbol' are selected in object 'Object Repository/1. Constant/01_id_field_id' 

2022-06-28 14:44:52 - [MESSAGE][PASSED] - All options with value 'amartin_arbol' are selected in object 'Object Repository/1. Constant/01_id_field_id' 

2022-06-28 14:44:52 - [TEST_STEP][PASSED] - delay(1): Delayed 1 second(s)

2022-06-28 14:44:53 - [MESSAGE][PASSED] - Delayed 1 second(s)

2022-06-28 14:44:53 - [TEST_STEP][PASSED] - selectOptionByValue(findTestObject("1. Constant/01_id_field_id", ["field_id":"var_10"]), "aterreshernandez", false): All options with value 'aterreshernandez' are selected in object 'Object Repository/1. Constant/01_id_field_id' 

2022-06-28 14:44:54 - [MESSAGE][PASSED] - All options with value 'aterreshernandez' are selected in object 'Object Repository/1. Constant/01_id_field_id' 

2022-06-28 14:44:54 - [TEST_STEP][PASSED] - delay(1): Delayed 1 second(s)

2022-06-28 14:44:55 - [MESSAGE][PASSED] - Delayed 1 second(s)

2022-06-28 14:44:55 - [TEST_STEP][PASSED] - selectOptionByValue(findTestObject("Object Repository/xxx Todelete/1.4 ModifyProPage_MF(IDP)"), "nalonsobermejo", true): All options with value 'nalonsobermejo' are selected in object 'Object Repository/xxx Todelete/1.4 ModifyProPage_MF(IDP)'  using regular expression

2022-06-28 14:44:56 - [MESSAGE][PASSED] - All options with value 'nalonsobermejo' are selected in object 'Object Repository/xxx Todelete/1.4 ModifyProPage_MF(IDP)'  using regular expression

2022-06-28 14:44:56 - [TEST_STEP][PASSED] - delay(1): Delayed 1 second(s)

2022-06-28 14:44:57 - [MESSAGE][PASSED] - Delayed 1 second(s)

2022-06-28 14:44:57 - [TEST_STEP][PASSED] - click(findTestObject("Object Repository/xxx Todelete/1.41 ModifyProPage_AddMF")): Object: 'Object Repository/xxx Todelete/1.41 ModifyProPage_AddMF' is clicked on

2022-06-28 14:44:57 - [MESSAGE][PASSED] - Object: 'Object Repository/xxx Todelete/1.41 ModifyProPage_AddMF' is clicked on

2022-06-28 14:44:57 - [TEST_STEP][PASSED] - delay(1): Delayed 1 second(s)

2022-06-28 14:44:58 - [MESSAGE][PASSED] - Delayed 1 second(s)

2022-06-28 14:44:58 - [TEST_STEP][PASSED] - selectOptionByValue(findTestObject("1. Constant/01_id_field_id", ["field_id":"var_15"]), "292", false): All options with value '292' are selected in object 'Object Repository/1. Constant/01_id_field_id' 

2022-06-28 14:44:59 - [MESSAGE][PASSED] - All options with value '292' are selected in object 'Object Repository/1. Constant/01_id_field_id' 

2022-06-28 14:44:59 - [TEST_STEP][PASSED] - delay(1): Delayed 1 second(s)

2022-06-28 14:45:00 - [MESSAGE][PASSED] - Delayed 1 second(s)

2022-06-28 14:45:00 - [TEST_STEP][PASSED] - selectOptionByValue(findTestObject("1. Constant/01_id_field_id", ["field_id":"var_26"]), "94", false): All options with value '94' are selected in object 'Object Repository/1. Constant/01_id_field_id' 

2022-06-28 14:45:00 - [MESSAGE][PASSED] - All options with value '94' are selected in object 'Object Repository/1. Constant/01_id_field_id' 

2022-06-28 14:45:00 - [TEST_STEP][PASSED] - delay(1): Delayed 1 second(s)

2022-06-28 14:45:01 - [MESSAGE][PASSED] - Delayed 1 second(s)

2022-06-28 14:45:01 - [TEST_STEP][PASSED] - selectOptionByValue(findTestObject("1. Constant/01_id_field_id", ["field_id":"var_12"]), "94", false): All options with value '94' are selected in object 'Object Repository/1. Constant/01_id_field_id' 

2022-06-28 14:45:02 - [MESSAGE][PASSED] - All options with value '94' are selected in object 'Object Repository/1. Constant/01_id_field_id' 

2022-06-28 14:45:02 - [TEST_STEP][PASSED] - delay(1): Delayed 1 second(s)

2022-06-28 14:45:03 - [MESSAGE][PASSED] - Delayed 1 second(s)

2022-06-28 14:45:03 - [TEST_STEP][PASSED] - selectOptionByValue(findTestObject("1. Constant/01_id_field_id", ["field_id":"var_27"]), "734", false): All options with value '734' are selected in object 'Object Repository/1. Constant/01_id_field_id' 

2022-06-28 14:45:04 - [MESSAGE][PASSED] - All options with value '734' are selected in object 'Object Repository/1. Constant/01_id_field_id' 

2022-06-28 14:45:04 - [TEST_STEP][PASSED] - delay(1): Delayed 1 second(s)

2022-06-28 14:45:05 - [MESSAGE][PASSED] - Delayed 1 second(s)

2022-06-28 14:45:05 - [TEST_STEP][PASSED] - selectOptionByValue(findTestObject("1. Constant/01_id_field_id", ["field_id":"var_71"]), "efood", false): All options with value 'efood' are selected in object 'Object Repository/1. Constant/01_id_field_id' 

2022-06-28 14:45:06 - [MESSAGE][PASSED] - All options with value 'efood' are selected in object 'Object Repository/1. Constant/01_id_field_id' 

2022-06-28 14:45:06 - [TEST_STEP][PASSED] - delay(5): Delayed 5 second(s)

2022-06-28 14:45:11 - [MESSAGE][PASSED] - Delayed 5 second(s)

2022-06-28 14:45:11 - [TEST_STEP][PASSED] - takeScreenshot(): Taking screenshot successfully

2022-06-28 14:45:11 - [MESSAGE][PASSED] - Taking screenshot successfully
[[ATTACHMENT|D:\\Projet Test Auto\\Mediabox Test Automation\\Reports\\20220628_140216\\4618_TestStarpack\\TS\\02.TestStarPack Full Lifecycle _Change of Rights_SAS\\20220628_140217\\1656420311242.png]]

2022-06-28 14:45:11 - [TEST_STEP][PASSED] - click(findTestObject("HL Full Lifecycle/5 ModifyProjPage_button_Update")): Object: 'Object Repository/HL Full Lifecycle/5 ModifyProjPage_button_Update' is clicked on

2022-06-28 14:45:17 - [MESSAGE][PASSED] - Object: 'Object Repository/HL Full Lifecycle/5 ModifyProjPage_button_Update' is clicked on

2022-06-28 14:45:17 - [TEST_STEP][PASSED] - delay(5): Delayed 5 second(s)

2022-06-28 14:45:22 - [MESSAGE][PASSED] - Delayed 5 second(s)

2022-06-28 14:45:22 - [TEST_STEP][PASSED] - Project_No = I.ProjectNo(): Current window's url is: 'https://mdb-v3-test.diadeis.com/Mediabox4618/Base/ExecAction?IDSession=MBI%21TESTAUTO_STARPACK_4618%21EN7NSPZ5RV3J6TNIN27B1L3397M65PO1Q4WB19GM&default_action=AfficheFichesProjet&id_project=MI001287'

2022-06-28 14:45:27 - [MESSAGE][PASSED] - Delayed 5 second(s)

2022-06-28 14:45:28 - [MESSAGE][PASSED] - Current window's url is: 'https://mdb-v3-test.diadeis.com/Mediabox4618/Base/ExecAction?IDSession=MBI%21TESTAUTO_STARPACK_4618%21EN7NSPZ5RV3J6TNIN27B1L3397M65PO1Q4WB19GM&default_action=AfficheFichesProjet&id_project=MI001287'

2022-06-28 14:45:28 - [TEST_STEP][PASSED] - click(findTestObject("Object Repository/StarPack - Full Lifecycle (AWIS)/1.01 View Project id_card_project_div2_div_div3a3")): Object: 'Object Repository/StarPack - Full Lifecycle (AWIS)/1.01 View Project id_card_project_div2_div_div3a3' is clicked on

2022-06-28 14:45:35 - [MESSAGE][PASSED] - Object: 'Object Repository/StarPack - Full Lifecycle (AWIS)/1.01 View Project id_card_project_div2_div_div3a3' is clicked on

2022-06-28 14:45:35 - [TEST_STEP][PASSED] - project_name = getText(findTestObject("1. Constant/xpath", ["xpath":"//*[@id="common_details"]/div[2]/div/div"])): Text of object 'Object Repository/1. Constant/xpath' is: 'AutoTest_Chrome_Starpack__Long_ProjectName_p2BuBTdUy6psT5TzUyT6nD6aDYMpnaYCELc58jhhbeZAwxDhUIUJGlpUcQBnUUOMyAuLtp6rEOLeQiZzBveMux24SrrjRSxbcHIS0YGGBKrf3aDKe4NhNpdteDm6GOJmBaoamFzmSFY1E8bk4vvxBcVWE36l7EWMb3Sl6uGBHPAmD1BQGcYiOc1BtQOlRAK4QDM_juin282022_14444'

2022-06-28 14:45:36 - [MESSAGE][PASSED] - Text of object 'Object Repository/1. Constant/xpath' is: 'AutoTest_Chrome_Starpack__Long_ProjectName_p2BuBTdUy6psT5TzUyT6nD6aDYMpnaYCELc58jhhbeZAwxDhUIUJGlpUcQBnUUOMyAuLtp6rEOLeQiZzBveMux24SrrjRSxbcHIS0YGGBKrf3aDKe4NhNpdteDm6GOJmBaoamFzmSFY1E8bk4vvxBcVWE36l7EWMb3Sl6uGBHPAmD1BQGcYiOc1BtQOlRAK4QDM_juin282022_14444'

2022-06-28 14:45:36 - [TEST_STEP][PASSED] - I.print("No. of char for the project " + project_name + "  >   " + project_name.length()): null

2022-06-28 14:45:36 - [TEST_STEP][PASSED] - if (project_name.length() != 255): null

2022-06-28 14:45:36 - [TEST_STEP][PASSED] - click(findTestObject("1. Constant/xpath", ["xpath":"//*[@id="kt_subheader"]/div/nav/ol/li[2]"])): Object: 'Object Repository/1. Constant/xpath' is clicked on

2022-06-28 14:45:38 - [MESSAGE][PASSED] - Object: 'Object Repository/1. Constant/xpath' is clicked on

2022-06-28 14:45:38 - [TEST_STEP][PASSED] - click(findTestObject("HL Full Lifecycle/6 ReferenceListPage_createrefbutton")): Object: 'Object Repository/HL Full Lifecycle/6 ReferenceListPage_createrefbutton' is clicked on

2022-06-28 14:45:39 - [MESSAGE][PASSED] - Object: 'Object Repository/HL Full Lifecycle/6 ReferenceListPage_createrefbutton' is clicked on

2022-06-28 14:45:39 - [TEST_STEP][PASSED] - click(findTestObject("HL Full Lifecycle/6 ReferenceListPaga_Create a component_button")): Object: 'Object Repository/HL Full Lifecycle/6 ReferenceListPaga_Create a component_button' is clicked on

2022-06-28 14:45:42 - [MESSAGE][PASSED] - Object: 'Object Repository/HL Full Lifecycle/6 ReferenceListPaga_Create a component_button' is clicked on

2022-06-28 14:45:42 - [TEST_STEP][PASSED] - waitForPageLoad(10): Wait for page load successfully

2022-06-28 14:45:42 - [MESSAGE][PASSED] - Wait for page load successfully

2022-06-28 14:45:42 - [TEST_STEP][PASSED] - takeScreenshot(): Taking screenshot successfully

2022-06-28 14:45:43 - [MESSAGE][PASSED] - Taking screenshot successfully
[[ATTACHMENT|D:\\Projet Test Auto\\Mediabox Test Automation\\Reports\\20220628_140216\\4618_TestStarpack\\TS\\02.TestStarPack Full Lifecycle _Change of Rights_SAS\\20220628_140217\\1656420343361.png]]

2022-06-28 14:45:43 - [TEST_STEP][PASSED] - selectOptionByValue(findTestObject("1. Constant/01_id_field_id", ["field_id":"ref_type"]), "11", false): All options with value '11' are selected in object 'Object Repository/1. Constant/01_id_field_id' 

2022-06-28 14:45:45 - [MESSAGE][PASSED] - All options with value '11' are selected in object 'Object Repository/1. Constant/01_id_field_id' 

2022-06-28 14:45:45 - [TEST_STEP][PASSED] - ref_name1 = "Long _name_Ref_" + RandomStringUtils.randomAlphanumeric(47) + "_" + I.gettimedate() + "_testttt": null

2022-06-28 14:45:45 - [TEST_STEP][PASSED] - setText(findTestObject("1. Constant/01_id_field_id", ["field_id":"var_name"]), ref_name1): Text 'Long _name_Ref_tuxeMM9KjOsTgkcjRrQXTk9ar8gDsPwGHWhYgOKZa2HsQYQ_juin282022_144545_testttt' is set on object 'Object Repository/1. Constant/01_id_field_id'

2022-06-28 14:45:46 - [MESSAGE][PASSED] - Text 'Long _name_Ref_tuxeMM9KjOsTgkcjRrQXTk9ar8gDsPwGHWhYgOKZa2HsQYQ_juin282022_144545_testttt' is set on object 'Object Repository/1. Constant/01_id_field_id'

2022-06-28 14:45:46 - [TEST_STEP][PASSED] - text_ref_name1 = getAttribute(findTestObject("1. Constant/01_id_field_id", ["field_id":"var_name"]), "value"): Attribute 'value' of object 'Object Repository/1. Constant/01_id_field_id' is: 'Long _name_Ref_tuxeMM9KjOsTgkcjRrQXTk9ar8gDsPwGHWhYgOKZa2HsQYQ_juin282022_144545'

2022-06-28 14:45:47 - [MESSAGE][PASSED] - Attribute 'value' of object 'Object Repository/1. Constant/01_id_field_id' is: 'Long _name_Ref_tuxeMM9KjOsTgkcjRrQXTk9ar8gDsPwGHWhYgOKZa2HsQYQ_juin282022_144545'

2022-06-28 14:45:47 - [TEST_STEP][PASSED] - I.print("No. of char for the ref " + text_ref_name1 + "  >   " + text_ref_name1.length()): null

2022-06-28 14:45:47 - [TEST_STEP][PASSED] - if (text_ref_name1.length() != 80): null

2022-06-28 14:45:47 - [TEST_STEP][PASSED] - click(findTestObject("HL Full Lifecycle/6 ReferencePg_Create a component_bluebutton")): Object: 'Object Repository/HL Full Lifecycle/6 ReferencePg_Create a component_bluebutton' is clicked on

2022-06-28 14:45:52 - [MESSAGE][PASSED] - Object: 'Object Repository/HL Full Lifecycle/6 ReferencePg_Create a component_bluebutton' is clicked on

2022-06-28 14:45:52 - [TEST_STEP][PASSED] - refID = I.RefID(): Current window's url is: 'https://mdb-v3-test.diadeis.com/Mediabox4618/Base/ExecAction?IDSession=MBI%21TESTAUTO_STARPACK_4618%21EN7NSPZ5RV3J6TNIN27B1L3397M65PO1Q4WB19GM&default_action=ModifierRef&id_project=MI001287&id_ref=6405&action_from=create_ref'

2022-06-28 14:45:57 - [MESSAGE][PASSED] - Delayed 5 second(s)

2022-06-28 14:45:57 - [MESSAGE][PASSED] - Current window's url is: 'https://mdb-v3-test.diadeis.com/Mediabox4618/Base/ExecAction?IDSession=MBI%21TESTAUTO_STARPACK_4618%21EN7NSPZ5RV3J6TNIN27B1L3397M65PO1Q4WB19GM&default_action=ModifierRef&id_project=MI001287&id_ref=6405&action_from=create_ref'

2022-06-28 14:45:57 - [TEST_STEP][PASSED] - out.println(refID): null

2022-06-28 14:45:57 - [TEST_STEP][PASSED] - delay(1): Delayed 1 second(s)

2022-06-28 14:45:58 - [MESSAGE][PASSED] - Delayed 1 second(s)

2022-06-28 14:45:58 - [TEST_STEP][PASSED] - takeScreenshot(): Taking screenshot successfully

2022-06-28 14:45:58 - [MESSAGE][PASSED] - Taking screenshot successfully
[[ATTACHMENT|D:\\Projet Test Auto\\Mediabox Test Automation\\Reports\\20220628_140216\\4618_TestStarpack\\TS\\02.TestStarPack Full Lifecycle _Change of Rights_SAS\\20220628_140217\\1656420358459.png]]

2022-06-28 14:45:58 - [TEST_STEP][PASSED] - sendKeys(findTestObject("1. Constant/01_id_field_id", ["field_id":"var_28"]), "209293"): Keys '209293' sent to object: 'Object Repository/1. Constant/01_id_field_id'

2022-06-28 14:45:59 - [MESSAGE][PASSED] - Keys '209293' sent to object: 'Object Repository/1. Constant/01_id_field_id'

2022-06-28 14:45:59 - [TEST_STEP][PASSED] - delay(20): Delayed 20 second(s)

2022-06-28 14:46:19 - [MESSAGE][PASSED] - Delayed 20 second(s)

2022-06-28 14:46:19 - [TEST_STEP][PASSED] - sendKeys(findTestObject("1. Constant/01_id_field_id", ["field_id":"var_30"]), "test Submarca"): Keys 'test Submarca' sent to object: 'Object Repository/1. Constant/01_id_field_id'

2022-06-28 14:46:19 - [MESSAGE][PASSED] - Keys 'test Submarca' sent to object: 'Object Repository/1. Constant/01_id_field_id'

2022-06-28 14:46:19 - [TEST_STEP][PASSED] - sendKeys(findTestObject("1. Constant/01_id_field_id", ["field_id":"var_31"]), "test Submarca Vínculo con bulto: test Submarca"): Keys 'test Submarca Vínculo con bulto: test Submarca' sent to object: 'Object Repository/1. Constant/01_id_field_id'

2022-06-28 14:46:20 - [MESSAGE][PASSED] - Keys 'test Submarca Vínculo con bulto: test Submarca' sent to object: 'Object Repository/1. Constant/01_id_field_id'

2022-06-28 14:46:20 - [TEST_STEP][PASSED] - selectOptionByValue(findTestObject("1. Constant/01_id_field_id", ["field_id":"var_38"]), "24", false): All options with value '24' are selected in object 'Object Repository/1. Constant/01_id_field_id' 

2022-06-28 14:46:21 - [MESSAGE][PASSED] - All options with value '24' are selected in object 'Object Repository/1. Constant/01_id_field_id' 

2022-06-28 14:46:21 - [TEST_STEP][PASSED] - sendKeys(findTestObject("1. Constant/01_id_field_id", ["field_id":"var_39"]), "8480017155061"): Keys '8480017155061' sent to object: 'Object Repository/1. Constant/01_id_field_id'

2022-06-28 14:46:21 - [MESSAGE][PASSED] - Keys '8480017155061' sent to object: 'Object Repository/1. Constant/01_id_field_id'

2022-06-28 14:46:21 - [TEST_STEP][PASSED] - selectOptionByValue(findTestObject("1. Constant/01_id_field_id", ["field_id":"selSource_19"]), "22", false): All options with value '22' are selected in object 'Object Repository/1. Constant/01_id_field_id' 

2022-06-28 14:46:22 - [MESSAGE][PASSED] - All options with value '22' are selected in object 'Object Repository/1. Constant/01_id_field_id' 

2022-06-28 14:46:22 - [TEST_STEP][PASSED] - click(findTestObject("Object Repository/xxx Todelete/2.01 ModifyRef_Pais")): Object: 'Object Repository/xxx Todelete/2.01 ModifyRef_Pais' is clicked on

2022-06-28 14:46:22 - [MESSAGE][PASSED] - Object: 'Object Repository/xxx Todelete/2.01 ModifyRef_Pais' is clicked on

2022-06-28 14:46:22 - [TEST_STEP][PASSED] - selectOptionByValue(findTestObject("1. Constant/01_id_field_id", ["field_id":"var_75"]), "26", false): All options with value '26' are selected in object 'Object Repository/1. Constant/01_id_field_id' 

2022-06-28 14:46:23 - [MESSAGE][PASSED] - All options with value '26' are selected in object 'Object Repository/1. Constant/01_id_field_id' 

2022-06-28 14:46:23 - [TEST_STEP][PASSED] - click(findTestObject("HL Full Lifecycle/7 ModifyRefPage_button_Save")): Object: 'Object Repository/HL Full Lifecycle/7 ModifyRefPage_button_Save' is clicked on

2022-06-28 14:46:29 - [MESSAGE][PASSED] - Object: 'Object Repository/HL Full Lifecycle/7 ModifyRefPage_button_Save' is clicked on

2022-06-28 14:46:29 - [TEST_STEP][PASSED] - click(findTestObject("1. Constant/xpath", ["xpath":"/html/body/div[1]/div[2]/div[4]/div[3]/div/div[2]/div[2]/div[1]/table/tbody/tr[2]/td[10]/a[3]"])): Object: 'Object Repository/1. Constant/xpath' is clicked on

2022-06-28 14:46:33 - [MESSAGE][PASSED] - Object: 'Object Repository/1. Constant/xpath' is clicked on

2022-06-28 14:46:33 - [TEST_STEP][PASSED] - delay(1): Delayed 1 second(s)

2022-06-28 14:46:34 - [MESSAGE][PASSED] - Delayed 1 second(s)

2022-06-28 14:46:34 - [TEST_STEP][PASSED] - click(findTestObject("Object Repository/StarPack - Full Lifecycle (AWIS)/2.031 RefPg_AnnaSubmit", ["id":"1"])): Object: 'Object Repository/StarPack - Full Lifecycle (AWIS)/2.031 RefPg_AnnaSubmit' is clicked on

2022-06-28 14:46:41 - [MESSAGE][PASSED] - Object: 'Object Repository/StarPack - Full Lifecycle (AWIS)/2.031 RefPg_AnnaSubmit' is clicked on

2022-06-28 14:46:41 - [TEST_STEP][PASSED] - click(findTestObject("1. Constant/xpath", ["xpath":"/html/body/div[1]/div[2]/div[4]/div[3]/div/div[2]/div[2]/div[1]/table/tbody/tr[2]/td[4]/a"])): Object: 'Object Repository/1. Constant/xpath' is clicked on

2022-06-28 14:46:44 - [MESSAGE][PASSED] - Object: 'Object Repository/1. Constant/xpath' is clicked on

2022-06-28 14:46:44 - [TEST_STEP][PASSED] - click(findTestObject("1. Constant/xpath", ["xpath":"//*[@id="kt_content"]/div[3]/div/ul/li[3]/a"])): Object: 'Object Repository/1. Constant/xpath' is clicked on

2022-06-28 14:46:47 - [MESSAGE][PASSED] - Object: 'Object Repository/1. Constant/xpath' is clicked on

2022-06-28 14:46:47 - [TEST_STEP][PASSED] - click(findTestObject("1. Constant/xpath", ["xpath":"/html/body/div[1]/div[2]/div[8]/div[3]/div/div[3]/div[3]/div/div/div[1]/div/div[2]/div/div[1]/div[2]/div/a[3]"])): Object: 'Object Repository/1. Constant/xpath' is clicked on

2022-06-28 14:46:48 - [MESSAGE][PASSED] - Object: 'Object Repository/1. Constant/xpath' is clicked on

2022-06-28 14:46:48 - [TEST_STEP][PASSED] - takeScreenshot(): Taking screenshot successfully

2022-06-28 14:46:48 - [MESSAGE][PASSED] - Taking screenshot successfully
[[ATTACHMENT|D:\\Projet Test Auto\\Mediabox Test Automation\\Reports\\20220628_140216\\4618_TestStarpack\\TS\\02.TestStarPack Full Lifecycle _Change of Rights_SAS\\20220628_140217\\1656420408653.png]]

2022-06-28 14:46:48 - [TEST_STEP][PASSED] - click(findTestObject("1. Constant/xpath", ["xpath":"//*[@id="modal_skip_phase"]/div/div/div[3]/button[2]"])): Object: 'Object Repository/1. Constant/xpath' is clicked on

2022-06-28 14:46:52 - [MESSAGE][PASSED] - Object: 'Object Repository/1. Constant/xpath' is clicked on

2022-06-28 14:46:52 - [TEST_STEP][PASSED] - click(findTestObject("1. Constant/xpath", ["xpath":"/html/body/div[1]/div[2]/div[8]/div[3]/div/div[3]/div[3]/div/ul/li[1]/a"])): Object: 'Object Repository/1. Constant/xpath' is clicked on

2022-06-28 14:46:54 - [MESSAGE][PASSED] - Object: 'Object Repository/1. Constant/xpath' is clicked on

2022-06-28 14:46:54 - [TEST_STEP][PASSED] - click(findTestObject("1. Constant/xpath", ["xpath":"/html/body/div[1]/div[2]/div[8]/div[3]/div/div[3]/div[3]/div/div/div[1]/div/div[2]/div/div[1]/div[2]/a"])): Object: 'Object Repository/1. Constant/xpath' is clicked on

2022-06-28 14:46:55 - [MESSAGE][PASSED] - Object: 'Object Repository/1. Constant/xpath' is clicked on

2022-06-28 14:46:55 - [TEST_STEP][PASSED] - takeScreenshot(): Taking screenshot successfully

2022-06-28 14:46:55 - [MESSAGE][PASSED] - Taking screenshot successfully
[[ATTACHMENT|D:\\Projet Test Auto\\Mediabox Test Automation\\Reports\\20220628_140216\\4618_TestStarpack\\TS\\02.TestStarPack Full Lifecycle _Change of Rights_SAS\\20220628_140217\\1656420415489.png]]

2022-06-28 14:46:55 - [TEST_STEP][PASSED] - A_Skip_Anna = getText(findTestObject("1. Constant/xpath", ["xpath":"/html/body/div[1]/div[2]/div[8]/div[3]/div/div[3]/div[3]/div/div/div[1]/div/div[2]/div/div[2]/h5"])): Text of object 'Object Repository/1. Constant/xpath' is: 'Omitido por ANA DELAMATANIEVES'

2022-06-28 14:46:56 - [MESSAGE][PASSED] - Text of object 'Object Repository/1. Constant/xpath' is: 'Omitido por ANA DELAMATANIEVES'

2022-06-28 14:46:56 - [TEST_STEP][PASSED] - I.print("Skip this phase - " + A_Skip_Anna): null

2022-06-28 14:46:56 - [TEST_STEP][PASSED] - E_Skip_Anna = "Omitido por ANA DELAMATANIEVES": null

2022-06-28 14:46:56 - [TEST_STEP][PASSED] - verifyMatch(E_Skip_Anna, A_Skip_Anna, false): Actual text 'Omitido por ANA DELAMATANIEVES' and expected text 'Omitido por ANA DELAMATANIEVES' are matched 

2022-06-28 14:46:56 - [MESSAGE][PASSED] - Actual text 'Omitido por ANA DELAMATANIEVES' and expected text 'Omitido por ANA DELAMATANIEVES' are matched 

2022-06-28 14:46:56 - [TEST_STEP][PASSED] - click(findTestObject("1. Constant/xpath", ["xpath":"/html/body/div[1]/div[2]/div[8]/div[3]/div/div[3]/div[3]/div/ul/li[2]/a"])): Object: 'Object Repository/1. Constant/xpath' is clicked on

2022-06-28 14:46:56 - [MESSAGE][PASSED] - Object: 'Object Repository/1. Constant/xpath' is clicked on

2022-06-28 14:46:56 - [TEST_STEP][PASSED] - click(findTestObject("1. Constant/xpath", ["xpath":"/html/body/div[1]/div[2]/div[8]/div[3]/div/div[3]/div[3]/div/div/div[2]/div/div[2]/div/div[1]/div[2]/div/a[2]"])): Object: 'Object Repository/1. Constant/xpath' is clicked on

2022-06-28 14:46:57 - [MESSAGE][PASSED] - Object: 'Object Repository/1. Constant/xpath' is clicked on

2022-06-28 14:46:57 - [TEST_STEP][PASSED] - click(findTestObject("1. Constant/xpath", ["xpath":"//*[@id="kt_body"]/div[9]/div/div/div[2]/button[2]"])): Object: 'Object Repository/1. Constant/xpath' is clicked on

2022-06-28 14:47:06 - [MESSAGE][PASSED] - Object: 'Object Repository/1. Constant/xpath' is clicked on

2022-06-28 14:47:06 - [TEST_STEP][PASSED] - click(findTestObject("1. Constant/xpath", ["xpath":"/html/body/div[1]/div[2]/div[8]/div[3]/div/div[3]/div[3]/div/div/div[2]/div/div/div/div[1]/div[2]/div/a[3]"])): Object: 'Object Repository/1. Constant/xpath' is clicked on

2022-06-28 14:47:08 - [MESSAGE][PASSED] - Object: 'Object Repository/1. Constant/xpath' is clicked on

2022-06-28 14:47:08 - [TEST_STEP][PASSED] - click(findTestObject("1. Constant/xpath", ["xpath":"//*[@id="modal_skip_phase"]/div/div/div[3]/button[2]"])): Object: 'Object Repository/1. Constant/xpath' is clicked on

2022-06-28 14:47:14 - [MESSAGE][PASSED] - Object: 'Object Repository/1. Constant/xpath' is clicked on

2022-06-28 14:47:14 - [TEST_STEP][PASSED] - click(findTestObject("1. Constant/xpath", ["xpath":"//*[@id="kt_subheader"]/div/nav/ol/li[2]"])): Object: 'Object Repository/1. Constant/xpath' is clicked on

2022-06-28 14:47:18 - [MESSAGE][PASSED] - Object: 'Object Repository/1. Constant/xpath' is clicked on

2022-06-28 14:47:18 - [TEST_STEP][PASSED] - delay(1): Delayed 1 second(s)

2022-06-28 14:47:19 - [MESSAGE][PASSED] - Delayed 1 second(s)

2022-06-28 14:47:19 - [TEST_STEP][PASSED] - color1 = getCSSValue(findTestObject("1. Constant/xpath", ["xpath":"/html/body/div[1]/div[2]/div[4]/div[3]/div/div[2]/div[2]/div[1]/table/tbody/tr[2]/td[10]/a[3]"]), "color", OPTIONAL): Get CSS 'color' value on 'Object Repository/1. Constant/xpath' successfully: 'rgba(255, 255, 255, 1)'.

2022-06-28 14:47:20 - [MESSAGE][PASSED] - Get CSS 'color' value on 'Object Repository/1. Constant/xpath' successfully: 'rgba(255, 255, 255, 1)'.

2022-06-28 14:47:20 - [TEST_STEP][PASSED] - I.print(color1): null

2022-06-28 14:47:20 - [TEST_STEP][PASSED] - while (color1 == "rgba(255, 255, 255, 1)"): null

2022-06-28 14:47:20 - [TEST_STEP][PASSED] - click(findTestObject("1. Constant/xpath", ["xpath":"/html/body/div[1]/div[2]/div[4]/div[3]/div/div[2]/div[2]/div[1]/table/tbody/tr[2]/td[10]/a[3]"])): Object: 'Object Repository/1. Constant/xpath' is clicked on

2022-06-28 14:47:22 - [MESSAGE][PASSED] - Object: 'Object Repository/1. Constant/xpath' is clicked on

2022-06-28 14:47:22 - [TEST_STEP][PASSED] - takeScreenshot(): Taking screenshot successfully

2022-06-28 14:47:23 - [MESSAGE][PASSED] - Taking screenshot successfully
[[ATTACHMENT|D:\\Projet Test Auto\\Mediabox Test Automation\\Reports\\20220628_140216\\4618_TestStarpack\\TS\\02.TestStarPack Full Lifecycle _Change of Rights_SAS\\20220628_140217\\1656420443204.png]]

2022-06-28 14:47:23 - [TEST_STEP][PASSED] - I.UploadDoc_sendkey_Prod(findTestObject("1. Constant/xpath", ["xpath":"//*[@id="kt_body"]/input[2]"]), "D:\Upoad_File\Upload doc\testdataaddition1.jpg", "testdataaddition1.jpg"): Delayed 5 second(s)

2022-06-28 14:47:23 - [MESSAGE][PASSED] - Scroll to object 'Object Repository/1. Constant/xpath' successfully

2022-06-28 14:47:28 - [MESSAGE][PASSED] - Delayed 5 second(s)

2022-06-28 14:47:29 - [MESSAGE][PASSED] - File 'D:\Upoad_File\Upload doc\testdataaddition1.jpg' sent to object: 'Object Repository/1. Constant/xpath'

2022-06-28 14:47:34 - [MESSAGE][PASSED] - Delayed 5 second(s)

2022-06-28 14:47:34 - [MESSAGE][PASSED] - Text 'testdataaddition1.jpg' is present on page 

2022-06-28 14:47:39 - [MESSAGE][PASSED] - Delayed 5 second(s)

2022-06-28 14:47:44 - [MESSAGE][PASSED] - Delayed 5 second(s)

2022-06-28 14:47:44 - [TEST_STEP][PASSED] - takeScreenshot(): Taking screenshot successfully

2022-06-28 14:47:44 - [MESSAGE][PASSED] - Taking screenshot successfully
[[ATTACHMENT|D:\\Projet Test Auto\\Mediabox Test Automation\\Reports\\20220628_140216\\4618_TestStarpack\\TS\\02.TestStarPack Full Lifecycle _Change of Rights_SAS\\20220628_140217\\1656420464700.png]]

2022-06-28 14:47:44 - [TEST_STEP][PASSED] - delay(10): Delayed 10 second(s)

2022-06-28 14:47:54 - [MESSAGE][PASSED] - Delayed 10 second(s)

2022-06-28 14:47:54 - [TEST_STEP][PASSED] - I.click_button_javascript(findTestObject("1. Constant/xpath", ["xpath":"//*[@id="ModifFiche"]/div[1]/div/button"])): Execute JavaScript 'arguments[0].click()' successfully

2022-06-28 14:48:02 - [MESSAGE][PASSED] - Execute JavaScript 'arguments[0].click()' successfully

2022-06-28 14:48:02 - [TEST_STEP][PASSED] - delay(5): Delayed 5 second(s)

2022-06-28 14:48:07 - [MESSAGE][PASSED] - Delayed 5 second(s)

2022-06-28 14:48:07 - [TEST_STEP][PASSED] - if (verifyElementPresent(findTestObject("1. Constant/xpath", ["xpath":"/html/body/div[1]/div[2]/div[4]/div[3]/div/div[2]/div[2]/div[1]/table/tbody/tr[2]/td[10]/a[3]"]), 10, OPTIONAL)): com.kms.katalon.core.webui.exception.WebElementNotFoundException: Web element with id: 'Object Repository/1. Constant/xpath' located by '/html/body/div[1]/div[2]/div[4]/div[3]/div/div[2]/div[2]/div[1]/table/tbody/tr[2]/td[10]/a[3]' not found (Root cause: com.kms.katalon.core.exception.StepFailedException: com.kms.katalon.core.webui.exception.WebElementNotFoundException: Web element with id: 'Object Repository/1. Constant/xpath' located by '/html/body/div[1]/div[2]/div[4]/div[3]/div/div[2]/div[2]/div[1]/table/tbody/tr[2]/td[10]/a[3]' not found
	at com.kms.katalon.core.webui.keyword.internal.WebUIKeywordMain.stepFailed(WebUIKeywordMain.groovy:64)
	at com.kms.katalon.core.webui.keyword.builtin.VerifyElementPresentKeyword$_verifyElementPresent_closure1.doCall(VerifyElementPresentKeyword.groovy:85)
	at com.kms.katalon.core.webui.keyword.builtin.VerifyElementPresentKeyword$_verifyElementPresent_closure1.call(VerifyElementPresentKeyword.groovy)
	at com.kms.katalon.core.webui.keyword.internal.WebUIKeywordMain.runKeyword(WebUIKeywordMain.groovy:20)
	at com.kms.katalon.core.webui.keyword.builtin.VerifyElementPresentKeyword.verifyElementPresent(VerifyElementPresentKeyword.groovy:92)
	at com.kms.katalon.core.webui.keyword.builtin.VerifyElementPresentKeyword.execute(VerifyElementPresentKeyword.groovy:68)
	at com.kms.katalon.core.keyword.internal.KeywordExecutor.executeKeywordForPlatform(KeywordExecutor.groovy:74)
	at com.kms.katalon.core.webui.keyword.WebUiBuiltInKeywords.verifyElementPresent(WebUiBuiltInKeywords.groovy:1448)
	at com.kms.katalon.core.webui.keyword.WebUiBuiltInKeywords$verifyElementPresent$18.call(Unknown Source)
	at 4.04 Star Pack - Project Name (255) _ Ref Name (80) (Chrome).run(4.04 Star Pack - Project Name (255) _ Ref Name (80) (Chrome):343)
	at com.kms.katalon.core.main.ScriptEngine.run(ScriptEngine.java:194)
	at com.kms.katalon.core.main.ScriptEngine.runScriptAsRawText(ScriptEngine.java:119)
	at com.kms.katalon.core.main.TestCaseExecutor.runScript(TestCaseExecutor.java:445)
	at com.kms.katalon.core.main.TestCaseExecutor.doExecute(TestCaseExecutor.java:436)
	at com.kms.katalon.core.main.TestCaseExecutor.processExecutionPhase(TestCaseExecutor.java:415)
	at com.kms.katalon.core.main.TestCaseExecutor.accessMainPhase(TestCaseExecutor.java:407)
	at com.kms.katalon.core.main.TestCaseExecutor.execute(TestCaseExecutor.java:284)
	at com.kms.katalon.core.common.CommonExecutor.accessTestCaseMainPhase(CommonExecutor.java:65)
	at com.kms.katalon.core.main.TestSuiteExecutor.accessTestSuiteMainPhase(TestSuiteExecutor.java:144)
	at com.kms.katalon.core.main.TestSuiteExecutor.execute(TestSuiteExecutor.java:106)
	at com.kms.katalon.core.main.TestCaseMain.startTestSuite(TestCaseMain.java:185)
	at com.kms.katalon.core.main.TestCaseMain$startTestSuite$0.call(Unknown Source)
	at TempTestSuite1656417737756.run(TempTestSuite1656417737756.groovy:36)
)

2022-06-28 14:48:18 - [MESSAGE][INFO] - Unable to find the element located by 'By.xpath: /html/body/div[1]/div[2]/div[4]/div[3]/div/div[2]/div[2]/div[1]/table/tbody/tr[2]/td[10]/a[3]'. Please recheck the objects properties to make sure the desired element is located. 

2022-06-28 14:48:19 - [MESSAGE][WARNING] - com.kms.katalon.core.webui.exception.WebElementNotFoundException: Web element with id: 'Object Repository/1. Constant/xpath' located by '/html/body/div[1]/div[2]/div[4]/div[3]/div/div[2]/div[2]/div[1]/table/tbody/tr[2]/td[10]/a[3]' not found (Root cause: com.kms.katalon.core.exception.StepFailedException: com.kms.katalon.core.webui.exception.WebElementNotFoundException: Web element with id: 'Object Repository/1. Constant/xpath' located by '/html/body/div[1]/div[2]/div[4]/div[3]/div/div[2]/div[2]/div[1]/table/tbody/tr[2]/td[10]/a[3]' not found
	at com.kms.katalon.core.webui.keyword.internal.WebUIKeywordMain.stepFailed(WebUIKeywordMain.groovy:64)
	at com.kms.katalon.core.webui.keyword.builtin.VerifyElementPresentKeyword$_verifyElementPresent_closure1.doCall(VerifyElementPresentKeyword.groovy:85)
	at com.kms.katalon.core.webui.keyword.builtin.VerifyElementPresentKeyword$_verifyElementPresent_closure1.call(VerifyElementPresentKeyword.groovy)
	at com.kms.katalon.core.webui.keyword.internal.WebUIKeywordMain.runKeyword(WebUIKeywordMain.groovy:20)
	at com.kms.katalon.core.webui.keyword.builtin.VerifyElementPresentKeyword.verifyElementPresent(VerifyElementPresentKeyword.groovy:92)
	at com.kms.katalon.core.webui.keyword.builtin.VerifyElementPresentKeyword.execute(VerifyElementPresentKeyword.groovy:68)
	at com.kms.katalon.core.keyword.internal.KeywordExecutor.executeKeywordForPlatform(KeywordExecutor.groovy:74)
	at com.kms.katalon.core.webui.keyword.WebUiBuiltInKeywords.verifyElementPresent(WebUiBuiltInKeywords.groovy:1448)
	at com.kms.katalon.core.webui.keyword.WebUiBuiltInKeywords$verifyElementPresent$18.call(Unknown Source)
	at 4.04 Star Pack - Project Name (255) _ Ref Name (80) (Chrome).run(4.04 Star Pack - Project Name (255) _ Ref Name (80) (Chrome):343)
	at com.kms.katalon.core.main.ScriptEngine.run(ScriptEngine.java:194)
	at com.kms.katalon.core.main.ScriptEngine.runScriptAsRawText(ScriptEngine.java:119)
	at com.kms.katalon.core.main.TestCaseExecutor.runScript(TestCaseExecutor.java:445)
	at com.kms.katalon.core.main.TestCaseExecutor.doExecute(TestCaseExecutor.java:436)
	at com.kms.katalon.core.main.TestCaseExecutor.processExecutionPhase(TestCaseExecutor.java:415)
	at com.kms.katalon.core.main.TestCaseExecutor.accessMainPhase(TestCaseExecutor.java:407)
	at com.kms.katalon.core.main.TestCaseExecutor.execute(TestCaseExecutor.java:284)
	at com.kms.katalon.core.common.CommonExecutor.accessTestCaseMainPhase(CommonExecutor.java:65)
	at com.kms.katalon.core.main.TestSuiteExecutor.accessTestSuiteMainPhase(TestSuiteExecutor.java:144)
	at com.kms.katalon.core.main.TestSuiteExecutor.execute(TestSuiteExecutor.java:106)
	at com.kms.katalon.core.main.TestCaseMain.startTestSuite(TestCaseMain.java:185)
	at com.kms.katalon.core.main.TestCaseMain$startTestSuite$0.call(Unknown Source)
	at TempTestSuite1656417737756.run(TempTestSuite1656417737756.groovy:36)
)
[[ATTACHMENT|D:\\Projet Test Auto\\Mediabox Test Automation\\Reports\\20220628_140216\\4618_TestStarpack\\TS\\02.TestStarPack Full Lifecycle _Change of Rights_SAS\\20220628_140217\\1656420498976.png]]

2022-06-28 14:48:19 - [TEST_STEP][PASSED] - else: null

2022-06-28 14:48:19 - [TEST_STEP][PASSED] - color1 = "white": null

2022-06-28 14:48:19 - [TEST_STEP][PASSED] - click(findTestObject("1. Constant/xpath", ["xpath":"/html/body/div[1]/div[2]/div[4]/div[3]/div/div[2]/div[2]/div[1]/table/tbody/tr[2]/td[4]/a"])): Object: 'Object Repository/1. Constant/xpath' is clicked on

2022-06-28 14:48:22 - [MESSAGE][PASSED] - Object: 'Object Repository/1. Constant/xpath' is clicked on

2022-06-28 14:48:22 - [TEST_STEP][PASSED] - click(findTestObject("1. Constant/xpath", ["xpath":"//*[@id="kt_content"]/div[3]/div/ul/li[3]/a"])): Object: 'Object Repository/1. Constant/xpath' is clicked on

2022-06-28 14:48:26 - [MESSAGE][PASSED] - Object: 'Object Repository/1. Constant/xpath' is clicked on

2022-06-28 14:48:26 - [TEST_STEP][PASSED] - click(findTestObject("1. Constant/xpath", ["xpath":"/html/body/div[1]/div[2]/div[8]/div[3]/div/div[3]/div[3]/div/div/div[3]/div/div[3]/div/div[1]/div[2]/div/a[2]"])): Object: 'Object Repository/1. Constant/xpath' is clicked on

2022-06-28 14:48:27 - [MESSAGE][PASSED] - Object: 'Object Repository/1. Constant/xpath' is clicked on

2022-06-28 14:48:27 - [TEST_STEP][PASSED] - click(findTestObject("1. Constant/xpath", ["xpath":"//*[@id="kt_body"]/div[9]/div/div/div[2]/button[2]"])): Object: 'Object Repository/1. Constant/xpath' is clicked on

2022-06-28 14:48:30 - [MESSAGE][PASSED] - Object: 'Object Repository/1. Constant/xpath' is clicked on

2022-06-28 14:48:30 - [TEST_STEP][PASSED] - click(findTestObject("1. Constant/xpath", ["xpath":"/html/body/div[1]/div[2]/div[8]/div[3]/div/div[3]/div[3]/div/div/div[3]/div/div[3]/div/div[1]/div[2]/div/a[2]"])): Object: 'Object Repository/1. Constant/xpath' is clicked on

2022-06-28 14:48:32 - [MESSAGE][PASSED] - Object: 'Object Repository/1. Constant/xpath' is clicked on

2022-06-28 14:48:32 - [TEST_STEP][PASSED] - click(findTestObject("1. Constant/xpath", ["xpath":"//*[@id="kt_body"]/div[9]/div/div/div[2]/button[2]"])): Object: 'Object Repository/1. Constant/xpath' is clicked on

2022-06-28 14:48:45 - [MESSAGE][PASSED] - Object: 'Object Repository/1. Constant/xpath' is clicked on

2022-06-28 14:48:45 - [TEST_STEP][PASSED] - click(findTestObject("1. Constant/xpath", ["xpath":"//*[@id="kt_content"]/div[3]/div/ul/li[2]/a"])): Object: 'Object Repository/1. Constant/xpath' is clicked on

2022-06-28 14:48:47 - [MESSAGE][PASSED] - Object: 'Object Repository/1. Constant/xpath' is clicked on

2022-06-28 14:48:47 - [TEST_STEP][PASSED] - click(findTestObject("1. Constant/xpath", ["xpath":"//*[@id="aff_doc_AW"]"])): Object: 'Object Repository/1. Constant/xpath' is clicked on

2022-06-28 14:48:49 - [MESSAGE][PASSED] - Object: 'Object Repository/1. Constant/xpath' is clicked on

2022-06-28 14:48:49 - [TEST_STEP][PASSED] - I.Approveforothers("//*[@id="level_apl_0"]/div[2]/div[2]/div/div", "//*[@id="level_apl_0"]/div[2]/div[2]/div/div/div[6]/a[2]/span"): Object: 'Object Repository/1. Constant/xpath' is clicked on

2022-06-28 14:48:50 - [MESSAGE][PASSED] - Object: 'Object Repository/1. Constant/xpath' is clicked on

2022-06-28 14:48:51 - [MESSAGE][PASSED] - Delayed 1 second(s)

2022-06-28 14:48:51 - [MESSAGE][PASSED] - Object: 'Object Repository/1. Constant/xpath' is clicked on

2022-06-28 14:48:52 - [MESSAGE][PASSED] - Delayed 1 second(s)

2022-06-28 14:48:53 - [MESSAGE][PASSED] - Object: 'Object Repository/1. Constant/xpath' is hovered

2022-06-28 14:48:54 - [MESSAGE][PASSED] - Object: 'Object Repository/1. Constant/xpath' is clicked on

2022-06-28 14:48:55 - [MESSAGE][PASSED] - Delayed 1 second(s)

2022-06-28 14:49:01 - [MESSAGE][PASSED] - Object: 'Object Repository/1. Constant/xpath' is clicked on

2022-06-28 14:49:01 - [TEST_STEP][PASSED] - click(findTestObject("1. Constant/xpath", ["xpath":"//*[@id="kt_subheader"]/div/nav/ol/li[2]/a"])): Object: 'Object Repository/1. Constant/xpath' is clicked on

2022-06-28 14:49:15 - [MESSAGE][PASSED] - Object: 'Object Repository/1. Constant/xpath' is clicked on

2022-06-28 14:49:15 - [TEST_STEP][PASSED] - status = getText(findTestObject("1. Constant/xpath", ["xpath":"/html/body/div[1]/div[2]/div[4]/div[3]/div/div[2]/div[2]/div[1]/table/tbody/tr[2]/td[7]/span"])): Text of object 'Object Repository/1. Constant/xpath' is: 'Completado'

2022-06-28 14:49:16 - [MESSAGE][PASSED] - Text of object 'Object Repository/1. Constant/xpath' is: 'Completado'

2022-06-28 14:49:16 - [TEST_STEP][PASSED] - verifyMatch(status, "Completado", false): Actual text 'Completado' and expected text 'Completado' are matched 

2022-06-28 14:49:16 - [MESSAGE][PASSED] - Actual text 'Completado' and expected text 'Completado' are matched 

2022-06-28 14:49:16 - [TEST_STEP][PASSED] - closeBrowser(): Browser is closed

2022-06-28 14:49:18 - [MESSAGE][PASSED] - Browser is closed

2022-06-28 14:49:18 - [TEST_STEP][PASSED] - Start listener action : sampleAfterTestCase: null]]></system-out>
         <system-err><![CDATA[]]></system-err>
      </testcase>
      <testcase name="Test Cases/15 Sephora _ Starpack Add Phase Manually (Completed_Not completed ref)/15.03 Starpack Flashback (Complete ref) Add Phase group - Existing ref 4.01 P2" time="235.365" classname="Test Cases/15 Sephora _ Starpack Add Phase Manually (Completed_Not completed ref)/15.03 Starpack Flashback (Complete ref) Add Phase group - Existing ref 4.01 P2" status="PASSED">
         <system-out><![CDATA[2022-06-28 14:49:18 - [TEST_CASE][PASSED] - Test Cases/15 Sephora _ Starpack Add Phase Manually (Completed_Not completed ref)/15.03 Starpack Flashback (Complete ref) Add Phase group - Existing ref 4.01 P2: Test Cases/15 Sephora _ Starpack Add Phase Manually (Completed_Not completed ref)/15.03 Starpack Flashback (Complete ref) Add Phase group - Existing ref 4.01 P2

2022-06-28 14:49:19 - [TEST_STEP][PASSED] - data = findTestData("Data Files/Username_Password/Starpack (10June2021)"): null

2022-06-28 14:49:19 - [TEST_STEP][PASSED] - password_suser = data.getValue(2, 1): null

2022-06-28 14:49:19 - [TEST_STEP][PASSED] - password_aherms = data.getValue(2, 2): null

2022-06-28 14:49:19 - [TEST_STEP][PASSED] - data_urlRELAUTO = findTestData("Data Files/URL/URL_relauto"): null

2022-06-28 14:49:19 - [TEST_STEP][PASSED] - Url_Starpack = data_urlRELAUTO.getValue(2, 2): null

2022-06-28 14:49:19 - [TEST_STEP][PASSED] - Project_No = I.readnotepad("D:\Upoad_File\Projet_ Login\StarPack\4.01 StarPack _Project_No\4.01_StarPack_ProjectNo.txt"): null

2022-06-28 14:49:19 - [TEST_STEP][PASSED] - refID = I.readnotepad("D:\Upoad_File\Projet_ Login\StarPack\4.01 StarPack _Project_No\4.01_StarPack_refID.txt"): null

2022-06-28 14:49:19 - [TEST_STEP][PASSED] - refID_PS = I.readnotepad("D:\Upoad_File\Projet_ Login\StarPack\4.01 StarPack _Project_No\4.01_StarPack_refID_PS.txt"): null

2022-06-28 14:49:19 - [TEST_STEP][PASSED] - refID_PTS = I.readnotepad("D:\Upoad_File\Projet_ Login\StarPack\4.01 StarPack _Project_No\4.01_StarPack_refID_PTS.txt"): null

2022-06-28 14:49:19 - [TEST_STEP][PASSED] - refID_TD = I.readnotepad("D:\Upoad_File\Projet_ Login\StarPack\4.01 StarPack _Project_No\4.01_StarPack_refID_TD.txt"): null

2022-06-28 14:49:19 - [TEST_STEP][PASSED] - openBrowser(Url_Starpack): Browser is opened with url: 'https://mdb-v3-test.diadeis.com/Mediabox4618/?MBI_datasource=TESTAUTO_STARPACK_4618'

2022-06-28 14:49:19 - [MESSAGE][INFO] - Starting 'Chrome' driver

2022-06-28 14:49:19 - [MESSAGE][INFO] - User set preference: ['arg', '[[--lang=en-GB]]']

2022-06-28 14:49:19 - [MESSAGE][INFO] - Action delay is set to 0 milliseconds

2022-06-28 14:49:28 - [MESSAGE][PASSED] - Browser is opened with url: 'https://mdb-v3-test.diadeis.com/Mediabox4618/?MBI_datasource=TESTAUTO_STARPACK_4618'

2022-06-28 14:49:28 - [TEST_STEP][PASSED] - maximizeWindow(): Current window maximized

2022-06-28 14:49:28 - [MESSAGE][PASSED] - Current window maximized

2022-06-28 14:49:28 - [TEST_STEP][PASSED] - I.Login_password("suser", password_suser): Object: 'Object Repository/1. Constant/xpath' is clicked on

2022-06-28 14:49:29 - [MESSAGE][PASSED] - Text 'suser' is set on object 'Object Repository/1. Constant/xpath'

2022-06-28 14:49:30 - [MESSAGE][PASSED] - Delayed 1 second(s)

2022-06-28 14:49:31 - [MESSAGE][PASSED] - Text 'dchi2' is set on object 'Object Repository/1. Constant/xpath'

2022-06-28 14:49:32 - [MESSAGE][PASSED] - Delayed 1 second(s)

2022-06-28 14:49:39 - [MESSAGE][PASSED] - Object: 'Object Repository/1. Constant/xpath' is clicked on

2022-06-28 14:49:39 - [TEST_STEP][PASSED] - takeScreenshot(): Taking screenshot successfully

2022-06-28 14:49:40 - [MESSAGE][PASSED] - Taking screenshot successfully
[[ATTACHMENT|D:\\Projet Test Auto\\Mediabox Test Automation\\Reports\\20220628_140216\\4618_TestStarpack\\TS\\02.TestStarPack Full Lifecycle _Change of Rights_SAS\\20220628_140217\\1656420580145.png]]

2022-06-28 14:49:40 - [TEST_STEP][PASSED] - click(findTestObject("1. Constant/02_LHSMenu_Projects")): Object: 'Object Repository/1. Constant/02_LHSMenu_Projects' is clicked on

2022-06-28 14:49:48 - [MESSAGE][PASSED] - Object: 'Object Repository/1. Constant/02_LHSMenu_Projects' is clicked on

2022-06-28 14:49:48 - [TEST_STEP][PASSED] - I.SearchProjectNo_xpath(Project_No, "//*[@id="keynum_project"]", "//*[@id="form_filters"]/div[4]/button"): Delayed 5 second(s)

2022-06-28 14:49:49 - [MESSAGE][PASSED] - Delayed 1 second(s)

2022-06-28 14:49:50 - [MESSAGE][PASSED] - Text 'MI001284' is set on object 'Object Repository/1. Constant/xpath'

2022-06-28 14:49:53 - [MESSAGE][PASSED] - Delayed 3 second(s)

2022-06-28 14:49:54 - [MESSAGE][PASSED] - Scroll to object 'Object Repository/1. Constant/xpath' successfully

2022-06-28 14:49:58 - [MESSAGE][PASSED] - Object: 'Object Repository/1. Constant/xpath' is clicked on

2022-06-28 14:50:03 - [MESSAGE][PASSED] - Delayed 5 second(s)

2022-06-28 14:50:03 - [TEST_STEP][PASSED] - takeScreenshot(): Taking screenshot successfully

2022-06-28 14:50:03 - [MESSAGE][PASSED] - Taking screenshot successfully
[[ATTACHMENT|D:\\Projet Test Auto\\Mediabox Test Automation\\Reports\\20220628_140216\\4618_TestStarpack\\TS\\02.TestStarPack Full Lifecycle _Change of Rights_SAS\\20220628_140217\\1656420603360.png]]

2022-06-28 14:50:03 - [TEST_STEP][PASSED] - delay(1): Delayed 1 second(s)

2022-06-28 14:50:04 - [MESSAGE][PASSED] - Delayed 1 second(s)

2022-06-28 14:50:04 - [TEST_STEP][PASSED] - setText(findTestObject("1. Constant/xpath", ["xpath":"//*[@id="fiche_filter_keywords11"]"]), "PTS"): Text 'PTS' is set on object 'Object Repository/1. Constant/xpath'

2022-06-28 14:50:05 - [MESSAGE][PASSED] - Text 'PTS' is set on object 'Object Repository/1. Constant/xpath'

2022-06-28 14:50:05 - [TEST_STEP][PASSED] - takeScreenshot(): Taking screenshot successfully

2022-06-28 14:50:05 - [MESSAGE][PASSED] - Taking screenshot successfully
[[ATTACHMENT|D:\\Projet Test Auto\\Mediabox Test Automation\\Reports\\20220628_140216\\4618_TestStarpack\\TS\\02.TestStarPack Full Lifecycle _Change of Rights_SAS\\20220628_140217\\1656420605605.png]]

2022-06-28 14:50:05 - [TEST_STEP][PASSED] - click(findTestObject("1. Constant/xpath", ["xpath":"//*[@id="source_" + refID_PTS + ""]/td[4]/a"])): Object: 'Object Repository/1. Constant/xpath' is clicked on

2022-06-28 14:50:09 - [MESSAGE][PASSED] - Object: 'Object Repository/1. Constant/xpath' is clicked on

2022-06-28 14:50:09 - [TEST_STEP][PASSED] - click(findTestObject("1. Constant/xpath", ["xpath":"//*[@id="kt_content"]/div[3]/div/ul/li[3]/a"])): Object: 'Object Repository/1. Constant/xpath' is clicked on

2022-06-28 14:50:10 - [MESSAGE][PASSED] - Object: 'Object Repository/1. Constant/xpath' is clicked on

2022-06-28 14:50:10 - [TEST_STEP][PASSED] - takeScreenshot(): Taking screenshot successfully

2022-06-28 14:50:11 - [MESSAGE][PASSED] - Taking screenshot successfully
[[ATTACHMENT|D:\\Projet Test Auto\\Mediabox Test Automation\\Reports\\20220628_140216\\4618_TestStarpack\\TS\\02.TestStarPack Full Lifecycle _Change of Rights_SAS\\20220628_140217\\1656420611616.png]]

2022-06-28 14:50:11 - [TEST_STEP][PASSED] - click(findTestObject("1. Constant/xpath", ["xpath":"/html/body/div[1]/div[2]/div[8]/div[3]/div/div[3]/div[3]/div/ul/li/a"])): Object: 'Object Repository/1. Constant/xpath' is clicked on

2022-06-28 14:50:12 - [MESSAGE][PASSED] - Object: 'Object Repository/1. Constant/xpath' is clicked on

2022-06-28 14:50:12 - [TEST_STEP][PASSED] - takeScreenshot(): Taking screenshot successfully

2022-06-28 14:50:12 - [MESSAGE][PASSED] - Taking screenshot successfully
[[ATTACHMENT|D:\\Projet Test Auto\\Mediabox Test Automation\\Reports\\20220628_140216\\4618_TestStarpack\\TS\\02.TestStarPack Full Lifecycle _Change of Rights_SAS\\20220628_140217\\1656420612728.png]]

2022-06-28 14:50:12 - [TEST_STEP][PASSED] - click(findTestObject("1. Constant/xpath", ["xpath":"/html/body/div[1]/div[2]/div[8]/div[3]/div/div[3]/div[3]/div/div/div/div/div[3]/div/div[1]/div[2]/div/a[1]"])): Object: 'Object Repository/1. Constant/xpath' is clicked on

2022-06-28 14:50:13 - [MESSAGE][PASSED] - Object: 'Object Repository/1. Constant/xpath' is clicked on

2022-06-28 14:50:13 - [TEST_STEP][PASSED] - delay(1): Delayed 1 second(s)

2022-06-28 14:50:14 - [MESSAGE][PASSED] - Delayed 1 second(s)

2022-06-28 14:50:14 - [TEST_STEP][PASSED] - takeScreenshot(): Taking screenshot successfully

2022-06-28 14:50:14 - [MESSAGE][PASSED] - Taking screenshot successfully
[[ATTACHMENT|D:\\Projet Test Auto\\Mediabox Test Automation\\Reports\\20220628_140216\\4618_TestStarpack\\TS\\02.TestStarPack Full Lifecycle _Change of Rights_SAS\\20220628_140217\\1656420614708.png]]

2022-06-28 14:50:14 - [TEST_STEP][PASSED] - I.SelectFromList_Value("//*[@id="added_grp_phase"]", "9"): Delayed 2 second(s)

2022-06-28 14:50:15 - [MESSAGE][PASSED] - All options with value '9' are selected in object 'Object Repository/1. Constant/xpath' 

2022-06-28 14:50:17 - [MESSAGE][PASSED] - Delayed 2 second(s)

2022-06-28 14:50:17 - [TEST_STEP][PASSED] - delay(1): Delayed 1 second(s)

2022-06-28 14:50:18 - [MESSAGE][PASSED] - Delayed 1 second(s)

2022-06-28 14:50:18 - [TEST_STEP][PASSED] - takeScreenshot(): Taking screenshot successfully

2022-06-28 14:50:19 - [MESSAGE][PASSED] - Taking screenshot successfully
[[ATTACHMENT|D:\\Projet Test Auto\\Mediabox Test Automation\\Reports\\20220628_140216\\4618_TestStarpack\\TS\\02.TestStarPack Full Lifecycle _Change of Rights_SAS\\20220628_140217\\1656420618861.png]]

2022-06-28 14:50:19 - [TEST_STEP][PASSED] - click(findTestObject("1. Constant/xpath", ["xpath":"//*[@id="modal_addphase"]/div/div/div[3]/button[2]"])): Object: 'Object Repository/1. Constant/xpath' is clicked on

2022-06-28 14:50:24 - [MESSAGE][PASSED] - Object: 'Object Repository/1. Constant/xpath' is clicked on

2022-06-28 14:50:24 - [TEST_STEP][PASSED] - delay(1): Delayed 1 second(s)

2022-06-28 14:50:26 - [MESSAGE][PASSED] - Delayed 1 second(s)

2022-06-28 14:50:26 - [TEST_STEP][PASSED] - I.Pagedown(): Execute JavaScript 'window.scrollTo(0, document.body.scrollHeight)' successfully

2022-06-28 14:50:27 - [MESSAGE][PASSED] - Execute JavaScript 'window.scrollTo(0, document.body.scrollHeight)' successfully

2022-06-28 14:50:27 - [TEST_STEP][PASSED] - I.VerifyMatchText("/html/body/div[1]/div[2]/div[8]/div[3]/div/div[3]/div[3]/div/div/div/div/div[4]/div/div[1]", "PTS"): Actual text 'PTS' and expected text 'PTS' are matched 

2022-06-28 14:50:28 - [MESSAGE][PASSED] - Text of object 'Object Repository/1. Constant/xpath' is: 'PTS'

2022-06-28 14:50:29 - [MESSAGE][PASSED] - Delayed 1 second(s)

2022-06-28 14:50:29 - [MESSAGE][PASSED] - Actual text 'PTS' and expected text 'PTS' are matched 

2022-06-28 14:50:29 - [TEST_STEP][PASSED] - I.VerifyMatchText("/html/body/div[1]/div[2]/div[8]/div[3]/div/div[3]/div[3]/div/div/div/div/div[5]/div/div[1]/div[1]", "PTS Approval"): Actual text 'PTS Approval' and expected text 'PTS Approval' are matched 

2022-06-28 14:50:29 - [MESSAGE][PASSED] - Text of object 'Object Repository/1. Constant/xpath' is: 'PTS Approval'

2022-06-28 14:50:30 - [MESSAGE][PASSED] - Delayed 1 second(s)

2022-06-28 14:50:30 - [MESSAGE][PASSED] - Actual text 'PTS Approval' and expected text 'PTS Approval' are matched 

2022-06-28 14:50:30 - [TEST_STEP][PASSED] - takeScreenshot(): Taking screenshot successfully

2022-06-28 14:50:30 - [MESSAGE][PASSED] - Taking screenshot successfully
[[ATTACHMENT|D:\\Projet Test Auto\\Mediabox Test Automation\\Reports\\20220628_140216\\4618_TestStarpack\\TS\\02.TestStarPack Full Lifecycle _Change of Rights_SAS\\20220628_140217\\1656420630795.png]]

2022-06-28 14:50:30 - [TEST_STEP][PASSED] - click(findTestObject("1. Constant/xpath", ["xpath":"/html/body/div[1]/div[2]/div[8]/div[3]/div/div[3]/div[3]/div/div/div/div/div[4]/div/div[1]/div[2]/div/a[1]"])): Object: 'Object Repository/1. Constant/xpath' is clicked on

2022-06-28 14:50:31 - [MESSAGE][PASSED] - Object: 'Object Repository/1. Constant/xpath' is clicked on

2022-06-28 14:50:31 - [TEST_STEP][PASSED] - delay(1): Delayed 1 second(s)

2022-06-28 14:50:32 - [MESSAGE][PASSED] - Delayed 1 second(s)

2022-06-28 14:50:32 - [TEST_STEP][PASSED] - Entries1 = getNumberOfTotalOption(findTestObject("1. Constant/xpath", ["xpath":"//*[@id="added_phase"]"])): 4 options of object 'Object Repository/1. Constant/xpath' counted

2022-06-28 14:50:33 - [MESSAGE][PASSED] - 4 options of object 'Object Repository/1. Constant/xpath' counted

2022-06-28 14:50:33 - [TEST_STEP][PASSED] - verifyEqual(Entries1, 4): Actual object '4' and expected object '4' are equal

2022-06-28 14:50:33 - [MESSAGE][PASSED] - Actual object '4' and expected object '4' are equal

2022-06-28 14:50:33 - [TEST_STEP][PASSED] - Entries2 = getNumberOfTotalOption(findTestObject("1. Constant/xpath", ["xpath":"//*[@id="added_grp_phase"]"])): 2 options of object 'Object Repository/1. Constant/xpath' counted

2022-06-28 14:50:34 - [MESSAGE][PASSED] - 2 options of object 'Object Repository/1. Constant/xpath' counted

2022-06-28 14:50:34 - [TEST_STEP][PASSED] - verifyEqual(Entries2, 2): Actual object '2' and expected object '2' are equal

2022-06-28 14:50:34 - [MESSAGE][PASSED] - Actual object '2' and expected object '2' are equal

2022-06-28 14:50:34 - [TEST_STEP][PASSED] - I.SelectFromList_Value("//*[@id="added_phase"]", "112"): Delayed 2 second(s)

2022-06-28 14:50:34 - [MESSAGE][PASSED] - All options with value '112' are selected in object 'Object Repository/1. Constant/xpath' 

2022-06-28 14:50:36 - [MESSAGE][PASSED] - Delayed 2 second(s)

2022-06-28 14:50:36 - [TEST_STEP][PASSED] - click(findTestObject("1. Constant/xpath", ["xpath":"//*[@id="modal_addphase"]/div/div/div[3]/button[2]"])): Object: 'Object Repository/1. Constant/xpath' is clicked on

2022-06-28 14:50:40 - [MESSAGE][PASSED] - Object: 'Object Repository/1. Constant/xpath' is clicked on

2022-06-28 14:50:40 - [TEST_STEP][PASSED] - I.Pagedown(): Execute JavaScript 'window.scrollTo(0, document.body.scrollHeight)' successfully

2022-06-28 14:50:41 - [MESSAGE][PASSED] - Execute JavaScript 'window.scrollTo(0, document.body.scrollHeight)' successfully

2022-06-28 14:50:41 - [TEST_STEP][PASSED] - takeScreenshot(): Taking screenshot successfully

2022-06-28 14:50:42 - [MESSAGE][PASSED] - Taking screenshot successfully
[[ATTACHMENT|D:\\Projet Test Auto\\Mediabox Test Automation\\Reports\\20220628_140216\\4618_TestStarpack\\TS\\02.TestStarPack Full Lifecycle _Change of Rights_SAS\\20220628_140217\\1656420642548.png]]

2022-06-28 14:50:42 - [TEST_STEP][PASSED] - delay(1): Delayed 1 second(s)

2022-06-28 14:50:43 - [MESSAGE][PASSED] - Delayed 1 second(s)

2022-06-28 14:50:43 - [TEST_STEP][PASSED] - I.VerifyMatchText("/html/body/div[1]/div[2]/div[8]/div[3]/div/div[3]/div[3]/div/div/div/div/div[5]/div/div[1]", "Complete PTS"): Actual text 'Complete PTS' and expected text 'Complete PTS' are matched 

2022-06-28 14:50:44 - [MESSAGE][PASSED] - Text of object 'Object Repository/1. Constant/xpath' is: 'Complete PTS'

2022-06-28 14:50:45 - [MESSAGE][PASSED] - Delayed 1 second(s)

2022-06-28 14:50:45 - [MESSAGE][PASSED] - Actual text 'Complete PTS' and expected text 'Complete PTS' are matched 

2022-06-28 14:50:45 - [TEST_STEP][PASSED] - I.VerifyMatchText("/html/body/div[1]/div[2]/div[8]/div[3]/div/div[3]/div[3]/div/div/div/div/div[6]/div/div[1]/div[1]", "PTS Approval"): Actual text 'PTS Approval' and expected text 'PTS Approval' are matched 

2022-06-28 14:50:45 - [MESSAGE][PASSED] - Text of object 'Object Repository/1. Constant/xpath' is: 'PTS Approval'

2022-06-28 14:50:46 - [MESSAGE][PASSED] - Delayed 1 second(s)

2022-06-28 14:50:46 - [MESSAGE][PASSED] - Actual text 'PTS Approval' and expected text 'PTS Approval' are matched 

2022-06-28 14:50:46 - [TEST_STEP][PASSED] - click(findTestObject("1. Constant/xpath", ["xpath":"/html/body/div[1]/div[2]/div[8]/div[3]/div/div[3]/div[3]/div/div/div/div/div[6]/div/div[1]/div[2]/div/a[2]"])): Object: 'Object Repository/1. Constant/xpath' is clicked on

2022-06-28 14:50:47 - [MESSAGE][PASSED] - Object: 'Object Repository/1. Constant/xpath' is clicked on

2022-06-28 14:50:47 - [TEST_STEP][PASSED] - delay(2): Delayed 2 second(s)

2022-06-28 14:50:49 - [MESSAGE][PASSED] - Delayed 2 second(s)

2022-06-28 14:50:49 - [TEST_STEP][PASSED] - takeScreenshot(): Taking screenshot successfully

2022-06-28 14:50:49 - [MESSAGE][PASSED] - Taking screenshot successfully
[[ATTACHMENT|D:\\Projet Test Auto\\Mediabox Test Automation\\Reports\\20220628_140216\\4618_TestStarpack\\TS\\02.TestStarPack Full Lifecycle _Change of Rights_SAS\\20220628_140217\\1656420649508.png]]

2022-06-28 14:50:49 - [TEST_STEP][PASSED] - delay(1): Delayed 1 second(s)

2022-06-28 14:50:50 - [MESSAGE][PASSED] - Delayed 1 second(s)

2022-06-28 14:50:50 - [TEST_STEP][PASSED] - click(findTestObject("1. Constant/xpath", ["xpath":"//*[@id="kt_body"]/div[9]/div/div/div[2]/button[2]"])): Object: 'Object Repository/1. Constant/xpath' is clicked on

2022-06-28 14:50:56 - [MESSAGE][PASSED] - Object: 'Object Repository/1. Constant/xpath' is clicked on

2022-06-28 14:50:56 - [TEST_STEP][PASSED] - delay(1): Delayed 1 second(s)

2022-06-28 14:50:57 - [MESSAGE][PASSED] - Delayed 1 second(s)

2022-06-28 14:50:57 - [TEST_STEP][PASSED] - click(findTestObject("1. Constant/xpath", ["xpath":"/html/body/div[1]/div[2]/div[8]/div[3]/div/div[3]/div[3]/div/div/div/div/div[5]/div/div[1]/div[2]/div/a[1]"])): Object: 'Object Repository/1. Constant/xpath' is clicked on

2022-06-28 14:50:58 - [MESSAGE][PASSED] - Object: 'Object Repository/1. Constant/xpath' is clicked on

2022-06-28 14:50:58 - [TEST_STEP][PASSED] - Entries3 = getNumberOfTotalOption(findTestObject("1. Constant/xpath", ["xpath":"//*[@id="added_phase"]"])): 67 options of object 'Object Repository/1. Constant/xpath' counted

2022-06-28 14:50:59 - [MESSAGE][PASSED] - 67 options of object 'Object Repository/1. Constant/xpath' counted

2022-06-28 14:50:59 - [TEST_STEP][PASSED] - Entries4 = getNumberOfTotalOption(findTestObject("1. Constant/xpath", ["xpath":"//*[@id="added_grp_phase"]"])): 5 options of object 'Object Repository/1. Constant/xpath' counted

2022-06-28 14:50:59 - [MESSAGE][PASSED] - 5 options of object 'Object Repository/1. Constant/xpath' counted

2022-06-28 14:50:59 - [TEST_STEP][PASSED] - I.SelectFromList_Value("//*[@id="added_grp_phase"]", "6"): Delayed 2 second(s)

2022-06-28 14:51:00 - [MESSAGE][PASSED] - All options with value '6' are selected in object 'Object Repository/1. Constant/xpath' 

2022-06-28 14:51:02 - [MESSAGE][PASSED] - Delayed 2 second(s)

2022-06-28 14:51:02 - [TEST_STEP][PASSED] - takeScreenshot(): Taking screenshot successfully

2022-06-28 14:51:03 - [MESSAGE][PASSED] - Taking screenshot successfully
[[ATTACHMENT|D:\\Projet Test Auto\\Mediabox Test Automation\\Reports\\20220628_140216\\4618_TestStarpack\\TS\\02.TestStarPack Full Lifecycle _Change of Rights_SAS\\20220628_140217\\1656420662777.png]]

2022-06-28 14:51:03 - [TEST_STEP][PASSED] - click(findTestObject("1. Constant/xpath", ["xpath":"//*[@id="modal_addphase"]/div/div/div[3]/button[2]"])): Object: 'Object Repository/1. Constant/xpath' is clicked on

2022-06-28 14:51:08 - [MESSAGE][PASSED] - Object: 'Object Repository/1. Constant/xpath' is clicked on

2022-06-28 14:51:08 - [TEST_STEP][PASSED] - click(findTestObject("1. Constant/xpath", ["xpath":"/html/body/div[1]/div[2]/div[8]/div[3]/div/div[3]/div[3]/div/ul/li[2]/a"])): Object: 'Object Repository/1. Constant/xpath' is clicked on

2022-06-28 14:51:09 - [MESSAGE][PASSED] - Object: 'Object Repository/1. Constant/xpath' is clicked on

2022-06-28 14:51:09 - [TEST_STEP][PASSED] - takeScreenshot(): Taking screenshot successfully

2022-06-28 14:51:10 - [MESSAGE][PASSED] - Taking screenshot successfully
[[ATTACHMENT|D:\\Projet Test Auto\\Mediabox Test Automation\\Reports\\20220628_140216\\4618_TestStarpack\\TS\\02.TestStarPack Full Lifecycle _Change of Rights_SAS\\20220628_140217\\1656420670212.png]]

2022-06-28 14:51:10 - [TEST_STEP][PASSED] - I.VerifyMatchText("/html/body/div[1]/div[2]/div[8]/div[3]/div/div[3]/div[3]/div/div/div[2]/div/div[1]/div/div[1]", "PAF"): Actual text 'PAF' and expected text 'PAF' are matched 

2022-06-28 14:51:10 - [MESSAGE][PASSED] - Text of object 'Object Repository/1. Constant/xpath' is: 'PAF'

2022-06-28 14:51:11 - [MESSAGE][PASSED] - Delayed 1 second(s)

2022-06-28 14:51:11 - [MESSAGE][PASSED] - Actual text 'PAF' and expected text 'PAF' are matched 

2022-06-28 14:51:11 - [TEST_STEP][PASSED] - I.VerifyMatchText("/html/body/div[1]/div[2]/div[8]/div[3]/div/div[3]/div[3]/div/div/div[2]/div/div[2]/div/div[1]", "Final artworks"): Actual text 'Final artworks' and expected text 'Final artworks' are matched 

2022-06-28 14:51:14 - [MESSAGE][PASSED] - Text of object 'Object Repository/1. Constant/xpath' is: 'Final artworks'

2022-06-28 14:51:15 - [MESSAGE][PASSED] - Delayed 1 second(s)

2022-06-28 14:51:15 - [MESSAGE][PASSED] - Actual text 'Final artworks' and expected text 'Final artworks' are matched 

2022-06-28 14:51:15 - [TEST_STEP][PASSED] - I.Logout(): Delayed 3 second(s)

2022-06-28 14:51:18 - [MESSAGE][PASSED] - Delayed 3 second(s)

2022-06-28 14:51:18 - [MESSAGE][PASSED] - Object: 'Object Repository/1. Constant/xpath' is clicked on

2022-06-28 14:51:21 - [MESSAGE][PASSED] - Delayed 3 second(s)

2022-06-28 14:51:23 - [MESSAGE][PASSED] - Object: 'Object Repository/1. Constant/xpath' is clicked on

2022-06-28 14:51:26 - [MESSAGE][PASSED] - Delayed 3 second(s)

2022-06-28 14:51:26 - [TEST_STEP][PASSED] - I.Login_password("aherms", password_aherms): Object: 'Object Repository/1. Constant/xpath' is clicked on

2022-06-28 14:51:27 - [MESSAGE][PASSED] - Text 'aherms' is set on object 'Object Repository/1. Constant/xpath'

2022-06-28 14:51:28 - [MESSAGE][PASSED] - Delayed 1 second(s)

2022-06-28 14:51:28 - [MESSAGE][PASSED] - Text 'dchi3' is set on object 'Object Repository/1. Constant/xpath'

2022-06-28 14:51:29 - [MESSAGE][PASSED] - Delayed 1 second(s)

2022-06-28 14:51:32 - [MESSAGE][PASSED] - Object: 'Object Repository/1. Constant/xpath' is clicked on

2022-06-28 14:51:32 - [TEST_STEP][PASSED] - takeScreenshot(): Taking screenshot successfully

2022-06-28 14:51:33 - [MESSAGE][PASSED] - Taking screenshot successfully
[[ATTACHMENT|D:\\Projet Test Auto\\Mediabox Test Automation\\Reports\\20220628_140216\\4618_TestStarpack\\TS\\02.TestStarPack Full Lifecycle _Change of Rights_SAS\\20220628_140217\\1656420693102.png]]

2022-06-28 14:51:33 - [TEST_STEP][PASSED] - click(findTestObject("1. Constant/02_LHSMenu_Projects")): Object: 'Object Repository/1. Constant/02_LHSMenu_Projects' is clicked on

2022-06-28 14:51:41 - [MESSAGE][PASSED] - Object: 'Object Repository/1. Constant/02_LHSMenu_Projects' is clicked on

2022-06-28 14:51:41 - [TEST_STEP][PASSED] - I.SearchProjectNo_xpath(Project_No, "//*[@id="keynum_project"]", "//*[@id="form_filters"]/div[4]/button"): Delayed 5 second(s)

2022-06-28 14:51:42 - [MESSAGE][PASSED] - Delayed 1 second(s)

2022-06-28 14:51:43 - [MESSAGE][PASSED] - Text 'MI001284' is set on object 'Object Repository/1. Constant/xpath'

2022-06-28 14:51:46 - [MESSAGE][PASSED] - Delayed 3 second(s)

2022-06-28 14:51:49 - [MESSAGE][PASSED] - Scroll to object 'Object Repository/1. Constant/xpath' successfully

2022-06-28 14:51:53 - [MESSAGE][PASSED] - Object: 'Object Repository/1. Constant/xpath' is clicked on

2022-06-28 14:51:58 - [MESSAGE][PASSED] - Delayed 5 second(s)

2022-06-28 14:51:58 - [TEST_STEP][PASSED] - takeScreenshot(): Taking screenshot successfully

2022-06-28 14:51:59 - [MESSAGE][PASSED] - Taking screenshot successfully
[[ATTACHMENT|D:\\Projet Test Auto\\Mediabox Test Automation\\Reports\\20220628_140216\\4618_TestStarpack\\TS\\02.TestStarPack Full Lifecycle _Change of Rights_SAS\\20220628_140217\\1656420718941.png]]

2022-06-28 14:51:59 - [TEST_STEP][PASSED] - delay(1): Delayed 1 second(s)

2022-06-28 14:52:00 - [MESSAGE][PASSED] - Delayed 1 second(s)

2022-06-28 14:52:00 - [TEST_STEP][PASSED] - takeScreenshot(): Taking screenshot successfully

2022-06-28 14:52:00 - [MESSAGE][PASSED] - Taking screenshot successfully
[[ATTACHMENT|D:\\Projet Test Auto\\Mediabox Test Automation\\Reports\\20220628_140216\\4618_TestStarpack\\TS\\02.TestStarPack Full Lifecycle _Change of Rights_SAS\\20220628_140217\\1656420720575.png]]

2022-06-28 14:52:00 - [TEST_STEP][PASSED] - click(findTestObject("1. Constant/xpath", ["xpath":"/html/body/div[1]/div[2]/div[4]/div[3]/div/div[2]/div[2]/div[1]/table/tbody/tr[2]/td[9]/a[2]"])): Object: 'Object Repository/1. Constant/xpath' is clicked on

2022-06-28 14:52:03 - [MESSAGE][PASSED] - Object: 'Object Repository/1. Constant/xpath' is clicked on

2022-06-28 14:52:03 - [TEST_STEP][PASSED] - click(findTestObject("1. Constant/xpath", ["xpath":"//*[@id="ModifFiche"]/div[1]/div/button[2]"])): Object: 'Object Repository/1. Constant/xpath' is clicked on

2022-06-28 14:52:10 - [MESSAGE][PASSED] - Object: 'Object Repository/1. Constant/xpath' is clicked on

2022-06-28 14:52:10 - [TEST_STEP][PASSED] - delay(1): Delayed 1 second(s)

2022-06-28 14:52:11 - [MESSAGE][PASSED] - Delayed 1 second(s)

2022-06-28 14:52:11 - [TEST_STEP][PASSED] - takeScreenshot(): Taking screenshot successfully

2022-06-28 14:52:12 - [MESSAGE][PASSED] - Taking screenshot successfully
[[ATTACHMENT|D:\\Projet Test Auto\\Mediabox Test Automation\\Reports\\20220628_140216\\4618_TestStarpack\\TS\\02.TestStarPack Full Lifecycle _Change of Rights_SAS\\20220628_140217\\1656420732198.png]]

2022-06-28 14:52:12 - [TEST_STEP][PASSED] - I.VerifyMatchText("//*[@id="source_" + refID_PTS + ""]/td[6]/span[2]", "Complete PTS"): Actual text 'Complete PTS' and expected text 'Complete PTS' are matched 

2022-06-28 14:52:12 - [MESSAGE][PASSED] - Text of object 'Object Repository/1. Constant/xpath' is: 'Complete PTS'

2022-06-28 14:52:13 - [MESSAGE][PASSED] - Delayed 1 second(s)

2022-06-28 14:52:13 - [MESSAGE][PASSED] - Actual text 'Complete PTS' and expected text 'Complete PTS' are matched 

2022-06-28 14:52:13 - [TEST_STEP][PASSED] - I.Logout(): Delayed 3 second(s)

2022-06-28 14:52:16 - [MESSAGE][PASSED] - Delayed 3 second(s)

2022-06-28 14:52:17 - [MESSAGE][PASSED] - Object: 'Object Repository/1. Constant/xpath' is clicked on

2022-06-28 14:52:20 - [MESSAGE][PASSED] - Delayed 3 second(s)

2022-06-28 14:52:22 - [MESSAGE][PASSED] - Object: 'Object Repository/1. Constant/xpath' is clicked on

2022-06-28 14:52:25 - [MESSAGE][PASSED] - Delayed 3 second(s)

2022-06-28 14:52:25 - [TEST_STEP][PASSED] - I.Login_password("suser", password_suser): Object: 'Object Repository/1. Constant/xpath' is clicked on

2022-06-28 14:52:26 - [MESSAGE][PASSED] - Text 'suser' is set on object 'Object Repository/1. Constant/xpath'

2022-06-28 14:52:27 - [MESSAGE][PASSED] - Delayed 1 second(s)

2022-06-28 14:52:27 - [MESSAGE][PASSED] - Text 'dchi2' is set on object 'Object Repository/1. Constant/xpath'

2022-06-28 14:52:28 - [MESSAGE][PASSED] - Delayed 1 second(s)

2022-06-28 14:52:32 - [MESSAGE][PASSED] - Object: 'Object Repository/1. Constant/xpath' is clicked on

2022-06-28 14:52:32 - [TEST_STEP][PASSED] - takeScreenshot(): Taking screenshot successfully

2022-06-28 14:52:33 - [MESSAGE][PASSED] - Taking screenshot successfully
[[ATTACHMENT|D:\\Projet Test Auto\\Mediabox Test Automation\\Reports\\20220628_140216\\4618_TestStarpack\\TS\\02.TestStarPack Full Lifecycle _Change of Rights_SAS\\20220628_140217\\1656420753067.png]]

2022-06-28 14:52:33 - [TEST_STEP][PASSED] - click(findTestObject("1. Constant/02_LHSMenu_Projects")): Object: 'Object Repository/1. Constant/02_LHSMenu_Projects' is clicked on

2022-06-28 14:52:40 - [MESSAGE][PASSED] - Object: 'Object Repository/1. Constant/02_LHSMenu_Projects' is clicked on

2022-06-28 14:52:40 - [TEST_STEP][PASSED] - takeScreenshot(): Taking screenshot successfully

2022-06-28 14:52:41 - [MESSAGE][PASSED] - Taking screenshot successfully
[[ATTACHMENT|D:\\Projet Test Auto\\Mediabox Test Automation\\Reports\\20220628_140216\\4618_TestStarpack\\TS\\02.TestStarPack Full Lifecycle _Change of Rights_SAS\\20220628_140217\\1656420761603.png]]

2022-06-28 14:52:41 - [TEST_STEP][PASSED] - I.SearchProjectNo_xpath(Project_No, "//*[@id="keynum_project"]", "//*[@id="form_filters"]/div[4]/button"): Delayed 5 second(s)

2022-06-28 14:52:42 - [MESSAGE][PASSED] - Delayed 1 second(s)

2022-06-28 14:52:43 - [MESSAGE][PASSED] - Text 'MI001284' is set on object 'Object Repository/1. Constant/xpath'

2022-06-28 14:52:46 - [MESSAGE][PASSED] - Delayed 3 second(s)

2022-06-28 14:52:47 - [MESSAGE][PASSED] - Scroll to object 'Object Repository/1. Constant/xpath' successfully

2022-06-28 14:52:51 - [MESSAGE][PASSED] - Object: 'Object Repository/1. Constant/xpath' is clicked on

2022-06-28 14:52:56 - [MESSAGE][PASSED] - Delayed 5 second(s)

2022-06-28 14:52:56 - [TEST_STEP][PASSED] - delay(1): Delayed 1 second(s)

2022-06-28 14:52:57 - [MESSAGE][PASSED] - Delayed 1 second(s)

2022-06-28 14:52:57 - [TEST_STEP][PASSED] - takeScreenshot(): Taking screenshot successfully

2022-06-28 14:52:57 - [MESSAGE][PASSED] - Taking screenshot successfully
[[ATTACHMENT|D:\\Projet Test Auto\\Mediabox Test Automation\\Reports\\20220628_140216\\4618_TestStarpack\\TS\\02.TestStarPack Full Lifecycle _Change of Rights_SAS\\20220628_140217\\1656420777597.png]]

2022-06-28 14:52:57 - [TEST_STEP][PASSED] - click(findTestObject("1. Constant/xpath", ["xpath":"//*[@id="source_" + refID_PTS + ""]/td[4]/a"])): Object: 'Object Repository/1. Constant/xpath' is clicked on

2022-06-28 14:53:00 - [MESSAGE][PASSED] - Object: 'Object Repository/1. Constant/xpath' is clicked on

2022-06-28 14:53:00 - [TEST_STEP][PASSED] - click(findTestObject("1. Constant/xpath", ["xpath":"//*[@id="kt_content"]/div[3]/div/ul/li[3]/a"])): Object: 'Object Repository/1. Constant/xpath' is clicked on

2022-06-28 14:53:02 - [MESSAGE][PASSED] - Object: 'Object Repository/1. Constant/xpath' is clicked on

2022-06-28 14:53:02 - [TEST_STEP][PASSED] - I.Pagedown(): Execute JavaScript 'window.scrollTo(0, document.body.scrollHeight)' successfully

2022-06-28 14:53:02 - [MESSAGE][PASSED] - Execute JavaScript 'window.scrollTo(0, document.body.scrollHeight)' successfully

2022-06-28 14:53:02 - [TEST_STEP][PASSED] - takeScreenshot(): Taking screenshot successfully

2022-06-28 14:53:03 - [MESSAGE][PASSED] - Taking screenshot successfully
[[ATTACHMENT|D:\\Projet Test Auto\\Mediabox Test Automation\\Reports\\20220628_140216\\4618_TestStarpack\\TS\\02.TestStarPack Full Lifecycle _Change of Rights_SAS\\20220628_140217\\1656420783142.png]]

2022-06-28 14:53:03 - [TEST_STEP][PASSED] - click(findTestObject("1. Constant/xpath", ["xpath":"/html/body/div[1]/div[2]/div[8]/div[3]/div/div[3]/div[3]/div/div/div[1]/div/div[5]/div/div[1]/div[2]/div/a[1]"])): Object: 'Object Repository/1. Constant/xpath' is clicked on

2022-06-28 14:53:03 - [MESSAGE][PASSED] - Object: 'Object Repository/1. Constant/xpath' is clicked on

2022-06-28 14:53:03 - [TEST_STEP][PASSED] - I.SelectFromList_Value("//*[@id="added_grp_phase"]", "6"): Delayed 2 second(s)

2022-06-28 14:53:04 - [MESSAGE][PASSED] - All options with value '6' are selected in object 'Object Repository/1. Constant/xpath' 

2022-06-28 14:53:06 - [MESSAGE][PASSED] - Delayed 2 second(s)

2022-06-28 14:53:06 - [TEST_STEP][PASSED] - click(findTestObject("1. Constant/xpath", ["xpath":"//*[@id="modal_addphase"]/div/div/div[3]/button[2]"])): Object: 'Object Repository/1. Constant/xpath' is clicked on

2022-06-28 14:53:10 - [MESSAGE][PASSED] - Object: 'Object Repository/1. Constant/xpath' is clicked on

2022-06-28 14:53:10 - [TEST_STEP][PASSED] - takeScreenshot(): Taking screenshot successfully

2022-06-28 14:53:12 - [MESSAGE][PASSED] - Taking screenshot successfully
[[ATTACHMENT|D:\\Projet Test Auto\\Mediabox Test Automation\\Reports\\20220628_140216\\4618_TestStarpack\\TS\\02.TestStarPack Full Lifecycle _Change of Rights_SAS\\20220628_140217\\1656420792118.png]]

2022-06-28 14:53:12 - [TEST_STEP][PASSED] - verifyElementNotPresent(findTestObject("1. Constant/xpath", ["xpath":"/html/body/div[1]/div[2]/div[8]/div[3]/div/div[3]/div[3]/div/ul/li[3]/a"]), 0): Web element with id: 'Object Repository/1. Constant/xpath' located by 'By.xpath: /html/body/div[1]/div[2]/div[8]/div[3]/div/div[3]/div[3]/div/ul/li[3]/a' is not present after '30' second(s)

2022-06-28 14:53:12 - [MESSAGE][WARNING] - Timeout '0' is invalid. Using default page load timeout: '30'

2022-06-28 14:53:12 - [MESSAGE][PASSED] - Web element with id: 'Object Repository/1. Constant/xpath' located by 'By.xpath: /html/body/div[1]/div[2]/div[8]/div[3]/div/div[3]/div[3]/div/ul/li[3]/a' is not present after '30' second(s)

2022-06-28 14:53:12 - [TEST_STEP][PASSED] - closeBrowser(): Browser is closed

2022-06-28 14:53:13 - [MESSAGE][PASSED] - Browser is closed

2022-06-28 14:53:13 - [TEST_STEP][PASSED] - Start listener action : sampleAfterTestCase: null]]></system-out>
         <system-err><![CDATA[]]></system-err>
      </testcase>
      <testcase name="Test Cases/16 Support action (Completed ref)/16.01 StarPack Support action (Completed ref) Existing ref 4.01_15.03_ P3" time="169.248" classname="Test Cases/16 Support action (Completed ref)/16.01 StarPack Support action (Completed ref) Existing ref 4.01_15.03_ P3" status="PASSED">
         <system-out><![CDATA[2022-06-28 14:53:13 - [TEST_CASE][PASSED] - Test Cases/16 Support action (Completed ref)/16.01 StarPack Support action (Completed ref) Existing ref 4.01_15.03_ P3: Test Cases/16 Support action (Completed ref)/16.01 StarPack Support action (Completed ref) Existing ref 4.01_15.03_ P3

2022-06-28 14:53:15 - [TEST_STEP][PASSED] - data = findTestData("Data Files/Username_Password/Starpack (10June2021)"): null

2022-06-28 14:53:15 - [TEST_STEP][PASSED] - password_aterreshernandez = data.getValue(2, 5): null

2022-06-28 14:53:15 - [TEST_STEP][PASSED] - data_urlRELAUTO = findTestData("Data Files/URL/URL_relauto"): null

2022-06-28 14:53:15 - [TEST_STEP][PASSED] - Url_Starpack = data_urlRELAUTO.getValue(2, 2): null

2022-06-28 14:53:15 - [TEST_STEP][PASSED] - Project_No = I.readnotepad("D:\Upoad_File\Projet_ Login\StarPack\4.01 StarPack _Project_No\4.01_StarPack_ProjectNo.txt"): null

2022-06-28 14:53:15 - [TEST_STEP][PASSED] - refID = I.readnotepad("D:\Upoad_File\Projet_ Login\StarPack\4.01 StarPack _Project_No\4.01_StarPack_refID.txt"): null

2022-06-28 14:53:15 - [TEST_STEP][PASSED] - refID_PS = I.readnotepad("D:\Upoad_File\Projet_ Login\StarPack\4.01 StarPack _Project_No\4.01_StarPack_refID_PS.txt"): null

2022-06-28 14:53:15 - [TEST_STEP][PASSED] - refID_PTS = I.readnotepad("D:\Upoad_File\Projet_ Login\StarPack\4.01 StarPack _Project_No\4.01_StarPack_refID_PTS.txt"): null

2022-06-28 14:53:15 - [TEST_STEP][PASSED] - refID_TD = I.readnotepad("D:\Upoad_File\Projet_ Login\StarPack\4.01 StarPack _Project_No\4.01_StarPack_refID_TD.txt"): null

2022-06-28 14:53:15 - [TEST_STEP][PASSED] - openBrowser(Url_Starpack): Browser is opened with url: 'https://mdb-v3-test.diadeis.com/Mediabox4618/?MBI_datasource=TESTAUTO_STARPACK_4618'

2022-06-28 14:53:15 - [MESSAGE][INFO] - Starting 'Chrome' driver

2022-06-28 14:53:15 - [MESSAGE][INFO] - User set preference: ['arg', '[[--lang=en-GB]]']

2022-06-28 14:53:15 - [MESSAGE][INFO] - Action delay is set to 0 milliseconds

2022-06-28 14:53:21 - [MESSAGE][PASSED] - Browser is opened with url: 'https://mdb-v3-test.diadeis.com/Mediabox4618/?MBI_datasource=TESTAUTO_STARPACK_4618'

2022-06-28 14:53:21 - [TEST_STEP][PASSED] - maximizeWindow(): Current window maximized

2022-06-28 14:53:21 - [MESSAGE][PASSED] - Current window maximized

2022-06-28 14:53:21 - [TEST_STEP][PASSED] - I.Login_password("aterreshernandez", password_aterreshernandez): Object: 'Object Repository/1. Constant/xpath' is clicked on

2022-06-28 14:53:22 - [MESSAGE][PASSED] - Text 'aterreshernandez' is set on object 'Object Repository/1. Constant/xpath'

2022-06-28 14:53:23 - [MESSAGE][PASSED] - Delayed 1 second(s)

2022-06-28 14:53:23 - [MESSAGE][PASSED] - Text 'dchi' is set on object 'Object Repository/1. Constant/xpath'

2022-06-28 14:53:24 - [MESSAGE][PASSED] - Delayed 1 second(s)

2022-06-28 14:53:33 - [MESSAGE][PASSED] - Object: 'Object Repository/1. Constant/xpath' is clicked on

2022-06-28 14:53:33 - [TEST_STEP][PASSED] - takeScreenshot(): Taking screenshot successfully

2022-06-28 14:53:34 - [MESSAGE][PASSED] - Taking screenshot successfully
[[ATTACHMENT|D:\\Projet Test Auto\\Mediabox Test Automation\\Reports\\20220628_140216\\4618_TestStarpack\\TS\\02.TestStarPack Full Lifecycle _Change of Rights_SAS\\20220628_140217\\1656420814318.png]]

2022-06-28 14:53:34 - [TEST_STEP][PASSED] - click(findTestObject("1. Constant/02_LHSMenu_Projects")): Object: 'Object Repository/1. Constant/02_LHSMenu_Projects' is clicked on

2022-06-28 14:53:39 - [MESSAGE][PASSED] - Object: 'Object Repository/1. Constant/02_LHSMenu_Projects' is clicked on

2022-06-28 14:53:39 - [TEST_STEP][PASSED] - I.SearchProjectNo_xpath(Project_No, "//*[@id="keynum_project"]", "//*[@id="form_filters"]/div[7]/button"): Delayed 5 second(s)

2022-06-28 14:53:40 - [MESSAGE][PASSED] - Delayed 1 second(s)

2022-06-28 14:53:41 - [MESSAGE][PASSED] - Text 'MI001284' is set on object 'Object Repository/1. Constant/xpath'

2022-06-28 14:53:44 - [MESSAGE][PASSED] - Delayed 3 second(s)

2022-06-28 14:53:44 - [MESSAGE][PASSED] - Scroll to object 'Object Repository/1. Constant/xpath' successfully

2022-06-28 14:53:49 - [MESSAGE][PASSED] - Object: 'Object Repository/1. Constant/xpath' is clicked on

2022-06-28 14:53:54 - [MESSAGE][PASSED] - Delayed 5 second(s)

2022-06-28 14:53:54 - [TEST_STEP][PASSED] - takeScreenshot(): Taking screenshot successfully

2022-06-28 14:53:55 - [MESSAGE][PASSED] - Taking screenshot successfully
[[ATTACHMENT|D:\\Projet Test Auto\\Mediabox Test Automation\\Reports\\20220628_140216\\4618_TestStarpack\\TS\\02.TestStarPack Full Lifecycle _Change of Rights_SAS\\20220628_140217\\1656420834896.png]]

2022-06-28 14:53:55 - [TEST_STEP][PASSED] - delay(1): Delayed 1 second(s)

2022-06-28 14:53:56 - [MESSAGE][PASSED] - Delayed 1 second(s)

2022-06-28 14:53:56 - [TEST_STEP][PASSED] - takeScreenshot(): Taking screenshot successfully

2022-06-28 14:53:56 - [MESSAGE][PASSED] - Taking screenshot successfully
[[ATTACHMENT|D:\\Projet Test Auto\\Mediabox Test Automation\\Reports\\20220628_140216\\4618_TestStarpack\\TS\\02.TestStarPack Full Lifecycle _Change of Rights_SAS\\20220628_140217\\1656420836501.png]]

2022-06-28 14:53:56 - [TEST_STEP][PASSED] - takeScreenshot(): Taking screenshot successfully

2022-06-28 14:53:57 - [MESSAGE][PASSED] - Taking screenshot successfully
[[ATTACHMENT|D:\\Projet Test Auto\\Mediabox Test Automation\\Reports\\20220628_140216\\4618_TestStarpack\\TS\\02.TestStarPack Full Lifecycle _Change of Rights_SAS\\20220628_140217\\1656420837041.png]]

2022-06-28 14:53:57 - [TEST_STEP][PASSED] - delay(1): Delayed 1 second(s)

2022-06-28 14:53:58 - [MESSAGE][PASSED] - Delayed 1 second(s)

2022-06-28 14:53:58 - [TEST_STEP][PASSED] - click(findTestObject("1. Constant/xpath", ["xpath":"/html/body/div[1]/div[2]/div[4]/div[3]/div/div[2]/div[2]/div[1]/table/tbody/tr[2]/td[4]/a[1]"])): Object: 'Object Repository/1. Constant/xpath' is clicked on

2022-06-28 14:54:01 - [MESSAGE][PASSED] - Object: 'Object Repository/1. Constant/xpath' is clicked on

2022-06-28 14:54:01 - [TEST_STEP][PASSED] - click(findTestObject("1. Constant/xpath", ["xpath":"//*[@id="kt_content"]/div[3]/div/ul/li[3]/a"])): Object: 'Object Repository/1. Constant/xpath' is clicked on

2022-06-28 14:54:05 - [MESSAGE][PASSED] - Object: 'Object Repository/1. Constant/xpath' is clicked on

2022-06-28 14:54:05 - [TEST_STEP][PASSED] - delay(1): Delayed 1 second(s)

2022-06-28 14:54:06 - [MESSAGE][PASSED] - Delayed 1 second(s)

2022-06-28 14:54:06 - [TEST_STEP][PASSED] - click(findTestObject("1. Constant/xpath", ["xpath":"/html/body/div[1]/div[2]/div[8]/div[3]/div/div[3]/div[3]/div/ul/li[3]/a"])): Object: 'Object Repository/1. Constant/xpath' is clicked on

2022-06-28 14:54:06 - [MESSAGE][PASSED] - Object: 'Object Repository/1. Constant/xpath' is clicked on

2022-06-28 14:54:06 - [TEST_STEP][PASSED] - I.Pagedown(): Execute JavaScript 'window.scrollTo(0, document.body.scrollHeight)' successfully

2022-06-28 14:54:06 - [MESSAGE][PASSED] - Execute JavaScript 'window.scrollTo(0, document.body.scrollHeight)' successfully

2022-06-28 14:54:06 - [TEST_STEP][PASSED] - takeScreenshot(): Taking screenshot successfully

2022-06-28 14:54:07 - [MESSAGE][PASSED] - Taking screenshot successfully
[[ATTACHMENT|D:\\Projet Test Auto\\Mediabox Test Automation\\Reports\\20220628_140216\\4618_TestStarpack\\TS\\02.TestStarPack Full Lifecycle _Change of Rights_SAS\\20220628_140217\\1656420847332.png]]

2022-06-28 14:54:07 - [TEST_STEP][PASSED] - verifyElementVisible(findTestObject("1. Constant/xpath", ["xpath":"/html/body/div[1]/div[2]/div[8]/div[3]/div/div[3]/div[3]/div/div/div[3]/div/div[4]/div/div[1]/div[2]/div/a[4]"])): Object 'Object Repository/1. Constant/xpath' is visible

2022-06-28 14:54:07 - [MESSAGE][PASSED] - Object 'Object Repository/1. Constant/xpath' is visible

2022-06-28 14:54:07 - [TEST_STEP][PASSED] - verifyElementVisible(findTestObject("1. Constant/xpath", ["xpath":"/html/body/div[1]/div[2]/div[8]/div[3]/div/div[3]/div[3]/div/div/div[3]/div/div[4]/div/div[1]/div[2]/div/a[1]"])): Object 'Object Repository/1. Constant/xpath' is visible

2022-06-28 14:54:08 - [MESSAGE][PASSED] - Object 'Object Repository/1. Constant/xpath' is visible

2022-06-28 14:54:08 - [TEST_STEP][PASSED] - verifyElementVisible(findTestObject("1. Constant/xpath", ["xpath":"/html/body/div[1]/div[2]/div[8]/div[3]/div/div[3]/div[3]/div/div/div[3]/div/div[4]/div/div[1]/div[2]/a"])): Object 'Object Repository/1. Constant/xpath' is visible

2022-06-28 14:54:08 - [MESSAGE][PASSED] - Object 'Object Repository/1. Constant/xpath' is visible

2022-06-28 14:54:08 - [TEST_STEP][PASSED] - verifyElementClickable(findTestObject("1. Constant/xpath", ["xpath":"/html/body/div[1]/div[2]/div[8]/div[3]/div/div[3]/div[3]/div/div/div[3]/div/div[4]/div/div[1]/div[2]/div/a[4]"])): Object 'Object Repository/1. Constant/xpath' is clickable

2022-06-28 14:54:09 - [MESSAGE][PASSED] - Object 'Object Repository/1. Constant/xpath' is clickable

2022-06-28 14:54:09 - [TEST_STEP][PASSED] - click(findTestObject("1. Constant/xpath", ["xpath":"//*[@id="kt_subheader"]/div/nav/ol/li[2]/a"])): Object: 'Object Repository/1. Constant/xpath' is clicked on

2022-06-28 14:54:13 - [MESSAGE][PASSED] - Object: 'Object Repository/1. Constant/xpath' is clicked on

2022-06-28 14:54:13 - [TEST_STEP][PASSED] - takeScreenshot(): Taking screenshot successfully

2022-06-28 14:54:14 - [MESSAGE][PASSED] - Taking screenshot successfully
[[ATTACHMENT|D:\\Projet Test Auto\\Mediabox Test Automation\\Reports\\20220628_140216\\4618_TestStarpack\\TS\\02.TestStarPack Full Lifecycle _Change of Rights_SAS\\20220628_140217\\1656420854268.png]]

2022-06-28 14:54:14 - [TEST_STEP][PASSED] - delay(1): Delayed 1 second(s)

2022-06-28 14:54:15 - [MESSAGE][PASSED] - Delayed 1 second(s)

2022-06-28 14:54:15 - [TEST_STEP][PASSED] - click(findTestObject("1. Constant/xpath", ["xpath":"/html/body/div[1]/div[2]/div[4]/div[3]/div/div[2]/div[2]/div[1]/table/tbody/tr[2]/td[12]/a[2]"])): Object: 'Object Repository/1. Constant/xpath' is clicked on

2022-06-28 14:54:16 - [MESSAGE][PASSED] - Object: 'Object Repository/1. Constant/xpath' is clicked on

2022-06-28 14:54:16 - [TEST_STEP][PASSED] - takeScreenshot(): Taking screenshot successfully

2022-06-28 14:54:17 - [MESSAGE][PASSED] - Taking screenshot successfully
[[ATTACHMENT|D:\\Projet Test Auto\\Mediabox Test Automation\\Reports\\20220628_140216\\4618_TestStarpack\\TS\\02.TestStarPack Full Lifecycle _Change of Rights_SAS\\20220628_140217\\1656420856679.png]]

2022-06-28 14:54:17 - [TEST_STEP][PASSED] - delay(1): Delayed 1 second(s)

2022-06-28 14:54:18 - [MESSAGE][PASSED] - Delayed 1 second(s)

2022-06-28 14:54:18 - [TEST_STEP][PASSED] - click(findTestObject("1. Constant/xpath", ["xpath":"//*[@id="modal_support_action_shortcut"]/div/div/div[2]/button[2]"])): Object: 'Object Repository/1. Constant/xpath' is clicked on

2022-06-28 14:54:22 - [MESSAGE][PASSED] - Object: 'Object Repository/1. Constant/xpath' is clicked on

2022-06-28 14:54:22 - [TEST_STEP][PASSED] - delay(1): Delayed 1 second(s)

2022-06-28 14:54:23 - [MESSAGE][PASSED] - Delayed 1 second(s)

2022-06-28 14:54:23 - [TEST_STEP][PASSED] - takeScreenshot(): Taking screenshot successfully

2022-06-28 14:54:23 - [MESSAGE][PASSED] - Taking screenshot successfully
[[ATTACHMENT|D:\\Projet Test Auto\\Mediabox Test Automation\\Reports\\20220628_140216\\4618_TestStarpack\\TS\\02.TestStarPack Full Lifecycle _Change of Rights_SAS\\20220628_140217\\1656420863665.png]]

2022-06-28 14:54:23 - [TEST_STEP][PASSED] - click(findTestObject("1. Constant/xpath", ["xpath":"//*[@id="kt_content"]/div[3]/div/ul/li[3]/a"])): Object: 'Object Repository/1. Constant/xpath' is clicked on

2022-06-28 14:54:28 - [MESSAGE][PASSED] - Object: 'Object Repository/1. Constant/xpath' is clicked on

2022-06-28 14:54:28 - [TEST_STEP][PASSED] - verifyElementVisible(findTestObject("1. Constant/xpath", ["xpath":"/html/body/div[1]/div[2]/div[8]/div[3]/div/div[3]/div[3]/div/ul/li[4]/a"])): Object 'Object Repository/1. Constant/xpath' is visible

2022-06-28 14:54:28 - [MESSAGE][PASSED] - Object 'Object Repository/1. Constant/xpath' is visible

2022-06-28 14:54:28 - [TEST_STEP][PASSED] - verifyElementVisible(findTestObject("1. Constant/xpath", ["xpath":"/html/body/div[1]/div[2]/div[8]/div[3]/div/div[3]/div[3]/div/ul/li[5]/a"])): Object 'Object Repository/1. Constant/xpath' is visible

2022-06-28 14:54:29 - [MESSAGE][PASSED] - Object 'Object Repository/1. Constant/xpath' is visible

2022-06-28 14:54:29 - [TEST_STEP][PASSED] - click(findTestObject("1. Constant/xpath", ["xpath":"//*[@id="kt_subheader"]/div/nav/ol/li[2]/a"])): Object: 'Object Repository/1. Constant/xpath' is clicked on

2022-06-28 14:54:33 - [MESSAGE][PASSED] - Object: 'Object Repository/1. Constant/xpath' is clicked on

2022-06-28 14:54:33 - [TEST_STEP][PASSED] - I.VerifyMatchText("/html/body/div[1]/div[2]/div[4]/div[3]/div/div[2]/div[2]/div[1]/table/tbody/tr[2]/td[7]/span[2]", "PAF"): Actual text 'PAF' and expected text 'PAF' are matched 

2022-06-28 14:54:34 - [MESSAGE][PASSED] - Text of object 'Object Repository/1. Constant/xpath' is: 'PAF'

2022-06-28 14:54:35 - [MESSAGE][PASSED] - Delayed 1 second(s)

2022-06-28 14:54:35 - [MESSAGE][PASSED] - Actual text 'PAF' and expected text 'PAF' are matched 

2022-06-28 14:54:35 - [TEST_STEP][PASSED] - color1 = getCSSValue(findTestObject("1. Constant/xpath", ["xpath":"/html/body/div[1]/div[2]/div[4]/div[3]/div/div[2]/div[2]/div[1]/table/tbody/tr[2]/td[12]/a[2]"]), "color", OPTIONAL): Get CSS 'color' value on 'Object Repository/1. Constant/xpath' successfully: 'rgba(255, 255, 255, 1)'.

2022-06-28 14:54:35 - [MESSAGE][PASSED] - Get CSS 'color' value on 'Object Repository/1. Constant/xpath' successfully: 'rgba(255, 255, 255, 1)'.

2022-06-28 14:54:35 - [TEST_STEP][PASSED] - while (color1 == "rgba(255, 255, 255, 1)"): null

2022-06-28 14:54:35 - [TEST_STEP][PASSED] - click(findTestObject("1. Constant/xpath", ["xpath":"/html/body/div[1]/div[2]/div[4]/div[3]/div/div[2]/div[2]/div[1]/table/tbody/tr[2]/td[12]/a[2]"])): Object: 'Object Repository/1. Constant/xpath' is clicked on

2022-06-28 14:54:37 - [MESSAGE][PASSED] - Object: 'Object Repository/1. Constant/xpath' is clicked on

2022-06-28 14:54:37 - [TEST_STEP][PASSED] - takeScreenshot(): Taking screenshot successfully

2022-06-28 14:54:38 - [MESSAGE][PASSED] - Taking screenshot successfully
[[ATTACHMENT|D:\\Projet Test Auto\\Mediabox Test Automation\\Reports\\20220628_140216\\4618_TestStarpack\\TS\\02.TestStarPack Full Lifecycle _Change of Rights_SAS\\20220628_140217\\1656420878285.png]]

2022-06-28 14:54:38 - [TEST_STEP][PASSED] - I.UploadDoc_sendkey_Prod(findTestObject("1. Constant/xpath", ["xpath":"//*[@id="kt_body"]/input[2]"]), "D:\Upoad_File\Upload doc\testdataaddition1.pdf", "testdataaddition1.pdf"): Delayed 5 second(s)

2022-06-28 14:54:38 - [MESSAGE][PASSED] - Scroll to object 'Object Repository/1. Constant/xpath' successfully

2022-06-28 14:54:43 - [MESSAGE][PASSED] - Delayed 5 second(s)

2022-06-28 14:54:44 - [MESSAGE][PASSED] - File 'D:\Upoad_File\Upload doc\testdataaddition1.pdf' sent to object: 'Object Repository/1. Constant/xpath'

2022-06-28 14:54:49 - [MESSAGE][PASSED] - Delayed 5 second(s)

2022-06-28 14:54:49 - [MESSAGE][PASSED] - Text 'testdataaddition1.pdf' is present on page 

2022-06-28 14:54:54 - [MESSAGE][PASSED] - Delayed 5 second(s)

2022-06-28 14:54:59 - [MESSAGE][PASSED] - Delayed 5 second(s)

2022-06-28 14:54:59 - [TEST_STEP][PASSED] - takeScreenshot(): Taking screenshot successfully

2022-06-28 14:55:00 - [MESSAGE][PASSED] - Taking screenshot successfully
[[ATTACHMENT|D:\\Projet Test Auto\\Mediabox Test Automation\\Reports\\20220628_140216\\4618_TestStarpack\\TS\\02.TestStarPack Full Lifecycle _Change of Rights_SAS\\20220628_140217\\1656420899773.png]]

2022-06-28 14:55:00 - [TEST_STEP][PASSED] - delay(10): Delayed 10 second(s)

2022-06-28 14:55:10 - [MESSAGE][PASSED] - Delayed 10 second(s)

2022-06-28 14:55:10 - [TEST_STEP][PASSED] - I.click_button_javascript(findTestObject("Object Repository/HL Full Lifecycle/12 ReferncePage_Button_Updatensenddoc")): Execute JavaScript 'arguments[0].click()' successfully

2022-06-28 14:55:20 - [MESSAGE][PASSED] - Execute JavaScript 'arguments[0].click()' successfully

2022-06-28 14:55:20 - [TEST_STEP][PASSED] - delay(5): Delayed 5 second(s)

2022-06-28 14:55:25 - [MESSAGE][PASSED] - Delayed 5 second(s)

2022-06-28 14:55:25 - [TEST_STEP][PASSED] - if (verifyElementPresent(findTestObject("1. Constant/xpath", ["xpath":"/html/body/div[1]/div[2]/div[4]/div[3]/div/div[2]/div[2]/div[1]/table/tbody/tr[2]/td[12]/a[3]"]), 10, OPTIONAL)): null

2022-06-28 14:55:26 - [MESSAGE][PASSED] - Object 'Object Repository/1. Constant/xpath' is present

2022-06-28 14:55:26 - [TEST_STEP][PASSED] - color1 = getCSSValue(findTestObject("1. Constant/xpath", ["xpath":"/html/body/div[1]/div[2]/div[4]/div[3]/div/div[2]/div[2]/div[1]/table/tbody/tr[2]/td[12]/a[3]"]), "color", OPTIONAL): Get CSS 'color' value on 'Object Repository/1. Constant/xpath' successfully: 'rgba(54, 153, 255, 1)'.

2022-06-28 14:55:26 - [MESSAGE][PASSED] - Get CSS 'color' value on 'Object Repository/1. Constant/xpath' successfully: 'rgba(54, 153, 255, 1)'.

2022-06-28 14:55:26 - [TEST_STEP][PASSED] - I.AWF_approve_byaction(findTestObject("1. Constant/xpath", ["xpath":"/html/body/div[1]/div[2]/div[4]/div[3]/div/div[2]/div[2]/div[1]/table/tbody/tr[2]/td[12]/a[2]"])): Object: 'Object Repository/HL Full Lifecycle/Function_Appbutton2' is clicked on

2022-06-28 14:55:31 - [MESSAGE][PASSED] - Delayed 5 second(s)

2022-06-28 14:55:35 - [MESSAGE][PASSED] - Object: 'Object Repository/1. Constant/xpath' is clicked on

2022-06-28 14:55:37 - [MESSAGE][PASSED] - Object: 'Object Repository/HL Full Lifecycle/Function_access Viewer2' is hovered

2022-06-28 14:55:40 - [MESSAGE][PASSED] - Delayed 3 second(s)

2022-06-28 14:55:41 - [MESSAGE][PASSED] - Object: 'Object Repository/HL Full Lifecycle/Function_access Viewer2' is clicked on

2022-06-28 14:55:46 - [MESSAGE][PASSED] - Delayed 5 second(s)

2022-06-28 14:55:46 - [MESSAGE][PASSED] - Object: 'Object Repository/HL Full Lifecycle/Function_AppButton' is clicked on

2022-06-28 14:55:51 - [MESSAGE][PASSED] - Delayed 5 second(s)

2022-06-28 14:55:58 - [MESSAGE][PASSED] - Object: 'Object Repository/HL Full Lifecycle/Function_Appbutton2' is clicked on

2022-06-28 14:55:58 - [TEST_STEP][PASSED] - takeScreenshot(): Taking screenshot successfully

2022-06-28 14:55:59 - [MESSAGE][PASSED] - Taking screenshot successfully
[[ATTACHMENT|D:\\Projet Test Auto\\Mediabox Test Automation\\Reports\\20220628_140216\\4618_TestStarpack\\TS\\02.TestStarPack Full Lifecycle _Change of Rights_SAS\\20220628_140217\\1656420959397.png]]

2022-06-28 14:55:59 - [TEST_STEP][PASSED] - delay(1): Delayed 1 second(s)

2022-06-28 14:56:00 - [MESSAGE][PASSED] - Delayed 1 second(s)

2022-06-28 14:56:00 - [TEST_STEP][PASSED] - I.VerifyMatchText("/html/body/div[1]/div[2]/div[4]/div[3]/div/div[2]/div[2]/div[1]/table/tbody/tr[2]/td[7]/span[2]", "Buyer supplier approval-L1"): Actual text 'Buyer supplier approval-L1' and expected text 'Buyer supplier approval-L1' are matched 

2022-06-28 14:56:01 - [MESSAGE][PASSED] - Text of object 'Object Repository/1. Constant/xpath' is: 'Buyer supplier approval-L1'

2022-06-28 14:56:02 - [MESSAGE][PASSED] - Delayed 1 second(s)

2022-06-28 14:56:02 - [MESSAGE][PASSED] - Actual text 'Buyer supplier approval-L1' and expected text 'Buyer supplier approval-L1' are matched 

2022-06-28 14:56:02 - [TEST_STEP][PASSED] - closeBrowser(): Browser is closed

2022-06-28 14:56:02 - [MESSAGE][PASSED] - Browser is closed

2022-06-28 14:56:03 - [TEST_STEP][PASSED] - Start listener action : sampleAfterTestCase: null]]></system-out>
         <system-err><![CDATA[]]></system-err>
      </testcase>
      <testcase name="Test Cases/18. Tag Sephora Npp Starpack Task (Standard_ Question_ Prod)/18.05 StarPack change of rights (Prod)_Ticket4757" time="827.451" classname="Test Cases/18. Tag Sephora Npp Starpack Task (Standard_ Question_ Prod)/18.05 StarPack change of rights (Prod)_Ticket4757" status="PASSED">
         <system-out><![CDATA[2022-06-28 14:56:03 - [TEST_CASE][PASSED] - Test Cases/18. Tag Sephora Npp Starpack Task (Standard_ Question_ Prod)/18.05 StarPack change of rights (Prod)_Ticket4757: Test Cases/18. Tag Sephora Npp Starpack Task (Standard_ Question_ Prod)/18.05 StarPack change of rights (Prod)_Ticket4757

2022-06-28 14:56:04 - [TEST_STEP][PASSED] - data = findTestData("Data Files/Username_Password/Starpack (10June2021)"): null

2022-06-28 14:56:04 - [TEST_STEP][PASSED] - password_suser = data.getValue(2, 1): null

2022-06-28 14:56:04 - [TEST_STEP][PASSED] - password_aherms = data.getValue(2, 2): null

2022-06-28 14:56:04 - [TEST_STEP][PASSED] - password_agluszczynska = data.getValue(2, 3): null

2022-06-28 14:56:04 - [TEST_STEP][PASSED] - password_jmaciaszczyk = data.getValue(2, 4): null

2022-06-28 14:56:04 - [TEST_STEP][PASSED] - password_aterreshernandez = data.getValue(2, 5): null

2022-06-28 14:56:04 - [TEST_STEP][PASSED] - password_amartin_arbol = data.getValue(2, 6): null

2022-06-28 14:56:04 - [TEST_STEP][PASSED] - password_adelamatanieves = data.getValue(2, 7): null

2022-06-28 14:56:04 - [TEST_STEP][PASSED] - password_kcannoosamy_dia = data.getValue(2, 8): null

2022-06-28 14:56:04 - [TEST_STEP][PASSED] - password_ysanzmonedero = data.getValue(2, 16): null

2022-06-28 14:56:04 - [TEST_STEP][PASSED] - password_bsolletbravo = data.getValue(2, 17): null

2022-06-28 14:56:04 - [TEST_STEP][PASSED] - password_agarciasanchez = data.getValue(2, 18): null

2022-06-28 14:56:04 - [TEST_STEP][PASSED] - data_urlRELAUTO = findTestData("Data Files/URL/URL_relauto"): null

2022-06-28 14:56:04 - [TEST_STEP][PASSED] - Url_Starpack = data_urlRELAUTO.getValue(2, 2): null

2022-06-28 14:56:04 - [TEST_STEP][PASSED] - openBrowser(Url_Starpack): Browser is opened with url: 'https://mdb-v3-test.diadeis.com/Mediabox4618/?MBI_datasource=TESTAUTO_STARPACK_4618'

2022-06-28 14:56:04 - [MESSAGE][INFO] - Starting 'Chrome' driver

2022-06-28 14:56:04 - [MESSAGE][INFO] - User set preference: ['arg', '[[--lang=en-GB]]']

2022-06-28 14:56:04 - [MESSAGE][INFO] - Action delay is set to 0 milliseconds

2022-06-28 14:56:11 - [MESSAGE][PASSED] - Browser is opened with url: 'https://mdb-v3-test.diadeis.com/Mediabox4618/?MBI_datasource=TESTAUTO_STARPACK_4618'

2022-06-28 14:56:11 - [TEST_STEP][PASSED] - maximizeWindow(): Current window maximized

2022-06-28 14:56:11 - [MESSAGE][PASSED] - Current window maximized

2022-06-28 14:56:11 - [TEST_STEP][PASSED] - I.Login_password("adelamatanieves", password_adelamatanieves): Object: 'Object Repository/1. Constant/xpath' is clicked on

2022-06-28 14:56:12 - [MESSAGE][PASSED] - Text 'adelamatanieves' is set on object 'Object Repository/1. Constant/xpath'

2022-06-28 14:56:13 - [MESSAGE][PASSED] - Delayed 1 second(s)

2022-06-28 14:56:14 - [MESSAGE][PASSED] - Text 'dchi4' is set on object 'Object Repository/1. Constant/xpath'

2022-06-28 14:56:15 - [MESSAGE][PASSED] - Delayed 1 second(s)

2022-06-28 14:56:21 - [MESSAGE][PASSED] - Object: 'Object Repository/1. Constant/xpath' is clicked on

2022-06-28 14:56:21 - [TEST_STEP][PASSED] - takeScreenshot(): Taking screenshot successfully

2022-06-28 14:56:22 - [MESSAGE][PASSED] - Taking screenshot successfully
[[ATTACHMENT|D:\\Projet Test Auto\\Mediabox Test Automation\\Reports\\20220628_140216\\4618_TestStarpack\\TS\\02.TestStarPack Full Lifecycle _Change of Rights_SAS\\20220628_140217\\1656420982133.png]]

2022-06-28 14:56:22 - [TEST_STEP][PASSED] - click(findTestObject("1. Constant/02_LHSMenu_Projects")): Object: 'Object Repository/1. Constant/02_LHSMenu_Projects' is clicked on

2022-06-28 14:56:28 - [MESSAGE][PASSED] - Object: 'Object Repository/1. Constant/02_LHSMenu_Projects' is clicked on

2022-06-28 14:56:28 - [TEST_STEP][PASSED] - click(findTestObject("xxx Todelete/3 ProjectListPage_Create_Project_Button")): Object: 'Object Repository/xxx Todelete/3 ProjectListPage_Create_Project_Button' is clicked on

2022-06-28 14:56:30 - [MESSAGE][PASSED] - Object: 'Object Repository/xxx Todelete/3 ProjectListPage_Create_Project_Button' is clicked on

2022-06-28 14:56:30 - [TEST_STEP][PASSED] - takeScreenshot(): Taking screenshot successfully

2022-06-28 14:56:34 - [MESSAGE][PASSED] - Taking screenshot successfully
[[ATTACHMENT|D:\\Projet Test Auto\\Mediabox Test Automation\\Reports\\20220628_140216\\4618_TestStarpack\\TS\\02.TestStarPack Full Lifecycle _Change of Rights_SAS\\20220628_140217\\1656420992013.png]]

2022-06-28 14:56:34 - [TEST_STEP][PASSED] - project_name = "AutoTest_Chrome_Starpack" + RandomStringUtils.randomAlphanumeric(10) + "_" + I.gettimedate(): null

2022-06-28 14:56:34 - [TEST_STEP][PASSED] - setText(findTestObject("HL Full Lifecycle/4 CreateProjPage_inputProjectname"), project_name): Text 'AutoTest_Chrome_Starpackuvn8dFJ6Tj_juin282022_145634' is set on object 'Object Repository/HL Full Lifecycle/4 CreateProjPage_inputProjectname'

2022-06-28 14:56:35 - [MESSAGE][PASSED] - Text 'AutoTest_Chrome_Starpackuvn8dFJ6Tj_juin282022_145634' is set on object 'Object Repository/HL Full Lifecycle/4 CreateProjPage_inputProjectname'

2022-06-28 14:56:35 - [TEST_STEP][PASSED] - click(findTestObject("HL Full Lifecycle/4 CreateProjPage_Create Project_Bluebutton")): Object: 'Object Repository/HL Full Lifecycle/4 CreateProjPage_Create Project_Bluebutton' is clicked on

2022-06-28 14:56:39 - [MESSAGE][PASSED] - Object: 'Object Repository/HL Full Lifecycle/4 CreateProjPage_Create Project_Bluebutton' is clicked on

2022-06-28 14:56:39 - [TEST_STEP][PASSED] - delay(1): Delayed 1 second(s)

2022-06-28 14:56:40 - [MESSAGE][PASSED] - Delayed 1 second(s)

2022-06-28 14:56:40 - [TEST_STEP][PASSED] - takeScreenshot(): Taking screenshot successfully

2022-06-28 14:56:41 - [MESSAGE][PASSED] - Taking screenshot successfully
[[ATTACHMENT|D:\\Projet Test Auto\\Mediabox Test Automation\\Reports\\20220628_140216\\4618_TestStarpack\\TS\\02.TestStarPack Full Lifecycle _Change of Rights_SAS\\20220628_140217\\1656421000969.png]]

2022-06-28 14:56:41 - [TEST_STEP][PASSED] - selectOptionByValue(findTestObject("1. Constant/01_id_field_id", ["field_id":"var_98"]), "122", false): All options with value '122' are selected in object 'Object Repository/1. Constant/01_id_field_id' 

2022-06-28 14:56:41 - [MESSAGE][PASSED] - All options with value '122' are selected in object 'Object Repository/1. Constant/01_id_field_id' 

2022-06-28 14:56:41 - [TEST_STEP][PASSED] - delay(1): Delayed 1 second(s)

2022-06-28 14:56:42 - [MESSAGE][PASSED] - Delayed 1 second(s)

2022-06-28 14:56:42 - [TEST_STEP][PASSED] - selectOptionByValue(findTestObject("1. Constant/01_id_field_id", ["field_id":"var_9"]), "amartin_arbol", false): All options with value 'amartin_arbol' are selected in object 'Object Repository/1. Constant/01_id_field_id' 

2022-06-28 14:56:43 - [MESSAGE][PASSED] - All options with value 'amartin_arbol' are selected in object 'Object Repository/1. Constant/01_id_field_id' 

2022-06-28 14:56:43 - [TEST_STEP][PASSED] - delay(1): Delayed 1 second(s)

2022-06-28 14:56:44 - [MESSAGE][PASSED] - Delayed 1 second(s)

2022-06-28 14:56:44 - [TEST_STEP][PASSED] - selectOptionByValue(findTestObject("1. Constant/01_id_field_id", ["field_id":"var_10"]), "aterreshernandez", false): All options with value 'aterreshernandez' are selected in object 'Object Repository/1. Constant/01_id_field_id' 

2022-06-28 14:56:45 - [MESSAGE][PASSED] - All options with value 'aterreshernandez' are selected in object 'Object Repository/1. Constant/01_id_field_id' 

2022-06-28 14:56:45 - [TEST_STEP][PASSED] - delay(1): Delayed 1 second(s)

2022-06-28 14:56:46 - [MESSAGE][PASSED] - Delayed 1 second(s)

2022-06-28 14:56:46 - [TEST_STEP][PASSED] - selectOptionByValue(findTestObject("Object Repository/xxx Todelete/1.4 ModifyProPage_MF(IDP)"), "nalonsobermejo", true): All options with value 'nalonsobermejo' are selected in object 'Object Repository/xxx Todelete/1.4 ModifyProPage_MF(IDP)'  using regular expression

2022-06-28 14:56:47 - [MESSAGE][PASSED] - All options with value 'nalonsobermejo' are selected in object 'Object Repository/xxx Todelete/1.4 ModifyProPage_MF(IDP)'  using regular expression

2022-06-28 14:56:47 - [TEST_STEP][PASSED] - delay(1): Delayed 1 second(s)

2022-06-28 14:56:48 - [MESSAGE][PASSED] - Delayed 1 second(s)

2022-06-28 14:56:48 - [TEST_STEP][PASSED] - click(findTestObject("Object Repository/xxx Todelete/1.41 ModifyProPage_AddMF")): Object: 'Object Repository/xxx Todelete/1.41 ModifyProPage_AddMF' is clicked on

2022-06-28 14:56:48 - [MESSAGE][PASSED] - Object: 'Object Repository/xxx Todelete/1.41 ModifyProPage_AddMF' is clicked on

2022-06-28 14:56:48 - [TEST_STEP][PASSED] - delay(1): Delayed 1 second(s)

2022-06-28 14:56:49 - [MESSAGE][PASSED] - Delayed 1 second(s)

2022-06-28 14:56:49 - [TEST_STEP][PASSED] - selectOptionByValue(findTestObject("1. Constant/01_id_field_id", ["field_id":"var_15"]), "292", false): All options with value '292' are selected in object 'Object Repository/1. Constant/01_id_field_id' 

2022-06-28 14:56:50 - [MESSAGE][PASSED] - All options with value '292' are selected in object 'Object Repository/1. Constant/01_id_field_id' 

2022-06-28 14:56:50 - [TEST_STEP][PASSED] - delay(1): Delayed 1 second(s)

2022-06-28 14:56:51 - [MESSAGE][PASSED] - Delayed 1 second(s)

2022-06-28 14:56:51 - [TEST_STEP][PASSED] - value = getAttribute(findTestObject("Object Repository/StarPack - Full Lifecycle (AWIS)/1.6 ModifyProPage _NDP"), "value"): Attribute 'value' of object 'Object Repository/StarPack - Full Lifecycle (AWIS)/1.6 ModifyProPage _NDP' is: 'MCBRIDE, S.A.'

2022-06-28 14:56:52 - [MESSAGE][PASSED] - Attribute 'value' of object 'Object Repository/StarPack - Full Lifecycle (AWIS)/1.6 ModifyProPage _NDP' is: 'MCBRIDE, S.A.'

2022-06-28 14:56:52 - [TEST_STEP][PASSED] - delay(1): Delayed 1 second(s)

2022-06-28 14:56:53 - [MESSAGE][PASSED] - Delayed 1 second(s)

2022-06-28 14:56:53 - [TEST_STEP][PASSED] - delay(1): Delayed 1 second(s)

2022-06-28 14:56:54 - [MESSAGE][PASSED] - Delayed 1 second(s)

2022-06-28 14:56:54 - [TEST_STEP][PASSED] - selectOptionByValue(findTestObject("1. Constant/01_id_field_id", ["field_id":"var_26"]), "94", false): All options with value '94' are selected in object 'Object Repository/1. Constant/01_id_field_id' 

2022-06-28 14:56:54 - [MESSAGE][PASSED] - All options with value '94' are selected in object 'Object Repository/1. Constant/01_id_field_id' 

2022-06-28 14:56:54 - [TEST_STEP][PASSED] - delay(1): Delayed 1 second(s)

2022-06-28 14:56:55 - [MESSAGE][PASSED] - Delayed 1 second(s)

2022-06-28 14:56:55 - [TEST_STEP][PASSED] - selectOptionByValue(findTestObject("1. Constant/01_id_field_id", ["field_id":"var_12"]), "94", false): All options with value '94' are selected in object 'Object Repository/1. Constant/01_id_field_id' 

2022-06-28 14:56:56 - [MESSAGE][PASSED] - All options with value '94' are selected in object 'Object Repository/1. Constant/01_id_field_id' 

2022-06-28 14:56:56 - [TEST_STEP][PASSED] - delay(1): Delayed 1 second(s)

2022-06-28 14:56:57 - [MESSAGE][PASSED] - Delayed 1 second(s)

2022-06-28 14:56:57 - [TEST_STEP][PASSED] - selectOptionByValue(findTestObject("1. Constant/01_id_field_id", ["field_id":"var_27"]), "734", false): All options with value '734' are selected in object 'Object Repository/1. Constant/01_id_field_id' 

2022-06-28 14:56:58 - [MESSAGE][PASSED] - All options with value '734' are selected in object 'Object Repository/1. Constant/01_id_field_id' 

2022-06-28 14:56:58 - [TEST_STEP][PASSED] - delay(1): Delayed 1 second(s)

2022-06-28 14:56:59 - [MESSAGE][PASSED] - Delayed 1 second(s)

2022-06-28 14:56:59 - [TEST_STEP][PASSED] - selectOptionByValue(findTestObject("1. Constant/01_id_field_id", ["field_id":"var_71"]), "efood", false): All options with value 'efood' are selected in object 'Object Repository/1. Constant/01_id_field_id' 

2022-06-28 14:56:59 - [MESSAGE][PASSED] - All options with value 'efood' are selected in object 'Object Repository/1. Constant/01_id_field_id' 

2022-06-28 14:56:59 - [TEST_STEP][PASSED] - delay(1): Delayed 1 second(s)

2022-06-28 14:57:01 - [MESSAGE][PASSED] - Delayed 1 second(s)

2022-06-28 14:57:01 - [TEST_STEP][PASSED] - takeScreenshot(): Taking screenshot successfully

2022-06-28 14:57:01 - [MESSAGE][PASSED] - Taking screenshot successfully
[[ATTACHMENT|D:\\Projet Test Auto\\Mediabox Test Automation\\Reports\\20220628_140216\\4618_TestStarpack\\TS\\02.TestStarPack Full Lifecycle _Change of Rights_SAS\\20220628_140217\\1656421021233.png]]

2022-06-28 14:57:01 - [TEST_STEP][PASSED] - delay(10): Delayed 10 second(s)

2022-06-28 14:57:11 - [MESSAGE][PASSED] - Delayed 10 second(s)

2022-06-28 14:57:11 - [TEST_STEP][PASSED] - click(findTestObject("HL Full Lifecycle/5 ModifyProjPage_button_Update")): Object: 'Object Repository/HL Full Lifecycle/5 ModifyProjPage_button_Update' is clicked on

2022-06-28 14:57:16 - [MESSAGE][PASSED] - Object: 'Object Repository/HL Full Lifecycle/5 ModifyProjPage_button_Update' is clicked on

2022-06-28 14:57:16 - [TEST_STEP][PASSED] - waitForPageLoad(10): Wait for page load successfully

2022-06-28 14:57:16 - [MESSAGE][PASSED] - Wait for page load successfully

2022-06-28 14:57:16 - [TEST_STEP][PASSED] - delay(5): Delayed 5 second(s)

2022-06-28 14:57:21 - [MESSAGE][PASSED] - Delayed 5 second(s)

2022-06-28 14:57:21 - [TEST_STEP][PASSED] - Project_No = I.ProjectNo(): Current window's url is: 'https://mdb-v3-test.diadeis.com/Mediabox4618/Base/ExecAction?IDSession=MBI%21TESTAUTO_STARPACK_4618%21FQY2ERCMVP5J6SUHBBJN1IVCKEICOAOUKBC1ZAYM&default_action=AfficheFichesProjet&id_project=MI001288'

2022-06-28 14:57:26 - [MESSAGE][PASSED] - Delayed 5 second(s)

2022-06-28 14:57:26 - [MESSAGE][PASSED] - Current window's url is: 'https://mdb-v3-test.diadeis.com/Mediabox4618/Base/ExecAction?IDSession=MBI%21TESTAUTO_STARPACK_4618%21FQY2ERCMVP5J6SUHBBJN1IVCKEICOAOUKBC1ZAYM&default_action=AfficheFichesProjet&id_project=MI001288'

2022-06-28 14:57:26 - [TEST_STEP][PASSED] - click(findTestObject("HL Full Lifecycle/6 ReferenceListPage_createrefbutton")): Object: 'Object Repository/HL Full Lifecycle/6 ReferenceListPage_createrefbutton' is clicked on

2022-06-28 14:57:27 - [MESSAGE][PASSED] - Object: 'Object Repository/HL Full Lifecycle/6 ReferenceListPage_createrefbutton' is clicked on

2022-06-28 14:57:27 - [TEST_STEP][PASSED] - click(findTestObject("HL Full Lifecycle/6 ReferenceListPaga_Create a component_button")): Object: 'Object Repository/HL Full Lifecycle/6 ReferenceListPaga_Create a component_button' is clicked on

2022-06-28 14:57:30 - [MESSAGE][PASSED] - Object: 'Object Repository/HL Full Lifecycle/6 ReferenceListPaga_Create a component_button' is clicked on

2022-06-28 14:57:30 - [TEST_STEP][PASSED] - waitForPageLoad(10): Wait for page load successfully

2022-06-28 14:57:30 - [MESSAGE][PASSED] - Wait for page load successfully

2022-06-28 14:57:30 - [TEST_STEP][PASSED] - takeScreenshot(): Taking screenshot successfully

2022-06-28 14:57:30 - [MESSAGE][PASSED] - Taking screenshot successfully
[[ATTACHMENT|D:\\Projet Test Auto\\Mediabox Test Automation\\Reports\\20220628_140216\\4618_TestStarpack\\TS\\02.TestStarPack Full Lifecycle _Change of Rights_SAS\\20220628_140217\\1656421050448.png]]

2022-06-28 14:57:30 - [TEST_STEP][PASSED] - selectOptionByValue(findTestObject("1. Constant/01_id_field_id", ["field_id":"ref_type"]), "6", false): All options with value '6' are selected in object 'Object Repository/1. Constant/01_id_field_id' 

2022-06-28 14:57:32 - [MESSAGE][PASSED] - All options with value '6' are selected in object 'Object Repository/1. Constant/01_id_field_id' 

2022-06-28 14:57:32 - [TEST_STEP][PASSED] - click(findTestObject("HL Full Lifecycle/6 ReferencePg_Create a component_bluebutton")): Object: 'Object Repository/HL Full Lifecycle/6 ReferencePg_Create a component_bluebutton' is clicked on

2022-06-28 14:57:38 - [MESSAGE][PASSED] - Object: 'Object Repository/HL Full Lifecycle/6 ReferencePg_Create a component_bluebutton' is clicked on

2022-06-28 14:57:38 - [TEST_STEP][PASSED] - refID = I.RefID(): Current window's url is: 'https://mdb-v3-test.diadeis.com/Mediabox4618/Base/ExecAction?IDSession=MBI%21TESTAUTO_STARPACK_4618%21FQY2ERCMVP5J6SUHBBJN1IVCKEICOAOUKBC1ZAYM&default_action=ModifierRef&id_project=MI001288&id_ref=6406&action_from=create_ref'

2022-06-28 14:57:43 - [MESSAGE][PASSED] - Delayed 5 second(s)

2022-06-28 14:57:43 - [MESSAGE][PASSED] - Current window's url is: 'https://mdb-v3-test.diadeis.com/Mediabox4618/Base/ExecAction?IDSession=MBI%21TESTAUTO_STARPACK_4618%21FQY2ERCMVP5J6SUHBBJN1IVCKEICOAOUKBC1ZAYM&default_action=ModifierRef&id_project=MI001288&id_ref=6406&action_from=create_ref'

2022-06-28 14:57:43 - [TEST_STEP][PASSED] - out.println(refID): null

2022-06-28 14:57:43 - [TEST_STEP][PASSED] - takeScreenshot(): Taking screenshot successfully

2022-06-28 14:57:43 - [MESSAGE][PASSED] - Taking screenshot successfully
[[ATTACHMENT|D:\\Projet Test Auto\\Mediabox Test Automation\\Reports\\20220628_140216\\4618_TestStarpack\\TS\\02.TestStarPack Full Lifecycle _Change of Rights_SAS\\20220628_140217\\1656421063374.png]]

2022-06-28 14:57:43 - [TEST_STEP][PASSED] - sendKeys(findTestObject("1. Constant/01_id_field_id", ["field_id":"var_28"]), "209293"): Keys '209293' sent to object: 'Object Repository/1. Constant/01_id_field_id'

2022-06-28 14:57:44 - [MESSAGE][PASSED] - Keys '209293' sent to object: 'Object Repository/1. Constant/01_id_field_id'

2022-06-28 14:57:44 - [TEST_STEP][PASSED] - sendKeys(findTestObject("1. Constant/01_id_field_id", ["field_id":"var_30"]), "test Submarca"): Keys 'test Submarca' sent to object: 'Object Repository/1. Constant/01_id_field_id'

2022-06-28 14:57:44 - [MESSAGE][PASSED] - Keys 'test Submarca' sent to object: 'Object Repository/1. Constant/01_id_field_id'

2022-06-28 14:57:44 - [TEST_STEP][PASSED] - sendKeys(findTestObject("1. Constant/01_id_field_id", ["field_id":"var_31"]), "test Submarca Vínculo con bulto: test Submarca"): Keys 'test Submarca Vínculo con bulto: test Submarca' sent to object: 'Object Repository/1. Constant/01_id_field_id'

2022-06-28 14:57:45 - [MESSAGE][PASSED] - Keys 'test Submarca Vínculo con bulto: test Submarca' sent to object: 'Object Repository/1. Constant/01_id_field_id'

2022-06-28 14:57:45 - [TEST_STEP][PASSED] - selectOptionByValue(findTestObject("1. Constant/01_id_field_id", ["field_id":"var_38"]), "24", false): All options with value '24' are selected in object 'Object Repository/1. Constant/01_id_field_id' 

2022-06-28 14:57:46 - [MESSAGE][PASSED] - All options with value '24' are selected in object 'Object Repository/1. Constant/01_id_field_id' 

2022-06-28 14:57:46 - [TEST_STEP][PASSED] - sendKeys(findTestObject("1. Constant/01_id_field_id", ["field_id":"var_39"]), "8480017155061"): Keys '8480017155061' sent to object: 'Object Repository/1. Constant/01_id_field_id'

2022-06-28 14:57:47 - [MESSAGE][PASSED] - Keys '8480017155061' sent to object: 'Object Repository/1. Constant/01_id_field_id'

2022-06-28 14:57:47 - [TEST_STEP][PASSED] - selectOptionByValue(findTestObject("1. Constant/01_id_field_id", ["field_id":"selSource_19"]), "22", false): All options with value '22' are selected in object 'Object Repository/1. Constant/01_id_field_id' 

2022-06-28 14:57:47 - [MESSAGE][PASSED] - All options with value '22' are selected in object 'Object Repository/1. Constant/01_id_field_id' 

2022-06-28 14:57:47 - [TEST_STEP][PASSED] - click(findTestObject("Object Repository/xxx Todelete/2.01 ModifyRef_Pais")): Object: 'Object Repository/xxx Todelete/2.01 ModifyRef_Pais' is clicked on

2022-06-28 14:57:48 - [MESSAGE][PASSED] - Object: 'Object Repository/xxx Todelete/2.01 ModifyRef_Pais' is clicked on

2022-06-28 14:57:48 - [TEST_STEP][PASSED] - selectOptionByValue(findTestObject("1. Constant/01_id_field_id", ["field_id":"var_75"]), "26", false): All options with value '26' are selected in object 'Object Repository/1. Constant/01_id_field_id' 

2022-06-28 14:57:49 - [MESSAGE][PASSED] - All options with value '26' are selected in object 'Object Repository/1. Constant/01_id_field_id' 

2022-06-28 14:57:49 - [TEST_STEP][PASSED] - click(findTestObject("HL Full Lifecycle/7 ModifyRefPage_button_Save")): Object: 'Object Repository/HL Full Lifecycle/7 ModifyRefPage_button_Save' is clicked on

2022-06-28 14:57:55 - [MESSAGE][PASSED] - Object: 'Object Repository/HL Full Lifecycle/7 ModifyRefPage_button_Save' is clicked on

2022-06-28 14:57:55 - [TEST_STEP][PASSED] - I.Logout(): Delayed 3 second(s)

2022-06-28 14:57:58 - [MESSAGE][PASSED] - Delayed 3 second(s)

2022-06-28 14:57:59 - [MESSAGE][PASSED] - Object: 'Object Repository/1. Constant/xpath' is clicked on

2022-06-28 14:58:02 - [MESSAGE][PASSED] - Delayed 3 second(s)

2022-06-28 14:58:04 - [MESSAGE][PASSED] - Object: 'Object Repository/1. Constant/xpath' is clicked on

2022-06-28 14:58:07 - [MESSAGE][PASSED] - Delayed 3 second(s)

2022-06-28 14:58:07 - [TEST_STEP][PASSED] - I.Login_password("suser", password_suser): Object: 'Object Repository/1. Constant/xpath' is clicked on

2022-06-28 14:58:08 - [MESSAGE][PASSED] - Text 'suser' is set on object 'Object Repository/1. Constant/xpath'

2022-06-28 14:58:09 - [MESSAGE][PASSED] - Delayed 1 second(s)

2022-06-28 14:58:10 - [MESSAGE][PASSED] - Text 'dchi2' is set on object 'Object Repository/1. Constant/xpath'

2022-06-28 14:58:11 - [MESSAGE][PASSED] - Delayed 1 second(s)

2022-06-28 14:58:14 - [MESSAGE][PASSED] - Object: 'Object Repository/1. Constant/xpath' is clicked on

2022-06-28 14:58:14 - [TEST_STEP][PASSED] - takeScreenshot(): Taking screenshot successfully

2022-06-28 14:58:16 - [MESSAGE][PASSED] - Taking screenshot successfully
[[ATTACHMENT|D:\\Projet Test Auto\\Mediabox Test Automation\\Reports\\20220628_140216\\4618_TestStarpack\\TS\\02.TestStarPack Full Lifecycle _Change of Rights_SAS\\20220628_140217\\1656421096086.png]]

2022-06-28 14:58:16 - [TEST_STEP][PASSED] - click(findTestObject("1. Constant/02_LHSMenu_Projects")): Object: 'Object Repository/1. Constant/02_LHSMenu_Projects' is clicked on

2022-06-28 14:58:24 - [MESSAGE][PASSED] - Object: 'Object Repository/1. Constant/02_LHSMenu_Projects' is clicked on

2022-06-28 14:58:24 - [TEST_STEP][PASSED] - I.SearchProjectNo(Project_No, findTestObject("HL Full Lifecycle/9 Filter_Button_Apply")): Delayed 5 second(s)

2022-06-28 14:58:25 - [MESSAGE][PASSED] - Text 'MI001288' is set on object 'Object Repository/1. Constant/xpath'

2022-06-28 14:58:28 - [MESSAGE][PASSED] - Delayed 3 second(s)

2022-06-28 14:58:31 - [MESSAGE][PASSED] - Object: 'Object Repository/HL Full Lifecycle/9 Filter_Button_Apply' is clicked on

2022-06-28 14:58:36 - [MESSAGE][PASSED] - Delayed 5 second(s)

2022-06-28 14:58:36 - [TEST_STEP][PASSED] - I.superedit_ref(findTestObject("Object Repository/StarPack - Full Lifecycle (AWIS)/3.02 Suser super edit", ["refID":"source_" + refID]), findTestObject("Object Repository/StarPack - Full Lifecycle (AWIS)/3.03 Suser super edit (option)", ["refID":"source_" + refID])): Object: 'Object Repository/StarPack - Full Lifecycle (AWIS)/3.03 Suser super edit (option)' is clicked on

2022-06-28 14:58:37 - [MESSAGE][PASSED] - Object: 'Object Repository/StarPack - Full Lifecycle (AWIS)/3.02 Suser super edit' is clicked on

2022-06-28 14:58:40 - [MESSAGE][PASSED] - Delayed 3 second(s)

2022-06-28 14:58:42 - [MESSAGE][PASSED] - Object: 'Object Repository/StarPack - Full Lifecycle (AWIS)/3.03 Suser super edit (option)' is clicked on

2022-06-28 14:58:42 - [TEST_STEP][PASSED] - takeScreenshot(): Taking screenshot successfully

2022-06-28 14:58:43 - [MESSAGE][PASSED] - Taking screenshot successfully
[[ATTACHMENT|D:\\Projet Test Auto\\Mediabox Test Automation\\Reports\\20220628_140216\\4618_TestStarpack\\TS\\02.TestStarPack Full Lifecycle _Change of Rights_SAS\\20220628_140217\\1656421123464.png]]

2022-06-28 14:58:43 - [TEST_STEP][PASSED] - I.click_button_javascript(findTestObject("Object Repository/StarPack - Full Lifecycle (AWIS)/3.04 Suser select option button(yes)", ["field_ID":"field_var_40"])): Execute JavaScript 'arguments[0].click()' successfully

2022-06-28 14:58:44 - [MESSAGE][PASSED] - Execute JavaScript 'arguments[0].click()' successfully

2022-06-28 14:58:44 - [TEST_STEP][PASSED] - I.click_button_javascript(findTestObject("Object Repository/StarPack - Full Lifecycle (AWIS)/3.04 Suser select option button(yes)", ["field_ID":"field_var_41"])): Execute JavaScript 'arguments[0].click()' successfully

2022-06-28 14:58:44 - [MESSAGE][PASSED] - Execute JavaScript 'arguments[0].click()' successfully

2022-06-28 14:58:44 - [TEST_STEP][PASSED] - I.click_button_javascript(findTestObject("Object Repository/StarPack - Full Lifecycle (AWIS)/3.04 Suser select option button(yes)", ["field_ID":"field_var_42"])): Execute JavaScript 'arguments[0].click()' successfully

2022-06-28 14:58:45 - [MESSAGE][PASSED] - Execute JavaScript 'arguments[0].click()' successfully

2022-06-28 14:58:45 - [TEST_STEP][PASSED] - I.click_button_javascript(findTestObject("Object Repository/StarPack - Full Lifecycle (AWIS)/3.04 Suser select option button(yes)", ["field_ID":"field_var_43"])): Execute JavaScript 'arguments[0].click()' successfully

2022-06-28 14:58:45 - [MESSAGE][PASSED] - Execute JavaScript 'arguments[0].click()' successfully

2022-06-28 14:58:45 - [TEST_STEP][PASSED] - I.click_button_javascript(findTestObject("Object Repository/StarPack - Full Lifecycle (AWIS)/3.04 Suser select option button(No)", ["field_ID":"field_var_44"])): Execute JavaScript 'arguments[0].click()' successfully

2022-06-28 14:58:45 - [MESSAGE][PASSED] - Execute JavaScript 'arguments[0].click()' successfully

2022-06-28 14:58:45 - [TEST_STEP][PASSED] - I.click_button_javascript(findTestObject("Object Repository/StarPack - Full Lifecycle (AWIS)/3.04 Suser select option button(No)", ["field_ID":"field_var_45"])): Execute JavaScript 'arguments[0].click()' successfully

2022-06-28 14:58:46 - [MESSAGE][PASSED] - Execute JavaScript 'arguments[0].click()' successfully

2022-06-28 14:58:46 - [TEST_STEP][PASSED] - I.click_button_javascript(findTestObject("Object Repository/StarPack - Full Lifecycle (AWIS)/3.04 Suser select option button(No)", ["field_ID":"field_var_99"])): Execute JavaScript 'arguments[0].click()' successfully

2022-06-28 14:58:46 - [MESSAGE][PASSED] - Execute JavaScript 'arguments[0].click()' successfully

2022-06-28 14:58:46 - [TEST_STEP][PASSED] - click(findTestObject("Object Repository/StarPack - Full Lifecycle (AWIS)/3.05 Suser saves for super edit ref")): Object: 'Object Repository/StarPack - Full Lifecycle (AWIS)/3.05 Suser saves for super edit ref' is clicked on

2022-06-28 14:58:51 - [MESSAGE][PASSED] - Object: 'Object Repository/StarPack - Full Lifecycle (AWIS)/3.05 Suser saves for super edit ref' is clicked on

2022-06-28 14:58:51 - [TEST_STEP][PASSED] - I.Logout(): Delayed 3 second(s)

2022-06-28 14:58:54 - [MESSAGE][PASSED] - Delayed 3 second(s)

2022-06-28 14:58:54 - [MESSAGE][PASSED] - Object: 'Object Repository/1. Constant/xpath' is clicked on

2022-06-28 14:58:57 - [MESSAGE][PASSED] - Delayed 3 second(s)

2022-06-28 14:58:59 - [MESSAGE][PASSED] - Object: 'Object Repository/1. Constant/xpath' is clicked on

2022-06-28 14:59:02 - [MESSAGE][PASSED] - Delayed 3 second(s)

2022-06-28 14:59:02 - [TEST_STEP][PASSED] - I.Login_password("adelamatanieves", password_adelamatanieves): Object: 'Object Repository/1. Constant/xpath' is clicked on

2022-06-28 14:59:03 - [MESSAGE][PASSED] - Text 'adelamatanieves' is set on object 'Object Repository/1. Constant/xpath'

2022-06-28 14:59:04 - [MESSAGE][PASSED] - Delayed 1 second(s)

2022-06-28 14:59:04 - [MESSAGE][PASSED] - Text 'dchi4' is set on object 'Object Repository/1. Constant/xpath'

2022-06-28 14:59:05 - [MESSAGE][PASSED] - Delayed 1 second(s)

2022-06-28 14:59:08 - [MESSAGE][PASSED] - Object: 'Object Repository/1. Constant/xpath' is clicked on

2022-06-28 14:59:08 - [TEST_STEP][PASSED] - takeScreenshot(): Taking screenshot successfully

2022-06-28 14:59:09 - [MESSAGE][PASSED] - Taking screenshot successfully
[[ATTACHMENT|D:\\Projet Test Auto\\Mediabox Test Automation\\Reports\\20220628_140216\\4618_TestStarpack\\TS\\02.TestStarPack Full Lifecycle _Change of Rights_SAS\\20220628_140217\\1656421149015.png]]

2022-06-28 14:59:09 - [TEST_STEP][PASSED] - click(findTestObject("1. Constant/02_LHSMenu_Projects")): Object: 'Object Repository/1. Constant/02_LHSMenu_Projects' is clicked on

2022-06-28 14:59:12 - [MESSAGE][PASSED] - Object: 'Object Repository/1. Constant/02_LHSMenu_Projects' is clicked on

2022-06-28 14:59:12 - [TEST_STEP][PASSED] - I.SearchProjectNo(Project_No, findTestObject("HL Full Lifecycle/9 Filter_Button_Apply")): Delayed 5 second(s)

2022-06-28 14:59:13 - [MESSAGE][PASSED] - Text 'MI001288' is set on object 'Object Repository/1. Constant/xpath'

2022-06-28 14:59:16 - [MESSAGE][PASSED] - Delayed 3 second(s)

2022-06-28 14:59:21 - [MESSAGE][PASSED] - Object: 'Object Repository/HL Full Lifecycle/9 Filter_Button_Apply' is clicked on

2022-06-28 14:59:26 - [MESSAGE][PASSED] - Delayed 5 second(s)

2022-06-28 14:59:26 - [TEST_STEP][PASSED] - click(findTestObject("1. Constant/xpath", ["xpath":"/html/body/div[1]/div[2]/div[4]/div[3]/div/div[2]/div[2]/div[1]/table/tbody/tr[2]/td[10]/a[3]"])): Object: 'Object Repository/1. Constant/xpath' is clicked on

2022-06-28 14:59:29 - [MESSAGE][PASSED] - Object: 'Object Repository/1. Constant/xpath' is clicked on

2022-06-28 14:59:29 - [TEST_STEP][PASSED] - click(findTestObject("Object Repository/StarPack - Full Lifecycle (AWIS)/2.031 RefPg_AnnaSubmit", ["id":"1"])): Object: 'Object Repository/StarPack - Full Lifecycle (AWIS)/2.031 RefPg_AnnaSubmit' is clicked on

2022-06-28 14:59:38 - [MESSAGE][PASSED] - Object: 'Object Repository/StarPack - Full Lifecycle (AWIS)/2.031 RefPg_AnnaSubmit' is clicked on

2022-06-28 14:59:38 - [TEST_STEP][PASSED] - click(findTestObject("Object Repository/StarPack - Full Lifecycle (AWIS)/2.03 Block anna")): Object: 'Object Repository/StarPack - Full Lifecycle (AWIS)/2.03 Block anna' is clicked on

2022-06-28 14:59:42 - [MESSAGE][PASSED] - Object: 'Object Repository/StarPack - Full Lifecycle (AWIS)/2.03 Block anna' is clicked on

2022-06-28 14:59:42 - [TEST_STEP][PASSED] - I.click_button_javascript(findTestObject("1. Constant/xpath", ["xpath":"//*[@id="card_phase_group_2464_ModifFiche"]/div[2]/div[1]/div/div[1]/label[2]"])): Execute JavaScript 'arguments[0].click()' successfully

2022-06-28 14:59:42 - [MESSAGE][PASSED] - Execute JavaScript 'arguments[0].click()' successfully

2022-06-28 14:59:42 - [TEST_STEP][PASSED] - I.click_button_javascript(findTestObject("1. Constant/xpath", ["xpath":"//*[@id="card_phase_group_2464_ModifFiche"]/div[2]/div[2]/div/div[1]/label[2]"])): Execute JavaScript 'arguments[0].click()' successfully

2022-06-28 14:59:43 - [MESSAGE][PASSED] - Execute JavaScript 'arguments[0].click()' successfully

2022-06-28 14:59:43 - [TEST_STEP][PASSED] - I.click_button_javascript(findTestObject("1. Constant/xpath", ["xpath":"//*[@id="card_phase_group_2464_ModifFiche"]/div[2]/div[3]/div/div[1]/label[1]"])): Execute JavaScript 'arguments[0].click()' successfully

2022-06-28 14:59:43 - [MESSAGE][PASSED] - Execute JavaScript 'arguments[0].click()' successfully

2022-06-28 14:59:43 - [TEST_STEP][PASSED] - I.Pagedown(): Execute JavaScript 'window.scrollTo(0, document.body.scrollHeight)' successfully

2022-06-28 14:59:43 - [MESSAGE][PASSED] - Execute JavaScript 'window.scrollTo(0, document.body.scrollHeight)' successfully

2022-06-28 14:59:43 - [TEST_STEP][PASSED] - click(findTestObject("Object Repository/StarPack - Full Lifecycle (AWIS)/2.05 RefPg_submit")): Object: 'Object Repository/StarPack - Full Lifecycle (AWIS)/2.05 RefPg_submit' is clicked on

2022-06-28 14:59:54 - [MESSAGE][PASSED] - Object: 'Object Repository/StarPack - Full Lifecycle (AWIS)/2.05 RefPg_submit' is clicked on

2022-06-28 14:59:54 - [TEST_STEP][PASSED] - delay(2): Delayed 2 second(s)

2022-06-28 14:59:56 - [MESSAGE][PASSED] - Delayed 2 second(s)

2022-06-28 14:59:56 - [TEST_STEP][PASSED] - takeScreenshot(): Taking screenshot successfully

2022-06-28 14:59:56 - [MESSAGE][PASSED] - Taking screenshot successfully
[[ATTACHMENT|D:\\Projet Test Auto\\Mediabox Test Automation\\Reports\\20220628_140216\\4618_TestStarpack\\TS\\02.TestStarPack Full Lifecycle _Change of Rights_SAS\\20220628_140217\\1656421196556.png]]

2022-06-28 14:59:56 - [TEST_STEP][PASSED] - I.Logout(): Delayed 3 second(s)

2022-06-28 14:59:59 - [MESSAGE][PASSED] - Delayed 3 second(s)

2022-06-28 15:00:00 - [MESSAGE][PASSED] - Object: 'Object Repository/1. Constant/xpath' is clicked on

2022-06-28 15:00:03 - [MESSAGE][PASSED] - Delayed 3 second(s)

2022-06-28 15:00:05 - [MESSAGE][PASSED] - Object: 'Object Repository/1. Constant/xpath' is clicked on

2022-06-28 15:00:08 - [MESSAGE][PASSED] - Delayed 3 second(s)

2022-06-28 15:00:08 - [TEST_STEP][PASSED] - refID_TD = Integer.parseInt(refID) + 1: null

2022-06-28 15:00:08 - [TEST_STEP][PASSED] - I.Login_password("suser", password_suser): Object: 'Object Repository/1. Constant/xpath' is clicked on

2022-06-28 15:00:09 - [MESSAGE][PASSED] - Text 'suser' is set on object 'Object Repository/1. Constant/xpath'

2022-06-28 15:00:10 - [MESSAGE][PASSED] - Delayed 1 second(s)

2022-06-28 15:00:10 - [MESSAGE][PASSED] - Text 'dchi2' is set on object 'Object Repository/1. Constant/xpath'

2022-06-28 15:00:11 - [MESSAGE][PASSED] - Delayed 1 second(s)

2022-06-28 15:00:14 - [MESSAGE][PASSED] - Object: 'Object Repository/1. Constant/xpath' is clicked on

2022-06-28 15:00:14 - [TEST_STEP][PASSED] - takeScreenshot(): Taking screenshot successfully

2022-06-28 15:00:16 - [MESSAGE][PASSED] - Taking screenshot successfully
[[ATTACHMENT|D:\\Projet Test Auto\\Mediabox Test Automation\\Reports\\20220628_140216\\4618_TestStarpack\\TS\\02.TestStarPack Full Lifecycle _Change of Rights_SAS\\20220628_140217\\1656421215851.png]]

2022-06-28 15:00:16 - [TEST_STEP][PASSED] - click(findTestObject("1. Constant/02_LHSMenu_Projects")): Object: 'Object Repository/1. Constant/02_LHSMenu_Projects' is clicked on

2022-06-28 15:00:24 - [MESSAGE][PASSED] - Object: 'Object Repository/1. Constant/02_LHSMenu_Projects' is clicked on

2022-06-28 15:00:24 - [TEST_STEP][PASSED] - I.SearchProjectNo(Project_No, findTestObject("HL Full Lifecycle/9 Filter_Button_Apply")): Delayed 5 second(s)

2022-06-28 15:00:25 - [MESSAGE][PASSED] - Text 'MI001288' is set on object 'Object Repository/1. Constant/xpath'

2022-06-28 15:00:28 - [MESSAGE][PASSED] - Delayed 3 second(s)

2022-06-28 15:00:32 - [MESSAGE][PASSED] - Object: 'Object Repository/HL Full Lifecycle/9 Filter_Button_Apply' is clicked on

2022-06-28 15:00:37 - [MESSAGE][PASSED] - Delayed 5 second(s)

2022-06-28 15:00:37 - [TEST_STEP][PASSED] - color1 = getCSSValue(findTestObject("Object Repository/StarPack - Full Lifecycle (AWIS)/4.012 Supploer proceed to next phase (PS)", ["refID":"source_" + refID_TD]), "color", OPTIONAL): Get CSS 'color' value on 'Object Repository/StarPack - Full Lifecycle (AWIS)/4.012 Supploer proceed to next phase (PS)' successfully: 'rgba(255, 255, 255, 1)'.

2022-06-28 15:00:37 - [MESSAGE][PASSED] - Get CSS 'color' value on 'Object Repository/StarPack - Full Lifecycle (AWIS)/4.012 Supploer proceed to next phase (PS)' successfully: 'rgba(255, 255, 255, 1)'.

2022-06-28 15:00:37 - [TEST_STEP][PASSED] - I.print(color1): null

2022-06-28 15:00:37 - [TEST_STEP][PASSED] - while (color1 == "rgba(255, 255, 255, 1)"): null

2022-06-28 15:00:37 - [TEST_STEP][PASSED] - click(findTestObject("Object Repository/StarPack - Full Lifecycle (AWIS)/4.012 Supploer proceed to next phase (PS)", ["refID":"source_" + refID_TD])): Object: 'Object Repository/StarPack - Full Lifecycle (AWIS)/4.012 Supploer proceed to next phase (PS)' is clicked on

2022-06-28 15:00:40 - [MESSAGE][PASSED] - Object: 'Object Repository/StarPack - Full Lifecycle (AWIS)/4.012 Supploer proceed to next phase (PS)' is clicked on

2022-06-28 15:00:40 - [TEST_STEP][PASSED] - takeScreenshot(): Taking screenshot successfully

2022-06-28 15:00:41 - [MESSAGE][PASSED] - Taking screenshot successfully
[[ATTACHMENT|D:\\Projet Test Auto\\Mediabox Test Automation\\Reports\\20220628_140216\\4618_TestStarpack\\TS\\02.TestStarPack Full Lifecycle _Change of Rights_SAS\\20220628_140217\\1656421240896.png]]

2022-06-28 15:00:41 - [TEST_STEP][PASSED] - I.UploadDoc_sendkey_Prod(findTestObject("1. Constant/xpath", ["xpath":"//*[@id="kt_body"]/input[2]"]), "D:\Upoad_File\Upload doc\testdataaddition1.jpg", "testdataaddition1.jpg"): Delayed 5 second(s)

2022-06-28 15:00:41 - [MESSAGE][PASSED] - Scroll to object 'Object Repository/1. Constant/xpath' successfully

2022-06-28 15:00:46 - [MESSAGE][PASSED] - Delayed 5 second(s)

2022-06-28 15:00:47 - [MESSAGE][PASSED] - File 'D:\Upoad_File\Upload doc\testdataaddition1.jpg' sent to object: 'Object Repository/1. Constant/xpath'

2022-06-28 15:00:52 - [MESSAGE][PASSED] - Delayed 5 second(s)

2022-06-28 15:00:52 - [MESSAGE][PASSED] - Text 'testdataaddition1.jpg' is present on page 

2022-06-28 15:00:57 - [MESSAGE][PASSED] - Delayed 5 second(s)

2022-06-28 15:01:02 - [MESSAGE][PASSED] - Delayed 5 second(s)

2022-06-28 15:01:02 - [TEST_STEP][PASSED] - takeScreenshot(): Taking screenshot successfully

2022-06-28 15:01:03 - [MESSAGE][PASSED] - Taking screenshot successfully
[[ATTACHMENT|D:\\Projet Test Auto\\Mediabox Test Automation\\Reports\\20220628_140216\\4618_TestStarpack\\TS\\02.TestStarPack Full Lifecycle _Change of Rights_SAS\\20220628_140217\\1656421262763.png]]

2022-06-28 15:01:03 - [TEST_STEP][PASSED] - delay(10): Delayed 10 second(s)

2022-06-28 15:01:13 - [MESSAGE][PASSED] - Delayed 10 second(s)

2022-06-28 15:01:13 - [TEST_STEP][PASSED] - selectOptionByValue(findTestObject("1. Constant/xpath", ["xpath":"//*[@id="var_27"]"]), "651", false): All options with value '651' are selected in object 'Object Repository/1. Constant/xpath' 

2022-06-28 15:01:13 - [MESSAGE][PASSED] - All options with value '651' are selected in object 'Object Repository/1. Constant/xpath' 

2022-06-28 15:01:13 - [TEST_STEP][PASSED] - I.click_button_javascript(findTestObject("Object Repository/HL Full Lifecycle/12 ReferncePage_Button_Updatensenddoc")): Execute JavaScript 'arguments[0].click()' successfully

2022-06-28 15:01:21 - [MESSAGE][PASSED] - Execute JavaScript 'arguments[0].click()' successfully

2022-06-28 15:01:21 - [TEST_STEP][PASSED] - delay(5): Delayed 5 second(s)

2022-06-28 15:01:26 - [MESSAGE][PASSED] - Delayed 5 second(s)

2022-06-28 15:01:26 - [TEST_STEP][PASSED] - if (verifyElementPresent(findTestObject("Object Repository/StarPack - Full Lifecycle (AWIS)/4.012 Supploer proceed to next phase (PS)", ["refID":"source_" + refID_TD]), 10, OPTIONAL)): com.kms.katalon.core.webui.exception.WebElementNotFoundException: Web element with id: 'Object Repository/StarPack - Full Lifecycle (AWIS)/4.012 Supploer proceed to next phase (PS)' located by '//*[@id='source_6407']/td[9]/a[2]' not found (Root cause: com.kms.katalon.core.exception.StepFailedException: com.kms.katalon.core.webui.exception.WebElementNotFoundException: Web element with id: 'Object Repository/StarPack - Full Lifecycle (AWIS)/4.012 Supploer proceed to next phase (PS)' located by '//*[@id='source_6407']/td[9]/a[2]' not found
	at com.kms.katalon.core.webui.keyword.internal.WebUIKeywordMain.stepFailed(WebUIKeywordMain.groovy:64)
	at com.kms.katalon.core.webui.keyword.builtin.VerifyElementPresentKeyword$_verifyElementPresent_closure1.doCall(VerifyElementPresentKeyword.groovy:85)
	at com.kms.katalon.core.webui.keyword.builtin.VerifyElementPresentKeyword$_verifyElementPresent_closure1.call(VerifyElementPresentKeyword.groovy)
	at com.kms.katalon.core.webui.keyword.internal.WebUIKeywordMain.runKeyword(WebUIKeywordMain.groovy:20)
	at com.kms.katalon.core.webui.keyword.builtin.VerifyElementPresentKeyword.verifyElementPresent(VerifyElementPresentKeyword.groovy:92)
	at com.kms.katalon.core.webui.keyword.builtin.VerifyElementPresentKeyword.execute(VerifyElementPresentKeyword.groovy:68)
	at com.kms.katalon.core.keyword.internal.KeywordExecutor.executeKeywordForPlatform(KeywordExecutor.groovy:74)
	at com.kms.katalon.core.webui.keyword.WebUiBuiltInKeywords.verifyElementPresent(WebUiBuiltInKeywords.groovy:1448)
	at com.kms.katalon.core.webui.keyword.WebUiBuiltInKeywords$verifyElementPresent$18.call(Unknown Source)
	at 18.05 StarPack change of rights (Prod)_Ticket4757.run(18.05 StarPack change of rights (Prod)_Ticket4757:405)
	at com.kms.katalon.core.main.ScriptEngine.run(ScriptEngine.java:194)
	at com.kms.katalon.core.main.ScriptEngine.runScriptAsRawText(ScriptEngine.java:119)
	at com.kms.katalon.core.main.TestCaseExecutor.runScript(TestCaseExecutor.java:445)
	at com.kms.katalon.core.main.TestCaseExecutor.doExecute(TestCaseExecutor.java:436)
	at com.kms.katalon.core.main.TestCaseExecutor.processExecutionPhase(TestCaseExecutor.java:415)
	at com.kms.katalon.core.main.TestCaseExecutor.accessMainPhase(TestCaseExecutor.java:407)
	at com.kms.katalon.core.main.TestCaseExecutor.execute(TestCaseExecutor.java:284)
	at com.kms.katalon.core.common.CommonExecutor.accessTestCaseMainPhase(CommonExecutor.java:65)
	at com.kms.katalon.core.main.TestSuiteExecutor.accessTestSuiteMainPhase(TestSuiteExecutor.java:144)
	at com.kms.katalon.core.main.TestSuiteExecutor.execute(TestSuiteExecutor.java:106)
	at com.kms.katalon.core.main.TestCaseMain.startTestSuite(TestCaseMain.java:185)
	at com.kms.katalon.core.main.TestCaseMain$startTestSuite$0.call(Unknown Source)
	at TempTestSuite1656417737756.run(TempTestSuite1656417737756.groovy:36)
)

2022-06-28 15:01:37 - [MESSAGE][INFO] - Unable to find the element located by 'By.xpath: //*[@id='source_6407']/td[9]/a[2]'. Please recheck the objects properties to make sure the desired element is located. 

2022-06-28 15:01:37 - [MESSAGE][WARNING] - com.kms.katalon.core.webui.exception.WebElementNotFoundException: Web element with id: 'Object Repository/StarPack - Full Lifecycle (AWIS)/4.012 Supploer proceed to next phase (PS)' located by '//*[@id='source_6407']/td[9]/a[2]' not found (Root cause: com.kms.katalon.core.exception.StepFailedException: com.kms.katalon.core.webui.exception.WebElementNotFoundException: Web element with id: 'Object Repository/StarPack - Full Lifecycle (AWIS)/4.012 Supploer proceed to next phase (PS)' located by '//*[@id='source_6407']/td[9]/a[2]' not found
	at com.kms.katalon.core.webui.keyword.internal.WebUIKeywordMain.stepFailed(WebUIKeywordMain.groovy:64)
	at com.kms.katalon.core.webui.keyword.builtin.VerifyElementPresentKeyword$_verifyElementPresent_closure1.doCall(VerifyElementPresentKeyword.groovy:85)
	at com.kms.katalon.core.webui.keyword.builtin.VerifyElementPresentKeyword$_verifyElementPresent_closure1.call(VerifyElementPresentKeyword.groovy)
	at com.kms.katalon.core.webui.keyword.internal.WebUIKeywordMain.runKeyword(WebUIKeywordMain.groovy:20)
	at com.kms.katalon.core.webui.keyword.builtin.VerifyElementPresentKeyword.verifyElementPresent(VerifyElementPresentKeyword.groovy:92)
	at com.kms.katalon.core.webui.keyword.builtin.VerifyElementPresentKeyword.execute(VerifyElementPresentKeyword.groovy:68)
	at com.kms.katalon.core.keyword.internal.KeywordExecutor.executeKeywordForPlatform(KeywordExecutor.groovy:74)
	at com.kms.katalon.core.webui.keyword.WebUiBuiltInKeywords.verifyElementPresent(WebUiBuiltInKeywords.groovy:1448)
	at com.kms.katalon.core.webui.keyword.WebUiBuiltInKeywords$verifyElementPresent$18.call(Unknown Source)
	at 18.05 StarPack change of rights (Prod)_Ticket4757.run(18.05 StarPack change of rights (Prod)_Ticket4757:405)
	at com.kms.katalon.core.main.ScriptEngine.run(ScriptEngine.java:194)
	at com.kms.katalon.core.main.ScriptEngine.runScriptAsRawText(ScriptEngine.java:119)
	at com.kms.katalon.core.main.TestCaseExecutor.runScript(TestCaseExecutor.java:445)
	at com.kms.katalon.core.main.TestCaseExecutor.doExecute(TestCaseExecutor.java:436)
	at com.kms.katalon.core.main.TestCaseExecutor.processExecutionPhase(TestCaseExecutor.java:415)
	at com.kms.katalon.core.main.TestCaseExecutor.accessMainPhase(TestCaseExecutor.java:407)
	at com.kms.katalon.core.main.TestCaseExecutor.execute(TestCaseExecutor.java:284)
	at com.kms.katalon.core.common.CommonExecutor.accessTestCaseMainPhase(CommonExecutor.java:65)
	at com.kms.katalon.core.main.TestSuiteExecutor.accessTestSuiteMainPhase(TestSuiteExecutor.java:144)
	at com.kms.katalon.core.main.TestSuiteExecutor.execute(TestSuiteExecutor.java:106)
	at com.kms.katalon.core.main.TestCaseMain.startTestSuite(TestCaseMain.java:185)
	at com.kms.katalon.core.main.TestCaseMain$startTestSuite$0.call(Unknown Source)
	at TempTestSuite1656417737756.run(TempTestSuite1656417737756.groovy:36)
)
[[ATTACHMENT|D:\\Projet Test Auto\\Mediabox Test Automation\\Reports\\20220628_140216\\4618_TestStarpack\\TS\\02.TestStarPack Full Lifecycle _Change of Rights_SAS\\20220628_140217\\1656421297678.png]]

2022-06-28 15:01:37 - [TEST_STEP][PASSED] - else: null

2022-06-28 15:01:37 - [TEST_STEP][PASSED] - color1 = "white": null

2022-06-28 15:01:37 - [TEST_STEP][PASSED] - I.Logout(): Delayed 3 second(s)

2022-06-28 15:01:40 - [MESSAGE][PASSED] - Delayed 3 second(s)

2022-06-28 15:01:41 - [MESSAGE][PASSED] - Object: 'Object Repository/1. Constant/xpath' is clicked on

2022-06-28 15:01:44 - [MESSAGE][PASSED] - Delayed 3 second(s)

2022-06-28 15:01:46 - [MESSAGE][PASSED] - Object: 'Object Repository/1. Constant/xpath' is clicked on

2022-06-28 15:01:49 - [MESSAGE][PASSED] - Delayed 3 second(s)

2022-06-28 15:01:49 - [TEST_STEP][PASSED] - I.Login_password("ysanzmonedero", password_ysanzmonedero): Object: 'Object Repository/1. Constant/xpath' is clicked on

2022-06-28 15:01:50 - [MESSAGE][PASSED] - Text 'ysanzmonedero' is set on object 'Object Repository/1. Constant/xpath'

2022-06-28 15:01:51 - [MESSAGE][PASSED] - Delayed 1 second(s)

2022-06-28 15:01:52 - [MESSAGE][PASSED] - Text 'dchi' is set on object 'Object Repository/1. Constant/xpath'

2022-06-28 15:01:53 - [MESSAGE][PASSED] - Delayed 1 second(s)

2022-06-28 15:01:56 - [MESSAGE][PASSED] - Object: 'Object Repository/1. Constant/xpath' is clicked on

2022-06-28 15:01:56 - [TEST_STEP][PASSED] - takeScreenshot(): Taking screenshot successfully

2022-06-28 15:01:57 - [MESSAGE][PASSED] - Taking screenshot successfully
[[ATTACHMENT|D:\\Projet Test Auto\\Mediabox Test Automation\\Reports\\20220628_140216\\4618_TestStarpack\\TS\\02.TestStarPack Full Lifecycle _Change of Rights_SAS\\20220628_140217\\1656421317054.png]]

2022-06-28 15:01:57 - [TEST_STEP][PASSED] - click(findTestObject("1. Constant/xpath", ["xpath":"//*[@id="kt_header"]/div/div[2]/div[1]/div[1]/div"])): Object: 'Object Repository/1. Constant/xpath' is clicked on

2022-06-28 15:01:57 - [MESSAGE][PASSED] - Object: 'Object Repository/1. Constant/xpath' is clicked on

2022-06-28 15:01:57 - [TEST_STEP][PASSED] - delay(1): Delayed 1 second(s)

2022-06-28 15:01:58 - [MESSAGE][PASSED] - Delayed 1 second(s)

2022-06-28 15:01:58 - [TEST_STEP][PASSED] - click(findTestObject("1. Constant/xpath", ["xpath":"//*[@id="kt_header"]/div/div[2]/div[1]/div[2]/form/div[3]/a"])): Object: 'Object Repository/1. Constant/xpath' is clicked on

2022-06-28 15:02:16 - [MESSAGE][PASSED] - Object: 'Object Repository/1. Constant/xpath' is clicked on

2022-06-28 15:02:16 - [TEST_STEP][PASSED] - delay(1): Delayed 1 second(s)

2022-06-28 15:02:17 - [MESSAGE][PASSED] - Delayed 1 second(s)

2022-06-28 15:02:17 - [TEST_STEP][PASSED] - taskno_1 = getText(findTestObject("1. Constant/xpath", ["xpath":"//*[@id="kt_content"]/div[3]/div/div/div[1]/div[1]/h3/span"])): Text of object 'Object Repository/1. Constant/xpath' is: '42'

2022-06-28 15:02:18 - [MESSAGE][PASSED] - Text of object 'Object Repository/1. Constant/xpath' is: '42'

2022-06-28 15:02:18 - [TEST_STEP][PASSED] - taskno_11 = Double.parseDouble(taskno_1): null

2022-06-28 15:02:18 - [TEST_STEP][PASSED] - n = 1: null

2022-06-28 15:02:18 - [TEST_STEP][PASSED] - while (n <= taskno_11): null

2022-06-28 15:02:18 - [TEST_STEP][PASSED] - result = getText(findTestObject("1. Constant/xpath", ["xpath":"/html/body/div[1]/div[2]/div[8]/div[3]/div/div/div[2]/div/table/tbody/tr[" + n + "]/td[1]/a"]), OPTIONAL): Text of object 'Object Repository/1. Constant/xpath' is: 'Review document for reference Technical Drawing of project AutoTest_Chrome_Starpackuvn8dFJ6Tj_juin282022_145634 (MI001288)'

2022-06-28 15:02:18 - [MESSAGE][PASSED] - Text of object 'Object Repository/1. Constant/xpath' is: 'Review document for reference Technical Drawing of project AutoTest_Chrome_Starpackuvn8dFJ6Tj_juin282022_145634 (MI001288)'

2022-06-28 15:02:18 - [TEST_STEP][PASSED] - if (result.contains(Project_No)): null

2022-06-28 15:02:18 - [TEST_STEP][PASSED] - click(findTestObject("1. Constant/xpath", ["xpath":"/html/body/div[1]/div[2]/div[8]/div[3]/div/div/div[2]/div/table/tbody/tr[" + n + "]/td[1]/a"])): Object: 'Object Repository/1. Constant/xpath' is clicked on

2022-06-28 15:02:21 - [MESSAGE][PASSED] - Object: 'Object Repository/1. Constant/xpath' is clicked on

2022-06-28 15:02:21 - [TEST_STEP][PASSED] - break: null

2022-06-28 15:02:21 - [TEST_STEP][PASSED] - delay(1): Delayed 1 second(s)

2022-06-28 15:02:22 - [MESSAGE][PASSED] - Delayed 1 second(s)

2022-06-28 15:02:22 - [TEST_STEP][PASSED] - mouseOver(findTestObject("Object Repository/HL Full Lifecycle/Function_access Viewer2")): Object: 'Object Repository/HL Full Lifecycle/Function_access Viewer2' is hovered

2022-06-28 15:02:24 - [MESSAGE][PASSED] - Object: 'Object Repository/HL Full Lifecycle/Function_access Viewer2' is hovered

2022-06-28 15:02:24 - [TEST_STEP][PASSED] - delay(2): Delayed 2 second(s)

2022-06-28 15:02:26 - [MESSAGE][PASSED] - Delayed 2 second(s)

2022-06-28 15:02:26 - [TEST_STEP][PASSED] - click(findTestObject("Object Repository/HL Full Lifecycle/Function_access Viewer2")): Object: 'Object Repository/HL Full Lifecycle/Function_access Viewer2' is clicked on

2022-06-28 15:02:27 - [MESSAGE][PASSED] - Object: 'Object Repository/HL Full Lifecycle/Function_access Viewer2' is clicked on

2022-06-28 15:02:27 - [TEST_STEP][PASSED] - delay(1): Delayed 1 second(s)

2022-06-28 15:02:28 - [MESSAGE][PASSED] - Delayed 1 second(s)

2022-06-28 15:02:28 - [TEST_STEP][PASSED] - click(findTestObject("1. Constant/xpath", ["xpath":"//*[@id="BtnrefusalButton"]"])): Object: 'Object Repository/1. Constant/xpath' is clicked on

2022-06-28 15:02:28 - [MESSAGE][PASSED] - Object: 'Object Repository/1. Constant/xpath' is clicked on

2022-06-28 15:02:28 - [TEST_STEP][PASSED] - delay(1): Delayed 1 second(s)

2022-06-28 15:02:29 - [MESSAGE][PASSED] - Delayed 1 second(s)

2022-06-28 15:02:29 - [TEST_STEP][PASSED] - click(findTestObject("1. Constant/xpath", ["xpath":"//*[@id="disable_rejectionButton"]"])): Object: 'Object Repository/1. Constant/xpath' is clicked on

2022-06-28 15:02:35 - [MESSAGE][PASSED] - Object: 'Object Repository/1. Constant/xpath' is clicked on

2022-06-28 15:02:35 - [TEST_STEP][PASSED] - delay(1): Delayed 1 second(s)

2022-06-28 15:02:36 - [MESSAGE][PASSED] - Delayed 1 second(s)

2022-06-28 15:02:36 - [TEST_STEP][PASSED] - taskno_22 = I.Get_Task_No("//*[@id="kt_header"]/div/div[2]/div[1]/div[1]/span"): Text of object 'Object Repository/1. Constant/xpath' is: '41'

2022-06-28 15:02:36 - [MESSAGE][PASSED] - Text of object 'Object Repository/1. Constant/xpath' is: '41'

2022-06-28 15:02:36 - [TEST_STEP][PASSED] - verifyEqual(taskno_11 - 1, taskno_22): Actual object '41' and expected object '41' are equal

2022-06-28 15:02:36 - [MESSAGE][PASSED] - Actual object '41' and expected object '41' are equal

2022-06-28 15:02:36 - [TEST_STEP][PASSED] - I.Logout(): Delayed 3 second(s)

2022-06-28 15:02:39 - [MESSAGE][PASSED] - Delayed 3 second(s)

2022-06-28 15:02:40 - [MESSAGE][PASSED] - Object: 'Object Repository/1. Constant/xpath' is clicked on

2022-06-28 15:02:43 - [MESSAGE][PASSED] - Delayed 3 second(s)

2022-06-28 15:02:45 - [MESSAGE][PASSED] - Object: 'Object Repository/1. Constant/xpath' is clicked on

2022-06-28 15:02:48 - [MESSAGE][PASSED] - Delayed 3 second(s)

2022-06-28 15:02:48 - [TEST_STEP][PASSED] - I.Login_password("agarciasanchez", password_agarciasanchez): Object: 'Object Repository/1. Constant/xpath' is clicked on

2022-06-28 15:02:49 - [MESSAGE][PASSED] - Text 'agarciasanchez' is set on object 'Object Repository/1. Constant/xpath'

2022-06-28 15:02:50 - [MESSAGE][PASSED] - Delayed 1 second(s)

2022-06-28 15:02:51 - [MESSAGE][PASSED] - Text 'dchi' is set on object 'Object Repository/1. Constant/xpath'

2022-06-28 15:02:52 - [MESSAGE][PASSED] - Delayed 1 second(s)

2022-06-28 15:02:55 - [MESSAGE][PASSED] - Object: 'Object Repository/1. Constant/xpath' is clicked on

2022-06-28 15:02:55 - [TEST_STEP][PASSED] - takeScreenshot(): Taking screenshot successfully

2022-06-28 15:02:56 - [MESSAGE][PASSED] - Taking screenshot successfully
[[ATTACHMENT|D:\\Projet Test Auto\\Mediabox Test Automation\\Reports\\20220628_140216\\4618_TestStarpack\\TS\\02.TestStarPack Full Lifecycle _Change of Rights_SAS\\20220628_140217\\1656421376508.png]]

2022-06-28 15:02:56 - [TEST_STEP][PASSED] - task_no3 = I.Get_Task_No("//*[@id="kt_header"]/div/div[2]/div[1]/div[1]/span"): Text of object 'Object Repository/1. Constant/xpath' is: '35'

2022-06-28 15:02:57 - [MESSAGE][PASSED] - Text of object 'Object Repository/1. Constant/xpath' is: '35'

2022-06-28 15:02:57 - [TEST_STEP][PASSED] - I.Logout(): Delayed 3 second(s)

2022-06-28 15:03:00 - [MESSAGE][PASSED] - Delayed 3 second(s)

2022-06-28 15:03:00 - [MESSAGE][PASSED] - Object: 'Object Repository/1. Constant/xpath' is clicked on

2022-06-28 15:03:03 - [MESSAGE][PASSED] - Delayed 3 second(s)

2022-06-28 15:03:05 - [MESSAGE][PASSED] - Object: 'Object Repository/1. Constant/xpath' is clicked on

2022-06-28 15:03:08 - [MESSAGE][PASSED] - Delayed 3 second(s)

2022-06-28 15:03:08 - [TEST_STEP][PASSED] - I.Login_password("suser", password_suser): Object: 'Object Repository/1. Constant/xpath' is clicked on

2022-06-28 15:03:09 - [MESSAGE][PASSED] - Text 'suser' is set on object 'Object Repository/1. Constant/xpath'

2022-06-28 15:03:10 - [MESSAGE][PASSED] - Delayed 1 second(s)

2022-06-28 15:03:10 - [MESSAGE][PASSED] - Text 'dchi2' is set on object 'Object Repository/1. Constant/xpath'

2022-06-28 15:03:11 - [MESSAGE][PASSED] - Delayed 1 second(s)

2022-06-28 15:03:14 - [MESSAGE][PASSED] - Object: 'Object Repository/1. Constant/xpath' is clicked on

2022-06-28 15:03:14 - [TEST_STEP][PASSED] - takeScreenshot(): Taking screenshot successfully

2022-06-28 15:03:15 - [MESSAGE][PASSED] - Taking screenshot successfully
[[ATTACHMENT|D:\\Projet Test Auto\\Mediabox Test Automation\\Reports\\20220628_140216\\4618_TestStarpack\\TS\\02.TestStarPack Full Lifecycle _Change of Rights_SAS\\20220628_140217\\1656421395026.png]]

2022-06-28 15:03:15 - [TEST_STEP][PASSED] - click(findTestObject("1. Constant/02_LHSMenu_Projects")): Object: 'Object Repository/1. Constant/02_LHSMenu_Projects' is clicked on

2022-06-28 15:03:23 - [MESSAGE][PASSED] - Object: 'Object Repository/1. Constant/02_LHSMenu_Projects' is clicked on

2022-06-28 15:03:23 - [TEST_STEP][PASSED] - I.SearchProjectNo(Project_No, findTestObject("HL Full Lifecycle/9 Filter_Button_Apply")): Delayed 5 second(s)

2022-06-28 15:03:24 - [MESSAGE][PASSED] - Text 'MI001288' is set on object 'Object Repository/1. Constant/xpath'

2022-06-28 15:03:27 - [MESSAGE][PASSED] - Delayed 3 second(s)

2022-06-28 15:03:31 - [MESSAGE][PASSED] - Object: 'Object Repository/HL Full Lifecycle/9 Filter_Button_Apply' is clicked on

2022-06-28 15:03:36 - [MESSAGE][PASSED] - Delayed 5 second(s)

2022-06-28 15:03:36 - [TEST_STEP][PASSED] - color2 = getCSSValue(findTestObject("Object Repository/StarPack - Full Lifecycle (AWIS)/4.012 Supploer proceed to next phase (PS)", ["refID":"source_" + refID_TD]), "color", OPTIONAL): Get CSS 'color' value on 'Object Repository/StarPack - Full Lifecycle (AWIS)/4.012 Supploer proceed to next phase (PS)' successfully: 'rgba(255, 255, 255, 1)'.

2022-06-28 15:03:36 - [MESSAGE][PASSED] - Get CSS 'color' value on 'Object Repository/StarPack - Full Lifecycle (AWIS)/4.012 Supploer proceed to next phase (PS)' successfully: 'rgba(255, 255, 255, 1)'.

2022-06-28 15:03:36 - [TEST_STEP][PASSED] - I.print(color2): null

2022-06-28 15:03:36 - [TEST_STEP][PASSED] - while (color2 == "rgba(255, 255, 255, 1)"): null

2022-06-28 15:03:36 - [TEST_STEP][PASSED] - click(findTestObject("Object Repository/StarPack - Full Lifecycle (AWIS)/4.012 Supploer proceed to next phase (PS)", ["refID":"source_" + refID_TD])): Object: 'Object Repository/StarPack - Full Lifecycle (AWIS)/4.012 Supploer proceed to next phase (PS)' is clicked on

2022-06-28 15:03:39 - [MESSAGE][PASSED] - Object: 'Object Repository/StarPack - Full Lifecycle (AWIS)/4.012 Supploer proceed to next phase (PS)' is clicked on

2022-06-28 15:03:39 - [TEST_STEP][PASSED] - takeScreenshot(): Taking screenshot successfully

2022-06-28 15:03:40 - [MESSAGE][PASSED] - Taking screenshot successfully
[[ATTACHMENT|D:\\Projet Test Auto\\Mediabox Test Automation\\Reports\\20220628_140216\\4618_TestStarpack\\TS\\02.TestStarPack Full Lifecycle _Change of Rights_SAS\\20220628_140217\\1656421419939.png]]

2022-06-28 15:03:40 - [TEST_STEP][PASSED] - I.UploadDoc_sendkey_Prod(findTestObject("1. Constant/xpath", ["xpath":"//*[@id="kt_body"]/input[2]"]), "D:\Upoad_File\Upload doc\testdataaddition1.jpg", "testdataaddition1.jpg"): Delayed 5 second(s)

2022-06-28 15:03:40 - [MESSAGE][PASSED] - Scroll to object 'Object Repository/1. Constant/xpath' successfully

2022-06-28 15:03:45 - [MESSAGE][PASSED] - Delayed 5 second(s)

2022-06-28 15:03:46 - [MESSAGE][PASSED] - File 'D:\Upoad_File\Upload doc\testdataaddition1.jpg' sent to object: 'Object Repository/1. Constant/xpath'

2022-06-28 15:03:51 - [MESSAGE][PASSED] - Delayed 5 second(s)

2022-06-28 15:03:51 - [MESSAGE][PASSED] - Text 'testdataaddition1.jpg' is present on page 

2022-06-28 15:03:56 - [MESSAGE][PASSED] - Delayed 5 second(s)

2022-06-28 15:04:01 - [MESSAGE][PASSED] - Delayed 5 second(s)

2022-06-28 15:04:01 - [TEST_STEP][PASSED] - takeScreenshot(): Taking screenshot successfully

2022-06-28 15:04:01 - [MESSAGE][PASSED] - Taking screenshot successfully
[[ATTACHMENT|D:\\Projet Test Auto\\Mediabox Test Automation\\Reports\\20220628_140216\\4618_TestStarpack\\TS\\02.TestStarPack Full Lifecycle _Change of Rights_SAS\\20220628_140217\\1656421441761.png]]

2022-06-28 15:04:01 - [TEST_STEP][PASSED] - delay(10): Delayed 10 second(s)

2022-06-28 15:04:11 - [MESSAGE][PASSED] - Delayed 10 second(s)

2022-06-28 15:04:11 - [TEST_STEP][PASSED] - selectOptionByValue(findTestObject("1. Constant/xpath", ["xpath":"//*[@id="var_27"]"]), "645", false): All options with value '645' are selected in object 'Object Repository/1. Constant/xpath' 

2022-06-28 15:04:12 - [MESSAGE][PASSED] - All options with value '645' are selected in object 'Object Repository/1. Constant/xpath' 

2022-06-28 15:04:12 - [TEST_STEP][PASSED] - I.click_button_javascript(findTestObject("Object Repository/HL Full Lifecycle/12 ReferncePage_Button_Updatensenddoc")): Execute JavaScript 'arguments[0].click()' successfully

2022-06-28 15:04:21 - [MESSAGE][PASSED] - Execute JavaScript 'arguments[0].click()' successfully

2022-06-28 15:04:21 - [TEST_STEP][PASSED] - delay(5): Delayed 5 second(s)

2022-06-28 15:04:26 - [MESSAGE][PASSED] - Delayed 5 second(s)

2022-06-28 15:04:26 - [TEST_STEP][PASSED] - if (verifyElementPresent(findTestObject("Object Repository/StarPack - Full Lifecycle (AWIS)/4.012 Supploer proceed to next phase (PS)", ["refID":"source_" + refID_TD]), 10, OPTIONAL)): com.kms.katalon.core.webui.exception.WebElementNotFoundException: Web element with id: 'Object Repository/StarPack - Full Lifecycle (AWIS)/4.012 Supploer proceed to next phase (PS)' located by '//*[@id='source_6407']/td[9]/a[2]' not found (Root cause: com.kms.katalon.core.exception.StepFailedException: com.kms.katalon.core.webui.exception.WebElementNotFoundException: Web element with id: 'Object Repository/StarPack - Full Lifecycle (AWIS)/4.012 Supploer proceed to next phase (PS)' located by '//*[@id='source_6407']/td[9]/a[2]' not found
	at com.kms.katalon.core.webui.keyword.internal.WebUIKeywordMain.stepFailed(WebUIKeywordMain.groovy:64)
	at com.kms.katalon.core.webui.keyword.builtin.VerifyElementPresentKeyword$_verifyElementPresent_closure1.doCall(VerifyElementPresentKeyword.groovy:85)
	at com.kms.katalon.core.webui.keyword.builtin.VerifyElementPresentKeyword$_verifyElementPresent_closure1.call(VerifyElementPresentKeyword.groovy)
	at com.kms.katalon.core.webui.keyword.internal.WebUIKeywordMain.runKeyword(WebUIKeywordMain.groovy:20)
	at com.kms.katalon.core.webui.keyword.builtin.VerifyElementPresentKeyword.verifyElementPresent(VerifyElementPresentKeyword.groovy:92)
	at com.kms.katalon.core.webui.keyword.builtin.VerifyElementPresentKeyword.execute(VerifyElementPresentKeyword.groovy:68)
	at com.kms.katalon.core.keyword.internal.KeywordExecutor.executeKeywordForPlatform(KeywordExecutor.groovy:74)
	at com.kms.katalon.core.webui.keyword.WebUiBuiltInKeywords.verifyElementPresent(WebUiBuiltInKeywords.groovy:1448)
	at com.kms.katalon.core.webui.keyword.WebUiBuiltInKeywords$verifyElementPresent$18.call(Unknown Source)
	at 18.05 StarPack change of rights (Prod)_Ticket4757.run(18.05 StarPack change of rights (Prod)_Ticket4757:542)
	at com.kms.katalon.core.main.ScriptEngine.run(ScriptEngine.java:194)
	at com.kms.katalon.core.main.ScriptEngine.runScriptAsRawText(ScriptEngine.java:119)
	at com.kms.katalon.core.main.TestCaseExecutor.runScript(TestCaseExecutor.java:445)
	at com.kms.katalon.core.main.TestCaseExecutor.doExecute(TestCaseExecutor.java:436)
	at com.kms.katalon.core.main.TestCaseExecutor.processExecutionPhase(TestCaseExecutor.java:415)
	at com.kms.katalon.core.main.TestCaseExecutor.accessMainPhase(TestCaseExecutor.java:407)
	at com.kms.katalon.core.main.TestCaseExecutor.execute(TestCaseExecutor.java:284)
	at com.kms.katalon.core.common.CommonExecutor.accessTestCaseMainPhase(CommonExecutor.java:65)
	at com.kms.katalon.core.main.TestSuiteExecutor.accessTestSuiteMainPhase(TestSuiteExecutor.java:144)
	at com.kms.katalon.core.main.TestSuiteExecutor.execute(TestSuiteExecutor.java:106)
	at com.kms.katalon.core.main.TestCaseMain.startTestSuite(TestCaseMain.java:185)
	at com.kms.katalon.core.main.TestCaseMain$startTestSuite$0.call(Unknown Source)
	at TempTestSuite1656417737756.run(TempTestSuite1656417737756.groovy:36)
)

2022-06-28 15:04:37 - [MESSAGE][INFO] - Unable to find the element located by 'By.xpath: //*[@id='source_6407']/td[9]/a[2]'. Please recheck the objects properties to make sure the desired element is located. 

2022-06-28 15:04:38 - [MESSAGE][WARNING] - com.kms.katalon.core.webui.exception.WebElementNotFoundException: Web element with id: 'Object Repository/StarPack - Full Lifecycle (AWIS)/4.012 Supploer proceed to next phase (PS)' located by '//*[@id='source_6407']/td[9]/a[2]' not found (Root cause: com.kms.katalon.core.exception.StepFailedException: com.kms.katalon.core.webui.exception.WebElementNotFoundException: Web element with id: 'Object Repository/StarPack - Full Lifecycle (AWIS)/4.012 Supploer proceed to next phase (PS)' located by '//*[@id='source_6407']/td[9]/a[2]' not found
	at com.kms.katalon.core.webui.keyword.internal.WebUIKeywordMain.stepFailed(WebUIKeywordMain.groovy:64)
	at com.kms.katalon.core.webui.keyword.builtin.VerifyElementPresentKeyword$_verifyElementPresent_closure1.doCall(VerifyElementPresentKeyword.groovy:85)
	at com.kms.katalon.core.webui.keyword.builtin.VerifyElementPresentKeyword$_verifyElementPresent_closure1.call(VerifyElementPresentKeyword.groovy)
	at com.kms.katalon.core.webui.keyword.internal.WebUIKeywordMain.runKeyword(WebUIKeywordMain.groovy:20)
	at com.kms.katalon.core.webui.keyword.builtin.VerifyElementPresentKeyword.verifyElementPresent(VerifyElementPresentKeyword.groovy:92)
	at com.kms.katalon.core.webui.keyword.builtin.VerifyElementPresentKeyword.execute(VerifyElementPresentKeyword.groovy:68)
	at com.kms.katalon.core.keyword.internal.KeywordExecutor.executeKeywordForPlatform(KeywordExecutor.groovy:74)
	at com.kms.katalon.core.webui.keyword.WebUiBuiltInKeywords.verifyElementPresent(WebUiBuiltInKeywords.groovy:1448)
	at com.kms.katalon.core.webui.keyword.WebUiBuiltInKeywords$verifyElementPresent$18.call(Unknown Source)
	at 18.05 StarPack change of rights (Prod)_Ticket4757.run(18.05 StarPack change of rights (Prod)_Ticket4757:542)
	at com.kms.katalon.core.main.ScriptEngine.run(ScriptEngine.java:194)
	at com.kms.katalon.core.main.ScriptEngine.runScriptAsRawText(ScriptEngine.java:119)
	at com.kms.katalon.core.main.TestCaseExecutor.runScript(TestCaseExecutor.java:445)
	at com.kms.katalon.core.main.TestCaseExecutor.doExecute(TestCaseExecutor.java:436)
	at com.kms.katalon.core.main.TestCaseExecutor.processExecutionPhase(TestCaseExecutor.java:415)
	at com.kms.katalon.core.main.TestCaseExecutor.accessMainPhase(TestCaseExecutor.java:407)
	at com.kms.katalon.core.main.TestCaseExecutor.execute(TestCaseExecutor.java:284)
	at com.kms.katalon.core.common.CommonExecutor.accessTestCaseMainPhase(CommonExecutor.java:65)
	at com.kms.katalon.core.main.TestSuiteExecutor.accessTestSuiteMainPhase(TestSuiteExecutor.java:144)
	at com.kms.katalon.core.main.TestSuiteExecutor.execute(TestSuiteExecutor.java:106)
	at com.kms.katalon.core.main.TestCaseMain.startTestSuite(TestCaseMain.java:185)
	at com.kms.katalon.core.main.TestCaseMain$startTestSuite$0.call(Unknown Source)
	at TempTestSuite1656417737756.run(TempTestSuite1656417737756.groovy:36)
)
[[ATTACHMENT|D:\\Projet Test Auto\\Mediabox Test Automation\\Reports\\20220628_140216\\4618_TestStarpack\\TS\\02.TestStarPack Full Lifecycle _Change of Rights_SAS\\20220628_140217\\1656421477841.png]]

2022-06-28 15:04:38 - [TEST_STEP][PASSED] - else: null

2022-06-28 15:04:38 - [TEST_STEP][PASSED] - color2 = "white": null

2022-06-28 15:04:38 - [TEST_STEP][PASSED] - I.Logout(): Delayed 3 second(s)

2022-06-28 15:04:41 - [MESSAGE][PASSED] - Delayed 3 second(s)

2022-06-28 15:04:41 - [MESSAGE][PASSED] - Object: 'Object Repository/1. Constant/xpath' is clicked on

2022-06-28 15:04:44 - [MESSAGE][PASSED] - Delayed 3 second(s)

2022-06-28 15:04:47 - [MESSAGE][PASSED] - Object: 'Object Repository/1. Constant/xpath' is clicked on

2022-06-28 15:04:50 - [MESSAGE][PASSED] - Delayed 3 second(s)

2022-06-28 15:04:50 - [TEST_STEP][PASSED] - I.Login_password("agarciasanchez", password_agarciasanchez): Object: 'Object Repository/1. Constant/xpath' is clicked on

2022-06-28 15:04:50 - [MESSAGE][PASSED] - Text 'agarciasanchez' is set on object 'Object Repository/1. Constant/xpath'

2022-06-28 15:04:51 - [MESSAGE][PASSED] - Delayed 1 second(s)

2022-06-28 15:04:52 - [MESSAGE][PASSED] - Text 'dchi' is set on object 'Object Repository/1. Constant/xpath'

2022-06-28 15:04:53 - [MESSAGE][PASSED] - Delayed 1 second(s)

2022-06-28 15:04:56 - [MESSAGE][PASSED] - Object: 'Object Repository/1. Constant/xpath' is clicked on

2022-06-28 15:04:56 - [TEST_STEP][PASSED] - takeScreenshot(): Taking screenshot successfully

2022-06-28 15:04:58 - [MESSAGE][PASSED] - Taking screenshot successfully
[[ATTACHMENT|D:\\Projet Test Auto\\Mediabox Test Automation\\Reports\\20220628_140216\\4618_TestStarpack\\TS\\02.TestStarPack Full Lifecycle _Change of Rights_SAS\\20220628_140217\\1656421497781.png]]

2022-06-28 15:04:58 - [TEST_STEP][PASSED] - task_no4 = I.Get_Task_No("//*[@id="kt_header"]/div/div[2]/div[1]/div[1]/span"): Text of object 'Object Repository/1. Constant/xpath' is: '36'

2022-06-28 15:04:58 - [MESSAGE][PASSED] - Text of object 'Object Repository/1. Constant/xpath' is: '36'

2022-06-28 15:04:58 - [TEST_STEP][PASSED] - verifyEqual(task_no3, task_no4 - 1): Actual object '35' and expected object '35' are equal

2022-06-28 15:04:58 - [MESSAGE][PASSED] - Actual object '35' and expected object '35' are equal

2022-06-28 15:04:58 - [TEST_STEP][PASSED] - click(findTestObject("1. Constant/xpath", ["xpath":"//*[@id="kt_header"]/div/div[2]/div[1]/div[1]/div"])): Object: 'Object Repository/1. Constant/xpath' is clicked on

2022-06-28 15:04:58 - [MESSAGE][PASSED] - Object: 'Object Repository/1. Constant/xpath' is clicked on

2022-06-28 15:04:58 - [TEST_STEP][PASSED] - delay(1): Delayed 1 second(s)

2022-06-28 15:04:59 - [MESSAGE][PASSED] - Delayed 1 second(s)

2022-06-28 15:04:59 - [TEST_STEP][PASSED] - click(findTestObject("1. Constant/xpath", ["xpath":"//*[@id="kt_header"]/div/div[2]/div[1]/div[2]/form/div[3]/a"])): Object: 'Object Repository/1. Constant/xpath' is clicked on

2022-06-28 15:05:07 - [MESSAGE][PASSED] - Object: 'Object Repository/1. Constant/xpath' is clicked on

2022-06-28 15:05:07 - [TEST_STEP][PASSED] - delay(1): Delayed 1 second(s)

2022-06-28 15:05:08 - [MESSAGE][PASSED] - Delayed 1 second(s)

2022-06-28 15:05:08 - [TEST_STEP][PASSED] - selectOptionByValue(findTestObject("1. Constant/xpath", ["xpath":"//*[@id="kt_content"]/div[3]/div/div/div[1]/div[1]/div/form/select"]), "250", false): All options with value '250' are selected in object 'Object Repository/1. Constant/xpath' 

2022-06-28 15:05:08 - [MESSAGE][PASSED] - All options with value '250' are selected in object 'Object Repository/1. Constant/xpath' 

2022-06-28 15:05:08 - [TEST_STEP][PASSED] - delay(1): Delayed 1 second(s)

2022-06-28 15:05:09 - [MESSAGE][PASSED] - Delayed 1 second(s)

2022-06-28 15:05:09 - [TEST_STEP][PASSED] - m = 1: null

2022-06-28 15:05:09 - [TEST_STEP][PASSED] - while (m <= task_no4): null

2022-06-28 15:05:09 - [TEST_STEP][PASSED] - result = getText(findTestObject("1. Constant/xpath", ["xpath":"/html/body/div[1]/div[2]/div[8]/div[3]/div/div/div[2]/div/table/tbody/tr[" + m + "]/td[1]/a"]), OPTIONAL): Text of object 'Object Repository/1. Constant/xpath' is: 'Mark final printed sample reception date: 112529_ACEIT OLIV VIRG EXTR DIA 1L_0077754_ACEITES DEL SUR COOSUR,S.A - 2021_LA ALMAZARA DEL OLIVAR_OLIVE OIL (labels) - MI000096'

2022-06-28 15:05:10 - [MESSAGE][PASSED] - Text of object 'Object Repository/1. Constant/xpath' is: 'Mark final printed sample reception date: 112529_ACEIT OLIV VIRG EXTR DIA 1L_0077754_ACEITES DEL SUR COOSUR,S.A - 2021_LA ALMAZARA DEL OLIVAR_OLIVE OIL (labels) - MI000096'

2022-06-28 15:05:10 - [TEST_STEP][PASSED] - if (result.contains(Project_No)): null

2022-06-28 15:05:10 - [TEST_STEP][PASSED] - else: null

2022-06-28 15:05:10 - [TEST_STEP][PASSED] - m = m + 1: null

2022-06-28 15:05:10 - [TEST_STEP][PASSED] - if (m > taskno_11): null

2022-06-28 15:05:10 - [TEST_STEP][PASSED] - result = getText(findTestObject("1. Constant/xpath", ["xpath":"/html/body/div[1]/div[2]/div[8]/div[3]/div/div/div[2]/div/table/tbody/tr[" + m + "]/td[1]/a"]), OPTIONAL): Text of object 'Object Repository/1. Constant/xpath' is: 'Mark final printed sample reception date: 000104_ACEITE OLIVA 0,4º DIA 1 L_0077586_SOVENA ESPAÑA, SAU - 2021_LA ALMAZARA DEL OLIVAR_OLIVE OIL (labels) - MI000096'

2022-06-28 15:05:12 - [MESSAGE][PASSED] - Text of object 'Object Repository/1. Constant/xpath' is: 'Mark final printed sample reception date: 000104_ACEITE OLIVA 0,4º DIA 1 L_0077586_SOVENA ESPAÑA, SAU - 2021_LA ALMAZARA DEL OLIVAR_OLIVE OIL (labels) - MI000096'

2022-06-28 15:05:12 - [TEST_STEP][PASSED] - if (result.contains(Project_No)): null

2022-06-28 15:05:12 - [TEST_STEP][PASSED] - else: null

2022-06-28 15:05:12 - [TEST_STEP][PASSED] - m = m + 1: null

2022-06-28 15:05:12 - [TEST_STEP][PASSED] - if (m > taskno_11): null

2022-06-28 15:05:12 - [TEST_STEP][PASSED] - result = getText(findTestObject("1. Constant/xpath", ["xpath":"/html/body/div[1]/div[2]/div[8]/div[3]/div/div/div[2]/div/table/tbody/tr[" + m + "]/td[1]/a"]), OPTIONAL): Text of object 'Object Repository/1. Constant/xpath' is: 'Mark final printed sample reception date: 000105_ACEITE OLIVA DIA 1º DIA 1 L_0077586_SOVENA ESPAÑA, SAU - 2021_LA ALMAZARA DEL OLIVAR_OLIVE OIL (labels) - MI000096'

2022-06-28 15:05:12 - [MESSAGE][PASSED] - Text of object 'Object Repository/1. Constant/xpath' is: 'Mark final printed sample reception date: 000105_ACEITE OLIVA DIA 1º DIA 1 L_0077586_SOVENA ESPAÑA, SAU - 2021_LA ALMAZARA DEL OLIVAR_OLIVE OIL (labels) - MI000096'

2022-06-28 15:05:12 - [TEST_STEP][PASSED] - if (result.contains(Project_No)): null

2022-06-28 15:05:12 - [TEST_STEP][PASSED] - else: null

2022-06-28 15:05:12 - [TEST_STEP][PASSED] - m = m + 1: null

2022-06-28 15:05:12 - [TEST_STEP][PASSED] - if (m > taskno_11): null

2022-06-28 15:05:12 - [TEST_STEP][PASSED] - result = getText(findTestObject("1. Constant/xpath", ["xpath":"/html/body/div[1]/div[2]/div[8]/div[3]/div/div/div[2]/div/table/tbody/tr[" + m + "]/td[1]/a"]), OPTIONAL): Text of object 'Object Repository/1. Constant/xpath' is: 'Mark final printed sample reception date: 107364_ACEITE OLIVA 1º DIA 5LT_0077586_SOVENA ESPAÑA, SAU - 2021_LA ALMAZARA DEL OLIVAR_OLIVE OIL (labels) - MI000096'

2022-06-28 15:05:13 - [MESSAGE][PASSED] - Text of object 'Object Repository/1. Constant/xpath' is: 'Mark final printed sample reception date: 107364_ACEITE OLIVA 1º DIA 5LT_0077586_SOVENA ESPAÑA, SAU - 2021_LA ALMAZARA DEL OLIVAR_OLIVE OIL (labels) - MI000096'

2022-06-28 15:05:13 - [TEST_STEP][PASSED] - if (result.contains(Project_No)): null

2022-06-28 15:05:13 - [TEST_STEP][PASSED] - else: null

2022-06-28 15:05:13 - [TEST_STEP][PASSED] - m = m + 1: null

2022-06-28 15:05:13 - [TEST_STEP][PASSED] - if (m > taskno_11): null

2022-06-28 15:05:13 - [TEST_STEP][PASSED] - result = getText(findTestObject("1. Constant/xpath", ["xpath":"/html/body/div[1]/div[2]/div[8]/div[3]/div/div/div[2]/div/table/tbody/tr[" + m + "]/td[1]/a"]), OPTIONAL): Text of object 'Object Repository/1. Constant/xpath' is: 'Mark final printed sample reception date: 026995_AGUA MINERAL NATURAL OVIDA 1,5LT_0077097_EUROINVERSIONES AGUAS DE SOUSAS SLU - WATER_2021 - MI000264'

2022-06-28 15:05:14 - [MESSAGE][PASSED] - Text of object 'Object Repository/1. Constant/xpath' is: 'Mark final printed sample reception date: 026995_AGUA MINERAL NATURAL OVIDA 1,5LT_0077097_EUROINVERSIONES AGUAS DE SOUSAS SLU - WATER_2021 - MI000264'

2022-06-28 15:05:14 - [TEST_STEP][PASSED] - if (result.contains(Project_No)): null

2022-06-28 15:05:14 - [TEST_STEP][PASSED] - else: null

2022-06-28 15:05:14 - [TEST_STEP][PASSED] - m = m + 1: null

2022-06-28 15:05:14 - [TEST_STEP][PASSED] - if (m > taskno_11): null

2022-06-28 15:05:14 - [TEST_STEP][PASSED] - result = getText(findTestObject("1. Constant/xpath", ["xpath":"/html/body/div[1]/div[2]/div[8]/div[3]/div/div/div[2]/div/table/tbody/tr[" + m + "]/td[1]/a"]), OPTIONAL): Text of object 'Object Repository/1. Constant/xpath' is: 'Mark final printed sample reception date: 026996_AGUA MINERAL NATURAL OVIDA 5 L_0077097_EUROINVERSIONES AGUAS DE SOUSAS SLU - WATER_2021 - MI000264'

2022-06-28 15:05:14 - [MESSAGE][PASSED] - Text of object 'Object Repository/1. Constant/xpath' is: 'Mark final printed sample reception date: 026996_AGUA MINERAL NATURAL OVIDA 5 L_0077097_EUROINVERSIONES AGUAS DE SOUSAS SLU - WATER_2021 - MI000264'

2022-06-28 15:05:14 - [TEST_STEP][PASSED] - if (result.contains(Project_No)): null

2022-06-28 15:05:14 - [TEST_STEP][PASSED] - else: null

2022-06-28 15:05:14 - [TEST_STEP][PASSED] - m = m + 1: null

2022-06-28 15:05:14 - [TEST_STEP][PASSED] - if (m > taskno_11): null

2022-06-28 15:05:14 - [TEST_STEP][PASSED] - result = getText(findTestObject("1. Constant/xpath", ["xpath":"/html/body/div[1]/div[2]/div[8]/div[3]/div/div/div[2]/div/table/tbody/tr[" + m + "]/td[1]/a"]), OPTIONAL): Text of object 'Object Repository/1. Constant/xpath' is: 'Mark final printed sample reception date: 037776_AGUA MINER NATUR S/G OVIDA 50CL_0077097_EUROINVERSIONES AGUAS DE SOUSAS SLU - WATER_2021 - MI000264'

2022-06-28 15:05:14 - [MESSAGE][PASSED] - Text of object 'Object Repository/1. Constant/xpath' is: 'Mark final printed sample reception date: 037776_AGUA MINER NATUR S/G OVIDA 50CL_0077097_EUROINVERSIONES AGUAS DE SOUSAS SLU - WATER_2021 - MI000264'

2022-06-28 15:05:14 - [TEST_STEP][PASSED] - if (result.contains(Project_No)): null

2022-06-28 15:05:14 - [TEST_STEP][PASSED] - else: null

2022-06-28 15:05:14 - [TEST_STEP][PASSED] - m = m + 1: null

2022-06-28 15:05:14 - [TEST_STEP][PASSED] - if (m > taskno_11): null

2022-06-28 15:05:14 - [TEST_STEP][PASSED] - result = getText(findTestObject("1. Constant/xpath", ["xpath":"/html/body/div[1]/div[2]/div[8]/div[3]/div/div/div[2]/div/table/tbody/tr[" + m + "]/td[1]/a"]), OPTIONAL): Text of object 'Object Repository/1. Constant/xpath' is: 'Mark final printed sample reception date: 026995_AGUA MINERAL NATURAL OVIDA 1,5LT_0075436_MANANTIALES DEL PIEDRA S.A. - WATER_2021 - MI000264'

2022-06-28 15:05:15 - [MESSAGE][PASSED] - Text of object 'Object Repository/1. Constant/xpath' is: 'Mark final printed sample reception date: 026995_AGUA MINERAL NATURAL OVIDA 1,5LT_0075436_MANANTIALES DEL PIEDRA S.A. - WATER_2021 - MI000264'

2022-06-28 15:05:15 - [TEST_STEP][PASSED] - if (result.contains(Project_No)): null

2022-06-28 15:05:15 - [TEST_STEP][PASSED] - else: null

2022-06-28 15:05:15 - [TEST_STEP][PASSED] - m = m + 1: null

2022-06-28 15:05:15 - [TEST_STEP][PASSED] - if (m > taskno_11): null

2022-06-28 15:05:15 - [TEST_STEP][PASSED] - result = getText(findTestObject("1. Constant/xpath", ["xpath":"/html/body/div[1]/div[2]/div[8]/div[3]/div/div/div[2]/div/table/tbody/tr[" + m + "]/td[1]/a"]), OPTIONAL): Text of object 'Object Repository/1. Constant/xpath' is: 'Mark final printed sample reception date: 026996_AGUA MINERAL NATURAL OVIDA 5 L_0075436_MANANTIALES DEL PIEDRA S.A. - WATER_2021 - MI000264'

2022-06-28 15:05:15 - [MESSAGE][PASSED] - Text of object 'Object Repository/1. Constant/xpath' is: 'Mark final printed sample reception date: 026996_AGUA MINERAL NATURAL OVIDA 5 L_0075436_MANANTIALES DEL PIEDRA S.A. - WATER_2021 - MI000264'

2022-06-28 15:05:15 - [TEST_STEP][PASSED] - if (result.contains(Project_No)): null

2022-06-28 15:05:15 - [TEST_STEP][PASSED] - else: null

2022-06-28 15:05:15 - [TEST_STEP][PASSED] - m = m + 1: null

2022-06-28 15:05:15 - [TEST_STEP][PASSED] - if (m > taskno_11): null

2022-06-28 15:05:15 - [TEST_STEP][PASSED] - result = getText(findTestObject("1. Constant/xpath", ["xpath":"/html/body/div[1]/div[2]/div[8]/div[3]/div/div/div[2]/div/table/tbody/tr[" + m + "]/td[1]/a"]), OPTIONAL): Text of object 'Object Repository/1. Constant/xpath' is: 'Mark final printed sample reception date: 038657_AGUA MINERAL NATURAL OVIDA 8 L_0075436_MANANTIALES DEL PIEDRA S.A. - WATER_2021 - MI000264'

2022-06-28 15:05:16 - [MESSAGE][PASSED] - Text of object 'Object Repository/1. Constant/xpath' is: 'Mark final printed sample reception date: 038657_AGUA MINERAL NATURAL OVIDA 8 L_0075436_MANANTIALES DEL PIEDRA S.A. - WATER_2021 - MI000264'

2022-06-28 15:05:16 - [TEST_STEP][PASSED] - if (result.contains(Project_No)): null

2022-06-28 15:05:16 - [TEST_STEP][PASSED] - else: null

2022-06-28 15:05:16 - [TEST_STEP][PASSED] - m = m + 1: null

2022-06-28 15:05:16 - [TEST_STEP][PASSED] - if (m > taskno_11): null

2022-06-28 15:05:16 - [TEST_STEP][PASSED] - result = getText(findTestObject("1. Constant/xpath", ["xpath":"/html/body/div[1]/div[2]/div[8]/div[3]/div/div/div[2]/div/table/tbody/tr[" + m + "]/td[1]/a"]), OPTIONAL): Text of object 'Object Repository/1. Constant/xpath' is: 'Require info for PAF: 055428_VINO TIN.C/DENOMINAC COVAD 75CL_0084871_CAVES DA MONTANHA - 2021_VINOS_DOURO_OLD DESIGN - MI000379'

2022-06-28 15:05:17 - [MESSAGE][PASSED] - Text of object 'Object Repository/1. Constant/xpath' is: 'Require info for PAF: 055428_VINO TIN.C/DENOMINAC COVAD 75CL_0084871_CAVES DA MONTANHA - 2021_VINOS_DOURO_OLD DESIGN - MI000379'

2022-06-28 15:05:17 - [TEST_STEP][PASSED] - if (result.contains(Project_No)): null

2022-06-28 15:05:17 - [TEST_STEP][PASSED] - else: null

2022-06-28 15:05:17 - [TEST_STEP][PASSED] - m = m + 1: null

2022-06-28 15:05:17 - [TEST_STEP][PASSED] - if (m > taskno_11): null

2022-06-28 15:05:17 - [TEST_STEP][PASSED] - result = getText(findTestObject("1. Constant/xpath", ["xpath":"/html/body/div[1]/div[2]/div[8]/div[3]/div/div/div[2]/div/table/tbody/tr[" + m + "]/td[1]/a"]), OPTIONAL): Text of object 'Object Repository/1. Constant/xpath' is: 'Require info for PAF: 055429_VINO TINTO RESERVA COVAD 75CL_0084871_CAVES DA MONTANHA - 2021_VINOS_DOURO_OLD DESIGN - MI000379'

2022-06-28 15:05:17 - [MESSAGE][PASSED] - Text of object 'Object Repository/1. Constant/xpath' is: 'Require info for PAF: 055429_VINO TINTO RESERVA COVAD 75CL_0084871_CAVES DA MONTANHA - 2021_VINOS_DOURO_OLD DESIGN - MI000379'

2022-06-28 15:05:17 - [TEST_STEP][PASSED] - if (result.contains(Project_No)): null

2022-06-28 15:05:17 - [TEST_STEP][PASSED] - else: null

2022-06-28 15:05:17 - [TEST_STEP][PASSED] - m = m + 1: null

2022-06-28 15:05:17 - [TEST_STEP][PASSED] - if (m > taskno_11): null

2022-06-28 15:05:17 - [TEST_STEP][PASSED] - result = getText(findTestObject("1. Constant/xpath", ["xpath":"/html/body/div[1]/div[2]/div[8]/div[3]/div/div/div[2]/div/table/tbody/tr[" + m + "]/td[1]/a"]), OPTIONAL): Text of object 'Object Repository/1. Constant/xpath' is: 'Require info for PAF: 099469_VINO BLANCO DOURO COVAD 75CL_0084871_CAVES DA MONTANHA - 2021_VINOS_DOURO_OLD DESIGN - MI000379'

2022-06-28 15:05:18 - [MESSAGE][PASSED] - Text of object 'Object Repository/1. Constant/xpath' is: 'Require info for PAF: 099469_VINO BLANCO DOURO COVAD 75CL_0084871_CAVES DA MONTANHA - 2021_VINOS_DOURO_OLD DESIGN - MI000379'

2022-06-28 15:05:18 - [TEST_STEP][PASSED] - if (result.contains(Project_No)): null

2022-06-28 15:05:18 - [TEST_STEP][PASSED] - else: null

2022-06-28 15:05:18 - [TEST_STEP][PASSED] - m = m + 1: null

2022-06-28 15:05:18 - [TEST_STEP][PASSED] - if (m > taskno_11): null

2022-06-28 15:05:18 - [TEST_STEP][PASSED] - result = getText(findTestObject("1. Constant/xpath", ["xpath":"/html/body/div[1]/div[2]/div[8]/div[3]/div/div/div[2]/div/table/tbody/tr[" + m + "]/td[1]/a"]), OPTIONAL): Text of object 'Object Repository/1. Constant/xpath' is: 'Require info for PAF: 272359_VINO BL ALBARI LIAS GALIC 70CL_0085110_BODEGAS LA VAL, S.L. - VINOS GALLEGOS (MENCÍA, GODELLO, RIBEIRO & ALBARIÑOS)'

2022-06-28 15:05:18 - [MESSAGE][PASSED] - Text of object 'Object Repository/1. Constant/xpath' is: 'Require info for PAF: 272359_VINO BL ALBARI LIAS GALIC 70CL_0085110_BODEGAS LA VAL, S.L. - VINOS GALLEGOS (MENCÍA, GODELLO, RIBEIRO & ALBARIÑOS)'

2022-06-28 15:05:18 - [TEST_STEP][PASSED] - if (result.contains(Project_No)): null

2022-06-28 15:05:18 - [TEST_STEP][PASSED] - else: null

2022-06-28 15:05:18 - [TEST_STEP][PASSED] - m = m + 1: null

2022-06-28 15:05:18 - [TEST_STEP][PASSED] - if (m > taskno_11): null

2022-06-28 15:05:18 - [TEST_STEP][PASSED] - result = getText(findTestObject("1. Constant/xpath", ["xpath":"/html/body/div[1]/div[2]/div[8]/div[3]/div/div/div[2]/div/table/tbody/tr[" + m + "]/td[1]/a"]), OPTIONAL): Text of object 'Object Repository/1. Constant/xpath' is: 'Upload packaging briefing: DETERGENTES - DETERGENTES II'

2022-06-28 15:05:18 - [MESSAGE][PASSED] - Text of object 'Object Repository/1. Constant/xpath' is: 'Upload packaging briefing: DETERGENTES - DETERGENTES II'

2022-06-28 15:05:18 - [TEST_STEP][PASSED] - if (result.contains(Project_No)): null

2022-06-28 15:05:18 - [TEST_STEP][PASSED] - else: null

2022-06-28 15:05:18 - [TEST_STEP][PASSED] - m = m + 1: null

2022-06-28 15:05:18 - [TEST_STEP][PASSED] - if (m > taskno_11): null

2022-06-28 15:05:18 - [TEST_STEP][PASSED] - result = getText(findTestObject("1. Constant/xpath", ["xpath":"/html/body/div[1]/div[2]/div[8]/div[3]/div/div/div[2]/div/table/tbody/tr[" + m + "]/td[1]/a"]), OPTIONAL): Text of object 'Object Repository/1. Constant/xpath' is: 'Mark final printed sample reception date: 269522_VIN TTO CZA R DUERO PREMI 75CL_0085057_BOD.SEÑORIO DE NAVA,S.A. - Vinos DO Ribera del Duero premium - MI000083'

2022-06-28 15:05:19 - [MESSAGE][PASSED] - Text of object 'Object Repository/1. Constant/xpath' is: 'Mark final printed sample reception date: 269522_VIN TTO CZA R DUERO PREMI 75CL_0085057_BOD.SEÑORIO DE NAVA,S.A. - Vinos DO Ribera del Duero premium - MI000083'

2022-06-28 15:05:19 - [TEST_STEP][PASSED] - if (result.contains(Project_No)): null

2022-06-28 15:05:19 - [TEST_STEP][PASSED] - else: null

2022-06-28 15:05:19 - [TEST_STEP][PASSED] - m = m + 1: null

2022-06-28 15:05:19 - [TEST_STEP][PASSED] - if (m > taskno_11): null

2022-06-28 15:05:19 - [TEST_STEP][PASSED] - result = getText(findTestObject("1. Constant/xpath", ["xpath":"/html/body/div[1]/div[2]/div[8]/div[3]/div/div/div[2]/div/table/tbody/tr[" + m + "]/td[1]/a"]), OPTIONAL): Text of object 'Object Repository/1. Constant/xpath' is: 'Mark final printed sample reception date: 049895_ACEIT OLIVA SUAVE DIA 5LITR_0077586_SOVENA ESPAÑA, SAU - 2021_LA ALMAZARA DEL OLIVAR_OLIVE OIL (labels) - MI000096'

2022-06-28 15:05:19 - [MESSAGE][PASSED] - Text of object 'Object Repository/1. Constant/xpath' is: 'Mark final printed sample reception date: 049895_ACEIT OLIVA SUAVE DIA 5LITR_0077586_SOVENA ESPAÑA, SAU - 2021_LA ALMAZARA DEL OLIVAR_OLIVE OIL (labels) - MI000096'

2022-06-28 15:05:19 - [TEST_STEP][PASSED] - if (result.contains(Project_No)): null

2022-06-28 15:05:19 - [TEST_STEP][PASSED] - else: null

2022-06-28 15:05:19 - [TEST_STEP][PASSED] - m = m + 1: null

2022-06-28 15:05:19 - [TEST_STEP][PASSED] - if (m > taskno_11): null

2022-06-28 15:05:19 - [TEST_STEP][PASSED] - result = getText(findTestObject("1. Constant/xpath", ["xpath":"/html/body/div[1]/div[2]/div[8]/div[3]/div/div/div[2]/div/table/tbody/tr[" + m + "]/td[1]/a"]), OPTIONAL): Text of object 'Object Repository/1. Constant/xpath' is: 'Require info for PAF: 273425_SIDRA ESPUMOSA SIDRA 6X250_0075270_ENVASADOS EVA, S.A. - SIDRA ESPUMOSA 75 & 6 X 250'

2022-06-28 15:05:20 - [MESSAGE][PASSED] - Text of object 'Object Repository/1. Constant/xpath' is: 'Require info for PAF: 273425_SIDRA ESPUMOSA SIDRA 6X250_0075270_ENVASADOS EVA, S.A. - SIDRA ESPUMOSA 75 & 6 X 250'

2022-06-28 15:05:20 - [TEST_STEP][PASSED] - if (result.contains(Project_No)): null

2022-06-28 15:05:20 - [TEST_STEP][PASSED] - else: null

2022-06-28 15:05:20 - [TEST_STEP][PASSED] - m = m + 1: null

2022-06-28 15:05:20 - [TEST_STEP][PASSED] - if (m > taskno_11): null

2022-06-28 15:05:20 - [TEST_STEP][PASSED] - result = getText(findTestObject("1. Constant/xpath", ["xpath":"/html/body/div[1]/div[2]/div[8]/div[3]/div/div/div[2]/div/table/tbody/tr[" + m + "]/td[1]/a"]), OPTIONAL): Text of object 'Object Repository/1. Constant/xpath' is: 'Require info for PAF: 273424_SIDRA ESPUMOSA SIDRA 75CL_0075270_ENVASADOS EVA, S.A. - SIDRA ESPUMOSA 75 & 6 X 250'

2022-06-28 15:05:20 - [MESSAGE][PASSED] - Text of object 'Object Repository/1. Constant/xpath' is: 'Require info for PAF: 273424_SIDRA ESPUMOSA SIDRA 75CL_0075270_ENVASADOS EVA, S.A. - SIDRA ESPUMOSA 75 & 6 X 250'

2022-06-28 15:05:20 - [TEST_STEP][PASSED] - if (result.contains(Project_No)): null

2022-06-28 15:05:20 - [TEST_STEP][PASSED] - else: null

2022-06-28 15:05:20 - [TEST_STEP][PASSED] - m = m + 1: null

2022-06-28 15:05:20 - [TEST_STEP][PASSED] - if (m > taskno_11): null

2022-06-28 15:05:20 - [TEST_STEP][PASSED] - result = getText(findTestObject("1. Constant/xpath", ["xpath":"/html/body/div[1]/div[2]/div[8]/div[3]/div/div/div[2]/div/table/tbody/tr[" + m + "]/td[1]/a"]), OPTIONAL): Text of object 'Object Repository/1. Constant/xpath' is: 'Require info for PAF: 267012_VIN TINT ECOL JUMILL SISMI 75CL_0085115_BODEGAS COOP SAN ISIDRO DE JUMILLA - VINO DO JUMILLA - MI000318'

2022-06-28 15:05:21 - [MESSAGE][PASSED] - Text of object 'Object Repository/1. Constant/xpath' is: 'Require info for PAF: 267012_VIN TINT ECOL JUMILL SISMI 75CL_0085115_BODEGAS COOP SAN ISIDRO DE JUMILLA - VINO DO JUMILLA - MI000318'

2022-06-28 15:05:21 - [TEST_STEP][PASSED] - if (result.contains(Project_No)): null

2022-06-28 15:05:21 - [TEST_STEP][PASSED] - else: null

2022-06-28 15:05:21 - [TEST_STEP][PASSED] - m = m + 1: null

2022-06-28 15:05:21 - [TEST_STEP][PASSED] - if (m > taskno_11): null

2022-06-28 15:05:21 - [TEST_STEP][PASSED] - result = getText(findTestObject("1. Constant/xpath", ["xpath":"/html/body/div[1]/div[2]/div[8]/div[3]/div/div/div[2]/div/table/tbody/tr[" + m + "]/td[1]/a"]), OPTIONAL): Text of object 'Object Repository/1. Constant/xpath' is: 'Require info for PAF: 273424_SIDRA ESPUMOSA SIDRA 75CL_0075270_ENVASADOS EVA, S.A. - SIDRA ESPUMOSA 75 & 6 X 250'

2022-06-28 15:05:21 - [MESSAGE][PASSED] - Text of object 'Object Repository/1. Constant/xpath' is: 'Require info for PAF: 273424_SIDRA ESPUMOSA SIDRA 75CL_0075270_ENVASADOS EVA, S.A. - SIDRA ESPUMOSA 75 & 6 X 250'

2022-06-28 15:05:21 - [TEST_STEP][PASSED] - if (result.contains(Project_No)): null

2022-06-28 15:05:21 - [TEST_STEP][PASSED] - else: null

2022-06-28 15:05:21 - [TEST_STEP][PASSED] - m = m + 1: null

2022-06-28 15:05:21 - [TEST_STEP][PASSED] - if (m > taskno_11): null

2022-06-28 15:05:21 - [TEST_STEP][PASSED] - result = getText(findTestObject("1. Constant/xpath", ["xpath":"/html/body/div[1]/div[2]/div[8]/div[3]/div/div/div[2]/div/table/tbody/tr[" + m + "]/td[1]/a"]), OPTIONAL): Text of object 'Object Repository/1. Constant/xpath' is: 'Require info for PAF: 273425_SIDRA ESPUMOSA SIDRA 6X250_0075270_ENVASADOS EVA, S.A. - SIDRA ESPUMOSA 75 & 6 X 250'

2022-06-28 15:05:22 - [MESSAGE][PASSED] - Text of object 'Object Repository/1. Constant/xpath' is: 'Require info for PAF: 273425_SIDRA ESPUMOSA SIDRA 6X250_0075270_ENVASADOS EVA, S.A. - SIDRA ESPUMOSA 75 & 6 X 250'

2022-06-28 15:05:22 - [TEST_STEP][PASSED] - if (result.contains(Project_No)): null

2022-06-28 15:05:22 - [TEST_STEP][PASSED] - else: null

2022-06-28 15:05:22 - [TEST_STEP][PASSED] - m = m + 1: null

2022-06-28 15:05:22 - [TEST_STEP][PASSED] - if (m > taskno_11): null

2022-06-28 15:05:22 - [TEST_STEP][PASSED] - result = getText(findTestObject("1. Constant/xpath", ["xpath":"/html/body/div[1]/div[2]/div[8]/div[3]/div/div/div[2]/div/table/tbody/tr[" + m + "]/td[1]/a"]), OPTIONAL): Text of object 'Object Repository/1. Constant/xpath' is: 'Require info for PAF: 272358_VINO BL ALBAR RIA BA GALIC 70CL_0085110_BODEGAS LA VAL, S.L. - VINOS GALLEGOS (MENCÍA, GODELLO, RIBEIRO & ALBARIÑOS)'

2022-06-28 15:05:22 - [MESSAGE][PASSED] - Text of object 'Object Repository/1. Constant/xpath' is: 'Require info for PAF: 272358_VINO BL ALBAR RIA BA GALIC 70CL_0085110_BODEGAS LA VAL, S.L. - VINOS GALLEGOS (MENCÍA, GODELLO, RIBEIRO & ALBARIÑOS)'

2022-06-28 15:05:22 - [TEST_STEP][PASSED] - if (result.contains(Project_No)): null

2022-06-28 15:05:22 - [TEST_STEP][PASSED] - else: null

2022-06-28 15:05:22 - [TEST_STEP][PASSED] - m = m + 1: null

2022-06-28 15:05:22 - [TEST_STEP][PASSED] - if (m > taskno_11): null

2022-06-28 15:05:22 - [TEST_STEP][PASSED] - result = getText(findTestObject("1. Constant/xpath", ["xpath":"/html/body/div[1]/div[2]/div[8]/div[3]/div/div/div[2]/div/table/tbody/tr[" + m + "]/td[1]/a"]), OPTIONAL): Text of object 'Object Repository/1. Constant/xpath' is: 'Require info for PAF: 143044_CERVEZA C/LIMON DIA 6X25C_0076907_BRASSERIE DE SAINT-OMER - 2021_RAMBLERS_BEERS - MI000270'

2022-06-28 15:05:23 - [MESSAGE][PASSED] - Text of object 'Object Repository/1. Constant/xpath' is: 'Require info for PAF: 143044_CERVEZA C/LIMON DIA 6X25C_0076907_BRASSERIE DE SAINT-OMER - 2021_RAMBLERS_BEERS - MI000270'

2022-06-28 15:05:23 - [TEST_STEP][PASSED] - if (result.contains(Project_No)): null

2022-06-28 15:05:23 - [TEST_STEP][PASSED] - else: null

2022-06-28 15:05:23 - [TEST_STEP][PASSED] - m = m + 1: null

2022-06-28 15:05:23 - [TEST_STEP][PASSED] - if (m > taskno_11): null

2022-06-28 15:05:23 - [TEST_STEP][PASSED] - result = getText(findTestObject("1. Constant/xpath", ["xpath":"/html/body/div[1]/div[2]/div[8]/div[3]/div/div/div[2]/div/table/tbody/tr[" + m + "]/td[1]/a"]), OPTIONAL): Text of object 'Object Repository/1. Constant/xpath' is: 'Require info for PAF: 143044_CERVEZA C/LIMON DIA 6X25C_0076907_BRASSERIE DE SAINT-OMER - 2021_RAMBLERS_BEERS - MI000270'

2022-06-28 15:05:23 - [MESSAGE][PASSED] - Text of object 'Object Repository/1. Constant/xpath' is: 'Require info for PAF: 143044_CERVEZA C/LIMON DIA 6X25C_0076907_BRASSERIE DE SAINT-OMER - 2021_RAMBLERS_BEERS - MI000270'

2022-06-28 15:05:23 - [TEST_STEP][PASSED] - if (result.contains(Project_No)): null

2022-06-28 15:05:23 - [TEST_STEP][PASSED] - else: null

2022-06-28 15:05:23 - [TEST_STEP][PASSED] - m = m + 1: null

2022-06-28 15:05:23 - [TEST_STEP][PASSED] - if (m > taskno_11): null

2022-06-28 15:05:23 - [TEST_STEP][PASSED] - result = getText(findTestObject("1. Constant/xpath", ["xpath":"/html/body/div[1]/div[2]/div[8]/div[3]/div/div/div[2]/div/table/tbody/tr[" + m + "]/td[1]/a"]), OPTIONAL): Text of object 'Object Repository/1. Constant/xpath' is: 'Mark final printed sample reception date: 026995_AGUA MINERAL NATURAL OVIDA 1,5LT_0083947_BASILIO RIVERA E HIJOS, S.A. - WATER_2021 - MI000264'

2022-06-28 15:05:24 - [MESSAGE][PASSED] - Text of object 'Object Repository/1. Constant/xpath' is: 'Mark final printed sample reception date: 026995_AGUA MINERAL NATURAL OVIDA 1,5LT_0083947_BASILIO RIVERA E HIJOS, S.A. - WATER_2021 - MI000264'

2022-06-28 15:05:24 - [TEST_STEP][PASSED] - if (result.contains(Project_No)): null

2022-06-28 15:05:24 - [TEST_STEP][PASSED] - else: null

2022-06-28 15:05:24 - [TEST_STEP][PASSED] - m = m + 1: null

2022-06-28 15:05:24 - [TEST_STEP][PASSED] - if (m > taskno_11): null

2022-06-28 15:05:24 - [TEST_STEP][PASSED] - result = getText(findTestObject("1. Constant/xpath", ["xpath":"/html/body/div[1]/div[2]/div[8]/div[3]/div/div/div[2]/div/table/tbody/tr[" + m + "]/td[1]/a"]), OPTIONAL): Text of object 'Object Repository/1. Constant/xpath' is: 'Mark final printed sample reception date: 026996_AGUA MINERAL NATURAL OVIDA 5 L_0083947_BASILIO RIVERA E HIJOS, S.A. - WATER_2021 - MI000264'

2022-06-28 15:05:24 - [MESSAGE][PASSED] - Text of object 'Object Repository/1. Constant/xpath' is: 'Mark final printed sample reception date: 026996_AGUA MINERAL NATURAL OVIDA 5 L_0083947_BASILIO RIVERA E HIJOS, S.A. - WATER_2021 - MI000264'

2022-06-28 15:05:24 - [TEST_STEP][PASSED] - if (result.contains(Project_No)): null

2022-06-28 15:05:24 - [TEST_STEP][PASSED] - else: null

2022-06-28 15:05:24 - [TEST_STEP][PASSED] - m = m + 1: null

2022-06-28 15:05:24 - [TEST_STEP][PASSED] - if (m > taskno_11): null

2022-06-28 15:05:24 - [TEST_STEP][PASSED] - result = getText(findTestObject("1. Constant/xpath", ["xpath":"/html/body/div[1]/div[2]/div[8]/div[3]/div/div/div[2]/div/table/tbody/tr[" + m + "]/td[1]/a"]), OPTIONAL): Text of object 'Object Repository/1. Constant/xpath' is: 'Mark final printed sample reception date: 037776_AGUA MINER NATUR S/G OVIDA 50CL_0083947_BASILIO RIVERA E HIJOS, S.A. - WATER_2021 - MI000264'

2022-06-28 15:05:25 - [MESSAGE][PASSED] - Text of object 'Object Repository/1. Constant/xpath' is: 'Mark final printed sample reception date: 037776_AGUA MINER NATUR S/G OVIDA 50CL_0083947_BASILIO RIVERA E HIJOS, S.A. - WATER_2021 - MI000264'

2022-06-28 15:05:25 - [TEST_STEP][PASSED] - if (result.contains(Project_No)): null

2022-06-28 15:05:25 - [TEST_STEP][PASSED] - else: null

2022-06-28 15:05:25 - [TEST_STEP][PASSED] - m = m + 1: null

2022-06-28 15:05:25 - [TEST_STEP][PASSED] - if (m > taskno_11): null

2022-06-28 15:05:25 - [TEST_STEP][PASSED] - result = getText(findTestObject("1. Constant/xpath", ["xpath":"/html/body/div[1]/div[2]/div[8]/div[3]/div/div/div[2]/div/table/tbody/tr[" + m + "]/td[1]/a"]), OPTIONAL): Text of object 'Object Repository/1. Constant/xpath' is: 'Review document for reference Technical Drawing of project AutoTest_Chrome_StarpackEfc7LQ2vwO_mars152022_161029 (MI000972)'

2022-06-28 15:05:26 - [MESSAGE][PASSED] - Text of object 'Object Repository/1. Constant/xpath' is: 'Review document for reference Technical Drawing of project AutoTest_Chrome_StarpackEfc7LQ2vwO_mars152022_161029 (MI000972)'

2022-06-28 15:05:26 - [TEST_STEP][PASSED] - if (result.contains(Project_No)): null

2022-06-28 15:05:26 - [TEST_STEP][PASSED] - else: null

2022-06-28 15:05:26 - [TEST_STEP][PASSED] - m = m + 1: null

2022-06-28 15:05:26 - [TEST_STEP][PASSED] - if (m > taskno_11): null

2022-06-28 15:05:26 - [TEST_STEP][PASSED] - result = getText(findTestObject("1. Constant/xpath", ["xpath":"/html/body/div[1]/div[2]/div[8]/div[3]/div/div/div[2]/div/table/tbody/tr[" + m + "]/td[1]/a"]), OPTIONAL): Text of object 'Object Repository/1. Constant/xpath' is: 'Out of Office - MI001009 / refID : 5991 To Verify the task of Out of Office'

2022-06-28 15:05:26 - [MESSAGE][PASSED] - Text of object 'Object Repository/1. Constant/xpath' is: 'Out of Office - MI001009 / refID : 5991 To Verify the task of Out of Office'

2022-06-28 15:05:26 - [TEST_STEP][PASSED] - if (result.contains(Project_No)): null

2022-06-28 15:05:26 - [TEST_STEP][PASSED] - else: null

2022-06-28 15:05:26 - [TEST_STEP][PASSED] - m = m + 1: null

2022-06-28 15:05:26 - [TEST_STEP][PASSED] - if (m > taskno_11): null

2022-06-28 15:05:26 - [TEST_STEP][PASSED] - result = getText(findTestObject("1. Constant/xpath", ["xpath":"/html/body/div[1]/div[2]/div[8]/div[3]/div/div/div[2]/div/table/tbody/tr[" + m + "]/td[1]/a"]), OPTIONAL): Text of object 'Object Repository/1. Constant/xpath' is: 'Out of Office - MI001034 / refID : 6030 To Verify the task of Out of Office'

2022-06-28 15:05:27 - [MESSAGE][PASSED] - Text of object 'Object Repository/1. Constant/xpath' is: 'Out of Office - MI001034 / refID : 6030 To Verify the task of Out of Office'

2022-06-28 15:05:27 - [TEST_STEP][PASSED] - if (result.contains(Project_No)): null

2022-06-28 15:05:27 - [TEST_STEP][PASSED] - else: null

2022-06-28 15:05:27 - [TEST_STEP][PASSED] - m = m + 1: null

2022-06-28 15:05:27 - [TEST_STEP][PASSED] - if (m > taskno_11): null

2022-06-28 15:05:27 - [TEST_STEP][PASSED] - result = getText(findTestObject("1. Constant/xpath", ["xpath":"/html/body/div[1]/div[2]/div[8]/div[3]/div/div/div[2]/div/table/tbody/tr[" + m + "]/td[1]/a"]), OPTIONAL): Text of object 'Object Repository/1. Constant/xpath' is: 'Out of Office - MI001034 / refID : 6032 To Verify the task of Out of Office'

2022-06-28 15:05:27 - [MESSAGE][PASSED] - Text of object 'Object Repository/1. Constant/xpath' is: 'Out of Office - MI001034 / refID : 6032 To Verify the task of Out of Office'

2022-06-28 15:05:27 - [TEST_STEP][PASSED] - if (result.contains(Project_No)): null

2022-06-28 15:05:27 - [TEST_STEP][PASSED] - else: null

2022-06-28 15:05:27 - [TEST_STEP][PASSED] - m = m + 1: null

2022-06-28 15:05:27 - [TEST_STEP][PASSED] - if (m > taskno_11): null

2022-06-28 15:05:27 - [TEST_STEP][PASSED] - result = getText(findTestObject("1. Constant/xpath", ["xpath":"/html/body/div[1]/div[2]/div[8]/div[3]/div/div/div[2]/div/table/tbody/tr[" + m + "]/td[1]/a"]), OPTIONAL): Text of object 'Object Repository/1. Constant/xpath' is: 'Review document for reference Technical Drawing of project AutoTest_Chrome_StarpackRJeHp2FiPD_avr.222022_161005 (MI001047)'

2022-06-28 15:05:28 - [MESSAGE][PASSED] - Text of object 'Object Repository/1. Constant/xpath' is: 'Review document for reference Technical Drawing of project AutoTest_Chrome_StarpackRJeHp2FiPD_avr.222022_161005 (MI001047)'

2022-06-28 15:05:28 - [TEST_STEP][PASSED] - if (result.contains(Project_No)): null

2022-06-28 15:05:28 - [TEST_STEP][PASSED] - else: null

2022-06-28 15:05:28 - [TEST_STEP][PASSED] - m = m + 1: null

2022-06-28 15:05:28 - [TEST_STEP][PASSED] - if (m > taskno_11): null

2022-06-28 15:05:28 - [TEST_STEP][PASSED] - result = getText(findTestObject("1. Constant/xpath", ["xpath":"/html/body/div[1]/div[2]/div[8]/div[3]/div/div/div[2]/div/table/tbody/tr[" + m + "]/td[1]/a"]), OPTIONAL): Text of object 'Object Repository/1. Constant/xpath' is: 'Out of Office - MI001249 / refID : 6335 To Verify the task of Out of Office'

2022-06-28 15:05:28 - [MESSAGE][PASSED] - Text of object 'Object Repository/1. Constant/xpath' is: 'Out of Office - MI001249 / refID : 6335 To Verify the task of Out of Office'

2022-06-28 15:05:28 - [TEST_STEP][PASSED] - if (result.contains(Project_No)): null

2022-06-28 15:05:28 - [TEST_STEP][PASSED] - else: null

2022-06-28 15:05:28 - [TEST_STEP][PASSED] - m = m + 1: null

2022-06-28 15:05:28 - [TEST_STEP][PASSED] - if (m > taskno_11): null

2022-06-28 15:05:28 - [TEST_STEP][PASSED] - result = getText(findTestObject("1. Constant/xpath", ["xpath":"/html/body/div[1]/div[2]/div[8]/div[3]/div/div/div[2]/div/table/tbody/tr[" + m + "]/td[1]/a"]), OPTIONAL): Text of object 'Object Repository/1. Constant/xpath' is: 'Out of Office - MI001283 / refID : 6398 To Verify the task of Out of Office'

2022-06-28 15:05:29 - [MESSAGE][PASSED] - Text of object 'Object Repository/1. Constant/xpath' is: 'Out of Office - MI001283 / refID : 6398 To Verify the task of Out of Office'

2022-06-28 15:05:29 - [TEST_STEP][PASSED] - if (result.contains(Project_No)): null

2022-06-28 15:05:29 - [TEST_STEP][PASSED] - else: null

2022-06-28 15:05:29 - [TEST_STEP][PASSED] - m = m + 1: null

2022-06-28 15:05:29 - [TEST_STEP][PASSED] - if (m > taskno_11): null

2022-06-28 15:05:29 - [TEST_STEP][PASSED] - result = getText(findTestObject("1. Constant/xpath", ["xpath":"/html/body/div[1]/div[2]/div[8]/div[3]/div/div/div[2]/div/table/tbody/tr[" + m + "]/td[1]/a"]), OPTIONAL): Text of object 'Object Repository/1. Constant/xpath' is: 'Review document for reference Technical Drawing of project AutoTest_Chrome_Starpackuvn8dFJ6Tj_juin282022_145634 (MI001288)'

2022-06-28 15:05:31 - [MESSAGE][PASSED] - Text of object 'Object Repository/1. Constant/xpath' is: 'Review document for reference Technical Drawing of project AutoTest_Chrome_Starpackuvn8dFJ6Tj_juin282022_145634 (MI001288)'

2022-06-28 15:05:31 - [TEST_STEP][PASSED] - if (result.contains(Project_No)): null

2022-06-28 15:05:31 - [TEST_STEP][PASSED] - click(findTestObject("1. Constant/xpath", ["xpath":"/html/body/div[1]/div[2]/div[8]/div[3]/div/div/div[2]/div/table/tbody/tr[" + m + "]/td[1]/a"])): Object: 'Object Repository/1. Constant/xpath' is clicked on

2022-06-28 15:05:34 - [MESSAGE][PASSED] - Object: 'Object Repository/1. Constant/xpath' is clicked on

2022-06-28 15:05:34 - [TEST_STEP][PASSED] - break: null

2022-06-28 15:05:34 - [TEST_STEP][PASSED] - verifyElementVisible(findTestObject("1. Constant/xpath", ["xpath":"//*[@id="aff_doc_preview"]"])): Object 'Object Repository/1. Constant/xpath' is visible

2022-06-28 15:05:36 - [MESSAGE][PASSED] - Object 'Object Repository/1. Constant/xpath' is visible

2022-06-28 15:05:36 - [TEST_STEP][PASSED] - I.Logout(): Delayed 3 second(s)

2022-06-28 15:05:39 - [MESSAGE][PASSED] - Delayed 3 second(s)

2022-06-28 15:05:40 - [MESSAGE][PASSED] - Object: 'Object Repository/1. Constant/xpath' is clicked on

2022-06-28 15:05:43 - [MESSAGE][PASSED] - Delayed 3 second(s)

2022-06-28 15:05:45 - [MESSAGE][PASSED] - Object: 'Object Repository/1. Constant/xpath' is clicked on

2022-06-28 15:05:48 - [MESSAGE][PASSED] - Delayed 3 second(s)

2022-06-28 15:05:48 - [TEST_STEP][PASSED] - I.Login_password("suser", password_suser): Object: 'Object Repository/1. Constant/xpath' is clicked on

2022-06-28 15:05:48 - [MESSAGE][PASSED] - Text 'suser' is set on object 'Object Repository/1. Constant/xpath'

2022-06-28 15:05:49 - [MESSAGE][PASSED] - Delayed 1 second(s)

2022-06-28 15:05:50 - [MESSAGE][PASSED] - Text 'dchi2' is set on object 'Object Repository/1. Constant/xpath'

2022-06-28 15:05:51 - [MESSAGE][PASSED] - Delayed 1 second(s)

2022-06-28 15:05:53 - [MESSAGE][PASSED] - Object: 'Object Repository/1. Constant/xpath' is clicked on

2022-06-28 15:05:53 - [TEST_STEP][PASSED] - takeScreenshot(): Taking screenshot successfully

2022-06-28 15:05:54 - [MESSAGE][PASSED] - Taking screenshot successfully
[[ATTACHMENT|D:\\Projet Test Auto\\Mediabox Test Automation\\Reports\\20220628_140216\\4618_TestStarpack\\TS\\02.TestStarPack Full Lifecycle _Change of Rights_SAS\\20220628_140217\\1656421554597.png]]

2022-06-28 15:05:54 - [TEST_STEP][PASSED] - click(findTestObject("1. Constant/02_LHSMenu_Projects")): Object: 'Object Repository/1. Constant/02_LHSMenu_Projects' is clicked on

2022-06-28 15:06:03 - [MESSAGE][PASSED] - Object: 'Object Repository/1. Constant/02_LHSMenu_Projects' is clicked on

2022-06-28 15:06:03 - [TEST_STEP][PASSED] - I.SearchProjectNo(Project_No, findTestObject("HL Full Lifecycle/9 Filter_Button_Apply")): Delayed 5 second(s)

2022-06-28 15:06:06 - [MESSAGE][PASSED] - Text 'MI001288' is set on object 'Object Repository/1. Constant/xpath'

2022-06-28 15:06:09 - [MESSAGE][PASSED] - Delayed 3 second(s)

2022-06-28 15:06:12 - [MESSAGE][PASSED] - Object: 'Object Repository/HL Full Lifecycle/9 Filter_Button_Apply' is clicked on

2022-06-28 15:06:17 - [MESSAGE][PASSED] - Delayed 5 second(s)

2022-06-28 15:06:17 - [TEST_STEP][PASSED] - click(findTestObject("1. Constant/xpath", ["xpath":"//*[@id="source_" + refID_TD + ""]/td[9]/a"])): Object: 'Object Repository/1. Constant/xpath' is clicked on

2022-06-28 15:06:19 - [MESSAGE][PASSED] - Object: 'Object Repository/1. Constant/xpath' is clicked on

2022-06-28 15:06:19 - [TEST_STEP][PASSED] - takeScreenshot(): Taking screenshot successfully

2022-06-28 15:06:20 - [MESSAGE][PASSED] - Taking screenshot successfully
[[ATTACHMENT|D:\\Projet Test Auto\\Mediabox Test Automation\\Reports\\20220628_140216\\4618_TestStarpack\\TS\\02.TestStarPack Full Lifecycle _Change of Rights_SAS\\20220628_140217\\1656421580116.png]]

2022-06-28 15:06:20 - [TEST_STEP][PASSED] - I.UploadDoc_sendkey_Prod(findTestObject("1. Constant/xpath", ["xpath":"//*[@id="kt_body"]/input[2]"]), "D:\Upoad_File\Upload doc\testdataaddition1.jpg", "testdataaddition1.jpg"): Delayed 5 second(s)

2022-06-28 15:06:20 - [MESSAGE][PASSED] - Scroll to object 'Object Repository/1. Constant/xpath' successfully

2022-06-28 15:06:25 - [MESSAGE][PASSED] - Delayed 5 second(s)

2022-06-28 15:06:26 - [MESSAGE][PASSED] - File 'D:\Upoad_File\Upload doc\testdataaddition1.jpg' sent to object: 'Object Repository/1. Constant/xpath'

2022-06-28 15:06:31 - [MESSAGE][PASSED] - Delayed 5 second(s)

2022-06-28 15:06:33 - [MESSAGE][PASSED] - Text 'testdataaddition1.jpg' is present on page 

2022-06-28 15:06:38 - [MESSAGE][PASSED] - Delayed 5 second(s)

2022-06-28 15:06:43 - [MESSAGE][PASSED] - Delayed 5 second(s)

2022-06-28 15:06:43 - [TEST_STEP][PASSED] - takeScreenshot(): Taking screenshot successfully

2022-06-28 15:06:43 - [MESSAGE][PASSED] - Taking screenshot successfully
[[ATTACHMENT|D:\\Projet Test Auto\\Mediabox Test Automation\\Reports\\20220628_140216\\4618_TestStarpack\\TS\\02.TestStarPack Full Lifecycle _Change of Rights_SAS\\20220628_140217\\1656421603627.png]]

2022-06-28 15:06:43 - [TEST_STEP][PASSED] - delay(10): Delayed 10 second(s)

2022-06-28 15:06:53 - [MESSAGE][PASSED] - Delayed 10 second(s)

2022-06-28 15:06:53 - [TEST_STEP][PASSED] - selectOptionByValue(findTestObject("1. Constant/xpath", ["xpath":"//*[@id="var_27"]"]), "650", false): All options with value '650' are selected in object 'Object Repository/1. Constant/xpath' 

2022-06-28 15:06:54 - [MESSAGE][PASSED] - All options with value '650' are selected in object 'Object Repository/1. Constant/xpath' 

2022-06-28 15:06:54 - [TEST_STEP][PASSED] - I.click_button_javascript(findTestObject("Object Repository/HL Full Lifecycle/12 ReferncePage_Button_Updatensenddoc")): Execute JavaScript 'arguments[0].click()' successfully

2022-06-28 15:07:03 - [MESSAGE][PASSED] - Execute JavaScript 'arguments[0].click()' successfully

2022-06-28 15:07:03 - [TEST_STEP][PASSED] - delay(5): Delayed 5 second(s)

2022-06-28 15:07:08 - [MESSAGE][PASSED] - Delayed 5 second(s)

2022-06-28 15:07:08 - [TEST_STEP][PASSED] - I.Logout(): Delayed 3 second(s)

2022-06-28 15:07:11 - [MESSAGE][PASSED] - Delayed 3 second(s)

2022-06-28 15:07:11 - [MESSAGE][PASSED] - Object: 'Object Repository/1. Constant/xpath' is clicked on

2022-06-28 15:07:14 - [MESSAGE][PASSED] - Delayed 3 second(s)

2022-06-28 15:07:16 - [MESSAGE][PASSED] - Object: 'Object Repository/1. Constant/xpath' is clicked on

2022-06-28 15:07:19 - [MESSAGE][PASSED] - Delayed 3 second(s)

2022-06-28 15:07:19 - [TEST_STEP][PASSED] - I.Login_password("bsolletbravo", password_bsolletbravo): Object: 'Object Repository/1. Constant/xpath' is clicked on

2022-06-28 15:07:20 - [MESSAGE][PASSED] - Text 'bsolletbravo' is set on object 'Object Repository/1. Constant/xpath'

2022-06-28 15:07:21 - [MESSAGE][PASSED] - Delayed 1 second(s)

2022-06-28 15:07:22 - [MESSAGE][PASSED] - Text 'dchi' is set on object 'Object Repository/1. Constant/xpath'

2022-06-28 15:07:23 - [MESSAGE][PASSED] - Delayed 1 second(s)

2022-06-28 15:07:26 - [MESSAGE][PASSED] - Object: 'Object Repository/1. Constant/xpath' is clicked on

2022-06-28 15:07:26 - [TEST_STEP][PASSED] - takeScreenshot(): Taking screenshot successfully

2022-06-28 15:07:27 - [MESSAGE][PASSED] - Taking screenshot successfully
[[ATTACHMENT|D:\\Projet Test Auto\\Mediabox Test Automation\\Reports\\20220628_140216\\4618_TestStarpack\\TS\\02.TestStarPack Full Lifecycle _Change of Rights_SAS\\20220628_140217\\1656421647387.png]]

2022-06-28 15:07:27 - [TEST_STEP][PASSED] - task_no5 = I.Get_Task_No("//*[@id="kt_header"]/div/div[2]/div[1]/div[1]/span"): Text of object 'Object Repository/1. Constant/xpath' is: '10'

2022-06-28 15:07:28 - [MESSAGE][PASSED] - Text of object 'Object Repository/1. Constant/xpath' is: '10'

2022-06-28 15:07:28 - [TEST_STEP][PASSED] - click(findTestObject("1. Constant/xpath", ["xpath":"//*[@id="kt_header"]/div/div[2]/div[1]/div[1]/div"])): Object: 'Object Repository/1. Constant/xpath' is clicked on

2022-06-28 15:07:28 - [MESSAGE][PASSED] - Object: 'Object Repository/1. Constant/xpath' is clicked on

2022-06-28 15:07:28 - [TEST_STEP][PASSED] - delay(1): Delayed 1 second(s)

2022-06-28 15:07:29 - [MESSAGE][PASSED] - Delayed 1 second(s)

2022-06-28 15:07:29 - [TEST_STEP][PASSED] - click(findTestObject("1. Constant/xpath", ["xpath":"//*[@id="kt_header"]/div/div[2]/div[1]/div[2]/form/div[3]/a"])): Object: 'Object Repository/1. Constant/xpath' is clicked on

2022-06-28 15:07:36 - [MESSAGE][PASSED] - Object: 'Object Repository/1. Constant/xpath' is clicked on

2022-06-28 15:07:36 - [TEST_STEP][PASSED] - delay(1): Delayed 1 second(s)

2022-06-28 15:07:37 - [MESSAGE][PASSED] - Delayed 1 second(s)

2022-06-28 15:07:37 - [TEST_STEP][PASSED] - selectOptionByValue(findTestObject("1. Constant/xpath", ["xpath":"//*[@id="kt_content"]/div[3]/div/div/div[1]/div[1]/div/form/select"]), "250", false): All options with value '250' are selected in object 'Object Repository/1. Constant/xpath' 

2022-06-28 15:07:38 - [MESSAGE][PASSED] - All options with value '250' are selected in object 'Object Repository/1. Constant/xpath' 

2022-06-28 15:07:38 - [TEST_STEP][PASSED] - delay(1): Delayed 1 second(s)

2022-06-28 15:07:39 - [MESSAGE][PASSED] - Delayed 1 second(s)

2022-06-28 15:07:39 - [TEST_STEP][PASSED] - k = 1: null

2022-06-28 15:07:39 - [TEST_STEP][PASSED] - while (k <= task_no5): null

2022-06-28 15:07:39 - [TEST_STEP][PASSED] - result = getText(findTestObject("1. Constant/xpath", ["xpath":"/html/body/div[1]/div[2]/div[8]/div[3]/div/div/div[2]/div/table/tbody/tr[" + k + "]/td[1]/a"]), OPTIONAL): Text of object 'Object Repository/1. Constant/xpath' is: 'Mark final printed sample reception date: 000297_MIEL DIA 1 KG_0084682_MAES HONEY INT. S.L.U - 2020_MIEL LOVE_HONEY - MI000036'

2022-06-28 15:07:39 - [MESSAGE][PASSED] - Text of object 'Object Repository/1. Constant/xpath' is: 'Mark final printed sample reception date: 000297_MIEL DIA 1 KG_0084682_MAES HONEY INT. S.L.U - 2020_MIEL LOVE_HONEY - MI000036'

2022-06-28 15:07:39 - [TEST_STEP][PASSED] - if (result.contains(Project_No)): null

2022-06-28 15:07:39 - [TEST_STEP][PASSED] - else: null

2022-06-28 15:07:39 - [TEST_STEP][PASSED] - k = k + 1: null

2022-06-28 15:07:39 - [TEST_STEP][PASSED] - if (k > task_no5): null

2022-06-28 15:07:39 - [TEST_STEP][PASSED] - result = getText(findTestObject("1. Constant/xpath", ["xpath":"/html/body/div[1]/div[2]/div[8]/div[3]/div/div/div[2]/div/table/tbody/tr[" + k + "]/td[1]/a"]), OPTIONAL): Text of object 'Object Repository/1. Constant/xpath' is: 'Mark final printed sample reception date: 133109_MIEL FLORES ANTIGOTE DIA 500GR_0084682_MAES HONEY INT. S.L.U - 2020_MIEL LOVE_HONEY - MI000036'

2022-06-28 15:07:39 - [MESSAGE][PASSED] - Text of object 'Object Repository/1. Constant/xpath' is: 'Mark final printed sample reception date: 133109_MIEL FLORES ANTIGOTE DIA 500GR_0084682_MAES HONEY INT. S.L.U - 2020_MIEL LOVE_HONEY - MI000036'

2022-06-28 15:07:39 - [TEST_STEP][PASSED] - if (result.contains(Project_No)): null

2022-06-28 15:07:39 - [TEST_STEP][PASSED] - else: null

2022-06-28 15:07:39 - [TEST_STEP][PASSED] - k = k + 1: null

2022-06-28 15:07:39 - [TEST_STEP][PASSED] - if (k > task_no5): null

2022-06-28 15:07:39 - [TEST_STEP][PASSED] - result = getText(findTestObject("1. Constant/xpath", ["xpath":"/html/body/div[1]/div[2]/div[8]/div[3]/div/div/div[2]/div/table/tbody/tr[" + k + "]/td[1]/a"]), OPTIONAL): Text of object 'Object Repository/1. Constant/xpath' is: 'Mark final printed sample reception date: 034329_COCO RALLADO DIA 200GR_0082988_EMILIO VILAR, LDA. - 2020_NATURMUNDO_COCO RALADO PT - MI000176'

2022-06-28 15:07:40 - [MESSAGE][PASSED] - Text of object 'Object Repository/1. Constant/xpath' is: 'Mark final printed sample reception date: 034329_COCO RALLADO DIA 200GR_0082988_EMILIO VILAR, LDA. - 2020_NATURMUNDO_COCO RALADO PT - MI000176'

2022-06-28 15:07:40 - [TEST_STEP][PASSED] - if (result.contains(Project_No)): null

2022-06-28 15:07:40 - [TEST_STEP][PASSED] - else: null

2022-06-28 15:07:40 - [TEST_STEP][PASSED] - k = k + 1: null

2022-06-28 15:07:40 - [TEST_STEP][PASSED] - if (k > task_no5): null

2022-06-28 15:07:40 - [TEST_STEP][PASSED] - result = getText(findTestObject("1. Constant/xpath", ["xpath":"/html/body/div[1]/div[2]/div[8]/div[3]/div/div/div[2]/div/table/tbody/tr[" + k + "]/td[1]/a"]), OPTIONAL): Text of object 'Object Repository/1. Constant/xpath' is: 'Upload packaging briefing: Pan Rallado - 2021_EL MOLINO DE DIA_BREAD CRUMBS & FLOUR'

2022-06-28 15:07:40 - [MESSAGE][PASSED] - Text of object 'Object Repository/1. Constant/xpath' is: 'Upload packaging briefing: Pan Rallado - 2021_EL MOLINO DE DIA_BREAD CRUMBS & FLOUR'

2022-06-28 15:07:40 - [TEST_STEP][PASSED] - if (result.contains(Project_No)): null

2022-06-28 15:07:40 - [TEST_STEP][PASSED] - else: null

2022-06-28 15:07:40 - [TEST_STEP][PASSED] - k = k + 1: null

2022-06-28 15:07:40 - [TEST_STEP][PASSED] - if (k > task_no5): null

2022-06-28 15:07:40 - [TEST_STEP][PASSED] - result = getText(findTestObject("1. Constant/xpath", ["xpath":"/html/body/div[1]/div[2]/div[8]/div[3]/div/div/div[2]/div/table/tbody/tr[" + k + "]/td[1]/a"]), OPTIONAL): Text of object 'Object Repository/1. Constant/xpath' is: 'Out of Office - MI001009 / refID : 5991 To Verify the task of Out of Office'

2022-06-28 15:07:41 - [MESSAGE][PASSED] - Text of object 'Object Repository/1. Constant/xpath' is: 'Out of Office - MI001009 / refID : 5991 To Verify the task of Out of Office'

2022-06-28 15:07:41 - [TEST_STEP][PASSED] - if (result.contains(Project_No)): null

2022-06-28 15:07:41 - [TEST_STEP][PASSED] - else: null

2022-06-28 15:07:41 - [TEST_STEP][PASSED] - k = k + 1: null

2022-06-28 15:07:41 - [TEST_STEP][PASSED] - if (k > task_no5): null

2022-06-28 15:07:41 - [TEST_STEP][PASSED] - result = getText(findTestObject("1. Constant/xpath", ["xpath":"/html/body/div[1]/div[2]/div[8]/div[3]/div/div/div[2]/div/table/tbody/tr[" + k + "]/td[1]/a"]), OPTIONAL): Text of object 'Object Repository/1. Constant/xpath' is: 'Out of Office - MI001034 / refID : 6030 To Verify the task of Out of Office'

2022-06-28 15:07:41 - [MESSAGE][PASSED] - Text of object 'Object Repository/1. Constant/xpath' is: 'Out of Office - MI001034 / refID : 6030 To Verify the task of Out of Office'

2022-06-28 15:07:41 - [TEST_STEP][PASSED] - if (result.contains(Project_No)): null

2022-06-28 15:07:41 - [TEST_STEP][PASSED] - else: null

2022-06-28 15:07:41 - [TEST_STEP][PASSED] - k = k + 1: null

2022-06-28 15:07:41 - [TEST_STEP][PASSED] - if (k > task_no5): null

2022-06-28 15:07:41 - [TEST_STEP][PASSED] - result = getText(findTestObject("1. Constant/xpath", ["xpath":"/html/body/div[1]/div[2]/div[8]/div[3]/div/div/div[2]/div/table/tbody/tr[" + k + "]/td[1]/a"]), OPTIONAL): Text of object 'Object Repository/1. Constant/xpath' is: 'Out of Office - MI001034 / refID : 6032 To Verify the task of Out of Office'

2022-06-28 15:07:42 - [MESSAGE][PASSED] - Text of object 'Object Repository/1. Constant/xpath' is: 'Out of Office - MI001034 / refID : 6032 To Verify the task of Out of Office'

2022-06-28 15:07:42 - [TEST_STEP][PASSED] - if (result.contains(Project_No)): null

2022-06-28 15:07:42 - [TEST_STEP][PASSED] - else: null

2022-06-28 15:07:42 - [TEST_STEP][PASSED] - k = k + 1: null

2022-06-28 15:07:42 - [TEST_STEP][PASSED] - if (k > task_no5): null

2022-06-28 15:07:42 - [TEST_STEP][PASSED] - result = getText(findTestObject("1. Constant/xpath", ["xpath":"/html/body/div[1]/div[2]/div[8]/div[3]/div/div/div[2]/div/table/tbody/tr[" + k + "]/td[1]/a"]), OPTIONAL): Text of object 'Object Repository/1. Constant/xpath' is: 'Out of Office - MI001249 / refID : 6335 To Verify the task of Out of Office'

2022-06-28 15:07:42 - [MESSAGE][PASSED] - Text of object 'Object Repository/1. Constant/xpath' is: 'Out of Office - MI001249 / refID : 6335 To Verify the task of Out of Office'

2022-06-28 15:07:42 - [TEST_STEP][PASSED] - if (result.contains(Project_No)): null

2022-06-28 15:07:42 - [TEST_STEP][PASSED] - else: null

2022-06-28 15:07:42 - [TEST_STEP][PASSED] - k = k + 1: null

2022-06-28 15:07:42 - [TEST_STEP][PASSED] - if (k > task_no5): null

2022-06-28 15:07:42 - [TEST_STEP][PASSED] - result = getText(findTestObject("1. Constant/xpath", ["xpath":"/html/body/div[1]/div[2]/div[8]/div[3]/div/div/div[2]/div/table/tbody/tr[" + k + "]/td[1]/a"]), OPTIONAL): Text of object 'Object Repository/1. Constant/xpath' is: 'Out of Office - MI001283 / refID : 6398 To Verify the task of Out of Office'

2022-06-28 15:07:43 - [MESSAGE][PASSED] - Text of object 'Object Repository/1. Constant/xpath' is: 'Out of Office - MI001283 / refID : 6398 To Verify the task of Out of Office'

2022-06-28 15:07:43 - [TEST_STEP][PASSED] - if (result.contains(Project_No)): null

2022-06-28 15:07:43 - [TEST_STEP][PASSED] - else: null

2022-06-28 15:07:43 - [TEST_STEP][PASSED] - k = k + 1: null

2022-06-28 15:07:43 - [TEST_STEP][PASSED] - if (k > task_no5): null

2022-06-28 15:07:43 - [TEST_STEP][PASSED] - result = getText(findTestObject("1. Constant/xpath", ["xpath":"/html/body/div[1]/div[2]/div[8]/div[3]/div/div/div[2]/div/table/tbody/tr[" + k + "]/td[1]/a"]), OPTIONAL): Text of object 'Object Repository/1. Constant/xpath' is: 'Review document for reference Technical Drawing of project AutoTest_Chrome_Starpackuvn8dFJ6Tj_juin282022_145634 (MI001288)'

2022-06-28 15:07:43 - [MESSAGE][PASSED] - Text of object 'Object Repository/1. Constant/xpath' is: 'Review document for reference Technical Drawing of project AutoTest_Chrome_Starpackuvn8dFJ6Tj_juin282022_145634 (MI001288)'

2022-06-28 15:07:43 - [TEST_STEP][PASSED] - if (result.contains(Project_No)): null

2022-06-28 15:07:43 - [TEST_STEP][PASSED] - click(findTestObject("1. Constant/xpath", ["xpath":"/html/body/div[1]/div[2]/div[8]/div[3]/div/div/div[2]/div/table/tbody/tr[" + k + "]/td[1]/a"])): Object: 'Object Repository/1. Constant/xpath' is clicked on

2022-06-28 15:07:46 - [MESSAGE][PASSED] - Object: 'Object Repository/1. Constant/xpath' is clicked on

2022-06-28 15:07:46 - [TEST_STEP][PASSED] - break: null

2022-06-28 15:07:46 - [TEST_STEP][PASSED] - I.AWF_approve_view(): Object: 'Object Repository/HL Full Lifecycle/Function_Appbutton2' is clicked on

2022-06-28 15:07:49 - [MESSAGE][PASSED] - Wait for page load successfully

2022-06-28 15:07:59 - [MESSAGE][PASSED] - Delayed 10 second(s)

2022-06-28 15:07:59 - [MESSAGE][PASSED] - Object: 'Object Repository/HL Full Lifecycle/Function_access Viewer2' is hovered

2022-06-28 15:08:02 - [MESSAGE][PASSED] - Delayed 3 second(s)

2022-06-28 15:08:03 - [MESSAGE][PASSED] - Object: 'Object Repository/HL Full Lifecycle/Function_access Viewer2' is clicked on

2022-06-28 15:08:08 - [MESSAGE][PASSED] - Delayed 5 second(s)

2022-06-28 15:08:08 - [MESSAGE][PASSED] - Object: 'Object Repository/HL Full Lifecycle/Function_AppButton' is clicked on

2022-06-28 15:08:13 - [MESSAGE][PASSED] - Delayed 5 second(s)

2022-06-28 15:08:19 - [MESSAGE][PASSED] - Object: 'Object Repository/HL Full Lifecycle/Function_Appbutton2' is clicked on

2022-06-28 15:08:19 - [TEST_STEP][PASSED] - delay(1): Delayed 1 second(s)

2022-06-28 15:08:20 - [MESSAGE][PASSED] - Delayed 1 second(s)

2022-06-28 15:08:20 - [TEST_STEP][PASSED] - click(findTestObject("1. Constant/xpath", ["xpath":"/html/body/div[1]/div[2]/div[4]/div[3]/div/div[2]/div[2]/div[1]/table/tbody/tr[5]/td[11]/a"])): Object: 'Object Repository/1. Constant/xpath' is clicked on

2022-06-28 15:08:25 - [MESSAGE][PASSED] - Object: 'Object Repository/1. Constant/xpath' is clicked on

2022-06-28 15:08:25 - [TEST_STEP][PASSED] - delay(1): Delayed 1 second(s)

2022-06-28 15:08:26 - [MESSAGE][PASSED] - Delayed 1 second(s)

2022-06-28 15:08:26 - [TEST_STEP][PASSED] - task_no6 = I.Get_Task_No("//*[@id="kt_header"]/div/div[2]/div[1]/div[1]/span"): Text of object 'Object Repository/1. Constant/xpath' is: '9'

2022-06-28 15:08:27 - [MESSAGE][PASSED] - Text of object 'Object Repository/1. Constant/xpath' is: '9'

2022-06-28 15:08:27 - [TEST_STEP][PASSED] - verifyEqual(task_no6, task_no5 - 1): Actual object '9' and expected object '9' are equal

2022-06-28 15:08:27 - [MESSAGE][PASSED] - Actual object '9' and expected object '9' are equal

2022-06-28 15:08:27 - [TEST_STEP][PASSED] - I.Logout(): Delayed 3 second(s)

2022-06-28 15:08:30 - [MESSAGE][PASSED] - Delayed 3 second(s)

2022-06-28 15:08:30 - [MESSAGE][PASSED] - Object: 'Object Repository/1. Constant/xpath' is clicked on

2022-06-28 15:08:33 - [MESSAGE][PASSED] - Delayed 3 second(s)

2022-06-28 15:08:35 - [MESSAGE][PASSED] - Object: 'Object Repository/1. Constant/xpath' is clicked on

2022-06-28 15:08:38 - [MESSAGE][PASSED] - Delayed 3 second(s)

2022-06-28 15:08:38 - [TEST_STEP][PASSED] - I.Login_password("suser", password_suser): Object: 'Object Repository/1. Constant/xpath' is clicked on

2022-06-28 15:08:39 - [MESSAGE][PASSED] - Text 'suser' is set on object 'Object Repository/1. Constant/xpath'

2022-06-28 15:08:40 - [MESSAGE][PASSED] - Delayed 1 second(s)

2022-06-28 15:08:41 - [MESSAGE][PASSED] - Text 'dchi2' is set on object 'Object Repository/1. Constant/xpath'

2022-06-28 15:08:42 - [MESSAGE][PASSED] - Delayed 1 second(s)

2022-06-28 15:08:44 - [MESSAGE][PASSED] - Object: 'Object Repository/1. Constant/xpath' is clicked on

2022-06-28 15:08:44 - [TEST_STEP][PASSED] - takeScreenshot(): Taking screenshot successfully

2022-06-28 15:08:46 - [MESSAGE][PASSED] - Taking screenshot successfully
[[ATTACHMENT|D:\\Projet Test Auto\\Mediabox Test Automation\\Reports\\20220628_140216\\4618_TestStarpack\\TS\\02.TestStarPack Full Lifecycle _Change of Rights_SAS\\20220628_140217\\1656421725835.png]]

2022-06-28 15:08:46 - [TEST_STEP][PASSED] - click(findTestObject("1. Constant/02_LHSMenu_Projects")): Object: 'Object Repository/1. Constant/02_LHSMenu_Projects' is clicked on

2022-06-28 15:08:53 - [MESSAGE][PASSED] - Object: 'Object Repository/1. Constant/02_LHSMenu_Projects' is clicked on

2022-06-28 15:08:53 - [TEST_STEP][PASSED] - I.SearchProjectNo(Project_No, findTestObject("HL Full Lifecycle/9 Filter_Button_Apply")): Delayed 5 second(s)

2022-06-28 15:08:54 - [MESSAGE][PASSED] - Text 'MI001288' is set on object 'Object Repository/1. Constant/xpath'

2022-06-28 15:08:57 - [MESSAGE][PASSED] - Delayed 3 second(s)

2022-06-28 15:09:02 - [MESSAGE][PASSED] - Object: 'Object Repository/HL Full Lifecycle/9 Filter_Button_Apply' is clicked on

2022-06-28 15:09:07 - [MESSAGE][PASSED] - Delayed 5 second(s)

2022-06-28 15:09:07 - [TEST_STEP][PASSED] - delay(1): Delayed 1 second(s)

2022-06-28 15:09:08 - [MESSAGE][PASSED] - Delayed 1 second(s)

2022-06-28 15:09:08 - [TEST_STEP][PASSED] - click(findTestObject("1. Constant/xpath", ["xpath":"//*[@id="card_project"]/div[2]/div/div[3]/a[4]"])): Object: 'Object Repository/1. Constant/xpath' is clicked on

2022-06-28 15:09:17 - [MESSAGE][PASSED] - Object: 'Object Repository/1. Constant/xpath' is clicked on

2022-06-28 15:09:17 - [TEST_STEP][PASSED] - Expected_R = "You cannot close this project because it contains at least 1 reference not completed, not deleted or not cancelled.": null

2022-06-28 15:09:17 - [TEST_STEP][PASSED] - Actual_R = getText(findTestObject("1. Constant/xpath", ["xpath":"//*[@id="toast-container"]/div/div[2]"])): Text of object 'Object Repository/1. Constant/xpath' is: 'You cannot close this project because it contains at least 1 reference not completed, not deleted or not cancelled.'

2022-06-28 15:09:17 - [MESSAGE][PASSED] - Text of object 'Object Repository/1. Constant/xpath' is: 'You cannot close this project because it contains at least 1 reference not completed, not deleted or not cancelled.'

2022-06-28 15:09:17 - [TEST_STEP][PASSED] - verifyMatch(Actual_R, Expected_R, false): Actual text 'You cannot close this project because it contains at least 1 reference not completed, not deleted or not cancelled.' and expected text 'You cannot close this project because it contains at least 1 reference not completed, not deleted or not cancelled.' are matched 

2022-06-28 15:09:17 - [MESSAGE][PASSED] - Actual text 'You cannot close this project because it contains at least 1 reference not completed, not deleted or not cancelled.' and expected text 'You cannot close this project because it contains at least 1 reference not completed, not deleted or not cancelled.' are matched 

2022-06-28 15:09:17 - [TEST_STEP][PASSED] - takeScreenshot(): Taking screenshot successfully

2022-06-28 15:09:18 - [MESSAGE][PASSED] - Taking screenshot successfully
[[ATTACHMENT|D:\\Projet Test Auto\\Mediabox Test Automation\\Reports\\20220628_140216\\4618_TestStarpack\\TS\\02.TestStarPack Full Lifecycle _Change of Rights_SAS\\20220628_140217\\1656421758044.png]]

2022-06-28 15:09:18 - [TEST_STEP][PASSED] - I.SearchProjectNo(Project_No, findTestObject("HL Full Lifecycle/9 Filter_Button_Apply")): Delayed 5 second(s)

2022-06-28 15:09:19 - [MESSAGE][PASSED] - Text 'MI001288' is set on object 'Object Repository/1. Constant/xpath'

2022-06-28 15:09:22 - [MESSAGE][PASSED] - Delayed 3 second(s)

2022-06-28 15:09:25 - [MESSAGE][PASSED] - Object: 'Object Repository/HL Full Lifecycle/9 Filter_Button_Apply' is clicked on

2022-06-28 15:09:30 - [MESSAGE][PASSED] - Delayed 5 second(s)

2022-06-28 15:09:30 - [TEST_STEP][PASSED] - delay(1): Delayed 1 second(s)

2022-06-28 15:09:31 - [MESSAGE][PASSED] - Delayed 1 second(s)

2022-06-28 15:09:31 - [TEST_STEP][PASSED] - click(findTestObject("1. Constant/xpath", ["xpath":"//*[@id="source_" + refID + ""]/td[9]/div[2]/button"])): Object: 'Object Repository/1. Constant/xpath' is clicked on

2022-06-28 15:09:32 - [MESSAGE][PASSED] - Object: 'Object Repository/1. Constant/xpath' is clicked on

2022-06-28 15:09:32 - [TEST_STEP][PASSED] - delay(1): Delayed 1 second(s)

2022-06-28 15:09:33 - [MESSAGE][PASSED] - Delayed 1 second(s)

2022-06-28 15:09:33 - [TEST_STEP][PASSED] - click(findTestObject("1. Constant/xpath", ["xpath":"//*[@id="source_" + refID + ""]/td[9]/div[2]/div/a[3]"])): Object: 'Object Repository/1. Constant/xpath' is clicked on

2022-06-28 15:09:33 - [MESSAGE][PASSED] - Object: 'Object Repository/1. Constant/xpath' is clicked on

2022-06-28 15:09:33 - [TEST_STEP][PASSED] - delay(1): Delayed 1 second(s)

2022-06-28 15:09:34 - [MESSAGE][PASSED] - Delayed 1 second(s)

2022-06-28 15:09:34 - [TEST_STEP][PASSED] - takeScreenshot(): Taking screenshot successfully

2022-06-28 15:09:35 - [MESSAGE][PASSED] - Taking screenshot successfully
[[ATTACHMENT|D:\\Projet Test Auto\\Mediabox Test Automation\\Reports\\20220628_140216\\4618_TestStarpack\\TS\\02.TestStarPack Full Lifecycle _Change of Rights_SAS\\20220628_140217\\1656421774951.png]]

2022-06-28 15:09:35 - [TEST_STEP][PASSED] - delay(1): Delayed 1 second(s)

2022-06-28 15:09:36 - [MESSAGE][PASSED] - Delayed 1 second(s)

2022-06-28 15:09:36 - [TEST_STEP][PASSED] - click(findTestObject("1. Constant/xpath", ["xpath":"//*[@id="kt_body"]/div[9]/div/div/div[2]/button[2]"])): Object: 'Object Repository/1. Constant/xpath' is clicked on

2022-06-28 15:09:39 - [MESSAGE][PASSED] - Object: 'Object Repository/1. Constant/xpath' is clicked on

2022-06-28 15:09:39 - [TEST_STEP][PASSED] - delay(1): Delayed 1 second(s)

2022-06-28 15:09:40 - [MESSAGE][PASSED] - Delayed 1 second(s)

2022-06-28 15:09:40 - [TEST_STEP][PASSED] - click(findTestObject("1. Constant/xpath", ["xpath":"//*[@id="card_project"]/div[2]/div/div[3]/a[4]"])): Object: 'Object Repository/1. Constant/xpath' is clicked on

2022-06-28 15:09:48 - [MESSAGE][PASSED] - Object: 'Object Repository/1. Constant/xpath' is clicked on

2022-06-28 15:09:48 - [TEST_STEP][PASSED] - Expected_R2 = "Project closed.": null

2022-06-28 15:09:48 - [TEST_STEP][PASSED] - Actual_R2 = getText(findTestObject("1. Constant/xpath", ["xpath":"//*[@id="toast-container"]/div/div[2]"])): Text of object 'Object Repository/1. Constant/xpath' is: 'Project closed.'

2022-06-28 15:09:49 - [MESSAGE][PASSED] - Text of object 'Object Repository/1. Constant/xpath' is: 'Project closed.'

2022-06-28 15:09:49 - [TEST_STEP][PASSED] - verifyMatch(Actual_R2, Expected_R2, false): Actual text 'Project closed.' and expected text 'Project closed.' are matched 

2022-06-28 15:09:49 - [MESSAGE][PASSED] - Actual text 'Project closed.' and expected text 'Project closed.' are matched 

2022-06-28 15:09:49 - [TEST_STEP][PASSED] - closeBrowser(): Browser is closed

2022-06-28 15:09:50 - [MESSAGE][PASSED] - Browser is closed

2022-06-28 15:09:50 - [TEST_STEP][PASSED] - Start listener action : sampleAfterTestCase: null]]></system-out>
         <system-err><![CDATA[]]></system-err>
      </testcase>
      <system-out><![CDATA[2022-06-28 14:02:29 - [TEST_SUITE][PASSED] - 02.TestStarPack Full Lifecycle _Change of Rights_SAS: Test Cases/18. Tag Sephora Npp Starpack Task (Standard_ Question_ Prod)/18.05 StarPack change of rights (Prod)_Ticket4757]]></system-out>
      <system-err><![CDATA[]]></system-err>
   </testsuite>
</testsuites>
