<?xml version="1.0" encoding="UTF-8"?>
<testsuites name="14.06 Dreyers Support Action (Ongoing _ Completed ref) - PART 6" time="2729.584" tests="6" failures="0" errors="0">
   <testsuite name="14.06 Dreyers Support Action (Ongoing _ Completed ref) - PART 6" tests="6" failures="0" errors="0" time="2729.584" skipped="0" timestamp="2022-06-24 08:09:30" hostname="lamhe - DPF-MBI-VERIF.ad.sgsco.int" id="Test Suites/03. Parallel Testing (Testing)/TS -PT PART 3/14.06 Dreyers Support Action (Ongoing _ Completed ref) - PART 6">
      <properties>
         <property name="deviceName" value=""/>
         <property name="devicePlatform" value=""/>
         <property name="logFolder" value="D:\\Projet Test Auto\\Mediabox Test Automation\\Reports\\20220624_080915\\03. Parallel Testing (Testing)\\TS -PT PART 3\\14.06 Dreyers Support Action (Ongoing _ Completed ref) - PART 6\\20220624_080917"/>
         <property name="logFiles" value="D:\\Projet Test Auto\\Mediabox Test Automation\\Reports\\20220624_080915\\03. Parallel Testing (Testing)\\TS -PT PART 3\\14.06 Dreyers Support Action (Ongoing _ Completed ref) - PART 6\\20220624_080917\\execution0.log"/>
         <property name="attachments" value="D:\\Projet Test Auto\\Mediabox Test Automation\\Reports\\20220624_080915\\03. Parallel Testing (Testing)\\TS -PT PART 3\\14.06 Dreyers Support Action (Ongoing _ Completed ref) - PART 6\\20220624_080917\\1656051027170.png, D:\\Projet Test Auto\\Mediabox Test Automation\\Reports\\20220624_080915\\03. Parallel Testing (Testing)\\TS -PT PART 3\\14.06 Dreyers Support Action (Ongoing _ Completed ref) - PART 6\\20220624_080917\\1656051036350.png, D:\\Projet Test Auto\\Mediabox Test Automation\\Reports\\20220624_080915\\03. Parallel Testing (Testing)\\TS -PT PART 3\\14.06 Dreyers Support Action (Ongoing _ Completed ref) - PART 6\\20220624_080917\\1656051045785.png, D:\\Projet Test Auto\\Mediabox Test Automation\\Reports\\20220624_080915\\03. Parallel Testing (Testing)\\TS -PT PART 3\\14.06 Dreyers Support Action (Ongoing _ Completed ref) - PART 6\\20220624_080917\\1656051056084.png, D:\\Projet Test Auto\\Mediabox Test Automation\\Reports\\20220624_080915\\03. Parallel Testing (Testing)\\TS -PT PART 3\\14.06 Dreyers Support Action (Ongoing _ Completed ref) - PART 6\\20220624_080917\\1656051077493.png, D:\\Projet Test Auto\\Mediabox Test Automation\\Reports\\20220624_080915\\03. Parallel Testing (Testing)\\TS -PT PART 3\\14.06 Dreyers Support Action (Ongoing _ Completed ref) - PART 6\\20220624_080917\\1656051086694.png, D:\\Projet Test Auto\\Mediabox Test Automation\\Reports\\20220624_080915\\03. Parallel Testing (Testing)\\TS -PT PART 3\\14.06 Dreyers Support Action (Ongoing _ Completed ref) - PART 6\\20220624_080917\\1656051112818.png, D:\\Projet Test Auto\\Mediabox Test Automation\\Reports\\20220624_080915\\03. Parallel Testing (Testing)\\TS -PT PART 3\\14.06 Dreyers Support Action (Ongoing _ Completed ref) - PART 6\\20220624_080917\\1656051138920.png, D:\\Projet Test Auto\\Mediabox Test Automation\\Reports\\20220624_080915\\03. Parallel Testing (Testing)\\TS -PT PART 3\\14.06 Dreyers Support Action (Ongoing _ Completed ref) - PART 6\\20220624_080917\\1656051152106.png, D:\\Projet Test Auto\\Mediabox Test Automation\\Reports\\20220624_080915\\03. Parallel Testing (Testing)\\TS -PT PART 3\\14.06 Dreyers Support Action (Ongoing _ Completed ref) - PART 6\\20220624_080917\\1656051194604.png, D:\\Projet Test Auto\\Mediabox Test Automation\\Reports\\20220624_080915\\03. Parallel Testing (Testing)\\TS -PT PART 3\\14.06 Dreyers Support Action (Ongoing _ Completed ref) - PART 6\\20220624_080917\\1656051205320.png, D:\\Projet Test Auto\\Mediabox Test Automation\\Reports\\20220624_080915\\03. Parallel Testing (Testing)\\TS -PT PART 3\\14.06 Dreyers Support Action (Ongoing _ Completed ref) - PART 6\\20220624_080917\\1656051212907.png, D:\\Projet Test Auto\\Mediabox Test Automation\\Reports\\20220624_080915\\03. Parallel Testing (Testing)\\TS -PT PART 3\\14.06 Dreyers Support Action (Ongoing _ Completed ref) - PART 6\\20220624_080917\\1656051215192.png, D:\\Projet Test Auto\\Mediabox Test Automation\\Reports\\20220624_080915\\03. Parallel Testing (Testing)\\TS -PT PART 3\\14.06 Dreyers Support Action (Ongoing _ Completed ref) - PART 6\\20220624_080917\\1656051216819.png, D:\\Projet Test Auto\\Mediabox Test Automation\\Reports\\20220624_080915\\03. Parallel Testing (Testing)\\TS -PT PART 3\\14.06 Dreyers Support Action (Ongoing _ Completed ref) - PART 6\\20220624_080917\\1656051220921.png, D:\\Projet Test Auto\\Mediabox Test Automation\\Reports\\20220624_080915\\03. Parallel Testing (Testing)\\TS -PT PART 3\\14.06 Dreyers Support Action (Ongoing _ Completed ref) - PART 6\\20220624_080917\\1656051223277.png, D:\\Projet Test Auto\\Mediabox Test Automation\\Reports\\20220624_080915\\03. Parallel Testing (Testing)\\TS -PT PART 3\\14.06 Dreyers Support Action (Ongoing _ Completed ref) - PART 6\\20220624_080917\\1656051284713.png, D:\\Projet Test Auto\\Mediabox Test Automation\\Reports\\20220624_080915\\03. Parallel Testing (Testing)\\TS -PT PART 3\\14.06 Dreyers Support Action (Ongoing _ Completed ref) - PART 6\\20220624_080917\\1656051309985.png, D:\\Projet Test Auto\\Mediabox Test Automation\\Reports\\20220624_080915\\03. Parallel Testing (Testing)\\TS -PT PART 3\\14.06 Dreyers Support Action (Ongoing _ Completed ref) - PART 6\\20220624_080917\\1656051371149.png, D:\\Projet Test Auto\\Mediabox Test Automation\\Reports\\20220624_080915\\03. Parallel Testing (Testing)\\TS -PT PART 3\\14.06 Dreyers Support Action (Ongoing _ Completed ref) - PART 6\\20220624_080917\\1656051414803.png, D:\\Projet Test Auto\\Mediabox Test Automation\\Reports\\20220624_080915\\03. Parallel Testing (Testing)\\TS -PT PART 3\\14.06 Dreyers Support Action (Ongoing _ Completed ref) - PART 6\\20220624_080917\\1656051436107.png, D:\\Projet Test Auto\\Mediabox Test Automation\\Reports\\20220624_080915\\03. Parallel Testing (Testing)\\TS -PT PART 3\\14.06 Dreyers Support Action (Ongoing _ Completed ref) - PART 6\\20220624_080917\\1656051452961.png, D:\\Projet Test Auto\\Mediabox Test Automation\\Reports\\20220624_080915\\03. Parallel Testing (Testing)\\TS -PT PART 3\\14.06 Dreyers Support Action (Ongoing _ Completed ref) - PART 6\\20220624_080917\\1656051469270.png, D:\\Projet Test Auto\\Mediabox Test Automation\\Reports\\20220624_080915\\03. Parallel Testing (Testing)\\TS -PT PART 3\\14.06 Dreyers Support Action (Ongoing _ Completed ref) - PART 6\\20220624_080917\\1656051493710.png, D:\\Projet Test Auto\\Mediabox Test Automation\\Reports\\20220624_080915\\03. Parallel Testing (Testing)\\TS -PT PART 3\\14.06 Dreyers Support Action (Ongoing _ Completed ref) - PART 6\\20220624_080917\\1656051533235.png, D:\\Projet Test Auto\\Mediabox Test Automation\\Reports\\20220624_080915\\03. Parallel Testing (Testing)\\TS -PT PART 3\\14.06 Dreyers Support Action (Ongoing _ Completed ref) - PART 6\\20220624_080917\\1656051553434.png, D:\\Projet Test Auto\\Mediabox Test Automation\\Reports\\20220624_080915\\03. Parallel Testing (Testing)\\TS -PT PART 3\\14.06 Dreyers Support Action (Ongoing _ Completed ref) - PART 6\\20220624_080917\\1656051603686.png, D:\\Projet Test Auto\\Mediabox Test Automation\\Reports\\20220624_080915\\03. Parallel Testing (Testing)\\TS -PT PART 3\\14.06 Dreyers Support Action (Ongoing _ Completed ref) - PART 6\\20220624_080917\\1656051661863.png, D:\\Projet Test Auto\\Mediabox Test Automation\\Reports\\20220624_080915\\03. Parallel Testing (Testing)\\TS -PT PART 3\\14.06 Dreyers Support Action (Ongoing _ Completed ref) - PART 6\\20220624_080917\\1656051669001.png, D:\\Projet Test Auto\\Mediabox Test Automation\\Reports\\20220624_080915\\03. Parallel Testing (Testing)\\TS -PT PART 3\\14.06 Dreyers Support Action (Ongoing _ Completed ref) - PART 6\\20220624_080917\\1656051674255.png, D:\\Projet Test Auto\\Mediabox Test Automation\\Reports\\20220624_080915\\03. Parallel Testing (Testing)\\TS -PT PART 3\\14.06 Dreyers Support Action (Ongoing _ Completed ref) - PART 6\\20220624_080917\\1656051684793.png, D:\\Projet Test Auto\\Mediabox Test Automation\\Reports\\20220624_080915\\03. Parallel Testing (Testing)\\TS -PT PART 3\\14.06 Dreyers Support Action (Ongoing _ Completed ref) - PART 6\\20220624_080917\\1656051709949.png, D:\\Projet Test Auto\\Mediabox Test Automation\\Reports\\20220624_080915\\03. Parallel Testing (Testing)\\TS -PT PART 3\\14.06 Dreyers Support Action (Ongoing _ Completed ref) - PART 6\\20220624_080917\\1656051713034.png, D:\\Projet Test Auto\\Mediabox Test Automation\\Reports\\20220624_080915\\03. Parallel Testing (Testing)\\TS -PT PART 3\\14.06 Dreyers Support Action (Ongoing _ Completed ref) - PART 6\\20220624_080917\\1656051715186.png, D:\\Projet Test Auto\\Mediabox Test Automation\\Reports\\20220624_080915\\03. Parallel Testing (Testing)\\TS -PT PART 3\\14.06 Dreyers Support Action (Ongoing _ Completed ref) - PART 6\\20220624_080917\\1656051724108.png, D:\\Projet Test Auto\\Mediabox Test Automation\\Reports\\20220624_080915\\03. Parallel Testing (Testing)\\TS -PT PART 3\\14.06 Dreyers Support Action (Ongoing _ Completed ref) - PART 6\\20220624_080917\\1656051786946.png, D:\\Projet Test Auto\\Mediabox Test Automation\\Reports\\20220624_080915\\03. Parallel Testing (Testing)\\TS -PT PART 3\\14.06 Dreyers Support Action (Ongoing _ Completed ref) - PART 6\\20220624_080917\\1656051800940.png, D:\\Projet Test Auto\\Mediabox Test Automation\\Reports\\20220624_080915\\03. Parallel Testing (Testing)\\TS -PT PART 3\\14.06 Dreyers Support Action (Ongoing _ Completed ref) - PART 6\\20220624_080917\\1656051807189.png, D:\\Projet Test Auto\\Mediabox Test Automation\\Reports\\20220624_080915\\03. Parallel Testing (Testing)\\TS -PT PART 3\\14.06 Dreyers Support Action (Ongoing _ Completed ref) - PART 6\\20220624_080917\\1656051847131.png, D:\\Projet Test Auto\\Mediabox Test Automation\\Reports\\20220624_080915\\03. Parallel Testing (Testing)\\TS -PT PART 3\\14.06 Dreyers Support Action (Ongoing _ Completed ref) - PART 6\\20220624_080917\\1656051860317.png, D:\\Projet Test Auto\\Mediabox Test Automation\\Reports\\20220624_080915\\03. Parallel Testing (Testing)\\TS -PT PART 3\\14.06 Dreyers Support Action (Ongoing _ Completed ref) - PART 6\\20220624_080917\\1656051905088.png, D:\\Projet Test Auto\\Mediabox Test Automation\\Reports\\20220624_080915\\03. Parallel Testing (Testing)\\TS -PT PART 3\\14.06 Dreyers Support Action (Ongoing _ Completed ref) - PART 6\\20220624_080917\\1656051918415.png, D:\\Projet Test Auto\\Mediabox Test Automation\\Reports\\20220624_080915\\03. Parallel Testing (Testing)\\TS -PT PART 3\\14.06 Dreyers Support Action (Ongoing _ Completed ref) - PART 6\\20220624_080917\\1656051943354.png, D:\\Projet Test Auto\\Mediabox Test Automation\\Reports\\20220624_080915\\03. Parallel Testing (Testing)\\TS -PT PART 3\\14.06 Dreyers Support Action (Ongoing _ Completed ref) - PART 6\\20220624_080917\\1656051962979.png, D:\\Projet Test Auto\\Mediabox Test Automation\\Reports\\20220624_080915\\03. Parallel Testing (Testing)\\TS -PT PART 3\\14.06 Dreyers Support Action (Ongoing _ Completed ref) - PART 6\\20220624_080917\\1656051966741.png, D:\\Projet Test Auto\\Mediabox Test Automation\\Reports\\20220624_080915\\03. Parallel Testing (Testing)\\TS -PT PART 3\\14.06 Dreyers Support Action (Ongoing _ Completed ref) - PART 6\\20220624_080917\\1656052048331.png, D:\\Projet Test Auto\\Mediabox Test Automation\\Reports\\20220624_080915\\03. Parallel Testing (Testing)\\TS -PT PART 3\\14.06 Dreyers Support Action (Ongoing _ Completed ref) - PART 6\\20220624_080917\\1656052058303.png, D:\\Projet Test Auto\\Mediabox Test Automation\\Reports\\20220624_080915\\03. Parallel Testing (Testing)\\TS -PT PART 3\\14.06 Dreyers Support Action (Ongoing _ Completed ref) - PART 6\\20220624_080917\\1656052062473.png, D:\\Projet Test Auto\\Mediabox Test Automation\\Reports\\20220624_080915\\03. Parallel Testing (Testing)\\TS -PT PART 3\\14.06 Dreyers Support Action (Ongoing _ Completed ref) - PART 6\\20220624_080917\\1656052073955.png, D:\\Projet Test Auto\\Mediabox Test Automation\\Reports\\20220624_080915\\03. Parallel Testing (Testing)\\TS -PT PART 3\\14.06 Dreyers Support Action (Ongoing _ Completed ref) - PART 6\\20220624_080917\\1656052096164.png, D:\\Projet Test Auto\\Mediabox Test Automation\\Reports\\20220624_080915\\03. Parallel Testing (Testing)\\TS -PT PART 3\\14.06 Dreyers Support Action (Ongoing _ Completed ref) - PART 6\\20220624_080917\\1656052098166.png, D:\\Projet Test Auto\\Mediabox Test Automation\\Reports\\20220624_080915\\03. Parallel Testing (Testing)\\TS -PT PART 3\\14.06 Dreyers Support Action (Ongoing _ Completed ref) - PART 6\\20220624_080917\\1656052108095.png, D:\\Projet Test Auto\\Mediabox Test Automation\\Reports\\20220624_080915\\03. Parallel Testing (Testing)\\TS -PT PART 3\\14.06 Dreyers Support Action (Ongoing _ Completed ref) - PART 6\\20220624_080917\\1656052160864.png, D:\\Projet Test Auto\\Mediabox Test Automation\\Reports\\20220624_080915\\03. Parallel Testing (Testing)\\TS -PT PART 3\\14.06 Dreyers Support Action (Ongoing _ Completed ref) - PART 6\\20220624_080917\\1656052177445.png, D:\\Projet Test Auto\\Mediabox Test Automation\\Reports\\20220624_080915\\03. Parallel Testing (Testing)\\TS -PT PART 3\\14.06 Dreyers Support Action (Ongoing _ Completed ref) - PART 6\\20220624_080917\\1656052195456.png, D:\\Projet Test Auto\\Mediabox Test Automation\\Reports\\20220624_080915\\03. Parallel Testing (Testing)\\TS -PT PART 3\\14.06 Dreyers Support Action (Ongoing _ Completed ref) - PART 6\\20220624_080917\\1656052245905.png, D:\\Projet Test Auto\\Mediabox Test Automation\\Reports\\20220624_080915\\03. Parallel Testing (Testing)\\TS -PT PART 3\\14.06 Dreyers Support Action (Ongoing _ Completed ref) - PART 6\\20220624_080917\\1656052306992.png, D:\\Projet Test Auto\\Mediabox Test Automation\\Reports\\20220624_080915\\03. Parallel Testing (Testing)\\TS -PT PART 3\\14.06 Dreyers Support Action (Ongoing _ Completed ref) - PART 6\\20220624_080917\\1656052333773.png, D:\\Projet Test Auto\\Mediabox Test Automation\\Reports\\20220624_080915\\03. Parallel Testing (Testing)\\TS -PT PART 3\\14.06 Dreyers Support Action (Ongoing _ Completed ref) - PART 6\\20220624_080917\\1656052352072.png, D:\\Projet Test Auto\\Mediabox Test Automation\\Reports\\20220624_080915\\03. Parallel Testing (Testing)\\TS -PT PART 3\\14.06 Dreyers Support Action (Ongoing _ Completed ref) - PART 6\\20220624_080917\\1656052355024.png, D:\\Projet Test Auto\\Mediabox Test Automation\\Reports\\20220624_080915\\03. Parallel Testing (Testing)\\TS -PT PART 3\\14.06 Dreyers Support Action (Ongoing _ Completed ref) - PART 6\\20220624_080917\\1656052433680.png, D:\\Projet Test Auto\\Mediabox Test Automation\\Reports\\20220624_080915\\03. Parallel Testing (Testing)\\TS -PT PART 3\\14.06 Dreyers Support Action (Ongoing _ Completed ref) - PART 6\\20220624_080917\\1656052447466.png, D:\\Projet Test Auto\\Mediabox Test Automation\\Reports\\20220624_080915\\03. Parallel Testing (Testing)\\TS -PT PART 3\\14.06 Dreyers Support Action (Ongoing _ Completed ref) - PART 6\\20220624_080917\\1656052452072.png, D:\\Projet Test Auto\\Mediabox Test Automation\\Reports\\20220624_080915\\03. Parallel Testing (Testing)\\TS -PT PART 3\\14.06 Dreyers Support Action (Ongoing _ Completed ref) - PART 6\\20220624_080917\\1656052467899.png, D:\\Projet Test Auto\\Mediabox Test Automation\\Reports\\20220624_080915\\03. Parallel Testing (Testing)\\TS -PT PART 3\\14.06 Dreyers Support Action (Ongoing _ Completed ref) - PART 6\\20220624_080917\\1656052487337.png, D:\\Projet Test Auto\\Mediabox Test Automation\\Reports\\20220624_080915\\03. Parallel Testing (Testing)\\TS -PT PART 3\\14.06 Dreyers Support Action (Ongoing _ Completed ref) - PART 6\\20220624_080917\\1656052495195.png, D:\\Projet Test Auto\\Mediabox Test Automation\\Reports\\20220624_080915\\03. Parallel Testing (Testing)\\TS -PT PART 3\\14.06 Dreyers Support Action (Ongoing _ Completed ref) - PART 6\\20220624_080917\\1656052521961.png, D:\\Projet Test Auto\\Mediabox Test Automation\\Reports\\20220624_080915\\03. Parallel Testing (Testing)\\TS -PT PART 3\\14.06 Dreyers Support Action (Ongoing _ Completed ref) - PART 6\\20220624_080917\\1656052545962.png, D:\\Projet Test Auto\\Mediabox Test Automation\\Reports\\20220624_080915\\03. Parallel Testing (Testing)\\TS -PT PART 3\\14.06 Dreyers Support Action (Ongoing _ Completed ref) - PART 6\\20220624_080917\\1656052553140.png, D:\\Projet Test Auto\\Mediabox Test Automation\\Reports\\20220624_080915\\03. Parallel Testing (Testing)\\TS -PT PART 3\\14.06 Dreyers Support Action (Ongoing _ Completed ref) - PART 6\\20220624_080917\\1656052584861.png, D:\\Projet Test Auto\\Mediabox Test Automation\\Reports\\20220624_080915\\03. Parallel Testing (Testing)\\TS -PT PART 3\\14.06 Dreyers Support Action (Ongoing _ Completed ref) - PART 6\\20220624_080917\\1656052596875.png, D:\\Projet Test Auto\\Mediabox Test Automation\\Reports\\20220624_080915\\03. Parallel Testing (Testing)\\TS -PT PART 3\\14.06 Dreyers Support Action (Ongoing _ Completed ref) - PART 6\\20220624_080917\\1656052608806.png, D:\\Projet Test Auto\\Mediabox Test Automation\\Reports\\20220624_080915\\03. Parallel Testing (Testing)\\TS -PT PART 3\\14.06 Dreyers Support Action (Ongoing _ Completed ref) - PART 6\\20220624_080917\\1656052610832.png, D:\\Projet Test Auto\\Mediabox Test Automation\\Reports\\20220624_080915\\03. Parallel Testing (Testing)\\TS -PT PART 3\\14.06 Dreyers Support Action (Ongoing _ Completed ref) - PART 6\\20220624_080917\\1656052613761.png, D:\\Projet Test Auto\\Mediabox Test Automation\\Reports\\20220624_080915\\03. Parallel Testing (Testing)\\TS -PT PART 3\\14.06 Dreyers Support Action (Ongoing _ Completed ref) - PART 6\\20220624_080917\\1656052619464.png, D:\\Projet Test Auto\\Mediabox Test Automation\\Reports\\20220624_080915\\03. Parallel Testing (Testing)\\TS -PT PART 3\\14.06 Dreyers Support Action (Ongoing _ Completed ref) - PART 6\\20220624_080917\\1656052621683.png, D:\\Projet Test Auto\\Mediabox Test Automation\\Reports\\20220624_080915\\03. Parallel Testing (Testing)\\TS -PT PART 3\\14.06 Dreyers Support Action (Ongoing _ Completed ref) - PART 6\\20220624_080917\\1656052673792.png, D:\\Projet Test Auto\\Mediabox Test Automation\\Reports\\20220624_080915\\03. Parallel Testing (Testing)\\TS -PT PART 3\\14.06 Dreyers Support Action (Ongoing _ Completed ref) - PART 6\\20220624_080917\\1656052701367.png, D:\\Projet Test Auto\\Mediabox Test Automation\\Reports\\20220624_080915\\03. Parallel Testing (Testing)\\TS -PT PART 3\\14.06 Dreyers Support Action (Ongoing _ Completed ref) - PART 6\\20220624_080917\\1656052757305.png, D:\\Projet Test Auto\\Mediabox Test Automation\\Reports\\20220624_080915\\03. Parallel Testing (Testing)\\TS -PT PART 3\\14.06 Dreyers Support Action (Ongoing _ Completed ref) - PART 6\\20220624_080917\\1656052787696.png, D:\\Projet Test Auto\\Mediabox Test Automation\\Reports\\20220624_080915\\03. Parallel Testing (Testing)\\TS -PT PART 3\\14.06 Dreyers Support Action (Ongoing _ Completed ref) - PART 6\\20220624_080917\\1656052831920.png, D:\\Projet Test Auto\\Mediabox Test Automation\\Reports\\20220624_080915\\03. Parallel Testing (Testing)\\TS -PT PART 3\\14.06 Dreyers Support Action (Ongoing _ Completed ref) - PART 6\\20220624_080917\\1656052853155.png, D:\\Projet Test Auto\\Mediabox Test Automation\\Reports\\20220624_080915\\03. Parallel Testing (Testing)\\TS -PT PART 3\\14.06 Dreyers Support Action (Ongoing _ Completed ref) - PART 6\\20220624_080917\\1656052904614.png, D:\\Projet Test Auto\\Mediabox Test Automation\\Reports\\20220624_080915\\03. Parallel Testing (Testing)\\TS -PT PART 3\\14.06 Dreyers Support Action (Ongoing _ Completed ref) - PART 6\\20220624_080917\\1656052945443.png, D:\\Projet Test Auto\\Mediabox Test Automation\\Reports\\20220624_080915\\03. Parallel Testing (Testing)\\TS -PT PART 3\\14.06 Dreyers Support Action (Ongoing _ Completed ref) - PART 6\\20220624_080917\\1656052957914.png, D:\\Projet Test Auto\\Mediabox Test Automation\\Reports\\20220624_080915\\03. Parallel Testing (Testing)\\TS -PT PART 3\\14.06 Dreyers Support Action (Ongoing _ Completed ref) - PART 6\\20220624_080917\\1656052983955.png, D:\\Projet Test Auto\\Mediabox Test Automation\\Reports\\20220624_080915\\03. Parallel Testing (Testing)\\TS -PT PART 3\\14.06 Dreyers Support Action (Ongoing _ Completed ref) - PART 6\\20220624_080917\\1656053050586.png, D:\\Projet Test Auto\\Mediabox Test Automation\\Reports\\20220624_080915\\03. Parallel Testing (Testing)\\TS -PT PART 3\\14.06 Dreyers Support Action (Ongoing _ Completed ref) - PART 6\\20220624_080917\\1656053089506.png, D:\\Projet Test Auto\\Mediabox Test Automation\\Reports\\20220624_080915\\03. Parallel Testing (Testing)\\TS -PT PART 3\\14.06 Dreyers Support Action (Ongoing _ Completed ref) - PART 6\\20220624_080917\\1656053133191.png, D:\\Projet Test Auto\\Mediabox Test Automation\\Reports\\20220624_080915\\03. Parallel Testing (Testing)\\TS -PT PART 3\\14.06 Dreyers Support Action (Ongoing _ Completed ref) - PART 6\\20220624_080917\\1656053140064.png, D:\\Projet Test Auto\\Mediabox Test Automation\\Reports\\20220624_080915\\03. Parallel Testing (Testing)\\TS -PT PART 3\\14.06 Dreyers Support Action (Ongoing _ Completed ref) - PART 6\\20220624_080917\\1656053144809.png, D:\\Projet Test Auto\\Mediabox Test Automation\\Reports\\20220624_080915\\03. Parallel Testing (Testing)\\TS -PT PART 3\\14.06 Dreyers Support Action (Ongoing _ Completed ref) - PART 6\\20220624_080917\\1656053154737.png, D:\\Projet Test Auto\\Mediabox Test Automation\\Reports\\20220624_080915\\03. Parallel Testing (Testing)\\TS -PT PART 3\\14.06 Dreyers Support Action (Ongoing _ Completed ref) - PART 6\\20220624_080917\\1656053175340.png, D:\\Projet Test Auto\\Mediabox Test Automation\\Reports\\20220624_080915\\03. Parallel Testing (Testing)\\TS -PT PART 3\\14.06 Dreyers Support Action (Ongoing _ Completed ref) - PART 6\\20220624_080917\\1656053182218.png, D:\\Projet Test Auto\\Mediabox Test Automation\\Reports\\20220624_080915\\03. Parallel Testing (Testing)\\TS -PT PART 3\\14.06 Dreyers Support Action (Ongoing _ Completed ref) - PART 6\\20220624_080917\\1656053206014.png, D:\\Projet Test Auto\\Mediabox Test Automation\\Reports\\20220624_080915\\03. Parallel Testing (Testing)\\TS -PT PART 3\\14.06 Dreyers Support Action (Ongoing _ Completed ref) - PART 6\\20220624_080917\\1656053226673.png, D:\\Projet Test Auto\\Mediabox Test Automation\\Reports\\20220624_080915\\03. Parallel Testing (Testing)\\TS -PT PART 3\\14.06 Dreyers Support Action (Ongoing _ Completed ref) - PART 6\\20220624_080917\\1656053230488.png, D:\\Projet Test Auto\\Mediabox Test Automation\\Reports\\20220624_080915\\03. Parallel Testing (Testing)\\TS -PT PART 3\\14.06 Dreyers Support Action (Ongoing _ Completed ref) - PART 6\\20220624_080917\\1656053255588.png, D:\\Projet Test Auto\\Mediabox Test Automation\\Reports\\20220624_080915\\03. Parallel Testing (Testing)\\TS -PT PART 3\\14.06 Dreyers Support Action (Ongoing _ Completed ref) - PART 6\\20220624_080917\\1656053266040.png, D:\\Projet Test Auto\\Mediabox Test Automation\\Reports\\20220624_080915\\03. Parallel Testing (Testing)\\TS -PT PART 3\\14.06 Dreyers Support Action (Ongoing _ Completed ref) - PART 6\\20220624_080917\\1656053282113.png, D:\\Projet Test Auto\\Mediabox Test Automation\\Reports\\20220624_080915\\03. Parallel Testing (Testing)\\TS -PT PART 3\\14.06 Dreyers Support Action (Ongoing _ Completed ref) - PART 6\\20220624_080917\\1656053284731.png, D:\\Projet Test Auto\\Mediabox Test Automation\\Reports\\20220624_080915\\03. Parallel Testing (Testing)\\TS -PT PART 3\\14.06 Dreyers Support Action (Ongoing _ Completed ref) - PART 6\\20220624_080917\\1656053299701.png, D:\\Projet Test Auto\\Mediabox Test Automation\\Reports\\20220624_080915\\03. Parallel Testing (Testing)\\TS -PT PART 3\\14.06 Dreyers Support Action (Ongoing _ Completed ref) - PART 6\\20220624_080917\\1656053320687.png, D:\\Projet Test Auto\\Mediabox Test Automation\\Reports\\20220624_080915\\03. Parallel Testing (Testing)\\TS -PT PART 3\\14.06 Dreyers Support Action (Ongoing _ Completed ref) - PART 6\\20220624_080917\\1656053342101.png, D:\\Projet Test Auto\\Mediabox Test Automation\\Reports\\20220624_080915\\03. Parallel Testing (Testing)\\TS -PT PART 3\\14.06 Dreyers Support Action (Ongoing _ Completed ref) - PART 6\\20220624_080917\\1656053361058.png, D:\\Projet Test Auto\\Mediabox Test Automation\\Reports\\20220624_080915\\03. Parallel Testing (Testing)\\TS -PT PART 3\\14.06 Dreyers Support Action (Ongoing _ Completed ref) - PART 6\\20220624_080917\\1656053409275.png, D:\\Projet Test Auto\\Mediabox Test Automation\\Reports\\20220624_080915\\03. Parallel Testing (Testing)\\TS -PT PART 3\\14.06 Dreyers Support Action (Ongoing _ Completed ref) - PART 6\\20220624_080917\\1656053418191.png, D:\\Projet Test Auto\\Mediabox Test Automation\\Reports\\20220624_080915\\03. Parallel Testing (Testing)\\TS -PT PART 3\\14.06 Dreyers Support Action (Ongoing _ Completed ref) - PART 6\\20220624_080917\\1656053422308.png, D:\\Projet Test Auto\\Mediabox Test Automation\\Reports\\20220624_080915\\03. Parallel Testing (Testing)\\TS -PT PART 3\\14.06 Dreyers Support Action (Ongoing _ Completed ref) - PART 6\\20220624_080917\\1656053433910.png, D:\\Projet Test Auto\\Mediabox Test Automation\\Reports\\20220624_080915\\03. Parallel Testing (Testing)\\TS -PT PART 3\\14.06 Dreyers Support Action (Ongoing _ Completed ref) - PART 6\\20220624_080917\\1656053458166.png, D:\\Projet Test Auto\\Mediabox Test Automation\\Reports\\20220624_080915\\03. Parallel Testing (Testing)\\TS -PT PART 3\\14.06 Dreyers Support Action (Ongoing _ Completed ref) - PART 6\\20220624_080917\\1656053467896.png, D:\\Projet Test Auto\\Mediabox Test Automation\\Reports\\20220624_080915\\03. Parallel Testing (Testing)\\TS -PT PART 3\\14.06 Dreyers Support Action (Ongoing _ Completed ref) - PART 6\\20220624_080917\\1656053492307.png, D:\\Projet Test Auto\\Mediabox Test Automation\\Reports\\20220624_080915\\03. Parallel Testing (Testing)\\TS -PT PART 3\\14.06 Dreyers Support Action (Ongoing _ Completed ref) - PART 6\\20220624_080917\\1656053510955.png, D:\\Projet Test Auto\\Mediabox Test Automation\\Reports\\20220624_080915\\03. Parallel Testing (Testing)\\TS -PT PART 3\\14.06 Dreyers Support Action (Ongoing _ Completed ref) - PART 6\\20220624_080917\\1656053516119.png, D:\\Projet Test Auto\\Mediabox Test Automation\\Reports\\20220624_080915\\03. Parallel Testing (Testing)\\TS -PT PART 3\\14.06 Dreyers Support Action (Ongoing _ Completed ref) - PART 6\\20220624_080917\\1656053549258.png, D:\\Projet Test Auto\\Mediabox Test Automation\\Reports\\20220624_080915\\03. Parallel Testing (Testing)\\TS -PT PART 3\\14.06 Dreyers Support Action (Ongoing _ Completed ref) - PART 6\\20220624_080917\\1656053564010.png, D:\\Projet Test Auto\\Mediabox Test Automation\\Reports\\20220624_080915\\03. Parallel Testing (Testing)\\TS -PT PART 3\\14.06 Dreyers Support Action (Ongoing _ Completed ref) - PART 6\\20220624_080917\\1656053571174.png, D:\\Projet Test Auto\\Mediabox Test Automation\\Reports\\20220624_080915\\03. Parallel Testing (Testing)\\TS -PT PART 3\\14.06 Dreyers Support Action (Ongoing _ Completed ref) - PART 6\\20220624_080917\\1656053599835.png, D:\\Projet Test Auto\\Mediabox Test Automation\\Reports\\20220624_080915\\03. Parallel Testing (Testing)\\TS -PT PART 3\\14.06 Dreyers Support Action (Ongoing _ Completed ref) - PART 6\\20220624_080917\\1656053601138.png, D:\\Projet Test Auto\\Mediabox Test Automation\\Reports\\20220624_080915\\03. Parallel Testing (Testing)\\TS -PT PART 3\\14.06 Dreyers Support Action (Ongoing _ Completed ref) - PART 6\\20220624_080917\\1656053602757.png, D:\\Projet Test Auto\\Mediabox Test Automation\\Reports\\20220624_080915\\03. Parallel Testing (Testing)\\TS -PT PART 3\\14.06 Dreyers Support Action (Ongoing _ Completed ref) - PART 6\\20220624_080917\\1656053605492.png, D:\\Projet Test Auto\\Mediabox Test Automation\\Reports\\20220624_080915\\03. Parallel Testing (Testing)\\TS -PT PART 3\\14.06 Dreyers Support Action (Ongoing _ Completed ref) - PART 6\\20220624_080917\\1656053609421.png, D:\\Projet Test Auto\\Mediabox Test Automation\\Reports\\20220624_080915\\03. Parallel Testing (Testing)\\TS -PT PART 3\\14.06 Dreyers Support Action (Ongoing _ Completed ref) - PART 6\\20220624_080917\\1656053614853.png, D:\\Projet Test Auto\\Mediabox Test Automation\\Reports\\20220624_080915\\03. Parallel Testing (Testing)\\TS -PT PART 3\\14.06 Dreyers Support Action (Ongoing _ Completed ref) - PART 6\\20220624_080917\\1656053634605.png, D:\\Projet Test Auto\\Mediabox Test Automation\\Reports\\20220624_080915\\03. Parallel Testing (Testing)\\TS -PT PART 3\\14.06 Dreyers Support Action (Ongoing _ Completed ref) - PART 6\\20220624_080917\\1656053689246.png"/>
         <property name="hostName" value="lamhe - DPF-MBI-VERIF.ad.sgsco.int"/>
         <property name="os" value="Windows 10 64bit"/>
         <property name="katalonVersion" value="8.3.0.208"/>
         <property name="browser" value="Chrome 102.0.5005.115"/>
         <property name="hostAddress" value="10.15.10.53"/>
         <property name="sessionId" value="c48ff9b7b146ff990eb4e0a5f9627684"/>
         <property name="seleniumVersion" value="3.141.59"/>
         <property name="proxyInformation" value="ProxyInformation { proxyOption=NO_PROXY, proxyServerType=HTTP, username=, password=********, proxyServerAddress=, proxyServerPort=0, executionList=&quot;&quot;, isApplyToDesiredCapabilities=true }"/>
         <property name="platform" value="Windows 10"/>
      </properties>
      <testcase name="Test Cases/19. Dreyers Support Action (Ongoing ref_completed)/19.34 Dreyers SAS Add Phase (Ongoing ref) S42 - P34" time="636.66" classname="Test Cases/19. Dreyers Support Action (Ongoing ref_completed)/19.34 Dreyers SAS Add Phase (Ongoing ref) S42 - P34" status="PASSED">
         <system-out><![CDATA[2022-06-24 08:09:31 - [TEST_CASE][PASSED] - Test Cases/19. Dreyers Support Action (Ongoing ref_completed)/19.34 Dreyers SAS Add Phase (Ongoing ref) S42 - P34: Test Cases/19. Dreyers Support Action (Ongoing ref_completed)/19.34 Dreyers SAS Add Phase (Ongoing ref) S42 - P34

2022-06-24 08:09:33 - [TEST_STEP][PASSED] - data_Dreyers = findTestData("Data Files/Username_Password/Dreyer"): null

2022-06-24 08:09:33 - [TEST_STEP][PASSED] - password_suser = data_Dreyers.getValue(2, 1): null

2022-06-24 08:09:33 - [TEST_STEP][PASSED] - password_blemco = data_Dreyers.getValue(2, 2): null

2022-06-24 08:09:33 - [TEST_STEP][PASSED] - password_lmary = data_Dreyers.getValue(2, 13): null

2022-06-24 08:09:33 - [TEST_STEP][PASSED] - data_urlRELAUTO = findTestData("Data Files/URL/URL_relauto"): null

2022-06-24 08:09:33 - [TEST_STEP][PASSED] - Url_Dreyer = data_urlRELAUTO.getValue(2, 4): null

2022-06-24 08:09:33 - [TEST_STEP][PASSED] - Project_No = I.readnotepad("D:\Upoad_File\Projet_ Login\Dreyers\19.1\19.1_Dreyers_ProjectNo.txt"): null

2022-06-24 08:09:33 - [TEST_STEP][PASSED] - refID = I.readnotepad("D:\Upoad_File\Projet_ Login\Dreyers\19.1\19.1_Dreyers_refID.txt"): null

2022-06-24 08:09:33 - [TEST_STEP][PASSED] - openBrowser(Url_Dreyer): Browser is opened with url: 'http://mdb-release.diadeis.lan/MediaboxIndependence/?MBI_datasource=RELTESTAUTO_DREYERS'

2022-06-24 08:09:34 - [MESSAGE][INFO] - Starting 'Chrome (headless)' driver

2022-06-24 08:09:34 - [MESSAGE][INFO] - User set preference: ['args', '[--window-size=1920,1080, --headless]']

2022-06-24 08:09:34 - [MESSAGE][INFO] - Action delay is set to 0 milliseconds

2022-06-24 08:09:47 - [MESSAGE][PASSED] - Browser is opened with url: 'http://mdb-release.diadeis.lan/MediaboxIndependence/?MBI_datasource=RELTESTAUTO_DREYERS'

2022-06-24 08:09:47 - [TEST_STEP][PASSED] - maximizeWindow(): Current window maximized

2022-06-24 08:09:48 - [MESSAGE][PASSED] - Current window maximized

2022-06-24 08:09:48 - [TEST_STEP][PASSED] - I.Login_password("suser", password_suser): Object: 'Object Repository/1. Constant/xpath' is clicked on

2022-06-24 08:09:49 - [MESSAGE][PASSED] - Text 'suser' is set on object 'Object Repository/1. Constant/xpath'

2022-06-24 08:09:50 - [MESSAGE][PASSED] - Delayed 1 second(s)

2022-06-24 08:09:50 - [MESSAGE][PASSED] - Text 'diadeis' is set on object 'Object Repository/1. Constant/xpath'

2022-06-24 08:09:51 - [MESSAGE][PASSED] - Delayed 1 second(s)

2022-06-24 08:10:05 - [MESSAGE][PASSED] - Object: 'Object Repository/1. Constant/xpath' is clicked on

2022-06-24 08:10:05 - [TEST_STEP][PASSED] - click(findTestObject("1. Constant/02_LHSMenu_Projects")): Object: 'Object Repository/1. Constant/02_LHSMenu_Projects' is clicked on

2022-06-24 08:10:08 - [MESSAGE][PASSED] - Object: 'Object Repository/1. Constant/02_LHSMenu_Projects' is clicked on

2022-06-24 08:10:08 - [TEST_STEP][PASSED] - I.SearchProjectNo_xpath(Project_No, "//*[@id="keynum_project"]", "//*[@id="form_filters"]/div[4]/button"): Delayed 5 second(s)

2022-06-24 08:10:09 - [MESSAGE][PASSED] - Delayed 1 second(s)

2022-06-24 08:10:11 - [MESSAGE][PASSED] - Text 'MI000883' is set on object 'Object Repository/1. Constant/xpath'

2022-06-24 08:10:14 - [MESSAGE][PASSED] - Delayed 3 second(s)

2022-06-24 08:10:14 - [MESSAGE][PASSED] - Scroll to object 'Object Repository/1. Constant/xpath' successfully

2022-06-24 08:10:21 - [MESSAGE][PASSED] - Object: 'Object Repository/1. Constant/xpath' is clicked on

2022-06-24 08:10:26 - [MESSAGE][PASSED] - Delayed 5 second(s)

2022-06-24 08:10:26 - [TEST_STEP][PASSED] - takeScreenshot(): Taking screenshot successfully

2022-06-24 08:10:27 - [MESSAGE][PASSED] - Taking screenshot successfully
[[ATTACHMENT|D:\\Projet Test Auto\\Mediabox Test Automation\\Reports\\20220624_080915\\03. Parallel Testing (Testing)\\TS -PT PART 3\\14.06 Dreyers Support Action (Ongoing _ Completed ref) - PART 6\\20220624_080917\\1656051027170.png]]

2022-06-24 08:10:27 - [TEST_STEP][PASSED] - click(findTestObject("1. Constant/xpath", ["xpath":"//*[@id="create_ref_btn"]/button"])): Object: 'Object Repository/1. Constant/xpath' is clicked on

2022-06-24 08:10:28 - [MESSAGE][PASSED] - Object: 'Object Repository/1. Constant/xpath' is clicked on

2022-06-24 08:10:28 - [TEST_STEP][PASSED] - delay(1): Delayed 1 second(s)

2022-06-24 08:10:29 - [MESSAGE][PASSED] - Delayed 1 second(s)

2022-06-24 08:10:29 - [TEST_STEP][PASSED] - click(findTestObject("1. Constant/xpath", ["xpath":"//*[@id="create_ref_btn"]/div/a"])): Object: 'Object Repository/1. Constant/xpath' is clicked on

2022-06-24 08:10:32 - [MESSAGE][PASSED] - Object: 'Object Repository/1. Constant/xpath' is clicked on

2022-06-24 08:10:32 - [TEST_STEP][PASSED] - delay(1): Delayed 1 second(s)

2022-06-24 08:10:33 - [MESSAGE][PASSED] - Delayed 1 second(s)

2022-06-24 08:10:33 - [TEST_STEP][PASSED] - selectOptionByValue(findTestObject("1. Constant/xpath", ["xpath":"//*[@id="lfc_tpl"]"]), "36", false): All options with value '36' are selected in object 'Object Repository/1. Constant/xpath' 

2022-06-24 08:10:34 - [MESSAGE][PASSED] - All options with value '36' are selected in object 'Object Repository/1. Constant/xpath' 

2022-06-24 08:10:34 - [TEST_STEP][PASSED] - ref_name = "P34_Auto_SAS_S42_" + RandomStringUtils.randomAlphanumeric(5) + I.gettimedate(): null

2022-06-24 08:10:34 - [TEST_STEP][PASSED] - delay(1): Delayed 1 second(s)

2022-06-24 08:10:35 - [MESSAGE][PASSED] - Delayed 1 second(s)

2022-06-24 08:10:35 - [TEST_STEP][PASSED] - setText(findTestObject("1. Constant/xpath", ["xpath":"//*[@id="var_name"]"]), ref_name): Text 'P34_Auto_SAS_S42_U3ZQijuin242022_081034' is set on object 'Object Repository/1. Constant/xpath'

2022-06-24 08:10:36 - [MESSAGE][PASSED] - Text 'P34_Auto_SAS_S42_U3ZQijuin242022_081034' is set on object 'Object Repository/1. Constant/xpath'

2022-06-24 08:10:36 - [TEST_STEP][PASSED] - takeScreenshot(): Taking screenshot successfully

2022-06-24 08:10:36 - [MESSAGE][PASSED] - Taking screenshot successfully
[[ATTACHMENT|D:\\Projet Test Auto\\Mediabox Test Automation\\Reports\\20220624_080915\\03. Parallel Testing (Testing)\\TS -PT PART 3\\14.06 Dreyers Support Action (Ongoing _ Completed ref) - PART 6\\20220624_080917\\1656051036350.png]]

2022-06-24 08:10:36 - [TEST_STEP][PASSED] - click(findTestObject("1. Constant/xpath", ["xpath":"//*[@id="createRefBottom"]"])): Object: 'Object Repository/1. Constant/xpath' is clicked on

2022-06-24 08:10:44 - [MESSAGE][PASSED] - Object: 'Object Repository/1. Constant/xpath' is clicked on

2022-06-24 08:10:44 - [TEST_STEP][PASSED] - delay(1): Delayed 1 second(s)

2022-06-24 08:10:45 - [MESSAGE][PASSED] - Delayed 1 second(s)

2022-06-24 08:10:45 - [TEST_STEP][PASSED] - takeScreenshot(): Taking screenshot successfully

2022-06-24 08:10:46 - [MESSAGE][PASSED] - Taking screenshot successfully
[[ATTACHMENT|D:\\Projet Test Auto\\Mediabox Test Automation\\Reports\\20220624_080915\\03. Parallel Testing (Testing)\\TS -PT PART 3\\14.06 Dreyers Support Action (Ongoing _ Completed ref) - PART 6\\20220624_080917\\1656051045785.png]]

2022-06-24 08:10:46 - [TEST_STEP][PASSED] - refID34 = I.RefID(): Current window's url is: 'http://mdb-release.diadeis.lan/MediaboxIndependence/Base/ExecAction?IDSession=MBI%21RELTESTAUTO_DREYERS%21RPUXAXAJSOI7D9F7Y7JNUTPZJ1OBPW9B0Q627ZPW&default_action=ModifierRef&id_project=MI000883&id_ref=5340&action_from=create_ref'

2022-06-24 08:10:51 - [MESSAGE][PASSED] - Delayed 5 second(s)

2022-06-24 08:10:51 - [MESSAGE][PASSED] - Current window's url is: 'http://mdb-release.diadeis.lan/MediaboxIndependence/Base/ExecAction?IDSession=MBI%21RELTESTAUTO_DREYERS%21RPUXAXAJSOI7D9F7Y7JNUTPZJ1OBPW9B0Q627ZPW&default_action=ModifierRef&id_project=MI000883&id_ref=5340&action_from=create_ref'

2022-06-24 08:10:51 - [TEST_STEP][PASSED] - I.print("refID" + refID34): null

2022-06-24 08:10:51 - [TEST_STEP][PASSED] - click(findTestObject("1. Constant/xpath", ["xpath":"//*[@id="type_save"]"])): Object: 'Object Repository/1. Constant/xpath' is clicked on

2022-06-24 08:10:55 - [MESSAGE][PASSED] - Object: 'Object Repository/1. Constant/xpath' is clicked on

2022-06-24 08:10:55 - [TEST_STEP][PASSED] - takeScreenshot(): Taking screenshot successfully

2022-06-24 08:10:56 - [MESSAGE][PASSED] - Taking screenshot successfully
[[ATTACHMENT|D:\\Projet Test Auto\\Mediabox Test Automation\\Reports\\20220624_080915\\03. Parallel Testing (Testing)\\TS -PT PART 3\\14.06 Dreyers Support Action (Ongoing _ Completed ref) - PART 6\\20220624_080917\\1656051056084.png]]

2022-06-24 08:10:56 - [TEST_STEP][PASSED] - delay(1): Delayed 1 second(s)

2022-06-24 08:10:57 - [MESSAGE][PASSED] - Delayed 1 second(s)

2022-06-24 08:10:57 - [TEST_STEP][PASSED] - I.SearchRefNo_xpath("P34_Auto", "//*[@id="fiche_filter_keywords11"]", "//*[@id="form_filters"]/div[3]/button"): Delayed 5 second(s)

2022-06-24 08:10:58 - [MESSAGE][PASSED] - Delayed 1 second(s)

2022-06-24 08:10:59 - [MESSAGE][PASSED] - Text 'P34_Auto' is set on object 'Object Repository/1. Constant/xpath'

2022-06-24 08:11:02 - [MESSAGE][PASSED] - Delayed 3 second(s)

2022-06-24 08:11:02 - [MESSAGE][PASSED] - Scroll to object 'Object Repository/1. Constant/xpath' successfully

2022-06-24 08:11:04 - [MESSAGE][PASSED] - Object: 'Object Repository/1. Constant/xpath' is clicked on

2022-06-24 08:11:09 - [MESSAGE][PASSED] - Delayed 5 second(s)

2022-06-24 08:11:09 - [TEST_STEP][PASSED] - click(findTestObject("1. Constant/xpath", ["xpath":"//*[@id="source_" + refID34 + ""]/td[14]/a[3]"])): Object: 'Object Repository/1. Constant/xpath' is clicked on

2022-06-24 08:11:12 - [MESSAGE][PASSED] - Object: 'Object Repository/1. Constant/xpath' is clicked on

2022-06-24 08:11:12 - [TEST_STEP][PASSED] - click(findTestObject("1. Constant/xpath", ["xpath":"//*[@id="ModifFiche"]/div[1]/div/button[2]"])): Object: 'Object Repository/1. Constant/xpath' is clicked on

2022-06-24 08:11:17 - [MESSAGE][PASSED] - Object: 'Object Repository/1. Constant/xpath' is clicked on

2022-06-24 08:11:17 - [TEST_STEP][PASSED] - takeScreenshot(): Taking screenshot successfully

2022-06-24 08:11:17 - [MESSAGE][PASSED] - Taking screenshot successfully
[[ATTACHMENT|D:\\Projet Test Auto\\Mediabox Test Automation\\Reports\\20220624_080915\\03. Parallel Testing (Testing)\\TS -PT PART 3\\14.06 Dreyers Support Action (Ongoing _ Completed ref) - PART 6\\20220624_080917\\1656051077493.png]]

2022-06-24 08:11:17 - [TEST_STEP][PASSED] - delay(1): Delayed 1 second(s)

2022-06-24 08:11:18 - [MESSAGE][PASSED] - Delayed 1 second(s)

2022-06-24 08:11:18 - [TEST_STEP][PASSED] - click(findTestObject("1. Constant/xpath", ["xpath":"//*[@id="source_" + refID34 + ""]/td[14]/a[3]"])): Object: 'Object Repository/1. Constant/xpath' is clicked on

2022-06-24 08:11:21 - [MESSAGE][PASSED] - Object: 'Object Repository/1. Constant/xpath' is clicked on

2022-06-24 08:11:21 - [TEST_STEP][PASSED] - click(findTestObject("1. Constant/xpath", ["xpath":"//*[@id="ModifFiche"]/div[1]/div/button[2]"])): Object: 'Object Repository/1. Constant/xpath' is clicked on

2022-06-24 08:11:26 - [MESSAGE][PASSED] - Object: 'Object Repository/1. Constant/xpath' is clicked on

2022-06-24 08:11:26 - [TEST_STEP][PASSED] - takeScreenshot(): Taking screenshot successfully

2022-06-24 08:11:27 - [MESSAGE][PASSED] - Taking screenshot successfully
[[ATTACHMENT|D:\\Projet Test Auto\\Mediabox Test Automation\\Reports\\20220624_080915\\03. Parallel Testing (Testing)\\TS -PT PART 3\\14.06 Dreyers Support Action (Ongoing _ Completed ref) - PART 6\\20220624_080917\\1656051086694.png]]

2022-06-24 08:11:27 - [TEST_STEP][PASSED] - delay(1): Delayed 1 second(s)

2022-06-24 08:11:28 - [MESSAGE][PASSED] - Delayed 1 second(s)

2022-06-24 08:11:28 - [TEST_STEP][PASSED] - color1 = getCSSValue(findTestObject("1. Constant/xpath", ["xpath":"//*[@id="source_" + refID34 + ""]/td[14]/a[2]"]), "color", OPTIONAL): Get CSS 'color' value on 'Object Repository/1. Constant/xpath' successfully: 'rgba(255, 255, 255, 1)'.

2022-06-24 08:11:28 - [MESSAGE][PASSED] - Get CSS 'color' value on 'Object Repository/1. Constant/xpath' successfully: 'rgba(255, 255, 255, 1)'.

2022-06-24 08:11:28 - [TEST_STEP][PASSED] - I.print(color1): null

2022-06-24 08:11:28 - [TEST_STEP][PASSED] - while (color1 == "rgba(255, 255, 255, 1)"): Get CSS 'color' value on 'Object Repository/1. Constant/xpath' successfully: 'rgba(54, 153, 255, 1)'.

2022-06-24 08:11:28 - [TEST_STEP][PASSED] - click(findTestObject("1. Constant/xpath", ["xpath":"//*[@id="source_" + refID34 + ""]/td[14]/a[2]"])): Object: 'Object Repository/1. Constant/xpath' is clicked on

2022-06-24 08:11:31 - [MESSAGE][PASSED] - Object: 'Object Repository/1. Constant/xpath' is clicked on

2022-06-24 08:11:31 - [TEST_STEP][PASSED] - I.UploadDoc_sendkey_Prod(findTestObject("1. Constant/xpath", ["xpath":"//*[@id="kt_body"]/input[2]"]), "D:\Upoad_File\Upload doc\testdata1.pdf", "testdata1"): Delayed 5 second(s)

2022-06-24 08:11:32 - [MESSAGE][PASSED] - Scroll to object 'Object Repository/1. Constant/xpath' successfully

2022-06-24 08:11:37 - [MESSAGE][PASSED] - Delayed 5 second(s)

2022-06-24 08:11:37 - [MESSAGE][PASSED] - File 'D:\Upoad_File\Upload doc\testdata1.pdf' sent to object: 'Object Repository/1. Constant/xpath'

2022-06-24 08:11:42 - [MESSAGE][PASSED] - Delayed 5 second(s)

2022-06-24 08:11:42 - [MESSAGE][PASSED] - Text 'testdata1' is present on page 

2022-06-24 08:11:47 - [MESSAGE][PASSED] - Delayed 5 second(s)

2022-06-24 08:11:52 - [MESSAGE][PASSED] - Delayed 5 second(s)

2022-06-24 08:11:52 - [TEST_STEP][PASSED] - takeScreenshot(): Taking screenshot successfully

2022-06-24 08:11:53 - [MESSAGE][PASSED] - Taking screenshot successfully
[[ATTACHMENT|D:\\Projet Test Auto\\Mediabox Test Automation\\Reports\\20220624_080915\\03. Parallel Testing (Testing)\\TS -PT PART 3\\14.06 Dreyers Support Action (Ongoing _ Completed ref) - PART 6\\20220624_080917\\1656051112818.png]]

2022-06-24 08:11:53 - [TEST_STEP][PASSED] - delay(10): Delayed 10 second(s)

2022-06-24 08:12:03 - [MESSAGE][PASSED] - Delayed 10 second(s)

2022-06-24 08:12:03 - [TEST_STEP][PASSED] - click(findTestObject("HL Full Lifecycle/12 ReferncePage_Button_Updatensenddoc")): Object: 'Object Repository/HL Full Lifecycle/12 ReferncePage_Button_Updatensenddoc' is clicked on

2022-06-24 08:12:12 - [MESSAGE][PASSED] - Object: 'Object Repository/HL Full Lifecycle/12 ReferncePage_Button_Updatensenddoc' is clicked on

2022-06-24 08:12:12 - [TEST_STEP][PASSED] - delay(5): Delayed 5 second(s)

2022-06-24 08:12:17 - [MESSAGE][PASSED] - Delayed 5 second(s)

2022-06-24 08:12:17 - [TEST_STEP][PASSED] - color1 = getCSSValue(findTestObject("1. Constant/xpath", ["xpath":"//*[@id="source_" + refID34 + ""]/td[14]/a[2]"]), "color", OPTIONAL): Get CSS 'color' value on 'Object Repository/1. Constant/xpath' successfully: 'rgba(54, 153, 255, 1)'.

2022-06-24 08:12:18 - [MESSAGE][PASSED] - Get CSS 'color' value on 'Object Repository/1. Constant/xpath' successfully: 'rgba(54, 153, 255, 1)'.

2022-06-24 08:12:18 - [TEST_STEP][PASSED] - takeScreenshot(): Taking screenshot successfully

2022-06-24 08:12:19 - [MESSAGE][PASSED] - Taking screenshot successfully
[[ATTACHMENT|D:\\Projet Test Auto\\Mediabox Test Automation\\Reports\\20220624_080915\\03. Parallel Testing (Testing)\\TS -PT PART 3\\14.06 Dreyers Support Action (Ongoing _ Completed ref) - PART 6\\20220624_080917\\1656051138920.png]]

2022-06-24 08:12:19 - [TEST_STEP][PASSED] - click(findTestObject("1. Constant/xpath", ["xpath":"//*[@id="source_" + refID34 + ""]/td[6]/a"])): Object: 'Object Repository/1. Constant/xpath' is clicked on

2022-06-24 08:12:32 - [MESSAGE][PASSED] - Object: 'Object Repository/1. Constant/xpath' is clicked on

2022-06-24 08:12:32 - [TEST_STEP][PASSED] - takeScreenshot(): Taking screenshot successfully

2022-06-24 08:12:32 - [MESSAGE][PASSED] - Taking screenshot successfully
[[ATTACHMENT|D:\\Projet Test Auto\\Mediabox Test Automation\\Reports\\20220624_080915\\03. Parallel Testing (Testing)\\TS -PT PART 3\\14.06 Dreyers Support Action (Ongoing _ Completed ref) - PART 6\\20220624_080917\\1656051152106.png]]

2022-06-24 08:12:32 - [TEST_STEP][PASSED] - delay(1): Delayed 1 second(s)

2022-06-24 08:12:33 - [MESSAGE][PASSED] - Delayed 1 second(s)

2022-06-24 08:12:33 - [TEST_STEP][PASSED] - I.Approveforothers("/html/body/div[1]/div[2]/div[8]/div[3]/div/div[3]/div[2]/div/div[3]/div/div[2]/div[1]/div/div[2]/div/div[2]/div[2]/div/div/div[1]/img", "/html/body/div[1]/div[2]/div[8]/div[3]/div/div[3]/div[2]/div/div[3]/div/div[2]/div[1]/div/div[2]/div/div[2]/div[2]/div/div/div[6]/a[2]/span"): Object: 'Object Repository/1. Constant/xpath' is clicked on

2022-06-24 08:12:36 - [MESSAGE][PASSED] - Object: 'Object Repository/1. Constant/xpath' is clicked on

2022-06-24 08:12:37 - [MESSAGE][PASSED] - Delayed 1 second(s)

2022-06-24 08:12:40 - [MESSAGE][PASSED] - Object: 'Object Repository/1. Constant/xpath' is clicked on

2022-06-24 08:12:41 - [MESSAGE][PASSED] - Delayed 1 second(s)

2022-06-24 08:12:42 - [MESSAGE][PASSED] - Object: 'Object Repository/1. Constant/xpath' is hovered

2022-06-24 08:12:44 - [MESSAGE][PASSED] - Object: 'Object Repository/1. Constant/xpath' is clicked on

2022-06-24 08:12:45 - [MESSAGE][PASSED] - Delayed 1 second(s)

2022-06-24 08:12:53 - [MESSAGE][PASSED] - Object: 'Object Repository/1. Constant/xpath' is clicked on

2022-06-24 08:12:53 - [TEST_STEP][PASSED] - delay(1): Delayed 1 second(s)

2022-06-24 08:12:54 - [MESSAGE][PASSED] - Delayed 1 second(s)

2022-06-24 08:12:54 - [TEST_STEP][PASSED] - click(findTestObject("1. Constant/xpath", ["xpath":"//*[@id="kt_subheader"]/div/nav/ol/li[2]/a"])): Object: 'Object Repository/1. Constant/xpath' is clicked on

2022-06-24 08:12:59 - [MESSAGE][PASSED] - Object: 'Object Repository/1. Constant/xpath' is clicked on

2022-06-24 08:12:59 - [TEST_STEP][PASSED] - delay(1): Delayed 1 second(s)

2022-06-24 08:13:00 - [MESSAGE][PASSED] - Delayed 1 second(s)

2022-06-24 08:13:00 - [TEST_STEP][PASSED] - I.submitquesiton_ref(findTestObject("1. Constant/xpath", ["xpath":"//*[@id="source_" + refID34 + ""]/td[14]/div[1]/button"]), findTestObject("1. Constant/xpath", ["xpath":"//*[@id="source_" + refID34 + ""]/td[14]/div[1]/div/a[1]"])): Object: 'Object Repository/1. Constant/xpath' is clicked on

2022-06-24 08:13:03 - [MESSAGE][PASSED] - Object: 'Object Repository/1. Constant/xpath' is clicked on

2022-06-24 08:13:06 - [MESSAGE][PASSED] - Delayed 3 second(s)

2022-06-24 08:13:10 - [MESSAGE][PASSED] - Object: 'Object Repository/1. Constant/xpath' is clicked on

2022-06-24 08:13:10 - [TEST_STEP][PASSED] - click(findTestObject("1. Constant/xpath", ["xpath":"//*[@id="ModifFiche"]/div[1]/div/button[2]"])): Object: 'Object Repository/1. Constant/xpath' is clicked on

2022-06-24 08:13:14 - [MESSAGE][PASSED] - Object: 'Object Repository/1. Constant/xpath' is clicked on

2022-06-24 08:13:14 - [TEST_STEP][PASSED] - takeScreenshot(): Taking screenshot successfully

2022-06-24 08:13:15 - [MESSAGE][PASSED] - Taking screenshot successfully
[[ATTACHMENT|D:\\Projet Test Auto\\Mediabox Test Automation\\Reports\\20220624_080915\\03. Parallel Testing (Testing)\\TS -PT PART 3\\14.06 Dreyers Support Action (Ongoing _ Completed ref) - PART 6\\20220624_080917\\1656051194604.png]]

2022-06-24 08:13:15 - [TEST_STEP][PASSED] - I.submitquesiton_ref(findTestObject("1. Constant/xpath", ["xpath":"//*[@id="source_" + refID34 + ""]/td[14]/div[1]/button"]), findTestObject("1. Constant/xpath", ["xpath":"//*[@id="source_" + refID34 + ""]/td[14]/div[1]/div/a[1]"])): Object: 'Object Repository/1. Constant/xpath' is clicked on

2022-06-24 08:13:15 - [MESSAGE][PASSED] - Object: 'Object Repository/1. Constant/xpath' is clicked on

2022-06-24 08:13:18 - [MESSAGE][PASSED] - Delayed 3 second(s)

2022-06-24 08:13:20 - [MESSAGE][PASSED] - Object: 'Object Repository/1. Constant/xpath' is clicked on

2022-06-24 08:13:20 - [TEST_STEP][PASSED] - click(findTestObject("1. Constant/xpath", ["xpath":"//*[@id="ModifFiche"]/div[1]/div/button[2]"])): Object: 'Object Repository/1. Constant/xpath' is clicked on

2022-06-24 08:13:25 - [MESSAGE][PASSED] - Object: 'Object Repository/1. Constant/xpath' is clicked on

2022-06-24 08:13:25 - [TEST_STEP][PASSED] - takeScreenshot(): Taking screenshot successfully

2022-06-24 08:13:25 - [MESSAGE][PASSED] - Taking screenshot successfully
[[ATTACHMENT|D:\\Projet Test Auto\\Mediabox Test Automation\\Reports\\20220624_080915\\03. Parallel Testing (Testing)\\TS -PT PART 3\\14.06 Dreyers Support Action (Ongoing _ Completed ref) - PART 6\\20220624_080917\\1656051205320.png]]

2022-06-24 08:13:25 - [TEST_STEP][PASSED] - click(findTestObject("1. Constant/xpath", ["xpath":"//*[@id="source_" + refID34 + ""]/td[6]/a"])): Object: 'Object Repository/1. Constant/xpath' is clicked on

2022-06-24 08:13:29 - [MESSAGE][PASSED] - Object: 'Object Repository/1. Constant/xpath' is clicked on

2022-06-24 08:13:29 - [TEST_STEP][PASSED] - click(findTestObject("1. Constant/xpath", ["xpath":"//*[@id="kt_content"]/div[3]/div/ul/li[3]/a"])): Object: 'Object Repository/1. Constant/xpath' is clicked on

2022-06-24 08:13:32 - [MESSAGE][PASSED] - Object: 'Object Repository/1. Constant/xpath' is clicked on

2022-06-24 08:13:32 - [TEST_STEP][PASSED] - takeScreenshot(): Taking screenshot successfully

2022-06-24 08:13:33 - [MESSAGE][PASSED] - Taking screenshot successfully
[[ATTACHMENT|D:\\Projet Test Auto\\Mediabox Test Automation\\Reports\\20220624_080915\\03. Parallel Testing (Testing)\\TS -PT PART 3\\14.06 Dreyers Support Action (Ongoing _ Completed ref) - PART 6\\20220624_080917\\1656051212907.png]]

2022-06-24 08:13:33 - [TEST_STEP][PASSED] - click(findTestObject("1. Constant/xpath", ["xpath":"/html/body/div[1]/div[2]/div[8]/div[3]/div/div[3]/div[3]/div/div/div[3]/div/div[3]/div/div[1]/div[2]/div/a[4]"])): Object: 'Object Repository/1. Constant/xpath' is clicked on

2022-06-24 08:13:33 - [MESSAGE][PASSED] - Object: 'Object Repository/1. Constant/xpath' is clicked on

2022-06-24 08:13:33 - [TEST_STEP][PASSED] - delay(1): Delayed 1 second(s)

2022-06-24 08:13:34 - [MESSAGE][PASSED] - Delayed 1 second(s)

2022-06-24 08:13:34 - [TEST_STEP][PASSED] - takeScreenshot(): Taking screenshot successfully

2022-06-24 08:13:35 - [MESSAGE][PASSED] - Taking screenshot successfully
[[ATTACHMENT|D:\\Projet Test Auto\\Mediabox Test Automation\\Reports\\20220624_080915\\03. Parallel Testing (Testing)\\TS -PT PART 3\\14.06 Dreyers Support Action (Ongoing _ Completed ref) - PART 6\\20220624_080917\\1656051215192.png]]

2022-06-24 08:13:35 - [TEST_STEP][PASSED] - delay(1): Delayed 1 second(s)

2022-06-24 08:13:36 - [MESSAGE][PASSED] - Delayed 1 second(s)

2022-06-24 08:13:36 - [TEST_STEP][PASSED] - takeScreenshot(): Taking screenshot successfully

2022-06-24 08:13:37 - [MESSAGE][PASSED] - Taking screenshot successfully
[[ATTACHMENT|D:\\Projet Test Auto\\Mediabox Test Automation\\Reports\\20220624_080915\\03. Parallel Testing (Testing)\\TS -PT PART 3\\14.06 Dreyers Support Action (Ongoing _ Completed ref) - PART 6\\20220624_080917\\1656051216819.png]]

2022-06-24 08:13:37 - [TEST_STEP][PASSED] - click(findTestObject("1. Constant/xpath", ["xpath":"//*[@id="confirmSupportActionShortcut"]"])): Object: 'Object Repository/1. Constant/xpath' is clicked on

2022-06-24 08:13:40 - [MESSAGE][PASSED] - Object: 'Object Repository/1. Constant/xpath' is clicked on

2022-06-24 08:13:40 - [TEST_STEP][PASSED] - takeScreenshot(): Taking screenshot successfully

2022-06-24 08:13:41 - [MESSAGE][PASSED] - Taking screenshot successfully
[[ATTACHMENT|D:\\Projet Test Auto\\Mediabox Test Automation\\Reports\\20220624_080915\\03. Parallel Testing (Testing)\\TS -PT PART 3\\14.06 Dreyers Support Action (Ongoing _ Completed ref) - PART 6\\20220624_080917\\1656051220921.png]]

2022-06-24 08:13:41 - [TEST_STEP][PASSED] - click(findTestObject("1. Constant/xpath", ["xpath":"//*[@id="kt_content"]/div[3]/div/ul/li[3]/a"])): Object: 'Object Repository/1. Constant/xpath' is clicked on

2022-06-24 08:13:43 - [MESSAGE][PASSED] - Object: 'Object Repository/1. Constant/xpath' is clicked on

2022-06-24 08:13:43 - [TEST_STEP][PASSED] - takeScreenshot(): Taking screenshot successfully

2022-06-24 08:13:43 - [MESSAGE][PASSED] - Taking screenshot successfully
[[ATTACHMENT|D:\\Projet Test Auto\\Mediabox Test Automation\\Reports\\20220624_080915\\03. Parallel Testing (Testing)\\TS -PT PART 3\\14.06 Dreyers Support Action (Ongoing _ Completed ref) - PART 6\\20220624_080917\\1656051223277.png]]

2022-06-24 08:13:43 - [TEST_STEP][PASSED] - StepC_1 = getAttribute(findTestObject("1. Constant/xpath", ["xpath":"/html/body/div[1]/div[2]/div[8]/div[3]/div/div[3]/div[3]/div/ul/li[3]/a"]), "class"): Attribute 'class' of object 'Object Repository/1. Constant/xpath' is: 'nav-link timeline-badge badge-xl  bg-pending active'

2022-06-24 08:13:43 - [MESSAGE][PASSED] - Attribute 'class' of object 'Object Repository/1. Constant/xpath' is: 'nav-link timeline-badge badge-xl  bg-pending active'

2022-06-24 08:13:43 - [TEST_STEP][PASSED] - verifyMatch(StepC_1, "nav-link timeline-badge badge-xl  bg-pending active", false): Actual text 'nav-link timeline-badge badge-xl  bg-pending active' and expected text 'nav-link timeline-badge badge-xl  bg-pending active' are matched 

2022-06-24 08:13:43 - [MESSAGE][PASSED] - Actual text 'nav-link timeline-badge badge-xl  bg-pending active' and expected text 'nav-link timeline-badge badge-xl  bg-pending active' are matched 

2022-06-24 08:13:43 - [TEST_STEP][PASSED] - StepC_11 = I.Get_Stepname("/html/body/div[1]/div[2]/div[8]/div[3]/div/div[3]/div[3]/div/ul/li[3]/a"): Attribute 'href' of object 'Object Repository/1. Constant/xpath' is: 'http://mdb-release.diadeis.lan/MediaboxIndependence/Base/ExecAction?action=VoirRef&IDSession=MBI!RELTESTAUTO_DREYERS!RPUXAXAJSOI7D9F7Y7JNUTPZJ1OBPW9B0Q627ZPW&num=NYLHHQUFVF&id_ref=5340#tab_lifecycle_SASStepC_12394'

2022-06-24 08:13:48 - [MESSAGE][PASSED] - Delayed 5 second(s)

2022-06-24 08:13:48 - [MESSAGE][PASSED] - Attribute 'href' of object 'Object Repository/1. Constant/xpath' is: 'http://mdb-release.diadeis.lan/MediaboxIndependence/Base/ExecAction?action=VoirRef&IDSession=MBI!RELTESTAUTO_DREYERS!RPUXAXAJSOI7D9F7Y7JNUTPZJ1OBPW9B0Q627ZPW&num=NYLHHQUFVF&id_ref=5340#tab_lifecycle_SASStepC_12394'

2022-06-24 08:13:48 - [TEST_STEP][PASSED] - verifyMatch(StepC_11, "SASStepC", false): Actual text 'SASStepC' and expected text 'SASStepC' are matched 

2022-06-24 08:13:48 - [MESSAGE][PASSED] - Actual text 'SASStepC' and expected text 'SASStepC' are matched 

2022-06-24 08:13:48 - [TEST_STEP][PASSED] - Name_Phase35 = getText(findTestObject("1. Constant/xpath", ["xpath":"/html/body/div[1]/div[2]/div[8]/div[3]/div/div[3]/div[3]/div/div/div[3]/div/div[5]/div/div[1]/div[1]/h3"])): Text of object 'Object Repository/1. Constant/xpath' is: 'Phase 3.5[Prod]'

2022-06-24 08:13:49 - [MESSAGE][PASSED] - Text of object 'Object Repository/1. Constant/xpath' is: 'Phase 3.5[Prod]'

2022-06-24 08:13:49 - [TEST_STEP][PASSED] - verifyMatch(Name_Phase35, "Phase 3.5[Prod]", false): Actual text 'Phase 3.5[Prod]' and expected text 'Phase 3.5[Prod]' are matched 

2022-06-24 08:13:49 - [MESSAGE][PASSED] - Actual text 'Phase 3.5[Prod]' and expected text 'Phase 3.5[Prod]' are matched 

2022-06-24 08:13:49 - [TEST_STEP][PASSED] - Started_StepCP35_1 = getText(findTestObject("1. Constant/xpath", ["xpath":"/html/body/div[1]/div[2]/div[8]/div[3]/div/div[3]/div[3]/div/div/div[3]/div/div[5]/div/div[2]/div[1]"])): Text of object 'Object Repository/1. Constant/xpath' is: 'Started 06/24/22 02:13 AM'

2022-06-24 08:13:49 - [MESSAGE][PASSED] - Text of object 'Object Repository/1. Constant/xpath' is: 'Started 06/24/22 02:13 AM'

2022-06-24 08:13:49 - [TEST_STEP][PASSED] - if (Started_StepCP35_1.contains("Started")): Actual object '1' and expected object '1' are equal

2022-06-24 08:13:49 - [TEST_STEP][PASSED] - verifyEqual(1, 1): Actual object '1' and expected object '1' are equal

2022-06-24 08:13:49 - [MESSAGE][PASSED] - Actual object '1' and expected object '1' are equal

2022-06-24 08:13:49 - [TEST_STEP][PASSED] - Added_StepCP35_1 = getText(findTestObject("1. Constant/xpath", ["xpath":"/html/body/div[1]/div[2]/div[8]/div[3]/div/div[3]/div[3]/div/div/div[3]/div/div[5]/div/div[2]/h6"])): Text of object 'Object Repository/1. Constant/xpath' is: 'Added manually 06/24/22 02:13 AM By s user'

2022-06-24 08:13:49 - [MESSAGE][PASSED] - Text of object 'Object Repository/1. Constant/xpath' is: 'Added manually 06/24/22 02:13 AM By s user'

2022-06-24 08:13:49 - [TEST_STEP][PASSED] - if (Added_StepCP35_1.contains("Added manually")): Actual object '1' and expected object '1' are equal

2022-06-24 08:13:49 - [TEST_STEP][PASSED] - verifyEqual(1, 1): Actual object '1' and expected object '1' are equal

2022-06-24 08:13:49 - [MESSAGE][PASSED] - Actual object '1' and expected object '1' are equal

2022-06-24 08:13:49 - [TEST_STEP][PASSED] - Name_Phase35_1 = getText(findTestObject("1. Constant/xpath", ["xpath":"/html/body/div[1]/div[2]/div[8]/div[3]/div/div[3]/div[3]/div/div/div[3]/div/div[6]/div/div[1]/div[1]/h3"])): Text of object 'Object Repository/1. Constant/xpath' is: 'Phase 3.5[Prod]'

2022-06-24 08:13:49 - [MESSAGE][PASSED] - Text of object 'Object Repository/1. Constant/xpath' is: 'Phase 3.5[Prod]'

2022-06-24 08:13:49 - [TEST_STEP][PASSED] - verifyMatch(Name_Phase35_1, "Phase 3.5[Prod]", false): Actual text 'Phase 3.5[Prod]' and expected text 'Phase 3.5[Prod]' are matched 

2022-06-24 08:13:49 - [MESSAGE][PASSED] - Actual text 'Phase 3.5[Prod]' and expected text 'Phase 3.5[Prod]' are matched 

2022-06-24 08:13:49 - [TEST_STEP][PASSED] - verifyElementNotPresent(findTestObject("1. Constant/xpath", ["xpath":"/html/body/div[1]/div[2]/div[8]/div[3]/div/div[3]/div[3]/div/div/div[3]/div/div[7]"]), 10): Web element with id: 'Object Repository/1. Constant/xpath' located by 'By.xpath: /html/body/div[1]/div[2]/div[8]/div[3]/div/div[3]/div[3]/div/div/div[3]/div/div[7]' is not present after '10' second(s)

2022-06-24 08:13:50 - [MESSAGE][PASSED] - Web element with id: 'Object Repository/1. Constant/xpath' located by 'By.xpath: /html/body/div[1]/div[2]/div[8]/div[3]/div/div[3]/div[3]/div/div/div[3]/div/div[7]' is not present after '10' second(s)

2022-06-24 08:13:50 - [TEST_STEP][PASSED] - verifyElementNotPresent(findTestObject("1. Constant/xpath", ["xpath":"/html/body/div[1]/div[2]/div[8]/div[3]/div/div[3]/div[3]/div/ul/li[4]/a"]), 10): Web element with id: 'Object Repository/1. Constant/xpath' located by 'By.xpath: /html/body/div[1]/div[2]/div[8]/div[3]/div/div[3]/div[3]/div/ul/li[4]/a' is not present after '10' second(s)

2022-06-24 08:13:50 - [MESSAGE][PASSED] - Web element with id: 'Object Repository/1. Constant/xpath' located by 'By.xpath: /html/body/div[1]/div[2]/div[8]/div[3]/div/div[3]/div[3]/div/ul/li[4]/a' is not present after '10' second(s)

2022-06-24 08:13:50 - [TEST_STEP][PASSED] - click(findTestObject("1. Constant/xpath", ["xpath":"/html/body/div[1]/div[2]/div[8]/div[2]/div/nav/ol/li[2]/a"])): Object: 'Object Repository/1. Constant/xpath' is clicked on

2022-06-24 08:13:52 - [MESSAGE][PASSED] - Object: 'Object Repository/1. Constant/xpath' is clicked on

2022-06-24 08:13:52 - [TEST_STEP][PASSED] - Lifecycle_Status1 = getText(findTestObject("1. Constant/xpath", ["xpath":"//*[@id="source_" + refID34 + ""]/td[11]/span[1]"])): Text of object 'Object Repository/1. Constant/xpath' is: 'Phase 3.5[Prod]'

2022-06-24 08:13:53 - [MESSAGE][PASSED] - Text of object 'Object Repository/1. Constant/xpath' is: 'Phase 3.5[Prod]'

2022-06-24 08:13:53 - [TEST_STEP][PASSED] - verifyMatch(Lifecycle_Status1, "Phase 3.5[Prod]", false): Actual text 'Phase 3.5[Prod]' and expected text 'Phase 3.5[Prod]' are matched 

2022-06-24 08:13:53 - [MESSAGE][PASSED] - Actual text 'Phase 3.5[Prod]' and expected text 'Phase 3.5[Prod]' are matched 

2022-06-24 08:13:53 - [TEST_STEP][PASSED] - I.Logout(): Delayed 3 second(s)

2022-06-24 08:13:56 - [MESSAGE][PASSED] - Delayed 3 second(s)

2022-06-24 08:13:57 - [MESSAGE][PASSED] - Object: 'Object Repository/1. Constant/xpath' is clicked on

2022-06-24 08:14:00 - [MESSAGE][PASSED] - Delayed 3 second(s)

2022-06-24 08:14:03 - [MESSAGE][PASSED] - Object: 'Object Repository/1. Constant/xpath' is clicked on

2022-06-24 08:14:06 - [MESSAGE][PASSED] - Delayed 3 second(s)

2022-06-24 08:14:06 - [TEST_STEP][PASSED] - I.Login_password("lmary", password_lmary): Object: 'Object Repository/1. Constant/xpath' is clicked on

2022-06-24 08:14:06 - [MESSAGE][PASSED] - Text 'lmary' is set on object 'Object Repository/1. Constant/xpath'

2022-06-24 08:14:07 - [MESSAGE][PASSED] - Delayed 1 second(s)

2022-06-24 08:14:09 - [MESSAGE][PASSED] - Text 'diadeis' is set on object 'Object Repository/1. Constant/xpath'

2022-06-24 08:14:10 - [MESSAGE][PASSED] - Delayed 1 second(s)

2022-06-24 08:14:14 - [MESSAGE][PASSED] - Object: 'Object Repository/1. Constant/xpath' is clicked on

2022-06-24 08:14:14 - [TEST_STEP][PASSED] - click(findTestObject("1. Constant/02_LHSMenu_Projects")): Object: 'Object Repository/1. Constant/02_LHSMenu_Projects' is clicked on

2022-06-24 08:14:17 - [MESSAGE][PASSED] - Object: 'Object Repository/1. Constant/02_LHSMenu_Projects' is clicked on

2022-06-24 08:14:17 - [TEST_STEP][PASSED] - I.SearchProjectNo_xpath(Project_No, "//*[@id="keynum_project"]", "//*[@id="form_filters"]/div[4]/button"): Delayed 5 second(s)

2022-06-24 08:14:18 - [MESSAGE][PASSED] - Delayed 1 second(s)

2022-06-24 08:14:19 - [MESSAGE][PASSED] - Text 'MI000883' is set on object 'Object Repository/1. Constant/xpath'

2022-06-24 08:14:22 - [MESSAGE][PASSED] - Delayed 3 second(s)

2022-06-24 08:14:22 - [MESSAGE][PASSED] - Scroll to object 'Object Repository/1. Constant/xpath' successfully

2022-06-24 08:14:25 - [MESSAGE][PASSED] - Object: 'Object Repository/1. Constant/xpath' is clicked on

2022-06-24 08:14:30 - [MESSAGE][PASSED] - Delayed 5 second(s)

2022-06-24 08:14:30 - [TEST_STEP][PASSED] - I.SearchRefNo_xpath("P34_Auto", "//*[@id="fiche_filter_keywords11"]", "//*[@id="form_filters"]/div[3]/button"): Delayed 5 second(s)

2022-06-24 08:14:31 - [MESSAGE][PASSED] - Delayed 1 second(s)

2022-06-24 08:14:32 - [MESSAGE][PASSED] - Text 'P34_Auto' is set on object 'Object Repository/1. Constant/xpath'

2022-06-24 08:14:35 - [MESSAGE][PASSED] - Delayed 3 second(s)

2022-06-24 08:14:36 - [MESSAGE][PASSED] - Scroll to object 'Object Repository/1. Constant/xpath' successfully

2022-06-24 08:14:39 - [MESSAGE][PASSED] - Object: 'Object Repository/1. Constant/xpath' is clicked on

2022-06-24 08:14:44 - [MESSAGE][PASSED] - Delayed 5 second(s)

2022-06-24 08:14:44 - [TEST_STEP][PASSED] - takeScreenshot(): Taking screenshot successfully

2022-06-24 08:14:45 - [MESSAGE][PASSED] - Taking screenshot successfully
[[ATTACHMENT|D:\\Projet Test Auto\\Mediabox Test Automation\\Reports\\20220624_080915\\03. Parallel Testing (Testing)\\TS -PT PART 3\\14.06 Dreyers Support Action (Ongoing _ Completed ref) - PART 6\\20220624_080917\\1656051284713.png]]

2022-06-24 08:14:45 - [TEST_STEP][PASSED] - color2 = getCSSValue(findTestObject("1. Constant/xpath", ["xpath":"//*[@id="source_" + refID34 + ""]/td[13]/a"]), "color", OPTIONAL): Get CSS 'color' value on 'Object Repository/1. Constant/xpath' successfully: 'rgba(255, 255, 255, 1)'.

2022-06-24 08:14:45 - [MESSAGE][PASSED] - Get CSS 'color' value on 'Object Repository/1. Constant/xpath' successfully: 'rgba(255, 255, 255, 1)'.

2022-06-24 08:14:45 - [TEST_STEP][PASSED] - while (color2 == "rgba(255, 255, 255, 1)"): Get CSS 'color' value on 'Object Repository/1. Constant/xpath' successfully: 'rgba(54, 153, 255, 1)'.

2022-06-24 08:14:45 - [TEST_STEP][PASSED] - click(findTestObject("1. Constant/xpath", ["xpath":"//*[@id="source_" + refID34 + ""]/td[13]/a"])): Object: 'Object Repository/1. Constant/xpath' is clicked on

2022-06-24 08:14:47 - [MESSAGE][PASSED] - Object: 'Object Repository/1. Constant/xpath' is clicked on

2022-06-24 08:14:48 - [TEST_STEP][PASSED] - selectOptionByValue(findTestObject("1. Constant/xpath", ["xpath":"//*[@id="id_approval_flow_tpl"]"]), "80", false): All options with value '80' are selected in object 'Object Repository/1. Constant/xpath' 

2022-06-24 08:14:48 - [MESSAGE][PASSED] - All options with value '80' are selected in object 'Object Repository/1. Constant/xpath' 

2022-06-24 08:14:48 - [TEST_STEP][PASSED] - I.UploadDoc_sendkey_Prod(findTestObject("1. Constant/xpath", ["xpath":"//*[@id="kt_body"]/input[2]"]), "D:\Upoad_File\Upload doc\testdata1.jpg", "testdata1"): Delayed 5 second(s)

2022-06-24 08:14:49 - [MESSAGE][PASSED] - Scroll to object 'Object Repository/1. Constant/xpath' successfully

2022-06-24 08:14:54 - [MESSAGE][PASSED] - Delayed 5 second(s)

2022-06-24 08:14:54 - [MESSAGE][PASSED] - File 'D:\Upoad_File\Upload doc\testdata1.jpg' sent to object: 'Object Repository/1. Constant/xpath'

2022-06-24 08:14:59 - [MESSAGE][PASSED] - Delayed 5 second(s)

2022-06-24 08:14:59 - [MESSAGE][PASSED] - Text 'testdata1' is present on page 

2022-06-24 08:15:04 - [MESSAGE][PASSED] - Delayed 5 second(s)

2022-06-24 08:15:09 - [MESSAGE][PASSED] - Delayed 5 second(s)

2022-06-24 08:15:09 - [TEST_STEP][PASSED] - takeScreenshot(): Taking screenshot successfully

2022-06-24 08:15:10 - [MESSAGE][PASSED] - Taking screenshot successfully
[[ATTACHMENT|D:\\Projet Test Auto\\Mediabox Test Automation\\Reports\\20220624_080915\\03. Parallel Testing (Testing)\\TS -PT PART 3\\14.06 Dreyers Support Action (Ongoing _ Completed ref) - PART 6\\20220624_080917\\1656051309985.png]]

2022-06-24 08:15:10 - [TEST_STEP][PASSED] - delay(10): Delayed 10 second(s)

2022-06-24 08:15:20 - [MESSAGE][PASSED] - Delayed 10 second(s)

2022-06-24 08:15:20 - [TEST_STEP][PASSED] - click(findTestObject("HL Full Lifecycle/12 ReferncePage_Button_Updatensenddoc")): Object: 'Object Repository/HL Full Lifecycle/12 ReferncePage_Button_Updatensenddoc' is clicked on

2022-06-24 08:15:24 - [MESSAGE][PASSED] - Object: 'Object Repository/HL Full Lifecycle/12 ReferncePage_Button_Updatensenddoc' is clicked on

2022-06-24 08:15:24 - [TEST_STEP][PASSED] - delay(5): Delayed 5 second(s)

2022-06-24 08:15:29 - [MESSAGE][PASSED] - Delayed 5 second(s)

2022-06-24 08:15:29 - [TEST_STEP][PASSED] - color2 = getCSSValue(findTestObject("1. Constant/xpath", ["xpath":"//*[@id="source_" + refID34 + ""]/td[13]/a"]), "color", OPTIONAL): Get CSS 'color' value on 'Object Repository/1. Constant/xpath' successfully: 'rgba(54, 153, 255, 1)'.

2022-06-24 08:15:29 - [MESSAGE][PASSED] - Get CSS 'color' value on 'Object Repository/1. Constant/xpath' successfully: 'rgba(54, 153, 255, 1)'.

2022-06-24 08:15:29 - [TEST_STEP][PASSED] - I.Logout(): Delayed 3 second(s)

2022-06-24 08:15:32 - [MESSAGE][PASSED] - Delayed 3 second(s)

2022-06-24 08:15:33 - [MESSAGE][PASSED] - Object: 'Object Repository/1. Constant/xpath' is clicked on

2022-06-24 08:15:36 - [MESSAGE][PASSED] - Delayed 3 second(s)

2022-06-24 08:15:39 - [MESSAGE][PASSED] - Object: 'Object Repository/1. Constant/xpath' is clicked on

2022-06-24 08:15:42 - [MESSAGE][PASSED] - Delayed 3 second(s)

2022-06-24 08:15:42 - [TEST_STEP][PASSED] - I.Login_password("blemco", password_blemco): Object: 'Object Repository/1. Constant/xpath' is clicked on

2022-06-24 08:15:44 - [MESSAGE][PASSED] - Text 'blemco' is set on object 'Object Repository/1. Constant/xpath'

2022-06-24 08:15:45 - [MESSAGE][PASSED] - Delayed 1 second(s)

2022-06-24 08:15:45 - [MESSAGE][PASSED] - Text 'diadeis1' is set on object 'Object Repository/1. Constant/xpath'

2022-06-24 08:15:46 - [MESSAGE][PASSED] - Delayed 1 second(s)

2022-06-24 08:15:52 - [MESSAGE][PASSED] - Object: 'Object Repository/1. Constant/xpath' is clicked on

2022-06-24 08:15:52 - [TEST_STEP][PASSED] - click(findTestObject("1. Constant/02_LHSMenu_Projects")): Object: 'Object Repository/1. Constant/02_LHSMenu_Projects' is clicked on

2022-06-24 08:15:57 - [MESSAGE][PASSED] - Object: 'Object Repository/1. Constant/02_LHSMenu_Projects' is clicked on

2022-06-24 08:15:57 - [TEST_STEP][PASSED] - I.SearchProjectNo_xpath(Project_No, "//*[@id="keynum_project"]", "//*[@id="form_filters"]/div[4]/button"): Delayed 5 second(s)

2022-06-24 08:15:58 - [MESSAGE][PASSED] - Delayed 1 second(s)

2022-06-24 08:15:58 - [MESSAGE][PASSED] - Text 'MI000883' is set on object 'Object Repository/1. Constant/xpath'

2022-06-24 08:16:01 - [MESSAGE][PASSED] - Delayed 3 second(s)

2022-06-24 08:16:02 - [MESSAGE][PASSED] - Scroll to object 'Object Repository/1. Constant/xpath' successfully

2022-06-24 08:16:06 - [MESSAGE][PASSED] - Object: 'Object Repository/1. Constant/xpath' is clicked on

2022-06-24 08:16:11 - [MESSAGE][PASSED] - Delayed 5 second(s)

2022-06-24 08:16:11 - [TEST_STEP][PASSED] - takeScreenshot(): Taking screenshot successfully

2022-06-24 08:16:11 - [MESSAGE][PASSED] - Taking screenshot successfully
[[ATTACHMENT|D:\\Projet Test Auto\\Mediabox Test Automation\\Reports\\20220624_080915\\03. Parallel Testing (Testing)\\TS -PT PART 3\\14.06 Dreyers Support Action (Ongoing _ Completed ref) - PART 6\\20220624_080917\\1656051371149.png]]

2022-06-24 08:16:11 - [TEST_STEP][PASSED] - I.SearchRefNo_xpath("P34_Auto", "//*[@id="fiche_filter_keywords11"]", "//*[@id="form_filters"]/div[3]/button"): Delayed 5 second(s)

2022-06-24 08:16:12 - [MESSAGE][PASSED] - Delayed 1 second(s)

2022-06-24 08:16:13 - [MESSAGE][PASSED] - Text 'P34_Auto' is set on object 'Object Repository/1. Constant/xpath'

2022-06-24 08:16:16 - [MESSAGE][PASSED] - Delayed 3 second(s)

2022-06-24 08:16:16 - [MESSAGE][PASSED] - Scroll to object 'Object Repository/1. Constant/xpath' successfully

2022-06-24 08:16:18 - [MESSAGE][PASSED] - Object: 'Object Repository/1. Constant/xpath' is clicked on

2022-06-24 08:16:23 - [MESSAGE][PASSED] - Delayed 5 second(s)

2022-06-24 08:16:23 - [TEST_STEP][PASSED] - I.AWF_approve_byaction(findTestObject("1. Constant/xpath", ["xpath":"//*[@id="source_" + refID34 + ""]/td[13]/a[2]"])): Object: 'Object Repository/HL Full Lifecycle/Function_Appbutton2' is clicked on

2022-06-24 08:16:28 - [MESSAGE][PASSED] - Delayed 5 second(s)

2022-06-24 08:16:32 - [MESSAGE][PASSED] - Object: 'Object Repository/1. Constant/xpath' is clicked on

2022-06-24 08:16:34 - [MESSAGE][PASSED] - Object: 'Object Repository/HL Full Lifecycle/Function_access Viewer2' is hovered

2022-06-24 08:16:37 - [MESSAGE][PASSED] - Delayed 3 second(s)

2022-06-24 08:16:39 - [MESSAGE][PASSED] - Object: 'Object Repository/HL Full Lifecycle/Function_access Viewer2' is clicked on

2022-06-24 08:16:44 - [MESSAGE][PASSED] - Delayed 5 second(s)

2022-06-24 08:16:45 - [MESSAGE][PASSED] - Object: 'Object Repository/HL Full Lifecycle/Function_AppButton' is clicked on

2022-06-24 08:16:50 - [MESSAGE][PASSED] - Delayed 5 second(s)

2022-06-24 08:16:54 - [MESSAGE][PASSED] - Object: 'Object Repository/HL Full Lifecycle/Function_Appbutton2' is clicked on

2022-06-24 08:16:54 - [TEST_STEP][PASSED] - Lifecycle_Status7 = getText(findTestObject("1. Constant/xpath", ["xpath":"//*[@id="source_" + refID34 + ""]/td[12]/span[1]"])): Text of object 'Object Repository/1. Constant/xpath' is: 'Phase 3.5[Prod]'

2022-06-24 08:16:54 - [MESSAGE][PASSED] - Text of object 'Object Repository/1. Constant/xpath' is: 'Phase 3.5[Prod]'

2022-06-24 08:16:54 - [TEST_STEP][PASSED] - verifyMatch(Lifecycle_Status7, "Phase 3.5[Prod]", false): Actual text 'Phase 3.5[Prod]' and expected text 'Phase 3.5[Prod]' are matched 

2022-06-24 08:16:54 - [MESSAGE][PASSED] - Actual text 'Phase 3.5[Prod]' and expected text 'Phase 3.5[Prod]' are matched 

2022-06-24 08:16:54 - [TEST_STEP][PASSED] - takeScreenshot(): Taking screenshot successfully

2022-06-24 08:16:55 - [MESSAGE][PASSED] - Taking screenshot successfully
[[ATTACHMENT|D:\\Projet Test Auto\\Mediabox Test Automation\\Reports\\20220624_080915\\03. Parallel Testing (Testing)\\TS -PT PART 3\\14.06 Dreyers Support Action (Ongoing _ Completed ref) - PART 6\\20220624_080917\\1656051414803.png]]

2022-06-24 08:16:55 - [TEST_STEP][PASSED] - I.Logout(): Delayed 3 second(s)

2022-06-24 08:16:58 - [MESSAGE][PASSED] - Delayed 3 second(s)

2022-06-24 08:16:59 - [MESSAGE][PASSED] - Object: 'Object Repository/1. Constant/xpath' is clicked on

2022-06-24 08:17:02 - [MESSAGE][PASSED] - Delayed 3 second(s)

2022-06-24 08:17:05 - [MESSAGE][PASSED] - Object: 'Object Repository/1. Constant/xpath' is clicked on

2022-06-24 08:17:08 - [MESSAGE][PASSED] - Delayed 3 second(s)

2022-06-24 08:17:08 - [TEST_STEP][PASSED] - I.Login_password("lmary", password_lmary): Object: 'Object Repository/1. Constant/xpath' is clicked on

2022-06-24 08:17:08 - [MESSAGE][PASSED] - Text 'lmary' is set on object 'Object Repository/1. Constant/xpath'

2022-06-24 08:17:09 - [MESSAGE][PASSED] - Delayed 1 second(s)

2022-06-24 08:17:10 - [MESSAGE][PASSED] - Text 'diadeis' is set on object 'Object Repository/1. Constant/xpath'

2022-06-24 08:17:11 - [MESSAGE][PASSED] - Delayed 1 second(s)

2022-06-24 08:17:16 - [MESSAGE][PASSED] - Object: 'Object Repository/1. Constant/xpath' is clicked on

2022-06-24 08:17:16 - [TEST_STEP][PASSED] - takeScreenshot(): Taking screenshot successfully

2022-06-24 08:17:16 - [MESSAGE][PASSED] - Taking screenshot successfully
[[ATTACHMENT|D:\\Projet Test Auto\\Mediabox Test Automation\\Reports\\20220624_080915\\03. Parallel Testing (Testing)\\TS -PT PART 3\\14.06 Dreyers Support Action (Ongoing _ Completed ref) - PART 6\\20220624_080917\\1656051436107.png]]

2022-06-24 08:17:16 - [TEST_STEP][PASSED] - click(findTestObject("1. Constant/02_LHSMenu_Projects")): Object: 'Object Repository/1. Constant/02_LHSMenu_Projects' is clicked on

2022-06-24 08:17:18 - [MESSAGE][PASSED] - Object: 'Object Repository/1. Constant/02_LHSMenu_Projects' is clicked on

2022-06-24 08:17:18 - [TEST_STEP][PASSED] - I.SearchProjectNo_xpath(Project_No, "//*[@id="keynum_project"]", "//*[@id="form_filters"]/div[4]/button"): Delayed 5 second(s)

2022-06-24 08:17:19 - [MESSAGE][PASSED] - Delayed 1 second(s)

2022-06-24 08:17:20 - [MESSAGE][PASSED] - Text 'MI000883' is set on object 'Object Repository/1. Constant/xpath'

2022-06-24 08:17:23 - [MESSAGE][PASSED] - Delayed 3 second(s)

2022-06-24 08:17:23 - [MESSAGE][PASSED] - Scroll to object 'Object Repository/1. Constant/xpath' successfully

2022-06-24 08:17:27 - [MESSAGE][PASSED] - Object: 'Object Repository/1. Constant/xpath' is clicked on

2022-06-24 08:17:32 - [MESSAGE][PASSED] - Delayed 5 second(s)

2022-06-24 08:17:32 - [TEST_STEP][PASSED] - takeScreenshot(): Taking screenshot successfully

2022-06-24 08:17:33 - [MESSAGE][PASSED] - Taking screenshot successfully
[[ATTACHMENT|D:\\Projet Test Auto\\Mediabox Test Automation\\Reports\\20220624_080915\\03. Parallel Testing (Testing)\\TS -PT PART 3\\14.06 Dreyers Support Action (Ongoing _ Completed ref) - PART 6\\20220624_080917\\1656051452961.png]]

2022-06-24 08:17:33 - [TEST_STEP][PASSED] - I.SearchRefNo_xpath("P34_Auto", "//*[@id="fiche_filter_keywords11"]", "//*[@id="form_filters"]/div[3]/button"): Delayed 5 second(s)

2022-06-24 08:17:34 - [MESSAGE][PASSED] - Delayed 1 second(s)

2022-06-24 08:17:37 - [MESSAGE][PASSED] - Text 'P34_Auto' is set on object 'Object Repository/1. Constant/xpath'

2022-06-24 08:17:40 - [MESSAGE][PASSED] - Delayed 3 second(s)

2022-06-24 08:17:41 - [MESSAGE][PASSED] - Scroll to object 'Object Repository/1. Constant/xpath' successfully

2022-06-24 08:17:44 - [MESSAGE][PASSED] - Object: 'Object Repository/1. Constant/xpath' is clicked on

2022-06-24 08:17:49 - [MESSAGE][PASSED] - Delayed 5 second(s)

2022-06-24 08:17:49 - [TEST_STEP][PASSED] - takeScreenshot(): Taking screenshot successfully

2022-06-24 08:17:49 - [MESSAGE][PASSED] - Taking screenshot successfully
[[ATTACHMENT|D:\\Projet Test Auto\\Mediabox Test Automation\\Reports\\20220624_080915\\03. Parallel Testing (Testing)\\TS -PT PART 3\\14.06 Dreyers Support Action (Ongoing _ Completed ref) - PART 6\\20220624_080917\\1656051469270.png]]

2022-06-24 08:17:49 - [TEST_STEP][PASSED] - color3 = getCSSValue(findTestObject("1. Constant/xpath", ["xpath":"//*[@id="source_" + refID34 + ""]/td[13]/a"]), "color", OPTIONAL): Get CSS 'color' value on 'Object Repository/1. Constant/xpath' successfully: 'rgba(255, 255, 255, 1)'.

2022-06-24 08:17:49 - [MESSAGE][PASSED] - Get CSS 'color' value on 'Object Repository/1. Constant/xpath' successfully: 'rgba(255, 255, 255, 1)'.

2022-06-24 08:17:49 - [TEST_STEP][PASSED] - while (color3 == "rgba(255, 255, 255, 1)"): Get CSS 'color' value on 'Object Repository/1. Constant/xpath' successfully: 'rgba(54, 153, 255, 1)'.

2022-06-24 08:17:49 - [TEST_STEP][PASSED] - click(findTestObject("1. Constant/xpath", ["xpath":"//*[@id="source_" + refID34 + ""]/td[13]/a"])): Object: 'Object Repository/1. Constant/xpath' is clicked on

2022-06-24 08:17:51 - [MESSAGE][PASSED] - Object: 'Object Repository/1. Constant/xpath' is clicked on

2022-06-24 08:17:51 - [TEST_STEP][PASSED] - selectOptionByValue(findTestObject("1. Constant/xpath", ["xpath":"//*[@id="id_approval_flow_tpl"]"]), "80", false): All options with value '80' are selected in object 'Object Repository/1. Constant/xpath' 

2022-06-24 08:17:51 - [MESSAGE][PASSED] - All options with value '80' are selected in object 'Object Repository/1. Constant/xpath' 

2022-06-24 08:17:51 - [TEST_STEP][PASSED] - I.UploadDoc_sendkey_Prod(findTestObject("1. Constant/xpath", ["xpath":"//*[@id="kt_body"]/input[2]"]), "D:\Upoad_File\Upload doc\testdata1.jpg", "testdata1"): Delayed 5 second(s)

2022-06-24 08:17:51 - [MESSAGE][PASSED] - Scroll to object 'Object Repository/1. Constant/xpath' successfully

2022-06-24 08:17:56 - [MESSAGE][PASSED] - Delayed 5 second(s)

2022-06-24 08:17:57 - [MESSAGE][PASSED] - File 'D:\Upoad_File\Upload doc\testdata1.jpg' sent to object: 'Object Repository/1. Constant/xpath'

2022-06-24 08:18:02 - [MESSAGE][PASSED] - Delayed 5 second(s)

2022-06-24 08:18:03 - [MESSAGE][PASSED] - Text 'testdata1' is present on page 

2022-06-24 08:18:08 - [MESSAGE][PASSED] - Delayed 5 second(s)

2022-06-24 08:18:13 - [MESSAGE][PASSED] - Delayed 5 second(s)

2022-06-24 08:18:13 - [TEST_STEP][PASSED] - takeScreenshot(): Taking screenshot successfully

2022-06-24 08:18:14 - [MESSAGE][PASSED] - Taking screenshot successfully
[[ATTACHMENT|D:\\Projet Test Auto\\Mediabox Test Automation\\Reports\\20220624_080915\\03. Parallel Testing (Testing)\\TS -PT PART 3\\14.06 Dreyers Support Action (Ongoing _ Completed ref) - PART 6\\20220624_080917\\1656051493710.png]]

2022-06-24 08:18:14 - [TEST_STEP][PASSED] - delay(10): Delayed 10 second(s)

2022-06-24 08:18:24 - [MESSAGE][PASSED] - Delayed 10 second(s)

2022-06-24 08:18:24 - [TEST_STEP][PASSED] - click(findTestObject("HL Full Lifecycle/12 ReferncePage_Button_Updatensenddoc")): Object: 'Object Repository/HL Full Lifecycle/12 ReferncePage_Button_Updatensenddoc' is clicked on

2022-06-24 08:18:28 - [MESSAGE][PASSED] - Object: 'Object Repository/HL Full Lifecycle/12 ReferncePage_Button_Updatensenddoc' is clicked on

2022-06-24 08:18:28 - [TEST_STEP][PASSED] - delay(5): Delayed 5 second(s)

2022-06-24 08:18:33 - [MESSAGE][PASSED] - Delayed 5 second(s)

2022-06-24 08:18:33 - [TEST_STEP][PASSED] - color3 = getCSSValue(findTestObject("1. Constant/xpath", ["xpath":"//*[@id="source_" + refID34 + ""]/td[13]/a"]), "color", OPTIONAL): Get CSS 'color' value on 'Object Repository/1. Constant/xpath' successfully: 'rgba(54, 153, 255, 1)'.

2022-06-24 08:18:34 - [MESSAGE][PASSED] - Get CSS 'color' value on 'Object Repository/1. Constant/xpath' successfully: 'rgba(54, 153, 255, 1)'.

2022-06-24 08:18:34 - [TEST_STEP][PASSED] - I.Logout(): Delayed 3 second(s)

2022-06-24 08:18:37 - [MESSAGE][PASSED] - Delayed 3 second(s)

2022-06-24 08:18:37 - [MESSAGE][PASSED] - Object: 'Object Repository/1. Constant/xpath' is clicked on

2022-06-24 08:18:40 - [MESSAGE][PASSED] - Delayed 3 second(s)

2022-06-24 08:18:43 - [MESSAGE][PASSED] - Object: 'Object Repository/1. Constant/xpath' is clicked on

2022-06-24 08:18:46 - [MESSAGE][PASSED] - Delayed 3 second(s)

2022-06-24 08:18:46 - [TEST_STEP][PASSED] - I.Login_password("blemco", password_blemco): Object: 'Object Repository/1. Constant/xpath' is clicked on

2022-06-24 08:18:46 - [MESSAGE][PASSED] - Text 'blemco' is set on object 'Object Repository/1. Constant/xpath'

2022-06-24 08:18:47 - [MESSAGE][PASSED] - Delayed 1 second(s)

2022-06-24 08:18:48 - [MESSAGE][PASSED] - Text 'diadeis1' is set on object 'Object Repository/1. Constant/xpath'

2022-06-24 08:18:49 - [MESSAGE][PASSED] - Delayed 1 second(s)

2022-06-24 08:18:53 - [MESSAGE][PASSED] - Object: 'Object Repository/1. Constant/xpath' is clicked on

2022-06-24 08:18:53 - [TEST_STEP][PASSED] - takeScreenshot(): Taking screenshot successfully

2022-06-24 08:18:53 - [MESSAGE][PASSED] - Taking screenshot successfully
[[ATTACHMENT|D:\\Projet Test Auto\\Mediabox Test Automation\\Reports\\20220624_080915\\03. Parallel Testing (Testing)\\TS -PT PART 3\\14.06 Dreyers Support Action (Ongoing _ Completed ref) - PART 6\\20220624_080917\\1656051533235.png]]

2022-06-24 08:18:53 - [TEST_STEP][PASSED] - click(findTestObject("1. Constant/02_LHSMenu_Projects")): Object: 'Object Repository/1. Constant/02_LHSMenu_Projects' is clicked on

2022-06-24 08:18:57 - [MESSAGE][PASSED] - Object: 'Object Repository/1. Constant/02_LHSMenu_Projects' is clicked on

2022-06-24 08:18:57 - [TEST_STEP][PASSED] - I.SearchProjectNo_xpath(Project_No, "//*[@id="keynum_project"]", "//*[@id="form_filters"]/div[4]/button"): Delayed 5 second(s)

2022-06-24 08:18:58 - [MESSAGE][PASSED] - Delayed 1 second(s)

2022-06-24 08:18:59 - [MESSAGE][PASSED] - Text 'MI000883' is set on object 'Object Repository/1. Constant/xpath'

2022-06-24 08:19:02 - [MESSAGE][PASSED] - Delayed 3 second(s)

2022-06-24 08:19:04 - [MESSAGE][PASSED] - Scroll to object 'Object Repository/1. Constant/xpath' successfully

2022-06-24 08:19:08 - [MESSAGE][PASSED] - Object: 'Object Repository/1. Constant/xpath' is clicked on

2022-06-24 08:19:13 - [MESSAGE][PASSED] - Delayed 5 second(s)

2022-06-24 08:19:13 - [TEST_STEP][PASSED] - takeScreenshot(): Taking screenshot successfully

2022-06-24 08:19:13 - [MESSAGE][PASSED] - Taking screenshot successfully
[[ATTACHMENT|D:\\Projet Test Auto\\Mediabox Test Automation\\Reports\\20220624_080915\\03. Parallel Testing (Testing)\\TS -PT PART 3\\14.06 Dreyers Support Action (Ongoing _ Completed ref) - PART 6\\20220624_080917\\1656051553434.png]]

2022-06-24 08:19:13 - [TEST_STEP][PASSED] - I.SearchRefNo_xpath("P34_Auto", "//*[@id="fiche_filter_keywords11"]", "//*[@id="form_filters"]/div[3]/button"): Delayed 5 second(s)

2022-06-24 08:19:14 - [MESSAGE][PASSED] - Delayed 1 second(s)

2022-06-24 08:19:15 - [MESSAGE][PASSED] - Text 'P34_Auto' is set on object 'Object Repository/1. Constant/xpath'

2022-06-24 08:19:18 - [MESSAGE][PASSED] - Delayed 3 second(s)

2022-06-24 08:19:20 - [MESSAGE][PASSED] - Scroll to object 'Object Repository/1. Constant/xpath' successfully

2022-06-24 08:19:24 - [MESSAGE][PASSED] - Object: 'Object Repository/1. Constant/xpath' is clicked on

2022-06-24 08:19:29 - [MESSAGE][PASSED] - Delayed 5 second(s)

2022-06-24 08:19:29 - [TEST_STEP][PASSED] - delay(3): Delayed 3 second(s)

2022-06-24 08:19:32 - [MESSAGE][PASSED] - Delayed 3 second(s)

2022-06-24 08:19:32 - [TEST_STEP][PASSED] - I.AWF_approve_byaction(findTestObject("1. Constant/xpath", ["xpath":"//*[@id="source_" + refID34 + ""]/td[13]/a[2]"])): Object: 'Object Repository/HL Full Lifecycle/Function_Appbutton2' is clicked on

2022-06-24 08:19:37 - [MESSAGE][PASSED] - Delayed 5 second(s)

2022-06-24 08:19:41 - [MESSAGE][PASSED] - Object: 'Object Repository/1. Constant/xpath' is clicked on

2022-06-24 08:19:44 - [MESSAGE][PASSED] - Object: 'Object Repository/HL Full Lifecycle/Function_access Viewer2' is hovered

2022-06-24 08:19:47 - [MESSAGE][PASSED] - Delayed 3 second(s)

2022-06-24 08:19:49 - [MESSAGE][PASSED] - Object: 'Object Repository/HL Full Lifecycle/Function_access Viewer2' is clicked on

2022-06-24 08:19:54 - [MESSAGE][PASSED] - Delayed 5 second(s)

2022-06-24 08:19:54 - [MESSAGE][PASSED] - Object: 'Object Repository/HL Full Lifecycle/Function_AppButton' is clicked on

2022-06-24 08:19:59 - [MESSAGE][PASSED] - Delayed 5 second(s)

2022-06-24 08:20:03 - [MESSAGE][PASSED] - Object: 'Object Repository/HL Full Lifecycle/Function_Appbutton2' is clicked on

2022-06-24 08:20:03 - [TEST_STEP][PASSED] - Lifecycle_Status8 = getText(findTestObject("1. Constant/xpath", ["xpath":"//*[@id="source_" + refID34 + ""]/td[12]/span[1]"])): Text of object 'Object Repository/1. Constant/xpath' is: 'Complete'

2022-06-24 08:20:03 - [MESSAGE][PASSED] - Text of object 'Object Repository/1. Constant/xpath' is: 'Complete'

2022-06-24 08:20:03 - [TEST_STEP][PASSED] - verifyMatch(Lifecycle_Status8, "Complete", false): Actual text 'Complete' and expected text 'Complete' are matched 

2022-06-24 08:20:03 - [MESSAGE][PASSED] - Actual text 'Complete' and expected text 'Complete' are matched 

2022-06-24 08:20:03 - [TEST_STEP][PASSED] - takeScreenshot(): Taking screenshot successfully

2022-06-24 08:20:04 - [MESSAGE][PASSED] - Taking screenshot successfully
[[ATTACHMENT|D:\\Projet Test Auto\\Mediabox Test Automation\\Reports\\20220624_080915\\03. Parallel Testing (Testing)\\TS -PT PART 3\\14.06 Dreyers Support Action (Ongoing _ Completed ref) - PART 6\\20220624_080917\\1656051603686.png]]

2022-06-24 08:20:04 - [TEST_STEP][PASSED] - closeBrowser(): Browser is closed

2022-06-24 08:20:08 - [MESSAGE][PASSED] - Browser is closed

2022-06-24 08:20:08 - [TEST_STEP][PASSED] - Start listener action : sampleAfterTestCase: null]]></system-out>
         <system-err><![CDATA[]]></system-err>
      </testcase>
      <testcase name="Test Cases/19. Dreyers Support Action (Ongoing ref_completed)/19.31 Dreyers SAS Add Phase (Ongoing ref) S39 - P31" time="373.479" classname="Test Cases/19. Dreyers Support Action (Ongoing ref_completed)/19.31 Dreyers SAS Add Phase (Ongoing ref) S39 - P31" status="PASSED">
         <system-out><![CDATA[2022-06-24 08:20:08 - [TEST_CASE][PASSED] - Test Cases/19. Dreyers Support Action (Ongoing ref_completed)/19.31 Dreyers SAS Add Phase (Ongoing ref) S39 - P31: Test Cases/19. Dreyers Support Action (Ongoing ref_completed)/19.31 Dreyers SAS Add Phase (Ongoing ref) S39 - P31

2022-06-24 08:20:09 - [TEST_STEP][PASSED] - data_Dreyers = findTestData("Data Files/Username_Password/Dreyer"): null

2022-06-24 08:20:09 - [TEST_STEP][PASSED] - password_suser = data_Dreyers.getValue(2, 1): null

2022-06-24 08:20:09 - [TEST_STEP][PASSED] - password_blemco = data_Dreyers.getValue(2, 2): null

2022-06-24 08:20:09 - [TEST_STEP][PASSED] - password_nturner = data_Dreyers.getValue(2, 6): null

2022-06-24 08:20:09 - [TEST_STEP][PASSED] - password_jryan = data_Dreyers.getValue(2, 12): null

2022-06-24 08:20:09 - [TEST_STEP][PASSED] - data_urlRELAUTO = findTestData("Data Files/URL/URL_relauto"): null

2022-06-24 08:20:09 - [TEST_STEP][PASSED] - Url_Dreyer = data_urlRELAUTO.getValue(2, 4): null

2022-06-24 08:20:09 - [TEST_STEP][PASSED] - Project_No = I.readnotepad("D:\Upoad_File\Projet_ Login\Dreyers\19.1\19.1_Dreyers_ProjectNo.txt"): null

2022-06-24 08:20:09 - [TEST_STEP][PASSED] - refID = I.readnotepad("D:\Upoad_File\Projet_ Login\Dreyers\19.1\19.1_Dreyers_refID.txt"): null

2022-06-24 08:20:09 - [TEST_STEP][PASSED] - openBrowser(Url_Dreyer): Browser is opened with url: 'http://mdb-release.diadeis.lan/MediaboxIndependence/?MBI_datasource=RELTESTAUTO_DREYERS'

2022-06-24 08:20:09 - [MESSAGE][INFO] - Starting 'Chrome (headless)' driver

2022-06-24 08:20:09 - [MESSAGE][INFO] - User set preference: ['args', '[--window-size=1920,1080, --headless]']

2022-06-24 08:20:09 - [MESSAGE][INFO] - Action delay is set to 0 milliseconds

2022-06-24 08:20:25 - [MESSAGE][PASSED] - Browser is opened with url: 'http://mdb-release.diadeis.lan/MediaboxIndependence/?MBI_datasource=RELTESTAUTO_DREYERS'

2022-06-24 08:20:25 - [TEST_STEP][PASSED] - maximizeWindow(): Current window maximized

2022-06-24 08:20:26 - [MESSAGE][PASSED] - Current window maximized

2022-06-24 08:20:26 - [TEST_STEP][PASSED] - I.Login_password("blemco", password_blemco): Object: 'Object Repository/1. Constant/xpath' is clicked on

2022-06-24 08:20:28 - [MESSAGE][PASSED] - Text 'blemco' is set on object 'Object Repository/1. Constant/xpath'

2022-06-24 08:20:29 - [MESSAGE][PASSED] - Delayed 1 second(s)

2022-06-24 08:20:30 - [MESSAGE][PASSED] - Text 'diadeis1' is set on object 'Object Repository/1. Constant/xpath'

2022-06-24 08:20:31 - [MESSAGE][PASSED] - Delayed 1 second(s)

2022-06-24 08:20:40 - [MESSAGE][PASSED] - Object: 'Object Repository/1. Constant/xpath' is clicked on

2022-06-24 08:20:40 - [TEST_STEP][PASSED] - click(findTestObject("1. Constant/02_LHSMenu_Projects")): Object: 'Object Repository/1. Constant/02_LHSMenu_Projects' is clicked on

2022-06-24 08:20:45 - [MESSAGE][PASSED] - Object: 'Object Repository/1. Constant/02_LHSMenu_Projects' is clicked on

2022-06-24 08:20:45 - [TEST_STEP][PASSED] - I.SearchProjectNo_xpath(Project_No, "//*[@id="keynum_project"]", "//*[@id="form_filters"]/div[4]/button"): Delayed 5 second(s)

2022-06-24 08:20:46 - [MESSAGE][PASSED] - Delayed 1 second(s)

2022-06-24 08:20:48 - [MESSAGE][PASSED] - Text 'MI000883' is set on object 'Object Repository/1. Constant/xpath'

2022-06-24 08:20:51 - [MESSAGE][PASSED] - Delayed 3 second(s)

2022-06-24 08:20:51 - [MESSAGE][PASSED] - Scroll to object 'Object Repository/1. Constant/xpath' successfully

2022-06-24 08:20:56 - [MESSAGE][PASSED] - Object: 'Object Repository/1. Constant/xpath' is clicked on

2022-06-24 08:21:01 - [MESSAGE][PASSED] - Delayed 5 second(s)

2022-06-24 08:21:01 - [TEST_STEP][PASSED] - takeScreenshot(): Taking screenshot successfully

2022-06-24 08:21:02 - [MESSAGE][PASSED] - Taking screenshot successfully
[[ATTACHMENT|D:\\Projet Test Auto\\Mediabox Test Automation\\Reports\\20220624_080915\\03. Parallel Testing (Testing)\\TS -PT PART 3\\14.06 Dreyers Support Action (Ongoing _ Completed ref) - PART 6\\20220624_080917\\1656051661863.png]]

2022-06-24 08:21:02 - [TEST_STEP][PASSED] - click(findTestObject("1. Constant/xpath", ["xpath":"//*[@id="create_ref_btn"]/button"])): Object: 'Object Repository/1. Constant/xpath' is clicked on

2022-06-24 08:21:02 - [MESSAGE][PASSED] - Object: 'Object Repository/1. Constant/xpath' is clicked on

2022-06-24 08:21:02 - [TEST_STEP][PASSED] - click(findTestObject("1. Constant/xpath", ["xpath":"//*[@id="create_ref_btn"]/div/a"])): Object: 'Object Repository/1. Constant/xpath' is clicked on

2022-06-24 08:21:05 - [MESSAGE][PASSED] - Object: 'Object Repository/1. Constant/xpath' is clicked on

2022-06-24 08:21:05 - [TEST_STEP][PASSED] - delay(1): Delayed 1 second(s)

2022-06-24 08:21:06 - [MESSAGE][PASSED] - Delayed 1 second(s)

2022-06-24 08:21:06 - [TEST_STEP][PASSED] - selectOptionByValue(findTestObject("1. Constant/xpath", ["xpath":"//*[@id="lfc_tpl"]"]), "36", false): All options with value '36' are selected in object 'Object Repository/1. Constant/xpath' 

2022-06-24 08:21:07 - [MESSAGE][PASSED] - All options with value '36' are selected in object 'Object Repository/1. Constant/xpath' 

2022-06-24 08:21:07 - [TEST_STEP][PASSED] - ref_name = "P31_Auto_SAS_S39_" + RandomStringUtils.randomAlphanumeric(5) + I.gettimedate(): null

2022-06-24 08:21:07 - [TEST_STEP][PASSED] - delay(1): Delayed 1 second(s)

2022-06-24 08:21:08 - [MESSAGE][PASSED] - Delayed 1 second(s)

2022-06-24 08:21:08 - [TEST_STEP][PASSED] - setText(findTestObject("1. Constant/xpath", ["xpath":"//*[@id="var_name"]"]), ref_name): Text 'P31_Auto_SAS_S39_Z2Ogmjuin242022_082107' is set on object 'Object Repository/1. Constant/xpath'

2022-06-24 08:21:08 - [MESSAGE][PASSED] - Text 'P31_Auto_SAS_S39_Z2Ogmjuin242022_082107' is set on object 'Object Repository/1. Constant/xpath'

2022-06-24 08:21:08 - [TEST_STEP][PASSED] - takeScreenshot(): Taking screenshot successfully

2022-06-24 08:21:09 - [MESSAGE][PASSED] - Taking screenshot successfully
[[ATTACHMENT|D:\\Projet Test Auto\\Mediabox Test Automation\\Reports\\20220624_080915\\03. Parallel Testing (Testing)\\TS -PT PART 3\\14.06 Dreyers Support Action (Ongoing _ Completed ref) - PART 6\\20220624_080917\\1656051669001.png]]

2022-06-24 08:21:09 - [TEST_STEP][PASSED] - click(findTestObject("1. Constant/xpath", ["xpath":"//*[@id="createRefBottom"]"])): Object: 'Object Repository/1. Constant/xpath' is clicked on

2022-06-24 08:21:12 - [MESSAGE][PASSED] - Object: 'Object Repository/1. Constant/xpath' is clicked on

2022-06-24 08:21:12 - [TEST_STEP][PASSED] - delay(1): Delayed 1 second(s)

2022-06-24 08:21:13 - [MESSAGE][PASSED] - Delayed 1 second(s)

2022-06-24 08:21:13 - [TEST_STEP][PASSED] - takeScreenshot(): Taking screenshot successfully

2022-06-24 08:21:15 - [MESSAGE][PASSED] - Taking screenshot successfully
[[ATTACHMENT|D:\\Projet Test Auto\\Mediabox Test Automation\\Reports\\20220624_080915\\03. Parallel Testing (Testing)\\TS -PT PART 3\\14.06 Dreyers Support Action (Ongoing _ Completed ref) - PART 6\\20220624_080917\\1656051674255.png]]

2022-06-24 08:21:15 - [TEST_STEP][PASSED] - refID31 = I.RefID(): Current window's url is: 'http://mdb-release.diadeis.lan/MediaboxIndependence/Base/ExecAction?IDSession=MBI%21RELTESTAUTO_DREYERS%21VPPHPOZ7LJRMZOZH0FH2D16HV3UQKMJ9E2K39PY3&default_action=ModifierRef&id_project=MI000883&id_ref=5341&action_from=create_ref'

2022-06-24 08:21:20 - [MESSAGE][PASSED] - Delayed 5 second(s)

2022-06-24 08:21:20 - [MESSAGE][PASSED] - Current window's url is: 'http://mdb-release.diadeis.lan/MediaboxIndependence/Base/ExecAction?IDSession=MBI%21RELTESTAUTO_DREYERS%21VPPHPOZ7LJRMZOZH0FH2D16HV3UQKMJ9E2K39PY3&default_action=ModifierRef&id_project=MI000883&id_ref=5341&action_from=create_ref'

2022-06-24 08:21:20 - [TEST_STEP][PASSED] - click(findTestObject("1. Constant/xpath", ["xpath":"//*[@id="type_save"]"])): Object: 'Object Repository/1. Constant/xpath' is clicked on

2022-06-24 08:21:24 - [MESSAGE][PASSED] - Object: 'Object Repository/1. Constant/xpath' is clicked on

2022-06-24 08:21:24 - [TEST_STEP][PASSED] - takeScreenshot(): Taking screenshot successfully

2022-06-24 08:21:25 - [MESSAGE][PASSED] - Taking screenshot successfully
[[ATTACHMENT|D:\\Projet Test Auto\\Mediabox Test Automation\\Reports\\20220624_080915\\03. Parallel Testing (Testing)\\TS -PT PART 3\\14.06 Dreyers Support Action (Ongoing _ Completed ref) - PART 6\\20220624_080917\\1656051684793.png]]

2022-06-24 08:21:25 - [TEST_STEP][PASSED] - delay(1): Delayed 1 second(s)

2022-06-24 08:21:26 - [MESSAGE][PASSED] - Delayed 1 second(s)

2022-06-24 08:21:26 - [TEST_STEP][PASSED] - I.SearchRefNo_xpath("P31_Auto", "//*[@id="fiche_filter_keywords11"]", "//*[@id="form_filters"]/div[3]/button"): Delayed 5 second(s)

2022-06-24 08:21:27 - [MESSAGE][PASSED] - Delayed 1 second(s)

2022-06-24 08:21:27 - [MESSAGE][PASSED] - Text 'P31_Auto' is set on object 'Object Repository/1. Constant/xpath'

2022-06-24 08:21:30 - [MESSAGE][PASSED] - Delayed 3 second(s)

2022-06-24 08:21:30 - [MESSAGE][PASSED] - Scroll to object 'Object Repository/1. Constant/xpath' successfully

2022-06-24 08:21:33 - [MESSAGE][PASSED] - Object: 'Object Repository/1. Constant/xpath' is clicked on

2022-06-24 08:21:38 - [MESSAGE][PASSED] - Delayed 5 second(s)

2022-06-24 08:21:38 - [TEST_STEP][PASSED] - click(findTestObject("1. Constant/xpath", ["xpath":"//*[@id="source_" + refID31 + ""]/td[13]/a[3]"])): Object: 'Object Repository/1. Constant/xpath' is clicked on

2022-06-24 08:21:39 - [MESSAGE][PASSED] - Object: 'Object Repository/1. Constant/xpath' is clicked on

2022-06-24 08:21:39 - [TEST_STEP][PASSED] - click(findTestObject("1. Constant/xpath", ["xpath":"//*[@id="ModifFiche"]/div[1]/div/button[2]"])): Object: 'Object Repository/1. Constant/xpath' is clicked on

2022-06-24 08:21:43 - [MESSAGE][PASSED] - Object: 'Object Repository/1. Constant/xpath' is clicked on

2022-06-24 08:21:43 - [TEST_STEP][PASSED] - click(findTestObject("1. Constant/xpath", ["xpath":"//*[@id="source_" + refID31 + ""]/td[6]/a"])): Object: 'Object Repository/1. Constant/xpath' is clicked on

2022-06-24 08:21:47 - [MESSAGE][PASSED] - Object: 'Object Repository/1. Constant/xpath' is clicked on

2022-06-24 08:21:47 - [TEST_STEP][PASSED] - delay(1): Delayed 1 second(s)

2022-06-24 08:21:48 - [MESSAGE][PASSED] - Delayed 1 second(s)

2022-06-24 08:21:48 - [TEST_STEP][PASSED] - click(findTestObject("1. Constant/xpath", ["xpath":"//*[@id="kt_content"]/div[3]/div/ul/li[3]/a"])): Object: 'Object Repository/1. Constant/xpath' is clicked on

2022-06-24 08:21:49 - [MESSAGE][PASSED] - Object: 'Object Repository/1. Constant/xpath' is clicked on

2022-06-24 08:21:49 - [TEST_STEP][PASSED] - takeScreenshot(): Taking screenshot successfully

2022-06-24 08:21:50 - [MESSAGE][PASSED] - Taking screenshot successfully
[[ATTACHMENT|D:\\Projet Test Auto\\Mediabox Test Automation\\Reports\\20220624_080915\\03. Parallel Testing (Testing)\\TS -PT PART 3\\14.06 Dreyers Support Action (Ongoing _ Completed ref) - PART 6\\20220624_080917\\1656051709949.png]]

2022-06-24 08:21:50 - [TEST_STEP][PASSED] - delay(1): Delayed 1 second(s)

2022-06-24 08:21:51 - [MESSAGE][PASSED] - Delayed 1 second(s)

2022-06-24 08:21:51 - [TEST_STEP][PASSED] - click(findTestObject("1. Constant/xpath", ["xpath":"/html/body/div[1]/div[2]/div[8]/div[3]/div/div[3]/div[3]/div/div/div[1]/div/div[2]/div/div[1]/div[2]/div/button"])): Object: 'Object Repository/1. Constant/xpath' is clicked on

2022-06-24 08:21:51 - [MESSAGE][PASSED] - Object: 'Object Repository/1. Constant/xpath' is clicked on

2022-06-24 08:21:51 - [TEST_STEP][PASSED] - delay(1): Delayed 1 second(s)

2022-06-24 08:21:52 - [MESSAGE][PASSED] - Delayed 1 second(s)

2022-06-24 08:21:52 - [TEST_STEP][PASSED] - takeScreenshot(): Taking screenshot successfully

2022-06-24 08:21:53 - [MESSAGE][PASSED] - Taking screenshot successfully
[[ATTACHMENT|D:\\Projet Test Auto\\Mediabox Test Automation\\Reports\\20220624_080915\\03. Parallel Testing (Testing)\\TS -PT PART 3\\14.06 Dreyers Support Action (Ongoing _ Completed ref) - PART 6\\20220624_080917\\1656051713034.png]]

2022-06-24 08:21:53 - [TEST_STEP][PASSED] - delay(1): Delayed 1 second(s)

2022-06-24 08:21:54 - [MESSAGE][PASSED] - Delayed 1 second(s)

2022-06-24 08:21:54 - [TEST_STEP][PASSED] - x = 15: null

2022-06-24 08:21:54 - [TEST_STEP][PASSED] - i = 1: null

2022-06-24 08:21:54 - [TEST_STEP][PASSED] - while (i <= x): null

2022-06-24 08:21:54 - [TEST_STEP][PASSED] - Expected_SAS_Selected = "2. SAS S39: Skip Phase 1.2 / Add Phase 3.3": null

2022-06-24 08:21:54 - [TEST_STEP][PASSED] - xpath_SAS = "/html/body/div[1]/div[2]/div[8]/div[3]/div/div[3]/div[3]/div/div/div[1]/div/div[2]/div/div[1]/div[2]/div/div/a[" + i + "]": null

2022-06-24 08:21:54 - [TEST_STEP][PASSED] - Actual_SAS = getText(findTestObject("1. Constant/xpath", ["xpath":xpath_SAS])): Text of object 'Object Repository/1. Constant/xpath' is: '2. SAS S39: Skip Phase 1.2 / Add Phase 3.3'

2022-06-24 08:21:54 - [MESSAGE][PASSED] - Text of object 'Object Repository/1. Constant/xpath' is: '2. SAS S39: Skip Phase 1.2 / Add Phase 3.3'

2022-06-24 08:21:54 - [TEST_STEP][PASSED] - I.print(i): null

2022-06-24 08:21:54 - [TEST_STEP][PASSED] - if (Actual_SAS.contains(Expected_SAS_Selected)): null

2022-06-24 08:21:54 - [TEST_STEP][PASSED] - click(findTestObject("1. Constant/xpath", ["xpath":xpath_SAS])): Object: 'Object Repository/1. Constant/xpath' is clicked on

2022-06-24 08:21:55 - [MESSAGE][PASSED] - Object: 'Object Repository/1. Constant/xpath' is clicked on

2022-06-24 08:21:55 - [TEST_STEP][PASSED] - break: null

2022-06-24 08:21:55 - [TEST_STEP][PASSED] - takeScreenshot(): Taking screenshot successfully

2022-06-24 08:21:55 - [MESSAGE][PASSED] - Taking screenshot successfully
[[ATTACHMENT|D:\\Projet Test Auto\\Mediabox Test Automation\\Reports\\20220624_080915\\03. Parallel Testing (Testing)\\TS -PT PART 3\\14.06 Dreyers Support Action (Ongoing _ Completed ref) - PART 6\\20220624_080917\\1656051715186.png]]

2022-06-24 08:21:55 - [TEST_STEP][PASSED] - delay(1): Delayed 1 second(s)

2022-06-24 08:21:56 - [MESSAGE][PASSED] - Delayed 1 second(s)

2022-06-24 08:21:56 - [TEST_STEP][PASSED] - click(findTestObject("1. Constant/xpath", ["xpath":"//*[@id="confirmSupportActionShortcut"]"])): Object: 'Object Repository/1. Constant/xpath' is clicked on

2022-06-24 08:22:02 - [MESSAGE][PASSED] - Object: 'Object Repository/1. Constant/xpath' is clicked on

2022-06-24 08:22:02 - [TEST_STEP][PASSED] - click(findTestObject("1. Constant/xpath", ["xpath":"//*[@id="kt_content"]/div[3]/div/ul/li[3]/a"])): Object: 'Object Repository/1. Constant/xpath' is clicked on

2022-06-24 08:22:04 - [MESSAGE][PASSED] - Object: 'Object Repository/1. Constant/xpath' is clicked on

2022-06-24 08:22:04 - [TEST_STEP][PASSED] - takeScreenshot(): Taking screenshot successfully

2022-06-24 08:22:04 - [MESSAGE][PASSED] - Taking screenshot successfully
[[ATTACHMENT|D:\\Projet Test Auto\\Mediabox Test Automation\\Reports\\20220624_080915\\03. Parallel Testing (Testing)\\TS -PT PART 3\\14.06 Dreyers Support Action (Ongoing _ Completed ref) - PART 6\\20220624_080917\\1656051724108.png]]

2022-06-24 08:22:04 - [TEST_STEP][PASSED] - StepA_1 = getAttribute(findTestObject("1. Constant/xpath", ["xpath":"/html/body/div[1]/div[2]/div[8]/div[3]/div/div[3]/div[3]/div/ul/li[1]/a"]), "class"): Attribute 'class' of object 'Object Repository/1. Constant/xpath' is: 'nav-link timeline-badge badge-xl  bg-pending active'

2022-06-24 08:22:05 - [MESSAGE][PASSED] - Attribute 'class' of object 'Object Repository/1. Constant/xpath' is: 'nav-link timeline-badge badge-xl  bg-pending active'

2022-06-24 08:22:05 - [TEST_STEP][PASSED] - verifyMatch(StepA_1, "nav-link timeline-badge badge-xl  bg-pending active", false): Actual text 'nav-link timeline-badge badge-xl  bg-pending active' and expected text 'nav-link timeline-badge badge-xl  bg-pending active' are matched 

2022-06-24 08:22:05 - [MESSAGE][PASSED] - Actual text 'nav-link timeline-badge badge-xl  bg-pending active' and expected text 'nav-link timeline-badge badge-xl  bg-pending active' are matched 

2022-06-24 08:22:05 - [TEST_STEP][PASSED] - StepA_11 = I.Get_Stepname("/html/body/div[1]/div[2]/div[8]/div[3]/div/div[3]/div[3]/div/ul/li[1]/a"): Attribute 'href' of object 'Object Repository/1. Constant/xpath' is: 'http://mdb-release.diadeis.lan/MediaboxIndependence/Base/ExecAction?action=VoirRef&IDSession=MBI!RELTESTAUTO_DREYERS!VPPHPOZ7LJRMZOZH0FH2D16HV3UQKMJ9E2K39PY3&num=1XFARH8CV4&id_ref=5341#tab_lifecycle_SASStepA_12395'

2022-06-24 08:22:10 - [MESSAGE][PASSED] - Delayed 5 second(s)

2022-06-24 08:22:10 - [MESSAGE][PASSED] - Attribute 'href' of object 'Object Repository/1. Constant/xpath' is: 'http://mdb-release.diadeis.lan/MediaboxIndependence/Base/ExecAction?action=VoirRef&IDSession=MBI!RELTESTAUTO_DREYERS!VPPHPOZ7LJRMZOZH0FH2D16HV3UQKMJ9E2K39PY3&num=1XFARH8CV4&id_ref=5341#tab_lifecycle_SASStepA_12395'

2022-06-24 08:22:10 - [TEST_STEP][PASSED] - verifyMatch(StepA_11, "SASStepA", false): Actual text 'SASStepA' and expected text 'SASStepA' are matched 

2022-06-24 08:22:10 - [MESSAGE][PASSED] - Actual text 'SASStepA' and expected text 'SASStepA' are matched 

2022-06-24 08:22:10 - [TEST_STEP][PASSED] - Name_StepAP1_1 = getText(findTestObject("1. Constant/xpath", ["xpath":"/html/body/div[1]/div[2]/div[8]/div[3]/div/div[3]/div[3]/div/div/div[1]/div/div[1]/div/div[1]/div[1]/h3"])): Text of object 'Object Repository/1. Constant/xpath' is: 'Phase 1.1 [Standard]'

2022-06-24 08:22:10 - [MESSAGE][PASSED] - Text of object 'Object Repository/1. Constant/xpath' is: 'Phase 1.1 [Standard]'

2022-06-24 08:22:10 - [TEST_STEP][PASSED] - verifyMatch(Name_StepAP1_1, "Phase 1.1 [Standard]", false): Actual text 'Phase 1.1 [Standard]' and expected text 'Phase 1.1 [Standard]' are matched 

2022-06-24 08:22:10 - [MESSAGE][PASSED] - Actual text 'Phase 1.1 [Standard]' and expected text 'Phase 1.1 [Standard]' are matched 

2022-06-24 08:22:10 - [TEST_STEP][PASSED] - Status_StepAP1_1 = getAttribute(findTestObject("1. Constant/xpath", ["xpath":"/html/body/div[1]/div[2]/div[8]/div[3]/div/div[3]/div[3]/div/div/div[1]/div/div[1]/span"]), "class"): Attribute 'class' of object 'Object Repository/1. Constant/xpath' is: 'timeline-badge badge-md bg-complete '

2022-06-24 08:22:11 - [MESSAGE][PASSED] - Attribute 'class' of object 'Object Repository/1. Constant/xpath' is: 'timeline-badge badge-md bg-complete '

2022-06-24 08:22:11 - [TEST_STEP][PASSED] - verifyMatch(Status_StepAP1_1, "timeline-badge badge-md bg-complete ", false): Actual text 'timeline-badge badge-md bg-complete ' and expected text 'timeline-badge badge-md bg-complete ' are matched 

2022-06-24 08:22:11 - [MESSAGE][PASSED] - Actual text 'timeline-badge badge-md bg-complete ' and expected text 'timeline-badge badge-md bg-complete ' are matched 

2022-06-24 08:22:11 - [TEST_STEP][PASSED] - Name_StepAP1_2 = getText(findTestObject("1. Constant/xpath", ["xpath":"/html/body/div[1]/div[2]/div[8]/div[3]/div/div[3]/div[3]/div/div/div[1]/div/div[2]/div/div[1]/div[1]/h3"])): Text of object 'Object Repository/1. Constant/xpath' is: 'Phase 1.2 [Standard Phase]'

2022-06-24 08:22:11 - [MESSAGE][PASSED] - Text of object 'Object Repository/1. Constant/xpath' is: 'Phase 1.2 [Standard Phase]'

2022-06-24 08:22:11 - [TEST_STEP][PASSED] - verifyMatch(Name_StepAP1_2, "Phase 1.2 [Standard Phase]", false): Actual text 'Phase 1.2 [Standard Phase]' and expected text 'Phase 1.2 [Standard Phase]' are matched 

2022-06-24 08:22:11 - [MESSAGE][PASSED] - Actual text 'Phase 1.2 [Standard Phase]' and expected text 'Phase 1.2 [Standard Phase]' are matched 

2022-06-24 08:22:11 - [TEST_STEP][PASSED] - Status_StepAP1_2 = getAttribute(findTestObject("1. Constant/xpath", ["xpath":"/html/body/div[1]/div[2]/div[8]/div[3]/div/div[3]/div[3]/div/div/div[1]/div/div[2]/span"]), "class"): Attribute 'class' of object 'Object Repository/1. Constant/xpath' is: 'timeline-badge badge-md bg-pending timeline-vertical-after-xl'

2022-06-24 08:22:11 - [MESSAGE][PASSED] - Attribute 'class' of object 'Object Repository/1. Constant/xpath' is: 'timeline-badge badge-md bg-pending timeline-vertical-after-xl'

2022-06-24 08:22:11 - [TEST_STEP][PASSED] - verifyMatch(Status_StepAP1_2, "timeline-badge badge-md bg-pending timeline-vertical-after-xl", false): Actual text 'timeline-badge badge-md bg-pending timeline-vertical-after-xl' and expected text 'timeline-badge badge-md bg-pending timeline-vertical-after-xl' are matched 

2022-06-24 08:22:11 - [MESSAGE][PASSED] - Actual text 'timeline-badge badge-md bg-pending timeline-vertical-after-xl' and expected text 'timeline-badge badge-md bg-pending timeline-vertical-after-xl' are matched 

2022-06-24 08:22:11 - [TEST_STEP][PASSED] - StepC_2 = getAttribute(findTestObject("1. Constant/xpath", ["xpath":"/html/body/div[1]/div[2]/div[8]/div[3]/div/div[3]/div[3]/div/ul/li[2]/a"]), "class"): Attribute 'class' of object 'Object Repository/1. Constant/xpath' is: 'nav-link timeline-badge badge-xl  bg-waiting '

2022-06-24 08:22:12 - [MESSAGE][PASSED] - Attribute 'class' of object 'Object Repository/1. Constant/xpath' is: 'nav-link timeline-badge badge-xl  bg-waiting '

2022-06-24 08:22:12 - [TEST_STEP][PASSED] - verifyMatch(StepC_2, "nav-link timeline-badge badge-xl  bg-waiting ", false): Actual text 'nav-link timeline-badge badge-xl  bg-waiting ' and expected text 'nav-link timeline-badge badge-xl  bg-waiting ' are matched 

2022-06-24 08:22:12 - [MESSAGE][PASSED] - Actual text 'nav-link timeline-badge badge-xl  bg-waiting ' and expected text 'nav-link timeline-badge badge-xl  bg-waiting ' are matched 

2022-06-24 08:22:12 - [TEST_STEP][PASSED] - Name_StepC_2 = I.Get_Stepname("/html/body/div[1]/div[2]/div[8]/div[3]/div/div[3]/div[3]/div/ul/li[2]/a"): Attribute 'href' of object 'Object Repository/1. Constant/xpath' is: 'http://mdb-release.diadeis.lan/MediaboxIndependence/Base/ExecAction?action=VoirRef&IDSession=MBI!RELTESTAUTO_DREYERS!VPPHPOZ7LJRMZOZH0FH2D16HV3UQKMJ9E2K39PY3&num=1XFARH8CV4&id_ref=5341#tab_lifecycle_SASStepC_12398'

2022-06-24 08:22:17 - [MESSAGE][PASSED] - Delayed 5 second(s)

2022-06-24 08:22:17 - [MESSAGE][PASSED] - Attribute 'href' of object 'Object Repository/1. Constant/xpath' is: 'http://mdb-release.diadeis.lan/MediaboxIndependence/Base/ExecAction?action=VoirRef&IDSession=MBI!RELTESTAUTO_DREYERS!VPPHPOZ7LJRMZOZH0FH2D16HV3UQKMJ9E2K39PY3&num=1XFARH8CV4&id_ref=5341#tab_lifecycle_SASStepC_12398'

2022-06-24 08:22:17 - [TEST_STEP][PASSED] - verifyMatch(Name_StepC_2, "SASStepC", false): Actual text 'SASStepC' and expected text 'SASStepC' are matched 

2022-06-24 08:22:17 - [MESSAGE][PASSED] - Actual text 'SASStepC' and expected text 'SASStepC' are matched 

2022-06-24 08:22:17 - [TEST_STEP][PASSED] - click(findTestObject("1. Constant/xpath", ["xpath":"/html/body/div[1]/div[2]/div[8]/div[2]/div/nav/ol/li[2]/a"])): Object: 'Object Repository/1. Constant/xpath' is clicked on

2022-06-24 08:22:20 - [MESSAGE][PASSED] - Object: 'Object Repository/1. Constant/xpath' is clicked on

2022-06-24 08:22:20 - [TEST_STEP][PASSED] - I.Logout(): Delayed 3 second(s)

2022-06-24 08:22:23 - [MESSAGE][PASSED] - Delayed 3 second(s)

2022-06-24 08:22:23 - [MESSAGE][PASSED] - Object: 'Object Repository/1. Constant/xpath' is clicked on

2022-06-24 08:22:26 - [MESSAGE][PASSED] - Delayed 3 second(s)

2022-06-24 08:22:34 - [MESSAGE][PASSED] - Object: 'Object Repository/1. Constant/xpath' is clicked on

2022-06-24 08:22:37 - [MESSAGE][PASSED] - Delayed 3 second(s)

2022-06-24 08:22:37 - [TEST_STEP][PASSED] - I.Login_password("nturner", password_nturner): Object: 'Object Repository/1. Constant/xpath' is clicked on

2022-06-24 08:22:38 - [MESSAGE][PASSED] - Text 'nturner' is set on object 'Object Repository/1. Constant/xpath'

2022-06-24 08:22:39 - [MESSAGE][PASSED] - Delayed 1 second(s)

2022-06-24 08:22:39 - [MESSAGE][PASSED] - Text 'diadeis1' is set on object 'Object Repository/1. Constant/xpath'

2022-06-24 08:22:40 - [MESSAGE][PASSED] - Delayed 1 second(s)

2022-06-24 08:22:45 - [MESSAGE][PASSED] - Object: 'Object Repository/1. Constant/xpath' is clicked on

2022-06-24 08:22:45 - [TEST_STEP][PASSED] - click(findTestObject("1. Constant/02_LHSMenu_Projects")): Object: 'Object Repository/1. Constant/02_LHSMenu_Projects' is clicked on

2022-06-24 08:22:49 - [MESSAGE][PASSED] - Object: 'Object Repository/1. Constant/02_LHSMenu_Projects' is clicked on

2022-06-24 08:22:49 - [TEST_STEP][PASSED] - I.SearchProjectNo_xpath(Project_No, "//*[@id="keynum_project"]", "//*[@id="form_filters"]/div[4]/button"): Delayed 5 second(s)

2022-06-24 08:22:50 - [MESSAGE][PASSED] - Delayed 1 second(s)

2022-06-24 08:22:52 - [MESSAGE][PASSED] - Text 'MI000883' is set on object 'Object Repository/1. Constant/xpath'

2022-06-24 08:22:55 - [MESSAGE][PASSED] - Delayed 3 second(s)

2022-06-24 08:22:56 - [MESSAGE][PASSED] - Scroll to object 'Object Repository/1. Constant/xpath' successfully

2022-06-24 08:23:01 - [MESSAGE][PASSED] - Object: 'Object Repository/1. Constant/xpath' is clicked on

2022-06-24 08:23:06 - [MESSAGE][PASSED] - Delayed 5 second(s)

2022-06-24 08:23:06 - [TEST_STEP][PASSED] - takeScreenshot(): Taking screenshot successfully

2022-06-24 08:23:07 - [MESSAGE][PASSED] - Taking screenshot successfully
[[ATTACHMENT|D:\\Projet Test Auto\\Mediabox Test Automation\\Reports\\20220624_080915\\03. Parallel Testing (Testing)\\TS -PT PART 3\\14.06 Dreyers Support Action (Ongoing _ Completed ref) - PART 6\\20220624_080917\\1656051786946.png]]

2022-06-24 08:23:07 - [TEST_STEP][PASSED] - I.SearchRefNo_xpath("P31_Auto", "//*[@id="fiche_filter_keywords11"]", "//*[@id="form_filters"]/div[3]/button"): Delayed 5 second(s)

2022-06-24 08:23:08 - [MESSAGE][PASSED] - Delayed 1 second(s)

2022-06-24 08:23:09 - [MESSAGE][PASSED] - Text 'P31_Auto' is set on object 'Object Repository/1. Constant/xpath'

2022-06-24 08:23:12 - [MESSAGE][PASSED] - Delayed 3 second(s)

2022-06-24 08:23:12 - [MESSAGE][PASSED] - Scroll to object 'Object Repository/1. Constant/xpath' successfully

2022-06-24 08:23:14 - [MESSAGE][PASSED] - Object: 'Object Repository/1. Constant/xpath' is clicked on

2022-06-24 08:23:19 - [MESSAGE][PASSED] - Delayed 5 second(s)

2022-06-24 08:23:19 - [TEST_STEP][PASSED] - delay(1): Delayed 1 second(s)

2022-06-24 08:23:20 - [MESSAGE][PASSED] - Delayed 1 second(s)

2022-06-24 08:23:20 - [TEST_STEP][PASSED] - takeScreenshot(): Taking screenshot successfully

2022-06-24 08:23:21 - [MESSAGE][PASSED] - Taking screenshot successfully
[[ATTACHMENT|D:\\Projet Test Auto\\Mediabox Test Automation\\Reports\\20220624_080915\\03. Parallel Testing (Testing)\\TS -PT PART 3\\14.06 Dreyers Support Action (Ongoing _ Completed ref) - PART 6\\20220624_080917\\1656051800940.png]]

2022-06-24 08:23:21 - [TEST_STEP][PASSED] - Lifecycle_Status1 = getText(findTestObject("1. Constant/xpath", ["xpath":"//*[@id="source_" + refID31 + ""]/td[12]/span[1]"])): Text of object 'Object Repository/1. Constant/xpath' is: 'Phase 1.2 [Standard Phase]'

2022-06-24 08:23:21 - [MESSAGE][PASSED] - Text of object 'Object Repository/1. Constant/xpath' is: 'Phase 1.2 [Standard Phase]'

2022-06-24 08:23:21 - [TEST_STEP][PASSED] - verifyMatch(Lifecycle_Status1, "Phase 1.2 [Standard Phase]", false): Actual text 'Phase 1.2 [Standard Phase]' and expected text 'Phase 1.2 [Standard Phase]' are matched 

2022-06-24 08:23:21 - [MESSAGE][PASSED] - Actual text 'Phase 1.2 [Standard Phase]' and expected text 'Phase 1.2 [Standard Phase]' are matched 

2022-06-24 08:23:21 - [TEST_STEP][PASSED] - click(findTestObject("1. Constant/xpath", ["xpath":"//*[@id="source_" + refID31 + ""]/td[13]/a[2]"])): Object: 'Object Repository/1. Constant/xpath' is clicked on

2022-06-24 08:23:23 - [MESSAGE][PASSED] - Object: 'Object Repository/1. Constant/xpath' is clicked on

2022-06-24 08:23:23 - [TEST_STEP][PASSED] - click(findTestObject("1. Constant/xpath", ["xpath":"//*[@id="ModifFiche"]/div[1]/div/button[2]"])): Object: 'Object Repository/1. Constant/xpath' is clicked on

2022-06-24 08:23:26 - [MESSAGE][PASSED] - Object: 'Object Repository/1. Constant/xpath' is clicked on

2022-06-24 08:23:26 - [TEST_STEP][PASSED] - Lifecycle_Status4 = getText(findTestObject("1. Constant/xpath", ["xpath":"//*[@id="source_" + refID31 + ""]/td[12]/span[1]"])): Text of object 'Object Repository/1. Constant/xpath' is: 'Phase 3.3 [Standard]'

2022-06-24 08:23:27 - [MESSAGE][PASSED] - Text of object 'Object Repository/1. Constant/xpath' is: 'Phase 3.3 [Standard]'

2022-06-24 08:23:27 - [TEST_STEP][PASSED] - verifyMatch(Lifecycle_Status4, "Phase 3.3 [Standard]", false): Actual text 'Phase 3.3 [Standard]' and expected text 'Phase 3.3 [Standard]' are matched 

2022-06-24 08:23:27 - [MESSAGE][PASSED] - Actual text 'Phase 3.3 [Standard]' and expected text 'Phase 3.3 [Standard]' are matched 

2022-06-24 08:23:27 - [TEST_STEP][PASSED] - takeScreenshot(): Taking screenshot successfully

2022-06-24 08:23:27 - [MESSAGE][PASSED] - Taking screenshot successfully
[[ATTACHMENT|D:\\Projet Test Auto\\Mediabox Test Automation\\Reports\\20220624_080915\\03. Parallel Testing (Testing)\\TS -PT PART 3\\14.06 Dreyers Support Action (Ongoing _ Completed ref) - PART 6\\20220624_080917\\1656051807189.png]]

2022-06-24 08:23:27 - [TEST_STEP][PASSED] - I.Logout(): Delayed 3 second(s)

2022-06-24 08:23:30 - [MESSAGE][PASSED] - Delayed 3 second(s)

2022-06-24 08:23:31 - [MESSAGE][PASSED] - Object: 'Object Repository/1. Constant/xpath' is clicked on

2022-06-24 08:23:34 - [MESSAGE][PASSED] - Delayed 3 second(s)

2022-06-24 08:23:35 - [MESSAGE][PASSED] - Object: 'Object Repository/1. Constant/xpath' is clicked on

2022-06-24 08:23:38 - [MESSAGE][PASSED] - Delayed 3 second(s)

2022-06-24 08:23:38 - [TEST_STEP][PASSED] - I.Login_password("jryan", password_jryan): Object: 'Object Repository/1. Constant/xpath' is clicked on

2022-06-24 08:23:39 - [MESSAGE][PASSED] - Text 'jryan' is set on object 'Object Repository/1. Constant/xpath'

2022-06-24 08:23:40 - [MESSAGE][PASSED] - Delayed 1 second(s)

2022-06-24 08:23:43 - [MESSAGE][PASSED] - Text 'diadeis' is set on object 'Object Repository/1. Constant/xpath'

2022-06-24 08:23:44 - [MESSAGE][PASSED] - Delayed 1 second(s)

2022-06-24 08:23:49 - [MESSAGE][PASSED] - Object: 'Object Repository/1. Constant/xpath' is clicked on

2022-06-24 08:23:49 - [TEST_STEP][PASSED] - click(findTestObject("1. Constant/02_LHSMenu_Projects")): Object: 'Object Repository/1. Constant/02_LHSMenu_Projects' is clicked on

2022-06-24 08:23:53 - [MESSAGE][PASSED] - Object: 'Object Repository/1. Constant/02_LHSMenu_Projects' is clicked on

2022-06-24 08:23:53 - [TEST_STEP][PASSED] - I.SearchProjectNo_xpath(Project_No, "//*[@id="keynum_project"]", "//*[@id="form_filters"]/div[4]/button"): Delayed 5 second(s)

2022-06-24 08:23:54 - [MESSAGE][PASSED] - Delayed 1 second(s)

2022-06-24 08:23:55 - [MESSAGE][PASSED] - Text 'MI000883' is set on object 'Object Repository/1. Constant/xpath'

2022-06-24 08:23:58 - [MESSAGE][PASSED] - Delayed 3 second(s)

2022-06-24 08:23:58 - [MESSAGE][PASSED] - Scroll to object 'Object Repository/1. Constant/xpath' successfully

2022-06-24 08:24:01 - [MESSAGE][PASSED] - Object: 'Object Repository/1. Constant/xpath' is clicked on

2022-06-24 08:24:06 - [MESSAGE][PASSED] - Delayed 5 second(s)

2022-06-24 08:24:06 - [TEST_STEP][PASSED] - takeScreenshot(): Taking screenshot successfully

2022-06-24 08:24:07 - [MESSAGE][PASSED] - Taking screenshot successfully
[[ATTACHMENT|D:\\Projet Test Auto\\Mediabox Test Automation\\Reports\\20220624_080915\\03. Parallel Testing (Testing)\\TS -PT PART 3\\14.06 Dreyers Support Action (Ongoing _ Completed ref) - PART 6\\20220624_080917\\1656051847131.png]]

2022-06-24 08:24:07 - [TEST_STEP][PASSED] - I.SearchRefNo_xpath("P31_Auto", "//*[@id="fiche_filter_keywords11"]", "//*[@id="form_filters"]/div[3]/button"): Delayed 5 second(s)

2022-06-24 08:24:08 - [MESSAGE][PASSED] - Delayed 1 second(s)

2022-06-24 08:24:08 - [MESSAGE][PASSED] - Text 'P31_Auto' is set on object 'Object Repository/1. Constant/xpath'

2022-06-24 08:24:11 - [MESSAGE][PASSED] - Delayed 3 second(s)

2022-06-24 08:24:12 - [MESSAGE][PASSED] - Scroll to object 'Object Repository/1. Constant/xpath' successfully

2022-06-24 08:24:15 - [MESSAGE][PASSED] - Object: 'Object Repository/1. Constant/xpath' is clicked on

2022-06-24 08:24:20 - [MESSAGE][PASSED] - Delayed 5 second(s)

2022-06-24 08:24:20 - [TEST_STEP][PASSED] - takeScreenshot(): Taking screenshot successfully

2022-06-24 08:24:20 - [MESSAGE][PASSED] - Taking screenshot successfully
[[ATTACHMENT|D:\\Projet Test Auto\\Mediabox Test Automation\\Reports\\20220624_080915\\03. Parallel Testing (Testing)\\TS -PT PART 3\\14.06 Dreyers Support Action (Ongoing _ Completed ref) - PART 6\\20220624_080917\\1656051860317.png]]

2022-06-24 08:24:20 - [TEST_STEP][PASSED] - click(findTestObject("1. Constant/xpath", ["xpath":"//*[@id="source_" + refID31 + ""]/td[14]/a[2]"])): Object: 'Object Repository/1. Constant/xpath' is clicked on

2022-06-24 08:24:24 - [MESSAGE][PASSED] - Object: 'Object Repository/1. Constant/xpath' is clicked on

2022-06-24 08:24:24 - [TEST_STEP][PASSED] - click(findTestObject("1. Constant/xpath", ["xpath":"//*[@id="ModifFiche"]/div[1]/div/button[2]"])): Object: 'Object Repository/1. Constant/xpath' is clicked on

2022-06-24 08:24:28 - [MESSAGE][PASSED] - Object: 'Object Repository/1. Constant/xpath' is clicked on

2022-06-24 08:24:28 - [TEST_STEP][PASSED] - Lifecycle_Status8 = getText(findTestObject("1. Constant/xpath", ["xpath":"//*[@id="source_" + refID31 + ""]/td[12]/span[1]"])): Text of object 'Object Repository/1. Constant/xpath' is: 'Phase 2.1 [Production]'

2022-06-24 08:24:29 - [MESSAGE][PASSED] - Text of object 'Object Repository/1. Constant/xpath' is: 'Phase 2.1 [Production]'

2022-06-24 08:24:29 - [TEST_STEP][PASSED] - verifyMatch(Lifecycle_Status8, "Phase 2.1 [Production]", false): Actual text 'Phase 2.1 [Production]' and expected text 'Phase 2.1 [Production]' are matched 

2022-06-24 08:24:29 - [MESSAGE][PASSED] - Actual text 'Phase 2.1 [Production]' and expected text 'Phase 2.1 [Production]' are matched 

2022-06-24 08:24:29 - [TEST_STEP][PASSED] - I.Logout(): Delayed 3 second(s)

2022-06-24 08:24:32 - [MESSAGE][PASSED] - Delayed 3 second(s)

2022-06-24 08:24:32 - [MESSAGE][PASSED] - Object: 'Object Repository/1. Constant/xpath' is clicked on

2022-06-24 08:24:35 - [MESSAGE][PASSED] - Delayed 3 second(s)

2022-06-24 08:24:37 - [MESSAGE][PASSED] - Object: 'Object Repository/1. Constant/xpath' is clicked on

2022-06-24 08:24:40 - [MESSAGE][PASSED] - Delayed 3 second(s)

2022-06-24 08:24:40 - [TEST_STEP][PASSED] - I.Login_password("suser", password_suser): Object: 'Object Repository/1. Constant/xpath' is clicked on

2022-06-24 08:24:41 - [MESSAGE][PASSED] - Text 'suser' is set on object 'Object Repository/1. Constant/xpath'

2022-06-24 08:24:42 - [MESSAGE][PASSED] - Delayed 1 second(s)

2022-06-24 08:24:42 - [MESSAGE][PASSED] - Text 'diadeis' is set on object 'Object Repository/1. Constant/xpath'

2022-06-24 08:24:43 - [MESSAGE][PASSED] - Delayed 1 second(s)

2022-06-24 08:24:47 - [MESSAGE][PASSED] - Object: 'Object Repository/1. Constant/xpath' is clicked on

2022-06-24 08:24:47 - [TEST_STEP][PASSED] - click(findTestObject("1. Constant/02_LHSMenu_Projects")): Object: 'Object Repository/1. Constant/02_LHSMenu_Projects' is clicked on

2022-06-24 08:24:49 - [MESSAGE][PASSED] - Object: 'Object Repository/1. Constant/02_LHSMenu_Projects' is clicked on

2022-06-24 08:24:49 - [TEST_STEP][PASSED] - I.SearchProjectNo_xpath(Project_No, "//*[@id="keynum_project"]", "//*[@id="form_filters"]/div[4]/button"): Delayed 5 second(s)

2022-06-24 08:24:50 - [MESSAGE][PASSED] - Delayed 1 second(s)

2022-06-24 08:24:52 - [MESSAGE][PASSED] - Text 'MI000883' is set on object 'Object Repository/1. Constant/xpath'

2022-06-24 08:24:55 - [MESSAGE][PASSED] - Delayed 3 second(s)

2022-06-24 08:24:56 - [MESSAGE][PASSED] - Scroll to object 'Object Repository/1. Constant/xpath' successfully

2022-06-24 08:24:59 - [MESSAGE][PASSED] - Object: 'Object Repository/1. Constant/xpath' is clicked on

2022-06-24 08:25:04 - [MESSAGE][PASSED] - Delayed 5 second(s)

2022-06-24 08:25:04 - [TEST_STEP][PASSED] - takeScreenshot(): Taking screenshot successfully

2022-06-24 08:25:05 - [MESSAGE][PASSED] - Taking screenshot successfully
[[ATTACHMENT|D:\\Projet Test Auto\\Mediabox Test Automation\\Reports\\20220624_080915\\03. Parallel Testing (Testing)\\TS -PT PART 3\\14.06 Dreyers Support Action (Ongoing _ Completed ref) - PART 6\\20220624_080917\\1656051905088.png]]

2022-06-24 08:25:05 - [TEST_STEP][PASSED] - I.SearchRefNo_xpath("P31_Auto", "//*[@id="fiche_filter_keywords11"]", "//*[@id="form_filters"]/div[3]/button"): Delayed 5 second(s)

2022-06-24 08:25:06 - [MESSAGE][PASSED] - Delayed 1 second(s)

2022-06-24 08:25:07 - [MESSAGE][PASSED] - Text 'P31_Auto' is set on object 'Object Repository/1. Constant/xpath'

2022-06-24 08:25:10 - [MESSAGE][PASSED] - Delayed 3 second(s)

2022-06-24 08:25:10 - [MESSAGE][PASSED] - Scroll to object 'Object Repository/1. Constant/xpath' successfully

2022-06-24 08:25:13 - [MESSAGE][PASSED] - Object: 'Object Repository/1. Constant/xpath' is clicked on

2022-06-24 08:25:18 - [MESSAGE][PASSED] - Delayed 5 second(s)

2022-06-24 08:25:18 - [TEST_STEP][PASSED] - takeScreenshot(): Taking screenshot successfully

2022-06-24 08:25:18 - [MESSAGE][PASSED] - Taking screenshot successfully
[[ATTACHMENT|D:\\Projet Test Auto\\Mediabox Test Automation\\Reports\\20220624_080915\\03. Parallel Testing (Testing)\\TS -PT PART 3\\14.06 Dreyers Support Action (Ongoing _ Completed ref) - PART 6\\20220624_080917\\1656051918415.png]]

2022-06-24 08:25:18 - [TEST_STEP][PASSED] - delay(1): Delayed 1 second(s)

2022-06-24 08:25:19 - [MESSAGE][PASSED] - Delayed 1 second(s)

2022-06-24 08:25:19 - [TEST_STEP][PASSED] - color2 = getCSSValue(findTestObject("1. Constant/xpath", ["xpath":"//*[@id="source_" + refID31 + ""]/td[14]/a[2]"]), "color", OPTIONAL): Get CSS 'color' value on 'Object Repository/1. Constant/xpath' successfully: 'rgba(255, 255, 255, 1)'.

2022-06-24 08:25:20 - [MESSAGE][PASSED] - Get CSS 'color' value on 'Object Repository/1. Constant/xpath' successfully: 'rgba(255, 255, 255, 1)'.

2022-06-24 08:25:20 - [TEST_STEP][PASSED] - while (color2 == "rgba(255, 255, 255, 1)"): Get CSS 'color' value on 'Object Repository/1. Constant/xpath' successfully: 'rgba(54, 153, 255, 1)'.

2022-06-24 08:25:20 - [TEST_STEP][PASSED] - click(findTestObject("1. Constant/xpath", ["xpath":"//*[@id="source_" + refID31 + ""]/td[14]/a[2]"])): Object: 'Object Repository/1. Constant/xpath' is clicked on

2022-06-24 08:25:22 - [MESSAGE][PASSED] - Object: 'Object Repository/1. Constant/xpath' is clicked on

2022-06-24 08:25:22 - [TEST_STEP][PASSED] - I.UploadDoc_sendkey_Prod(findTestObject("1. Constant/xpath", ["xpath":"//*[@id="kt_body"]/input[2]"]), "D:\Upoad_File\Upload doc\testdata1.pdf", "testdata1"): Delayed 5 second(s)

2022-06-24 08:25:22 - [MESSAGE][PASSED] - Scroll to object 'Object Repository/1. Constant/xpath' successfully

2022-06-24 08:25:27 - [MESSAGE][PASSED] - Delayed 5 second(s)

2022-06-24 08:25:27 - [MESSAGE][PASSED] - File 'D:\Upoad_File\Upload doc\testdata1.pdf' sent to object: 'Object Repository/1. Constant/xpath'

2022-06-24 08:25:32 - [MESSAGE][PASSED] - Delayed 5 second(s)

2022-06-24 08:25:33 - [MESSAGE][PASSED] - Text 'testdata1' is present on page 

2022-06-24 08:25:38 - [MESSAGE][PASSED] - Delayed 5 second(s)

2022-06-24 08:25:43 - [MESSAGE][PASSED] - Delayed 5 second(s)

2022-06-24 08:25:43 - [TEST_STEP][PASSED] - takeScreenshot(): Taking screenshot successfully

2022-06-24 08:25:43 - [MESSAGE][PASSED] - Taking screenshot successfully
[[ATTACHMENT|D:\\Projet Test Auto\\Mediabox Test Automation\\Reports\\20220624_080915\\03. Parallel Testing (Testing)\\TS -PT PART 3\\14.06 Dreyers Support Action (Ongoing _ Completed ref) - PART 6\\20220624_080917\\1656051943354.png]]

2022-06-24 08:25:43 - [TEST_STEP][PASSED] - delay(8): Delayed 8 second(s)

2022-06-24 08:25:51 - [MESSAGE][PASSED] - Delayed 8 second(s)

2022-06-24 08:25:51 - [TEST_STEP][PASSED] - click(findTestObject("HL Full Lifecycle/12 ReferncePage_Button_Updatensenddoc")): Object: 'Object Repository/HL Full Lifecycle/12 ReferncePage_Button_Updatensenddoc' is clicked on

2022-06-24 08:25:57 - [MESSAGE][PASSED] - Object: 'Object Repository/HL Full Lifecycle/12 ReferncePage_Button_Updatensenddoc' is clicked on

2022-06-24 08:25:57 - [TEST_STEP][PASSED] - delay(4): Delayed 4 second(s)

2022-06-24 08:26:01 - [MESSAGE][PASSED] - Delayed 4 second(s)

2022-06-24 08:26:01 - [TEST_STEP][PASSED] - color2 = getCSSValue(findTestObject("1. Constant/xpath", ["xpath":"//*[@id="source_" + refID31 + ""]/td[14]/a[2]"]), "color", OPTIONAL): Get CSS 'color' value on 'Object Repository/1. Constant/xpath' successfully: 'rgba(54, 153, 255, 1)'.

2022-06-24 08:26:02 - [MESSAGE][PASSED] - Get CSS 'color' value on 'Object Repository/1. Constant/xpath' successfully: 'rgba(54, 153, 255, 1)'.

2022-06-24 08:26:02 - [TEST_STEP][PASSED] - takeScreenshot(): Taking screenshot successfully

2022-06-24 08:26:03 - [MESSAGE][PASSED] - Taking screenshot successfully
[[ATTACHMENT|D:\\Projet Test Auto\\Mediabox Test Automation\\Reports\\20220624_080915\\03. Parallel Testing (Testing)\\TS -PT PART 3\\14.06 Dreyers Support Action (Ongoing _ Completed ref) - PART 6\\20220624_080917\\1656051962979.png]]

2022-06-24 08:26:03 - [TEST_STEP][PASSED] - click(findTestObject("1. Constant/xpath", ["xpath":"//*[@id="source_" + refID31 + ""]/td[6]/a"])): Object: 'Object Repository/1. Constant/xpath' is clicked on

2022-06-24 08:26:06 - [MESSAGE][PASSED] - Object: 'Object Repository/1. Constant/xpath' is clicked on

2022-06-24 08:26:06 - [TEST_STEP][PASSED] - takeScreenshot(): Taking screenshot successfully

2022-06-24 08:26:07 - [MESSAGE][PASSED] - Taking screenshot successfully
[[ATTACHMENT|D:\\Projet Test Auto\\Mediabox Test Automation\\Reports\\20220624_080915\\03. Parallel Testing (Testing)\\TS -PT PART 3\\14.06 Dreyers Support Action (Ongoing _ Completed ref) - PART 6\\20220624_080917\\1656051966741.png]]

2022-06-24 08:26:07 - [TEST_STEP][PASSED] - delay(1): Delayed 1 second(s)

2022-06-24 08:26:08 - [MESSAGE][PASSED] - Delayed 1 second(s)

2022-06-24 08:26:08 - [TEST_STEP][PASSED] - I.Approveforothers("/html/body/div[1]/div[2]/div[8]/div[3]/div/div[3]/div[2]/div/div[3]/div/div[2]/div[1]/div/div[2]/div/div[2]/div[2]/div/div/div[1]/img", "/html/body/div[1]/div[2]/div[8]/div[3]/div/div[3]/div[2]/div/div[3]/div/div[2]/div[1]/div/div[2]/div/div[2]/div[2]/div/div/div[6]/a[2]/span"): Object: 'Object Repository/1. Constant/xpath' is clicked on

2022-06-24 08:26:08 - [MESSAGE][PASSED] - Object: 'Object Repository/1. Constant/xpath' is clicked on

2022-06-24 08:26:09 - [MESSAGE][PASSED] - Delayed 1 second(s)

2022-06-24 08:26:10 - [MESSAGE][PASSED] - Object: 'Object Repository/1. Constant/xpath' is clicked on

2022-06-24 08:26:11 - [MESSAGE][PASSED] - Delayed 1 second(s)

2022-06-24 08:26:11 - [MESSAGE][PASSED] - Object: 'Object Repository/1. Constant/xpath' is hovered

2022-06-24 08:26:12 - [MESSAGE][PASSED] - Object: 'Object Repository/1. Constant/xpath' is clicked on

2022-06-24 08:26:13 - [MESSAGE][PASSED] - Delayed 1 second(s)

2022-06-24 08:26:16 - [MESSAGE][PASSED] - Object: 'Object Repository/1. Constant/xpath' is clicked on

2022-06-24 08:26:16 - [TEST_STEP][PASSED] - delay(1): Delayed 1 second(s)

2022-06-24 08:26:17 - [MESSAGE][PASSED] - Delayed 1 second(s)

2022-06-24 08:26:17 - [TEST_STEP][PASSED] - click(findTestObject("1. Constant/xpath", ["xpath":"//*[@id="kt_subheader"]/div/nav/ol/li[2]/a"])): Object: 'Object Repository/1. Constant/xpath' is clicked on

2022-06-24 08:26:20 - [MESSAGE][PASSED] - Object: 'Object Repository/1. Constant/xpath' is clicked on

2022-06-24 08:26:20 - [TEST_STEP][PASSED] - delay(1): Delayed 1 second(s)

2022-06-24 08:26:21 - [MESSAGE][PASSED] - Delayed 1 second(s)

2022-06-24 08:26:21 - [TEST_STEP][PASSED] - Lifecycle_Status9 = getText(findTestObject("1. Constant/xpath", ["xpath":"//*[@id="source_" + refID31 + ""]/td[11]/span[1]"])): Text of object 'Object Repository/1. Constant/xpath' is: 'Phase 3.1 [Question]'

2022-06-24 08:26:21 - [MESSAGE][PASSED] - Text of object 'Object Repository/1. Constant/xpath' is: 'Phase 3.1 [Question]'

2022-06-24 08:26:21 - [TEST_STEP][PASSED] - verifyMatch(Lifecycle_Status9, "Phase 3.1 [Question]", false): Actual text 'Phase 3.1 [Question]' and expected text 'Phase 3.1 [Question]' are matched 

2022-06-24 08:26:21 - [MESSAGE][PASSED] - Actual text 'Phase 3.1 [Question]' and expected text 'Phase 3.1 [Question]' are matched 

2022-06-24 08:26:21 - [TEST_STEP][PASSED] - closeBrowser(): Browser is closed

2022-06-24 08:26:21 - [MESSAGE][PASSED] - Browser is closed

2022-06-24 08:26:21 - [TEST_STEP][PASSED] - Start listener action : sampleAfterTestCase: null]]></system-out>
         <system-err><![CDATA[]]></system-err>
      </testcase>
      <testcase name="Test Cases/19. Dreyers Support Action (Ongoing ref_completed)/19.32 Dreyers SAS Add Phase (Ongoing ref) S40 - P32" time="394.624" classname="Test Cases/19. Dreyers Support Action (Ongoing ref_completed)/19.32 Dreyers SAS Add Phase (Ongoing ref) S40 - P32" status="PASSED">
         <system-out><![CDATA[2022-06-24 08:26:21 - [TEST_CASE][PASSED] - Test Cases/19. Dreyers Support Action (Ongoing ref_completed)/19.32 Dreyers SAS Add Phase (Ongoing ref) S40 - P32: Test Cases/19. Dreyers Support Action (Ongoing ref_completed)/19.32 Dreyers SAS Add Phase (Ongoing ref) S40 - P32

2022-06-24 08:26:22 - [TEST_STEP][PASSED] - data_Dreyers = findTestData("Data Files/Username_Password/Dreyer"): null

2022-06-24 08:26:22 - [TEST_STEP][PASSED] - password_suser = data_Dreyers.getValue(2, 1): null

2022-06-24 08:26:22 - [TEST_STEP][PASSED] - password_blemco = data_Dreyers.getValue(2, 2): null

2022-06-24 08:26:22 - [TEST_STEP][PASSED] - password_nturner = data_Dreyers.getValue(2, 6): null

2022-06-24 08:26:22 - [TEST_STEP][PASSED] - password_jryan = data_Dreyers.getValue(2, 12): null

2022-06-24 08:26:22 - [TEST_STEP][PASSED] - data_urlRELAUTO = findTestData("Data Files/URL/URL_relauto"): null

2022-06-24 08:26:22 - [TEST_STEP][PASSED] - Url_Dreyer = data_urlRELAUTO.getValue(2, 4): null

2022-06-24 08:26:22 - [TEST_STEP][PASSED] - Project_No = I.readnotepad("D:\Upoad_File\Projet_ Login\Dreyers\19.1\19.1_Dreyers_ProjectNo.txt"): null

2022-06-24 08:26:22 - [TEST_STEP][PASSED] - refID = I.readnotepad("D:\Upoad_File\Projet_ Login\Dreyers\19.1\19.1_Dreyers_refID.txt"): null

2022-06-24 08:26:22 - [TEST_STEP][PASSED] - openBrowser(Url_Dreyer): Browser is opened with url: 'http://mdb-release.diadeis.lan/MediaboxIndependence/?MBI_datasource=RELTESTAUTO_DREYERS'

2022-06-24 08:26:22 - [MESSAGE][INFO] - Starting 'Chrome (headless)' driver

2022-06-24 08:26:22 - [MESSAGE][INFO] - User set preference: ['args', '[--window-size=1920,1080, --headless]']

2022-06-24 08:26:22 - [MESSAGE][INFO] - Action delay is set to 0 milliseconds

2022-06-24 08:26:47 - [MESSAGE][PASSED] - Browser is opened with url: 'http://mdb-release.diadeis.lan/MediaboxIndependence/?MBI_datasource=RELTESTAUTO_DREYERS'

2022-06-24 08:26:47 - [TEST_STEP][PASSED] - maximizeWindow(): Current window maximized

2022-06-24 08:26:48 - [MESSAGE][PASSED] - Current window maximized

2022-06-24 08:26:48 - [TEST_STEP][PASSED] - I.Login_password("blemco", password_blemco): Object: 'Object Repository/1. Constant/xpath' is clicked on

2022-06-24 08:26:48 - [MESSAGE][PASSED] - Text 'blemco' is set on object 'Object Repository/1. Constant/xpath'

2022-06-24 08:26:49 - [MESSAGE][PASSED] - Delayed 1 second(s)

2022-06-24 08:26:52 - [MESSAGE][PASSED] - Text 'diadeis1' is set on object 'Object Repository/1. Constant/xpath'

2022-06-24 08:26:53 - [MESSAGE][PASSED] - Delayed 1 second(s)

2022-06-24 08:27:03 - [MESSAGE][PASSED] - Object: 'Object Repository/1. Constant/xpath' is clicked on

2022-06-24 08:27:03 - [TEST_STEP][PASSED] - click(findTestObject("1. Constant/02_LHSMenu_Projects")): Object: 'Object Repository/1. Constant/02_LHSMenu_Projects' is clicked on

2022-06-24 08:27:08 - [MESSAGE][PASSED] - Object: 'Object Repository/1. Constant/02_LHSMenu_Projects' is clicked on

2022-06-24 08:27:08 - [TEST_STEP][PASSED] - I.SearchProjectNo_xpath(Project_No, "//*[@id="keynum_project"]", "//*[@id="form_filters"]/div[4]/button"): Delayed 5 second(s)

2022-06-24 08:27:09 - [MESSAGE][PASSED] - Delayed 1 second(s)

2022-06-24 08:27:09 - [MESSAGE][PASSED] - Text 'MI000883' is set on object 'Object Repository/1. Constant/xpath'

2022-06-24 08:27:12 - [MESSAGE][PASSED] - Delayed 3 second(s)

2022-06-24 08:27:13 - [MESSAGE][PASSED] - Scroll to object 'Object Repository/1. Constant/xpath' successfully

2022-06-24 08:27:23 - [MESSAGE][PASSED] - Object: 'Object Repository/1. Constant/xpath' is clicked on

2022-06-24 08:27:28 - [MESSAGE][PASSED] - Delayed 5 second(s)

2022-06-24 08:27:28 - [TEST_STEP][PASSED] - takeScreenshot(): Taking screenshot successfully

2022-06-24 08:27:29 - [MESSAGE][PASSED] - Taking screenshot successfully
[[ATTACHMENT|D:\\Projet Test Auto\\Mediabox Test Automation\\Reports\\20220624_080915\\03. Parallel Testing (Testing)\\TS -PT PART 3\\14.06 Dreyers Support Action (Ongoing _ Completed ref) - PART 6\\20220624_080917\\1656052048331.png]]

2022-06-24 08:27:29 - [TEST_STEP][PASSED] - click(findTestObject("1. Constant/xpath", ["xpath":"//*[@id="create_ref_btn"]/button"])): Object: 'Object Repository/1. Constant/xpath' is clicked on

2022-06-24 08:27:30 - [MESSAGE][PASSED] - Object: 'Object Repository/1. Constant/xpath' is clicked on

2022-06-24 08:27:30 - [TEST_STEP][PASSED] - click(findTestObject("1. Constant/xpath", ["xpath":"//*[@id="create_ref_btn"]/div/a"])): Object: 'Object Repository/1. Constant/xpath' is clicked on

2022-06-24 08:27:34 - [MESSAGE][PASSED] - Object: 'Object Repository/1. Constant/xpath' is clicked on

2022-06-24 08:27:34 - [TEST_STEP][PASSED] - delay(1): Delayed 1 second(s)

2022-06-24 08:27:35 - [MESSAGE][PASSED] - Delayed 1 second(s)

2022-06-24 08:27:35 - [TEST_STEP][PASSED] - selectOptionByValue(findTestObject("1. Constant/xpath", ["xpath":"//*[@id="lfc_tpl"]"]), "36", false): All options with value '36' are selected in object 'Object Repository/1. Constant/xpath' 

2022-06-24 08:27:36 - [MESSAGE][PASSED] - All options with value '36' are selected in object 'Object Repository/1. Constant/xpath' 

2022-06-24 08:27:36 - [TEST_STEP][PASSED] - ref_name = "P32_Auto_SAS_S39_" + RandomStringUtils.randomAlphanumeric(5) + I.gettimedate(): null

2022-06-24 08:27:36 - [TEST_STEP][PASSED] - delay(1): Delayed 1 second(s)

2022-06-24 08:27:37 - [MESSAGE][PASSED] - Delayed 1 second(s)

2022-06-24 08:27:37 - [TEST_STEP][PASSED] - setText(findTestObject("1. Constant/xpath", ["xpath":"//*[@id="var_name"]"]), ref_name): Text 'P32_Auto_SAS_S39_mSihnjuin242022_082736' is set on object 'Object Repository/1. Constant/xpath'

2022-06-24 08:27:38 - [MESSAGE][PASSED] - Text 'P32_Auto_SAS_S39_mSihnjuin242022_082736' is set on object 'Object Repository/1. Constant/xpath'

2022-06-24 08:27:38 - [TEST_STEP][PASSED] - takeScreenshot(): Taking screenshot successfully

2022-06-24 08:27:38 - [MESSAGE][PASSED] - Taking screenshot successfully
[[ATTACHMENT|D:\\Projet Test Auto\\Mediabox Test Automation\\Reports\\20220624_080915\\03. Parallel Testing (Testing)\\TS -PT PART 3\\14.06 Dreyers Support Action (Ongoing _ Completed ref) - PART 6\\20220624_080917\\1656052058303.png]]

2022-06-24 08:27:38 - [TEST_STEP][PASSED] - click(findTestObject("1. Constant/xpath", ["xpath":"//*[@id="createRefBottom"]"])): Object: 'Object Repository/1. Constant/xpath' is clicked on

2022-06-24 08:27:41 - [MESSAGE][PASSED] - Object: 'Object Repository/1. Constant/xpath' is clicked on

2022-06-24 08:27:41 - [TEST_STEP][PASSED] - delay(1): Delayed 1 second(s)

2022-06-24 08:27:42 - [MESSAGE][PASSED] - Delayed 1 second(s)

2022-06-24 08:27:42 - [TEST_STEP][PASSED] - takeScreenshot(): Taking screenshot successfully

2022-06-24 08:27:42 - [MESSAGE][PASSED] - Taking screenshot successfully
[[ATTACHMENT|D:\\Projet Test Auto\\Mediabox Test Automation\\Reports\\20220624_080915\\03. Parallel Testing (Testing)\\TS -PT PART 3\\14.06 Dreyers Support Action (Ongoing _ Completed ref) - PART 6\\20220624_080917\\1656052062473.png]]

2022-06-24 08:27:42 - [TEST_STEP][PASSED] - refID32 = I.RefID(): Current window's url is: 'http://mdb-release.diadeis.lan/MediaboxIndependence/Base/ExecAction?IDSession=MBI%21RELTESTAUTO_DREYERS%217HICY53I1Y91QJ1W8ZTJLMEU2GX20A9VW09II8VT&default_action=ModifierRef&id_project=MI000883&id_ref=5342&action_from=create_ref'

2022-06-24 08:27:47 - [MESSAGE][PASSED] - Delayed 5 second(s)

2022-06-24 08:27:47 - [MESSAGE][PASSED] - Current window's url is: 'http://mdb-release.diadeis.lan/MediaboxIndependence/Base/ExecAction?IDSession=MBI%21RELTESTAUTO_DREYERS%217HICY53I1Y91QJ1W8ZTJLMEU2GX20A9VW09II8VT&default_action=ModifierRef&id_project=MI000883&id_ref=5342&action_from=create_ref'

2022-06-24 08:27:47 - [TEST_STEP][PASSED] - I.print("refID" + refID32): null

2022-06-24 08:27:47 - [TEST_STEP][PASSED] - click(findTestObject("1. Constant/xpath", ["xpath":"//*[@id="type_save"]"])): Object: 'Object Repository/1. Constant/xpath' is clicked on

2022-06-24 08:27:53 - [MESSAGE][PASSED] - Object: 'Object Repository/1. Constant/xpath' is clicked on

2022-06-24 08:27:53 - [TEST_STEP][PASSED] - takeScreenshot(): Taking screenshot successfully

2022-06-24 08:27:54 - [MESSAGE][PASSED] - Taking screenshot successfully
[[ATTACHMENT|D:\\Projet Test Auto\\Mediabox Test Automation\\Reports\\20220624_080915\\03. Parallel Testing (Testing)\\TS -PT PART 3\\14.06 Dreyers Support Action (Ongoing _ Completed ref) - PART 6\\20220624_080917\\1656052073955.png]]

2022-06-24 08:27:54 - [TEST_STEP][PASSED] - delay(1): Delayed 1 second(s)

2022-06-24 08:27:55 - [MESSAGE][PASSED] - Delayed 1 second(s)

2022-06-24 08:27:55 - [TEST_STEP][PASSED] - I.SearchRefNo_xpath("P32_Auto", "//*[@id="fiche_filter_keywords11"]", "//*[@id="form_filters"]/div[3]/button"): Delayed 5 second(s)

2022-06-24 08:27:56 - [MESSAGE][PASSED] - Delayed 1 second(s)

2022-06-24 08:27:56 - [MESSAGE][PASSED] - Text 'P32_Auto' is set on object 'Object Repository/1. Constant/xpath'

2022-06-24 08:27:59 - [MESSAGE][PASSED] - Delayed 3 second(s)

2022-06-24 08:28:00 - [MESSAGE][PASSED] - Scroll to object 'Object Repository/1. Constant/xpath' successfully

2022-06-24 08:28:02 - [MESSAGE][PASSED] - Object: 'Object Repository/1. Constant/xpath' is clicked on

2022-06-24 08:28:07 - [MESSAGE][PASSED] - Delayed 5 second(s)

2022-06-24 08:28:07 - [TEST_STEP][PASSED] - click(findTestObject("1. Constant/xpath", ["xpath":"//*[@id="source_" + refID32 + ""]/td[13]/a[3]"])): Object: 'Object Repository/1. Constant/xpath' is clicked on

2022-06-24 08:28:09 - [MESSAGE][PASSED] - Object: 'Object Repository/1. Constant/xpath' is clicked on

2022-06-24 08:28:09 - [TEST_STEP][PASSED] - click(findTestObject("1. Constant/xpath", ["xpath":"//*[@id="ModifFiche"]/div[1]/div/button[2]"])): Object: 'Object Repository/1. Constant/xpath' is clicked on

2022-06-24 08:28:13 - [MESSAGE][PASSED] - Object: 'Object Repository/1. Constant/xpath' is clicked on

2022-06-24 08:28:13 - [TEST_STEP][PASSED] - delay(1): Delayed 1 second(s)

2022-06-24 08:28:14 - [MESSAGE][PASSED] - Delayed 1 second(s)

2022-06-24 08:28:14 - [TEST_STEP][PASSED] - click(findTestObject("1. Constant/xpath", ["xpath":"//*[@id="source_" + refID32 + ""]/td[13]/div[1]/button"])): Object: 'Object Repository/1. Constant/xpath' is clicked on

2022-06-24 08:28:15 - [MESSAGE][PASSED] - Object: 'Object Repository/1. Constant/xpath' is clicked on

2022-06-24 08:28:15 - [TEST_STEP][PASSED] - delay(1): Delayed 1 second(s)

2022-06-24 08:28:16 - [MESSAGE][PASSED] - Delayed 1 second(s)

2022-06-24 08:28:16 - [TEST_STEP][PASSED] - takeScreenshot(): Taking screenshot successfully

2022-06-24 08:28:16 - [MESSAGE][PASSED] - Taking screenshot successfully
[[ATTACHMENT|D:\\Projet Test Auto\\Mediabox Test Automation\\Reports\\20220624_080915\\03. Parallel Testing (Testing)\\TS -PT PART 3\\14.06 Dreyers Support Action (Ongoing _ Completed ref) - PART 6\\20220624_080917\\1656052096164.png]]

2022-06-24 08:28:16 - [TEST_STEP][PASSED] - delay(1): Delayed 1 second(s)

2022-06-24 08:28:17 - [MESSAGE][PASSED] - Delayed 1 second(s)

2022-06-24 08:28:17 - [TEST_STEP][PASSED] - x = 20: null

2022-06-24 08:28:17 - [TEST_STEP][PASSED] - i = 1: null

2022-06-24 08:28:17 - [TEST_STEP][PASSED] - while (i <= x): null

2022-06-24 08:28:17 - [TEST_STEP][PASSED] - Expected_SAS_Selected = "3. SAS S40: Add Phase 3.3/ Skip Phase 1.2": null

2022-06-24 08:28:17 - [TEST_STEP][PASSED] - xpath_SAS = "//*[@id="source_" + refID32 + ""]/td[13]/div[1]/div/a[" + i + "]": null

2022-06-24 08:28:17 - [TEST_STEP][PASSED] - Actual_SAS = getText(findTestObject("1. Constant/xpath", ["xpath":xpath_SAS])): Text of object 'Object Repository/1. Constant/xpath' is: '3. SAS S40: Add Phase 3.3/ Skip Phase 1.2'

2022-06-24 08:28:17 - [MESSAGE][PASSED] - Text of object 'Object Repository/1. Constant/xpath' is: '3. SAS S40: Add Phase 3.3/ Skip Phase 1.2'

2022-06-24 08:28:17 - [TEST_STEP][PASSED] - I.print(i): null

2022-06-24 08:28:17 - [TEST_STEP][PASSED] - if (Actual_SAS.contains(Expected_SAS_Selected)): null

2022-06-24 08:28:17 - [TEST_STEP][PASSED] - click(findTestObject("1. Constant/xpath", ["xpath":xpath_SAS])): Object: 'Object Repository/1. Constant/xpath' is clicked on

2022-06-24 08:28:18 - [MESSAGE][PASSED] - Object: 'Object Repository/1. Constant/xpath' is clicked on

2022-06-24 08:28:18 - [TEST_STEP][PASSED] - break: null

2022-06-24 08:28:18 - [TEST_STEP][PASSED] - takeScreenshot(): Taking screenshot successfully

2022-06-24 08:28:18 - [MESSAGE][PASSED] - Taking screenshot successfully
[[ATTACHMENT|D:\\Projet Test Auto\\Mediabox Test Automation\\Reports\\20220624_080915\\03. Parallel Testing (Testing)\\TS -PT PART 3\\14.06 Dreyers Support Action (Ongoing _ Completed ref) - PART 6\\20220624_080917\\1656052098166.png]]

2022-06-24 08:28:18 - [TEST_STEP][PASSED] - delay(1): Delayed 1 second(s)

2022-06-24 08:28:19 - [MESSAGE][PASSED] - Delayed 1 second(s)

2022-06-24 08:28:19 - [TEST_STEP][PASSED] - click(findTestObject("1. Constant/xpath", ["xpath":"//*[@id="confirmSupportActionShortcut"]"])): Object: 'Object Repository/1. Constant/xpath' is clicked on

2022-06-24 08:28:25 - [MESSAGE][PASSED] - Object: 'Object Repository/1. Constant/xpath' is clicked on

2022-06-24 08:28:25 - [TEST_STEP][PASSED] - click(findTestObject("1. Constant/xpath", ["xpath":"//*[@id="kt_content"]/div[3]/div/ul/li[3]/a"])): Object: 'Object Repository/1. Constant/xpath' is clicked on

2022-06-24 08:28:28 - [MESSAGE][PASSED] - Object: 'Object Repository/1. Constant/xpath' is clicked on

2022-06-24 08:28:28 - [TEST_STEP][PASSED] - takeScreenshot(): Taking screenshot successfully

2022-06-24 08:28:28 - [MESSAGE][PASSED] - Taking screenshot successfully
[[ATTACHMENT|D:\\Projet Test Auto\\Mediabox Test Automation\\Reports\\20220624_080915\\03. Parallel Testing (Testing)\\TS -PT PART 3\\14.06 Dreyers Support Action (Ongoing _ Completed ref) - PART 6\\20220624_080917\\1656052108095.png]]

2022-06-24 08:28:28 - [TEST_STEP][PASSED] - StepA_1 = getAttribute(findTestObject("1. Constant/xpath", ["xpath":"/html/body/div[1]/div[2]/div[8]/div[3]/div/div[3]/div[3]/div/ul/li[1]/a"]), "class"): Attribute 'class' of object 'Object Repository/1. Constant/xpath' is: 'nav-link timeline-badge badge-xl  bg-pending active'

2022-06-24 08:28:28 - [MESSAGE][PASSED] - Attribute 'class' of object 'Object Repository/1. Constant/xpath' is: 'nav-link timeline-badge badge-xl  bg-pending active'

2022-06-24 08:28:28 - [TEST_STEP][PASSED] - verifyMatch(StepA_1, "nav-link timeline-badge badge-xl  bg-pending active", false): Actual text 'nav-link timeline-badge badge-xl  bg-pending active' and expected text 'nav-link timeline-badge badge-xl  bg-pending active' are matched 

2022-06-24 08:28:28 - [MESSAGE][PASSED] - Actual text 'nav-link timeline-badge badge-xl  bg-pending active' and expected text 'nav-link timeline-badge badge-xl  bg-pending active' are matched 

2022-06-24 08:28:28 - [TEST_STEP][PASSED] - StepA_11 = I.Get_Stepname("/html/body/div[1]/div[2]/div[8]/div[3]/div/div[3]/div[3]/div/ul/li[1]/a"): Attribute 'href' of object 'Object Repository/1. Constant/xpath' is: 'http://mdb-release.diadeis.lan/MediaboxIndependence/Base/ExecAction?action=VoirRef&IDSession=MBI!RELTESTAUTO_DREYERS!7HICY53I1Y91QJ1W8ZTJLMEU2GX20A9VW09II8VT&num=ZXI61EW42I&id_ref=5342#tab_lifecycle_SASStepA_12399'

2022-06-24 08:28:33 - [MESSAGE][PASSED] - Delayed 5 second(s)

2022-06-24 08:28:34 - [MESSAGE][PASSED] - Attribute 'href' of object 'Object Repository/1. Constant/xpath' is: 'http://mdb-release.diadeis.lan/MediaboxIndependence/Base/ExecAction?action=VoirRef&IDSession=MBI!RELTESTAUTO_DREYERS!7HICY53I1Y91QJ1W8ZTJLMEU2GX20A9VW09II8VT&num=ZXI61EW42I&id_ref=5342#tab_lifecycle_SASStepA_12399'

2022-06-24 08:28:34 - [TEST_STEP][PASSED] - verifyMatch(StepA_11, "SASStepA", false): Actual text 'SASStepA' and expected text 'SASStepA' are matched 

2022-06-24 08:28:34 - [MESSAGE][PASSED] - Actual text 'SASStepA' and expected text 'SASStepA' are matched 

2022-06-24 08:28:34 - [TEST_STEP][PASSED] - Name_StepAP1_1 = getText(findTestObject("1. Constant/xpath", ["xpath":"/html/body/div[1]/div[2]/div[8]/div[3]/div/div[3]/div[3]/div/div/div[1]/div/div[1]/div/div[1]/div[1]/h3"])): Text of object 'Object Repository/1. Constant/xpath' is: 'Phase 1.1 [Standard]'

2022-06-24 08:28:34 - [MESSAGE][PASSED] - Text of object 'Object Repository/1. Constant/xpath' is: 'Phase 1.1 [Standard]'

2022-06-24 08:28:34 - [TEST_STEP][PASSED] - verifyMatch(Name_StepAP1_1, "Phase 1.1 [Standard]", false): Actual text 'Phase 1.1 [Standard]' and expected text 'Phase 1.1 [Standard]' are matched 

2022-06-24 08:28:34 - [MESSAGE][PASSED] - Actual text 'Phase 1.1 [Standard]' and expected text 'Phase 1.1 [Standard]' are matched 

2022-06-24 08:28:34 - [TEST_STEP][PASSED] - Status_StepAP1_1 = getAttribute(findTestObject("1. Constant/xpath", ["xpath":"/html/body/div[1]/div[2]/div[8]/div[3]/div/div[3]/div[3]/div/div/div[1]/div/div[1]/span"]), "class"): Attribute 'class' of object 'Object Repository/1. Constant/xpath' is: 'timeline-badge badge-md bg-complete '

2022-06-24 08:28:35 - [MESSAGE][PASSED] - Attribute 'class' of object 'Object Repository/1. Constant/xpath' is: 'timeline-badge badge-md bg-complete '

2022-06-24 08:28:35 - [TEST_STEP][PASSED] - verifyMatch(Status_StepAP1_1, "timeline-badge badge-md bg-complete ", false): Actual text 'timeline-badge badge-md bg-complete ' and expected text 'timeline-badge badge-md bg-complete ' are matched 

2022-06-24 08:28:35 - [MESSAGE][PASSED] - Actual text 'timeline-badge badge-md bg-complete ' and expected text 'timeline-badge badge-md bg-complete ' are matched 

2022-06-24 08:28:35 - [TEST_STEP][PASSED] - Name_StepAP1_2 = getText(findTestObject("1. Constant/xpath", ["xpath":"/html/body/div[1]/div[2]/div[8]/div[3]/div/div[3]/div[3]/div/div/div[1]/div/div[2]/div/div[1]/div[1]/h3"])): Text of object 'Object Repository/1. Constant/xpath' is: 'Phase 1.2 [Standard Phase]'

2022-06-24 08:28:35 - [MESSAGE][PASSED] - Text of object 'Object Repository/1. Constant/xpath' is: 'Phase 1.2 [Standard Phase]'

2022-06-24 08:28:35 - [TEST_STEP][PASSED] - verifyMatch(Name_StepAP1_2, "Phase 1.2 [Standard Phase]", false): Actual text 'Phase 1.2 [Standard Phase]' and expected text 'Phase 1.2 [Standard Phase]' are matched 

2022-06-24 08:28:35 - [MESSAGE][PASSED] - Actual text 'Phase 1.2 [Standard Phase]' and expected text 'Phase 1.2 [Standard Phase]' are matched 

2022-06-24 08:28:35 - [TEST_STEP][PASSED] - Status_StepAP1_2 = getAttribute(findTestObject("1. Constant/xpath", ["xpath":"/html/body/div[1]/div[2]/div[8]/div[3]/div/div[3]/div[3]/div/div/div[1]/div/div[2]/span"]), "class"): Attribute 'class' of object 'Object Repository/1. Constant/xpath' is: 'timeline-badge badge-md bg-pending timeline-vertical-after-xl'

2022-06-24 08:28:35 - [MESSAGE][PASSED] - Attribute 'class' of object 'Object Repository/1. Constant/xpath' is: 'timeline-badge badge-md bg-pending timeline-vertical-after-xl'

2022-06-24 08:28:35 - [TEST_STEP][PASSED] - verifyMatch(Status_StepAP1_2, "timeline-badge badge-md bg-pending timeline-vertical-after-xl", false): Actual text 'timeline-badge badge-md bg-pending timeline-vertical-after-xl' and expected text 'timeline-badge badge-md bg-pending timeline-vertical-after-xl' are matched 

2022-06-24 08:28:35 - [MESSAGE][PASSED] - Actual text 'timeline-badge badge-md bg-pending timeline-vertical-after-xl' and expected text 'timeline-badge badge-md bg-pending timeline-vertical-after-xl' are matched 

2022-06-24 08:28:35 - [TEST_STEP][PASSED] - StepC_2 = getAttribute(findTestObject("1. Constant/xpath", ["xpath":"/html/body/div[1]/div[2]/div[8]/div[3]/div/div[3]/div[3]/div/ul/li[2]/a"]), "class"): Attribute 'class' of object 'Object Repository/1. Constant/xpath' is: 'nav-link timeline-badge badge-xl  bg-waiting '

2022-06-24 08:28:35 - [MESSAGE][PASSED] - Attribute 'class' of object 'Object Repository/1. Constant/xpath' is: 'nav-link timeline-badge badge-xl  bg-waiting '

2022-06-24 08:28:35 - [TEST_STEP][PASSED] - verifyMatch(StepC_2, "nav-link timeline-badge badge-xl  bg-waiting ", false): Actual text 'nav-link timeline-badge badge-xl  bg-waiting ' and expected text 'nav-link timeline-badge badge-xl  bg-waiting ' are matched 

2022-06-24 08:28:35 - [MESSAGE][PASSED] - Actual text 'nav-link timeline-badge badge-xl  bg-waiting ' and expected text 'nav-link timeline-badge badge-xl  bg-waiting ' are matched 

2022-06-24 08:28:35 - [TEST_STEP][PASSED] - Name_StepC_2 = I.Get_Stepname("/html/body/div[1]/div[2]/div[8]/div[3]/div/div[3]/div[3]/div/ul/li[2]/a"): Attribute 'href' of object 'Object Repository/1. Constant/xpath' is: 'http://mdb-release.diadeis.lan/MediaboxIndependence/Base/ExecAction?action=VoirRef&IDSession=MBI!RELTESTAUTO_DREYERS!7HICY53I1Y91QJ1W8ZTJLMEU2GX20A9VW09II8VT&num=ZXI61EW42I&id_ref=5342#tab_lifecycle_SASStepC_12402'

2022-06-24 08:28:40 - [MESSAGE][PASSED] - Delayed 5 second(s)

2022-06-24 08:28:40 - [MESSAGE][PASSED] - Attribute 'href' of object 'Object Repository/1. Constant/xpath' is: 'http://mdb-release.diadeis.lan/MediaboxIndependence/Base/ExecAction?action=VoirRef&IDSession=MBI!RELTESTAUTO_DREYERS!7HICY53I1Y91QJ1W8ZTJLMEU2GX20A9VW09II8VT&num=ZXI61EW42I&id_ref=5342#tab_lifecycle_SASStepC_12402'

2022-06-24 08:28:40 - [TEST_STEP][PASSED] - verifyMatch(Name_StepC_2, "SASStepC", false): Actual text 'SASStepC' and expected text 'SASStepC' are matched 

2022-06-24 08:28:40 - [MESSAGE][PASSED] - Actual text 'SASStepC' and expected text 'SASStepC' are matched 

2022-06-24 08:28:40 - [TEST_STEP][PASSED] - click(findTestObject("1. Constant/xpath", ["xpath":"/html/body/div[1]/div[2]/div[8]/div[2]/div/nav/ol/li[2]/a"])): Object: 'Object Repository/1. Constant/xpath' is clicked on

2022-06-24 08:28:43 - [MESSAGE][PASSED] - Object: 'Object Repository/1. Constant/xpath' is clicked on

2022-06-24 08:28:43 - [TEST_STEP][PASSED] - I.Logout(): Delayed 3 second(s)

2022-06-24 08:28:46 - [MESSAGE][PASSED] - Delayed 3 second(s)

2022-06-24 08:28:46 - [MESSAGE][PASSED] - Object: 'Object Repository/1. Constant/xpath' is clicked on

2022-06-24 08:28:49 - [MESSAGE][PASSED] - Delayed 3 second(s)

2022-06-24 08:28:51 - [MESSAGE][PASSED] - Object: 'Object Repository/1. Constant/xpath' is clicked on

2022-06-24 08:28:54 - [MESSAGE][PASSED] - Delayed 3 second(s)

2022-06-24 08:28:54 - [TEST_STEP][PASSED] - I.Login_password("nturner", password_nturner): Object: 'Object Repository/1. Constant/xpath' is clicked on

2022-06-24 08:28:56 - [MESSAGE][PASSED] - Text 'nturner' is set on object 'Object Repository/1. Constant/xpath'

2022-06-24 08:28:57 - [MESSAGE][PASSED] - Delayed 1 second(s)

2022-06-24 08:28:57 - [MESSAGE][PASSED] - Text 'diadeis1' is set on object 'Object Repository/1. Constant/xpath'

2022-06-24 08:28:58 - [MESSAGE][PASSED] - Delayed 1 second(s)

2022-06-24 08:29:03 - [MESSAGE][PASSED] - Object: 'Object Repository/1. Constant/xpath' is clicked on

2022-06-24 08:29:03 - [TEST_STEP][PASSED] - click(findTestObject("1. Constant/02_LHSMenu_Projects")): Object: 'Object Repository/1. Constant/02_LHSMenu_Projects' is clicked on

2022-06-24 08:29:06 - [MESSAGE][PASSED] - Object: 'Object Repository/1. Constant/02_LHSMenu_Projects' is clicked on

2022-06-24 08:29:06 - [TEST_STEP][PASSED] - I.SearchProjectNo_xpath(Project_No, "//*[@id="keynum_project"]", "//*[@id="form_filters"]/div[4]/button"): Delayed 5 second(s)

2022-06-24 08:29:07 - [MESSAGE][PASSED] - Delayed 1 second(s)

2022-06-24 08:29:08 - [MESSAGE][PASSED] - Text 'MI000883' is set on object 'Object Repository/1. Constant/xpath'

2022-06-24 08:29:11 - [MESSAGE][PASSED] - Delayed 3 second(s)

2022-06-24 08:29:11 - [MESSAGE][PASSED] - Scroll to object 'Object Repository/1. Constant/xpath' successfully

2022-06-24 08:29:15 - [MESSAGE][PASSED] - Object: 'Object Repository/1. Constant/xpath' is clicked on

2022-06-24 08:29:20 - [MESSAGE][PASSED] - Delayed 5 second(s)

2022-06-24 08:29:20 - [TEST_STEP][PASSED] - takeScreenshot(): Taking screenshot successfully

2022-06-24 08:29:21 - [MESSAGE][PASSED] - Taking screenshot successfully
[[ATTACHMENT|D:\\Projet Test Auto\\Mediabox Test Automation\\Reports\\20220624_080915\\03. Parallel Testing (Testing)\\TS -PT PART 3\\14.06 Dreyers Support Action (Ongoing _ Completed ref) - PART 6\\20220624_080917\\1656052160864.png]]

2022-06-24 08:29:21 - [TEST_STEP][PASSED] - I.SearchRefNo_xpath("P32_Auto", "//*[@id="fiche_filter_keywords11"]", "//*[@id="form_filters"]/div[3]/button"): Delayed 5 second(s)

2022-06-24 08:29:22 - [MESSAGE][PASSED] - Delayed 1 second(s)

2022-06-24 08:29:23 - [MESSAGE][PASSED] - Text 'P32_Auto' is set on object 'Object Repository/1. Constant/xpath'

2022-06-24 08:29:26 - [MESSAGE][PASSED] - Delayed 3 second(s)

2022-06-24 08:29:27 - [MESSAGE][PASSED] - Scroll to object 'Object Repository/1. Constant/xpath' successfully

2022-06-24 08:29:30 - [MESSAGE][PASSED] - Object: 'Object Repository/1. Constant/xpath' is clicked on

2022-06-24 08:29:35 - [MESSAGE][PASSED] - Delayed 5 second(s)

2022-06-24 08:29:35 - [TEST_STEP][PASSED] - delay(1): Delayed 1 second(s)

2022-06-24 08:29:36 - [MESSAGE][PASSED] - Delayed 1 second(s)

2022-06-24 08:29:36 - [TEST_STEP][PASSED] - takeScreenshot(): Taking screenshot successfully

2022-06-24 08:29:38 - [MESSAGE][PASSED] - Taking screenshot successfully
[[ATTACHMENT|D:\\Projet Test Auto\\Mediabox Test Automation\\Reports\\20220624_080915\\03. Parallel Testing (Testing)\\TS -PT PART 3\\14.06 Dreyers Support Action (Ongoing _ Completed ref) - PART 6\\20220624_080917\\1656052177445.png]]

2022-06-24 08:29:38 - [TEST_STEP][PASSED] - Lifecycle_Status1 = getText(findTestObject("1. Constant/xpath", ["xpath":"//*[@id="source_" + refID32 + ""]/td[12]/span[1]"])): Text of object 'Object Repository/1. Constant/xpath' is: 'Phase 1.2 [Standard Phase]'

2022-06-24 08:29:43 - [MESSAGE][PASSED] - Text of object 'Object Repository/1. Constant/xpath' is: 'Phase 1.2 [Standard Phase]'

2022-06-24 08:29:43 - [TEST_STEP][PASSED] - verifyMatch(Lifecycle_Status1, "Phase 1.2 [Standard Phase]", false): Actual text 'Phase 1.2 [Standard Phase]' and expected text 'Phase 1.2 [Standard Phase]' are matched 

2022-06-24 08:29:43 - [MESSAGE][PASSED] - Actual text 'Phase 1.2 [Standard Phase]' and expected text 'Phase 1.2 [Standard Phase]' are matched 

2022-06-24 08:29:43 - [TEST_STEP][PASSED] - click(findTestObject("1. Constant/xpath", ["xpath":"//*[@id="source_" + refID32 + ""]/td[13]/a[2]"])): Object: 'Object Repository/1. Constant/xpath' is clicked on

2022-06-24 08:29:49 - [MESSAGE][PASSED] - Object: 'Object Repository/1. Constant/xpath' is clicked on

2022-06-24 08:29:50 - [TEST_STEP][PASSED] - click(findTestObject("1. Constant/xpath", ["xpath":"//*[@id="ModifFiche"]/div[1]/div/button[2]"])): Object: 'Object Repository/1. Constant/xpath' is clicked on

2022-06-24 08:29:55 - [MESSAGE][PASSED] - Object: 'Object Repository/1. Constant/xpath' is clicked on

2022-06-24 08:29:55 - [TEST_STEP][PASSED] - Lifecycle_Status4 = getText(findTestObject("1. Constant/xpath", ["xpath":"//*[@id="source_" + refID32 + ""]/td[12]/span[1]"])): Text of object 'Object Repository/1. Constant/xpath' is: 'Phase 3.3 [Standard]'

2022-06-24 08:29:55 - [MESSAGE][PASSED] - Text of object 'Object Repository/1. Constant/xpath' is: 'Phase 3.3 [Standard]'

2022-06-24 08:29:55 - [TEST_STEP][PASSED] - verifyMatch(Lifecycle_Status4, "Phase 3.3 [Standard]", false): Actual text 'Phase 3.3 [Standard]' and expected text 'Phase 3.3 [Standard]' are matched 

2022-06-24 08:29:55 - [MESSAGE][PASSED] - Actual text 'Phase 3.3 [Standard]' and expected text 'Phase 3.3 [Standard]' are matched 

2022-06-24 08:29:55 - [TEST_STEP][PASSED] - takeScreenshot(): Taking screenshot successfully

2022-06-24 08:29:56 - [MESSAGE][PASSED] - Taking screenshot successfully
[[ATTACHMENT|D:\\Projet Test Auto\\Mediabox Test Automation\\Reports\\20220624_080915\\03. Parallel Testing (Testing)\\TS -PT PART 3\\14.06 Dreyers Support Action (Ongoing _ Completed ref) - PART 6\\20220624_080917\\1656052195456.png]]

2022-06-24 08:29:56 - [TEST_STEP][PASSED] - I.Logout(): Delayed 3 second(s)

2022-06-24 08:29:59 - [MESSAGE][PASSED] - Delayed 3 second(s)

2022-06-24 08:30:00 - [MESSAGE][PASSED] - Object: 'Object Repository/1. Constant/xpath' is clicked on

2022-06-24 08:30:03 - [MESSAGE][PASSED] - Delayed 3 second(s)

2022-06-24 08:30:05 - [MESSAGE][PASSED] - Object: 'Object Repository/1. Constant/xpath' is clicked on

2022-06-24 08:30:08 - [MESSAGE][PASSED] - Delayed 3 second(s)

2022-06-24 08:30:08 - [TEST_STEP][PASSED] - I.Login_password("jryan", password_jryan): Object: 'Object Repository/1. Constant/xpath' is clicked on

2022-06-24 08:30:08 - [MESSAGE][PASSED] - Text 'jryan' is set on object 'Object Repository/1. Constant/xpath'

2022-06-24 08:30:09 - [MESSAGE][PASSED] - Delayed 1 second(s)

2022-06-24 08:30:10 - [MESSAGE][PASSED] - Text 'diadeis' is set on object 'Object Repository/1. Constant/xpath'

2022-06-24 08:30:11 - [MESSAGE][PASSED] - Delayed 1 second(s)

2022-06-24 08:30:15 - [MESSAGE][PASSED] - Object: 'Object Repository/1. Constant/xpath' is clicked on

2022-06-24 08:30:15 - [TEST_STEP][PASSED] - click(findTestObject("1. Constant/02_LHSMenu_Projects")): Object: 'Object Repository/1. Constant/02_LHSMenu_Projects' is clicked on

2022-06-24 08:30:18 - [MESSAGE][PASSED] - Object: 'Object Repository/1. Constant/02_LHSMenu_Projects' is clicked on

2022-06-24 08:30:18 - [TEST_STEP][PASSED] - I.SearchProjectNo_xpath(Project_No, "//*[@id="keynum_project"]", "//*[@id="form_filters"]/div[4]/button"): Delayed 5 second(s)

2022-06-24 08:30:19 - [MESSAGE][PASSED] - Delayed 1 second(s)

2022-06-24 08:30:20 - [MESSAGE][PASSED] - Text 'MI000883' is set on object 'Object Repository/1. Constant/xpath'

2022-06-24 08:30:23 - [MESSAGE][PASSED] - Delayed 3 second(s)

2022-06-24 08:30:23 - [MESSAGE][PASSED] - Scroll to object 'Object Repository/1. Constant/xpath' successfully

2022-06-24 08:30:26 - [MESSAGE][PASSED] - Object: 'Object Repository/1. Constant/xpath' is clicked on

2022-06-24 08:30:31 - [MESSAGE][PASSED] - Delayed 5 second(s)

2022-06-24 08:30:31 - [TEST_STEP][PASSED] - I.SearchRefNo_xpath("P32_Auto", "//*[@id="fiche_filter_keywords11"]", "//*[@id="form_filters"]/div[3]/button"): Delayed 5 second(s)

2022-06-24 08:30:32 - [MESSAGE][PASSED] - Delayed 1 second(s)

2022-06-24 08:30:34 - [MESSAGE][PASSED] - Text 'P32_Auto' is set on object 'Object Repository/1. Constant/xpath'

2022-06-24 08:30:37 - [MESSAGE][PASSED] - Delayed 3 second(s)

2022-06-24 08:30:38 - [MESSAGE][PASSED] - Scroll to object 'Object Repository/1. Constant/xpath' successfully

2022-06-24 08:30:40 - [MESSAGE][PASSED] - Object: 'Object Repository/1. Constant/xpath' is clicked on

2022-06-24 08:30:45 - [MESSAGE][PASSED] - Delayed 5 second(s)

2022-06-24 08:30:45 - [TEST_STEP][PASSED] - takeScreenshot(): Taking screenshot successfully

2022-06-24 08:30:46 - [MESSAGE][PASSED] - Taking screenshot successfully
[[ATTACHMENT|D:\\Projet Test Auto\\Mediabox Test Automation\\Reports\\20220624_080915\\03. Parallel Testing (Testing)\\TS -PT PART 3\\14.06 Dreyers Support Action (Ongoing _ Completed ref) - PART 6\\20220624_080917\\1656052245905.png]]

2022-06-24 08:30:46 - [TEST_STEP][PASSED] - click(findTestObject("1. Constant/xpath", ["xpath":"//*[@id="source_" + refID32 + ""]/td[14]/a[2]"])): Object: 'Object Repository/1. Constant/xpath' is clicked on

2022-06-24 08:30:49 - [MESSAGE][PASSED] - Object: 'Object Repository/1. Constant/xpath' is clicked on

2022-06-24 08:30:49 - [TEST_STEP][PASSED] - click(findTestObject("1. Constant/xpath", ["xpath":"//*[@id="ModifFiche"]/div[1]/div/button[2]"])): Object: 'Object Repository/1. Constant/xpath' is clicked on

2022-06-24 08:30:54 - [MESSAGE][PASSED] - Object: 'Object Repository/1. Constant/xpath' is clicked on

2022-06-24 08:30:54 - [TEST_STEP][PASSED] - Lifecycle_Status8 = getText(findTestObject("1. Constant/xpath", ["xpath":"//*[@id="source_" + refID32 + ""]/td[12]/span[1]"])): Text of object 'Object Repository/1. Constant/xpath' is: 'Phase 2.1 [Production]'

2022-06-24 08:30:55 - [MESSAGE][PASSED] - Text of object 'Object Repository/1. Constant/xpath' is: 'Phase 2.1 [Production]'

2022-06-24 08:30:55 - [TEST_STEP][PASSED] - verifyMatch(Lifecycle_Status8, "Phase 2.1 [Production]", false): Actual text 'Phase 2.1 [Production]' and expected text 'Phase 2.1 [Production]' are matched 

2022-06-24 08:30:55 - [MESSAGE][PASSED] - Actual text 'Phase 2.1 [Production]' and expected text 'Phase 2.1 [Production]' are matched 

2022-06-24 08:30:55 - [TEST_STEP][PASSED] - I.Logout(): Delayed 3 second(s)

2022-06-24 08:30:58 - [MESSAGE][PASSED] - Delayed 3 second(s)

2022-06-24 08:30:59 - [MESSAGE][PASSED] - Object: 'Object Repository/1. Constant/xpath' is clicked on

2022-06-24 08:31:02 - [MESSAGE][PASSED] - Delayed 3 second(s)

2022-06-24 08:31:05 - [MESSAGE][PASSED] - Object: 'Object Repository/1. Constant/xpath' is clicked on

2022-06-24 08:31:08 - [MESSAGE][PASSED] - Delayed 3 second(s)

2022-06-24 08:31:08 - [TEST_STEP][PASSED] - I.Login_password("suser", password_suser): Object: 'Object Repository/1. Constant/xpath' is clicked on

2022-06-24 08:31:10 - [MESSAGE][PASSED] - Text 'suser' is set on object 'Object Repository/1. Constant/xpath'

2022-06-24 08:31:11 - [MESSAGE][PASSED] - Delayed 1 second(s)

2022-06-24 08:31:11 - [MESSAGE][PASSED] - Text 'diadeis' is set on object 'Object Repository/1. Constant/xpath'

2022-06-24 08:31:12 - [MESSAGE][PASSED] - Delayed 1 second(s)

2022-06-24 08:31:16 - [MESSAGE][PASSED] - Object: 'Object Repository/1. Constant/xpath' is clicked on

2022-06-24 08:31:16 - [TEST_STEP][PASSED] - click(findTestObject("1. Constant/02_LHSMenu_Projects")): Object: 'Object Repository/1. Constant/02_LHSMenu_Projects' is clicked on

2022-06-24 08:31:19 - [MESSAGE][PASSED] - Object: 'Object Repository/1. Constant/02_LHSMenu_Projects' is clicked on

2022-06-24 08:31:19 - [TEST_STEP][PASSED] - I.SearchProjectNo_xpath(Project_No, "//*[@id="keynum_project"]", "//*[@id="form_filters"]/div[4]/button"): Delayed 5 second(s)

2022-06-24 08:31:20 - [MESSAGE][PASSED] - Delayed 1 second(s)

2022-06-24 08:31:20 - [MESSAGE][PASSED] - Text 'MI000883' is set on object 'Object Repository/1. Constant/xpath'

2022-06-24 08:31:23 - [MESSAGE][PASSED] - Delayed 3 second(s)

2022-06-24 08:31:24 - [MESSAGE][PASSED] - Scroll to object 'Object Repository/1. Constant/xpath' successfully

2022-06-24 08:31:28 - [MESSAGE][PASSED] - Object: 'Object Repository/1. Constant/xpath' is clicked on

2022-06-24 08:31:33 - [MESSAGE][PASSED] - Delayed 5 second(s)

2022-06-24 08:31:33 - [TEST_STEP][PASSED] - I.SearchRefNo_xpath("P32_Auto", "//*[@id="fiche_filter_keywords11"]", "//*[@id="form_filters"]/div[3]/button"): Delayed 5 second(s)

2022-06-24 08:31:34 - [MESSAGE][PASSED] - Delayed 1 second(s)

2022-06-24 08:31:35 - [MESSAGE][PASSED] - Text 'P32_Auto' is set on object 'Object Repository/1. Constant/xpath'

2022-06-24 08:31:38 - [MESSAGE][PASSED] - Delayed 3 second(s)

2022-06-24 08:31:38 - [MESSAGE][PASSED] - Scroll to object 'Object Repository/1. Constant/xpath' successfully

2022-06-24 08:31:41 - [MESSAGE][PASSED] - Object: 'Object Repository/1. Constant/xpath' is clicked on

2022-06-24 08:31:46 - [MESSAGE][PASSED] - Delayed 5 second(s)

2022-06-24 08:31:46 - [TEST_STEP][PASSED] - takeScreenshot(): Taking screenshot successfully

2022-06-24 08:31:47 - [MESSAGE][PASSED] - Taking screenshot successfully
[[ATTACHMENT|D:\\Projet Test Auto\\Mediabox Test Automation\\Reports\\20220624_080915\\03. Parallel Testing (Testing)\\TS -PT PART 3\\14.06 Dreyers Support Action (Ongoing _ Completed ref) - PART 6\\20220624_080917\\1656052306992.png]]

2022-06-24 08:31:47 - [TEST_STEP][PASSED] - delay(1): Delayed 1 second(s)

2022-06-24 08:31:48 - [MESSAGE][PASSED] - Delayed 1 second(s)

2022-06-24 08:31:48 - [TEST_STEP][PASSED] - color2 = getCSSValue(findTestObject("1. Constant/xpath", ["xpath":"//*[@id="source_" + refID32 + ""]/td[14]/a[2]"]), "color", OPTIONAL): Get CSS 'color' value on 'Object Repository/1. Constant/xpath' successfully: 'rgba(255, 255, 255, 1)'.

2022-06-24 08:31:49 - [MESSAGE][PASSED] - Get CSS 'color' value on 'Object Repository/1. Constant/xpath' successfully: 'rgba(255, 255, 255, 1)'.

2022-06-24 08:31:49 - [TEST_STEP][PASSED] - while (color2 == "rgba(255, 255, 255, 1)"): Get CSS 'color' value on 'Object Repository/1. Constant/xpath' successfully: 'rgba(54, 153, 255, 1)'.

2022-06-24 08:31:49 - [TEST_STEP][PASSED] - click(findTestObject("1. Constant/xpath", ["xpath":"//*[@id="source_" + refID32 + ""]/td[14]/a[2]"])): Object: 'Object Repository/1. Constant/xpath' is clicked on

2022-06-24 08:31:52 - [MESSAGE][PASSED] - Object: 'Object Repository/1. Constant/xpath' is clicked on

2022-06-24 08:31:52 - [TEST_STEP][PASSED] - I.UploadDoc_sendkey_Prod(findTestObject("1. Constant/xpath", ["xpath":"//*[@id="kt_body"]/input[2]"]), "D:\Upoad_File\Upload doc\testdata1.pdf", "testdata1"): Delayed 5 second(s)

2022-06-24 08:31:52 - [MESSAGE][PASSED] - Scroll to object 'Object Repository/1. Constant/xpath' successfully

2022-06-24 08:31:57 - [MESSAGE][PASSED] - Delayed 5 second(s)

2022-06-24 08:31:58 - [MESSAGE][PASSED] - File 'D:\Upoad_File\Upload doc\testdata1.pdf' sent to object: 'Object Repository/1. Constant/xpath'

2022-06-24 08:32:03 - [MESSAGE][PASSED] - Delayed 5 second(s)

2022-06-24 08:32:03 - [MESSAGE][PASSED] - Text 'testdata1' is present on page 

2022-06-24 08:32:08 - [MESSAGE][PASSED] - Delayed 5 second(s)

2022-06-24 08:32:13 - [MESSAGE][PASSED] - Delayed 5 second(s)

2022-06-24 08:32:13 - [TEST_STEP][PASSED] - takeScreenshot(): Taking screenshot successfully

2022-06-24 08:32:14 - [MESSAGE][PASSED] - Taking screenshot successfully
[[ATTACHMENT|D:\\Projet Test Auto\\Mediabox Test Automation\\Reports\\20220624_080915\\03. Parallel Testing (Testing)\\TS -PT PART 3\\14.06 Dreyers Support Action (Ongoing _ Completed ref) - PART 6\\20220624_080917\\1656052333773.png]]

2022-06-24 08:32:14 - [TEST_STEP][PASSED] - delay(8): Delayed 8 second(s)

2022-06-24 08:32:22 - [MESSAGE][PASSED] - Delayed 8 second(s)

2022-06-24 08:32:22 - [TEST_STEP][PASSED] - click(findTestObject("HL Full Lifecycle/12 ReferncePage_Button_Updatensenddoc")): Object: 'Object Repository/HL Full Lifecycle/12 ReferncePage_Button_Updatensenddoc' is clicked on

2022-06-24 08:32:27 - [MESSAGE][PASSED] - Object: 'Object Repository/HL Full Lifecycle/12 ReferncePage_Button_Updatensenddoc' is clicked on

2022-06-24 08:32:27 - [TEST_STEP][PASSED] - delay(4): Delayed 4 second(s)

2022-06-24 08:32:31 - [MESSAGE][PASSED] - Delayed 4 second(s)

2022-06-24 08:32:31 - [TEST_STEP][PASSED] - color2 = getCSSValue(findTestObject("1. Constant/xpath", ["xpath":"//*[@id="source_" + refID32 + ""]/td[14]/a[2]"]), "color", OPTIONAL): Get CSS 'color' value on 'Object Repository/1. Constant/xpath' successfully: 'rgba(54, 153, 255, 1)'.

2022-06-24 08:32:32 - [MESSAGE][PASSED] - Get CSS 'color' value on 'Object Repository/1. Constant/xpath' successfully: 'rgba(54, 153, 255, 1)'.

2022-06-24 08:32:32 - [TEST_STEP][PASSED] - takeScreenshot(): Taking screenshot successfully

2022-06-24 08:32:32 - [MESSAGE][PASSED] - Taking screenshot successfully
[[ATTACHMENT|D:\\Projet Test Auto\\Mediabox Test Automation\\Reports\\20220624_080915\\03. Parallel Testing (Testing)\\TS -PT PART 3\\14.06 Dreyers Support Action (Ongoing _ Completed ref) - PART 6\\20220624_080917\\1656052352072.png]]

2022-06-24 08:32:32 - [TEST_STEP][PASSED] - click(findTestObject("1. Constant/xpath", ["xpath":"//*[@id="source_" + refID32 + ""]/td[6]/a"])): Object: 'Object Repository/1. Constant/xpath' is clicked on

2022-06-24 08:32:34 - [MESSAGE][PASSED] - Object: 'Object Repository/1. Constant/xpath' is clicked on

2022-06-24 08:32:34 - [TEST_STEP][PASSED] - takeScreenshot(): Taking screenshot successfully

2022-06-24 08:32:35 - [MESSAGE][PASSED] - Taking screenshot successfully
[[ATTACHMENT|D:\\Projet Test Auto\\Mediabox Test Automation\\Reports\\20220624_080915\\03. Parallel Testing (Testing)\\TS -PT PART 3\\14.06 Dreyers Support Action (Ongoing _ Completed ref) - PART 6\\20220624_080917\\1656052355024.png]]

2022-06-24 08:32:35 - [TEST_STEP][PASSED] - delay(1): Delayed 1 second(s)

2022-06-24 08:32:36 - [MESSAGE][PASSED] - Delayed 1 second(s)

2022-06-24 08:32:36 - [TEST_STEP][PASSED] - I.Approveforothers("/html/body/div[1]/div[2]/div[8]/div[3]/div/div[3]/div[2]/div/div[3]/div/div[2]/div[1]/div/div[2]/div/div[2]/div[2]/div/div/div[1]/img", "/html/body/div[1]/div[2]/div[8]/div[3]/div/div[3]/div[2]/div/div[3]/div/div[2]/div[1]/div/div[2]/div/div[2]/div[2]/div/div/div[6]/a[2]/span"): Object: 'Object Repository/1. Constant/xpath' is clicked on

2022-06-24 08:32:37 - [MESSAGE][PASSED] - Object: 'Object Repository/1. Constant/xpath' is clicked on

2022-06-24 08:32:38 - [MESSAGE][PASSED] - Delayed 1 second(s)

2022-06-24 08:32:38 - [MESSAGE][PASSED] - Object: 'Object Repository/1. Constant/xpath' is clicked on

2022-06-24 08:32:39 - [MESSAGE][PASSED] - Delayed 1 second(s)

2022-06-24 08:32:40 - [MESSAGE][PASSED] - Object: 'Object Repository/1. Constant/xpath' is hovered

2022-06-24 08:32:40 - [MESSAGE][PASSED] - Object: 'Object Repository/1. Constant/xpath' is clicked on

2022-06-24 08:32:42 - [MESSAGE][PASSED] - Delayed 1 second(s)

2022-06-24 08:32:47 - [MESSAGE][PASSED] - Object: 'Object Repository/1. Constant/xpath' is clicked on

2022-06-24 08:32:47 - [TEST_STEP][PASSED] - delay(1): Delayed 1 second(s)

2022-06-24 08:32:48 - [MESSAGE][PASSED] - Delayed 1 second(s)

2022-06-24 08:32:48 - [TEST_STEP][PASSED] - click(findTestObject("1. Constant/xpath", ["xpath":"//*[@id="kt_subheader"]/div/nav/ol/li[2]/a"])): Object: 'Object Repository/1. Constant/xpath' is clicked on

2022-06-24 08:32:50 - [MESSAGE][PASSED] - Object: 'Object Repository/1. Constant/xpath' is clicked on

2022-06-24 08:32:50 - [TEST_STEP][PASSED] - delay(1): Delayed 1 second(s)

2022-06-24 08:32:51 - [MESSAGE][PASSED] - Delayed 1 second(s)

2022-06-24 08:32:51 - [TEST_STEP][PASSED] - Lifecycle_Status9 = getText(findTestObject("1. Constant/xpath", ["xpath":"//*[@id="source_" + refID32 + ""]/td[11]/span[1]"])): Text of object 'Object Repository/1. Constant/xpath' is: 'Phase 3.1 [Question]'

2022-06-24 08:32:51 - [MESSAGE][PASSED] - Text of object 'Object Repository/1. Constant/xpath' is: 'Phase 3.1 [Question]'

2022-06-24 08:32:51 - [TEST_STEP][PASSED] - verifyMatch(Lifecycle_Status9, "Phase 3.1 [Question]", false): Actual text 'Phase 3.1 [Question]' and expected text 'Phase 3.1 [Question]' are matched 

2022-06-24 08:32:51 - [MESSAGE][PASSED] - Actual text 'Phase 3.1 [Question]' and expected text 'Phase 3.1 [Question]' are matched 

2022-06-24 08:32:51 - [TEST_STEP][PASSED] - closeBrowser(): Browser is closed

2022-06-24 08:32:56 - [MESSAGE][PASSED] - Browser is closed

2022-06-24 08:32:56 - [TEST_STEP][PASSED] - Start listener action : sampleAfterTestCase: null]]></system-out>
         <system-err><![CDATA[]]></system-err>
      </testcase>
      <testcase name="Test Cases/19. Dreyers Support Action (Ongoing ref_completed)/19.33 Dreyers SAS Add Phase (Ongoing ref) S41 - P33" time="715.081" classname="Test Cases/19. Dreyers Support Action (Ongoing ref_completed)/19.33 Dreyers SAS Add Phase (Ongoing ref) S41 - P33" status="PASSED">
         <system-out><![CDATA[2022-06-24 08:32:56 - [TEST_CASE][PASSED] - Test Cases/19. Dreyers Support Action (Ongoing ref_completed)/19.33 Dreyers SAS Add Phase (Ongoing ref) S41 - P33: Test Cases/19. Dreyers Support Action (Ongoing ref_completed)/19.33 Dreyers SAS Add Phase (Ongoing ref) S41 - P33

2022-06-24 08:32:57 - [TEST_STEP][PASSED] - data_Dreyers = findTestData("Data Files/Username_Password/Dreyer"): null

2022-06-24 08:32:57 - [TEST_STEP][PASSED] - password_suser = data_Dreyers.getValue(2, 1): null

2022-06-24 08:32:57 - [TEST_STEP][PASSED] - password_blemco = data_Dreyers.getValue(2, 2): null

2022-06-24 08:32:57 - [TEST_STEP][PASSED] - password_nturner = data_Dreyers.getValue(2, 6): null

2022-06-24 08:32:57 - [TEST_STEP][PASSED] - password_lmary = data_Dreyers.getValue(2, 13): null

2022-06-24 08:32:57 - [TEST_STEP][PASSED] - data_urlRELAUTO = findTestData("Data Files/URL/URL_relauto"): null

2022-06-24 08:32:57 - [TEST_STEP][PASSED] - Url_Dreyer = data_urlRELAUTO.getValue(2, 4): null

2022-06-24 08:32:57 - [TEST_STEP][PASSED] - Project_No = I.readnotepad("D:\Upoad_File\Projet_ Login\Dreyers\19.1\19.1_Dreyers_ProjectNo.txt"): null

2022-06-24 08:32:57 - [TEST_STEP][PASSED] - refID = I.readnotepad("D:\Upoad_File\Projet_ Login\Dreyers\19.1\19.1_Dreyers_refID.txt"): null

2022-06-24 08:32:57 - [TEST_STEP][PASSED] - openBrowser(Url_Dreyer): Browser is opened with url: 'http://mdb-release.diadeis.lan/MediaboxIndependence/?MBI_datasource=RELTESTAUTO_DREYERS'

2022-06-24 08:32:57 - [MESSAGE][INFO] - Starting 'Chrome (headless)' driver

2022-06-24 08:32:57 - [MESSAGE][INFO] - User set preference: ['args', '[--window-size=1920,1080, --headless]']

2022-06-24 08:32:57 - [MESSAGE][INFO] - Action delay is set to 0 milliseconds

2022-06-24 08:33:18 - [MESSAGE][PASSED] - Browser is opened with url: 'http://mdb-release.diadeis.lan/MediaboxIndependence/?MBI_datasource=RELTESTAUTO_DREYERS'

2022-06-24 08:33:18 - [TEST_STEP][PASSED] - maximizeWindow(): Current window maximized

2022-06-24 08:33:18 - [MESSAGE][PASSED] - Current window maximized

2022-06-24 08:33:18 - [TEST_STEP][PASSED] - I.Login_password("suser", password_suser): Object: 'Object Repository/1. Constant/xpath' is clicked on

2022-06-24 08:33:19 - [MESSAGE][PASSED] - Text 'suser' is set on object 'Object Repository/1. Constant/xpath'

2022-06-24 08:33:20 - [MESSAGE][PASSED] - Delayed 1 second(s)

2022-06-24 08:33:22 - [MESSAGE][PASSED] - Text 'diadeis' is set on object 'Object Repository/1. Constant/xpath'

2022-06-24 08:33:23 - [MESSAGE][PASSED] - Delayed 1 second(s)

2022-06-24 08:33:34 - [MESSAGE][PASSED] - Object: 'Object Repository/1. Constant/xpath' is clicked on

2022-06-24 08:33:34 - [TEST_STEP][PASSED] - click(findTestObject("1. Constant/02_LHSMenu_Projects")): Object: 'Object Repository/1. Constant/02_LHSMenu_Projects' is clicked on

2022-06-24 08:33:37 - [MESSAGE][PASSED] - Object: 'Object Repository/1. Constant/02_LHSMenu_Projects' is clicked on

2022-06-24 08:33:37 - [TEST_STEP][PASSED] - I.SearchProjectNo_xpath(Project_No, "//*[@id="keynum_project"]", "//*[@id="form_filters"]/div[4]/button"): Delayed 5 second(s)

2022-06-24 08:33:38 - [MESSAGE][PASSED] - Delayed 1 second(s)

2022-06-24 08:33:39 - [MESSAGE][PASSED] - Text 'MI000883' is set on object 'Object Repository/1. Constant/xpath'

2022-06-24 08:33:42 - [MESSAGE][PASSED] - Delayed 3 second(s)

2022-06-24 08:33:42 - [MESSAGE][PASSED] - Scroll to object 'Object Repository/1. Constant/xpath' successfully

2022-06-24 08:33:48 - [MESSAGE][PASSED] - Object: 'Object Repository/1. Constant/xpath' is clicked on

2022-06-24 08:33:53 - [MESSAGE][PASSED] - Delayed 5 second(s)

2022-06-24 08:33:53 - [TEST_STEP][PASSED] - takeScreenshot(): Taking screenshot successfully

2022-06-24 08:33:54 - [MESSAGE][PASSED] - Taking screenshot successfully
[[ATTACHMENT|D:\\Projet Test Auto\\Mediabox Test Automation\\Reports\\20220624_080915\\03. Parallel Testing (Testing)\\TS -PT PART 3\\14.06 Dreyers Support Action (Ongoing _ Completed ref) - PART 6\\20220624_080917\\1656052433680.png]]

2022-06-24 08:33:54 - [TEST_STEP][PASSED] - click(findTestObject("1. Constant/xpath", ["xpath":"//*[@id="create_ref_btn"]/button"])): Object: 'Object Repository/1. Constant/xpath' is clicked on

2022-06-24 08:33:54 - [MESSAGE][PASSED] - Object: 'Object Repository/1. Constant/xpath' is clicked on

2022-06-24 08:33:54 - [TEST_STEP][PASSED] - delay(1): Delayed 1 second(s)

2022-06-24 08:33:55 - [MESSAGE][PASSED] - Delayed 1 second(s)

2022-06-24 08:33:55 - [TEST_STEP][PASSED] - click(findTestObject("1. Constant/xpath", ["xpath":"//*[@id="create_ref_btn"]/div/a"])): Object: 'Object Repository/1. Constant/xpath' is clicked on

2022-06-24 08:33:58 - [MESSAGE][PASSED] - Object: 'Object Repository/1. Constant/xpath' is clicked on

2022-06-24 08:33:58 - [TEST_STEP][PASSED] - delay(1): Delayed 1 second(s)

2022-06-24 08:33:59 - [MESSAGE][PASSED] - Delayed 1 second(s)

2022-06-24 08:33:59 - [TEST_STEP][PASSED] - selectOptionByValue(findTestObject("1. Constant/xpath", ["xpath":"//*[@id="lfc_tpl"]"]), "36", false): All options with value '36' are selected in object 'Object Repository/1. Constant/xpath' 

2022-06-24 08:34:03 - [MESSAGE][PASSED] - All options with value '36' are selected in object 'Object Repository/1. Constant/xpath' 

2022-06-24 08:34:03 - [TEST_STEP][PASSED] - ref_name = "P33_Auto_SAS_S41_" + RandomStringUtils.randomAlphanumeric(5) + I.gettimedate(): null

2022-06-24 08:34:03 - [TEST_STEP][PASSED] - delay(1): Delayed 1 second(s)

2022-06-24 08:34:04 - [MESSAGE][PASSED] - Delayed 1 second(s)

2022-06-24 08:34:04 - [TEST_STEP][PASSED] - setText(findTestObject("1. Constant/xpath", ["xpath":"//*[@id="var_name"]"]), ref_name): Text 'P33_Auto_SAS_S41_rWnsIjuin242022_083403' is set on object 'Object Repository/1. Constant/xpath'

2022-06-24 08:34:07 - [MESSAGE][PASSED] - Text 'P33_Auto_SAS_S41_rWnsIjuin242022_083403' is set on object 'Object Repository/1. Constant/xpath'

2022-06-24 08:34:07 - [TEST_STEP][PASSED] - takeScreenshot(): Taking screenshot successfully

2022-06-24 08:34:07 - [MESSAGE][PASSED] - Taking screenshot successfully
[[ATTACHMENT|D:\\Projet Test Auto\\Mediabox Test Automation\\Reports\\20220624_080915\\03. Parallel Testing (Testing)\\TS -PT PART 3\\14.06 Dreyers Support Action (Ongoing _ Completed ref) - PART 6\\20220624_080917\\1656052447466.png]]

2022-06-24 08:34:07 - [TEST_STEP][PASSED] - click(findTestObject("1. Constant/xpath", ["xpath":"//*[@id="createRefBottom"]"])): Object: 'Object Repository/1. Constant/xpath' is clicked on

2022-06-24 08:34:10 - [MESSAGE][PASSED] - Object: 'Object Repository/1. Constant/xpath' is clicked on

2022-06-24 08:34:10 - [TEST_STEP][PASSED] - delay(1): Delayed 1 second(s)

2022-06-24 08:34:11 - [MESSAGE][PASSED] - Delayed 1 second(s)

2022-06-24 08:34:11 - [TEST_STEP][PASSED] - takeScreenshot(): Taking screenshot successfully

2022-06-24 08:34:13 - [MESSAGE][PASSED] - Taking screenshot successfully
[[ATTACHMENT|D:\\Projet Test Auto\\Mediabox Test Automation\\Reports\\20220624_080915\\03. Parallel Testing (Testing)\\TS -PT PART 3\\14.06 Dreyers Support Action (Ongoing _ Completed ref) - PART 6\\20220624_080917\\1656052452072.png]]

2022-06-24 08:34:13 - [TEST_STEP][PASSED] - refID33 = I.RefID(): Current window's url is: 'http://mdb-release.diadeis.lan/MediaboxIndependence/Base/ExecAction?IDSession=MBI%21RELTESTAUTO_DREYERS%21YX3I2S3GFXE4HRESW6A0ESV0849SY2CJXF2JHU63&default_action=ModifierRef&id_project=MI000883&id_ref=5343&action_from=create_ref'

2022-06-24 08:34:18 - [MESSAGE][PASSED] - Delayed 5 second(s)

2022-06-24 08:34:19 - [MESSAGE][PASSED] - Current window's url is: 'http://mdb-release.diadeis.lan/MediaboxIndependence/Base/ExecAction?IDSession=MBI%21RELTESTAUTO_DREYERS%21YX3I2S3GFXE4HRESW6A0ESV0849SY2CJXF2JHU63&default_action=ModifierRef&id_project=MI000883&id_ref=5343&action_from=create_ref'

2022-06-24 08:34:19 - [TEST_STEP][PASSED] - click(findTestObject("1. Constant/xpath", ["xpath":"//*[@id="type_save"]"])): Object: 'Object Repository/1. Constant/xpath' is clicked on

2022-06-24 08:34:27 - [MESSAGE][PASSED] - Object: 'Object Repository/1. Constant/xpath' is clicked on

2022-06-24 08:34:27 - [TEST_STEP][PASSED] - takeScreenshot(): Taking screenshot successfully

2022-06-24 08:34:28 - [MESSAGE][PASSED] - Taking screenshot successfully
[[ATTACHMENT|D:\\Projet Test Auto\\Mediabox Test Automation\\Reports\\20220624_080915\\03. Parallel Testing (Testing)\\TS -PT PART 3\\14.06 Dreyers Support Action (Ongoing _ Completed ref) - PART 6\\20220624_080917\\1656052467899.png]]

2022-06-24 08:34:28 - [TEST_STEP][PASSED] - delay(1): Delayed 1 second(s)

2022-06-24 08:34:29 - [MESSAGE][PASSED] - Delayed 1 second(s)

2022-06-24 08:34:29 - [TEST_STEP][PASSED] - I.SearchRefNo_xpath("P33_Auto", "//*[@id="fiche_filter_keywords11"]", "//*[@id="form_filters"]/div[3]/button"): Delayed 5 second(s)

2022-06-24 08:34:30 - [MESSAGE][PASSED] - Delayed 1 second(s)

2022-06-24 08:34:31 - [MESSAGE][PASSED] - Text 'P33_Auto' is set on object 'Object Repository/1. Constant/xpath'

2022-06-24 08:34:34 - [MESSAGE][PASSED] - Delayed 3 second(s)

2022-06-24 08:34:34 - [MESSAGE][PASSED] - Scroll to object 'Object Repository/1. Constant/xpath' successfully

2022-06-24 08:34:36 - [MESSAGE][PASSED] - Object: 'Object Repository/1. Constant/xpath' is clicked on

2022-06-24 08:34:41 - [MESSAGE][PASSED] - Delayed 5 second(s)

2022-06-24 08:34:41 - [TEST_STEP][PASSED] - click(findTestObject("1. Constant/xpath", ["xpath":"//*[@id="source_" + refID33 + ""]/td[14]/a[3]"])): Object: 'Object Repository/1. Constant/xpath' is clicked on

2022-06-24 08:34:43 - [MESSAGE][PASSED] - Object: 'Object Repository/1. Constant/xpath' is clicked on

2022-06-24 08:34:43 - [TEST_STEP][PASSED] - click(findTestObject("1. Constant/xpath", ["xpath":"//*[@id="ModifFiche"]/div[1]/div/button[2]"])): Object: 'Object Repository/1. Constant/xpath' is clicked on

2022-06-24 08:34:47 - [MESSAGE][PASSED] - Object: 'Object Repository/1. Constant/xpath' is clicked on

2022-06-24 08:34:47 - [TEST_STEP][PASSED] - takeScreenshot(): Taking screenshot successfully

2022-06-24 08:34:47 - [MESSAGE][PASSED] - Taking screenshot successfully
[[ATTACHMENT|D:\\Projet Test Auto\\Mediabox Test Automation\\Reports\\20220624_080915\\03. Parallel Testing (Testing)\\TS -PT PART 3\\14.06 Dreyers Support Action (Ongoing _ Completed ref) - PART 6\\20220624_080917\\1656052487337.png]]

2022-06-24 08:34:47 - [TEST_STEP][PASSED] - delay(1): Delayed 1 second(s)

2022-06-24 08:34:48 - [MESSAGE][PASSED] - Delayed 1 second(s)

2022-06-24 08:34:48 - [TEST_STEP][PASSED] - click(findTestObject("1. Constant/xpath", ["xpath":"//*[@id="source_" + refID33 + ""]/td[14]/a[3]"])): Object: 'Object Repository/1. Constant/xpath' is clicked on

2022-06-24 08:34:51 - [MESSAGE][PASSED] - Object: 'Object Repository/1. Constant/xpath' is clicked on

2022-06-24 08:34:51 - [TEST_STEP][PASSED] - click(findTestObject("1. Constant/xpath", ["xpath":"//*[@id="ModifFiche"]/div[1]/div/button[2]"])): Object: 'Object Repository/1. Constant/xpath' is clicked on

2022-06-24 08:34:55 - [MESSAGE][PASSED] - Object: 'Object Repository/1. Constant/xpath' is clicked on

2022-06-24 08:34:55 - [TEST_STEP][PASSED] - takeScreenshot(): Taking screenshot successfully

2022-06-24 08:34:55 - [MESSAGE][PASSED] - Taking screenshot successfully
[[ATTACHMENT|D:\\Projet Test Auto\\Mediabox Test Automation\\Reports\\20220624_080915\\03. Parallel Testing (Testing)\\TS -PT PART 3\\14.06 Dreyers Support Action (Ongoing _ Completed ref) - PART 6\\20220624_080917\\1656052495195.png]]

2022-06-24 08:34:55 - [TEST_STEP][PASSED] - delay(1): Delayed 1 second(s)

2022-06-24 08:34:56 - [MESSAGE][PASSED] - Delayed 1 second(s)

2022-06-24 08:34:56 - [TEST_STEP][PASSED] - color1 = getCSSValue(findTestObject("1. Constant/xpath", ["xpath":"//*[@id="source_" + refID33 + ""]/td[14]/a[2]"]), "color", OPTIONAL): Get CSS 'color' value on 'Object Repository/1. Constant/xpath' successfully: 'rgba(255, 255, 255, 1)'.

2022-06-24 08:34:56 - [MESSAGE][PASSED] - Get CSS 'color' value on 'Object Repository/1. Constant/xpath' successfully: 'rgba(255, 255, 255, 1)'.

2022-06-24 08:34:56 - [TEST_STEP][PASSED] - while (color1 == "rgba(255, 255, 255, 1)"): Get CSS 'color' value on 'Object Repository/1. Constant/xpath' successfully: 'rgba(54, 153, 255, 1)'.

2022-06-24 08:34:56 - [TEST_STEP][PASSED] - click(findTestObject("1. Constant/xpath", ["xpath":"//*[@id="source_" + refID33 + ""]/td[14]/a[2]"])): Object: 'Object Repository/1. Constant/xpath' is clicked on

2022-06-24 08:35:00 - [MESSAGE][PASSED] - Object: 'Object Repository/1. Constant/xpath' is clicked on

2022-06-24 08:35:00 - [TEST_STEP][PASSED] - I.UploadDoc_sendkey_Prod(findTestObject("1. Constant/xpath", ["xpath":"//*[@id="kt_body"]/input[2]"]), "D:\Upoad_File\Upload doc\testdata1.pdf", "testdata1"): Delayed 5 second(s)

2022-06-24 08:35:00 - [MESSAGE][PASSED] - Scroll to object 'Object Repository/1. Constant/xpath' successfully

2022-06-24 08:35:05 - [MESSAGE][PASSED] - Delayed 5 second(s)

2022-06-24 08:35:06 - [MESSAGE][PASSED] - File 'D:\Upoad_File\Upload doc\testdata1.pdf' sent to object: 'Object Repository/1. Constant/xpath'

2022-06-24 08:35:11 - [MESSAGE][PASSED] - Delayed 5 second(s)

2022-06-24 08:35:11 - [MESSAGE][PASSED] - Text 'testdata1' is present on page 

2022-06-24 08:35:16 - [MESSAGE][PASSED] - Delayed 5 second(s)

2022-06-24 08:35:21 - [MESSAGE][PASSED] - Delayed 5 second(s)

2022-06-24 08:35:21 - [TEST_STEP][PASSED] - takeScreenshot(): Taking screenshot successfully

2022-06-24 08:35:22 - [MESSAGE][PASSED] - Taking screenshot successfully
[[ATTACHMENT|D:\\Projet Test Auto\\Mediabox Test Automation\\Reports\\20220624_080915\\03. Parallel Testing (Testing)\\TS -PT PART 3\\14.06 Dreyers Support Action (Ongoing _ Completed ref) - PART 6\\20220624_080917\\1656052521961.png]]

2022-06-24 08:35:22 - [TEST_STEP][PASSED] - delay(10): Delayed 10 second(s)

2022-06-24 08:35:32 - [MESSAGE][PASSED] - Delayed 10 second(s)

2022-06-24 08:35:32 - [TEST_STEP][PASSED] - click(findTestObject("HL Full Lifecycle/12 ReferncePage_Button_Updatensenddoc")): Object: 'Object Repository/HL Full Lifecycle/12 ReferncePage_Button_Updatensenddoc' is clicked on

2022-06-24 08:35:39 - [MESSAGE][PASSED] - Object: 'Object Repository/HL Full Lifecycle/12 ReferncePage_Button_Updatensenddoc' is clicked on

2022-06-24 08:35:39 - [TEST_STEP][PASSED] - delay(5): Delayed 5 second(s)

2022-06-24 08:35:44 - [MESSAGE][PASSED] - Delayed 5 second(s)

2022-06-24 08:35:44 - [TEST_STEP][PASSED] - color1 = getCSSValue(findTestObject("1. Constant/xpath", ["xpath":"//*[@id="source_" + refID33 + ""]/td[14]/a[2]"]), "color", OPTIONAL): Get CSS 'color' value on 'Object Repository/1. Constant/xpath' successfully: 'rgba(54, 153, 255, 1)'.

2022-06-24 08:35:44 - [MESSAGE][PASSED] - Get CSS 'color' value on 'Object Repository/1. Constant/xpath' successfully: 'rgba(54, 153, 255, 1)'.

2022-06-24 08:35:44 - [TEST_STEP][PASSED] - takeScreenshot(): Taking screenshot successfully

2022-06-24 08:35:46 - [MESSAGE][PASSED] - Taking screenshot successfully
[[ATTACHMENT|D:\\Projet Test Auto\\Mediabox Test Automation\\Reports\\20220624_080915\\03. Parallel Testing (Testing)\\TS -PT PART 3\\14.06 Dreyers Support Action (Ongoing _ Completed ref) - PART 6\\20220624_080917\\1656052545962.png]]

2022-06-24 08:35:46 - [TEST_STEP][PASSED] - click(findTestObject("1. Constant/xpath", ["xpath":"//*[@id="source_" + refID33 + ""]/td[6]/a"])): Object: 'Object Repository/1. Constant/xpath' is clicked on

2022-06-24 08:35:53 - [MESSAGE][PASSED] - Object: 'Object Repository/1. Constant/xpath' is clicked on

2022-06-24 08:35:53 - [TEST_STEP][PASSED] - takeScreenshot(): Taking screenshot successfully

2022-06-24 08:35:53 - [MESSAGE][PASSED] - Taking screenshot successfully
[[ATTACHMENT|D:\\Projet Test Auto\\Mediabox Test Automation\\Reports\\20220624_080915\\03. Parallel Testing (Testing)\\TS -PT PART 3\\14.06 Dreyers Support Action (Ongoing _ Completed ref) - PART 6\\20220624_080917\\1656052553140.png]]

2022-06-24 08:35:53 - [TEST_STEP][PASSED] - delay(1): Delayed 1 second(s)

2022-06-24 08:35:54 - [MESSAGE][PASSED] - Delayed 1 second(s)

2022-06-24 08:35:54 - [TEST_STEP][PASSED] - I.Approveforothers("/html/body/div[1]/div[2]/div[8]/div[3]/div/div[3]/div[2]/div/div[3]/div/div[2]/div[1]/div/div[2]/div/div[2]/div[2]/div/div/div[1]/img", "/html/body/div[1]/div[2]/div[8]/div[3]/div/div[3]/div[2]/div/div[3]/div/div[2]/div[1]/div/div[2]/div/div[2]/div[2]/div/div/div[6]/a[2]/span"): Object: 'Object Repository/1. Constant/xpath' is clicked on

2022-06-24 08:35:55 - [MESSAGE][PASSED] - Object: 'Object Repository/1. Constant/xpath' is clicked on

2022-06-24 08:35:56 - [MESSAGE][PASSED] - Delayed 1 second(s)

2022-06-24 08:35:57 - [MESSAGE][PASSED] - Object: 'Object Repository/1. Constant/xpath' is clicked on

2022-06-24 08:35:58 - [MESSAGE][PASSED] - Delayed 1 second(s)

2022-06-24 08:35:58 - [MESSAGE][PASSED] - Object: 'Object Repository/1. Constant/xpath' is hovered

2022-06-24 08:36:01 - [MESSAGE][PASSED] - Object: 'Object Repository/1. Constant/xpath' is clicked on

2022-06-24 08:36:02 - [MESSAGE][PASSED] - Delayed 1 second(s)

2022-06-24 08:36:07 - [MESSAGE][PASSED] - Object: 'Object Repository/1. Constant/xpath' is clicked on

2022-06-24 08:36:07 - [TEST_STEP][PASSED] - delay(1): Delayed 1 second(s)

2022-06-24 08:36:08 - [MESSAGE][PASSED] - Delayed 1 second(s)

2022-06-24 08:36:08 - [TEST_STEP][PASSED] - click(findTestObject("1. Constant/xpath", ["xpath":"//*[@id="kt_subheader"]/div/nav/ol/li[2]/a"])): Object: 'Object Repository/1. Constant/xpath' is clicked on

2022-06-24 08:36:11 - [MESSAGE][PASSED] - Object: 'Object Repository/1. Constant/xpath' is clicked on

2022-06-24 08:36:11 - [TEST_STEP][PASSED] - delay(1): Delayed 1 second(s)

2022-06-24 08:36:12 - [MESSAGE][PASSED] - Delayed 1 second(s)

2022-06-24 08:36:12 - [TEST_STEP][PASSED] - I.submitquesiton_ref(findTestObject("1. Constant/xpath", ["xpath":"//*[@id="source_" + refID33 + ""]/td[14]/div[1]/button"]), findTestObject("1. Constant/xpath", ["xpath":"//*[@id="source_" + refID33 + ""]/td[14]/div[1]/div/a[1]"])): Object: 'Object Repository/1. Constant/xpath' is clicked on

2022-06-24 08:36:12 - [MESSAGE][PASSED] - Object: 'Object Repository/1. Constant/xpath' is clicked on

2022-06-24 08:36:16 - [MESSAGE][PASSED] - Delayed 3 second(s)

2022-06-24 08:36:18 - [MESSAGE][PASSED] - Object: 'Object Repository/1. Constant/xpath' is clicked on

2022-06-24 08:36:18 - [TEST_STEP][PASSED] - click(findTestObject("1. Constant/xpath", ["xpath":"//*[@id="ModifFiche"]/div[1]/div/button[2]"])): Object: 'Object Repository/1. Constant/xpath' is clicked on

2022-06-24 08:36:24 - [MESSAGE][PASSED] - Object: 'Object Repository/1. Constant/xpath' is clicked on

2022-06-24 08:36:24 - [TEST_STEP][PASSED] - takeScreenshot(): Taking screenshot successfully

2022-06-24 08:36:25 - [MESSAGE][PASSED] - Taking screenshot successfully
[[ATTACHMENT|D:\\Projet Test Auto\\Mediabox Test Automation\\Reports\\20220624_080915\\03. Parallel Testing (Testing)\\TS -PT PART 3\\14.06 Dreyers Support Action (Ongoing _ Completed ref) - PART 6\\20220624_080917\\1656052584861.png]]

2022-06-24 08:36:25 - [TEST_STEP][PASSED] - I.submitquesiton_ref(findTestObject("1. Constant/xpath", ["xpath":"//*[@id="source_" + refID33 + ""]/td[14]/div[1]/button"]), findTestObject("1. Constant/xpath", ["xpath":"//*[@id="source_" + refID33 + ""]/td[14]/div[1]/div/a[1]"])): Object: 'Object Repository/1. Constant/xpath' is clicked on

2022-06-24 08:36:25 - [MESSAGE][PASSED] - Object: 'Object Repository/1. Constant/xpath' is clicked on

2022-06-24 08:36:28 - [MESSAGE][PASSED] - Delayed 3 second(s)

2022-06-24 08:36:30 - [MESSAGE][PASSED] - Object: 'Object Repository/1. Constant/xpath' is clicked on

2022-06-24 08:36:30 - [TEST_STEP][PASSED] - click(findTestObject("1. Constant/xpath", ["xpath":"//*[@id="ModifFiche"]/div[1]/div/button[2]"])): Object: 'Object Repository/1. Constant/xpath' is clicked on

2022-06-24 08:36:36 - [MESSAGE][PASSED] - Object: 'Object Repository/1. Constant/xpath' is clicked on

2022-06-24 08:36:36 - [TEST_STEP][PASSED] - takeScreenshot(): Taking screenshot successfully

2022-06-24 08:36:37 - [MESSAGE][PASSED] - Taking screenshot successfully
[[ATTACHMENT|D:\\Projet Test Auto\\Mediabox Test Automation\\Reports\\20220624_080915\\03. Parallel Testing (Testing)\\TS -PT PART 3\\14.06 Dreyers Support Action (Ongoing _ Completed ref) - PART 6\\20220624_080917\\1656052596875.png]]

2022-06-24 08:36:37 - [TEST_STEP][PASSED] - click(findTestObject("1. Constant/xpath", ["xpath":"//*[@id="source_" + refID33 + ""]/td[14]/a[3]"])): Object: 'Object Repository/1. Constant/xpath' is clicked on

2022-06-24 08:36:38 - [MESSAGE][PASSED] - Object: 'Object Repository/1. Constant/xpath' is clicked on

2022-06-24 08:36:38 - [TEST_STEP][PASSED] - click(findTestObject("1. Constant/xpath", ["xpath":"//*[@id="ModifFiche"]/div[1]/div/button[2]"])): Object: 'Object Repository/1. Constant/xpath' is clicked on

2022-06-24 08:36:42 - [MESSAGE][PASSED] - Object: 'Object Repository/1. Constant/xpath' is clicked on

2022-06-24 08:36:42 - [TEST_STEP][PASSED] - click(findTestObject("1. Constant/xpath", ["xpath":"//*[@id="source_" + refID33 + ""]/td[6]/a"])): Object: 'Object Repository/1. Constant/xpath' is clicked on

2022-06-24 08:36:46 - [MESSAGE][PASSED] - Object: 'Object Repository/1. Constant/xpath' is clicked on

2022-06-24 08:36:46 - [TEST_STEP][PASSED] - click(findTestObject("1. Constant/xpath", ["xpath":"//*[@id="kt_content"]/div[3]/div/ul/li[3]/a"])): Object: 'Object Repository/1. Constant/xpath' is clicked on

2022-06-24 08:36:48 - [MESSAGE][PASSED] - Object: 'Object Repository/1. Constant/xpath' is clicked on

2022-06-24 08:36:48 - [TEST_STEP][PASSED] - takeScreenshot(): Taking screenshot successfully

2022-06-24 08:36:49 - [MESSAGE][PASSED] - Taking screenshot successfully
[[ATTACHMENT|D:\\Projet Test Auto\\Mediabox Test Automation\\Reports\\20220624_080915\\03. Parallel Testing (Testing)\\TS -PT PART 3\\14.06 Dreyers Support Action (Ongoing _ Completed ref) - PART 6\\20220624_080917\\1656052608806.png]]

2022-06-24 08:36:49 - [TEST_STEP][PASSED] - click(findTestObject("1. Constant/xpath", ["xpath":"/html/body/div[1]/div[2]/div[8]/div[3]/div/div[3]/div[3]/div/div/div[3]/div/div[4]/div/div[1]/div[2]/div/button"])): Object: 'Object Repository/1. Constant/xpath' is clicked on

2022-06-24 08:36:49 - [MESSAGE][PASSED] - Object: 'Object Repository/1. Constant/xpath' is clicked on

2022-06-24 08:36:49 - [TEST_STEP][PASSED] - delay(1): Delayed 1 second(s)

2022-06-24 08:36:50 - [MESSAGE][PASSED] - Delayed 1 second(s)

2022-06-24 08:36:50 - [TEST_STEP][PASSED] - takeScreenshot(): Taking screenshot successfully

2022-06-24 08:36:51 - [MESSAGE][PASSED] - Taking screenshot successfully
[[ATTACHMENT|D:\\Projet Test Auto\\Mediabox Test Automation\\Reports\\20220624_080915\\03. Parallel Testing (Testing)\\TS -PT PART 3\\14.06 Dreyers Support Action (Ongoing _ Completed ref) - PART 6\\20220624_080917\\1656052610832.png]]

2022-06-24 08:36:51 - [TEST_STEP][PASSED] - delay(1): Delayed 1 second(s)

2022-06-24 08:36:52 - [MESSAGE][PASSED] - Delayed 1 second(s)

2022-06-24 08:36:52 - [TEST_STEP][PASSED] - x = 15: null

2022-06-24 08:36:52 - [TEST_STEP][PASSED] - i = 1: null

2022-06-24 08:36:52 - [TEST_STEP][PASSED] - while (i <= x): null

2022-06-24 08:36:52 - [TEST_STEP][PASSED] - Expected_SAS_Selected = "SAS S41: Add Phase 3.5 / Skip P3.4": null

2022-06-24 08:36:52 - [TEST_STEP][PASSED] - xpath_SAS = "/html/body/div[1]/div[2]/div[8]/div[3]/div/div[3]/div[3]/div/div/div[3]/div/div[4]/div/div[1]/div[2]/div/div/a[" + i + "]": null

2022-06-24 08:36:52 - [TEST_STEP][PASSED] - Actual_SAS = getText(findTestObject("1. Constant/xpath", ["xpath":xpath_SAS])): Text of object 'Object Repository/1. Constant/xpath' is: 'SAS S41: Add Phase 3.5 / Skip P3.4'

2022-06-24 08:36:52 - [MESSAGE][PASSED] - Text of object 'Object Repository/1. Constant/xpath' is: 'SAS S41: Add Phase 3.5 / Skip P3.4'

2022-06-24 08:36:52 - [TEST_STEP][PASSED] - I.print(i): null

2022-06-24 08:36:52 - [TEST_STEP][PASSED] - if (Actual_SAS.contains(Expected_SAS_Selected)): null

2022-06-24 08:36:52 - [TEST_STEP][PASSED] - click(findTestObject("1. Constant/xpath", ["xpath":xpath_SAS])): Object: 'Object Repository/1. Constant/xpath' is clicked on

2022-06-24 08:36:53 - [MESSAGE][PASSED] - Object: 'Object Repository/1. Constant/xpath' is clicked on

2022-06-24 08:36:53 - [TEST_STEP][PASSED] - break: null

2022-06-24 08:36:53 - [TEST_STEP][PASSED] - takeScreenshot(): Taking screenshot successfully

2022-06-24 08:36:54 - [MESSAGE][PASSED] - Taking screenshot successfully
[[ATTACHMENT|D:\\Projet Test Auto\\Mediabox Test Automation\\Reports\\20220624_080915\\03. Parallel Testing (Testing)\\TS -PT PART 3\\14.06 Dreyers Support Action (Ongoing _ Completed ref) - PART 6\\20220624_080917\\1656052613761.png]]

2022-06-24 08:36:54 - [TEST_STEP][PASSED] - click(findTestObject("1. Constant/xpath", ["xpath":"//*[@id="confirmSupportActionShortcut"]"])): Object: 'Object Repository/1. Constant/xpath' is clicked on

2022-06-24 08:36:59 - [MESSAGE][PASSED] - Object: 'Object Repository/1. Constant/xpath' is clicked on

2022-06-24 08:36:59 - [TEST_STEP][PASSED] - takeScreenshot(): Taking screenshot successfully

2022-06-24 08:36:59 - [MESSAGE][PASSED] - Taking screenshot successfully
[[ATTACHMENT|D:\\Projet Test Auto\\Mediabox Test Automation\\Reports\\20220624_080915\\03. Parallel Testing (Testing)\\TS -PT PART 3\\14.06 Dreyers Support Action (Ongoing _ Completed ref) - PART 6\\20220624_080917\\1656052619464.png]]

2022-06-24 08:36:59 - [TEST_STEP][PASSED] - click(findTestObject("1. Constant/xpath", ["xpath":"//*[@id="kt_content"]/div[3]/div/ul/li[3]/a"])): Object: 'Object Repository/1. Constant/xpath' is clicked on

2022-06-24 08:37:01 - [MESSAGE][PASSED] - Object: 'Object Repository/1. Constant/xpath' is clicked on

2022-06-24 08:37:01 - [TEST_STEP][PASSED] - takeScreenshot(): Taking screenshot successfully

2022-06-24 08:37:02 - [MESSAGE][PASSED] - Taking screenshot successfully
[[ATTACHMENT|D:\\Projet Test Auto\\Mediabox Test Automation\\Reports\\20220624_080915\\03. Parallel Testing (Testing)\\TS -PT PART 3\\14.06 Dreyers Support Action (Ongoing _ Completed ref) - PART 6\\20220624_080917\\1656052621683.png]]

2022-06-24 08:37:02 - [TEST_STEP][PASSED] - StepC_1 = getAttribute(findTestObject("1. Constant/xpath", ["xpath":"/html/body/div[1]/div[2]/div[8]/div[3]/div/div[3]/div[3]/div/ul/li[3]/a"]), "class"): Attribute 'class' of object 'Object Repository/1. Constant/xpath' is: 'nav-link timeline-badge badge-xl  bg-pending active'

2022-06-24 08:37:02 - [MESSAGE][PASSED] - Attribute 'class' of object 'Object Repository/1. Constant/xpath' is: 'nav-link timeline-badge badge-xl  bg-pending active'

2022-06-24 08:37:02 - [TEST_STEP][PASSED] - verifyMatch(StepC_1, "nav-link timeline-badge badge-xl  bg-pending active", false): Actual text 'nav-link timeline-badge badge-xl  bg-pending active' and expected text 'nav-link timeline-badge badge-xl  bg-pending active' are matched 

2022-06-24 08:37:02 - [MESSAGE][PASSED] - Actual text 'nav-link timeline-badge badge-xl  bg-pending active' and expected text 'nav-link timeline-badge badge-xl  bg-pending active' are matched 

2022-06-24 08:37:02 - [TEST_STEP][PASSED] - StepC_11 = I.Get_Stepname("/html/body/div[1]/div[2]/div[8]/div[3]/div/div[3]/div[3]/div/ul/li[3]/a"): Attribute 'href' of object 'Object Repository/1. Constant/xpath' is: 'http://mdb-release.diadeis.lan/MediaboxIndependence/Base/ExecAction?action=VoirRef&IDSession=MBI!RELTESTAUTO_DREYERS!YX3I2S3GFXE4HRESW6A0ESV0849SY2CJXF2JHU63&num=3C6CS8OXF0&id_ref=5343#tab_lifecycle_SASStepC_12405'

2022-06-24 08:37:07 - [MESSAGE][PASSED] - Delayed 5 second(s)

2022-06-24 08:37:07 - [MESSAGE][PASSED] - Attribute 'href' of object 'Object Repository/1. Constant/xpath' is: 'http://mdb-release.diadeis.lan/MediaboxIndependence/Base/ExecAction?action=VoirRef&IDSession=MBI!RELTESTAUTO_DREYERS!YX3I2S3GFXE4HRESW6A0ESV0849SY2CJXF2JHU63&num=3C6CS8OXF0&id_ref=5343#tab_lifecycle_SASStepC_12405'

2022-06-24 08:37:07 - [TEST_STEP][PASSED] - verifyMatch(StepC_11, "SASStepC", false): Actual text 'SASStepC' and expected text 'SASStepC' are matched 

2022-06-24 08:37:07 - [MESSAGE][PASSED] - Actual text 'SASStepC' and expected text 'SASStepC' are matched 

2022-06-24 08:37:07 - [TEST_STEP][PASSED] - delay(1): Delayed 1 second(s)

2022-06-24 08:37:08 - [MESSAGE][PASSED] - Delayed 1 second(s)

2022-06-24 08:37:08 - [TEST_STEP][PASSED] - Started_StepCP33_1 = getText(findTestObject("1. Constant/xpath", ["xpath":"/html/body/div[1]/div[2]/div[8]/div[3]/div/div[3]/div[3]/div/div/div[3]/div/div[4]/div/div[2]/div[1]"])): Text of object 'Object Repository/1. Constant/xpath' is: 'Started 06/24/22 02:36 AM'

2022-06-24 08:37:08 - [MESSAGE][PASSED] - Text of object 'Object Repository/1. Constant/xpath' is: 'Started 06/24/22 02:36 AM'

2022-06-24 08:37:08 - [TEST_STEP][PASSED] - if (Started_StepCP33_1.contains("Started")): Actual object '1' and expected object '1' are equal

2022-06-24 08:37:08 - [TEST_STEP][PASSED] - verifyEqual(1, 1): Actual object '1' and expected object '1' are equal

2022-06-24 08:37:08 - [MESSAGE][PASSED] - Actual object '1' and expected object '1' are equal

2022-06-24 08:37:08 - [TEST_STEP][PASSED] - click(findTestObject("1. Constant/xpath", ["xpath":"/html/body/div[1]/div[2]/div[8]/div[3]/div/div[3]/div[3]/div/div/div[3]/div/div[5]/div/div[1]/div[2]/a"])): Object: 'Object Repository/1. Constant/xpath' is clicked on

2022-06-24 08:37:11 - [MESSAGE][PASSED] - Object: 'Object Repository/1. Constant/xpath' is clicked on

2022-06-24 08:37:11 - [TEST_STEP][PASSED] - Name_Phase35 = getText(findTestObject("1. Constant/xpath", ["xpath":"/html/body/div[1]/div[2]/div[8]/div[3]/div/div[3]/div[3]/div/div/div[3]/div/div[5]/div/div[1]/div[1]/h3"])): Text of object 'Object Repository/1. Constant/xpath' is: 'Phase 3.5[Prod]'

2022-06-24 08:37:11 - [MESSAGE][PASSED] - Text of object 'Object Repository/1. Constant/xpath' is: 'Phase 3.5[Prod]'

2022-06-24 08:37:11 - [TEST_STEP][PASSED] - verifyMatch(Name_Phase35, "Phase 3.5[Prod]", false): Actual text 'Phase 3.5[Prod]' and expected text 'Phase 3.5[Prod]' are matched 

2022-06-24 08:37:11 - [MESSAGE][PASSED] - Actual text 'Phase 3.5[Prod]' and expected text 'Phase 3.5[Prod]' are matched 

2022-06-24 08:37:11 - [TEST_STEP][PASSED] - Started_StepCP35_1 = getText(findTestObject("1. Constant/xpath", ["xpath":"/html/body/div[1]/div[2]/div[8]/div[3]/div/div[3]/div[3]/div/div/div[3]/div/div[5]/div/div[2]/h6"])): Text of object 'Object Repository/1. Constant/xpath' is: 'Added manually 06/24/22 02:36 AM By s user'

2022-06-24 08:37:11 - [MESSAGE][PASSED] - Text of object 'Object Repository/1. Constant/xpath' is: 'Added manually 06/24/22 02:36 AM By s user'

2022-06-24 08:37:11 - [TEST_STEP][PASSED] - if (Started_StepCP35_1.contains("Added manually")): Actual object '1' and expected object '1' are equal

2022-06-24 08:37:11 - [TEST_STEP][PASSED] - verifyEqual(1, 1): Actual object '1' and expected object '1' are equal

2022-06-24 08:37:11 - [MESSAGE][PASSED] - Actual object '1' and expected object '1' are equal

2022-06-24 08:37:11 - [TEST_STEP][PASSED] - verifyElementNotPresent(findTestObject("1. Constant/xpath", ["xpath":"/html/body/div[1]/div[2]/div[8]/div[3]/div/div[3]/div[3]/div/div/div[3]/div/div[7]"]), 10): Web element with id: 'Object Repository/1. Constant/xpath' located by 'By.xpath: /html/body/div[1]/div[2]/div[8]/div[3]/div/div[3]/div[3]/div/div/div[3]/div/div[7]' is not present after '10' second(s)

2022-06-24 08:37:12 - [MESSAGE][PASSED] - Web element with id: 'Object Repository/1. Constant/xpath' located by 'By.xpath: /html/body/div[1]/div[2]/div[8]/div[3]/div/div[3]/div[3]/div/div/div[3]/div/div[7]' is not present after '10' second(s)

2022-06-24 08:37:12 - [TEST_STEP][PASSED] - verifyElementNotPresent(findTestObject("1. Constant/xpath", ["xpath":"/html/body/div[1]/div[2]/div[8]/div[3]/div/div[3]/div[3]/div/ul/li[4]/a"]), 10): Web element with id: 'Object Repository/1. Constant/xpath' located by 'By.xpath: /html/body/div[1]/div[2]/div[8]/div[3]/div/div[3]/div[3]/div/ul/li[4]/a' is not present after '10' second(s)

2022-06-24 08:37:12 - [MESSAGE][PASSED] - Web element with id: 'Object Repository/1. Constant/xpath' located by 'By.xpath: /html/body/div[1]/div[2]/div[8]/div[3]/div/div[3]/div[3]/div/ul/li[4]/a' is not present after '10' second(s)

2022-06-24 08:37:12 - [TEST_STEP][PASSED] - click(findTestObject("1. Constant/xpath", ["xpath":"/html/body/div[1]/div[2]/div[8]/div[2]/div/nav/ol/li[2]/a"])): Object: 'Object Repository/1. Constant/xpath' is clicked on

2022-06-24 08:37:14 - [MESSAGE][PASSED] - Object: 'Object Repository/1. Constant/xpath' is clicked on

2022-06-24 08:37:14 - [TEST_STEP][PASSED] - Lifecycle_Status1 = getText(findTestObject("1. Constant/xpath", ["xpath":"//*[@id="source_" + refID33 + ""]/td[11]/span[1]"])): Text of object 'Object Repository/1. Constant/xpath' is: 'Phase 3.4 [Standard]'

2022-06-24 08:37:14 - [MESSAGE][PASSED] - Text of object 'Object Repository/1. Constant/xpath' is: 'Phase 3.4 [Standard]'

2022-06-24 08:37:14 - [TEST_STEP][PASSED] - verifyMatch(Lifecycle_Status1, "Phase 3.4 [Standard]", false): Actual text 'Phase 3.4 [Standard]' and expected text 'Phase 3.4 [Standard]' are matched 

2022-06-24 08:37:14 - [MESSAGE][PASSED] - Actual text 'Phase 3.4 [Standard]' and expected text 'Phase 3.4 [Standard]' are matched 

2022-06-24 08:37:14 - [TEST_STEP][PASSED] - I.Logout(): Delayed 3 second(s)

2022-06-24 08:37:17 - [MESSAGE][PASSED] - Delayed 3 second(s)

2022-06-24 08:37:18 - [MESSAGE][PASSED] - Object: 'Object Repository/1. Constant/xpath' is clicked on

2022-06-24 08:37:21 - [MESSAGE][PASSED] - Delayed 3 second(s)

2022-06-24 08:37:23 - [MESSAGE][PASSED] - Object: 'Object Repository/1. Constant/xpath' is clicked on

2022-06-24 08:37:26 - [MESSAGE][PASSED] - Delayed 3 second(s)

2022-06-24 08:37:26 - [TEST_STEP][PASSED] - I.Login_password("nturner", password_nturner): Object: 'Object Repository/1. Constant/xpath' is clicked on

2022-06-24 08:37:26 - [MESSAGE][PASSED] - Text 'nturner' is set on object 'Object Repository/1. Constant/xpath'

2022-06-24 08:37:27 - [MESSAGE][PASSED] - Delayed 1 second(s)

2022-06-24 08:37:31 - [MESSAGE][PASSED] - Text 'diadeis1' is set on object 'Object Repository/1. Constant/xpath'

2022-06-24 08:37:32 - [MESSAGE][PASSED] - Delayed 1 second(s)

2022-06-24 08:37:37 - [MESSAGE][PASSED] - Object: 'Object Repository/1. Constant/xpath' is clicked on

2022-06-24 08:37:37 - [TEST_STEP][PASSED] - click(findTestObject("1. Constant/02_LHSMenu_Projects")): Object: 'Object Repository/1. Constant/02_LHSMenu_Projects' is clicked on

2022-06-24 08:37:40 - [MESSAGE][PASSED] - Object: 'Object Repository/1. Constant/02_LHSMenu_Projects' is clicked on

2022-06-24 08:37:40 - [TEST_STEP][PASSED] - I.SearchProjectNo_xpath(Project_No, "//*[@id="keynum_project"]", "//*[@id="form_filters"]/div[4]/button"): Delayed 5 second(s)

2022-06-24 08:37:41 - [MESSAGE][PASSED] - Delayed 1 second(s)

2022-06-24 08:37:42 - [MESSAGE][PASSED] - Text 'MI000883' is set on object 'Object Repository/1. Constant/xpath'

2022-06-24 08:37:45 - [MESSAGE][PASSED] - Delayed 3 second(s)

2022-06-24 08:37:45 - [MESSAGE][PASSED] - Scroll to object 'Object Repository/1. Constant/xpath' successfully

2022-06-24 08:37:48 - [MESSAGE][PASSED] - Object: 'Object Repository/1. Constant/xpath' is clicked on

2022-06-24 08:37:53 - [MESSAGE][PASSED] - Delayed 5 second(s)

2022-06-24 08:37:53 - [TEST_STEP][PASSED] - takeScreenshot(): Taking screenshot successfully

2022-06-24 08:37:54 - [MESSAGE][PASSED] - Taking screenshot successfully
[[ATTACHMENT|D:\\Projet Test Auto\\Mediabox Test Automation\\Reports\\20220624_080915\\03. Parallel Testing (Testing)\\TS -PT PART 3\\14.06 Dreyers Support Action (Ongoing _ Completed ref) - PART 6\\20220624_080917\\1656052673792.png]]

2022-06-24 08:37:54 - [TEST_STEP][PASSED] - I.SearchRefNo_xpath("P33_Auto", "//*[@id="fiche_filter_keywords11"]", "//*[@id="form_filters"]/div[3]/button"): Delayed 5 second(s)

2022-06-24 08:37:55 - [MESSAGE][PASSED] - Delayed 1 second(s)

2022-06-24 08:38:03 - [MESSAGE][PASSED] - Text 'P33_Auto' is set on object 'Object Repository/1. Constant/xpath'

2022-06-24 08:38:06 - [MESSAGE][PASSED] - Delayed 3 second(s)

2022-06-24 08:38:06 - [MESSAGE][PASSED] - Scroll to object 'Object Repository/1. Constant/xpath' successfully

2022-06-24 08:38:09 - [MESSAGE][PASSED] - Object: 'Object Repository/1. Constant/xpath' is clicked on

2022-06-24 08:38:14 - [MESSAGE][PASSED] - Delayed 5 second(s)

2022-06-24 08:38:14 - [TEST_STEP][PASSED] - click(findTestObject("1. Constant/xpath", ["xpath":"//*[@id="source_" + refID33 + ""]/td[13]/a[2]"])): Object: 'Object Repository/1. Constant/xpath' is clicked on

2022-06-24 08:38:16 - [MESSAGE][PASSED] - Object: 'Object Repository/1. Constant/xpath' is clicked on

2022-06-24 08:38:16 - [TEST_STEP][PASSED] - click(findTestObject("1. Constant/xpath", ["xpath":"//*[@id="ModifFiche"]/div[1]/div/button[2]"])): Object: 'Object Repository/1. Constant/xpath' is clicked on

2022-06-24 08:38:19 - [MESSAGE][PASSED] - Object: 'Object Repository/1. Constant/xpath' is clicked on

2022-06-24 08:38:19 - [TEST_STEP][PASSED] - Lifecycle_Status2 = getText(findTestObject("1. Constant/xpath", ["xpath":"//*[@id="source_" + refID33 + ""]/td[12]/span[1]"])): Text of object 'Object Repository/1. Constant/xpath' is: 'Phase 3.5[Prod]'

2022-06-24 08:38:21 - [MESSAGE][PASSED] - Text of object 'Object Repository/1. Constant/xpath' is: 'Phase 3.5[Prod]'

2022-06-24 08:38:21 - [TEST_STEP][PASSED] - verifyMatch(Lifecycle_Status2, "Phase 3.5[Prod]", false): Actual text 'Phase 3.5[Prod]' and expected text 'Phase 3.5[Prod]' are matched 

2022-06-24 08:38:21 - [MESSAGE][PASSED] - Actual text 'Phase 3.5[Prod]' and expected text 'Phase 3.5[Prod]' are matched 

2022-06-24 08:38:21 - [TEST_STEP][PASSED] - takeScreenshot(): Taking screenshot successfully

2022-06-24 08:38:21 - [MESSAGE][PASSED] - Taking screenshot successfully
[[ATTACHMENT|D:\\Projet Test Auto\\Mediabox Test Automation\\Reports\\20220624_080915\\03. Parallel Testing (Testing)\\TS -PT PART 3\\14.06 Dreyers Support Action (Ongoing _ Completed ref) - PART 6\\20220624_080917\\1656052701367.png]]

2022-06-24 08:38:21 - [TEST_STEP][PASSED] - I.Logout(): Delayed 3 second(s)

2022-06-24 08:38:24 - [MESSAGE][PASSED] - Delayed 3 second(s)

2022-06-24 08:38:25 - [MESSAGE][PASSED] - Object: 'Object Repository/1. Constant/xpath' is clicked on

2022-06-24 08:38:28 - [MESSAGE][PASSED] - Delayed 3 second(s)

2022-06-24 08:38:32 - [MESSAGE][PASSED] - Object: 'Object Repository/1. Constant/xpath' is clicked on

2022-06-24 08:38:35 - [MESSAGE][PASSED] - Delayed 3 second(s)

2022-06-24 08:38:35 - [TEST_STEP][PASSED] - I.Login_password("lmary", password_lmary): Object: 'Object Repository/1. Constant/xpath' is clicked on

2022-06-24 08:38:37 - [MESSAGE][PASSED] - Text 'lmary' is set on object 'Object Repository/1. Constant/xpath'

2022-06-24 08:38:38 - [MESSAGE][PASSED] - Delayed 1 second(s)

2022-06-24 08:38:41 - [MESSAGE][PASSED] - Text 'diadeis' is set on object 'Object Repository/1. Constant/xpath'

2022-06-24 08:38:42 - [MESSAGE][PASSED] - Delayed 1 second(s)

2022-06-24 08:38:45 - [MESSAGE][PASSED] - Object: 'Object Repository/1. Constant/xpath' is clicked on

2022-06-24 08:38:45 - [TEST_STEP][PASSED] - click(findTestObject("1. Constant/02_LHSMenu_Projects")): Object: 'Object Repository/1. Constant/02_LHSMenu_Projects' is clicked on

2022-06-24 08:38:49 - [MESSAGE][PASSED] - Object: 'Object Repository/1. Constant/02_LHSMenu_Projects' is clicked on

2022-06-24 08:38:49 - [TEST_STEP][PASSED] - I.SearchProjectNo_xpath(Project_No, "//*[@id="keynum_project"]", "//*[@id="form_filters"]/div[4]/button"): Delayed 5 second(s)

2022-06-24 08:38:50 - [MESSAGE][PASSED] - Delayed 1 second(s)

2022-06-24 08:38:50 - [MESSAGE][PASSED] - Text 'MI000883' is set on object 'Object Repository/1. Constant/xpath'

2022-06-24 08:38:53 - [MESSAGE][PASSED] - Delayed 3 second(s)

2022-06-24 08:38:54 - [MESSAGE][PASSED] - Scroll to object 'Object Repository/1. Constant/xpath' successfully

2022-06-24 08:38:58 - [MESSAGE][PASSED] - Object: 'Object Repository/1. Constant/xpath' is clicked on

2022-06-24 08:39:03 - [MESSAGE][PASSED] - Delayed 5 second(s)

2022-06-24 08:39:03 - [TEST_STEP][PASSED] - I.SearchRefNo_xpath("P33_Auto", "//*[@id="fiche_filter_keywords11"]", "//*[@id="form_filters"]/div[3]/button"): Delayed 5 second(s)

2022-06-24 08:39:04 - [MESSAGE][PASSED] - Delayed 1 second(s)

2022-06-24 08:39:07 - [MESSAGE][PASSED] - Text 'P33_Auto' is set on object 'Object Repository/1. Constant/xpath'

2022-06-24 08:39:10 - [MESSAGE][PASSED] - Delayed 3 second(s)

2022-06-24 08:39:10 - [MESSAGE][PASSED] - Scroll to object 'Object Repository/1. Constant/xpath' successfully

2022-06-24 08:39:12 - [MESSAGE][PASSED] - Object: 'Object Repository/1. Constant/xpath' is clicked on

2022-06-24 08:39:17 - [MESSAGE][PASSED] - Delayed 5 second(s)

2022-06-24 08:39:17 - [TEST_STEP][PASSED] - takeScreenshot(): Taking screenshot successfully

2022-06-24 08:39:17 - [MESSAGE][PASSED] - Taking screenshot successfully
[[ATTACHMENT|D:\\Projet Test Auto\\Mediabox Test Automation\\Reports\\20220624_080915\\03. Parallel Testing (Testing)\\TS -PT PART 3\\14.06 Dreyers Support Action (Ongoing _ Completed ref) - PART 6\\20220624_080917\\1656052757305.png]]

2022-06-24 08:39:17 - [TEST_STEP][PASSED] - color2 = getCSSValue(findTestObject("1. Constant/xpath", ["xpath":"//*[@id="source_" + refID33 + ""]/td[13]/a"]), "color", OPTIONAL): Get CSS 'color' value on 'Object Repository/1. Constant/xpath' successfully: 'rgba(255, 255, 255, 1)'.

2022-06-24 08:39:17 - [MESSAGE][PASSED] - Get CSS 'color' value on 'Object Repository/1. Constant/xpath' successfully: 'rgba(255, 255, 255, 1)'.

2022-06-24 08:39:17 - [TEST_STEP][PASSED] - while (color2 == "rgba(255, 255, 255, 1)"): Get CSS 'color' value on 'Object Repository/1. Constant/xpath' successfully: 'rgba(54, 153, 255, 1)'.

2022-06-24 08:39:17 - [TEST_STEP][PASSED] - click(findTestObject("1. Constant/xpath", ["xpath":"//*[@id="source_" + refID33 + ""]/td[13]/a"])): Object: 'Object Repository/1. Constant/xpath' is clicked on

2022-06-24 08:39:20 - [MESSAGE][PASSED] - Object: 'Object Repository/1. Constant/xpath' is clicked on

2022-06-24 08:39:20 - [TEST_STEP][PASSED] - selectOptionByValue(findTestObject("1. Constant/xpath", ["xpath":"//*[@id="id_approval_flow_tpl"]"]), "80", false): All options with value '80' are selected in object 'Object Repository/1. Constant/xpath' 

2022-06-24 08:39:26 - [MESSAGE][PASSED] - All options with value '80' are selected in object 'Object Repository/1. Constant/xpath' 

2022-06-24 08:39:26 - [TEST_STEP][PASSED] - I.UploadDoc_sendkey_Prod(findTestObject("1. Constant/xpath", ["xpath":"//*[@id="kt_body"]/input[2]"]), "D:\Upoad_File\Upload doc\testdata1.jpg", "testdata1"): Delayed 5 second(s)

2022-06-24 08:39:26 - [MESSAGE][PASSED] - Scroll to object 'Object Repository/1. Constant/xpath' successfully

2022-06-24 08:39:31 - [MESSAGE][PASSED] - Delayed 5 second(s)

2022-06-24 08:39:32 - [MESSAGE][PASSED] - File 'D:\Upoad_File\Upload doc\testdata1.jpg' sent to object: 'Object Repository/1. Constant/xpath'

2022-06-24 08:39:37 - [MESSAGE][PASSED] - Delayed 5 second(s)

2022-06-24 08:39:37 - [MESSAGE][PASSED] - Text 'testdata1' is present on page 

2022-06-24 08:39:42 - [MESSAGE][PASSED] - Delayed 5 second(s)

2022-06-24 08:39:47 - [MESSAGE][PASSED] - Delayed 5 second(s)

2022-06-24 08:39:47 - [TEST_STEP][PASSED] - takeScreenshot(): Taking screenshot successfully

2022-06-24 08:39:49 - [MESSAGE][PASSED] - Taking screenshot successfully
[[ATTACHMENT|D:\\Projet Test Auto\\Mediabox Test Automation\\Reports\\20220624_080915\\03. Parallel Testing (Testing)\\TS -PT PART 3\\14.06 Dreyers Support Action (Ongoing _ Completed ref) - PART 6\\20220624_080917\\1656052787696.png]]

2022-06-24 08:39:49 - [TEST_STEP][PASSED] - delay(10): Delayed 10 second(s)

2022-06-24 08:39:59 - [MESSAGE][PASSED] - Delayed 10 second(s)

2022-06-24 08:39:59 - [TEST_STEP][PASSED] - click(findTestObject("HL Full Lifecycle/12 ReferncePage_Button_Updatensenddoc")): Object: 'Object Repository/HL Full Lifecycle/12 ReferncePage_Button_Updatensenddoc' is clicked on

2022-06-24 08:40:03 - [MESSAGE][PASSED] - Object: 'Object Repository/HL Full Lifecycle/12 ReferncePage_Button_Updatensenddoc' is clicked on

2022-06-24 08:40:03 - [TEST_STEP][PASSED] - delay(5): Delayed 5 second(s)

2022-06-24 08:40:08 - [MESSAGE][PASSED] - Delayed 5 second(s)

2022-06-24 08:40:08 - [TEST_STEP][PASSED] - color2 = getCSSValue(findTestObject("1. Constant/xpath", ["xpath":"//*[@id="source_" + refID33 + ""]/td[13]/a"]), "color", OPTIONAL): Get CSS 'color' value on 'Object Repository/1. Constant/xpath' successfully: 'rgba(54, 153, 255, 1)'.

2022-06-24 08:40:08 - [MESSAGE][PASSED] - Get CSS 'color' value on 'Object Repository/1. Constant/xpath' successfully: 'rgba(54, 153, 255, 1)'.

2022-06-24 08:40:08 - [TEST_STEP][PASSED] - I.Logout(): Delayed 3 second(s)

2022-06-24 08:40:11 - [MESSAGE][PASSED] - Delayed 3 second(s)

2022-06-24 08:40:13 - [MESSAGE][PASSED] - Object: 'Object Repository/1. Constant/xpath' is clicked on

2022-06-24 08:40:16 - [MESSAGE][PASSED] - Delayed 3 second(s)

2022-06-24 08:40:19 - [MESSAGE][PASSED] - Object: 'Object Repository/1. Constant/xpath' is clicked on

2022-06-24 08:40:22 - [MESSAGE][PASSED] - Delayed 3 second(s)

2022-06-24 08:40:22 - [TEST_STEP][PASSED] - I.Login_password("blemco", password_blemco): Object: 'Object Repository/1. Constant/xpath' is clicked on

2022-06-24 08:40:22 - [MESSAGE][PASSED] - Text 'blemco' is set on object 'Object Repository/1. Constant/xpath'

2022-06-24 08:40:23 - [MESSAGE][PASSED] - Delayed 1 second(s)

2022-06-24 08:40:26 - [MESSAGE][PASSED] - Text 'diadeis1' is set on object 'Object Repository/1. Constant/xpath'

2022-06-24 08:40:27 - [MESSAGE][PASSED] - Delayed 1 second(s)

2022-06-24 08:40:31 - [MESSAGE][PASSED] - Object: 'Object Repository/1. Constant/xpath' is clicked on

2022-06-24 08:40:31 - [TEST_STEP][PASSED] - takeScreenshot(): Taking screenshot successfully

2022-06-24 08:40:32 - [MESSAGE][PASSED] - Taking screenshot successfully
[[ATTACHMENT|D:\\Projet Test Auto\\Mediabox Test Automation\\Reports\\20220624_080915\\03. Parallel Testing (Testing)\\TS -PT PART 3\\14.06 Dreyers Support Action (Ongoing _ Completed ref) - PART 6\\20220624_080917\\1656052831920.png]]

2022-06-24 08:40:32 - [TEST_STEP][PASSED] - click(findTestObject("1. Constant/02_LHSMenu_Projects")): Object: 'Object Repository/1. Constant/02_LHSMenu_Projects' is clicked on

2022-06-24 08:40:35 - [MESSAGE][PASSED] - Object: 'Object Repository/1. Constant/02_LHSMenu_Projects' is clicked on

2022-06-24 08:40:35 - [TEST_STEP][PASSED] - I.SearchProjectNo_xpath(Project_No, "//*[@id="keynum_project"]", "//*[@id="form_filters"]/div[4]/button"): Delayed 5 second(s)

2022-06-24 08:40:36 - [MESSAGE][PASSED] - Delayed 1 second(s)

2022-06-24 08:40:39 - [MESSAGE][PASSED] - Text 'MI000883' is set on object 'Object Repository/1. Constant/xpath'

2022-06-24 08:40:42 - [MESSAGE][PASSED] - Delayed 3 second(s)

2022-06-24 08:40:43 - [MESSAGE][PASSED] - Scroll to object 'Object Repository/1. Constant/xpath' successfully

2022-06-24 08:40:47 - [MESSAGE][PASSED] - Object: 'Object Repository/1. Constant/xpath' is clicked on

2022-06-24 08:40:52 - [MESSAGE][PASSED] - Delayed 5 second(s)

2022-06-24 08:40:52 - [TEST_STEP][PASSED] - takeScreenshot(): Taking screenshot successfully

2022-06-24 08:40:53 - [MESSAGE][PASSED] - Taking screenshot successfully
[[ATTACHMENT|D:\\Projet Test Auto\\Mediabox Test Automation\\Reports\\20220624_080915\\03. Parallel Testing (Testing)\\TS -PT PART 3\\14.06 Dreyers Support Action (Ongoing _ Completed ref) - PART 6\\20220624_080917\\1656052853155.png]]

2022-06-24 08:40:53 - [TEST_STEP][PASSED] - I.SearchRefNo_xpath("P33_Auto", "//*[@id="fiche_filter_keywords11"]", "//*[@id="form_filters"]/div[3]/button"): Delayed 5 second(s)

2022-06-24 08:40:54 - [MESSAGE][PASSED] - Delayed 1 second(s)

2022-06-24 08:40:55 - [MESSAGE][PASSED] - Text 'P33_Auto' is set on object 'Object Repository/1. Constant/xpath'

2022-06-24 08:40:58 - [MESSAGE][PASSED] - Delayed 3 second(s)

2022-06-24 08:40:58 - [MESSAGE][PASSED] - Scroll to object 'Object Repository/1. Constant/xpath' successfully

2022-06-24 08:41:02 - [MESSAGE][PASSED] - Object: 'Object Repository/1. Constant/xpath' is clicked on

2022-06-24 08:41:07 - [MESSAGE][PASSED] - Delayed 5 second(s)

2022-06-24 08:41:07 - [TEST_STEP][PASSED] - I.AWF_approve_byaction(findTestObject("1. Constant/xpath", ["xpath":"//*[@id="source_" + refID33 + ""]/td[13]/a[2]"])): Object: 'Object Repository/HL Full Lifecycle/Function_Appbutton2' is clicked on

2022-06-24 08:41:12 - [MESSAGE][PASSED] - Delayed 5 second(s)

2022-06-24 08:41:17 - [MESSAGE][PASSED] - Object: 'Object Repository/1. Constant/xpath' is clicked on

2022-06-24 08:41:21 - [MESSAGE][PASSED] - Object: 'Object Repository/HL Full Lifecycle/Function_access Viewer2' is hovered

2022-06-24 08:41:24 - [MESSAGE][PASSED] - Delayed 3 second(s)

2022-06-24 08:41:25 - [MESSAGE][PASSED] - Object: 'Object Repository/HL Full Lifecycle/Function_access Viewer2' is clicked on

2022-06-24 08:41:30 - [MESSAGE][PASSED] - Delayed 5 second(s)

2022-06-24 08:41:32 - [MESSAGE][PASSED] - Object: 'Object Repository/HL Full Lifecycle/Function_AppButton' is clicked on

2022-06-24 08:41:37 - [MESSAGE][PASSED] - Delayed 5 second(s)

2022-06-24 08:41:44 - [MESSAGE][PASSED] - Object: 'Object Repository/HL Full Lifecycle/Function_Appbutton2' is clicked on

2022-06-24 08:41:44 - [TEST_STEP][PASSED] - Lifecycle_Status7 = getText(findTestObject("1. Constant/xpath", ["xpath":"//*[@id="source_" + refID33 + ""]/td[12]/span[1]"])): Text of object 'Object Repository/1. Constant/xpath' is: 'Phase 3.5[Prod]'

2022-06-24 08:41:44 - [MESSAGE][PASSED] - Text of object 'Object Repository/1. Constant/xpath' is: 'Phase 3.5[Prod]'

2022-06-24 08:41:44 - [TEST_STEP][PASSED] - verifyMatch(Lifecycle_Status7, "Phase 3.5[Prod]", false): Actual text 'Phase 3.5[Prod]' and expected text 'Phase 3.5[Prod]' are matched 

2022-06-24 08:41:44 - [MESSAGE][PASSED] - Actual text 'Phase 3.5[Prod]' and expected text 'Phase 3.5[Prod]' are matched 

2022-06-24 08:41:44 - [TEST_STEP][PASSED] - takeScreenshot(): Taking screenshot successfully

2022-06-24 08:41:45 - [MESSAGE][PASSED] - Taking screenshot successfully
[[ATTACHMENT|D:\\Projet Test Auto\\Mediabox Test Automation\\Reports\\20220624_080915\\03. Parallel Testing (Testing)\\TS -PT PART 3\\14.06 Dreyers Support Action (Ongoing _ Completed ref) - PART 6\\20220624_080917\\1656052904614.png]]

2022-06-24 08:41:45 - [TEST_STEP][PASSED] - I.Logout(): Delayed 3 second(s)

2022-06-24 08:41:48 - [MESSAGE][PASSED] - Delayed 3 second(s)

2022-06-24 08:41:49 - [MESSAGE][PASSED] - Object: 'Object Repository/1. Constant/xpath' is clicked on

2022-06-24 08:41:52 - [MESSAGE][PASSED] - Delayed 3 second(s)

2022-06-24 08:41:54 - [MESSAGE][PASSED] - Object: 'Object Repository/1. Constant/xpath' is clicked on

2022-06-24 08:41:57 - [MESSAGE][PASSED] - Delayed 3 second(s)

2022-06-24 08:41:57 - [TEST_STEP][PASSED] - I.Login_password("lmary", password_lmary): Object: 'Object Repository/1. Constant/xpath' is clicked on

2022-06-24 08:41:57 - [MESSAGE][PASSED] - Text 'lmary' is set on object 'Object Repository/1. Constant/xpath'

2022-06-24 08:41:58 - [MESSAGE][PASSED] - Delayed 1 second(s)

2022-06-24 08:42:01 - [MESSAGE][PASSED] - Text 'diadeis' is set on object 'Object Repository/1. Constant/xpath'

2022-06-24 08:42:02 - [MESSAGE][PASSED] - Delayed 1 second(s)

2022-06-24 08:42:07 - [MESSAGE][PASSED] - Object: 'Object Repository/1. Constant/xpath' is clicked on

2022-06-24 08:42:07 - [TEST_STEP][PASSED] - click(findTestObject("1. Constant/02_LHSMenu_Projects")): Object: 'Object Repository/1. Constant/02_LHSMenu_Projects' is clicked on

2022-06-24 08:42:10 - [MESSAGE][PASSED] - Object: 'Object Repository/1. Constant/02_LHSMenu_Projects' is clicked on

2022-06-24 08:42:10 - [TEST_STEP][PASSED] - I.SearchProjectNo_xpath(Project_No, "//*[@id="keynum_project"]", "//*[@id="form_filters"]/div[4]/button"): Delayed 5 second(s)

2022-06-24 08:42:11 - [MESSAGE][PASSED] - Delayed 1 second(s)

2022-06-24 08:42:11 - [MESSAGE][PASSED] - Text 'MI000883' is set on object 'Object Repository/1. Constant/xpath'

2022-06-24 08:42:14 - [MESSAGE][PASSED] - Delayed 3 second(s)

2022-06-24 08:42:15 - [MESSAGE][PASSED] - Scroll to object 'Object Repository/1. Constant/xpath' successfully

2022-06-24 08:42:20 - [MESSAGE][PASSED] - Object: 'Object Repository/1. Constant/xpath' is clicked on

2022-06-24 08:42:25 - [MESSAGE][PASSED] - Delayed 5 second(s)

2022-06-24 08:42:25 - [TEST_STEP][PASSED] - takeScreenshot(): Taking screenshot successfully

2022-06-24 08:42:25 - [MESSAGE][PASSED] - Taking screenshot successfully
[[ATTACHMENT|D:\\Projet Test Auto\\Mediabox Test Automation\\Reports\\20220624_080915\\03. Parallel Testing (Testing)\\TS -PT PART 3\\14.06 Dreyers Support Action (Ongoing _ Completed ref) - PART 6\\20220624_080917\\1656052945443.png]]

2022-06-24 08:42:25 - [TEST_STEP][PASSED] - I.SearchRefNo_xpath("P33_Auto", "//*[@id="fiche_filter_keywords11"]", "//*[@id="form_filters"]/div[3]/button"): Delayed 5 second(s)

2022-06-24 08:42:26 - [MESSAGE][PASSED] - Delayed 1 second(s)

2022-06-24 08:42:27 - [MESSAGE][PASSED] - Text 'P33_Auto' is set on object 'Object Repository/1. Constant/xpath'

2022-06-24 08:42:30 - [MESSAGE][PASSED] - Delayed 3 second(s)

2022-06-24 08:42:30 - [MESSAGE][PASSED] - Scroll to object 'Object Repository/1. Constant/xpath' successfully

2022-06-24 08:42:32 - [MESSAGE][PASSED] - Object: 'Object Repository/1. Constant/xpath' is clicked on

2022-06-24 08:42:37 - [MESSAGE][PASSED] - Delayed 5 second(s)

2022-06-24 08:42:37 - [TEST_STEP][PASSED] - takeScreenshot(): Taking screenshot successfully

2022-06-24 08:42:38 - [MESSAGE][PASSED] - Taking screenshot successfully
[[ATTACHMENT|D:\\Projet Test Auto\\Mediabox Test Automation\\Reports\\20220624_080915\\03. Parallel Testing (Testing)\\TS -PT PART 3\\14.06 Dreyers Support Action (Ongoing _ Completed ref) - PART 6\\20220624_080917\\1656052957914.png]]

2022-06-24 08:42:38 - [TEST_STEP][PASSED] - color3 = getCSSValue(findTestObject("1. Constant/xpath", ["xpath":"//*[@id="source_" + refID33 + ""]/td[13]/a"]), "color", OPTIONAL): Get CSS 'color' value on 'Object Repository/1. Constant/xpath' successfully: 'rgba(255, 255, 255, 1)'.

2022-06-24 08:42:38 - [MESSAGE][PASSED] - Get CSS 'color' value on 'Object Repository/1. Constant/xpath' successfully: 'rgba(255, 255, 255, 1)'.

2022-06-24 08:42:38 - [TEST_STEP][PASSED] - while (color3 == "rgba(255, 255, 255, 1)"): Get CSS 'color' value on 'Object Repository/1. Constant/xpath' successfully: 'rgba(54, 153, 255, 1)'.

2022-06-24 08:42:38 - [TEST_STEP][PASSED] - click(findTestObject("1. Constant/xpath", ["xpath":"//*[@id="source_" + refID33 + ""]/td[13]/a"])): Object: 'Object Repository/1. Constant/xpath' is clicked on

2022-06-24 08:42:40 - [MESSAGE][PASSED] - Object: 'Object Repository/1. Constant/xpath' is clicked on

2022-06-24 08:42:40 - [TEST_STEP][PASSED] - selectOptionByValue(findTestObject("1. Constant/xpath", ["xpath":"//*[@id="id_approval_flow_tpl"]"]), "80", false): All options with value '80' are selected in object 'Object Repository/1. Constant/xpath' 

2022-06-24 08:42:40 - [MESSAGE][PASSED] - All options with value '80' are selected in object 'Object Repository/1. Constant/xpath' 

2022-06-24 08:42:40 - [TEST_STEP][PASSED] - I.UploadDoc_sendkey_Prod(findTestObject("1. Constant/xpath", ["xpath":"//*[@id="kt_body"]/input[2]"]), "D:\Upoad_File\Upload doc\testdata1.jpg", "testdata1"): Delayed 5 second(s)

2022-06-24 08:42:40 - [MESSAGE][PASSED] - Scroll to object 'Object Repository/1. Constant/xpath' successfully

2022-06-24 08:42:45 - [MESSAGE][PASSED] - Delayed 5 second(s)

2022-06-24 08:42:46 - [MESSAGE][PASSED] - File 'D:\Upoad_File\Upload doc\testdata1.jpg' sent to object: 'Object Repository/1. Constant/xpath'

2022-06-24 08:42:51 - [MESSAGE][PASSED] - Delayed 5 second(s)

2022-06-24 08:42:53 - [MESSAGE][PASSED] - Text 'testdata1' is present on page 

2022-06-24 08:42:58 - [MESSAGE][PASSED] - Delayed 5 second(s)

2022-06-24 08:43:03 - [MESSAGE][PASSED] - Delayed 5 second(s)

2022-06-24 08:43:03 - [TEST_STEP][PASSED] - takeScreenshot(): Taking screenshot successfully

2022-06-24 08:43:04 - [MESSAGE][PASSED] - Taking screenshot successfully
[[ATTACHMENT|D:\\Projet Test Auto\\Mediabox Test Automation\\Reports\\20220624_080915\\03. Parallel Testing (Testing)\\TS -PT PART 3\\14.06 Dreyers Support Action (Ongoing _ Completed ref) - PART 6\\20220624_080917\\1656052983955.png]]

2022-06-24 08:43:04 - [TEST_STEP][PASSED] - delay(10): Delayed 10 second(s)

2022-06-24 08:43:14 - [MESSAGE][PASSED] - Delayed 10 second(s)

2022-06-24 08:43:14 - [TEST_STEP][PASSED] - click(findTestObject("HL Full Lifecycle/12 ReferncePage_Button_Updatensenddoc")): Object: 'Object Repository/HL Full Lifecycle/12 ReferncePage_Button_Updatensenddoc' is clicked on

2022-06-24 08:43:18 - [MESSAGE][PASSED] - Object: 'Object Repository/HL Full Lifecycle/12 ReferncePage_Button_Updatensenddoc' is clicked on

2022-06-24 08:43:18 - [TEST_STEP][PASSED] - delay(5): Delayed 5 second(s)

2022-06-24 08:43:23 - [MESSAGE][PASSED] - Delayed 5 second(s)

2022-06-24 08:43:23 - [TEST_STEP][PASSED] - color3 = getCSSValue(findTestObject("1. Constant/xpath", ["xpath":"//*[@id="source_" + refID33 + ""]/td[13]/a"]), "color", OPTIONAL): Get CSS 'color' value on 'Object Repository/1. Constant/xpath' successfully: 'rgba(54, 153, 255, 1)'.

2022-06-24 08:43:25 - [MESSAGE][PASSED] - Get CSS 'color' value on 'Object Repository/1. Constant/xpath' successfully: 'rgba(54, 153, 255, 1)'.

2022-06-24 08:43:25 - [TEST_STEP][PASSED] - I.Logout(): Delayed 3 second(s)

2022-06-24 08:43:28 - [MESSAGE][PASSED] - Delayed 3 second(s)

2022-06-24 08:43:28 - [MESSAGE][PASSED] - Object: 'Object Repository/1. Constant/xpath' is clicked on

2022-06-24 08:43:31 - [MESSAGE][PASSED] - Delayed 3 second(s)

2022-06-24 08:43:35 - [MESSAGE][PASSED] - Object: 'Object Repository/1. Constant/xpath' is clicked on

2022-06-24 08:43:38 - [MESSAGE][PASSED] - Delayed 3 second(s)

2022-06-24 08:43:38 - [TEST_STEP][PASSED] - I.Login_password("blemco", password_blemco): Object: 'Object Repository/1. Constant/xpath' is clicked on

2022-06-24 08:43:41 - [MESSAGE][PASSED] - Text 'blemco' is set on object 'Object Repository/1. Constant/xpath'

2022-06-24 08:43:42 - [MESSAGE][PASSED] - Delayed 1 second(s)

2022-06-24 08:43:43 - [MESSAGE][PASSED] - Text 'diadeis1' is set on object 'Object Repository/1. Constant/xpath'

2022-06-24 08:43:44 - [MESSAGE][PASSED] - Delayed 1 second(s)

2022-06-24 08:43:49 - [MESSAGE][PASSED] - Object: 'Object Repository/1. Constant/xpath' is clicked on

2022-06-24 08:43:49 - [TEST_STEP][PASSED] - click(findTestObject("1. Constant/02_LHSMenu_Projects")): Object: 'Object Repository/1. Constant/02_LHSMenu_Projects' is clicked on

2022-06-24 08:43:53 - [MESSAGE][PASSED] - Object: 'Object Repository/1. Constant/02_LHSMenu_Projects' is clicked on

2022-06-24 08:43:53 - [TEST_STEP][PASSED] - I.SearchProjectNo_xpath(Project_No, "//*[@id="keynum_project"]", "//*[@id="form_filters"]/div[4]/button"): Delayed 5 second(s)

2022-06-24 08:43:54 - [MESSAGE][PASSED] - Delayed 1 second(s)

2022-06-24 08:43:57 - [MESSAGE][PASSED] - Text 'MI000883' is set on object 'Object Repository/1. Constant/xpath'

2022-06-24 08:44:00 - [MESSAGE][PASSED] - Delayed 3 second(s)

2022-06-24 08:44:01 - [MESSAGE][PASSED] - Scroll to object 'Object Repository/1. Constant/xpath' successfully

2022-06-24 08:44:05 - [MESSAGE][PASSED] - Object: 'Object Repository/1. Constant/xpath' is clicked on

2022-06-24 08:44:10 - [MESSAGE][PASSED] - Delayed 5 second(s)

2022-06-24 08:44:10 - [TEST_STEP][PASSED] - takeScreenshot(): Taking screenshot successfully

2022-06-24 08:44:11 - [MESSAGE][PASSED] - Taking screenshot successfully
[[ATTACHMENT|D:\\Projet Test Auto\\Mediabox Test Automation\\Reports\\20220624_080915\\03. Parallel Testing (Testing)\\TS -PT PART 3\\14.06 Dreyers Support Action (Ongoing _ Completed ref) - PART 6\\20220624_080917\\1656053050586.png]]

2022-06-24 08:44:11 - [TEST_STEP][PASSED] - I.SearchRefNo_xpath("P33_Auto", "//*[@id="fiche_filter_keywords11"]", "//*[@id="form_filters"]/div[3]/button"): Delayed 5 second(s)

2022-06-24 08:44:12 - [MESSAGE][PASSED] - Delayed 1 second(s)

2022-06-24 08:44:12 - [MESSAGE][PASSED] - Text 'P33_Auto' is set on object 'Object Repository/1. Constant/xpath'

2022-06-24 08:44:15 - [MESSAGE][PASSED] - Delayed 3 second(s)

2022-06-24 08:44:15 - [MESSAGE][PASSED] - Scroll to object 'Object Repository/1. Constant/xpath' successfully

2022-06-24 08:44:18 - [MESSAGE][PASSED] - Object: 'Object Repository/1. Constant/xpath' is clicked on

2022-06-24 08:44:23 - [MESSAGE][PASSED] - Delayed 5 second(s)

2022-06-24 08:44:23 - [TEST_STEP][PASSED] - I.AWF_approve_byaction(findTestObject("1. Constant/xpath", ["xpath":"//*[@id="source_" + refID33 + ""]/td[13]/a[2]"])): Object: 'Object Repository/HL Full Lifecycle/Function_Appbutton2' is clicked on

2022-06-24 08:44:28 - [MESSAGE][PASSED] - Delayed 5 second(s)

2022-06-24 08:44:30 - [MESSAGE][PASSED] - Object: 'Object Repository/1. Constant/xpath' is clicked on

2022-06-24 08:44:31 - [MESSAGE][PASSED] - Object: 'Object Repository/HL Full Lifecycle/Function_access Viewer2' is hovered

2022-06-24 08:44:34 - [MESSAGE][PASSED] - Delayed 3 second(s)

2022-06-24 08:44:35 - [MESSAGE][PASSED] - Object: 'Object Repository/HL Full Lifecycle/Function_access Viewer2' is clicked on

2022-06-24 08:44:40 - [MESSAGE][PASSED] - Delayed 5 second(s)

2022-06-24 08:44:40 - [MESSAGE][PASSED] - Object: 'Object Repository/HL Full Lifecycle/Function_AppButton' is clicked on

2022-06-24 08:44:45 - [MESSAGE][PASSED] - Delayed 5 second(s)

2022-06-24 08:44:48 - [MESSAGE][PASSED] - Object: 'Object Repository/HL Full Lifecycle/Function_Appbutton2' is clicked on

2022-06-24 08:44:48 - [TEST_STEP][PASSED] - Lifecycle_Status8 = getText(findTestObject("1. Constant/xpath", ["xpath":"//*[@id="source_" + refID33 + ""]/td[12]/span[1]"])): Text of object 'Object Repository/1. Constant/xpath' is: 'Complete'

2022-06-24 08:44:49 - [MESSAGE][PASSED] - Text of object 'Object Repository/1. Constant/xpath' is: 'Complete'

2022-06-24 08:44:49 - [TEST_STEP][PASSED] - verifyMatch(Lifecycle_Status8, "Complete", false): Actual text 'Complete' and expected text 'Complete' are matched 

2022-06-24 08:44:49 - [MESSAGE][PASSED] - Actual text 'Complete' and expected text 'Complete' are matched 

2022-06-24 08:44:49 - [TEST_STEP][PASSED] - takeScreenshot(): Taking screenshot successfully

2022-06-24 08:44:49 - [MESSAGE][PASSED] - Taking screenshot successfully
[[ATTACHMENT|D:\\Projet Test Auto\\Mediabox Test Automation\\Reports\\20220624_080915\\03. Parallel Testing (Testing)\\TS -PT PART 3\\14.06 Dreyers Support Action (Ongoing _ Completed ref) - PART 6\\20220624_080917\\1656053089506.png]]

2022-06-24 08:44:49 - [TEST_STEP][PASSED] - closeBrowser(): Browser is closed

2022-06-24 08:44:51 - [MESSAGE][PASSED] - Browser is closed

2022-06-24 08:44:51 - [TEST_STEP][PASSED] - Start listener action : sampleAfterTestCase: null]]></system-out>
         <system-err><![CDATA[]]></system-err>
      </testcase>
      <testcase name="Test Cases/19. Dreyers Support Action (Ongoing ref_completed)/19.35 Dreyers SAS Add Phase (Ongoing ref) S43 - P35" time="273.065" classname="Test Cases/19. Dreyers Support Action (Ongoing ref_completed)/19.35 Dreyers SAS Add Phase (Ongoing ref) S43 - P35" status="PASSED">
         <system-out><![CDATA[2022-06-24 08:44:51 - [TEST_CASE][PASSED] - Test Cases/19. Dreyers Support Action (Ongoing ref_completed)/19.35 Dreyers SAS Add Phase (Ongoing ref) S43 - P35: Test Cases/19. Dreyers Support Action (Ongoing ref_completed)/19.35 Dreyers SAS Add Phase (Ongoing ref) S43 - P35

2022-06-24 08:44:52 - [TEST_STEP][PASSED] - data_Dreyers = findTestData("Data Files/Username_Password/Dreyer"): null

2022-06-24 08:44:52 - [TEST_STEP][PASSED] - password_suser = data_Dreyers.getValue(2, 1): null

2022-06-24 08:44:52 - [TEST_STEP][PASSED] - password_blemco = data_Dreyers.getValue(2, 2): null

2022-06-24 08:44:52 - [TEST_STEP][PASSED] - data_urlRELAUTO = findTestData("Data Files/URL/URL_relauto"): null

2022-06-24 08:44:52 - [TEST_STEP][PASSED] - Url_Dreyer = data_urlRELAUTO.getValue(2, 4): null

2022-06-24 08:44:52 - [TEST_STEP][PASSED] - Project_No = I.readnotepad("D:\Upoad_File\Projet_ Login\Dreyers\19.1\19.1_Dreyers_ProjectNo.txt"): null

2022-06-24 08:44:52 - [TEST_STEP][PASSED] - refID = I.readnotepad("D:\Upoad_File\Projet_ Login\Dreyers\19.1\19.1_Dreyers_refID.txt"): null

2022-06-24 08:44:52 - [TEST_STEP][PASSED] - openBrowser(Url_Dreyer): Browser is opened with url: 'http://mdb-release.diadeis.lan/MediaboxIndependence/?MBI_datasource=RELTESTAUTO_DREYERS'

2022-06-24 08:44:52 - [MESSAGE][INFO] - Starting 'Chrome (headless)' driver

2022-06-24 08:44:52 - [MESSAGE][INFO] - User set preference: ['args', '[--window-size=1920,1080, --headless]']

2022-06-24 08:44:52 - [MESSAGE][INFO] - Action delay is set to 0 milliseconds

2022-06-24 08:45:04 - [MESSAGE][PASSED] - Browser is opened with url: 'http://mdb-release.diadeis.lan/MediaboxIndependence/?MBI_datasource=RELTESTAUTO_DREYERS'

2022-06-24 08:45:04 - [TEST_STEP][PASSED] - maximizeWindow(): Current window maximized

2022-06-24 08:45:04 - [MESSAGE][PASSED] - Current window maximized

2022-06-24 08:45:04 - [TEST_STEP][PASSED] - I.Login_password("suser", password_suser): Object: 'Object Repository/1. Constant/xpath' is clicked on

2022-06-24 08:45:04 - [MESSAGE][PASSED] - Text 'suser' is set on object 'Object Repository/1. Constant/xpath'

2022-06-24 08:45:05 - [MESSAGE][PASSED] - Delayed 1 second(s)

2022-06-24 08:45:05 - [MESSAGE][PASSED] - Text 'diadeis' is set on object 'Object Repository/1. Constant/xpath'

2022-06-24 08:45:06 - [MESSAGE][PASSED] - Delayed 1 second(s)

2022-06-24 08:45:13 - [MESSAGE][PASSED] - Object: 'Object Repository/1. Constant/xpath' is clicked on

2022-06-24 08:45:13 - [TEST_STEP][PASSED] - click(findTestObject("1. Constant/02_LHSMenu_Projects")): Object: 'Object Repository/1. Constant/02_LHSMenu_Projects' is clicked on

2022-06-24 08:45:17 - [MESSAGE][PASSED] - Object: 'Object Repository/1. Constant/02_LHSMenu_Projects' is clicked on

2022-06-24 08:45:17 - [TEST_STEP][PASSED] - I.SearchProjectNo_xpath(Project_No, "//*[@id="keynum_project"]", "//*[@id="form_filters"]/div[4]/button"): Delayed 5 second(s)

2022-06-24 08:45:18 - [MESSAGE][PASSED] - Delayed 1 second(s)

2022-06-24 08:45:18 - [MESSAGE][PASSED] - Text 'MI000883' is set on object 'Object Repository/1. Constant/xpath'

2022-06-24 08:45:21 - [MESSAGE][PASSED] - Delayed 3 second(s)

2022-06-24 08:45:22 - [MESSAGE][PASSED] - Scroll to object 'Object Repository/1. Constant/xpath' successfully

2022-06-24 08:45:27 - [MESSAGE][PASSED] - Object: 'Object Repository/1. Constant/xpath' is clicked on

2022-06-24 08:45:32 - [MESSAGE][PASSED] - Delayed 5 second(s)

2022-06-24 08:45:33 - [TEST_STEP][PASSED] - takeScreenshot(): Taking screenshot successfully

2022-06-24 08:45:33 - [MESSAGE][PASSED] - Taking screenshot successfully
[[ATTACHMENT|D:\\Projet Test Auto\\Mediabox Test Automation\\Reports\\20220624_080915\\03. Parallel Testing (Testing)\\TS -PT PART 3\\14.06 Dreyers Support Action (Ongoing _ Completed ref) - PART 6\\20220624_080917\\1656053133191.png]]

2022-06-24 08:45:33 - [TEST_STEP][PASSED] - click(findTestObject("1. Constant/xpath", ["xpath":"//*[@id="create_ref_btn"]/button"])): Object: 'Object Repository/1. Constant/xpath' is clicked on

2022-06-24 08:45:33 - [MESSAGE][PASSED] - Object: 'Object Repository/1. Constant/xpath' is clicked on

2022-06-24 08:45:33 - [TEST_STEP][PASSED] - delay(1): Delayed 1 second(s)

2022-06-24 08:45:34 - [MESSAGE][PASSED] - Delayed 1 second(s)

2022-06-24 08:45:34 - [TEST_STEP][PASSED] - click(findTestObject("1. Constant/xpath", ["xpath":"//*[@id="create_ref_btn"]/div/a"])): Object: 'Object Repository/1. Constant/xpath' is clicked on

2022-06-24 08:45:36 - [MESSAGE][PASSED] - Object: 'Object Repository/1. Constant/xpath' is clicked on

2022-06-24 08:45:36 - [TEST_STEP][PASSED] - delay(1): Delayed 1 second(s)

2022-06-24 08:45:37 - [MESSAGE][PASSED] - Delayed 1 second(s)

2022-06-24 08:45:37 - [TEST_STEP][PASSED] - selectOptionByValue(findTestObject("1. Constant/xpath", ["xpath":"//*[@id="lfc_tpl"]"]), "36", false): All options with value '36' are selected in object 'Object Repository/1. Constant/xpath' 

2022-06-24 08:45:38 - [MESSAGE][PASSED] - All options with value '36' are selected in object 'Object Repository/1. Constant/xpath' 

2022-06-24 08:45:38 - [TEST_STEP][PASSED] - ref_name = "P35_Auto_SAS_S43_" + RandomStringUtils.randomAlphanumeric(5) + I.gettimedate(): null

2022-06-24 08:45:38 - [TEST_STEP][PASSED] - delay(1): Delayed 1 second(s)

2022-06-24 08:45:39 - [MESSAGE][PASSED] - Delayed 1 second(s)

2022-06-24 08:45:39 - [TEST_STEP][PASSED] - setText(findTestObject("1. Constant/xpath", ["xpath":"//*[@id="var_name"]"]), ref_name): Text 'P35_Auto_SAS_S43_fWc6jjuin242022_084538' is set on object 'Object Repository/1. Constant/xpath'

2022-06-24 08:45:40 - [MESSAGE][PASSED] - Text 'P35_Auto_SAS_S43_fWc6jjuin242022_084538' is set on object 'Object Repository/1. Constant/xpath'

2022-06-24 08:45:40 - [TEST_STEP][PASSED] - takeScreenshot(): Taking screenshot successfully

2022-06-24 08:45:40 - [MESSAGE][PASSED] - Taking screenshot successfully
[[ATTACHMENT|D:\\Projet Test Auto\\Mediabox Test Automation\\Reports\\20220624_080915\\03. Parallel Testing (Testing)\\TS -PT PART 3\\14.06 Dreyers Support Action (Ongoing _ Completed ref) - PART 6\\20220624_080917\\1656053140064.png]]

2022-06-24 08:45:40 - [TEST_STEP][PASSED] - click(findTestObject("1. Constant/xpath", ["xpath":"//*[@id="createRefBottom"]"])): Object: 'Object Repository/1. Constant/xpath' is clicked on

2022-06-24 08:45:43 - [MESSAGE][PASSED] - Object: 'Object Repository/1. Constant/xpath' is clicked on

2022-06-24 08:45:43 - [TEST_STEP][PASSED] - delay(1): Delayed 1 second(s)

2022-06-24 08:45:44 - [MESSAGE][PASSED] - Delayed 1 second(s)

2022-06-24 08:45:44 - [TEST_STEP][PASSED] - takeScreenshot(): Taking screenshot successfully

2022-06-24 08:45:45 - [MESSAGE][PASSED] - Taking screenshot successfully
[[ATTACHMENT|D:\\Projet Test Auto\\Mediabox Test Automation\\Reports\\20220624_080915\\03. Parallel Testing (Testing)\\TS -PT PART 3\\14.06 Dreyers Support Action (Ongoing _ Completed ref) - PART 6\\20220624_080917\\1656053144809.png]]

2022-06-24 08:45:45 - [TEST_STEP][PASSED] - refID35 = I.RefID(): Current window's url is: 'http://mdb-release.diadeis.lan/MediaboxIndependence/Base/ExecAction?IDSession=MBI%21RELTESTAUTO_DREYERS%21BGZBQOOJCC36LUALK5DVFBPJFH8ETFSARRD7I422&default_action=ModifierRef&id_project=MI000883&id_ref=5344&action_from=create_ref'

2022-06-24 08:45:50 - [MESSAGE][PASSED] - Delayed 5 second(s)

2022-06-24 08:45:50 - [MESSAGE][PASSED] - Current window's url is: 'http://mdb-release.diadeis.lan/MediaboxIndependence/Base/ExecAction?IDSession=MBI%21RELTESTAUTO_DREYERS%21BGZBQOOJCC36LUALK5DVFBPJFH8ETFSARRD7I422&default_action=ModifierRef&id_project=MI000883&id_ref=5344&action_from=create_ref'

2022-06-24 08:45:50 - [TEST_STEP][PASSED] - I.print("refID" + refID35): null

2022-06-24 08:45:50 - [TEST_STEP][PASSED] - click(findTestObject("1. Constant/xpath", ["xpath":"//*[@id="type_save"]"])): Object: 'Object Repository/1. Constant/xpath' is clicked on

2022-06-24 08:45:54 - [MESSAGE][PASSED] - Object: 'Object Repository/1. Constant/xpath' is clicked on

2022-06-24 08:45:54 - [TEST_STEP][PASSED] - takeScreenshot(): Taking screenshot successfully

2022-06-24 08:45:55 - [MESSAGE][PASSED] - Taking screenshot successfully
[[ATTACHMENT|D:\\Projet Test Auto\\Mediabox Test Automation\\Reports\\20220624_080915\\03. Parallel Testing (Testing)\\TS -PT PART 3\\14.06 Dreyers Support Action (Ongoing _ Completed ref) - PART 6\\20220624_080917\\1656053154737.png]]

2022-06-24 08:45:55 - [TEST_STEP][PASSED] - delay(1): Delayed 1 second(s)

2022-06-24 08:45:56 - [MESSAGE][PASSED] - Delayed 1 second(s)

2022-06-24 08:45:56 - [TEST_STEP][PASSED] - I.SearchRefNo_xpath("P35_Auto", "//*[@id="fiche_filter_keywords11"]", "//*[@id="form_filters"]/div[3]/button"): Delayed 5 second(s)

2022-06-24 08:45:57 - [MESSAGE][PASSED] - Delayed 1 second(s)

2022-06-24 08:45:57 - [MESSAGE][PASSED] - Text 'P35_Auto' is set on object 'Object Repository/1. Constant/xpath'

2022-06-24 08:46:00 - [MESSAGE][PASSED] - Delayed 3 second(s)

2022-06-24 08:46:00 - [MESSAGE][PASSED] - Scroll to object 'Object Repository/1. Constant/xpath' successfully

2022-06-24 08:46:04 - [MESSAGE][PASSED] - Object: 'Object Repository/1. Constant/xpath' is clicked on

2022-06-24 08:46:09 - [MESSAGE][PASSED] - Delayed 5 second(s)

2022-06-24 08:46:09 - [TEST_STEP][PASSED] - click(findTestObject("1. Constant/xpath", ["xpath":"//*[@id="source_" + refID35 + ""]/td[14]/a[3]"])): Object: 'Object Repository/1. Constant/xpath' is clicked on

2022-06-24 08:46:10 - [MESSAGE][PASSED] - Object: 'Object Repository/1. Constant/xpath' is clicked on

2022-06-24 08:46:10 - [TEST_STEP][PASSED] - click(findTestObject("1. Constant/xpath", ["xpath":"//*[@id="ModifFiche"]/div[1]/div/button[2]"])): Object: 'Object Repository/1. Constant/xpath' is clicked on

2022-06-24 08:46:15 - [MESSAGE][PASSED] - Object: 'Object Repository/1. Constant/xpath' is clicked on

2022-06-24 08:46:15 - [TEST_STEP][PASSED] - takeScreenshot(): Taking screenshot successfully

2022-06-24 08:46:15 - [MESSAGE][PASSED] - Taking screenshot successfully
[[ATTACHMENT|D:\\Projet Test Auto\\Mediabox Test Automation\\Reports\\20220624_080915\\03. Parallel Testing (Testing)\\TS -PT PART 3\\14.06 Dreyers Support Action (Ongoing _ Completed ref) - PART 6\\20220624_080917\\1656053175340.png]]

2022-06-24 08:46:15 - [TEST_STEP][PASSED] - delay(1): Delayed 1 second(s)

2022-06-24 08:46:16 - [MESSAGE][PASSED] - Delayed 1 second(s)

2022-06-24 08:46:16 - [TEST_STEP][PASSED] - click(findTestObject("1. Constant/xpath", ["xpath":"//*[@id="source_" + refID35 + ""]/td[14]/a[3]"])): Object: 'Object Repository/1. Constant/xpath' is clicked on

2022-06-24 08:46:18 - [MESSAGE][PASSED] - Object: 'Object Repository/1. Constant/xpath' is clicked on

2022-06-24 08:46:18 - [TEST_STEP][PASSED] - click(findTestObject("1. Constant/xpath", ["xpath":"//*[@id="ModifFiche"]/div[1]/div/button[2]"])): Object: 'Object Repository/1. Constant/xpath' is clicked on

2022-06-24 08:46:22 - [MESSAGE][PASSED] - Object: 'Object Repository/1. Constant/xpath' is clicked on

2022-06-24 08:46:22 - [TEST_STEP][PASSED] - takeScreenshot(): Taking screenshot successfully

2022-06-24 08:46:22 - [MESSAGE][PASSED] - Taking screenshot successfully
[[ATTACHMENT|D:\\Projet Test Auto\\Mediabox Test Automation\\Reports\\20220624_080915\\03. Parallel Testing (Testing)\\TS -PT PART 3\\14.06 Dreyers Support Action (Ongoing _ Completed ref) - PART 6\\20220624_080917\\1656053182218.png]]

2022-06-24 08:46:22 - [TEST_STEP][PASSED] - delay(1): Delayed 1 second(s)

2022-06-24 08:46:23 - [MESSAGE][PASSED] - Delayed 1 second(s)

2022-06-24 08:46:23 - [TEST_STEP][PASSED] - color1 = getCSSValue(findTestObject("1. Constant/xpath", ["xpath":"//*[@id="source_" + refID35 + ""]/td[14]/a[2]"]), "color", OPTIONAL): Get CSS 'color' value on 'Object Repository/1. Constant/xpath' successfully: 'rgba(255, 255, 255, 1)'.

2022-06-24 08:46:23 - [MESSAGE][PASSED] - Get CSS 'color' value on 'Object Repository/1. Constant/xpath' successfully: 'rgba(255, 255, 255, 1)'.

2022-06-24 08:46:23 - [TEST_STEP][PASSED] - I.print(color1): null

2022-06-24 08:46:23 - [TEST_STEP][PASSED] - while (color1 == "rgba(255, 255, 255, 1)"): Get CSS 'color' value on 'Object Repository/1. Constant/xpath' successfully: 'rgba(54, 153, 255, 1)'.

2022-06-24 08:46:23 - [TEST_STEP][PASSED] - click(findTestObject("1. Constant/xpath", ["xpath":"//*[@id="source_" + refID35 + ""]/td[14]/a[2]"])): Object: 'Object Repository/1. Constant/xpath' is clicked on

2022-06-24 08:46:24 - [MESSAGE][PASSED] - Object: 'Object Repository/1. Constant/xpath' is clicked on

2022-06-24 08:46:24 - [TEST_STEP][PASSED] - I.UploadDoc_sendkey_Prod(findTestObject("1. Constant/xpath", ["xpath":"//*[@id="kt_body"]/input[2]"]), "D:\Upoad_File\Upload doc\testdata1.pdf", "testdata1"): Delayed 5 second(s)

2022-06-24 08:46:25 - [MESSAGE][PASSED] - Scroll to object 'Object Repository/1. Constant/xpath' successfully

2022-06-24 08:46:30 - [MESSAGE][PASSED] - Delayed 5 second(s)

2022-06-24 08:46:30 - [MESSAGE][PASSED] - File 'D:\Upoad_File\Upload doc\testdata1.pdf' sent to object: 'Object Repository/1. Constant/xpath'

2022-06-24 08:46:35 - [MESSAGE][PASSED] - Delayed 5 second(s)

2022-06-24 08:46:35 - [MESSAGE][PASSED] - Text 'testdata1' is present on page 

2022-06-24 08:46:40 - [MESSAGE][PASSED] - Delayed 5 second(s)

2022-06-24 08:46:45 - [MESSAGE][PASSED] - Delayed 5 second(s)

2022-06-24 08:46:45 - [TEST_STEP][PASSED] - takeScreenshot(): Taking screenshot successfully

2022-06-24 08:46:46 - [MESSAGE][PASSED] - Taking screenshot successfully
[[ATTACHMENT|D:\\Projet Test Auto\\Mediabox Test Automation\\Reports\\20220624_080915\\03. Parallel Testing (Testing)\\TS -PT PART 3\\14.06 Dreyers Support Action (Ongoing _ Completed ref) - PART 6\\20220624_080917\\1656053206014.png]]

2022-06-24 08:46:46 - [TEST_STEP][PASSED] - delay(10): Delayed 10 second(s)

2022-06-24 08:46:56 - [MESSAGE][PASSED] - Delayed 10 second(s)

2022-06-24 08:46:56 - [TEST_STEP][PASSED] - click(findTestObject("HL Full Lifecycle/12 ReferncePage_Button_Updatensenddoc")): Object: 'Object Repository/HL Full Lifecycle/12 ReferncePage_Button_Updatensenddoc' is clicked on

2022-06-24 08:47:01 - [MESSAGE][PASSED] - Object: 'Object Repository/HL Full Lifecycle/12 ReferncePage_Button_Updatensenddoc' is clicked on

2022-06-24 08:47:01 - [TEST_STEP][PASSED] - delay(5): Delayed 5 second(s)

2022-06-24 08:47:06 - [MESSAGE][PASSED] - Delayed 5 second(s)

2022-06-24 08:47:06 - [TEST_STEP][PASSED] - color1 = getCSSValue(findTestObject("1. Constant/xpath", ["xpath":"//*[@id="source_" + refID35 + ""]/td[14]/a[2]"]), "color", OPTIONAL): Get CSS 'color' value on 'Object Repository/1. Constant/xpath' successfully: 'rgba(54, 153, 255, 1)'.

2022-06-24 08:47:06 - [MESSAGE][PASSED] - Get CSS 'color' value on 'Object Repository/1. Constant/xpath' successfully: 'rgba(54, 153, 255, 1)'.

2022-06-24 08:47:06 - [TEST_STEP][PASSED] - takeScreenshot(): Taking screenshot successfully

2022-06-24 08:47:06 - [MESSAGE][PASSED] - Taking screenshot successfully
[[ATTACHMENT|D:\\Projet Test Auto\\Mediabox Test Automation\\Reports\\20220624_080915\\03. Parallel Testing (Testing)\\TS -PT PART 3\\14.06 Dreyers Support Action (Ongoing _ Completed ref) - PART 6\\20220624_080917\\1656053226673.png]]

2022-06-24 08:47:06 - [TEST_STEP][PASSED] - click(findTestObject("1. Constant/xpath", ["xpath":"//*[@id="source_" + refID35 + ""]/td[6]/a"])): Object: 'Object Repository/1. Constant/xpath' is clicked on

2022-06-24 08:47:10 - [MESSAGE][PASSED] - Object: 'Object Repository/1. Constant/xpath' is clicked on

2022-06-24 08:47:10 - [TEST_STEP][PASSED] - takeScreenshot(): Taking screenshot successfully

2022-06-24 08:47:10 - [MESSAGE][PASSED] - Taking screenshot successfully
[[ATTACHMENT|D:\\Projet Test Auto\\Mediabox Test Automation\\Reports\\20220624_080915\\03. Parallel Testing (Testing)\\TS -PT PART 3\\14.06 Dreyers Support Action (Ongoing _ Completed ref) - PART 6\\20220624_080917\\1656053230488.png]]

2022-06-24 08:47:10 - [TEST_STEP][PASSED] - delay(1): Delayed 1 second(s)

2022-06-24 08:47:11 - [MESSAGE][PASSED] - Delayed 1 second(s)

2022-06-24 08:47:11 - [TEST_STEP][PASSED] - I.Approveforothers("/html/body/div[1]/div[2]/div[8]/div[3]/div/div[3]/div[2]/div/div[3]/div/div[2]/div[1]/div/div[2]/div/div[2]/div[2]/div/div/div[1]/img", "/html/body/div[1]/div[2]/div[8]/div[3]/div/div[3]/div[2]/div/div[3]/div/div[2]/div[1]/div/div[2]/div/div[2]/div[2]/div/div/div[6]/a[2]/span"): Object: 'Object Repository/1. Constant/xpath' is clicked on

2022-06-24 08:47:12 - [MESSAGE][PASSED] - Object: 'Object Repository/1. Constant/xpath' is clicked on

2022-06-24 08:47:13 - [MESSAGE][PASSED] - Delayed 1 second(s)

2022-06-24 08:47:14 - [MESSAGE][PASSED] - Object: 'Object Repository/1. Constant/xpath' is clicked on

2022-06-24 08:47:15 - [MESSAGE][PASSED] - Delayed 1 second(s)

2022-06-24 08:47:15 - [MESSAGE][PASSED] - Object: 'Object Repository/1. Constant/xpath' is hovered

2022-06-24 08:47:16 - [MESSAGE][PASSED] - Object: 'Object Repository/1. Constant/xpath' is clicked on

2022-06-24 08:47:17 - [MESSAGE][PASSED] - Delayed 1 second(s)

2022-06-24 08:47:21 - [MESSAGE][PASSED] - Object: 'Object Repository/1. Constant/xpath' is clicked on

2022-06-24 08:47:21 - [TEST_STEP][PASSED] - delay(1): Delayed 1 second(s)

2022-06-24 08:47:22 - [MESSAGE][PASSED] - Delayed 1 second(s)

2022-06-24 08:47:22 - [TEST_STEP][PASSED] - click(findTestObject("1. Constant/xpath", ["xpath":"//*[@id="kt_subheader"]/div/nav/ol/li[2]/a"])): Object: 'Object Repository/1. Constant/xpath' is clicked on

2022-06-24 08:47:24 - [MESSAGE][PASSED] - Object: 'Object Repository/1. Constant/xpath' is clicked on

2022-06-24 08:47:24 - [TEST_STEP][PASSED] - delay(1): Delayed 1 second(s)

2022-06-24 08:47:25 - [MESSAGE][PASSED] - Delayed 1 second(s)

2022-06-24 08:47:25 - [TEST_STEP][PASSED] - I.submitquesiton_ref(findTestObject("1. Constant/xpath", ["xpath":"//*[@id="source_" + refID35 + ""]/td[14]/div[1]/button"]), findTestObject("1. Constant/xpath", ["xpath":"//*[@id="source_" + refID35 + ""]/td[14]/div[1]/div/a[1]"])): Object: 'Object Repository/1. Constant/xpath' is clicked on

2022-06-24 08:47:26 - [MESSAGE][PASSED] - Object: 'Object Repository/1. Constant/xpath' is clicked on

2022-06-24 08:47:29 - [MESSAGE][PASSED] - Delayed 3 second(s)

2022-06-24 08:47:30 - [MESSAGE][PASSED] - Object: 'Object Repository/1. Constant/xpath' is clicked on

2022-06-24 08:47:30 - [TEST_STEP][PASSED] - click(findTestObject("1. Constant/xpath", ["xpath":"//*[@id="ModifFiche"]/div[1]/div/button[2]"])): Object: 'Object Repository/1. Constant/xpath' is clicked on

2022-06-24 08:47:35 - [MESSAGE][PASSED] - Object: 'Object Repository/1. Constant/xpath' is clicked on

2022-06-24 08:47:35 - [TEST_STEP][PASSED] - takeScreenshot(): Taking screenshot successfully

2022-06-24 08:47:35 - [MESSAGE][PASSED] - Taking screenshot successfully
[[ATTACHMENT|D:\\Projet Test Auto\\Mediabox Test Automation\\Reports\\20220624_080915\\03. Parallel Testing (Testing)\\TS -PT PART 3\\14.06 Dreyers Support Action (Ongoing _ Completed ref) - PART 6\\20220624_080917\\1656053255588.png]]

2022-06-24 08:47:35 - [TEST_STEP][PASSED] - I.submitquesiton_ref(findTestObject("1. Constant/xpath", ["xpath":"//*[@id="source_" + refID35 + ""]/td[14]/div[1]/button"]), findTestObject("1. Constant/xpath", ["xpath":"//*[@id="source_" + refID35 + ""]/td[14]/div[1]/div/a[1]"])): Object: 'Object Repository/1. Constant/xpath' is clicked on

2022-06-24 08:47:36 - [MESSAGE][PASSED] - Object: 'Object Repository/1. Constant/xpath' is clicked on

2022-06-24 08:47:39 - [MESSAGE][PASSED] - Delayed 3 second(s)

2022-06-24 08:47:41 - [MESSAGE][PASSED] - Object: 'Object Repository/1. Constant/xpath' is clicked on

2022-06-24 08:47:41 - [TEST_STEP][PASSED] - click(findTestObject("1. Constant/xpath", ["xpath":"//*[@id="ModifFiche"]/div[1]/div/button[2]"])): Object: 'Object Repository/1. Constant/xpath' is clicked on

2022-06-24 08:47:45 - [MESSAGE][PASSED] - Object: 'Object Repository/1. Constant/xpath' is clicked on

2022-06-24 08:47:45 - [TEST_STEP][PASSED] - takeScreenshot(): Taking screenshot successfully

2022-06-24 08:47:46 - [MESSAGE][PASSED] - Taking screenshot successfully
[[ATTACHMENT|D:\\Projet Test Auto\\Mediabox Test Automation\\Reports\\20220624_080915\\03. Parallel Testing (Testing)\\TS -PT PART 3\\14.06 Dreyers Support Action (Ongoing _ Completed ref) - PART 6\\20220624_080917\\1656053266040.png]]

2022-06-24 08:47:46 - [TEST_STEP][PASSED] - click(findTestObject("1. Constant/xpath", ["xpath":"//*[@id="source_" + refID35 + ""]/td[14]/a[3]"])): Object: 'Object Repository/1. Constant/xpath' is clicked on

2022-06-24 08:47:49 - [MESSAGE][PASSED] - Object: 'Object Repository/1. Constant/xpath' is clicked on

2022-06-24 08:47:49 - [TEST_STEP][PASSED] - click(findTestObject("1. Constant/xpath", ["xpath":"//*[@id="ModifFiche"]/div[1]/div/button[2]"])): Object: 'Object Repository/1. Constant/xpath' is clicked on

2022-06-24 08:47:53 - [MESSAGE][PASSED] - Object: 'Object Repository/1. Constant/xpath' is clicked on

2022-06-24 08:47:53 - [TEST_STEP][PASSED] - click(findTestObject("1. Constant/xpath", ["xpath":"//*[@id="source_" + refID35 + ""]/td[14]/div[1]/button"])): Object: 'Object Repository/1. Constant/xpath' is clicked on

2022-06-24 08:47:53 - [MESSAGE][PASSED] - Object: 'Object Repository/1. Constant/xpath' is clicked on

2022-06-24 08:47:53 - [TEST_STEP][PASSED] - x = 20: null

2022-06-24 08:47:53 - [TEST_STEP][PASSED] - i = 1: null

2022-06-24 08:47:53 - [TEST_STEP][PASSED] - while (i <= x): null

2022-06-24 08:47:53 - [TEST_STEP][PASSED] - Expected_SAS_Selected = "SAS S43: Skip P3.5/Add Phase 1.1/ Skip 1.1": null

2022-06-24 08:47:53 - [TEST_STEP][PASSED] - xpath_SAS = "//*[@id="source_" + refID35 + ""]/td[14]/div[1]/div/a[" + i + "]": null

2022-06-24 08:47:53 - [TEST_STEP][PASSED] - Actual_SAS = getText(findTestObject("1. Constant/xpath", ["xpath":xpath_SAS])): Text of object 'Object Repository/1. Constant/xpath' is: 'SAS: S6 - Add Steps C'

2022-06-24 08:47:54 - [MESSAGE][PASSED] - Text of object 'Object Repository/1. Constant/xpath' is: 'SAS: S6 - Add Steps C'

2022-06-24 08:47:54 - [TEST_STEP][PASSED] - I.print(i): null

2022-06-24 08:47:54 - [TEST_STEP][PASSED] - if (Actual_SAS.contains(Expected_SAS_Selected)): null

2022-06-24 08:47:54 - [TEST_STEP][PASSED] - i = i + 1: null

2022-06-24 08:47:54 - [TEST_STEP][PASSED] - Expected_SAS_Selected = "SAS S43: Skip P3.5/Add Phase 1.1/ Skip 1.1": null

2022-06-24 08:47:54 - [TEST_STEP][PASSED] - xpath_SAS = "//*[@id="source_" + refID35 + ""]/td[14]/div[1]/div/a[" + i + "]": null

2022-06-24 08:47:54 - [TEST_STEP][PASSED] - Actual_SAS = getText(findTestObject("1. Constant/xpath", ["xpath":xpath_SAS])): Text of object 'Object Repository/1. Constant/xpath' is: 'SAS S14 - Add Step group (SAS Lifecycle - SAS Step C)'

2022-06-24 08:47:54 - [MESSAGE][PASSED] - Text of object 'Object Repository/1. Constant/xpath' is: 'SAS S14 - Add Step group (SAS Lifecycle - SAS Step C)'

2022-06-24 08:47:54 - [TEST_STEP][PASSED] - I.print(i): null

2022-06-24 08:47:54 - [TEST_STEP][PASSED] - if (Actual_SAS.contains(Expected_SAS_Selected)): null

2022-06-24 08:47:54 - [TEST_STEP][PASSED] - i = i + 1: null

2022-06-24 08:47:54 - [TEST_STEP][PASSED] - Expected_SAS_Selected = "SAS S43: Skip P3.5/Add Phase 1.1/ Skip 1.1": null

2022-06-24 08:47:54 - [TEST_STEP][PASSED] - xpath_SAS = "//*[@id="source_" + refID35 + ""]/td[14]/div[1]/div/a[" + i + "]": null

2022-06-24 08:47:54 - [TEST_STEP][PASSED] - Actual_SAS = getText(findTestObject("1. Constant/xpath", ["xpath":xpath_SAS])): Text of object 'Object Repository/1. Constant/xpath' is: 'SAS: S15 - Add Step Group A & C'

2022-06-24 08:47:54 - [MESSAGE][PASSED] - Text of object 'Object Repository/1. Constant/xpath' is: 'SAS: S15 - Add Step Group A & C'

2022-06-24 08:47:54 - [TEST_STEP][PASSED] - I.print(i): null

2022-06-24 08:47:54 - [TEST_STEP][PASSED] - if (Actual_SAS.contains(Expected_SAS_Selected)): null

2022-06-24 08:47:54 - [TEST_STEP][PASSED] - i = i + 1: null

2022-06-24 08:47:54 - [TEST_STEP][PASSED] - Expected_SAS_Selected = "SAS S43: Skip P3.5/Add Phase 1.1/ Skip 1.1": null

2022-06-24 08:47:54 - [TEST_STEP][PASSED] - xpath_SAS = "//*[@id="source_" + refID35 + ""]/td[14]/div[1]/div/a[" + i + "]": null

2022-06-24 08:47:54 - [TEST_STEP][PASSED] - Actual_SAS = getText(findTestObject("1. Constant/xpath", ["xpath":xpath_SAS])): Text of object 'Object Repository/1. Constant/xpath' is: 'SAS S27: Add PG Step C/ Skip P3.1'

2022-06-24 08:47:54 - [MESSAGE][PASSED] - Text of object 'Object Repository/1. Constant/xpath' is: 'SAS S27: Add PG Step C/ Skip P3.1'

2022-06-24 08:47:54 - [TEST_STEP][PASSED] - I.print(i): null

2022-06-24 08:47:54 - [TEST_STEP][PASSED] - if (Actual_SAS.contains(Expected_SAS_Selected)): null

2022-06-24 08:47:54 - [TEST_STEP][PASSED] - i = i + 1: null

2022-06-24 08:47:54 - [TEST_STEP][PASSED] - Expected_SAS_Selected = "SAS S43: Skip P3.5/Add Phase 1.1/ Skip 1.1": null

2022-06-24 08:47:54 - [TEST_STEP][PASSED] - xpath_SAS = "//*[@id="source_" + refID35 + ""]/td[14]/div[1]/div/a[" + i + "]": null

2022-06-24 08:47:54 - [TEST_STEP][PASSED] - Actual_SAS = getText(findTestObject("1. Constant/xpath", ["xpath":xpath_SAS])): Text of object 'Object Repository/1. Constant/xpath' is: 'SAS S28: Skip P3.4/Add PG Step C/ Skip P3.1'

2022-06-24 08:47:54 - [MESSAGE][PASSED] - Text of object 'Object Repository/1. Constant/xpath' is: 'SAS S28: Skip P3.4/Add PG Step C/ Skip P3.1'

2022-06-24 08:47:54 - [TEST_STEP][PASSED] - I.print(i): null

2022-06-24 08:47:54 - [TEST_STEP][PASSED] - if (Actual_SAS.contains(Expected_SAS_Selected)): null

2022-06-24 08:47:54 - [TEST_STEP][PASSED] - i = i + 1: null

2022-06-24 08:47:54 - [TEST_STEP][PASSED] - Expected_SAS_Selected = "SAS S43: Skip P3.5/Add Phase 1.1/ Skip 1.1": null

2022-06-24 08:47:54 - [TEST_STEP][PASSED] - xpath_SAS = "//*[@id="source_" + refID35 + ""]/td[14]/div[1]/div/a[" + i + "]": null

2022-06-24 08:47:54 - [TEST_STEP][PASSED] - Actual_SAS = getText(findTestObject("1. Constant/xpath", ["xpath":xpath_SAS])): Text of object 'Object Repository/1. Constant/xpath' is: 'SAS S29: Add Step C / Skip P3.1'

2022-06-24 08:47:55 - [MESSAGE][PASSED] - Text of object 'Object Repository/1. Constant/xpath' is: 'SAS S29: Add Step C / Skip P3.1'

2022-06-24 08:47:55 - [TEST_STEP][PASSED] - I.print(i): null

2022-06-24 08:47:55 - [TEST_STEP][PASSED] - if (Actual_SAS.contains(Expected_SAS_Selected)): null

2022-06-24 08:47:55 - [TEST_STEP][PASSED] - i = i + 1: null

2022-06-24 08:47:55 - [TEST_STEP][PASSED] - Expected_SAS_Selected = "SAS S43: Skip P3.5/Add Phase 1.1/ Skip 1.1": null

2022-06-24 08:47:55 - [TEST_STEP][PASSED] - xpath_SAS = "//*[@id="source_" + refID35 + ""]/td[14]/div[1]/div/a[" + i + "]": null

2022-06-24 08:47:55 - [TEST_STEP][PASSED] - Actual_SAS = getText(findTestObject("1. Constant/xpath", ["xpath":xpath_SAS])): Text of object 'Object Repository/1. Constant/xpath' is: 'SAS S31: Skip Phase 3.5/Add Phase Group SA/ Skip to Phase 1.1'

2022-06-24 08:47:55 - [MESSAGE][PASSED] - Text of object 'Object Repository/1. Constant/xpath' is: 'SAS S31: Skip Phase 3.5/Add Phase Group SA/ Skip to Phase 1.1'

2022-06-24 08:47:55 - [TEST_STEP][PASSED] - I.print(i): null

2022-06-24 08:47:55 - [TEST_STEP][PASSED] - if (Actual_SAS.contains(Expected_SAS_Selected)): null

2022-06-24 08:47:55 - [TEST_STEP][PASSED] - i = i + 1: null

2022-06-24 08:47:55 - [TEST_STEP][PASSED] - Expected_SAS_Selected = "SAS S43: Skip P3.5/Add Phase 1.1/ Skip 1.1": null

2022-06-24 08:47:55 - [TEST_STEP][PASSED] - xpath_SAS = "//*[@id="source_" + refID35 + ""]/td[14]/div[1]/div/a[" + i + "]": null

2022-06-24 08:47:55 - [TEST_STEP][PASSED] - Actual_SAS = getText(findTestObject("1. Constant/xpath", ["xpath":xpath_SAS])): Text of object 'Object Repository/1. Constant/xpath' is: 'SAS S30: Add Phase Group SA/ Skip to Phase 1.1'

2022-06-24 08:47:55 - [MESSAGE][PASSED] - Text of object 'Object Repository/1. Constant/xpath' is: 'SAS S30: Add Phase Group SA/ Skip to Phase 1.1'

2022-06-24 08:47:55 - [TEST_STEP][PASSED] - I.print(i): null

2022-06-24 08:47:55 - [TEST_STEP][PASSED] - if (Actual_SAS.contains(Expected_SAS_Selected)): null

2022-06-24 08:47:55 - [TEST_STEP][PASSED] - i = i + 1: null

2022-06-24 08:47:55 - [TEST_STEP][PASSED] - Expected_SAS_Selected = "SAS S43: Skip P3.5/Add Phase 1.1/ Skip 1.1": null

2022-06-24 08:47:55 - [TEST_STEP][PASSED] - xpath_SAS = "//*[@id="source_" + refID35 + ""]/td[14]/div[1]/div/a[" + i + "]": null

2022-06-24 08:47:55 - [TEST_STEP][PASSED] - Actual_SAS = getText(findTestObject("1. Constant/xpath", ["xpath":xpath_SAS])): Text of object 'Object Repository/1. Constant/xpath' is: 'SAS S41: Add Phase 3.5 / Skip P3.4'

2022-06-24 08:47:56 - [MESSAGE][PASSED] - Text of object 'Object Repository/1. Constant/xpath' is: 'SAS S41: Add Phase 3.5 / Skip P3.4'

2022-06-24 08:47:56 - [TEST_STEP][PASSED] - I.print(i): null

2022-06-24 08:47:56 - [TEST_STEP][PASSED] - if (Actual_SAS.contains(Expected_SAS_Selected)): null

2022-06-24 08:47:56 - [TEST_STEP][PASSED] - i = i + 1: null

2022-06-24 08:47:56 - [TEST_STEP][PASSED] - Expected_SAS_Selected = "SAS S43: Skip P3.5/Add Phase 1.1/ Skip 1.1": null

2022-06-24 08:47:56 - [TEST_STEP][PASSED] - xpath_SAS = "//*[@id="source_" + refID35 + ""]/td[14]/div[1]/div/a[" + i + "]": null

2022-06-24 08:47:56 - [TEST_STEP][PASSED] - Actual_SAS = getText(findTestObject("1. Constant/xpath", ["xpath":xpath_SAS])): Text of object 'Object Repository/1. Constant/xpath' is: 'SAS S43: Skip P3.5/Add Phase 1.1/ Skip 1.1'

2022-06-24 08:47:56 - [MESSAGE][PASSED] - Text of object 'Object Repository/1. Constant/xpath' is: 'SAS S43: Skip P3.5/Add Phase 1.1/ Skip 1.1'

2022-06-24 08:47:56 - [TEST_STEP][PASSED] - I.print(i): null

2022-06-24 08:47:56 - [TEST_STEP][PASSED] - if (Actual_SAS.contains(Expected_SAS_Selected)): null

2022-06-24 08:47:56 - [TEST_STEP][PASSED] - click(findTestObject("1. Constant/xpath", ["xpath":xpath_SAS])): Object: 'Object Repository/1. Constant/xpath' is clicked on

2022-06-24 08:47:56 - [MESSAGE][PASSED] - Object: 'Object Repository/1. Constant/xpath' is clicked on

2022-06-24 08:47:56 - [TEST_STEP][PASSED] - break: null

2022-06-24 08:47:56 - [TEST_STEP][PASSED] - click(findTestObject("1. Constant/xpath", ["xpath":"//*[@id="confirmSupportActionShortcut"]"])): Object: 'Object Repository/1. Constant/xpath' is clicked on

2022-06-24 08:48:02 - [MESSAGE][PASSED] - Object: 'Object Repository/1. Constant/xpath' is clicked on

2022-06-24 08:48:02 - [TEST_STEP][PASSED] - takeScreenshot(): Taking screenshot successfully

2022-06-24 08:48:02 - [MESSAGE][PASSED] - Taking screenshot successfully
[[ATTACHMENT|D:\\Projet Test Auto\\Mediabox Test Automation\\Reports\\20220624_080915\\03. Parallel Testing (Testing)\\TS -PT PART 3\\14.06 Dreyers Support Action (Ongoing _ Completed ref) - PART 6\\20220624_080917\\1656053282113.png]]

2022-06-24 08:48:02 - [TEST_STEP][PASSED] - click(findTestObject("1. Constant/xpath", ["xpath":"//*[@id="kt_content"]/div[3]/div/ul/li[3]/a"])): Object: 'Object Repository/1. Constant/xpath' is clicked on

2022-06-24 08:48:04 - [MESSAGE][PASSED] - Object: 'Object Repository/1. Constant/xpath' is clicked on

2022-06-24 08:48:04 - [TEST_STEP][PASSED] - takeScreenshot(): Taking screenshot successfully

2022-06-24 08:48:05 - [MESSAGE][PASSED] - Taking screenshot successfully
[[ATTACHMENT|D:\\Projet Test Auto\\Mediabox Test Automation\\Reports\\20220624_080915\\03. Parallel Testing (Testing)\\TS -PT PART 3\\14.06 Dreyers Support Action (Ongoing _ Completed ref) - PART 6\\20220624_080917\\1656053284731.png]]

2022-06-24 08:48:05 - [TEST_STEP][PASSED] - Status_StepC_3 = getAttribute(findTestObject("1. Constant/xpath", ["xpath":"/html/body/div[1]/div[2]/div[8]/div[3]/div/div[3]/div[3]/div/ul/li[3]/a"]), "class"): Attribute 'class' of object 'Object Repository/1. Constant/xpath' is: 'nav-link timeline-badge badge-xl  bg-complete '

2022-06-24 08:48:05 - [MESSAGE][PASSED] - Attribute 'class' of object 'Object Repository/1. Constant/xpath' is: 'nav-link timeline-badge badge-xl  bg-complete '

2022-06-24 08:48:05 - [TEST_STEP][PASSED] - verifyMatch(Status_StepC_3, "nav-link timeline-badge badge-xl  bg-complete ", false): Actual text 'nav-link timeline-badge badge-xl  bg-complete ' and expected text 'nav-link timeline-badge badge-xl  bg-complete ' are matched 

2022-06-24 08:48:05 - [MESSAGE][PASSED] - Actual text 'nav-link timeline-badge badge-xl  bg-complete ' and expected text 'nav-link timeline-badge badge-xl  bg-complete ' are matched 

2022-06-24 08:48:05 - [TEST_STEP][PASSED] - Name_StepC_3 = I.Get_Stepname("/html/body/div[1]/div[2]/div[8]/div[3]/div/div[3]/div[3]/div/ul/li[3]/a"): Attribute 'href' of object 'Object Repository/1. Constant/xpath' is: 'http://mdb-release.diadeis.lan/MediaboxIndependence/Base/ExecAction?action=VoirRef&IDSession=MBI!RELTESTAUTO_DREYERS!BGZBQOOJCC36LUALK5DVFBPJFH8ETFSARRD7I422&num=C7OSFM0AYV&id_ref=5344#tab_lifecycle_SASStepC_12408'

2022-06-24 08:48:10 - [MESSAGE][PASSED] - Delayed 5 second(s)

2022-06-24 08:48:10 - [MESSAGE][PASSED] - Attribute 'href' of object 'Object Repository/1. Constant/xpath' is: 'http://mdb-release.diadeis.lan/MediaboxIndependence/Base/ExecAction?action=VoirRef&IDSession=MBI!RELTESTAUTO_DREYERS!BGZBQOOJCC36LUALK5DVFBPJFH8ETFSARRD7I422&num=C7OSFM0AYV&id_ref=5344#tab_lifecycle_SASStepC_12408'

2022-06-24 08:48:10 - [TEST_STEP][PASSED] - verifyMatch(Name_StepC_3, "SASStepC", false): Actual text 'SASStepC' and expected text 'SASStepC' are matched 

2022-06-24 08:48:10 - [MESSAGE][PASSED] - Actual text 'SASStepC' and expected text 'SASStepC' are matched 

2022-06-24 08:48:10 - [TEST_STEP][PASSED] - Status_StepA_4 = getAttribute(findTestObject("1. Constant/xpath", ["xpath":"/html/body/div[1]/div[2]/div[8]/div[3]/div/div[3]/div[3]/div/ul/li[4]/a"]), "class"): Attribute 'class' of object 'Object Repository/1. Constant/xpath' is: 'nav-link timeline-badge badge-xl  bg-pending active'

2022-06-24 08:48:10 - [MESSAGE][PASSED] - Attribute 'class' of object 'Object Repository/1. Constant/xpath' is: 'nav-link timeline-badge badge-xl  bg-pending active'

2022-06-24 08:48:10 - [TEST_STEP][PASSED] - verifyMatch(Status_StepA_4, "nav-link timeline-badge badge-xl  bg-pending active", false): Actual text 'nav-link timeline-badge badge-xl  bg-pending active' and expected text 'nav-link timeline-badge badge-xl  bg-pending active' are matched 

2022-06-24 08:48:10 - [MESSAGE][PASSED] - Actual text 'nav-link timeline-badge badge-xl  bg-pending active' and expected text 'nav-link timeline-badge badge-xl  bg-pending active' are matched 

2022-06-24 08:48:10 - [TEST_STEP][PASSED] - Name_StepA_4 = I.Get_Stepname("/html/body/div[1]/div[2]/div[8]/div[3]/div/div[3]/div[3]/div/ul/li[4]/a"): Attribute 'href' of object 'Object Repository/1. Constant/xpath' is: 'http://mdb-release.diadeis.lan/MediaboxIndependence/Base/ExecAction?action=VoirRef&IDSession=MBI!RELTESTAUTO_DREYERS!BGZBQOOJCC36LUALK5DVFBPJFH8ETFSARRD7I422&num=C7OSFM0AYV&id_ref=5344#tab_lifecycle_SASStepA_12409'

2022-06-24 08:48:15 - [MESSAGE][PASSED] - Delayed 5 second(s)

2022-06-24 08:48:15 - [MESSAGE][PASSED] - Attribute 'href' of object 'Object Repository/1. Constant/xpath' is: 'http://mdb-release.diadeis.lan/MediaboxIndependence/Base/ExecAction?action=VoirRef&IDSession=MBI!RELTESTAUTO_DREYERS!BGZBQOOJCC36LUALK5DVFBPJFH8ETFSARRD7I422&num=C7OSFM0AYV&id_ref=5344#tab_lifecycle_SASStepA_12409'

2022-06-24 08:48:15 - [TEST_STEP][PASSED] - verifyMatch(Name_StepA_4, "SASStepA", false): Actual text 'SASStepA' and expected text 'SASStepA' are matched 

2022-06-24 08:48:15 - [MESSAGE][PASSED] - Actual text 'SASStepA' and expected text 'SASStepA' are matched 

2022-06-24 08:48:15 - [TEST_STEP][PASSED] - Status_StepAP11_4 = getAttribute(findTestObject("1. Constant/xpath", ["xpath":"/html/body/div[1]/div[2]/div[8]/div[3]/div/div[3]/div[3]/div/div/div[4]/div/div/span"]), "class"): Attribute 'class' of object 'Object Repository/1. Constant/xpath' is: 'timeline-badge badge-md bg-pending '

2022-06-24 08:48:15 - [MESSAGE][PASSED] - Attribute 'class' of object 'Object Repository/1. Constant/xpath' is: 'timeline-badge badge-md bg-pending '

2022-06-24 08:48:15 - [TEST_STEP][PASSED] - verifyMatch(Status_StepAP11_4, "timeline-badge badge-md bg-pending ", false): Actual text 'timeline-badge badge-md bg-pending ' and expected text 'timeline-badge badge-md bg-pending ' are matched 

2022-06-24 08:48:15 - [MESSAGE][PASSED] - Actual text 'timeline-badge badge-md bg-pending ' and expected text 'timeline-badge badge-md bg-pending ' are matched 

2022-06-24 08:48:15 - [TEST_STEP][PASSED] - Name_StepAP11_4 = getText(findTestObject("1. Constant/xpath", ["xpath":"/html/body/div[1]/div[2]/div[8]/div[3]/div/div[3]/div[3]/div/div/div[4]/div/div/div/div[1]/div[1]/h3"])): Text of object 'Object Repository/1. Constant/xpath' is: 'Phase 1.1 [Standard]'

2022-06-24 08:48:16 - [MESSAGE][PASSED] - Text of object 'Object Repository/1. Constant/xpath' is: 'Phase 1.1 [Standard]'

2022-06-24 08:48:16 - [TEST_STEP][PASSED] - verifyMatch(Name_StepAP11_4, "Phase 1.1 [Standard]", false): Actual text 'Phase 1.1 [Standard]' and expected text 'Phase 1.1 [Standard]' are matched 

2022-06-24 08:48:16 - [MESSAGE][PASSED] - Actual text 'Phase 1.1 [Standard]' and expected text 'Phase 1.1 [Standard]' are matched 

2022-06-24 08:48:16 - [TEST_STEP][PASSED] - Started_StepAP11_4 = getText(findTestObject("1. Constant/xpath", ["xpath":"/html/body/div[1]/div[2]/div[8]/div[3]/div/div[3]/div[3]/div/div/div[4]/div/div/div/div[2]/div[1]"])): Text of object 'Object Repository/1. Constant/xpath' is: 'Started 06/24/22 02:47 AM'

2022-06-24 08:48:16 - [MESSAGE][PASSED] - Text of object 'Object Repository/1. Constant/xpath' is: 'Started 06/24/22 02:47 AM'

2022-06-24 08:48:16 - [TEST_STEP][PASSED] - if (Started_StepAP11_4.contains("Started")): Actual object '1' and expected object '1' are equal

2022-06-24 08:48:16 - [TEST_STEP][PASSED] - verifyEqual(1, 1): Actual object '1' and expected object '1' are equal

2022-06-24 08:48:16 - [MESSAGE][PASSED] - Actual object '1' and expected object '1' are equal

2022-06-24 08:48:16 - [TEST_STEP][PASSED] - Added_StepAP11_4 = getText(findTestObject("1. Constant/xpath", ["xpath":"/html/body/div[1]/div[2]/div[8]/div[3]/div/div[3]/div[3]/div/div/div[4]/div/div/div/div[2]/h6"])): Text of object 'Object Repository/1. Constant/xpath' is: 'Added manually 06/24/22 02:47 AM By s user'

2022-06-24 08:48:16 - [MESSAGE][PASSED] - Text of object 'Object Repository/1. Constant/xpath' is: 'Added manually 06/24/22 02:47 AM By s user'

2022-06-24 08:48:16 - [TEST_STEP][PASSED] - if (Added_StepAP11_4.contains("Added manually")): Actual object '1' and expected object '1' are equal

2022-06-24 08:48:16 - [TEST_STEP][PASSED] - verifyEqual(1, 1): Actual object '1' and expected object '1' are equal

2022-06-24 08:48:16 - [MESSAGE][PASSED] - Actual object '1' and expected object '1' are equal

2022-06-24 08:48:16 - [TEST_STEP][PASSED] - verifyElementNotPresent(findTestObject("1. Constant/xpath", ["xpath":"/html/body/div[1]/div[2]/div[8]/div[3]/div/div[3]/div[3]/div/ul/li[5]/a"]), 10): Web element with id: 'Object Repository/1. Constant/xpath' located by 'By.xpath: /html/body/div[1]/div[2]/div[8]/div[3]/div/div[3]/div[3]/div/ul/li[5]/a' is not present after '10' second(s)

2022-06-24 08:48:16 - [MESSAGE][PASSED] - Web element with id: 'Object Repository/1. Constant/xpath' located by 'By.xpath: /html/body/div[1]/div[2]/div[8]/div[3]/div/div[3]/div[3]/div/ul/li[5]/a' is not present after '10' second(s)

2022-06-24 08:48:16 - [TEST_STEP][PASSED] - click(findTestObject("1. Constant/xpath", ["xpath":"/html/body/div[1]/div[2]/div[8]/div[2]/div/nav/ol/li[2]/a"])): Object: 'Object Repository/1. Constant/xpath' is clicked on

2022-06-24 08:48:19 - [MESSAGE][PASSED] - Object: 'Object Repository/1. Constant/xpath' is clicked on

2022-06-24 08:48:19 - [TEST_STEP][PASSED] - takeScreenshot(): Taking screenshot successfully

2022-06-24 08:48:20 - [MESSAGE][PASSED] - Taking screenshot successfully
[[ATTACHMENT|D:\\Projet Test Auto\\Mediabox Test Automation\\Reports\\20220624_080915\\03. Parallel Testing (Testing)\\TS -PT PART 3\\14.06 Dreyers Support Action (Ongoing _ Completed ref) - PART 6\\20220624_080917\\1656053299701.png]]

2022-06-24 08:48:20 - [TEST_STEP][PASSED] - Lifecycle_Status1 = getText(findTestObject("1. Constant/xpath", ["xpath":"//*[@id="source_" + refID35 + ""]/td[11]/span[1]"])): Text of object 'Object Repository/1. Constant/xpath' is: 'Phase 1.1 [Standard]'

2022-06-24 08:48:20 - [MESSAGE][PASSED] - Text of object 'Object Repository/1. Constant/xpath' is: 'Phase 1.1 [Standard]'

2022-06-24 08:48:20 - [TEST_STEP][PASSED] - verifyMatch(Lifecycle_Status1, "Phase 1.1 [Standard]", false): Actual text 'Phase 1.1 [Standard]' and expected text 'Phase 1.1 [Standard]' are matched 

2022-06-24 08:48:20 - [MESSAGE][PASSED] - Actual text 'Phase 1.1 [Standard]' and expected text 'Phase 1.1 [Standard]' are matched 

2022-06-24 08:48:20 - [TEST_STEP][PASSED] - I.Logout(): Delayed 3 second(s)

2022-06-24 08:48:23 - [MESSAGE][PASSED] - Delayed 3 second(s)

2022-06-24 08:48:24 - [MESSAGE][PASSED] - Object: 'Object Repository/1. Constant/xpath' is clicked on

2022-06-24 08:48:27 - [MESSAGE][PASSED] - Delayed 3 second(s)

2022-06-24 08:48:28 - [MESSAGE][PASSED] - Object: 'Object Repository/1. Constant/xpath' is clicked on

2022-06-24 08:48:31 - [MESSAGE][PASSED] - Delayed 3 second(s)

2022-06-24 08:48:31 - [TEST_STEP][PASSED] - I.Login_password("blemco", password_blemco): Object: 'Object Repository/1. Constant/xpath' is clicked on

2022-06-24 08:48:32 - [MESSAGE][PASSED] - Text 'blemco' is set on object 'Object Repository/1. Constant/xpath'

2022-06-24 08:48:33 - [MESSAGE][PASSED] - Delayed 1 second(s)

2022-06-24 08:48:34 - [MESSAGE][PASSED] - Text 'diadeis1' is set on object 'Object Repository/1. Constant/xpath'

2022-06-24 08:48:35 - [MESSAGE][PASSED] - Delayed 1 second(s)

2022-06-24 08:48:40 - [MESSAGE][PASSED] - Object: 'Object Repository/1. Constant/xpath' is clicked on

2022-06-24 08:48:40 - [TEST_STEP][PASSED] - takeScreenshot(): Taking screenshot successfully

2022-06-24 08:48:41 - [MESSAGE][PASSED] - Taking screenshot successfully
[[ATTACHMENT|D:\\Projet Test Auto\\Mediabox Test Automation\\Reports\\20220624_080915\\03. Parallel Testing (Testing)\\TS -PT PART 3\\14.06 Dreyers Support Action (Ongoing _ Completed ref) - PART 6\\20220624_080917\\1656053320687.png]]

2022-06-24 08:48:41 - [TEST_STEP][PASSED] - click(findTestObject("1. Constant/02_LHSMenu_Projects")): Object: 'Object Repository/1. Constant/02_LHSMenu_Projects' is clicked on

2022-06-24 08:48:44 - [MESSAGE][PASSED] - Object: 'Object Repository/1. Constant/02_LHSMenu_Projects' is clicked on

2022-06-24 08:48:44 - [TEST_STEP][PASSED] - I.SearchProjectNo_xpath(Project_No, "//*[@id="keynum_project"]", "//*[@id="form_filters"]/div[4]/button"): Delayed 5 second(s)

2022-06-24 08:48:45 - [MESSAGE][PASSED] - Delayed 1 second(s)

2022-06-24 08:48:46 - [MESSAGE][PASSED] - Text 'MI000883' is set on object 'Object Repository/1. Constant/xpath'

2022-06-24 08:48:49 - [MESSAGE][PASSED] - Delayed 3 second(s)

2022-06-24 08:48:49 - [MESSAGE][PASSED] - Scroll to object 'Object Repository/1. Constant/xpath' successfully

2022-06-24 08:48:56 - [MESSAGE][PASSED] - Object: 'Object Repository/1. Constant/xpath' is clicked on

2022-06-24 08:49:01 - [MESSAGE][PASSED] - Delayed 5 second(s)

2022-06-24 08:49:01 - [TEST_STEP][PASSED] - takeScreenshot(): Taking screenshot successfully

2022-06-24 08:49:02 - [MESSAGE][PASSED] - Taking screenshot successfully
[[ATTACHMENT|D:\\Projet Test Auto\\Mediabox Test Automation\\Reports\\20220624_080915\\03. Parallel Testing (Testing)\\TS -PT PART 3\\14.06 Dreyers Support Action (Ongoing _ Completed ref) - PART 6\\20220624_080917\\1656053342101.png]]

2022-06-24 08:49:02 - [TEST_STEP][PASSED] - I.SearchRefNo_xpath("P35_Auto", "//*[@id="fiche_filter_keywords11"]", "//*[@id="form_filters"]/div[3]/button"): Delayed 5 second(s)

2022-06-24 08:49:03 - [MESSAGE][PASSED] - Delayed 1 second(s)

2022-06-24 08:49:04 - [MESSAGE][PASSED] - Text 'P35_Auto' is set on object 'Object Repository/1. Constant/xpath'

2022-06-24 08:49:07 - [MESSAGE][PASSED] - Delayed 3 second(s)

2022-06-24 08:49:07 - [MESSAGE][PASSED] - Scroll to object 'Object Repository/1. Constant/xpath' successfully

2022-06-24 08:49:09 - [MESSAGE][PASSED] - Object: 'Object Repository/1. Constant/xpath' is clicked on

2022-06-24 08:49:14 - [MESSAGE][PASSED] - Delayed 5 second(s)

2022-06-24 08:49:14 - [TEST_STEP][PASSED] - click(findTestObject("1. Constant/xpath", ["xpath":"//*[@id="source_" + refID35 + ""]/td[13]/a[3]"])): Object: 'Object Repository/1. Constant/xpath' is clicked on

2022-06-24 08:49:17 - [MESSAGE][PASSED] - Object: 'Object Repository/1. Constant/xpath' is clicked on

2022-06-24 08:49:17 - [TEST_STEP][PASSED] - click(findTestObject("1. Constant/xpath", ["xpath":"//*[@id="ModifFiche"]/div[1]/div/button[2]"])): Object: 'Object Repository/1. Constant/xpath' is clicked on

2022-06-24 08:49:20 - [MESSAGE][PASSED] - Object: 'Object Repository/1. Constant/xpath' is clicked on

2022-06-24 08:49:20 - [TEST_STEP][PASSED] - Lifecycle_Status3 = getText(findTestObject("1. Constant/xpath", ["xpath":"//*[@id="source_" + refID35 + ""]/td[12]/span[1]"])): Text of object 'Object Repository/1. Constant/xpath' is: 'Complete'

2022-06-24 08:49:21 - [MESSAGE][PASSED] - Text of object 'Object Repository/1. Constant/xpath' is: 'Complete'

2022-06-24 08:49:21 - [TEST_STEP][PASSED] - verifyMatch(Lifecycle_Status3, "Complete", false): Actual text 'Complete' and expected text 'Complete' are matched 

2022-06-24 08:49:21 - [MESSAGE][PASSED] - Actual text 'Complete' and expected text 'Complete' are matched 

2022-06-24 08:49:21 - [TEST_STEP][PASSED] - takeScreenshot(): Taking screenshot successfully

2022-06-24 08:49:21 - [MESSAGE][PASSED] - Taking screenshot successfully
[[ATTACHMENT|D:\\Projet Test Auto\\Mediabox Test Automation\\Reports\\20220624_080915\\03. Parallel Testing (Testing)\\TS -PT PART 3\\14.06 Dreyers Support Action (Ongoing _ Completed ref) - PART 6\\20220624_080917\\1656053361058.png]]

2022-06-24 08:49:21 - [TEST_STEP][PASSED] - closeBrowser(): Browser is closed

2022-06-24 08:49:24 - [MESSAGE][PASSED] - Browser is closed

2022-06-24 08:49:24 - [TEST_STEP][PASSED] - Start listener action : sampleAfterTestCase: null]]></system-out>
         <system-err><![CDATA[]]></system-err>
      </testcase>
      <testcase name="Test Cases/19. Dreyers Support Action (Ongoing ref_completed)/19.36 Dreyers SAS Add Phase (Ongoing ref) S45 - P36" time="335.518" classname="Test Cases/19. Dreyers Support Action (Ongoing ref_completed)/19.36 Dreyers SAS Add Phase (Ongoing ref) S45 - P36" status="PASSED">
         <system-out><![CDATA[2022-06-24 08:49:24 - [TEST_CASE][PASSED] - Test Cases/19. Dreyers Support Action (Ongoing ref_completed)/19.36 Dreyers SAS Add Phase (Ongoing ref) S45 - P36: Test Cases/19. Dreyers Support Action (Ongoing ref_completed)/19.36 Dreyers SAS Add Phase (Ongoing ref) S45 - P36

2022-06-24 08:49:25 - [TEST_STEP][PASSED] - data_Dreyers = findTestData("Data Files/Username_Password/Dreyer"): null

2022-06-24 08:49:25 - [TEST_STEP][PASSED] - password_suser = data_Dreyers.getValue(2, 1): null

2022-06-24 08:49:25 - [TEST_STEP][PASSED] - password_nturner = data_Dreyers.getValue(2, 6): null

2022-06-24 08:49:25 - [TEST_STEP][PASSED] - data_urlRELAUTO = findTestData("Data Files/URL/URL_relauto"): null

2022-06-24 08:49:25 - [TEST_STEP][PASSED] - Url_Dreyer = data_urlRELAUTO.getValue(2, 4): null

2022-06-24 08:49:25 - [TEST_STEP][PASSED] - Project_No = I.readnotepad("D:\Upoad_File\Projet_ Login\Dreyers\19.1\19.1_Dreyers_ProjectNo.txt"): null

2022-06-24 08:49:25 - [TEST_STEP][PASSED] - refID = I.readnotepad("D:\Upoad_File\Projet_ Login\Dreyers\19.1\19.1_Dreyers_refID.txt"): null

2022-06-24 08:49:25 - [TEST_STEP][PASSED] - openBrowser(Url_Dreyer): Browser is opened with url: 'http://mdb-release.diadeis.lan/MediaboxIndependence/?MBI_datasource=RELTESTAUTO_DREYERS'

2022-06-24 08:49:25 - [MESSAGE][INFO] - Starting 'Chrome (headless)' driver

2022-06-24 08:49:25 - [MESSAGE][INFO] - User set preference: ['args', '[--window-size=1920,1080, --headless]']

2022-06-24 08:49:25 - [MESSAGE][INFO] - Action delay is set to 0 milliseconds

2022-06-24 08:49:37 - [MESSAGE][PASSED] - Browser is opened with url: 'http://mdb-release.diadeis.lan/MediaboxIndependence/?MBI_datasource=RELTESTAUTO_DREYERS'

2022-06-24 08:49:37 - [TEST_STEP][PASSED] - maximizeWindow(): Current window maximized

2022-06-24 08:49:37 - [MESSAGE][PASSED] - Current window maximized

2022-06-24 08:49:37 - [TEST_STEP][PASSED] - I.Login_password("suser", password_suser): Object: 'Object Repository/1. Constant/xpath' is clicked on

2022-06-24 08:49:38 - [MESSAGE][PASSED] - Text 'suser' is set on object 'Object Repository/1. Constant/xpath'

2022-06-24 08:49:39 - [MESSAGE][PASSED] - Delayed 1 second(s)

2022-06-24 08:49:39 - [MESSAGE][PASSED] - Text 'diadeis' is set on object 'Object Repository/1. Constant/xpath'

2022-06-24 08:49:40 - [MESSAGE][PASSED] - Delayed 1 second(s)

2022-06-24 08:49:48 - [MESSAGE][PASSED] - Object: 'Object Repository/1. Constant/xpath' is clicked on

2022-06-24 08:49:48 - [TEST_STEP][PASSED] - click(findTestObject("1. Constant/02_LHSMenu_Projects")): Object: 'Object Repository/1. Constant/02_LHSMenu_Projects' is clicked on

2022-06-24 08:49:51 - [MESSAGE][PASSED] - Object: 'Object Repository/1. Constant/02_LHSMenu_Projects' is clicked on

2022-06-24 08:49:51 - [TEST_STEP][PASSED] - I.SearchProjectNo_xpath(Project_No, "//*[@id="keynum_project"]", "//*[@id="form_filters"]/div[4]/button"): Delayed 5 second(s)

2022-06-24 08:49:52 - [MESSAGE][PASSED] - Delayed 1 second(s)

2022-06-24 08:49:53 - [MESSAGE][PASSED] - Text 'MI000883' is set on object 'Object Repository/1. Constant/xpath'

2022-06-24 08:49:56 - [MESSAGE][PASSED] - Delayed 3 second(s)

2022-06-24 08:49:57 - [MESSAGE][PASSED] - Scroll to object 'Object Repository/1. Constant/xpath' successfully

2022-06-24 08:50:04 - [MESSAGE][PASSED] - Object: 'Object Repository/1. Constant/xpath' is clicked on

2022-06-24 08:50:09 - [MESSAGE][PASSED] - Delayed 5 second(s)

2022-06-24 08:50:09 - [TEST_STEP][PASSED] - takeScreenshot(): Taking screenshot successfully

2022-06-24 08:50:10 - [MESSAGE][PASSED] - Taking screenshot successfully
[[ATTACHMENT|D:\\Projet Test Auto\\Mediabox Test Automation\\Reports\\20220624_080915\\03. Parallel Testing (Testing)\\TS -PT PART 3\\14.06 Dreyers Support Action (Ongoing _ Completed ref) - PART 6\\20220624_080917\\1656053409275.png]]

2022-06-24 08:50:10 - [TEST_STEP][PASSED] - click(findTestObject("1. Constant/xpath", ["xpath":"//*[@id="create_ref_btn"]/button"])): Object: 'Object Repository/1. Constant/xpath' is clicked on

2022-06-24 08:50:10 - [MESSAGE][PASSED] - Object: 'Object Repository/1. Constant/xpath' is clicked on

2022-06-24 08:50:10 - [TEST_STEP][PASSED] - click(findTestObject("1. Constant/xpath", ["xpath":"//*[@id="create_ref_btn"]/div/a"])): Object: 'Object Repository/1. Constant/xpath' is clicked on

2022-06-24 08:50:14 - [MESSAGE][PASSED] - Object: 'Object Repository/1. Constant/xpath' is clicked on

2022-06-24 08:50:14 - [TEST_STEP][PASSED] - delay(1): Delayed 1 second(s)

2022-06-24 08:50:15 - [MESSAGE][PASSED] - Delayed 1 second(s)

2022-06-24 08:50:15 - [TEST_STEP][PASSED] - selectOptionByValue(findTestObject("1. Constant/xpath", ["xpath":"//*[@id="lfc_tpl"]"]), "36", false): All options with value '36' are selected in object 'Object Repository/1. Constant/xpath' 

2022-06-24 08:50:16 - [MESSAGE][PASSED] - All options with value '36' are selected in object 'Object Repository/1. Constant/xpath' 

2022-06-24 08:50:16 - [TEST_STEP][PASSED] - ref_name = "P36_Auto_SAS_S45_" + RandomStringUtils.randomAlphanumeric(5) + I.gettimedate(): null

2022-06-24 08:50:16 - [TEST_STEP][PASSED] - delay(1): Delayed 1 second(s)

2022-06-24 08:50:17 - [MESSAGE][PASSED] - Delayed 1 second(s)

2022-06-24 08:50:17 - [TEST_STEP][PASSED] - setText(findTestObject("1. Constant/xpath", ["xpath":"//*[@id="var_name"]"]), ref_name): Text 'P36_Auto_SAS_S45_Ek9t5juin242022_085016' is set on object 'Object Repository/1. Constant/xpath'

2022-06-24 08:50:18 - [MESSAGE][PASSED] - Text 'P36_Auto_SAS_S45_Ek9t5juin242022_085016' is set on object 'Object Repository/1. Constant/xpath'

2022-06-24 08:50:18 - [TEST_STEP][PASSED] - takeScreenshot(): Taking screenshot successfully

2022-06-24 08:50:18 - [MESSAGE][PASSED] - Taking screenshot successfully
[[ATTACHMENT|D:\\Projet Test Auto\\Mediabox Test Automation\\Reports\\20220624_080915\\03. Parallel Testing (Testing)\\TS -PT PART 3\\14.06 Dreyers Support Action (Ongoing _ Completed ref) - PART 6\\20220624_080917\\1656053418191.png]]

2022-06-24 08:50:18 - [TEST_STEP][PASSED] - click(findTestObject("1. Constant/xpath", ["xpath":"//*[@id="createRefBottom"]"])): Object: 'Object Repository/1. Constant/xpath' is clicked on

2022-06-24 08:50:21 - [MESSAGE][PASSED] - Object: 'Object Repository/1. Constant/xpath' is clicked on

2022-06-24 08:50:21 - [TEST_STEP][PASSED] - delay(1): Delayed 1 second(s)

2022-06-24 08:50:22 - [MESSAGE][PASSED] - Delayed 1 second(s)

2022-06-24 08:50:22 - [TEST_STEP][PASSED] - takeScreenshot(): Taking screenshot successfully

2022-06-24 08:50:22 - [MESSAGE][PASSED] - Taking screenshot successfully
[[ATTACHMENT|D:\\Projet Test Auto\\Mediabox Test Automation\\Reports\\20220624_080915\\03. Parallel Testing (Testing)\\TS -PT PART 3\\14.06 Dreyers Support Action (Ongoing _ Completed ref) - PART 6\\20220624_080917\\1656053422308.png]]

2022-06-24 08:50:22 - [TEST_STEP][PASSED] - refID36 = I.RefID(): Current window's url is: 'http://mdb-release.diadeis.lan/MediaboxIndependence/Base/ExecAction?IDSession=MBI%21RELTESTAUTO_DREYERS%21ZGSIBDZT0LREDOI4ALV7WH8UQ6E7ZE5VSFUWYYHE&default_action=ModifierRef&id_project=MI000883&id_ref=5345&action_from=create_ref'

2022-06-24 08:50:27 - [MESSAGE][PASSED] - Delayed 5 second(s)

2022-06-24 08:50:28 - [MESSAGE][PASSED] - Current window's url is: 'http://mdb-release.diadeis.lan/MediaboxIndependence/Base/ExecAction?IDSession=MBI%21RELTESTAUTO_DREYERS%21ZGSIBDZT0LREDOI4ALV7WH8UQ6E7ZE5VSFUWYYHE&default_action=ModifierRef&id_project=MI000883&id_ref=5345&action_from=create_ref'

2022-06-24 08:50:28 - [TEST_STEP][PASSED] - click(findTestObject("1. Constant/xpath", ["xpath":"//*[@id="type_save"]"])): Object: 'Object Repository/1. Constant/xpath' is clicked on

2022-06-24 08:50:33 - [MESSAGE][PASSED] - Object: 'Object Repository/1. Constant/xpath' is clicked on

2022-06-24 08:50:33 - [TEST_STEP][PASSED] - takeScreenshot(): Taking screenshot successfully

2022-06-24 08:50:34 - [MESSAGE][PASSED] - Taking screenshot successfully
[[ATTACHMENT|D:\\Projet Test Auto\\Mediabox Test Automation\\Reports\\20220624_080915\\03. Parallel Testing (Testing)\\TS -PT PART 3\\14.06 Dreyers Support Action (Ongoing _ Completed ref) - PART 6\\20220624_080917\\1656053433910.png]]

2022-06-24 08:50:34 - [TEST_STEP][PASSED] - delay(1): Delayed 1 second(s)

2022-06-24 08:50:35 - [MESSAGE][PASSED] - Delayed 1 second(s)

2022-06-24 08:50:35 - [TEST_STEP][PASSED] - I.SearchRefNo_xpath("P36_Auto", "//*[@id="fiche_filter_keywords11"]", "//*[@id="form_filters"]/div[3]/button"): Delayed 5 second(s)

2022-06-24 08:50:36 - [MESSAGE][PASSED] - Delayed 1 second(s)

2022-06-24 08:50:36 - [MESSAGE][PASSED] - Text 'P36_Auto' is set on object 'Object Repository/1. Constant/xpath'

2022-06-24 08:50:39 - [MESSAGE][PASSED] - Delayed 3 second(s)

2022-06-24 08:50:39 - [MESSAGE][PASSED] - Scroll to object 'Object Repository/1. Constant/xpath' successfully

2022-06-24 08:50:43 - [MESSAGE][PASSED] - Object: 'Object Repository/1. Constant/xpath' is clicked on

2022-06-24 08:50:48 - [MESSAGE][PASSED] - Delayed 5 second(s)

2022-06-24 08:50:48 - [TEST_STEP][PASSED] - click(findTestObject("1. Constant/xpath", ["xpath":"//*[@id="source_" + refID36 + ""]/td[14]/a[3]"])): Object: 'Object Repository/1. Constant/xpath' is clicked on

2022-06-24 08:50:53 - [MESSAGE][PASSED] - Object: 'Object Repository/1. Constant/xpath' is clicked on

2022-06-24 08:50:53 - [TEST_STEP][PASSED] - click(findTestObject("1. Constant/xpath", ["xpath":"//*[@id="ModifFiche"]/div[1]/div/button[2]"])): Object: 'Object Repository/1. Constant/xpath' is clicked on

2022-06-24 08:50:58 - [MESSAGE][PASSED] - Object: 'Object Repository/1. Constant/xpath' is clicked on

2022-06-24 08:50:58 - [TEST_STEP][PASSED] - takeScreenshot(): Taking screenshot successfully

2022-06-24 08:50:58 - [MESSAGE][PASSED] - Taking screenshot successfully
[[ATTACHMENT|D:\\Projet Test Auto\\Mediabox Test Automation\\Reports\\20220624_080915\\03. Parallel Testing (Testing)\\TS -PT PART 3\\14.06 Dreyers Support Action (Ongoing _ Completed ref) - PART 6\\20220624_080917\\1656053458166.png]]

2022-06-24 08:50:58 - [TEST_STEP][PASSED] - delay(1): Delayed 1 second(s)

2022-06-24 08:50:59 - [MESSAGE][PASSED] - Delayed 1 second(s)

2022-06-24 08:50:59 - [TEST_STEP][PASSED] - click(findTestObject("1. Constant/xpath", ["xpath":"//*[@id="source_" + refID36 + ""]/td[14]/a[3]"])): Object: 'Object Repository/1. Constant/xpath' is clicked on

2022-06-24 08:51:03 - [MESSAGE][PASSED] - Object: 'Object Repository/1. Constant/xpath' is clicked on

2022-06-24 08:51:03 - [TEST_STEP][PASSED] - click(findTestObject("1. Constant/xpath", ["xpath":"//*[@id="ModifFiche"]/div[1]/div/button[2]"])): Object: 'Object Repository/1. Constant/xpath' is clicked on

2022-06-24 08:51:07 - [MESSAGE][PASSED] - Object: 'Object Repository/1. Constant/xpath' is clicked on

2022-06-24 08:51:07 - [TEST_STEP][PASSED] - takeScreenshot(): Taking screenshot successfully

2022-06-24 08:51:08 - [MESSAGE][PASSED] - Taking screenshot successfully
[[ATTACHMENT|D:\\Projet Test Auto\\Mediabox Test Automation\\Reports\\20220624_080915\\03. Parallel Testing (Testing)\\TS -PT PART 3\\14.06 Dreyers Support Action (Ongoing _ Completed ref) - PART 6\\20220624_080917\\1656053467896.png]]

2022-06-24 08:51:08 - [TEST_STEP][PASSED] - delay(1): Delayed 1 second(s)

2022-06-24 08:51:09 - [MESSAGE][PASSED] - Delayed 1 second(s)

2022-06-24 08:51:09 - [TEST_STEP][PASSED] - color1 = getCSSValue(findTestObject("1. Constant/xpath", ["xpath":"//*[@id="source_" + refID36 + ""]/td[14]/a[2]"]), "color", OPTIONAL): Get CSS 'color' value on 'Object Repository/1. Constant/xpath' successfully: 'rgba(255, 255, 255, 1)'.

2022-06-24 08:51:09 - [MESSAGE][PASSED] - Get CSS 'color' value on 'Object Repository/1. Constant/xpath' successfully: 'rgba(255, 255, 255, 1)'.

2022-06-24 08:51:09 - [TEST_STEP][PASSED] - while (color1 == "rgba(255, 255, 255, 1)"): Get CSS 'color' value on 'Object Repository/1. Constant/xpath' successfully: 'rgba(54, 153, 255, 1)'.

2022-06-24 08:51:09 - [TEST_STEP][PASSED] - click(findTestObject("1. Constant/xpath", ["xpath":"//*[@id="source_" + refID36 + ""]/td[14]/a[2]"])): Object: 'Object Repository/1. Constant/xpath' is clicked on

2022-06-24 08:51:11 - [MESSAGE][PASSED] - Object: 'Object Repository/1. Constant/xpath' is clicked on

2022-06-24 08:51:11 - [TEST_STEP][PASSED] - I.UploadDoc_sendkey_Prod(findTestObject("1. Constant/xpath", ["xpath":"//*[@id="kt_body"]/input[2]"]), "D:\Upoad_File\Upload doc\testdata1.pdf", "testdata1"): Delayed 5 second(s)

2022-06-24 08:51:11 - [MESSAGE][PASSED] - Scroll to object 'Object Repository/1. Constant/xpath' successfully

2022-06-24 08:51:16 - [MESSAGE][PASSED] - Delayed 5 second(s)

2022-06-24 08:51:17 - [MESSAGE][PASSED] - File 'D:\Upoad_File\Upload doc\testdata1.pdf' sent to object: 'Object Repository/1. Constant/xpath'

2022-06-24 08:51:22 - [MESSAGE][PASSED] - Delayed 5 second(s)

2022-06-24 08:51:22 - [MESSAGE][PASSED] - Text 'testdata1' is present on page 

2022-06-24 08:51:27 - [MESSAGE][PASSED] - Delayed 5 second(s)

2022-06-24 08:51:32 - [MESSAGE][PASSED] - Delayed 5 second(s)

2022-06-24 08:51:32 - [TEST_STEP][PASSED] - takeScreenshot(): Taking screenshot successfully

2022-06-24 08:51:32 - [MESSAGE][PASSED] - Taking screenshot successfully
[[ATTACHMENT|D:\\Projet Test Auto\\Mediabox Test Automation\\Reports\\20220624_080915\\03. Parallel Testing (Testing)\\TS -PT PART 3\\14.06 Dreyers Support Action (Ongoing _ Completed ref) - PART 6\\20220624_080917\\1656053492307.png]]

2022-06-24 08:51:32 - [TEST_STEP][PASSED] - delay(8): Delayed 8 second(s)

2022-06-24 08:51:40 - [MESSAGE][PASSED] - Delayed 8 second(s)

2022-06-24 08:51:40 - [TEST_STEP][PASSED] - click(findTestObject("HL Full Lifecycle/12 ReferncePage_Button_Updatensenddoc")): Object: 'Object Repository/HL Full Lifecycle/12 ReferncePage_Button_Updatensenddoc' is clicked on

2022-06-24 08:51:46 - [MESSAGE][PASSED] - Object: 'Object Repository/HL Full Lifecycle/12 ReferncePage_Button_Updatensenddoc' is clicked on

2022-06-24 08:51:46 - [TEST_STEP][PASSED] - delay(4): Delayed 4 second(s)

2022-06-24 08:51:50 - [MESSAGE][PASSED] - Delayed 4 second(s)

2022-06-24 08:51:50 - [TEST_STEP][PASSED] - color1 = getCSSValue(findTestObject("1. Constant/xpath", ["xpath":"//*[@id="source_" + refID36 + ""]/td[14]/a[2]"]), "color", OPTIONAL): Get CSS 'color' value on 'Object Repository/1. Constant/xpath' successfully: 'rgba(54, 153, 255, 1)'.

2022-06-24 08:51:50 - [MESSAGE][PASSED] - Get CSS 'color' value on 'Object Repository/1. Constant/xpath' successfully: 'rgba(54, 153, 255, 1)'.

2022-06-24 08:51:50 - [TEST_STEP][PASSED] - takeScreenshot(): Taking screenshot successfully

2022-06-24 08:51:51 - [MESSAGE][PASSED] - Taking screenshot successfully
[[ATTACHMENT|D:\\Projet Test Auto\\Mediabox Test Automation\\Reports\\20220624_080915\\03. Parallel Testing (Testing)\\TS -PT PART 3\\14.06 Dreyers Support Action (Ongoing _ Completed ref) - PART 6\\20220624_080917\\1656053510955.png]]

2022-06-24 08:51:51 - [TEST_STEP][PASSED] - click(findTestObject("1. Constant/xpath", ["xpath":"//*[@id="source_" + refID36 + ""]/td[6]/a"])): Object: 'Object Repository/1. Constant/xpath' is clicked on

2022-06-24 08:51:56 - [MESSAGE][PASSED] - Object: 'Object Repository/1. Constant/xpath' is clicked on

2022-06-24 08:51:56 - [TEST_STEP][PASSED] - takeScreenshot(): Taking screenshot successfully

2022-06-24 08:51:56 - [MESSAGE][PASSED] - Taking screenshot successfully
[[ATTACHMENT|D:\\Projet Test Auto\\Mediabox Test Automation\\Reports\\20220624_080915\\03. Parallel Testing (Testing)\\TS -PT PART 3\\14.06 Dreyers Support Action (Ongoing _ Completed ref) - PART 6\\20220624_080917\\1656053516119.png]]

2022-06-24 08:51:56 - [TEST_STEP][PASSED] - delay(1): Delayed 1 second(s)

2022-06-24 08:51:57 - [MESSAGE][PASSED] - Delayed 1 second(s)

2022-06-24 08:51:57 - [TEST_STEP][PASSED] - I.Approveforothers("/html/body/div[1]/div[2]/div[8]/div[3]/div/div[3]/div[2]/div/div[3]/div/div[2]/div[1]/div/div[2]/div/div[2]/div[2]/div/div/div[1]/img", "/html/body/div[1]/div[2]/div[8]/div[3]/div/div[3]/div[2]/div/div[3]/div/div[2]/div[1]/div/div[2]/div/div[2]/div[2]/div/div/div[6]/a[2]/span"): Object: 'Object Repository/1. Constant/xpath' is clicked on

2022-06-24 08:51:58 - [MESSAGE][PASSED] - Object: 'Object Repository/1. Constant/xpath' is clicked on

2022-06-24 08:51:59 - [MESSAGE][PASSED] - Delayed 1 second(s)

2022-06-24 08:52:00 - [MESSAGE][PASSED] - Object: 'Object Repository/1. Constant/xpath' is clicked on

2022-06-24 08:52:01 - [MESSAGE][PASSED] - Delayed 1 second(s)

2022-06-24 08:52:02 - [MESSAGE][PASSED] - Object: 'Object Repository/1. Constant/xpath' is hovered

2022-06-24 08:52:02 - [MESSAGE][PASSED] - Object: 'Object Repository/1. Constant/xpath' is clicked on

2022-06-24 08:52:03 - [MESSAGE][PASSED] - Delayed 1 second(s)

2022-06-24 08:52:10 - [MESSAGE][PASSED] - Object: 'Object Repository/1. Constant/xpath' is clicked on

2022-06-24 08:52:10 - [TEST_STEP][PASSED] - delay(1): Delayed 1 second(s)

2022-06-24 08:52:11 - [MESSAGE][PASSED] - Delayed 1 second(s)

2022-06-24 08:52:11 - [TEST_STEP][PASSED] - click(findTestObject("1. Constant/xpath", ["xpath":"//*[@id="kt_subheader"]/div/nav/ol/li[2]/a"])): Object: 'Object Repository/1. Constant/xpath' is clicked on

2022-06-24 08:52:14 - [MESSAGE][PASSED] - Object: 'Object Repository/1. Constant/xpath' is clicked on

2022-06-24 08:52:14 - [TEST_STEP][PASSED] - delay(1): Delayed 1 second(s)

2022-06-24 08:52:15 - [MESSAGE][PASSED] - Delayed 1 second(s)

2022-06-24 08:52:15 - [TEST_STEP][PASSED] - I.submitquesiton_ref(findTestObject("1. Constant/xpath", ["xpath":"//*[@id="source_" + refID36 + ""]/td[14]/div[1]/button"]), findTestObject("1. Constant/xpath", ["xpath":"//*[@id="source_" + refID36 + ""]/td[14]/div[1]/div/a[1]"])): Object: 'Object Repository/1. Constant/xpath' is clicked on

2022-06-24 08:52:16 - [MESSAGE][PASSED] - Object: 'Object Repository/1. Constant/xpath' is clicked on

2022-06-24 08:52:19 - [MESSAGE][PASSED] - Delayed 3 second(s)

2022-06-24 08:52:21 - [MESSAGE][PASSED] - Object: 'Object Repository/1. Constant/xpath' is clicked on

2022-06-24 08:52:21 - [TEST_STEP][PASSED] - click(findTestObject("1. Constant/xpath", ["xpath":"//*[@id="ModifFiche"]/div[1]/div/button[2]"])): Object: 'Object Repository/1. Constant/xpath' is clicked on

2022-06-24 08:52:28 - [MESSAGE][PASSED] - Object: 'Object Repository/1. Constant/xpath' is clicked on

2022-06-24 08:52:28 - [TEST_STEP][PASSED] - takeScreenshot(): Taking screenshot successfully

2022-06-24 08:52:30 - [MESSAGE][PASSED] - Taking screenshot successfully
[[ATTACHMENT|D:\\Projet Test Auto\\Mediabox Test Automation\\Reports\\20220624_080915\\03. Parallel Testing (Testing)\\TS -PT PART 3\\14.06 Dreyers Support Action (Ongoing _ Completed ref) - PART 6\\20220624_080917\\1656053549258.png]]

2022-06-24 08:52:30 - [TEST_STEP][PASSED] - I.submitquesiton_ref(findTestObject("1. Constant/xpath", ["xpath":"//*[@id="source_" + refID36 + ""]/td[14]/div[1]/button"]), findTestObject("1. Constant/xpath", ["xpath":"//*[@id="source_" + refID36 + ""]/td[14]/div[1]/div/a[1]"])): Object: 'Object Repository/1. Constant/xpath' is clicked on

2022-06-24 08:52:31 - [MESSAGE][PASSED] - Object: 'Object Repository/1. Constant/xpath' is clicked on

2022-06-24 08:52:34 - [MESSAGE][PASSED] - Delayed 3 second(s)

2022-06-24 08:52:36 - [MESSAGE][PASSED] - Object: 'Object Repository/1. Constant/xpath' is clicked on

2022-06-24 08:52:36 - [TEST_STEP][PASSED] - click(findTestObject("1. Constant/xpath", ["xpath":"//*[@id="ModifFiche"]/div[1]/div/button[2]"])): Object: 'Object Repository/1. Constant/xpath' is clicked on

2022-06-24 08:52:43 - [MESSAGE][PASSED] - Object: 'Object Repository/1. Constant/xpath' is clicked on

2022-06-24 08:52:43 - [TEST_STEP][PASSED] - takeScreenshot(): Taking screenshot successfully

2022-06-24 08:52:44 - [MESSAGE][PASSED] - Taking screenshot successfully
[[ATTACHMENT|D:\\Projet Test Auto\\Mediabox Test Automation\\Reports\\20220624_080915\\03. Parallel Testing (Testing)\\TS -PT PART 3\\14.06 Dreyers Support Action (Ongoing _ Completed ref) - PART 6\\20220624_080917\\1656053564010.png]]

2022-06-24 08:52:44 - [TEST_STEP][PASSED] - click(findTestObject("1. Constant/xpath", ["xpath":"//*[@id="source_" + refID36 + ""]/td[14]/a[3]"])): Object: 'Object Repository/1. Constant/xpath' is clicked on

2022-06-24 08:52:46 - [MESSAGE][PASSED] - Object: 'Object Repository/1. Constant/xpath' is clicked on

2022-06-24 08:52:46 - [TEST_STEP][PASSED] - click(findTestObject("1. Constant/xpath", ["xpath":"//*[@id="ModifFiche"]/div[1]/div/button[2]"])): Object: 'Object Repository/1. Constant/xpath' is clicked on

2022-06-24 08:52:50 - [MESSAGE][PASSED] - Object: 'Object Repository/1. Constant/xpath' is clicked on

2022-06-24 08:52:50 - [TEST_STEP][PASSED] - takeScreenshot(): Taking screenshot successfully

2022-06-24 08:52:51 - [MESSAGE][PASSED] - Taking screenshot successfully
[[ATTACHMENT|D:\\Projet Test Auto\\Mediabox Test Automation\\Reports\\20220624_080915\\03. Parallel Testing (Testing)\\TS -PT PART 3\\14.06 Dreyers Support Action (Ongoing _ Completed ref) - PART 6\\20220624_080917\\1656053571174.png]]

2022-06-24 08:52:51 - [TEST_STEP][PASSED] - click(findTestObject("1. Constant/xpath", ["xpath":"//*[@id="source_" + refID36 + ""]/td[14]/a[3]"])): Object: 'Object Repository/1. Constant/xpath' is clicked on

2022-06-24 08:52:54 - [MESSAGE][PASSED] - Object: 'Object Repository/1. Constant/xpath' is clicked on

2022-06-24 08:52:54 - [TEST_STEP][PASSED] - click(findTestObject("1. Constant/xpath", ["xpath":"//*[@id="ModifFiche"]/div[1]/div/button[2]"])): Object: 'Object Repository/1. Constant/xpath' is clicked on

2022-06-24 08:53:08 - [MESSAGE][PASSED] - Object: 'Object Repository/1. Constant/xpath' is clicked on

2022-06-24 08:53:08 - [TEST_STEP][PASSED] - click(findTestObject("1. Constant/xpath", ["xpath":"//*[@id="source_" + refID36 + ""]/td[6]/a"])): Object: 'Object Repository/1. Constant/xpath' is clicked on

2022-06-24 08:53:15 - [MESSAGE][PASSED] - Object: 'Object Repository/1. Constant/xpath' is clicked on

2022-06-24 08:53:15 - [TEST_STEP][PASSED] - delay(1): Delayed 1 second(s)

2022-06-24 08:53:16 - [MESSAGE][PASSED] - Delayed 1 second(s)

2022-06-24 08:53:16 - [TEST_STEP][PASSED] - click(findTestObject("1. Constant/xpath", ["xpath":"//*[@id="kt_content"]/div[3]/div/ul/li[3]/a"])): Object: 'Object Repository/1. Constant/xpath' is clicked on

2022-06-24 08:53:19 - [MESSAGE][PASSED] - Object: 'Object Repository/1. Constant/xpath' is clicked on

2022-06-24 08:53:19 - [TEST_STEP][PASSED] - takeScreenshot(): Taking screenshot successfully

2022-06-24 08:53:20 - [MESSAGE][PASSED] - Taking screenshot successfully
[[ATTACHMENT|D:\\Projet Test Auto\\Mediabox Test Automation\\Reports\\20220624_080915\\03. Parallel Testing (Testing)\\TS -PT PART 3\\14.06 Dreyers Support Action (Ongoing _ Completed ref) - PART 6\\20220624_080917\\1656053599835.png]]

2022-06-24 08:53:20 - [TEST_STEP][PASSED] - delay(1): Delayed 1 second(s)

2022-06-24 08:53:21 - [MESSAGE][PASSED] - Delayed 1 second(s)

2022-06-24 08:53:21 - [TEST_STEP][PASSED] - takeScreenshot(): Taking screenshot successfully

2022-06-24 08:53:21 - [MESSAGE][PASSED] - Taking screenshot successfully
[[ATTACHMENT|D:\\Projet Test Auto\\Mediabox Test Automation\\Reports\\20220624_080915\\03. Parallel Testing (Testing)\\TS -PT PART 3\\14.06 Dreyers Support Action (Ongoing _ Completed ref) - PART 6\\20220624_080917\\1656053601138.png]]

2022-06-24 08:53:21 - [TEST_STEP][PASSED] - click(findTestObject("1. Constant/xpath", ["xpath":"/html/body/div[1]/div[2]/div[8]/div[3]/div/div[3]/div[3]/div/div/div[3]/div/div[5]/div/div[1]/div[2]/div/button"])): Object: 'Object Repository/1. Constant/xpath' is clicked on

2022-06-24 08:53:21 - [MESSAGE][PASSED] - Object: 'Object Repository/1. Constant/xpath' is clicked on

2022-06-24 08:53:21 - [TEST_STEP][PASSED] - delay(1): Delayed 1 second(s)

2022-06-24 08:53:22 - [MESSAGE][PASSED] - Delayed 1 second(s)

2022-06-24 08:53:22 - [TEST_STEP][PASSED] - takeScreenshot(): Taking screenshot successfully

2022-06-24 08:53:23 - [MESSAGE][PASSED] - Taking screenshot successfully
[[ATTACHMENT|D:\\Projet Test Auto\\Mediabox Test Automation\\Reports\\20220624_080915\\03. Parallel Testing (Testing)\\TS -PT PART 3\\14.06 Dreyers Support Action (Ongoing _ Completed ref) - PART 6\\20220624_080917\\1656053602757.png]]

2022-06-24 08:53:23 - [TEST_STEP][PASSED] - delay(1): Delayed 1 second(s)

2022-06-24 08:53:24 - [MESSAGE][PASSED] - Delayed 1 second(s)

2022-06-24 08:53:24 - [TEST_STEP][PASSED] - x = 15: null

2022-06-24 08:53:24 - [TEST_STEP][PASSED] - i = 1: null

2022-06-24 08:53:24 - [TEST_STEP][PASSED] - while (i <= x): null

2022-06-24 08:53:24 - [TEST_STEP][PASSED] - Expected_SAS_Selected = "SAS S36 : Add Phase 1.2 / Skip Phase 1.2": null

2022-06-24 08:53:24 - [TEST_STEP][PASSED] - xpath_SAS = "/html/body/div[1]/div[2]/div[8]/div[3]/div/div[3]/div[3]/div/div/div[3]/div/div[5]/div/div[1]/div[2]/div/div/a[" + i + "]": null

2022-06-24 08:53:24 - [TEST_STEP][PASSED] - Actual_SAS = getText(findTestObject("1. Constant/xpath", ["xpath":xpath_SAS])): Text of object 'Object Repository/1. Constant/xpath' is: 'SAS S29: Add Step C / Skip P3.1'

2022-06-24 08:53:24 - [MESSAGE][PASSED] - Text of object 'Object Repository/1. Constant/xpath' is: 'SAS S29: Add Step C / Skip P3.1'

2022-06-24 08:53:24 - [TEST_STEP][PASSED] - I.print(i): null

2022-06-24 08:53:24 - [TEST_STEP][PASSED] - if (Actual_SAS.contains(Expected_SAS_Selected)): null

2022-06-24 08:53:24 - [TEST_STEP][PASSED] - i = i + 1: null

2022-06-24 08:53:24 - [TEST_STEP][PASSED] - Expected_SAS_Selected = "SAS S36 : Add Phase 1.2 / Skip Phase 1.2": null

2022-06-24 08:53:24 - [TEST_STEP][PASSED] - xpath_SAS = "/html/body/div[1]/div[2]/div[8]/div[3]/div/div[3]/div[3]/div/div/div[3]/div/div[5]/div/div[1]/div[2]/div/div/a[" + i + "]": null

2022-06-24 08:53:24 - [TEST_STEP][PASSED] - Actual_SAS = getText(findTestObject("1. Constant/xpath", ["xpath":xpath_SAS])): Text of object 'Object Repository/1. Constant/xpath' is: 'SAS S36 : Add Phase 1.2 / Skip Phase 1.2'

2022-06-24 08:53:25 - [MESSAGE][PASSED] - Text of object 'Object Repository/1. Constant/xpath' is: 'SAS S36 : Add Phase 1.2 / Skip Phase 1.2'

2022-06-24 08:53:25 - [TEST_STEP][PASSED] - I.print(i): null

2022-06-24 08:53:25 - [TEST_STEP][PASSED] - if (Actual_SAS.contains(Expected_SAS_Selected)): null

2022-06-24 08:53:25 - [TEST_STEP][PASSED] - click(findTestObject("1. Constant/xpath", ["xpath":xpath_SAS])): Object: 'Object Repository/1. Constant/xpath' is clicked on

2022-06-24 08:53:25 - [MESSAGE][PASSED] - Object: 'Object Repository/1. Constant/xpath' is clicked on

2022-06-24 08:53:25 - [TEST_STEP][PASSED] - break: null

2022-06-24 08:53:25 - [TEST_STEP][PASSED] - takeScreenshot(): Taking screenshot successfully

2022-06-24 08:53:25 - [MESSAGE][PASSED] - Taking screenshot successfully
[[ATTACHMENT|D:\\Projet Test Auto\\Mediabox Test Automation\\Reports\\20220624_080915\\03. Parallel Testing (Testing)\\TS -PT PART 3\\14.06 Dreyers Support Action (Ongoing _ Completed ref) - PART 6\\20220624_080917\\1656053605492.png]]

2022-06-24 08:53:25 - [TEST_STEP][PASSED] - click(findTestObject("1. Constant/xpath", ["xpath":"//*[@id="confirmSupportActionShortcut"]"])): Object: 'Object Repository/1. Constant/xpath' is clicked on

2022-06-24 08:53:29 - [MESSAGE][PASSED] - Object: 'Object Repository/1. Constant/xpath' is clicked on

2022-06-24 08:53:29 - [TEST_STEP][PASSED] - takeScreenshot(): Taking screenshot successfully

2022-06-24 08:53:29 - [MESSAGE][PASSED] - Taking screenshot successfully
[[ATTACHMENT|D:\\Projet Test Auto\\Mediabox Test Automation\\Reports\\20220624_080915\\03. Parallel Testing (Testing)\\TS -PT PART 3\\14.06 Dreyers Support Action (Ongoing _ Completed ref) - PART 6\\20220624_080917\\1656053609421.png]]

2022-06-24 08:53:29 - [TEST_STEP][PASSED] - click(findTestObject("1. Constant/xpath", ["xpath":"//*[@id="kt_content"]/div[3]/div/ul/li[3]/a"])): Object: 'Object Repository/1. Constant/xpath' is clicked on

2022-06-24 08:53:34 - [MESSAGE][PASSED] - Object: 'Object Repository/1. Constant/xpath' is clicked on

2022-06-24 08:53:34 - [TEST_STEP][PASSED] - takeScreenshot(): Taking screenshot successfully

2022-06-24 08:53:35 - [MESSAGE][PASSED] - Taking screenshot successfully
[[ATTACHMENT|D:\\Projet Test Auto\\Mediabox Test Automation\\Reports\\20220624_080915\\03. Parallel Testing (Testing)\\TS -PT PART 3\\14.06 Dreyers Support Action (Ongoing _ Completed ref) - PART 6\\20220624_080917\\1656053614853.png]]

2022-06-24 08:53:35 - [TEST_STEP][PASSED] - Status_StepC_3 = getAttribute(findTestObject("1. Constant/xpath", ["xpath":"/html/body/div[1]/div[2]/div[8]/div[3]/div/div[3]/div[3]/div/ul/li[3]/a"]), "class"): Attribute 'class' of object 'Object Repository/1. Constant/xpath' is: 'nav-link timeline-badge badge-xl  bg-complete '

2022-06-24 08:53:36 - [MESSAGE][PASSED] - Attribute 'class' of object 'Object Repository/1. Constant/xpath' is: 'nav-link timeline-badge badge-xl  bg-complete '

2022-06-24 08:53:36 - [TEST_STEP][PASSED] - verifyMatch(Status_StepC_3, "nav-link timeline-badge badge-xl  bg-complete ", false): Actual text 'nav-link timeline-badge badge-xl  bg-complete ' and expected text 'nav-link timeline-badge badge-xl  bg-complete ' are matched 

2022-06-24 08:53:36 - [MESSAGE][PASSED] - Actual text 'nav-link timeline-badge badge-xl  bg-complete ' and expected text 'nav-link timeline-badge badge-xl  bg-complete ' are matched 

2022-06-24 08:53:36 - [TEST_STEP][PASSED] - Name_StepC_3 = I.Get_Stepname("/html/body/div[1]/div[2]/div[8]/div[3]/div/div[3]/div[3]/div/ul/li[3]/a"): Attribute 'href' of object 'Object Repository/1. Constant/xpath' is: 'http://mdb-release.diadeis.lan/MediaboxIndependence/Base/ExecAction?action=VoirRef&IDSession=MBI!RELTESTAUTO_DREYERS!ZGSIBDZT0LREDOI4ALV7WH8UQ6E7ZE5VSFUWYYHE&num=6XEI6N49R9&id_ref=5345#tab_lifecycle_SASStepC_12412'

2022-06-24 08:53:41 - [MESSAGE][PASSED] - Delayed 5 second(s)

2022-06-24 08:53:41 - [MESSAGE][PASSED] - Attribute 'href' of object 'Object Repository/1. Constant/xpath' is: 'http://mdb-release.diadeis.lan/MediaboxIndependence/Base/ExecAction?action=VoirRef&IDSession=MBI!RELTESTAUTO_DREYERS!ZGSIBDZT0LREDOI4ALV7WH8UQ6E7ZE5VSFUWYYHE&num=6XEI6N49R9&id_ref=5345#tab_lifecycle_SASStepC_12412'

2022-06-24 08:53:41 - [TEST_STEP][PASSED] - verifyMatch(Name_StepC_3, "SASStepC", false): Actual text 'SASStepC' and expected text 'SASStepC' are matched 

2022-06-24 08:53:41 - [MESSAGE][PASSED] - Actual text 'SASStepC' and expected text 'SASStepC' are matched 

2022-06-24 08:53:41 - [TEST_STEP][PASSED] - Status_StepA_4 = getAttribute(findTestObject("1. Constant/xpath", ["xpath":"/html/body/div[1]/div[2]/div[8]/div[3]/div/div[3]/div[3]/div/ul/li[4]/a"]), "class"): Attribute 'class' of object 'Object Repository/1. Constant/xpath' is: 'nav-link timeline-badge badge-xl  bg-pending active'

2022-06-24 08:53:41 - [MESSAGE][PASSED] - Attribute 'class' of object 'Object Repository/1. Constant/xpath' is: 'nav-link timeline-badge badge-xl  bg-pending active'

2022-06-24 08:53:41 - [TEST_STEP][PASSED] - verifyMatch(Status_StepA_4, "nav-link timeline-badge badge-xl  bg-pending active", false): Actual text 'nav-link timeline-badge badge-xl  bg-pending active' and expected text 'nav-link timeline-badge badge-xl  bg-pending active' are matched 

2022-06-24 08:53:41 - [MESSAGE][PASSED] - Actual text 'nav-link timeline-badge badge-xl  bg-pending active' and expected text 'nav-link timeline-badge badge-xl  bg-pending active' are matched 

2022-06-24 08:53:41 - [TEST_STEP][PASSED] - Name_StepA_4 = I.Get_Stepname("/html/body/div[1]/div[2]/div[8]/div[3]/div/div[3]/div[3]/div/ul/li[4]/a"): Attribute 'href' of object 'Object Repository/1. Constant/xpath' is: 'http://mdb-release.diadeis.lan/MediaboxIndependence/Base/ExecAction?action=VoirRef&IDSession=MBI!RELTESTAUTO_DREYERS!ZGSIBDZT0LREDOI4ALV7WH8UQ6E7ZE5VSFUWYYHE&num=6XEI6N49R9&id_ref=5345#tab_lifecycle_SASStepA_12413'

2022-06-24 08:53:46 - [MESSAGE][PASSED] - Delayed 5 second(s)

2022-06-24 08:53:47 - [MESSAGE][PASSED] - Attribute 'href' of object 'Object Repository/1. Constant/xpath' is: 'http://mdb-release.diadeis.lan/MediaboxIndependence/Base/ExecAction?action=VoirRef&IDSession=MBI!RELTESTAUTO_DREYERS!ZGSIBDZT0LREDOI4ALV7WH8UQ6E7ZE5VSFUWYYHE&num=6XEI6N49R9&id_ref=5345#tab_lifecycle_SASStepA_12413'

2022-06-24 08:53:47 - [TEST_STEP][PASSED] - verifyMatch(Name_StepA_4, "SASStepA", false): Actual text 'SASStepA' and expected text 'SASStepA' are matched 

2022-06-24 08:53:47 - [MESSAGE][PASSED] - Actual text 'SASStepA' and expected text 'SASStepA' are matched 

2022-06-24 08:53:47 - [TEST_STEP][PASSED] - Status_StepAP12_4 = getAttribute(findTestObject("1. Constant/xpath", ["xpath":"/html/body/div[1]/div[2]/div[8]/div[3]/div/div[3]/div[3]/div/div/div[4]/div/div/span"]), "class"): Attribute 'class' of object 'Object Repository/1. Constant/xpath' is: 'timeline-badge badge-md bg-pending '

2022-06-24 08:53:48 - [MESSAGE][PASSED] - Attribute 'class' of object 'Object Repository/1. Constant/xpath' is: 'timeline-badge badge-md bg-pending '

2022-06-24 08:53:48 - [TEST_STEP][PASSED] - verifyMatch(Status_StepAP12_4, "timeline-badge badge-md bg-pending ", false): Actual text 'timeline-badge badge-md bg-pending ' and expected text 'timeline-badge badge-md bg-pending ' are matched 

2022-06-24 08:53:48 - [MESSAGE][PASSED] - Actual text 'timeline-badge badge-md bg-pending ' and expected text 'timeline-badge badge-md bg-pending ' are matched 

2022-06-24 08:53:48 - [TEST_STEP][PASSED] - Name_StepAP12_4 = getText(findTestObject("1. Constant/xpath", ["xpath":"/html/body/div[1]/div[2]/div[8]/div[3]/div/div[3]/div[3]/div/div/div[4]/div/div/div/div[1]/div[1]/h3"])): Text of object 'Object Repository/1. Constant/xpath' is: 'Phase 1.2 [Standard Phase]'

2022-06-24 08:53:50 - [MESSAGE][PASSED] - Text of object 'Object Repository/1. Constant/xpath' is: 'Phase 1.2 [Standard Phase]'

2022-06-24 08:53:50 - [TEST_STEP][PASSED] - verifyMatch(Name_StepAP12_4, "Phase 1.2 [Standard Phase]", false): Actual text 'Phase 1.2 [Standard Phase]' and expected text 'Phase 1.2 [Standard Phase]' are matched 

2022-06-24 08:53:50 - [MESSAGE][PASSED] - Actual text 'Phase 1.2 [Standard Phase]' and expected text 'Phase 1.2 [Standard Phase]' are matched 

2022-06-24 08:53:50 - [TEST_STEP][PASSED] - Started_StepAP12_4 = getText(findTestObject("1. Constant/xpath", ["xpath":"/html/body/div[1]/div[2]/div[8]/div[3]/div/div[3]/div[3]/div/div/div[4]/div/div/div/div[2]/div[1]"])): Text of object 'Object Repository/1. Constant/xpath' is: 'Started 06/24/22 02:53 AM'

2022-06-24 08:53:51 - [MESSAGE][PASSED] - Text of object 'Object Repository/1. Constant/xpath' is: 'Started 06/24/22 02:53 AM'

2022-06-24 08:53:51 - [TEST_STEP][PASSED] - if (Started_StepAP12_4.contains("Started")): Actual object '1' and expected object '1' are equal

2022-06-24 08:53:51 - [TEST_STEP][PASSED] - verifyEqual(1, 1): Actual object '1' and expected object '1' are equal

2022-06-24 08:53:51 - [MESSAGE][PASSED] - Actual object '1' and expected object '1' are equal

2022-06-24 08:53:51 - [TEST_STEP][PASSED] - Added_StepAP12_4 = getText(findTestObject("1. Constant/xpath", ["xpath":"/html/body/div[1]/div[2]/div[8]/div[3]/div/div[3]/div[3]/div/div/div[4]/div/div/div/div[2]/h6"])): Text of object 'Object Repository/1. Constant/xpath' is: 'Added manually 06/24/22 02:53 AM By s user'

2022-06-24 08:53:51 - [MESSAGE][PASSED] - Text of object 'Object Repository/1. Constant/xpath' is: 'Added manually 06/24/22 02:53 AM By s user'

2022-06-24 08:53:51 - [TEST_STEP][PASSED] - if (Added_StepAP12_4.contains("Added manually")): Actual object '1' and expected object '1' are equal

2022-06-24 08:53:51 - [TEST_STEP][PASSED] - verifyEqual(1, 1): Actual object '1' and expected object '1' are equal

2022-06-24 08:53:51 - [MESSAGE][PASSED] - Actual object '1' and expected object '1' are equal

2022-06-24 08:53:51 - [TEST_STEP][PASSED] - verifyElementNotPresent(findTestObject("1. Constant/xpath", ["xpath":"/html/body/div[1]/div[2]/div[8]/div[3]/div/div[3]/div[3]/div/ul/li[5]/a"]), 10): Web element with id: 'Object Repository/1. Constant/xpath' located by 'By.xpath: /html/body/div[1]/div[2]/div[8]/div[3]/div/div[3]/div[3]/div/ul/li[5]/a' is not present after '10' second(s)

2022-06-24 08:53:52 - [MESSAGE][PASSED] - Web element with id: 'Object Repository/1. Constant/xpath' located by 'By.xpath: /html/body/div[1]/div[2]/div[8]/div[3]/div/div[3]/div[3]/div/ul/li[5]/a' is not present after '10' second(s)

2022-06-24 08:53:52 - [TEST_STEP][PASSED] - click(findTestObject("1. Constant/xpath", ["xpath":"/html/body/div[1]/div[2]/div[8]/div[2]/div/nav/ol/li[2]/a"])): Object: 'Object Repository/1. Constant/xpath' is clicked on

2022-06-24 08:53:54 - [MESSAGE][PASSED] - Object: 'Object Repository/1. Constant/xpath' is clicked on

2022-06-24 08:53:54 - [TEST_STEP][PASSED] - takeScreenshot(): Taking screenshot successfully

2022-06-24 08:53:55 - [MESSAGE][PASSED] - Taking screenshot successfully
[[ATTACHMENT|D:\\Projet Test Auto\\Mediabox Test Automation\\Reports\\20220624_080915\\03. Parallel Testing (Testing)\\TS -PT PART 3\\14.06 Dreyers Support Action (Ongoing _ Completed ref) - PART 6\\20220624_080917\\1656053634605.png]]

2022-06-24 08:53:55 - [TEST_STEP][PASSED] - Lifecycle_Status1 = getText(findTestObject("1. Constant/xpath", ["xpath":"//*[@id="source_" + refID36 + ""]/td[11]/span[1]"])): Text of object 'Object Repository/1. Constant/xpath' is: 'Phase 1.2 [Standard Phase]'

2022-06-24 08:53:55 - [MESSAGE][PASSED] - Text of object 'Object Repository/1. Constant/xpath' is: 'Phase 1.2 [Standard Phase]'

2022-06-24 08:53:55 - [TEST_STEP][PASSED] - verifyMatch(Lifecycle_Status1, "Phase 1.2 [Standard Phase]", false): Actual text 'Phase 1.2 [Standard Phase]' and expected text 'Phase 1.2 [Standard Phase]' are matched 

2022-06-24 08:53:55 - [MESSAGE][PASSED] - Actual text 'Phase 1.2 [Standard Phase]' and expected text 'Phase 1.2 [Standard Phase]' are matched 

2022-06-24 08:53:55 - [TEST_STEP][PASSED] - I.Logout(): Delayed 3 second(s)

2022-06-24 08:53:58 - [MESSAGE][PASSED] - Delayed 3 second(s)

2022-06-24 08:53:59 - [MESSAGE][PASSED] - Object: 'Object Repository/1. Constant/xpath' is clicked on

2022-06-24 08:54:02 - [MESSAGE][PASSED] - Delayed 3 second(s)

2022-06-24 08:54:03 - [MESSAGE][PASSED] - Object: 'Object Repository/1. Constant/xpath' is clicked on

2022-06-24 08:54:06 - [MESSAGE][PASSED] - Delayed 3 second(s)

2022-06-24 08:54:06 - [TEST_STEP][PASSED] - I.Login_password("nturner", password_nturner): Object: 'Object Repository/1. Constant/xpath' is clicked on

2022-06-24 08:54:06 - [MESSAGE][PASSED] - Text 'nturner' is set on object 'Object Repository/1. Constant/xpath'

2022-06-24 08:54:07 - [MESSAGE][PASSED] - Delayed 1 second(s)

2022-06-24 08:54:08 - [MESSAGE][PASSED] - Text 'diadeis1' is set on object 'Object Repository/1. Constant/xpath'

2022-06-24 08:54:09 - [MESSAGE][PASSED] - Delayed 1 second(s)

2022-06-24 08:54:13 - [MESSAGE][PASSED] - Object: 'Object Repository/1. Constant/xpath' is clicked on

2022-06-24 08:54:13 - [TEST_STEP][PASSED] - click(findTestObject("1. Constant/02_LHSMenu_Projects")): Object: 'Object Repository/1. Constant/02_LHSMenu_Projects' is clicked on

2022-06-24 08:54:16 - [MESSAGE][PASSED] - Object: 'Object Repository/1. Constant/02_LHSMenu_Projects' is clicked on

2022-06-24 08:54:16 - [TEST_STEP][PASSED] - I.SearchProjectNo_xpath(Project_No, "//*[@id="keynum_project"]", "//*[@id="form_filters"]/div[4]/button"): Delayed 5 second(s)

2022-06-24 08:54:17 - [MESSAGE][PASSED] - Delayed 1 second(s)

2022-06-24 08:54:18 - [MESSAGE][PASSED] - Text 'MI000883' is set on object 'Object Repository/1. Constant/xpath'

2022-06-24 08:54:21 - [MESSAGE][PASSED] - Delayed 3 second(s)

2022-06-24 08:54:21 - [MESSAGE][PASSED] - Scroll to object 'Object Repository/1. Constant/xpath' successfully

2022-06-24 08:54:30 - [MESSAGE][PASSED] - Object: 'Object Repository/1. Constant/xpath' is clicked on

2022-06-24 08:54:35 - [MESSAGE][PASSED] - Delayed 5 second(s)

2022-06-24 08:54:35 - [TEST_STEP][PASSED] - I.SearchRefNo_xpath("P36_Auto", "//*[@id="fiche_filter_keywords11"]", "//*[@id="form_filters"]/div[3]/button"): Delayed 5 second(s)

2022-06-24 08:54:36 - [MESSAGE][PASSED] - Delayed 1 second(s)

2022-06-24 08:54:36 - [MESSAGE][PASSED] - Text 'P36_Auto' is set on object 'Object Repository/1. Constant/xpath'

2022-06-24 08:54:39 - [MESSAGE][PASSED] - Delayed 3 second(s)

2022-06-24 08:54:40 - [MESSAGE][PASSED] - Scroll to object 'Object Repository/1. Constant/xpath' successfully

2022-06-24 08:54:42 - [MESSAGE][PASSED] - Object: 'Object Repository/1. Constant/xpath' is clicked on

2022-06-24 08:54:47 - [MESSAGE][PASSED] - Delayed 5 second(s)

2022-06-24 08:54:47 - [TEST_STEP][PASSED] - delay(1): Delayed 1 second(s)

2022-06-24 08:54:48 - [MESSAGE][PASSED] - Delayed 1 second(s)

2022-06-24 08:54:48 - [TEST_STEP][PASSED] - takeScreenshot(): Taking screenshot successfully

2022-06-24 08:54:49 - [MESSAGE][PASSED] - Taking screenshot successfully
[[ATTACHMENT|D:\\Projet Test Auto\\Mediabox Test Automation\\Reports\\20220624_080915\\03. Parallel Testing (Testing)\\TS -PT PART 3\\14.06 Dreyers Support Action (Ongoing _ Completed ref) - PART 6\\20220624_080917\\1656053689246.png]]

2022-06-24 08:54:49 - [TEST_STEP][PASSED] - click(findTestObject("1. Constant/xpath", ["xpath":"//*[@id="source_" + refID36 + ""]/td[13]/a[2]"])): Object: 'Object Repository/1. Constant/xpath' is clicked on

2022-06-24 08:54:52 - [MESSAGE][PASSED] - Object: 'Object Repository/1. Constant/xpath' is clicked on

2022-06-24 08:54:52 - [TEST_STEP][PASSED] - click(findTestObject("1. Constant/xpath", ["xpath":"//*[@id="ModifFiche"]/div[1]/div/button[2]"])): Object: 'Object Repository/1. Constant/xpath' is clicked on

2022-06-24 08:54:59 - [MESSAGE][PASSED] - Object: 'Object Repository/1. Constant/xpath' is clicked on

2022-06-24 08:54:59 - [TEST_STEP][PASSED] - Lifecycle_Status11 = getText(findTestObject("1. Constant/xpath", ["xpath":"//*[@id="source_" + refID36 + ""]/td[12]/span"])): Text of object 'Object Repository/1. Constant/xpath' is: 'Complete'

2022-06-24 08:54:59 - [MESSAGE][PASSED] - Text of object 'Object Repository/1. Constant/xpath' is: 'Complete'

2022-06-24 08:54:59 - [TEST_STEP][PASSED] - verifyMatch(Lifecycle_Status11, "Complete", false): Actual text 'Complete' and expected text 'Complete' are matched 

2022-06-24 08:54:59 - [MESSAGE][PASSED] - Actual text 'Complete' and expected text 'Complete' are matched 

2022-06-24 08:54:59 - [TEST_STEP][PASSED] - closeBrowser(): Browser is closed

2022-06-24 08:55:00 - [MESSAGE][PASSED] - Browser is closed

2022-06-24 08:55:00 - [TEST_STEP][PASSED] - Start listener action : sampleAfterTestCase: null]]></system-out>
         <system-err><![CDATA[]]></system-err>
      </testcase>
      <system-out><![CDATA[2022-06-24 08:09:30 - [TEST_SUITE][PASSED] - 14.06 Dreyers Support Action (Ongoing _ Completed ref) - PART 6: Test Cases/19. Dreyers Support Action (Ongoing ref_completed)/19.36 Dreyers SAS Add Phase (Ongoing ref) S45 - P36]]></system-out>
      <system-err><![CDATA[]]></system-err>
   </testsuite>
</testsuites>
