<?xml version="1.0" encoding="UTF-8"?>
<testsuites name="14.06 Dreyers Support Action (Ongoing _ Completed ref) - PART 6" time="2547.01" tests="6" failures="0" errors="0">
   <testsuite name="14.06 Dreyers Support Action (Ongoing _ Completed ref) - PART 6" tests="6" failures="0" errors="0" time="2547.01" skipped="0" timestamp="2022-06-09 21:15:36" hostname="lamhe - DPF-MBI-VERIF.ad.sgsco.int" id="Test Suites/03. Parallel Testing (Testing)/TS -PT PART 3/14.06 Dreyers Support Action (Ongoing _ Completed ref) - PART 6">
      <properties>
         <property name="deviceName" value=""/>
         <property name="devicePlatform" value=""/>
         <property name="logFolder" value="D:\\Projet Test Auto\\Mediabox Test Automation\\Reports\\20220609_181011\\03. Parallel Testing (Testing)\\TS -PT PART 3\\14.06 Dreyers Support Action (Ongoing _ Completed ref) - PART 6\\20220609_181117"/>
         <property name="logFiles" value="D:\\Projet Test Auto\\Mediabox Test Automation\\Reports\\20220609_181011\\03. Parallel Testing (Testing)\\TS -PT PART 3\\14.06 Dreyers Support Action (Ongoing _ Completed ref) - PART 6\\20220609_181117\\execution0.log"/>
         <property name="attachments" value="D:\\Projet Test Auto\\Mediabox Test Automation\\Reports\\20220609_181011\\03. Parallel Testing (Testing)\\TS -PT PART 3\\14.06 Dreyers Support Action (Ongoing _ Completed ref) - PART 6\\20220609_181117\\1654802186730.png, D:\\Projet Test Auto\\Mediabox Test Automation\\Reports\\20220609_181011\\03. Parallel Testing (Testing)\\TS -PT PART 3\\14.06 Dreyers Support Action (Ongoing _ Completed ref) - PART 6\\20220609_181117\\1654802195328.png, D:\\Projet Test Auto\\Mediabox Test Automation\\Reports\\20220609_181011\\03. Parallel Testing (Testing)\\TS -PT PART 3\\14.06 Dreyers Support Action (Ongoing _ Completed ref) - PART 6\\20220609_181117\\1654802204651.png, D:\\Projet Test Auto\\Mediabox Test Automation\\Reports\\20220609_181011\\03. Parallel Testing (Testing)\\TS -PT PART 3\\14.06 Dreyers Support Action (Ongoing _ Completed ref) - PART 6\\20220609_181117\\1654802219285.png, D:\\Projet Test Auto\\Mediabox Test Automation\\Reports\\20220609_181011\\03. Parallel Testing (Testing)\\TS -PT PART 3\\14.06 Dreyers Support Action (Ongoing _ Completed ref) - PART 6\\20220609_181117\\1654802244285.png, D:\\Projet Test Auto\\Mediabox Test Automation\\Reports\\20220609_181011\\03. Parallel Testing (Testing)\\TS -PT PART 3\\14.06 Dreyers Support Action (Ongoing _ Completed ref) - PART 6\\20220609_181117\\1654802252304.png, D:\\Projet Test Auto\\Mediabox Test Automation\\Reports\\20220609_181011\\03. Parallel Testing (Testing)\\TS -PT PART 3\\14.06 Dreyers Support Action (Ongoing _ Completed ref) - PART 6\\20220609_181117\\1654802281790.png, D:\\Projet Test Auto\\Mediabox Test Automation\\Reports\\20220609_181011\\03. Parallel Testing (Testing)\\TS -PT PART 3\\14.06 Dreyers Support Action (Ongoing _ Completed ref) - PART 6\\20220609_181117\\1654802301926.png, D:\\Projet Test Auto\\Mediabox Test Automation\\Reports\\20220609_181011\\03. Parallel Testing (Testing)\\TS -PT PART 3\\14.06 Dreyers Support Action (Ongoing _ Completed ref) - PART 6\\20220609_181117\\1654802308728.png, D:\\Projet Test Auto\\Mediabox Test Automation\\Reports\\20220609_181011\\03. Parallel Testing (Testing)\\TS -PT PART 3\\14.06 Dreyers Support Action (Ongoing _ Completed ref) - PART 6\\20220609_181117\\1654802342467.png, D:\\Projet Test Auto\\Mediabox Test Automation\\Reports\\20220609_181011\\03. Parallel Testing (Testing)\\TS -PT PART 3\\14.06 Dreyers Support Action (Ongoing _ Completed ref) - PART 6\\20220609_181117\\1654802358259.png, D:\\Projet Test Auto\\Mediabox Test Automation\\Reports\\20220609_181011\\03. Parallel Testing (Testing)\\TS -PT PART 3\\14.06 Dreyers Support Action (Ongoing _ Completed ref) - PART 6\\20220609_181117\\1654802363585.png, D:\\Projet Test Auto\\Mediabox Test Automation\\Reports\\20220609_181011\\03. Parallel Testing (Testing)\\TS -PT PART 3\\14.06 Dreyers Support Action (Ongoing _ Completed ref) - PART 6\\20220609_181117\\1654802365267.png, D:\\Projet Test Auto\\Mediabox Test Automation\\Reports\\20220609_181011\\03. Parallel Testing (Testing)\\TS -PT PART 3\\14.06 Dreyers Support Action (Ongoing _ Completed ref) - PART 6\\20220609_181117\\1654802367037.png, D:\\Projet Test Auto\\Mediabox Test Automation\\Reports\\20220609_181011\\03. Parallel Testing (Testing)\\TS -PT PART 3\\14.06 Dreyers Support Action (Ongoing _ Completed ref) - PART 6\\20220609_181117\\1654802374544.png, D:\\Projet Test Auto\\Mediabox Test Automation\\Reports\\20220609_181011\\03. Parallel Testing (Testing)\\TS -PT PART 3\\14.06 Dreyers Support Action (Ongoing _ Completed ref) - PART 6\\20220609_181117\\1654802378092.png, D:\\Projet Test Auto\\Mediabox Test Automation\\Reports\\20220609_181011\\03. Parallel Testing (Testing)\\TS -PT PART 3\\14.06 Dreyers Support Action (Ongoing _ Completed ref) - PART 6\\20220609_181117\\1654802438114.png, D:\\Projet Test Auto\\Mediabox Test Automation\\Reports\\20220609_181011\\03. Parallel Testing (Testing)\\TS -PT PART 3\\14.06 Dreyers Support Action (Ongoing _ Completed ref) - PART 6\\20220609_181117\\1654802461318.png, D:\\Projet Test Auto\\Mediabox Test Automation\\Reports\\20220609_181011\\03. Parallel Testing (Testing)\\TS -PT PART 3\\14.06 Dreyers Support Action (Ongoing _ Completed ref) - PART 6\\20220609_181117\\1654802530917.png, D:\\Projet Test Auto\\Mediabox Test Automation\\Reports\\20220609_181011\\03. Parallel Testing (Testing)\\TS -PT PART 3\\14.06 Dreyers Support Action (Ongoing _ Completed ref) - PART 6\\20220609_181117\\1654802586608.png, D:\\Projet Test Auto\\Mediabox Test Automation\\Reports\\20220609_181011\\03. Parallel Testing (Testing)\\TS -PT PART 3\\14.06 Dreyers Support Action (Ongoing _ Completed ref) - PART 6\\20220609_181117\\1654802619941.png, D:\\Projet Test Auto\\Mediabox Test Automation\\Reports\\20220609_181011\\03. Parallel Testing (Testing)\\TS -PT PART 3\\14.06 Dreyers Support Action (Ongoing _ Completed ref) - PART 6\\20220609_181117\\1654802641596.png, D:\\Projet Test Auto\\Mediabox Test Automation\\Reports\\20220609_181011\\03. Parallel Testing (Testing)\\TS -PT PART 3\\14.06 Dreyers Support Action (Ongoing _ Completed ref) - PART 6\\20220609_181117\\1654802655077.png, D:\\Projet Test Auto\\Mediabox Test Automation\\Reports\\20220609_181011\\03. Parallel Testing (Testing)\\TS -PT PART 3\\14.06 Dreyers Support Action (Ongoing _ Completed ref) - PART 6\\20220609_181117\\1654802681592.png, D:\\Projet Test Auto\\Mediabox Test Automation\\Reports\\20220609_181011\\03. Parallel Testing (Testing)\\TS -PT PART 3\\14.06 Dreyers Support Action (Ongoing _ Completed ref) - PART 6\\20220609_181117\\1654802725297.png, D:\\Projet Test Auto\\Mediabox Test Automation\\Reports\\20220609_181011\\03. Parallel Testing (Testing)\\TS -PT PART 3\\14.06 Dreyers Support Action (Ongoing _ Completed ref) - PART 6\\20220609_181117\\1654802742729.png, D:\\Projet Test Auto\\Mediabox Test Automation\\Reports\\20220609_181011\\03. Parallel Testing (Testing)\\TS -PT PART 3\\14.06 Dreyers Support Action (Ongoing _ Completed ref) - PART 6\\20220609_181117\\1654802785750.png, D:\\Projet Test Auto\\Mediabox Test Automation\\Reports\\20220609_181011\\03. Parallel Testing (Testing)\\TS -PT PART 3\\14.06 Dreyers Support Action (Ongoing _ Completed ref) - PART 6\\20220609_181117\\1654802829993.png, D:\\Projet Test Auto\\Mediabox Test Automation\\Reports\\20220609_181011\\03. Parallel Testing (Testing)\\TS -PT PART 3\\14.06 Dreyers Support Action (Ongoing _ Completed ref) - PART 6\\20220609_181117\\1654802839430.png, D:\\Projet Test Auto\\Mediabox Test Automation\\Reports\\20220609_181011\\03. Parallel Testing (Testing)\\TS -PT PART 3\\14.06 Dreyers Support Action (Ongoing _ Completed ref) - PART 6\\20220609_181117\\1654802843204.png, D:\\Projet Test Auto\\Mediabox Test Automation\\Reports\\20220609_181011\\03. Parallel Testing (Testing)\\TS -PT PART 3\\14.06 Dreyers Support Action (Ongoing _ Completed ref) - PART 6\\20220609_181117\\1654802854025.png, D:\\Projet Test Auto\\Mediabox Test Automation\\Reports\\20220609_181011\\03. Parallel Testing (Testing)\\TS -PT PART 3\\14.06 Dreyers Support Action (Ongoing _ Completed ref) - PART 6\\20220609_181117\\1654802881589.png, D:\\Projet Test Auto\\Mediabox Test Automation\\Reports\\20220609_181011\\03. Parallel Testing (Testing)\\TS -PT PART 3\\14.06 Dreyers Support Action (Ongoing _ Completed ref) - PART 6\\20220609_181117\\1654802885514.png, D:\\Projet Test Auto\\Mediabox Test Automation\\Reports\\20220609_181011\\03. Parallel Testing (Testing)\\TS -PT PART 3\\14.06 Dreyers Support Action (Ongoing _ Completed ref) - PART 6\\20220609_181117\\1654802887288.png, D:\\Projet Test Auto\\Mediabox Test Automation\\Reports\\20220609_181011\\03. Parallel Testing (Testing)\\TS -PT PART 3\\14.06 Dreyers Support Action (Ongoing _ Completed ref) - PART 6\\20220609_181117\\1654802895240.png, D:\\Projet Test Auto\\Mediabox Test Automation\\Reports\\20220609_181011\\03. Parallel Testing (Testing)\\TS -PT PART 3\\14.06 Dreyers Support Action (Ongoing _ Completed ref) - PART 6\\20220609_181117\\1654802949072.png, D:\\Projet Test Auto\\Mediabox Test Automation\\Reports\\20220609_181011\\03. Parallel Testing (Testing)\\TS -PT PART 3\\14.06 Dreyers Support Action (Ongoing _ Completed ref) - PART 6\\20220609_181117\\1654802963230.png, D:\\Projet Test Auto\\Mediabox Test Automation\\Reports\\20220609_181011\\03. Parallel Testing (Testing)\\TS -PT PART 3\\14.06 Dreyers Support Action (Ongoing _ Completed ref) - PART 6\\20220609_181117\\1654802973960.png, D:\\Projet Test Auto\\Mediabox Test Automation\\Reports\\20220609_181011\\03. Parallel Testing (Testing)\\TS -PT PART 3\\14.06 Dreyers Support Action (Ongoing _ Completed ref) - PART 6\\20220609_181117\\1654803026448.png, D:\\Projet Test Auto\\Mediabox Test Automation\\Reports\\20220609_181011\\03. Parallel Testing (Testing)\\TS -PT PART 3\\14.06 Dreyers Support Action (Ongoing _ Completed ref) - PART 6\\20220609_181117\\1654803039364.png, D:\\Projet Test Auto\\Mediabox Test Automation\\Reports\\20220609_181011\\03. Parallel Testing (Testing)\\TS -PT PART 3\\14.06 Dreyers Support Action (Ongoing _ Completed ref) - PART 6\\20220609_181117\\1654803088105.png, D:\\Projet Test Auto\\Mediabox Test Automation\\Reports\\20220609_181011\\03. Parallel Testing (Testing)\\TS -PT PART 3\\14.06 Dreyers Support Action (Ongoing _ Completed ref) - PART 6\\20220609_181117\\1654803102187.png, D:\\Projet Test Auto\\Mediabox Test Automation\\Reports\\20220609_181011\\03. Parallel Testing (Testing)\\TS -PT PART 3\\14.06 Dreyers Support Action (Ongoing _ Completed ref) - PART 6\\20220609_181117\\1654803129391.png, D:\\Projet Test Auto\\Mediabox Test Automation\\Reports\\20220609_181011\\03. Parallel Testing (Testing)\\TS -PT PART 3\\14.06 Dreyers Support Action (Ongoing _ Completed ref) - PART 6\\20220609_181117\\1654803146341.png, D:\\Projet Test Auto\\Mediabox Test Automation\\Reports\\20220609_181011\\03. Parallel Testing (Testing)\\TS -PT PART 3\\14.06 Dreyers Support Action (Ongoing _ Completed ref) - PART 6\\20220609_181117\\1654803149067.png, D:\\Projet Test Auto\\Mediabox Test Automation\\Reports\\20220609_181011\\03. Parallel Testing (Testing)\\TS -PT PART 3\\14.06 Dreyers Support Action (Ongoing _ Completed ref) - PART 6\\20220609_181117\\1654803220744.png, D:\\Projet Test Auto\\Mediabox Test Automation\\Reports\\20220609_181011\\03. Parallel Testing (Testing)\\TS -PT PART 3\\14.06 Dreyers Support Action (Ongoing _ Completed ref) - PART 6\\20220609_181117\\1654803228315.png, D:\\Projet Test Auto\\Mediabox Test Automation\\Reports\\20220609_181011\\03. Parallel Testing (Testing)\\TS -PT PART 3\\14.06 Dreyers Support Action (Ongoing _ Completed ref) - PART 6\\20220609_181117\\1654803232298.png, D:\\Projet Test Auto\\Mediabox Test Automation\\Reports\\20220609_181011\\03. Parallel Testing (Testing)\\TS -PT PART 3\\14.06 Dreyers Support Action (Ongoing _ Completed ref) - PART 6\\20220609_181117\\1654803243193.png, D:\\Projet Test Auto\\Mediabox Test Automation\\Reports\\20220609_181011\\03. Parallel Testing (Testing)\\TS -PT PART 3\\14.06 Dreyers Support Action (Ongoing _ Completed ref) - PART 6\\20220609_181117\\1654803265822.png, D:\\Projet Test Auto\\Mediabox Test Automation\\Reports\\20220609_181011\\03. Parallel Testing (Testing)\\TS -PT PART 3\\14.06 Dreyers Support Action (Ongoing _ Completed ref) - PART 6\\20220609_181117\\1654803267606.png, D:\\Projet Test Auto\\Mediabox Test Automation\\Reports\\20220609_181011\\03. Parallel Testing (Testing)\\TS -PT PART 3\\14.06 Dreyers Support Action (Ongoing _ Completed ref) - PART 6\\20220609_181117\\1654803277147.png, D:\\Projet Test Auto\\Mediabox Test Automation\\Reports\\20220609_181011\\03. Parallel Testing (Testing)\\TS -PT PART 3\\14.06 Dreyers Support Action (Ongoing _ Completed ref) - PART 6\\20220609_181117\\1654803329183.png, D:\\Projet Test Auto\\Mediabox Test Automation\\Reports\\20220609_181011\\03. Parallel Testing (Testing)\\TS -PT PART 3\\14.06 Dreyers Support Action (Ongoing _ Completed ref) - PART 6\\20220609_181117\\1654803346474.png, D:\\Projet Test Auto\\Mediabox Test Automation\\Reports\\20220609_181011\\03. Parallel Testing (Testing)\\TS -PT PART 3\\14.06 Dreyers Support Action (Ongoing _ Completed ref) - PART 6\\20220609_181117\\1654803353991.png, D:\\Projet Test Auto\\Mediabox Test Automation\\Reports\\20220609_181011\\03. Parallel Testing (Testing)\\TS -PT PART 3\\14.06 Dreyers Support Action (Ongoing _ Completed ref) - PART 6\\20220609_181117\\1654803402174.png, D:\\Projet Test Auto\\Mediabox Test Automation\\Reports\\20220609_181011\\03. Parallel Testing (Testing)\\TS -PT PART 3\\14.06 Dreyers Support Action (Ongoing _ Completed ref) - PART 6\\20220609_181117\\1654803454570.png, D:\\Projet Test Auto\\Mediabox Test Automation\\Reports\\20220609_181011\\03. Parallel Testing (Testing)\\TS -PT PART 3\\14.06 Dreyers Support Action (Ongoing _ Completed ref) - PART 6\\20220609_181117\\1654803478389.png, D:\\Projet Test Auto\\Mediabox Test Automation\\Reports\\20220609_181011\\03. Parallel Testing (Testing)\\TS -PT PART 3\\14.06 Dreyers Support Action (Ongoing _ Completed ref) - PART 6\\20220609_181117\\1654803496696.png, D:\\Projet Test Auto\\Mediabox Test Automation\\Reports\\20220609_181011\\03. Parallel Testing (Testing)\\TS -PT PART 3\\14.06 Dreyers Support Action (Ongoing _ Completed ref) - PART 6\\20220609_181117\\1654803499673.png, D:\\Projet Test Auto\\Mediabox Test Automation\\Reports\\20220609_181011\\03. Parallel Testing (Testing)\\TS -PT PART 3\\14.06 Dreyers Support Action (Ongoing _ Completed ref) - PART 6\\20220609_181117\\1654803553094.png, D:\\Projet Test Auto\\Mediabox Test Automation\\Reports\\20220609_181011\\03. Parallel Testing (Testing)\\TS -PT PART 3\\14.06 Dreyers Support Action (Ongoing _ Completed ref) - PART 6\\20220609_181117\\1654803561183.png, D:\\Projet Test Auto\\Mediabox Test Automation\\Reports\\20220609_181011\\03. Parallel Testing (Testing)\\TS -PT PART 3\\14.06 Dreyers Support Action (Ongoing _ Completed ref) - PART 6\\20220609_181117\\1654803567050.png, D:\\Projet Test Auto\\Mediabox Test Automation\\Reports\\20220609_181011\\03. Parallel Testing (Testing)\\TS -PT PART 3\\14.06 Dreyers Support Action (Ongoing _ Completed ref) - PART 6\\20220609_181117\\1654803577967.png, D:\\Projet Test Auto\\Mediabox Test Automation\\Reports\\20220609_181011\\03. Parallel Testing (Testing)\\TS -PT PART 3\\14.06 Dreyers Support Action (Ongoing _ Completed ref) - PART 6\\20220609_181117\\1654803597073.png, D:\\Projet Test Auto\\Mediabox Test Automation\\Reports\\20220609_181011\\03. Parallel Testing (Testing)\\TS -PT PART 3\\14.06 Dreyers Support Action (Ongoing _ Completed ref) - PART 6\\20220609_181117\\1654803606483.png, D:\\Projet Test Auto\\Mediabox Test Automation\\Reports\\20220609_181011\\03. Parallel Testing (Testing)\\TS -PT PART 3\\14.06 Dreyers Support Action (Ongoing _ Completed ref) - PART 6\\20220609_181117\\1654803631195.png, D:\\Projet Test Auto\\Mediabox Test Automation\\Reports\\20220609_181011\\03. Parallel Testing (Testing)\\TS -PT PART 3\\14.06 Dreyers Support Action (Ongoing _ Completed ref) - PART 6\\20220609_181117\\1654803653790.png, D:\\Projet Test Auto\\Mediabox Test Automation\\Reports\\20220609_181011\\03. Parallel Testing (Testing)\\TS -PT PART 3\\14.06 Dreyers Support Action (Ongoing _ Completed ref) - PART 6\\20220609_181117\\1654803657439.png, D:\\Projet Test Auto\\Mediabox Test Automation\\Reports\\20220609_181011\\03. Parallel Testing (Testing)\\TS -PT PART 3\\14.06 Dreyers Support Action (Ongoing _ Completed ref) - PART 6\\20220609_181117\\1654803688800.png, D:\\Projet Test Auto\\Mediabox Test Automation\\Reports\\20220609_181011\\03. Parallel Testing (Testing)\\TS -PT PART 3\\14.06 Dreyers Support Action (Ongoing _ Completed ref) - PART 6\\20220609_181117\\1654803700470.png, D:\\Projet Test Auto\\Mediabox Test Automation\\Reports\\20220609_181011\\03. Parallel Testing (Testing)\\TS -PT PART 3\\14.06 Dreyers Support Action (Ongoing _ Completed ref) - PART 6\\20220609_181117\\1654803714028.png, D:\\Projet Test Auto\\Mediabox Test Automation\\Reports\\20220609_181011\\03. Parallel Testing (Testing)\\TS -PT PART 3\\14.06 Dreyers Support Action (Ongoing _ Completed ref) - PART 6\\20220609_181117\\1654803716131.png, D:\\Projet Test Auto\\Mediabox Test Automation\\Reports\\20220609_181011\\03. Parallel Testing (Testing)\\TS -PT PART 3\\14.06 Dreyers Support Action (Ongoing _ Completed ref) - PART 6\\20220609_181117\\1654803718419.png, D:\\Projet Test Auto\\Mediabox Test Automation\\Reports\\20220609_181011\\03. Parallel Testing (Testing)\\TS -PT PART 3\\14.06 Dreyers Support Action (Ongoing _ Completed ref) - PART 6\\20220609_181117\\1654803722282.png, D:\\Projet Test Auto\\Mediabox Test Automation\\Reports\\20220609_181011\\03. Parallel Testing (Testing)\\TS -PT PART 3\\14.06 Dreyers Support Action (Ongoing _ Completed ref) - PART 6\\20220609_181117\\1654803724731.png, D:\\Projet Test Auto\\Mediabox Test Automation\\Reports\\20220609_181011\\03. Parallel Testing (Testing)\\TS -PT PART 3\\14.06 Dreyers Support Action (Ongoing _ Completed ref) - PART 6\\20220609_181117\\1654803776055.png, D:\\Projet Test Auto\\Mediabox Test Automation\\Reports\\20220609_181011\\03. Parallel Testing (Testing)\\TS -PT PART 3\\14.06 Dreyers Support Action (Ongoing _ Completed ref) - PART 6\\20220609_181117\\1654803794247.png, D:\\Projet Test Auto\\Mediabox Test Automation\\Reports\\20220609_181011\\03. Parallel Testing (Testing)\\TS -PT PART 3\\14.06 Dreyers Support Action (Ongoing _ Completed ref) - PART 6\\20220609_181117\\1654803838041.png, D:\\Projet Test Auto\\Mediabox Test Automation\\Reports\\20220609_181011\\03. Parallel Testing (Testing)\\TS -PT PART 3\\14.06 Dreyers Support Action (Ongoing _ Completed ref) - PART 6\\20220609_181117\\1654803861822.png, D:\\Projet Test Auto\\Mediabox Test Automation\\Reports\\20220609_181011\\03. Parallel Testing (Testing)\\TS -PT PART 3\\14.06 Dreyers Support Action (Ongoing _ Completed ref) - PART 6\\20220609_181117\\1654803897341.png, D:\\Projet Test Auto\\Mediabox Test Automation\\Reports\\20220609_181011\\03. Parallel Testing (Testing)\\TS -PT PART 3\\14.06 Dreyers Support Action (Ongoing _ Completed ref) - PART 6\\20220609_181117\\1654803914007.png, D:\\Projet Test Auto\\Mediabox Test Automation\\Reports\\20220609_181011\\03. Parallel Testing (Testing)\\TS -PT PART 3\\14.06 Dreyers Support Action (Ongoing _ Completed ref) - PART 6\\20220609_181117\\1654803955657.png, D:\\Projet Test Auto\\Mediabox Test Automation\\Reports\\20220609_181011\\03. Parallel Testing (Testing)\\TS -PT PART 3\\14.06 Dreyers Support Action (Ongoing _ Completed ref) - PART 6\\20220609_181117\\1654803993278.png, D:\\Projet Test Auto\\Mediabox Test Automation\\Reports\\20220609_181011\\03. Parallel Testing (Testing)\\TS -PT PART 3\\14.06 Dreyers Support Action (Ongoing _ Completed ref) - PART 6\\20220609_181117\\1654804005704.png, D:\\Projet Test Auto\\Mediabox Test Automation\\Reports\\20220609_181011\\03. Parallel Testing (Testing)\\TS -PT PART 3\\14.06 Dreyers Support Action (Ongoing _ Completed ref) - PART 6\\20220609_181117\\1654804030226.png, D:\\Projet Test Auto\\Mediabox Test Automation\\Reports\\20220609_181011\\03. Parallel Testing (Testing)\\TS -PT PART 3\\14.06 Dreyers Support Action (Ongoing _ Completed ref) - PART 6\\20220609_181117\\1654804085863.png, D:\\Projet Test Auto\\Mediabox Test Automation\\Reports\\20220609_181011\\03. Parallel Testing (Testing)\\TS -PT PART 3\\14.06 Dreyers Support Action (Ongoing _ Completed ref) - PART 6\\20220609_181117\\1654804125788.png, D:\\Projet Test Auto\\Mediabox Test Automation\\Reports\\20220609_181011\\03. Parallel Testing (Testing)\\TS -PT PART 3\\14.06 Dreyers Support Action (Ongoing _ Completed ref) - PART 6\\20220609_181117\\1654804164386.png, D:\\Projet Test Auto\\Mediabox Test Automation\\Reports\\20220609_181011\\03. Parallel Testing (Testing)\\TS -PT PART 3\\14.06 Dreyers Support Action (Ongoing _ Completed ref) - PART 6\\20220609_181117\\1654804172207.png, D:\\Projet Test Auto\\Mediabox Test Automation\\Reports\\20220609_181011\\03. Parallel Testing (Testing)\\TS -PT PART 3\\14.06 Dreyers Support Action (Ongoing _ Completed ref) - PART 6\\20220609_181117\\1654804176562.png, D:\\Projet Test Auto\\Mediabox Test Automation\\Reports\\20220609_181011\\03. Parallel Testing (Testing)\\TS -PT PART 3\\14.06 Dreyers Support Action (Ongoing _ Completed ref) - PART 6\\20220609_181117\\1654804186575.png, D:\\Projet Test Auto\\Mediabox Test Automation\\Reports\\20220609_181011\\03. Parallel Testing (Testing)\\TS -PT PART 3\\14.06 Dreyers Support Action (Ongoing _ Completed ref) - PART 6\\20220609_181117\\1654804207740.png, D:\\Projet Test Auto\\Mediabox Test Automation\\Reports\\20220609_181011\\03. Parallel Testing (Testing)\\TS -PT PART 3\\14.06 Dreyers Support Action (Ongoing _ Completed ref) - PART 6\\20220609_181117\\1654804214909.png, D:\\Projet Test Auto\\Mediabox Test Automation\\Reports\\20220609_181011\\03. Parallel Testing (Testing)\\TS -PT PART 3\\14.06 Dreyers Support Action (Ongoing _ Completed ref) - PART 6\\20220609_181117\\1654804239675.png, D:\\Projet Test Auto\\Mediabox Test Automation\\Reports\\20220609_181011\\03. Parallel Testing (Testing)\\TS -PT PART 3\\14.06 Dreyers Support Action (Ongoing _ Completed ref) - PART 6\\20220609_181117\\1654804261475.png, D:\\Projet Test Auto\\Mediabox Test Automation\\Reports\\20220609_181011\\03. Parallel Testing (Testing)\\TS -PT PART 3\\14.06 Dreyers Support Action (Ongoing _ Completed ref) - PART 6\\20220609_181117\\1654804266709.png, D:\\Projet Test Auto\\Mediabox Test Automation\\Reports\\20220609_181011\\03. Parallel Testing (Testing)\\TS -PT PART 3\\14.06 Dreyers Support Action (Ongoing _ Completed ref) - PART 6\\20220609_181117\\1654804295084.png, D:\\Projet Test Auto\\Mediabox Test Automation\\Reports\\20220609_181011\\03. Parallel Testing (Testing)\\TS -PT PART 3\\14.06 Dreyers Support Action (Ongoing _ Completed ref) - PART 6\\20220609_181117\\1654804308685.png, D:\\Projet Test Auto\\Mediabox Test Automation\\Reports\\20220609_181011\\03. Parallel Testing (Testing)\\TS -PT PART 3\\14.06 Dreyers Support Action (Ongoing _ Completed ref) - PART 6\\20220609_181117\\1654804322234.png, D:\\Projet Test Auto\\Mediabox Test Automation\\Reports\\20220609_181011\\03. Parallel Testing (Testing)\\TS -PT PART 3\\14.06 Dreyers Support Action (Ongoing _ Completed ref) - PART 6\\20220609_181117\\1654804325581.png, D:\\Projet Test Auto\\Mediabox Test Automation\\Reports\\20220609_181011\\03. Parallel Testing (Testing)\\TS -PT PART 3\\14.06 Dreyers Support Action (Ongoing _ Completed ref) - PART 6\\20220609_181117\\1654804342516.png, D:\\Projet Test Auto\\Mediabox Test Automation\\Reports\\20220609_181011\\03. Parallel Testing (Testing)\\TS -PT PART 3\\14.06 Dreyers Support Action (Ongoing _ Completed ref) - PART 6\\20220609_181117\\1654804361104.png, D:\\Projet Test Auto\\Mediabox Test Automation\\Reports\\20220609_181011\\03. Parallel Testing (Testing)\\TS -PT PART 3\\14.06 Dreyers Support Action (Ongoing _ Completed ref) - PART 6\\20220609_181117\\1654804378409.png, D:\\Projet Test Auto\\Mediabox Test Automation\\Reports\\20220609_181011\\03. Parallel Testing (Testing)\\TS -PT PART 3\\14.06 Dreyers Support Action (Ongoing _ Completed ref) - PART 6\\20220609_181117\\1654804399699.png, D:\\Projet Test Auto\\Mediabox Test Automation\\Reports\\20220609_181011\\03. Parallel Testing (Testing)\\TS -PT PART 3\\14.06 Dreyers Support Action (Ongoing _ Completed ref) - PART 6\\20220609_181117\\1654804438759.png, D:\\Projet Test Auto\\Mediabox Test Automation\\Reports\\20220609_181011\\03. Parallel Testing (Testing)\\TS -PT PART 3\\14.06 Dreyers Support Action (Ongoing _ Completed ref) - PART 6\\20220609_181117\\1654804446412.png, D:\\Projet Test Auto\\Mediabox Test Automation\\Reports\\20220609_181011\\03. Parallel Testing (Testing)\\TS -PT PART 3\\14.06 Dreyers Support Action (Ongoing _ Completed ref) - PART 6\\20220609_181117\\1654804451246.png, D:\\Projet Test Auto\\Mediabox Test Automation\\Reports\\20220609_181011\\03. Parallel Testing (Testing)\\TS -PT PART 3\\14.06 Dreyers Support Action (Ongoing _ Completed ref) - PART 6\\20220609_181117\\1654804462218.png, D:\\Projet Test Auto\\Mediabox Test Automation\\Reports\\20220609_181011\\03. Parallel Testing (Testing)\\TS -PT PART 3\\14.06 Dreyers Support Action (Ongoing _ Completed ref) - PART 6\\20220609_181117\\1654804482361.png, D:\\Projet Test Auto\\Mediabox Test Automation\\Reports\\20220609_181011\\03. Parallel Testing (Testing)\\TS -PT PART 3\\14.06 Dreyers Support Action (Ongoing _ Completed ref) - PART 6\\20220609_181117\\1654804489111.png, D:\\Projet Test Auto\\Mediabox Test Automation\\Reports\\20220609_181011\\03. Parallel Testing (Testing)\\TS -PT PART 3\\14.06 Dreyers Support Action (Ongoing _ Completed ref) - PART 6\\20220609_181117\\1654804514109.png, D:\\Projet Test Auto\\Mediabox Test Automation\\Reports\\20220609_181011\\03. Parallel Testing (Testing)\\TS -PT PART 3\\14.06 Dreyers Support Action (Ongoing _ Completed ref) - PART 6\\20220609_181117\\1654804532555.png, D:\\Projet Test Auto\\Mediabox Test Automation\\Reports\\20220609_181011\\03. Parallel Testing (Testing)\\TS -PT PART 3\\14.06 Dreyers Support Action (Ongoing _ Completed ref) - PART 6\\20220609_181117\\1654804536778.png, D:\\Projet Test Auto\\Mediabox Test Automation\\Reports\\20220609_181011\\03. Parallel Testing (Testing)\\TS -PT PART 3\\14.06 Dreyers Support Action (Ongoing _ Completed ref) - PART 6\\20220609_181117\\1654804566388.png, D:\\Projet Test Auto\\Mediabox Test Automation\\Reports\\20220609_181011\\03. Parallel Testing (Testing)\\TS -PT PART 3\\14.06 Dreyers Support Action (Ongoing _ Completed ref) - PART 6\\20220609_181117\\1654804576561.png, D:\\Projet Test Auto\\Mediabox Test Automation\\Reports\\20220609_181011\\03. Parallel Testing (Testing)\\TS -PT PART 3\\14.06 Dreyers Support Action (Ongoing _ Completed ref) - PART 6\\20220609_181117\\1654804583772.png, D:\\Projet Test Auto\\Mediabox Test Automation\\Reports\\20220609_181011\\03. Parallel Testing (Testing)\\TS -PT PART 3\\14.06 Dreyers Support Action (Ongoing _ Completed ref) - PART 6\\20220609_181117\\1654804599135.png, D:\\Projet Test Auto\\Mediabox Test Automation\\Reports\\20220609_181011\\03. Parallel Testing (Testing)\\TS -PT PART 3\\14.06 Dreyers Support Action (Ongoing _ Completed ref) - PART 6\\20220609_181117\\1654804601465.png, D:\\Projet Test Auto\\Mediabox Test Automation\\Reports\\20220609_181011\\03. Parallel Testing (Testing)\\TS -PT PART 3\\14.06 Dreyers Support Action (Ongoing _ Completed ref) - PART 6\\20220609_181117\\1654804606986.png, D:\\Projet Test Auto\\Mediabox Test Automation\\Reports\\20220609_181011\\03. Parallel Testing (Testing)\\TS -PT PART 3\\14.06 Dreyers Support Action (Ongoing _ Completed ref) - PART 6\\20220609_181117\\1654804609661.png, D:\\Projet Test Auto\\Mediabox Test Automation\\Reports\\20220609_181011\\03. Parallel Testing (Testing)\\TS -PT PART 3\\14.06 Dreyers Support Action (Ongoing _ Completed ref) - PART 6\\20220609_181117\\1654804612849.png, D:\\Projet Test Auto\\Mediabox Test Automation\\Reports\\20220609_181011\\03. Parallel Testing (Testing)\\TS -PT PART 3\\14.06 Dreyers Support Action (Ongoing _ Completed ref) - PART 6\\20220609_181117\\1654804615944.png, D:\\Projet Test Auto\\Mediabox Test Automation\\Reports\\20220609_181011\\03. Parallel Testing (Testing)\\TS -PT PART 3\\14.06 Dreyers Support Action (Ongoing _ Completed ref) - PART 6\\20220609_181117\\1654804629867.png, D:\\Projet Test Auto\\Mediabox Test Automation\\Reports\\20220609_181011\\03. Parallel Testing (Testing)\\TS -PT PART 3\\14.06 Dreyers Support Action (Ongoing _ Completed ref) - PART 6\\20220609_181117\\1654804677022.png"/>
         <property name="hostName" value="lamhe - DPF-MBI-VERIF.ad.sgsco.int"/>
         <property name="os" value="Windows 10 64bit"/>
         <property name="katalonVersion" value="8.3.0.208"/>
         <property name="browser" value="Chrome 102.0.5005.63"/>
         <property name="hostAddress" value="10.15.10.53"/>
         <property name="sessionId" value="f7eeba2485cba4a055ad98708ca7ac1a"/>
         <property name="seleniumVersion" value="3.141.59"/>
         <property name="proxyInformation" value="ProxyInformation { proxyOption=NO_PROXY, proxyServerType=HTTP, username=, password=********, proxyServerAddress=, proxyServerPort=0, executionList=&quot;&quot;, isApplyToDesiredCapabilities=true }"/>
         <property name="platform" value="Windows 10"/>
      </properties>
      <testcase name="Test Cases/19. Dreyers Support Action (Ongoing ref_completed)/19.34 Dreyers SAS Add Phase (Ongoing ref) S42 - P34" time="650.348" classname="Test Cases/19. Dreyers Support Action (Ongoing ref_completed)/19.34 Dreyers SAS Add Phase (Ongoing ref) S42 - P34" status="PASSED">
         <system-out><![CDATA[2022-06-09 21:15:36 - [TEST_CASE][PASSED] - Test Cases/19. Dreyers Support Action (Ongoing ref_completed)/19.34 Dreyers SAS Add Phase (Ongoing ref) S42 - P34: Test Cases/19. Dreyers Support Action (Ongoing ref_completed)/19.34 Dreyers SAS Add Phase (Ongoing ref) S42 - P34

2022-06-09 21:15:38 - [TEST_STEP][PASSED] - data_Dreyers = findTestData("Data Files/Username_Password/Dreyer"): null

2022-06-09 21:15:38 - [TEST_STEP][PASSED] - password_suser = data_Dreyers.getValue(2, 1): null

2022-06-09 21:15:38 - [TEST_STEP][PASSED] - password_blemco = data_Dreyers.getValue(2, 2): null

2022-06-09 21:15:38 - [TEST_STEP][PASSED] - password_lmary = data_Dreyers.getValue(2, 13): null

2022-06-09 21:15:38 - [TEST_STEP][PASSED] - data_urlRELAUTO = findTestData("Data Files/URL/URL_relauto"): null

2022-06-09 21:15:38 - [TEST_STEP][PASSED] - Url_Dreyer = data_urlRELAUTO.getValue(2, 4): null

2022-06-09 21:15:38 - [TEST_STEP][PASSED] - Project_No = I.readnotepad("D:\Upoad_File\Projet_ Login\Dreyers\19.1\19.1_Dreyers_ProjectNo.txt"): null

2022-06-09 21:15:38 - [TEST_STEP][PASSED] - refID = I.readnotepad("D:\Upoad_File\Projet_ Login\Dreyers\19.1\19.1_Dreyers_refID.txt"): null

2022-06-09 21:15:38 - [TEST_STEP][PASSED] - openBrowser(Url_Dreyer): Browser is opened with url: 'http://mdb-release.diadeis.lan/MediaboxIndependence/?MBI_datasource=RELTESTAUTO_DREYERS'

2022-06-09 21:15:39 - [MESSAGE][INFO] - Starting 'Chrome (headless)' driver

2022-06-09 21:15:39 - [MESSAGE][INFO] - User set preference: ['args', '[--window-size=1920,1080, --headless]']

2022-06-09 21:15:39 - [MESSAGE][INFO] - Action delay is set to 0 milliseconds

2022-06-09 21:15:51 - [MESSAGE][PASSED] - Browser is opened with url: 'http://mdb-release.diadeis.lan/MediaboxIndependence/?MBI_datasource=RELTESTAUTO_DREYERS'

2022-06-09 21:15:51 - [TEST_STEP][PASSED] - maximizeWindow(): Current window maximized

2022-06-09 21:15:51 - [MESSAGE][PASSED] - Current window maximized

2022-06-09 21:15:51 - [TEST_STEP][PASSED] - I.Login_password("suser", password_suser): Object: 'Object Repository/1. Constant/xpath' is clicked on

2022-06-09 21:15:53 - [MESSAGE][PASSED] - Text 'suser' is set on object 'Object Repository/1. Constant/xpath'

2022-06-09 21:15:54 - [MESSAGE][PASSED] - Delayed 1 second(s)

2022-06-09 21:15:55 - [MESSAGE][PASSED] - Text 'diadeis' is set on object 'Object Repository/1. Constant/xpath'

2022-06-09 21:15:56 - [MESSAGE][PASSED] - Delayed 1 second(s)

2022-06-09 21:16:07 - [MESSAGE][PASSED] - Object: 'Object Repository/1. Constant/xpath' is clicked on

2022-06-09 21:16:07 - [TEST_STEP][PASSED] - click(findTestObject("1. Constant/02_LHSMenu_Projects")): Object: 'Object Repository/1. Constant/02_LHSMenu_Projects' is clicked on

2022-06-09 21:16:10 - [MESSAGE][PASSED] - Object: 'Object Repository/1. Constant/02_LHSMenu_Projects' is clicked on

2022-06-09 21:16:10 - [TEST_STEP][PASSED] - I.SearchProjectNo_xpath(Project_No, "//*[@id="keynum_project"]", "//*[@id="form_filters"]/div[4]/button"): Delayed 5 second(s)

2022-06-09 21:16:11 - [MESSAGE][PASSED] - Delayed 1 second(s)

2022-06-09 21:16:11 - [MESSAGE][PASSED] - Text 'MI000876' is set on object 'Object Repository/1. Constant/xpath'

2022-06-09 21:16:14 - [MESSAGE][PASSED] - Delayed 3 second(s)

2022-06-09 21:16:15 - [MESSAGE][PASSED] - Scroll to object 'Object Repository/1. Constant/xpath' successfully

2022-06-09 21:16:21 - [MESSAGE][PASSED] - Object: 'Object Repository/1. Constant/xpath' is clicked on

2022-06-09 21:16:26 - [MESSAGE][PASSED] - Delayed 5 second(s)

2022-06-09 21:16:26 - [TEST_STEP][PASSED] - takeScreenshot(): Taking screenshot successfully

2022-06-09 21:16:27 - [MESSAGE][PASSED] - Taking screenshot successfully
[[ATTACHMENT|D:\\Projet Test Auto\\Mediabox Test Automation\\Reports\\20220609_181011\\03. Parallel Testing (Testing)\\TS -PT PART 3\\14.06 Dreyers Support Action (Ongoing _ Completed ref) - PART 6\\20220609_181117\\1654802186730.png]]

2022-06-09 21:16:27 - [TEST_STEP][PASSED] - click(findTestObject("1. Constant/xpath", ["xpath":"//*[@id="create_ref_btn"]/button"])): Object: 'Object Repository/1. Constant/xpath' is clicked on

2022-06-09 21:16:27 - [MESSAGE][PASSED] - Object: 'Object Repository/1. Constant/xpath' is clicked on

2022-06-09 21:16:27 - [TEST_STEP][PASSED] - delay(1): Delayed 1 second(s)

2022-06-09 21:16:28 - [MESSAGE][PASSED] - Delayed 1 second(s)

2022-06-09 21:16:28 - [TEST_STEP][PASSED] - click(findTestObject("1. Constant/xpath", ["xpath":"//*[@id="create_ref_btn"]/div/a"])): Object: 'Object Repository/1. Constant/xpath' is clicked on

2022-06-09 21:16:31 - [MESSAGE][PASSED] - Object: 'Object Repository/1. Constant/xpath' is clicked on

2022-06-09 21:16:31 - [TEST_STEP][PASSED] - delay(1): Delayed 1 second(s)

2022-06-09 21:16:32 - [MESSAGE][PASSED] - Delayed 1 second(s)

2022-06-09 21:16:32 - [TEST_STEP][PASSED] - selectOptionByValue(findTestObject("1. Constant/xpath", ["xpath":"//*[@id="lfc_tpl"]"]), "36", false): All options with value '36' are selected in object 'Object Repository/1. Constant/xpath' 

2022-06-09 21:16:33 - [MESSAGE][PASSED] - All options with value '36' are selected in object 'Object Repository/1. Constant/xpath' 

2022-06-09 21:16:33 - [TEST_STEP][PASSED] - ref_name = "P34_Auto_SAS_S42_" + RandomStringUtils.randomAlphanumeric(5) + I.gettimedate(): null

2022-06-09 21:16:33 - [TEST_STEP][PASSED] - delay(1): Delayed 1 second(s)

2022-06-09 21:16:34 - [MESSAGE][PASSED] - Delayed 1 second(s)

2022-06-09 21:16:34 - [TEST_STEP][PASSED] - setText(findTestObject("1. Constant/xpath", ["xpath":"//*[@id="var_name"]"]), ref_name): Text 'P34_Auto_SAS_S42_Ecm3Djuin092022_211633' is set on object 'Object Repository/1. Constant/xpath'

2022-06-09 21:16:35 - [MESSAGE][PASSED] - Text 'P34_Auto_SAS_S42_Ecm3Djuin092022_211633' is set on object 'Object Repository/1. Constant/xpath'

2022-06-09 21:16:35 - [TEST_STEP][PASSED] - takeScreenshot(): Taking screenshot successfully

2022-06-09 21:16:35 - [MESSAGE][PASSED] - Taking screenshot successfully
[[ATTACHMENT|D:\\Projet Test Auto\\Mediabox Test Automation\\Reports\\20220609_181011\\03. Parallel Testing (Testing)\\TS -PT PART 3\\14.06 Dreyers Support Action (Ongoing _ Completed ref) - PART 6\\20220609_181117\\1654802195328.png]]

2022-06-09 21:16:35 - [TEST_STEP][PASSED] - click(findTestObject("1. Constant/xpath", ["xpath":"//*[@id="createRefBottom"]"])): Object: 'Object Repository/1. Constant/xpath' is clicked on

2022-06-09 21:16:43 - [MESSAGE][PASSED] - Object: 'Object Repository/1. Constant/xpath' is clicked on

2022-06-09 21:16:43 - [TEST_STEP][PASSED] - delay(1): Delayed 1 second(s)

2022-06-09 21:16:44 - [MESSAGE][PASSED] - Delayed 1 second(s)

2022-06-09 21:16:44 - [TEST_STEP][PASSED] - takeScreenshot(): Taking screenshot successfully

2022-06-09 21:16:45 - [MESSAGE][PASSED] - Taking screenshot successfully
[[ATTACHMENT|D:\\Projet Test Auto\\Mediabox Test Automation\\Reports\\20220609_181011\\03. Parallel Testing (Testing)\\TS -PT PART 3\\14.06 Dreyers Support Action (Ongoing _ Completed ref) - PART 6\\20220609_181117\\1654802204651.png]]

2022-06-09 21:16:45 - [TEST_STEP][PASSED] - refID34 = I.RefID(): Current window's url is: 'http://mdb-release.diadeis.lan/MediaboxIndependence/Base/ExecAction?IDSession=MBI%21RELTESTAUTO_DREYERS%21Q6YIT17RP0HKEX5BOX7XYL8DMUG2YJFVRX53XERB&default_action=ModifierRef&id_project=MI000876&id_ref=5289&action_from=create_ref'

2022-06-09 21:16:50 - [MESSAGE][PASSED] - Delayed 5 second(s)

2022-06-09 21:16:50 - [MESSAGE][PASSED] - Current window's url is: 'http://mdb-release.diadeis.lan/MediaboxIndependence/Base/ExecAction?IDSession=MBI%21RELTESTAUTO_DREYERS%21Q6YIT17RP0HKEX5BOX7XYL8DMUG2YJFVRX53XERB&default_action=ModifierRef&id_project=MI000876&id_ref=5289&action_from=create_ref'

2022-06-09 21:16:50 - [TEST_STEP][PASSED] - I.print("refID" + refID34): null

2022-06-09 21:16:50 - [TEST_STEP][PASSED] - click(findTestObject("1. Constant/xpath", ["xpath":"//*[@id="type_save"]"])): Object: 'Object Repository/1. Constant/xpath' is clicked on

2022-06-09 21:16:59 - [MESSAGE][PASSED] - Object: 'Object Repository/1. Constant/xpath' is clicked on

2022-06-09 21:16:59 - [TEST_STEP][PASSED] - takeScreenshot(): Taking screenshot successfully

2022-06-09 21:16:59 - [MESSAGE][PASSED] - Taking screenshot successfully
[[ATTACHMENT|D:\\Projet Test Auto\\Mediabox Test Automation\\Reports\\20220609_181011\\03. Parallel Testing (Testing)\\TS -PT PART 3\\14.06 Dreyers Support Action (Ongoing _ Completed ref) - PART 6\\20220609_181117\\1654802219285.png]]

2022-06-09 21:16:59 - [TEST_STEP][PASSED] - delay(1): Delayed 1 second(s)

2022-06-09 21:17:00 - [MESSAGE][PASSED] - Delayed 1 second(s)

2022-06-09 21:17:00 - [TEST_STEP][PASSED] - I.SearchRefNo_xpath("P34_Auto", "//*[@id="fiche_filter_keywords11"]", "//*[@id="form_filters"]/div[3]/button"): Delayed 5 second(s)

2022-06-09 21:17:01 - [MESSAGE][PASSED] - Delayed 1 second(s)

2022-06-09 21:17:02 - [MESSAGE][PASSED] - Text 'P34_Auto' is set on object 'Object Repository/1. Constant/xpath'

2022-06-09 21:17:05 - [MESSAGE][PASSED] - Delayed 3 second(s)

2022-06-09 21:17:05 - [MESSAGE][PASSED] - Scroll to object 'Object Repository/1. Constant/xpath' successfully

2022-06-09 21:17:07 - [MESSAGE][PASSED] - Object: 'Object Repository/1. Constant/xpath' is clicked on

2022-06-09 21:17:12 - [MESSAGE][PASSED] - Delayed 5 second(s)

2022-06-09 21:17:12 - [TEST_STEP][PASSED] - click(findTestObject("1. Constant/xpath", ["xpath":"//*[@id="source_" + refID34 + ""]/td[14]/a[3]"])): Object: 'Object Repository/1. Constant/xpath' is clicked on

2022-06-09 21:17:14 - [MESSAGE][PASSED] - Object: 'Object Repository/1. Constant/xpath' is clicked on

2022-06-09 21:17:14 - [TEST_STEP][PASSED] - click(findTestObject("1. Constant/xpath", ["xpath":"//*[@id="ModifFiche"]/div[1]/div/button[2]"])): Object: 'Object Repository/1. Constant/xpath' is clicked on

2022-06-09 21:17:24 - [MESSAGE][PASSED] - Object: 'Object Repository/1. Constant/xpath' is clicked on

2022-06-09 21:17:24 - [TEST_STEP][PASSED] - takeScreenshot(): Taking screenshot successfully

2022-06-09 21:17:24 - [MESSAGE][PASSED] - Taking screenshot successfully
[[ATTACHMENT|D:\\Projet Test Auto\\Mediabox Test Automation\\Reports\\20220609_181011\\03. Parallel Testing (Testing)\\TS -PT PART 3\\14.06 Dreyers Support Action (Ongoing _ Completed ref) - PART 6\\20220609_181117\\1654802244285.png]]

2022-06-09 21:17:24 - [TEST_STEP][PASSED] - delay(1): Delayed 1 second(s)

2022-06-09 21:17:25 - [MESSAGE][PASSED] - Delayed 1 second(s)

2022-06-09 21:17:25 - [TEST_STEP][PASSED] - click(findTestObject("1. Constant/xpath", ["xpath":"//*[@id="source_" + refID34 + ""]/td[14]/a[3]"])): Object: 'Object Repository/1. Constant/xpath' is clicked on

2022-06-09 21:17:27 - [MESSAGE][PASSED] - Object: 'Object Repository/1. Constant/xpath' is clicked on

2022-06-09 21:17:27 - [TEST_STEP][PASSED] - click(findTestObject("1. Constant/xpath", ["xpath":"//*[@id="ModifFiche"]/div[1]/div/button[2]"])): Object: 'Object Repository/1. Constant/xpath' is clicked on

2022-06-09 21:17:32 - [MESSAGE][PASSED] - Object: 'Object Repository/1. Constant/xpath' is clicked on

2022-06-09 21:17:32 - [TEST_STEP][PASSED] - takeScreenshot(): Taking screenshot successfully

2022-06-09 21:17:32 - [MESSAGE][PASSED] - Taking screenshot successfully
[[ATTACHMENT|D:\\Projet Test Auto\\Mediabox Test Automation\\Reports\\20220609_181011\\03. Parallel Testing (Testing)\\TS -PT PART 3\\14.06 Dreyers Support Action (Ongoing _ Completed ref) - PART 6\\20220609_181117\\1654802252304.png]]

2022-06-09 21:17:32 - [TEST_STEP][PASSED] - delay(1): Delayed 1 second(s)

2022-06-09 21:17:33 - [MESSAGE][PASSED] - Delayed 1 second(s)

2022-06-09 21:17:33 - [TEST_STEP][PASSED] - color1 = getCSSValue(findTestObject("1. Constant/xpath", ["xpath":"//*[@id="source_" + refID34 + ""]/td[14]/a[2]"]), "color", OPTIONAL): Get CSS 'color' value on 'Object Repository/1. Constant/xpath' successfully: 'rgba(255, 255, 255, 1)'.

2022-06-09 21:17:34 - [MESSAGE][PASSED] - Get CSS 'color' value on 'Object Repository/1. Constant/xpath' successfully: 'rgba(255, 255, 255, 1)'.

2022-06-09 21:17:34 - [TEST_STEP][PASSED] - I.print(color1): null

2022-06-09 21:17:34 - [TEST_STEP][PASSED] - while (color1 == "rgba(255, 255, 255, 1)"): Get CSS 'color' value on 'Object Repository/1. Constant/xpath' successfully: 'rgba(54, 153, 255, 1)'.

2022-06-09 21:17:34 - [TEST_STEP][PASSED] - click(findTestObject("1. Constant/xpath", ["xpath":"//*[@id="source_" + refID34 + ""]/td[14]/a[2]"])): Object: 'Object Repository/1. Constant/xpath' is clicked on

2022-06-09 21:17:39 - [MESSAGE][PASSED] - Object: 'Object Repository/1. Constant/xpath' is clicked on

2022-06-09 21:17:39 - [TEST_STEP][PASSED] - I.UploadDoc_sendkey_Prod(findTestObject("1. Constant/xpath", ["xpath":"//*[@id="kt_body"]/input[2]"]), "D:\Upoad_File\Upload doc\testdata1.pdf", "testdata1"): Delayed 5 second(s)

2022-06-09 21:17:40 - [MESSAGE][PASSED] - Scroll to object 'Object Repository/1. Constant/xpath' successfully

2022-06-09 21:17:45 - [MESSAGE][PASSED] - Delayed 5 second(s)

2022-06-09 21:17:45 - [MESSAGE][PASSED] - File 'D:\Upoad_File\Upload doc\testdata1.pdf' sent to object: 'Object Repository/1. Constant/xpath'

2022-06-09 21:17:50 - [MESSAGE][PASSED] - Delayed 5 second(s)

2022-06-09 21:17:51 - [MESSAGE][PASSED] - Text 'testdata1' is present on page 

2022-06-09 21:17:56 - [MESSAGE][PASSED] - Delayed 5 second(s)

2022-06-09 21:18:01 - [MESSAGE][PASSED] - Delayed 5 second(s)

2022-06-09 21:18:01 - [TEST_STEP][PASSED] - takeScreenshot(): Taking screenshot successfully

2022-06-09 21:18:02 - [MESSAGE][PASSED] - Taking screenshot successfully
[[ATTACHMENT|D:\\Projet Test Auto\\Mediabox Test Automation\\Reports\\20220609_181011\\03. Parallel Testing (Testing)\\TS -PT PART 3\\14.06 Dreyers Support Action (Ongoing _ Completed ref) - PART 6\\20220609_181117\\1654802281790.png]]

2022-06-09 21:18:02 - [TEST_STEP][PASSED] - delay(10): Delayed 10 second(s)

2022-06-09 21:18:12 - [MESSAGE][PASSED] - Delayed 10 second(s)

2022-06-09 21:18:12 - [TEST_STEP][PASSED] - click(findTestObject("HL Full Lifecycle/12 ReferncePage_Button_Updatensenddoc")): Object: 'Object Repository/HL Full Lifecycle/12 ReferncePage_Button_Updatensenddoc' is clicked on

2022-06-09 21:18:16 - [MESSAGE][PASSED] - Object: 'Object Repository/HL Full Lifecycle/12 ReferncePage_Button_Updatensenddoc' is clicked on

2022-06-09 21:18:16 - [TEST_STEP][PASSED] - delay(5): Delayed 5 second(s)

2022-06-09 21:18:21 - [MESSAGE][PASSED] - Delayed 5 second(s)

2022-06-09 21:18:21 - [TEST_STEP][PASSED] - color1 = getCSSValue(findTestObject("1. Constant/xpath", ["xpath":"//*[@id="source_" + refID34 + ""]/td[14]/a[2]"]), "color", OPTIONAL): Get CSS 'color' value on 'Object Repository/1. Constant/xpath' successfully: 'rgba(54, 153, 255, 1)'.

2022-06-09 21:18:21 - [MESSAGE][PASSED] - Get CSS 'color' value on 'Object Repository/1. Constant/xpath' successfully: 'rgba(54, 153, 255, 1)'.

2022-06-09 21:18:21 - [TEST_STEP][PASSED] - takeScreenshot(): Taking screenshot successfully

2022-06-09 21:18:22 - [MESSAGE][PASSED] - Taking screenshot successfully
[[ATTACHMENT|D:\\Projet Test Auto\\Mediabox Test Automation\\Reports\\20220609_181011\\03. Parallel Testing (Testing)\\TS -PT PART 3\\14.06 Dreyers Support Action (Ongoing _ Completed ref) - PART 6\\20220609_181117\\1654802301926.png]]

2022-06-09 21:18:22 - [TEST_STEP][PASSED] - click(findTestObject("1. Constant/xpath", ["xpath":"//*[@id="source_" + refID34 + ""]/td[6]/a"])): Object: 'Object Repository/1. Constant/xpath' is clicked on

2022-06-09 21:18:28 - [MESSAGE][PASSED] - Object: 'Object Repository/1. Constant/xpath' is clicked on

2022-06-09 21:18:28 - [TEST_STEP][PASSED] - takeScreenshot(): Taking screenshot successfully

2022-06-09 21:18:28 - [MESSAGE][PASSED] - Taking screenshot successfully
[[ATTACHMENT|D:\\Projet Test Auto\\Mediabox Test Automation\\Reports\\20220609_181011\\03. Parallel Testing (Testing)\\TS -PT PART 3\\14.06 Dreyers Support Action (Ongoing _ Completed ref) - PART 6\\20220609_181117\\1654802308728.png]]

2022-06-09 21:18:28 - [TEST_STEP][PASSED] - delay(1): Delayed 1 second(s)

2022-06-09 21:18:29 - [MESSAGE][PASSED] - Delayed 1 second(s)

2022-06-09 21:18:29 - [TEST_STEP][PASSED] - I.Approveforothers("/html/body/div[1]/div[2]/div[8]/div[3]/div/div[3]/div[2]/div/div[3]/div/div[2]/div[1]/div/div[2]/div/div[2]/div[2]/div/div/div[1]/img", "/html/body/div[1]/div[2]/div[8]/div[3]/div/div[3]/div[2]/div/div[3]/div/div[2]/div[1]/div/div[2]/div/div[2]/div[2]/div/div/div[6]/a[2]/span"): Object: 'Object Repository/1. Constant/xpath' is clicked on

2022-06-09 21:18:31 - [MESSAGE][PASSED] - Object: 'Object Repository/1. Constant/xpath' is clicked on

2022-06-09 21:18:32 - [MESSAGE][PASSED] - Delayed 1 second(s)

2022-06-09 21:18:33 - [MESSAGE][PASSED] - Object: 'Object Repository/1. Constant/xpath' is clicked on

2022-06-09 21:18:34 - [MESSAGE][PASSED] - Delayed 1 second(s)

2022-06-09 21:18:35 - [MESSAGE][PASSED] - Object: 'Object Repository/1. Constant/xpath' is hovered

2022-06-09 21:18:36 - [MESSAGE][PASSED] - Object: 'Object Repository/1. Constant/xpath' is clicked on

2022-06-09 21:18:37 - [MESSAGE][PASSED] - Delayed 1 second(s)

2022-06-09 21:18:47 - [MESSAGE][PASSED] - Object: 'Object Repository/1. Constant/xpath' is clicked on

2022-06-09 21:18:47 - [TEST_STEP][PASSED] - delay(1): Delayed 1 second(s)

2022-06-09 21:18:48 - [MESSAGE][PASSED] - Delayed 1 second(s)

2022-06-09 21:18:48 - [TEST_STEP][PASSED] - click(findTestObject("1. Constant/xpath", ["xpath":"//*[@id="kt_subheader"]/div/nav/ol/li[2]/a"])): Object: 'Object Repository/1. Constant/xpath' is clicked on

2022-06-09 21:18:52 - [MESSAGE][PASSED] - Object: 'Object Repository/1. Constant/xpath' is clicked on

2022-06-09 21:18:52 - [TEST_STEP][PASSED] - delay(1): Delayed 1 second(s)

2022-06-09 21:18:53 - [MESSAGE][PASSED] - Delayed 1 second(s)

2022-06-09 21:18:53 - [TEST_STEP][PASSED] - I.submitquesiton_ref(findTestObject("1. Constant/xpath", ["xpath":"//*[@id="source_" + refID34 + ""]/td[14]/div[1]/button"]), findTestObject("1. Constant/xpath", ["xpath":"//*[@id="source_" + refID34 + ""]/td[14]/div[1]/div/a[1]"])): Object: 'Object Repository/1. Constant/xpath' is clicked on

2022-06-09 21:18:54 - [MESSAGE][PASSED] - Object: 'Object Repository/1. Constant/xpath' is clicked on

2022-06-09 21:18:57 - [MESSAGE][PASSED] - Delayed 3 second(s)

2022-06-09 21:18:58 - [MESSAGE][PASSED] - Object: 'Object Repository/1. Constant/xpath' is clicked on

2022-06-09 21:18:58 - [TEST_STEP][PASSED] - click(findTestObject("1. Constant/xpath", ["xpath":"//*[@id="ModifFiche"]/div[1]/div/button[2]"])): Object: 'Object Repository/1. Constant/xpath' is clicked on

2022-06-09 21:19:02 - [MESSAGE][PASSED] - Object: 'Object Repository/1. Constant/xpath' is clicked on

2022-06-09 21:19:02 - [TEST_STEP][PASSED] - takeScreenshot(): Taking screenshot successfully

2022-06-09 21:19:02 - [MESSAGE][PASSED] - Taking screenshot successfully
[[ATTACHMENT|D:\\Projet Test Auto\\Mediabox Test Automation\\Reports\\20220609_181011\\03. Parallel Testing (Testing)\\TS -PT PART 3\\14.06 Dreyers Support Action (Ongoing _ Completed ref) - PART 6\\20220609_181117\\1654802342467.png]]

2022-06-09 21:19:02 - [TEST_STEP][PASSED] - I.submitquesiton_ref(findTestObject("1. Constant/xpath", ["xpath":"//*[@id="source_" + refID34 + ""]/td[14]/div[1]/button"]), findTestObject("1. Constant/xpath", ["xpath":"//*[@id="source_" + refID34 + ""]/td[14]/div[1]/div/a[1]"])): Object: 'Object Repository/1. Constant/xpath' is clicked on

2022-06-09 21:19:03 - [MESSAGE][PASSED] - Object: 'Object Repository/1. Constant/xpath' is clicked on

2022-06-09 21:19:06 - [MESSAGE][PASSED] - Delayed 3 second(s)

2022-06-09 21:19:08 - [MESSAGE][PASSED] - Object: 'Object Repository/1. Constant/xpath' is clicked on

2022-06-09 21:19:08 - [TEST_STEP][PASSED] - click(findTestObject("1. Constant/xpath", ["xpath":"//*[@id="ModifFiche"]/div[1]/div/button[2]"])): Object: 'Object Repository/1. Constant/xpath' is clicked on

2022-06-09 21:19:18 - [MESSAGE][PASSED] - Object: 'Object Repository/1. Constant/xpath' is clicked on

2022-06-09 21:19:18 - [TEST_STEP][PASSED] - takeScreenshot(): Taking screenshot successfully

2022-06-09 21:19:18 - [MESSAGE][PASSED] - Taking screenshot successfully
[[ATTACHMENT|D:\\Projet Test Auto\\Mediabox Test Automation\\Reports\\20220609_181011\\03. Parallel Testing (Testing)\\TS -PT PART 3\\14.06 Dreyers Support Action (Ongoing _ Completed ref) - PART 6\\20220609_181117\\1654802358259.png]]

2022-06-09 21:19:18 - [TEST_STEP][PASSED] - click(findTestObject("1. Constant/xpath", ["xpath":"//*[@id="source_" + refID34 + ""]/td[6]/a"])): Object: 'Object Repository/1. Constant/xpath' is clicked on

2022-06-09 21:19:20 - [MESSAGE][PASSED] - Object: 'Object Repository/1. Constant/xpath' is clicked on

2022-06-09 21:19:20 - [TEST_STEP][PASSED] - click(findTestObject("1. Constant/xpath", ["xpath":"//*[@id="kt_content"]/div[3]/div/ul/li[3]/a"])): Object: 'Object Repository/1. Constant/xpath' is clicked on

2022-06-09 21:19:23 - [MESSAGE][PASSED] - Object: 'Object Repository/1. Constant/xpath' is clicked on

2022-06-09 21:19:23 - [TEST_STEP][PASSED] - takeScreenshot(): Taking screenshot successfully

2022-06-09 21:19:23 - [MESSAGE][PASSED] - Taking screenshot successfully
[[ATTACHMENT|D:\\Projet Test Auto\\Mediabox Test Automation\\Reports\\20220609_181011\\03. Parallel Testing (Testing)\\TS -PT PART 3\\14.06 Dreyers Support Action (Ongoing _ Completed ref) - PART 6\\20220609_181117\\1654802363585.png]]

2022-06-09 21:19:23 - [TEST_STEP][PASSED] - click(findTestObject("1. Constant/xpath", ["xpath":"/html/body/div[1]/div[2]/div[8]/div[3]/div/div[3]/div[3]/div/div/div[3]/div/div[3]/div/div[1]/div[2]/div/a[4]"])): Object: 'Object Repository/1. Constant/xpath' is clicked on

2022-06-09 21:19:24 - [MESSAGE][PASSED] - Object: 'Object Repository/1. Constant/xpath' is clicked on

2022-06-09 21:19:24 - [TEST_STEP][PASSED] - delay(1): Delayed 1 second(s)

2022-06-09 21:19:25 - [MESSAGE][PASSED] - Delayed 1 second(s)

2022-06-09 21:19:25 - [TEST_STEP][PASSED] - takeScreenshot(): Taking screenshot successfully

2022-06-09 21:19:25 - [MESSAGE][PASSED] - Taking screenshot successfully
[[ATTACHMENT|D:\\Projet Test Auto\\Mediabox Test Automation\\Reports\\20220609_181011\\03. Parallel Testing (Testing)\\TS -PT PART 3\\14.06 Dreyers Support Action (Ongoing _ Completed ref) - PART 6\\20220609_181117\\1654802365267.png]]

2022-06-09 21:19:25 - [TEST_STEP][PASSED] - delay(1): Delayed 1 second(s)

2022-06-09 21:19:26 - [MESSAGE][PASSED] - Delayed 1 second(s)

2022-06-09 21:19:26 - [TEST_STEP][PASSED] - takeScreenshot(): Taking screenshot successfully

2022-06-09 21:19:27 - [MESSAGE][PASSED] - Taking screenshot successfully
[[ATTACHMENT|D:\\Projet Test Auto\\Mediabox Test Automation\\Reports\\20220609_181011\\03. Parallel Testing (Testing)\\TS -PT PART 3\\14.06 Dreyers Support Action (Ongoing _ Completed ref) - PART 6\\20220609_181117\\1654802367037.png]]

2022-06-09 21:19:27 - [TEST_STEP][PASSED] - click(findTestObject("1. Constant/xpath", ["xpath":"//*[@id="confirmSupportActionShortcut"]"])): Object: 'Object Repository/1. Constant/xpath' is clicked on

2022-06-09 21:19:34 - [MESSAGE][PASSED] - Object: 'Object Repository/1. Constant/xpath' is clicked on

2022-06-09 21:19:34 - [TEST_STEP][PASSED] - takeScreenshot(): Taking screenshot successfully

2022-06-09 21:19:35 - [MESSAGE][PASSED] - Taking screenshot successfully
[[ATTACHMENT|D:\\Projet Test Auto\\Mediabox Test Automation\\Reports\\20220609_181011\\03. Parallel Testing (Testing)\\TS -PT PART 3\\14.06 Dreyers Support Action (Ongoing _ Completed ref) - PART 6\\20220609_181117\\1654802374544.png]]

2022-06-09 21:19:35 - [TEST_STEP][PASSED] - click(findTestObject("1. Constant/xpath", ["xpath":"//*[@id="kt_content"]/div[3]/div/ul/li[3]/a"])): Object: 'Object Repository/1. Constant/xpath' is clicked on

2022-06-09 21:19:38 - [MESSAGE][PASSED] - Object: 'Object Repository/1. Constant/xpath' is clicked on

2022-06-09 21:19:38 - [TEST_STEP][PASSED] - takeScreenshot(): Taking screenshot successfully

2022-06-09 21:19:38 - [MESSAGE][PASSED] - Taking screenshot successfully
[[ATTACHMENT|D:\\Projet Test Auto\\Mediabox Test Automation\\Reports\\20220609_181011\\03. Parallel Testing (Testing)\\TS -PT PART 3\\14.06 Dreyers Support Action (Ongoing _ Completed ref) - PART 6\\20220609_181117\\1654802378092.png]]

2022-06-09 21:19:38 - [TEST_STEP][PASSED] - StepC_1 = getAttribute(findTestObject("1. Constant/xpath", ["xpath":"/html/body/div[1]/div[2]/div[8]/div[3]/div/div[3]/div[3]/div/ul/li[3]/a"]), "class"): Attribute 'class' of object 'Object Repository/1. Constant/xpath' is: 'nav-link timeline-badge badge-xl  bg-pending active'

2022-06-09 21:19:39 - [MESSAGE][PASSED] - Attribute 'class' of object 'Object Repository/1. Constant/xpath' is: 'nav-link timeline-badge badge-xl  bg-pending active'

2022-06-09 21:19:39 - [TEST_STEP][PASSED] - verifyMatch(StepC_1, "nav-link timeline-badge badge-xl  bg-pending active", false): Actual text 'nav-link timeline-badge badge-xl  bg-pending active' and expected text 'nav-link timeline-badge badge-xl  bg-pending active' are matched 

2022-06-09 21:19:39 - [MESSAGE][PASSED] - Actual text 'nav-link timeline-badge badge-xl  bg-pending active' and expected text 'nav-link timeline-badge badge-xl  bg-pending active' are matched 

2022-06-09 21:19:39 - [TEST_STEP][PASSED] - StepC_11 = I.Get_Stepname("/html/body/div[1]/div[2]/div[8]/div[3]/div/div[3]/div[3]/div/ul/li[3]/a"): Attribute 'href' of object 'Object Repository/1. Constant/xpath' is: 'http://mdb-release.diadeis.lan/MediaboxIndependence/Base/ExecAction?action=VoirRef&IDSession=MBI!RELTESTAUTO_DREYERS!Q6YIT17RP0HKEX5BOX7XYL8DMUG2YJFVRX53XERB&num=WS6CJJWFA7&id_ref=5289#tab_lifecycle_SASStepC_12235'

2022-06-09 21:19:44 - [MESSAGE][PASSED] - Delayed 5 second(s)

2022-06-09 21:19:45 - [MESSAGE][PASSED] - Attribute 'href' of object 'Object Repository/1. Constant/xpath' is: 'http://mdb-release.diadeis.lan/MediaboxIndependence/Base/ExecAction?action=VoirRef&IDSession=MBI!RELTESTAUTO_DREYERS!Q6YIT17RP0HKEX5BOX7XYL8DMUG2YJFVRX53XERB&num=WS6CJJWFA7&id_ref=5289#tab_lifecycle_SASStepC_12235'

2022-06-09 21:19:45 - [TEST_STEP][PASSED] - verifyMatch(StepC_11, "SASStepC", false): Actual text 'SASStepC' and expected text 'SASStepC' are matched 

2022-06-09 21:19:45 - [MESSAGE][PASSED] - Actual text 'SASStepC' and expected text 'SASStepC' are matched 

2022-06-09 21:19:45 - [TEST_STEP][PASSED] - Name_Phase35 = getText(findTestObject("1. Constant/xpath", ["xpath":"/html/body/div[1]/div[2]/div[8]/div[3]/div/div[3]/div[3]/div/div/div[3]/div/div[5]/div/div[1]/div[1]/h3"])): Text of object 'Object Repository/1. Constant/xpath' is: 'Phase 3.5[Prod]'

2022-06-09 21:19:45 - [MESSAGE][PASSED] - Text of object 'Object Repository/1. Constant/xpath' is: 'Phase 3.5[Prod]'

2022-06-09 21:19:45 - [TEST_STEP][PASSED] - verifyMatch(Name_Phase35, "Phase 3.5[Prod]", false): Actual text 'Phase 3.5[Prod]' and expected text 'Phase 3.5[Prod]' are matched 

2022-06-09 21:19:45 - [MESSAGE][PASSED] - Actual text 'Phase 3.5[Prod]' and expected text 'Phase 3.5[Prod]' are matched 

2022-06-09 21:19:45 - [TEST_STEP][PASSED] - Started_StepCP35_1 = getText(findTestObject("1. Constant/xpath", ["xpath":"/html/body/div[1]/div[2]/div[8]/div[3]/div/div[3]/div[3]/div/div/div[3]/div/div[5]/div/div[2]/div[1]"])): Text of object 'Object Repository/1. Constant/xpath' is: 'Started 06/09/22 03:19 PM'

2022-06-09 21:19:45 - [MESSAGE][PASSED] - Text of object 'Object Repository/1. Constant/xpath' is: 'Started 06/09/22 03:19 PM'

2022-06-09 21:19:45 - [TEST_STEP][PASSED] - if (Started_StepCP35_1.contains("Started")): Actual object '1' and expected object '1' are equal

2022-06-09 21:19:45 - [TEST_STEP][PASSED] - verifyEqual(1, 1): Actual object '1' and expected object '1' are equal

2022-06-09 21:19:45 - [MESSAGE][PASSED] - Actual object '1' and expected object '1' are equal

2022-06-09 21:19:45 - [TEST_STEP][PASSED] - Added_StepCP35_1 = getText(findTestObject("1. Constant/xpath", ["xpath":"/html/body/div[1]/div[2]/div[8]/div[3]/div/div[3]/div[3]/div/div/div[3]/div/div[5]/div/div[2]/h6"])): Text of object 'Object Repository/1. Constant/xpath' is: 'Added manually 06/09/22 03:19 PM By s user'

2022-06-09 21:19:45 - [MESSAGE][PASSED] - Text of object 'Object Repository/1. Constant/xpath' is: 'Added manually 06/09/22 03:19 PM By s user'

2022-06-09 21:19:45 - [TEST_STEP][PASSED] - if (Added_StepCP35_1.contains("Added manually")): Actual object '1' and expected object '1' are equal

2022-06-09 21:19:45 - [TEST_STEP][PASSED] - verifyEqual(1, 1): Actual object '1' and expected object '1' are equal

2022-06-09 21:19:45 - [MESSAGE][PASSED] - Actual object '1' and expected object '1' are equal

2022-06-09 21:19:45 - [TEST_STEP][PASSED] - Name_Phase35_1 = getText(findTestObject("1. Constant/xpath", ["xpath":"/html/body/div[1]/div[2]/div[8]/div[3]/div/div[3]/div[3]/div/div/div[3]/div/div[6]/div/div[1]/div[1]/h3"])): Text of object 'Object Repository/1. Constant/xpath' is: 'Phase 3.5[Prod]'

2022-06-09 21:19:45 - [MESSAGE][PASSED] - Text of object 'Object Repository/1. Constant/xpath' is: 'Phase 3.5[Prod]'

2022-06-09 21:19:45 - [TEST_STEP][PASSED] - verifyMatch(Name_Phase35_1, "Phase 3.5[Prod]", false): Actual text 'Phase 3.5[Prod]' and expected text 'Phase 3.5[Prod]' are matched 

2022-06-09 21:19:45 - [MESSAGE][PASSED] - Actual text 'Phase 3.5[Prod]' and expected text 'Phase 3.5[Prod]' are matched 

2022-06-09 21:19:45 - [TEST_STEP][PASSED] - verifyElementNotPresent(findTestObject("1. Constant/xpath", ["xpath":"/html/body/div[1]/div[2]/div[8]/div[3]/div/div[3]/div[3]/div/div/div[3]/div/div[7]"]), 10): Web element with id: 'Object Repository/1. Constant/xpath' located by 'By.xpath: /html/body/div[1]/div[2]/div[8]/div[3]/div/div[3]/div[3]/div/div/div[3]/div/div[7]' is not present after '10' second(s)

2022-06-09 21:19:46 - [MESSAGE][PASSED] - Web element with id: 'Object Repository/1. Constant/xpath' located by 'By.xpath: /html/body/div[1]/div[2]/div[8]/div[3]/div/div[3]/div[3]/div/div/div[3]/div/div[7]' is not present after '10' second(s)

2022-06-09 21:19:46 - [TEST_STEP][PASSED] - verifyElementNotPresent(findTestObject("1. Constant/xpath", ["xpath":"/html/body/div[1]/div[2]/div[8]/div[3]/div/div[3]/div[3]/div/ul/li[4]/a"]), 10): Web element with id: 'Object Repository/1. Constant/xpath' located by 'By.xpath: /html/body/div[1]/div[2]/div[8]/div[3]/div/div[3]/div[3]/div/ul/li[4]/a' is not present after '10' second(s)

2022-06-09 21:19:46 - [MESSAGE][PASSED] - Web element with id: 'Object Repository/1. Constant/xpath' located by 'By.xpath: /html/body/div[1]/div[2]/div[8]/div[3]/div/div[3]/div[3]/div/ul/li[4]/a' is not present after '10' second(s)

2022-06-09 21:19:46 - [TEST_STEP][PASSED] - click(findTestObject("1. Constant/xpath", ["xpath":"/html/body/div[1]/div[2]/div[8]/div[2]/div/nav/ol/li[2]/a"])): Object: 'Object Repository/1. Constant/xpath' is clicked on

2022-06-09 21:19:54 - [MESSAGE][PASSED] - Object: 'Object Repository/1. Constant/xpath' is clicked on

2022-06-09 21:19:54 - [TEST_STEP][PASSED] - Lifecycle_Status1 = getText(findTestObject("1. Constant/xpath", ["xpath":"//*[@id="source_" + refID34 + ""]/td[11]/span[1]"])): Text of object 'Object Repository/1. Constant/xpath' is: 'Phase 3.5[Prod]'

2022-06-09 21:19:54 - [MESSAGE][PASSED] - Text of object 'Object Repository/1. Constant/xpath' is: 'Phase 3.5[Prod]'

2022-06-09 21:19:54 - [TEST_STEP][PASSED] - verifyMatch(Lifecycle_Status1, "Phase 3.5[Prod]", false): Actual text 'Phase 3.5[Prod]' and expected text 'Phase 3.5[Prod]' are matched 

2022-06-09 21:19:54 - [MESSAGE][PASSED] - Actual text 'Phase 3.5[Prod]' and expected text 'Phase 3.5[Prod]' are matched 

2022-06-09 21:19:54 - [TEST_STEP][PASSED] - I.Logout(): Delayed 3 second(s)

2022-06-09 21:19:57 - [MESSAGE][PASSED] - Delayed 3 second(s)

2022-06-09 21:19:57 - [MESSAGE][PASSED] - Object: 'Object Repository/1. Constant/xpath' is clicked on

2022-06-09 21:20:00 - [MESSAGE][PASSED] - Delayed 3 second(s)

2022-06-09 21:20:02 - [MESSAGE][PASSED] - Object: 'Object Repository/1. Constant/xpath' is clicked on

2022-06-09 21:20:05 - [MESSAGE][PASSED] - Delayed 3 second(s)

2022-06-09 21:20:05 - [TEST_STEP][PASSED] - I.Login_password("lmary", password_lmary): Object: 'Object Repository/1. Constant/xpath' is clicked on

2022-06-09 21:20:05 - [MESSAGE][PASSED] - Text 'lmary' is set on object 'Object Repository/1. Constant/xpath'

2022-06-09 21:20:06 - [MESSAGE][PASSED] - Delayed 1 second(s)

2022-06-09 21:20:06 - [MESSAGE][PASSED] - Text 'diadeis' is set on object 'Object Repository/1. Constant/xpath'

2022-06-09 21:20:07 - [MESSAGE][PASSED] - Delayed 1 second(s)

2022-06-09 21:20:10 - [MESSAGE][PASSED] - Object: 'Object Repository/1. Constant/xpath' is clicked on

2022-06-09 21:20:10 - [TEST_STEP][PASSED] - click(findTestObject("1. Constant/02_LHSMenu_Projects")): Object: 'Object Repository/1. Constant/02_LHSMenu_Projects' is clicked on

2022-06-09 21:20:13 - [MESSAGE][PASSED] - Object: 'Object Repository/1. Constant/02_LHSMenu_Projects' is clicked on

2022-06-09 21:20:13 - [TEST_STEP][PASSED] - I.SearchProjectNo_xpath(Project_No, "//*[@id="keynum_project"]", "//*[@id="form_filters"]/div[4]/button"): Delayed 5 second(s)

2022-06-09 21:20:14 - [MESSAGE][PASSED] - Delayed 1 second(s)

2022-06-09 21:20:14 - [MESSAGE][PASSED] - Text 'MI000876' is set on object 'Object Repository/1. Constant/xpath'

2022-06-09 21:20:17 - [MESSAGE][PASSED] - Delayed 3 second(s)

2022-06-09 21:20:17 - [MESSAGE][PASSED] - Scroll to object 'Object Repository/1. Constant/xpath' successfully

2022-06-09 21:20:20 - [MESSAGE][PASSED] - Object: 'Object Repository/1. Constant/xpath' is clicked on

2022-06-09 21:20:25 - [MESSAGE][PASSED] - Delayed 5 second(s)

2022-06-09 21:20:25 - [TEST_STEP][PASSED] - I.SearchRefNo_xpath("P34_Auto", "//*[@id="fiche_filter_keywords11"]", "//*[@id="form_filters"]/div[3]/button"): Delayed 5 second(s)

2022-06-09 21:20:26 - [MESSAGE][PASSED] - Delayed 1 second(s)

2022-06-09 21:20:27 - [MESSAGE][PASSED] - Text 'P34_Auto' is set on object 'Object Repository/1. Constant/xpath'

2022-06-09 21:20:30 - [MESSAGE][PASSED] - Delayed 3 second(s)

2022-06-09 21:20:30 - [MESSAGE][PASSED] - Scroll to object 'Object Repository/1. Constant/xpath' successfully

2022-06-09 21:20:32 - [MESSAGE][PASSED] - Object: 'Object Repository/1. Constant/xpath' is clicked on

2022-06-09 21:20:37 - [MESSAGE][PASSED] - Delayed 5 second(s)

2022-06-09 21:20:37 - [TEST_STEP][PASSED] - takeScreenshot(): Taking screenshot successfully

2022-06-09 21:20:38 - [MESSAGE][PASSED] - Taking screenshot successfully
[[ATTACHMENT|D:\\Projet Test Auto\\Mediabox Test Automation\\Reports\\20220609_181011\\03. Parallel Testing (Testing)\\TS -PT PART 3\\14.06 Dreyers Support Action (Ongoing _ Completed ref) - PART 6\\20220609_181117\\1654802438114.png]]

2022-06-09 21:20:38 - [TEST_STEP][PASSED] - color2 = getCSSValue(findTestObject("1. Constant/xpath", ["xpath":"//*[@id="source_" + refID34 + ""]/td[13]/a"]), "color", OPTIONAL): Get CSS 'color' value on 'Object Repository/1. Constant/xpath' successfully: 'rgba(255, 255, 255, 1)'.

2022-06-09 21:20:39 - [MESSAGE][PASSED] - Get CSS 'color' value on 'Object Repository/1. Constant/xpath' successfully: 'rgba(255, 255, 255, 1)'.

2022-06-09 21:20:39 - [TEST_STEP][PASSED] - while (color2 == "rgba(255, 255, 255, 1)"): Get CSS 'color' value on 'Object Repository/1. Constant/xpath' successfully: 'rgba(54, 153, 255, 1)'.

2022-06-09 21:20:39 - [TEST_STEP][PASSED] - click(findTestObject("1. Constant/xpath", ["xpath":"//*[@id="source_" + refID34 + ""]/td[13]/a"])): Object: 'Object Repository/1. Constant/xpath' is clicked on

2022-06-09 21:20:40 - [MESSAGE][PASSED] - Object: 'Object Repository/1. Constant/xpath' is clicked on

2022-06-09 21:20:40 - [TEST_STEP][PASSED] - selectOptionByValue(findTestObject("1. Constant/xpath", ["xpath":"//*[@id="id_approval_flow_tpl"]"]), "80", false): All options with value '80' are selected in object 'Object Repository/1. Constant/xpath' 

2022-06-09 21:20:40 - [MESSAGE][PASSED] - All options with value '80' are selected in object 'Object Repository/1. Constant/xpath' 

2022-06-09 21:20:40 - [TEST_STEP][PASSED] - I.UploadDoc_sendkey_Prod(findTestObject("1. Constant/xpath", ["xpath":"//*[@id="kt_body"]/input[2]"]), "D:\Upoad_File\Upload doc\testdata1.jpg", "testdata1"): Delayed 5 second(s)

2022-06-09 21:20:40 - [MESSAGE][PASSED] - Scroll to object 'Object Repository/1. Constant/xpath' successfully

2022-06-09 21:20:45 - [MESSAGE][PASSED] - Delayed 5 second(s)

2022-06-09 21:20:45 - [MESSAGE][PASSED] - File 'D:\Upoad_File\Upload doc\testdata1.jpg' sent to object: 'Object Repository/1. Constant/xpath'

2022-06-09 21:20:50 - [MESSAGE][PASSED] - Delayed 5 second(s)

2022-06-09 21:20:51 - [MESSAGE][PASSED] - Text 'testdata1' is present on page 

2022-06-09 21:20:56 - [MESSAGE][PASSED] - Delayed 5 second(s)

2022-06-09 21:21:01 - [MESSAGE][PASSED] - Delayed 5 second(s)

2022-06-09 21:21:01 - [TEST_STEP][PASSED] - takeScreenshot(): Taking screenshot successfully

2022-06-09 21:21:01 - [MESSAGE][PASSED] - Taking screenshot successfully
[[ATTACHMENT|D:\\Projet Test Auto\\Mediabox Test Automation\\Reports\\20220609_181011\\03. Parallel Testing (Testing)\\TS -PT PART 3\\14.06 Dreyers Support Action (Ongoing _ Completed ref) - PART 6\\20220609_181117\\1654802461318.png]]

2022-06-09 21:21:01 - [TEST_STEP][PASSED] - delay(10): Delayed 10 second(s)

2022-06-09 21:21:11 - [MESSAGE][PASSED] - Delayed 10 second(s)

2022-06-09 21:21:11 - [TEST_STEP][PASSED] - click(findTestObject("HL Full Lifecycle/12 ReferncePage_Button_Updatensenddoc")): Object: 'Object Repository/HL Full Lifecycle/12 ReferncePage_Button_Updatensenddoc' is clicked on

2022-06-09 21:21:21 - [MESSAGE][PASSED] - Object: 'Object Repository/HL Full Lifecycle/12 ReferncePage_Button_Updatensenddoc' is clicked on

2022-06-09 21:21:21 - [TEST_STEP][PASSED] - delay(5): Delayed 5 second(s)

2022-06-09 21:21:26 - [MESSAGE][PASSED] - Delayed 5 second(s)

2022-06-09 21:21:26 - [TEST_STEP][PASSED] - color2 = getCSSValue(findTestObject("1. Constant/xpath", ["xpath":"//*[@id="source_" + refID34 + ""]/td[13]/a"]), "color", OPTIONAL): Get CSS 'color' value on 'Object Repository/1. Constant/xpath' successfully: 'rgba(54, 153, 255, 1)'.

2022-06-09 21:21:26 - [MESSAGE][PASSED] - Get CSS 'color' value on 'Object Repository/1. Constant/xpath' successfully: 'rgba(54, 153, 255, 1)'.

2022-06-09 21:21:26 - [TEST_STEP][PASSED] - I.Logout(): Delayed 3 second(s)

2022-06-09 21:21:29 - [MESSAGE][PASSED] - Delayed 3 second(s)

2022-06-09 21:21:30 - [MESSAGE][PASSED] - Object: 'Object Repository/1. Constant/xpath' is clicked on

2022-06-09 21:21:33 - [MESSAGE][PASSED] - Delayed 3 second(s)

2022-06-09 21:21:35 - [MESSAGE][PASSED] - Object: 'Object Repository/1. Constant/xpath' is clicked on

2022-06-09 21:21:38 - [MESSAGE][PASSED] - Delayed 3 second(s)

2022-06-09 21:21:38 - [TEST_STEP][PASSED] - I.Login_password("blemco", password_blemco): Object: 'Object Repository/1. Constant/xpath' is clicked on

2022-06-09 21:21:38 - [MESSAGE][PASSED] - Text 'blemco' is set on object 'Object Repository/1. Constant/xpath'

2022-06-09 21:21:39 - [MESSAGE][PASSED] - Delayed 1 second(s)

2022-06-09 21:21:40 - [MESSAGE][PASSED] - Text 'diadeis1' is set on object 'Object Repository/1. Constant/xpath'

2022-06-09 21:21:41 - [MESSAGE][PASSED] - Delayed 1 second(s)

2022-06-09 21:21:48 - [MESSAGE][PASSED] - Object: 'Object Repository/1. Constant/xpath' is clicked on

2022-06-09 21:21:48 - [TEST_STEP][PASSED] - click(findTestObject("1. Constant/02_LHSMenu_Projects")): Object: 'Object Repository/1. Constant/02_LHSMenu_Projects' is clicked on

2022-06-09 21:21:51 - [MESSAGE][PASSED] - Object: 'Object Repository/1. Constant/02_LHSMenu_Projects' is clicked on

2022-06-09 21:21:51 - [TEST_STEP][PASSED] - I.SearchProjectNo_xpath(Project_No, "//*[@id="keynum_project"]", "//*[@id="form_filters"]/div[4]/button"): Delayed 5 second(s)

2022-06-09 21:21:52 - [MESSAGE][PASSED] - Delayed 1 second(s)

2022-06-09 21:21:53 - [MESSAGE][PASSED] - Text 'MI000876' is set on object 'Object Repository/1. Constant/xpath'

2022-06-09 21:21:56 - [MESSAGE][PASSED] - Delayed 3 second(s)

2022-06-09 21:21:57 - [MESSAGE][PASSED] - Scroll to object 'Object Repository/1. Constant/xpath' successfully

2022-06-09 21:22:05 - [MESSAGE][PASSED] - Object: 'Object Repository/1. Constant/xpath' is clicked on

2022-06-09 21:22:10 - [MESSAGE][PASSED] - Delayed 5 second(s)

2022-06-09 21:22:10 - [TEST_STEP][PASSED] - takeScreenshot(): Taking screenshot successfully

2022-06-09 21:22:11 - [MESSAGE][PASSED] - Taking screenshot successfully
[[ATTACHMENT|D:\\Projet Test Auto\\Mediabox Test Automation\\Reports\\20220609_181011\\03. Parallel Testing (Testing)\\TS -PT PART 3\\14.06 Dreyers Support Action (Ongoing _ Completed ref) - PART 6\\20220609_181117\\1654802530917.png]]

2022-06-09 21:22:11 - [TEST_STEP][PASSED] - I.SearchRefNo_xpath("P34_Auto", "//*[@id="fiche_filter_keywords11"]", "//*[@id="form_filters"]/div[3]/button"): Delayed 5 second(s)

2022-06-09 21:22:12 - [MESSAGE][PASSED] - Delayed 1 second(s)

2022-06-09 21:22:12 - [MESSAGE][PASSED] - Text 'P34_Auto' is set on object 'Object Repository/1. Constant/xpath'

2022-06-09 21:22:15 - [MESSAGE][PASSED] - Delayed 3 second(s)

2022-06-09 21:22:16 - [MESSAGE][PASSED] - Scroll to object 'Object Repository/1. Constant/xpath' successfully

2022-06-09 21:22:19 - [MESSAGE][PASSED] - Object: 'Object Repository/1. Constant/xpath' is clicked on

2022-06-09 21:22:24 - [MESSAGE][PASSED] - Delayed 5 second(s)

2022-06-09 21:22:24 - [TEST_STEP][PASSED] - I.AWF_approve_byaction(findTestObject("1. Constant/xpath", ["xpath":"//*[@id="source_" + refID34 + ""]/td[13]/a[2]"])): Object: 'Object Repository/HL Full Lifecycle/Function_Appbutton2' is clicked on

2022-06-09 21:22:29 - [MESSAGE][PASSED] - Delayed 5 second(s)

2022-06-09 21:22:36 - [MESSAGE][PASSED] - Object: 'Object Repository/1. Constant/xpath' is clicked on

2022-06-09 21:22:39 - [MESSAGE][PASSED] - Object: 'Object Repository/HL Full Lifecycle/Function_access Viewer2' is hovered

2022-06-09 21:22:42 - [MESSAGE][PASSED] - Delayed 3 second(s)

2022-06-09 21:22:45 - [MESSAGE][PASSED] - Object: 'Object Repository/HL Full Lifecycle/Function_access Viewer2' is clicked on

2022-06-09 21:22:50 - [MESSAGE][PASSED] - Delayed 5 second(s)

2022-06-09 21:22:52 - [MESSAGE][PASSED] - Object: 'Object Repository/HL Full Lifecycle/Function_AppButton' is clicked on

2022-06-09 21:22:57 - [MESSAGE][PASSED] - Delayed 5 second(s)

2022-06-09 21:23:04 - [MESSAGE][PASSED] - Object: 'Object Repository/HL Full Lifecycle/Function_Appbutton2' is clicked on

2022-06-09 21:23:04 - [TEST_STEP][PASSED] - Lifecycle_Status7 = getText(findTestObject("1. Constant/xpath", ["xpath":"//*[@id="source_" + refID34 + ""]/td[12]/span[1]"])): Text of object 'Object Repository/1. Constant/xpath' is: 'Phase 3.5[Prod]'

2022-06-09 21:23:06 - [MESSAGE][PASSED] - Text of object 'Object Repository/1. Constant/xpath' is: 'Phase 3.5[Prod]'

2022-06-09 21:23:06 - [TEST_STEP][PASSED] - verifyMatch(Lifecycle_Status7, "Phase 3.5[Prod]", false): Actual text 'Phase 3.5[Prod]' and expected text 'Phase 3.5[Prod]' are matched 

2022-06-09 21:23:06 - [MESSAGE][PASSED] - Actual text 'Phase 3.5[Prod]' and expected text 'Phase 3.5[Prod]' are matched 

2022-06-09 21:23:06 - [TEST_STEP][PASSED] - takeScreenshot(): Taking screenshot successfully

2022-06-09 21:23:07 - [MESSAGE][PASSED] - Taking screenshot successfully
[[ATTACHMENT|D:\\Projet Test Auto\\Mediabox Test Automation\\Reports\\20220609_181011\\03. Parallel Testing (Testing)\\TS -PT PART 3\\14.06 Dreyers Support Action (Ongoing _ Completed ref) - PART 6\\20220609_181117\\1654802586608.png]]

2022-06-09 21:23:07 - [TEST_STEP][PASSED] - I.Logout(): Delayed 3 second(s)

2022-06-09 21:23:10 - [MESSAGE][PASSED] - Delayed 3 second(s)

2022-06-09 21:23:12 - [MESSAGE][PASSED] - Object: 'Object Repository/1. Constant/xpath' is clicked on

2022-06-09 21:23:15 - [MESSAGE][PASSED] - Delayed 3 second(s)

2022-06-09 21:23:21 - [MESSAGE][PASSED] - Object: 'Object Repository/1. Constant/xpath' is clicked on

2022-06-09 21:23:24 - [MESSAGE][PASSED] - Delayed 3 second(s)

2022-06-09 21:23:24 - [TEST_STEP][PASSED] - I.Login_password("lmary", password_lmary): Object: 'Object Repository/1. Constant/xpath' is clicked on

2022-06-09 21:23:28 - [MESSAGE][PASSED] - Text 'lmary' is set on object 'Object Repository/1. Constant/xpath'

2022-06-09 21:23:29 - [MESSAGE][PASSED] - Delayed 1 second(s)

2022-06-09 21:23:33 - [MESSAGE][PASSED] - Text 'diadeis' is set on object 'Object Repository/1. Constant/xpath'

2022-06-09 21:23:34 - [MESSAGE][PASSED] - Delayed 1 second(s)

2022-06-09 21:23:39 - [MESSAGE][PASSED] - Object: 'Object Repository/1. Constant/xpath' is clicked on

2022-06-09 21:23:39 - [TEST_STEP][PASSED] - takeScreenshot(): Taking screenshot successfully

2022-06-09 21:23:40 - [MESSAGE][PASSED] - Taking screenshot successfully
[[ATTACHMENT|D:\\Projet Test Auto\\Mediabox Test Automation\\Reports\\20220609_181011\\03. Parallel Testing (Testing)\\TS -PT PART 3\\14.06 Dreyers Support Action (Ongoing _ Completed ref) - PART 6\\20220609_181117\\1654802619941.png]]

2022-06-09 21:23:40 - [TEST_STEP][PASSED] - click(findTestObject("1. Constant/02_LHSMenu_Projects")): Object: 'Object Repository/1. Constant/02_LHSMenu_Projects' is clicked on

2022-06-09 21:23:48 - [MESSAGE][PASSED] - Object: 'Object Repository/1. Constant/02_LHSMenu_Projects' is clicked on

2022-06-09 21:23:48 - [TEST_STEP][PASSED] - I.SearchProjectNo_xpath(Project_No, "//*[@id="keynum_project"]", "//*[@id="form_filters"]/div[4]/button"): Delayed 5 second(s)

2022-06-09 21:23:49 - [MESSAGE][PASSED] - Delayed 1 second(s)

2022-06-09 21:23:49 - [MESSAGE][PASSED] - Text 'MI000876' is set on object 'Object Repository/1. Constant/xpath'

2022-06-09 21:23:52 - [MESSAGE][PASSED] - Delayed 3 second(s)

2022-06-09 21:23:53 - [MESSAGE][PASSED] - Scroll to object 'Object Repository/1. Constant/xpath' successfully

2022-06-09 21:23:56 - [MESSAGE][PASSED] - Object: 'Object Repository/1. Constant/xpath' is clicked on

2022-06-09 21:24:01 - [MESSAGE][PASSED] - Delayed 5 second(s)

2022-06-09 21:24:01 - [TEST_STEP][PASSED] - takeScreenshot(): Taking screenshot successfully

2022-06-09 21:24:02 - [MESSAGE][PASSED] - Taking screenshot successfully
[[ATTACHMENT|D:\\Projet Test Auto\\Mediabox Test Automation\\Reports\\20220609_181011\\03. Parallel Testing (Testing)\\TS -PT PART 3\\14.06 Dreyers Support Action (Ongoing _ Completed ref) - PART 6\\20220609_181117\\1654802641596.png]]

2022-06-09 21:24:02 - [TEST_STEP][PASSED] - I.SearchRefNo_xpath("P34_Auto", "//*[@id="fiche_filter_keywords11"]", "//*[@id="form_filters"]/div[3]/button"): Delayed 5 second(s)

2022-06-09 21:24:03 - [MESSAGE][PASSED] - Delayed 1 second(s)

2022-06-09 21:24:03 - [MESSAGE][PASSED] - Text 'P34_Auto' is set on object 'Object Repository/1. Constant/xpath'

2022-06-09 21:24:06 - [MESSAGE][PASSED] - Delayed 3 second(s)

2022-06-09 21:24:06 - [MESSAGE][PASSED] - Scroll to object 'Object Repository/1. Constant/xpath' successfully

2022-06-09 21:24:09 - [MESSAGE][PASSED] - Object: 'Object Repository/1. Constant/xpath' is clicked on

2022-06-09 21:24:14 - [MESSAGE][PASSED] - Delayed 5 second(s)

2022-06-09 21:24:14 - [TEST_STEP][PASSED] - takeScreenshot(): Taking screenshot successfully

2022-06-09 21:24:16 - [MESSAGE][PASSED] - Taking screenshot successfully
[[ATTACHMENT|D:\\Projet Test Auto\\Mediabox Test Automation\\Reports\\20220609_181011\\03. Parallel Testing (Testing)\\TS -PT PART 3\\14.06 Dreyers Support Action (Ongoing _ Completed ref) - PART 6\\20220609_181117\\1654802655077.png]]

2022-06-09 21:24:16 - [TEST_STEP][PASSED] - color3 = getCSSValue(findTestObject("1. Constant/xpath", ["xpath":"//*[@id="source_" + refID34 + ""]/td[13]/a"]), "color", OPTIONAL): Get CSS 'color' value on 'Object Repository/1. Constant/xpath' successfully: 'rgba(255, 255, 255, 1)'.

2022-06-09 21:24:18 - [MESSAGE][PASSED] - Get CSS 'color' value on 'Object Repository/1. Constant/xpath' successfully: 'rgba(255, 255, 255, 1)'.

2022-06-09 21:24:18 - [TEST_STEP][PASSED] - while (color3 == "rgba(255, 255, 255, 1)"): Get CSS 'color' value on 'Object Repository/1. Constant/xpath' successfully: 'rgba(54, 153, 255, 1)'.

2022-06-09 21:24:18 - [TEST_STEP][PASSED] - click(findTestObject("1. Constant/xpath", ["xpath":"//*[@id="source_" + refID34 + ""]/td[13]/a"])): Object: 'Object Repository/1. Constant/xpath' is clicked on

2022-06-09 21:24:20 - [MESSAGE][PASSED] - Object: 'Object Repository/1. Constant/xpath' is clicked on

2022-06-09 21:24:20 - [TEST_STEP][PASSED] - selectOptionByValue(findTestObject("1. Constant/xpath", ["xpath":"//*[@id="id_approval_flow_tpl"]"]), "80", false): All options with value '80' are selected in object 'Object Repository/1. Constant/xpath' 

2022-06-09 21:24:20 - [MESSAGE][PASSED] - All options with value '80' are selected in object 'Object Repository/1. Constant/xpath' 

2022-06-09 21:24:20 - [TEST_STEP][PASSED] - I.UploadDoc_sendkey_Prod(findTestObject("1. Constant/xpath", ["xpath":"//*[@id="kt_body"]/input[2]"]), "D:\Upoad_File\Upload doc\testdata1.jpg", "testdata1"): Delayed 5 second(s)

2022-06-09 21:24:20 - [MESSAGE][PASSED] - Scroll to object 'Object Repository/1. Constant/xpath' successfully

2022-06-09 21:24:25 - [MESSAGE][PASSED] - Delayed 5 second(s)

2022-06-09 21:24:25 - [MESSAGE][PASSED] - File 'D:\Upoad_File\Upload doc\testdata1.jpg' sent to object: 'Object Repository/1. Constant/xpath'

2022-06-09 21:24:30 - [MESSAGE][PASSED] - Delayed 5 second(s)

2022-06-09 21:24:31 - [MESSAGE][PASSED] - Text 'testdata1' is present on page 

2022-06-09 21:24:36 - [MESSAGE][PASSED] - Delayed 5 second(s)

2022-06-09 21:24:41 - [MESSAGE][PASSED] - Delayed 5 second(s)

2022-06-09 21:24:41 - [TEST_STEP][PASSED] - takeScreenshot(): Taking screenshot successfully

2022-06-09 21:24:42 - [MESSAGE][PASSED] - Taking screenshot successfully
[[ATTACHMENT|D:\\Projet Test Auto\\Mediabox Test Automation\\Reports\\20220609_181011\\03. Parallel Testing (Testing)\\TS -PT PART 3\\14.06 Dreyers Support Action (Ongoing _ Completed ref) - PART 6\\20220609_181117\\1654802681592.png]]

2022-06-09 21:24:42 - [TEST_STEP][PASSED] - delay(10): Delayed 10 second(s)

2022-06-09 21:24:52 - [MESSAGE][PASSED] - Delayed 10 second(s)

2022-06-09 21:24:52 - [TEST_STEP][PASSED] - click(findTestObject("HL Full Lifecycle/12 ReferncePage_Button_Updatensenddoc")): Object: 'Object Repository/HL Full Lifecycle/12 ReferncePage_Button_Updatensenddoc' is clicked on

2022-06-09 21:24:59 - [MESSAGE][PASSED] - Object: 'Object Repository/HL Full Lifecycle/12 ReferncePage_Button_Updatensenddoc' is clicked on

2022-06-09 21:24:59 - [TEST_STEP][PASSED] - delay(5): Delayed 5 second(s)

2022-06-09 21:25:04 - [MESSAGE][PASSED] - Delayed 5 second(s)

2022-06-09 21:25:04 - [TEST_STEP][PASSED] - color3 = getCSSValue(findTestObject("1. Constant/xpath", ["xpath":"//*[@id="source_" + refID34 + ""]/td[13]/a"]), "color", OPTIONAL): Get CSS 'color' value on 'Object Repository/1. Constant/xpath' successfully: 'rgba(54, 153, 255, 1)'.

2022-06-09 21:25:05 - [MESSAGE][PASSED] - Get CSS 'color' value on 'Object Repository/1. Constant/xpath' successfully: 'rgba(54, 153, 255, 1)'.

2022-06-09 21:25:05 - [TEST_STEP][PASSED] - I.Logout(): Delayed 3 second(s)

2022-06-09 21:25:08 - [MESSAGE][PASSED] - Delayed 3 second(s)

2022-06-09 21:25:08 - [MESSAGE][PASSED] - Object: 'Object Repository/1. Constant/xpath' is clicked on

2022-06-09 21:25:11 - [MESSAGE][PASSED] - Delayed 3 second(s)

2022-06-09 21:25:15 - [MESSAGE][PASSED] - Object: 'Object Repository/1. Constant/xpath' is clicked on

2022-06-09 21:25:18 - [MESSAGE][PASSED] - Delayed 3 second(s)

2022-06-09 21:25:18 - [TEST_STEP][PASSED] - I.Login_password("blemco", password_blemco): Object: 'Object Repository/1. Constant/xpath' is clicked on

2022-06-09 21:25:18 - [MESSAGE][PASSED] - Text 'blemco' is set on object 'Object Repository/1. Constant/xpath'

2022-06-09 21:25:19 - [MESSAGE][PASSED] - Delayed 1 second(s)

2022-06-09 21:25:20 - [MESSAGE][PASSED] - Text 'diadeis1' is set on object 'Object Repository/1. Constant/xpath'

2022-06-09 21:25:21 - [MESSAGE][PASSED] - Delayed 1 second(s)

2022-06-09 21:25:25 - [MESSAGE][PASSED] - Object: 'Object Repository/1. Constant/xpath' is clicked on

2022-06-09 21:25:25 - [TEST_STEP][PASSED] - takeScreenshot(): Taking screenshot successfully

2022-06-09 21:25:25 - [MESSAGE][PASSED] - Taking screenshot successfully
[[ATTACHMENT|D:\\Projet Test Auto\\Mediabox Test Automation\\Reports\\20220609_181011\\03. Parallel Testing (Testing)\\TS -PT PART 3\\14.06 Dreyers Support Action (Ongoing _ Completed ref) - PART 6\\20220609_181117\\1654802725297.png]]

2022-06-09 21:25:25 - [TEST_STEP][PASSED] - click(findTestObject("1. Constant/02_LHSMenu_Projects")): Object: 'Object Repository/1. Constant/02_LHSMenu_Projects' is clicked on

2022-06-09 21:25:28 - [MESSAGE][PASSED] - Object: 'Object Repository/1. Constant/02_LHSMenu_Projects' is clicked on

2022-06-09 21:25:28 - [TEST_STEP][PASSED] - I.SearchProjectNo_xpath(Project_No, "//*[@id="keynum_project"]", "//*[@id="form_filters"]/div[4]/button"): Delayed 5 second(s)

2022-06-09 21:25:29 - [MESSAGE][PASSED] - Delayed 1 second(s)

2022-06-09 21:25:30 - [MESSAGE][PASSED] - Text 'MI000876' is set on object 'Object Repository/1. Constant/xpath'

2022-06-09 21:25:33 - [MESSAGE][PASSED] - Delayed 3 second(s)

2022-06-09 21:25:34 - [MESSAGE][PASSED] - Scroll to object 'Object Repository/1. Constant/xpath' successfully

2022-06-09 21:25:37 - [MESSAGE][PASSED] - Object: 'Object Repository/1. Constant/xpath' is clicked on

2022-06-09 21:25:42 - [MESSAGE][PASSED] - Delayed 5 second(s)

2022-06-09 21:25:42 - [TEST_STEP][PASSED] - takeScreenshot(): Taking screenshot successfully

2022-06-09 21:25:43 - [MESSAGE][PASSED] - Taking screenshot successfully
[[ATTACHMENT|D:\\Projet Test Auto\\Mediabox Test Automation\\Reports\\20220609_181011\\03. Parallel Testing (Testing)\\TS -PT PART 3\\14.06 Dreyers Support Action (Ongoing _ Completed ref) - PART 6\\20220609_181117\\1654802742729.png]]

2022-06-09 21:25:43 - [TEST_STEP][PASSED] - I.SearchRefNo_xpath("P34_Auto", "//*[@id="fiche_filter_keywords11"]", "//*[@id="form_filters"]/div[3]/button"): Delayed 5 second(s)

2022-06-09 21:25:44 - [MESSAGE][PASSED] - Delayed 1 second(s)

2022-06-09 21:25:44 - [MESSAGE][PASSED] - Text 'P34_Auto' is set on object 'Object Repository/1. Constant/xpath'

2022-06-09 21:25:47 - [MESSAGE][PASSED] - Delayed 3 second(s)

2022-06-09 21:25:48 - [MESSAGE][PASSED] - Scroll to object 'Object Repository/1. Constant/xpath' successfully

2022-06-09 21:25:50 - [MESSAGE][PASSED] - Object: 'Object Repository/1. Constant/xpath' is clicked on

2022-06-09 21:25:55 - [MESSAGE][PASSED] - Delayed 5 second(s)

2022-06-09 21:25:55 - [TEST_STEP][PASSED] - delay(3): Delayed 3 second(s)

2022-06-09 21:25:58 - [MESSAGE][PASSED] - Delayed 3 second(s)

2022-06-09 21:25:58 - [TEST_STEP][PASSED] - I.AWF_approve_byaction(findTestObject("1. Constant/xpath", ["xpath":"//*[@id="source_" + refID34 + ""]/td[13]/a[2]"])): Object: 'Object Repository/HL Full Lifecycle/Function_Appbutton2' is clicked on

2022-06-09 21:26:03 - [MESSAGE][PASSED] - Delayed 5 second(s)

2022-06-09 21:26:05 - [MESSAGE][PASSED] - Object: 'Object Repository/1. Constant/xpath' is clicked on

2022-06-09 21:26:07 - [MESSAGE][PASSED] - Object: 'Object Repository/HL Full Lifecycle/Function_access Viewer2' is hovered

2022-06-09 21:26:10 - [MESSAGE][PASSED] - Delayed 3 second(s)

2022-06-09 21:26:10 - [MESSAGE][PASSED] - Object: 'Object Repository/HL Full Lifecycle/Function_access Viewer2' is clicked on

2022-06-09 21:26:15 - [MESSAGE][PASSED] - Delayed 5 second(s)

2022-06-09 21:26:16 - [MESSAGE][PASSED] - Object: 'Object Repository/HL Full Lifecycle/Function_AppButton' is clicked on

2022-06-09 21:26:21 - [MESSAGE][PASSED] - Delayed 5 second(s)

2022-06-09 21:26:25 - [MESSAGE][PASSED] - Object: 'Object Repository/HL Full Lifecycle/Function_Appbutton2' is clicked on

2022-06-09 21:26:25 - [TEST_STEP][PASSED] - Lifecycle_Status8 = getText(findTestObject("1. Constant/xpath", ["xpath":"//*[@id="source_" + refID34 + ""]/td[12]/span[1]"])): Text of object 'Object Repository/1. Constant/xpath' is: 'Complete'

2022-06-09 21:26:25 - [MESSAGE][PASSED] - Text of object 'Object Repository/1. Constant/xpath' is: 'Complete'

2022-06-09 21:26:25 - [TEST_STEP][PASSED] - verifyMatch(Lifecycle_Status8, "Complete", false): Actual text 'Complete' and expected text 'Complete' are matched 

2022-06-09 21:26:25 - [MESSAGE][PASSED] - Actual text 'Complete' and expected text 'Complete' are matched 

2022-06-09 21:26:25 - [TEST_STEP][PASSED] - takeScreenshot(): Taking screenshot successfully

2022-06-09 21:26:26 - [MESSAGE][PASSED] - Taking screenshot successfully
[[ATTACHMENT|D:\\Projet Test Auto\\Mediabox Test Automation\\Reports\\20220609_181011\\03. Parallel Testing (Testing)\\TS -PT PART 3\\14.06 Dreyers Support Action (Ongoing _ Completed ref) - PART 6\\20220609_181117\\1654802785750.png]]

2022-06-09 21:26:26 - [TEST_STEP][PASSED] - closeBrowser(): Browser is closed

2022-06-09 21:26:27 - [MESSAGE][PASSED] - Browser is closed

2022-06-09 21:26:27 - [TEST_STEP][PASSED] - Start listener action : sampleAfterTestCase: null]]></system-out>
         <system-err><![CDATA[]]></system-err>
      </testcase>
      <testcase name="Test Cases/19. Dreyers Support Action (Ongoing ref_completed)/19.31 Dreyers SAS Add Phase (Ongoing ref) S39 - P31" time="387.404" classname="Test Cases/19. Dreyers Support Action (Ongoing ref_completed)/19.31 Dreyers SAS Add Phase (Ongoing ref) S39 - P31" status="PASSED">
         <system-out><![CDATA[2022-06-09 21:26:27 - [TEST_CASE][PASSED] - Test Cases/19. Dreyers Support Action (Ongoing ref_completed)/19.31 Dreyers SAS Add Phase (Ongoing ref) S39 - P31: Test Cases/19. Dreyers Support Action (Ongoing ref_completed)/19.31 Dreyers SAS Add Phase (Ongoing ref) S39 - P31

2022-06-09 21:26:28 - [TEST_STEP][PASSED] - data_Dreyers = findTestData("Data Files/Username_Password/Dreyer"): null

2022-06-09 21:26:28 - [TEST_STEP][PASSED] - password_suser = data_Dreyers.getValue(2, 1): null

2022-06-09 21:26:28 - [TEST_STEP][PASSED] - password_blemco = data_Dreyers.getValue(2, 2): null

2022-06-09 21:26:28 - [TEST_STEP][PASSED] - password_nturner = data_Dreyers.getValue(2, 6): null

2022-06-09 21:26:28 - [TEST_STEP][PASSED] - password_jryan = data_Dreyers.getValue(2, 12): null

2022-06-09 21:26:28 - [TEST_STEP][PASSED] - data_urlRELAUTO = findTestData("Data Files/URL/URL_relauto"): null

2022-06-09 21:26:28 - [TEST_STEP][PASSED] - Url_Dreyer = data_urlRELAUTO.getValue(2, 4): null

2022-06-09 21:26:28 - [TEST_STEP][PASSED] - Project_No = I.readnotepad("D:\Upoad_File\Projet_ Login\Dreyers\19.1\19.1_Dreyers_ProjectNo.txt"): null

2022-06-09 21:26:28 - [TEST_STEP][PASSED] - refID = I.readnotepad("D:\Upoad_File\Projet_ Login\Dreyers\19.1\19.1_Dreyers_refID.txt"): null

2022-06-09 21:26:28 - [TEST_STEP][PASSED] - openBrowser(Url_Dreyer): Browser is opened with url: 'http://mdb-release.diadeis.lan/MediaboxIndependence/?MBI_datasource=RELTESTAUTO_DREYERS'

2022-06-09 21:26:28 - [MESSAGE][INFO] - Starting 'Chrome (headless)' driver

2022-06-09 21:26:28 - [MESSAGE][INFO] - User set preference: ['args', '[--window-size=1920,1080, --headless]']

2022-06-09 21:26:28 - [MESSAGE][INFO] - Action delay is set to 0 milliseconds

2022-06-09 21:26:37 - [MESSAGE][PASSED] - Browser is opened with url: 'http://mdb-release.diadeis.lan/MediaboxIndependence/?MBI_datasource=RELTESTAUTO_DREYERS'

2022-06-09 21:26:37 - [TEST_STEP][PASSED] - maximizeWindow(): Current window maximized

2022-06-09 21:26:37 - [MESSAGE][PASSED] - Current window maximized

2022-06-09 21:26:37 - [TEST_STEP][PASSED] - I.Login_password("blemco", password_blemco): Object: 'Object Repository/1. Constant/xpath' is clicked on

2022-06-09 21:26:37 - [MESSAGE][PASSED] - Text 'blemco' is set on object 'Object Repository/1. Constant/xpath'

2022-06-09 21:26:38 - [MESSAGE][PASSED] - Delayed 1 second(s)

2022-06-09 21:26:39 - [MESSAGE][PASSED] - Text 'diadeis1' is set on object 'Object Repository/1. Constant/xpath'

2022-06-09 21:26:40 - [MESSAGE][PASSED] - Delayed 1 second(s)

2022-06-09 21:26:49 - [MESSAGE][PASSED] - Object: 'Object Repository/1. Constant/xpath' is clicked on

2022-06-09 21:26:49 - [TEST_STEP][PASSED] - click(findTestObject("1. Constant/02_LHSMenu_Projects")): Object: 'Object Repository/1. Constant/02_LHSMenu_Projects' is clicked on

2022-06-09 21:26:54 - [MESSAGE][PASSED] - Object: 'Object Repository/1. Constant/02_LHSMenu_Projects' is clicked on

2022-06-09 21:26:54 - [TEST_STEP][PASSED] - I.SearchProjectNo_xpath(Project_No, "//*[@id="keynum_project"]", "//*[@id="form_filters"]/div[4]/button"): Delayed 5 second(s)

2022-06-09 21:26:55 - [MESSAGE][PASSED] - Delayed 1 second(s)

2022-06-09 21:26:56 - [MESSAGE][PASSED] - Text 'MI000876' is set on object 'Object Repository/1. Constant/xpath'

2022-06-09 21:26:59 - [MESSAGE][PASSED] - Delayed 3 second(s)

2022-06-09 21:26:59 - [MESSAGE][PASSED] - Scroll to object 'Object Repository/1. Constant/xpath' successfully

2022-06-09 21:27:04 - [MESSAGE][PASSED] - Object: 'Object Repository/1. Constant/xpath' is clicked on

2022-06-09 21:27:09 - [MESSAGE][PASSED] - Delayed 5 second(s)

2022-06-09 21:27:09 - [TEST_STEP][PASSED] - takeScreenshot(): Taking screenshot successfully

2022-06-09 21:27:10 - [MESSAGE][PASSED] - Taking screenshot successfully
[[ATTACHMENT|D:\\Projet Test Auto\\Mediabox Test Automation\\Reports\\20220609_181011\\03. Parallel Testing (Testing)\\TS -PT PART 3\\14.06 Dreyers Support Action (Ongoing _ Completed ref) - PART 6\\20220609_181117\\1654802829993.png]]

2022-06-09 21:27:10 - [TEST_STEP][PASSED] - click(findTestObject("1. Constant/xpath", ["xpath":"//*[@id="create_ref_btn"]/button"])): Object: 'Object Repository/1. Constant/xpath' is clicked on

2022-06-09 21:27:10 - [MESSAGE][PASSED] - Object: 'Object Repository/1. Constant/xpath' is clicked on

2022-06-09 21:27:10 - [TEST_STEP][PASSED] - click(findTestObject("1. Constant/xpath", ["xpath":"//*[@id="create_ref_btn"]/div/a"])): Object: 'Object Repository/1. Constant/xpath' is clicked on

2022-06-09 21:27:13 - [MESSAGE][PASSED] - Object: 'Object Repository/1. Constant/xpath' is clicked on

2022-06-09 21:27:13 - [TEST_STEP][PASSED] - delay(1): Delayed 1 second(s)

2022-06-09 21:27:14 - [MESSAGE][PASSED] - Delayed 1 second(s)

2022-06-09 21:27:14 - [TEST_STEP][PASSED] - selectOptionByValue(findTestObject("1. Constant/xpath", ["xpath":"//*[@id="lfc_tpl"]"]), "36", false): All options with value '36' are selected in object 'Object Repository/1. Constant/xpath' 

2022-06-09 21:27:15 - [MESSAGE][PASSED] - All options with value '36' are selected in object 'Object Repository/1. Constant/xpath' 

2022-06-09 21:27:15 - [TEST_STEP][PASSED] - ref_name = "P31_Auto_SAS_S39_" + RandomStringUtils.randomAlphanumeric(5) + I.gettimedate(): null

2022-06-09 21:27:15 - [TEST_STEP][PASSED] - delay(1): Delayed 1 second(s)

2022-06-09 21:27:16 - [MESSAGE][PASSED] - Delayed 1 second(s)

2022-06-09 21:27:16 - [TEST_STEP][PASSED] - setText(findTestObject("1. Constant/xpath", ["xpath":"//*[@id="var_name"]"]), ref_name): Text 'P31_Auto_SAS_S39_WLOzajuin092022_212715' is set on object 'Object Repository/1. Constant/xpath'

2022-06-09 21:27:18 - [MESSAGE][PASSED] - Text 'P31_Auto_SAS_S39_WLOzajuin092022_212715' is set on object 'Object Repository/1. Constant/xpath'

2022-06-09 21:27:18 - [TEST_STEP][PASSED] - takeScreenshot(): Taking screenshot successfully

2022-06-09 21:27:19 - [MESSAGE][PASSED] - Taking screenshot successfully
[[ATTACHMENT|D:\\Projet Test Auto\\Mediabox Test Automation\\Reports\\20220609_181011\\03. Parallel Testing (Testing)\\TS -PT PART 3\\14.06 Dreyers Support Action (Ongoing _ Completed ref) - PART 6\\20220609_181117\\1654802839430.png]]

2022-06-09 21:27:19 - [TEST_STEP][PASSED] - click(findTestObject("1. Constant/xpath", ["xpath":"//*[@id="createRefBottom"]"])): Object: 'Object Repository/1. Constant/xpath' is clicked on

2022-06-09 21:27:22 - [MESSAGE][PASSED] - Object: 'Object Repository/1. Constant/xpath' is clicked on

2022-06-09 21:27:22 - [TEST_STEP][PASSED] - delay(1): Delayed 1 second(s)

2022-06-09 21:27:23 - [MESSAGE][PASSED] - Delayed 1 second(s)

2022-06-09 21:27:23 - [TEST_STEP][PASSED] - takeScreenshot(): Taking screenshot successfully

2022-06-09 21:27:23 - [MESSAGE][PASSED] - Taking screenshot successfully
[[ATTACHMENT|D:\\Projet Test Auto\\Mediabox Test Automation\\Reports\\20220609_181011\\03. Parallel Testing (Testing)\\TS -PT PART 3\\14.06 Dreyers Support Action (Ongoing _ Completed ref) - PART 6\\20220609_181117\\1654802843204.png]]

2022-06-09 21:27:23 - [TEST_STEP][PASSED] - refID31 = I.RefID(): Current window's url is: 'http://mdb-release.diadeis.lan/MediaboxIndependence/Base/ExecAction?IDSession=MBI%21RELTESTAUTO_DREYERS%21FMP2AQE4924E61MP6A5L4O4Q53UXQPXMJPU6RJXV&default_action=ModifierRef&id_project=MI000876&id_ref=5291&action_from=create_ref'

2022-06-09 21:27:28 - [MESSAGE][PASSED] - Delayed 5 second(s)

2022-06-09 21:27:28 - [MESSAGE][PASSED] - Current window's url is: 'http://mdb-release.diadeis.lan/MediaboxIndependence/Base/ExecAction?IDSession=MBI%21RELTESTAUTO_DREYERS%21FMP2AQE4924E61MP6A5L4O4Q53UXQPXMJPU6RJXV&default_action=ModifierRef&id_project=MI000876&id_ref=5291&action_from=create_ref'

2022-06-09 21:27:28 - [TEST_STEP][PASSED] - click(findTestObject("1. Constant/xpath", ["xpath":"//*[@id="type_save"]"])): Object: 'Object Repository/1. Constant/xpath' is clicked on

2022-06-09 21:27:33 - [MESSAGE][PASSED] - Object: 'Object Repository/1. Constant/xpath' is clicked on

2022-06-09 21:27:33 - [TEST_STEP][PASSED] - takeScreenshot(): Taking screenshot successfully

2022-06-09 21:27:34 - [MESSAGE][PASSED] - Taking screenshot successfully
[[ATTACHMENT|D:\\Projet Test Auto\\Mediabox Test Automation\\Reports\\20220609_181011\\03. Parallel Testing (Testing)\\TS -PT PART 3\\14.06 Dreyers Support Action (Ongoing _ Completed ref) - PART 6\\20220609_181117\\1654802854025.png]]

2022-06-09 21:27:34 - [TEST_STEP][PASSED] - delay(1): Delayed 1 second(s)

2022-06-09 21:27:35 - [MESSAGE][PASSED] - Delayed 1 second(s)

2022-06-09 21:27:35 - [TEST_STEP][PASSED] - I.SearchRefNo_xpath("P31_Auto", "//*[@id="fiche_filter_keywords11"]", "//*[@id="form_filters"]/div[3]/button"): Delayed 5 second(s)

2022-06-09 21:27:36 - [MESSAGE][PASSED] - Delayed 1 second(s)

2022-06-09 21:27:36 - [MESSAGE][PASSED] - Text 'P31_Auto' is set on object 'Object Repository/1. Constant/xpath'

2022-06-09 21:27:40 - [MESSAGE][PASSED] - Delayed 3 second(s)

2022-06-09 21:27:40 - [MESSAGE][PASSED] - Scroll to object 'Object Repository/1. Constant/xpath' successfully

2022-06-09 21:27:43 - [MESSAGE][PASSED] - Object: 'Object Repository/1. Constant/xpath' is clicked on

2022-06-09 21:27:48 - [MESSAGE][PASSED] - Delayed 5 second(s)

2022-06-09 21:27:48 - [TEST_STEP][PASSED] - click(findTestObject("1. Constant/xpath", ["xpath":"//*[@id="source_" + refID31 + ""]/td[13]/a[3]"])): Object: 'Object Repository/1. Constant/xpath' is clicked on

2022-06-09 21:27:50 - [MESSAGE][PASSED] - Object: 'Object Repository/1. Constant/xpath' is clicked on

2022-06-09 21:27:50 - [TEST_STEP][PASSED] - click(findTestObject("1. Constant/xpath", ["xpath":"//*[@id="ModifFiche"]/div[1]/div/button[2]"])): Object: 'Object Repository/1. Constant/xpath' is clicked on

2022-06-09 21:27:55 - [MESSAGE][PASSED] - Object: 'Object Repository/1. Constant/xpath' is clicked on

2022-06-09 21:27:55 - [TEST_STEP][PASSED] - click(findTestObject("1. Constant/xpath", ["xpath":"//*[@id="source_" + refID31 + ""]/td[6]/a"])): Object: 'Object Repository/1. Constant/xpath' is clicked on

2022-06-09 21:27:59 - [MESSAGE][PASSED] - Object: 'Object Repository/1. Constant/xpath' is clicked on

2022-06-09 21:27:59 - [TEST_STEP][PASSED] - delay(1): Delayed 1 second(s)

2022-06-09 21:28:00 - [MESSAGE][PASSED] - Delayed 1 second(s)

2022-06-09 21:28:00 - [TEST_STEP][PASSED] - click(findTestObject("1. Constant/xpath", ["xpath":"//*[@id="kt_content"]/div[3]/div/ul/li[3]/a"])): Object: 'Object Repository/1. Constant/xpath' is clicked on

2022-06-09 21:28:01 - [MESSAGE][PASSED] - Object: 'Object Repository/1. Constant/xpath' is clicked on

2022-06-09 21:28:01 - [TEST_STEP][PASSED] - takeScreenshot(): Taking screenshot successfully

2022-06-09 21:28:01 - [MESSAGE][PASSED] - Taking screenshot successfully
[[ATTACHMENT|D:\\Projet Test Auto\\Mediabox Test Automation\\Reports\\20220609_181011\\03. Parallel Testing (Testing)\\TS -PT PART 3\\14.06 Dreyers Support Action (Ongoing _ Completed ref) - PART 6\\20220609_181117\\1654802881589.png]]

2022-06-09 21:28:01 - [TEST_STEP][PASSED] - delay(1): Delayed 1 second(s)

2022-06-09 21:28:02 - [MESSAGE][PASSED] - Delayed 1 second(s)

2022-06-09 21:28:02 - [TEST_STEP][PASSED] - click(findTestObject("1. Constant/xpath", ["xpath":"/html/body/div[1]/div[2]/div[8]/div[3]/div/div[3]/div[3]/div/div/div[1]/div/div[2]/div/div[1]/div[2]/div/button"])): Object: 'Object Repository/1. Constant/xpath' is clicked on

2022-06-09 21:28:04 - [MESSAGE][PASSED] - Object: 'Object Repository/1. Constant/xpath' is clicked on

2022-06-09 21:28:04 - [TEST_STEP][PASSED] - delay(1): Delayed 1 second(s)

2022-06-09 21:28:05 - [MESSAGE][PASSED] - Delayed 1 second(s)

2022-06-09 21:28:05 - [TEST_STEP][PASSED] - takeScreenshot(): Taking screenshot successfully

2022-06-09 21:28:05 - [MESSAGE][PASSED] - Taking screenshot successfully
[[ATTACHMENT|D:\\Projet Test Auto\\Mediabox Test Automation\\Reports\\20220609_181011\\03. Parallel Testing (Testing)\\TS -PT PART 3\\14.06 Dreyers Support Action (Ongoing _ Completed ref) - PART 6\\20220609_181117\\1654802885514.png]]

2022-06-09 21:28:05 - [TEST_STEP][PASSED] - delay(1): Delayed 1 second(s)

2022-06-09 21:28:06 - [MESSAGE][PASSED] - Delayed 1 second(s)

2022-06-09 21:28:06 - [TEST_STEP][PASSED] - x = 15: null

2022-06-09 21:28:06 - [TEST_STEP][PASSED] - i = 1: null

2022-06-09 21:28:06 - [TEST_STEP][PASSED] - while (i <= x): null

2022-06-09 21:28:06 - [TEST_STEP][PASSED] - Expected_SAS_Selected = "2. SAS S39: Skip Phase 1.2 / Add Phase 3.3": null

2022-06-09 21:28:06 - [TEST_STEP][PASSED] - xpath_SAS = "/html/body/div[1]/div[2]/div[8]/div[3]/div/div[3]/div[3]/div/div/div[1]/div/div[2]/div/div[1]/div[2]/div/div/a[" + i + "]": null

2022-06-09 21:28:06 - [TEST_STEP][PASSED] - Actual_SAS = getText(findTestObject("1. Constant/xpath", ["xpath":xpath_SAS])): Text of object 'Object Repository/1. Constant/xpath' is: '2. SAS S39: Skip Phase 1.2 / Add Phase 3.3'

2022-06-09 21:28:06 - [MESSAGE][PASSED] - Text of object 'Object Repository/1. Constant/xpath' is: '2. SAS S39: Skip Phase 1.2 / Add Phase 3.3'

2022-06-09 21:28:06 - [TEST_STEP][PASSED] - I.print(i): null

2022-06-09 21:28:06 - [TEST_STEP][PASSED] - if (Actual_SAS.contains(Expected_SAS_Selected)): null

2022-06-09 21:28:06 - [TEST_STEP][PASSED] - click(findTestObject("1. Constant/xpath", ["xpath":xpath_SAS])): Object: 'Object Repository/1. Constant/xpath' is clicked on

2022-06-09 21:28:07 - [MESSAGE][PASSED] - Object: 'Object Repository/1. Constant/xpath' is clicked on

2022-06-09 21:28:07 - [TEST_STEP][PASSED] - break: null

2022-06-09 21:28:07 - [TEST_STEP][PASSED] - takeScreenshot(): Taking screenshot successfully

2022-06-09 21:28:07 - [MESSAGE][PASSED] - Taking screenshot successfully
[[ATTACHMENT|D:\\Projet Test Auto\\Mediabox Test Automation\\Reports\\20220609_181011\\03. Parallel Testing (Testing)\\TS -PT PART 3\\14.06 Dreyers Support Action (Ongoing _ Completed ref) - PART 6\\20220609_181117\\1654802887288.png]]

2022-06-09 21:28:07 - [TEST_STEP][PASSED] - delay(1): Delayed 1 second(s)

2022-06-09 21:28:08 - [MESSAGE][PASSED] - Delayed 1 second(s)

2022-06-09 21:28:08 - [TEST_STEP][PASSED] - click(findTestObject("1. Constant/xpath", ["xpath":"//*[@id="confirmSupportActionShortcut"]"])): Object: 'Object Repository/1. Constant/xpath' is clicked on

2022-06-09 21:28:13 - [MESSAGE][PASSED] - Object: 'Object Repository/1. Constant/xpath' is clicked on

2022-06-09 21:28:13 - [TEST_STEP][PASSED] - click(findTestObject("1. Constant/xpath", ["xpath":"//*[@id="kt_content"]/div[3]/div/ul/li[3]/a"])): Object: 'Object Repository/1. Constant/xpath' is clicked on

2022-06-09 21:28:15 - [MESSAGE][PASSED] - Object: 'Object Repository/1. Constant/xpath' is clicked on

2022-06-09 21:28:15 - [TEST_STEP][PASSED] - takeScreenshot(): Taking screenshot successfully

2022-06-09 21:28:15 - [MESSAGE][PASSED] - Taking screenshot successfully
[[ATTACHMENT|D:\\Projet Test Auto\\Mediabox Test Automation\\Reports\\20220609_181011\\03. Parallel Testing (Testing)\\TS -PT PART 3\\14.06 Dreyers Support Action (Ongoing _ Completed ref) - PART 6\\20220609_181117\\1654802895240.png]]

2022-06-09 21:28:15 - [TEST_STEP][PASSED] - StepA_1 = getAttribute(findTestObject("1. Constant/xpath", ["xpath":"/html/body/div[1]/div[2]/div[8]/div[3]/div/div[3]/div[3]/div/ul/li[1]/a"]), "class"): Attribute 'class' of object 'Object Repository/1. Constant/xpath' is: 'nav-link timeline-badge badge-xl  bg-pending active'

2022-06-09 21:28:15 - [MESSAGE][PASSED] - Attribute 'class' of object 'Object Repository/1. Constant/xpath' is: 'nav-link timeline-badge badge-xl  bg-pending active'

2022-06-09 21:28:15 - [TEST_STEP][PASSED] - verifyMatch(StepA_1, "nav-link timeline-badge badge-xl  bg-pending active", false): Actual text 'nav-link timeline-badge badge-xl  bg-pending active' and expected text 'nav-link timeline-badge badge-xl  bg-pending active' are matched 

2022-06-09 21:28:15 - [MESSAGE][PASSED] - Actual text 'nav-link timeline-badge badge-xl  bg-pending active' and expected text 'nav-link timeline-badge badge-xl  bg-pending active' are matched 

2022-06-09 21:28:15 - [TEST_STEP][PASSED] - StepA_11 = I.Get_Stepname("/html/body/div[1]/div[2]/div[8]/div[3]/div/div[3]/div[3]/div/ul/li[1]/a"): Attribute 'href' of object 'Object Repository/1. Constant/xpath' is: 'http://mdb-release.diadeis.lan/MediaboxIndependence/Base/ExecAction?action=VoirRef&IDSession=MBI!RELTESTAUTO_DREYERS!FMP2AQE4924E61MP6A5L4O4Q53UXQPXMJPU6RJXV&num=AU6JE9BWSL&id_ref=5291#tab_lifecycle_SASStepA_12240'

2022-06-09 21:28:20 - [MESSAGE][PASSED] - Delayed 5 second(s)

2022-06-09 21:28:21 - [MESSAGE][PASSED] - Attribute 'href' of object 'Object Repository/1. Constant/xpath' is: 'http://mdb-release.diadeis.lan/MediaboxIndependence/Base/ExecAction?action=VoirRef&IDSession=MBI!RELTESTAUTO_DREYERS!FMP2AQE4924E61MP6A5L4O4Q53UXQPXMJPU6RJXV&num=AU6JE9BWSL&id_ref=5291#tab_lifecycle_SASStepA_12240'

2022-06-09 21:28:21 - [TEST_STEP][PASSED] - verifyMatch(StepA_11, "SASStepA", false): Actual text 'SASStepA' and expected text 'SASStepA' are matched 

2022-06-09 21:28:21 - [MESSAGE][PASSED] - Actual text 'SASStepA' and expected text 'SASStepA' are matched 

2022-06-09 21:28:21 - [TEST_STEP][PASSED] - Name_StepAP1_1 = getText(findTestObject("1. Constant/xpath", ["xpath":"/html/body/div[1]/div[2]/div[8]/div[3]/div/div[3]/div[3]/div/div/div[1]/div/div[1]/div/div[1]/div[1]/h3"])): Text of object 'Object Repository/1. Constant/xpath' is: 'Phase 1.1 [Standard]'

2022-06-09 21:28:22 - [MESSAGE][PASSED] - Text of object 'Object Repository/1. Constant/xpath' is: 'Phase 1.1 [Standard]'

2022-06-09 21:28:22 - [TEST_STEP][PASSED] - verifyMatch(Name_StepAP1_1, "Phase 1.1 [Standard]", false): Actual text 'Phase 1.1 [Standard]' and expected text 'Phase 1.1 [Standard]' are matched 

2022-06-09 21:28:22 - [MESSAGE][PASSED] - Actual text 'Phase 1.1 [Standard]' and expected text 'Phase 1.1 [Standard]' are matched 

2022-06-09 21:28:22 - [TEST_STEP][PASSED] - Status_StepAP1_1 = getAttribute(findTestObject("1. Constant/xpath", ["xpath":"/html/body/div[1]/div[2]/div[8]/div[3]/div/div[3]/div[3]/div/div/div[1]/div/div[1]/span"]), "class"): Attribute 'class' of object 'Object Repository/1. Constant/xpath' is: 'timeline-badge badge-md bg-complete '

2022-06-09 21:28:22 - [MESSAGE][PASSED] - Attribute 'class' of object 'Object Repository/1. Constant/xpath' is: 'timeline-badge badge-md bg-complete '

2022-06-09 21:28:22 - [TEST_STEP][PASSED] - verifyMatch(Status_StepAP1_1, "timeline-badge badge-md bg-complete ", false): Actual text 'timeline-badge badge-md bg-complete ' and expected text 'timeline-badge badge-md bg-complete ' are matched 

2022-06-09 21:28:22 - [MESSAGE][PASSED] - Actual text 'timeline-badge badge-md bg-complete ' and expected text 'timeline-badge badge-md bg-complete ' are matched 

2022-06-09 21:28:22 - [TEST_STEP][PASSED] - Name_StepAP1_2 = getText(findTestObject("1. Constant/xpath", ["xpath":"/html/body/div[1]/div[2]/div[8]/div[3]/div/div[3]/div[3]/div/div/div[1]/div/div[2]/div/div[1]/div[1]/h3"])): Text of object 'Object Repository/1. Constant/xpath' is: 'Phase 1.2 [Standard Phase]'

2022-06-09 21:28:22 - [MESSAGE][PASSED] - Text of object 'Object Repository/1. Constant/xpath' is: 'Phase 1.2 [Standard Phase]'

2022-06-09 21:28:22 - [TEST_STEP][PASSED] - verifyMatch(Name_StepAP1_2, "Phase 1.2 [Standard Phase]", false): Actual text 'Phase 1.2 [Standard Phase]' and expected text 'Phase 1.2 [Standard Phase]' are matched 

2022-06-09 21:28:22 - [MESSAGE][PASSED] - Actual text 'Phase 1.2 [Standard Phase]' and expected text 'Phase 1.2 [Standard Phase]' are matched 

2022-06-09 21:28:22 - [TEST_STEP][PASSED] - Status_StepAP1_2 = getAttribute(findTestObject("1. Constant/xpath", ["xpath":"/html/body/div[1]/div[2]/div[8]/div[3]/div/div[3]/div[3]/div/div/div[1]/div/div[2]/span"]), "class"): Attribute 'class' of object 'Object Repository/1. Constant/xpath' is: 'timeline-badge badge-md bg-pending timeline-vertical-after-xl'

2022-06-09 21:28:22 - [MESSAGE][PASSED] - Attribute 'class' of object 'Object Repository/1. Constant/xpath' is: 'timeline-badge badge-md bg-pending timeline-vertical-after-xl'

2022-06-09 21:28:22 - [TEST_STEP][PASSED] - verifyMatch(Status_StepAP1_2, "timeline-badge badge-md bg-pending timeline-vertical-after-xl", false): Actual text 'timeline-badge badge-md bg-pending timeline-vertical-after-xl' and expected text 'timeline-badge badge-md bg-pending timeline-vertical-after-xl' are matched 

2022-06-09 21:28:22 - [MESSAGE][PASSED] - Actual text 'timeline-badge badge-md bg-pending timeline-vertical-after-xl' and expected text 'timeline-badge badge-md bg-pending timeline-vertical-after-xl' are matched 

2022-06-09 21:28:22 - [TEST_STEP][PASSED] - StepC_2 = getAttribute(findTestObject("1. Constant/xpath", ["xpath":"/html/body/div[1]/div[2]/div[8]/div[3]/div/div[3]/div[3]/div/ul/li[2]/a"]), "class"): Attribute 'class' of object 'Object Repository/1. Constant/xpath' is: 'nav-link timeline-badge badge-xl  bg-waiting '

2022-06-09 21:28:22 - [MESSAGE][PASSED] - Attribute 'class' of object 'Object Repository/1. Constant/xpath' is: 'nav-link timeline-badge badge-xl  bg-waiting '

2022-06-09 21:28:22 - [TEST_STEP][PASSED] - verifyMatch(StepC_2, "nav-link timeline-badge badge-xl  bg-waiting ", false): Actual text 'nav-link timeline-badge badge-xl  bg-waiting ' and expected text 'nav-link timeline-badge badge-xl  bg-waiting ' are matched 

2022-06-09 21:28:22 - [MESSAGE][PASSED] - Actual text 'nav-link timeline-badge badge-xl  bg-waiting ' and expected text 'nav-link timeline-badge badge-xl  bg-waiting ' are matched 

2022-06-09 21:28:22 - [TEST_STEP][PASSED] - Name_StepC_2 = I.Get_Stepname("/html/body/div[1]/div[2]/div[8]/div[3]/div/div[3]/div[3]/div/ul/li[2]/a"): Attribute 'href' of object 'Object Repository/1. Constant/xpath' is: 'http://mdb-release.diadeis.lan/MediaboxIndependence/Base/ExecAction?action=VoirRef&IDSession=MBI!RELTESTAUTO_DREYERS!FMP2AQE4924E61MP6A5L4O4Q53UXQPXMJPU6RJXV&num=AU6JE9BWSL&id_ref=5291#tab_lifecycle_SASStepC_12243'

2022-06-09 21:28:27 - [MESSAGE][PASSED] - Delayed 5 second(s)

2022-06-09 21:28:27 - [MESSAGE][PASSED] - Attribute 'href' of object 'Object Repository/1. Constant/xpath' is: 'http://mdb-release.diadeis.lan/MediaboxIndependence/Base/ExecAction?action=VoirRef&IDSession=MBI!RELTESTAUTO_DREYERS!FMP2AQE4924E61MP6A5L4O4Q53UXQPXMJPU6RJXV&num=AU6JE9BWSL&id_ref=5291#tab_lifecycle_SASStepC_12243'

2022-06-09 21:28:27 - [TEST_STEP][PASSED] - verifyMatch(Name_StepC_2, "SASStepC", false): Actual text 'SASStepC' and expected text 'SASStepC' are matched 

2022-06-09 21:28:27 - [MESSAGE][PASSED] - Actual text 'SASStepC' and expected text 'SASStepC' are matched 

2022-06-09 21:28:27 - [TEST_STEP][PASSED] - click(findTestObject("1. Constant/xpath", ["xpath":"/html/body/div[1]/div[2]/div[8]/div[2]/div/nav/ol/li[2]/a"])): Object: 'Object Repository/1. Constant/xpath' is clicked on

2022-06-09 21:28:30 - [MESSAGE][PASSED] - Object: 'Object Repository/1. Constant/xpath' is clicked on

2022-06-09 21:28:30 - [TEST_STEP][PASSED] - I.Logout(): Delayed 3 second(s)

2022-06-09 21:28:33 - [MESSAGE][PASSED] - Delayed 3 second(s)

2022-06-09 21:28:33 - [MESSAGE][PASSED] - Object: 'Object Repository/1. Constant/xpath' is clicked on

2022-06-09 21:28:36 - [MESSAGE][PASSED] - Delayed 3 second(s)

2022-06-09 21:28:38 - [MESSAGE][PASSED] - Object: 'Object Repository/1. Constant/xpath' is clicked on

2022-06-09 21:28:41 - [MESSAGE][PASSED] - Delayed 3 second(s)

2022-06-09 21:28:41 - [TEST_STEP][PASSED] - I.Login_password("nturner", password_nturner): Object: 'Object Repository/1. Constant/xpath' is clicked on

2022-06-09 21:28:43 - [MESSAGE][PASSED] - Text 'nturner' is set on object 'Object Repository/1. Constant/xpath'

2022-06-09 21:28:44 - [MESSAGE][PASSED] - Delayed 1 second(s)

2022-06-09 21:28:45 - [MESSAGE][PASSED] - Text 'diadeis1' is set on object 'Object Repository/1. Constant/xpath'

2022-06-09 21:28:46 - [MESSAGE][PASSED] - Delayed 1 second(s)

2022-06-09 21:28:50 - [MESSAGE][PASSED] - Object: 'Object Repository/1. Constant/xpath' is clicked on

2022-06-09 21:28:50 - [TEST_STEP][PASSED] - click(findTestObject("1. Constant/02_LHSMenu_Projects")): Object: 'Object Repository/1. Constant/02_LHSMenu_Projects' is clicked on

2022-06-09 21:28:54 - [MESSAGE][PASSED] - Object: 'Object Repository/1. Constant/02_LHSMenu_Projects' is clicked on

2022-06-09 21:28:54 - [TEST_STEP][PASSED] - I.SearchProjectNo_xpath(Project_No, "//*[@id="keynum_project"]", "//*[@id="form_filters"]/div[4]/button"): Delayed 5 second(s)

2022-06-09 21:28:55 - [MESSAGE][PASSED] - Delayed 1 second(s)

2022-06-09 21:28:56 - [MESSAGE][PASSED] - Text 'MI000876' is set on object 'Object Repository/1. Constant/xpath'

2022-06-09 21:28:59 - [MESSAGE][PASSED] - Delayed 3 second(s)

2022-06-09 21:29:00 - [MESSAGE][PASSED] - Scroll to object 'Object Repository/1. Constant/xpath' successfully

2022-06-09 21:29:03 - [MESSAGE][PASSED] - Object: 'Object Repository/1. Constant/xpath' is clicked on

2022-06-09 21:29:08 - [MESSAGE][PASSED] - Delayed 5 second(s)

2022-06-09 21:29:08 - [TEST_STEP][PASSED] - takeScreenshot(): Taking screenshot successfully

2022-06-09 21:29:09 - [MESSAGE][PASSED] - Taking screenshot successfully
[[ATTACHMENT|D:\\Projet Test Auto\\Mediabox Test Automation\\Reports\\20220609_181011\\03. Parallel Testing (Testing)\\TS -PT PART 3\\14.06 Dreyers Support Action (Ongoing _ Completed ref) - PART 6\\20220609_181117\\1654802949072.png]]

2022-06-09 21:29:09 - [TEST_STEP][PASSED] - I.SearchRefNo_xpath("P31_Auto", "//*[@id="fiche_filter_keywords11"]", "//*[@id="form_filters"]/div[3]/button"): Delayed 5 second(s)

2022-06-09 21:29:10 - [MESSAGE][PASSED] - Delayed 1 second(s)

2022-06-09 21:29:11 - [MESSAGE][PASSED] - Text 'P31_Auto' is set on object 'Object Repository/1. Constant/xpath'

2022-06-09 21:29:14 - [MESSAGE][PASSED] - Delayed 3 second(s)

2022-06-09 21:29:14 - [MESSAGE][PASSED] - Scroll to object 'Object Repository/1. Constant/xpath' successfully

2022-06-09 21:29:17 - [MESSAGE][PASSED] - Object: 'Object Repository/1. Constant/xpath' is clicked on

2022-06-09 21:29:22 - [MESSAGE][PASSED] - Delayed 5 second(s)

2022-06-09 21:29:22 - [TEST_STEP][PASSED] - delay(1): Delayed 1 second(s)

2022-06-09 21:29:23 - [MESSAGE][PASSED] - Delayed 1 second(s)

2022-06-09 21:29:23 - [TEST_STEP][PASSED] - takeScreenshot(): Taking screenshot successfully

2022-06-09 21:29:23 - [MESSAGE][PASSED] - Taking screenshot successfully
[[ATTACHMENT|D:\\Projet Test Auto\\Mediabox Test Automation\\Reports\\20220609_181011\\03. Parallel Testing (Testing)\\TS -PT PART 3\\14.06 Dreyers Support Action (Ongoing _ Completed ref) - PART 6\\20220609_181117\\1654802963230.png]]

2022-06-09 21:29:23 - [TEST_STEP][PASSED] - Lifecycle_Status1 = getText(findTestObject("1. Constant/xpath", ["xpath":"//*[@id="source_" + refID31 + ""]/td[12]/span[1]"])): Text of object 'Object Repository/1. Constant/xpath' is: 'Phase 1.2 [Standard Phase]'

2022-06-09 21:29:23 - [MESSAGE][PASSED] - Text of object 'Object Repository/1. Constant/xpath' is: 'Phase 1.2 [Standard Phase]'

2022-06-09 21:29:23 - [TEST_STEP][PASSED] - verifyMatch(Lifecycle_Status1, "Phase 1.2 [Standard Phase]", false): Actual text 'Phase 1.2 [Standard Phase]' and expected text 'Phase 1.2 [Standard Phase]' are matched 

2022-06-09 21:29:23 - [MESSAGE][PASSED] - Actual text 'Phase 1.2 [Standard Phase]' and expected text 'Phase 1.2 [Standard Phase]' are matched 

2022-06-09 21:29:23 - [TEST_STEP][PASSED] - click(findTestObject("1. Constant/xpath", ["xpath":"//*[@id="source_" + refID31 + ""]/td[13]/a[2]"])): Object: 'Object Repository/1. Constant/xpath' is clicked on

2022-06-09 21:29:26 - [MESSAGE][PASSED] - Object: 'Object Repository/1. Constant/xpath' is clicked on

2022-06-09 21:29:26 - [TEST_STEP][PASSED] - click(findTestObject("1. Constant/xpath", ["xpath":"//*[@id="ModifFiche"]/div[1]/div/button[2]"])): Object: 'Object Repository/1. Constant/xpath' is clicked on

2022-06-09 21:29:33 - [MESSAGE][PASSED] - Object: 'Object Repository/1. Constant/xpath' is clicked on

2022-06-09 21:29:33 - [TEST_STEP][PASSED] - Lifecycle_Status4 = getText(findTestObject("1. Constant/xpath", ["xpath":"//*[@id="source_" + refID31 + ""]/td[12]/span[1]"])): Text of object 'Object Repository/1. Constant/xpath' is: 'Phase 3.3 [Standard]'

2022-06-09 21:29:33 - [MESSAGE][PASSED] - Text of object 'Object Repository/1. Constant/xpath' is: 'Phase 3.3 [Standard]'

2022-06-09 21:29:33 - [TEST_STEP][PASSED] - verifyMatch(Lifecycle_Status4, "Phase 3.3 [Standard]", false): Actual text 'Phase 3.3 [Standard]' and expected text 'Phase 3.3 [Standard]' are matched 

2022-06-09 21:29:33 - [MESSAGE][PASSED] - Actual text 'Phase 3.3 [Standard]' and expected text 'Phase 3.3 [Standard]' are matched 

2022-06-09 21:29:33 - [TEST_STEP][PASSED] - takeScreenshot(): Taking screenshot successfully

2022-06-09 21:29:34 - [MESSAGE][PASSED] - Taking screenshot successfully
[[ATTACHMENT|D:\\Projet Test Auto\\Mediabox Test Automation\\Reports\\20220609_181011\\03. Parallel Testing (Testing)\\TS -PT PART 3\\14.06 Dreyers Support Action (Ongoing _ Completed ref) - PART 6\\20220609_181117\\1654802973960.png]]

2022-06-09 21:29:34 - [TEST_STEP][PASSED] - I.Logout(): Delayed 3 second(s)

2022-06-09 21:29:37 - [MESSAGE][PASSED] - Delayed 3 second(s)

2022-06-09 21:29:37 - [MESSAGE][PASSED] - Object: 'Object Repository/1. Constant/xpath' is clicked on

2022-06-09 21:29:40 - [MESSAGE][PASSED] - Delayed 3 second(s)

2022-06-09 21:29:45 - [MESSAGE][PASSED] - Object: 'Object Repository/1. Constant/xpath' is clicked on

2022-06-09 21:29:48 - [MESSAGE][PASSED] - Delayed 3 second(s)

2022-06-09 21:29:48 - [TEST_STEP][PASSED] - I.Login_password("jryan", password_jryan): Object: 'Object Repository/1. Constant/xpath' is clicked on

2022-06-09 21:29:52 - [MESSAGE][PASSED] - Text 'jryan' is set on object 'Object Repository/1. Constant/xpath'

2022-06-09 21:29:53 - [MESSAGE][PASSED] - Delayed 1 second(s)

2022-06-09 21:29:57 - [MESSAGE][PASSED] - Text 'diadeis' is set on object 'Object Repository/1. Constant/xpath'

2022-06-09 21:29:58 - [MESSAGE][PASSED] - Delayed 1 second(s)

2022-06-09 21:30:04 - [MESSAGE][PASSED] - Object: 'Object Repository/1. Constant/xpath' is clicked on

2022-06-09 21:30:04 - [TEST_STEP][PASSED] - click(findTestObject("1. Constant/02_LHSMenu_Projects")): Object: 'Object Repository/1. Constant/02_LHSMenu_Projects' is clicked on

2022-06-09 21:30:09 - [MESSAGE][PASSED] - Object: 'Object Repository/1. Constant/02_LHSMenu_Projects' is clicked on

2022-06-09 21:30:09 - [TEST_STEP][PASSED] - I.SearchProjectNo_xpath(Project_No, "//*[@id="keynum_project"]", "//*[@id="form_filters"]/div[4]/button"): Delayed 5 second(s)

2022-06-09 21:30:10 - [MESSAGE][PASSED] - Delayed 1 second(s)

2022-06-09 21:30:14 - [MESSAGE][PASSED] - Text 'MI000876' is set on object 'Object Repository/1. Constant/xpath'

2022-06-09 21:30:17 - [MESSAGE][PASSED] - Delayed 3 second(s)

2022-06-09 21:30:17 - [MESSAGE][PASSED] - Scroll to object 'Object Repository/1. Constant/xpath' successfully

2022-06-09 21:30:21 - [MESSAGE][PASSED] - Object: 'Object Repository/1. Constant/xpath' is clicked on

2022-06-09 21:30:26 - [MESSAGE][PASSED] - Delayed 5 second(s)

2022-06-09 21:30:26 - [TEST_STEP][PASSED] - takeScreenshot(): Taking screenshot successfully

2022-06-09 21:30:26 - [MESSAGE][PASSED] - Taking screenshot successfully
[[ATTACHMENT|D:\\Projet Test Auto\\Mediabox Test Automation\\Reports\\20220609_181011\\03. Parallel Testing (Testing)\\TS -PT PART 3\\14.06 Dreyers Support Action (Ongoing _ Completed ref) - PART 6\\20220609_181117\\1654803026448.png]]

2022-06-09 21:30:26 - [TEST_STEP][PASSED] - I.SearchRefNo_xpath("P31_Auto", "//*[@id="fiche_filter_keywords11"]", "//*[@id="form_filters"]/div[3]/button"): Delayed 5 second(s)

2022-06-09 21:30:27 - [MESSAGE][PASSED] - Delayed 1 second(s)

2022-06-09 21:30:28 - [MESSAGE][PASSED] - Text 'P31_Auto' is set on object 'Object Repository/1. Constant/xpath'

2022-06-09 21:30:31 - [MESSAGE][PASSED] - Delayed 3 second(s)

2022-06-09 21:30:31 - [MESSAGE][PASSED] - Scroll to object 'Object Repository/1. Constant/xpath' successfully

2022-06-09 21:30:33 - [MESSAGE][PASSED] - Object: 'Object Repository/1. Constant/xpath' is clicked on

2022-06-09 21:30:38 - [MESSAGE][PASSED] - Delayed 5 second(s)

2022-06-09 21:30:38 - [TEST_STEP][PASSED] - takeScreenshot(): Taking screenshot successfully

2022-06-09 21:30:40 - [MESSAGE][PASSED] - Taking screenshot successfully
[[ATTACHMENT|D:\\Projet Test Auto\\Mediabox Test Automation\\Reports\\20220609_181011\\03. Parallel Testing (Testing)\\TS -PT PART 3\\14.06 Dreyers Support Action (Ongoing _ Completed ref) - PART 6\\20220609_181117\\1654803039364.png]]

2022-06-09 21:30:40 - [TEST_STEP][PASSED] - click(findTestObject("1. Constant/xpath", ["xpath":"//*[@id="source_" + refID31 + ""]/td[14]/a[2]"])): Object: 'Object Repository/1. Constant/xpath' is clicked on

2022-06-09 21:30:42 - [MESSAGE][PASSED] - Object: 'Object Repository/1. Constant/xpath' is clicked on

2022-06-09 21:30:42 - [TEST_STEP][PASSED] - click(findTestObject("1. Constant/xpath", ["xpath":"//*[@id="ModifFiche"]/div[1]/div/button[2]"])): Object: 'Object Repository/1. Constant/xpath' is clicked on

2022-06-09 21:30:45 - [MESSAGE][PASSED] - Object: 'Object Repository/1. Constant/xpath' is clicked on

2022-06-09 21:30:45 - [TEST_STEP][PASSED] - Lifecycle_Status8 = getText(findTestObject("1. Constant/xpath", ["xpath":"//*[@id="source_" + refID31 + ""]/td[12]/span[1]"])): Text of object 'Object Repository/1. Constant/xpath' is: 'Phase 2.1 [Production]'

2022-06-09 21:30:45 - [MESSAGE][PASSED] - Text of object 'Object Repository/1. Constant/xpath' is: 'Phase 2.1 [Production]'

2022-06-09 21:30:45 - [TEST_STEP][PASSED] - verifyMatch(Lifecycle_Status8, "Phase 2.1 [Production]", false): Actual text 'Phase 2.1 [Production]' and expected text 'Phase 2.1 [Production]' are matched 

2022-06-09 21:30:45 - [MESSAGE][PASSED] - Actual text 'Phase 2.1 [Production]' and expected text 'Phase 2.1 [Production]' are matched 

2022-06-09 21:30:45 - [TEST_STEP][PASSED] - I.Logout(): Delayed 3 second(s)

2022-06-09 21:30:48 - [MESSAGE][PASSED] - Delayed 3 second(s)

2022-06-09 21:30:48 - [MESSAGE][PASSED] - Object: 'Object Repository/1. Constant/xpath' is clicked on

2022-06-09 21:30:51 - [MESSAGE][PASSED] - Delayed 3 second(s)

2022-06-09 21:31:00 - [MESSAGE][PASSED] - Object: 'Object Repository/1. Constant/xpath' is clicked on

2022-06-09 21:31:03 - [MESSAGE][PASSED] - Delayed 3 second(s)

2022-06-09 21:31:03 - [TEST_STEP][PASSED] - I.Login_password("suser", password_suser): Object: 'Object Repository/1. Constant/xpath' is clicked on

2022-06-09 21:31:03 - [MESSAGE][PASSED] - Text 'suser' is set on object 'Object Repository/1. Constant/xpath'

2022-06-09 21:31:04 - [MESSAGE][PASSED] - Delayed 1 second(s)

2022-06-09 21:31:05 - [MESSAGE][PASSED] - Text 'diadeis' is set on object 'Object Repository/1. Constant/xpath'

2022-06-09 21:31:06 - [MESSAGE][PASSED] - Delayed 1 second(s)

2022-06-09 21:31:09 - [MESSAGE][PASSED] - Object: 'Object Repository/1. Constant/xpath' is clicked on

2022-06-09 21:31:09 - [TEST_STEP][PASSED] - click(findTestObject("1. Constant/02_LHSMenu_Projects")): Object: 'Object Repository/1. Constant/02_LHSMenu_Projects' is clicked on

2022-06-09 21:31:12 - [MESSAGE][PASSED] - Object: 'Object Repository/1. Constant/02_LHSMenu_Projects' is clicked on

2022-06-09 21:31:12 - [TEST_STEP][PASSED] - I.SearchProjectNo_xpath(Project_No, "//*[@id="keynum_project"]", "//*[@id="form_filters"]/div[4]/button"): Delayed 5 second(s)

2022-06-09 21:31:13 - [MESSAGE][PASSED] - Delayed 1 second(s)

2022-06-09 21:31:14 - [MESSAGE][PASSED] - Text 'MI000876' is set on object 'Object Repository/1. Constant/xpath'

2022-06-09 21:31:17 - [MESSAGE][PASSED] - Delayed 3 second(s)

2022-06-09 21:31:18 - [MESSAGE][PASSED] - Scroll to object 'Object Repository/1. Constant/xpath' successfully

2022-06-09 21:31:22 - [MESSAGE][PASSED] - Object: 'Object Repository/1. Constant/xpath' is clicked on

2022-06-09 21:31:27 - [MESSAGE][PASSED] - Delayed 5 second(s)

2022-06-09 21:31:27 - [TEST_STEP][PASSED] - takeScreenshot(): Taking screenshot successfully

2022-06-09 21:31:28 - [MESSAGE][PASSED] - Taking screenshot successfully
[[ATTACHMENT|D:\\Projet Test Auto\\Mediabox Test Automation\\Reports\\20220609_181011\\03. Parallel Testing (Testing)\\TS -PT PART 3\\14.06 Dreyers Support Action (Ongoing _ Completed ref) - PART 6\\20220609_181117\\1654803088105.png]]

2022-06-09 21:31:28 - [TEST_STEP][PASSED] - I.SearchRefNo_xpath("P31_Auto", "//*[@id="fiche_filter_keywords11"]", "//*[@id="form_filters"]/div[3]/button"): Delayed 5 second(s)

2022-06-09 21:31:29 - [MESSAGE][PASSED] - Delayed 1 second(s)

2022-06-09 21:31:30 - [MESSAGE][PASSED] - Text 'P31_Auto' is set on object 'Object Repository/1. Constant/xpath'

2022-06-09 21:31:33 - [MESSAGE][PASSED] - Delayed 3 second(s)

2022-06-09 21:31:34 - [MESSAGE][PASSED] - Scroll to object 'Object Repository/1. Constant/xpath' successfully

2022-06-09 21:31:36 - [MESSAGE][PASSED] - Object: 'Object Repository/1. Constant/xpath' is clicked on

2022-06-09 21:31:41 - [MESSAGE][PASSED] - Delayed 5 second(s)

2022-06-09 21:31:41 - [TEST_STEP][PASSED] - takeScreenshot(): Taking screenshot successfully

2022-06-09 21:31:42 - [MESSAGE][PASSED] - Taking screenshot successfully
[[ATTACHMENT|D:\\Projet Test Auto\\Mediabox Test Automation\\Reports\\20220609_181011\\03. Parallel Testing (Testing)\\TS -PT PART 3\\14.06 Dreyers Support Action (Ongoing _ Completed ref) - PART 6\\20220609_181117\\1654803102187.png]]

2022-06-09 21:31:42 - [TEST_STEP][PASSED] - delay(1): Delayed 1 second(s)

2022-06-09 21:31:43 - [MESSAGE][PASSED] - Delayed 1 second(s)

2022-06-09 21:31:43 - [TEST_STEP][PASSED] - color2 = getCSSValue(findTestObject("1. Constant/xpath", ["xpath":"//*[@id="source_" + refID31 + ""]/td[14]/a[2]"]), "color", OPTIONAL): Get CSS 'color' value on 'Object Repository/1. Constant/xpath' successfully: 'rgba(255, 255, 255, 1)'.

2022-06-09 21:31:44 - [MESSAGE][PASSED] - Get CSS 'color' value on 'Object Repository/1. Constant/xpath' successfully: 'rgba(255, 255, 255, 1)'.

2022-06-09 21:31:44 - [TEST_STEP][PASSED] - while (color2 == "rgba(255, 255, 255, 1)"): Get CSS 'color' value on 'Object Repository/1. Constant/xpath' successfully: 'rgba(54, 153, 255, 1)'.

2022-06-09 21:31:44 - [TEST_STEP][PASSED] - click(findTestObject("1. Constant/xpath", ["xpath":"//*[@id="source_" + refID31 + ""]/td[14]/a[2]"])): Object: 'Object Repository/1. Constant/xpath' is clicked on

2022-06-09 21:31:47 - [MESSAGE][PASSED] - Object: 'Object Repository/1. Constant/xpath' is clicked on

2022-06-09 21:31:47 - [TEST_STEP][PASSED] - I.UploadDoc_sendkey_Prod(findTestObject("1. Constant/xpath", ["xpath":"//*[@id="kt_body"]/input[2]"]), "D:\Upoad_File\Upload doc\testdata1.pdf", "testdata1"): Delayed 5 second(s)

2022-06-09 21:31:48 - [MESSAGE][PASSED] - Scroll to object 'Object Repository/1. Constant/xpath' successfully

2022-06-09 21:31:53 - [MESSAGE][PASSED] - Delayed 5 second(s)

2022-06-09 21:31:53 - [MESSAGE][PASSED] - File 'D:\Upoad_File\Upload doc\testdata1.pdf' sent to object: 'Object Repository/1. Constant/xpath'

2022-06-09 21:31:58 - [MESSAGE][PASSED] - Delayed 5 second(s)

2022-06-09 21:31:59 - [MESSAGE][PASSED] - Text 'testdata1' is present on page 

2022-06-09 21:32:04 - [MESSAGE][PASSED] - Delayed 5 second(s)

2022-06-09 21:32:09 - [MESSAGE][PASSED] - Delayed 5 second(s)

2022-06-09 21:32:09 - [TEST_STEP][PASSED] - takeScreenshot(): Taking screenshot successfully

2022-06-09 21:32:09 - [MESSAGE][PASSED] - Taking screenshot successfully
[[ATTACHMENT|D:\\Projet Test Auto\\Mediabox Test Automation\\Reports\\20220609_181011\\03. Parallel Testing (Testing)\\TS -PT PART 3\\14.06 Dreyers Support Action (Ongoing _ Completed ref) - PART 6\\20220609_181117\\1654803129391.png]]

2022-06-09 21:32:09 - [TEST_STEP][PASSED] - delay(8): Delayed 8 second(s)

2022-06-09 21:32:17 - [MESSAGE][PASSED] - Delayed 8 second(s)

2022-06-09 21:32:17 - [TEST_STEP][PASSED] - click(findTestObject("HL Full Lifecycle/12 ReferncePage_Button_Updatensenddoc")): Object: 'Object Repository/HL Full Lifecycle/12 ReferncePage_Button_Updatensenddoc' is clicked on

2022-06-09 21:32:21 - [MESSAGE][PASSED] - Object: 'Object Repository/HL Full Lifecycle/12 ReferncePage_Button_Updatensenddoc' is clicked on

2022-06-09 21:32:21 - [TEST_STEP][PASSED] - delay(4): Delayed 4 second(s)

2022-06-09 21:32:25 - [MESSAGE][PASSED] - Delayed 4 second(s)

2022-06-09 21:32:25 - [TEST_STEP][PASSED] - color2 = getCSSValue(findTestObject("1. Constant/xpath", ["xpath":"//*[@id="source_" + refID31 + ""]/td[14]/a[2]"]), "color", OPTIONAL): Get CSS 'color' value on 'Object Repository/1. Constant/xpath' successfully: 'rgba(54, 153, 255, 1)'.

2022-06-09 21:32:26 - [MESSAGE][PASSED] - Get CSS 'color' value on 'Object Repository/1. Constant/xpath' successfully: 'rgba(54, 153, 255, 1)'.

2022-06-09 21:32:26 - [TEST_STEP][PASSED] - takeScreenshot(): Taking screenshot successfully

2022-06-09 21:32:26 - [MESSAGE][PASSED] - Taking screenshot successfully
[[ATTACHMENT|D:\\Projet Test Auto\\Mediabox Test Automation\\Reports\\20220609_181011\\03. Parallel Testing (Testing)\\TS -PT PART 3\\14.06 Dreyers Support Action (Ongoing _ Completed ref) - PART 6\\20220609_181117\\1654803146341.png]]

2022-06-09 21:32:26 - [TEST_STEP][PASSED] - click(findTestObject("1. Constant/xpath", ["xpath":"//*[@id="source_" + refID31 + ""]/td[6]/a"])): Object: 'Object Repository/1. Constant/xpath' is clicked on

2022-06-09 21:32:28 - [MESSAGE][PASSED] - Object: 'Object Repository/1. Constant/xpath' is clicked on

2022-06-09 21:32:28 - [TEST_STEP][PASSED] - takeScreenshot(): Taking screenshot successfully

2022-06-09 21:32:29 - [MESSAGE][PASSED] - Taking screenshot successfully
[[ATTACHMENT|D:\\Projet Test Auto\\Mediabox Test Automation\\Reports\\20220609_181011\\03. Parallel Testing (Testing)\\TS -PT PART 3\\14.06 Dreyers Support Action (Ongoing _ Completed ref) - PART 6\\20220609_181117\\1654803149067.png]]

2022-06-09 21:32:29 - [TEST_STEP][PASSED] - delay(1): Delayed 1 second(s)

2022-06-09 21:32:30 - [MESSAGE][PASSED] - Delayed 1 second(s)

2022-06-09 21:32:30 - [TEST_STEP][PASSED] - I.Approveforothers("/html/body/div[1]/div[2]/div[8]/div[3]/div/div[3]/div[2]/div/div[3]/div/div[2]/div[1]/div/div[2]/div/div[2]/div[2]/div/div/div[1]/img", "/html/body/div[1]/div[2]/div[8]/div[3]/div/div[3]/div[2]/div/div[3]/div/div[2]/div[1]/div/div[2]/div/div[2]/div[2]/div/div/div[6]/a[2]/span"): Object: 'Object Repository/1. Constant/xpath' is clicked on

2022-06-09 21:32:31 - [MESSAGE][PASSED] - Object: 'Object Repository/1. Constant/xpath' is clicked on

2022-06-09 21:32:32 - [MESSAGE][PASSED] - Delayed 1 second(s)

2022-06-09 21:32:32 - [MESSAGE][PASSED] - Object: 'Object Repository/1. Constant/xpath' is clicked on

2022-06-09 21:32:33 - [MESSAGE][PASSED] - Delayed 1 second(s)

2022-06-09 21:32:34 - [MESSAGE][PASSED] - Object: 'Object Repository/1. Constant/xpath' is hovered

2022-06-09 21:32:34 - [MESSAGE][PASSED] - Object: 'Object Repository/1. Constant/xpath' is clicked on

2022-06-09 21:32:35 - [MESSAGE][PASSED] - Delayed 1 second(s)

2022-06-09 21:32:38 - [MESSAGE][PASSED] - Object: 'Object Repository/1. Constant/xpath' is clicked on

2022-06-09 21:32:38 - [TEST_STEP][PASSED] - delay(1): Delayed 1 second(s)

2022-06-09 21:32:39 - [MESSAGE][PASSED] - Delayed 1 second(s)

2022-06-09 21:32:39 - [TEST_STEP][PASSED] - click(findTestObject("1. Constant/xpath", ["xpath":"//*[@id="kt_subheader"]/div/nav/ol/li[2]/a"])): Object: 'Object Repository/1. Constant/xpath' is clicked on

2022-06-09 21:32:42 - [MESSAGE][PASSED] - Object: 'Object Repository/1. Constant/xpath' is clicked on

2022-06-09 21:32:42 - [TEST_STEP][PASSED] - delay(1): Delayed 1 second(s)

2022-06-09 21:32:43 - [MESSAGE][PASSED] - Delayed 1 second(s)

2022-06-09 21:32:43 - [TEST_STEP][PASSED] - Lifecycle_Status9 = getText(findTestObject("1. Constant/xpath", ["xpath":"//*[@id="source_" + refID31 + ""]/td[11]/span[1]"])): Text of object 'Object Repository/1. Constant/xpath' is: 'Phase 3.1 [Question]'

2022-06-09 21:32:43 - [MESSAGE][PASSED] - Text of object 'Object Repository/1. Constant/xpath' is: 'Phase 3.1 [Question]'

2022-06-09 21:32:43 - [TEST_STEP][PASSED] - verifyMatch(Lifecycle_Status9, "Phase 3.1 [Question]", false): Actual text 'Phase 3.1 [Question]' and expected text 'Phase 3.1 [Question]' are matched 

2022-06-09 21:32:43 - [MESSAGE][PASSED] - Actual text 'Phase 3.1 [Question]' and expected text 'Phase 3.1 [Question]' are matched 

2022-06-09 21:32:43 - [TEST_STEP][PASSED] - closeBrowser(): Browser is closed

2022-06-09 21:32:54 - [MESSAGE][PASSED] - Browser is closed

2022-06-09 21:32:54 - [TEST_STEP][PASSED] - Start listener action : sampleAfterTestCase: null]]></system-out>
         <system-err><![CDATA[]]></system-err>
      </testcase>
      <testcase name="Test Cases/19. Dreyers Support Action (Ongoing ref_completed)/19.32 Dreyers SAS Add Phase (Ongoing ref) S40 - P32" time="339.257" classname="Test Cases/19. Dreyers Support Action (Ongoing ref_completed)/19.32 Dreyers SAS Add Phase (Ongoing ref) S40 - P32" status="PASSED">
         <system-out><![CDATA[2022-06-09 21:32:54 - [TEST_CASE][PASSED] - Test Cases/19. Dreyers Support Action (Ongoing ref_completed)/19.32 Dreyers SAS Add Phase (Ongoing ref) S40 - P32: Test Cases/19. Dreyers Support Action (Ongoing ref_completed)/19.32 Dreyers SAS Add Phase (Ongoing ref) S40 - P32

2022-06-09 21:32:55 - [TEST_STEP][PASSED] - data_Dreyers = findTestData("Data Files/Username_Password/Dreyer"): null

2022-06-09 21:32:55 - [TEST_STEP][PASSED] - password_suser = data_Dreyers.getValue(2, 1): null

2022-06-09 21:32:55 - [TEST_STEP][PASSED] - password_blemco = data_Dreyers.getValue(2, 2): null

2022-06-09 21:32:55 - [TEST_STEP][PASSED] - password_nturner = data_Dreyers.getValue(2, 6): null

2022-06-09 21:32:55 - [TEST_STEP][PASSED] - password_jryan = data_Dreyers.getValue(2, 12): null

2022-06-09 21:32:55 - [TEST_STEP][PASSED] - data_urlRELAUTO = findTestData("Data Files/URL/URL_relauto"): null

2022-06-09 21:32:55 - [TEST_STEP][PASSED] - Url_Dreyer = data_urlRELAUTO.getValue(2, 4): null

2022-06-09 21:32:55 - [TEST_STEP][PASSED] - Project_No = I.readnotepad("D:\Upoad_File\Projet_ Login\Dreyers\19.1\19.1_Dreyers_ProjectNo.txt"): null

2022-06-09 21:32:55 - [TEST_STEP][PASSED] - refID = I.readnotepad("D:\Upoad_File\Projet_ Login\Dreyers\19.1\19.1_Dreyers_refID.txt"): null

2022-06-09 21:32:55 - [TEST_STEP][PASSED] - openBrowser(Url_Dreyer): Browser is opened with url: 'http://mdb-release.diadeis.lan/MediaboxIndependence/?MBI_datasource=RELTESTAUTO_DREYERS'

2022-06-09 21:32:55 - [MESSAGE][INFO] - Starting 'Chrome (headless)' driver

2022-06-09 21:32:55 - [MESSAGE][INFO] - User set preference: ['args', '[--window-size=1920,1080, --headless]']

2022-06-09 21:32:55 - [MESSAGE][INFO] - Action delay is set to 0 milliseconds

2022-06-09 21:33:09 - [MESSAGE][PASSED] - Browser is opened with url: 'http://mdb-release.diadeis.lan/MediaboxIndependence/?MBI_datasource=RELTESTAUTO_DREYERS'

2022-06-09 21:33:09 - [TEST_STEP][PASSED] - maximizeWindow(): Current window maximized

2022-06-09 21:33:10 - [MESSAGE][PASSED] - Current window maximized

2022-06-09 21:33:10 - [TEST_STEP][PASSED] - I.Login_password("blemco", password_blemco): Object: 'Object Repository/1. Constant/xpath' is clicked on

2022-06-09 21:33:10 - [MESSAGE][PASSED] - Text 'blemco' is set on object 'Object Repository/1. Constant/xpath'

2022-06-09 21:33:11 - [MESSAGE][PASSED] - Delayed 1 second(s)

2022-06-09 21:33:11 - [MESSAGE][PASSED] - Text 'diadeis1' is set on object 'Object Repository/1. Constant/xpath'

2022-06-09 21:33:12 - [MESSAGE][PASSED] - Delayed 1 second(s)

2022-06-09 21:33:22 - [MESSAGE][PASSED] - Object: 'Object Repository/1. Constant/xpath' is clicked on

2022-06-09 21:33:22 - [TEST_STEP][PASSED] - click(findTestObject("1. Constant/02_LHSMenu_Projects")): Object: 'Object Repository/1. Constant/02_LHSMenu_Projects' is clicked on

2022-06-09 21:33:25 - [MESSAGE][PASSED] - Object: 'Object Repository/1. Constant/02_LHSMenu_Projects' is clicked on

2022-06-09 21:33:25 - [TEST_STEP][PASSED] - I.SearchProjectNo_xpath(Project_No, "//*[@id="keynum_project"]", "//*[@id="form_filters"]/div[4]/button"): Delayed 5 second(s)

2022-06-09 21:33:26 - [MESSAGE][PASSED] - Delayed 1 second(s)

2022-06-09 21:33:27 - [MESSAGE][PASSED] - Text 'MI000876' is set on object 'Object Repository/1. Constant/xpath'

2022-06-09 21:33:30 - [MESSAGE][PASSED] - Delayed 3 second(s)

2022-06-09 21:33:30 - [MESSAGE][PASSED] - Scroll to object 'Object Repository/1. Constant/xpath' successfully

2022-06-09 21:33:35 - [MESSAGE][PASSED] - Object: 'Object Repository/1. Constant/xpath' is clicked on

2022-06-09 21:33:40 - [MESSAGE][PASSED] - Delayed 5 second(s)

2022-06-09 21:33:40 - [TEST_STEP][PASSED] - takeScreenshot(): Taking screenshot successfully

2022-06-09 21:33:41 - [MESSAGE][PASSED] - Taking screenshot successfully
[[ATTACHMENT|D:\\Projet Test Auto\\Mediabox Test Automation\\Reports\\20220609_181011\\03. Parallel Testing (Testing)\\TS -PT PART 3\\14.06 Dreyers Support Action (Ongoing _ Completed ref) - PART 6\\20220609_181117\\1654803220744.png]]

2022-06-09 21:33:41 - [TEST_STEP][PASSED] - click(findTestObject("1. Constant/xpath", ["xpath":"//*[@id="create_ref_btn"]/button"])): Object: 'Object Repository/1. Constant/xpath' is clicked on

2022-06-09 21:33:41 - [MESSAGE][PASSED] - Object: 'Object Repository/1. Constant/xpath' is clicked on

2022-06-09 21:33:41 - [TEST_STEP][PASSED] - click(findTestObject("1. Constant/xpath", ["xpath":"//*[@id="create_ref_btn"]/div/a"])): Object: 'Object Repository/1. Constant/xpath' is clicked on

2022-06-09 21:33:43 - [MESSAGE][PASSED] - Object: 'Object Repository/1. Constant/xpath' is clicked on

2022-06-09 21:33:43 - [TEST_STEP][PASSED] - delay(1): Delayed 1 second(s)

2022-06-09 21:33:44 - [MESSAGE][PASSED] - Delayed 1 second(s)

2022-06-09 21:33:44 - [TEST_STEP][PASSED] - selectOptionByValue(findTestObject("1. Constant/xpath", ["xpath":"//*[@id="lfc_tpl"]"]), "36", false): All options with value '36' are selected in object 'Object Repository/1. Constant/xpath' 

2022-06-09 21:33:46 - [MESSAGE][PASSED] - All options with value '36' are selected in object 'Object Repository/1. Constant/xpath' 

2022-06-09 21:33:46 - [TEST_STEP][PASSED] - ref_name = "P32_Auto_SAS_S39_" + RandomStringUtils.randomAlphanumeric(5) + I.gettimedate(): null

2022-06-09 21:33:46 - [TEST_STEP][PASSED] - delay(1): Delayed 1 second(s)

2022-06-09 21:33:47 - [MESSAGE][PASSED] - Delayed 1 second(s)

2022-06-09 21:33:47 - [TEST_STEP][PASSED] - setText(findTestObject("1. Constant/xpath", ["xpath":"//*[@id="var_name"]"]), ref_name): Text 'P32_Auto_SAS_S39_tGbz6juin092022_213346' is set on object 'Object Repository/1. Constant/xpath'

2022-06-09 21:33:48 - [MESSAGE][PASSED] - Text 'P32_Auto_SAS_S39_tGbz6juin092022_213346' is set on object 'Object Repository/1. Constant/xpath'

2022-06-09 21:33:48 - [TEST_STEP][PASSED] - takeScreenshot(): Taking screenshot successfully

2022-06-09 21:33:48 - [MESSAGE][PASSED] - Taking screenshot successfully
[[ATTACHMENT|D:\\Projet Test Auto\\Mediabox Test Automation\\Reports\\20220609_181011\\03. Parallel Testing (Testing)\\TS -PT PART 3\\14.06 Dreyers Support Action (Ongoing _ Completed ref) - PART 6\\20220609_181117\\1654803228315.png]]

2022-06-09 21:33:48 - [TEST_STEP][PASSED] - click(findTestObject("1. Constant/xpath", ["xpath":"//*[@id="createRefBottom"]"])): Object: 'Object Repository/1. Constant/xpath' is clicked on

2022-06-09 21:33:51 - [MESSAGE][PASSED] - Object: 'Object Repository/1. Constant/xpath' is clicked on

2022-06-09 21:33:51 - [TEST_STEP][PASSED] - delay(1): Delayed 1 second(s)

2022-06-09 21:33:52 - [MESSAGE][PASSED] - Delayed 1 second(s)

2022-06-09 21:33:52 - [TEST_STEP][PASSED] - takeScreenshot(): Taking screenshot successfully

2022-06-09 21:33:52 - [MESSAGE][PASSED] - Taking screenshot successfully
[[ATTACHMENT|D:\\Projet Test Auto\\Mediabox Test Automation\\Reports\\20220609_181011\\03. Parallel Testing (Testing)\\TS -PT PART 3\\14.06 Dreyers Support Action (Ongoing _ Completed ref) - PART 6\\20220609_181117\\1654803232298.png]]

2022-06-09 21:33:52 - [TEST_STEP][PASSED] - refID32 = I.RefID(): Current window's url is: 'http://mdb-release.diadeis.lan/MediaboxIndependence/Base/ExecAction?IDSession=MBI%21RELTESTAUTO_DREYERS%21KRPFIKYS7199PQU31761ZIJELI20OMUNRCQWQSEP&default_action=ModifierRef&id_project=MI000876&id_ref=5292&action_from=create_ref'

2022-06-09 21:33:57 - [MESSAGE][PASSED] - Delayed 5 second(s)

2022-06-09 21:33:57 - [MESSAGE][PASSED] - Current window's url is: 'http://mdb-release.diadeis.lan/MediaboxIndependence/Base/ExecAction?IDSession=MBI%21RELTESTAUTO_DREYERS%21KRPFIKYS7199PQU31761ZIJELI20OMUNRCQWQSEP&default_action=ModifierRef&id_project=MI000876&id_ref=5292&action_from=create_ref'

2022-06-09 21:33:57 - [TEST_STEP][PASSED] - I.print("refID" + refID32): null

2022-06-09 21:33:57 - [TEST_STEP][PASSED] - click(findTestObject("1. Constant/xpath", ["xpath":"//*[@id="type_save"]"])): Object: 'Object Repository/1. Constant/xpath' is clicked on

2022-06-09 21:34:03 - [MESSAGE][PASSED] - Object: 'Object Repository/1. Constant/xpath' is clicked on

2022-06-09 21:34:03 - [TEST_STEP][PASSED] - takeScreenshot(): Taking screenshot successfully

2022-06-09 21:34:03 - [MESSAGE][PASSED] - Taking screenshot successfully
[[ATTACHMENT|D:\\Projet Test Auto\\Mediabox Test Automation\\Reports\\20220609_181011\\03. Parallel Testing (Testing)\\TS -PT PART 3\\14.06 Dreyers Support Action (Ongoing _ Completed ref) - PART 6\\20220609_181117\\1654803243193.png]]

2022-06-09 21:34:03 - [TEST_STEP][PASSED] - delay(1): Delayed 1 second(s)

2022-06-09 21:34:04 - [MESSAGE][PASSED] - Delayed 1 second(s)

2022-06-09 21:34:04 - [TEST_STEP][PASSED] - I.SearchRefNo_xpath("P32_Auto", "//*[@id="fiche_filter_keywords11"]", "//*[@id="form_filters"]/div[3]/button"): Delayed 5 second(s)

2022-06-09 21:34:05 - [MESSAGE][PASSED] - Delayed 1 second(s)

2022-06-09 21:34:06 - [MESSAGE][PASSED] - Text 'P32_Auto' is set on object 'Object Repository/1. Constant/xpath'

2022-06-09 21:34:09 - [MESSAGE][PASSED] - Delayed 3 second(s)

2022-06-09 21:34:09 - [MESSAGE][PASSED] - Scroll to object 'Object Repository/1. Constant/xpath' successfully

2022-06-09 21:34:12 - [MESSAGE][PASSED] - Object: 'Object Repository/1. Constant/xpath' is clicked on

2022-06-09 21:34:17 - [MESSAGE][PASSED] - Delayed 5 second(s)

2022-06-09 21:34:17 - [TEST_STEP][PASSED] - click(findTestObject("1. Constant/xpath", ["xpath":"//*[@id="source_" + refID32 + ""]/td[13]/a[3]"])): Object: 'Object Repository/1. Constant/xpath' is clicked on

2022-06-09 21:34:19 - [MESSAGE][PASSED] - Object: 'Object Repository/1. Constant/xpath' is clicked on

2022-06-09 21:34:19 - [TEST_STEP][PASSED] - click(findTestObject("1. Constant/xpath", ["xpath":"//*[@id="ModifFiche"]/div[1]/div/button[2]"])): Object: 'Object Repository/1. Constant/xpath' is clicked on

2022-06-09 21:34:23 - [MESSAGE][PASSED] - Object: 'Object Repository/1. Constant/xpath' is clicked on

2022-06-09 21:34:23 - [TEST_STEP][PASSED] - delay(1): Delayed 1 second(s)

2022-06-09 21:34:24 - [MESSAGE][PASSED] - Delayed 1 second(s)

2022-06-09 21:34:24 - [TEST_STEP][PASSED] - click(findTestObject("1. Constant/xpath", ["xpath":"//*[@id="source_" + refID32 + ""]/td[13]/div[1]/button"])): Object: 'Object Repository/1. Constant/xpath' is clicked on

2022-06-09 21:34:24 - [MESSAGE][PASSED] - Object: 'Object Repository/1. Constant/xpath' is clicked on

2022-06-09 21:34:24 - [TEST_STEP][PASSED] - delay(1): Delayed 1 second(s)

2022-06-09 21:34:25 - [MESSAGE][PASSED] - Delayed 1 second(s)

2022-06-09 21:34:25 - [TEST_STEP][PASSED] - takeScreenshot(): Taking screenshot successfully

2022-06-09 21:34:26 - [MESSAGE][PASSED] - Taking screenshot successfully
[[ATTACHMENT|D:\\Projet Test Auto\\Mediabox Test Automation\\Reports\\20220609_181011\\03. Parallel Testing (Testing)\\TS -PT PART 3\\14.06 Dreyers Support Action (Ongoing _ Completed ref) - PART 6\\20220609_181117\\1654803265822.png]]

2022-06-09 21:34:26 - [TEST_STEP][PASSED] - delay(1): Delayed 1 second(s)

2022-06-09 21:34:27 - [MESSAGE][PASSED] - Delayed 1 second(s)

2022-06-09 21:34:27 - [TEST_STEP][PASSED] - x = 20: null

2022-06-09 21:34:27 - [TEST_STEP][PASSED] - i = 1: null

2022-06-09 21:34:27 - [TEST_STEP][PASSED] - while (i <= x): null

2022-06-09 21:34:27 - [TEST_STEP][PASSED] - Expected_SAS_Selected = "3. SAS S40: Add Phase 3.3/ Skip Phase 1.2": null

2022-06-09 21:34:27 - [TEST_STEP][PASSED] - xpath_SAS = "//*[@id="source_" + refID32 + ""]/td[13]/div[1]/div/a[" + i + "]": null

2022-06-09 21:34:27 - [TEST_STEP][PASSED] - Actual_SAS = getText(findTestObject("1. Constant/xpath", ["xpath":xpath_SAS])): Text of object 'Object Repository/1. Constant/xpath' is: '3. SAS S40: Add Phase 3.3/ Skip Phase 1.2'

2022-06-09 21:34:27 - [MESSAGE][PASSED] - Text of object 'Object Repository/1. Constant/xpath' is: '3. SAS S40: Add Phase 3.3/ Skip Phase 1.2'

2022-06-09 21:34:27 - [TEST_STEP][PASSED] - I.print(i): null

2022-06-09 21:34:27 - [TEST_STEP][PASSED] - if (Actual_SAS.contains(Expected_SAS_Selected)): null

2022-06-09 21:34:27 - [TEST_STEP][PASSED] - click(findTestObject("1. Constant/xpath", ["xpath":xpath_SAS])): Object: 'Object Repository/1. Constant/xpath' is clicked on

2022-06-09 21:34:27 - [MESSAGE][PASSED] - Object: 'Object Repository/1. Constant/xpath' is clicked on

2022-06-09 21:34:27 - [TEST_STEP][PASSED] - break: null

2022-06-09 21:34:27 - [TEST_STEP][PASSED] - takeScreenshot(): Taking screenshot successfully

2022-06-09 21:34:27 - [MESSAGE][PASSED] - Taking screenshot successfully
[[ATTACHMENT|D:\\Projet Test Auto\\Mediabox Test Automation\\Reports\\20220609_181011\\03. Parallel Testing (Testing)\\TS -PT PART 3\\14.06 Dreyers Support Action (Ongoing _ Completed ref) - PART 6\\20220609_181117\\1654803267606.png]]

2022-06-09 21:34:27 - [TEST_STEP][PASSED] - delay(1): Delayed 1 second(s)

2022-06-09 21:34:28 - [MESSAGE][PASSED] - Delayed 1 second(s)

2022-06-09 21:34:28 - [TEST_STEP][PASSED] - click(findTestObject("1. Constant/xpath", ["xpath":"//*[@id="confirmSupportActionShortcut"]"])): Object: 'Object Repository/1. Constant/xpath' is clicked on

2022-06-09 21:34:35 - [MESSAGE][PASSED] - Object: 'Object Repository/1. Constant/xpath' is clicked on

2022-06-09 21:34:35 - [TEST_STEP][PASSED] - click(findTestObject("1. Constant/xpath", ["xpath":"//*[@id="kt_content"]/div[3]/div/ul/li[3]/a"])): Object: 'Object Repository/1. Constant/xpath' is clicked on

2022-06-09 21:34:37 - [MESSAGE][PASSED] - Object: 'Object Repository/1. Constant/xpath' is clicked on

2022-06-09 21:34:37 - [TEST_STEP][PASSED] - takeScreenshot(): Taking screenshot successfully

2022-06-09 21:34:37 - [MESSAGE][PASSED] - Taking screenshot successfully
[[ATTACHMENT|D:\\Projet Test Auto\\Mediabox Test Automation\\Reports\\20220609_181011\\03. Parallel Testing (Testing)\\TS -PT PART 3\\14.06 Dreyers Support Action (Ongoing _ Completed ref) - PART 6\\20220609_181117\\1654803277147.png]]

2022-06-09 21:34:37 - [TEST_STEP][PASSED] - StepA_1 = getAttribute(findTestObject("1. Constant/xpath", ["xpath":"/html/body/div[1]/div[2]/div[8]/div[3]/div/div[3]/div[3]/div/ul/li[1]/a"]), "class"): Attribute 'class' of object 'Object Repository/1. Constant/xpath' is: 'nav-link timeline-badge badge-xl  bg-pending active'

2022-06-09 21:34:38 - [MESSAGE][PASSED] - Attribute 'class' of object 'Object Repository/1. Constant/xpath' is: 'nav-link timeline-badge badge-xl  bg-pending active'

2022-06-09 21:34:38 - [TEST_STEP][PASSED] - verifyMatch(StepA_1, "nav-link timeline-badge badge-xl  bg-pending active", false): Actual text 'nav-link timeline-badge badge-xl  bg-pending active' and expected text 'nav-link timeline-badge badge-xl  bg-pending active' are matched 

2022-06-09 21:34:38 - [MESSAGE][PASSED] - Actual text 'nav-link timeline-badge badge-xl  bg-pending active' and expected text 'nav-link timeline-badge badge-xl  bg-pending active' are matched 

2022-06-09 21:34:38 - [TEST_STEP][PASSED] - StepA_11 = I.Get_Stepname("/html/body/div[1]/div[2]/div[8]/div[3]/div/div[3]/div[3]/div/ul/li[1]/a"): Attribute 'href' of object 'Object Repository/1. Constant/xpath' is: 'http://mdb-release.diadeis.lan/MediaboxIndependence/Base/ExecAction?action=VoirRef&IDSession=MBI!RELTESTAUTO_DREYERS!KRPFIKYS7199PQU31761ZIJELI20OMUNRCQWQSEP&num=71NPFEGE45&id_ref=5292#tab_lifecycle_SASStepA_12244'

2022-06-09 21:34:43 - [MESSAGE][PASSED] - Delayed 5 second(s)

2022-06-09 21:34:43 - [MESSAGE][PASSED] - Attribute 'href' of object 'Object Repository/1. Constant/xpath' is: 'http://mdb-release.diadeis.lan/MediaboxIndependence/Base/ExecAction?action=VoirRef&IDSession=MBI!RELTESTAUTO_DREYERS!KRPFIKYS7199PQU31761ZIJELI20OMUNRCQWQSEP&num=71NPFEGE45&id_ref=5292#tab_lifecycle_SASStepA_12244'

2022-06-09 21:34:43 - [TEST_STEP][PASSED] - verifyMatch(StepA_11, "SASStepA", false): Actual text 'SASStepA' and expected text 'SASStepA' are matched 

2022-06-09 21:34:43 - [MESSAGE][PASSED] - Actual text 'SASStepA' and expected text 'SASStepA' are matched 

2022-06-09 21:34:43 - [TEST_STEP][PASSED] - Name_StepAP1_1 = getText(findTestObject("1. Constant/xpath", ["xpath":"/html/body/div[1]/div[2]/div[8]/div[3]/div/div[3]/div[3]/div/div/div[1]/div/div[1]/div/div[1]/div[1]/h3"])): Text of object 'Object Repository/1. Constant/xpath' is: 'Phase 1.1 [Standard]'

2022-06-09 21:34:44 - [MESSAGE][PASSED] - Text of object 'Object Repository/1. Constant/xpath' is: 'Phase 1.1 [Standard]'

2022-06-09 21:34:44 - [TEST_STEP][PASSED] - verifyMatch(Name_StepAP1_1, "Phase 1.1 [Standard]", false): Actual text 'Phase 1.1 [Standard]' and expected text 'Phase 1.1 [Standard]' are matched 

2022-06-09 21:34:44 - [MESSAGE][PASSED] - Actual text 'Phase 1.1 [Standard]' and expected text 'Phase 1.1 [Standard]' are matched 

2022-06-09 21:34:44 - [TEST_STEP][PASSED] - Status_StepAP1_1 = getAttribute(findTestObject("1. Constant/xpath", ["xpath":"/html/body/div[1]/div[2]/div[8]/div[3]/div/div[3]/div[3]/div/div/div[1]/div/div[1]/span"]), "class"): Attribute 'class' of object 'Object Repository/1. Constant/xpath' is: 'timeline-badge badge-md bg-complete '

2022-06-09 21:34:45 - [MESSAGE][PASSED] - Attribute 'class' of object 'Object Repository/1. Constant/xpath' is: 'timeline-badge badge-md bg-complete '

2022-06-09 21:34:45 - [TEST_STEP][PASSED] - verifyMatch(Status_StepAP1_1, "timeline-badge badge-md bg-complete ", false): Actual text 'timeline-badge badge-md bg-complete ' and expected text 'timeline-badge badge-md bg-complete ' are matched 

2022-06-09 21:34:45 - [MESSAGE][PASSED] - Actual text 'timeline-badge badge-md bg-complete ' and expected text 'timeline-badge badge-md bg-complete ' are matched 

2022-06-09 21:34:45 - [TEST_STEP][PASSED] - Name_StepAP1_2 = getText(findTestObject("1. Constant/xpath", ["xpath":"/html/body/div[1]/div[2]/div[8]/div[3]/div/div[3]/div[3]/div/div/div[1]/div/div[2]/div/div[1]/div[1]/h3"])): Text of object 'Object Repository/1. Constant/xpath' is: 'Phase 1.2 [Standard Phase]'

2022-06-09 21:34:45 - [MESSAGE][PASSED] - Text of object 'Object Repository/1. Constant/xpath' is: 'Phase 1.2 [Standard Phase]'

2022-06-09 21:34:45 - [TEST_STEP][PASSED] - verifyMatch(Name_StepAP1_2, "Phase 1.2 [Standard Phase]", false): Actual text 'Phase 1.2 [Standard Phase]' and expected text 'Phase 1.2 [Standard Phase]' are matched 

2022-06-09 21:34:45 - [MESSAGE][PASSED] - Actual text 'Phase 1.2 [Standard Phase]' and expected text 'Phase 1.2 [Standard Phase]' are matched 

2022-06-09 21:34:45 - [TEST_STEP][PASSED] - Status_StepAP1_2 = getAttribute(findTestObject("1. Constant/xpath", ["xpath":"/html/body/div[1]/div[2]/div[8]/div[3]/div/div[3]/div[3]/div/div/div[1]/div/div[2]/span"]), "class"): Attribute 'class' of object 'Object Repository/1. Constant/xpath' is: 'timeline-badge badge-md bg-pending timeline-vertical-after-xl'

2022-06-09 21:34:45 - [MESSAGE][PASSED] - Attribute 'class' of object 'Object Repository/1. Constant/xpath' is: 'timeline-badge badge-md bg-pending timeline-vertical-after-xl'

2022-06-09 21:34:45 - [TEST_STEP][PASSED] - verifyMatch(Status_StepAP1_2, "timeline-badge badge-md bg-pending timeline-vertical-after-xl", false): Actual text 'timeline-badge badge-md bg-pending timeline-vertical-after-xl' and expected text 'timeline-badge badge-md bg-pending timeline-vertical-after-xl' are matched 

2022-06-09 21:34:45 - [MESSAGE][PASSED] - Actual text 'timeline-badge badge-md bg-pending timeline-vertical-after-xl' and expected text 'timeline-badge badge-md bg-pending timeline-vertical-after-xl' are matched 

2022-06-09 21:34:45 - [TEST_STEP][PASSED] - StepC_2 = getAttribute(findTestObject("1. Constant/xpath", ["xpath":"/html/body/div[1]/div[2]/div[8]/div[3]/div/div[3]/div[3]/div/ul/li[2]/a"]), "class"): Attribute 'class' of object 'Object Repository/1. Constant/xpath' is: 'nav-link timeline-badge badge-xl  bg-waiting '

2022-06-09 21:34:45 - [MESSAGE][PASSED] - Attribute 'class' of object 'Object Repository/1. Constant/xpath' is: 'nav-link timeline-badge badge-xl  bg-waiting '

2022-06-09 21:34:45 - [TEST_STEP][PASSED] - verifyMatch(StepC_2, "nav-link timeline-badge badge-xl  bg-waiting ", false): Actual text 'nav-link timeline-badge badge-xl  bg-waiting ' and expected text 'nav-link timeline-badge badge-xl  bg-waiting ' are matched 

2022-06-09 21:34:45 - [MESSAGE][PASSED] - Actual text 'nav-link timeline-badge badge-xl  bg-waiting ' and expected text 'nav-link timeline-badge badge-xl  bg-waiting ' are matched 

2022-06-09 21:34:45 - [TEST_STEP][PASSED] - Name_StepC_2 = I.Get_Stepname("/html/body/div[1]/div[2]/div[8]/div[3]/div/div[3]/div[3]/div/ul/li[2]/a"): Attribute 'href' of object 'Object Repository/1. Constant/xpath' is: 'http://mdb-release.diadeis.lan/MediaboxIndependence/Base/ExecAction?action=VoirRef&IDSession=MBI!RELTESTAUTO_DREYERS!KRPFIKYS7199PQU31761ZIJELI20OMUNRCQWQSEP&num=71NPFEGE45&id_ref=5292#tab_lifecycle_SASStepC_12247'

2022-06-09 21:34:50 - [MESSAGE][PASSED] - Delayed 5 second(s)

2022-06-09 21:34:51 - [MESSAGE][PASSED] - Attribute 'href' of object 'Object Repository/1. Constant/xpath' is: 'http://mdb-release.diadeis.lan/MediaboxIndependence/Base/ExecAction?action=VoirRef&IDSession=MBI!RELTESTAUTO_DREYERS!KRPFIKYS7199PQU31761ZIJELI20OMUNRCQWQSEP&num=71NPFEGE45&id_ref=5292#tab_lifecycle_SASStepC_12247'

2022-06-09 21:34:51 - [TEST_STEP][PASSED] - verifyMatch(Name_StepC_2, "SASStepC", false): Actual text 'SASStepC' and expected text 'SASStepC' are matched 

2022-06-09 21:34:51 - [MESSAGE][PASSED] - Actual text 'SASStepC' and expected text 'SASStepC' are matched 

2022-06-09 21:34:51 - [TEST_STEP][PASSED] - click(findTestObject("1. Constant/xpath", ["xpath":"/html/body/div[1]/div[2]/div[8]/div[2]/div/nav/ol/li[2]/a"])): Object: 'Object Repository/1. Constant/xpath' is clicked on

2022-06-09 21:34:53 - [MESSAGE][PASSED] - Object: 'Object Repository/1. Constant/xpath' is clicked on

2022-06-09 21:34:53 - [TEST_STEP][PASSED] - I.Logout(): Delayed 3 second(s)

2022-06-09 21:34:56 - [MESSAGE][PASSED] - Delayed 3 second(s)

2022-06-09 21:34:56 - [MESSAGE][PASSED] - Object: 'Object Repository/1. Constant/xpath' is clicked on

2022-06-09 21:34:59 - [MESSAGE][PASSED] - Delayed 3 second(s)

2022-06-09 21:35:01 - [MESSAGE][PASSED] - Object: 'Object Repository/1. Constant/xpath' is clicked on

2022-06-09 21:35:04 - [MESSAGE][PASSED] - Delayed 3 second(s)

2022-06-09 21:35:04 - [TEST_STEP][PASSED] - I.Login_password("nturner", password_nturner): Object: 'Object Repository/1. Constant/xpath' is clicked on

2022-06-09 21:35:06 - [MESSAGE][PASSED] - Text 'nturner' is set on object 'Object Repository/1. Constant/xpath'

2022-06-09 21:35:07 - [MESSAGE][PASSED] - Delayed 1 second(s)

2022-06-09 21:35:07 - [MESSAGE][PASSED] - Text 'diadeis1' is set on object 'Object Repository/1. Constant/xpath'

2022-06-09 21:35:08 - [MESSAGE][PASSED] - Delayed 1 second(s)

2022-06-09 21:35:11 - [MESSAGE][PASSED] - Object: 'Object Repository/1. Constant/xpath' is clicked on

2022-06-09 21:35:11 - [TEST_STEP][PASSED] - click(findTestObject("1. Constant/02_LHSMenu_Projects")): Object: 'Object Repository/1. Constant/02_LHSMenu_Projects' is clicked on

2022-06-09 21:35:14 - [MESSAGE][PASSED] - Object: 'Object Repository/1. Constant/02_LHSMenu_Projects' is clicked on

2022-06-09 21:35:14 - [TEST_STEP][PASSED] - I.SearchProjectNo_xpath(Project_No, "//*[@id="keynum_project"]", "//*[@id="form_filters"]/div[4]/button"): Delayed 5 second(s)

2022-06-09 21:35:15 - [MESSAGE][PASSED] - Delayed 1 second(s)

2022-06-09 21:35:15 - [MESSAGE][PASSED] - Text 'MI000876' is set on object 'Object Repository/1. Constant/xpath'

2022-06-09 21:35:18 - [MESSAGE][PASSED] - Delayed 3 second(s)

2022-06-09 21:35:19 - [MESSAGE][PASSED] - Scroll to object 'Object Repository/1. Constant/xpath' successfully

2022-06-09 21:35:24 - [MESSAGE][PASSED] - Object: 'Object Repository/1. Constant/xpath' is clicked on

2022-06-09 21:35:29 - [MESSAGE][PASSED] - Delayed 5 second(s)

2022-06-09 21:35:29 - [TEST_STEP][PASSED] - takeScreenshot(): Taking screenshot successfully

2022-06-09 21:35:32 - [MESSAGE][PASSED] - Taking screenshot successfully
[[ATTACHMENT|D:\\Projet Test Auto\\Mediabox Test Automation\\Reports\\20220609_181011\\03. Parallel Testing (Testing)\\TS -PT PART 3\\14.06 Dreyers Support Action (Ongoing _ Completed ref) - PART 6\\20220609_181117\\1654803329183.png]]

2022-06-09 21:35:32 - [TEST_STEP][PASSED] - I.SearchRefNo_xpath("P32_Auto", "//*[@id="fiche_filter_keywords11"]", "//*[@id="form_filters"]/div[3]/button"): Delayed 5 second(s)

2022-06-09 21:35:33 - [MESSAGE][PASSED] - Delayed 1 second(s)

2022-06-09 21:35:35 - [MESSAGE][PASSED] - Text 'P32_Auto' is set on object 'Object Repository/1. Constant/xpath'

2022-06-09 21:35:38 - [MESSAGE][PASSED] - Delayed 3 second(s)

2022-06-09 21:35:38 - [MESSAGE][PASSED] - Scroll to object 'Object Repository/1. Constant/xpath' successfully

2022-06-09 21:35:40 - [MESSAGE][PASSED] - Object: 'Object Repository/1. Constant/xpath' is clicked on

2022-06-09 21:35:45 - [MESSAGE][PASSED] - Delayed 5 second(s)

2022-06-09 21:35:45 - [TEST_STEP][PASSED] - delay(1): Delayed 1 second(s)

2022-06-09 21:35:46 - [MESSAGE][PASSED] - Delayed 1 second(s)

2022-06-09 21:35:46 - [TEST_STEP][PASSED] - takeScreenshot(): Taking screenshot successfully

2022-06-09 21:35:46 - [MESSAGE][PASSED] - Taking screenshot successfully
[[ATTACHMENT|D:\\Projet Test Auto\\Mediabox Test Automation\\Reports\\20220609_181011\\03. Parallel Testing (Testing)\\TS -PT PART 3\\14.06 Dreyers Support Action (Ongoing _ Completed ref) - PART 6\\20220609_181117\\1654803346474.png]]

2022-06-09 21:35:46 - [TEST_STEP][PASSED] - Lifecycle_Status1 = getText(findTestObject("1. Constant/xpath", ["xpath":"//*[@id="source_" + refID32 + ""]/td[12]/span[1]"])): Text of object 'Object Repository/1. Constant/xpath' is: 'Phase 1.2 [Standard Phase]'

2022-06-09 21:35:47 - [MESSAGE][PASSED] - Text of object 'Object Repository/1. Constant/xpath' is: 'Phase 1.2 [Standard Phase]'

2022-06-09 21:35:47 - [TEST_STEP][PASSED] - verifyMatch(Lifecycle_Status1, "Phase 1.2 [Standard Phase]", false): Actual text 'Phase 1.2 [Standard Phase]' and expected text 'Phase 1.2 [Standard Phase]' are matched 

2022-06-09 21:35:47 - [MESSAGE][PASSED] - Actual text 'Phase 1.2 [Standard Phase]' and expected text 'Phase 1.2 [Standard Phase]' are matched 

2022-06-09 21:35:47 - [TEST_STEP][PASSED] - click(findTestObject("1. Constant/xpath", ["xpath":"//*[@id="source_" + refID32 + ""]/td[13]/a[2]"])): Object: 'Object Repository/1. Constant/xpath' is clicked on

2022-06-09 21:35:48 - [MESSAGE][PASSED] - Object: 'Object Repository/1. Constant/xpath' is clicked on

2022-06-09 21:35:48 - [TEST_STEP][PASSED] - click(findTestObject("1. Constant/xpath", ["xpath":"//*[@id="ModifFiche"]/div[1]/div/button[2]"])): Object: 'Object Repository/1. Constant/xpath' is clicked on

2022-06-09 21:35:52 - [MESSAGE][PASSED] - Object: 'Object Repository/1. Constant/xpath' is clicked on

2022-06-09 21:35:52 - [TEST_STEP][PASSED] - Lifecycle_Status4 = getText(findTestObject("1. Constant/xpath", ["xpath":"//*[@id="source_" + refID32 + ""]/td[12]/span[1]"])): Text of object 'Object Repository/1. Constant/xpath' is: 'Phase 3.3 [Standard]'

2022-06-09 21:35:53 - [MESSAGE][PASSED] - Text of object 'Object Repository/1. Constant/xpath' is: 'Phase 3.3 [Standard]'

2022-06-09 21:35:53 - [TEST_STEP][PASSED] - verifyMatch(Lifecycle_Status4, "Phase 3.3 [Standard]", false): Actual text 'Phase 3.3 [Standard]' and expected text 'Phase 3.3 [Standard]' are matched 

2022-06-09 21:35:53 - [MESSAGE][PASSED] - Actual text 'Phase 3.3 [Standard]' and expected text 'Phase 3.3 [Standard]' are matched 

2022-06-09 21:35:53 - [TEST_STEP][PASSED] - takeScreenshot(): Taking screenshot successfully

2022-06-09 21:35:54 - [MESSAGE][PASSED] - Taking screenshot successfully
[[ATTACHMENT|D:\\Projet Test Auto\\Mediabox Test Automation\\Reports\\20220609_181011\\03. Parallel Testing (Testing)\\TS -PT PART 3\\14.06 Dreyers Support Action (Ongoing _ Completed ref) - PART 6\\20220609_181117\\1654803353991.png]]

2022-06-09 21:35:54 - [TEST_STEP][PASSED] - I.Logout(): Delayed 3 second(s)

2022-06-09 21:35:57 - [MESSAGE][PASSED] - Delayed 3 second(s)

2022-06-09 21:35:57 - [MESSAGE][PASSED] - Object: 'Object Repository/1. Constant/xpath' is clicked on

2022-06-09 21:36:00 - [MESSAGE][PASSED] - Delayed 3 second(s)

2022-06-09 21:36:03 - [MESSAGE][PASSED] - Object: 'Object Repository/1. Constant/xpath' is clicked on

2022-06-09 21:36:06 - [MESSAGE][PASSED] - Delayed 3 second(s)

2022-06-09 21:36:06 - [TEST_STEP][PASSED] - I.Login_password("jryan", password_jryan): Object: 'Object Repository/1. Constant/xpath' is clicked on

2022-06-09 21:36:06 - [MESSAGE][PASSED] - Text 'jryan' is set on object 'Object Repository/1. Constant/xpath'

2022-06-09 21:36:07 - [MESSAGE][PASSED] - Delayed 1 second(s)

2022-06-09 21:36:07 - [MESSAGE][PASSED] - Text 'diadeis' is set on object 'Object Repository/1. Constant/xpath'

2022-06-09 21:36:08 - [MESSAGE][PASSED] - Delayed 1 second(s)

2022-06-09 21:36:11 - [MESSAGE][PASSED] - Object: 'Object Repository/1. Constant/xpath' is clicked on

2022-06-09 21:36:11 - [TEST_STEP][PASSED] - click(findTestObject("1. Constant/02_LHSMenu_Projects")): Object: 'Object Repository/1. Constant/02_LHSMenu_Projects' is clicked on

2022-06-09 21:36:15 - [MESSAGE][PASSED] - Object: 'Object Repository/1. Constant/02_LHSMenu_Projects' is clicked on

2022-06-09 21:36:15 - [TEST_STEP][PASSED] - I.SearchProjectNo_xpath(Project_No, "//*[@id="keynum_project"]", "//*[@id="form_filters"]/div[4]/button"): Delayed 5 second(s)

2022-06-09 21:36:16 - [MESSAGE][PASSED] - Delayed 1 second(s)

2022-06-09 21:36:17 - [MESSAGE][PASSED] - Text 'MI000876' is set on object 'Object Repository/1. Constant/xpath'

2022-06-09 21:36:20 - [MESSAGE][PASSED] - Delayed 3 second(s)

2022-06-09 21:36:20 - [MESSAGE][PASSED] - Scroll to object 'Object Repository/1. Constant/xpath' successfully

2022-06-09 21:36:23 - [MESSAGE][PASSED] - Object: 'Object Repository/1. Constant/xpath' is clicked on

2022-06-09 21:36:28 - [MESSAGE][PASSED] - Delayed 5 second(s)

2022-06-09 21:36:28 - [TEST_STEP][PASSED] - I.SearchRefNo_xpath("P32_Auto", "//*[@id="fiche_filter_keywords11"]", "//*[@id="form_filters"]/div[3]/button"): Delayed 5 second(s)

2022-06-09 21:36:29 - [MESSAGE][PASSED] - Delayed 1 second(s)

2022-06-09 21:36:31 - [MESSAGE][PASSED] - Text 'P32_Auto' is set on object 'Object Repository/1. Constant/xpath'

2022-06-09 21:36:34 - [MESSAGE][PASSED] - Delayed 3 second(s)

2022-06-09 21:36:34 - [MESSAGE][PASSED] - Scroll to object 'Object Repository/1. Constant/xpath' successfully

2022-06-09 21:36:37 - [MESSAGE][PASSED] - Object: 'Object Repository/1. Constant/xpath' is clicked on

2022-06-09 21:36:42 - [MESSAGE][PASSED] - Delayed 5 second(s)

2022-06-09 21:36:42 - [TEST_STEP][PASSED] - takeScreenshot(): Taking screenshot successfully

2022-06-09 21:36:42 - [MESSAGE][PASSED] - Taking screenshot successfully
[[ATTACHMENT|D:\\Projet Test Auto\\Mediabox Test Automation\\Reports\\20220609_181011\\03. Parallel Testing (Testing)\\TS -PT PART 3\\14.06 Dreyers Support Action (Ongoing _ Completed ref) - PART 6\\20220609_181117\\1654803402174.png]]

2022-06-09 21:36:42 - [TEST_STEP][PASSED] - click(findTestObject("1. Constant/xpath", ["xpath":"//*[@id="source_" + refID32 + ""]/td[14]/a[2]"])): Object: 'Object Repository/1. Constant/xpath' is clicked on

2022-06-09 21:36:43 - [MESSAGE][PASSED] - Object: 'Object Repository/1. Constant/xpath' is clicked on

2022-06-09 21:36:43 - [TEST_STEP][PASSED] - click(findTestObject("1. Constant/xpath", ["xpath":"//*[@id="ModifFiche"]/div[1]/div/button[2]"])): Object: 'Object Repository/1. Constant/xpath' is clicked on

2022-06-09 21:36:47 - [MESSAGE][PASSED] - Object: 'Object Repository/1. Constant/xpath' is clicked on

2022-06-09 21:36:47 - [TEST_STEP][PASSED] - Lifecycle_Status8 = getText(findTestObject("1. Constant/xpath", ["xpath":"//*[@id="source_" + refID32 + ""]/td[12]/span[1]"])): Text of object 'Object Repository/1. Constant/xpath' is: 'Phase 2.1 [Production]'

2022-06-09 21:36:48 - [MESSAGE][PASSED] - Text of object 'Object Repository/1. Constant/xpath' is: 'Phase 2.1 [Production]'

2022-06-09 21:36:48 - [TEST_STEP][PASSED] - verifyMatch(Lifecycle_Status8, "Phase 2.1 [Production]", false): Actual text 'Phase 2.1 [Production]' and expected text 'Phase 2.1 [Production]' are matched 

2022-06-09 21:36:48 - [MESSAGE][PASSED] - Actual text 'Phase 2.1 [Production]' and expected text 'Phase 2.1 [Production]' are matched 

2022-06-09 21:36:48 - [TEST_STEP][PASSED] - I.Logout(): Delayed 3 second(s)

2022-06-09 21:36:51 - [MESSAGE][PASSED] - Delayed 3 second(s)

2022-06-09 21:36:52 - [MESSAGE][PASSED] - Object: 'Object Repository/1. Constant/xpath' is clicked on

2022-06-09 21:36:55 - [MESSAGE][PASSED] - Delayed 3 second(s)

2022-06-09 21:36:57 - [MESSAGE][PASSED] - Object: 'Object Repository/1. Constant/xpath' is clicked on

2022-06-09 21:37:00 - [MESSAGE][PASSED] - Delayed 3 second(s)

2022-06-09 21:37:00 - [TEST_STEP][PASSED] - I.Login_password("suser", password_suser): Object: 'Object Repository/1. Constant/xpath' is clicked on

2022-06-09 21:37:00 - [MESSAGE][PASSED] - Text 'suser' is set on object 'Object Repository/1. Constant/xpath'

2022-06-09 21:37:01 - [MESSAGE][PASSED] - Delayed 1 second(s)

2022-06-09 21:37:01 - [MESSAGE][PASSED] - Text 'diadeis' is set on object 'Object Repository/1. Constant/xpath'

2022-06-09 21:37:02 - [MESSAGE][PASSED] - Delayed 1 second(s)

2022-06-09 21:37:05 - [MESSAGE][PASSED] - Object: 'Object Repository/1. Constant/xpath' is clicked on

2022-06-09 21:37:05 - [TEST_STEP][PASSED] - click(findTestObject("1. Constant/02_LHSMenu_Projects")): Object: 'Object Repository/1. Constant/02_LHSMenu_Projects' is clicked on

2022-06-09 21:37:07 - [MESSAGE][PASSED] - Object: 'Object Repository/1. Constant/02_LHSMenu_Projects' is clicked on

2022-06-09 21:37:07 - [TEST_STEP][PASSED] - I.SearchProjectNo_xpath(Project_No, "//*[@id="keynum_project"]", "//*[@id="form_filters"]/div[4]/button"): Delayed 5 second(s)

2022-06-09 21:37:08 - [MESSAGE][PASSED] - Delayed 1 second(s)

2022-06-09 21:37:09 - [MESSAGE][PASSED] - Text 'MI000876' is set on object 'Object Repository/1. Constant/xpath'

2022-06-09 21:37:12 - [MESSAGE][PASSED] - Delayed 3 second(s)

2022-06-09 21:37:12 - [MESSAGE][PASSED] - Scroll to object 'Object Repository/1. Constant/xpath' successfully

2022-06-09 21:37:17 - [MESSAGE][PASSED] - Object: 'Object Repository/1. Constant/xpath' is clicked on

2022-06-09 21:37:22 - [MESSAGE][PASSED] - Delayed 5 second(s)

2022-06-09 21:37:22 - [TEST_STEP][PASSED] - I.SearchRefNo_xpath("P32_Auto", "//*[@id="fiche_filter_keywords11"]", "//*[@id="form_filters"]/div[3]/button"): Delayed 5 second(s)

2022-06-09 21:37:23 - [MESSAGE][PASSED] - Delayed 1 second(s)

2022-06-09 21:37:23 - [MESSAGE][PASSED] - Text 'P32_Auto' is set on object 'Object Repository/1. Constant/xpath'

2022-06-09 21:37:26 - [MESSAGE][PASSED] - Delayed 3 second(s)

2022-06-09 21:37:27 - [MESSAGE][PASSED] - Scroll to object 'Object Repository/1. Constant/xpath' successfully

2022-06-09 21:37:29 - [MESSAGE][PASSED] - Object: 'Object Repository/1. Constant/xpath' is clicked on

2022-06-09 21:37:34 - [MESSAGE][PASSED] - Delayed 5 second(s)

2022-06-09 21:37:34 - [TEST_STEP][PASSED] - takeScreenshot(): Taking screenshot successfully

2022-06-09 21:37:34 - [MESSAGE][PASSED] - Taking screenshot successfully
[[ATTACHMENT|D:\\Projet Test Auto\\Mediabox Test Automation\\Reports\\20220609_181011\\03. Parallel Testing (Testing)\\TS -PT PART 3\\14.06 Dreyers Support Action (Ongoing _ Completed ref) - PART 6\\20220609_181117\\1654803454570.png]]

2022-06-09 21:37:34 - [TEST_STEP][PASSED] - delay(1): Delayed 1 second(s)

2022-06-09 21:37:35 - [MESSAGE][PASSED] - Delayed 1 second(s)

2022-06-09 21:37:35 - [TEST_STEP][PASSED] - color2 = getCSSValue(findTestObject("1. Constant/xpath", ["xpath":"//*[@id="source_" + refID32 + ""]/td[14]/a[2]"]), "color", OPTIONAL): Get CSS 'color' value on 'Object Repository/1. Constant/xpath' successfully: 'rgba(255, 255, 255, 1)'.

2022-06-09 21:37:36 - [MESSAGE][PASSED] - Get CSS 'color' value on 'Object Repository/1. Constant/xpath' successfully: 'rgba(255, 255, 255, 1)'.

2022-06-09 21:37:36 - [TEST_STEP][PASSED] - while (color2 == "rgba(255, 255, 255, 1)"): Get CSS 'color' value on 'Object Repository/1. Constant/xpath' successfully: 'rgba(54, 153, 255, 1)'.

2022-06-09 21:37:36 - [TEST_STEP][PASSED] - click(findTestObject("1. Constant/xpath", ["xpath":"//*[@id="source_" + refID32 + ""]/td[14]/a[2]"])): Object: 'Object Repository/1. Constant/xpath' is clicked on

2022-06-09 21:37:37 - [MESSAGE][PASSED] - Object: 'Object Repository/1. Constant/xpath' is clicked on

2022-06-09 21:37:37 - [TEST_STEP][PASSED] - I.UploadDoc_sendkey_Prod(findTestObject("1. Constant/xpath", ["xpath":"//*[@id="kt_body"]/input[2]"]), "D:\Upoad_File\Upload doc\testdata1.pdf", "testdata1"): Delayed 5 second(s)

2022-06-09 21:37:37 - [MESSAGE][PASSED] - Scroll to object 'Object Repository/1. Constant/xpath' successfully

2022-06-09 21:37:42 - [MESSAGE][PASSED] - Delayed 5 second(s)

2022-06-09 21:37:42 - [MESSAGE][PASSED] - File 'D:\Upoad_File\Upload doc\testdata1.pdf' sent to object: 'Object Repository/1. Constant/xpath'

2022-06-09 21:37:47 - [MESSAGE][PASSED] - Delayed 5 second(s)

2022-06-09 21:37:48 - [MESSAGE][PASSED] - Text 'testdata1' is present on page 

2022-06-09 21:37:53 - [MESSAGE][PASSED] - Delayed 5 second(s)

2022-06-09 21:37:58 - [MESSAGE][PASSED] - Delayed 5 second(s)

2022-06-09 21:37:58 - [TEST_STEP][PASSED] - takeScreenshot(): Taking screenshot successfully

2022-06-09 21:37:58 - [MESSAGE][PASSED] - Taking screenshot successfully
[[ATTACHMENT|D:\\Projet Test Auto\\Mediabox Test Automation\\Reports\\20220609_181011\\03. Parallel Testing (Testing)\\TS -PT PART 3\\14.06 Dreyers Support Action (Ongoing _ Completed ref) - PART 6\\20220609_181117\\1654803478389.png]]

2022-06-09 21:37:58 - [TEST_STEP][PASSED] - delay(8): Delayed 8 second(s)

2022-06-09 21:38:06 - [MESSAGE][PASSED] - Delayed 8 second(s)

2022-06-09 21:38:06 - [TEST_STEP][PASSED] - click(findTestObject("HL Full Lifecycle/12 ReferncePage_Button_Updatensenddoc")): Object: 'Object Repository/HL Full Lifecycle/12 ReferncePage_Button_Updatensenddoc' is clicked on

2022-06-09 21:38:11 - [MESSAGE][PASSED] - Object: 'Object Repository/HL Full Lifecycle/12 ReferncePage_Button_Updatensenddoc' is clicked on

2022-06-09 21:38:11 - [TEST_STEP][PASSED] - delay(4): Delayed 4 second(s)

2022-06-09 21:38:15 - [MESSAGE][PASSED] - Delayed 4 second(s)

2022-06-09 21:38:15 - [TEST_STEP][PASSED] - color2 = getCSSValue(findTestObject("1. Constant/xpath", ["xpath":"//*[@id="source_" + refID32 + ""]/td[14]/a[2]"]), "color", OPTIONAL): Get CSS 'color' value on 'Object Repository/1. Constant/xpath' successfully: 'rgba(54, 153, 255, 1)'.

2022-06-09 21:38:16 - [MESSAGE][PASSED] - Get CSS 'color' value on 'Object Repository/1. Constant/xpath' successfully: 'rgba(54, 153, 255, 1)'.

2022-06-09 21:38:16 - [TEST_STEP][PASSED] - takeScreenshot(): Taking screenshot successfully

2022-06-09 21:38:17 - [MESSAGE][PASSED] - Taking screenshot successfully
[[ATTACHMENT|D:\\Projet Test Auto\\Mediabox Test Automation\\Reports\\20220609_181011\\03. Parallel Testing (Testing)\\TS -PT PART 3\\14.06 Dreyers Support Action (Ongoing _ Completed ref) - PART 6\\20220609_181117\\1654803496696.png]]

2022-06-09 21:38:17 - [TEST_STEP][PASSED] - click(findTestObject("1. Constant/xpath", ["xpath":"//*[@id="source_" + refID32 + ""]/td[6]/a"])): Object: 'Object Repository/1. Constant/xpath' is clicked on

2022-06-09 21:38:19 - [MESSAGE][PASSED] - Object: 'Object Repository/1. Constant/xpath' is clicked on

2022-06-09 21:38:19 - [TEST_STEP][PASSED] - takeScreenshot(): Taking screenshot successfully

2022-06-09 21:38:19 - [MESSAGE][PASSED] - Taking screenshot successfully
[[ATTACHMENT|D:\\Projet Test Auto\\Mediabox Test Automation\\Reports\\20220609_181011\\03. Parallel Testing (Testing)\\TS -PT PART 3\\14.06 Dreyers Support Action (Ongoing _ Completed ref) - PART 6\\20220609_181117\\1654803499673.png]]

2022-06-09 21:38:19 - [TEST_STEP][PASSED] - delay(1): Delayed 1 second(s)

2022-06-09 21:38:20 - [MESSAGE][PASSED] - Delayed 1 second(s)

2022-06-09 21:38:20 - [TEST_STEP][PASSED] - I.Approveforothers("/html/body/div[1]/div[2]/div[8]/div[3]/div/div[3]/div[2]/div/div[3]/div/div[2]/div[1]/div/div[2]/div/div[2]/div[2]/div/div/div[1]/img", "/html/body/div[1]/div[2]/div[8]/div[3]/div/div[3]/div[2]/div/div[3]/div/div[2]/div[1]/div/div[2]/div/div[2]/div[2]/div/div/div[6]/a[2]/span"): Object: 'Object Repository/1. Constant/xpath' is clicked on

2022-06-09 21:38:22 - [MESSAGE][PASSED] - Object: 'Object Repository/1. Constant/xpath' is clicked on

2022-06-09 21:38:23 - [MESSAGE][PASSED] - Delayed 1 second(s)

2022-06-09 21:38:23 - [MESSAGE][PASSED] - Object: 'Object Repository/1. Constant/xpath' is clicked on

2022-06-09 21:38:24 - [MESSAGE][PASSED] - Delayed 1 second(s)

2022-06-09 21:38:24 - [MESSAGE][PASSED] - Object: 'Object Repository/1. Constant/xpath' is hovered

2022-06-09 21:38:24 - [MESSAGE][PASSED] - Object: 'Object Repository/1. Constant/xpath' is clicked on

2022-06-09 21:38:25 - [MESSAGE][PASSED] - Delayed 1 second(s)

2022-06-09 21:38:28 - [MESSAGE][PASSED] - Object: 'Object Repository/1. Constant/xpath' is clicked on

2022-06-09 21:38:28 - [TEST_STEP][PASSED] - delay(1): Delayed 1 second(s)

2022-06-09 21:38:29 - [MESSAGE][PASSED] - Delayed 1 second(s)

2022-06-09 21:38:29 - [TEST_STEP][PASSED] - click(findTestObject("1. Constant/xpath", ["xpath":"//*[@id="kt_subheader"]/div/nav/ol/li[2]/a"])): Object: 'Object Repository/1. Constant/xpath' is clicked on

2022-06-09 21:38:32 - [MESSAGE][PASSED] - Object: 'Object Repository/1. Constant/xpath' is clicked on

2022-06-09 21:38:32 - [TEST_STEP][PASSED] - delay(1): Delayed 1 second(s)

2022-06-09 21:38:33 - [MESSAGE][PASSED] - Delayed 1 second(s)

2022-06-09 21:38:33 - [TEST_STEP][PASSED] - Lifecycle_Status9 = getText(findTestObject("1. Constant/xpath", ["xpath":"//*[@id="source_" + refID32 + ""]/td[11]/span[1]"])): Text of object 'Object Repository/1. Constant/xpath' is: 'Phase 3.1 [Question]'

2022-06-09 21:38:33 - [MESSAGE][PASSED] - Text of object 'Object Repository/1. Constant/xpath' is: 'Phase 3.1 [Question]'

2022-06-09 21:38:33 - [TEST_STEP][PASSED] - verifyMatch(Lifecycle_Status9, "Phase 3.1 [Question]", false): Actual text 'Phase 3.1 [Question]' and expected text 'Phase 3.1 [Question]' are matched 

2022-06-09 21:38:33 - [MESSAGE][PASSED] - Actual text 'Phase 3.1 [Question]' and expected text 'Phase 3.1 [Question]' are matched 

2022-06-09 21:38:33 - [TEST_STEP][PASSED] - closeBrowser(): Browser is closed

2022-06-09 21:38:34 - [MESSAGE][PASSED] - Browser is closed

2022-06-09 21:38:34 - [TEST_STEP][PASSED] - Start listener action : sampleAfterTestCase: null]]></system-out>
         <system-err><![CDATA[]]></system-err>
      </testcase>
      <testcase name="Test Cases/19. Dreyers Support Action (Ongoing ref_completed)/19.33 Dreyers SAS Add Phase (Ongoing ref) S41 - P33" time="612.953" classname="Test Cases/19. Dreyers Support Action (Ongoing ref_completed)/19.33 Dreyers SAS Add Phase (Ongoing ref) S41 - P33" status="PASSED">
         <system-out><![CDATA[2022-06-09 21:38:34 - [TEST_CASE][PASSED] - Test Cases/19. Dreyers Support Action (Ongoing ref_completed)/19.33 Dreyers SAS Add Phase (Ongoing ref) S41 - P33: Test Cases/19. Dreyers Support Action (Ongoing ref_completed)/19.33 Dreyers SAS Add Phase (Ongoing ref) S41 - P33

2022-06-09 21:38:34 - [TEST_STEP][PASSED] - data_Dreyers = findTestData("Data Files/Username_Password/Dreyer"): null

2022-06-09 21:38:34 - [TEST_STEP][PASSED] - password_suser = data_Dreyers.getValue(2, 1): null

2022-06-09 21:38:34 - [TEST_STEP][PASSED] - password_blemco = data_Dreyers.getValue(2, 2): null

2022-06-09 21:38:34 - [TEST_STEP][PASSED] - password_nturner = data_Dreyers.getValue(2, 6): null

2022-06-09 21:38:34 - [TEST_STEP][PASSED] - password_lmary = data_Dreyers.getValue(2, 13): null

2022-06-09 21:38:34 - [TEST_STEP][PASSED] - data_urlRELAUTO = findTestData("Data Files/URL/URL_relauto"): null

2022-06-09 21:38:34 - [TEST_STEP][PASSED] - Url_Dreyer = data_urlRELAUTO.getValue(2, 4): null

2022-06-09 21:38:34 - [TEST_STEP][PASSED] - Project_No = I.readnotepad("D:\Upoad_File\Projet_ Login\Dreyers\19.1\19.1_Dreyers_ProjectNo.txt"): null

2022-06-09 21:38:34 - [TEST_STEP][PASSED] - refID = I.readnotepad("D:\Upoad_File\Projet_ Login\Dreyers\19.1\19.1_Dreyers_refID.txt"): null

2022-06-09 21:38:34 - [TEST_STEP][PASSED] - openBrowser(Url_Dreyer): Browser is opened with url: 'http://mdb-release.diadeis.lan/MediaboxIndependence/?MBI_datasource=RELTESTAUTO_DREYERS'

2022-06-09 21:38:34 - [MESSAGE][INFO] - Starting 'Chrome (headless)' driver

2022-06-09 21:38:34 - [MESSAGE][INFO] - User set preference: ['args', '[--window-size=1920,1080, --headless]']

2022-06-09 21:38:34 - [MESSAGE][INFO] - Action delay is set to 0 milliseconds

2022-06-09 21:38:42 - [MESSAGE][PASSED] - Browser is opened with url: 'http://mdb-release.diadeis.lan/MediaboxIndependence/?MBI_datasource=RELTESTAUTO_DREYERS'

2022-06-09 21:38:42 - [TEST_STEP][PASSED] - maximizeWindow(): Current window maximized

2022-06-09 21:38:42 - [MESSAGE][PASSED] - Current window maximized

2022-06-09 21:38:42 - [TEST_STEP][PASSED] - I.Login_password("suser", password_suser): Object: 'Object Repository/1. Constant/xpath' is clicked on

2022-06-09 21:38:43 - [MESSAGE][PASSED] - Text 'suser' is set on object 'Object Repository/1. Constant/xpath'

2022-06-09 21:38:44 - [MESSAGE][PASSED] - Delayed 1 second(s)

2022-06-09 21:38:45 - [MESSAGE][PASSED] - Text 'diadeis' is set on object 'Object Repository/1. Constant/xpath'

2022-06-09 21:38:46 - [MESSAGE][PASSED] - Delayed 1 second(s)

2022-06-09 21:38:53 - [MESSAGE][PASSED] - Object: 'Object Repository/1. Constant/xpath' is clicked on

2022-06-09 21:38:53 - [TEST_STEP][PASSED] - click(findTestObject("1. Constant/02_LHSMenu_Projects")): Object: 'Object Repository/1. Constant/02_LHSMenu_Projects' is clicked on

2022-06-09 21:38:56 - [MESSAGE][PASSED] - Object: 'Object Repository/1. Constant/02_LHSMenu_Projects' is clicked on

2022-06-09 21:38:56 - [TEST_STEP][PASSED] - I.SearchProjectNo_xpath(Project_No, "//*[@id="keynum_project"]", "//*[@id="form_filters"]/div[4]/button"): Delayed 5 second(s)

2022-06-09 21:38:57 - [MESSAGE][PASSED] - Delayed 1 second(s)

2022-06-09 21:38:57 - [MESSAGE][PASSED] - Text 'MI000876' is set on object 'Object Repository/1. Constant/xpath'

2022-06-09 21:39:00 - [MESSAGE][PASSED] - Delayed 3 second(s)

2022-06-09 21:39:01 - [MESSAGE][PASSED] - Scroll to object 'Object Repository/1. Constant/xpath' successfully

2022-06-09 21:39:07 - [MESSAGE][PASSED] - Object: 'Object Repository/1. Constant/xpath' is clicked on

2022-06-09 21:39:12 - [MESSAGE][PASSED] - Delayed 5 second(s)

2022-06-09 21:39:12 - [TEST_STEP][PASSED] - takeScreenshot(): Taking screenshot successfully

2022-06-09 21:39:13 - [MESSAGE][PASSED] - Taking screenshot successfully
[[ATTACHMENT|D:\\Projet Test Auto\\Mediabox Test Automation\\Reports\\20220609_181011\\03. Parallel Testing (Testing)\\TS -PT PART 3\\14.06 Dreyers Support Action (Ongoing _ Completed ref) - PART 6\\20220609_181117\\1654803553094.png]]

2022-06-09 21:39:13 - [TEST_STEP][PASSED] - click(findTestObject("1. Constant/xpath", ["xpath":"//*[@id="create_ref_btn"]/button"])): Object: 'Object Repository/1. Constant/xpath' is clicked on

2022-06-09 21:39:13 - [MESSAGE][PASSED] - Object: 'Object Repository/1. Constant/xpath' is clicked on

2022-06-09 21:39:13 - [TEST_STEP][PASSED] - delay(1): Delayed 1 second(s)

2022-06-09 21:39:14 - [MESSAGE][PASSED] - Delayed 1 second(s)

2022-06-09 21:39:14 - [TEST_STEP][PASSED] - click(findTestObject("1. Constant/xpath", ["xpath":"//*[@id="create_ref_btn"]/div/a"])): Object: 'Object Repository/1. Constant/xpath' is clicked on

2022-06-09 21:39:17 - [MESSAGE][PASSED] - Object: 'Object Repository/1. Constant/xpath' is clicked on

2022-06-09 21:39:17 - [TEST_STEP][PASSED] - delay(1): Delayed 1 second(s)

2022-06-09 21:39:18 - [MESSAGE][PASSED] - Delayed 1 second(s)

2022-06-09 21:39:18 - [TEST_STEP][PASSED] - selectOptionByValue(findTestObject("1. Constant/xpath", ["xpath":"//*[@id="lfc_tpl"]"]), "36", false): All options with value '36' are selected in object 'Object Repository/1. Constant/xpath' 

2022-06-09 21:39:19 - [MESSAGE][PASSED] - All options with value '36' are selected in object 'Object Repository/1. Constant/xpath' 

2022-06-09 21:39:19 - [TEST_STEP][PASSED] - ref_name = "P33_Auto_SAS_S41_" + RandomStringUtils.randomAlphanumeric(5) + I.gettimedate(): null

2022-06-09 21:39:19 - [TEST_STEP][PASSED] - delay(1): Delayed 1 second(s)

2022-06-09 21:39:20 - [MESSAGE][PASSED] - Delayed 1 second(s)

2022-06-09 21:39:20 - [TEST_STEP][PASSED] - setText(findTestObject("1. Constant/xpath", ["xpath":"//*[@id="var_name"]"]), ref_name): Text 'P33_Auto_SAS_S41_BF68sjuin092022_213919' is set on object 'Object Repository/1. Constant/xpath'

2022-06-09 21:39:21 - [MESSAGE][PASSED] - Text 'P33_Auto_SAS_S41_BF68sjuin092022_213919' is set on object 'Object Repository/1. Constant/xpath'

2022-06-09 21:39:21 - [TEST_STEP][PASSED] - takeScreenshot(): Taking screenshot successfully

2022-06-09 21:39:21 - [MESSAGE][PASSED] - Taking screenshot successfully
[[ATTACHMENT|D:\\Projet Test Auto\\Mediabox Test Automation\\Reports\\20220609_181011\\03. Parallel Testing (Testing)\\TS -PT PART 3\\14.06 Dreyers Support Action (Ongoing _ Completed ref) - PART 6\\20220609_181117\\1654803561183.png]]

2022-06-09 21:39:21 - [TEST_STEP][PASSED] - click(findTestObject("1. Constant/xpath", ["xpath":"//*[@id="createRefBottom"]"])): Object: 'Object Repository/1. Constant/xpath' is clicked on

2022-06-09 21:39:25 - [MESSAGE][PASSED] - Object: 'Object Repository/1. Constant/xpath' is clicked on

2022-06-09 21:39:25 - [TEST_STEP][PASSED] - delay(1): Delayed 1 second(s)

2022-06-09 21:39:26 - [MESSAGE][PASSED] - Delayed 1 second(s)

2022-06-09 21:39:26 - [TEST_STEP][PASSED] - takeScreenshot(): Taking screenshot successfully

2022-06-09 21:39:27 - [MESSAGE][PASSED] - Taking screenshot successfully
[[ATTACHMENT|D:\\Projet Test Auto\\Mediabox Test Automation\\Reports\\20220609_181011\\03. Parallel Testing (Testing)\\TS -PT PART 3\\14.06 Dreyers Support Action (Ongoing _ Completed ref) - PART 6\\20220609_181117\\1654803567050.png]]

2022-06-09 21:39:27 - [TEST_STEP][PASSED] - refID33 = I.RefID(): Current window's url is: 'http://mdb-release.diadeis.lan/MediaboxIndependence/Base/ExecAction?IDSession=MBI%21RELTESTAUTO_DREYERS%21H6IYIYQ9JNJXWJHEDJKBSMV23B9ZH9A5AVXM7VVW&default_action=ModifierRef&id_project=MI000876&id_ref=5293&action_from=create_ref'

2022-06-09 21:39:32 - [MESSAGE][PASSED] - Delayed 5 second(s)

2022-06-09 21:39:32 - [MESSAGE][PASSED] - Current window's url is: 'http://mdb-release.diadeis.lan/MediaboxIndependence/Base/ExecAction?IDSession=MBI%21RELTESTAUTO_DREYERS%21H6IYIYQ9JNJXWJHEDJKBSMV23B9ZH9A5AVXM7VVW&default_action=ModifierRef&id_project=MI000876&id_ref=5293&action_from=create_ref'

2022-06-09 21:39:32 - [TEST_STEP][PASSED] - click(findTestObject("1. Constant/xpath", ["xpath":"//*[@id="type_save"]"])): Object: 'Object Repository/1. Constant/xpath' is clicked on

2022-06-09 21:39:37 - [MESSAGE][PASSED] - Object: 'Object Repository/1. Constant/xpath' is clicked on

2022-06-09 21:39:37 - [TEST_STEP][PASSED] - takeScreenshot(): Taking screenshot successfully

2022-06-09 21:39:38 - [MESSAGE][PASSED] - Taking screenshot successfully
[[ATTACHMENT|D:\\Projet Test Auto\\Mediabox Test Automation\\Reports\\20220609_181011\\03. Parallel Testing (Testing)\\TS -PT PART 3\\14.06 Dreyers Support Action (Ongoing _ Completed ref) - PART 6\\20220609_181117\\1654803577967.png]]

2022-06-09 21:39:38 - [TEST_STEP][PASSED] - delay(1): Delayed 1 second(s)

2022-06-09 21:39:39 - [MESSAGE][PASSED] - Delayed 1 second(s)

2022-06-09 21:39:39 - [TEST_STEP][PASSED] - I.SearchRefNo_xpath("P33_Auto", "//*[@id="fiche_filter_keywords11"]", "//*[@id="form_filters"]/div[3]/button"): Delayed 5 second(s)

2022-06-09 21:39:40 - [MESSAGE][PASSED] - Delayed 1 second(s)

2022-06-09 21:39:40 - [MESSAGE][PASSED] - Text 'P33_Auto' is set on object 'Object Repository/1. Constant/xpath'

2022-06-09 21:39:43 - [MESSAGE][PASSED] - Delayed 3 second(s)

2022-06-09 21:39:44 - [MESSAGE][PASSED] - Scroll to object 'Object Repository/1. Constant/xpath' successfully

2022-06-09 21:39:47 - [MESSAGE][PASSED] - Object: 'Object Repository/1. Constant/xpath' is clicked on

2022-06-09 21:39:52 - [MESSAGE][PASSED] - Delayed 5 second(s)

2022-06-09 21:39:52 - [TEST_STEP][PASSED] - click(findTestObject("1. Constant/xpath", ["xpath":"//*[@id="source_" + refID33 + ""]/td[14]/a[3]"])): Object: 'Object Repository/1. Constant/xpath' is clicked on

2022-06-09 21:39:53 - [MESSAGE][PASSED] - Object: 'Object Repository/1. Constant/xpath' is clicked on

2022-06-09 21:39:53 - [TEST_STEP][PASSED] - click(findTestObject("1. Constant/xpath", ["xpath":"//*[@id="ModifFiche"]/div[1]/div/button[2]"])): Object: 'Object Repository/1. Constant/xpath' is clicked on

2022-06-09 21:39:57 - [MESSAGE][PASSED] - Object: 'Object Repository/1. Constant/xpath' is clicked on

2022-06-09 21:39:57 - [TEST_STEP][PASSED] - takeScreenshot(): Taking screenshot successfully

2022-06-09 21:39:57 - [MESSAGE][PASSED] - Taking screenshot successfully
[[ATTACHMENT|D:\\Projet Test Auto\\Mediabox Test Automation\\Reports\\20220609_181011\\03. Parallel Testing (Testing)\\TS -PT PART 3\\14.06 Dreyers Support Action (Ongoing _ Completed ref) - PART 6\\20220609_181117\\1654803597073.png]]

2022-06-09 21:39:57 - [TEST_STEP][PASSED] - delay(1): Delayed 1 second(s)

2022-06-09 21:39:58 - [MESSAGE][PASSED] - Delayed 1 second(s)

2022-06-09 21:39:58 - [TEST_STEP][PASSED] - click(findTestObject("1. Constant/xpath", ["xpath":"//*[@id="source_" + refID33 + ""]/td[14]/a[3]"])): Object: 'Object Repository/1. Constant/xpath' is clicked on

2022-06-09 21:40:02 - [MESSAGE][PASSED] - Object: 'Object Repository/1. Constant/xpath' is clicked on

2022-06-09 21:40:02 - [TEST_STEP][PASSED] - click(findTestObject("1. Constant/xpath", ["xpath":"//*[@id="ModifFiche"]/div[1]/div/button[2]"])): Object: 'Object Repository/1. Constant/xpath' is clicked on

2022-06-09 21:40:06 - [MESSAGE][PASSED] - Object: 'Object Repository/1. Constant/xpath' is clicked on

2022-06-09 21:40:06 - [TEST_STEP][PASSED] - takeScreenshot(): Taking screenshot successfully

2022-06-09 21:40:07 - [MESSAGE][PASSED] - Taking screenshot successfully
[[ATTACHMENT|D:\\Projet Test Auto\\Mediabox Test Automation\\Reports\\20220609_181011\\03. Parallel Testing (Testing)\\TS -PT PART 3\\14.06 Dreyers Support Action (Ongoing _ Completed ref) - PART 6\\20220609_181117\\1654803606483.png]]

2022-06-09 21:40:07 - [TEST_STEP][PASSED] - delay(1): Delayed 1 second(s)

2022-06-09 21:40:08 - [MESSAGE][PASSED] - Delayed 1 second(s)

2022-06-09 21:40:08 - [TEST_STEP][PASSED] - color1 = getCSSValue(findTestObject("1. Constant/xpath", ["xpath":"//*[@id="source_" + refID33 + ""]/td[14]/a[2]"]), "color", OPTIONAL): Get CSS 'color' value on 'Object Repository/1. Constant/xpath' successfully: 'rgba(255, 255, 255, 1)'.

2022-06-09 21:40:08 - [MESSAGE][PASSED] - Get CSS 'color' value on 'Object Repository/1. Constant/xpath' successfully: 'rgba(255, 255, 255, 1)'.

2022-06-09 21:40:08 - [TEST_STEP][PASSED] - while (color1 == "rgba(255, 255, 255, 1)"): Get CSS 'color' value on 'Object Repository/1. Constant/xpath' successfully: 'rgba(54, 153, 255, 1)'.

2022-06-09 21:40:08 - [TEST_STEP][PASSED] - click(findTestObject("1. Constant/xpath", ["xpath":"//*[@id="source_" + refID33 + ""]/td[14]/a[2]"])): Object: 'Object Repository/1. Constant/xpath' is clicked on

2022-06-09 21:40:09 - [MESSAGE][PASSED] - Object: 'Object Repository/1. Constant/xpath' is clicked on

2022-06-09 21:40:09 - [TEST_STEP][PASSED] - I.UploadDoc_sendkey_Prod(findTestObject("1. Constant/xpath", ["xpath":"//*[@id="kt_body"]/input[2]"]), "D:\Upoad_File\Upload doc\testdata1.pdf", "testdata1"): Delayed 5 second(s)

2022-06-09 21:40:09 - [MESSAGE][PASSED] - Scroll to object 'Object Repository/1. Constant/xpath' successfully

2022-06-09 21:40:14 - [MESSAGE][PASSED] - Delayed 5 second(s)

2022-06-09 21:40:15 - [MESSAGE][PASSED] - File 'D:\Upoad_File\Upload doc\testdata1.pdf' sent to object: 'Object Repository/1. Constant/xpath'

2022-06-09 21:40:20 - [MESSAGE][PASSED] - Delayed 5 second(s)

2022-06-09 21:40:21 - [MESSAGE][PASSED] - Text 'testdata1' is present on page 

2022-06-09 21:40:26 - [MESSAGE][PASSED] - Delayed 5 second(s)

2022-06-09 21:40:31 - [MESSAGE][PASSED] - Delayed 5 second(s)

2022-06-09 21:40:31 - [TEST_STEP][PASSED] - takeScreenshot(): Taking screenshot successfully

2022-06-09 21:40:31 - [MESSAGE][PASSED] - Taking screenshot successfully
[[ATTACHMENT|D:\\Projet Test Auto\\Mediabox Test Automation\\Reports\\20220609_181011\\03. Parallel Testing (Testing)\\TS -PT PART 3\\14.06 Dreyers Support Action (Ongoing _ Completed ref) - PART 6\\20220609_181117\\1654803631195.png]]

2022-06-09 21:40:31 - [TEST_STEP][PASSED] - delay(10): Delayed 10 second(s)

2022-06-09 21:40:41 - [MESSAGE][PASSED] - Delayed 10 second(s)

2022-06-09 21:40:41 - [TEST_STEP][PASSED] - click(findTestObject("HL Full Lifecycle/12 ReferncePage_Button_Updatensenddoc")): Object: 'Object Repository/HL Full Lifecycle/12 ReferncePage_Button_Updatensenddoc' is clicked on

2022-06-09 21:40:48 - [MESSAGE][PASSED] - Object: 'Object Repository/HL Full Lifecycle/12 ReferncePage_Button_Updatensenddoc' is clicked on

2022-06-09 21:40:48 - [TEST_STEP][PASSED] - delay(5): Delayed 5 second(s)

2022-06-09 21:40:53 - [MESSAGE][PASSED] - Delayed 5 second(s)

2022-06-09 21:40:53 - [TEST_STEP][PASSED] - color1 = getCSSValue(findTestObject("1. Constant/xpath", ["xpath":"//*[@id="source_" + refID33 + ""]/td[14]/a[2]"]), "color", OPTIONAL): Get CSS 'color' value on 'Object Repository/1. Constant/xpath' successfully: 'rgba(54, 153, 255, 1)'.

2022-06-09 21:40:53 - [MESSAGE][PASSED] - Get CSS 'color' value on 'Object Repository/1. Constant/xpath' successfully: 'rgba(54, 153, 255, 1)'.

2022-06-09 21:40:53 - [TEST_STEP][PASSED] - takeScreenshot(): Taking screenshot successfully

2022-06-09 21:40:54 - [MESSAGE][PASSED] - Taking screenshot successfully
[[ATTACHMENT|D:\\Projet Test Auto\\Mediabox Test Automation\\Reports\\20220609_181011\\03. Parallel Testing (Testing)\\TS -PT PART 3\\14.06 Dreyers Support Action (Ongoing _ Completed ref) - PART 6\\20220609_181117\\1654803653790.png]]

2022-06-09 21:40:54 - [TEST_STEP][PASSED] - click(findTestObject("1. Constant/xpath", ["xpath":"//*[@id="source_" + refID33 + ""]/td[6]/a"])): Object: 'Object Repository/1. Constant/xpath' is clicked on

2022-06-09 21:40:57 - [MESSAGE][PASSED] - Object: 'Object Repository/1. Constant/xpath' is clicked on

2022-06-09 21:40:57 - [TEST_STEP][PASSED] - takeScreenshot(): Taking screenshot successfully

2022-06-09 21:40:57 - [MESSAGE][PASSED] - Taking screenshot successfully
[[ATTACHMENT|D:\\Projet Test Auto\\Mediabox Test Automation\\Reports\\20220609_181011\\03. Parallel Testing (Testing)\\TS -PT PART 3\\14.06 Dreyers Support Action (Ongoing _ Completed ref) - PART 6\\20220609_181117\\1654803657439.png]]

2022-06-09 21:40:57 - [TEST_STEP][PASSED] - delay(1): Delayed 1 second(s)

2022-06-09 21:40:58 - [MESSAGE][PASSED] - Delayed 1 second(s)

2022-06-09 21:40:58 - [TEST_STEP][PASSED] - I.Approveforothers("/html/body/div[1]/div[2]/div[8]/div[3]/div/div[3]/div[2]/div/div[3]/div/div[2]/div[1]/div/div[2]/div/div[2]/div[2]/div/div/div[1]/img", "/html/body/div[1]/div[2]/div[8]/div[3]/div/div[3]/div[2]/div/div[3]/div/div[2]/div[1]/div/div[2]/div/div[2]/div[2]/div/div/div[6]/a[2]/span"): Object: 'Object Repository/1. Constant/xpath' is clicked on

2022-06-09 21:41:00 - [MESSAGE][PASSED] - Object: 'Object Repository/1. Constant/xpath' is clicked on

2022-06-09 21:41:01 - [MESSAGE][PASSED] - Delayed 1 second(s)

2022-06-09 21:41:03 - [MESSAGE][PASSED] - Object: 'Object Repository/1. Constant/xpath' is clicked on

2022-06-09 21:41:04 - [MESSAGE][PASSED] - Delayed 1 second(s)

2022-06-09 21:41:05 - [MESSAGE][PASSED] - Object: 'Object Repository/1. Constant/xpath' is hovered

2022-06-09 21:41:06 - [MESSAGE][PASSED] - Object: 'Object Repository/1. Constant/xpath' is clicked on

2022-06-09 21:41:07 - [MESSAGE][PASSED] - Delayed 1 second(s)

2022-06-09 21:41:13 - [MESSAGE][PASSED] - Object: 'Object Repository/1. Constant/xpath' is clicked on

2022-06-09 21:41:13 - [TEST_STEP][PASSED] - delay(1): Delayed 1 second(s)

2022-06-09 21:41:14 - [MESSAGE][PASSED] - Delayed 1 second(s)

2022-06-09 21:41:14 - [TEST_STEP][PASSED] - click(findTestObject("1. Constant/xpath", ["xpath":"//*[@id="kt_subheader"]/div/nav/ol/li[2]/a"])): Object: 'Object Repository/1. Constant/xpath' is clicked on

2022-06-09 21:41:16 - [MESSAGE][PASSED] - Object: 'Object Repository/1. Constant/xpath' is clicked on

2022-06-09 21:41:16 - [TEST_STEP][PASSED] - delay(1): Delayed 1 second(s)

2022-06-09 21:41:17 - [MESSAGE][PASSED] - Delayed 1 second(s)

2022-06-09 21:41:17 - [TEST_STEP][PASSED] - I.submitquesiton_ref(findTestObject("1. Constant/xpath", ["xpath":"//*[@id="source_" + refID33 + ""]/td[14]/div[1]/button"]), findTestObject("1. Constant/xpath", ["xpath":"//*[@id="source_" + refID33 + ""]/td[14]/div[1]/div/a[1]"])): Object: 'Object Repository/1. Constant/xpath' is clicked on

2022-06-09 21:41:18 - [MESSAGE][PASSED] - Object: 'Object Repository/1. Constant/xpath' is clicked on

2022-06-09 21:41:21 - [MESSAGE][PASSED] - Delayed 3 second(s)

2022-06-09 21:41:23 - [MESSAGE][PASSED] - Object: 'Object Repository/1. Constant/xpath' is clicked on

2022-06-09 21:41:23 - [TEST_STEP][PASSED] - click(findTestObject("1. Constant/xpath", ["xpath":"//*[@id="ModifFiche"]/div[1]/div/button[2]"])): Object: 'Object Repository/1. Constant/xpath' is clicked on

2022-06-09 21:41:28 - [MESSAGE][PASSED] - Object: 'Object Repository/1. Constant/xpath' is clicked on

2022-06-09 21:41:28 - [TEST_STEP][PASSED] - takeScreenshot(): Taking screenshot successfully

2022-06-09 21:41:29 - [MESSAGE][PASSED] - Taking screenshot successfully
[[ATTACHMENT|D:\\Projet Test Auto\\Mediabox Test Automation\\Reports\\20220609_181011\\03. Parallel Testing (Testing)\\TS -PT PART 3\\14.06 Dreyers Support Action (Ongoing _ Completed ref) - PART 6\\20220609_181117\\1654803688800.png]]

2022-06-09 21:41:29 - [TEST_STEP][PASSED] - I.submitquesiton_ref(findTestObject("1. Constant/xpath", ["xpath":"//*[@id="source_" + refID33 + ""]/td[14]/div[1]/button"]), findTestObject("1. Constant/xpath", ["xpath":"//*[@id="source_" + refID33 + ""]/td[14]/div[1]/div/a[1]"])): Object: 'Object Repository/1. Constant/xpath' is clicked on

2022-06-09 21:41:29 - [MESSAGE][PASSED] - Object: 'Object Repository/1. Constant/xpath' is clicked on

2022-06-09 21:41:32 - [MESSAGE][PASSED] - Delayed 3 second(s)

2022-06-09 21:41:35 - [MESSAGE][PASSED] - Object: 'Object Repository/1. Constant/xpath' is clicked on

2022-06-09 21:41:35 - [TEST_STEP][PASSED] - click(findTestObject("1. Constant/xpath", ["xpath":"//*[@id="ModifFiche"]/div[1]/div/button[2]"])): Object: 'Object Repository/1. Constant/xpath' is clicked on

2022-06-09 21:41:40 - [MESSAGE][PASSED] - Object: 'Object Repository/1. Constant/xpath' is clicked on

2022-06-09 21:41:40 - [TEST_STEP][PASSED] - takeScreenshot(): Taking screenshot successfully

2022-06-09 21:41:40 - [MESSAGE][PASSED] - Taking screenshot successfully
[[ATTACHMENT|D:\\Projet Test Auto\\Mediabox Test Automation\\Reports\\20220609_181011\\03. Parallel Testing (Testing)\\TS -PT PART 3\\14.06 Dreyers Support Action (Ongoing _ Completed ref) - PART 6\\20220609_181117\\1654803700470.png]]

2022-06-09 21:41:40 - [TEST_STEP][PASSED] - click(findTestObject("1. Constant/xpath", ["xpath":"//*[@id="source_" + refID33 + ""]/td[14]/a[3]"])): Object: 'Object Repository/1. Constant/xpath' is clicked on

2022-06-09 21:41:43 - [MESSAGE][PASSED] - Object: 'Object Repository/1. Constant/xpath' is clicked on

2022-06-09 21:41:43 - [TEST_STEP][PASSED] - click(findTestObject("1. Constant/xpath", ["xpath":"//*[@id="ModifFiche"]/div[1]/div/button[2]"])): Object: 'Object Repository/1. Constant/xpath' is clicked on

2022-06-09 21:41:46 - [MESSAGE][PASSED] - Object: 'Object Repository/1. Constant/xpath' is clicked on

2022-06-09 21:41:46 - [TEST_STEP][PASSED] - click(findTestObject("1. Constant/xpath", ["xpath":"//*[@id="source_" + refID33 + ""]/td[6]/a"])): Object: 'Object Repository/1. Constant/xpath' is clicked on

2022-06-09 21:41:50 - [MESSAGE][PASSED] - Object: 'Object Repository/1. Constant/xpath' is clicked on

2022-06-09 21:41:50 - [TEST_STEP][PASSED] - click(findTestObject("1. Constant/xpath", ["xpath":"//*[@id="kt_content"]/div[3]/div/ul/li[3]/a"])): Object: 'Object Repository/1. Constant/xpath' is clicked on

2022-06-09 21:41:53 - [MESSAGE][PASSED] - Object: 'Object Repository/1. Constant/xpath' is clicked on

2022-06-09 21:41:53 - [TEST_STEP][PASSED] - takeScreenshot(): Taking screenshot successfully

2022-06-09 21:41:54 - [MESSAGE][PASSED] - Taking screenshot successfully
[[ATTACHMENT|D:\\Projet Test Auto\\Mediabox Test Automation\\Reports\\20220609_181011\\03. Parallel Testing (Testing)\\TS -PT PART 3\\14.06 Dreyers Support Action (Ongoing _ Completed ref) - PART 6\\20220609_181117\\1654803714028.png]]

2022-06-09 21:41:54 - [TEST_STEP][PASSED] - click(findTestObject("1. Constant/xpath", ["xpath":"/html/body/div[1]/div[2]/div[8]/div[3]/div/div[3]/div[3]/div/div/div[3]/div/div[4]/div/div[1]/div[2]/div/button"])): Object: 'Object Repository/1. Constant/xpath' is clicked on

2022-06-09 21:41:54 - [MESSAGE][PASSED] - Object: 'Object Repository/1. Constant/xpath' is clicked on

2022-06-09 21:41:54 - [TEST_STEP][PASSED] - delay(1): Delayed 1 second(s)

2022-06-09 21:41:55 - [MESSAGE][PASSED] - Delayed 1 second(s)

2022-06-09 21:41:55 - [TEST_STEP][PASSED] - takeScreenshot(): Taking screenshot successfully

2022-06-09 21:41:56 - [MESSAGE][PASSED] - Taking screenshot successfully
[[ATTACHMENT|D:\\Projet Test Auto\\Mediabox Test Automation\\Reports\\20220609_181011\\03. Parallel Testing (Testing)\\TS -PT PART 3\\14.06 Dreyers Support Action (Ongoing _ Completed ref) - PART 6\\20220609_181117\\1654803716131.png]]

2022-06-09 21:41:56 - [TEST_STEP][PASSED] - delay(1): Delayed 1 second(s)

2022-06-09 21:41:57 - [MESSAGE][PASSED] - Delayed 1 second(s)

2022-06-09 21:41:57 - [TEST_STEP][PASSED] - x = 15: null

2022-06-09 21:41:57 - [TEST_STEP][PASSED] - i = 1: null

2022-06-09 21:41:57 - [TEST_STEP][PASSED] - while (i <= x): null

2022-06-09 21:41:57 - [TEST_STEP][PASSED] - Expected_SAS_Selected = "SAS S41: Add Phase 3.5 / Skip P3.4": null

2022-06-09 21:41:57 - [TEST_STEP][PASSED] - xpath_SAS = "/html/body/div[1]/div[2]/div[8]/div[3]/div/div[3]/div[3]/div/div/div[3]/div/div[4]/div/div[1]/div[2]/div/div/a[" + i + "]": null

2022-06-09 21:41:57 - [TEST_STEP][PASSED] - Actual_SAS = getText(findTestObject("1. Constant/xpath", ["xpath":xpath_SAS])): Text of object 'Object Repository/1. Constant/xpath' is: 'SAS S41: Add Phase 3.5 / Skip P3.4'

2022-06-09 21:41:57 - [MESSAGE][PASSED] - Text of object 'Object Repository/1. Constant/xpath' is: 'SAS S41: Add Phase 3.5 / Skip P3.4'

2022-06-09 21:41:57 - [TEST_STEP][PASSED] - I.print(i): null

2022-06-09 21:41:57 - [TEST_STEP][PASSED] - if (Actual_SAS.contains(Expected_SAS_Selected)): null

2022-06-09 21:41:57 - [TEST_STEP][PASSED] - click(findTestObject("1. Constant/xpath", ["xpath":xpath_SAS])): Object: 'Object Repository/1. Constant/xpath' is clicked on

2022-06-09 21:41:58 - [MESSAGE][PASSED] - Object: 'Object Repository/1. Constant/xpath' is clicked on

2022-06-09 21:41:58 - [TEST_STEP][PASSED] - break: null

2022-06-09 21:41:58 - [TEST_STEP][PASSED] - takeScreenshot(): Taking screenshot successfully

2022-06-09 21:41:58 - [MESSAGE][PASSED] - Taking screenshot successfully
[[ATTACHMENT|D:\\Projet Test Auto\\Mediabox Test Automation\\Reports\\20220609_181011\\03. Parallel Testing (Testing)\\TS -PT PART 3\\14.06 Dreyers Support Action (Ongoing _ Completed ref) - PART 6\\20220609_181117\\1654803718419.png]]

2022-06-09 21:41:58 - [TEST_STEP][PASSED] - click(findTestObject("1. Constant/xpath", ["xpath":"//*[@id="confirmSupportActionShortcut"]"])): Object: 'Object Repository/1. Constant/xpath' is clicked on

2022-06-09 21:42:02 - [MESSAGE][PASSED] - Object: 'Object Repository/1. Constant/xpath' is clicked on

2022-06-09 21:42:02 - [TEST_STEP][PASSED] - takeScreenshot(): Taking screenshot successfully

2022-06-09 21:42:02 - [MESSAGE][PASSED] - Taking screenshot successfully
[[ATTACHMENT|D:\\Projet Test Auto\\Mediabox Test Automation\\Reports\\20220609_181011\\03. Parallel Testing (Testing)\\TS -PT PART 3\\14.06 Dreyers Support Action (Ongoing _ Completed ref) - PART 6\\20220609_181117\\1654803722282.png]]

2022-06-09 21:42:02 - [TEST_STEP][PASSED] - click(findTestObject("1. Constant/xpath", ["xpath":"//*[@id="kt_content"]/div[3]/div/ul/li[3]/a"])): Object: 'Object Repository/1. Constant/xpath' is clicked on

2022-06-09 21:42:04 - [MESSAGE][PASSED] - Object: 'Object Repository/1. Constant/xpath' is clicked on

2022-06-09 21:42:04 - [TEST_STEP][PASSED] - takeScreenshot(): Taking screenshot successfully

2022-06-09 21:42:05 - [MESSAGE][PASSED] - Taking screenshot successfully
[[ATTACHMENT|D:\\Projet Test Auto\\Mediabox Test Automation\\Reports\\20220609_181011\\03. Parallel Testing (Testing)\\TS -PT PART 3\\14.06 Dreyers Support Action (Ongoing _ Completed ref) - PART 6\\20220609_181117\\1654803724731.png]]

2022-06-09 21:42:05 - [TEST_STEP][PASSED] - StepC_1 = getAttribute(findTestObject("1. Constant/xpath", ["xpath":"/html/body/div[1]/div[2]/div[8]/div[3]/div/div[3]/div[3]/div/ul/li[3]/a"]), "class"): Attribute 'class' of object 'Object Repository/1. Constant/xpath' is: 'nav-link timeline-badge badge-xl  bg-pending active'

2022-06-09 21:42:05 - [MESSAGE][PASSED] - Attribute 'class' of object 'Object Repository/1. Constant/xpath' is: 'nav-link timeline-badge badge-xl  bg-pending active'

2022-06-09 21:42:05 - [TEST_STEP][PASSED] - verifyMatch(StepC_1, "nav-link timeline-badge badge-xl  bg-pending active", false): Actual text 'nav-link timeline-badge badge-xl  bg-pending active' and expected text 'nav-link timeline-badge badge-xl  bg-pending active' are matched 

2022-06-09 21:42:05 - [MESSAGE][PASSED] - Actual text 'nav-link timeline-badge badge-xl  bg-pending active' and expected text 'nav-link timeline-badge badge-xl  bg-pending active' are matched 

2022-06-09 21:42:05 - [TEST_STEP][PASSED] - StepC_11 = I.Get_Stepname("/html/body/div[1]/div[2]/div[8]/div[3]/div/div[3]/div[3]/div/ul/li[3]/a"): Attribute 'href' of object 'Object Repository/1. Constant/xpath' is: 'http://mdb-release.diadeis.lan/MediaboxIndependence/Base/ExecAction?action=VoirRef&IDSession=MBI!RELTESTAUTO_DREYERS!H6IYIYQ9JNJXWJHEDJKBSMV23B9ZH9A5AVXM7VVW&num=UTQ0G5W6XB&id_ref=5293#tab_lifecycle_SASStepC_12250'

2022-06-09 21:42:10 - [MESSAGE][PASSED] - Delayed 5 second(s)

2022-06-09 21:42:10 - [MESSAGE][PASSED] - Attribute 'href' of object 'Object Repository/1. Constant/xpath' is: 'http://mdb-release.diadeis.lan/MediaboxIndependence/Base/ExecAction?action=VoirRef&IDSession=MBI!RELTESTAUTO_DREYERS!H6IYIYQ9JNJXWJHEDJKBSMV23B9ZH9A5AVXM7VVW&num=UTQ0G5W6XB&id_ref=5293#tab_lifecycle_SASStepC_12250'

2022-06-09 21:42:10 - [TEST_STEP][PASSED] - verifyMatch(StepC_11, "SASStepC", false): Actual text 'SASStepC' and expected text 'SASStepC' are matched 

2022-06-09 21:42:10 - [MESSAGE][PASSED] - Actual text 'SASStepC' and expected text 'SASStepC' are matched 

2022-06-09 21:42:10 - [TEST_STEP][PASSED] - delay(1): Delayed 1 second(s)

2022-06-09 21:42:11 - [MESSAGE][PASSED] - Delayed 1 second(s)

2022-06-09 21:42:11 - [TEST_STEP][PASSED] - Started_StepCP33_1 = getText(findTestObject("1. Constant/xpath", ["xpath":"/html/body/div[1]/div[2]/div[8]/div[3]/div/div[3]/div[3]/div/div/div[3]/div/div[4]/div/div[2]/div[1]"])): Text of object 'Object Repository/1. Constant/xpath' is: 'Started 06/09/22 03:41 PM'

2022-06-09 21:42:12 - [MESSAGE][PASSED] - Text of object 'Object Repository/1. Constant/xpath' is: 'Started 06/09/22 03:41 PM'

2022-06-09 21:42:12 - [TEST_STEP][PASSED] - if (Started_StepCP33_1.contains("Started")): Actual object '1' and expected object '1' are equal

2022-06-09 21:42:12 - [TEST_STEP][PASSED] - verifyEqual(1, 1): Actual object '1' and expected object '1' are equal

2022-06-09 21:42:12 - [MESSAGE][PASSED] - Actual object '1' and expected object '1' are equal

2022-06-09 21:42:12 - [TEST_STEP][PASSED] - click(findTestObject("1. Constant/xpath", ["xpath":"/html/body/div[1]/div[2]/div[8]/div[3]/div/div[3]/div[3]/div/div/div[3]/div/div[5]/div/div[1]/div[2]/a"])): Object: 'Object Repository/1. Constant/xpath' is clicked on

2022-06-09 21:42:13 - [MESSAGE][PASSED] - Object: 'Object Repository/1. Constant/xpath' is clicked on

2022-06-09 21:42:13 - [TEST_STEP][PASSED] - Name_Phase35 = getText(findTestObject("1. Constant/xpath", ["xpath":"/html/body/div[1]/div[2]/div[8]/div[3]/div/div[3]/div[3]/div/div/div[3]/div/div[5]/div/div[1]/div[1]/h3"])): Text of object 'Object Repository/1. Constant/xpath' is: 'Phase 3.5[Prod]'

2022-06-09 21:42:13 - [MESSAGE][PASSED] - Text of object 'Object Repository/1. Constant/xpath' is: 'Phase 3.5[Prod]'

2022-06-09 21:42:13 - [TEST_STEP][PASSED] - verifyMatch(Name_Phase35, "Phase 3.5[Prod]", false): Actual text 'Phase 3.5[Prod]' and expected text 'Phase 3.5[Prod]' are matched 

2022-06-09 21:42:13 - [MESSAGE][PASSED] - Actual text 'Phase 3.5[Prod]' and expected text 'Phase 3.5[Prod]' are matched 

2022-06-09 21:42:13 - [TEST_STEP][PASSED] - Started_StepCP35_1 = getText(findTestObject("1. Constant/xpath", ["xpath":"/html/body/div[1]/div[2]/div[8]/div[3]/div/div[3]/div[3]/div/div/div[3]/div/div[5]/div/div[2]/h6"])): Text of object 'Object Repository/1. Constant/xpath' is: 'Added manually 06/09/22 03:41 PM By s user'

2022-06-09 21:42:14 - [MESSAGE][PASSED] - Text of object 'Object Repository/1. Constant/xpath' is: 'Added manually 06/09/22 03:41 PM By s user'

2022-06-09 21:42:14 - [TEST_STEP][PASSED] - if (Started_StepCP35_1.contains("Added manually")): Actual object '1' and expected object '1' are equal

2022-06-09 21:42:14 - [TEST_STEP][PASSED] - verifyEqual(1, 1): Actual object '1' and expected object '1' are equal

2022-06-09 21:42:14 - [MESSAGE][PASSED] - Actual object '1' and expected object '1' are equal

2022-06-09 21:42:14 - [TEST_STEP][PASSED] - verifyElementNotPresent(findTestObject("1. Constant/xpath", ["xpath":"/html/body/div[1]/div[2]/div[8]/div[3]/div/div[3]/div[3]/div/div/div[3]/div/div[7]"]), 10): Web element with id: 'Object Repository/1. Constant/xpath' located by 'By.xpath: /html/body/div[1]/div[2]/div[8]/div[3]/div/div[3]/div[3]/div/div/div[3]/div/div[7]' is not present after '10' second(s)

2022-06-09 21:42:15 - [MESSAGE][PASSED] - Web element with id: 'Object Repository/1. Constant/xpath' located by 'By.xpath: /html/body/div[1]/div[2]/div[8]/div[3]/div/div[3]/div[3]/div/div/div[3]/div/div[7]' is not present after '10' second(s)

2022-06-09 21:42:15 - [TEST_STEP][PASSED] - verifyElementNotPresent(findTestObject("1. Constant/xpath", ["xpath":"/html/body/div[1]/div[2]/div[8]/div[3]/div/div[3]/div[3]/div/ul/li[4]/a"]), 10): Web element with id: 'Object Repository/1. Constant/xpath' located by 'By.xpath: /html/body/div[1]/div[2]/div[8]/div[3]/div/div[3]/div[3]/div/ul/li[4]/a' is not present after '10' second(s)

2022-06-09 21:42:15 - [MESSAGE][PASSED] - Web element with id: 'Object Repository/1. Constant/xpath' located by 'By.xpath: /html/body/div[1]/div[2]/div[8]/div[3]/div/div[3]/div[3]/div/ul/li[4]/a' is not present after '10' second(s)

2022-06-09 21:42:15 - [TEST_STEP][PASSED] - click(findTestObject("1. Constant/xpath", ["xpath":"/html/body/div[1]/div[2]/div[8]/div[2]/div/nav/ol/li[2]/a"])): Object: 'Object Repository/1. Constant/xpath' is clicked on

2022-06-09 21:42:18 - [MESSAGE][PASSED] - Object: 'Object Repository/1. Constant/xpath' is clicked on

2022-06-09 21:42:18 - [TEST_STEP][PASSED] - Lifecycle_Status1 = getText(findTestObject("1. Constant/xpath", ["xpath":"//*[@id="source_" + refID33 + ""]/td[11]/span[1]"])): Text of object 'Object Repository/1. Constant/xpath' is: 'Phase 3.4 [Standard]'

2022-06-09 21:42:18 - [MESSAGE][PASSED] - Text of object 'Object Repository/1. Constant/xpath' is: 'Phase 3.4 [Standard]'

2022-06-09 21:42:18 - [TEST_STEP][PASSED] - verifyMatch(Lifecycle_Status1, "Phase 3.4 [Standard]", false): Actual text 'Phase 3.4 [Standard]' and expected text 'Phase 3.4 [Standard]' are matched 

2022-06-09 21:42:18 - [MESSAGE][PASSED] - Actual text 'Phase 3.4 [Standard]' and expected text 'Phase 3.4 [Standard]' are matched 

2022-06-09 21:42:18 - [TEST_STEP][PASSED] - I.Logout(): Delayed 3 second(s)

2022-06-09 21:42:21 - [MESSAGE][PASSED] - Delayed 3 second(s)

2022-06-09 21:42:22 - [MESSAGE][PASSED] - Object: 'Object Repository/1. Constant/xpath' is clicked on

2022-06-09 21:42:25 - [MESSAGE][PASSED] - Delayed 3 second(s)

2022-06-09 21:42:28 - [MESSAGE][PASSED] - Object: 'Object Repository/1. Constant/xpath' is clicked on

2022-06-09 21:42:31 - [MESSAGE][PASSED] - Delayed 3 second(s)

2022-06-09 21:42:31 - [TEST_STEP][PASSED] - I.Login_password("nturner", password_nturner): Object: 'Object Repository/1. Constant/xpath' is clicked on

2022-06-09 21:42:31 - [MESSAGE][PASSED] - Text 'nturner' is set on object 'Object Repository/1. Constant/xpath'

2022-06-09 21:42:32 - [MESSAGE][PASSED] - Delayed 1 second(s)

2022-06-09 21:42:33 - [MESSAGE][PASSED] - Text 'diadeis1' is set on object 'Object Repository/1. Constant/xpath'

2022-06-09 21:42:34 - [MESSAGE][PASSED] - Delayed 1 second(s)

2022-06-09 21:42:37 - [MESSAGE][PASSED] - Object: 'Object Repository/1. Constant/xpath' is clicked on

2022-06-09 21:42:37 - [TEST_STEP][PASSED] - click(findTestObject("1. Constant/02_LHSMenu_Projects")): Object: 'Object Repository/1. Constant/02_LHSMenu_Projects' is clicked on

2022-06-09 21:42:40 - [MESSAGE][PASSED] - Object: 'Object Repository/1. Constant/02_LHSMenu_Projects' is clicked on

2022-06-09 21:42:40 - [TEST_STEP][PASSED] - I.SearchProjectNo_xpath(Project_No, "//*[@id="keynum_project"]", "//*[@id="form_filters"]/div[4]/button"): Delayed 5 second(s)

2022-06-09 21:42:41 - [MESSAGE][PASSED] - Delayed 1 second(s)

2022-06-09 21:42:44 - [MESSAGE][PASSED] - Text 'MI000876' is set on object 'Object Repository/1. Constant/xpath'

2022-06-09 21:42:47 - [MESSAGE][PASSED] - Delayed 3 second(s)

2022-06-09 21:42:47 - [MESSAGE][PASSED] - Scroll to object 'Object Repository/1. Constant/xpath' successfully

2022-06-09 21:42:51 - [MESSAGE][PASSED] - Object: 'Object Repository/1. Constant/xpath' is clicked on

2022-06-09 21:42:56 - [MESSAGE][PASSED] - Delayed 5 second(s)

2022-06-09 21:42:56 - [TEST_STEP][PASSED] - takeScreenshot(): Taking screenshot successfully

2022-06-09 21:42:56 - [MESSAGE][PASSED] - Taking screenshot successfully
[[ATTACHMENT|D:\\Projet Test Auto\\Mediabox Test Automation\\Reports\\20220609_181011\\03. Parallel Testing (Testing)\\TS -PT PART 3\\14.06 Dreyers Support Action (Ongoing _ Completed ref) - PART 6\\20220609_181117\\1654803776055.png]]

2022-06-09 21:42:56 - [TEST_STEP][PASSED] - I.SearchRefNo_xpath("P33_Auto", "//*[@id="fiche_filter_keywords11"]", "//*[@id="form_filters"]/div[3]/button"): Delayed 5 second(s)

2022-06-09 21:42:57 - [MESSAGE][PASSED] - Delayed 1 second(s)

2022-06-09 21:42:57 - [MESSAGE][PASSED] - Text 'P33_Auto' is set on object 'Object Repository/1. Constant/xpath'

2022-06-09 21:43:00 - [MESSAGE][PASSED] - Delayed 3 second(s)

2022-06-09 21:43:01 - [MESSAGE][PASSED] - Scroll to object 'Object Repository/1. Constant/xpath' successfully

2022-06-09 21:43:03 - [MESSAGE][PASSED] - Object: 'Object Repository/1. Constant/xpath' is clicked on

2022-06-09 21:43:08 - [MESSAGE][PASSED] - Delayed 5 second(s)

2022-06-09 21:43:08 - [TEST_STEP][PASSED] - click(findTestObject("1. Constant/xpath", ["xpath":"//*[@id="source_" + refID33 + ""]/td[13]/a[2]"])): Object: 'Object Repository/1. Constant/xpath' is clicked on

2022-06-09 21:43:11 - [MESSAGE][PASSED] - Object: 'Object Repository/1. Constant/xpath' is clicked on

2022-06-09 21:43:11 - [TEST_STEP][PASSED] - click(findTestObject("1. Constant/xpath", ["xpath":"//*[@id="ModifFiche"]/div[1]/div/button[2]"])): Object: 'Object Repository/1. Constant/xpath' is clicked on

2022-06-09 21:43:13 - [MESSAGE][PASSED] - Object: 'Object Repository/1. Constant/xpath' is clicked on

2022-06-09 21:43:13 - [TEST_STEP][PASSED] - Lifecycle_Status2 = getText(findTestObject("1. Constant/xpath", ["xpath":"//*[@id="source_" + refID33 + ""]/td[12]/span[1]"])): Text of object 'Object Repository/1. Constant/xpath' is: 'Phase 3.5[Prod]'

2022-06-09 21:43:14 - [MESSAGE][PASSED] - Text of object 'Object Repository/1. Constant/xpath' is: 'Phase 3.5[Prod]'

2022-06-09 21:43:14 - [TEST_STEP][PASSED] - verifyMatch(Lifecycle_Status2, "Phase 3.5[Prod]", false): Actual text 'Phase 3.5[Prod]' and expected text 'Phase 3.5[Prod]' are matched 

2022-06-09 21:43:14 - [MESSAGE][PASSED] - Actual text 'Phase 3.5[Prod]' and expected text 'Phase 3.5[Prod]' are matched 

2022-06-09 21:43:14 - [TEST_STEP][PASSED] - takeScreenshot(): Taking screenshot successfully

2022-06-09 21:43:14 - [MESSAGE][PASSED] - Taking screenshot successfully
[[ATTACHMENT|D:\\Projet Test Auto\\Mediabox Test Automation\\Reports\\20220609_181011\\03. Parallel Testing (Testing)\\TS -PT PART 3\\14.06 Dreyers Support Action (Ongoing _ Completed ref) - PART 6\\20220609_181117\\1654803794247.png]]

2022-06-09 21:43:14 - [TEST_STEP][PASSED] - I.Logout(): Delayed 3 second(s)

2022-06-09 21:43:17 - [MESSAGE][PASSED] - Delayed 3 second(s)

2022-06-09 21:43:17 - [MESSAGE][PASSED] - Object: 'Object Repository/1. Constant/xpath' is clicked on

2022-06-09 21:43:20 - [MESSAGE][PASSED] - Delayed 3 second(s)

2022-06-09 21:43:22 - [MESSAGE][PASSED] - Object: 'Object Repository/1. Constant/xpath' is clicked on

2022-06-09 21:43:25 - [MESSAGE][PASSED] - Delayed 3 second(s)

2022-06-09 21:43:25 - [TEST_STEP][PASSED] - I.Login_password("lmary", password_lmary): Object: 'Object Repository/1. Constant/xpath' is clicked on

2022-06-09 21:43:25 - [MESSAGE][PASSED] - Text 'lmary' is set on object 'Object Repository/1. Constant/xpath'

2022-06-09 21:43:26 - [MESSAGE][PASSED] - Delayed 1 second(s)

2022-06-09 21:43:27 - [MESSAGE][PASSED] - Text 'diadeis' is set on object 'Object Repository/1. Constant/xpath'

2022-06-09 21:43:28 - [MESSAGE][PASSED] - Delayed 1 second(s)

2022-06-09 21:43:31 - [MESSAGE][PASSED] - Object: 'Object Repository/1. Constant/xpath' is clicked on

2022-06-09 21:43:31 - [TEST_STEP][PASSED] - click(findTestObject("1. Constant/02_LHSMenu_Projects")): Object: 'Object Repository/1. Constant/02_LHSMenu_Projects' is clicked on

2022-06-09 21:43:33 - [MESSAGE][PASSED] - Object: 'Object Repository/1. Constant/02_LHSMenu_Projects' is clicked on

2022-06-09 21:43:33 - [TEST_STEP][PASSED] - I.SearchProjectNo_xpath(Project_No, "//*[@id="keynum_project"]", "//*[@id="form_filters"]/div[4]/button"): Delayed 5 second(s)

2022-06-09 21:43:34 - [MESSAGE][PASSED] - Delayed 1 second(s)

2022-06-09 21:43:34 - [MESSAGE][PASSED] - Text 'MI000876' is set on object 'Object Repository/1. Constant/xpath'

2022-06-09 21:43:37 - [MESSAGE][PASSED] - Delayed 3 second(s)

2022-06-09 21:43:37 - [MESSAGE][PASSED] - Scroll to object 'Object Repository/1. Constant/xpath' successfully

2022-06-09 21:43:41 - [MESSAGE][PASSED] - Object: 'Object Repository/1. Constant/xpath' is clicked on

2022-06-09 21:43:46 - [MESSAGE][PASSED] - Delayed 5 second(s)

2022-06-09 21:43:46 - [TEST_STEP][PASSED] - I.SearchRefNo_xpath("P33_Auto", "//*[@id="fiche_filter_keywords11"]", "//*[@id="form_filters"]/div[3]/button"): Delayed 5 second(s)

2022-06-09 21:43:47 - [MESSAGE][PASSED] - Delayed 1 second(s)

2022-06-09 21:43:47 - [MESSAGE][PASSED] - Text 'P33_Auto' is set on object 'Object Repository/1. Constant/xpath'

2022-06-09 21:43:50 - [MESSAGE][PASSED] - Delayed 3 second(s)

2022-06-09 21:43:51 - [MESSAGE][PASSED] - Scroll to object 'Object Repository/1. Constant/xpath' successfully

2022-06-09 21:43:53 - [MESSAGE][PASSED] - Object: 'Object Repository/1. Constant/xpath' is clicked on

2022-06-09 21:43:58 - [MESSAGE][PASSED] - Delayed 5 second(s)

2022-06-09 21:43:58 - [TEST_STEP][PASSED] - takeScreenshot(): Taking screenshot successfully

2022-06-09 21:43:58 - [MESSAGE][PASSED] - Taking screenshot successfully
[[ATTACHMENT|D:\\Projet Test Auto\\Mediabox Test Automation\\Reports\\20220609_181011\\03. Parallel Testing (Testing)\\TS -PT PART 3\\14.06 Dreyers Support Action (Ongoing _ Completed ref) - PART 6\\20220609_181117\\1654803838041.png]]

2022-06-09 21:43:58 - [TEST_STEP][PASSED] - color2 = getCSSValue(findTestObject("1. Constant/xpath", ["xpath":"//*[@id="source_" + refID33 + ""]/td[13]/a"]), "color", OPTIONAL): Get CSS 'color' value on 'Object Repository/1. Constant/xpath' successfully: 'rgba(255, 255, 255, 1)'.

2022-06-09 21:43:58 - [MESSAGE][PASSED] - Get CSS 'color' value on 'Object Repository/1. Constant/xpath' successfully: 'rgba(255, 255, 255, 1)'.

2022-06-09 21:43:58 - [TEST_STEP][PASSED] - while (color2 == "rgba(255, 255, 255, 1)"): Get CSS 'color' value on 'Object Repository/1. Constant/xpath' successfully: 'rgba(54, 153, 255, 1)'.

2022-06-09 21:43:58 - [TEST_STEP][PASSED] - click(findTestObject("1. Constant/xpath", ["xpath":"//*[@id="source_" + refID33 + ""]/td[13]/a"])): Object: 'Object Repository/1. Constant/xpath' is clicked on

2022-06-09 21:44:00 - [MESSAGE][PASSED] - Object: 'Object Repository/1. Constant/xpath' is clicked on

2022-06-09 21:44:00 - [TEST_STEP][PASSED] - selectOptionByValue(findTestObject("1. Constant/xpath", ["xpath":"//*[@id="id_approval_flow_tpl"]"]), "80", false): All options with value '80' are selected in object 'Object Repository/1. Constant/xpath' 

2022-06-09 21:44:00 - [MESSAGE][PASSED] - All options with value '80' are selected in object 'Object Repository/1. Constant/xpath' 

2022-06-09 21:44:00 - [TEST_STEP][PASSED] - I.UploadDoc_sendkey_Prod(findTestObject("1. Constant/xpath", ["xpath":"//*[@id="kt_body"]/input[2]"]), "D:\Upoad_File\Upload doc\testdata1.jpg", "testdata1"): Delayed 5 second(s)

2022-06-09 21:44:00 - [MESSAGE][PASSED] - Scroll to object 'Object Repository/1. Constant/xpath' successfully

2022-06-09 21:44:05 - [MESSAGE][PASSED] - Delayed 5 second(s)

2022-06-09 21:44:06 - [MESSAGE][PASSED] - File 'D:\Upoad_File\Upload doc\testdata1.jpg' sent to object: 'Object Repository/1. Constant/xpath'

2022-06-09 21:44:11 - [MESSAGE][PASSED] - Delayed 5 second(s)

2022-06-09 21:44:11 - [MESSAGE][PASSED] - Text 'testdata1' is present on page 

2022-06-09 21:44:16 - [MESSAGE][PASSED] - Delayed 5 second(s)

2022-06-09 21:44:21 - [MESSAGE][PASSED] - Delayed 5 second(s)

2022-06-09 21:44:21 - [TEST_STEP][PASSED] - takeScreenshot(): Taking screenshot successfully

2022-06-09 21:44:22 - [MESSAGE][PASSED] - Taking screenshot successfully
[[ATTACHMENT|D:\\Projet Test Auto\\Mediabox Test Automation\\Reports\\20220609_181011\\03. Parallel Testing (Testing)\\TS -PT PART 3\\14.06 Dreyers Support Action (Ongoing _ Completed ref) - PART 6\\20220609_181117\\1654803861822.png]]

2022-06-09 21:44:22 - [TEST_STEP][PASSED] - delay(10): Delayed 10 second(s)

2022-06-09 21:44:32 - [MESSAGE][PASSED] - Delayed 10 second(s)

2022-06-09 21:44:32 - [TEST_STEP][PASSED] - click(findTestObject("HL Full Lifecycle/12 ReferncePage_Button_Updatensenddoc")): Object: 'Object Repository/HL Full Lifecycle/12 ReferncePage_Button_Updatensenddoc' is clicked on

2022-06-09 21:44:35 - [MESSAGE][PASSED] - Object: 'Object Repository/HL Full Lifecycle/12 ReferncePage_Button_Updatensenddoc' is clicked on

2022-06-09 21:44:35 - [TEST_STEP][PASSED] - delay(5): Delayed 5 second(s)

2022-06-09 21:44:40 - [MESSAGE][PASSED] - Delayed 5 second(s)

2022-06-09 21:44:40 - [TEST_STEP][PASSED] - color2 = getCSSValue(findTestObject("1. Constant/xpath", ["xpath":"//*[@id="source_" + refID33 + ""]/td[13]/a"]), "color", OPTIONAL): Get CSS 'color' value on 'Object Repository/1. Constant/xpath' successfully: 'rgba(54, 153, 255, 1)'.

2022-06-09 21:44:40 - [MESSAGE][PASSED] - Get CSS 'color' value on 'Object Repository/1. Constant/xpath' successfully: 'rgba(54, 153, 255, 1)'.

2022-06-09 21:44:40 - [TEST_STEP][PASSED] - I.Logout(): Delayed 3 second(s)

2022-06-09 21:44:43 - [MESSAGE][PASSED] - Delayed 3 second(s)

2022-06-09 21:44:44 - [MESSAGE][PASSED] - Object: 'Object Repository/1. Constant/xpath' is clicked on

2022-06-09 21:44:47 - [MESSAGE][PASSED] - Delayed 3 second(s)

2022-06-09 21:44:48 - [MESSAGE][PASSED] - Object: 'Object Repository/1. Constant/xpath' is clicked on

2022-06-09 21:44:51 - [MESSAGE][PASSED] - Delayed 3 second(s)

2022-06-09 21:44:51 - [TEST_STEP][PASSED] - I.Login_password("blemco", password_blemco): Object: 'Object Repository/1. Constant/xpath' is clicked on

2022-06-09 21:44:51 - [MESSAGE][PASSED] - Text 'blemco' is set on object 'Object Repository/1. Constant/xpath'

2022-06-09 21:44:52 - [MESSAGE][PASSED] - Delayed 1 second(s)

2022-06-09 21:44:52 - [MESSAGE][PASSED] - Text 'diadeis1' is set on object 'Object Repository/1. Constant/xpath'

2022-06-09 21:44:53 - [MESSAGE][PASSED] - Delayed 1 second(s)

2022-06-09 21:44:57 - [MESSAGE][PASSED] - Object: 'Object Repository/1. Constant/xpath' is clicked on

2022-06-09 21:44:57 - [TEST_STEP][PASSED] - takeScreenshot(): Taking screenshot successfully

2022-06-09 21:44:57 - [MESSAGE][PASSED] - Taking screenshot successfully
[[ATTACHMENT|D:\\Projet Test Auto\\Mediabox Test Automation\\Reports\\20220609_181011\\03. Parallel Testing (Testing)\\TS -PT PART 3\\14.06 Dreyers Support Action (Ongoing _ Completed ref) - PART 6\\20220609_181117\\1654803897341.png]]

2022-06-09 21:44:57 - [TEST_STEP][PASSED] - click(findTestObject("1. Constant/02_LHSMenu_Projects")): Object: 'Object Repository/1. Constant/02_LHSMenu_Projects' is clicked on

2022-06-09 21:45:00 - [MESSAGE][PASSED] - Object: 'Object Repository/1. Constant/02_LHSMenu_Projects' is clicked on

2022-06-09 21:45:00 - [TEST_STEP][PASSED] - I.SearchProjectNo_xpath(Project_No, "//*[@id="keynum_project"]", "//*[@id="form_filters"]/div[4]/button"): Delayed 5 second(s)

2022-06-09 21:45:01 - [MESSAGE][PASSED] - Delayed 1 second(s)

2022-06-09 21:45:02 - [MESSAGE][PASSED] - Text 'MI000876' is set on object 'Object Repository/1. Constant/xpath'

2022-06-09 21:45:05 - [MESSAGE][PASSED] - Delayed 3 second(s)

2022-06-09 21:45:05 - [MESSAGE][PASSED] - Scroll to object 'Object Repository/1. Constant/xpath' successfully

2022-06-09 21:45:08 - [MESSAGE][PASSED] - Object: 'Object Repository/1. Constant/xpath' is clicked on

2022-06-09 21:45:13 - [MESSAGE][PASSED] - Delayed 5 second(s)

2022-06-09 21:45:13 - [TEST_STEP][PASSED] - takeScreenshot(): Taking screenshot successfully

2022-06-09 21:45:14 - [MESSAGE][PASSED] - Taking screenshot successfully
[[ATTACHMENT|D:\\Projet Test Auto\\Mediabox Test Automation\\Reports\\20220609_181011\\03. Parallel Testing (Testing)\\TS -PT PART 3\\14.06 Dreyers Support Action (Ongoing _ Completed ref) - PART 6\\20220609_181117\\1654803914007.png]]

2022-06-09 21:45:14 - [TEST_STEP][PASSED] - I.SearchRefNo_xpath("P33_Auto", "//*[@id="fiche_filter_keywords11"]", "//*[@id="form_filters"]/div[3]/button"): Delayed 5 second(s)

2022-06-09 21:45:15 - [MESSAGE][PASSED] - Delayed 1 second(s)

2022-06-09 21:45:15 - [MESSAGE][PASSED] - Text 'P33_Auto' is set on object 'Object Repository/1. Constant/xpath'

2022-06-09 21:45:18 - [MESSAGE][PASSED] - Delayed 3 second(s)

2022-06-09 21:45:19 - [MESSAGE][PASSED] - Scroll to object 'Object Repository/1. Constant/xpath' successfully

2022-06-09 21:45:23 - [MESSAGE][PASSED] - Object: 'Object Repository/1. Constant/xpath' is clicked on

2022-06-09 21:45:28 - [MESSAGE][PASSED] - Delayed 5 second(s)

2022-06-09 21:45:28 - [TEST_STEP][PASSED] - I.AWF_approve_byaction(findTestObject("1. Constant/xpath", ["xpath":"//*[@id="source_" + refID33 + ""]/td[13]/a[2]"])): Object: 'Object Repository/HL Full Lifecycle/Function_Appbutton2' is clicked on

2022-06-09 21:45:33 - [MESSAGE][PASSED] - Delayed 5 second(s)

2022-06-09 21:45:36 - [MESSAGE][PASSED] - Object: 'Object Repository/1. Constant/xpath' is clicked on

2022-06-09 21:45:38 - [MESSAGE][PASSED] - Object: 'Object Repository/HL Full Lifecycle/Function_access Viewer2' is hovered

2022-06-09 21:45:41 - [MESSAGE][PASSED] - Delayed 3 second(s)

2022-06-09 21:45:41 - [MESSAGE][PASSED] - Object: 'Object Repository/HL Full Lifecycle/Function_access Viewer2' is clicked on

2022-06-09 21:45:46 - [MESSAGE][PASSED] - Delayed 5 second(s)

2022-06-09 21:45:47 - [MESSAGE][PASSED] - Object: 'Object Repository/HL Full Lifecycle/Function_AppButton' is clicked on

2022-06-09 21:45:52 - [MESSAGE][PASSED] - Delayed 5 second(s)

2022-06-09 21:45:55 - [MESSAGE][PASSED] - Object: 'Object Repository/HL Full Lifecycle/Function_Appbutton2' is clicked on

2022-06-09 21:45:55 - [TEST_STEP][PASSED] - Lifecycle_Status7 = getText(findTestObject("1. Constant/xpath", ["xpath":"//*[@id="source_" + refID33 + ""]/td[12]/span[1]"])): Text of object 'Object Repository/1. Constant/xpath' is: 'Phase 3.5[Prod]'

2022-06-09 21:45:55 - [MESSAGE][PASSED] - Text of object 'Object Repository/1. Constant/xpath' is: 'Phase 3.5[Prod]'

2022-06-09 21:45:55 - [TEST_STEP][PASSED] - verifyMatch(Lifecycle_Status7, "Phase 3.5[Prod]", false): Actual text 'Phase 3.5[Prod]' and expected text 'Phase 3.5[Prod]' are matched 

2022-06-09 21:45:55 - [MESSAGE][PASSED] - Actual text 'Phase 3.5[Prod]' and expected text 'Phase 3.5[Prod]' are matched 

2022-06-09 21:45:55 - [TEST_STEP][PASSED] - takeScreenshot(): Taking screenshot successfully

2022-06-09 21:45:55 - [MESSAGE][PASSED] - Taking screenshot successfully
[[ATTACHMENT|D:\\Projet Test Auto\\Mediabox Test Automation\\Reports\\20220609_181011\\03. Parallel Testing (Testing)\\TS -PT PART 3\\14.06 Dreyers Support Action (Ongoing _ Completed ref) - PART 6\\20220609_181117\\1654803955657.png]]

2022-06-09 21:45:55 - [TEST_STEP][PASSED] - I.Logout(): Delayed 3 second(s)

2022-06-09 21:45:58 - [MESSAGE][PASSED] - Delayed 3 second(s)

2022-06-09 21:45:59 - [MESSAGE][PASSED] - Object: 'Object Repository/1. Constant/xpath' is clicked on

2022-06-09 21:46:02 - [MESSAGE][PASSED] - Delayed 3 second(s)

2022-06-09 21:46:04 - [MESSAGE][PASSED] - Object: 'Object Repository/1. Constant/xpath' is clicked on

2022-06-09 21:46:07 - [MESSAGE][PASSED] - Delayed 3 second(s)

2022-06-09 21:46:07 - [TEST_STEP][PASSED] - I.Login_password("lmary", password_lmary): Object: 'Object Repository/1. Constant/xpath' is clicked on

2022-06-09 21:46:08 - [MESSAGE][PASSED] - Text 'lmary' is set on object 'Object Repository/1. Constant/xpath'

2022-06-09 21:46:09 - [MESSAGE][PASSED] - Delayed 1 second(s)

2022-06-09 21:46:09 - [MESSAGE][PASSED] - Text 'diadeis' is set on object 'Object Repository/1. Constant/xpath'

2022-06-09 21:46:10 - [MESSAGE][PASSED] - Delayed 1 second(s)

2022-06-09 21:46:15 - [MESSAGE][PASSED] - Object: 'Object Repository/1. Constant/xpath' is clicked on

2022-06-09 21:46:15 - [TEST_STEP][PASSED] - click(findTestObject("1. Constant/02_LHSMenu_Projects")): Object: 'Object Repository/1. Constant/02_LHSMenu_Projects' is clicked on

2022-06-09 21:46:18 - [MESSAGE][PASSED] - Object: 'Object Repository/1. Constant/02_LHSMenu_Projects' is clicked on

2022-06-09 21:46:18 - [TEST_STEP][PASSED] - I.SearchProjectNo_xpath(Project_No, "//*[@id="keynum_project"]", "//*[@id="form_filters"]/div[4]/button"): Delayed 5 second(s)

2022-06-09 21:46:19 - [MESSAGE][PASSED] - Delayed 1 second(s)

2022-06-09 21:46:19 - [MESSAGE][PASSED] - Text 'MI000876' is set on object 'Object Repository/1. Constant/xpath'

2022-06-09 21:46:22 - [MESSAGE][PASSED] - Delayed 3 second(s)

2022-06-09 21:46:22 - [MESSAGE][PASSED] - Scroll to object 'Object Repository/1. Constant/xpath' successfully

2022-06-09 21:46:28 - [MESSAGE][PASSED] - Object: 'Object Repository/1. Constant/xpath' is clicked on

2022-06-09 21:46:33 - [MESSAGE][PASSED] - Delayed 5 second(s)

2022-06-09 21:46:33 - [TEST_STEP][PASSED] - takeScreenshot(): Taking screenshot successfully

2022-06-09 21:46:33 - [MESSAGE][PASSED] - Taking screenshot successfully
[[ATTACHMENT|D:\\Projet Test Auto\\Mediabox Test Automation\\Reports\\20220609_181011\\03. Parallel Testing (Testing)\\TS -PT PART 3\\14.06 Dreyers Support Action (Ongoing _ Completed ref) - PART 6\\20220609_181117\\1654803993278.png]]

2022-06-09 21:46:33 - [TEST_STEP][PASSED] - I.SearchRefNo_xpath("P33_Auto", "//*[@id="fiche_filter_keywords11"]", "//*[@id="form_filters"]/div[3]/button"): Delayed 5 second(s)

2022-06-09 21:46:34 - [MESSAGE][PASSED] - Delayed 1 second(s)

2022-06-09 21:46:35 - [MESSAGE][PASSED] - Text 'P33_Auto' is set on object 'Object Repository/1. Constant/xpath'

2022-06-09 21:46:38 - [MESSAGE][PASSED] - Delayed 3 second(s)

2022-06-09 21:46:38 - [MESSAGE][PASSED] - Scroll to object 'Object Repository/1. Constant/xpath' successfully

2022-06-09 21:46:40 - [MESSAGE][PASSED] - Object: 'Object Repository/1. Constant/xpath' is clicked on

2022-06-09 21:46:45 - [MESSAGE][PASSED] - Delayed 5 second(s)

2022-06-09 21:46:45 - [TEST_STEP][PASSED] - takeScreenshot(): Taking screenshot successfully

2022-06-09 21:46:46 - [MESSAGE][PASSED] - Taking screenshot successfully
[[ATTACHMENT|D:\\Projet Test Auto\\Mediabox Test Automation\\Reports\\20220609_181011\\03. Parallel Testing (Testing)\\TS -PT PART 3\\14.06 Dreyers Support Action (Ongoing _ Completed ref) - PART 6\\20220609_181117\\1654804005704.png]]

2022-06-09 21:46:46 - [TEST_STEP][PASSED] - color3 = getCSSValue(findTestObject("1. Constant/xpath", ["xpath":"//*[@id="source_" + refID33 + ""]/td[13]/a"]), "color", OPTIONAL): Get CSS 'color' value on 'Object Repository/1. Constant/xpath' successfully: 'rgba(255, 255, 255, 1)'.

2022-06-09 21:46:46 - [MESSAGE][PASSED] - Get CSS 'color' value on 'Object Repository/1. Constant/xpath' successfully: 'rgba(255, 255, 255, 1)'.

2022-06-09 21:46:46 - [TEST_STEP][PASSED] - while (color3 == "rgba(255, 255, 255, 1)"): Get CSS 'color' value on 'Object Repository/1. Constant/xpath' successfully: 'rgba(54, 153, 255, 1)'.

2022-06-09 21:46:46 - [TEST_STEP][PASSED] - click(findTestObject("1. Constant/xpath", ["xpath":"//*[@id="source_" + refID33 + ""]/td[13]/a"])): Object: 'Object Repository/1. Constant/xpath' is clicked on

2022-06-09 21:46:47 - [MESSAGE][PASSED] - Object: 'Object Repository/1. Constant/xpath' is clicked on

2022-06-09 21:46:47 - [TEST_STEP][PASSED] - selectOptionByValue(findTestObject("1. Constant/xpath", ["xpath":"//*[@id="id_approval_flow_tpl"]"]), "80", false): All options with value '80' are selected in object 'Object Repository/1. Constant/xpath' 

2022-06-09 21:46:47 - [MESSAGE][PASSED] - All options with value '80' are selected in object 'Object Repository/1. Constant/xpath' 

2022-06-09 21:46:47 - [TEST_STEP][PASSED] - I.UploadDoc_sendkey_Prod(findTestObject("1. Constant/xpath", ["xpath":"//*[@id="kt_body"]/input[2]"]), "D:\Upoad_File\Upload doc\testdata1.jpg", "testdata1"): Delayed 5 second(s)

2022-06-09 21:46:48 - [MESSAGE][PASSED] - Scroll to object 'Object Repository/1. Constant/xpath' successfully

2022-06-09 21:46:53 - [MESSAGE][PASSED] - Delayed 5 second(s)

2022-06-09 21:46:53 - [MESSAGE][PASSED] - File 'D:\Upoad_File\Upload doc\testdata1.jpg' sent to object: 'Object Repository/1. Constant/xpath'

2022-06-09 21:46:58 - [MESSAGE][PASSED] - Delayed 5 second(s)

2022-06-09 21:47:00 - [MESSAGE][PASSED] - Text 'testdata1' is present on page 

2022-06-09 21:47:05 - [MESSAGE][PASSED] - Delayed 5 second(s)

2022-06-09 21:47:10 - [MESSAGE][PASSED] - Delayed 5 second(s)

2022-06-09 21:47:10 - [TEST_STEP][PASSED] - takeScreenshot(): Taking screenshot successfully

2022-06-09 21:47:10 - [MESSAGE][PASSED] - Taking screenshot successfully
[[ATTACHMENT|D:\\Projet Test Auto\\Mediabox Test Automation\\Reports\\20220609_181011\\03. Parallel Testing (Testing)\\TS -PT PART 3\\14.06 Dreyers Support Action (Ongoing _ Completed ref) - PART 6\\20220609_181117\\1654804030226.png]]

2022-06-09 21:47:10 - [TEST_STEP][PASSED] - delay(10): Delayed 10 second(s)

2022-06-09 21:47:20 - [MESSAGE][PASSED] - Delayed 10 second(s)

2022-06-09 21:47:20 - [TEST_STEP][PASSED] - click(findTestObject("HL Full Lifecycle/12 ReferncePage_Button_Updatensenddoc")): Object: 'Object Repository/HL Full Lifecycle/12 ReferncePage_Button_Updatensenddoc' is clicked on

2022-06-09 21:47:23 - [MESSAGE][PASSED] - Object: 'Object Repository/HL Full Lifecycle/12 ReferncePage_Button_Updatensenddoc' is clicked on

2022-06-09 21:47:23 - [TEST_STEP][PASSED] - delay(5): Delayed 5 second(s)

2022-06-09 21:47:28 - [MESSAGE][PASSED] - Delayed 5 second(s)

2022-06-09 21:47:28 - [TEST_STEP][PASSED] - color3 = getCSSValue(findTestObject("1. Constant/xpath", ["xpath":"//*[@id="source_" + refID33 + ""]/td[13]/a"]), "color", OPTIONAL): Get CSS 'color' value on 'Object Repository/1. Constant/xpath' successfully: 'rgba(54, 153, 255, 1)'.

2022-06-09 21:47:28 - [MESSAGE][PASSED] - Get CSS 'color' value on 'Object Repository/1. Constant/xpath' successfully: 'rgba(54, 153, 255, 1)'.

2022-06-09 21:47:28 - [TEST_STEP][PASSED] - I.Logout(): Delayed 3 second(s)

2022-06-09 21:47:31 - [MESSAGE][PASSED] - Delayed 3 second(s)

2022-06-09 21:47:31 - [MESSAGE][PASSED] - Object: 'Object Repository/1. Constant/xpath' is clicked on

2022-06-09 21:47:34 - [MESSAGE][PASSED] - Delayed 3 second(s)

2022-06-09 21:47:37 - [MESSAGE][PASSED] - Object: 'Object Repository/1. Constant/xpath' is clicked on

2022-06-09 21:47:40 - [MESSAGE][PASSED] - Delayed 3 second(s)

2022-06-09 21:47:40 - [TEST_STEP][PASSED] - I.Login_password("blemco", password_blemco): Object: 'Object Repository/1. Constant/xpath' is clicked on

2022-06-09 21:47:40 - [MESSAGE][PASSED] - Text 'blemco' is set on object 'Object Repository/1. Constant/xpath'

2022-06-09 21:47:42 - [MESSAGE][PASSED] - Delayed 1 second(s)

2022-06-09 21:47:42 - [MESSAGE][PASSED] - Text 'diadeis1' is set on object 'Object Repository/1. Constant/xpath'

2022-06-09 21:47:43 - [MESSAGE][PASSED] - Delayed 1 second(s)

2022-06-09 21:47:47 - [MESSAGE][PASSED] - Object: 'Object Repository/1. Constant/xpath' is clicked on

2022-06-09 21:47:47 - [TEST_STEP][PASSED] - click(findTestObject("1. Constant/02_LHSMenu_Projects")): Object: 'Object Repository/1. Constant/02_LHSMenu_Projects' is clicked on

2022-06-09 21:47:51 - [MESSAGE][PASSED] - Object: 'Object Repository/1. Constant/02_LHSMenu_Projects' is clicked on

2022-06-09 21:47:51 - [TEST_STEP][PASSED] - I.SearchProjectNo_xpath(Project_No, "//*[@id="keynum_project"]", "//*[@id="form_filters"]/div[4]/button"): Delayed 5 second(s)

2022-06-09 21:47:52 - [MESSAGE][PASSED] - Delayed 1 second(s)

2022-06-09 21:47:52 - [MESSAGE][PASSED] - Text 'MI000876' is set on object 'Object Repository/1. Constant/xpath'

2022-06-09 21:47:55 - [MESSAGE][PASSED] - Delayed 3 second(s)

2022-06-09 21:47:55 - [MESSAGE][PASSED] - Scroll to object 'Object Repository/1. Constant/xpath' successfully

2022-06-09 21:48:00 - [MESSAGE][PASSED] - Object: 'Object Repository/1. Constant/xpath' is clicked on

2022-06-09 21:48:05 - [MESSAGE][PASSED] - Delayed 5 second(s)

2022-06-09 21:48:05 - [TEST_STEP][PASSED] - takeScreenshot(): Taking screenshot successfully

2022-06-09 21:48:06 - [MESSAGE][PASSED] - Taking screenshot successfully
[[ATTACHMENT|D:\\Projet Test Auto\\Mediabox Test Automation\\Reports\\20220609_181011\\03. Parallel Testing (Testing)\\TS -PT PART 3\\14.06 Dreyers Support Action (Ongoing _ Completed ref) - PART 6\\20220609_181117\\1654804085863.png]]

2022-06-09 21:48:06 - [TEST_STEP][PASSED] - I.SearchRefNo_xpath("P33_Auto", "//*[@id="fiche_filter_keywords11"]", "//*[@id="form_filters"]/div[3]/button"): Delayed 5 second(s)

2022-06-09 21:48:07 - [MESSAGE][PASSED] - Delayed 1 second(s)

2022-06-09 21:48:07 - [MESSAGE][PASSED] - Text 'P33_Auto' is set on object 'Object Repository/1. Constant/xpath'

2022-06-09 21:48:10 - [MESSAGE][PASSED] - Delayed 3 second(s)

2022-06-09 21:48:12 - [MESSAGE][PASSED] - Scroll to object 'Object Repository/1. Constant/xpath' successfully

2022-06-09 21:48:15 - [MESSAGE][PASSED] - Object: 'Object Repository/1. Constant/xpath' is clicked on

2022-06-09 21:48:20 - [MESSAGE][PASSED] - Delayed 5 second(s)

2022-06-09 21:48:20 - [TEST_STEP][PASSED] - I.AWF_approve_byaction(findTestObject("1. Constant/xpath", ["xpath":"//*[@id="source_" + refID33 + ""]/td[13]/a[2]"])): Object: 'Object Repository/HL Full Lifecycle/Function_Appbutton2' is clicked on

2022-06-09 21:48:25 - [MESSAGE][PASSED] - Delayed 5 second(s)

2022-06-09 21:48:27 - [MESSAGE][PASSED] - Object: 'Object Repository/1. Constant/xpath' is clicked on

2022-06-09 21:48:28 - [MESSAGE][PASSED] - Object: 'Object Repository/HL Full Lifecycle/Function_access Viewer2' is hovered

2022-06-09 21:48:31 - [MESSAGE][PASSED] - Delayed 3 second(s)

2022-06-09 21:48:31 - [MESSAGE][PASSED] - Object: 'Object Repository/HL Full Lifecycle/Function_access Viewer2' is clicked on

2022-06-09 21:48:36 - [MESSAGE][PASSED] - Delayed 5 second(s)

2022-06-09 21:48:36 - [MESSAGE][PASSED] - Object: 'Object Repository/HL Full Lifecycle/Function_AppButton' is clicked on

2022-06-09 21:48:41 - [MESSAGE][PASSED] - Delayed 5 second(s)

2022-06-09 21:48:45 - [MESSAGE][PASSED] - Object: 'Object Repository/HL Full Lifecycle/Function_Appbutton2' is clicked on

2022-06-09 21:48:45 - [TEST_STEP][PASSED] - Lifecycle_Status8 = getText(findTestObject("1. Constant/xpath", ["xpath":"//*[@id="source_" + refID33 + ""]/td[12]/span[1]"])): Text of object 'Object Repository/1. Constant/xpath' is: 'Complete'

2022-06-09 21:48:45 - [MESSAGE][PASSED] - Text of object 'Object Repository/1. Constant/xpath' is: 'Complete'

2022-06-09 21:48:45 - [TEST_STEP][PASSED] - verifyMatch(Lifecycle_Status8, "Complete", false): Actual text 'Complete' and expected text 'Complete' are matched 

2022-06-09 21:48:45 - [MESSAGE][PASSED] - Actual text 'Complete' and expected text 'Complete' are matched 

2022-06-09 21:48:45 - [TEST_STEP][PASSED] - takeScreenshot(): Taking screenshot successfully

2022-06-09 21:48:46 - [MESSAGE][PASSED] - Taking screenshot successfully
[[ATTACHMENT|D:\\Projet Test Auto\\Mediabox Test Automation\\Reports\\20220609_181011\\03. Parallel Testing (Testing)\\TS -PT PART 3\\14.06 Dreyers Support Action (Ongoing _ Completed ref) - PART 6\\20220609_181117\\1654804125788.png]]

2022-06-09 21:48:46 - [TEST_STEP][PASSED] - closeBrowser(): Browser is closed

2022-06-09 21:48:47 - [MESSAGE][PASSED] - Browser is closed

2022-06-09 21:48:47 - [TEST_STEP][PASSED] - Start listener action : sampleAfterTestCase: null]]></system-out>
         <system-err><![CDATA[]]></system-err>
      </testcase>
      <testcase name="Test Cases/19. Dreyers Support Action (Ongoing ref_completed)/19.35 Dreyers SAS Add Phase (Ongoing ref) S43 - P35" time="275.349" classname="Test Cases/19. Dreyers Support Action (Ongoing ref_completed)/19.35 Dreyers SAS Add Phase (Ongoing ref) S43 - P35" status="PASSED">
         <system-out><![CDATA[2022-06-09 21:48:47 - [TEST_CASE][PASSED] - Test Cases/19. Dreyers Support Action (Ongoing ref_completed)/19.35 Dreyers SAS Add Phase (Ongoing ref) S43 - P35: Test Cases/19. Dreyers Support Action (Ongoing ref_completed)/19.35 Dreyers SAS Add Phase (Ongoing ref) S43 - P35

2022-06-09 21:48:47 - [TEST_STEP][PASSED] - data_Dreyers = findTestData("Data Files/Username_Password/Dreyer"): null

2022-06-09 21:48:47 - [TEST_STEP][PASSED] - password_suser = data_Dreyers.getValue(2, 1): null

2022-06-09 21:48:47 - [TEST_STEP][PASSED] - password_blemco = data_Dreyers.getValue(2, 2): null

2022-06-09 21:48:47 - [TEST_STEP][PASSED] - data_urlRELAUTO = findTestData("Data Files/URL/URL_relauto"): null

2022-06-09 21:48:47 - [TEST_STEP][PASSED] - Url_Dreyer = data_urlRELAUTO.getValue(2, 4): null

2022-06-09 21:48:47 - [TEST_STEP][PASSED] - Project_No = I.readnotepad("D:\Upoad_File\Projet_ Login\Dreyers\19.1\19.1_Dreyers_ProjectNo.txt"): null

2022-06-09 21:48:47 - [TEST_STEP][PASSED] - refID = I.readnotepad("D:\Upoad_File\Projet_ Login\Dreyers\19.1\19.1_Dreyers_refID.txt"): null

2022-06-09 21:48:47 - [TEST_STEP][PASSED] - openBrowser(Url_Dreyer): Browser is opened with url: 'http://mdb-release.diadeis.lan/MediaboxIndependence/?MBI_datasource=RELTESTAUTO_DREYERS'

2022-06-09 21:48:47 - [MESSAGE][INFO] - Starting 'Chrome (headless)' driver

2022-06-09 21:48:47 - [MESSAGE][INFO] - User set preference: ['args', '[--window-size=1920,1080, --headless]']

2022-06-09 21:48:47 - [MESSAGE][INFO] - Action delay is set to 0 milliseconds

2022-06-09 21:48:55 - [MESSAGE][PASSED] - Browser is opened with url: 'http://mdb-release.diadeis.lan/MediaboxIndependence/?MBI_datasource=RELTESTAUTO_DREYERS'

2022-06-09 21:48:55 - [TEST_STEP][PASSED] - maximizeWindow(): Current window maximized

2022-06-09 21:48:55 - [MESSAGE][PASSED] - Current window maximized

2022-06-09 21:48:55 - [TEST_STEP][PASSED] - I.Login_password("suser", password_suser): Object: 'Object Repository/1. Constant/xpath' is clicked on

2022-06-09 21:48:55 - [MESSAGE][PASSED] - Text 'suser' is set on object 'Object Repository/1. Constant/xpath'

2022-06-09 21:48:56 - [MESSAGE][PASSED] - Delayed 1 second(s)

2022-06-09 21:48:56 - [MESSAGE][PASSED] - Text 'diadeis' is set on object 'Object Repository/1. Constant/xpath'

2022-06-09 21:48:57 - [MESSAGE][PASSED] - Delayed 1 second(s)

2022-06-09 21:49:04 - [MESSAGE][PASSED] - Object: 'Object Repository/1. Constant/xpath' is clicked on

2022-06-09 21:49:04 - [TEST_STEP][PASSED] - click(findTestObject("1. Constant/02_LHSMenu_Projects")): Object: 'Object Repository/1. Constant/02_LHSMenu_Projects' is clicked on

2022-06-09 21:49:07 - [MESSAGE][PASSED] - Object: 'Object Repository/1. Constant/02_LHSMenu_Projects' is clicked on

2022-06-09 21:49:07 - [TEST_STEP][PASSED] - I.SearchProjectNo_xpath(Project_No, "//*[@id="keynum_project"]", "//*[@id="form_filters"]/div[4]/button"): Delayed 5 second(s)

2022-06-09 21:49:08 - [MESSAGE][PASSED] - Delayed 1 second(s)

2022-06-09 21:49:09 - [MESSAGE][PASSED] - Text 'MI000876' is set on object 'Object Repository/1. Constant/xpath'

2022-06-09 21:49:12 - [MESSAGE][PASSED] - Delayed 3 second(s)

2022-06-09 21:49:12 - [MESSAGE][PASSED] - Scroll to object 'Object Repository/1. Constant/xpath' successfully

2022-06-09 21:49:19 - [MESSAGE][PASSED] - Object: 'Object Repository/1. Constant/xpath' is clicked on

2022-06-09 21:49:24 - [MESSAGE][PASSED] - Delayed 5 second(s)

2022-06-09 21:49:24 - [TEST_STEP][PASSED] - takeScreenshot(): Taking screenshot successfully

2022-06-09 21:49:24 - [MESSAGE][PASSED] - Taking screenshot successfully
[[ATTACHMENT|D:\\Projet Test Auto\\Mediabox Test Automation\\Reports\\20220609_181011\\03. Parallel Testing (Testing)\\TS -PT PART 3\\14.06 Dreyers Support Action (Ongoing _ Completed ref) - PART 6\\20220609_181117\\1654804164386.png]]

2022-06-09 21:49:24 - [TEST_STEP][PASSED] - click(findTestObject("1. Constant/xpath", ["xpath":"//*[@id="create_ref_btn"]/button"])): Object: 'Object Repository/1. Constant/xpath' is clicked on

2022-06-09 21:49:24 - [MESSAGE][PASSED] - Object: 'Object Repository/1. Constant/xpath' is clicked on

2022-06-09 21:49:24 - [TEST_STEP][PASSED] - delay(1): Delayed 1 second(s)

2022-06-09 21:49:25 - [MESSAGE][PASSED] - Delayed 1 second(s)

2022-06-09 21:49:25 - [TEST_STEP][PASSED] - click(findTestObject("1. Constant/xpath", ["xpath":"//*[@id="create_ref_btn"]/div/a"])): Object: 'Object Repository/1. Constant/xpath' is clicked on

2022-06-09 21:49:28 - [MESSAGE][PASSED] - Object: 'Object Repository/1. Constant/xpath' is clicked on

2022-06-09 21:49:28 - [TEST_STEP][PASSED] - delay(1): Delayed 1 second(s)

2022-06-09 21:49:29 - [MESSAGE][PASSED] - Delayed 1 second(s)

2022-06-09 21:49:29 - [TEST_STEP][PASSED] - selectOptionByValue(findTestObject("1. Constant/xpath", ["xpath":"//*[@id="lfc_tpl"]"]), "36", false): All options with value '36' are selected in object 'Object Repository/1. Constant/xpath' 

2022-06-09 21:49:30 - [MESSAGE][PASSED] - All options with value '36' are selected in object 'Object Repository/1. Constant/xpath' 

2022-06-09 21:49:30 - [TEST_STEP][PASSED] - ref_name = "P35_Auto_SAS_S43_" + RandomStringUtils.randomAlphanumeric(5) + I.gettimedate(): null

2022-06-09 21:49:30 - [TEST_STEP][PASSED] - delay(1): Delayed 1 second(s)

2022-06-09 21:49:31 - [MESSAGE][PASSED] - Delayed 1 second(s)

2022-06-09 21:49:31 - [TEST_STEP][PASSED] - setText(findTestObject("1. Constant/xpath", ["xpath":"//*[@id="var_name"]"]), ref_name): Text 'P35_Auto_SAS_S43_bqFA2juin092022_214930' is set on object 'Object Repository/1. Constant/xpath'

2022-06-09 21:49:31 - [MESSAGE][PASSED] - Text 'P35_Auto_SAS_S43_bqFA2juin092022_214930' is set on object 'Object Repository/1. Constant/xpath'

2022-06-09 21:49:31 - [TEST_STEP][PASSED] - takeScreenshot(): Taking screenshot successfully

2022-06-09 21:49:32 - [MESSAGE][PASSED] - Taking screenshot successfully
[[ATTACHMENT|D:\\Projet Test Auto\\Mediabox Test Automation\\Reports\\20220609_181011\\03. Parallel Testing (Testing)\\TS -PT PART 3\\14.06 Dreyers Support Action (Ongoing _ Completed ref) - PART 6\\20220609_181117\\1654804172207.png]]

2022-06-09 21:49:32 - [TEST_STEP][PASSED] - click(findTestObject("1. Constant/xpath", ["xpath":"//*[@id="createRefBottom"]"])): Object: 'Object Repository/1. Constant/xpath' is clicked on

2022-06-09 21:49:35 - [MESSAGE][PASSED] - Object: 'Object Repository/1. Constant/xpath' is clicked on

2022-06-09 21:49:35 - [TEST_STEP][PASSED] - delay(1): Delayed 1 second(s)

2022-06-09 21:49:36 - [MESSAGE][PASSED] - Delayed 1 second(s)

2022-06-09 21:49:36 - [TEST_STEP][PASSED] - takeScreenshot(): Taking screenshot successfully

2022-06-09 21:49:36 - [MESSAGE][PASSED] - Taking screenshot successfully
[[ATTACHMENT|D:\\Projet Test Auto\\Mediabox Test Automation\\Reports\\20220609_181011\\03. Parallel Testing (Testing)\\TS -PT PART 3\\14.06 Dreyers Support Action (Ongoing _ Completed ref) - PART 6\\20220609_181117\\1654804176562.png]]

2022-06-09 21:49:36 - [TEST_STEP][PASSED] - refID35 = I.RefID(): Current window's url is: 'http://mdb-release.diadeis.lan/MediaboxIndependence/Base/ExecAction?IDSession=MBI%21RELTESTAUTO_DREYERS%21SZYPIRBZJWWKBHORWOCD0O9NGX3G5GMS6UP2ZI04&default_action=ModifierRef&id_project=MI000876&id_ref=5294&action_from=create_ref'

2022-06-09 21:49:41 - [MESSAGE][PASSED] - Delayed 5 second(s)

2022-06-09 21:49:41 - [MESSAGE][PASSED] - Current window's url is: 'http://mdb-release.diadeis.lan/MediaboxIndependence/Base/ExecAction?IDSession=MBI%21RELTESTAUTO_DREYERS%21SZYPIRBZJWWKBHORWOCD0O9NGX3G5GMS6UP2ZI04&default_action=ModifierRef&id_project=MI000876&id_ref=5294&action_from=create_ref'

2022-06-09 21:49:41 - [TEST_STEP][PASSED] - I.print("refID" + refID35): null

2022-06-09 21:49:41 - [TEST_STEP][PASSED] - click(findTestObject("1. Constant/xpath", ["xpath":"//*[@id="type_save"]"])): Object: 'Object Repository/1. Constant/xpath' is clicked on

2022-06-09 21:49:46 - [MESSAGE][PASSED] - Object: 'Object Repository/1. Constant/xpath' is clicked on

2022-06-09 21:49:46 - [TEST_STEP][PASSED] - takeScreenshot(): Taking screenshot successfully

2022-06-09 21:49:46 - [MESSAGE][PASSED] - Taking screenshot successfully
[[ATTACHMENT|D:\\Projet Test Auto\\Mediabox Test Automation\\Reports\\20220609_181011\\03. Parallel Testing (Testing)\\TS -PT PART 3\\14.06 Dreyers Support Action (Ongoing _ Completed ref) - PART 6\\20220609_181117\\1654804186575.png]]

2022-06-09 21:49:46 - [TEST_STEP][PASSED] - delay(1): Delayed 1 second(s)

2022-06-09 21:49:47 - [MESSAGE][PASSED] - Delayed 1 second(s)

2022-06-09 21:49:47 - [TEST_STEP][PASSED] - I.SearchRefNo_xpath("P35_Auto", "//*[@id="fiche_filter_keywords11"]", "//*[@id="form_filters"]/div[3]/button"): Delayed 5 second(s)

2022-06-09 21:49:48 - [MESSAGE][PASSED] - Delayed 1 second(s)

2022-06-09 21:49:49 - [MESSAGE][PASSED] - Text 'P35_Auto' is set on object 'Object Repository/1. Constant/xpath'

2022-06-09 21:49:52 - [MESSAGE][PASSED] - Delayed 3 second(s)

2022-06-09 21:49:52 - [MESSAGE][PASSED] - Scroll to object 'Object Repository/1. Constant/xpath' successfully

2022-06-09 21:49:55 - [MESSAGE][PASSED] - Object: 'Object Repository/1. Constant/xpath' is clicked on

2022-06-09 21:50:00 - [MESSAGE][PASSED] - Delayed 5 second(s)

2022-06-09 21:50:00 - [TEST_STEP][PASSED] - click(findTestObject("1. Constant/xpath", ["xpath":"//*[@id="source_" + refID35 + ""]/td[14]/a[3]"])): Object: 'Object Repository/1. Constant/xpath' is clicked on

2022-06-09 21:50:02 - [MESSAGE][PASSED] - Object: 'Object Repository/1. Constant/xpath' is clicked on

2022-06-09 21:50:02 - [TEST_STEP][PASSED] - click(findTestObject("1. Constant/xpath", ["xpath":"//*[@id="ModifFiche"]/div[1]/div/button[2]"])): Object: 'Object Repository/1. Constant/xpath' is clicked on

2022-06-09 21:50:07 - [MESSAGE][PASSED] - Object: 'Object Repository/1. Constant/xpath' is clicked on

2022-06-09 21:50:07 - [TEST_STEP][PASSED] - takeScreenshot(): Taking screenshot successfully

2022-06-09 21:50:08 - [MESSAGE][PASSED] - Taking screenshot successfully
[[ATTACHMENT|D:\\Projet Test Auto\\Mediabox Test Automation\\Reports\\20220609_181011\\03. Parallel Testing (Testing)\\TS -PT PART 3\\14.06 Dreyers Support Action (Ongoing _ Completed ref) - PART 6\\20220609_181117\\1654804207740.png]]

2022-06-09 21:50:08 - [TEST_STEP][PASSED] - delay(1): Delayed 1 second(s)

2022-06-09 21:50:09 - [MESSAGE][PASSED] - Delayed 1 second(s)

2022-06-09 21:50:09 - [TEST_STEP][PASSED] - click(findTestObject("1. Constant/xpath", ["xpath":"//*[@id="source_" + refID35 + ""]/td[14]/a[3]"])): Object: 'Object Repository/1. Constant/xpath' is clicked on

2022-06-09 21:50:11 - [MESSAGE][PASSED] - Object: 'Object Repository/1. Constant/xpath' is clicked on

2022-06-09 21:50:11 - [TEST_STEP][PASSED] - click(findTestObject("1. Constant/xpath", ["xpath":"//*[@id="ModifFiche"]/div[1]/div/button[2]"])): Object: 'Object Repository/1. Constant/xpath' is clicked on

2022-06-09 21:50:14 - [MESSAGE][PASSED] - Object: 'Object Repository/1. Constant/xpath' is clicked on

2022-06-09 21:50:14 - [TEST_STEP][PASSED] - takeScreenshot(): Taking screenshot successfully

2022-06-09 21:50:15 - [MESSAGE][PASSED] - Taking screenshot successfully
[[ATTACHMENT|D:\\Projet Test Auto\\Mediabox Test Automation\\Reports\\20220609_181011\\03. Parallel Testing (Testing)\\TS -PT PART 3\\14.06 Dreyers Support Action (Ongoing _ Completed ref) - PART 6\\20220609_181117\\1654804214909.png]]

2022-06-09 21:50:15 - [TEST_STEP][PASSED] - delay(1): Delayed 1 second(s)

2022-06-09 21:50:16 - [MESSAGE][PASSED] - Delayed 1 second(s)

2022-06-09 21:50:16 - [TEST_STEP][PASSED] - color1 = getCSSValue(findTestObject("1. Constant/xpath", ["xpath":"//*[@id="source_" + refID35 + ""]/td[14]/a[2]"]), "color", OPTIONAL): Get CSS 'color' value on 'Object Repository/1. Constant/xpath' successfully: 'rgba(255, 255, 255, 1)'.

2022-06-09 21:50:16 - [MESSAGE][PASSED] - Get CSS 'color' value on 'Object Repository/1. Constant/xpath' successfully: 'rgba(255, 255, 255, 1)'.

2022-06-09 21:50:16 - [TEST_STEP][PASSED] - I.print(color1): null

2022-06-09 21:50:16 - [TEST_STEP][PASSED] - while (color1 == "rgba(255, 255, 255, 1)"): Get CSS 'color' value on 'Object Repository/1. Constant/xpath' successfully: 'rgba(54, 153, 255, 1)'.

2022-06-09 21:50:16 - [TEST_STEP][PASSED] - click(findTestObject("1. Constant/xpath", ["xpath":"//*[@id="source_" + refID35 + ""]/td[14]/a[2]"])): Object: 'Object Repository/1. Constant/xpath' is clicked on

2022-06-09 21:50:19 - [MESSAGE][PASSED] - Object: 'Object Repository/1. Constant/xpath' is clicked on

2022-06-09 21:50:19 - [TEST_STEP][PASSED] - I.UploadDoc_sendkey_Prod(findTestObject("1. Constant/xpath", ["xpath":"//*[@id="kt_body"]/input[2]"]), "D:\Upoad_File\Upload doc\testdata1.pdf", "testdata1"): Delayed 5 second(s)

2022-06-09 21:50:19 - [MESSAGE][PASSED] - Scroll to object 'Object Repository/1. Constant/xpath' successfully

2022-06-09 21:50:24 - [MESSAGE][PASSED] - Delayed 5 second(s)

2022-06-09 21:50:24 - [MESSAGE][PASSED] - File 'D:\Upoad_File\Upload doc\testdata1.pdf' sent to object: 'Object Repository/1. Constant/xpath'

2022-06-09 21:50:29 - [MESSAGE][PASSED] - Delayed 5 second(s)

2022-06-09 21:50:29 - [MESSAGE][PASSED] - Text 'testdata1' is present on page 

2022-06-09 21:50:34 - [MESSAGE][PASSED] - Delayed 5 second(s)

2022-06-09 21:50:39 - [MESSAGE][PASSED] - Delayed 5 second(s)

2022-06-09 21:50:39 - [TEST_STEP][PASSED] - takeScreenshot(): Taking screenshot successfully

2022-06-09 21:50:39 - [MESSAGE][PASSED] - Taking screenshot successfully
[[ATTACHMENT|D:\\Projet Test Auto\\Mediabox Test Automation\\Reports\\20220609_181011\\03. Parallel Testing (Testing)\\TS -PT PART 3\\14.06 Dreyers Support Action (Ongoing _ Completed ref) - PART 6\\20220609_181117\\1654804239675.png]]

2022-06-09 21:50:39 - [TEST_STEP][PASSED] - delay(10): Delayed 10 second(s)

2022-06-09 21:50:49 - [MESSAGE][PASSED] - Delayed 10 second(s)

2022-06-09 21:50:49 - [TEST_STEP][PASSED] - click(findTestObject("HL Full Lifecycle/12 ReferncePage_Button_Updatensenddoc")): Object: 'Object Repository/HL Full Lifecycle/12 ReferncePage_Button_Updatensenddoc' is clicked on

2022-06-09 21:50:55 - [MESSAGE][PASSED] - Object: 'Object Repository/HL Full Lifecycle/12 ReferncePage_Button_Updatensenddoc' is clicked on

2022-06-09 21:50:55 - [TEST_STEP][PASSED] - delay(5): Delayed 5 second(s)

2022-06-09 21:51:00 - [MESSAGE][PASSED] - Delayed 5 second(s)

2022-06-09 21:51:00 - [TEST_STEP][PASSED] - color1 = getCSSValue(findTestObject("1. Constant/xpath", ["xpath":"//*[@id="source_" + refID35 + ""]/td[14]/a[2]"]), "color", OPTIONAL): Get CSS 'color' value on 'Object Repository/1. Constant/xpath' successfully: 'rgba(54, 153, 255, 1)'.

2022-06-09 21:51:01 - [MESSAGE][PASSED] - Get CSS 'color' value on 'Object Repository/1. Constant/xpath' successfully: 'rgba(54, 153, 255, 1)'.

2022-06-09 21:51:01 - [TEST_STEP][PASSED] - takeScreenshot(): Taking screenshot successfully

2022-06-09 21:51:01 - [MESSAGE][PASSED] - Taking screenshot successfully
[[ATTACHMENT|D:\\Projet Test Auto\\Mediabox Test Automation\\Reports\\20220609_181011\\03. Parallel Testing (Testing)\\TS -PT PART 3\\14.06 Dreyers Support Action (Ongoing _ Completed ref) - PART 6\\20220609_181117\\1654804261475.png]]

2022-06-09 21:51:01 - [TEST_STEP][PASSED] - click(findTestObject("1. Constant/xpath", ["xpath":"//*[@id="source_" + refID35 + ""]/td[6]/a"])): Object: 'Object Repository/1. Constant/xpath' is clicked on

2022-06-09 21:51:06 - [MESSAGE][PASSED] - Object: 'Object Repository/1. Constant/xpath' is clicked on

2022-06-09 21:51:06 - [TEST_STEP][PASSED] - takeScreenshot(): Taking screenshot successfully

2022-06-09 21:51:07 - [MESSAGE][PASSED] - Taking screenshot successfully
[[ATTACHMENT|D:\\Projet Test Auto\\Mediabox Test Automation\\Reports\\20220609_181011\\03. Parallel Testing (Testing)\\TS -PT PART 3\\14.06 Dreyers Support Action (Ongoing _ Completed ref) - PART 6\\20220609_181117\\1654804266709.png]]

2022-06-09 21:51:07 - [TEST_STEP][PASSED] - delay(1): Delayed 1 second(s)

2022-06-09 21:51:08 - [MESSAGE][PASSED] - Delayed 1 second(s)

2022-06-09 21:51:08 - [TEST_STEP][PASSED] - I.Approveforothers("/html/body/div[1]/div[2]/div[8]/div[3]/div/div[3]/div[2]/div/div[3]/div/div[2]/div[1]/div/div[2]/div/div[2]/div[2]/div/div/div[1]/img", "/html/body/div[1]/div[2]/div[8]/div[3]/div/div[3]/div[2]/div/div[3]/div/div[2]/div[1]/div/div[2]/div/div[2]/div[2]/div/div/div[6]/a[2]/span"): Object: 'Object Repository/1. Constant/xpath' is clicked on

2022-06-09 21:51:10 - [MESSAGE][PASSED] - Object: 'Object Repository/1. Constant/xpath' is clicked on

2022-06-09 21:51:11 - [MESSAGE][PASSED] - Delayed 1 second(s)

2022-06-09 21:51:12 - [MESSAGE][PASSED] - Object: 'Object Repository/1. Constant/xpath' is clicked on

2022-06-09 21:51:13 - [MESSAGE][PASSED] - Delayed 1 second(s)

2022-06-09 21:51:13 - [MESSAGE][PASSED] - Object: 'Object Repository/1. Constant/xpath' is hovered

2022-06-09 21:51:13 - [MESSAGE][PASSED] - Object: 'Object Repository/1. Constant/xpath' is clicked on

2022-06-09 21:51:14 - [MESSAGE][PASSED] - Delayed 1 second(s)

2022-06-09 21:51:18 - [MESSAGE][PASSED] - Object: 'Object Repository/1. Constant/xpath' is clicked on

2022-06-09 21:51:18 - [TEST_STEP][PASSED] - delay(1): Delayed 1 second(s)

2022-06-09 21:51:19 - [MESSAGE][PASSED] - Delayed 1 second(s)

2022-06-09 21:51:19 - [TEST_STEP][PASSED] - click(findTestObject("1. Constant/xpath", ["xpath":"//*[@id="kt_subheader"]/div/nav/ol/li[2]/a"])): Object: 'Object Repository/1. Constant/xpath' is clicked on

2022-06-09 21:51:22 - [MESSAGE][PASSED] - Object: 'Object Repository/1. Constant/xpath' is clicked on

2022-06-09 21:51:22 - [TEST_STEP][PASSED] - delay(1): Delayed 1 second(s)

2022-06-09 21:51:23 - [MESSAGE][PASSED] - Delayed 1 second(s)

2022-06-09 21:51:23 - [TEST_STEP][PASSED] - I.submitquesiton_ref(findTestObject("1. Constant/xpath", ["xpath":"//*[@id="source_" + refID35 + ""]/td[14]/div[1]/button"]), findTestObject("1. Constant/xpath", ["xpath":"//*[@id="source_" + refID35 + ""]/td[14]/div[1]/div/a[1]"])): Object: 'Object Repository/1. Constant/xpath' is clicked on

2022-06-09 21:51:23 - [MESSAGE][PASSED] - Object: 'Object Repository/1. Constant/xpath' is clicked on

2022-06-09 21:51:26 - [MESSAGE][PASSED] - Delayed 3 second(s)

2022-06-09 21:51:28 - [MESSAGE][PASSED] - Object: 'Object Repository/1. Constant/xpath' is clicked on

2022-06-09 21:51:28 - [TEST_STEP][PASSED] - click(findTestObject("1. Constant/xpath", ["xpath":"//*[@id="ModifFiche"]/div[1]/div/button[2]"])): Object: 'Object Repository/1. Constant/xpath' is clicked on

2022-06-09 21:51:35 - [MESSAGE][PASSED] - Object: 'Object Repository/1. Constant/xpath' is clicked on

2022-06-09 21:51:35 - [TEST_STEP][PASSED] - takeScreenshot(): Taking screenshot successfully

2022-06-09 21:51:35 - [MESSAGE][PASSED] - Taking screenshot successfully
[[ATTACHMENT|D:\\Projet Test Auto\\Mediabox Test Automation\\Reports\\20220609_181011\\03. Parallel Testing (Testing)\\TS -PT PART 3\\14.06 Dreyers Support Action (Ongoing _ Completed ref) - PART 6\\20220609_181117\\1654804295084.png]]

2022-06-09 21:51:35 - [TEST_STEP][PASSED] - I.submitquesiton_ref(findTestObject("1. Constant/xpath", ["xpath":"//*[@id="source_" + refID35 + ""]/td[14]/div[1]/button"]), findTestObject("1. Constant/xpath", ["xpath":"//*[@id="source_" + refID35 + ""]/td[14]/div[1]/div/a[1]"])): Object: 'Object Repository/1. Constant/xpath' is clicked on

2022-06-09 21:51:37 - [MESSAGE][PASSED] - Object: 'Object Repository/1. Constant/xpath' is clicked on

2022-06-09 21:51:40 - [MESSAGE][PASSED] - Delayed 3 second(s)

2022-06-09 21:51:43 - [MESSAGE][PASSED] - Object: 'Object Repository/1. Constant/xpath' is clicked on

2022-06-09 21:51:43 - [TEST_STEP][PASSED] - click(findTestObject("1. Constant/xpath", ["xpath":"//*[@id="ModifFiche"]/div[1]/div/button[2]"])): Object: 'Object Repository/1. Constant/xpath' is clicked on

2022-06-09 21:51:48 - [MESSAGE][PASSED] - Object: 'Object Repository/1. Constant/xpath' is clicked on

2022-06-09 21:51:48 - [TEST_STEP][PASSED] - takeScreenshot(): Taking screenshot successfully

2022-06-09 21:51:48 - [MESSAGE][PASSED] - Taking screenshot successfully
[[ATTACHMENT|D:\\Projet Test Auto\\Mediabox Test Automation\\Reports\\20220609_181011\\03. Parallel Testing (Testing)\\TS -PT PART 3\\14.06 Dreyers Support Action (Ongoing _ Completed ref) - PART 6\\20220609_181117\\1654804308685.png]]

2022-06-09 21:51:48 - [TEST_STEP][PASSED] - click(findTestObject("1. Constant/xpath", ["xpath":"//*[@id="source_" + refID35 + ""]/td[14]/a[3]"])): Object: 'Object Repository/1. Constant/xpath' is clicked on

2022-06-09 21:51:50 - [MESSAGE][PASSED] - Object: 'Object Repository/1. Constant/xpath' is clicked on

2022-06-09 21:51:50 - [TEST_STEP][PASSED] - click(findTestObject("1. Constant/xpath", ["xpath":"//*[@id="ModifFiche"]/div[1]/div/button[2]"])): Object: 'Object Repository/1. Constant/xpath' is clicked on

2022-06-09 21:51:55 - [MESSAGE][PASSED] - Object: 'Object Repository/1. Constant/xpath' is clicked on

2022-06-09 21:51:55 - [TEST_STEP][PASSED] - click(findTestObject("1. Constant/xpath", ["xpath":"//*[@id="source_" + refID35 + ""]/td[14]/div[1]/button"])): Object: 'Object Repository/1. Constant/xpath' is clicked on

2022-06-09 21:51:55 - [MESSAGE][PASSED] - Object: 'Object Repository/1. Constant/xpath' is clicked on

2022-06-09 21:51:55 - [TEST_STEP][PASSED] - x = 20: null

2022-06-09 21:51:55 - [TEST_STEP][PASSED] - i = 1: null

2022-06-09 21:51:55 - [TEST_STEP][PASSED] - while (i <= x): null

2022-06-09 21:51:55 - [TEST_STEP][PASSED] - Expected_SAS_Selected = "SAS S43: Skip P3.5/Add Phase 1.1/ Skip 1.1": null

2022-06-09 21:51:55 - [TEST_STEP][PASSED] - xpath_SAS = "//*[@id="source_" + refID35 + ""]/td[14]/div[1]/div/a[" + i + "]": null

2022-06-09 21:51:55 - [TEST_STEP][PASSED] - Actual_SAS = getText(findTestObject("1. Constant/xpath", ["xpath":xpath_SAS])): Text of object 'Object Repository/1. Constant/xpath' is: 'SAS: S6 - Add Steps C'

2022-06-09 21:51:55 - [MESSAGE][PASSED] - Text of object 'Object Repository/1. Constant/xpath' is: 'SAS: S6 - Add Steps C'

2022-06-09 21:51:55 - [TEST_STEP][PASSED] - I.print(i): null

2022-06-09 21:51:55 - [TEST_STEP][PASSED] - if (Actual_SAS.contains(Expected_SAS_Selected)): null

2022-06-09 21:51:55 - [TEST_STEP][PASSED] - i = i + 1: null

2022-06-09 21:51:55 - [TEST_STEP][PASSED] - Expected_SAS_Selected = "SAS S43: Skip P3.5/Add Phase 1.1/ Skip 1.1": null

2022-06-09 21:51:55 - [TEST_STEP][PASSED] - xpath_SAS = "//*[@id="source_" + refID35 + ""]/td[14]/div[1]/div/a[" + i + "]": null

2022-06-09 21:51:55 - [TEST_STEP][PASSED] - Actual_SAS = getText(findTestObject("1. Constant/xpath", ["xpath":xpath_SAS])): Text of object 'Object Repository/1. Constant/xpath' is: 'SAS S14 - Add Step group (SAS Lifecycle - SAS Step C)'

2022-06-09 21:51:56 - [MESSAGE][PASSED] - Text of object 'Object Repository/1. Constant/xpath' is: 'SAS S14 - Add Step group (SAS Lifecycle - SAS Step C)'

2022-06-09 21:51:56 - [TEST_STEP][PASSED] - I.print(i): null

2022-06-09 21:51:56 - [TEST_STEP][PASSED] - if (Actual_SAS.contains(Expected_SAS_Selected)): null

2022-06-09 21:51:56 - [TEST_STEP][PASSED] - i = i + 1: null

2022-06-09 21:51:56 - [TEST_STEP][PASSED] - Expected_SAS_Selected = "SAS S43: Skip P3.5/Add Phase 1.1/ Skip 1.1": null

2022-06-09 21:51:56 - [TEST_STEP][PASSED] - xpath_SAS = "//*[@id="source_" + refID35 + ""]/td[14]/div[1]/div/a[" + i + "]": null

2022-06-09 21:51:56 - [TEST_STEP][PASSED] - Actual_SAS = getText(findTestObject("1. Constant/xpath", ["xpath":xpath_SAS])): Text of object 'Object Repository/1. Constant/xpath' is: 'SAS: S15 - Add Step Group A & C'

2022-06-09 21:51:56 - [MESSAGE][PASSED] - Text of object 'Object Repository/1. Constant/xpath' is: 'SAS: S15 - Add Step Group A & C'

2022-06-09 21:51:56 - [TEST_STEP][PASSED] - I.print(i): null

2022-06-09 21:51:56 - [TEST_STEP][PASSED] - if (Actual_SAS.contains(Expected_SAS_Selected)): null

2022-06-09 21:51:56 - [TEST_STEP][PASSED] - i = i + 1: null

2022-06-09 21:51:56 - [TEST_STEP][PASSED] - Expected_SAS_Selected = "SAS S43: Skip P3.5/Add Phase 1.1/ Skip 1.1": null

2022-06-09 21:51:56 - [TEST_STEP][PASSED] - xpath_SAS = "//*[@id="source_" + refID35 + ""]/td[14]/div[1]/div/a[" + i + "]": null

2022-06-09 21:51:56 - [TEST_STEP][PASSED] - Actual_SAS = getText(findTestObject("1. Constant/xpath", ["xpath":xpath_SAS])): Text of object 'Object Repository/1. Constant/xpath' is: 'SAS S27: Add PG Step C/ Skip P3.1'

2022-06-09 21:51:56 - [MESSAGE][PASSED] - Text of object 'Object Repository/1. Constant/xpath' is: 'SAS S27: Add PG Step C/ Skip P3.1'

2022-06-09 21:51:56 - [TEST_STEP][PASSED] - I.print(i): null

2022-06-09 21:51:56 - [TEST_STEP][PASSED] - if (Actual_SAS.contains(Expected_SAS_Selected)): null

2022-06-09 21:51:56 - [TEST_STEP][PASSED] - i = i + 1: null

2022-06-09 21:51:56 - [TEST_STEP][PASSED] - Expected_SAS_Selected = "SAS S43: Skip P3.5/Add Phase 1.1/ Skip 1.1": null

2022-06-09 21:51:56 - [TEST_STEP][PASSED] - xpath_SAS = "//*[@id="source_" + refID35 + ""]/td[14]/div[1]/div/a[" + i + "]": null

2022-06-09 21:51:56 - [TEST_STEP][PASSED] - Actual_SAS = getText(findTestObject("1. Constant/xpath", ["xpath":xpath_SAS])): Text of object 'Object Repository/1. Constant/xpath' is: 'SAS S28: Skip P3.4/Add PG Step C/ Skip P3.1'

2022-06-09 21:51:56 - [MESSAGE][PASSED] - Text of object 'Object Repository/1. Constant/xpath' is: 'SAS S28: Skip P3.4/Add PG Step C/ Skip P3.1'

2022-06-09 21:51:56 - [TEST_STEP][PASSED] - I.print(i): null

2022-06-09 21:51:56 - [TEST_STEP][PASSED] - if (Actual_SAS.contains(Expected_SAS_Selected)): null

2022-06-09 21:51:56 - [TEST_STEP][PASSED] - i = i + 1: null

2022-06-09 21:51:56 - [TEST_STEP][PASSED] - Expected_SAS_Selected = "SAS S43: Skip P3.5/Add Phase 1.1/ Skip 1.1": null

2022-06-09 21:51:56 - [TEST_STEP][PASSED] - xpath_SAS = "//*[@id="source_" + refID35 + ""]/td[14]/div[1]/div/a[" + i + "]": null

2022-06-09 21:51:56 - [TEST_STEP][PASSED] - Actual_SAS = getText(findTestObject("1. Constant/xpath", ["xpath":xpath_SAS])): Text of object 'Object Repository/1. Constant/xpath' is: 'SAS S29: Add Step C / Skip P3.1'

2022-06-09 21:51:56 - [MESSAGE][PASSED] - Text of object 'Object Repository/1. Constant/xpath' is: 'SAS S29: Add Step C / Skip P3.1'

2022-06-09 21:51:56 - [TEST_STEP][PASSED] - I.print(i): null

2022-06-09 21:51:56 - [TEST_STEP][PASSED] - if (Actual_SAS.contains(Expected_SAS_Selected)): null

2022-06-09 21:51:56 - [TEST_STEP][PASSED] - i = i + 1: null

2022-06-09 21:51:56 - [TEST_STEP][PASSED] - Expected_SAS_Selected = "SAS S43: Skip P3.5/Add Phase 1.1/ Skip 1.1": null

2022-06-09 21:51:56 - [TEST_STEP][PASSED] - xpath_SAS = "//*[@id="source_" + refID35 + ""]/td[14]/div[1]/div/a[" + i + "]": null

2022-06-09 21:51:56 - [TEST_STEP][PASSED] - Actual_SAS = getText(findTestObject("1. Constant/xpath", ["xpath":xpath_SAS])): Text of object 'Object Repository/1. Constant/xpath' is: 'SAS S31: Skip Phase 3.5/Add Phase Group SA/ Skip to Phase 1.1'

2022-06-09 21:51:56 - [MESSAGE][PASSED] - Text of object 'Object Repository/1. Constant/xpath' is: 'SAS S31: Skip Phase 3.5/Add Phase Group SA/ Skip to Phase 1.1'

2022-06-09 21:51:56 - [TEST_STEP][PASSED] - I.print(i): null

2022-06-09 21:51:56 - [TEST_STEP][PASSED] - if (Actual_SAS.contains(Expected_SAS_Selected)): null

2022-06-09 21:51:56 - [TEST_STEP][PASSED] - i = i + 1: null

2022-06-09 21:51:56 - [TEST_STEP][PASSED] - Expected_SAS_Selected = "SAS S43: Skip P3.5/Add Phase 1.1/ Skip 1.1": null

2022-06-09 21:51:56 - [TEST_STEP][PASSED] - xpath_SAS = "//*[@id="source_" + refID35 + ""]/td[14]/div[1]/div/a[" + i + "]": null

2022-06-09 21:51:56 - [TEST_STEP][PASSED] - Actual_SAS = getText(findTestObject("1. Constant/xpath", ["xpath":xpath_SAS])): Text of object 'Object Repository/1. Constant/xpath' is: 'SAS S30: Add Phase Group SA/ Skip to Phase 1.1'

2022-06-09 21:51:57 - [MESSAGE][PASSED] - Text of object 'Object Repository/1. Constant/xpath' is: 'SAS S30: Add Phase Group SA/ Skip to Phase 1.1'

2022-06-09 21:51:57 - [TEST_STEP][PASSED] - I.print(i): null

2022-06-09 21:51:57 - [TEST_STEP][PASSED] - if (Actual_SAS.contains(Expected_SAS_Selected)): null

2022-06-09 21:51:57 - [TEST_STEP][PASSED] - i = i + 1: null

2022-06-09 21:51:57 - [TEST_STEP][PASSED] - Expected_SAS_Selected = "SAS S43: Skip P3.5/Add Phase 1.1/ Skip 1.1": null

2022-06-09 21:51:57 - [TEST_STEP][PASSED] - xpath_SAS = "//*[@id="source_" + refID35 + ""]/td[14]/div[1]/div/a[" + i + "]": null

2022-06-09 21:51:57 - [TEST_STEP][PASSED] - Actual_SAS = getText(findTestObject("1. Constant/xpath", ["xpath":xpath_SAS])): Text of object 'Object Repository/1. Constant/xpath' is: 'SAS S41: Add Phase 3.5 / Skip P3.4'

2022-06-09 21:51:57 - [MESSAGE][PASSED] - Text of object 'Object Repository/1. Constant/xpath' is: 'SAS S41: Add Phase 3.5 / Skip P3.4'

2022-06-09 21:51:57 - [TEST_STEP][PASSED] - I.print(i): null

2022-06-09 21:51:57 - [TEST_STEP][PASSED] - if (Actual_SAS.contains(Expected_SAS_Selected)): null

2022-06-09 21:51:57 - [TEST_STEP][PASSED] - i = i + 1: null

2022-06-09 21:51:57 - [TEST_STEP][PASSED] - Expected_SAS_Selected = "SAS S43: Skip P3.5/Add Phase 1.1/ Skip 1.1": null

2022-06-09 21:51:57 - [TEST_STEP][PASSED] - xpath_SAS = "//*[@id="source_" + refID35 + ""]/td[14]/div[1]/div/a[" + i + "]": null

2022-06-09 21:51:57 - [TEST_STEP][PASSED] - Actual_SAS = getText(findTestObject("1. Constant/xpath", ["xpath":xpath_SAS])): Text of object 'Object Repository/1. Constant/xpath' is: 'SAS S43: Skip P3.5/Add Phase 1.1/ Skip 1.1'

2022-06-09 21:51:57 - [MESSAGE][PASSED] - Text of object 'Object Repository/1. Constant/xpath' is: 'SAS S43: Skip P3.5/Add Phase 1.1/ Skip 1.1'

2022-06-09 21:51:57 - [TEST_STEP][PASSED] - I.print(i): null

2022-06-09 21:51:57 - [TEST_STEP][PASSED] - if (Actual_SAS.contains(Expected_SAS_Selected)): null

2022-06-09 21:51:57 - [TEST_STEP][PASSED] - click(findTestObject("1. Constant/xpath", ["xpath":xpath_SAS])): Object: 'Object Repository/1. Constant/xpath' is clicked on

2022-06-09 21:51:58 - [MESSAGE][PASSED] - Object: 'Object Repository/1. Constant/xpath' is clicked on

2022-06-09 21:51:58 - [TEST_STEP][PASSED] - break: null

2022-06-09 21:51:58 - [TEST_STEP][PASSED] - click(findTestObject("1. Constant/xpath", ["xpath":"//*[@id="confirmSupportActionShortcut"]"])): Object: 'Object Repository/1. Constant/xpath' is clicked on

2022-06-09 21:52:02 - [MESSAGE][PASSED] - Object: 'Object Repository/1. Constant/xpath' is clicked on

2022-06-09 21:52:02 - [TEST_STEP][PASSED] - takeScreenshot(): Taking screenshot successfully

2022-06-09 21:52:02 - [MESSAGE][PASSED] - Taking screenshot successfully
[[ATTACHMENT|D:\\Projet Test Auto\\Mediabox Test Automation\\Reports\\20220609_181011\\03. Parallel Testing (Testing)\\TS -PT PART 3\\14.06 Dreyers Support Action (Ongoing _ Completed ref) - PART 6\\20220609_181117\\1654804322234.png]]

2022-06-09 21:52:02 - [TEST_STEP][PASSED] - click(findTestObject("1. Constant/xpath", ["xpath":"//*[@id="kt_content"]/div[3]/div/ul/li[3]/a"])): Object: 'Object Repository/1. Constant/xpath' is clicked on

2022-06-09 21:52:05 - [MESSAGE][PASSED] - Object: 'Object Repository/1. Constant/xpath' is clicked on

2022-06-09 21:52:05 - [TEST_STEP][PASSED] - takeScreenshot(): Taking screenshot successfully

2022-06-09 21:52:05 - [MESSAGE][PASSED] - Taking screenshot successfully
[[ATTACHMENT|D:\\Projet Test Auto\\Mediabox Test Automation\\Reports\\20220609_181011\\03. Parallel Testing (Testing)\\TS -PT PART 3\\14.06 Dreyers Support Action (Ongoing _ Completed ref) - PART 6\\20220609_181117\\1654804325581.png]]

2022-06-09 21:52:05 - [TEST_STEP][PASSED] - Status_StepC_3 = getAttribute(findTestObject("1. Constant/xpath", ["xpath":"/html/body/div[1]/div[2]/div[8]/div[3]/div/div[3]/div[3]/div/ul/li[3]/a"]), "class"): Attribute 'class' of object 'Object Repository/1. Constant/xpath' is: 'nav-link timeline-badge badge-xl  bg-complete '

2022-06-09 21:52:05 - [MESSAGE][PASSED] - Attribute 'class' of object 'Object Repository/1. Constant/xpath' is: 'nav-link timeline-badge badge-xl  bg-complete '

2022-06-09 21:52:05 - [TEST_STEP][PASSED] - verifyMatch(Status_StepC_3, "nav-link timeline-badge badge-xl  bg-complete ", false): Actual text 'nav-link timeline-badge badge-xl  bg-complete ' and expected text 'nav-link timeline-badge badge-xl  bg-complete ' are matched 

2022-06-09 21:52:05 - [MESSAGE][PASSED] - Actual text 'nav-link timeline-badge badge-xl  bg-complete ' and expected text 'nav-link timeline-badge badge-xl  bg-complete ' are matched 

2022-06-09 21:52:05 - [TEST_STEP][PASSED] - Name_StepC_3 = I.Get_Stepname("/html/body/div[1]/div[2]/div[8]/div[3]/div/div[3]/div[3]/div/ul/li[3]/a"): Attribute 'href' of object 'Object Repository/1. Constant/xpath' is: 'http://mdb-release.diadeis.lan/MediaboxIndependence/Base/ExecAction?action=VoirRef&IDSession=MBI!RELTESTAUTO_DREYERS!SZYPIRBZJWWKBHORWOCD0O9NGX3G5GMS6UP2ZI04&num=2OLVO7AG5N&id_ref=5294#tab_lifecycle_SASStepC_12253'

2022-06-09 21:52:10 - [MESSAGE][PASSED] - Delayed 5 second(s)

2022-06-09 21:52:11 - [MESSAGE][PASSED] - Attribute 'href' of object 'Object Repository/1. Constant/xpath' is: 'http://mdb-release.diadeis.lan/MediaboxIndependence/Base/ExecAction?action=VoirRef&IDSession=MBI!RELTESTAUTO_DREYERS!SZYPIRBZJWWKBHORWOCD0O9NGX3G5GMS6UP2ZI04&num=2OLVO7AG5N&id_ref=5294#tab_lifecycle_SASStepC_12253'

2022-06-09 21:52:11 - [TEST_STEP][PASSED] - verifyMatch(Name_StepC_3, "SASStepC", false): Actual text 'SASStepC' and expected text 'SASStepC' are matched 

2022-06-09 21:52:11 - [MESSAGE][PASSED] - Actual text 'SASStepC' and expected text 'SASStepC' are matched 

2022-06-09 21:52:11 - [TEST_STEP][PASSED] - Status_StepA_4 = getAttribute(findTestObject("1. Constant/xpath", ["xpath":"/html/body/div[1]/div[2]/div[8]/div[3]/div/div[3]/div[3]/div/ul/li[4]/a"]), "class"): Attribute 'class' of object 'Object Repository/1. Constant/xpath' is: 'nav-link timeline-badge badge-xl  bg-pending active'

2022-06-09 21:52:11 - [MESSAGE][PASSED] - Attribute 'class' of object 'Object Repository/1. Constant/xpath' is: 'nav-link timeline-badge badge-xl  bg-pending active'

2022-06-09 21:52:11 - [TEST_STEP][PASSED] - verifyMatch(Status_StepA_4, "nav-link timeline-badge badge-xl  bg-pending active", false): Actual text 'nav-link timeline-badge badge-xl  bg-pending active' and expected text 'nav-link timeline-badge badge-xl  bg-pending active' are matched 

2022-06-09 21:52:11 - [MESSAGE][PASSED] - Actual text 'nav-link timeline-badge badge-xl  bg-pending active' and expected text 'nav-link timeline-badge badge-xl  bg-pending active' are matched 

2022-06-09 21:52:11 - [TEST_STEP][PASSED] - Name_StepA_4 = I.Get_Stepname("/html/body/div[1]/div[2]/div[8]/div[3]/div/div[3]/div[3]/div/ul/li[4]/a"): Attribute 'href' of object 'Object Repository/1. Constant/xpath' is: 'http://mdb-release.diadeis.lan/MediaboxIndependence/Base/ExecAction?action=VoirRef&IDSession=MBI!RELTESTAUTO_DREYERS!SZYPIRBZJWWKBHORWOCD0O9NGX3G5GMS6UP2ZI04&num=2OLVO7AG5N&id_ref=5294#tab_lifecycle_SASStepA_12254'

2022-06-09 21:52:16 - [MESSAGE][PASSED] - Delayed 5 second(s)

2022-06-09 21:52:17 - [MESSAGE][PASSED] - Attribute 'href' of object 'Object Repository/1. Constant/xpath' is: 'http://mdb-release.diadeis.lan/MediaboxIndependence/Base/ExecAction?action=VoirRef&IDSession=MBI!RELTESTAUTO_DREYERS!SZYPIRBZJWWKBHORWOCD0O9NGX3G5GMS6UP2ZI04&num=2OLVO7AG5N&id_ref=5294#tab_lifecycle_SASStepA_12254'

2022-06-09 21:52:17 - [TEST_STEP][PASSED] - verifyMatch(Name_StepA_4, "SASStepA", false): Actual text 'SASStepA' and expected text 'SASStepA' are matched 

2022-06-09 21:52:17 - [MESSAGE][PASSED] - Actual text 'SASStepA' and expected text 'SASStepA' are matched 

2022-06-09 21:52:17 - [TEST_STEP][PASSED] - Status_StepAP11_4 = getAttribute(findTestObject("1. Constant/xpath", ["xpath":"/html/body/div[1]/div[2]/div[8]/div[3]/div/div[3]/div[3]/div/div/div[4]/div/div/span"]), "class"): Attribute 'class' of object 'Object Repository/1. Constant/xpath' is: 'timeline-badge badge-md bg-pending '

2022-06-09 21:52:17 - [MESSAGE][PASSED] - Attribute 'class' of object 'Object Repository/1. Constant/xpath' is: 'timeline-badge badge-md bg-pending '

2022-06-09 21:52:17 - [TEST_STEP][PASSED] - verifyMatch(Status_StepAP11_4, "timeline-badge badge-md bg-pending ", false): Actual text 'timeline-badge badge-md bg-pending ' and expected text 'timeline-badge badge-md bg-pending ' are matched 

2022-06-09 21:52:17 - [MESSAGE][PASSED] - Actual text 'timeline-badge badge-md bg-pending ' and expected text 'timeline-badge badge-md bg-pending ' are matched 

2022-06-09 21:52:17 - [TEST_STEP][PASSED] - Name_StepAP11_4 = getText(findTestObject("1. Constant/xpath", ["xpath":"/html/body/div[1]/div[2]/div[8]/div[3]/div/div[3]/div[3]/div/div/div[4]/div/div/div/div[1]/div[1]/h3"])): Text of object 'Object Repository/1. Constant/xpath' is: 'Phase 1.1 [Standard]'

2022-06-09 21:52:18 - [MESSAGE][PASSED] - Text of object 'Object Repository/1. Constant/xpath' is: 'Phase 1.1 [Standard]'

2022-06-09 21:52:18 - [TEST_STEP][PASSED] - verifyMatch(Name_StepAP11_4, "Phase 1.1 [Standard]", false): Actual text 'Phase 1.1 [Standard]' and expected text 'Phase 1.1 [Standard]' are matched 

2022-06-09 21:52:18 - [MESSAGE][PASSED] - Actual text 'Phase 1.1 [Standard]' and expected text 'Phase 1.1 [Standard]' are matched 

2022-06-09 21:52:18 - [TEST_STEP][PASSED] - Started_StepAP11_4 = getText(findTestObject("1. Constant/xpath", ["xpath":"/html/body/div[1]/div[2]/div[8]/div[3]/div/div[3]/div[3]/div/div/div[4]/div/div/div/div[2]/div[1]"])): Text of object 'Object Repository/1. Constant/xpath' is: 'Started 06/09/22 03:51 PM'

2022-06-09 21:52:18 - [MESSAGE][PASSED] - Text of object 'Object Repository/1. Constant/xpath' is: 'Started 06/09/22 03:51 PM'

2022-06-09 21:52:18 - [TEST_STEP][PASSED] - if (Started_StepAP11_4.contains("Started")): Actual object '1' and expected object '1' are equal

2022-06-09 21:52:18 - [TEST_STEP][PASSED] - verifyEqual(1, 1): Actual object '1' and expected object '1' are equal

2022-06-09 21:52:18 - [MESSAGE][PASSED] - Actual object '1' and expected object '1' are equal

2022-06-09 21:52:18 - [TEST_STEP][PASSED] - Added_StepAP11_4 = getText(findTestObject("1. Constant/xpath", ["xpath":"/html/body/div[1]/div[2]/div[8]/div[3]/div/div[3]/div[3]/div/div/div[4]/div/div/div/div[2]/h6"])): Text of object 'Object Repository/1. Constant/xpath' is: 'Added manually 06/09/22 03:51 PM By s user'

2022-06-09 21:52:18 - [MESSAGE][PASSED] - Text of object 'Object Repository/1. Constant/xpath' is: 'Added manually 06/09/22 03:51 PM By s user'

2022-06-09 21:52:18 - [TEST_STEP][PASSED] - if (Added_StepAP11_4.contains("Added manually")): Actual object '1' and expected object '1' are equal

2022-06-09 21:52:18 - [TEST_STEP][PASSED] - verifyEqual(1, 1): Actual object '1' and expected object '1' are equal

2022-06-09 21:52:18 - [MESSAGE][PASSED] - Actual object '1' and expected object '1' are equal

2022-06-09 21:52:18 - [TEST_STEP][PASSED] - verifyElementNotPresent(findTestObject("1. Constant/xpath", ["xpath":"/html/body/div[1]/div[2]/div[8]/div[3]/div/div[3]/div[3]/div/ul/li[5]/a"]), 10): Web element with id: 'Object Repository/1. Constant/xpath' located by 'By.xpath: /html/body/div[1]/div[2]/div[8]/div[3]/div/div[3]/div[3]/div/ul/li[5]/a' is not present after '10' second(s)

2022-06-09 21:52:19 - [MESSAGE][PASSED] - Web element with id: 'Object Repository/1. Constant/xpath' located by 'By.xpath: /html/body/div[1]/div[2]/div[8]/div[3]/div/div[3]/div[3]/div/ul/li[5]/a' is not present after '10' second(s)

2022-06-09 21:52:19 - [TEST_STEP][PASSED] - click(findTestObject("1. Constant/xpath", ["xpath":"/html/body/div[1]/div[2]/div[8]/div[2]/div/nav/ol/li[2]/a"])): Object: 'Object Repository/1. Constant/xpath' is clicked on

2022-06-09 21:52:22 - [MESSAGE][PASSED] - Object: 'Object Repository/1. Constant/xpath' is clicked on

2022-06-09 21:52:22 - [TEST_STEP][PASSED] - takeScreenshot(): Taking screenshot successfully

2022-06-09 21:52:22 - [MESSAGE][PASSED] - Taking screenshot successfully
[[ATTACHMENT|D:\\Projet Test Auto\\Mediabox Test Automation\\Reports\\20220609_181011\\03. Parallel Testing (Testing)\\TS -PT PART 3\\14.06 Dreyers Support Action (Ongoing _ Completed ref) - PART 6\\20220609_181117\\1654804342516.png]]

2022-06-09 21:52:22 - [TEST_STEP][PASSED] - Lifecycle_Status1 = getText(findTestObject("1. Constant/xpath", ["xpath":"//*[@id="source_" + refID35 + ""]/td[11]/span[1]"])): Text of object 'Object Repository/1. Constant/xpath' is: 'Phase 1.1 [Standard]'

2022-06-09 21:52:23 - [MESSAGE][PASSED] - Text of object 'Object Repository/1. Constant/xpath' is: 'Phase 1.1 [Standard]'

2022-06-09 21:52:23 - [TEST_STEP][PASSED] - verifyMatch(Lifecycle_Status1, "Phase 1.1 [Standard]", false): Actual text 'Phase 1.1 [Standard]' and expected text 'Phase 1.1 [Standard]' are matched 

2022-06-09 21:52:23 - [MESSAGE][PASSED] - Actual text 'Phase 1.1 [Standard]' and expected text 'Phase 1.1 [Standard]' are matched 

2022-06-09 21:52:23 - [TEST_STEP][PASSED] - I.Logout(): Delayed 3 second(s)

2022-06-09 21:52:26 - [MESSAGE][PASSED] - Delayed 3 second(s)

2022-06-09 21:52:26 - [MESSAGE][PASSED] - Object: 'Object Repository/1. Constant/xpath' is clicked on

2022-06-09 21:52:29 - [MESSAGE][PASSED] - Delayed 3 second(s)

2022-06-09 21:52:31 - [MESSAGE][PASSED] - Object: 'Object Repository/1. Constant/xpath' is clicked on

2022-06-09 21:52:34 - [MESSAGE][PASSED] - Delayed 3 second(s)

2022-06-09 21:52:34 - [TEST_STEP][PASSED] - I.Login_password("blemco", password_blemco): Object: 'Object Repository/1. Constant/xpath' is clicked on

2022-06-09 21:52:34 - [MESSAGE][PASSED] - Text 'blemco' is set on object 'Object Repository/1. Constant/xpath'

2022-06-09 21:52:35 - [MESSAGE][PASSED] - Delayed 1 second(s)

2022-06-09 21:52:36 - [MESSAGE][PASSED] - Text 'diadeis1' is set on object 'Object Repository/1. Constant/xpath'

2022-06-09 21:52:37 - [MESSAGE][PASSED] - Delayed 1 second(s)

2022-06-09 21:52:41 - [MESSAGE][PASSED] - Object: 'Object Repository/1. Constant/xpath' is clicked on

2022-06-09 21:52:41 - [TEST_STEP][PASSED] - takeScreenshot(): Taking screenshot successfully

2022-06-09 21:52:41 - [MESSAGE][PASSED] - Taking screenshot successfully
[[ATTACHMENT|D:\\Projet Test Auto\\Mediabox Test Automation\\Reports\\20220609_181011\\03. Parallel Testing (Testing)\\TS -PT PART 3\\14.06 Dreyers Support Action (Ongoing _ Completed ref) - PART 6\\20220609_181117\\1654804361104.png]]

2022-06-09 21:52:41 - [TEST_STEP][PASSED] - click(findTestObject("1. Constant/02_LHSMenu_Projects")): Object: 'Object Repository/1. Constant/02_LHSMenu_Projects' is clicked on

2022-06-09 21:52:45 - [MESSAGE][PASSED] - Object: 'Object Repository/1. Constant/02_LHSMenu_Projects' is clicked on

2022-06-09 21:52:45 - [TEST_STEP][PASSED] - I.SearchProjectNo_xpath(Project_No, "//*[@id="keynum_project"]", "//*[@id="form_filters"]/div[4]/button"): Delayed 5 second(s)

2022-06-09 21:52:46 - [MESSAGE][PASSED] - Delayed 1 second(s)

2022-06-09 21:52:46 - [MESSAGE][PASSED] - Text 'MI000876' is set on object 'Object Repository/1. Constant/xpath'

2022-06-09 21:52:49 - [MESSAGE][PASSED] - Delayed 3 second(s)

2022-06-09 21:52:49 - [MESSAGE][PASSED] - Scroll to object 'Object Repository/1. Constant/xpath' successfully

2022-06-09 21:52:53 - [MESSAGE][PASSED] - Object: 'Object Repository/1. Constant/xpath' is clicked on

2022-06-09 21:52:58 - [MESSAGE][PASSED] - Delayed 5 second(s)

2022-06-09 21:52:58 - [TEST_STEP][PASSED] - takeScreenshot(): Taking screenshot successfully

2022-06-09 21:52:58 - [MESSAGE][PASSED] - Taking screenshot successfully
[[ATTACHMENT|D:\\Projet Test Auto\\Mediabox Test Automation\\Reports\\20220609_181011\\03. Parallel Testing (Testing)\\TS -PT PART 3\\14.06 Dreyers Support Action (Ongoing _ Completed ref) - PART 6\\20220609_181117\\1654804378409.png]]

2022-06-09 21:52:58 - [TEST_STEP][PASSED] - I.SearchRefNo_xpath("P35_Auto", "//*[@id="fiche_filter_keywords11"]", "//*[@id="form_filters"]/div[3]/button"): Delayed 5 second(s)

2022-06-09 21:52:59 - [MESSAGE][PASSED] - Delayed 1 second(s)

2022-06-09 21:53:01 - [MESSAGE][PASSED] - Text 'P35_Auto' is set on object 'Object Repository/1. Constant/xpath'

2022-06-09 21:53:04 - [MESSAGE][PASSED] - Delayed 3 second(s)

2022-06-09 21:53:04 - [MESSAGE][PASSED] - Scroll to object 'Object Repository/1. Constant/xpath' successfully

2022-06-09 21:53:07 - [MESSAGE][PASSED] - Object: 'Object Repository/1. Constant/xpath' is clicked on

2022-06-09 21:53:12 - [MESSAGE][PASSED] - Delayed 5 second(s)

2022-06-09 21:53:12 - [TEST_STEP][PASSED] - click(findTestObject("1. Constant/xpath", ["xpath":"//*[@id="source_" + refID35 + ""]/td[13]/a[3]"])): Object: 'Object Repository/1. Constant/xpath' is clicked on

2022-06-09 21:53:13 - [MESSAGE][PASSED] - Object: 'Object Repository/1. Constant/xpath' is clicked on

2022-06-09 21:53:13 - [TEST_STEP][PASSED] - click(findTestObject("1. Constant/xpath", ["xpath":"//*[@id="ModifFiche"]/div[1]/div/button[2]"])): Object: 'Object Repository/1. Constant/xpath' is clicked on

2022-06-09 21:53:19 - [MESSAGE][PASSED] - Object: 'Object Repository/1. Constant/xpath' is clicked on

2022-06-09 21:53:19 - [TEST_STEP][PASSED] - Lifecycle_Status3 = getText(findTestObject("1. Constant/xpath", ["xpath":"//*[@id="source_" + refID35 + ""]/td[12]/span[1]"])): Text of object 'Object Repository/1. Constant/xpath' is: 'Complete'

2022-06-09 21:53:19 - [MESSAGE][PASSED] - Text of object 'Object Repository/1. Constant/xpath' is: 'Complete'

2022-06-09 21:53:19 - [TEST_STEP][PASSED] - verifyMatch(Lifecycle_Status3, "Complete", false): Actual text 'Complete' and expected text 'Complete' are matched 

2022-06-09 21:53:19 - [MESSAGE][PASSED] - Actual text 'Complete' and expected text 'Complete' are matched 

2022-06-09 21:53:19 - [TEST_STEP][PASSED] - takeScreenshot(): Taking screenshot successfully

2022-06-09 21:53:20 - [MESSAGE][PASSED] - Taking screenshot successfully
[[ATTACHMENT|D:\\Projet Test Auto\\Mediabox Test Automation\\Reports\\20220609_181011\\03. Parallel Testing (Testing)\\TS -PT PART 3\\14.06 Dreyers Support Action (Ongoing _ Completed ref) - PART 6\\20220609_181117\\1654804399699.png]]

2022-06-09 21:53:20 - [TEST_STEP][PASSED] - closeBrowser(): Browser is closed

2022-06-09 21:53:22 - [MESSAGE][PASSED] - Browser is closed

2022-06-09 21:53:22 - [TEST_STEP][PASSED] - Start listener action : sampleAfterTestCase: null]]></system-out>
         <system-err><![CDATA[]]></system-err>
      </testcase>
      <testcase name="Test Cases/19. Dreyers Support Action (Ongoing ref_completed)/19.36 Dreyers SAS Add Phase (Ongoing ref) S45 - P36" time="280.788" classname="Test Cases/19. Dreyers Support Action (Ongoing ref_completed)/19.36 Dreyers SAS Add Phase (Ongoing ref) S45 - P36" status="PASSED">
         <system-out><![CDATA[2022-06-09 21:53:22 - [TEST_CASE][PASSED] - Test Cases/19. Dreyers Support Action (Ongoing ref_completed)/19.36 Dreyers SAS Add Phase (Ongoing ref) S45 - P36: Test Cases/19. Dreyers Support Action (Ongoing ref_completed)/19.36 Dreyers SAS Add Phase (Ongoing ref) S45 - P36

2022-06-09 21:53:23 - [TEST_STEP][PASSED] - data_Dreyers = findTestData("Data Files/Username_Password/Dreyer"): null

2022-06-09 21:53:23 - [TEST_STEP][PASSED] - password_suser = data_Dreyers.getValue(2, 1): null

2022-06-09 21:53:23 - [TEST_STEP][PASSED] - password_nturner = data_Dreyers.getValue(2, 6): null

2022-06-09 21:53:23 - [TEST_STEP][PASSED] - data_urlRELAUTO = findTestData("Data Files/URL/URL_relauto"): null

2022-06-09 21:53:23 - [TEST_STEP][PASSED] - Url_Dreyer = data_urlRELAUTO.getValue(2, 4): null

2022-06-09 21:53:23 - [TEST_STEP][PASSED] - Project_No = I.readnotepad("D:\Upoad_File\Projet_ Login\Dreyers\19.1\19.1_Dreyers_ProjectNo.txt"): null

2022-06-09 21:53:23 - [TEST_STEP][PASSED] - refID = I.readnotepad("D:\Upoad_File\Projet_ Login\Dreyers\19.1\19.1_Dreyers_refID.txt"): null

2022-06-09 21:53:23 - [TEST_STEP][PASSED] - openBrowser(Url_Dreyer): Browser is opened with url: 'http://mdb-release.diadeis.lan/MediaboxIndependence/?MBI_datasource=RELTESTAUTO_DREYERS'

2022-06-09 21:53:23 - [MESSAGE][INFO] - Starting 'Chrome (headless)' driver

2022-06-09 21:53:23 - [MESSAGE][INFO] - User set preference: ['args', '[--window-size=1920,1080, --headless]']

2022-06-09 21:53:23 - [MESSAGE][INFO] - Action delay is set to 0 milliseconds

2022-06-09 21:53:28 - [MESSAGE][PASSED] - Browser is opened with url: 'http://mdb-release.diadeis.lan/MediaboxIndependence/?MBI_datasource=RELTESTAUTO_DREYERS'

2022-06-09 21:53:28 - [TEST_STEP][PASSED] - maximizeWindow(): Current window maximized

2022-06-09 21:53:29 - [MESSAGE][PASSED] - Current window maximized

2022-06-09 21:53:29 - [TEST_STEP][PASSED] - I.Login_password("suser", password_suser): Object: 'Object Repository/1. Constant/xpath' is clicked on

2022-06-09 21:53:29 - [MESSAGE][PASSED] - Text 'suser' is set on object 'Object Repository/1. Constant/xpath'

2022-06-09 21:53:30 - [MESSAGE][PASSED] - Delayed 1 second(s)

2022-06-09 21:53:30 - [MESSAGE][PASSED] - Text 'diadeis' is set on object 'Object Repository/1. Constant/xpath'

2022-06-09 21:53:31 - [MESSAGE][PASSED] - Delayed 1 second(s)

2022-06-09 21:53:40 - [MESSAGE][PASSED] - Object: 'Object Repository/1. Constant/xpath' is clicked on

2022-06-09 21:53:40 - [TEST_STEP][PASSED] - click(findTestObject("1. Constant/02_LHSMenu_Projects")): Object: 'Object Repository/1. Constant/02_LHSMenu_Projects' is clicked on

2022-06-09 21:53:42 - [MESSAGE][PASSED] - Object: 'Object Repository/1. Constant/02_LHSMenu_Projects' is clicked on

2022-06-09 21:53:42 - [TEST_STEP][PASSED] - I.SearchProjectNo_xpath(Project_No, "//*[@id="keynum_project"]", "//*[@id="form_filters"]/div[4]/button"): Delayed 5 second(s)

2022-06-09 21:53:43 - [MESSAGE][PASSED] - Delayed 1 second(s)

2022-06-09 21:53:44 - [MESSAGE][PASSED] - Text 'MI000876' is set on object 'Object Repository/1. Constant/xpath'

2022-06-09 21:53:47 - [MESSAGE][PASSED] - Delayed 3 second(s)

2022-06-09 21:53:47 - [MESSAGE][PASSED] - Scroll to object 'Object Repository/1. Constant/xpath' successfully

2022-06-09 21:53:53 - [MESSAGE][PASSED] - Object: 'Object Repository/1. Constant/xpath' is clicked on

2022-06-09 21:53:58 - [MESSAGE][PASSED] - Delayed 5 second(s)

2022-06-09 21:53:58 - [TEST_STEP][PASSED] - takeScreenshot(): Taking screenshot successfully

2022-06-09 21:53:59 - [MESSAGE][PASSED] - Taking screenshot successfully
[[ATTACHMENT|D:\\Projet Test Auto\\Mediabox Test Automation\\Reports\\20220609_181011\\03. Parallel Testing (Testing)\\TS -PT PART 3\\14.06 Dreyers Support Action (Ongoing _ Completed ref) - PART 6\\20220609_181117\\1654804438759.png]]

2022-06-09 21:53:59 - [TEST_STEP][PASSED] - click(findTestObject("1. Constant/xpath", ["xpath":"//*[@id="create_ref_btn"]/button"])): Object: 'Object Repository/1. Constant/xpath' is clicked on

2022-06-09 21:53:59 - [MESSAGE][PASSED] - Object: 'Object Repository/1. Constant/xpath' is clicked on

2022-06-09 21:53:59 - [TEST_STEP][PASSED] - click(findTestObject("1. Constant/xpath", ["xpath":"//*[@id="create_ref_btn"]/div/a"])): Object: 'Object Repository/1. Constant/xpath' is clicked on

2022-06-09 21:54:01 - [MESSAGE][PASSED] - Object: 'Object Repository/1. Constant/xpath' is clicked on

2022-06-09 21:54:01 - [TEST_STEP][PASSED] - delay(1): Delayed 1 second(s)

2022-06-09 21:54:02 - [MESSAGE][PASSED] - Delayed 1 second(s)

2022-06-09 21:54:02 - [TEST_STEP][PASSED] - selectOptionByValue(findTestObject("1. Constant/xpath", ["xpath":"//*[@id="lfc_tpl"]"]), "36", false): All options with value '36' are selected in object 'Object Repository/1. Constant/xpath' 

2022-06-09 21:54:03 - [MESSAGE][PASSED] - All options with value '36' are selected in object 'Object Repository/1. Constant/xpath' 

2022-06-09 21:54:03 - [TEST_STEP][PASSED] - ref_name = "P36_Auto_SAS_S45_" + RandomStringUtils.randomAlphanumeric(5) + I.gettimedate(): null

2022-06-09 21:54:03 - [TEST_STEP][PASSED] - delay(1): Delayed 1 second(s)

2022-06-09 21:54:04 - [MESSAGE][PASSED] - Delayed 1 second(s)

2022-06-09 21:54:04 - [TEST_STEP][PASSED] - setText(findTestObject("1. Constant/xpath", ["xpath":"//*[@id="var_name"]"]), ref_name): Text 'P36_Auto_SAS_S45_SyEhxjuin092022_215403' is set on object 'Object Repository/1. Constant/xpath'

2022-06-09 21:54:06 - [MESSAGE][PASSED] - Text 'P36_Auto_SAS_S45_SyEhxjuin092022_215403' is set on object 'Object Repository/1. Constant/xpath'

2022-06-09 21:54:06 - [TEST_STEP][PASSED] - takeScreenshot(): Taking screenshot successfully

2022-06-09 21:54:06 - [MESSAGE][PASSED] - Taking screenshot successfully
[[ATTACHMENT|D:\\Projet Test Auto\\Mediabox Test Automation\\Reports\\20220609_181011\\03. Parallel Testing (Testing)\\TS -PT PART 3\\14.06 Dreyers Support Action (Ongoing _ Completed ref) - PART 6\\20220609_181117\\1654804446412.png]]

2022-06-09 21:54:06 - [TEST_STEP][PASSED] - click(findTestObject("1. Constant/xpath", ["xpath":"//*[@id="createRefBottom"]"])): Object: 'Object Repository/1. Constant/xpath' is clicked on

2022-06-09 21:54:09 - [MESSAGE][PASSED] - Object: 'Object Repository/1. Constant/xpath' is clicked on

2022-06-09 21:54:09 - [TEST_STEP][PASSED] - delay(1): Delayed 1 second(s)

2022-06-09 21:54:10 - [MESSAGE][PASSED] - Delayed 1 second(s)

2022-06-09 21:54:10 - [TEST_STEP][PASSED] - takeScreenshot(): Taking screenshot successfully

2022-06-09 21:54:11 - [MESSAGE][PASSED] - Taking screenshot successfully
[[ATTACHMENT|D:\\Projet Test Auto\\Mediabox Test Automation\\Reports\\20220609_181011\\03. Parallel Testing (Testing)\\TS -PT PART 3\\14.06 Dreyers Support Action (Ongoing _ Completed ref) - PART 6\\20220609_181117\\1654804451246.png]]

2022-06-09 21:54:11 - [TEST_STEP][PASSED] - refID36 = I.RefID(): Current window's url is: 'http://mdb-release.diadeis.lan/MediaboxIndependence/Base/ExecAction?IDSession=MBI%21RELTESTAUTO_DREYERS%21QS562YUA43SHBDEM1RHZ91X28DO17DRAIUQXCFKD&default_action=ModifierRef&id_project=MI000876&id_ref=5295&action_from=create_ref'

2022-06-09 21:54:16 - [MESSAGE][PASSED] - Delayed 5 second(s)

2022-06-09 21:54:16 - [MESSAGE][PASSED] - Current window's url is: 'http://mdb-release.diadeis.lan/MediaboxIndependence/Base/ExecAction?IDSession=MBI%21RELTESTAUTO_DREYERS%21QS562YUA43SHBDEM1RHZ91X28DO17DRAIUQXCFKD&default_action=ModifierRef&id_project=MI000876&id_ref=5295&action_from=create_ref'

2022-06-09 21:54:16 - [TEST_STEP][PASSED] - click(findTestObject("1. Constant/xpath", ["xpath":"//*[@id="type_save"]"])): Object: 'Object Repository/1. Constant/xpath' is clicked on

2022-06-09 21:54:22 - [MESSAGE][PASSED] - Object: 'Object Repository/1. Constant/xpath' is clicked on

2022-06-09 21:54:22 - [TEST_STEP][PASSED] - takeScreenshot(): Taking screenshot successfully

2022-06-09 21:54:22 - [MESSAGE][PASSED] - Taking screenshot successfully
[[ATTACHMENT|D:\\Projet Test Auto\\Mediabox Test Automation\\Reports\\20220609_181011\\03. Parallel Testing (Testing)\\TS -PT PART 3\\14.06 Dreyers Support Action (Ongoing _ Completed ref) - PART 6\\20220609_181117\\1654804462218.png]]

2022-06-09 21:54:22 - [TEST_STEP][PASSED] - delay(1): Delayed 1 second(s)

2022-06-09 21:54:23 - [MESSAGE][PASSED] - Delayed 1 second(s)

2022-06-09 21:54:23 - [TEST_STEP][PASSED] - I.SearchRefNo_xpath("P36_Auto", "//*[@id="fiche_filter_keywords11"]", "//*[@id="form_filters"]/div[3]/button"): Delayed 5 second(s)

2022-06-09 21:54:24 - [MESSAGE][PASSED] - Delayed 1 second(s)

2022-06-09 21:54:25 - [MESSAGE][PASSED] - Text 'P36_Auto' is set on object 'Object Repository/1. Constant/xpath'

2022-06-09 21:54:28 - [MESSAGE][PASSED] - Delayed 3 second(s)

2022-06-09 21:54:28 - [MESSAGE][PASSED] - Scroll to object 'Object Repository/1. Constant/xpath' successfully

2022-06-09 21:54:31 - [MESSAGE][PASSED] - Object: 'Object Repository/1. Constant/xpath' is clicked on

2022-06-09 21:54:36 - [MESSAGE][PASSED] - Delayed 5 second(s)

2022-06-09 21:54:36 - [TEST_STEP][PASSED] - click(findTestObject("1. Constant/xpath", ["xpath":"//*[@id="source_" + refID36 + ""]/td[14]/a[3]"])): Object: 'Object Repository/1. Constant/xpath' is clicked on

2022-06-09 21:54:37 - [MESSAGE][PASSED] - Object: 'Object Repository/1. Constant/xpath' is clicked on

2022-06-09 21:54:37 - [TEST_STEP][PASSED] - click(findTestObject("1. Constant/xpath", ["xpath":"//*[@id="ModifFiche"]/div[1]/div/button[2]"])): Object: 'Object Repository/1. Constant/xpath' is clicked on

2022-06-09 21:54:42 - [MESSAGE][PASSED] - Object: 'Object Repository/1. Constant/xpath' is clicked on

2022-06-09 21:54:42 - [TEST_STEP][PASSED] - takeScreenshot(): Taking screenshot successfully

2022-06-09 21:54:42 - [MESSAGE][PASSED] - Taking screenshot successfully
[[ATTACHMENT|D:\\Projet Test Auto\\Mediabox Test Automation\\Reports\\20220609_181011\\03. Parallel Testing (Testing)\\TS -PT PART 3\\14.06 Dreyers Support Action (Ongoing _ Completed ref) - PART 6\\20220609_181117\\1654804482361.png]]

2022-06-09 21:54:42 - [TEST_STEP][PASSED] - delay(1): Delayed 1 second(s)

2022-06-09 21:54:43 - [MESSAGE][PASSED] - Delayed 1 second(s)

2022-06-09 21:54:43 - [TEST_STEP][PASSED] - click(findTestObject("1. Constant/xpath", ["xpath":"//*[@id="source_" + refID36 + ""]/td[14]/a[3]"])): Object: 'Object Repository/1. Constant/xpath' is clicked on

2022-06-09 21:54:45 - [MESSAGE][PASSED] - Object: 'Object Repository/1. Constant/xpath' is clicked on

2022-06-09 21:54:45 - [TEST_STEP][PASSED] - click(findTestObject("1. Constant/xpath", ["xpath":"//*[@id="ModifFiche"]/div[1]/div/button[2]"])): Object: 'Object Repository/1. Constant/xpath' is clicked on

2022-06-09 21:54:48 - [MESSAGE][PASSED] - Object: 'Object Repository/1. Constant/xpath' is clicked on

2022-06-09 21:54:48 - [TEST_STEP][PASSED] - takeScreenshot(): Taking screenshot successfully

2022-06-09 21:54:49 - [MESSAGE][PASSED] - Taking screenshot successfully
[[ATTACHMENT|D:\\Projet Test Auto\\Mediabox Test Automation\\Reports\\20220609_181011\\03. Parallel Testing (Testing)\\TS -PT PART 3\\14.06 Dreyers Support Action (Ongoing _ Completed ref) - PART 6\\20220609_181117\\1654804489111.png]]

2022-06-09 21:54:49 - [TEST_STEP][PASSED] - delay(1): Delayed 1 second(s)

2022-06-09 21:54:50 - [MESSAGE][PASSED] - Delayed 1 second(s)

2022-06-09 21:54:50 - [TEST_STEP][PASSED] - color1 = getCSSValue(findTestObject("1. Constant/xpath", ["xpath":"//*[@id="source_" + refID36 + ""]/td[14]/a[2]"]), "color", OPTIONAL): Get CSS 'color' value on 'Object Repository/1. Constant/xpath' successfully: 'rgba(255, 255, 255, 1)'.

2022-06-09 21:54:50 - [MESSAGE][PASSED] - Get CSS 'color' value on 'Object Repository/1. Constant/xpath' successfully: 'rgba(255, 255, 255, 1)'.

2022-06-09 21:54:50 - [TEST_STEP][PASSED] - while (color1 == "rgba(255, 255, 255, 1)"): Get CSS 'color' value on 'Object Repository/1. Constant/xpath' successfully: 'rgba(54, 153, 255, 1)'.

2022-06-09 21:54:50 - [TEST_STEP][PASSED] - click(findTestObject("1. Constant/xpath", ["xpath":"//*[@id="source_" + refID36 + ""]/td[14]/a[2]"])): Object: 'Object Repository/1. Constant/xpath' is clicked on

2022-06-09 21:54:53 - [MESSAGE][PASSED] - Object: 'Object Repository/1. Constant/xpath' is clicked on

2022-06-09 21:54:53 - [TEST_STEP][PASSED] - I.UploadDoc_sendkey_Prod(findTestObject("1. Constant/xpath", ["xpath":"//*[@id="kt_body"]/input[2]"]), "D:\Upoad_File\Upload doc\testdata1.pdf", "testdata1"): Delayed 5 second(s)

2022-06-09 21:54:53 - [MESSAGE][PASSED] - Scroll to object 'Object Repository/1. Constant/xpath' successfully

2022-06-09 21:54:58 - [MESSAGE][PASSED] - Delayed 5 second(s)

2022-06-09 21:54:58 - [MESSAGE][PASSED] - File 'D:\Upoad_File\Upload doc\testdata1.pdf' sent to object: 'Object Repository/1. Constant/xpath'

2022-06-09 21:55:03 - [MESSAGE][PASSED] - Delayed 5 second(s)

2022-06-09 21:55:04 - [MESSAGE][PASSED] - Text 'testdata1' is present on page 

2022-06-09 21:55:09 - [MESSAGE][PASSED] - Delayed 5 second(s)

2022-06-09 21:55:14 - [MESSAGE][PASSED] - Delayed 5 second(s)

2022-06-09 21:55:14 - [TEST_STEP][PASSED] - takeScreenshot(): Taking screenshot successfully

2022-06-09 21:55:14 - [MESSAGE][PASSED] - Taking screenshot successfully
[[ATTACHMENT|D:\\Projet Test Auto\\Mediabox Test Automation\\Reports\\20220609_181011\\03. Parallel Testing (Testing)\\TS -PT PART 3\\14.06 Dreyers Support Action (Ongoing _ Completed ref) - PART 6\\20220609_181117\\1654804514109.png]]

2022-06-09 21:55:14 - [TEST_STEP][PASSED] - delay(8): Delayed 8 second(s)

2022-06-09 21:55:22 - [MESSAGE][PASSED] - Delayed 8 second(s)

2022-06-09 21:55:22 - [TEST_STEP][PASSED] - click(findTestObject("HL Full Lifecycle/12 ReferncePage_Button_Updatensenddoc")): Object: 'Object Repository/HL Full Lifecycle/12 ReferncePage_Button_Updatensenddoc' is clicked on

2022-06-09 21:55:28 - [MESSAGE][PASSED] - Object: 'Object Repository/HL Full Lifecycle/12 ReferncePage_Button_Updatensenddoc' is clicked on

2022-06-09 21:55:28 - [TEST_STEP][PASSED] - delay(4): Delayed 4 second(s)

2022-06-09 21:55:32 - [MESSAGE][PASSED] - Delayed 4 second(s)

2022-06-09 21:55:32 - [TEST_STEP][PASSED] - color1 = getCSSValue(findTestObject("1. Constant/xpath", ["xpath":"//*[@id="source_" + refID36 + ""]/td[14]/a[2]"]), "color", OPTIONAL): Get CSS 'color' value on 'Object Repository/1. Constant/xpath' successfully: 'rgba(54, 153, 255, 1)'.

2022-06-09 21:55:32 - [MESSAGE][PASSED] - Get CSS 'color' value on 'Object Repository/1. Constant/xpath' successfully: 'rgba(54, 153, 255, 1)'.

2022-06-09 21:55:32 - [TEST_STEP][PASSED] - takeScreenshot(): Taking screenshot successfully

2022-06-09 21:55:32 - [MESSAGE][PASSED] - Taking screenshot successfully
[[ATTACHMENT|D:\\Projet Test Auto\\Mediabox Test Automation\\Reports\\20220609_181011\\03. Parallel Testing (Testing)\\TS -PT PART 3\\14.06 Dreyers Support Action (Ongoing _ Completed ref) - PART 6\\20220609_181117\\1654804532555.png]]

2022-06-09 21:55:32 - [TEST_STEP][PASSED] - click(findTestObject("1. Constant/xpath", ["xpath":"//*[@id="source_" + refID36 + ""]/td[6]/a"])): Object: 'Object Repository/1. Constant/xpath' is clicked on

2022-06-09 21:55:36 - [MESSAGE][PASSED] - Object: 'Object Repository/1. Constant/xpath' is clicked on

2022-06-09 21:55:36 - [TEST_STEP][PASSED] - takeScreenshot(): Taking screenshot successfully

2022-06-09 21:55:37 - [MESSAGE][PASSED] - Taking screenshot successfully
[[ATTACHMENT|D:\\Projet Test Auto\\Mediabox Test Automation\\Reports\\20220609_181011\\03. Parallel Testing (Testing)\\TS -PT PART 3\\14.06 Dreyers Support Action (Ongoing _ Completed ref) - PART 6\\20220609_181117\\1654804536778.png]]

2022-06-09 21:55:37 - [TEST_STEP][PASSED] - delay(1): Delayed 1 second(s)

2022-06-09 21:55:38 - [MESSAGE][PASSED] - Delayed 1 second(s)

2022-06-09 21:55:38 - [TEST_STEP][PASSED] - I.Approveforothers("/html/body/div[1]/div[2]/div[8]/div[3]/div/div[3]/div[2]/div/div[3]/div/div[2]/div[1]/div/div[2]/div/div[2]/div[2]/div/div/div[1]/img", "/html/body/div[1]/div[2]/div[8]/div[3]/div/div[3]/div[2]/div/div[3]/div/div[2]/div[1]/div/div[2]/div/div[2]/div[2]/div/div/div[6]/a[2]/span"): Object: 'Object Repository/1. Constant/xpath' is clicked on

2022-06-09 21:55:40 - [MESSAGE][PASSED] - Object: 'Object Repository/1. Constant/xpath' is clicked on

2022-06-09 21:55:41 - [MESSAGE][PASSED] - Delayed 1 second(s)

2022-06-09 21:55:41 - [MESSAGE][PASSED] - Object: 'Object Repository/1. Constant/xpath' is clicked on

2022-06-09 21:55:42 - [MESSAGE][PASSED] - Delayed 1 second(s)

2022-06-09 21:55:43 - [MESSAGE][PASSED] - Object: 'Object Repository/1. Constant/xpath' is hovered

2022-06-09 21:55:43 - [MESSAGE][PASSED] - Object: 'Object Repository/1. Constant/xpath' is clicked on

2022-06-09 21:55:44 - [MESSAGE][PASSED] - Delayed 1 second(s)

2022-06-09 21:55:48 - [MESSAGE][PASSED] - Object: 'Object Repository/1. Constant/xpath' is clicked on

2022-06-09 21:55:48 - [TEST_STEP][PASSED] - delay(1): Delayed 1 second(s)

2022-06-09 21:55:49 - [MESSAGE][PASSED] - Delayed 1 second(s)

2022-06-09 21:55:49 - [TEST_STEP][PASSED] - click(findTestObject("1. Constant/xpath", ["xpath":"//*[@id="kt_subheader"]/div/nav/ol/li[2]/a"])): Object: 'Object Repository/1. Constant/xpath' is clicked on

2022-06-09 21:55:54 - [MESSAGE][PASSED] - Object: 'Object Repository/1. Constant/xpath' is clicked on

2022-06-09 21:55:54 - [TEST_STEP][PASSED] - delay(1): Delayed 1 second(s)

2022-06-09 21:55:55 - [MESSAGE][PASSED] - Delayed 1 second(s)

2022-06-09 21:55:55 - [TEST_STEP][PASSED] - I.submitquesiton_ref(findTestObject("1. Constant/xpath", ["xpath":"//*[@id="source_" + refID36 + ""]/td[14]/div[1]/button"]), findTestObject("1. Constant/xpath", ["xpath":"//*[@id="source_" + refID36 + ""]/td[14]/div[1]/div/a[1]"])): Object: 'Object Repository/1. Constant/xpath' is clicked on

2022-06-09 21:55:56 - [MESSAGE][PASSED] - Object: 'Object Repository/1. Constant/xpath' is clicked on

2022-06-09 21:55:59 - [MESSAGE][PASSED] - Delayed 3 second(s)

2022-06-09 21:56:01 - [MESSAGE][PASSED] - Object: 'Object Repository/1. Constant/xpath' is clicked on

2022-06-09 21:56:01 - [TEST_STEP][PASSED] - click(findTestObject("1. Constant/xpath", ["xpath":"//*[@id="ModifFiche"]/div[1]/div/button[2]"])): Object: 'Object Repository/1. Constant/xpath' is clicked on

2022-06-09 21:56:06 - [MESSAGE][PASSED] - Object: 'Object Repository/1. Constant/xpath' is clicked on

2022-06-09 21:56:06 - [TEST_STEP][PASSED] - takeScreenshot(): Taking screenshot successfully

2022-06-09 21:56:06 - [MESSAGE][PASSED] - Taking screenshot successfully
[[ATTACHMENT|D:\\Projet Test Auto\\Mediabox Test Automation\\Reports\\20220609_181011\\03. Parallel Testing (Testing)\\TS -PT PART 3\\14.06 Dreyers Support Action (Ongoing _ Completed ref) - PART 6\\20220609_181117\\1654804566388.png]]

2022-06-09 21:56:06 - [TEST_STEP][PASSED] - I.submitquesiton_ref(findTestObject("1. Constant/xpath", ["xpath":"//*[@id="source_" + refID36 + ""]/td[14]/div[1]/button"]), findTestObject("1. Constant/xpath", ["xpath":"//*[@id="source_" + refID36 + ""]/td[14]/div[1]/div/a[1]"])): Object: 'Object Repository/1. Constant/xpath' is clicked on

2022-06-09 21:56:07 - [MESSAGE][PASSED] - Object: 'Object Repository/1. Constant/xpath' is clicked on

2022-06-09 21:56:10 - [MESSAGE][PASSED] - Delayed 3 second(s)

2022-06-09 21:56:12 - [MESSAGE][PASSED] - Object: 'Object Repository/1. Constant/xpath' is clicked on

2022-06-09 21:56:12 - [TEST_STEP][PASSED] - click(findTestObject("1. Constant/xpath", ["xpath":"//*[@id="ModifFiche"]/div[1]/div/button[2]"])): Object: 'Object Repository/1. Constant/xpath' is clicked on

2022-06-09 21:56:16 - [MESSAGE][PASSED] - Object: 'Object Repository/1. Constant/xpath' is clicked on

2022-06-09 21:56:16 - [TEST_STEP][PASSED] - takeScreenshot(): Taking screenshot successfully

2022-06-09 21:56:16 - [MESSAGE][PASSED] - Taking screenshot successfully
[[ATTACHMENT|D:\\Projet Test Auto\\Mediabox Test Automation\\Reports\\20220609_181011\\03. Parallel Testing (Testing)\\TS -PT PART 3\\14.06 Dreyers Support Action (Ongoing _ Completed ref) - PART 6\\20220609_181117\\1654804576561.png]]

2022-06-09 21:56:16 - [TEST_STEP][PASSED] - click(findTestObject("1. Constant/xpath", ["xpath":"//*[@id="source_" + refID36 + ""]/td[14]/a[3]"])): Object: 'Object Repository/1. Constant/xpath' is clicked on

2022-06-09 21:56:18 - [MESSAGE][PASSED] - Object: 'Object Repository/1. Constant/xpath' is clicked on

2022-06-09 21:56:18 - [TEST_STEP][PASSED] - click(findTestObject("1. Constant/xpath", ["xpath":"//*[@id="ModifFiche"]/div[1]/div/button[2]"])): Object: 'Object Repository/1. Constant/xpath' is clicked on

2022-06-09 21:56:23 - [MESSAGE][PASSED] - Object: 'Object Repository/1. Constant/xpath' is clicked on

2022-06-09 21:56:23 - [TEST_STEP][PASSED] - takeScreenshot(): Taking screenshot successfully

2022-06-09 21:56:24 - [MESSAGE][PASSED] - Taking screenshot successfully
[[ATTACHMENT|D:\\Projet Test Auto\\Mediabox Test Automation\\Reports\\20220609_181011\\03. Parallel Testing (Testing)\\TS -PT PART 3\\14.06 Dreyers Support Action (Ongoing _ Completed ref) - PART 6\\20220609_181117\\1654804583772.png]]

2022-06-09 21:56:24 - [TEST_STEP][PASSED] - click(findTestObject("1. Constant/xpath", ["xpath":"//*[@id="source_" + refID36 + ""]/td[14]/a[3]"])): Object: 'Object Repository/1. Constant/xpath' is clicked on

2022-06-09 21:56:26 - [MESSAGE][PASSED] - Object: 'Object Repository/1. Constant/xpath' is clicked on

2022-06-09 21:56:26 - [TEST_STEP][PASSED] - click(findTestObject("1. Constant/xpath", ["xpath":"//*[@id="ModifFiche"]/div[1]/div/button[2]"])): Object: 'Object Repository/1. Constant/xpath' is clicked on

2022-06-09 21:56:30 - [MESSAGE][PASSED] - Object: 'Object Repository/1. Constant/xpath' is clicked on

2022-06-09 21:56:30 - [TEST_STEP][PASSED] - click(findTestObject("1. Constant/xpath", ["xpath":"//*[@id="source_" + refID36 + ""]/td[6]/a"])): Object: 'Object Repository/1. Constant/xpath' is clicked on

2022-06-09 21:56:33 - [MESSAGE][PASSED] - Object: 'Object Repository/1. Constant/xpath' is clicked on

2022-06-09 21:56:33 - [TEST_STEP][PASSED] - delay(1): Delayed 1 second(s)

2022-06-09 21:56:34 - [MESSAGE][PASSED] - Delayed 1 second(s)

2022-06-09 21:56:34 - [TEST_STEP][PASSED] - click(findTestObject("1. Constant/xpath", ["xpath":"//*[@id="kt_content"]/div[3]/div/ul/li[3]/a"])): Object: 'Object Repository/1. Constant/xpath' is clicked on

2022-06-09 21:56:38 - [MESSAGE][PASSED] - Object: 'Object Repository/1. Constant/xpath' is clicked on

2022-06-09 21:56:38 - [TEST_STEP][PASSED] - takeScreenshot(): Taking screenshot successfully

2022-06-09 21:56:39 - [MESSAGE][PASSED] - Taking screenshot successfully
[[ATTACHMENT|D:\\Projet Test Auto\\Mediabox Test Automation\\Reports\\20220609_181011\\03. Parallel Testing (Testing)\\TS -PT PART 3\\14.06 Dreyers Support Action (Ongoing _ Completed ref) - PART 6\\20220609_181117\\1654804599135.png]]

2022-06-09 21:56:39 - [TEST_STEP][PASSED] - delay(1): Delayed 1 second(s)

2022-06-09 21:56:40 - [MESSAGE][PASSED] - Delayed 1 second(s)

2022-06-09 21:56:40 - [TEST_STEP][PASSED] - takeScreenshot(): Taking screenshot successfully

2022-06-09 21:56:42 - [MESSAGE][PASSED] - Taking screenshot successfully
[[ATTACHMENT|D:\\Projet Test Auto\\Mediabox Test Automation\\Reports\\20220609_181011\\03. Parallel Testing (Testing)\\TS -PT PART 3\\14.06 Dreyers Support Action (Ongoing _ Completed ref) - PART 6\\20220609_181117\\1654804601465.png]]

2022-06-09 21:56:42 - [TEST_STEP][PASSED] - click(findTestObject("1. Constant/xpath", ["xpath":"/html/body/div[1]/div[2]/div[8]/div[3]/div/div[3]/div[3]/div/div/div[3]/div/div[5]/div/div[1]/div[2]/div/button"])): Object: 'Object Repository/1. Constant/xpath' is clicked on

2022-06-09 21:56:45 - [MESSAGE][PASSED] - Object: 'Object Repository/1. Constant/xpath' is clicked on

2022-06-09 21:56:45 - [TEST_STEP][PASSED] - delay(1): Delayed 1 second(s)

2022-06-09 21:56:46 - [MESSAGE][PASSED] - Delayed 1 second(s)

2022-06-09 21:56:46 - [TEST_STEP][PASSED] - takeScreenshot(): Taking screenshot successfully

2022-06-09 21:56:47 - [MESSAGE][PASSED] - Taking screenshot successfully
[[ATTACHMENT|D:\\Projet Test Auto\\Mediabox Test Automation\\Reports\\20220609_181011\\03. Parallel Testing (Testing)\\TS -PT PART 3\\14.06 Dreyers Support Action (Ongoing _ Completed ref) - PART 6\\20220609_181117\\1654804606986.png]]

2022-06-09 21:56:47 - [TEST_STEP][PASSED] - delay(1): Delayed 1 second(s)

2022-06-09 21:56:48 - [MESSAGE][PASSED] - Delayed 1 second(s)

2022-06-09 21:56:48 - [TEST_STEP][PASSED] - x = 15: null

2022-06-09 21:56:48 - [TEST_STEP][PASSED] - i = 1: null

2022-06-09 21:56:48 - [TEST_STEP][PASSED] - while (i <= x): null

2022-06-09 21:56:48 - [TEST_STEP][PASSED] - Expected_SAS_Selected = "SAS S36 : Add Phase 1.2 / Skip Phase 1.2": null

2022-06-09 21:56:48 - [TEST_STEP][PASSED] - xpath_SAS = "/html/body/div[1]/div[2]/div[8]/div[3]/div/div[3]/div[3]/div/div/div[3]/div/div[5]/div/div[1]/div[2]/div/div/a[" + i + "]": null

2022-06-09 21:56:48 - [TEST_STEP][PASSED] - Actual_SAS = getText(findTestObject("1. Constant/xpath", ["xpath":xpath_SAS])): Text of object 'Object Repository/1. Constant/xpath' is: 'SAS S29: Add Step C / Skip P3.1'

2022-06-09 21:56:49 - [MESSAGE][PASSED] - Text of object 'Object Repository/1. Constant/xpath' is: 'SAS S29: Add Step C / Skip P3.1'

2022-06-09 21:56:49 - [TEST_STEP][PASSED] - I.print(i): null

2022-06-09 21:56:49 - [TEST_STEP][PASSED] - if (Actual_SAS.contains(Expected_SAS_Selected)): null

2022-06-09 21:56:49 - [TEST_STEP][PASSED] - i = i + 1: null

2022-06-09 21:56:49 - [TEST_STEP][PASSED] - Expected_SAS_Selected = "SAS S36 : Add Phase 1.2 / Skip Phase 1.2": null

2022-06-09 21:56:49 - [TEST_STEP][PASSED] - xpath_SAS = "/html/body/div[1]/div[2]/div[8]/div[3]/div/div[3]/div[3]/div/div/div[3]/div/div[5]/div/div[1]/div[2]/div/div/a[" + i + "]": null

2022-06-09 21:56:49 - [TEST_STEP][PASSED] - Actual_SAS = getText(findTestObject("1. Constant/xpath", ["xpath":xpath_SAS])): Text of object 'Object Repository/1. Constant/xpath' is: 'SAS S36 : Add Phase 1.2 / Skip Phase 1.2'

2022-06-09 21:56:49 - [MESSAGE][PASSED] - Text of object 'Object Repository/1. Constant/xpath' is: 'SAS S36 : Add Phase 1.2 / Skip Phase 1.2'

2022-06-09 21:56:49 - [TEST_STEP][PASSED] - I.print(i): null

2022-06-09 21:56:49 - [TEST_STEP][PASSED] - if (Actual_SAS.contains(Expected_SAS_Selected)): null

2022-06-09 21:56:49 - [TEST_STEP][PASSED] - click(findTestObject("1. Constant/xpath", ["xpath":xpath_SAS])): Object: 'Object Repository/1. Constant/xpath' is clicked on

2022-06-09 21:56:49 - [MESSAGE][PASSED] - Object: 'Object Repository/1. Constant/xpath' is clicked on

2022-06-09 21:56:49 - [TEST_STEP][PASSED] - break: null

2022-06-09 21:56:49 - [TEST_STEP][PASSED] - takeScreenshot(): Taking screenshot successfully

2022-06-09 21:56:49 - [MESSAGE][PASSED] - Taking screenshot successfully
[[ATTACHMENT|D:\\Projet Test Auto\\Mediabox Test Automation\\Reports\\20220609_181011\\03. Parallel Testing (Testing)\\TS -PT PART 3\\14.06 Dreyers Support Action (Ongoing _ Completed ref) - PART 6\\20220609_181117\\1654804609661.png]]

2022-06-09 21:56:49 - [TEST_STEP][PASSED] - click(findTestObject("1. Constant/xpath", ["xpath":"//*[@id="confirmSupportActionShortcut"]"])): Object: 'Object Repository/1. Constant/xpath' is clicked on

2022-06-09 21:56:52 - [MESSAGE][PASSED] - Object: 'Object Repository/1. Constant/xpath' is clicked on

2022-06-09 21:56:52 - [TEST_STEP][PASSED] - takeScreenshot(): Taking screenshot successfully

2022-06-09 21:56:53 - [MESSAGE][PASSED] - Taking screenshot successfully
[[ATTACHMENT|D:\\Projet Test Auto\\Mediabox Test Automation\\Reports\\20220609_181011\\03. Parallel Testing (Testing)\\TS -PT PART 3\\14.06 Dreyers Support Action (Ongoing _ Completed ref) - PART 6\\20220609_181117\\1654804612849.png]]

2022-06-09 21:56:53 - [TEST_STEP][PASSED] - click(findTestObject("1. Constant/xpath", ["xpath":"//*[@id="kt_content"]/div[3]/div/ul/li[3]/a"])): Object: 'Object Repository/1. Constant/xpath' is clicked on

2022-06-09 21:56:55 - [MESSAGE][PASSED] - Object: 'Object Repository/1. Constant/xpath' is clicked on

2022-06-09 21:56:55 - [TEST_STEP][PASSED] - takeScreenshot(): Taking screenshot successfully

2022-06-09 21:56:56 - [MESSAGE][PASSED] - Taking screenshot successfully
[[ATTACHMENT|D:\\Projet Test Auto\\Mediabox Test Automation\\Reports\\20220609_181011\\03. Parallel Testing (Testing)\\TS -PT PART 3\\14.06 Dreyers Support Action (Ongoing _ Completed ref) - PART 6\\20220609_181117\\1654804615944.png]]

2022-06-09 21:56:56 - [TEST_STEP][PASSED] - Status_StepC_3 = getAttribute(findTestObject("1. Constant/xpath", ["xpath":"/html/body/div[1]/div[2]/div[8]/div[3]/div/div[3]/div[3]/div/ul/li[3]/a"]), "class"): Attribute 'class' of object 'Object Repository/1. Constant/xpath' is: 'nav-link timeline-badge badge-xl  bg-complete '

2022-06-09 21:56:56 - [MESSAGE][PASSED] - Attribute 'class' of object 'Object Repository/1. Constant/xpath' is: 'nav-link timeline-badge badge-xl  bg-complete '

2022-06-09 21:56:56 - [TEST_STEP][PASSED] - verifyMatch(Status_StepC_3, "nav-link timeline-badge badge-xl  bg-complete ", false): Actual text 'nav-link timeline-badge badge-xl  bg-complete ' and expected text 'nav-link timeline-badge badge-xl  bg-complete ' are matched 

2022-06-09 21:56:56 - [MESSAGE][PASSED] - Actual text 'nav-link timeline-badge badge-xl  bg-complete ' and expected text 'nav-link timeline-badge badge-xl  bg-complete ' are matched 

2022-06-09 21:56:56 - [TEST_STEP][PASSED] - Name_StepC_3 = I.Get_Stepname("/html/body/div[1]/div[2]/div[8]/div[3]/div/div[3]/div[3]/div/ul/li[3]/a"): Attribute 'href' of object 'Object Repository/1. Constant/xpath' is: 'http://mdb-release.diadeis.lan/MediaboxIndependence/Base/ExecAction?action=VoirRef&IDSession=MBI!RELTESTAUTO_DREYERS!QS562YUA43SHBDEM1RHZ91X28DO17DRAIUQXCFKD&num=POQ2HJ5KDL&id_ref=5295#tab_lifecycle_SASStepC_12257'

2022-06-09 21:57:01 - [MESSAGE][PASSED] - Delayed 5 second(s)

2022-06-09 21:57:01 - [MESSAGE][PASSED] - Attribute 'href' of object 'Object Repository/1. Constant/xpath' is: 'http://mdb-release.diadeis.lan/MediaboxIndependence/Base/ExecAction?action=VoirRef&IDSession=MBI!RELTESTAUTO_DREYERS!QS562YUA43SHBDEM1RHZ91X28DO17DRAIUQXCFKD&num=POQ2HJ5KDL&id_ref=5295#tab_lifecycle_SASStepC_12257'

2022-06-09 21:57:01 - [TEST_STEP][PASSED] - verifyMatch(Name_StepC_3, "SASStepC", false): Actual text 'SASStepC' and expected text 'SASStepC' are matched 

2022-06-09 21:57:01 - [MESSAGE][PASSED] - Actual text 'SASStepC' and expected text 'SASStepC' are matched 

2022-06-09 21:57:01 - [TEST_STEP][PASSED] - Status_StepA_4 = getAttribute(findTestObject("1. Constant/xpath", ["xpath":"/html/body/div[1]/div[2]/div[8]/div[3]/div/div[3]/div[3]/div/ul/li[4]/a"]), "class"): Attribute 'class' of object 'Object Repository/1. Constant/xpath' is: 'nav-link timeline-badge badge-xl  bg-pending active'

2022-06-09 21:57:01 - [MESSAGE][PASSED] - Attribute 'class' of object 'Object Repository/1. Constant/xpath' is: 'nav-link timeline-badge badge-xl  bg-pending active'

2022-06-09 21:57:01 - [TEST_STEP][PASSED] - verifyMatch(Status_StepA_4, "nav-link timeline-badge badge-xl  bg-pending active", false): Actual text 'nav-link timeline-badge badge-xl  bg-pending active' and expected text 'nav-link timeline-badge badge-xl  bg-pending active' are matched 

2022-06-09 21:57:01 - [MESSAGE][PASSED] - Actual text 'nav-link timeline-badge badge-xl  bg-pending active' and expected text 'nav-link timeline-badge badge-xl  bg-pending active' are matched 

2022-06-09 21:57:01 - [TEST_STEP][PASSED] - Name_StepA_4 = I.Get_Stepname("/html/body/div[1]/div[2]/div[8]/div[3]/div/div[3]/div[3]/div/ul/li[4]/a"): Attribute 'href' of object 'Object Repository/1. Constant/xpath' is: 'http://mdb-release.diadeis.lan/MediaboxIndependence/Base/ExecAction?action=VoirRef&IDSession=MBI!RELTESTAUTO_DREYERS!QS562YUA43SHBDEM1RHZ91X28DO17DRAIUQXCFKD&num=POQ2HJ5KDL&id_ref=5295#tab_lifecycle_SASStepA_12258'

2022-06-09 21:57:06 - [MESSAGE][PASSED] - Delayed 5 second(s)

2022-06-09 21:57:07 - [MESSAGE][PASSED] - Attribute 'href' of object 'Object Repository/1. Constant/xpath' is: 'http://mdb-release.diadeis.lan/MediaboxIndependence/Base/ExecAction?action=VoirRef&IDSession=MBI!RELTESTAUTO_DREYERS!QS562YUA43SHBDEM1RHZ91X28DO17DRAIUQXCFKD&num=POQ2HJ5KDL&id_ref=5295#tab_lifecycle_SASStepA_12258'

2022-06-09 21:57:07 - [TEST_STEP][PASSED] - verifyMatch(Name_StepA_4, "SASStepA", false): Actual text 'SASStepA' and expected text 'SASStepA' are matched 

2022-06-09 21:57:07 - [MESSAGE][PASSED] - Actual text 'SASStepA' and expected text 'SASStepA' are matched 

2022-06-09 21:57:07 - [TEST_STEP][PASSED] - Status_StepAP12_4 = getAttribute(findTestObject("1. Constant/xpath", ["xpath":"/html/body/div[1]/div[2]/div[8]/div[3]/div/div[3]/div[3]/div/div/div[4]/div/div/span"]), "class"): Attribute 'class' of object 'Object Repository/1. Constant/xpath' is: 'timeline-badge badge-md bg-pending '

2022-06-09 21:57:07 - [MESSAGE][PASSED] - Attribute 'class' of object 'Object Repository/1. Constant/xpath' is: 'timeline-badge badge-md bg-pending '

2022-06-09 21:57:07 - [TEST_STEP][PASSED] - verifyMatch(Status_StepAP12_4, "timeline-badge badge-md bg-pending ", false): Actual text 'timeline-badge badge-md bg-pending ' and expected text 'timeline-badge badge-md bg-pending ' are matched 

2022-06-09 21:57:07 - [MESSAGE][PASSED] - Actual text 'timeline-badge badge-md bg-pending ' and expected text 'timeline-badge badge-md bg-pending ' are matched 

2022-06-09 21:57:07 - [TEST_STEP][PASSED] - Name_StepAP12_4 = getText(findTestObject("1. Constant/xpath", ["xpath":"/html/body/div[1]/div[2]/div[8]/div[3]/div/div[3]/div[3]/div/div/div[4]/div/div/div/div[1]/div[1]/h3"])): Text of object 'Object Repository/1. Constant/xpath' is: 'Phase 1.2 [Standard Phase]'

2022-06-09 21:57:07 - [MESSAGE][PASSED] - Text of object 'Object Repository/1. Constant/xpath' is: 'Phase 1.2 [Standard Phase]'

2022-06-09 21:57:07 - [TEST_STEP][PASSED] - verifyMatch(Name_StepAP12_4, "Phase 1.2 [Standard Phase]", false): Actual text 'Phase 1.2 [Standard Phase]' and expected text 'Phase 1.2 [Standard Phase]' are matched 

2022-06-09 21:57:07 - [MESSAGE][PASSED] - Actual text 'Phase 1.2 [Standard Phase]' and expected text 'Phase 1.2 [Standard Phase]' are matched 

2022-06-09 21:57:07 - [TEST_STEP][PASSED] - Started_StepAP12_4 = getText(findTestObject("1. Constant/xpath", ["xpath":"/html/body/div[1]/div[2]/div[8]/div[3]/div/div[3]/div[3]/div/div/div[4]/div/div/div/div[2]/div[1]"])): Text of object 'Object Repository/1. Constant/xpath' is: 'Started 06/09/22 03:56 PM'

2022-06-09 21:57:07 - [MESSAGE][PASSED] - Text of object 'Object Repository/1. Constant/xpath' is: 'Started 06/09/22 03:56 PM'

2022-06-09 21:57:07 - [TEST_STEP][PASSED] - if (Started_StepAP12_4.contains("Started")): Actual object '1' and expected object '1' are equal

2022-06-09 21:57:07 - [TEST_STEP][PASSED] - verifyEqual(1, 1): Actual object '1' and expected object '1' are equal

2022-06-09 21:57:07 - [MESSAGE][PASSED] - Actual object '1' and expected object '1' are equal

2022-06-09 21:57:07 - [TEST_STEP][PASSED] - Added_StepAP12_4 = getText(findTestObject("1. Constant/xpath", ["xpath":"/html/body/div[1]/div[2]/div[8]/div[3]/div/div[3]/div[3]/div/div/div[4]/div/div/div/div[2]/h6"])): Text of object 'Object Repository/1. Constant/xpath' is: 'Added manually 06/09/22 03:56 PM By s user'

2022-06-09 21:57:07 - [MESSAGE][PASSED] - Text of object 'Object Repository/1. Constant/xpath' is: 'Added manually 06/09/22 03:56 PM By s user'

2022-06-09 21:57:07 - [TEST_STEP][PASSED] - if (Added_StepAP12_4.contains("Added manually")): Actual object '1' and expected object '1' are equal

2022-06-09 21:57:07 - [TEST_STEP][PASSED] - verifyEqual(1, 1): Actual object '1' and expected object '1' are equal

2022-06-09 21:57:07 - [MESSAGE][PASSED] - Actual object '1' and expected object '1' are equal

2022-06-09 21:57:07 - [TEST_STEP][PASSED] - verifyElementNotPresent(findTestObject("1. Constant/xpath", ["xpath":"/html/body/div[1]/div[2]/div[8]/div[3]/div/div[3]/div[3]/div/ul/li[5]/a"]), 10): Web element with id: 'Object Repository/1. Constant/xpath' located by 'By.xpath: /html/body/div[1]/div[2]/div[8]/div[3]/div/div[3]/div[3]/div/ul/li[5]/a' is not present after '10' second(s)

2022-06-09 21:57:07 - [MESSAGE][PASSED] - Web element with id: 'Object Repository/1. Constant/xpath' located by 'By.xpath: /html/body/div[1]/div[2]/div[8]/div[3]/div/div[3]/div[3]/div/ul/li[5]/a' is not present after '10' second(s)

2022-06-09 21:57:07 - [TEST_STEP][PASSED] - click(findTestObject("1. Constant/xpath", ["xpath":"/html/body/div[1]/div[2]/div[8]/div[2]/div/nav/ol/li[2]/a"])): Object: 'Object Repository/1. Constant/xpath' is clicked on

2022-06-09 21:57:09 - [MESSAGE][PASSED] - Object: 'Object Repository/1. Constant/xpath' is clicked on

2022-06-09 21:57:09 - [TEST_STEP][PASSED] - takeScreenshot(): Taking screenshot successfully

2022-06-09 21:57:10 - [MESSAGE][PASSED] - Taking screenshot successfully
[[ATTACHMENT|D:\\Projet Test Auto\\Mediabox Test Automation\\Reports\\20220609_181011\\03. Parallel Testing (Testing)\\TS -PT PART 3\\14.06 Dreyers Support Action (Ongoing _ Completed ref) - PART 6\\20220609_181117\\1654804629867.png]]

2022-06-09 21:57:10 - [TEST_STEP][PASSED] - Lifecycle_Status1 = getText(findTestObject("1. Constant/xpath", ["xpath":"//*[@id="source_" + refID36 + ""]/td[11]/span[1]"])): Text of object 'Object Repository/1. Constant/xpath' is: 'Phase 1.2 [Standard Phase]'

2022-06-09 21:57:10 - [MESSAGE][PASSED] - Text of object 'Object Repository/1. Constant/xpath' is: 'Phase 1.2 [Standard Phase]'

2022-06-09 21:57:10 - [TEST_STEP][PASSED] - verifyMatch(Lifecycle_Status1, "Phase 1.2 [Standard Phase]", false): Actual text 'Phase 1.2 [Standard Phase]' and expected text 'Phase 1.2 [Standard Phase]' are matched 

2022-06-09 21:57:10 - [MESSAGE][PASSED] - Actual text 'Phase 1.2 [Standard Phase]' and expected text 'Phase 1.2 [Standard Phase]' are matched 

2022-06-09 21:57:10 - [TEST_STEP][PASSED] - I.Logout(): Delayed 3 second(s)

2022-06-09 21:57:13 - [MESSAGE][PASSED] - Delayed 3 second(s)

2022-06-09 21:57:13 - [MESSAGE][PASSED] - Object: 'Object Repository/1. Constant/xpath' is clicked on

2022-06-09 21:57:16 - [MESSAGE][PASSED] - Delayed 3 second(s)

2022-06-09 21:57:18 - [MESSAGE][PASSED] - Object: 'Object Repository/1. Constant/xpath' is clicked on

2022-06-09 21:57:21 - [MESSAGE][PASSED] - Delayed 3 second(s)

2022-06-09 21:57:21 - [TEST_STEP][PASSED] - I.Login_password("nturner", password_nturner): Object: 'Object Repository/1. Constant/xpath' is clicked on

2022-06-09 21:57:22 - [MESSAGE][PASSED] - Text 'nturner' is set on object 'Object Repository/1. Constant/xpath'

2022-06-09 21:57:23 - [MESSAGE][PASSED] - Delayed 1 second(s)

2022-06-09 21:57:23 - [MESSAGE][PASSED] - Text 'diadeis1' is set on object 'Object Repository/1. Constant/xpath'

2022-06-09 21:57:24 - [MESSAGE][PASSED] - Delayed 1 second(s)

2022-06-09 21:57:29 - [MESSAGE][PASSED] - Object: 'Object Repository/1. Constant/xpath' is clicked on

2022-06-09 21:57:29 - [TEST_STEP][PASSED] - click(findTestObject("1. Constant/02_LHSMenu_Projects")): Object: 'Object Repository/1. Constant/02_LHSMenu_Projects' is clicked on

2022-06-09 21:57:31 - [MESSAGE][PASSED] - Object: 'Object Repository/1. Constant/02_LHSMenu_Projects' is clicked on

2022-06-09 21:57:31 - [TEST_STEP][PASSED] - I.SearchProjectNo_xpath(Project_No, "//*[@id="keynum_project"]", "//*[@id="form_filters"]/div[4]/button"): Delayed 5 second(s)

2022-06-09 21:57:32 - [MESSAGE][PASSED] - Delayed 1 second(s)

2022-06-09 21:57:33 - [MESSAGE][PASSED] - Text 'MI000876' is set on object 'Object Repository/1. Constant/xpath'

2022-06-09 21:57:36 - [MESSAGE][PASSED] - Delayed 3 second(s)

2022-06-09 21:57:36 - [MESSAGE][PASSED] - Scroll to object 'Object Repository/1. Constant/xpath' successfully

2022-06-09 21:57:39 - [MESSAGE][PASSED] - Object: 'Object Repository/1. Constant/xpath' is clicked on

2022-06-09 21:57:44 - [MESSAGE][PASSED] - Delayed 5 second(s)

2022-06-09 21:57:44 - [TEST_STEP][PASSED] - I.SearchRefNo_xpath("P36_Auto", "//*[@id="fiche_filter_keywords11"]", "//*[@id="form_filters"]/div[3]/button"): Delayed 5 second(s)

2022-06-09 21:57:45 - [MESSAGE][PASSED] - Delayed 1 second(s)

2022-06-09 21:57:45 - [MESSAGE][PASSED] - Text 'P36_Auto' is set on object 'Object Repository/1. Constant/xpath'

2022-06-09 21:57:48 - [MESSAGE][PASSED] - Delayed 3 second(s)

2022-06-09 21:57:48 - [MESSAGE][PASSED] - Scroll to object 'Object Repository/1. Constant/xpath' successfully

2022-06-09 21:57:51 - [MESSAGE][PASSED] - Object: 'Object Repository/1. Constant/xpath' is clicked on

2022-06-09 21:57:56 - [MESSAGE][PASSED] - Delayed 5 second(s)

2022-06-09 21:57:56 - [TEST_STEP][PASSED] - delay(1): Delayed 1 second(s)

2022-06-09 21:57:57 - [MESSAGE][PASSED] - Delayed 1 second(s)

2022-06-09 21:57:57 - [TEST_STEP][PASSED] - takeScreenshot(): Taking screenshot successfully

2022-06-09 21:57:57 - [MESSAGE][PASSED] - Taking screenshot successfully
[[ATTACHMENT|D:\\Projet Test Auto\\Mediabox Test Automation\\Reports\\20220609_181011\\03. Parallel Testing (Testing)\\TS -PT PART 3\\14.06 Dreyers Support Action (Ongoing _ Completed ref) - PART 6\\20220609_181117\\1654804677022.png]]

2022-06-09 21:57:57 - [TEST_STEP][PASSED] - click(findTestObject("1. Constant/xpath", ["xpath":"//*[@id="source_" + refID36 + ""]/td[13]/a[2]"])): Object: 'Object Repository/1. Constant/xpath' is clicked on

2022-06-09 21:57:58 - [MESSAGE][PASSED] - Object: 'Object Repository/1. Constant/xpath' is clicked on

2022-06-09 21:57:58 - [TEST_STEP][PASSED] - click(findTestObject("1. Constant/xpath", ["xpath":"//*[@id="ModifFiche"]/div[1]/div/button[2]"])): Object: 'Object Repository/1. Constant/xpath' is clicked on

2022-06-09 21:58:02 - [MESSAGE][PASSED] - Object: 'Object Repository/1. Constant/xpath' is clicked on

2022-06-09 21:58:02 - [TEST_STEP][PASSED] - Lifecycle_Status11 = getText(findTestObject("1. Constant/xpath", ["xpath":"//*[@id="source_" + refID36 + ""]/td[12]/span"])): Text of object 'Object Repository/1. Constant/xpath' is: 'Complete'

2022-06-09 21:58:02 - [MESSAGE][PASSED] - Text of object 'Object Repository/1. Constant/xpath' is: 'Complete'

2022-06-09 21:58:02 - [TEST_STEP][PASSED] - verifyMatch(Lifecycle_Status11, "Complete", false): Actual text 'Complete' and expected text 'Complete' are matched 

2022-06-09 21:58:02 - [MESSAGE][PASSED] - Actual text 'Complete' and expected text 'Complete' are matched 

2022-06-09 21:58:02 - [TEST_STEP][PASSED] - closeBrowser(): Browser is closed

2022-06-09 21:58:03 - [MESSAGE][PASSED] - Browser is closed

2022-06-09 21:58:03 - [TEST_STEP][PASSED] - Start listener action : sampleAfterTestCase: null]]></system-out>
         <system-err><![CDATA[]]></system-err>
      </testcase>
      <system-out><![CDATA[2022-06-09 21:15:36 - [TEST_SUITE][PASSED] - 14.06 Dreyers Support Action (Ongoing _ Completed ref) - PART 6: Test Cases/19. Dreyers Support Action (Ongoing ref_completed)/19.36 Dreyers SAS Add Phase (Ongoing ref) S45 - P36]]></system-out>
      <system-err><![CDATA[]]></system-err>
   </testsuite>
</testsuites>
