<?xml version="1.0" encoding="UTF-8"?>
<testsuites name="14.03 Dreyers Support Action (Ongoing _ Completed ref) - PART 3" time="3103.421" tests="6" failures="0" errors="0">
   <testsuite name="14.03 Dreyers Support Action (Ongoing _ Completed ref) - PART 3" tests="6" failures="0" errors="0" time="3103.421" skipped="0" timestamp="2022-06-09 19:55:51" hostname="lamhe - DPF-MBI-VERIF.ad.sgsco.int" id="Test Suites/03. Parallel Testing (Testing)/TS -PT PART 3/14.03 Dreyers Support Action (Ongoing _ Completed ref) - PART 3">
      <properties>
         <property name="deviceName" value=""/>
         <property name="devicePlatform" value=""/>
         <property name="logFolder" value="D:\\Projet Test Auto\\Mediabox Test Automation\\Reports\\20220609_181011\\03. Parallel Testing (Testing)\\TS -PT PART 3\\14.03 Dreyers Support Action (Ongoing _ Completed ref) - PART 3\\20220609_181101"/>
         <property name="logFiles" value="D:\\Projet Test Auto\\Mediabox Test Automation\\Reports\\20220609_181011\\03. Parallel Testing (Testing)\\TS -PT PART 3\\14.03 Dreyers Support Action (Ongoing _ Completed ref) - PART 3\\20220609_181101\\execution0.log"/>
         <property name="attachments" value="D:\\Projet Test Auto\\Mediabox Test Automation\\Reports\\20220609_181011\\03. Parallel Testing (Testing)\\TS -PT PART 3\\14.03 Dreyers Support Action (Ongoing _ Completed ref) - PART 3\\20220609_181101\\1654797405673.png, D:\\Projet Test Auto\\Mediabox Test Automation\\Reports\\20220609_181011\\03. Parallel Testing (Testing)\\TS -PT PART 3\\14.03 Dreyers Support Action (Ongoing _ Completed ref) - PART 3\\20220609_181101\\1654797414391.png, D:\\Projet Test Auto\\Mediabox Test Automation\\Reports\\20220609_181011\\03. Parallel Testing (Testing)\\TS -PT PART 3\\14.03 Dreyers Support Action (Ongoing _ Completed ref) - PART 3\\20220609_181101\\1654797419026.png, D:\\Projet Test Auto\\Mediabox Test Automation\\Reports\\20220609_181011\\03. Parallel Testing (Testing)\\TS -PT PART 3\\14.03 Dreyers Support Action (Ongoing _ Completed ref) - PART 3\\20220609_181101\\1654797427951.png, D:\\Projet Test Auto\\Mediabox Test Automation\\Reports\\20220609_181011\\03. Parallel Testing (Testing)\\TS -PT PART 3\\14.03 Dreyers Support Action (Ongoing _ Completed ref) - PART 3\\20220609_181101\\1654797448673.png, D:\\Projet Test Auto\\Mediabox Test Automation\\Reports\\20220609_181011\\03. Parallel Testing (Testing)\\TS -PT PART 3\\14.03 Dreyers Support Action (Ongoing _ Completed ref) - PART 3\\20220609_181101\\1654797457051.png, D:\\Projet Test Auto\\Mediabox Test Automation\\Reports\\20220609_181011\\03. Parallel Testing (Testing)\\TS -PT PART 3\\14.03 Dreyers Support Action (Ongoing _ Completed ref) - PART 3\\20220609_181101\\1654797480909.png, D:\\Projet Test Auto\\Mediabox Test Automation\\Reports\\20220609_181011\\03. Parallel Testing (Testing)\\TS -PT PART 3\\14.03 Dreyers Support Action (Ongoing _ Completed ref) - PART 3\\20220609_181101\\1654797499782.png, D:\\Projet Test Auto\\Mediabox Test Automation\\Reports\\20220609_181011\\03. Parallel Testing (Testing)\\TS -PT PART 3\\14.03 Dreyers Support Action (Ongoing _ Completed ref) - PART 3\\20220609_181101\\1654797504700.png, D:\\Projet Test Auto\\Mediabox Test Automation\\Reports\\20220609_181011\\03. Parallel Testing (Testing)\\TS -PT PART 3\\14.03 Dreyers Support Action (Ongoing _ Completed ref) - PART 3\\20220609_181101\\1654797532281.png, D:\\Projet Test Auto\\Mediabox Test Automation\\Reports\\20220609_181011\\03. Parallel Testing (Testing)\\TS -PT PART 3\\14.03 Dreyers Support Action (Ongoing _ Completed ref) - PART 3\\20220609_181101\\1654797544358.png, D:\\Projet Test Auto\\Mediabox Test Automation\\Reports\\20220609_181011\\03. Parallel Testing (Testing)\\TS -PT PART 3\\14.03 Dreyers Support Action (Ongoing _ Completed ref) - PART 3\\20220609_181101\\1654797550768.png, D:\\Projet Test Auto\\Mediabox Test Automation\\Reports\\20220609_181011\\03. Parallel Testing (Testing)\\TS -PT PART 3\\14.03 Dreyers Support Action (Ongoing _ Completed ref) - PART 3\\20220609_181101\\1654797556410.png, D:\\Projet Test Auto\\Mediabox Test Automation\\Reports\\20220609_181011\\03. Parallel Testing (Testing)\\TS -PT PART 3\\14.03 Dreyers Support Action (Ongoing _ Completed ref) - PART 3\\20220609_181101\\1654797558231.png, D:\\Projet Test Auto\\Mediabox Test Automation\\Reports\\20220609_181011\\03. Parallel Testing (Testing)\\TS -PT PART 3\\14.03 Dreyers Support Action (Ongoing _ Completed ref) - PART 3\\20220609_181101\\1654797560414.png, D:\\Projet Test Auto\\Mediabox Test Automation\\Reports\\20220609_181011\\03. Parallel Testing (Testing)\\TS -PT PART 3\\14.03 Dreyers Support Action (Ongoing _ Completed ref) - PART 3\\20220609_181101\\1654797566588.png, D:\\Projet Test Auto\\Mediabox Test Automation\\Reports\\20220609_181011\\03. Parallel Testing (Testing)\\TS -PT PART 3\\14.03 Dreyers Support Action (Ongoing _ Completed ref) - PART 3\\20220609_181101\\1654797569099.png, D:\\Projet Test Auto\\Mediabox Test Automation\\Reports\\20220609_181011\\03. Parallel Testing (Testing)\\TS -PT PART 3\\14.03 Dreyers Support Action (Ongoing _ Completed ref) - PART 3\\20220609_181101\\1654797589624.png, D:\\Projet Test Auto\\Mediabox Test Automation\\Reports\\20220609_181011\\03. Parallel Testing (Testing)\\TS -PT PART 3\\14.03 Dreyers Support Action (Ongoing _ Completed ref) - PART 3\\20220609_181101\\1654797614609.png, D:\\Projet Test Auto\\Mediabox Test Automation\\Reports\\20220609_181011\\03. Parallel Testing (Testing)\\TS -PT PART 3\\14.03 Dreyers Support Action (Ongoing _ Completed ref) - PART 3\\20220609_181101\\1654797632958.png, D:\\Projet Test Auto\\Mediabox Test Automation\\Reports\\20220609_181011\\03. Parallel Testing (Testing)\\TS -PT PART 3\\14.03 Dreyers Support Action (Ongoing _ Completed ref) - PART 3\\20220609_181101\\1654797637241.png, D:\\Projet Test Auto\\Mediabox Test Automation\\Reports\\20220609_181011\\03. Parallel Testing (Testing)\\TS -PT PART 3\\14.03 Dreyers Support Action (Ongoing _ Completed ref) - PART 3\\20220609_181101\\1654797650872.png, D:\\Projet Test Auto\\Mediabox Test Automation\\Reports\\20220609_181011\\03. Parallel Testing (Testing)\\TS -PT PART 3\\14.03 Dreyers Support Action (Ongoing _ Completed ref) - PART 3\\20220609_181101\\1654797687228.png, D:\\Projet Test Auto\\Mediabox Test Automation\\Reports\\20220609_181011\\03. Parallel Testing (Testing)\\TS -PT PART 3\\14.03 Dreyers Support Action (Ongoing _ Completed ref) - PART 3\\20220609_181101\\1654797738309.png, D:\\Projet Test Auto\\Mediabox Test Automation\\Reports\\20220609_181011\\03. Parallel Testing (Testing)\\TS -PT PART 3\\14.03 Dreyers Support Action (Ongoing _ Completed ref) - PART 3\\20220609_181101\\1654797750906.png, D:\\Projet Test Auto\\Mediabox Test Automation\\Reports\\20220609_181011\\03. Parallel Testing (Testing)\\TS -PT PART 3\\14.03 Dreyers Support Action (Ongoing _ Completed ref) - PART 3\\20220609_181101\\1654797790135.png, D:\\Projet Test Auto\\Mediabox Test Automation\\Reports\\20220609_181011\\03. Parallel Testing (Testing)\\TS -PT PART 3\\14.03 Dreyers Support Action (Ongoing _ Completed ref) - PART 3\\20220609_181101\\1654797804344.png, D:\\Projet Test Auto\\Mediabox Test Automation\\Reports\\20220609_181011\\03. Parallel Testing (Testing)\\TS -PT PART 3\\14.03 Dreyers Support Action (Ongoing _ Completed ref) - PART 3\\20220609_181101\\1654797862104.png, D:\\Projet Test Auto\\Mediabox Test Automation\\Reports\\20220609_181011\\03. Parallel Testing (Testing)\\TS -PT PART 3\\14.03 Dreyers Support Action (Ongoing _ Completed ref) - PART 3\\20220609_181101\\1654797871458.png, D:\\Projet Test Auto\\Mediabox Test Automation\\Reports\\20220609_181011\\03. Parallel Testing (Testing)\\TS -PT PART 3\\14.03 Dreyers Support Action (Ongoing _ Completed ref) - PART 3\\20220609_181101\\1654797923302.png, D:\\Projet Test Auto\\Mediabox Test Automation\\Reports\\20220609_181011\\03. Parallel Testing (Testing)\\TS -PT PART 3\\14.03 Dreyers Support Action (Ongoing _ Completed ref) - PART 3\\20220609_181101\\1654797961092.png, D:\\Projet Test Auto\\Mediabox Test Automation\\Reports\\20220609_181011\\03. Parallel Testing (Testing)\\TS -PT PART 3\\14.03 Dreyers Support Action (Ongoing _ Completed ref) - PART 3\\20220609_181101\\1654797992261.png, D:\\Projet Test Auto\\Mediabox Test Automation\\Reports\\20220609_181011\\03. Parallel Testing (Testing)\\TS -PT PART 3\\14.03 Dreyers Support Action (Ongoing _ Completed ref) - PART 3\\20220609_181101\\1654798023167.png, D:\\Projet Test Auto\\Mediabox Test Automation\\Reports\\20220609_181011\\03. Parallel Testing (Testing)\\TS -PT PART 3\\14.03 Dreyers Support Action (Ongoing _ Completed ref) - PART 3\\20220609_181101\\1654798037415.png, D:\\Projet Test Auto\\Mediabox Test Automation\\Reports\\20220609_181011\\03. Parallel Testing (Testing)\\TS -PT PART 3\\14.03 Dreyers Support Action (Ongoing _ Completed ref) - PART 3\\20220609_181101\\1654798042099.png, D:\\Projet Test Auto\\Mediabox Test Automation\\Reports\\20220609_181011\\03. Parallel Testing (Testing)\\TS -PT PART 3\\14.03 Dreyers Support Action (Ongoing _ Completed ref) - PART 3\\20220609_181101\\1654798080059.png, D:\\Projet Test Auto\\Mediabox Test Automation\\Reports\\20220609_181011\\03. Parallel Testing (Testing)\\TS -PT PART 3\\14.03 Dreyers Support Action (Ongoing _ Completed ref) - PART 3\\20220609_181101\\1654798100719.png, D:\\Projet Test Auto\\Mediabox Test Automation\\Reports\\20220609_181011\\03. Parallel Testing (Testing)\\TS -PT PART 3\\14.03 Dreyers Support Action (Ongoing _ Completed ref) - PART 3\\20220609_181101\\1654798149018.png, D:\\Projet Test Auto\\Mediabox Test Automation\\Reports\\20220609_181011\\03. Parallel Testing (Testing)\\TS -PT PART 3\\14.03 Dreyers Support Action (Ongoing _ Completed ref) - PART 3\\20220609_181101\\1654798172805.png, D:\\Projet Test Auto\\Mediabox Test Automation\\Reports\\20220609_181011\\03. Parallel Testing (Testing)\\TS -PT PART 3\\14.03 Dreyers Support Action (Ongoing _ Completed ref) - PART 3\\20220609_181101\\1654798224966.png, D:\\Projet Test Auto\\Mediabox Test Automation\\Reports\\20220609_181011\\03. Parallel Testing (Testing)\\TS -PT PART 3\\14.03 Dreyers Support Action (Ongoing _ Completed ref) - PART 3\\20220609_181101\\1654798264502.png, D:\\Projet Test Auto\\Mediabox Test Automation\\Reports\\20220609_181011\\03. Parallel Testing (Testing)\\TS -PT PART 3\\14.03 Dreyers Support Action (Ongoing _ Completed ref) - PART 3\\20220609_181101\\1654798319173.png, D:\\Projet Test Auto\\Mediabox Test Automation\\Reports\\20220609_181011\\03. Parallel Testing (Testing)\\TS -PT PART 3\\14.03 Dreyers Support Action (Ongoing _ Completed ref) - PART 3\\20220609_181101\\1654798337794.png, D:\\Projet Test Auto\\Mediabox Test Automation\\Reports\\20220609_181011\\03. Parallel Testing (Testing)\\TS -PT PART 3\\14.03 Dreyers Support Action (Ongoing _ Completed ref) - PART 3\\20220609_181101\\1654798338433.png, D:\\Projet Test Auto\\Mediabox Test Automation\\Reports\\20220609_181011\\03. Parallel Testing (Testing)\\TS -PT PART 3\\14.03 Dreyers Support Action (Ongoing _ Completed ref) - PART 3\\20220609_181101\\1654798340631.png, D:\\Projet Test Auto\\Mediabox Test Automation\\Reports\\20220609_181011\\03. Parallel Testing (Testing)\\TS -PT PART 3\\14.03 Dreyers Support Action (Ongoing _ Completed ref) - PART 3\\20220609_181101\\1654798345274.png, D:\\Projet Test Auto\\Mediabox Test Automation\\Reports\\20220609_181011\\03. Parallel Testing (Testing)\\TS -PT PART 3\\14.03 Dreyers Support Action (Ongoing _ Completed ref) - PART 3\\20220609_181101\\1654798349012.png, D:\\Projet Test Auto\\Mediabox Test Automation\\Reports\\20220609_181011\\03. Parallel Testing (Testing)\\TS -PT PART 3\\14.03 Dreyers Support Action (Ongoing _ Completed ref) - PART 3\\20220609_181101\\1654798406672.png, D:\\Projet Test Auto\\Mediabox Test Automation\\Reports\\20220609_181011\\03. Parallel Testing (Testing)\\TS -PT PART 3\\14.03 Dreyers Support Action (Ongoing _ Completed ref) - PART 3\\20220609_181101\\1654798501096.png, D:\\Projet Test Auto\\Mediabox Test Automation\\Reports\\20220609_181011\\03. Parallel Testing (Testing)\\TS -PT PART 3\\14.03 Dreyers Support Action (Ongoing _ Completed ref) - PART 3\\20220609_181101\\1654798513607.png, D:\\Projet Test Auto\\Mediabox Test Automation\\Reports\\20220609_181011\\03. Parallel Testing (Testing)\\TS -PT PART 3\\14.03 Dreyers Support Action (Ongoing _ Completed ref) - PART 3\\20220609_181101\\1654798540314.png, D:\\Projet Test Auto\\Mediabox Test Automation\\Reports\\20220609_181011\\03. Parallel Testing (Testing)\\TS -PT PART 3\\14.03 Dreyers Support Action (Ongoing _ Completed ref) - PART 3\\20220609_181101\\1654798595104.png, D:\\Projet Test Auto\\Mediabox Test Automation\\Reports\\20220609_181011\\03. Parallel Testing (Testing)\\TS -PT PART 3\\14.03 Dreyers Support Action (Ongoing _ Completed ref) - PART 3\\20220609_181101\\1654798641760.png, D:\\Projet Test Auto\\Mediabox Test Automation\\Reports\\20220609_181011\\03. Parallel Testing (Testing)\\TS -PT PART 3\\14.03 Dreyers Support Action (Ongoing _ Completed ref) - PART 3\\20220609_181101\\1654798693168.png, D:\\Projet Test Auto\\Mediabox Test Automation\\Reports\\20220609_181011\\03. Parallel Testing (Testing)\\TS -PT PART 3\\14.03 Dreyers Support Action (Ongoing _ Completed ref) - PART 3\\20220609_181101\\1654798702491.png, D:\\Projet Test Auto\\Mediabox Test Automation\\Reports\\20220609_181011\\03. Parallel Testing (Testing)\\TS -PT PART 3\\14.03 Dreyers Support Action (Ongoing _ Completed ref) - PART 3\\20220609_181101\\1654798706953.png, D:\\Projet Test Auto\\Mediabox Test Automation\\Reports\\20220609_181011\\03. Parallel Testing (Testing)\\TS -PT PART 3\\14.03 Dreyers Support Action (Ongoing _ Completed ref) - PART 3\\20220609_181101\\1654798716544.png, D:\\Projet Test Auto\\Mediabox Test Automation\\Reports\\20220609_181011\\03. Parallel Testing (Testing)\\TS -PT PART 3\\14.03 Dreyers Support Action (Ongoing _ Completed ref) - PART 3\\20220609_181101\\1654798738413.png, D:\\Projet Test Auto\\Mediabox Test Automation\\Reports\\20220609_181011\\03. Parallel Testing (Testing)\\TS -PT PART 3\\14.03 Dreyers Support Action (Ongoing _ Completed ref) - PART 3\\20220609_181101\\1654798746681.png, D:\\Projet Test Auto\\Mediabox Test Automation\\Reports\\20220609_181011\\03. Parallel Testing (Testing)\\TS -PT PART 3\\14.03 Dreyers Support Action (Ongoing _ Completed ref) - PART 3\\20220609_181101\\1654798771660.png, D:\\Projet Test Auto\\Mediabox Test Automation\\Reports\\20220609_181011\\03. Parallel Testing (Testing)\\TS -PT PART 3\\14.03 Dreyers Support Action (Ongoing _ Completed ref) - PART 3\\20220609_181101\\1654798798766.png, D:\\Projet Test Auto\\Mediabox Test Automation\\Reports\\20220609_181011\\03. Parallel Testing (Testing)\\TS -PT PART 3\\14.03 Dreyers Support Action (Ongoing _ Completed ref) - PART 3\\20220609_181101\\1654798803405.png, D:\\Projet Test Auto\\Mediabox Test Automation\\Reports\\20220609_181011\\03. Parallel Testing (Testing)\\TS -PT PART 3\\14.03 Dreyers Support Action (Ongoing _ Completed ref) - PART 3\\20220609_181101\\1654798832992.png, D:\\Projet Test Auto\\Mediabox Test Automation\\Reports\\20220609_181011\\03. Parallel Testing (Testing)\\TS -PT PART 3\\14.03 Dreyers Support Action (Ongoing _ Completed ref) - PART 3\\20220609_181101\\1654798842870.png, D:\\Projet Test Auto\\Mediabox Test Automation\\Reports\\20220609_181011\\03. Parallel Testing (Testing)\\TS -PT PART 3\\14.03 Dreyers Support Action (Ongoing _ Completed ref) - PART 3\\20220609_181101\\1654798853405.png, D:\\Projet Test Auto\\Mediabox Test Automation\\Reports\\20220609_181011\\03. Parallel Testing (Testing)\\TS -PT PART 3\\14.03 Dreyers Support Action (Ongoing _ Completed ref) - PART 3\\20220609_181101\\1654798855164.png, D:\\Projet Test Auto\\Mediabox Test Automation\\Reports\\20220609_181011\\03. Parallel Testing (Testing)\\TS -PT PART 3\\14.03 Dreyers Support Action (Ongoing _ Completed ref) - PART 3\\20220609_181101\\1654798860851.png, D:\\Projet Test Auto\\Mediabox Test Automation\\Reports\\20220609_181011\\03. Parallel Testing (Testing)\\TS -PT PART 3\\14.03 Dreyers Support Action (Ongoing _ Completed ref) - PART 3\\20220609_181101\\1654798864802.png, D:\\Projet Test Auto\\Mediabox Test Automation\\Reports\\20220609_181011\\03. Parallel Testing (Testing)\\TS -PT PART 3\\14.03 Dreyers Support Action (Ongoing _ Completed ref) - PART 3\\20220609_181101\\1654798866955.png, D:\\Projet Test Auto\\Mediabox Test Automation\\Reports\\20220609_181011\\03. Parallel Testing (Testing)\\TS -PT PART 3\\14.03 Dreyers Support Action (Ongoing _ Completed ref) - PART 3\\20220609_181101\\1654798867515.png, D:\\Projet Test Auto\\Mediabox Test Automation\\Reports\\20220609_181011\\03. Parallel Testing (Testing)\\TS -PT PART 3\\14.03 Dreyers Support Action (Ongoing _ Completed ref) - PART 3\\20220609_181101\\1654798920162.png, D:\\Projet Test Auto\\Mediabox Test Automation\\Reports\\20220609_181011\\03. Parallel Testing (Testing)\\TS -PT PART 3\\14.03 Dreyers Support Action (Ongoing _ Completed ref) - PART 3\\20220609_181101\\1654798972427.png, D:\\Projet Test Auto\\Mediabox Test Automation\\Reports\\20220609_181011\\03. Parallel Testing (Testing)\\TS -PT PART 3\\14.03 Dreyers Support Action (Ongoing _ Completed ref) - PART 3\\20220609_181101\\1654798985561.png, D:\\Projet Test Auto\\Mediabox Test Automation\\Reports\\20220609_181011\\03. Parallel Testing (Testing)\\TS -PT PART 3\\14.03 Dreyers Support Action (Ongoing _ Completed ref) - PART 3\\20220609_181101\\1654799009494.png, D:\\Projet Test Auto\\Mediabox Test Automation\\Reports\\20220609_181011\\03. Parallel Testing (Testing)\\TS -PT PART 3\\14.03 Dreyers Support Action (Ongoing _ Completed ref) - PART 3\\20220609_181101\\1654799066107.png, D:\\Projet Test Auto\\Mediabox Test Automation\\Reports\\20220609_181011\\03. Parallel Testing (Testing)\\TS -PT PART 3\\14.03 Dreyers Support Action (Ongoing _ Completed ref) - PART 3\\20220609_181101\\1654799141801.png, D:\\Projet Test Auto\\Mediabox Test Automation\\Reports\\20220609_181011\\03. Parallel Testing (Testing)\\TS -PT PART 3\\14.03 Dreyers Support Action (Ongoing _ Completed ref) - PART 3\\20220609_181101\\1654799190317.png, D:\\Projet Test Auto\\Mediabox Test Automation\\Reports\\20220609_181011\\03. Parallel Testing (Testing)\\TS -PT PART 3\\14.03 Dreyers Support Action (Ongoing _ Completed ref) - PART 3\\20220609_181101\\1654799202405.png, D:\\Projet Test Auto\\Mediabox Test Automation\\Reports\\20220609_181011\\03. Parallel Testing (Testing)\\TS -PT PART 3\\14.03 Dreyers Support Action (Ongoing _ Completed ref) - PART 3\\20220609_181101\\1654799243205.png, D:\\Projet Test Auto\\Mediabox Test Automation\\Reports\\20220609_181011\\03. Parallel Testing (Testing)\\TS -PT PART 3\\14.03 Dreyers Support Action (Ongoing _ Completed ref) - PART 3\\20220609_181101\\1654799249543.png, D:\\Projet Test Auto\\Mediabox Test Automation\\Reports\\20220609_181011\\03. Parallel Testing (Testing)\\TS -PT PART 3\\14.03 Dreyers Support Action (Ongoing _ Completed ref) - PART 3\\20220609_181101\\1654799253473.png, D:\\Projet Test Auto\\Mediabox Test Automation\\Reports\\20220609_181011\\03. Parallel Testing (Testing)\\TS -PT PART 3\\14.03 Dreyers Support Action (Ongoing _ Completed ref) - PART 3\\20220609_181101\\1654799264455.png, D:\\Projet Test Auto\\Mediabox Test Automation\\Reports\\20220609_181011\\03. Parallel Testing (Testing)\\TS -PT PART 3\\14.03 Dreyers Support Action (Ongoing _ Completed ref) - PART 3\\20220609_181101\\1654799288201.png, D:\\Projet Test Auto\\Mediabox Test Automation\\Reports\\20220609_181011\\03. Parallel Testing (Testing)\\TS -PT PART 3\\14.03 Dreyers Support Action (Ongoing _ Completed ref) - PART 3\\20220609_181101\\1654799296587.png, D:\\Projet Test Auto\\Mediabox Test Automation\\Reports\\20220609_181011\\03. Parallel Testing (Testing)\\TS -PT PART 3\\14.03 Dreyers Support Action (Ongoing _ Completed ref) - PART 3\\20220609_181101\\1654799320289.png, D:\\Projet Test Auto\\Mediabox Test Automation\\Reports\\20220609_181011\\03. Parallel Testing (Testing)\\TS -PT PART 3\\14.03 Dreyers Support Action (Ongoing _ Completed ref) - PART 3\\20220609_181101\\1654799337031.png, D:\\Projet Test Auto\\Mediabox Test Automation\\Reports\\20220609_181011\\03. Parallel Testing (Testing)\\TS -PT PART 3\\14.03 Dreyers Support Action (Ongoing _ Completed ref) - PART 3\\20220609_181101\\1654799340827.png, D:\\Projet Test Auto\\Mediabox Test Automation\\Reports\\20220609_181011\\03. Parallel Testing (Testing)\\TS -PT PART 3\\14.03 Dreyers Support Action (Ongoing _ Completed ref) - PART 3\\20220609_181101\\1654799371318.png, D:\\Projet Test Auto\\Mediabox Test Automation\\Reports\\20220609_181011\\03. Parallel Testing (Testing)\\TS -PT PART 3\\14.03 Dreyers Support Action (Ongoing _ Completed ref) - PART 3\\20220609_181101\\1654799381088.png, D:\\Projet Test Auto\\Mediabox Test Automation\\Reports\\20220609_181011\\03. Parallel Testing (Testing)\\TS -PT PART 3\\14.03 Dreyers Support Action (Ongoing _ Completed ref) - PART 3\\20220609_181101\\1654799391694.png, D:\\Projet Test Auto\\Mediabox Test Automation\\Reports\\20220609_181011\\03. Parallel Testing (Testing)\\TS -PT PART 3\\14.03 Dreyers Support Action (Ongoing _ Completed ref) - PART 3\\20220609_181101\\1654799393977.png, D:\\Projet Test Auto\\Mediabox Test Automation\\Reports\\20220609_181011\\03. Parallel Testing (Testing)\\TS -PT PART 3\\14.03 Dreyers Support Action (Ongoing _ Completed ref) - PART 3\\20220609_181101\\1654799397370.png, D:\\Projet Test Auto\\Mediabox Test Automation\\Reports\\20220609_181011\\03. Parallel Testing (Testing)\\TS -PT PART 3\\14.03 Dreyers Support Action (Ongoing _ Completed ref) - PART 3\\20220609_181101\\1654799399492.png, D:\\Projet Test Auto\\Mediabox Test Automation\\Reports\\20220609_181011\\03. Parallel Testing (Testing)\\TS -PT PART 3\\14.03 Dreyers Support Action (Ongoing _ Completed ref) - PART 3\\20220609_181101\\1654799399778.png, D:\\Projet Test Auto\\Mediabox Test Automation\\Reports\\20220609_181011\\03. Parallel Testing (Testing)\\TS -PT PART 3\\14.03 Dreyers Support Action (Ongoing _ Completed ref) - PART 3\\20220609_181101\\1654799447608.png, D:\\Projet Test Auto\\Mediabox Test Automation\\Reports\\20220609_181011\\03. Parallel Testing (Testing)\\TS -PT PART 3\\14.03 Dreyers Support Action (Ongoing _ Completed ref) - PART 3\\20220609_181101\\1654799504757.png, D:\\Projet Test Auto\\Mediabox Test Automation\\Reports\\20220609_181011\\03. Parallel Testing (Testing)\\TS -PT PART 3\\14.03 Dreyers Support Action (Ongoing _ Completed ref) - PART 3\\20220609_181101\\1654799518917.png, D:\\Projet Test Auto\\Mediabox Test Automation\\Reports\\20220609_181011\\03. Parallel Testing (Testing)\\TS -PT PART 3\\14.03 Dreyers Support Action (Ongoing _ Completed ref) - PART 3\\20220609_181101\\1654799541565.png, D:\\Projet Test Auto\\Mediabox Test Automation\\Reports\\20220609_181011\\03. Parallel Testing (Testing)\\TS -PT PART 3\\14.03 Dreyers Support Action (Ongoing _ Completed ref) - PART 3\\20220609_181101\\1654799583089.png, D:\\Projet Test Auto\\Mediabox Test Automation\\Reports\\20220609_181011\\03. Parallel Testing (Testing)\\TS -PT PART 3\\14.03 Dreyers Support Action (Ongoing _ Completed ref) - PART 3\\20220609_181101\\1654799600623.png, D:\\Projet Test Auto\\Mediabox Test Automation\\Reports\\20220609_181011\\03. Parallel Testing (Testing)\\TS -PT PART 3\\14.03 Dreyers Support Action (Ongoing _ Completed ref) - PART 3\\20220609_181101\\1654799706443.png, D:\\Projet Test Auto\\Mediabox Test Automation\\Reports\\20220609_181011\\03. Parallel Testing (Testing)\\TS -PT PART 3\\14.03 Dreyers Support Action (Ongoing _ Completed ref) - PART 3\\20220609_181101\\1654799721477.png, D:\\Projet Test Auto\\Mediabox Test Automation\\Reports\\20220609_181011\\03. Parallel Testing (Testing)\\TS -PT PART 3\\14.03 Dreyers Support Action (Ongoing _ Completed ref) - PART 3\\20220609_181101\\1654799784990.png, D:\\Projet Test Auto\\Mediabox Test Automation\\Reports\\20220609_181011\\03. Parallel Testing (Testing)\\TS -PT PART 3\\14.03 Dreyers Support Action (Ongoing _ Completed ref) - PART 3\\20220609_181101\\1654799793899.png, D:\\Projet Test Auto\\Mediabox Test Automation\\Reports\\20220609_181011\\03. Parallel Testing (Testing)\\TS -PT PART 3\\14.03 Dreyers Support Action (Ongoing _ Completed ref) - PART 3\\20220609_181101\\1654799798820.png, D:\\Projet Test Auto\\Mediabox Test Automation\\Reports\\20220609_181011\\03. Parallel Testing (Testing)\\TS -PT PART 3\\14.03 Dreyers Support Action (Ongoing _ Completed ref) - PART 3\\20220609_181101\\1654799807677.png, D:\\Projet Test Auto\\Mediabox Test Automation\\Reports\\20220609_181011\\03. Parallel Testing (Testing)\\TS -PT PART 3\\14.03 Dreyers Support Action (Ongoing _ Completed ref) - PART 3\\20220609_181101\\1654799822469.png, D:\\Projet Test Auto\\Mediabox Test Automation\\Reports\\20220609_181011\\03. Parallel Testing (Testing)\\TS -PT PART 3\\14.03 Dreyers Support Action (Ongoing _ Completed ref) - PART 3\\20220609_181101\\1654799825003.png, D:\\Projet Test Auto\\Mediabox Test Automation\\Reports\\20220609_181011\\03. Parallel Testing (Testing)\\TS -PT PART 3\\14.03 Dreyers Support Action (Ongoing _ Completed ref) - PART 3\\20220609_181101\\1654799833732.png, D:\\Projet Test Auto\\Mediabox Test Automation\\Reports\\20220609_181011\\03. Parallel Testing (Testing)\\TS -PT PART 3\\14.03 Dreyers Support Action (Ongoing _ Completed ref) - PART 3\\20220609_181101\\1654799862750.png, D:\\Projet Test Auto\\Mediabox Test Automation\\Reports\\20220609_181011\\03. Parallel Testing (Testing)\\TS -PT PART 3\\14.03 Dreyers Support Action (Ongoing _ Completed ref) - PART 3\\20220609_181101\\1654799914401.png, D:\\Projet Test Auto\\Mediabox Test Automation\\Reports\\20220609_181011\\03. Parallel Testing (Testing)\\TS -PT PART 3\\14.03 Dreyers Support Action (Ongoing _ Completed ref) - PART 3\\20220609_181101\\1654799992703.png, D:\\Projet Test Auto\\Mediabox Test Automation\\Reports\\20220609_181011\\03. Parallel Testing (Testing)\\TS -PT PART 3\\14.03 Dreyers Support Action (Ongoing _ Completed ref) - PART 3\\20220609_181101\\1654800011447.png, D:\\Projet Test Auto\\Mediabox Test Automation\\Reports\\20220609_181011\\03. Parallel Testing (Testing)\\TS -PT PART 3\\14.03 Dreyers Support Action (Ongoing _ Completed ref) - PART 3\\20220609_181101\\1654800014321.png, D:\\Projet Test Auto\\Mediabox Test Automation\\Reports\\20220609_181011\\03. Parallel Testing (Testing)\\TS -PT PART 3\\14.03 Dreyers Support Action (Ongoing _ Completed ref) - PART 3\\20220609_181101\\1654800039770.png, D:\\Projet Test Auto\\Mediabox Test Automation\\Reports\\20220609_181011\\03. Parallel Testing (Testing)\\TS -PT PART 3\\14.03 Dreyers Support Action (Ongoing _ Completed ref) - PART 3\\20220609_181101\\1654800048982.png, D:\\Projet Test Auto\\Mediabox Test Automation\\Reports\\20220609_181011\\03. Parallel Testing (Testing)\\TS -PT PART 3\\14.03 Dreyers Support Action (Ongoing _ Completed ref) - PART 3\\20220609_181101\\1654800055126.png, D:\\Projet Test Auto\\Mediabox Test Automation\\Reports\\20220609_181011\\03. Parallel Testing (Testing)\\TS -PT PART 3\\14.03 Dreyers Support Action (Ongoing _ Completed ref) - PART 3\\20220609_181101\\1654800109448.png, D:\\Projet Test Auto\\Mediabox Test Automation\\Reports\\20220609_181011\\03. Parallel Testing (Testing)\\TS -PT PART 3\\14.03 Dreyers Support Action (Ongoing _ Completed ref) - PART 3\\20220609_181101\\1654800133120.png, D:\\Projet Test Auto\\Mediabox Test Automation\\Reports\\20220609_181011\\03. Parallel Testing (Testing)\\TS -PT PART 3\\14.03 Dreyers Support Action (Ongoing _ Completed ref) - PART 3\\20220609_181101\\1654800185277.png, D:\\Projet Test Auto\\Mediabox Test Automation\\Reports\\20220609_181011\\03. Parallel Testing (Testing)\\TS -PT PART 3\\14.03 Dreyers Support Action (Ongoing _ Completed ref) - PART 3\\20220609_181101\\1654800273144.png, D:\\Projet Test Auto\\Mediabox Test Automation\\Reports\\20220609_181011\\03. Parallel Testing (Testing)\\TS -PT PART 3\\14.03 Dreyers Support Action (Ongoing _ Completed ref) - PART 3\\20220609_181101\\1654800283502.png, D:\\Projet Test Auto\\Mediabox Test Automation\\Reports\\20220609_181011\\03. Parallel Testing (Testing)\\TS -PT PART 3\\14.03 Dreyers Support Action (Ongoing _ Completed ref) - PART 3\\20220609_181101\\1654800287507.png, D:\\Projet Test Auto\\Mediabox Test Automation\\Reports\\20220609_181011\\03. Parallel Testing (Testing)\\TS -PT PART 3\\14.03 Dreyers Support Action (Ongoing _ Completed ref) - PART 3\\20220609_181101\\1654800299348.png, D:\\Projet Test Auto\\Mediabox Test Automation\\Reports\\20220609_181011\\03. Parallel Testing (Testing)\\TS -PT PART 3\\14.03 Dreyers Support Action (Ongoing _ Completed ref) - PART 3\\20220609_181101\\1654800319376.png, D:\\Projet Test Auto\\Mediabox Test Automation\\Reports\\20220609_181011\\03. Parallel Testing (Testing)\\TS -PT PART 3\\14.03 Dreyers Support Action (Ongoing _ Completed ref) - PART 3\\20220609_181101\\1654800325598.png, D:\\Projet Test Auto\\Mediabox Test Automation\\Reports\\20220609_181011\\03. Parallel Testing (Testing)\\TS -PT PART 3\\14.03 Dreyers Support Action (Ongoing _ Completed ref) - PART 3\\20220609_181101\\1654800332586.png, D:\\Projet Test Auto\\Mediabox Test Automation\\Reports\\20220609_181011\\03. Parallel Testing (Testing)\\TS -PT PART 3\\14.03 Dreyers Support Action (Ongoing _ Completed ref) - PART 3\\20220609_181101\\1654800391432.png, D:\\Projet Test Auto\\Mediabox Test Automation\\Reports\\20220609_181011\\03. Parallel Testing (Testing)\\TS -PT PART 3\\14.03 Dreyers Support Action (Ongoing _ Completed ref) - PART 3\\20220609_181101\\1654800444318.png"/>
         <property name="hostName" value="lamhe - DPF-MBI-VERIF.ad.sgsco.int"/>
         <property name="os" value="Windows 10 64bit"/>
         <property name="katalonVersion" value="8.3.0.208"/>
         <property name="browser" value="Chrome 102.0.5005.63"/>
         <property name="hostAddress" value="10.15.10.53"/>
         <property name="sessionId" value="97b94c542e7414c08880887f64253862"/>
         <property name="seleniumVersion" value="3.141.59"/>
         <property name="proxyInformation" value="ProxyInformation { proxyOption=NO_PROXY, proxyServerType=HTTP, username=, password=********, proxyServerAddress=, proxyServerPort=0, executionList=&quot;&quot;, isApplyToDesiredCapabilities=true }"/>
         <property name="platform" value="Windows 10"/>
      </properties>
      <testcase name="Test Cases/19. Dreyers Support Action (Ongoing ref_completed)/19.10 Dreyers SAS Add Step Group (Ongoing ref) S15- P10 (will be used in P16)" time="923.759" classname="Test Cases/19. Dreyers Support Action (Ongoing ref_completed)/19.10 Dreyers SAS Add Step Group (Ongoing ref) S15- P10 (will be used in P16)" status="PASSED">
         <system-out><![CDATA[2022-06-09 19:55:52 - [TEST_CASE][PASSED] - Test Cases/19. Dreyers Support Action (Ongoing ref_completed)/19.10 Dreyers SAS Add Step Group (Ongoing ref) S15- P10 (will be used in P16): Test Cases/19. Dreyers Support Action (Ongoing ref_completed)/19.10 Dreyers SAS Add Step Group (Ongoing ref) S15- P10 (will be used in P16)

2022-06-09 19:55:54 - [TEST_STEP][PASSED] - data_Dreyers = findTestData("Data Files/Username_Password/Dreyer"): null

2022-06-09 19:55:54 - [TEST_STEP][PASSED] - password_suser = data_Dreyers.getValue(2, 1): null

2022-06-09 19:55:54 - [TEST_STEP][PASSED] - password_blemco = data_Dreyers.getValue(2, 2): null

2022-06-09 19:55:54 - [TEST_STEP][PASSED] - password_nturner = data_Dreyers.getValue(2, 6): null

2022-06-09 19:55:54 - [TEST_STEP][PASSED] - password_talexeeva = data_Dreyers.getValue(2, 7): null

2022-06-09 19:55:54 - [TEST_STEP][PASSED] - password_jryan = data_Dreyers.getValue(2, 12): null

2022-06-09 19:55:54 - [TEST_STEP][PASSED] - password_lmary = data_Dreyers.getValue(2, 13): null

2022-06-09 19:55:54 - [TEST_STEP][PASSED] - data_urlRELAUTO = findTestData("Data Files/URL/URL_relauto"): null

2022-06-09 19:55:54 - [TEST_STEP][PASSED] - Url_Dreyer = data_urlRELAUTO.getValue(2, 4): null

2022-06-09 19:55:54 - [TEST_STEP][PASSED] - Project_No = I.readnotepad("D:\Upoad_File\Projet_ Login\Dreyers\19.1\19.1_Dreyers_ProjectNo.txt"): null

2022-06-09 19:55:54 - [TEST_STEP][PASSED] - refID = I.readnotepad("D:\Upoad_File\Projet_ Login\Dreyers\19.1\19.1_Dreyers_refID.txt"): null

2022-06-09 19:55:54 - [TEST_STEP][PASSED] - I.clearnotepad("D:\Upoad_File\Projet_ Login\Dreyers\19.1\19.10_Dreyers_refID10.txt"): null

2022-06-09 19:55:54 - [TEST_STEP][PASSED] - openBrowser(Url_Dreyer): Browser is opened with url: 'http://mdb-release.diadeis.lan/MediaboxIndependence/?MBI_datasource=RELTESTAUTO_DREYERS'

2022-06-09 19:55:55 - [MESSAGE][INFO] - Starting 'Chrome (headless)' driver

2022-06-09 19:55:55 - [MESSAGE][INFO] - User set preference: ['args', '[--window-size=1920,1080, --headless]']

2022-06-09 19:55:55 - [MESSAGE][INFO] - Action delay is set to 0 milliseconds

2022-06-09 19:56:11 - [MESSAGE][PASSED] - Browser is opened with url: 'http://mdb-release.diadeis.lan/MediaboxIndependence/?MBI_datasource=RELTESTAUTO_DREYERS'

2022-06-09 19:56:11 - [TEST_STEP][PASSED] - maximizeWindow(): Current window maximized

2022-06-09 19:56:11 - [MESSAGE][PASSED] - Current window maximized

2022-06-09 19:56:11 - [TEST_STEP][PASSED] - I.Login_password("suser", password_suser): Object: 'Object Repository/1. Constant/xpath' is clicked on

2022-06-09 19:56:13 - [MESSAGE][PASSED] - Text 'suser' is set on object 'Object Repository/1. Constant/xpath'

2022-06-09 19:56:14 - [MESSAGE][PASSED] - Delayed 1 second(s)

2022-06-09 19:56:16 - [MESSAGE][PASSED] - Text 'diadeis' is set on object 'Object Repository/1. Constant/xpath'

2022-06-09 19:56:17 - [MESSAGE][PASSED] - Delayed 1 second(s)

2022-06-09 19:56:27 - [MESSAGE][PASSED] - Object: 'Object Repository/1. Constant/xpath' is clicked on

2022-06-09 19:56:27 - [TEST_STEP][PASSED] - click(findTestObject("1. Constant/02_LHSMenu_Projects")): Object: 'Object Repository/1. Constant/02_LHSMenu_Projects' is clicked on

2022-06-09 19:56:30 - [MESSAGE][PASSED] - Object: 'Object Repository/1. Constant/02_LHSMenu_Projects' is clicked on

2022-06-09 19:56:30 - [TEST_STEP][PASSED] - I.SearchProjectNo_xpath(Project_No, "//*[@id="keynum_project"]", "//*[@id="form_filters"]/div[4]/button"): Delayed 5 second(s)

2022-06-09 19:56:31 - [MESSAGE][PASSED] - Delayed 1 second(s)

2022-06-09 19:56:32 - [MESSAGE][PASSED] - Text 'MI000876' is set on object 'Object Repository/1. Constant/xpath'

2022-06-09 19:56:35 - [MESSAGE][PASSED] - Delayed 3 second(s)

2022-06-09 19:56:36 - [MESSAGE][PASSED] - Scroll to object 'Object Repository/1. Constant/xpath' successfully

2022-06-09 19:56:40 - [MESSAGE][PASSED] - Object: 'Object Repository/1. Constant/xpath' is clicked on

2022-06-09 19:56:45 - [MESSAGE][PASSED] - Delayed 5 second(s)

2022-06-09 19:56:45 - [TEST_STEP][PASSED] - takeScreenshot(): Taking screenshot successfully

2022-06-09 19:56:46 - [MESSAGE][PASSED] - Taking screenshot successfully
[[ATTACHMENT|D:\\Projet Test Auto\\Mediabox Test Automation\\Reports\\20220609_181011\\03. Parallel Testing (Testing)\\TS -PT PART 3\\14.03 Dreyers Support Action (Ongoing _ Completed ref) - PART 3\\20220609_181101\\1654797405673.png]]

2022-06-09 19:56:46 - [TEST_STEP][PASSED] - click(findTestObject("1. Constant/xpath", ["xpath":"//*[@id="create_ref_btn"]/button"])): Object: 'Object Repository/1. Constant/xpath' is clicked on

2022-06-09 19:56:46 - [MESSAGE][PASSED] - Object: 'Object Repository/1. Constant/xpath' is clicked on

2022-06-09 19:56:46 - [TEST_STEP][PASSED] - delay(1): Delayed 1 second(s)

2022-06-09 19:56:47 - [MESSAGE][PASSED] - Delayed 1 second(s)

2022-06-09 19:56:47 - [TEST_STEP][PASSED] - click(findTestObject("1. Constant/xpath", ["xpath":"//*[@id="create_ref_btn"]/div/a"])): Object: 'Object Repository/1. Constant/xpath' is clicked on

2022-06-09 19:56:49 - [MESSAGE][PASSED] - Object: 'Object Repository/1. Constant/xpath' is clicked on

2022-06-09 19:56:49 - [TEST_STEP][PASSED] - delay(1): Delayed 1 second(s)

2022-06-09 19:56:50 - [MESSAGE][PASSED] - Delayed 1 second(s)

2022-06-09 19:56:50 - [TEST_STEP][PASSED] - selectOptionByValue(findTestObject("1. Constant/xpath", ["xpath":"//*[@id="lfc_tpl"]"]), "36", false): All options with value '36' are selected in object 'Object Repository/1. Constant/xpath' 

2022-06-09 19:56:52 - [MESSAGE][PASSED] - All options with value '36' are selected in object 'Object Repository/1. Constant/xpath' 

2022-06-09 19:56:52 - [TEST_STEP][PASSED] - ref_name = "P10_Auto_SAS_S15_" + RandomStringUtils.randomAlphanumeric(5) + I.gettimedate(): null

2022-06-09 19:56:52 - [TEST_STEP][PASSED] - delay(1): Delayed 1 second(s)

2022-06-09 19:56:53 - [MESSAGE][PASSED] - Delayed 1 second(s)

2022-06-09 19:56:53 - [TEST_STEP][PASSED] - setText(findTestObject("1. Constant/xpath", ["xpath":"//*[@id="var_name"]"]), ref_name): Text 'P10_Auto_SAS_S15_1je58juin092022_195652' is set on object 'Object Repository/1. Constant/xpath'

2022-06-09 19:56:54 - [MESSAGE][PASSED] - Text 'P10_Auto_SAS_S15_1je58juin092022_195652' is set on object 'Object Repository/1. Constant/xpath'

2022-06-09 19:56:54 - [TEST_STEP][PASSED] - takeScreenshot(): Taking screenshot successfully

2022-06-09 19:56:54 - [MESSAGE][PASSED] - Taking screenshot successfully
[[ATTACHMENT|D:\\Projet Test Auto\\Mediabox Test Automation\\Reports\\20220609_181011\\03. Parallel Testing (Testing)\\TS -PT PART 3\\14.03 Dreyers Support Action (Ongoing _ Completed ref) - PART 3\\20220609_181101\\1654797414391.png]]

2022-06-09 19:56:54 - [TEST_STEP][PASSED] - click(findTestObject("1. Constant/xpath", ["xpath":"//*[@id="createRefBottom"]"])): Object: 'Object Repository/1. Constant/xpath' is clicked on

2022-06-09 19:56:57 - [MESSAGE][PASSED] - Object: 'Object Repository/1. Constant/xpath' is clicked on

2022-06-09 19:56:57 - [TEST_STEP][PASSED] - delay(1): Delayed 1 second(s)

2022-06-09 19:56:58 - [MESSAGE][PASSED] - Delayed 1 second(s)

2022-06-09 19:56:58 - [TEST_STEP][PASSED] - takeScreenshot(): Taking screenshot successfully

2022-06-09 19:56:59 - [MESSAGE][PASSED] - Taking screenshot successfully
[[ATTACHMENT|D:\\Projet Test Auto\\Mediabox Test Automation\\Reports\\20220609_181011\\03. Parallel Testing (Testing)\\TS -PT PART 3\\14.03 Dreyers Support Action (Ongoing _ Completed ref) - PART 3\\20220609_181101\\1654797419026.png]]

2022-06-09 19:56:59 - [TEST_STEP][PASSED] - refID10 = I.RefID(): Current window's url is: 'http://mdb-release.diadeis.lan/MediaboxIndependence/Base/ExecAction?IDSession=MBI%21RELTESTAUTO_DREYERS%21ZAGLGYCZF15LU9I4ZA39VHZH5N4R7SR3MO5OZOFP&default_action=ModifierRef&id_project=MI000876&id_ref=5268&action_from=create_ref'

2022-06-09 19:57:04 - [MESSAGE][PASSED] - Delayed 5 second(s)

2022-06-09 19:57:04 - [MESSAGE][PASSED] - Current window's url is: 'http://mdb-release.diadeis.lan/MediaboxIndependence/Base/ExecAction?IDSession=MBI%21RELTESTAUTO_DREYERS%21ZAGLGYCZF15LU9I4ZA39VHZH5N4R7SR3MO5OZOFP&default_action=ModifierRef&id_project=MI000876&id_ref=5268&action_from=create_ref'

2022-06-09 19:57:04 - [TEST_STEP][PASSED] - click(findTestObject("1. Constant/xpath", ["xpath":"//*[@id="type_save"]"])): Object: 'Object Repository/1. Constant/xpath' is clicked on

2022-06-09 19:57:07 - [MESSAGE][PASSED] - Object: 'Object Repository/1. Constant/xpath' is clicked on

2022-06-09 19:57:07 - [TEST_STEP][PASSED] - takeScreenshot(): Taking screenshot successfully

2022-06-09 19:57:08 - [MESSAGE][PASSED] - Taking screenshot successfully
[[ATTACHMENT|D:\\Projet Test Auto\\Mediabox Test Automation\\Reports\\20220609_181011\\03. Parallel Testing (Testing)\\TS -PT PART 3\\14.03 Dreyers Support Action (Ongoing _ Completed ref) - PART 3\\20220609_181101\\1654797427951.png]]

2022-06-09 19:57:08 - [TEST_STEP][PASSED] - delay(1): Delayed 1 second(s)

2022-06-09 19:57:09 - [MESSAGE][PASSED] - Delayed 1 second(s)

2022-06-09 19:57:09 - [TEST_STEP][PASSED] - I.SearchRefNo_xpath("P10_Auto", "//*[@id="fiche_filter_keywords11"]", "//*[@id="form_filters"]/div[3]/button"): Delayed 5 second(s)

2022-06-09 19:57:10 - [MESSAGE][PASSED] - Delayed 1 second(s)

2022-06-09 19:57:12 - [MESSAGE][PASSED] - Text 'P10_Auto' is set on object 'Object Repository/1. Constant/xpath'

2022-06-09 19:57:15 - [MESSAGE][PASSED] - Delayed 3 second(s)

2022-06-09 19:57:15 - [MESSAGE][PASSED] - Scroll to object 'Object Repository/1. Constant/xpath' successfully

2022-06-09 19:57:18 - [MESSAGE][PASSED] - Object: 'Object Repository/1. Constant/xpath' is clicked on

2022-06-09 19:57:23 - [MESSAGE][PASSED] - Delayed 5 second(s)

2022-06-09 19:57:23 - [TEST_STEP][PASSED] - click(findTestObject("1. Constant/xpath", ["xpath":"//*[@id="source_" + refID10 + ""]/td[14]/a[3]"])): Object: 'Object Repository/1. Constant/xpath' is clicked on

2022-06-09 19:57:25 - [MESSAGE][PASSED] - Object: 'Object Repository/1. Constant/xpath' is clicked on

2022-06-09 19:57:25 - [TEST_STEP][PASSED] - click(findTestObject("1. Constant/xpath", ["xpath":"//*[@id="ModifFiche"]/div[1]/div/button[2]"])): Object: 'Object Repository/1. Constant/xpath' is clicked on

2022-06-09 19:57:28 - [MESSAGE][PASSED] - Object: 'Object Repository/1. Constant/xpath' is clicked on

2022-06-09 19:57:28 - [TEST_STEP][PASSED] - takeScreenshot(): Taking screenshot successfully

2022-06-09 19:57:28 - [MESSAGE][PASSED] - Taking screenshot successfully
[[ATTACHMENT|D:\\Projet Test Auto\\Mediabox Test Automation\\Reports\\20220609_181011\\03. Parallel Testing (Testing)\\TS -PT PART 3\\14.03 Dreyers Support Action (Ongoing _ Completed ref) - PART 3\\20220609_181101\\1654797448673.png]]

2022-06-09 19:57:28 - [TEST_STEP][PASSED] - delay(1): Delayed 1 second(s)

2022-06-09 19:57:29 - [MESSAGE][PASSED] - Delayed 1 second(s)

2022-06-09 19:57:29 - [TEST_STEP][PASSED] - click(findTestObject("1. Constant/xpath", ["xpath":"//*[@id="source_" + refID10 + ""]/td[14]/a[3]"])): Object: 'Object Repository/1. Constant/xpath' is clicked on

2022-06-09 19:57:31 - [MESSAGE][PASSED] - Object: 'Object Repository/1. Constant/xpath' is clicked on

2022-06-09 19:57:31 - [TEST_STEP][PASSED] - click(findTestObject("1. Constant/xpath", ["xpath":"//*[@id="ModifFiche"]/div[1]/div/button[2]"])): Object: 'Object Repository/1. Constant/xpath' is clicked on

2022-06-09 19:57:36 - [MESSAGE][PASSED] - Object: 'Object Repository/1. Constant/xpath' is clicked on

2022-06-09 19:57:36 - [TEST_STEP][PASSED] - takeScreenshot(): Taking screenshot successfully

2022-06-09 19:57:37 - [MESSAGE][PASSED] - Taking screenshot successfully
[[ATTACHMENT|D:\\Projet Test Auto\\Mediabox Test Automation\\Reports\\20220609_181011\\03. Parallel Testing (Testing)\\TS -PT PART 3\\14.03 Dreyers Support Action (Ongoing _ Completed ref) - PART 3\\20220609_181101\\1654797457051.png]]

2022-06-09 19:57:37 - [TEST_STEP][PASSED] - delay(1): Delayed 1 second(s)

2022-06-09 19:57:38 - [MESSAGE][PASSED] - Delayed 1 second(s)

2022-06-09 19:57:38 - [TEST_STEP][PASSED] - color1 = getCSSValue(findTestObject("1. Constant/xpath", ["xpath":"//*[@id="source_" + refID10 + ""]/td[14]/a[2]"]), "color", OPTIONAL): Get CSS 'color' value on 'Object Repository/1. Constant/xpath' successfully: 'rgba(255, 255, 255, 1)'.

2022-06-09 19:57:38 - [MESSAGE][PASSED] - Get CSS 'color' value on 'Object Repository/1. Constant/xpath' successfully: 'rgba(255, 255, 255, 1)'.

2022-06-09 19:57:38 - [TEST_STEP][PASSED] - I.print(color1): null

2022-06-09 19:57:39 - [TEST_STEP][PASSED] - while (color1 == "rgba(255, 255, 255, 1)"): Get CSS 'color' value on 'Object Repository/1. Constant/xpath' successfully: 'rgba(54, 153, 255, 1)'.

2022-06-09 19:57:39 - [TEST_STEP][PASSED] - click(findTestObject("1. Constant/xpath", ["xpath":"//*[@id="source_" + refID10 + ""]/td[14]/a[2]"])): Object: 'Object Repository/1. Constant/xpath' is clicked on

2022-06-09 19:57:40 - [MESSAGE][PASSED] - Object: 'Object Repository/1. Constant/xpath' is clicked on

2022-06-09 19:57:40 - [TEST_STEP][PASSED] - I.UploadDoc_sendkey_Prod(findTestObject("1. Constant/xpath", ["xpath":"//*[@id="kt_body"]/input[2]"]), "D:\Upoad_File\Upload doc\testdata1.pdf", "testdata1"): Delayed 5 second(s)

2022-06-09 19:57:40 - [MESSAGE][PASSED] - Scroll to object 'Object Repository/1. Constant/xpath' successfully

2022-06-09 19:57:45 - [MESSAGE][PASSED] - Delayed 5 second(s)

2022-06-09 19:57:45 - [MESSAGE][PASSED] - File 'D:\Upoad_File\Upload doc\testdata1.pdf' sent to object: 'Object Repository/1. Constant/xpath'

2022-06-09 19:57:50 - [MESSAGE][PASSED] - Delayed 5 second(s)

2022-06-09 19:57:50 - [MESSAGE][PASSED] - Text 'testdata1' is present on page 

2022-06-09 19:57:55 - [MESSAGE][PASSED] - Delayed 5 second(s)

2022-06-09 19:58:00 - [MESSAGE][PASSED] - Delayed 5 second(s)

2022-06-09 19:58:00 - [TEST_STEP][PASSED] - takeScreenshot(): Taking screenshot successfully

2022-06-09 19:58:01 - [MESSAGE][PASSED] - Taking screenshot successfully
[[ATTACHMENT|D:\\Projet Test Auto\\Mediabox Test Automation\\Reports\\20220609_181011\\03. Parallel Testing (Testing)\\TS -PT PART 3\\14.03 Dreyers Support Action (Ongoing _ Completed ref) - PART 3\\20220609_181101\\1654797480909.png]]

2022-06-09 19:58:01 - [TEST_STEP][PASSED] - delay(8): Delayed 8 second(s)

2022-06-09 19:58:09 - [MESSAGE][PASSED] - Delayed 8 second(s)

2022-06-09 19:58:09 - [TEST_STEP][PASSED] - click(findTestObject("HL Full Lifecycle/12 ReferncePage_Button_Updatensenddoc")): Object: 'Object Repository/HL Full Lifecycle/12 ReferncePage_Button_Updatensenddoc' is clicked on

2022-06-09 19:58:14 - [MESSAGE][PASSED] - Object: 'Object Repository/HL Full Lifecycle/12 ReferncePage_Button_Updatensenddoc' is clicked on

2022-06-09 19:58:14 - [TEST_STEP][PASSED] - delay(5): Delayed 5 second(s)

2022-06-09 19:58:19 - [MESSAGE][PASSED] - Delayed 5 second(s)

2022-06-09 19:58:19 - [TEST_STEP][PASSED] - color1 = getCSSValue(findTestObject("1. Constant/xpath", ["xpath":"//*[@id="source_" + refID10 + ""]/td[14]/a[2]"]), "color", OPTIONAL): Get CSS 'color' value on 'Object Repository/1. Constant/xpath' successfully: 'rgba(54, 153, 255, 1)'.

2022-06-09 19:58:19 - [MESSAGE][PASSED] - Get CSS 'color' value on 'Object Repository/1. Constant/xpath' successfully: 'rgba(54, 153, 255, 1)'.

2022-06-09 19:58:19 - [TEST_STEP][PASSED] - takeScreenshot(): Taking screenshot successfully

2022-06-09 19:58:20 - [MESSAGE][PASSED] - Taking screenshot successfully
[[ATTACHMENT|D:\\Projet Test Auto\\Mediabox Test Automation\\Reports\\20220609_181011\\03. Parallel Testing (Testing)\\TS -PT PART 3\\14.03 Dreyers Support Action (Ongoing _ Completed ref) - PART 3\\20220609_181101\\1654797499782.png]]

2022-06-09 19:58:20 - [TEST_STEP][PASSED] - click(findTestObject("1. Constant/xpath", ["xpath":"//*[@id="source_" + refID10 + ""]/td[6]/a"])): Object: 'Object Repository/1. Constant/xpath' is clicked on

2022-06-09 19:58:24 - [MESSAGE][PASSED] - Object: 'Object Repository/1. Constant/xpath' is clicked on

2022-06-09 19:58:24 - [TEST_STEP][PASSED] - takeScreenshot(): Taking screenshot successfully

2022-06-09 19:58:25 - [MESSAGE][PASSED] - Taking screenshot successfully
[[ATTACHMENT|D:\\Projet Test Auto\\Mediabox Test Automation\\Reports\\20220609_181011\\03. Parallel Testing (Testing)\\TS -PT PART 3\\14.03 Dreyers Support Action (Ongoing _ Completed ref) - PART 3\\20220609_181101\\1654797504700.png]]

2022-06-09 19:58:25 - [TEST_STEP][PASSED] - delay(1): Delayed 1 second(s)

2022-06-09 19:58:26 - [MESSAGE][PASSED] - Delayed 1 second(s)

2022-06-09 19:58:26 - [TEST_STEP][PASSED] - I.Approveforothers("/html/body/div[1]/div[2]/div[8]/div[3]/div/div[3]/div[2]/div/div[3]/div/div[2]/div[1]/div/div[2]/div/div[2]/div[2]/div/div/div[1]/img", "/html/body/div[1]/div[2]/div[8]/div[3]/div/div[3]/div[2]/div/div[3]/div/div[2]/div[1]/div/div[2]/div/div[2]/div[2]/div/div/div[6]/a[2]/span"): Object: 'Object Repository/1. Constant/xpath' is clicked on

2022-06-09 19:58:27 - [MESSAGE][PASSED] - Object: 'Object Repository/1. Constant/xpath' is clicked on

2022-06-09 19:58:28 - [MESSAGE][PASSED] - Delayed 1 second(s)

2022-06-09 19:58:29 - [MESSAGE][PASSED] - Object: 'Object Repository/1. Constant/xpath' is clicked on

2022-06-09 19:58:30 - [MESSAGE][PASSED] - Delayed 1 second(s)

2022-06-09 19:58:31 - [MESSAGE][PASSED] - Object: 'Object Repository/1. Constant/xpath' is hovered

2022-06-09 19:58:31 - [MESSAGE][PASSED] - Object: 'Object Repository/1. Constant/xpath' is clicked on

2022-06-09 19:58:32 - [MESSAGE][PASSED] - Delayed 1 second(s)

2022-06-09 19:58:36 - [MESSAGE][PASSED] - Object: 'Object Repository/1. Constant/xpath' is clicked on

2022-06-09 19:58:36 - [TEST_STEP][PASSED] - delay(1): Delayed 1 second(s)

2022-06-09 19:58:37 - [MESSAGE][PASSED] - Delayed 1 second(s)

2022-06-09 19:58:37 - [TEST_STEP][PASSED] - click(findTestObject("1. Constant/xpath", ["xpath":"//*[@id="kt_subheader"]/div/nav/ol/li[2]/a"])): Object: 'Object Repository/1. Constant/xpath' is clicked on

2022-06-09 19:58:40 - [MESSAGE][PASSED] - Object: 'Object Repository/1. Constant/xpath' is clicked on

2022-06-09 19:58:40 - [TEST_STEP][PASSED] - delay(1): Delayed 1 second(s)

2022-06-09 19:58:41 - [MESSAGE][PASSED] - Delayed 1 second(s)

2022-06-09 19:58:41 - [TEST_STEP][PASSED] - I.submitquesiton_ref(findTestObject("1. Constant/xpath", ["xpath":"//*[@id="source_" + refID10 + ""]/td[14]/div[1]/button"]), findTestObject("1. Constant/xpath", ["xpath":"//*[@id="source_" + refID10 + ""]/td[14]/div[1]/div/a[1]"])): Object: 'Object Repository/1. Constant/xpath' is clicked on

2022-06-09 19:58:42 - [MESSAGE][PASSED] - Object: 'Object Repository/1. Constant/xpath' is clicked on

2022-06-09 19:58:45 - [MESSAGE][PASSED] - Delayed 3 second(s)

2022-06-09 19:58:46 - [MESSAGE][PASSED] - Object: 'Object Repository/1. Constant/xpath' is clicked on

2022-06-09 19:58:46 - [TEST_STEP][PASSED] - click(findTestObject("1. Constant/xpath", ["xpath":"//*[@id="ModifFiche"]/div[1]/div/button[2]"])): Object: 'Object Repository/1. Constant/xpath' is clicked on

2022-06-09 19:58:52 - [MESSAGE][PASSED] - Object: 'Object Repository/1. Constant/xpath' is clicked on

2022-06-09 19:58:52 - [TEST_STEP][PASSED] - takeScreenshot(): Taking screenshot successfully

2022-06-09 19:58:52 - [MESSAGE][PASSED] - Taking screenshot successfully
[[ATTACHMENT|D:\\Projet Test Auto\\Mediabox Test Automation\\Reports\\20220609_181011\\03. Parallel Testing (Testing)\\TS -PT PART 3\\14.03 Dreyers Support Action (Ongoing _ Completed ref) - PART 3\\20220609_181101\\1654797532281.png]]

2022-06-09 19:58:52 - [TEST_STEP][PASSED] - I.submitquesiton_ref(findTestObject("1. Constant/xpath", ["xpath":"//*[@id="source_" + refID10 + ""]/td[14]/div[1]/button"]), findTestObject("1. Constant/xpath", ["xpath":"//*[@id="source_" + refID10 + ""]/td[14]/div[1]/div/a[1]"])): Object: 'Object Repository/1. Constant/xpath' is clicked on

2022-06-09 19:58:52 - [MESSAGE][PASSED] - Object: 'Object Repository/1. Constant/xpath' is clicked on

2022-06-09 19:58:55 - [MESSAGE][PASSED] - Delayed 3 second(s)

2022-06-09 19:58:58 - [MESSAGE][PASSED] - Object: 'Object Repository/1. Constant/xpath' is clicked on

2022-06-09 19:58:58 - [TEST_STEP][PASSED] - click(findTestObject("1. Constant/xpath", ["xpath":"//*[@id="ModifFiche"]/div[1]/div/button[2]"])): Object: 'Object Repository/1. Constant/xpath' is clicked on

2022-06-09 19:59:04 - [MESSAGE][PASSED] - Object: 'Object Repository/1. Constant/xpath' is clicked on

2022-06-09 19:59:04 - [TEST_STEP][PASSED] - takeScreenshot(): Taking screenshot successfully

2022-06-09 19:59:04 - [MESSAGE][PASSED] - Taking screenshot successfully
[[ATTACHMENT|D:\\Projet Test Auto\\Mediabox Test Automation\\Reports\\20220609_181011\\03. Parallel Testing (Testing)\\TS -PT PART 3\\14.03 Dreyers Support Action (Ongoing _ Completed ref) - PART 3\\20220609_181101\\1654797544358.png]]

2022-06-09 19:59:04 - [TEST_STEP][PASSED] - click(findTestObject("1. Constant/xpath", ["xpath":"//*[@id="source_" + refID10 + ""]/td[14]/a[3]"])): Object: 'Object Repository/1. Constant/xpath' is clicked on

2022-06-09 19:59:06 - [MESSAGE][PASSED] - Object: 'Object Repository/1. Constant/xpath' is clicked on

2022-06-09 19:59:06 - [TEST_STEP][PASSED] - click(findTestObject("1. Constant/xpath", ["xpath":"//*[@id="ModifFiche"]/div[1]/div/button[2]"])): Object: 'Object Repository/1. Constant/xpath' is clicked on

2022-06-09 19:59:10 - [MESSAGE][PASSED] - Object: 'Object Repository/1. Constant/xpath' is clicked on

2022-06-09 19:59:10 - [TEST_STEP][PASSED] - takeScreenshot(): Taking screenshot successfully

2022-06-09 19:59:11 - [MESSAGE][PASSED] - Taking screenshot successfully
[[ATTACHMENT|D:\\Projet Test Auto\\Mediabox Test Automation\\Reports\\20220609_181011\\03. Parallel Testing (Testing)\\TS -PT PART 3\\14.03 Dreyers Support Action (Ongoing _ Completed ref) - PART 3\\20220609_181101\\1654797550768.png]]

2022-06-09 19:59:11 - [TEST_STEP][PASSED] - click(findTestObject("1. Constant/xpath", ["xpath":"//*[@id="source_" + refID10 + ""]/td[14]/a[3]"])): Object: 'Object Repository/1. Constant/xpath' is clicked on

2022-06-09 19:59:12 - [MESSAGE][PASSED] - Object: 'Object Repository/1. Constant/xpath' is clicked on

2022-06-09 19:59:12 - [TEST_STEP][PASSED] - click(findTestObject("1. Constant/xpath", ["xpath":"//*[@id="ModifFiche"]/div[1]/div/button[2]"])): Object: 'Object Repository/1. Constant/xpath' is clicked on

2022-06-09 19:59:16 - [MESSAGE][PASSED] - Object: 'Object Repository/1. Constant/xpath' is clicked on

2022-06-09 19:59:16 - [TEST_STEP][PASSED] - takeScreenshot(): Taking screenshot successfully

2022-06-09 19:59:16 - [MESSAGE][PASSED] - Taking screenshot successfully
[[ATTACHMENT|D:\\Projet Test Auto\\Mediabox Test Automation\\Reports\\20220609_181011\\03. Parallel Testing (Testing)\\TS -PT PART 3\\14.03 Dreyers Support Action (Ongoing _ Completed ref) - PART 3\\20220609_181101\\1654797556410.png]]

2022-06-09 19:59:16 - [TEST_STEP][PASSED] - click(findTestObject("1. Constant/xpath", ["xpath":"//*[@id="source_" + refID10 + ""]/td[14]/div[1]/button"])): Object: 'Object Repository/1. Constant/xpath' is clicked on

2022-06-09 19:59:17 - [MESSAGE][PASSED] - Object: 'Object Repository/1. Constant/xpath' is clicked on

2022-06-09 19:59:17 - [TEST_STEP][PASSED] - delay(1): Delayed 1 second(s)

2022-06-09 19:59:18 - [MESSAGE][PASSED] - Delayed 1 second(s)

2022-06-09 19:59:18 - [TEST_STEP][PASSED] - takeScreenshot(): Taking screenshot successfully

2022-06-09 19:59:18 - [MESSAGE][PASSED] - Taking screenshot successfully
[[ATTACHMENT|D:\\Projet Test Auto\\Mediabox Test Automation\\Reports\\20220609_181011\\03. Parallel Testing (Testing)\\TS -PT PART 3\\14.03 Dreyers Support Action (Ongoing _ Completed ref) - PART 3\\20220609_181101\\1654797558231.png]]

2022-06-09 19:59:18 - [TEST_STEP][PASSED] - delay(1): Delayed 1 second(s)

2022-06-09 19:59:19 - [MESSAGE][PASSED] - Delayed 1 second(s)

2022-06-09 19:59:19 - [TEST_STEP][PASSED] - x = 20: null

2022-06-09 19:59:19 - [TEST_STEP][PASSED] - i = 1: null

2022-06-09 19:59:19 - [TEST_STEP][PASSED] - while (i <= x): null

2022-06-09 19:59:19 - [TEST_STEP][PASSED] - Expected_SAS_Selected = "SAS: S15 - Add Step Group A & C": null

2022-06-09 19:59:19 - [TEST_STEP][PASSED] - xpath_SAS = "//*[@id="source_" + refID10 + ""]/td[14]/div[1]/div/a[" + i + "]": null

2022-06-09 19:59:19 - [TEST_STEP][PASSED] - Actual_SAS = getText(findTestObject("1. Constant/xpath", ["xpath":xpath_SAS])): Text of object 'Object Repository/1. Constant/xpath' is: 'SAS S21 - Add Step Group C&A / Skip P3.4 [Complete]'

2022-06-09 19:59:19 - [MESSAGE][PASSED] - Text of object 'Object Repository/1. Constant/xpath' is: 'SAS S21 - Add Step Group C&A / Skip P3.4 [Complete]'

2022-06-09 19:59:19 - [TEST_STEP][PASSED] - I.print(i): null

2022-06-09 19:59:19 - [TEST_STEP][PASSED] - if (Actual_SAS.contains(Expected_SAS_Selected)): null

2022-06-09 19:59:19 - [TEST_STEP][PASSED] - i = i + 1: null

2022-06-09 19:59:19 - [TEST_STEP][PASSED] - Expected_SAS_Selected = "SAS: S15 - Add Step Group A & C": null

2022-06-09 19:59:19 - [TEST_STEP][PASSED] - xpath_SAS = "//*[@id="source_" + refID10 + ""]/td[14]/div[1]/div/a[" + i + "]": null

2022-06-09 19:59:19 - [TEST_STEP][PASSED] - Actual_SAS = getText(findTestObject("1. Constant/xpath", ["xpath":xpath_SAS])): Text of object 'Object Repository/1. Constant/xpath' is: 'SAS: S6 - Add Steps C'

2022-06-09 19:59:19 - [MESSAGE][PASSED] - Text of object 'Object Repository/1. Constant/xpath' is: 'SAS: S6 - Add Steps C'

2022-06-09 19:59:19 - [TEST_STEP][PASSED] - I.print(i): null

2022-06-09 19:59:19 - [TEST_STEP][PASSED] - if (Actual_SAS.contains(Expected_SAS_Selected)): null

2022-06-09 19:59:19 - [TEST_STEP][PASSED] - i = i + 1: null

2022-06-09 19:59:19 - [TEST_STEP][PASSED] - Expected_SAS_Selected = "SAS: S15 - Add Step Group A & C": null

2022-06-09 19:59:19 - [TEST_STEP][PASSED] - xpath_SAS = "//*[@id="source_" + refID10 + ""]/td[14]/div[1]/div/a[" + i + "]": null

2022-06-09 19:59:19 - [TEST_STEP][PASSED] - Actual_SAS = getText(findTestObject("1. Constant/xpath", ["xpath":xpath_SAS])): Text of object 'Object Repository/1. Constant/xpath' is: 'SAS: S14 - Add Step group (SAS Lifecycle - SAS Step C)'

2022-06-09 19:59:19 - [MESSAGE][PASSED] - Text of object 'Object Repository/1. Constant/xpath' is: 'SAS: S14 - Add Step group (SAS Lifecycle - SAS Step C)'

2022-06-09 19:59:19 - [TEST_STEP][PASSED] - I.print(i): null

2022-06-09 19:59:19 - [TEST_STEP][PASSED] - if (Actual_SAS.contains(Expected_SAS_Selected)): null

2022-06-09 19:59:19 - [TEST_STEP][PASSED] - i = i + 1: null

2022-06-09 19:59:19 - [TEST_STEP][PASSED] - Expected_SAS_Selected = "SAS: S15 - Add Step Group A & C": null

2022-06-09 19:59:19 - [TEST_STEP][PASSED] - xpath_SAS = "//*[@id="source_" + refID10 + ""]/td[14]/div[1]/div/a[" + i + "]": null

2022-06-09 19:59:19 - [TEST_STEP][PASSED] - Actual_SAS = getText(findTestObject("1. Constant/xpath", ["xpath":xpath_SAS])): Text of object 'Object Repository/1. Constant/xpath' is: 'SAS: S15 - Add Step Group A & C'

2022-06-09 19:59:20 - [MESSAGE][PASSED] - Text of object 'Object Repository/1. Constant/xpath' is: 'SAS: S15 - Add Step Group A & C'

2022-06-09 19:59:20 - [TEST_STEP][PASSED] - I.print(i): null

2022-06-09 19:59:20 - [TEST_STEP][PASSED] - if (Actual_SAS.contains(Expected_SAS_Selected)): null

2022-06-09 19:59:20 - [TEST_STEP][PASSED] - click(findTestObject("1. Constant/xpath", ["xpath":xpath_SAS])): Object: 'Object Repository/1. Constant/xpath' is clicked on

2022-06-09 19:59:20 - [MESSAGE][PASSED] - Object: 'Object Repository/1. Constant/xpath' is clicked on

2022-06-09 19:59:20 - [TEST_STEP][PASSED] - break: null

2022-06-09 19:59:20 - [TEST_STEP][PASSED] - takeScreenshot(): Taking screenshot successfully

2022-06-09 19:59:20 - [MESSAGE][PASSED] - Taking screenshot successfully
[[ATTACHMENT|D:\\Projet Test Auto\\Mediabox Test Automation\\Reports\\20220609_181011\\03. Parallel Testing (Testing)\\TS -PT PART 3\\14.03 Dreyers Support Action (Ongoing _ Completed ref) - PART 3\\20220609_181101\\1654797560414.png]]

2022-06-09 19:59:20 - [TEST_STEP][PASSED] - click(findTestObject("1. Constant/xpath", ["xpath":"//*[@id="confirmSupportActionShortcut"]"])): Object: 'Object Repository/1. Constant/xpath' is clicked on

2022-06-09 19:59:26 - [MESSAGE][PASSED] - Object: 'Object Repository/1. Constant/xpath' is clicked on

2022-06-09 19:59:26 - [TEST_STEP][PASSED] - takeScreenshot(): Taking screenshot successfully

2022-06-09 19:59:27 - [MESSAGE][PASSED] - Taking screenshot successfully
[[ATTACHMENT|D:\\Projet Test Auto\\Mediabox Test Automation\\Reports\\20220609_181011\\03. Parallel Testing (Testing)\\TS -PT PART 3\\14.03 Dreyers Support Action (Ongoing _ Completed ref) - PART 3\\20220609_181101\\1654797566588.png]]

2022-06-09 19:59:27 - [TEST_STEP][PASSED] - click(findTestObject("1. Constant/xpath", ["xpath":"//*[@id="kt_content"]/div[3]/div/ul/li[3]/a"])): Object: 'Object Repository/1. Constant/xpath' is clicked on

2022-06-09 19:59:28 - [MESSAGE][PASSED] - Object: 'Object Repository/1. Constant/xpath' is clicked on

2022-06-09 19:59:28 - [TEST_STEP][PASSED] - takeScreenshot(): Taking screenshot successfully

2022-06-09 19:59:29 - [MESSAGE][PASSED] - Taking screenshot successfully
[[ATTACHMENT|D:\\Projet Test Auto\\Mediabox Test Automation\\Reports\\20220609_181011\\03. Parallel Testing (Testing)\\TS -PT PART 3\\14.03 Dreyers Support Action (Ongoing _ Completed ref) - PART 3\\20220609_181101\\1654797569099.png]]

2022-06-09 19:59:29 - [TEST_STEP][PASSED] - StepC_1 = getAttribute(findTestObject("1. Constant/xpath", ["xpath":"/html/body/div[1]/div[2]/div[8]/div[3]/div/div[3]/div[3]/div/ul/li[3]/a"]), "class"): Attribute 'class' of object 'Object Repository/1. Constant/xpath' is: 'nav-link timeline-badge badge-xl  bg-pending active'

2022-06-09 19:59:29 - [MESSAGE][PASSED] - Attribute 'class' of object 'Object Repository/1. Constant/xpath' is: 'nav-link timeline-badge badge-xl  bg-pending active'

2022-06-09 19:59:29 - [TEST_STEP][PASSED] - verifyMatch(StepC_1, "nav-link timeline-badge badge-xl  bg-pending active", false): Actual text 'nav-link timeline-badge badge-xl  bg-pending active' and expected text 'nav-link timeline-badge badge-xl  bg-pending active' are matched 

2022-06-09 19:59:29 - [MESSAGE][PASSED] - Actual text 'nav-link timeline-badge badge-xl  bg-pending active' and expected text 'nav-link timeline-badge badge-xl  bg-pending active' are matched 

2022-06-09 19:59:29 - [TEST_STEP][PASSED] - StepC_11 = I.Get_Stepname("/html/body/div[1]/div[2]/div[8]/div[3]/div/div[3]/div[3]/div/ul/li[3]/a"): Attribute 'href' of object 'Object Repository/1. Constant/xpath' is: 'http://mdb-release.diadeis.lan/MediaboxIndependence/Base/ExecAction?action=VoirRef&IDSession=MBI!RELTESTAUTO_DREYERS!ZAGLGYCZF15LU9I4ZA39VHZH5N4R7SR3MO5OZOFP&num=6X8B7MVVVI&id_ref=5268#tab_lifecycle_SASStepC_12163'

2022-06-09 19:59:34 - [MESSAGE][PASSED] - Delayed 5 second(s)

2022-06-09 19:59:34 - [MESSAGE][PASSED] - Attribute 'href' of object 'Object Repository/1. Constant/xpath' is: 'http://mdb-release.diadeis.lan/MediaboxIndependence/Base/ExecAction?action=VoirRef&IDSession=MBI!RELTESTAUTO_DREYERS!ZAGLGYCZF15LU9I4ZA39VHZH5N4R7SR3MO5OZOFP&num=6X8B7MVVVI&id_ref=5268#tab_lifecycle_SASStepC_12163'

2022-06-09 19:59:34 - [TEST_STEP][PASSED] - verifyMatch(StepC_11, "SASStepC", false): Actual text 'SASStepC' and expected text 'SASStepC' are matched 

2022-06-09 19:59:34 - [MESSAGE][PASSED] - Actual text 'SASStepC' and expected text 'SASStepC' are matched 

2022-06-09 19:59:34 - [TEST_STEP][PASSED] - Started_StepCP5_1 = getText(findTestObject("1. Constant/xpath", ["xpath":"/html/body/div[1]/div[2]/div[8]/div[3]/div/div[3]/div[3]/div/div/div[3]/div/div[5]/div/div[2]/div[1]"])): Text of object 'Object Repository/1. Constant/xpath' is: 'Started 06/09/22 01:59 PM'

2022-06-09 19:59:34 - [MESSAGE][PASSED] - Text of object 'Object Repository/1. Constant/xpath' is: 'Started 06/09/22 01:59 PM'

2022-06-09 19:59:34 - [TEST_STEP][PASSED] - if (Started_StepCP5_1.contains("Started")): Actual object '1' and expected object '1' are equal

2022-06-09 19:59:34 - [TEST_STEP][PASSED] - verifyEqual(1, 1): Actual object '1' and expected object '1' are equal

2022-06-09 19:59:34 - [MESSAGE][PASSED] - Actual object '1' and expected object '1' are equal

2022-06-09 19:59:34 - [TEST_STEP][PASSED] - verifyElementNotPresent(findTestObject("1. Constant/xpath", ["xpath":"/html/body/div[1]/div[2]/div[8]/div[3]/div/div[3]/div[3]/div/div/div[3]/div/div[6]"]), 10): Web element with id: 'Object Repository/1. Constant/xpath' located by 'By.xpath: /html/body/div[1]/div[2]/div[8]/div[3]/div/div[3]/div[3]/div/div/div[3]/div/div[6]' is not present after '10' second(s)

2022-06-09 19:59:35 - [MESSAGE][PASSED] - Web element with id: 'Object Repository/1. Constant/xpath' located by 'By.xpath: /html/body/div[1]/div[2]/div[8]/div[3]/div/div[3]/div[3]/div/div/div[3]/div/div[6]' is not present after '10' second(s)

2022-06-09 19:59:35 - [TEST_STEP][PASSED] - StepA_2 = getAttribute(findTestObject("1. Constant/xpath", ["xpath":"/html/body/div[1]/div[2]/div[8]/div[3]/div/div[3]/div[3]/div/ul/li[4]/a"]), "class"): Attribute 'class' of object 'Object Repository/1. Constant/xpath' is: 'nav-link timeline-badge badge-xl  bg-waiting '

2022-06-09 19:59:36 - [MESSAGE][PASSED] - Attribute 'class' of object 'Object Repository/1. Constant/xpath' is: 'nav-link timeline-badge badge-xl  bg-waiting '

2022-06-09 19:59:36 - [TEST_STEP][PASSED] - verifyMatch(StepA_2, "nav-link timeline-badge badge-xl  bg-waiting ", false): Actual text 'nav-link timeline-badge badge-xl  bg-waiting ' and expected text 'nav-link timeline-badge badge-xl  bg-waiting ' are matched 

2022-06-09 19:59:36 - [MESSAGE][PASSED] - Actual text 'nav-link timeline-badge badge-xl  bg-waiting ' and expected text 'nav-link timeline-badge badge-xl  bg-waiting ' are matched 

2022-06-09 19:59:36 - [TEST_STEP][PASSED] - StepA_22 = I.Get_Stepname("/html/body/div[1]/div[2]/div[8]/div[3]/div/div[3]/div[3]/div/ul/li[4]/a"): Attribute 'href' of object 'Object Repository/1. Constant/xpath' is: 'http://mdb-release.diadeis.lan/MediaboxIndependence/Base/ExecAction?action=VoirRef&IDSession=MBI!RELTESTAUTO_DREYERS!ZAGLGYCZF15LU9I4ZA39VHZH5N4R7SR3MO5OZOFP&num=6X8B7MVVVI&id_ref=5268#tab_lifecycle_SASStepA_12167'

2022-06-09 19:59:41 - [MESSAGE][PASSED] - Delayed 5 second(s)

2022-06-09 19:59:41 - [MESSAGE][PASSED] - Attribute 'href' of object 'Object Repository/1. Constant/xpath' is: 'http://mdb-release.diadeis.lan/MediaboxIndependence/Base/ExecAction?action=VoirRef&IDSession=MBI!RELTESTAUTO_DREYERS!ZAGLGYCZF15LU9I4ZA39VHZH5N4R7SR3MO5OZOFP&num=6X8B7MVVVI&id_ref=5268#tab_lifecycle_SASStepA_12167'

2022-06-09 19:59:41 - [TEST_STEP][PASSED] - verifyMatch(StepA_22, "SASStepA", false): Actual text 'SASStepA' and expected text 'SASStepA' are matched 

2022-06-09 19:59:41 - [MESSAGE][PASSED] - Actual text 'SASStepA' and expected text 'SASStepA' are matched 

2022-06-09 19:59:41 - [TEST_STEP][PASSED] - StepC_3 = getAttribute(findTestObject("1. Constant/xpath", ["xpath":"/html/body/div[1]/div[2]/div[8]/div[3]/div/div[3]/div[3]/div/ul/li[5]/a"]), "class"): Attribute 'class' of object 'Object Repository/1. Constant/xpath' is: 'nav-link timeline-badge badge-xl  bg-waiting '

2022-06-09 19:59:41 - [MESSAGE][PASSED] - Attribute 'class' of object 'Object Repository/1. Constant/xpath' is: 'nav-link timeline-badge badge-xl  bg-waiting '

2022-06-09 19:59:41 - [TEST_STEP][PASSED] - verifyMatch(StepC_3, "nav-link timeline-badge badge-xl  bg-waiting ", false): Actual text 'nav-link timeline-badge badge-xl  bg-waiting ' and expected text 'nav-link timeline-badge badge-xl  bg-waiting ' are matched 

2022-06-09 19:59:41 - [MESSAGE][PASSED] - Actual text 'nav-link timeline-badge badge-xl  bg-waiting ' and expected text 'nav-link timeline-badge badge-xl  bg-waiting ' are matched 

2022-06-09 19:59:41 - [TEST_STEP][PASSED] - StepC_33 = I.Get_Stepname("/html/body/div[1]/div[2]/div[8]/div[3]/div/div[3]/div[3]/div/ul/li[5]/a"): Attribute 'href' of object 'Object Repository/1. Constant/xpath' is: 'http://mdb-release.diadeis.lan/MediaboxIndependence/Base/ExecAction?action=VoirRef&IDSession=MBI!RELTESTAUTO_DREYERS!ZAGLGYCZF15LU9I4ZA39VHZH5N4R7SR3MO5OZOFP&num=6X8B7MVVVI&id_ref=5268#tab_lifecycle_SASStepC_12168'

2022-06-09 19:59:46 - [MESSAGE][PASSED] - Delayed 5 second(s)

2022-06-09 19:59:46 - [MESSAGE][PASSED] - Attribute 'href' of object 'Object Repository/1. Constant/xpath' is: 'http://mdb-release.diadeis.lan/MediaboxIndependence/Base/ExecAction?action=VoirRef&IDSession=MBI!RELTESTAUTO_DREYERS!ZAGLGYCZF15LU9I4ZA39VHZH5N4R7SR3MO5OZOFP&num=6X8B7MVVVI&id_ref=5268#tab_lifecycle_SASStepC_12168'

2022-06-09 19:59:46 - [TEST_STEP][PASSED] - verifyMatch(StepC_33, "SASStepC", false): Actual text 'SASStepC' and expected text 'SASStepC' are matched 

2022-06-09 19:59:46 - [MESSAGE][PASSED] - Actual text 'SASStepC' and expected text 'SASStepC' are matched 

2022-06-09 19:59:46 - [TEST_STEP][PASSED] - click(findTestObject("1. Constant/xpath", ["xpath":"/html/body/div[1]/div[2]/div[8]/div[2]/div/nav/ol/li[2]/a"])): Object: 'Object Repository/1. Constant/xpath' is clicked on

2022-06-09 19:59:49 - [MESSAGE][PASSED] - Object: 'Object Repository/1. Constant/xpath' is clicked on

2022-06-09 19:59:49 - [TEST_STEP][PASSED] - takeScreenshot(): Taking screenshot successfully

2022-06-09 19:59:49 - [MESSAGE][PASSED] - Taking screenshot successfully
[[ATTACHMENT|D:\\Projet Test Auto\\Mediabox Test Automation\\Reports\\20220609_181011\\03. Parallel Testing (Testing)\\TS -PT PART 3\\14.03 Dreyers Support Action (Ongoing _ Completed ref) - PART 3\\20220609_181101\\1654797589624.png]]

2022-06-09 19:59:49 - [TEST_STEP][PASSED] - delay(1): Delayed 1 second(s)

2022-06-09 19:59:50 - [MESSAGE][PASSED] - Delayed 1 second(s)

2022-06-09 19:59:50 - [TEST_STEP][PASSED] - color2 = getCSSValue(findTestObject("1. Constant/xpath", ["xpath":"//*[@id="source_" + refID10 + ""]/td[14]/a[2]"]), "color", OPTIONAL): Get CSS 'color' value on 'Object Repository/1. Constant/xpath' successfully: 'rgba(255, 255, 255, 1)'.

2022-06-09 19:59:51 - [MESSAGE][PASSED] - Get CSS 'color' value on 'Object Repository/1. Constant/xpath' successfully: 'rgba(255, 255, 255, 1)'.

2022-06-09 19:59:51 - [TEST_STEP][PASSED] - I.print(color2): null

2022-06-09 19:59:51 - [TEST_STEP][PASSED] - while (color2 == "rgba(255, 255, 255, 1)"): Get CSS 'color' value on 'Object Repository/1. Constant/xpath' successfully: 'rgba(54, 153, 255, 1)'.

2022-06-09 19:59:51 - [TEST_STEP][PASSED] - click(findTestObject("1. Constant/xpath", ["xpath":"//*[@id="source_" + refID10 + ""]/td[14]/a[2]"])): Object: 'Object Repository/1. Constant/xpath' is clicked on

2022-06-09 19:59:52 - [MESSAGE][PASSED] - Object: 'Object Repository/1. Constant/xpath' is clicked on

2022-06-09 19:59:52 - [TEST_STEP][PASSED] - selectOptionByValue(findTestObject("1. Constant/xpath", ["xpath":"//*[@id="id_approval_flow_tpl"]"]), "80", false): All options with value '80' are selected in object 'Object Repository/1. Constant/xpath' 

2022-06-09 19:59:53 - [MESSAGE][PASSED] - All options with value '80' are selected in object 'Object Repository/1. Constant/xpath' 

2022-06-09 19:59:53 - [TEST_STEP][PASSED] - I.UploadDoc_sendkey_Prod(findTestObject("1. Constant/xpath", ["xpath":"//*[@id="kt_body"]/input[2]"]), "D:\Upoad_File\Upload doc\testdata1.jpg", "testdata1"): Delayed 5 second(s)

2022-06-09 19:59:53 - [MESSAGE][PASSED] - Scroll to object 'Object Repository/1. Constant/xpath' successfully

2022-06-09 19:59:58 - [MESSAGE][PASSED] - Delayed 5 second(s)

2022-06-09 19:59:59 - [MESSAGE][PASSED] - File 'D:\Upoad_File\Upload doc\testdata1.jpg' sent to object: 'Object Repository/1. Constant/xpath'

2022-06-09 20:00:04 - [MESSAGE][PASSED] - Delayed 5 second(s)

2022-06-09 20:00:04 - [MESSAGE][PASSED] - Text 'testdata1' is present on page 

2022-06-09 20:00:09 - [MESSAGE][PASSED] - Delayed 5 second(s)

2022-06-09 20:00:14 - [MESSAGE][PASSED] - Delayed 5 second(s)

2022-06-09 20:00:14 - [TEST_STEP][PASSED] - takeScreenshot(): Taking screenshot successfully

2022-06-09 20:00:14 - [MESSAGE][PASSED] - Taking screenshot successfully
[[ATTACHMENT|D:\\Projet Test Auto\\Mediabox Test Automation\\Reports\\20220609_181011\\03. Parallel Testing (Testing)\\TS -PT PART 3\\14.03 Dreyers Support Action (Ongoing _ Completed ref) - PART 3\\20220609_181101\\1654797614609.png]]

2022-06-09 20:00:14 - [TEST_STEP][PASSED] - delay(8): Delayed 8 second(s)

2022-06-09 20:00:22 - [MESSAGE][PASSED] - Delayed 8 second(s)

2022-06-09 20:00:22 - [TEST_STEP][PASSED] - click(findTestObject("HL Full Lifecycle/12 ReferncePage_Button_Updatensenddoc")): Object: 'Object Repository/HL Full Lifecycle/12 ReferncePage_Button_Updatensenddoc' is clicked on

2022-06-09 20:00:27 - [MESSAGE][PASSED] - Object: 'Object Repository/HL Full Lifecycle/12 ReferncePage_Button_Updatensenddoc' is clicked on

2022-06-09 20:00:27 - [TEST_STEP][PASSED] - delay(5): Delayed 5 second(s)

2022-06-09 20:00:32 - [MESSAGE][PASSED] - Delayed 5 second(s)

2022-06-09 20:00:32 - [TEST_STEP][PASSED] - color2 = getCSSValue(findTestObject("1. Constant/xpath", ["xpath":"//*[@id="source_" + refID10 + ""]/td[14]/a[2]"]), "color", OPTIONAL): Get CSS 'color' value on 'Object Repository/1. Constant/xpath' successfully: 'rgba(54, 153, 255, 1)'.

2022-06-09 20:00:32 - [MESSAGE][PASSED] - Get CSS 'color' value on 'Object Repository/1. Constant/xpath' successfully: 'rgba(54, 153, 255, 1)'.

2022-06-09 20:00:32 - [TEST_STEP][PASSED] - takeScreenshot(): Taking screenshot successfully

2022-06-09 20:00:33 - [MESSAGE][PASSED] - Taking screenshot successfully
[[ATTACHMENT|D:\\Projet Test Auto\\Mediabox Test Automation\\Reports\\20220609_181011\\03. Parallel Testing (Testing)\\TS -PT PART 3\\14.03 Dreyers Support Action (Ongoing _ Completed ref) - PART 3\\20220609_181101\\1654797632958.png]]

2022-06-09 20:00:33 - [TEST_STEP][PASSED] - click(findTestObject("1. Constant/xpath", ["xpath":"//*[@id="source_" + refID10 + ""]/td[6]/a"])): Object: 'Object Repository/1. Constant/xpath' is clicked on

2022-06-09 20:00:37 - [MESSAGE][PASSED] - Object: 'Object Repository/1. Constant/xpath' is clicked on

2022-06-09 20:00:37 - [TEST_STEP][PASSED] - takeScreenshot(): Taking screenshot successfully

2022-06-09 20:00:37 - [MESSAGE][PASSED] - Taking screenshot successfully
[[ATTACHMENT|D:\\Projet Test Auto\\Mediabox Test Automation\\Reports\\20220609_181011\\03. Parallel Testing (Testing)\\TS -PT PART 3\\14.03 Dreyers Support Action (Ongoing _ Completed ref) - PART 3\\20220609_181101\\1654797637241.png]]

2022-06-09 20:00:37 - [TEST_STEP][PASSED] - delay(1): Delayed 1 second(s)

2022-06-09 20:00:38 - [MESSAGE][PASSED] - Delayed 1 second(s)

2022-06-09 20:00:38 - [TEST_STEP][PASSED] - I.Approveforothers("/html/body/div[1]/div[2]/div[8]/div[3]/div/div[3]/div[2]/div/div[3]/div/div[2]/div[1]/div/div[2]/div/div[2]/div[2]/div/div/div[1]/img", "/html/body/div[1]/div[2]/div[8]/div[3]/div/div[3]/div[2]/div/div[3]/div/div[2]/div[1]/div/div[2]/div/div[2]/div[2]/div/div/div[6]/a[2]/span"): Object: 'Object Repository/1. Constant/xpath' is clicked on

2022-06-09 20:00:39 - [MESSAGE][PASSED] - Object: 'Object Repository/1. Constant/xpath' is clicked on

2022-06-09 20:00:40 - [MESSAGE][PASSED] - Delayed 1 second(s)

2022-06-09 20:00:41 - [MESSAGE][PASSED] - Object: 'Object Repository/1. Constant/xpath' is clicked on

2022-06-09 20:00:42 - [MESSAGE][PASSED] - Delayed 1 second(s)

2022-06-09 20:00:43 - [MESSAGE][PASSED] - Object: 'Object Repository/1. Constant/xpath' is hovered

2022-06-09 20:00:43 - [MESSAGE][PASSED] - Object: 'Object Repository/1. Constant/xpath' is clicked on

2022-06-09 20:00:44 - [MESSAGE][PASSED] - Delayed 1 second(s)

2022-06-09 20:00:49 - [MESSAGE][PASSED] - Object: 'Object Repository/1. Constant/xpath' is clicked on

2022-06-09 20:00:49 - [TEST_STEP][PASSED] - delay(1): Delayed 1 second(s)

2022-06-09 20:00:50 - [MESSAGE][PASSED] - Delayed 1 second(s)

2022-06-09 20:00:50 - [TEST_STEP][PASSED] - takeScreenshot(): Taking screenshot successfully

2022-06-09 20:00:51 - [MESSAGE][PASSED] - Taking screenshot successfully
[[ATTACHMENT|D:\\Projet Test Auto\\Mediabox Test Automation\\Reports\\20220609_181011\\03. Parallel Testing (Testing)\\TS -PT PART 3\\14.03 Dreyers Support Action (Ongoing _ Completed ref) - PART 3\\20220609_181101\\1654797650872.png]]

2022-06-09 20:00:51 - [TEST_STEP][PASSED] - I.Logout(): Delayed 3 second(s)

2022-06-09 20:00:54 - [MESSAGE][PASSED] - Delayed 3 second(s)

2022-06-09 20:00:54 - [MESSAGE][PASSED] - Object: 'Object Repository/1. Constant/xpath' is clicked on

2022-06-09 20:00:57 - [MESSAGE][PASSED] - Delayed 3 second(s)

2022-06-09 20:01:00 - [MESSAGE][PASSED] - Object: 'Object Repository/1. Constant/xpath' is clicked on

2022-06-09 20:01:03 - [MESSAGE][PASSED] - Delayed 3 second(s)

2022-06-09 20:01:03 - [TEST_STEP][PASSED] - I.Login_password("nturner", password_nturner): Object: 'Object Repository/1. Constant/xpath' is clicked on

2022-06-09 20:01:05 - [MESSAGE][PASSED] - Text 'nturner' is set on object 'Object Repository/1. Constant/xpath'

2022-06-09 20:01:06 - [MESSAGE][PASSED] - Delayed 1 second(s)

2022-06-09 20:01:07 - [MESSAGE][PASSED] - Text 'diadeis1' is set on object 'Object Repository/1. Constant/xpath'

2022-06-09 20:01:08 - [MESSAGE][PASSED] - Delayed 1 second(s)

2022-06-09 20:01:11 - [MESSAGE][PASSED] - Object: 'Object Repository/1. Constant/xpath' is clicked on

2022-06-09 20:01:11 - [TEST_STEP][PASSED] - click(findTestObject("1. Constant/02_LHSMenu_Projects")): Object: 'Object Repository/1. Constant/02_LHSMenu_Projects' is clicked on

2022-06-09 20:01:14 - [MESSAGE][PASSED] - Object: 'Object Repository/1. Constant/02_LHSMenu_Projects' is clicked on

2022-06-09 20:01:14 - [TEST_STEP][PASSED] - I.SearchProjectNo_xpath(Project_No, "//*[@id="keynum_project"]", "//*[@id="form_filters"]/div[4]/button"): Delayed 5 second(s)

2022-06-09 20:01:15 - [MESSAGE][PASSED] - Delayed 1 second(s)

2022-06-09 20:01:15 - [MESSAGE][PASSED] - Text 'MI000876' is set on object 'Object Repository/1. Constant/xpath'

2022-06-09 20:01:18 - [MESSAGE][PASSED] - Delayed 3 second(s)

2022-06-09 20:01:18 - [MESSAGE][PASSED] - Scroll to object 'Object Repository/1. Constant/xpath' successfully

2022-06-09 20:01:22 - [MESSAGE][PASSED] - Object: 'Object Repository/1. Constant/xpath' is clicked on

2022-06-09 20:01:27 - [MESSAGE][PASSED] - Delayed 5 second(s)

2022-06-09 20:01:27 - [TEST_STEP][PASSED] - takeScreenshot(): Taking screenshot successfully

2022-06-09 20:01:27 - [MESSAGE][PASSED] - Taking screenshot successfully
[[ATTACHMENT|D:\\Projet Test Auto\\Mediabox Test Automation\\Reports\\20220609_181011\\03. Parallel Testing (Testing)\\TS -PT PART 3\\14.03 Dreyers Support Action (Ongoing _ Completed ref) - PART 3\\20220609_181101\\1654797687228.png]]

2022-06-09 20:01:27 - [TEST_STEP][PASSED] - I.SearchRefNo_xpath("P10_Auto", "//*[@id="fiche_filter_keywords11"]", "//*[@id="form_filters"]/div[3]/button"): Delayed 5 second(s)

2022-06-09 20:01:28 - [MESSAGE][PASSED] - Delayed 1 second(s)

2022-06-09 20:01:29 - [MESSAGE][PASSED] - Text 'P10_Auto' is set on object 'Object Repository/1. Constant/xpath'

2022-06-09 20:01:32 - [MESSAGE][PASSED] - Delayed 3 second(s)

2022-06-09 20:01:32 - [MESSAGE][PASSED] - Scroll to object 'Object Repository/1. Constant/xpath' successfully

2022-06-09 20:01:34 - [MESSAGE][PASSED] - Object: 'Object Repository/1. Constant/xpath' is clicked on

2022-06-09 20:01:39 - [MESSAGE][PASSED] - Delayed 5 second(s)

2022-06-09 20:01:39 - [TEST_STEP][PASSED] - delay(1): Delayed 1 second(s)

2022-06-09 20:01:40 - [MESSAGE][PASSED] - Delayed 1 second(s)

2022-06-09 20:01:40 - [TEST_STEP][PASSED] - Lifecycle_Status2 = getText(findTestObject("1. Constant/xpath", ["xpath":"//*[@id="source_" + refID10 + ""]/td[12]/span[1]"])): Text of object 'Object Repository/1. Constant/xpath' is: 'Phase 1.1 [Standard]'

2022-06-09 20:01:41 - [MESSAGE][PASSED] - Text of object 'Object Repository/1. Constant/xpath' is: 'Phase 1.1 [Standard]'

2022-06-09 20:01:41 - [TEST_STEP][PASSED] - verifyMatch(Lifecycle_Status2, "Phase 1.1 [Standard]", false): Actual text 'Phase 1.1 [Standard]' and expected text 'Phase 1.1 [Standard]' are matched 

2022-06-09 20:01:41 - [MESSAGE][PASSED] - Actual text 'Phase 1.1 [Standard]' and expected text 'Phase 1.1 [Standard]' are matched 

2022-06-09 20:01:41 - [TEST_STEP][PASSED] - I.Logout(): Delayed 3 second(s)

2022-06-09 20:01:44 - [MESSAGE][PASSED] - Delayed 3 second(s)

2022-06-09 20:01:44 - [MESSAGE][PASSED] - Object: 'Object Repository/1. Constant/xpath' is clicked on

2022-06-09 20:01:47 - [MESSAGE][PASSED] - Delayed 3 second(s)

2022-06-09 20:01:49 - [MESSAGE][PASSED] - Object: 'Object Repository/1. Constant/xpath' is clicked on

2022-06-09 20:01:52 - [MESSAGE][PASSED] - Delayed 3 second(s)

2022-06-09 20:01:52 - [TEST_STEP][PASSED] - I.Login_password("blemco", password_blemco): Object: 'Object Repository/1. Constant/xpath' is clicked on

2022-06-09 20:01:52 - [MESSAGE][PASSED] - Text 'blemco' is set on object 'Object Repository/1. Constant/xpath'

2022-06-09 20:01:53 - [MESSAGE][PASSED] - Delayed 1 second(s)

2022-06-09 20:01:54 - [MESSAGE][PASSED] - Text 'diadeis1' is set on object 'Object Repository/1. Constant/xpath'

2022-06-09 20:01:55 - [MESSAGE][PASSED] - Delayed 1 second(s)

2022-06-09 20:01:59 - [MESSAGE][PASSED] - Object: 'Object Repository/1. Constant/xpath' is clicked on

2022-06-09 20:01:59 - [TEST_STEP][PASSED] - click(findTestObject("1. Constant/02_LHSMenu_Projects")): Object: 'Object Repository/1. Constant/02_LHSMenu_Projects' is clicked on

2022-06-09 20:02:03 - [MESSAGE][PASSED] - Object: 'Object Repository/1. Constant/02_LHSMenu_Projects' is clicked on

2022-06-09 20:02:03 - [TEST_STEP][PASSED] - I.SearchProjectNo_xpath(Project_No, "//*[@id="keynum_project"]", "//*[@id="form_filters"]/div[4]/button"): Delayed 5 second(s)

2022-06-09 20:02:04 - [MESSAGE][PASSED] - Delayed 1 second(s)

2022-06-09 20:02:04 - [MESSAGE][PASSED] - Text 'MI000876' is set on object 'Object Repository/1. Constant/xpath'

2022-06-09 20:02:07 - [MESSAGE][PASSED] - Delayed 3 second(s)

2022-06-09 20:02:08 - [MESSAGE][PASSED] - Scroll to object 'Object Repository/1. Constant/xpath' successfully

2022-06-09 20:02:13 - [MESSAGE][PASSED] - Object: 'Object Repository/1. Constant/xpath' is clicked on

2022-06-09 20:02:18 - [MESSAGE][PASSED] - Delayed 5 second(s)

2022-06-09 20:02:18 - [TEST_STEP][PASSED] - takeScreenshot(): Taking screenshot successfully

2022-06-09 20:02:18 - [MESSAGE][PASSED] - Taking screenshot successfully
[[ATTACHMENT|D:\\Projet Test Auto\\Mediabox Test Automation\\Reports\\20220609_181011\\03. Parallel Testing (Testing)\\TS -PT PART 3\\14.03 Dreyers Support Action (Ongoing _ Completed ref) - PART 3\\20220609_181101\\1654797738309.png]]

2022-06-09 20:02:18 - [TEST_STEP][PASSED] - I.SearchRefNo_xpath("P10_Auto", "//*[@id="fiche_filter_keywords11"]", "//*[@id="form_filters"]/div[3]/button"): Delayed 5 second(s)

2022-06-09 20:02:19 - [MESSAGE][PASSED] - Delayed 1 second(s)

2022-06-09 20:02:20 - [MESSAGE][PASSED] - Text 'P10_Auto' is set on object 'Object Repository/1. Constant/xpath'

2022-06-09 20:02:23 - [MESSAGE][PASSED] - Delayed 3 second(s)

2022-06-09 20:02:23 - [MESSAGE][PASSED] - Scroll to object 'Object Repository/1. Constant/xpath' successfully

2022-06-09 20:02:25 - [MESSAGE][PASSED] - Object: 'Object Repository/1. Constant/xpath' is clicked on

2022-06-09 20:02:30 - [MESSAGE][PASSED] - Delayed 5 second(s)

2022-06-09 20:02:30 - [TEST_STEP][PASSED] - takeScreenshot(): Taking screenshot successfully

2022-06-09 20:02:31 - [MESSAGE][PASSED] - Taking screenshot successfully
[[ATTACHMENT|D:\\Projet Test Auto\\Mediabox Test Automation\\Reports\\20220609_181011\\03. Parallel Testing (Testing)\\TS -PT PART 3\\14.03 Dreyers Support Action (Ongoing _ Completed ref) - PART 3\\20220609_181101\\1654797750906.png]]

2022-06-09 20:02:31 - [TEST_STEP][PASSED] - click(findTestObject("1. Constant/xpath", ["xpath":"//*[@id="source_" + refID10 + ""]/td[13]/a[3]"])): Object: 'Object Repository/1. Constant/xpath' is clicked on

2022-06-09 20:02:32 - [MESSAGE][PASSED] - Object: 'Object Repository/1. Constant/xpath' is clicked on

2022-06-09 20:02:32 - [TEST_STEP][PASSED] - click(findTestObject("1. Constant/xpath", ["xpath":"//*[@id="ModifFiche"]/div[1]/div/button[2]"])): Object: 'Object Repository/1. Constant/xpath' is clicked on

2022-06-09 20:02:36 - [MESSAGE][PASSED] - Object: 'Object Repository/1. Constant/xpath' is clicked on

2022-06-09 20:02:36 - [TEST_STEP][PASSED] - Lifecycle_Status3 = getText(findTestObject("1. Constant/xpath", ["xpath":"//*[@id="source_" + refID10 + ""]/td[12]/span[1]"])): Text of object 'Object Repository/1. Constant/xpath' is: 'Phase 1.2 [Standard Phase]'

2022-06-09 20:02:36 - [MESSAGE][PASSED] - Text of object 'Object Repository/1. Constant/xpath' is: 'Phase 1.2 [Standard Phase]'

2022-06-09 20:02:36 - [TEST_STEP][PASSED] - verifyMatch(Lifecycle_Status3, "Phase 1.2 [Standard Phase]", false): Actual text 'Phase 1.2 [Standard Phase]' and expected text 'Phase 1.2 [Standard Phase]' are matched 

2022-06-09 20:02:36 - [MESSAGE][PASSED] - Actual text 'Phase 1.2 [Standard Phase]' and expected text 'Phase 1.2 [Standard Phase]' are matched 

2022-06-09 20:02:36 - [TEST_STEP][PASSED] - I.Logout(): Delayed 3 second(s)

2022-06-09 20:02:39 - [MESSAGE][PASSED] - Delayed 3 second(s)

2022-06-09 20:02:40 - [MESSAGE][PASSED] - Object: 'Object Repository/1. Constant/xpath' is clicked on

2022-06-09 20:02:43 - [MESSAGE][PASSED] - Delayed 3 second(s)

2022-06-09 20:02:44 - [MESSAGE][PASSED] - Object: 'Object Repository/1. Constant/xpath' is clicked on

2022-06-09 20:02:47 - [MESSAGE][PASSED] - Delayed 3 second(s)

2022-06-09 20:02:47 - [TEST_STEP][PASSED] - I.Login_password("nturner", password_nturner): Object: 'Object Repository/1. Constant/xpath' is clicked on

2022-06-09 20:02:47 - [MESSAGE][PASSED] - Text 'nturner' is set on object 'Object Repository/1. Constant/xpath'

2022-06-09 20:02:48 - [MESSAGE][PASSED] - Delayed 1 second(s)

2022-06-09 20:02:49 - [MESSAGE][PASSED] - Text 'diadeis1' is set on object 'Object Repository/1. Constant/xpath'

2022-06-09 20:02:50 - [MESSAGE][PASSED] - Delayed 1 second(s)

2022-06-09 20:02:54 - [MESSAGE][PASSED] - Object: 'Object Repository/1. Constant/xpath' is clicked on

2022-06-09 20:02:54 - [TEST_STEP][PASSED] - click(findTestObject("1. Constant/02_LHSMenu_Projects")): Object: 'Object Repository/1. Constant/02_LHSMenu_Projects' is clicked on

2022-06-09 20:02:56 - [MESSAGE][PASSED] - Object: 'Object Repository/1. Constant/02_LHSMenu_Projects' is clicked on

2022-06-09 20:02:56 - [TEST_STEP][PASSED] - I.SearchProjectNo_xpath(Project_No, "//*[@id="keynum_project"]", "//*[@id="form_filters"]/div[4]/button"): Delayed 5 second(s)

2022-06-09 20:02:57 - [MESSAGE][PASSED] - Delayed 1 second(s)

2022-06-09 20:02:58 - [MESSAGE][PASSED] - Text 'MI000876' is set on object 'Object Repository/1. Constant/xpath'

2022-06-09 20:03:01 - [MESSAGE][PASSED] - Delayed 3 second(s)

2022-06-09 20:03:01 - [MESSAGE][PASSED] - Scroll to object 'Object Repository/1. Constant/xpath' successfully

2022-06-09 20:03:04 - [MESSAGE][PASSED] - Object: 'Object Repository/1. Constant/xpath' is clicked on

2022-06-09 20:03:09 - [MESSAGE][PASSED] - Delayed 5 second(s)

2022-06-09 20:03:09 - [TEST_STEP][PASSED] - takeScreenshot(): Taking screenshot successfully

2022-06-09 20:03:10 - [MESSAGE][PASSED] - Taking screenshot successfully
[[ATTACHMENT|D:\\Projet Test Auto\\Mediabox Test Automation\\Reports\\20220609_181011\\03. Parallel Testing (Testing)\\TS -PT PART 3\\14.03 Dreyers Support Action (Ongoing _ Completed ref) - PART 3\\20220609_181101\\1654797790135.png]]

2022-06-09 20:03:10 - [TEST_STEP][PASSED] - I.SearchRefNo_xpath("P10_Auto", "//*[@id="fiche_filter_keywords11"]", "//*[@id="form_filters"]/div[3]/button"): Delayed 5 second(s)

2022-06-09 20:03:11 - [MESSAGE][PASSED] - Delayed 1 second(s)

2022-06-09 20:03:12 - [MESSAGE][PASSED] - Text 'P10_Auto' is set on object 'Object Repository/1. Constant/xpath'

2022-06-09 20:03:15 - [MESSAGE][PASSED] - Delayed 3 second(s)

2022-06-09 20:03:15 - [MESSAGE][PASSED] - Scroll to object 'Object Repository/1. Constant/xpath' successfully

2022-06-09 20:03:18 - [MESSAGE][PASSED] - Object: 'Object Repository/1. Constant/xpath' is clicked on

2022-06-09 20:03:23 - [MESSAGE][PASSED] - Delayed 5 second(s)

2022-06-09 20:03:23 - [TEST_STEP][PASSED] - delay(1): Delayed 1 second(s)

2022-06-09 20:03:24 - [MESSAGE][PASSED] - Delayed 1 second(s)

2022-06-09 20:03:24 - [TEST_STEP][PASSED] - takeScreenshot(): Taking screenshot successfully

2022-06-09 20:03:24 - [MESSAGE][PASSED] - Taking screenshot successfully
[[ATTACHMENT|D:\\Projet Test Auto\\Mediabox Test Automation\\Reports\\20220609_181011\\03. Parallel Testing (Testing)\\TS -PT PART 3\\14.03 Dreyers Support Action (Ongoing _ Completed ref) - PART 3\\20220609_181101\\1654797804344.png]]

2022-06-09 20:03:24 - [TEST_STEP][PASSED] - click(findTestObject("1. Constant/xpath", ["xpath":"//*[@id="source_" + refID10 + ""]/td[13]/a[2]"])): Object: 'Object Repository/1. Constant/xpath' is clicked on

2022-06-09 20:03:27 - [MESSAGE][PASSED] - Object: 'Object Repository/1. Constant/xpath' is clicked on

2022-06-09 20:03:27 - [TEST_STEP][PASSED] - click(findTestObject("1. Constant/xpath", ["xpath":"//*[@id="ModifFiche"]/div[1]/div/button[2]"])): Object: 'Object Repository/1. Constant/xpath' is clicked on

2022-06-09 20:03:31 - [MESSAGE][PASSED] - Object: 'Object Repository/1. Constant/xpath' is clicked on

2022-06-09 20:03:31 - [TEST_STEP][PASSED] - Lifecycle_Status11 = getText(findTestObject("1. Constant/xpath", ["xpath":"//*[@id="source_" + refID10 + ""]/td[12]/span[1]"])): Text of object 'Object Repository/1. Constant/xpath' is: 'Phase 3.1 [Question]'

2022-06-09 20:03:32 - [MESSAGE][PASSED] - Text of object 'Object Repository/1. Constant/xpath' is: 'Phase 3.1 [Question]'

2022-06-09 20:03:32 - [TEST_STEP][PASSED] - verifyMatch(Lifecycle_Status11, "Phase 3.1 [Question]", false): Actual text 'Phase 3.1 [Question]' and expected text 'Phase 3.1 [Question]' are matched 

2022-06-09 20:03:32 - [MESSAGE][PASSED] - Actual text 'Phase 3.1 [Question]' and expected text 'Phase 3.1 [Question]' are matched 

2022-06-09 20:03:32 - [TEST_STEP][PASSED] - I.Logout(): Delayed 3 second(s)

2022-06-09 20:03:35 - [MESSAGE][PASSED] - Delayed 3 second(s)

2022-06-09 20:03:37 - [MESSAGE][PASSED] - Object: 'Object Repository/1. Constant/xpath' is clicked on

2022-06-09 20:03:40 - [MESSAGE][PASSED] - Delayed 3 second(s)

2022-06-09 20:03:43 - [MESSAGE][PASSED] - Object: 'Object Repository/1. Constant/xpath' is clicked on

2022-06-09 20:03:46 - [MESSAGE][PASSED] - Delayed 3 second(s)

2022-06-09 20:03:46 - [TEST_STEP][PASSED] - I.Login_password("talexeeva", password_talexeeva): Object: 'Object Repository/1. Constant/xpath' is clicked on

2022-06-09 20:03:47 - [MESSAGE][PASSED] - Text 'talexeeva' is set on object 'Object Repository/1. Constant/xpath'

2022-06-09 20:03:48 - [MESSAGE][PASSED] - Delayed 1 second(s)

2022-06-09 20:03:49 - [MESSAGE][PASSED] - Text 'diadeis2' is set on object 'Object Repository/1. Constant/xpath'

2022-06-09 20:03:50 - [MESSAGE][PASSED] - Delayed 1 second(s)

2022-06-09 20:03:53 - [MESSAGE][PASSED] - Object: 'Object Repository/1. Constant/xpath' is clicked on

2022-06-09 20:03:53 - [TEST_STEP][PASSED] - click(findTestObject("1. Constant/02_LHSMenu_Projects")): Object: 'Object Repository/1. Constant/02_LHSMenu_Projects' is clicked on

2022-06-09 20:03:55 - [MESSAGE][PASSED] - Object: 'Object Repository/1. Constant/02_LHSMenu_Projects' is clicked on

2022-06-09 20:03:55 - [TEST_STEP][PASSED] - I.SearchProjectNo_xpath(Project_No, "//*[@id="keynum_project"]", "//*[@id="form_filters"]/div[4]/button"): Delayed 5 second(s)

2022-06-09 20:03:56 - [MESSAGE][PASSED] - Delayed 1 second(s)

2022-06-09 20:03:57 - [MESSAGE][PASSED] - Text 'MI000876' is set on object 'Object Repository/1. Constant/xpath'

2022-06-09 20:04:00 - [MESSAGE][PASSED] - Delayed 3 second(s)

2022-06-09 20:04:00 - [MESSAGE][PASSED] - Scroll to object 'Object Repository/1. Constant/xpath' successfully

2022-06-09 20:04:04 - [MESSAGE][PASSED] - Object: 'Object Repository/1. Constant/xpath' is clicked on

2022-06-09 20:04:09 - [MESSAGE][PASSED] - Delayed 5 second(s)

2022-06-09 20:04:09 - [TEST_STEP][PASSED] - I.SearchRefNo_xpath("P10_Auto", "//*[@id="fiche_filter_keywords11"]", "//*[@id="form_filters"]/div[3]/button"): Delayed 5 second(s)

2022-06-09 20:04:10 - [MESSAGE][PASSED] - Delayed 1 second(s)

2022-06-09 20:04:12 - [MESSAGE][PASSED] - Text 'P10_Auto' is set on object 'Object Repository/1. Constant/xpath'

2022-06-09 20:04:15 - [MESSAGE][PASSED] - Delayed 3 second(s)

2022-06-09 20:04:15 - [MESSAGE][PASSED] - Scroll to object 'Object Repository/1. Constant/xpath' successfully

2022-06-09 20:04:17 - [MESSAGE][PASSED] - Object: 'Object Repository/1. Constant/xpath' is clicked on

2022-06-09 20:04:22 - [MESSAGE][PASSED] - Delayed 5 second(s)

2022-06-09 20:04:22 - [TEST_STEP][PASSED] - takeScreenshot(): Taking screenshot successfully

2022-06-09 20:04:22 - [MESSAGE][PASSED] - Taking screenshot successfully
[[ATTACHMENT|D:\\Projet Test Auto\\Mediabox Test Automation\\Reports\\20220609_181011\\03. Parallel Testing (Testing)\\TS -PT PART 3\\14.03 Dreyers Support Action (Ongoing _ Completed ref) - PART 3\\20220609_181101\\1654797862104.png]]

2022-06-09 20:04:22 - [TEST_STEP][PASSED] - I.submitquesiton_ref(findTestObject("1. Constant/xpath", ["xpath":"//*[@id="source_" + refID10 + ""]/td[13]/div[1]/button"]), findTestObject("1. Constant/xpath", ["xpath":"//*[@id="source_" + refID10 + ""]/td[13]/div[1]/div/a[1]"])): Object: 'Object Repository/1. Constant/xpath' is clicked on

2022-06-09 20:04:23 - [MESSAGE][PASSED] - Object: 'Object Repository/1. Constant/xpath' is clicked on

2022-06-09 20:04:26 - [MESSAGE][PASSED] - Delayed 3 second(s)

2022-06-09 20:04:27 - [MESSAGE][PASSED] - Object: 'Object Repository/1. Constant/xpath' is clicked on

2022-06-09 20:04:27 - [TEST_STEP][PASSED] - click(findTestObject("1. Constant/xpath", ["xpath":"//*[@id="ModifFiche"]/div[1]/div/button[2]"])): Object: 'Object Repository/1. Constant/xpath' is clicked on

2022-06-09 20:04:30 - [MESSAGE][PASSED] - Object: 'Object Repository/1. Constant/xpath' is clicked on

2022-06-09 20:04:30 - [TEST_STEP][PASSED] - takeScreenshot(): Taking screenshot successfully

2022-06-09 20:04:31 - [MESSAGE][PASSED] - Taking screenshot successfully
[[ATTACHMENT|D:\\Projet Test Auto\\Mediabox Test Automation\\Reports\\20220609_181011\\03. Parallel Testing (Testing)\\TS -PT PART 3\\14.03 Dreyers Support Action (Ongoing _ Completed ref) - PART 3\\20220609_181101\\1654797871458.png]]

2022-06-09 20:04:31 - [TEST_STEP][PASSED] - Lifecycle_Status22 = getText(findTestObject("1. Constant/xpath", ["xpath":"//*[@id="source_" + refID10 + ""]/td[12]/span[1]"])): Text of object 'Object Repository/1. Constant/xpath' is: 'Phase 3.2 [Question]'

2022-06-09 20:04:32 - [MESSAGE][PASSED] - Text of object 'Object Repository/1. Constant/xpath' is: 'Phase 3.2 [Question]'

2022-06-09 20:04:32 - [TEST_STEP][PASSED] - verifyMatch(Lifecycle_Status22, "Phase 3.2 [Question]", false): Actual text 'Phase 3.2 [Question]' and expected text 'Phase 3.2 [Question]' are matched 

2022-06-09 20:04:32 - [MESSAGE][PASSED] - Actual text 'Phase 3.2 [Question]' and expected text 'Phase 3.2 [Question]' are matched 

2022-06-09 20:04:32 - [TEST_STEP][PASSED] - I.Logout(): Delayed 3 second(s)

2022-06-09 20:04:35 - [MESSAGE][PASSED] - Delayed 3 second(s)

2022-06-09 20:04:35 - [MESSAGE][PASSED] - Object: 'Object Repository/1. Constant/xpath' is clicked on

2022-06-09 20:04:38 - [MESSAGE][PASSED] - Delayed 3 second(s)

2022-06-09 20:04:41 - [MESSAGE][PASSED] - Object: 'Object Repository/1. Constant/xpath' is clicked on

2022-06-09 20:04:44 - [MESSAGE][PASSED] - Delayed 3 second(s)

2022-06-09 20:04:44 - [TEST_STEP][PASSED] - I.Login_password("nturner", password_nturner): Object: 'Object Repository/1. Constant/xpath' is clicked on

2022-06-09 20:04:44 - [MESSAGE][PASSED] - Text 'nturner' is set on object 'Object Repository/1. Constant/xpath'

2022-06-09 20:04:45 - [MESSAGE][PASSED] - Delayed 1 second(s)

2022-06-09 20:04:48 - [MESSAGE][PASSED] - Text 'diadeis1' is set on object 'Object Repository/1. Constant/xpath'

2022-06-09 20:04:49 - [MESSAGE][PASSED] - Delayed 1 second(s)

2022-06-09 20:04:56 - [MESSAGE][PASSED] - Object: 'Object Repository/1. Constant/xpath' is clicked on

2022-06-09 20:04:56 - [TEST_STEP][PASSED] - click(findTestObject("1. Constant/02_LHSMenu_Projects")): Object: 'Object Repository/1. Constant/02_LHSMenu_Projects' is clicked on

2022-06-09 20:05:00 - [MESSAGE][PASSED] - Object: 'Object Repository/1. Constant/02_LHSMenu_Projects' is clicked on

2022-06-09 20:05:00 - [TEST_STEP][PASSED] - I.SearchProjectNo_xpath(Project_No, "//*[@id="keynum_project"]", "//*[@id="form_filters"]/div[4]/button"): Delayed 5 second(s)

2022-06-09 20:05:01 - [MESSAGE][PASSED] - Delayed 1 second(s)

2022-06-09 20:05:05 - [MESSAGE][PASSED] - Text 'MI000876' is set on object 'Object Repository/1. Constant/xpath'

2022-06-09 20:05:08 - [MESSAGE][PASSED] - Delayed 3 second(s)

2022-06-09 20:05:10 - [MESSAGE][PASSED] - Scroll to object 'Object Repository/1. Constant/xpath' successfully

2022-06-09 20:05:17 - [MESSAGE][PASSED] - Object: 'Object Repository/1. Constant/xpath' is clicked on

2022-06-09 20:05:22 - [MESSAGE][PASSED] - Delayed 5 second(s)

2022-06-09 20:05:22 - [TEST_STEP][PASSED] - takeScreenshot(): Taking screenshot successfully

2022-06-09 20:05:24 - [MESSAGE][PASSED] - Taking screenshot successfully
[[ATTACHMENT|D:\\Projet Test Auto\\Mediabox Test Automation\\Reports\\20220609_181011\\03. Parallel Testing (Testing)\\TS -PT PART 3\\14.03 Dreyers Support Action (Ongoing _ Completed ref) - PART 3\\20220609_181101\\1654797923302.png]]

2022-06-09 20:05:24 - [TEST_STEP][PASSED] - I.SearchRefNo_xpath("P10_Auto", "//*[@id="fiche_filter_keywords11"]", "//*[@id="form_filters"]/div[3]/button"): Delayed 5 second(s)

2022-06-09 20:05:25 - [MESSAGE][PASSED] - Delayed 1 second(s)

2022-06-09 20:05:30 - [MESSAGE][PASSED] - Text 'P10_Auto' is set on object 'Object Repository/1. Constant/xpath'

2022-06-09 20:05:33 - [MESSAGE][PASSED] - Delayed 3 second(s)

2022-06-09 20:05:35 - [MESSAGE][PASSED] - Scroll to object 'Object Repository/1. Constant/xpath' successfully

2022-06-09 20:05:40 - [MESSAGE][PASSED] - Object: 'Object Repository/1. Constant/xpath' is clicked on

2022-06-09 20:05:45 - [MESSAGE][PASSED] - Delayed 5 second(s)

2022-06-09 20:05:45 - [TEST_STEP][PASSED] - I.submitquesiton_ref(findTestObject("1. Constant/xpath", ["xpath":"//*[@id="source_" + refID10 + ""]/td[13]/div/button"]), findTestObject("1. Constant/xpath", ["xpath":"//*[@id="source_" + refID10 + ""]/td[13]/div/div/a[1]"])): Object: 'Object Repository/1. Constant/xpath' is clicked on

2022-06-09 20:05:47 - [MESSAGE][PASSED] - Object: 'Object Repository/1. Constant/xpath' is clicked on

2022-06-09 20:05:50 - [MESSAGE][PASSED] - Delayed 3 second(s)

2022-06-09 20:05:53 - [MESSAGE][PASSED] - Object: 'Object Repository/1. Constant/xpath' is clicked on

2022-06-09 20:05:53 - [TEST_STEP][PASSED] - click(findTestObject("1. Constant/xpath", ["xpath":"//*[@id="ModifFiche"]/div[1]/div/button[2]"])): Object: 'Object Repository/1. Constant/xpath' is clicked on

2022-06-09 20:05:59 - [MESSAGE][PASSED] - Object: 'Object Repository/1. Constant/xpath' is clicked on

2022-06-09 20:05:59 - [TEST_STEP][PASSED] - Lifecycle_Status33 = getText(findTestObject("1. Constant/xpath", ["xpath":"//*[@id="source_" + refID10 + ""]/td[12]/span[1]"])): Text of object 'Object Repository/1. Constant/xpath' is: 'Phase 3.3 [Standard]'

2022-06-09 20:06:00 - [MESSAGE][PASSED] - Text of object 'Object Repository/1. Constant/xpath' is: 'Phase 3.3 [Standard]'

2022-06-09 20:06:00 - [TEST_STEP][PASSED] - verifyMatch(Lifecycle_Status33, "Phase 3.3 [Standard]", false): Actual text 'Phase 3.3 [Standard]' and expected text 'Phase 3.3 [Standard]' are matched 

2022-06-09 20:06:00 - [MESSAGE][PASSED] - Actual text 'Phase 3.3 [Standard]' and expected text 'Phase 3.3 [Standard]' are matched 

2022-06-09 20:06:00 - [TEST_STEP][PASSED] - takeScreenshot(): Taking screenshot successfully

2022-06-09 20:06:02 - [MESSAGE][PASSED] - Taking screenshot successfully
[[ATTACHMENT|D:\\Projet Test Auto\\Mediabox Test Automation\\Reports\\20220609_181011\\03. Parallel Testing (Testing)\\TS -PT PART 3\\14.03 Dreyers Support Action (Ongoing _ Completed ref) - PART 3\\20220609_181101\\1654797961092.png]]

2022-06-09 20:06:02 - [TEST_STEP][PASSED] - I.Logout(): Delayed 3 second(s)

2022-06-09 20:06:05 - [MESSAGE][PASSED] - Delayed 3 second(s)

2022-06-09 20:06:06 - [MESSAGE][PASSED] - Object: 'Object Repository/1. Constant/xpath' is clicked on

2022-06-09 20:06:09 - [MESSAGE][PASSED] - Delayed 3 second(s)

2022-06-09 20:06:13 - [MESSAGE][PASSED] - Object: 'Object Repository/1. Constant/xpath' is clicked on

2022-06-09 20:06:16 - [MESSAGE][PASSED] - Delayed 3 second(s)

2022-06-09 20:06:16 - [TEST_STEP][PASSED] - I.Login_password("jryan", password_jryan): Object: 'Object Repository/1. Constant/xpath' is clicked on

2022-06-09 20:06:20 - [MESSAGE][PASSED] - Text 'jryan' is set on object 'Object Repository/1. Constant/xpath'

2022-06-09 20:06:21 - [MESSAGE][PASSED] - Delayed 1 second(s)

2022-06-09 20:06:24 - [MESSAGE][PASSED] - Text 'diadeis' is set on object 'Object Repository/1. Constant/xpath'

2022-06-09 20:06:25 - [MESSAGE][PASSED] - Delayed 1 second(s)

2022-06-09 20:06:32 - [MESSAGE][PASSED] - Object: 'Object Repository/1. Constant/xpath' is clicked on

2022-06-09 20:06:32 - [TEST_STEP][PASSED] - takeScreenshot(): Taking screenshot successfully

2022-06-09 20:06:32 - [MESSAGE][PASSED] - Taking screenshot successfully
[[ATTACHMENT|D:\\Projet Test Auto\\Mediabox Test Automation\\Reports\\20220609_181011\\03. Parallel Testing (Testing)\\TS -PT PART 3\\14.03 Dreyers Support Action (Ongoing _ Completed ref) - PART 3\\20220609_181101\\1654797992261.png]]

2022-06-09 20:06:32 - [TEST_STEP][PASSED] - click(findTestObject("1. Constant/02_LHSMenu_Projects")): Object: 'Object Repository/1. Constant/02_LHSMenu_Projects' is clicked on

2022-06-09 20:06:38 - [MESSAGE][PASSED] - Object: 'Object Repository/1. Constant/02_LHSMenu_Projects' is clicked on

2022-06-09 20:06:38 - [TEST_STEP][PASSED] - I.SearchProjectNo_xpath(Project_No, "//*[@id="keynum_project"]", "//*[@id="form_filters"]/div[4]/button"): Delayed 5 second(s)

2022-06-09 20:06:39 - [MESSAGE][PASSED] - Delayed 1 second(s)

2022-06-09 20:06:43 - [MESSAGE][PASSED] - Text 'MI000876' is set on object 'Object Repository/1. Constant/xpath'

2022-06-09 20:06:46 - [MESSAGE][PASSED] - Delayed 3 second(s)

2022-06-09 20:06:47 - [MESSAGE][PASSED] - Scroll to object 'Object Repository/1. Constant/xpath' successfully

2022-06-09 20:06:57 - [MESSAGE][PASSED] - Object: 'Object Repository/1. Constant/xpath' is clicked on

2022-06-09 20:07:02 - [MESSAGE][PASSED] - Delayed 5 second(s)

2022-06-09 20:07:02 - [TEST_STEP][PASSED] - takeScreenshot(): Taking screenshot successfully

2022-06-09 20:07:04 - [MESSAGE][PASSED] - Taking screenshot successfully
[[ATTACHMENT|D:\\Projet Test Auto\\Mediabox Test Automation\\Reports\\20220609_181011\\03. Parallel Testing (Testing)\\TS -PT PART 3\\14.03 Dreyers Support Action (Ongoing _ Completed ref) - PART 3\\20220609_181101\\1654798023167.png]]

2022-06-09 20:07:04 - [TEST_STEP][PASSED] - I.SearchRefNo_xpath("P10_Auto", "//*[@id="fiche_filter_keywords11"]", "//*[@id="form_filters"]/div[3]/button"): Delayed 5 second(s)

2022-06-09 20:07:05 - [MESSAGE][PASSED] - Delayed 1 second(s)

2022-06-09 20:07:06 - [MESSAGE][PASSED] - Text 'P10_Auto' is set on object 'Object Repository/1. Constant/xpath'

2022-06-09 20:07:09 - [MESSAGE][PASSED] - Delayed 3 second(s)

2022-06-09 20:07:10 - [MESSAGE][PASSED] - Scroll to object 'Object Repository/1. Constant/xpath' successfully

2022-06-09 20:07:12 - [MESSAGE][PASSED] - Object: 'Object Repository/1. Constant/xpath' is clicked on

2022-06-09 20:07:17 - [MESSAGE][PASSED] - Delayed 5 second(s)

2022-06-09 20:07:17 - [TEST_STEP][PASSED] - takeScreenshot(): Taking screenshot successfully

2022-06-09 20:07:17 - [MESSAGE][PASSED] - Taking screenshot successfully
[[ATTACHMENT|D:\\Projet Test Auto\\Mediabox Test Automation\\Reports\\20220609_181011\\03. Parallel Testing (Testing)\\TS -PT PART 3\\14.03 Dreyers Support Action (Ongoing _ Completed ref) - PART 3\\20220609_181101\\1654798037415.png]]

2022-06-09 20:07:17 - [TEST_STEP][PASSED] - click(findTestObject("1. Constant/xpath", ["xpath":"//*[@id="source_" + refID10 + ""]/td[14]/a[2]"])): Object: 'Object Repository/1. Constant/xpath' is clicked on

2022-06-09 20:07:19 - [MESSAGE][PASSED] - Object: 'Object Repository/1. Constant/xpath' is clicked on

2022-06-09 20:07:19 - [TEST_STEP][PASSED] - click(findTestObject("1. Constant/xpath", ["xpath":"//*[@id="ModifFiche"]/div[1]/div/button[2]"])): Object: 'Object Repository/1. Constant/xpath' is clicked on

2022-06-09 20:07:21 - [MESSAGE][PASSED] - Object: 'Object Repository/1. Constant/xpath' is clicked on

2022-06-09 20:07:21 - [TEST_STEP][PASSED] - Lifecycle_Status44 = getText(findTestObject("1. Constant/xpath", ["xpath":"//*[@id="source_" + refID10 + ""]/td[12]/span[1]"])): Text of object 'Object Repository/1. Constant/xpath' is: 'Phase 3.4 [Standard]'

2022-06-09 20:07:22 - [MESSAGE][PASSED] - Text of object 'Object Repository/1. Constant/xpath' is: 'Phase 3.4 [Standard]'

2022-06-09 20:07:22 - [TEST_STEP][PASSED] - verifyMatch(Lifecycle_Status44, "Phase 3.4 [Standard]", false): Actual text 'Phase 3.4 [Standard]' and expected text 'Phase 3.4 [Standard]' are matched 

2022-06-09 20:07:22 - [MESSAGE][PASSED] - Actual text 'Phase 3.4 [Standard]' and expected text 'Phase 3.4 [Standard]' are matched 

2022-06-09 20:07:22 - [TEST_STEP][PASSED] - takeScreenshot(): Taking screenshot successfully

2022-06-09 20:07:22 - [MESSAGE][PASSED] - Taking screenshot successfully
[[ATTACHMENT|D:\\Projet Test Auto\\Mediabox Test Automation\\Reports\\20220609_181011\\03. Parallel Testing (Testing)\\TS -PT PART 3\\14.03 Dreyers Support Action (Ongoing _ Completed ref) - PART 3\\20220609_181101\\1654798042099.png]]

2022-06-09 20:07:22 - [TEST_STEP][PASSED] - I.Logout(): Delayed 3 second(s)

2022-06-09 20:07:25 - [MESSAGE][PASSED] - Delayed 3 second(s)

2022-06-09 20:07:25 - [MESSAGE][PASSED] - Object: 'Object Repository/1. Constant/xpath' is clicked on

2022-06-09 20:07:28 - [MESSAGE][PASSED] - Delayed 3 second(s)

2022-06-09 20:07:30 - [MESSAGE][PASSED] - Object: 'Object Repository/1. Constant/xpath' is clicked on

2022-06-09 20:07:33 - [MESSAGE][PASSED] - Delayed 3 second(s)

2022-06-09 20:07:33 - [TEST_STEP][PASSED] - I.Login_password("nturner", password_nturner): Object: 'Object Repository/1. Constant/xpath' is clicked on

2022-06-09 20:07:34 - [MESSAGE][PASSED] - Text 'nturner' is set on object 'Object Repository/1. Constant/xpath'

2022-06-09 20:07:35 - [MESSAGE][PASSED] - Delayed 1 second(s)

2022-06-09 20:07:36 - [MESSAGE][PASSED] - Text 'diadeis1' is set on object 'Object Repository/1. Constant/xpath'

2022-06-09 20:07:37 - [MESSAGE][PASSED] - Delayed 1 second(s)

2022-06-09 20:07:39 - [MESSAGE][PASSED] - Object: 'Object Repository/1. Constant/xpath' is clicked on

2022-06-09 20:07:39 - [TEST_STEP][PASSED] - click(findTestObject("1. Constant/02_LHSMenu_Projects")): Object: 'Object Repository/1. Constant/02_LHSMenu_Projects' is clicked on

2022-06-09 20:07:42 - [MESSAGE][PASSED] - Object: 'Object Repository/1. Constant/02_LHSMenu_Projects' is clicked on

2022-06-09 20:07:42 - [TEST_STEP][PASSED] - I.SearchProjectNo_xpath(Project_No, "//*[@id="keynum_project"]", "//*[@id="form_filters"]/div[4]/button"): Delayed 5 second(s)

2022-06-09 20:07:43 - [MESSAGE][PASSED] - Delayed 1 second(s)

2022-06-09 20:07:46 - [MESSAGE][PASSED] - Text 'MI000876' is set on object 'Object Repository/1. Constant/xpath'

2022-06-09 20:07:49 - [MESSAGE][PASSED] - Delayed 3 second(s)

2022-06-09 20:07:52 - [MESSAGE][PASSED] - Scroll to object 'Object Repository/1. Constant/xpath' successfully

2022-06-09 20:07:54 - [MESSAGE][PASSED] - Object: 'Object Repository/1. Constant/xpath' is clicked on

2022-06-09 20:07:59 - [MESSAGE][PASSED] - Delayed 5 second(s)

2022-06-09 20:07:59 - [TEST_STEP][PASSED] - takeScreenshot(): Taking screenshot successfully

2022-06-09 20:08:00 - [MESSAGE][PASSED] - Taking screenshot successfully
[[ATTACHMENT|D:\\Projet Test Auto\\Mediabox Test Automation\\Reports\\20220609_181011\\03. Parallel Testing (Testing)\\TS -PT PART 3\\14.03 Dreyers Support Action (Ongoing _ Completed ref) - PART 3\\20220609_181101\\1654798080059.png]]

2022-06-09 20:08:00 - [TEST_STEP][PASSED] - I.SearchRefNo_xpath("P10_Auto", "//*[@id="fiche_filter_keywords11"]", "//*[@id="form_filters"]/div[3]/button"): Delayed 5 second(s)

2022-06-09 20:08:01 - [MESSAGE][PASSED] - Delayed 1 second(s)

2022-06-09 20:08:02 - [MESSAGE][PASSED] - Text 'P10_Auto' is set on object 'Object Repository/1. Constant/xpath'

2022-06-09 20:08:05 - [MESSAGE][PASSED] - Delayed 3 second(s)

2022-06-09 20:08:06 - [MESSAGE][PASSED] - Scroll to object 'Object Repository/1. Constant/xpath' successfully

2022-06-09 20:08:09 - [MESSAGE][PASSED] - Object: 'Object Repository/1. Constant/xpath' is clicked on

2022-06-09 20:08:14 - [MESSAGE][PASSED] - Delayed 5 second(s)

2022-06-09 20:08:14 - [TEST_STEP][PASSED] - click(findTestObject("1. Constant/xpath", ["xpath":"//*[@id="source_" + refID10 + ""]/td[13]/a[2]"])): Object: 'Object Repository/1. Constant/xpath' is clicked on

2022-06-09 20:08:16 - [MESSAGE][PASSED] - Object: 'Object Repository/1. Constant/xpath' is clicked on

2022-06-09 20:08:16 - [TEST_STEP][PASSED] - click(findTestObject("1. Constant/xpath", ["xpath":"//*[@id="ModifFiche"]/div[1]/div/button[2]"])): Object: 'Object Repository/1. Constant/xpath' is clicked on

2022-06-09 20:08:20 - [MESSAGE][PASSED] - Object: 'Object Repository/1. Constant/xpath' is clicked on

2022-06-09 20:08:20 - [TEST_STEP][PASSED] - Lifecycle_Status55 = getText(findTestObject("1. Constant/xpath", ["xpath":"//*[@id="source_" + refID10 + ""]/td[12]/span[1]"])): Text of object 'Object Repository/1. Constant/xpath' is: 'Phase 3.5[Prod]'

2022-06-09 20:08:20 - [MESSAGE][PASSED] - Text of object 'Object Repository/1. Constant/xpath' is: 'Phase 3.5[Prod]'

2022-06-09 20:08:20 - [TEST_STEP][PASSED] - verifyMatch(Lifecycle_Status55, "Phase 3.5[Prod]", false): Actual text 'Phase 3.5[Prod]' and expected text 'Phase 3.5[Prod]' are matched 

2022-06-09 20:08:20 - [MESSAGE][PASSED] - Actual text 'Phase 3.5[Prod]' and expected text 'Phase 3.5[Prod]' are matched 

2022-06-09 20:08:20 - [TEST_STEP][PASSED] - takeScreenshot(): Taking screenshot successfully

2022-06-09 20:08:21 - [MESSAGE][PASSED] - Taking screenshot successfully
[[ATTACHMENT|D:\\Projet Test Auto\\Mediabox Test Automation\\Reports\\20220609_181011\\03. Parallel Testing (Testing)\\TS -PT PART 3\\14.03 Dreyers Support Action (Ongoing _ Completed ref) - PART 3\\20220609_181101\\1654798100719.png]]

2022-06-09 20:08:21 - [TEST_STEP][PASSED] - I.Logout(): Delayed 3 second(s)

2022-06-09 20:08:24 - [MESSAGE][PASSED] - Delayed 3 second(s)

2022-06-09 20:08:24 - [MESSAGE][PASSED] - Object: 'Object Repository/1. Constant/xpath' is clicked on

2022-06-09 20:08:27 - [MESSAGE][PASSED] - Delayed 3 second(s)

2022-06-09 20:08:29 - [MESSAGE][PASSED] - Object: 'Object Repository/1. Constant/xpath' is clicked on

2022-06-09 20:08:32 - [MESSAGE][PASSED] - Delayed 3 second(s)

2022-06-09 20:08:32 - [TEST_STEP][PASSED] - I.Login_password("lmary", password_lmary): Object: 'Object Repository/1. Constant/xpath' is clicked on

2022-06-09 20:08:34 - [MESSAGE][PASSED] - Text 'lmary' is set on object 'Object Repository/1. Constant/xpath'

2022-06-09 20:08:35 - [MESSAGE][PASSED] - Delayed 1 second(s)

2022-06-09 20:08:36 - [MESSAGE][PASSED] - Text 'diadeis' is set on object 'Object Repository/1. Constant/xpath'

2022-06-09 20:08:37 - [MESSAGE][PASSED] - Delayed 1 second(s)

2022-06-09 20:08:41 - [MESSAGE][PASSED] - Object: 'Object Repository/1. Constant/xpath' is clicked on

2022-06-09 20:08:41 - [TEST_STEP][PASSED] - click(findTestObject("1. Constant/02_LHSMenu_Projects")): Object: 'Object Repository/1. Constant/02_LHSMenu_Projects' is clicked on

2022-06-09 20:08:44 - [MESSAGE][PASSED] - Object: 'Object Repository/1. Constant/02_LHSMenu_Projects' is clicked on

2022-06-09 20:08:44 - [TEST_STEP][PASSED] - I.SearchProjectNo_xpath(Project_No, "//*[@id="keynum_project"]", "//*[@id="form_filters"]/div[4]/button"): Delayed 5 second(s)

2022-06-09 20:08:45 - [MESSAGE][PASSED] - Delayed 1 second(s)

2022-06-09 20:08:45 - [MESSAGE][PASSED] - Text 'MI000876' is set on object 'Object Repository/1. Constant/xpath'

2022-06-09 20:08:48 - [MESSAGE][PASSED] - Delayed 3 second(s)

2022-06-09 20:08:49 - [MESSAGE][PASSED] - Scroll to object 'Object Repository/1. Constant/xpath' successfully

2022-06-09 20:08:51 - [MESSAGE][PASSED] - Object: 'Object Repository/1. Constant/xpath' is clicked on

2022-06-09 20:08:56 - [MESSAGE][PASSED] - Delayed 5 second(s)

2022-06-09 20:08:56 - [TEST_STEP][PASSED] - I.SearchRefNo_xpath("P10_Auto", "//*[@id="fiche_filter_keywords11"]", "//*[@id="form_filters"]/div[3]/button"): Delayed 5 second(s)

2022-06-09 20:08:57 - [MESSAGE][PASSED] - Delayed 1 second(s)

2022-06-09 20:08:58 - [MESSAGE][PASSED] - Text 'P10_Auto' is set on object 'Object Repository/1. Constant/xpath'

2022-06-09 20:09:01 - [MESSAGE][PASSED] - Delayed 3 second(s)

2022-06-09 20:09:01 - [MESSAGE][PASSED] - Scroll to object 'Object Repository/1. Constant/xpath' successfully

2022-06-09 20:09:03 - [MESSAGE][PASSED] - Object: 'Object Repository/1. Constant/xpath' is clicked on

2022-06-09 20:09:08 - [MESSAGE][PASSED] - Delayed 5 second(s)

2022-06-09 20:09:08 - [TEST_STEP][PASSED] - takeScreenshot(): Taking screenshot successfully

2022-06-09 20:09:09 - [MESSAGE][PASSED] - Taking screenshot successfully
[[ATTACHMENT|D:\\Projet Test Auto\\Mediabox Test Automation\\Reports\\20220609_181011\\03. Parallel Testing (Testing)\\TS -PT PART 3\\14.03 Dreyers Support Action (Ongoing _ Completed ref) - PART 3\\20220609_181101\\1654798149018.png]]

2022-06-09 20:09:09 - [TEST_STEP][PASSED] - color3 = getCSSValue(findTestObject("1. Constant/xpath", ["xpath":"//*[@id="source_" + refID10 + ""]/td[13]/a"]), "color", OPTIONAL): Get CSS 'color' value on 'Object Repository/1. Constant/xpath' successfully: 'rgba(255, 255, 255, 1)'.

2022-06-09 20:09:09 - [MESSAGE][PASSED] - Get CSS 'color' value on 'Object Repository/1. Constant/xpath' successfully: 'rgba(255, 255, 255, 1)'.

2022-06-09 20:09:09 - [TEST_STEP][PASSED] - while (color3 == "rgba(255, 255, 255, 1)"): Get CSS 'color' value on 'Object Repository/1. Constant/xpath' successfully: 'rgba(54, 153, 255, 1)'.

2022-06-09 20:09:09 - [TEST_STEP][PASSED] - click(findTestObject("1. Constant/xpath", ["xpath":"//*[@id="source_" + refID10 + ""]/td[13]/a"])): Object: 'Object Repository/1. Constant/xpath' is clicked on

2022-06-09 20:09:10 - [MESSAGE][PASSED] - Object: 'Object Repository/1. Constant/xpath' is clicked on

2022-06-09 20:09:10 - [TEST_STEP][PASSED] - selectOptionByValue(findTestObject("1. Constant/xpath", ["xpath":"//*[@id="id_approval_flow_tpl"]"]), "80", false): All options with value '80' are selected in object 'Object Repository/1. Constant/xpath' 

2022-06-09 20:09:11 - [MESSAGE][PASSED] - All options with value '80' are selected in object 'Object Repository/1. Constant/xpath' 

2022-06-09 20:09:11 - [TEST_STEP][PASSED] - I.UploadDoc_sendkey_Prod(findTestObject("1. Constant/xpath", ["xpath":"//*[@id="kt_body"]/input[2]"]), "D:\Upoad_File\Upload doc\testdata1.jpg", "testdata1"): Delayed 5 second(s)

2022-06-09 20:09:11 - [MESSAGE][PASSED] - Scroll to object 'Object Repository/1. Constant/xpath' successfully

2022-06-09 20:09:16 - [MESSAGE][PASSED] - Delayed 5 second(s)

2022-06-09 20:09:17 - [MESSAGE][PASSED] - File 'D:\Upoad_File\Upload doc\testdata1.jpg' sent to object: 'Object Repository/1. Constant/xpath'

2022-06-09 20:09:22 - [MESSAGE][PASSED] - Delayed 5 second(s)

2022-06-09 20:09:22 - [MESSAGE][PASSED] - Text 'testdata1' is present on page 

2022-06-09 20:09:27 - [MESSAGE][PASSED] - Delayed 5 second(s)

2022-06-09 20:09:32 - [MESSAGE][PASSED] - Delayed 5 second(s)

2022-06-09 20:09:32 - [TEST_STEP][PASSED] - takeScreenshot(): Taking screenshot successfully

2022-06-09 20:09:33 - [MESSAGE][PASSED] - Taking screenshot successfully
[[ATTACHMENT|D:\\Projet Test Auto\\Mediabox Test Automation\\Reports\\20220609_181011\\03. Parallel Testing (Testing)\\TS -PT PART 3\\14.03 Dreyers Support Action (Ongoing _ Completed ref) - PART 3\\20220609_181101\\1654798172805.png]]

2022-06-09 20:09:33 - [TEST_STEP][PASSED] - delay(8): Delayed 8 second(s)

2022-06-09 20:09:41 - [MESSAGE][PASSED] - Delayed 8 second(s)

2022-06-09 20:09:41 - [TEST_STEP][PASSED] - click(findTestObject("HL Full Lifecycle/12 ReferncePage_Button_Updatensenddoc")): Object: 'Object Repository/HL Full Lifecycle/12 ReferncePage_Button_Updatensenddoc' is clicked on

2022-06-09 20:09:46 - [MESSAGE][PASSED] - Object: 'Object Repository/HL Full Lifecycle/12 ReferncePage_Button_Updatensenddoc' is clicked on

2022-06-09 20:09:46 - [TEST_STEP][PASSED] - delay(5): Delayed 5 second(s)

2022-06-09 20:09:51 - [MESSAGE][PASSED] - Delayed 5 second(s)

2022-06-09 20:09:51 - [TEST_STEP][PASSED] - color3 = getCSSValue(findTestObject("1. Constant/xpath", ["xpath":"//*[@id="source_" + refID10 + ""]/td[13]/a"]), "color", OPTIONAL): Get CSS 'color' value on 'Object Repository/1. Constant/xpath' successfully: 'rgba(54, 153, 255, 1)'.

2022-06-09 20:09:51 - [MESSAGE][PASSED] - Get CSS 'color' value on 'Object Repository/1. Constant/xpath' successfully: 'rgba(54, 153, 255, 1)'.

2022-06-09 20:09:51 - [TEST_STEP][PASSED] - I.Logout(): Delayed 3 second(s)

2022-06-09 20:09:54 - [MESSAGE][PASSED] - Delayed 3 second(s)

2022-06-09 20:09:54 - [MESSAGE][PASSED] - Object: 'Object Repository/1. Constant/xpath' is clicked on

2022-06-09 20:09:57 - [MESSAGE][PASSED] - Delayed 3 second(s)

2022-06-09 20:09:58 - [MESSAGE][PASSED] - Object: 'Object Repository/1. Constant/xpath' is clicked on

2022-06-09 20:10:01 - [MESSAGE][PASSED] - Delayed 3 second(s)

2022-06-09 20:10:01 - [TEST_STEP][PASSED] - I.Login_password("blemco", password_blemco): Object: 'Object Repository/1. Constant/xpath' is clicked on

2022-06-09 20:10:02 - [MESSAGE][PASSED] - Text 'blemco' is set on object 'Object Repository/1. Constant/xpath'

2022-06-09 20:10:03 - [MESSAGE][PASSED] - Delayed 1 second(s)

2022-06-09 20:10:03 - [MESSAGE][PASSED] - Text 'diadeis1' is set on object 'Object Repository/1. Constant/xpath'

2022-06-09 20:10:04 - [MESSAGE][PASSED] - Delayed 1 second(s)

2022-06-09 20:10:08 - [MESSAGE][PASSED] - Object: 'Object Repository/1. Constant/xpath' is clicked on

2022-06-09 20:10:08 - [TEST_STEP][PASSED] - click(findTestObject("1. Constant/02_LHSMenu_Projects")): Object: 'Object Repository/1. Constant/02_LHSMenu_Projects' is clicked on

2022-06-09 20:10:11 - [MESSAGE][PASSED] - Object: 'Object Repository/1. Constant/02_LHSMenu_Projects' is clicked on

2022-06-09 20:10:11 - [TEST_STEP][PASSED] - I.SearchProjectNo_xpath(Project_No, "//*[@id="keynum_project"]", "//*[@id="form_filters"]/div[4]/button"): Delayed 5 second(s)

2022-06-09 20:10:12 - [MESSAGE][PASSED] - Delayed 1 second(s)

2022-06-09 20:10:13 - [MESSAGE][PASSED] - Text 'MI000876' is set on object 'Object Repository/1. Constant/xpath'

2022-06-09 20:10:16 - [MESSAGE][PASSED] - Delayed 3 second(s)

2022-06-09 20:10:16 - [MESSAGE][PASSED] - Scroll to object 'Object Repository/1. Constant/xpath' successfully

2022-06-09 20:10:19 - [MESSAGE][PASSED] - Object: 'Object Repository/1. Constant/xpath' is clicked on

2022-06-09 20:10:24 - [MESSAGE][PASSED] - Delayed 5 second(s)

2022-06-09 20:10:24 - [TEST_STEP][PASSED] - takeScreenshot(): Taking screenshot successfully

2022-06-09 20:10:25 - [MESSAGE][PASSED] - Taking screenshot successfully
[[ATTACHMENT|D:\\Projet Test Auto\\Mediabox Test Automation\\Reports\\20220609_181011\\03. Parallel Testing (Testing)\\TS -PT PART 3\\14.03 Dreyers Support Action (Ongoing _ Completed ref) - PART 3\\20220609_181101\\1654798224966.png]]

2022-06-09 20:10:25 - [TEST_STEP][PASSED] - I.SearchRefNo_xpath("P10_Auto", "//*[@id="fiche_filter_keywords11"]", "//*[@id="form_filters"]/div[3]/button"): Delayed 5 second(s)

2022-06-09 20:10:26 - [MESSAGE][PASSED] - Delayed 1 second(s)

2022-06-09 20:10:27 - [MESSAGE][PASSED] - Text 'P10_Auto' is set on object 'Object Repository/1. Constant/xpath'

2022-06-09 20:10:30 - [MESSAGE][PASSED] - Delayed 3 second(s)

2022-06-09 20:10:31 - [MESSAGE][PASSED] - Scroll to object 'Object Repository/1. Constant/xpath' successfully

2022-06-09 20:10:33 - [MESSAGE][PASSED] - Object: 'Object Repository/1. Constant/xpath' is clicked on

2022-06-09 20:10:38 - [MESSAGE][PASSED] - Delayed 5 second(s)

2022-06-09 20:10:38 - [TEST_STEP][PASSED] - I.AWF_approve_byaction(findTestObject("1. Constant/xpath", ["xpath":"//*[@id="source_" + refID10 + ""]/td[13]/a[2]"])): Object: 'Object Repository/HL Full Lifecycle/Function_Appbutton2' is clicked on

2022-06-09 20:10:43 - [MESSAGE][PASSED] - Delayed 5 second(s)

2022-06-09 20:10:45 - [MESSAGE][PASSED] - Object: 'Object Repository/1. Constant/xpath' is clicked on

2022-06-09 20:10:46 - [MESSAGE][PASSED] - Object: 'Object Repository/HL Full Lifecycle/Function_access Viewer2' is hovered

2022-06-09 20:10:49 - [MESSAGE][PASSED] - Delayed 3 second(s)

2022-06-09 20:10:50 - [MESSAGE][PASSED] - Object: 'Object Repository/HL Full Lifecycle/Function_access Viewer2' is clicked on

2022-06-09 20:10:55 - [MESSAGE][PASSED] - Delayed 5 second(s)

2022-06-09 20:10:56 - [MESSAGE][PASSED] - Object: 'Object Repository/HL Full Lifecycle/Function_AppButton' is clicked on

2022-06-09 20:11:01 - [MESSAGE][PASSED] - Delayed 5 second(s)

2022-06-09 20:11:04 - [MESSAGE][PASSED] - Object: 'Object Repository/HL Full Lifecycle/Function_Appbutton2' is clicked on

2022-06-09 20:11:04 - [TEST_STEP][PASSED] - Lifecycle_Status66 = getText(findTestObject("1. Constant/xpath", ["xpath":"//*[@id="source_" + refID10 + ""]/td[12]/span[1]"])): Text of object 'Object Repository/1. Constant/xpath' is: 'Complete'

2022-06-09 20:11:04 - [MESSAGE][PASSED] - Text of object 'Object Repository/1. Constant/xpath' is: 'Complete'

2022-06-09 20:11:04 - [TEST_STEP][PASSED] - verifyMatch(Lifecycle_Status66, "Complete", false): Actual text 'Complete' and expected text 'Complete' are matched 

2022-06-09 20:11:04 - [MESSAGE][PASSED] - Actual text 'Complete' and expected text 'Complete' are matched 

2022-06-09 20:11:04 - [TEST_STEP][PASSED] - takeScreenshot(): Taking screenshot successfully

2022-06-09 20:11:04 - [MESSAGE][PASSED] - Taking screenshot successfully
[[ATTACHMENT|D:\\Projet Test Auto\\Mediabox Test Automation\\Reports\\20220609_181011\\03. Parallel Testing (Testing)\\TS -PT PART 3\\14.03 Dreyers Support Action (Ongoing _ Completed ref) - PART 3\\20220609_181101\\1654798264502.png]]

2022-06-09 20:11:04 - [TEST_STEP][PASSED] - I.writenotepad("D:\Upoad_File\Projet_ Login\Dreyers\19.1\19.10_Dreyers_refID10.txt", refID10): null

2022-06-09 20:11:04 - [TEST_STEP][PASSED] - closeBrowser(): Browser is closed

2022-06-09 20:11:16 - [MESSAGE][PASSED] - Browser is closed

2022-06-09 20:11:16 - [TEST_STEP][PASSED] - Start listener action : sampleAfterTestCase: null]]></system-out>
         <system-err><![CDATA[]]></system-err>
      </testcase>
      <testcase name="Test Cases/19. Dreyers Support Action (Ongoing ref_completed)/19.16 Dreyers SAS Add Step Group (Completed) S21 Used P10_P16" time="382.53" classname="Test Cases/19. Dreyers Support Action (Ongoing ref_completed)/19.16 Dreyers SAS Add Step Group (Completed) S21 Used P10_P16" status="PASSED">
         <system-out><![CDATA[2022-06-09 20:11:16 - [TEST_CASE][PASSED] - Test Cases/19. Dreyers Support Action (Ongoing ref_completed)/19.16 Dreyers SAS Add Step Group (Completed) S21 Used P10_P16: Test Cases/19. Dreyers Support Action (Ongoing ref_completed)/19.16 Dreyers SAS Add Step Group (Completed) S21 Used P10_P16

2022-06-09 20:11:17 - [TEST_STEP][PASSED] - data_Dreyers = findTestData("Data Files/Username_Password/Dreyer"): null

2022-06-09 20:11:17 - [TEST_STEP][PASSED] - password_suser = data_Dreyers.getValue(2, 1): null

2022-06-09 20:11:17 - [TEST_STEP][PASSED] - password_blemco = data_Dreyers.getValue(2, 2): null

2022-06-09 20:11:17 - [TEST_STEP][PASSED] - password_nturner = data_Dreyers.getValue(2, 6): null

2022-06-09 20:11:17 - [TEST_STEP][PASSED] - password_lmary = data_Dreyers.getValue(2, 13): null

2022-06-09 20:11:17 - [TEST_STEP][PASSED] - data_urlRELAUTO = findTestData("Data Files/URL/URL_relauto"): null

2022-06-09 20:11:17 - [TEST_STEP][PASSED] - Url_Dreyer = data_urlRELAUTO.getValue(2, 4): null

2022-06-09 20:11:17 - [TEST_STEP][PASSED] - Project_No = I.readnotepad("D:\Upoad_File\Projet_ Login\Dreyers\19.1\19.1_Dreyers_ProjectNo.txt"): null

2022-06-09 20:11:17 - [TEST_STEP][PASSED] - refID = I.readnotepad("D:\Upoad_File\Projet_ Login\Dreyers\19.1\19.1_Dreyers_refID.txt"): null

2022-06-09 20:11:17 - [TEST_STEP][PASSED] - refID10 = I.readnotepad("D:\Upoad_File\Projet_ Login\Dreyers\19.1\19.10_Dreyers_refID10.txt"): null

2022-06-09 20:11:17 - [TEST_STEP][PASSED] - openBrowser(Url_Dreyer): Browser is opened with url: 'http://mdb-release.diadeis.lan/MediaboxIndependence/?MBI_datasource=RELTESTAUTO_DREYERS'

2022-06-09 20:11:17 - [MESSAGE][INFO] - Starting 'Chrome (headless)' driver

2022-06-09 20:11:17 - [MESSAGE][INFO] - User set preference: ['args', '[--window-size=1920,1080, --headless]']

2022-06-09 20:11:17 - [MESSAGE][INFO] - Action delay is set to 0 milliseconds

2022-06-09 20:11:28 - [MESSAGE][PASSED] - Browser is opened with url: 'http://mdb-release.diadeis.lan/MediaboxIndependence/?MBI_datasource=RELTESTAUTO_DREYERS'

2022-06-09 20:11:28 - [TEST_STEP][PASSED] - maximizeWindow(): Current window maximized

2022-06-09 20:11:29 - [MESSAGE][PASSED] - Current window maximized

2022-06-09 20:11:29 - [TEST_STEP][PASSED] - I.Login_password("suser", password_suser): Object: 'Object Repository/1. Constant/xpath' is clicked on

2022-06-09 20:11:29 - [MESSAGE][PASSED] - Text 'suser' is set on object 'Object Repository/1. Constant/xpath'

2022-06-09 20:11:30 - [MESSAGE][PASSED] - Delayed 1 second(s)

2022-06-09 20:11:30 - [MESSAGE][PASSED] - Text 'diadeis' is set on object 'Object Repository/1. Constant/xpath'

2022-06-09 20:11:31 - [MESSAGE][PASSED] - Delayed 1 second(s)

2022-06-09 20:11:38 - [MESSAGE][PASSED] - Object: 'Object Repository/1. Constant/xpath' is clicked on

2022-06-09 20:11:38 - [TEST_STEP][PASSED] - click(findTestObject("1. Constant/02_LHSMenu_Projects")): Object: 'Object Repository/1. Constant/02_LHSMenu_Projects' is clicked on

2022-06-09 20:11:45 - [MESSAGE][PASSED] - Object: 'Object Repository/1. Constant/02_LHSMenu_Projects' is clicked on

2022-06-09 20:11:45 - [TEST_STEP][PASSED] - I.SearchProjectNo_xpath(Project_No, "//*[@id="keynum_project"]", "//*[@id="form_filters"]/div[4]/button"): Delayed 5 second(s)

2022-06-09 20:11:46 - [MESSAGE][PASSED] - Delayed 1 second(s)

2022-06-09 20:11:46 - [MESSAGE][PASSED] - Text 'MI000876' is set on object 'Object Repository/1. Constant/xpath'

2022-06-09 20:11:49 - [MESSAGE][PASSED] - Delayed 3 second(s)

2022-06-09 20:11:49 - [MESSAGE][PASSED] - Scroll to object 'Object Repository/1. Constant/xpath' successfully

2022-06-09 20:11:54 - [MESSAGE][PASSED] - Object: 'Object Repository/1. Constant/xpath' is clicked on

2022-06-09 20:11:59 - [MESSAGE][PASSED] - Delayed 5 second(s)

2022-06-09 20:11:59 - [TEST_STEP][PASSED] - takeScreenshot(): Taking screenshot successfully

2022-06-09 20:11:59 - [MESSAGE][PASSED] - Taking screenshot successfully
[[ATTACHMENT|D:\\Projet Test Auto\\Mediabox Test Automation\\Reports\\20220609_181011\\03. Parallel Testing (Testing)\\TS -PT PART 3\\14.03 Dreyers Support Action (Ongoing _ Completed ref) - PART 3\\20220609_181101\\1654798319173.png]]

2022-06-09 20:11:59 - [TEST_STEP][PASSED] - I.SearchRefNo_xpath("P10_Auto", "//*[@id="fiche_filter_keywords11"]", "//*[@id="form_filters"]/div[3]/button"): Delayed 5 second(s)

2022-06-09 20:12:00 - [MESSAGE][PASSED] - Delayed 1 second(s)

2022-06-09 20:12:01 - [MESSAGE][PASSED] - Text 'P10_Auto' is set on object 'Object Repository/1. Constant/xpath'

2022-06-09 20:12:04 - [MESSAGE][PASSED] - Delayed 3 second(s)

2022-06-09 20:12:04 - [MESSAGE][PASSED] - Scroll to object 'Object Repository/1. Constant/xpath' successfully

2022-06-09 20:12:06 - [MESSAGE][PASSED] - Object: 'Object Repository/1. Constant/xpath' is clicked on

2022-06-09 20:12:11 - [MESSAGE][PASSED] - Delayed 5 second(s)

2022-06-09 20:12:11 - [TEST_STEP][PASSED] - click(findTestObject("1. Constant/xpath", ["xpath":"//*[@id="source_" + refID10 + ""]/td[6]/a"])): Object: 'Object Repository/1. Constant/xpath' is clicked on

2022-06-09 20:12:14 - [MESSAGE][PASSED] - Object: 'Object Repository/1. Constant/xpath' is clicked on

2022-06-09 20:12:14 - [TEST_STEP][PASSED] - click(findTestObject("1. Constant/xpath", ["xpath":"//*[@id="kt_content"]/div[3]/div/ul/li[3]/a"])): Object: 'Object Repository/1. Constant/xpath' is clicked on

2022-06-09 20:12:17 - [MESSAGE][PASSED] - Object: 'Object Repository/1. Constant/xpath' is clicked on

2022-06-09 20:12:17 - [TEST_STEP][PASSED] - takeScreenshot(): Taking screenshot successfully

2022-06-09 20:12:18 - [MESSAGE][PASSED] - Taking screenshot successfully
[[ATTACHMENT|D:\\Projet Test Auto\\Mediabox Test Automation\\Reports\\20220609_181011\\03. Parallel Testing (Testing)\\TS -PT PART 3\\14.03 Dreyers Support Action (Ongoing _ Completed ref) - PART 3\\20220609_181101\\1654798337794.png]]

2022-06-09 20:12:18 - [TEST_STEP][PASSED] - click(findTestObject("1. Constant/xpath", ["xpath":"/html/body/div[1]/div[2]/div[8]/div[3]/div/div[3]/div[3]/div/ul/li[5]/a"])): Object: 'Object Repository/1. Constant/xpath' is clicked on

2022-06-09 20:12:18 - [MESSAGE][PASSED] - Object: 'Object Repository/1. Constant/xpath' is clicked on

2022-06-09 20:12:18 - [TEST_STEP][PASSED] - click(findTestObject("1. Constant/xpath", ["xpath":"/html/body/div[1]/div[2]/div[8]/div[3]/div/div[3]/div[3]/div/div/div[5]/div/div[5]/div/div[1]/div[2]/div/button"])): Object: 'Object Repository/1. Constant/xpath' is clicked on

2022-06-09 20:12:18 - [MESSAGE][PASSED] - Object: 'Object Repository/1. Constant/xpath' is clicked on

2022-06-09 20:12:18 - [TEST_STEP][PASSED] - takeScreenshot(): Taking screenshot successfully

2022-06-09 20:12:18 - [MESSAGE][PASSED] - Taking screenshot successfully
[[ATTACHMENT|D:\\Projet Test Auto\\Mediabox Test Automation\\Reports\\20220609_181011\\03. Parallel Testing (Testing)\\TS -PT PART 3\\14.03 Dreyers Support Action (Ongoing _ Completed ref) - PART 3\\20220609_181101\\1654798338433.png]]

2022-06-09 20:12:18 - [TEST_STEP][PASSED] - delay(1): Delayed 1 second(s)

2022-06-09 20:12:19 - [MESSAGE][PASSED] - Delayed 1 second(s)

2022-06-09 20:12:19 - [TEST_STEP][PASSED] - x = 15: null

2022-06-09 20:12:19 - [TEST_STEP][PASSED] - i = 1: null

2022-06-09 20:12:19 - [TEST_STEP][PASSED] - while (i <= x): null

2022-06-09 20:12:19 - [TEST_STEP][PASSED] - Expected_SAS_Selected = "SAS S21 - Add Step Group C&A / Skip P3.4 [Complete]": null

2022-06-09 20:12:19 - [TEST_STEP][PASSED] - xpath_SAS = "/html/body/div[1]/div[2]/div[8]/div[3]/div/div[3]/div[3]/div/div/div[5]/div/div[5]/div/div[1]/div[2]/div/div/a[" + i + "]": null

2022-06-09 20:12:19 - [TEST_STEP][PASSED] - Actual_SAS = getText(findTestObject("1. Constant/xpath", ["xpath":xpath_SAS])): Text of object 'Object Repository/1. Constant/xpath' is: 'SAS S20: Add Step Group AC/ Skip Phase 1.2 [Complete]'

2022-06-09 20:12:20 - [MESSAGE][PASSED] - Text of object 'Object Repository/1. Constant/xpath' is: 'SAS S20: Add Step Group AC/ Skip Phase 1.2 [Complete]'

2022-06-09 20:12:20 - [TEST_STEP][PASSED] - I.print(i): null

2022-06-09 20:12:20 - [TEST_STEP][PASSED] - if (Actual_SAS.contains(Expected_SAS_Selected)): null

2022-06-09 20:12:20 - [TEST_STEP][PASSED] - i = i + 1: null

2022-06-09 20:12:20 - [TEST_STEP][PASSED] - Expected_SAS_Selected = "SAS S21 - Add Step Group C&A / Skip P3.4 [Complete]": null

2022-06-09 20:12:20 - [TEST_STEP][PASSED] - xpath_SAS = "/html/body/div[1]/div[2]/div[8]/div[3]/div/div[3]/div[3]/div/div/div[5]/div/div[5]/div/div[1]/div[2]/div/div/a[" + i + "]": null

2022-06-09 20:12:20 - [TEST_STEP][PASSED] - Actual_SAS = getText(findTestObject("1. Constant/xpath", ["xpath":xpath_SAS])): Text of object 'Object Repository/1. Constant/xpath' is: 'SAS S21 - Add Step Group C&A / Skip P3.4 [Complete]'

2022-06-09 20:12:20 - [MESSAGE][PASSED] - Text of object 'Object Repository/1. Constant/xpath' is: 'SAS S21 - Add Step Group C&A / Skip P3.4 [Complete]'

2022-06-09 20:12:20 - [TEST_STEP][PASSED] - I.print(i): null

2022-06-09 20:12:20 - [TEST_STEP][PASSED] - if (Actual_SAS.contains(Expected_SAS_Selected)): null

2022-06-09 20:12:20 - [TEST_STEP][PASSED] - I.click_button_javascriptS(xpath_SAS): Execute JavaScript 'arguments[0].click()' successfully

2022-06-09 20:12:20 - [MESSAGE][PASSED] - Execute JavaScript 'arguments[0].click()' successfully

2022-06-09 20:12:20 - [TEST_STEP][PASSED] - break: null

2022-06-09 20:12:20 - [TEST_STEP][PASSED] - takeScreenshot(): Taking screenshot successfully

2022-06-09 20:12:20 - [MESSAGE][PASSED] - Taking screenshot successfully
[[ATTACHMENT|D:\\Projet Test Auto\\Mediabox Test Automation\\Reports\\20220609_181011\\03. Parallel Testing (Testing)\\TS -PT PART 3\\14.03 Dreyers Support Action (Ongoing _ Completed ref) - PART 3\\20220609_181101\\1654798340631.png]]

2022-06-09 20:12:20 - [TEST_STEP][PASSED] - click(findTestObject("1. Constant/xpath", ["xpath":"//*[@id="confirmSupportActionShortcut"]"])): Object: 'Object Repository/1. Constant/xpath' is clicked on

2022-06-09 20:12:25 - [MESSAGE][PASSED] - Object: 'Object Repository/1. Constant/xpath' is clicked on

2022-06-09 20:12:25 - [TEST_STEP][PASSED] - takeScreenshot(): Taking screenshot successfully

2022-06-09 20:12:25 - [MESSAGE][PASSED] - Taking screenshot successfully
[[ATTACHMENT|D:\\Projet Test Auto\\Mediabox Test Automation\\Reports\\20220609_181011\\03. Parallel Testing (Testing)\\TS -PT PART 3\\14.03 Dreyers Support Action (Ongoing _ Completed ref) - PART 3\\20220609_181101\\1654798345274.png]]

2022-06-09 20:12:25 - [TEST_STEP][PASSED] - click(findTestObject("1. Constant/xpath", ["xpath":"//*[@id="kt_content"]/div[3]/div/ul/li[3]/a"])): Object: 'Object Repository/1. Constant/xpath' is clicked on

2022-06-09 20:12:28 - [MESSAGE][PASSED] - Object: 'Object Repository/1. Constant/xpath' is clicked on

2022-06-09 20:12:28 - [TEST_STEP][PASSED] - takeScreenshot(): Taking screenshot successfully

2022-06-09 20:12:29 - [MESSAGE][PASSED] - Taking screenshot successfully
[[ATTACHMENT|D:\\Projet Test Auto\\Mediabox Test Automation\\Reports\\20220609_181011\\03. Parallel Testing (Testing)\\TS -PT PART 3\\14.03 Dreyers Support Action (Ongoing _ Completed ref) - PART 3\\20220609_181101\\1654798349012.png]]

2022-06-09 20:12:29 - [TEST_STEP][PASSED] - StepC_1 = getAttribute(findTestObject("1. Constant/xpath", ["xpath":"/html/body/div[1]/div[2]/div[8]/div[3]/div/div[3]/div[3]/div/ul/li[5]/a"]), "class"): Attribute 'class' of object 'Object Repository/1. Constant/xpath' is: 'nav-link timeline-badge badge-xl  bg-complete '

2022-06-09 20:12:30 - [MESSAGE][PASSED] - Attribute 'class' of object 'Object Repository/1. Constant/xpath' is: 'nav-link timeline-badge badge-xl  bg-complete '

2022-06-09 20:12:30 - [TEST_STEP][PASSED] - verifyMatch(StepC_1, "nav-link timeline-badge badge-xl  bg-complete ", false): Actual text 'nav-link timeline-badge badge-xl  bg-complete ' and expected text 'nav-link timeline-badge badge-xl  bg-complete ' are matched 

2022-06-09 20:12:30 - [MESSAGE][PASSED] - Actual text 'nav-link timeline-badge badge-xl  bg-complete ' and expected text 'nav-link timeline-badge badge-xl  bg-complete ' are matched 

2022-06-09 20:12:30 - [TEST_STEP][PASSED] - StepC_11 = I.Get_Stepname("/html/body/div[1]/div[2]/div[8]/div[3]/div/div[3]/div[3]/div/ul/li[5]/a"): Attribute 'href' of object 'Object Repository/1. Constant/xpath' is: 'http://mdb-release.diadeis.lan/MediaboxIndependence/Base/ExecAction?action=VoirRef&IDSession=MBI!RELTESTAUTO_DREYERS!2KEHUIAZWKRF8WKCGNTPXHZQ81HGPYU0R2IN5TV4&num=GPF3ZYJT1K&id_ref=5268#tab_lifecycle_SASStepC_12168'

2022-06-09 20:12:35 - [MESSAGE][PASSED] - Delayed 5 second(s)

2022-06-09 20:12:35 - [MESSAGE][PASSED] - Attribute 'href' of object 'Object Repository/1. Constant/xpath' is: 'http://mdb-release.diadeis.lan/MediaboxIndependence/Base/ExecAction?action=VoirRef&IDSession=MBI!RELTESTAUTO_DREYERS!2KEHUIAZWKRF8WKCGNTPXHZQ81HGPYU0R2IN5TV4&num=GPF3ZYJT1K&id_ref=5268#tab_lifecycle_SASStepC_12168'

2022-06-09 20:12:35 - [TEST_STEP][PASSED] - verifyMatch(StepC_11, "SASStepC", false): Actual text 'SASStepC' and expected text 'SASStepC' are matched 

2022-06-09 20:12:35 - [MESSAGE][PASSED] - Actual text 'SASStepC' and expected text 'SASStepC' are matched 

2022-06-09 20:12:35 - [TEST_STEP][PASSED] - StepC_2 = getAttribute(findTestObject("1. Constant/xpath", ["xpath":"/html/body/div[1]/div[2]/div[8]/div[3]/div/div[3]/div[3]/div/ul/li[6]/a"]), "class"): Attribute 'class' of object 'Object Repository/1. Constant/xpath' is: 'nav-link timeline-badge badge-xl  bg-pending active'

2022-06-09 20:12:35 - [MESSAGE][PASSED] - Attribute 'class' of object 'Object Repository/1. Constant/xpath' is: 'nav-link timeline-badge badge-xl  bg-pending active'

2022-06-09 20:12:35 - [TEST_STEP][PASSED] - verifyMatch(StepC_2, "nav-link timeline-badge badge-xl  bg-pending active", false): Actual text 'nav-link timeline-badge badge-xl  bg-pending active' and expected text 'nav-link timeline-badge badge-xl  bg-pending active' are matched 

2022-06-09 20:12:35 - [MESSAGE][PASSED] - Actual text 'nav-link timeline-badge badge-xl  bg-pending active' and expected text 'nav-link timeline-badge badge-xl  bg-pending active' are matched 

2022-06-09 20:12:35 - [TEST_STEP][PASSED] - StepC_22 = I.Get_Stepname("/html/body/div[1]/div[2]/div[8]/div[3]/div/div[3]/div[3]/div/ul/li[6]/a"): Attribute 'href' of object 'Object Repository/1. Constant/xpath' is: 'http://mdb-release.diadeis.lan/MediaboxIndependence/Base/ExecAction?action=VoirRef&IDSession=MBI!RELTESTAUTO_DREYERS!2KEHUIAZWKRF8WKCGNTPXHZQ81HGPYU0R2IN5TV4&num=GPF3ZYJT1K&id_ref=5268#tab_lifecycle_SASStepC_12184'

2022-06-09 20:12:40 - [MESSAGE][PASSED] - Delayed 5 second(s)

2022-06-09 20:12:40 - [MESSAGE][PASSED] - Attribute 'href' of object 'Object Repository/1. Constant/xpath' is: 'http://mdb-release.diadeis.lan/MediaboxIndependence/Base/ExecAction?action=VoirRef&IDSession=MBI!RELTESTAUTO_DREYERS!2KEHUIAZWKRF8WKCGNTPXHZQ81HGPYU0R2IN5TV4&num=GPF3ZYJT1K&id_ref=5268#tab_lifecycle_SASStepC_12184'

2022-06-09 20:12:40 - [TEST_STEP][PASSED] - verifyMatch(StepC_22, "SASStepC", false): Actual text 'SASStepC' and expected text 'SASStepC' are matched 

2022-06-09 20:12:40 - [MESSAGE][PASSED] - Actual text 'SASStepC' and expected text 'SASStepC' are matched 

2022-06-09 20:12:40 - [TEST_STEP][PASSED] - Started_StepC_34 = getText(findTestObject("1. Constant/xpath", ["xpath":"/html/body/div[1]/div[2]/div[8]/div[3]/div/div[3]/div[3]/div/div/div[6]/div/div[4]/div/div[2]/div[1]"])): Text of object 'Object Repository/1. Constant/xpath' is: 'Started 06/09/22 02:12 PM'

2022-06-09 20:12:42 - [MESSAGE][PASSED] - Text of object 'Object Repository/1. Constant/xpath' is: 'Started 06/09/22 02:12 PM'

2022-06-09 20:12:42 - [TEST_STEP][PASSED] - if (Started_StepC_34.contains("Started")): Actual object '1' and expected object '1' are equal

2022-06-09 20:12:42 - [TEST_STEP][PASSED] - verifyEqual(1, 1): Actual object '1' and expected object '1' are equal

2022-06-09 20:12:42 - [MESSAGE][PASSED] - Actual object '1' and expected object '1' are equal

2022-06-09 20:12:42 - [TEST_STEP][PASSED] - StepA_3 = getAttribute(findTestObject("1. Constant/xpath", ["xpath":"/html/body/div[1]/div[2]/div[8]/div[3]/div/div[3]/div[3]/div/ul/li[7]/a"]), "class"): Attribute 'class' of object 'Object Repository/1. Constant/xpath' is: 'nav-link timeline-badge badge-xl  bg-waiting '

2022-06-09 20:12:42 - [MESSAGE][PASSED] - Attribute 'class' of object 'Object Repository/1. Constant/xpath' is: 'nav-link timeline-badge badge-xl  bg-waiting '

2022-06-09 20:12:42 - [TEST_STEP][PASSED] - verifyMatch(StepA_3, "nav-link timeline-badge badge-xl  bg-waiting ", false): Actual text 'nav-link timeline-badge badge-xl  bg-waiting ' and expected text 'nav-link timeline-badge badge-xl  bg-waiting ' are matched 

2022-06-09 20:12:42 - [MESSAGE][PASSED] - Actual text 'nav-link timeline-badge badge-xl  bg-waiting ' and expected text 'nav-link timeline-badge badge-xl  bg-waiting ' are matched 

2022-06-09 20:12:42 - [TEST_STEP][PASSED] - StepA_33 = I.Get_Stepname("/html/body/div[1]/div[2]/div[8]/div[3]/div/div[3]/div[3]/div/ul/li[7]/a"): Attribute 'href' of object 'Object Repository/1. Constant/xpath' is: 'http://mdb-release.diadeis.lan/MediaboxIndependence/Base/ExecAction?action=VoirRef&IDSession=MBI!RELTESTAUTO_DREYERS!2KEHUIAZWKRF8WKCGNTPXHZQ81HGPYU0R2IN5TV4&num=GPF3ZYJT1K&id_ref=5268#tab_lifecycle_SASStepA_12185'

2022-06-09 20:12:47 - [MESSAGE][PASSED] - Delayed 5 second(s)

2022-06-09 20:12:47 - [MESSAGE][PASSED] - Attribute 'href' of object 'Object Repository/1. Constant/xpath' is: 'http://mdb-release.diadeis.lan/MediaboxIndependence/Base/ExecAction?action=VoirRef&IDSession=MBI!RELTESTAUTO_DREYERS!2KEHUIAZWKRF8WKCGNTPXHZQ81HGPYU0R2IN5TV4&num=GPF3ZYJT1K&id_ref=5268#tab_lifecycle_SASStepA_12185'

2022-06-09 20:12:47 - [TEST_STEP][PASSED] - verifyMatch(StepA_33, "SASStepA", false): Actual text 'SASStepA' and expected text 'SASStepA' are matched 

2022-06-09 20:12:47 - [MESSAGE][PASSED] - Actual text 'SASStepA' and expected text 'SASStepA' are matched 

2022-06-09 20:12:47 - [TEST_STEP][PASSED] - I.Logout(): Delayed 3 second(s)

2022-06-09 20:12:50 - [MESSAGE][PASSED] - Delayed 3 second(s)

2022-06-09 20:12:51 - [MESSAGE][PASSED] - Object: 'Object Repository/1. Constant/xpath' is clicked on

2022-06-09 20:12:54 - [MESSAGE][PASSED] - Delayed 3 second(s)

2022-06-09 20:12:55 - [MESSAGE][PASSED] - Object: 'Object Repository/1. Constant/xpath' is clicked on

2022-06-09 20:12:58 - [MESSAGE][PASSED] - Delayed 3 second(s)

2022-06-09 20:12:58 - [TEST_STEP][PASSED] - I.Login_password("nturner", password_nturner): Object: 'Object Repository/1. Constant/xpath' is clicked on

2022-06-09 20:13:00 - [MESSAGE][PASSED] - Text 'nturner' is set on object 'Object Repository/1. Constant/xpath'

2022-06-09 20:13:01 - [MESSAGE][PASSED] - Delayed 1 second(s)

2022-06-09 20:13:01 - [MESSAGE][PASSED] - Text 'diadeis1' is set on object 'Object Repository/1. Constant/xpath'

2022-06-09 20:13:02 - [MESSAGE][PASSED] - Delayed 1 second(s)

2022-06-09 20:13:05 - [MESSAGE][PASSED] - Object: 'Object Repository/1. Constant/xpath' is clicked on

2022-06-09 20:13:05 - [TEST_STEP][PASSED] - click(findTestObject("1. Constant/02_LHSMenu_Projects")): Object: 'Object Repository/1. Constant/02_LHSMenu_Projects' is clicked on

2022-06-09 20:13:08 - [MESSAGE][PASSED] - Object: 'Object Repository/1. Constant/02_LHSMenu_Projects' is clicked on

2022-06-09 20:13:08 - [TEST_STEP][PASSED] - I.SearchProjectNo_xpath(Project_No, "//*[@id="keynum_project"]", "//*[@id="form_filters"]/div[4]/button"): Delayed 5 second(s)

2022-06-09 20:13:09 - [MESSAGE][PASSED] - Delayed 1 second(s)

2022-06-09 20:13:10 - [MESSAGE][PASSED] - Text 'MI000876' is set on object 'Object Repository/1. Constant/xpath'

2022-06-09 20:13:13 - [MESSAGE][PASSED] - Delayed 3 second(s)

2022-06-09 20:13:15 - [MESSAGE][PASSED] - Scroll to object 'Object Repository/1. Constant/xpath' successfully

2022-06-09 20:13:20 - [MESSAGE][PASSED] - Object: 'Object Repository/1. Constant/xpath' is clicked on

2022-06-09 20:13:25 - [MESSAGE][PASSED] - Delayed 5 second(s)

2022-06-09 20:13:25 - [TEST_STEP][PASSED] - takeScreenshot(): Taking screenshot successfully

2022-06-09 20:13:27 - [MESSAGE][PASSED] - Taking screenshot successfully
[[ATTACHMENT|D:\\Projet Test Auto\\Mediabox Test Automation\\Reports\\20220609_181011\\03. Parallel Testing (Testing)\\TS -PT PART 3\\14.03 Dreyers Support Action (Ongoing _ Completed ref) - PART 3\\20220609_181101\\1654798406672.png]]

2022-06-09 20:13:27 - [TEST_STEP][PASSED] - I.SearchRefNo_xpath("P10_Auto", "//*[@id="fiche_filter_keywords11"]", "//*[@id="form_filters"]/div[3]/button"): Delayed 5 second(s)

2022-06-09 20:13:28 - [MESSAGE][PASSED] - Delayed 1 second(s)

2022-06-09 20:13:32 - [MESSAGE][PASSED] - Text 'P10_Auto' is set on object 'Object Repository/1. Constant/xpath'

2022-06-09 20:13:35 - [MESSAGE][PASSED] - Delayed 3 second(s)

2022-06-09 20:13:37 - [MESSAGE][PASSED] - Scroll to object 'Object Repository/1. Constant/xpath' successfully

2022-06-09 20:13:43 - [MESSAGE][PASSED] - Object: 'Object Repository/1. Constant/xpath' is clicked on

2022-06-09 20:13:48 - [MESSAGE][PASSED] - Delayed 5 second(s)

2022-06-09 20:13:48 - [TEST_STEP][PASSED] - delay(1): Delayed 1 second(s)

2022-06-09 20:13:49 - [MESSAGE][PASSED] - Delayed 1 second(s)

2022-06-09 20:13:49 - [TEST_STEP][PASSED] - Lifecycle_Status1 = getText(findTestObject("1. Constant/xpath", ["xpath":"//*[@id="source_" + refID10 + ""]/td[12]/span[1]"])): Text of object 'Object Repository/1. Constant/xpath' is: 'Phase 3.4 [Standard]'

2022-06-09 20:13:50 - [MESSAGE][PASSED] - Text of object 'Object Repository/1. Constant/xpath' is: 'Phase 3.4 [Standard]'

2022-06-09 20:13:50 - [TEST_STEP][PASSED] - verifyMatch(Lifecycle_Status1, "Phase 3.4 [Standard]", false): Actual text 'Phase 3.4 [Standard]' and expected text 'Phase 3.4 [Standard]' are matched 

2022-06-09 20:13:50 - [MESSAGE][PASSED] - Actual text 'Phase 3.4 [Standard]' and expected text 'Phase 3.4 [Standard]' are matched 

2022-06-09 20:13:50 - [TEST_STEP][PASSED] - click(findTestObject("1. Constant/xpath", ["xpath":"//*[@id="source_" + refID10 + ""]/td[13]/a[2]"])): Object: 'Object Repository/1. Constant/xpath' is clicked on

2022-06-09 20:13:54 - [MESSAGE][PASSED] - Object: 'Object Repository/1. Constant/xpath' is clicked on

2022-06-09 20:13:54 - [TEST_STEP][PASSED] - click(findTestObject("1. Constant/xpath", ["xpath":"//*[@id="ModifFiche"]/div[1]/div/button[2]"])): Object: 'Object Repository/1. Constant/xpath' is clicked on

2022-06-09 20:14:02 - [MESSAGE][PASSED] - Object: 'Object Repository/1. Constant/xpath' is clicked on

2022-06-09 20:14:02 - [TEST_STEP][PASSED] - Lifecycle_Status2 = getText(findTestObject("1. Constant/xpath", ["xpath":"//*[@id="source_" + refID10 + ""]/td[12]/span[1]"])): Text of object 'Object Repository/1. Constant/xpath' is: 'Phase 3.5[Prod]'

2022-06-09 20:14:04 - [MESSAGE][PASSED] - Text of object 'Object Repository/1. Constant/xpath' is: 'Phase 3.5[Prod]'

2022-06-09 20:14:04 - [TEST_STEP][PASSED] - verifyMatch(Lifecycle_Status2, "Phase 3.5[Prod]", false): Actual text 'Phase 3.5[Prod]' and expected text 'Phase 3.5[Prod]' are matched 

2022-06-09 20:14:04 - [MESSAGE][PASSED] - Actual text 'Phase 3.5[Prod]' and expected text 'Phase 3.5[Prod]' are matched 

2022-06-09 20:14:04 - [TEST_STEP][PASSED] - I.Logout(): Delayed 3 second(s)

2022-06-09 20:14:07 - [MESSAGE][PASSED] - Delayed 3 second(s)

2022-06-09 20:14:09 - [MESSAGE][PASSED] - Object: 'Object Repository/1. Constant/xpath' is clicked on

2022-06-09 20:14:12 - [MESSAGE][PASSED] - Delayed 3 second(s)

2022-06-09 20:14:18 - [MESSAGE][PASSED] - Object: 'Object Repository/1. Constant/xpath' is clicked on

2022-06-09 20:14:21 - [MESSAGE][PASSED] - Delayed 3 second(s)

2022-06-09 20:14:21 - [TEST_STEP][PASSED] - I.Login_password("lmary", password_lmary): Object: 'Object Repository/1. Constant/xpath' is clicked on

2022-06-09 20:14:25 - [MESSAGE][PASSED] - Text 'lmary' is set on object 'Object Repository/1. Constant/xpath'

2022-06-09 20:14:26 - [MESSAGE][PASSED] - Delayed 1 second(s)

2022-06-09 20:14:30 - [MESSAGE][PASSED] - Text 'diadeis' is set on object 'Object Repository/1. Constant/xpath'

2022-06-09 20:14:31 - [MESSAGE][PASSED] - Delayed 1 second(s)

2022-06-09 20:14:39 - [MESSAGE][PASSED] - Object: 'Object Repository/1. Constant/xpath' is clicked on

2022-06-09 20:14:39 - [TEST_STEP][PASSED] - click(findTestObject("1. Constant/02_LHSMenu_Projects")): Object: 'Object Repository/1. Constant/02_LHSMenu_Projects' is clicked on

2022-06-09 20:14:43 - [MESSAGE][PASSED] - Object: 'Object Repository/1. Constant/02_LHSMenu_Projects' is clicked on

2022-06-09 20:14:43 - [TEST_STEP][PASSED] - I.SearchProjectNo_xpath(Project_No, "//*[@id="keynum_project"]", "//*[@id="form_filters"]/div[4]/button"): Delayed 5 second(s)

2022-06-09 20:14:44 - [MESSAGE][PASSED] - Delayed 1 second(s)

2022-06-09 20:14:49 - [MESSAGE][PASSED] - Text 'MI000876' is set on object 'Object Repository/1. Constant/xpath'

2022-06-09 20:14:52 - [MESSAGE][PASSED] - Delayed 3 second(s)

2022-06-09 20:14:52 - [MESSAGE][PASSED] - Scroll to object 'Object Repository/1. Constant/xpath' successfully

2022-06-09 20:14:56 - [MESSAGE][PASSED] - Object: 'Object Repository/1. Constant/xpath' is clicked on

2022-06-09 20:15:01 - [MESSAGE][PASSED] - Delayed 5 second(s)

2022-06-09 20:15:01 - [TEST_STEP][PASSED] - takeScreenshot(): Taking screenshot successfully

2022-06-09 20:15:01 - [MESSAGE][PASSED] - Taking screenshot successfully
[[ATTACHMENT|D:\\Projet Test Auto\\Mediabox Test Automation\\Reports\\20220609_181011\\03. Parallel Testing (Testing)\\TS -PT PART 3\\14.03 Dreyers Support Action (Ongoing _ Completed ref) - PART 3\\20220609_181101\\1654798501096.png]]

2022-06-09 20:15:01 - [TEST_STEP][PASSED] - I.SearchRefNo_xpath("P10_Auto", "//*[@id="fiche_filter_keywords11"]", "//*[@id="form_filters"]/div[3]/button"): Delayed 5 second(s)

2022-06-09 20:15:02 - [MESSAGE][PASSED] - Delayed 1 second(s)

2022-06-09 20:15:03 - [MESSAGE][PASSED] - Text 'P10_Auto' is set on object 'Object Repository/1. Constant/xpath'

2022-06-09 20:15:06 - [MESSAGE][PASSED] - Delayed 3 second(s)

2022-06-09 20:15:06 - [MESSAGE][PASSED] - Scroll to object 'Object Repository/1. Constant/xpath' successfully

2022-06-09 20:15:08 - [MESSAGE][PASSED] - Object: 'Object Repository/1. Constant/xpath' is clicked on

2022-06-09 20:15:13 - [MESSAGE][PASSED] - Delayed 5 second(s)

2022-06-09 20:15:13 - [TEST_STEP][PASSED] - takeScreenshot(): Taking screenshot successfully

2022-06-09 20:15:13 - [MESSAGE][PASSED] - Taking screenshot successfully
[[ATTACHMENT|D:\\Projet Test Auto\\Mediabox Test Automation\\Reports\\20220609_181011\\03. Parallel Testing (Testing)\\TS -PT PART 3\\14.03 Dreyers Support Action (Ongoing _ Completed ref) - PART 3\\20220609_181101\\1654798513607.png]]

2022-06-09 20:15:13 - [TEST_STEP][PASSED] - color3 = getCSSValue(findTestObject("1. Constant/xpath", ["xpath":"//*[@id="source_" + refID10 + ""]/td[13]/a"]), "color", OPTIONAL): Get CSS 'color' value on 'Object Repository/1. Constant/xpath' successfully: 'rgba(255, 255, 255, 1)'.

2022-06-09 20:15:14 - [MESSAGE][PASSED] - Get CSS 'color' value on 'Object Repository/1. Constant/xpath' successfully: 'rgba(255, 255, 255, 1)'.

2022-06-09 20:15:14 - [TEST_STEP][PASSED] - while (color3 == "rgba(255, 255, 255, 1)"): Get CSS 'color' value on 'Object Repository/1. Constant/xpath' successfully: 'rgba(54, 153, 255, 1)'.

2022-06-09 20:15:14 - [TEST_STEP][PASSED] - click(findTestObject("1. Constant/xpath", ["xpath":"//*[@id="source_" + refID10 + ""]/td[13]/a"])): Object: 'Object Repository/1. Constant/xpath' is clicked on

2022-06-09 20:15:15 - [MESSAGE][PASSED] - Object: 'Object Repository/1. Constant/xpath' is clicked on

2022-06-09 20:15:15 - [TEST_STEP][PASSED] - selectOptionByValue(findTestObject("1. Constant/xpath", ["xpath":"//*[@id="id_approval_flow_tpl"]"]), "80", false): All options with value '80' are selected in object 'Object Repository/1. Constant/xpath' 

2022-06-09 20:15:15 - [MESSAGE][PASSED] - All options with value '80' are selected in object 'Object Repository/1. Constant/xpath' 

2022-06-09 20:15:15 - [TEST_STEP][PASSED] - I.UploadDoc_sendkey_Prod(findTestObject("1. Constant/xpath", ["xpath":"//*[@id="kt_body"]/input[2]"]), "D:\Upoad_File\Upload doc\testdata1.jpg", "testdata1"): Delayed 5 second(s)

2022-06-09 20:15:16 - [MESSAGE][PASSED] - Scroll to object 'Object Repository/1. Constant/xpath' successfully

2022-06-09 20:15:21 - [MESSAGE][PASSED] - Delayed 5 second(s)

2022-06-09 20:15:24 - [MESSAGE][PASSED] - File 'D:\Upoad_File\Upload doc\testdata1.jpg' sent to object: 'Object Repository/1. Constant/xpath'

2022-06-09 20:15:29 - [MESSAGE][PASSED] - Delayed 5 second(s)

2022-06-09 20:15:30 - [MESSAGE][PASSED] - Text 'testdata1' is present on page 

2022-06-09 20:15:35 - [MESSAGE][PASSED] - Delayed 5 second(s)

2022-06-09 20:15:40 - [MESSAGE][PASSED] - Delayed 5 second(s)

2022-06-09 20:15:40 - [TEST_STEP][PASSED] - takeScreenshot(): Taking screenshot successfully

2022-06-09 20:15:40 - [MESSAGE][PASSED] - Taking screenshot successfully
[[ATTACHMENT|D:\\Projet Test Auto\\Mediabox Test Automation\\Reports\\20220609_181011\\03. Parallel Testing (Testing)\\TS -PT PART 3\\14.03 Dreyers Support Action (Ongoing _ Completed ref) - PART 3\\20220609_181101\\1654798540314.png]]

2022-06-09 20:15:40 - [TEST_STEP][PASSED] - delay(8): Delayed 8 second(s)

2022-06-09 20:15:48 - [MESSAGE][PASSED] - Delayed 8 second(s)

2022-06-09 20:15:48 - [TEST_STEP][PASSED] - click(findTestObject("HL Full Lifecycle/12 ReferncePage_Button_Updatensenddoc")): Object: 'Object Repository/HL Full Lifecycle/12 ReferncePage_Button_Updatensenddoc' is clicked on

2022-06-09 20:15:55 - [MESSAGE][PASSED] - Object: 'Object Repository/HL Full Lifecycle/12 ReferncePage_Button_Updatensenddoc' is clicked on

2022-06-09 20:15:55 - [TEST_STEP][PASSED] - delay(5): Delayed 5 second(s)

2022-06-09 20:16:00 - [MESSAGE][PASSED] - Delayed 5 second(s)

2022-06-09 20:16:00 - [TEST_STEP][PASSED] - color3 = getCSSValue(findTestObject("1. Constant/xpath", ["xpath":"//*[@id="source_" + refID10 + ""]/td[13]/a"]), "color", OPTIONAL): Get CSS 'color' value on 'Object Repository/1. Constant/xpath' successfully: 'rgba(54, 153, 255, 1)'.

2022-06-09 20:16:00 - [MESSAGE][PASSED] - Get CSS 'color' value on 'Object Repository/1. Constant/xpath' successfully: 'rgba(54, 153, 255, 1)'.

2022-06-09 20:16:00 - [TEST_STEP][PASSED] - I.Logout(): Delayed 3 second(s)

2022-06-09 20:16:03 - [MESSAGE][PASSED] - Delayed 3 second(s)

2022-06-09 20:16:04 - [MESSAGE][PASSED] - Object: 'Object Repository/1. Constant/xpath' is clicked on

2022-06-09 20:16:07 - [MESSAGE][PASSED] - Delayed 3 second(s)

2022-06-09 20:16:08 - [MESSAGE][PASSED] - Object: 'Object Repository/1. Constant/xpath' is clicked on

2022-06-09 20:16:11 - [MESSAGE][PASSED] - Delayed 3 second(s)

2022-06-09 20:16:11 - [TEST_STEP][PASSED] - I.Login_password("blemco", password_blemco): Object: 'Object Repository/1. Constant/xpath' is clicked on

2022-06-09 20:16:12 - [MESSAGE][PASSED] - Text 'blemco' is set on object 'Object Repository/1. Constant/xpath'

2022-06-09 20:16:13 - [MESSAGE][PASSED] - Delayed 1 second(s)

2022-06-09 20:16:13 - [MESSAGE][PASSED] - Text 'diadeis1' is set on object 'Object Repository/1. Constant/xpath'

2022-06-09 20:16:14 - [MESSAGE][PASSED] - Delayed 1 second(s)

2022-06-09 20:16:18 - [MESSAGE][PASSED] - Object: 'Object Repository/1. Constant/xpath' is clicked on

2022-06-09 20:16:18 - [TEST_STEP][PASSED] - click(findTestObject("1. Constant/02_LHSMenu_Projects")): Object: 'Object Repository/1. Constant/02_LHSMenu_Projects' is clicked on

2022-06-09 20:16:22 - [MESSAGE][PASSED] - Object: 'Object Repository/1. Constant/02_LHSMenu_Projects' is clicked on

2022-06-09 20:16:22 - [TEST_STEP][PASSED] - I.SearchProjectNo_xpath(Project_No, "//*[@id="keynum_project"]", "//*[@id="form_filters"]/div[4]/button"): Delayed 5 second(s)

2022-06-09 20:16:23 - [MESSAGE][PASSED] - Delayed 1 second(s)

2022-06-09 20:16:23 - [MESSAGE][PASSED] - Text 'MI000876' is set on object 'Object Repository/1. Constant/xpath'

2022-06-09 20:16:26 - [MESSAGE][PASSED] - Delayed 3 second(s)

2022-06-09 20:16:26 - [MESSAGE][PASSED] - Scroll to object 'Object Repository/1. Constant/xpath' successfully

2022-06-09 20:16:29 - [MESSAGE][PASSED] - Object: 'Object Repository/1. Constant/xpath' is clicked on

2022-06-09 20:16:34 - [MESSAGE][PASSED] - Delayed 5 second(s)

2022-06-09 20:16:34 - [TEST_STEP][PASSED] - takeScreenshot(): Taking screenshot successfully

2022-06-09 20:16:35 - [MESSAGE][PASSED] - Taking screenshot successfully
[[ATTACHMENT|D:\\Projet Test Auto\\Mediabox Test Automation\\Reports\\20220609_181011\\03. Parallel Testing (Testing)\\TS -PT PART 3\\14.03 Dreyers Support Action (Ongoing _ Completed ref) - PART 3\\20220609_181101\\1654798595104.png]]

2022-06-09 20:16:35 - [TEST_STEP][PASSED] - I.SearchRefNo_xpath("P10_Auto", "//*[@id="fiche_filter_keywords11"]", "//*[@id="form_filters"]/div[3]/button"): Delayed 5 second(s)

2022-06-09 20:16:36 - [MESSAGE][PASSED] - Delayed 1 second(s)

2022-06-09 20:16:38 - [MESSAGE][PASSED] - Text 'P10_Auto' is set on object 'Object Repository/1. Constant/xpath'

2022-06-09 20:16:41 - [MESSAGE][PASSED] - Delayed 3 second(s)

2022-06-09 20:16:41 - [MESSAGE][PASSED] - Scroll to object 'Object Repository/1. Constant/xpath' successfully

2022-06-09 20:16:45 - [MESSAGE][PASSED] - Object: 'Object Repository/1. Constant/xpath' is clicked on

2022-06-09 20:16:50 - [MESSAGE][PASSED] - Delayed 5 second(s)

2022-06-09 20:16:50 - [TEST_STEP][PASSED] - I.AWF_approve_byaction(findTestObject("1. Constant/xpath", ["xpath":"//*[@id="source_" + refID10 + ""]/td[13]/a[2]"])): Object: 'Object Repository/HL Full Lifecycle/Function_Appbutton2' is clicked on

2022-06-09 20:16:55 - [MESSAGE][PASSED] - Delayed 5 second(s)

2022-06-09 20:16:58 - [MESSAGE][PASSED] - Object: 'Object Repository/1. Constant/xpath' is clicked on

2022-06-09 20:17:02 - [MESSAGE][PASSED] - Object: 'Object Repository/HL Full Lifecycle/Function_access Viewer2' is hovered

2022-06-09 20:17:05 - [MESSAGE][PASSED] - Delayed 3 second(s)

2022-06-09 20:17:07 - [MESSAGE][PASSED] - Object: 'Object Repository/HL Full Lifecycle/Function_access Viewer2' is clicked on

2022-06-09 20:17:12 - [MESSAGE][PASSED] - Delayed 5 second(s)

2022-06-09 20:17:12 - [MESSAGE][PASSED] - Object: 'Object Repository/HL Full Lifecycle/Function_AppButton' is clicked on

2022-06-09 20:17:17 - [MESSAGE][PASSED] - Delayed 5 second(s)

2022-06-09 20:17:21 - [MESSAGE][PASSED] - Object: 'Object Repository/HL Full Lifecycle/Function_Appbutton2' is clicked on

2022-06-09 20:17:21 - [TEST_STEP][PASSED] - Lifecycle_Status66 = getText(findTestObject("1. Constant/xpath", ["xpath":"//*[@id="source_" + refID10 + ""]/td[12]/span[1]"])): Text of object 'Object Repository/1. Constant/xpath' is: 'Phase 1.1 [Standard]'

2022-06-09 20:17:21 - [MESSAGE][PASSED] - Text of object 'Object Repository/1. Constant/xpath' is: 'Phase 1.1 [Standard]'

2022-06-09 20:17:21 - [TEST_STEP][PASSED] - verifyMatch(Lifecycle_Status66, "Phase 1.1 [Standard]", false): Actual text 'Phase 1.1 [Standard]' and expected text 'Phase 1.1 [Standard]' are matched 

2022-06-09 20:17:21 - [MESSAGE][PASSED] - Actual text 'Phase 1.1 [Standard]' and expected text 'Phase 1.1 [Standard]' are matched 

2022-06-09 20:17:21 - [TEST_STEP][PASSED] - takeScreenshot(): Taking screenshot successfully

2022-06-09 20:17:22 - [MESSAGE][PASSED] - Taking screenshot successfully
[[ATTACHMENT|D:\\Projet Test Auto\\Mediabox Test Automation\\Reports\\20220609_181011\\03. Parallel Testing (Testing)\\TS -PT PART 3\\14.03 Dreyers Support Action (Ongoing _ Completed ref) - PART 3\\20220609_181101\\1654798641760.png]]

2022-06-09 20:17:22 - [TEST_STEP][PASSED] - click(findTestObject("1. Constant/xpath", ["xpath":"//*[@id="source_" + refID10 + ""]/td[13]/a[3]"])): Object: 'Object Repository/1. Constant/xpath' is clicked on

2022-06-09 20:17:24 - [MESSAGE][PASSED] - Object: 'Object Repository/1. Constant/xpath' is clicked on

2022-06-09 20:17:24 - [TEST_STEP][PASSED] - click(findTestObject("1. Constant/xpath", ["xpath":"//*[@id="ModifFiche"]/div[1]/div/button[2]"])): Object: 'Object Repository/1. Constant/xpath' is clicked on

2022-06-09 20:17:27 - [MESSAGE][PASSED] - Object: 'Object Repository/1. Constant/xpath' is clicked on

2022-06-09 20:17:27 - [TEST_STEP][PASSED] - Lifecycle_Status3 = getText(findTestObject("1. Constant/xpath", ["xpath":"//*[@id="source_" + refID10 + ""]/td[12]/span[1]"])): Text of object 'Object Repository/1. Constant/xpath' is: 'Phase 1.2 [Standard Phase]'

2022-06-09 20:17:27 - [MESSAGE][PASSED] - Text of object 'Object Repository/1. Constant/xpath' is: 'Phase 1.2 [Standard Phase]'

2022-06-09 20:17:27 - [TEST_STEP][PASSED] - verifyMatch(Lifecycle_Status3, "Phase 1.2 [Standard Phase]", false): Actual text 'Phase 1.2 [Standard Phase]' and expected text 'Phase 1.2 [Standard Phase]' are matched 

2022-06-09 20:17:27 - [MESSAGE][PASSED] - Actual text 'Phase 1.2 [Standard Phase]' and expected text 'Phase 1.2 [Standard Phase]' are matched 

2022-06-09 20:17:27 - [TEST_STEP][PASSED] - I.Logout(): Delayed 3 second(s)

2022-06-09 20:17:30 - [MESSAGE][PASSED] - Delayed 3 second(s)

2022-06-09 20:17:30 - [MESSAGE][PASSED] - Object: 'Object Repository/1. Constant/xpath' is clicked on

2022-06-09 20:17:33 - [MESSAGE][PASSED] - Delayed 3 second(s)

2022-06-09 20:17:34 - [MESSAGE][PASSED] - Object: 'Object Repository/1. Constant/xpath' is clicked on

2022-06-09 20:17:37 - [MESSAGE][PASSED] - Delayed 3 second(s)

2022-06-09 20:17:37 - [TEST_STEP][PASSED] - closeBrowser(): Browser is closed

2022-06-09 20:17:38 - [MESSAGE][PASSED] - Browser is closed

2022-06-09 20:17:38 - [TEST_STEP][PASSED] - Start listener action : sampleAfterTestCase: null]]></system-out>
         <system-err><![CDATA[]]></system-err>
      </testcase>
      <testcase name="Test Cases/19. Dreyers Support Action (Ongoing ref_completed)/19.11 Dreyers SAS Add Step Group (Ongoing ref) S16- P11" time="549.821" classname="Test Cases/19. Dreyers Support Action (Ongoing ref_completed)/19.11 Dreyers SAS Add Step Group (Ongoing ref) S16- P11" status="PASSED">
         <system-out><![CDATA[2022-06-09 20:17:39 - [TEST_CASE][PASSED] - Test Cases/19. Dreyers Support Action (Ongoing ref_completed)/19.11 Dreyers SAS Add Step Group (Ongoing ref) S16- P11: Test Cases/19. Dreyers Support Action (Ongoing ref_completed)/19.11 Dreyers SAS Add Step Group (Ongoing ref) S16- P11

2022-06-09 20:17:39 - [TEST_STEP][PASSED] - data_Dreyers = findTestData("Data Files/Username_Password/Dreyer"): null

2022-06-09 20:17:39 - [TEST_STEP][PASSED] - password_suser = data_Dreyers.getValue(2, 1): null

2022-06-09 20:17:39 - [TEST_STEP][PASSED] - password_blemco = data_Dreyers.getValue(2, 2): null

2022-06-09 20:17:39 - [TEST_STEP][PASSED] - password_nturner = data_Dreyers.getValue(2, 6): null

2022-06-09 20:17:39 - [TEST_STEP][PASSED] - password_lmary = data_Dreyers.getValue(2, 13): null

2022-06-09 20:17:39 - [TEST_STEP][PASSED] - data_urlRELAUTO = findTestData("Data Files/URL/URL_relauto"): null

2022-06-09 20:17:39 - [TEST_STEP][PASSED] - Url_Dreyer = data_urlRELAUTO.getValue(2, 4): null

2022-06-09 20:17:39 - [TEST_STEP][PASSED] - Project_No = I.readnotepad("D:\Upoad_File\Projet_ Login\Dreyers\19.1\19.1_Dreyers_ProjectNo.txt"): null

2022-06-09 20:17:39 - [TEST_STEP][PASSED] - refID = I.readnotepad("D:\Upoad_File\Projet_ Login\Dreyers\19.1\19.1_Dreyers_refID.txt"): null

2022-06-09 20:17:39 - [TEST_STEP][PASSED] - openBrowser(Url_Dreyer): Browser is opened with url: 'http://mdb-release.diadeis.lan/MediaboxIndependence/?MBI_datasource=RELTESTAUTO_DREYERS'

2022-06-09 20:17:39 - [MESSAGE][INFO] - Starting 'Chrome (headless)' driver

2022-06-09 20:17:39 - [MESSAGE][INFO] - User set preference: ['args', '[--window-size=1920,1080, --headless]']

2022-06-09 20:17:39 - [MESSAGE][INFO] - Action delay is set to 0 milliseconds

2022-06-09 20:17:45 - [MESSAGE][PASSED] - Browser is opened with url: 'http://mdb-release.diadeis.lan/MediaboxIndependence/?MBI_datasource=RELTESTAUTO_DREYERS'

2022-06-09 20:17:45 - [TEST_STEP][PASSED] - maximizeWindow(): Current window maximized

2022-06-09 20:17:46 - [MESSAGE][PASSED] - Current window maximized

2022-06-09 20:17:46 - [TEST_STEP][PASSED] - I.Login_password("suser", password_suser): Object: 'Object Repository/1. Constant/xpath' is clicked on

2022-06-09 20:17:46 - [MESSAGE][PASSED] - Text 'suser' is set on object 'Object Repository/1. Constant/xpath'

2022-06-09 20:17:47 - [MESSAGE][PASSED] - Delayed 1 second(s)

2022-06-09 20:17:47 - [MESSAGE][PASSED] - Text 'diadeis' is set on object 'Object Repository/1. Constant/xpath'

2022-06-09 20:17:48 - [MESSAGE][PASSED] - Delayed 1 second(s)

2022-06-09 20:17:55 - [MESSAGE][PASSED] - Object: 'Object Repository/1. Constant/xpath' is clicked on

2022-06-09 20:17:55 - [TEST_STEP][PASSED] - click(findTestObject("1. Constant/02_LHSMenu_Projects")): Object: 'Object Repository/1. Constant/02_LHSMenu_Projects' is clicked on

2022-06-09 20:17:59 - [MESSAGE][PASSED] - Object: 'Object Repository/1. Constant/02_LHSMenu_Projects' is clicked on

2022-06-09 20:17:59 - [TEST_STEP][PASSED] - I.SearchProjectNo_xpath(Project_No, "//*[@id="keynum_project"]", "//*[@id="form_filters"]/div[4]/button"): Delayed 5 second(s)

2022-06-09 20:18:00 - [MESSAGE][PASSED] - Delayed 1 second(s)

2022-06-09 20:18:00 - [MESSAGE][PASSED] - Text 'MI000876' is set on object 'Object Repository/1. Constant/xpath'

2022-06-09 20:18:03 - [MESSAGE][PASSED] - Delayed 3 second(s)

2022-06-09 20:18:03 - [MESSAGE][PASSED] - Scroll to object 'Object Repository/1. Constant/xpath' successfully

2022-06-09 20:18:08 - [MESSAGE][PASSED] - Object: 'Object Repository/1. Constant/xpath' is clicked on

2022-06-09 20:18:13 - [MESSAGE][PASSED] - Delayed 5 second(s)

2022-06-09 20:18:13 - [TEST_STEP][PASSED] - takeScreenshot(): Taking screenshot successfully

2022-06-09 20:18:13 - [MESSAGE][PASSED] - Taking screenshot successfully
[[ATTACHMENT|D:\\Projet Test Auto\\Mediabox Test Automation\\Reports\\20220609_181011\\03. Parallel Testing (Testing)\\TS -PT PART 3\\14.03 Dreyers Support Action (Ongoing _ Completed ref) - PART 3\\20220609_181101\\1654798693168.png]]

2022-06-09 20:18:13 - [TEST_STEP][PASSED] - click(findTestObject("1. Constant/xpath", ["xpath":"//*[@id="create_ref_btn"]/button"])): Object: 'Object Repository/1. Constant/xpath' is clicked on

2022-06-09 20:18:13 - [MESSAGE][PASSED] - Object: 'Object Repository/1. Constant/xpath' is clicked on

2022-06-09 20:18:13 - [TEST_STEP][PASSED] - delay(1): Delayed 1 second(s)

2022-06-09 20:18:14 - [MESSAGE][PASSED] - Delayed 1 second(s)

2022-06-09 20:18:14 - [TEST_STEP][PASSED] - click(findTestObject("1. Constant/xpath", ["xpath":"//*[@id="create_ref_btn"]/div/a"])): Object: 'Object Repository/1. Constant/xpath' is clicked on

2022-06-09 20:18:17 - [MESSAGE][PASSED] - Object: 'Object Repository/1. Constant/xpath' is clicked on

2022-06-09 20:18:17 - [TEST_STEP][PASSED] - delay(1): Delayed 1 second(s)

2022-06-09 20:18:18 - [MESSAGE][PASSED] - Delayed 1 second(s)

2022-06-09 20:18:18 - [TEST_STEP][PASSED] - selectOptionByValue(findTestObject("1. Constant/xpath", ["xpath":"//*[@id="lfc_tpl"]"]), "36", false): All options with value '36' are selected in object 'Object Repository/1. Constant/xpath' 

2022-06-09 20:18:21 - [MESSAGE][PASSED] - All options with value '36' are selected in object 'Object Repository/1. Constant/xpath' 

2022-06-09 20:18:21 - [TEST_STEP][PASSED] - ref_name = "P11_Auto_SAS_S16_" + RandomStringUtils.randomAlphanumeric(5) + I.gettimedate(): null

2022-06-09 20:18:21 - [TEST_STEP][PASSED] - delay(1): Delayed 1 second(s)

2022-06-09 20:18:22 - [MESSAGE][PASSED] - Delayed 1 second(s)

2022-06-09 20:18:22 - [TEST_STEP][PASSED] - setText(findTestObject("1. Constant/xpath", ["xpath":"//*[@id="var_name"]"]), ref_name): Text 'P11_Auto_SAS_S16_KgWLPjuin092022_201821' is set on object 'Object Repository/1. Constant/xpath'

2022-06-09 20:18:22 - [MESSAGE][PASSED] - Text 'P11_Auto_SAS_S16_KgWLPjuin092022_201821' is set on object 'Object Repository/1. Constant/xpath'

2022-06-09 20:18:22 - [TEST_STEP][PASSED] - takeScreenshot(): Taking screenshot successfully

2022-06-09 20:18:22 - [MESSAGE][PASSED] - Taking screenshot successfully
[[ATTACHMENT|D:\\Projet Test Auto\\Mediabox Test Automation\\Reports\\20220609_181011\\03. Parallel Testing (Testing)\\TS -PT PART 3\\14.03 Dreyers Support Action (Ongoing _ Completed ref) - PART 3\\20220609_181101\\1654798702491.png]]

2022-06-09 20:18:22 - [TEST_STEP][PASSED] - click(findTestObject("1. Constant/xpath", ["xpath":"//*[@id="createRefBottom"]"])): Object: 'Object Repository/1. Constant/xpath' is clicked on

2022-06-09 20:18:25 - [MESSAGE][PASSED] - Object: 'Object Repository/1. Constant/xpath' is clicked on

2022-06-09 20:18:25 - [TEST_STEP][PASSED] - delay(1): Delayed 1 second(s)

2022-06-09 20:18:26 - [MESSAGE][PASSED] - Delayed 1 second(s)

2022-06-09 20:18:26 - [TEST_STEP][PASSED] - takeScreenshot(): Taking screenshot successfully

2022-06-09 20:18:27 - [MESSAGE][PASSED] - Taking screenshot successfully
[[ATTACHMENT|D:\\Projet Test Auto\\Mediabox Test Automation\\Reports\\20220609_181011\\03. Parallel Testing (Testing)\\TS -PT PART 3\\14.03 Dreyers Support Action (Ongoing _ Completed ref) - PART 3\\20220609_181101\\1654798706953.png]]

2022-06-09 20:18:27 - [TEST_STEP][PASSED] - refID11 = I.RefID(): Current window's url is: 'http://mdb-release.diadeis.lan/MediaboxIndependence/Base/ExecAction?IDSession=MBI%21RELTESTAUTO_DREYERS%215XNOS5VPCPYLHLG71H1YSYXJNGS26HN8HDZT1WD1&default_action=ModifierRef&id_project=MI000876&id_ref=5276&action_from=create_ref'

2022-06-09 20:18:32 - [MESSAGE][PASSED] - Delayed 5 second(s)

2022-06-09 20:18:32 - [MESSAGE][PASSED] - Current window's url is: 'http://mdb-release.diadeis.lan/MediaboxIndependence/Base/ExecAction?IDSession=MBI%21RELTESTAUTO_DREYERS%215XNOS5VPCPYLHLG71H1YSYXJNGS26HN8HDZT1WD1&default_action=ModifierRef&id_project=MI000876&id_ref=5276&action_from=create_ref'

2022-06-09 20:18:32 - [TEST_STEP][PASSED] - click(findTestObject("1. Constant/xpath", ["xpath":"//*[@id="type_save"]"])): Object: 'Object Repository/1. Constant/xpath' is clicked on

2022-06-09 20:18:36 - [MESSAGE][PASSED] - Object: 'Object Repository/1. Constant/xpath' is clicked on

2022-06-09 20:18:36 - [TEST_STEP][PASSED] - takeScreenshot(): Taking screenshot successfully

2022-06-09 20:18:37 - [MESSAGE][PASSED] - Taking screenshot successfully
[[ATTACHMENT|D:\\Projet Test Auto\\Mediabox Test Automation\\Reports\\20220609_181011\\03. Parallel Testing (Testing)\\TS -PT PART 3\\14.03 Dreyers Support Action (Ongoing _ Completed ref) - PART 3\\20220609_181101\\1654798716544.png]]

2022-06-09 20:18:37 - [TEST_STEP][PASSED] - delay(1): Delayed 1 second(s)

2022-06-09 20:18:38 - [MESSAGE][PASSED] - Delayed 1 second(s)

2022-06-09 20:18:38 - [TEST_STEP][PASSED] - I.SearchRefNo_xpath("P11_Auto", "//*[@id="fiche_filter_keywords11"]", "//*[@id="form_filters"]/div[3]/button"): Delayed 5 second(s)

2022-06-09 20:18:39 - [MESSAGE][PASSED] - Delayed 1 second(s)

2022-06-09 20:18:41 - [MESSAGE][PASSED] - Text 'P11_Auto' is set on object 'Object Repository/1. Constant/xpath'

2022-06-09 20:18:44 - [MESSAGE][PASSED] - Delayed 3 second(s)

2022-06-09 20:18:44 - [MESSAGE][PASSED] - Scroll to object 'Object Repository/1. Constant/xpath' successfully

2022-06-09 20:18:48 - [MESSAGE][PASSED] - Object: 'Object Repository/1. Constant/xpath' is clicked on

2022-06-09 20:18:53 - [MESSAGE][PASSED] - Delayed 5 second(s)

2022-06-09 20:18:53 - [TEST_STEP][PASSED] - click(findTestObject("1. Constant/xpath", ["xpath":"//*[@id="source_" + refID11 + ""]/td[14]/a[3]"])): Object: 'Object Repository/1. Constant/xpath' is clicked on

2022-06-09 20:18:55 - [MESSAGE][PASSED] - Object: 'Object Repository/1. Constant/xpath' is clicked on

2022-06-09 20:18:55 - [TEST_STEP][PASSED] - click(findTestObject("1. Constant/xpath", ["xpath":"//*[@id="ModifFiche"]/div[1]/div/button[2]"])): Object: 'Object Repository/1. Constant/xpath' is clicked on

2022-06-09 20:18:58 - [MESSAGE][PASSED] - Object: 'Object Repository/1. Constant/xpath' is clicked on

2022-06-09 20:18:58 - [TEST_STEP][PASSED] - takeScreenshot(): Taking screenshot successfully

2022-06-09 20:18:58 - [MESSAGE][PASSED] - Taking screenshot successfully
[[ATTACHMENT|D:\\Projet Test Auto\\Mediabox Test Automation\\Reports\\20220609_181011\\03. Parallel Testing (Testing)\\TS -PT PART 3\\14.03 Dreyers Support Action (Ongoing _ Completed ref) - PART 3\\20220609_181101\\1654798738413.png]]

2022-06-09 20:18:58 - [TEST_STEP][PASSED] - delay(1): Delayed 1 second(s)

2022-06-09 20:18:59 - [MESSAGE][PASSED] - Delayed 1 second(s)

2022-06-09 20:18:59 - [TEST_STEP][PASSED] - click(findTestObject("1. Constant/xpath", ["xpath":"//*[@id="source_" + refID11 + ""]/td[14]/a[3]"])): Object: 'Object Repository/1. Constant/xpath' is clicked on

2022-06-09 20:19:02 - [MESSAGE][PASSED] - Object: 'Object Repository/1. Constant/xpath' is clicked on

2022-06-09 20:19:02 - [TEST_STEP][PASSED] - click(findTestObject("1. Constant/xpath", ["xpath":"//*[@id="ModifFiche"]/div[1]/div/button[2]"])): Object: 'Object Repository/1. Constant/xpath' is clicked on

2022-06-09 20:19:06 - [MESSAGE][PASSED] - Object: 'Object Repository/1. Constant/xpath' is clicked on

2022-06-09 20:19:06 - [TEST_STEP][PASSED] - takeScreenshot(): Taking screenshot successfully

2022-06-09 20:19:07 - [MESSAGE][PASSED] - Taking screenshot successfully
[[ATTACHMENT|D:\\Projet Test Auto\\Mediabox Test Automation\\Reports\\20220609_181011\\03. Parallel Testing (Testing)\\TS -PT PART 3\\14.03 Dreyers Support Action (Ongoing _ Completed ref) - PART 3\\20220609_181101\\1654798746681.png]]

2022-06-09 20:19:07 - [TEST_STEP][PASSED] - delay(1): Delayed 1 second(s)

2022-06-09 20:19:08 - [MESSAGE][PASSED] - Delayed 1 second(s)

2022-06-09 20:19:08 - [TEST_STEP][PASSED] - color1 = getCSSValue(findTestObject("1. Constant/xpath", ["xpath":"//*[@id="source_" + refID11 + ""]/td[14]/a[2]"]), "color", OPTIONAL): Get CSS 'color' value on 'Object Repository/1. Constant/xpath' successfully: 'rgba(255, 255, 255, 1)'.

2022-06-09 20:19:08 - [MESSAGE][PASSED] - Get CSS 'color' value on 'Object Repository/1. Constant/xpath' successfully: 'rgba(255, 255, 255, 1)'.

2022-06-09 20:19:08 - [TEST_STEP][PASSED] - while (color1 == "rgba(255, 255, 255, 1)"): Get CSS 'color' value on 'Object Repository/1. Constant/xpath' successfully: 'rgba(54, 153, 255, 1)'.

2022-06-09 20:19:08 - [TEST_STEP][PASSED] - click(findTestObject("1. Constant/xpath", ["xpath":"//*[@id="source_" + refID11 + ""]/td[14]/a[2]"])): Object: 'Object Repository/1. Constant/xpath' is clicked on

2022-06-09 20:19:10 - [MESSAGE][PASSED] - Object: 'Object Repository/1. Constant/xpath' is clicked on

2022-06-09 20:19:10 - [TEST_STEP][PASSED] - I.UploadDoc_sendkey_Prod(findTestObject("1. Constant/xpath", ["xpath":"//*[@id="kt_body"]/input[2]"]), "D:\Upoad_File\Upload doc\testdata1.pdf", "testdata1"): Delayed 5 second(s)

2022-06-09 20:19:10 - [MESSAGE][PASSED] - Scroll to object 'Object Repository/1. Constant/xpath' successfully

2022-06-09 20:19:15 - [MESSAGE][PASSED] - Delayed 5 second(s)

2022-06-09 20:19:16 - [MESSAGE][PASSED] - File 'D:\Upoad_File\Upload doc\testdata1.pdf' sent to object: 'Object Repository/1. Constant/xpath'

2022-06-09 20:19:21 - [MESSAGE][PASSED] - Delayed 5 second(s)

2022-06-09 20:19:21 - [MESSAGE][PASSED] - Text 'testdata1' is present on page 

2022-06-09 20:19:26 - [MESSAGE][PASSED] - Delayed 5 second(s)

2022-06-09 20:19:31 - [MESSAGE][PASSED] - Delayed 5 second(s)

2022-06-09 20:19:31 - [TEST_STEP][PASSED] - takeScreenshot(): Taking screenshot successfully

2022-06-09 20:19:42 - [MESSAGE][PASSED] - Taking screenshot successfully
[[ATTACHMENT|D:\\Projet Test Auto\\Mediabox Test Automation\\Reports\\20220609_181011\\03. Parallel Testing (Testing)\\TS -PT PART 3\\14.03 Dreyers Support Action (Ongoing _ Completed ref) - PART 3\\20220609_181101\\1654798771660.png]]

2022-06-09 20:19:42 - [TEST_STEP][PASSED] - delay(8): Delayed 8 second(s)

2022-06-09 20:19:50 - [MESSAGE][PASSED] - Delayed 8 second(s)

2022-06-09 20:19:50 - [TEST_STEP][PASSED] - click(findTestObject("HL Full Lifecycle/12 ReferncePage_Button_Updatensenddoc")): Object: 'Object Repository/HL Full Lifecycle/12 ReferncePage_Button_Updatensenddoc' is clicked on

2022-06-09 20:19:54 - [MESSAGE][PASSED] - Object: 'Object Repository/HL Full Lifecycle/12 ReferncePage_Button_Updatensenddoc' is clicked on

2022-06-09 20:19:54 - [TEST_STEP][PASSED] - delay(4): Delayed 4 second(s)

2022-06-09 20:19:58 - [MESSAGE][PASSED] - Delayed 4 second(s)

2022-06-09 20:19:58 - [TEST_STEP][PASSED] - color1 = getCSSValue(findTestObject("1. Constant/xpath", ["xpath":"//*[@id="source_" + refID11 + ""]/td[14]/a[2]"]), "color", OPTIONAL): Get CSS 'color' value on 'Object Repository/1. Constant/xpath' successfully: 'rgba(54, 153, 255, 1)'.

2022-06-09 20:19:58 - [MESSAGE][PASSED] - Get CSS 'color' value on 'Object Repository/1. Constant/xpath' successfully: 'rgba(54, 153, 255, 1)'.

2022-06-09 20:19:58 - [TEST_STEP][PASSED] - takeScreenshot(): Taking screenshot successfully

2022-06-09 20:19:59 - [MESSAGE][PASSED] - Taking screenshot successfully
[[ATTACHMENT|D:\\Projet Test Auto\\Mediabox Test Automation\\Reports\\20220609_181011\\03. Parallel Testing (Testing)\\TS -PT PART 3\\14.03 Dreyers Support Action (Ongoing _ Completed ref) - PART 3\\20220609_181101\\1654798798766.png]]

2022-06-09 20:19:59 - [TEST_STEP][PASSED] - click(findTestObject("1. Constant/xpath", ["xpath":"//*[@id="source_" + refID11 + ""]/td[6]/a"])): Object: 'Object Repository/1. Constant/xpath' is clicked on

2022-06-09 20:20:03 - [MESSAGE][PASSED] - Object: 'Object Repository/1. Constant/xpath' is clicked on

2022-06-09 20:20:03 - [TEST_STEP][PASSED] - takeScreenshot(): Taking screenshot successfully

2022-06-09 20:20:03 - [MESSAGE][PASSED] - Taking screenshot successfully
[[ATTACHMENT|D:\\Projet Test Auto\\Mediabox Test Automation\\Reports\\20220609_181011\\03. Parallel Testing (Testing)\\TS -PT PART 3\\14.03 Dreyers Support Action (Ongoing _ Completed ref) - PART 3\\20220609_181101\\1654798803405.png]]

2022-06-09 20:20:03 - [TEST_STEP][PASSED] - delay(1): Delayed 1 second(s)

2022-06-09 20:20:04 - [MESSAGE][PASSED] - Delayed 1 second(s)

2022-06-09 20:20:04 - [TEST_STEP][PASSED] - I.Approveforothers("/html/body/div[1]/div[2]/div[8]/div[3]/div/div[3]/div[2]/div/div[3]/div/div[2]/div[1]/div/div[2]/div/div[2]/div[2]/div/div/div[1]/img", "/html/body/div[1]/div[2]/div[8]/div[3]/div/div[3]/div[2]/div/div[3]/div/div[2]/div[1]/div/div[2]/div/div[2]/div[2]/div/div/div[6]/a[2]/span"): Object: 'Object Repository/1. Constant/xpath' is clicked on

2022-06-09 20:20:06 - [MESSAGE][PASSED] - Object: 'Object Repository/1. Constant/xpath' is clicked on

2022-06-09 20:20:07 - [MESSAGE][PASSED] - Delayed 1 second(s)

2022-06-09 20:20:08 - [MESSAGE][PASSED] - Object: 'Object Repository/1. Constant/xpath' is clicked on

2022-06-09 20:20:09 - [MESSAGE][PASSED] - Delayed 1 second(s)

2022-06-09 20:20:09 - [MESSAGE][PASSED] - Object: 'Object Repository/1. Constant/xpath' is hovered

2022-06-09 20:20:10 - [MESSAGE][PASSED] - Object: 'Object Repository/1. Constant/xpath' is clicked on

2022-06-09 20:20:11 - [MESSAGE][PASSED] - Delayed 1 second(s)

2022-06-09 20:20:16 - [MESSAGE][PASSED] - Object: 'Object Repository/1. Constant/xpath' is clicked on

2022-06-09 20:20:16 - [TEST_STEP][PASSED] - delay(1): Delayed 1 second(s)

2022-06-09 20:20:17 - [MESSAGE][PASSED] - Delayed 1 second(s)

2022-06-09 20:20:17 - [TEST_STEP][PASSED] - click(findTestObject("1. Constant/xpath", ["xpath":"//*[@id="kt_subheader"]/div/nav/ol/li[2]/a"])): Object: 'Object Repository/1. Constant/xpath' is clicked on

2022-06-09 20:20:22 - [MESSAGE][PASSED] - Object: 'Object Repository/1. Constant/xpath' is clicked on

2022-06-09 20:20:22 - [TEST_STEP][PASSED] - delay(1): Delayed 1 second(s)

2022-06-09 20:20:23 - [MESSAGE][PASSED] - Delayed 1 second(s)

2022-06-09 20:20:23 - [TEST_STEP][PASSED] - I.submitquesiton_ref(findTestObject("1. Constant/xpath", ["xpath":"//*[@id="source_" + refID11 + ""]/td[14]/div[1]/button"]), findTestObject("1. Constant/xpath", ["xpath":"//*[@id="source_" + refID11 + ""]/td[14]/div[1]/div/a[1]"])): Object: 'Object Repository/1. Constant/xpath' is clicked on

2022-06-09 20:20:24 - [MESSAGE][PASSED] - Object: 'Object Repository/1. Constant/xpath' is clicked on

2022-06-09 20:20:27 - [MESSAGE][PASSED] - Delayed 3 second(s)

2022-06-09 20:20:28 - [MESSAGE][PASSED] - Object: 'Object Repository/1. Constant/xpath' is clicked on

2022-06-09 20:20:28 - [TEST_STEP][PASSED] - click(findTestObject("1. Constant/xpath", ["xpath":"//*[@id="ModifFiche"]/div[1]/div/button[2]"])): Object: 'Object Repository/1. Constant/xpath' is clicked on

2022-06-09 20:20:32 - [MESSAGE][PASSED] - Object: 'Object Repository/1. Constant/xpath' is clicked on

2022-06-09 20:20:32 - [TEST_STEP][PASSED] - takeScreenshot(): Taking screenshot successfully

2022-06-09 20:20:33 - [MESSAGE][PASSED] - Taking screenshot successfully
[[ATTACHMENT|D:\\Projet Test Auto\\Mediabox Test Automation\\Reports\\20220609_181011\\03. Parallel Testing (Testing)\\TS -PT PART 3\\14.03 Dreyers Support Action (Ongoing _ Completed ref) - PART 3\\20220609_181101\\1654798832992.png]]

2022-06-09 20:20:33 - [TEST_STEP][PASSED] - I.submitquesiton_ref(findTestObject("1. Constant/xpath", ["xpath":"//*[@id="source_" + refID11 + ""]/td[14]/div[1]/button"]), findTestObject("1. Constant/xpath", ["xpath":"//*[@id="source_" + refID11 + ""]/td[14]/div[1]/div/a[1]"])): Object: 'Object Repository/1. Constant/xpath' is clicked on

2022-06-09 20:20:34 - [MESSAGE][PASSED] - Object: 'Object Repository/1. Constant/xpath' is clicked on

2022-06-09 20:20:37 - [MESSAGE][PASSED] - Delayed 3 second(s)

2022-06-09 20:20:38 - [MESSAGE][PASSED] - Object: 'Object Repository/1. Constant/xpath' is clicked on

2022-06-09 20:20:38 - [TEST_STEP][PASSED] - click(findTestObject("1. Constant/xpath", ["xpath":"//*[@id="ModifFiche"]/div[1]/div/button[2]"])): Object: 'Object Repository/1. Constant/xpath' is clicked on

2022-06-09 20:20:42 - [MESSAGE][PASSED] - Object: 'Object Repository/1. Constant/xpath' is clicked on

2022-06-09 20:20:42 - [TEST_STEP][PASSED] - takeScreenshot(): Taking screenshot successfully

2022-06-09 20:20:43 - [MESSAGE][PASSED] - Taking screenshot successfully
[[ATTACHMENT|D:\\Projet Test Auto\\Mediabox Test Automation\\Reports\\20220609_181011\\03. Parallel Testing (Testing)\\TS -PT PART 3\\14.03 Dreyers Support Action (Ongoing _ Completed ref) - PART 3\\20220609_181101\\1654798842870.png]]

2022-06-09 20:20:43 - [TEST_STEP][PASSED] - click(findTestObject("1. Constant/xpath", ["xpath":"//*[@id="source_" + refID11 + ""]/td[14]/a[3]"])): Object: 'Object Repository/1. Constant/xpath' is clicked on

2022-06-09 20:20:44 - [MESSAGE][PASSED] - Object: 'Object Repository/1. Constant/xpath' is clicked on

2022-06-09 20:20:44 - [TEST_STEP][PASSED] - click(findTestObject("1. Constant/xpath", ["xpath":"//*[@id="ModifFiche"]/div[1]/div/button[2]"])): Object: 'Object Repository/1. Constant/xpath' is clicked on

2022-06-09 20:20:48 - [MESSAGE][PASSED] - Object: 'Object Repository/1. Constant/xpath' is clicked on

2022-06-09 20:20:48 - [TEST_STEP][PASSED] - click(findTestObject("1. Constant/xpath", ["xpath":"//*[@id="source_" + refID11 + ""]/td[6]/a"])): Object: 'Object Repository/1. Constant/xpath' is clicked on

2022-06-09 20:20:50 - [MESSAGE][PASSED] - Object: 'Object Repository/1. Constant/xpath' is clicked on

2022-06-09 20:20:50 - [TEST_STEP][PASSED] - click(findTestObject("1. Constant/xpath", ["xpath":"//*[@id="kt_content"]/div[3]/div/ul/li[3]/a"])): Object: 'Object Repository/1. Constant/xpath' is clicked on

2022-06-09 20:20:52 - [MESSAGE][PASSED] - Object: 'Object Repository/1. Constant/xpath' is clicked on

2022-06-09 20:20:52 - [TEST_STEP][PASSED] - takeScreenshot(): Taking screenshot successfully

2022-06-09 20:20:53 - [MESSAGE][PASSED] - Taking screenshot successfully
[[ATTACHMENT|D:\\Projet Test Auto\\Mediabox Test Automation\\Reports\\20220609_181011\\03. Parallel Testing (Testing)\\TS -PT PART 3\\14.03 Dreyers Support Action (Ongoing _ Completed ref) - PART 3\\20220609_181101\\1654798853405.png]]

2022-06-09 20:20:53 - [TEST_STEP][PASSED] - click(findTestObject("1. Constant/xpath", ["xpath":"/html/body/div[1]/div[2]/div[8]/div[3]/div/div[3]/div[3]/div/div/div[3]/div/div[4]/div/div[1]/div[2]/div/button"])): Object: 'Object Repository/1. Constant/xpath' is clicked on

2022-06-09 20:20:54 - [MESSAGE][PASSED] - Object: 'Object Repository/1. Constant/xpath' is clicked on

2022-06-09 20:20:54 - [TEST_STEP][PASSED] - delay(1): Delayed 1 second(s)

2022-06-09 20:20:55 - [MESSAGE][PASSED] - Delayed 1 second(s)

2022-06-09 20:20:55 - [TEST_STEP][PASSED] - takeScreenshot(): Taking screenshot successfully

2022-06-09 20:20:55 - [MESSAGE][PASSED] - Taking screenshot successfully
[[ATTACHMENT|D:\\Projet Test Auto\\Mediabox Test Automation\\Reports\\20220609_181011\\03. Parallel Testing (Testing)\\TS -PT PART 3\\14.03 Dreyers Support Action (Ongoing _ Completed ref) - PART 3\\20220609_181101\\1654798855164.png]]

2022-06-09 20:20:55 - [TEST_STEP][PASSED] - delay(1): Delayed 1 second(s)

2022-06-09 20:20:56 - [MESSAGE][PASSED] - Delayed 1 second(s)

2022-06-09 20:20:56 - [TEST_STEP][PASSED] - x = 10: null

2022-06-09 20:20:56 - [TEST_STEP][PASSED] - i = 1: null

2022-06-09 20:20:56 - [TEST_STEP][PASSED] - while (i <= x): null

2022-06-09 20:20:56 - [TEST_STEP][PASSED] - Expected_SAS_Selected = "SAS: S15 - Add Step Group A & C": null

2022-06-09 20:20:56 - [TEST_STEP][PASSED] - xpath_SAS = "/html/body/div[1]/div[2]/div[8]/div[3]/div/div[3]/div[3]/div/div/div[3]/div/div[4]/div/div[1]/div[2]/div/div/a[" + i + "]": null

2022-06-09 20:20:56 - [TEST_STEP][PASSED] - Actual_SAS = getText(findTestObject("1. Constant/xpath", ["xpath":xpath_SAS])): Text of object 'Object Repository/1. Constant/xpath' is: 'SAS S41: Add Phase 3.5 / Skip P3.4'

2022-06-09 20:20:56 - [MESSAGE][PASSED] - Text of object 'Object Repository/1. Constant/xpath' is: 'SAS S41: Add Phase 3.5 / Skip P3.4'

2022-06-09 20:20:56 - [TEST_STEP][PASSED] - I.print(i): null

2022-06-09 20:20:56 - [TEST_STEP][PASSED] - if (Actual_SAS.contains(Expected_SAS_Selected)): null

2022-06-09 20:20:56 - [TEST_STEP][PASSED] - i = i + 1: null

2022-06-09 20:20:56 - [TEST_STEP][PASSED] - Expected_SAS_Selected = "SAS: S15 - Add Step Group A & C": null

2022-06-09 20:20:56 - [TEST_STEP][PASSED] - xpath_SAS = "/html/body/div[1]/div[2]/div[8]/div[3]/div/div[3]/div[3]/div/div/div[3]/div/div[4]/div/div[1]/div[2]/div/div/a[" + i + "]": null

2022-06-09 20:20:56 - [TEST_STEP][PASSED] - Actual_SAS = getText(findTestObject("1. Constant/xpath", ["xpath":xpath_SAS])): Text of object 'Object Repository/1. Constant/xpath' is: 'SAS: S6 - Add Steps C'

2022-06-09 20:20:56 - [MESSAGE][PASSED] - Text of object 'Object Repository/1. Constant/xpath' is: 'SAS: S6 - Add Steps C'

2022-06-09 20:20:56 - [TEST_STEP][PASSED] - I.print(i): null

2022-06-09 20:20:56 - [TEST_STEP][PASSED] - if (Actual_SAS.contains(Expected_SAS_Selected)): null

2022-06-09 20:20:56 - [TEST_STEP][PASSED] - i = i + 1: null

2022-06-09 20:20:56 - [TEST_STEP][PASSED] - Expected_SAS_Selected = "SAS: S15 - Add Step Group A & C": null

2022-06-09 20:20:56 - [TEST_STEP][PASSED] - xpath_SAS = "/html/body/div[1]/div[2]/div[8]/div[3]/div/div[3]/div[3]/div/div/div[3]/div/div[4]/div/div[1]/div[2]/div/div/a[" + i + "]": null

2022-06-09 20:20:56 - [TEST_STEP][PASSED] - Actual_SAS = getText(findTestObject("1. Constant/xpath", ["xpath":xpath_SAS])): Text of object 'Object Repository/1. Constant/xpath' is: 'SAS S14 - Add Step group (SAS Lifecycle - SAS Step C)'

2022-06-09 20:20:58 - [MESSAGE][PASSED] - Text of object 'Object Repository/1. Constant/xpath' is: 'SAS S14 - Add Step group (SAS Lifecycle - SAS Step C)'

2022-06-09 20:20:58 - [TEST_STEP][PASSED] - I.print(i): null

2022-06-09 20:20:58 - [TEST_STEP][PASSED] - if (Actual_SAS.contains(Expected_SAS_Selected)): null

2022-06-09 20:20:58 - [TEST_STEP][PASSED] - i = i + 1: null

2022-06-09 20:20:58 - [TEST_STEP][PASSED] - Expected_SAS_Selected = "SAS: S15 - Add Step Group A & C": null

2022-06-09 20:20:58 - [TEST_STEP][PASSED] - xpath_SAS = "/html/body/div[1]/div[2]/div[8]/div[3]/div/div[3]/div[3]/div/div/div[3]/div/div[4]/div/div[1]/div[2]/div/div/a[" + i + "]": null

2022-06-09 20:20:58 - [TEST_STEP][PASSED] - Actual_SAS = getText(findTestObject("1. Constant/xpath", ["xpath":xpath_SAS])): Text of object 'Object Repository/1. Constant/xpath' is: 'SAS: S15 - Add Step Group A & C'

2022-06-09 20:20:59 - [MESSAGE][PASSED] - Text of object 'Object Repository/1. Constant/xpath' is: 'SAS: S15 - Add Step Group A & C'

2022-06-09 20:20:59 - [TEST_STEP][PASSED] - I.print(i): null

2022-06-09 20:20:59 - [TEST_STEP][PASSED] - if (Actual_SAS.contains(Expected_SAS_Selected)): null

2022-06-09 20:20:59 - [TEST_STEP][PASSED] - click(findTestObject("1. Constant/xpath", ["xpath":xpath_SAS])): Object: 'Object Repository/1. Constant/xpath' is clicked on

2022-06-09 20:21:00 - [MESSAGE][PASSED] - Object: 'Object Repository/1. Constant/xpath' is clicked on

2022-06-09 20:21:00 - [TEST_STEP][PASSED] - break: null

2022-06-09 20:21:00 - [TEST_STEP][PASSED] - takeScreenshot(): Taking screenshot successfully

2022-06-09 20:21:01 - [MESSAGE][PASSED] - Taking screenshot successfully
[[ATTACHMENT|D:\\Projet Test Auto\\Mediabox Test Automation\\Reports\\20220609_181011\\03. Parallel Testing (Testing)\\TS -PT PART 3\\14.03 Dreyers Support Action (Ongoing _ Completed ref) - PART 3\\20220609_181101\\1654798860851.png]]

2022-06-09 20:21:01 - [TEST_STEP][PASSED] - click(findTestObject("1. Constant/xpath", ["xpath":"//*[@id="confirmSupportActionShortcut"]"])): Object: 'Object Repository/1. Constant/xpath' is clicked on

2022-06-09 20:21:04 - [MESSAGE][PASSED] - Object: 'Object Repository/1. Constant/xpath' is clicked on

2022-06-09 20:21:04 - [TEST_STEP][PASSED] - takeScreenshot(): Taking screenshot successfully

2022-06-09 20:21:05 - [MESSAGE][PASSED] - Taking screenshot successfully
[[ATTACHMENT|D:\\Projet Test Auto\\Mediabox Test Automation\\Reports\\20220609_181011\\03. Parallel Testing (Testing)\\TS -PT PART 3\\14.03 Dreyers Support Action (Ongoing _ Completed ref) - PART 3\\20220609_181101\\1654798864802.png]]

2022-06-09 20:21:05 - [TEST_STEP][PASSED] - click(findTestObject("1. Constant/xpath", ["xpath":"//*[@id="kt_content"]/div[3]/div/ul/li[3]/a"])): Object: 'Object Repository/1. Constant/xpath' is clicked on

2022-06-09 20:21:06 - [MESSAGE][PASSED] - Object: 'Object Repository/1. Constant/xpath' is clicked on

2022-06-09 20:21:06 - [TEST_STEP][PASSED] - takeScreenshot(): Taking screenshot successfully

2022-06-09 20:21:07 - [MESSAGE][PASSED] - Taking screenshot successfully
[[ATTACHMENT|D:\\Projet Test Auto\\Mediabox Test Automation\\Reports\\20220609_181011\\03. Parallel Testing (Testing)\\TS -PT PART 3\\14.03 Dreyers Support Action (Ongoing _ Completed ref) - PART 3\\20220609_181101\\1654798866955.png]]

2022-06-09 20:21:07 - [TEST_STEP][PASSED] - takeScreenshot(): Taking screenshot successfully

2022-06-09 20:21:07 - [MESSAGE][PASSED] - Taking screenshot successfully
[[ATTACHMENT|D:\\Projet Test Auto\\Mediabox Test Automation\\Reports\\20220609_181011\\03. Parallel Testing (Testing)\\TS -PT PART 3\\14.03 Dreyers Support Action (Ongoing _ Completed ref) - PART 3\\20220609_181101\\1654798867515.png]]

2022-06-09 20:21:07 - [TEST_STEP][PASSED] - StepC_1 = getAttribute(findTestObject("1. Constant/xpath", ["xpath":"/html/body/div[1]/div[2]/div[8]/div[3]/div/div[3]/div[3]/div/ul/li[3]/a"]), "class"): Attribute 'class' of object 'Object Repository/1. Constant/xpath' is: 'nav-link timeline-badge badge-xl  bg-pending active'

2022-06-09 20:21:07 - [MESSAGE][PASSED] - Attribute 'class' of object 'Object Repository/1. Constant/xpath' is: 'nav-link timeline-badge badge-xl  bg-pending active'

2022-06-09 20:21:07 - [TEST_STEP][PASSED] - verifyMatch(StepC_1, "nav-link timeline-badge badge-xl  bg-pending active", false): Actual text 'nav-link timeline-badge badge-xl  bg-pending active' and expected text 'nav-link timeline-badge badge-xl  bg-pending active' are matched 

2022-06-09 20:21:07 - [MESSAGE][PASSED] - Actual text 'nav-link timeline-badge badge-xl  bg-pending active' and expected text 'nav-link timeline-badge badge-xl  bg-pending active' are matched 

2022-06-09 20:21:07 - [TEST_STEP][PASSED] - StepC_11 = I.Get_Stepname("/html/body/div[1]/div[2]/div[8]/div[3]/div/div[3]/div[3]/div/ul/li[3]/a"): Attribute 'href' of object 'Object Repository/1. Constant/xpath' is: 'http://mdb-release.diadeis.lan/MediaboxIndependence/Base/ExecAction?action=VoirRef&IDSession=MBI!RELTESTAUTO_DREYERS!5XNOS5VPCPYLHLG71H1YSYXJNGS26HN8HDZT1WD1&num=51DKKKVML1&id_ref=5276#tab_lifecycle_SASStepC_12191'

2022-06-09 20:21:12 - [MESSAGE][PASSED] - Delayed 5 second(s)

2022-06-09 20:21:13 - [MESSAGE][PASSED] - Attribute 'href' of object 'Object Repository/1. Constant/xpath' is: 'http://mdb-release.diadeis.lan/MediaboxIndependence/Base/ExecAction?action=VoirRef&IDSession=MBI!RELTESTAUTO_DREYERS!5XNOS5VPCPYLHLG71H1YSYXJNGS26HN8HDZT1WD1&num=51DKKKVML1&id_ref=5276#tab_lifecycle_SASStepC_12191'

2022-06-09 20:21:13 - [TEST_STEP][PASSED] - verifyMatch(StepC_11, "SASStepC", false): Actual text 'SASStepC' and expected text 'SASStepC' are matched 

2022-06-09 20:21:13 - [MESSAGE][PASSED] - Actual text 'SASStepC' and expected text 'SASStepC' are matched 

2022-06-09 20:21:13 - [TEST_STEP][PASSED] - Started_StepCP4_1 = getText(findTestObject("1. Constant/xpath", ["xpath":"/html/body/div[1]/div[2]/div[8]/div[3]/div/div[3]/div[3]/div/div/div[3]/div/div[4]/div/div[2]/div[1]"])): Text of object 'Object Repository/1. Constant/xpath' is: 'Started 06/09/22 02:20 PM'

2022-06-09 20:21:13 - [MESSAGE][PASSED] - Text of object 'Object Repository/1. Constant/xpath' is: 'Started 06/09/22 02:20 PM'

2022-06-09 20:21:13 - [TEST_STEP][PASSED] - if (Started_StepCP4_1.contains("Started")): Actual object '1' and expected object '1' are equal

2022-06-09 20:21:13 - [TEST_STEP][PASSED] - verifyEqual(1, 1): Actual object '1' and expected object '1' are equal

2022-06-09 20:21:13 - [MESSAGE][PASSED] - Actual object '1' and expected object '1' are equal

2022-06-09 20:21:13 - [TEST_STEP][PASSED] - verifyElementNotPresent(findTestObject("1. Constant/xpath", ["xpath":"/html/body/div[1]/div[2]/div[8]/div[3]/div/div[3]/div[3]/div/div/div[3]/div/div[6]"]), 10): Web element with id: 'Object Repository/1. Constant/xpath' located by 'By.xpath: /html/body/div[1]/div[2]/div[8]/div[3]/div/div[3]/div[3]/div/div/div[3]/div/div[6]' is not present after '10' second(s)

2022-06-09 20:21:14 - [MESSAGE][PASSED] - Web element with id: 'Object Repository/1. Constant/xpath' located by 'By.xpath: /html/body/div[1]/div[2]/div[8]/div[3]/div/div[3]/div[3]/div/div/div[3]/div/div[6]' is not present after '10' second(s)

2022-06-09 20:21:14 - [TEST_STEP][PASSED] - StepA_2 = getAttribute(findTestObject("1. Constant/xpath", ["xpath":"/html/body/div[1]/div[2]/div[8]/div[3]/div/div[3]/div[3]/div/ul/li[4]/a"]), "class"): Attribute 'class' of object 'Object Repository/1. Constant/xpath' is: 'nav-link timeline-badge badge-xl  bg-waiting '

2022-06-09 20:21:14 - [MESSAGE][PASSED] - Attribute 'class' of object 'Object Repository/1. Constant/xpath' is: 'nav-link timeline-badge badge-xl  bg-waiting '

2022-06-09 20:21:14 - [TEST_STEP][PASSED] - verifyMatch(StepA_2, "nav-link timeline-badge badge-xl  bg-waiting ", false): Actual text 'nav-link timeline-badge badge-xl  bg-waiting ' and expected text 'nav-link timeline-badge badge-xl  bg-waiting ' are matched 

2022-06-09 20:21:14 - [MESSAGE][PASSED] - Actual text 'nav-link timeline-badge badge-xl  bg-waiting ' and expected text 'nav-link timeline-badge badge-xl  bg-waiting ' are matched 

2022-06-09 20:21:14 - [TEST_STEP][PASSED] - StepA_22 = I.Get_Stepname("/html/body/div[1]/div[2]/div[8]/div[3]/div/div[3]/div[3]/div/ul/li[4]/a"): Attribute 'href' of object 'Object Repository/1. Constant/xpath' is: 'http://mdb-release.diadeis.lan/MediaboxIndependence/Base/ExecAction?action=VoirRef&IDSession=MBI!RELTESTAUTO_DREYERS!5XNOS5VPCPYLHLG71H1YSYXJNGS26HN8HDZT1WD1&num=51DKKKVML1&id_ref=5276#tab_lifecycle_SASStepA_12192'

2022-06-09 20:21:19 - [MESSAGE][PASSED] - Delayed 5 second(s)

2022-06-09 20:21:20 - [MESSAGE][PASSED] - Attribute 'href' of object 'Object Repository/1. Constant/xpath' is: 'http://mdb-release.diadeis.lan/MediaboxIndependence/Base/ExecAction?action=VoirRef&IDSession=MBI!RELTESTAUTO_DREYERS!5XNOS5VPCPYLHLG71H1YSYXJNGS26HN8HDZT1WD1&num=51DKKKVML1&id_ref=5276#tab_lifecycle_SASStepA_12192'

2022-06-09 20:21:20 - [TEST_STEP][PASSED] - verifyMatch(StepA_22, "SASStepA", false): Actual text 'SASStepA' and expected text 'SASStepA' are matched 

2022-06-09 20:21:20 - [MESSAGE][PASSED] - Actual text 'SASStepA' and expected text 'SASStepA' are matched 

2022-06-09 20:21:20 - [TEST_STEP][PASSED] - StepC_3 = getAttribute(findTestObject("1. Constant/xpath", ["xpath":"/html/body/div[1]/div[2]/div[8]/div[3]/div/div[3]/div[3]/div/ul/li[5]/a"]), "class"): Attribute 'class' of object 'Object Repository/1. Constant/xpath' is: 'nav-link timeline-badge badge-xl  bg-waiting '

2022-06-09 20:21:20 - [MESSAGE][PASSED] - Attribute 'class' of object 'Object Repository/1. Constant/xpath' is: 'nav-link timeline-badge badge-xl  bg-waiting '

2022-06-09 20:21:20 - [TEST_STEP][PASSED] - verifyMatch(StepC_3, "nav-link timeline-badge badge-xl  bg-waiting ", false): Actual text 'nav-link timeline-badge badge-xl  bg-waiting ' and expected text 'nav-link timeline-badge badge-xl  bg-waiting ' are matched 

2022-06-09 20:21:20 - [MESSAGE][PASSED] - Actual text 'nav-link timeline-badge badge-xl  bg-waiting ' and expected text 'nav-link timeline-badge badge-xl  bg-waiting ' are matched 

2022-06-09 20:21:20 - [TEST_STEP][PASSED] - StepC_33 = I.Get_Stepname("/html/body/div[1]/div[2]/div[8]/div[3]/div/div[3]/div[3]/div/ul/li[5]/a"): Attribute 'href' of object 'Object Repository/1. Constant/xpath' is: 'http://mdb-release.diadeis.lan/MediaboxIndependence/Base/ExecAction?action=VoirRef&IDSession=MBI!RELTESTAUTO_DREYERS!5XNOS5VPCPYLHLG71H1YSYXJNGS26HN8HDZT1WD1&num=51DKKKVML1&id_ref=5276#tab_lifecycle_SASStepC_12193'

2022-06-09 20:21:25 - [MESSAGE][PASSED] - Delayed 5 second(s)

2022-06-09 20:21:25 - [MESSAGE][PASSED] - Attribute 'href' of object 'Object Repository/1. Constant/xpath' is: 'http://mdb-release.diadeis.lan/MediaboxIndependence/Base/ExecAction?action=VoirRef&IDSession=MBI!RELTESTAUTO_DREYERS!5XNOS5VPCPYLHLG71H1YSYXJNGS26HN8HDZT1WD1&num=51DKKKVML1&id_ref=5276#tab_lifecycle_SASStepC_12193'

2022-06-09 20:21:25 - [TEST_STEP][PASSED] - verifyMatch(StepC_33, "SASStepC", false): Actual text 'SASStepC' and expected text 'SASStepC' are matched 

2022-06-09 20:21:25 - [MESSAGE][PASSED] - Actual text 'SASStepC' and expected text 'SASStepC' are matched 

2022-06-09 20:21:25 - [TEST_STEP][PASSED] - click(findTestObject("1. Constant/xpath", ["xpath":"/html/body/div[1]/div[2]/div[8]/div[2]/div/nav/ol/li[2]/a"])): Object: 'Object Repository/1. Constant/xpath' is clicked on

2022-06-09 20:21:27 - [MESSAGE][PASSED] - Object: 'Object Repository/1. Constant/xpath' is clicked on

2022-06-09 20:21:27 - [TEST_STEP][PASSED] - I.Logout(): Delayed 3 second(s)

2022-06-09 20:21:30 - [MESSAGE][PASSED] - Delayed 3 second(s)

2022-06-09 20:21:31 - [MESSAGE][PASSED] - Object: 'Object Repository/1. Constant/xpath' is clicked on

2022-06-09 20:21:34 - [MESSAGE][PASSED] - Delayed 3 second(s)

2022-06-09 20:21:35 - [MESSAGE][PASSED] - Object: 'Object Repository/1. Constant/xpath' is clicked on

2022-06-09 20:21:38 - [MESSAGE][PASSED] - Delayed 3 second(s)

2022-06-09 20:21:38 - [TEST_STEP][PASSED] - I.Login_password("nturner", password_nturner): Object: 'Object Repository/1. Constant/xpath' is clicked on

2022-06-09 20:21:39 - [MESSAGE][PASSED] - Text 'nturner' is set on object 'Object Repository/1. Constant/xpath'

2022-06-09 20:21:40 - [MESSAGE][PASSED] - Delayed 1 second(s)

2022-06-09 20:21:40 - [MESSAGE][PASSED] - Text 'diadeis1' is set on object 'Object Repository/1. Constant/xpath'

2022-06-09 20:21:41 - [MESSAGE][PASSED] - Delayed 1 second(s)

2022-06-09 20:21:45 - [MESSAGE][PASSED] - Object: 'Object Repository/1. Constant/xpath' is clicked on

2022-06-09 20:21:45 - [TEST_STEP][PASSED] - click(findTestObject("1. Constant/02_LHSMenu_Projects")): Object: 'Object Repository/1. Constant/02_LHSMenu_Projects' is clicked on

2022-06-09 20:21:47 - [MESSAGE][PASSED] - Object: 'Object Repository/1. Constant/02_LHSMenu_Projects' is clicked on

2022-06-09 20:21:47 - [TEST_STEP][PASSED] - I.SearchProjectNo_xpath(Project_No, "//*[@id="keynum_project"]", "//*[@id="form_filters"]/div[4]/button"): Delayed 5 second(s)

2022-06-09 20:21:48 - [MESSAGE][PASSED] - Delayed 1 second(s)

2022-06-09 20:21:48 - [MESSAGE][PASSED] - Text 'MI000876' is set on object 'Object Repository/1. Constant/xpath'

2022-06-09 20:21:51 - [MESSAGE][PASSED] - Delayed 3 second(s)

2022-06-09 20:21:51 - [MESSAGE][PASSED] - Scroll to object 'Object Repository/1. Constant/xpath' successfully

2022-06-09 20:21:55 - [MESSAGE][PASSED] - Object: 'Object Repository/1. Constant/xpath' is clicked on

2022-06-09 20:22:00 - [MESSAGE][PASSED] - Delayed 5 second(s)

2022-06-09 20:22:00 - [TEST_STEP][PASSED] - takeScreenshot(): Taking screenshot successfully

2022-06-09 20:22:00 - [MESSAGE][PASSED] - Taking screenshot successfully
[[ATTACHMENT|D:\\Projet Test Auto\\Mediabox Test Automation\\Reports\\20220609_181011\\03. Parallel Testing (Testing)\\TS -PT PART 3\\14.03 Dreyers Support Action (Ongoing _ Completed ref) - PART 3\\20220609_181101\\1654798920162.png]]

2022-06-09 20:22:00 - [TEST_STEP][PASSED] - I.SearchRefNo_xpath("P11_Auto", "//*[@id="fiche_filter_keywords11"]", "//*[@id="form_filters"]/div[3]/button"): Delayed 5 second(s)

2022-06-09 20:22:01 - [MESSAGE][PASSED] - Delayed 1 second(s)

2022-06-09 20:22:01 - [MESSAGE][PASSED] - Text 'P11_Auto' is set on object 'Object Repository/1. Constant/xpath'

2022-06-09 20:22:04 - [MESSAGE][PASSED] - Delayed 3 second(s)

2022-06-09 20:22:04 - [MESSAGE][PASSED] - Scroll to object 'Object Repository/1. Constant/xpath' successfully

2022-06-09 20:22:07 - [MESSAGE][PASSED] - Object: 'Object Repository/1. Constant/xpath' is clicked on

2022-06-09 20:22:12 - [MESSAGE][PASSED] - Delayed 5 second(s)

2022-06-09 20:22:12 - [TEST_STEP][PASSED] - delay(1): Delayed 1 second(s)

2022-06-09 20:22:13 - [MESSAGE][PASSED] - Delayed 1 second(s)

2022-06-09 20:22:13 - [TEST_STEP][PASSED] - Lifecycle_Status1 = getText(findTestObject("1. Constant/xpath", ["xpath":"//*[@id="source_" + refID11 + ""]/td[12]/span[1]"])): Text of object 'Object Repository/1. Constant/xpath' is: 'Phase 3.4 [Standard]'

2022-06-09 20:22:14 - [MESSAGE][PASSED] - Text of object 'Object Repository/1. Constant/xpath' is: 'Phase 3.4 [Standard]'

2022-06-09 20:22:14 - [TEST_STEP][PASSED] - verifyMatch(Lifecycle_Status1, "Phase 3.4 [Standard]", false): Actual text 'Phase 3.4 [Standard]' and expected text 'Phase 3.4 [Standard]' are matched 

2022-06-09 20:22:14 - [MESSAGE][PASSED] - Actual text 'Phase 3.4 [Standard]' and expected text 'Phase 3.4 [Standard]' are matched 

2022-06-09 20:22:14 - [TEST_STEP][PASSED] - click(findTestObject("1. Constant/xpath", ["xpath":"//*[@id="source_" + refID11 + ""]/td[13]/a[2]"])): Object: 'Object Repository/1. Constant/xpath' is clicked on

2022-06-09 20:22:15 - [MESSAGE][PASSED] - Object: 'Object Repository/1. Constant/xpath' is clicked on

2022-06-09 20:22:15 - [TEST_STEP][PASSED] - click(findTestObject("1. Constant/xpath", ["xpath":"//*[@id="ModifFiche"]/div[1]/div/button[2]"])): Object: 'Object Repository/1. Constant/xpath' is clicked on

2022-06-09 20:22:18 - [MESSAGE][PASSED] - Object: 'Object Repository/1. Constant/xpath' is clicked on

2022-06-09 20:22:18 - [TEST_STEP][PASSED] - Lifecycle_Status2 = getText(findTestObject("1. Constant/xpath", ["xpath":"//*[@id="source_" + refID11 + ""]/td[12]/span[1]"])): Text of object 'Object Repository/1. Constant/xpath' is: 'Phase 3.5[Prod]'

2022-06-09 20:22:18 - [MESSAGE][PASSED] - Text of object 'Object Repository/1. Constant/xpath' is: 'Phase 3.5[Prod]'

2022-06-09 20:22:18 - [TEST_STEP][PASSED] - verifyMatch(Lifecycle_Status2, "Phase 3.5[Prod]", false): Actual text 'Phase 3.5[Prod]' and expected text 'Phase 3.5[Prod]' are matched 

2022-06-09 20:22:18 - [MESSAGE][PASSED] - Actual text 'Phase 3.5[Prod]' and expected text 'Phase 3.5[Prod]' are matched 

2022-06-09 20:22:18 - [TEST_STEP][PASSED] - I.Logout(): Delayed 3 second(s)

2022-06-09 20:22:21 - [MESSAGE][PASSED] - Delayed 3 second(s)

2022-06-09 20:22:21 - [MESSAGE][PASSED] - Object: 'Object Repository/1. Constant/xpath' is clicked on

2022-06-09 20:22:24 - [MESSAGE][PASSED] - Delayed 3 second(s)

2022-06-09 20:22:27 - [MESSAGE][PASSED] - Object: 'Object Repository/1. Constant/xpath' is clicked on

2022-06-09 20:22:30 - [MESSAGE][PASSED] - Delayed 3 second(s)

2022-06-09 20:22:30 - [TEST_STEP][PASSED] - I.Login_password("lmary", password_lmary): Object: 'Object Repository/1. Constant/xpath' is clicked on

2022-06-09 20:22:30 - [MESSAGE][PASSED] - Text 'lmary' is set on object 'Object Repository/1. Constant/xpath'

2022-06-09 20:22:31 - [MESSAGE][PASSED] - Delayed 1 second(s)

2022-06-09 20:22:31 - [MESSAGE][PASSED] - Text 'diadeis' is set on object 'Object Repository/1. Constant/xpath'

2022-06-09 20:22:32 - [MESSAGE][PASSED] - Delayed 1 second(s)

2022-06-09 20:22:36 - [MESSAGE][PASSED] - Object: 'Object Repository/1. Constant/xpath' is clicked on

2022-06-09 20:22:36 - [TEST_STEP][PASSED] - click(findTestObject("1. Constant/02_LHSMenu_Projects")): Object: 'Object Repository/1. Constant/02_LHSMenu_Projects' is clicked on

2022-06-09 20:22:37 - [MESSAGE][PASSED] - Object: 'Object Repository/1. Constant/02_LHSMenu_Projects' is clicked on

2022-06-09 20:22:37 - [TEST_STEP][PASSED] - I.SearchProjectNo_xpath(Project_No, "//*[@id="keynum_project"]", "//*[@id="form_filters"]/div[4]/button"): Delayed 5 second(s)

2022-06-09 20:22:38 - [MESSAGE][PASSED] - Delayed 1 second(s)

2022-06-09 20:22:39 - [MESSAGE][PASSED] - Text 'MI000876' is set on object 'Object Repository/1. Constant/xpath'

2022-06-09 20:22:42 - [MESSAGE][PASSED] - Delayed 3 second(s)

2022-06-09 20:22:42 - [MESSAGE][PASSED] - Scroll to object 'Object Repository/1. Constant/xpath' successfully

2022-06-09 20:22:47 - [MESSAGE][PASSED] - Object: 'Object Repository/1. Constant/xpath' is clicked on

2022-06-09 20:22:52 - [MESSAGE][PASSED] - Delayed 5 second(s)

2022-06-09 20:22:52 - [TEST_STEP][PASSED] - takeScreenshot(): Taking screenshot successfully

2022-06-09 20:22:52 - [MESSAGE][PASSED] - Taking screenshot successfully
[[ATTACHMENT|D:\\Projet Test Auto\\Mediabox Test Automation\\Reports\\20220609_181011\\03. Parallel Testing (Testing)\\TS -PT PART 3\\14.03 Dreyers Support Action (Ongoing _ Completed ref) - PART 3\\20220609_181101\\1654798972427.png]]

2022-06-09 20:22:52 - [TEST_STEP][PASSED] - I.SearchRefNo_xpath("P11_Auto", "//*[@id="fiche_filter_keywords11"]", "//*[@id="form_filters"]/div[3]/button"): Delayed 5 second(s)

2022-06-09 20:22:53 - [MESSAGE][PASSED] - Delayed 1 second(s)

2022-06-09 20:22:54 - [MESSAGE][PASSED] - Text 'P11_Auto' is set on object 'Object Repository/1. Constant/xpath'

2022-06-09 20:22:57 - [MESSAGE][PASSED] - Delayed 3 second(s)

2022-06-09 20:22:57 - [MESSAGE][PASSED] - Scroll to object 'Object Repository/1. Constant/xpath' successfully

2022-06-09 20:23:00 - [MESSAGE][PASSED] - Object: 'Object Repository/1. Constant/xpath' is clicked on

2022-06-09 20:23:05 - [MESSAGE][PASSED] - Delayed 5 second(s)

2022-06-09 20:23:05 - [TEST_STEP][PASSED] - takeScreenshot(): Taking screenshot successfully

2022-06-09 20:23:05 - [MESSAGE][PASSED] - Taking screenshot successfully
[[ATTACHMENT|D:\\Projet Test Auto\\Mediabox Test Automation\\Reports\\20220609_181011\\03. Parallel Testing (Testing)\\TS -PT PART 3\\14.03 Dreyers Support Action (Ongoing _ Completed ref) - PART 3\\20220609_181101\\1654798985561.png]]

2022-06-09 20:23:05 - [TEST_STEP][PASSED] - color3 = getCSSValue(findTestObject("1. Constant/xpath", ["xpath":"//*[@id="source_" + refID11 + ""]/td[13]/a"]), "color", OPTIONAL): Get CSS 'color' value on 'Object Repository/1. Constant/xpath' successfully: 'rgba(255, 255, 255, 1)'.

2022-06-09 20:23:05 - [MESSAGE][PASSED] - Get CSS 'color' value on 'Object Repository/1. Constant/xpath' successfully: 'rgba(255, 255, 255, 1)'.

2022-06-09 20:23:05 - [TEST_STEP][PASSED] - while (color3 == "rgba(255, 255, 255, 1)"): Get CSS 'color' value on 'Object Repository/1. Constant/xpath' successfully: 'rgba(54, 153, 255, 1)'.

2022-06-09 20:23:05 - [TEST_STEP][PASSED] - click(findTestObject("1. Constant/xpath", ["xpath":"//*[@id="source_" + refID11 + ""]/td[13]/a"])): Object: 'Object Repository/1. Constant/xpath' is clicked on

2022-06-09 20:23:08 - [MESSAGE][PASSED] - Object: 'Object Repository/1. Constant/xpath' is clicked on

2022-06-09 20:23:08 - [TEST_STEP][PASSED] - selectOptionByValue(findTestObject("1. Constant/xpath", ["xpath":"//*[@id="id_approval_flow_tpl"]"]), "80", false): All options with value '80' are selected in object 'Object Repository/1. Constant/xpath' 

2022-06-09 20:23:08 - [MESSAGE][PASSED] - All options with value '80' are selected in object 'Object Repository/1. Constant/xpath' 

2022-06-09 20:23:08 - [TEST_STEP][PASSED] - I.UploadDoc_sendkey_Prod(findTestObject("1. Constant/xpath", ["xpath":"//*[@id="kt_body"]/input[2]"]), "D:\Upoad_File\Upload doc\testdata1.jpg", "testdata1"): Delayed 5 second(s)

2022-06-09 20:23:09 - [MESSAGE][PASSED] - Scroll to object 'Object Repository/1. Constant/xpath' successfully

2022-06-09 20:23:14 - [MESSAGE][PASSED] - Delayed 5 second(s)

2022-06-09 20:23:14 - [MESSAGE][PASSED] - File 'D:\Upoad_File\Upload doc\testdata1.jpg' sent to object: 'Object Repository/1. Constant/xpath'

2022-06-09 20:23:19 - [MESSAGE][PASSED] - Delayed 5 second(s)

2022-06-09 20:23:19 - [MESSAGE][PASSED] - Text 'testdata1' is present on page 

2022-06-09 20:23:24 - [MESSAGE][PASSED] - Delayed 5 second(s)

2022-06-09 20:23:29 - [MESSAGE][PASSED] - Delayed 5 second(s)

2022-06-09 20:23:29 - [TEST_STEP][PASSED] - takeScreenshot(): Taking screenshot successfully

2022-06-09 20:23:29 - [MESSAGE][PASSED] - Taking screenshot successfully
[[ATTACHMENT|D:\\Projet Test Auto\\Mediabox Test Automation\\Reports\\20220609_181011\\03. Parallel Testing (Testing)\\TS -PT PART 3\\14.03 Dreyers Support Action (Ongoing _ Completed ref) - PART 3\\20220609_181101\\1654799009494.png]]

2022-06-09 20:23:29 - [TEST_STEP][PASSED] - delay(10): Delayed 10 second(s)

2022-06-09 20:23:39 - [MESSAGE][PASSED] - Delayed 10 second(s)

2022-06-09 20:23:39 - [TEST_STEP][PASSED] - click(findTestObject("HL Full Lifecycle/12 ReferncePage_Button_Updatensenddoc")): Object: 'Object Repository/HL Full Lifecycle/12 ReferncePage_Button_Updatensenddoc' is clicked on

2022-06-09 20:23:43 - [MESSAGE][PASSED] - Object: 'Object Repository/HL Full Lifecycle/12 ReferncePage_Button_Updatensenddoc' is clicked on

2022-06-09 20:23:43 - [TEST_STEP][PASSED] - delay(5): Delayed 5 second(s)

2022-06-09 20:23:48 - [MESSAGE][PASSED] - Delayed 5 second(s)

2022-06-09 20:23:48 - [TEST_STEP][PASSED] - color3 = getCSSValue(findTestObject("1. Constant/xpath", ["xpath":"//*[@id="source_" + refID11 + ""]/td[13]/a"]), "color", OPTIONAL): Get CSS 'color' value on 'Object Repository/1. Constant/xpath' successfully: 'rgba(54, 153, 255, 1)'.

2022-06-09 20:23:48 - [MESSAGE][PASSED] - Get CSS 'color' value on 'Object Repository/1. Constant/xpath' successfully: 'rgba(54, 153, 255, 1)'.

2022-06-09 20:23:48 - [TEST_STEP][PASSED] - I.Logout(): Delayed 3 second(s)

2022-06-09 20:23:51 - [MESSAGE][PASSED] - Delayed 3 second(s)

2022-06-09 20:23:51 - [MESSAGE][PASSED] - Object: 'Object Repository/1. Constant/xpath' is clicked on

2022-06-09 20:23:54 - [MESSAGE][PASSED] - Delayed 3 second(s)

2022-06-09 20:23:56 - [MESSAGE][PASSED] - Object: 'Object Repository/1. Constant/xpath' is clicked on

2022-06-09 20:23:59 - [MESSAGE][PASSED] - Delayed 3 second(s)

2022-06-09 20:23:59 - [TEST_STEP][PASSED] - I.Login_password("blemco", password_blemco): Object: 'Object Repository/1. Constant/xpath' is clicked on

2022-06-09 20:23:59 - [MESSAGE][PASSED] - Text 'blemco' is set on object 'Object Repository/1. Constant/xpath'

2022-06-09 20:24:00 - [MESSAGE][PASSED] - Delayed 1 second(s)

2022-06-09 20:24:01 - [MESSAGE][PASSED] - Text 'diadeis1' is set on object 'Object Repository/1. Constant/xpath'

2022-06-09 20:24:02 - [MESSAGE][PASSED] - Delayed 1 second(s)

2022-06-09 20:24:07 - [MESSAGE][PASSED] - Object: 'Object Repository/1. Constant/xpath' is clicked on

2022-06-09 20:24:07 - [TEST_STEP][PASSED] - click(findTestObject("1. Constant/02_LHSMenu_Projects")): Object: 'Object Repository/1. Constant/02_LHSMenu_Projects' is clicked on

2022-06-09 20:24:10 - [MESSAGE][PASSED] - Object: 'Object Repository/1. Constant/02_LHSMenu_Projects' is clicked on

2022-06-09 20:24:10 - [TEST_STEP][PASSED] - I.SearchProjectNo_xpath(Project_No, "//*[@id="keynum_project"]", "//*[@id="form_filters"]/div[4]/button"): Delayed 5 second(s)

2022-06-09 20:24:11 - [MESSAGE][PASSED] - Delayed 1 second(s)

2022-06-09 20:24:12 - [MESSAGE][PASSED] - Text 'MI000876' is set on object 'Object Repository/1. Constant/xpath'

2022-06-09 20:24:15 - [MESSAGE][PASSED] - Delayed 3 second(s)

2022-06-09 20:24:16 - [MESSAGE][PASSED] - Scroll to object 'Object Repository/1. Constant/xpath' successfully

2022-06-09 20:24:20 - [MESSAGE][PASSED] - Object: 'Object Repository/1. Constant/xpath' is clicked on

2022-06-09 20:24:25 - [MESSAGE][PASSED] - Delayed 5 second(s)

2022-06-09 20:24:25 - [TEST_STEP][PASSED] - takeScreenshot(): Taking screenshot successfully

2022-06-09 20:24:26 - [MESSAGE][PASSED] - Taking screenshot successfully
[[ATTACHMENT|D:\\Projet Test Auto\\Mediabox Test Automation\\Reports\\20220609_181011\\03. Parallel Testing (Testing)\\TS -PT PART 3\\14.03 Dreyers Support Action (Ongoing _ Completed ref) - PART 3\\20220609_181101\\1654799066107.png]]

2022-06-09 20:24:26 - [TEST_STEP][PASSED] - I.SearchRefNo_xpath("P11_Auto", "//*[@id="fiche_filter_keywords11"]", "//*[@id="form_filters"]/div[3]/button"): Delayed 5 second(s)

2022-06-09 20:24:27 - [MESSAGE][PASSED] - Delayed 1 second(s)

2022-06-09 20:24:27 - [MESSAGE][PASSED] - Text 'P11_Auto' is set on object 'Object Repository/1. Constant/xpath'

2022-06-09 20:24:30 - [MESSAGE][PASSED] - Delayed 3 second(s)

2022-06-09 20:24:31 - [MESSAGE][PASSED] - Scroll to object 'Object Repository/1. Constant/xpath' successfully

2022-06-09 20:24:33 - [MESSAGE][PASSED] - Object: 'Object Repository/1. Constant/xpath' is clicked on

2022-06-09 20:24:38 - [MESSAGE][PASSED] - Delayed 5 second(s)

2022-06-09 20:24:38 - [TEST_STEP][PASSED] - I.AWF_approve_byaction(findTestObject("1. Constant/xpath", ["xpath":"//*[@id="source_" + refID11 + ""]/td[13]/a[2]"])): Object: 'Object Repository/HL Full Lifecycle/Function_Appbutton2' is clicked on

2022-06-09 20:24:43 - [MESSAGE][PASSED] - Delayed 5 second(s)

2022-06-09 20:24:44 - [MESSAGE][PASSED] - Object: 'Object Repository/1. Constant/xpath' is clicked on

2022-06-09 20:24:46 - [MESSAGE][PASSED] - Object: 'Object Repository/HL Full Lifecycle/Function_access Viewer2' is hovered

2022-06-09 20:24:49 - [MESSAGE][PASSED] - Delayed 3 second(s)

2022-06-09 20:24:50 - [MESSAGE][PASSED] - Object: 'Object Repository/HL Full Lifecycle/Function_access Viewer2' is clicked on

2022-06-09 20:24:55 - [MESSAGE][PASSED] - Delayed 5 second(s)

2022-06-09 20:24:55 - [MESSAGE][PASSED] - Object: 'Object Repository/HL Full Lifecycle/Function_AppButton' is clicked on

2022-06-09 20:25:00 - [MESSAGE][PASSED] - Delayed 5 second(s)

2022-06-09 20:25:06 - [MESSAGE][PASSED] - Object: 'Object Repository/HL Full Lifecycle/Function_Appbutton2' is clicked on

2022-06-09 20:25:06 - [TEST_STEP][PASSED] - Lifecycle_Status3 = getText(findTestObject("1. Constant/xpath", ["xpath":"//*[@id="source_" + refID11 + ""]/td[12]/span[1]"])): Text of object 'Object Repository/1. Constant/xpath' is: 'Phase 1.1 [Standard]'

2022-06-09 20:25:07 - [MESSAGE][PASSED] - Text of object 'Object Repository/1. Constant/xpath' is: 'Phase 1.1 [Standard]'

2022-06-09 20:25:07 - [TEST_STEP][PASSED] - verifyMatch(Lifecycle_Status3, "Phase 1.1 [Standard]", false): Actual text 'Phase 1.1 [Standard]' and expected text 'Phase 1.1 [Standard]' are matched 

2022-06-09 20:25:07 - [MESSAGE][PASSED] - Actual text 'Phase 1.1 [Standard]' and expected text 'Phase 1.1 [Standard]' are matched 

2022-06-09 20:25:07 - [TEST_STEP][PASSED] - I.Logout(): Delayed 3 second(s)

2022-06-09 20:25:10 - [MESSAGE][PASSED] - Delayed 3 second(s)

2022-06-09 20:25:10 - [MESSAGE][PASSED] - Object: 'Object Repository/1. Constant/xpath' is clicked on

2022-06-09 20:25:13 - [MESSAGE][PASSED] - Delayed 3 second(s)

2022-06-09 20:25:15 - [MESSAGE][PASSED] - Object: 'Object Repository/1. Constant/xpath' is clicked on

2022-06-09 20:25:18 - [MESSAGE][PASSED] - Delayed 3 second(s)

2022-06-09 20:25:18 - [TEST_STEP][PASSED] - I.Login_password("nturner", password_nturner): Object: 'Object Repository/1. Constant/xpath' is clicked on

2022-06-09 20:25:19 - [MESSAGE][PASSED] - Text 'nturner' is set on object 'Object Repository/1. Constant/xpath'

2022-06-09 20:25:20 - [MESSAGE][PASSED] - Delayed 1 second(s)

2022-06-09 20:25:20 - [MESSAGE][PASSED] - Text 'diadeis1' is set on object 'Object Repository/1. Constant/xpath'

2022-06-09 20:25:21 - [MESSAGE][PASSED] - Delayed 1 second(s)

2022-06-09 20:25:25 - [MESSAGE][PASSED] - Object: 'Object Repository/1. Constant/xpath' is clicked on

2022-06-09 20:25:25 - [TEST_STEP][PASSED] - click(findTestObject("1. Constant/02_LHSMenu_Projects")): Object: 'Object Repository/1. Constant/02_LHSMenu_Projects' is clicked on

2022-06-09 20:25:27 - [MESSAGE][PASSED] - Object: 'Object Repository/1. Constant/02_LHSMenu_Projects' is clicked on

2022-06-09 20:25:27 - [TEST_STEP][PASSED] - I.SearchProjectNo_xpath(Project_No, "//*[@id="keynum_project"]", "//*[@id="form_filters"]/div[4]/button"): Delayed 5 second(s)

2022-06-09 20:25:28 - [MESSAGE][PASSED] - Delayed 1 second(s)

2022-06-09 20:25:30 - [MESSAGE][PASSED] - Text 'MI000876' is set on object 'Object Repository/1. Constant/xpath'

2022-06-09 20:25:33 - [MESSAGE][PASSED] - Delayed 3 second(s)

2022-06-09 20:25:33 - [MESSAGE][PASSED] - Scroll to object 'Object Repository/1. Constant/xpath' successfully

2022-06-09 20:25:36 - [MESSAGE][PASSED] - Object: 'Object Repository/1. Constant/xpath' is clicked on

2022-06-09 20:25:41 - [MESSAGE][PASSED] - Delayed 5 second(s)

2022-06-09 20:25:41 - [TEST_STEP][PASSED] - takeScreenshot(): Taking screenshot successfully

2022-06-09 20:25:42 - [MESSAGE][PASSED] - Taking screenshot successfully
[[ATTACHMENT|D:\\Projet Test Auto\\Mediabox Test Automation\\Reports\\20220609_181011\\03. Parallel Testing (Testing)\\TS -PT PART 3\\14.03 Dreyers Support Action (Ongoing _ Completed ref) - PART 3\\20220609_181101\\1654799141801.png]]

2022-06-09 20:25:42 - [TEST_STEP][PASSED] - I.SearchRefNo_xpath("P11_Auto", "//*[@id="fiche_filter_keywords11"]", "//*[@id="form_filters"]/div[3]/button"): Delayed 5 second(s)

2022-06-09 20:25:43 - [MESSAGE][PASSED] - Delayed 1 second(s)

2022-06-09 20:25:46 - [MESSAGE][PASSED] - Text 'P11_Auto' is set on object 'Object Repository/1. Constant/xpath'

2022-06-09 20:25:49 - [MESSAGE][PASSED] - Delayed 3 second(s)

2022-06-09 20:25:49 - [MESSAGE][PASSED] - Scroll to object 'Object Repository/1. Constant/xpath' successfully

2022-06-09 20:25:51 - [MESSAGE][PASSED] - Object: 'Object Repository/1. Constant/xpath' is clicked on

2022-06-09 20:25:56 - [MESSAGE][PASSED] - Delayed 5 second(s)

2022-06-09 20:25:56 - [TEST_STEP][PASSED] - delay(1): Delayed 1 second(s)

2022-06-09 20:25:57 - [MESSAGE][PASSED] - Delayed 1 second(s)

2022-06-09 20:25:57 - [TEST_STEP][PASSED] - Lifecycle_Status4 = getText(findTestObject("1. Constant/xpath", ["xpath":"//*[@id="source_" + refID11 + ""]/td[12]/span[1]"])): Text of object 'Object Repository/1. Constant/xpath' is: 'Phase 1.1 [Standard]'

2022-06-09 20:25:57 - [MESSAGE][PASSED] - Text of object 'Object Repository/1. Constant/xpath' is: 'Phase 1.1 [Standard]'

2022-06-09 20:25:57 - [TEST_STEP][PASSED] - verifyMatch(Lifecycle_Status4, "Phase 1.1 [Standard]", false): Actual text 'Phase 1.1 [Standard]' and expected text 'Phase 1.1 [Standard]' are matched 

2022-06-09 20:25:57 - [MESSAGE][PASSED] - Actual text 'Phase 1.1 [Standard]' and expected text 'Phase 1.1 [Standard]' are matched 

2022-06-09 20:25:57 - [TEST_STEP][PASSED] - I.Logout(): Delayed 3 second(s)

2022-06-09 20:26:00 - [MESSAGE][PASSED] - Delayed 3 second(s)

2022-06-09 20:26:00 - [MESSAGE][PASSED] - Object: 'Object Repository/1. Constant/xpath' is clicked on

2022-06-09 20:26:03 - [MESSAGE][PASSED] - Delayed 3 second(s)

2022-06-09 20:26:05 - [MESSAGE][PASSED] - Object: 'Object Repository/1. Constant/xpath' is clicked on

2022-06-09 20:26:08 - [MESSAGE][PASSED] - Delayed 3 second(s)

2022-06-09 20:26:08 - [TEST_STEP][PASSED] - I.Login_password("blemco", password_blemco): Object: 'Object Repository/1. Constant/xpath' is clicked on

2022-06-09 20:26:08 - [MESSAGE][PASSED] - Text 'blemco' is set on object 'Object Repository/1. Constant/xpath'

2022-06-09 20:26:09 - [MESSAGE][PASSED] - Delayed 1 second(s)

2022-06-09 20:26:10 - [MESSAGE][PASSED] - Text 'diadeis1' is set on object 'Object Repository/1. Constant/xpath'

2022-06-09 20:26:11 - [MESSAGE][PASSED] - Delayed 1 second(s)

2022-06-09 20:26:14 - [MESSAGE][PASSED] - Object: 'Object Repository/1. Constant/xpath' is clicked on

2022-06-09 20:26:14 - [TEST_STEP][PASSED] - click(findTestObject("1. Constant/02_LHSMenu_Projects")): Object: 'Object Repository/1. Constant/02_LHSMenu_Projects' is clicked on

2022-06-09 20:26:17 - [MESSAGE][PASSED] - Object: 'Object Repository/1. Constant/02_LHSMenu_Projects' is clicked on

2022-06-09 20:26:17 - [TEST_STEP][PASSED] - I.SearchProjectNo_xpath(Project_No, "//*[@id="keynum_project"]", "//*[@id="form_filters"]/div[4]/button"): Delayed 5 second(s)

2022-06-09 20:26:18 - [MESSAGE][PASSED] - Delayed 1 second(s)

2022-06-09 20:26:19 - [MESSAGE][PASSED] - Text 'MI000876' is set on object 'Object Repository/1. Constant/xpath'

2022-06-09 20:26:22 - [MESSAGE][PASSED] - Delayed 3 second(s)

2022-06-09 20:26:22 - [MESSAGE][PASSED] - Scroll to object 'Object Repository/1. Constant/xpath' successfully

2022-06-09 20:26:25 - [MESSAGE][PASSED] - Object: 'Object Repository/1. Constant/xpath' is clicked on

2022-06-09 20:26:30 - [MESSAGE][PASSED] - Delayed 5 second(s)

2022-06-09 20:26:30 - [TEST_STEP][PASSED] - takeScreenshot(): Taking screenshot successfully

2022-06-09 20:26:30 - [MESSAGE][PASSED] - Taking screenshot successfully
[[ATTACHMENT|D:\\Projet Test Auto\\Mediabox Test Automation\\Reports\\20220609_181011\\03. Parallel Testing (Testing)\\TS -PT PART 3\\14.03 Dreyers Support Action (Ongoing _ Completed ref) - PART 3\\20220609_181101\\1654799190317.png]]

2022-06-09 20:26:30 - [TEST_STEP][PASSED] - I.SearchRefNo_xpath("P11_Auto", "//*[@id="fiche_filter_keywords11"]", "//*[@id="form_filters"]/div[3]/button"): Delayed 5 second(s)

2022-06-09 20:26:31 - [MESSAGE][PASSED] - Delayed 1 second(s)

2022-06-09 20:26:32 - [MESSAGE][PASSED] - Text 'P11_Auto' is set on object 'Object Repository/1. Constant/xpath'

2022-06-09 20:26:35 - [MESSAGE][PASSED] - Delayed 3 second(s)

2022-06-09 20:26:35 - [MESSAGE][PASSED] - Scroll to object 'Object Repository/1. Constant/xpath' successfully

2022-06-09 20:26:37 - [MESSAGE][PASSED] - Object: 'Object Repository/1. Constant/xpath' is clicked on

2022-06-09 20:26:42 - [MESSAGE][PASSED] - Delayed 5 second(s)

2022-06-09 20:26:42 - [TEST_STEP][PASSED] - takeScreenshot(): Taking screenshot successfully

2022-06-09 20:26:42 - [MESSAGE][PASSED] - Taking screenshot successfully
[[ATTACHMENT|D:\\Projet Test Auto\\Mediabox Test Automation\\Reports\\20220609_181011\\03. Parallel Testing (Testing)\\TS -PT PART 3\\14.03 Dreyers Support Action (Ongoing _ Completed ref) - PART 3\\20220609_181101\\1654799202405.png]]

2022-06-09 20:26:42 - [TEST_STEP][PASSED] - click(findTestObject("1. Constant/xpath", ["xpath":"//*[@id="source_" + refID11 + ""]/td[13]/a[3]"])): Object: 'Object Repository/1. Constant/xpath' is clicked on

2022-06-09 20:26:44 - [MESSAGE][PASSED] - Object: 'Object Repository/1. Constant/xpath' is clicked on

2022-06-09 20:26:44 - [TEST_STEP][PASSED] - click(findTestObject("1. Constant/xpath", ["xpath":"//*[@id="ModifFiche"]/div[1]/div/button[2]"])): Object: 'Object Repository/1. Constant/xpath' is clicked on

2022-06-09 20:26:47 - [MESSAGE][PASSED] - Object: 'Object Repository/1. Constant/xpath' is clicked on

2022-06-09 20:26:47 - [TEST_STEP][PASSED] - Lifecycle_Status5 = getText(findTestObject("1. Constant/xpath", ["xpath":"//*[@id="source_" + refID11 + ""]/td[12]/span[1]"])): Text of object 'Object Repository/1. Constant/xpath' is: 'Phase 1.2 [Standard Phase]'

2022-06-09 20:26:47 - [MESSAGE][PASSED] - Text of object 'Object Repository/1. Constant/xpath' is: 'Phase 1.2 [Standard Phase]'

2022-06-09 20:26:47 - [TEST_STEP][PASSED] - verifyMatch(Lifecycle_Status5, "Phase 1.2 [Standard Phase]", false): Actual text 'Phase 1.2 [Standard Phase]' and expected text 'Phase 1.2 [Standard Phase]' are matched 

2022-06-09 20:26:47 - [MESSAGE][PASSED] - Actual text 'Phase 1.2 [Standard Phase]' and expected text 'Phase 1.2 [Standard Phase]' are matched 

2022-06-09 20:26:47 - [TEST_STEP][PASSED] - closeBrowser(): Browser is closed

2022-06-09 20:26:48 - [MESSAGE][PASSED] - Browser is closed

2022-06-09 20:26:48 - [TEST_STEP][PASSED] - Start listener action : sampleAfterTestCase: null]]></system-out>
         <system-err><![CDATA[]]></system-err>
      </testcase>
      <testcase name="Test Cases/19. Dreyers Support Action (Ongoing ref_completed)/19.12 Dreyers SAS Add Step Group (Ongoing ref) S17- P12" time="517.779" classname="Test Cases/19. Dreyers Support Action (Ongoing ref_completed)/19.12 Dreyers SAS Add Step Group (Ongoing ref) S17- P12" status="PASSED">
         <system-out><![CDATA[2022-06-09 20:26:48 - [TEST_CASE][PASSED] - Test Cases/19. Dreyers Support Action (Ongoing ref_completed)/19.12 Dreyers SAS Add Step Group (Ongoing ref) S17- P12: Test Cases/19. Dreyers Support Action (Ongoing ref_completed)/19.12 Dreyers SAS Add Step Group (Ongoing ref) S17- P12

2022-06-09 20:26:49 - [TEST_STEP][PASSED] - data_Dreyers = findTestData("Data Files/Username_Password/Dreyer"): null

2022-06-09 20:26:49 - [TEST_STEP][PASSED] - password_suser = data_Dreyers.getValue(2, 1): null

2022-06-09 20:26:49 - [TEST_STEP][PASSED] - password_blemco = data_Dreyers.getValue(2, 2): null

2022-06-09 20:26:49 - [TEST_STEP][PASSED] - password_amassoth = data_Dreyers.getValue(2, 3): null

2022-06-09 20:26:49 - [TEST_STEP][PASSED] - password_bharandi = data_Dreyers.getValue(2, 4): null

2022-06-09 20:26:49 - [TEST_STEP][PASSED] - password_mbaughman = data_Dreyers.getValue(2, 5): null

2022-06-09 20:26:49 - [TEST_STEP][PASSED] - password_nturner = data_Dreyers.getValue(2, 6): null

2022-06-09 20:26:49 - [TEST_STEP][PASSED] - password_talexeeva = data_Dreyers.getValue(2, 7): null

2022-06-09 20:26:49 - [TEST_STEP][PASSED] - password_bmilhomme = data_Dreyers.getValue(2, 8): null

2022-06-09 20:26:49 - [TEST_STEP][PASSED] - password_rjaiven = data_Dreyers.getValue(2, 9): null

2022-06-09 20:26:49 - [TEST_STEP][PASSED] - password_agarcia = data_Dreyers.getValue(2, 10): null

2022-06-09 20:26:49 - [TEST_STEP][PASSED] - password_bcollins = data_Dreyers.getValue(2, 11): null

2022-06-09 20:26:49 - [TEST_STEP][PASSED] - password_jryan = data_Dreyers.getValue(2, 12): null

2022-06-09 20:26:49 - [TEST_STEP][PASSED] - password_lmary = data_Dreyers.getValue(2, 13): null

2022-06-09 20:26:49 - [TEST_STEP][PASSED] - data_urlRELAUTO = findTestData("Data Files/URL/URL_relauto"): null

2022-06-09 20:26:49 - [TEST_STEP][PASSED] - Url_Dreyer = data_urlRELAUTO.getValue(2, 4): null

2022-06-09 20:26:49 - [TEST_STEP][PASSED] - Project_No = I.readnotepad("D:\Upoad_File\Projet_ Login\Dreyers\19.1\19.1_Dreyers_ProjectNo.txt"): null

2022-06-09 20:26:49 - [TEST_STEP][PASSED] - refID = I.readnotepad("D:\Upoad_File\Projet_ Login\Dreyers\19.1\19.1_Dreyers_refID.txt"): null

2022-06-09 20:26:49 - [TEST_STEP][PASSED] - openBrowser(Url_Dreyer): Browser is opened with url: 'http://mdb-release.diadeis.lan/MediaboxIndependence/?MBI_datasource=RELTESTAUTO_DREYERS'

2022-06-09 20:26:49 - [MESSAGE][INFO] - Starting 'Chrome (headless)' driver

2022-06-09 20:26:49 - [MESSAGE][INFO] - User set preference: ['args', '[--window-size=1920,1080, --headless]']

2022-06-09 20:26:49 - [MESSAGE][INFO] - Action delay is set to 0 milliseconds

2022-06-09 20:26:55 - [MESSAGE][PASSED] - Browser is opened with url: 'http://mdb-release.diadeis.lan/MediaboxIndependence/?MBI_datasource=RELTESTAUTO_DREYERS'

2022-06-09 20:26:55 - [TEST_STEP][PASSED] - maximizeWindow(): Current window maximized

2022-06-09 20:26:55 - [MESSAGE][PASSED] - Current window maximized

2022-06-09 20:26:55 - [TEST_STEP][PASSED] - I.Login_password("suser", password_suser): Object: 'Object Repository/1. Constant/xpath' is clicked on

2022-06-09 20:26:55 - [MESSAGE][PASSED] - Text 'suser' is set on object 'Object Repository/1. Constant/xpath'

2022-06-09 20:26:56 - [MESSAGE][PASSED] - Delayed 1 second(s)

2022-06-09 20:26:57 - [MESSAGE][PASSED] - Text 'diadeis' is set on object 'Object Repository/1. Constant/xpath'

2022-06-09 20:26:58 - [MESSAGE][PASSED] - Delayed 1 second(s)

2022-06-09 20:27:04 - [MESSAGE][PASSED] - Object: 'Object Repository/1. Constant/xpath' is clicked on

2022-06-09 20:27:04 - [TEST_STEP][PASSED] - click(findTestObject("1. Constant/02_LHSMenu_Projects")): Object: 'Object Repository/1. Constant/02_LHSMenu_Projects' is clicked on

2022-06-09 20:27:08 - [MESSAGE][PASSED] - Object: 'Object Repository/1. Constant/02_LHSMenu_Projects' is clicked on

2022-06-09 20:27:08 - [TEST_STEP][PASSED] - I.SearchProjectNo_xpath(Project_No, "//*[@id="keynum_project"]", "//*[@id="form_filters"]/div[4]/button"): Delayed 5 second(s)

2022-06-09 20:27:09 - [MESSAGE][PASSED] - Delayed 1 second(s)

2022-06-09 20:27:10 - [MESSAGE][PASSED] - Text 'MI000876' is set on object 'Object Repository/1. Constant/xpath'

2022-06-09 20:27:13 - [MESSAGE][PASSED] - Delayed 3 second(s)

2022-06-09 20:27:14 - [MESSAGE][PASSED] - Scroll to object 'Object Repository/1. Constant/xpath' successfully

2022-06-09 20:27:18 - [MESSAGE][PASSED] - Object: 'Object Repository/1. Constant/xpath' is clicked on

2022-06-09 20:27:23 - [MESSAGE][PASSED] - Delayed 5 second(s)

2022-06-09 20:27:23 - [TEST_STEP][PASSED] - takeScreenshot(): Taking screenshot successfully

2022-06-09 20:27:23 - [MESSAGE][PASSED] - Taking screenshot successfully
[[ATTACHMENT|D:\\Projet Test Auto\\Mediabox Test Automation\\Reports\\20220609_181011\\03. Parallel Testing (Testing)\\TS -PT PART 3\\14.03 Dreyers Support Action (Ongoing _ Completed ref) - PART 3\\20220609_181101\\1654799243205.png]]

2022-06-09 20:27:23 - [TEST_STEP][PASSED] - click(findTestObject("1. Constant/xpath", ["xpath":"//*[@id="create_ref_btn"]/button"])): Object: 'Object Repository/1. Constant/xpath' is clicked on

2022-06-09 20:27:23 - [MESSAGE][PASSED] - Object: 'Object Repository/1. Constant/xpath' is clicked on

2022-06-09 20:27:23 - [TEST_STEP][PASSED] - delay(1): Delayed 1 second(s)

2022-06-09 20:27:24 - [MESSAGE][PASSED] - Delayed 1 second(s)

2022-06-09 20:27:24 - [TEST_STEP][PASSED] - click(findTestObject("1. Constant/xpath", ["xpath":"//*[@id="create_ref_btn"]/div/a"])): Object: 'Object Repository/1. Constant/xpath' is clicked on

2022-06-09 20:27:26 - [MESSAGE][PASSED] - Object: 'Object Repository/1. Constant/xpath' is clicked on

2022-06-09 20:27:26 - [TEST_STEP][PASSED] - selectOptionByValue(findTestObject("1. Constant/xpath", ["xpath":"//*[@id="lfc_tpl"]"]), "36", false): All options with value '36' are selected in object 'Object Repository/1. Constant/xpath' 

2022-06-09 20:27:27 - [MESSAGE][PASSED] - All options with value '36' are selected in object 'Object Repository/1. Constant/xpath' 

2022-06-09 20:27:27 - [TEST_STEP][PASSED] - ref_name = "P12_Auto_SAS_S17_" + RandomStringUtils.randomAlphanumeric(5) + I.gettimedate(): null

2022-06-09 20:27:27 - [TEST_STEP][PASSED] - delay(1): Delayed 1 second(s)

2022-06-09 20:27:28 - [MESSAGE][PASSED] - Delayed 1 second(s)

2022-06-09 20:27:28 - [TEST_STEP][PASSED] - setText(findTestObject("1. Constant/xpath", ["xpath":"//*[@id="var_name"]"]), ref_name): Text 'P12_Auto_SAS_S17_IQqQ8juin092022_202727' is set on object 'Object Repository/1. Constant/xpath'

2022-06-09 20:27:29 - [MESSAGE][PASSED] - Text 'P12_Auto_SAS_S17_IQqQ8juin092022_202727' is set on object 'Object Repository/1. Constant/xpath'

2022-06-09 20:27:29 - [TEST_STEP][PASSED] - takeScreenshot(): Taking screenshot successfully

2022-06-09 20:27:29 - [MESSAGE][PASSED] - Taking screenshot successfully
[[ATTACHMENT|D:\\Projet Test Auto\\Mediabox Test Automation\\Reports\\20220609_181011\\03. Parallel Testing (Testing)\\TS -PT PART 3\\14.03 Dreyers Support Action (Ongoing _ Completed ref) - PART 3\\20220609_181101\\1654799249543.png]]

2022-06-09 20:27:29 - [TEST_STEP][PASSED] - click(findTestObject("1. Constant/xpath", ["xpath":"//*[@id="createRefBottom"]"])): Object: 'Object Repository/1. Constant/xpath' is clicked on

2022-06-09 20:27:32 - [MESSAGE][PASSED] - Object: 'Object Repository/1. Constant/xpath' is clicked on

2022-06-09 20:27:32 - [TEST_STEP][PASSED] - delay(1): Delayed 1 second(s)

2022-06-09 20:27:33 - [MESSAGE][PASSED] - Delayed 1 second(s)

2022-06-09 20:27:33 - [TEST_STEP][PASSED] - takeScreenshot(): Taking screenshot successfully

2022-06-09 20:27:33 - [MESSAGE][PASSED] - Taking screenshot successfully
[[ATTACHMENT|D:\\Projet Test Auto\\Mediabox Test Automation\\Reports\\20220609_181011\\03. Parallel Testing (Testing)\\TS -PT PART 3\\14.03 Dreyers Support Action (Ongoing _ Completed ref) - PART 3\\20220609_181101\\1654799253473.png]]

2022-06-09 20:27:33 - [TEST_STEP][PASSED] - refID12 = I.RefID(): Current window's url is: 'http://mdb-release.diadeis.lan/MediaboxIndependence/Base/ExecAction?IDSession=MBI%21RELTESTAUTO_DREYERS%219UJB8W1A54QWT4THZ9OTNMJUK7PU55NHER6XDYPY&default_action=ModifierRef&id_project=MI000876&id_ref=5277&action_from=create_ref'

2022-06-09 20:27:38 - [MESSAGE][PASSED] - Delayed 5 second(s)

2022-06-09 20:27:38 - [MESSAGE][PASSED] - Current window's url is: 'http://mdb-release.diadeis.lan/MediaboxIndependence/Base/ExecAction?IDSession=MBI%21RELTESTAUTO_DREYERS%219UJB8W1A54QWT4THZ9OTNMJUK7PU55NHER6XDYPY&default_action=ModifierRef&id_project=MI000876&id_ref=5277&action_from=create_ref'

2022-06-09 20:27:38 - [TEST_STEP][PASSED] - click(findTestObject("1. Constant/xpath", ["xpath":"//*[@id="type_save"]"])): Object: 'Object Repository/1. Constant/xpath' is clicked on

2022-06-09 20:27:44 - [MESSAGE][PASSED] - Object: 'Object Repository/1. Constant/xpath' is clicked on

2022-06-09 20:27:44 - [TEST_STEP][PASSED] - takeScreenshot(): Taking screenshot successfully

2022-06-09 20:27:44 - [MESSAGE][PASSED] - Taking screenshot successfully
[[ATTACHMENT|D:\\Projet Test Auto\\Mediabox Test Automation\\Reports\\20220609_181011\\03. Parallel Testing (Testing)\\TS -PT PART 3\\14.03 Dreyers Support Action (Ongoing _ Completed ref) - PART 3\\20220609_181101\\1654799264455.png]]

2022-06-09 20:27:44 - [TEST_STEP][PASSED] - delay(1): Delayed 1 second(s)

2022-06-09 20:27:45 - [MESSAGE][PASSED] - Delayed 1 second(s)

2022-06-09 20:27:45 - [TEST_STEP][PASSED] - I.SearchRefNo_xpath("P12_Auto", "//*[@id="fiche_filter_keywords11"]", "//*[@id="form_filters"]/div[3]/button"): Delayed 5 second(s)

2022-06-09 20:27:46 - [MESSAGE][PASSED] - Delayed 1 second(s)

2022-06-09 20:27:47 - [MESSAGE][PASSED] - Text 'P12_Auto' is set on object 'Object Repository/1. Constant/xpath'

2022-06-09 20:27:50 - [MESSAGE][PASSED] - Delayed 3 second(s)

2022-06-09 20:27:50 - [MESSAGE][PASSED] - Scroll to object 'Object Repository/1. Constant/xpath' successfully

2022-06-09 20:27:54 - [MESSAGE][PASSED] - Object: 'Object Repository/1. Constant/xpath' is clicked on

2022-06-09 20:27:59 - [MESSAGE][PASSED] - Delayed 5 second(s)

2022-06-09 20:27:59 - [TEST_STEP][PASSED] - click(findTestObject("1. Constant/xpath", ["xpath":"//*[@id="source_" + refID12 + ""]/td[14]/a[3]"])): Object: 'Object Repository/1. Constant/xpath' is clicked on

2022-06-09 20:28:01 - [MESSAGE][PASSED] - Object: 'Object Repository/1. Constant/xpath' is clicked on

2022-06-09 20:28:01 - [TEST_STEP][PASSED] - click(findTestObject("1. Constant/xpath", ["xpath":"//*[@id="ModifFiche"]/div[1]/div/button[2]"])): Object: 'Object Repository/1. Constant/xpath' is clicked on

2022-06-09 20:28:08 - [MESSAGE][PASSED] - Object: 'Object Repository/1. Constant/xpath' is clicked on

2022-06-09 20:28:08 - [TEST_STEP][PASSED] - takeScreenshot(): Taking screenshot successfully

2022-06-09 20:28:08 - [MESSAGE][PASSED] - Taking screenshot successfully
[[ATTACHMENT|D:\\Projet Test Auto\\Mediabox Test Automation\\Reports\\20220609_181011\\03. Parallel Testing (Testing)\\TS -PT PART 3\\14.03 Dreyers Support Action (Ongoing _ Completed ref) - PART 3\\20220609_181101\\1654799288201.png]]

2022-06-09 20:28:08 - [TEST_STEP][PASSED] - delay(1): Delayed 1 second(s)

2022-06-09 20:28:09 - [MESSAGE][PASSED] - Delayed 1 second(s)

2022-06-09 20:28:09 - [TEST_STEP][PASSED] - click(findTestObject("1. Constant/xpath", ["xpath":"//*[@id="source_" + refID12 + ""]/td[14]/a[3]"])): Object: 'Object Repository/1. Constant/xpath' is clicked on

2022-06-09 20:28:12 - [MESSAGE][PASSED] - Object: 'Object Repository/1. Constant/xpath' is clicked on

2022-06-09 20:28:12 - [TEST_STEP][PASSED] - click(findTestObject("1. Constant/xpath", ["xpath":"//*[@id="ModifFiche"]/div[1]/div/button[2]"])): Object: 'Object Repository/1. Constant/xpath' is clicked on

2022-06-09 20:28:16 - [MESSAGE][PASSED] - Object: 'Object Repository/1. Constant/xpath' is clicked on

2022-06-09 20:28:16 - [TEST_STEP][PASSED] - takeScreenshot(): Taking screenshot successfully

2022-06-09 20:28:16 - [MESSAGE][PASSED] - Taking screenshot successfully
[[ATTACHMENT|D:\\Projet Test Auto\\Mediabox Test Automation\\Reports\\20220609_181011\\03. Parallel Testing (Testing)\\TS -PT PART 3\\14.03 Dreyers Support Action (Ongoing _ Completed ref) - PART 3\\20220609_181101\\1654799296587.png]]

2022-06-09 20:28:16 - [TEST_STEP][PASSED] - delay(1): Delayed 1 second(s)

2022-06-09 20:28:17 - [MESSAGE][PASSED] - Delayed 1 second(s)

2022-06-09 20:28:17 - [TEST_STEP][PASSED] - color1 = getCSSValue(findTestObject("1. Constant/xpath", ["xpath":"//*[@id="source_" + refID12 + ""]/td[14]/a[2]"]), "color", OPTIONAL): Get CSS 'color' value on 'Object Repository/1. Constant/xpath' successfully: 'rgba(255, 255, 255, 1)'.

2022-06-09 20:28:18 - [MESSAGE][PASSED] - Get CSS 'color' value on 'Object Repository/1. Constant/xpath' successfully: 'rgba(255, 255, 255, 1)'.

2022-06-09 20:28:18 - [TEST_STEP][PASSED] - I.print(color1): null

2022-06-09 20:28:18 - [TEST_STEP][PASSED] - while (color1 == "rgba(255, 255, 255, 1)"): Get CSS 'color' value on 'Object Repository/1. Constant/xpath' successfully: 'rgba(54, 153, 255, 1)'.

2022-06-09 20:28:18 - [TEST_STEP][PASSED] - click(findTestObject("1. Constant/xpath", ["xpath":"//*[@id="source_" + refID12 + ""]/td[14]/a[2]"])): Object: 'Object Repository/1. Constant/xpath' is clicked on

2022-06-09 20:28:19 - [MESSAGE][PASSED] - Object: 'Object Repository/1. Constant/xpath' is clicked on

2022-06-09 20:28:19 - [TEST_STEP][PASSED] - I.UploadDoc_sendkey_Prod(findTestObject("1. Constant/xpath", ["xpath":"//*[@id="kt_body"]/input[2]"]), "D:\Upoad_File\Upload doc\testdata1.pdf", "testdata1"): Delayed 5 second(s)

2022-06-09 20:28:19 - [MESSAGE][PASSED] - Scroll to object 'Object Repository/1. Constant/xpath' successfully

2022-06-09 20:28:24 - [MESSAGE][PASSED] - Delayed 5 second(s)

2022-06-09 20:28:25 - [MESSAGE][PASSED] - File 'D:\Upoad_File\Upload doc\testdata1.pdf' sent to object: 'Object Repository/1. Constant/xpath'

2022-06-09 20:28:30 - [MESSAGE][PASSED] - Delayed 5 second(s)

2022-06-09 20:28:30 - [MESSAGE][PASSED] - Text 'testdata1' is present on page 

2022-06-09 20:28:35 - [MESSAGE][PASSED] - Delayed 5 second(s)

2022-06-09 20:28:40 - [MESSAGE][PASSED] - Delayed 5 second(s)

2022-06-09 20:28:40 - [TEST_STEP][PASSED] - takeScreenshot(): Taking screenshot successfully

2022-06-09 20:28:40 - [MESSAGE][PASSED] - Taking screenshot successfully
[[ATTACHMENT|D:\\Projet Test Auto\\Mediabox Test Automation\\Reports\\20220609_181011\\03. Parallel Testing (Testing)\\TS -PT PART 3\\14.03 Dreyers Support Action (Ongoing _ Completed ref) - PART 3\\20220609_181101\\1654799320289.png]]

2022-06-09 20:28:40 - [TEST_STEP][PASSED] - delay(8): Delayed 8 second(s)

2022-06-09 20:28:48 - [MESSAGE][PASSED] - Delayed 8 second(s)

2022-06-09 20:28:48 - [TEST_STEP][PASSED] - click(findTestObject("HL Full Lifecycle/12 ReferncePage_Button_Updatensenddoc")): Object: 'Object Repository/HL Full Lifecycle/12 ReferncePage_Button_Updatensenddoc' is clicked on

2022-06-09 20:28:52 - [MESSAGE][PASSED] - Object: 'Object Repository/HL Full Lifecycle/12 ReferncePage_Button_Updatensenddoc' is clicked on

2022-06-09 20:28:52 - [TEST_STEP][PASSED] - delay(4): Delayed 4 second(s)

2022-06-09 20:28:56 - [MESSAGE][PASSED] - Delayed 4 second(s)

2022-06-09 20:28:56 - [TEST_STEP][PASSED] - color1 = getCSSValue(findTestObject("1. Constant/xpath", ["xpath":"//*[@id="source_" + refID12 + ""]/td[14]/a[2]"]), "color", OPTIONAL): Get CSS 'color' value on 'Object Repository/1. Constant/xpath' successfully: 'rgba(54, 153, 255, 1)'.

2022-06-09 20:28:57 - [MESSAGE][PASSED] - Get CSS 'color' value on 'Object Repository/1. Constant/xpath' successfully: 'rgba(54, 153, 255, 1)'.

2022-06-09 20:28:57 - [TEST_STEP][PASSED] - takeScreenshot(): Taking screenshot successfully

2022-06-09 20:28:57 - [MESSAGE][PASSED] - Taking screenshot successfully
[[ATTACHMENT|D:\\Projet Test Auto\\Mediabox Test Automation\\Reports\\20220609_181011\\03. Parallel Testing (Testing)\\TS -PT PART 3\\14.03 Dreyers Support Action (Ongoing _ Completed ref) - PART 3\\20220609_181101\\1654799337031.png]]

2022-06-09 20:28:57 - [TEST_STEP][PASSED] - click(findTestObject("1. Constant/xpath", ["xpath":"//*[@id="source_" + refID12 + ""]/td[6]/a"])): Object: 'Object Repository/1. Constant/xpath' is clicked on

2022-06-09 20:29:00 - [MESSAGE][PASSED] - Object: 'Object Repository/1. Constant/xpath' is clicked on

2022-06-09 20:29:00 - [TEST_STEP][PASSED] - takeScreenshot(): Taking screenshot successfully

2022-06-09 20:29:01 - [MESSAGE][PASSED] - Taking screenshot successfully
[[ATTACHMENT|D:\\Projet Test Auto\\Mediabox Test Automation\\Reports\\20220609_181011\\03. Parallel Testing (Testing)\\TS -PT PART 3\\14.03 Dreyers Support Action (Ongoing _ Completed ref) - PART 3\\20220609_181101\\1654799340827.png]]

2022-06-09 20:29:01 - [TEST_STEP][PASSED] - delay(1): Delayed 1 second(s)

2022-06-09 20:29:02 - [MESSAGE][PASSED] - Delayed 1 second(s)

2022-06-09 20:29:02 - [TEST_STEP][PASSED] - I.Approveforothers("/html/body/div[1]/div[2]/div[8]/div[3]/div/div[3]/div[2]/div/div[3]/div/div[2]/div[1]/div/div[2]/div/div[2]/div[2]/div/div/div[1]/img", "/html/body/div[1]/div[2]/div[8]/div[3]/div/div[3]/div[2]/div/div[3]/div/div[2]/div[1]/div/div[2]/div/div[2]/div[2]/div/div/div[6]/a[2]/span"): Object: 'Object Repository/1. Constant/xpath' is clicked on

2022-06-09 20:29:03 - [MESSAGE][PASSED] - Object: 'Object Repository/1. Constant/xpath' is clicked on

2022-06-09 20:29:04 - [MESSAGE][PASSED] - Delayed 1 second(s)

2022-06-09 20:29:04 - [MESSAGE][PASSED] - Object: 'Object Repository/1. Constant/xpath' is clicked on

2022-06-09 20:29:05 - [MESSAGE][PASSED] - Delayed 1 second(s)

2022-06-09 20:29:07 - [MESSAGE][PASSED] - Object: 'Object Repository/1. Constant/xpath' is hovered

2022-06-09 20:29:07 - [MESSAGE][PASSED] - Object: 'Object Repository/1. Constant/xpath' is clicked on

2022-06-09 20:29:08 - [MESSAGE][PASSED] - Delayed 1 second(s)

2022-06-09 20:29:13 - [MESSAGE][PASSED] - Object: 'Object Repository/1. Constant/xpath' is clicked on

2022-06-09 20:29:13 - [TEST_STEP][PASSED] - delay(1): Delayed 1 second(s)

2022-06-09 20:29:14 - [MESSAGE][PASSED] - Delayed 1 second(s)

2022-06-09 20:29:14 - [TEST_STEP][PASSED] - click(findTestObject("1. Constant/xpath", ["xpath":"//*[@id="kt_subheader"]/div/nav/ol/li[2]/a"])): Object: 'Object Repository/1. Constant/xpath' is clicked on

2022-06-09 20:29:17 - [MESSAGE][PASSED] - Object: 'Object Repository/1. Constant/xpath' is clicked on

2022-06-09 20:29:17 - [TEST_STEP][PASSED] - delay(1): Delayed 1 second(s)

2022-06-09 20:29:18 - [MESSAGE][PASSED] - Delayed 1 second(s)

2022-06-09 20:29:18 - [TEST_STEP][PASSED] - I.submitquesiton_ref(findTestObject("1. Constant/xpath", ["xpath":"//*[@id="source_" + refID12 + ""]/td[14]/div[1]/button"]), findTestObject("1. Constant/xpath", ["xpath":"//*[@id="source_" + refID12 + ""]/td[14]/div[1]/div/a[1]"])): Object: 'Object Repository/1. Constant/xpath' is clicked on

2022-06-09 20:29:18 - [MESSAGE][PASSED] - Object: 'Object Repository/1. Constant/xpath' is clicked on

2022-06-09 20:29:21 - [MESSAGE][PASSED] - Delayed 3 second(s)

2022-06-09 20:29:24 - [MESSAGE][PASSED] - Object: 'Object Repository/1. Constant/xpath' is clicked on

2022-06-09 20:29:24 - [TEST_STEP][PASSED] - click(findTestObject("1. Constant/xpath", ["xpath":"//*[@id="ModifFiche"]/div[1]/div/button[2]"])): Object: 'Object Repository/1. Constant/xpath' is clicked on

2022-06-09 20:29:31 - [MESSAGE][PASSED] - Object: 'Object Repository/1. Constant/xpath' is clicked on

2022-06-09 20:29:31 - [TEST_STEP][PASSED] - takeScreenshot(): Taking screenshot successfully

2022-06-09 20:29:31 - [MESSAGE][PASSED] - Taking screenshot successfully
[[ATTACHMENT|D:\\Projet Test Auto\\Mediabox Test Automation\\Reports\\20220609_181011\\03. Parallel Testing (Testing)\\TS -PT PART 3\\14.03 Dreyers Support Action (Ongoing _ Completed ref) - PART 3\\20220609_181101\\1654799371318.png]]

2022-06-09 20:29:31 - [TEST_STEP][PASSED] - I.submitquesiton_ref(findTestObject("1. Constant/xpath", ["xpath":"//*[@id="source_" + refID12 + ""]/td[14]/div[1]/button"]), findTestObject("1. Constant/xpath", ["xpath":"//*[@id="source_" + refID12 + ""]/td[14]/div[1]/div/a[1]"])): Object: 'Object Repository/1. Constant/xpath' is clicked on

2022-06-09 20:29:32 - [MESSAGE][PASSED] - Object: 'Object Repository/1. Constant/xpath' is clicked on

2022-06-09 20:29:35 - [MESSAGE][PASSED] - Delayed 3 second(s)

2022-06-09 20:29:36 - [MESSAGE][PASSED] - Object: 'Object Repository/1. Constant/xpath' is clicked on

2022-06-09 20:29:36 - [TEST_STEP][PASSED] - click(findTestObject("1. Constant/xpath", ["xpath":"//*[@id="ModifFiche"]/div[1]/div/button[2]"])): Object: 'Object Repository/1. Constant/xpath' is clicked on

2022-06-09 20:29:40 - [MESSAGE][PASSED] - Object: 'Object Repository/1. Constant/xpath' is clicked on

2022-06-09 20:29:40 - [TEST_STEP][PASSED] - takeScreenshot(): Taking screenshot successfully

2022-06-09 20:29:41 - [MESSAGE][PASSED] - Taking screenshot successfully
[[ATTACHMENT|D:\\Projet Test Auto\\Mediabox Test Automation\\Reports\\20220609_181011\\03. Parallel Testing (Testing)\\TS -PT PART 3\\14.03 Dreyers Support Action (Ongoing _ Completed ref) - PART 3\\20220609_181101\\1654799381088.png]]

2022-06-09 20:29:41 - [TEST_STEP][PASSED] - click(findTestObject("1. Constant/xpath", ["xpath":"//*[@id="source_" + refID12 + ""]/td[14]/a[3]"])): Object: 'Object Repository/1. Constant/xpath' is clicked on

2022-06-09 20:29:45 - [MESSAGE][PASSED] - Object: 'Object Repository/1. Constant/xpath' is clicked on

2022-06-09 20:29:45 - [TEST_STEP][PASSED] - click(findTestObject("1. Constant/xpath", ["xpath":"//*[@id="ModifFiche"]/div[1]/div/button[2]"])): Object: 'Object Repository/1. Constant/xpath' is clicked on

2022-06-09 20:29:50 - [MESSAGE][PASSED] - Object: 'Object Repository/1. Constant/xpath' is clicked on

2022-06-09 20:29:50 - [TEST_STEP][PASSED] - click(findTestObject("1. Constant/xpath", ["xpath":"//*[@id="source_" + refID12 + ""]/td[14]/div[1]/button"])): Object: 'Object Repository/1. Constant/xpath' is clicked on

2022-06-09 20:29:50 - [MESSAGE][PASSED] - Object: 'Object Repository/1. Constant/xpath' is clicked on

2022-06-09 20:29:50 - [TEST_STEP][PASSED] - delay(1): Delayed 1 second(s)

2022-06-09 20:29:51 - [MESSAGE][PASSED] - Delayed 1 second(s)

2022-06-09 20:29:51 - [TEST_STEP][PASSED] - takeScreenshot(): Taking screenshot successfully

2022-06-09 20:29:51 - [MESSAGE][PASSED] - Taking screenshot successfully
[[ATTACHMENT|D:\\Projet Test Auto\\Mediabox Test Automation\\Reports\\20220609_181011\\03. Parallel Testing (Testing)\\TS -PT PART 3\\14.03 Dreyers Support Action (Ongoing _ Completed ref) - PART 3\\20220609_181101\\1654799391694.png]]

2022-06-09 20:29:51 - [TEST_STEP][PASSED] - delay(1): Delayed 1 second(s)

2022-06-09 20:29:52 - [MESSAGE][PASSED] - Delayed 1 second(s)

2022-06-09 20:29:52 - [TEST_STEP][PASSED] - x = 20: null

2022-06-09 20:29:52 - [TEST_STEP][PASSED] - i = 1: null

2022-06-09 20:29:52 - [TEST_STEP][PASSED] - while (i <= x): null

2022-06-09 20:29:52 - [TEST_STEP][PASSED] - Expected_SAS_Selected = "SAS S14 - Add Step group (SAS Lifecycle - SAS Step C)": null

2022-06-09 20:29:52 - [TEST_STEP][PASSED] - xpath_SAS = "//*[@id="source_" + refID12 + ""]/td[14]/div[1]/div/a[" + i + "]": null

2022-06-09 20:29:52 - [TEST_STEP][PASSED] - Actual_SAS = getText(findTestObject("1. Constant/xpath", ["xpath":xpath_SAS])): Text of object 'Object Repository/1. Constant/xpath' is: 'SAS: S6 - Add Steps C'

2022-06-09 20:29:53 - [MESSAGE][PASSED] - Text of object 'Object Repository/1. Constant/xpath' is: 'SAS: S6 - Add Steps C'

2022-06-09 20:29:53 - [TEST_STEP][PASSED] - I.print(i): null

2022-06-09 20:29:53 - [TEST_STEP][PASSED] - if (Actual_SAS.contains(Expected_SAS_Selected)): null

2022-06-09 20:29:53 - [TEST_STEP][PASSED] - i = i + 1: null

2022-06-09 20:29:53 - [TEST_STEP][PASSED] - Expected_SAS_Selected = "SAS S14 - Add Step group (SAS Lifecycle - SAS Step C)": null

2022-06-09 20:29:53 - [TEST_STEP][PASSED] - xpath_SAS = "//*[@id="source_" + refID12 + ""]/td[14]/div[1]/div/a[" + i + "]": null

2022-06-09 20:29:53 - [TEST_STEP][PASSED] - Actual_SAS = getText(findTestObject("1. Constant/xpath", ["xpath":xpath_SAS])): Text of object 'Object Repository/1. Constant/xpath' is: 'SAS S14 - Add Step group (SAS Lifecycle - SAS Step C)'

2022-06-09 20:29:53 - [MESSAGE][PASSED] - Text of object 'Object Repository/1. Constant/xpath' is: 'SAS S14 - Add Step group (SAS Lifecycle - SAS Step C)'

2022-06-09 20:29:53 - [TEST_STEP][PASSED] - I.print(i): null

2022-06-09 20:29:53 - [TEST_STEP][PASSED] - if (Actual_SAS.contains(Expected_SAS_Selected)): null

2022-06-09 20:29:53 - [TEST_STEP][PASSED] - click(findTestObject("1. Constant/xpath", ["xpath":xpath_SAS])): Object: 'Object Repository/1. Constant/xpath' is clicked on

2022-06-09 20:29:53 - [MESSAGE][PASSED] - Object: 'Object Repository/1. Constant/xpath' is clicked on

2022-06-09 20:29:53 - [TEST_STEP][PASSED] - break: null

2022-06-09 20:29:53 - [TEST_STEP][PASSED] - takeScreenshot(): Taking screenshot successfully

2022-06-09 20:29:54 - [MESSAGE][PASSED] - Taking screenshot successfully
[[ATTACHMENT|D:\\Projet Test Auto\\Mediabox Test Automation\\Reports\\20220609_181011\\03. Parallel Testing (Testing)\\TS -PT PART 3\\14.03 Dreyers Support Action (Ongoing _ Completed ref) - PART 3\\20220609_181101\\1654799393977.png]]

2022-06-09 20:29:54 - [TEST_STEP][PASSED] - click(findTestObject("1. Constant/xpath", ["xpath":"//*[@id="confirmSupportActionShortcut"]"])): Object: 'Object Repository/1. Constant/xpath' is clicked on

2022-06-09 20:29:57 - [MESSAGE][PASSED] - Object: 'Object Repository/1. Constant/xpath' is clicked on

2022-06-09 20:29:57 - [TEST_STEP][PASSED] - takeScreenshot(): Taking screenshot successfully

2022-06-09 20:29:57 - [MESSAGE][PASSED] - Taking screenshot successfully
[[ATTACHMENT|D:\\Projet Test Auto\\Mediabox Test Automation\\Reports\\20220609_181011\\03. Parallel Testing (Testing)\\TS -PT PART 3\\14.03 Dreyers Support Action (Ongoing _ Completed ref) - PART 3\\20220609_181101\\1654799397370.png]]

2022-06-09 20:29:57 - [TEST_STEP][PASSED] - click(findTestObject("1. Constant/xpath", ["xpath":"//*[@id="kt_content"]/div[3]/div/ul/li[3]/a"])): Object: 'Object Repository/1. Constant/xpath' is clicked on

2022-06-09 20:29:59 - [MESSAGE][PASSED] - Object: 'Object Repository/1. Constant/xpath' is clicked on

2022-06-09 20:29:59 - [TEST_STEP][PASSED] - takeScreenshot(): Taking screenshot successfully

2022-06-09 20:29:59 - [MESSAGE][PASSED] - Taking screenshot successfully
[[ATTACHMENT|D:\\Projet Test Auto\\Mediabox Test Automation\\Reports\\20220609_181011\\03. Parallel Testing (Testing)\\TS -PT PART 3\\14.03 Dreyers Support Action (Ongoing _ Completed ref) - PART 3\\20220609_181101\\1654799399492.png]]

2022-06-09 20:29:59 - [TEST_STEP][PASSED] - takeScreenshot(): Taking screenshot successfully

2022-06-09 20:30:00 - [MESSAGE][PASSED] - Taking screenshot successfully
[[ATTACHMENT|D:\\Projet Test Auto\\Mediabox Test Automation\\Reports\\20220609_181011\\03. Parallel Testing (Testing)\\TS -PT PART 3\\14.03 Dreyers Support Action (Ongoing _ Completed ref) - PART 3\\20220609_181101\\1654799399778.png]]

2022-06-09 20:30:00 - [TEST_STEP][PASSED] - StepC_1 = getAttribute(findTestObject("1. Constant/xpath", ["xpath":"/html/body/div[1]/div[2]/div[8]/div[3]/div/div[3]/div[3]/div/ul/li[3]/a"]), "class"): Attribute 'class' of object 'Object Repository/1. Constant/xpath' is: 'nav-link timeline-badge badge-xl  bg-pending active'

2022-06-09 20:30:00 - [MESSAGE][PASSED] - Attribute 'class' of object 'Object Repository/1. Constant/xpath' is: 'nav-link timeline-badge badge-xl  bg-pending active'

2022-06-09 20:30:00 - [TEST_STEP][PASSED] - verifyMatch(StepC_1, "nav-link timeline-badge badge-xl  bg-pending active", false): Actual text 'nav-link timeline-badge badge-xl  bg-pending active' and expected text 'nav-link timeline-badge badge-xl  bg-pending active' are matched 

2022-06-09 20:30:00 - [MESSAGE][PASSED] - Actual text 'nav-link timeline-badge badge-xl  bg-pending active' and expected text 'nav-link timeline-badge badge-xl  bg-pending active' are matched 

2022-06-09 20:30:00 - [TEST_STEP][PASSED] - StepC_11 = I.Get_Stepname("/html/body/div[1]/div[2]/div[8]/div[3]/div/div[3]/div[3]/div/ul/li[3]/a"): Attribute 'href' of object 'Object Repository/1. Constant/xpath' is: 'http://mdb-release.diadeis.lan/MediaboxIndependence/Base/ExecAction?action=VoirRef&IDSession=MBI!RELTESTAUTO_DREYERS!9UJB8W1A54QWT4THZ9OTNMJUK7PU55NHER6XDYPY&num=DK2I61BKA3&id_ref=5277#tab_lifecycle_SASStepC_12196'

2022-06-09 20:30:05 - [MESSAGE][PASSED] - Delayed 5 second(s)

2022-06-09 20:30:05 - [MESSAGE][PASSED] - Attribute 'href' of object 'Object Repository/1. Constant/xpath' is: 'http://mdb-release.diadeis.lan/MediaboxIndependence/Base/ExecAction?action=VoirRef&IDSession=MBI!RELTESTAUTO_DREYERS!9UJB8W1A54QWT4THZ9OTNMJUK7PU55NHER6XDYPY&num=DK2I61BKA3&id_ref=5277#tab_lifecycle_SASStepC_12196'

2022-06-09 20:30:05 - [TEST_STEP][PASSED] - verifyMatch(StepC_11, "SASStepC", false): Actual text 'SASStepC' and expected text 'SASStepC' are matched 

2022-06-09 20:30:05 - [MESSAGE][PASSED] - Actual text 'SASStepC' and expected text 'SASStepC' are matched 

2022-06-09 20:30:05 - [TEST_STEP][PASSED] - Started_StepCP4_1 = getText(findTestObject("1. Constant/xpath", ["xpath":"/html/body/div[1]/div[2]/div[8]/div[3]/div/div[3]/div[3]/div/div/div[3]/div/div[4]/div/div[2]/div[1]"])): Text of object 'Object Repository/1. Constant/xpath' is: 'Started 06/09/22 02:29 PM'

2022-06-09 20:30:05 - [MESSAGE][PASSED] - Text of object 'Object Repository/1. Constant/xpath' is: 'Started 06/09/22 02:29 PM'

2022-06-09 20:30:05 - [TEST_STEP][PASSED] - if (Started_StepCP4_1.contains("Started")): Actual object '1' and expected object '1' are equal

2022-06-09 20:30:05 - [TEST_STEP][PASSED] - verifyEqual(1, 1): Actual object '1' and expected object '1' are equal

2022-06-09 20:30:05 - [MESSAGE][PASSED] - Actual object '1' and expected object '1' are equal

2022-06-09 20:30:05 - [TEST_STEP][PASSED] - verifyElementNotPresent(findTestObject("1. Constant/xpath", ["xpath":"/html/body/div[1]/div[2]/div[8]/div[3]/div/div[3]/div[3]/div/div/div[3]/div/div[6]"]), 10): Web element with id: 'Object Repository/1. Constant/xpath' located by 'By.xpath: /html/body/div[1]/div[2]/div[8]/div[3]/div/div[3]/div[3]/div/div/div[3]/div/div[6]' is not present after '10' second(s)

2022-06-09 20:30:05 - [MESSAGE][PASSED] - Web element with id: 'Object Repository/1. Constant/xpath' located by 'By.xpath: /html/body/div[1]/div[2]/div[8]/div[3]/div/div[3]/div[3]/div/div/div[3]/div/div[6]' is not present after '10' second(s)

2022-06-09 20:30:05 - [TEST_STEP][PASSED] - StepC_3 = getAttribute(findTestObject("1. Constant/xpath", ["xpath":"/html/body/div[1]/div[2]/div[8]/div[3]/div/div[3]/div[3]/div/ul/li[4]/a"]), "class"): Attribute 'class' of object 'Object Repository/1. Constant/xpath' is: 'nav-link timeline-badge badge-xl  bg-waiting '

2022-06-09 20:30:05 - [MESSAGE][PASSED] - Attribute 'class' of object 'Object Repository/1. Constant/xpath' is: 'nav-link timeline-badge badge-xl  bg-waiting '

2022-06-09 20:30:05 - [TEST_STEP][PASSED] - verifyMatch(StepC_3, "nav-link timeline-badge badge-xl  bg-waiting ", false): Actual text 'nav-link timeline-badge badge-xl  bg-waiting ' and expected text 'nav-link timeline-badge badge-xl  bg-waiting ' are matched 

2022-06-09 20:30:05 - [MESSAGE][PASSED] - Actual text 'nav-link timeline-badge badge-xl  bg-waiting ' and expected text 'nav-link timeline-badge badge-xl  bg-waiting ' are matched 

2022-06-09 20:30:05 - [TEST_STEP][PASSED] - StepC_33 = I.Get_Stepname("/html/body/div[1]/div[2]/div[8]/div[3]/div/div[3]/div[3]/div/ul/li[4]/a"): Attribute 'href' of object 'Object Repository/1. Constant/xpath' is: 'http://mdb-release.diadeis.lan/MediaboxIndependence/Base/ExecAction?action=VoirRef&IDSession=MBI!RELTESTAUTO_DREYERS!9UJB8W1A54QWT4THZ9OTNMJUK7PU55NHER6XDYPY&num=DK2I61BKA3&id_ref=5277#tab_lifecycle_SASStepC_12200'

2022-06-09 20:30:10 - [MESSAGE][PASSED] - Delayed 5 second(s)

2022-06-09 20:30:10 - [MESSAGE][PASSED] - Attribute 'href' of object 'Object Repository/1. Constant/xpath' is: 'http://mdb-release.diadeis.lan/MediaboxIndependence/Base/ExecAction?action=VoirRef&IDSession=MBI!RELTESTAUTO_DREYERS!9UJB8W1A54QWT4THZ9OTNMJUK7PU55NHER6XDYPY&num=DK2I61BKA3&id_ref=5277#tab_lifecycle_SASStepC_12200'

2022-06-09 20:30:10 - [TEST_STEP][PASSED] - verifyMatch(StepC_33, "SASStepC", false): Actual text 'SASStepC' and expected text 'SASStepC' are matched 

2022-06-09 20:30:10 - [MESSAGE][PASSED] - Actual text 'SASStepC' and expected text 'SASStepC' are matched 

2022-06-09 20:30:10 - [TEST_STEP][PASSED] - I.Logout(): Delayed 3 second(s)

2022-06-09 20:30:13 - [MESSAGE][PASSED] - Delayed 3 second(s)

2022-06-09 20:30:13 - [MESSAGE][PASSED] - Object: 'Object Repository/1. Constant/xpath' is clicked on

2022-06-09 20:30:16 - [MESSAGE][PASSED] - Delayed 3 second(s)

2022-06-09 20:30:18 - [MESSAGE][PASSED] - Object: 'Object Repository/1. Constant/xpath' is clicked on

2022-06-09 20:30:21 - [MESSAGE][PASSED] - Delayed 3 second(s)

2022-06-09 20:30:21 - [TEST_STEP][PASSED] - I.Login_password("nturner", password_nturner): Object: 'Object Repository/1. Constant/xpath' is clicked on

2022-06-09 20:30:23 - [MESSAGE][PASSED] - Text 'nturner' is set on object 'Object Repository/1. Constant/xpath'

2022-06-09 20:30:24 - [MESSAGE][PASSED] - Delayed 1 second(s)

2022-06-09 20:30:24 - [MESSAGE][PASSED] - Text 'diadeis1' is set on object 'Object Repository/1. Constant/xpath'

2022-06-09 20:30:25 - [MESSAGE][PASSED] - Delayed 1 second(s)

2022-06-09 20:30:29 - [MESSAGE][PASSED] - Object: 'Object Repository/1. Constant/xpath' is clicked on

2022-06-09 20:30:29 - [TEST_STEP][PASSED] - click(findTestObject("1. Constant/02_LHSMenu_Projects")): Object: 'Object Repository/1. Constant/02_LHSMenu_Projects' is clicked on

2022-06-09 20:30:33 - [MESSAGE][PASSED] - Object: 'Object Repository/1. Constant/02_LHSMenu_Projects' is clicked on

2022-06-09 20:30:33 - [TEST_STEP][PASSED] - I.SearchProjectNo_xpath(Project_No, "//*[@id="keynum_project"]", "//*[@id="form_filters"]/div[4]/button"): Delayed 5 second(s)

2022-06-09 20:30:34 - [MESSAGE][PASSED] - Delayed 1 second(s)

2022-06-09 20:30:35 - [MESSAGE][PASSED] - Text 'MI000876' is set on object 'Object Repository/1. Constant/xpath'

2022-06-09 20:30:38 - [MESSAGE][PASSED] - Delayed 3 second(s)

2022-06-09 20:30:38 - [MESSAGE][PASSED] - Scroll to object 'Object Repository/1. Constant/xpath' successfully

2022-06-09 20:30:42 - [MESSAGE][PASSED] - Object: 'Object Repository/1. Constant/xpath' is clicked on

2022-06-09 20:30:47 - [MESSAGE][PASSED] - Delayed 5 second(s)

2022-06-09 20:30:47 - [TEST_STEP][PASSED] - takeScreenshot(): Taking screenshot successfully

2022-06-09 20:30:48 - [MESSAGE][PASSED] - Taking screenshot successfully
[[ATTACHMENT|D:\\Projet Test Auto\\Mediabox Test Automation\\Reports\\20220609_181011\\03. Parallel Testing (Testing)\\TS -PT PART 3\\14.03 Dreyers Support Action (Ongoing _ Completed ref) - PART 3\\20220609_181101\\1654799447608.png]]

2022-06-09 20:30:48 - [TEST_STEP][PASSED] - I.SearchRefNo_xpath("P12_Auto", "//*[@id="fiche_filter_keywords11"]", "//*[@id="form_filters"]/div[3]/button"): Delayed 5 second(s)

2022-06-09 20:30:49 - [MESSAGE][PASSED] - Delayed 1 second(s)

2022-06-09 20:30:50 - [MESSAGE][PASSED] - Text 'P12_Auto' is set on object 'Object Repository/1. Constant/xpath'

2022-06-09 20:30:53 - [MESSAGE][PASSED] - Delayed 3 second(s)

2022-06-09 20:30:53 - [MESSAGE][PASSED] - Scroll to object 'Object Repository/1. Constant/xpath' successfully

2022-06-09 20:30:56 - [MESSAGE][PASSED] - Object: 'Object Repository/1. Constant/xpath' is clicked on

2022-06-09 20:31:01 - [MESSAGE][PASSED] - Delayed 5 second(s)

2022-06-09 20:31:01 - [TEST_STEP][PASSED] - delay(1): Delayed 1 second(s)

2022-06-09 20:31:02 - [MESSAGE][PASSED] - Delayed 1 second(s)

2022-06-09 20:31:02 - [TEST_STEP][PASSED] - Lifecycle_Status1 = getText(findTestObject("1. Constant/xpath", ["xpath":"//*[@id="source_" + refID12 + ""]/td[12]/span[1]"])): Text of object 'Object Repository/1. Constant/xpath' is: 'Phase 3.4 [Standard]'

2022-06-09 20:31:02 - [MESSAGE][PASSED] - Text of object 'Object Repository/1. Constant/xpath' is: 'Phase 3.4 [Standard]'

2022-06-09 20:31:02 - [TEST_STEP][PASSED] - verifyMatch(Lifecycle_Status1, "Phase 3.4 [Standard]", false): Actual text 'Phase 3.4 [Standard]' and expected text 'Phase 3.4 [Standard]' are matched 

2022-06-09 20:31:02 - [MESSAGE][PASSED] - Actual text 'Phase 3.4 [Standard]' and expected text 'Phase 3.4 [Standard]' are matched 

2022-06-09 20:31:02 - [TEST_STEP][PASSED] - click(findTestObject("1. Constant/xpath", ["xpath":"//*[@id="source_" + refID12 + ""]/td[13]/a[2]"])): Object: 'Object Repository/1. Constant/xpath' is clicked on

2022-06-09 20:31:03 - [MESSAGE][PASSED] - Object: 'Object Repository/1. Constant/xpath' is clicked on

2022-06-09 20:31:03 - [TEST_STEP][PASSED] - click(findTestObject("1. Constant/xpath", ["xpath":"//*[@id="ModifFiche"]/div[1]/div/button[2]"])): Object: 'Object Repository/1. Constant/xpath' is clicked on

2022-06-09 20:31:07 - [MESSAGE][PASSED] - Object: 'Object Repository/1. Constant/xpath' is clicked on

2022-06-09 20:31:07 - [TEST_STEP][PASSED] - Lifecycle_Status2 = getText(findTestObject("1. Constant/xpath", ["xpath":"//*[@id="source_" + refID12 + ""]/td[12]/span[1]"])): Text of object 'Object Repository/1. Constant/xpath' is: 'Phase 3.5[Prod]'

2022-06-09 20:31:07 - [MESSAGE][PASSED] - Text of object 'Object Repository/1. Constant/xpath' is: 'Phase 3.5[Prod]'

2022-06-09 20:31:07 - [TEST_STEP][PASSED] - verifyMatch(Lifecycle_Status2, "Phase 3.5[Prod]", false): Actual text 'Phase 3.5[Prod]' and expected text 'Phase 3.5[Prod]' are matched 

2022-06-09 20:31:07 - [MESSAGE][PASSED] - Actual text 'Phase 3.5[Prod]' and expected text 'Phase 3.5[Prod]' are matched 

2022-06-09 20:31:07 - [TEST_STEP][PASSED] - I.Logout(): Delayed 3 second(s)

2022-06-09 20:31:10 - [MESSAGE][PASSED] - Delayed 3 second(s)

2022-06-09 20:31:11 - [MESSAGE][PASSED] - Object: 'Object Repository/1. Constant/xpath' is clicked on

2022-06-09 20:31:14 - [MESSAGE][PASSED] - Delayed 3 second(s)

2022-06-09 20:31:17 - [MESSAGE][PASSED] - Object: 'Object Repository/1. Constant/xpath' is clicked on

2022-06-09 20:31:20 - [MESSAGE][PASSED] - Delayed 3 second(s)

2022-06-09 20:31:20 - [TEST_STEP][PASSED] - I.Login_password("lmary", password_lmary): Object: 'Object Repository/1. Constant/xpath' is clicked on

2022-06-09 20:31:20 - [MESSAGE][PASSED] - Text 'lmary' is set on object 'Object Repository/1. Constant/xpath'

2022-06-09 20:31:21 - [MESSAGE][PASSED] - Delayed 1 second(s)

2022-06-09 20:31:21 - [MESSAGE][PASSED] - Text 'diadeis' is set on object 'Object Repository/1. Constant/xpath'

2022-06-09 20:31:22 - [MESSAGE][PASSED] - Delayed 1 second(s)

2022-06-09 20:31:29 - [MESSAGE][PASSED] - Object: 'Object Repository/1. Constant/xpath' is clicked on

2022-06-09 20:31:29 - [TEST_STEP][PASSED] - click(findTestObject("1. Constant/02_LHSMenu_Projects")): Object: 'Object Repository/1. Constant/02_LHSMenu_Projects' is clicked on

2022-06-09 20:31:32 - [MESSAGE][PASSED] - Object: 'Object Repository/1. Constant/02_LHSMenu_Projects' is clicked on

2022-06-09 20:31:32 - [TEST_STEP][PASSED] - I.SearchProjectNo_xpath(Project_No, "//*[@id="keynum_project"]", "//*[@id="form_filters"]/div[4]/button"): Delayed 5 second(s)

2022-06-09 20:31:33 - [MESSAGE][PASSED] - Delayed 1 second(s)

2022-06-09 20:31:34 - [MESSAGE][PASSED] - Text 'MI000876' is set on object 'Object Repository/1. Constant/xpath'

2022-06-09 20:31:37 - [MESSAGE][PASSED] - Delayed 3 second(s)

2022-06-09 20:31:37 - [MESSAGE][PASSED] - Scroll to object 'Object Repository/1. Constant/xpath' successfully

2022-06-09 20:31:39 - [MESSAGE][PASSED] - Object: 'Object Repository/1. Constant/xpath' is clicked on

2022-06-09 20:31:44 - [MESSAGE][PASSED] - Delayed 5 second(s)

2022-06-09 20:31:44 - [TEST_STEP][PASSED] - takeScreenshot(): Taking screenshot successfully

2022-06-09 20:31:45 - [MESSAGE][PASSED] - Taking screenshot successfully
[[ATTACHMENT|D:\\Projet Test Auto\\Mediabox Test Automation\\Reports\\20220609_181011\\03. Parallel Testing (Testing)\\TS -PT PART 3\\14.03 Dreyers Support Action (Ongoing _ Completed ref) - PART 3\\20220609_181101\\1654799504757.png]]

2022-06-09 20:31:45 - [TEST_STEP][PASSED] - I.SearchRefNo_xpath("P12_Auto", "//*[@id="fiche_filter_keywords11"]", "//*[@id="form_filters"]/div[3]/button"): Delayed 5 second(s)

2022-06-09 20:31:46 - [MESSAGE][PASSED] - Delayed 1 second(s)

2022-06-09 20:31:46 - [MESSAGE][PASSED] - Text 'P12_Auto' is set on object 'Object Repository/1. Constant/xpath'

2022-06-09 20:31:49 - [MESSAGE][PASSED] - Delayed 3 second(s)

2022-06-09 20:31:49 - [MESSAGE][PASSED] - Scroll to object 'Object Repository/1. Constant/xpath' successfully

2022-06-09 20:31:53 - [MESSAGE][PASSED] - Object: 'Object Repository/1. Constant/xpath' is clicked on

2022-06-09 20:31:58 - [MESSAGE][PASSED] - Delayed 5 second(s)

2022-06-09 20:31:58 - [TEST_STEP][PASSED] - takeScreenshot(): Taking screenshot successfully

2022-06-09 20:31:59 - [MESSAGE][PASSED] - Taking screenshot successfully
[[ATTACHMENT|D:\\Projet Test Auto\\Mediabox Test Automation\\Reports\\20220609_181011\\03. Parallel Testing (Testing)\\TS -PT PART 3\\14.03 Dreyers Support Action (Ongoing _ Completed ref) - PART 3\\20220609_181101\\1654799518917.png]]

2022-06-09 20:31:59 - [TEST_STEP][PASSED] - color3 = getCSSValue(findTestObject("1. Constant/xpath", ["xpath":"//*[@id="source_" + refID12 + ""]/td[13]/a"]), "color", OPTIONAL): Get CSS 'color' value on 'Object Repository/1. Constant/xpath' successfully: 'rgba(255, 255, 255, 1)'.

2022-06-09 20:31:59 - [MESSAGE][PASSED] - Get CSS 'color' value on 'Object Repository/1. Constant/xpath' successfully: 'rgba(255, 255, 255, 1)'.

2022-06-09 20:31:59 - [TEST_STEP][PASSED] - while (color3 == "rgba(255, 255, 255, 1)"): Get CSS 'color' value on 'Object Repository/1. Constant/xpath' successfully: 'rgba(54, 153, 255, 1)'.

2022-06-09 20:31:59 - [TEST_STEP][PASSED] - click(findTestObject("1. Constant/xpath", ["xpath":"//*[@id="source_" + refID12 + ""]/td[13]/a"])): Object: 'Object Repository/1. Constant/xpath' is clicked on

2022-06-09 20:32:00 - [MESSAGE][PASSED] - Object: 'Object Repository/1. Constant/xpath' is clicked on

2022-06-09 20:32:00 - [TEST_STEP][PASSED] - selectOptionByValue(findTestObject("1. Constant/xpath", ["xpath":"//*[@id="id_approval_flow_tpl"]"]), "80", false): All options with value '80' are selected in object 'Object Repository/1. Constant/xpath' 

2022-06-09 20:32:01 - [MESSAGE][PASSED] - All options with value '80' are selected in object 'Object Repository/1. Constant/xpath' 

2022-06-09 20:32:01 - [TEST_STEP][PASSED] - I.UploadDoc_sendkey_Prod(findTestObject("1. Constant/xpath", ["xpath":"//*[@id="kt_body"]/input[2]"]), "D:\Upoad_File\Upload doc\testdata1.jpg", "testdata1"): Delayed 5 second(s)

2022-06-09 20:32:01 - [MESSAGE][PASSED] - Scroll to object 'Object Repository/1. Constant/xpath' successfully

2022-06-09 20:32:06 - [MESSAGE][PASSED] - Delayed 5 second(s)

2022-06-09 20:32:06 - [MESSAGE][PASSED] - File 'D:\Upoad_File\Upload doc\testdata1.jpg' sent to object: 'Object Repository/1. Constant/xpath'

2022-06-09 20:32:11 - [MESSAGE][PASSED] - Delayed 5 second(s)

2022-06-09 20:32:11 - [MESSAGE][PASSED] - Text 'testdata1' is present on page 

2022-06-09 20:32:16 - [MESSAGE][PASSED] - Delayed 5 second(s)

2022-06-09 20:32:21 - [MESSAGE][PASSED] - Delayed 5 second(s)

2022-06-09 20:32:21 - [TEST_STEP][PASSED] - takeScreenshot(): Taking screenshot successfully

2022-06-09 20:32:21 - [MESSAGE][PASSED] - Taking screenshot successfully
[[ATTACHMENT|D:\\Projet Test Auto\\Mediabox Test Automation\\Reports\\20220609_181011\\03. Parallel Testing (Testing)\\TS -PT PART 3\\14.03 Dreyers Support Action (Ongoing _ Completed ref) - PART 3\\20220609_181101\\1654799541565.png]]

2022-06-09 20:32:21 - [TEST_STEP][PASSED] - delay(10): Delayed 10 second(s)

2022-06-09 20:32:31 - [MESSAGE][PASSED] - Delayed 10 second(s)

2022-06-09 20:32:31 - [TEST_STEP][PASSED] - click(findTestObject("HL Full Lifecycle/12 ReferncePage_Button_Updatensenddoc")): Object: 'Object Repository/HL Full Lifecycle/12 ReferncePage_Button_Updatensenddoc' is clicked on

2022-06-09 20:32:36 - [MESSAGE][PASSED] - Object: 'Object Repository/HL Full Lifecycle/12 ReferncePage_Button_Updatensenddoc' is clicked on

2022-06-09 20:32:36 - [TEST_STEP][PASSED] - delay(5): Delayed 5 second(s)

2022-06-09 20:32:41 - [MESSAGE][PASSED] - Delayed 5 second(s)

2022-06-09 20:32:41 - [TEST_STEP][PASSED] - color3 = getCSSValue(findTestObject("1. Constant/xpath", ["xpath":"//*[@id="source_" + refID12 + ""]/td[13]/a"]), "color", OPTIONAL): Get CSS 'color' value on 'Object Repository/1. Constant/xpath' successfully: 'rgba(54, 153, 255, 1)'.

2022-06-09 20:32:42 - [MESSAGE][PASSED] - Get CSS 'color' value on 'Object Repository/1. Constant/xpath' successfully: 'rgba(54, 153, 255, 1)'.

2022-06-09 20:32:42 - [TEST_STEP][PASSED] - I.Logout(): Delayed 3 second(s)

2022-06-09 20:32:45 - [MESSAGE][PASSED] - Delayed 3 second(s)

2022-06-09 20:32:46 - [MESSAGE][PASSED] - Object: 'Object Repository/1. Constant/xpath' is clicked on

2022-06-09 20:32:49 - [MESSAGE][PASSED] - Delayed 3 second(s)

2022-06-09 20:32:52 - [MESSAGE][PASSED] - Object: 'Object Repository/1. Constant/xpath' is clicked on

2022-06-09 20:32:55 - [MESSAGE][PASSED] - Delayed 3 second(s)

2022-06-09 20:32:55 - [TEST_STEP][PASSED] - I.Login_password("blemco", password_blemco): Object: 'Object Repository/1. Constant/xpath' is clicked on

2022-06-09 20:32:55 - [MESSAGE][PASSED] - Text 'blemco' is set on object 'Object Repository/1. Constant/xpath'

2022-06-09 20:32:56 - [MESSAGE][PASSED] - Delayed 1 second(s)

2022-06-09 20:32:59 - [MESSAGE][PASSED] - Text 'diadeis1' is set on object 'Object Repository/1. Constant/xpath'

2022-06-09 20:33:00 - [MESSAGE][PASSED] - Delayed 1 second(s)

2022-06-09 20:33:03 - [MESSAGE][PASSED] - Object: 'Object Repository/1. Constant/xpath' is clicked on

2022-06-09 20:33:03 - [TEST_STEP][PASSED] - takeScreenshot(): Taking screenshot successfully

2022-06-09 20:33:03 - [MESSAGE][PASSED] - Taking screenshot successfully
[[ATTACHMENT|D:\\Projet Test Auto\\Mediabox Test Automation\\Reports\\20220609_181011\\03. Parallel Testing (Testing)\\TS -PT PART 3\\14.03 Dreyers Support Action (Ongoing _ Completed ref) - PART 3\\20220609_181101\\1654799583089.png]]

2022-06-09 20:33:03 - [TEST_STEP][PASSED] - click(findTestObject("1. Constant/02_LHSMenu_Projects")): Object: 'Object Repository/1. Constant/02_LHSMenu_Projects' is clicked on

2022-06-09 20:33:06 - [MESSAGE][PASSED] - Object: 'Object Repository/1. Constant/02_LHSMenu_Projects' is clicked on

2022-06-09 20:33:06 - [TEST_STEP][PASSED] - I.SearchProjectNo_xpath(Project_No, "//*[@id="keynum_project"]", "//*[@id="form_filters"]/div[4]/button"): Delayed 5 second(s)

2022-06-09 20:33:07 - [MESSAGE][PASSED] - Delayed 1 second(s)

2022-06-09 20:33:07 - [MESSAGE][PASSED] - Text 'MI000876' is set on object 'Object Repository/1. Constant/xpath'

2022-06-09 20:33:10 - [MESSAGE][PASSED] - Delayed 3 second(s)

2022-06-09 20:33:10 - [MESSAGE][PASSED] - Scroll to object 'Object Repository/1. Constant/xpath' successfully

2022-06-09 20:33:15 - [MESSAGE][PASSED] - Object: 'Object Repository/1. Constant/xpath' is clicked on

2022-06-09 20:33:20 - [MESSAGE][PASSED] - Delayed 5 second(s)

2022-06-09 20:33:20 - [TEST_STEP][PASSED] - takeScreenshot(): Taking screenshot successfully

2022-06-09 20:33:21 - [MESSAGE][PASSED] - Taking screenshot successfully
[[ATTACHMENT|D:\\Projet Test Auto\\Mediabox Test Automation\\Reports\\20220609_181011\\03. Parallel Testing (Testing)\\TS -PT PART 3\\14.03 Dreyers Support Action (Ongoing _ Completed ref) - PART 3\\20220609_181101\\1654799600623.png]]

2022-06-09 20:33:21 - [TEST_STEP][PASSED] - I.SearchRefNo_xpath("P12_Auto", "//*[@id="fiche_filter_keywords11"]", "//*[@id="form_filters"]/div[3]/button"): Delayed 5 second(s)

2022-06-09 20:33:22 - [MESSAGE][PASSED] - Delayed 1 second(s)

2022-06-09 20:33:23 - [MESSAGE][PASSED] - Text 'P12_Auto' is set on object 'Object Repository/1. Constant/xpath'

2022-06-09 20:33:26 - [MESSAGE][PASSED] - Delayed 3 second(s)

2022-06-09 20:33:26 - [MESSAGE][PASSED] - Scroll to object 'Object Repository/1. Constant/xpath' successfully

2022-06-09 20:33:28 - [MESSAGE][PASSED] - Object: 'Object Repository/1. Constant/xpath' is clicked on

2022-06-09 20:33:33 - [MESSAGE][PASSED] - Delayed 5 second(s)

2022-06-09 20:33:33 - [TEST_STEP][PASSED] - I.AWF_approve_byaction(findTestObject("1. Constant/xpath", ["xpath":"//*[@id="source_" + refID12 + ""]/td[13]/a[2]"])): Object: 'Object Repository/HL Full Lifecycle/Function_Appbutton2' is clicked on

2022-06-09 20:33:38 - [MESSAGE][PASSED] - Delayed 5 second(s)

2022-06-09 20:33:43 - [MESSAGE][PASSED] - Object: 'Object Repository/1. Constant/xpath' is clicked on

2022-06-09 20:33:45 - [MESSAGE][PASSED] - Object: 'Object Repository/HL Full Lifecycle/Function_access Viewer2' is hovered

2022-06-09 20:33:48 - [MESSAGE][PASSED] - Delayed 3 second(s)

2022-06-09 20:33:49 - [MESSAGE][PASSED] - Object: 'Object Repository/HL Full Lifecycle/Function_access Viewer2' is clicked on

2022-06-09 20:33:54 - [MESSAGE][PASSED] - Delayed 5 second(s)

2022-06-09 20:33:54 - [MESSAGE][PASSED] - Object: 'Object Repository/HL Full Lifecycle/Function_AppButton' is clicked on

2022-06-09 20:33:59 - [MESSAGE][PASSED] - Delayed 5 second(s)

2022-06-09 20:34:02 - [MESSAGE][PASSED] - Object: 'Object Repository/HL Full Lifecycle/Function_Appbutton2' is clicked on

2022-06-09 20:34:02 - [TEST_STEP][PASSED] - Lifecycle_Status66 = getText(findTestObject("1. Constant/xpath", ["xpath":"//*[@id="source_" + refID12 + ""]/td[12]/span[1]"])): Text of object 'Object Repository/1. Constant/xpath' is: 'Phase 3.1 [Question]'

2022-06-09 20:34:02 - [MESSAGE][PASSED] - Text of object 'Object Repository/1. Constant/xpath' is: 'Phase 3.1 [Question]'

2022-06-09 20:34:02 - [TEST_STEP][PASSED] - I.Logout(): Delayed 3 second(s)

2022-06-09 20:34:05 - [MESSAGE][PASSED] - Delayed 3 second(s)

2022-06-09 20:34:06 - [MESSAGE][PASSED] - Object: 'Object Repository/1. Constant/xpath' is clicked on

2022-06-09 20:34:09 - [MESSAGE][PASSED] - Delayed 3 second(s)

2022-06-09 20:34:10 - [MESSAGE][PASSED] - Object: 'Object Repository/1. Constant/xpath' is clicked on

2022-06-09 20:34:13 - [MESSAGE][PASSED] - Delayed 3 second(s)

2022-06-09 20:34:13 - [TEST_STEP][PASSED] - I.Login_password("talexeeva", password_talexeeva): Object: 'Object Repository/1. Constant/xpath' is clicked on

2022-06-09 20:34:14 - [MESSAGE][PASSED] - Text 'talexeeva' is set on object 'Object Repository/1. Constant/xpath'

2022-06-09 20:34:15 - [MESSAGE][PASSED] - Delayed 1 second(s)

2022-06-09 20:34:15 - [MESSAGE][PASSED] - Text 'diadeis2' is set on object 'Object Repository/1. Constant/xpath'

2022-06-09 20:34:16 - [MESSAGE][PASSED] - Delayed 1 second(s)

2022-06-09 20:34:24 - [MESSAGE][PASSED] - Object: 'Object Repository/1. Constant/xpath' is clicked on

2022-06-09 20:34:24 - [TEST_STEP][PASSED] - click(findTestObject("1. Constant/02_LHSMenu_Projects")): Object: 'Object Repository/1. Constant/02_LHSMenu_Projects' is clicked on

2022-06-09 20:34:26 - [MESSAGE][PASSED] - Object: 'Object Repository/1. Constant/02_LHSMenu_Projects' is clicked on

2022-06-09 20:34:26 - [TEST_STEP][PASSED] - I.SearchProjectNo_xpath(Project_No, "//*[@id="keynum_project"]", "//*[@id="form_filters"]/div[4]/button"): Delayed 5 second(s)

2022-06-09 20:34:27 - [MESSAGE][PASSED] - Delayed 1 second(s)

2022-06-09 20:34:32 - [MESSAGE][PASSED] - Text 'MI000876' is set on object 'Object Repository/1. Constant/xpath'

2022-06-09 20:34:35 - [MESSAGE][PASSED] - Delayed 3 second(s)

2022-06-09 20:34:37 - [MESSAGE][PASSED] - Scroll to object 'Object Repository/1. Constant/xpath' successfully

2022-06-09 20:34:41 - [MESSAGE][PASSED] - Object: 'Object Repository/1. Constant/xpath' is clicked on

2022-06-09 20:34:46 - [MESSAGE][PASSED] - Delayed 5 second(s)

2022-06-09 20:34:46 - [TEST_STEP][PASSED] - I.SearchRefNo_xpath("P12_Auto", "//*[@id="fiche_filter_keywords11"]", "//*[@id="form_filters"]/div[3]/button"): Delayed 5 second(s)

2022-06-09 20:34:47 - [MESSAGE][PASSED] - Delayed 1 second(s)

2022-06-09 20:34:50 - [MESSAGE][PASSED] - Text 'P12_Auto' is set on object 'Object Repository/1. Constant/xpath'

2022-06-09 20:34:53 - [MESSAGE][PASSED] - Delayed 3 second(s)

2022-06-09 20:34:56 - [MESSAGE][PASSED] - Scroll to object 'Object Repository/1. Constant/xpath' successfully

2022-06-09 20:35:00 - [MESSAGE][PASSED] - Object: 'Object Repository/1. Constant/xpath' is clicked on

2022-06-09 20:35:05 - [MESSAGE][PASSED] - Delayed 5 second(s)

2022-06-09 20:35:05 - [TEST_STEP][PASSED] - takeScreenshot(): Taking screenshot successfully

2022-06-09 20:35:07 - [MESSAGE][PASSED] - Taking screenshot successfully
[[ATTACHMENT|D:\\Projet Test Auto\\Mediabox Test Automation\\Reports\\20220609_181011\\03. Parallel Testing (Testing)\\TS -PT PART 3\\14.03 Dreyers Support Action (Ongoing _ Completed ref) - PART 3\\20220609_181101\\1654799706443.png]]

2022-06-09 20:35:07 - [TEST_STEP][PASSED] - I.submitquesiton_ref(findTestObject("1. Constant/xpath", ["xpath":"//*[@id="source_" + refID12 + ""]/td[13]/div[1]/button"]), findTestObject("1. Constant/xpath", ["xpath":"//*[@id="source_" + refID12 + ""]/td[13]/div[1]/div/a[1]"])): Object: 'Object Repository/1. Constant/xpath' is clicked on

2022-06-09 20:35:09 - [MESSAGE][PASSED] - Object: 'Object Repository/1. Constant/xpath' is clicked on

2022-06-09 20:35:12 - [MESSAGE][PASSED] - Delayed 3 second(s)

2022-06-09 20:35:15 - [MESSAGE][PASSED] - Object: 'Object Repository/1. Constant/xpath' is clicked on

2022-06-09 20:35:15 - [TEST_STEP][PASSED] - click(findTestObject("1. Constant/xpath", ["xpath":"//*[@id="ModifFiche"]/div[1]/div/button[2]"])): Object: 'Object Repository/1. Constant/xpath' is clicked on

2022-06-09 20:35:21 - [MESSAGE][PASSED] - Object: 'Object Repository/1. Constant/xpath' is clicked on

2022-06-09 20:35:21 - [TEST_STEP][PASSED] - takeScreenshot(): Taking screenshot successfully

2022-06-09 20:35:21 - [MESSAGE][PASSED] - Taking screenshot successfully
[[ATTACHMENT|D:\\Projet Test Auto\\Mediabox Test Automation\\Reports\\20220609_181011\\03. Parallel Testing (Testing)\\TS -PT PART 3\\14.03 Dreyers Support Action (Ongoing _ Completed ref) - PART 3\\20220609_181101\\1654799721477.png]]

2022-06-09 20:35:21 - [TEST_STEP][PASSED] - Lifecycle_Status22 = getText(findTestObject("1. Constant/xpath", ["xpath":"//*[@id="source_" + refID12 + ""]/td[12]/span[1]"])): Text of object 'Object Repository/1. Constant/xpath' is: 'Phase 3.2 [Question]'

2022-06-09 20:35:22 - [MESSAGE][PASSED] - Text of object 'Object Repository/1. Constant/xpath' is: 'Phase 3.2 [Question]'

2022-06-09 20:35:22 - [TEST_STEP][PASSED] - verifyMatch(Lifecycle_Status22, "Phase 3.2 [Question]", false): Actual text 'Phase 3.2 [Question]' and expected text 'Phase 3.2 [Question]' are matched 

2022-06-09 20:35:22 - [MESSAGE][PASSED] - Actual text 'Phase 3.2 [Question]' and expected text 'Phase 3.2 [Question]' are matched 

2022-06-09 20:35:22 - [TEST_STEP][PASSED] - closeBrowser(): Browser is closed

2022-06-09 20:35:26 - [MESSAGE][PASSED] - Browser is closed

2022-06-09 20:35:26 - [TEST_STEP][PASSED] - Start listener action : sampleAfterTestCase: null]]></system-out>
         <system-err><![CDATA[]]></system-err>
      </testcase>
      <testcase name="Test Cases/19. Dreyers Support Action (Ongoing ref_completed)/19.17 Dreyers SAS Add Phase group (Ongoing ref) S23 - P17" time="499.275" classname="Test Cases/19. Dreyers Support Action (Ongoing ref_completed)/19.17 Dreyers SAS Add Phase group (Ongoing ref) S23 - P17" status="PASSED">
         <system-out><![CDATA[2022-06-09 20:35:26 - [TEST_CASE][PASSED] - Test Cases/19. Dreyers Support Action (Ongoing ref_completed)/19.17 Dreyers SAS Add Phase group (Ongoing ref) S23 - P17: Test Cases/19. Dreyers Support Action (Ongoing ref_completed)/19.17 Dreyers SAS Add Phase group (Ongoing ref) S23 - P17

2022-06-09 20:35:27 - [TEST_STEP][PASSED] - data_Dreyers = findTestData("Data Files/Username_Password/Dreyer"): null

2022-06-09 20:35:27 - [TEST_STEP][PASSED] - password_suser = data_Dreyers.getValue(2, 1): null

2022-06-09 20:35:27 - [TEST_STEP][PASSED] - password_blemco = data_Dreyers.getValue(2, 2): null

2022-06-09 20:35:27 - [TEST_STEP][PASSED] - password_nturner = data_Dreyers.getValue(2, 6): null

2022-06-09 20:35:27 - [TEST_STEP][PASSED] - password_lmary = data_Dreyers.getValue(2, 13): null

2022-06-09 20:35:27 - [TEST_STEP][PASSED] - data_urlRELAUTO = findTestData("Data Files/URL/URL_relauto"): null

2022-06-09 20:35:28 - [TEST_STEP][PASSED] - Url_Dreyer = data_urlRELAUTO.getValue(2, 4): null

2022-06-09 20:35:28 - [TEST_STEP][PASSED] - Project_No = I.readnotepad("D:\Upoad_File\Projet_ Login\Dreyers\19.1\19.1_Dreyers_ProjectNo.txt"): null

2022-06-09 20:35:28 - [TEST_STEP][PASSED] - refID = I.readnotepad("D:\Upoad_File\Projet_ Login\Dreyers\19.1\19.1_Dreyers_refID.txt"): null

2022-06-09 20:35:28 - [TEST_STEP][PASSED] - openBrowser(Url_Dreyer): Browser is opened with url: 'http://mdb-release.diadeis.lan/MediaboxIndependence/?MBI_datasource=RELTESTAUTO_DREYERS'

2022-06-09 20:35:28 - [MESSAGE][INFO] - Starting 'Chrome (headless)' driver

2022-06-09 20:35:28 - [MESSAGE][INFO] - User set preference: ['args', '[--window-size=1920,1080, --headless]']

2022-06-09 20:35:28 - [MESSAGE][INFO] - Action delay is set to 0 milliseconds

2022-06-09 20:35:42 - [MESSAGE][PASSED] - Browser is opened with url: 'http://mdb-release.diadeis.lan/MediaboxIndependence/?MBI_datasource=RELTESTAUTO_DREYERS'

2022-06-09 20:35:42 - [TEST_STEP][PASSED] - maximizeWindow(): Current window maximized

2022-06-09 20:35:43 - [MESSAGE][PASSED] - Current window maximized

2022-06-09 20:35:43 - [TEST_STEP][PASSED] - I.Login_password("blemco", password_blemco): Object: 'Object Repository/1. Constant/xpath' is clicked on

2022-06-09 20:35:43 - [MESSAGE][PASSED] - Text 'blemco' is set on object 'Object Repository/1. Constant/xpath'

2022-06-09 20:35:44 - [MESSAGE][PASSED] - Delayed 1 second(s)

2022-06-09 20:35:44 - [MESSAGE][PASSED] - Text 'diadeis1' is set on object 'Object Repository/1. Constant/xpath'

2022-06-09 20:35:45 - [MESSAGE][PASSED] - Delayed 1 second(s)

2022-06-09 20:36:03 - [MESSAGE][PASSED] - Object: 'Object Repository/1. Constant/xpath' is clicked on

2022-06-09 20:36:03 - [TEST_STEP][PASSED] - click(findTestObject("1. Constant/02_LHSMenu_Projects")): Object: 'Object Repository/1. Constant/02_LHSMenu_Projects' is clicked on

2022-06-09 20:36:10 - [MESSAGE][PASSED] - Object: 'Object Repository/1. Constant/02_LHSMenu_Projects' is clicked on

2022-06-09 20:36:10 - [TEST_STEP][PASSED] - I.SearchProjectNo_xpath(Project_No, "//*[@id="keynum_project"]", "//*[@id="form_filters"]/div[4]/button"): Delayed 5 second(s)

2022-06-09 20:36:11 - [MESSAGE][PASSED] - Delayed 1 second(s)

2022-06-09 20:36:12 - [MESSAGE][PASSED] - Text 'MI000876' is set on object 'Object Repository/1. Constant/xpath'

2022-06-09 20:36:15 - [MESSAGE][PASSED] - Delayed 3 second(s)

2022-06-09 20:36:15 - [MESSAGE][PASSED] - Scroll to object 'Object Repository/1. Constant/xpath' successfully

2022-06-09 20:36:19 - [MESSAGE][PASSED] - Object: 'Object Repository/1. Constant/xpath' is clicked on

2022-06-09 20:36:24 - [MESSAGE][PASSED] - Delayed 5 second(s)

2022-06-09 20:36:24 - [TEST_STEP][PASSED] - takeScreenshot(): Taking screenshot successfully

2022-06-09 20:36:25 - [MESSAGE][PASSED] - Taking screenshot successfully
[[ATTACHMENT|D:\\Projet Test Auto\\Mediabox Test Automation\\Reports\\20220609_181011\\03. Parallel Testing (Testing)\\TS -PT PART 3\\14.03 Dreyers Support Action (Ongoing _ Completed ref) - PART 3\\20220609_181101\\1654799784990.png]]

2022-06-09 20:36:25 - [TEST_STEP][PASSED] - click(findTestObject("1. Constant/xpath", ["xpath":"//*[@id="create_ref_btn"]/button"])): Object: 'Object Repository/1. Constant/xpath' is clicked on

2022-06-09 20:36:25 - [MESSAGE][PASSED] - Object: 'Object Repository/1. Constant/xpath' is clicked on

2022-06-09 20:36:25 - [TEST_STEP][PASSED] - delay(1): Delayed 1 second(s)

2022-06-09 20:36:26 - [MESSAGE][PASSED] - Delayed 1 second(s)

2022-06-09 20:36:26 - [TEST_STEP][PASSED] - click(findTestObject("1. Constant/xpath", ["xpath":"//*[@id="create_ref_btn"]/div/a"])): Object: 'Object Repository/1. Constant/xpath' is clicked on

2022-06-09 20:36:28 - [MESSAGE][PASSED] - Object: 'Object Repository/1. Constant/xpath' is clicked on

2022-06-09 20:36:28 - [TEST_STEP][PASSED] - delay(1): Delayed 1 second(s)

2022-06-09 20:36:29 - [MESSAGE][PASSED] - Delayed 1 second(s)

2022-06-09 20:36:29 - [TEST_STEP][PASSED] - selectOptionByValue(findTestObject("1. Constant/xpath", ["xpath":"//*[@id="lfc_tpl"]"]), "36", false): All options with value '36' are selected in object 'Object Repository/1. Constant/xpath' 

2022-06-09 20:36:30 - [MESSAGE][PASSED] - All options with value '36' are selected in object 'Object Repository/1. Constant/xpath' 

2022-06-09 20:36:30 - [TEST_STEP][PASSED] - ref_name = "P17_Auto_SAS_S23_" + RandomStringUtils.randomAlphanumeric(5) + I.gettimedate(): null

2022-06-09 20:36:30 - [TEST_STEP][PASSED] - delay(1): Delayed 1 second(s)

2022-06-09 20:36:31 - [MESSAGE][PASSED] - Delayed 1 second(s)

2022-06-09 20:36:31 - [TEST_STEP][PASSED] - setText(findTestObject("1. Constant/xpath", ["xpath":"//*[@id="var_name"]"]), ref_name): Text 'P17_Auto_SAS_S23_lQzwJjuin092022_203630' is set on object 'Object Repository/1. Constant/xpath'

2022-06-09 20:36:33 - [MESSAGE][PASSED] - Text 'P17_Auto_SAS_S23_lQzwJjuin092022_203630' is set on object 'Object Repository/1. Constant/xpath'

2022-06-09 20:36:33 - [TEST_STEP][PASSED] - takeScreenshot(): Taking screenshot successfully

2022-06-09 20:36:34 - [MESSAGE][PASSED] - Taking screenshot successfully
[[ATTACHMENT|D:\\Projet Test Auto\\Mediabox Test Automation\\Reports\\20220609_181011\\03. Parallel Testing (Testing)\\TS -PT PART 3\\14.03 Dreyers Support Action (Ongoing _ Completed ref) - PART 3\\20220609_181101\\1654799793899.png]]

2022-06-09 20:36:34 - [TEST_STEP][PASSED] - click(findTestObject("1. Constant/xpath", ["xpath":"//*[@id="createRefBottom"]"])): Object: 'Object Repository/1. Constant/xpath' is clicked on

2022-06-09 20:36:37 - [MESSAGE][PASSED] - Object: 'Object Repository/1. Constant/xpath' is clicked on

2022-06-09 20:36:37 - [TEST_STEP][PASSED] - delay(1): Delayed 1 second(s)

2022-06-09 20:36:38 - [MESSAGE][PASSED] - Delayed 1 second(s)

2022-06-09 20:36:38 - [TEST_STEP][PASSED] - takeScreenshot(): Taking screenshot successfully

2022-06-09 20:36:39 - [MESSAGE][PASSED] - Taking screenshot successfully
[[ATTACHMENT|D:\\Projet Test Auto\\Mediabox Test Automation\\Reports\\20220609_181011\\03. Parallel Testing (Testing)\\TS -PT PART 3\\14.03 Dreyers Support Action (Ongoing _ Completed ref) - PART 3\\20220609_181101\\1654799798820.png]]

2022-06-09 20:36:39 - [TEST_STEP][PASSED] - refID17 = I.RefID(): Current window's url is: 'http://mdb-release.diadeis.lan/MediaboxIndependence/Base/ExecAction?IDSession=MBI%21RELTESTAUTO_DREYERS%217TAIPIQA3MSHMNRZ0QUJSBJCAV73AJZH1B90BLTR&default_action=ModifierRef&id_project=MI000876&id_ref=5279&action_from=create_ref'

2022-06-09 20:36:44 - [MESSAGE][PASSED] - Delayed 5 second(s)

2022-06-09 20:36:44 - [MESSAGE][PASSED] - Current window's url is: 'http://mdb-release.diadeis.lan/MediaboxIndependence/Base/ExecAction?IDSession=MBI%21RELTESTAUTO_DREYERS%217TAIPIQA3MSHMNRZ0QUJSBJCAV73AJZH1B90BLTR&default_action=ModifierRef&id_project=MI000876&id_ref=5279&action_from=create_ref'

2022-06-09 20:36:44 - [TEST_STEP][PASSED] - click(findTestObject("1. Constant/xpath", ["xpath":"//*[@id="type_save"]"])): Object: 'Object Repository/1. Constant/xpath' is clicked on

2022-06-09 20:36:47 - [MESSAGE][PASSED] - Object: 'Object Repository/1. Constant/xpath' is clicked on

2022-06-09 20:36:47 - [TEST_STEP][PASSED] - takeScreenshot(): Taking screenshot successfully

2022-06-09 20:36:48 - [MESSAGE][PASSED] - Taking screenshot successfully
[[ATTACHMENT|D:\\Projet Test Auto\\Mediabox Test Automation\\Reports\\20220609_181011\\03. Parallel Testing (Testing)\\TS -PT PART 3\\14.03 Dreyers Support Action (Ongoing _ Completed ref) - PART 3\\20220609_181101\\1654799807677.png]]

2022-06-09 20:36:48 - [TEST_STEP][PASSED] - delay(1): Delayed 1 second(s)

2022-06-09 20:36:49 - [MESSAGE][PASSED] - Delayed 1 second(s)

2022-06-09 20:36:49 - [TEST_STEP][PASSED] - I.SearchRefNo_xpath("P17_Auto", "//*[@id="fiche_filter_keywords11"]", "//*[@id="form_filters"]/div[3]/button"): Delayed 5 second(s)

2022-06-09 20:36:50 - [MESSAGE][PASSED] - Delayed 1 second(s)

2022-06-09 20:36:50 - [MESSAGE][PASSED] - Text 'P17_Auto' is set on object 'Object Repository/1. Constant/xpath'

2022-06-09 20:36:53 - [MESSAGE][PASSED] - Delayed 3 second(s)

2022-06-09 20:36:53 - [MESSAGE][PASSED] - Scroll to object 'Object Repository/1. Constant/xpath' successfully

2022-06-09 20:36:55 - [MESSAGE][PASSED] - Object: 'Object Repository/1. Constant/xpath' is clicked on

2022-06-09 20:37:00 - [MESSAGE][PASSED] - Delayed 5 second(s)

2022-06-09 20:37:00 - [TEST_STEP][PASSED] - click(findTestObject("1. Constant/xpath", ["xpath":"//*[@id="source_" + refID17 + ""]/td[13]/div[1]/button"])): Object: 'Object Repository/1. Constant/xpath' is clicked on

2022-06-09 20:37:01 - [MESSAGE][PASSED] - Object: 'Object Repository/1. Constant/xpath' is clicked on

2022-06-09 20:37:01 - [TEST_STEP][PASSED] - delay(1): Delayed 1 second(s)

2022-06-09 20:37:02 - [MESSAGE][PASSED] - Delayed 1 second(s)

2022-06-09 20:37:02 - [TEST_STEP][PASSED] - takeScreenshot(): Taking screenshot successfully

2022-06-09 20:37:02 - [MESSAGE][PASSED] - Taking screenshot successfully
[[ATTACHMENT|D:\\Projet Test Auto\\Mediabox Test Automation\\Reports\\20220609_181011\\03. Parallel Testing (Testing)\\TS -PT PART 3\\14.03 Dreyers Support Action (Ongoing _ Completed ref) - PART 3\\20220609_181101\\1654799822469.png]]

2022-06-09 20:37:02 - [TEST_STEP][PASSED] - delay(1): Delayed 1 second(s)

2022-06-09 20:37:03 - [MESSAGE][PASSED] - Delayed 1 second(s)

2022-06-09 20:37:03 - [TEST_STEP][PASSED] - x = 20: null

2022-06-09 20:37:03 - [TEST_STEP][PASSED] - i = 1: null

2022-06-09 20:37:03 - [TEST_STEP][PASSED] - while (i <= x): null

2022-06-09 20:37:03 - [TEST_STEP][PASSED] - Expected_SAS_Selected = "SAS S23: Skip P1.2/ Add PG 1.1_1.2/ Skip P1.1": null

2022-06-09 20:37:03 - [TEST_STEP][PASSED] - xpath_SAS = "//*[@id="source_" + refID17 + ""]/td[13]/div[1]/div/a[" + i + "]": null

2022-06-09 20:37:03 - [TEST_STEP][PASSED] - Actual_SAS = getText(findTestObject("1. Constant/xpath", ["xpath":xpath_SAS])): Text of object 'Object Repository/1. Constant/xpath' is: 'SAS: S4 - Skip 1.2 / Add Step A / Skip 1.1'

2022-06-09 20:37:04 - [MESSAGE][PASSED] - Text of object 'Object Repository/1. Constant/xpath' is: 'SAS: S4 - Skip 1.2 / Add Step A / Skip 1.1'

2022-06-09 20:37:04 - [TEST_STEP][PASSED] - I.print(i): null

2022-06-09 20:37:04 - [TEST_STEP][PASSED] - if (Actual_SAS.contains(Expected_SAS_Selected)): null

2022-06-09 20:37:04 - [TEST_STEP][PASSED] - i = i + 1: null

2022-06-09 20:37:04 - [TEST_STEP][PASSED] - Expected_SAS_Selected = "SAS S23: Skip P1.2/ Add PG 1.1_1.2/ Skip P1.1": null

2022-06-09 20:37:04 - [TEST_STEP][PASSED] - xpath_SAS = "//*[@id="source_" + refID17 + ""]/td[13]/div[1]/div/a[" + i + "]": null

2022-06-09 20:37:04 - [TEST_STEP][PASSED] - Actual_SAS = getText(findTestObject("1. Constant/xpath", ["xpath":xpath_SAS])): Text of object 'Object Repository/1. Constant/xpath' is: 'SAS S23: Skip P1.2/ Add PG 1.1_1.2/ Skip P1.1'

2022-06-09 20:37:04 - [MESSAGE][PASSED] - Text of object 'Object Repository/1. Constant/xpath' is: 'SAS S23: Skip P1.2/ Add PG 1.1_1.2/ Skip P1.1'

2022-06-09 20:37:04 - [TEST_STEP][PASSED] - I.print(i): null

2022-06-09 20:37:04 - [TEST_STEP][PASSED] - if (Actual_SAS.contains(Expected_SAS_Selected)): null

2022-06-09 20:37:04 - [TEST_STEP][PASSED] - click(findTestObject("1. Constant/xpath", ["xpath":xpath_SAS])): Object: 'Object Repository/1. Constant/xpath' is clicked on

2022-06-09 20:37:04 - [MESSAGE][PASSED] - Object: 'Object Repository/1. Constant/xpath' is clicked on

2022-06-09 20:37:04 - [TEST_STEP][PASSED] - break: null

2022-06-09 20:37:04 - [TEST_STEP][PASSED] - takeScreenshot(): Taking screenshot successfully

2022-06-09 20:37:05 - [MESSAGE][PASSED] - Taking screenshot successfully
[[ATTACHMENT|D:\\Projet Test Auto\\Mediabox Test Automation\\Reports\\20220609_181011\\03. Parallel Testing (Testing)\\TS -PT PART 3\\14.03 Dreyers Support Action (Ongoing _ Completed ref) - PART 3\\20220609_181101\\1654799825003.png]]

2022-06-09 20:37:05 - [TEST_STEP][PASSED] - delay(1): Delayed 1 second(s)

2022-06-09 20:37:06 - [MESSAGE][PASSED] - Delayed 1 second(s)

2022-06-09 20:37:06 - [TEST_STEP][PASSED] - click(findTestObject("1. Constant/xpath", ["xpath":"//*[@id="confirmSupportActionShortcut"]"])): Object: 'Object Repository/1. Constant/xpath' is clicked on

2022-06-09 20:37:12 - [MESSAGE][PASSED] - Object: 'Object Repository/1. Constant/xpath' is clicked on

2022-06-09 20:37:12 - [TEST_STEP][PASSED] - click(findTestObject("1. Constant/xpath", ["xpath":"//*[@id="kt_content"]/div[3]/div/ul/li[3]/a"])): Object: 'Object Repository/1. Constant/xpath' is clicked on

2022-06-09 20:37:13 - [MESSAGE][PASSED] - Object: 'Object Repository/1. Constant/xpath' is clicked on

2022-06-09 20:37:13 - [TEST_STEP][PASSED] - takeScreenshot(): Taking screenshot successfully

2022-06-09 20:37:14 - [MESSAGE][PASSED] - Taking screenshot successfully
[[ATTACHMENT|D:\\Projet Test Auto\\Mediabox Test Automation\\Reports\\20220609_181011\\03. Parallel Testing (Testing)\\TS -PT PART 3\\14.03 Dreyers Support Action (Ongoing _ Completed ref) - PART 3\\20220609_181101\\1654799833732.png]]

2022-06-09 20:37:14 - [TEST_STEP][PASSED] - StepA_1 = getAttribute(findTestObject("1. Constant/xpath", ["xpath":"/html/body/div[1]/div[2]/div[8]/div[3]/div/div[3]/div[3]/div/ul/li[1]/a"]), "class"): Attribute 'class' of object 'Object Repository/1. Constant/xpath' is: 'nav-link timeline-badge badge-xl  bg-pending active'

2022-06-09 20:37:15 - [MESSAGE][PASSED] - Attribute 'class' of object 'Object Repository/1. Constant/xpath' is: 'nav-link timeline-badge badge-xl  bg-pending active'

2022-06-09 20:37:15 - [TEST_STEP][PASSED] - verifyMatch(StepA_1, "nav-link timeline-badge badge-xl  bg-pending active", false): Actual text 'nav-link timeline-badge badge-xl  bg-pending active' and expected text 'nav-link timeline-badge badge-xl  bg-pending active' are matched 

2022-06-09 20:37:15 - [MESSAGE][PASSED] - Actual text 'nav-link timeline-badge badge-xl  bg-pending active' and expected text 'nav-link timeline-badge badge-xl  bg-pending active' are matched 

2022-06-09 20:37:15 - [TEST_STEP][PASSED] - StepA_11 = I.Get_Stepname("/html/body/div[1]/div[2]/div[8]/div[3]/div/div[3]/div[3]/div/ul/li[1]/a"): Attribute 'href' of object 'Object Repository/1. Constant/xpath' is: 'http://mdb-release.diadeis.lan/MediaboxIndependence/Base/ExecAction?action=VoirRef&IDSession=MBI!RELTESTAUTO_DREYERS!7TAIPIQA3MSHMNRZ0QUJSBJCAV73AJZH1B90BLTR&num=H8ES0XVF96&id_ref=5279#tab_lifecycle_SASStepA_12201'

2022-06-09 20:37:20 - [MESSAGE][PASSED] - Delayed 5 second(s)

2022-06-09 20:37:20 - [MESSAGE][PASSED] - Attribute 'href' of object 'Object Repository/1. Constant/xpath' is: 'http://mdb-release.diadeis.lan/MediaboxIndependence/Base/ExecAction?action=VoirRef&IDSession=MBI!RELTESTAUTO_DREYERS!7TAIPIQA3MSHMNRZ0QUJSBJCAV73AJZH1B90BLTR&num=H8ES0XVF96&id_ref=5279#tab_lifecycle_SASStepA_12201'

2022-06-09 20:37:20 - [TEST_STEP][PASSED] - verifyMatch(StepA_11, "SASStepA", false): Actual text 'SASStepA' and expected text 'SASStepA' are matched 

2022-06-09 20:37:20 - [MESSAGE][PASSED] - Actual text 'SASStepA' and expected text 'SASStepA' are matched 

2022-06-09 20:37:20 - [TEST_STEP][PASSED] - Name_StepAP1_2 = getText(findTestObject("1. Constant/xpath", ["xpath":"/html/body/div[1]/div[2]/div[8]/div[3]/div/div[3]/div[3]/div/div/div[1]/div/div[3]/div/div[1]/div[1]/h3"])): Text of object 'Object Repository/1. Constant/xpath' is: 'Phase 1.1 [Standard]'

2022-06-09 20:37:20 - [MESSAGE][PASSED] - Text of object 'Object Repository/1. Constant/xpath' is: 'Phase 1.1 [Standard]'

2022-06-09 20:37:20 - [TEST_STEP][PASSED] - verifyMatch(Name_StepAP1_2, "Phase 1.1 [Standard]", false): Actual text 'Phase 1.1 [Standard]' and expected text 'Phase 1.1 [Standard]' are matched 

2022-06-09 20:37:20 - [MESSAGE][PASSED] - Actual text 'Phase 1.1 [Standard]' and expected text 'Phase 1.1 [Standard]' are matched 

2022-06-09 20:37:20 - [TEST_STEP][PASSED] - added_StepAP11_2 = getText(findTestObject("1. Constant/xpath", ["xpath":"/html/body/div[1]/div[2]/div[8]/div[3]/div/div[3]/div[3]/div/div/div[1]/div/div[3]/div/div[2]/h6"])): Text of object 'Object Repository/1. Constant/xpath' is: 'Added manually 06/09/22 11:37 AM By Brian Lemco'

2022-06-09 20:37:20 - [MESSAGE][PASSED] - Text of object 'Object Repository/1. Constant/xpath' is: 'Added manually 06/09/22 11:37 AM By Brian Lemco'

2022-06-09 20:37:20 - [TEST_STEP][PASSED] - if (added_StepAP11_2.contains("Added manually")): Actual object '1' and expected object '1' are equal

2022-06-09 20:37:20 - [TEST_STEP][PASSED] - verifyEqual(1, 1): Actual object '1' and expected object '1' are equal

2022-06-09 20:37:20 - [MESSAGE][PASSED] - Actual object '1' and expected object '1' are equal

2022-06-09 20:37:20 - [TEST_STEP][PASSED] - added_StepAP1_2 = getText(findTestObject("1. Constant/xpath", ["xpath":"/html/body/div[1]/div[2]/div[8]/div[3]/div/div[3]/div[3]/div/div/div[1]/div/div[3]/div/div[2]/div[1]"])): Text of object 'Object Repository/1. Constant/xpath' is: 'Started 06/09/22 11:37 AM'

2022-06-09 20:37:21 - [MESSAGE][PASSED] - Text of object 'Object Repository/1. Constant/xpath' is: 'Started 06/09/22 11:37 AM'

2022-06-09 20:37:21 - [TEST_STEP][PASSED] - if (added_StepAP1_2.contains("Started")): Actual object '1' and expected object '1' are equal

2022-06-09 20:37:21 - [TEST_STEP][PASSED] - verifyEqual(1, 1): Actual object '1' and expected object '1' are equal

2022-06-09 20:37:21 - [MESSAGE][PASSED] - Actual object '1' and expected object '1' are equal

2022-06-09 20:37:21 - [TEST_STEP][PASSED] - Name_StepAP2_2 = getText(findTestObject("1. Constant/xpath", ["xpath":"/html/body/div[1]/div[2]/div[8]/div[3]/div/div[3]/div[3]/div/div/div[1]/div/div[4]/div/div[1]/div[1]/h3"])): Text of object 'Object Repository/1. Constant/xpath' is: 'Phase 1.2 [Standard Phase]'

2022-06-09 20:37:21 - [MESSAGE][PASSED] - Text of object 'Object Repository/1. Constant/xpath' is: 'Phase 1.2 [Standard Phase]'

2022-06-09 20:37:21 - [TEST_STEP][PASSED] - verifyMatch(Name_StepAP2_2, "Phase 1.2 [Standard Phase]", false): Actual text 'Phase 1.2 [Standard Phase]' and expected text 'Phase 1.2 [Standard Phase]' are matched 

2022-06-09 20:37:21 - [MESSAGE][PASSED] - Actual text 'Phase 1.2 [Standard Phase]' and expected text 'Phase 1.2 [Standard Phase]' are matched 

2022-06-09 20:37:21 - [TEST_STEP][PASSED] - StepB_3 = getAttribute(findTestObject("1. Constant/xpath", ["xpath":"/html/body/div[1]/div[2]/div[8]/div[3]/div/div[3]/div[3]/div/ul/li[2]/a"]), "class"): Attribute 'class' of object 'Object Repository/1. Constant/xpath' is: 'nav-link timeline-badge badge-xl  bg-waiting '

2022-06-09 20:37:21 - [MESSAGE][PASSED] - Attribute 'class' of object 'Object Repository/1. Constant/xpath' is: 'nav-link timeline-badge badge-xl  bg-waiting '

2022-06-09 20:37:21 - [TEST_STEP][PASSED] - verifyMatch(StepB_3, "nav-link timeline-badge badge-xl  bg-waiting ", false): Actual text 'nav-link timeline-badge badge-xl  bg-waiting ' and expected text 'nav-link timeline-badge badge-xl  bg-waiting ' are matched 

2022-06-09 20:37:21 - [MESSAGE][PASSED] - Actual text 'nav-link timeline-badge badge-xl  bg-waiting ' and expected text 'nav-link timeline-badge badge-xl  bg-waiting ' are matched 

2022-06-09 20:37:21 - [TEST_STEP][PASSED] - StepB_33 = I.Get_Stepname("/html/body/div[1]/div[2]/div[8]/div[3]/div/div[3]/div[3]/div/ul/li[2]/a"): Attribute 'href' of object 'Object Repository/1. Constant/xpath' is: 'http://mdb-release.diadeis.lan/MediaboxIndependence/Base/ExecAction?action=VoirRef&IDSession=MBI!RELTESTAUTO_DREYERS!7TAIPIQA3MSHMNRZ0QUJSBJCAV73AJZH1B90BLTR&num=H8ES0XVF96&id_ref=5279#tab_lifecycle_SASStepB_12202'

2022-06-09 20:37:26 - [MESSAGE][PASSED] - Delayed 5 second(s)

2022-06-09 20:37:26 - [MESSAGE][PASSED] - Attribute 'href' of object 'Object Repository/1. Constant/xpath' is: 'http://mdb-release.diadeis.lan/MediaboxIndependence/Base/ExecAction?action=VoirRef&IDSession=MBI!RELTESTAUTO_DREYERS!7TAIPIQA3MSHMNRZ0QUJSBJCAV73AJZH1B90BLTR&num=H8ES0XVF96&id_ref=5279#tab_lifecycle_SASStepB_12202'

2022-06-09 20:37:26 - [TEST_STEP][PASSED] - verifyMatch(StepB_33, "SASStepB", false): Actual text 'SASStepB' and expected text 'SASStepB' are matched 

2022-06-09 20:37:26 - [MESSAGE][PASSED] - Actual text 'SASStepB' and expected text 'SASStepB' are matched 

2022-06-09 20:37:26 - [TEST_STEP][PASSED] - click(findTestObject("1. Constant/xpath", ["xpath":"/html/body/div[1]/div[2]/div[8]/div[2]/div/nav/ol/li[2]/a"])): Object: 'Object Repository/1. Constant/xpath' is clicked on

2022-06-09 20:37:29 - [MESSAGE][PASSED] - Object: 'Object Repository/1. Constant/xpath' is clicked on

2022-06-09 20:37:29 - [TEST_STEP][PASSED] - I.SearchRefNo_xpath("P17_Auto", "//*[@id="fiche_filter_keywords11"]", "//*[@id="form_filters"]/div[3]/button"): Delayed 5 second(s)

2022-06-09 20:37:30 - [MESSAGE][PASSED] - Delayed 1 second(s)

2022-06-09 20:37:31 - [MESSAGE][PASSED] - Text 'P17_Auto' is set on object 'Object Repository/1. Constant/xpath'

2022-06-09 20:37:34 - [MESSAGE][PASSED] - Delayed 3 second(s)

2022-06-09 20:37:34 - [MESSAGE][PASSED] - Scroll to object 'Object Repository/1. Constant/xpath' successfully

2022-06-09 20:37:37 - [MESSAGE][PASSED] - Object: 'Object Repository/1. Constant/xpath' is clicked on

2022-06-09 20:37:42 - [MESSAGE][PASSED] - Delayed 5 second(s)

2022-06-09 20:37:42 - [TEST_STEP][PASSED] - takeScreenshot(): Taking screenshot successfully

2022-06-09 20:37:43 - [MESSAGE][PASSED] - Taking screenshot successfully
[[ATTACHMENT|D:\\Projet Test Auto\\Mediabox Test Automation\\Reports\\20220609_181011\\03. Parallel Testing (Testing)\\TS -PT PART 3\\14.03 Dreyers Support Action (Ongoing _ Completed ref) - PART 3\\20220609_181101\\1654799862750.png]]

2022-06-09 20:37:43 - [TEST_STEP][PASSED] - click(findTestObject("1. Constant/xpath", ["xpath":"//*[@id="source_" + refID17 + ""]/td[13]/a[3]"])): Object: 'Object Repository/1. Constant/xpath' is clicked on

2022-06-09 20:37:44 - [MESSAGE][PASSED] - Object: 'Object Repository/1. Constant/xpath' is clicked on

2022-06-09 20:37:44 - [TEST_STEP][PASSED] - click(findTestObject("1. Constant/xpath", ["xpath":"//*[@id="ModifFiche"]/div[1]/div/button[2]"])): Object: 'Object Repository/1. Constant/xpath' is clicked on

2022-06-09 20:37:48 - [MESSAGE][PASSED] - Object: 'Object Repository/1. Constant/xpath' is clicked on

2022-06-09 20:37:48 - [TEST_STEP][PASSED] - I.Logout(): Delayed 3 second(s)

2022-06-09 20:37:51 - [MESSAGE][PASSED] - Delayed 3 second(s)

2022-06-09 20:37:51 - [MESSAGE][PASSED] - Object: 'Object Repository/1. Constant/xpath' is clicked on

2022-06-09 20:37:54 - [MESSAGE][PASSED] - Delayed 3 second(s)

2022-06-09 20:37:56 - [MESSAGE][PASSED] - Object: 'Object Repository/1. Constant/xpath' is clicked on

2022-06-09 20:37:59 - [MESSAGE][PASSED] - Delayed 3 second(s)

2022-06-09 20:37:59 - [TEST_STEP][PASSED] - I.Login_password("nturner", password_nturner): Object: 'Object Repository/1. Constant/xpath' is clicked on

2022-06-09 20:37:59 - [MESSAGE][PASSED] - Text 'nturner' is set on object 'Object Repository/1. Constant/xpath'

2022-06-09 20:38:00 - [MESSAGE][PASSED] - Delayed 1 second(s)

2022-06-09 20:38:01 - [MESSAGE][PASSED] - Text 'diadeis1' is set on object 'Object Repository/1. Constant/xpath'

2022-06-09 20:38:02 - [MESSAGE][PASSED] - Delayed 1 second(s)

2022-06-09 20:38:06 - [MESSAGE][PASSED] - Object: 'Object Repository/1. Constant/xpath' is clicked on

2022-06-09 20:38:06 - [TEST_STEP][PASSED] - click(findTestObject("1. Constant/02_LHSMenu_Projects")): Object: 'Object Repository/1. Constant/02_LHSMenu_Projects' is clicked on

2022-06-09 20:38:08 - [MESSAGE][PASSED] - Object: 'Object Repository/1. Constant/02_LHSMenu_Projects' is clicked on

2022-06-09 20:38:08 - [TEST_STEP][PASSED] - I.SearchProjectNo_xpath(Project_No, "//*[@id="keynum_project"]", "//*[@id="form_filters"]/div[4]/button"): Delayed 5 second(s)

2022-06-09 20:38:09 - [MESSAGE][PASSED] - Delayed 1 second(s)

2022-06-09 20:38:10 - [MESSAGE][PASSED] - Text 'MI000876' is set on object 'Object Repository/1. Constant/xpath'

2022-06-09 20:38:13 - [MESSAGE][PASSED] - Delayed 3 second(s)

2022-06-09 20:38:14 - [MESSAGE][PASSED] - Scroll to object 'Object Repository/1. Constant/xpath' successfully

2022-06-09 20:38:16 - [MESSAGE][PASSED] - Object: 'Object Repository/1. Constant/xpath' is clicked on

2022-06-09 20:38:21 - [MESSAGE][PASSED] - Delayed 5 second(s)

2022-06-09 20:38:21 - [TEST_STEP][PASSED] - I.SearchRefNo_xpath("P17_Auto", "//*[@id="fiche_filter_keywords11"]", "//*[@id="form_filters"]/div[3]/button"): Delayed 5 second(s)

2022-06-09 20:38:22 - [MESSAGE][PASSED] - Delayed 1 second(s)

2022-06-09 20:38:23 - [MESSAGE][PASSED] - Text 'P17_Auto' is set on object 'Object Repository/1. Constant/xpath'

2022-06-09 20:38:26 - [MESSAGE][PASSED] - Delayed 3 second(s)

2022-06-09 20:38:26 - [MESSAGE][PASSED] - Scroll to object 'Object Repository/1. Constant/xpath' successfully

2022-06-09 20:38:28 - [MESSAGE][PASSED] - Object: 'Object Repository/1. Constant/xpath' is clicked on

2022-06-09 20:38:33 - [MESSAGE][PASSED] - Delayed 5 second(s)

2022-06-09 20:38:33 - [TEST_STEP][PASSED] - takeScreenshot(): Taking screenshot successfully

2022-06-09 20:38:34 - [MESSAGE][PASSED] - Taking screenshot successfully
[[ATTACHMENT|D:\\Projet Test Auto\\Mediabox Test Automation\\Reports\\20220609_181011\\03. Parallel Testing (Testing)\\TS -PT PART 3\\14.03 Dreyers Support Action (Ongoing _ Completed ref) - PART 3\\20220609_181101\\1654799914401.png]]

2022-06-09 20:38:34 - [TEST_STEP][PASSED] - Lifecycle_Status3 = getText(findTestObject("1. Constant/xpath", ["xpath":"//*[@id="source_" + refID17 + ""]/td[12]/span[1]"])): Text of object 'Object Repository/1. Constant/xpath' is: 'Phase 1.2 [Standard Phase]'

2022-06-09 20:38:34 - [MESSAGE][PASSED] - Text of object 'Object Repository/1. Constant/xpath' is: 'Phase 1.2 [Standard Phase]'

2022-06-09 20:38:34 - [TEST_STEP][PASSED] - verifyMatch(Lifecycle_Status3, "Phase 1.2 [Standard Phase]", false): Actual text 'Phase 1.2 [Standard Phase]' and expected text 'Phase 1.2 [Standard Phase]' are matched 

2022-06-09 20:38:34 - [MESSAGE][PASSED] - Actual text 'Phase 1.2 [Standard Phase]' and expected text 'Phase 1.2 [Standard Phase]' are matched 

2022-06-09 20:38:34 - [TEST_STEP][PASSED] - click(findTestObject("1. Constant/xpath", ["xpath":"//*[@id="source_" + refID17 + ""]/td[13]/a[2]"])): Object: 'Object Repository/1. Constant/xpath' is clicked on

2022-06-09 20:38:36 - [MESSAGE][PASSED] - Object: 'Object Repository/1. Constant/xpath' is clicked on

2022-06-09 20:38:36 - [TEST_STEP][PASSED] - click(findTestObject("1. Constant/xpath", ["xpath":"//*[@id="ModifFiche"]/div[1]/div/button[2]"])): Object: 'Object Repository/1. Constant/xpath' is clicked on

2022-06-09 20:38:41 - [MESSAGE][PASSED] - Object: 'Object Repository/1. Constant/xpath' is clicked on

2022-06-09 20:38:41 - [TEST_STEP][PASSED] - Lifecycle_Status4 = getText(findTestObject("1. Constant/xpath", ["xpath":"//*[@id="source_" + refID17 + ""]/td[12]/span[1]"])): Text of object 'Object Repository/1. Constant/xpath' is: 'Phase 2.1 [Production]'

2022-06-09 20:38:41 - [MESSAGE][PASSED] - Text of object 'Object Repository/1. Constant/xpath' is: 'Phase 2.1 [Production]'

2022-06-09 20:38:41 - [TEST_STEP][PASSED] - verifyMatch(Lifecycle_Status4, "Phase 2.1 [Production]", false): Actual text 'Phase 2.1 [Production]' and expected text 'Phase 2.1 [Production]' are matched 

2022-06-09 20:38:41 - [MESSAGE][PASSED] - Actual text 'Phase 2.1 [Production]' and expected text 'Phase 2.1 [Production]' are matched 

2022-06-09 20:38:41 - [TEST_STEP][PASSED] - I.Logout(): Delayed 3 second(s)

2022-06-09 20:38:44 - [MESSAGE][PASSED] - Delayed 3 second(s)

2022-06-09 20:38:45 - [MESSAGE][PASSED] - Object: 'Object Repository/1. Constant/xpath' is clicked on

2022-06-09 20:38:48 - [MESSAGE][PASSED] - Delayed 3 second(s)

2022-06-09 20:38:50 - [MESSAGE][PASSED] - Object: 'Object Repository/1. Constant/xpath' is clicked on

2022-06-09 20:38:53 - [MESSAGE][PASSED] - Delayed 3 second(s)

2022-06-09 20:38:53 - [TEST_STEP][PASSED] - I.Login_password("suser", password_suser): Object: 'Object Repository/1. Constant/xpath' is clicked on

2022-06-09 20:38:54 - [MESSAGE][PASSED] - Text 'suser' is set on object 'Object Repository/1. Constant/xpath'

2022-06-09 20:38:55 - [MESSAGE][PASSED] - Delayed 1 second(s)

2022-06-09 20:38:55 - [MESSAGE][PASSED] - Text 'diadeis' is set on object 'Object Repository/1. Constant/xpath'

2022-06-09 20:38:56 - [MESSAGE][PASSED] - Delayed 1 second(s)

2022-06-09 20:38:59 - [MESSAGE][PASSED] - Object: 'Object Repository/1. Constant/xpath' is clicked on

2022-06-09 20:38:59 - [TEST_STEP][PASSED] - click(findTestObject("1. Constant/02_LHSMenu_Projects")): Object: 'Object Repository/1. Constant/02_LHSMenu_Projects' is clicked on

2022-06-09 20:39:02 - [MESSAGE][PASSED] - Object: 'Object Repository/1. Constant/02_LHSMenu_Projects' is clicked on

2022-06-09 20:39:02 - [TEST_STEP][PASSED] - I.SearchProjectNo_xpath(Project_No, "//*[@id="keynum_project"]", "//*[@id="form_filters"]/div[4]/button"): Delayed 5 second(s)

2022-06-09 20:39:03 - [MESSAGE][PASSED] - Delayed 1 second(s)

2022-06-09 20:39:05 - [MESSAGE][PASSED] - Text 'MI000876' is set on object 'Object Repository/1. Constant/xpath'

2022-06-09 20:39:08 - [MESSAGE][PASSED] - Delayed 3 second(s)

2022-06-09 20:39:08 - [MESSAGE][PASSED] - Scroll to object 'Object Repository/1. Constant/xpath' successfully

2022-06-09 20:39:11 - [MESSAGE][PASSED] - Object: 'Object Repository/1. Constant/xpath' is clicked on

2022-06-09 20:39:16 - [MESSAGE][PASSED] - Delayed 5 second(s)

2022-06-09 20:39:16 - [TEST_STEP][PASSED] - I.SearchRefNo_xpath("P17_Auto", "//*[@id="fiche_filter_keywords11"]", "//*[@id="form_filters"]/div[3]/button"): Delayed 5 second(s)

2022-06-09 20:39:17 - [MESSAGE][PASSED] - Delayed 1 second(s)

2022-06-09 20:39:17 - [MESSAGE][PASSED] - Text 'P17_Auto' is set on object 'Object Repository/1. Constant/xpath'

2022-06-09 20:39:20 - [MESSAGE][PASSED] - Delayed 3 second(s)

2022-06-09 20:39:22 - [MESSAGE][PASSED] - Scroll to object 'Object Repository/1. Constant/xpath' successfully

2022-06-09 20:39:24 - [MESSAGE][PASSED] - Object: 'Object Repository/1. Constant/xpath' is clicked on

2022-06-09 20:39:29 - [MESSAGE][PASSED] - Delayed 5 second(s)

2022-06-09 20:39:29 - [TEST_STEP][PASSED] - color1 = getCSSValue(findTestObject("1. Constant/xpath", ["xpath":"//*[@id="source_" + refID17 + ""]/td[14]/a[2]"]), "color", OPTIONAL): Get CSS 'color' value on 'Object Repository/1. Constant/xpath' successfully: 'rgba(255, 255, 255, 1)'.

2022-06-09 20:39:29 - [MESSAGE][PASSED] - Get CSS 'color' value on 'Object Repository/1. Constant/xpath' successfully: 'rgba(255, 255, 255, 1)'.

2022-06-09 20:39:29 - [TEST_STEP][PASSED] - while (color1 == "rgba(255, 255, 255, 1)"): Get CSS 'color' value on 'Object Repository/1. Constant/xpath' successfully: 'rgba(54, 153, 255, 1)'.

2022-06-09 20:39:29 - [TEST_STEP][PASSED] - click(findTestObject("1. Constant/xpath", ["xpath":"//*[@id="source_" + refID17 + ""]/td[14]/a[2]"])): Object: 'Object Repository/1. Constant/xpath' is clicked on

2022-06-09 20:39:30 - [MESSAGE][PASSED] - Object: 'Object Repository/1. Constant/xpath' is clicked on

2022-06-09 20:39:30 - [TEST_STEP][PASSED] - I.UploadDoc_sendkey_Prod(findTestObject("1. Constant/xpath", ["xpath":"//*[@id="kt_body"]/input[2]"]), "D:\Upoad_File\Upload doc\testdata1.pdf", "testdata1"): Delayed 5 second(s)

2022-06-09 20:39:31 - [MESSAGE][PASSED] - Scroll to object 'Object Repository/1. Constant/xpath' successfully

2022-06-09 20:39:36 - [MESSAGE][PASSED] - Delayed 5 second(s)

2022-06-09 20:39:37 - [MESSAGE][PASSED] - File 'D:\Upoad_File\Upload doc\testdata1.pdf' sent to object: 'Object Repository/1. Constant/xpath'

2022-06-09 20:39:42 - [MESSAGE][PASSED] - Delayed 5 second(s)

2022-06-09 20:39:42 - [MESSAGE][PASSED] - Text 'testdata1' is present on page 

2022-06-09 20:39:47 - [MESSAGE][PASSED] - Delayed 5 second(s)

2022-06-09 20:39:52 - [MESSAGE][PASSED] - Delayed 5 second(s)

2022-06-09 20:39:52 - [TEST_STEP][PASSED] - takeScreenshot(): Taking screenshot successfully

2022-06-09 20:39:53 - [MESSAGE][PASSED] - Taking screenshot successfully
[[ATTACHMENT|D:\\Projet Test Auto\\Mediabox Test Automation\\Reports\\20220609_181011\\03. Parallel Testing (Testing)\\TS -PT PART 3\\14.03 Dreyers Support Action (Ongoing _ Completed ref) - PART 3\\20220609_181101\\1654799992703.png]]

2022-06-09 20:39:53 - [TEST_STEP][PASSED] - delay(8): Delayed 8 second(s)

2022-06-09 20:40:01 - [MESSAGE][PASSED] - Delayed 8 second(s)

2022-06-09 20:40:01 - [TEST_STEP][PASSED] - click(findTestObject("HL Full Lifecycle/12 ReferncePage_Button_Updatensenddoc")): Object: 'Object Repository/HL Full Lifecycle/12 ReferncePage_Button_Updatensenddoc' is clicked on

2022-06-09 20:40:07 - [MESSAGE][PASSED] - Object: 'Object Repository/HL Full Lifecycle/12 ReferncePage_Button_Updatensenddoc' is clicked on

2022-06-09 20:40:07 - [TEST_STEP][PASSED] - delay(4): Delayed 4 second(s)

2022-06-09 20:40:11 - [MESSAGE][PASSED] - Delayed 4 second(s)

2022-06-09 20:40:11 - [TEST_STEP][PASSED] - color1 = getCSSValue(findTestObject("1. Constant/xpath", ["xpath":"//*[@id="source_" + refID17 + ""]/td[14]/a[2]"]), "color", OPTIONAL): Get CSS 'color' value on 'Object Repository/1. Constant/xpath' successfully: 'rgba(54, 153, 255, 1)'.

2022-06-09 20:40:11 - [MESSAGE][PASSED] - Get CSS 'color' value on 'Object Repository/1. Constant/xpath' successfully: 'rgba(54, 153, 255, 1)'.

2022-06-09 20:40:11 - [TEST_STEP][PASSED] - takeScreenshot(): Taking screenshot successfully

2022-06-09 20:40:11 - [MESSAGE][PASSED] - Taking screenshot successfully
[[ATTACHMENT|D:\\Projet Test Auto\\Mediabox Test Automation\\Reports\\20220609_181011\\03. Parallel Testing (Testing)\\TS -PT PART 3\\14.03 Dreyers Support Action (Ongoing _ Completed ref) - PART 3\\20220609_181101\\1654800011447.png]]

2022-06-09 20:40:11 - [TEST_STEP][PASSED] - click(findTestObject("1. Constant/xpath", ["xpath":"//*[@id="source_" + refID17 + ""]/td[6]/a"])): Object: 'Object Repository/1. Constant/xpath' is clicked on

2022-06-09 20:40:14 - [MESSAGE][PASSED] - Object: 'Object Repository/1. Constant/xpath' is clicked on

2022-06-09 20:40:14 - [TEST_STEP][PASSED] - takeScreenshot(): Taking screenshot successfully

2022-06-09 20:40:14 - [MESSAGE][PASSED] - Taking screenshot successfully
[[ATTACHMENT|D:\\Projet Test Auto\\Mediabox Test Automation\\Reports\\20220609_181011\\03. Parallel Testing (Testing)\\TS -PT PART 3\\14.03 Dreyers Support Action (Ongoing _ Completed ref) - PART 3\\20220609_181101\\1654800014321.png]]

2022-06-09 20:40:14 - [TEST_STEP][PASSED] - delay(1): Delayed 1 second(s)

2022-06-09 20:40:15 - [MESSAGE][PASSED] - Delayed 1 second(s)

2022-06-09 20:40:15 - [TEST_STEP][PASSED] - I.Approveforothers("/html/body/div[1]/div[2]/div[8]/div[3]/div/div[3]/div[2]/div/div[3]/div/div[2]/div[1]/div/div[2]/div/div[2]/div[2]/div/div/div[1]/img", "/html/body/div[1]/div[2]/div[8]/div[3]/div/div[3]/div[2]/div/div[3]/div/div[2]/div[1]/div/div[2]/div/div[2]/div[2]/div/div/div[6]/a[2]/span"): Object: 'Object Repository/1. Constant/xpath' is clicked on

2022-06-09 20:40:16 - [MESSAGE][PASSED] - Object: 'Object Repository/1. Constant/xpath' is clicked on

2022-06-09 20:40:17 - [MESSAGE][PASSED] - Delayed 1 second(s)

2022-06-09 20:40:17 - [MESSAGE][PASSED] - Object: 'Object Repository/1. Constant/xpath' is clicked on

2022-06-09 20:40:18 - [MESSAGE][PASSED] - Delayed 1 second(s)

2022-06-09 20:40:19 - [MESSAGE][PASSED] - Object: 'Object Repository/1. Constant/xpath' is hovered

2022-06-09 20:40:19 - [MESSAGE][PASSED] - Object: 'Object Repository/1. Constant/xpath' is clicked on

2022-06-09 20:40:20 - [MESSAGE][PASSED] - Delayed 1 second(s)

2022-06-09 20:40:25 - [MESSAGE][PASSED] - Object: 'Object Repository/1. Constant/xpath' is clicked on

2022-06-09 20:40:25 - [TEST_STEP][PASSED] - delay(1): Delayed 1 second(s)

2022-06-09 20:40:26 - [MESSAGE][PASSED] - Delayed 1 second(s)

2022-06-09 20:40:26 - [TEST_STEP][PASSED] - click(findTestObject("1. Constant/xpath", ["xpath":"//*[@id="kt_subheader"]/div/nav/ol/li[2]/a"])): Object: 'Object Repository/1. Constant/xpath' is clicked on

2022-06-09 20:40:28 - [MESSAGE][PASSED] - Object: 'Object Repository/1. Constant/xpath' is clicked on

2022-06-09 20:40:28 - [TEST_STEP][PASSED] - delay(1): Delayed 1 second(s)

2022-06-09 20:40:29 - [MESSAGE][PASSED] - Delayed 1 second(s)

2022-06-09 20:40:29 - [TEST_STEP][PASSED] - I.submitquesiton_ref(findTestObject("1. Constant/xpath", ["xpath":"//*[@id="source_" + refID17 + ""]/td[14]/div[1]/button"]), findTestObject("1. Constant/xpath", ["xpath":"//*[@id="source_" + refID17 + ""]/td[14]/div[1]/div/a[1]"])): Object: 'Object Repository/1. Constant/xpath' is clicked on

2022-06-09 20:40:29 - [MESSAGE][PASSED] - Object: 'Object Repository/1. Constant/xpath' is clicked on

2022-06-09 20:40:32 - [MESSAGE][PASSED] - Delayed 3 second(s)

2022-06-09 20:40:35 - [MESSAGE][PASSED] - Object: 'Object Repository/1. Constant/xpath' is clicked on

2022-06-09 20:40:35 - [TEST_STEP][PASSED] - click(findTestObject("1. Constant/xpath", ["xpath":"//*[@id="ModifFiche"]/div[1]/div/button[2]"])): Object: 'Object Repository/1. Constant/xpath' is clicked on

2022-06-09 20:40:39 - [MESSAGE][PASSED] - Object: 'Object Repository/1. Constant/xpath' is clicked on

2022-06-09 20:40:39 - [TEST_STEP][PASSED] - takeScreenshot(): Taking screenshot successfully

2022-06-09 20:40:40 - [MESSAGE][PASSED] - Taking screenshot successfully
[[ATTACHMENT|D:\\Projet Test Auto\\Mediabox Test Automation\\Reports\\20220609_181011\\03. Parallel Testing (Testing)\\TS -PT PART 3\\14.03 Dreyers Support Action (Ongoing _ Completed ref) - PART 3\\20220609_181101\\1654800039770.png]]

2022-06-09 20:40:40 - [TEST_STEP][PASSED] - I.submitquesiton_ref(findTestObject("1. Constant/xpath", ["xpath":"//*[@id="source_" + refID17 + ""]/td[14]/div[1]/button"]), findTestObject("1. Constant/xpath", ["xpath":"//*[@id="source_" + refID17 + ""]/td[14]/div[1]/div/a[1]"])): Object: 'Object Repository/1. Constant/xpath' is clicked on

2022-06-09 20:40:40 - [MESSAGE][PASSED] - Object: 'Object Repository/1. Constant/xpath' is clicked on

2022-06-09 20:40:43 - [MESSAGE][PASSED] - Delayed 3 second(s)

2022-06-09 20:40:45 - [MESSAGE][PASSED] - Object: 'Object Repository/1. Constant/xpath' is clicked on

2022-06-09 20:40:45 - [TEST_STEP][PASSED] - click(findTestObject("1. Constant/xpath", ["xpath":"//*[@id="ModifFiche"]/div[1]/div/button[2]"])): Object: 'Object Repository/1. Constant/xpath' is clicked on

2022-06-09 20:40:48 - [MESSAGE][PASSED] - Object: 'Object Repository/1. Constant/xpath' is clicked on

2022-06-09 20:40:48 - [TEST_STEP][PASSED] - takeScreenshot(): Taking screenshot successfully

2022-06-09 20:40:49 - [MESSAGE][PASSED] - Taking screenshot successfully
[[ATTACHMENT|D:\\Projet Test Auto\\Mediabox Test Automation\\Reports\\20220609_181011\\03. Parallel Testing (Testing)\\TS -PT PART 3\\14.03 Dreyers Support Action (Ongoing _ Completed ref) - PART 3\\20220609_181101\\1654800048982.png]]

2022-06-09 20:40:49 - [TEST_STEP][PASSED] - click(findTestObject("1. Constant/xpath", ["xpath":"//*[@id="source_" + refID17 + ""]/td[14]/a[3]"])): Object: 'Object Repository/1. Constant/xpath' is clicked on

2022-06-09 20:40:50 - [MESSAGE][PASSED] - Object: 'Object Repository/1. Constant/xpath' is clicked on

2022-06-09 20:40:50 - [TEST_STEP][PASSED] - click(findTestObject("1. Constant/xpath", ["xpath":"//*[@id="ModifFiche"]/div[1]/div/button[2]"])): Object: 'Object Repository/1. Constant/xpath' is clicked on

2022-06-09 20:40:55 - [MESSAGE][PASSED] - Object: 'Object Repository/1. Constant/xpath' is clicked on

2022-06-09 20:40:55 - [TEST_STEP][PASSED] - takeScreenshot(): Taking screenshot successfully

2022-06-09 20:40:55 - [MESSAGE][PASSED] - Taking screenshot successfully
[[ATTACHMENT|D:\\Projet Test Auto\\Mediabox Test Automation\\Reports\\20220609_181011\\03. Parallel Testing (Testing)\\TS -PT PART 3\\14.03 Dreyers Support Action (Ongoing _ Completed ref) - PART 3\\20220609_181101\\1654800055126.png]]

2022-06-09 20:40:55 - [TEST_STEP][PASSED] - click(findTestObject("1. Constant/xpath", ["xpath":"//*[@id="source_" + refID17 + ""]/td[14]/a[3]"])): Object: 'Object Repository/1. Constant/xpath' is clicked on

2022-06-09 20:40:57 - [MESSAGE][PASSED] - Object: 'Object Repository/1. Constant/xpath' is clicked on

2022-06-09 20:40:57 - [TEST_STEP][PASSED] - click(findTestObject("1. Constant/xpath", ["xpath":"//*[@id="ModifFiche"]/div[1]/div/button[2]"])): Object: 'Object Repository/1. Constant/xpath' is clicked on

2022-06-09 20:41:01 - [MESSAGE][PASSED] - Object: 'Object Repository/1. Constant/xpath' is clicked on

2022-06-09 20:41:01 - [TEST_STEP][PASSED] - I.Logout(): Delayed 3 second(s)

2022-06-09 20:41:04 - [MESSAGE][PASSED] - Delayed 3 second(s)

2022-06-09 20:41:04 - [MESSAGE][PASSED] - Object: 'Object Repository/1. Constant/xpath' is clicked on

2022-06-09 20:41:07 - [MESSAGE][PASSED] - Delayed 3 second(s)

2022-06-09 20:41:09 - [MESSAGE][PASSED] - Object: 'Object Repository/1. Constant/xpath' is clicked on

2022-06-09 20:41:12 - [MESSAGE][PASSED] - Delayed 3 second(s)

2022-06-09 20:41:12 - [TEST_STEP][PASSED] - I.Login_password("lmary", password_lmary): Object: 'Object Repository/1. Constant/xpath' is clicked on

2022-06-09 20:41:12 - [MESSAGE][PASSED] - Text 'lmary' is set on object 'Object Repository/1. Constant/xpath'

2022-06-09 20:41:13 - [MESSAGE][PASSED] - Delayed 1 second(s)

2022-06-09 20:41:13 - [MESSAGE][PASSED] - Text 'diadeis' is set on object 'Object Repository/1. Constant/xpath'

2022-06-09 20:41:14 - [MESSAGE][PASSED] - Delayed 1 second(s)

2022-06-09 20:41:18 - [MESSAGE][PASSED] - Object: 'Object Repository/1. Constant/xpath' is clicked on

2022-06-09 20:41:18 - [TEST_STEP][PASSED] - click(findTestObject("1. Constant/02_LHSMenu_Projects")): Object: 'Object Repository/1. Constant/02_LHSMenu_Projects' is clicked on

2022-06-09 20:41:21 - [MESSAGE][PASSED] - Object: 'Object Repository/1. Constant/02_LHSMenu_Projects' is clicked on

2022-06-09 20:41:21 - [TEST_STEP][PASSED] - I.SearchProjectNo_xpath(Project_No, "//*[@id="keynum_project"]", "//*[@id="form_filters"]/div[4]/button"): Delayed 5 second(s)

2022-06-09 20:41:22 - [MESSAGE][PASSED] - Delayed 1 second(s)

2022-06-09 20:41:23 - [MESSAGE][PASSED] - Text 'MI000876' is set on object 'Object Repository/1. Constant/xpath'

2022-06-09 20:41:26 - [MESSAGE][PASSED] - Delayed 3 second(s)

2022-06-09 20:41:27 - [MESSAGE][PASSED] - Scroll to object 'Object Repository/1. Constant/xpath' successfully

2022-06-09 20:41:31 - [MESSAGE][PASSED] - Object: 'Object Repository/1. Constant/xpath' is clicked on

2022-06-09 20:41:36 - [MESSAGE][PASSED] - Delayed 5 second(s)

2022-06-09 20:41:36 - [TEST_STEP][PASSED] - I.SearchRefNo_xpath("P17_Auto", "//*[@id="fiche_filter_keywords11"]", "//*[@id="form_filters"]/div[3]/button"): Delayed 5 second(s)

2022-06-09 20:41:37 - [MESSAGE][PASSED] - Delayed 1 second(s)

2022-06-09 20:41:39 - [MESSAGE][PASSED] - Text 'P17_Auto' is set on object 'Object Repository/1. Constant/xpath'

2022-06-09 20:41:42 - [MESSAGE][PASSED] - Delayed 3 second(s)

2022-06-09 20:41:42 - [MESSAGE][PASSED] - Scroll to object 'Object Repository/1. Constant/xpath' successfully

2022-06-09 20:41:44 - [MESSAGE][PASSED] - Object: 'Object Repository/1. Constant/xpath' is clicked on

2022-06-09 20:41:49 - [MESSAGE][PASSED] - Delayed 5 second(s)

2022-06-09 20:41:49 - [TEST_STEP][PASSED] - takeScreenshot(): Taking screenshot successfully

2022-06-09 20:41:49 - [MESSAGE][PASSED] - Taking screenshot successfully
[[ATTACHMENT|D:\\Projet Test Auto\\Mediabox Test Automation\\Reports\\20220609_181011\\03. Parallel Testing (Testing)\\TS -PT PART 3\\14.03 Dreyers Support Action (Ongoing _ Completed ref) - PART 3\\20220609_181101\\1654800109448.png]]

2022-06-09 20:41:49 - [TEST_STEP][PASSED] - color3 = getCSSValue(findTestObject("1. Constant/xpath", ["xpath":"//*[@id="source_" + refID17 + ""]/td[13]/a"]), "color", OPTIONAL): Get CSS 'color' value on 'Object Repository/1. Constant/xpath' successfully: 'rgba(255, 255, 255, 1)'.

2022-06-09 20:41:50 - [MESSAGE][PASSED] - Get CSS 'color' value on 'Object Repository/1. Constant/xpath' successfully: 'rgba(255, 255, 255, 1)'.

2022-06-09 20:41:50 - [TEST_STEP][PASSED] - while (color3 == "rgba(255, 255, 255, 1)"): Get CSS 'color' value on 'Object Repository/1. Constant/xpath' successfully: 'rgba(54, 153, 255, 1)'.

2022-06-09 20:41:50 - [TEST_STEP][PASSED] - click(findTestObject("1. Constant/xpath", ["xpath":"//*[@id="source_" + refID17 + ""]/td[13]/a"])): Object: 'Object Repository/1. Constant/xpath' is clicked on

2022-06-09 20:41:52 - [MESSAGE][PASSED] - Object: 'Object Repository/1. Constant/xpath' is clicked on

2022-06-09 20:41:52 - [TEST_STEP][PASSED] - selectOptionByValue(findTestObject("1. Constant/xpath", ["xpath":"//*[@id="id_approval_flow_tpl"]"]), "80", false): All options with value '80' are selected in object 'Object Repository/1. Constant/xpath' 

2022-06-09 20:41:52 - [MESSAGE][PASSED] - All options with value '80' are selected in object 'Object Repository/1. Constant/xpath' 

2022-06-09 20:41:52 - [TEST_STEP][PASSED] - I.UploadDoc_sendkey_Prod(findTestObject("1. Constant/xpath", ["xpath":"//*[@id="kt_body"]/input[2]"]), "D:\Upoad_File\Upload doc\testdata1.jpg", "testdata1"): Delayed 5 second(s)

2022-06-09 20:41:52 - [MESSAGE][PASSED] - Scroll to object 'Object Repository/1. Constant/xpath' successfully

2022-06-09 20:41:57 - [MESSAGE][PASSED] - Delayed 5 second(s)

2022-06-09 20:41:57 - [MESSAGE][PASSED] - File 'D:\Upoad_File\Upload doc\testdata1.jpg' sent to object: 'Object Repository/1. Constant/xpath'

2022-06-09 20:42:02 - [MESSAGE][PASSED] - Delayed 5 second(s)

2022-06-09 20:42:03 - [MESSAGE][PASSED] - Text 'testdata1' is present on page 

2022-06-09 20:42:08 - [MESSAGE][PASSED] - Delayed 5 second(s)

2022-06-09 20:42:13 - [MESSAGE][PASSED] - Delayed 5 second(s)

2022-06-09 20:42:13 - [TEST_STEP][PASSED] - takeScreenshot(): Taking screenshot successfully

2022-06-09 20:42:13 - [MESSAGE][PASSED] - Taking screenshot successfully
[[ATTACHMENT|D:\\Projet Test Auto\\Mediabox Test Automation\\Reports\\20220609_181011\\03. Parallel Testing (Testing)\\TS -PT PART 3\\14.03 Dreyers Support Action (Ongoing _ Completed ref) - PART 3\\20220609_181101\\1654800133120.png]]

2022-06-09 20:42:13 - [TEST_STEP][PASSED] - delay(8): Delayed 8 second(s)

2022-06-09 20:42:21 - [MESSAGE][PASSED] - Delayed 8 second(s)

2022-06-09 20:42:21 - [TEST_STEP][PASSED] - click(findTestObject("HL Full Lifecycle/12 ReferncePage_Button_Updatensenddoc")): Object: 'Object Repository/HL Full Lifecycle/12 ReferncePage_Button_Updatensenddoc' is clicked on

2022-06-09 20:42:26 - [MESSAGE][PASSED] - Object: 'Object Repository/HL Full Lifecycle/12 ReferncePage_Button_Updatensenddoc' is clicked on

2022-06-09 20:42:26 - [TEST_STEP][PASSED] - delay(4): Delayed 4 second(s)

2022-06-09 20:42:30 - [MESSAGE][PASSED] - Delayed 4 second(s)

2022-06-09 20:42:30 - [TEST_STEP][PASSED] - color3 = getCSSValue(findTestObject("1. Constant/xpath", ["xpath":"//*[@id="source_" + refID17 + ""]/td[13]/a"]), "color", OPTIONAL): Get CSS 'color' value on 'Object Repository/1. Constant/xpath' successfully: 'rgba(54, 153, 255, 1)'.

2022-06-09 20:42:30 - [MESSAGE][PASSED] - Get CSS 'color' value on 'Object Repository/1. Constant/xpath' successfully: 'rgba(54, 153, 255, 1)'.

2022-06-09 20:42:30 - [TEST_STEP][PASSED] - I.Logout(): Delayed 3 second(s)

2022-06-09 20:42:33 - [MESSAGE][PASSED] - Delayed 3 second(s)

2022-06-09 20:42:33 - [MESSAGE][PASSED] - Object: 'Object Repository/1. Constant/xpath' is clicked on

2022-06-09 20:42:36 - [MESSAGE][PASSED] - Delayed 3 second(s)

2022-06-09 20:42:38 - [MESSAGE][PASSED] - Object: 'Object Repository/1. Constant/xpath' is clicked on

2022-06-09 20:42:41 - [MESSAGE][PASSED] - Delayed 3 second(s)

2022-06-09 20:42:41 - [TEST_STEP][PASSED] - I.Login_password("blemco", password_blemco): Object: 'Object Repository/1. Constant/xpath' is clicked on

2022-06-09 20:42:42 - [MESSAGE][PASSED] - Text 'blemco' is set on object 'Object Repository/1. Constant/xpath'

2022-06-09 20:42:43 - [MESSAGE][PASSED] - Delayed 1 second(s)

2022-06-09 20:42:44 - [MESSAGE][PASSED] - Text 'diadeis1' is set on object 'Object Repository/1. Constant/xpath'

2022-06-09 20:42:45 - [MESSAGE][PASSED] - Delayed 1 second(s)

2022-06-09 20:42:47 - [MESSAGE][PASSED] - Object: 'Object Repository/1. Constant/xpath' is clicked on

2022-06-09 20:42:47 - [TEST_STEP][PASSED] - click(findTestObject("1. Constant/02_LHSMenu_Projects")): Object: 'Object Repository/1. Constant/02_LHSMenu_Projects' is clicked on

2022-06-09 20:42:51 - [MESSAGE][PASSED] - Object: 'Object Repository/1. Constant/02_LHSMenu_Projects' is clicked on

2022-06-09 20:42:51 - [TEST_STEP][PASSED] - I.SearchProjectNo_xpath(Project_No, "//*[@id="keynum_project"]", "//*[@id="form_filters"]/div[4]/button"): Delayed 5 second(s)

2022-06-09 20:42:52 - [MESSAGE][PASSED] - Delayed 1 second(s)

2022-06-09 20:42:52 - [MESSAGE][PASSED] - Text 'MI000876' is set on object 'Object Repository/1. Constant/xpath'

2022-06-09 20:42:55 - [MESSAGE][PASSED] - Delayed 3 second(s)

2022-06-09 20:42:56 - [MESSAGE][PASSED] - Scroll to object 'Object Repository/1. Constant/xpath' successfully

2022-06-09 20:43:00 - [MESSAGE][PASSED] - Object: 'Object Repository/1. Constant/xpath' is clicked on

2022-06-09 20:43:05 - [MESSAGE][PASSED] - Delayed 5 second(s)

2022-06-09 20:43:05 - [TEST_STEP][PASSED] - takeScreenshot(): Taking screenshot successfully

2022-06-09 20:43:05 - [MESSAGE][PASSED] - Taking screenshot successfully
[[ATTACHMENT|D:\\Projet Test Auto\\Mediabox Test Automation\\Reports\\20220609_181011\\03. Parallel Testing (Testing)\\TS -PT PART 3\\14.03 Dreyers Support Action (Ongoing _ Completed ref) - PART 3\\20220609_181101\\1654800185277.png]]

2022-06-09 20:43:05 - [TEST_STEP][PASSED] - I.SearchRefNo_xpath("P17_Auto", "//*[@id="fiche_filter_keywords11"]", "//*[@id="form_filters"]/div[3]/button"): Delayed 5 second(s)

2022-06-09 20:43:06 - [MESSAGE][PASSED] - Delayed 1 second(s)

2022-06-09 20:43:06 - [MESSAGE][PASSED] - Text 'P17_Auto' is set on object 'Object Repository/1. Constant/xpath'

2022-06-09 20:43:10 - [MESSAGE][PASSED] - Delayed 3 second(s)

2022-06-09 20:43:10 - [MESSAGE][PASSED] - Scroll to object 'Object Repository/1. Constant/xpath' successfully

2022-06-09 20:43:13 - [MESSAGE][PASSED] - Object: 'Object Repository/1. Constant/xpath' is clicked on

2022-06-09 20:43:18 - [MESSAGE][PASSED] - Delayed 5 second(s)

2022-06-09 20:43:18 - [TEST_STEP][PASSED] - I.AWF_approve_byaction(findTestObject("1. Constant/xpath", ["xpath":"//*[@id="source_" + refID17 + ""]/td[13]/a[2]"])): Object: 'Object Repository/HL Full Lifecycle/Function_Appbutton2' is clicked on

2022-06-09 20:43:23 - [MESSAGE][PASSED] - Delayed 5 second(s)

2022-06-09 20:43:26 - [MESSAGE][PASSED] - Object: 'Object Repository/1. Constant/xpath' is clicked on

2022-06-09 20:43:28 - [MESSAGE][PASSED] - Object: 'Object Repository/HL Full Lifecycle/Function_access Viewer2' is hovered

2022-06-09 20:43:31 - [MESSAGE][PASSED] - Delayed 3 second(s)

2022-06-09 20:43:31 - [MESSAGE][PASSED] - Object: 'Object Repository/HL Full Lifecycle/Function_access Viewer2' is clicked on

2022-06-09 20:43:36 - [MESSAGE][PASSED] - Delayed 5 second(s)

2022-06-09 20:43:36 - [MESSAGE][PASSED] - Object: 'Object Repository/HL Full Lifecycle/Function_AppButton' is clicked on

2022-06-09 20:43:41 - [MESSAGE][PASSED] - Delayed 5 second(s)

2022-06-09 20:43:44 - [MESSAGE][PASSED] - Object: 'Object Repository/HL Full Lifecycle/Function_Appbutton2' is clicked on

2022-06-09 20:43:44 - [TEST_STEP][PASSED] - Lifecycle_Status6 = getText(findTestObject("1. Constant/xpath", ["xpath":"//*[@id="source_" + refID17 + ""]/td[12]/span[1]"])): Text of object 'Object Repository/1. Constant/xpath' is: 'Complete'

2022-06-09 20:43:44 - [MESSAGE][PASSED] - Text of object 'Object Repository/1. Constant/xpath' is: 'Complete'

2022-06-09 20:43:44 - [TEST_STEP][PASSED] - verifyMatch(Lifecycle_Status6, "Complete", false): Actual text 'Complete' and expected text 'Complete' are matched 

2022-06-09 20:43:44 - [MESSAGE][PASSED] - Actual text 'Complete' and expected text 'Complete' are matched 

2022-06-09 20:43:44 - [TEST_STEP][PASSED] - closeBrowser(): Browser is closed

2022-06-09 20:43:45 - [MESSAGE][PASSED] - Browser is closed

2022-06-09 20:43:45 - [TEST_STEP][PASSED] - Start listener action : sampleAfterTestCase: null]]></system-out>
         <system-err><![CDATA[]]></system-err>
      </testcase>
      <testcase name="Test Cases/19. Dreyers Support Action (Ongoing ref_completed)/19.18 Dreyers SAS Add Phase group (Ongoing ref) S24 - P18" time="229.046" classname="Test Cases/19. Dreyers Support Action (Ongoing ref_completed)/19.18 Dreyers SAS Add Phase group (Ongoing ref) S24 - P18" status="PASSED">
         <system-out><![CDATA[2022-06-09 20:43:45 - [TEST_CASE][PASSED] - Test Cases/19. Dreyers Support Action (Ongoing ref_completed)/19.18 Dreyers SAS Add Phase group (Ongoing ref) S24 - P18: Test Cases/19. Dreyers Support Action (Ongoing ref_completed)/19.18 Dreyers SAS Add Phase group (Ongoing ref) S24 - P18

2022-06-09 20:43:46 - [TEST_STEP][PASSED] - data_Dreyers = findTestData("Data Files/Username_Password/Dreyer"): null

2022-06-09 20:43:46 - [TEST_STEP][PASSED] - password_blemco = data_Dreyers.getValue(2, 2): null

2022-06-09 20:43:46 - [TEST_STEP][PASSED] - password_nturner = data_Dreyers.getValue(2, 6): null

2022-06-09 20:43:46 - [TEST_STEP][PASSED] - password_lmary = data_Dreyers.getValue(2, 13): null

2022-06-09 20:43:46 - [TEST_STEP][PASSED] - data_urlRELAUTO = findTestData("Data Files/URL/URL_relauto"): null

2022-06-09 20:43:46 - [TEST_STEP][PASSED] - Url_Dreyer = data_urlRELAUTO.getValue(2, 4): null

2022-06-09 20:43:46 - [TEST_STEP][PASSED] - Project_No = I.readnotepad("D:\Upoad_File\Projet_ Login\Dreyers\19.1\19.1_Dreyers_ProjectNo.txt"): null

2022-06-09 20:43:46 - [TEST_STEP][PASSED] - refID = I.readnotepad("D:\Upoad_File\Projet_ Login\Dreyers\19.1\19.1_Dreyers_refID.txt"): null

2022-06-09 20:43:46 - [TEST_STEP][PASSED] - openBrowser(Url_Dreyer): Browser is opened with url: 'http://mdb-release.diadeis.lan/MediaboxIndependence/?MBI_datasource=RELTESTAUTO_DREYERS'

2022-06-09 20:43:46 - [MESSAGE][INFO] - Starting 'Chrome (headless)' driver

2022-06-09 20:43:46 - [MESSAGE][INFO] - User set preference: ['args', '[--window-size=1920,1080, --headless]']

2022-06-09 20:43:46 - [MESSAGE][INFO] - Action delay is set to 0 milliseconds

2022-06-09 20:43:55 - [MESSAGE][PASSED] - Browser is opened with url: 'http://mdb-release.diadeis.lan/MediaboxIndependence/?MBI_datasource=RELTESTAUTO_DREYERS'

2022-06-09 20:43:55 - [TEST_STEP][PASSED] - maximizeWindow(): Current window maximized

2022-06-09 20:43:55 - [MESSAGE][PASSED] - Current window maximized

2022-06-09 20:43:55 - [TEST_STEP][PASSED] - I.Login_password("blemco", password_blemco): Object: 'Object Repository/1. Constant/xpath' is clicked on

2022-06-09 20:43:56 - [MESSAGE][PASSED] - Text 'blemco' is set on object 'Object Repository/1. Constant/xpath'

2022-06-09 20:43:57 - [MESSAGE][PASSED] - Delayed 1 second(s)

2022-06-09 20:43:57 - [MESSAGE][PASSED] - Text 'diadeis1' is set on object 'Object Repository/1. Constant/xpath'

2022-06-09 20:43:58 - [MESSAGE][PASSED] - Delayed 1 second(s)

2022-06-09 20:44:09 - [MESSAGE][PASSED] - Object: 'Object Repository/1. Constant/xpath' is clicked on

2022-06-09 20:44:09 - [TEST_STEP][PASSED] - click(findTestObject("1. Constant/02_LHSMenu_Projects")): Object: 'Object Repository/1. Constant/02_LHSMenu_Projects' is clicked on

2022-06-09 20:44:17 - [MESSAGE][PASSED] - Object: 'Object Repository/1. Constant/02_LHSMenu_Projects' is clicked on

2022-06-09 20:44:17 - [TEST_STEP][PASSED] - I.SearchProjectNo_xpath(Project_No, "//*[@id="keynum_project"]", "//*[@id="form_filters"]/div[4]/button"): Delayed 5 second(s)

2022-06-09 20:44:18 - [MESSAGE][PASSED] - Delayed 1 second(s)

2022-06-09 20:44:19 - [MESSAGE][PASSED] - Text 'MI000876' is set on object 'Object Repository/1. Constant/xpath'

2022-06-09 20:44:22 - [MESSAGE][PASSED] - Delayed 3 second(s)

2022-06-09 20:44:22 - [MESSAGE][PASSED] - Scroll to object 'Object Repository/1. Constant/xpath' successfully

2022-06-09 20:44:28 - [MESSAGE][PASSED] - Object: 'Object Repository/1. Constant/xpath' is clicked on

2022-06-09 20:44:33 - [MESSAGE][PASSED] - Delayed 5 second(s)

2022-06-09 20:44:33 - [TEST_STEP][PASSED] - takeScreenshot(): Taking screenshot successfully

2022-06-09 20:44:33 - [MESSAGE][PASSED] - Taking screenshot successfully
[[ATTACHMENT|D:\\Projet Test Auto\\Mediabox Test Automation\\Reports\\20220609_181011\\03. Parallel Testing (Testing)\\TS -PT PART 3\\14.03 Dreyers Support Action (Ongoing _ Completed ref) - PART 3\\20220609_181101\\1654800273144.png]]

2022-06-09 20:44:33 - [TEST_STEP][PASSED] - click(findTestObject("1. Constant/xpath", ["xpath":"//*[@id="create_ref_btn"]/button"])): Object: 'Object Repository/1. Constant/xpath' is clicked on

2022-06-09 20:44:34 - [MESSAGE][PASSED] - Object: 'Object Repository/1. Constant/xpath' is clicked on

2022-06-09 20:44:34 - [TEST_STEP][PASSED] - delay(1): Delayed 1 second(s)

2022-06-09 20:44:35 - [MESSAGE][PASSED] - Delayed 1 second(s)

2022-06-09 20:44:35 - [TEST_STEP][PASSED] - click(findTestObject("1. Constant/xpath", ["xpath":"//*[@id="create_ref_btn"]/div/a"])): Object: 'Object Repository/1. Constant/xpath' is clicked on

2022-06-09 20:44:36 - [MESSAGE][PASSED] - Object: 'Object Repository/1. Constant/xpath' is clicked on

2022-06-09 20:44:36 - [TEST_STEP][PASSED] - delay(1): Delayed 1 second(s)

2022-06-09 20:44:37 - [MESSAGE][PASSED] - Delayed 1 second(s)

2022-06-09 20:44:37 - [TEST_STEP][PASSED] - selectOptionByValue(findTestObject("1. Constant/xpath", ["xpath":"//*[@id="lfc_tpl"]"]), "37", false): All options with value '37' are selected in object 'Object Repository/1. Constant/xpath' 

2022-06-09 20:44:40 - [MESSAGE][PASSED] - All options with value '37' are selected in object 'Object Repository/1. Constant/xpath' 

2022-06-09 20:44:40 - [TEST_STEP][PASSED] - ref_name = "P18_Auto_SAS_S24_" + RandomStringUtils.randomAlphanumeric(5) + I.gettimedate(): null

2022-06-09 20:44:40 - [TEST_STEP][PASSED] - delay(1): Delayed 1 second(s)

2022-06-09 20:44:41 - [MESSAGE][PASSED] - Delayed 1 second(s)

2022-06-09 20:44:41 - [TEST_STEP][PASSED] - setText(findTestObject("1. Constant/xpath", ["xpath":"//*[@id="var_name"]"]), ref_name): Text 'P18_Auto_SAS_S24_hJhn4juin092022_204440' is set on object 'Object Repository/1. Constant/xpath'

2022-06-09 20:44:43 - [MESSAGE][PASSED] - Text 'P18_Auto_SAS_S24_hJhn4juin092022_204440' is set on object 'Object Repository/1. Constant/xpath'

2022-06-09 20:44:43 - [TEST_STEP][PASSED] - takeScreenshot(): Taking screenshot successfully

2022-06-09 20:44:43 - [MESSAGE][PASSED] - Taking screenshot successfully
[[ATTACHMENT|D:\\Projet Test Auto\\Mediabox Test Automation\\Reports\\20220609_181011\\03. Parallel Testing (Testing)\\TS -PT PART 3\\14.03 Dreyers Support Action (Ongoing _ Completed ref) - PART 3\\20220609_181101\\1654800283502.png]]

2022-06-09 20:44:43 - [TEST_STEP][PASSED] - click(findTestObject("1. Constant/xpath", ["xpath":"//*[@id="createRefBottom"]"])): Object: 'Object Repository/1. Constant/xpath' is clicked on

2022-06-09 20:44:46 - [MESSAGE][PASSED] - Object: 'Object Repository/1. Constant/xpath' is clicked on

2022-06-09 20:44:46 - [TEST_STEP][PASSED] - delay(1): Delayed 1 second(s)

2022-06-09 20:44:47 - [MESSAGE][PASSED] - Delayed 1 second(s)

2022-06-09 20:44:47 - [TEST_STEP][PASSED] - takeScreenshot(): Taking screenshot successfully

2022-06-09 20:44:47 - [MESSAGE][PASSED] - Taking screenshot successfully
[[ATTACHMENT|D:\\Projet Test Auto\\Mediabox Test Automation\\Reports\\20220609_181011\\03. Parallel Testing (Testing)\\TS -PT PART 3\\14.03 Dreyers Support Action (Ongoing _ Completed ref) - PART 3\\20220609_181101\\1654800287507.png]]

2022-06-09 20:44:47 - [TEST_STEP][PASSED] - refID18 = I.RefID(): Current window's url is: 'http://mdb-release.diadeis.lan/MediaboxIndependence/Base/ExecAction?IDSession=MBI%21RELTESTAUTO_DREYERS%21I7K3RTFLFE10K25SW3TA746FBG41XPOO5ZPWY0I9&default_action=ModifierRef&id_project=MI000876&id_ref=5281&action_from=create_ref'

2022-06-09 20:44:52 - [MESSAGE][PASSED] - Delayed 5 second(s)

2022-06-09 20:44:53 - [MESSAGE][PASSED] - Current window's url is: 'http://mdb-release.diadeis.lan/MediaboxIndependence/Base/ExecAction?IDSession=MBI%21RELTESTAUTO_DREYERS%21I7K3RTFLFE10K25SW3TA746FBG41XPOO5ZPWY0I9&default_action=ModifierRef&id_project=MI000876&id_ref=5281&action_from=create_ref'

2022-06-09 20:44:53 - [TEST_STEP][PASSED] - click(findTestObject("1. Constant/xpath", ["xpath":"//*[@id="type_save"]"])): Object: 'Object Repository/1. Constant/xpath' is clicked on

2022-06-09 20:44:59 - [MESSAGE][PASSED] - Object: 'Object Repository/1. Constant/xpath' is clicked on

2022-06-09 20:44:59 - [TEST_STEP][PASSED] - takeScreenshot(): Taking screenshot successfully

2022-06-09 20:44:59 - [MESSAGE][PASSED] - Taking screenshot successfully
[[ATTACHMENT|D:\\Projet Test Auto\\Mediabox Test Automation\\Reports\\20220609_181011\\03. Parallel Testing (Testing)\\TS -PT PART 3\\14.03 Dreyers Support Action (Ongoing _ Completed ref) - PART 3\\20220609_181101\\1654800299348.png]]

2022-06-09 20:44:59 - [TEST_STEP][PASSED] - I.SearchRefNo_xpath("P18_Auto", "//*[@id="fiche_filter_keywords11"]", "//*[@id="form_filters"]/div[3]/button"): Delayed 5 second(s)

2022-06-09 20:45:00 - [MESSAGE][PASSED] - Delayed 1 second(s)

2022-06-09 20:45:01 - [MESSAGE][PASSED] - Text 'P18_Auto' is set on object 'Object Repository/1. Constant/xpath'

2022-06-09 20:45:04 - [MESSAGE][PASSED] - Delayed 3 second(s)

2022-06-09 20:45:04 - [MESSAGE][PASSED] - Scroll to object 'Object Repository/1. Constant/xpath' successfully

2022-06-09 20:45:06 - [MESSAGE][PASSED] - Object: 'Object Repository/1. Constant/xpath' is clicked on

2022-06-09 20:45:11 - [MESSAGE][PASSED] - Delayed 5 second(s)

2022-06-09 20:45:11 - [TEST_STEP][PASSED] - click(findTestObject("1. Constant/xpath", ["xpath":"//*[@id="source_" + refID18 + ""]/td[6]/a"])): Object: 'Object Repository/1. Constant/xpath' is clicked on

2022-06-09 20:45:16 - [MESSAGE][PASSED] - Object: 'Object Repository/1. Constant/xpath' is clicked on

2022-06-09 20:45:16 - [TEST_STEP][PASSED] - delay(1): Delayed 1 second(s)

2022-06-09 20:45:17 - [MESSAGE][PASSED] - Delayed 1 second(s)

2022-06-09 20:45:17 - [TEST_STEP][PASSED] - click(findTestObject("1. Constant/xpath", ["xpath":"//*[@id="kt_content"]/div[3]/div/ul/li[3]/a"])): Object: 'Object Repository/1. Constant/xpath' is clicked on

2022-06-09 20:45:19 - [MESSAGE][PASSED] - Object: 'Object Repository/1. Constant/xpath' is clicked on

2022-06-09 20:45:19 - [TEST_STEP][PASSED] - takeScreenshot(): Taking screenshot successfully

2022-06-09 20:45:19 - [MESSAGE][PASSED] - Taking screenshot successfully
[[ATTACHMENT|D:\\Projet Test Auto\\Mediabox Test Automation\\Reports\\20220609_181011\\03. Parallel Testing (Testing)\\TS -PT PART 3\\14.03 Dreyers Support Action (Ongoing _ Completed ref) - PART 3\\20220609_181101\\1654800319376.png]]

2022-06-09 20:45:19 - [TEST_STEP][PASSED] - delay(1): Delayed 1 second(s)

2022-06-09 20:45:20 - [MESSAGE][PASSED] - Delayed 1 second(s)

2022-06-09 20:45:20 - [TEST_STEP][PASSED] - click(findTestObject("1. Constant/xpath", ["xpath":"/html/body/div[1]/div[2]/div[8]/div[3]/div/div[3]/div[3]/div/div/div[1]/div/div[1]/div/div[1]/div[2]/div/button"])): Object: 'Object Repository/1. Constant/xpath' is clicked on

2022-06-09 20:45:20 - [MESSAGE][PASSED] - Object: 'Object Repository/1. Constant/xpath' is clicked on

2022-06-09 20:45:20 - [TEST_STEP][PASSED] - delay(1): Delayed 1 second(s)

2022-06-09 20:45:21 - [MESSAGE][PASSED] - Delayed 1 second(s)

2022-06-09 20:45:21 - [TEST_STEP][PASSED] - x = 11: null

2022-06-09 20:45:21 - [TEST_STEP][PASSED] - i = 1: null

2022-06-09 20:45:21 - [TEST_STEP][PASSED] - while (i <= x): null

2022-06-09 20:45:21 - [TEST_STEP][PASSED] - Expected_SAS_Selected = "S24 : Skip P1.2/ Add PG Step A/ Skip Phase 1.1": null

2022-06-09 20:45:21 - [TEST_STEP][PASSED] - xpath_SAS = "/html/body/div[1]/div[2]/div[8]/div[3]/div/div[3]/div[3]/div/div/div[1]/div/div[1]/div/div[1]/div[2]/div/div/a[" + i + "]": null

2022-06-09 20:45:21 - [TEST_STEP][PASSED] - Actual_SAS = getText(findTestObject("1. Constant/xpath", ["xpath":xpath_SAS])): Text of object 'Object Repository/1. Constant/xpath' is: 'SAS S12: Skip P1.2/ Add Step A/ Skip P1.1'

2022-06-09 20:45:23 - [MESSAGE][PASSED] - Text of object 'Object Repository/1. Constant/xpath' is: 'SAS S12: Skip P1.2/ Add Step A/ Skip P1.1'

2022-06-09 20:45:23 - [TEST_STEP][PASSED] - I.print(i): null

2022-06-09 20:45:23 - [TEST_STEP][PASSED] - if (Actual_SAS.contains(Expected_SAS_Selected)): null

2022-06-09 20:45:23 - [TEST_STEP][PASSED] - i = i + 1: null

2022-06-09 20:45:23 - [TEST_STEP][PASSED] - Expected_SAS_Selected = "S24 : Skip P1.2/ Add PG Step A/ Skip Phase 1.1": null

2022-06-09 20:45:23 - [TEST_STEP][PASSED] - xpath_SAS = "/html/body/div[1]/div[2]/div[8]/div[3]/div/div[3]/div[3]/div/div/div[1]/div/div[1]/div/div[1]/div[2]/div/div/a[" + i + "]": null

2022-06-09 20:45:23 - [TEST_STEP][PASSED] - Actual_SAS = getText(findTestObject("1. Constant/xpath", ["xpath":xpath_SAS])): Text of object 'Object Repository/1. Constant/xpath' is: 'S25 : Add PG Step A/ Skip Phase 1.1'

2022-06-09 20:45:23 - [MESSAGE][PASSED] - Text of object 'Object Repository/1. Constant/xpath' is: 'S25 : Add PG Step A/ Skip Phase 1.1'

2022-06-09 20:45:23 - [TEST_STEP][PASSED] - I.print(i): null

2022-06-09 20:45:23 - [TEST_STEP][PASSED] - if (Actual_SAS.contains(Expected_SAS_Selected)): null

2022-06-09 20:45:23 - [TEST_STEP][PASSED] - i = i + 1: null

2022-06-09 20:45:23 - [TEST_STEP][PASSED] - Expected_SAS_Selected = "S24 : Skip P1.2/ Add PG Step A/ Skip Phase 1.1": null

2022-06-09 20:45:23 - [TEST_STEP][PASSED] - xpath_SAS = "/html/body/div[1]/div[2]/div[8]/div[3]/div/div[3]/div[3]/div/div/div[1]/div/div[1]/div/div[1]/div[2]/div/div/a[" + i + "]": null

2022-06-09 20:45:23 - [TEST_STEP][PASSED] - Actual_SAS = getText(findTestObject("1. Constant/xpath", ["xpath":xpath_SAS])): Text of object 'Object Repository/1. Constant/xpath' is: 'S24 : Skip P1.2/ Add PG Step A/ Skip Phase 1.1'

2022-06-09 20:45:23 - [MESSAGE][PASSED] - Text of object 'Object Repository/1. Constant/xpath' is: 'S24 : Skip P1.2/ Add PG Step A/ Skip Phase 1.1'

2022-06-09 20:45:23 - [TEST_STEP][PASSED] - I.print(i): null

2022-06-09 20:45:23 - [TEST_STEP][PASSED] - if (Actual_SAS.contains(Expected_SAS_Selected)): null

2022-06-09 20:45:23 - [TEST_STEP][PASSED] - click(findTestObject("1. Constant/xpath", ["xpath":xpath_SAS])): Object: 'Object Repository/1. Constant/xpath' is clicked on

2022-06-09 20:45:24 - [MESSAGE][PASSED] - Object: 'Object Repository/1. Constant/xpath' is clicked on

2022-06-09 20:45:24 - [TEST_STEP][PASSED] - break: null

2022-06-09 20:45:24 - [TEST_STEP][PASSED] - delay(1): Delayed 1 second(s)

2022-06-09 20:45:25 - [MESSAGE][PASSED] - Delayed 1 second(s)

2022-06-09 20:45:25 - [TEST_STEP][PASSED] - takeScreenshot(): Taking screenshot successfully

2022-06-09 20:45:25 - [MESSAGE][PASSED] - Taking screenshot successfully
[[ATTACHMENT|D:\\Projet Test Auto\\Mediabox Test Automation\\Reports\\20220609_181011\\03. Parallel Testing (Testing)\\TS -PT PART 3\\14.03 Dreyers Support Action (Ongoing _ Completed ref) - PART 3\\20220609_181101\\1654800325598.png]]

2022-06-09 20:45:25 - [TEST_STEP][PASSED] - delay(1): Delayed 1 second(s)

2022-06-09 20:45:26 - [MESSAGE][PASSED] - Delayed 1 second(s)

2022-06-09 20:45:26 - [TEST_STEP][PASSED] - click(findTestObject("1. Constant/xpath", ["xpath":"//*[@id="confirmSupportActionShortcut"]"])): Object: 'Object Repository/1. Constant/xpath' is clicked on

2022-06-09 20:45:30 - [MESSAGE][PASSED] - Object: 'Object Repository/1. Constant/xpath' is clicked on

2022-06-09 20:45:30 - [TEST_STEP][PASSED] - click(findTestObject("1. Constant/xpath", ["xpath":"//*[@id="kt_content"]/div[3]/div/ul/li[3]/a"])): Object: 'Object Repository/1. Constant/xpath' is clicked on

2022-06-09 20:45:32 - [MESSAGE][PASSED] - Object: 'Object Repository/1. Constant/xpath' is clicked on

2022-06-09 20:45:32 - [TEST_STEP][PASSED] - takeScreenshot(): Taking screenshot successfully

2022-06-09 20:45:33 - [MESSAGE][PASSED] - Taking screenshot successfully
[[ATTACHMENT|D:\\Projet Test Auto\\Mediabox Test Automation\\Reports\\20220609_181011\\03. Parallel Testing (Testing)\\TS -PT PART 3\\14.03 Dreyers Support Action (Ongoing _ Completed ref) - PART 3\\20220609_181101\\1654800332586.png]]

2022-06-09 20:45:33 - [TEST_STEP][PASSED] - StepA_1 = getAttribute(findTestObject("1. Constant/xpath", ["xpath":"/html/body/div[1]/div[2]/div[8]/div[3]/div/div[3]/div[3]/div/ul/li[1]/a"]), "class"): Attribute 'class' of object 'Object Repository/1. Constant/xpath' is: 'nav-link timeline-badge badge-xl  bg-pending active'

2022-06-09 20:45:34 - [MESSAGE][PASSED] - Attribute 'class' of object 'Object Repository/1. Constant/xpath' is: 'nav-link timeline-badge badge-xl  bg-pending active'

2022-06-09 20:45:34 - [TEST_STEP][PASSED] - verifyMatch(StepA_1, "nav-link timeline-badge badge-xl  bg-pending active", false): Actual text 'nav-link timeline-badge badge-xl  bg-pending active' and expected text 'nav-link timeline-badge badge-xl  bg-pending active' are matched 

2022-06-09 20:45:34 - [MESSAGE][PASSED] - Actual text 'nav-link timeline-badge badge-xl  bg-pending active' and expected text 'nav-link timeline-badge badge-xl  bg-pending active' are matched 

2022-06-09 20:45:34 - [TEST_STEP][PASSED] - StepA11 = I.Get_Stepname("/html/body/div[1]/div[2]/div[8]/div[3]/div/div[3]/div[3]/div/ul/li[1]/a"): Attribute 'href' of object 'Object Repository/1. Constant/xpath' is: 'http://mdb-release.diadeis.lan/MediaboxIndependence/Base/ExecAction?action=VoirRef&IDSession=MBI!RELTESTAUTO_DREYERS!I7K3RTFLFE10K25SW3TA746FBG41XPOO5ZPWY0I9&num=YW5OC5DGYX&id_ref=5281#tab_lifecycle_SASStepA_12207'

2022-06-09 20:45:39 - [MESSAGE][PASSED] - Delayed 5 second(s)

2022-06-09 20:45:40 - [MESSAGE][PASSED] - Attribute 'href' of object 'Object Repository/1. Constant/xpath' is: 'http://mdb-release.diadeis.lan/MediaboxIndependence/Base/ExecAction?action=VoirRef&IDSession=MBI!RELTESTAUTO_DREYERS!I7K3RTFLFE10K25SW3TA746FBG41XPOO5ZPWY0I9&num=YW5OC5DGYX&id_ref=5281#tab_lifecycle_SASStepA_12207'

2022-06-09 20:45:40 - [TEST_STEP][PASSED] - verifyMatch(StepA11, "SASStepA", false): Actual text 'SASStepA' and expected text 'SASStepA' are matched 

2022-06-09 20:45:40 - [MESSAGE][PASSED] - Actual text 'SASStepA' and expected text 'SASStepA' are matched 

2022-06-09 20:45:40 - [TEST_STEP][PASSED] - Name_StepAP1_2 = getText(findTestObject("1. Constant/xpath", ["xpath":"/html/body/div[1]/div[2]/div[8]/div[3]/div/div[3]/div[3]/div/div/div[1]/div/div[3]/div/div[1]/div[1]/h3"])): Text of object 'Object Repository/1. Constant/xpath' is: 'Phase 1.1 [Standard]'

2022-06-09 20:45:40 - [MESSAGE][PASSED] - Text of object 'Object Repository/1. Constant/xpath' is: 'Phase 1.1 [Standard]'

2022-06-09 20:45:40 - [TEST_STEP][PASSED] - verifyMatch(Name_StepAP1_2, "Phase 1.1 [Standard]", false): Actual text 'Phase 1.1 [Standard]' and expected text 'Phase 1.1 [Standard]' are matched 

2022-06-09 20:45:40 - [MESSAGE][PASSED] - Actual text 'Phase 1.1 [Standard]' and expected text 'Phase 1.1 [Standard]' are matched 

2022-06-09 20:45:40 - [TEST_STEP][PASSED] - ST_StepAP1_2 = getText(findTestObject("1. Constant/xpath", ["xpath":"/html/body/div[1]/div[2]/div[8]/div[3]/div/div[3]/div[3]/div/div/div[1]/div/div[3]/div/div[2]/div[1]"])): Text of object 'Object Repository/1. Constant/xpath' is: 'Started 06/09/22 11:45 AM'

2022-06-09 20:45:40 - [MESSAGE][PASSED] - Text of object 'Object Repository/1. Constant/xpath' is: 'Started 06/09/22 11:45 AM'

2022-06-09 20:45:40 - [TEST_STEP][PASSED] - if (ST_StepAP1_2.contains("Started")): Actual object '1' and expected object '1' are equal

2022-06-09 20:45:40 - [TEST_STEP][PASSED] - verifyEqual(1, 1): Actual object '1' and expected object '1' are equal

2022-06-09 20:45:40 - [MESSAGE][PASSED] - Actual object '1' and expected object '1' are equal

2022-06-09 20:45:40 - [TEST_STEP][PASSED] - added_StepAP1_2 = getText(findTestObject("1. Constant/xpath", ["xpath":"/html/body/div[1]/div[2]/div[8]/div[3]/div/div[3]/div[3]/div/div/div[1]/div/div[3]/div/div[2]/h6"])): Text of object 'Object Repository/1. Constant/xpath' is: 'Added manually 06/09/22 11:45 AM By Brian Lemco'

2022-06-09 20:45:40 - [MESSAGE][PASSED] - Text of object 'Object Repository/1. Constant/xpath' is: 'Added manually 06/09/22 11:45 AM By Brian Lemco'

2022-06-09 20:45:40 - [TEST_STEP][PASSED] - if (added_StepAP1_2.contains("Added manually")): Actual object '1' and expected object '1' are equal

2022-06-09 20:45:40 - [TEST_STEP][PASSED] - verifyEqual(1, 1): Actual object '1' and expected object '1' are equal

2022-06-09 20:45:40 - [MESSAGE][PASSED] - Actual object '1' and expected object '1' are equal

2022-06-09 20:45:40 - [TEST_STEP][PASSED] - Name_StepAP2_2 = getText(findTestObject("1. Constant/xpath", ["xpath":"/html/body/div[1]/div[2]/div[8]/div[3]/div/div[3]/div[3]/div/div/div[1]/div/div[4]/div/div[1]/div[1]/h3"])): Text of object 'Object Repository/1. Constant/xpath' is: 'Phase 1.2 [Standard Phase]'

2022-06-09 20:45:40 - [MESSAGE][PASSED] - Text of object 'Object Repository/1. Constant/xpath' is: 'Phase 1.2 [Standard Phase]'

2022-06-09 20:45:40 - [TEST_STEP][PASSED] - verifyMatch(Name_StepAP2_2, "Phase 1.2 [Standard Phase]", false): Actual text 'Phase 1.2 [Standard Phase]' and expected text 'Phase 1.2 [Standard Phase]' are matched 

2022-06-09 20:45:40 - [MESSAGE][PASSED] - Actual text 'Phase 1.2 [Standard Phase]' and expected text 'Phase 1.2 [Standard Phase]' are matched 

2022-06-09 20:45:40 - [TEST_STEP][PASSED] - StepB_3 = getAttribute(findTestObject("1. Constant/xpath", ["xpath":"/html/body/div[1]/div[2]/div[8]/div[3]/div/div[3]/div[3]/div/ul/li[2]/a"]), "class"): Attribute 'class' of object 'Object Repository/1. Constant/xpath' is: 'nav-link timeline-badge badge-xl  bg-waiting '

2022-06-09 20:45:41 - [MESSAGE][PASSED] - Attribute 'class' of object 'Object Repository/1. Constant/xpath' is: 'nav-link timeline-badge badge-xl  bg-waiting '

2022-06-09 20:45:41 - [TEST_STEP][PASSED] - verifyMatch(StepB_3, "nav-link timeline-badge badge-xl  bg-waiting ", false): Actual text 'nav-link timeline-badge badge-xl  bg-waiting ' and expected text 'nav-link timeline-badge badge-xl  bg-waiting ' are matched 

2022-06-09 20:45:41 - [MESSAGE][PASSED] - Actual text 'nav-link timeline-badge badge-xl  bg-waiting ' and expected text 'nav-link timeline-badge badge-xl  bg-waiting ' are matched 

2022-06-09 20:45:41 - [TEST_STEP][PASSED] - StepB_33 = I.Get_Stepname("/html/body/div[1]/div[2]/div[8]/div[3]/div/div[3]/div[3]/div/ul/li[2]/a"): Attribute 'href' of object 'Object Repository/1. Constant/xpath' is: 'http://mdb-release.diadeis.lan/MediaboxIndependence/Base/ExecAction?action=VoirRef&IDSession=MBI!RELTESTAUTO_DREYERS!I7K3RTFLFE10K25SW3TA746FBG41XPOO5ZPWY0I9&num=YW5OC5DGYX&id_ref=5281#tab_lifecycle_SASStepB_12208'

2022-06-09 20:45:46 - [MESSAGE][PASSED] - Delayed 5 second(s)

2022-06-09 20:45:46 - [MESSAGE][PASSED] - Attribute 'href' of object 'Object Repository/1. Constant/xpath' is: 'http://mdb-release.diadeis.lan/MediaboxIndependence/Base/ExecAction?action=VoirRef&IDSession=MBI!RELTESTAUTO_DREYERS!I7K3RTFLFE10K25SW3TA746FBG41XPOO5ZPWY0I9&num=YW5OC5DGYX&id_ref=5281#tab_lifecycle_SASStepB_12208'

2022-06-09 20:45:46 - [TEST_STEP][PASSED] - verifyMatch(StepB_33, "SASStepB", false): Actual text 'SASStepB' and expected text 'SASStepB' are matched 

2022-06-09 20:45:46 - [MESSAGE][PASSED] - Actual text 'SASStepB' and expected text 'SASStepB' are matched 

2022-06-09 20:45:46 - [TEST_STEP][PASSED] - I.Logout(): Delayed 3 second(s)

2022-06-09 20:45:49 - [MESSAGE][PASSED] - Delayed 3 second(s)

2022-06-09 20:45:49 - [MESSAGE][PASSED] - Object: 'Object Repository/1. Constant/xpath' is clicked on

2022-06-09 20:45:52 - [MESSAGE][PASSED] - Delayed 3 second(s)

2022-06-09 20:45:53 - [MESSAGE][PASSED] - Object: 'Object Repository/1. Constant/xpath' is clicked on

2022-06-09 20:45:56 - [MESSAGE][PASSED] - Delayed 3 second(s)

2022-06-09 20:45:56 - [TEST_STEP][PASSED] - I.Login_password("nturner", password_nturner): Object: 'Object Repository/1. Constant/xpath' is clicked on

2022-06-09 20:45:57 - [MESSAGE][PASSED] - Text 'nturner' is set on object 'Object Repository/1. Constant/xpath'

2022-06-09 20:45:58 - [MESSAGE][PASSED] - Delayed 1 second(s)

2022-06-09 20:45:58 - [MESSAGE][PASSED] - Text 'diadeis1' is set on object 'Object Repository/1. Constant/xpath'

2022-06-09 20:45:59 - [MESSAGE][PASSED] - Delayed 1 second(s)

2022-06-09 20:46:03 - [MESSAGE][PASSED] - Object: 'Object Repository/1. Constant/xpath' is clicked on

2022-06-09 20:46:03 - [TEST_STEP][PASSED] - click(findTestObject("1. Constant/02_LHSMenu_Projects")): Object: 'Object Repository/1. Constant/02_LHSMenu_Projects' is clicked on

2022-06-09 20:46:06 - [MESSAGE][PASSED] - Object: 'Object Repository/1. Constant/02_LHSMenu_Projects' is clicked on

2022-06-09 20:46:06 - [TEST_STEP][PASSED] - I.SearchProjectNo_xpath(Project_No, "//*[@id="keynum_project"]", "//*[@id="form_filters"]/div[4]/button"): Delayed 5 second(s)

2022-06-09 20:46:07 - [MESSAGE][PASSED] - Delayed 1 second(s)

2022-06-09 20:46:08 - [MESSAGE][PASSED] - Text 'MI000876' is set on object 'Object Repository/1. Constant/xpath'

2022-06-09 20:46:11 - [MESSAGE][PASSED] - Delayed 3 second(s)

2022-06-09 20:46:11 - [MESSAGE][PASSED] - Scroll to object 'Object Repository/1. Constant/xpath' successfully

2022-06-09 20:46:14 - [MESSAGE][PASSED] - Object: 'Object Repository/1. Constant/xpath' is clicked on

2022-06-09 20:46:19 - [MESSAGE][PASSED] - Delayed 5 second(s)

2022-06-09 20:46:19 - [TEST_STEP][PASSED] - I.SearchRefNo_xpath("P18_Auto", "//*[@id="fiche_filter_keywords11"]", "//*[@id="form_filters"]/div[3]/button"): Delayed 5 second(s)

2022-06-09 20:46:20 - [MESSAGE][PASSED] - Delayed 1 second(s)

2022-06-09 20:46:21 - [MESSAGE][PASSED] - Text 'P18_Auto' is set on object 'Object Repository/1. Constant/xpath'

2022-06-09 20:46:24 - [MESSAGE][PASSED] - Delayed 3 second(s)

2022-06-09 20:46:24 - [MESSAGE][PASSED] - Scroll to object 'Object Repository/1. Constant/xpath' successfully

2022-06-09 20:46:26 - [MESSAGE][PASSED] - Object: 'Object Repository/1. Constant/xpath' is clicked on

2022-06-09 20:46:31 - [MESSAGE][PASSED] - Delayed 5 second(s)

2022-06-09 20:46:31 - [TEST_STEP][PASSED] - takeScreenshot(): Taking screenshot successfully

2022-06-09 20:46:31 - [MESSAGE][PASSED] - Taking screenshot successfully
[[ATTACHMENT|D:\\Projet Test Auto\\Mediabox Test Automation\\Reports\\20220609_181011\\03. Parallel Testing (Testing)\\TS -PT PART 3\\14.03 Dreyers Support Action (Ongoing _ Completed ref) - PART 3\\20220609_181101\\1654800391432.png]]

2022-06-09 20:46:31 - [TEST_STEP][PASSED] - delay(1): Delayed 1 second(s)

2022-06-09 20:46:32 - [MESSAGE][PASSED] - Delayed 1 second(s)

2022-06-09 20:46:32 - [TEST_STEP][PASSED] - Lifecycle_Status2 = getText(findTestObject("1. Constant/xpath", ["xpath":"//*[@id="source_" + refID18 + ""]/td[12]/span[1]"])): Text of object 'Object Repository/1. Constant/xpath' is: 'Phase 1.1 [Standard]'

2022-06-09 20:46:32 - [MESSAGE][PASSED] - Text of object 'Object Repository/1. Constant/xpath' is: 'Phase 1.1 [Standard]'

2022-06-09 20:46:32 - [TEST_STEP][PASSED] - verifyMatch(Lifecycle_Status2, "Phase 1.1 [Standard]", false): Actual text 'Phase 1.1 [Standard]' and expected text 'Phase 1.1 [Standard]' are matched 

2022-06-09 20:46:32 - [MESSAGE][PASSED] - Actual text 'Phase 1.1 [Standard]' and expected text 'Phase 1.1 [Standard]' are matched 

2022-06-09 20:46:32 - [TEST_STEP][PASSED] - click(findTestObject("1. Constant/xpath", ["xpath":"//*[@id="source_" + refID18 + ""]/td[13]/a[2]"])): Object: 'Object Repository/1. Constant/xpath' is clicked on

2022-06-09 20:46:34 - [MESSAGE][PASSED] - Object: 'Object Repository/1. Constant/xpath' is clicked on

2022-06-09 20:46:34 - [TEST_STEP][PASSED] - click(findTestObject("1. Constant/xpath", ["xpath":"//*[@id="ModifFiche"]/div[1]/div/button[2]"])): Object: 'Object Repository/1. Constant/xpath' is clicked on

2022-06-09 20:46:38 - [MESSAGE][PASSED] - Object: 'Object Repository/1. Constant/xpath' is clicked on

2022-06-09 20:46:38 - [TEST_STEP][PASSED] - Lifecycle_Status3 = getText(findTestObject("1. Constant/xpath", ["xpath":"//*[@id="source_" + refID18 + ""]/td[12]/span[1]"])): Text of object 'Object Repository/1. Constant/xpath' is: 'Phase 1.2 [Standard Phase]'

2022-06-09 20:46:39 - [MESSAGE][PASSED] - Text of object 'Object Repository/1. Constant/xpath' is: 'Phase 1.2 [Standard Phase]'

2022-06-09 20:46:39 - [TEST_STEP][PASSED] - verifyMatch(Lifecycle_Status3, "Phase 1.2 [Standard Phase]", false): Actual text 'Phase 1.2 [Standard Phase]' and expected text 'Phase 1.2 [Standard Phase]' are matched 

2022-06-09 20:46:39 - [MESSAGE][PASSED] - Actual text 'Phase 1.2 [Standard Phase]' and expected text 'Phase 1.2 [Standard Phase]' are matched 

2022-06-09 20:46:39 - [TEST_STEP][PASSED] - I.Logout(): Delayed 3 second(s)

2022-06-09 20:46:42 - [MESSAGE][PASSED] - Delayed 3 second(s)

2022-06-09 20:46:42 - [MESSAGE][PASSED] - Object: 'Object Repository/1. Constant/xpath' is clicked on

2022-06-09 20:46:45 - [MESSAGE][PASSED] - Delayed 3 second(s)

2022-06-09 20:46:47 - [MESSAGE][PASSED] - Object: 'Object Repository/1. Constant/xpath' is clicked on

2022-06-09 20:46:50 - [MESSAGE][PASSED] - Delayed 3 second(s)

2022-06-09 20:46:50 - [TEST_STEP][PASSED] - I.Login_password("lmary", password_lmary): Object: 'Object Repository/1. Constant/xpath' is clicked on

2022-06-09 20:46:50 - [MESSAGE][PASSED] - Text 'lmary' is set on object 'Object Repository/1. Constant/xpath'

2022-06-09 20:46:51 - [MESSAGE][PASSED] - Delayed 1 second(s)

2022-06-09 20:46:51 - [MESSAGE][PASSED] - Text 'diadeis' is set on object 'Object Repository/1. Constant/xpath'

2022-06-09 20:46:52 - [MESSAGE][PASSED] - Delayed 1 second(s)

2022-06-09 20:46:56 - [MESSAGE][PASSED] - Object: 'Object Repository/1. Constant/xpath' is clicked on

2022-06-09 20:46:56 - [TEST_STEP][PASSED] - click(findTestObject("1. Constant/02_LHSMenu_Projects")): Object: 'Object Repository/1. Constant/02_LHSMenu_Projects' is clicked on

2022-06-09 20:46:58 - [MESSAGE][PASSED] - Object: 'Object Repository/1. Constant/02_LHSMenu_Projects' is clicked on

2022-06-09 20:46:58 - [TEST_STEP][PASSED] - I.SearchProjectNo_xpath(Project_No, "//*[@id="keynum_project"]", "//*[@id="form_filters"]/div[4]/button"): Delayed 5 second(s)

2022-06-09 20:46:59 - [MESSAGE][PASSED] - Delayed 1 second(s)

2022-06-09 20:47:00 - [MESSAGE][PASSED] - Text 'MI000876' is set on object 'Object Repository/1. Constant/xpath'

2022-06-09 20:47:03 - [MESSAGE][PASSED] - Delayed 3 second(s)

2022-06-09 20:47:03 - [MESSAGE][PASSED] - Scroll to object 'Object Repository/1. Constant/xpath' successfully

2022-06-09 20:47:06 - [MESSAGE][PASSED] - Object: 'Object Repository/1. Constant/xpath' is clicked on

2022-06-09 20:47:11 - [MESSAGE][PASSED] - Delayed 5 second(s)

2022-06-09 20:47:11 - [TEST_STEP][PASSED] - I.SearchRefNo_xpath("P18_Auto", "//*[@id="fiche_filter_keywords11"]", "//*[@id="form_filters"]/div[3]/button"): Delayed 5 second(s)

2022-06-09 20:47:12 - [MESSAGE][PASSED] - Delayed 1 second(s)

2022-06-09 20:47:13 - [MESSAGE][PASSED] - Text 'P18_Auto' is set on object 'Object Repository/1. Constant/xpath'

2022-06-09 20:47:16 - [MESSAGE][PASSED] - Delayed 3 second(s)

2022-06-09 20:47:16 - [MESSAGE][PASSED] - Scroll to object 'Object Repository/1. Constant/xpath' successfully

2022-06-09 20:47:19 - [MESSAGE][PASSED] - Object: 'Object Repository/1. Constant/xpath' is clicked on

2022-06-09 20:47:24 - [MESSAGE][PASSED] - Delayed 5 second(s)

2022-06-09 20:47:24 - [TEST_STEP][PASSED] - takeScreenshot(): Taking screenshot successfully

2022-06-09 20:47:24 - [MESSAGE][PASSED] - Taking screenshot successfully
[[ATTACHMENT|D:\\Projet Test Auto\\Mediabox Test Automation\\Reports\\20220609_181011\\03. Parallel Testing (Testing)\\TS -PT PART 3\\14.03 Dreyers Support Action (Ongoing _ Completed ref) - PART 3\\20220609_181101\\1654800444318.png]]

2022-06-09 20:47:24 - [TEST_STEP][PASSED] - click(findTestObject("1. Constant/xpath", ["xpath":"//*[@id="source_" + refID18 + ""]/td[13]/a[2]"])): Object: 'Object Repository/1. Constant/xpath' is clicked on

2022-06-09 20:47:26 - [MESSAGE][PASSED] - Object: 'Object Repository/1. Constant/xpath' is clicked on

2022-06-09 20:47:26 - [TEST_STEP][PASSED] - click(findTestObject("1. Constant/xpath", ["xpath":"//*[@id="ModifFiche"]/div[1]/div/button[2]"])): Object: 'Object Repository/1. Constant/xpath' is clicked on

2022-06-09 20:47:30 - [MESSAGE][PASSED] - Object: 'Object Repository/1. Constant/xpath' is clicked on

2022-06-09 20:47:30 - [TEST_STEP][PASSED] - Lifecycle_Status4 = getText(findTestObject("1. Constant/xpath", ["xpath":"//*[@id="source_" + refID18 + ""]/td[12]/span[1]"])): Text of object 'Object Repository/1. Constant/xpath' is: 'Phase 2.1 [Production]'

2022-06-09 20:47:30 - [MESSAGE][PASSED] - Text of object 'Object Repository/1. Constant/xpath' is: 'Phase 2.1 [Production]'

2022-06-09 20:47:30 - [TEST_STEP][PASSED] - verifyMatch(Lifecycle_Status4, "Phase 2.1 [Production]", false): Actual text 'Phase 2.1 [Production]' and expected text 'Phase 2.1 [Production]' are matched 

2022-06-09 20:47:30 - [MESSAGE][PASSED] - Actual text 'Phase 2.1 [Production]' and expected text 'Phase 2.1 [Production]' are matched 

2022-06-09 20:47:30 - [TEST_STEP][PASSED] - closeBrowser(): Browser is closed

2022-06-09 20:47:35 - [MESSAGE][PASSED] - Browser is closed

2022-06-09 20:47:35 - [TEST_STEP][PASSED] - Start listener action : sampleAfterTestCase: null]]></system-out>
         <system-err><![CDATA[]]></system-err>
      </testcase>
      <system-out><![CDATA[2022-06-09 19:55:51 - [TEST_SUITE][PASSED] - 14.03 Dreyers Support Action (Ongoing _ Completed ref) - PART 3: Test Cases/19. Dreyers Support Action (Ongoing ref_completed)/19.18 Dreyers SAS Add Phase group (Ongoing ref) S24 - P18]]></system-out>
      <system-err><![CDATA[]]></system-err>
   </testsuite>
</testsuites>
