<?xml version="1.0" encoding="UTF-8"?>
<testsuites name="15.03 NPP Duplication Shortcut (TR) - Part 2" time="1710.826" tests="5" failures="0" errors="0">
   <testsuite name="15.03 NPP Duplication Shortcut (TR) - Part 2" tests="5" failures="0" errors="0" time="1710.826" skipped="0" timestamp="2022-06-24 09:17:13" hostname="lamhe - DPF-MBI-VERIF.ad.sgsco.int" id="Test Suites/03. Parallel Testing (Testing)/TS -PT PART 3/15.03 NPP Duplication Shortcut (TR) - Part 2">
      <properties>
         <property name="deviceName" value=""/>
         <property name="devicePlatform" value=""/>
         <property name="logFolder" value="D:\\Projet Test Auto\\Mediabox Test Automation\\Reports\\20220624_091700\\03. Parallel Testing (Testing)\\TS -PT PART 3\\15.03 NPP Duplication Shortcut (TR) - Part 2\\20220624_091702"/>
         <property name="logFiles" value="D:\\Projet Test Auto\\Mediabox Test Automation\\Reports\\20220624_091700\\03. Parallel Testing (Testing)\\TS -PT PART 3\\15.03 NPP Duplication Shortcut (TR) - Part 2\\20220624_091702\\execution0.log"/>
         <property name="attachments" value="D:\\Projet Test Auto\\Mediabox Test Automation\\Reports\\20220624_091700\\03. Parallel Testing (Testing)\\TS -PT PART 3\\15.03 NPP Duplication Shortcut (TR) - Part 2\\20220624_091702\\1656055059981.png, D:\\Projet Test Auto\\Mediabox Test Automation\\Reports\\20220624_091700\\03. Parallel Testing (Testing)\\TS -PT PART 3\\15.03 NPP Duplication Shortcut (TR) - Part 2\\20220624_091702\\1656055073931.png, D:\\Projet Test Auto\\Mediabox Test Automation\\Reports\\20220624_091700\\03. Parallel Testing (Testing)\\TS -PT PART 3\\15.03 NPP Duplication Shortcut (TR) - Part 2\\20220624_091702\\1656055111229.png, D:\\Projet Test Auto\\Mediabox Test Automation\\Reports\\20220624_091700\\03. Parallel Testing (Testing)\\TS -PT PART 3\\15.03 NPP Duplication Shortcut (TR) - Part 2\\20220624_091702\\1656055329072.png, D:\\Projet Test Auto\\Mediabox Test Automation\\Reports\\20220624_091700\\03. Parallel Testing (Testing)\\TS -PT PART 3\\15.03 NPP Duplication Shortcut (TR) - Part 2\\20220624_091702\\1656055346790.png, D:\\Projet Test Auto\\Mediabox Test Automation\\Reports\\20220624_091700\\03. Parallel Testing (Testing)\\TS -PT PART 3\\15.03 NPP Duplication Shortcut (TR) - Part 2\\20220624_091702\\1656055401082.png, D:\\Projet Test Auto\\Mediabox Test Automation\\Reports\\20220624_091700\\03. Parallel Testing (Testing)\\TS -PT PART 3\\15.03 NPP Duplication Shortcut (TR) - Part 2\\20220624_091702\\1656055416450.png, D:\\Projet Test Auto\\Mediabox Test Automation\\Reports\\20220624_091700\\03. Parallel Testing (Testing)\\TS -PT PART 3\\15.03 NPP Duplication Shortcut (TR) - Part 2\\20220624_091702\\1656055432524.png, D:\\Projet Test Auto\\Mediabox Test Automation\\Reports\\20220624_091700\\03. Parallel Testing (Testing)\\TS -PT PART 3\\15.03 NPP Duplication Shortcut (TR) - Part 2\\20220624_091702\\1656055453343.png, D:\\Projet Test Auto\\Mediabox Test Automation\\Reports\\20220624_091700\\03. Parallel Testing (Testing)\\TS -PT PART 3\\15.03 NPP Duplication Shortcut (TR) - Part 2\\20220624_091702\\1656055496894.png, D:\\Projet Test Auto\\Mediabox Test Automation\\Reports\\20220624_091700\\03. Parallel Testing (Testing)\\TS -PT PART 3\\15.03 NPP Duplication Shortcut (TR) - Part 2\\20220624_091702\\1656055513233.png, D:\\Projet Test Auto\\Mediabox Test Automation\\Reports\\20220624_091700\\03. Parallel Testing (Testing)\\TS -PT PART 3\\15.03 NPP Duplication Shortcut (TR) - Part 2\\20220624_091702\\1656055524805.png, D:\\Projet Test Auto\\Mediabox Test Automation\\Reports\\20220624_091700\\03. Parallel Testing (Testing)\\TS -PT PART 3\\15.03 NPP Duplication Shortcut (TR) - Part 2\\20220624_091702\\1656055546082.png, D:\\Projet Test Auto\\Mediabox Test Automation\\Reports\\20220624_091700\\03. Parallel Testing (Testing)\\TS -PT PART 3\\15.03 NPP Duplication Shortcut (TR) - Part 2\\20220624_091702\\1656055559639.png, D:\\Projet Test Auto\\Mediabox Test Automation\\Reports\\20220624_091700\\03. Parallel Testing (Testing)\\TS -PT PART 3\\15.03 NPP Duplication Shortcut (TR) - Part 2\\20220624_091702\\1656055591935.png, D:\\Projet Test Auto\\Mediabox Test Automation\\Reports\\20220624_091700\\03. Parallel Testing (Testing)\\TS -PT PART 3\\15.03 NPP Duplication Shortcut (TR) - Part 2\\20220624_091702\\1656055811553.png, D:\\Projet Test Auto\\Mediabox Test Automation\\Reports\\20220624_091700\\03. Parallel Testing (Testing)\\TS -PT PART 3\\15.03 NPP Duplication Shortcut (TR) - Part 2\\20220624_091702\\1656055873189.png, D:\\Projet Test Auto\\Mediabox Test Automation\\Reports\\20220624_091700\\03. Parallel Testing (Testing)\\TS -PT PART 3\\15.03 NPP Duplication Shortcut (TR) - Part 2\\20220624_091702\\1656055882809.png, D:\\Projet Test Auto\\Mediabox Test Automation\\Reports\\20220624_091700\\03. Parallel Testing (Testing)\\TS -PT PART 3\\15.03 NPP Duplication Shortcut (TR) - Part 2\\20220624_091702\\1656055934442.png, D:\\Projet Test Auto\\Mediabox Test Automation\\Reports\\20220624_091700\\03. Parallel Testing (Testing)\\TS -PT PART 3\\15.03 NPP Duplication Shortcut (TR) - Part 2\\20220624_091702\\1656056062554.png, D:\\Projet Test Auto\\Mediabox Test Automation\\Reports\\20220624_091700\\03. Parallel Testing (Testing)\\TS -PT PART 3\\15.03 NPP Duplication Shortcut (TR) - Part 2\\20220624_091702\\1656056094273.png, D:\\Projet Test Auto\\Mediabox Test Automation\\Reports\\20220624_091700\\03. Parallel Testing (Testing)\\TS -PT PART 3\\15.03 NPP Duplication Shortcut (TR) - Part 2\\20220624_091702\\1656056168276.png, D:\\Projet Test Auto\\Mediabox Test Automation\\Reports\\20220624_091700\\03. Parallel Testing (Testing)\\TS -PT PART 3\\15.03 NPP Duplication Shortcut (TR) - Part 2\\20220624_091702\\1656056178833.png, D:\\Projet Test Auto\\Mediabox Test Automation\\Reports\\20220624_091700\\03. Parallel Testing (Testing)\\TS -PT PART 3\\15.03 NPP Duplication Shortcut (TR) - Part 2\\20220624_091702\\1656056224082.png, D:\\Projet Test Auto\\Mediabox Test Automation\\Reports\\20220624_091700\\03. Parallel Testing (Testing)\\TS -PT PART 3\\15.03 NPP Duplication Shortcut (TR) - Part 2\\20220624_091702\\1656056365584.png, D:\\Projet Test Auto\\Mediabox Test Automation\\Reports\\20220624_091700\\03. Parallel Testing (Testing)\\TS -PT PART 3\\15.03 NPP Duplication Shortcut (TR) - Part 2\\20220624_091702\\1656056383995.png, D:\\Projet Test Auto\\Mediabox Test Automation\\Reports\\20220624_091700\\03. Parallel Testing (Testing)\\TS -PT PART 3\\15.03 NPP Duplication Shortcut (TR) - Part 2\\20220624_091702\\1656056484178.png, D:\\Projet Test Auto\\Mediabox Test Automation\\Reports\\20220624_091700\\03. Parallel Testing (Testing)\\TS -PT PART 3\\15.03 NPP Duplication Shortcut (TR) - Part 2\\20220624_091702\\1656056493526.png, D:\\Projet Test Auto\\Mediabox Test Automation\\Reports\\20220624_091700\\03. Parallel Testing (Testing)\\TS -PT PART 3\\15.03 NPP Duplication Shortcut (TR) - Part 2\\20220624_091702\\1656056532306.png, D:\\Projet Test Auto\\Mediabox Test Automation\\Reports\\20220624_091700\\03. Parallel Testing (Testing)\\TS -PT PART 3\\15.03 NPP Duplication Shortcut (TR) - Part 2\\20220624_091702\\1656056665503.png, D:\\Projet Test Auto\\Mediabox Test Automation\\Reports\\20220624_091700\\03. Parallel Testing (Testing)\\TS -PT PART 3\\15.03 NPP Duplication Shortcut (TR) - Part 2\\20220624_091702\\1656056687902.png"/>
         <property name="hostName" value="lamhe - DPF-MBI-VERIF.ad.sgsco.int"/>
         <property name="os" value="Windows 10 64bit"/>
         <property name="katalonVersion" value="8.3.0.208"/>
         <property name="browser" value="Chrome 102.0.5005.115"/>
         <property name="hostAddress" value="10.15.10.53"/>
         <property name="sessionId" value="c27e979e35a29278189084f4f595bf6e"/>
         <property name="seleniumVersion" value="3.141.59"/>
         <property name="proxyInformation" value="ProxyInformation { proxyOption=NO_PROXY, proxyServerType=HTTP, username=, password=********, proxyServerAddress=, proxyServerPort=0, executionList=&quot;&quot;, isApplyToDesiredCapabilities=true }"/>
         <property name="platform" value="Windows 10"/>
      </properties>
      <testcase name="Test Cases/20. Sephora_NPP Duplication Standard_ Duplication Shortcut/20.09 NPP Duplication Shortcut_In New Project_CST -Used 16.08 P5" time="495.736" classname="Test Cases/20. Sephora_NPP Duplication Standard_ Duplication Shortcut/20.09 NPP Duplication Shortcut_In New Project_CST -Used 16.08 P5" status="PASSED">
         <system-out><![CDATA[2022-06-24 09:17:14 - [TEST_CASE][PASSED] - Test Cases/20. Sephora_NPP Duplication Standard_ Duplication Shortcut/20.09 NPP Duplication Shortcut_In New Project_CST -Used 16.08 P5: Test Cases/20. Sephora_NPP Duplication Standard_ Duplication Shortcut/20.09 NPP Duplication Shortcut_In New Project_CST -Used 16.08 P5

2022-06-24 09:17:16 - [TEST_STEP][PASSED] - data_Npp = findTestData("Data Files/Username_Password/Npp"): null

2022-06-24 09:17:16 - [TEST_STEP][PASSED] - password_ncur = data_Npp.getValue(2, 1): null

2022-06-24 09:17:16 - [TEST_STEP][PASSED] - password_akim = data_Npp.getValue(2, 2): null

2022-06-24 09:17:16 - [TEST_STEP][PASSED] - password_sschunke = data_Npp.getValue(2, 3): null

2022-06-24 09:17:16 - [TEST_STEP][PASSED] - password_abrazhnikovapx = data_Npp.getValue(2, 4): null

2022-06-24 09:17:16 - [TEST_STEP][PASSED] - password_afrappaz = data_Npp.getValue(2, 5): null

2022-06-24 09:17:16 - [TEST_STEP][PASSED] - password_alarkins = data_Npp.getValue(2, 6): null

2022-06-24 09:17:16 - [TEST_STEP][PASSED] - password_cdemonchy = data_Npp.getValue(2, 7): null

2022-06-24 09:17:16 - [TEST_STEP][PASSED] - data_urlRELAUTO = findTestData("Data Files/URL/URL_relauto"): null

2022-06-24 09:17:16 - [TEST_STEP][PASSED] - Url_Npp = data_urlRELAUTO.getValue(2, 5): null

2022-06-24 09:17:16 - [TEST_STEP][PASSED] - I.clearnotepad("D:\Upoad_File\Projet_ Login\NPP\16.08\20.09_NPP_ProjectNo.txt"): null

2022-06-24 09:17:16 - [TEST_STEP][PASSED] - Project_No = I.readnotepad("D:\Upoad_File\Projet_ Login\NPP\16.08\16.08_NPP_ProjectNo.txt"): null

2022-06-24 09:17:16 - [TEST_STEP][PASSED] - refID = I.readnotepad("D:\Upoad_File\Projet_ Login\NPP\16.08\16.08_NPP_refID.txt"): null

2022-06-24 09:17:16 - [TEST_STEP][PASSED] - openBrowser(Url_Npp): Browser is opened with url: ' http://mdb-release.diadeis.lan/MediaboxIndependence/?MBI_datasource=RELTESTAUTO_NPP'

2022-06-24 09:17:17 - [MESSAGE][INFO] - Starting 'Chrome (headless)' driver

2022-06-24 09:17:17 - [MESSAGE][INFO] - User set preference: ['args', '[--window-size=1920,1080, --headless]']

2022-06-24 09:17:17 - [MESSAGE][INFO] - Action delay is set to 0 milliseconds

2022-06-24 09:17:39 - [MESSAGE][PASSED] - Browser is opened with url: ' http://mdb-release.diadeis.lan/MediaboxIndependence/?MBI_datasource=RELTESTAUTO_NPP'

2022-06-24 09:17:39 - [TEST_STEP][PASSED] - maximizeWindow(): Current window maximized

2022-06-24 09:17:39 - [MESSAGE][PASSED] - Current window maximized

2022-06-24 09:17:39 - [TEST_STEP][PASSED] - takeScreenshot(): Taking screenshot successfully

2022-06-24 09:17:40 - [MESSAGE][PASSED] - Taking screenshot successfully
[[ATTACHMENT|D:\\Projet Test Auto\\Mediabox Test Automation\\Reports\\20220624_091700\\03. Parallel Testing (Testing)\\TS -PT PART 3\\15.03 NPP Duplication Shortcut (TR) - Part 2\\20220624_091702\\1656055059981.png]]

2022-06-24 09:17:40 - [TEST_STEP][PASSED] - I.Login_password("akim", password_akim): Object: 'Object Repository/1. Constant/xpath' is clicked on

2022-06-24 09:17:41 - [MESSAGE][PASSED] - Text 'akim' is set on object 'Object Repository/1. Constant/xpath'

2022-06-24 09:17:42 - [MESSAGE][PASSED] - Delayed 1 second(s)

2022-06-24 09:17:43 - [MESSAGE][PASSED] - Text 'dchi' is set on object 'Object Repository/1. Constant/xpath'

2022-06-24 09:17:44 - [MESSAGE][PASSED] - Delayed 1 second(s)

2022-06-24 09:17:53 - [MESSAGE][PASSED] - Object: 'Object Repository/1. Constant/xpath' is clicked on

2022-06-24 09:17:53 - [TEST_STEP][PASSED] - takeScreenshot(): Taking screenshot successfully

2022-06-24 09:17:55 - [MESSAGE][PASSED] - Taking screenshot successfully
[[ATTACHMENT|D:\\Projet Test Auto\\Mediabox Test Automation\\Reports\\20220624_091700\\03. Parallel Testing (Testing)\\TS -PT PART 3\\15.03 NPP Duplication Shortcut (TR) - Part 2\\20220624_091702\\1656055073931.png]]

2022-06-24 09:17:55 - [TEST_STEP][PASSED] - click(findTestObject("1. Constant/02_LHSMenu_Projects")): Object: 'Object Repository/1. Constant/02_LHSMenu_Projects' is clicked on

2022-06-24 09:18:04 - [MESSAGE][PASSED] - Object: 'Object Repository/1. Constant/02_LHSMenu_Projects' is clicked on

2022-06-24 09:18:04 - [TEST_STEP][PASSED] - I.SearchProjectNo_xpath(Project_No, "//*[@id="keynum_project"]", "//*[@id="form_filters"]/div[20]/button"): Delayed 5 second(s)

2022-06-24 09:18:05 - [MESSAGE][PASSED] - Delayed 1 second(s)

2022-06-24 09:18:07 - [MESSAGE][PASSED] - Text 'MI001081' is set on object 'Object Repository/1. Constant/xpath'

2022-06-24 09:18:10 - [MESSAGE][PASSED] - Delayed 3 second(s)

2022-06-24 09:18:11 - [MESSAGE][PASSED] - Scroll to object 'Object Repository/1. Constant/xpath' successfully

2022-06-24 09:18:15 - [MESSAGE][PASSED] - Object: 'Object Repository/1. Constant/xpath' is clicked on

2022-06-24 09:18:20 - [MESSAGE][PASSED] - Delayed 5 second(s)

2022-06-24 09:18:20 - [TEST_STEP][PASSED] - delay(1): Delayed 1 second(s)

2022-06-24 09:18:21 - [MESSAGE][PASSED] - Delayed 1 second(s)

2022-06-24 09:18:21 - [TEST_STEP][PASSED] - click(findTestObject("1. Constant/xpath", ["xpath":"//*[@id="kt_content"]/div[3]/div/div[2]/div[1]/div[2]/span/div/button"])): Object: 'Object Repository/1. Constant/xpath' is clicked on

2022-06-24 09:18:22 - [MESSAGE][PASSED] - Object: 'Object Repository/1. Constant/xpath' is clicked on

2022-06-24 09:18:22 - [TEST_STEP][PASSED] - delay(1): Delayed 1 second(s)

2022-06-24 09:18:23 - [MESSAGE][PASSED] - Delayed 1 second(s)

2022-06-24 09:18:23 - [TEST_STEP][PASSED] - click(findTestObject("1. Constant/xpath", ["xpath":"/html/body/div[1]/div[2]/div[4]/div[3]/div/div[2]/div[1]/div[2]/span/div/div/a[2]"])): Object: 'Object Repository/1. Constant/xpath' is clicked on

2022-06-24 09:18:24 - [MESSAGE][PASSED] - Object: 'Object Repository/1. Constant/xpath' is clicked on

2022-06-24 09:18:24 - [TEST_STEP][PASSED] - click(findTestObject("1. Constant/xpath", ["xpath":"//*[@id="fiches"]/table/tbody/tr[1]/td[1]/label"])): Object: 'Object Repository/1. Constant/xpath' is clicked on

2022-06-24 09:18:26 - [MESSAGE][PASSED] - Object: 'Object Repository/1. Constant/xpath' is clicked on

2022-06-24 09:18:26 - [TEST_STEP][PASSED] - delay(1): Delayed 1 second(s)

2022-06-24 09:18:27 - [MESSAGE][PASSED] - Delayed 1 second(s)

2022-06-24 09:18:27 - [TEST_STEP][PASSED] - click(findTestObject("1. Constant/xpath", ["xpath":"//*[@id="action_btnduplicatereference"]"])): Object: 'Object Repository/1. Constant/xpath' is clicked on

2022-06-24 09:18:29 - [MESSAGE][PASSED] - Object: 'Object Repository/1. Constant/xpath' is clicked on

2022-06-24 09:18:29 - [TEST_STEP][PASSED] - delay(1): Delayed 1 second(s)

2022-06-24 09:18:30 - [MESSAGE][PASSED] - Delayed 1 second(s)

2022-06-24 09:18:30 - [TEST_STEP][PASSED] - takeScreenshot(): Taking screenshot successfully

2022-06-24 09:18:31 - [MESSAGE][PASSED] - Taking screenshot successfully
[[ATTACHMENT|D:\\Projet Test Auto\\Mediabox Test Automation\\Reports\\20220624_091700\\03. Parallel Testing (Testing)\\TS -PT PART 3\\15.03 NPP Duplication Shortcut (TR) - Part 2\\20220624_091702\\1656055111229.png]]

2022-06-24 09:18:31 - [TEST_STEP][PASSED] - click(findTestObject("1. Constant/xpath", ["xpath":"//*[@id="modal_duplicate_reference"]/div/div/div[2]/div/div[8]/div[1]/label[3]"])): Object: 'Object Repository/1. Constant/xpath' is clicked on

2022-06-24 09:18:32 - [MESSAGE][PASSED] - Object: 'Object Repository/1. Constant/xpath' is clicked on

2022-06-24 09:18:32 - [TEST_STEP][PASSED] - I.VerifyMatchText("//*[@id="info_translation_block"]", "This option will duplicate the values from the brief and the source text structure and content. The local translations will not be collected."): Actual text 'This option will duplicate the values from the brief and the source text structure and content. The local translations will not be collected.' and expected text 'This option will duplicate the values from the brief and the source text structure and content. The local translations will not be collected.' are matched 

2022-06-24 09:18:32 - [MESSAGE][PASSED] - Text of object 'Object Repository/1. Constant/xpath' is: 'This option will duplicate the values from the brief and the source text structure and content. The local translations will not be collected.'

2022-06-24 09:18:33 - [MESSAGE][PASSED] - Delayed 1 second(s)

2022-06-24 09:18:33 - [MESSAGE][PASSED] - Actual text 'This option will duplicate the values from the brief and the source text structure and content. The local translations will not be collected.' and expected text 'This option will duplicate the values from the brief and the source text structure and content. The local translations will not be collected.' are matched 

2022-06-24 09:18:33 - [TEST_STEP][PASSED] - I.VerifyMatchText("//*[@id="select2-ref_tpl7-container"]", "LSS Reference"): Actual text 'LSS Reference' and expected text 'LSS Reference' are matched 

2022-06-24 09:18:34 - [MESSAGE][PASSED] - Text of object 'Object Repository/1. Constant/xpath' is: 'LSS Reference'

2022-06-24 09:18:35 - [MESSAGE][PASSED] - Delayed 1 second(s)

2022-06-24 09:18:35 - [MESSAGE][PASSED] - Actual text 'LSS Reference' and expected text 'LSS Reference' are matched 

2022-06-24 09:18:35 - [TEST_STEP][PASSED] - I.VerifyMatchText("//*[@id="select2-lfc_tpl7-container"]", "LSS Lifecycle (3)"): Actual text 'LSS Lifecycle (3)' and expected text 'LSS Lifecycle (3)' are matched 

2022-06-24 09:18:35 - [MESSAGE][PASSED] - Text of object 'Object Repository/1. Constant/xpath' is: 'LSS Lifecycle (3)'

2022-06-24 09:18:36 - [MESSAGE][PASSED] - Delayed 1 second(s)

2022-06-24 09:18:36 - [MESSAGE][PASSED] - Actual text 'LSS Lifecycle (3)' and expected text 'LSS Lifecycle (3)' are matched 

2022-06-24 09:18:36 - [TEST_STEP][PASSED] - click(findTestObject("1. Constant/xpath", ["xpath":"//*[@id="btn_submit_duplication"]"])): Object: 'Object Repository/1. Constant/xpath' is clicked on

2022-06-24 09:18:48 - [MESSAGE][PASSED] - Object: 'Object Repository/1. Constant/xpath' is clicked on

2022-06-24 09:18:48 - [TEST_STEP][PASSED] - delay(1): Delayed 1 second(s)

2022-06-24 09:18:49 - [MESSAGE][PASSED] - Delayed 1 second(s)

2022-06-24 09:18:49 - [TEST_STEP][PASSED] - Project_No4 = I.ProjectNo(): Current window's url is: 'http://mdb-release.diadeis.lan/MediaboxIndependence/Base/ExecAction?IDSession=MBI%21RELTESTAUTO_NPP%21GPRXILKWAJAPULP2IP047NP6874HK3AIHM83U677&default_action=ModifierProjet&id_project=MI001084'

2022-06-24 09:18:54 - [MESSAGE][PASSED] - Delayed 5 second(s)

2022-06-24 09:18:54 - [MESSAGE][PASSED] - Current window's url is: 'http://mdb-release.diadeis.lan/MediaboxIndependence/Base/ExecAction?IDSession=MBI%21RELTESTAUTO_NPP%21GPRXILKWAJAPULP2IP047NP6874HK3AIHM83U677&default_action=ModifierProjet&id_project=MI001084'

2022-06-24 09:18:54 - [TEST_STEP][PASSED] - LSSNumber_name = "TC20.09_AutoTest_Npp_Duplication_NewProj_" + RandomStringUtils.randomAlphanumeric(3) + "_" + I.gettimedate(): null

2022-06-24 09:18:54 - [TEST_STEP][PASSED] - setText(findTestObject("1. Constant/xpath", ["xpath":"//*[@id="var_70"]"]), LSSNumber_name): Text 'TC20.09_AutoTest_Npp_Duplication_NewProj_2jd_juin242022_091854' is set on object 'Object Repository/1. Constant/xpath'

2022-06-24 09:18:55 - [MESSAGE][PASSED] - Text 'TC20.09_AutoTest_Npp_Duplication_NewProj_2jd_juin242022_091854' is set on object 'Object Repository/1. Constant/xpath'

2022-06-24 09:18:55 - [TEST_STEP][PASSED] - click(findTestObject("1. Constant/xpath", ["xpath":"//*[@id="ModifFiche"]/div[1]/div/button"])): Object: 'Object Repository/1. Constant/xpath' is clicked on

2022-06-24 09:19:00 - [MESSAGE][PASSED] - Object: 'Object Repository/1. Constant/xpath' is clicked on

2022-06-24 09:19:00 - [TEST_STEP][PASSED] - delay(1): Delayed 1 second(s)

2022-06-24 09:19:01 - [MESSAGE][PASSED] - Delayed 1 second(s)

2022-06-24 09:19:01 - [TEST_STEP][PASSED] - click(findTestObject("1. Constant/xpath", ["xpath":"//*[@id="card_project"]/div[2]/div/div[3]/a[3]"])): Object: 'Object Repository/1. Constant/xpath' is clicked on

2022-06-24 09:19:06 - [MESSAGE][PASSED] - Object: 'Object Repository/1. Constant/xpath' is clicked on

2022-06-24 09:19:06 - [TEST_STEP][PASSED] - delay(1): Delayed 1 second(s)

2022-06-24 09:19:07 - [MESSAGE][PASSED] - Delayed 1 second(s)

2022-06-24 09:19:07 - [TEST_STEP][PASSED] - I.VerifyMatchText("//*[@id="var_107"]", "Litter"): Actual text 'Litter' and expected text 'Litter' are matched 

2022-06-24 09:19:07 - [MESSAGE][PASSED] - Text of object 'Object Repository/1. Constant/xpath' is: 'Litter'

2022-06-24 09:19:08 - [MESSAGE][PASSED] - Delayed 1 second(s)

2022-06-24 09:19:08 - [MESSAGE][PASSED] - Actual text 'Litter' and expected text 'Litter' are matched 

2022-06-24 09:19:08 - [TEST_STEP][PASSED] - I.VerifyMatchText("//*[@id="var_108"]", "Corn"): Actual text 'Corn' and expected text 'Corn' are matched 

2022-06-24 09:19:11 - [MESSAGE][PASSED] - Text of object 'Object Repository/1. Constant/xpath' is: 'Corn'

2022-06-24 09:19:12 - [MESSAGE][PASSED] - Delayed 1 second(s)

2022-06-24 09:19:12 - [MESSAGE][PASSED] - Actual text 'Corn' and expected text 'Corn' are matched 

2022-06-24 09:19:12 - [TEST_STEP][PASSED] - I.VerifyMatchText("//*[@id="var_110"]", "Variety test"): Actual text 'Variety test' and expected text 'Variety test' are matched 

2022-06-24 09:19:13 - [MESSAGE][PASSED] - Text of object 'Object Repository/1. Constant/xpath' is: 'Variety test'

2022-06-24 09:19:14 - [MESSAGE][PASSED] - Delayed 1 second(s)

2022-06-24 09:19:14 - [MESSAGE][PASSED] - Actual text 'Variety test' and expected text 'Variety test' are matched 

2022-06-24 09:19:14 - [TEST_STEP][PASSED] - I.VerifyMatchText("//*[@id="var_133"]", "Alternative Format code test"): Actual text 'Alternative Format code test' and expected text 'Alternative Format code test' are matched 

2022-06-24 09:19:14 - [MESSAGE][PASSED] - Text of object 'Object Repository/1. Constant/xpath' is: 'Alternative Format code test'

2022-06-24 09:19:15 - [MESSAGE][PASSED] - Delayed 1 second(s)

2022-06-24 09:19:15 - [MESSAGE][PASSED] - Actual text 'Alternative Format code test' and expected text 'Alternative Format code test' are matched 

2022-06-24 09:19:15 - [TEST_STEP][PASSED] - I.VerifyMatchText("//*[@id="var_65"]", "FORMAT Product designation test"): Actual text 'FORMAT Product designation test' and expected text 'FORMAT Product designation test' are matched 

2022-06-24 09:19:15 - [MESSAGE][PASSED] - Text of object 'Object Repository/1. Constant/xpath' is: 'FORMAT Product designation test'

2022-06-24 09:19:16 - [MESSAGE][PASSED] - Delayed 1 second(s)

2022-06-24 09:19:16 - [MESSAGE][PASSED] - Actual text 'FORMAT Product designation test' and expected text 'FORMAT Product designation test' are matched 

2022-06-24 09:19:16 - [TEST_STEP][PASSED] - I.VerifyMatchText("//*[@id="var_91"]", "HIP"): Actual text 'HIP' and expected text 'HIP' are matched 

2022-06-24 09:19:17 - [MESSAGE][PASSED] - Text of object 'Object Repository/1. Constant/xpath' is: 'HIP'

2022-06-24 09:19:18 - [MESSAGE][PASSED] - Delayed 1 second(s)

2022-06-24 09:19:18 - [MESSAGE][PASSED] - Actual text 'HIP' and expected text 'HIP' are matched 

2022-06-24 09:19:18 - [TEST_STEP][PASSED] - I.VerifyMatchText("//*[@id="var_71"]", "25/08/2021"): Actual text '25/08/2021' and expected text '25/08/2021' are matched 

2022-06-24 09:19:18 - [MESSAGE][PASSED] - Text of object 'Object Repository/1. Constant/xpath' is: '25/08/2021'

2022-06-24 09:19:19 - [MESSAGE][PASSED] - Delayed 1 second(s)

2022-06-24 09:19:19 - [MESSAGE][PASSED] - Actual text '25/08/2021' and expected text '25/08/2021' are matched 

2022-06-24 09:19:19 - [TEST_STEP][PASSED] - I.VerifyMatchText("//*[@id="var_89"]", "Project Information - Comments"): Actual text 'Project Information - Comments' and expected text 'Project Information - Comments' are matched 

2022-06-24 09:19:20 - [MESSAGE][PASSED] - Text of object 'Object Repository/1. Constant/xpath' is: 'Project Information - Comments'

2022-06-24 09:19:21 - [MESSAGE][PASSED] - Delayed 1 second(s)

2022-06-24 09:19:21 - [MESSAGE][PASSED] - Actual text 'Project Information - Comments' and expected text 'Project Information - Comments' are matched 

2022-06-24 09:19:21 - [TEST_STEP][PASSED] - I.VerifyMatchText("//*[@id="var_93"]", "Reason for change test"): Actual text 'Reason for change test' and expected text 'Reason for change test' are matched 

2022-06-24 09:19:21 - [MESSAGE][PASSED] - Text of object 'Object Repository/1. Constant/xpath' is: 'Reason for change test'

2022-06-24 09:19:22 - [MESSAGE][PASSED] - Delayed 1 second(s)

2022-06-24 09:19:22 - [MESSAGE][PASSED] - Actual text 'Reason for change test' and expected text 'Reason for change test' are matched 

2022-06-24 09:19:22 - [TEST_STEP][PASSED] - I.VerifyMatchText("//*[@id="var_54"]", "Tidy Cat"): Actual text 'Tidy Cat' and expected text 'Tidy Cat' are matched 

2022-06-24 09:19:22 - [MESSAGE][PASSED] - Text of object 'Object Repository/1. Constant/xpath' is: 'Tidy Cat'

2022-06-24 09:19:23 - [MESSAGE][PASSED] - Delayed 1 second(s)

2022-06-24 09:19:23 - [MESSAGE][PASSED] - Actual text 'Tidy Cat' and expected text 'Tidy Cat' are matched 

2022-06-24 09:19:23 - [TEST_STEP][PASSED] - I.VerifyMatchText("//*[@id="var_106"]", "Tidy Cat - CRYSTALS BLEND"): Actual text 'Tidy Cat - CRYSTALS BLEND' and expected text 'Tidy Cat - CRYSTALS BLEND' are matched 

2022-06-24 09:19:24 - [MESSAGE][PASSED] - Text of object 'Object Repository/1. Constant/xpath' is: 'Tidy Cat - CRYSTALS BLEND'

2022-06-24 09:19:25 - [MESSAGE][PASSED] - Delayed 1 second(s)

2022-06-24 09:19:25 - [MESSAGE][PASSED] - Actual text 'Tidy Cat - CRYSTALS BLEND' and expected text 'Tidy Cat - CRYSTALS BLEND' are matched 

2022-06-24 09:19:25 - [TEST_STEP][PASSED] - I.VerifyMatchText("//*[@id="var_92"]", "Premium"): Actual text 'Premium' and expected text 'Premium' are matched 

2022-06-24 09:19:25 - [MESSAGE][PASSED] - Text of object 'Object Repository/1. Constant/xpath' is: 'Premium'

2022-06-24 09:19:26 - [MESSAGE][PASSED] - Delayed 1 second(s)

2022-06-24 09:19:26 - [MESSAGE][PASSED] - Actual text 'Premium' and expected text 'Premium' are matched 

2022-06-24 09:19:26 - [TEST_STEP][PASSED] - I.VerifyMatchText("//*[@id="var_88"]", "Superfood"): Actual text 'Superfood' and expected text 'Superfood' are matched 

2022-06-24 09:19:27 - [MESSAGE][PASSED] - Text of object 'Object Repository/1. Constant/xpath' is: 'Superfood'

2022-06-24 09:19:28 - [MESSAGE][PASSED] - Delayed 1 second(s)

2022-06-24 09:19:28 - [MESSAGE][PASSED] - Actual text 'Superfood' and expected text 'Superfood' are matched 

2022-06-24 09:19:28 - [TEST_STEP][PASSED] - I.VerifyMatchText("//*[@id="var_86"]", "No color"): Actual text 'No color' and expected text 'No color' are matched 

2022-06-24 09:19:29 - [MESSAGE][PASSED] - Text of object 'Object Repository/1. Constant/xpath' is: 'No color'

2022-06-24 09:19:30 - [MESSAGE][PASSED] - Delayed 1 second(s)

2022-06-24 09:19:30 - [MESSAGE][PASSED] - Actual text 'No color' and expected text 'No color' are matched 

2022-06-24 09:19:30 - [TEST_STEP][PASSED] - I.VerifyMatchText("//*[@id="var_57"]", "Not applicable"): Actual text 'Not applicable' and expected text 'Not applicable' are matched 

2022-06-24 09:19:31 - [MESSAGE][PASSED] - Text of object 'Object Repository/1. Constant/xpath' is: 'Not applicable'

2022-06-24 09:19:32 - [MESSAGE][PASSED] - Delayed 1 second(s)

2022-06-24 09:19:32 - [MESSAGE][PASSED] - Actual text 'Not applicable' and expected text 'Not applicable' are matched 

2022-06-24 09:19:32 - [TEST_STEP][PASSED] - I.VerifyMatchText("//*[@id="var_87"]", "Yes"): Actual text 'Yes' and expected text 'Yes' are matched 

2022-06-24 09:19:32 - [MESSAGE][PASSED] - Text of object 'Object Repository/1. Constant/xpath' is: 'Yes'

2022-06-24 09:19:33 - [MESSAGE][PASSED] - Delayed 1 second(s)

2022-06-24 09:19:33 - [MESSAGE][PASSED] - Actual text 'Yes' and expected text 'Yes' are matched 

2022-06-24 09:19:33 - [TEST_STEP][PASSED] - I.VerifyMatchText("//*[@id="var_109"]", "Complete"): Actual text 'Complete' and expected text 'Complete' are matched 

2022-06-24 09:19:33 - [MESSAGE][PASSED] - Text of object 'Object Repository/1. Constant/xpath' is: 'Complete'

2022-06-24 09:19:34 - [MESSAGE][PASSED] - Delayed 1 second(s)

2022-06-24 09:19:34 - [MESSAGE][PASSED] - Actual text 'Complete' and expected text 'Complete' are matched 

2022-06-24 09:19:34 - [TEST_STEP][PASSED] - I.VerifyMatchText("//*[@id="var_52"]", "Dogs & Cats"): Actual text 'Dogs & Cats' and expected text 'Dogs & Cats' are matched 

2022-06-24 09:19:35 - [MESSAGE][PASSED] - Text of object 'Object Repository/1. Constant/xpath' is: 'Dogs & Cats'

2022-06-24 09:19:36 - [MESSAGE][PASSED] - Delayed 1 second(s)

2022-06-24 09:19:36 - [MESSAGE][PASSED] - Actual text 'Dogs & Cats' and expected text 'Dogs & Cats' are matched 

2022-06-24 09:19:36 - [TEST_STEP][PASSED] - I.VerifyMatchText("//*[@id="var_67"]", "Tidy Cat - Adult"): Actual text 'Tidy Cat - Adult' and expected text 'Tidy Cat - Adult' are matched 

2022-06-24 09:19:36 - [MESSAGE][PASSED] - Text of object 'Object Repository/1. Constant/xpath' is: 'Tidy Cat - Adult'

2022-06-24 09:19:37 - [MESSAGE][PASSED] - Delayed 1 second(s)

2022-06-24 09:19:37 - [MESSAGE][PASSED] - Actual text 'Tidy Cat - Adult' and expected text 'Tidy Cat - Adult' are matched 

2022-06-24 09:19:37 - [TEST_STEP][PASSED] - I.VerifyMatchText("//*[@id="var_140"]", "Light"): Actual text 'Light' and expected text 'Light' are matched 

2022-06-24 09:19:38 - [MESSAGE][PASSED] - Text of object 'Object Repository/1. Constant/xpath' is: 'Light'

2022-06-24 09:19:39 - [MESSAGE][PASSED] - Delayed 1 second(s)

2022-06-24 09:19:39 - [MESSAGE][PASSED] - Actual text 'Light' and expected text 'Light' are matched 

2022-06-24 09:19:39 - [TEST_STEP][PASSED] - I.VerifyMatchText("//*[@id="var_51"]", "All"): Actual text 'All' and expected text 'All' are matched 

2022-06-24 09:19:39 - [MESSAGE][PASSED] - Text of object 'Object Repository/1. Constant/xpath' is: 'All'

2022-06-24 09:19:40 - [MESSAGE][PASSED] - Delayed 1 second(s)

2022-06-24 09:19:40 - [MESSAGE][PASSED] - Actual text 'All' and expected text 'All' are matched 

2022-06-24 09:19:40 - [TEST_STEP][PASSED] - I.VerifyMatchText("//*[@id="var_50"]", "Active"): Actual text 'Active' and expected text 'Active' are matched 

2022-06-24 09:19:40 - [MESSAGE][PASSED] - Text of object 'Object Repository/1. Constant/xpath' is: 'Active'

2022-06-24 09:19:41 - [MESSAGE][PASSED] - Delayed 1 second(s)

2022-06-24 09:19:41 - [MESSAGE][PASSED] - Actual text 'Active' and expected text 'Active' are matched 

2022-06-24 09:19:41 - [TEST_STEP][PASSED] - I.VerifyMatchText("//*[@id="var_64"]", "FR DC SPI Ham" + "
" + "FR PL Montfort"): Actual text 'FR DC SPI Ham
FR PL Montfort' and expected text 'FR DC SPI Ham
FR PL Montfort' are matched 

2022-06-24 09:19:42 - [MESSAGE][PASSED] - Text of object 'Object Repository/1. Constant/xpath' is: 'FR DC SPI Ham
FR PL Montfort'

2022-06-24 09:19:43 - [MESSAGE][PASSED] - Delayed 1 second(s)

2022-06-24 09:19:43 - [MESSAGE][PASSED] - Actual text 'FR DC SPI Ham
FR PL Montfort' and expected text 'FR DC SPI Ham
FR PL Montfort' are matched 

2022-06-24 09:19:43 - [TEST_STEP][PASSED] - I.VerifyMatchText("//*[@id="var_53"]", "FR DC SPI Ham"): Actual text 'FR DC SPI Ham' and expected text 'FR DC SPI Ham' are matched 

2022-06-24 09:19:43 - [MESSAGE][PASSED] - Text of object 'Object Repository/1. Constant/xpath' is: 'FR DC SPI Ham'

2022-06-24 09:19:44 - [MESSAGE][PASSED] - Delayed 1 second(s)

2022-06-24 09:19:44 - [MESSAGE][PASSED] - Actual text 'FR DC SPI Ham' and expected text 'FR DC SPI Ham' are matched 

2022-06-24 09:19:44 - [TEST_STEP][PASSED] - I.VerifyMatchText("//*[@id="var_58"]", "Animal Lovers"): Actual text 'Animal Lovers' and expected text 'Animal Lovers' are matched 

2022-06-24 09:19:44 - [MESSAGE][PASSED] - Text of object 'Object Repository/1. Constant/xpath' is: 'Animal Lovers'

2022-06-24 09:19:45 - [MESSAGE][PASSED] - Delayed 1 second(s)

2022-06-24 09:19:45 - [MESSAGE][PASSED] - Actual text 'Animal Lovers' and expected text 'Animal Lovers' are matched 

2022-06-24 09:19:45 - [TEST_STEP][PASSED] - I.VerifyMatchText("//*[@id="var_59"]", "Deuerer"): Actual text 'Deuerer' and expected text 'Deuerer' are matched 

2022-06-24 09:19:46 - [MESSAGE][PASSED] - Text of object 'Object Repository/1. Constant/xpath' is: 'Deuerer'

2022-06-24 09:19:47 - [MESSAGE][PASSED] - Delayed 1 second(s)

2022-06-24 09:19:47 - [MESSAGE][PASSED] - Actual text 'Deuerer' and expected text 'Deuerer' are matched 

2022-06-24 09:19:47 - [TEST_STEP][PASSED] - I.VerifyMatchText("//*[@id="var_73"]", "Mousse"): Actual text 'Mousse' and expected text 'Mousse' are matched 

2022-06-24 09:19:47 - [MESSAGE][PASSED] - Text of object 'Object Repository/1. Constant/xpath' is: 'Mousse'

2022-06-24 09:19:48 - [MESSAGE][PASSED] - Delayed 1 second(s)

2022-06-24 09:19:48 - [MESSAGE][PASSED] - Actual text 'Mousse' and expected text 'Mousse' are matched 

2022-06-24 09:19:48 - [TEST_STEP][PASSED] - I.VerifyMatchText("//*[@id="var_66"]", "No"): Actual text 'No' and expected text 'No' are matched 

2022-06-24 09:19:48 - [MESSAGE][PASSED] - Text of object 'Object Repository/1. Constant/xpath' is: 'No'

2022-06-24 09:19:49 - [MESSAGE][PASSED] - Delayed 1 second(s)

2022-06-24 09:19:49 - [MESSAGE][PASSED] - Actual text 'No' and expected text 'No' are matched 

2022-06-24 09:19:49 - [TEST_STEP][PASSED] - I.VerifyMatchText("//*[@id="var_142"]", "No"): Actual text 'No' and expected text 'No' are matched 

2022-06-24 09:19:50 - [MESSAGE][PASSED] - Text of object 'Object Repository/1. Constant/xpath' is: 'No'

2022-06-24 09:19:51 - [MESSAGE][PASSED] - Delayed 1 second(s)

2022-06-24 09:19:51 - [MESSAGE][PASSED] - Actual text 'No' and expected text 'No' are matched 

2022-06-24 09:19:51 - [TEST_STEP][PASSED] - I.VerifyMatchText("//*[@id="var_143"]", "No"): Actual text 'No' and expected text 'No' are matched 

2022-06-24 09:19:51 - [MESSAGE][PASSED] - Text of object 'Object Repository/1. Constant/xpath' is: 'No'

2022-06-24 09:19:52 - [MESSAGE][PASSED] - Delayed 1 second(s)

2022-06-24 09:19:52 - [MESSAGE][PASSED] - Actual text 'No' and expected text 'No' are matched 

2022-06-24 09:19:52 - [TEST_STEP][PASSED] - I.VerifyMatchText("//*[@id="var_119"]", "LATAM"): Actual text 'LATAM' and expected text 'LATAM' are matched 

2022-06-24 09:19:52 - [MESSAGE][PASSED] - Text of object 'Object Repository/1. Constant/xpath' is: 'LATAM'

2022-06-24 09:19:53 - [MESSAGE][PASSED] - Delayed 1 second(s)

2022-06-24 09:19:53 - [MESSAGE][PASSED] - Actual text 'LATAM' and expected text 'LATAM' are matched 

2022-06-24 09:19:53 - [TEST_STEP][PASSED] - click(findTestObject("1. Constant/xpath", ["xpath":"//*[@id="kt_subheader"]/div/nav/ol/li[2]/a"])): Object: 'Object Repository/1. Constant/xpath' is clicked on

2022-06-24 09:19:57 - [MESSAGE][PASSED] - Object: 'Object Repository/1. Constant/xpath' is clicked on

2022-06-24 09:19:57 - [TEST_STEP][PASSED] - I.VerifyMatchText("//*[@id="kt_content"]/div[3]/div/div[2]/div[1]/div[1]/h1/span", "1"): Actual text '1' and expected text '1' are matched 

2022-06-24 09:19:57 - [MESSAGE][PASSED] - Text of object 'Object Repository/1. Constant/xpath' is: '1'

2022-06-24 09:19:58 - [MESSAGE][PASSED] - Delayed 1 second(s)

2022-06-24 09:19:58 - [MESSAGE][PASSED] - Actual text '1' and expected text '1' are matched 

2022-06-24 09:19:58 - [TEST_STEP][PASSED] - click(findTestObject("1. Constant/xpath", ["xpath":"//*[@id="fiches"]/table/tbody/tr[1]/td[5]/a[1]"])): Object: 'Object Repository/1. Constant/xpath' is clicked on

2022-06-24 09:20:04 - [MESSAGE][PASSED] - Object: 'Object Repository/1. Constant/xpath' is clicked on

2022-06-24 09:20:04 - [TEST_STEP][PASSED] - delay(1): Delayed 1 second(s)

2022-06-24 09:20:05 - [MESSAGE][PASSED] - Delayed 1 second(s)

2022-06-24 09:20:05 - [TEST_STEP][PASSED] - refID3 = I.RefID_Npp(): Current window's url is: 'http://mdb-release.diadeis.lan/MediaboxIndependence/Base/ExecAction?action=VoirRef&IDSession=MBI!RELTESTAUTO_NPP!GPRXILKWAJAPULP2IP047NP6874HK3AIHM83U677&num=ZBNBV70ZUR&id_ref=1058056'

2022-06-24 09:20:10 - [MESSAGE][PASSED] - Delayed 5 second(s)

2022-06-24 09:20:10 - [MESSAGE][PASSED] - Current window's url is: 'http://mdb-release.diadeis.lan/MediaboxIndependence/Base/ExecAction?action=VoirRef&IDSession=MBI!RELTESTAUTO_NPP!GPRXILKWAJAPULP2IP047NP6874HK3AIHM83U677&num=ZBNBV70ZUR&id_ref=1058056'

2022-06-24 09:20:10 - [TEST_STEP][PASSED] - click(findTestObject("1. Constant/xpath", ["xpath":"//*[@id="aff_full_brief"]"])): Object: 'Object Repository/1. Constant/xpath' is clicked on

2022-06-24 09:20:12 - [MESSAGE][PASSED] - Object: 'Object Repository/1. Constant/xpath' is clicked on

2022-06-24 09:20:12 - [TEST_STEP][PASSED] - delay(1): Delayed 1 second(s)

2022-06-24 09:20:13 - [MESSAGE][PASSED] - Delayed 1 second(s)

2022-06-24 09:20:13 - [TEST_STEP][PASSED] - I.VerifyMatchText("//*[@id="var_107"]", "Litter"): Actual text 'Litter' and expected text 'Litter' are matched 

2022-06-24 09:20:14 - [MESSAGE][PASSED] - Text of object 'Object Repository/1. Constant/xpath' is: 'Litter'

2022-06-24 09:20:15 - [MESSAGE][PASSED] - Delayed 1 second(s)

2022-06-24 09:20:15 - [MESSAGE][PASSED] - Actual text 'Litter' and expected text 'Litter' are matched 

2022-06-24 09:20:15 - [TEST_STEP][PASSED] - I.VerifyMatchText("//*[@id="var_108"]", "Clumping clay" + "
" + "Corn"): Actual text 'Clumping clay
Corn' and expected text 'Clumping clay
Corn' are matched 

2022-06-24 09:20:15 - [MESSAGE][PASSED] - Text of object 'Object Repository/1. Constant/xpath' is: 'Clumping clay
Corn'

2022-06-24 09:20:16 - [MESSAGE][PASSED] - Delayed 1 second(s)

2022-06-24 09:20:16 - [MESSAGE][PASSED] - Actual text 'Clumping clay
Corn' and expected text 'Clumping clay
Corn' are matched 

2022-06-24 09:20:16 - [TEST_STEP][PASSED] - I.VerifyMatchText("//*[@id="var_110"]", "Variety test"): Actual text 'Variety test' and expected text 'Variety test' are matched 

2022-06-24 09:20:16 - [MESSAGE][PASSED] - Text of object 'Object Repository/1. Constant/xpath' is: 'Variety test'

2022-06-24 09:20:17 - [MESSAGE][PASSED] - Delayed 1 second(s)

2022-06-24 09:20:17 - [MESSAGE][PASSED] - Actual text 'Variety test' and expected text 'Variety test' are matched 

2022-06-24 09:20:17 - [TEST_STEP][PASSED] - I.VerifyMatchText("//*[@id="var_133"]", "Alternative Format code test"): Actual text 'Alternative Format code test' and expected text 'Alternative Format code test' are matched 

2022-06-24 09:20:18 - [MESSAGE][PASSED] - Text of object 'Object Repository/1. Constant/xpath' is: 'Alternative Format code test'

2022-06-24 09:20:19 - [MESSAGE][PASSED] - Delayed 1 second(s)

2022-06-24 09:20:19 - [MESSAGE][PASSED] - Actual text 'Alternative Format code test' and expected text 'Alternative Format code test' are matched 

2022-06-24 09:20:19 - [TEST_STEP][PASSED] - I.VerifyMatchText("//*[@id="var_65"]", "FORMAT Product designation test"): Actual text 'FORMAT Product designation test' and expected text 'FORMAT Product designation test' are matched 

2022-06-24 09:20:19 - [MESSAGE][PASSED] - Text of object 'Object Repository/1. Constant/xpath' is: 'FORMAT Product designation test'

2022-06-24 09:20:20 - [MESSAGE][PASSED] - Delayed 1 second(s)

2022-06-24 09:20:20 - [MESSAGE][PASSED] - Actual text 'FORMAT Product designation test' and expected text 'FORMAT Product designation test' are matched 

2022-06-24 09:20:20 - [TEST_STEP][PASSED] - I.VerifyMatchText("//*[@id="var_103"]", "SAP Designation test > https://www.google.com/"): Actual text 'SAP Designation test > https://www.google.com/' and expected text 'SAP Designation test > https://www.google.com/' are matched 

2022-06-24 09:20:22 - [MESSAGE][PASSED] - Text of object 'Object Repository/1. Constant/xpath' is: 'SAP Designation test > https://www.google.com/'

2022-06-24 09:20:23 - [MESSAGE][PASSED] - Delayed 1 second(s)

2022-06-24 09:20:23 - [MESSAGE][PASSED] - Actual text 'SAP Designation test > https://www.google.com/' and expected text 'SAP Designation test > https://www.google.com/' are matched 

2022-06-24 09:20:23 - [TEST_STEP][PASSED] - I.VerifyMatchText("//*[@id="var_139"]", "Claim Substantiation Project Link > https://www.google.com/"): Actual text 'Claim Substantiation Project Link > https://www.google.com/' and expected text 'Claim Substantiation Project Link > https://www.google.com/' are matched 

2022-06-24 09:20:23 - [MESSAGE][PASSED] - Text of object 'Object Repository/1. Constant/xpath' is: 'Claim Substantiation Project Link > https://www.google.com/'

2022-06-24 09:20:24 - [MESSAGE][PASSED] - Delayed 1 second(s)

2022-06-24 09:20:24 - [MESSAGE][PASSED] - Actual text 'Claim Substantiation Project Link > https://www.google.com/' and expected text 'Claim Substantiation Project Link > https://www.google.com/' are matched 

2022-06-24 09:20:24 - [TEST_STEP][PASSED] - I.VerifyMatchText("//*[@id="var_160"]", "Grading standard link > test"): Actual text 'Grading standard link > test' and expected text 'Grading standard link > test' are matched 

2022-06-24 09:20:24 - [MESSAGE][PASSED] - Text of object 'Object Repository/1. Constant/xpath' is: 'Grading standard link > test'

2022-06-24 09:20:25 - [MESSAGE][PASSED] - Delayed 1 second(s)

2022-06-24 09:20:25 - [MESSAGE][PASSED] - Actual text 'Grading standard link > test' and expected text 'Grading standard link > test' are matched 

2022-06-24 09:20:25 - [TEST_STEP][PASSED] - I.VerifyMatchText("//*[@id="var_62"]", "DPET > test"): Actual text 'DPET > test' and expected text 'DPET > test' are matched 

2022-06-24 09:20:25 - [MESSAGE][PASSED] - Text of object 'Object Repository/1. Constant/xpath' is: 'DPET > test'

2022-06-24 09:20:26 - [MESSAGE][PASSED] - Delayed 1 second(s)

2022-06-24 09:20:26 - [MESSAGE][PASSED] - Actual text 'DPET > test' and expected text 'DPET > test' are matched 

2022-06-24 09:20:26 - [TEST_STEP][PASSED] - I.VerifyMatchText("//*[@id="var_90"]", "Project name > test"): Actual text 'Project name > test' and expected text 'Project name > test' are matched 

2022-06-24 09:20:27 - [MESSAGE][PASSED] - Text of object 'Object Repository/1. Constant/xpath' is: 'Project name > test'

2022-06-24 09:20:28 - [MESSAGE][PASSED] - Delayed 1 second(s)

2022-06-24 09:20:28 - [MESSAGE][PASSED] - Actual text 'Project name > test' and expected text 'Project name > test' are matched 

2022-06-24 09:20:28 - [TEST_STEP][PASSED] - I.VerifyMatchText("//*[@id="var_91"]", "HIP"): Actual text 'HIP' and expected text 'HIP' are matched 

2022-06-24 09:20:28 - [MESSAGE][PASSED] - Text of object 'Object Repository/1. Constant/xpath' is: 'HIP'

2022-06-24 09:20:29 - [MESSAGE][PASSED] - Delayed 1 second(s)

2022-06-24 09:20:29 - [MESSAGE][PASSED] - Actual text 'HIP' and expected text 'HIP' are matched 

2022-06-24 09:20:29 - [TEST_STEP][PASSED] - I.VerifyMatchText("//*[@id="var_71"]", "25/08/2021"): Actual text '25/08/2021' and expected text '25/08/2021' are matched 

2022-06-24 09:20:29 - [MESSAGE][PASSED] - Text of object 'Object Repository/1. Constant/xpath' is: '25/08/2021'

2022-06-24 09:20:30 - [MESSAGE][PASSED] - Delayed 1 second(s)

2022-06-24 09:20:30 - [MESSAGE][PASSED] - Actual text '25/08/2021' and expected text '25/08/2021' are matched 

2022-06-24 09:20:30 - [TEST_STEP][PASSED] - I.VerifyMatchText("//*[@id="var_72"]", "01/12/2021"): Actual text '01/12/2021' and expected text '01/12/2021' are matched 

2022-06-24 09:20:30 - [MESSAGE][PASSED] - Text of object 'Object Repository/1. Constant/xpath' is: '01/12/2021'

2022-06-24 09:20:31 - [MESSAGE][PASSED] - Delayed 1 second(s)

2022-06-24 09:20:31 - [MESSAGE][PASSED] - Actual text '01/12/2021' and expected text '01/12/2021' are matched 

2022-06-24 09:20:31 - [TEST_STEP][PASSED] - I.VerifyMatchText("//*[@id="var_116"]", "01/12/2021"): Actual text '01/12/2021' and expected text '01/12/2021' are matched 

2022-06-24 09:20:32 - [MESSAGE][PASSED] - Text of object 'Object Repository/1. Constant/xpath' is: '01/12/2021'

2022-06-24 09:20:33 - [MESSAGE][PASSED] - Delayed 1 second(s)

2022-06-24 09:20:33 - [MESSAGE][PASSED] - Actual text '01/12/2021' and expected text '01/12/2021' are matched 

2022-06-24 09:20:33 - [TEST_STEP][PASSED] - I.VerifyMatchText("//*[@id="var_89"]", "Project Information - Comments"): Actual text 'Project Information - Comments' and expected text 'Project Information - Comments' are matched 

2022-06-24 09:20:33 - [MESSAGE][PASSED] - Text of object 'Object Repository/1. Constant/xpath' is: 'Project Information - Comments'

2022-06-24 09:20:34 - [MESSAGE][PASSED] - Delayed 1 second(s)

2022-06-24 09:20:34 - [MESSAGE][PASSED] - Actual text 'Project Information - Comments' and expected text 'Project Information - Comments' are matched 

2022-06-24 09:20:34 - [TEST_STEP][PASSED] - I.VerifyMatchText("//*[@id="var_93"]", "Reason for change test"): Actual text 'Reason for change test' and expected text 'Reason for change test' are matched 

2022-06-24 09:20:34 - [MESSAGE][PASSED] - Text of object 'Object Repository/1. Constant/xpath' is: 'Reason for change test'

2022-06-24 09:20:35 - [MESSAGE][PASSED] - Delayed 1 second(s)

2022-06-24 09:20:35 - [MESSAGE][PASSED] - Actual text 'Reason for change test' and expected text 'Reason for change test' are matched 

2022-06-24 09:20:35 - [TEST_STEP][PASSED] - I.VerifyMatchText("//*[@id="var_54"]", "Tidy Cat"): Actual text 'Tidy Cat' and expected text 'Tidy Cat' are matched 

2022-06-24 09:20:36 - [MESSAGE][PASSED] - Text of object 'Object Repository/1. Constant/xpath' is: 'Tidy Cat'

2022-06-24 09:20:37 - [MESSAGE][PASSED] - Delayed 1 second(s)

2022-06-24 09:20:37 - [MESSAGE][PASSED] - Actual text 'Tidy Cat' and expected text 'Tidy Cat' are matched 

2022-06-24 09:20:37 - [TEST_STEP][PASSED] - I.VerifyMatchText("//*[@id="var_106"]", "Tidy Cat - CRYSTALS BLEND"): Actual text 'Tidy Cat - CRYSTALS BLEND' and expected text 'Tidy Cat - CRYSTALS BLEND' are matched 

2022-06-24 09:20:38 - [MESSAGE][PASSED] - Text of object 'Object Repository/1. Constant/xpath' is: 'Tidy Cat - CRYSTALS BLEND'

2022-06-24 09:20:39 - [MESSAGE][PASSED] - Delayed 1 second(s)

2022-06-24 09:20:39 - [MESSAGE][PASSED] - Actual text 'Tidy Cat - CRYSTALS BLEND' and expected text 'Tidy Cat - CRYSTALS BLEND' are matched 

2022-06-24 09:20:39 - [TEST_STEP][PASSED] - I.VerifyMatchText("//*[@id="var_92"]", "Premium"): Actual text 'Premium' and expected text 'Premium' are matched 

2022-06-24 09:20:40 - [MESSAGE][PASSED] - Text of object 'Object Repository/1. Constant/xpath' is: 'Premium'

2022-06-24 09:20:41 - [MESSAGE][PASSED] - Delayed 1 second(s)

2022-06-24 09:20:41 - [MESSAGE][PASSED] - Actual text 'Premium' and expected text 'Premium' are matched 

2022-06-24 09:20:41 - [TEST_STEP][PASSED] - I.VerifyMatchText("//*[@id="var_88"]", "Superfood"): Actual text 'Superfood' and expected text 'Superfood' are matched 

2022-06-24 09:20:41 - [MESSAGE][PASSED] - Text of object 'Object Repository/1. Constant/xpath' is: 'Superfood'

2022-06-24 09:20:42 - [MESSAGE][PASSED] - Delayed 1 second(s)

2022-06-24 09:20:42 - [MESSAGE][PASSED] - Actual text 'Superfood' and expected text 'Superfood' are matched 

2022-06-24 09:20:42 - [TEST_STEP][PASSED] - I.VerifyMatchText("//*[@id="var_86"]", "No color"): Actual text 'No color' and expected text 'No color' are matched 

2022-06-24 09:20:43 - [MESSAGE][PASSED] - Text of object 'Object Repository/1. Constant/xpath' is: 'No color'

2022-06-24 09:20:44 - [MESSAGE][PASSED] - Delayed 1 second(s)

2022-06-24 09:20:44 - [MESSAGE][PASSED] - Actual text 'No color' and expected text 'No color' are matched 

2022-06-24 09:20:44 - [TEST_STEP][PASSED] - I.VerifyMatchText("//*[@id="var_57"]", "Not applicable"): Actual text 'Not applicable' and expected text 'Not applicable' are matched 

2022-06-24 09:20:44 - [MESSAGE][PASSED] - Text of object 'Object Repository/1. Constant/xpath' is: 'Not applicable'

2022-06-24 09:20:45 - [MESSAGE][PASSED] - Delayed 1 second(s)

2022-06-24 09:20:45 - [MESSAGE][PASSED] - Actual text 'Not applicable' and expected text 'Not applicable' are matched 

2022-06-24 09:20:45 - [TEST_STEP][PASSED] - I.VerifyMatchText("//*[@id="var_87"]", "Yes"): Actual text 'Yes' and expected text 'Yes' are matched 

2022-06-24 09:20:46 - [MESSAGE][PASSED] - Text of object 'Object Repository/1. Constant/xpath' is: 'Yes'

2022-06-24 09:20:47 - [MESSAGE][PASSED] - Delayed 1 second(s)

2022-06-24 09:20:47 - [MESSAGE][PASSED] - Actual text 'Yes' and expected text 'Yes' are matched 

2022-06-24 09:20:47 - [TEST_STEP][PASSED] - I.VerifyMatchText("//*[@id="var_109"]", "Complete"): Actual text 'Complete' and expected text 'Complete' are matched 

2022-06-24 09:20:47 - [MESSAGE][PASSED] - Text of object 'Object Repository/1. Constant/xpath' is: 'Complete'

2022-06-24 09:20:48 - [MESSAGE][PASSED] - Delayed 1 second(s)

2022-06-24 09:20:48 - [MESSAGE][PASSED] - Actual text 'Complete' and expected text 'Complete' are matched 

2022-06-24 09:20:48 - [TEST_STEP][PASSED] - I.VerifyMatchText("//*[@id="var_52"]", "Dogs & Cats"): Actual text 'Dogs & Cats' and expected text 'Dogs & Cats' are matched 

2022-06-24 09:20:48 - [MESSAGE][PASSED] - Text of object 'Object Repository/1. Constant/xpath' is: 'Dogs & Cats'

2022-06-24 09:20:49 - [MESSAGE][PASSED] - Delayed 1 second(s)

2022-06-24 09:20:49 - [MESSAGE][PASSED] - Actual text 'Dogs & Cats' and expected text 'Dogs & Cats' are matched 

2022-06-24 09:20:49 - [TEST_STEP][PASSED] - I.VerifyMatchText("//*[@id="var_67"]", "Tidy Cat - Adult"): Actual text 'Tidy Cat - Adult' and expected text 'Tidy Cat - Adult' are matched 

2022-06-24 09:20:49 - [MESSAGE][PASSED] - Text of object 'Object Repository/1. Constant/xpath' is: 'Tidy Cat - Adult'

2022-06-24 09:20:50 - [MESSAGE][PASSED] - Delayed 1 second(s)

2022-06-24 09:20:50 - [MESSAGE][PASSED] - Actual text 'Tidy Cat - Adult' and expected text 'Tidy Cat - Adult' are matched 

2022-06-24 09:20:50 - [TEST_STEP][PASSED] - I.VerifyMatchText("//*[@id="var_140"]", "Light"): Actual text 'Light' and expected text 'Light' are matched 

2022-06-24 09:20:51 - [MESSAGE][PASSED] - Text of object 'Object Repository/1. Constant/xpath' is: 'Light'

2022-06-24 09:20:52 - [MESSAGE][PASSED] - Delayed 1 second(s)

2022-06-24 09:20:52 - [MESSAGE][PASSED] - Actual text 'Light' and expected text 'Light' are matched 

2022-06-24 09:20:52 - [TEST_STEP][PASSED] - I.VerifyMatchText("//*[@id="var_51"]", "All"): Actual text 'All' and expected text 'All' are matched 

2022-06-24 09:20:53 - [MESSAGE][PASSED] - Text of object 'Object Repository/1. Constant/xpath' is: 'All'

2022-06-24 09:20:54 - [MESSAGE][PASSED] - Delayed 1 second(s)

2022-06-24 09:20:54 - [MESSAGE][PASSED] - Actual text 'All' and expected text 'All' are matched 

2022-06-24 09:20:54 - [TEST_STEP][PASSED] - I.VerifyMatchText("//*[@id="var_50"]", "Active"): Actual text 'Active' and expected text 'Active' are matched 

2022-06-24 09:20:54 - [MESSAGE][PASSED] - Text of object 'Object Repository/1. Constant/xpath' is: 'Active'

2022-06-24 09:20:55 - [MESSAGE][PASSED] - Delayed 1 second(s)

2022-06-24 09:20:55 - [MESSAGE][PASSED] - Actual text 'Active' and expected text 'Active' are matched 

2022-06-24 09:20:55 - [TEST_STEP][PASSED] - I.VerifyMatchText("//*[@id="var_64"]", "FR DC SPI Ham" + "
" + "FR PL Montfort"): Actual text 'FR DC SPI Ham
FR PL Montfort' and expected text 'FR DC SPI Ham
FR PL Montfort' are matched 

2022-06-24 09:20:56 - [MESSAGE][PASSED] - Text of object 'Object Repository/1. Constant/xpath' is: 'FR DC SPI Ham
FR PL Montfort'

2022-06-24 09:20:57 - [MESSAGE][PASSED] - Delayed 1 second(s)

2022-06-24 09:20:57 - [MESSAGE][PASSED] - Actual text 'FR DC SPI Ham
FR PL Montfort' and expected text 'FR DC SPI Ham
FR PL Montfort' are matched 

2022-06-24 09:20:57 - [TEST_STEP][PASSED] - I.VerifyMatchText("//*[@id="var_53"]", "FR DC SPI Ham"): Actual text 'FR DC SPI Ham' and expected text 'FR DC SPI Ham' are matched 

2022-06-24 09:20:57 - [MESSAGE][PASSED] - Text of object 'Object Repository/1. Constant/xpath' is: 'FR DC SPI Ham'

2022-06-24 09:20:58 - [MESSAGE][PASSED] - Delayed 1 second(s)

2022-06-24 09:20:58 - [MESSAGE][PASSED] - Actual text 'FR DC SPI Ham' and expected text 'FR DC SPI Ham' are matched 

2022-06-24 09:20:58 - [TEST_STEP][PASSED] - I.VerifyMatchText("//*[@id="var_58"]", "Animal Lovers"): Actual text 'Animal Lovers' and expected text 'Animal Lovers' are matched 

2022-06-24 09:20:59 - [MESSAGE][PASSED] - Text of object 'Object Repository/1. Constant/xpath' is: 'Animal Lovers'

2022-06-24 09:21:00 - [MESSAGE][PASSED] - Delayed 1 second(s)

2022-06-24 09:21:00 - [MESSAGE][PASSED] - Actual text 'Animal Lovers' and expected text 'Animal Lovers' are matched 

2022-06-24 09:21:00 - [TEST_STEP][PASSED] - I.VerifyMatchText("//*[@id="var_59"]", "Deuerer"): Actual text 'Deuerer' and expected text 'Deuerer' are matched 

2022-06-24 09:21:00 - [MESSAGE][PASSED] - Text of object 'Object Repository/1. Constant/xpath' is: 'Deuerer'

2022-06-24 09:21:01 - [MESSAGE][PASSED] - Delayed 1 second(s)

2022-06-24 09:21:01 - [MESSAGE][PASSED] - Actual text 'Deuerer' and expected text 'Deuerer' are matched 

2022-06-24 09:21:01 - [TEST_STEP][PASSED] - I.VerifyMatchText("//*[@id="var_73"]", "Mousse"): Actual text 'Mousse' and expected text 'Mousse' are matched 

2022-06-24 09:21:02 - [MESSAGE][PASSED] - Text of object 'Object Repository/1. Constant/xpath' is: 'Mousse'

2022-06-24 09:21:03 - [MESSAGE][PASSED] - Delayed 1 second(s)

2022-06-24 09:21:03 - [MESSAGE][PASSED] - Actual text 'Mousse' and expected text 'Mousse' are matched 

2022-06-24 09:21:03 - [TEST_STEP][PASSED] - I.VerifyMatchText("//*[@id="var_85"]", "Anna KIM"): Actual text 'Anna KIM' and expected text 'Anna KIM' are matched 

2022-06-24 09:21:03 - [MESSAGE][PASSED] - Text of object 'Object Repository/1. Constant/xpath' is: 'Anna KIM'

2022-06-24 09:21:04 - [MESSAGE][PASSED] - Delayed 1 second(s)

2022-06-24 09:21:04 - [MESSAGE][PASSED] - Actual text 'Anna KIM' and expected text 'Anna KIM' are matched 

2022-06-24 09:21:04 - [TEST_STEP][PASSED] - I.VerifyMatchText("//*[@id="var_82"]", "AnneLise GAUDIN"): Actual text 'AnneLise GAUDIN' and expected text 'AnneLise GAUDIN' are matched 

2022-06-24 09:21:04 - [MESSAGE][PASSED] - Text of object 'Object Repository/1. Constant/xpath' is: 'AnneLise GAUDIN'

2022-06-24 09:21:05 - [MESSAGE][PASSED] - Delayed 1 second(s)

2022-06-24 09:21:05 - [MESSAGE][PASSED] - Actual text 'AnneLise GAUDIN' and expected text 'AnneLise GAUDIN' are matched 

2022-06-24 09:21:05 - [TEST_STEP][PASSED] - I.VerifyMatchText("//*[@id="var_74"]", "Alexandra FRAPPAZ"): Actual text 'Alexandra FRAPPAZ' and expected text 'Alexandra FRAPPAZ' are matched 

2022-06-24 09:21:05 - [MESSAGE][PASSED] - Text of object 'Object Repository/1. Constant/xpath' is: 'Alexandra FRAPPAZ'

2022-06-24 09:21:06 - [MESSAGE][PASSED] - Delayed 1 second(s)

2022-06-24 09:21:06 - [MESSAGE][PASSED] - Actual text 'Alexandra FRAPPAZ' and expected text 'Alexandra FRAPPAZ' are matched 

2022-06-24 09:21:06 - [TEST_STEP][PASSED] - I.VerifyMatchText("//*[@id="var_168"]", "Anastasiia BRAZHNIKOVA PX" + "
" + "Amelia LARKINS" + "
" + "Camille DEMONCHY"): Actual text 'Anastasiia BRAZHNIKOVA PX
Amelia LARKINS
Camille DEMONCHY' and expected text 'Anastasiia BRAZHNIKOVA PX
Amelia LARKINS
Camille DEMONCHY' are matched 

2022-06-24 09:21:07 - [MESSAGE][PASSED] - Text of object 'Object Repository/1. Constant/xpath' is: 'Anastasiia BRAZHNIKOVA PX
Amelia LARKINS
Camille DEMONCHY'

2022-06-24 09:21:08 - [MESSAGE][PASSED] - Delayed 1 second(s)

2022-06-24 09:21:08 - [MESSAGE][PASSED] - Actual text 'Anastasiia BRAZHNIKOVA PX
Amelia LARKINS
Camille DEMONCHY' and expected text 'Anastasiia BRAZHNIKOVA PX
Amelia LARKINS
Camille DEMONCHY' are matched 

2022-06-24 09:21:08 - [TEST_STEP][PASSED] - I.VerifyMatchText("//*[@id="var_60"]", "Adam SVEGAARD (D2D)"): Actual text 'Adam SVEGAARD (D2D)' and expected text 'Adam SVEGAARD (D2D)' are matched 

2022-06-24 09:21:08 - [MESSAGE][PASSED] - Text of object 'Object Repository/1. Constant/xpath' is: 'Adam SVEGAARD (D2D)'

2022-06-24 09:21:09 - [MESSAGE][PASSED] - Delayed 1 second(s)

2022-06-24 09:21:09 - [MESSAGE][PASSED] - Actual text 'Adam SVEGAARD (D2D)' and expected text 'Adam SVEGAARD (D2D)' are matched 

2022-06-24 09:21:09 - [TEST_STEP][PASSED] - I.VerifyMatchText("//*[@id="var_102"]", "Amelie SERMENT"): Actual text 'Amelie SERMENT' and expected text 'Amelie SERMENT' are matched 

2022-06-24 09:21:09 - [MESSAGE][PASSED] - Text of object 'Object Repository/1. Constant/xpath' is: 'Amelie SERMENT'

2022-06-24 09:21:10 - [MESSAGE][PASSED] - Delayed 1 second(s)

2022-06-24 09:21:10 - [MESSAGE][PASSED] - Actual text 'Amelie SERMENT' and expected text 'Amelie SERMENT' are matched 

2022-06-24 09:21:10 - [TEST_STEP][PASSED] - I.VerifyMatchText("//*[@id="var_63"]", "Alexandra SAVREUX (E2E)"): Actual text 'Alexandra SAVREUX (E2E)' and expected text 'Alexandra SAVREUX (E2E)' are matched 

2022-06-24 09:21:11 - [MESSAGE][PASSED] - Text of object 'Object Repository/1. Constant/xpath' is: 'Alexandra SAVREUX (E2E)'

2022-06-24 09:21:12 - [MESSAGE][PASSED] - Delayed 1 second(s)

2022-06-24 09:21:12 - [MESSAGE][PASSED] - Actual text 'Alexandra SAVREUX (E2E)' and expected text 'Alexandra SAVREUX (E2E)' are matched 

2022-06-24 09:21:12 - [TEST_STEP][PASSED] - I.VerifyMatchText("//*[@id="var_161"]", "Ana CHAVES"): Actual text 'Ana CHAVES' and expected text 'Ana CHAVES' are matched 

2022-06-24 09:21:12 - [MESSAGE][PASSED] - Text of object 'Object Repository/1. Constant/xpath' is: 'Ana CHAVES'

2022-06-24 09:21:13 - [MESSAGE][PASSED] - Delayed 1 second(s)

2022-06-24 09:21:13 - [MESSAGE][PASSED] - Actual text 'Ana CHAVES' and expected text 'Ana CHAVES' are matched 

2022-06-24 09:21:13 - [TEST_STEP][PASSED] - I.VerifyMatchText("//*[@id="var_66"]", "No"): Actual text 'No' and expected text 'No' are matched 

2022-06-24 09:21:13 - [MESSAGE][PASSED] - Text of object 'Object Repository/1. Constant/xpath' is: 'No'

2022-06-24 09:21:14 - [MESSAGE][PASSED] - Delayed 1 second(s)

2022-06-24 09:21:14 - [MESSAGE][PASSED] - Actual text 'No' and expected text 'No' are matched 

2022-06-24 09:21:14 - [TEST_STEP][PASSED] - I.VerifyMatchText("//*[@id="var_142"]", "No"): Actual text 'No' and expected text 'No' are matched 

2022-06-24 09:21:15 - [MESSAGE][PASSED] - Text of object 'Object Repository/1. Constant/xpath' is: 'No'

2022-06-24 09:21:16 - [MESSAGE][PASSED] - Delayed 1 second(s)

2022-06-24 09:21:16 - [MESSAGE][PASSED] - Actual text 'No' and expected text 'No' are matched 

2022-06-24 09:21:16 - [TEST_STEP][PASSED] - I.VerifyMatchText("//*[@id="var_143"]", "No"): Actual text 'No' and expected text 'No' are matched 

2022-06-24 09:21:17 - [MESSAGE][PASSED] - Text of object 'Object Repository/1. Constant/xpath' is: 'No'

2022-06-24 09:21:18 - [MESSAGE][PASSED] - Delayed 1 second(s)

2022-06-24 09:21:18 - [MESSAGE][PASSED] - Actual text 'No' and expected text 'No' are matched 

2022-06-24 09:21:18 - [TEST_STEP][PASSED] - I.VerifyMatchText("//*[@id="var_119"]", "LATAM"): Actual text 'LATAM' and expected text 'LATAM' are matched 

2022-06-24 09:21:18 - [MESSAGE][PASSED] - Text of object 'Object Repository/1. Constant/xpath' is: 'LATAM'

2022-06-24 09:21:19 - [MESSAGE][PASSED] - Delayed 1 second(s)

2022-06-24 09:21:19 - [MESSAGE][PASSED] - Actual text 'LATAM' and expected text 'LATAM' are matched 

2022-06-24 09:21:19 - [TEST_STEP][PASSED] - I.VerifyMatchText("//*[@id="var_79"]", "Bag - Woven"): Actual text 'Bag - Woven' and expected text 'Bag - Woven' are matched 

2022-06-24 09:21:20 - [MESSAGE][PASSED] - Text of object 'Object Repository/1. Constant/xpath' is: 'Bag - Woven'

2022-06-24 09:21:21 - [MESSAGE][PASSED] - Delayed 1 second(s)

2022-06-24 09:21:21 - [MESSAGE][PASSED] - Actual text 'Bag - Woven' and expected text 'Bag - Woven' are matched 

2022-06-24 09:21:21 - [TEST_STEP][PASSED] - I.VerifyMatchText("//*[@id="var_78"]", "1.1kg" + "
" + "1.2kg"): Actual text '1.1kg
1.2kg' and expected text '1.1kg
1.2kg' are matched 

2022-06-24 09:21:21 - [MESSAGE][PASSED] - Text of object 'Object Repository/1. Constant/xpath' is: '1.1kg
1.2kg'

2022-06-24 09:21:22 - [MESSAGE][PASSED] - Delayed 1 second(s)

2022-06-24 09:21:22 - [MESSAGE][PASSED] - Actual text '1.1kg
1.2kg' and expected text '1.1kg
1.2kg' are matched 

2022-06-24 09:21:22 - [TEST_STEP][PASSED] - I.VerifyMatchText("//*[@id="var_61"]", "Vet"): Actual text 'Vet' and expected text 'Vet' are matched 

2022-06-24 09:21:22 - [MESSAGE][PASSED] - Text of object 'Object Repository/1. Constant/xpath' is: 'Vet'

2022-06-24 09:21:23 - [MESSAGE][PASSED] - Delayed 1 second(s)

2022-06-24 09:21:23 - [MESSAGE][PASSED] - Actual text 'Vet' and expected text 'Vet' are matched 

2022-06-24 09:21:23 - [TEST_STEP][PASSED] - I.VerifyMatchText("//*[@id="var_104"]", "Albania" + "
" + "Austria"): Actual text 'Albania
Austria' and expected text 'Albania
Austria' are matched 

2022-06-24 09:21:24 - [MESSAGE][PASSED] - Text of object 'Object Repository/1. Constant/xpath' is: 'Albania
Austria'

2022-06-24 09:21:25 - [MESSAGE][PASSED] - Delayed 1 second(s)

2022-06-24 09:21:25 - [MESSAGE][PASSED] - Actual text 'Albania
Austria' and expected text 'Albania
Austria' are matched 

2022-06-24 09:21:25 - [TEST_STEP][PASSED] - I.VerifyMatchText("//*[@id="var_84"]", "Anna KIM"): Actual text 'Anna KIM' and expected text 'Anna KIM' are matched 

2022-06-24 09:21:25 - [MESSAGE][PASSED] - Text of object 'Object Repository/1. Constant/xpath' is: 'Anna KIM'

2022-06-24 09:21:26 - [MESSAGE][PASSED] - Delayed 1 second(s)

2022-06-24 09:21:26 - [MESSAGE][PASSED] - Actual text 'Anna KIM' and expected text 'Anna KIM' are matched 

2022-06-24 09:21:26 - [TEST_STEP][PASSED] - I.VerifyMatchText("//*[@id="var_76"]", "Alexandra FRAPPAZ"): Actual text 'Alexandra FRAPPAZ' and expected text 'Alexandra FRAPPAZ' are matched 

2022-06-24 09:21:26 - [MESSAGE][PASSED] - Text of object 'Object Repository/1. Constant/xpath' is: 'Alexandra FRAPPAZ'

2022-06-24 09:21:27 - [MESSAGE][PASSED] - Delayed 1 second(s)

2022-06-24 09:21:27 - [MESSAGE][PASSED] - Actual text 'Alexandra FRAPPAZ' and expected text 'Alexandra FRAPPAZ' are matched 

2022-06-24 09:21:27 - [TEST_STEP][PASSED] - I.VerifyMatchText("//*[@id="var_56"]", "Amelie SERMENT"): Actual text 'Amelie SERMENT' and expected text 'Amelie SERMENT' are matched 

2022-06-24 09:21:27 - [MESSAGE][PASSED] - Text of object 'Object Repository/1. Constant/xpath' is: 'Amelie SERMENT'

2022-06-24 09:21:28 - [MESSAGE][PASSED] - Delayed 1 second(s)

2022-06-24 09:21:28 - [MESSAGE][PASSED] - Actual text 'Amelie SERMENT' and expected text 'Amelie SERMENT' are matched 

2022-06-24 09:21:28 - [TEST_STEP][PASSED] - I.VerifyMatchText("//*[@id="var_169"]", "Version History"): Actual text 'Version History' and expected text 'Version History' are matched 

2022-06-24 09:21:30 - [MESSAGE][PASSED] - Text of object 'Object Repository/1. Constant/xpath' is: 'Version History'

2022-06-24 09:21:31 - [MESSAGE][PASSED] - Delayed 1 second(s)

2022-06-24 09:21:31 - [MESSAGE][PASSED] - Actual text 'Version History' and expected text 'Version History' are matched 

2022-06-24 09:21:31 - [TEST_STEP][PASSED] - delay(1): Delayed 1 second(s)

2022-06-24 09:21:32 - [MESSAGE][PASSED] - Delayed 1 second(s)

2022-06-24 09:21:32 - [TEST_STEP][PASSED] - click(findTestObject("1. Constant/xpath", ["xpath":"//*[@id="kt_content"]/div[3]/div/ul/li[3]/a"])): Object: 'Object Repository/1. Constant/xpath' is clicked on

2022-06-24 09:21:35 - [MESSAGE][PASSED] - Object: 'Object Repository/1. Constant/xpath' is clicked on

2022-06-24 09:21:35 - [TEST_STEP][PASSED] - delay(1): Delayed 1 second(s)

2022-06-24 09:21:36 - [MESSAGE][PASSED] - Delayed 1 second(s)

2022-06-24 09:21:36 - [TEST_STEP][PASSED] - I.VerifyMatchText("//*[@id="tab_lifecycle"]/div/h3", "LSS Lifecycle (3)"): Actual text 'LSS Lifecycle (3)' and expected text 'LSS Lifecycle (3)' are matched 

2022-06-24 09:21:37 - [MESSAGE][PASSED] - Text of object 'Object Repository/1. Constant/xpath' is: 'LSS Lifecycle (3)'

2022-06-24 09:21:38 - [MESSAGE][PASSED] - Delayed 1 second(s)

2022-06-24 09:21:38 - [MESSAGE][PASSED] - Actual text 'LSS Lifecycle (3)' and expected text 'LSS Lifecycle (3)' are matched 

2022-06-24 09:21:38 - [TEST_STEP][PASSED] - click(findTestObject("1. Constant/xpath", ["xpath":"//*[@id="kt_content"]/div[3]/div/ul/li[1]/a"])): Object: 'Object Repository/1. Constant/xpath' is clicked on

2022-06-24 09:21:40 - [MESSAGE][PASSED] - Object: 'Object Repository/1. Constant/xpath' is clicked on

2022-06-24 09:21:40 - [TEST_STEP][PASSED] - delay(1): Delayed 1 second(s)

2022-06-24 09:21:41 - [MESSAGE][PASSED] - Delayed 1 second(s)

2022-06-24 09:21:41 - [TEST_STEP][PASSED] - click(findTestObject("1. Constant/xpath", ["xpath":"//*[@id="aff_text_content_brief"]"])): Object: 'Object Repository/1. Constant/xpath' is clicked on

2022-06-24 09:21:41 - [MESSAGE][PASSED] - Object: 'Object Repository/1. Constant/xpath' is clicked on

2022-06-24 09:21:41 - [TEST_STEP][PASSED] - delay(5): Delayed 5 second(s)

2022-06-24 09:21:46 - [MESSAGE][PASSED] - Delayed 5 second(s)

2022-06-24 09:21:46 - [TEST_STEP][PASSED] - ExpectedValue1 = "Analytical Constituents:" + "
" + "protein: %," + "
" + "fat content: %," + "
" + "crude ash: %," + "
" + "crude fibre: %," + "
" + "omega 6 fatty acids: %.": null

2022-06-24 09:21:46 - [TEST_STEP][PASSED] - ExpectedValue2 = "": null

2022-06-24 09:21:46 - [TEST_STEP][PASSED] - I.Verify_Table_getdata("//*[@id="table_body"]", 0, 8, ExpectedValue1): Actual text 'Analytical Constituents:
protein: %,
fat content: %,
crude ash: %,
crude fibre: %,
omega 6 fatty acids: %.' and expected text 'Analytical Constituents:
protein: %,
fat content: %,
crude ash: %,
crude fibre: %,
omega 6 fatty acids: %.' are matched 

2022-06-24 09:21:46 - [MESSAGE][PASSED] - Actual text 'Analytical Constituents:
protein: %,
fat content: %,
crude ash: %,
crude fibre: %,
omega 6 fatty acids: %.' and expected text 'Analytical Constituents:
protein: %,
fat content: %,
crude ash: %,
crude fibre: %,
omega 6 fatty acids: %.' are matched 

2022-06-24 09:21:46 - [TEST_STEP][PASSED] - I.Verify_Table_getdata("//*[@id="table_body"]", 0, 9, ExpectedValue2): Actual text '' and expected text '' are matched 

2022-06-24 09:21:47 - [MESSAGE][PASSED] - Actual text '' and expected text '' are matched 

2022-06-24 09:21:47 - [TEST_STEP][PASSED] - click(findTestObject("1. Constant/xpath", ["xpath":"//*[@id="kt_subheader"]/div/nav/ol/li[2]/a"])): Object: 'Object Repository/1. Constant/xpath' is clicked on

2022-06-24 09:21:49 - [MESSAGE][PASSED] - Object: 'Object Repository/1. Constant/xpath' is clicked on

2022-06-24 09:21:49 - [TEST_STEP][PASSED] - click(findTestObject("1. Constant/xpath", ["xpath":"//*[@id="fiches"]/table/tbody/tr[1]/td[9]/a"])): Object: 'Object Repository/1. Constant/xpath' is clicked on

2022-06-24 09:21:55 - [MESSAGE][PASSED] - Object: 'Object Repository/1. Constant/xpath' is clicked on

2022-06-24 09:21:55 - [TEST_STEP][PASSED] - I.select_multiplelist("//*[@id="selSource_108"]", "//*[@id="btnAdd_108"]", "2357"): Delayed 1 second(s)

2022-06-24 09:21:56 - [MESSAGE][PASSED] - Delayed 1 second(s)

2022-06-24 09:21:57 - [MESSAGE][PASSED] - All options with value '2357' are selected in object 'Object Repository/1. Constant/xpath' 

2022-06-24 09:21:59 - [MESSAGE][PASSED] - Delayed 2 second(s)

2022-06-24 09:21:59 - [MESSAGE][PASSED] - Object: 'Object Repository/1. Constant/xpath' is clicked on

2022-06-24 09:22:00 - [MESSAGE][PASSED] - Delayed 1 second(s)

2022-06-24 09:22:00 - [TEST_STEP][PASSED] - click(findTestObject("1. Constant/xpath", ["xpath":"//*[@id="ModifFiche"]/div[1]/div/button[2]/i"])): Object: 'Object Repository/1. Constant/xpath' is clicked on

2022-06-24 09:22:09 - [MESSAGE][PASSED] - Object: 'Object Repository/1. Constant/xpath' is clicked on

2022-06-24 09:22:09 - [TEST_STEP][PASSED] - takeScreenshot(): Taking screenshot successfully

2022-06-24 09:22:09 - [MESSAGE][PASSED] - Taking screenshot successfully
[[ATTACHMENT|D:\\Projet Test Auto\\Mediabox Test Automation\\Reports\\20220624_091700\\03. Parallel Testing (Testing)\\TS -PT PART 3\\15.03 NPP Duplication Shortcut (TR) - Part 2\\20220624_091702\\1656055329072.png]]

2022-06-24 09:22:09 - [TEST_STEP][PASSED] - I.Logout_xpath("//*[@id="kt_header"]/div/div[2]/div[2]/div[1]/div/span/img", "//*[@id="kt_header"]/div/div[2]/div[2]/div[2]/a[2]"): Wait for page load successfully

2022-06-24 09:22:10 - [MESSAGE][PASSED] - Object: 'Object Repository/1. Constant/xpath' is clicked on

2022-06-24 09:22:11 - [MESSAGE][PASSED] - Delayed 1 second(s)

2022-06-24 09:22:16 - [MESSAGE][PASSED] - Object: 'Object Repository/1. Constant/xpath' is clicked on

2022-06-24 09:22:17 - [MESSAGE][PASSED] - Delayed 1 second(s)

2022-06-24 09:22:18 - [MESSAGE][PASSED] - Wait for page load successfully

2022-06-24 09:22:18 - [TEST_STEP][PASSED] - I.Login_password("ncur", password_ncur): Object: 'Object Repository/1. Constant/xpath' is clicked on

2022-06-24 09:22:18 - [MESSAGE][PASSED] - Text 'ncur' is set on object 'Object Repository/1. Constant/xpath'

2022-06-24 09:22:19 - [MESSAGE][PASSED] - Delayed 1 second(s)

2022-06-24 09:22:20 - [MESSAGE][PASSED] - Text 'dchi' is set on object 'Object Repository/1. Constant/xpath'

2022-06-24 09:22:21 - [MESSAGE][PASSED] - Delayed 1 second(s)

2022-06-24 09:22:26 - [MESSAGE][PASSED] - Object: 'Object Repository/1. Constant/xpath' is clicked on

2022-06-24 09:22:26 - [TEST_STEP][PASSED] - takeScreenshot(): Taking screenshot successfully

2022-06-24 09:22:27 - [MESSAGE][PASSED] - Taking screenshot successfully
[[ATTACHMENT|D:\\Projet Test Auto\\Mediabox Test Automation\\Reports\\20220624_091700\\03. Parallel Testing (Testing)\\TS -PT PART 3\\15.03 NPP Duplication Shortcut (TR) - Part 2\\20220624_091702\\1656055346790.png]]

2022-06-24 09:22:27 - [TEST_STEP][PASSED] - click(findTestObject("1. Constant/02_LHSMenu_Projects")): Object: 'Object Repository/1. Constant/02_LHSMenu_Projects' is clicked on

2022-06-24 09:22:43 - [MESSAGE][PASSED] - Object: 'Object Repository/1. Constant/02_LHSMenu_Projects' is clicked on

2022-06-24 09:22:43 - [TEST_STEP][PASSED] - I.SearchProjectNo_xpath(Project_No4, "//*[@id="keynum_project"]", "//*[@id="form_filters"]/div[9]/button"): Delayed 5 second(s)

2022-06-24 09:22:44 - [MESSAGE][PASSED] - Delayed 1 second(s)

2022-06-24 09:22:46 - [MESSAGE][PASSED] - Text 'MI001084' is set on object 'Object Repository/1. Constant/xpath'

2022-06-24 09:22:49 - [MESSAGE][PASSED] - Delayed 3 second(s)

2022-06-24 09:22:49 - [MESSAGE][PASSED] - Scroll to object 'Object Repository/1. Constant/xpath' successfully

2022-06-24 09:22:54 - [MESSAGE][PASSED] - Object: 'Object Repository/1. Constant/xpath' is clicked on

2022-06-24 09:22:59 - [MESSAGE][PASSED] - Delayed 5 second(s)

2022-06-24 09:22:59 - [TEST_STEP][PASSED] - delay(1): Delayed 1 second(s)

2022-06-24 09:23:00 - [MESSAGE][PASSED] - Delayed 1 second(s)

2022-06-24 09:23:00 - [TEST_STEP][PASSED] - click(findTestObject("1. Constant/xpath", ["xpath":"//*[@id="fiches"]/table/tbody/tr[1]/td[10]/a[2]"])): Object: 'Object Repository/1. Constant/xpath' is clicked on

2022-06-24 09:23:05 - [MESSAGE][PASSED] - Object: 'Object Repository/1. Constant/xpath' is clicked on

2022-06-24 09:23:05 - [TEST_STEP][PASSED] - delay(1): Delayed 1 second(s)

2022-06-24 09:23:06 - [MESSAGE][PASSED] - Delayed 1 second(s)

2022-06-24 09:23:06 - [TEST_STEP][PASSED] - click(findTestObject("1. Constant/xpath", ["xpath":"//*[@id="ModifFiche"]/div[1]/div/button[2]"])): Object: 'Object Repository/1. Constant/xpath' is clicked on

2022-06-24 09:23:14 - [MESSAGE][PASSED] - Object: 'Object Repository/1. Constant/xpath' is clicked on

2022-06-24 09:23:14 - [TEST_STEP][PASSED] - delay(1): Delayed 1 second(s)

2022-06-24 09:23:15 - [MESSAGE][PASSED] - Delayed 1 second(s)

2022-06-24 09:23:15 - [TEST_STEP][PASSED] - click(findTestObject("1. Constant/xpath", ["xpath":"/html/body/div[1]/div[2]/div[4]/div[3]/div/div[2]/div[2]/table/tbody/tr/td[10]/div[2]/button"])): Object: 'Object Repository/1. Constant/xpath' is clicked on

2022-06-24 09:23:16 - [MESSAGE][PASSED] - Object: 'Object Repository/1. Constant/xpath' is clicked on

2022-06-24 09:23:16 - [TEST_STEP][PASSED] - delay(1): Delayed 1 second(s)

2022-06-24 09:23:17 - [MESSAGE][PASSED] - Delayed 1 second(s)

2022-06-24 09:23:17 - [TEST_STEP][PASSED] - click(findTestObject("1. Constant/xpath", ["xpath":"//*[@id="fiches"]/table/tbody/tr/td[10]/div[2]/div/a[1]"])): Object: 'Object Repository/1. Constant/xpath' is clicked on

2022-06-24 09:23:20 - [MESSAGE][PASSED] - Object: 'Object Repository/1. Constant/xpath' is clicked on

2022-06-24 09:23:20 - [TEST_STEP][PASSED] - takeScreenshot(): Taking screenshot successfully

2022-06-24 09:23:21 - [MESSAGE][PASSED] - Taking screenshot successfully
[[ATTACHMENT|D:\\Projet Test Auto\\Mediabox Test Automation\\Reports\\20220624_091700\\03. Parallel Testing (Testing)\\TS -PT PART 3\\15.03 NPP Duplication Shortcut (TR) - Part 2\\20220624_091702\\1656055401082.png]]

2022-06-24 09:23:21 - [TEST_STEP][PASSED] - click(findTestObject("1. Constant/xpath", ["xpath":"//*[@id="ModifFiche"]/div[1]/div/div/button"])): Object: 'Object Repository/1. Constant/xpath' is clicked on

2022-06-24 09:23:21 - [MESSAGE][PASSED] - Object: 'Object Repository/1. Constant/xpath' is clicked on

2022-06-24 09:23:21 - [TEST_STEP][PASSED] - delay(1): Delayed 1 second(s)

2022-06-24 09:23:22 - [MESSAGE][PASSED] - Delayed 1 second(s)

2022-06-24 09:23:22 - [TEST_STEP][PASSED] - click(findTestObject("1. Constant/xpath", ["xpath":"//*[@id="ModifFiche"]/div[1]/div/div/div/a[1]"])): Object: 'Object Repository/1. Constant/xpath' is clicked on

2022-06-24 09:23:30 - [MESSAGE][PASSED] - Object: 'Object Repository/1. Constant/xpath' is clicked on

2022-06-24 09:23:30 - [TEST_STEP][PASSED] - delay(2): Delayed 2 second(s)

2022-06-24 09:23:32 - [MESSAGE][PASSED] - Delayed 2 second(s)

2022-06-24 09:23:32 - [TEST_STEP][PASSED] - click(findTestObject("1. Constant/xpath", ["xpath":"//*[@id="fiches"]/table/tbody/tr[1]/td[10]/div[2]/button"])): Object: 'Object Repository/1. Constant/xpath' is clicked on

2022-06-24 09:23:32 - [MESSAGE][PASSED] - Object: 'Object Repository/1. Constant/xpath' is clicked on

2022-06-24 09:23:32 - [TEST_STEP][PASSED] - delay(1): Delayed 1 second(s)

2022-06-24 09:23:33 - [MESSAGE][PASSED] - Delayed 1 second(s)

2022-06-24 09:23:33 - [TEST_STEP][PASSED] - click(findTestObject("1. Constant/xpath", ["xpath":"//*[@id="fiches"]/table/tbody/tr[1]/td[10]/div[2]/div/a[1]"])): Object: 'Object Repository/1. Constant/xpath' is clicked on

2022-06-24 09:23:36 - [MESSAGE][PASSED] - Object: 'Object Repository/1. Constant/xpath' is clicked on

2022-06-24 09:23:36 - [TEST_STEP][PASSED] - takeScreenshot(): Taking screenshot successfully

2022-06-24 09:23:36 - [MESSAGE][PASSED] - Taking screenshot successfully
[[ATTACHMENT|D:\\Projet Test Auto\\Mediabox Test Automation\\Reports\\20220624_091700\\03. Parallel Testing (Testing)\\TS -PT PART 3\\15.03 NPP Duplication Shortcut (TR) - Part 2\\20220624_091702\\1656055416450.png]]

2022-06-24 09:23:36 - [TEST_STEP][PASSED] - click(findTestObject("1. Constant/xpath", ["xpath":"//*[@id="ModifFiche"]/div[1]/div/div/button"])): Object: 'Object Repository/1. Constant/xpath' is clicked on

2022-06-24 09:23:37 - [MESSAGE][PASSED] - Object: 'Object Repository/1. Constant/xpath' is clicked on

2022-06-24 09:23:37 - [TEST_STEP][PASSED] - delay(1): Delayed 1 second(s)

2022-06-24 09:23:38 - [MESSAGE][PASSED] - Delayed 1 second(s)

2022-06-24 09:23:39 - [TEST_STEP][PASSED] - click(findTestObject("1. Constant/xpath", ["xpath":"//*[@id="ModifFiche"]/div[1]/div/div/div/a[1]"])): Object: 'Object Repository/1. Constant/xpath' is clicked on

2022-06-24 09:23:46 - [MESSAGE][PASSED] - Object: 'Object Repository/1. Constant/xpath' is clicked on

2022-06-24 09:23:46 - [TEST_STEP][PASSED] - delay(2): Delayed 2 second(s)

2022-06-24 09:23:48 - [MESSAGE][PASSED] - Delayed 2 second(s)

2022-06-24 09:23:48 - [TEST_STEP][PASSED] - click(findTestObject("1. Constant/xpath", ["xpath":"//*[@id="fiches"]/table/tbody/tr[1]/td[10]/div[2]/button"])): Object: 'Object Repository/1. Constant/xpath' is clicked on

2022-06-24 09:23:48 - [MESSAGE][PASSED] - Object: 'Object Repository/1. Constant/xpath' is clicked on

2022-06-24 09:23:48 - [TEST_STEP][PASSED] - delay(1): Delayed 1 second(s)

2022-06-24 09:23:49 - [MESSAGE][PASSED] - Delayed 1 second(s)

2022-06-24 09:23:49 - [TEST_STEP][PASSED] - click(findTestObject("1. Constant/xpath", ["xpath":"//*[@id="fiches"]/table/tbody/tr[1]/td[10]/div[2]/div/a[1]"])): Object: 'Object Repository/1. Constant/xpath' is clicked on

2022-06-24 09:23:52 - [MESSAGE][PASSED] - Object: 'Object Repository/1. Constant/xpath' is clicked on

2022-06-24 09:23:52 - [TEST_STEP][PASSED] - takeScreenshot(): Taking screenshot successfully

2022-06-24 09:23:52 - [MESSAGE][PASSED] - Taking screenshot successfully
[[ATTACHMENT|D:\\Projet Test Auto\\Mediabox Test Automation\\Reports\\20220624_091700\\03. Parallel Testing (Testing)\\TS -PT PART 3\\15.03 NPP Duplication Shortcut (TR) - Part 2\\20220624_091702\\1656055432524.png]]

2022-06-24 09:23:52 - [TEST_STEP][PASSED] - delay(1): Delayed 1 second(s)

2022-06-24 09:23:53 - [MESSAGE][PASSED] - Delayed 1 second(s)

2022-06-24 09:23:53 - [TEST_STEP][PASSED] - click(findTestObject("1. Constant/xpath", ["xpath":"//*[@id="ModifFiche"]/div[1]/div/div/button"])): Object: 'Object Repository/1. Constant/xpath' is clicked on

2022-06-24 09:23:54 - [MESSAGE][PASSED] - Object: 'Object Repository/1. Constant/xpath' is clicked on

2022-06-24 09:23:54 - [TEST_STEP][PASSED] - delay(1): Delayed 1 second(s)

2022-06-24 09:23:55 - [MESSAGE][PASSED] - Delayed 1 second(s)

2022-06-24 09:23:55 - [TEST_STEP][PASSED] - click(findTestObject("1. Constant/xpath", ["xpath":"//*[@id="ModifFiche"]/div[1]/div/div/div/a[1]"])): Object: 'Object Repository/1. Constant/xpath' is clicked on

2022-06-24 09:24:06 - [MESSAGE][PASSED] - Object: 'Object Repository/1. Constant/xpath' is clicked on

2022-06-24 09:24:06 - [TEST_STEP][PASSED] - delay(2): Delayed 2 second(s)

2022-06-24 09:24:08 - [MESSAGE][PASSED] - Delayed 2 second(s)

2022-06-24 09:24:08 - [TEST_STEP][PASSED] - click(findTestObject("1. Constant/xpath", ["xpath":"//*[@id="fiches"]/table/tbody/tr[1]/td[10]/div[2]"])): Object: 'Object Repository/1. Constant/xpath' is clicked on

2022-06-24 09:24:10 - [MESSAGE][PASSED] - Object: 'Object Repository/1. Constant/xpath' is clicked on

2022-06-24 09:24:10 - [TEST_STEP][PASSED] - delay(1): Delayed 1 second(s)

2022-06-24 09:24:11 - [MESSAGE][PASSED] - Delayed 1 second(s)

2022-06-24 09:24:11 - [TEST_STEP][PASSED] - click(findTestObject("1. Constant/xpath", ["xpath":"//*[@id="fiches"]/table/tbody/tr[1]/td[10]/div[2]/div/a[1]"])): Object: 'Object Repository/1. Constant/xpath' is clicked on

2022-06-24 09:24:13 - [MESSAGE][PASSED] - Object: 'Object Repository/1. Constant/xpath' is clicked on

2022-06-24 09:24:13 - [TEST_STEP][PASSED] - takeScreenshot(): Taking screenshot successfully

2022-06-24 09:24:13 - [MESSAGE][PASSED] - Taking screenshot successfully
[[ATTACHMENT|D:\\Projet Test Auto\\Mediabox Test Automation\\Reports\\20220624_091700\\03. Parallel Testing (Testing)\\TS -PT PART 3\\15.03 NPP Duplication Shortcut (TR) - Part 2\\20220624_091702\\1656055453343.png]]

2022-06-24 09:24:13 - [TEST_STEP][PASSED] - delay(1): Delayed 1 second(s)

2022-06-24 09:24:14 - [MESSAGE][PASSED] - Delayed 1 second(s)

2022-06-24 09:24:14 - [TEST_STEP][PASSED] - click(findTestObject("1. Constant/xpath", ["xpath":"//*[@id="ModifFiche"]/div[1]/div/div/button"])): Object: 'Object Repository/1. Constant/xpath' is clicked on

2022-06-24 09:24:15 - [MESSAGE][PASSED] - Object: 'Object Repository/1. Constant/xpath' is clicked on

2022-06-24 09:24:15 - [TEST_STEP][PASSED] - delay(1): Delayed 1 second(s)

2022-06-24 09:24:16 - [MESSAGE][PASSED] - Delayed 1 second(s)

2022-06-24 09:24:16 - [TEST_STEP][PASSED] - click(findTestObject("1. Constant/xpath", ["xpath":"//*[@id="ModifFiche"]/div[1]/div/div/div/a[1]"])): Object: 'Object Repository/1. Constant/xpath' is clicked on

2022-06-24 09:24:27 - [MESSAGE][PASSED] - Object: 'Object Repository/1. Constant/xpath' is clicked on

2022-06-24 09:24:27 - [TEST_STEP][PASSED] - delay(2): Delayed 2 second(s)

2022-06-24 09:24:29 - [MESSAGE][PASSED] - Delayed 2 second(s)

2022-06-24 09:24:29 - [TEST_STEP][PASSED] - click(findTestObject("1. Constant/xpath", ["xpath":"//*[@id="fiches"]/table/tbody/tr[1]/td[10]/a[2]"])): Object: 'Object Repository/1. Constant/xpath' is clicked on

2022-06-24 09:24:33 - [MESSAGE][PASSED] - Object: 'Object Repository/1. Constant/xpath' is clicked on

2022-06-24 09:24:33 - [TEST_STEP][PASSED] - delay(1): Delayed 1 second(s)

2022-06-24 09:24:34 - [MESSAGE][PASSED] - Delayed 1 second(s)

2022-06-24 09:24:34 - [TEST_STEP][PASSED] - click(findTestObject("1. Constant/xpath", ["xpath":"//*[@id="ModifFiche"]/div[1]/div/button[2]"])): Object: 'Object Repository/1. Constant/xpath' is clicked on

2022-06-24 09:24:43 - [MESSAGE][PASSED] - Object: 'Object Repository/1. Constant/xpath' is clicked on

2022-06-24 09:24:43 - [TEST_STEP][PASSED] - I.status_lifecycle(findTestObject("1. Constant/xpath", ["xpath":"/html/body/div[1]/div[2]/div[4]/div[3]/div/div[2]/div[2]/table/tbody/tr[2]/td[7]/span[2]"]), "MKT Translation"): Status contain MKT Translation.

2022-06-24 09:24:44 - [MESSAGE][PASSED] - Text of object 'Object Repository/1. Constant/xpath' is: 'MKT Translation'

2022-06-24 09:24:44 - [MESSAGE][PASSED] - Status contain MKT Translation.

2022-06-24 09:24:44 - [TEST_STEP][PASSED] - click(findTestObject("1. Constant/xpath", ["xpath":"/html/body/div[1]/div[2]/div[4]/div[3]/div/div[2]/div[2]/table/tbody/tr[2]/td[5]/a"])): Object: 'Object Repository/1. Constant/xpath' is clicked on

2022-06-24 09:24:47 - [MESSAGE][PASSED] - Object: 'Object Repository/1. Constant/xpath' is clicked on

2022-06-24 09:24:47 - [TEST_STEP][PASSED] - delay(1): Delayed 1 second(s)

2022-06-24 09:24:48 - [MESSAGE][PASSED] - Delayed 1 second(s)

2022-06-24 09:24:48 - [TEST_STEP][PASSED] - click(findTestObject("1. Constant/xpath", ["xpath":"//*[@id="aff_text_content_brief"]"])): Object: 'Object Repository/1. Constant/xpath' is clicked on

2022-06-24 09:24:49 - [MESSAGE][PASSED] - Object: 'Object Repository/1. Constant/xpath' is clicked on

2022-06-24 09:24:49 - [TEST_STEP][PASSED] - delay(1): Delayed 1 second(s)

2022-06-24 09:24:50 - [MESSAGE][PASSED] - Delayed 1 second(s)

2022-06-24 09:24:50 - [TEST_STEP][PASSED] - ExpectedValue3 = "Analytical Constituents:" + "
" + "protein: %," + "
" + "fat content: %," + "
" + "crude ash: %," + "
" + "crude fibre: %," + "
" + "omega 6 fatty acids: %.": null

2022-06-24 09:24:50 - [TEST_STEP][PASSED] - ExpectedValue4 = "": null

2022-06-24 09:24:50 - [TEST_STEP][PASSED] - I.Verify_Table_getdata("//*[@id="table_body"]", 0, 15, ExpectedValue3): Actual text 'Analytical Constituents:
protein: %,
fat content: %,
crude ash: %,
crude fibre: %,
omega 6 fatty acids: %.' and expected text 'Analytical Constituents:
protein: %,
fat content: %,
crude ash: %,
crude fibre: %,
omega 6 fatty acids: %.' are matched 

2022-06-24 09:24:52 - [MESSAGE][PASSED] - Actual text 'Analytical Constituents:
protein: %,
fat content: %,
crude ash: %,
crude fibre: %,
omega 6 fatty acids: %.' and expected text 'Analytical Constituents:
protein: %,
fat content: %,
crude ash: %,
crude fibre: %,
omega 6 fatty acids: %.' are matched 

2022-06-24 09:24:52 - [TEST_STEP][PASSED] - I.Verify_Table_getdata("//*[@id="table_body"]", 0, 16, ExpectedValue4): Actual text '' and expected text '' are matched 

2022-06-24 09:24:52 - [MESSAGE][PASSED] - Actual text '' and expected text '' are matched 

2022-06-24 09:24:52 - [TEST_STEP][PASSED] - click(findTestObject("1. Constant/xpath", ["xpath":"//*[@id="kt_subheader"]/div/nav/ol/li[2]/a"])): Object: 'Object Repository/1. Constant/xpath' is clicked on

2022-06-24 09:24:56 - [MESSAGE][PASSED] - Object: 'Object Repository/1. Constant/xpath' is clicked on

2022-06-24 09:24:56 - [TEST_STEP][PASSED] - takeScreenshot(): Taking screenshot successfully

2022-06-24 09:24:57 - [MESSAGE][PASSED] - Taking screenshot successfully
[[ATTACHMENT|D:\\Projet Test Auto\\Mediabox Test Automation\\Reports\\20220624_091700\\03. Parallel Testing (Testing)\\TS -PT PART 3\\15.03 NPP Duplication Shortcut (TR) - Part 2\\20220624_091702\\1656055496894.png]]

2022-06-24 09:24:57 - [TEST_STEP][PASSED] - delay(1): Delayed 1 second(s)

2022-06-24 09:24:58 - [MESSAGE][PASSED] - Delayed 1 second(s)

2022-06-24 09:24:58 - [TEST_STEP][PASSED] - click(findTestObject("1. Constant/xpath", ["xpath":"/html/body/div[1]/div[2]/div[4]/div[3]/div/div[2]/div[2]/table/tbody/tr[2]/td[10]/a[2]"])): Object: 'Object Repository/1. Constant/xpath' is clicked on

2022-06-24 09:25:02 - [MESSAGE][PASSED] - Object: 'Object Repository/1. Constant/xpath' is clicked on

2022-06-24 09:25:02 - [TEST_STEP][PASSED] - delay(1): Delayed 1 second(s)

2022-06-24 09:25:03 - [MESSAGE][PASSED] - Delayed 1 second(s)

2022-06-24 09:25:03 - [TEST_STEP][PASSED] - click(findTestObject("1. Constant/xpath", ["xpath":"//*[@id="kt_content"]/div[3]/div/div[2]/div[1]/div[1]/div[2]/a"])): Object: 'Object Repository/1. Constant/xpath' is clicked on

2022-06-24 09:25:04 - [MESSAGE][PASSED] - Object: 'Object Repository/1. Constant/xpath' is clicked on

2022-06-24 09:25:04 - [TEST_STEP][PASSED] - delay(1): Delayed 1 second(s)

2022-06-24 09:25:05 - [MESSAGE][PASSED] - Delayed 1 second(s)

2022-06-24 09:25:05 - [TEST_STEP][PASSED] - click(findTestObject("1. Constant/xpath", ["xpath":"//*[@id="kt_body"]/div[9]/div/div/div[2]/button[2]"])): Object: 'Object Repository/1. Constant/xpath' is clicked on

2022-06-24 09:25:13 - [MESSAGE][PASSED] - Object: 'Object Repository/1. Constant/xpath' is clicked on

2022-06-24 09:25:13 - [TEST_STEP][PASSED] - takeScreenshot(): Taking screenshot successfully

2022-06-24 09:25:13 - [MESSAGE][PASSED] - Taking screenshot successfully
[[ATTACHMENT|D:\\Projet Test Auto\\Mediabox Test Automation\\Reports\\20220624_091700\\03. Parallel Testing (Testing)\\TS -PT PART 3\\15.03 NPP Duplication Shortcut (TR) - Part 2\\20220624_091702\\1656055513233.png]]

2022-06-24 09:25:13 - [TEST_STEP][PASSED] - I.status_lifecycle(findTestObject("1. Constant/xpath", ["xpath":"/html/body/div[1]/div[2]/div[4]/div[3]/div/div[2]/div[2]/table/tbody/tr[2]/td[7]/span[2]"]), "RSA Translation"): Status contain RSA Translation.

2022-06-24 09:25:14 - [MESSAGE][PASSED] - Text of object 'Object Repository/1. Constant/xpath' is: 'RSA Translation'

2022-06-24 09:25:14 - [MESSAGE][PASSED] - Status contain RSA Translation.

2022-06-24 09:25:14 - [TEST_STEP][PASSED] - delay(1): Delayed 1 second(s)

2022-06-24 09:25:15 - [MESSAGE][PASSED] - Delayed 1 second(s)

2022-06-24 09:25:15 - [TEST_STEP][PASSED] - click(findTestObject("1. Constant/xpath", ["xpath":"/html/body/div[1]/div[2]/div[4]/div[3]/div/div[2]/div[2]/table/tbody/tr[2]/td[10]/a[3]"])): Object: 'Object Repository/1. Constant/xpath' is clicked on

2022-06-24 09:25:24 - [MESSAGE][PASSED] - Object: 'Object Repository/1. Constant/xpath' is clicked on

2022-06-24 09:25:24 - [TEST_STEP][PASSED] - takeScreenshot(): Taking screenshot successfully

2022-06-24 09:25:25 - [MESSAGE][PASSED] - Taking screenshot successfully
[[ATTACHMENT|D:\\Projet Test Auto\\Mediabox Test Automation\\Reports\\20220624_091700\\03. Parallel Testing (Testing)\\TS -PT PART 3\\15.03 NPP Duplication Shortcut (TR) - Part 2\\20220624_091702\\1656055524805.png]]

2022-06-24 09:25:25 - [TEST_STEP][PASSED] - delay(3): Delayed 3 second(s)

2022-06-24 09:25:28 - [MESSAGE][PASSED] - Delayed 3 second(s)

2022-06-24 09:25:28 - [TEST_STEP][PASSED] - I.status_lifecycle(findTestObject("1. Constant/xpath", ["xpath":"/html/body/div[1]/div[2]/div[4]/div[3]/div/div[2]/div[2]/table/tbody/tr[2]/td[7]/span"]), "Complete"): Status contain Complete.

2022-06-24 09:25:28 - [MESSAGE][PASSED] - Text of object 'Object Repository/1. Constant/xpath' is: 'Complete'

2022-06-24 09:25:28 - [MESSAGE][PASSED] - Status contain Complete.

2022-06-24 09:25:28 - [TEST_STEP][PASSED] - I.status_lifecycle(findTestObject("1. Constant/xpath", ["xpath":"//*[@id="fiches"]/table/tbody/tr[1]/td[7]/span[2]"]), "Local Translation Validation"): Status contain Local Translation Validation.

2022-06-24 09:25:29 - [MESSAGE][PASSED] - Text of object 'Object Repository/1. Constant/xpath' is: 'Local Translation Validation'

2022-06-24 09:25:29 - [MESSAGE][PASSED] - Status contain Local Translation Validation.

2022-06-24 09:25:29 - [TEST_STEP][PASSED] - I.writenotepad("D:\Upoad_File\Projet_ Login\NPP\16.08\20.09_NPP_ProjectNo.txt", Project_No4): null

2022-06-24 09:25:29 - [TEST_STEP][PASSED] - closeBrowser(): Browser is closed

2022-06-24 09:25:30 - [MESSAGE][PASSED] - Browser is closed

2022-06-24 09:25:30 - [TEST_STEP][PASSED] - Start listener action : sampleAfterTestCase: null]]></system-out>
         <system-err><![CDATA[]]></system-err>
      </testcase>
      <testcase name="Test Cases/20. Sephora_NPP Duplication Standard_ Duplication Shortcut/20.10 NPP Duplication Shortcut_In New Project_Content Template -Used 16.08 P6" time="324.122" classname="Test Cases/20. Sephora_NPP Duplication Standard_ Duplication Shortcut/20.10 NPP Duplication Shortcut_In New Project_Content Template -Used 16.08 P6" status="PASSED">
         <system-out><![CDATA[2022-06-24 09:25:30 - [TEST_CASE][PASSED] - Test Cases/20. Sephora_NPP Duplication Standard_ Duplication Shortcut/20.10 NPP Duplication Shortcut_In New Project_Content Template -Used 16.08 P6: Test Cases/20. Sephora_NPP Duplication Standard_ Duplication Shortcut/20.10 NPP Duplication Shortcut_In New Project_Content Template -Used 16.08 P6

2022-06-24 09:25:31 - [TEST_STEP][PASSED] - data_Npp = findTestData("Data Files/Username_Password/Npp"): null

2022-06-24 09:25:31 - [TEST_STEP][PASSED] - password_ncur = data_Npp.getValue(2, 1): null

2022-06-24 09:25:31 - [TEST_STEP][PASSED] - password_akim = data_Npp.getValue(2, 2): null

2022-06-24 09:25:31 - [TEST_STEP][PASSED] - password_sschunke = data_Npp.getValue(2, 3): null

2022-06-24 09:25:31 - [TEST_STEP][PASSED] - password_abrazhnikovapx = data_Npp.getValue(2, 4): null

2022-06-24 09:25:31 - [TEST_STEP][PASSED] - password_afrappaz = data_Npp.getValue(2, 5): null

2022-06-24 09:25:31 - [TEST_STEP][PASSED] - password_alarkins = data_Npp.getValue(2, 6): null

2022-06-24 09:25:31 - [TEST_STEP][PASSED] - password_cdemonchy = data_Npp.getValue(2, 7): null

2022-06-24 09:25:31 - [TEST_STEP][PASSED] - data_urlRELAUTO = findTestData("Data Files/URL/URL_relauto"): null

2022-06-24 09:25:31 - [TEST_STEP][PASSED] - Url_Npp = data_urlRELAUTO.getValue(2, 5): null

2022-06-24 09:25:31 - [TEST_STEP][PASSED] - I.clearnotepad("D:\Upoad_File\Projet_ Login\NPP\16.08\20.10_NPP_ProjectNo.txt"): null

2022-06-24 09:25:31 - [TEST_STEP][PASSED] - Project_No = I.readnotepad("D:\Upoad_File\Projet_ Login\NPP\16.08\16.08_NPP_ProjectNo.txt"): null

2022-06-24 09:25:31 - [TEST_STEP][PASSED] - refID = I.readnotepad("D:\Upoad_File\Projet_ Login\NPP\16.08\16.08_NPP_refID.txt"): null

2022-06-24 09:25:31 - [TEST_STEP][PASSED] - openBrowser(Url_Npp): Browser is opened with url: ' http://mdb-release.diadeis.lan/MediaboxIndependence/?MBI_datasource=RELTESTAUTO_NPP'

2022-06-24 09:25:31 - [MESSAGE][INFO] - Starting 'Chrome (headless)' driver

2022-06-24 09:25:31 - [MESSAGE][INFO] - User set preference: ['args', '[--window-size=1920,1080, --headless]']

2022-06-24 09:25:31 - [MESSAGE][INFO] - Action delay is set to 0 milliseconds

2022-06-24 09:25:45 - [MESSAGE][PASSED] - Browser is opened with url: ' http://mdb-release.diadeis.lan/MediaboxIndependence/?MBI_datasource=RELTESTAUTO_NPP'

2022-06-24 09:25:45 - [TEST_STEP][PASSED] - maximizeWindow(): Current window maximized

2022-06-24 09:25:45 - [MESSAGE][PASSED] - Current window maximized

2022-06-24 09:25:45 - [TEST_STEP][PASSED] - takeScreenshot(): Taking screenshot successfully

2022-06-24 09:25:46 - [MESSAGE][PASSED] - Taking screenshot successfully
[[ATTACHMENT|D:\\Projet Test Auto\\Mediabox Test Automation\\Reports\\20220624_091700\\03. Parallel Testing (Testing)\\TS -PT PART 3\\15.03 NPP Duplication Shortcut (TR) - Part 2\\20220624_091702\\1656055546082.png]]

2022-06-24 09:25:46 - [TEST_STEP][PASSED] - I.Login_password("akim", password_akim): Object: 'Object Repository/1. Constant/xpath' is clicked on

2022-06-24 09:25:46 - [MESSAGE][PASSED] - Text 'akim' is set on object 'Object Repository/1. Constant/xpath'

2022-06-24 09:25:47 - [MESSAGE][PASSED] - Delayed 1 second(s)

2022-06-24 09:25:47 - [MESSAGE][PASSED] - Text 'dchi' is set on object 'Object Repository/1. Constant/xpath'

2022-06-24 09:25:48 - [MESSAGE][PASSED] - Delayed 1 second(s)

2022-06-24 09:25:59 - [MESSAGE][PASSED] - Object: 'Object Repository/1. Constant/xpath' is clicked on

2022-06-24 09:25:59 - [TEST_STEP][PASSED] - takeScreenshot(): Taking screenshot successfully

2022-06-24 09:26:00 - [MESSAGE][PASSED] - Taking screenshot successfully
[[ATTACHMENT|D:\\Projet Test Auto\\Mediabox Test Automation\\Reports\\20220624_091700\\03. Parallel Testing (Testing)\\TS -PT PART 3\\15.03 NPP Duplication Shortcut (TR) - Part 2\\20220624_091702\\1656055559639.png]]

2022-06-24 09:26:00 - [TEST_STEP][PASSED] - click(findTestObject("1. Constant/02_LHSMenu_Projects")): Object: 'Object Repository/1. Constant/02_LHSMenu_Projects' is clicked on

2022-06-24 09:26:08 - [MESSAGE][PASSED] - Object: 'Object Repository/1. Constant/02_LHSMenu_Projects' is clicked on

2022-06-24 09:26:08 - [TEST_STEP][PASSED] - I.SearchProjectNo_xpath(Project_No, "//*[@id="keynum_project"]", "//*[@id="form_filters"]/div[20]/button"): Delayed 5 second(s)

2022-06-24 09:26:09 - [MESSAGE][PASSED] - Delayed 1 second(s)

2022-06-24 09:26:10 - [MESSAGE][PASSED] - Text 'MI001081' is set on object 'Object Repository/1. Constant/xpath'

2022-06-24 09:26:13 - [MESSAGE][PASSED] - Delayed 3 second(s)

2022-06-24 09:26:13 - [MESSAGE][PASSED] - Scroll to object 'Object Repository/1. Constant/xpath' successfully

2022-06-24 09:26:17 - [MESSAGE][PASSED] - Object: 'Object Repository/1. Constant/xpath' is clicked on

2022-06-24 09:26:22 - [MESSAGE][PASSED] - Delayed 5 second(s)

2022-06-24 09:26:22 - [TEST_STEP][PASSED] - delay(1): Delayed 1 second(s)

2022-06-24 09:26:23 - [MESSAGE][PASSED] - Delayed 1 second(s)

2022-06-24 09:26:23 - [TEST_STEP][PASSED] - click(findTestObject("1. Constant/xpath", ["xpath":"//*[@id="kt_content"]/div[3]/div/div[2]/div[1]/div[2]/span/div/button"])): Object: 'Object Repository/1. Constant/xpath' is clicked on

2022-06-24 09:26:23 - [MESSAGE][PASSED] - Object: 'Object Repository/1. Constant/xpath' is clicked on

2022-06-24 09:26:23 - [TEST_STEP][PASSED] - delay(1): Delayed 1 second(s)

2022-06-24 09:26:24 - [MESSAGE][PASSED] - Delayed 1 second(s)

2022-06-24 09:26:24 - [TEST_STEP][PASSED] - click(findTestObject("1. Constant/xpath", ["xpath":"/html/body/div[1]/div[2]/div[4]/div[3]/div/div[2]/div[1]/div[2]/span/div/div/a[2]"])): Object: 'Object Repository/1. Constant/xpath' is clicked on

2022-06-24 09:26:26 - [MESSAGE][PASSED] - Object: 'Object Repository/1. Constant/xpath' is clicked on

2022-06-24 09:26:26 - [TEST_STEP][PASSED] - click(findTestObject("1. Constant/xpath", ["xpath":"//*[@id="fiches"]/table/tbody/tr[1]/td[1]/label"])): Object: 'Object Repository/1. Constant/xpath' is clicked on

2022-06-24 09:26:27 - [MESSAGE][PASSED] - Object: 'Object Repository/1. Constant/xpath' is clicked on

2022-06-24 09:26:27 - [TEST_STEP][PASSED] - delay(1): Delayed 1 second(s)

2022-06-24 09:26:28 - [MESSAGE][PASSED] - Delayed 1 second(s)

2022-06-24 09:26:28 - [TEST_STEP][PASSED] - click(findTestObject("1. Constant/xpath", ["xpath":"//*[@id="action_btnduplicatereference"]"])): Object: 'Object Repository/1. Constant/xpath' is clicked on

2022-06-24 09:26:30 - [MESSAGE][PASSED] - Object: 'Object Repository/1. Constant/xpath' is clicked on

2022-06-24 09:26:30 - [TEST_STEP][PASSED] - delay(1): Delayed 1 second(s)

2022-06-24 09:26:31 - [MESSAGE][PASSED] - Delayed 1 second(s)

2022-06-24 09:26:31 - [TEST_STEP][PASSED] - takeScreenshot(): Taking screenshot successfully

2022-06-24 09:26:32 - [MESSAGE][PASSED] - Taking screenshot successfully
[[ATTACHMENT|D:\\Projet Test Auto\\Mediabox Test Automation\\Reports\\20220624_091700\\03. Parallel Testing (Testing)\\TS -PT PART 3\\15.03 NPP Duplication Shortcut (TR) - Part 2\\20220624_091702\\1656055591935.png]]

2022-06-24 09:26:32 - [TEST_STEP][PASSED] - click(findTestObject("1. Constant/xpath", ["xpath":"//*[@id="modal_duplicate_reference"]/div/div/div[2]/div/div[8]/div[1]/label[2]"])): Object: 'Object Repository/1. Constant/xpath' is clicked on

2022-06-24 09:26:32 - [MESSAGE][PASSED] - Object: 'Object Repository/1. Constant/xpath' is clicked on

2022-06-24 09:26:32 - [TEST_STEP][PASSED] - I.VerifyMatchText("//*[@id="info_translation_block"]", "This option will duplicate the values from the brief and the source text structure (blocks to translate). The source content and the translations will not be collected."): Actual text 'This option will duplicate the values from the brief and the source text structure (blocks to translate). The source content and the translations will not be collected.' and expected text 'This option will duplicate the values from the brief and the source text structure (blocks to translate). The source content and the translations will not be collected.' are matched 

2022-06-24 09:26:33 - [MESSAGE][PASSED] - Text of object 'Object Repository/1. Constant/xpath' is: 'This option will duplicate the values from the brief and the source text structure (blocks to translate). The source content and the translations will not be collected.'

2022-06-24 09:26:34 - [MESSAGE][PASSED] - Delayed 1 second(s)

2022-06-24 09:26:34 - [MESSAGE][PASSED] - Actual text 'This option will duplicate the values from the brief and the source text structure (blocks to translate). The source content and the translations will not be collected.' and expected text 'This option will duplicate the values from the brief and the source text structure (blocks to translate). The source content and the translations will not be collected.' are matched 

2022-06-24 09:26:34 - [TEST_STEP][PASSED] - I.VerifyMatchText("//*[@id="select2-ref_tpl7-container"]", "LSS Reference"): Actual text 'LSS Reference' and expected text 'LSS Reference' are matched 

2022-06-24 09:26:34 - [MESSAGE][PASSED] - Text of object 'Object Repository/1. Constant/xpath' is: 'LSS Reference'

2022-06-24 09:26:35 - [MESSAGE][PASSED] - Delayed 1 second(s)

2022-06-24 09:26:35 - [MESSAGE][PASSED] - Actual text 'LSS Reference' and expected text 'LSS Reference' are matched 

2022-06-24 09:26:35 - [TEST_STEP][PASSED] - I.VerifyMatchText("//*[@id="select2-lfc_tpl7-container"]", "LSS Lifecycle (3)"): Actual text 'LSS Lifecycle (3)' and expected text 'LSS Lifecycle (3)' are matched 

2022-06-24 09:26:36 - [MESSAGE][PASSED] - Text of object 'Object Repository/1. Constant/xpath' is: 'LSS Lifecycle (3)'

2022-06-24 09:26:37 - [MESSAGE][PASSED] - Delayed 1 second(s)

2022-06-24 09:26:37 - [MESSAGE][PASSED] - Actual text 'LSS Lifecycle (3)' and expected text 'LSS Lifecycle (3)' are matched 

2022-06-24 09:26:37 - [TEST_STEP][PASSED] - click(findTestObject("1. Constant/xpath", ["xpath":"//*[@id="btn_submit_duplication"]"])): Object: 'Object Repository/1. Constant/xpath' is clicked on

2022-06-24 09:26:52 - [MESSAGE][PASSED] - Object: 'Object Repository/1. Constant/xpath' is clicked on

2022-06-24 09:26:52 - [TEST_STEP][PASSED] - delay(1): Delayed 1 second(s)

2022-06-24 09:26:53 - [MESSAGE][PASSED] - Delayed 1 second(s)

2022-06-24 09:26:53 - [TEST_STEP][PASSED] - Project_No4 = I.ProjectNo(): Current window's url is: 'http://mdb-release.diadeis.lan/MediaboxIndependence/Base/ExecAction?IDSession=MBI%21RELTESTAUTO_NPP%214YKVHGGMSLJQ3PFFS0YXKSS81PUJQ590MVQ34HE9&default_action=ModifierProjet&id_project=MI001085'

2022-06-24 09:26:58 - [MESSAGE][PASSED] - Delayed 5 second(s)

2022-06-24 09:26:58 - [MESSAGE][PASSED] - Current window's url is: 'http://mdb-release.diadeis.lan/MediaboxIndependence/Base/ExecAction?IDSession=MBI%21RELTESTAUTO_NPP%214YKVHGGMSLJQ3PFFS0YXKSS81PUJQ590MVQ34HE9&default_action=ModifierProjet&id_project=MI001085'

2022-06-24 09:26:58 - [TEST_STEP][PASSED] - LSSNumber_name = "TC20.10_AutoTest_Npp_Duplication_NewProj_" + RandomStringUtils.randomAlphanumeric(3) + "_" + I.gettimedate(): null

2022-06-24 09:26:58 - [TEST_STEP][PASSED] - setText(findTestObject("1. Constant/xpath", ["xpath":"//*[@id="var_70"]"]), LSSNumber_name): Text 'TC20.10_AutoTest_Npp_Duplication_NewProj_ZuL_juin242022_092658' is set on object 'Object Repository/1. Constant/xpath'

2022-06-24 09:27:00 - [MESSAGE][PASSED] - Text 'TC20.10_AutoTest_Npp_Duplication_NewProj_ZuL_juin242022_092658' is set on object 'Object Repository/1. Constant/xpath'

2022-06-24 09:27:00 - [TEST_STEP][PASSED] - click(findTestObject("1. Constant/xpath", ["xpath":"//*[@id="ModifFiche"]/div[1]/div/button"])): Object: 'Object Repository/1. Constant/xpath' is clicked on

2022-06-24 09:27:03 - [MESSAGE][PASSED] - Object: 'Object Repository/1. Constant/xpath' is clicked on

2022-06-24 09:27:03 - [TEST_STEP][PASSED] - delay(1): Delayed 1 second(s)

2022-06-24 09:27:04 - [MESSAGE][PASSED] - Delayed 1 second(s)

2022-06-24 09:27:04 - [TEST_STEP][PASSED] - click(findTestObject("1. Constant/xpath", ["xpath":"//*[@id="card_project"]/div[2]/div/div[3]/a[3]"])): Object: 'Object Repository/1. Constant/xpath' is clicked on

2022-06-24 09:27:07 - [MESSAGE][PASSED] - Object: 'Object Repository/1. Constant/xpath' is clicked on

2022-06-24 09:27:07 - [TEST_STEP][PASSED] - delay(1): Delayed 1 second(s)

2022-06-24 09:27:08 - [MESSAGE][PASSED] - Delayed 1 second(s)

2022-06-24 09:27:08 - [TEST_STEP][PASSED] - I.VerifyMatchText("//*[@id="var_107"]", "Litter"): Actual text 'Litter' and expected text 'Litter' are matched 

2022-06-24 09:27:08 - [MESSAGE][PASSED] - Text of object 'Object Repository/1. Constant/xpath' is: 'Litter'

2022-06-24 09:27:09 - [MESSAGE][PASSED] - Delayed 1 second(s)

2022-06-24 09:27:09 - [MESSAGE][PASSED] - Actual text 'Litter' and expected text 'Litter' are matched 

2022-06-24 09:27:09 - [TEST_STEP][PASSED] - I.VerifyMatchText("//*[@id="var_108"]", "Corn"): Actual text 'Corn' and expected text 'Corn' are matched 

2022-06-24 09:27:10 - [MESSAGE][PASSED] - Text of object 'Object Repository/1. Constant/xpath' is: 'Corn'

2022-06-24 09:27:11 - [MESSAGE][PASSED] - Delayed 1 second(s)

2022-06-24 09:27:11 - [MESSAGE][PASSED] - Actual text 'Corn' and expected text 'Corn' are matched 

2022-06-24 09:27:11 - [TEST_STEP][PASSED] - I.VerifyMatchText("//*[@id="var_110"]", "Variety test"): Actual text 'Variety test' and expected text 'Variety test' are matched 

2022-06-24 09:27:11 - [MESSAGE][PASSED] - Text of object 'Object Repository/1. Constant/xpath' is: 'Variety test'

2022-06-24 09:27:12 - [MESSAGE][PASSED] - Delayed 1 second(s)

2022-06-24 09:27:12 - [MESSAGE][PASSED] - Actual text 'Variety test' and expected text 'Variety test' are matched 

2022-06-24 09:27:12 - [TEST_STEP][PASSED] - I.VerifyMatchText("//*[@id="var_133"]", "Alternative Format code test"): Actual text 'Alternative Format code test' and expected text 'Alternative Format code test' are matched 

2022-06-24 09:27:12 - [MESSAGE][PASSED] - Text of object 'Object Repository/1. Constant/xpath' is: 'Alternative Format code test'

2022-06-24 09:27:13 - [MESSAGE][PASSED] - Delayed 1 second(s)

2022-06-24 09:27:13 - [MESSAGE][PASSED] - Actual text 'Alternative Format code test' and expected text 'Alternative Format code test' are matched 

2022-06-24 09:27:13 - [TEST_STEP][PASSED] - I.VerifyMatchText("//*[@id="var_65"]", "FORMAT Product designation test"): Actual text 'FORMAT Product designation test' and expected text 'FORMAT Product designation test' are matched 

2022-06-24 09:27:13 - [MESSAGE][PASSED] - Text of object 'Object Repository/1. Constant/xpath' is: 'FORMAT Product designation test'

2022-06-24 09:27:14 - [MESSAGE][PASSED] - Delayed 1 second(s)

2022-06-24 09:27:14 - [MESSAGE][PASSED] - Actual text 'FORMAT Product designation test' and expected text 'FORMAT Product designation test' are matched 

2022-06-24 09:27:14 - [TEST_STEP][PASSED] - I.VerifyMatchText("//*[@id="var_91"]", "HIP"): Actual text 'HIP' and expected text 'HIP' are matched 

2022-06-24 09:27:15 - [MESSAGE][PASSED] - Text of object 'Object Repository/1. Constant/xpath' is: 'HIP'

2022-06-24 09:27:16 - [MESSAGE][PASSED] - Delayed 1 second(s)

2022-06-24 09:27:16 - [MESSAGE][PASSED] - Actual text 'HIP' and expected text 'HIP' are matched 

2022-06-24 09:27:16 - [TEST_STEP][PASSED] - I.VerifyMatchText("//*[@id="var_71"]", "25/08/2021"): Actual text '25/08/2021' and expected text '25/08/2021' are matched 

2022-06-24 09:27:16 - [MESSAGE][PASSED] - Text of object 'Object Repository/1. Constant/xpath' is: '25/08/2021'

2022-06-24 09:27:17 - [MESSAGE][PASSED] - Delayed 1 second(s)

2022-06-24 09:27:17 - [MESSAGE][PASSED] - Actual text '25/08/2021' and expected text '25/08/2021' are matched 

2022-06-24 09:27:17 - [TEST_STEP][PASSED] - I.VerifyMatchText("//*[@id="var_89"]", "Project Information - Comments"): Actual text 'Project Information - Comments' and expected text 'Project Information - Comments' are matched 

2022-06-24 09:27:17 - [MESSAGE][PASSED] - Text of object 'Object Repository/1. Constant/xpath' is: 'Project Information - Comments'

2022-06-24 09:27:18 - [MESSAGE][PASSED] - Delayed 1 second(s)

2022-06-24 09:27:18 - [MESSAGE][PASSED] - Actual text 'Project Information - Comments' and expected text 'Project Information - Comments' are matched 

2022-06-24 09:27:18 - [TEST_STEP][PASSED] - I.VerifyMatchText("//*[@id="var_93"]", "Reason for change test"): Actual text 'Reason for change test' and expected text 'Reason for change test' are matched 

2022-06-24 09:27:18 - [MESSAGE][PASSED] - Text of object 'Object Repository/1. Constant/xpath' is: 'Reason for change test'

2022-06-24 09:27:19 - [MESSAGE][PASSED] - Delayed 1 second(s)

2022-06-24 09:27:19 - [MESSAGE][PASSED] - Actual text 'Reason for change test' and expected text 'Reason for change test' are matched 

2022-06-24 09:27:19 - [TEST_STEP][PASSED] - I.VerifyMatchText("//*[@id="var_54"]", "Tidy Cat"): Actual text 'Tidy Cat' and expected text 'Tidy Cat' are matched 

2022-06-24 09:27:20 - [MESSAGE][PASSED] - Text of object 'Object Repository/1. Constant/xpath' is: 'Tidy Cat'

2022-06-24 09:27:21 - [MESSAGE][PASSED] - Delayed 1 second(s)

2022-06-24 09:27:21 - [MESSAGE][PASSED] - Actual text 'Tidy Cat' and expected text 'Tidy Cat' are matched 

2022-06-24 09:27:21 - [TEST_STEP][PASSED] - I.VerifyMatchText("//*[@id="var_106"]", "Tidy Cat - CRYSTALS BLEND"): Actual text 'Tidy Cat - CRYSTALS BLEND' and expected text 'Tidy Cat - CRYSTALS BLEND' are matched 

2022-06-24 09:27:21 - [MESSAGE][PASSED] - Text of object 'Object Repository/1. Constant/xpath' is: 'Tidy Cat - CRYSTALS BLEND'

2022-06-24 09:27:22 - [MESSAGE][PASSED] - Delayed 1 second(s)

2022-06-24 09:27:22 - [MESSAGE][PASSED] - Actual text 'Tidy Cat - CRYSTALS BLEND' and expected text 'Tidy Cat - CRYSTALS BLEND' are matched 

2022-06-24 09:27:22 - [TEST_STEP][PASSED] - I.VerifyMatchText("//*[@id="var_92"]", "Premium"): Actual text 'Premium' and expected text 'Premium' are matched 

2022-06-24 09:27:22 - [MESSAGE][PASSED] - Text of object 'Object Repository/1. Constant/xpath' is: 'Premium'

2022-06-24 09:27:23 - [MESSAGE][PASSED] - Delayed 1 second(s)

2022-06-24 09:27:23 - [MESSAGE][PASSED] - Actual text 'Premium' and expected text 'Premium' are matched 

2022-06-24 09:27:23 - [TEST_STEP][PASSED] - I.VerifyMatchText("//*[@id="var_88"]", "Superfood"): Actual text 'Superfood' and expected text 'Superfood' are matched 

2022-06-24 09:27:23 - [MESSAGE][PASSED] - Text of object 'Object Repository/1. Constant/xpath' is: 'Superfood'

2022-06-24 09:27:24 - [MESSAGE][PASSED] - Delayed 1 second(s)

2022-06-24 09:27:24 - [MESSAGE][PASSED] - Actual text 'Superfood' and expected text 'Superfood' are matched 

2022-06-24 09:27:24 - [TEST_STEP][PASSED] - I.VerifyMatchText("//*[@id="var_86"]", "No color"): Actual text 'No color' and expected text 'No color' are matched 

2022-06-24 09:27:24 - [MESSAGE][PASSED] - Text of object 'Object Repository/1. Constant/xpath' is: 'No color'

2022-06-24 09:27:25 - [MESSAGE][PASSED] - Delayed 1 second(s)

2022-06-24 09:27:25 - [MESSAGE][PASSED] - Actual text 'No color' and expected text 'No color' are matched 

2022-06-24 09:27:25 - [TEST_STEP][PASSED] - I.VerifyMatchText("//*[@id="var_57"]", "Not applicable"): Actual text 'Not applicable' and expected text 'Not applicable' are matched 

2022-06-24 09:27:25 - [MESSAGE][PASSED] - Text of object 'Object Repository/1. Constant/xpath' is: 'Not applicable'

2022-06-24 09:27:26 - [MESSAGE][PASSED] - Delayed 1 second(s)

2022-06-24 09:27:26 - [MESSAGE][PASSED] - Actual text 'Not applicable' and expected text 'Not applicable' are matched 

2022-06-24 09:27:26 - [TEST_STEP][PASSED] - I.VerifyMatchText("//*[@id="var_87"]", "Yes"): Actual text 'Yes' and expected text 'Yes' are matched 

2022-06-24 09:27:27 - [MESSAGE][PASSED] - Text of object 'Object Repository/1. Constant/xpath' is: 'Yes'

2022-06-24 09:27:28 - [MESSAGE][PASSED] - Delayed 1 second(s)

2022-06-24 09:27:28 - [MESSAGE][PASSED] - Actual text 'Yes' and expected text 'Yes' are matched 

2022-06-24 09:27:28 - [TEST_STEP][PASSED] - I.VerifyMatchText("//*[@id="var_109"]", "Complete"): Actual text 'Complete' and expected text 'Complete' are matched 

2022-06-24 09:27:28 - [MESSAGE][PASSED] - Text of object 'Object Repository/1. Constant/xpath' is: 'Complete'

2022-06-24 09:27:29 - [MESSAGE][PASSED] - Delayed 1 second(s)

2022-06-24 09:27:29 - [MESSAGE][PASSED] - Actual text 'Complete' and expected text 'Complete' are matched 

2022-06-24 09:27:29 - [TEST_STEP][PASSED] - I.VerifyMatchText("//*[@id="var_52"]", "Dogs & Cats"): Actual text 'Dogs & Cats' and expected text 'Dogs & Cats' are matched 

2022-06-24 09:27:29 - [MESSAGE][PASSED] - Text of object 'Object Repository/1. Constant/xpath' is: 'Dogs & Cats'

2022-06-24 09:27:30 - [MESSAGE][PASSED] - Delayed 1 second(s)

2022-06-24 09:27:30 - [MESSAGE][PASSED] - Actual text 'Dogs & Cats' and expected text 'Dogs & Cats' are matched 

2022-06-24 09:27:30 - [TEST_STEP][PASSED] - I.VerifyMatchText("//*[@id="var_67"]", "Tidy Cat - Adult"): Actual text 'Tidy Cat - Adult' and expected text 'Tidy Cat - Adult' are matched 

2022-06-24 09:27:30 - [MESSAGE][PASSED] - Text of object 'Object Repository/1. Constant/xpath' is: 'Tidy Cat - Adult'

2022-06-24 09:27:31 - [MESSAGE][PASSED] - Delayed 1 second(s)

2022-06-24 09:27:31 - [MESSAGE][PASSED] - Actual text 'Tidy Cat - Adult' and expected text 'Tidy Cat - Adult' are matched 

2022-06-24 09:27:31 - [TEST_STEP][PASSED] - I.VerifyMatchText("//*[@id="var_140"]", "Light"): Actual text 'Light' and expected text 'Light' are matched 

2022-06-24 09:27:31 - [MESSAGE][PASSED] - Text of object 'Object Repository/1. Constant/xpath' is: 'Light'

2022-06-24 09:27:32 - [MESSAGE][PASSED] - Delayed 1 second(s)

2022-06-24 09:27:32 - [MESSAGE][PASSED] - Actual text 'Light' and expected text 'Light' are matched 

2022-06-24 09:27:32 - [TEST_STEP][PASSED] - I.VerifyMatchText("//*[@id="var_51"]", "All"): Actual text 'All' and expected text 'All' are matched 

2022-06-24 09:27:33 - [MESSAGE][PASSED] - Text of object 'Object Repository/1. Constant/xpath' is: 'All'

2022-06-24 09:27:34 - [MESSAGE][PASSED] - Delayed 1 second(s)

2022-06-24 09:27:34 - [MESSAGE][PASSED] - Actual text 'All' and expected text 'All' are matched 

2022-06-24 09:27:34 - [TEST_STEP][PASSED] - I.VerifyMatchText("//*[@id="var_50"]", "Active"): Actual text 'Active' and expected text 'Active' are matched 

2022-06-24 09:27:34 - [MESSAGE][PASSED] - Text of object 'Object Repository/1. Constant/xpath' is: 'Active'

2022-06-24 09:27:35 - [MESSAGE][PASSED] - Delayed 1 second(s)

2022-06-24 09:27:35 - [MESSAGE][PASSED] - Actual text 'Active' and expected text 'Active' are matched 

2022-06-24 09:27:35 - [TEST_STEP][PASSED] - I.VerifyMatchText("//*[@id="var_64"]", "FR DC SPI Ham" + "
" + "FR PL Montfort"): Actual text 'FR DC SPI Ham
FR PL Montfort' and expected text 'FR DC SPI Ham
FR PL Montfort' are matched 

2022-06-24 09:27:36 - [MESSAGE][PASSED] - Text of object 'Object Repository/1. Constant/xpath' is: 'FR DC SPI Ham
FR PL Montfort'

2022-06-24 09:27:37 - [MESSAGE][PASSED] - Delayed 1 second(s)

2022-06-24 09:27:37 - [MESSAGE][PASSED] - Actual text 'FR DC SPI Ham
FR PL Montfort' and expected text 'FR DC SPI Ham
FR PL Montfort' are matched 

2022-06-24 09:27:37 - [TEST_STEP][PASSED] - I.VerifyMatchText("//*[@id="var_53"]", "FR DC SPI Ham"): Actual text 'FR DC SPI Ham' and expected text 'FR DC SPI Ham' are matched 

2022-06-24 09:27:38 - [MESSAGE][PASSED] - Text of object 'Object Repository/1. Constant/xpath' is: 'FR DC SPI Ham'

2022-06-24 09:27:39 - [MESSAGE][PASSED] - Delayed 1 second(s)

2022-06-24 09:27:39 - [MESSAGE][PASSED] - Actual text 'FR DC SPI Ham' and expected text 'FR DC SPI Ham' are matched 

2022-06-24 09:27:39 - [TEST_STEP][PASSED] - I.VerifyMatchText("//*[@id="var_58"]", "Animal Lovers"): Actual text 'Animal Lovers' and expected text 'Animal Lovers' are matched 

2022-06-24 09:27:39 - [MESSAGE][PASSED] - Text of object 'Object Repository/1. Constant/xpath' is: 'Animal Lovers'

2022-06-24 09:27:40 - [MESSAGE][PASSED] - Delayed 1 second(s)

2022-06-24 09:27:40 - [MESSAGE][PASSED] - Actual text 'Animal Lovers' and expected text 'Animal Lovers' are matched 

2022-06-24 09:27:40 - [TEST_STEP][PASSED] - I.VerifyMatchText("//*[@id="var_59"]", "Deuerer"): Actual text 'Deuerer' and expected text 'Deuerer' are matched 

2022-06-24 09:27:40 - [MESSAGE][PASSED] - Text of object 'Object Repository/1. Constant/xpath' is: 'Deuerer'

2022-06-24 09:27:41 - [MESSAGE][PASSED] - Delayed 1 second(s)

2022-06-24 09:27:41 - [MESSAGE][PASSED] - Actual text 'Deuerer' and expected text 'Deuerer' are matched 

2022-06-24 09:27:41 - [TEST_STEP][PASSED] - I.VerifyMatchText("//*[@id="var_73"]", "Mousse"): Actual text 'Mousse' and expected text 'Mousse' are matched 

2022-06-24 09:27:42 - [MESSAGE][PASSED] - Text of object 'Object Repository/1. Constant/xpath' is: 'Mousse'

2022-06-24 09:27:43 - [MESSAGE][PASSED] - Delayed 1 second(s)

2022-06-24 09:27:43 - [MESSAGE][PASSED] - Actual text 'Mousse' and expected text 'Mousse' are matched 

2022-06-24 09:27:43 - [TEST_STEP][PASSED] - I.VerifyMatchText("//*[@id="var_66"]", "No"): Actual text 'No' and expected text 'No' are matched 

2022-06-24 09:27:43 - [MESSAGE][PASSED] - Text of object 'Object Repository/1. Constant/xpath' is: 'No'

2022-06-24 09:27:44 - [MESSAGE][PASSED] - Delayed 1 second(s)

2022-06-24 09:27:44 - [MESSAGE][PASSED] - Actual text 'No' and expected text 'No' are matched 

2022-06-24 09:27:44 - [TEST_STEP][PASSED] - I.VerifyMatchText("//*[@id="var_142"]", "No"): Actual text 'No' and expected text 'No' are matched 

2022-06-24 09:27:45 - [MESSAGE][PASSED] - Text of object 'Object Repository/1. Constant/xpath' is: 'No'

2022-06-24 09:27:46 - [MESSAGE][PASSED] - Delayed 1 second(s)

2022-06-24 09:27:46 - [MESSAGE][PASSED] - Actual text 'No' and expected text 'No' are matched 

2022-06-24 09:27:46 - [TEST_STEP][PASSED] - I.VerifyMatchText("//*[@id="var_143"]", "No"): Actual text 'No' and expected text 'No' are matched 

2022-06-24 09:27:47 - [MESSAGE][PASSED] - Text of object 'Object Repository/1. Constant/xpath' is: 'No'

2022-06-24 09:27:48 - [MESSAGE][PASSED] - Delayed 1 second(s)

2022-06-24 09:27:48 - [MESSAGE][PASSED] - Actual text 'No' and expected text 'No' are matched 

2022-06-24 09:27:48 - [TEST_STEP][PASSED] - I.VerifyMatchText("//*[@id="var_119"]", "LATAM"): Actual text 'LATAM' and expected text 'LATAM' are matched 

2022-06-24 09:27:49 - [MESSAGE][PASSED] - Text of object 'Object Repository/1. Constant/xpath' is: 'LATAM'

2022-06-24 09:27:50 - [MESSAGE][PASSED] - Delayed 1 second(s)

2022-06-24 09:27:50 - [MESSAGE][PASSED] - Actual text 'LATAM' and expected text 'LATAM' are matched 

2022-06-24 09:27:50 - [TEST_STEP][PASSED] - click(findTestObject("1. Constant/xpath", ["xpath":"//*[@id="kt_subheader"]/div/nav/ol/li[2]/a"])): Object: 'Object Repository/1. Constant/xpath' is clicked on

2022-06-24 09:27:53 - [MESSAGE][PASSED] - Object: 'Object Repository/1. Constant/xpath' is clicked on

2022-06-24 09:27:53 - [TEST_STEP][PASSED] - I.VerifyMatchText("//*[@id="kt_content"]/div[3]/div/div[2]/div[1]/div[1]/h1/span", "1"): Actual text '1' and expected text '1' are matched 

2022-06-24 09:27:54 - [MESSAGE][PASSED] - Text of object 'Object Repository/1. Constant/xpath' is: '1'

2022-06-24 09:27:55 - [MESSAGE][PASSED] - Delayed 1 second(s)

2022-06-24 09:27:55 - [MESSAGE][PASSED] - Actual text '1' and expected text '1' are matched 

2022-06-24 09:27:55 - [TEST_STEP][PASSED] - click(findTestObject("1. Constant/xpath", ["xpath":"//*[@id="fiches"]/table/tbody/tr[1]/td[5]/a[1]"])): Object: 'Object Repository/1. Constant/xpath' is clicked on

2022-06-24 09:27:57 - [MESSAGE][PASSED] - Object: 'Object Repository/1. Constant/xpath' is clicked on

2022-06-24 09:27:57 - [TEST_STEP][PASSED] - delay(1): Delayed 1 second(s)

2022-06-24 09:27:58 - [MESSAGE][PASSED] - Delayed 1 second(s)

2022-06-24 09:27:58 - [TEST_STEP][PASSED] - refID3 = I.RefID_Npp(): Current window's url is: 'http://mdb-release.diadeis.lan/MediaboxIndependence/Base/ExecAction?action=VoirRef&IDSession=MBI!RELTESTAUTO_NPP!4YKVHGGMSLJQ3PFFS0YXKSS81PUJQ590MVQ34HE9&num=PHTVIFBDRO&id_ref=1058058'

2022-06-24 09:28:03 - [MESSAGE][PASSED] - Delayed 5 second(s)

2022-06-24 09:28:04 - [MESSAGE][PASSED] - Current window's url is: 'http://mdb-release.diadeis.lan/MediaboxIndependence/Base/ExecAction?action=VoirRef&IDSession=MBI!RELTESTAUTO_NPP!4YKVHGGMSLJQ3PFFS0YXKSS81PUJQ590MVQ34HE9&num=PHTVIFBDRO&id_ref=1058058'

2022-06-24 09:28:04 - [TEST_STEP][PASSED] - click(findTestObject("1. Constant/xpath", ["xpath":"//*[@id="aff_full_brief"]"])): Object: 'Object Repository/1. Constant/xpath' is clicked on

2022-06-24 09:28:06 - [MESSAGE][PASSED] - Object: 'Object Repository/1. Constant/xpath' is clicked on

2022-06-24 09:28:06 - [TEST_STEP][PASSED] - delay(1): Delayed 1 second(s)

2022-06-24 09:28:07 - [MESSAGE][PASSED] - Delayed 1 second(s)

2022-06-24 09:28:07 - [TEST_STEP][PASSED] - I.VerifyMatchText("//*[@id="var_107"]", "Litter"): Actual text 'Litter' and expected text 'Litter' are matched 

2022-06-24 09:28:10 - [MESSAGE][PASSED] - Text of object 'Object Repository/1. Constant/xpath' is: 'Litter'

2022-06-24 09:28:11 - [MESSAGE][PASSED] - Delayed 1 second(s)

2022-06-24 09:28:11 - [MESSAGE][PASSED] - Actual text 'Litter' and expected text 'Litter' are matched 

2022-06-24 09:28:11 - [TEST_STEP][PASSED] - I.VerifyMatchText("//*[@id="var_108"]", "Clumping clay" + "
" + "Corn"): Actual text 'Clumping clay
Corn' and expected text 'Clumping clay
Corn' are matched 

2022-06-24 09:28:12 - [MESSAGE][PASSED] - Text of object 'Object Repository/1. Constant/xpath' is: 'Clumping clay
Corn'

2022-06-24 09:28:13 - [MESSAGE][PASSED] - Delayed 1 second(s)

2022-06-24 09:28:13 - [MESSAGE][PASSED] - Actual text 'Clumping clay
Corn' and expected text 'Clumping clay
Corn' are matched 

2022-06-24 09:28:13 - [TEST_STEP][PASSED] - I.VerifyMatchText("//*[@id="var_110"]", "Variety test"): Actual text 'Variety test' and expected text 'Variety test' are matched 

2022-06-24 09:28:13 - [MESSAGE][PASSED] - Text of object 'Object Repository/1. Constant/xpath' is: 'Variety test'

2022-06-24 09:28:14 - [MESSAGE][PASSED] - Delayed 1 second(s)

2022-06-24 09:28:14 - [MESSAGE][PASSED] - Actual text 'Variety test' and expected text 'Variety test' are matched 

2022-06-24 09:28:14 - [TEST_STEP][PASSED] - I.VerifyMatchText("//*[@id="var_133"]", "Alternative Format code test"): Actual text 'Alternative Format code test' and expected text 'Alternative Format code test' are matched 

2022-06-24 09:28:14 - [MESSAGE][PASSED] - Text of object 'Object Repository/1. Constant/xpath' is: 'Alternative Format code test'

2022-06-24 09:28:15 - [MESSAGE][PASSED] - Delayed 1 second(s)

2022-06-24 09:28:15 - [MESSAGE][PASSED] - Actual text 'Alternative Format code test' and expected text 'Alternative Format code test' are matched 

2022-06-24 09:28:15 - [TEST_STEP][PASSED] - I.VerifyMatchText("//*[@id="var_65"]", "FORMAT Product designation test"): Actual text 'FORMAT Product designation test' and expected text 'FORMAT Product designation test' are matched 

2022-06-24 09:28:15 - [MESSAGE][PASSED] - Text of object 'Object Repository/1. Constant/xpath' is: 'FORMAT Product designation test'

2022-06-24 09:28:16 - [MESSAGE][PASSED] - Delayed 1 second(s)

2022-06-24 09:28:16 - [MESSAGE][PASSED] - Actual text 'FORMAT Product designation test' and expected text 'FORMAT Product designation test' are matched 

2022-06-24 09:28:16 - [TEST_STEP][PASSED] - I.VerifyMatchText("//*[@id="var_103"]", "SAP Designation test > https://www.google.com/"): Actual text 'SAP Designation test > https://www.google.com/' and expected text 'SAP Designation test > https://www.google.com/' are matched 

2022-06-24 09:28:16 - [MESSAGE][PASSED] - Text of object 'Object Repository/1. Constant/xpath' is: 'SAP Designation test > https://www.google.com/'

2022-06-24 09:28:17 - [MESSAGE][PASSED] - Delayed 1 second(s)

2022-06-24 09:28:17 - [MESSAGE][PASSED] - Actual text 'SAP Designation test > https://www.google.com/' and expected text 'SAP Designation test > https://www.google.com/' are matched 

2022-06-24 09:28:17 - [TEST_STEP][PASSED] - I.VerifyMatchText("//*[@id="var_139"]", "Claim Substantiation Project Link > https://www.google.com/"): Actual text 'Claim Substantiation Project Link > https://www.google.com/' and expected text 'Claim Substantiation Project Link > https://www.google.com/' are matched 

2022-06-24 09:28:18 - [MESSAGE][PASSED] - Text of object 'Object Repository/1. Constant/xpath' is: 'Claim Substantiation Project Link > https://www.google.com/'

2022-06-24 09:28:19 - [MESSAGE][PASSED] - Delayed 1 second(s)

2022-06-24 09:28:19 - [MESSAGE][PASSED] - Actual text 'Claim Substantiation Project Link > https://www.google.com/' and expected text 'Claim Substantiation Project Link > https://www.google.com/' are matched 

2022-06-24 09:28:19 - [TEST_STEP][PASSED] - I.VerifyMatchText("//*[@id="var_160"]", "Grading standard link > test"): Actual text 'Grading standard link > test' and expected text 'Grading standard link > test' are matched 

2022-06-24 09:28:19 - [MESSAGE][PASSED] - Text of object 'Object Repository/1. Constant/xpath' is: 'Grading standard link > test'

2022-06-24 09:28:20 - [MESSAGE][PASSED] - Delayed 1 second(s)

2022-06-24 09:28:20 - [MESSAGE][PASSED] - Actual text 'Grading standard link > test' and expected text 'Grading standard link > test' are matched 

2022-06-24 09:28:20 - [TEST_STEP][PASSED] - I.VerifyMatchText("//*[@id="var_62"]", "DPET > test"): Actual text 'DPET > test' and expected text 'DPET > test' are matched 

2022-06-24 09:28:20 - [MESSAGE][PASSED] - Text of object 'Object Repository/1. Constant/xpath' is: 'DPET > test'

2022-06-24 09:28:21 - [MESSAGE][PASSED] - Delayed 1 second(s)

2022-06-24 09:28:21 - [MESSAGE][PASSED] - Actual text 'DPET > test' and expected text 'DPET > test' are matched 

2022-06-24 09:28:21 - [TEST_STEP][PASSED] - I.VerifyMatchText("//*[@id="var_90"]", "Project name > test"): Actual text 'Project name > test' and expected text 'Project name > test' are matched 

2022-06-24 09:28:21 - [MESSAGE][PASSED] - Text of object 'Object Repository/1. Constant/xpath' is: 'Project name > test'

2022-06-24 09:28:22 - [MESSAGE][PASSED] - Delayed 1 second(s)

2022-06-24 09:28:22 - [MESSAGE][PASSED] - Actual text 'Project name > test' and expected text 'Project name > test' are matched 

2022-06-24 09:28:22 - [TEST_STEP][PASSED] - I.VerifyMatchText("//*[@id="var_91"]", "HIP"): Actual text 'HIP' and expected text 'HIP' are matched 

2022-06-24 09:28:22 - [MESSAGE][PASSED] - Text of object 'Object Repository/1. Constant/xpath' is: 'HIP'

2022-06-24 09:28:23 - [MESSAGE][PASSED] - Delayed 1 second(s)

2022-06-24 09:28:23 - [MESSAGE][PASSED] - Actual text 'HIP' and expected text 'HIP' are matched 

2022-06-24 09:28:23 - [TEST_STEP][PASSED] - I.VerifyMatchText("//*[@id="var_71"]", "25/08/2021"): Actual text '25/08/2021' and expected text '25/08/2021' are matched 

2022-06-24 09:28:24 - [MESSAGE][PASSED] - Text of object 'Object Repository/1. Constant/xpath' is: '25/08/2021'

2022-06-24 09:28:25 - [MESSAGE][PASSED] - Delayed 1 second(s)

2022-06-24 09:28:25 - [MESSAGE][PASSED] - Actual text '25/08/2021' and expected text '25/08/2021' are matched 

2022-06-24 09:28:25 - [TEST_STEP][PASSED] - I.VerifyMatchText("//*[@id="var_72"]", "01/12/2021"): Actual text '01/12/2021' and expected text '01/12/2021' are matched 

2022-06-24 09:28:25 - [MESSAGE][PASSED] - Text of object 'Object Repository/1. Constant/xpath' is: '01/12/2021'

2022-06-24 09:28:26 - [MESSAGE][PASSED] - Delayed 1 second(s)

2022-06-24 09:28:26 - [MESSAGE][PASSED] - Actual text '01/12/2021' and expected text '01/12/2021' are matched 

2022-06-24 09:28:26 - [TEST_STEP][PASSED] - I.VerifyMatchText("//*[@id="var_116"]", "01/12/2021"): Actual text '01/12/2021' and expected text '01/12/2021' are matched 

2022-06-24 09:28:26 - [MESSAGE][PASSED] - Text of object 'Object Repository/1. Constant/xpath' is: '01/12/2021'

2022-06-24 09:28:27 - [MESSAGE][PASSED] - Delayed 1 second(s)

2022-06-24 09:28:27 - [MESSAGE][PASSED] - Actual text '01/12/2021' and expected text '01/12/2021' are matched 

2022-06-24 09:28:27 - [TEST_STEP][PASSED] - I.VerifyMatchText("//*[@id="var_89"]", "Project Information - Comments"): Actual text 'Project Information - Comments' and expected text 'Project Information - Comments' are matched 

2022-06-24 09:28:27 - [MESSAGE][PASSED] - Text of object 'Object Repository/1. Constant/xpath' is: 'Project Information - Comments'

2022-06-24 09:28:28 - [MESSAGE][PASSED] - Delayed 1 second(s)

2022-06-24 09:28:28 - [MESSAGE][PASSED] - Actual text 'Project Information - Comments' and expected text 'Project Information - Comments' are matched 

2022-06-24 09:28:28 - [TEST_STEP][PASSED] - I.VerifyMatchText("//*[@id="var_93"]", "Reason for change test"): Actual text 'Reason for change test' and expected text 'Reason for change test' are matched 

2022-06-24 09:28:28 - [MESSAGE][PASSED] - Text of object 'Object Repository/1. Constant/xpath' is: 'Reason for change test'

2022-06-24 09:28:29 - [MESSAGE][PASSED] - Delayed 1 second(s)

2022-06-24 09:28:29 - [MESSAGE][PASSED] - Actual text 'Reason for change test' and expected text 'Reason for change test' are matched 

2022-06-24 09:28:29 - [TEST_STEP][PASSED] - I.VerifyMatchText("//*[@id="var_54"]", "Tidy Cat"): Actual text 'Tidy Cat' and expected text 'Tidy Cat' are matched 

2022-06-24 09:28:29 - [MESSAGE][PASSED] - Text of object 'Object Repository/1. Constant/xpath' is: 'Tidy Cat'

2022-06-24 09:28:30 - [MESSAGE][PASSED] - Delayed 1 second(s)

2022-06-24 09:28:30 - [MESSAGE][PASSED] - Actual text 'Tidy Cat' and expected text 'Tidy Cat' are matched 

2022-06-24 09:28:30 - [TEST_STEP][PASSED] - I.VerifyMatchText("//*[@id="var_106"]", "Tidy Cat - CRYSTALS BLEND"): Actual text 'Tidy Cat - CRYSTALS BLEND' and expected text 'Tidy Cat - CRYSTALS BLEND' are matched 

2022-06-24 09:28:31 - [MESSAGE][PASSED] - Text of object 'Object Repository/1. Constant/xpath' is: 'Tidy Cat - CRYSTALS BLEND'

2022-06-24 09:28:32 - [MESSAGE][PASSED] - Delayed 1 second(s)

2022-06-24 09:28:32 - [MESSAGE][PASSED] - Actual text 'Tidy Cat - CRYSTALS BLEND' and expected text 'Tidy Cat - CRYSTALS BLEND' are matched 

2022-06-24 09:28:32 - [TEST_STEP][PASSED] - I.VerifyMatchText("//*[@id="var_92"]", "Premium"): Actual text 'Premium' and expected text 'Premium' are matched 

2022-06-24 09:28:32 - [MESSAGE][PASSED] - Text of object 'Object Repository/1. Constant/xpath' is: 'Premium'

2022-06-24 09:28:33 - [MESSAGE][PASSED] - Delayed 1 second(s)

2022-06-24 09:28:33 - [MESSAGE][PASSED] - Actual text 'Premium' and expected text 'Premium' are matched 

2022-06-24 09:28:33 - [TEST_STEP][PASSED] - I.VerifyMatchText("//*[@id="var_88"]", "Superfood"): Actual text 'Superfood' and expected text 'Superfood' are matched 

2022-06-24 09:28:33 - [MESSAGE][PASSED] - Text of object 'Object Repository/1. Constant/xpath' is: 'Superfood'

2022-06-24 09:28:34 - [MESSAGE][PASSED] - Delayed 1 second(s)

2022-06-24 09:28:34 - [MESSAGE][PASSED] - Actual text 'Superfood' and expected text 'Superfood' are matched 

2022-06-24 09:28:34 - [TEST_STEP][PASSED] - I.VerifyMatchText("//*[@id="var_86"]", "No color"): Actual text 'No color' and expected text 'No color' are matched 

2022-06-24 09:28:34 - [MESSAGE][PASSED] - Text of object 'Object Repository/1. Constant/xpath' is: 'No color'

2022-06-24 09:28:35 - [MESSAGE][PASSED] - Delayed 1 second(s)

2022-06-24 09:28:35 - [MESSAGE][PASSED] - Actual text 'No color' and expected text 'No color' are matched 

2022-06-24 09:28:35 - [TEST_STEP][PASSED] - I.VerifyMatchText("//*[@id="var_57"]", "Not applicable"): Actual text 'Not applicable' and expected text 'Not applicable' are matched 

2022-06-24 09:28:35 - [MESSAGE][PASSED] - Text of object 'Object Repository/1. Constant/xpath' is: 'Not applicable'

2022-06-24 09:28:36 - [MESSAGE][PASSED] - Delayed 1 second(s)

2022-06-24 09:28:36 - [MESSAGE][PASSED] - Actual text 'Not applicable' and expected text 'Not applicable' are matched 

2022-06-24 09:28:36 - [TEST_STEP][PASSED] - I.VerifyMatchText("//*[@id="var_87"]", "Yes"): Actual text 'Yes' and expected text 'Yes' are matched 

2022-06-24 09:28:37 - [MESSAGE][PASSED] - Text of object 'Object Repository/1. Constant/xpath' is: 'Yes'

2022-06-24 09:28:38 - [MESSAGE][PASSED] - Delayed 1 second(s)

2022-06-24 09:28:38 - [MESSAGE][PASSED] - Actual text 'Yes' and expected text 'Yes' are matched 

2022-06-24 09:28:38 - [TEST_STEP][PASSED] - I.VerifyMatchText("//*[@id="var_109"]", "Complete"): Actual text 'Complete' and expected text 'Complete' are matched 

2022-06-24 09:28:38 - [MESSAGE][PASSED] - Text of object 'Object Repository/1. Constant/xpath' is: 'Complete'

2022-06-24 09:28:39 - [MESSAGE][PASSED] - Delayed 1 second(s)

2022-06-24 09:28:39 - [MESSAGE][PASSED] - Actual text 'Complete' and expected text 'Complete' are matched 

2022-06-24 09:28:39 - [TEST_STEP][PASSED] - I.VerifyMatchText("//*[@id="var_52"]", "Dogs & Cats"): Actual text 'Dogs & Cats' and expected text 'Dogs & Cats' are matched 

2022-06-24 09:28:40 - [MESSAGE][PASSED] - Text of object 'Object Repository/1. Constant/xpath' is: 'Dogs & Cats'

2022-06-24 09:28:41 - [MESSAGE][PASSED] - Delayed 1 second(s)

2022-06-24 09:28:41 - [MESSAGE][PASSED] - Actual text 'Dogs & Cats' and expected text 'Dogs & Cats' are matched 

2022-06-24 09:28:41 - [TEST_STEP][PASSED] - I.VerifyMatchText("//*[@id="var_67"]", "Tidy Cat - Adult"): Actual text 'Tidy Cat - Adult' and expected text 'Tidy Cat - Adult' are matched 

2022-06-24 09:28:41 - [MESSAGE][PASSED] - Text of object 'Object Repository/1. Constant/xpath' is: 'Tidy Cat - Adult'

2022-06-24 09:28:42 - [MESSAGE][PASSED] - Delayed 1 second(s)

2022-06-24 09:28:42 - [MESSAGE][PASSED] - Actual text 'Tidy Cat - Adult' and expected text 'Tidy Cat - Adult' are matched 

2022-06-24 09:28:42 - [TEST_STEP][PASSED] - I.VerifyMatchText("//*[@id="var_140"]", "Light"): Actual text 'Light' and expected text 'Light' are matched 

2022-06-24 09:28:42 - [MESSAGE][PASSED] - Text of object 'Object Repository/1. Constant/xpath' is: 'Light'

2022-06-24 09:28:43 - [MESSAGE][PASSED] - Delayed 1 second(s)

2022-06-24 09:28:43 - [MESSAGE][PASSED] - Actual text 'Light' and expected text 'Light' are matched 

2022-06-24 09:28:43 - [TEST_STEP][PASSED] - I.VerifyMatchText("//*[@id="var_51"]", "All"): Actual text 'All' and expected text 'All' are matched 

2022-06-24 09:28:44 - [MESSAGE][PASSED] - Text of object 'Object Repository/1. Constant/xpath' is: 'All'

2022-06-24 09:28:45 - [MESSAGE][PASSED] - Delayed 1 second(s)

2022-06-24 09:28:45 - [MESSAGE][PASSED] - Actual text 'All' and expected text 'All' are matched 

2022-06-24 09:28:45 - [TEST_STEP][PASSED] - I.VerifyMatchText("//*[@id="var_50"]", "Active"): Actual text 'Active' and expected text 'Active' are matched 

2022-06-24 09:28:46 - [MESSAGE][PASSED] - Text of object 'Object Repository/1. Constant/xpath' is: 'Active'

2022-06-24 09:28:47 - [MESSAGE][PASSED] - Delayed 1 second(s)

2022-06-24 09:28:47 - [MESSAGE][PASSED] - Actual text 'Active' and expected text 'Active' are matched 

2022-06-24 09:28:47 - [TEST_STEP][PASSED] - I.VerifyMatchText("//*[@id="var_64"]", "FR DC SPI Ham" + "
" + "FR PL Montfort"): Actual text 'FR DC SPI Ham
FR PL Montfort' and expected text 'FR DC SPI Ham
FR PL Montfort' are matched 

2022-06-24 09:28:48 - [MESSAGE][PASSED] - Text of object 'Object Repository/1. Constant/xpath' is: 'FR DC SPI Ham
FR PL Montfort'

2022-06-24 09:28:49 - [MESSAGE][PASSED] - Delayed 1 second(s)

2022-06-24 09:28:49 - [MESSAGE][PASSED] - Actual text 'FR DC SPI Ham
FR PL Montfort' and expected text 'FR DC SPI Ham
FR PL Montfort' are matched 

2022-06-24 09:28:49 - [TEST_STEP][PASSED] - I.VerifyMatchText("//*[@id="var_53"]", "FR DC SPI Ham"): Actual text 'FR DC SPI Ham' and expected text 'FR DC SPI Ham' are matched 

2022-06-24 09:28:49 - [MESSAGE][PASSED] - Text of object 'Object Repository/1. Constant/xpath' is: 'FR DC SPI Ham'

2022-06-24 09:28:50 - [MESSAGE][PASSED] - Delayed 1 second(s)

2022-06-24 09:28:50 - [MESSAGE][PASSED] - Actual text 'FR DC SPI Ham' and expected text 'FR DC SPI Ham' are matched 

2022-06-24 09:28:50 - [TEST_STEP][PASSED] - I.VerifyMatchText("//*[@id="var_58"]", "Animal Lovers"): Actual text 'Animal Lovers' and expected text 'Animal Lovers' are matched 

2022-06-24 09:28:52 - [MESSAGE][PASSED] - Text of object 'Object Repository/1. Constant/xpath' is: 'Animal Lovers'

2022-06-24 09:28:53 - [MESSAGE][PASSED] - Delayed 1 second(s)

2022-06-24 09:28:53 - [MESSAGE][PASSED] - Actual text 'Animal Lovers' and expected text 'Animal Lovers' are matched 

2022-06-24 09:28:53 - [TEST_STEP][PASSED] - I.VerifyMatchText("//*[@id="var_59"]", "Deuerer"): Actual text 'Deuerer' and expected text 'Deuerer' are matched 

2022-06-24 09:28:56 - [MESSAGE][PASSED] - Text of object 'Object Repository/1. Constant/xpath' is: 'Deuerer'

2022-06-24 09:28:57 - [MESSAGE][PASSED] - Delayed 1 second(s)

2022-06-24 09:28:57 - [MESSAGE][PASSED] - Actual text 'Deuerer' and expected text 'Deuerer' are matched 

2022-06-24 09:28:57 - [TEST_STEP][PASSED] - I.VerifyMatchText("//*[@id="var_73"]", "Mousse"): Actual text 'Mousse' and expected text 'Mousse' are matched 

2022-06-24 09:28:58 - [MESSAGE][PASSED] - Text of object 'Object Repository/1. Constant/xpath' is: 'Mousse'

2022-06-24 09:28:59 - [MESSAGE][PASSED] - Delayed 1 second(s)

2022-06-24 09:28:59 - [MESSAGE][PASSED] - Actual text 'Mousse' and expected text 'Mousse' are matched 

2022-06-24 09:28:59 - [TEST_STEP][PASSED] - I.VerifyMatchText("//*[@id="var_85"]", "Anna KIM"): Actual text 'Anna KIM' and expected text 'Anna KIM' are matched 

2022-06-24 09:29:01 - [MESSAGE][PASSED] - Text of object 'Object Repository/1. Constant/xpath' is: 'Anna KIM'

2022-06-24 09:29:02 - [MESSAGE][PASSED] - Delayed 1 second(s)

2022-06-24 09:29:02 - [MESSAGE][PASSED] - Actual text 'Anna KIM' and expected text 'Anna KIM' are matched 

2022-06-24 09:29:02 - [TEST_STEP][PASSED] - I.VerifyMatchText("//*[@id="var_82"]", "AnneLise GAUDIN"): Actual text 'AnneLise GAUDIN' and expected text 'AnneLise GAUDIN' are matched 

2022-06-24 09:29:02 - [MESSAGE][PASSED] - Text of object 'Object Repository/1. Constant/xpath' is: 'AnneLise GAUDIN'

2022-06-24 09:29:03 - [MESSAGE][PASSED] - Delayed 1 second(s)

2022-06-24 09:29:03 - [MESSAGE][PASSED] - Actual text 'AnneLise GAUDIN' and expected text 'AnneLise GAUDIN' are matched 

2022-06-24 09:29:03 - [TEST_STEP][PASSED] - I.VerifyMatchText("//*[@id="var_74"]", "Alexandra FRAPPAZ"): Actual text 'Alexandra FRAPPAZ' and expected text 'Alexandra FRAPPAZ' are matched 

2022-06-24 09:29:05 - [MESSAGE][PASSED] - Text of object 'Object Repository/1. Constant/xpath' is: 'Alexandra FRAPPAZ'

2022-06-24 09:29:06 - [MESSAGE][PASSED] - Delayed 1 second(s)

2022-06-24 09:29:06 - [MESSAGE][PASSED] - Actual text 'Alexandra FRAPPAZ' and expected text 'Alexandra FRAPPAZ' are matched 

2022-06-24 09:29:06 - [TEST_STEP][PASSED] - I.VerifyMatchText("//*[@id="var_168"]", "Anastasiia BRAZHNIKOVA PX" + "
" + "Amelia LARKINS" + "
" + "Camille DEMONCHY"): Actual text 'Anastasiia BRAZHNIKOVA PX
Amelia LARKINS
Camille DEMONCHY' and expected text 'Anastasiia BRAZHNIKOVA PX
Amelia LARKINS
Camille DEMONCHY' are matched 

2022-06-24 09:29:08 - [MESSAGE][PASSED] - Text of object 'Object Repository/1. Constant/xpath' is: 'Anastasiia BRAZHNIKOVA PX
Amelia LARKINS
Camille DEMONCHY'

2022-06-24 09:29:09 - [MESSAGE][PASSED] - Delayed 1 second(s)

2022-06-24 09:29:09 - [MESSAGE][PASSED] - Actual text 'Anastasiia BRAZHNIKOVA PX
Amelia LARKINS
Camille DEMONCHY' and expected text 'Anastasiia BRAZHNIKOVA PX
Amelia LARKINS
Camille DEMONCHY' are matched 

2022-06-24 09:29:09 - [TEST_STEP][PASSED] - I.VerifyMatchText("//*[@id="var_60"]", "Adam SVEGAARD (D2D)"): Actual text 'Adam SVEGAARD (D2D)' and expected text 'Adam SVEGAARD (D2D)' are matched 

2022-06-24 09:29:10 - [MESSAGE][PASSED] - Text of object 'Object Repository/1. Constant/xpath' is: 'Adam SVEGAARD (D2D)'

2022-06-24 09:29:11 - [MESSAGE][PASSED] - Delayed 1 second(s)

2022-06-24 09:29:11 - [MESSAGE][PASSED] - Actual text 'Adam SVEGAARD (D2D)' and expected text 'Adam SVEGAARD (D2D)' are matched 

2022-06-24 09:29:11 - [TEST_STEP][PASSED] - I.VerifyMatchText("//*[@id="var_102"]", "Amelie SERMENT"): Actual text 'Amelie SERMENT' and expected text 'Amelie SERMENT' are matched 

2022-06-24 09:29:11 - [MESSAGE][PASSED] - Text of object 'Object Repository/1. Constant/xpath' is: 'Amelie SERMENT'

2022-06-24 09:29:12 - [MESSAGE][PASSED] - Delayed 1 second(s)

2022-06-24 09:29:12 - [MESSAGE][PASSED] - Actual text 'Amelie SERMENT' and expected text 'Amelie SERMENT' are matched 

2022-06-24 09:29:12 - [TEST_STEP][PASSED] - I.VerifyMatchText("//*[@id="var_63"]", "Alexandra SAVREUX (E2E)"): Actual text 'Alexandra SAVREUX (E2E)' and expected text 'Alexandra SAVREUX (E2E)' are matched 

2022-06-24 09:29:13 - [MESSAGE][PASSED] - Text of object 'Object Repository/1. Constant/xpath' is: 'Alexandra SAVREUX (E2E)'

2022-06-24 09:29:14 - [MESSAGE][PASSED] - Delayed 1 second(s)

2022-06-24 09:29:14 - [MESSAGE][PASSED] - Actual text 'Alexandra SAVREUX (E2E)' and expected text 'Alexandra SAVREUX (E2E)' are matched 

2022-06-24 09:29:14 - [TEST_STEP][PASSED] - I.VerifyMatchText("//*[@id="var_161"]", "Ana CHAVES"): Actual text 'Ana CHAVES' and expected text 'Ana CHAVES' are matched 

2022-06-24 09:29:14 - [MESSAGE][PASSED] - Text of object 'Object Repository/1. Constant/xpath' is: 'Ana CHAVES'

2022-06-24 09:29:15 - [MESSAGE][PASSED] - Delayed 1 second(s)

2022-06-24 09:29:15 - [MESSAGE][PASSED] - Actual text 'Ana CHAVES' and expected text 'Ana CHAVES' are matched 

2022-06-24 09:29:15 - [TEST_STEP][PASSED] - I.VerifyMatchText("//*[@id="var_66"]", "No"): Actual text 'No' and expected text 'No' are matched 

2022-06-24 09:29:15 - [MESSAGE][PASSED] - Text of object 'Object Repository/1. Constant/xpath' is: 'No'

2022-06-24 09:29:16 - [MESSAGE][PASSED] - Delayed 1 second(s)

2022-06-24 09:29:16 - [MESSAGE][PASSED] - Actual text 'No' and expected text 'No' are matched 

2022-06-24 09:29:16 - [TEST_STEP][PASSED] - I.VerifyMatchText("//*[@id="var_142"]", "No"): Actual text 'No' and expected text 'No' are matched 

2022-06-24 09:29:16 - [MESSAGE][PASSED] - Text of object 'Object Repository/1. Constant/xpath' is: 'No'

2022-06-24 09:29:17 - [MESSAGE][PASSED] - Delayed 1 second(s)

2022-06-24 09:29:17 - [MESSAGE][PASSED] - Actual text 'No' and expected text 'No' are matched 

2022-06-24 09:29:17 - [TEST_STEP][PASSED] - I.VerifyMatchText("//*[@id="var_143"]", "No"): Actual text 'No' and expected text 'No' are matched 

2022-06-24 09:29:18 - [MESSAGE][PASSED] - Text of object 'Object Repository/1. Constant/xpath' is: 'No'

2022-06-24 09:29:19 - [MESSAGE][PASSED] - Delayed 1 second(s)

2022-06-24 09:29:19 - [MESSAGE][PASSED] - Actual text 'No' and expected text 'No' are matched 

2022-06-24 09:29:19 - [TEST_STEP][PASSED] - I.VerifyMatchText("//*[@id="var_119"]", "LATAM"): Actual text 'LATAM' and expected text 'LATAM' are matched 

2022-06-24 09:29:19 - [MESSAGE][PASSED] - Text of object 'Object Repository/1. Constant/xpath' is: 'LATAM'

2022-06-24 09:29:20 - [MESSAGE][PASSED] - Delayed 1 second(s)

2022-06-24 09:29:20 - [MESSAGE][PASSED] - Actual text 'LATAM' and expected text 'LATAM' are matched 

2022-06-24 09:29:20 - [TEST_STEP][PASSED] - I.VerifyMatchText("//*[@id="var_79"]", "Bag - Woven"): Actual text 'Bag - Woven' and expected text 'Bag - Woven' are matched 

2022-06-24 09:29:20 - [MESSAGE][PASSED] - Text of object 'Object Repository/1. Constant/xpath' is: 'Bag - Woven'

2022-06-24 09:29:21 - [MESSAGE][PASSED] - Delayed 1 second(s)

2022-06-24 09:29:21 - [MESSAGE][PASSED] - Actual text 'Bag - Woven' and expected text 'Bag - Woven' are matched 

2022-06-24 09:29:21 - [TEST_STEP][PASSED] - I.VerifyMatchText("//*[@id="var_78"]", "1.1kg" + "
" + "1.2kg"): Actual text '1.1kg
1.2kg' and expected text '1.1kg
1.2kg' are matched 

2022-06-24 09:29:22 - [MESSAGE][PASSED] - Text of object 'Object Repository/1. Constant/xpath' is: '1.1kg
1.2kg'

2022-06-24 09:29:23 - [MESSAGE][PASSED] - Delayed 1 second(s)

2022-06-24 09:29:23 - [MESSAGE][PASSED] - Actual text '1.1kg
1.2kg' and expected text '1.1kg
1.2kg' are matched 

2022-06-24 09:29:23 - [TEST_STEP][PASSED] - I.VerifyMatchText("//*[@id="var_61"]", "Vet"): Actual text 'Vet' and expected text 'Vet' are matched 

2022-06-24 09:29:23 - [MESSAGE][PASSED] - Text of object 'Object Repository/1. Constant/xpath' is: 'Vet'

2022-06-24 09:29:24 - [MESSAGE][PASSED] - Delayed 1 second(s)

2022-06-24 09:29:24 - [MESSAGE][PASSED] - Actual text 'Vet' and expected text 'Vet' are matched 

2022-06-24 09:29:24 - [TEST_STEP][PASSED] - I.VerifyMatchText("//*[@id="var_104"]", "Albania" + "
" + "Austria"): Actual text 'Albania
Austria' and expected text 'Albania
Austria' are matched 

2022-06-24 09:29:24 - [MESSAGE][PASSED] - Text of object 'Object Repository/1. Constant/xpath' is: 'Albania
Austria'

2022-06-24 09:29:25 - [MESSAGE][PASSED] - Delayed 1 second(s)

2022-06-24 09:29:25 - [MESSAGE][PASSED] - Actual text 'Albania
Austria' and expected text 'Albania
Austria' are matched 

2022-06-24 09:29:25 - [TEST_STEP][PASSED] - I.VerifyMatchText("//*[@id="var_84"]", "Anna KIM"): Actual text 'Anna KIM' and expected text 'Anna KIM' are matched 

2022-06-24 09:29:26 - [MESSAGE][PASSED] - Text of object 'Object Repository/1. Constant/xpath' is: 'Anna KIM'

2022-06-24 09:29:27 - [MESSAGE][PASSED] - Delayed 1 second(s)

2022-06-24 09:29:27 - [MESSAGE][PASSED] - Actual text 'Anna KIM' and expected text 'Anna KIM' are matched 

2022-06-24 09:29:27 - [TEST_STEP][PASSED] - I.VerifyMatchText("//*[@id="var_76"]", "Alexandra FRAPPAZ"): Actual text 'Alexandra FRAPPAZ' and expected text 'Alexandra FRAPPAZ' are matched 

2022-06-24 09:29:28 - [MESSAGE][PASSED] - Text of object 'Object Repository/1. Constant/xpath' is: 'Alexandra FRAPPAZ'

2022-06-24 09:29:29 - [MESSAGE][PASSED] - Delayed 1 second(s)

2022-06-24 09:29:29 - [MESSAGE][PASSED] - Actual text 'Alexandra FRAPPAZ' and expected text 'Alexandra FRAPPAZ' are matched 

2022-06-24 09:29:29 - [TEST_STEP][PASSED] - I.VerifyMatchText("//*[@id="var_56"]", "Amelie SERMENT"): Actual text 'Amelie SERMENT' and expected text 'Amelie SERMENT' are matched 

2022-06-24 09:29:29 - [MESSAGE][PASSED] - Text of object 'Object Repository/1. Constant/xpath' is: 'Amelie SERMENT'

2022-06-24 09:29:30 - [MESSAGE][PASSED] - Delayed 1 second(s)

2022-06-24 09:29:30 - [MESSAGE][PASSED] - Actual text 'Amelie SERMENT' and expected text 'Amelie SERMENT' are matched 

2022-06-24 09:29:30 - [TEST_STEP][PASSED] - I.VerifyMatchText("//*[@id="var_169"]", "Version History"): Actual text 'Version History' and expected text 'Version History' are matched 

2022-06-24 09:29:31 - [MESSAGE][PASSED] - Text of object 'Object Repository/1. Constant/xpath' is: 'Version History'

2022-06-24 09:29:32 - [MESSAGE][PASSED] - Delayed 1 second(s)

2022-06-24 09:29:32 - [MESSAGE][PASSED] - Actual text 'Version History' and expected text 'Version History' are matched 

2022-06-24 09:29:32 - [TEST_STEP][PASSED] - delay(1): Delayed 1 second(s)

2022-06-24 09:29:33 - [MESSAGE][PASSED] - Delayed 1 second(s)

2022-06-24 09:29:33 - [TEST_STEP][PASSED] - click(findTestObject("1. Constant/xpath", ["xpath":"//*[@id="kt_content"]/div[3]/div/ul/li[3]/a"])): Object: 'Object Repository/1. Constant/xpath' is clicked on

2022-06-24 09:29:35 - [MESSAGE][PASSED] - Object: 'Object Repository/1. Constant/xpath' is clicked on

2022-06-24 09:29:35 - [TEST_STEP][PASSED] - delay(1): Delayed 1 second(s)

2022-06-24 09:29:36 - [MESSAGE][PASSED] - Delayed 1 second(s)

2022-06-24 09:29:36 - [TEST_STEP][PASSED] - I.VerifyMatchText("//*[@id="tab_lifecycle"]/div/h3", "LSS Lifecycle (3)"): Actual text 'LSS Lifecycle (3)' and expected text 'LSS Lifecycle (3)' are matched 

2022-06-24 09:29:37 - [MESSAGE][PASSED] - Text of object 'Object Repository/1. Constant/xpath' is: 'LSS Lifecycle (3)'

2022-06-24 09:29:38 - [MESSAGE][PASSED] - Delayed 1 second(s)

2022-06-24 09:29:38 - [MESSAGE][PASSED] - Actual text 'LSS Lifecycle (3)' and expected text 'LSS Lifecycle (3)' are matched 

2022-06-24 09:29:38 - [TEST_STEP][PASSED] - click(findTestObject("1. Constant/xpath", ["xpath":"//*[@id="kt_content"]/div[3]/div/ul/li[1]/a"])): Object: 'Object Repository/1. Constant/xpath' is clicked on

2022-06-24 09:29:38 - [MESSAGE][PASSED] - Object: 'Object Repository/1. Constant/xpath' is clicked on

2022-06-24 09:29:38 - [TEST_STEP][PASSED] - delay(1): Delayed 1 second(s)

2022-06-24 09:29:39 - [MESSAGE][PASSED] - Delayed 1 second(s)

2022-06-24 09:29:39 - [TEST_STEP][PASSED] - click(findTestObject("1. Constant/xpath", ["xpath":"//*[@id="aff_text_content_brief"]"])): Object: 'Object Repository/1. Constant/xpath' is clicked on

2022-06-24 09:29:40 - [MESSAGE][PASSED] - Object: 'Object Repository/1. Constant/xpath' is clicked on

2022-06-24 09:29:40 - [TEST_STEP][PASSED] - delay(5): Delayed 5 second(s)

2022-06-24 09:29:45 - [MESSAGE][PASSED] - Delayed 5 second(s)

2022-06-24 09:29:45 - [TEST_STEP][PASSED] - ExpectedValue1 = "Analytical Constituents:" + "
" + "protein: %," + "
" + "fat content: %," + "
" + "crude ash: %," + "
" + "crude fibre: %," + "
" + "omega 6 fatty acids: %.": null

2022-06-24 09:29:45 - [TEST_STEP][PASSED] - ExpectedValue2 = "": null

2022-06-24 09:29:45 - [TEST_STEP][PASSED] - I.Verify_Table_getdata("//*[@id="table_body"]", 0, 8, ExpectedValue1): Actual text 'Analytical Constituents:
protein: %,
fat content: %,
crude ash: %,
crude fibre: %,
omega 6 fatty acids: %.' and expected text 'Analytical Constituents:
protein: %,
fat content: %,
crude ash: %,
crude fibre: %,
omega 6 fatty acids: %.' are matched 

2022-06-24 09:29:49 - [MESSAGE][PASSED] - Actual text 'Analytical Constituents:
protein: %,
fat content: %,
crude ash: %,
crude fibre: %,
omega 6 fatty acids: %.' and expected text 'Analytical Constituents:
protein: %,
fat content: %,
crude ash: %,
crude fibre: %,
omega 6 fatty acids: %.' are matched 

2022-06-24 09:29:49 - [TEST_STEP][PASSED] - I.Verify_Table_getdata("//*[@id="table_body"]", 0, 9, ExpectedValue2): Actual text '' and expected text '' are matched 

2022-06-24 09:29:51 - [MESSAGE][PASSED] - Actual text '' and expected text '' are matched 

2022-06-24 09:29:51 - [TEST_STEP][PASSED] - click(findTestObject("1. Constant/xpath", ["xpath":"//*[@id="kt_subheader"]/div/nav/ol/li[2]/a"])): Object: 'Object Repository/1. Constant/xpath' is clicked on

2022-06-24 09:29:55 - [MESSAGE][PASSED] - Object: 'Object Repository/1. Constant/xpath' is clicked on

2022-06-24 09:29:55 - [TEST_STEP][PASSED] - click(findTestObject("1. Constant/xpath", ["xpath":"//*[@id="fiches"]/table/tbody/tr[1]/td[9]/a"])): Object: 'Object Repository/1. Constant/xpath' is clicked on

2022-06-24 09:30:00 - [MESSAGE][PASSED] - Object: 'Object Repository/1. Constant/xpath' is clicked on

2022-06-24 09:30:00 - [TEST_STEP][PASSED] - I.select_multiplelist("//*[@id="selSource_108"]", "//*[@id="btnAdd_108"]", "2357"): Delayed 1 second(s)

2022-06-24 09:30:01 - [MESSAGE][PASSED] - Delayed 1 second(s)

2022-06-24 09:30:02 - [MESSAGE][PASSED] - All options with value '2357' are selected in object 'Object Repository/1. Constant/xpath' 

2022-06-24 09:30:04 - [MESSAGE][PASSED] - Delayed 2 second(s)

2022-06-24 09:30:04 - [MESSAGE][PASSED] - Object: 'Object Repository/1. Constant/xpath' is clicked on

2022-06-24 09:30:05 - [MESSAGE][PASSED] - Delayed 1 second(s)

2022-06-24 09:30:05 - [TEST_STEP][PASSED] - click(findTestObject("1. Constant/xpath", ["xpath":"//*[@id="ModifFiche"]/div[1]/div/button[2]/i"])): Object: 'Object Repository/1. Constant/xpath' is clicked on

2022-06-24 09:30:11 - [MESSAGE][PASSED] - Object: 'Object Repository/1. Constant/xpath' is clicked on

2022-06-24 09:30:11 - [TEST_STEP][PASSED] - takeScreenshot(): Taking screenshot successfully

2022-06-24 09:30:12 - [MESSAGE][PASSED] - Taking screenshot successfully
[[ATTACHMENT|D:\\Projet Test Auto\\Mediabox Test Automation\\Reports\\20220624_091700\\03. Parallel Testing (Testing)\\TS -PT PART 3\\15.03 NPP Duplication Shortcut (TR) - Part 2\\20220624_091702\\1656055811553.png]]

2022-06-24 09:30:12 - [TEST_STEP][PASSED] - click(findTestObject("1. Constant/xpath", ["xpath":"//*[@id="fiches"]/table/tbody/tr/td[9]/div[2]/button"])): Object: 'Object Repository/1. Constant/xpath' is clicked on

2022-06-24 09:30:13 - [MESSAGE][PASSED] - Object: 'Object Repository/1. Constant/xpath' is clicked on

2022-06-24 09:30:13 - [TEST_STEP][PASSED] - delay(2): Delayed 2 second(s)

2022-06-24 09:30:15 - [MESSAGE][PASSED] - Delayed 2 second(s)

2022-06-24 09:30:15 - [TEST_STEP][PASSED] - click(findTestObject("1. Constant/xpath", ["xpath":"//*[@id="fiches"]/table/tbody/tr/td[9]/div[2]/div/a[2]"])): Object: 'Object Repository/1. Constant/xpath' is clicked on

2022-06-24 09:30:16 - [MESSAGE][PASSED] - Object: 'Object Repository/1. Constant/xpath' is clicked on

2022-06-24 09:30:16 - [TEST_STEP][PASSED] - delay(2): Delayed 2 second(s)

2022-06-24 09:30:18 - [MESSAGE][PASSED] - Delayed 2 second(s)

2022-06-24 09:30:18 - [TEST_STEP][PASSED] - click(findTestObject("1. Constant/xpath", ["xpath":"//*[@id="kt_body"]/div[9]/div/div/div[2]/button[2]"])): Object: 'Object Repository/1. Constant/xpath' is clicked on

2022-06-24 09:30:25 - [MESSAGE][PASSED] - Object: 'Object Repository/1. Constant/xpath' is clicked on

2022-06-24 09:30:25 - [TEST_STEP][PASSED] - delay(2): Delayed 2 second(s)

2022-06-24 09:30:27 - [MESSAGE][PASSED] - Delayed 2 second(s)

2022-06-24 09:30:27 - [TEST_STEP][PASSED] - click(findTestObject("1. Constant/xpath", ["xpath":"//*[@id="card_project"]/div[2]/div/div[3]/a[4]"])): Object: 'Object Repository/1. Constant/xpath' is clicked on

2022-06-24 09:30:47 - [MESSAGE][PASSED] - Object: 'Object Repository/1. Constant/xpath' is clicked on

2022-06-24 09:30:47 - [TEST_STEP][PASSED] - closeBrowser(): Browser is closed

2022-06-24 09:30:54 - [MESSAGE][PASSED] - Browser is closed

2022-06-24 09:30:54 - [TEST_STEP][PASSED] - Start listener action : sampleAfterTestCase: null]]></system-out>
         <system-err><![CDATA[]]></system-err>
      </testcase>
      <testcase name="Test Cases/20. Sephora_NPP Duplication Standard_ Duplication Shortcut/20.11 NPP Duplication Shortcut In this Project_CT and Lang - Used 20.08 P7" time="300.501" classname="Test Cases/20. Sephora_NPP Duplication Standard_ Duplication Shortcut/20.11 NPP Duplication Shortcut In this Project_CT and Lang - Used 20.08 P7" status="PASSED">
         <system-out><![CDATA[2022-06-24 09:30:54 - [TEST_CASE][PASSED] - Test Cases/20. Sephora_NPP Duplication Standard_ Duplication Shortcut/20.11 NPP Duplication Shortcut In this Project_CT and Lang - Used 20.08 P7: Test Cases/20. Sephora_NPP Duplication Standard_ Duplication Shortcut/20.11 NPP Duplication Shortcut In this Project_CT and Lang - Used 20.08 P7

2022-06-24 09:30:55 - [TEST_STEP][PASSED] - data_Npp = findTestData("Data Files/Username_Password/Npp"): null

2022-06-24 09:30:55 - [TEST_STEP][PASSED] - password_ncur = data_Npp.getValue(2, 1): null

2022-06-24 09:30:55 - [TEST_STEP][PASSED] - password_akim = data_Npp.getValue(2, 2): null

2022-06-24 09:30:55 - [TEST_STEP][PASSED] - data_urlRELAUTO = findTestData("Data Files/URL/URL_relauto"): null

2022-06-24 09:30:55 - [TEST_STEP][PASSED] - Url_Npp = data_urlRELAUTO.getValue(2, 5): null

2022-06-24 09:30:55 - [TEST_STEP][PASSED] - Project_No = I.readnotepad("D:\Upoad_File\Projet_ Login\NPP\16.08\20.08_NPP_ProjectNo.txt"): null

2022-06-24 09:30:55 - [TEST_STEP][PASSED] - refID = I.readnotepad("D:\Upoad_File\Projet_ Login\NPP\16.08\20.08_NPP_refID.txt"): null

2022-06-24 09:30:55 - [TEST_STEP][PASSED] - openBrowser(Url_Npp): Browser is opened with url: ' http://mdb-release.diadeis.lan/MediaboxIndependence/?MBI_datasource=RELTESTAUTO_NPP'

2022-06-24 09:30:55 - [MESSAGE][INFO] - Starting 'Chrome (headless)' driver

2022-06-24 09:30:55 - [MESSAGE][INFO] - User set preference: ['args', '[--window-size=1920,1080, --headless]']

2022-06-24 09:30:55 - [MESSAGE][INFO] - Action delay is set to 0 milliseconds

2022-06-24 09:31:13 - [MESSAGE][PASSED] - Browser is opened with url: ' http://mdb-release.diadeis.lan/MediaboxIndependence/?MBI_datasource=RELTESTAUTO_NPP'

2022-06-24 09:31:13 - [TEST_STEP][PASSED] - maximizeWindow(): Current window maximized

2022-06-24 09:31:13 - [MESSAGE][PASSED] - Current window maximized

2022-06-24 09:31:13 - [TEST_STEP][PASSED] - takeScreenshot(): Taking screenshot successfully

2022-06-24 09:31:13 - [MESSAGE][PASSED] - Taking screenshot successfully
[[ATTACHMENT|D:\\Projet Test Auto\\Mediabox Test Automation\\Reports\\20220624_091700\\03. Parallel Testing (Testing)\\TS -PT PART 3\\15.03 NPP Duplication Shortcut (TR) - Part 2\\20220624_091702\\1656055873189.png]]

2022-06-24 09:31:13 - [TEST_STEP][PASSED] - I.Login_password("ncur", password_ncur): Object: 'Object Repository/1. Constant/xpath' is clicked on

2022-06-24 09:31:13 - [MESSAGE][PASSED] - Text 'ncur' is set on object 'Object Repository/1. Constant/xpath'

2022-06-24 09:31:14 - [MESSAGE][PASSED] - Delayed 1 second(s)

2022-06-24 09:31:15 - [MESSAGE][PASSED] - Text 'dchi' is set on object 'Object Repository/1. Constant/xpath'

2022-06-24 09:31:16 - [MESSAGE][PASSED] - Delayed 1 second(s)

2022-06-24 09:31:22 - [MESSAGE][PASSED] - Object: 'Object Repository/1. Constant/xpath' is clicked on

2022-06-24 09:31:22 - [TEST_STEP][PASSED] - takeScreenshot(): Taking screenshot successfully

2022-06-24 09:31:23 - [MESSAGE][PASSED] - Taking screenshot successfully
[[ATTACHMENT|D:\\Projet Test Auto\\Mediabox Test Automation\\Reports\\20220624_091700\\03. Parallel Testing (Testing)\\TS -PT PART 3\\15.03 NPP Duplication Shortcut (TR) - Part 2\\20220624_091702\\1656055882809.png]]

2022-06-24 09:31:23 - [TEST_STEP][PASSED] - click(findTestObject("1. Constant/02_LHSMenu_Projects")): Object: 'Object Repository/1. Constant/02_LHSMenu_Projects' is clicked on

2022-06-24 09:31:47 - [MESSAGE][PASSED] - Object: 'Object Repository/1. Constant/02_LHSMenu_Projects' is clicked on

2022-06-24 09:31:47 - [TEST_STEP][PASSED] - delay(1): Delayed 1 second(s)

2022-06-24 09:31:48 - [MESSAGE][PASSED] - Delayed 1 second(s)

2022-06-24 09:31:48 - [TEST_STEP][PASSED] - I.SearchProjectNo_xpath(Project_No, "//*[@id="keynum_project"]", "//*[@id="form_filters"]/div[9]/button"): Delayed 5 second(s)

2022-06-24 09:31:49 - [MESSAGE][PASSED] - Delayed 1 second(s)

2022-06-24 09:31:50 - [MESSAGE][PASSED] - Text 'MI001083' is set on object 'Object Repository/1. Constant/xpath'

2022-06-24 09:31:53 - [MESSAGE][PASSED] - Delayed 3 second(s)

2022-06-24 09:31:53 - [MESSAGE][PASSED] - Scroll to object 'Object Repository/1. Constant/xpath' successfully

2022-06-24 09:31:57 - [MESSAGE][PASSED] - Object: 'Object Repository/1. Constant/xpath' is clicked on

2022-06-24 09:32:02 - [MESSAGE][PASSED] - Delayed 5 second(s)

2022-06-24 09:32:02 - [TEST_STEP][PASSED] - delay(1): Delayed 1 second(s)

2022-06-24 09:32:03 - [MESSAGE][PASSED] - Delayed 1 second(s)

2022-06-24 09:32:03 - [TEST_STEP][PASSED] - click(findTestObject("1. Constant/xpath", ["xpath":"//*[@id="kt_content"]/div[3]/div/div[2]/div[1]/div[2]/span/div/button"])): Object: 'Object Repository/1. Constant/xpath' is clicked on

2022-06-24 09:32:04 - [MESSAGE][PASSED] - Object: 'Object Repository/1. Constant/xpath' is clicked on

2022-06-24 09:32:04 - [TEST_STEP][PASSED] - delay(1): Delayed 1 second(s)

2022-06-24 09:32:05 - [MESSAGE][PASSED] - Delayed 1 second(s)

2022-06-24 09:32:05 - [TEST_STEP][PASSED] - click(findTestObject("1. Constant/xpath", ["xpath":"//*[@id="btnduplicatereference"]"])): Object: 'Object Repository/1. Constant/xpath' is clicked on

2022-06-24 09:32:07 - [MESSAGE][PASSED] - Object: 'Object Repository/1. Constant/xpath' is clicked on

2022-06-24 09:32:07 - [TEST_STEP][PASSED] - click(findTestObject("1. Constant/xpath", ["xpath":"//*[@id="fiches"]/table/thead/tr/th[1]/label"])): Object: 'Object Repository/1. Constant/xpath' is clicked on

2022-06-24 09:32:08 - [MESSAGE][PASSED] - Object: 'Object Repository/1. Constant/xpath' is clicked on

2022-06-24 09:32:08 - [TEST_STEP][PASSED] - delay(1): Delayed 1 second(s)

2022-06-24 09:32:09 - [MESSAGE][PASSED] - Delayed 1 second(s)

2022-06-24 09:32:09 - [TEST_STEP][PASSED] - click(findTestObject("1. Constant/xpath", ["xpath":"//*[@id="action_btnduplicatereference"]"])): Object: 'Object Repository/1. Constant/xpath' is clicked on

2022-06-24 09:32:12 - [MESSAGE][PASSED] - Object: 'Object Repository/1. Constant/xpath' is clicked on

2022-06-24 09:32:12 - [TEST_STEP][PASSED] - delay(1): Delayed 1 second(s)

2022-06-24 09:32:13 - [MESSAGE][PASSED] - Delayed 1 second(s)

2022-06-24 09:32:13 - [TEST_STEP][PASSED] - takeScreenshot(): Taking screenshot successfully

2022-06-24 09:32:15 - [MESSAGE][PASSED] - Taking screenshot successfully
[[ATTACHMENT|D:\\Projet Test Auto\\Mediabox Test Automation\\Reports\\20220624_091700\\03. Parallel Testing (Testing)\\TS -PT PART 3\\15.03 NPP Duplication Shortcut (TR) - Part 2\\20220624_091702\\1656055934442.png]]

2022-06-24 09:32:15 - [TEST_STEP][PASSED] - click(findTestObject("1. Constant/xpath", ["xpath":"//*[@id="modal_duplicate_reference"]/div/div/div[2]/div/div[8]/div[1]/label[4]"])): Object: 'Object Repository/1. Constant/xpath' is clicked on

2022-06-24 09:32:15 - [MESSAGE][PASSED] - Object: 'Object Repository/1. Constant/xpath' is clicked on

2022-06-24 09:32:15 - [TEST_STEP][PASSED] - I.VerifyMatchText("//*[@id="info_translation_block"]", "This option will duplicate the values from the brief, the source text structure and content, as well as the translations."): Actual text 'This option will duplicate the values from the brief, the source text structure and content, as well as the translations.' and expected text 'This option will duplicate the values from the brief, the source text structure and content, as well as the translations.' are matched 

2022-06-24 09:32:15 - [MESSAGE][PASSED] - Text of object 'Object Repository/1. Constant/xpath' is: 'This option will duplicate the values from the brief, the source text structure and content, as well as the translations.'

2022-06-24 09:32:16 - [MESSAGE][PASSED] - Delayed 1 second(s)

2022-06-24 09:32:16 - [MESSAGE][PASSED] - Actual text 'This option will duplicate the values from the brief, the source text structure and content, as well as the translations.' and expected text 'This option will duplicate the values from the brief, the source text structure and content, as well as the translations.' are matched 

2022-06-24 09:32:16 - [TEST_STEP][PASSED] - No_Reftemplate = getNumberOfTotalOption(findTestObject("1. Constant/xpath", ["xpath":"//*[@id="ref_tpl7"]"])): 1 options of object 'Object Repository/1. Constant/xpath' counted

2022-06-24 09:32:17 - [MESSAGE][PASSED] - 1 options of object 'Object Repository/1. Constant/xpath' counted

2022-06-24 09:32:17 - [TEST_STEP][PASSED] - verifyEqual(No_Reftemplate, "1"): Actual object '1' and expected object '1' are equal

2022-06-24 09:32:17 - [MESSAGE][PASSED] - Actual object '1' and expected object '1' are equal

2022-06-24 09:32:17 - [TEST_STEP][PASSED] - I.VerifyMatchText("//*[@id="select2-ref_tpl7-container"]", "LSS Reference"): Actual text 'LSS Reference' and expected text 'LSS Reference' are matched 

2022-06-24 09:32:17 - [MESSAGE][PASSED] - Text of object 'Object Repository/1. Constant/xpath' is: 'LSS Reference'

2022-06-24 09:32:18 - [MESSAGE][PASSED] - Delayed 1 second(s)

2022-06-24 09:32:18 - [MESSAGE][PASSED] - Actual text 'LSS Reference' and expected text 'LSS Reference' are matched 

2022-06-24 09:32:18 - [TEST_STEP][PASSED] - No_lifetemplate = getNumberOfTotalOption(findTestObject("1. Constant/xpath", ["xpath":"//*[@id="lfc_tpl7"]"])): 5 options of object 'Object Repository/1. Constant/xpath' counted

2022-06-24 09:32:18 - [MESSAGE][PASSED] - 5 options of object 'Object Repository/1. Constant/xpath' counted

2022-06-24 09:32:18 - [TEST_STEP][PASSED] - verifyEqual(No_lifetemplate, "5"): Actual object '5' and expected object '5' are equal

2022-06-24 09:32:18 - [MESSAGE][PASSED] - Actual object '5' and expected object '5' are equal

2022-06-24 09:32:18 - [TEST_STEP][PASSED] - I.VerifyMatchText("//*[@id="select2-lfc_tpl7-container"]", "LSS Lifecycle (3)"): Actual text 'LSS Lifecycle (3)' and expected text 'LSS Lifecycle (3)' are matched 

2022-06-24 09:32:18 - [MESSAGE][PASSED] - Text of object 'Object Repository/1. Constant/xpath' is: 'LSS Lifecycle (3)'

2022-06-24 09:32:19 - [MESSAGE][PASSED] - Delayed 1 second(s)

2022-06-24 09:32:19 - [MESSAGE][PASSED] - Actual text 'LSS Lifecycle (3)' and expected text 'LSS Lifecycle (3)' are matched 

2022-06-24 09:32:19 - [TEST_STEP][PASSED] - click(findTestObject("1. Constant/xpath", ["xpath":"//*[@id="btn_submit_duplication"]"])): Object: 'Object Repository/1. Constant/xpath' is clicked on

2022-06-24 09:32:30 - [MESSAGE][PASSED] - Object: 'Object Repository/1. Constant/xpath' is clicked on

2022-06-24 09:32:30 - [TEST_STEP][PASSED] - I.VerifyMatchText("//*[@id="kt_content"]/div[3]/div/div[2]/div[1]/div[1]/h1/span", "2"): Actual text '2' and expected text '2' are matched 

2022-06-24 09:32:30 - [MESSAGE][PASSED] - Text of object 'Object Repository/1. Constant/xpath' is: '2'

2022-06-24 09:32:31 - [MESSAGE][PASSED] - Delayed 1 second(s)

2022-06-24 09:32:31 - [MESSAGE][PASSED] - Actual text '2' and expected text '2' are matched 

2022-06-24 09:32:31 - [TEST_STEP][PASSED] - I.status_lifecycle(findTestObject("1. Constant/xpath", ["xpath":"//*[@id="fiches"]/table/tbody/tr[3]/td[7]/span[2]"]), "LSS Pre-fill"): Status contain LSS Pre-fill.

2022-06-24 09:32:32 - [MESSAGE][PASSED] - Text of object 'Object Repository/1. Constant/xpath' is: 'LSS Pre-fill'

2022-06-24 09:32:32 - [MESSAGE][PASSED] - Status contain LSS Pre-fill.

2022-06-24 09:32:32 - [TEST_STEP][PASSED] - I.status_lifecycle(findTestObject("1. Constant/xpath", ["xpath":"/html/body/div[1]/div[2]/div[4]/div[3]/div/div[2]/div[2]/table/tbody/tr[4]/td[7]"]), "No lifecycle"): Status contain No lifecycle.

2022-06-24 09:32:32 - [MESSAGE][PASSED] - Text of object 'Object Repository/1. Constant/xpath' is: 'No lifecycle'

2022-06-24 09:32:32 - [MESSAGE][PASSED] - Status contain No lifecycle.

2022-06-24 09:32:32 - [TEST_STEP][PASSED] - click(findTestObject("1. Constant/xpath", ["xpath":"//*[@id="fiches"]/table/tbody/tr[3]/td[5]/a[1]"])): Object: 'Object Repository/1. Constant/xpath' is clicked on

2022-06-24 09:32:37 - [MESSAGE][PASSED] - Object: 'Object Repository/1. Constant/xpath' is clicked on

2022-06-24 09:32:37 - [TEST_STEP][PASSED] - delay(1): Delayed 1 second(s)

2022-06-24 09:32:38 - [MESSAGE][PASSED] - Delayed 1 second(s)

2022-06-24 09:32:38 - [TEST_STEP][PASSED] - refid2 = I.RefID_Npp(): Current window's url is: 'http://mdb-release.diadeis.lan/MediaboxIndependence/Base/ExecAction?action=VoirRef&IDSession=MBI!RELTESTAUTO_NPP!WGQP5A310K29109I305G7YZUZ7VZ8ISRTYYQATI7&num=IMNDKEQ9WX&id_ref=1058059'

2022-06-24 09:32:43 - [MESSAGE][PASSED] - Delayed 5 second(s)

2022-06-24 09:32:43 - [MESSAGE][PASSED] - Current window's url is: 'http://mdb-release.diadeis.lan/MediaboxIndependence/Base/ExecAction?action=VoirRef&IDSession=MBI!RELTESTAUTO_NPP!WGQP5A310K29109I305G7YZUZ7VZ8ISRTYYQATI7&num=IMNDKEQ9WX&id_ref=1058059'

2022-06-24 09:32:43 - [TEST_STEP][PASSED] - click(findTestObject("1. Constant/xpath", ["xpath":"//*[@id="aff_full_brief"]"])): Object: 'Object Repository/1. Constant/xpath' is clicked on

2022-06-24 09:32:43 - [MESSAGE][PASSED] - Object: 'Object Repository/1. Constant/xpath' is clicked on

2022-06-24 09:32:43 - [TEST_STEP][PASSED] - delay(1): Delayed 1 second(s)

2022-06-24 09:32:44 - [MESSAGE][PASSED] - Delayed 1 second(s)

2022-06-24 09:32:44 - [TEST_STEP][PASSED] - I.VerifyMatchText("//*[@id="var_107"]", "Litter"): Actual text 'Litter' and expected text 'Litter' are matched 

2022-06-24 09:32:45 - [MESSAGE][PASSED] - Text of object 'Object Repository/1. Constant/xpath' is: 'Litter'

2022-06-24 09:32:46 - [MESSAGE][PASSED] - Delayed 1 second(s)

2022-06-24 09:32:46 - [MESSAGE][PASSED] - Actual text 'Litter' and expected text 'Litter' are matched 

2022-06-24 09:32:47 - [TEST_STEP][PASSED] - I.VerifyMatchText("//*[@id="var_108"]", "Clumping clay" + "
" + "Corn" + "
" + "Grass"): Actual text 'Clumping clay
Corn
Grass' and expected text 'Clumping clay
Corn
Grass' are matched 

2022-06-24 09:32:47 - [MESSAGE][PASSED] - Text of object 'Object Repository/1. Constant/xpath' is: 'Clumping clay
Corn
Grass'

2022-06-24 09:32:48 - [MESSAGE][PASSED] - Delayed 1 second(s)

2022-06-24 09:32:48 - [MESSAGE][PASSED] - Actual text 'Clumping clay
Corn
Grass' and expected text 'Clumping clay
Corn
Grass' are matched 

2022-06-24 09:32:48 - [TEST_STEP][PASSED] - I.VerifyMatchText("//*[@id="var_110"]", "Variety test"): Actual text 'Variety test' and expected text 'Variety test' are matched 

2022-06-24 09:32:48 - [MESSAGE][PASSED] - Text of object 'Object Repository/1. Constant/xpath' is: 'Variety test'

2022-06-24 09:32:49 - [MESSAGE][PASSED] - Delayed 1 second(s)

2022-06-24 09:32:49 - [MESSAGE][PASSED] - Actual text 'Variety test' and expected text 'Variety test' are matched 

2022-06-24 09:32:49 - [TEST_STEP][PASSED] - I.VerifyMatchText("//*[@id="var_133"]", "Alternative Format code test"): Actual text 'Alternative Format code test' and expected text 'Alternative Format code test' are matched 

2022-06-24 09:32:49 - [MESSAGE][PASSED] - Text of object 'Object Repository/1. Constant/xpath' is: 'Alternative Format code test'

2022-06-24 09:32:50 - [MESSAGE][PASSED] - Delayed 1 second(s)

2022-06-24 09:32:50 - [MESSAGE][PASSED] - Actual text 'Alternative Format code test' and expected text 'Alternative Format code test' are matched 

2022-06-24 09:32:50 - [TEST_STEP][PASSED] - I.VerifyMatchText("//*[@id="var_65"]", "FORMAT Product designation test"): Actual text 'FORMAT Product designation test' and expected text 'FORMAT Product designation test' are matched 

2022-06-24 09:32:51 - [MESSAGE][PASSED] - Text of object 'Object Repository/1. Constant/xpath' is: 'FORMAT Product designation test'

2022-06-24 09:32:52 - [MESSAGE][PASSED] - Delayed 1 second(s)

2022-06-24 09:32:52 - [MESSAGE][PASSED] - Actual text 'FORMAT Product designation test' and expected text 'FORMAT Product designation test' are matched 

2022-06-24 09:32:52 - [TEST_STEP][PASSED] - I.VerifyMatchText("//*[@id="var_103"]", "SAP Designation test > https://www.google.com/"): Actual text 'SAP Designation test > https://www.google.com/' and expected text 'SAP Designation test > https://www.google.com/' are matched 

2022-06-24 09:32:52 - [MESSAGE][PASSED] - Text of object 'Object Repository/1. Constant/xpath' is: 'SAP Designation test > https://www.google.com/'

2022-06-24 09:32:53 - [MESSAGE][PASSED] - Delayed 1 second(s)

2022-06-24 09:32:53 - [MESSAGE][PASSED] - Actual text 'SAP Designation test > https://www.google.com/' and expected text 'SAP Designation test > https://www.google.com/' are matched 

2022-06-24 09:32:53 - [TEST_STEP][PASSED] - I.VerifyMatchText("//*[@id="var_139"]", "Claim Substantiation Project Link > https://www.google.com/"): Actual text 'Claim Substantiation Project Link > https://www.google.com/' and expected text 'Claim Substantiation Project Link > https://www.google.com/' are matched 

2022-06-24 09:32:53 - [MESSAGE][PASSED] - Text of object 'Object Repository/1. Constant/xpath' is: 'Claim Substantiation Project Link > https://www.google.com/'

2022-06-24 09:32:54 - [MESSAGE][PASSED] - Delayed 1 second(s)

2022-06-24 09:32:54 - [MESSAGE][PASSED] - Actual text 'Claim Substantiation Project Link > https://www.google.com/' and expected text 'Claim Substantiation Project Link > https://www.google.com/' are matched 

2022-06-24 09:32:54 - [TEST_STEP][PASSED] - I.VerifyMatchText("//*[@id="var_160"]", "Grading standard link > test"): Actual text 'Grading standard link > test' and expected text 'Grading standard link > test' are matched 

2022-06-24 09:32:54 - [MESSAGE][PASSED] - Text of object 'Object Repository/1. Constant/xpath' is: 'Grading standard link > test'

2022-06-24 09:32:55 - [MESSAGE][PASSED] - Delayed 1 second(s)

2022-06-24 09:32:55 - [MESSAGE][PASSED] - Actual text 'Grading standard link > test' and expected text 'Grading standard link > test' are matched 

2022-06-24 09:32:55 - [TEST_STEP][PASSED] - I.VerifyMatchText("//*[@id="var_62"]", "DPET > test"): Actual text 'DPET > test' and expected text 'DPET > test' are matched 

2022-06-24 09:32:55 - [MESSAGE][PASSED] - Text of object 'Object Repository/1. Constant/xpath' is: 'DPET > test'

2022-06-24 09:32:56 - [MESSAGE][PASSED] - Delayed 1 second(s)

2022-06-24 09:32:56 - [MESSAGE][PASSED] - Actual text 'DPET > test' and expected text 'DPET > test' are matched 

2022-06-24 09:32:57 - [TEST_STEP][PASSED] - I.VerifyMatchText("//*[@id="var_90"]", "Project name > test"): Actual text 'Project name > test' and expected text 'Project name > test' are matched 

2022-06-24 09:32:57 - [MESSAGE][PASSED] - Text of object 'Object Repository/1. Constant/xpath' is: 'Project name > test'

2022-06-24 09:32:58 - [MESSAGE][PASSED] - Delayed 1 second(s)

2022-06-24 09:32:58 - [MESSAGE][PASSED] - Actual text 'Project name > test' and expected text 'Project name > test' are matched 

2022-06-24 09:32:58 - [TEST_STEP][PASSED] - I.VerifyMatchText("//*[@id="var_91"]", "HIP"): Actual text 'HIP' and expected text 'HIP' are matched 

2022-06-24 09:32:58 - [MESSAGE][PASSED] - Text of object 'Object Repository/1. Constant/xpath' is: 'HIP'

2022-06-24 09:32:59 - [MESSAGE][PASSED] - Delayed 1 second(s)

2022-06-24 09:32:59 - [MESSAGE][PASSED] - Actual text 'HIP' and expected text 'HIP' are matched 

2022-06-24 09:32:59 - [TEST_STEP][PASSED] - I.VerifyMatchText("//*[@id="var_71"]", "25/08/2021"): Actual text '25/08/2021' and expected text '25/08/2021' are matched 

2022-06-24 09:32:59 - [MESSAGE][PASSED] - Text of object 'Object Repository/1. Constant/xpath' is: '25/08/2021'

2022-06-24 09:33:00 - [MESSAGE][PASSED] - Delayed 1 second(s)

2022-06-24 09:33:00 - [MESSAGE][PASSED] - Actual text '25/08/2021' and expected text '25/08/2021' are matched 

2022-06-24 09:33:00 - [TEST_STEP][PASSED] - I.VerifyMatchText("//*[@id="var_72"]", "01/12/2021"): Actual text '01/12/2021' and expected text '01/12/2021' are matched 

2022-06-24 09:33:00 - [MESSAGE][PASSED] - Text of object 'Object Repository/1. Constant/xpath' is: '01/12/2021'

2022-06-24 09:33:01 - [MESSAGE][PASSED] - Delayed 1 second(s)

2022-06-24 09:33:01 - [MESSAGE][PASSED] - Actual text '01/12/2021' and expected text '01/12/2021' are matched 

2022-06-24 09:33:01 - [TEST_STEP][PASSED] - I.VerifyMatchText("//*[@id="var_116"]", "01/12/2021"): Actual text '01/12/2021' and expected text '01/12/2021' are matched 

2022-06-24 09:33:01 - [MESSAGE][PASSED] - Text of object 'Object Repository/1. Constant/xpath' is: '01/12/2021'

2022-06-24 09:33:02 - [MESSAGE][PASSED] - Delayed 1 second(s)

2022-06-24 09:33:02 - [MESSAGE][PASSED] - Actual text '01/12/2021' and expected text '01/12/2021' are matched 

2022-06-24 09:33:02 - [TEST_STEP][PASSED] - I.VerifyMatchText("//*[@id="var_89"]", "Project Information - Comments"): Actual text 'Project Information - Comments' and expected text 'Project Information - Comments' are matched 

2022-06-24 09:33:03 - [MESSAGE][PASSED] - Text of object 'Object Repository/1. Constant/xpath' is: 'Project Information - Comments'

2022-06-24 09:33:04 - [MESSAGE][PASSED] - Delayed 1 second(s)

2022-06-24 09:33:04 - [MESSAGE][PASSED] - Actual text 'Project Information - Comments' and expected text 'Project Information - Comments' are matched 

2022-06-24 09:33:04 - [TEST_STEP][PASSED] - I.VerifyMatchText("//*[@id="var_93"]", "Reason for change test"): Actual text 'Reason for change test' and expected text 'Reason for change test' are matched 

2022-06-24 09:33:04 - [MESSAGE][PASSED] - Text of object 'Object Repository/1. Constant/xpath' is: 'Reason for change test'

2022-06-24 09:33:05 - [MESSAGE][PASSED] - Delayed 1 second(s)

2022-06-24 09:33:05 - [MESSAGE][PASSED] - Actual text 'Reason for change test' and expected text 'Reason for change test' are matched 

2022-06-24 09:33:05 - [TEST_STEP][PASSED] - I.VerifyMatchText("//*[@id="var_54"]", "Tidy Cat"): Actual text 'Tidy Cat' and expected text 'Tidy Cat' are matched 

2022-06-24 09:33:05 - [MESSAGE][PASSED] - Text of object 'Object Repository/1. Constant/xpath' is: 'Tidy Cat'

2022-06-24 09:33:06 - [MESSAGE][PASSED] - Delayed 1 second(s)

2022-06-24 09:33:06 - [MESSAGE][PASSED] - Actual text 'Tidy Cat' and expected text 'Tidy Cat' are matched 

2022-06-24 09:33:06 - [TEST_STEP][PASSED] - I.VerifyMatchText("//*[@id="var_106"]", "Tidy Cat - CRYSTALS BLEND"): Actual text 'Tidy Cat - CRYSTALS BLEND' and expected text 'Tidy Cat - CRYSTALS BLEND' are matched 

2022-06-24 09:33:06 - [MESSAGE][PASSED] - Text of object 'Object Repository/1. Constant/xpath' is: 'Tidy Cat - CRYSTALS BLEND'

2022-06-24 09:33:07 - [MESSAGE][PASSED] - Delayed 1 second(s)

2022-06-24 09:33:07 - [MESSAGE][PASSED] - Actual text 'Tidy Cat - CRYSTALS BLEND' and expected text 'Tidy Cat - CRYSTALS BLEND' are matched 

2022-06-24 09:33:07 - [TEST_STEP][PASSED] - I.VerifyMatchText("//*[@id="var_92"]", "Premium"): Actual text 'Premium' and expected text 'Premium' are matched 

2022-06-24 09:33:07 - [MESSAGE][PASSED] - Text of object 'Object Repository/1. Constant/xpath' is: 'Premium'

2022-06-24 09:33:08 - [MESSAGE][PASSED] - Delayed 1 second(s)

2022-06-24 09:33:08 - [MESSAGE][PASSED] - Actual text 'Premium' and expected text 'Premium' are matched 

2022-06-24 09:33:08 - [TEST_STEP][PASSED] - I.VerifyMatchText("//*[@id="var_88"]", "Superfood"): Actual text 'Superfood' and expected text 'Superfood' are matched 

2022-06-24 09:33:09 - [MESSAGE][PASSED] - Text of object 'Object Repository/1. Constant/xpath' is: 'Superfood'

2022-06-24 09:33:10 - [MESSAGE][PASSED] - Delayed 1 second(s)

2022-06-24 09:33:10 - [MESSAGE][PASSED] - Actual text 'Superfood' and expected text 'Superfood' are matched 

2022-06-24 09:33:10 - [TEST_STEP][PASSED] - I.VerifyMatchText("//*[@id="var_86"]", "No color"): Actual text 'No color' and expected text 'No color' are matched 

2022-06-24 09:33:11 - [MESSAGE][PASSED] - Text of object 'Object Repository/1. Constant/xpath' is: 'No color'

2022-06-24 09:33:12 - [MESSAGE][PASSED] - Delayed 1 second(s)

2022-06-24 09:33:12 - [MESSAGE][PASSED] - Actual text 'No color' and expected text 'No color' are matched 

2022-06-24 09:33:12 - [TEST_STEP][PASSED] - I.VerifyMatchText("//*[@id="var_57"]", "Not applicable"): Actual text 'Not applicable' and expected text 'Not applicable' are matched 

2022-06-24 09:33:12 - [MESSAGE][PASSED] - Text of object 'Object Repository/1. Constant/xpath' is: 'Not applicable'

2022-06-24 09:33:13 - [MESSAGE][PASSED] - Delayed 1 second(s)

2022-06-24 09:33:13 - [MESSAGE][PASSED] - Actual text 'Not applicable' and expected text 'Not applicable' are matched 

2022-06-24 09:33:13 - [TEST_STEP][PASSED] - I.VerifyMatchText("//*[@id="var_87"]", "Yes"): Actual text 'Yes' and expected text 'Yes' are matched 

2022-06-24 09:33:14 - [MESSAGE][PASSED] - Text of object 'Object Repository/1. Constant/xpath' is: 'Yes'

2022-06-24 09:33:15 - [MESSAGE][PASSED] - Delayed 1 second(s)

2022-06-24 09:33:15 - [MESSAGE][PASSED] - Actual text 'Yes' and expected text 'Yes' are matched 

2022-06-24 09:33:15 - [TEST_STEP][PASSED] - I.VerifyMatchText("//*[@id="var_109"]", "Complete"): Actual text 'Complete' and expected text 'Complete' are matched 

2022-06-24 09:33:16 - [MESSAGE][PASSED] - Text of object 'Object Repository/1. Constant/xpath' is: 'Complete'

2022-06-24 09:33:17 - [MESSAGE][PASSED] - Delayed 1 second(s)

2022-06-24 09:33:17 - [MESSAGE][PASSED] - Actual text 'Complete' and expected text 'Complete' are matched 

2022-06-24 09:33:17 - [TEST_STEP][PASSED] - I.VerifyMatchText("//*[@id="var_52"]", "Dogs & Cats"): Actual text 'Dogs & Cats' and expected text 'Dogs & Cats' are matched 

2022-06-24 09:33:17 - [MESSAGE][PASSED] - Text of object 'Object Repository/1. Constant/xpath' is: 'Dogs & Cats'

2022-06-24 09:33:18 - [MESSAGE][PASSED] - Delayed 1 second(s)

2022-06-24 09:33:18 - [MESSAGE][PASSED] - Actual text 'Dogs & Cats' and expected text 'Dogs & Cats' are matched 

2022-06-24 09:33:18 - [TEST_STEP][PASSED] - I.VerifyMatchText("//*[@id="var_67"]", "Tidy Cat - Adult"): Actual text 'Tidy Cat - Adult' and expected text 'Tidy Cat - Adult' are matched 

2022-06-24 09:33:20 - [MESSAGE][PASSED] - Text of object 'Object Repository/1. Constant/xpath' is: 'Tidy Cat - Adult'

2022-06-24 09:33:21 - [MESSAGE][PASSED] - Delayed 1 second(s)

2022-06-24 09:33:21 - [MESSAGE][PASSED] - Actual text 'Tidy Cat - Adult' and expected text 'Tidy Cat - Adult' are matched 

2022-06-24 09:33:21 - [TEST_STEP][PASSED] - I.VerifyMatchText("//*[@id="var_140"]", "Light"): Actual text 'Light' and expected text 'Light' are matched 

2022-06-24 09:33:22 - [MESSAGE][PASSED] - Text of object 'Object Repository/1. Constant/xpath' is: 'Light'

2022-06-24 09:33:23 - [MESSAGE][PASSED] - Delayed 1 second(s)

2022-06-24 09:33:23 - [MESSAGE][PASSED] - Actual text 'Light' and expected text 'Light' are matched 

2022-06-24 09:33:23 - [TEST_STEP][PASSED] - I.VerifyMatchText("//*[@id="var_51"]", "All"): Actual text 'All' and expected text 'All' are matched 

2022-06-24 09:33:23 - [MESSAGE][PASSED] - Text of object 'Object Repository/1. Constant/xpath' is: 'All'

2022-06-24 09:33:24 - [MESSAGE][PASSED] - Delayed 1 second(s)

2022-06-24 09:33:24 - [MESSAGE][PASSED] - Actual text 'All' and expected text 'All' are matched 

2022-06-24 09:33:24 - [TEST_STEP][PASSED] - I.VerifyMatchText("//*[@id="var_50"]", "Active"): Actual text 'Active' and expected text 'Active' are matched 

2022-06-24 09:33:24 - [MESSAGE][PASSED] - Text of object 'Object Repository/1. Constant/xpath' is: 'Active'

2022-06-24 09:33:25 - [MESSAGE][PASSED] - Delayed 1 second(s)

2022-06-24 09:33:25 - [MESSAGE][PASSED] - Actual text 'Active' and expected text 'Active' are matched 

2022-06-24 09:33:25 - [TEST_STEP][PASSED] - I.VerifyMatchText("//*[@id="var_64"]", "FR DC SPI Ham" + "
" + "FR PL Montfort"): Actual text 'FR DC SPI Ham
FR PL Montfort' and expected text 'FR DC SPI Ham
FR PL Montfort' are matched 

2022-06-24 09:33:26 - [MESSAGE][PASSED] - Text of object 'Object Repository/1. Constant/xpath' is: 'FR DC SPI Ham
FR PL Montfort'

2022-06-24 09:33:27 - [MESSAGE][PASSED] - Delayed 1 second(s)

2022-06-24 09:33:27 - [MESSAGE][PASSED] - Actual text 'FR DC SPI Ham
FR PL Montfort' and expected text 'FR DC SPI Ham
FR PL Montfort' are matched 

2022-06-24 09:33:27 - [TEST_STEP][PASSED] - I.VerifyMatchText("//*[@id="var_53"]", "FR DC SPI Ham"): Actual text 'FR DC SPI Ham' and expected text 'FR DC SPI Ham' are matched 

2022-06-24 09:33:27 - [MESSAGE][PASSED] - Text of object 'Object Repository/1. Constant/xpath' is: 'FR DC SPI Ham'

2022-06-24 09:33:28 - [MESSAGE][PASSED] - Delayed 1 second(s)

2022-06-24 09:33:28 - [MESSAGE][PASSED] - Actual text 'FR DC SPI Ham' and expected text 'FR DC SPI Ham' are matched 

2022-06-24 09:33:28 - [TEST_STEP][PASSED] - I.VerifyMatchText("//*[@id="var_58"]", "Animal Lovers"): Actual text 'Animal Lovers' and expected text 'Animal Lovers' are matched 

2022-06-24 09:33:28 - [MESSAGE][PASSED] - Text of object 'Object Repository/1. Constant/xpath' is: 'Animal Lovers'

2022-06-24 09:33:29 - [MESSAGE][PASSED] - Delayed 1 second(s)

2022-06-24 09:33:29 - [MESSAGE][PASSED] - Actual text 'Animal Lovers' and expected text 'Animal Lovers' are matched 

2022-06-24 09:33:29 - [TEST_STEP][PASSED] - I.VerifyMatchText("//*[@id="var_59"]", "Deuerer"): Actual text 'Deuerer' and expected text 'Deuerer' are matched 

2022-06-24 09:33:29 - [MESSAGE][PASSED] - Text of object 'Object Repository/1. Constant/xpath' is: 'Deuerer'

2022-06-24 09:33:30 - [MESSAGE][PASSED] - Delayed 1 second(s)

2022-06-24 09:33:30 - [MESSAGE][PASSED] - Actual text 'Deuerer' and expected text 'Deuerer' are matched 

2022-06-24 09:33:30 - [TEST_STEP][PASSED] - I.VerifyMatchText("//*[@id="var_73"]", "Mousse"): Actual text 'Mousse' and expected text 'Mousse' are matched 

2022-06-24 09:33:30 - [MESSAGE][PASSED] - Text of object 'Object Repository/1. Constant/xpath' is: 'Mousse'

2022-06-24 09:33:31 - [MESSAGE][PASSED] - Delayed 1 second(s)

2022-06-24 09:33:31 - [MESSAGE][PASSED] - Actual text 'Mousse' and expected text 'Mousse' are matched 

2022-06-24 09:33:31 - [TEST_STEP][PASSED] - I.VerifyMatchText("//*[@id="var_85"]", "Anna KIM"): Actual text 'Anna KIM' and expected text 'Anna KIM' are matched 

2022-06-24 09:33:32 - [MESSAGE][PASSED] - Text of object 'Object Repository/1. Constant/xpath' is: 'Anna KIM'

2022-06-24 09:33:33 - [MESSAGE][PASSED] - Delayed 1 second(s)

2022-06-24 09:33:33 - [MESSAGE][PASSED] - Actual text 'Anna KIM' and expected text 'Anna KIM' are matched 

2022-06-24 09:33:33 - [TEST_STEP][PASSED] - I.VerifyMatchText("//*[@id="var_82"]", "AnneLise GAUDIN"): Actual text 'AnneLise GAUDIN' and expected text 'AnneLise GAUDIN' are matched 

2022-06-24 09:33:33 - [MESSAGE][PASSED] - Text of object 'Object Repository/1. Constant/xpath' is: 'AnneLise GAUDIN'

2022-06-24 09:33:34 - [MESSAGE][PASSED] - Delayed 1 second(s)

2022-06-24 09:33:34 - [MESSAGE][PASSED] - Actual text 'AnneLise GAUDIN' and expected text 'AnneLise GAUDIN' are matched 

2022-06-24 09:33:34 - [TEST_STEP][PASSED] - I.VerifyMatchText("//*[@id="var_74"]", "Alexandra FRAPPAZ"): Actual text 'Alexandra FRAPPAZ' and expected text 'Alexandra FRAPPAZ' are matched 

2022-06-24 09:33:34 - [MESSAGE][PASSED] - Text of object 'Object Repository/1. Constant/xpath' is: 'Alexandra FRAPPAZ'

2022-06-24 09:33:35 - [MESSAGE][PASSED] - Delayed 1 second(s)

2022-06-24 09:33:35 - [MESSAGE][PASSED] - Actual text 'Alexandra FRAPPAZ' and expected text 'Alexandra FRAPPAZ' are matched 

2022-06-24 09:33:35 - [TEST_STEP][PASSED] - I.VerifyMatchText("//*[@id="var_168"]", "Anastasiia BRAZHNIKOVA PX" + "
" + "Amelia LARKINS" + "
" + "Camille DEMONCHY"): Actual text 'Anastasiia BRAZHNIKOVA PX
Amelia LARKINS
Camille DEMONCHY' and expected text 'Anastasiia BRAZHNIKOVA PX
Amelia LARKINS
Camille DEMONCHY' are matched 

2022-06-24 09:33:36 - [MESSAGE][PASSED] - Text of object 'Object Repository/1. Constant/xpath' is: 'Anastasiia BRAZHNIKOVA PX
Amelia LARKINS
Camille DEMONCHY'

2022-06-24 09:33:37 - [MESSAGE][PASSED] - Delayed 1 second(s)

2022-06-24 09:33:37 - [MESSAGE][PASSED] - Actual text 'Anastasiia BRAZHNIKOVA PX
Amelia LARKINS
Camille DEMONCHY' and expected text 'Anastasiia BRAZHNIKOVA PX
Amelia LARKINS
Camille DEMONCHY' are matched 

2022-06-24 09:33:37 - [TEST_STEP][PASSED] - I.VerifyMatchText("//*[@id="var_60"]", "Adam SVEGAARD (D2D)"): Actual text 'Adam SVEGAARD (D2D)' and expected text 'Adam SVEGAARD (D2D)' are matched 

2022-06-24 09:33:37 - [MESSAGE][PASSED] - Text of object 'Object Repository/1. Constant/xpath' is: 'Adam SVEGAARD (D2D)'

2022-06-24 09:33:38 - [MESSAGE][PASSED] - Delayed 1 second(s)

2022-06-24 09:33:38 - [MESSAGE][PASSED] - Actual text 'Adam SVEGAARD (D2D)' and expected text 'Adam SVEGAARD (D2D)' are matched 

2022-06-24 09:33:38 - [TEST_STEP][PASSED] - I.VerifyMatchText("//*[@id="var_102"]", "Amelie SERMENT"): Actual text 'Amelie SERMENT' and expected text 'Amelie SERMENT' are matched 

2022-06-24 09:33:38 - [MESSAGE][PASSED] - Text of object 'Object Repository/1. Constant/xpath' is: 'Amelie SERMENT'

2022-06-24 09:33:39 - [MESSAGE][PASSED] - Delayed 1 second(s)

2022-06-24 09:33:39 - [MESSAGE][PASSED] - Actual text 'Amelie SERMENT' and expected text 'Amelie SERMENT' are matched 

2022-06-24 09:33:39 - [TEST_STEP][PASSED] - I.VerifyMatchText("//*[@id="var_63"]", "Alexandra SAVREUX (E2E)"): Actual text 'Alexandra SAVREUX (E2E)' and expected text 'Alexandra SAVREUX (E2E)' are matched 

2022-06-24 09:33:39 - [MESSAGE][PASSED] - Text of object 'Object Repository/1. Constant/xpath' is: 'Alexandra SAVREUX (E2E)'

2022-06-24 09:33:40 - [MESSAGE][PASSED] - Delayed 1 second(s)

2022-06-24 09:33:40 - [MESSAGE][PASSED] - Actual text 'Alexandra SAVREUX (E2E)' and expected text 'Alexandra SAVREUX (E2E)' are matched 

2022-06-24 09:33:40 - [TEST_STEP][PASSED] - I.VerifyMatchText("//*[@id="var_161"]", "Ana CHAVES"): Actual text 'Ana CHAVES' and expected text 'Ana CHAVES' are matched 

2022-06-24 09:33:41 - [MESSAGE][PASSED] - Text of object 'Object Repository/1. Constant/xpath' is: 'Ana CHAVES'

2022-06-24 09:33:42 - [MESSAGE][PASSED] - Delayed 1 second(s)

2022-06-24 09:33:42 - [MESSAGE][PASSED] - Actual text 'Ana CHAVES' and expected text 'Ana CHAVES' are matched 

2022-06-24 09:33:42 - [TEST_STEP][PASSED] - I.VerifyMatchText("//*[@id="var_66"]", "No"): Actual text 'No' and expected text 'No' are matched 

2022-06-24 09:33:42 - [MESSAGE][PASSED] - Text of object 'Object Repository/1. Constant/xpath' is: 'No'

2022-06-24 09:33:43 - [MESSAGE][PASSED] - Delayed 1 second(s)

2022-06-24 09:33:43 - [MESSAGE][PASSED] - Actual text 'No' and expected text 'No' are matched 

2022-06-24 09:33:43 - [TEST_STEP][PASSED] - I.VerifyMatchText("//*[@id="var_142"]", "No"): Actual text 'No' and expected text 'No' are matched 

2022-06-24 09:33:43 - [MESSAGE][PASSED] - Text of object 'Object Repository/1. Constant/xpath' is: 'No'

2022-06-24 09:33:44 - [MESSAGE][PASSED] - Delayed 1 second(s)

2022-06-24 09:33:44 - [MESSAGE][PASSED] - Actual text 'No' and expected text 'No' are matched 

2022-06-24 09:33:44 - [TEST_STEP][PASSED] - I.VerifyMatchText("//*[@id="var_143"]", "No"): Actual text 'No' and expected text 'No' are matched 

2022-06-24 09:33:44 - [MESSAGE][PASSED] - Text of object 'Object Repository/1. Constant/xpath' is: 'No'

2022-06-24 09:33:45 - [MESSAGE][PASSED] - Delayed 1 second(s)

2022-06-24 09:33:45 - [MESSAGE][PASSED] - Actual text 'No' and expected text 'No' are matched 

2022-06-24 09:33:45 - [TEST_STEP][PASSED] - I.VerifyMatchText("//*[@id="var_119"]", "LATAM"): Actual text 'LATAM' and expected text 'LATAM' are matched 

2022-06-24 09:33:45 - [MESSAGE][PASSED] - Text of object 'Object Repository/1. Constant/xpath' is: 'LATAM'

2022-06-24 09:33:46 - [MESSAGE][PASSED] - Delayed 1 second(s)

2022-06-24 09:33:46 - [MESSAGE][PASSED] - Actual text 'LATAM' and expected text 'LATAM' are matched 

2022-06-24 09:33:46 - [TEST_STEP][PASSED] - I.VerifyMatchText("//*[@id="var_79"]", "Bag - Woven"): Actual text 'Bag - Woven' and expected text 'Bag - Woven' are matched 

2022-06-24 09:33:47 - [MESSAGE][PASSED] - Text of object 'Object Repository/1. Constant/xpath' is: 'Bag - Woven'

2022-06-24 09:33:48 - [MESSAGE][PASSED] - Delayed 1 second(s)

2022-06-24 09:33:48 - [MESSAGE][PASSED] - Actual text 'Bag - Woven' and expected text 'Bag - Woven' are matched 

2022-06-24 09:33:48 - [TEST_STEP][PASSED] - I.VerifyMatchText("//*[@id="var_78"]", "1.1kg" + "
" + "1.2kg"): Actual text '1.1kg
1.2kg' and expected text '1.1kg
1.2kg' are matched 

2022-06-24 09:33:48 - [MESSAGE][PASSED] - Text of object 'Object Repository/1. Constant/xpath' is: '1.1kg
1.2kg'

2022-06-24 09:33:49 - [MESSAGE][PASSED] - Delayed 1 second(s)

2022-06-24 09:33:49 - [MESSAGE][PASSED] - Actual text '1.1kg
1.2kg' and expected text '1.1kg
1.2kg' are matched 

2022-06-24 09:33:49 - [TEST_STEP][PASSED] - I.VerifyMatchText("//*[@id="var_61"]", "Vet"): Actual text 'Vet' and expected text 'Vet' are matched 

2022-06-24 09:33:50 - [MESSAGE][PASSED] - Text of object 'Object Repository/1. Constant/xpath' is: 'Vet'

2022-06-24 09:33:51 - [MESSAGE][PASSED] - Delayed 1 second(s)

2022-06-24 09:33:51 - [MESSAGE][PASSED] - Actual text 'Vet' and expected text 'Vet' are matched 

2022-06-24 09:33:51 - [TEST_STEP][PASSED] - I.VerifyMatchText("//*[@id="var_104"]", "Albania" + "
" + "Austria"): Actual text 'Albania
Austria' and expected text 'Albania
Austria' are matched 

2022-06-24 09:33:51 - [MESSAGE][PASSED] - Text of object 'Object Repository/1. Constant/xpath' is: 'Albania
Austria'

2022-06-24 09:33:52 - [MESSAGE][PASSED] - Delayed 1 second(s)

2022-06-24 09:33:52 - [MESSAGE][PASSED] - Actual text 'Albania
Austria' and expected text 'Albania
Austria' are matched 

2022-06-24 09:33:52 - [TEST_STEP][PASSED] - I.VerifyMatchText("//*[@id="var_84"]", "Anna KIM"): Actual text 'Anna KIM' and expected text 'Anna KIM' are matched 

2022-06-24 09:33:52 - [MESSAGE][PASSED] - Text of object 'Object Repository/1. Constant/xpath' is: 'Anna KIM'

2022-06-24 09:33:53 - [MESSAGE][PASSED] - Delayed 1 second(s)

2022-06-24 09:33:53 - [MESSAGE][PASSED] - Actual text 'Anna KIM' and expected text 'Anna KIM' are matched 

2022-06-24 09:33:53 - [TEST_STEP][PASSED] - I.VerifyMatchText("//*[@id="var_76"]", "Alexandra FRAPPAZ"): Actual text 'Alexandra FRAPPAZ' and expected text 'Alexandra FRAPPAZ' are matched 

2022-06-24 09:33:54 - [MESSAGE][PASSED] - Text of object 'Object Repository/1. Constant/xpath' is: 'Alexandra FRAPPAZ'

2022-06-24 09:33:55 - [MESSAGE][PASSED] - Delayed 1 second(s)

2022-06-24 09:33:55 - [MESSAGE][PASSED] - Actual text 'Alexandra FRAPPAZ' and expected text 'Alexandra FRAPPAZ' are matched 

2022-06-24 09:33:55 - [TEST_STEP][PASSED] - I.VerifyMatchText("//*[@id="var_56"]", "Amelie SERMENT"): Actual text 'Amelie SERMENT' and expected text 'Amelie SERMENT' are matched 

2022-06-24 09:33:55 - [MESSAGE][PASSED] - Text of object 'Object Repository/1. Constant/xpath' is: 'Amelie SERMENT'

2022-06-24 09:33:56 - [MESSAGE][PASSED] - Delayed 1 second(s)

2022-06-24 09:33:56 - [MESSAGE][PASSED] - Actual text 'Amelie SERMENT' and expected text 'Amelie SERMENT' are matched 

2022-06-24 09:33:56 - [TEST_STEP][PASSED] - I.VerifyMatchText("//*[@id="var_169"]", "Version History"): Actual text 'Version History' and expected text 'Version History' are matched 

2022-06-24 09:33:56 - [MESSAGE][PASSED] - Text of object 'Object Repository/1. Constant/xpath' is: 'Version History'

2022-06-24 09:33:57 - [MESSAGE][PASSED] - Delayed 1 second(s)

2022-06-24 09:33:57 - [MESSAGE][PASSED] - Actual text 'Version History' and expected text 'Version History' are matched 

2022-06-24 09:33:57 - [TEST_STEP][PASSED] - delay(1): Delayed 1 second(s)

2022-06-24 09:33:58 - [MESSAGE][PASSED] - Delayed 1 second(s)

2022-06-24 09:33:58 - [TEST_STEP][PASSED] - click(findTestObject("1. Constant/xpath", ["xpath":"//*[@id="kt_content"]/div[3]/div/ul/li[3]/a"])): Object: 'Object Repository/1. Constant/xpath' is clicked on

2022-06-24 09:34:00 - [MESSAGE][PASSED] - Object: 'Object Repository/1. Constant/xpath' is clicked on

2022-06-24 09:34:00 - [TEST_STEP][PASSED] - delay(1): Delayed 1 second(s)

2022-06-24 09:34:01 - [MESSAGE][PASSED] - Delayed 1 second(s)

2022-06-24 09:34:01 - [TEST_STEP][PASSED] - I.VerifyMatchText("//*[@id="tab_lifecycle"]/div/h3", "LSS Lifecycle (3)"): Actual text 'LSS Lifecycle (3)' and expected text 'LSS Lifecycle (3)' are matched 

2022-06-24 09:34:02 - [MESSAGE][PASSED] - Text of object 'Object Repository/1. Constant/xpath' is: 'LSS Lifecycle (3)'

2022-06-24 09:34:03 - [MESSAGE][PASSED] - Delayed 1 second(s)

2022-06-24 09:34:03 - [MESSAGE][PASSED] - Actual text 'LSS Lifecycle (3)' and expected text 'LSS Lifecycle (3)' are matched 

2022-06-24 09:34:03 - [TEST_STEP][PASSED] - delay(1): Delayed 1 second(s)

2022-06-24 09:34:04 - [MESSAGE][PASSED] - Delayed 1 second(s)

2022-06-24 09:34:04 - [TEST_STEP][PASSED] - click(findTestObject("1. Constant/xpath", ["xpath":"//*[@id="kt_content"]/div[3]/div/ul/li[1]/a"])): Object: 'Object Repository/1. Constant/xpath' is clicked on

2022-06-24 09:34:04 - [MESSAGE][PASSED] - Object: 'Object Repository/1. Constant/xpath' is clicked on

2022-06-24 09:34:04 - [TEST_STEP][PASSED] - delay(1): Delayed 1 second(s)

2022-06-24 09:34:05 - [MESSAGE][PASSED] - Delayed 1 second(s)

2022-06-24 09:34:05 - [TEST_STEP][PASSED] - click(findTestObject("1. Constant/xpath", ["xpath":"//*[@id="aff_text_content_brief"]"])): Object: 'Object Repository/1. Constant/xpath' is clicked on

2022-06-24 09:34:05 - [MESSAGE][PASSED] - Object: 'Object Repository/1. Constant/xpath' is clicked on

2022-06-24 09:34:05 - [TEST_STEP][PASSED] - delay(5): Delayed 5 second(s)

2022-06-24 09:34:10 - [MESSAGE][PASSED] - Delayed 5 second(s)

2022-06-24 09:34:10 - [TEST_STEP][PASSED] - ExpectedValue3 = "Analytical Constituents:" + "
" + "protein: %," + "
" + "fat content: %," + "
" + "crude ash: %," + "
" + "crude fibre: %," + "
" + "omega 6 fatty acids: %.": null

2022-06-24 09:34:10 - [TEST_STEP][PASSED] - ExpectedValue4 = "Analytical constituents:" + "
" + "Protein: %," + "
" + "Fat content: %," + "
" + "Crude ash: %," + "
" + "Crude fibre: %," + "
" + "Omega 6 fatty acids: %.": null

2022-06-24 09:34:10 - [TEST_STEP][PASSED] - I.Verify_Table_getdata("//*[@id="table_body"]", 0, 15, ExpectedValue3): Actual text 'Analytical Constituents:
protein: %,
fat content: %,
crude ash: %,
crude fibre: %,
omega 6 fatty acids: %.' and expected text 'Analytical Constituents:
protein: %,
fat content: %,
crude ash: %,
crude fibre: %,
omega 6 fatty acids: %.' are matched 

2022-06-24 09:34:12 - [MESSAGE][PASSED] - Actual text 'Analytical Constituents:
protein: %,
fat content: %,
crude ash: %,
crude fibre: %,
omega 6 fatty acids: %.' and expected text 'Analytical Constituents:
protein: %,
fat content: %,
crude ash: %,
crude fibre: %,
omega 6 fatty acids: %.' are matched 

2022-06-24 09:34:12 - [TEST_STEP][PASSED] - I.Verify_Table_getdata("//*[@id="table_body"]", 0, 16, ExpectedValue4): Actual text 'Analytical constituents:
Protein: %,
Fat content: %,
Crude ash: %,
Crude fibre: %,
Omega 6 fatty acids: %.' and expected text 'Analytical constituents:
Protein: %,
Fat content: %,
Crude ash: %,
Crude fibre: %,
Omega 6 fatty acids: %.' are matched 

2022-06-24 09:34:12 - [MESSAGE][PASSED] - Actual text 'Analytical constituents:
Protein: %,
Fat content: %,
Crude ash: %,
Crude fibre: %,
Omega 6 fatty acids: %.' and expected text 'Analytical constituents:
Protein: %,
Fat content: %,
Crude ash: %,
Crude fibre: %,
Omega 6 fatty acids: %.' are matched 

2022-06-24 09:34:12 - [TEST_STEP][PASSED] - click(findTestObject("1. Constant/xpath", ["xpath":"//*[@id="aff_phase_brief"]"])): Object: 'Object Repository/1. Constant/xpath' is clicked on

2022-06-24 09:34:14 - [MESSAGE][PASSED] - Object: 'Object Repository/1. Constant/xpath' is clicked on

2022-06-24 09:34:14 - [TEST_STEP][PASSED] - click(findTestObject("1. Constant/xpath", ["xpath":"//*[@id="btn_view_ref_parent"]"])): Object: 'Object Repository/1. Constant/xpath' is clicked on

2022-06-24 09:34:21 - [MESSAGE][PASSED] - Object: 'Object Repository/1. Constant/xpath' is clicked on

2022-06-24 09:34:21 - [TEST_STEP][PASSED] - takeScreenshot(): Taking screenshot successfully

2022-06-24 09:34:24 - [MESSAGE][PASSED] - Taking screenshot successfully
[[ATTACHMENT|D:\\Projet Test Auto\\Mediabox Test Automation\\Reports\\20220624_091700\\03. Parallel Testing (Testing)\\TS -PT PART 3\\15.03 NPP Duplication Shortcut (TR) - Part 2\\20220624_091702\\1656056062554.png]]

2022-06-24 09:34:24 - [TEST_STEP][PASSED] - delay(1): Delayed 1 second(s)

2022-06-24 09:34:25 - [MESSAGE][PASSED] - Delayed 1 second(s)

2022-06-24 09:34:25 - [TEST_STEP][PASSED] - parent_refid = I.RefID_Npp(): Current window's url is: 'http://mdb-release.diadeis.lan/MediaboxIndependence/Base/ExecAction?action=VoirRef&IDSession=MBI!RELTESTAUTO_NPP!WGQP5A310K29109I305G7YZUZ7VZ8ISRTYYQATI7&num=L797F30Q0C&id_ref=1058054'

2022-06-24 09:34:30 - [MESSAGE][PASSED] - Delayed 5 second(s)

2022-06-24 09:34:30 - [MESSAGE][PASSED] - Current window's url is: 'http://mdb-release.diadeis.lan/MediaboxIndependence/Base/ExecAction?action=VoirRef&IDSession=MBI!RELTESTAUTO_NPP!WGQP5A310K29109I305G7YZUZ7VZ8ISRTYYQATI7&num=L797F30Q0C&id_ref=1058054'

2022-06-24 09:34:30 - [TEST_STEP][PASSED] - verifyNotMatch(parent_refid, refID, false): Actual text '1058054' and expected text '' are not matched 

2022-06-24 09:34:30 - [MESSAGE][PASSED] - Actual text '1058054' and expected text '' are not matched 

2022-06-24 09:34:30 - [TEST_STEP][PASSED] - I.Logout_xpath("//*[@id="kt_header"]/div/div[2]/div[2]/div[1]/div/span/img", "//*[@id="kt_header"]/div/div[2]/div[2]/div[2]/a[2]"): Wait for page load successfully

2022-06-24 09:34:32 - [MESSAGE][PASSED] - Object: 'Object Repository/1. Constant/xpath' is clicked on

2022-06-24 09:34:33 - [MESSAGE][PASSED] - Delayed 1 second(s)

2022-06-24 09:34:42 - [MESSAGE][PASSED] - Object: 'Object Repository/1. Constant/xpath' is clicked on

2022-06-24 09:34:43 - [MESSAGE][PASSED] - Delayed 1 second(s)

2022-06-24 09:34:44 - [MESSAGE][PASSED] - Wait for page load successfully

2022-06-24 09:34:44 - [TEST_STEP][PASSED] - I.Login_password("akim", password_akim): Object: 'Object Repository/1. Constant/xpath' is clicked on

2022-06-24 09:34:44 - [MESSAGE][PASSED] - Text 'akim' is set on object 'Object Repository/1. Constant/xpath'

2022-06-24 09:34:45 - [MESSAGE][PASSED] - Delayed 1 second(s)

2022-06-24 09:34:47 - [MESSAGE][PASSED] - Text 'dchi' is set on object 'Object Repository/1. Constant/xpath'

2022-06-24 09:34:48 - [MESSAGE][PASSED] - Delayed 1 second(s)

2022-06-24 09:34:54 - [MESSAGE][PASSED] - Object: 'Object Repository/1. Constant/xpath' is clicked on

2022-06-24 09:34:54 - [TEST_STEP][PASSED] - takeScreenshot(): Taking screenshot successfully

2022-06-24 09:34:54 - [MESSAGE][PASSED] - Taking screenshot successfully
[[ATTACHMENT|D:\\Projet Test Auto\\Mediabox Test Automation\\Reports\\20220624_091700\\03. Parallel Testing (Testing)\\TS -PT PART 3\\15.03 NPP Duplication Shortcut (TR) - Part 2\\20220624_091702\\1656056094273.png]]

2022-06-24 09:34:54 - [TEST_STEP][PASSED] - click(findTestObject("1. Constant/02_LHSMenu_Projects")): Object: 'Object Repository/1. Constant/02_LHSMenu_Projects' is clicked on

2022-06-24 09:35:09 - [MESSAGE][PASSED] - Object: 'Object Repository/1. Constant/02_LHSMenu_Projects' is clicked on

2022-06-24 09:35:09 - [TEST_STEP][PASSED] - I.SearchProjectNo_xpath(Project_No, "//*[@id="keynum_project"]", "//*[@id="form_filters"]/div[20]/button"): Delayed 5 second(s)

2022-06-24 09:35:10 - [MESSAGE][PASSED] - Delayed 1 second(s)

2022-06-24 09:35:10 - [MESSAGE][PASSED] - Text 'MI001083' is set on object 'Object Repository/1. Constant/xpath'

2022-06-24 09:35:13 - [MESSAGE][PASSED] - Delayed 3 second(s)

2022-06-24 09:35:13 - [MESSAGE][PASSED] - Scroll to object 'Object Repository/1. Constant/xpath' successfully

2022-06-24 09:35:17 - [MESSAGE][PASSED] - Object: 'Object Repository/1. Constant/xpath' is clicked on

2022-06-24 09:35:22 - [MESSAGE][PASSED] - Delayed 5 second(s)

2022-06-24 09:35:22 - [TEST_STEP][PASSED] - delay(1): Delayed 1 second(s)

2022-06-24 09:35:23 - [MESSAGE][PASSED] - Delayed 1 second(s)

2022-06-24 09:35:23 - [TEST_STEP][PASSED] - I.superedit_ref(findTestObject("1. Constant/xpath", ["xpath":"//*[@id="fiches"]/table/tbody/tr[3]/td[9]/div[2]/button"]), findTestObject("1. Constant/xpath", ["xpath":"//*[@id="fiches"]/table/tbody/tr[3]/td[9]/div[2]/div/a[4]"])): Object: 'Object Repository/1. Constant/xpath' is clicked on

2022-06-24 09:35:23 - [MESSAGE][PASSED] - Object: 'Object Repository/1. Constant/xpath' is clicked on

2022-06-24 09:35:26 - [MESSAGE][PASSED] - Delayed 3 second(s)

2022-06-24 09:35:30 - [MESSAGE][PASSED] - Object: 'Object Repository/1. Constant/xpath' is clicked on

2022-06-24 09:35:30 - [TEST_STEP][PASSED] - setText(findTestObject("1. Constant/xpath", ["xpath":"//*[@id="var_110"]"]), "Super edit Variety"): Text 'Super edit Variety' is set on object 'Object Repository/1. Constant/xpath'

2022-06-24 09:35:33 - [MESSAGE][PASSED] - Text 'Super edit Variety' is set on object 'Object Repository/1. Constant/xpath'

2022-06-24 09:35:33 - [TEST_STEP][PASSED] - I.Pagedown(): Execute JavaScript 'window.scrollTo(0, document.body.scrollHeight)' successfully

2022-06-24 09:35:33 - [MESSAGE][PASSED] - Execute JavaScript 'window.scrollTo(0, document.body.scrollHeight)' successfully

2022-06-24 09:35:33 - [TEST_STEP][PASSED] - click(findTestObject("1. Constant/xpath", ["xpath":"//*[@id="ModifFiche"]/div[3]/div/button"])): Object: 'Object Repository/1. Constant/xpath' is clicked on

2022-06-24 09:35:39 - [MESSAGE][PASSED] - Object: 'Object Repository/1. Constant/xpath' is clicked on

2022-06-24 09:35:39 - [TEST_STEP][PASSED] - delay(1): Delayed 1 second(s)

2022-06-24 09:35:40 - [MESSAGE][PASSED] - Delayed 1 second(s)

2022-06-24 09:35:40 - [TEST_STEP][PASSED] - click(findTestObject("1. Constant/xpath", ["xpath":"//*[@id="fiches"]/table/tbody/tr[3]/td[9]/a"])): Object: 'Object Repository/1. Constant/xpath' is clicked on

2022-06-24 09:35:45 - [MESSAGE][PASSED] - Object: 'Object Repository/1. Constant/xpath' is clicked on

2022-06-24 09:35:45 - [TEST_STEP][PASSED] - Actual_Edited_Variety = getAttribute(findTestObject("1. Constant/xpath", ["xpath":"//*[@id="var_110"]"]), "value"): Attribute 'value' of object 'Object Repository/1. Constant/xpath' is: 'Super edit Variety'

2022-06-24 09:35:45 - [MESSAGE][PASSED] - Attribute 'value' of object 'Object Repository/1. Constant/xpath' is: 'Super edit Variety'

2022-06-24 09:35:45 - [TEST_STEP][PASSED] - verifyMatch(Actual_Edited_Variety, "Super edit Variety", false): Actual text 'Super edit Variety' and expected text 'Super edit Variety' are matched 

2022-06-24 09:35:45 - [MESSAGE][PASSED] - Actual text 'Super edit Variety' and expected text 'Super edit Variety' are matched 

2022-06-24 09:35:45 - [TEST_STEP][PASSED] - click(findTestObject("1. Constant/xpath", ["xpath":"//*[@id="ModifFiche"]/div[1]/div/button[2]"])): Object: 'Object Repository/1. Constant/xpath' is clicked on

2022-06-24 09:35:52 - [MESSAGE][PASSED] - Object: 'Object Repository/1. Constant/xpath' is clicked on

2022-06-24 09:35:52 - [TEST_STEP][PASSED] - I.status_lifecycle(findTestObject("1. Constant/xpath", ["xpath":"//*[@id="fiches"]/table/tbody/tr[3]/td[7]/span[2]"]), "LSS Creation"): Status contain LSS Creation.

2022-06-24 09:35:52 - [MESSAGE][PASSED] - Text of object 'Object Repository/1. Constant/xpath' is: 'LSS Creation'

2022-06-24 09:35:52 - [MESSAGE][PASSED] - Status contain LSS Creation.

2022-06-24 09:35:52 - [TEST_STEP][PASSED] - closeBrowser(): Browser is closed

2022-06-24 09:35:54 - [MESSAGE][PASSED] - Browser is closed

2022-06-24 09:35:54 - [TEST_STEP][PASSED] - Start listener action : sampleAfterTestCase: null]]></system-out>
         <system-err><![CDATA[]]></system-err>
      </testcase>
      <testcase name="Test Cases/20. Sephora_NPP Duplication Standard_ Duplication Shortcut/20.12 NPP Duplication Shortcut In this Project_Content Source Text - Used 20.08 _20.11 P8" time="310.059" classname="Test Cases/20. Sephora_NPP Duplication Standard_ Duplication Shortcut/20.12 NPP Duplication Shortcut In this Project_Content Source Text - Used 20.08 _20.11 P8" status="PASSED">
         <system-out><![CDATA[2022-06-24 09:35:55 - [TEST_CASE][PASSED] - Test Cases/20. Sephora_NPP Duplication Standard_ Duplication Shortcut/20.12 NPP Duplication Shortcut In this Project_Content Source Text - Used 20.08 _20.11 P8: Test Cases/20. Sephora_NPP Duplication Standard_ Duplication Shortcut/20.12 NPP Duplication Shortcut In this Project_Content Source Text - Used 20.08 _20.11 P8

2022-06-24 09:35:55 - [TEST_STEP][PASSED] - data_Npp = findTestData("Data Files/Username_Password/Npp"): null

2022-06-24 09:35:55 - [TEST_STEP][PASSED] - password_ncur = data_Npp.getValue(2, 1): null

2022-06-24 09:35:55 - [TEST_STEP][PASSED] - password_akim = data_Npp.getValue(2, 2): null

2022-06-24 09:35:55 - [TEST_STEP][PASSED] - data_urlRELAUTO = findTestData("Data Files/URL/URL_relauto"): null

2022-06-24 09:35:55 - [TEST_STEP][PASSED] - Url_Npp = data_urlRELAUTO.getValue(2, 5): null

2022-06-24 09:35:55 - [TEST_STEP][PASSED] - Project_No = I.readnotepad("D:\Upoad_File\Projet_ Login\NPP\16.08\20.08_NPP_ProjectNo.txt"): null

2022-06-24 09:35:55 - [TEST_STEP][PASSED] - refID = I.readnotepad("D:\Upoad_File\Projet_ Login\NPP\16.08\20.08_NPP_refID.txt"): null

2022-06-24 09:35:55 - [TEST_STEP][PASSED] - openBrowser(Url_Npp): Browser is opened with url: ' http://mdb-release.diadeis.lan/MediaboxIndependence/?MBI_datasource=RELTESTAUTO_NPP'

2022-06-24 09:35:55 - [MESSAGE][INFO] - Starting 'Chrome (headless)' driver

2022-06-24 09:35:55 - [MESSAGE][INFO] - User set preference: ['args', '[--window-size=1920,1080, --headless]']

2022-06-24 09:35:55 - [MESSAGE][INFO] - Action delay is set to 0 milliseconds

2022-06-24 09:36:07 - [MESSAGE][PASSED] - Browser is opened with url: ' http://mdb-release.diadeis.lan/MediaboxIndependence/?MBI_datasource=RELTESTAUTO_NPP'

2022-06-24 09:36:07 - [TEST_STEP][PASSED] - maximizeWindow(): Current window maximized

2022-06-24 09:36:08 - [MESSAGE][PASSED] - Current window maximized

2022-06-24 09:36:08 - [TEST_STEP][PASSED] - takeScreenshot(): Taking screenshot successfully

2022-06-24 09:36:08 - [MESSAGE][PASSED] - Taking screenshot successfully
[[ATTACHMENT|D:\\Projet Test Auto\\Mediabox Test Automation\\Reports\\20220624_091700\\03. Parallel Testing (Testing)\\TS -PT PART 3\\15.03 NPP Duplication Shortcut (TR) - Part 2\\20220624_091702\\1656056168276.png]]

2022-06-24 09:36:08 - [TEST_STEP][PASSED] - I.Login_password("ncur", password_ncur): Object: 'Object Repository/1. Constant/xpath' is clicked on

2022-06-24 09:36:09 - [MESSAGE][PASSED] - Text 'ncur' is set on object 'Object Repository/1. Constant/xpath'

2022-06-24 09:36:10 - [MESSAGE][PASSED] - Delayed 1 second(s)

2022-06-24 09:36:10 - [MESSAGE][PASSED] - Text 'dchi' is set on object 'Object Repository/1. Constant/xpath'

2022-06-24 09:36:11 - [MESSAGE][PASSED] - Delayed 1 second(s)

2022-06-24 09:36:17 - [MESSAGE][PASSED] - Object: 'Object Repository/1. Constant/xpath' is clicked on

2022-06-24 09:36:17 - [TEST_STEP][PASSED] - takeScreenshot(): Taking screenshot successfully

2022-06-24 09:36:19 - [MESSAGE][PASSED] - Taking screenshot successfully
[[ATTACHMENT|D:\\Projet Test Auto\\Mediabox Test Automation\\Reports\\20220624_091700\\03. Parallel Testing (Testing)\\TS -PT PART 3\\15.03 NPP Duplication Shortcut (TR) - Part 2\\20220624_091702\\1656056178833.png]]

2022-06-24 09:36:19 - [TEST_STEP][PASSED] - click(findTestObject("1. Constant/02_LHSMenu_Projects")): Object: 'Object Repository/1. Constant/02_LHSMenu_Projects' is clicked on

2022-06-24 09:36:36 - [MESSAGE][PASSED] - Object: 'Object Repository/1. Constant/02_LHSMenu_Projects' is clicked on

2022-06-24 09:36:36 - [TEST_STEP][PASSED] - delay(1): Delayed 1 second(s)

2022-06-24 09:36:37 - [MESSAGE][PASSED] - Delayed 1 second(s)

2022-06-24 09:36:37 - [TEST_STEP][PASSED] - I.SearchProjectNo_xpath(Project_No, "//*[@id="keynum_project"]", "//*[@id="form_filters"]/div[9]/button"): Delayed 5 second(s)

2022-06-24 09:36:38 - [MESSAGE][PASSED] - Delayed 1 second(s)

2022-06-24 09:36:39 - [MESSAGE][PASSED] - Text 'MI001083' is set on object 'Object Repository/1. Constant/xpath'

2022-06-24 09:36:42 - [MESSAGE][PASSED] - Delayed 3 second(s)

2022-06-24 09:36:43 - [MESSAGE][PASSED] - Scroll to object 'Object Repository/1. Constant/xpath' successfully

2022-06-24 09:36:48 - [MESSAGE][PASSED] - Object: 'Object Repository/1. Constant/xpath' is clicked on

2022-06-24 09:36:53 - [MESSAGE][PASSED] - Delayed 5 second(s)

2022-06-24 09:36:53 - [TEST_STEP][PASSED] - delay(1): Delayed 1 second(s)

2022-06-24 09:36:54 - [MESSAGE][PASSED] - Delayed 1 second(s)

2022-06-24 09:36:54 - [TEST_STEP][PASSED] - click(findTestObject("1. Constant/xpath", ["xpath":"//*[@id="kt_content"]/div[3]/div/div[2]/div[1]/div[2]/span/div/button"])): Object: 'Object Repository/1. Constant/xpath' is clicked on

2022-06-24 09:36:55 - [MESSAGE][PASSED] - Object: 'Object Repository/1. Constant/xpath' is clicked on

2022-06-24 09:36:55 - [TEST_STEP][PASSED] - delay(1): Delayed 1 second(s)

2022-06-24 09:36:56 - [MESSAGE][PASSED] - Delayed 1 second(s)

2022-06-24 09:36:56 - [TEST_STEP][PASSED] - click(findTestObject("1. Constant/xpath", ["xpath":"//*[@id="btnduplicatereference"]"])): Object: 'Object Repository/1. Constant/xpath' is clicked on

2022-06-24 09:36:57 - [MESSAGE][PASSED] - Object: 'Object Repository/1. Constant/xpath' is clicked on

2022-06-24 09:36:57 - [TEST_STEP][PASSED] - click(findTestObject("1. Constant/xpath", ["xpath":"//*[@id="fiches"]/table/thead/tr/th[1]/label"])): Object: 'Object Repository/1. Constant/xpath' is clicked on

2022-06-24 09:36:58 - [MESSAGE][PASSED] - Object: 'Object Repository/1. Constant/xpath' is clicked on

2022-06-24 09:36:58 - [TEST_STEP][PASSED] - delay(1): Delayed 1 second(s)

2022-06-24 09:36:59 - [MESSAGE][PASSED] - Delayed 1 second(s)

2022-06-24 09:36:59 - [TEST_STEP][PASSED] - click(findTestObject("1. Constant/xpath", ["xpath":"//*[@id="action_btnduplicatereference"]"])): Object: 'Object Repository/1. Constant/xpath' is clicked on

2022-06-24 09:37:02 - [MESSAGE][PASSED] - Object: 'Object Repository/1. Constant/xpath' is clicked on

2022-06-24 09:37:02 - [TEST_STEP][PASSED] - delay(1): Delayed 1 second(s)

2022-06-24 09:37:03 - [MESSAGE][PASSED] - Delayed 1 second(s)

2022-06-24 09:37:03 - [TEST_STEP][PASSED] - takeScreenshot(): Taking screenshot successfully

2022-06-24 09:37:04 - [MESSAGE][PASSED] - Taking screenshot successfully
[[ATTACHMENT|D:\\Projet Test Auto\\Mediabox Test Automation\\Reports\\20220624_091700\\03. Parallel Testing (Testing)\\TS -PT PART 3\\15.03 NPP Duplication Shortcut (TR) - Part 2\\20220624_091702\\1656056224082.png]]

2022-06-24 09:37:04 - [TEST_STEP][PASSED] - click(findTestObject("1. Constant/xpath", ["xpath":"//*[@id="modal_duplicate_reference"]/div/div/div[2]/div/div[8]/div[1]/label[3]"])): Object: 'Object Repository/1. Constant/xpath' is clicked on

2022-06-24 09:37:04 - [MESSAGE][PASSED] - Object: 'Object Repository/1. Constant/xpath' is clicked on

2022-06-24 09:37:04 - [TEST_STEP][PASSED] - I.VerifyMatchText("//*[@id="info_translation_block"]", "This option will duplicate the values from the brief and the source text structure and content. The local translations will not be collected."): Actual text 'This option will duplicate the values from the brief and the source text structure and content. The local translations will not be collected.' and expected text 'This option will duplicate the values from the brief and the source text structure and content. The local translations will not be collected.' are matched 

2022-06-24 09:37:05 - [MESSAGE][PASSED] - Text of object 'Object Repository/1. Constant/xpath' is: 'This option will duplicate the values from the brief and the source text structure and content. The local translations will not be collected.'

2022-06-24 09:37:06 - [MESSAGE][PASSED] - Delayed 1 second(s)

2022-06-24 09:37:06 - [MESSAGE][PASSED] - Actual text 'This option will duplicate the values from the brief and the source text structure and content. The local translations will not be collected.' and expected text 'This option will duplicate the values from the brief and the source text structure and content. The local translations will not be collected.' are matched 

2022-06-24 09:37:06 - [TEST_STEP][PASSED] - No_Reftemplate = getNumberOfTotalOption(findTestObject("1. Constant/xpath", ["xpath":"//*[@id="ref_tpl7"]"])): 1 options of object 'Object Repository/1. Constant/xpath' counted

2022-06-24 09:37:08 - [MESSAGE][PASSED] - 1 options of object 'Object Repository/1. Constant/xpath' counted

2022-06-24 09:37:08 - [TEST_STEP][PASSED] - verifyEqual(No_Reftemplate, "1"): Actual object '1' and expected object '1' are equal

2022-06-24 09:37:08 - [MESSAGE][PASSED] - Actual object '1' and expected object '1' are equal

2022-06-24 09:37:08 - [TEST_STEP][PASSED] - I.VerifyMatchText("//*[@id="select2-ref_tpl7-container"]", "LSS Reference"): Actual text 'LSS Reference' and expected text 'LSS Reference' are matched 

2022-06-24 09:37:08 - [MESSAGE][PASSED] - Text of object 'Object Repository/1. Constant/xpath' is: 'LSS Reference'

2022-06-24 09:37:09 - [MESSAGE][PASSED] - Delayed 1 second(s)

2022-06-24 09:37:09 - [MESSAGE][PASSED] - Actual text 'LSS Reference' and expected text 'LSS Reference' are matched 

2022-06-24 09:37:09 - [TEST_STEP][PASSED] - No_lifetemplate = getNumberOfTotalOption(findTestObject("1. Constant/xpath", ["xpath":"//*[@id="lfc_tpl7"]"])): 5 options of object 'Object Repository/1. Constant/xpath' counted

2022-06-24 09:37:09 - [MESSAGE][PASSED] - 5 options of object 'Object Repository/1. Constant/xpath' counted

2022-06-24 09:37:09 - [TEST_STEP][PASSED] - verifyEqual(No_lifetemplate, "5"): Actual object '5' and expected object '5' are equal

2022-06-24 09:37:09 - [MESSAGE][PASSED] - Actual object '5' and expected object '5' are equal

2022-06-24 09:37:09 - [TEST_STEP][PASSED] - I.VerifyMatchText("//*[@id="select2-lfc_tpl7-container"]", "LSS Lifecycle (3)"): Actual text 'LSS Lifecycle (3)' and expected text 'LSS Lifecycle (3)' are matched 

2022-06-24 09:37:10 - [MESSAGE][PASSED] - Text of object 'Object Repository/1. Constant/xpath' is: 'LSS Lifecycle (3)'

2022-06-24 09:37:11 - [MESSAGE][PASSED] - Delayed 1 second(s)

2022-06-24 09:37:11 - [MESSAGE][PASSED] - Actual text 'LSS Lifecycle (3)' and expected text 'LSS Lifecycle (3)' are matched 

2022-06-24 09:37:11 - [TEST_STEP][PASSED] - click(findTestObject("1. Constant/xpath", ["xpath":"//*[@id="btn_submit_duplication"]"])): Object: 'Object Repository/1. Constant/xpath' is clicked on

2022-06-24 09:37:23 - [MESSAGE][PASSED] - Object: 'Object Repository/1. Constant/xpath' is clicked on

2022-06-24 09:37:23 - [TEST_STEP][PASSED] - I.VerifyMatchText("//*[@id="kt_content"]/div[3]/div/div[2]/div[1]/div[1]/h1/span", "3"): Actual text '3' and expected text '3' are matched 

2022-06-24 09:37:23 - [MESSAGE][PASSED] - Text of object 'Object Repository/1. Constant/xpath' is: '3'

2022-06-24 09:37:24 - [MESSAGE][PASSED] - Delayed 1 second(s)

2022-06-24 09:37:24 - [MESSAGE][PASSED] - Actual text '3' and expected text '3' are matched 

2022-06-24 09:37:24 - [TEST_STEP][PASSED] - I.status_lifecycle(findTestObject("1. Constant/xpath", ["xpath":"//*[@id="fiches"]/table/tbody/tr[3]/td[7]/span[2]"]), "LSS Pre-fill"): Status contain LSS Pre-fill.

2022-06-24 09:37:25 - [MESSAGE][PASSED] - Text of object 'Object Repository/1. Constant/xpath' is: 'LSS Pre-fill'

2022-06-24 09:37:25 - [MESSAGE][PASSED] - Status contain LSS Pre-fill.

2022-06-24 09:37:25 - [TEST_STEP][PASSED] - click(findTestObject("1. Constant/xpath", ["xpath":"//*[@id="fiches"]/table/tbody/tr[3]/td[5]/a"])): Object: 'Object Repository/1. Constant/xpath' is clicked on

2022-06-24 09:37:28 - [MESSAGE][PASSED] - Object: 'Object Repository/1. Constant/xpath' is clicked on

2022-06-24 09:37:28 - [TEST_STEP][PASSED] - delay(1): Delayed 1 second(s)

2022-06-24 09:37:29 - [MESSAGE][PASSED] - Delayed 1 second(s)

2022-06-24 09:37:29 - [TEST_STEP][PASSED] - refid2 = I.RefID_Npp(): Current window's url is: 'http://mdb-release.diadeis.lan/MediaboxIndependence/Base/ExecAction?action=VoirRef&IDSession=MBI!RELTESTAUTO_NPP!27RWGHWTEGXGZEYCUV98FTUGAXGKCF2L9BUZZ23J&num=9IQUUVBP3A&id_ref=1058061'

2022-06-24 09:37:34 - [MESSAGE][PASSED] - Delayed 5 second(s)

2022-06-24 09:37:34 - [MESSAGE][PASSED] - Current window's url is: 'http://mdb-release.diadeis.lan/MediaboxIndependence/Base/ExecAction?action=VoirRef&IDSession=MBI!RELTESTAUTO_NPP!27RWGHWTEGXGZEYCUV98FTUGAXGKCF2L9BUZZ23J&num=9IQUUVBP3A&id_ref=1058061'

2022-06-24 09:37:34 - [TEST_STEP][PASSED] - click(findTestObject("1. Constant/xpath", ["xpath":"//*[@id="aff_full_brief"]"])): Object: 'Object Repository/1. Constant/xpath' is clicked on

2022-06-24 09:37:36 - [MESSAGE][PASSED] - Object: 'Object Repository/1. Constant/xpath' is clicked on

2022-06-24 09:37:36 - [TEST_STEP][PASSED] - delay(1): Delayed 1 second(s)

2022-06-24 09:37:37 - [MESSAGE][PASSED] - Delayed 1 second(s)

2022-06-24 09:37:37 - [TEST_STEP][PASSED] - I.VerifyMatchText("//*[@id="var_107"]", "Litter"): Actual text 'Litter' and expected text 'Litter' are matched 

2022-06-24 09:37:37 - [MESSAGE][PASSED] - Text of object 'Object Repository/1. Constant/xpath' is: 'Litter'

2022-06-24 09:37:38 - [MESSAGE][PASSED] - Delayed 1 second(s)

2022-06-24 09:37:38 - [MESSAGE][PASSED] - Actual text 'Litter' and expected text 'Litter' are matched 

2022-06-24 09:37:38 - [TEST_STEP][PASSED] - I.VerifyMatchText("//*[@id="var_108"]", "Clumping clay" + "
" + "Corn" + "
" + "Grass"): Actual text 'Clumping clay
Corn
Grass' and expected text 'Clumping clay
Corn
Grass' are matched 

2022-06-24 09:37:39 - [MESSAGE][PASSED] - Text of object 'Object Repository/1. Constant/xpath' is: 'Clumping clay
Corn
Grass'

2022-06-24 09:37:40 - [MESSAGE][PASSED] - Delayed 1 second(s)

2022-06-24 09:37:40 - [MESSAGE][PASSED] - Actual text 'Clumping clay
Corn
Grass' and expected text 'Clumping clay
Corn
Grass' are matched 

2022-06-24 09:37:40 - [TEST_STEP][PASSED] - I.VerifyMatchText("//*[@id="var_110"]", "Variety test"): Actual text 'Variety test' and expected text 'Variety test' are matched 

2022-06-24 09:37:40 - [MESSAGE][PASSED] - Text of object 'Object Repository/1. Constant/xpath' is: 'Variety test'

2022-06-24 09:37:41 - [MESSAGE][PASSED] - Delayed 1 second(s)

2022-06-24 09:37:41 - [MESSAGE][PASSED] - Actual text 'Variety test' and expected text 'Variety test' are matched 

2022-06-24 09:37:41 - [TEST_STEP][PASSED] - I.VerifyMatchText("//*[@id="var_133"]", "Alternative Format code test"): Actual text 'Alternative Format code test' and expected text 'Alternative Format code test' are matched 

2022-06-24 09:37:42 - [MESSAGE][PASSED] - Text of object 'Object Repository/1. Constant/xpath' is: 'Alternative Format code test'

2022-06-24 09:37:43 - [MESSAGE][PASSED] - Delayed 1 second(s)

2022-06-24 09:37:43 - [MESSAGE][PASSED] - Actual text 'Alternative Format code test' and expected text 'Alternative Format code test' are matched 

2022-06-24 09:37:43 - [TEST_STEP][PASSED] - I.VerifyMatchText("//*[@id="var_65"]", "FORMAT Product designation test"): Actual text 'FORMAT Product designation test' and expected text 'FORMAT Product designation test' are matched 

2022-06-24 09:37:43 - [MESSAGE][PASSED] - Text of object 'Object Repository/1. Constant/xpath' is: 'FORMAT Product designation test'

2022-06-24 09:37:44 - [MESSAGE][PASSED] - Delayed 1 second(s)

2022-06-24 09:37:44 - [MESSAGE][PASSED] - Actual text 'FORMAT Product designation test' and expected text 'FORMAT Product designation test' are matched 

2022-06-24 09:37:44 - [TEST_STEP][PASSED] - I.VerifyMatchText("//*[@id="var_103"]", "SAP Designation test > https://www.google.com/"): Actual text 'SAP Designation test > https://www.google.com/' and expected text 'SAP Designation test > https://www.google.com/' are matched 

2022-06-24 09:37:45 - [MESSAGE][PASSED] - Text of object 'Object Repository/1. Constant/xpath' is: 'SAP Designation test > https://www.google.com/'

2022-06-24 09:37:46 - [MESSAGE][PASSED] - Delayed 1 second(s)

2022-06-24 09:37:46 - [MESSAGE][PASSED] - Actual text 'SAP Designation test > https://www.google.com/' and expected text 'SAP Designation test > https://www.google.com/' are matched 

2022-06-24 09:37:46 - [TEST_STEP][PASSED] - I.VerifyMatchText("//*[@id="var_139"]", "Claim Substantiation Project Link > https://www.google.com/"): Actual text 'Claim Substantiation Project Link > https://www.google.com/' and expected text 'Claim Substantiation Project Link > https://www.google.com/' are matched 

2022-06-24 09:37:47 - [MESSAGE][PASSED] - Text of object 'Object Repository/1. Constant/xpath' is: 'Claim Substantiation Project Link > https://www.google.com/'

2022-06-24 09:37:48 - [MESSAGE][PASSED] - Delayed 1 second(s)

2022-06-24 09:37:48 - [MESSAGE][PASSED] - Actual text 'Claim Substantiation Project Link > https://www.google.com/' and expected text 'Claim Substantiation Project Link > https://www.google.com/' are matched 

2022-06-24 09:37:48 - [TEST_STEP][PASSED] - I.VerifyMatchText("//*[@id="var_160"]", "Grading standard link > test"): Actual text 'Grading standard link > test' and expected text 'Grading standard link > test' are matched 

2022-06-24 09:37:48 - [MESSAGE][PASSED] - Text of object 'Object Repository/1. Constant/xpath' is: 'Grading standard link > test'

2022-06-24 09:37:49 - [MESSAGE][PASSED] - Delayed 1 second(s)

2022-06-24 09:37:49 - [MESSAGE][PASSED] - Actual text 'Grading standard link > test' and expected text 'Grading standard link > test' are matched 

2022-06-24 09:37:49 - [TEST_STEP][PASSED] - I.VerifyMatchText("//*[@id="var_62"]", "DPET > test"): Actual text 'DPET > test' and expected text 'DPET > test' are matched 

2022-06-24 09:37:51 - [MESSAGE][PASSED] - Text of object 'Object Repository/1. Constant/xpath' is: 'DPET > test'

2022-06-24 09:37:52 - [MESSAGE][PASSED] - Delayed 1 second(s)

2022-06-24 09:37:52 - [MESSAGE][PASSED] - Actual text 'DPET > test' and expected text 'DPET > test' are matched 

2022-06-24 09:37:52 - [TEST_STEP][PASSED] - I.VerifyMatchText("//*[@id="var_90"]", "Project name > test"): Actual text 'Project name > test' and expected text 'Project name > test' are matched 

2022-06-24 09:37:52 - [MESSAGE][PASSED] - Text of object 'Object Repository/1. Constant/xpath' is: 'Project name > test'

2022-06-24 09:37:53 - [MESSAGE][PASSED] - Delayed 1 second(s)

2022-06-24 09:37:53 - [MESSAGE][PASSED] - Actual text 'Project name > test' and expected text 'Project name > test' are matched 

2022-06-24 09:37:53 - [TEST_STEP][PASSED] - I.VerifyMatchText("//*[@id="var_91"]", "HIP"): Actual text 'HIP' and expected text 'HIP' are matched 

2022-06-24 09:37:54 - [MESSAGE][PASSED] - Text of object 'Object Repository/1. Constant/xpath' is: 'HIP'

2022-06-24 09:37:55 - [MESSAGE][PASSED] - Delayed 1 second(s)

2022-06-24 09:37:55 - [MESSAGE][PASSED] - Actual text 'HIP' and expected text 'HIP' are matched 

2022-06-24 09:37:55 - [TEST_STEP][PASSED] - I.VerifyMatchText("//*[@id="var_71"]", "25/08/2021"): Actual text '25/08/2021' and expected text '25/08/2021' are matched 

2022-06-24 09:37:57 - [MESSAGE][PASSED] - Text of object 'Object Repository/1. Constant/xpath' is: '25/08/2021'

2022-06-24 09:37:58 - [MESSAGE][PASSED] - Delayed 1 second(s)

2022-06-24 09:37:58 - [MESSAGE][PASSED] - Actual text '25/08/2021' and expected text '25/08/2021' are matched 

2022-06-24 09:37:58 - [TEST_STEP][PASSED] - I.VerifyMatchText("//*[@id="var_72"]", "01/12/2021"): Actual text '01/12/2021' and expected text '01/12/2021' are matched 

2022-06-24 09:37:59 - [MESSAGE][PASSED] - Text of object 'Object Repository/1. Constant/xpath' is: '01/12/2021'

2022-06-24 09:38:00 - [MESSAGE][PASSED] - Delayed 1 second(s)

2022-06-24 09:38:00 - [MESSAGE][PASSED] - Actual text '01/12/2021' and expected text '01/12/2021' are matched 

2022-06-24 09:38:00 - [TEST_STEP][PASSED] - I.VerifyMatchText("//*[@id="var_116"]", "01/12/2021"): Actual text '01/12/2021' and expected text '01/12/2021' are matched 

2022-06-24 09:38:03 - [MESSAGE][PASSED] - Text of object 'Object Repository/1. Constant/xpath' is: '01/12/2021'

2022-06-24 09:38:04 - [MESSAGE][PASSED] - Delayed 1 second(s)

2022-06-24 09:38:04 - [MESSAGE][PASSED] - Actual text '01/12/2021' and expected text '01/12/2021' are matched 

2022-06-24 09:38:04 - [TEST_STEP][PASSED] - I.VerifyMatchText("//*[@id="var_89"]", "Project Information - Comments"): Actual text 'Project Information - Comments' and expected text 'Project Information - Comments' are matched 

2022-06-24 09:38:04 - [MESSAGE][PASSED] - Text of object 'Object Repository/1. Constant/xpath' is: 'Project Information - Comments'

2022-06-24 09:38:05 - [MESSAGE][PASSED] - Delayed 1 second(s)

2022-06-24 09:38:05 - [MESSAGE][PASSED] - Actual text 'Project Information - Comments' and expected text 'Project Information - Comments' are matched 

2022-06-24 09:38:05 - [TEST_STEP][PASSED] - I.VerifyMatchText("//*[@id="var_93"]", "Reason for change test"): Actual text 'Reason for change test' and expected text 'Reason for change test' are matched 

2022-06-24 09:38:06 - [MESSAGE][PASSED] - Text of object 'Object Repository/1. Constant/xpath' is: 'Reason for change test'

2022-06-24 09:38:07 - [MESSAGE][PASSED] - Delayed 1 second(s)

2022-06-24 09:38:07 - [MESSAGE][PASSED] - Actual text 'Reason for change test' and expected text 'Reason for change test' are matched 

2022-06-24 09:38:07 - [TEST_STEP][PASSED] - I.VerifyMatchText("//*[@id="var_54"]", "Tidy Cat"): Actual text 'Tidy Cat' and expected text 'Tidy Cat' are matched 

2022-06-24 09:38:08 - [MESSAGE][PASSED] - Text of object 'Object Repository/1. Constant/xpath' is: 'Tidy Cat'

2022-06-24 09:38:09 - [MESSAGE][PASSED] - Delayed 1 second(s)

2022-06-24 09:38:09 - [MESSAGE][PASSED] - Actual text 'Tidy Cat' and expected text 'Tidy Cat' are matched 

2022-06-24 09:38:09 - [TEST_STEP][PASSED] - I.VerifyMatchText("//*[@id="var_106"]", "Tidy Cat - CRYSTALS BLEND"): Actual text 'Tidy Cat - CRYSTALS BLEND' and expected text 'Tidy Cat - CRYSTALS BLEND' are matched 

2022-06-24 09:38:12 - [MESSAGE][PASSED] - Text of object 'Object Repository/1. Constant/xpath' is: 'Tidy Cat - CRYSTALS BLEND'

2022-06-24 09:38:13 - [MESSAGE][PASSED] - Delayed 1 second(s)

2022-06-24 09:38:13 - [MESSAGE][PASSED] - Actual text 'Tidy Cat - CRYSTALS BLEND' and expected text 'Tidy Cat - CRYSTALS BLEND' are matched 

2022-06-24 09:38:13 - [TEST_STEP][PASSED] - I.VerifyMatchText("//*[@id="var_92"]", "Premium"): Actual text 'Premium' and expected text 'Premium' are matched 

2022-06-24 09:38:14 - [MESSAGE][PASSED] - Text of object 'Object Repository/1. Constant/xpath' is: 'Premium'

2022-06-24 09:38:15 - [MESSAGE][PASSED] - Delayed 1 second(s)

2022-06-24 09:38:15 - [MESSAGE][PASSED] - Actual text 'Premium' and expected text 'Premium' are matched 

2022-06-24 09:38:15 - [TEST_STEP][PASSED] - I.VerifyMatchText("//*[@id="var_88"]", "Superfood"): Actual text 'Superfood' and expected text 'Superfood' are matched 

2022-06-24 09:38:17 - [MESSAGE][PASSED] - Text of object 'Object Repository/1. Constant/xpath' is: 'Superfood'

2022-06-24 09:38:18 - [MESSAGE][PASSED] - Delayed 1 second(s)

2022-06-24 09:38:18 - [MESSAGE][PASSED] - Actual text 'Superfood' and expected text 'Superfood' are matched 

2022-06-24 09:38:18 - [TEST_STEP][PASSED] - I.VerifyMatchText("//*[@id="var_86"]", "No color"): Actual text 'No color' and expected text 'No color' are matched 

2022-06-24 09:38:19 - [MESSAGE][PASSED] - Text of object 'Object Repository/1. Constant/xpath' is: 'No color'

2022-06-24 09:38:20 - [MESSAGE][PASSED] - Delayed 1 second(s)

2022-06-24 09:38:20 - [MESSAGE][PASSED] - Actual text 'No color' and expected text 'No color' are matched 

2022-06-24 09:38:20 - [TEST_STEP][PASSED] - I.VerifyMatchText("//*[@id="var_57"]", "Not applicable"): Actual text 'Not applicable' and expected text 'Not applicable' are matched 

2022-06-24 09:38:20 - [MESSAGE][PASSED] - Text of object 'Object Repository/1. Constant/xpath' is: 'Not applicable'

2022-06-24 09:38:21 - [MESSAGE][PASSED] - Delayed 1 second(s)

2022-06-24 09:38:21 - [MESSAGE][PASSED] - Actual text 'Not applicable' and expected text 'Not applicable' are matched 

2022-06-24 09:38:21 - [TEST_STEP][PASSED] - I.VerifyMatchText("//*[@id="var_87"]", "Yes"): Actual text 'Yes' and expected text 'Yes' are matched 

2022-06-24 09:38:22 - [MESSAGE][PASSED] - Text of object 'Object Repository/1. Constant/xpath' is: 'Yes'

2022-06-24 09:38:23 - [MESSAGE][PASSED] - Delayed 1 second(s)

2022-06-24 09:38:23 - [MESSAGE][PASSED] - Actual text 'Yes' and expected text 'Yes' are matched 

2022-06-24 09:38:23 - [TEST_STEP][PASSED] - I.VerifyMatchText("//*[@id="var_109"]", "Complete"): Actual text 'Complete' and expected text 'Complete' are matched 

2022-06-24 09:38:24 - [MESSAGE][PASSED] - Text of object 'Object Repository/1. Constant/xpath' is: 'Complete'

2022-06-24 09:38:25 - [MESSAGE][PASSED] - Delayed 1 second(s)

2022-06-24 09:38:25 - [MESSAGE][PASSED] - Actual text 'Complete' and expected text 'Complete' are matched 

2022-06-24 09:38:25 - [TEST_STEP][PASSED] - I.VerifyMatchText("//*[@id="var_52"]", "Dogs & Cats"): Actual text 'Dogs & Cats' and expected text 'Dogs & Cats' are matched 

2022-06-24 09:38:25 - [MESSAGE][PASSED] - Text of object 'Object Repository/1. Constant/xpath' is: 'Dogs & Cats'

2022-06-24 09:38:26 - [MESSAGE][PASSED] - Delayed 1 second(s)

2022-06-24 09:38:26 - [MESSAGE][PASSED] - Actual text 'Dogs & Cats' and expected text 'Dogs & Cats' are matched 

2022-06-24 09:38:26 - [TEST_STEP][PASSED] - I.VerifyMatchText("//*[@id="var_67"]", "Tidy Cat - Adult"): Actual text 'Tidy Cat - Adult' and expected text 'Tidy Cat - Adult' are matched 

2022-06-24 09:38:27 - [MESSAGE][PASSED] - Text of object 'Object Repository/1. Constant/xpath' is: 'Tidy Cat - Adult'

2022-06-24 09:38:28 - [MESSAGE][PASSED] - Delayed 1 second(s)

2022-06-24 09:38:28 - [MESSAGE][PASSED] - Actual text 'Tidy Cat - Adult' and expected text 'Tidy Cat - Adult' are matched 

2022-06-24 09:38:28 - [TEST_STEP][PASSED] - I.VerifyMatchText("//*[@id="var_140"]", "Light"): Actual text 'Light' and expected text 'Light' are matched 

2022-06-24 09:38:28 - [MESSAGE][PASSED] - Text of object 'Object Repository/1. Constant/xpath' is: 'Light'

2022-06-24 09:38:29 - [MESSAGE][PASSED] - Delayed 1 second(s)

2022-06-24 09:38:29 - [MESSAGE][PASSED] - Actual text 'Light' and expected text 'Light' are matched 

2022-06-24 09:38:29 - [TEST_STEP][PASSED] - I.VerifyMatchText("//*[@id="var_51"]", "All"): Actual text 'All' and expected text 'All' are matched 

2022-06-24 09:38:30 - [MESSAGE][PASSED] - Text of object 'Object Repository/1. Constant/xpath' is: 'All'

2022-06-24 09:38:31 - [MESSAGE][PASSED] - Delayed 1 second(s)

2022-06-24 09:38:31 - [MESSAGE][PASSED] - Actual text 'All' and expected text 'All' are matched 

2022-06-24 09:38:31 - [TEST_STEP][PASSED] - I.VerifyMatchText("//*[@id="var_50"]", "Active"): Actual text 'Active' and expected text 'Active' are matched 

2022-06-24 09:38:32 - [MESSAGE][PASSED] - Text of object 'Object Repository/1. Constant/xpath' is: 'Active'

2022-06-24 09:38:33 - [MESSAGE][PASSED] - Delayed 1 second(s)

2022-06-24 09:38:33 - [MESSAGE][PASSED] - Actual text 'Active' and expected text 'Active' are matched 

2022-06-24 09:38:33 - [TEST_STEP][PASSED] - I.VerifyMatchText("//*[@id="var_64"]", "FR DC SPI Ham" + "
" + "FR PL Montfort"): Actual text 'FR DC SPI Ham
FR PL Montfort' and expected text 'FR DC SPI Ham
FR PL Montfort' are matched 

2022-06-24 09:38:33 - [MESSAGE][PASSED] - Text of object 'Object Repository/1. Constant/xpath' is: 'FR DC SPI Ham
FR PL Montfort'

2022-06-24 09:38:34 - [MESSAGE][PASSED] - Delayed 1 second(s)

2022-06-24 09:38:34 - [MESSAGE][PASSED] - Actual text 'FR DC SPI Ham
FR PL Montfort' and expected text 'FR DC SPI Ham
FR PL Montfort' are matched 

2022-06-24 09:38:34 - [TEST_STEP][PASSED] - I.VerifyMatchText("//*[@id="var_53"]", "FR DC SPI Ham"): Actual text 'FR DC SPI Ham' and expected text 'FR DC SPI Ham' are matched 

2022-06-24 09:38:34 - [MESSAGE][PASSED] - Text of object 'Object Repository/1. Constant/xpath' is: 'FR DC SPI Ham'

2022-06-24 09:38:35 - [MESSAGE][PASSED] - Delayed 1 second(s)

2022-06-24 09:38:35 - [MESSAGE][PASSED] - Actual text 'FR DC SPI Ham' and expected text 'FR DC SPI Ham' are matched 

2022-06-24 09:38:35 - [TEST_STEP][PASSED] - I.VerifyMatchText("//*[@id="var_58"]", "Animal Lovers"): Actual text 'Animal Lovers' and expected text 'Animal Lovers' are matched 

2022-06-24 09:38:36 - [MESSAGE][PASSED] - Text of object 'Object Repository/1. Constant/xpath' is: 'Animal Lovers'

2022-06-24 09:38:37 - [MESSAGE][PASSED] - Delayed 1 second(s)

2022-06-24 09:38:37 - [MESSAGE][PASSED] - Actual text 'Animal Lovers' and expected text 'Animal Lovers' are matched 

2022-06-24 09:38:37 - [TEST_STEP][PASSED] - I.VerifyMatchText("//*[@id="var_59"]", "Deuerer"): Actual text 'Deuerer' and expected text 'Deuerer' are matched 

2022-06-24 09:38:37 - [MESSAGE][PASSED] - Text of object 'Object Repository/1. Constant/xpath' is: 'Deuerer'

2022-06-24 09:38:38 - [MESSAGE][PASSED] - Delayed 1 second(s)

2022-06-24 09:38:38 - [MESSAGE][PASSED] - Actual text 'Deuerer' and expected text 'Deuerer' are matched 

2022-06-24 09:38:38 - [TEST_STEP][PASSED] - I.VerifyMatchText("//*[@id="var_73"]", "Mousse"): Actual text 'Mousse' and expected text 'Mousse' are matched 

2022-06-24 09:38:38 - [MESSAGE][PASSED] - Text of object 'Object Repository/1. Constant/xpath' is: 'Mousse'

2022-06-24 09:38:39 - [MESSAGE][PASSED] - Delayed 1 second(s)

2022-06-24 09:38:39 - [MESSAGE][PASSED] - Actual text 'Mousse' and expected text 'Mousse' are matched 

2022-06-24 09:38:39 - [TEST_STEP][PASSED] - I.VerifyMatchText("//*[@id="var_85"]", "Anna KIM"): Actual text 'Anna KIM' and expected text 'Anna KIM' are matched 

2022-06-24 09:38:40 - [MESSAGE][PASSED] - Text of object 'Object Repository/1. Constant/xpath' is: 'Anna KIM'

2022-06-24 09:38:41 - [MESSAGE][PASSED] - Delayed 1 second(s)

2022-06-24 09:38:41 - [MESSAGE][PASSED] - Actual text 'Anna KIM' and expected text 'Anna KIM' are matched 

2022-06-24 09:38:41 - [TEST_STEP][PASSED] - I.VerifyMatchText("//*[@id="var_82"]", "AnneLise GAUDIN"): Actual text 'AnneLise GAUDIN' and expected text 'AnneLise GAUDIN' are matched 

2022-06-24 09:38:41 - [MESSAGE][PASSED] - Text of object 'Object Repository/1. Constant/xpath' is: 'AnneLise GAUDIN'

2022-06-24 09:38:42 - [MESSAGE][PASSED] - Delayed 1 second(s)

2022-06-24 09:38:42 - [MESSAGE][PASSED] - Actual text 'AnneLise GAUDIN' and expected text 'AnneLise GAUDIN' are matched 

2022-06-24 09:38:42 - [TEST_STEP][PASSED] - I.VerifyMatchText("//*[@id="var_74"]", "Alexandra FRAPPAZ"): Actual text 'Alexandra FRAPPAZ' and expected text 'Alexandra FRAPPAZ' are matched 

2022-06-24 09:38:42 - [MESSAGE][PASSED] - Text of object 'Object Repository/1. Constant/xpath' is: 'Alexandra FRAPPAZ'

2022-06-24 09:38:43 - [MESSAGE][PASSED] - Delayed 1 second(s)

2022-06-24 09:38:43 - [MESSAGE][PASSED] - Actual text 'Alexandra FRAPPAZ' and expected text 'Alexandra FRAPPAZ' are matched 

2022-06-24 09:38:43 - [TEST_STEP][PASSED] - I.VerifyMatchText("//*[@id="var_168"]", "Anastasiia BRAZHNIKOVA PX" + "
" + "Amelia LARKINS" + "
" + "Camille DEMONCHY"): Actual text 'Anastasiia BRAZHNIKOVA PX
Amelia LARKINS
Camille DEMONCHY' and expected text 'Anastasiia BRAZHNIKOVA PX
Amelia LARKINS
Camille DEMONCHY' are matched 

2022-06-24 09:38:43 - [MESSAGE][PASSED] - Text of object 'Object Repository/1. Constant/xpath' is: 'Anastasiia BRAZHNIKOVA PX
Amelia LARKINS
Camille DEMONCHY'

2022-06-24 09:38:44 - [MESSAGE][PASSED] - Delayed 1 second(s)

2022-06-24 09:38:44 - [MESSAGE][PASSED] - Actual text 'Anastasiia BRAZHNIKOVA PX
Amelia LARKINS
Camille DEMONCHY' and expected text 'Anastasiia BRAZHNIKOVA PX
Amelia LARKINS
Camille DEMONCHY' are matched 

2022-06-24 09:38:44 - [TEST_STEP][PASSED] - I.VerifyMatchText("//*[@id="var_60"]", "Adam SVEGAARD (D2D)"): Actual text 'Adam SVEGAARD (D2D)' and expected text 'Adam SVEGAARD (D2D)' are matched 

2022-06-24 09:38:45 - [MESSAGE][PASSED] - Text of object 'Object Repository/1. Constant/xpath' is: 'Adam SVEGAARD (D2D)'

2022-06-24 09:38:46 - [MESSAGE][PASSED] - Delayed 1 second(s)

2022-06-24 09:38:46 - [MESSAGE][PASSED] - Actual text 'Adam SVEGAARD (D2D)' and expected text 'Adam SVEGAARD (D2D)' are matched 

2022-06-24 09:38:46 - [TEST_STEP][PASSED] - I.VerifyMatchText("//*[@id="var_102"]", "Amelie SERMENT"): Actual text 'Amelie SERMENT' and expected text 'Amelie SERMENT' are matched 

2022-06-24 09:38:46 - [MESSAGE][PASSED] - Text of object 'Object Repository/1. Constant/xpath' is: 'Amelie SERMENT'

2022-06-24 09:38:47 - [MESSAGE][PASSED] - Delayed 1 second(s)

2022-06-24 09:38:47 - [MESSAGE][PASSED] - Actual text 'Amelie SERMENT' and expected text 'Amelie SERMENT' are matched 

2022-06-24 09:38:47 - [TEST_STEP][PASSED] - I.VerifyMatchText("//*[@id="var_63"]", "Alexandra SAVREUX (E2E)"): Actual text 'Alexandra SAVREUX (E2E)' and expected text 'Alexandra SAVREUX (E2E)' are matched 

2022-06-24 09:38:47 - [MESSAGE][PASSED] - Text of object 'Object Repository/1. Constant/xpath' is: 'Alexandra SAVREUX (E2E)'

2022-06-24 09:38:48 - [MESSAGE][PASSED] - Delayed 1 second(s)

2022-06-24 09:38:48 - [MESSAGE][PASSED] - Actual text 'Alexandra SAVREUX (E2E)' and expected text 'Alexandra SAVREUX (E2E)' are matched 

2022-06-24 09:38:48 - [TEST_STEP][PASSED] - I.VerifyMatchText("//*[@id="var_161"]", "Ana CHAVES"): Actual text 'Ana CHAVES' and expected text 'Ana CHAVES' are matched 

2022-06-24 09:38:49 - [MESSAGE][PASSED] - Text of object 'Object Repository/1. Constant/xpath' is: 'Ana CHAVES'

2022-06-24 09:38:50 - [MESSAGE][PASSED] - Delayed 1 second(s)

2022-06-24 09:38:50 - [MESSAGE][PASSED] - Actual text 'Ana CHAVES' and expected text 'Ana CHAVES' are matched 

2022-06-24 09:38:50 - [TEST_STEP][PASSED] - I.VerifyMatchText("//*[@id="var_66"]", "No"): Actual text 'No' and expected text 'No' are matched 

2022-06-24 09:38:50 - [MESSAGE][PASSED] - Text of object 'Object Repository/1. Constant/xpath' is: 'No'

2022-06-24 09:38:51 - [MESSAGE][PASSED] - Delayed 1 second(s)

2022-06-24 09:38:51 - [MESSAGE][PASSED] - Actual text 'No' and expected text 'No' are matched 

2022-06-24 09:38:51 - [TEST_STEP][PASSED] - I.VerifyMatchText("//*[@id="var_142"]", "No"): Actual text 'No' and expected text 'No' are matched 

2022-06-24 09:38:51 - [MESSAGE][PASSED] - Text of object 'Object Repository/1. Constant/xpath' is: 'No'

2022-06-24 09:38:52 - [MESSAGE][PASSED] - Delayed 1 second(s)

2022-06-24 09:38:52 - [MESSAGE][PASSED] - Actual text 'No' and expected text 'No' are matched 

2022-06-24 09:38:52 - [TEST_STEP][PASSED] - I.VerifyMatchText("//*[@id="var_143"]", "No"): Actual text 'No' and expected text 'No' are matched 

2022-06-24 09:38:52 - [MESSAGE][PASSED] - Text of object 'Object Repository/1. Constant/xpath' is: 'No'

2022-06-24 09:38:53 - [MESSAGE][PASSED] - Delayed 1 second(s)

2022-06-24 09:38:53 - [MESSAGE][PASSED] - Actual text 'No' and expected text 'No' are matched 

2022-06-24 09:38:53 - [TEST_STEP][PASSED] - I.VerifyMatchText("//*[@id="var_119"]", "LATAM"): Actual text 'LATAM' and expected text 'LATAM' are matched 

2022-06-24 09:38:54 - [MESSAGE][PASSED] - Text of object 'Object Repository/1. Constant/xpath' is: 'LATAM'

2022-06-24 09:38:55 - [MESSAGE][PASSED] - Delayed 1 second(s)

2022-06-24 09:38:55 - [MESSAGE][PASSED] - Actual text 'LATAM' and expected text 'LATAM' are matched 

2022-06-24 09:38:55 - [TEST_STEP][PASSED] - I.VerifyMatchText("//*[@id="var_79"]", "Bag - Woven"): Actual text 'Bag - Woven' and expected text 'Bag - Woven' are matched 

2022-06-24 09:38:55 - [MESSAGE][PASSED] - Text of object 'Object Repository/1. Constant/xpath' is: 'Bag - Woven'

2022-06-24 09:38:56 - [MESSAGE][PASSED] - Delayed 1 second(s)

2022-06-24 09:38:56 - [MESSAGE][PASSED] - Actual text 'Bag - Woven' and expected text 'Bag - Woven' are matched 

2022-06-24 09:38:56 - [TEST_STEP][PASSED] - I.VerifyMatchText("//*[@id="var_78"]", "1.1kg" + "
" + "1.2kg"): Actual text '1.1kg
1.2kg' and expected text '1.1kg
1.2kg' are matched 

2022-06-24 09:38:56 - [MESSAGE][PASSED] - Text of object 'Object Repository/1. Constant/xpath' is: '1.1kg
1.2kg'

2022-06-24 09:38:57 - [MESSAGE][PASSED] - Delayed 1 second(s)

2022-06-24 09:38:57 - [MESSAGE][PASSED] - Actual text '1.1kg
1.2kg' and expected text '1.1kg
1.2kg' are matched 

2022-06-24 09:38:57 - [TEST_STEP][PASSED] - I.VerifyMatchText("//*[@id="var_61"]", "Vet"): Actual text 'Vet' and expected text 'Vet' are matched 

2022-06-24 09:38:57 - [MESSAGE][PASSED] - Text of object 'Object Repository/1. Constant/xpath' is: 'Vet'

2022-06-24 09:38:58 - [MESSAGE][PASSED] - Delayed 1 second(s)

2022-06-24 09:38:58 - [MESSAGE][PASSED] - Actual text 'Vet' and expected text 'Vet' are matched 

2022-06-24 09:38:58 - [TEST_STEP][PASSED] - I.VerifyMatchText("//*[@id="var_104"]", "Albania" + "
" + "Austria"): Actual text 'Albania
Austria' and expected text 'Albania
Austria' are matched 

2022-06-24 09:38:58 - [MESSAGE][PASSED] - Text of object 'Object Repository/1. Constant/xpath' is: 'Albania
Austria'

2022-06-24 09:38:59 - [MESSAGE][PASSED] - Delayed 1 second(s)

2022-06-24 09:38:59 - [MESSAGE][PASSED] - Actual text 'Albania
Austria' and expected text 'Albania
Austria' are matched 

2022-06-24 09:38:59 - [TEST_STEP][PASSED] - I.VerifyMatchText("//*[@id="var_84"]", "Anna KIM"): Actual text 'Anna KIM' and expected text 'Anna KIM' are matched 

2022-06-24 09:39:00 - [MESSAGE][PASSED] - Text of object 'Object Repository/1. Constant/xpath' is: 'Anna KIM'

2022-06-24 09:39:01 - [MESSAGE][PASSED] - Delayed 1 second(s)

2022-06-24 09:39:01 - [MESSAGE][PASSED] - Actual text 'Anna KIM' and expected text 'Anna KIM' are matched 

2022-06-24 09:39:01 - [TEST_STEP][PASSED] - I.VerifyMatchText("//*[@id="var_76"]", "Alexandra FRAPPAZ"): Actual text 'Alexandra FRAPPAZ' and expected text 'Alexandra FRAPPAZ' are matched 

2022-06-24 09:39:01 - [MESSAGE][PASSED] - Text of object 'Object Repository/1. Constant/xpath' is: 'Alexandra FRAPPAZ'

2022-06-24 09:39:02 - [MESSAGE][PASSED] - Delayed 1 second(s)

2022-06-24 09:39:02 - [MESSAGE][PASSED] - Actual text 'Alexandra FRAPPAZ' and expected text 'Alexandra FRAPPAZ' are matched 

2022-06-24 09:39:02 - [TEST_STEP][PASSED] - I.VerifyMatchText("//*[@id="var_56"]", "Amelie SERMENT"): Actual text 'Amelie SERMENT' and expected text 'Amelie SERMENT' are matched 

2022-06-24 09:39:02 - [MESSAGE][PASSED] - Text of object 'Object Repository/1. Constant/xpath' is: 'Amelie SERMENT'

2022-06-24 09:39:03 - [MESSAGE][PASSED] - Delayed 1 second(s)

2022-06-24 09:39:03 - [MESSAGE][PASSED] - Actual text 'Amelie SERMENT' and expected text 'Amelie SERMENT' are matched 

2022-06-24 09:39:03 - [TEST_STEP][PASSED] - I.VerifyMatchText("//*[@id="var_169"]", "Version History"): Actual text 'Version History' and expected text 'Version History' are matched 

2022-06-24 09:39:03 - [MESSAGE][PASSED] - Text of object 'Object Repository/1. Constant/xpath' is: 'Version History'

2022-06-24 09:39:04 - [MESSAGE][PASSED] - Delayed 1 second(s)

2022-06-24 09:39:04 - [MESSAGE][PASSED] - Actual text 'Version History' and expected text 'Version History' are matched 

2022-06-24 09:39:04 - [TEST_STEP][PASSED] - delay(1): Delayed 1 second(s)

2022-06-24 09:39:05 - [MESSAGE][PASSED] - Delayed 1 second(s)

2022-06-24 09:39:05 - [TEST_STEP][PASSED] - click(findTestObject("1. Constant/xpath", ["xpath":"//*[@id="kt_content"]/div[3]/div/ul/li[3]/a"])): Object: 'Object Repository/1. Constant/xpath' is clicked on

2022-06-24 09:39:07 - [MESSAGE][PASSED] - Object: 'Object Repository/1. Constant/xpath' is clicked on

2022-06-24 09:39:07 - [TEST_STEP][PASSED] - delay(1): Delayed 1 second(s)

2022-06-24 09:39:08 - [MESSAGE][PASSED] - Delayed 1 second(s)

2022-06-24 09:39:08 - [TEST_STEP][PASSED] - I.VerifyMatchText("//*[@id="tab_lifecycle"]/div/h3", "LSS Lifecycle (3)"): Actual text 'LSS Lifecycle (3)' and expected text 'LSS Lifecycle (3)' are matched 

2022-06-24 09:39:08 - [MESSAGE][PASSED] - Text of object 'Object Repository/1. Constant/xpath' is: 'LSS Lifecycle (3)'

2022-06-24 09:39:09 - [MESSAGE][PASSED] - Delayed 1 second(s)

2022-06-24 09:39:09 - [MESSAGE][PASSED] - Actual text 'LSS Lifecycle (3)' and expected text 'LSS Lifecycle (3)' are matched 

2022-06-24 09:39:09 - [TEST_STEP][PASSED] - delay(1): Delayed 1 second(s)

2022-06-24 09:39:10 - [MESSAGE][PASSED] - Delayed 1 second(s)

2022-06-24 09:39:10 - [TEST_STEP][PASSED] - click(findTestObject("1. Constant/xpath", ["xpath":"//*[@id="kt_content"]/div[3]/div/ul/li[1]/a"])): Object: 'Object Repository/1. Constant/xpath' is clicked on

2022-06-24 09:39:11 - [MESSAGE][PASSED] - Object: 'Object Repository/1. Constant/xpath' is clicked on

2022-06-24 09:39:11 - [TEST_STEP][PASSED] - delay(1): Delayed 1 second(s)

2022-06-24 09:39:12 - [MESSAGE][PASSED] - Delayed 1 second(s)

2022-06-24 09:39:12 - [TEST_STEP][PASSED] - click(findTestObject("1. Constant/xpath", ["xpath":"//*[@id="aff_text_content_brief"]"])): Object: 'Object Repository/1. Constant/xpath' is clicked on

2022-06-24 09:39:12 - [MESSAGE][PASSED] - Object: 'Object Repository/1. Constant/xpath' is clicked on

2022-06-24 09:39:12 - [TEST_STEP][PASSED] - delay(5): Delayed 5 second(s)

2022-06-24 09:39:17 - [MESSAGE][PASSED] - Delayed 5 second(s)

2022-06-24 09:39:17 - [TEST_STEP][PASSED] - ExpectedValue3 = "Analytical Constituents:" + "
" + "protein: %," + "
" + "fat content: %," + "
" + "crude ash: %," + "
" + "crude fibre: %," + "
" + "omega 6 fatty acids: %.": null

2022-06-24 09:39:17 - [TEST_STEP][PASSED] - ExpectedValue4 = "": null

2022-06-24 09:39:17 - [TEST_STEP][PASSED] - I.Verify_Table_getdata("//*[@id="table_body"]", 0, 15, ExpectedValue3): Actual text 'Analytical Constituents:
protein: %,
fat content: %,
crude ash: %,
crude fibre: %,
omega 6 fatty acids: %.' and expected text 'Analytical Constituents:
protein: %,
fat content: %,
crude ash: %,
crude fibre: %,
omega 6 fatty acids: %.' are matched 

2022-06-24 09:39:18 - [MESSAGE][PASSED] - Actual text 'Analytical Constituents:
protein: %,
fat content: %,
crude ash: %,
crude fibre: %,
omega 6 fatty acids: %.' and expected text 'Analytical Constituents:
protein: %,
fat content: %,
crude ash: %,
crude fibre: %,
omega 6 fatty acids: %.' are matched 

2022-06-24 09:39:18 - [TEST_STEP][PASSED] - I.Verify_Table_getdata("//*[@id="table_body"]", 0, 16, ExpectedValue4): Actual text '' and expected text '' are matched 

2022-06-24 09:39:18 - [MESSAGE][PASSED] - Actual text '' and expected text '' are matched 

2022-06-24 09:39:18 - [TEST_STEP][PASSED] - click(findTestObject("1. Constant/xpath", ["xpath":"//*[@id="aff_phase_brief"]"])): Object: 'Object Repository/1. Constant/xpath' is clicked on

2022-06-24 09:39:20 - [MESSAGE][PASSED] - Object: 'Object Repository/1. Constant/xpath' is clicked on

2022-06-24 09:39:20 - [TEST_STEP][PASSED] - click(findTestObject("1. Constant/xpath", ["xpath":"//*[@id="btn_view_ref_parent"]"])): Object: 'Object Repository/1. Constant/xpath' is clicked on

2022-06-24 09:39:25 - [MESSAGE][PASSED] - Object: 'Object Repository/1. Constant/xpath' is clicked on

2022-06-24 09:39:25 - [TEST_STEP][PASSED] - takeScreenshot(): Taking screenshot successfully

2022-06-24 09:39:25 - [MESSAGE][PASSED] - Taking screenshot successfully
[[ATTACHMENT|D:\\Projet Test Auto\\Mediabox Test Automation\\Reports\\20220624_091700\\03. Parallel Testing (Testing)\\TS -PT PART 3\\15.03 NPP Duplication Shortcut (TR) - Part 2\\20220624_091702\\1656056365584.png]]

2022-06-24 09:39:25 - [TEST_STEP][PASSED] - delay(1): Delayed 1 second(s)

2022-06-24 09:39:26 - [MESSAGE][PASSED] - Delayed 1 second(s)

2022-06-24 09:39:26 - [TEST_STEP][PASSED] - parent_refid = I.RefID_Npp(): Current window's url is: 'http://mdb-release.diadeis.lan/MediaboxIndependence/Base/ExecAction?action=VoirRef&IDSession=MBI!RELTESTAUTO_NPP!27RWGHWTEGXGZEYCUV98FTUGAXGKCF2L9BUZZ23J&num=LAFMRFV4N5&id_ref=1058054'

2022-06-24 09:39:31 - [MESSAGE][PASSED] - Delayed 5 second(s)

2022-06-24 09:39:31 - [MESSAGE][PASSED] - Current window's url is: 'http://mdb-release.diadeis.lan/MediaboxIndependence/Base/ExecAction?action=VoirRef&IDSession=MBI!RELTESTAUTO_NPP!27RWGHWTEGXGZEYCUV98FTUGAXGKCF2L9BUZZ23J&num=LAFMRFV4N5&id_ref=1058054'

2022-06-24 09:39:31 - [TEST_STEP][PASSED] - verifyNotMatch(parent_refid, refID, false): Actual text '1058054' and expected text '' are not matched 

2022-06-24 09:39:31 - [MESSAGE][PASSED] - Actual text '1058054' and expected text '' are not matched 

2022-06-24 09:39:31 - [TEST_STEP][PASSED] - I.Logout_xpath("//*[@id="kt_header"]/div/div[2]/div[2]/div[1]/div/span/img", "//*[@id="kt_header"]/div/div[2]/div[2]/div[2]/a[2]"): Wait for page load successfully

2022-06-24 09:39:32 - [MESSAGE][PASSED] - Object: 'Object Repository/1. Constant/xpath' is clicked on

2022-06-24 09:39:33 - [MESSAGE][PASSED] - Delayed 1 second(s)

2022-06-24 09:39:35 - [MESSAGE][PASSED] - Object: 'Object Repository/1. Constant/xpath' is clicked on

2022-06-24 09:39:36 - [MESSAGE][PASSED] - Delayed 1 second(s)

2022-06-24 09:39:37 - [MESSAGE][PASSED] - Wait for page load successfully

2022-06-24 09:39:37 - [TEST_STEP][PASSED] - I.Login_password("akim", password_akim): Object: 'Object Repository/1. Constant/xpath' is clicked on

2022-06-24 09:39:37 - [MESSAGE][PASSED] - Text 'akim' is set on object 'Object Repository/1. Constant/xpath'

2022-06-24 09:39:38 - [MESSAGE][PASSED] - Delayed 1 second(s)

2022-06-24 09:39:38 - [MESSAGE][PASSED] - Text 'dchi' is set on object 'Object Repository/1. Constant/xpath'

2022-06-24 09:39:40 - [MESSAGE][PASSED] - Delayed 1 second(s)

2022-06-24 09:39:43 - [MESSAGE][PASSED] - Object: 'Object Repository/1. Constant/xpath' is clicked on

2022-06-24 09:39:43 - [TEST_STEP][PASSED] - takeScreenshot(): Taking screenshot successfully

2022-06-24 09:39:44 - [MESSAGE][PASSED] - Taking screenshot successfully
[[ATTACHMENT|D:\\Projet Test Auto\\Mediabox Test Automation\\Reports\\20220624_091700\\03. Parallel Testing (Testing)\\TS -PT PART 3\\15.03 NPP Duplication Shortcut (TR) - Part 2\\20220624_091702\\1656056383995.png]]

2022-06-24 09:39:44 - [TEST_STEP][PASSED] - click(findTestObject("1. Constant/02_LHSMenu_Projects")): Object: 'Object Repository/1. Constant/02_LHSMenu_Projects' is clicked on

2022-06-24 09:39:52 - [MESSAGE][PASSED] - Object: 'Object Repository/1. Constant/02_LHSMenu_Projects' is clicked on

2022-06-24 09:39:52 - [TEST_STEP][PASSED] - I.SearchProjectNo_xpath(Project_No, "//*[@id="keynum_project"]", "//*[@id="form_filters"]/div[20]/button"): Delayed 5 second(s)

2022-06-24 09:39:53 - [MESSAGE][PASSED] - Delayed 1 second(s)

2022-06-24 09:39:53 - [MESSAGE][PASSED] - Text 'MI001083' is set on object 'Object Repository/1. Constant/xpath'

2022-06-24 09:39:56 - [MESSAGE][PASSED] - Delayed 3 second(s)

2022-06-24 09:39:57 - [MESSAGE][PASSED] - Scroll to object 'Object Repository/1. Constant/xpath' successfully

2022-06-24 09:40:04 - [MESSAGE][PASSED] - Object: 'Object Repository/1. Constant/xpath' is clicked on

2022-06-24 09:40:09 - [MESSAGE][PASSED] - Delayed 5 second(s)

2022-06-24 09:40:09 - [TEST_STEP][PASSED] - delay(1): Delayed 1 second(s)

2022-06-24 09:40:10 - [MESSAGE][PASSED] - Delayed 1 second(s)

2022-06-24 09:40:10 - [TEST_STEP][PASSED] - I.superedit_ref(findTestObject("1. Constant/xpath", ["xpath":"//*[@id="fiches"]/table/tbody/tr[5]/td[9]/div[2]/button"]), findTestObject("1. Constant/xpath", ["xpath":"//*[@id="fiches"]/table/tbody/tr[5]/td[9]/div[2]/div/a[4]"])): Object: 'Object Repository/1. Constant/xpath' is clicked on

2022-06-24 09:40:11 - [MESSAGE][PASSED] - Object: 'Object Repository/1. Constant/xpath' is clicked on

2022-06-24 09:40:14 - [MESSAGE][PASSED] - Delayed 3 second(s)

2022-06-24 09:40:17 - [MESSAGE][PASSED] - Object: 'Object Repository/1. Constant/xpath' is clicked on

2022-06-24 09:40:17 - [TEST_STEP][PASSED] - setText(findTestObject("1. Constant/xpath", ["xpath":"//*[@id="var_110"]"]), "Test Super edit Variety - TC20.12"): Text 'Test Super edit Variety - TC20.12' is set on object 'Object Repository/1. Constant/xpath'

2022-06-24 09:40:18 - [MESSAGE][PASSED] - Text 'Test Super edit Variety - TC20.12' is set on object 'Object Repository/1. Constant/xpath'

2022-06-24 09:40:18 - [TEST_STEP][PASSED] - I.Pagedown(): Execute JavaScript 'window.scrollTo(0, document.body.scrollHeight)' successfully

2022-06-24 09:40:18 - [MESSAGE][PASSED] - Execute JavaScript 'window.scrollTo(0, document.body.scrollHeight)' successfully

2022-06-24 09:40:18 - [TEST_STEP][PASSED] - click(findTestObject("1. Constant/xpath", ["xpath":"//*[@id="ModifFiche"]/div[3]/div/button"])): Object: 'Object Repository/1. Constant/xpath' is clicked on

2022-06-24 09:40:23 - [MESSAGE][PASSED] - Object: 'Object Repository/1. Constant/xpath' is clicked on

2022-06-24 09:40:23 - [TEST_STEP][PASSED] - delay(1): Delayed 1 second(s)

2022-06-24 09:40:24 - [MESSAGE][PASSED] - Delayed 1 second(s)

2022-06-24 09:40:24 - [TEST_STEP][PASSED] - click(findTestObject("1. Constant/xpath", ["xpath":"//*[@id="fiches"]/table/tbody/tr[5]/td[9]/a"])): Object: 'Object Repository/1. Constant/xpath' is clicked on

2022-06-24 09:40:29 - [MESSAGE][PASSED] - Object: 'Object Repository/1. Constant/xpath' is clicked on

2022-06-24 09:40:29 - [TEST_STEP][PASSED] - Actual_Edited_Variety = getAttribute(findTestObject("1. Constant/xpath", ["xpath":"//*[@id="var_110"]"]), "value"): Attribute 'value' of object 'Object Repository/1. Constant/xpath' is: 'Test Super edit Variety - TC20.12'

2022-06-24 09:40:29 - [MESSAGE][PASSED] - Attribute 'value' of object 'Object Repository/1. Constant/xpath' is: 'Test Super edit Variety - TC20.12'

2022-06-24 09:40:29 - [TEST_STEP][PASSED] - verifyMatch(Actual_Edited_Variety, "Test Super edit Variety - TC20.12", false): Actual text 'Test Super edit Variety - TC20.12' and expected text 'Test Super edit Variety - TC20.12' are matched 

2022-06-24 09:40:29 - [MESSAGE][PASSED] - Actual text 'Test Super edit Variety - TC20.12' and expected text 'Test Super edit Variety - TC20.12' are matched 

2022-06-24 09:40:29 - [TEST_STEP][PASSED] - click(findTestObject("1. Constant/xpath", ["xpath":"//*[@id="ModifFiche"]/div[1]/div/button[2]"])): Object: 'Object Repository/1. Constant/xpath' is clicked on

2022-06-24 09:40:36 - [MESSAGE][PASSED] - Object: 'Object Repository/1. Constant/xpath' is clicked on

2022-06-24 09:40:36 - [TEST_STEP][PASSED] - I.status_lifecycle(findTestObject("1. Constant/xpath", ["xpath":"//*[@id="fiches"]/table/tbody/tr[5]/td[7]/span[2]"]), "LSS Creation"): Status contain LSS Creation.

2022-06-24 09:40:36 - [MESSAGE][PASSED] - Text of object 'Object Repository/1. Constant/xpath' is: 'LSS Creation'

2022-06-24 09:40:36 - [MESSAGE][PASSED] - Status contain LSS Creation.

2022-06-24 09:40:36 - [TEST_STEP][PASSED] - closeBrowser(): Browser is closed

2022-06-24 09:41:05 - [MESSAGE][PASSED] - Browser is closed

2022-06-24 09:41:05 - [TEST_STEP][PASSED] - Start listener action : sampleAfterTestCase: null]]></system-out>
         <system-err><![CDATA[]]></system-err>
      </testcase>
      <testcase name="Test Cases/20. Sephora_NPP Duplication Standard_ Duplication Shortcut/20.13 NPP Duplication Shortcut In this Project _Content template - Used 16.08_20.08 P9" time="279.322" classname="Test Cases/20. Sephora_NPP Duplication Standard_ Duplication Shortcut/20.13 NPP Duplication Shortcut In this Project _Content template - Used 16.08_20.08 P9" status="PASSED">
         <system-out><![CDATA[2022-06-24 09:41:05 - [TEST_CASE][PASSED] - Test Cases/20. Sephora_NPP Duplication Standard_ Duplication Shortcut/20.13 NPP Duplication Shortcut In this Project _Content template - Used 16.08_20.08 P9: Test Cases/20. Sephora_NPP Duplication Standard_ Duplication Shortcut/20.13 NPP Duplication Shortcut In this Project _Content template - Used 16.08_20.08 P9

2022-06-24 09:41:05 - [TEST_STEP][PASSED] - data_Npp = findTestData("Data Files/Username_Password/Npp"): null

2022-06-24 09:41:05 - [TEST_STEP][PASSED] - password_ncur = data_Npp.getValue(2, 1): null

2022-06-24 09:41:05 - [TEST_STEP][PASSED] - password_akim = data_Npp.getValue(2, 2): null

2022-06-24 09:41:05 - [TEST_STEP][PASSED] - data_urlRELAUTO = findTestData("Data Files/URL/URL_relauto"): null

2022-06-24 09:41:05 - [TEST_STEP][PASSED] - Url_Npp = data_urlRELAUTO.getValue(2, 5): null

2022-06-24 09:41:05 - [TEST_STEP][PASSED] - Project_No = I.readnotepad("D:\Upoad_File\Projet_ Login\NPP\16.08\16.08_NPP_ProjectNo.txt"): null

2022-06-24 09:41:05 - [TEST_STEP][PASSED] - refID = I.readnotepad("D:\Upoad_File\Projet_ Login\NPP\16.08\16.08_NPP_refID.txt"): null

2022-06-24 09:41:05 - [TEST_STEP][PASSED] - openBrowser(Url_Npp): Browser is opened with url: ' http://mdb-release.diadeis.lan/MediaboxIndependence/?MBI_datasource=RELTESTAUTO_NPP'

2022-06-24 09:41:05 - [MESSAGE][INFO] - Starting 'Chrome (headless)' driver

2022-06-24 09:41:05 - [MESSAGE][INFO] - User set preference: ['args', '[--window-size=1920,1080, --headless]']

2022-06-24 09:41:05 - [MESSAGE][INFO] - Action delay is set to 0 milliseconds

2022-06-24 09:41:23 - [MESSAGE][PASSED] - Browser is opened with url: ' http://mdb-release.diadeis.lan/MediaboxIndependence/?MBI_datasource=RELTESTAUTO_NPP'

2022-06-24 09:41:23 - [TEST_STEP][PASSED] - maximizeWindow(): Current window maximized

2022-06-24 09:41:24 - [MESSAGE][PASSED] - Current window maximized

2022-06-24 09:41:24 - [TEST_STEP][PASSED] - takeScreenshot(): Taking screenshot successfully

2022-06-24 09:41:24 - [MESSAGE][PASSED] - Taking screenshot successfully
[[ATTACHMENT|D:\\Projet Test Auto\\Mediabox Test Automation\\Reports\\20220624_091700\\03. Parallel Testing (Testing)\\TS -PT PART 3\\15.03 NPP Duplication Shortcut (TR) - Part 2\\20220624_091702\\1656056484178.png]]

2022-06-24 09:41:24 - [TEST_STEP][PASSED] - I.Login_password("ncur", password_ncur): Object: 'Object Repository/1. Constant/xpath' is clicked on

2022-06-24 09:41:25 - [MESSAGE][PASSED] - Text 'ncur' is set on object 'Object Repository/1. Constant/xpath'

2022-06-24 09:41:26 - [MESSAGE][PASSED] - Delayed 1 second(s)

2022-06-24 09:41:26 - [MESSAGE][PASSED] - Text 'dchi' is set on object 'Object Repository/1. Constant/xpath'

2022-06-24 09:41:27 - [MESSAGE][PASSED] - Delayed 1 second(s)

2022-06-24 09:41:33 - [MESSAGE][PASSED] - Object: 'Object Repository/1. Constant/xpath' is clicked on

2022-06-24 09:41:33 - [TEST_STEP][PASSED] - takeScreenshot(): Taking screenshot successfully

2022-06-24 09:41:33 - [MESSAGE][PASSED] - Taking screenshot successfully
[[ATTACHMENT|D:\\Projet Test Auto\\Mediabox Test Automation\\Reports\\20220624_091700\\03. Parallel Testing (Testing)\\TS -PT PART 3\\15.03 NPP Duplication Shortcut (TR) - Part 2\\20220624_091702\\1656056493526.png]]

2022-06-24 09:41:33 - [TEST_STEP][PASSED] - click(findTestObject("1. Constant/02_LHSMenu_Projects")): Object: 'Object Repository/1. Constant/02_LHSMenu_Projects' is clicked on

2022-06-24 09:41:50 - [MESSAGE][PASSED] - Object: 'Object Repository/1. Constant/02_LHSMenu_Projects' is clicked on

2022-06-24 09:41:50 - [TEST_STEP][PASSED] - I.SearchProjectNo_xpath(Project_No, "//*[@id="keynum_project"]", "//*[@id="form_filters"]/div[9]/button"): Delayed 5 second(s)

2022-06-24 09:41:51 - [MESSAGE][PASSED] - Delayed 1 second(s)

2022-06-24 09:41:51 - [MESSAGE][PASSED] - Text 'MI001081' is set on object 'Object Repository/1. Constant/xpath'

2022-06-24 09:41:54 - [MESSAGE][PASSED] - Delayed 3 second(s)

2022-06-24 09:41:55 - [MESSAGE][PASSED] - Scroll to object 'Object Repository/1. Constant/xpath' successfully

2022-06-24 09:41:59 - [MESSAGE][PASSED] - Object: 'Object Repository/1. Constant/xpath' is clicked on

2022-06-24 09:42:04 - [MESSAGE][PASSED] - Delayed 5 second(s)

2022-06-24 09:42:04 - [TEST_STEP][PASSED] - delay(1): Delayed 1 second(s)

2022-06-24 09:42:05 - [MESSAGE][PASSED] - Delayed 1 second(s)

2022-06-24 09:42:05 - [TEST_STEP][PASSED] - click(findTestObject("1. Constant/xpath", ["xpath":"//*[@id="kt_content"]/div[3]/div/div[2]/div[1]/div[2]/span/div/button"])): Object: 'Object Repository/1. Constant/xpath' is clicked on

2022-06-24 09:42:06 - [MESSAGE][PASSED] - Object: 'Object Repository/1. Constant/xpath' is clicked on

2022-06-24 09:42:06 - [TEST_STEP][PASSED] - delay(1): Delayed 1 second(s)

2022-06-24 09:42:07 - [MESSAGE][PASSED] - Delayed 1 second(s)

2022-06-24 09:42:07 - [TEST_STEP][PASSED] - click(findTestObject("1. Constant/xpath", ["xpath":"//*[@id="btnduplicatereference"]"])): Object: 'Object Repository/1. Constant/xpath' is clicked on

2022-06-24 09:42:07 - [MESSAGE][PASSED] - Object: 'Object Repository/1. Constant/xpath' is clicked on

2022-06-24 09:42:07 - [TEST_STEP][PASSED] - click(findTestObject("1. Constant/xpath", ["xpath":"//*[@id="fiches"]/table/thead/tr/th[1]/label"])): Object: 'Object Repository/1. Constant/xpath' is clicked on

2022-06-24 09:42:08 - [MESSAGE][PASSED] - Object: 'Object Repository/1. Constant/xpath' is clicked on

2022-06-24 09:42:08 - [TEST_STEP][PASSED] - delay(1): Delayed 1 second(s)

2022-06-24 09:42:09 - [MESSAGE][PASSED] - Delayed 1 second(s)

2022-06-24 09:42:09 - [TEST_STEP][PASSED] - click(findTestObject("1. Constant/xpath", ["xpath":"//*[@id="action_btnduplicatereference"]"])): Object: 'Object Repository/1. Constant/xpath' is clicked on

2022-06-24 09:42:11 - [MESSAGE][PASSED] - Object: 'Object Repository/1. Constant/xpath' is clicked on

2022-06-24 09:42:11 - [TEST_STEP][PASSED] - delay(1): Delayed 1 second(s)

2022-06-24 09:42:12 - [MESSAGE][PASSED] - Delayed 1 second(s)

2022-06-24 09:42:12 - [TEST_STEP][PASSED] - takeScreenshot(): Taking screenshot successfully

2022-06-24 09:42:12 - [MESSAGE][PASSED] - Taking screenshot successfully
[[ATTACHMENT|D:\\Projet Test Auto\\Mediabox Test Automation\\Reports\\20220624_091700\\03. Parallel Testing (Testing)\\TS -PT PART 3\\15.03 NPP Duplication Shortcut (TR) - Part 2\\20220624_091702\\1656056532306.png]]

2022-06-24 09:42:12 - [TEST_STEP][PASSED] - verifyElementNotPresent(findTestObject("1. Constant/xpath", ["xpath":"//*[@id="list_project_type"]/label[2]"]), 2): Web element with id: 'Object Repository/1. Constant/xpath' located by 'By.xpath: //*[@id="list_project_type"]/label[2]' is not present after '2' second(s)

2022-06-24 09:42:13 - [MESSAGE][PASSED] - Web element with id: 'Object Repository/1. Constant/xpath' located by 'By.xpath: //*[@id="list_project_type"]/label[2]' is not present after '2' second(s)

2022-06-24 09:42:13 - [TEST_STEP][PASSED] - click(findTestObject("1. Constant/xpath", ["xpath":"//*[@id="modal_duplicate_reference"]/div/div/div[2]/div/div[8]/div[1]/label[2]"])): Object: 'Object Repository/1. Constant/xpath' is clicked on

2022-06-24 09:42:13 - [MESSAGE][PASSED] - Object: 'Object Repository/1. Constant/xpath' is clicked on

2022-06-24 09:42:13 - [TEST_STEP][PASSED] - I.VerifyMatchText("//*[@id="info_translation_block"]", "This option will duplicate the values from the brief and the source text structure (blocks to translate). The source content and the translations will not be collected."): Actual text 'This option will duplicate the values from the brief and the source text structure (blocks to translate). The source content and the translations will not be collected.' and expected text 'This option will duplicate the values from the brief and the source text structure (blocks to translate). The source content and the translations will not be collected.' are matched 

2022-06-24 09:42:13 - [MESSAGE][PASSED] - Text of object 'Object Repository/1. Constant/xpath' is: 'This option will duplicate the values from the brief and the source text structure (blocks to translate). The source content and the translations will not be collected.'

2022-06-24 09:42:14 - [MESSAGE][PASSED] - Delayed 1 second(s)

2022-06-24 09:42:14 - [MESSAGE][PASSED] - Actual text 'This option will duplicate the values from the brief and the source text structure (blocks to translate). The source content and the translations will not be collected.' and expected text 'This option will duplicate the values from the brief and the source text structure (blocks to translate). The source content and the translations will not be collected.' are matched 

2022-06-24 09:42:14 - [TEST_STEP][PASSED] - I.VerifyMatchText("//*[@id="list_project_type"]/label", "Duplicate into a new LSS version"): Actual text 'Duplicate into a new LSS version' and expected text 'Duplicate into a new LSS version' are matched 

2022-06-24 09:42:14 - [MESSAGE][PASSED] - Text of object 'Object Repository/1. Constant/xpath' is: 'Duplicate into a new LSS version'

2022-06-24 09:42:15 - [MESSAGE][PASSED] - Delayed 1 second(s)

2022-06-24 09:42:15 - [MESSAGE][PASSED] - Actual text 'Duplicate into a new LSS version' and expected text 'Duplicate into a new LSS version' are matched 

2022-06-24 09:42:15 - [TEST_STEP][PASSED] - No_Reftemplate = getNumberOfTotalOption(findTestObject("1. Constant/xpath", ["xpath":"//*[@id="ref_tpl7"]"])): 1 options of object 'Object Repository/1. Constant/xpath' counted

2022-06-24 09:42:16 - [MESSAGE][PASSED] - 1 options of object 'Object Repository/1. Constant/xpath' counted

2022-06-24 09:42:16 - [TEST_STEP][PASSED] - verifyEqual(No_Reftemplate, "1"): Actual object '1' and expected object '1' are equal

2022-06-24 09:42:16 - [MESSAGE][PASSED] - Actual object '1' and expected object '1' are equal

2022-06-24 09:42:16 - [TEST_STEP][PASSED] - I.VerifyMatchText("//*[@id="select2-ref_tpl7-container"]", "LSS Reference"): Actual text 'LSS Reference' and expected text 'LSS Reference' are matched 

2022-06-24 09:42:16 - [MESSAGE][PASSED] - Text of object 'Object Repository/1. Constant/xpath' is: 'LSS Reference'

2022-06-24 09:42:17 - [MESSAGE][PASSED] - Delayed 1 second(s)

2022-06-24 09:42:17 - [MESSAGE][PASSED] - Actual text 'LSS Reference' and expected text 'LSS Reference' are matched 

2022-06-24 09:42:17 - [TEST_STEP][PASSED] - No_lifetemplate = getNumberOfTotalOption(findTestObject("1. Constant/xpath", ["xpath":"//*[@id="lfc_tpl7"]"])): 5 options of object 'Object Repository/1. Constant/xpath' counted

2022-06-24 09:42:17 - [MESSAGE][PASSED] - 5 options of object 'Object Repository/1. Constant/xpath' counted

2022-06-24 09:42:17 - [TEST_STEP][PASSED] - verifyEqual(No_lifetemplate, "5"): Actual object '5' and expected object '5' are equal

2022-06-24 09:42:17 - [MESSAGE][PASSED] - Actual object '5' and expected object '5' are equal

2022-06-24 09:42:17 - [TEST_STEP][PASSED] - I.VerifyMatchText("//*[@id="select2-lfc_tpl7-container"]", "LSS Lifecycle (3)"): Actual text 'LSS Lifecycle (3)' and expected text 'LSS Lifecycle (3)' are matched 

2022-06-24 09:42:18 - [MESSAGE][PASSED] - Text of object 'Object Repository/1. Constant/xpath' is: 'LSS Lifecycle (3)'

2022-06-24 09:42:19 - [MESSAGE][PASSED] - Delayed 1 second(s)

2022-06-24 09:42:19 - [MESSAGE][PASSED] - Actual text 'LSS Lifecycle (3)' and expected text 'LSS Lifecycle (3)' are matched 

2022-06-24 09:42:19 - [TEST_STEP][PASSED] - click(findTestObject("1. Constant/xpath", ["xpath":"//*[@id="btn_submit_duplication"]"])): Object: 'Object Repository/1. Constant/xpath' is clicked on

2022-06-24 09:42:31 - [MESSAGE][PASSED] - Object: 'Object Repository/1. Constant/xpath' is clicked on

2022-06-24 09:42:31 - [TEST_STEP][PASSED] - I.VerifyMatchText("//*[@id="kt_content"]/div[3]/div/div[2]/div[1]/div[1]/h1/span", "3"): Actual text '3' and expected text '3' are matched 

2022-06-24 09:42:31 - [MESSAGE][PASSED] - Text of object 'Object Repository/1. Constant/xpath' is: '3'

2022-06-24 09:42:32 - [MESSAGE][PASSED] - Delayed 1 second(s)

2022-06-24 09:42:32 - [MESSAGE][PASSED] - Actual text '3' and expected text '3' are matched 

2022-06-24 09:42:32 - [TEST_STEP][PASSED] - click(findTestObject("1. Constant/xpath", ["xpath":"//*[@id="fiches"]/table/tbody/tr[3]/td[5]/a"])): Object: 'Object Repository/1. Constant/xpath' is clicked on

2022-06-24 09:42:35 - [MESSAGE][PASSED] - Object: 'Object Repository/1. Constant/xpath' is clicked on

2022-06-24 09:42:35 - [TEST_STEP][PASSED] - delay(1): Delayed 1 second(s)

2022-06-24 09:42:36 - [MESSAGE][PASSED] - Delayed 1 second(s)

2022-06-24 09:42:36 - [TEST_STEP][PASSED] - refid2 = I.RefID_Npp(): Current window's url is: 'http://mdb-release.diadeis.lan/MediaboxIndependence/Base/ExecAction?action=VoirRef&IDSession=MBI!RELTESTAUTO_NPP!X6PJ4XR76Z1H6VBMS5936SSDDI6V53T9VT1JFSN9&num=AJZ2PXOSZY&id_ref=1058062'

2022-06-24 09:42:41 - [MESSAGE][PASSED] - Delayed 5 second(s)

2022-06-24 09:42:41 - [MESSAGE][PASSED] - Current window's url is: 'http://mdb-release.diadeis.lan/MediaboxIndependence/Base/ExecAction?action=VoirRef&IDSession=MBI!RELTESTAUTO_NPP!X6PJ4XR76Z1H6VBMS5936SSDDI6V53T9VT1JFSN9&num=AJZ2PXOSZY&id_ref=1058062'

2022-06-24 09:42:41 - [TEST_STEP][PASSED] - click(findTestObject("1. Constant/xpath", ["xpath":"//*[@id="aff_full_brief"]"])): Object: 'Object Repository/1. Constant/xpath' is clicked on

2022-06-24 09:42:43 - [MESSAGE][PASSED] - Object: 'Object Repository/1. Constant/xpath' is clicked on

2022-06-24 09:42:43 - [TEST_STEP][PASSED] - delay(1): Delayed 1 second(s)

2022-06-24 09:42:44 - [MESSAGE][PASSED] - Delayed 1 second(s)

2022-06-24 09:42:44 - [TEST_STEP][PASSED] - I.VerifyMatchText("//*[@id="var_107"]", "Litter"): Actual text 'Litter' and expected text 'Litter' are matched 

2022-06-24 09:42:44 - [MESSAGE][PASSED] - Text of object 'Object Repository/1. Constant/xpath' is: 'Litter'

2022-06-24 09:42:45 - [MESSAGE][PASSED] - Delayed 1 second(s)

2022-06-24 09:42:45 - [MESSAGE][PASSED] - Actual text 'Litter' and expected text 'Litter' are matched 

2022-06-24 09:42:45 - [TEST_STEP][PASSED] - I.VerifyMatchText("//*[@id="var_108"]", "Clumping clay" + "
" + "Corn"): Actual text 'Clumping clay
Corn' and expected text 'Clumping clay
Corn' are matched 

2022-06-24 09:42:45 - [MESSAGE][PASSED] - Text of object 'Object Repository/1. Constant/xpath' is: 'Clumping clay
Corn'

2022-06-24 09:42:46 - [MESSAGE][PASSED] - Delayed 1 second(s)

2022-06-24 09:42:46 - [MESSAGE][PASSED] - Actual text 'Clumping clay
Corn' and expected text 'Clumping clay
Corn' are matched 

2022-06-24 09:42:46 - [TEST_STEP][PASSED] - I.VerifyMatchText("//*[@id="var_110"]", "Variety test"): Actual text 'Variety test' and expected text 'Variety test' are matched 

2022-06-24 09:42:46 - [MESSAGE][PASSED] - Text of object 'Object Repository/1. Constant/xpath' is: 'Variety test'

2022-06-24 09:42:47 - [MESSAGE][PASSED] - Delayed 1 second(s)

2022-06-24 09:42:47 - [MESSAGE][PASSED] - Actual text 'Variety test' and expected text 'Variety test' are matched 

2022-06-24 09:42:47 - [TEST_STEP][PASSED] - I.VerifyMatchText("//*[@id="var_133"]", "Alternative Format code test"): Actual text 'Alternative Format code test' and expected text 'Alternative Format code test' are matched 

2022-06-24 09:42:48 - [MESSAGE][PASSED] - Text of object 'Object Repository/1. Constant/xpath' is: 'Alternative Format code test'

2022-06-24 09:42:49 - [MESSAGE][PASSED] - Delayed 1 second(s)

2022-06-24 09:42:49 - [MESSAGE][PASSED] - Actual text 'Alternative Format code test' and expected text 'Alternative Format code test' are matched 

2022-06-24 09:42:49 - [TEST_STEP][PASSED] - I.VerifyMatchText("//*[@id="var_65"]", "FORMAT Product designation test"): Actual text 'FORMAT Product designation test' and expected text 'FORMAT Product designation test' are matched 

2022-06-24 09:42:51 - [MESSAGE][PASSED] - Text of object 'Object Repository/1. Constant/xpath' is: 'FORMAT Product designation test'

2022-06-24 09:42:52 - [MESSAGE][PASSED] - Delayed 1 second(s)

2022-06-24 09:42:52 - [MESSAGE][PASSED] - Actual text 'FORMAT Product designation test' and expected text 'FORMAT Product designation test' are matched 

2022-06-24 09:42:52 - [TEST_STEP][PASSED] - I.VerifyMatchText("//*[@id="var_103"]", "SAP Designation test > https://www.google.com/"): Actual text 'SAP Designation test > https://www.google.com/' and expected text 'SAP Designation test > https://www.google.com/' are matched 

2022-06-24 09:42:53 - [MESSAGE][PASSED] - Text of object 'Object Repository/1. Constant/xpath' is: 'SAP Designation test > https://www.google.com/'

2022-06-24 09:42:54 - [MESSAGE][PASSED] - Delayed 1 second(s)

2022-06-24 09:42:54 - [MESSAGE][PASSED] - Actual text 'SAP Designation test > https://www.google.com/' and expected text 'SAP Designation test > https://www.google.com/' are matched 

2022-06-24 09:42:54 - [TEST_STEP][PASSED] - I.VerifyMatchText("//*[@id="var_139"]", "Claim Substantiation Project Link > https://www.google.com/"): Actual text 'Claim Substantiation Project Link > https://www.google.com/' and expected text 'Claim Substantiation Project Link > https://www.google.com/' are matched 

2022-06-24 09:42:54 - [MESSAGE][PASSED] - Text of object 'Object Repository/1. Constant/xpath' is: 'Claim Substantiation Project Link > https://www.google.com/'

2022-06-24 09:42:55 - [MESSAGE][PASSED] - Delayed 1 second(s)

2022-06-24 09:42:55 - [MESSAGE][PASSED] - Actual text 'Claim Substantiation Project Link > https://www.google.com/' and expected text 'Claim Substantiation Project Link > https://www.google.com/' are matched 

2022-06-24 09:42:55 - [TEST_STEP][PASSED] - I.VerifyMatchText("//*[@id="var_160"]", "Grading standard link > test"): Actual text 'Grading standard link > test' and expected text 'Grading standard link > test' are matched 

2022-06-24 09:42:55 - [MESSAGE][PASSED] - Text of object 'Object Repository/1. Constant/xpath' is: 'Grading standard link > test'

2022-06-24 09:42:56 - [MESSAGE][PASSED] - Delayed 1 second(s)

2022-06-24 09:42:56 - [MESSAGE][PASSED] - Actual text 'Grading standard link > test' and expected text 'Grading standard link > test' are matched 

2022-06-24 09:42:56 - [TEST_STEP][PASSED] - I.VerifyMatchText("//*[@id="var_62"]", "DPET > test"): Actual text 'DPET > test' and expected text 'DPET > test' are matched 

2022-06-24 09:42:56 - [MESSAGE][PASSED] - Text of object 'Object Repository/1. Constant/xpath' is: 'DPET > test'

2022-06-24 09:42:57 - [MESSAGE][PASSED] - Delayed 1 second(s)

2022-06-24 09:42:57 - [MESSAGE][PASSED] - Actual text 'DPET > test' and expected text 'DPET > test' are matched 

2022-06-24 09:42:57 - [TEST_STEP][PASSED] - I.VerifyMatchText("//*[@id="var_90"]", "Project name > test"): Actual text 'Project name > test' and expected text 'Project name > test' are matched 

2022-06-24 09:42:57 - [MESSAGE][PASSED] - Text of object 'Object Repository/1. Constant/xpath' is: 'Project name > test'

2022-06-24 09:42:58 - [MESSAGE][PASSED] - Delayed 1 second(s)

2022-06-24 09:42:58 - [MESSAGE][PASSED] - Actual text 'Project name > test' and expected text 'Project name > test' are matched 

2022-06-24 09:42:58 - [TEST_STEP][PASSED] - I.VerifyMatchText("//*[@id="var_91"]", "HIP"): Actual text 'HIP' and expected text 'HIP' are matched 

2022-06-24 09:42:59 - [MESSAGE][PASSED] - Text of object 'Object Repository/1. Constant/xpath' is: 'HIP'

2022-06-24 09:43:00 - [MESSAGE][PASSED] - Delayed 1 second(s)

2022-06-24 09:43:00 - [MESSAGE][PASSED] - Actual text 'HIP' and expected text 'HIP' are matched 

2022-06-24 09:43:00 - [TEST_STEP][PASSED] - I.VerifyMatchText("//*[@id="var_71"]", "25/08/2021"): Actual text '25/08/2021' and expected text '25/08/2021' are matched 

2022-06-24 09:43:00 - [MESSAGE][PASSED] - Text of object 'Object Repository/1. Constant/xpath' is: '25/08/2021'

2022-06-24 09:43:01 - [MESSAGE][PASSED] - Delayed 1 second(s)

2022-06-24 09:43:01 - [MESSAGE][PASSED] - Actual text '25/08/2021' and expected text '25/08/2021' are matched 

2022-06-24 09:43:01 - [TEST_STEP][PASSED] - I.VerifyMatchText("//*[@id="var_72"]", "01/12/2021"): Actual text '01/12/2021' and expected text '01/12/2021' are matched 

2022-06-24 09:43:02 - [MESSAGE][PASSED] - Text of object 'Object Repository/1. Constant/xpath' is: '01/12/2021'

2022-06-24 09:43:03 - [MESSAGE][PASSED] - Delayed 1 second(s)

2022-06-24 09:43:03 - [MESSAGE][PASSED] - Actual text '01/12/2021' and expected text '01/12/2021' are matched 

2022-06-24 09:43:03 - [TEST_STEP][PASSED] - I.VerifyMatchText("//*[@id="var_116"]", "01/12/2021"): Actual text '01/12/2021' and expected text '01/12/2021' are matched 

2022-06-24 09:43:03 - [MESSAGE][PASSED] - Text of object 'Object Repository/1. Constant/xpath' is: '01/12/2021'

2022-06-24 09:43:04 - [MESSAGE][PASSED] - Delayed 1 second(s)

2022-06-24 09:43:04 - [MESSAGE][PASSED] - Actual text '01/12/2021' and expected text '01/12/2021' are matched 

2022-06-24 09:43:04 - [TEST_STEP][PASSED] - I.VerifyMatchText("//*[@id="var_89"]", "Project Information - Comments"): Actual text 'Project Information - Comments' and expected text 'Project Information - Comments' are matched 

2022-06-24 09:43:04 - [MESSAGE][PASSED] - Text of object 'Object Repository/1. Constant/xpath' is: 'Project Information - Comments'

2022-06-24 09:43:05 - [MESSAGE][PASSED] - Delayed 1 second(s)

2022-06-24 09:43:05 - [MESSAGE][PASSED] - Actual text 'Project Information - Comments' and expected text 'Project Information - Comments' are matched 

2022-06-24 09:43:05 - [TEST_STEP][PASSED] - I.VerifyMatchText("//*[@id="var_93"]", "Reason for change test"): Actual text 'Reason for change test' and expected text 'Reason for change test' are matched 

2022-06-24 09:43:05 - [MESSAGE][PASSED] - Text of object 'Object Repository/1. Constant/xpath' is: 'Reason for change test'

2022-06-24 09:43:06 - [MESSAGE][PASSED] - Delayed 1 second(s)

2022-06-24 09:43:06 - [MESSAGE][PASSED] - Actual text 'Reason for change test' and expected text 'Reason for change test' are matched 

2022-06-24 09:43:06 - [TEST_STEP][PASSED] - I.VerifyMatchText("//*[@id="var_54"]", "Tidy Cat"): Actual text 'Tidy Cat' and expected text 'Tidy Cat' are matched 

2022-06-24 09:43:06 - [MESSAGE][PASSED] - Text of object 'Object Repository/1. Constant/xpath' is: 'Tidy Cat'

2022-06-24 09:43:07 - [MESSAGE][PASSED] - Delayed 1 second(s)

2022-06-24 09:43:07 - [MESSAGE][PASSED] - Actual text 'Tidy Cat' and expected text 'Tidy Cat' are matched 

2022-06-24 09:43:07 - [TEST_STEP][PASSED] - I.VerifyMatchText("//*[@id="var_106"]", "Tidy Cat - CRYSTALS BLEND"): Actual text 'Tidy Cat - CRYSTALS BLEND' and expected text 'Tidy Cat - CRYSTALS BLEND' are matched 

2022-06-24 09:43:08 - [MESSAGE][PASSED] - Text of object 'Object Repository/1. Constant/xpath' is: 'Tidy Cat - CRYSTALS BLEND'

2022-06-24 09:43:09 - [MESSAGE][PASSED] - Delayed 1 second(s)

2022-06-24 09:43:09 - [MESSAGE][PASSED] - Actual text 'Tidy Cat - CRYSTALS BLEND' and expected text 'Tidy Cat - CRYSTALS BLEND' are matched 

2022-06-24 09:43:09 - [TEST_STEP][PASSED] - I.VerifyMatchText("//*[@id="var_92"]", "Premium"): Actual text 'Premium' and expected text 'Premium' are matched 

2022-06-24 09:43:10 - [MESSAGE][PASSED] - Text of object 'Object Repository/1. Constant/xpath' is: 'Premium'

2022-06-24 09:43:11 - [MESSAGE][PASSED] - Delayed 1 second(s)

2022-06-24 09:43:11 - [MESSAGE][PASSED] - Actual text 'Premium' and expected text 'Premium' are matched 

2022-06-24 09:43:11 - [TEST_STEP][PASSED] - I.VerifyMatchText("//*[@id="var_88"]", "Superfood"): Actual text 'Superfood' and expected text 'Superfood' are matched 

2022-06-24 09:43:12 - [MESSAGE][PASSED] - Text of object 'Object Repository/1. Constant/xpath' is: 'Superfood'

2022-06-24 09:43:13 - [MESSAGE][PASSED] - Delayed 1 second(s)

2022-06-24 09:43:13 - [MESSAGE][PASSED] - Actual text 'Superfood' and expected text 'Superfood' are matched 

2022-06-24 09:43:13 - [TEST_STEP][PASSED] - I.VerifyMatchText("//*[@id="var_86"]", "No color"): Actual text 'No color' and expected text 'No color' are matched 

2022-06-24 09:43:14 - [MESSAGE][PASSED] - Text of object 'Object Repository/1. Constant/xpath' is: 'No color'

2022-06-24 09:43:15 - [MESSAGE][PASSED] - Delayed 1 second(s)

2022-06-24 09:43:15 - [MESSAGE][PASSED] - Actual text 'No color' and expected text 'No color' are matched 

2022-06-24 09:43:15 - [TEST_STEP][PASSED] - I.VerifyMatchText("//*[@id="var_57"]", "Not applicable"): Actual text 'Not applicable' and expected text 'Not applicable' are matched 

2022-06-24 09:43:16 - [MESSAGE][PASSED] - Text of object 'Object Repository/1. Constant/xpath' is: 'Not applicable'

2022-06-24 09:43:17 - [MESSAGE][PASSED] - Delayed 1 second(s)

2022-06-24 09:43:17 - [MESSAGE][PASSED] - Actual text 'Not applicable' and expected text 'Not applicable' are matched 

2022-06-24 09:43:17 - [TEST_STEP][PASSED] - I.VerifyMatchText("//*[@id="var_87"]", "Yes"): Actual text 'Yes' and expected text 'Yes' are matched 

2022-06-24 09:43:17 - [MESSAGE][PASSED] - Text of object 'Object Repository/1. Constant/xpath' is: 'Yes'

2022-06-24 09:43:18 - [MESSAGE][PASSED] - Delayed 1 second(s)

2022-06-24 09:43:18 - [MESSAGE][PASSED] - Actual text 'Yes' and expected text 'Yes' are matched 

2022-06-24 09:43:18 - [TEST_STEP][PASSED] - I.VerifyMatchText("//*[@id="var_109"]", "Complete"): Actual text 'Complete' and expected text 'Complete' are matched 

2022-06-24 09:43:19 - [MESSAGE][PASSED] - Text of object 'Object Repository/1. Constant/xpath' is: 'Complete'

2022-06-24 09:43:20 - [MESSAGE][PASSED] - Delayed 1 second(s)

2022-06-24 09:43:20 - [MESSAGE][PASSED] - Actual text 'Complete' and expected text 'Complete' are matched 

2022-06-24 09:43:20 - [TEST_STEP][PASSED] - I.VerifyMatchText("//*[@id="var_52"]", "Dogs & Cats"): Actual text 'Dogs & Cats' and expected text 'Dogs & Cats' are matched 

2022-06-24 09:43:21 - [MESSAGE][PASSED] - Text of object 'Object Repository/1. Constant/xpath' is: 'Dogs & Cats'

2022-06-24 09:43:22 - [MESSAGE][PASSED] - Delayed 1 second(s)

2022-06-24 09:43:22 - [MESSAGE][PASSED] - Actual text 'Dogs & Cats' and expected text 'Dogs & Cats' are matched 

2022-06-24 09:43:22 - [TEST_STEP][PASSED] - I.VerifyMatchText("//*[@id="var_67"]", "Tidy Cat - Adult"): Actual text 'Tidy Cat - Adult' and expected text 'Tidy Cat - Adult' are matched 

2022-06-24 09:43:23 - [MESSAGE][PASSED] - Text of object 'Object Repository/1. Constant/xpath' is: 'Tidy Cat - Adult'

2022-06-24 09:43:24 - [MESSAGE][PASSED] - Delayed 1 second(s)

2022-06-24 09:43:24 - [MESSAGE][PASSED] - Actual text 'Tidy Cat - Adult' and expected text 'Tidy Cat - Adult' are matched 

2022-06-24 09:43:24 - [TEST_STEP][PASSED] - I.VerifyMatchText("//*[@id="var_140"]", "Light"): Actual text 'Light' and expected text 'Light' are matched 

2022-06-24 09:43:25 - [MESSAGE][PASSED] - Text of object 'Object Repository/1. Constant/xpath' is: 'Light'

2022-06-24 09:43:26 - [MESSAGE][PASSED] - Delayed 1 second(s)

2022-06-24 09:43:26 - [MESSAGE][PASSED] - Actual text 'Light' and expected text 'Light' are matched 

2022-06-24 09:43:26 - [TEST_STEP][PASSED] - I.VerifyMatchText("//*[@id="var_51"]", "All"): Actual text 'All' and expected text 'All' are matched 

2022-06-24 09:43:27 - [MESSAGE][PASSED] - Text of object 'Object Repository/1. Constant/xpath' is: 'All'

2022-06-24 09:43:28 - [MESSAGE][PASSED] - Delayed 1 second(s)

2022-06-24 09:43:28 - [MESSAGE][PASSED] - Actual text 'All' and expected text 'All' are matched 

2022-06-24 09:43:28 - [TEST_STEP][PASSED] - I.VerifyMatchText("//*[@id="var_50"]", "Active"): Actual text 'Active' and expected text 'Active' are matched 

2022-06-24 09:43:30 - [MESSAGE][PASSED] - Text of object 'Object Repository/1. Constant/xpath' is: 'Active'

2022-06-24 09:43:31 - [MESSAGE][PASSED] - Delayed 1 second(s)

2022-06-24 09:43:31 - [MESSAGE][PASSED] - Actual text 'Active' and expected text 'Active' are matched 

2022-06-24 09:43:31 - [TEST_STEP][PASSED] - I.VerifyMatchText("//*[@id="var_64"]", "FR DC SPI Ham" + "
" + "FR PL Montfort"): Actual text 'FR DC SPI Ham
FR PL Montfort' and expected text 'FR DC SPI Ham
FR PL Montfort' are matched 

2022-06-24 09:43:31 - [MESSAGE][PASSED] - Text of object 'Object Repository/1. Constant/xpath' is: 'FR DC SPI Ham
FR PL Montfort'

2022-06-24 09:43:32 - [MESSAGE][PASSED] - Delayed 1 second(s)

2022-06-24 09:43:32 - [MESSAGE][PASSED] - Actual text 'FR DC SPI Ham
FR PL Montfort' and expected text 'FR DC SPI Ham
FR PL Montfort' are matched 

2022-06-24 09:43:32 - [TEST_STEP][PASSED] - I.VerifyMatchText("//*[@id="var_53"]", "FR DC SPI Ham"): Actual text 'FR DC SPI Ham' and expected text 'FR DC SPI Ham' are matched 

2022-06-24 09:43:33 - [MESSAGE][PASSED] - Text of object 'Object Repository/1. Constant/xpath' is: 'FR DC SPI Ham'

2022-06-24 09:43:34 - [MESSAGE][PASSED] - Delayed 1 second(s)

2022-06-24 09:43:34 - [MESSAGE][PASSED] - Actual text 'FR DC SPI Ham' and expected text 'FR DC SPI Ham' are matched 

2022-06-24 09:43:34 - [TEST_STEP][PASSED] - I.VerifyMatchText("//*[@id="var_58"]", "Animal Lovers"): Actual text 'Animal Lovers' and expected text 'Animal Lovers' are matched 

2022-06-24 09:43:35 - [MESSAGE][PASSED] - Text of object 'Object Repository/1. Constant/xpath' is: 'Animal Lovers'

2022-06-24 09:43:36 - [MESSAGE][PASSED] - Delayed 1 second(s)

2022-06-24 09:43:36 - [MESSAGE][PASSED] - Actual text 'Animal Lovers' and expected text 'Animal Lovers' are matched 

2022-06-24 09:43:36 - [TEST_STEP][PASSED] - I.VerifyMatchText("//*[@id="var_59"]", "Deuerer"): Actual text 'Deuerer' and expected text 'Deuerer' are matched 

2022-06-24 09:43:36 - [MESSAGE][PASSED] - Text of object 'Object Repository/1. Constant/xpath' is: 'Deuerer'

2022-06-24 09:43:37 - [MESSAGE][PASSED] - Delayed 1 second(s)

2022-06-24 09:43:37 - [MESSAGE][PASSED] - Actual text 'Deuerer' and expected text 'Deuerer' are matched 

2022-06-24 09:43:37 - [TEST_STEP][PASSED] - I.VerifyMatchText("//*[@id="var_73"]", "Mousse"): Actual text 'Mousse' and expected text 'Mousse' are matched 

2022-06-24 09:43:37 - [MESSAGE][PASSED] - Text of object 'Object Repository/1. Constant/xpath' is: 'Mousse'

2022-06-24 09:43:38 - [MESSAGE][PASSED] - Delayed 1 second(s)

2022-06-24 09:43:38 - [MESSAGE][PASSED] - Actual text 'Mousse' and expected text 'Mousse' are matched 

2022-06-24 09:43:38 - [TEST_STEP][PASSED] - I.VerifyMatchText("//*[@id="var_85"]", "Anna KIM"): Actual text 'Anna KIM' and expected text 'Anna KIM' are matched 

2022-06-24 09:43:38 - [MESSAGE][PASSED] - Text of object 'Object Repository/1. Constant/xpath' is: 'Anna KIM'

2022-06-24 09:43:39 - [MESSAGE][PASSED] - Delayed 1 second(s)

2022-06-24 09:43:39 - [MESSAGE][PASSED] - Actual text 'Anna KIM' and expected text 'Anna KIM' are matched 

2022-06-24 09:43:39 - [TEST_STEP][PASSED] - I.VerifyMatchText("//*[@id="var_82"]", "AnneLise GAUDIN"): Actual text 'AnneLise GAUDIN' and expected text 'AnneLise GAUDIN' are matched 

2022-06-24 09:43:40 - [MESSAGE][PASSED] - Text of object 'Object Repository/1. Constant/xpath' is: 'AnneLise GAUDIN'

2022-06-24 09:43:41 - [MESSAGE][PASSED] - Delayed 1 second(s)

2022-06-24 09:43:41 - [MESSAGE][PASSED] - Actual text 'AnneLise GAUDIN' and expected text 'AnneLise GAUDIN' are matched 

2022-06-24 09:43:41 - [TEST_STEP][PASSED] - I.VerifyMatchText("//*[@id="var_74"]", "Alexandra FRAPPAZ"): Actual text 'Alexandra FRAPPAZ' and expected text 'Alexandra FRAPPAZ' are matched 

2022-06-24 09:43:41 - [MESSAGE][PASSED] - Text of object 'Object Repository/1. Constant/xpath' is: 'Alexandra FRAPPAZ'

2022-06-24 09:43:42 - [MESSAGE][PASSED] - Delayed 1 second(s)

2022-06-24 09:43:42 - [MESSAGE][PASSED] - Actual text 'Alexandra FRAPPAZ' and expected text 'Alexandra FRAPPAZ' are matched 

2022-06-24 09:43:42 - [TEST_STEP][PASSED] - I.VerifyMatchText("//*[@id="var_168"]", "Anastasiia BRAZHNIKOVA PX" + "
" + "Amelia LARKINS" + "
" + "Camille DEMONCHY"): Actual text 'Anastasiia BRAZHNIKOVA PX
Amelia LARKINS
Camille DEMONCHY' and expected text 'Anastasiia BRAZHNIKOVA PX
Amelia LARKINS
Camille DEMONCHY' are matched 

2022-06-24 09:43:42 - [MESSAGE][PASSED] - Text of object 'Object Repository/1. Constant/xpath' is: 'Anastasiia BRAZHNIKOVA PX
Amelia LARKINS
Camille DEMONCHY'

2022-06-24 09:43:43 - [MESSAGE][PASSED] - Delayed 1 second(s)

2022-06-24 09:43:43 - [MESSAGE][PASSED] - Actual text 'Anastasiia BRAZHNIKOVA PX
Amelia LARKINS
Camille DEMONCHY' and expected text 'Anastasiia BRAZHNIKOVA PX
Amelia LARKINS
Camille DEMONCHY' are matched 

2022-06-24 09:43:43 - [TEST_STEP][PASSED] - I.VerifyMatchText("//*[@id="var_60"]", "Adam SVEGAARD (D2D)"): Actual text 'Adam SVEGAARD (D2D)' and expected text 'Adam SVEGAARD (D2D)' are matched 

2022-06-24 09:43:44 - [MESSAGE][PASSED] - Text of object 'Object Repository/1. Constant/xpath' is: 'Adam SVEGAARD (D2D)'

2022-06-24 09:43:45 - [MESSAGE][PASSED] - Delayed 1 second(s)

2022-06-24 09:43:45 - [MESSAGE][PASSED] - Actual text 'Adam SVEGAARD (D2D)' and expected text 'Adam SVEGAARD (D2D)' are matched 

2022-06-24 09:43:45 - [TEST_STEP][PASSED] - I.VerifyMatchText("//*[@id="var_102"]", "Amelie SERMENT"): Actual text 'Amelie SERMENT' and expected text 'Amelie SERMENT' are matched 

2022-06-24 09:43:47 - [MESSAGE][PASSED] - Text of object 'Object Repository/1. Constant/xpath' is: 'Amelie SERMENT'

2022-06-24 09:43:48 - [MESSAGE][PASSED] - Delayed 1 second(s)

2022-06-24 09:43:48 - [MESSAGE][PASSED] - Actual text 'Amelie SERMENT' and expected text 'Amelie SERMENT' are matched 

2022-06-24 09:43:48 - [TEST_STEP][PASSED] - I.VerifyMatchText("//*[@id="var_63"]", "Alexandra SAVREUX (E2E)"): Actual text 'Alexandra SAVREUX (E2E)' and expected text 'Alexandra SAVREUX (E2E)' are matched 

2022-06-24 09:43:48 - [MESSAGE][PASSED] - Text of object 'Object Repository/1. Constant/xpath' is: 'Alexandra SAVREUX (E2E)'

2022-06-24 09:43:49 - [MESSAGE][PASSED] - Delayed 1 second(s)

2022-06-24 09:43:49 - [MESSAGE][PASSED] - Actual text 'Alexandra SAVREUX (E2E)' and expected text 'Alexandra SAVREUX (E2E)' are matched 

2022-06-24 09:43:49 - [TEST_STEP][PASSED] - I.VerifyMatchText("//*[@id="var_161"]", "Ana CHAVES"): Actual text 'Ana CHAVES' and expected text 'Ana CHAVES' are matched 

2022-06-24 09:43:49 - [MESSAGE][PASSED] - Text of object 'Object Repository/1. Constant/xpath' is: 'Ana CHAVES'

2022-06-24 09:43:50 - [MESSAGE][PASSED] - Delayed 1 second(s)

2022-06-24 09:43:50 - [MESSAGE][PASSED] - Actual text 'Ana CHAVES' and expected text 'Ana CHAVES' are matched 

2022-06-24 09:43:50 - [TEST_STEP][PASSED] - I.VerifyMatchText("//*[@id="var_66"]", "No"): Actual text 'No' and expected text 'No' are matched 

2022-06-24 09:43:50 - [MESSAGE][PASSED] - Text of object 'Object Repository/1. Constant/xpath' is: 'No'

2022-06-24 09:43:51 - [MESSAGE][PASSED] - Delayed 1 second(s)

2022-06-24 09:43:51 - [MESSAGE][PASSED] - Actual text 'No' and expected text 'No' are matched 

2022-06-24 09:43:51 - [TEST_STEP][PASSED] - I.VerifyMatchText("//*[@id="var_142"]", "No"): Actual text 'No' and expected text 'No' are matched 

2022-06-24 09:43:52 - [MESSAGE][PASSED] - Text of object 'Object Repository/1. Constant/xpath' is: 'No'

2022-06-24 09:43:53 - [MESSAGE][PASSED] - Delayed 1 second(s)

2022-06-24 09:43:53 - [MESSAGE][PASSED] - Actual text 'No' and expected text 'No' are matched 

2022-06-24 09:43:53 - [TEST_STEP][PASSED] - I.VerifyMatchText("//*[@id="var_143"]", "No"): Actual text 'No' and expected text 'No' are matched 

2022-06-24 09:43:53 - [MESSAGE][PASSED] - Text of object 'Object Repository/1. Constant/xpath' is: 'No'

2022-06-24 09:43:54 - [MESSAGE][PASSED] - Delayed 1 second(s)

2022-06-24 09:43:54 - [MESSAGE][PASSED] - Actual text 'No' and expected text 'No' are matched 

2022-06-24 09:43:54 - [TEST_STEP][PASSED] - I.VerifyMatchText("//*[@id="var_119"]", "LATAM"): Actual text 'LATAM' and expected text 'LATAM' are matched 

2022-06-24 09:43:54 - [MESSAGE][PASSED] - Text of object 'Object Repository/1. Constant/xpath' is: 'LATAM'

2022-06-24 09:43:55 - [MESSAGE][PASSED] - Delayed 1 second(s)

2022-06-24 09:43:55 - [MESSAGE][PASSED] - Actual text 'LATAM' and expected text 'LATAM' are matched 

2022-06-24 09:43:55 - [TEST_STEP][PASSED] - I.VerifyMatchText("//*[@id="var_79"]", "Bag - Woven"): Actual text 'Bag - Woven' and expected text 'Bag - Woven' are matched 

2022-06-24 09:43:55 - [MESSAGE][PASSED] - Text of object 'Object Repository/1. Constant/xpath' is: 'Bag - Woven'

2022-06-24 09:43:56 - [MESSAGE][PASSED] - Delayed 1 second(s)

2022-06-24 09:43:56 - [MESSAGE][PASSED] - Actual text 'Bag - Woven' and expected text 'Bag - Woven' are matched 

2022-06-24 09:43:56 - [TEST_STEP][PASSED] - I.VerifyMatchText("//*[@id="var_78"]", "1.1kg" + "
" + "1.2kg"): Actual text '1.1kg
1.2kg' and expected text '1.1kg
1.2kg' are matched 

2022-06-24 09:43:57 - [MESSAGE][PASSED] - Text of object 'Object Repository/1. Constant/xpath' is: '1.1kg
1.2kg'

2022-06-24 09:43:58 - [MESSAGE][PASSED] - Delayed 1 second(s)

2022-06-24 09:43:58 - [MESSAGE][PASSED] - Actual text '1.1kg
1.2kg' and expected text '1.1kg
1.2kg' are matched 

2022-06-24 09:43:58 - [TEST_STEP][PASSED] - I.VerifyMatchText("//*[@id="var_61"]", "Vet"): Actual text 'Vet' and expected text 'Vet' are matched 

2022-06-24 09:43:58 - [MESSAGE][PASSED] - Text of object 'Object Repository/1. Constant/xpath' is: 'Vet'

2022-06-24 09:43:59 - [MESSAGE][PASSED] - Delayed 1 second(s)

2022-06-24 09:43:59 - [MESSAGE][PASSED] - Actual text 'Vet' and expected text 'Vet' are matched 

2022-06-24 09:43:59 - [TEST_STEP][PASSED] - I.VerifyMatchText("//*[@id="var_104"]", "Albania" + "
" + "Austria"): Actual text 'Albania
Austria' and expected text 'Albania
Austria' are matched 

2022-06-24 09:43:59 - [MESSAGE][PASSED] - Text of object 'Object Repository/1. Constant/xpath' is: 'Albania
Austria'

2022-06-24 09:44:00 - [MESSAGE][PASSED] - Delayed 1 second(s)

2022-06-24 09:44:00 - [MESSAGE][PASSED] - Actual text 'Albania
Austria' and expected text 'Albania
Austria' are matched 

2022-06-24 09:44:00 - [TEST_STEP][PASSED] - I.VerifyMatchText("//*[@id="var_84"]", "Anna KIM"): Actual text 'Anna KIM' and expected text 'Anna KIM' are matched 

2022-06-24 09:44:00 - [MESSAGE][PASSED] - Text of object 'Object Repository/1. Constant/xpath' is: 'Anna KIM'

2022-06-24 09:44:01 - [MESSAGE][PASSED] - Delayed 1 second(s)

2022-06-24 09:44:01 - [MESSAGE][PASSED] - Actual text 'Anna KIM' and expected text 'Anna KIM' are matched 

2022-06-24 09:44:01 - [TEST_STEP][PASSED] - I.VerifyMatchText("//*[@id="var_76"]", "Alexandra FRAPPAZ"): Actual text 'Alexandra FRAPPAZ' and expected text 'Alexandra FRAPPAZ' are matched 

2022-06-24 09:44:02 - [MESSAGE][PASSED] - Text of object 'Object Repository/1. Constant/xpath' is: 'Alexandra FRAPPAZ'

2022-06-24 09:44:03 - [MESSAGE][PASSED] - Delayed 1 second(s)

2022-06-24 09:44:03 - [MESSAGE][PASSED] - Actual text 'Alexandra FRAPPAZ' and expected text 'Alexandra FRAPPAZ' are matched 

2022-06-24 09:44:03 - [TEST_STEP][PASSED] - I.VerifyMatchText("//*[@id="var_56"]", "Amelie SERMENT"): Actual text 'Amelie SERMENT' and expected text 'Amelie SERMENT' are matched 

2022-06-24 09:44:03 - [MESSAGE][PASSED] - Text of object 'Object Repository/1. Constant/xpath' is: 'Amelie SERMENT'

2022-06-24 09:44:04 - [MESSAGE][PASSED] - Delayed 1 second(s)

2022-06-24 09:44:04 - [MESSAGE][PASSED] - Actual text 'Amelie SERMENT' and expected text 'Amelie SERMENT' are matched 

2022-06-24 09:44:04 - [TEST_STEP][PASSED] - I.VerifyMatchText("//*[@id="var_169"]", "Version History"): Actual text 'Version History' and expected text 'Version History' are matched 

2022-06-24 09:44:04 - [MESSAGE][PASSED] - Text of object 'Object Repository/1. Constant/xpath' is: 'Version History'

2022-06-24 09:44:05 - [MESSAGE][PASSED] - Delayed 1 second(s)

2022-06-24 09:44:05 - [MESSAGE][PASSED] - Actual text 'Version History' and expected text 'Version History' are matched 

2022-06-24 09:44:05 - [TEST_STEP][PASSED] - delay(1): Delayed 1 second(s)

2022-06-24 09:44:06 - [MESSAGE][PASSED] - Delayed 1 second(s)

2022-06-24 09:44:06 - [TEST_STEP][PASSED] - click(findTestObject("1. Constant/xpath", ["xpath":"//*[@id="kt_content"]/div[3]/div/ul/li[3]/a"])): Object: 'Object Repository/1. Constant/xpath' is clicked on

2022-06-24 09:44:09 - [MESSAGE][PASSED] - Object: 'Object Repository/1. Constant/xpath' is clicked on

2022-06-24 09:44:09 - [TEST_STEP][PASSED] - delay(1): Delayed 1 second(s)

2022-06-24 09:44:10 - [MESSAGE][PASSED] - Delayed 1 second(s)

2022-06-24 09:44:10 - [TEST_STEP][PASSED] - I.VerifyMatchText("//*[@id="tab_lifecycle"]/div/h3", "LSS Lifecycle (3)"): Actual text 'LSS Lifecycle (3)' and expected text 'LSS Lifecycle (3)' are matched 

2022-06-24 09:44:10 - [MESSAGE][PASSED] - Text of object 'Object Repository/1. Constant/xpath' is: 'LSS Lifecycle (3)'

2022-06-24 09:44:11 - [MESSAGE][PASSED] - Delayed 1 second(s)

2022-06-24 09:44:11 - [MESSAGE][PASSED] - Actual text 'LSS Lifecycle (3)' and expected text 'LSS Lifecycle (3)' are matched 

2022-06-24 09:44:11 - [TEST_STEP][PASSED] - delay(1): Delayed 1 second(s)

2022-06-24 09:44:12 - [MESSAGE][PASSED] - Delayed 1 second(s)

2022-06-24 09:44:12 - [TEST_STEP][PASSED] - click(findTestObject("1. Constant/xpath", ["xpath":"//*[@id="kt_content"]/div[3]/div/ul/li[1]/a"])): Object: 'Object Repository/1. Constant/xpath' is clicked on

2022-06-24 09:44:12 - [MESSAGE][PASSED] - Object: 'Object Repository/1. Constant/xpath' is clicked on

2022-06-24 09:44:12 - [TEST_STEP][PASSED] - delay(1): Delayed 1 second(s)

2022-06-24 09:44:13 - [MESSAGE][PASSED] - Delayed 1 second(s)

2022-06-24 09:44:13 - [TEST_STEP][PASSED] - click(findTestObject("1. Constant/xpath", ["xpath":"//*[@id="aff_text_content_brief"]"])): Object: 'Object Repository/1. Constant/xpath' is clicked on

2022-06-24 09:44:14 - [MESSAGE][PASSED] - Object: 'Object Repository/1. Constant/xpath' is clicked on

2022-06-24 09:44:14 - [TEST_STEP][PASSED] - delay(5): Delayed 5 second(s)

2022-06-24 09:44:19 - [MESSAGE][PASSED] - Delayed 5 second(s)

2022-06-24 09:44:19 - [TEST_STEP][PASSED] - ExpectedValue1 = "Analytical Constituents:" + "
" + "protein: %," + "
" + "fat content: %," + "
" + "crude ash: %," + "
" + "crude fibre: %," + "
" + "omega 6 fatty acids: %.": null

2022-06-24 09:44:19 - [TEST_STEP][PASSED] - ExpectedValue2 = "": null

2022-06-24 09:44:19 - [TEST_STEP][PASSED] - I.Verify_Table_getdata("//*[@id="table_body"]", 0, 15, ExpectedValue1): Actual text 'Analytical Constituents:
protein: %,
fat content: %,
crude ash: %,
crude fibre: %,
omega 6 fatty acids: %.' and expected text 'Analytical Constituents:
protein: %,
fat content: %,
crude ash: %,
crude fibre: %,
omega 6 fatty acids: %.' are matched 

2022-06-24 09:44:20 - [MESSAGE][PASSED] - Actual text 'Analytical Constituents:
protein: %,
fat content: %,
crude ash: %,
crude fibre: %,
omega 6 fatty acids: %.' and expected text 'Analytical Constituents:
protein: %,
fat content: %,
crude ash: %,
crude fibre: %,
omega 6 fatty acids: %.' are matched 

2022-06-24 09:44:20 - [TEST_STEP][PASSED] - I.Verify_Table_getdata("//*[@id="table_body"]", 0, 16, ExpectedValue2): Actual text '' and expected text '' are matched 

2022-06-24 09:44:20 - [MESSAGE][PASSED] - Actual text '' and expected text '' are matched 

2022-06-24 09:44:20 - [TEST_STEP][PASSED] - click(findTestObject("1. Constant/xpath", ["xpath":"//*[@id="aff_phase_brief"]"])): Object: 'Object Repository/1. Constant/xpath' is clicked on

2022-06-24 09:44:22 - [MESSAGE][PASSED] - Object: 'Object Repository/1. Constant/xpath' is clicked on

2022-06-24 09:44:22 - [TEST_STEP][PASSED] - click(findTestObject("1. Constant/xpath", ["xpath":"//*[@id="btn_view_ref_parent"]"])): Object: 'Object Repository/1. Constant/xpath' is clicked on

2022-06-24 09:44:25 - [MESSAGE][PASSED] - Object: 'Object Repository/1. Constant/xpath' is clicked on

2022-06-24 09:44:25 - [TEST_STEP][PASSED] - takeScreenshot(): Taking screenshot successfully

2022-06-24 09:44:25 - [MESSAGE][PASSED] - Taking screenshot successfully
[[ATTACHMENT|D:\\Projet Test Auto\\Mediabox Test Automation\\Reports\\20220624_091700\\03. Parallel Testing (Testing)\\TS -PT PART 3\\15.03 NPP Duplication Shortcut (TR) - Part 2\\20220624_091702\\1656056665503.png]]

2022-06-24 09:44:25 - [TEST_STEP][PASSED] - delay(1): Delayed 1 second(s)

2022-06-24 09:44:26 - [MESSAGE][PASSED] - Delayed 1 second(s)

2022-06-24 09:44:26 - [TEST_STEP][PASSED] - parent_refid = I.RefID_Npp(): Current window's url is: 'http://mdb-release.diadeis.lan/MediaboxIndependence/Base/ExecAction?action=VoirRef&IDSession=MBI!RELTESTAUTO_NPP!X6PJ4XR76Z1H6VBMS5936SSDDI6V53T9VT1JFSN9&num=2TQ46SYF2E&id_ref=1058050'

2022-06-24 09:44:31 - [MESSAGE][PASSED] - Delayed 5 second(s)

2022-06-24 09:44:31 - [MESSAGE][PASSED] - Current window's url is: 'http://mdb-release.diadeis.lan/MediaboxIndependence/Base/ExecAction?action=VoirRef&IDSession=MBI!RELTESTAUTO_NPP!X6PJ4XR76Z1H6VBMS5936SSDDI6V53T9VT1JFSN9&num=2TQ46SYF2E&id_ref=1058050'

2022-06-24 09:44:31 - [TEST_STEP][PASSED] - verifyNotMatch(parent_refid, refID, false): Actual text '1058050' and expected text '1058' are not matched 

2022-06-24 09:44:31 - [MESSAGE][PASSED] - Actual text '1058050' and expected text '1058' are not matched 

2022-06-24 09:44:31 - [TEST_STEP][PASSED] - I.Logout_xpath("//*[@id="kt_header"]/div/div[2]/div[2]/div[1]/div/span/img", "//*[@id="kt_header"]/div/div[2]/div[2]/div[2]/a[2]"): Wait for page load successfully

2022-06-24 09:44:32 - [MESSAGE][PASSED] - Object: 'Object Repository/1. Constant/xpath' is clicked on

2022-06-24 09:44:33 - [MESSAGE][PASSED] - Delayed 1 second(s)

2022-06-24 09:44:36 - [MESSAGE][PASSED] - Object: 'Object Repository/1. Constant/xpath' is clicked on

2022-06-24 09:44:37 - [MESSAGE][PASSED] - Delayed 1 second(s)

2022-06-24 09:44:37 - [MESSAGE][PASSED] - Wait for page load successfully

2022-06-24 09:44:37 - [TEST_STEP][PASSED] - I.Login_password("akim", password_akim): Object: 'Object Repository/1. Constant/xpath' is clicked on

2022-06-24 09:44:39 - [MESSAGE][PASSED] - Text 'akim' is set on object 'Object Repository/1. Constant/xpath'

2022-06-24 09:44:40 - [MESSAGE][PASSED] - Delayed 1 second(s)

2022-06-24 09:44:41 - [MESSAGE][PASSED] - Text 'dchi' is set on object 'Object Repository/1. Constant/xpath'

2022-06-24 09:44:42 - [MESSAGE][PASSED] - Delayed 1 second(s)

2022-06-24 09:44:47 - [MESSAGE][PASSED] - Object: 'Object Repository/1. Constant/xpath' is clicked on

2022-06-24 09:44:47 - [TEST_STEP][PASSED] - takeScreenshot(): Taking screenshot successfully

2022-06-24 09:44:48 - [MESSAGE][PASSED] - Taking screenshot successfully
[[ATTACHMENT|D:\\Projet Test Auto\\Mediabox Test Automation\\Reports\\20220624_091700\\03. Parallel Testing (Testing)\\TS -PT PART 3\\15.03 NPP Duplication Shortcut (TR) - Part 2\\20220624_091702\\1656056687902.png]]

2022-06-24 09:44:48 - [TEST_STEP][PASSED] - click(findTestObject("1. Constant/02_LHSMenu_Projects")): Object: 'Object Repository/1. Constant/02_LHSMenu_Projects' is clicked on

2022-06-24 09:44:58 - [MESSAGE][PASSED] - Object: 'Object Repository/1. Constant/02_LHSMenu_Projects' is clicked on

2022-06-24 09:44:58 - [TEST_STEP][PASSED] - I.SearchProjectNo_xpath(Project_No, "//*[@id="keynum_project"]", "//*[@id="form_filters"]/div[20]/button"): Delayed 5 second(s)

2022-06-24 09:44:59 - [MESSAGE][PASSED] - Delayed 1 second(s)

2022-06-24 09:45:00 - [MESSAGE][PASSED] - Text 'MI001081' is set on object 'Object Repository/1. Constant/xpath'

2022-06-24 09:45:03 - [MESSAGE][PASSED] - Delayed 3 second(s)

2022-06-24 09:45:03 - [MESSAGE][PASSED] - Scroll to object 'Object Repository/1. Constant/xpath' successfully

2022-06-24 09:45:06 - [MESSAGE][PASSED] - Object: 'Object Repository/1. Constant/xpath' is clicked on

2022-06-24 09:45:11 - [MESSAGE][PASSED] - Delayed 5 second(s)

2022-06-24 09:45:11 - [TEST_STEP][PASSED] - delay(1): Delayed 1 second(s)

2022-06-24 09:45:12 - [MESSAGE][PASSED] - Delayed 1 second(s)

2022-06-24 09:45:12 - [TEST_STEP][PASSED] - I.superedit_ref(findTestObject("1. Constant/xpath", ["xpath":"//*[@id="fiches"]/table/tbody/tr[3]/td[9]/div[2]/button"]), findTestObject("1. Constant/xpath", ["xpath":"//*[@id="fiches"]/table/tbody/tr[3]/td[9]/div[2]/div/a[4]"])): Object: 'Object Repository/1. Constant/xpath' is clicked on

2022-06-24 09:45:13 - [MESSAGE][PASSED] - Object: 'Object Repository/1. Constant/xpath' is clicked on

2022-06-24 09:45:16 - [MESSAGE][PASSED] - Delayed 3 second(s)

2022-06-24 09:45:19 - [MESSAGE][PASSED] - Object: 'Object Repository/1. Constant/xpath' is clicked on

2022-06-24 09:45:19 - [TEST_STEP][PASSED] - setText(findTestObject("1. Constant/xpath", ["xpath":"//*[@id="var_110"]"]), "TC20.13 Super edit Variety"): Text 'TC20.13 Super edit Variety' is set on object 'Object Repository/1. Constant/xpath'

2022-06-24 09:45:21 - [MESSAGE][PASSED] - Text 'TC20.13 Super edit Variety' is set on object 'Object Repository/1. Constant/xpath'

2022-06-24 09:45:21 - [TEST_STEP][PASSED] - I.Pagedown(): Execute JavaScript 'window.scrollTo(0, document.body.scrollHeight)' successfully

2022-06-24 09:45:21 - [MESSAGE][PASSED] - Execute JavaScript 'window.scrollTo(0, document.body.scrollHeight)' successfully

2022-06-24 09:45:21 - [TEST_STEP][PASSED] - click(findTestObject("1. Constant/xpath", ["xpath":"//*[@id="ModifFiche"]/div[3]/div/button"])): Object: 'Object Repository/1. Constant/xpath' is clicked on

2022-06-24 09:45:26 - [MESSAGE][PASSED] - Object: 'Object Repository/1. Constant/xpath' is clicked on

2022-06-24 09:45:26 - [TEST_STEP][PASSED] - delay(1): Delayed 1 second(s)

2022-06-24 09:45:27 - [MESSAGE][PASSED] - Delayed 1 second(s)

2022-06-24 09:45:27 - [TEST_STEP][PASSED] - click(findTestObject("1. Constant/xpath", ["xpath":"//*[@id="fiches"]/table/tbody/tr[3]/td[9]/a"])): Object: 'Object Repository/1. Constant/xpath' is clicked on

2022-06-24 09:45:32 - [MESSAGE][PASSED] - Object: 'Object Repository/1. Constant/xpath' is clicked on

2022-06-24 09:45:32 - [TEST_STEP][PASSED] - Actual_Edited_Variety = getAttribute(findTestObject("1. Constant/xpath", ["xpath":"//*[@id="var_110"]"]), "value"): Attribute 'value' of object 'Object Repository/1. Constant/xpath' is: 'TC20.13 Super edit Variety'

2022-06-24 09:45:32 - [MESSAGE][PASSED] - Attribute 'value' of object 'Object Repository/1. Constant/xpath' is: 'TC20.13 Super edit Variety'

2022-06-24 09:45:32 - [TEST_STEP][PASSED] - verifyMatch(Actual_Edited_Variety, "TC20.13 Super edit Variety", false): Actual text 'TC20.13 Super edit Variety' and expected text 'TC20.13 Super edit Variety' are matched 

2022-06-24 09:45:32 - [MESSAGE][PASSED] - Actual text 'TC20.13 Super edit Variety' and expected text 'TC20.13 Super edit Variety' are matched 

2022-06-24 09:45:32 - [TEST_STEP][PASSED] - click(findTestObject("1. Constant/xpath", ["xpath":"//*[@id="ModifFiche"]/div[1]/div/button[2]"])): Object: 'Object Repository/1. Constant/xpath' is clicked on

2022-06-24 09:45:38 - [MESSAGE][PASSED] - Object: 'Object Repository/1. Constant/xpath' is clicked on

2022-06-24 09:45:38 - [TEST_STEP][PASSED] - I.status_lifecycle(findTestObject("1. Constant/xpath", ["xpath":"//*[@id="fiches"]/table/tbody/tr[3]/td[7]/span[2]"]), "LSS Creation"): Status contain LSS Creation.

2022-06-24 09:45:38 - [MESSAGE][PASSED] - Text of object 'Object Repository/1. Constant/xpath' is: 'LSS Creation'

2022-06-24 09:45:38 - [MESSAGE][PASSED] - Status contain LSS Creation.

2022-06-24 09:45:38 - [TEST_STEP][PASSED] - closeBrowser(): Browser is closed

2022-06-24 09:45:44 - [MESSAGE][PASSED] - Browser is closed

2022-06-24 09:45:44 - [TEST_STEP][PASSED] - Start listener action : sampleAfterTestCase: null]]></system-out>
         <system-err><![CDATA[]]></system-err>
      </testcase>
      <system-out><![CDATA[2022-06-24 09:17:13 - [TEST_SUITE][PASSED] - 15.03 NPP Duplication Shortcut (TR) - Part 2: Test Cases/20. Sephora_NPP Duplication Standard_ Duplication Shortcut/20.13 NPP Duplication Shortcut In this Project _Content template - Used 16.08_20.08 P9]]></system-out>
      <system-err><![CDATA[]]></system-err>
   </testsuite>
</testsuites>
