<?xml version="1.0" encoding="UTF-8"?>
<testsuites name="15.01 Sephora Duplication Standard" time="1412.13" tests="5" failures="0" errors="0">
   <testsuite name="15.01 Sephora Duplication Standard" tests="5" failures="0" errors="0" time="1412.13" skipped="0" timestamp="2022-06-09 21:05:50" hostname="lamhe - DPF-MBI-VERIF.ad.sgsco.int" id="Test Suites/03. Parallel Testing (Testing)/TS -PT PART 3/15.01 Sephora Duplication Standard">
      <properties>
         <property name="deviceName" value=""/>
         <property name="devicePlatform" value=""/>
         <property name="logFolder" value="D:\\Projet Test Auto\\Mediabox Test Automation\\Reports\\20220609_181011\\03. Parallel Testing (Testing)\\TS -PT PART 3\\15.01 Sephora Duplication Standard\\20220609_181114"/>
         <property name="logFiles" value="D:\\Projet Test Auto\\Mediabox Test Automation\\Reports\\20220609_181011\\03. Parallel Testing (Testing)\\TS -PT PART 3\\15.01 Sephora Duplication Standard\\20220609_181114\\execution0.log"/>
         <property name="attachments" value="D:\\Projet Test Auto\\Mediabox Test Automation\\Reports\\20220609_181011\\03. Parallel Testing (Testing)\\TS -PT PART 3\\15.01 Sephora Duplication Standard\\20220609_181114\\1654801571584.png, D:\\Projet Test Auto\\Mediabox Test Automation\\Reports\\20220609_181011\\03. Parallel Testing (Testing)\\TS -PT PART 3\\15.01 Sephora Duplication Standard\\20220609_181114\\1654801591188.png, D:\\Projet Test Auto\\Mediabox Test Automation\\Reports\\20220609_181011\\03. Parallel Testing (Testing)\\TS -PT PART 3\\15.01 Sephora Duplication Standard\\20220609_181114\\1654801592080.png, D:\\Projet Test Auto\\Mediabox Test Automation\\Reports\\20220609_181011\\03. Parallel Testing (Testing)\\TS -PT PART 3\\15.01 Sephora Duplication Standard\\20220609_181114\\1654801595251.png, D:\\Projet Test Auto\\Mediabox Test Automation\\Reports\\20220609_181011\\03. Parallel Testing (Testing)\\TS -PT PART 3\\15.01 Sephora Duplication Standard\\20220609_181114\\1654801664347.png, D:\\Projet Test Auto\\Mediabox Test Automation\\Reports\\20220609_181011\\03. Parallel Testing (Testing)\\TS -PT PART 3\\15.01 Sephora Duplication Standard\\20220609_181114\\1654801693390.png, D:\\Projet Test Auto\\Mediabox Test Automation\\Reports\\20220609_181011\\03. Parallel Testing (Testing)\\TS -PT PART 3\\15.01 Sephora Duplication Standard\\20220609_181114\\1654801706929.png, D:\\Projet Test Auto\\Mediabox Test Automation\\Reports\\20220609_181011\\03. Parallel Testing (Testing)\\TS -PT PART 3\\15.01 Sephora Duplication Standard\\20220609_181114\\1654801717233.png, D:\\Projet Test Auto\\Mediabox Test Automation\\Reports\\20220609_181011\\03. Parallel Testing (Testing)\\TS -PT PART 3\\15.01 Sephora Duplication Standard\\20220609_181114\\1654801720819.png, D:\\Projet Test Auto\\Mediabox Test Automation\\Reports\\20220609_181011\\03. Parallel Testing (Testing)\\TS -PT PART 3\\15.01 Sephora Duplication Standard\\20220609_181114\\1654801726664.png, D:\\Projet Test Auto\\Mediabox Test Automation\\Reports\\20220609_181011\\03. Parallel Testing (Testing)\\TS -PT PART 3\\15.01 Sephora Duplication Standard\\20220609_181114\\1654801729063.png, D:\\Projet Test Auto\\Mediabox Test Automation\\Reports\\20220609_181011\\03. Parallel Testing (Testing)\\TS -PT PART 3\\15.01 Sephora Duplication Standard\\20220609_181114\\1654801730752.png, D:\\Projet Test Auto\\Mediabox Test Automation\\Reports\\20220609_181011\\03. Parallel Testing (Testing)\\TS -PT PART 3\\15.01 Sephora Duplication Standard\\20220609_181114\\1654801733945.png, D:\\Projet Test Auto\\Mediabox Test Automation\\Reports\\20220609_181011\\03. Parallel Testing (Testing)\\TS -PT PART 3\\15.01 Sephora Duplication Standard\\20220609_181114\\1654801734424.png, D:\\Projet Test Auto\\Mediabox Test Automation\\Reports\\20220609_181011\\03. Parallel Testing (Testing)\\TS -PT PART 3\\15.01 Sephora Duplication Standard\\20220609_181114\\1654801735687.png, D:\\Projet Test Auto\\Mediabox Test Automation\\Reports\\20220609_181011\\03. Parallel Testing (Testing)\\TS -PT PART 3\\15.01 Sephora Duplication Standard\\20220609_181114\\1654801736068.png, D:\\Projet Test Auto\\Mediabox Test Automation\\Reports\\20220609_181011\\03. Parallel Testing (Testing)\\TS -PT PART 3\\15.01 Sephora Duplication Standard\\20220609_181114\\1654801737027.png, D:\\Projet Test Auto\\Mediabox Test Automation\\Reports\\20220609_181011\\03. Parallel Testing (Testing)\\TS -PT PART 3\\15.01 Sephora Duplication Standard\\20220609_181114\\1654801737640.png, D:\\Projet Test Auto\\Mediabox Test Automation\\Reports\\20220609_181011\\03. Parallel Testing (Testing)\\TS -PT PART 3\\15.01 Sephora Duplication Standard\\20220609_181114\\1654801741991.png, D:\\Projet Test Auto\\Mediabox Test Automation\\Reports\\20220609_181011\\03. Parallel Testing (Testing)\\TS -PT PART 3\\15.01 Sephora Duplication Standard\\20220609_181114\\1654801777973.png, D:\\Projet Test Auto\\Mediabox Test Automation\\Reports\\20220609_181011\\03. Parallel Testing (Testing)\\TS -PT PART 3\\15.01 Sephora Duplication Standard\\20220609_181114\\1654802102093.png, D:\\Projet Test Auto\\Mediabox Test Automation\\Reports\\20220609_181011\\03. Parallel Testing (Testing)\\TS -PT PART 3\\15.01 Sephora Duplication Standard\\20220609_181114\\1654802107561.png, D:\\Projet Test Auto\\Mediabox Test Automation\\Reports\\20220609_181011\\03. Parallel Testing (Testing)\\TS -PT PART 3\\15.01 Sephora Duplication Standard\\20220609_181114\\1654802114705.png, D:\\Projet Test Auto\\Mediabox Test Automation\\Reports\\20220609_181011\\03. Parallel Testing (Testing)\\TS -PT PART 3\\15.01 Sephora Duplication Standard\\20220609_181114\\1654802134225.png, D:\\Projet Test Auto\\Mediabox Test Automation\\Reports\\20220609_181011\\03. Parallel Testing (Testing)\\TS -PT PART 3\\15.01 Sephora Duplication Standard\\20220609_181114\\1654802155961.png, D:\\Projet Test Auto\\Mediabox Test Automation\\Reports\\20220609_181011\\03. Parallel Testing (Testing)\\TS -PT PART 3\\15.01 Sephora Duplication Standard\\20220609_181114\\1654802163157.png, D:\\Projet Test Auto\\Mediabox Test Automation\\Reports\\20220609_181011\\03. Parallel Testing (Testing)\\TS -PT PART 3\\15.01 Sephora Duplication Standard\\20220609_181114\\1654802171148.png, D:\\Projet Test Auto\\Mediabox Test Automation\\Reports\\20220609_181011\\03. Parallel Testing (Testing)\\TS -PT PART 3\\15.01 Sephora Duplication Standard\\20220609_181114\\1654802234014.png, D:\\Projet Test Auto\\Mediabox Test Automation\\Reports\\20220609_181011\\03. Parallel Testing (Testing)\\TS -PT PART 3\\15.01 Sephora Duplication Standard\\20220609_181114\\1654802241999.png, D:\\Projet Test Auto\\Mediabox Test Automation\\Reports\\20220609_181011\\03. Parallel Testing (Testing)\\TS -PT PART 3\\15.01 Sephora Duplication Standard\\20220609_181114\\1654802269053.png, D:\\Projet Test Auto\\Mediabox Test Automation\\Reports\\20220609_181011\\03. Parallel Testing (Testing)\\TS -PT PART 3\\15.01 Sephora Duplication Standard\\20220609_181114\\1654802271238.png, D:\\Projet Test Auto\\Mediabox Test Automation\\Reports\\20220609_181011\\03. Parallel Testing (Testing)\\TS -PT PART 3\\15.01 Sephora Duplication Standard\\20220609_181114\\1654802301167.png, D:\\Projet Test Auto\\Mediabox Test Automation\\Reports\\20220609_181011\\03. Parallel Testing (Testing)\\TS -PT PART 3\\15.01 Sephora Duplication Standard\\20220609_181114\\1654802309515.png, D:\\Projet Test Auto\\Mediabox Test Automation\\Reports\\20220609_181011\\03. Parallel Testing (Testing)\\TS -PT PART 3\\15.01 Sephora Duplication Standard\\20220609_181114\\1654802394042.png, D:\\Projet Test Auto\\Mediabox Test Automation\\Reports\\20220609_181011\\03. Parallel Testing (Testing)\\TS -PT PART 3\\15.01 Sephora Duplication Standard\\20220609_181114\\1654802398511.png, D:\\Projet Test Auto\\Mediabox Test Automation\\Reports\\20220609_181011\\03. Parallel Testing (Testing)\\TS -PT PART 3\\15.01 Sephora Duplication Standard\\20220609_181114\\1654802413453.png, D:\\Projet Test Auto\\Mediabox Test Automation\\Reports\\20220609_181011\\03. Parallel Testing (Testing)\\TS -PT PART 3\\15.01 Sephora Duplication Standard\\20220609_181114\\1654802482473.png, D:\\Projet Test Auto\\Mediabox Test Automation\\Reports\\20220609_181011\\03. Parallel Testing (Testing)\\TS -PT PART 3\\15.01 Sephora Duplication Standard\\20220609_181114\\1654802508214.png, D:\\Projet Test Auto\\Mediabox Test Automation\\Reports\\20220609_181011\\03. Parallel Testing (Testing)\\TS -PT PART 3\\15.01 Sephora Duplication Standard\\20220609_181114\\1654802514885.png, D:\\Projet Test Auto\\Mediabox Test Automation\\Reports\\20220609_181011\\03. Parallel Testing (Testing)\\TS -PT PART 3\\15.01 Sephora Duplication Standard\\20220609_181114\\1654802520333.png, D:\\Projet Test Auto\\Mediabox Test Automation\\Reports\\20220609_181011\\03. Parallel Testing (Testing)\\TS -PT PART 3\\15.01 Sephora Duplication Standard\\20220609_181114\\1654802665412.png, D:\\Projet Test Auto\\Mediabox Test Automation\\Reports\\20220609_181011\\03. Parallel Testing (Testing)\\TS -PT PART 3\\15.01 Sephora Duplication Standard\\20220609_181114\\1654802671260.png, D:\\Projet Test Auto\\Mediabox Test Automation\\Reports\\20220609_181011\\03. Parallel Testing (Testing)\\TS -PT PART 3\\15.01 Sephora Duplication Standard\\20220609_181114\\1654802728727.png, D:\\Projet Test Auto\\Mediabox Test Automation\\Reports\\20220609_181011\\03. Parallel Testing (Testing)\\TS -PT PART 3\\15.01 Sephora Duplication Standard\\20220609_181114\\1654802731691.png, D:\\Projet Test Auto\\Mediabox Test Automation\\Reports\\20220609_181011\\03. Parallel Testing (Testing)\\TS -PT PART 3\\15.01 Sephora Duplication Standard\\20220609_181114\\1654802743750.png, D:\\Projet Test Auto\\Mediabox Test Automation\\Reports\\20220609_181011\\03. Parallel Testing (Testing)\\TS -PT PART 3\\15.01 Sephora Duplication Standard\\20220609_181114\\1654802775177.png, D:\\Projet Test Auto\\Mediabox Test Automation\\Reports\\20220609_181011\\03. Parallel Testing (Testing)\\TS -PT PART 3\\15.01 Sephora Duplication Standard\\20220609_181114\\1654802850711.png, D:\\Projet Test Auto\\Mediabox Test Automation\\Reports\\20220609_181011\\03. Parallel Testing (Testing)\\TS -PT PART 3\\15.01 Sephora Duplication Standard\\20220609_181114\\1654802859918.png, D:\\Projet Test Auto\\Mediabox Test Automation\\Reports\\20220609_181011\\03. Parallel Testing (Testing)\\TS -PT PART 3\\15.01 Sephora Duplication Standard\\20220609_181114\\1654802864805.png, D:\\Projet Test Auto\\Mediabox Test Automation\\Reports\\20220609_181011\\03. Parallel Testing (Testing)\\TS -PT PART 3\\15.01 Sephora Duplication Standard\\20220609_181114\\1654802865092.png, D:\\Projet Test Auto\\Mediabox Test Automation\\Reports\\20220609_181011\\03. Parallel Testing (Testing)\\TS -PT PART 3\\15.01 Sephora Duplication Standard\\20220609_181114\\1654802879161.png, D:\\Projet Test Auto\\Mediabox Test Automation\\Reports\\20220609_181011\\03. Parallel Testing (Testing)\\TS -PT PART 3\\15.01 Sephora Duplication Standard\\20220609_181114\\1654802894358.png, D:\\Projet Test Auto\\Mediabox Test Automation\\Reports\\20220609_181011\\03. Parallel Testing (Testing)\\TS -PT PART 3\\15.01 Sephora Duplication Standard\\20220609_181114\\1654802899318.png, D:\\Projet Test Auto\\Mediabox Test Automation\\Reports\\20220609_181011\\03. Parallel Testing (Testing)\\TS -PT PART 3\\15.01 Sephora Duplication Standard\\20220609_181114\\1654802900311.png, D:\\Projet Test Auto\\Mediabox Test Automation\\Reports\\20220609_181011\\03. Parallel Testing (Testing)\\TS -PT PART 3\\15.01 Sephora Duplication Standard\\20220609_181114\\1654802913217.png, D:\\Projet Test Auto\\Mediabox Test Automation\\Reports\\20220609_181011\\03. Parallel Testing (Testing)\\TS -PT PART 3\\15.01 Sephora Duplication Standard\\20220609_181114\\1654802924290.png, D:\\Projet Test Auto\\Mediabox Test Automation\\Reports\\20220609_181011\\03. Parallel Testing (Testing)\\TS -PT PART 3\\15.01 Sephora Duplication Standard\\20220609_181114\\1654802930754.png, D:\\Projet Test Auto\\Mediabox Test Automation\\Reports\\20220609_181011\\03. Parallel Testing (Testing)\\TS -PT PART 3\\15.01 Sephora Duplication Standard\\20220609_181114\\1654802950000.png"/>
         <property name="hostName" value="lamhe - DPF-MBI-VERIF.ad.sgsco.int"/>
         <property name="os" value="Windows 10 64bit"/>
         <property name="katalonVersion" value="8.3.0.208"/>
         <property name="browser" value="Chrome 102.0.5005.63"/>
         <property name="hostAddress" value="10.15.10.53"/>
         <property name="sessionId" value="475e6159601b164479a48f449f918af6"/>
         <property name="seleniumVersion" value="3.141.59"/>
         <property name="proxyInformation" value="ProxyInformation { proxyOption=NO_PROXY, proxyServerType=HTTP, username=, password=********, proxyServerAddress=, proxyServerPort=0, executionList=&quot;&quot;, isApplyToDesiredCapabilities=true }"/>
         <property name="platform" value="Windows 10"/>
      </properties>
      <testcase name="Test Cases/20. Sephora_NPP Duplication Standard_ Duplication Shortcut/20.01 Sephora Duplication (Rights _Error Msg_Duplicate) - Will be used in 20.02 ( P1)" time="240.253" classname="Test Cases/20. Sephora_NPP Duplication Standard_ Duplication Shortcut/20.01 Sephora Duplication (Rights _Error Msg_Duplicate) - Will be used in 20.02 ( P1)" status="PASSED">
         <system-out><![CDATA[2022-06-09 21:05:51 - [TEST_CASE][PASSED] - Test Cases/20. Sephora_NPP Duplication Standard_ Duplication Shortcut/20.01 Sephora Duplication (Rights _Error Msg_Duplicate) - Will be used in 20.02 ( P1): Test Cases/20. Sephora_NPP Duplication Standard_ Duplication Shortcut/20.01 Sephora Duplication (Rights _Error Msg_Duplicate) - Will be used in 20.02 ( P1)

2022-06-09 21:05:53 - [TEST_STEP][PASSED] - data_Sephora = findTestData("Data Files/Username_Password/Sephora"): null

2022-06-09 21:05:53 - [TEST_STEP][PASSED] - password_atran = data_Sephora.getValue(2, 1): null

2022-06-09 21:05:53 - [TEST_STEP][PASSED] - password_studio = data_Sephora.getValue(2, 4): null

2022-06-09 21:05:53 - [TEST_STEP][PASSED] - data_urlRELAUTO = findTestData("Data Files/URL/URL_relauto"): null

2022-06-09 21:05:53 - [TEST_STEP][PASSED] - Url_Sephora = data_urlRELAUTO.getValue(2, 1): null

2022-06-09 21:05:53 - [TEST_STEP][PASSED] - I.clearnotepad("D:\Upoad_File\Projet_ Login\Sephora\20.01\20.01_Sephora_ProjectNo.txt"): null

2022-06-09 21:05:53 - [TEST_STEP][PASSED] - I.clearnotepad("D:\Upoad_File\Projet_ Login\Sephora\20.01\20.01_Sephora_refID.txt"): null

2022-06-09 21:05:53 - [TEST_STEP][PASSED] - I.clearnotepad("D:\Upoad_File\Projet_ Login\Sephora\20.01\20.01_Sephora_refIDName.txt"): null

2022-06-09 21:05:53 - [TEST_STEP][PASSED] - openBrowser(Url_Sephora): Browser is opened with url: 'http://mdb-release.diadeis.lan/MediaboxIndependence/?MBI_datasource=RELTESTAUTO_SEPHORA'

2022-06-09 21:05:54 - [MESSAGE][INFO] - Starting 'Chrome (headless)' driver

2022-06-09 21:05:54 - [MESSAGE][INFO] - User set preference: ['args', '[--window-size=1920,1080, --headless]']

2022-06-09 21:05:55 - [MESSAGE][INFO] - Action delay is set to 0 milliseconds

2022-06-09 21:06:10 - [MESSAGE][PASSED] - Browser is opened with url: 'http://mdb-release.diadeis.lan/MediaboxIndependence/?MBI_datasource=RELTESTAUTO_SEPHORA'

2022-06-09 21:06:10 - [TEST_STEP][PASSED] - maximizeWindow(): Current window maximized

2022-06-09 21:06:11 - [MESSAGE][PASSED] - Current window maximized

2022-06-09 21:06:11 - [TEST_STEP][PASSED] - takeScreenshot(): Taking screenshot successfully

2022-06-09 21:06:11 - [MESSAGE][PASSED] - Taking screenshot successfully
[[ATTACHMENT|D:\\Projet Test Auto\\Mediabox Test Automation\\Reports\\20220609_181011\\03. Parallel Testing (Testing)\\TS -PT PART 3\\15.01 Sephora Duplication Standard\\20220609_181114\\1654801571584.png]]

2022-06-09 21:06:11 - [TEST_STEP][PASSED] - I.Login_password("atran", password_atran): Object: 'Object Repository/1. Constant/xpath' is clicked on

2022-06-09 21:06:12 - [MESSAGE][PASSED] - Text 'atran' is set on object 'Object Repository/1. Constant/xpath'

2022-06-09 21:06:13 - [MESSAGE][PASSED] - Delayed 1 second(s)

2022-06-09 21:06:14 - [MESSAGE][PASSED] - Text 'dchi3' is set on object 'Object Repository/1. Constant/xpath'

2022-06-09 21:06:15 - [MESSAGE][PASSED] - Delayed 1 second(s)

2022-06-09 21:06:26 - [MESSAGE][PASSED] - Object: 'Object Repository/1. Constant/xpath' is clicked on

2022-06-09 21:06:26 - [TEST_STEP][PASSED] - click(findTestObject("1. Constant/02_LHSMenu_Projects")): Object: 'Object Repository/1. Constant/02_LHSMenu_Projects' is clicked on

2022-06-09 21:06:29 - [MESSAGE][PASSED] - Object: 'Object Repository/1. Constant/02_LHSMenu_Projects' is clicked on

2022-06-09 21:06:29 - [TEST_STEP][PASSED] - click(findTestObject("Object Repository/1. Constant/xpath", ["xpath":"//*[@id="kt_content"]/div[3]/div/div/div[1]/div[2]/a[1]"])): Object: 'Object Repository/1. Constant/xpath' is clicked on

2022-06-09 21:06:31 - [MESSAGE][PASSED] - Object: 'Object Repository/1. Constant/xpath' is clicked on

2022-06-09 21:06:31 - [TEST_STEP][PASSED] - takeScreenshot(): Taking screenshot successfully

2022-06-09 21:06:31 - [MESSAGE][PASSED] - Taking screenshot successfully
[[ATTACHMENT|D:\\Projet Test Auto\\Mediabox Test Automation\\Reports\\20220609_181011\\03. Parallel Testing (Testing)\\TS -PT PART 3\\15.01 Sephora Duplication Standard\\20220609_181114\\1654801591188.png]]

2022-06-09 21:06:31 - [TEST_STEP][PASSED] - project_name = "AutoTest_Chrome_Duplication_" + RandomStringUtils.randomAlphanumeric(5) + "_" + I.gettimedate(): null

2022-06-09 21:06:31 - [TEST_STEP][PASSED] - setText(findTestObject("HL Full Lifecycle/4 CreateProjPage_inputProjectname"), project_name): Text 'AutoTest_Chrome_Duplication_zzT3f_juin092022_210631' is set on object 'Object Repository/HL Full Lifecycle/4 CreateProjPage_inputProjectname'

2022-06-09 21:06:32 - [MESSAGE][PASSED] - Text 'AutoTest_Chrome_Duplication_zzT3f_juin092022_210631' is set on object 'Object Repository/HL Full Lifecycle/4 CreateProjPage_inputProjectname'

2022-06-09 21:06:32 - [TEST_STEP][PASSED] - takeScreenshot(): Taking screenshot successfully

2022-06-09 21:06:32 - [MESSAGE][PASSED] - Taking screenshot successfully
[[ATTACHMENT|D:\\Projet Test Auto\\Mediabox Test Automation\\Reports\\20220609_181011\\03. Parallel Testing (Testing)\\TS -PT PART 3\\15.01 Sephora Duplication Standard\\20220609_181114\\1654801592080.png]]

2022-06-09 21:06:32 - [TEST_STEP][PASSED] - click(findTestObject("HL Full Lifecycle/4 CreateProjPage_Create Project_Bluebutton")): Object: 'Object Repository/HL Full Lifecycle/4 CreateProjPage_Create Project_Bluebutton' is clicked on

2022-06-09 21:06:35 - [MESSAGE][PASSED] - Object: 'Object Repository/HL Full Lifecycle/4 CreateProjPage_Create Project_Bluebutton' is clicked on

2022-06-09 21:06:35 - [TEST_STEP][PASSED] - takeScreenshot(): Taking screenshot successfully

2022-06-09 21:06:35 - [MESSAGE][PASSED] - Taking screenshot successfully
[[ATTACHMENT|D:\\Projet Test Auto\\Mediabox Test Automation\\Reports\\20220609_181011\\03. Parallel Testing (Testing)\\TS -PT PART 3\\15.01 Sephora Duplication Standard\\20220609_181114\\1654801595251.png]]

2022-06-09 21:06:35 - [TEST_STEP][PASSED] - setText(findTestObject("HL Full Lifecycle/5 ModifyProjPage_input_code_project_field"), "12345"): Text '12345' is set on object 'Object Repository/HL Full Lifecycle/5 ModifyProjPage_input_code_project_field'

2022-06-09 21:06:35 - [MESSAGE][PASSED] - Text '12345' is set on object 'Object Repository/HL Full Lifecycle/5 ModifyProjPage_input_code_project_field'

2022-06-09 21:06:35 - [TEST_STEP][PASSED] - I.SelectFromList_Value("//*[@id="var_28"]", "240"): Delayed 2 second(s)

2022-06-09 21:06:36 - [MESSAGE][PASSED] - All options with value '240' are selected in object 'Object Repository/1. Constant/xpath' 

2022-06-09 21:06:38 - [MESSAGE][PASSED] - Delayed 2 second(s)

2022-06-09 21:06:38 - [TEST_STEP][PASSED] - I.SelectFromList_Label("//*[@id="var_29"]", "BATH BODY"): Delayed 2 second(s)

2022-06-09 21:06:39 - [MESSAGE][PASSED] - All options with label 'BATH BODY' are selected in object 'Object Repository/1. Constant/xpath' 

2022-06-09 21:06:41 - [MESSAGE][PASSED] - Delayed 2 second(s)

2022-06-09 21:06:41 - [TEST_STEP][PASSED] - I.SelectFromList_Label("//*[@id="var_31"]", "One Shot"): Delayed 2 second(s)

2022-06-09 21:06:42 - [MESSAGE][PASSED] - All options with label 'One Shot' are selected in object 'Object Repository/1. Constant/xpath' 

2022-06-09 21:06:44 - [MESSAGE][PASSED] - Delayed 2 second(s)

2022-06-09 21:06:44 - [TEST_STEP][PASSED] - I.select_multiplelist("//*[@id="selSource_32"]", "//*[@id="btnAdd_32"]", "20"): Delayed 1 second(s)

2022-06-09 21:06:45 - [MESSAGE][PASSED] - Delayed 1 second(s)

2022-06-09 21:06:45 - [MESSAGE][PASSED] - All options with value '20' are selected in object 'Object Repository/1. Constant/xpath' 

2022-06-09 21:06:47 - [MESSAGE][PASSED] - Delayed 2 second(s)

2022-06-09 21:06:47 - [MESSAGE][PASSED] - Object: 'Object Repository/1. Constant/xpath' is clicked on

2022-06-09 21:06:48 - [MESSAGE][PASSED] - Delayed 1 second(s)

2022-06-09 21:06:48 - [TEST_STEP][PASSED] - I.SelectFromList_Label("//*[@id="var_34"]", "Fall"): Delayed 2 second(s)

2022-06-09 21:06:48 - [MESSAGE][PASSED] - All options with label 'Fall' are selected in object 'Object Repository/1. Constant/xpath' 

2022-06-09 21:06:50 - [MESSAGE][PASSED] - Delayed 2 second(s)

2022-06-09 21:06:50 - [TEST_STEP][PASSED] - I.SelectFromList_Value("//*[@id="var_35"]", "119"): Delayed 2 second(s)

2022-06-09 21:06:51 - [MESSAGE][PASSED] - All options with value '119' are selected in object 'Object Repository/1. Constant/xpath' 

2022-06-09 21:06:53 - [MESSAGE][PASSED] - Delayed 2 second(s)

2022-06-09 21:06:53 - [TEST_STEP][PASSED] - I.select_multiplelist("//*[@id="selSource_22"]", "//*[@id="btnAdd_22"]", "devpack"): Delayed 1 second(s)

2022-06-09 21:06:54 - [MESSAGE][PASSED] - Delayed 1 second(s)

2022-06-09 21:06:54 - [MESSAGE][PASSED] - All options with value 'devpack' are selected in object 'Object Repository/1. Constant/xpath' 

2022-06-09 21:06:56 - [MESSAGE][PASSED] - Delayed 2 second(s)

2022-06-09 21:06:56 - [MESSAGE][PASSED] - Object: 'Object Repository/1. Constant/xpath' is clicked on

2022-06-09 21:06:57 - [MESSAGE][PASSED] - Delayed 1 second(s)

2022-06-09 21:06:57 - [TEST_STEP][PASSED] - I.select_multiplelist("//*[@id="selSource_23"]", "//*[@id="btnAdd_23"]", "atran"): Delayed 1 second(s)

2022-06-09 21:06:58 - [MESSAGE][PASSED] - Delayed 1 second(s)

2022-06-09 21:06:59 - [MESSAGE][PASSED] - All options with value 'atran' are selected in object 'Object Repository/1. Constant/xpath' 

2022-06-09 21:07:01 - [MESSAGE][PASSED] - Delayed 2 second(s)

2022-06-09 21:07:01 - [MESSAGE][PASSED] - Object: 'Object Repository/1. Constant/xpath' is clicked on

2022-06-09 21:07:02 - [MESSAGE][PASSED] - Delayed 1 second(s)

2022-06-09 21:07:02 - [TEST_STEP][PASSED] - I.select_multiplelist("//*[@id="selSource_21"]", "//*[@id="btnAdd_21"]", "marketing"): Delayed 1 second(s)

2022-06-09 21:07:03 - [MESSAGE][PASSED] - Delayed 1 second(s)

2022-06-09 21:07:03 - [MESSAGE][PASSED] - All options with value 'marketing' are selected in object 'Object Repository/1. Constant/xpath' 

2022-06-09 21:07:05 - [MESSAGE][PASSED] - Delayed 2 second(s)

2022-06-09 21:07:06 - [MESSAGE][PASSED] - Object: 'Object Repository/1. Constant/xpath' is clicked on

2022-06-09 21:07:07 - [MESSAGE][PASSED] - Delayed 1 second(s)

2022-06-09 21:07:07 - [TEST_STEP][PASSED] - I.select_multiplelist("//*[@id="selSource_25"]", "//*[@id="btnAdd_25"]", "regulatory"): Delayed 1 second(s)

2022-06-09 21:07:08 - [MESSAGE][PASSED] - Delayed 1 second(s)

2022-06-09 21:07:08 - [MESSAGE][PASSED] - All options with value 'regulatory' are selected in object 'Object Repository/1. Constant/xpath' 

2022-06-09 21:07:10 - [MESSAGE][PASSED] - Delayed 2 second(s)

2022-06-09 21:07:11 - [MESSAGE][PASSED] - Object: 'Object Repository/1. Constant/xpath' is clicked on

2022-06-09 21:07:12 - [MESSAGE][PASSED] - Delayed 1 second(s)

2022-06-09 21:07:12 - [TEST_STEP][PASSED] - I.select_multiplelist("//*[@id="selSource_24"]", "//*[@id="btnAdd_24"]", "studio"): Delayed 1 second(s)

2022-06-09 21:07:13 - [MESSAGE][PASSED] - Delayed 1 second(s)

2022-06-09 21:07:13 - [MESSAGE][PASSED] - All options with value 'studio' are selected in object 'Object Repository/1. Constant/xpath' 

2022-06-09 21:07:15 - [MESSAGE][PASSED] - Delayed 2 second(s)

2022-06-09 21:07:16 - [MESSAGE][PASSED] - Object: 'Object Repository/1. Constant/xpath' is clicked on

2022-06-09 21:07:17 - [MESSAGE][PASSED] - Delayed 1 second(s)

2022-06-09 21:07:17 - [TEST_STEP][PASSED] - delay(5): Delayed 5 second(s)

2022-06-09 21:07:22 - [MESSAGE][PASSED] - Delayed 5 second(s)

2022-06-09 21:07:22 - [TEST_STEP][PASSED] - click(findTestObject("HL Full Lifecycle/5 ModifyProjPage_button_Update")): Object: 'Object Repository/HL Full Lifecycle/5 ModifyProjPage_button_Update' is clicked on

2022-06-09 21:07:27 - [MESSAGE][PASSED] - Object: 'Object Repository/HL Full Lifecycle/5 ModifyProjPage_button_Update' is clicked on

2022-06-09 21:07:27 - [TEST_STEP][PASSED] - delay(5): Delayed 5 second(s)

2022-06-09 21:07:32 - [MESSAGE][PASSED] - Delayed 5 second(s)

2022-06-09 21:07:32 - [TEST_STEP][PASSED] - Project_No = I.ProjectNo(): Current window's url is: 'http://mdb-release.diadeis.lan/MediaboxIndependence/Base/ExecAction?IDSession=MBI%21RELTESTAUTO_SEPHORA%212FCEJ8BV4JGB4QLP4THCXXSYQO04EF0S4WNKFLOF&default_action=AfficheFichesProjet&id_project=MI001945'

2022-06-09 21:07:37 - [MESSAGE][PASSED] - Delayed 5 second(s)

2022-06-09 21:07:37 - [MESSAGE][PASSED] - Current window's url is: 'http://mdb-release.diadeis.lan/MediaboxIndependence/Base/ExecAction?IDSession=MBI%21RELTESTAUTO_SEPHORA%212FCEJ8BV4JGB4QLP4THCXXSYQO04EF0S4WNKFLOF&default_action=AfficheFichesProjet&id_project=MI001945'

2022-06-09 21:07:37 - [TEST_STEP][PASSED] - click(findTestObject("HL Full Lifecycle/6 ReferenceListPage_createrefbutton")): Object: 'Object Repository/HL Full Lifecycle/6 ReferenceListPage_createrefbutton' is clicked on

2022-06-09 21:07:38 - [MESSAGE][PASSED] - Object: 'Object Repository/HL Full Lifecycle/6 ReferenceListPage_createrefbutton' is clicked on

2022-06-09 21:07:38 - [TEST_STEP][PASSED] - click(findTestObject("HL Full Lifecycle/6 ReferenceListPaga_Create a component_button")): Object: 'Object Repository/HL Full Lifecycle/6 ReferenceListPaga_Create a component_button' is clicked on

2022-06-09 21:07:40 - [MESSAGE][PASSED] - Object: 'Object Repository/HL Full Lifecycle/6 ReferenceListPaga_Create a component_button' is clicked on

2022-06-09 21:07:40 - [TEST_STEP][PASSED] - waitForPageLoad(25): Wait for page load successfully

2022-06-09 21:07:41 - [MESSAGE][PASSED] - Wait for page load successfully

2022-06-09 21:07:41 - [TEST_STEP][PASSED] - I.SelectFromList_Label("//*[@id="lfc_tpl"]", "FS process"): Delayed 2 second(s)

2022-06-09 21:07:41 - [MESSAGE][PASSED] - All options with label 'FS process' are selected in object 'Object Repository/1. Constant/xpath' 

2022-06-09 21:07:43 - [MESSAGE][PASSED] - Delayed 2 second(s)

2022-06-09 21:07:43 - [TEST_STEP][PASSED] - ref_name = "TC20_Sephora_Duplication_" + RandomStringUtils.randomAlphanumeric(5) + "_" + I.gettimedate(): null

2022-06-09 21:07:43 - [TEST_STEP][PASSED] - setText(findTestObject("HL Full Lifecycle/6 Reference_input_Component name_field"), "Component_" + ref_name): Text 'Component_TC20_Sephora_Duplication_d5gNF_juin092022_210743' is set on object 'Object Repository/HL Full Lifecycle/6 Reference_input_Component name_field'

2022-06-09 21:07:44 - [MESSAGE][PASSED] - Text 'Component_TC20_Sephora_Duplication_d5gNF_juin092022_210743' is set on object 'Object Repository/HL Full Lifecycle/6 Reference_input_Component name_field'

2022-06-09 21:07:44 - [TEST_STEP][PASSED] - takeScreenshot(): Taking screenshot successfully

2022-06-09 21:07:44 - [MESSAGE][PASSED] - Taking screenshot successfully
[[ATTACHMENT|D:\\Projet Test Auto\\Mediabox Test Automation\\Reports\\20220609_181011\\03. Parallel Testing (Testing)\\TS -PT PART 3\\15.01 Sephora Duplication Standard\\20220609_181114\\1654801664347.png]]

2022-06-09 21:07:44 - [TEST_STEP][PASSED] - click(findTestObject("HL Full Lifecycle/6 ReferencePg_Create a component_bluebutton")): Object: 'Object Repository/HL Full Lifecycle/6 ReferencePg_Create a component_bluebutton' is clicked on

2022-06-09 21:07:47 - [MESSAGE][PASSED] - Object: 'Object Repository/HL Full Lifecycle/6 ReferencePg_Create a component_bluebutton' is clicked on

2022-06-09 21:07:47 - [TEST_STEP][PASSED] - delay(5): Delayed 5 second(s)

2022-06-09 21:07:52 - [MESSAGE][PASSED] - Delayed 5 second(s)

2022-06-09 21:07:52 - [TEST_STEP][PASSED] - refID = I.RefID(): Current window's url is: 'http://mdb-release.diadeis.lan/MediaboxIndependence/Base/ExecAction?IDSession=MBI%21RELTESTAUTO_SEPHORA%212FCEJ8BV4JGB4QLP4THCXXSYQO04EF0S4WNKFLOF&default_action=ModifierRef&id_project=MI001945&id_ref=4993&action_from=create_ref'

2022-06-09 21:07:57 - [MESSAGE][PASSED] - Delayed 5 second(s)

2022-06-09 21:07:57 - [MESSAGE][PASSED] - Current window's url is: 'http://mdb-release.diadeis.lan/MediaboxIndependence/Base/ExecAction?IDSession=MBI%21RELTESTAUTO_SEPHORA%212FCEJ8BV4JGB4QLP4THCXXSYQO04EF0S4WNKFLOF&default_action=ModifierRef&id_project=MI001945&id_ref=4993&action_from=create_ref'

2022-06-09 21:07:57 - [TEST_STEP][PASSED] - I.SelectFromList_Label("//*[@id="var_152"]", "Complete"): Delayed 2 second(s)

2022-06-09 21:07:58 - [MESSAGE][PASSED] - All options with label 'Complete' are selected in object 'Object Repository/1. Constant/xpath' 

2022-06-09 21:08:00 - [MESSAGE][PASSED] - Delayed 2 second(s)

2022-06-09 21:08:00 - [TEST_STEP][PASSED] - click(findTestObject("Object Repository/Control Tag/2.4 Closing Date")): Object: 'Object Repository/Control Tag/2.4 Closing Date' is clicked on

2022-06-09 21:08:00 - [MESSAGE][PASSED] - Object: 'Object Repository/Control Tag/2.4 Closing Date' is clicked on

2022-06-09 21:08:00 - [TEST_STEP][PASSED] - click(findTestObject("Object Repository/Control Tag/2.5 Closing date (choose date)")): Object: 'Object Repository/Control Tag/2.5 Closing date (choose date)' is clicked on

2022-06-09 21:08:01 - [MESSAGE][PASSED] - Object: 'Object Repository/Control Tag/2.5 Closing date (choose date)' is clicked on

2022-06-09 21:08:01 - [TEST_STEP][PASSED] - delay(1): Delayed 1 second(s)

2022-06-09 21:08:02 - [MESSAGE][PASSED] - Delayed 1 second(s)

2022-06-09 21:08:02 - [TEST_STEP][PASSED] - click(findTestObject("HL Full Lifecycle/7 ModifyRefPage_la-calendar_field")): Object: 'Object Repository/HL Full Lifecycle/7 ModifyRefPage_la-calendar_field' is clicked on

2022-06-09 21:08:03 - [MESSAGE][PASSED] - Object: 'Object Repository/HL Full Lifecycle/7 ModifyRefPage_la-calendar_field' is clicked on

2022-06-09 21:08:03 - [TEST_STEP][PASSED] - delay(1): Delayed 1 second(s)

2022-06-09 21:08:04 - [MESSAGE][PASSED] - Delayed 1 second(s)

2022-06-09 21:08:04 - [TEST_STEP][PASSED] - click(findTestObject("Object Repository/Control Tag/2.5 Closing date (choose date)")): Object: 'Object Repository/Control Tag/2.5 Closing date (choose date)' is clicked on

2022-06-09 21:08:04 - [MESSAGE][PASSED] - Object: 'Object Repository/Control Tag/2.5 Closing date (choose date)' is clicked on

2022-06-09 21:08:04 - [TEST_STEP][PASSED] - I.SelectFromList_Label("//*[@id="var_50"]", "Primaire"): Delayed 2 second(s)

2022-06-09 21:08:04 - [MESSAGE][PASSED] - All options with label 'Primaire' are selected in object 'Object Repository/1. Constant/xpath' 

2022-06-09 21:08:06 - [MESSAGE][PASSED] - Delayed 2 second(s)

2022-06-09 21:08:06 - [TEST_STEP][PASSED] - I.SelectFromList_Label("//*[@id="var_49"]", "Etui"): Delayed 2 second(s)

2022-06-09 21:08:07 - [MESSAGE][PASSED] - All options with label 'Etui' are selected in object 'Object Repository/1. Constant/xpath' 

2022-06-09 21:08:09 - [MESSAGE][PASSED] - Delayed 2 second(s)

2022-06-09 21:08:09 - [TEST_STEP][PASSED] - scrollToElement(findTestObject("HL Full Lifecycle/7 ModifyRefPage_button_Save"), 10): Scroll to object 'Object Repository/HL Full Lifecycle/7 ModifyRefPage_button_Save' successfully

2022-06-09 21:08:10 - [MESSAGE][PASSED] - Scroll to object 'Object Repository/HL Full Lifecycle/7 ModifyRefPage_button_Save' successfully

2022-06-09 21:08:10 - [TEST_STEP][PASSED] - click(findTestObject("HL Full Lifecycle/7 ModifyRefPage_button_Save")): Object: 'Object Repository/HL Full Lifecycle/7 ModifyRefPage_button_Save' is clicked on

2022-06-09 21:08:13 - [MESSAGE][PASSED] - Object: 'Object Repository/HL Full Lifecycle/7 ModifyRefPage_button_Save' is clicked on

2022-06-09 21:08:13 - [TEST_STEP][PASSED] - takeScreenshot(): Taking screenshot successfully

2022-06-09 21:08:13 - [MESSAGE][PASSED] - Taking screenshot successfully
[[ATTACHMENT|D:\\Projet Test Auto\\Mediabox Test Automation\\Reports\\20220609_181011\\03. Parallel Testing (Testing)\\TS -PT PART 3\\15.01 Sephora Duplication Standard\\20220609_181114\\1654801693390.png]]

2022-06-09 21:08:13 - [TEST_STEP][PASSED] - delay(3): Delayed 3 second(s)

2022-06-09 21:08:16 - [MESSAGE][PASSED] - Delayed 3 second(s)

2022-06-09 21:08:16 - [TEST_STEP][PASSED] - click(findTestObject("HL Full Lifecycle/8 ReferencePage_ActionButton", ["refID":"source_" + refID])): Object: 'Object Repository/HL Full Lifecycle/8 ReferencePage_ActionButton' is clicked on

2022-06-09 21:08:20 - [MESSAGE][PASSED] - Object: 'Object Repository/HL Full Lifecycle/8 ReferencePage_ActionButton' is clicked on

2022-06-09 21:08:20 - [TEST_STEP][PASSED] - click(findTestObject("HL Full Lifecycle/8 ReferencePage_button_Send to Marketing")): Object: 'Object Repository/HL Full Lifecycle/8 ReferencePage_button_Send to Marketing' is clicked on

2022-06-09 21:08:24 - [MESSAGE][PASSED] - Object: 'Object Repository/HL Full Lifecycle/8 ReferencePage_button_Send to Marketing' is clicked on

2022-06-09 21:08:24 - [TEST_STEP][PASSED] - mouseOver(findTestObject("1. Constant/xpath", ["xpath":"//*[@id="btnduplicatereference"]"])): Object: 'Object Repository/1. Constant/xpath' is hovered

2022-06-09 21:08:25 - [MESSAGE][PASSED] - Object: 'Object Repository/1. Constant/xpath' is hovered

2022-06-09 21:08:25 - [TEST_STEP][PASSED] - delay(1): Delayed 1 second(s)

2022-06-09 21:08:26 - [MESSAGE][PASSED] - Delayed 1 second(s)

2022-06-09 21:08:26 - [TEST_STEP][PASSED] - takeScreenshot(): Taking screenshot successfully

2022-06-09 21:08:27 - [MESSAGE][PASSED] - Taking screenshot successfully
[[ATTACHMENT|D:\\Projet Test Auto\\Mediabox Test Automation\\Reports\\20220609_181011\\03. Parallel Testing (Testing)\\TS -PT PART 3\\15.01 Sephora Duplication Standard\\20220609_181114\\1654801706929.png]]

2022-06-09 21:08:27 - [TEST_STEP][PASSED] - tooltip_dupli1 = getText(findTestObject("1. Constant/xpath", ["xpath":"/html/body/div[9]/div[2]"])): Text of object 'Object Repository/1. Constant/xpath' is: 'Duplicate a component'

2022-06-09 21:08:35 - [MESSAGE][PASSED] - Text of object 'Object Repository/1. Constant/xpath' is: 'Duplicate a component'

2022-06-09 21:08:35 - [TEST_STEP][PASSED] - verifyMatch(tooltip_dupli1, "Duplicate a component", false): Actual text 'Duplicate a component' and expected text 'Duplicate a component' are matched 

2022-06-09 21:08:35 - [MESSAGE][PASSED] - Actual text 'Duplicate a component' and expected text 'Duplicate a component' are matched 

2022-06-09 21:08:35 - [TEST_STEP][PASSED] - click(findTestObject("1. Constant/xpath", ["xpath":"//*[@id="btnduplicatereference"]"])): Object: 'Object Repository/1. Constant/xpath' is clicked on

2022-06-09 21:08:36 - [MESSAGE][PASSED] - Object: 'Object Repository/1. Constant/xpath' is clicked on

2022-06-09 21:08:36 - [TEST_STEP][PASSED] - verifyElementNotClickable(findTestObject("1. Constant/xpath", ["xpath":"//*[@id="action_btnduplicatereference"]"])): Object 'Object Repository/1. Constant/xpath' is NOT clickable

2022-06-09 21:08:36 - [MESSAGE][PASSED] - Object 'Object Repository/1. Constant/xpath' is NOT clickable

2022-06-09 21:08:36 - [TEST_STEP][PASSED] - takeScreenshot(): Taking screenshot successfully

2022-06-09 21:08:37 - [MESSAGE][PASSED] - Taking screenshot successfully
[[ATTACHMENT|D:\\Projet Test Auto\\Mediabox Test Automation\\Reports\\20220609_181011\\03. Parallel Testing (Testing)\\TS -PT PART 3\\15.01 Sephora Duplication Standard\\20220609_181114\\1654801717233.png]]

2022-06-09 21:08:37 - [TEST_STEP][PASSED] - msg_dupli1 = getText(findTestObject("1. Constant/xpath", ["xpath":"//*[@id="kt_content"]/div[3]/div/div[2]/div[1]/div[2]/span/span[2]"])): Text of object 'Object Repository/1. Constant/xpath' is: ' Please select at least one component to validate or'

2022-06-09 21:08:38 - [MESSAGE][PASSED] - Text of object 'Object Repository/1. Constant/xpath' is: ' Please select at least one component to validate or'

2022-06-09 21:08:38 - [TEST_STEP][PASSED] - verifyMatch(msg_dupli1, " Please select at least one component to validate or", false): Actual text ' Please select at least one component to validate or' and expected text ' Please select at least one component to validate or' are matched 

2022-06-09 21:08:38 - [MESSAGE][PASSED] - Actual text ' Please select at least one component to validate or' and expected text ' Please select at least one component to validate or' are matched 

2022-06-09 21:08:38 - [TEST_STEP][PASSED] - click(findTestObject("1. Constant/xpath", ["xpath":"//*[@id="kt_content"]/div[3]/div/div[2]/div[1]/div[2]/span/button[2]"])): Object: 'Object Repository/1. Constant/xpath' is clicked on

2022-06-09 21:08:38 - [MESSAGE][PASSED] - Object: 'Object Repository/1. Constant/xpath' is clicked on

2022-06-09 21:08:38 - [TEST_STEP][PASSED] - click(findTestObject("1. Constant/xpath", ["xpath":"//*[@id="btnduplicatereference"]"])): Object: 'Object Repository/1. Constant/xpath' is clicked on

2022-06-09 21:08:40 - [MESSAGE][PASSED] - Object: 'Object Repository/1. Constant/xpath' is clicked on

2022-06-09 21:08:40 - [TEST_STEP][PASSED] - click(findTestObject("1. Constant/xpath", ["xpath":"//*[@id="source_" + refID + ""]/td[1]/label"])): Object: 'Object Repository/1. Constant/xpath' is clicked on

2022-06-09 21:08:40 - [MESSAGE][PASSED] - Object: 'Object Repository/1. Constant/xpath' is clicked on

2022-06-09 21:08:40 - [TEST_STEP][PASSED] - takeScreenshot(): Taking screenshot successfully

2022-06-09 21:08:41 - [MESSAGE][PASSED] - Taking screenshot successfully
[[ATTACHMENT|D:\\Projet Test Auto\\Mediabox Test Automation\\Reports\\20220609_181011\\03. Parallel Testing (Testing)\\TS -PT PART 3\\15.01 Sephora Duplication Standard\\20220609_181114\\1654801720819.png]]

2022-06-09 21:08:41 - [TEST_STEP][PASSED] - verifyTextNotPresent("Please select at least one component to validate or", false): Text 'Please select at least one component to validate or' is not present on page

2022-06-09 21:08:43 - [MESSAGE][PASSED] - Text 'Please select at least one component to validate or' is not present on page

2022-06-09 21:08:43 - [TEST_STEP][PASSED] - click(findTestObject("1. Constant/xpath", ["xpath":"//*[@id="action_btnduplicatereference"]"])): Object: 'Object Repository/1. Constant/xpath' is clicked on

2022-06-09 21:08:45 - [MESSAGE][PASSED] - Object: 'Object Repository/1. Constant/xpath' is clicked on

2022-06-09 21:08:45 - [TEST_STEP][PASSED] - delay(1): Delayed 1 second(s)

2022-06-09 21:08:46 - [MESSAGE][PASSED] - Delayed 1 second(s)

2022-06-09 21:08:46 - [TEST_STEP][PASSED] - takeScreenshot(): Taking screenshot successfully

2022-06-09 21:08:46 - [MESSAGE][PASSED] - Taking screenshot successfully
[[ATTACHMENT|D:\\Projet Test Auto\\Mediabox Test Automation\\Reports\\20220609_181011\\03. Parallel Testing (Testing)\\TS -PT PART 3\\15.01 Sephora Duplication Standard\\20220609_181114\\1654801726664.png]]

2022-06-09 21:08:46 - [TEST_STEP][PASSED] - title_dupli1 = getText(findTestObject("1. Constant/xpath", ["xpath":"//*[@id="window_title"]"])): Text of object 'Object Repository/1. Constant/xpath' is: 'Duplicate component(s)'

2022-06-09 21:08:47 - [MESSAGE][PASSED] - Text of object 'Object Repository/1. Constant/xpath' is: 'Duplicate component(s)'

2022-06-09 21:08:47 - [TEST_STEP][PASSED] - verifyMatch(title_dupli1, "Duplicate component(s)", false): Actual text 'Duplicate component(s)' and expected text 'Duplicate component(s)' are matched 

2022-06-09 21:08:47 - [MESSAGE][PASSED] - Actual text 'Duplicate component(s)' and expected text 'Duplicate component(s)' are matched 

2022-06-09 21:08:47 - [TEST_STEP][PASSED] - NoCopy_1 = getAttribute(findTestObject("1. Constant/xpath", ["xpath":"//*[@id="nb_copies"]"]), "value"): Attribute 'value' of object 'Object Repository/1. Constant/xpath' is: '1'

2022-06-09 21:08:47 - [MESSAGE][PASSED] - Attribute 'value' of object 'Object Repository/1. Constant/xpath' is: '1'

2022-06-09 21:08:47 - [TEST_STEP][PASSED] - verifyMatch(NoCopy_1, "1", false): Actual text '1' and expected text '1' are matched 

2022-06-09 21:08:47 - [MESSAGE][PASSED] - Actual text '1' and expected text '1' are matched 

2022-06-09 21:08:47 - [TEST_STEP][PASSED] - click(findTestObject("1. Constant/xpath", ["xpath":"//*[@id="div_multiple_copies"]/div/div/span/button[2]"])): Object: 'Object Repository/1. Constant/xpath' is clicked on

2022-06-09 21:08:48 - [MESSAGE][PASSED] - Object: 'Object Repository/1. Constant/xpath' is clicked on

2022-06-09 21:08:48 - [TEST_STEP][PASSED] - NoCopy_01 = getAttribute(findTestObject("1. Constant/xpath", ["xpath":"//*[@id="nb_copies"]"]), "value"): Attribute 'value' of object 'Object Repository/1. Constant/xpath' is: '1'

2022-06-09 21:08:49 - [MESSAGE][PASSED] - Attribute 'value' of object 'Object Repository/1. Constant/xpath' is: '1'

2022-06-09 21:08:49 - [TEST_STEP][PASSED] - verifyMatch(NoCopy_01, "1", false): Actual text '1' and expected text '1' are matched 

2022-06-09 21:08:49 - [MESSAGE][PASSED] - Actual text '1' and expected text '1' are matched 

2022-06-09 21:08:49 - [TEST_STEP][PASSED] - takeScreenshot(): Taking screenshot successfully

2022-06-09 21:08:49 - [MESSAGE][PASSED] - Taking screenshot successfully
[[ATTACHMENT|D:\\Projet Test Auto\\Mediabox Test Automation\\Reports\\20220609_181011\\03. Parallel Testing (Testing)\\TS -PT PART 3\\15.01 Sephora Duplication Standard\\20220609_181114\\1654801729063.png]]

2022-06-09 21:08:49 - [TEST_STEP][PASSED] - setText(findTestObject("1. Constant/xpath", ["xpath":"//*[@id="nb_copies"]"]), "49"): Text '49' is set on object 'Object Repository/1. Constant/xpath'

2022-06-09 21:08:49 - [MESSAGE][PASSED] - Text '49' is set on object 'Object Repository/1. Constant/xpath'

2022-06-09 21:08:49 - [TEST_STEP][PASSED] - click(findTestObject("1. Constant/xpath", ["xpath":"//*[@id="div_multiple_copies"]/div/div/span/button[1]"])): Object: 'Object Repository/1. Constant/xpath' is clicked on

2022-06-09 21:08:49 - [MESSAGE][PASSED] - Object: 'Object Repository/1. Constant/xpath' is clicked on

2022-06-09 21:08:49 - [TEST_STEP][PASSED] - NoCopy_50 = getAttribute(findTestObject("1. Constant/xpath", ["xpath":"//*[@id="nb_copies"]"]), "value"): Attribute 'value' of object 'Object Repository/1. Constant/xpath' is: '50'

2022-06-09 21:08:50 - [MESSAGE][PASSED] - Attribute 'value' of object 'Object Repository/1. Constant/xpath' is: '50'

2022-06-09 21:08:50 - [TEST_STEP][PASSED] - verifyMatch(NoCopy_50, "50", false): Actual text '50' and expected text '50' are matched 

2022-06-09 21:08:50 - [MESSAGE][PASSED] - Actual text '50' and expected text '50' are matched 

2022-06-09 21:08:50 - [TEST_STEP][PASSED] - click(findTestObject("1. Constant/xpath", ["xpath":"//*[@id="div_multiple_copies"]/div/div/span/button[1]"])): Object: 'Object Repository/1. Constant/xpath' is clicked on

2022-06-09 21:08:50 - [MESSAGE][PASSED] - Object: 'Object Repository/1. Constant/xpath' is clicked on

2022-06-09 21:08:50 - [TEST_STEP][PASSED] - NoCopy_050 = getAttribute(findTestObject("1. Constant/xpath", ["xpath":"//*[@id="nb_copies"]"]), "value"): Attribute 'value' of object 'Object Repository/1. Constant/xpath' is: '50'

2022-06-09 21:08:50 - [MESSAGE][PASSED] - Attribute 'value' of object 'Object Repository/1. Constant/xpath' is: '50'

2022-06-09 21:08:50 - [TEST_STEP][PASSED] - verifyMatch(NoCopy_050, "50", false): Actual text '50' and expected text '50' are matched 

2022-06-09 21:08:50 - [MESSAGE][PASSED] - Actual text '50' and expected text '50' are matched 

2022-06-09 21:08:50 - [TEST_STEP][PASSED] - takeScreenshot(): Taking screenshot successfully

2022-06-09 21:08:50 - [MESSAGE][PASSED] - Taking screenshot successfully
[[ATTACHMENT|D:\\Projet Test Auto\\Mediabox Test Automation\\Reports\\20220609_181011\\03. Parallel Testing (Testing)\\TS -PT PART 3\\15.01 Sephora Duplication Standard\\20220609_181114\\1654801730752.png]]

2022-06-09 21:08:50 - [TEST_STEP][PASSED] - setText(findTestObject("1. Constant/xpath", ["xpath":"//*[@id="nb_copies"]"]), "40ABC"): Text '40ABC' is set on object 'Object Repository/1. Constant/xpath'

2022-06-09 21:08:51 - [MESSAGE][PASSED] - Text '40ABC' is set on object 'Object Repository/1. Constant/xpath'

2022-06-09 21:08:51 - [TEST_STEP][PASSED] - click(findTestObject("1. Constant/xpath", ["xpath":"//*[@id="btn_submit_duplication"]"])): Object: 'Object Repository/1. Constant/xpath' is clicked on

2022-06-09 21:08:52 - [MESSAGE][PASSED] - Object: 'Object Repository/1. Constant/xpath' is clicked on

2022-06-09 21:08:52 - [TEST_STEP][PASSED] - I.VerifyMatchToastrmsg("//*[@id="toast-container"]/div/div", "Please select a Lifecycle template"): Actual text 'Please select a Lifecycle template' and expected text 'Please select a Lifecycle template' are matched 

2022-06-09 21:08:53 - [MESSAGE][PASSED] - Object 'Object Repository/1. Constant/xpath' is visible

2022-06-09 21:08:53 - [MESSAGE][PASSED] - Text of object 'Object Repository/1. Constant/xpath' is: 'Please select a Lifecycle template'

2022-06-09 21:08:54 - [MESSAGE][PASSED] - Taking screenshot successfully
[[ATTACHMENT|D:\\Projet Test Auto\\Mediabox Test Automation\\Reports\\20220609_181011\\03. Parallel Testing (Testing)\\TS -PT PART 3\\15.01 Sephora Duplication Standard\\20220609_181114\\1654801733945.png]]

2022-06-09 21:08:54 - [MESSAGE][PASSED] - Actual text 'Please select a Lifecycle template' and expected text 'Please select a Lifecycle template' are matched 

2022-06-09 21:08:54 - [TEST_STEP][PASSED] - takeScreenshot(): Taking screenshot successfully

2022-06-09 21:08:54 - [MESSAGE][PASSED] - Taking screenshot successfully
[[ATTACHMENT|D:\\Projet Test Auto\\Mediabox Test Automation\\Reports\\20220609_181011\\03. Parallel Testing (Testing)\\TS -PT PART 3\\15.01 Sephora Duplication Standard\\20220609_181114\\1654801734424.png]]

2022-06-09 21:08:54 - [TEST_STEP][PASSED] - click(findTestObject("1. Constant/xpath", ["xpath":"//*[@id="list_project_type"]/label[2]"])): Object: 'Object Repository/1. Constant/xpath' is clicked on

2022-06-09 21:08:55 - [MESSAGE][PASSED] - Object: 'Object Repository/1. Constant/xpath' is clicked on

2022-06-09 21:08:55 - [TEST_STEP][PASSED] - click(findTestObject("1. Constant/xpath", ["xpath":"//*[@id="btn_submit_duplication"]"])): Object: 'Object Repository/1. Constant/xpath' is clicked on

2022-06-09 21:08:55 - [MESSAGE][PASSED] - Object: 'Object Repository/1. Constant/xpath' is clicked on

2022-06-09 21:08:55 - [TEST_STEP][PASSED] - I.VerifyMatchToastrmsg("//*[@id="toast-container"]/div/div", "Error invalid data : Project name or number"): Actual text 'Error invalid data : Project name or number' and expected text 'Error invalid data : Project name or number' are matched 

2022-06-09 21:08:55 - [MESSAGE][PASSED] - Object 'Object Repository/1. Constant/xpath' is visible

2022-06-09 21:08:55 - [MESSAGE][PASSED] - Text of object 'Object Repository/1. Constant/xpath' is: 'Error invalid data : Project name or number'

2022-06-09 21:08:55 - [MESSAGE][PASSED] - Taking screenshot successfully
[[ATTACHMENT|D:\\Projet Test Auto\\Mediabox Test Automation\\Reports\\20220609_181011\\03. Parallel Testing (Testing)\\TS -PT PART 3\\15.01 Sephora Duplication Standard\\20220609_181114\\1654801735687.png]]

2022-06-09 21:08:55 - [MESSAGE][PASSED] - Actual text 'Error invalid data : Project name or number' and expected text 'Error invalid data : Project name or number' are matched 

2022-06-09 21:08:55 - [TEST_STEP][PASSED] - takeScreenshot(): Taking screenshot successfully

2022-06-09 21:08:56 - [MESSAGE][PASSED] - Taking screenshot successfully
[[ATTACHMENT|D:\\Projet Test Auto\\Mediabox Test Automation\\Reports\\20220609_181011\\03. Parallel Testing (Testing)\\TS -PT PART 3\\15.01 Sephora Duplication Standard\\20220609_181114\\1654801736068.png]]

2022-06-09 21:08:56 - [TEST_STEP][PASSED] - click(findTestObject("1. Constant/xpath", ["xpath":"//*[@id="list_project_type"]/label[3]"])): Object: 'Object Repository/1. Constant/xpath' is clicked on

2022-06-09 21:08:56 - [MESSAGE][PASSED] - Object: 'Object Repository/1. Constant/xpath' is clicked on

2022-06-09 21:08:56 - [TEST_STEP][PASSED] - click(findTestObject("1. Constant/xpath", ["xpath":"//*[@id="btn_submit_duplication"]"])): Object: 'Object Repository/1. Constant/xpath' is clicked on

2022-06-09 21:08:56 - [MESSAGE][PASSED] - Object: 'Object Repository/1. Constant/xpath' is clicked on

2022-06-09 21:08:56 - [TEST_STEP][PASSED] - Error3 = getText(findTestObject("1. Constant/xpath", ["xpath":"//*[@id="toast-container"]/div/div"])): Text of object 'Object Repository/1. Constant/xpath' is: 'No project template found'

2022-06-09 21:08:57 - [MESSAGE][PASSED] - Text of object 'Object Repository/1. Constant/xpath' is: 'No project template found'

2022-06-09 21:08:57 - [TEST_STEP][PASSED] - verifyMatch(Error3, "No project template found", false, CONTINUE_ON_FAILURE): Actual text 'No project template found' and expected text 'No project template found' are matched 

2022-06-09 21:08:57 - [MESSAGE][PASSED] - Actual text 'No project template found' and expected text 'No project template found' are matched 

2022-06-09 21:08:57 - [TEST_STEP][PASSED] - takeScreenshot(): Taking screenshot successfully

2022-06-09 21:08:57 - [MESSAGE][PASSED] - Taking screenshot successfully
[[ATTACHMENT|D:\\Projet Test Auto\\Mediabox Test Automation\\Reports\\20220609_181011\\03. Parallel Testing (Testing)\\TS -PT PART 3\\15.01 Sephora Duplication Standard\\20220609_181114\\1654801737027.png]]

2022-06-09 21:08:57 - [TEST_STEP][PASSED] - click(findTestObject("1. Constant/xpath", ["xpath":"//*[@id="modal_duplicate_reference"]/div/div/div[3]/div/button[1]"])): Object: 'Object Repository/1. Constant/xpath' is clicked on

2022-06-09 21:08:57 - [MESSAGE][PASSED] - Object: 'Object Repository/1. Constant/xpath' is clicked on

2022-06-09 21:08:57 - [TEST_STEP][PASSED] - takeScreenshot(): Taking screenshot successfully

2022-06-09 21:08:57 - [MESSAGE][PASSED] - Taking screenshot successfully
[[ATTACHMENT|D:\\Projet Test Auto\\Mediabox Test Automation\\Reports\\20220609_181011\\03. Parallel Testing (Testing)\\TS -PT PART 3\\15.01 Sephora Duplication Standard\\20220609_181114\\1654801737640.png]]

2022-06-09 21:08:57 - [TEST_STEP][PASSED] - verifyElementChecked(findTestObject("1. Constant/xpath", ["xpath":"//*[@id="allRefs"]"]), 2): Object 'Object Repository/1. Constant/xpath' is checked

2022-06-09 21:08:58 - [MESSAGE][PASSED] - Object 'Object Repository/1. Constant/xpath' is checked

2022-06-09 21:08:58 - [TEST_STEP][PASSED] - click(findTestObject("1. Constant/xpath", ["xpath":"//*[@id="action_btnduplicatereference"]"])): Object: 'Object Repository/1. Constant/xpath' is clicked on

2022-06-09 21:09:00 - [MESSAGE][PASSED] - Object: 'Object Repository/1. Constant/xpath' is clicked on

2022-06-09 21:09:00 - [TEST_STEP][PASSED] - tree_dupli1 = getText(findTestObject("1. Constant/xpath", ["xpath":"//*[@id="ref_tree"]/div"])): Text of object 'Object Repository/1. Constant/xpath' is: 'Component_TC20_Sephora_Duplication_d5gNF_juin092022_210743'

2022-06-09 21:09:01 - [MESSAGE][PASSED] - Text of object 'Object Repository/1. Constant/xpath' is: 'Component_TC20_Sephora_Duplication_d5gNF_juin092022_210743'

2022-06-09 21:09:01 - [TEST_STEP][PASSED] - if (tree_dupli1.contains("Component_TC20_Sephora_Duplication_")): Actual text '1' and expected text '1' are matched 

2022-06-09 21:09:01 - [TEST_STEP][PASSED] - verifyMatch("1", "1", false): Actual text '1' and expected text '1' are matched 

2022-06-09 21:09:01 - [MESSAGE][PASSED] - Actual text '1' and expected text '1' are matched 

2022-06-09 21:09:01 - [TEST_STEP][PASSED] - click(findTestObject("1. Constant/xpath", ["xpath":"//*[@id="modal_duplicate_reference"]/div/div/div[1]/button"])): Object: 'Object Repository/1. Constant/xpath' is clicked on

2022-06-09 21:09:01 - [MESSAGE][PASSED] - Object: 'Object Repository/1. Constant/xpath' is clicked on

2022-06-09 21:09:01 - [TEST_STEP][PASSED] - takeScreenshot(): Taking screenshot successfully

2022-06-09 21:09:02 - [MESSAGE][PASSED] - Taking screenshot successfully
[[ATTACHMENT|D:\\Projet Test Auto\\Mediabox Test Automation\\Reports\\20220609_181011\\03. Parallel Testing (Testing)\\TS -PT PART 3\\15.01 Sephora Duplication Standard\\20220609_181114\\1654801741991.png]]

2022-06-09 21:09:02 - [TEST_STEP][PASSED] - verifyElementChecked(findTestObject("1. Constant/xpath", ["xpath":"//*[@id="" + refID + ""]"]), 2): Object 'Object Repository/1. Constant/xpath' is checked

2022-06-09 21:09:03 - [MESSAGE][PASSED] - Object 'Object Repository/1. Constant/xpath' is checked

2022-06-09 21:09:03 - [TEST_STEP][PASSED] - I.Logout(): Delayed 3 second(s)

2022-06-09 21:09:06 - [MESSAGE][PASSED] - Delayed 3 second(s)

2022-06-09 21:09:06 - [MESSAGE][PASSED] - Object: 'Object Repository/1. Constant/xpath' is clicked on

2022-06-09 21:09:09 - [MESSAGE][PASSED] - Delayed 3 second(s)

2022-06-09 21:09:11 - [MESSAGE][PASSED] - Object: 'Object Repository/1. Constant/xpath' is clicked on

2022-06-09 21:09:14 - [MESSAGE][PASSED] - Delayed 3 second(s)

2022-06-09 21:09:14 - [TEST_STEP][PASSED] - I.Login_password("studio", password_studio): Object: 'Object Repository/1. Constant/xpath' is clicked on

2022-06-09 21:09:16 - [MESSAGE][PASSED] - Text 'studio' is set on object 'Object Repository/1. Constant/xpath'

2022-06-09 21:09:17 - [MESSAGE][PASSED] - Delayed 1 second(s)

2022-06-09 21:09:18 - [MESSAGE][PASSED] - Text 'dchi4' is set on object 'Object Repository/1. Constant/xpath'

2022-06-09 21:09:19 - [MESSAGE][PASSED] - Delayed 1 second(s)

2022-06-09 21:09:22 - [MESSAGE][PASSED] - Object: 'Object Repository/1. Constant/xpath' is clicked on

2022-06-09 21:09:22 - [TEST_STEP][PASSED] - click(findTestObject("1. Constant/02_LHSMenu_Projects")): Object: 'Object Repository/1. Constant/02_LHSMenu_Projects' is clicked on

2022-06-09 21:09:25 - [MESSAGE][PASSED] - Object: 'Object Repository/1. Constant/02_LHSMenu_Projects' is clicked on

2022-06-09 21:09:25 - [TEST_STEP][PASSED] - I.SearchProjectNo_xpath(Project_No, "//*[@id="keynum_project"]", "//*[@id="form_filters"]/div[4]/button"): Delayed 5 second(s)

2022-06-09 21:09:26 - [MESSAGE][PASSED] - Delayed 1 second(s)

2022-06-09 21:09:26 - [MESSAGE][PASSED] - Text 'MI001945' is set on object 'Object Repository/1. Constant/xpath'

2022-06-09 21:09:29 - [MESSAGE][PASSED] - Delayed 3 second(s)

2022-06-09 21:09:30 - [MESSAGE][PASSED] - Scroll to object 'Object Repository/1. Constant/xpath' successfully

2022-06-09 21:09:32 - [MESSAGE][PASSED] - Object: 'Object Repository/1. Constant/xpath' is clicked on

2022-06-09 21:09:37 - [MESSAGE][PASSED] - Delayed 5 second(s)

2022-06-09 21:09:37 - [TEST_STEP][PASSED] - takeScreenshot(): Taking screenshot successfully

2022-06-09 21:09:38 - [MESSAGE][PASSED] - Taking screenshot successfully
[[ATTACHMENT|D:\\Projet Test Auto\\Mediabox Test Automation\\Reports\\20220609_181011\\03. Parallel Testing (Testing)\\TS -PT PART 3\\15.01 Sephora Duplication Standard\\20220609_181114\\1654801777973.png]]

2022-06-09 21:09:38 - [TEST_STEP][PASSED] - tooltip1 = getAttribute(findTestObject("1. Constant/xpath", ["xpath":"/html/body/div[1]/div[2]/div[4]/div[3]/div/div[2]/div[1]/div[2]/span/a[1]"]), "id"): Attribute 'id' of object 'Object Repository/1. Constant/xpath' is: 'btnMassEditRefs'

2022-06-09 21:09:38 - [MESSAGE][PASSED] - Attribute 'id' of object 'Object Repository/1. Constant/xpath' is: 'btnMassEditRefs'

2022-06-09 21:09:38 - [TEST_STEP][PASSED] - tooltip2 = getAttribute(findTestObject("1. Constant/xpath", ["xpath":"/html/body/div[1]/div[2]/div[4]/div[3]/div/div[2]/div[1]/div[2]/span/a[3]"]), "id"): Attribute 'id' of object 'Object Repository/1. Constant/xpath' is: 'btnMassReview'

2022-06-09 21:09:38 - [MESSAGE][PASSED] - Attribute 'id' of object 'Object Repository/1. Constant/xpath' is: 'btnMassReview'

2022-06-09 21:09:38 - [TEST_STEP][PASSED] - verifyMatch(tooltip1, "btnMassEditRefs", false): Actual text 'btnMassEditRefs' and expected text 'btnMassEditRefs' are matched 

2022-06-09 21:09:38 - [MESSAGE][PASSED] - Actual text 'btnMassEditRefs' and expected text 'btnMassEditRefs' are matched 

2022-06-09 21:09:38 - [TEST_STEP][PASSED] - verifyMatch(tooltip2, "btnMassReview", false): Actual text 'btnMassReview' and expected text 'btnMassReview' are matched 

2022-06-09 21:09:38 - [MESSAGE][PASSED] - Actual text 'btnMassReview' and expected text 'btnMassReview' are matched 

2022-06-09 21:09:38 - [TEST_STEP][PASSED] - I.Logout(): Delayed 3 second(s)

2022-06-09 21:09:41 - [MESSAGE][PASSED] - Delayed 3 second(s)

2022-06-09 21:09:41 - [MESSAGE][PASSED] - Object: 'Object Repository/1. Constant/xpath' is clicked on

2022-06-09 21:09:44 - [MESSAGE][PASSED] - Delayed 3 second(s)

2022-06-09 21:09:47 - [MESSAGE][PASSED] - Object: 'Object Repository/1. Constant/xpath' is clicked on

2022-06-09 21:09:50 - [MESSAGE][PASSED] - Delayed 3 second(s)

2022-06-09 21:09:50 - [TEST_STEP][PASSED] - I.writenotepad("D:\Upoad_File\Projet_ Login\Sephora\20.01\20.01_Sephora_ProjectNo.txt", Project_No): null

2022-06-09 21:09:50 - [TEST_STEP][PASSED] - I.writenotepad("D:\Upoad_File\Projet_ Login\Sephora\20.01\20.01_Sephora_refID.txt", refID): null

2022-06-09 21:09:50 - [TEST_STEP][PASSED] - I.writenotepad("D:\Upoad_File\Projet_ Login\Sephora\20.01\20.01_Sephora_refIDName.txt", ref_name): null

2022-06-09 21:09:50 - [TEST_STEP][PASSED] - closeBrowser(): Browser is closed

2022-06-09 21:09:51 - [MESSAGE][PASSED] - Browser is closed

2022-06-09 21:09:51 - [TEST_STEP][PASSED] - Start listener action : sampleAfterTestCase: null]]></system-out>
         <system-err><![CDATA[]]></system-err>
      </testcase>
      <testcase name="Test Cases/20. Sephora_NPP Duplication Standard_ Duplication Shortcut/20.02 Sephora Duplication_New_Project_NC2 (Devpack) - Used 20.01 (P2)" time="553.6" classname="Test Cases/20. Sephora_NPP Duplication Standard_ Duplication Shortcut/20.02 Sephora Duplication_New_Project_NC2 (Devpack) - Used 20.01 (P2)" status="PASSED">
         <system-out><![CDATA[2022-06-09 21:09:51 - [TEST_CASE][PASSED] - Test Cases/20. Sephora_NPP Duplication Standard_ Duplication Shortcut/20.02 Sephora Duplication_New_Project_NC2 (Devpack) - Used 20.01 (P2): Test Cases/20. Sephora_NPP Duplication Standard_ Duplication Shortcut/20.02 Sephora Duplication_New_Project_NC2 (Devpack) - Used 20.01 (P2)

2022-06-09 21:09:52 - [TEST_STEP][PASSED] - data_Sephora = findTestData("Data Files/Username_Password/Sephora"): null

2022-06-09 21:09:52 - [TEST_STEP][PASSED] - password_atran = data_Sephora.getValue(2, 1): null

2022-06-09 21:09:52 - [TEST_STEP][PASSED] - password_devpack = data_Sephora.getValue(2, 14): null

2022-06-09 21:09:52 - [TEST_STEP][PASSED] - data_urlRELAUTO = findTestData("Data Files/URL/URL_relauto"): null

2022-06-09 21:09:52 - [TEST_STEP][PASSED] - Url_Sephora = data_urlRELAUTO.getValue(2, 1): null

2022-06-09 21:09:52 - [TEST_STEP][PASSED] - I.clearnotepad("D:\Upoad_File\Projet_ Login\Sephora\20.01\20.02_Sephora_ProjectNo2.txt"): null

2022-06-09 21:09:52 - [TEST_STEP][PASSED] - I.clearnotepad("D:\Upoad_File\Projet_ Login\Sephora\20.01\20.02_Sephora_refID2.txt"): null

2022-06-09 21:09:52 - [TEST_STEP][PASSED] - Project_No = I.readnotepad("D:\Upoad_File\Projet_ Login\Sephora\20.01\20.01_Sephora_ProjectNo.txt"): null

2022-06-09 21:09:52 - [TEST_STEP][PASSED] - refID = I.readnotepad("D:\Upoad_File\Projet_ Login\Sephora\20.01\20.01_Sephora_refID.txt"): null

2022-06-09 21:09:52 - [TEST_STEP][PASSED] - ref_name1 = I.readnotepad("D:\Upoad_File\Projet_ Login\Sephora\20.01\20.01_Sephora_refIDName.txt"): null

2022-06-09 21:09:52 - [TEST_STEP][PASSED] - openBrowser(Url_Sephora): Browser is opened with url: 'http://mdb-release.diadeis.lan/MediaboxIndependence/?MBI_datasource=RELTESTAUTO_SEPHORA'

2022-06-09 21:09:52 - [MESSAGE][INFO] - Starting 'Chrome (headless)' driver

2022-06-09 21:09:52 - [MESSAGE][INFO] - User set preference: ['args', '[--window-size=1920,1080, --headless]']

2022-06-09 21:09:52 - [MESSAGE][INFO] - Action delay is set to 0 milliseconds

2022-06-09 21:09:58 - [MESSAGE][PASSED] - Browser is opened with url: 'http://mdb-release.diadeis.lan/MediaboxIndependence/?MBI_datasource=RELTESTAUTO_SEPHORA'

2022-06-09 21:09:58 - [TEST_STEP][PASSED] - maximizeWindow(): Current window maximized

2022-06-09 21:09:59 - [MESSAGE][PASSED] - Current window maximized

2022-06-09 21:09:59 - [TEST_STEP][PASSED] - I.Login_password("atran", password_atran): Object: 'Object Repository/1. Constant/xpath' is clicked on

2022-06-09 21:09:59 - [MESSAGE][PASSED] - Text 'atran' is set on object 'Object Repository/1. Constant/xpath'

2022-06-09 21:10:00 - [MESSAGE][PASSED] - Delayed 1 second(s)

2022-06-09 21:10:03 - [MESSAGE][PASSED] - Text 'dchi3' is set on object 'Object Repository/1. Constant/xpath'

2022-06-09 21:10:04 - [MESSAGE][PASSED] - Delayed 1 second(s)

2022-06-09 21:10:14 - [MESSAGE][PASSED] - Object: 'Object Repository/1. Constant/xpath' is clicked on

2022-06-09 21:10:14 - [TEST_STEP][PASSED] - task_atran_b4_1 = I.Get_Task_No("//*[@id="kt_header"]/div/div[2]/div[1]/div[1]/span"): Text of object 'Object Repository/1. Constant/xpath' is: '49'

2022-06-09 21:10:14 - [MESSAGE][PASSED] - Text of object 'Object Repository/1. Constant/xpath' is: '49'

2022-06-09 21:10:14 - [TEST_STEP][PASSED] - I.Logout(): Delayed 3 second(s)

2022-06-09 21:10:17 - [MESSAGE][PASSED] - Delayed 3 second(s)

2022-06-09 21:10:17 - [MESSAGE][PASSED] - Object: 'Object Repository/1. Constant/xpath' is clicked on

2022-06-09 21:10:20 - [MESSAGE][PASSED] - Delayed 3 second(s)

2022-06-09 21:10:22 - [MESSAGE][PASSED] - Object: 'Object Repository/1. Constant/xpath' is clicked on

2022-06-09 21:10:25 - [MESSAGE][PASSED] - Delayed 3 second(s)

2022-06-09 21:10:25 - [TEST_STEP][PASSED] - I.Login_password("devpack", password_devpack): Object: 'Object Repository/1. Constant/xpath' is clicked on

2022-06-09 21:10:25 - [MESSAGE][PASSED] - Text 'devpack' is set on object 'Object Repository/1. Constant/xpath'

2022-06-09 21:10:26 - [MESSAGE][PASSED] - Delayed 1 second(s)

2022-06-09 21:10:27 - [MESSAGE][PASSED] - Text 'diadeis' is set on object 'Object Repository/1. Constant/xpath'

2022-06-09 21:10:28 - [MESSAGE][PASSED] - Delayed 1 second(s)

2022-06-09 21:14:37 - [MESSAGE][PASSED] - Object: 'Object Repository/1. Constant/xpath' is clicked on

2022-06-09 21:14:37 - [TEST_STEP][PASSED] - click(findTestObject("1. Constant/02_LHSMenu_Projects")): Object: 'Object Repository/1. Constant/02_LHSMenu_Projects' is clicked on

2022-06-09 21:14:45 - [MESSAGE][PASSED] - Object: 'Object Repository/1. Constant/02_LHSMenu_Projects' is clicked on

2022-06-09 21:14:45 - [TEST_STEP][PASSED] - I.SearchProjectNo_xpath(Project_No, "//*[@id="keynum_project"]", "//*[@id="form_filters"]/div[5]/button"): Delayed 5 second(s)

2022-06-09 21:14:46 - [MESSAGE][PASSED] - Delayed 1 second(s)

2022-06-09 21:14:50 - [MESSAGE][PASSED] - Text 'MI001945' is set on object 'Object Repository/1. Constant/xpath'

2022-06-09 21:14:53 - [MESSAGE][PASSED] - Delayed 3 second(s)

2022-06-09 21:14:54 - [MESSAGE][PASSED] - Scroll to object 'Object Repository/1. Constant/xpath' successfully

2022-06-09 21:14:57 - [MESSAGE][PASSED] - Object: 'Object Repository/1. Constant/xpath' is clicked on

2022-06-09 21:15:02 - [MESSAGE][PASSED] - Delayed 5 second(s)

2022-06-09 21:15:02 - [TEST_STEP][PASSED] - takeScreenshot(): Taking screenshot successfully

2022-06-09 21:15:02 - [MESSAGE][PASSED] - Taking screenshot successfully
[[ATTACHMENT|D:\\Projet Test Auto\\Mediabox Test Automation\\Reports\\20220609_181011\\03. Parallel Testing (Testing)\\TS -PT PART 3\\15.01 Sephora Duplication Standard\\20220609_181114\\1654802102093.png]]

2022-06-09 21:15:02 - [TEST_STEP][PASSED] - click(findTestObject("1. Constant/xpath", ["xpath":"//*[@id="btnduplicatereference"]"])): Object: 'Object Repository/1. Constant/xpath' is clicked on

2022-06-09 21:15:03 - [MESSAGE][PASSED] - Object: 'Object Repository/1. Constant/xpath' is clicked on

2022-06-09 21:15:03 - [TEST_STEP][PASSED] - click(findTestObject("1. Constant/xpath", ["xpath":"//*[@id="source_" + refID + ""]/td[1]/label"])): Object: 'Object Repository/1. Constant/xpath' is clicked on

2022-06-09 21:15:03 - [MESSAGE][PASSED] - Object: 'Object Repository/1. Constant/xpath' is clicked on

2022-06-09 21:15:03 - [TEST_STEP][PASSED] - click(findTestObject("1. Constant/xpath", ["xpath":"//*[@id="action_btnduplicatereference"]"])): Object: 'Object Repository/1. Constant/xpath' is clicked on

2022-06-09 21:15:07 - [MESSAGE][PASSED] - Object: 'Object Repository/1. Constant/xpath' is clicked on

2022-06-09 21:15:07 - [TEST_STEP][PASSED] - takeScreenshot(): Taking screenshot successfully

2022-06-09 21:15:07 - [MESSAGE][PASSED] - Taking screenshot successfully
[[ATTACHMENT|D:\\Projet Test Auto\\Mediabox Test Automation\\Reports\\20220609_181011\\03. Parallel Testing (Testing)\\TS -PT PART 3\\15.01 Sephora Duplication Standard\\20220609_181114\\1654802107561.png]]

2022-06-09 21:15:07 - [TEST_STEP][PASSED] - click(findTestObject("1. Constant/xpath", ["xpath":"//*[@id="list_project_type"]/label[3]"])): Object: 'Object Repository/1. Constant/xpath' is clicked on

2022-06-09 21:15:08 - [MESSAGE][PASSED] - Object: 'Object Repository/1. Constant/xpath' is clicked on

2022-06-09 21:15:08 - [TEST_STEP][PASSED] - delay(2): Delayed 2 second(s)

2022-06-09 21:15:10 - [MESSAGE][PASSED] - Delayed 2 second(s)

2022-06-09 21:15:10 - [TEST_STEP][PASSED] - selectOptionByValue(findTestObject("1. Constant/xpath", ["xpath":"//*[@id="project_template"]"]), "11", false): All options with value '11' are selected in object 'Object Repository/1. Constant/xpath' 

2022-06-09 21:15:10 - [MESSAGE][PASSED] - All options with value '11' are selected in object 'Object Repository/1. Constant/xpath' 

2022-06-09 21:15:10 - [TEST_STEP][PASSED] - click(findTestObject("1. Constant/xpath", ["xpath":"//*[@id="div_multiple_copies"]/div/div/span/button[1]"])): Object: 'Object Repository/1. Constant/xpath' is clicked on

2022-06-09 21:15:11 - [MESSAGE][PASSED] - Object: 'Object Repository/1. Constant/xpath' is clicked on

2022-06-09 21:15:11 - [TEST_STEP][PASSED] - delay(2): Delayed 2 second(s)

2022-06-09 21:15:13 - [MESSAGE][PASSED] - Delayed 2 second(s)

2022-06-09 21:15:13 - [TEST_STEP][PASSED] - selectOptionByValue(findTestObject("1. Constant/xpath", ["xpath":"//*[@id="lfc_tpl5"]"]), "24", false): All options with value '24' are selected in object 'Object Repository/1. Constant/xpath' 

2022-06-09 21:15:14 - [MESSAGE][PASSED] - All options with value '24' are selected in object 'Object Repository/1. Constant/xpath' 

2022-06-09 21:15:14 - [TEST_STEP][PASSED] - takeScreenshot(): Taking screenshot successfully

2022-06-09 21:15:14 - [MESSAGE][PASSED] - Taking screenshot successfully
[[ATTACHMENT|D:\\Projet Test Auto\\Mediabox Test Automation\\Reports\\20220609_181011\\03. Parallel Testing (Testing)\\TS -PT PART 3\\15.01 Sephora Duplication Standard\\20220609_181114\\1654802114705.png]]

2022-06-09 21:15:14 - [TEST_STEP][PASSED] - delay(1): Delayed 1 second(s)

2022-06-09 21:15:15 - [MESSAGE][PASSED] - Delayed 1 second(s)

2022-06-09 21:15:15 - [TEST_STEP][PASSED] - click(findTestObject("1. Constant/xpath", ["xpath":"//*[@id="btn_submit_duplication"]"])): Object: 'Object Repository/1. Constant/xpath' is clicked on

2022-06-09 21:15:23 - [MESSAGE][PASSED] - Object: 'Object Repository/1. Constant/xpath' is clicked on

2022-06-09 21:15:23 - [TEST_STEP][PASSED] - delay(5): Delayed 5 second(s)

2022-06-09 21:15:28 - [MESSAGE][PASSED] - Delayed 5 second(s)

2022-06-09 21:15:28 - [TEST_STEP][PASSED] - Project_No2 = I.ProjectNo(): Current window's url is: 'http://mdb-release.diadeis.lan/MediaboxIndependence/Base/ExecAction?IDSession=MBI%21RELTESTAUTO_SEPHORA%21NYH8O32GMDQBUM46B0EJRZ8HEV3A57NSQ9X6H37Q&default_action=AfficheFichesProjet&id_project=MI001946'

2022-06-09 21:15:33 - [MESSAGE][PASSED] - Delayed 5 second(s)

2022-06-09 21:15:33 - [MESSAGE][PASSED] - Current window's url is: 'http://mdb-release.diadeis.lan/MediaboxIndependence/Base/ExecAction?IDSession=MBI%21RELTESTAUTO_SEPHORA%21NYH8O32GMDQBUM46B0EJRZ8HEV3A57NSQ9X6H37Q&default_action=AfficheFichesProjet&id_project=MI001946'

2022-06-09 21:15:33 - [TEST_STEP][PASSED] - takeScreenshot(): Taking screenshot successfully

2022-06-09 21:15:35 - [MESSAGE][PASSED] - Taking screenshot successfully
[[ATTACHMENT|D:\\Projet Test Auto\\Mediabox Test Automation\\Reports\\20220609_181011\\03. Parallel Testing (Testing)\\TS -PT PART 3\\15.01 Sephora Duplication Standard\\20220609_181114\\1654802134225.png]]

2022-06-09 21:15:35 - [TEST_STEP][PASSED] - verifyNotMatch(Project_No, Project_No2, false): Actual text 'MI001945' and expected text 'MI001946' are not matched 

2022-06-09 21:15:35 - [MESSAGE][PASSED] - Actual text 'MI001945' and expected text 'MI001946' are not matched 

2022-06-09 21:15:35 - [TEST_STEP][PASSED] - I.VerifyMatchText("//*[@id="kt_content"]/div[3]/div/div[2]/div[1]/div[1]/h1/span", "2"): Actual text '2' and expected text '2' are matched 

2022-06-09 21:15:36 - [MESSAGE][PASSED] - Text of object 'Object Repository/1. Constant/xpath' is: '2'

2022-06-09 21:15:37 - [MESSAGE][PASSED] - Delayed 1 second(s)

2022-06-09 21:15:37 - [MESSAGE][PASSED] - Actual text '2' and expected text '2' are matched 

2022-06-09 21:15:37 - [TEST_STEP][PASSED] - I.VerifyMatchText("/html/body/div[1]/div[2]/div[4]/div[3]/div/div[2]/div[2]/div[1]/table/tbody/tr[1]/td[5]/a", "Copy 1 of Component_" + ref_name1): Actual text 'Copy 1 of Component_TC20_Sephora_Duplication_d5gNF_juin092022_210743' and expected text 'Copy 1 of Component_TC20_Sephora_Duplication_d5gNF_juin092022_210743' are matched 

2022-06-09 21:15:39 - [MESSAGE][PASSED] - Text of object 'Object Repository/1. Constant/xpath' is: 'Copy 1 of Component_TC20_Sephora_Duplication_d5gNF_juin092022_210743'

2022-06-09 21:15:40 - [MESSAGE][PASSED] - Delayed 1 second(s)

2022-06-09 21:15:40 - [MESSAGE][PASSED] - Actual text 'Copy 1 of Component_TC20_Sephora_Duplication_d5gNF_juin092022_210743' and expected text 'Copy 1 of Component_TC20_Sephora_Duplication_d5gNF_juin092022_210743' are matched 

2022-06-09 21:15:40 - [TEST_STEP][PASSED] - I.VerifyMatchText("/html/body/div[1]/div[2]/div[4]/div[3]/div/div[2]/div[2]/div[1]/table/tbody/tr[2]/td[5]/a", "Copy 2 of Component_" + ref_name1): Actual text 'Copy 2 of Component_TC20_Sephora_Duplication_d5gNF_juin092022_210743' and expected text 'Copy 2 of Component_TC20_Sephora_Duplication_d5gNF_juin092022_210743' are matched 

2022-06-09 21:15:40 - [MESSAGE][PASSED] - Text of object 'Object Repository/1. Constant/xpath' is: 'Copy 2 of Component_TC20_Sephora_Duplication_d5gNF_juin092022_210743'

2022-06-09 21:15:41 - [MESSAGE][PASSED] - Delayed 1 second(s)

2022-06-09 21:15:41 - [MESSAGE][PASSED] - Actual text 'Copy 2 of Component_TC20_Sephora_Duplication_d5gNF_juin092022_210743' and expected text 'Copy 2 of Component_TC20_Sephora_Duplication_d5gNF_juin092022_210743' are matched 

2022-06-09 21:15:41 - [TEST_STEP][PASSED] - click(findTestObject("1. Constant/xpath", ["xpath":"/html/body/div[1]/div[2]/div[4]/div[3]/div/div[2]/div[2]/div[1]/table/tbody/tr[1]/td[5]/a"])): Object: 'Object Repository/1. Constant/xpath' is clicked on

2022-06-09 21:15:49 - [MESSAGE][PASSED] - Object: 'Object Repository/1. Constant/xpath' is clicked on

2022-06-09 21:15:49 - [TEST_STEP][PASSED] - delay(1): Delayed 1 second(s)

2022-06-09 21:15:50 - [MESSAGE][PASSED] - Delayed 1 second(s)

2022-06-09 21:15:50 - [TEST_STEP][PASSED] - refid2 = I.RefID(): Current window's url is: 'http://mdb-release.diadeis.lan/MediaboxIndependence/Base/ExecAction?action=VoirRef&IDSession=MBI!RELTESTAUTO_SEPHORA!NYH8O32GMDQBUM46B0EJRZ8HEV3A57NSQ9X6H37Q&num=VT006Z30J4&id_ref=4994'

2022-06-09 21:15:55 - [MESSAGE][PASSED] - Delayed 5 second(s)

2022-06-09 21:15:55 - [MESSAGE][PASSED] - Current window's url is: 'http://mdb-release.diadeis.lan/MediaboxIndependence/Base/ExecAction?action=VoirRef&IDSession=MBI!RELTESTAUTO_SEPHORA!NYH8O32GMDQBUM46B0EJRZ8HEV3A57NSQ9X6H37Q&num=VT006Z30J4&id_ref=4994'

2022-06-09 21:15:55 - [TEST_STEP][PASSED] - I.print(refid2): null

2022-06-09 21:15:55 - [TEST_STEP][PASSED] - verifyElementClickable(findTestObject("1. Constant/xpath", ["xpath":"//*[@id="btn_view_ref_parent"]"])): Object 'Object Repository/1. Constant/xpath' is clickable

2022-06-09 21:15:55 - [MESSAGE][PASSED] - Object 'Object Repository/1. Constant/xpath' is clickable

2022-06-09 21:15:55 - [TEST_STEP][PASSED] - takeScreenshot(): Taking screenshot successfully

2022-06-09 21:15:56 - [MESSAGE][PASSED] - Taking screenshot successfully
[[ATTACHMENT|D:\\Projet Test Auto\\Mediabox Test Automation\\Reports\\20220609_181011\\03. Parallel Testing (Testing)\\TS -PT PART 3\\15.01 Sephora Duplication Standard\\20220609_181114\\1654802155961.png]]

2022-06-09 21:15:56 - [TEST_STEP][PASSED] - I.VerifyMatchText("//*[@id="var_152"]", "Complete"): Actual text 'Complete' and expected text 'Complete' are matched 

2022-06-09 21:15:56 - [MESSAGE][PASSED] - Text of object 'Object Repository/1. Constant/xpath' is: 'Complete'

2022-06-09 21:15:57 - [MESSAGE][PASSED] - Delayed 1 second(s)

2022-06-09 21:15:57 - [MESSAGE][PASSED] - Actual text 'Complete' and expected text 'Complete' are matched 

2022-06-09 21:15:57 - [TEST_STEP][PASSED] - I.VerifyMatchText("//*[@id="var_50"]", "Primaire"): Actual text 'Primaire' and expected text 'Primaire' are matched 

2022-06-09 21:15:57 - [MESSAGE][PASSED] - Text of object 'Object Repository/1. Constant/xpath' is: 'Primaire'

2022-06-09 21:15:58 - [MESSAGE][PASSED] - Delayed 1 second(s)

2022-06-09 21:15:58 - [MESSAGE][PASSED] - Actual text 'Primaire' and expected text 'Primaire' are matched 

2022-06-09 21:15:58 - [TEST_STEP][PASSED] - I.VerifyMatchText("//*[@id="var_49"]", "Etui"): Actual text 'Etui' and expected text 'Etui' are matched 

2022-06-09 21:15:58 - [MESSAGE][PASSED] - Text of object 'Object Repository/1. Constant/xpath' is: 'Etui'

2022-06-09 21:15:59 - [MESSAGE][PASSED] - Delayed 1 second(s)

2022-06-09 21:15:59 - [MESSAGE][PASSED] - Actual text 'Etui' and expected text 'Etui' are matched 

2022-06-09 21:15:59 - [TEST_STEP][PASSED] - click(findTestObject("1. Constant/xpath", ["xpath":"//*[@id="kt_subheader"]/div/nav/ol/li[2]/a"])): Object: 'Object Repository/1. Constant/xpath' is clicked on

2022-06-09 21:16:03 - [MESSAGE][PASSED] - Object: 'Object Repository/1. Constant/xpath' is clicked on

2022-06-09 21:16:03 - [TEST_STEP][PASSED] - takeScreenshot(): Taking screenshot successfully

2022-06-09 21:16:03 - [MESSAGE][PASSED] - Taking screenshot successfully
[[ATTACHMENT|D:\\Projet Test Auto\\Mediabox Test Automation\\Reports\\20220609_181011\\03. Parallel Testing (Testing)\\TS -PT PART 3\\15.01 Sephora Duplication Standard\\20220609_181114\\1654802163157.png]]

2022-06-09 21:16:03 - [TEST_STEP][PASSED] - click(findTestObject("1. Constant/xpath", ["xpath":"/html/body/div[1]/div[2]/div[4]/div[3]/div/div[2]/div[2]/div[1]/table/tbody/tr[1]/td[5]/a"])): Object: 'Object Repository/1. Constant/xpath' is clicked on

2022-06-09 21:16:06 - [MESSAGE][PASSED] - Object: 'Object Repository/1. Constant/xpath' is clicked on

2022-06-09 21:16:06 - [TEST_STEP][PASSED] - refid3 = I.RefID(): Current window's url is: 'http://mdb-release.diadeis.lan/MediaboxIndependence/Base/ExecAction?action=VoirRef&IDSession=MBI!RELTESTAUTO_SEPHORA!NYH8O32GMDQBUM46B0EJRZ8HEV3A57NSQ9X6H37Q&num=BITZY03J4H&id_ref=4994'

2022-06-09 21:16:11 - [MESSAGE][PASSED] - Delayed 5 second(s)

2022-06-09 21:16:11 - [MESSAGE][PASSED] - Current window's url is: 'http://mdb-release.diadeis.lan/MediaboxIndependence/Base/ExecAction?action=VoirRef&IDSession=MBI!RELTESTAUTO_SEPHORA!NYH8O32GMDQBUM46B0EJRZ8HEV3A57NSQ9X6H37Q&num=BITZY03J4H&id_ref=4994'

2022-06-09 21:16:11 - [TEST_STEP][PASSED] - I.print(refid3): null

2022-06-09 21:16:11 - [TEST_STEP][PASSED] - verifyElementClickable(findTestObject("1. Constant/xpath", ["xpath":"//*[@id="btn_view_ref_parent"]"])): Object 'Object Repository/1. Constant/xpath' is clickable

2022-06-09 21:16:11 - [MESSAGE][PASSED] - Object 'Object Repository/1. Constant/xpath' is clickable

2022-06-09 21:16:11 - [TEST_STEP][PASSED] - takeScreenshot(): Taking screenshot successfully

2022-06-09 21:16:11 - [MESSAGE][PASSED] - Taking screenshot successfully
[[ATTACHMENT|D:\\Projet Test Auto\\Mediabox Test Automation\\Reports\\20220609_181011\\03. Parallel Testing (Testing)\\TS -PT PART 3\\15.01 Sephora Duplication Standard\\20220609_181114\\1654802171148.png]]

2022-06-09 21:16:11 - [TEST_STEP][PASSED] - I.VerifyMatchText("//*[@id="var_152"]", "Complete"): Actual text 'Complete' and expected text 'Complete' are matched 

2022-06-09 21:16:11 - [MESSAGE][PASSED] - Text of object 'Object Repository/1. Constant/xpath' is: 'Complete'

2022-06-09 21:16:12 - [MESSAGE][PASSED] - Delayed 1 second(s)

2022-06-09 21:16:12 - [MESSAGE][PASSED] - Actual text 'Complete' and expected text 'Complete' are matched 

2022-06-09 21:16:12 - [TEST_STEP][PASSED] - I.VerifyMatchText("//*[@id="var_50"]", "Primaire"): Actual text 'Primaire' and expected text 'Primaire' are matched 

2022-06-09 21:16:12 - [MESSAGE][PASSED] - Text of object 'Object Repository/1. Constant/xpath' is: 'Primaire'

2022-06-09 21:16:13 - [MESSAGE][PASSED] - Delayed 1 second(s)

2022-06-09 21:16:13 - [MESSAGE][PASSED] - Actual text 'Primaire' and expected text 'Primaire' are matched 

2022-06-09 21:16:13 - [TEST_STEP][PASSED] - I.VerifyMatchText("//*[@id="var_49"]", "Etui"): Actual text 'Etui' and expected text 'Etui' are matched 

2022-06-09 21:16:14 - [MESSAGE][PASSED] - Text of object 'Object Repository/1. Constant/xpath' is: 'Etui'

2022-06-09 21:16:15 - [MESSAGE][PASSED] - Delayed 1 second(s)

2022-06-09 21:16:15 - [MESSAGE][PASSED] - Actual text 'Etui' and expected text 'Etui' are matched 

2022-06-09 21:16:15 - [TEST_STEP][PASSED] - click(findTestObject("1. Constant/xpath", ["xpath":"//*[@id="card_project"]/div[2]/div/div[3]/a[3]"])): Object: 'Object Repository/1. Constant/xpath' is clicked on

2022-06-09 21:16:17 - [MESSAGE][PASSED] - Object: 'Object Repository/1. Constant/xpath' is clicked on

2022-06-09 21:16:17 - [TEST_STEP][PASSED] - delay(2): Delayed 2 second(s)

2022-06-09 21:16:19 - [MESSAGE][PASSED] - Delayed 2 second(s)

2022-06-09 21:16:19 - [TEST_STEP][PASSED] - I.VerifyMatchText("//*[@id="var_27"]", "12345"): Actual text '12345' and expected text '12345' are matched 

2022-06-09 21:16:20 - [MESSAGE][PASSED] - Text of object 'Object Repository/1. Constant/xpath' is: '12345'

2022-06-09 21:16:21 - [MESSAGE][PASSED] - Delayed 1 second(s)

2022-06-09 21:16:21 - [MESSAGE][PASSED] - Actual text '12345' and expected text '12345' are matched 

2022-06-09 21:16:21 - [TEST_STEP][PASSED] - I.VerifyMatchText("//*[@id="var_28"]", "Hair"): Actual text 'Hair' and expected text 'Hair' are matched 

2022-06-09 21:16:22 - [MESSAGE][PASSED] - Text of object 'Object Repository/1. Constant/xpath' is: 'Hair'

2022-06-09 21:16:23 - [MESSAGE][PASSED] - Delayed 1 second(s)

2022-06-09 21:16:23 - [MESSAGE][PASSED] - Actual text 'Hair' and expected text 'Hair' are matched 

2022-06-09 21:16:23 - [TEST_STEP][PASSED] - I.VerifyMatchText("//*[@id="var_29"]", "BATH BODY"): Actual text 'BATH BODY' and expected text 'BATH BODY' are matched 

2022-06-09 21:16:23 - [MESSAGE][PASSED] - Text of object 'Object Repository/1. Constant/xpath' is: 'BATH BODY'

2022-06-09 21:16:24 - [MESSAGE][PASSED] - Delayed 1 second(s)

2022-06-09 21:16:24 - [MESSAGE][PASSED] - Actual text 'BATH BODY' and expected text 'BATH BODY' are matched 

2022-06-09 21:16:24 - [TEST_STEP][PASSED] - I.VerifyMatchText("//*[@id="var_31"]", "One Shot"): Actual text 'One Shot' and expected text 'One Shot' are matched 

2022-06-09 21:16:24 - [MESSAGE][PASSED] - Text of object 'Object Repository/1. Constant/xpath' is: 'One Shot'

2022-06-09 21:16:25 - [MESSAGE][PASSED] - Delayed 1 second(s)

2022-06-09 21:16:25 - [MESSAGE][PASSED] - Actual text 'One Shot' and expected text 'One Shot' are matched 

2022-06-09 21:16:25 - [TEST_STEP][PASSED] - I.VerifyMatchText("//*[@id="var_32"]", "Europe"): Actual text 'Europe' and expected text 'Europe' are matched 

2022-06-09 21:16:25 - [MESSAGE][PASSED] - Text of object 'Object Repository/1. Constant/xpath' is: 'Europe'

2022-06-09 21:16:26 - [MESSAGE][PASSED] - Delayed 1 second(s)

2022-06-09 21:16:26 - [MESSAGE][PASSED] - Actual text 'Europe' and expected text 'Europe' are matched 

2022-06-09 21:16:26 - [TEST_STEP][PASSED] - I.VerifyMatchText("//*[@id="var_34"]", "Fall"): Actual text 'Fall' and expected text 'Fall' are matched 

2022-06-09 21:16:26 - [MESSAGE][PASSED] - Text of object 'Object Repository/1. Constant/xpath' is: 'Fall'

2022-06-09 21:16:27 - [MESSAGE][PASSED] - Delayed 1 second(s)

2022-06-09 21:16:27 - [MESSAGE][PASSED] - Actual text 'Fall' and expected text 'Fall' are matched 

2022-06-09 21:16:27 - [TEST_STEP][PASSED] - I.VerifyMatchText("//*[@id="var_35"]", "2021"): Actual text '2021' and expected text '2021' are matched 

2022-06-09 21:16:27 - [MESSAGE][PASSED] - Text of object 'Object Repository/1. Constant/xpath' is: '2021'

2022-06-09 21:16:28 - [MESSAGE][PASSED] - Delayed 1 second(s)

2022-06-09 21:16:28 - [MESSAGE][PASSED] - Actual text '2021' and expected text '2021' are matched 

2022-06-09 21:16:28 - [TEST_STEP][PASSED] - I.VerifyMatchText("//*[@id="var_23"]", "Aurelie Tran"): Actual text 'Aurelie Tran' and expected text 'Aurelie Tran' are matched 

2022-06-09 21:16:29 - [MESSAGE][PASSED] - Text of object 'Object Repository/1. Constant/xpath' is: 'Aurelie Tran'

2022-06-09 21:16:30 - [MESSAGE][PASSED] - Delayed 1 second(s)

2022-06-09 21:16:30 - [MESSAGE][PASSED] - Actual text 'Aurelie Tran' and expected text 'Aurelie Tran' are matched 

2022-06-09 21:16:30 - [TEST_STEP][PASSED] - I.VerifyMatchText("//*[@id="var_22"]", ""): Actual text '' and expected text '' are matched 

2022-06-09 21:16:31 - [MESSAGE][PASSED] - Text of object 'Object Repository/1. Constant/xpath' is: ''

2022-06-09 21:16:32 - [MESSAGE][PASSED] - Delayed 1 second(s)

2022-06-09 21:16:32 - [MESSAGE][PASSED] - Actual text '' and expected text '' are matched 

2022-06-09 21:16:32 - [TEST_STEP][PASSED] - I.Logout(): Delayed 3 second(s)

2022-06-09 21:16:35 - [MESSAGE][PASSED] - Delayed 3 second(s)

2022-06-09 21:16:36 - [MESSAGE][PASSED] - Object: 'Object Repository/1. Constant/xpath' is clicked on

2022-06-09 21:16:39 - [MESSAGE][PASSED] - Delayed 3 second(s)

2022-06-09 21:16:44 - [MESSAGE][PASSED] - Object: 'Object Repository/1. Constant/xpath' is clicked on

2022-06-09 21:16:47 - [MESSAGE][PASSED] - Delayed 3 second(s)

2022-06-09 21:16:47 - [TEST_STEP][PASSED] - I.Login_password("atran", password_atran): Object: 'Object Repository/1. Constant/xpath' is clicked on

2022-06-09 21:16:47 - [MESSAGE][PASSED] - Text 'atran' is set on object 'Object Repository/1. Constant/xpath'

2022-06-09 21:16:48 - [MESSAGE][PASSED] - Delayed 1 second(s)

2022-06-09 21:16:48 - [MESSAGE][PASSED] - Text 'dchi3' is set on object 'Object Repository/1. Constant/xpath'

2022-06-09 21:16:49 - [MESSAGE][PASSED] - Delayed 1 second(s)

2022-06-09 21:16:52 - [MESSAGE][PASSED] - Object: 'Object Repository/1. Constant/xpath' is clicked on

2022-06-09 21:16:52 - [TEST_STEP][PASSED] - task_atran_af_2 = I.Get_Task_No("//*[@id="kt_header"]/div/div[2]/div[1]/div[1]/span"): Text of object 'Object Repository/1. Constant/xpath' is: '51'

2022-06-09 21:16:52 - [MESSAGE][PASSED] - Text of object 'Object Repository/1. Constant/xpath' is: '51'

2022-06-09 21:16:52 - [TEST_STEP][PASSED] - verifyEqual(task_atran_af_2, task_atran_b4_1 + 2): Actual object '51' and expected object '51' are equal

2022-06-09 21:16:52 - [MESSAGE][PASSED] - Actual object '51' and expected object '51' are equal

2022-06-09 21:16:52 - [TEST_STEP][PASSED] - click(findTestObject("1. Constant/02_LHSMenu_Projects")): Object: 'Object Repository/1. Constant/02_LHSMenu_Projects' is clicked on

2022-06-09 21:16:57 - [MESSAGE][PASSED] - Object: 'Object Repository/1. Constant/02_LHSMenu_Projects' is clicked on

2022-06-09 21:16:57 - [TEST_STEP][PASSED] - I.SearchProjectNo_xpath(Project_No2, "//*[@id="keynum_project"]", "//*[@id="form_filters"]/div[4]/button"): Delayed 5 second(s)

2022-06-09 21:16:58 - [MESSAGE][PASSED] - Delayed 1 second(s)

2022-06-09 21:16:59 - [MESSAGE][PASSED] - Text 'MI001946' is set on object 'Object Repository/1. Constant/xpath'

2022-06-09 21:17:02 - [MESSAGE][PASSED] - Delayed 3 second(s)

2022-06-09 21:17:03 - [MESSAGE][PASSED] - Scroll to object 'Object Repository/1. Constant/xpath' successfully

2022-06-09 21:17:04 - [MESSAGE][PASSED] - Object: 'Object Repository/1. Constant/xpath' is clicked on

2022-06-09 21:17:09 - [MESSAGE][PASSED] - Delayed 5 second(s)

2022-06-09 21:17:09 - [TEST_STEP][PASSED] - delay(1): Delayed 1 second(s)

2022-06-09 21:17:10 - [MESSAGE][PASSED] - Delayed 1 second(s)

2022-06-09 21:17:10 - [TEST_STEP][PASSED] - click(findTestObject("1. Constant/xpath", ["xpath":"//*[@id="source_" + refid2 + ""]/td[4]/a"])): Object: 'Object Repository/1. Constant/xpath' is clicked on

2022-06-09 21:17:12 - [MESSAGE][PASSED] - Object: 'Object Repository/1. Constant/xpath' is clicked on

2022-06-09 21:17:12 - [TEST_STEP][PASSED] - delay(1): Delayed 1 second(s)

2022-06-09 21:17:13 - [MESSAGE][PASSED] - Delayed 1 second(s)

2022-06-09 21:17:13 - [TEST_STEP][PASSED] - takeScreenshot(): Taking screenshot successfully

2022-06-09 21:17:14 - [MESSAGE][PASSED] - Taking screenshot successfully
[[ATTACHMENT|D:\\Projet Test Auto\\Mediabox Test Automation\\Reports\\20220609_181011\\03. Parallel Testing (Testing)\\TS -PT PART 3\\15.01 Sephora Duplication Standard\\20220609_181114\\1654802234014.png]]

2022-06-09 21:17:14 - [TEST_STEP][PASSED] - click(findTestObject("1. Constant/xpath", ["xpath":"//*[@id="btn_view_ref_parent"]"])): Object: 'Object Repository/1. Constant/xpath' is clicked on

2022-06-09 21:17:21 - [MESSAGE][PASSED] - Object: 'Object Repository/1. Constant/xpath' is clicked on

2022-06-09 21:17:21 - [TEST_STEP][PASSED] - takeScreenshot(): Taking screenshot successfully

2022-06-09 21:17:22 - [MESSAGE][PASSED] - Taking screenshot successfully
[[ATTACHMENT|D:\\Projet Test Auto\\Mediabox Test Automation\\Reports\\20220609_181011\\03. Parallel Testing (Testing)\\TS -PT PART 3\\15.01 Sephora Duplication Standard\\20220609_181114\\1654802241999.png]]

2022-06-09 21:17:22 - [TEST_STEP][PASSED] - delay(1): Delayed 1 second(s)

2022-06-09 21:17:23 - [MESSAGE][PASSED] - Delayed 1 second(s)

2022-06-09 21:17:23 - [TEST_STEP][PASSED] - refid4 = I.RefID(): Current window's url is: 'http://mdb-release.diadeis.lan/MediaboxIndependence/Base/ExecAction?action=VoirRef&IDSession=MBI!RELTESTAUTO_SEPHORA!T3KYO97UCRBJQXBB03XWRDTKMYEYL7VGUREO25TO&num=4UNJEHS7X6&id_ref=4993'

2022-06-09 21:17:28 - [MESSAGE][PASSED] - Delayed 5 second(s)

2022-06-09 21:17:28 - [MESSAGE][PASSED] - Current window's url is: 'http://mdb-release.diadeis.lan/MediaboxIndependence/Base/ExecAction?action=VoirRef&IDSession=MBI!RELTESTAUTO_SEPHORA!T3KYO97UCRBJQXBB03XWRDTKMYEYL7VGUREO25TO&num=4UNJEHS7X6&id_ref=4993'

2022-06-09 21:17:28 - [TEST_STEP][PASSED] - verifyMatch(refid4, refID, false): Actual text '4993' and expected text '4993' are matched 

2022-06-09 21:17:28 - [MESSAGE][PASSED] - Actual text '4993' and expected text '4993' are matched 

2022-06-09 21:17:28 - [TEST_STEP][PASSED] - click(findTestObject("1. Constant/xpath", ["xpath":"//*[@id="kt_subheader"]/div/nav/ol/li[1]/a"])): Object: 'Object Repository/1. Constant/xpath' is clicked on

2022-06-09 21:17:31 - [MESSAGE][PASSED] - Object: 'Object Repository/1. Constant/xpath' is clicked on

2022-06-09 21:17:31 - [TEST_STEP][PASSED] - I.SearchProjectNo_xpath(Project_No2, "//*[@id="keynum_project"]", "//*[@id="form_filters"]/div[4]/button"): Delayed 5 second(s)

2022-06-09 21:17:32 - [MESSAGE][PASSED] - Delayed 1 second(s)

2022-06-09 21:17:32 - [MESSAGE][PASSED] - Text 'MI001946' is set on object 'Object Repository/1. Constant/xpath'

2022-06-09 21:17:35 - [MESSAGE][PASSED] - Delayed 3 second(s)

2022-06-09 21:17:36 - [MESSAGE][PASSED] - Scroll to object 'Object Repository/1. Constant/xpath' successfully

2022-06-09 21:17:40 - [MESSAGE][PASSED] - Object: 'Object Repository/1. Constant/xpath' is clicked on

2022-06-09 21:17:45 - [MESSAGE][PASSED] - Delayed 5 second(s)

2022-06-09 21:17:45 - [TEST_STEP][PASSED] - delay(1): Delayed 1 second(s)

2022-06-09 21:17:46 - [MESSAGE][PASSED] - Delayed 1 second(s)

2022-06-09 21:17:46 - [TEST_STEP][PASSED] - click(findTestObject("1. Constant/xpath", ["xpath":"//*[@id="source_" + refid3 + ""]/td[4]/a"])): Object: 'Object Repository/1. Constant/xpath' is clicked on

2022-06-09 21:17:48 - [MESSAGE][PASSED] - Object: 'Object Repository/1. Constant/xpath' is clicked on

2022-06-09 21:17:48 - [TEST_STEP][PASSED] - delay(1): Delayed 1 second(s)

2022-06-09 21:17:49 - [MESSAGE][PASSED] - Delayed 1 second(s)

2022-06-09 21:17:49 - [TEST_STEP][PASSED] - takeScreenshot(): Taking screenshot successfully

2022-06-09 21:17:49 - [MESSAGE][PASSED] - Taking screenshot successfully
[[ATTACHMENT|D:\\Projet Test Auto\\Mediabox Test Automation\\Reports\\20220609_181011\\03. Parallel Testing (Testing)\\TS -PT PART 3\\15.01 Sephora Duplication Standard\\20220609_181114\\1654802269053.png]]

2022-06-09 21:17:49 - [TEST_STEP][PASSED] - click(findTestObject("1. Constant/xpath", ["xpath":"//*[@id="btn_view_ref_parent"]"])): Object: 'Object Repository/1. Constant/xpath' is clicked on

2022-06-09 21:17:51 - [MESSAGE][PASSED] - Object: 'Object Repository/1. Constant/xpath' is clicked on

2022-06-09 21:17:51 - [TEST_STEP][PASSED] - takeScreenshot(): Taking screenshot successfully

2022-06-09 21:17:51 - [MESSAGE][PASSED] - Taking screenshot successfully
[[ATTACHMENT|D:\\Projet Test Auto\\Mediabox Test Automation\\Reports\\20220609_181011\\03. Parallel Testing (Testing)\\TS -PT PART 3\\15.01 Sephora Duplication Standard\\20220609_181114\\1654802271238.png]]

2022-06-09 21:17:51 - [TEST_STEP][PASSED] - delay(1): Delayed 1 second(s)

2022-06-09 21:17:52 - [MESSAGE][PASSED] - Delayed 1 second(s)

2022-06-09 21:17:52 - [TEST_STEP][PASSED] - refid5 = I.RefID(): Current window's url is: 'http://mdb-release.diadeis.lan/MediaboxIndependence/Base/ExecAction?action=VoirRef&IDSession=MBI!RELTESTAUTO_SEPHORA!T3KYO97UCRBJQXBB03XWRDTKMYEYL7VGUREO25TO&num=ZKMA8FSBJS&id_ref=4993'

2022-06-09 21:17:57 - [MESSAGE][PASSED] - Delayed 5 second(s)

2022-06-09 21:17:57 - [MESSAGE][PASSED] - Current window's url is: 'http://mdb-release.diadeis.lan/MediaboxIndependence/Base/ExecAction?action=VoirRef&IDSession=MBI!RELTESTAUTO_SEPHORA!T3KYO97UCRBJQXBB03XWRDTKMYEYL7VGUREO25TO&num=ZKMA8FSBJS&id_ref=4993'

2022-06-09 21:17:57 - [TEST_STEP][PASSED] - verifyMatch(refid5, refID, false): Actual text '4993' and expected text '4993' are matched 

2022-06-09 21:17:57 - [MESSAGE][PASSED] - Actual text '4993' and expected text '4993' are matched 

2022-06-09 21:17:57 - [TEST_STEP][PASSED] - click(findTestObject("1. Constant/xpath", ["xpath":"//*[@id="kt_subheader"]/div/nav/ol/li[1]/a"])): Object: 'Object Repository/1. Constant/xpath' is clicked on

2022-06-09 21:18:00 - [MESSAGE][PASSED] - Object: 'Object Repository/1. Constant/xpath' is clicked on

2022-06-09 21:18:00 - [TEST_STEP][PASSED] - delay(1): Delayed 1 second(s)

2022-06-09 21:18:01 - [MESSAGE][PASSED] - Delayed 1 second(s)

2022-06-09 21:18:01 - [TEST_STEP][PASSED] - I.SearchProjectNo_xpath(Project_No2, "//*[@id="keynum_project"]", "//*[@id="form_filters"]/div[4]/button"): Delayed 5 second(s)

2022-06-09 21:18:02 - [MESSAGE][PASSED] - Delayed 1 second(s)

2022-06-09 21:18:02 - [MESSAGE][PASSED] - Text 'MI001946' is set on object 'Object Repository/1. Constant/xpath'

2022-06-09 21:18:05 - [MESSAGE][PASSED] - Delayed 3 second(s)

2022-06-09 21:18:05 - [MESSAGE][PASSED] - Scroll to object 'Object Repository/1. Constant/xpath' successfully

2022-06-09 21:18:09 - [MESSAGE][PASSED] - Object: 'Object Repository/1. Constant/xpath' is clicked on

2022-06-09 21:18:14 - [MESSAGE][PASSED] - Delayed 5 second(s)

2022-06-09 21:18:14 - [TEST_STEP][PASSED] - delay(1): Delayed 1 second(s)

2022-06-09 21:18:15 - [MESSAGE][PASSED] - Delayed 1 second(s)

2022-06-09 21:18:15 - [TEST_STEP][PASSED] - I.superedit_ref(findTestObject("1. Constant/xpath", ["xpath":"//*[@id="source_" + refid2 + ""]/td[7]/div/button"]), findTestObject("1. Constant/xpath", ["xpath":"//*[@id="source_" + refid2 + ""]/td[7]/div/div/a[4]"])): Object: 'Object Repository/1. Constant/xpath' is clicked on

2022-06-09 21:18:15 - [MESSAGE][PASSED] - Object: 'Object Repository/1. Constant/xpath' is clicked on

2022-06-09 21:18:18 - [MESSAGE][PASSED] - Delayed 3 second(s)

2022-06-09 21:18:21 - [MESSAGE][PASSED] - Object: 'Object Repository/1. Constant/xpath' is clicked on

2022-06-09 21:18:21 - [TEST_STEP][PASSED] - takeScreenshot(): Taking screenshot successfully

2022-06-09 21:18:21 - [MESSAGE][PASSED] - Taking screenshot successfully
[[ATTACHMENT|D:\\Projet Test Auto\\Mediabox Test Automation\\Reports\\20220609_181011\\03. Parallel Testing (Testing)\\TS -PT PART 3\\15.01 Sephora Duplication Standard\\20220609_181114\\1654802301167.png]]

2022-06-09 21:18:21 - [TEST_STEP][PASSED] - setText(findTestObject("1. Constant/xpath", ["xpath":"//*[@id="var_146"]"]), "Super edit component code - atran"): Text 'Super edit component code - atran' is set on object 'Object Repository/1. Constant/xpath'

2022-06-09 21:18:22 - [MESSAGE][PASSED] - Text 'Super edit component code - atran' is set on object 'Object Repository/1. Constant/xpath'

2022-06-09 21:18:22 - [TEST_STEP][PASSED] - click(findTestObject("1. Constant/xpath", ["xpath":"//*[@id="ModifFiche"]/div[1]/div/button"])): Object: 'Object Repository/1. Constant/xpath' is clicked on

2022-06-09 21:18:28 - [MESSAGE][PASSED] - Object: 'Object Repository/1. Constant/xpath' is clicked on

2022-06-09 21:18:28 - [TEST_STEP][PASSED] - delay(1): Delayed 1 second(s)

2022-06-09 21:18:29 - [MESSAGE][PASSED] - Delayed 1 second(s)

2022-06-09 21:18:29 - [TEST_STEP][PASSED] - takeScreenshot(): Taking screenshot successfully

2022-06-09 21:18:29 - [MESSAGE][PASSED] - Taking screenshot successfully
[[ATTACHMENT|D:\\Projet Test Auto\\Mediabox Test Automation\\Reports\\20220609_181011\\03. Parallel Testing (Testing)\\TS -PT PART 3\\15.01 Sephora Duplication Standard\\20220609_181114\\1654802309515.png]]

2022-06-09 21:18:29 - [TEST_STEP][PASSED] - click(findTestObject("1. Constant/xpath", ["xpath":"//*[@id="source_" + refid2 + ""]/td[7]/a"])): Object: 'Object Repository/1. Constant/xpath' is clicked on

2022-06-09 21:18:32 - [MESSAGE][PASSED] - Object: 'Object Repository/1. Constant/xpath' is clicked on

2022-06-09 21:18:32 - [TEST_STEP][PASSED] - delay(1): Delayed 1 second(s)

2022-06-09 21:18:33 - [MESSAGE][PASSED] - Delayed 1 second(s)

2022-06-09 21:18:33 - [TEST_STEP][PASSED] - DCC = getAttribute(findTestObject("1. Constant/xpath", ["xpath":"//*[@id="select2-var_152-container"]"]), "title"): Attribute 'title' of object 'Object Repository/1. Constant/xpath' is: 'Complete'

2022-06-09 21:18:33 - [MESSAGE][PASSED] - Attribute 'title' of object 'Object Repository/1. Constant/xpath' is: 'Complete'

2022-06-09 21:18:33 - [TEST_STEP][PASSED] - verifyMatch(DCC, "Complete", false): Actual text 'Complete' and expected text 'Complete' are matched 

2022-06-09 21:18:33 - [MESSAGE][PASSED] - Actual text 'Complete' and expected text 'Complete' are matched 

2022-06-09 21:18:33 - [TEST_STEP][PASSED] - PT = getAttribute(findTestObject("1. Constant/xpath", ["xpath":"//*[@id="select2-var_50-container"]"]), "title"): Attribute 'title' of object 'Object Repository/1. Constant/xpath' is: 'Primaire'

2022-06-09 21:18:34 - [MESSAGE][PASSED] - Attribute 'title' of object 'Object Repository/1. Constant/xpath' is: 'Primaire'

2022-06-09 21:18:34 - [TEST_STEP][PASSED] - verifyMatch(PT, "Primaire", false): Actual text 'Primaire' and expected text 'Primaire' are matched 

2022-06-09 21:18:34 - [MESSAGE][PASSED] - Actual text 'Primaire' and expected text 'Primaire' are matched 

2022-06-09 21:18:34 - [TEST_STEP][PASSED] - CT = getAttribute(findTestObject("1. Constant/xpath", ["xpath":"//*[@id="select2-var_49-container"]"]), "title"): Attribute 'title' of object 'Object Repository/1. Constant/xpath' is: 'Etui'

2022-06-09 21:18:34 - [MESSAGE][PASSED] - Attribute 'title' of object 'Object Repository/1. Constant/xpath' is: 'Etui'

2022-06-09 21:18:34 - [TEST_STEP][PASSED] - verifyMatch(CT, "Etui", false): Actual text 'Etui' and expected text 'Etui' are matched 

2022-06-09 21:18:34 - [MESSAGE][PASSED] - Actual text 'Etui' and expected text 'Etui' are matched 

2022-06-09 21:18:34 - [TEST_STEP][PASSED] - CC = getAttribute(findTestObject("1. Constant/xpath", ["xpath":"//*[@id="var_146"]"]), "value"): Attribute 'value' of object 'Object Repository/1. Constant/xpath' is: 'Super edit component code - atran'

2022-06-09 21:18:34 - [MESSAGE][PASSED] - Attribute 'value' of object 'Object Repository/1. Constant/xpath' is: 'Super edit component code - atran'

2022-06-09 21:18:34 - [TEST_STEP][PASSED] - verifyMatch(CC, "Super edit component code - atran", false): Actual text 'Super edit component code - atran' and expected text 'Super edit component code - atran' are matched 

2022-06-09 21:18:34 - [MESSAGE][PASSED] - Actual text 'Super edit component code - atran' and expected text 'Super edit component code - atran' are matched 

2022-06-09 21:18:34 - [TEST_STEP][PASSED] - setText(findTestObject("1. Constant/xpath", ["xpath":"//*[@id="var_36"]"]), "05/05/2022", STOP_ON_FAILURE): Text '05/05/2022' is set on object 'Object Repository/1. Constant/xpath'

2022-06-09 21:18:35 - [MESSAGE][PASSED] - Text '05/05/2022' is set on object 'Object Repository/1. Constant/xpath'

2022-06-09 21:18:35 - [TEST_STEP][PASSED] - delay(1): Delayed 1 second(s)

2022-06-09 21:18:36 - [MESSAGE][PASSED] - Delayed 1 second(s)

2022-06-09 21:18:36 - [TEST_STEP][PASSED] - setText(findTestObject("1. Constant/xpath", ["xpath":"//*[@id="var_37"]"]), "18/06/2023", STOP_ON_FAILURE): Text '18/06/2023' is set on object 'Object Repository/1. Constant/xpath'

2022-06-09 21:18:38 - [MESSAGE][PASSED] - Text '18/06/2023' is set on object 'Object Repository/1. Constant/xpath'

2022-06-09 21:18:38 - [TEST_STEP][PASSED] - delay(1): Delayed 1 second(s)

2022-06-09 21:18:39 - [MESSAGE][PASSED] - Delayed 1 second(s)

2022-06-09 21:18:39 - [TEST_STEP][PASSED] - click(findTestObject("1. Constant/xpath", ["xpath":"//*[@id="ModifFiche"]/div[1]/div/button[2]"])): Object: 'Object Repository/1. Constant/xpath' is clicked on

2022-06-09 21:18:46 - [MESSAGE][PASSED] - Object: 'Object Repository/1. Constant/xpath' is clicked on

2022-06-09 21:18:46 - [TEST_STEP][PASSED] - I.status_lifecycle(findTestObject("1. Constant/xpath", ["xpath":"//*[@id="source_" + refid2 + ""]/td[5]/span[1]"]), "Marketing part"): Status contain Marketing part.

2022-06-09 21:18:47 - [MESSAGE][PASSED] - Text of object 'Object Repository/1. Constant/xpath' is: 'Marketing part'

2022-06-09 21:18:47 - [MESSAGE][PASSED] - Status contain Marketing part.

2022-06-09 21:18:47 - [TEST_STEP][PASSED] - task_atran_af_3 = I.Get_Task_No("//*[@id="kt_header"]/div/div[2]/div[1]/div[1]/span"): Text of object 'Object Repository/1. Constant/xpath' is: '50'

2022-06-09 21:18:48 - [MESSAGE][PASSED] - Text of object 'Object Repository/1. Constant/xpath' is: '50'

2022-06-09 21:18:48 - [TEST_STEP][PASSED] - verifyEqual(task_atran_af_2, task_atran_af_3 + 1): Actual object '51' and expected object '51' are equal

2022-06-09 21:18:48 - [MESSAGE][PASSED] - Actual object '51' and expected object '51' are equal

2022-06-09 21:18:48 - [TEST_STEP][PASSED] - I.Logout(): Delayed 3 second(s)

2022-06-09 21:18:51 - [MESSAGE][PASSED] - Delayed 3 second(s)

2022-06-09 21:18:51 - [MESSAGE][PASSED] - Object: 'Object Repository/1. Constant/xpath' is clicked on

2022-06-09 21:18:54 - [MESSAGE][PASSED] - Delayed 3 second(s)

2022-06-09 21:18:57 - [MESSAGE][PASSED] - Object: 'Object Repository/1. Constant/xpath' is clicked on

2022-06-09 21:19:00 - [MESSAGE][PASSED] - Delayed 3 second(s)

2022-06-09 21:19:00 - [TEST_STEP][PASSED] - I.writenotepad("D:\Upoad_File\Projet_ Login\Sephora\20.01\20.02_Sephora_ProjectNo2.txt", Project_No2): null

2022-06-09 21:19:00 - [TEST_STEP][PASSED] - closeBrowser(): Browser is closed

2022-06-09 21:19:05 - [MESSAGE][PASSED] - Browser is closed

2022-06-09 21:19:05 - [TEST_STEP][PASSED] - Start listener action : sampleAfterTestCase: null]]></system-out>
         <system-err><![CDATA[]]></system-err>
      </testcase>
      <testcase name="Test Cases/20. Sephora_NPP Duplication Standard_ Duplication Shortcut/20.03 Sephora Duplication Standard_Existing_Project(Admin) - Used 20.01_20.02 (P3)" time="348.764" classname="Test Cases/20. Sephora_NPP Duplication Standard_ Duplication Shortcut/20.03 Sephora Duplication Standard_Existing_Project(Admin) - Used 20.01_20.02 (P3)" status="PASSED">
         <system-out><![CDATA[2022-06-09 21:19:05 - [TEST_CASE][PASSED] - Test Cases/20. Sephora_NPP Duplication Standard_ Duplication Shortcut/20.03 Sephora Duplication Standard_Existing_Project(Admin) - Used 20.01_20.02 (P3): Test Cases/20. Sephora_NPP Duplication Standard_ Duplication Shortcut/20.03 Sephora Duplication Standard_Existing_Project(Admin) - Used 20.01_20.02 (P3)

2022-06-09 21:19:05 - [TEST_STEP][PASSED] - data_Sephora = findTestData("Data Files/Username_Password/Sephora"): null

2022-06-09 21:19:05 - [TEST_STEP][PASSED] - password_atran = data_Sephora.getValue(2, 1): null

2022-06-09 21:19:05 - [TEST_STEP][PASSED] - password_suser = data_Sephora.getValue(2, 10): null

2022-06-09 21:19:05 - [TEST_STEP][PASSED] - data_urlRELAUTO = findTestData("Data Files/URL/URL_relauto"): null

2022-06-09 21:19:05 - [TEST_STEP][PASSED] - Url_Sephora = data_urlRELAUTO.getValue(2, 1): null

2022-06-09 21:19:05 - [TEST_STEP][PASSED] - Project_No1 = I.readnotepad("D:\Upoad_File\Projet_ Login\Sephora\20.01\20.01_Sephora_ProjectNo.txt"): null

2022-06-09 21:19:05 - [TEST_STEP][PASSED] - refID1 = I.readnotepad("D:\Upoad_File\Projet_ Login\Sephora\20.01\20.01_Sephora_refID.txt"): null

2022-06-09 21:19:05 - [TEST_STEP][PASSED] - ref_name1 = I.readnotepad("D:\Upoad_File\Projet_ Login\Sephora\20.01\20.01_Sephora_refIDName.txt"): null

2022-06-09 21:19:05 - [TEST_STEP][PASSED] - Project_No2 = I.readnotepad("D:\Upoad_File\Projet_ Login\Sephora\20.01\20.02_Sephora_ProjectNo2.txt"): null

2022-06-09 21:19:05 - [TEST_STEP][PASSED] - refID2 = I.readnotepad("D:\Upoad_File\Projet_ Login\Sephora\20.01\20.02_Sephora_refID2.txt"): null

2022-06-09 21:19:05 - [TEST_STEP][PASSED] - openBrowser(Url_Sephora): Browser is opened with url: 'http://mdb-release.diadeis.lan/MediaboxIndependence/?MBI_datasource=RELTESTAUTO_SEPHORA'

2022-06-09 21:19:05 - [MESSAGE][INFO] - Starting 'Chrome (headless)' driver

2022-06-09 21:19:05 - [MESSAGE][INFO] - User set preference: ['args', '[--window-size=1920,1080, --headless]']

2022-06-09 21:19:05 - [MESSAGE][INFO] - Action delay is set to 0 milliseconds

2022-06-09 21:19:16 - [MESSAGE][PASSED] - Browser is opened with url: 'http://mdb-release.diadeis.lan/MediaboxIndependence/?MBI_datasource=RELTESTAUTO_SEPHORA'

2022-06-09 21:19:16 - [TEST_STEP][PASSED] - maximizeWindow(): Current window maximized

2022-06-09 21:19:16 - [MESSAGE][PASSED] - Current window maximized

2022-06-09 21:19:16 - [TEST_STEP][PASSED] - I.Login_password("suser", password_suser): Object: 'Object Repository/1. Constant/xpath' is clicked on

2022-06-09 21:19:18 - [MESSAGE][PASSED] - Text 'suser' is set on object 'Object Repository/1. Constant/xpath'

2022-06-09 21:19:19 - [MESSAGE][PASSED] - Delayed 1 second(s)

2022-06-09 21:19:22 - [MESSAGE][PASSED] - Text 'dchi1' is set on object 'Object Repository/1. Constant/xpath'

2022-06-09 21:19:23 - [MESSAGE][PASSED] - Delayed 1 second(s)

2022-06-09 21:19:30 - [MESSAGE][PASSED] - Object: 'Object Repository/1. Constant/xpath' is clicked on

2022-06-09 21:19:30 - [TEST_STEP][PASSED] - click(findTestObject("1. Constant/02_LHSMenu_Projects")): Object: 'Object Repository/1. Constant/02_LHSMenu_Projects' is clicked on

2022-06-09 21:19:41 - [MESSAGE][PASSED] - Object: 'Object Repository/1. Constant/02_LHSMenu_Projects' is clicked on

2022-06-09 21:19:41 - [TEST_STEP][PASSED] - I.SearchProjectNo_xpath(Project_No1, "//*[@id="keynum_project"]", "//*[@id="form_filters"]/div[10]/button"): Delayed 5 second(s)

2022-06-09 21:19:42 - [MESSAGE][PASSED] - Delayed 1 second(s)

2022-06-09 21:19:43 - [MESSAGE][PASSED] - Text 'MI001945' is set on object 'Object Repository/1. Constant/xpath'

2022-06-09 21:19:46 - [MESSAGE][PASSED] - Delayed 3 second(s)

2022-06-09 21:19:46 - [MESSAGE][PASSED] - Scroll to object 'Object Repository/1. Constant/xpath' successfully

2022-06-09 21:19:48 - [MESSAGE][PASSED] - Object: 'Object Repository/1. Constant/xpath' is clicked on

2022-06-09 21:19:53 - [MESSAGE][PASSED] - Delayed 5 second(s)

2022-06-09 21:19:53 - [TEST_STEP][PASSED] - takeScreenshot(): Taking screenshot successfully

2022-06-09 21:19:54 - [MESSAGE][PASSED] - Taking screenshot successfully
[[ATTACHMENT|D:\\Projet Test Auto\\Mediabox Test Automation\\Reports\\20220609_181011\\03. Parallel Testing (Testing)\\TS -PT PART 3\\15.01 Sephora Duplication Standard\\20220609_181114\\1654802394042.png]]

2022-06-09 21:19:54 - [TEST_STEP][PASSED] - delay(1): Delayed 1 second(s)

2022-06-09 21:19:55 - [MESSAGE][PASSED] - Delayed 1 second(s)

2022-06-09 21:19:55 - [TEST_STEP][PASSED] - click(findTestObject("1. Constant/xpath", ["xpath":"//*[@id="btnduplicatereference"]"])): Object: 'Object Repository/1. Constant/xpath' is clicked on

2022-06-09 21:19:55 - [MESSAGE][PASSED] - Object: 'Object Repository/1. Constant/xpath' is clicked on

2022-06-09 21:19:55 - [TEST_STEP][PASSED] - click(findTestObject("1. Constant/xpath", ["xpath":"//*[@id="source_" + refID1 + ""]/td[1]/label"])): Object: 'Object Repository/1. Constant/xpath' is clicked on

2022-06-09 21:19:56 - [MESSAGE][PASSED] - Object: 'Object Repository/1. Constant/xpath' is clicked on

2022-06-09 21:19:56 - [TEST_STEP][PASSED] - click(findTestObject("1. Constant/xpath", ["xpath":"//*[@id="action_btnduplicatereference"]"])): Object: 'Object Repository/1. Constant/xpath' is clicked on

2022-06-09 21:19:58 - [MESSAGE][PASSED] - Object: 'Object Repository/1. Constant/xpath' is clicked on

2022-06-09 21:19:58 - [TEST_STEP][PASSED] - takeScreenshot(): Taking screenshot successfully

2022-06-09 21:19:58 - [MESSAGE][PASSED] - Taking screenshot successfully
[[ATTACHMENT|D:\\Projet Test Auto\\Mediabox Test Automation\\Reports\\20220609_181011\\03. Parallel Testing (Testing)\\TS -PT PART 3\\15.01 Sephora Duplication Standard\\20220609_181114\\1654802398511.png]]

2022-06-09 21:19:58 - [TEST_STEP][PASSED] - click(findTestObject("1. Constant/xpath", ["xpath":"//*[@id="list_project_type"]/label[2]"])): Object: 'Object Repository/1. Constant/xpath' is clicked on

2022-06-09 21:19:59 - [MESSAGE][PASSED] - Object: 'Object Repository/1. Constant/xpath' is clicked on

2022-06-09 21:19:59 - [TEST_STEP][PASSED] - delay(2): Delayed 2 second(s)

2022-06-09 21:20:01 - [MESSAGE][PASSED] - Delayed 2 second(s)

2022-06-09 21:20:01 - [TEST_STEP][PASSED] - click(findTestObject("1. Constant/xpath", ["xpath":"//*[@id="is_old_project"]/div/span/span[1]/span/span[2]"])): Object: 'Object Repository/1. Constant/xpath' is clicked on

2022-06-09 21:20:01 - [MESSAGE][PASSED] - Object: 'Object Repository/1. Constant/xpath' is clicked on

2022-06-09 21:20:01 - [TEST_STEP][PASSED] - delay(1): Delayed 1 second(s)

2022-06-09 21:20:02 - [MESSAGE][PASSED] - Delayed 1 second(s)

2022-06-09 21:20:02 - [TEST_STEP][PASSED] - setText(findTestObject("1. Constant/xpath", ["xpath":"//*[@id="kt_body"]/span/span/span[1]/input"]), Project_No2): Text 'MI001946' is set on object 'Object Repository/1. Constant/xpath'

2022-06-09 21:20:02 - [MESSAGE][PASSED] - Text 'MI001946' is set on object 'Object Repository/1. Constant/xpath'

2022-06-09 21:20:02 - [TEST_STEP][PASSED] - delay(1): Delayed 1 second(s)

2022-06-09 21:20:03 - [MESSAGE][PASSED] - Delayed 1 second(s)

2022-06-09 21:20:03 - [TEST_STEP][PASSED] - click(findTestObject("1. Constant/xpath", ["xpath":"//*[@id="select2-nbProject-results"]/li"])): Object: 'Object Repository/1. Constant/xpath' is clicked on

2022-06-09 21:20:08 - [MESSAGE][PASSED] - Object: 'Object Repository/1. Constant/xpath' is clicked on

2022-06-09 21:20:08 - [TEST_STEP][PASSED] - setText(findTestObject("1. Constant/xpath", ["xpath":"//*[@id="nb_copies"]"]), "50"): Text '50' is set on object 'Object Repository/1. Constant/xpath'

2022-06-09 21:20:08 - [MESSAGE][PASSED] - Text '50' is set on object 'Object Repository/1. Constant/xpath'

2022-06-09 21:20:08 - [TEST_STEP][PASSED] - delay(2): Delayed 2 second(s)

2022-06-09 21:20:10 - [MESSAGE][PASSED] - Delayed 2 second(s)

2022-06-09 21:20:10 - [TEST_STEP][PASSED] - I.SelectFromList_Value("//*[@id="lfc_tpl5"]", "32"): Delayed 2 second(s)

2022-06-09 21:20:11 - [MESSAGE][PASSED] - All options with value '32' are selected in object 'Object Repository/1. Constant/xpath' 

2022-06-09 21:20:13 - [MESSAGE][PASSED] - Delayed 2 second(s)

2022-06-09 21:20:13 - [TEST_STEP][PASSED] - takeScreenshot(): Taking screenshot successfully

2022-06-09 21:20:13 - [MESSAGE][PASSED] - Taking screenshot successfully
[[ATTACHMENT|D:\\Projet Test Auto\\Mediabox Test Automation\\Reports\\20220609_181011\\03. Parallel Testing (Testing)\\TS -PT PART 3\\15.01 Sephora Duplication Standard\\20220609_181114\\1654802413453.png]]

2022-06-09 21:20:13 - [TEST_STEP][PASSED] - delay(1): Delayed 1 second(s)

2022-06-09 21:20:14 - [MESSAGE][PASSED] - Delayed 1 second(s)

2022-06-09 21:20:14 - [TEST_STEP][PASSED] - click(findTestObject("1. Constant/xpath", ["xpath":"//*[@id="btn_submit_duplication"]"])): Object: 'Object Repository/1. Constant/xpath' is clicked on

2022-06-09 21:21:12 - [MESSAGE][PASSED] - Object: 'Object Repository/1. Constant/xpath' is clicked on

2022-06-09 21:21:12 - [TEST_STEP][PASSED] - delay(5): Delayed 5 second(s)

2022-06-09 21:21:17 - [MESSAGE][PASSED] - Delayed 5 second(s)

2022-06-09 21:21:17 - [TEST_STEP][PASSED] - Project_No3 = I.ProjectNo(): Current window's url is: 'http://mdb-release.diadeis.lan/MediaboxIndependence/Base/ExecAction?IDSession=MBI%21RELTESTAUTO_SEPHORA%210W3A2KIAYPDZGTUUW43P7370LILDYNKAL4A7ZLNE&default_action=AfficheFichesProjet&id_project=MI001946'

2022-06-09 21:21:22 - [MESSAGE][PASSED] - Delayed 5 second(s)

2022-06-09 21:21:22 - [MESSAGE][PASSED] - Current window's url is: 'http://mdb-release.diadeis.lan/MediaboxIndependence/Base/ExecAction?IDSession=MBI%21RELTESTAUTO_SEPHORA%210W3A2KIAYPDZGTUUW43P7370LILDYNKAL4A7ZLNE&default_action=AfficheFichesProjet&id_project=MI001946'

2022-06-09 21:21:22 - [TEST_STEP][PASSED] - takeScreenshot(): Taking screenshot successfully

2022-06-09 21:21:23 - [MESSAGE][PASSED] - Taking screenshot successfully
[[ATTACHMENT|D:\\Projet Test Auto\\Mediabox Test Automation\\Reports\\20220609_181011\\03. Parallel Testing (Testing)\\TS -PT PART 3\\15.01 Sephora Duplication Standard\\20220609_181114\\1654802482473.png]]

2022-06-09 21:21:23 - [TEST_STEP][PASSED] - verifyMatch(Project_No3, Project_No2, false): Actual text 'MI001946' and expected text 'MI001946' are matched 

2022-06-09 21:21:23 - [MESSAGE][PASSED] - Actual text 'MI001946' and expected text 'MI001946' are matched 

2022-06-09 21:21:23 - [TEST_STEP][PASSED] - I.VerifyMatchText("//*[@id="kt_content"]/div[3]/div/div[2]/div[1]/div[1]/h1/span", "52"): Actual text '52' and expected text '52' are matched 

2022-06-09 21:21:23 - [MESSAGE][PASSED] - Text of object 'Object Repository/1. Constant/xpath' is: '52'

2022-06-09 21:21:24 - [MESSAGE][PASSED] - Delayed 1 second(s)

2022-06-09 21:21:24 - [MESSAGE][PASSED] - Actual text '52' and expected text '52' are matched 

2022-06-09 21:21:24 - [TEST_STEP][PASSED] - I.SearchRefNo_xpath("Copy 50 of", "//*[@id="fiche_filter_keywords11"]", "//*[@id="form_filters"]/div[5]/button"): Delayed 5 second(s)

2022-06-09 21:21:25 - [MESSAGE][PASSED] - Delayed 1 second(s)

2022-06-09 21:21:25 - [MESSAGE][PASSED] - Text 'Copy 50 of' is set on object 'Object Repository/1. Constant/xpath'

2022-06-09 21:21:28 - [MESSAGE][PASSED] - Delayed 3 second(s)

2022-06-09 21:21:29 - [MESSAGE][PASSED] - Scroll to object 'Object Repository/1. Constant/xpath' successfully

2022-06-09 21:21:32 - [MESSAGE][PASSED] - Object: 'Object Repository/1. Constant/xpath' is clicked on

2022-06-09 21:21:37 - [MESSAGE][PASSED] - Delayed 5 second(s)

2022-06-09 21:21:37 - [TEST_STEP][PASSED] - I.VerifyMatchText("//*[@id="kt_content"]/div[3]/div/div[2]/div[1]/div[1]/h1/span", "1"): Actual text '1' and expected text '1' are matched 

2022-06-09 21:21:37 - [MESSAGE][PASSED] - Text of object 'Object Repository/1. Constant/xpath' is: '1'

2022-06-09 21:21:38 - [MESSAGE][PASSED] - Delayed 1 second(s)

2022-06-09 21:21:38 - [MESSAGE][PASSED] - Actual text '1' and expected text '1' are matched 

2022-06-09 21:21:38 - [TEST_STEP][PASSED] - click(findTestObject("1. Constant/xpath", ["xpath":"/html/body/div[1]/div[2]/div[4]/div[3]/div/div[2]/div[2]/div[1]/table/tbody/tr/td[4]/a"])): Object: 'Object Repository/1. Constant/xpath' is clicked on

2022-06-09 21:21:41 - [MESSAGE][PASSED] - Object: 'Object Repository/1. Constant/xpath' is clicked on

2022-06-09 21:21:41 - [TEST_STEP][PASSED] - delay(1): Delayed 1 second(s)

2022-06-09 21:21:42 - [MESSAGE][PASSED] - Delayed 1 second(s)

2022-06-09 21:21:42 - [TEST_STEP][PASSED] - refid52 = I.RefID(): Current window's url is: 'http://mdb-release.diadeis.lan/MediaboxIndependence/Base/ExecAction?action=VoirRef&IDSession=MBI!RELTESTAUTO_SEPHORA!0W3A2KIAYPDZGTUUW43P7370LILDYNKAL4A7ZLNE&num=02OO6CJMEK&id_ref=5045'

2022-06-09 21:21:47 - [MESSAGE][PASSED] - Delayed 5 second(s)

2022-06-09 21:21:47 - [MESSAGE][PASSED] - Current window's url is: 'http://mdb-release.diadeis.lan/MediaboxIndependence/Base/ExecAction?action=VoirRef&IDSession=MBI!RELTESTAUTO_SEPHORA!0W3A2KIAYPDZGTUUW43P7370LILDYNKAL4A7ZLNE&num=02OO6CJMEK&id_ref=5045'

2022-06-09 21:21:47 - [TEST_STEP][PASSED] - verifyElementClickable(findTestObject("1. Constant/xpath", ["xpath":"//*[@id="btn_view_ref_parent"]"])): Object 'Object Repository/1. Constant/xpath' is clickable

2022-06-09 21:21:48 - [MESSAGE][PASSED] - Object 'Object Repository/1. Constant/xpath' is clickable

2022-06-09 21:21:48 - [TEST_STEP][PASSED] - takeScreenshot(): Taking screenshot successfully

2022-06-09 21:21:48 - [MESSAGE][PASSED] - Taking screenshot successfully
[[ATTACHMENT|D:\\Projet Test Auto\\Mediabox Test Automation\\Reports\\20220609_181011\\03. Parallel Testing (Testing)\\TS -PT PART 3\\15.01 Sephora Duplication Standard\\20220609_181114\\1654802508214.png]]

2022-06-09 21:21:48 - [TEST_STEP][PASSED] - I.VerifyMatchText("//*[@id="var_152"]", "Complete"): Actual text 'Complete' and expected text 'Complete' are matched 

2022-06-09 21:21:48 - [MESSAGE][PASSED] - Text of object 'Object Repository/1. Constant/xpath' is: 'Complete'

2022-06-09 21:21:49 - [MESSAGE][PASSED] - Delayed 1 second(s)

2022-06-09 21:21:49 - [MESSAGE][PASSED] - Actual text 'Complete' and expected text 'Complete' are matched 

2022-06-09 21:21:49 - [TEST_STEP][PASSED] - I.VerifyMatchText("//*[@id="var_50"]", "Primaire"): Actual text 'Primaire' and expected text 'Primaire' are matched 

2022-06-09 21:21:50 - [MESSAGE][PASSED] - Text of object 'Object Repository/1. Constant/xpath' is: 'Primaire'

2022-06-09 21:21:51 - [MESSAGE][PASSED] - Delayed 1 second(s)

2022-06-09 21:21:51 - [MESSAGE][PASSED] - Actual text 'Primaire' and expected text 'Primaire' are matched 

2022-06-09 21:21:51 - [TEST_STEP][PASSED] - I.VerifyMatchText("//*[@id="var_49"]", "Etui"): Actual text 'Etui' and expected text 'Etui' are matched 

2022-06-09 21:21:51 - [MESSAGE][PASSED] - Text of object 'Object Repository/1. Constant/xpath' is: 'Etui'

2022-06-09 21:21:52 - [MESSAGE][PASSED] - Delayed 1 second(s)

2022-06-09 21:21:52 - [MESSAGE][PASSED] - Actual text 'Etui' and expected text 'Etui' are matched 

2022-06-09 21:21:52 - [TEST_STEP][PASSED] - click(findTestObject("1. Constant/xpath", ["xpath":"//*[@id="kt_subheader"]/div/nav/ol/li[2]/a"])): Object: 'Object Repository/1. Constant/xpath' is clicked on

2022-06-09 21:21:54 - [MESSAGE][PASSED] - Object: 'Object Repository/1. Constant/xpath' is clicked on

2022-06-09 21:21:54 - [TEST_STEP][PASSED] - takeScreenshot(): Taking screenshot successfully

2022-06-09 21:21:55 - [MESSAGE][PASSED] - Taking screenshot successfully
[[ATTACHMENT|D:\\Projet Test Auto\\Mediabox Test Automation\\Reports\\20220609_181011\\03. Parallel Testing (Testing)\\TS -PT PART 3\\15.01 Sephora Duplication Standard\\20220609_181114\\1654802514885.png]]

2022-06-09 21:21:55 - [TEST_STEP][PASSED] - click(findTestObject("1. Constant/xpath", ["xpath":"/html/body/div[1]/div[2]/div[4]/div[3]/div/div[2]/div[2]/div[1]/table/tbody/tr/td[4]/a"])): Object: 'Object Repository/1. Constant/xpath' is clicked on

2022-06-09 21:21:57 - [MESSAGE][PASSED] - Object: 'Object Repository/1. Constant/xpath' is clicked on

2022-06-09 21:21:57 - [TEST_STEP][PASSED] - click(findTestObject("1. Constant/xpath", ["xpath":"//*[@id="btn_view_ref_parent"]"])): Object: 'Object Repository/1. Constant/xpath' is clicked on

2022-06-09 21:22:00 - [MESSAGE][PASSED] - Object: 'Object Repository/1. Constant/xpath' is clicked on

2022-06-09 21:22:00 - [TEST_STEP][PASSED] - takeScreenshot(): Taking screenshot successfully

2022-06-09 21:22:00 - [MESSAGE][PASSED] - Taking screenshot successfully
[[ATTACHMENT|D:\\Projet Test Auto\\Mediabox Test Automation\\Reports\\20220609_181011\\03. Parallel Testing (Testing)\\TS -PT PART 3\\15.01 Sephora Duplication Standard\\20220609_181114\\1654802520333.png]]

2022-06-09 21:22:00 - [TEST_STEP][PASSED] - delay(1): Delayed 1 second(s)

2022-06-09 21:22:01 - [MESSAGE][PASSED] - Delayed 1 second(s)

2022-06-09 21:22:01 - [TEST_STEP][PASSED] - refidp = I.RefID(): Current window's url is: 'http://mdb-release.diadeis.lan/MediaboxIndependence/Base/ExecAction?action=VoirRef&IDSession=MBI!RELTESTAUTO_SEPHORA!0W3A2KIAYPDZGTUUW43P7370LILDYNKAL4A7ZLNE&num=D4NZB0JLKW&id_ref=4993'

2022-06-09 21:22:06 - [MESSAGE][PASSED] - Delayed 5 second(s)

2022-06-09 21:22:06 - [MESSAGE][PASSED] - Current window's url is: 'http://mdb-release.diadeis.lan/MediaboxIndependence/Base/ExecAction?action=VoirRef&IDSession=MBI!RELTESTAUTO_SEPHORA!0W3A2KIAYPDZGTUUW43P7370LILDYNKAL4A7ZLNE&num=D4NZB0JLKW&id_ref=4993'

2022-06-09 21:22:06 - [TEST_STEP][PASSED] - verifyMatch(refidp, refID1, false): Actual text '4993' and expected text '4993' are matched 

2022-06-09 21:22:06 - [MESSAGE][PASSED] - Actual text '4993' and expected text '4993' are matched 

2022-06-09 21:22:06 - [TEST_STEP][PASSED] - I.Logout(): Delayed 3 second(s)

2022-06-09 21:22:09 - [MESSAGE][PASSED] - Delayed 3 second(s)

2022-06-09 21:22:10 - [MESSAGE][PASSED] - Object: 'Object Repository/1. Constant/xpath' is clicked on

2022-06-09 21:22:13 - [MESSAGE][PASSED] - Delayed 3 second(s)

2022-06-09 21:22:15 - [MESSAGE][PASSED] - Object: 'Object Repository/1. Constant/xpath' is clicked on

2022-06-09 21:22:18 - [MESSAGE][PASSED] - Delayed 3 second(s)

2022-06-09 21:22:18 - [TEST_STEP][PASSED] - I.Login_password("atran", password_atran): Object: 'Object Repository/1. Constant/xpath' is clicked on

2022-06-09 21:22:20 - [MESSAGE][PASSED] - Text 'atran' is set on object 'Object Repository/1. Constant/xpath'

2022-06-09 21:22:21 - [MESSAGE][PASSED] - Delayed 1 second(s)

2022-06-09 21:22:23 - [MESSAGE][PASSED] - Text 'dchi3' is set on object 'Object Repository/1. Constant/xpath'

2022-06-09 21:22:24 - [MESSAGE][PASSED] - Delayed 1 second(s)

2022-06-09 21:22:28 - [MESSAGE][PASSED] - Object: 'Object Repository/1. Constant/xpath' is clicked on

2022-06-09 21:22:28 - [TEST_STEP][PASSED] - click(findTestObject("1. Constant/02_LHSMenu_Projects")): Object: 'Object Repository/1. Constant/02_LHSMenu_Projects' is clicked on

2022-06-09 21:22:34 - [MESSAGE][PASSED] - Object: 'Object Repository/1. Constant/02_LHSMenu_Projects' is clicked on

2022-06-09 21:22:34 - [TEST_STEP][PASSED] - I.SearchProjectNo_xpath(Project_No2, "//*[@id="keynum_project"]", "//*[@id="form_filters"]/div[4]/button"): Delayed 5 second(s)

2022-06-09 21:22:35 - [MESSAGE][PASSED] - Delayed 1 second(s)

2022-06-09 21:22:37 - [MESSAGE][PASSED] - Text 'MI001946' is set on object 'Object Repository/1. Constant/xpath'

2022-06-09 21:22:40 - [MESSAGE][PASSED] - Delayed 3 second(s)

2022-06-09 21:22:41 - [MESSAGE][PASSED] - Scroll to object 'Object Repository/1. Constant/xpath' successfully

2022-06-09 21:22:54 - [MESSAGE][PASSED] - Object: 'Object Repository/1. Constant/xpath' is clicked on

2022-06-09 21:22:59 - [MESSAGE][PASSED] - Delayed 5 second(s)

2022-06-09 21:22:59 - [TEST_STEP][PASSED] - delay(1): Delayed 1 second(s)

2022-06-09 21:23:00 - [MESSAGE][PASSED] - Delayed 1 second(s)

2022-06-09 21:23:00 - [TEST_STEP][PASSED] - I.SearchRefNo_xpath("Copy 50 of", "//*[@id="fiche_filter_keywords11"]", "//*[@id="form_filters"]/div[3]/button"): Delayed 5 second(s)

2022-06-09 21:23:01 - [MESSAGE][PASSED] - Delayed 1 second(s)

2022-06-09 21:23:06 - [MESSAGE][PASSED] - Text 'Copy 50 of' is set on object 'Object Repository/1. Constant/xpath'

2022-06-09 21:23:09 - [MESSAGE][PASSED] - Delayed 3 second(s)

2022-06-09 21:23:10 - [MESSAGE][PASSED] - Scroll to object 'Object Repository/1. Constant/xpath' successfully

2022-06-09 21:23:16 - [MESSAGE][PASSED] - Object: 'Object Repository/1. Constant/xpath' is clicked on

2022-06-09 21:23:21 - [MESSAGE][PASSED] - Delayed 5 second(s)

2022-06-09 21:23:21 - [TEST_STEP][PASSED] - click(findTestObject("1. Constant/xpath", ["xpath":"//*[@id="source_" + refid52 + ""]/td[7]/a"])): Object: 'Object Repository/1. Constant/xpath' is clicked on

2022-06-09 21:23:27 - [MESSAGE][PASSED] - Object: 'Object Repository/1. Constant/xpath' is clicked on

2022-06-09 21:23:27 - [TEST_STEP][PASSED] - delay(1): Delayed 1 second(s)

2022-06-09 21:23:28 - [MESSAGE][PASSED] - Delayed 1 second(s)

2022-06-09 21:23:28 - [TEST_STEP][PASSED] - setText(findTestObject("1. Constant/xpath", ["xpath":"//*[@id="var_36"]"]), "05/05/2022", STOP_ON_FAILURE): Text '05/05/2022' is set on object 'Object Repository/1. Constant/xpath'

2022-06-09 21:23:31 - [MESSAGE][PASSED] - Text '05/05/2022' is set on object 'Object Repository/1. Constant/xpath'

2022-06-09 21:23:31 - [TEST_STEP][PASSED] - delay(1): Delayed 1 second(s)

2022-06-09 21:23:32 - [MESSAGE][PASSED] - Delayed 1 second(s)

2022-06-09 21:23:32 - [TEST_STEP][PASSED] - setText(findTestObject("1. Constant/xpath", ["xpath":"//*[@id="var_37"]"]), "18/06/2023", STOP_ON_FAILURE): Text '18/06/2023' is set on object 'Object Repository/1. Constant/xpath'

2022-06-09 21:23:35 - [MESSAGE][PASSED] - Text '18/06/2023' is set on object 'Object Repository/1. Constant/xpath'

2022-06-09 21:23:35 - [TEST_STEP][PASSED] - delay(1): Delayed 1 second(s)

2022-06-09 21:23:36 - [MESSAGE][PASSED] - Delayed 1 second(s)

2022-06-09 21:23:36 - [TEST_STEP][PASSED] - click(findTestObject("1. Constant/xpath", ["xpath":"//*[@id="ModifFiche"]/div[1]/div/button[2]"])): Object: 'Object Repository/1. Constant/xpath' is clicked on

2022-06-09 21:23:40 - [MESSAGE][PASSED] - Object: 'Object Repository/1. Constant/xpath' is clicked on

2022-06-09 21:23:40 - [TEST_STEP][PASSED] - delay(1): Delayed 1 second(s)

2022-06-09 21:23:41 - [MESSAGE][PASSED] - Delayed 1 second(s)

2022-06-09 21:23:41 - [TEST_STEP][PASSED] - click(findTestObject("1. Constant/xpath", ["xpath":"//*[@id="cardctrlphase"]/div[2]/div[2]/div/a"])): Object: 'Object Repository/1. Constant/xpath' is clicked on

2022-06-09 21:23:48 - [MESSAGE][PASSED] - Object: 'Object Repository/1. Constant/xpath' is clicked on

2022-06-09 21:23:48 - [TEST_STEP][PASSED] - delay(1): Delayed 1 second(s)

2022-06-09 21:23:49 - [MESSAGE][PASSED] - Delayed 1 second(s)

2022-06-09 21:23:49 - [TEST_STEP][PASSED] - I.select_multiplelist("//*[@id="selSource_24"]", "//*[@id="btnAdd_24"]", "studio"): Delayed 1 second(s)

2022-06-09 21:23:50 - [MESSAGE][PASSED] - Delayed 1 second(s)

2022-06-09 21:23:51 - [MESSAGE][PASSED] - All options with value 'studio' are selected in object 'Object Repository/1. Constant/xpath' 

2022-06-09 21:23:53 - [MESSAGE][PASSED] - Delayed 2 second(s)

2022-06-09 21:23:54 - [MESSAGE][PASSED] - Object: 'Object Repository/1. Constant/xpath' is clicked on

2022-06-09 21:23:55 - [MESSAGE][PASSED] - Delayed 1 second(s)

2022-06-09 21:23:55 - [TEST_STEP][PASSED] - click(findTestObject("HL Full Lifecycle/5 ModifyProjPage_button_Update")): Object: 'Object Repository/HL Full Lifecycle/5 ModifyProjPage_button_Update' is clicked on

2022-06-09 21:23:59 - [MESSAGE][PASSED] - Object: 'Object Repository/HL Full Lifecycle/5 ModifyProjPage_button_Update' is clicked on

2022-06-09 21:23:59 - [TEST_STEP][PASSED] - delay(1): Delayed 1 second(s)

2022-06-09 21:24:00 - [MESSAGE][PASSED] - Delayed 1 second(s)

2022-06-09 21:24:00 - [TEST_STEP][PASSED] - click(findTestObject("1. Constant/xpath", ["xpath":"//*[@id="source_" + refid52 + ""]/td[7]/a"])): Object: 'Object Repository/1. Constant/xpath' is clicked on

2022-06-09 21:24:02 - [MESSAGE][PASSED] - Object: 'Object Repository/1. Constant/xpath' is clicked on

2022-06-09 21:24:02 - [TEST_STEP][PASSED] - delay(1): Delayed 1 second(s)

2022-06-09 21:24:04 - [MESSAGE][PASSED] - Delayed 1 second(s)

2022-06-09 21:24:04 - [TEST_STEP][PASSED] - setText(findTestObject("1. Constant/xpath", ["xpath":"//*[@id="var_36"]"]), "05/05/2022", STOP_ON_FAILURE): Text '05/05/2022' is set on object 'Object Repository/1. Constant/xpath'

2022-06-09 21:24:04 - [MESSAGE][PASSED] - Text '05/05/2022' is set on object 'Object Repository/1. Constant/xpath'

2022-06-09 21:24:04 - [TEST_STEP][PASSED] - delay(1): Delayed 1 second(s)

2022-06-09 21:24:05 - [MESSAGE][PASSED] - Delayed 1 second(s)

2022-06-09 21:24:05 - [TEST_STEP][PASSED] - setText(findTestObject("1. Constant/xpath", ["xpath":"//*[@id="var_37"]"]), "18/06/2023", STOP_ON_FAILURE): Text '18/06/2023' is set on object 'Object Repository/1. Constant/xpath'

2022-06-09 21:24:06 - [MESSAGE][PASSED] - Text '18/06/2023' is set on object 'Object Repository/1. Constant/xpath'

2022-06-09 21:24:06 - [TEST_STEP][PASSED] - delay(1): Delayed 1 second(s)

2022-06-09 21:24:07 - [MESSAGE][PASSED] - Delayed 1 second(s)

2022-06-09 21:24:07 - [TEST_STEP][PASSED] - click(findTestObject("1. Constant/xpath", ["xpath":"//*[@id="ModifFiche"]/div[1]/div/button[2]"])): Object: 'Object Repository/1. Constant/xpath' is clicked on

2022-06-09 21:24:14 - [MESSAGE][PASSED] - Object: 'Object Repository/1. Constant/xpath' is clicked on

2022-06-09 21:24:14 - [TEST_STEP][PASSED] - I.status_lifecycle(findTestObject("1. Constant/xpath", ["xpath":"//*[@id="source_" + refid52 + ""]/td[5]/span[1]"]), "Phase 1.2"): Status contain Phase 1.2.

2022-06-09 21:24:15 - [MESSAGE][PASSED] - Text of object 'Object Repository/1. Constant/xpath' is: 'Phase 1.2'

2022-06-09 21:24:15 - [MESSAGE][PASSED] - Status contain Phase 1.2.

2022-06-09 21:24:15 - [TEST_STEP][PASSED] - I.superedit_ref(findTestObject("1. Constant/xpath", ["xpath":"//*[@id="source_" + refid52 + ""]/td[7]/div/button"]), findTestObject("1. Constant/xpath", ["xpath":"//*[@id="source_" + refid52 + ""]/td[7]/div/div/a[4]"])): Object: 'Object Repository/1. Constant/xpath' is clicked on

2022-06-09 21:24:19 - [MESSAGE][PASSED] - Object: 'Object Repository/1. Constant/xpath' is clicked on

2022-06-09 21:24:22 - [MESSAGE][PASSED] - Delayed 3 second(s)

2022-06-09 21:24:25 - [MESSAGE][PASSED] - Object: 'Object Repository/1. Constant/xpath' is clicked on

2022-06-09 21:24:25 - [TEST_STEP][PASSED] - takeScreenshot(): Taking screenshot successfully

2022-06-09 21:24:25 - [MESSAGE][PASSED] - Taking screenshot successfully
[[ATTACHMENT|D:\\Projet Test Auto\\Mediabox Test Automation\\Reports\\20220609_181011\\03. Parallel Testing (Testing)\\TS -PT PART 3\\15.01 Sephora Duplication Standard\\20220609_181114\\1654802665412.png]]

2022-06-09 21:24:25 - [TEST_STEP][PASSED] - setText(findTestObject("1. Constant/xpath", ["xpath":"//*[@id="var_146"]"]), "Super edit component code - TC20.3"): Text 'Super edit component code - TC20.3' is set on object 'Object Repository/1. Constant/xpath'

2022-06-09 21:24:26 - [MESSAGE][PASSED] - Text 'Super edit component code - TC20.3' is set on object 'Object Repository/1. Constant/xpath'

2022-06-09 21:24:26 - [TEST_STEP][PASSED] - click(findTestObject("1. Constant/xpath", ["xpath":"//*[@id="ModifFiche"]/div[1]/div/button"])): Object: 'Object Repository/1. Constant/xpath' is clicked on

2022-06-09 21:24:30 - [MESSAGE][PASSED] - Object: 'Object Repository/1. Constant/xpath' is clicked on

2022-06-09 21:24:30 - [TEST_STEP][PASSED] - delay(1): Delayed 1 second(s)

2022-06-09 21:24:31 - [MESSAGE][PASSED] - Delayed 1 second(s)

2022-06-09 21:24:31 - [TEST_STEP][PASSED] - takeScreenshot(): Taking screenshot successfully

2022-06-09 21:24:31 - [MESSAGE][PASSED] - Taking screenshot successfully
[[ATTACHMENT|D:\\Projet Test Auto\\Mediabox Test Automation\\Reports\\20220609_181011\\03. Parallel Testing (Testing)\\TS -PT PART 3\\15.01 Sephora Duplication Standard\\20220609_181114\\1654802671260.png]]

2022-06-09 21:24:31 - [TEST_STEP][PASSED] - click(findTestObject("1. Constant/xpath", ["xpath":"//*[@id="source_" + refid52 + ""]/td[4]/a"])): Object: 'Object Repository/1. Constant/xpath' is clicked on

2022-06-09 21:24:33 - [MESSAGE][PASSED] - Object: 'Object Repository/1. Constant/xpath' is clicked on

2022-06-09 21:24:33 - [TEST_STEP][PASSED] - delay(3): Delayed 3 second(s)

2022-06-09 21:24:36 - [MESSAGE][PASSED] - Delayed 3 second(s)

2022-06-09 21:24:36 - [TEST_STEP][PASSED] - click(findTestObject("1. Constant/xpath", ["xpath":"//*[@id="aff_full_brief"]"])): Object: 'Object Repository/1. Constant/xpath' is clicked on

2022-06-09 21:24:38 - [MESSAGE][PASSED] - Object: 'Object Repository/1. Constant/xpath' is clicked on

2022-06-09 21:24:38 - [TEST_STEP][PASSED] - delay(1): Delayed 1 second(s)

2022-06-09 21:24:39 - [MESSAGE][PASSED] - Delayed 1 second(s)

2022-06-09 21:24:39 - [TEST_STEP][PASSED] - I.VerifyMatchText("//*[@id="var_146"]", "Super edit component code - TC20.3"): Actual text 'Super edit component code - TC20.3' and expected text 'Super edit component code - TC20.3' are matched 

2022-06-09 21:24:39 - [MESSAGE][PASSED] - Text of object 'Object Repository/1. Constant/xpath' is: 'Super edit component code - TC20.3'

2022-06-09 21:24:40 - [MESSAGE][PASSED] - Delayed 1 second(s)

2022-06-09 21:24:40 - [MESSAGE][PASSED] - Actual text 'Super edit component code - TC20.3' and expected text 'Super edit component code - TC20.3' are matched 

2022-06-09 21:24:40 - [TEST_STEP][PASSED] - I.Logout(): Delayed 3 second(s)

2022-06-09 21:24:43 - [MESSAGE][PASSED] - Delayed 3 second(s)

2022-06-09 21:24:45 - [MESSAGE][PASSED] - Object: 'Object Repository/1. Constant/xpath' is clicked on

2022-06-09 21:24:48 - [MESSAGE][PASSED] - Delayed 3 second(s)

2022-06-09 21:24:49 - [MESSAGE][PASSED] - Object: 'Object Repository/1. Constant/xpath' is clicked on

2022-06-09 21:24:52 - [MESSAGE][PASSED] - Delayed 3 second(s)

2022-06-09 21:24:52 - [TEST_STEP][PASSED] - closeBrowser(): Browser is closed

2022-06-09 21:24:53 - [MESSAGE][PASSED] - Browser is closed

2022-06-09 21:24:53 - [TEST_STEP][PASSED] - Start listener action : sampleAfterTestCase: null]]></system-out>
         <system-err><![CDATA[]]></system-err>
      </testcase>
      <testcase name="Test Cases/20. Sephora_NPP Duplication Standard_ Duplication Shortcut/20.04 Sephora Duplication Standard_This_Project(DevFS) -Used 20.01 (P4)" time="121.137" classname="Test Cases/20. Sephora_NPP Duplication Standard_ Duplication Shortcut/20.04 Sephora Duplication Standard_This_Project(DevFS) -Used 20.01 (P4)" status="PASSED">
         <system-out><![CDATA[2022-06-09 21:24:53 - [TEST_CASE][PASSED] - Test Cases/20. Sephora_NPP Duplication Standard_ Duplication Shortcut/20.04 Sephora Duplication Standard_This_Project(DevFS) -Used 20.01 (P4): Test Cases/20. Sephora_NPP Duplication Standard_ Duplication Shortcut/20.04 Sephora Duplication Standard_This_Project(DevFS) -Used 20.01 (P4)

2022-06-09 21:24:54 - [TEST_STEP][PASSED] - data_Sephora = findTestData("Data Files/Username_Password/Sephora"): null

2022-06-09 21:24:54 - [TEST_STEP][PASSED] - password_atran = data_Sephora.getValue(2, 1): null

2022-06-09 21:24:54 - [TEST_STEP][PASSED] - password_marketing = data_Sephora.getValue(2, 2): null

2022-06-09 21:24:54 - [TEST_STEP][PASSED] - password_regulatory = data_Sephora.getValue(2, 3): null

2022-06-09 21:24:54 - [TEST_STEP][PASSED] - password_studio = data_Sephora.getValue(2, 4): null

2022-06-09 21:24:54 - [TEST_STEP][PASSED] - password_iraz = data_Sephora.getValue(2, 5): null

2022-06-09 21:24:54 - [TEST_STEP][PASSED] - password_cmouzawak = data_Sephora.getValue(2, 6): null

2022-06-09 21:24:54 - [TEST_STEP][PASSED] - password_aalbeaux = data_Sephora.getValue(2, 7): null

2022-06-09 21:24:54 - [TEST_STEP][PASSED] - password_hgarnier = data_Sephora.getValue(2, 8): null

2022-06-09 21:24:54 - [TEST_STEP][PASSED] - password_emartineau = data_Sephora.getValue(2, 9): null

2022-06-09 21:24:54 - [TEST_STEP][PASSED] - password_suser = data_Sephora.getValue(2, 10): null

2022-06-09 21:24:54 - [TEST_STEP][PASSED] - password_lmorel = data_Sephora.getValue(2, 11): null

2022-06-09 21:24:54 - [TEST_STEP][PASSED] - password_ageindreau = data_Sephora.getValue(2, 12): null

2022-06-09 21:24:54 - [TEST_STEP][PASSED] - password_ytallant = data_Sephora.getValue(2, 13): null

2022-06-09 21:24:54 - [TEST_STEP][PASSED] - data_urlRELAUTO = findTestData("Data Files/URL/URL_relauto"): null

2022-06-09 21:24:54 - [TEST_STEP][PASSED] - Url_Sephora = data_urlRELAUTO.getValue(2, 1): null

2022-06-09 21:24:54 - [TEST_STEP][PASSED] - Project_No = I.readnotepad("D:\Upoad_File\Projet_ Login\Sephora\20.01\20.01_Sephora_ProjectNo.txt"): null

2022-06-09 21:24:54 - [TEST_STEP][PASSED] - refID = I.readnotepad("D:\Upoad_File\Projet_ Login\Sephora\20.01\20.01_Sephora_refID.txt"): null

2022-06-09 21:24:54 - [TEST_STEP][PASSED] - ref_name1 = I.readnotepad("D:\Upoad_File\Projet_ Login\Sephora\20.01\20.01_Sephora_refIDName.txt"): null

2022-06-09 21:24:54 - [TEST_STEP][PASSED] - I.clearnotepad("D:\Upoad_File\Projet_ Login\Sephora\20.01\20.04_Sephora_refID3.txt"): null

2022-06-09 21:24:54 - [TEST_STEP][PASSED] - openBrowser(Url_Sephora): Browser is opened with url: 'http://mdb-release.diadeis.lan/MediaboxIndependence/?MBI_datasource=RELTESTAUTO_SEPHORA'

2022-06-09 21:24:54 - [MESSAGE][INFO] - Starting 'Chrome (headless)' driver

2022-06-09 21:24:54 - [MESSAGE][INFO] - User set preference: ['args', '[--window-size=1920,1080, --headless]']

2022-06-09 21:24:54 - [MESSAGE][INFO] - Action delay is set to 0 milliseconds

2022-06-09 21:25:00 - [MESSAGE][PASSED] - Browser is opened with url: 'http://mdb-release.diadeis.lan/MediaboxIndependence/?MBI_datasource=RELTESTAUTO_SEPHORA'

2022-06-09 21:25:00 - [TEST_STEP][PASSED] - maximizeWindow(): Current window maximized

2022-06-09 21:25:01 - [MESSAGE][PASSED] - Current window maximized

2022-06-09 21:25:01 - [TEST_STEP][PASSED] - I.Login_password("atran", password_atran): Object: 'Object Repository/1. Constant/xpath' is clicked on

2022-06-09 21:25:01 - [MESSAGE][PASSED] - Text 'atran' is set on object 'Object Repository/1. Constant/xpath'

2022-06-09 21:25:02 - [MESSAGE][PASSED] - Delayed 1 second(s)

2022-06-09 21:25:02 - [MESSAGE][PASSED] - Text 'dchi3' is set on object 'Object Repository/1. Constant/xpath'

2022-06-09 21:25:03 - [MESSAGE][PASSED] - Delayed 1 second(s)

2022-06-09 21:25:11 - [MESSAGE][PASSED] - Object: 'Object Repository/1. Constant/xpath' is clicked on

2022-06-09 21:25:11 - [TEST_STEP][PASSED] - click(findTestObject("1. Constant/02_LHSMenu_Projects")): Object: 'Object Repository/1. Constant/02_LHSMenu_Projects' is clicked on

2022-06-09 21:25:16 - [MESSAGE][PASSED] - Object: 'Object Repository/1. Constant/02_LHSMenu_Projects' is clicked on

2022-06-09 21:25:16 - [TEST_STEP][PASSED] - I.SearchProjectNo_xpath(Project_No, "//*[@id="keynum_project"]", "//*[@id="form_filters"]/div[4]/button"): Delayed 5 second(s)

2022-06-09 21:25:17 - [MESSAGE][PASSED] - Delayed 1 second(s)

2022-06-09 21:25:17 - [MESSAGE][PASSED] - Text 'MI001945' is set on object 'Object Repository/1. Constant/xpath'

2022-06-09 21:25:20 - [MESSAGE][PASSED] - Delayed 3 second(s)

2022-06-09 21:25:21 - [MESSAGE][PASSED] - Scroll to object 'Object Repository/1. Constant/xpath' successfully

2022-06-09 21:25:23 - [MESSAGE][PASSED] - Object: 'Object Repository/1. Constant/xpath' is clicked on

2022-06-09 21:25:28 - [MESSAGE][PASSED] - Delayed 5 second(s)

2022-06-09 21:25:28 - [TEST_STEP][PASSED] - takeScreenshot(): Taking screenshot successfully

2022-06-09 21:25:29 - [MESSAGE][PASSED] - Taking screenshot successfully
[[ATTACHMENT|D:\\Projet Test Auto\\Mediabox Test Automation\\Reports\\20220609_181011\\03. Parallel Testing (Testing)\\TS -PT PART 3\\15.01 Sephora Duplication Standard\\20220609_181114\\1654802728727.png]]

2022-06-09 21:25:29 - [TEST_STEP][PASSED] - click(findTestObject("1. Constant/xpath", ["xpath":"//*[@id="btnduplicatereference"]"])): Object: 'Object Repository/1. Constant/xpath' is clicked on

2022-06-09 21:25:29 - [MESSAGE][PASSED] - Object: 'Object Repository/1. Constant/xpath' is clicked on

2022-06-09 21:25:29 - [TEST_STEP][PASSED] - click(findTestObject("1. Constant/xpath", ["xpath":"//*[@id="source_" + refID + ""]/td[1]/label"])): Object: 'Object Repository/1. Constant/xpath' is clicked on

2022-06-09 21:25:30 - [MESSAGE][PASSED] - Object: 'Object Repository/1. Constant/xpath' is clicked on

2022-06-09 21:25:30 - [TEST_STEP][PASSED] - click(findTestObject("1. Constant/xpath", ["xpath":"//*[@id="action_btnduplicatereference"]"])): Object: 'Object Repository/1. Constant/xpath' is clicked on

2022-06-09 21:25:31 - [MESSAGE][PASSED] - Object: 'Object Repository/1. Constant/xpath' is clicked on

2022-06-09 21:25:31 - [TEST_STEP][PASSED] - takeScreenshot(): Taking screenshot successfully

2022-06-09 21:25:32 - [MESSAGE][PASSED] - Taking screenshot successfully
[[ATTACHMENT|D:\\Projet Test Auto\\Mediabox Test Automation\\Reports\\20220609_181011\\03. Parallel Testing (Testing)\\TS -PT PART 3\\15.01 Sephora Duplication Standard\\20220609_181114\\1654802731691.png]]

2022-06-09 21:25:32 - [TEST_STEP][PASSED] - delay(1): Delayed 1 second(s)

2022-06-09 21:25:33 - [MESSAGE][PASSED] - Delayed 1 second(s)

2022-06-09 21:25:33 - [TEST_STEP][PASSED] - I.SelectFromList_Label("//*[@id="lfc_tpl5"]", "FS process"): Delayed 2 second(s)

2022-06-09 21:25:34 - [MESSAGE][PASSED] - All options with label 'FS process' are selected in object 'Object Repository/1. Constant/xpath' 

2022-06-09 21:25:36 - [MESSAGE][PASSED] - Delayed 2 second(s)

2022-06-09 21:25:36 - [TEST_STEP][PASSED] - click(findTestObject("1. Constant/xpath", ["xpath":"//*[@id="btn_submit_duplication"]"])): Object: 'Object Repository/1. Constant/xpath' is clicked on

2022-06-09 21:25:41 - [MESSAGE][PASSED] - Object: 'Object Repository/1. Constant/xpath' is clicked on

2022-06-09 21:25:41 - [TEST_STEP][PASSED] - delay(1): Delayed 1 second(s)

2022-06-09 21:25:42 - [MESSAGE][PASSED] - Delayed 1 second(s)

2022-06-09 21:25:42 - [TEST_STEP][PASSED] - I.VerifyMatchText("//*[@id="kt_content"]/div[3]/div/div[2]/div[1]/div[1]/h1/span", "2"): Actual text '2' and expected text '2' are matched 

2022-06-09 21:25:42 - [MESSAGE][PASSED] - Text of object 'Object Repository/1. Constant/xpath' is: '2'

2022-06-09 21:25:43 - [MESSAGE][PASSED] - Delayed 1 second(s)

2022-06-09 21:25:43 - [MESSAGE][PASSED] - Actual text '2' and expected text '2' are matched 

2022-06-09 21:25:43 - [TEST_STEP][PASSED] - takeScreenshot(): Taking screenshot successfully

2022-06-09 21:25:44 - [MESSAGE][PASSED] - Taking screenshot successfully
[[ATTACHMENT|D:\\Projet Test Auto\\Mediabox Test Automation\\Reports\\20220609_181011\\03. Parallel Testing (Testing)\\TS -PT PART 3\\15.01 Sephora Duplication Standard\\20220609_181114\\1654802743750.png]]

2022-06-09 21:25:44 - [TEST_STEP][PASSED] - I.SearchRefNo_xpath("Copy 1 of", "//*[@id="fiche_filter_keywords11"]", "//*[@id="form_filters"]/div[3]/button"): Delayed 5 second(s)

2022-06-09 21:25:45 - [MESSAGE][PASSED] - Delayed 1 second(s)

2022-06-09 21:25:47 - [MESSAGE][PASSED] - Text 'Copy 1 of' is set on object 'Object Repository/1. Constant/xpath'

2022-06-09 21:25:50 - [MESSAGE][PASSED] - Delayed 3 second(s)

2022-06-09 21:25:50 - [MESSAGE][PASSED] - Scroll to object 'Object Repository/1. Constant/xpath' successfully

2022-06-09 21:25:52 - [MESSAGE][PASSED] - Object: 'Object Repository/1. Constant/xpath' is clicked on

2022-06-09 21:25:57 - [MESSAGE][PASSED] - Delayed 5 second(s)

2022-06-09 21:25:57 - [TEST_STEP][PASSED] - click(findTestObject("1. Constant/xpath", ["xpath":"/html/body/div[1]/div[2]/div[4]/div[3]/div/div[2]/div[2]/div[1]/table/tbody/tr/td[4]/a"])): Object: 'Object Repository/1. Constant/xpath' is clicked on

2022-06-09 21:26:00 - [MESSAGE][PASSED] - Object: 'Object Repository/1. Constant/xpath' is clicked on

2022-06-09 21:26:00 - [TEST_STEP][PASSED] - delay(1): Delayed 1 second(s)

2022-06-09 21:26:01 - [MESSAGE][PASSED] - Delayed 1 second(s)

2022-06-09 21:26:01 - [TEST_STEP][PASSED] - dupli_refid = I.RefID(): Current window's url is: 'http://mdb-release.diadeis.lan/MediaboxIndependence/Base/ExecAction?action=VoirRef&IDSession=MBI!RELTESTAUTO_SEPHORA!CQV6D9RI28FUNWLR3QDIVF9S8JJ2XPMZ8A0QNYOB&num=QGEKR1UAZL&id_ref=5046'

2022-06-09 21:26:06 - [MESSAGE][PASSED] - Delayed 5 second(s)

2022-06-09 21:26:06 - [MESSAGE][PASSED] - Current window's url is: 'http://mdb-release.diadeis.lan/MediaboxIndependence/Base/ExecAction?action=VoirRef&IDSession=MBI!RELTESTAUTO_SEPHORA!CQV6D9RI28FUNWLR3QDIVF9S8JJ2XPMZ8A0QNYOB&num=QGEKR1UAZL&id_ref=5046'

2022-06-09 21:26:06 - [TEST_STEP][PASSED] - I.writenotepad("D:\Upoad_File\Projet_ Login\Sephora\20.01\20.04_Sephora_refID3.txt", dupli_refid): null

2022-06-09 21:26:06 - [TEST_STEP][PASSED] - click(findTestObject("1. Constant/xpath", ["xpath":"//*[@id="aff_full_brief"]"])): Object: 'Object Repository/1. Constant/xpath' is clicked on

2022-06-09 21:26:07 - [MESSAGE][PASSED] - Object: 'Object Repository/1. Constant/xpath' is clicked on

2022-06-09 21:26:07 - [TEST_STEP][PASSED] - delay(1): Delayed 1 second(s)

2022-06-09 21:26:08 - [MESSAGE][PASSED] - Delayed 1 second(s)

2022-06-09 21:26:08 - [TEST_STEP][PASSED] - I.VerifyMatchText("//*[@id="var_152"]", "Complete"): Actual text 'Complete' and expected text 'Complete' are matched 

2022-06-09 21:26:09 - [MESSAGE][PASSED] - Text of object 'Object Repository/1. Constant/xpath' is: 'Complete'

2022-06-09 21:26:10 - [MESSAGE][PASSED] - Delayed 1 second(s)

2022-06-09 21:26:10 - [MESSAGE][PASSED] - Actual text 'Complete' and expected text 'Complete' are matched 

2022-06-09 21:26:10 - [TEST_STEP][PASSED] - I.VerifyMatchText("//*[@id="var_50"]", "Primaire"): Actual text 'Primaire' and expected text 'Primaire' are matched 

2022-06-09 21:26:10 - [MESSAGE][PASSED] - Text of object 'Object Repository/1. Constant/xpath' is: 'Primaire'

2022-06-09 21:26:11 - [MESSAGE][PASSED] - Delayed 1 second(s)

2022-06-09 21:26:11 - [MESSAGE][PASSED] - Actual text 'Primaire' and expected text 'Primaire' are matched 

2022-06-09 21:26:11 - [TEST_STEP][PASSED] - I.VerifyMatchText("//*[@id="var_49"]", "Etui"): Actual text 'Etui' and expected text 'Etui' are matched 

2022-06-09 21:26:11 - [MESSAGE][PASSED] - Text of object 'Object Repository/1. Constant/xpath' is: 'Etui'

2022-06-09 21:26:12 - [MESSAGE][PASSED] - Delayed 1 second(s)

2022-06-09 21:26:12 - [MESSAGE][PASSED] - Actual text 'Etui' and expected text 'Etui' are matched 

2022-06-09 21:26:12 - [TEST_STEP][PASSED] - click(findTestObject("1. Constant/xpath", ["xpath":"//*[@id="btn_view_ref_parent"]"])): Object: 'Object Repository/1. Constant/xpath' is clicked on

2022-06-09 21:26:15 - [MESSAGE][PASSED] - Object: 'Object Repository/1. Constant/xpath' is clicked on

2022-06-09 21:26:15 - [TEST_STEP][PASSED] - takeScreenshot(): Taking screenshot successfully

2022-06-09 21:26:15 - [MESSAGE][PASSED] - Taking screenshot successfully
[[ATTACHMENT|D:\\Projet Test Auto\\Mediabox Test Automation\\Reports\\20220609_181011\\03. Parallel Testing (Testing)\\TS -PT PART 3\\15.01 Sephora Duplication Standard\\20220609_181114\\1654802775177.png]]

2022-06-09 21:26:15 - [TEST_STEP][PASSED] - delay(1): Delayed 1 second(s)

2022-06-09 21:26:16 - [MESSAGE][PASSED] - Delayed 1 second(s)

2022-06-09 21:26:16 - [TEST_STEP][PASSED] - parent_refid = I.RefID(): Current window's url is: 'http://mdb-release.diadeis.lan/MediaboxIndependence/Base/ExecAction?action=VoirRef&IDSession=MBI!RELTESTAUTO_SEPHORA!CQV6D9RI28FUNWLR3QDIVF9S8JJ2XPMZ8A0QNYOB&num=SDNHQWO02K&id_ref=4993'

2022-06-09 21:26:21 - [MESSAGE][PASSED] - Delayed 5 second(s)

2022-06-09 21:26:21 - [MESSAGE][PASSED] - Current window's url is: 'http://mdb-release.diadeis.lan/MediaboxIndependence/Base/ExecAction?action=VoirRef&IDSession=MBI!RELTESTAUTO_SEPHORA!CQV6D9RI28FUNWLR3QDIVF9S8JJ2XPMZ8A0QNYOB&num=SDNHQWO02K&id_ref=4993'

2022-06-09 21:26:21 - [TEST_STEP][PASSED] - verifyNotMatch(parent_refid, dupli_refid, false): Actual text '4993' and expected text '5046' are not matched 

2022-06-09 21:26:21 - [MESSAGE][PASSED] - Actual text '4993' and expected text '5046' are not matched 

2022-06-09 21:26:21 - [TEST_STEP][PASSED] - delay(1): Delayed 1 second(s)

2022-06-09 21:26:22 - [MESSAGE][PASSED] - Delayed 1 second(s)

2022-06-09 21:26:22 - [TEST_STEP][PASSED] - click(findTestObject("1. Constant/xpath", ["xpath":"//*[@id="kt_subheader"]/div/nav/ol/li[2]/a"])): Object: 'Object Repository/1. Constant/xpath' is clicked on

2022-06-09 21:26:25 - [MESSAGE][PASSED] - Object: 'Object Repository/1. Constant/xpath' is clicked on

2022-06-09 21:26:25 - [TEST_STEP][PASSED] - delay(1): Delayed 1 second(s)

2022-06-09 21:26:26 - [MESSAGE][PASSED] - Delayed 1 second(s)

2022-06-09 21:26:26 - [TEST_STEP][PASSED] - I.SearchRefNo_xpath("Copy 1 of", "//*[@id="fiche_filter_keywords11"]", "//*[@id="form_filters"]/div[3]/button"): Delayed 5 second(s)

2022-06-09 21:26:27 - [MESSAGE][PASSED] - Delayed 1 second(s)

2022-06-09 21:26:28 - [MESSAGE][PASSED] - Text 'Copy 1 of' is set on object 'Object Repository/1. Constant/xpath'

2022-06-09 21:26:31 - [MESSAGE][PASSED] - Delayed 3 second(s)

2022-06-09 21:26:32 - [MESSAGE][PASSED] - Scroll to object 'Object Repository/1. Constant/xpath' successfully

2022-06-09 21:26:36 - [MESSAGE][PASSED] - Object: 'Object Repository/1. Constant/xpath' is clicked on

2022-06-09 21:26:41 - [MESSAGE][PASSED] - Delayed 5 second(s)

2022-06-09 21:26:41 - [TEST_STEP][PASSED] - I.superedit_ref(findTestObject("1. Constant/xpath", ["xpath":"/html/body/div[1]/div[2]/div[4]/div[3]/div/div[2]/div[2]/div[1]/table/tbody/tr/td[7]/div/button"]), findTestObject("1. Constant/xpath", ["xpath":"/html/body/div[1]/div[2]/div[4]/div[3]/div/div[2]/div[2]/div[1]/table/tbody/tr/td[7]/div/div/a[4]"])): Object: 'Object Repository/1. Constant/xpath' is clicked on

2022-06-09 21:26:41 - [MESSAGE][PASSED] - Object: 'Object Repository/1. Constant/xpath' is clicked on

2022-06-09 21:26:44 - [MESSAGE][PASSED] - Delayed 3 second(s)

2022-06-09 21:26:47 - [MESSAGE][PASSED] - Object: 'Object Repository/1. Constant/xpath' is clicked on

2022-06-09 21:26:47 - [TEST_STEP][PASSED] - setText(findTestObject("1. Constant/xpath", ["xpath":"//*[@id="var_146"]"]), "TC20.04 Super edit component code - devfs"): Text 'TC20.04 Super edit component code - devfs' is set on object 'Object Repository/1. Constant/xpath'

2022-06-09 21:26:49 - [MESSAGE][PASSED] - Text 'TC20.04 Super edit component code - devfs' is set on object 'Object Repository/1. Constant/xpath'

2022-06-09 21:26:49 - [TEST_STEP][PASSED] - click(findTestObject("1. Constant/xpath", ["xpath":"//*[@id="ModifFiche"]/div[1]/div/button"])): Object: 'Object Repository/1. Constant/xpath' is clicked on

2022-06-09 21:26:52 - [MESSAGE][PASSED] - Object: 'Object Repository/1. Constant/xpath' is clicked on

2022-06-09 21:26:52 - [TEST_STEP][PASSED] - delay(1): Delayed 1 second(s)

2022-06-09 21:26:53 - [MESSAGE][PASSED] - Delayed 1 second(s)

2022-06-09 21:26:53 - [TEST_STEP][PASSED] - verifyTextPresent(" Components List", false): Text ' Components List' is present on page 

2022-06-09 21:26:53 - [MESSAGE][PASSED] - Text ' Components List' is present on page 

2022-06-09 21:26:53 - [TEST_STEP][PASSED] - closeBrowser(): Browser is closed

2022-06-09 21:26:54 - [MESSAGE][PASSED] - Browser is closed

2022-06-09 21:26:54 - [TEST_STEP][PASSED] - Start listener action : sampleAfterTestCase: null]]></system-out>
         <system-err><![CDATA[]]></system-err>
      </testcase>
      <testcase name="Test Cases/20. Sephora_NPP Duplication Standard_ Duplication Shortcut/20.05 Sephora CloseProject_Errormsg_CreateButton - Used 20.04 (P5)" time="147.188" classname="Test Cases/20. Sephora_NPP Duplication Standard_ Duplication Shortcut/20.05 Sephora CloseProject_Errormsg_CreateButton - Used 20.04 (P5)" status="PASSED">
         <system-out><![CDATA[2022-06-09 21:26:54 - [TEST_CASE][PASSED] - Test Cases/20. Sephora_NPP Duplication Standard_ Duplication Shortcut/20.05 Sephora CloseProject_Errormsg_CreateButton - Used 20.04 (P5): Test Cases/20. Sephora_NPP Duplication Standard_ Duplication Shortcut/20.05 Sephora CloseProject_Errormsg_CreateButton - Used 20.04 (P5)

2022-06-09 21:26:55 - [TEST_STEP][PASSED] - data_Sephora = findTestData("Data Files/Username_Password/Sephora"): null

2022-06-09 21:26:55 - [TEST_STEP][PASSED] - password_atran = data_Sephora.getValue(2, 1): null

2022-06-09 21:26:55 - [TEST_STEP][PASSED] - data_urlRELAUTO = findTestData("Data Files/URL/URL_relauto"): null

2022-06-09 21:26:55 - [TEST_STEP][PASSED] - Url_Sephora = data_urlRELAUTO.getValue(2, 1): null

2022-06-09 21:26:55 - [TEST_STEP][PASSED] - Project_No = I.readnotepad("D:\Upoad_File\Projet_ Login\Sephora\20.01\20.01_Sephora_ProjectNo.txt"): null

2022-06-09 21:26:55 - [TEST_STEP][PASSED] - refID = I.readnotepad("D:\Upoad_File\Projet_ Login\Sephora\20.01\20.01_Sephora_refID.txt"): null

2022-06-09 21:26:55 - [TEST_STEP][PASSED] - ref_name1 = I.readnotepad("D:\Upoad_File\Projet_ Login\Sephora\20.01\20.01_Sephora_refIDName.txt"): null

2022-06-09 21:26:55 - [TEST_STEP][PASSED] - refID2 = I.readnotepad("D:\Upoad_File\Projet_ Login\Sephora\20.01\20.04_Sephora_refID3.txt"): null

2022-06-09 21:26:55 - [TEST_STEP][PASSED] - openBrowser(Url_Sephora): Browser is opened with url: 'http://mdb-release.diadeis.lan/MediaboxIndependence/?MBI_datasource=RELTESTAUTO_SEPHORA'

2022-06-09 21:26:55 - [MESSAGE][INFO] - Starting 'Chrome (headless)' driver

2022-06-09 21:26:55 - [MESSAGE][INFO] - User set preference: ['args', '[--window-size=1920,1080, --headless]']

2022-06-09 21:26:55 - [MESSAGE][INFO] - Action delay is set to 0 milliseconds

2022-06-09 21:27:01 - [MESSAGE][PASSED] - Browser is opened with url: 'http://mdb-release.diadeis.lan/MediaboxIndependence/?MBI_datasource=RELTESTAUTO_SEPHORA'

2022-06-09 21:27:01 - [TEST_STEP][PASSED] - maximizeWindow(): Current window maximized

2022-06-09 21:27:02 - [MESSAGE][PASSED] - Current window maximized

2022-06-09 21:27:02 - [TEST_STEP][PASSED] - I.Login_password("atran", password_atran): Object: 'Object Repository/1. Constant/xpath' is clicked on

2022-06-09 21:27:03 - [MESSAGE][PASSED] - Text 'atran' is set on object 'Object Repository/1. Constant/xpath'

2022-06-09 21:27:04 - [MESSAGE][PASSED] - Delayed 1 second(s)

2022-06-09 21:27:05 - [MESSAGE][PASSED] - Text 'dchi3' is set on object 'Object Repository/1. Constant/xpath'

2022-06-09 21:27:06 - [MESSAGE][PASSED] - Delayed 1 second(s)

2022-06-09 21:27:14 - [MESSAGE][PASSED] - Object: 'Object Repository/1. Constant/xpath' is clicked on

2022-06-09 21:27:14 - [TEST_STEP][PASSED] - click(findTestObject("1. Constant/02_LHSMenu_Projects")): Object: 'Object Repository/1. Constant/02_LHSMenu_Projects' is clicked on

2022-06-09 21:27:18 - [MESSAGE][PASSED] - Object: 'Object Repository/1. Constant/02_LHSMenu_Projects' is clicked on

2022-06-09 21:27:18 - [TEST_STEP][PASSED] - I.SearchProjectNo_xpath(Project_No, "//*[@id="keynum_project"]", "//*[@id="form_filters"]/div[4]/button"): Delayed 5 second(s)

2022-06-09 21:27:19 - [MESSAGE][PASSED] - Delayed 1 second(s)

2022-06-09 21:27:20 - [MESSAGE][PASSED] - Text 'MI001945' is set on object 'Object Repository/1. Constant/xpath'

2022-06-09 21:27:23 - [MESSAGE][PASSED] - Delayed 3 second(s)

2022-06-09 21:27:23 - [MESSAGE][PASSED] - Scroll to object 'Object Repository/1. Constant/xpath' successfully

2022-06-09 21:27:25 - [MESSAGE][PASSED] - Object: 'Object Repository/1. Constant/xpath' is clicked on

2022-06-09 21:27:30 - [MESSAGE][PASSED] - Delayed 5 second(s)

2022-06-09 21:27:30 - [TEST_STEP][PASSED] - takeScreenshot(): Taking screenshot successfully

2022-06-09 21:27:31 - [MESSAGE][PASSED] - Taking screenshot successfully
[[ATTACHMENT|D:\\Projet Test Auto\\Mediabox Test Automation\\Reports\\20220609_181011\\03. Parallel Testing (Testing)\\TS -PT PART 3\\15.01 Sephora Duplication Standard\\20220609_181114\\1654802850711.png]]

2022-06-09 21:27:31 - [TEST_STEP][PASSED] - click(findTestObject("1. Constant/xpath", ["xpath":"//*[@id="source_" + refID2 + ""]/td[7]/div/button"])): Object: 'Object Repository/1. Constant/xpath' is clicked on

2022-06-09 21:27:31 - [MESSAGE][PASSED] - Object: 'Object Repository/1. Constant/xpath' is clicked on

2022-06-09 21:27:31 - [TEST_STEP][PASSED] - delay(1): Delayed 1 second(s)

2022-06-09 21:27:32 - [MESSAGE][PASSED] - Delayed 1 second(s)

2022-06-09 21:27:32 - [TEST_STEP][PASSED] - click(findTestObject("1. Constant/xpath", ["xpath":"//*[@id="source_" + refID2 + ""]/td[7]/div/div/a[2]"])): Object: 'Object Repository/1. Constant/xpath' is clicked on

2022-06-09 21:27:34 - [MESSAGE][PASSED] - Object: 'Object Repository/1. Constant/xpath' is clicked on

2022-06-09 21:27:34 - [TEST_STEP][PASSED] - delay(1): Delayed 1 second(s)

2022-06-09 21:27:35 - [MESSAGE][PASSED] - Delayed 1 second(s)

2022-06-09 21:27:35 - [TEST_STEP][PASSED] - click(findTestObject("1. Constant/xpath", ["xpath":"//*[@id="kt_body"]/div[9]/div/div/div[2]/button[2]"])): Object: 'Object Repository/1. Constant/xpath' is clicked on

2022-06-09 21:27:38 - [MESSAGE][PASSED] - Object: 'Object Repository/1. Constant/xpath' is clicked on

2022-06-09 21:27:38 - [TEST_STEP][PASSED] - I.VerifyMatchText("//*[@id="source_" + refID2 + ""]/td[5]/span", "Canceled"): Actual text 'Canceled' and expected text 'Canceled' are matched 

2022-06-09 21:27:38 - [MESSAGE][PASSED] - Text of object 'Object Repository/1. Constant/xpath' is: 'Canceled'

2022-06-09 21:27:39 - [MESSAGE][PASSED] - Delayed 1 second(s)

2022-06-09 21:27:39 - [MESSAGE][PASSED] - Actual text 'Canceled' and expected text 'Canceled' are matched 

2022-06-09 21:27:39 - [TEST_STEP][PASSED] - takeScreenshot(): Taking screenshot successfully

2022-06-09 21:27:40 - [MESSAGE][PASSED] - Taking screenshot successfully
[[ATTACHMENT|D:\\Projet Test Auto\\Mediabox Test Automation\\Reports\\20220609_181011\\03. Parallel Testing (Testing)\\TS -PT PART 3\\15.01 Sephora Duplication Standard\\20220609_181114\\1654802859918.png]]

2022-06-09 21:27:40 - [TEST_STEP][PASSED] - delay(1): Delayed 1 second(s)

2022-06-09 21:27:41 - [MESSAGE][PASSED] - Delayed 1 second(s)

2022-06-09 21:27:41 - [TEST_STEP][PASSED] - click(findTestObject("1. Constant/xpath", ["xpath":"//*[@id="card_project"]/div[2]/div/div[3]/a[4]"])): Object: 'Object Repository/1. Constant/xpath' is clicked on

2022-06-09 21:27:44 - [MESSAGE][PASSED] - Object: 'Object Repository/1. Constant/xpath' is clicked on

2022-06-09 21:27:44 - [TEST_STEP][PASSED] - I.VerifyMatchToastrmsg("//*[@id="toast-container"]/div/div[2]", "You cannot close this project because it contains at least 1 reference not completed, not deleted or not cancelled."): Actual text 'You cannot close this project because it contains at least 1 reference not completed, not deleted or not cancelled.' and expected text 'You cannot close this project because it contains at least 1 reference not completed, not deleted or not cancelled.' are matched 

2022-06-09 21:27:44 - [MESSAGE][PASSED] - Object 'Object Repository/1. Constant/xpath' is visible

2022-06-09 21:27:44 - [MESSAGE][PASSED] - Text of object 'Object Repository/1. Constant/xpath' is: 'You cannot close this project because it contains at least 1 reference not completed, not deleted or not cancelled.'

2022-06-09 21:27:45 - [MESSAGE][PASSED] - Taking screenshot successfully
[[ATTACHMENT|D:\\Projet Test Auto\\Mediabox Test Automation\\Reports\\20220609_181011\\03. Parallel Testing (Testing)\\TS -PT PART 3\\15.01 Sephora Duplication Standard\\20220609_181114\\1654802864805.png]]

2022-06-09 21:27:45 - [MESSAGE][PASSED] - Actual text 'You cannot close this project because it contains at least 1 reference not completed, not deleted or not cancelled.' and expected text 'You cannot close this project because it contains at least 1 reference not completed, not deleted or not cancelled.' are matched 

2022-06-09 21:27:45 - [TEST_STEP][PASSED] - takeScreenshot(): Taking screenshot successfully

2022-06-09 21:27:45 - [MESSAGE][PASSED] - Taking screenshot successfully
[[ATTACHMENT|D:\\Projet Test Auto\\Mediabox Test Automation\\Reports\\20220609_181011\\03. Parallel Testing (Testing)\\TS -PT PART 3\\15.01 Sephora Duplication Standard\\20220609_181114\\1654802865092.png]]

2022-06-09 21:27:45 - [TEST_STEP][PASSED] - I.SearchProjectNo_xpath(Project_No, "//*[@id="keynum_project"]", "//*[@id="form_filters"]/div[4]/button"): Delayed 5 second(s)

2022-06-09 21:27:46 - [MESSAGE][PASSED] - Delayed 1 second(s)

2022-06-09 21:27:46 - [MESSAGE][PASSED] - Text 'MI001945' is set on object 'Object Repository/1. Constant/xpath'

2022-06-09 21:27:49 - [MESSAGE][PASSED] - Delayed 3 second(s)

2022-06-09 21:27:51 - [MESSAGE][PASSED] - Scroll to object 'Object Repository/1. Constant/xpath' successfully

2022-06-09 21:27:53 - [MESSAGE][PASSED] - Object: 'Object Repository/1. Constant/xpath' is clicked on

2022-06-09 21:27:58 - [MESSAGE][PASSED] - Delayed 5 second(s)

2022-06-09 21:27:58 - [TEST_STEP][PASSED] - takeScreenshot(): Taking screenshot successfully

2022-06-09 21:27:59 - [MESSAGE][PASSED] - Taking screenshot successfully
[[ATTACHMENT|D:\\Projet Test Auto\\Mediabox Test Automation\\Reports\\20220609_181011\\03. Parallel Testing (Testing)\\TS -PT PART 3\\15.01 Sephora Duplication Standard\\20220609_181114\\1654802879161.png]]

2022-06-09 21:27:59 - [TEST_STEP][PASSED] - click(findTestObject("1. Constant/xpath", ["xpath":"//*[@id="source_" + refID + ""]/td[7]/div/button"])): Object: 'Object Repository/1. Constant/xpath' is clicked on

2022-06-09 21:27:59 - [MESSAGE][PASSED] - Object: 'Object Repository/1. Constant/xpath' is clicked on

2022-06-09 21:27:59 - [TEST_STEP][PASSED] - delay(5): Delayed 5 second(s)

2022-06-09 21:28:04 - [MESSAGE][PASSED] - Delayed 5 second(s)

2022-06-09 21:28:04 - [TEST_STEP][PASSED] - click(findTestObject("1. Constant/xpath", ["xpath":"//*[@id="source_" + refID + ""]/td[7]/div/div/a[1]"])): Object: 'Object Repository/1. Constant/xpath' is clicked on

2022-06-09 21:28:05 - [MESSAGE][PASSED] - Object: 'Object Repository/1. Constant/xpath' is clicked on

2022-06-09 21:28:05 - [TEST_STEP][PASSED] - delay(5): Delayed 5 second(s)

2022-06-09 21:28:10 - [MESSAGE][PASSED] - Delayed 5 second(s)

2022-06-09 21:28:10 - [TEST_STEP][PASSED] - click(findTestObject("1. Constant/xpath", ["xpath":"//*[@id="validButtonStdBy"]"])): Object: 'Object Repository/1. Constant/xpath' is clicked on

2022-06-09 21:28:12 - [MESSAGE][PASSED] - Object: 'Object Repository/1. Constant/xpath' is clicked on

2022-06-09 21:28:12 - [TEST_STEP][PASSED] - I.VerifyMatchText("//*[@id="source_" + refID + ""]/td[5]/span", "Stand by"): Actual text 'Stand by' and expected text 'Stand by' are matched 

2022-06-09 21:28:13 - [MESSAGE][PASSED] - Text of object 'Object Repository/1. Constant/xpath' is: 'Stand by'

2022-06-09 21:28:14 - [MESSAGE][PASSED] - Delayed 1 second(s)

2022-06-09 21:28:14 - [MESSAGE][PASSED] - Actual text 'Stand by' and expected text 'Stand by' are matched 

2022-06-09 21:28:14 - [TEST_STEP][PASSED] - takeScreenshot(): Taking screenshot successfully

2022-06-09 21:28:14 - [MESSAGE][PASSED] - Taking screenshot successfully
[[ATTACHMENT|D:\\Projet Test Auto\\Mediabox Test Automation\\Reports\\20220609_181011\\03. Parallel Testing (Testing)\\TS -PT PART 3\\15.01 Sephora Duplication Standard\\20220609_181114\\1654802894358.png]]

2022-06-09 21:28:14 - [TEST_STEP][PASSED] - delay(1): Delayed 1 second(s)

2022-06-09 21:28:15 - [MESSAGE][PASSED] - Delayed 1 second(s)

2022-06-09 21:28:15 - [TEST_STEP][PASSED] - click(findTestObject("1. Constant/xpath", ["xpath":"//*[@id="card_project"]/div[2]/div/div[3]/a[4]"])): Object: 'Object Repository/1. Constant/xpath' is clicked on

2022-06-09 21:28:19 - [MESSAGE][PASSED] - Object: 'Object Repository/1. Constant/xpath' is clicked on

2022-06-09 21:28:19 - [TEST_STEP][PASSED] - I.VerifyMatchToastrmsg("//*[@id="toast-container"]/div/div[2]", "You cannot close this project because it contains at least 1 reference not completed, not deleted or not cancelled."): Actual text 'You cannot close this project because it contains at least 1 reference not completed, not deleted or not cancelled.' and expected text 'You cannot close this project because it contains at least 1 reference not completed, not deleted or not cancelled.' are matched 

2022-06-09 21:28:19 - [MESSAGE][PASSED] - Object 'Object Repository/1. Constant/xpath' is visible

2022-06-09 21:28:19 - [MESSAGE][PASSED] - Text of object 'Object Repository/1. Constant/xpath' is: 'You cannot close this project because it contains at least 1 reference not completed, not deleted or not cancelled.'

2022-06-09 21:28:19 - [MESSAGE][PASSED] - Taking screenshot successfully
[[ATTACHMENT|D:\\Projet Test Auto\\Mediabox Test Automation\\Reports\\20220609_181011\\03. Parallel Testing (Testing)\\TS -PT PART 3\\15.01 Sephora Duplication Standard\\20220609_181114\\1654802899318.png]]

2022-06-09 21:28:19 - [MESSAGE][PASSED] - Actual text 'You cannot close this project because it contains at least 1 reference not completed, not deleted or not cancelled.' and expected text 'You cannot close this project because it contains at least 1 reference not completed, not deleted or not cancelled.' are matched 

2022-06-09 21:28:19 - [TEST_STEP][PASSED] - takeScreenshot(): Taking screenshot successfully

2022-06-09 21:28:20 - [MESSAGE][PASSED] - Taking screenshot successfully
[[ATTACHMENT|D:\\Projet Test Auto\\Mediabox Test Automation\\Reports\\20220609_181011\\03. Parallel Testing (Testing)\\TS -PT PART 3\\15.01 Sephora Duplication Standard\\20220609_181114\\1654802900311.png]]

2022-06-09 21:28:20 - [TEST_STEP][PASSED] - I.SearchProjectNo_xpath(Project_No, "//*[@id="keynum_project"]", "//*[@id="form_filters"]/div[4]/button"): Delayed 5 second(s)

2022-06-09 21:28:21 - [MESSAGE][PASSED] - Delayed 1 second(s)

2022-06-09 21:28:22 - [MESSAGE][PASSED] - Text 'MI001945' is set on object 'Object Repository/1. Constant/xpath'

2022-06-09 21:28:25 - [MESSAGE][PASSED] - Delayed 3 second(s)

2022-06-09 21:28:26 - [MESSAGE][PASSED] - Scroll to object 'Object Repository/1. Constant/xpath' successfully

2022-06-09 21:28:27 - [MESSAGE][PASSED] - Object: 'Object Repository/1. Constant/xpath' is clicked on

2022-06-09 21:28:32 - [MESSAGE][PASSED] - Delayed 5 second(s)

2022-06-09 21:28:32 - [TEST_STEP][PASSED] - takeScreenshot(): Taking screenshot successfully

2022-06-09 21:28:33 - [MESSAGE][PASSED] - Taking screenshot successfully
[[ATTACHMENT|D:\\Projet Test Auto\\Mediabox Test Automation\\Reports\\20220609_181011\\03. Parallel Testing (Testing)\\TS -PT PART 3\\15.01 Sephora Duplication Standard\\20220609_181114\\1654802913217.png]]

2022-06-09 21:28:33 - [TEST_STEP][PASSED] - click(findTestObject("1. Constant/xpath", ["xpath":"//*[@id="source_" + refID + ""]/td[7]/div/button"])): Object: 'Object Repository/1. Constant/xpath' is clicked on

2022-06-09 21:28:34 - [MESSAGE][PASSED] - Object: 'Object Repository/1. Constant/xpath' is clicked on

2022-06-09 21:28:34 - [TEST_STEP][PASSED] - delay(5): Delayed 5 second(s)

2022-06-09 21:28:39 - [MESSAGE][PASSED] - Delayed 5 second(s)

2022-06-09 21:28:39 - [TEST_STEP][PASSED] - click(findTestObject("1. Constant/xpath", ["xpath":"//*[@id="source_" + refID + ""]/td[7]/div/div/a[3]"])): Object: 'Object Repository/1. Constant/xpath' is clicked on

2022-06-09 21:28:39 - [MESSAGE][PASSED] - Object: 'Object Repository/1. Constant/xpath' is clicked on

2022-06-09 21:28:39 - [TEST_STEP][PASSED] - delay(1): Delayed 1 second(s)

2022-06-09 21:28:40 - [MESSAGE][PASSED] - Delayed 1 second(s)

2022-06-09 21:28:40 - [TEST_STEP][PASSED] - click(findTestObject("1. Constant/xpath", ["xpath":"//*[@id="kt_body"]/div[9]/div/div/div[2]/button[2]"])): Object: 'Object Repository/1. Constant/xpath' is clicked on

2022-06-09 21:28:42 - [MESSAGE][PASSED] - Object: 'Object Repository/1. Constant/xpath' is clicked on

2022-06-09 21:28:42 - [TEST_STEP][PASSED] - I.VerifyMatchText("//*[@id="source_" + refID + ""]/td[5]/span", "Deleted"): Actual text 'Deleted' and expected text 'Deleted' are matched 

2022-06-09 21:28:43 - [MESSAGE][PASSED] - Text of object 'Object Repository/1. Constant/xpath' is: 'Deleted'

2022-06-09 21:28:44 - [MESSAGE][PASSED] - Delayed 1 second(s)

2022-06-09 21:28:44 - [MESSAGE][PASSED] - Actual text 'Deleted' and expected text 'Deleted' are matched 

2022-06-09 21:28:44 - [TEST_STEP][PASSED] - takeScreenshot(): Taking screenshot successfully

2022-06-09 21:28:44 - [MESSAGE][PASSED] - Taking screenshot successfully
[[ATTACHMENT|D:\\Projet Test Auto\\Mediabox Test Automation\\Reports\\20220609_181011\\03. Parallel Testing (Testing)\\TS -PT PART 3\\15.01 Sephora Duplication Standard\\20220609_181114\\1654802924290.png]]

2022-06-09 21:28:44 - [TEST_STEP][PASSED] - delay(1): Delayed 1 second(s)

2022-06-09 21:28:45 - [MESSAGE][PASSED] - Delayed 1 second(s)

2022-06-09 21:28:45 - [TEST_STEP][PASSED] - click(findTestObject("1. Constant/xpath", ["xpath":"//*[@id="card_project"]/div[2]/div/div[3]/a[4]"])): Object: 'Object Repository/1. Constant/xpath' is clicked on

2022-06-09 21:28:49 - [MESSAGE][PASSED] - Object: 'Object Repository/1. Constant/xpath' is clicked on

2022-06-09 21:28:49 - [TEST_STEP][PASSED] - I.VerifyMatchToastrmsg("//*[@id="toast-container"]/div/div[2]", "Project closed."): Actual text 'Project closed.' and expected text 'Project closed.' are matched 

2022-06-09 21:28:50 - [MESSAGE][PASSED] - Object 'Object Repository/1. Constant/xpath' is visible

2022-06-09 21:28:50 - [MESSAGE][PASSED] - Text of object 'Object Repository/1. Constant/xpath' is: 'Project closed.'

2022-06-09 21:28:51 - [MESSAGE][PASSED] - Taking screenshot successfully
[[ATTACHMENT|D:\\Projet Test Auto\\Mediabox Test Automation\\Reports\\20220609_181011\\03. Parallel Testing (Testing)\\TS -PT PART 3\\15.01 Sephora Duplication Standard\\20220609_181114\\1654802930754.png]]

2022-06-09 21:28:51 - [MESSAGE][PASSED] - Actual text 'Project closed.' and expected text 'Project closed.' are matched 

2022-06-09 21:28:51 - [TEST_STEP][PASSED] - I.SearchProjectNo_xpath(Project_No, "//*[@id="keynum_project"]", "//*[@id="form_filters"]/div[4]/button"): Delayed 5 second(s)

2022-06-09 21:28:52 - [MESSAGE][PASSED] - Delayed 1 second(s)

2022-06-09 21:28:55 - [MESSAGE][PASSED] - Text 'MI001945' is set on object 'Object Repository/1. Constant/xpath'

2022-06-09 21:28:58 - [MESSAGE][PASSED] - Delayed 3 second(s)

2022-06-09 21:28:58 - [MESSAGE][PASSED] - Scroll to object 'Object Repository/1. Constant/xpath' successfully

2022-06-09 21:29:00 - [MESSAGE][PASSED] - Object: 'Object Repository/1. Constant/xpath' is clicked on

2022-06-09 21:29:05 - [MESSAGE][PASSED] - Delayed 5 second(s)

2022-06-09 21:29:05 - [TEST_STEP][PASSED] - verifyElementNotVisible(findTestObject("1. Constant/xpath", ["xpath":"//*[@id="create_ref_btn"]/button"])): Object 'Object Repository/1. Constant/xpath' is NOT visible

2022-06-09 21:29:05 - [MESSAGE][PASSED] - Object 'Object Repository/1. Constant/xpath' is NOT visible

2022-06-09 21:29:05 - [TEST_STEP][PASSED] - delay(1): Delayed 1 second(s)

2022-06-09 21:29:06 - [MESSAGE][PASSED] - Delayed 1 second(s)

2022-06-09 21:29:06 - [TEST_STEP][PASSED] - click(findTestObject("1. Constant/xpath", ["xpath":"//*[@id="card_project"]/div[2]/div/div[3]/a[4]"])): Object: 'Object Repository/1. Constant/xpath' is clicked on

2022-06-09 21:29:09 - [MESSAGE][PASSED] - Object: 'Object Repository/1. Constant/xpath' is clicked on

2022-06-09 21:29:09 - [TEST_STEP][PASSED] - I.VerifyMatchToastrmsg("//*[@id="toast-container"]/div/div[2]", "Project re-opened."): Actual text 'Project re-opened.' and expected text 'Project re-opened.' are matched 

2022-06-09 21:29:09 - [MESSAGE][PASSED] - Object 'Object Repository/1. Constant/xpath' is visible

2022-06-09 21:29:09 - [MESSAGE][PASSED] - Text of object 'Object Repository/1. Constant/xpath' is: 'Project re-opened.'

2022-06-09 21:29:10 - [MESSAGE][PASSED] - Taking screenshot successfully
[[ATTACHMENT|D:\\Projet Test Auto\\Mediabox Test Automation\\Reports\\20220609_181011\\03. Parallel Testing (Testing)\\TS -PT PART 3\\15.01 Sephora Duplication Standard\\20220609_181114\\1654802950000.png]]

2022-06-09 21:29:10 - [MESSAGE][PASSED] - Actual text 'Project re-opened.' and expected text 'Project re-opened.' are matched 

2022-06-09 21:29:10 - [TEST_STEP][PASSED] - I.SearchProjectNo_xpath(Project_No, "//*[@id="keynum_project"]", "//*[@id="form_filters"]/div[4]/button"): Delayed 5 second(s)

2022-06-09 21:29:11 - [MESSAGE][PASSED] - Delayed 1 second(s)

2022-06-09 21:29:11 - [MESSAGE][PASSED] - Text 'MI001945' is set on object 'Object Repository/1. Constant/xpath'

2022-06-09 21:29:14 - [MESSAGE][PASSED] - Delayed 3 second(s)

2022-06-09 21:29:14 - [MESSAGE][PASSED] - Scroll to object 'Object Repository/1. Constant/xpath' successfully

2022-06-09 21:29:17 - [MESSAGE][PASSED] - Object: 'Object Repository/1. Constant/xpath' is clicked on

2022-06-09 21:29:22 - [MESSAGE][PASSED] - Delayed 5 second(s)

2022-06-09 21:29:22 - [TEST_STEP][PASSED] - verifyElementVisible(findTestObject("1. Constant/xpath", ["xpath":"//*[@id="create_ref_btn"]/button"])): Object 'Object Repository/1. Constant/xpath' is visible

2022-06-09 21:29:22 - [MESSAGE][PASSED] - Object 'Object Repository/1. Constant/xpath' is visible

2022-06-09 21:29:22 - [TEST_STEP][PASSED] - Start listener action : sampleAfterTestCase: null]]></system-out>
         <system-err><![CDATA[]]></system-err>
      </testcase>
      <system-out><![CDATA[2022-06-09 21:05:50 - [TEST_SUITE][PASSED] - 15.01 Sephora Duplication Standard: Test Cases/20. Sephora_NPP Duplication Standard_ Duplication Shortcut/20.05 Sephora CloseProject_Errormsg_CreateButton - Used 20.04 (P5)]]></system-out>
      <system-err><![CDATA[]]></system-err>
   </testsuite>
</testsuites>
