<?xml version="1.0" encoding="UTF-8"?>
<testsuites name="06. NPP Partial Submission Mass Submit" time="1646.093" tests="4" failures="0" errors="0">
   <testsuite name="06. NPP Partial Submission Mass Submit" tests="4" failures="0" errors="0" time="1646.093" skipped="0" timestamp="2022-06-09 18:56:39" hostname="lamhe - DPF-MBI-VERIF.ad.sgsco.int" id="Test Suites/03. Parallel Testing (Testing)/TS -PT PART 3/06. NPP Partial Submission Mass Submit">
      <properties>
         <property name="deviceName" value=""/>
         <property name="devicePlatform" value=""/>
         <property name="logFolder" value="D:\\Projet Test Auto\\Mediabox Test Automation\\Reports\\20220609_181011\\03. Parallel Testing (Testing)\\TS -PT PART 3\\06. NPP Partial Submission Mass Submit\\20220609_181046"/>
         <property name="logFiles" value="D:\\Projet Test Auto\\Mediabox Test Automation\\Reports\\20220609_181011\\03. Parallel Testing (Testing)\\TS -PT PART 3\\06. NPP Partial Submission Mass Submit\\20220609_181046\\execution0.log"/>
         <property name="attachments" value="D:\\Projet Test Auto\\Mediabox Test Automation\\Reports\\20220609_181011\\03. Parallel Testing (Testing)\\TS -PT PART 3\\06. NPP Partial Submission Mass Submit\\20220609_181046\\1654793816453.png, D:\\Projet Test Auto\\Mediabox Test Automation\\Reports\\20220609_181011\\03. Parallel Testing (Testing)\\TS -PT PART 3\\06. NPP Partial Submission Mass Submit\\20220609_181046\\1654793861784.png, D:\\Projet Test Auto\\Mediabox Test Automation\\Reports\\20220609_181011\\03. Parallel Testing (Testing)\\TS -PT PART 3\\06. NPP Partial Submission Mass Submit\\20220609_181046\\1654794031922.png, D:\\Projet Test Auto\\Mediabox Test Automation\\Reports\\20220609_181011\\03. Parallel Testing (Testing)\\TS -PT PART 3\\06. NPP Partial Submission Mass Submit\\20220609_181046\\1654794055870.png, D:\\Projet Test Auto\\Mediabox Test Automation\\Reports\\20220609_181011\\03. Parallel Testing (Testing)\\TS -PT PART 3\\06. NPP Partial Submission Mass Submit\\20220609_181046\\1654794072717.png, D:\\Projet Test Auto\\Mediabox Test Automation\\Reports\\20220609_181011\\03. Parallel Testing (Testing)\\TS -PT PART 3\\06. NPP Partial Submission Mass Submit\\20220609_181046\\1654794081853.png, D:\\Projet Test Auto\\Mediabox Test Automation\\Reports\\20220609_181011\\03. Parallel Testing (Testing)\\TS -PT PART 3\\06. NPP Partial Submission Mass Submit\\20220609_181046\\1654794093628.png, D:\\Projet Test Auto\\Mediabox Test Automation\\Reports\\20220609_181011\\03. Parallel Testing (Testing)\\TS -PT PART 3\\06. NPP Partial Submission Mass Submit\\20220609_181046\\1654794110964.png, D:\\Projet Test Auto\\Mediabox Test Automation\\Reports\\20220609_181011\\03. Parallel Testing (Testing)\\TS -PT PART 3\\06. NPP Partial Submission Mass Submit\\20220609_181046\\1654794140087.png, D:\\Projet Test Auto\\Mediabox Test Automation\\Reports\\20220609_181011\\03. Parallel Testing (Testing)\\TS -PT PART 3\\06. NPP Partial Submission Mass Submit\\20220609_181046\\1654794156584.png, D:\\Projet Test Auto\\Mediabox Test Automation\\Reports\\20220609_181011\\03. Parallel Testing (Testing)\\TS -PT PART 3\\06. NPP Partial Submission Mass Submit\\20220609_181046\\1654794175286.png, D:\\Projet Test Auto\\Mediabox Test Automation\\Reports\\20220609_181011\\03. Parallel Testing (Testing)\\TS -PT PART 3\\06. NPP Partial Submission Mass Submit\\20220609_181046\\1654794192720.png, D:\\Projet Test Auto\\Mediabox Test Automation\\Reports\\20220609_181011\\03. Parallel Testing (Testing)\\TS -PT PART 3\\06. NPP Partial Submission Mass Submit\\20220609_181046\\1654794209622.png, D:\\Projet Test Auto\\Mediabox Test Automation\\Reports\\20220609_181011\\03. Parallel Testing (Testing)\\TS -PT PART 3\\06. NPP Partial Submission Mass Submit\\20220609_181046\\1654794239028.png, D:\\Projet Test Auto\\Mediabox Test Automation\\Reports\\20220609_181011\\03. Parallel Testing (Testing)\\TS -PT PART 3\\06. NPP Partial Submission Mass Submit\\20220609_181046\\1654794261967.png, D:\\Projet Test Auto\\Mediabox Test Automation\\Reports\\20220609_181011\\03. Parallel Testing (Testing)\\TS -PT PART 3\\06. NPP Partial Submission Mass Submit\\20220609_181046\\1654794278985.png, D:\\Projet Test Auto\\Mediabox Test Automation\\Reports\\20220609_181011\\03. Parallel Testing (Testing)\\TS -PT PART 3\\06. NPP Partial Submission Mass Submit\\20220609_181046\\1654794295681.png, D:\\Projet Test Auto\\Mediabox Test Automation\\Reports\\20220609_181011\\03. Parallel Testing (Testing)\\TS -PT PART 3\\06. NPP Partial Submission Mass Submit\\20220609_181046\\1654794312581.png, D:\\Projet Test Auto\\Mediabox Test Automation\\Reports\\20220609_181011\\03. Parallel Testing (Testing)\\TS -PT PART 3\\06. NPP Partial Submission Mass Submit\\20220609_181046\\1654794327307.png, D:\\Projet Test Auto\\Mediabox Test Automation\\Reports\\20220609_181011\\03. Parallel Testing (Testing)\\TS -PT PART 3\\06. NPP Partial Submission Mass Submit\\20220609_181046\\1654794360345.png, D:\\Projet Test Auto\\Mediabox Test Automation\\Reports\\20220609_181011\\03. Parallel Testing (Testing)\\TS -PT PART 3\\06. NPP Partial Submission Mass Submit\\20220609_181046\\1654794375047.png, D:\\Projet Test Auto\\Mediabox Test Automation\\Reports\\20220609_181011\\03. Parallel Testing (Testing)\\TS -PT PART 3\\06. NPP Partial Submission Mass Submit\\20220609_181046\\1654794385440.png, D:\\Projet Test Auto\\Mediabox Test Automation\\Reports\\20220609_181011\\03. Parallel Testing (Testing)\\TS -PT PART 3\\06. NPP Partial Submission Mass Submit\\20220609_181046\\1654794425938.png, D:\\Projet Test Auto\\Mediabox Test Automation\\Reports\\20220609_181011\\03. Parallel Testing (Testing)\\TS -PT PART 3\\06. NPP Partial Submission Mass Submit\\20220609_181046\\1654794435120.png, D:\\Projet Test Auto\\Mediabox Test Automation\\Reports\\20220609_181011\\03. Parallel Testing (Testing)\\TS -PT PART 3\\06. NPP Partial Submission Mass Submit\\20220609_181046\\1654794444927.png, D:\\Projet Test Auto\\Mediabox Test Automation\\Reports\\20220609_181011\\03. Parallel Testing (Testing)\\TS -PT PART 3\\06. NPP Partial Submission Mass Submit\\20220609_181046\\1654794487972.png, D:\\Projet Test Auto\\Mediabox Test Automation\\Reports\\20220609_181011\\03. Parallel Testing (Testing)\\TS -PT PART 3\\06. NPP Partial Submission Mass Submit\\20220609_181046\\1654794500176.png, D:\\Projet Test Auto\\Mediabox Test Automation\\Reports\\20220609_181011\\03. Parallel Testing (Testing)\\TS -PT PART 3\\06. NPP Partial Submission Mass Submit\\20220609_181046\\1654794509308.png, D:\\Projet Test Auto\\Mediabox Test Automation\\Reports\\20220609_181011\\03. Parallel Testing (Testing)\\TS -PT PART 3\\06. NPP Partial Submission Mass Submit\\20220609_181046\\1654794511552.png, D:\\Projet Test Auto\\Mediabox Test Automation\\Reports\\20220609_181011\\03. Parallel Testing (Testing)\\TS -PT PART 3\\06. NPP Partial Submission Mass Submit\\20220609_181046\\1654794525619.png, D:\\Projet Test Auto\\Mediabox Test Automation\\Reports\\20220609_181011\\03. Parallel Testing (Testing)\\TS -PT PART 3\\06. NPP Partial Submission Mass Submit\\20220609_181046\\1654794551645.png, D:\\Projet Test Auto\\Mediabox Test Automation\\Reports\\20220609_181011\\03. Parallel Testing (Testing)\\TS -PT PART 3\\06. NPP Partial Submission Mass Submit\\20220609_181046\\1654794669298.png, D:\\Projet Test Auto\\Mediabox Test Automation\\Reports\\20220609_181011\\03. Parallel Testing (Testing)\\TS -PT PART 3\\06. NPP Partial Submission Mass Submit\\20220609_181046\\1654794689676.png, D:\\Projet Test Auto\\Mediabox Test Automation\\Reports\\20220609_181011\\03. Parallel Testing (Testing)\\TS -PT PART 3\\06. NPP Partial Submission Mass Submit\\20220609_181046\\1654794702239.png, D:\\Projet Test Auto\\Mediabox Test Automation\\Reports\\20220609_181011\\03. Parallel Testing (Testing)\\TS -PT PART 3\\06. NPP Partial Submission Mass Submit\\20220609_181046\\1654794712681.png, D:\\Projet Test Auto\\Mediabox Test Automation\\Reports\\20220609_181011\\03. Parallel Testing (Testing)\\TS -PT PART 3\\06. NPP Partial Submission Mass Submit\\20220609_181046\\1654794721831.png, D:\\Projet Test Auto\\Mediabox Test Automation\\Reports\\20220609_181011\\03. Parallel Testing (Testing)\\TS -PT PART 3\\06. NPP Partial Submission Mass Submit\\20220609_181046\\1654794747857.png, D:\\Projet Test Auto\\Mediabox Test Automation\\Reports\\20220609_181011\\03. Parallel Testing (Testing)\\TS -PT PART 3\\06. NPP Partial Submission Mass Submit\\20220609_181046\\1654794768607.png, D:\\Projet Test Auto\\Mediabox Test Automation\\Reports\\20220609_181011\\03. Parallel Testing (Testing)\\TS -PT PART 3\\06. NPP Partial Submission Mass Submit\\20220609_181046\\1654794825862.png, D:\\Projet Test Auto\\Mediabox Test Automation\\Reports\\20220609_181011\\03. Parallel Testing (Testing)\\TS -PT PART 3\\06. NPP Partial Submission Mass Submit\\20220609_181046\\1654794836169.png, D:\\Projet Test Auto\\Mediabox Test Automation\\Reports\\20220609_181011\\03. Parallel Testing (Testing)\\TS -PT PART 3\\06. NPP Partial Submission Mass Submit\\20220609_181046\\1654794858897.png, D:\\Projet Test Auto\\Mediabox Test Automation\\Reports\\20220609_181011\\03. Parallel Testing (Testing)\\TS -PT PART 3\\06. NPP Partial Submission Mass Submit\\20220609_181046\\1654794880714.png, D:\\Projet Test Auto\\Mediabox Test Automation\\Reports\\20220609_181011\\03. Parallel Testing (Testing)\\TS -PT PART 3\\06. NPP Partial Submission Mass Submit\\20220609_181046\\1654794945597.png, D:\\Projet Test Auto\\Mediabox Test Automation\\Reports\\20220609_181011\\03. Parallel Testing (Testing)\\TS -PT PART 3\\06. NPP Partial Submission Mass Submit\\20220609_181046\\1654794950190.png, D:\\Projet Test Auto\\Mediabox Test Automation\\Reports\\20220609_181011\\03. Parallel Testing (Testing)\\TS -PT PART 3\\06. NPP Partial Submission Mass Submit\\20220609_181046\\1654794952786.png, D:\\Projet Test Auto\\Mediabox Test Automation\\Reports\\20220609_181011\\03. Parallel Testing (Testing)\\TS -PT PART 3\\06. NPP Partial Submission Mass Submit\\20220609_181046\\1654795000186.png, D:\\Projet Test Auto\\Mediabox Test Automation\\Reports\\20220609_181011\\03. Parallel Testing (Testing)\\TS -PT PART 3\\06. NPP Partial Submission Mass Submit\\20220609_181046\\1654795008237.png, D:\\Projet Test Auto\\Mediabox Test Automation\\Reports\\20220609_181011\\03. Parallel Testing (Testing)\\TS -PT PART 3\\06. NPP Partial Submission Mass Submit\\20220609_181046\\1654795043361.png, D:\\Projet Test Auto\\Mediabox Test Automation\\Reports\\20220609_181011\\03. Parallel Testing (Testing)\\TS -PT PART 3\\06. NPP Partial Submission Mass Submit\\20220609_181046\\1654795049560.png, D:\\Projet Test Auto\\Mediabox Test Automation\\Reports\\20220609_181011\\03. Parallel Testing (Testing)\\TS -PT PART 3\\06. NPP Partial Submission Mass Submit\\20220609_181046\\1654795115339.png, D:\\Projet Test Auto\\Mediabox Test Automation\\Reports\\20220609_181011\\03. Parallel Testing (Testing)\\TS -PT PART 3\\06. NPP Partial Submission Mass Submit\\20220609_181046\\1654795126281.png, D:\\Projet Test Auto\\Mediabox Test Automation\\Reports\\20220609_181011\\03. Parallel Testing (Testing)\\TS -PT PART 3\\06. NPP Partial Submission Mass Submit\\20220609_181046\\1654795171167.png, D:\\Projet Test Auto\\Mediabox Test Automation\\Reports\\20220609_181011\\03. Parallel Testing (Testing)\\TS -PT PART 3\\06. NPP Partial Submission Mass Submit\\20220609_181046\\1654795234742.png, D:\\Projet Test Auto\\Mediabox Test Automation\\Reports\\20220609_181011\\03. Parallel Testing (Testing)\\TS -PT PART 3\\06. NPP Partial Submission Mass Submit\\20220609_181046\\1654795248636.png, D:\\Projet Test Auto\\Mediabox Test Automation\\Reports\\20220609_181011\\03. Parallel Testing (Testing)\\TS -PT PART 3\\06. NPP Partial Submission Mass Submit\\20220609_181046\\1654795264168.png, D:\\Projet Test Auto\\Mediabox Test Automation\\Reports\\20220609_181011\\03. Parallel Testing (Testing)\\TS -PT PART 3\\06. NPP Partial Submission Mass Submit\\20220609_181046\\1654795277729.png, D:\\Projet Test Auto\\Mediabox Test Automation\\Reports\\20220609_181011\\03. Parallel Testing (Testing)\\TS -PT PART 3\\06. NPP Partial Submission Mass Submit\\20220609_181046\\1654795293186.png, D:\\Projet Test Auto\\Mediabox Test Automation\\Reports\\20220609_181011\\03. Parallel Testing (Testing)\\TS -PT PART 3\\06. NPP Partial Submission Mass Submit\\20220609_181046\\1654795306930.png, D:\\Projet Test Auto\\Mediabox Test Automation\\Reports\\20220609_181011\\03. Parallel Testing (Testing)\\TS -PT PART 3\\06. NPP Partial Submission Mass Submit\\20220609_181046\\1654795320734.png, D:\\Projet Test Auto\\Mediabox Test Automation\\Reports\\20220609_181011\\03. Parallel Testing (Testing)\\TS -PT PART 3\\06. NPP Partial Submission Mass Submit\\20220609_181046\\1654795337241.png, D:\\Projet Test Auto\\Mediabox Test Automation\\Reports\\20220609_181011\\03. Parallel Testing (Testing)\\TS -PT PART 3\\06. NPP Partial Submission Mass Submit\\20220609_181046\\1654795359926.png, D:\\Projet Test Auto\\Mediabox Test Automation\\Reports\\20220609_181011\\03. Parallel Testing (Testing)\\TS -PT PART 3\\06. NPP Partial Submission Mass Submit\\20220609_181046\\1654795365600.png, D:\\Projet Test Auto\\Mediabox Test Automation\\Reports\\20220609_181011\\03. Parallel Testing (Testing)\\TS -PT PART 3\\06. NPP Partial Submission Mass Submit\\20220609_181046\\1654795420120.png, D:\\Projet Test Auto\\Mediabox Test Automation\\Reports\\20220609_181011\\03. Parallel Testing (Testing)\\TS -PT PART 3\\06. NPP Partial Submission Mass Submit\\20220609_181046\\1654795438687.png"/>
         <property name="hostName" value="lamhe - DPF-MBI-VERIF.ad.sgsco.int"/>
         <property name="os" value="Windows 10 64bit"/>
         <property name="katalonVersion" value="8.3.0.208"/>
         <property name="browser" value="Chrome 102.0.5005.63"/>
         <property name="hostAddress" value="10.15.10.53"/>
         <property name="sessionId" value="13683229d78765f9eb0ce4395bf2f0ce"/>
         <property name="seleniumVersion" value="3.141.59"/>
         <property name="proxyInformation" value="ProxyInformation { proxyOption=NO_PROXY, proxyServerType=HTTP, username=, password=********, proxyServerAddress=, proxyServerPort=0, executionList=&quot;&quot;, isApplyToDesiredCapabilities=true }"/>
         <property name="platform" value="Windows 10"/>
      </properties>
      <testcase name="Test Cases/08. NPP_Dreyers_Partial submission (new)/8.01 NPP Partial submission Full Lifecyle - Lifecycle(2) PART 1" time="718.087" classname="Test Cases/08. NPP_Dreyers_Partial submission (new)/8.01 NPP Partial submission Full Lifecyle - Lifecycle(2) PART 1" status="PASSED">
         <system-out><![CDATA[2022-06-09 18:56:39 - [TEST_CASE][PASSED] - Test Cases/08. NPP_Dreyers_Partial submission (new)/8.01 NPP Partial submission Full Lifecyle - Lifecycle(2) PART 1: Test Cases/08. NPP_Dreyers_Partial submission (new)/8.01 NPP Partial submission Full Lifecyle - Lifecycle(2) PART 1

2022-06-09 18:56:41 - [TEST_STEP][PASSED] - data_Npp = findTestData("Data Files/Username_Password/Npp"): null

2022-06-09 18:56:41 - [TEST_STEP][PASSED] - password_akim = data_Npp.getValue(2, 2): null

2022-06-09 18:56:41 - [TEST_STEP][PASSED] - password_abrazhnikovapx = data_Npp.getValue(2, 4): null

2022-06-09 18:56:41 - [TEST_STEP][PASSED] - password_afrappaz = data_Npp.getValue(2, 5): null

2022-06-09 18:56:41 - [TEST_STEP][PASSED] - password_alarkins = data_Npp.getValue(2, 6): null

2022-06-09 18:56:41 - [TEST_STEP][PASSED] - password_cdemonchy = data_Npp.getValue(2, 7): null

2022-06-09 18:56:41 - [TEST_STEP][PASSED] - data_urlRELAUTO = findTestData("Data Files/URL/URL_relauto"): null

2022-06-09 18:56:41 - [TEST_STEP][PASSED] - Url_Npp = data_urlRELAUTO.getValue(2, 5): null

2022-06-09 18:56:41 - [TEST_STEP][PASSED] - openBrowser(Url_Npp): Browser is opened with url: ' http://mdb-release.diadeis.lan/MediaboxIndependence/?MBI_datasource=RELTESTAUTO_NPP'

2022-06-09 18:56:42 - [MESSAGE][INFO] - Starting 'Chrome (headless)' driver

2022-06-09 18:56:42 - [MESSAGE][INFO] - User set preference: ['args', '[--window-size=1920,1080, --headless]']

2022-06-09 18:56:42 - [MESSAGE][INFO] - Action delay is set to 0 milliseconds

2022-06-09 18:56:55 - [MESSAGE][PASSED] - Browser is opened with url: ' http://mdb-release.diadeis.lan/MediaboxIndependence/?MBI_datasource=RELTESTAUTO_NPP'

2022-06-09 18:56:55 - [TEST_STEP][PASSED] - maximizeWindow(): Current window maximized

2022-06-09 18:56:56 - [MESSAGE][PASSED] - Current window maximized

2022-06-09 18:56:56 - [TEST_STEP][PASSED] - takeScreenshot(): Taking screenshot successfully

2022-06-09 18:56:56 - [MESSAGE][PASSED] - Taking screenshot successfully
[[ATTACHMENT|D:\\Projet Test Auto\\Mediabox Test Automation\\Reports\\20220609_181011\\03. Parallel Testing (Testing)\\TS -PT PART 3\\06. NPP Partial Submission Mass Submit\\20220609_181046\\1654793816453.png]]

2022-06-09 18:56:56 - [TEST_STEP][PASSED] - I.Login_password("akim", password_akim): Object: 'Object Repository/1. Constant/xpath' is clicked on

2022-06-09 18:56:58 - [MESSAGE][PASSED] - Text 'akim' is set on object 'Object Repository/1. Constant/xpath'

2022-06-09 18:56:59 - [MESSAGE][PASSED] - Delayed 1 second(s)

2022-06-09 18:56:59 - [MESSAGE][PASSED] - Text 'dchi' is set on object 'Object Repository/1. Constant/xpath'

2022-06-09 18:57:00 - [MESSAGE][PASSED] - Delayed 1 second(s)

2022-06-09 18:57:19 - [MESSAGE][PASSED] - Object: 'Object Repository/1. Constant/xpath' is clicked on

2022-06-09 18:57:19 - [TEST_STEP][PASSED] - click(findTestObject("1. Constant/02_LHSMenu_Projects")): Object: 'Object Repository/1. Constant/02_LHSMenu_Projects' is clicked on

2022-06-09 18:57:34 - [MESSAGE][PASSED] - Object: 'Object Repository/1. Constant/02_LHSMenu_Projects' is clicked on

2022-06-09 18:57:34 - [TEST_STEP][PASSED] - click(findTestObject("1. Constant/xpath", ["xpath":"//div[@id='kt_content']/div[3]/div/div/div/div[2]/a/i"])): Object: 'Object Repository/1. Constant/xpath' is clicked on

2022-06-09 18:57:41 - [MESSAGE][PASSED] - Object: 'Object Repository/1. Constant/xpath' is clicked on

2022-06-09 18:57:41 - [TEST_STEP][PASSED] - takeScreenshot(): Taking screenshot successfully

2022-06-09 18:57:42 - [MESSAGE][PASSED] - Taking screenshot successfully
[[ATTACHMENT|D:\\Projet Test Auto\\Mediabox Test Automation\\Reports\\20220609_181011\\03. Parallel Testing (Testing)\\TS -PT PART 3\\06. NPP Partial Submission Mass Submit\\20220609_181046\\1654793861784.png]]

2022-06-09 18:57:42 - [TEST_STEP][PASSED] - "On the modify project page : Fill in all field": null

2022-06-09 18:57:42 - [TEST_STEP][PASSED] - LSSNumber_name = "AutoTest_Npp_FullLifecycle_" + RandomStringUtils.randomAlphanumeric(10) + "_" + I.gettimedate(): null

2022-06-09 18:57:42 - [TEST_STEP][PASSED] - setText(findTestObject("1. Constant/xpath", ["xpath":"//*[@id="var_70"]"]), LSSNumber_name): Text 'AutoTest_Npp_FullLifecycle_wrlFNHGWVk_juin092022_185742' is set on object 'Object Repository/1. Constant/xpath'

2022-06-09 18:57:43 - [MESSAGE][PASSED] - Text 'AutoTest_Npp_FullLifecycle_wrlFNHGWVk_juin092022_185742' is set on object 'Object Repository/1. Constant/xpath'

2022-06-09 18:57:43 - [TEST_STEP][PASSED] - delay(1): Delayed 1 second(s)

2022-06-09 18:57:44 - [MESSAGE][PASSED] - Delayed 1 second(s)

2022-06-09 18:57:44 - [TEST_STEP][PASSED] - selectOptionByValue(findTestObject("1. Constant/xpath", ["xpath":"//*[@id="var_107"]"]), "2420", false): All options with value '2420' are selected in object 'Object Repository/1. Constant/xpath' 

2022-06-09 18:57:45 - [MESSAGE][PASSED] - All options with value '2420' are selected in object 'Object Repository/1. Constant/xpath' 

2022-06-09 18:57:45 - [TEST_STEP][PASSED] - delay(1): Delayed 1 second(s)

2022-06-09 18:57:46 - [MESSAGE][PASSED] - Delayed 1 second(s)

2022-06-09 18:57:46 - [TEST_STEP][PASSED] - I.select_multiplelist("//*[@id="selSource_108"]", "//*[@id="btnAdd_108"]", "2354"): Delayed 1 second(s)

2022-06-09 18:57:47 - [MESSAGE][PASSED] - Delayed 1 second(s)

2022-06-09 18:57:47 - [MESSAGE][PASSED] - All options with value '2354' are selected in object 'Object Repository/1. Constant/xpath' 

2022-06-09 18:57:49 - [MESSAGE][PASSED] - Delayed 2 second(s)

2022-06-09 18:57:50 - [MESSAGE][PASSED] - Object: 'Object Repository/1. Constant/xpath' is clicked on

2022-06-09 18:57:51 - [MESSAGE][PASSED] - Delayed 1 second(s)

2022-06-09 18:57:51 - [TEST_STEP][PASSED] - delay(1): Delayed 1 second(s)

2022-06-09 18:57:52 - [MESSAGE][PASSED] - Delayed 1 second(s)

2022-06-09 18:57:52 - [TEST_STEP][PASSED] - setText(findTestObject("xxx Todelete/xpath", ["xpath":"//*[@id="var_110"]"]), "Variety test"): Text 'Variety test' is set on object 'Object Repository/xxx Todelete/xpath'

2022-06-09 18:57:53 - [MESSAGE][PASSED] - Text 'Variety test' is set on object 'Object Repository/xxx Todelete/xpath'

2022-06-09 18:57:53 - [TEST_STEP][PASSED] - delay(1): Delayed 1 second(s)

2022-06-09 18:57:54 - [MESSAGE][PASSED] - Delayed 1 second(s)

2022-06-09 18:57:54 - [TEST_STEP][PASSED] - setText(findTestObject("1. Constant/xpath", ["xpath":"//*[@id="var_133"]"]), "Alternative Format code test "): Text 'Alternative Format code test ' is set on object 'Object Repository/1. Constant/xpath'

2022-06-09 18:57:55 - [MESSAGE][PASSED] - Text 'Alternative Format code test ' is set on object 'Object Repository/1. Constant/xpath'

2022-06-09 18:57:55 - [TEST_STEP][PASSED] - delay(1): Delayed 1 second(s)

2022-06-09 18:57:56 - [MESSAGE][PASSED] - Delayed 1 second(s)

2022-06-09 18:57:56 - [TEST_STEP][PASSED] - setText(findTestObject("1. Constant/xpath", ["xpath":"//*[@id="var_65"]"]), "FORMAT Product designation test "): Text 'FORMAT Product designation test ' is set on object 'Object Repository/1. Constant/xpath'

2022-06-09 18:57:57 - [MESSAGE][PASSED] - Text 'FORMAT Product designation test ' is set on object 'Object Repository/1. Constant/xpath'

2022-06-09 18:57:57 - [TEST_STEP][PASSED] - I.select_multiplelist("//*[@id="selSource_91"]", "//*[@id="btnAdd_91"]", "1023"): Delayed 1 second(s)

2022-06-09 18:57:58 - [MESSAGE][PASSED] - Delayed 1 second(s)

2022-06-09 18:57:58 - [MESSAGE][PASSED] - All options with value '1023' are selected in object 'Object Repository/1. Constant/xpath' 

2022-06-09 18:58:00 - [MESSAGE][PASSED] - Delayed 2 second(s)

2022-06-09 18:58:00 - [MESSAGE][PASSED] - Object: 'Object Repository/1. Constant/xpath' is clicked on

2022-06-09 18:58:01 - [MESSAGE][PASSED] - Delayed 1 second(s)

2022-06-09 18:58:01 - [TEST_STEP][PASSED] - setText(findTestObject("1. Constant/xpath", ["xpath":"//*[@id="var_71"]"]), "25/08/2021"): Text '25/08/2021' is set on object 'Object Repository/1. Constant/xpath'

2022-06-09 18:58:03 - [MESSAGE][PASSED] - Text '25/08/2021' is set on object 'Object Repository/1. Constant/xpath'

2022-06-09 18:58:03 - [TEST_STEP][PASSED] - setText(findTestObject("1. Constant/xpath", ["xpath":"//*[@id="var_89"]"]), "Project Information - Comments"): Text 'Project Information - Comments' is set on object 'Object Repository/1. Constant/xpath'

2022-06-09 18:58:06 - [MESSAGE][PASSED] - Text 'Project Information - Comments' is set on object 'Object Repository/1. Constant/xpath'

2022-06-09 18:58:06 - [TEST_STEP][PASSED] - setText(findTestObject("1. Constant/xpath", ["xpath":"//*[@id="var_93"]"]), "Reason for change test"): Text 'Reason for change test' is set on object 'Object Repository/1. Constant/xpath'

2022-06-09 18:58:08 - [MESSAGE][PASSED] - Text 'Reason for change test' is set on object 'Object Repository/1. Constant/xpath'

2022-06-09 18:58:08 - [TEST_STEP][PASSED] - I.select_multiplelist("//*[@id="selSource_54"]", "//*[@id="btnAdd_54"]", "1081"): Delayed 1 second(s)

2022-06-09 18:58:09 - [MESSAGE][PASSED] - Delayed 1 second(s)

2022-06-09 18:58:10 - [MESSAGE][PASSED] - All options with value '1081' are selected in object 'Object Repository/1. Constant/xpath' 

2022-06-09 18:58:12 - [MESSAGE][PASSED] - Delayed 2 second(s)

2022-06-09 18:58:13 - [MESSAGE][PASSED] - Object: 'Object Repository/1. Constant/xpath' is clicked on

2022-06-09 18:58:14 - [MESSAGE][PASSED] - Delayed 1 second(s)

2022-06-09 18:58:14 - [TEST_STEP][PASSED] - delay(5): Delayed 5 second(s)

2022-06-09 18:58:19 - [MESSAGE][PASSED] - Delayed 5 second(s)

2022-06-09 18:58:19 - [TEST_STEP][PASSED] - I.select_multiplelist("//*[@id="selSource_106"]", "//*[@id="btnAdd_106"]", "2787"): Delayed 1 second(s)

2022-06-09 18:58:20 - [MESSAGE][PASSED] - Delayed 1 second(s)

2022-06-09 18:58:25 - [MESSAGE][PASSED] - All options with value '2787' are selected in object 'Object Repository/1. Constant/xpath' 

2022-06-09 18:58:27 - [MESSAGE][PASSED] - Delayed 2 second(s)

2022-06-09 18:58:30 - [MESSAGE][PASSED] - Object: 'Object Repository/1. Constant/xpath' is clicked on

2022-06-09 18:58:31 - [MESSAGE][PASSED] - Delayed 1 second(s)

2022-06-09 18:58:31 - [TEST_STEP][PASSED] - selectOptionByValue(findTestObject("1. Constant/xpath", ["xpath":"//*[@id="var_92"]"]), "1298", false): All options with value '1298' are selected in object 'Object Repository/1. Constant/xpath' 

2022-06-09 18:58:34 - [MESSAGE][PASSED] - All options with value '1298' are selected in object 'Object Repository/1. Constant/xpath' 

2022-06-09 18:58:34 - [TEST_STEP][PASSED] - I.select_multiplelist("//*[@id="selSource_88"]", "//*[@id="btnAdd_88"]", "1303"): Delayed 1 second(s)

2022-06-09 18:58:35 - [MESSAGE][PASSED] - Delayed 1 second(s)

2022-06-09 18:58:39 - [MESSAGE][PASSED] - All options with value '1303' are selected in object 'Object Repository/1. Constant/xpath' 

2022-06-09 18:58:41 - [MESSAGE][PASSED] - Delayed 2 second(s)

2022-06-09 18:58:44 - [MESSAGE][PASSED] - Object: 'Object Repository/1. Constant/xpath' is clicked on

2022-06-09 18:58:45 - [MESSAGE][PASSED] - Delayed 1 second(s)

2022-06-09 18:58:45 - [TEST_STEP][PASSED] - I.select_multiplelist("//*[@id="selSource_86"]", "//*[@id="btnAdd_86"]", "1310"): Delayed 1 second(s)

2022-06-09 18:58:46 - [MESSAGE][PASSED] - Delayed 1 second(s)

2022-06-09 18:58:52 - [MESSAGE][PASSED] - All options with value '1310' are selected in object 'Object Repository/1. Constant/xpath' 

2022-06-09 18:58:54 - [MESSAGE][PASSED] - Delayed 2 second(s)

2022-06-09 18:58:58 - [MESSAGE][PASSED] - Object: 'Object Repository/1. Constant/xpath' is clicked on

2022-06-09 18:58:59 - [MESSAGE][PASSED] - Delayed 1 second(s)

2022-06-09 18:58:59 - [TEST_STEP][PASSED] - I.select_multiplelist("//*[@id="selSource_57"]", "//*[@id="btnAdd_57"]", "2304"): Delayed 1 second(s)

2022-06-09 18:59:00 - [MESSAGE][PASSED] - Delayed 1 second(s)

2022-06-09 18:59:05 - [MESSAGE][PASSED] - All options with value '2304' are selected in object 'Object Repository/1. Constant/xpath' 

2022-06-09 18:59:07 - [MESSAGE][PASSED] - Delayed 2 second(s)

2022-06-09 18:59:09 - [MESSAGE][PASSED] - Object: 'Object Repository/1. Constant/xpath' is clicked on

2022-06-09 18:59:10 - [MESSAGE][PASSED] - Delayed 1 second(s)

2022-06-09 18:59:10 - [TEST_STEP][PASSED] - selectOptionByValue(findTestObject("1. Constant/xpath", ["xpath":"//*[@id="var_87"]"]), "971", false): All options with value '971' are selected in object 'Object Repository/1. Constant/xpath' 

2022-06-09 18:59:15 - [MESSAGE][PASSED] - All options with value '971' are selected in object 'Object Repository/1. Constant/xpath' 

2022-06-09 18:59:15 - [TEST_STEP][PASSED] - selectOptionByValue(findTestObject("1. Constant/xpath", ["xpath":"//*[@id="var_109"]"]), "1325", false): All options with value '1325' are selected in object 'Object Repository/1. Constant/xpath' 

2022-06-09 18:59:19 - [MESSAGE][PASSED] - All options with value '1325' are selected in object 'Object Repository/1. Constant/xpath' 

2022-06-09 18:59:19 - [TEST_STEP][PASSED] - selectOptionByValue(findTestObject("1. Constant/xpath", ["xpath":"//*[@id="var_52"]"]), "1330", false): All options with value '1330' are selected in object 'Object Repository/1. Constant/xpath' 

2022-06-09 18:59:23 - [MESSAGE][PASSED] - All options with value '1330' are selected in object 'Object Repository/1. Constant/xpath' 

2022-06-09 18:59:23 - [TEST_STEP][PASSED] - I.select_multiplelist("//*[@id="selSource_67"]", "//*[@id="btnAdd_67"]", "1624"): Delayed 1 second(s)

2022-06-09 18:59:24 - [MESSAGE][PASSED] - Delayed 1 second(s)

2022-06-09 18:59:30 - [MESSAGE][PASSED] - All options with value '1624' are selected in object 'Object Repository/1. Constant/xpath' 

2022-06-09 18:59:32 - [MESSAGE][PASSED] - Delayed 2 second(s)

2022-06-09 18:59:34 - [MESSAGE][PASSED] - Object: 'Object Repository/1. Constant/xpath' is clicked on

2022-06-09 18:59:35 - [MESSAGE][PASSED] - Delayed 1 second(s)

2022-06-09 18:59:35 - [TEST_STEP][PASSED] - selectOptionByValue(findTestObject("1. Constant/xpath", ["xpath":"//*[@id="var_140"]"]), "2296", false): All options with value '2296' are selected in object 'Object Repository/1. Constant/xpath' 

2022-06-09 18:59:39 - [MESSAGE][PASSED] - All options with value '2296' are selected in object 'Object Repository/1. Constant/xpath' 

2022-06-09 18:59:39 - [TEST_STEP][PASSED] - I.select_multiplelist("//*[@id="selSource_51"]", "//*[@id="btnAdd_51"]", "1673"): Delayed 1 second(s)

2022-06-09 18:59:40 - [MESSAGE][PASSED] - Delayed 1 second(s)

2022-06-09 18:59:43 - [MESSAGE][PASSED] - All options with value '1673' are selected in object 'Object Repository/1. Constant/xpath' 

2022-06-09 18:59:45 - [MESSAGE][PASSED] - Delayed 2 second(s)

2022-06-09 18:59:46 - [MESSAGE][PASSED] - Object: 'Object Repository/1. Constant/xpath' is clicked on

2022-06-09 18:59:47 - [MESSAGE][PASSED] - Delayed 1 second(s)

2022-06-09 18:59:47 - [TEST_STEP][PASSED] - I.select_multiplelist("//*[@id="selSource_50"]", "//*[@id="btnAdd_50"]", "1681"): Delayed 1 second(s)

2022-06-09 18:59:48 - [MESSAGE][PASSED] - Delayed 1 second(s)

2022-06-09 18:59:50 - [MESSAGE][PASSED] - All options with value '1681' are selected in object 'Object Repository/1. Constant/xpath' 

2022-06-09 18:59:52 - [MESSAGE][PASSED] - Delayed 2 second(s)

2022-06-09 18:59:52 - [MESSAGE][PASSED] - Object: 'Object Repository/1. Constant/xpath' is clicked on

2022-06-09 18:59:53 - [MESSAGE][PASSED] - Delayed 1 second(s)

2022-06-09 18:59:53 - [TEST_STEP][PASSED] - selectOptionByValue(findTestObject("1. Constant/xpath", ["xpath":"//*[@id="selSource_64"]"]), "1701", false): All options with value '1701' are selected in object 'Object Repository/1. Constant/xpath' 

2022-06-09 18:59:53 - [MESSAGE][PASSED] - All options with value '1701' are selected in object 'Object Repository/1. Constant/xpath' 

2022-06-09 18:59:53 - [TEST_STEP][PASSED] - I.select_multiplelist("//*[@id="selSource_64"]", "//*[@id="btnAdd_64"]", "1688"): Delayed 1 second(s)

2022-06-09 18:59:54 - [MESSAGE][PASSED] - Delayed 1 second(s)

2022-06-09 18:59:55 - [MESSAGE][PASSED] - All options with value '1688' are selected in object 'Object Repository/1. Constant/xpath' 

2022-06-09 18:59:57 - [MESSAGE][PASSED] - Delayed 2 second(s)

2022-06-09 18:59:58 - [MESSAGE][PASSED] - Object: 'Object Repository/1. Constant/xpath' is clicked on

2022-06-09 18:59:59 - [MESSAGE][PASSED] - Delayed 1 second(s)

2022-06-09 18:59:59 - [TEST_STEP][PASSED] - I.select_multiplelist("//*[@id="selSource_53"]", "//*[@id="btnAdd_53"]", "1701"): Delayed 1 second(s)

2022-06-09 19:00:00 - [MESSAGE][PASSED] - Delayed 1 second(s)

2022-06-09 19:00:00 - [MESSAGE][PASSED] - All options with value '1701' are selected in object 'Object Repository/1. Constant/xpath' 

2022-06-09 19:00:02 - [MESSAGE][PASSED] - Delayed 2 second(s)

2022-06-09 19:00:02 - [MESSAGE][PASSED] - Object: 'Object Repository/1. Constant/xpath' is clicked on

2022-06-09 19:00:03 - [MESSAGE][PASSED] - Delayed 1 second(s)

2022-06-09 19:00:03 - [TEST_STEP][PASSED] - I.select_multiplelist("//*[@id="selSource_58"]", "//*[@id="btnAdd_58"]", "1704"): Delayed 1 second(s)

2022-06-09 19:00:04 - [MESSAGE][PASSED] - Delayed 1 second(s)

2022-06-09 19:00:05 - [MESSAGE][PASSED] - All options with value '1704' are selected in object 'Object Repository/1. Constant/xpath' 

2022-06-09 19:00:07 - [MESSAGE][PASSED] - Delayed 2 second(s)

2022-06-09 19:00:07 - [MESSAGE][PASSED] - Object: 'Object Repository/1. Constant/xpath' is clicked on

2022-06-09 19:00:08 - [MESSAGE][PASSED] - Delayed 1 second(s)

2022-06-09 19:00:08 - [TEST_STEP][PASSED] - I.select_multiplelist("//*[@id="selSource_59"]", "//*[@id="btnAdd_59"]", "1706"): Delayed 1 second(s)

2022-06-09 19:00:09 - [MESSAGE][PASSED] - Delayed 1 second(s)

2022-06-09 19:00:09 - [MESSAGE][PASSED] - All options with value '1706' are selected in object 'Object Repository/1. Constant/xpath' 

2022-06-09 19:00:11 - [MESSAGE][PASSED] - Delayed 2 second(s)

2022-06-09 19:00:13 - [MESSAGE][PASSED] - Object: 'Object Repository/1. Constant/xpath' is clicked on

2022-06-09 19:00:14 - [MESSAGE][PASSED] - Delayed 1 second(s)

2022-06-09 19:00:14 - [TEST_STEP][PASSED] - I.select_multiplelist("//*[@id="selSource_73"]", "//*[@id="btnAdd_73"]", "3147"): Delayed 1 second(s)

2022-06-09 19:00:15 - [MESSAGE][PASSED] - Delayed 1 second(s)

2022-06-09 19:00:20 - [MESSAGE][PASSED] - All options with value '3147' are selected in object 'Object Repository/1. Constant/xpath' 

2022-06-09 19:00:22 - [MESSAGE][PASSED] - Delayed 2 second(s)

2022-06-09 19:00:22 - [MESSAGE][PASSED] - Object: 'Object Repository/1. Constant/xpath' is clicked on

2022-06-09 19:00:23 - [MESSAGE][PASSED] - Delayed 1 second(s)

2022-06-09 19:00:23 - [TEST_STEP][PASSED] - selectOptionByValue(findTestObject("1. Constant/xpath", ["xpath":"//*[@id="var_66"]"]), "2401", false): All options with value '2401' are selected in object 'Object Repository/1. Constant/xpath' 

2022-06-09 19:00:24 - [MESSAGE][PASSED] - All options with value '2401' are selected in object 'Object Repository/1. Constant/xpath' 

2022-06-09 19:00:24 - [TEST_STEP][PASSED] - selectOptionByValue(findTestObject("1. Constant/xpath", ["xpath":"//*[@id="var_142"]"]), "2403", false): All options with value '2403' are selected in object 'Object Repository/1. Constant/xpath' 

2022-06-09 19:00:24 - [MESSAGE][PASSED] - All options with value '2403' are selected in object 'Object Repository/1. Constant/xpath' 

2022-06-09 19:00:24 - [TEST_STEP][PASSED] - selectOptionByValue(findTestObject("1. Constant/xpath", ["xpath":"//*[@id="var_143"]"]), "2405", false): All options with value '2405' are selected in object 'Object Repository/1. Constant/xpath' 

2022-06-09 19:00:24 - [MESSAGE][PASSED] - All options with value '2405' are selected in object 'Object Repository/1. Constant/xpath' 

2022-06-09 19:00:24 - [TEST_STEP][PASSED] - I.select_multiplelist("//*[@id="selSource_119"]", "//*[@id="btnAdd_119"]", "2165"): Delayed 1 second(s)

2022-06-09 19:00:25 - [MESSAGE][PASSED] - Delayed 1 second(s)

2022-06-09 19:00:26 - [MESSAGE][PASSED] - All options with value '2165' are selected in object 'Object Repository/1. Constant/xpath' 

2022-06-09 19:00:28 - [MESSAGE][PASSED] - Delayed 2 second(s)

2022-06-09 19:00:29 - [MESSAGE][PASSED] - Object: 'Object Repository/1. Constant/xpath' is clicked on

2022-06-09 19:00:30 - [MESSAGE][PASSED] - Delayed 1 second(s)

2022-06-09 19:00:30 - [TEST_STEP][PASSED] - takeScreenshot(): Taking screenshot successfully

2022-06-09 19:00:32 - [MESSAGE][PASSED] - Taking screenshot successfully
[[ATTACHMENT|D:\\Projet Test Auto\\Mediabox Test Automation\\Reports\\20220609_181011\\03. Parallel Testing (Testing)\\TS -PT PART 3\\06. NPP Partial Submission Mass Submit\\20220609_181046\\1654794031922.png]]

2022-06-09 19:00:32 - [TEST_STEP][PASSED] - delay(10): Delayed 10 second(s)

2022-06-09 19:00:42 - [MESSAGE][PASSED] - Delayed 10 second(s)

2022-06-09 19:00:42 - [TEST_STEP][PASSED] - click(findTestObject("HL Full Lifecycle/5 ModifyProjPage_button_Update")): Object: 'Object Repository/HL Full Lifecycle/5 ModifyProjPage_button_Update' is clicked on

2022-06-09 19:00:48 - [MESSAGE][PASSED] - Object: 'Object Repository/HL Full Lifecycle/5 ModifyProjPage_button_Update' is clicked on

2022-06-09 19:00:48 - [TEST_STEP][PASSED] - Project_No = I.ProjectNo(): Current window's url is: 'http://mdb-release.diadeis.lan/MediaboxIndependence/Base/ExecAction?IDSession=MBI%21RELTESTAUTO_NPP%21H6GIGA9DVEXD9DV5NVJYZPPA9Z1FXX41UF74WN2B&default_action=AfficheFichesProjet&id_project=MI001066'

2022-06-09 19:00:53 - [MESSAGE][PASSED] - Delayed 5 second(s)

2022-06-09 19:00:53 - [MESSAGE][PASSED] - Current window's url is: 'http://mdb-release.diadeis.lan/MediaboxIndependence/Base/ExecAction?IDSession=MBI%21RELTESTAUTO_NPP%21H6GIGA9DVEXD9DV5NVJYZPPA9Z1FXX41UF74WN2B&default_action=AfficheFichesProjet&id_project=MI001066'

2022-06-09 19:00:53 - [TEST_STEP][PASSED] - click(findTestObject("HL Full Lifecycle/6 ReferenceListPage_createrefbutton")): Object: 'Object Repository/HL Full Lifecycle/6 ReferenceListPage_createrefbutton' is clicked on

2022-06-09 19:00:53 - [MESSAGE][PASSED] - Object: 'Object Repository/HL Full Lifecycle/6 ReferenceListPage_createrefbutton' is clicked on

2022-06-09 19:00:53 - [TEST_STEP][PASSED] - click(findTestObject("HL Full Lifecycle/6 ReferenceListPaga_Create a component_button")): Object: 'Object Repository/HL Full Lifecycle/6 ReferenceListPaga_Create a component_button' is clicked on

2022-06-09 19:00:55 - [MESSAGE][PASSED] - Object: 'Object Repository/HL Full Lifecycle/6 ReferenceListPaga_Create a component_button' is clicked on

2022-06-09 19:00:55 - [TEST_STEP][PASSED] - takeScreenshot(): Taking screenshot successfully

2022-06-09 19:00:56 - [MESSAGE][PASSED] - Taking screenshot successfully
[[ATTACHMENT|D:\\Projet Test Auto\\Mediabox Test Automation\\Reports\\20220609_181011\\03. Parallel Testing (Testing)\\TS -PT PART 3\\06. NPP Partial Submission Mass Submit\\20220609_181046\\1654794055870.png]]

2022-06-09 19:00:56 - [TEST_STEP][PASSED] - selectOptionByValue(findTestObject("1. Constant/xpath", ["xpath":"//*[@id="lfc_tpl"]"]), "51", false): All options with value '51' are selected in object 'Object Repository/1. Constant/xpath' 

2022-06-09 19:00:57 - [MESSAGE][PASSED] - All options with value '51' are selected in object 'Object Repository/1. Constant/xpath' 

2022-06-09 19:00:57 - [TEST_STEP][PASSED] - delay(1): Delayed 1 second(s)

2022-06-09 19:00:58 - [MESSAGE][PASSED] - Delayed 1 second(s)

2022-06-09 19:00:58 - [TEST_STEP][PASSED] - click(findTestObject("1. Constant/xpath", ["xpath":"//*[@id="ModifFiche"]/div[3]/div/button"])): Object: 'Object Repository/1. Constant/xpath' is clicked on

2022-06-09 19:01:06 - [MESSAGE][PASSED] - Object: 'Object Repository/1. Constant/xpath' is clicked on

2022-06-09 19:01:06 - [TEST_STEP][PASSED] - delay(1): Delayed 1 second(s)

2022-06-09 19:01:07 - [MESSAGE][PASSED] - Delayed 1 second(s)

2022-06-09 19:01:07 - [TEST_STEP][PASSED] - refID = I.RefID(): Current window's url is: 'http://mdb-release.diadeis.lan/MediaboxIndependence/Base/ExecAction?IDSession=MBI%21RELTESTAUTO_NPP%21H6GIGA9DVEXD9DV5NVJYZPPA9Z1FXX41UF74WN2B&default_action=ModifierRef&id_project=MI001066&id_ref=1058020&action_from=create_ref'

2022-06-09 19:01:12 - [MESSAGE][PASSED] - Delayed 5 second(s)

2022-06-09 19:01:12 - [MESSAGE][PASSED] - Current window's url is: 'http://mdb-release.diadeis.lan/MediaboxIndependence/Base/ExecAction?IDSession=MBI%21RELTESTAUTO_NPP%21H6GIGA9DVEXD9DV5NVJYZPPA9Z1FXX41UF74WN2B&default_action=ModifierRef&id_project=MI001066&id_ref=1058020&action_from=create_ref'

2022-06-09 19:01:12 - [TEST_STEP][PASSED] - takeScreenshot(): Taking screenshot successfully

2022-06-09 19:01:12 - [MESSAGE][PASSED] - Taking screenshot successfully
[[ATTACHMENT|D:\\Projet Test Auto\\Mediabox Test Automation\\Reports\\20220609_181011\\03. Parallel Testing (Testing)\\TS -PT PART 3\\06. NPP Partial Submission Mass Submit\\20220609_181046\\1654794072717.png]]

2022-06-09 19:01:12 - [TEST_STEP][PASSED] - setText(findTestObject("1. Constant/xpath", ["xpath":"//*[@id="var_103"]"]), "SAP Designation test > https://www.google.com/"): Text 'SAP Designation test > https://www.google.com/' is set on object 'Object Repository/1. Constant/xpath'

2022-06-09 19:01:13 - [MESSAGE][PASSED] - Text 'SAP Designation test > https://www.google.com/' is set on object 'Object Repository/1. Constant/xpath'

2022-06-09 19:01:13 - [TEST_STEP][PASSED] - setText(findTestObject("1. Constant/xpath", ["xpath":"//*[@id="var_139"]"]), "Claim Substantiation Project Link > https://www.google.com/"): Text 'Claim Substantiation Project Link > https://www.google.com/' is set on object 'Object Repository/1. Constant/xpath'

2022-06-09 19:01:14 - [MESSAGE][PASSED] - Text 'Claim Substantiation Project Link > https://www.google.com/' is set on object 'Object Repository/1. Constant/xpath'

2022-06-09 19:01:14 - [TEST_STEP][PASSED] - setText(findTestObject("1. Constant/xpath", ["xpath":"//*[@id="var_160"]"]), "Grading standard link > test"): Text 'Grading standard link > test' is set on object 'Object Repository/1. Constant/xpath'

2022-06-09 19:01:14 - [MESSAGE][PASSED] - Text 'Grading standard link > test' is set on object 'Object Repository/1. Constant/xpath'

2022-06-09 19:01:14 - [TEST_STEP][PASSED] - scrollToElement(findTestObject("1. Constant/xpath", ["xpath":"//*[@id="var_90"]"]), 10, OPTIONAL): Scroll to object 'Object Repository/1. Constant/xpath' successfully

2022-06-09 19:01:14 - [MESSAGE][PASSED] - Scroll to object 'Object Repository/1. Constant/xpath' successfully

2022-06-09 19:01:14 - [TEST_STEP][PASSED] - setText(findTestObject("1. Constant/xpath", ["xpath":"//*[@id="var_90"]"]), "Project name > test"): Text 'Project name > test' is set on object 'Object Repository/1. Constant/xpath'

2022-06-09 19:01:15 - [MESSAGE][PASSED] - Text 'Project name > test' is set on object 'Object Repository/1. Constant/xpath'

2022-06-09 19:01:15 - [TEST_STEP][PASSED] - setText(findTestObject("1. Constant/xpath", ["xpath":"//*[@id="var_62"]"]), "DPET > test"): Text 'DPET > test' is set on object 'Object Repository/1. Constant/xpath'

2022-06-09 19:01:16 - [MESSAGE][PASSED] - Text 'DPET > test' is set on object 'Object Repository/1. Constant/xpath'

2022-06-09 19:01:16 - [TEST_STEP][PASSED] - I.select_multiplelist("//*[@id="selSource_73"]", "//*[@id="btnAdd_73"]", "3147"): Delayed 1 second(s)

2022-06-09 19:01:17 - [MESSAGE][PASSED] - Delayed 1 second(s)

2022-06-09 19:01:17 - [MESSAGE][PASSED] - All options with value '3147' are selected in object 'Object Repository/1. Constant/xpath' 

2022-06-09 19:01:19 - [MESSAGE][PASSED] - Delayed 2 second(s)

2022-06-09 19:01:20 - [MESSAGE][PASSED] - Object: 'Object Repository/1. Constant/xpath' is clicked on

2022-06-09 19:01:21 - [MESSAGE][PASSED] - Delayed 1 second(s)

2022-06-09 19:01:21 - [TEST_STEP][PASSED] - takeScreenshot(): Taking screenshot successfully

2022-06-09 19:01:22 - [MESSAGE][PASSED] - Taking screenshot successfully
[[ATTACHMENT|D:\\Projet Test Auto\\Mediabox Test Automation\\Reports\\20220609_181011\\03. Parallel Testing (Testing)\\TS -PT PART 3\\06. NPP Partial Submission Mass Submit\\20220609_181046\\1654794081853.png]]

2022-06-09 19:01:22 - [TEST_STEP][PASSED] - scrollToElement(findTestObject("1. Constant/xpath", ["xpath":"//*[@id="var_82"]"]), 10, OPTIONAL): Scroll to object 'Object Repository/1. Constant/xpath' successfully

2022-06-09 19:01:22 - [MESSAGE][PASSED] - Scroll to object 'Object Repository/1. Constant/xpath' successfully

2022-06-09 19:01:22 - [TEST_STEP][PASSED] - selectOptionByValue(findTestObject("1. Constant/xpath", ["xpath":"//*[@id="var_82"]"]), "agaudin", false): All options with value 'agaudin' are selected in object 'Object Repository/1. Constant/xpath' 

2022-06-09 19:01:22 - [MESSAGE][PASSED] - All options with value 'agaudin' are selected in object 'Object Repository/1. Constant/xpath' 

2022-06-09 19:01:22 - [TEST_STEP][PASSED] - selectOptionByValue(findTestObject("1. Constant/xpath", ["xpath":"//*[@id="var_74"]"]), "afrappaz", false): All options with value 'afrappaz' are selected in object 'Object Repository/1. Constant/xpath' 

2022-06-09 19:01:23 - [MESSAGE][PASSED] - All options with value 'afrappaz' are selected in object 'Object Repository/1. Constant/xpath' 

2022-06-09 19:01:23 - [TEST_STEP][PASSED] - selectOptionByValue(findTestObject("1. Constant/xpath", ["xpath":"//*[@id="selSource_168"]"]), "cdemonchy", false): All options with value 'cdemonchy' are selected in object 'Object Repository/1. Constant/xpath' 

2022-06-09 19:01:23 - [MESSAGE][PASSED] - All options with value 'cdemonchy' are selected in object 'Object Repository/1. Constant/xpath' 

2022-06-09 19:01:23 - [TEST_STEP][PASSED] - selectOptionByValue(findTestObject("1. Constant/xpath", ["xpath":"//*[@id="selSource_168"]"]), "alarkins", false): All options with value 'alarkins' are selected in object 'Object Repository/1. Constant/xpath' 

2022-06-09 19:01:24 - [MESSAGE][PASSED] - All options with value 'alarkins' are selected in object 'Object Repository/1. Constant/xpath' 

2022-06-09 19:01:24 - [TEST_STEP][PASSED] - I.select_multiplelist("//*[@id="selSource_168"]", "//*[@id="btnAdd_168"]", "abrazhnikovapx"): Delayed 1 second(s)

2022-06-09 19:01:25 - [MESSAGE][PASSED] - Delayed 1 second(s)

2022-06-09 19:01:27 - [MESSAGE][PASSED] - All options with value 'abrazhnikovapx' are selected in object 'Object Repository/1. Constant/xpath' 

2022-06-09 19:01:29 - [MESSAGE][PASSED] - Delayed 2 second(s)

2022-06-09 19:01:30 - [MESSAGE][PASSED] - Object: 'Object Repository/1. Constant/xpath' is clicked on

2022-06-09 19:01:31 - [MESSAGE][PASSED] - Delayed 1 second(s)

2022-06-09 19:01:31 - [TEST_STEP][PASSED] - selectOptionByValue(findTestObject("1. Constant/xpath", ["xpath":"//*[@id="var_60"]"]), "asvegaardd2d", false): All options with value 'asvegaardd2d' are selected in object 'Object Repository/1. Constant/xpath' 

2022-06-09 19:01:32 - [MESSAGE][PASSED] - All options with value 'asvegaardd2d' are selected in object 'Object Repository/1. Constant/xpath' 

2022-06-09 19:01:32 - [TEST_STEP][PASSED] - selectOptionByValue(findTestObject("1. Constant/xpath", ["xpath":"//*[@id="var_102"]"]), "aserment", false): All options with value 'aserment' are selected in object 'Object Repository/1. Constant/xpath' 

2022-06-09 19:01:33 - [MESSAGE][PASSED] - All options with value 'aserment' are selected in object 'Object Repository/1. Constant/xpath' 

2022-06-09 19:01:33 - [TEST_STEP][PASSED] - selectOptionByValue(findTestObject("1. Constant/xpath", ["xpath":"//*[@id="var_63"]"]), "asavreux", false): All options with value 'asavreux' are selected in object 'Object Repository/1. Constant/xpath' 

2022-06-09 19:01:33 - [MESSAGE][PASSED] - All options with value 'asavreux' are selected in object 'Object Repository/1. Constant/xpath' 

2022-06-09 19:01:33 - [TEST_STEP][PASSED] - selectOptionByValue(findTestObject("1. Constant/xpath", ["xpath":"//*[@id="var_161"]"]), "achaves", false): All options with value 'achaves' are selected in object 'Object Repository/1. Constant/xpath' 

2022-06-09 19:01:33 - [MESSAGE][PASSED] - All options with value 'achaves' are selected in object 'Object Repository/1. Constant/xpath' 

2022-06-09 19:01:33 - [TEST_STEP][PASSED] - takeScreenshot(): Taking screenshot successfully

2022-06-09 19:01:33 - [MESSAGE][PASSED] - Taking screenshot successfully
[[ATTACHMENT|D:\\Projet Test Auto\\Mediabox Test Automation\\Reports\\20220609_181011\\03. Parallel Testing (Testing)\\TS -PT PART 3\\06. NPP Partial Submission Mass Submit\\20220609_181046\\1654794093628.png]]

2022-06-09 19:01:33 - [TEST_STEP][PASSED] - scrollToElement(findTestObject("1. Constant/xpath", ["xpath":"//*[@id="var_143"]"]), 10, OPTIONAL): Scroll to object 'Object Repository/1. Constant/xpath' successfully

2022-06-09 19:01:34 - [MESSAGE][PASSED] - Scroll to object 'Object Repository/1. Constant/xpath' successfully

2022-06-09 19:01:34 - [TEST_STEP][PASSED] - I.select_multiplelist("//*[@id="selSource_79"]", "//*[@id="btnAdd_79"]", "1730"): Delayed 1 second(s)

2022-06-09 19:01:35 - [MESSAGE][PASSED] - Delayed 1 second(s)

2022-06-09 19:01:35 - [MESSAGE][PASSED] - All options with value '1730' are selected in object 'Object Repository/1. Constant/xpath' 

2022-06-09 19:01:37 - [MESSAGE][PASSED] - Delayed 2 second(s)

2022-06-09 19:01:37 - [MESSAGE][PASSED] - Object: 'Object Repository/1. Constant/xpath' is clicked on

2022-06-09 19:01:38 - [MESSAGE][PASSED] - Delayed 1 second(s)

2022-06-09 19:01:38 - [TEST_STEP][PASSED] - selectOptionByValue(findTestObject("1. Constant/xpath", ["xpath":"//*[@id="selSource_78"]"]), "1752", false): All options with value '1752' are selected in object 'Object Repository/1. Constant/xpath' 

2022-06-09 19:01:38 - [MESSAGE][PASSED] - All options with value '1752' are selected in object 'Object Repository/1. Constant/xpath' 

2022-06-09 19:01:38 - [TEST_STEP][PASSED] - I.select_multiplelist("//*[@id="selSource_78"]", "//*[@id="btnAdd_78"]", "1753"): Delayed 1 second(s)

2022-06-09 19:01:39 - [MESSAGE][PASSED] - Delayed 1 second(s)

2022-06-09 19:01:40 - [MESSAGE][PASSED] - All options with value '1753' are selected in object 'Object Repository/1. Constant/xpath' 

2022-06-09 19:01:42 - [MESSAGE][PASSED] - Delayed 2 second(s)

2022-06-09 19:01:42 - [MESSAGE][PASSED] - Object: 'Object Repository/1. Constant/xpath' is clicked on

2022-06-09 19:01:43 - [MESSAGE][PASSED] - Delayed 1 second(s)

2022-06-09 19:01:43 - [TEST_STEP][PASSED] - selectOptionByValue(findTestObject("1. Constant/xpath", ["xpath":"//*[@id="selSource_104"]"]), "73", false): All options with value '73' are selected in object 'Object Repository/1. Constant/xpath' 

2022-06-09 19:01:45 - [MESSAGE][PASSED] - All options with value '73' are selected in object 'Object Repository/1. Constant/xpath' 

2022-06-09 19:01:45 - [TEST_STEP][PASSED] - I.select_multiplelist("//*[@id="selSource_104"]", "//*[@id="btnAdd_104"]", "74"): Delayed 1 second(s)

2022-06-09 19:01:46 - [MESSAGE][PASSED] - Delayed 1 second(s)

2022-06-09 19:01:46 - [MESSAGE][PASSED] - All options with value '74' are selected in object 'Object Repository/1. Constant/xpath' 

2022-06-09 19:01:48 - [MESSAGE][PASSED] - Delayed 2 second(s)

2022-06-09 19:01:48 - [MESSAGE][PASSED] - Object: 'Object Repository/1. Constant/xpath' is clicked on

2022-06-09 19:01:49 - [MESSAGE][PASSED] - Delayed 1 second(s)

2022-06-09 19:01:49 - [TEST_STEP][PASSED] - takeScreenshot(): Taking screenshot successfully

2022-06-09 19:01:51 - [MESSAGE][PASSED] - Taking screenshot successfully
[[ATTACHMENT|D:\\Projet Test Auto\\Mediabox Test Automation\\Reports\\20220609_181011\\03. Parallel Testing (Testing)\\TS -PT PART 3\\06. NPP Partial Submission Mass Submit\\20220609_181046\\1654794110964.png]]

2022-06-09 19:01:51 - [TEST_STEP][PASSED] - scrollToElement(findTestObject("1. Constant/xpath", ["xpath":"//*[@id="var_169"]"]), 10, OPTIONAL): Scroll to object 'Object Repository/1. Constant/xpath' successfully

2022-06-09 19:01:52 - [MESSAGE][PASSED] - Scroll to object 'Object Repository/1. Constant/xpath' successfully

2022-06-09 19:01:52 - [TEST_STEP][PASSED] - setText(findTestObject("1. Constant/xpath", ["xpath":"//*[@id="var_169"]"]), "Version History"): Text 'Version History' is set on object 'Object Repository/1. Constant/xpath'

2022-06-09 19:01:53 - [MESSAGE][PASSED] - Text 'Version History' is set on object 'Object Repository/1. Constant/xpath'

2022-06-09 19:01:53 - [TEST_STEP][PASSED] - click(findTestObject("HL Full Lifecycle/7 ModifyRefPage_button_Save")): Object: 'Object Repository/HL Full Lifecycle/7 ModifyRefPage_button_Save' is clicked on

2022-06-09 19:01:59 - [MESSAGE][PASSED] - Object: 'Object Repository/HL Full Lifecycle/7 ModifyRefPage_button_Save' is clicked on

2022-06-09 19:01:59 - [TEST_STEP][PASSED] - delay(1): Delayed 1 second(s)

2022-06-09 19:02:00 - [MESSAGE][PASSED] - Delayed 1 second(s)

2022-06-09 19:02:00 - [TEST_STEP][PASSED] - I.Logout_xpath("//*[@id="kt_header"]/div/div[2]/div[2]/div[1]/div/span/img", "//*[@id="kt_header"]/div/div[2]/div[2]/div[2]/a[2]"): Wait for page load successfully

2022-06-09 19:02:00 - [MESSAGE][PASSED] - Object: 'Object Repository/1. Constant/xpath' is clicked on

2022-06-09 19:02:01 - [MESSAGE][PASSED] - Delayed 1 second(s)

2022-06-09 19:02:04 - [MESSAGE][PASSED] - Object: 'Object Repository/1. Constant/xpath' is clicked on

2022-06-09 19:02:05 - [MESSAGE][PASSED] - Delayed 1 second(s)

2022-06-09 19:02:06 - [MESSAGE][PASSED] - Wait for page load successfully

2022-06-09 19:02:06 - [TEST_STEP][PASSED] - I.Login_password("abrazhnikovapx", password_abrazhnikovapx): Object: 'Object Repository/1. Constant/xpath' is clicked on

2022-06-09 19:02:07 - [MESSAGE][PASSED] - Text 'abrazhnikovapx' is set on object 'Object Repository/1. Constant/xpath'

2022-06-09 19:02:08 - [MESSAGE][PASSED] - Delayed 1 second(s)

2022-06-09 19:02:08 - [MESSAGE][PASSED] - Text 'dchi3' is set on object 'Object Repository/1. Constant/xpath'

2022-06-09 19:02:09 - [MESSAGE][PASSED] - Delayed 1 second(s)

2022-06-09 19:02:17 - [MESSAGE][PASSED] - Object: 'Object Repository/1. Constant/xpath' is clicked on

2022-06-09 19:02:17 - [TEST_STEP][PASSED] - delay(2): Delayed 2 second(s)

2022-06-09 19:02:19 - [MESSAGE][PASSED] - Delayed 2 second(s)

2022-06-09 19:02:19 - [TEST_STEP][PASSED] - abrazhnikovapx_task_b4 = getText(findTestObject("1. Constant/xpath", ["xpath":"//*[@id="kt_header"]/div/div[2]/div[1]/div[1]/span"])): Text of object 'Object Repository/1. Constant/xpath' is: '26'

2022-06-09 19:02:19 - [MESSAGE][PASSED] - Text of object 'Object Repository/1. Constant/xpath' is: '26'

2022-06-09 19:02:19 - [TEST_STEP][PASSED] - I.print("U1 abrazhnikovapx_task_b4 " + abrazhnikovapx_task_b4): null

2022-06-09 19:02:19 - [TEST_STEP][PASSED] - user1_b4 = <not implemented yet for class: org.codehaus.groovy.ast.expr.EmptyExpression>: null

2022-06-09 19:02:19 - [TEST_STEP][PASSED] - if (abrazhnikovapx_task_b4 == ""): null

2022-06-09 19:02:19 - [TEST_STEP][PASSED] - else: null

2022-06-09 19:02:19 - [TEST_STEP][PASSED] - user1_b4 = Double.parseDouble(abrazhnikovapx_task_b4): null

2022-06-09 19:02:19 - [TEST_STEP][PASSED] - takeScreenshot(): Taking screenshot successfully

2022-06-09 19:02:20 - [MESSAGE][PASSED] - Taking screenshot successfully
[[ATTACHMENT|D:\\Projet Test Auto\\Mediabox Test Automation\\Reports\\20220609_181011\\03. Parallel Testing (Testing)\\TS -PT PART 3\\06. NPP Partial Submission Mass Submit\\20220609_181046\\1654794140087.png]]

2022-06-09 19:02:20 - [TEST_STEP][PASSED] - delay(1): Delayed 1 second(s)

2022-06-09 19:02:21 - [MESSAGE][PASSED] - Delayed 1 second(s)

2022-06-09 19:02:21 - [TEST_STEP][PASSED] - I.Logout_xpath("//*[@id="kt_header"]/div/div[2]/div[2]/div[1]/div/span/img", "//*[@id="kt_header"]/div/div[2]/div[2]/div[2]/a[2]"): Wait for page load successfully

2022-06-09 19:02:21 - [MESSAGE][PASSED] - Object: 'Object Repository/1. Constant/xpath' is clicked on

2022-06-09 19:02:22 - [MESSAGE][PASSED] - Delayed 1 second(s)

2022-06-09 19:02:23 - [MESSAGE][PASSED] - Object: 'Object Repository/1. Constant/xpath' is clicked on

2022-06-09 19:02:24 - [MESSAGE][PASSED] - Delayed 1 second(s)

2022-06-09 19:02:25 - [MESSAGE][PASSED] - Wait for page load successfully

2022-06-09 19:02:25 - [TEST_STEP][PASSED] - I.Login_password("alarkins", password_alarkins): Object: 'Object Repository/1. Constant/xpath' is clicked on

2022-06-09 19:02:25 - [MESSAGE][PASSED] - Text 'alarkins' is set on object 'Object Repository/1. Constant/xpath'

2022-06-09 19:02:26 - [MESSAGE][PASSED] - Delayed 1 second(s)

2022-06-09 19:02:27 - [MESSAGE][PASSED] - Text 'dchi' is set on object 'Object Repository/1. Constant/xpath'

2022-06-09 19:02:28 - [MESSAGE][PASSED] - Delayed 1 second(s)

2022-06-09 19:02:33 - [MESSAGE][PASSED] - Object: 'Object Repository/1. Constant/xpath' is clicked on

2022-06-09 19:02:33 - [TEST_STEP][PASSED] - delay(2): Delayed 2 second(s)

2022-06-09 19:02:35 - [MESSAGE][PASSED] - Delayed 2 second(s)

2022-06-09 19:02:35 - [TEST_STEP][PASSED] - alarkins_task_b4 = getText(findTestObject("1. Constant/xpath", ["xpath":"//*[@id="kt_header"]/div/div[2]/div[1]/div[1]/span"])): Text of object 'Object Repository/1. Constant/xpath' is: '26'

2022-06-09 19:02:36 - [MESSAGE][PASSED] - Text of object 'Object Repository/1. Constant/xpath' is: '26'

2022-06-09 19:02:36 - [TEST_STEP][PASSED] - user2_b4 = <not implemented yet for class: org.codehaus.groovy.ast.expr.EmptyExpression>: null

2022-06-09 19:02:36 - [TEST_STEP][PASSED] - if (alarkins_task_b4 == ""): null

2022-06-09 19:02:36 - [TEST_STEP][PASSED] - else: null

2022-06-09 19:02:36 - [TEST_STEP][PASSED] - user2_b4 = Double.parseDouble(alarkins_task_b4): null

2022-06-09 19:02:36 - [TEST_STEP][PASSED] - I.print("U2 alarkins_task_b4 " + user2_b4): null

2022-06-09 19:02:36 - [TEST_STEP][PASSED] - takeScreenshot(): Taking screenshot successfully

2022-06-09 19:02:36 - [MESSAGE][PASSED] - Taking screenshot successfully
[[ATTACHMENT|D:\\Projet Test Auto\\Mediabox Test Automation\\Reports\\20220609_181011\\03. Parallel Testing (Testing)\\TS -PT PART 3\\06. NPP Partial Submission Mass Submit\\20220609_181046\\1654794156584.png]]

2022-06-09 19:02:36 - [TEST_STEP][PASSED] - delay(1): Delayed 1 second(s)

2022-06-09 19:02:37 - [MESSAGE][PASSED] - Delayed 1 second(s)

2022-06-09 19:02:37 - [TEST_STEP][PASSED] - I.Logout_xpath("//*[@id="kt_header"]/div/div[2]/div[2]/div[1]/div/span/img", "//*[@id="kt_header"]/div/div[2]/div[2]/div[2]/a[2]"): Wait for page load successfully

2022-06-09 19:02:38 - [MESSAGE][PASSED] - Object: 'Object Repository/1. Constant/xpath' is clicked on

2022-06-09 19:02:39 - [MESSAGE][PASSED] - Delayed 1 second(s)

2022-06-09 19:02:42 - [MESSAGE][PASSED] - Object: 'Object Repository/1. Constant/xpath' is clicked on

2022-06-09 19:02:43 - [MESSAGE][PASSED] - Delayed 1 second(s)

2022-06-09 19:02:43 - [MESSAGE][PASSED] - Wait for page load successfully

2022-06-09 19:02:43 - [TEST_STEP][PASSED] - I.Login_password("cdemonchy", password_cdemonchy): Object: 'Object Repository/1. Constant/xpath' is clicked on

2022-06-09 19:02:44 - [MESSAGE][PASSED] - Text 'cdemonchy' is set on object 'Object Repository/1. Constant/xpath'

2022-06-09 19:02:45 - [MESSAGE][PASSED] - Delayed 1 second(s)

2022-06-09 19:02:46 - [MESSAGE][PASSED] - Text 'dchi' is set on object 'Object Repository/1. Constant/xpath'

2022-06-09 19:02:47 - [MESSAGE][PASSED] - Delayed 1 second(s)

2022-06-09 19:02:52 - [MESSAGE][PASSED] - Object: 'Object Repository/1. Constant/xpath' is clicked on

2022-06-09 19:02:52 - [TEST_STEP][PASSED] - delay(2): Delayed 2 second(s)

2022-06-09 19:02:54 - [MESSAGE][PASSED] - Delayed 2 second(s)

2022-06-09 19:02:54 - [TEST_STEP][PASSED] - cdemonchy_task_b4 = getText(findTestObject("1. Constant/xpath", ["xpath":"//*[@id="kt_header"]/div/div[2]/div[1]/div[1]/span"])): Text of object 'Object Repository/1. Constant/xpath' is: '27'

2022-06-09 19:02:55 - [MESSAGE][PASSED] - Text of object 'Object Repository/1. Constant/xpath' is: '27'

2022-06-09 19:02:55 - [TEST_STEP][PASSED] - I.print("U3 cdemonchy_task_b4 " + cdemonchy_task_b4): null

2022-06-09 19:02:55 - [TEST_STEP][PASSED] - user3_b4 = Double.parseDouble(cdemonchy_task_b4): null

2022-06-09 19:02:55 - [TEST_STEP][PASSED] - takeScreenshot(): Taking screenshot successfully

2022-06-09 19:02:55 - [MESSAGE][PASSED] - Taking screenshot successfully
[[ATTACHMENT|D:\\Projet Test Auto\\Mediabox Test Automation\\Reports\\20220609_181011\\03. Parallel Testing (Testing)\\TS -PT PART 3\\06. NPP Partial Submission Mass Submit\\20220609_181046\\1654794175286.png]]

2022-06-09 19:02:55 - [TEST_STEP][PASSED] - delay(1): Delayed 1 second(s)

2022-06-09 19:02:56 - [MESSAGE][PASSED] - Delayed 1 second(s)

2022-06-09 19:02:56 - [TEST_STEP][PASSED] - I.Logout_xpath("//*[@id="kt_header"]/div/div[2]/div[2]/div[1]/div/span/img", "//*[@id="kt_header"]/div/div[2]/div[2]/div[2]/a[2]"): Wait for page load successfully

2022-06-09 19:02:56 - [MESSAGE][PASSED] - Object: 'Object Repository/1. Constant/xpath' is clicked on

2022-06-09 19:02:57 - [MESSAGE][PASSED] - Delayed 1 second(s)

2022-06-09 19:03:00 - [MESSAGE][PASSED] - Object: 'Object Repository/1. Constant/xpath' is clicked on

2022-06-09 19:03:01 - [MESSAGE][PASSED] - Delayed 1 second(s)

2022-06-09 19:03:02 - [MESSAGE][PASSED] - Wait for page load successfully

2022-06-09 19:03:02 - [TEST_STEP][PASSED] - I.Login_password("afrappaz", password_afrappaz): Object: 'Object Repository/1. Constant/xpath' is clicked on

2022-06-09 19:03:03 - [MESSAGE][PASSED] - Text 'afrappaz' is set on object 'Object Repository/1. Constant/xpath'

2022-06-09 19:03:04 - [MESSAGE][PASSED] - Delayed 1 second(s)

2022-06-09 19:03:04 - [MESSAGE][PASSED] - Text 'dchi3' is set on object 'Object Repository/1. Constant/xpath'

2022-06-09 19:03:05 - [MESSAGE][PASSED] - Delayed 1 second(s)

2022-06-09 19:03:10 - [MESSAGE][PASSED] - Object: 'Object Repository/1. Constant/xpath' is clicked on

2022-06-09 19:03:10 - [TEST_STEP][PASSED] - delay(2): Delayed 2 second(s)

2022-06-09 19:03:12 - [MESSAGE][PASSED] - Delayed 2 second(s)

2022-06-09 19:03:12 - [TEST_STEP][PASSED] - afrappaz_task_b4 = getText(findTestObject("1. Constant/xpath", ["xpath":"//*[@id="kt_header"]/div/div[2]/div[1]/div[1]/span"])): Text of object 'Object Repository/1. Constant/xpath' is: '26'

2022-06-09 19:03:12 - [MESSAGE][PASSED] - Text of object 'Object Repository/1. Constant/xpath' is: '26'

2022-06-09 19:03:12 - [TEST_STEP][PASSED] - I.print("U4 afrappaz_task_b4 " + afrappaz_task_b4): null

2022-06-09 19:03:12 - [TEST_STEP][PASSED] - user4_b4 = <not implemented yet for class: org.codehaus.groovy.ast.expr.EmptyExpression>: null

2022-06-09 19:03:12 - [TEST_STEP][PASSED] - if (afrappaz_task_b4 == ""): null

2022-06-09 19:03:12 - [TEST_STEP][PASSED] - else: null

2022-06-09 19:03:12 - [TEST_STEP][PASSED] - user4_b4 = Double.parseDouble(afrappaz_task_b4): null

2022-06-09 19:03:12 - [TEST_STEP][PASSED] - takeScreenshot(): Taking screenshot successfully

2022-06-09 19:03:13 - [MESSAGE][PASSED] - Taking screenshot successfully
[[ATTACHMENT|D:\\Projet Test Auto\\Mediabox Test Automation\\Reports\\20220609_181011\\03. Parallel Testing (Testing)\\TS -PT PART 3\\06. NPP Partial Submission Mass Submit\\20220609_181046\\1654794192720.png]]

2022-06-09 19:03:13 - [TEST_STEP][PASSED] - delay(1): Delayed 1 second(s)

2022-06-09 19:03:14 - [MESSAGE][PASSED] - Delayed 1 second(s)

2022-06-09 19:03:14 - [TEST_STEP][PASSED] - I.Logout_xpath("//*[@id="kt_header"]/div/div[2]/div[2]/div[1]/div/span/img", "//*[@id="kt_header"]/div/div[2]/div[2]/div[2]/a[2]"): Wait for page load successfully

2022-06-09 19:03:14 - [MESSAGE][PASSED] - Object: 'Object Repository/1. Constant/xpath' is clicked on

2022-06-09 19:03:15 - [MESSAGE][PASSED] - Delayed 1 second(s)

2022-06-09 19:03:18 - [MESSAGE][PASSED] - Object: 'Object Repository/1. Constant/xpath' is clicked on

2022-06-09 19:03:19 - [MESSAGE][PASSED] - Delayed 1 second(s)

2022-06-09 19:03:19 - [MESSAGE][PASSED] - Wait for page load successfully

2022-06-09 19:03:19 - [TEST_STEP][PASSED] - I.Login_password("akim", password_akim): Object: 'Object Repository/1. Constant/xpath' is clicked on

2022-06-09 19:03:19 - [MESSAGE][PASSED] - Text 'akim' is set on object 'Object Repository/1. Constant/xpath'

2022-06-09 19:03:20 - [MESSAGE][PASSED] - Delayed 1 second(s)

2022-06-09 19:03:21 - [MESSAGE][PASSED] - Text 'dchi' is set on object 'Object Repository/1. Constant/xpath'

2022-06-09 19:03:22 - [MESSAGE][PASSED] - Delayed 1 second(s)

2022-06-09 19:03:26 - [MESSAGE][PASSED] - Object: 'Object Repository/1. Constant/xpath' is clicked on

2022-06-09 19:03:26 - [TEST_STEP][PASSED] - delay(2): Delayed 2 second(s)

2022-06-09 19:03:28 - [MESSAGE][PASSED] - Delayed 2 second(s)

2022-06-09 19:03:28 - [TEST_STEP][PASSED] - akim_task_b4 = getText(findTestObject("1. Constant/xpath", ["xpath":"//*[@id="kt_header"]/div/div[2]/div[1]/div[1]/span"])): Text of object 'Object Repository/1. Constant/xpath' is: '14'

2022-06-09 19:03:29 - [MESSAGE][PASSED] - Text of object 'Object Repository/1. Constant/xpath' is: '14'

2022-06-09 19:03:29 - [TEST_STEP][PASSED] - I.print("U5 akim_task_b4 " + akim_task_b4): null

2022-06-09 19:03:29 - [TEST_STEP][PASSED] - user5_b4 = <not implemented yet for class: org.codehaus.groovy.ast.expr.EmptyExpression>: null

2022-06-09 19:03:29 - [TEST_STEP][PASSED] - if (akim_task_b4 == ""): null

2022-06-09 19:03:29 - [TEST_STEP][PASSED] - else: null

2022-06-09 19:03:29 - [TEST_STEP][PASSED] - user5_b4 = Double.parseDouble(akim_task_b4): null

2022-06-09 19:03:29 - [TEST_STEP][PASSED] - takeScreenshot(): Taking screenshot successfully

2022-06-09 19:03:29 - [MESSAGE][PASSED] - Taking screenshot successfully
[[ATTACHMENT|D:\\Projet Test Auto\\Mediabox Test Automation\\Reports\\20220609_181011\\03. Parallel Testing (Testing)\\TS -PT PART 3\\06. NPP Partial Submission Mass Submit\\20220609_181046\\1654794209622.png]]

2022-06-09 19:03:29 - [TEST_STEP][PASSED] - click(findTestObject("1. Constant/02_LHSMenu_Projects")): Object: 'Object Repository/1. Constant/02_LHSMenu_Projects' is clicked on

2022-06-09 19:03:38 - [MESSAGE][PASSED] - Object: 'Object Repository/1. Constant/02_LHSMenu_Projects' is clicked on

2022-06-09 19:03:38 - [TEST_STEP][PASSED] - I.SearchProjectNo_xpath(Project_No, "//*[@id="keynum_project"]", "//*[@id="form_filters"]/div[20]/button"): Delayed 5 second(s)

2022-06-09 19:03:39 - [MESSAGE][PASSED] - Delayed 1 second(s)

2022-06-09 19:03:42 - [MESSAGE][PASSED] - Text 'MI001066' is set on object 'Object Repository/1. Constant/xpath'

2022-06-09 19:03:45 - [MESSAGE][PASSED] - Delayed 3 second(s)

2022-06-09 19:03:45 - [MESSAGE][PASSED] - Scroll to object 'Object Repository/1. Constant/xpath' successfully

2022-06-09 19:03:48 - [MESSAGE][PASSED] - Object: 'Object Repository/1. Constant/xpath' is clicked on

2022-06-09 19:03:53 - [MESSAGE][PASSED] - Delayed 5 second(s)

2022-06-09 19:03:53 - [TEST_STEP][PASSED] - delay(5): Delayed 5 second(s)

2022-06-09 19:03:58 - [MESSAGE][PASSED] - Delayed 5 second(s)

2022-06-09 19:03:58 - [TEST_STEP][PASSED] - takeScreenshot(): Taking screenshot successfully

2022-06-09 19:03:59 - [MESSAGE][PASSED] - Taking screenshot successfully
[[ATTACHMENT|D:\\Projet Test Auto\\Mediabox Test Automation\\Reports\\20220609_181011\\03. Parallel Testing (Testing)\\TS -PT PART 3\\06. NPP Partial Submission Mass Submit\\20220609_181046\\1654794239028.png]]

2022-06-09 19:03:59 - [TEST_STEP][PASSED] - Lifecycle_LSS_actual = getText(findTestObject("1. Constant/xpath", ["xpath":"//*[@id="fiches"]/table/tbody/tr/td[7]/span[2]"])): Text of object 'Object Repository/1. Constant/xpath' is: 'LSS Pre-fill'

2022-06-09 19:04:00 - [MESSAGE][PASSED] - Text of object 'Object Repository/1. Constant/xpath' is: 'LSS Pre-fill'

2022-06-09 19:04:00 - [TEST_STEP][PASSED] - verifyMatch("LSS Pre-fill", Lifecycle_LSS_actual, false): Actual text 'LSS Pre-fill' and expected text 'LSS Pre-fill' are matched 

2022-06-09 19:04:00 - [MESSAGE][PASSED] - Actual text 'LSS Pre-fill' and expected text 'LSS Pre-fill' are matched 

2022-06-09 19:04:00 - [TEST_STEP][PASSED] - click(findTestObject("1. Constant/xpath", ["xpath":"//*[@id="fiches"]/table/tbody/tr/td[9]/a"])): Object: 'Object Repository/1. Constant/xpath' is clicked on

2022-06-09 19:04:04 - [MESSAGE][PASSED] - Object: 'Object Repository/1. Constant/xpath' is clicked on

2022-06-09 19:04:04 - [TEST_STEP][PASSED] - delay(2): Delayed 2 second(s)

2022-06-09 19:04:06 - [MESSAGE][PASSED] - Delayed 2 second(s)

2022-06-09 19:04:06 - [TEST_STEP][PASSED] - I.select_multiplelist("//*[@id="selSource_108"]", "//*[@id="btnAdd_108"]", "2344"): Delayed 1 second(s)

2022-06-09 19:04:07 - [MESSAGE][PASSED] - Delayed 1 second(s)

2022-06-09 19:04:09 - [MESSAGE][PASSED] - All options with value '2344' are selected in object 'Object Repository/1. Constant/xpath' 

2022-06-09 19:04:11 - [MESSAGE][PASSED] - Delayed 2 second(s)

2022-06-09 19:04:12 - [MESSAGE][PASSED] - Object: 'Object Repository/1. Constant/xpath' is clicked on

2022-06-09 19:04:13 - [MESSAGE][PASSED] - Delayed 1 second(s)

2022-06-09 19:04:13 - [TEST_STEP][PASSED] - delay(2): Delayed 2 second(s)

2022-06-09 19:04:15 - [MESSAGE][PASSED] - Delayed 2 second(s)

2022-06-09 19:04:15 - [TEST_STEP][PASSED] - click(findTestObject("1. Constant/xpath", ["xpath":"//*[@id="ModifFiche"]/div[1]/div/button[2]"])): Object: 'Object Repository/1. Constant/xpath' is clicked on

2022-06-09 19:04:21 - [MESSAGE][PASSED] - Object: 'Object Repository/1. Constant/xpath' is clicked on

2022-06-09 19:04:21 - [TEST_STEP][PASSED] - takeScreenshot(): Taking screenshot successfully

2022-06-09 19:04:22 - [MESSAGE][PASSED] - Taking screenshot successfully
[[ATTACHMENT|D:\\Projet Test Auto\\Mediabox Test Automation\\Reports\\20220609_181011\\03. Parallel Testing (Testing)\\TS -PT PART 3\\06. NPP Partial Submission Mass Submit\\20220609_181046\\1654794261967.png]]

2022-06-09 19:04:22 - [TEST_STEP][PASSED] - Lifecycle_LSS_actual1 = getText(findTestObject("1. Constant/xpath", ["xpath":"//*[@id="fiches"]/table/tbody/tr/td[7]/span[2]"])): Text of object 'Object Repository/1. Constant/xpath' is: 'LSS Creation'

2022-06-09 19:04:22 - [MESSAGE][PASSED] - Text of object 'Object Repository/1. Constant/xpath' is: 'LSS Creation'

2022-06-09 19:04:22 - [TEST_STEP][PASSED] - verifyMatch("LSS Creation", Lifecycle_LSS_actual1, false): Actual text 'LSS Creation' and expected text 'LSS Creation' are matched 

2022-06-09 19:04:22 - [MESSAGE][PASSED] - Actual text 'LSS Creation' and expected text 'LSS Creation' are matched 

2022-06-09 19:04:22 - [TEST_STEP][PASSED] - akim_task_af = getText(findTestObject("1. Constant/xpath", ["xpath":"//*[@id="kt_header"]/div/div[2]/div[1]/div[1]"])): Text of object 'Object Repository/1. Constant/xpath' is: '15'

2022-06-09 19:04:23 - [MESSAGE][PASSED] - Text of object 'Object Repository/1. Constant/xpath' is: '15'

2022-06-09 19:04:23 - [TEST_STEP][PASSED] - I.print("akim_task_af " + akim_task_af): null

2022-06-09 19:04:23 - [TEST_STEP][PASSED] - user5_af = Double.parseDouble(akim_task_af): null

2022-06-09 19:04:23 - [TEST_STEP][PASSED] - I.Logout_xpath("//*[@id="kt_header"]/div/div[2]/div[2]/div[1]/div/span/img", "//*[@id="kt_header"]/div/div[2]/div[2]/div[2]/a[2]"): Wait for page load successfully

2022-06-09 19:04:23 - [MESSAGE][PASSED] - Object: 'Object Repository/1. Constant/xpath' is clicked on

2022-06-09 19:04:24 - [MESSAGE][PASSED] - Delayed 1 second(s)

2022-06-09 19:04:28 - [MESSAGE][PASSED] - Object: 'Object Repository/1. Constant/xpath' is clicked on

2022-06-09 19:04:29 - [MESSAGE][PASSED] - Delayed 1 second(s)

2022-06-09 19:04:29 - [MESSAGE][PASSED] - Wait for page load successfully

2022-06-09 19:04:29 - [TEST_STEP][PASSED] - I.Login_password("abrazhnikovapx", password_abrazhnikovapx): Object: 'Object Repository/1. Constant/xpath' is clicked on

2022-06-09 19:04:30 - [MESSAGE][PASSED] - Text 'abrazhnikovapx' is set on object 'Object Repository/1. Constant/xpath'

2022-06-09 19:04:31 - [MESSAGE][PASSED] - Delayed 1 second(s)

2022-06-09 19:04:32 - [MESSAGE][PASSED] - Text 'dchi3' is set on object 'Object Repository/1. Constant/xpath'

2022-06-09 19:04:33 - [MESSAGE][PASSED] - Delayed 1 second(s)

2022-06-09 19:04:36 - [MESSAGE][PASSED] - Object: 'Object Repository/1. Constant/xpath' is clicked on

2022-06-09 19:04:36 - [TEST_STEP][PASSED] - delay(2): Delayed 2 second(s)

2022-06-09 19:04:38 - [MESSAGE][PASSED] - Delayed 2 second(s)

2022-06-09 19:04:38 - [TEST_STEP][PASSED] - abrazhnikovapx_task_af = getText(findTestObject("1. Constant/xpath", ["xpath":"//*[@id="kt_header"]/div/div[2]/div[1]/div[1]"])): Text of object 'Object Repository/1. Constant/xpath' is: '27'

2022-06-09 19:04:38 - [MESSAGE][PASSED] - Text of object 'Object Repository/1. Constant/xpath' is: '27'

2022-06-09 19:04:38 - [TEST_STEP][PASSED] - I.print("abrazhnikovapx_task_af " + abrazhnikovapx_task_af): null

2022-06-09 19:04:38 - [TEST_STEP][PASSED] - user1_af = Double.parseDouble(abrazhnikovapx_task_af): null

2022-06-09 19:04:38 - [TEST_STEP][PASSED] - takeScreenshot(): Taking screenshot successfully

2022-06-09 19:04:39 - [MESSAGE][PASSED] - Taking screenshot successfully
[[ATTACHMENT|D:\\Projet Test Auto\\Mediabox Test Automation\\Reports\\20220609_181011\\03. Parallel Testing (Testing)\\TS -PT PART 3\\06. NPP Partial Submission Mass Submit\\20220609_181046\\1654794278985.png]]

2022-06-09 19:04:39 - [TEST_STEP][PASSED] - I.Logout_xpath("//*[@id="kt_header"]/div/div[2]/div[2]/div[1]/div/span/img", "//*[@id="kt_header"]/div/div[2]/div[2]/div[2]/a[2]"): Wait for page load successfully

2022-06-09 19:04:39 - [MESSAGE][PASSED] - Object: 'Object Repository/1. Constant/xpath' is clicked on

2022-06-09 19:04:40 - [MESSAGE][PASSED] - Delayed 1 second(s)

2022-06-09 19:04:42 - [MESSAGE][PASSED] - Object: 'Object Repository/1. Constant/xpath' is clicked on

2022-06-09 19:04:43 - [MESSAGE][PASSED] - Delayed 1 second(s)

2022-06-09 19:04:44 - [MESSAGE][PASSED] - Wait for page load successfully

2022-06-09 19:04:44 - [TEST_STEP][PASSED] - I.Login_password("alarkins", password_alarkins): Object: 'Object Repository/1. Constant/xpath' is clicked on

2022-06-09 19:04:45 - [MESSAGE][PASSED] - Text 'alarkins' is set on object 'Object Repository/1. Constant/xpath'

2022-06-09 19:04:46 - [MESSAGE][PASSED] - Delayed 1 second(s)

2022-06-09 19:04:47 - [MESSAGE][PASSED] - Text 'dchi' is set on object 'Object Repository/1. Constant/xpath'

2022-06-09 19:04:48 - [MESSAGE][PASSED] - Delayed 1 second(s)

2022-06-09 19:04:52 - [MESSAGE][PASSED] - Object: 'Object Repository/1. Constant/xpath' is clicked on

2022-06-09 19:04:52 - [TEST_STEP][PASSED] - delay(2): Delayed 2 second(s)

2022-06-09 19:04:54 - [MESSAGE][PASSED] - Delayed 2 second(s)

2022-06-09 19:04:54 - [TEST_STEP][PASSED] - alarkins_task_af = getText(findTestObject("1. Constant/xpath", ["xpath":"//*[@id="kt_header"]/div/div[2]/div[1]/div[1]"])): Text of object 'Object Repository/1. Constant/xpath' is: '27'

2022-06-09 19:04:55 - [MESSAGE][PASSED] - Text of object 'Object Repository/1. Constant/xpath' is: '27'

2022-06-09 19:04:55 - [TEST_STEP][PASSED] - I.print("alarkins_task_af " + alarkins_task_af): null

2022-06-09 19:04:55 - [TEST_STEP][PASSED] - user2_af = Double.parseDouble(alarkins_task_af): null

2022-06-09 19:04:55 - [TEST_STEP][PASSED] - takeScreenshot(): Taking screenshot successfully

2022-06-09 19:04:55 - [MESSAGE][PASSED] - Taking screenshot successfully
[[ATTACHMENT|D:\\Projet Test Auto\\Mediabox Test Automation\\Reports\\20220609_181011\\03. Parallel Testing (Testing)\\TS -PT PART 3\\06. NPP Partial Submission Mass Submit\\20220609_181046\\1654794295681.png]]

2022-06-09 19:04:55 - [TEST_STEP][PASSED] - I.Logout_xpath("//*[@id="kt_header"]/div/div[2]/div[2]/div[1]/div/span/img", "//*[@id="kt_header"]/div/div[2]/div[2]/div[2]/a[2]"): Wait for page load successfully

2022-06-09 19:04:56 - [MESSAGE][PASSED] - Object: 'Object Repository/1. Constant/xpath' is clicked on

2022-06-09 19:04:57 - [MESSAGE][PASSED] - Delayed 1 second(s)

2022-06-09 19:05:01 - [MESSAGE][PASSED] - Object: 'Object Repository/1. Constant/xpath' is clicked on

2022-06-09 19:05:02 - [MESSAGE][PASSED] - Delayed 1 second(s)

2022-06-09 19:05:02 - [MESSAGE][PASSED] - Wait for page load successfully

2022-06-09 19:05:02 - [TEST_STEP][PASSED] - I.Login_password("cdemonchy", password_cdemonchy): Object: 'Object Repository/1. Constant/xpath' is clicked on

2022-06-09 19:05:03 - [MESSAGE][PASSED] - Text 'cdemonchy' is set on object 'Object Repository/1. Constant/xpath'

2022-06-09 19:05:04 - [MESSAGE][PASSED] - Delayed 1 second(s)

2022-06-09 19:05:05 - [MESSAGE][PASSED] - Text 'dchi' is set on object 'Object Repository/1. Constant/xpath'

2022-06-09 19:05:06 - [MESSAGE][PASSED] - Delayed 1 second(s)

2022-06-09 19:05:10 - [MESSAGE][PASSED] - Object: 'Object Repository/1. Constant/xpath' is clicked on

2022-06-09 19:05:10 - [TEST_STEP][PASSED] - delay(2): Delayed 2 second(s)

2022-06-09 19:05:12 - [MESSAGE][PASSED] - Delayed 2 second(s)

2022-06-09 19:05:12 - [TEST_STEP][PASSED] - cdemonchy_task_af = getText(findTestObject("1. Constant/xpath", ["xpath":"//*[@id="kt_header"]/div/div[2]/div[1]/div[1]"])): Text of object 'Object Repository/1. Constant/xpath' is: '28'

2022-06-09 19:05:12 - [MESSAGE][PASSED] - Text of object 'Object Repository/1. Constant/xpath' is: '28'

2022-06-09 19:05:12 - [TEST_STEP][PASSED] - I.print(" cdemonchy_task_af " + cdemonchy_task_af): null

2022-06-09 19:05:12 - [TEST_STEP][PASSED] - user3_af = Double.parseDouble(cdemonchy_task_af): null

2022-06-09 19:05:12 - [TEST_STEP][PASSED] - takeScreenshot(): Taking screenshot successfully

2022-06-09 19:05:13 - [MESSAGE][PASSED] - Taking screenshot successfully
[[ATTACHMENT|D:\\Projet Test Auto\\Mediabox Test Automation\\Reports\\20220609_181011\\03. Parallel Testing (Testing)\\TS -PT PART 3\\06. NPP Partial Submission Mass Submit\\20220609_181046\\1654794312581.png]]

2022-06-09 19:05:13 - [TEST_STEP][PASSED] - I.Logout_xpath("//*[@id="kt_header"]/div/div[2]/div[2]/div[1]/div/span/img", "//*[@id="kt_header"]/div/div[2]/div[2]/div[2]/a[2]"): Wait for page load successfully

2022-06-09 19:05:13 - [MESSAGE][PASSED] - Object: 'Object Repository/1. Constant/xpath' is clicked on

2022-06-09 19:05:14 - [MESSAGE][PASSED] - Delayed 1 second(s)

2022-06-09 19:05:17 - [MESSAGE][PASSED] - Object: 'Object Repository/1. Constant/xpath' is clicked on

2022-06-09 19:05:18 - [MESSAGE][PASSED] - Delayed 1 second(s)

2022-06-09 19:05:18 - [MESSAGE][PASSED] - Wait for page load successfully

2022-06-09 19:05:18 - [TEST_STEP][PASSED] - I.Login_password("afrappaz", password_afrappaz): Object: 'Object Repository/1. Constant/xpath' is clicked on

2022-06-09 19:05:18 - [MESSAGE][PASSED] - Text 'afrappaz' is set on object 'Object Repository/1. Constant/xpath'

2022-06-09 19:05:19 - [MESSAGE][PASSED] - Delayed 1 second(s)

2022-06-09 19:05:19 - [MESSAGE][PASSED] - Text 'dchi3' is set on object 'Object Repository/1. Constant/xpath'

2022-06-09 19:05:20 - [MESSAGE][PASSED] - Delayed 1 second(s)

2022-06-09 19:05:25 - [MESSAGE][PASSED] - Object: 'Object Repository/1. Constant/xpath' is clicked on

2022-06-09 19:05:25 - [TEST_STEP][PASSED] - delay(2): Delayed 2 second(s)

2022-06-09 19:05:27 - [MESSAGE][PASSED] - Delayed 2 second(s)

2022-06-09 19:05:27 - [TEST_STEP][PASSED] - afrappaz_task_af = getText(findTestObject("1. Constant/xpath", ["xpath":"//*[@id="kt_header"]/div/div[2]/div[1]/div[1]"])): Text of object 'Object Repository/1. Constant/xpath' is: '27'

2022-06-09 19:05:27 - [MESSAGE][PASSED] - Text of object 'Object Repository/1. Constant/xpath' is: '27'

2022-06-09 19:05:27 - [TEST_STEP][PASSED] - I.print("afrappaz_task_af " + afrappaz_task_af): null

2022-06-09 19:05:27 - [TEST_STEP][PASSED] - user4_af = Double.parseDouble(afrappaz_task_af): null

2022-06-09 19:05:27 - [TEST_STEP][PASSED] - takeScreenshot(): Taking screenshot successfully

2022-06-09 19:05:27 - [MESSAGE][PASSED] - Taking screenshot successfully
[[ATTACHMENT|D:\\Projet Test Auto\\Mediabox Test Automation\\Reports\\20220609_181011\\03. Parallel Testing (Testing)\\TS -PT PART 3\\06. NPP Partial Submission Mass Submit\\20220609_181046\\1654794327307.png]]

2022-06-09 19:05:27 - [TEST_STEP][PASSED] - verifyEqual(user1_af - 1, user1_b4): Actual object '26' and expected object '26' are equal

2022-06-09 19:05:27 - [MESSAGE][PASSED] - Actual object '26' and expected object '26' are equal

2022-06-09 19:05:27 - [TEST_STEP][PASSED] - verifyEqual(user2_af - 1, user2_b4): Actual object '26' and expected object '26' are equal

2022-06-09 19:05:27 - [MESSAGE][PASSED] - Actual object '26' and expected object '26' are equal

2022-06-09 19:05:27 - [TEST_STEP][PASSED] - verifyEqual(user3_af - 1, user3_b4): Actual object '27' and expected object '27' are equal

2022-06-09 19:05:27 - [MESSAGE][PASSED] - Actual object '27' and expected object '27' are equal

2022-06-09 19:05:27 - [TEST_STEP][PASSED] - "Verify task has been increased by 1 for  user 4": null

2022-06-09 19:05:27 - [TEST_STEP][PASSED] - click(findTestObject("1. Constant/02_LHSMenu_Projects")): Object: 'Object Repository/1. Constant/02_LHSMenu_Projects' is clicked on

2022-06-09 19:05:38 - [MESSAGE][PASSED] - Object: 'Object Repository/1. Constant/02_LHSMenu_Projects' is clicked on

2022-06-09 19:05:38 - [TEST_STEP][PASSED] - I.SearchProjectNo_xpath(Project_No, "//*[@id="keynum_project"]", "//*[@id="form_filters"]/div[20]/button"): Delayed 5 second(s)

2022-06-09 19:05:39 - [MESSAGE][PASSED] - Delayed 1 second(s)

2022-06-09 19:05:39 - [MESSAGE][PASSED] - Text 'MI001066' is set on object 'Object Repository/1. Constant/xpath'

2022-06-09 19:05:42 - [MESSAGE][PASSED] - Delayed 3 second(s)

2022-06-09 19:05:42 - [MESSAGE][PASSED] - Scroll to object 'Object Repository/1. Constant/xpath' successfully

2022-06-09 19:05:50 - [MESSAGE][PASSED] - Object: 'Object Repository/1. Constant/xpath' is clicked on

2022-06-09 19:05:55 - [MESSAGE][PASSED] - Delayed 5 second(s)

2022-06-09 19:05:55 - [TEST_STEP][PASSED] - delay(5): Delayed 5 second(s)

2022-06-09 19:06:00 - [MESSAGE][PASSED] - Delayed 5 second(s)

2022-06-09 19:06:00 - [TEST_STEP][PASSED] - takeScreenshot(): Taking screenshot successfully

2022-06-09 19:06:00 - [MESSAGE][PASSED] - Taking screenshot successfully
[[ATTACHMENT|D:\\Projet Test Auto\\Mediabox Test Automation\\Reports\\20220609_181011\\03. Parallel Testing (Testing)\\TS -PT PART 3\\06. NPP Partial Submission Mass Submit\\20220609_181046\\1654794360345.png]]

2022-06-09 19:06:00 - [TEST_STEP][PASSED] - click(findTestObject("1. Constant/xpath", ["xpath":"/html/body/div[1]/div[2]/div[4]/div[3]/div/div[2]/div[2]/div[1]/table/tbody/tr[2]/td[14]/a"])): Object: 'Object Repository/1. Constant/xpath' is clicked on

2022-06-09 19:06:03 - [MESSAGE][PASSED] - Object: 'Object Repository/1. Constant/xpath' is clicked on

2022-06-09 19:06:03 - [TEST_STEP][PASSED] - delay(1): Delayed 1 second(s)

2022-06-09 19:06:04 - [MESSAGE][PASSED] - Delayed 1 second(s)

2022-06-09 19:06:04 - [TEST_STEP][PASSED] - click(findTestObject("1. Constant/xpath", ["xpath":"//*[@id="ModifFiche"]/div[1]/div/button[2]"])): Object: 'Object Repository/1. Constant/xpath' is clicked on

2022-06-09 19:06:14 - [MESSAGE][PASSED] - Object: 'Object Repository/1. Constant/xpath' is clicked on

2022-06-09 19:06:14 - [TEST_STEP][PASSED] - Lifecycle_LSS_actual_user4 = getText(findTestObject("1. Constant/xpath", ["xpath":"/html/body/div[1]/div[2]/div[4]/div[3]/div/div[2]/div[2]/div[1]/table/tbody/tr[2]/td[11]/span[2]"])): Text of object 'Object Repository/1. Constant/xpath' is: 'LSS Creation'

2022-06-09 19:06:14 - [MESSAGE][PASSED] - Text of object 'Object Repository/1. Constant/xpath' is: 'LSS Creation'

2022-06-09 19:06:14 - [TEST_STEP][PASSED] - verifyMatch("LSS Creation", Lifecycle_LSS_actual_user4, false): Actual text 'LSS Creation' and expected text 'LSS Creation' are matched 

2022-06-09 19:06:14 - [MESSAGE][PASSED] - Actual text 'LSS Creation' and expected text 'LSS Creation' are matched 

2022-06-09 19:06:14 - [TEST_STEP][PASSED] - afrappaz_task_af2 = getText(findTestObject("1. Constant/xpath", ["xpath":"//*[@id="kt_header"]/div/div[2]/div[1]/div[1]"])): Text of object 'Object Repository/1. Constant/xpath' is: '26'

2022-06-09 19:06:15 - [MESSAGE][PASSED] - Text of object 'Object Repository/1. Constant/xpath' is: '26'

2022-06-09 19:06:15 - [TEST_STEP][PASSED] - I.print("afrappaz_task_af2 " + afrappaz_task_af2): null

2022-06-09 19:06:15 - [TEST_STEP][PASSED] - user4_af2 = <not implemented yet for class: org.codehaus.groovy.ast.expr.EmptyExpression>: null

2022-06-09 19:06:15 - [TEST_STEP][PASSED] - if (afrappaz_task_af2 == ""): null

2022-06-09 19:06:15 - [TEST_STEP][PASSED] - else: null

2022-06-09 19:06:15 - [TEST_STEP][PASSED] - user4_af2 = Double.parseDouble(afrappaz_task_af2): null

2022-06-09 19:06:15 - [TEST_STEP][PASSED] - verifyEqual(user4_af2, user4_af - 1): Actual object '26' and expected object '26' are equal

2022-06-09 19:06:15 - [MESSAGE][PASSED] - Actual object '26' and expected object '26' are equal

2022-06-09 19:06:15 - [TEST_STEP][PASSED] - takeScreenshot(): Taking screenshot successfully

2022-06-09 19:06:15 - [MESSAGE][PASSED] - Taking screenshot successfully
[[ATTACHMENT|D:\\Projet Test Auto\\Mediabox Test Automation\\Reports\\20220609_181011\\03. Parallel Testing (Testing)\\TS -PT PART 3\\06. NPP Partial Submission Mass Submit\\20220609_181046\\1654794375047.png]]

2022-06-09 19:06:15 - [TEST_STEP][PASSED] - click(findTestObject("1. Constant/xpath", ["xpath":"/html/body/div[1]/div[2]/div[4]/div[3]/div/div[2]/div[2]/div[1]/table/tbody/tr[2]/td[7]/a"])): Object: 'Object Repository/1. Constant/xpath' is clicked on

2022-06-09 19:06:18 - [MESSAGE][PASSED] - Object: 'Object Repository/1. Constant/xpath' is clicked on

2022-06-09 19:06:18 - [TEST_STEP][PASSED] - delay(2): Delayed 2 second(s)

2022-06-09 19:06:20 - [MESSAGE][PASSED] - Delayed 2 second(s)

2022-06-09 19:06:20 - [TEST_STEP][PASSED] - click(findTestObject("1. Constant/xpath", ["xpath":"//*[@id="kt_content"]/div[3]/div/ul/li[3]/a"])): Object: 'Object Repository/1. Constant/xpath' is clicked on

2022-06-09 19:06:23 - [MESSAGE][PASSED] - Object: 'Object Repository/1. Constant/xpath' is clicked on

2022-06-09 19:06:23 - [TEST_STEP][PASSED] - delay(2): Delayed 2 second(s)

2022-06-09 19:06:25 - [MESSAGE][PASSED] - Delayed 2 second(s)

2022-06-09 19:06:25 - [TEST_STEP][PASSED] - Actual_submittedby_user4 = getText(findTestObject("1. Constant/xpath", ["xpath":"/html/body/div[1]/div[2]/div[8]/div[3]/div/div[3]/div[3]/div/div/div[1]/div/div[2]/div/div[2]/h5[2]"])): Text of object 'Object Repository/1. Constant/xpath' is: 'Submitted by'

2022-06-09 19:06:25 - [MESSAGE][PASSED] - Text of object 'Object Repository/1. Constant/xpath' is: 'Submitted by'

2022-06-09 19:06:25 - [TEST_STEP][PASSED] - verifyMatch("Submitted by", Actual_submittedby_user4, false): Actual text 'Submitted by' and expected text 'Submitted by' are matched 

2022-06-09 19:06:25 - [MESSAGE][PASSED] - Actual text 'Submitted by' and expected text 'Submitted by' are matched 

2022-06-09 19:06:25 - [TEST_STEP][PASSED] - Actual_username_user4 = getText(findTestObject("1. Constant/xpath", ["xpath":"/html/body/div[1]/div[2]/div[8]/div[3]/div/div[3]/div[3]/div/div/div[1]/div/div[2]/div/div[2]/div[2]/div/div/div[3]"])): Text of object 'Object Repository/1. Constant/xpath' is: 'Alexandra FRAPPAZ'

2022-06-09 19:06:25 - [MESSAGE][PASSED] - Text of object 'Object Repository/1. Constant/xpath' is: 'Alexandra FRAPPAZ'

2022-06-09 19:06:25 - [TEST_STEP][PASSED] - verifyMatch("Alexandra FRAPPAZ", Actual_username_user4, false): Actual text 'Alexandra FRAPPAZ' and expected text 'Alexandra FRAPPAZ' are matched 

2022-06-09 19:06:25 - [MESSAGE][PASSED] - Actual text 'Alexandra FRAPPAZ' and expected text 'Alexandra FRAPPAZ' are matched 

2022-06-09 19:06:25 - [TEST_STEP][PASSED] - takeScreenshot(): Taking screenshot successfully

2022-06-09 19:06:25 - [MESSAGE][PASSED] - Taking screenshot successfully
[[ATTACHMENT|D:\\Projet Test Auto\\Mediabox Test Automation\\Reports\\20220609_181011\\03. Parallel Testing (Testing)\\TS -PT PART 3\\06. NPP Partial Submission Mass Submit\\20220609_181046\\1654794385440.png]]

2022-06-09 19:06:25 - [TEST_STEP][PASSED] - I.Logout_xpath("//*[@id="kt_header"]/div/div[2]/div[2]/div[1]/div/span/img", "//*[@id="kt_header"]/div/div[2]/div[2]/div[2]/a[2]"): Wait for page load successfully

2022-06-09 19:06:27 - [MESSAGE][PASSED] - Object: 'Object Repository/1. Constant/xpath' is clicked on

2022-06-09 19:06:28 - [MESSAGE][PASSED] - Delayed 1 second(s)

2022-06-09 19:06:30 - [MESSAGE][PASSED] - Object: 'Object Repository/1. Constant/xpath' is clicked on

2022-06-09 19:06:31 - [MESSAGE][PASSED] - Delayed 1 second(s)

2022-06-09 19:06:31 - [MESSAGE][PASSED] - Wait for page load successfully

2022-06-09 19:06:31 - [TEST_STEP][PASSED] - I.Login_password("abrazhnikovapx", password_abrazhnikovapx): Object: 'Object Repository/1. Constant/xpath' is clicked on

2022-06-09 19:06:32 - [MESSAGE][PASSED] - Text 'abrazhnikovapx' is set on object 'Object Repository/1. Constant/xpath'

2022-06-09 19:06:33 - [MESSAGE][PASSED] - Delayed 1 second(s)

2022-06-09 19:06:34 - [MESSAGE][PASSED] - Text 'dchi3' is set on object 'Object Repository/1. Constant/xpath'

2022-06-09 19:06:35 - [MESSAGE][PASSED] - Delayed 1 second(s)

2022-06-09 19:06:39 - [MESSAGE][PASSED] - Object: 'Object Repository/1. Constant/xpath' is clicked on

2022-06-09 19:06:39 - [TEST_STEP][PASSED] - click(findTestObject("1. Constant/02_LHSMenu_Projects")): Object: 'Object Repository/1. Constant/02_LHSMenu_Projects' is clicked on

2022-06-09 19:06:48 - [MESSAGE][PASSED] - Object: 'Object Repository/1. Constant/02_LHSMenu_Projects' is clicked on

2022-06-09 19:06:48 - [TEST_STEP][PASSED] - I.SearchProjectNo_xpath(Project_No, "//*[@id="keynum_project"]", "//*[@id="form_filters"]/div[20]/button"): Delayed 5 second(s)

2022-06-09 19:06:49 - [MESSAGE][PASSED] - Delayed 1 second(s)

2022-06-09 19:06:50 - [MESSAGE][PASSED] - Text 'MI001066' is set on object 'Object Repository/1. Constant/xpath'

2022-06-09 19:06:53 - [MESSAGE][PASSED] - Delayed 3 second(s)

2022-06-09 19:06:53 - [MESSAGE][PASSED] - Scroll to object 'Object Repository/1. Constant/xpath' successfully

2022-06-09 19:06:55 - [MESSAGE][PASSED] - Object: 'Object Repository/1. Constant/xpath' is clicked on

2022-06-09 19:07:00 - [MESSAGE][PASSED] - Delayed 5 second(s)

2022-06-09 19:07:00 - [TEST_STEP][PASSED] - delay(5): Delayed 5 second(s)

2022-06-09 19:07:05 - [MESSAGE][PASSED] - Delayed 5 second(s)

2022-06-09 19:07:05 - [TEST_STEP][PASSED] - takeScreenshot(): Taking screenshot successfully

2022-06-09 19:07:06 - [MESSAGE][PASSED] - Taking screenshot successfully
[[ATTACHMENT|D:\\Projet Test Auto\\Mediabox Test Automation\\Reports\\20220609_181011\\03. Parallel Testing (Testing)\\TS -PT PART 3\\06. NPP Partial Submission Mass Submit\\20220609_181046\\1654794425938.png]]

2022-06-09 19:07:06 - [TEST_STEP][PASSED] - click(findTestObject("1. Constant/xpath", ["xpath":"//*[@id="fiches"]/table/tbody/tr/td[12]/a"])): Object: 'Object Repository/1. Constant/xpath' is clicked on

2022-06-09 19:07:09 - [MESSAGE][PASSED] - Object: 'Object Repository/1. Constant/xpath' is clicked on

2022-06-09 19:07:09 - [TEST_STEP][PASSED] - click(findTestObject("1. Constant/xpath", ["xpath":"//*[@id="ModifFiche"]/div[1]/div/button[2]"])): Object: 'Object Repository/1. Constant/xpath' is clicked on

2022-06-09 19:07:13 - [MESSAGE][PASSED] - Object: 'Object Repository/1. Constant/xpath' is clicked on

2022-06-09 19:07:13 - [TEST_STEP][PASSED] - delay(1): Delayed 1 second(s)

2022-06-09 19:07:14 - [MESSAGE][PASSED] - Delayed 1 second(s)

2022-06-09 19:07:14 - [TEST_STEP][PASSED] - Lifecycle_LSS_actual_user1 = getText(findTestObject("1. Constant/xpath", ["xpath":"//*[@id="fiches"]/table/tbody/tr/td[9]/span[2]"])): Text of object 'Object Repository/1. Constant/xpath' is: 'LSS Creation'

2022-06-09 19:07:15 - [MESSAGE][PASSED] - Text of object 'Object Repository/1. Constant/xpath' is: 'LSS Creation'

2022-06-09 19:07:15 - [TEST_STEP][PASSED] - verifyMatch("LSS Creation", Lifecycle_LSS_actual_user1, false): Actual text 'LSS Creation' and expected text 'LSS Creation' are matched 

2022-06-09 19:07:15 - [MESSAGE][PASSED] - Actual text 'LSS Creation' and expected text 'LSS Creation' are matched 

2022-06-09 19:07:15 - [TEST_STEP][PASSED] - takeScreenshot(): Taking screenshot successfully

2022-06-09 19:07:15 - [MESSAGE][PASSED] - Taking screenshot successfully
[[ATTACHMENT|D:\\Projet Test Auto\\Mediabox Test Automation\\Reports\\20220609_181011\\03. Parallel Testing (Testing)\\TS -PT PART 3\\06. NPP Partial Submission Mass Submit\\20220609_181046\\1654794435120.png]]

2022-06-09 19:07:15 - [TEST_STEP][PASSED] - click(findTestObject("1. Constant/xpath", ["xpath":"//*[@id="fiches"]/table/tbody/tr/td[5]/a"])): Object: 'Object Repository/1. Constant/xpath' is clicked on

2022-06-09 19:07:18 - [MESSAGE][PASSED] - Object: 'Object Repository/1. Constant/xpath' is clicked on

2022-06-09 19:07:18 - [TEST_STEP][PASSED] - delay(2): Delayed 2 second(s)

2022-06-09 19:07:20 - [MESSAGE][PASSED] - Delayed 2 second(s)

2022-06-09 19:07:20 - [TEST_STEP][PASSED] - click(findTestObject("1. Constant/xpath", ["xpath":"//*[@id="kt_content"]/div[3]/div/ul/li[3]/a"])): Object: 'Object Repository/1. Constant/xpath' is clicked on

2022-06-09 19:07:22 - [MESSAGE][PASSED] - Object: 'Object Repository/1. Constant/xpath' is clicked on

2022-06-09 19:07:22 - [TEST_STEP][PASSED] - delay(2): Delayed 2 second(s)

2022-06-09 19:07:24 - [MESSAGE][PASSED] - Delayed 2 second(s)

2022-06-09 19:07:24 - [TEST_STEP][PASSED] - Actual_submittedby_user1 = getText(findTestObject("1. Constant/xpath", ["xpath":"/html/body/div[1]/div[2]/div[8]/div[3]/div/div[3]/div[3]/div/div/div[1]/div/div[2]/div/div[2]/h5[2]"])): Text of object 'Object Repository/1. Constant/xpath' is: 'Submitted by'

2022-06-09 19:07:24 - [MESSAGE][PASSED] - Text of object 'Object Repository/1. Constant/xpath' is: 'Submitted by'

2022-06-09 19:07:24 - [TEST_STEP][PASSED] - verifyMatch("Submitted by", Actual_submittedby_user1, false): Actual text 'Submitted by' and expected text 'Submitted by' are matched 

2022-06-09 19:07:24 - [MESSAGE][PASSED] - Actual text 'Submitted by' and expected text 'Submitted by' are matched 

2022-06-09 19:07:24 - [TEST_STEP][PASSED] - Actual_username_user1 = getText(findTestObject("1. Constant/xpath", ["xpath":"/html/body/div[1]/div[2]/div[8]/div[3]/div/div[3]/div[3]/div/div/div[1]/div/div[2]/div/div[2]/div[2]/div[2]/div/div[3]"])): Text of object 'Object Repository/1. Constant/xpath' is: 'Anastasiia BRAZHNIKOVA PX'

2022-06-09 19:07:24 - [MESSAGE][PASSED] - Text of object 'Object Repository/1. Constant/xpath' is: 'Anastasiia BRAZHNIKOVA PX'

2022-06-09 19:07:24 - [TEST_STEP][PASSED] - verifyMatch("Anastasiia BRAZHNIKOVA PX", Actual_username_user1, false): Actual text 'Anastasiia BRAZHNIKOVA PX' and expected text 'Anastasiia BRAZHNIKOVA PX' are matched 

2022-06-09 19:07:24 - [MESSAGE][PASSED] - Actual text 'Anastasiia BRAZHNIKOVA PX' and expected text 'Anastasiia BRAZHNIKOVA PX' are matched 

2022-06-09 19:07:24 - [TEST_STEP][PASSED] - takeScreenshot(): Taking screenshot successfully

2022-06-09 19:07:25 - [MESSAGE][PASSED] - Taking screenshot successfully
[[ATTACHMENT|D:\\Projet Test Auto\\Mediabox Test Automation\\Reports\\20220609_181011\\03. Parallel Testing (Testing)\\TS -PT PART 3\\06. NPP Partial Submission Mass Submit\\20220609_181046\\1654794444927.png]]

2022-06-09 19:07:25 - [TEST_STEP][PASSED] - I.Logout_xpath("//*[@id="kt_header"]/div/div[2]/div[2]/div[1]/div/span/img", "//*[@id="kt_header"]/div/div[2]/div[2]/div[2]/a[2]"): Wait for page load successfully

2022-06-09 19:07:25 - [MESSAGE][PASSED] - Object: 'Object Repository/1. Constant/xpath' is clicked on

2022-06-09 19:07:26 - [MESSAGE][PASSED] - Delayed 1 second(s)

2022-06-09 19:07:30 - [MESSAGE][PASSED] - Object: 'Object Repository/1. Constant/xpath' is clicked on

2022-06-09 19:07:31 - [MESSAGE][PASSED] - Delayed 1 second(s)

2022-06-09 19:07:31 - [MESSAGE][PASSED] - Wait for page load successfully

2022-06-09 19:07:31 - [TEST_STEP][PASSED] - I.Login_password("akim", password_akim): Object: 'Object Repository/1. Constant/xpath' is clicked on

2022-06-09 19:07:32 - [MESSAGE][PASSED] - Text 'akim' is set on object 'Object Repository/1. Constant/xpath'

2022-06-09 19:07:33 - [MESSAGE][PASSED] - Delayed 1 second(s)

2022-06-09 19:07:35 - [MESSAGE][PASSED] - Text 'dchi' is set on object 'Object Repository/1. Constant/xpath'

2022-06-09 19:07:36 - [MESSAGE][PASSED] - Delayed 1 second(s)

2022-06-09 19:07:40 - [MESSAGE][PASSED] - Object: 'Object Repository/1. Constant/xpath' is clicked on

2022-06-09 19:07:40 - [TEST_STEP][PASSED] - click(findTestObject("1. Constant/02_LHSMenu_Projects")): Object: 'Object Repository/1. Constant/02_LHSMenu_Projects' is clicked on

2022-06-09 19:07:48 - [MESSAGE][PASSED] - Object: 'Object Repository/1. Constant/02_LHSMenu_Projects' is clicked on

2022-06-09 19:07:48 - [TEST_STEP][PASSED] - I.SearchProjectNo_xpath(Project_No, "//*[@id="keynum_project"]", "//*[@id="form_filters"]/div[20]/button"): Delayed 5 second(s)

2022-06-09 19:07:49 - [MESSAGE][PASSED] - Delayed 1 second(s)

2022-06-09 19:07:49 - [MESSAGE][PASSED] - Text 'MI001066' is set on object 'Object Repository/1. Constant/xpath'

2022-06-09 19:07:52 - [MESSAGE][PASSED] - Delayed 3 second(s)

2022-06-09 19:07:53 - [MESSAGE][PASSED] - Scroll to object 'Object Repository/1. Constant/xpath' successfully

2022-06-09 19:07:57 - [MESSAGE][PASSED] - Object: 'Object Repository/1. Constant/xpath' is clicked on

2022-06-09 19:08:02 - [MESSAGE][PASSED] - Delayed 5 second(s)

2022-06-09 19:08:02 - [TEST_STEP][PASSED] - delay(5): Delayed 5 second(s)

2022-06-09 19:08:07 - [MESSAGE][PASSED] - Delayed 5 second(s)

2022-06-09 19:08:07 - [TEST_STEP][PASSED] - takeScreenshot(): Taking screenshot successfully

2022-06-09 19:08:08 - [MESSAGE][PASSED] - Taking screenshot successfully
[[ATTACHMENT|D:\\Projet Test Auto\\Mediabox Test Automation\\Reports\\20220609_181011\\03. Parallel Testing (Testing)\\TS -PT PART 3\\06. NPP Partial Submission Mass Submit\\20220609_181046\\1654794487972.png]]

2022-06-09 19:08:08 - [TEST_STEP][PASSED] - click(findTestObject("1. Constant/xpath", ["xpath":"//*[@id="fiches"]/table/tbody/tr/td[9]/a"])): Object: 'Object Repository/1. Constant/xpath' is clicked on

2022-06-09 19:08:11 - [MESSAGE][PASSED] - Object: 'Object Repository/1. Constant/xpath' is clicked on

2022-06-09 19:08:11 - [TEST_STEP][PASSED] - click(findTestObject("1. Constant/xpath", ["xpath":"//*[@id="ModifFiche"]/div[1]/div/button[2]"])): Object: 'Object Repository/1. Constant/xpath' is clicked on

2022-06-09 19:08:18 - [MESSAGE][PASSED] - Object: 'Object Repository/1. Constant/xpath' is clicked on

2022-06-09 19:08:18 - [TEST_STEP][PASSED] - delay(1): Delayed 1 second(s)

2022-06-09 19:08:19 - [MESSAGE][PASSED] - Delayed 1 second(s)

2022-06-09 19:08:19 - [TEST_STEP][PASSED] - Lifecycle_LSS_actual_user5 = getText(findTestObject("1. Constant/xpath", ["xpath":"//*[@id="fiches"]/table/tbody/tr/td[7]/span[2]"])): Text of object 'Object Repository/1. Constant/xpath' is: 'PP Approval'

2022-06-09 19:08:20 - [MESSAGE][PASSED] - Text of object 'Object Repository/1. Constant/xpath' is: 'PP Approval'

2022-06-09 19:08:20 - [TEST_STEP][PASSED] - verifyMatch("PP Approval", Lifecycle_LSS_actual_user5, false): Actual text 'PP Approval' and expected text 'PP Approval' are matched 

2022-06-09 19:08:20 - [MESSAGE][PASSED] - Actual text 'PP Approval' and expected text 'PP Approval' are matched 

2022-06-09 19:08:20 - [TEST_STEP][PASSED] - takeScreenshot(): Taking screenshot successfully

2022-06-09 19:08:20 - [MESSAGE][PASSED] - Taking screenshot successfully
[[ATTACHMENT|D:\\Projet Test Auto\\Mediabox Test Automation\\Reports\\20220609_181011\\03. Parallel Testing (Testing)\\TS -PT PART 3\\06. NPP Partial Submission Mass Submit\\20220609_181046\\1654794500176.png]]

2022-06-09 19:08:20 - [TEST_STEP][PASSED] - click(findTestObject("1. Constant/xpath", ["xpath":"//*[@id="fiches"]/table/tbody/tr/td[5]/a"])): Object: 'Object Repository/1. Constant/xpath' is clicked on

2022-06-09 19:08:24 - [MESSAGE][PASSED] - Object: 'Object Repository/1. Constant/xpath' is clicked on

2022-06-09 19:08:24 - [TEST_STEP][PASSED] - delay(2): Delayed 2 second(s)

2022-06-09 19:08:26 - [MESSAGE][PASSED] - Delayed 2 second(s)

2022-06-09 19:08:26 - [TEST_STEP][PASSED] - click(findTestObject("1. Constant/xpath", ["xpath":"//*[@id="kt_content"]/div[3]/div/ul/li[3]/a"])): Object: 'Object Repository/1. Constant/xpath' is clicked on

2022-06-09 19:08:27 - [MESSAGE][PASSED] - Object: 'Object Repository/1. Constant/xpath' is clicked on

2022-06-09 19:08:27 - [TEST_STEP][PASSED] - delay(2): Delayed 2 second(s)

2022-06-09 19:08:29 - [MESSAGE][PASSED] - Delayed 2 second(s)

2022-06-09 19:08:29 - [TEST_STEP][PASSED] - takeScreenshot(): Taking screenshot successfully

2022-06-09 19:08:29 - [MESSAGE][PASSED] - Taking screenshot successfully
[[ATTACHMENT|D:\\Projet Test Auto\\Mediabox Test Automation\\Reports\\20220609_181011\\03. Parallel Testing (Testing)\\TS -PT PART 3\\06. NPP Partial Submission Mass Submit\\20220609_181046\\1654794509308.png]]

2022-06-09 19:08:29 - [TEST_STEP][PASSED] - delay(1): Delayed 1 second(s)

2022-06-09 19:08:30 - [MESSAGE][PASSED] - Delayed 1 second(s)

2022-06-09 19:08:30 - [TEST_STEP][PASSED] - click(findTestObject("1. Constant/xpath", ["xpath":"/html/body/div[1]/div[2]/div[8]/div[3]/div/div[3]/div[3]/div/ul/li[1]/a"])): Object: 'Object Repository/1. Constant/xpath' is clicked on

2022-06-09 19:08:30 - [MESSAGE][PASSED] - Object: 'Object Repository/1. Constant/xpath' is clicked on

2022-06-09 19:08:30 - [TEST_STEP][PASSED] - click(findTestObject("1. Constant/xpath", ["xpath":"/html/body/div[1]/div[2]/div[8]/div[3]/div/div[3]/div[3]/div/div/div[1]/div/div[2]/div/div[1]/div[2]/a"])): Object: 'Object Repository/1. Constant/xpath' is clicked on

2022-06-09 19:08:31 - [MESSAGE][PASSED] - Object: 'Object Repository/1. Constant/xpath' is clicked on

2022-06-09 19:08:31 - [TEST_STEP][PASSED] - Actual_submittedby_user5 = getText(findTestObject("1. Constant/xpath", ["xpath":"/html/body/div[1]/div[2]/div[8]/div[3]/div/div[3]/div[3]/div/div/div[1]/div/div[2]/div/div[2]/h5[2]"])): Text of object 'Object Repository/1. Constant/xpath' is: 'Submitted by'

2022-06-09 19:08:31 - [MESSAGE][PASSED] - Text of object 'Object Repository/1. Constant/xpath' is: 'Submitted by'

2022-06-09 19:08:31 - [TEST_STEP][PASSED] - verifyMatch("Submitted by", Actual_submittedby_user5, false): Actual text 'Submitted by' and expected text 'Submitted by' are matched 

2022-06-09 19:08:31 - [MESSAGE][PASSED] - Actual text 'Submitted by' and expected text 'Submitted by' are matched 

2022-06-09 19:08:31 - [TEST_STEP][PASSED] - Actual_username_user5 = getText(findTestObject("1. Constant/xpath", ["xpath":"/html/body/div[1]/div[2]/div[8]/div[3]/div/div[3]/div[3]/div/div/div[1]/div/div[2]/div/div[2]/div[2]/div[3]/div/div[3]"])): Text of object 'Object Repository/1. Constant/xpath' is: 'Anna KIM'

2022-06-09 19:08:31 - [MESSAGE][PASSED] - Text of object 'Object Repository/1. Constant/xpath' is: 'Anna KIM'

2022-06-09 19:08:31 - [TEST_STEP][PASSED] - verifyMatch("Anna KIM", Actual_username_user5, false): Actual text 'Anna KIM' and expected text 'Anna KIM' are matched 

2022-06-09 19:08:31 - [MESSAGE][PASSED] - Actual text 'Anna KIM' and expected text 'Anna KIM' are matched 

2022-06-09 19:08:31 - [TEST_STEP][PASSED] - takeScreenshot(): Taking screenshot successfully

2022-06-09 19:08:31 - [MESSAGE][PASSED] - Taking screenshot successfully
[[ATTACHMENT|D:\\Projet Test Auto\\Mediabox Test Automation\\Reports\\20220609_181011\\03. Parallel Testing (Testing)\\TS -PT PART 3\\06. NPP Partial Submission Mass Submit\\20220609_181046\\1654794511552.png]]

2022-06-09 19:08:31 - [TEST_STEP][PASSED] - I.Logout_xpath("//*[@id="kt_header"]/div/div[2]/div[2]/div[1]/div/span/img", "//*[@id="kt_header"]/div/div[2]/div[2]/div[2]/a[2]"): Wait for page load successfully

2022-06-09 19:08:31 - [MESSAGE][PASSED] - Object: 'Object Repository/1. Constant/xpath' is clicked on

2022-06-09 19:08:32 - [MESSAGE][PASSED] - Delayed 1 second(s)

2022-06-09 19:08:35 - [MESSAGE][PASSED] - Object: 'Object Repository/1. Constant/xpath' is clicked on

2022-06-09 19:08:36 - [MESSAGE][PASSED] - Delayed 1 second(s)

2022-06-09 19:08:36 - [MESSAGE][PASSED] - Wait for page load successfully

2022-06-09 19:08:36 - [TEST_STEP][PASSED] - closeBrowser(): Browser is closed

2022-06-09 19:08:38 - [MESSAGE][PASSED] - Browser is closed

2022-06-09 19:08:38 - [TEST_STEP][PASSED] - Start listener action : sampleAfterTestCase: null]]></system-out>
         <system-err><![CDATA[]]></system-err>
      </testcase>
      <testcase name="Test Cases/08. NPP_Dreyers_Partial submission (new)/8.02 NPP Partial submission (backup filtered group) P1 (6.06)" time="334.399" classname="Test Cases/08. NPP_Dreyers_Partial submission (new)/8.02 NPP Partial submission (backup filtered group) P1 (6.06)" status="PASSED">
         <system-out><![CDATA[2022-06-09 19:08:38 - [TEST_CASE][PASSED] - Test Cases/08. NPP_Dreyers_Partial submission (new)/8.02 NPP Partial submission (backup filtered group) P1 (6.06): Test Cases/08. NPP_Dreyers_Partial submission (new)/8.02 NPP Partial submission (backup filtered group) P1 (6.06)

2022-06-09 19:08:38 - [TEST_STEP][PASSED] - data_Npp = findTestData("Data Files/Username_Password/Npp"): null

2022-06-09 19:08:38 - [TEST_STEP][PASSED] - password_ncur = data_Npp.getValue(2, 1): null

2022-06-09 19:08:38 - [TEST_STEP][PASSED] - password_akim = data_Npp.getValue(2, 2): null

2022-06-09 19:08:38 - [TEST_STEP][PASSED] - password_sschunke = data_Npp.getValue(2, 3): null

2022-06-09 19:08:38 - [TEST_STEP][PASSED] - password_abrazhnikovapx = data_Npp.getValue(2, 4): null

2022-06-09 19:08:38 - [TEST_STEP][PASSED] - password_afrappaz = data_Npp.getValue(2, 5): null

2022-06-09 19:08:38 - [TEST_STEP][PASSED] - password_alarkins = data_Npp.getValue(2, 6): null

2022-06-09 19:08:38 - [TEST_STEP][PASSED] - password_cdemonchy = data_Npp.getValue(2, 7): null

2022-06-09 19:08:38 - [TEST_STEP][PASSED] - data_urlRELAUTO = findTestData("Data Files/URL/URL_relauto"): null

2022-06-09 19:08:38 - [TEST_STEP][PASSED] - Url_Npp = data_urlRELAUTO.getValue(2, 5): null

2022-06-09 19:08:38 - [TEST_STEP][PASSED] - I.clearnotepad("D:\Upoad_File\Projet_ Login\NPP\8.02\8.02_NPP_ProjectNo.txt"): null

2022-06-09 19:08:38 - [TEST_STEP][PASSED] - I.clearnotepad("D:\Upoad_File\Projet_ Login\NPP\8.02\8.02_NPP_refID.txt"): null

2022-06-09 19:08:38 - [TEST_STEP][PASSED] - openBrowser(Url_Npp): Browser is opened with url: ' http://mdb-release.diadeis.lan/MediaboxIndependence/?MBI_datasource=RELTESTAUTO_NPP'

2022-06-09 19:08:38 - [MESSAGE][INFO] - Starting 'Chrome (headless)' driver

2022-06-09 19:08:38 - [MESSAGE][INFO] - User set preference: ['args', '[--window-size=1920,1080, --headless]']

2022-06-09 19:08:38 - [MESSAGE][INFO] - Action delay is set to 0 milliseconds

2022-06-09 19:08:45 - [MESSAGE][PASSED] - Browser is opened with url: ' http://mdb-release.diadeis.lan/MediaboxIndependence/?MBI_datasource=RELTESTAUTO_NPP'

2022-06-09 19:08:45 - [TEST_STEP][PASSED] - takeScreenshot(): Taking screenshot successfully

2022-06-09 19:08:45 - [MESSAGE][PASSED] - Taking screenshot successfully
[[ATTACHMENT|D:\\Projet Test Auto\\Mediabox Test Automation\\Reports\\20220609_181011\\03. Parallel Testing (Testing)\\TS -PT PART 3\\06. NPP Partial Submission Mass Submit\\20220609_181046\\1654794525619.png]]

2022-06-09 19:08:45 - [TEST_STEP][PASSED] - I.Login_password("akim", password_akim): Object: 'Object Repository/1. Constant/xpath' is clicked on

2022-06-09 19:08:46 - [MESSAGE][PASSED] - Text 'akim' is set on object 'Object Repository/1. Constant/xpath'

2022-06-09 19:08:47 - [MESSAGE][PASSED] - Delayed 1 second(s)

2022-06-09 19:08:48 - [MESSAGE][PASSED] - Text 'dchi' is set on object 'Object Repository/1. Constant/xpath'

2022-06-09 19:08:49 - [MESSAGE][PASSED] - Delayed 1 second(s)

2022-06-09 19:08:58 - [MESSAGE][PASSED] - Object: 'Object Repository/1. Constant/xpath' is clicked on

2022-06-09 19:08:58 - [TEST_STEP][PASSED] - maximizeWindow(): Current window maximized

2022-06-09 19:08:58 - [MESSAGE][PASSED] - Current window maximized

2022-06-09 19:08:58 - [TEST_STEP][PASSED] - "Screenshot: Log as Product manager": null

2022-06-09 19:08:58 - [TEST_STEP][PASSED] - click(findTestObject("1. Constant/02_LHSMenu_Projects")): Object: 'Object Repository/1. Constant/02_LHSMenu_Projects' is clicked on

2022-06-09 19:09:07 - [MESSAGE][PASSED] - Object: 'Object Repository/1. Constant/02_LHSMenu_Projects' is clicked on

2022-06-09 19:09:07 - [TEST_STEP][PASSED] - click(findTestObject("xxx Todelete/3 ProjectListPage_Create_Project_Button")): Object: 'Object Repository/xxx Todelete/3 ProjectListPage_Create_Project_Button' is clicked on

2022-06-09 19:09:11 - [MESSAGE][PASSED] - Object: 'Object Repository/xxx Todelete/3 ProjectListPage_Create_Project_Button' is clicked on

2022-06-09 19:09:11 - [TEST_STEP][PASSED] - takeScreenshot(): Taking screenshot successfully

2022-06-09 19:09:11 - [MESSAGE][PASSED] - Taking screenshot successfully
[[ATTACHMENT|D:\\Projet Test Auto\\Mediabox Test Automation\\Reports\\20220609_181011\\03. Parallel Testing (Testing)\\TS -PT PART 3\\06. NPP Partial Submission Mass Submit\\20220609_181046\\1654794551645.png]]

2022-06-09 19:09:11 - [TEST_STEP][PASSED] - "On the modify project page : Fill in all field": null

2022-06-09 19:09:11 - [TEST_STEP][PASSED] - LSSNumber_name = "AutoTest_Npp_FullLifecycle_" + RandomStringUtils.randomAlphanumeric(10) + "_" + I.gettimedate(): null

2022-06-09 19:09:11 - [TEST_STEP][PASSED] - setText(findTestObject("1. Constant/xpath", ["xpath":"//*[@id="var_70"]"]), LSSNumber_name): Text 'AutoTest_Npp_FullLifecycle_ojideiLvJl_juin092022_190911' is set on object 'Object Repository/1. Constant/xpath'

2022-06-09 19:09:12 - [MESSAGE][PASSED] - Text 'AutoTest_Npp_FullLifecycle_ojideiLvJl_juin092022_190911' is set on object 'Object Repository/1. Constant/xpath'

2022-06-09 19:09:12 - [TEST_STEP][PASSED] - I.SelectFromList_Value("//*[@id="var_107"]", "2420"): Delayed 2 second(s)

2022-06-09 19:09:13 - [MESSAGE][PASSED] - All options with value '2420' are selected in object 'Object Repository/1. Constant/xpath' 

2022-06-09 19:09:15 - [MESSAGE][PASSED] - Delayed 2 second(s)

2022-06-09 19:09:15 - [TEST_STEP][PASSED] - I.select_multiplelist("//*[@id="selSource_108"]", "//*[@id="btnAdd_108"]", "2354"): Delayed 1 second(s)

2022-06-09 19:09:16 - [MESSAGE][PASSED] - Delayed 1 second(s)

2022-06-09 19:09:16 - [MESSAGE][PASSED] - All options with value '2354' are selected in object 'Object Repository/1. Constant/xpath' 

2022-06-09 19:09:18 - [MESSAGE][PASSED] - Delayed 2 second(s)

2022-06-09 19:09:18 - [MESSAGE][PASSED] - Object: 'Object Repository/1. Constant/xpath' is clicked on

2022-06-09 19:09:19 - [MESSAGE][PASSED] - Delayed 1 second(s)

2022-06-09 19:09:19 - [TEST_STEP][PASSED] - setText(findTestObject("1. Constant/xpath", ["xpath":"//*[@id="var_110"]"]), "Variety test"): Text 'Variety test' is set on object 'Object Repository/1. Constant/xpath'

2022-06-09 19:09:20 - [MESSAGE][PASSED] - Text 'Variety test' is set on object 'Object Repository/1. Constant/xpath'

2022-06-09 19:09:20 - [TEST_STEP][PASSED] - setText(findTestObject("1. Constant/xpath", ["xpath":"//*[@id="var_133"]"]), "Alternative Format code test "): Text 'Alternative Format code test ' is set on object 'Object Repository/1. Constant/xpath'

2022-06-09 19:09:21 - [MESSAGE][PASSED] - Text 'Alternative Format code test ' is set on object 'Object Repository/1. Constant/xpath'

2022-06-09 19:09:21 - [TEST_STEP][PASSED] - setText(findTestObject("1. Constant/xpath", ["xpath":"//*[@id="var_65"]"]), "FORMAT Product designation test "): Text 'FORMAT Product designation test ' is set on object 'Object Repository/1. Constant/xpath'

2022-06-09 19:09:21 - [MESSAGE][PASSED] - Text 'FORMAT Product designation test ' is set on object 'Object Repository/1. Constant/xpath'

2022-06-09 19:09:21 - [TEST_STEP][PASSED] - I.select_multiplelist("//*[@id="selSource_91"]", "//*[@id="btnAdd_91"]", "1023"): Delayed 1 second(s)

2022-06-09 19:09:22 - [MESSAGE][PASSED] - Delayed 1 second(s)

2022-06-09 19:09:23 - [MESSAGE][PASSED] - All options with value '1023' are selected in object 'Object Repository/1. Constant/xpath' 

2022-06-09 19:09:25 - [MESSAGE][PASSED] - Delayed 2 second(s)

2022-06-09 19:09:25 - [MESSAGE][PASSED] - Object: 'Object Repository/1. Constant/xpath' is clicked on

2022-06-09 19:09:26 - [MESSAGE][PASSED] - Delayed 1 second(s)

2022-06-09 19:09:26 - [TEST_STEP][PASSED] - setText(findTestObject("1. Constant/xpath", ["xpath":"//*[@id="var_71"]"]), "25/08/2021"): Text '25/08/2021' is set on object 'Object Repository/1. Constant/xpath'

2022-06-09 19:09:26 - [MESSAGE][PASSED] - Text '25/08/2021' is set on object 'Object Repository/1. Constant/xpath'

2022-06-09 19:09:26 - [TEST_STEP][PASSED] - setText(findTestObject("1. Constant/xpath", ["xpath":"//*[@id="var_89"]"]), "Project Information - Comments"): Text 'Project Information - Comments' is set on object 'Object Repository/1. Constant/xpath'

2022-06-09 19:09:27 - [MESSAGE][PASSED] - Text 'Project Information - Comments' is set on object 'Object Repository/1. Constant/xpath'

2022-06-09 19:09:27 - [TEST_STEP][PASSED] - setText(findTestObject("1. Constant/xpath", ["xpath":"//*[@id="var_93"]"]), "Reason for change test"): Text 'Reason for change test' is set on object 'Object Repository/1. Constant/xpath'

2022-06-09 19:09:27 - [MESSAGE][PASSED] - Text 'Reason for change test' is set on object 'Object Repository/1. Constant/xpath'

2022-06-09 19:09:27 - [TEST_STEP][PASSED] - I.select_multiplelist("//*[@id="selSource_54"]", "//*[@id="btnAdd_54"]", "1081"): Delayed 1 second(s)

2022-06-09 19:09:28 - [MESSAGE][PASSED] - Delayed 1 second(s)

2022-06-09 19:09:28 - [MESSAGE][PASSED] - All options with value '1081' are selected in object 'Object Repository/1. Constant/xpath' 

2022-06-09 19:09:30 - [MESSAGE][PASSED] - Delayed 2 second(s)

2022-06-09 19:09:31 - [MESSAGE][PASSED] - Object: 'Object Repository/1. Constant/xpath' is clicked on

2022-06-09 19:09:32 - [MESSAGE][PASSED] - Delayed 1 second(s)

2022-06-09 19:09:32 - [TEST_STEP][PASSED] - delay(5): Delayed 5 second(s)

2022-06-09 19:09:37 - [MESSAGE][PASSED] - Delayed 5 second(s)

2022-06-09 19:09:37 - [TEST_STEP][PASSED] - I.select_multiplelist("//*[@id="selSource_106"]", "//*[@id="btnAdd_106"]", "2787"): Delayed 1 second(s)

2022-06-09 19:09:38 - [MESSAGE][PASSED] - Delayed 1 second(s)

2022-06-09 19:09:39 - [MESSAGE][PASSED] - All options with value '2787' are selected in object 'Object Repository/1. Constant/xpath' 

2022-06-09 19:09:41 - [MESSAGE][PASSED] - Delayed 2 second(s)

2022-06-09 19:09:42 - [MESSAGE][PASSED] - Object: 'Object Repository/1. Constant/xpath' is clicked on

2022-06-09 19:09:43 - [MESSAGE][PASSED] - Delayed 1 second(s)

2022-06-09 19:09:43 - [TEST_STEP][PASSED] - I.SelectFromList_Value("//*[@id="var_92"]", "1298"): Delayed 2 second(s)

2022-06-09 19:09:44 - [MESSAGE][PASSED] - All options with value '1298' are selected in object 'Object Repository/1. Constant/xpath' 

2022-06-09 19:09:46 - [MESSAGE][PASSED] - Delayed 2 second(s)

2022-06-09 19:09:46 - [TEST_STEP][PASSED] - I.select_multiplelist("//*[@id="selSource_88"]", "//*[@id="btnAdd_88"]", "1303"): Delayed 1 second(s)

2022-06-09 19:09:47 - [MESSAGE][PASSED] - Delayed 1 second(s)

2022-06-09 19:09:47 - [MESSAGE][PASSED] - All options with value '1303' are selected in object 'Object Repository/1. Constant/xpath' 

2022-06-09 19:09:49 - [MESSAGE][PASSED] - Delayed 2 second(s)

2022-06-09 19:09:49 - [MESSAGE][PASSED] - Object: 'Object Repository/1. Constant/xpath' is clicked on

2022-06-09 19:09:50 - [MESSAGE][PASSED] - Delayed 1 second(s)

2022-06-09 19:09:50 - [TEST_STEP][PASSED] - I.select_multiplelist("//*[@id="selSource_86"]", "//*[@id="btnAdd_86"]", "1310"): Delayed 1 second(s)

2022-06-09 19:09:51 - [MESSAGE][PASSED] - Delayed 1 second(s)

2022-06-09 19:09:53 - [MESSAGE][PASSED] - All options with value '1310' are selected in object 'Object Repository/1. Constant/xpath' 

2022-06-09 19:09:55 - [MESSAGE][PASSED] - Delayed 2 second(s)

2022-06-09 19:09:55 - [MESSAGE][PASSED] - Object: 'Object Repository/1. Constant/xpath' is clicked on

2022-06-09 19:09:56 - [MESSAGE][PASSED] - Delayed 1 second(s)

2022-06-09 19:09:56 - [TEST_STEP][PASSED] - I.select_multiplelist("//*[@id="selSource_57"]", "//*[@id="btnAdd_57"]", "2304"): Delayed 1 second(s)

2022-06-09 19:09:57 - [MESSAGE][PASSED] - Delayed 1 second(s)

2022-06-09 19:09:57 - [MESSAGE][PASSED] - All options with value '2304' are selected in object 'Object Repository/1. Constant/xpath' 

2022-06-09 19:09:59 - [MESSAGE][PASSED] - Delayed 2 second(s)

2022-06-09 19:10:00 - [MESSAGE][PASSED] - Object: 'Object Repository/1. Constant/xpath' is clicked on

2022-06-09 19:10:01 - [MESSAGE][PASSED] - Delayed 1 second(s)

2022-06-09 19:10:01 - [TEST_STEP][PASSED] - I.SelectFromList_Value("//*[@id="var_87"]", "971"): Delayed 2 second(s)

2022-06-09 19:10:01 - [MESSAGE][PASSED] - All options with value '971' are selected in object 'Object Repository/1. Constant/xpath' 

2022-06-09 19:10:03 - [MESSAGE][PASSED] - Delayed 2 second(s)

2022-06-09 19:10:03 - [TEST_STEP][PASSED] - I.SelectFromList_Value("//*[@id="var_109"]", "1325"): Delayed 2 second(s)

2022-06-09 19:10:04 - [MESSAGE][PASSED] - All options with value '1325' are selected in object 'Object Repository/1. Constant/xpath' 

2022-06-09 19:10:06 - [MESSAGE][PASSED] - Delayed 2 second(s)

2022-06-09 19:10:06 - [TEST_STEP][PASSED] - I.SelectFromList_Value("//*[@id="var_52"]", "1330"): Delayed 2 second(s)

2022-06-09 19:10:06 - [MESSAGE][PASSED] - All options with value '1330' are selected in object 'Object Repository/1. Constant/xpath' 

2022-06-09 19:10:08 - [MESSAGE][PASSED] - Delayed 2 second(s)

2022-06-09 19:10:08 - [TEST_STEP][PASSED] - I.select_multiplelist("//*[@id="selSource_67"]", "//*[@id="btnAdd_67"]", "1624"): Delayed 1 second(s)

2022-06-09 19:10:09 - [MESSAGE][PASSED] - Delayed 1 second(s)

2022-06-09 19:10:09 - [MESSAGE][PASSED] - All options with value '1624' are selected in object 'Object Repository/1. Constant/xpath' 

2022-06-09 19:10:11 - [MESSAGE][PASSED] - Delayed 2 second(s)

2022-06-09 19:10:12 - [MESSAGE][PASSED] - Object: 'Object Repository/1. Constant/xpath' is clicked on

2022-06-09 19:10:13 - [MESSAGE][PASSED] - Delayed 1 second(s)

2022-06-09 19:10:13 - [TEST_STEP][PASSED] - I.SelectFromList_Value("//*[@id="var_140"]", "2296"): Delayed 2 second(s)

2022-06-09 19:10:15 - [MESSAGE][PASSED] - All options with value '2296' are selected in object 'Object Repository/1. Constant/xpath' 

2022-06-09 19:10:17 - [MESSAGE][PASSED] - Delayed 2 second(s)

2022-06-09 19:10:17 - [TEST_STEP][PASSED] - I.select_multiplelist("//*[@id="selSource_51"]", "//*[@id="btnAdd_51"]", "1673"): Delayed 1 second(s)

2022-06-09 19:10:18 - [MESSAGE][PASSED] - Delayed 1 second(s)

2022-06-09 19:10:19 - [MESSAGE][PASSED] - All options with value '1673' are selected in object 'Object Repository/1. Constant/xpath' 

2022-06-09 19:10:21 - [MESSAGE][PASSED] - Delayed 2 second(s)

2022-06-09 19:10:21 - [MESSAGE][PASSED] - Object: 'Object Repository/1. Constant/xpath' is clicked on

2022-06-09 19:10:22 - [MESSAGE][PASSED] - Delayed 1 second(s)

2022-06-09 19:10:22 - [TEST_STEP][PASSED] - I.select_multiplelist("//*[@id="selSource_50"]", "//*[@id="btnAdd_50"]", "1681"): Delayed 1 second(s)

2022-06-09 19:10:23 - [MESSAGE][PASSED] - Delayed 1 second(s)

2022-06-09 19:10:24 - [MESSAGE][PASSED] - All options with value '1681' are selected in object 'Object Repository/1. Constant/xpath' 

2022-06-09 19:10:26 - [MESSAGE][PASSED] - Delayed 2 second(s)

2022-06-09 19:10:26 - [MESSAGE][PASSED] - Object: 'Object Repository/1. Constant/xpath' is clicked on

2022-06-09 19:10:27 - [MESSAGE][PASSED] - Delayed 1 second(s)

2022-06-09 19:10:27 - [TEST_STEP][PASSED] - I.SelectFromList_Value("//*[@id="selSource_64"]", "1701"): Delayed 2 second(s)

2022-06-09 19:10:28 - [MESSAGE][PASSED] - All options with value '1701' are selected in object 'Object Repository/1. Constant/xpath' 

2022-06-09 19:10:30 - [MESSAGE][PASSED] - Delayed 2 second(s)

2022-06-09 19:10:30 - [TEST_STEP][PASSED] - I.select_multiplelist("//*[@id="selSource_64"]", "//*[@id="btnAdd_64"]", "1688"): Delayed 1 second(s)

2022-06-09 19:10:31 - [MESSAGE][PASSED] - Delayed 1 second(s)

2022-06-09 19:10:31 - [MESSAGE][PASSED] - All options with value '1688' are selected in object 'Object Repository/1. Constant/xpath' 

2022-06-09 19:10:33 - [MESSAGE][PASSED] - Delayed 2 second(s)

2022-06-09 19:10:34 - [MESSAGE][PASSED] - Object: 'Object Repository/1. Constant/xpath' is clicked on

2022-06-09 19:10:35 - [MESSAGE][PASSED] - Delayed 1 second(s)

2022-06-09 19:10:35 - [TEST_STEP][PASSED] - I.select_multiplelist("//*[@id="selSource_53"]", "//*[@id="btnAdd_53"]", "1701"): Delayed 1 second(s)

2022-06-09 19:10:36 - [MESSAGE][PASSED] - Delayed 1 second(s)

2022-06-09 19:10:36 - [MESSAGE][PASSED] - All options with value '1701' are selected in object 'Object Repository/1. Constant/xpath' 

2022-06-09 19:10:38 - [MESSAGE][PASSED] - Delayed 2 second(s)

2022-06-09 19:10:39 - [MESSAGE][PASSED] - Object: 'Object Repository/1. Constant/xpath' is clicked on

2022-06-09 19:10:40 - [MESSAGE][PASSED] - Delayed 1 second(s)

2022-06-09 19:10:40 - [TEST_STEP][PASSED] - I.select_multiplelist("//*[@id="selSource_58"]", "//*[@id="btnAdd_58"]", "1704"): Delayed 1 second(s)

2022-06-09 19:10:41 - [MESSAGE][PASSED] - Delayed 1 second(s)

2022-06-09 19:10:42 - [MESSAGE][PASSED] - All options with value '1704' are selected in object 'Object Repository/1. Constant/xpath' 

2022-06-09 19:10:44 - [MESSAGE][PASSED] - Delayed 2 second(s)

2022-06-09 19:10:44 - [MESSAGE][PASSED] - Object: 'Object Repository/1. Constant/xpath' is clicked on

2022-06-09 19:10:45 - [MESSAGE][PASSED] - Delayed 1 second(s)

2022-06-09 19:10:45 - [TEST_STEP][PASSED] - I.select_multiplelist("//*[@id="selSource_59"]", "//*[@id="btnAdd_59"]", "1706"): Delayed 1 second(s)

2022-06-09 19:10:46 - [MESSAGE][PASSED] - Delayed 1 second(s)

2022-06-09 19:10:46 - [MESSAGE][PASSED] - All options with value '1706' are selected in object 'Object Repository/1. Constant/xpath' 

2022-06-09 19:10:48 - [MESSAGE][PASSED] - Delayed 2 second(s)

2022-06-09 19:10:49 - [MESSAGE][PASSED] - Object: 'Object Repository/1. Constant/xpath' is clicked on

2022-06-09 19:10:50 - [MESSAGE][PASSED] - Delayed 1 second(s)

2022-06-09 19:10:50 - [TEST_STEP][PASSED] - I.select_multiplelist("//*[@id="selSource_73"]", "//*[@id="btnAdd_73"]", "3147"): Delayed 1 second(s)

2022-06-09 19:10:51 - [MESSAGE][PASSED] - Delayed 1 second(s)

2022-06-09 19:10:52 - [MESSAGE][PASSED] - All options with value '3147' are selected in object 'Object Repository/1. Constant/xpath' 

2022-06-09 19:10:54 - [MESSAGE][PASSED] - Delayed 2 second(s)

2022-06-09 19:10:54 - [MESSAGE][PASSED] - Object: 'Object Repository/1. Constant/xpath' is clicked on

2022-06-09 19:10:55 - [MESSAGE][PASSED] - Delayed 1 second(s)

2022-06-09 19:10:55 - [TEST_STEP][PASSED] - I.SelectFromList_Value("//*[@id="var_66"]", "2401"): Delayed 2 second(s)

2022-06-09 19:10:57 - [MESSAGE][PASSED] - All options with value '2401' are selected in object 'Object Repository/1. Constant/xpath' 

2022-06-09 19:10:59 - [MESSAGE][PASSED] - Delayed 2 second(s)

2022-06-09 19:10:59 - [TEST_STEP][PASSED] - I.SelectFromList_Value("//*[@id="var_142"]", "2403"): Delayed 2 second(s)

2022-06-09 19:11:00 - [MESSAGE][PASSED] - All options with value '2403' are selected in object 'Object Repository/1. Constant/xpath' 

2022-06-09 19:11:02 - [MESSAGE][PASSED] - Delayed 2 second(s)

2022-06-09 19:11:02 - [TEST_STEP][PASSED] - I.SelectFromList_Value("//*[@id="var_143"]", "2405"): Delayed 2 second(s)

2022-06-09 19:11:02 - [MESSAGE][PASSED] - All options with value '2405' are selected in object 'Object Repository/1. Constant/xpath' 

2022-06-09 19:11:04 - [MESSAGE][PASSED] - Delayed 2 second(s)

2022-06-09 19:11:04 - [TEST_STEP][PASSED] - I.select_multiplelist("//*[@id="selSource_119"]", "//*[@id="btnAdd_119"]", "2165"): Delayed 1 second(s)

2022-06-09 19:11:05 - [MESSAGE][PASSED] - Delayed 1 second(s)

2022-06-09 19:11:05 - [MESSAGE][PASSED] - All options with value '2165' are selected in object 'Object Repository/1. Constant/xpath' 

2022-06-09 19:11:07 - [MESSAGE][PASSED] - Delayed 2 second(s)

2022-06-09 19:11:08 - [MESSAGE][PASSED] - Object: 'Object Repository/1. Constant/xpath' is clicked on

2022-06-09 19:11:09 - [MESSAGE][PASSED] - Delayed 1 second(s)

2022-06-09 19:11:09 - [TEST_STEP][PASSED] - takeScreenshot(): Taking screenshot successfully

2022-06-09 19:11:09 - [MESSAGE][PASSED] - Taking screenshot successfully
[[ATTACHMENT|D:\\Projet Test Auto\\Mediabox Test Automation\\Reports\\20220609_181011\\03. Parallel Testing (Testing)\\TS -PT PART 3\\06. NPP Partial Submission Mass Submit\\20220609_181046\\1654794669298.png]]

2022-06-09 19:11:09 - [TEST_STEP][PASSED] - delay(10): Delayed 10 second(s)

2022-06-09 19:11:19 - [MESSAGE][PASSED] - Delayed 10 second(s)

2022-06-09 19:11:19 - [TEST_STEP][PASSED] - click(findTestObject("HL Full Lifecycle/5 ModifyProjPage_button_Update")): Object: 'Object Repository/HL Full Lifecycle/5 ModifyProjPage_button_Update' is clicked on

2022-06-09 19:11:22 - [MESSAGE][PASSED] - Object: 'Object Repository/HL Full Lifecycle/5 ModifyProjPage_button_Update' is clicked on

2022-06-09 19:11:22 - [TEST_STEP][PASSED] - Project_No = I.ProjectNo(): Current window's url is: 'http://mdb-release.diadeis.lan/MediaboxIndependence/Base/ExecAction?IDSession=MBI%21RELTESTAUTO_NPP%211C9OLAFVQIKS09Z00AHVH87IPMMA6SQOS1VV8JZC&default_action=AfficheFichesProjet&id_project=MI001067'

2022-06-09 19:11:27 - [MESSAGE][PASSED] - Delayed 5 second(s)

2022-06-09 19:11:27 - [MESSAGE][PASSED] - Current window's url is: 'http://mdb-release.diadeis.lan/MediaboxIndependence/Base/ExecAction?IDSession=MBI%21RELTESTAUTO_NPP%211C9OLAFVQIKS09Z00AHVH87IPMMA6SQOS1VV8JZC&default_action=AfficheFichesProjet&id_project=MI001067'

2022-06-09 19:11:27 - [TEST_STEP][PASSED] - click(findTestObject("HL Full Lifecycle/6 ReferenceListPage_createrefbutton")): Object: 'Object Repository/HL Full Lifecycle/6 ReferenceListPage_createrefbutton' is clicked on

2022-06-09 19:11:28 - [MESSAGE][PASSED] - Object: 'Object Repository/HL Full Lifecycle/6 ReferenceListPage_createrefbutton' is clicked on

2022-06-09 19:11:28 - [TEST_STEP][PASSED] - click(findTestObject("HL Full Lifecycle/6 ReferenceListPaga_Create a component_button")): Object: 'Object Repository/HL Full Lifecycle/6 ReferenceListPaga_Create a component_button' is clicked on

2022-06-09 19:11:29 - [MESSAGE][PASSED] - Object: 'Object Repository/HL Full Lifecycle/6 ReferenceListPaga_Create a component_button' is clicked on

2022-06-09 19:11:29 - [TEST_STEP][PASSED] - takeScreenshot(): Taking screenshot successfully

2022-06-09 19:11:29 - [MESSAGE][PASSED] - Taking screenshot successfully
[[ATTACHMENT|D:\\Projet Test Auto\\Mediabox Test Automation\\Reports\\20220609_181011\\03. Parallel Testing (Testing)\\TS -PT PART 3\\06. NPP Partial Submission Mass Submit\\20220609_181046\\1654794689676.png]]

2022-06-09 19:11:29 - [TEST_STEP][PASSED] - I.SelectFromList_Value("//*[@id="lfc_tpl"]", "51"): Delayed 2 second(s)

2022-06-09 19:11:30 - [MESSAGE][PASSED] - All options with value '51' are selected in object 'Object Repository/1. Constant/xpath' 

2022-06-09 19:11:32 - [MESSAGE][PASSED] - Delayed 2 second(s)

2022-06-09 19:11:32 - [TEST_STEP][PASSED] - delay(1): Delayed 1 second(s)

2022-06-09 19:11:33 - [MESSAGE][PASSED] - Delayed 1 second(s)

2022-06-09 19:11:33 - [TEST_STEP][PASSED] - click(findTestObject("1. Constant/xpath", ["xpath":"//*[@id="ModifFiche"]/div[3]/div/button"])): Object: 'Object Repository/1. Constant/xpath' is clicked on

2022-06-09 19:11:41 - [MESSAGE][PASSED] - Object: 'Object Repository/1. Constant/xpath' is clicked on

2022-06-09 19:11:41 - [TEST_STEP][PASSED] - delay(1): Delayed 1 second(s)

2022-06-09 19:11:42 - [MESSAGE][PASSED] - Delayed 1 second(s)

2022-06-09 19:11:42 - [TEST_STEP][PASSED] - takeScreenshot(): Taking screenshot successfully

2022-06-09 19:11:42 - [MESSAGE][PASSED] - Taking screenshot successfully
[[ATTACHMENT|D:\\Projet Test Auto\\Mediabox Test Automation\\Reports\\20220609_181011\\03. Parallel Testing (Testing)\\TS -PT PART 3\\06. NPP Partial Submission Mass Submit\\20220609_181046\\1654794702239.png]]

2022-06-09 19:11:42 - [TEST_STEP][PASSED] - delay(5): Delayed 5 second(s)

2022-06-09 19:11:47 - [MESSAGE][PASSED] - Delayed 5 second(s)

2022-06-09 19:11:47 - [TEST_STEP][PASSED] - refID = I.RefID(): Current window's url is: 'http://mdb-release.diadeis.lan/MediaboxIndependence/Base/ExecAction?IDSession=MBI%21RELTESTAUTO_NPP%211C9OLAFVQIKS09Z00AHVH87IPMMA6SQOS1VV8JZC&default_action=ModifierRef&id_project=MI001067&id_ref=1058021&action_from=create_ref'

2022-06-09 19:11:52 - [MESSAGE][PASSED] - Delayed 5 second(s)

2022-06-09 19:11:52 - [MESSAGE][PASSED] - Current window's url is: 'http://mdb-release.diadeis.lan/MediaboxIndependence/Base/ExecAction?IDSession=MBI%21RELTESTAUTO_NPP%211C9OLAFVQIKS09Z00AHVH87IPMMA6SQOS1VV8JZC&default_action=ModifierRef&id_project=MI001067&id_ref=1058021&action_from=create_ref'

2022-06-09 19:11:52 - [TEST_STEP][PASSED] - takeScreenshot(): Taking screenshot successfully

2022-06-09 19:11:52 - [MESSAGE][PASSED] - Taking screenshot successfully
[[ATTACHMENT|D:\\Projet Test Auto\\Mediabox Test Automation\\Reports\\20220609_181011\\03. Parallel Testing (Testing)\\TS -PT PART 3\\06. NPP Partial Submission Mass Submit\\20220609_181046\\1654794712681.png]]

2022-06-09 19:11:52 - [TEST_STEP][PASSED] - setText(findTestObject("1. Constant/xpath", ["xpath":"//*[@id="var_103"]"]), "SAP Designation test > https://www.google.com/"): Text 'SAP Designation test > https://www.google.com/' is set on object 'Object Repository/1. Constant/xpath'

2022-06-09 19:11:53 - [MESSAGE][PASSED] - Text 'SAP Designation test > https://www.google.com/' is set on object 'Object Repository/1. Constant/xpath'

2022-06-09 19:11:53 - [TEST_STEP][PASSED] - setText(findTestObject("1. Constant/xpath", ["xpath":"//*[@id="var_139"]"]), "Claim Substantiation Project Link > https://www.google.com/"): Text 'Claim Substantiation Project Link > https://www.google.com/' is set on object 'Object Repository/1. Constant/xpath'

2022-06-09 19:11:54 - [MESSAGE][PASSED] - Text 'Claim Substantiation Project Link > https://www.google.com/' is set on object 'Object Repository/1. Constant/xpath'

2022-06-09 19:11:54 - [TEST_STEP][PASSED] - setText(findTestObject("1. Constant/xpath", ["xpath":"//*[@id="var_160"]"]), "Grading standard link > test"): Text 'Grading standard link > test' is set on object 'Object Repository/1. Constant/xpath'

2022-06-09 19:11:55 - [MESSAGE][PASSED] - Text 'Grading standard link > test' is set on object 'Object Repository/1. Constant/xpath'

2022-06-09 19:11:55 - [TEST_STEP][PASSED] - scrollToElement(findTestObject("1. Constant/xpath", ["xpath":"//*[@id="var_90"]"]), 10, OPTIONAL): Scroll to object 'Object Repository/1. Constant/xpath' successfully

2022-06-09 19:11:55 - [MESSAGE][PASSED] - Scroll to object 'Object Repository/1. Constant/xpath' successfully

2022-06-09 19:11:55 - [TEST_STEP][PASSED] - setText(findTestObject("1. Constant/xpath", ["xpath":"//*[@id="var_90"]"]), "Project name > test"): Text 'Project name > test' is set on object 'Object Repository/1. Constant/xpath'

2022-06-09 19:11:55 - [MESSAGE][PASSED] - Text 'Project name > test' is set on object 'Object Repository/1. Constant/xpath'

2022-06-09 19:11:55 - [TEST_STEP][PASSED] - setText(findTestObject("1. Constant/xpath", ["xpath":"//*[@id="var_62"]"]), "DPET > test"): Text 'DPET > test' is set on object 'Object Repository/1. Constant/xpath'

2022-06-09 19:11:57 - [MESSAGE][PASSED] - Text 'DPET > test' is set on object 'Object Repository/1. Constant/xpath'

2022-06-09 19:11:57 - [TEST_STEP][PASSED] - I.select_multiplelist("//*[@id="selSource_73"]", "//*[@id="btnAdd_73"]", "3147"): Delayed 1 second(s)

2022-06-09 19:11:58 - [MESSAGE][PASSED] - Delayed 1 second(s)

2022-06-09 19:11:58 - [MESSAGE][PASSED] - All options with value '3147' are selected in object 'Object Repository/1. Constant/xpath' 

2022-06-09 19:12:00 - [MESSAGE][PASSED] - Delayed 2 second(s)

2022-06-09 19:12:00 - [MESSAGE][PASSED] - Object: 'Object Repository/1. Constant/xpath' is clicked on

2022-06-09 19:12:01 - [MESSAGE][PASSED] - Delayed 1 second(s)

2022-06-09 19:12:01 - [TEST_STEP][PASSED] - takeScreenshot(): Taking screenshot successfully

2022-06-09 19:12:02 - [MESSAGE][PASSED] - Taking screenshot successfully
[[ATTACHMENT|D:\\Projet Test Auto\\Mediabox Test Automation\\Reports\\20220609_181011\\03. Parallel Testing (Testing)\\TS -PT PART 3\\06. NPP Partial Submission Mass Submit\\20220609_181046\\1654794721831.png]]

2022-06-09 19:12:02 - [TEST_STEP][PASSED] - scrollToElement(findTestObject("1. Constant/xpath", ["xpath":"//*[@id="var_82"]"]), 10, OPTIONAL): Scroll to object 'Object Repository/1. Constant/xpath' successfully

2022-06-09 19:12:02 - [MESSAGE][PASSED] - Scroll to object 'Object Repository/1. Constant/xpath' successfully

2022-06-09 19:12:02 - [TEST_STEP][PASSED] - I.SelectFromList_Value("//*[@id="var_82"]", "agaudin"): Delayed 2 second(s)

2022-06-09 19:12:02 - [MESSAGE][PASSED] - All options with value 'agaudin' are selected in object 'Object Repository/1. Constant/xpath' 

2022-06-09 19:12:04 - [MESSAGE][PASSED] - Delayed 2 second(s)

2022-06-09 19:12:04 - [TEST_STEP][PASSED] - I.SelectFromList_Value("//*[@id="var_74"]", "afrappaz"): Delayed 2 second(s)

2022-06-09 19:12:04 - [MESSAGE][PASSED] - All options with value 'afrappaz' are selected in object 'Object Repository/1. Constant/xpath' 

2022-06-09 19:12:06 - [MESSAGE][PASSED] - Delayed 2 second(s)

2022-06-09 19:12:06 - [TEST_STEP][PASSED] - I.SelectFromList_Value("//*[@id="selSource_168"]", "cdemonchy"): Delayed 2 second(s)

2022-06-09 19:12:07 - [MESSAGE][PASSED] - All options with value 'cdemonchy' are selected in object 'Object Repository/1. Constant/xpath' 

2022-06-09 19:12:09 - [MESSAGE][PASSED] - Delayed 2 second(s)

2022-06-09 19:12:09 - [TEST_STEP][PASSED] - I.SelectFromList_Value("//*[@id="selSource_168"]", "alarkins"): Delayed 2 second(s)

2022-06-09 19:12:09 - [MESSAGE][PASSED] - All options with value 'alarkins' are selected in object 'Object Repository/1. Constant/xpath' 

2022-06-09 19:12:11 - [MESSAGE][PASSED] - Delayed 2 second(s)

2022-06-09 19:12:11 - [TEST_STEP][PASSED] - I.select_multiplelist("//*[@id="selSource_168"]", "//*[@id="btnAdd_168"]", "abrazhnikovapx"): Delayed 1 second(s)

2022-06-09 19:12:12 - [MESSAGE][PASSED] - Delayed 1 second(s)

2022-06-09 19:12:14 - [MESSAGE][PASSED] - All options with value 'abrazhnikovapx' are selected in object 'Object Repository/1. Constant/xpath' 

2022-06-09 19:12:16 - [MESSAGE][PASSED] - Delayed 2 second(s)

2022-06-09 19:12:16 - [MESSAGE][PASSED] - Object: 'Object Repository/1. Constant/xpath' is clicked on

2022-06-09 19:12:17 - [MESSAGE][PASSED] - Delayed 1 second(s)

2022-06-09 19:12:17 - [TEST_STEP][PASSED] - I.SelectFromList_Value("//*[@id="var_60"]", "asvegaardd2d"): Delayed 2 second(s)

2022-06-09 19:12:17 - [MESSAGE][PASSED] - All options with value 'asvegaardd2d' are selected in object 'Object Repository/1. Constant/xpath' 

2022-06-09 19:12:19 - [MESSAGE][PASSED] - Delayed 2 second(s)

2022-06-09 19:12:19 - [TEST_STEP][PASSED] - I.SelectFromList_Value("//*[@id="var_102"]", "aserment"): Delayed 2 second(s)

2022-06-09 19:12:20 - [MESSAGE][PASSED] - All options with value 'aserment' are selected in object 'Object Repository/1. Constant/xpath' 

2022-06-09 19:12:22 - [MESSAGE][PASSED] - Delayed 2 second(s)

2022-06-09 19:12:22 - [TEST_STEP][PASSED] - I.SelectFromList_Value("//*[@id="var_63"]", "asavreux"): Delayed 2 second(s)

2022-06-09 19:12:23 - [MESSAGE][PASSED] - All options with value 'asavreux' are selected in object 'Object Repository/1. Constant/xpath' 

2022-06-09 19:12:25 - [MESSAGE][PASSED] - Delayed 2 second(s)

2022-06-09 19:12:25 - [TEST_STEP][PASSED] - I.SelectFromList_Value("//*[@id="var_161"]", "achaves"): Delayed 2 second(s)

2022-06-09 19:12:25 - [MESSAGE][PASSED] - All options with value 'achaves' are selected in object 'Object Repository/1. Constant/xpath' 

2022-06-09 19:12:27 - [MESSAGE][PASSED] - Delayed 2 second(s)

2022-06-09 19:12:27 - [TEST_STEP][PASSED] - takeScreenshot(): Taking screenshot successfully

2022-06-09 19:12:28 - [MESSAGE][PASSED] - Taking screenshot successfully
[[ATTACHMENT|D:\\Projet Test Auto\\Mediabox Test Automation\\Reports\\20220609_181011\\03. Parallel Testing (Testing)\\TS -PT PART 3\\06. NPP Partial Submission Mass Submit\\20220609_181046\\1654794747857.png]]

2022-06-09 19:12:28 - [TEST_STEP][PASSED] - scrollToElement(findTestObject("1. Constant/xpath", ["xpath":"//*[@id="var_143"]"]), 10, OPTIONAL): Scroll to object 'Object Repository/1. Constant/xpath' successfully

2022-06-09 19:12:28 - [MESSAGE][PASSED] - Scroll to object 'Object Repository/1. Constant/xpath' successfully

2022-06-09 19:12:28 - [TEST_STEP][PASSED] - I.select_multiplelist("//*[@id="selSource_79"]", "//*[@id="btnAdd_79"]", "1730"): Delayed 1 second(s)

2022-06-09 19:12:29 - [MESSAGE][PASSED] - Delayed 1 second(s)

2022-06-09 19:12:29 - [MESSAGE][PASSED] - All options with value '1730' are selected in object 'Object Repository/1. Constant/xpath' 

2022-06-09 19:12:31 - [MESSAGE][PASSED] - Delayed 2 second(s)

2022-06-09 19:12:33 - [MESSAGE][PASSED] - Object: 'Object Repository/1. Constant/xpath' is clicked on

2022-06-09 19:12:34 - [MESSAGE][PASSED] - Delayed 1 second(s)

2022-06-09 19:12:34 - [TEST_STEP][PASSED] - I.SelectFromList_Value("//*[@id="selSource_78"]", "1752"): Delayed 2 second(s)

2022-06-09 19:12:34 - [MESSAGE][PASSED] - All options with value '1752' are selected in object 'Object Repository/1. Constant/xpath' 

2022-06-09 19:12:36 - [MESSAGE][PASSED] - Delayed 2 second(s)

2022-06-09 19:12:36 - [TEST_STEP][PASSED] - I.select_multiplelist("//*[@id="selSource_78"]", "//*[@id="btnAdd_78"]", "1753"): Delayed 1 second(s)

2022-06-09 19:12:37 - [MESSAGE][PASSED] - Delayed 1 second(s)

2022-06-09 19:12:38 - [MESSAGE][PASSED] - All options with value '1753' are selected in object 'Object Repository/1. Constant/xpath' 

2022-06-09 19:12:40 - [MESSAGE][PASSED] - Delayed 2 second(s)

2022-06-09 19:12:40 - [MESSAGE][PASSED] - Object: 'Object Repository/1. Constant/xpath' is clicked on

2022-06-09 19:12:41 - [MESSAGE][PASSED] - Delayed 1 second(s)

2022-06-09 19:12:41 - [TEST_STEP][PASSED] - I.SelectFromList_Value("//*[@id="selSource_104"]", "73"): Delayed 2 second(s)

2022-06-09 19:12:42 - [MESSAGE][PASSED] - All options with value '73' are selected in object 'Object Repository/1. Constant/xpath' 

2022-06-09 19:12:44 - [MESSAGE][PASSED] - Delayed 2 second(s)

2022-06-09 19:12:44 - [TEST_STEP][PASSED] - I.select_multiplelist("//*[@id="selSource_104"]", "//*[@id="btnAdd_104"]", "74"): Delayed 1 second(s)

2022-06-09 19:12:45 - [MESSAGE][PASSED] - Delayed 1 second(s)

2022-06-09 19:12:45 - [MESSAGE][PASSED] - All options with value '74' are selected in object 'Object Repository/1. Constant/xpath' 

2022-06-09 19:12:47 - [MESSAGE][PASSED] - Delayed 2 second(s)

2022-06-09 19:12:47 - [MESSAGE][PASSED] - Object: 'Object Repository/1. Constant/xpath' is clicked on

2022-06-09 19:12:48 - [MESSAGE][PASSED] - Delayed 1 second(s)

2022-06-09 19:12:48 - [TEST_STEP][PASSED] - takeScreenshot(): Taking screenshot successfully

2022-06-09 19:12:48 - [MESSAGE][PASSED] - Taking screenshot successfully
[[ATTACHMENT|D:\\Projet Test Auto\\Mediabox Test Automation\\Reports\\20220609_181011\\03. Parallel Testing (Testing)\\TS -PT PART 3\\06. NPP Partial Submission Mass Submit\\20220609_181046\\1654794768607.png]]

2022-06-09 19:12:48 - [TEST_STEP][PASSED] - scrollToElement(findTestObject("1. Constant/xpath", ["xpath":"//*[@id="var_169"]"]), 10, OPTIONAL): Scroll to object 'Object Repository/1. Constant/xpath' successfully

2022-06-09 19:12:49 - [MESSAGE][PASSED] - Scroll to object 'Object Repository/1. Constant/xpath' successfully

2022-06-09 19:12:49 - [TEST_STEP][PASSED] - setText(findTestObject("1. Constant/xpath", ["xpath":"//*[@id="var_169"]"]), "Version History"): Text 'Version History' is set on object 'Object Repository/1. Constant/xpath'

2022-06-09 19:12:49 - [MESSAGE][PASSED] - Text 'Version History' is set on object 'Object Repository/1. Constant/xpath'

2022-06-09 19:12:49 - [TEST_STEP][PASSED] - click(findTestObject("HL Full Lifecycle/7 ModifyRefPage_button_Save")): Object: 'Object Repository/HL Full Lifecycle/7 ModifyRefPage_button_Save' is clicked on

2022-06-09 19:12:53 - [MESSAGE][PASSED] - Object: 'Object Repository/HL Full Lifecycle/7 ModifyRefPage_button_Save' is clicked on

2022-06-09 19:12:53 - [TEST_STEP][PASSED] - delay(1): Delayed 1 second(s)

2022-06-09 19:12:54 - [MESSAGE][PASSED] - Delayed 1 second(s)

2022-06-09 19:12:54 - [TEST_STEP][PASSED] - I.Logout_xpath("//*[@id="kt_header"]/div/div[2]/div[2]/div[1]/div/span/img", "//*[@id="kt_header"]/div/div[2]/div[2]/div[2]/a[2]"): Wait for page load successfully

2022-06-09 19:12:56 - [MESSAGE][PASSED] - Object: 'Object Repository/1. Constant/xpath' is clicked on

2022-06-09 19:12:57 - [MESSAGE][PASSED] - Delayed 1 second(s)

2022-06-09 19:13:01 - [MESSAGE][PASSED] - Object: 'Object Repository/1. Constant/xpath' is clicked on

2022-06-09 19:13:02 - [MESSAGE][PASSED] - Delayed 1 second(s)

2022-06-09 19:13:02 - [MESSAGE][PASSED] - Wait for page load successfully

2022-06-09 19:13:02 - [TEST_STEP][PASSED] - I.Login_password("ncur", password_ncur): Object: 'Object Repository/1. Constant/xpath' is clicked on

2022-06-09 19:13:02 - [MESSAGE][PASSED] - Text 'ncur' is set on object 'Object Repository/1. Constant/xpath'

2022-06-09 19:13:03 - [MESSAGE][PASSED] - Delayed 1 second(s)

2022-06-09 19:13:04 - [MESSAGE][PASSED] - Text 'dchi' is set on object 'Object Repository/1. Constant/xpath'

2022-06-09 19:13:05 - [MESSAGE][PASSED] - Delayed 1 second(s)

2022-06-09 19:13:09 - [MESSAGE][PASSED] - Object: 'Object Repository/1. Constant/xpath' is clicked on

2022-06-09 19:13:09 - [TEST_STEP][PASSED] - click(findTestObject("1. Constant/02_LHSMenu_Projects")): Object: 'Object Repository/1. Constant/02_LHSMenu_Projects' is clicked on

2022-06-09 19:13:27 - [MESSAGE][PASSED] - Object: 'Object Repository/1. Constant/02_LHSMenu_Projects' is clicked on

2022-06-09 19:13:27 - [TEST_STEP][PASSED] - I.SearchProjectNo_xpath(Project_No, "//*[@id="keynum_project"]", "//*[@id="form_filters"]/div[9]/button"): Delayed 5 second(s)

2022-06-09 19:13:28 - [MESSAGE][PASSED] - Delayed 1 second(s)

2022-06-09 19:13:29 - [MESSAGE][PASSED] - Text 'MI001067' is set on object 'Object Repository/1. Constant/xpath'

2022-06-09 19:13:32 - [MESSAGE][PASSED] - Delayed 3 second(s)

2022-06-09 19:13:32 - [MESSAGE][PASSED] - Scroll to object 'Object Repository/1. Constant/xpath' successfully

2022-06-09 19:13:35 - [MESSAGE][PASSED] - Object: 'Object Repository/1. Constant/xpath' is clicked on

2022-06-09 19:13:40 - [MESSAGE][PASSED] - Delayed 5 second(s)

2022-06-09 19:13:40 - [TEST_STEP][PASSED] - delay(5): Delayed 5 second(s)

2022-06-09 19:13:45 - [MESSAGE][PASSED] - Delayed 5 second(s)

2022-06-09 19:13:45 - [TEST_STEP][PASSED] - takeScreenshot(): Taking screenshot successfully

2022-06-09 19:13:46 - [MESSAGE][PASSED] - Taking screenshot successfully
[[ATTACHMENT|D:\\Projet Test Auto\\Mediabox Test Automation\\Reports\\20220609_181011\\03. Parallel Testing (Testing)\\TS -PT PART 3\\06. NPP Partial Submission Mass Submit\\20220609_181046\\1654794825862.png]]

2022-06-09 19:13:46 - [TEST_STEP][PASSED] - Lifecycle_LSS_actual = getText(findTestObject("1. Constant/xpath", ["xpath":"//*[@id="fiches"]/table/tbody/tr/td[7]/span[2]"])): Text of object 'Object Repository/1. Constant/xpath' is: 'LSS Pre-fill'

2022-06-09 19:13:46 - [MESSAGE][PASSED] - Text of object 'Object Repository/1. Constant/xpath' is: 'LSS Pre-fill'

2022-06-09 19:13:46 - [TEST_STEP][PASSED] - verifyMatch("LSS Pre-fill", Lifecycle_LSS_actual, false): Actual text 'LSS Pre-fill' and expected text 'LSS Pre-fill' are matched 

2022-06-09 19:13:46 - [MESSAGE][PASSED] - Actual text 'LSS Pre-fill' and expected text 'LSS Pre-fill' are matched 

2022-06-09 19:13:46 - [TEST_STEP][PASSED] - click(findTestObject("1. Constant/xpath", ["xpath":"//*[@id="fiches"]/table/tbody/tr/td[10]/a[2]"])): Object: 'Object Repository/1. Constant/xpath' is clicked on

2022-06-09 19:13:49 - [MESSAGE][PASSED] - Object: 'Object Repository/1. Constant/xpath' is clicked on

2022-06-09 19:13:49 - [TEST_STEP][PASSED] - delay(1): Delayed 1 second(s)

2022-06-09 19:13:50 - [MESSAGE][PASSED] - Delayed 1 second(s)

2022-06-09 19:13:50 - [TEST_STEP][PASSED] - click(findTestObject("1. Constant/xpath", ["xpath":"//*[@id="ModifFiche"]/div[1]/div/button[2]"])): Object: 'Object Repository/1. Constant/xpath' is clicked on

2022-06-09 19:13:56 - [MESSAGE][PASSED] - Object: 'Object Repository/1. Constant/xpath' is clicked on

2022-06-09 19:13:56 - [TEST_STEP][PASSED] - takeScreenshot(): Taking screenshot successfully

2022-06-09 19:13:56 - [MESSAGE][PASSED] - Taking screenshot successfully
[[ATTACHMENT|D:\\Projet Test Auto\\Mediabox Test Automation\\Reports\\20220609_181011\\03. Parallel Testing (Testing)\\TS -PT PART 3\\06. NPP Partial Submission Mass Submit\\20220609_181046\\1654794836169.png]]

2022-06-09 19:13:56 - [TEST_STEP][PASSED] - Lifecycle_LSS_actual1 = getText(findTestObject("1. Constant/xpath", ["xpath":"//*[@id="fiches"]/table/tbody/tr/td[7]/span[2]"])): Text of object 'Object Repository/1. Constant/xpath' is: 'LSS Creation'

2022-06-09 19:13:56 - [MESSAGE][PASSED] - Text of object 'Object Repository/1. Constant/xpath' is: 'LSS Creation'

2022-06-09 19:13:56 - [TEST_STEP][PASSED] - verifyMatch("LSS Creation", Lifecycle_LSS_actual1, false): Actual text 'LSS Creation' and expected text 'LSS Creation' are matched 

2022-06-09 19:13:56 - [MESSAGE][PASSED] - Actual text 'LSS Creation' and expected text 'LSS Creation' are matched 

2022-06-09 19:13:56 - [TEST_STEP][PASSED] - click(findTestObject("1. Constant/xpath", ["xpath":"//*[@id="fiches"]/table/tbody/tr/td[10]/a[2]"])): Object: 'Object Repository/1. Constant/xpath' is clicked on

2022-06-09 19:14:01 - [MESSAGE][PASSED] - Object: 'Object Repository/1. Constant/xpath' is clicked on

2022-06-09 19:14:01 - [TEST_STEP][PASSED] - click(findTestObject("1. Constant/xpath", ["xpath":"//*[@id="ModifFiche"]/div[1]/div/button[2]"])): Object: 'Object Repository/1. Constant/xpath' is clicked on

2022-06-09 19:14:10 - [MESSAGE][PASSED] - Object: 'Object Repository/1. Constant/xpath' is clicked on

2022-06-09 19:14:10 - [TEST_STEP][PASSED] - Lifecycle_LSS_actual2 = getText(findTestObject("1. Constant/xpath", ["xpath":"//*[@id="fiches"]/table/tbody/tr/td[7]/span[2]"])): Text of object 'Object Repository/1. Constant/xpath' is: 'PP Approval'

2022-06-09 19:14:10 - [MESSAGE][PASSED] - Text of object 'Object Repository/1. Constant/xpath' is: 'PP Approval'

2022-06-09 19:14:10 - [TEST_STEP][PASSED] - verifyMatch("PP Approval", Lifecycle_LSS_actual2, false): Actual text 'PP Approval' and expected text 'PP Approval' are matched 

2022-06-09 19:14:10 - [MESSAGE][PASSED] - Actual text 'PP Approval' and expected text 'PP Approval' are matched 

2022-06-09 19:14:10 - [TEST_STEP][PASSED] - I.writenotepad("D:\Upoad_File\Projet_ Login\NPP\8.02\8.02_NPP_ProjectNo.txt", Project_No): null

2022-06-09 19:14:10 - [TEST_STEP][PASSED] - I.writenotepad("D:\Upoad_File\Projet_ Login\NPP\8.02\8.02_NPP_refID.txt", refID): null

2022-06-09 19:14:10 - [TEST_STEP][PASSED] - closeBrowser(): Browser is closed

2022-06-09 19:14:12 - [MESSAGE][PASSED] - Browser is closed

2022-06-09 19:14:12 - [TEST_STEP][PASSED] - Start listener action : sampleAfterTestCase: null]]></system-out>
         <system-err><![CDATA[]]></system-err>
      </testcase>
      <testcase name="Test Cases/08. NPP_Dreyers_Partial submission (new)/8.03 Dreyers Partial submission _ User field and Filtered group (2026)" time="286.157" classname="Test Cases/08. NPP_Dreyers_Partial submission (new)/8.03 Dreyers Partial submission _ User field and Filtered group (2026)" status="PASSED">
         <system-out><![CDATA[2022-06-09 19:14:12 - [TEST_CASE][PASSED] - Test Cases/08. NPP_Dreyers_Partial submission (new)/8.03 Dreyers Partial submission _ User field and Filtered group (2026): Test Cases/08. NPP_Dreyers_Partial submission (new)/8.03 Dreyers Partial submission _ User field and Filtered group (2026)

2022-06-09 19:14:12 - [TEST_STEP][PASSED] - data_Dreyers = findTestData("Data Files/Username_Password/Dreyer"): null

2022-06-09 19:14:12 - [TEST_STEP][PASSED] - password_suser = data_Dreyers.getValue(2, 1): null

2022-06-09 19:14:12 - [TEST_STEP][PASSED] - password_blemco = data_Dreyers.getValue(2, 2): null

2022-06-09 19:14:12 - [TEST_STEP][PASSED] - password_amassoth = data_Dreyers.getValue(2, 3): null

2022-06-09 19:14:12 - [TEST_STEP][PASSED] - password_bharandi = data_Dreyers.getValue(2, 4): null

2022-06-09 19:14:12 - [TEST_STEP][PASSED] - password_mbaughman = data_Dreyers.getValue(2, 5): null

2022-06-09 19:14:12 - [TEST_STEP][PASSED] - password_nturner = data_Dreyers.getValue(2, 6): null

2022-06-09 19:14:12 - [TEST_STEP][PASSED] - password_talexeeva = data_Dreyers.getValue(2, 7): null

2022-06-09 19:14:12 - [TEST_STEP][PASSED] - data_urlRELAUTO = findTestData("Data Files/URL/URL_relauto"): null

2022-06-09 19:14:12 - [TEST_STEP][PASSED] - Url_Dreyer = data_urlRELAUTO.getValue(2, 4): null

2022-06-09 19:14:12 - [TEST_STEP][PASSED] - openBrowser(Url_Dreyer): Browser is opened with url: 'http://mdb-release.diadeis.lan/MediaboxIndependence/?MBI_datasource=RELTESTAUTO_DREYERS'

2022-06-09 19:14:12 - [MESSAGE][INFO] - Starting 'Chrome (headless)' driver

2022-06-09 19:14:12 - [MESSAGE][INFO] - User set preference: ['args', '[--window-size=1920,1080, --headless]']

2022-06-09 19:14:13 - [MESSAGE][INFO] - Action delay is set to 0 milliseconds

2022-06-09 19:14:18 - [MESSAGE][PASSED] - Browser is opened with url: 'http://mdb-release.diadeis.lan/MediaboxIndependence/?MBI_datasource=RELTESTAUTO_DREYERS'

2022-06-09 19:14:18 - [TEST_STEP][PASSED] - maximizeWindow(): Current window maximized

2022-06-09 19:14:18 - [MESSAGE][PASSED] - Current window maximized

2022-06-09 19:14:18 - [TEST_STEP][PASSED] - waitForPageLoad(30): Wait for page load successfully

2022-06-09 19:14:18 - [MESSAGE][PASSED] - Wait for page load successfully

2022-06-09 19:14:18 - [TEST_STEP][PASSED] - takeScreenshot(): Taking screenshot successfully

2022-06-09 19:14:19 - [MESSAGE][PASSED] - Taking screenshot successfully
[[ATTACHMENT|D:\\Projet Test Auto\\Mediabox Test Automation\\Reports\\20220609_181011\\03. Parallel Testing (Testing)\\TS -PT PART 3\\06. NPP Partial Submission Mass Submit\\20220609_181046\\1654794858897.png]]

2022-06-09 19:14:19 - [TEST_STEP][PASSED] - I.Login_password("blemco", password_blemco): Object: 'Object Repository/1. Constant/xpath' is clicked on

2022-06-09 19:14:19 - [MESSAGE][PASSED] - Text 'blemco' is set on object 'Object Repository/1. Constant/xpath'

2022-06-09 19:14:20 - [MESSAGE][PASSED] - Delayed 1 second(s)

2022-06-09 19:14:20 - [MESSAGE][PASSED] - Text 'diadeis1' is set on object 'Object Repository/1. Constant/xpath'

2022-06-09 19:14:21 - [MESSAGE][PASSED] - Delayed 1 second(s)

2022-06-09 19:14:28 - [MESSAGE][PASSED] - Object: 'Object Repository/1. Constant/xpath' is clicked on

2022-06-09 19:14:28 - [TEST_STEP][PASSED] - delay(1): Delayed 1 second(s)

2022-06-09 19:14:29 - [MESSAGE][PASSED] - Delayed 1 second(s)

2022-06-09 19:14:29 - [TEST_STEP][PASSED] - click(findTestObject("1. Constant/02_LHSMenu_Projects")): Object: 'Object Repository/1. Constant/02_LHSMenu_Projects' is clicked on

2022-06-09 19:14:35 - [MESSAGE][PASSED] - Object: 'Object Repository/1. Constant/02_LHSMenu_Projects' is clicked on

2022-06-09 19:14:35 - [TEST_STEP][PASSED] - click(findTestObject("1. Constant/xpath", ["xpath":"//*[@id="kt_content"]/div[3]/div/div/div[1]/div[2]/a[1]"])): Object: 'Object Repository/1. Constant/xpath' is clicked on

2022-06-09 19:14:40 - [MESSAGE][PASSED] - Object: 'Object Repository/1. Constant/xpath' is clicked on

2022-06-09 19:14:40 - [TEST_STEP][PASSED] - takeScreenshot(): Taking screenshot successfully

2022-06-09 19:14:40 - [MESSAGE][PASSED] - Taking screenshot successfully
[[ATTACHMENT|D:\\Projet Test Auto\\Mediabox Test Automation\\Reports\\20220609_181011\\03. Parallel Testing (Testing)\\TS -PT PART 3\\06. NPP Partial Submission Mass Submit\\20220609_181046\\1654794880714.png]]

2022-06-09 19:14:40 - [TEST_STEP][PASSED] - I.click_button_javascript(findTestObject("1. Constant/xpath", ["xpath":"//*[@id="field_var_24"]/div/div/label[2]"])): Execute JavaScript 'arguments[0].click()' successfully

2022-06-09 19:14:41 - [MESSAGE][PASSED] - Execute JavaScript 'arguments[0].click()' successfully

2022-06-09 19:14:41 - [TEST_STEP][PASSED] - selectOptionByValue(findTestObject("1. Constant/xpath", ["xpath":"//*[@id="var_89"]"]), "123", false): All options with value '123' are selected in object 'Object Repository/1. Constant/xpath' 

2022-06-09 19:14:41 - [MESSAGE][PASSED] - All options with value '123' are selected in object 'Object Repository/1. Constant/xpath' 

2022-06-09 19:14:41 - [TEST_STEP][PASSED] - selectOptionByValue(findTestObject("1. Constant/xpath", ["xpath":"//*[@id="selSource_25"]"]), "modonnell", false): All options with value 'modonnell' are selected in object 'Object Repository/1. Constant/xpath' 

2022-06-09 19:14:42 - [MESSAGE][PASSED] - All options with value 'modonnell' are selected in object 'Object Repository/1. Constant/xpath' 

2022-06-09 19:14:42 - [TEST_STEP][PASSED] - I.select_multiplelist("//*[@id="selSource_25"]", "//*[@id="btnAdd_25"]", "blemco"): Delayed 1 second(s)

2022-06-09 19:14:43 - [MESSAGE][PASSED] - Delayed 1 second(s)

2022-06-09 19:14:43 - [MESSAGE][PASSED] - All options with value 'blemco' are selected in object 'Object Repository/1. Constant/xpath' 

2022-06-09 19:14:45 - [MESSAGE][PASSED] - Delayed 2 second(s)

2022-06-09 19:14:45 - [MESSAGE][PASSED] - Object: 'Object Repository/1. Constant/xpath' is clicked on

2022-06-09 19:14:46 - [MESSAGE][PASSED] - Delayed 1 second(s)

2022-06-09 19:14:46 - [TEST_STEP][PASSED] - selectOptionByValue(findTestObject("1. Constant/xpath", ["xpath":"//*[@id="var_9"]"]), "18", false): All options with value '18' are selected in object 'Object Repository/1. Constant/xpath' 

2022-06-09 19:14:47 - [MESSAGE][PASSED] - All options with value '18' are selected in object 'Object Repository/1. Constant/xpath' 

2022-06-09 19:14:47 - [TEST_STEP][PASSED] - selectOptionByValue(findTestObject("1. Constant/xpath", ["xpath":"//*[@id="var_52"]"]), "112", false): All options with value '112' are selected in object 'Object Repository/1. Constant/xpath' 

2022-06-09 19:14:47 - [MESSAGE][PASSED] - All options with value '112' are selected in object 'Object Repository/1. Constant/xpath' 

2022-06-09 19:14:47 - [TEST_STEP][PASSED] - project_name = "Auto_PartialSubmission_Backup_" + RandomStringUtils.randomAlphanumeric(3) + "_" + I.gettimedate(): null

2022-06-09 19:14:47 - [TEST_STEP][PASSED] - setText(findTestObject("1. Constant/xpath", ["xpath":"//*[@id="var_91"]"]), project_name): Text 'Auto_PartialSubmission_Backup_9To_juin092022_191447' is set on object 'Object Repository/1. Constant/xpath'

2022-06-09 19:14:47 - [MESSAGE][PASSED] - Text 'Auto_PartialSubmission_Backup_9To_juin092022_191447' is set on object 'Object Repository/1. Constant/xpath'

2022-06-09 19:14:47 - [TEST_STEP][PASSED] - selectOptionByValue(findTestObject("1. Constant/xpath", ["xpath":"//*[@id="var_30"]"]), "97", false): All options with value '97' are selected in object 'Object Repository/1. Constant/xpath' 

2022-06-09 19:14:48 - [MESSAGE][PASSED] - All options with value '97' are selected in object 'Object Repository/1. Constant/xpath' 

2022-06-09 19:14:48 - [TEST_STEP][PASSED] - selectOptionByValue(findTestObject("1. Constant/xpath", ["xpath":"//*[@id="var_11"]"]), "334", false): All options with value '334' are selected in object 'Object Repository/1. Constant/xpath' 

2022-06-09 19:14:48 - [MESSAGE][PASSED] - All options with value '334' are selected in object 'Object Repository/1. Constant/xpath' 

2022-06-09 19:14:48 - [TEST_STEP][PASSED] - setText(findTestObject("1. Constant/xpath", ["xpath":"//*[@id="var_22"]"]), "01/01/2030"): Text '01/01/2030' is set on object 'Object Repository/1. Constant/xpath'

2022-06-09 19:14:50 - [MESSAGE][PASSED] - Text '01/01/2030' is set on object 'Object Repository/1. Constant/xpath'

2022-06-09 19:14:50 - [TEST_STEP][PASSED] - setText(findTestObject("1. Constant/xpath", ["xpath":"//*[@id="var_23"]"]), "01/01/2030"): Text '01/01/2030' is set on object 'Object Repository/1. Constant/xpath'

2022-06-09 19:14:50 - [MESSAGE][PASSED] - Text '01/01/2030' is set on object 'Object Repository/1. Constant/xpath'

2022-06-09 19:14:50 - [TEST_STEP][PASSED] - setText(findTestObject("1. Constant/xpath", ["xpath":"//*[@id="var_14"]"]), "01/01/2030"): Text '01/01/2030' is set on object 'Object Repository/1. Constant/xpath'

2022-06-09 19:14:50 - [MESSAGE][PASSED] - Text '01/01/2030' is set on object 'Object Repository/1. Constant/xpath'

2022-06-09 19:14:50 - [TEST_STEP][PASSED] - selectOptionByValue(findTestObject("1. Constant/xpath", ["xpath":"//*[@id="selSource_13"]"]), "mbaughman", false): All options with value 'mbaughman' are selected in object 'Object Repository/1. Constant/xpath' 

2022-06-09 19:14:51 - [MESSAGE][PASSED] - All options with value 'mbaughman' are selected in object 'Object Repository/1. Constant/xpath' 

2022-06-09 19:14:51 - [TEST_STEP][PASSED] - I.select_multiplelist("//*[@id="selSource_13"]", "//*[@id="btnAdd_13"]", "rjaiven"): Delayed 1 second(s)

2022-06-09 19:14:52 - [MESSAGE][PASSED] - Delayed 1 second(s)

2022-06-09 19:14:52 - [MESSAGE][PASSED] - All options with value 'rjaiven' are selected in object 'Object Repository/1. Constant/xpath' 

2022-06-09 19:14:54 - [MESSAGE][PASSED] - Delayed 2 second(s)

2022-06-09 19:14:55 - [MESSAGE][PASSED] - Object: 'Object Repository/1. Constant/xpath' is clicked on

2022-06-09 19:14:56 - [MESSAGE][PASSED] - Delayed 1 second(s)

2022-06-09 19:14:56 - [TEST_STEP][PASSED] - selectOptionByValue(findTestObject("1. Constant/xpath", ["xpath":"//*[@id="selSource_27"]"]), "amassoth", false): All options with value 'amassoth' are selected in object 'Object Repository/1. Constant/xpath' 

2022-06-09 19:14:56 - [MESSAGE][PASSED] - All options with value 'amassoth' are selected in object 'Object Repository/1. Constant/xpath' 

2022-06-09 19:14:56 - [TEST_STEP][PASSED] - I.select_multiplelist("//*[@id="selSource_27"]", "//*[@id="btnAdd_27"]", "nturner"): Delayed 1 second(s)

2022-06-09 19:14:57 - [MESSAGE][PASSED] - Delayed 1 second(s)

2022-06-09 19:14:58 - [MESSAGE][PASSED] - All options with value 'nturner' are selected in object 'Object Repository/1. Constant/xpath' 

2022-06-09 19:15:00 - [MESSAGE][PASSED] - Delayed 2 second(s)

2022-06-09 19:15:02 - [MESSAGE][PASSED] - Object: 'Object Repository/1. Constant/xpath' is clicked on

2022-06-09 19:15:03 - [MESSAGE][PASSED] - Delayed 1 second(s)

2022-06-09 19:15:03 - [TEST_STEP][PASSED] - I.select_multiplelist("//*[@id="selSource_167"]", "//*[@id="btnAdd_167"]", "lmary"): Delayed 1 second(s)

2022-06-09 19:15:04 - [MESSAGE][PASSED] - Delayed 1 second(s)

2022-06-09 19:15:04 - [MESSAGE][PASSED] - All options with value 'lmary' are selected in object 'Object Repository/1. Constant/xpath' 

2022-06-09 19:15:06 - [MESSAGE][PASSED] - Delayed 2 second(s)

2022-06-09 19:15:06 - [MESSAGE][PASSED] - Object: 'Object Repository/1. Constant/xpath' is clicked on

2022-06-09 19:15:07 - [MESSAGE][PASSED] - Delayed 1 second(s)

2022-06-09 19:15:07 - [TEST_STEP][PASSED] - selectOptionByValue(findTestObject("1. Constant/xpath", ["xpath":"//*[@id="selSource_166"]"]), "bbenjamin", false): All options with value 'bbenjamin' are selected in object 'Object Repository/1. Constant/xpath' 

2022-06-09 19:15:08 - [MESSAGE][PASSED] - All options with value 'bbenjamin' are selected in object 'Object Repository/1. Constant/xpath' 

2022-06-09 19:15:08 - [TEST_STEP][PASSED] - I.select_multiplelist("//*[@id="selSource_166"]", "//*[@id="btnAdd_166"]", "lschwabe"): Delayed 1 second(s)

2022-06-09 19:15:09 - [MESSAGE][PASSED] - Delayed 1 second(s)

2022-06-09 19:15:10 - [MESSAGE][PASSED] - All options with value 'lschwabe' are selected in object 'Object Repository/1. Constant/xpath' 

2022-06-09 19:15:12 - [MESSAGE][PASSED] - Delayed 2 second(s)

2022-06-09 19:15:13 - [MESSAGE][PASSED] - Object: 'Object Repository/1. Constant/xpath' is clicked on

2022-06-09 19:15:14 - [MESSAGE][PASSED] - Delayed 1 second(s)

2022-06-09 19:15:14 - [TEST_STEP][PASSED] - I.select_multiplelist("//*[@id="selSource_26"]", "//*[@id="btnAdd_26"]", "talexeeva"): Delayed 1 second(s)

2022-06-09 19:15:15 - [MESSAGE][PASSED] - Delayed 1 second(s)

2022-06-09 19:15:15 - [MESSAGE][PASSED] - All options with value 'talexeeva' are selected in object 'Object Repository/1. Constant/xpath' 

2022-06-09 19:15:17 - [MESSAGE][PASSED] - Delayed 2 second(s)

2022-06-09 19:15:18 - [MESSAGE][PASSED] - Object: 'Object Repository/1. Constant/xpath' is clicked on

2022-06-09 19:15:19 - [MESSAGE][PASSED] - Delayed 1 second(s)

2022-06-09 19:15:19 - [TEST_STEP][PASSED] - selectOptionByValue(findTestObject("1. Constant/xpath", ["xpath":"//*[@id="selSource_29"]"]), "bharandi", false): All options with value 'bharandi' are selected in object 'Object Repository/1. Constant/xpath' 

2022-06-09 19:15:21 - [MESSAGE][PASSED] - All options with value 'bharandi' are selected in object 'Object Repository/1. Constant/xpath' 

2022-06-09 19:15:21 - [TEST_STEP][PASSED] - selectOptionByValue(findTestObject("1. Constant/xpath", ["xpath":"//*[@id="selSource_29"]"]), "bmilhomme", false): All options with value 'bmilhomme' are selected in object 'Object Repository/1. Constant/xpath' 

2022-06-09 19:15:21 - [MESSAGE][PASSED] - All options with value 'bmilhomme' are selected in object 'Object Repository/1. Constant/xpath' 

2022-06-09 19:15:21 - [TEST_STEP][PASSED] - I.select_multiplelist("//*[@id="selSource_29"]", "//*[@id="btnAdd_29"]", "rmorrone_2"): Delayed 1 second(s)

2022-06-09 19:15:22 - [MESSAGE][PASSED] - Delayed 1 second(s)

2022-06-09 19:15:24 - [MESSAGE][PASSED] - All options with value 'rmorrone_2' are selected in object 'Object Repository/1. Constant/xpath' 

2022-06-09 19:15:26 - [MESSAGE][PASSED] - Delayed 2 second(s)

2022-06-09 19:15:26 - [MESSAGE][PASSED] - Object: 'Object Repository/1. Constant/xpath' is clicked on

2022-06-09 19:15:27 - [MESSAGE][PASSED] - Delayed 1 second(s)

2022-06-09 19:15:27 - [TEST_STEP][PASSED] - I.Pagedown(): Execute JavaScript 'window.scrollTo(0, document.body.scrollHeight)' successfully

2022-06-09 19:15:27 - [MESSAGE][PASSED] - Execute JavaScript 'window.scrollTo(0, document.body.scrollHeight)' successfully

2022-06-09 19:15:27 - [TEST_STEP][PASSED] - delay(10): Delayed 10 second(s)

2022-06-09 19:15:37 - [MESSAGE][PASSED] - Delayed 10 second(s)

2022-06-09 19:15:37 - [TEST_STEP][PASSED] - click(findTestObject("1. Constant/xpath", ["xpath":"//*[@id="ModifFiche"]/div[3]/div/button"])): Object: 'Object Repository/1. Constant/xpath' is clicked on

2022-06-09 19:15:40 - [MESSAGE][PASSED] - Object: 'Object Repository/1. Constant/xpath' is clicked on

2022-06-09 19:15:40 - [TEST_STEP][PASSED] - Project_No = I.ProjectNo(): Current window's url is: 'http://mdb-release.diadeis.lan/MediaboxIndependence/Base/ExecAction?IDSession=MBI%21RELTESTAUTO_DREYERS%21SC6QG126F6MUUCI1RW0TZYHLZALUHER5P3XI1J8C&default_action=AfficheFichesProjet&id_project=MI000878'

2022-06-09 19:15:45 - [MESSAGE][PASSED] - Delayed 5 second(s)

2022-06-09 19:15:45 - [MESSAGE][PASSED] - Current window's url is: 'http://mdb-release.diadeis.lan/MediaboxIndependence/Base/ExecAction?IDSession=MBI%21RELTESTAUTO_DREYERS%21SC6QG126F6MUUCI1RW0TZYHLZALUHER5P3XI1J8C&default_action=AfficheFichesProjet&id_project=MI000878'

2022-06-09 19:15:45 - [TEST_STEP][PASSED] - I.print(Project_No): null

2022-06-09 19:15:45 - [TEST_STEP][PASSED] - takeScreenshot(): Taking screenshot successfully

2022-06-09 19:15:45 - [MESSAGE][PASSED] - Taking screenshot successfully
[[ATTACHMENT|D:\\Projet Test Auto\\Mediabox Test Automation\\Reports\\20220609_181011\\03. Parallel Testing (Testing)\\TS -PT PART 3\\06. NPP Partial Submission Mass Submit\\20220609_181046\\1654794945597.png]]

2022-06-09 19:15:45 - [TEST_STEP][PASSED] - click(findTestObject("1. Constant/xpath", ["xpath":"//*[@id="create_ref_btn"]/button"])): Object: 'Object Repository/1. Constant/xpath' is clicked on

2022-06-09 19:15:46 - [MESSAGE][PASSED] - Object: 'Object Repository/1. Constant/xpath' is clicked on

2022-06-09 19:15:46 - [TEST_STEP][PASSED] - delay(1): Delayed 1 second(s)

2022-06-09 19:15:47 - [MESSAGE][PASSED] - Delayed 1 second(s)

2022-06-09 19:15:47 - [TEST_STEP][PASSED] - click(findTestObject("1. Constant/xpath", ["xpath":"//*[@id="create_ref_btn"]/div/a"])): Object: 'Object Repository/1. Constant/xpath' is clicked on

2022-06-09 19:15:49 - [MESSAGE][PASSED] - Object: 'Object Repository/1. Constant/xpath' is clicked on

2022-06-09 19:15:49 - [TEST_STEP][PASSED] - selectOptionByValue(findTestObject("1. Constant/xpath", ["xpath":"//*[@id="lfc_tpl"]"]), "32", false): All options with value '32' are selected in object 'Object Repository/1. Constant/xpath' 

2022-06-09 19:15:49 - [MESSAGE][PASSED] - All options with value '32' are selected in object 'Object Repository/1. Constant/xpath' 

2022-06-09 19:15:49 - [TEST_STEP][PASSED] - ref_name = RandomStringUtils.randomAlphanumeric(5) + "_Auto_A4B_" + I.gettimedate(): null

2022-06-09 19:15:49 - [TEST_STEP][PASSED] - setText(findTestObject("1. Constant/xpath", ["xpath":"//*[@id="var_name"]"]), ref_name): Text 'zNJ6o_Auto_A4B_juin092022_191549' is set on object 'Object Repository/1. Constant/xpath'

2022-06-09 19:15:50 - [MESSAGE][PASSED] - Text 'zNJ6o_Auto_A4B_juin092022_191549' is set on object 'Object Repository/1. Constant/xpath'

2022-06-09 19:15:50 - [TEST_STEP][PASSED] - takeScreenshot(): Taking screenshot successfully

2022-06-09 19:15:50 - [MESSAGE][PASSED] - Taking screenshot successfully
[[ATTACHMENT|D:\\Projet Test Auto\\Mediabox Test Automation\\Reports\\20220609_181011\\03. Parallel Testing (Testing)\\TS -PT PART 3\\06. NPP Partial Submission Mass Submit\\20220609_181046\\1654794950190.png]]

2022-06-09 19:15:50 - [TEST_STEP][PASSED] - click(findTestObject("1. Constant/xpath", ["xpath":"//*[@id="ModifFiche"]/div[3]/div/button"])): Object: 'Object Repository/1. Constant/xpath' is clicked on

2022-06-09 19:15:52 - [MESSAGE][PASSED] - Object: 'Object Repository/1. Constant/xpath' is clicked on

2022-06-09 19:15:52 - [TEST_STEP][PASSED] - takeScreenshot(): Taking screenshot successfully

2022-06-09 19:15:53 - [MESSAGE][PASSED] - Taking screenshot successfully
[[ATTACHMENT|D:\\Projet Test Auto\\Mediabox Test Automation\\Reports\\20220609_181011\\03. Parallel Testing (Testing)\\TS -PT PART 3\\06. NPP Partial Submission Mass Submit\\20220609_181046\\1654794952786.png]]

2022-06-09 19:15:53 - [TEST_STEP][PASSED] - delay(1): Delayed 1 second(s)

2022-06-09 19:15:54 - [MESSAGE][PASSED] - Delayed 1 second(s)

2022-06-09 19:15:54 - [TEST_STEP][PASSED] - refID_Mother = I.RefID(): Current window's url is: 'http://mdb-release.diadeis.lan/MediaboxIndependence/Base/ExecAction?IDSession=MBI%21RELTESTAUTO_DREYERS%21SC6QG126F6MUUCI1RW0TZYHLZALUHER5P3XI1J8C&default_action=ModifierRef&id_project=MI000878&id_ref=5252&action_from=create_ref'

2022-06-09 19:15:59 - [MESSAGE][PASSED] - Delayed 5 second(s)

2022-06-09 19:15:59 - [MESSAGE][PASSED] - Current window's url is: 'http://mdb-release.diadeis.lan/MediaboxIndependence/Base/ExecAction?IDSession=MBI%21RELTESTAUTO_DREYERS%21SC6QG126F6MUUCI1RW0TZYHLZALUHER5P3XI1J8C&default_action=ModifierRef&id_project=MI000878&id_ref=5252&action_from=create_ref'

2022-06-09 19:15:59 - [TEST_STEP][PASSED] - I.print(refID_Mother): null

2022-06-09 19:15:59 - [TEST_STEP][PASSED] - click(findTestObject("1. Constant/xpath", ["xpath":"//*[@id="type_save"]"])): Object: 'Object Repository/1. Constant/xpath' is clicked on

2022-06-09 19:16:04 - [MESSAGE][PASSED] - Object: 'Object Repository/1. Constant/xpath' is clicked on

2022-06-09 19:16:04 - [TEST_STEP][PASSED] - I.Logout(): Delayed 3 second(s)

2022-06-09 19:16:07 - [MESSAGE][PASSED] - Delayed 3 second(s)

2022-06-09 19:16:08 - [MESSAGE][PASSED] - Object: 'Object Repository/1. Constant/xpath' is clicked on

2022-06-09 19:16:11 - [MESSAGE][PASSED] - Delayed 3 second(s)

2022-06-09 19:16:13 - [MESSAGE][PASSED] - Object: 'Object Repository/1. Constant/xpath' is clicked on

2022-06-09 19:16:16 - [MESSAGE][PASSED] - Delayed 3 second(s)

2022-06-09 19:16:16 - [TEST_STEP][PASSED] - I.Login_password("nturner", password_nturner): Object: 'Object Repository/1. Constant/xpath' is clicked on

2022-06-09 19:16:17 - [MESSAGE][PASSED] - Text 'nturner' is set on object 'Object Repository/1. Constant/xpath'

2022-06-09 19:16:18 - [MESSAGE][PASSED] - Delayed 1 second(s)

2022-06-09 19:16:19 - [MESSAGE][PASSED] - Text 'diadeis1' is set on object 'Object Repository/1. Constant/xpath'

2022-06-09 19:16:20 - [MESSAGE][PASSED] - Delayed 1 second(s)

2022-06-09 19:16:25 - [MESSAGE][PASSED] - Object: 'Object Repository/1. Constant/xpath' is clicked on

2022-06-09 19:16:25 - [TEST_STEP][PASSED] - click(findTestObject("1. Constant/02_LHSMenu_Projects")): Object: 'Object Repository/1. Constant/02_LHSMenu_Projects' is clicked on

2022-06-09 19:16:28 - [MESSAGE][PASSED] - Object: 'Object Repository/1. Constant/02_LHSMenu_Projects' is clicked on

2022-06-09 19:16:28 - [TEST_STEP][PASSED] - I.SearchProjectNo(Project_No, findTestObject("HL Full Lifecycle/9 Filter_Button_Apply")): Delayed 5 second(s)

2022-06-09 19:16:29 - [MESSAGE][PASSED] - Text 'MI000878' is set on object 'Object Repository/1. Constant/xpath'

2022-06-09 19:16:32 - [MESSAGE][PASSED] - Delayed 3 second(s)

2022-06-09 19:16:35 - [MESSAGE][PASSED] - Object: 'Object Repository/HL Full Lifecycle/9 Filter_Button_Apply' is clicked on

2022-06-09 19:16:40 - [MESSAGE][PASSED] - Delayed 5 second(s)

2022-06-09 19:16:40 - [TEST_STEP][PASSED] - takeScreenshot(): Taking screenshot successfully

2022-06-09 19:16:40 - [MESSAGE][PASSED] - Taking screenshot successfully
[[ATTACHMENT|D:\\Projet Test Auto\\Mediabox Test Automation\\Reports\\20220609_181011\\03. Parallel Testing (Testing)\\TS -PT PART 3\\06. NPP Partial Submission Mass Submit\\20220609_181046\\1654795000186.png]]

2022-06-09 19:16:40 - [TEST_STEP][PASSED] - click(findTestObject("1. Constant/xpath", ["xpath":"//*[@id="source_" + refID_Mother + ""]/td[13]/a[2]"])): Object: 'Object Repository/1. Constant/xpath' is clicked on

2022-06-09 19:16:42 - [MESSAGE][PASSED] - Object: 'Object Repository/1. Constant/xpath' is clicked on

2022-06-09 19:16:42 - [TEST_STEP][PASSED] - click(findTestObject("1. Constant/xpath", ["xpath":"//*[@id="ModifFiche"]/div[1]/div/button[2]"])): Object: 'Object Repository/1. Constant/xpath' is clicked on

2022-06-09 19:16:48 - [MESSAGE][PASSED] - Object: 'Object Repository/1. Constant/xpath' is clicked on

2022-06-09 19:16:48 - [TEST_STEP][PASSED] - takeScreenshot(): Taking screenshot successfully

2022-06-09 19:16:48 - [MESSAGE][PASSED] - Taking screenshot successfully
[[ATTACHMENT|D:\\Projet Test Auto\\Mediabox Test Automation\\Reports\\20220609_181011\\03. Parallel Testing (Testing)\\TS -PT PART 3\\06. NPP Partial Submission Mass Submit\\20220609_181046\\1654795008237.png]]

2022-06-09 19:16:48 - [TEST_STEP][PASSED] - L1 = getText(findTestObject("1. Constant/xpath", ["xpath":"//*[@id="source_" + refID_Mother + ""]/td[12]/span[1]"])): Text of object 'Object Repository/1. Constant/xpath' is: 'Mother Phase 1.1'

2022-06-09 19:16:49 - [MESSAGE][PASSED] - Text of object 'Object Repository/1. Constant/xpath' is: 'Mother Phase 1.1'

2022-06-09 19:16:49 - [TEST_STEP][PASSED] - verifyMatch(L1, "Mother Phase 1.1", false): Actual text 'Mother Phase 1.1' and expected text 'Mother Phase 1.1' are matched 

2022-06-09 19:16:49 - [MESSAGE][PASSED] - Actual text 'Mother Phase 1.1' and expected text 'Mother Phase 1.1' are matched 

2022-06-09 19:16:49 - [TEST_STEP][PASSED] - I.Logout(): Delayed 3 second(s)

2022-06-09 19:16:52 - [MESSAGE][PASSED] - Delayed 3 second(s)

2022-06-09 19:16:53 - [MESSAGE][PASSED] - Object: 'Object Repository/1. Constant/xpath' is clicked on

2022-06-09 19:16:56 - [MESSAGE][PASSED] - Delayed 3 second(s)

2022-06-09 19:16:57 - [MESSAGE][PASSED] - Object: 'Object Repository/1. Constant/xpath' is clicked on

2022-06-09 19:17:00 - [MESSAGE][PASSED] - Delayed 3 second(s)

2022-06-09 19:17:00 - [TEST_STEP][PASSED] - I.Login_password("talexeeva", password_talexeeva): Object: 'Object Repository/1. Constant/xpath' is clicked on

2022-06-09 19:17:01 - [MESSAGE][PASSED] - Text 'talexeeva' is set on object 'Object Repository/1. Constant/xpath'

2022-06-09 19:17:02 - [MESSAGE][PASSED] - Delayed 1 second(s)

2022-06-09 19:17:02 - [MESSAGE][PASSED] - Text 'diadeis2' is set on object 'Object Repository/1. Constant/xpath'

2022-06-09 19:17:03 - [MESSAGE][PASSED] - Delayed 1 second(s)

2022-06-09 19:17:08 - [MESSAGE][PASSED] - Object: 'Object Repository/1. Constant/xpath' is clicked on

2022-06-09 19:17:08 - [TEST_STEP][PASSED] - click(findTestObject("1. Constant/02_LHSMenu_Projects")): Object: 'Object Repository/1. Constant/02_LHSMenu_Projects' is clicked on

2022-06-09 19:17:11 - [MESSAGE][PASSED] - Object: 'Object Repository/1. Constant/02_LHSMenu_Projects' is clicked on

2022-06-09 19:17:11 - [TEST_STEP][PASSED] - I.SearchProjectNo(Project_No, findTestObject("1. Constant/xpath", ["xpath":"//*[@id="form_filters"]/div[4]/button"])): Delayed 5 second(s)

2022-06-09 19:17:12 - [MESSAGE][PASSED] - Text 'MI000878' is set on object 'Object Repository/1. Constant/xpath'

2022-06-09 19:17:15 - [MESSAGE][PASSED] - Delayed 3 second(s)

2022-06-09 19:17:18 - [MESSAGE][PASSED] - Object: 'Object Repository/1. Constant/xpath' is clicked on

2022-06-09 19:17:23 - [MESSAGE][PASSED] - Delayed 5 second(s)

2022-06-09 19:17:23 - [TEST_STEP][PASSED] - takeScreenshot(): Taking screenshot successfully

2022-06-09 19:17:23 - [MESSAGE][PASSED] - Taking screenshot successfully
[[ATTACHMENT|D:\\Projet Test Auto\\Mediabox Test Automation\\Reports\\20220609_181011\\03. Parallel Testing (Testing)\\TS -PT PART 3\\06. NPP Partial Submission Mass Submit\\20220609_181046\\1654795043361.png]]

2022-06-09 19:17:23 - [TEST_STEP][PASSED] - click(findTestObject("1. Constant/xpath", ["xpath":"//*[@id="source_" + refID_Mother + ""]/td[13]/a[2]"])): Object: 'Object Repository/1. Constant/xpath' is clicked on

2022-06-09 19:17:25 - [MESSAGE][PASSED] - Object: 'Object Repository/1. Constant/xpath' is clicked on

2022-06-09 19:17:25 - [TEST_STEP][PASSED] - click(findTestObject("1. Constant/xpath", ["xpath":"//*[@id="ModifFiche"]/div[1]/div/button[2]"])): Object: 'Object Repository/1. Constant/xpath' is clicked on

2022-06-09 19:17:29 - [MESSAGE][PASSED] - Object: 'Object Repository/1. Constant/xpath' is clicked on

2022-06-09 19:17:29 - [TEST_STEP][PASSED] - takeScreenshot(): Taking screenshot successfully

2022-06-09 19:17:30 - [MESSAGE][PASSED] - Taking screenshot successfully
[[ATTACHMENT|D:\\Projet Test Auto\\Mediabox Test Automation\\Reports\\20220609_181011\\03. Parallel Testing (Testing)\\TS -PT PART 3\\06. NPP Partial Submission Mass Submit\\20220609_181046\\1654795049560.png]]

2022-06-09 19:17:30 - [TEST_STEP][PASSED] - L2 = getText(findTestObject("1. Constant/xpath", ["xpath":"//*[@id="source_" + refID_Mother + ""]/td[12]/span[1]"])): Text of object 'Object Repository/1. Constant/xpath' is: 'Mother Phase 1.1'

2022-06-09 19:17:31 - [MESSAGE][PASSED] - Text of object 'Object Repository/1. Constant/xpath' is: 'Mother Phase 1.1'

2022-06-09 19:17:31 - [TEST_STEP][PASSED] - verifyMatch(L2, "Mother Phase 1.1", false): Actual text 'Mother Phase 1.1' and expected text 'Mother Phase 1.1' are matched 

2022-06-09 19:17:31 - [MESSAGE][PASSED] - Actual text 'Mother Phase 1.1' and expected text 'Mother Phase 1.1' are matched 

2022-06-09 19:17:31 - [TEST_STEP][PASSED] - I.Logout(): Delayed 3 second(s)

2022-06-09 19:17:34 - [MESSAGE][PASSED] - Delayed 3 second(s)

2022-06-09 19:17:35 - [MESSAGE][PASSED] - Object: 'Object Repository/1. Constant/xpath' is clicked on

2022-06-09 19:17:38 - [MESSAGE][PASSED] - Delayed 3 second(s)

2022-06-09 19:17:45 - [MESSAGE][PASSED] - Object: 'Object Repository/1. Constant/xpath' is clicked on

2022-06-09 19:17:48 - [MESSAGE][PASSED] - Delayed 3 second(s)

2022-06-09 19:17:48 - [TEST_STEP][PASSED] - I.Login_password("mbaughman", password_mbaughman): Object: 'Object Repository/1. Constant/xpath' is clicked on

2022-06-09 19:17:54 - [MESSAGE][PASSED] - Text 'mbaughman' is set on object 'Object Repository/1. Constant/xpath'

2022-06-09 19:17:55 - [MESSAGE][PASSED] - Delayed 1 second(s)

2022-06-09 19:17:58 - [MESSAGE][PASSED] - Text 'diadeis' is set on object 'Object Repository/1. Constant/xpath'

2022-06-09 19:17:59 - [MESSAGE][PASSED] - Delayed 1 second(s)

2022-06-09 19:18:08 - [MESSAGE][PASSED] - Object: 'Object Repository/1. Constant/xpath' is clicked on

2022-06-09 19:18:08 - [TEST_STEP][PASSED] - click(findTestObject("1. Constant/02_LHSMenu_Projects")): Object: 'Object Repository/1. Constant/02_LHSMenu_Projects' is clicked on

2022-06-09 19:18:15 - [MESSAGE][PASSED] - Object: 'Object Repository/1. Constant/02_LHSMenu_Projects' is clicked on

2022-06-09 19:18:15 - [TEST_STEP][PASSED] - I.SearchProjectNo(Project_No, findTestObject("1. Constant/xpath", ["xpath":"//*[@id="form_filters"]/div[4]/button"])): Delayed 5 second(s)

2022-06-09 19:18:20 - [MESSAGE][PASSED] - Text 'MI000878' is set on object 'Object Repository/1. Constant/xpath'

2022-06-09 19:18:23 - [MESSAGE][PASSED] - Delayed 3 second(s)

2022-06-09 19:18:29 - [MESSAGE][PASSED] - Object: 'Object Repository/1. Constant/xpath' is clicked on

2022-06-09 19:18:35 - [MESSAGE][PASSED] - Delayed 5 second(s)

2022-06-09 19:18:35 - [TEST_STEP][PASSED] - takeScreenshot(): Taking screenshot successfully

2022-06-09 19:18:36 - [MESSAGE][PASSED] - Taking screenshot successfully
[[ATTACHMENT|D:\\Projet Test Auto\\Mediabox Test Automation\\Reports\\20220609_181011\\03. Parallel Testing (Testing)\\TS -PT PART 3\\06. NPP Partial Submission Mass Submit\\20220609_181046\\1654795115339.png]]

2022-06-09 19:18:36 - [TEST_STEP][PASSED] - click(findTestObject("1. Constant/xpath", ["xpath":"//*[@id="source_" + refID_Mother + ""]/td[14]/a[2]"])): Object: 'Object Repository/1. Constant/xpath' is clicked on

2022-06-09 19:18:40 - [MESSAGE][PASSED] - Object: 'Object Repository/1. Constant/xpath' is clicked on

2022-06-09 19:18:40 - [TEST_STEP][PASSED] - click(findTestObject("1. Constant/xpath", ["xpath":"//*[@id="ModifFiche"]/div[1]/div/button[2]"])): Object: 'Object Repository/1. Constant/xpath' is clicked on

2022-06-09 19:18:45 - [MESSAGE][PASSED] - Object: 'Object Repository/1. Constant/xpath' is clicked on

2022-06-09 19:18:45 - [TEST_STEP][PASSED] - takeScreenshot(): Taking screenshot successfully

2022-06-09 19:18:47 - [MESSAGE][PASSED] - Taking screenshot successfully
[[ATTACHMENT|D:\\Projet Test Auto\\Mediabox Test Automation\\Reports\\20220609_181011\\03. Parallel Testing (Testing)\\TS -PT PART 3\\06. NPP Partial Submission Mass Submit\\20220609_181046\\1654795126281.png]]

2022-06-09 19:18:47 - [TEST_STEP][PASSED] - L3 = getText(findTestObject("1. Constant/xpath", ["xpath":"//*[@id="source_" + refID_Mother + ""]/td[12]/span[1]"])): Text of object 'Object Repository/1. Constant/xpath' is: 'Mother Phase 2.1'

2022-06-09 19:18:49 - [MESSAGE][PASSED] - Text of object 'Object Repository/1. Constant/xpath' is: 'Mother Phase 2.1'

2022-06-09 19:18:49 - [TEST_STEP][PASSED] - verifyMatch(L3, "Mother Phase 2.1", false): Actual text 'Mother Phase 2.1' and expected text 'Mother Phase 2.1' are matched 

2022-06-09 19:18:49 - [MESSAGE][PASSED] - Actual text 'Mother Phase 2.1' and expected text 'Mother Phase 2.1' are matched 

2022-06-09 19:18:49 - [TEST_STEP][PASSED] - closeBrowser(): Browser is closed

2022-06-09 19:18:58 - [MESSAGE][PASSED] - Browser is closed

2022-06-09 19:18:58 - [TEST_STEP][PASSED] - Start listener action : sampleAfterTestCase: null]]></system-out>
         <system-err><![CDATA[]]></system-err>
      </testcase>
      <testcase name="Test Cases/06. Tag _ Dreyers _ NPP Mass Submit/6.06 Npp_MassSubmit_Translation P2 (8.02)" time="306.509" classname="Test Cases/06. Tag _ Dreyers _ NPP Mass Submit/6.06 Npp_MassSubmit_Translation P2 (8.02)" status="PASSED">
         <system-out><![CDATA[2022-06-09 19:18:58 - [TEST_CASE][PASSED] - Test Cases/06. Tag _ Dreyers _ NPP Mass Submit/6.06 Npp_MassSubmit_Translation P2 (8.02): Test Cases/06. Tag _ Dreyers _ NPP Mass Submit/6.06 Npp_MassSubmit_Translation P2 (8.02)

2022-06-09 19:19:00 - [TEST_STEP][PASSED] - data_Npp = findTestData("Data Files/Username_Password/Npp"): null

2022-06-09 19:19:00 - [TEST_STEP][PASSED] - password_ncur = data_Npp.getValue(2, 1): null

2022-06-09 19:19:00 - [TEST_STEP][PASSED] - password_akim = data_Npp.getValue(2, 2): null

2022-06-09 19:19:00 - [TEST_STEP][PASSED] - password_sschunke = data_Npp.getValue(2, 3): null

2022-06-09 19:19:00 - [TEST_STEP][PASSED] - password_abrazhnikovapx = data_Npp.getValue(2, 4): null

2022-06-09 19:19:00 - [TEST_STEP][PASSED] - password_afrappaz = data_Npp.getValue(2, 5): null

2022-06-09 19:19:00 - [TEST_STEP][PASSED] - password_alarkins = data_Npp.getValue(2, 6): null

2022-06-09 19:19:00 - [TEST_STEP][PASSED] - password_cdemonchy = data_Npp.getValue(2, 7): null

2022-06-09 19:19:00 - [TEST_STEP][PASSED] - data_urlRELAUTO = findTestData("Data Files/URL/URL_relauto"): null

2022-06-09 19:19:00 - [TEST_STEP][PASSED] - Url_Npp = data_urlRELAUTO.getValue(2, 5): null

2022-06-09 19:19:00 - [TEST_STEP][PASSED] - Project_No = I.readnotepad("D:\Upoad_File\Projet_ Login\NPP\8.02\8.02_NPP_ProjectNo.txt"): null

2022-06-09 19:19:00 - [TEST_STEP][PASSED] - refID = I.readnotepad("D:\Upoad_File\Projet_ Login\NPP\8.02\8.02_NPP_refID.txt"): null

2022-06-09 19:19:00 - [TEST_STEP][PASSED] - openBrowser(Url_Npp): Browser is opened with url: ' http://mdb-release.diadeis.lan/MediaboxIndependence/?MBI_datasource=RELTESTAUTO_NPP'

2022-06-09 19:19:00 - [MESSAGE][INFO] - Starting 'Chrome (headless)' driver

2022-06-09 19:19:00 - [MESSAGE][INFO] - User set preference: ['args', '[--window-size=1920,1080, --headless]']

2022-06-09 19:19:00 - [MESSAGE][INFO] - Action delay is set to 0 milliseconds

2022-06-09 19:19:30 - [MESSAGE][PASSED] - Browser is opened with url: ' http://mdb-release.diadeis.lan/MediaboxIndependence/?MBI_datasource=RELTESTAUTO_NPP'

2022-06-09 19:19:30 - [TEST_STEP][PASSED] - maximizeWindow(): Current window maximized

2022-06-09 19:19:31 - [MESSAGE][PASSED] - Current window maximized

2022-06-09 19:19:31 - [TEST_STEP][PASSED] - takeScreenshot(): Taking screenshot successfully

2022-06-09 19:19:31 - [MESSAGE][PASSED] - Taking screenshot successfully
[[ATTACHMENT|D:\\Projet Test Auto\\Mediabox Test Automation\\Reports\\20220609_181011\\03. Parallel Testing (Testing)\\TS -PT PART 3\\06. NPP Partial Submission Mass Submit\\20220609_181046\\1654795171167.png]]

2022-06-09 19:19:31 - [TEST_STEP][PASSED] - I.Login_password("ncur", password_ncur): Object: 'Object Repository/1. Constant/xpath' is clicked on

2022-06-09 19:19:35 - [MESSAGE][PASSED] - Text 'ncur' is set on object 'Object Repository/1. Constant/xpath'

2022-06-09 19:19:36 - [MESSAGE][PASSED] - Delayed 1 second(s)

2022-06-09 19:19:37 - [MESSAGE][PASSED] - Text 'dchi' is set on object 'Object Repository/1. Constant/xpath'

2022-06-09 19:19:38 - [MESSAGE][PASSED] - Delayed 1 second(s)

2022-06-09 19:19:52 - [MESSAGE][PASSED] - Object: 'Object Repository/1. Constant/xpath' is clicked on

2022-06-09 19:19:52 - [TEST_STEP][PASSED] - click(findTestObject("1. Constant/02_LHSMenu_Projects")): Object: 'Object Repository/1. Constant/02_LHSMenu_Projects' is clicked on

2022-06-09 19:20:12 - [MESSAGE][PASSED] - Object: 'Object Repository/1. Constant/02_LHSMenu_Projects' is clicked on

2022-06-09 19:20:12 - [TEST_STEP][PASSED] - delay(1): Delayed 1 second(s)

2022-06-09 19:20:13 - [MESSAGE][PASSED] - Delayed 1 second(s)

2022-06-09 19:20:13 - [TEST_STEP][PASSED] - I.SearchProjectNo_xpath(Project_No, "//*[@id="keynum_project"]", "//*[@id="form_filters"]/div[9]/button"): Delayed 5 second(s)

2022-06-09 19:20:14 - [MESSAGE][PASSED] - Delayed 1 second(s)

2022-06-09 19:20:15 - [MESSAGE][PASSED] - Text 'MI001067' is set on object 'Object Repository/1. Constant/xpath'

2022-06-09 19:20:18 - [MESSAGE][PASSED] - Delayed 3 second(s)

2022-06-09 19:20:18 - [MESSAGE][PASSED] - Scroll to object 'Object Repository/1. Constant/xpath' successfully

2022-06-09 19:20:24 - [MESSAGE][PASSED] - Object: 'Object Repository/1. Constant/xpath' is clicked on

2022-06-09 19:20:29 - [MESSAGE][PASSED] - Delayed 5 second(s)

2022-06-09 19:20:29 - [TEST_STEP][PASSED] - delay(5): Delayed 5 second(s)

2022-06-09 19:20:34 - [MESSAGE][PASSED] - Delayed 5 second(s)

2022-06-09 19:20:34 - [TEST_STEP][PASSED] - takeScreenshot(): Taking screenshot successfully

2022-06-09 19:20:35 - [MESSAGE][PASSED] - Taking screenshot successfully
[[ATTACHMENT|D:\\Projet Test Auto\\Mediabox Test Automation\\Reports\\20220609_181011\\03. Parallel Testing (Testing)\\TS -PT PART 3\\06. NPP Partial Submission Mass Submit\\20220609_181046\\1654795234742.png]]

2022-06-09 19:20:35 - [TEST_STEP][PASSED] - click(findTestObject("1. Constant/xpath", ["xpath":"//*[@id="fiches"]/table/tbody/tr/td[10]/div[2]/button"])): Object: 'Object Repository/1. Constant/xpath' is clicked on

2022-06-09 19:20:35 - [MESSAGE][PASSED] - Object: 'Object Repository/1. Constant/xpath' is clicked on

2022-06-09 19:20:35 - [TEST_STEP][PASSED] - delay(1): Delayed 1 second(s)

2022-06-09 19:20:36 - [MESSAGE][PASSED] - Delayed 1 second(s)

2022-06-09 19:20:36 - [TEST_STEP][PASSED] - click(findTestObject("1. Constant/xpath", ["xpath":"//*[@id="fiches"]/table/tbody/tr/td[10]/div[2]/div/a[1]"])): Object: 'Object Repository/1. Constant/xpath' is clicked on

2022-06-09 19:20:38 - [MESSAGE][PASSED] - Object: 'Object Repository/1. Constant/xpath' is clicked on

2022-06-09 19:20:38 - [TEST_STEP][PASSED] - selectOptionByValue(findTestObject("1. Constant/xpath", ["xpath":"//*[@id="var_84"]"]), "akim", false): All options with value 'akim' are selected in object 'Object Repository/1. Constant/xpath' 

2022-06-09 19:20:39 - [MESSAGE][PASSED] - All options with value 'akim' are selected in object 'Object Repository/1. Constant/xpath' 

2022-06-09 19:20:39 - [TEST_STEP][PASSED] - click(findTestObject("1. Constant/xpath", ["xpath":"//*[@id="ModifFiche"]/div[1]/div/div/button"])): Object: 'Object Repository/1. Constant/xpath' is clicked on

2022-06-09 19:20:39 - [MESSAGE][PASSED] - Object: 'Object Repository/1. Constant/xpath' is clicked on

2022-06-09 19:20:39 - [TEST_STEP][PASSED] - delay(1): Delayed 1 second(s)

2022-06-09 19:20:40 - [MESSAGE][PASSED] - Delayed 1 second(s)

2022-06-09 19:20:40 - [TEST_STEP][PASSED] - click(findTestObject("1. Constant/xpath", ["xpath":"//*[@id="ModifFiche"]/div[1]/div/div/div/a[1]"])): Object: 'Object Repository/1. Constant/xpath' is clicked on

2022-06-09 19:20:47 - [MESSAGE][PASSED] - Object: 'Object Repository/1. Constant/xpath' is clicked on

2022-06-09 19:20:47 - [TEST_STEP][PASSED] - delay(1): Delayed 1 second(s)

2022-06-09 19:20:48 - [MESSAGE][PASSED] - Delayed 1 second(s)

2022-06-09 19:20:48 - [TEST_STEP][PASSED] - takeScreenshot(): Taking screenshot successfully

2022-06-09 19:20:48 - [MESSAGE][PASSED] - Taking screenshot successfully
[[ATTACHMENT|D:\\Projet Test Auto\\Mediabox Test Automation\\Reports\\20220609_181011\\03. Parallel Testing (Testing)\\TS -PT PART 3\\06. NPP Partial Submission Mass Submit\\20220609_181046\\1654795248636.png]]

2022-06-09 19:20:48 - [TEST_STEP][PASSED] - click(findTestObject("1. Constant/xpath", ["xpath":"//*[@id="fiches"]/table/tbody/tr/td[10]/div[2]/button"])): Object: 'Object Repository/1. Constant/xpath' is clicked on

2022-06-09 19:20:49 - [MESSAGE][PASSED] - Object: 'Object Repository/1. Constant/xpath' is clicked on

2022-06-09 19:20:49 - [TEST_STEP][PASSED] - delay(1): Delayed 1 second(s)

2022-06-09 19:20:50 - [MESSAGE][PASSED] - Delayed 1 second(s)

2022-06-09 19:20:50 - [TEST_STEP][PASSED] - click(findTestObject("1. Constant/xpath", ["xpath":"//*[@id="fiches"]/table/tbody/tr/td[10]/div[2]/div/a[1]"])): Object: 'Object Repository/1. Constant/xpath' is clicked on

2022-06-09 19:20:54 - [MESSAGE][PASSED] - Object: 'Object Repository/1. Constant/xpath' is clicked on

2022-06-09 19:20:54 - [TEST_STEP][PASSED] - selectOptionByValue(findTestObject("1. Constant/xpath", ["xpath":"//*[@id="var_76"]"]), "afrappaz", false): All options with value 'afrappaz' are selected in object 'Object Repository/1. Constant/xpath' 

2022-06-09 19:20:55 - [MESSAGE][PASSED] - All options with value 'afrappaz' are selected in object 'Object Repository/1. Constant/xpath' 

2022-06-09 19:20:55 - [TEST_STEP][PASSED] - click(findTestObject("1. Constant/xpath", ["xpath":"//*[@id="ModifFiche"]/div[1]/div/div/button"])): Object: 'Object Repository/1. Constant/xpath' is clicked on

2022-06-09 19:20:55 - [MESSAGE][PASSED] - Object: 'Object Repository/1. Constant/xpath' is clicked on

2022-06-09 19:20:55 - [TEST_STEP][PASSED] - delay(1): Delayed 1 second(s)

2022-06-09 19:20:56 - [MESSAGE][PASSED] - Delayed 1 second(s)

2022-06-09 19:20:56 - [TEST_STEP][PASSED] - click(findTestObject("1. Constant/xpath", ["xpath":"//*[@id="ModifFiche"]/div[1]/div/div/div/a[1]"])): Object: 'Object Repository/1. Constant/xpath' is clicked on

2022-06-09 19:21:03 - [MESSAGE][PASSED] - Object: 'Object Repository/1. Constant/xpath' is clicked on

2022-06-09 19:21:03 - [TEST_STEP][PASSED] - delay(1): Delayed 1 second(s)

2022-06-09 19:21:04 - [MESSAGE][PASSED] - Delayed 1 second(s)

2022-06-09 19:21:04 - [TEST_STEP][PASSED] - takeScreenshot(): Taking screenshot successfully

2022-06-09 19:21:04 - [MESSAGE][PASSED] - Taking screenshot successfully
[[ATTACHMENT|D:\\Projet Test Auto\\Mediabox Test Automation\\Reports\\20220609_181011\\03. Parallel Testing (Testing)\\TS -PT PART 3\\06. NPP Partial Submission Mass Submit\\20220609_181046\\1654795264168.png]]

2022-06-09 19:21:04 - [TEST_STEP][PASSED] - click(findTestObject("1. Constant/xpath", ["xpath":"//*[@id="fiches"]/table/tbody/tr/td[10]/div[2]/button"])): Object: 'Object Repository/1. Constant/xpath' is clicked on

2022-06-09 19:21:04 - [MESSAGE][PASSED] - Object: 'Object Repository/1. Constant/xpath' is clicked on

2022-06-09 19:21:04 - [TEST_STEP][PASSED] - delay(1): Delayed 1 second(s)

2022-06-09 19:21:05 - [MESSAGE][PASSED] - Delayed 1 second(s)

2022-06-09 19:21:05 - [TEST_STEP][PASSED] - click(findTestObject("1. Constant/xpath", ["xpath":"//*[@id="fiches"]/table/tbody/tr/td[10]/div[2]/div/a[1]"])): Object: 'Object Repository/1. Constant/xpath' is clicked on

2022-06-09 19:21:07 - [MESSAGE][PASSED] - Object: 'Object Repository/1. Constant/xpath' is clicked on

2022-06-09 19:21:07 - [TEST_STEP][PASSED] - click(findTestObject("1. Constant/xpath", ["xpath":"//*[@id="ModifFiche"]/div[1]/div/div/button"])): Object: 'Object Repository/1. Constant/xpath' is clicked on

2022-06-09 19:21:08 - [MESSAGE][PASSED] - Object: 'Object Repository/1. Constant/xpath' is clicked on

2022-06-09 19:21:08 - [TEST_STEP][PASSED] - delay(1): Delayed 1 second(s)

2022-06-09 19:21:09 - [MESSAGE][PASSED] - Delayed 1 second(s)

2022-06-09 19:21:09 - [TEST_STEP][PASSED] - click(findTestObject("1. Constant/xpath", ["xpath":"//*[@id="ModifFiche"]/div[1]/div/div/div/a[1]"])): Object: 'Object Repository/1. Constant/xpath' is clicked on

2022-06-09 19:21:16 - [MESSAGE][PASSED] - Object: 'Object Repository/1. Constant/xpath' is clicked on

2022-06-09 19:21:16 - [TEST_STEP][PASSED] - delay(1): Delayed 1 second(s)

2022-06-09 19:21:17 - [MESSAGE][PASSED] - Delayed 1 second(s)

2022-06-09 19:21:17 - [TEST_STEP][PASSED] - takeScreenshot(): Taking screenshot successfully

2022-06-09 19:21:18 - [MESSAGE][PASSED] - Taking screenshot successfully
[[ATTACHMENT|D:\\Projet Test Auto\\Mediabox Test Automation\\Reports\\20220609_181011\\03. Parallel Testing (Testing)\\TS -PT PART 3\\06. NPP Partial Submission Mass Submit\\20220609_181046\\1654795277729.png]]

2022-06-09 19:21:18 - [TEST_STEP][PASSED] - click(findTestObject("1. Constant/xpath", ["xpath":"//*[@id="fiches"]/table/tbody/tr/td[10]/div[2]/button"])): Object: 'Object Repository/1. Constant/xpath' is clicked on

2022-06-09 19:21:18 - [MESSAGE][PASSED] - Object: 'Object Repository/1. Constant/xpath' is clicked on

2022-06-09 19:21:18 - [TEST_STEP][PASSED] - delay(1): Delayed 1 second(s)

2022-06-09 19:21:19 - [MESSAGE][PASSED] - Delayed 1 second(s)

2022-06-09 19:21:19 - [TEST_STEP][PASSED] - click(findTestObject("1. Constant/xpath", ["xpath":"//*[@id="fiches"]/table/tbody/tr/td[10]/div[2]/div/a[1]"])): Object: 'Object Repository/1. Constant/xpath' is clicked on

2022-06-09 19:21:21 - [MESSAGE][PASSED] - Object: 'Object Repository/1. Constant/xpath' is clicked on

2022-06-09 19:21:21 - [TEST_STEP][PASSED] - delay(1): Delayed 1 second(s)

2022-06-09 19:21:22 - [MESSAGE][PASSED] - Delayed 1 second(s)

2022-06-09 19:21:22 - [TEST_STEP][PASSED] - selectOptionByValue(findTestObject("1. Constant/xpath", ["xpath":"//*[@id="var_56"]"]), "ctralrsa", false): All options with value 'ctralrsa' are selected in object 'Object Repository/1. Constant/xpath' 

2022-06-09 19:21:23 - [MESSAGE][PASSED] - All options with value 'ctralrsa' are selected in object 'Object Repository/1. Constant/xpath' 

2022-06-09 19:21:23 - [TEST_STEP][PASSED] - click(findTestObject("1. Constant/xpath", ["xpath":"//*[@id="ModifFiche"]/div[1]/div/div/button"])): Object: 'Object Repository/1. Constant/xpath' is clicked on

2022-06-09 19:21:23 - [MESSAGE][PASSED] - Object: 'Object Repository/1. Constant/xpath' is clicked on

2022-06-09 19:21:23 - [TEST_STEP][PASSED] - delay(1): Delayed 1 second(s)

2022-06-09 19:21:24 - [MESSAGE][PASSED] - Delayed 1 second(s)

2022-06-09 19:21:24 - [TEST_STEP][PASSED] - click(findTestObject("1. Constant/xpath", ["xpath":"//*[@id="ModifFiche"]/div[1]/div/div/div/a[1]"])): Object: 'Object Repository/1. Constant/xpath' is clicked on

2022-06-09 19:21:32 - [MESSAGE][PASSED] - Object: 'Object Repository/1. Constant/xpath' is clicked on

2022-06-09 19:21:32 - [TEST_STEP][PASSED] - delay(1): Delayed 1 second(s)

2022-06-09 19:21:33 - [MESSAGE][PASSED] - Delayed 1 second(s)

2022-06-09 19:21:33 - [TEST_STEP][PASSED] - takeScreenshot(): Taking screenshot successfully

2022-06-09 19:21:33 - [MESSAGE][PASSED] - Taking screenshot successfully
[[ATTACHMENT|D:\\Projet Test Auto\\Mediabox Test Automation\\Reports\\20220609_181011\\03. Parallel Testing (Testing)\\TS -PT PART 3\\06. NPP Partial Submission Mass Submit\\20220609_181046\\1654795293186.png]]

2022-06-09 19:21:33 - [TEST_STEP][PASSED] - click(findTestObject("1. Constant/xpath", ["xpath":"//*[@id="fiches"]/table/tbody/tr/td[10]/div[2]/button"])): Object: 'Object Repository/1. Constant/xpath' is clicked on

2022-06-09 19:21:33 - [MESSAGE][PASSED] - Object: 'Object Repository/1. Constant/xpath' is clicked on

2022-06-09 19:21:33 - [TEST_STEP][PASSED] - delay(1): Delayed 1 second(s)

2022-06-09 19:21:34 - [MESSAGE][PASSED] - Delayed 1 second(s)

2022-06-09 19:21:34 - [TEST_STEP][PASSED] - click(findTestObject("1. Constant/xpath", ["xpath":"//*[@id="fiches"]/table/tbody/tr/td[10]/div[2]/div/a[1]"])): Object: 'Object Repository/1. Constant/xpath' is clicked on

2022-06-09 19:21:36 - [MESSAGE][PASSED] - Object: 'Object Repository/1. Constant/xpath' is clicked on

2022-06-09 19:21:36 - [TEST_STEP][PASSED] - delay(1): Delayed 1 second(s)

2022-06-09 19:21:37 - [MESSAGE][PASSED] - Delayed 1 second(s)

2022-06-09 19:21:37 - [TEST_STEP][PASSED] - selectOptionByValue(findTestObject("1. Constant/xpath", ["xpath":"//*[@id="var_69"]"]), "ekolkina", false): All options with value 'ekolkina' are selected in object 'Object Repository/1. Constant/xpath' 

2022-06-09 19:21:37 - [MESSAGE][PASSED] - All options with value 'ekolkina' are selected in object 'Object Repository/1. Constant/xpath' 

2022-06-09 19:21:37 - [TEST_STEP][PASSED] - click(findTestObject("1. Constant/xpath", ["xpath":"//*[@id="ModifFiche"]/div[1]/div/div/button"])): Object: 'Object Repository/1. Constant/xpath' is clicked on

2022-06-09 19:21:37 - [MESSAGE][PASSED] - Object: 'Object Repository/1. Constant/xpath' is clicked on

2022-06-09 19:21:37 - [TEST_STEP][PASSED] - delay(1): Delayed 1 second(s)

2022-06-09 19:21:38 - [MESSAGE][PASSED] - Delayed 1 second(s)

2022-06-09 19:21:38 - [TEST_STEP][PASSED] - click(findTestObject("1. Constant/xpath", ["xpath":"//*[@id="ModifFiche"]/div[1]/div/div/div/a[1]"])): Object: 'Object Repository/1. Constant/xpath' is clicked on

2022-06-09 19:21:45 - [MESSAGE][PASSED] - Object: 'Object Repository/1. Constant/xpath' is clicked on

2022-06-09 19:21:45 - [TEST_STEP][PASSED] - delay(1): Delayed 1 second(s)

2022-06-09 19:21:46 - [MESSAGE][PASSED] - Delayed 1 second(s)

2022-06-09 19:21:46 - [TEST_STEP][PASSED] - takeScreenshot(): Taking screenshot successfully

2022-06-09 19:21:47 - [MESSAGE][PASSED] - Taking screenshot successfully
[[ATTACHMENT|D:\\Projet Test Auto\\Mediabox Test Automation\\Reports\\20220609_181011\\03. Parallel Testing (Testing)\\TS -PT PART 3\\06. NPP Partial Submission Mass Submit\\20220609_181046\\1654795306930.png]]

2022-06-09 19:21:47 - [TEST_STEP][PASSED] - click(findTestObject("1. Constant/xpath", ["xpath":"//*[@id="fiches"]/table/tbody/tr/td[10]/div[2]/button"])): Object: 'Object Repository/1. Constant/xpath' is clicked on

2022-06-09 19:21:47 - [MESSAGE][PASSED] - Object: 'Object Repository/1. Constant/xpath' is clicked on

2022-06-09 19:21:47 - [TEST_STEP][PASSED] - delay(1): Delayed 1 second(s)

2022-06-09 19:21:48 - [MESSAGE][PASSED] - Delayed 1 second(s)

2022-06-09 19:21:48 - [TEST_STEP][PASSED] - click(findTestObject("1. Constant/xpath", ["xpath":"//*[@id="fiches"]/table/tbody/tr/td[10]/div[2]/div/a[1]"])): Object: 'Object Repository/1. Constant/xpath' is clicked on

2022-06-09 19:21:50 - [MESSAGE][PASSED] - Object: 'Object Repository/1. Constant/xpath' is clicked on

2022-06-09 19:21:50 - [TEST_STEP][PASSED] - delay(1): Delayed 1 second(s)

2022-06-09 19:21:51 - [MESSAGE][PASSED] - Delayed 1 second(s)

2022-06-09 19:21:51 - [TEST_STEP][PASSED] - selectOptionByValue(findTestObject("1. Constant/xpath", ["xpath":"//*[@id="var_146"]"]), "sesther", false): All options with value 'sesther' are selected in object 'Object Repository/1. Constant/xpath' 

2022-06-09 19:21:51 - [MESSAGE][PASSED] - All options with value 'sesther' are selected in object 'Object Repository/1. Constant/xpath' 

2022-06-09 19:21:51 - [TEST_STEP][PASSED] - click(findTestObject("1. Constant/xpath", ["xpath":"//*[@id="ModifFiche"]/div[1]/div/div/button"])): Object: 'Object Repository/1. Constant/xpath' is clicked on

2022-06-09 19:21:52 - [MESSAGE][PASSED] - Object: 'Object Repository/1. Constant/xpath' is clicked on

2022-06-09 19:21:52 - [TEST_STEP][PASSED] - delay(1): Delayed 1 second(s)

2022-06-09 19:21:53 - [MESSAGE][PASSED] - Delayed 1 second(s)

2022-06-09 19:21:53 - [TEST_STEP][PASSED] - click(findTestObject("1. Constant/xpath", ["xpath":"//*[@id="ModifFiche"]/div[1]/div/div/div/a[1]"])): Object: 'Object Repository/1. Constant/xpath' is clicked on

2022-06-09 19:21:59 - [MESSAGE][PASSED] - Object: 'Object Repository/1. Constant/xpath' is clicked on

2022-06-09 19:21:59 - [TEST_STEP][PASSED] - delay(1): Delayed 1 second(s)

2022-06-09 19:22:00 - [MESSAGE][PASSED] - Delayed 1 second(s)

2022-06-09 19:22:00 - [TEST_STEP][PASSED] - takeScreenshot(): Taking screenshot successfully

2022-06-09 19:22:01 - [MESSAGE][PASSED] - Taking screenshot successfully
[[ATTACHMENT|D:\\Projet Test Auto\\Mediabox Test Automation\\Reports\\20220609_181011\\03. Parallel Testing (Testing)\\TS -PT PART 3\\06. NPP Partial Submission Mass Submit\\20220609_181046\\1654795320734.png]]

2022-06-09 19:22:01 - [TEST_STEP][PASSED] - click(findTestObject("1. Constant/xpath", ["xpath":"//*[@id="fiches"]/table/tbody/tr/td[10]/div[2]/button"])): Object: 'Object Repository/1. Constant/xpath' is clicked on

2022-06-09 19:22:01 - [MESSAGE][PASSED] - Object: 'Object Repository/1. Constant/xpath' is clicked on

2022-06-09 19:22:01 - [TEST_STEP][PASSED] - delay(1): Delayed 1 second(s)

2022-06-09 19:22:02 - [MESSAGE][PASSED] - Delayed 1 second(s)

2022-06-09 19:22:02 - [TEST_STEP][PASSED] - click(findTestObject("1. Constant/xpath", ["xpath":"//*[@id="fiches"]/table/tbody/tr/td[10]/div[2]/div/a[1]"])): Object: 'Object Repository/1. Constant/xpath' is clicked on

2022-06-09 19:22:06 - [MESSAGE][PASSED] - Object: 'Object Repository/1. Constant/xpath' is clicked on

2022-06-09 19:22:06 - [TEST_STEP][PASSED] - delay(1): Delayed 1 second(s)

2022-06-09 19:22:07 - [MESSAGE][PASSED] - Delayed 1 second(s)

2022-06-09 19:22:07 - [TEST_STEP][PASSED] - selectOptionByValue(findTestObject("1. Constant/xpath", ["xpath":"//*[@id="var_147"]"]), "aogunsanya", false): All options with value 'aogunsanya' are selected in object 'Object Repository/1. Constant/xpath' 

2022-06-09 19:22:07 - [MESSAGE][PASSED] - All options with value 'aogunsanya' are selected in object 'Object Repository/1. Constant/xpath' 

2022-06-09 19:22:07 - [TEST_STEP][PASSED] - click(findTestObject("1. Constant/xpath", ["xpath":"//*[@id="ModifFiche"]/div[1]/div/div/button"])): Object: 'Object Repository/1. Constant/xpath' is clicked on

2022-06-09 19:22:08 - [MESSAGE][PASSED] - Object: 'Object Repository/1. Constant/xpath' is clicked on

2022-06-09 19:22:08 - [TEST_STEP][PASSED] - delay(1): Delayed 1 second(s)

2022-06-09 19:22:09 - [MESSAGE][PASSED] - Delayed 1 second(s)

2022-06-09 19:22:09 - [TEST_STEP][PASSED] - click(findTestObject("1. Constant/xpath", ["xpath":"//*[@id="ModifFiche"]/div[1]/div/div/div/a[1]"])): Object: 'Object Repository/1. Constant/xpath' is clicked on

2022-06-09 19:22:16 - [MESSAGE][PASSED] - Object: 'Object Repository/1. Constant/xpath' is clicked on

2022-06-09 19:22:16 - [TEST_STEP][PASSED] - delay(1): Delayed 1 second(s)

2022-06-09 19:22:17 - [MESSAGE][PASSED] - Delayed 1 second(s)

2022-06-09 19:22:17 - [TEST_STEP][PASSED] - takeScreenshot(): Taking screenshot successfully

2022-06-09 19:22:17 - [MESSAGE][PASSED] - Taking screenshot successfully
[[ATTACHMENT|D:\\Projet Test Auto\\Mediabox Test Automation\\Reports\\20220609_181011\\03. Parallel Testing (Testing)\\TS -PT PART 3\\06. NPP Partial Submission Mass Submit\\20220609_181046\\1654795337241.png]]

2022-06-09 19:22:17 - [TEST_STEP][PASSED] - click(findTestObject("1. Constant/xpath", ["xpath":"//*[@id="fiches"]/table/tbody/tr/td[10]/a[2]"])): Object: 'Object Repository/1. Constant/xpath' is clicked on

2022-06-09 19:22:20 - [MESSAGE][PASSED] - Object: 'Object Repository/1. Constant/xpath' is clicked on

2022-06-09 19:22:20 - [TEST_STEP][PASSED] - delay(1): Delayed 1 second(s)

2022-06-09 19:22:21 - [MESSAGE][PASSED] - Delayed 1 second(s)

2022-06-09 19:22:21 - [TEST_STEP][PASSED] - I.select_multiplelist("//*[@id="selSource_default_target_language"]", "//*[@id="btn_add_default_target_language"]", "EN"): Delayed 1 second(s)

2022-06-09 19:22:22 - [MESSAGE][PASSED] - Delayed 1 second(s)

2022-06-09 19:22:22 - [MESSAGE][PASSED] - All options with value 'EN' are selected in object 'Object Repository/1. Constant/xpath' 

2022-06-09 19:22:24 - [MESSAGE][PASSED] - Delayed 2 second(s)

2022-06-09 19:22:25 - [MESSAGE][PASSED] - Object: 'Object Repository/1. Constant/xpath' is clicked on

2022-06-09 19:22:26 - [MESSAGE][PASSED] - Delayed 1 second(s)

2022-06-09 19:22:26 - [TEST_STEP][PASSED] - setText(findTestObject("1. Constant/xpath", ["xpath":"//*[@id="var_72"]"]), "10/10/2030"): Text '10/10/2030' is set on object 'Object Repository/1. Constant/xpath'

2022-06-09 19:22:27 - [MESSAGE][PASSED] - Text '10/10/2030' is set on object 'Object Repository/1. Constant/xpath'

2022-06-09 19:22:27 - [TEST_STEP][PASSED] - setText(findTestObject("1. Constant/xpath", ["xpath":"//*[@id="var_116"]"]), "10/10/2030"): Text '10/10/2030' is set on object 'Object Repository/1. Constant/xpath'

2022-06-09 19:22:27 - [MESSAGE][PASSED] - Text '10/10/2030' is set on object 'Object Repository/1. Constant/xpath'

2022-06-09 19:22:27 - [TEST_STEP][PASSED] - I.select_multiplelist("//*[@id="selSource_61"]", "//*[@id="btnAdd_61"]", "2144"): Delayed 1 second(s)

2022-06-09 19:22:28 - [MESSAGE][PASSED] - Delayed 1 second(s)

2022-06-09 19:22:28 - [MESSAGE][PASSED] - All options with value '2144' are selected in object 'Object Repository/1. Constant/xpath' 

2022-06-09 19:22:30 - [MESSAGE][PASSED] - Delayed 2 second(s)

2022-06-09 19:22:31 - [MESSAGE][PASSED] - Object: 'Object Repository/1. Constant/xpath' is clicked on

2022-06-09 19:22:32 - [MESSAGE][PASSED] - Delayed 1 second(s)

2022-06-09 19:22:32 - [TEST_STEP][PASSED] - I.Pagedown(): Execute JavaScript 'window.scrollTo(0, document.body.scrollHeight)' successfully

2022-06-09 19:22:32 - [MESSAGE][PASSED] - Execute JavaScript 'window.scrollTo(0, document.body.scrollHeight)' successfully

2022-06-09 19:22:32 - [TEST_STEP][PASSED] - click(findTestObject("1. Constant/xpath", ["xpath":"//*[@id="ModifFiche"]/div[3]/div/button[1]"])): Object: 'Object Repository/1. Constant/xpath' is clicked on

2022-06-09 19:22:38 - [MESSAGE][PASSED] - Object: 'Object Repository/1. Constant/xpath' is clicked on

2022-06-09 19:22:38 - [TEST_STEP][PASSED] - delay(1): Delayed 1 second(s)

2022-06-09 19:22:39 - [MESSAGE][PASSED] - Delayed 1 second(s)

2022-06-09 19:22:39 - [TEST_STEP][PASSED] - takeScreenshot(): Taking screenshot successfully

2022-06-09 19:22:40 - [MESSAGE][PASSED] - Taking screenshot successfully
[[ATTACHMENT|D:\\Projet Test Auto\\Mediabox Test Automation\\Reports\\20220609_181011\\03. Parallel Testing (Testing)\\TS -PT PART 3\\06. NPP Partial Submission Mass Submit\\20220609_181046\\1654795359926.png]]

2022-06-09 19:22:40 - [TEST_STEP][PASSED] - click(findTestObject("1. Constant/xpath", ["xpath":"//*[@id="btnMassSubmit"]"])): Object: 'Object Repository/1. Constant/xpath' is clicked on

2022-06-09 19:22:40 - [MESSAGE][PASSED] - Object: 'Object Repository/1. Constant/xpath' is clicked on

2022-06-09 19:22:40 - [TEST_STEP][PASSED] - delay(1): Delayed 1 second(s)

2022-06-09 19:22:41 - [MESSAGE][PASSED] - Delayed 1 second(s)

2022-06-09 19:22:41 - [TEST_STEP][PASSED] - click(findTestObject("1. Constant/xpath", ["xpath":"//*[@id="fiches"]/table/tbody/tr/td[1]/label"])): Object: 'Object Repository/1. Constant/xpath' is clicked on

2022-06-09 19:22:43 - [MESSAGE][PASSED] - Object: 'Object Repository/1. Constant/xpath' is clicked on

2022-06-09 19:22:43 - [TEST_STEP][PASSED] - delay(1): Delayed 1 second(s)

2022-06-09 19:22:44 - [MESSAGE][PASSED] - Delayed 1 second(s)

2022-06-09 19:22:44 - [TEST_STEP][PASSED] - click(findTestObject("1. Constant/xpath", ["xpath":"//*[@id="action_btnMassSubmit"]"])): Object: 'Object Repository/1. Constant/xpath' is clicked on

2022-06-09 19:22:44 - [MESSAGE][PASSED] - Object: 'Object Repository/1. Constant/xpath' is clicked on

2022-06-09 19:22:44 - [TEST_STEP][PASSED] - delay(1): Delayed 1 second(s)

2022-06-09 19:22:45 - [MESSAGE][PASSED] - Delayed 1 second(s)

2022-06-09 19:22:45 - [TEST_STEP][PASSED] - takeScreenshot(): Taking screenshot successfully

2022-06-09 19:22:45 - [MESSAGE][PASSED] - Taking screenshot successfully
[[ATTACHMENT|D:\\Projet Test Auto\\Mediabox Test Automation\\Reports\\20220609_181011\\03. Parallel Testing (Testing)\\TS -PT PART 3\\06. NPP Partial Submission Mass Submit\\20220609_181046\\1654795365600.png]]

2022-06-09 19:22:45 - [TEST_STEP][PASSED] - Amsg_1 = getText(findTestObject("1. Constant/xpath", ["xpath":"//*[@id="tablecontentNOK"]/table/tbody/tr/td[2]"])): Text of object 'Object Repository/1. Constant/xpath' is: 'Missing mandatory information at reference level (Translation)'

2022-06-09 19:22:46 - [MESSAGE][PASSED] - Text of object 'Object Repository/1. Constant/xpath' is: 'Missing mandatory information at reference level (Translation)'

2022-06-09 19:22:46 - [TEST_STEP][PASSED] - verifyMatch(Amsg_1, "Missing mandatory information at reference level (Translation)", false): Actual text 'Missing mandatory information at reference level (Translation)' and expected text 'Missing mandatory information at reference level (Translation)' are matched 

2022-06-09 19:22:46 - [MESSAGE][PASSED] - Actual text 'Missing mandatory information at reference level (Translation)' and expected text 'Missing mandatory information at reference level (Translation)' are matched 

2022-06-09 19:22:46 - [TEST_STEP][PASSED] - click(findTestObject("1. Constant/xpath", ["xpath":"//*[@id="modal_mass_submit"]/div/div/div[2]/div[2]/div/button[1]"])): Object: 'Object Repository/1. Constant/xpath' is clicked on

2022-06-09 19:22:46 - [MESSAGE][PASSED] - Object: 'Object Repository/1. Constant/xpath' is clicked on

2022-06-09 19:22:46 - [TEST_STEP][PASSED] - click(findTestObject("1. Constant/xpath", ["xpath":"//*[@id="fiches"]/table/tbody/tr/td[10]/div[1]/button"])): Object: 'Object Repository/1. Constant/xpath' is clicked on

2022-06-09 19:22:47 - [MESSAGE][PASSED] - Object: 'Object Repository/1. Constant/xpath' is clicked on

2022-06-09 19:22:48 - [TEST_STEP][PASSED] - delay(1): Delayed 1 second(s)

2022-06-09 19:22:49 - [MESSAGE][PASSED] - Delayed 1 second(s)

2022-06-09 19:22:49 - [TEST_STEP][PASSED] - click(findTestObject("1. Constant/xpath", ["xpath":"//*[@id="fiches"]/table/tbody/tr/td[10]/div[1]/div/a[2]"])): Object: 'Object Repository/1. Constant/xpath' is clicked on

2022-06-09 19:22:55 - [MESSAGE][PASSED] - Object: 'Object Repository/1. Constant/xpath' is clicked on

2022-06-09 19:22:55 - [TEST_STEP][PASSED] - delay(2): Delayed 2 second(s)

2022-06-09 19:22:57 - [MESSAGE][PASSED] - Delayed 2 second(s)

2022-06-09 19:22:57 - [TEST_STEP][PASSED] - click(findTestObject("1. Constant/xpath", ["xpath":"//*[@id="aff_newfield_zone"]"])): Object: 'Object Repository/1. Constant/xpath' is clicked on

2022-06-09 19:22:58 - [MESSAGE][PASSED] - Object: 'Object Repository/1. Constant/xpath' is clicked on

2022-06-09 19:22:58 - [TEST_STEP][PASSED] - delay(2): Delayed 2 second(s)

2022-06-09 19:23:00 - [MESSAGE][PASSED] - Delayed 2 second(s)

2022-06-09 19:23:00 - [TEST_STEP][PASSED] - selectOptionByValue(findTestObject("1. Constant/xpath", ["xpath":"//*[@id="type_new"]"]), "189", false): All options with value '189' are selected in object 'Object Repository/1. Constant/xpath' 

2022-06-09 19:23:03 - [MESSAGE][PASSED] - All options with value '189' are selected in object 'Object Repository/1. Constant/xpath' 

2022-06-09 19:23:03 - [TEST_STEP][PASSED] - delay(2): Delayed 2 second(s)

2022-06-09 19:23:05 - [MESSAGE][PASSED] - Delayed 2 second(s)

2022-06-09 19:23:05 - [TEST_STEP][PASSED] - I.Pagedown(): Execute JavaScript 'window.scrollTo(0, document.body.scrollHeight)' successfully

2022-06-09 19:23:05 - [MESSAGE][PASSED] - Execute JavaScript 'window.scrollTo(0, document.body.scrollHeight)' successfully

2022-06-09 19:23:05 - [TEST_STEP][PASSED] - click(findTestObject("1. Constant/xpath", ["xpath":"//*[@id="add_newtranslationfield"]"])): Object: 'Object Repository/1. Constant/xpath' is clicked on

2022-06-09 19:23:10 - [MESSAGE][PASSED] - Object: 'Object Repository/1. Constant/xpath' is clicked on

2022-06-09 19:23:10 - [TEST_STEP][PASSED] - delay(3): Delayed 3 second(s)

2022-06-09 19:23:13 - [MESSAGE][PASSED] - Delayed 3 second(s)

2022-06-09 19:23:13 - [TEST_STEP][PASSED] - I.click_button_javascript(findTestObject("1. Constant/xpath", ["xpath":"//*[@id="ModifFiche"]/div[1]/div[2]/button[1]"])): Execute JavaScript 'arguments[0].click()' successfully

2022-06-09 19:23:26 - [MESSAGE][PASSED] - Execute JavaScript 'arguments[0].click()' successfully

2022-06-09 19:23:26 - [TEST_STEP][PASSED] - delay(2): Delayed 2 second(s)

2022-06-09 19:23:28 - [MESSAGE][PASSED] - Delayed 2 second(s)

2022-06-09 19:23:28 - [TEST_STEP][PASSED] - I.click_button_javascript(findTestObject("1. Constant/xpath", ["xpath":"//*[@id="ModifFiche"]/div[1]/div[2]/a"])): Execute JavaScript 'arguments[0].click()' successfully

2022-06-09 19:23:33 - [MESSAGE][PASSED] - Execute JavaScript 'arguments[0].click()' successfully

2022-06-09 19:23:33 - [TEST_STEP][PASSED] - click(findTestObject("1. Constant/xpath", ["xpath":"//*[@id="btnMassSubmit"]"])): Object: 'Object Repository/1. Constant/xpath' is clicked on

2022-06-09 19:23:35 - [MESSAGE][PASSED] - Object: 'Object Repository/1. Constant/xpath' is clicked on

2022-06-09 19:23:35 - [TEST_STEP][PASSED] - delay(1): Delayed 1 second(s)

2022-06-09 19:23:36 - [MESSAGE][PASSED] - Delayed 1 second(s)

2022-06-09 19:23:36 - [TEST_STEP][PASSED] - click(findTestObject("1. Constant/xpath", ["xpath":"//*[@id="fiches"]/table/tbody/tr/td[1]/label"])): Object: 'Object Repository/1. Constant/xpath' is clicked on

2022-06-09 19:23:36 - [MESSAGE][PASSED] - Object: 'Object Repository/1. Constant/xpath' is clicked on

2022-06-09 19:23:36 - [TEST_STEP][PASSED] - delay(1): Delayed 1 second(s)

2022-06-09 19:23:37 - [MESSAGE][PASSED] - Delayed 1 second(s)

2022-06-09 19:23:37 - [TEST_STEP][PASSED] - click(findTestObject("1. Constant/xpath", ["xpath":"//*[@id="action_btnMassSubmit"]"])): Object: 'Object Repository/1. Constant/xpath' is clicked on

2022-06-09 19:23:38 - [MESSAGE][PASSED] - Object: 'Object Repository/1. Constant/xpath' is clicked on

2022-06-09 19:23:38 - [TEST_STEP][PASSED] - delay(1): Delayed 1 second(s)

2022-06-09 19:23:39 - [MESSAGE][PASSED] - Delayed 1 second(s)

2022-06-09 19:23:39 - [TEST_STEP][PASSED] - takeScreenshot(): Taking screenshot successfully

2022-06-09 19:23:40 - [MESSAGE][PASSED] - Taking screenshot successfully
[[ATTACHMENT|D:\\Projet Test Auto\\Mediabox Test Automation\\Reports\\20220609_181011\\03. Parallel Testing (Testing)\\TS -PT PART 3\\06. NPP Partial Submission Mass Submit\\20220609_181046\\1654795420120.png]]

2022-06-09 19:23:40 - [TEST_STEP][PASSED] - click(findTestObject("1. Constant/xpath", ["xpath":"//*[@id="btn_submit_mass_submit"]"])): Object: 'Object Repository/1. Constant/xpath' is clicked on

2022-06-09 19:23:49 - [MESSAGE][PASSED] - Object: 'Object Repository/1. Constant/xpath' is clicked on

2022-06-09 19:23:49 - [TEST_STEP][PASSED] - delay(2): Delayed 2 second(s)

2022-06-09 19:23:51 - [MESSAGE][PASSED] - Delayed 2 second(s)

2022-06-09 19:23:51 - [TEST_STEP][PASSED] - ALM1 = getText(findTestObject("1. Constant/xpath", ["xpath":"//*[@id="fiches"]/table/tbody/tr[1]/td[7]/span[2]"])): Text of object 'Object Repository/1. Constant/xpath' is: 'Waiting for translation'

2022-06-09 19:23:51 - [MESSAGE][PASSED] - Text of object 'Object Repository/1. Constant/xpath' is: 'Waiting for translation'

2022-06-09 19:23:51 - [TEST_STEP][PASSED] - verifyMatch(ALM1, "Waiting for translation", false): Actual text 'Waiting for translation' and expected text 'Waiting for translation' are matched 

2022-06-09 19:23:51 - [MESSAGE][PASSED] - Actual text 'Waiting for translation' and expected text 'Waiting for translation' are matched 

2022-06-09 19:23:51 - [TEST_STEP][PASSED] - ALD1 = getText(findTestObject("1. Constant/xpath", ["xpath":"/html/body/div[1]/div[2]/div[4]/div[3]/div/div[2]/div[2]/table/tbody/tr[2]/td[7]/span[2]"])): Text of object 'Object Repository/1. Constant/xpath' is: 'MKT Translation'

2022-06-09 19:23:51 - [MESSAGE][PASSED] - Text of object 'Object Repository/1. Constant/xpath' is: 'MKT Translation'

2022-06-09 19:23:51 - [TEST_STEP][PASSED] - verifyMatch(ALD1, "MKT Translation", false): Actual text 'MKT Translation' and expected text 'MKT Translation' are matched 

2022-06-09 19:23:51 - [MESSAGE][PASSED] - Actual text 'MKT Translation' and expected text 'MKT Translation' are matched 

2022-06-09 19:23:51 - [TEST_STEP][PASSED] - click(findTestObject("1. Constant/xpath", ["xpath":"//*[@id="fiches"]/table/tbody/tr[1]/td[5]/a[1]"])): Object: 'Object Repository/1. Constant/xpath' is clicked on

2022-06-09 19:23:56 - [MESSAGE][PASSED] - Object: 'Object Repository/1. Constant/xpath' is clicked on

2022-06-09 19:23:56 - [TEST_STEP][PASSED] - delay(2): Delayed 2 second(s)

2022-06-09 19:23:58 - [MESSAGE][PASSED] - Delayed 2 second(s)

2022-06-09 19:23:58 - [TEST_STEP][PASSED] - takeScreenshot(): Taking screenshot successfully

2022-06-09 19:23:59 - [MESSAGE][PASSED] - Taking screenshot successfully
[[ATTACHMENT|D:\\Projet Test Auto\\Mediabox Test Automation\\Reports\\20220609_181011\\03. Parallel Testing (Testing)\\TS -PT PART 3\\06. NPP Partial Submission Mass Submit\\20220609_181046\\1654795438687.png]]

2022-06-09 19:23:59 - [TEST_STEP][PASSED] - click(findTestObject("1. Constant/xpath", ["xpath":"//*[@id="aff_text_content_brief"]"])): Object: 'Object Repository/1. Constant/xpath' is clicked on

2022-06-09 19:24:01 - [MESSAGE][PASSED] - Object: 'Object Repository/1. Constant/xpath' is clicked on

2022-06-09 19:24:01 - [TEST_STEP][PASSED] - delay(2): Delayed 2 second(s)

2022-06-09 19:24:03 - [MESSAGE][PASSED] - Delayed 2 second(s)

2022-06-09 19:24:03 - [TEST_STEP][PASSED] - ATX1 = getText(findTestObject("1. Constant/xpath", ["xpath":"//*[@id="my_table"]/tbody/tr/td[9]"])): Text of object 'Object Repository/1. Constant/xpath' is: 'Analytical constituents - Snacks / Biscuits - UKRAINE only'

2022-06-09 19:24:04 - [MESSAGE][PASSED] - Text of object 'Object Repository/1. Constant/xpath' is: 'Analytical constituents - Snacks / Biscuits - UKRAINE only'

2022-06-09 19:24:04 - [TEST_STEP][PASSED] - verifyMatch(ATX1, "Analytical constituents - Snacks / Biscuits - UKRAINE only", false): Actual text 'Analytical constituents - Snacks / Biscuits - UKRAINE only' and expected text 'Analytical constituents - Snacks / Biscuits - UKRAINE only' are matched 

2022-06-09 19:24:04 - [MESSAGE][PASSED] - Actual text 'Analytical constituents - Snacks / Biscuits - UKRAINE only' and expected text 'Analytical constituents - Snacks / Biscuits - UKRAINE only' are matched 

2022-06-09 19:24:04 - [TEST_STEP][PASSED] - closeBrowser(): Browser is closed

2022-06-09 19:24:05 - [MESSAGE][PASSED] - Browser is closed

2022-06-09 19:24:05 - [TEST_STEP][PASSED] - Start listener action : sampleAfterTestCase: null]]></system-out>
         <system-err><![CDATA[]]></system-err>
      </testcase>
      <system-out><![CDATA[2022-06-09 18:56:39 - [TEST_SUITE][PASSED] - 06. NPP Partial Submission Mass Submit: Test Cases/06. Tag _ Dreyers _ NPP Mass Submit/6.06 Npp_MassSubmit_Translation P2 (8.02)]]></system-out>
      <system-err><![CDATA[]]></system-err>
   </testsuite>
</testsuites>
