<?xml version="1.0" encoding="UTF-8"?>
<testsuites name="14.02 Dreyers Support Action (Ongoing _ Completed ref) - PART 2" time="2128.749" tests="6" failures="0" errors="0">
   <testsuite name="14.02 Dreyers Support Action (Ongoing _ Completed ref) - PART 2" tests="6" failures="0" errors="0" time="2128.749" skipped="0" timestamp="2022-06-09 19:37:38" hostname="lamhe - DPF-MBI-VERIF.ad.sgsco.int" id="Test Suites/03. Parallel Testing (Testing)/TS -PT PART 3/14.02 Dreyers Support Action (Ongoing _ Completed ref) - PART 2">
      <properties>
         <property name="deviceName" value=""/>
         <property name="devicePlatform" value=""/>
         <property name="logFolder" value="D:\\Projet Test Auto\\Mediabox Test Automation\\Reports\\20220609_181011\\03. Parallel Testing (Testing)\\TS -PT PART 3\\14.02 Dreyers Support Action (Ongoing _ Completed ref) - PART 2\\20220609_181057"/>
         <property name="logFiles" value="D:\\Projet Test Auto\\Mediabox Test Automation\\Reports\\20220609_181011\\03. Parallel Testing (Testing)\\TS -PT PART 3\\14.02 Dreyers Support Action (Ongoing _ Completed ref) - PART 2\\20220609_181057\\execution0.log"/>
         <property name="attachments" value="D:\\Projet Test Auto\\Mediabox Test Automation\\Reports\\20220609_181011\\03. Parallel Testing (Testing)\\TS -PT PART 3\\14.02 Dreyers Support Action (Ongoing _ Completed ref) - PART 2\\20220609_181057\\1654796310096.png, D:\\Projet Test Auto\\Mediabox Test Automation\\Reports\\20220609_181011\\03. Parallel Testing (Testing)\\TS -PT PART 3\\14.02 Dreyers Support Action (Ongoing _ Completed ref) - PART 2\\20220609_181057\\1654796316960.png, D:\\Projet Test Auto\\Mediabox Test Automation\\Reports\\20220609_181011\\03. Parallel Testing (Testing)\\TS -PT PART 3\\14.02 Dreyers Support Action (Ongoing _ Completed ref) - PART 2\\20220609_181057\\1654796320977.png, D:\\Projet Test Auto\\Mediabox Test Automation\\Reports\\20220609_181011\\03. Parallel Testing (Testing)\\TS -PT PART 3\\14.02 Dreyers Support Action (Ongoing _ Completed ref) - PART 2\\20220609_181057\\1654796330955.png, D:\\Projet Test Auto\\Mediabox Test Automation\\Reports\\20220609_181011\\03. Parallel Testing (Testing)\\TS -PT PART 3\\14.02 Dreyers Support Action (Ongoing _ Completed ref) - PART 2\\20220609_181057\\1654796352815.png, D:\\Projet Test Auto\\Mediabox Test Automation\\Reports\\20220609_181011\\03. Parallel Testing (Testing)\\TS -PT PART 3\\14.02 Dreyers Support Action (Ongoing _ Completed ref) - PART 2\\20220609_181057\\1654796359752.png, D:\\Projet Test Auto\\Mediabox Test Automation\\Reports\\20220609_181011\\03. Parallel Testing (Testing)\\TS -PT PART 3\\14.02 Dreyers Support Action (Ongoing _ Completed ref) - PART 2\\20220609_181057\\1654796385734.png, D:\\Projet Test Auto\\Mediabox Test Automation\\Reports\\20220609_181011\\03. Parallel Testing (Testing)\\TS -PT PART 3\\14.02 Dreyers Support Action (Ongoing _ Completed ref) - PART 2\\20220609_181057\\1654796407236.png, D:\\Projet Test Auto\\Mediabox Test Automation\\Reports\\20220609_181011\\03. Parallel Testing (Testing)\\TS -PT PART 3\\14.02 Dreyers Support Action (Ongoing _ Completed ref) - PART 2\\20220609_181057\\1654796410783.png, D:\\Projet Test Auto\\Mediabox Test Automation\\Reports\\20220609_181011\\03. Parallel Testing (Testing)\\TS -PT PART 3\\14.02 Dreyers Support Action (Ongoing _ Completed ref) - PART 2\\20220609_181057\\1654796443377.png, D:\\Projet Test Auto\\Mediabox Test Automation\\Reports\\20220609_181011\\03. Parallel Testing (Testing)\\TS -PT PART 3\\14.02 Dreyers Support Action (Ongoing _ Completed ref) - PART 2\\20220609_181057\\1654796457118.png, D:\\Projet Test Auto\\Mediabox Test Automation\\Reports\\20220609_181011\\03. Parallel Testing (Testing)\\TS -PT PART 3\\14.02 Dreyers Support Action (Ongoing _ Completed ref) - PART 2\\20220609_181057\\1654796471857.png, D:\\Projet Test Auto\\Mediabox Test Automation\\Reports\\20220609_181011\\03. Parallel Testing (Testing)\\TS -PT PART 3\\14.02 Dreyers Support Action (Ongoing _ Completed ref) - PART 2\\20220609_181057\\1654796473302.png, D:\\Projet Test Auto\\Mediabox Test Automation\\Reports\\20220609_181011\\03. Parallel Testing (Testing)\\TS -PT PART 3\\14.02 Dreyers Support Action (Ongoing _ Completed ref) - PART 2\\20220609_181057\\1654796475424.png, D:\\Projet Test Auto\\Mediabox Test Automation\\Reports\\20220609_181011\\03. Parallel Testing (Testing)\\TS -PT PART 3\\14.02 Dreyers Support Action (Ongoing _ Completed ref) - PART 2\\20220609_181057\\1654796478776.png, D:\\Projet Test Auto\\Mediabox Test Automation\\Reports\\20220609_181011\\03. Parallel Testing (Testing)\\TS -PT PART 3\\14.02 Dreyers Support Action (Ongoing _ Completed ref) - PART 2\\20220609_181057\\1654796482776.png, D:\\Projet Test Auto\\Mediabox Test Automation\\Reports\\20220609_181011\\03. Parallel Testing (Testing)\\TS -PT PART 3\\14.02 Dreyers Support Action (Ongoing _ Completed ref) - PART 2\\20220609_181057\\1654796519394.png, D:\\Projet Test Auto\\Mediabox Test Automation\\Reports\\20220609_181011\\03. Parallel Testing (Testing)\\TS -PT PART 3\\14.02 Dreyers Support Action (Ongoing _ Completed ref) - PART 2\\20220609_181057\\1654796534596.png, D:\\Projet Test Auto\\Mediabox Test Automation\\Reports\\20220609_181011\\03. Parallel Testing (Testing)\\TS -PT PART 3\\14.02 Dreyers Support Action (Ongoing _ Completed ref) - PART 2\\20220609_181057\\1654796551484.png, D:\\Projet Test Auto\\Mediabox Test Automation\\Reports\\20220609_181011\\03. Parallel Testing (Testing)\\TS -PT PART 3\\14.02 Dreyers Support Action (Ongoing _ Completed ref) - PART 2\\20220609_181057\\1654796569789.png, D:\\Projet Test Auto\\Mediabox Test Automation\\Reports\\20220609_181011\\03. Parallel Testing (Testing)\\TS -PT PART 3\\14.02 Dreyers Support Action (Ongoing _ Completed ref) - PART 2\\20220609_181057\\1654796584861.png, D:\\Projet Test Auto\\Mediabox Test Automation\\Reports\\20220609_181011\\03. Parallel Testing (Testing)\\TS -PT PART 3\\14.02 Dreyers Support Action (Ongoing _ Completed ref) - PART 2\\20220609_181057\\1654796598946.png, D:\\Projet Test Auto\\Mediabox Test Automation\\Reports\\20220609_181011\\03. Parallel Testing (Testing)\\TS -PT PART 3\\14.02 Dreyers Support Action (Ongoing _ Completed ref) - PART 2\\20220609_181057\\1654796623362.png, D:\\Projet Test Auto\\Mediabox Test Automation\\Reports\\20220609_181011\\03. Parallel Testing (Testing)\\TS -PT PART 3\\14.02 Dreyers Support Action (Ongoing _ Completed ref) - PART 2\\20220609_181057\\1654796658780.png, D:\\Projet Test Auto\\Mediabox Test Automation\\Reports\\20220609_181011\\03. Parallel Testing (Testing)\\TS -PT PART 3\\14.02 Dreyers Support Action (Ongoing _ Completed ref) - PART 2\\20220609_181057\\1654796676738.png, D:\\Projet Test Auto\\Mediabox Test Automation\\Reports\\20220609_181011\\03. Parallel Testing (Testing)\\TS -PT PART 3\\14.02 Dreyers Support Action (Ongoing _ Completed ref) - PART 2\\20220609_181057\\1654796767098.png, D:\\Projet Test Auto\\Mediabox Test Automation\\Reports\\20220609_181011\\03. Parallel Testing (Testing)\\TS -PT PART 3\\14.02 Dreyers Support Action (Ongoing _ Completed ref) - PART 2\\20220609_181057\\1654796777380.png, D:\\Projet Test Auto\\Mediabox Test Automation\\Reports\\20220609_181011\\03. Parallel Testing (Testing)\\TS -PT PART 3\\14.02 Dreyers Support Action (Ongoing _ Completed ref) - PART 2\\20220609_181057\\1654796796863.png, D:\\Projet Test Auto\\Mediabox Test Automation\\Reports\\20220609_181011\\03. Parallel Testing (Testing)\\TS -PT PART 3\\14.02 Dreyers Support Action (Ongoing _ Completed ref) - PART 2\\20220609_181057\\1654796812019.png, D:\\Projet Test Auto\\Mediabox Test Automation\\Reports\\20220609_181011\\03. Parallel Testing (Testing)\\TS -PT PART 3\\14.02 Dreyers Support Action (Ongoing _ Completed ref) - PART 2\\20220609_181057\\1654796834251.png, D:\\Projet Test Auto\\Mediabox Test Automation\\Reports\\20220609_181011\\03. Parallel Testing (Testing)\\TS -PT PART 3\\14.02 Dreyers Support Action (Ongoing _ Completed ref) - PART 2\\20220609_181057\\1654796854251.png, D:\\Projet Test Auto\\Mediabox Test Automation\\Reports\\20220609_181011\\03. Parallel Testing (Testing)\\TS -PT PART 3\\14.02 Dreyers Support Action (Ongoing _ Completed ref) - PART 2\\20220609_181057\\1654796870200.png, D:\\Projet Test Auto\\Mediabox Test Automation\\Reports\\20220609_181011\\03. Parallel Testing (Testing)\\TS -PT PART 3\\14.02 Dreyers Support Action (Ongoing _ Completed ref) - PART 2\\20220609_181057\\1654796882820.png, D:\\Projet Test Auto\\Mediabox Test Automation\\Reports\\20220609_181011\\03. Parallel Testing (Testing)\\TS -PT PART 3\\14.02 Dreyers Support Action (Ongoing _ Completed ref) - PART 2\\20220609_181057\\1654796887398.png, D:\\Projet Test Auto\\Mediabox Test Automation\\Reports\\20220609_181011\\03. Parallel Testing (Testing)\\TS -PT PART 3\\14.02 Dreyers Support Action (Ongoing _ Completed ref) - PART 2\\20220609_181057\\1654796905279.png, D:\\Projet Test Auto\\Mediabox Test Automation\\Reports\\20220609_181011\\03. Parallel Testing (Testing)\\TS -PT PART 3\\14.02 Dreyers Support Action (Ongoing _ Completed ref) - PART 2\\20220609_181057\\1654796921749.png, D:\\Projet Test Auto\\Mediabox Test Automation\\Reports\\20220609_181011\\03. Parallel Testing (Testing)\\TS -PT PART 3\\14.02 Dreyers Support Action (Ongoing _ Completed ref) - PART 2\\20220609_181057\\1654796941011.png, D:\\Projet Test Auto\\Mediabox Test Automation\\Reports\\20220609_181011\\03. Parallel Testing (Testing)\\TS -PT PART 3\\14.02 Dreyers Support Action (Ongoing _ Completed ref) - PART 2\\20220609_181057\\1654796960963.png, D:\\Projet Test Auto\\Mediabox Test Automation\\Reports\\20220609_181011\\03. Parallel Testing (Testing)\\TS -PT PART 3\\14.02 Dreyers Support Action (Ongoing _ Completed ref) - PART 2\\20220609_181057\\1654796976594.png, D:\\Projet Test Auto\\Mediabox Test Automation\\Reports\\20220609_181011\\03. Parallel Testing (Testing)\\TS -PT PART 3\\14.02 Dreyers Support Action (Ongoing _ Completed ref) - PART 2\\20220609_181057\\1654796988662.png, D:\\Projet Test Auto\\Mediabox Test Automation\\Reports\\20220609_181011\\03. Parallel Testing (Testing)\\TS -PT PART 3\\14.02 Dreyers Support Action (Ongoing _ Completed ref) - PART 2\\20220609_181057\\1654797011334.png, D:\\Projet Test Auto\\Mediabox Test Automation\\Reports\\20220609_181011\\03. Parallel Testing (Testing)\\TS -PT PART 3\\14.02 Dreyers Support Action (Ongoing _ Completed ref) - PART 2\\20220609_181057\\1654797051092.png, D:\\Projet Test Auto\\Mediabox Test Automation\\Reports\\20220609_181011\\03. Parallel Testing (Testing)\\TS -PT PART 3\\14.02 Dreyers Support Action (Ongoing _ Completed ref) - PART 2\\20220609_181057\\1654797068783.png, D:\\Projet Test Auto\\Mediabox Test Automation\\Reports\\20220609_181011\\03. Parallel Testing (Testing)\\TS -PT PART 3\\14.02 Dreyers Support Action (Ongoing _ Completed ref) - PART 2\\20220609_181057\\1654797117126.png, D:\\Projet Test Auto\\Mediabox Test Automation\\Reports\\20220609_181011\\03. Parallel Testing (Testing)\\TS -PT PART 3\\14.02 Dreyers Support Action (Ongoing _ Completed ref) - PART 2\\20220609_181057\\1654797160214.png, D:\\Projet Test Auto\\Mediabox Test Automation\\Reports\\20220609_181011\\03. Parallel Testing (Testing)\\TS -PT PART 3\\14.02 Dreyers Support Action (Ongoing _ Completed ref) - PART 2\\20220609_181057\\1654797181014.png, D:\\Projet Test Auto\\Mediabox Test Automation\\Reports\\20220609_181011\\03. Parallel Testing (Testing)\\TS -PT PART 3\\14.02 Dreyers Support Action (Ongoing _ Completed ref) - PART 2\\20220609_181057\\1654797182032.png, D:\\Projet Test Auto\\Mediabox Test Automation\\Reports\\20220609_181011\\03. Parallel Testing (Testing)\\TS -PT PART 3\\14.02 Dreyers Support Action (Ongoing _ Completed ref) - PART 2\\20220609_181057\\1654797184618.png, D:\\Projet Test Auto\\Mediabox Test Automation\\Reports\\20220609_181011\\03. Parallel Testing (Testing)\\TS -PT PART 3\\14.02 Dreyers Support Action (Ongoing _ Completed ref) - PART 2\\20220609_181057\\1654797187870.png, D:\\Projet Test Auto\\Mediabox Test Automation\\Reports\\20220609_181011\\03. Parallel Testing (Testing)\\TS -PT PART 3\\14.02 Dreyers Support Action (Ongoing _ Completed ref) - PART 2\\20220609_181057\\1654797190879.png, D:\\Projet Test Auto\\Mediabox Test Automation\\Reports\\20220609_181011\\03. Parallel Testing (Testing)\\TS -PT PART 3\\14.02 Dreyers Support Action (Ongoing _ Completed ref) - PART 2\\20220609_181057\\1654797257307.png, D:\\Projet Test Auto\\Mediabox Test Automation\\Reports\\20220609_181011\\03. Parallel Testing (Testing)\\TS -PT PART 3\\14.02 Dreyers Support Action (Ongoing _ Completed ref) - PART 2\\20220609_181057\\1654797279279.png, D:\\Projet Test Auto\\Mediabox Test Automation\\Reports\\20220609_181011\\03. Parallel Testing (Testing)\\TS -PT PART 3\\14.02 Dreyers Support Action (Ongoing _ Completed ref) - PART 2\\20220609_181057\\1654797346818.png, D:\\Projet Test Auto\\Mediabox Test Automation\\Reports\\20220609_181011\\03. Parallel Testing (Testing)\\TS -PT PART 3\\14.02 Dreyers Support Action (Ongoing _ Completed ref) - PART 2\\20220609_181057\\1654797362072.png, D:\\Projet Test Auto\\Mediabox Test Automation\\Reports\\20220609_181011\\03. Parallel Testing (Testing)\\TS -PT PART 3\\14.02 Dreyers Support Action (Ongoing _ Completed ref) - PART 2\\20220609_181057\\1654797408720.png, D:\\Projet Test Auto\\Mediabox Test Automation\\Reports\\20220609_181011\\03. Parallel Testing (Testing)\\TS -PT PART 3\\14.02 Dreyers Support Action (Ongoing _ Completed ref) - PART 2\\20220609_181057\\1654797416517.png, D:\\Projet Test Auto\\Mediabox Test Automation\\Reports\\20220609_181011\\03. Parallel Testing (Testing)\\TS -PT PART 3\\14.02 Dreyers Support Action (Ongoing _ Completed ref) - PART 2\\20220609_181057\\1654797422348.png, D:\\Projet Test Auto\\Mediabox Test Automation\\Reports\\20220609_181011\\03. Parallel Testing (Testing)\\TS -PT PART 3\\14.02 Dreyers Support Action (Ongoing _ Completed ref) - PART 2\\20220609_181057\\1654797432301.png, D:\\Projet Test Auto\\Mediabox Test Automation\\Reports\\20220609_181011\\03. Parallel Testing (Testing)\\TS -PT PART 3\\14.02 Dreyers Support Action (Ongoing _ Completed ref) - PART 2\\20220609_181057\\1654797452367.png, D:\\Projet Test Auto\\Mediabox Test Automation\\Reports\\20220609_181011\\03. Parallel Testing (Testing)\\TS -PT PART 3\\14.02 Dreyers Support Action (Ongoing _ Completed ref) - PART 2\\20220609_181057\\1654797460455.png, D:\\Projet Test Auto\\Mediabox Test Automation\\Reports\\20220609_181011\\03. Parallel Testing (Testing)\\TS -PT PART 3\\14.02 Dreyers Support Action (Ongoing _ Completed ref) - PART 2\\20220609_181057\\1654797463100.png, D:\\Projet Test Auto\\Mediabox Test Automation\\Reports\\20220609_181011\\03. Parallel Testing (Testing)\\TS -PT PART 3\\14.02 Dreyers Support Action (Ongoing _ Completed ref) - PART 2\\20220609_181057\\1654797468706.png, D:\\Projet Test Auto\\Mediabox Test Automation\\Reports\\20220609_181011\\03. Parallel Testing (Testing)\\TS -PT PART 3\\14.02 Dreyers Support Action (Ongoing _ Completed ref) - PART 2\\20220609_181057\\1654797505070.png, D:\\Projet Test Auto\\Mediabox Test Automation\\Reports\\20220609_181011\\03. Parallel Testing (Testing)\\TS -PT PART 3\\14.02 Dreyers Support Action (Ongoing _ Completed ref) - PART 2\\20220609_181057\\1654797521918.png, D:\\Projet Test Auto\\Mediabox Test Automation\\Reports\\20220609_181011\\03. Parallel Testing (Testing)\\TS -PT PART 3\\14.02 Dreyers Support Action (Ongoing _ Completed ref) - PART 2\\20220609_181057\\1654797563992.png, D:\\Projet Test Auto\\Mediabox Test Automation\\Reports\\20220609_181011\\03. Parallel Testing (Testing)\\TS -PT PART 3\\14.02 Dreyers Support Action (Ongoing _ Completed ref) - PART 2\\20220609_181057\\1654797580775.png, D:\\Projet Test Auto\\Mediabox Test Automation\\Reports\\20220609_181011\\03. Parallel Testing (Testing)\\TS -PT PART 3\\14.02 Dreyers Support Action (Ongoing _ Completed ref) - PART 2\\20220609_181057\\1654797593462.png, D:\\Projet Test Auto\\Mediabox Test Automation\\Reports\\20220609_181011\\03. Parallel Testing (Testing)\\TS -PT PART 3\\14.02 Dreyers Support Action (Ongoing _ Completed ref) - PART 2\\20220609_181057\\1654797633681.png, D:\\Projet Test Auto\\Mediabox Test Automation\\Reports\\20220609_181011\\03. Parallel Testing (Testing)\\TS -PT PART 3\\14.02 Dreyers Support Action (Ongoing _ Completed ref) - PART 2\\20220609_181057\\1654797642377.png, D:\\Projet Test Auto\\Mediabox Test Automation\\Reports\\20220609_181011\\03. Parallel Testing (Testing)\\TS -PT PART 3\\14.02 Dreyers Support Action (Ongoing _ Completed ref) - PART 2\\20220609_181057\\1654797649162.png, D:\\Projet Test Auto\\Mediabox Test Automation\\Reports\\20220609_181011\\03. Parallel Testing (Testing)\\TS -PT PART 3\\14.02 Dreyers Support Action (Ongoing _ Completed ref) - PART 2\\20220609_181057\\1654797672511.png, D:\\Projet Test Auto\\Mediabox Test Automation\\Reports\\20220609_181011\\03. Parallel Testing (Testing)\\TS -PT PART 3\\14.02 Dreyers Support Action (Ongoing _ Completed ref) - PART 2\\20220609_181057\\1654797674559.png, D:\\Projet Test Auto\\Mediabox Test Automation\\Reports\\20220609_181011\\03. Parallel Testing (Testing)\\TS -PT PART 3\\14.02 Dreyers Support Action (Ongoing _ Completed ref) - PART 2\\20220609_181057\\1654797676330.png, D:\\Projet Test Auto\\Mediabox Test Automation\\Reports\\20220609_181011\\03. Parallel Testing (Testing)\\TS -PT PART 3\\14.02 Dreyers Support Action (Ongoing _ Completed ref) - PART 2\\20220609_181057\\1654797682301.png, D:\\Projet Test Auto\\Mediabox Test Automation\\Reports\\20220609_181011\\03. Parallel Testing (Testing)\\TS -PT PART 3\\14.02 Dreyers Support Action (Ongoing _ Completed ref) - PART 2\\20220609_181057\\1654797683912.png, D:\\Projet Test Auto\\Mediabox Test Automation\\Reports\\20220609_181011\\03. Parallel Testing (Testing)\\TS -PT PART 3\\14.02 Dreyers Support Action (Ongoing _ Completed ref) - PART 2\\20220609_181057\\1654797740582.png, D:\\Projet Test Auto\\Mediabox Test Automation\\Reports\\20220609_181011\\03. Parallel Testing (Testing)\\TS -PT PART 3\\14.02 Dreyers Support Action (Ongoing _ Completed ref) - PART 2\\20220609_181057\\1654797795710.png, D:\\Projet Test Auto\\Mediabox Test Automation\\Reports\\20220609_181011\\03. Parallel Testing (Testing)\\TS -PT PART 3\\14.02 Dreyers Support Action (Ongoing _ Completed ref) - PART 2\\20220609_181057\\1654797808601.png, D:\\Projet Test Auto\\Mediabox Test Automation\\Reports\\20220609_181011\\03. Parallel Testing (Testing)\\TS -PT PART 3\\14.02 Dreyers Support Action (Ongoing _ Completed ref) - PART 2\\20220609_181057\\1654797857197.png, D:\\Projet Test Auto\\Mediabox Test Automation\\Reports\\20220609_181011\\03. Parallel Testing (Testing)\\TS -PT PART 3\\14.02 Dreyers Support Action (Ongoing _ Completed ref) - PART 2\\20220609_181057\\1654797865764.png, D:\\Projet Test Auto\\Mediabox Test Automation\\Reports\\20220609_181011\\03. Parallel Testing (Testing)\\TS -PT PART 3\\14.02 Dreyers Support Action (Ongoing _ Completed ref) - PART 2\\20220609_181057\\1654797870590.png, D:\\Projet Test Auto\\Mediabox Test Automation\\Reports\\20220609_181011\\03. Parallel Testing (Testing)\\TS -PT PART 3\\14.02 Dreyers Support Action (Ongoing _ Completed ref) - PART 2\\20220609_181057\\1654797897568.png, D:\\Projet Test Auto\\Mediabox Test Automation\\Reports\\20220609_181011\\03. Parallel Testing (Testing)\\TS -PT PART 3\\14.02 Dreyers Support Action (Ongoing _ Completed ref) - PART 2\\20220609_181057\\1654797953681.png, D:\\Projet Test Auto\\Mediabox Test Automation\\Reports\\20220609_181011\\03. Parallel Testing (Testing)\\TS -PT PART 3\\14.02 Dreyers Support Action (Ongoing _ Completed ref) - PART 2\\20220609_181057\\1654797979087.png, D:\\Projet Test Auto\\Mediabox Test Automation\\Reports\\20220609_181011\\03. Parallel Testing (Testing)\\TS -PT PART 3\\14.02 Dreyers Support Action (Ongoing _ Completed ref) - PART 2\\20220609_181057\\1654797990006.png, D:\\Projet Test Auto\\Mediabox Test Automation\\Reports\\20220609_181011\\03. Parallel Testing (Testing)\\TS -PT PART 3\\14.02 Dreyers Support Action (Ongoing _ Completed ref) - PART 2\\20220609_181057\\1654798030623.png, D:\\Projet Test Auto\\Mediabox Test Automation\\Reports\\20220609_181011\\03. Parallel Testing (Testing)\\TS -PT PART 3\\14.02 Dreyers Support Action (Ongoing _ Completed ref) - PART 2\\20220609_181057\\1654798036927.png, D:\\Projet Test Auto\\Mediabox Test Automation\\Reports\\20220609_181011\\03. Parallel Testing (Testing)\\TS -PT PART 3\\14.02 Dreyers Support Action (Ongoing _ Completed ref) - PART 2\\20220609_181057\\1654798098791.png, D:\\Projet Test Auto\\Mediabox Test Automation\\Reports\\20220609_181011\\03. Parallel Testing (Testing)\\TS -PT PART 3\\14.02 Dreyers Support Action (Ongoing _ Completed ref) - PART 2\\20220609_181057\\1654798175001.png, D:\\Projet Test Auto\\Mediabox Test Automation\\Reports\\20220609_181011\\03. Parallel Testing (Testing)\\TS -PT PART 3\\14.02 Dreyers Support Action (Ongoing _ Completed ref) - PART 2\\20220609_181057\\1654798181661.png, D:\\Projet Test Auto\\Mediabox Test Automation\\Reports\\20220609_181011\\03. Parallel Testing (Testing)\\TS -PT PART 3\\14.02 Dreyers Support Action (Ongoing _ Completed ref) - PART 2\\20220609_181057\\1654798186861.png, D:\\Projet Test Auto\\Mediabox Test Automation\\Reports\\20220609_181011\\03. Parallel Testing (Testing)\\TS -PT PART 3\\14.02 Dreyers Support Action (Ongoing _ Completed ref) - PART 2\\20220609_181057\\1654798208510.png, D:\\Projet Test Auto\\Mediabox Test Automation\\Reports\\20220609_181011\\03. Parallel Testing (Testing)\\TS -PT PART 3\\14.02 Dreyers Support Action (Ongoing _ Completed ref) - PART 2\\20220609_181057\\1654798243525.png, D:\\Projet Test Auto\\Mediabox Test Automation\\Reports\\20220609_181011\\03. Parallel Testing (Testing)\\TS -PT PART 3\\14.02 Dreyers Support Action (Ongoing _ Completed ref) - PART 2\\20220609_181057\\1654798269535.png, D:\\Projet Test Auto\\Mediabox Test Automation\\Reports\\20220609_181011\\03. Parallel Testing (Testing)\\TS -PT PART 3\\14.02 Dreyers Support Action (Ongoing _ Completed ref) - PART 2\\20220609_181057\\1654798271886.png, D:\\Projet Test Auto\\Mediabox Test Automation\\Reports\\20220609_181011\\03. Parallel Testing (Testing)\\TS -PT PART 3\\14.02 Dreyers Support Action (Ongoing _ Completed ref) - PART 2\\20220609_181057\\1654798291576.png, D:\\Projet Test Auto\\Mediabox Test Automation\\Reports\\20220609_181011\\03. Parallel Testing (Testing)\\TS -PT PART 3\\14.02 Dreyers Support Action (Ongoing _ Completed ref) - PART 2\\20220609_181057\\1654798294418.png, D:\\Projet Test Auto\\Mediabox Test Automation\\Reports\\20220609_181011\\03. Parallel Testing (Testing)\\TS -PT PART 3\\14.02 Dreyers Support Action (Ongoing _ Completed ref) - PART 2\\20220609_181057\\1654798304057.png, D:\\Projet Test Auto\\Mediabox Test Automation\\Reports\\20220609_181011\\03. Parallel Testing (Testing)\\TS -PT PART 3\\14.02 Dreyers Support Action (Ongoing _ Completed ref) - PART 2\\20220609_181057\\1654798363313.png"/>
         <property name="hostName" value="lamhe - DPF-MBI-VERIF.ad.sgsco.int"/>
         <property name="os" value="Windows 10 64bit"/>
         <property name="katalonVersion" value="8.3.0.208"/>
         <property name="browser" value="Chrome 102.0.5005.63"/>
         <property name="hostAddress" value="10.15.10.53"/>
         <property name="sessionId" value="5793535e286b32d658081919270f9438"/>
         <property name="seleniumVersion" value="3.141.59"/>
         <property name="proxyInformation" value="ProxyInformation { proxyOption=NO_PROXY, proxyServerType=HTTP, username=, password=********, proxyServerAddress=, proxyServerPort=0, executionList=&quot;&quot;, isApplyToDesiredCapabilities=true }"/>
         <property name="platform" value="Windows 10"/>
      </properties>
      <testcase name="Test Cases/19. Dreyers Support Action (Ongoing ref_completed)/19.04 Dreyers SAS Add Step (Ongoing ref) S7 - P4 (will be used in P15)" time="860.1" classname="Test Cases/19. Dreyers Support Action (Ongoing ref_completed)/19.04 Dreyers SAS Add Step (Ongoing ref) S7 - P4 (will be used in P15)" status="PASSED">
         <system-out><![CDATA[2022-06-09 19:37:38 - [TEST_CASE][PASSED] - Test Cases/19. Dreyers Support Action (Ongoing ref_completed)/19.04 Dreyers SAS Add Step (Ongoing ref) S7 - P4 (will be used in P15): Test Cases/19. Dreyers Support Action (Ongoing ref_completed)/19.04 Dreyers SAS Add Step (Ongoing ref) S7 - P4 (will be used in P15)

2022-06-09 19:37:40 - [TEST_STEP][PASSED] - data_Dreyers = findTestData("Data Files/Username_Password/Dreyer"): null

2022-06-09 19:37:40 - [TEST_STEP][PASSED] - password_suser = data_Dreyers.getValue(2, 1): null

2022-06-09 19:37:40 - [TEST_STEP][PASSED] - password_blemco = data_Dreyers.getValue(2, 2): null

2022-06-09 19:37:40 - [TEST_STEP][PASSED] - password_nturner = data_Dreyers.getValue(2, 6): null

2022-06-09 19:37:40 - [TEST_STEP][PASSED] - password_talexeeva = data_Dreyers.getValue(2, 7): null

2022-06-09 19:37:40 - [TEST_STEP][PASSED] - password_jryan = data_Dreyers.getValue(2, 12): null

2022-06-09 19:37:40 - [TEST_STEP][PASSED] - password_lmary = data_Dreyers.getValue(2, 13): null

2022-06-09 19:37:40 - [TEST_STEP][PASSED] - data_urlRELAUTO = findTestData("Data Files/URL/URL_relauto"): null

2022-06-09 19:37:40 - [TEST_STEP][PASSED] - Url_Dreyer = data_urlRELAUTO.getValue(2, 4): null

2022-06-09 19:37:40 - [TEST_STEP][PASSED] - Project_No = I.readnotepad("D:\Upoad_File\Projet_ Login\Dreyers\19.1\19.1_Dreyers_ProjectNo.txt"): null

2022-06-09 19:37:40 - [TEST_STEP][PASSED] - refID = I.readnotepad("D:\Upoad_File\Projet_ Login\Dreyers\19.1\19.1_Dreyers_refID.txt"): null

2022-06-09 19:37:40 - [TEST_STEP][PASSED] - I.clearnotepad("D:\Upoad_File\Projet_ Login\Dreyers\19.1\19.4_Dreyers_refID4.txt"): null

2022-06-09 19:37:40 - [TEST_STEP][PASSED] - openBrowser(Url_Dreyer): Browser is opened with url: 'http://mdb-release.diadeis.lan/MediaboxIndependence/?MBI_datasource=RELTESTAUTO_DREYERS'

2022-06-09 19:37:41 - [MESSAGE][INFO] - Starting 'Chrome (headless)' driver

2022-06-09 19:37:41 - [MESSAGE][INFO] - User set preference: ['args', '[--window-size=1920,1080, --headless]']

2022-06-09 19:37:42 - [MESSAGE][INFO] - Action delay is set to 0 milliseconds

2022-06-09 19:37:55 - [MESSAGE][PASSED] - Browser is opened with url: 'http://mdb-release.diadeis.lan/MediaboxIndependence/?MBI_datasource=RELTESTAUTO_DREYERS'

2022-06-09 19:37:55 - [TEST_STEP][PASSED] - maximizeWindow(): Current window maximized

2022-06-09 19:37:55 - [MESSAGE][PASSED] - Current window maximized

2022-06-09 19:37:55 - [TEST_STEP][PASSED] - I.Login_password("suser", password_suser): Object: 'Object Repository/1. Constant/xpath' is clicked on

2022-06-09 19:37:56 - [MESSAGE][PASSED] - Text 'suser' is set on object 'Object Repository/1. Constant/xpath'

2022-06-09 19:37:57 - [MESSAGE][PASSED] - Delayed 1 second(s)

2022-06-09 19:37:59 - [MESSAGE][PASSED] - Text 'diadeis' is set on object 'Object Repository/1. Constant/xpath'

2022-06-09 19:38:00 - [MESSAGE][PASSED] - Delayed 1 second(s)

2022-06-09 19:38:12 - [MESSAGE][PASSED] - Object: 'Object Repository/1. Constant/xpath' is clicked on

2022-06-09 19:38:12 - [TEST_STEP][PASSED] - click(findTestObject("1. Constant/02_LHSMenu_Projects")): Object: 'Object Repository/1. Constant/02_LHSMenu_Projects' is clicked on

2022-06-09 19:38:15 - [MESSAGE][PASSED] - Object: 'Object Repository/1. Constant/02_LHSMenu_Projects' is clicked on

2022-06-09 19:38:15 - [TEST_STEP][PASSED] - I.SearchProjectNo_xpath(Project_No, "//*[@id="keynum_project"]", "//*[@id="form_filters"]/div[4]/button"): Delayed 5 second(s)

2022-06-09 19:38:16 - [MESSAGE][PASSED] - Delayed 1 second(s)

2022-06-09 19:38:16 - [MESSAGE][PASSED] - Text 'MI000876' is set on object 'Object Repository/1. Constant/xpath'

2022-06-09 19:38:19 - [MESSAGE][PASSED] - Delayed 3 second(s)

2022-06-09 19:38:20 - [MESSAGE][PASSED] - Scroll to object 'Object Repository/1. Constant/xpath' successfully

2022-06-09 19:38:24 - [MESSAGE][PASSED] - Object: 'Object Repository/1. Constant/xpath' is clicked on

2022-06-09 19:38:29 - [MESSAGE][PASSED] - Delayed 5 second(s)

2022-06-09 19:38:29 - [TEST_STEP][PASSED] - takeScreenshot(): Taking screenshot successfully

2022-06-09 19:38:30 - [MESSAGE][PASSED] - Taking screenshot successfully
[[ATTACHMENT|D:\\Projet Test Auto\\Mediabox Test Automation\\Reports\\20220609_181011\\03. Parallel Testing (Testing)\\TS -PT PART 3\\14.02 Dreyers Support Action (Ongoing _ Completed ref) - PART 2\\20220609_181057\\1654796310096.png]]

2022-06-09 19:38:30 - [TEST_STEP][PASSED] - click(findTestObject("1. Constant/xpath", ["xpath":"//*[@id="create_ref_btn"]/button"])): Object: 'Object Repository/1. Constant/xpath' is clicked on

2022-06-09 19:38:31 - [MESSAGE][PASSED] - Object: 'Object Repository/1. Constant/xpath' is clicked on

2022-06-09 19:38:31 - [TEST_STEP][PASSED] - click(findTestObject("1. Constant/xpath", ["xpath":"//*[@id="create_ref_btn"]/div/a"])): Object: 'Object Repository/1. Constant/xpath' is clicked on

2022-06-09 19:38:33 - [MESSAGE][PASSED] - Object: 'Object Repository/1. Constant/xpath' is clicked on

2022-06-09 19:38:33 - [TEST_STEP][PASSED] - delay(1): Delayed 1 second(s)

2022-06-09 19:38:34 - [MESSAGE][PASSED] - Delayed 1 second(s)

2022-06-09 19:38:34 - [TEST_STEP][PASSED] - selectOptionByValue(findTestObject("1. Constant/xpath", ["xpath":"//*[@id="lfc_tpl"]"]), "36", false): All options with value '36' are selected in object 'Object Repository/1. Constant/xpath' 

2022-06-09 19:38:35 - [MESSAGE][PASSED] - All options with value '36' are selected in object 'Object Repository/1. Constant/xpath' 

2022-06-09 19:38:35 - [TEST_STEP][PASSED] - ref_name = "P4_Auto_SAS_S7_" + RandomStringUtils.randomAlphanumeric(5) + I.gettimedate(): null

2022-06-09 19:38:35 - [TEST_STEP][PASSED] - delay(1): Delayed 1 second(s)

2022-06-09 19:38:36 - [MESSAGE][PASSED] - Delayed 1 second(s)

2022-06-09 19:38:36 - [TEST_STEP][PASSED] - setText(findTestObject("1. Constant/xpath", ["xpath":"//*[@id="var_name"]"]), ref_name): Text 'P4_Auto_SAS_S7_El3asjuin092022_193835' is set on object 'Object Repository/1. Constant/xpath'

2022-06-09 19:38:36 - [MESSAGE][PASSED] - Text 'P4_Auto_SAS_S7_El3asjuin092022_193835' is set on object 'Object Repository/1. Constant/xpath'

2022-06-09 19:38:36 - [TEST_STEP][PASSED] - takeScreenshot(): Taking screenshot successfully

2022-06-09 19:38:37 - [MESSAGE][PASSED] - Taking screenshot successfully
[[ATTACHMENT|D:\\Projet Test Auto\\Mediabox Test Automation\\Reports\\20220609_181011\\03. Parallel Testing (Testing)\\TS -PT PART 3\\14.02 Dreyers Support Action (Ongoing _ Completed ref) - PART 2\\20220609_181057\\1654796316960.png]]

2022-06-09 19:38:37 - [TEST_STEP][PASSED] - click(findTestObject("1. Constant/xpath", ["xpath":"//*[@id="createRefBottom"]"])): Object: 'Object Repository/1. Constant/xpath' is clicked on

2022-06-09 19:38:39 - [MESSAGE][PASSED] - Object: 'Object Repository/1. Constant/xpath' is clicked on

2022-06-09 19:38:39 - [TEST_STEP][PASSED] - delay(1): Delayed 1 second(s)

2022-06-09 19:38:40 - [MESSAGE][PASSED] - Delayed 1 second(s)

2022-06-09 19:38:40 - [TEST_STEP][PASSED] - takeScreenshot(): Taking screenshot successfully

2022-06-09 19:38:41 - [MESSAGE][PASSED] - Taking screenshot successfully
[[ATTACHMENT|D:\\Projet Test Auto\\Mediabox Test Automation\\Reports\\20220609_181011\\03. Parallel Testing (Testing)\\TS -PT PART 3\\14.02 Dreyers Support Action (Ongoing _ Completed ref) - PART 2\\20220609_181057\\1654796320977.png]]

2022-06-09 19:38:41 - [TEST_STEP][PASSED] - refID4 = I.RefID(): Current window's url is: 'http://mdb-release.diadeis.lan/MediaboxIndependence/Base/ExecAction?IDSession=MBI%21RELTESTAUTO_DREYERS%21H38HV247SI7BBCQUYGUXVIXUF4Z3R4L3ICLBKG20&default_action=ModifierRef&id_project=MI000876&id_ref=5266&action_from=create_ref'

2022-06-09 19:38:46 - [MESSAGE][PASSED] - Delayed 5 second(s)

2022-06-09 19:38:46 - [MESSAGE][PASSED] - Current window's url is: 'http://mdb-release.diadeis.lan/MediaboxIndependence/Base/ExecAction?IDSession=MBI%21RELTESTAUTO_DREYERS%21H38HV247SI7BBCQUYGUXVIXUF4Z3R4L3ICLBKG20&default_action=ModifierRef&id_project=MI000876&id_ref=5266&action_from=create_ref'

2022-06-09 19:38:46 - [TEST_STEP][PASSED] - click(findTestObject("1. Constant/xpath", ["xpath":"//*[@id="type_save"]"])): Object: 'Object Repository/1. Constant/xpath' is clicked on

2022-06-09 19:38:50 - [MESSAGE][PASSED] - Object: 'Object Repository/1. Constant/xpath' is clicked on

2022-06-09 19:38:50 - [TEST_STEP][PASSED] - takeScreenshot(): Taking screenshot successfully

2022-06-09 19:38:51 - [MESSAGE][PASSED] - Taking screenshot successfully
[[ATTACHMENT|D:\\Projet Test Auto\\Mediabox Test Automation\\Reports\\20220609_181011\\03. Parallel Testing (Testing)\\TS -PT PART 3\\14.02 Dreyers Support Action (Ongoing _ Completed ref) - PART 2\\20220609_181057\\1654796330955.png]]

2022-06-09 19:38:51 - [TEST_STEP][PASSED] - delay(1): Delayed 1 second(s)

2022-06-09 19:38:52 - [MESSAGE][PASSED] - Delayed 1 second(s)

2022-06-09 19:38:52 - [TEST_STEP][PASSED] - I.SearchRefNo_xpath("P4_Auto", "//*[@id="fiche_filter_keywords11"]", "//*[@id="form_filters"]/div[3]/button"): Delayed 5 second(s)

2022-06-09 19:38:53 - [MESSAGE][PASSED] - Delayed 1 second(s)

2022-06-09 19:38:53 - [MESSAGE][PASSED] - Text 'P4_Auto' is set on object 'Object Repository/1. Constant/xpath'

2022-06-09 19:38:56 - [MESSAGE][PASSED] - Delayed 3 second(s)

2022-06-09 19:38:56 - [MESSAGE][PASSED] - Scroll to object 'Object Repository/1. Constant/xpath' successfully

2022-06-09 19:38:59 - [MESSAGE][PASSED] - Object: 'Object Repository/1. Constant/xpath' is clicked on

2022-06-09 19:39:04 - [MESSAGE][PASSED] - Delayed 5 second(s)

2022-06-09 19:39:04 - [TEST_STEP][PASSED] - click(findTestObject("1. Constant/xpath", ["xpath":"//*[@id="source_" + refID4 + ""]/td[14]/a[3]"])): Object: 'Object Repository/1. Constant/xpath' is clicked on

2022-06-09 19:39:06 - [MESSAGE][PASSED] - Object: 'Object Repository/1. Constant/xpath' is clicked on

2022-06-09 19:39:06 - [TEST_STEP][PASSED] - click(findTestObject("1. Constant/xpath", ["xpath":"//*[@id="ModifFiche"]/div[1]/div/button[2]"])): Object: 'Object Repository/1. Constant/xpath' is clicked on

2022-06-09 19:39:12 - [MESSAGE][PASSED] - Object: 'Object Repository/1. Constant/xpath' is clicked on

2022-06-09 19:39:12 - [TEST_STEP][PASSED] - takeScreenshot(): Taking screenshot successfully

2022-06-09 19:39:13 - [MESSAGE][PASSED] - Taking screenshot successfully
[[ATTACHMENT|D:\\Projet Test Auto\\Mediabox Test Automation\\Reports\\20220609_181011\\03. Parallel Testing (Testing)\\TS -PT PART 3\\14.02 Dreyers Support Action (Ongoing _ Completed ref) - PART 2\\20220609_181057\\1654796352815.png]]

2022-06-09 19:39:13 - [TEST_STEP][PASSED] - click(findTestObject("1. Constant/xpath", ["xpath":"//*[@id="source_" + refID4 + ""]/td[14]/a[3]"])): Object: 'Object Repository/1. Constant/xpath' is clicked on

2022-06-09 19:39:15 - [MESSAGE][PASSED] - Object: 'Object Repository/1. Constant/xpath' is clicked on

2022-06-09 19:39:15 - [TEST_STEP][PASSED] - click(findTestObject("1. Constant/xpath", ["xpath":"//*[@id="ModifFiche"]/div[1]/div/button[2]"])): Object: 'Object Repository/1. Constant/xpath' is clicked on

2022-06-09 19:39:19 - [MESSAGE][PASSED] - Object: 'Object Repository/1. Constant/xpath' is clicked on

2022-06-09 19:39:19 - [TEST_STEP][PASSED] - takeScreenshot(): Taking screenshot successfully

2022-06-09 19:39:20 - [MESSAGE][PASSED] - Taking screenshot successfully
[[ATTACHMENT|D:\\Projet Test Auto\\Mediabox Test Automation\\Reports\\20220609_181011\\03. Parallel Testing (Testing)\\TS -PT PART 3\\14.02 Dreyers Support Action (Ongoing _ Completed ref) - PART 2\\20220609_181057\\1654796359752.png]]

2022-06-09 19:39:20 - [TEST_STEP][PASSED] - delay(1): Delayed 1 second(s)

2022-06-09 19:39:21 - [MESSAGE][PASSED] - Delayed 1 second(s)

2022-06-09 19:39:21 - [TEST_STEP][PASSED] - color1 = getCSSValue(findTestObject("1. Constant/xpath", ["xpath":"//*[@id="source_" + refID4 + ""]/td[14]/a[2]"]), "color", OPTIONAL): Get CSS 'color' value on 'Object Repository/1. Constant/xpath' successfully: 'rgba(255, 255, 255, 1)'.

2022-06-09 19:39:21 - [MESSAGE][PASSED] - Get CSS 'color' value on 'Object Repository/1. Constant/xpath' successfully: 'rgba(255, 255, 255, 1)'.

2022-06-09 19:39:21 - [TEST_STEP][PASSED] - I.print(color1): null

2022-06-09 19:39:21 - [TEST_STEP][PASSED] - while (color1 == "rgba(255, 255, 255, 1)"): Get CSS 'color' value on 'Object Repository/1. Constant/xpath' successfully: 'rgba(54, 153, 255, 1)'.

2022-06-09 19:39:21 - [TEST_STEP][PASSED] - click(findTestObject("1. Constant/xpath", ["xpath":"//*[@id="source_" + refID4 + ""]/td[14]/a[2]"])): Object: 'Object Repository/1. Constant/xpath' is clicked on

2022-06-09 19:39:24 - [MESSAGE][PASSED] - Object: 'Object Repository/1. Constant/xpath' is clicked on

2022-06-09 19:39:24 - [TEST_STEP][PASSED] - I.UploadDoc_sendkey_Prod(findTestObject("1. Constant/xpath", ["xpath":"//*[@id="kt_body"]/input[2]"]), "D:\Upoad_File\Upload doc\testdata1.pdf", "testdata1"): Delayed 5 second(s)

2022-06-09 19:39:25 - [MESSAGE][PASSED] - Scroll to object 'Object Repository/1. Constant/xpath' successfully

2022-06-09 19:39:30 - [MESSAGE][PASSED] - Delayed 5 second(s)

2022-06-09 19:39:30 - [MESSAGE][PASSED] - File 'D:\Upoad_File\Upload doc\testdata1.pdf' sent to object: 'Object Repository/1. Constant/xpath'

2022-06-09 19:39:35 - [MESSAGE][PASSED] - Delayed 5 second(s)

2022-06-09 19:39:35 - [MESSAGE][PASSED] - Text 'testdata1' is present on page 

2022-06-09 19:39:40 - [MESSAGE][PASSED] - Delayed 5 second(s)

2022-06-09 19:39:45 - [MESSAGE][PASSED] - Delayed 5 second(s)

2022-06-09 19:39:45 - [TEST_STEP][PASSED] - takeScreenshot(): Taking screenshot successfully

2022-06-09 19:39:46 - [MESSAGE][PASSED] - Taking screenshot successfully
[[ATTACHMENT|D:\\Projet Test Auto\\Mediabox Test Automation\\Reports\\20220609_181011\\03. Parallel Testing (Testing)\\TS -PT PART 3\\14.02 Dreyers Support Action (Ongoing _ Completed ref) - PART 2\\20220609_181057\\1654796385734.png]]

2022-06-09 19:39:46 - [TEST_STEP][PASSED] - delay(8): Delayed 8 second(s)

2022-06-09 19:39:54 - [MESSAGE][PASSED] - Delayed 8 second(s)

2022-06-09 19:39:54 - [TEST_STEP][PASSED] - click(findTestObject("HL Full Lifecycle/12 ReferncePage_Button_Updatensenddoc")): Object: 'Object Repository/HL Full Lifecycle/12 ReferncePage_Button_Updatensenddoc' is clicked on

2022-06-09 19:40:00 - [MESSAGE][PASSED] - Object: 'Object Repository/HL Full Lifecycle/12 ReferncePage_Button_Updatensenddoc' is clicked on

2022-06-09 19:40:00 - [TEST_STEP][PASSED] - delay(5): Delayed 5 second(s)

2022-06-09 19:40:05 - [MESSAGE][PASSED] - Delayed 5 second(s)

2022-06-09 19:40:05 - [TEST_STEP][PASSED] - color1 = getCSSValue(findTestObject("1. Constant/xpath", ["xpath":"//*[@id="source_" + refID4 + ""]/td[14]/a[2]"]), "color", OPTIONAL): Get CSS 'color' value on 'Object Repository/1. Constant/xpath' successfully: 'rgba(54, 153, 255, 1)'.

2022-06-09 19:40:07 - [MESSAGE][PASSED] - Get CSS 'color' value on 'Object Repository/1. Constant/xpath' successfully: 'rgba(54, 153, 255, 1)'.

2022-06-09 19:40:07 - [TEST_STEP][PASSED] - takeScreenshot(): Taking screenshot successfully

2022-06-09 19:40:07 - [MESSAGE][PASSED] - Taking screenshot successfully
[[ATTACHMENT|D:\\Projet Test Auto\\Mediabox Test Automation\\Reports\\20220609_181011\\03. Parallel Testing (Testing)\\TS -PT PART 3\\14.02 Dreyers Support Action (Ongoing _ Completed ref) - PART 2\\20220609_181057\\1654796407236.png]]

2022-06-09 19:40:07 - [TEST_STEP][PASSED] - click(findTestObject("1. Constant/xpath", ["xpath":"//*[@id="source_" + refID4 + ""]/td[6]/a"])): Object: 'Object Repository/1. Constant/xpath' is clicked on

2022-06-09 19:40:10 - [MESSAGE][PASSED] - Object: 'Object Repository/1. Constant/xpath' is clicked on

2022-06-09 19:40:10 - [TEST_STEP][PASSED] - takeScreenshot(): Taking screenshot successfully

2022-06-09 19:40:11 - [MESSAGE][PASSED] - Taking screenshot successfully
[[ATTACHMENT|D:\\Projet Test Auto\\Mediabox Test Automation\\Reports\\20220609_181011\\03. Parallel Testing (Testing)\\TS -PT PART 3\\14.02 Dreyers Support Action (Ongoing _ Completed ref) - PART 2\\20220609_181057\\1654796410783.png]]

2022-06-09 19:40:11 - [TEST_STEP][PASSED] - delay(1): Delayed 1 second(s)

2022-06-09 19:40:12 - [MESSAGE][PASSED] - Delayed 1 second(s)

2022-06-09 19:40:12 - [TEST_STEP][PASSED] - I.Approveforothers("/html/body/div[1]/div[2]/div[8]/div[3]/div/div[3]/div[2]/div/div[3]/div/div[2]/div[1]/div/div[2]/div/div[2]/div[2]/div/div/div[1]/img", "/html/body/div[1]/div[2]/div[8]/div[3]/div/div[3]/div[2]/div/div[3]/div/div[2]/div[1]/div/div[2]/div/div[2]/div[2]/div/div/div[6]/a[2]/span"): Object: 'Object Repository/1. Constant/xpath' is clicked on

2022-06-09 19:40:13 - [MESSAGE][PASSED] - Object: 'Object Repository/1. Constant/xpath' is clicked on

2022-06-09 19:40:14 - [MESSAGE][PASSED] - Delayed 1 second(s)

2022-06-09 19:40:14 - [MESSAGE][PASSED] - Object: 'Object Repository/1. Constant/xpath' is clicked on

2022-06-09 19:40:15 - [MESSAGE][PASSED] - Delayed 1 second(s)

2022-06-09 19:40:17 - [MESSAGE][PASSED] - Object: 'Object Repository/1. Constant/xpath' is hovered

2022-06-09 19:40:18 - [MESSAGE][PASSED] - Object: 'Object Repository/1. Constant/xpath' is clicked on

2022-06-09 19:40:19 - [MESSAGE][PASSED] - Delayed 1 second(s)

2022-06-09 19:40:24 - [MESSAGE][PASSED] - Object: 'Object Repository/1. Constant/xpath' is clicked on

2022-06-09 19:40:24 - [TEST_STEP][PASSED] - delay(1): Delayed 1 second(s)

2022-06-09 19:40:25 - [MESSAGE][PASSED] - Delayed 1 second(s)

2022-06-09 19:40:25 - [TEST_STEP][PASSED] - click(findTestObject("1. Constant/xpath", ["xpath":"//*[@id="kt_subheader"]/div/nav/ol/li[2]/a"])): Object: 'Object Repository/1. Constant/xpath' is clicked on

2022-06-09 19:40:28 - [MESSAGE][PASSED] - Object: 'Object Repository/1. Constant/xpath' is clicked on

2022-06-09 19:40:28 - [TEST_STEP][PASSED] - delay(1): Delayed 1 second(s)

2022-06-09 19:40:29 - [MESSAGE][PASSED] - Delayed 1 second(s)

2022-06-09 19:40:29 - [TEST_STEP][PASSED] - I.submitquesiton_ref(findTestObject("1. Constant/xpath", ["xpath":"//*[@id="source_" + refID4 + ""]/td[14]/div[1]/button"]), findTestObject("1. Constant/xpath", ["xpath":"//*[@id="source_" + refID4 + ""]/td[14]/div[1]/div/a[1]"])): Object: 'Object Repository/1. Constant/xpath' is clicked on

2022-06-09 19:40:30 - [MESSAGE][PASSED] - Object: 'Object Repository/1. Constant/xpath' is clicked on

2022-06-09 19:40:33 - [MESSAGE][PASSED] - Delayed 3 second(s)

2022-06-09 19:40:35 - [MESSAGE][PASSED] - Object: 'Object Repository/1. Constant/xpath' is clicked on

2022-06-09 19:40:35 - [TEST_STEP][PASSED] - delay(1): Delayed 1 second(s)

2022-06-09 19:40:36 - [MESSAGE][PASSED] - Delayed 1 second(s)

2022-06-09 19:40:36 - [TEST_STEP][PASSED] - click(findTestObject("1. Constant/xpath", ["xpath":"//*[@id="ModifFiche"]/div[1]/div/button[2]"])): Object: 'Object Repository/1. Constant/xpath' is clicked on

2022-06-09 19:40:42 - [MESSAGE][PASSED] - Object: 'Object Repository/1. Constant/xpath' is clicked on

2022-06-09 19:40:42 - [TEST_STEP][PASSED] - delay(1): Delayed 1 second(s)

2022-06-09 19:40:43 - [MESSAGE][PASSED] - Delayed 1 second(s)

2022-06-09 19:40:43 - [TEST_STEP][PASSED] - takeScreenshot(): Taking screenshot successfully

2022-06-09 19:40:43 - [MESSAGE][PASSED] - Taking screenshot successfully
[[ATTACHMENT|D:\\Projet Test Auto\\Mediabox Test Automation\\Reports\\20220609_181011\\03. Parallel Testing (Testing)\\TS -PT PART 3\\14.02 Dreyers Support Action (Ongoing _ Completed ref) - PART 2\\20220609_181057\\1654796443377.png]]

2022-06-09 19:40:43 - [TEST_STEP][PASSED] - delay(1): Delayed 1 second(s)

2022-06-09 19:40:44 - [MESSAGE][PASSED] - Delayed 1 second(s)

2022-06-09 19:40:44 - [TEST_STEP][PASSED] - I.submitquesiton_ref(findTestObject("1. Constant/xpath", ["xpath":"//*[@id="source_" + refID4 + ""]/td[14]/div[1]/button"]), findTestObject("1. Constant/xpath", ["xpath":"//*[@id="source_" + refID4 + ""]/td[14]/div[1]/div/a[1]"])): Object: 'Object Repository/1. Constant/xpath' is clicked on

2022-06-09 19:40:45 - [MESSAGE][PASSED] - Object: 'Object Repository/1. Constant/xpath' is clicked on

2022-06-09 19:40:48 - [MESSAGE][PASSED] - Delayed 3 second(s)

2022-06-09 19:40:49 - [MESSAGE][PASSED] - Object: 'Object Repository/1. Constant/xpath' is clicked on

2022-06-09 19:40:49 - [TEST_STEP][PASSED] - delay(1): Delayed 1 second(s)

2022-06-09 19:40:50 - [MESSAGE][PASSED] - Delayed 1 second(s)

2022-06-09 19:40:50 - [TEST_STEP][PASSED] - click(findTestObject("1. Constant/xpath", ["xpath":"//*[@id="ModifFiche"]/div[1]/div/button[2]"])): Object: 'Object Repository/1. Constant/xpath' is clicked on

2022-06-09 19:40:57 - [MESSAGE][PASSED] - Object: 'Object Repository/1. Constant/xpath' is clicked on

2022-06-09 19:40:57 - [TEST_STEP][PASSED] - takeScreenshot(): Taking screenshot successfully

2022-06-09 19:40:57 - [MESSAGE][PASSED] - Taking screenshot successfully
[[ATTACHMENT|D:\\Projet Test Auto\\Mediabox Test Automation\\Reports\\20220609_181011\\03. Parallel Testing (Testing)\\TS -PT PART 3\\14.02 Dreyers Support Action (Ongoing _ Completed ref) - PART 2\\20220609_181057\\1654796457118.png]]

2022-06-09 19:40:57 - [TEST_STEP][PASSED] - click(findTestObject("1. Constant/xpath", ["xpath":"//*[@id="source_" + refID4 + ""]/td[14]/a[3]"])): Object: 'Object Repository/1. Constant/xpath' is clicked on

2022-06-09 19:41:00 - [MESSAGE][PASSED] - Object: 'Object Repository/1. Constant/xpath' is clicked on

2022-06-09 19:41:00 - [TEST_STEP][PASSED] - click(findTestObject("1. Constant/xpath", ["xpath":"//*[@id="ModifFiche"]/div[1]/div/button[2]"])): Object: 'Object Repository/1. Constant/xpath' is clicked on

2022-06-09 19:41:05 - [MESSAGE][PASSED] - Object: 'Object Repository/1. Constant/xpath' is clicked on

2022-06-09 19:41:05 - [TEST_STEP][PASSED] - click(findTestObject("1. Constant/xpath", ["xpath":"//*[@id="source_" + refID4 + ""]/td[6]/a"])): Object: 'Object Repository/1. Constant/xpath' is clicked on

2022-06-09 19:41:08 - [MESSAGE][PASSED] - Object: 'Object Repository/1. Constant/xpath' is clicked on

2022-06-09 19:41:08 - [TEST_STEP][PASSED] - click(findTestObject("1. Constant/xpath", ["xpath":"//*[@id="kt_content"]/div[3]/div/ul/li[3]/a"])): Object: 'Object Repository/1. Constant/xpath' is clicked on

2022-06-09 19:41:11 - [MESSAGE][PASSED] - Object: 'Object Repository/1. Constant/xpath' is clicked on

2022-06-09 19:41:11 - [TEST_STEP][PASSED] - takeScreenshot(): Taking screenshot successfully

2022-06-09 19:41:12 - [MESSAGE][PASSED] - Taking screenshot successfully
[[ATTACHMENT|D:\\Projet Test Auto\\Mediabox Test Automation\\Reports\\20220609_181011\\03. Parallel Testing (Testing)\\TS -PT PART 3\\14.02 Dreyers Support Action (Ongoing _ Completed ref) - PART 2\\20220609_181057\\1654796471857.png]]

2022-06-09 19:41:12 - [TEST_STEP][PASSED] - click(findTestObject("1. Constant/xpath", ["xpath":"/html/body/div[1]/div[2]/div[8]/div[3]/div/div[3]/div[3]/div/div/div[3]/div/div[4]/div/div[1]/div[2]/div/button"])): Object: 'Object Repository/1. Constant/xpath' is clicked on

2022-06-09 19:41:12 - [MESSAGE][PASSED] - Object: 'Object Repository/1. Constant/xpath' is clicked on

2022-06-09 19:41:12 - [TEST_STEP][PASSED] - delay(1): Delayed 1 second(s)

2022-06-09 19:41:13 - [MESSAGE][PASSED] - Delayed 1 second(s)

2022-06-09 19:41:13 - [TEST_STEP][PASSED] - takeScreenshot(): Taking screenshot successfully

2022-06-09 19:41:13 - [MESSAGE][PASSED] - Taking screenshot successfully
[[ATTACHMENT|D:\\Projet Test Auto\\Mediabox Test Automation\\Reports\\20220609_181011\\03. Parallel Testing (Testing)\\TS -PT PART 3\\14.02 Dreyers Support Action (Ongoing _ Completed ref) - PART 2\\20220609_181057\\1654796473302.png]]

2022-06-09 19:41:13 - [TEST_STEP][PASSED] - delay(1): Delayed 1 second(s)

2022-06-09 19:41:14 - [MESSAGE][PASSED] - Delayed 1 second(s)

2022-06-09 19:41:14 - [TEST_STEP][PASSED] - x = 10: null

2022-06-09 19:41:14 - [TEST_STEP][PASSED] - i = 1: null

2022-06-09 19:41:14 - [TEST_STEP][PASSED] - while (i <= x): null

2022-06-09 19:41:14 - [TEST_STEP][PASSED] - Expected_SAS_Selected = "SAS: S6 - Add Steps C": null

2022-06-09 19:41:14 - [TEST_STEP][PASSED] - xpath_SAS = "/html/body/div[1]/div[2]/div[8]/div[3]/div/div[3]/div[3]/div/div/div[3]/div/div[4]/div/div[1]/div[2]/div/div/a[" + i + "]": null

2022-06-09 19:41:14 - [TEST_STEP][PASSED] - Actual_SAS = getText(findTestObject("1. Constant/xpath", ["xpath":xpath_SAS])): Text of object 'Object Repository/1. Constant/xpath' is: 'SAS S41: Add Phase 3.5 / Skip P3.4'

2022-06-09 19:41:15 - [MESSAGE][PASSED] - Text of object 'Object Repository/1. Constant/xpath' is: 'SAS S41: Add Phase 3.5 / Skip P3.4'

2022-06-09 19:41:15 - [TEST_STEP][PASSED] - I.print(i): null

2022-06-09 19:41:15 - [TEST_STEP][PASSED] - if (Actual_SAS.contains(Expected_SAS_Selected)): null

2022-06-09 19:41:15 - [TEST_STEP][PASSED] - i = i + 1: null

2022-06-09 19:41:15 - [TEST_STEP][PASSED] - Expected_SAS_Selected = "SAS: S6 - Add Steps C": null

2022-06-09 19:41:15 - [TEST_STEP][PASSED] - xpath_SAS = "/html/body/div[1]/div[2]/div[8]/div[3]/div/div[3]/div[3]/div/div/div[3]/div/div[4]/div/div[1]/div[2]/div/div/a[" + i + "]": null

2022-06-09 19:41:15 - [TEST_STEP][PASSED] - Actual_SAS = getText(findTestObject("1. Constant/xpath", ["xpath":xpath_SAS])): Text of object 'Object Repository/1. Constant/xpath' is: 'SAS: S6 - Add Steps C'

2022-06-09 19:41:15 - [MESSAGE][PASSED] - Text of object 'Object Repository/1. Constant/xpath' is: 'SAS: S6 - Add Steps C'

2022-06-09 19:41:15 - [TEST_STEP][PASSED] - I.print(i): null

2022-06-09 19:41:15 - [TEST_STEP][PASSED] - if (Actual_SAS.contains(Expected_SAS_Selected)): null

2022-06-09 19:41:15 - [TEST_STEP][PASSED] - click(findTestObject("1. Constant/xpath", ["xpath":xpath_SAS])): Object: 'Object Repository/1. Constant/xpath' is clicked on

2022-06-09 19:41:15 - [MESSAGE][PASSED] - Object: 'Object Repository/1. Constant/xpath' is clicked on

2022-06-09 19:41:15 - [TEST_STEP][PASSED] - break: null

2022-06-09 19:41:15 - [TEST_STEP][PASSED] - takeScreenshot(): Taking screenshot successfully

2022-06-09 19:41:15 - [MESSAGE][PASSED] - Taking screenshot successfully
[[ATTACHMENT|D:\\Projet Test Auto\\Mediabox Test Automation\\Reports\\20220609_181011\\03. Parallel Testing (Testing)\\TS -PT PART 3\\14.02 Dreyers Support Action (Ongoing _ Completed ref) - PART 2\\20220609_181057\\1654796475424.png]]

2022-06-09 19:41:15 - [TEST_STEP][PASSED] - click(findTestObject("1. Constant/xpath", ["xpath":"//*[@id="confirmSupportActionShortcut"]"])): Object: 'Object Repository/1. Constant/xpath' is clicked on

2022-06-09 19:41:18 - [MESSAGE][PASSED] - Object: 'Object Repository/1. Constant/xpath' is clicked on

2022-06-09 19:41:18 - [TEST_STEP][PASSED] - takeScreenshot(): Taking screenshot successfully

2022-06-09 19:41:19 - [MESSAGE][PASSED] - Taking screenshot successfully
[[ATTACHMENT|D:\\Projet Test Auto\\Mediabox Test Automation\\Reports\\20220609_181011\\03. Parallel Testing (Testing)\\TS -PT PART 3\\14.02 Dreyers Support Action (Ongoing _ Completed ref) - PART 2\\20220609_181057\\1654796478776.png]]

2022-06-09 19:41:19 - [TEST_STEP][PASSED] - click(findTestObject("1. Constant/xpath", ["xpath":"//*[@id="kt_content"]/div[3]/div/ul/li[3]/a"])): Object: 'Object Repository/1. Constant/xpath' is clicked on

2022-06-09 19:41:22 - [MESSAGE][PASSED] - Object: 'Object Repository/1. Constant/xpath' is clicked on

2022-06-09 19:41:22 - [TEST_STEP][PASSED] - takeScreenshot(): Taking screenshot successfully

2022-06-09 19:41:23 - [MESSAGE][PASSED] - Taking screenshot successfully
[[ATTACHMENT|D:\\Projet Test Auto\\Mediabox Test Automation\\Reports\\20220609_181011\\03. Parallel Testing (Testing)\\TS -PT PART 3\\14.02 Dreyers Support Action (Ongoing _ Completed ref) - PART 2\\20220609_181057\\1654796482776.png]]

2022-06-09 19:41:23 - [TEST_STEP][PASSED] - StepC_1 = getAttribute(findTestObject("1. Constant/xpath", ["xpath":"/html/body/div[1]/div[2]/div[8]/div[3]/div/div[3]/div[3]/div/ul/li[3]/a"]), "class"): Attribute 'class' of object 'Object Repository/1. Constant/xpath' is: 'nav-link timeline-badge badge-xl  bg-pending active'

2022-06-09 19:41:24 - [MESSAGE][PASSED] - Attribute 'class' of object 'Object Repository/1. Constant/xpath' is: 'nav-link timeline-badge badge-xl  bg-pending active'

2022-06-09 19:41:24 - [TEST_STEP][PASSED] - verifyMatch(StepC_1, "nav-link timeline-badge badge-xl  bg-pending active", false): Actual text 'nav-link timeline-badge badge-xl  bg-pending active' and expected text 'nav-link timeline-badge badge-xl  bg-pending active' are matched 

2022-06-09 19:41:24 - [MESSAGE][PASSED] - Actual text 'nav-link timeline-badge badge-xl  bg-pending active' and expected text 'nav-link timeline-badge badge-xl  bg-pending active' are matched 

2022-06-09 19:41:24 - [TEST_STEP][PASSED] - StepC_11 = I.Get_Stepname("/html/body/div[1]/div[2]/div[8]/div[3]/div/div[3]/div[3]/div/ul/li[3]/a"): Attribute 'href' of object 'Object Repository/1. Constant/xpath' is: 'http://mdb-release.diadeis.lan/MediaboxIndependence/Base/ExecAction?action=VoirRef&IDSession=MBI!RELTESTAUTO_DREYERS!H38HV247SI7BBCQUYGUXVIXUF4Z3R4L3ICLBKG20&num=OC7U0IW9YR&id_ref=5266#tab_lifecycle_SASStepC_12152'

2022-06-09 19:41:29 - [MESSAGE][PASSED] - Delayed 5 second(s)

2022-06-09 19:41:29 - [MESSAGE][PASSED] - Attribute 'href' of object 'Object Repository/1. Constant/xpath' is: 'http://mdb-release.diadeis.lan/MediaboxIndependence/Base/ExecAction?action=VoirRef&IDSession=MBI!RELTESTAUTO_DREYERS!H38HV247SI7BBCQUYGUXVIXUF4Z3R4L3ICLBKG20&num=OC7U0IW9YR&id_ref=5266#tab_lifecycle_SASStepC_12152'

2022-06-09 19:41:29 - [TEST_STEP][PASSED] - verifyMatch(StepC_11, "SASStepC", false): Actual text 'SASStepC' and expected text 'SASStepC' are matched 

2022-06-09 19:41:29 - [MESSAGE][PASSED] - Actual text 'SASStepC' and expected text 'SASStepC' are matched 

2022-06-09 19:41:29 - [TEST_STEP][PASSED] - Started_StepCP4_1 = getText(findTestObject("1. Constant/xpath", ["xpath":"/html/body/div[1]/div[2]/div[8]/div[3]/div/div[3]/div[3]/div/div/div[3]/div/div[4]/div/div[2]/div[1]"])): Text of object 'Object Repository/1. Constant/xpath' is: 'Started 06/09/22 01:41 PM'

2022-06-09 19:41:29 - [MESSAGE][PASSED] - Text of object 'Object Repository/1. Constant/xpath' is: 'Started 06/09/22 01:41 PM'

2022-06-09 19:41:29 - [TEST_STEP][PASSED] - if (Started_StepCP4_1.contains("Started")): Actual object '1' and expected object '1' are equal

2022-06-09 19:41:29 - [TEST_STEP][PASSED] - verifyEqual(1, 1): Actual object '1' and expected object '1' are equal

2022-06-09 19:41:29 - [MESSAGE][PASSED] - Actual object '1' and expected object '1' are equal

2022-06-09 19:41:29 - [TEST_STEP][PASSED] - verifyElementNotPresent(findTestObject("1. Constant/xpath", ["xpath":"/html/body/div[1]/div[2]/div[8]/div[3]/div/div[3]/div[3]/div/div/div[3]/div/div[6]"]), 10): Web element with id: 'Object Repository/1. Constant/xpath' located by 'By.xpath: /html/body/div[1]/div[2]/div[8]/div[3]/div/div[3]/div[3]/div/div/div[3]/div/div[6]' is not present after '10' second(s)

2022-06-09 19:41:29 - [MESSAGE][PASSED] - Web element with id: 'Object Repository/1. Constant/xpath' located by 'By.xpath: /html/body/div[1]/div[2]/div[8]/div[3]/div/div[3]/div[3]/div/div/div[3]/div/div[6]' is not present after '10' second(s)

2022-06-09 19:41:29 - [TEST_STEP][PASSED] - StepC_2 = getAttribute(findTestObject("1. Constant/xpath", ["xpath":"/html/body/div[1]/div[2]/div[8]/div[3]/div/div[3]/div[3]/div/ul/li[4]/a"]), "class"): Attribute 'class' of object 'Object Repository/1. Constant/xpath' is: 'nav-link timeline-badge badge-xl  bg-waiting '

2022-06-09 19:41:30 - [MESSAGE][PASSED] - Attribute 'class' of object 'Object Repository/1. Constant/xpath' is: 'nav-link timeline-badge badge-xl  bg-waiting '

2022-06-09 19:41:30 - [TEST_STEP][PASSED] - verifyMatch(StepC_2, "nav-link timeline-badge badge-xl  bg-waiting ", false): Actual text 'nav-link timeline-badge badge-xl  bg-waiting ' and expected text 'nav-link timeline-badge badge-xl  bg-waiting ' are matched 

2022-06-09 19:41:30 - [MESSAGE][PASSED] - Actual text 'nav-link timeline-badge badge-xl  bg-waiting ' and expected text 'nav-link timeline-badge badge-xl  bg-waiting ' are matched 

2022-06-09 19:41:30 - [TEST_STEP][PASSED] - StepC_22 = I.Get_Stepname("/html/body/div[1]/div[2]/div[8]/div[3]/div/div[3]/div[3]/div/ul/li[4]/a"): Attribute 'href' of object 'Object Repository/1. Constant/xpath' is: 'http://mdb-release.diadeis.lan/MediaboxIndependence/Base/ExecAction?action=VoirRef&IDSession=MBI!RELTESTAUTO_DREYERS!H38HV247SI7BBCQUYGUXVIXUF4Z3R4L3ICLBKG20&num=OC7U0IW9YR&id_ref=5266#tab_lifecycle_SASStepC_12153'

2022-06-09 19:41:35 - [MESSAGE][PASSED] - Delayed 5 second(s)

2022-06-09 19:41:35 - [MESSAGE][PASSED] - Attribute 'href' of object 'Object Repository/1. Constant/xpath' is: 'http://mdb-release.diadeis.lan/MediaboxIndependence/Base/ExecAction?action=VoirRef&IDSession=MBI!RELTESTAUTO_DREYERS!H38HV247SI7BBCQUYGUXVIXUF4Z3R4L3ICLBKG20&num=OC7U0IW9YR&id_ref=5266#tab_lifecycle_SASStepC_12153'

2022-06-09 19:41:35 - [TEST_STEP][PASSED] - verifyMatch(StepC_22, "SASStepC", false): Actual text 'SASStepC' and expected text 'SASStepC' are matched 

2022-06-09 19:41:35 - [MESSAGE][PASSED] - Actual text 'SASStepC' and expected text 'SASStepC' are matched 

2022-06-09 19:41:35 - [TEST_STEP][PASSED] - delay(1): Delayed 1 second(s)

2022-06-09 19:41:36 - [MESSAGE][PASSED] - Delayed 1 second(s)

2022-06-09 19:41:36 - [TEST_STEP][PASSED] - click(findTestObject("1. Constant/xpath", ["xpath":"/html/body/div[1]/div[2]/div[8]/div[2]/div/nav/ol/li[2]/a"])): Object: 'Object Repository/1. Constant/xpath' is clicked on

2022-06-09 19:41:38 - [MESSAGE][PASSED] - Object: 'Object Repository/1. Constant/xpath' is clicked on

2022-06-09 19:41:38 - [TEST_STEP][PASSED] - Lifecycle_Status1 = getText(findTestObject("1. Constant/xpath", ["xpath":"//*[@id="source_" + refID4 + ""]/td[11]/span[1]"])): Text of object 'Object Repository/1. Constant/xpath' is: 'Phase 3.4 [Standard]'

2022-06-09 19:41:38 - [MESSAGE][PASSED] - Text of object 'Object Repository/1. Constant/xpath' is: 'Phase 3.4 [Standard]'

2022-06-09 19:41:38 - [TEST_STEP][PASSED] - verifyMatch(Lifecycle_Status1, "Phase 3.4 [Standard]", false): Actual text 'Phase 3.4 [Standard]' and expected text 'Phase 3.4 [Standard]' are matched 

2022-06-09 19:41:38 - [MESSAGE][PASSED] - Actual text 'Phase 3.4 [Standard]' and expected text 'Phase 3.4 [Standard]' are matched 

2022-06-09 19:41:38 - [TEST_STEP][PASSED] - I.Logout(): Delayed 3 second(s)

2022-06-09 19:41:41 - [MESSAGE][PASSED] - Delayed 3 second(s)

2022-06-09 19:41:42 - [MESSAGE][PASSED] - Object: 'Object Repository/1. Constant/xpath' is clicked on

2022-06-09 19:41:45 - [MESSAGE][PASSED] - Delayed 3 second(s)

2022-06-09 19:41:47 - [MESSAGE][PASSED] - Object: 'Object Repository/1. Constant/xpath' is clicked on

2022-06-09 19:41:50 - [MESSAGE][PASSED] - Delayed 3 second(s)

2022-06-09 19:41:50 - [TEST_STEP][PASSED] - I.Login_password("nturner", password_nturner): Object: 'Object Repository/1. Constant/xpath' is clicked on

2022-06-09 19:41:50 - [MESSAGE][PASSED] - Text 'nturner' is set on object 'Object Repository/1. Constant/xpath'

2022-06-09 19:41:51 - [MESSAGE][PASSED] - Delayed 1 second(s)

2022-06-09 19:41:53 - [MESSAGE][PASSED] - Text 'diadeis1' is set on object 'Object Repository/1. Constant/xpath'

2022-06-09 19:41:54 - [MESSAGE][PASSED] - Delayed 1 second(s)

2022-06-09 19:41:59 - [MESSAGE][PASSED] - Object: 'Object Repository/1. Constant/xpath' is clicked on

2022-06-09 19:41:59 - [TEST_STEP][PASSED] - takeScreenshot(): Taking screenshot successfully

2022-06-09 19:41:59 - [MESSAGE][PASSED] - Taking screenshot successfully
[[ATTACHMENT|D:\\Projet Test Auto\\Mediabox Test Automation\\Reports\\20220609_181011\\03. Parallel Testing (Testing)\\TS -PT PART 3\\14.02 Dreyers Support Action (Ongoing _ Completed ref) - PART 2\\20220609_181057\\1654796519394.png]]

2022-06-09 19:41:59 - [TEST_STEP][PASSED] - click(findTestObject("1. Constant/02_LHSMenu_Projects")): Object: 'Object Repository/1. Constant/02_LHSMenu_Projects' is clicked on

2022-06-09 19:42:01 - [MESSAGE][PASSED] - Object: 'Object Repository/1. Constant/02_LHSMenu_Projects' is clicked on

2022-06-09 19:42:01 - [TEST_STEP][PASSED] - I.SearchProjectNo_xpath(Project_No, "//*[@id="keynum_project"]", "//*[@id="form_filters"]/div[4]/button"): Delayed 5 second(s)

2022-06-09 19:42:02 - [MESSAGE][PASSED] - Delayed 1 second(s)

2022-06-09 19:42:03 - [MESSAGE][PASSED] - Text 'MI000876' is set on object 'Object Repository/1. Constant/xpath'

2022-06-09 19:42:06 - [MESSAGE][PASSED] - Delayed 3 second(s)

2022-06-09 19:42:07 - [MESSAGE][PASSED] - Scroll to object 'Object Repository/1. Constant/xpath' successfully

2022-06-09 19:42:09 - [MESSAGE][PASSED] - Object: 'Object Repository/1. Constant/xpath' is clicked on

2022-06-09 19:42:14 - [MESSAGE][PASSED] - Delayed 5 second(s)

2022-06-09 19:42:14 - [TEST_STEP][PASSED] - takeScreenshot(): Taking screenshot successfully

2022-06-09 19:42:14 - [MESSAGE][PASSED] - Taking screenshot successfully
[[ATTACHMENT|D:\\Projet Test Auto\\Mediabox Test Automation\\Reports\\20220609_181011\\03. Parallel Testing (Testing)\\TS -PT PART 3\\14.02 Dreyers Support Action (Ongoing _ Completed ref) - PART 2\\20220609_181057\\1654796534596.png]]

2022-06-09 19:42:14 - [TEST_STEP][PASSED] - I.SearchRefNo_xpath("P4_Auto", "//*[@id="fiche_filter_keywords11"]", "//*[@id="form_filters"]/div[3]/button"): Delayed 5 second(s)

2022-06-09 19:42:15 - [MESSAGE][PASSED] - Delayed 1 second(s)

2022-06-09 19:42:16 - [MESSAGE][PASSED] - Text 'P4_Auto' is set on object 'Object Repository/1. Constant/xpath'

2022-06-09 19:42:19 - [MESSAGE][PASSED] - Delayed 3 second(s)

2022-06-09 19:42:20 - [MESSAGE][PASSED] - Scroll to object 'Object Repository/1. Constant/xpath' successfully

2022-06-09 19:42:21 - [MESSAGE][PASSED] - Object: 'Object Repository/1. Constant/xpath' is clicked on

2022-06-09 19:42:26 - [MESSAGE][PASSED] - Delayed 5 second(s)

2022-06-09 19:42:26 - [TEST_STEP][PASSED] - click(findTestObject("1. Constant/xpath", ["xpath":"//*[@id="source_" + refID4 + ""]/td[13]/a[2]"])): Object: 'Object Repository/1. Constant/xpath' is clicked on

2022-06-09 19:42:28 - [MESSAGE][PASSED] - Object: 'Object Repository/1. Constant/xpath' is clicked on

2022-06-09 19:42:28 - [TEST_STEP][PASSED] - click(findTestObject("1. Constant/xpath", ["xpath":"//*[@id="ModifFiche"]/div[1]/div/button[2]"])): Object: 'Object Repository/1. Constant/xpath' is clicked on

2022-06-09 19:42:31 - [MESSAGE][PASSED] - Object: 'Object Repository/1. Constant/xpath' is clicked on

2022-06-09 19:42:31 - [TEST_STEP][PASSED] - Lifecycle_Status2 = getText(findTestObject("1. Constant/xpath", ["xpath":"//*[@id="source_" + refID4 + ""]/td[12]/span[1]"])): Text of object 'Object Repository/1. Constant/xpath' is: 'Phase 3.5[Prod]'

2022-06-09 19:42:31 - [MESSAGE][PASSED] - Text of object 'Object Repository/1. Constant/xpath' is: 'Phase 3.5[Prod]'

2022-06-09 19:42:31 - [TEST_STEP][PASSED] - verifyMatch(Lifecycle_Status2, "Phase 3.5[Prod]", false): Actual text 'Phase 3.5[Prod]' and expected text 'Phase 3.5[Prod]' are matched 

2022-06-09 19:42:31 - [MESSAGE][PASSED] - Actual text 'Phase 3.5[Prod]' and expected text 'Phase 3.5[Prod]' are matched 

2022-06-09 19:42:31 - [TEST_STEP][PASSED] - takeScreenshot(): Taking screenshot successfully

2022-06-09 19:42:31 - [MESSAGE][PASSED] - Taking screenshot successfully
[[ATTACHMENT|D:\\Projet Test Auto\\Mediabox Test Automation\\Reports\\20220609_181011\\03. Parallel Testing (Testing)\\TS -PT PART 3\\14.02 Dreyers Support Action (Ongoing _ Completed ref) - PART 2\\20220609_181057\\1654796551484.png]]

2022-06-09 19:42:31 - [TEST_STEP][PASSED] - I.Logout(): Delayed 3 second(s)

2022-06-09 19:42:34 - [MESSAGE][PASSED] - Delayed 3 second(s)

2022-06-09 19:42:34 - [MESSAGE][PASSED] - Object: 'Object Repository/1. Constant/xpath' is clicked on

2022-06-09 19:42:37 - [MESSAGE][PASSED] - Delayed 3 second(s)

2022-06-09 19:42:39 - [MESSAGE][PASSED] - Object: 'Object Repository/1. Constant/xpath' is clicked on

2022-06-09 19:42:42 - [MESSAGE][PASSED] - Delayed 3 second(s)

2022-06-09 19:42:42 - [TEST_STEP][PASSED] - I.Login_password("lmary", password_lmary): Object: 'Object Repository/1. Constant/xpath' is clicked on

2022-06-09 19:42:42 - [MESSAGE][PASSED] - Text 'lmary' is set on object 'Object Repository/1. Constant/xpath'

2022-06-09 19:42:43 - [MESSAGE][PASSED] - Delayed 1 second(s)

2022-06-09 19:42:44 - [MESSAGE][PASSED] - Text 'diadeis' is set on object 'Object Repository/1. Constant/xpath'

2022-06-09 19:42:45 - [MESSAGE][PASSED] - Delayed 1 second(s)

2022-06-09 19:42:49 - [MESSAGE][PASSED] - Object: 'Object Repository/1. Constant/xpath' is clicked on

2022-06-09 19:42:49 - [TEST_STEP][PASSED] - takeScreenshot(): Taking screenshot successfully

2022-06-09 19:42:50 - [MESSAGE][PASSED] - Taking screenshot successfully
[[ATTACHMENT|D:\\Projet Test Auto\\Mediabox Test Automation\\Reports\\20220609_181011\\03. Parallel Testing (Testing)\\TS -PT PART 3\\14.02 Dreyers Support Action (Ongoing _ Completed ref) - PART 2\\20220609_181057\\1654796569789.png]]

2022-06-09 19:42:50 - [TEST_STEP][PASSED] - click(findTestObject("1. Constant/02_LHSMenu_Projects")): Object: 'Object Repository/1. Constant/02_LHSMenu_Projects' is clicked on

2022-06-09 19:42:52 - [MESSAGE][PASSED] - Object: 'Object Repository/1. Constant/02_LHSMenu_Projects' is clicked on

2022-06-09 19:42:52 - [TEST_STEP][PASSED] - I.SearchProjectNo_xpath(Project_No, "//*[@id="keynum_project"]", "//*[@id="form_filters"]/div[4]/button"): Delayed 5 second(s)

2022-06-09 19:42:53 - [MESSAGE][PASSED] - Delayed 1 second(s)

2022-06-09 19:42:53 - [MESSAGE][PASSED] - Text 'MI000876' is set on object 'Object Repository/1. Constant/xpath'

2022-06-09 19:42:56 - [MESSAGE][PASSED] - Delayed 3 second(s)

2022-06-09 19:42:56 - [MESSAGE][PASSED] - Scroll to object 'Object Repository/1. Constant/xpath' successfully

2022-06-09 19:42:59 - [MESSAGE][PASSED] - Object: 'Object Repository/1. Constant/xpath' is clicked on

2022-06-09 19:43:04 - [MESSAGE][PASSED] - Delayed 5 second(s)

2022-06-09 19:43:04 - [TEST_STEP][PASSED] - takeScreenshot(): Taking screenshot successfully

2022-06-09 19:43:05 - [MESSAGE][PASSED] - Taking screenshot successfully
[[ATTACHMENT|D:\\Projet Test Auto\\Mediabox Test Automation\\Reports\\20220609_181011\\03. Parallel Testing (Testing)\\TS -PT PART 3\\14.02 Dreyers Support Action (Ongoing _ Completed ref) - PART 2\\20220609_181057\\1654796584861.png]]

2022-06-09 19:43:05 - [TEST_STEP][PASSED] - I.SearchRefNo_xpath("P4_Auto", "//*[@id="fiche_filter_keywords11"]", "//*[@id="form_filters"]/div[3]/button"): Delayed 5 second(s)

2022-06-09 19:43:06 - [MESSAGE][PASSED] - Delayed 1 second(s)

2022-06-09 19:43:07 - [MESSAGE][PASSED] - Text 'P4_Auto' is set on object 'Object Repository/1. Constant/xpath'

2022-06-09 19:43:10 - [MESSAGE][PASSED] - Delayed 3 second(s)

2022-06-09 19:43:10 - [MESSAGE][PASSED] - Scroll to object 'Object Repository/1. Constant/xpath' successfully

2022-06-09 19:43:13 - [MESSAGE][PASSED] - Object: 'Object Repository/1. Constant/xpath' is clicked on

2022-06-09 19:43:18 - [MESSAGE][PASSED] - Delayed 5 second(s)

2022-06-09 19:43:18 - [TEST_STEP][PASSED] - takeScreenshot(): Taking screenshot successfully

2022-06-09 19:43:19 - [MESSAGE][PASSED] - Taking screenshot successfully
[[ATTACHMENT|D:\\Projet Test Auto\\Mediabox Test Automation\\Reports\\20220609_181011\\03. Parallel Testing (Testing)\\TS -PT PART 3\\14.02 Dreyers Support Action (Ongoing _ Completed ref) - PART 2\\20220609_181057\\1654796598946.png]]

2022-06-09 19:43:19 - [TEST_STEP][PASSED] - color2 = getCSSValue(findTestObject("1. Constant/xpath", ["xpath":"//*[@id="source_" + refID4 + ""]/td[13]/a"]), "color", OPTIONAL): Get CSS 'color' value on 'Object Repository/1. Constant/xpath' successfully: 'rgba(255, 255, 255, 1)'.

2022-06-09 19:43:20 - [MESSAGE][PASSED] - Get CSS 'color' value on 'Object Repository/1. Constant/xpath' successfully: 'rgba(255, 255, 255, 1)'.

2022-06-09 19:43:20 - [TEST_STEP][PASSED] - while (color2 == "rgba(255, 255, 255, 1)"): Get CSS 'color' value on 'Object Repository/1. Constant/xpath' successfully: 'rgba(54, 153, 255, 1)'.

2022-06-09 19:43:20 - [TEST_STEP][PASSED] - click(findTestObject("1. Constant/xpath", ["xpath":"//*[@id="source_" + refID4 + ""]/td[13]/a"])): Object: 'Object Repository/1. Constant/xpath' is clicked on

2022-06-09 19:43:21 - [MESSAGE][PASSED] - Object: 'Object Repository/1. Constant/xpath' is clicked on

2022-06-09 19:43:21 - [TEST_STEP][PASSED] - selectOptionByValue(findTestObject("1. Constant/xpath", ["xpath":"//*[@id="id_approval_flow_tpl"]"]), "80", false): All options with value '80' are selected in object 'Object Repository/1. Constant/xpath' 

2022-06-09 19:43:21 - [MESSAGE][PASSED] - All options with value '80' are selected in object 'Object Repository/1. Constant/xpath' 

2022-06-09 19:43:21 - [TEST_STEP][PASSED] - I.UploadDoc_sendkey_Prod(findTestObject("1. Constant/xpath", ["xpath":"//*[@id="kt_body"]/input[2]"]), "D:\Upoad_File\Upload doc\testdata1.jpg", "testdata1"): Delayed 5 second(s)

2022-06-09 19:43:21 - [MESSAGE][PASSED] - Scroll to object 'Object Repository/1. Constant/xpath' successfully

2022-06-09 19:43:26 - [MESSAGE][PASSED] - Delayed 5 second(s)

2022-06-09 19:43:27 - [MESSAGE][PASSED] - File 'D:\Upoad_File\Upload doc\testdata1.jpg' sent to object: 'Object Repository/1. Constant/xpath'

2022-06-09 19:43:32 - [MESSAGE][PASSED] - Delayed 5 second(s)

2022-06-09 19:43:32 - [MESSAGE][PASSED] - Text 'testdata1' is present on page 

2022-06-09 19:43:37 - [MESSAGE][PASSED] - Delayed 5 second(s)

2022-06-09 19:43:42 - [MESSAGE][PASSED] - Delayed 5 second(s)

2022-06-09 19:43:42 - [TEST_STEP][PASSED] - takeScreenshot(): Taking screenshot successfully

2022-06-09 19:43:43 - [MESSAGE][PASSED] - Taking screenshot successfully
[[ATTACHMENT|D:\\Projet Test Auto\\Mediabox Test Automation\\Reports\\20220609_181011\\03. Parallel Testing (Testing)\\TS -PT PART 3\\14.02 Dreyers Support Action (Ongoing _ Completed ref) - PART 2\\20220609_181057\\1654796623362.png]]

2022-06-09 19:43:43 - [TEST_STEP][PASSED] - delay(10): Delayed 10 second(s)

2022-06-09 19:43:53 - [MESSAGE][PASSED] - Delayed 10 second(s)

2022-06-09 19:43:53 - [TEST_STEP][PASSED] - click(findTestObject("HL Full Lifecycle/12 ReferncePage_Button_Updatensenddoc")): Object: 'Object Repository/HL Full Lifecycle/12 ReferncePage_Button_Updatensenddoc' is clicked on

2022-06-09 19:43:57 - [MESSAGE][PASSED] - Object: 'Object Repository/HL Full Lifecycle/12 ReferncePage_Button_Updatensenddoc' is clicked on

2022-06-09 19:43:57 - [TEST_STEP][PASSED] - delay(5): Delayed 5 second(s)

2022-06-09 19:44:02 - [MESSAGE][PASSED] - Delayed 5 second(s)

2022-06-09 19:44:02 - [TEST_STEP][PASSED] - color2 = getCSSValue(findTestObject("1. Constant/xpath", ["xpath":"//*[@id="source_" + refID4 + ""]/td[13]/a"]), "color", OPTIONAL): Get CSS 'color' value on 'Object Repository/1. Constant/xpath' successfully: 'rgba(54, 153, 255, 1)'.

2022-06-09 19:44:02 - [MESSAGE][PASSED] - Get CSS 'color' value on 'Object Repository/1. Constant/xpath' successfully: 'rgba(54, 153, 255, 1)'.

2022-06-09 19:44:02 - [TEST_STEP][PASSED] - I.Logout(): Delayed 3 second(s)

2022-06-09 19:44:05 - [MESSAGE][PASSED] - Delayed 3 second(s)

2022-06-09 19:44:05 - [MESSAGE][PASSED] - Object: 'Object Repository/1. Constant/xpath' is clicked on

2022-06-09 19:44:08 - [MESSAGE][PASSED] - Delayed 3 second(s)

2022-06-09 19:44:10 - [MESSAGE][PASSED] - Object: 'Object Repository/1. Constant/xpath' is clicked on

2022-06-09 19:44:13 - [MESSAGE][PASSED] - Delayed 3 second(s)

2022-06-09 19:44:13 - [TEST_STEP][PASSED] - I.Login_password("blemco", password_blemco): Object: 'Object Repository/1. Constant/xpath' is clicked on

2022-06-09 19:44:13 - [MESSAGE][PASSED] - Text 'blemco' is set on object 'Object Repository/1. Constant/xpath'

2022-06-09 19:44:14 - [MESSAGE][PASSED] - Delayed 1 second(s)

2022-06-09 19:44:14 - [MESSAGE][PASSED] - Text 'diadeis1' is set on object 'Object Repository/1. Constant/xpath'

2022-06-09 19:44:15 - [MESSAGE][PASSED] - Delayed 1 second(s)

2022-06-09 19:44:18 - [MESSAGE][PASSED] - Object: 'Object Repository/1. Constant/xpath' is clicked on

2022-06-09 19:44:18 - [TEST_STEP][PASSED] - takeScreenshot(): Taking screenshot successfully

2022-06-09 19:44:19 - [MESSAGE][PASSED] - Taking screenshot successfully
[[ATTACHMENT|D:\\Projet Test Auto\\Mediabox Test Automation\\Reports\\20220609_181011\\03. Parallel Testing (Testing)\\TS -PT PART 3\\14.02 Dreyers Support Action (Ongoing _ Completed ref) - PART 2\\20220609_181057\\1654796658780.png]]

2022-06-09 19:44:19 - [TEST_STEP][PASSED] - click(findTestObject("1. Constant/02_LHSMenu_Projects")): Object: 'Object Repository/1. Constant/02_LHSMenu_Projects' is clicked on

2022-06-09 19:44:22 - [MESSAGE][PASSED] - Object: 'Object Repository/1. Constant/02_LHSMenu_Projects' is clicked on

2022-06-09 19:44:22 - [TEST_STEP][PASSED] - I.SearchProjectNo_xpath(Project_No, "//*[@id="keynum_project"]", "//*[@id="form_filters"]/div[4]/button"): Delayed 5 second(s)

2022-06-09 19:44:23 - [MESSAGE][PASSED] - Delayed 1 second(s)

2022-06-09 19:44:24 - [MESSAGE][PASSED] - Text 'MI000876' is set on object 'Object Repository/1. Constant/xpath'

2022-06-09 19:44:27 - [MESSAGE][PASSED] - Delayed 3 second(s)

2022-06-09 19:44:27 - [MESSAGE][PASSED] - Scroll to object 'Object Repository/1. Constant/xpath' successfully

2022-06-09 19:44:31 - [MESSAGE][PASSED] - Object: 'Object Repository/1. Constant/xpath' is clicked on

2022-06-09 19:44:36 - [MESSAGE][PASSED] - Delayed 5 second(s)

2022-06-09 19:44:36 - [TEST_STEP][PASSED] - takeScreenshot(): Taking screenshot successfully

2022-06-09 19:44:37 - [MESSAGE][PASSED] - Taking screenshot successfully
[[ATTACHMENT|D:\\Projet Test Auto\\Mediabox Test Automation\\Reports\\20220609_181011\\03. Parallel Testing (Testing)\\TS -PT PART 3\\14.02 Dreyers Support Action (Ongoing _ Completed ref) - PART 2\\20220609_181057\\1654796676738.png]]

2022-06-09 19:44:37 - [TEST_STEP][PASSED] - I.SearchRefNo_xpath("P4_Auto", "//*[@id="fiche_filter_keywords11"]", "//*[@id="form_filters"]/div[3]/button"): Delayed 5 second(s)

2022-06-09 19:44:38 - [MESSAGE][PASSED] - Delayed 1 second(s)

2022-06-09 19:44:40 - [MESSAGE][PASSED] - Text 'P4_Auto' is set on object 'Object Repository/1. Constant/xpath'

2022-06-09 19:44:43 - [MESSAGE][PASSED] - Delayed 3 second(s)

2022-06-09 19:44:43 - [MESSAGE][PASSED] - Scroll to object 'Object Repository/1. Constant/xpath' successfully

2022-06-09 19:44:46 - [MESSAGE][PASSED] - Object: 'Object Repository/1. Constant/xpath' is clicked on

2022-06-09 19:44:51 - [MESSAGE][PASSED] - Delayed 5 second(s)

2022-06-09 19:44:51 - [TEST_STEP][PASSED] - I.AWF_approve_byaction(findTestObject("1. Constant/xpath", ["xpath":"//*[@id="source_" + refID4 + ""]/td[13]/a[2]"])): Object: 'Object Repository/HL Full Lifecycle/Function_Appbutton2' is clicked on

2022-06-09 19:44:56 - [MESSAGE][PASSED] - Delayed 5 second(s)

2022-06-09 19:45:00 - [MESSAGE][PASSED] - Object: 'Object Repository/1. Constant/xpath' is clicked on

2022-06-09 19:45:01 - [MESSAGE][PASSED] - Object: 'Object Repository/HL Full Lifecycle/Function_access Viewer2' is hovered

2022-06-09 19:45:04 - [MESSAGE][PASSED] - Delayed 3 second(s)

2022-06-09 19:45:05 - [MESSAGE][PASSED] - Object: 'Object Repository/HL Full Lifecycle/Function_access Viewer2' is clicked on

2022-06-09 19:45:10 - [MESSAGE][PASSED] - Delayed 5 second(s)

2022-06-09 19:45:11 - [MESSAGE][PASSED] - Object: 'Object Repository/HL Full Lifecycle/Function_AppButton' is clicked on

2022-06-09 19:45:16 - [MESSAGE][PASSED] - Delayed 5 second(s)

2022-06-09 19:45:19 - [MESSAGE][PASSED] - Object: 'Object Repository/HL Full Lifecycle/Function_Appbutton2' is clicked on

2022-06-09 19:45:19 - [TEST_STEP][PASSED] - Lifecycle_Status3 = getText(findTestObject("1. Constant/xpath", ["xpath":"//*[@id="source_" + refID4 + ""]/td[12]/span[1]"])): Text of object 'Object Repository/1. Constant/xpath' is: 'Phase 3.1 [Question]'

2022-06-09 19:45:20 - [MESSAGE][PASSED] - Text of object 'Object Repository/1. Constant/xpath' is: 'Phase 3.1 [Question]'

2022-06-09 19:45:20 - [TEST_STEP][PASSED] - verifyMatch(Lifecycle_Status3, "Phase 3.1 [Question]", false): Actual text 'Phase 3.1 [Question]' and expected text 'Phase 3.1 [Question]' are matched 

2022-06-09 19:45:20 - [MESSAGE][PASSED] - Actual text 'Phase 3.1 [Question]' and expected text 'Phase 3.1 [Question]' are matched 

2022-06-09 19:45:20 - [TEST_STEP][PASSED] - I.Logout(): Delayed 3 second(s)

2022-06-09 19:45:23 - [MESSAGE][PASSED] - Delayed 3 second(s)

2022-06-09 19:45:23 - [MESSAGE][PASSED] - Object: 'Object Repository/1. Constant/xpath' is clicked on

2022-06-09 19:45:26 - [MESSAGE][PASSED] - Delayed 3 second(s)

2022-06-09 19:45:28 - [MESSAGE][PASSED] - Object: 'Object Repository/1. Constant/xpath' is clicked on

2022-06-09 19:45:31 - [MESSAGE][PASSED] - Delayed 3 second(s)

2022-06-09 19:45:31 - [TEST_STEP][PASSED] - I.Login_password("talexeeva", password_talexeeva): Object: 'Object Repository/1. Constant/xpath' is clicked on

2022-06-09 19:45:32 - [MESSAGE][PASSED] - Text 'talexeeva' is set on object 'Object Repository/1. Constant/xpath'

2022-06-09 19:45:33 - [MESSAGE][PASSED] - Delayed 1 second(s)

2022-06-09 19:45:33 - [MESSAGE][PASSED] - Text 'diadeis2' is set on object 'Object Repository/1. Constant/xpath'

2022-06-09 19:45:34 - [MESSAGE][PASSED] - Delayed 1 second(s)

2022-06-09 19:45:37 - [MESSAGE][PASSED] - Object: 'Object Repository/1. Constant/xpath' is clicked on

2022-06-09 19:45:37 - [TEST_STEP][PASSED] - click(findTestObject("1. Constant/02_LHSMenu_Projects")): Object: 'Object Repository/1. Constant/02_LHSMenu_Projects' is clicked on

2022-06-09 19:45:41 - [MESSAGE][PASSED] - Object: 'Object Repository/1. Constant/02_LHSMenu_Projects' is clicked on

2022-06-09 19:45:41 - [TEST_STEP][PASSED] - I.SearchProjectNo_xpath(Project_No, "//*[@id="keynum_project"]", "//*[@id="form_filters"]/div[4]/button"): Delayed 5 second(s)

2022-06-09 19:45:42 - [MESSAGE][PASSED] - Delayed 1 second(s)

2022-06-09 19:45:42 - [MESSAGE][PASSED] - Text 'MI000876' is set on object 'Object Repository/1. Constant/xpath'

2022-06-09 19:45:45 - [MESSAGE][PASSED] - Delayed 3 second(s)

2022-06-09 19:45:45 - [MESSAGE][PASSED] - Scroll to object 'Object Repository/1. Constant/xpath' successfully

2022-06-09 19:45:49 - [MESSAGE][PASSED] - Object: 'Object Repository/1. Constant/xpath' is clicked on

2022-06-09 19:45:54 - [MESSAGE][PASSED] - Delayed 5 second(s)

2022-06-09 19:45:54 - [TEST_STEP][PASSED] - I.SearchRefNo_xpath("P4_Auto", "//*[@id="fiche_filter_keywords11"]", "//*[@id="form_filters"]/div[3]/button"): Delayed 5 second(s)

2022-06-09 19:45:55 - [MESSAGE][PASSED] - Delayed 1 second(s)

2022-06-09 19:45:56 - [MESSAGE][PASSED] - Text 'P4_Auto' is set on object 'Object Repository/1. Constant/xpath'

2022-06-09 19:45:59 - [MESSAGE][PASSED] - Delayed 3 second(s)

2022-06-09 19:45:59 - [MESSAGE][PASSED] - Scroll to object 'Object Repository/1. Constant/xpath' successfully

2022-06-09 19:46:02 - [MESSAGE][PASSED] - Object: 'Object Repository/1. Constant/xpath' is clicked on

2022-06-09 19:46:07 - [MESSAGE][PASSED] - Delayed 5 second(s)

2022-06-09 19:46:07 - [TEST_STEP][PASSED] - takeScreenshot(): Taking screenshot successfully

2022-06-09 19:46:07 - [MESSAGE][PASSED] - Taking screenshot successfully
[[ATTACHMENT|D:\\Projet Test Auto\\Mediabox Test Automation\\Reports\\20220609_181011\\03. Parallel Testing (Testing)\\TS -PT PART 3\\14.02 Dreyers Support Action (Ongoing _ Completed ref) - PART 2\\20220609_181057\\1654796767098.png]]

2022-06-09 19:46:07 - [TEST_STEP][PASSED] - I.submitquesiton_ref(findTestObject("1. Constant/xpath", ["xpath":"//*[@id="source_" + refID4 + ""]/td[13]/div[1]/button"]), findTestObject("1. Constant/xpath", ["xpath":"//*[@id="source_" + refID4 + ""]/td[13]/div[1]/div/a[1]"])): Object: 'Object Repository/1. Constant/xpath' is clicked on

2022-06-09 19:46:07 - [MESSAGE][PASSED] - Object: 'Object Repository/1. Constant/xpath' is clicked on

2022-06-09 19:46:10 - [MESSAGE][PASSED] - Delayed 3 second(s)

2022-06-09 19:46:12 - [MESSAGE][PASSED] - Object: 'Object Repository/1. Constant/xpath' is clicked on

2022-06-09 19:46:12 - [TEST_STEP][PASSED] - click(findTestObject("1. Constant/xpath", ["xpath":"//*[@id="ModifFiche"]/div[1]/div/button[2]"])): Object: 'Object Repository/1. Constant/xpath' is clicked on

2022-06-09 19:46:17 - [MESSAGE][PASSED] - Object: 'Object Repository/1. Constant/xpath' is clicked on

2022-06-09 19:46:17 - [TEST_STEP][PASSED] - takeScreenshot(): Taking screenshot successfully

2022-06-09 19:46:17 - [MESSAGE][PASSED] - Taking screenshot successfully
[[ATTACHMENT|D:\\Projet Test Auto\\Mediabox Test Automation\\Reports\\20220609_181011\\03. Parallel Testing (Testing)\\TS -PT PART 3\\14.02 Dreyers Support Action (Ongoing _ Completed ref) - PART 2\\20220609_181057\\1654796777380.png]]

2022-06-09 19:46:17 - [TEST_STEP][PASSED] - Lifecycle_Status4 = getText(findTestObject("1. Constant/xpath", ["xpath":"//*[@id="source_" + refID4 + ""]/td[12]/span[1]"])): Text of object 'Object Repository/1. Constant/xpath' is: 'Phase 3.2 [Question]'

2022-06-09 19:46:18 - [MESSAGE][PASSED] - Text of object 'Object Repository/1. Constant/xpath' is: 'Phase 3.2 [Question]'

2022-06-09 19:46:18 - [TEST_STEP][PASSED] - verifyMatch(Lifecycle_Status4, "Phase 3.2 [Question]", false): Actual text 'Phase 3.2 [Question]' and expected text 'Phase 3.2 [Question]' are matched 

2022-06-09 19:46:18 - [MESSAGE][PASSED] - Actual text 'Phase 3.2 [Question]' and expected text 'Phase 3.2 [Question]' are matched 

2022-06-09 19:46:18 - [TEST_STEP][PASSED] - I.Logout(): Delayed 3 second(s)

2022-06-09 19:46:21 - [MESSAGE][PASSED] - Delayed 3 second(s)

2022-06-09 19:46:21 - [MESSAGE][PASSED] - Object: 'Object Repository/1. Constant/xpath' is clicked on

2022-06-09 19:46:24 - [MESSAGE][PASSED] - Delayed 3 second(s)

2022-06-09 19:46:26 - [MESSAGE][PASSED] - Object: 'Object Repository/1. Constant/xpath' is clicked on

2022-06-09 19:46:29 - [MESSAGE][PASSED] - Delayed 3 second(s)

2022-06-09 19:46:29 - [TEST_STEP][PASSED] - I.Login_password("nturner", password_nturner): Object: 'Object Repository/1. Constant/xpath' is clicked on

2022-06-09 19:46:29 - [MESSAGE][PASSED] - Text 'nturner' is set on object 'Object Repository/1. Constant/xpath'

2022-06-09 19:46:30 - [MESSAGE][PASSED] - Delayed 1 second(s)

2022-06-09 19:46:31 - [MESSAGE][PASSED] - Text 'diadeis1' is set on object 'Object Repository/1. Constant/xpath'

2022-06-09 19:46:32 - [MESSAGE][PASSED] - Delayed 1 second(s)

2022-06-09 19:46:35 - [MESSAGE][PASSED] - Object: 'Object Repository/1. Constant/xpath' is clicked on

2022-06-09 19:46:35 - [TEST_STEP][PASSED] - delay(1): Delayed 1 second(s)

2022-06-09 19:46:36 - [MESSAGE][PASSED] - Delayed 1 second(s)

2022-06-09 19:46:36 - [TEST_STEP][PASSED] - takeScreenshot(): Taking screenshot successfully

2022-06-09 19:46:37 - [MESSAGE][PASSED] - Taking screenshot successfully
[[ATTACHMENT|D:\\Projet Test Auto\\Mediabox Test Automation\\Reports\\20220609_181011\\03. Parallel Testing (Testing)\\TS -PT PART 3\\14.02 Dreyers Support Action (Ongoing _ Completed ref) - PART 2\\20220609_181057\\1654796796863.png]]

2022-06-09 19:46:37 - [TEST_STEP][PASSED] - click(findTestObject("1. Constant/02_LHSMenu_Projects")): Object: 'Object Repository/1. Constant/02_LHSMenu_Projects' is clicked on

2022-06-09 19:46:39 - [MESSAGE][PASSED] - Object: 'Object Repository/1. Constant/02_LHSMenu_Projects' is clicked on

2022-06-09 19:46:39 - [TEST_STEP][PASSED] - I.SearchProjectNo_xpath(Project_No, "//*[@id="keynum_project"]", "//*[@id="form_filters"]/div[4]/button"): Delayed 5 second(s)

2022-06-09 19:46:40 - [MESSAGE][PASSED] - Delayed 1 second(s)

2022-06-09 19:46:40 - [MESSAGE][PASSED] - Text 'MI000876' is set on object 'Object Repository/1. Constant/xpath'

2022-06-09 19:46:43 - [MESSAGE][PASSED] - Delayed 3 second(s)

2022-06-09 19:46:43 - [MESSAGE][PASSED] - Scroll to object 'Object Repository/1. Constant/xpath' successfully

2022-06-09 19:46:46 - [MESSAGE][PASSED] - Object: 'Object Repository/1. Constant/xpath' is clicked on

2022-06-09 19:46:51 - [MESSAGE][PASSED] - Delayed 5 second(s)

2022-06-09 19:46:51 - [TEST_STEP][PASSED] - takeScreenshot(): Taking screenshot successfully

2022-06-09 19:46:52 - [MESSAGE][PASSED] - Taking screenshot successfully
[[ATTACHMENT|D:\\Projet Test Auto\\Mediabox Test Automation\\Reports\\20220609_181011\\03. Parallel Testing (Testing)\\TS -PT PART 3\\14.02 Dreyers Support Action (Ongoing _ Completed ref) - PART 2\\20220609_181057\\1654796812019.png]]

2022-06-09 19:46:52 - [TEST_STEP][PASSED] - I.SearchRefNo_xpath("P4_Auto", "//*[@id="fiche_filter_keywords11"]", "//*[@id="form_filters"]/div[3]/button"): Delayed 5 second(s)

2022-06-09 19:46:53 - [MESSAGE][PASSED] - Delayed 1 second(s)

2022-06-09 19:46:54 - [MESSAGE][PASSED] - Text 'P4_Auto' is set on object 'Object Repository/1. Constant/xpath'

2022-06-09 19:46:57 - [MESSAGE][PASSED] - Delayed 3 second(s)

2022-06-09 19:46:57 - [MESSAGE][PASSED] - Scroll to object 'Object Repository/1. Constant/xpath' successfully

2022-06-09 19:46:59 - [MESSAGE][PASSED] - Object: 'Object Repository/1. Constant/xpath' is clicked on

2022-06-09 19:47:04 - [MESSAGE][PASSED] - Delayed 5 second(s)

2022-06-09 19:47:04 - [TEST_STEP][PASSED] - I.submitquesiton_ref(findTestObject("1. Constant/xpath", ["xpath":"//*[@id="source_" + refID4 + ""]/td[13]/div/button"]), findTestObject("1. Constant/xpath", ["xpath":"//*[@id="source_" + refID4 + ""]/td[13]/div/div/a[1]"])): Object: 'Object Repository/1. Constant/xpath' is clicked on

2022-06-09 19:47:04 - [MESSAGE][PASSED] - Object: 'Object Repository/1. Constant/xpath' is clicked on

2022-06-09 19:47:07 - [MESSAGE][PASSED] - Delayed 3 second(s)

2022-06-09 19:47:09 - [MESSAGE][PASSED] - Object: 'Object Repository/1. Constant/xpath' is clicked on

2022-06-09 19:47:09 - [TEST_STEP][PASSED] - click(findTestObject("1. Constant/xpath", ["xpath":"//*[@id="ModifFiche"]/div[1]/div/button[2]"])): Object: 'Object Repository/1. Constant/xpath' is clicked on

2022-06-09 19:47:12 - [MESSAGE][PASSED] - Object: 'Object Repository/1. Constant/xpath' is clicked on

2022-06-09 19:47:12 - [TEST_STEP][PASSED] - Lifecycle_Status5 = getText(findTestObject("1. Constant/xpath", ["xpath":"//*[@id="source_" + refID4 + ""]/td[12]/span[1]"])): Text of object 'Object Repository/1. Constant/xpath' is: 'Phase 3.3 [Standard]'

2022-06-09 19:47:13 - [MESSAGE][PASSED] - Text of object 'Object Repository/1. Constant/xpath' is: 'Phase 3.3 [Standard]'

2022-06-09 19:47:13 - [TEST_STEP][PASSED] - verifyMatch(Lifecycle_Status5, "Phase 3.3 [Standard]", false): Actual text 'Phase 3.3 [Standard]' and expected text 'Phase 3.3 [Standard]' are matched 

2022-06-09 19:47:13 - [MESSAGE][PASSED] - Actual text 'Phase 3.3 [Standard]' and expected text 'Phase 3.3 [Standard]' are matched 

2022-06-09 19:47:13 - [TEST_STEP][PASSED] - takeScreenshot(): Taking screenshot successfully

2022-06-09 19:47:14 - [MESSAGE][PASSED] - Taking screenshot successfully
[[ATTACHMENT|D:\\Projet Test Auto\\Mediabox Test Automation\\Reports\\20220609_181011\\03. Parallel Testing (Testing)\\TS -PT PART 3\\14.02 Dreyers Support Action (Ongoing _ Completed ref) - PART 2\\20220609_181057\\1654796834251.png]]

2022-06-09 19:47:14 - [TEST_STEP][PASSED] - I.Logout(): Delayed 3 second(s)

2022-06-09 19:47:17 - [MESSAGE][PASSED] - Delayed 3 second(s)

2022-06-09 19:47:18 - [MESSAGE][PASSED] - Object: 'Object Repository/1. Constant/xpath' is clicked on

2022-06-09 19:47:21 - [MESSAGE][PASSED] - Delayed 3 second(s)

2022-06-09 19:47:24 - [MESSAGE][PASSED] - Object: 'Object Repository/1. Constant/xpath' is clicked on

2022-06-09 19:47:27 - [MESSAGE][PASSED] - Delayed 3 second(s)

2022-06-09 19:47:27 - [TEST_STEP][PASSED] - I.Login_password("jryan", password_jryan): Object: 'Object Repository/1. Constant/xpath' is clicked on

2022-06-09 19:47:28 - [MESSAGE][PASSED] - Text 'jryan' is set on object 'Object Repository/1. Constant/xpath'

2022-06-09 19:47:29 - [MESSAGE][PASSED] - Delayed 1 second(s)

2022-06-09 19:47:29 - [MESSAGE][PASSED] - Text 'diadeis' is set on object 'Object Repository/1. Constant/xpath'

2022-06-09 19:47:30 - [MESSAGE][PASSED] - Delayed 1 second(s)

2022-06-09 19:47:34 - [MESSAGE][PASSED] - Object: 'Object Repository/1. Constant/xpath' is clicked on

2022-06-09 19:47:34 - [TEST_STEP][PASSED] - takeScreenshot(): Taking screenshot successfully

2022-06-09 19:47:34 - [MESSAGE][PASSED] - Taking screenshot successfully
[[ATTACHMENT|D:\\Projet Test Auto\\Mediabox Test Automation\\Reports\\20220609_181011\\03. Parallel Testing (Testing)\\TS -PT PART 3\\14.02 Dreyers Support Action (Ongoing _ Completed ref) - PART 2\\20220609_181057\\1654796854251.png]]

2022-06-09 19:47:34 - [TEST_STEP][PASSED] - click(findTestObject("1. Constant/02_LHSMenu_Projects")): Object: 'Object Repository/1. Constant/02_LHSMenu_Projects' is clicked on

2022-06-09 19:47:37 - [MESSAGE][PASSED] - Object: 'Object Repository/1. Constant/02_LHSMenu_Projects' is clicked on

2022-06-09 19:47:37 - [TEST_STEP][PASSED] - I.SearchProjectNo_xpath(Project_No, "//*[@id="keynum_project"]", "//*[@id="form_filters"]/div[4]/button"): Delayed 5 second(s)

2022-06-09 19:47:38 - [MESSAGE][PASSED] - Delayed 1 second(s)

2022-06-09 19:47:38 - [MESSAGE][PASSED] - Text 'MI000876' is set on object 'Object Repository/1. Constant/xpath'

2022-06-09 19:47:41 - [MESSAGE][PASSED] - Delayed 3 second(s)

2022-06-09 19:47:42 - [MESSAGE][PASSED] - Scroll to object 'Object Repository/1. Constant/xpath' successfully

2022-06-09 19:47:45 - [MESSAGE][PASSED] - Object: 'Object Repository/1. Constant/xpath' is clicked on

2022-06-09 19:47:50 - [MESSAGE][PASSED] - Delayed 5 second(s)

2022-06-09 19:47:50 - [TEST_STEP][PASSED] - takeScreenshot(): Taking screenshot successfully

2022-06-09 19:47:50 - [MESSAGE][PASSED] - Taking screenshot successfully
[[ATTACHMENT|D:\\Projet Test Auto\\Mediabox Test Automation\\Reports\\20220609_181011\\03. Parallel Testing (Testing)\\TS -PT PART 3\\14.02 Dreyers Support Action (Ongoing _ Completed ref) - PART 2\\20220609_181057\\1654796870200.png]]

2022-06-09 19:47:50 - [TEST_STEP][PASSED] - I.SearchRefNo_xpath("P4_Auto", "//*[@id="fiche_filter_keywords11"]", "//*[@id="form_filters"]/div[3]/button"): Delayed 5 second(s)

2022-06-09 19:47:51 - [MESSAGE][PASSED] - Delayed 1 second(s)

2022-06-09 19:47:52 - [MESSAGE][PASSED] - Text 'P4_Auto' is set on object 'Object Repository/1. Constant/xpath'

2022-06-09 19:47:55 - [MESSAGE][PASSED] - Delayed 3 second(s)

2022-06-09 19:47:55 - [MESSAGE][PASSED] - Scroll to object 'Object Repository/1. Constant/xpath' successfully

2022-06-09 19:47:57 - [MESSAGE][PASSED] - Object: 'Object Repository/1. Constant/xpath' is clicked on

2022-06-09 19:48:02 - [MESSAGE][PASSED] - Delayed 5 second(s)

2022-06-09 19:48:02 - [TEST_STEP][PASSED] - takeScreenshot(): Taking screenshot successfully

2022-06-09 19:48:03 - [MESSAGE][PASSED] - Taking screenshot successfully
[[ATTACHMENT|D:\\Projet Test Auto\\Mediabox Test Automation\\Reports\\20220609_181011\\03. Parallel Testing (Testing)\\TS -PT PART 3\\14.02 Dreyers Support Action (Ongoing _ Completed ref) - PART 2\\20220609_181057\\1654796882820.png]]

2022-06-09 19:48:03 - [TEST_STEP][PASSED] - click(findTestObject("1. Constant/xpath", ["xpath":"//*[@id="source_" + refID4 + ""]/td[14]/a[2]"])): Object: 'Object Repository/1. Constant/xpath' is clicked on

2022-06-09 19:48:04 - [MESSAGE][PASSED] - Object: 'Object Repository/1. Constant/xpath' is clicked on

2022-06-09 19:48:04 - [TEST_STEP][PASSED] - click(findTestObject("1. Constant/xpath", ["xpath":"//*[@id="ModifFiche"]/div[1]/div/button[2]"])): Object: 'Object Repository/1. Constant/xpath' is clicked on

2022-06-09 19:48:07 - [MESSAGE][PASSED] - Object: 'Object Repository/1. Constant/xpath' is clicked on

2022-06-09 19:48:07 - [TEST_STEP][PASSED] - Lifecycle_Status6 = getText(findTestObject("1. Constant/xpath", ["xpath":"//*[@id="source_" + refID4 + ""]/td[12]/span[1]"])): Text of object 'Object Repository/1. Constant/xpath' is: 'Phase 3.4 [Standard]'

2022-06-09 19:48:07 - [MESSAGE][PASSED] - Text of object 'Object Repository/1. Constant/xpath' is: 'Phase 3.4 [Standard]'

2022-06-09 19:48:07 - [TEST_STEP][PASSED] - verifyMatch(Lifecycle_Status6, "Phase 3.4 [Standard]", false): Actual text 'Phase 3.4 [Standard]' and expected text 'Phase 3.4 [Standard]' are matched 

2022-06-09 19:48:07 - [MESSAGE][PASSED] - Actual text 'Phase 3.4 [Standard]' and expected text 'Phase 3.4 [Standard]' are matched 

2022-06-09 19:48:07 - [TEST_STEP][PASSED] - takeScreenshot(): Taking screenshot successfully

2022-06-09 19:48:07 - [MESSAGE][PASSED] - Taking screenshot successfully
[[ATTACHMENT|D:\\Projet Test Auto\\Mediabox Test Automation\\Reports\\20220609_181011\\03. Parallel Testing (Testing)\\TS -PT PART 3\\14.02 Dreyers Support Action (Ongoing _ Completed ref) - PART 2\\20220609_181057\\1654796887398.png]]

2022-06-09 19:48:07 - [TEST_STEP][PASSED] - I.Logout(): Delayed 3 second(s)

2022-06-09 19:48:10 - [MESSAGE][PASSED] - Delayed 3 second(s)

2022-06-09 19:48:11 - [MESSAGE][PASSED] - Object: 'Object Repository/1. Constant/xpath' is clicked on

2022-06-09 19:48:14 - [MESSAGE][PASSED] - Delayed 3 second(s)

2022-06-09 19:48:16 - [MESSAGE][PASSED] - Object: 'Object Repository/1. Constant/xpath' is clicked on

2022-06-09 19:48:19 - [MESSAGE][PASSED] - Delayed 3 second(s)

2022-06-09 19:48:19 - [TEST_STEP][PASSED] - I.Login_password("nturner", password_nturner): Object: 'Object Repository/1. Constant/xpath' is clicked on

2022-06-09 19:48:20 - [MESSAGE][PASSED] - Text 'nturner' is set on object 'Object Repository/1. Constant/xpath'

2022-06-09 19:48:21 - [MESSAGE][PASSED] - Delayed 1 second(s)

2022-06-09 19:48:21 - [MESSAGE][PASSED] - Text 'diadeis1' is set on object 'Object Repository/1. Constant/xpath'

2022-06-09 19:48:22 - [MESSAGE][PASSED] - Delayed 1 second(s)

2022-06-09 19:48:25 - [MESSAGE][PASSED] - Object: 'Object Repository/1. Constant/xpath' is clicked on

2022-06-09 19:48:25 - [TEST_STEP][PASSED] - takeScreenshot(): Taking screenshot successfully

2022-06-09 19:48:25 - [MESSAGE][PASSED] - Taking screenshot successfully
[[ATTACHMENT|D:\\Projet Test Auto\\Mediabox Test Automation\\Reports\\20220609_181011\\03. Parallel Testing (Testing)\\TS -PT PART 3\\14.02 Dreyers Support Action (Ongoing _ Completed ref) - PART 2\\20220609_181057\\1654796905279.png]]

2022-06-09 19:48:25 - [TEST_STEP][PASSED] - click(findTestObject("1. Constant/02_LHSMenu_Projects")): Object: 'Object Repository/1. Constant/02_LHSMenu_Projects' is clicked on

2022-06-09 19:48:27 - [MESSAGE][PASSED] - Object: 'Object Repository/1. Constant/02_LHSMenu_Projects' is clicked on

2022-06-09 19:48:27 - [TEST_STEP][PASSED] - I.SearchProjectNo_xpath(Project_No, "//*[@id="keynum_project"]", "//*[@id="form_filters"]/div[4]/button"): Delayed 5 second(s)

2022-06-09 19:48:28 - [MESSAGE][PASSED] - Delayed 1 second(s)

2022-06-09 19:48:28 - [MESSAGE][PASSED] - Text 'MI000876' is set on object 'Object Repository/1. Constant/xpath'

2022-06-09 19:48:31 - [MESSAGE][PASSED] - Delayed 3 second(s)

2022-06-09 19:48:31 - [MESSAGE][PASSED] - Scroll to object 'Object Repository/1. Constant/xpath' successfully

2022-06-09 19:48:36 - [MESSAGE][PASSED] - Object: 'Object Repository/1. Constant/xpath' is clicked on

2022-06-09 19:48:41 - [MESSAGE][PASSED] - Delayed 5 second(s)

2022-06-09 19:48:41 - [TEST_STEP][PASSED] - takeScreenshot(): Taking screenshot successfully

2022-06-09 19:48:42 - [MESSAGE][PASSED] - Taking screenshot successfully
[[ATTACHMENT|D:\\Projet Test Auto\\Mediabox Test Automation\\Reports\\20220609_181011\\03. Parallel Testing (Testing)\\TS -PT PART 3\\14.02 Dreyers Support Action (Ongoing _ Completed ref) - PART 2\\20220609_181057\\1654796921749.png]]

2022-06-09 19:48:42 - [TEST_STEP][PASSED] - I.SearchRefNo_xpath("P4_Auto", "//*[@id="fiche_filter_keywords11"]", "//*[@id="form_filters"]/div[3]/button"): Delayed 5 second(s)

2022-06-09 19:48:43 - [MESSAGE][PASSED] - Delayed 1 second(s)

2022-06-09 19:48:43 - [MESSAGE][PASSED] - Text 'P4_Auto' is set on object 'Object Repository/1. Constant/xpath'

2022-06-09 19:48:46 - [MESSAGE][PASSED] - Delayed 3 second(s)

2022-06-09 19:48:46 - [MESSAGE][PASSED] - Scroll to object 'Object Repository/1. Constant/xpath' successfully

2022-06-09 19:48:48 - [MESSAGE][PASSED] - Object: 'Object Repository/1. Constant/xpath' is clicked on

2022-06-09 19:48:53 - [MESSAGE][PASSED] - Delayed 5 second(s)

2022-06-09 19:48:53 - [TEST_STEP][PASSED] - click(findTestObject("1. Constant/xpath", ["xpath":"//*[@id="source_" + refID4 + ""]/td[13]/a[2]"])): Object: 'Object Repository/1. Constant/xpath' is clicked on

2022-06-09 19:48:56 - [MESSAGE][PASSED] - Object: 'Object Repository/1. Constant/xpath' is clicked on

2022-06-09 19:48:56 - [TEST_STEP][PASSED] - click(findTestObject("1. Constant/xpath", ["xpath":"//*[@id="ModifFiche"]/div[1]/div/button[2]"])): Object: 'Object Repository/1. Constant/xpath' is clicked on

2022-06-09 19:49:00 - [MESSAGE][PASSED] - Object: 'Object Repository/1. Constant/xpath' is clicked on

2022-06-09 19:49:00 - [TEST_STEP][PASSED] - Lifecycle_Status7 = getText(findTestObject("1. Constant/xpath", ["xpath":"//*[@id="source_" + refID4 + ""]/td[12]/span[1]"])): Text of object 'Object Repository/1. Constant/xpath' is: 'Phase 3.5[Prod]'

2022-06-09 19:49:00 - [MESSAGE][PASSED] - Text of object 'Object Repository/1. Constant/xpath' is: 'Phase 3.5[Prod]'

2022-06-09 19:49:00 - [TEST_STEP][PASSED] - verifyMatch(Lifecycle_Status7, "Phase 3.5[Prod]", false): Actual text 'Phase 3.5[Prod]' and expected text 'Phase 3.5[Prod]' are matched 

2022-06-09 19:49:00 - [MESSAGE][PASSED] - Actual text 'Phase 3.5[Prod]' and expected text 'Phase 3.5[Prod]' are matched 

2022-06-09 19:49:00 - [TEST_STEP][PASSED] - takeScreenshot(): Taking screenshot successfully

2022-06-09 19:49:01 - [MESSAGE][PASSED] - Taking screenshot successfully
[[ATTACHMENT|D:\\Projet Test Auto\\Mediabox Test Automation\\Reports\\20220609_181011\\03. Parallel Testing (Testing)\\TS -PT PART 3\\14.02 Dreyers Support Action (Ongoing _ Completed ref) - PART 2\\20220609_181057\\1654796941011.png]]

2022-06-09 19:49:01 - [TEST_STEP][PASSED] - I.Logout(): Delayed 3 second(s)

2022-06-09 19:49:04 - [MESSAGE][PASSED] - Delayed 3 second(s)

2022-06-09 19:49:04 - [MESSAGE][PASSED] - Object: 'Object Repository/1. Constant/xpath' is clicked on

2022-06-09 19:49:07 - [MESSAGE][PASSED] - Delayed 3 second(s)

2022-06-09 19:49:10 - [MESSAGE][PASSED] - Object: 'Object Repository/1. Constant/xpath' is clicked on

2022-06-09 19:49:13 - [MESSAGE][PASSED] - Delayed 3 second(s)

2022-06-09 19:49:13 - [TEST_STEP][PASSED] - I.Login_password("lmary", password_lmary): Object: 'Object Repository/1. Constant/xpath' is clicked on

2022-06-09 19:49:13 - [MESSAGE][PASSED] - Text 'lmary' is set on object 'Object Repository/1. Constant/xpath'

2022-06-09 19:49:14 - [MESSAGE][PASSED] - Delayed 1 second(s)

2022-06-09 19:49:15 - [MESSAGE][PASSED] - Text 'diadeis' is set on object 'Object Repository/1. Constant/xpath'

2022-06-09 19:49:16 - [MESSAGE][PASSED] - Delayed 1 second(s)

2022-06-09 19:49:20 - [MESSAGE][PASSED] - Object: 'Object Repository/1. Constant/xpath' is clicked on

2022-06-09 19:49:20 - [TEST_STEP][PASSED] - takeScreenshot(): Taking screenshot successfully

2022-06-09 19:49:21 - [MESSAGE][PASSED] - Taking screenshot successfully
[[ATTACHMENT|D:\\Projet Test Auto\\Mediabox Test Automation\\Reports\\20220609_181011\\03. Parallel Testing (Testing)\\TS -PT PART 3\\14.02 Dreyers Support Action (Ongoing _ Completed ref) - PART 2\\20220609_181057\\1654796960963.png]]

2022-06-09 19:49:21 - [TEST_STEP][PASSED] - click(findTestObject("1. Constant/02_LHSMenu_Projects")): Object: 'Object Repository/1. Constant/02_LHSMenu_Projects' is clicked on

2022-06-09 19:49:24 - [MESSAGE][PASSED] - Object: 'Object Repository/1. Constant/02_LHSMenu_Projects' is clicked on

2022-06-09 19:49:24 - [TEST_STEP][PASSED] - I.SearchProjectNo_xpath(Project_No, "//*[@id="keynum_project"]", "//*[@id="form_filters"]/div[4]/button"): Delayed 5 second(s)

2022-06-09 19:49:25 - [MESSAGE][PASSED] - Delayed 1 second(s)

2022-06-09 19:49:26 - [MESSAGE][PASSED] - Text 'MI000876' is set on object 'Object Repository/1. Constant/xpath'

2022-06-09 19:49:29 - [MESSAGE][PASSED] - Delayed 3 second(s)

2022-06-09 19:49:29 - [MESSAGE][PASSED] - Scroll to object 'Object Repository/1. Constant/xpath' successfully

2022-06-09 19:49:31 - [MESSAGE][PASSED] - Object: 'Object Repository/1. Constant/xpath' is clicked on

2022-06-09 19:49:36 - [MESSAGE][PASSED] - Delayed 5 second(s)

2022-06-09 19:49:36 - [TEST_STEP][PASSED] - takeScreenshot(): Taking screenshot successfully

2022-06-09 19:49:36 - [MESSAGE][PASSED] - Taking screenshot successfully
[[ATTACHMENT|D:\\Projet Test Auto\\Mediabox Test Automation\\Reports\\20220609_181011\\03. Parallel Testing (Testing)\\TS -PT PART 3\\14.02 Dreyers Support Action (Ongoing _ Completed ref) - PART 2\\20220609_181057\\1654796976594.png]]

2022-06-09 19:49:36 - [TEST_STEP][PASSED] - I.SearchRefNo_xpath("P4_Auto", "//*[@id="fiche_filter_keywords11"]", "//*[@id="form_filters"]/div[3]/button"): Delayed 5 second(s)

2022-06-09 19:49:37 - [MESSAGE][PASSED] - Delayed 1 second(s)

2022-06-09 19:49:38 - [MESSAGE][PASSED] - Text 'P4_Auto' is set on object 'Object Repository/1. Constant/xpath'

2022-06-09 19:49:41 - [MESSAGE][PASSED] - Delayed 3 second(s)

2022-06-09 19:49:41 - [MESSAGE][PASSED] - Scroll to object 'Object Repository/1. Constant/xpath' successfully

2022-06-09 19:49:43 - [MESSAGE][PASSED] - Object: 'Object Repository/1. Constant/xpath' is clicked on

2022-06-09 19:49:48 - [MESSAGE][PASSED] - Delayed 5 second(s)

2022-06-09 19:49:48 - [TEST_STEP][PASSED] - takeScreenshot(): Taking screenshot successfully

2022-06-09 19:49:48 - [MESSAGE][PASSED] - Taking screenshot successfully
[[ATTACHMENT|D:\\Projet Test Auto\\Mediabox Test Automation\\Reports\\20220609_181011\\03. Parallel Testing (Testing)\\TS -PT PART 3\\14.02 Dreyers Support Action (Ongoing _ Completed ref) - PART 2\\20220609_181057\\1654796988662.png]]

2022-06-09 19:49:48 - [TEST_STEP][PASSED] - color3 = getCSSValue(findTestObject("1. Constant/xpath", ["xpath":"//*[@id="source_" + refID4 + ""]/td[13]/a"]), "color", OPTIONAL): Get CSS 'color' value on 'Object Repository/1. Constant/xpath' successfully: 'rgba(255, 255, 255, 1)'.

2022-06-09 19:49:49 - [MESSAGE][PASSED] - Get CSS 'color' value on 'Object Repository/1. Constant/xpath' successfully: 'rgba(255, 255, 255, 1)'.

2022-06-09 19:49:49 - [TEST_STEP][PASSED] - while (color3 == "rgba(255, 255, 255, 1)"): Get CSS 'color' value on 'Object Repository/1. Constant/xpath' successfully: 'rgba(54, 153, 255, 1)'.

2022-06-09 19:49:49 - [TEST_STEP][PASSED] - click(findTestObject("1. Constant/xpath", ["xpath":"//*[@id="source_" + refID4 + ""]/td[13]/a"])): Object: 'Object Repository/1. Constant/xpath' is clicked on

2022-06-09 19:49:50 - [MESSAGE][PASSED] - Object: 'Object Repository/1. Constant/xpath' is clicked on

2022-06-09 19:49:50 - [TEST_STEP][PASSED] - selectOptionByValue(findTestObject("1. Constant/xpath", ["xpath":"//*[@id="id_approval_flow_tpl"]"]), "80", false): All options with value '80' are selected in object 'Object Repository/1. Constant/xpath' 

2022-06-09 19:49:50 - [MESSAGE][PASSED] - All options with value '80' are selected in object 'Object Repository/1. Constant/xpath' 

2022-06-09 19:49:50 - [TEST_STEP][PASSED] - I.UploadDoc_sendkey_Prod(findTestObject("1. Constant/xpath", ["xpath":"//*[@id="kt_body"]/input[2]"]), "D:\Upoad_File\Upload doc\testdata1.jpg", "testdata1"): Delayed 5 second(s)

2022-06-09 19:49:50 - [MESSAGE][PASSED] - Scroll to object 'Object Repository/1. Constant/xpath' successfully

2022-06-09 19:49:55 - [MESSAGE][PASSED] - Delayed 5 second(s)

2022-06-09 19:49:55 - [MESSAGE][PASSED] - File 'D:\Upoad_File\Upload doc\testdata1.jpg' sent to object: 'Object Repository/1. Constant/xpath'

2022-06-09 19:50:00 - [MESSAGE][PASSED] - Delayed 5 second(s)

2022-06-09 19:50:00 - [MESSAGE][PASSED] - Text 'testdata1' is present on page 

2022-06-09 19:50:05 - [MESSAGE][PASSED] - Delayed 5 second(s)

2022-06-09 19:50:10 - [MESSAGE][PASSED] - Delayed 5 second(s)

2022-06-09 19:50:10 - [TEST_STEP][PASSED] - takeScreenshot(): Taking screenshot successfully

2022-06-09 19:50:11 - [MESSAGE][PASSED] - Taking screenshot successfully
[[ATTACHMENT|D:\\Projet Test Auto\\Mediabox Test Automation\\Reports\\20220609_181011\\03. Parallel Testing (Testing)\\TS -PT PART 3\\14.02 Dreyers Support Action (Ongoing _ Completed ref) - PART 2\\20220609_181057\\1654797011334.png]]

2022-06-09 19:50:11 - [TEST_STEP][PASSED] - delay(8): Delayed 8 second(s)

2022-06-09 19:50:19 - [MESSAGE][PASSED] - Delayed 8 second(s)

2022-06-09 19:50:19 - [TEST_STEP][PASSED] - click(findTestObject("HL Full Lifecycle/12 ReferncePage_Button_Updatensenddoc")): Object: 'Object Repository/HL Full Lifecycle/12 ReferncePage_Button_Updatensenddoc' is clicked on

2022-06-09 19:50:24 - [MESSAGE][PASSED] - Object: 'Object Repository/HL Full Lifecycle/12 ReferncePage_Button_Updatensenddoc' is clicked on

2022-06-09 19:50:24 - [TEST_STEP][PASSED] - delay(5): Delayed 5 second(s)

2022-06-09 19:50:29 - [MESSAGE][PASSED] - Delayed 5 second(s)

2022-06-09 19:50:29 - [TEST_STEP][PASSED] - color3 = getCSSValue(findTestObject("1. Constant/xpath", ["xpath":"//*[@id="source_" + refID4 + ""]/td[13]/a"]), "color", OPTIONAL): Get CSS 'color' value on 'Object Repository/1. Constant/xpath' successfully: 'rgba(54, 153, 255, 1)'.

2022-06-09 19:50:30 - [MESSAGE][PASSED] - Get CSS 'color' value on 'Object Repository/1. Constant/xpath' successfully: 'rgba(54, 153, 255, 1)'.

2022-06-09 19:50:30 - [TEST_STEP][PASSED] - I.Logout(): Delayed 3 second(s)

2022-06-09 19:50:33 - [MESSAGE][PASSED] - Delayed 3 second(s)

2022-06-09 19:50:33 - [MESSAGE][PASSED] - Object: 'Object Repository/1. Constant/xpath' is clicked on

2022-06-09 19:50:36 - [MESSAGE][PASSED] - Delayed 3 second(s)

2022-06-09 19:50:39 - [MESSAGE][PASSED] - Object: 'Object Repository/1. Constant/xpath' is clicked on

2022-06-09 19:50:42 - [MESSAGE][PASSED] - Delayed 3 second(s)

2022-06-09 19:50:42 - [TEST_STEP][PASSED] - I.Login_password("blemco", password_blemco): Object: 'Object Repository/1. Constant/xpath' is clicked on

2022-06-09 19:50:43 - [MESSAGE][PASSED] - Text 'blemco' is set on object 'Object Repository/1. Constant/xpath'

2022-06-09 19:50:44 - [MESSAGE][PASSED] - Delayed 1 second(s)

2022-06-09 19:50:44 - [MESSAGE][PASSED] - Text 'diadeis1' is set on object 'Object Repository/1. Constant/xpath'

2022-06-09 19:50:45 - [MESSAGE][PASSED] - Delayed 1 second(s)

2022-06-09 19:50:50 - [MESSAGE][PASSED] - Object: 'Object Repository/1. Constant/xpath' is clicked on

2022-06-09 19:50:50 - [TEST_STEP][PASSED] - takeScreenshot(): Taking screenshot successfully

2022-06-09 19:50:51 - [MESSAGE][PASSED] - Taking screenshot successfully
[[ATTACHMENT|D:\\Projet Test Auto\\Mediabox Test Automation\\Reports\\20220609_181011\\03. Parallel Testing (Testing)\\TS -PT PART 3\\14.02 Dreyers Support Action (Ongoing _ Completed ref) - PART 2\\20220609_181057\\1654797051092.png]]

2022-06-09 19:50:51 - [TEST_STEP][PASSED] - click(findTestObject("1. Constant/02_LHSMenu_Projects")): Object: 'Object Repository/1. Constant/02_LHSMenu_Projects' is clicked on

2022-06-09 19:50:54 - [MESSAGE][PASSED] - Object: 'Object Repository/1. Constant/02_LHSMenu_Projects' is clicked on

2022-06-09 19:50:54 - [TEST_STEP][PASSED] - I.SearchProjectNo_xpath(Project_No, "//*[@id="keynum_project"]", "//*[@id="form_filters"]/div[4]/button"): Delayed 5 second(s)

2022-06-09 19:50:55 - [MESSAGE][PASSED] - Delayed 1 second(s)

2022-06-09 19:50:57 - [MESSAGE][PASSED] - Text 'MI000876' is set on object 'Object Repository/1. Constant/xpath'

2022-06-09 19:51:00 - [MESSAGE][PASSED] - Delayed 3 second(s)

2022-06-09 19:51:00 - [MESSAGE][PASSED] - Scroll to object 'Object Repository/1. Constant/xpath' successfully

2022-06-09 19:51:03 - [MESSAGE][PASSED] - Object: 'Object Repository/1. Constant/xpath' is clicked on

2022-06-09 19:51:08 - [MESSAGE][PASSED] - Delayed 5 second(s)

2022-06-09 19:51:08 - [TEST_STEP][PASSED] - takeScreenshot(): Taking screenshot successfully

2022-06-09 19:51:10 - [MESSAGE][PASSED] - Taking screenshot successfully
[[ATTACHMENT|D:\\Projet Test Auto\\Mediabox Test Automation\\Reports\\20220609_181011\\03. Parallel Testing (Testing)\\TS -PT PART 3\\14.02 Dreyers Support Action (Ongoing _ Completed ref) - PART 2\\20220609_181057\\1654797068783.png]]

2022-06-09 19:51:10 - [TEST_STEP][PASSED] - I.SearchRefNo_xpath("P4_Auto", "//*[@id="fiche_filter_keywords11"]", "//*[@id="form_filters"]/div[3]/button"): Delayed 5 second(s)

2022-06-09 19:51:11 - [MESSAGE][PASSED] - Delayed 1 second(s)

2022-06-09 19:51:12 - [MESSAGE][PASSED] - Text 'P4_Auto' is set on object 'Object Repository/1. Constant/xpath'

2022-06-09 19:51:15 - [MESSAGE][PASSED] - Delayed 3 second(s)

2022-06-09 19:51:15 - [MESSAGE][PASSED] - Scroll to object 'Object Repository/1. Constant/xpath' successfully

2022-06-09 19:51:18 - [MESSAGE][PASSED] - Object: 'Object Repository/1. Constant/xpath' is clicked on

2022-06-09 19:51:23 - [MESSAGE][PASSED] - Delayed 5 second(s)

2022-06-09 19:51:23 - [TEST_STEP][PASSED] - delay(3): Delayed 3 second(s)

2022-06-09 19:51:26 - [MESSAGE][PASSED] - Delayed 3 second(s)

2022-06-09 19:51:26 - [TEST_STEP][PASSED] - I.AWF_approve_byaction(findTestObject("1. Constant/xpath", ["xpath":"//*[@id="source_" + refID4 + ""]/td[13]/a[2]"])): Object: 'Object Repository/HL Full Lifecycle/Function_Appbutton2' is clicked on

2022-06-09 19:51:31 - [MESSAGE][PASSED] - Delayed 5 second(s)

2022-06-09 19:51:34 - [MESSAGE][PASSED] - Object: 'Object Repository/1. Constant/xpath' is clicked on

2022-06-09 19:51:37 - [MESSAGE][PASSED] - Object: 'Object Repository/HL Full Lifecycle/Function_access Viewer2' is hovered

2022-06-09 19:51:40 - [MESSAGE][PASSED] - Delayed 3 second(s)

2022-06-09 19:51:40 - [MESSAGE][PASSED] - Object: 'Object Repository/HL Full Lifecycle/Function_access Viewer2' is clicked on

2022-06-09 19:51:45 - [MESSAGE][PASSED] - Delayed 5 second(s)

2022-06-09 19:51:47 - [MESSAGE][PASSED] - Object: 'Object Repository/HL Full Lifecycle/Function_AppButton' is clicked on

2022-06-09 19:51:52 - [MESSAGE][PASSED] - Delayed 5 second(s)

2022-06-09 19:51:55 - [MESSAGE][PASSED] - Object: 'Object Repository/HL Full Lifecycle/Function_Appbutton2' is clicked on

2022-06-09 19:51:55 - [TEST_STEP][PASSED] - Lifecycle_Status8 = getText(findTestObject("1. Constant/xpath", ["xpath":"//*[@id="source_" + refID4 + ""]/td[12]/span[1]"])): Text of object 'Object Repository/1. Constant/xpath' is: 'Complete'

2022-06-09 19:51:56 - [MESSAGE][PASSED] - Text of object 'Object Repository/1. Constant/xpath' is: 'Complete'

2022-06-09 19:51:56 - [TEST_STEP][PASSED] - verifyMatch(Lifecycle_Status8, "Complete", false): Actual text 'Complete' and expected text 'Complete' are matched 

2022-06-09 19:51:56 - [MESSAGE][PASSED] - Actual text 'Complete' and expected text 'Complete' are matched 

2022-06-09 19:51:56 - [TEST_STEP][PASSED] - takeScreenshot(): Taking screenshot successfully

2022-06-09 19:51:57 - [MESSAGE][PASSED] - Taking screenshot successfully
[[ATTACHMENT|D:\\Projet Test Auto\\Mediabox Test Automation\\Reports\\20220609_181011\\03. Parallel Testing (Testing)\\TS -PT PART 3\\14.02 Dreyers Support Action (Ongoing _ Completed ref) - PART 2\\20220609_181057\\1654797117126.png]]

2022-06-09 19:51:57 - [TEST_STEP][PASSED] - I.writenotepad("D:\Upoad_File\Projet_ Login\Dreyers\19.1\19.4_Dreyers_refID4.txt", refID4): null

2022-06-09 19:51:57 - [TEST_STEP][PASSED] - closeBrowser(): Browser is closed

2022-06-09 19:51:58 - [MESSAGE][PASSED] - Browser is closed

2022-06-09 19:51:58 - [TEST_STEP][PASSED] - Start listener action : sampleAfterTestCase: null]]></system-out>
         <system-err><![CDATA[]]></system-err>
      </testcase>
      <testcase name="Test Cases/19. Dreyers Support Action (Ongoing ref_completed)/19.15 Dreyers SAS Add Step Group (Completed) S20- Used P4_P15" time="247.629" classname="Test Cases/19. Dreyers Support Action (Ongoing ref_completed)/19.15 Dreyers SAS Add Step Group (Completed) S20- Used P4_P15" status="PASSED">
         <system-out><![CDATA[2022-06-09 19:51:59 - [TEST_CASE][PASSED] - Test Cases/19. Dreyers Support Action (Ongoing ref_completed)/19.15 Dreyers SAS Add Step Group (Completed) S20- Used P4_P15: Test Cases/19. Dreyers Support Action (Ongoing ref_completed)/19.15 Dreyers SAS Add Step Group (Completed) S20- Used P4_P15

2022-06-09 19:52:00 - [TEST_STEP][PASSED] - data_Dreyers = findTestData("Data Files/Username_Password/Dreyer"): null

2022-06-09 19:52:00 - [TEST_STEP][PASSED] - password_suser = data_Dreyers.getValue(2, 1): null

2022-06-09 19:52:00 - [TEST_STEP][PASSED] - password_nturner = data_Dreyers.getValue(2, 6): null

2022-06-09 19:52:00 - [TEST_STEP][PASSED] - password_talexeeva = data_Dreyers.getValue(2, 7): null

2022-06-09 19:52:00 - [TEST_STEP][PASSED] - data_urlRELAUTO = findTestData("Data Files/URL/URL_relauto"): null

2022-06-09 19:52:00 - [TEST_STEP][PASSED] - Url_Dreyer = data_urlRELAUTO.getValue(2, 4): null

2022-06-09 19:52:00 - [TEST_STEP][PASSED] - Project_No = I.readnotepad("D:\Upoad_File\Projet_ Login\Dreyers\19.1\19.1_Dreyers_ProjectNo.txt"): null

2022-06-09 19:52:00 - [TEST_STEP][PASSED] - refID = I.readnotepad("D:\Upoad_File\Projet_ Login\Dreyers\19.1\19.1_Dreyers_refID.txt"): null

2022-06-09 19:52:00 - [TEST_STEP][PASSED] - refID4 = I.readnotepad("D:\Upoad_File\Projet_ Login\Dreyers\19.1\19.4_Dreyers_refID4.txt"): null

2022-06-09 19:52:00 - [TEST_STEP][PASSED] - openBrowser(Url_Dreyer): Browser is opened with url: 'http://mdb-release.diadeis.lan/MediaboxIndependence/?MBI_datasource=RELTESTAUTO_DREYERS'

2022-06-09 19:52:00 - [MESSAGE][INFO] - Starting 'Chrome (headless)' driver

2022-06-09 19:52:00 - [MESSAGE][INFO] - User set preference: ['args', '[--window-size=1920,1080, --headless]']

2022-06-09 19:52:00 - [MESSAGE][INFO] - Action delay is set to 0 milliseconds

2022-06-09 19:52:09 - [MESSAGE][PASSED] - Browser is opened with url: 'http://mdb-release.diadeis.lan/MediaboxIndependence/?MBI_datasource=RELTESTAUTO_DREYERS'

2022-06-09 19:52:09 - [TEST_STEP][PASSED] - maximizeWindow(): Current window maximized

2022-06-09 19:52:10 - [MESSAGE][PASSED] - Current window maximized

2022-06-09 19:52:10 - [TEST_STEP][PASSED] - I.Login_password("suser", password_suser): Object: 'Object Repository/1. Constant/xpath' is clicked on

2022-06-09 19:52:10 - [MESSAGE][PASSED] - Text 'suser' is set on object 'Object Repository/1. Constant/xpath'

2022-06-09 19:52:11 - [MESSAGE][PASSED] - Delayed 1 second(s)

2022-06-09 19:52:12 - [MESSAGE][PASSED] - Text 'diadeis' is set on object 'Object Repository/1. Constant/xpath'

2022-06-09 19:52:13 - [MESSAGE][PASSED] - Delayed 1 second(s)

2022-06-09 19:52:23 - [MESSAGE][PASSED] - Object: 'Object Repository/1. Constant/xpath' is clicked on

2022-06-09 19:52:23 - [TEST_STEP][PASSED] - click(findTestObject("1. Constant/02_LHSMenu_Projects")): Object: 'Object Repository/1. Constant/02_LHSMenu_Projects' is clicked on

2022-06-09 19:52:27 - [MESSAGE][PASSED] - Object: 'Object Repository/1. Constant/02_LHSMenu_Projects' is clicked on

2022-06-09 19:52:27 - [TEST_STEP][PASSED] - I.SearchProjectNo_xpath(Project_No, "//*[@id="keynum_project"]", "//*[@id="form_filters"]/div[4]/button"): Delayed 5 second(s)

2022-06-09 19:52:28 - [MESSAGE][PASSED] - Delayed 1 second(s)

2022-06-09 19:52:28 - [MESSAGE][PASSED] - Text 'MI000876' is set on object 'Object Repository/1. Constant/xpath'

2022-06-09 19:52:31 - [MESSAGE][PASSED] - Delayed 3 second(s)

2022-06-09 19:52:31 - [MESSAGE][PASSED] - Scroll to object 'Object Repository/1. Constant/xpath' successfully

2022-06-09 19:52:35 - [MESSAGE][PASSED] - Object: 'Object Repository/1. Constant/xpath' is clicked on

2022-06-09 19:52:40 - [MESSAGE][PASSED] - Delayed 5 second(s)

2022-06-09 19:52:40 - [TEST_STEP][PASSED] - takeScreenshot(): Taking screenshot successfully

2022-06-09 19:52:40 - [MESSAGE][PASSED] - Taking screenshot successfully
[[ATTACHMENT|D:\\Projet Test Auto\\Mediabox Test Automation\\Reports\\20220609_181011\\03. Parallel Testing (Testing)\\TS -PT PART 3\\14.02 Dreyers Support Action (Ongoing _ Completed ref) - PART 2\\20220609_181057\\1654797160214.png]]

2022-06-09 19:52:40 - [TEST_STEP][PASSED] - I.SearchRefNo_xpath("P4_Auto", "//*[@id="fiche_filter_keywords11"]", "//*[@id="form_filters"]/div[3]/button"): Delayed 5 second(s)

2022-06-09 19:52:41 - [MESSAGE][PASSED] - Delayed 1 second(s)

2022-06-09 19:52:42 - [MESSAGE][PASSED] - Text 'P4_Auto' is set on object 'Object Repository/1. Constant/xpath'

2022-06-09 19:52:45 - [MESSAGE][PASSED] - Delayed 3 second(s)

2022-06-09 19:52:45 - [MESSAGE][PASSED] - Scroll to object 'Object Repository/1. Constant/xpath' successfully

2022-06-09 19:52:49 - [MESSAGE][PASSED] - Object: 'Object Repository/1. Constant/xpath' is clicked on

2022-06-09 19:52:54 - [MESSAGE][PASSED] - Delayed 5 second(s)

2022-06-09 19:52:54 - [TEST_STEP][PASSED] - click(findTestObject("1. Constant/xpath", ["xpath":"//*[@id="source_" + refID4 + ""]/td[6]/a"])): Object: 'Object Repository/1. Constant/xpath' is clicked on

2022-06-09 19:52:57 - [MESSAGE][PASSED] - Object: 'Object Repository/1. Constant/xpath' is clicked on

2022-06-09 19:52:57 - [TEST_STEP][PASSED] - click(findTestObject("1. Constant/xpath", ["xpath":"//*[@id="kt_content"]/div[3]/div/ul/li[3]/a"])): Object: 'Object Repository/1. Constant/xpath' is clicked on

2022-06-09 19:53:00 - [MESSAGE][PASSED] - Object: 'Object Repository/1. Constant/xpath' is clicked on

2022-06-09 19:53:00 - [TEST_STEP][PASSED] - takeScreenshot(): Taking screenshot successfully

2022-06-09 19:53:01 - [MESSAGE][PASSED] - Taking screenshot successfully
[[ATTACHMENT|D:\\Projet Test Auto\\Mediabox Test Automation\\Reports\\20220609_181011\\03. Parallel Testing (Testing)\\TS -PT PART 3\\14.02 Dreyers Support Action (Ongoing _ Completed ref) - PART 2\\20220609_181057\\1654797181014.png]]

2022-06-09 19:53:01 - [TEST_STEP][PASSED] - click(findTestObject("1. Constant/xpath", ["xpath":"/html/body/div[1]/div[2]/div[8]/div[3]/div/div[3]/div[3]/div/ul/li[4]/a"])): Object: 'Object Repository/1. Constant/xpath' is clicked on

2022-06-09 19:53:01 - [MESSAGE][PASSED] - Object: 'Object Repository/1. Constant/xpath' is clicked on

2022-06-09 19:53:01 - [TEST_STEP][PASSED] - click(findTestObject("1. Constant/xpath", ["xpath":"/html/body/div[1]/div[2]/div[8]/div[3]/div/div[3]/div[3]/div/div/div[4]/div/div[5]/div/div[1]/div[2]/div/button"])): Object: 'Object Repository/1. Constant/xpath' is clicked on

2022-06-09 19:53:02 - [MESSAGE][PASSED] - Object: 'Object Repository/1. Constant/xpath' is clicked on

2022-06-09 19:53:02 - [TEST_STEP][PASSED] - takeScreenshot(): Taking screenshot successfully

2022-06-09 19:53:02 - [MESSAGE][PASSED] - Taking screenshot successfully
[[ATTACHMENT|D:\\Projet Test Auto\\Mediabox Test Automation\\Reports\\20220609_181011\\03. Parallel Testing (Testing)\\TS -PT PART 3\\14.02 Dreyers Support Action (Ongoing _ Completed ref) - PART 2\\20220609_181057\\1654797182032.png]]

2022-06-09 19:53:02 - [TEST_STEP][PASSED] - delay(1): Delayed 1 second(s)

2022-06-09 19:53:03 - [MESSAGE][PASSED] - Delayed 1 second(s)

2022-06-09 19:53:03 - [TEST_STEP][PASSED] - x = 20: null

2022-06-09 19:53:03 - [TEST_STEP][PASSED] - i = 1: null

2022-06-09 19:53:03 - [TEST_STEP][PASSED] - while (i <= x): null

2022-06-09 19:53:03 - [TEST_STEP][PASSED] - Expected_SAS_Selected = "SAS S20: Add Step Group AC/ Skip Phase 1.2 [Complete]": null

2022-06-09 19:53:03 - [TEST_STEP][PASSED] - xpath_SAS = "/html/body/div[1]/div[2]/div[8]/div[3]/div/div[3]/div[3]/div/div/div[4]/div/div[5]/div/div[1]/div[2]/div/div/a[" + i + "]": null

2022-06-09 19:53:03 - [TEST_STEP][PASSED] - Actual_SAS = getText(findTestObject("1. Constant/xpath", ["xpath":xpath_SAS])): Text of object 'Object Repository/1. Constant/xpath' is: 'SAS: S14 - Add Step group (SAS Lifecycle - SAS Step C)'

2022-06-09 19:53:03 - [MESSAGE][PASSED] - Text of object 'Object Repository/1. Constant/xpath' is: 'SAS: S14 - Add Step group (SAS Lifecycle - SAS Step C)'

2022-06-09 19:53:03 - [TEST_STEP][PASSED] - I.print(i): null

2022-06-09 19:53:03 - [TEST_STEP][PASSED] - if (Actual_SAS.contains(Expected_SAS_Selected)): null

2022-06-09 19:53:03 - [TEST_STEP][PASSED] - i = i + 1: null

2022-06-09 19:53:03 - [TEST_STEP][PASSED] - Expected_SAS_Selected = "SAS S20: Add Step Group AC/ Skip Phase 1.2 [Complete]": null

2022-06-09 19:53:03 - [TEST_STEP][PASSED] - xpath_SAS = "/html/body/div[1]/div[2]/div[8]/div[3]/div/div[3]/div[3]/div/div/div[4]/div/div[5]/div/div[1]/div[2]/div/div/a[" + i + "]": null

2022-06-09 19:53:03 - [TEST_STEP][PASSED] - Actual_SAS = getText(findTestObject("1. Constant/xpath", ["xpath":xpath_SAS])): Text of object 'Object Repository/1. Constant/xpath' is: 'SAS S21 - Add Step Group C&A / Skip P3.4 [Complete]'

2022-06-09 19:53:03 - [MESSAGE][PASSED] - Text of object 'Object Repository/1. Constant/xpath' is: 'SAS S21 - Add Step Group C&A / Skip P3.4 [Complete]'

2022-06-09 19:53:03 - [TEST_STEP][PASSED] - I.print(i): null

2022-06-09 19:53:03 - [TEST_STEP][PASSED] - if (Actual_SAS.contains(Expected_SAS_Selected)): null

2022-06-09 19:53:03 - [TEST_STEP][PASSED] - i = i + 1: null

2022-06-09 19:53:03 - [TEST_STEP][PASSED] - Expected_SAS_Selected = "SAS S20: Add Step Group AC/ Skip Phase 1.2 [Complete]": null

2022-06-09 19:53:03 - [TEST_STEP][PASSED] - xpath_SAS = "/html/body/div[1]/div[2]/div[8]/div[3]/div/div[3]/div[3]/div/div/div[4]/div/div[5]/div/div[1]/div[2]/div/div/a[" + i + "]": null

2022-06-09 19:53:03 - [TEST_STEP][PASSED] - Actual_SAS = getText(findTestObject("1. Constant/xpath", ["xpath":xpath_SAS])): Text of object 'Object Repository/1. Constant/xpath' is: 'SAS: S6 - Add Steps C'

2022-06-09 19:53:03 - [MESSAGE][PASSED] - Text of object 'Object Repository/1. Constant/xpath' is: 'SAS: S6 - Add Steps C'

2022-06-09 19:53:03 - [TEST_STEP][PASSED] - I.print(i): null

2022-06-09 19:53:03 - [TEST_STEP][PASSED] - if (Actual_SAS.contains(Expected_SAS_Selected)): null

2022-06-09 19:53:03 - [TEST_STEP][PASSED] - i = i + 1: null

2022-06-09 19:53:03 - [TEST_STEP][PASSED] - Expected_SAS_Selected = "SAS S20: Add Step Group AC/ Skip Phase 1.2 [Complete]": null

2022-06-09 19:53:03 - [TEST_STEP][PASSED] - xpath_SAS = "/html/body/div[1]/div[2]/div[8]/div[3]/div/div[3]/div[3]/div/div/div[4]/div/div[5]/div/div[1]/div[2]/div/div/a[" + i + "]": null

2022-06-09 19:53:03 - [TEST_STEP][PASSED] - Actual_SAS = getText(findTestObject("1. Constant/xpath", ["xpath":xpath_SAS])): Text of object 'Object Repository/1. Constant/xpath' is: 'SAS: S15 - Add Step Group A & C'

2022-06-09 19:53:03 - [MESSAGE][PASSED] - Text of object 'Object Repository/1. Constant/xpath' is: 'SAS: S15 - Add Step Group A & C'

2022-06-09 19:53:03 - [TEST_STEP][PASSED] - I.print(i): null

2022-06-09 19:53:03 - [TEST_STEP][PASSED] - if (Actual_SAS.contains(Expected_SAS_Selected)): null

2022-06-09 19:53:03 - [TEST_STEP][PASSED] - i = i + 1: null

2022-06-09 19:53:03 - [TEST_STEP][PASSED] - Expected_SAS_Selected = "SAS S20: Add Step Group AC/ Skip Phase 1.2 [Complete]": null

2022-06-09 19:53:03 - [TEST_STEP][PASSED] - xpath_SAS = "/html/body/div[1]/div[2]/div[8]/div[3]/div/div[3]/div[3]/div/div/div[4]/div/div[5]/div/div[1]/div[2]/div/div/a[" + i + "]": null

2022-06-09 19:53:03 - [TEST_STEP][PASSED] - Actual_SAS = getText(findTestObject("1. Constant/xpath", ["xpath":xpath_SAS])): Text of object 'Object Repository/1. Constant/xpath' is: 'SAS S18: Add Step C / Skip Phase 3.5 [Complete]'

2022-06-09 19:53:04 - [MESSAGE][PASSED] - Text of object 'Object Repository/1. Constant/xpath' is: 'SAS S18: Add Step C / Skip Phase 3.5 [Complete]'

2022-06-09 19:53:04 - [TEST_STEP][PASSED] - I.print(i): null

2022-06-09 19:53:04 - [TEST_STEP][PASSED] - if (Actual_SAS.contains(Expected_SAS_Selected)): null

2022-06-09 19:53:04 - [TEST_STEP][PASSED] - i = i + 1: null

2022-06-09 19:53:04 - [TEST_STEP][PASSED] - Expected_SAS_Selected = "SAS S20: Add Step Group AC/ Skip Phase 1.2 [Complete]": null

2022-06-09 19:53:04 - [TEST_STEP][PASSED] - xpath_SAS = "/html/body/div[1]/div[2]/div[8]/div[3]/div/div[3]/div[3]/div/div/div[4]/div/div[5]/div/div[1]/div[2]/div/div/a[" + i + "]": null

2022-06-09 19:53:04 - [TEST_STEP][PASSED] - Actual_SAS = getText(findTestObject("1. Constant/xpath", ["xpath":xpath_SAS])): Text of object 'Object Repository/1. Constant/xpath' is: 'SAS S19: Add Step Group A/ Skip Phase 1.2 [Complete]'

2022-06-09 19:53:04 - [MESSAGE][PASSED] - Text of object 'Object Repository/1. Constant/xpath' is: 'SAS S19: Add Step Group A/ Skip Phase 1.2 [Complete]'

2022-06-09 19:53:04 - [TEST_STEP][PASSED] - I.print(i): null

2022-06-09 19:53:04 - [TEST_STEP][PASSED] - if (Actual_SAS.contains(Expected_SAS_Selected)): null

2022-06-09 19:53:04 - [TEST_STEP][PASSED] - i = i + 1: null

2022-06-09 19:53:04 - [TEST_STEP][PASSED] - Expected_SAS_Selected = "SAS S20: Add Step Group AC/ Skip Phase 1.2 [Complete]": null

2022-06-09 19:53:04 - [TEST_STEP][PASSED] - xpath_SAS = "/html/body/div[1]/div[2]/div[8]/div[3]/div/div[3]/div[3]/div/div/div[4]/div/div[5]/div/div[1]/div[2]/div/div/a[" + i + "]": null

2022-06-09 19:53:04 - [TEST_STEP][PASSED] - Actual_SAS = getText(findTestObject("1. Constant/xpath", ["xpath":xpath_SAS])): Text of object 'Object Repository/1. Constant/xpath' is: 'SAS S20: Add Step Group AC/ Skip Phase 1.2 [Complete]'

2022-06-09 19:53:04 - [MESSAGE][PASSED] - Text of object 'Object Repository/1. Constant/xpath' is: 'SAS S20: Add Step Group AC/ Skip Phase 1.2 [Complete]'

2022-06-09 19:53:04 - [TEST_STEP][PASSED] - I.print(i): null

2022-06-09 19:53:04 - [TEST_STEP][PASSED] - if (Actual_SAS.contains(Expected_SAS_Selected)): null

2022-06-09 19:53:04 - [TEST_STEP][PASSED] - I.click_button_javascriptS(xpath_SAS): Execute JavaScript 'arguments[0].click()' successfully

2022-06-09 19:53:04 - [MESSAGE][PASSED] - Execute JavaScript 'arguments[0].click()' successfully

2022-06-09 19:53:04 - [TEST_STEP][PASSED] - break: null

2022-06-09 19:53:04 - [TEST_STEP][PASSED] - takeScreenshot(): Taking screenshot successfully

2022-06-09 19:53:04 - [MESSAGE][PASSED] - Taking screenshot successfully
[[ATTACHMENT|D:\\Projet Test Auto\\Mediabox Test Automation\\Reports\\20220609_181011\\03. Parallel Testing (Testing)\\TS -PT PART 3\\14.02 Dreyers Support Action (Ongoing _ Completed ref) - PART 2\\20220609_181057\\1654797184618.png]]

2022-06-09 19:53:04 - [TEST_STEP][PASSED] - click(findTestObject("1. Constant/xpath", ["xpath":"//*[@id="confirmSupportActionShortcut"]"])): Object: 'Object Repository/1. Constant/xpath' is clicked on

2022-06-09 19:53:07 - [MESSAGE][PASSED] - Object: 'Object Repository/1. Constant/xpath' is clicked on

2022-06-09 19:53:07 - [TEST_STEP][PASSED] - takeScreenshot(): Taking screenshot successfully

2022-06-09 19:53:08 - [MESSAGE][PASSED] - Taking screenshot successfully
[[ATTACHMENT|D:\\Projet Test Auto\\Mediabox Test Automation\\Reports\\20220609_181011\\03. Parallel Testing (Testing)\\TS -PT PART 3\\14.02 Dreyers Support Action (Ongoing _ Completed ref) - PART 2\\20220609_181057\\1654797187870.png]]

2022-06-09 19:53:08 - [TEST_STEP][PASSED] - click(findTestObject("1. Constant/xpath", ["xpath":"//*[@id="kt_content"]/div[3]/div/ul/li[3]/a"])): Object: 'Object Repository/1. Constant/xpath' is clicked on

2022-06-09 19:53:10 - [MESSAGE][PASSED] - Object: 'Object Repository/1. Constant/xpath' is clicked on

2022-06-09 19:53:10 - [TEST_STEP][PASSED] - takeScreenshot(): Taking screenshot successfully

2022-06-09 19:53:11 - [MESSAGE][PASSED] - Taking screenshot successfully
[[ATTACHMENT|D:\\Projet Test Auto\\Mediabox Test Automation\\Reports\\20220609_181011\\03. Parallel Testing (Testing)\\TS -PT PART 3\\14.02 Dreyers Support Action (Ongoing _ Completed ref) - PART 2\\20220609_181057\\1654797190879.png]]

2022-06-09 19:53:11 - [TEST_STEP][PASSED] - StepC_1 = getAttribute(findTestObject("1. Constant/xpath", ["xpath":"/html/body/div[1]/div[2]/div[8]/div[3]/div/div[3]/div[3]/div/ul/li[4]/a"]), "class"): Attribute 'class' of object 'Object Repository/1. Constant/xpath' is: 'nav-link timeline-badge badge-xl  bg-complete '

2022-06-09 19:53:11 - [MESSAGE][PASSED] - Attribute 'class' of object 'Object Repository/1. Constant/xpath' is: 'nav-link timeline-badge badge-xl  bg-complete '

2022-06-09 19:53:11 - [TEST_STEP][PASSED] - verifyMatch(StepC_1, "nav-link timeline-badge badge-xl  bg-complete ", false): Actual text 'nav-link timeline-badge badge-xl  bg-complete ' and expected text 'nav-link timeline-badge badge-xl  bg-complete ' are matched 

2022-06-09 19:53:11 - [MESSAGE][PASSED] - Actual text 'nav-link timeline-badge badge-xl  bg-complete ' and expected text 'nav-link timeline-badge badge-xl  bg-complete ' are matched 

2022-06-09 19:53:11 - [TEST_STEP][PASSED] - StepC_11 = I.Get_Stepname("/html/body/div[1]/div[2]/div[8]/div[3]/div/div[3]/div[3]/div/ul/li[4]/a"): Attribute 'href' of object 'Object Repository/1. Constant/xpath' is: 'http://mdb-release.diadeis.lan/MediaboxIndependence/Base/ExecAction?action=VoirRef&IDSession=MBI!RELTESTAUTO_DREYERS!UDIEJIU0WLC37G8AXJDN2L45ITU8MXUN42C1HJIU&num=OSSV5DCPS4&id_ref=5266#tab_lifecycle_SASStepC_12153'

2022-06-09 19:53:16 - [MESSAGE][PASSED] - Delayed 5 second(s)

2022-06-09 19:53:17 - [MESSAGE][PASSED] - Attribute 'href' of object 'Object Repository/1. Constant/xpath' is: 'http://mdb-release.diadeis.lan/MediaboxIndependence/Base/ExecAction?action=VoirRef&IDSession=MBI!RELTESTAUTO_DREYERS!UDIEJIU0WLC37G8AXJDN2L45ITU8MXUN42C1HJIU&num=OSSV5DCPS4&id_ref=5266#tab_lifecycle_SASStepC_12153'

2022-06-09 19:53:17 - [TEST_STEP][PASSED] - verifyMatch(StepC_11, "SASStepC", false): Actual text 'SASStepC' and expected text 'SASStepC' are matched 

2022-06-09 19:53:17 - [MESSAGE][PASSED] - Actual text 'SASStepC' and expected text 'SASStepC' are matched 

2022-06-09 19:53:17 - [TEST_STEP][PASSED] - StepA_2 = getAttribute(findTestObject("1. Constant/xpath", ["xpath":"/html/body/div[1]/div[2]/div[8]/div[3]/div/div[3]/div[3]/div/ul/li[5]/a"]), "class"): Attribute 'class' of object 'Object Repository/1. Constant/xpath' is: 'nav-link timeline-badge badge-xl  bg-pending active'

2022-06-09 19:53:17 - [MESSAGE][PASSED] - Attribute 'class' of object 'Object Repository/1. Constant/xpath' is: 'nav-link timeline-badge badge-xl  bg-pending active'

2022-06-09 19:53:17 - [TEST_STEP][PASSED] - verifyMatch(StepA_2, "nav-link timeline-badge badge-xl  bg-pending active", false): Actual text 'nav-link timeline-badge badge-xl  bg-pending active' and expected text 'nav-link timeline-badge badge-xl  bg-pending active' are matched 

2022-06-09 19:53:17 - [MESSAGE][PASSED] - Actual text 'nav-link timeline-badge badge-xl  bg-pending active' and expected text 'nav-link timeline-badge badge-xl  bg-pending active' are matched 

2022-06-09 19:53:17 - [TEST_STEP][PASSED] - StepA_22 = I.Get_Stepname("/html/body/div[1]/div[2]/div[8]/div[3]/div/div[3]/div[3]/div/ul/li[5]/a"): Attribute 'href' of object 'Object Repository/1. Constant/xpath' is: 'http://mdb-release.diadeis.lan/MediaboxIndependence/Base/ExecAction?action=VoirRef&IDSession=MBI!RELTESTAUTO_DREYERS!UDIEJIU0WLC37G8AXJDN2L45ITU8MXUN42C1HJIU&num=OSSV5DCPS4&id_ref=5266#tab_lifecycle_SASStepA_12159'

2022-06-09 19:53:22 - [MESSAGE][PASSED] - Delayed 5 second(s)

2022-06-09 19:53:22 - [MESSAGE][PASSED] - Attribute 'href' of object 'Object Repository/1. Constant/xpath' is: 'http://mdb-release.diadeis.lan/MediaboxIndependence/Base/ExecAction?action=VoirRef&IDSession=MBI!RELTESTAUTO_DREYERS!UDIEJIU0WLC37G8AXJDN2L45ITU8MXUN42C1HJIU&num=OSSV5DCPS4&id_ref=5266#tab_lifecycle_SASStepA_12159'

2022-06-09 19:53:22 - [TEST_STEP][PASSED] - verifyMatch(StepA_22, "SASStepA", false): Actual text 'SASStepA' and expected text 'SASStepA' are matched 

2022-06-09 19:53:22 - [MESSAGE][PASSED] - Actual text 'SASStepA' and expected text 'SASStepA' are matched 

2022-06-09 19:53:22 - [TEST_STEP][PASSED] - Started_StepA_12 = getText(findTestObject("1. Constant/xpath", ["xpath":"/html/body/div[1]/div[2]/div[8]/div[3]/div/div[3]/div[3]/div/div/div[5]/div/div[2]/div/div[2]/div[1]"])): Text of object 'Object Repository/1. Constant/xpath' is: 'Started 06/09/22 01:53 PM'

2022-06-09 19:53:22 - [MESSAGE][PASSED] - Text of object 'Object Repository/1. Constant/xpath' is: 'Started 06/09/22 01:53 PM'

2022-06-09 19:53:22 - [TEST_STEP][PASSED] - if (Started_StepA_12.contains("Started")): Actual object '1' and expected object '1' are equal

2022-06-09 19:53:22 - [TEST_STEP][PASSED] - verifyEqual(1, 1): Actual object '1' and expected object '1' are equal

2022-06-09 19:53:22 - [MESSAGE][PASSED] - Actual object '1' and expected object '1' are equal

2022-06-09 19:53:22 - [TEST_STEP][PASSED] - StepC_3 = getAttribute(findTestObject("1. Constant/xpath", ["xpath":"/html/body/div[1]/div[2]/div[8]/div[3]/div/div[3]/div[3]/div/ul/li[6]/a"]), "class"): Attribute 'class' of object 'Object Repository/1. Constant/xpath' is: 'nav-link timeline-badge badge-xl  bg-waiting '

2022-06-09 19:53:22 - [MESSAGE][PASSED] - Attribute 'class' of object 'Object Repository/1. Constant/xpath' is: 'nav-link timeline-badge badge-xl  bg-waiting '

2022-06-09 19:53:22 - [TEST_STEP][PASSED] - verifyMatch(StepC_3, "nav-link timeline-badge badge-xl  bg-waiting ", false): Actual text 'nav-link timeline-badge badge-xl  bg-waiting ' and expected text 'nav-link timeline-badge badge-xl  bg-waiting ' are matched 

2022-06-09 19:53:22 - [MESSAGE][PASSED] - Actual text 'nav-link timeline-badge badge-xl  bg-waiting ' and expected text 'nav-link timeline-badge badge-xl  bg-waiting ' are matched 

2022-06-09 19:53:22 - [TEST_STEP][PASSED] - StepC_33 = I.Get_Stepname("/html/body/div[1]/div[2]/div[8]/div[3]/div/div[3]/div[3]/div/ul/li[6]/a"): Attribute 'href' of object 'Object Repository/1. Constant/xpath' is: 'http://mdb-release.diadeis.lan/MediaboxIndependence/Base/ExecAction?action=VoirRef&IDSession=MBI!RELTESTAUTO_DREYERS!UDIEJIU0WLC37G8AXJDN2L45ITU8MXUN42C1HJIU&num=OSSV5DCPS4&id_ref=5266#tab_lifecycle_SASStepC_12160'

2022-06-09 19:53:27 - [MESSAGE][PASSED] - Delayed 5 second(s)

2022-06-09 19:53:28 - [MESSAGE][PASSED] - Attribute 'href' of object 'Object Repository/1. Constant/xpath' is: 'http://mdb-release.diadeis.lan/MediaboxIndependence/Base/ExecAction?action=VoirRef&IDSession=MBI!RELTESTAUTO_DREYERS!UDIEJIU0WLC37G8AXJDN2L45ITU8MXUN42C1HJIU&num=OSSV5DCPS4&id_ref=5266#tab_lifecycle_SASStepC_12160'

2022-06-09 19:53:28 - [TEST_STEP][PASSED] - verifyMatch(StepC_33, "SASStepC", false): Actual text 'SASStepC' and expected text 'SASStepC' are matched 

2022-06-09 19:53:28 - [MESSAGE][PASSED] - Actual text 'SASStepC' and expected text 'SASStepC' are matched 

2022-06-09 19:53:28 - [TEST_STEP][PASSED] - I.Logout(): Delayed 3 second(s)

2022-06-09 19:53:31 - [MESSAGE][PASSED] - Delayed 3 second(s)

2022-06-09 19:53:31 - [MESSAGE][PASSED] - Object: 'Object Repository/1. Constant/xpath' is clicked on

2022-06-09 19:53:34 - [MESSAGE][PASSED] - Delayed 3 second(s)

2022-06-09 19:53:39 - [MESSAGE][PASSED] - Object: 'Object Repository/1. Constant/xpath' is clicked on

2022-06-09 19:53:42 - [MESSAGE][PASSED] - Delayed 3 second(s)

2022-06-09 19:53:42 - [TEST_STEP][PASSED] - I.Login_password("nturner", password_nturner): Object: 'Object Repository/1. Constant/xpath' is clicked on

2022-06-09 19:53:43 - [MESSAGE][PASSED] - Text 'nturner' is set on object 'Object Repository/1. Constant/xpath'

2022-06-09 19:53:44 - [MESSAGE][PASSED] - Delayed 1 second(s)

2022-06-09 19:53:44 - [MESSAGE][PASSED] - Text 'diadeis1' is set on object 'Object Repository/1. Constant/xpath'

2022-06-09 19:53:45 - [MESSAGE][PASSED] - Delayed 1 second(s)

2022-06-09 19:53:52 - [MESSAGE][PASSED] - Object: 'Object Repository/1. Constant/xpath' is clicked on

2022-06-09 19:53:52 - [TEST_STEP][PASSED] - click(findTestObject("1. Constant/02_LHSMenu_Projects")): Object: 'Object Repository/1. Constant/02_LHSMenu_Projects' is clicked on

2022-06-09 19:53:57 - [MESSAGE][PASSED] - Object: 'Object Repository/1. Constant/02_LHSMenu_Projects' is clicked on

2022-06-09 19:53:57 - [TEST_STEP][PASSED] - I.SearchProjectNo_xpath(Project_No, "//*[@id="keynum_project"]", "//*[@id="form_filters"]/div[4]/button"): Delayed 5 second(s)

2022-06-09 19:53:58 - [MESSAGE][PASSED] - Delayed 1 second(s)

2022-06-09 19:54:01 - [MESSAGE][PASSED] - Text 'MI000876' is set on object 'Object Repository/1. Constant/xpath'

2022-06-09 19:54:04 - [MESSAGE][PASSED] - Delayed 3 second(s)

2022-06-09 19:54:06 - [MESSAGE][PASSED] - Scroll to object 'Object Repository/1. Constant/xpath' successfully

2022-06-09 19:54:11 - [MESSAGE][PASSED] - Object: 'Object Repository/1. Constant/xpath' is clicked on

2022-06-09 19:54:16 - [MESSAGE][PASSED] - Delayed 5 second(s)

2022-06-09 19:54:16 - [TEST_STEP][PASSED] - takeScreenshot(): Taking screenshot successfully

2022-06-09 19:54:18 - [MESSAGE][PASSED] - Taking screenshot successfully
[[ATTACHMENT|D:\\Projet Test Auto\\Mediabox Test Automation\\Reports\\20220609_181011\\03. Parallel Testing (Testing)\\TS -PT PART 3\\14.02 Dreyers Support Action (Ongoing _ Completed ref) - PART 2\\20220609_181057\\1654797257307.png]]

2022-06-09 19:54:18 - [TEST_STEP][PASSED] - I.SearchRefNo_xpath("P4_Auto", "//*[@id="fiche_filter_keywords11"]", "//*[@id="form_filters"]/div[3]/button"): Delayed 5 second(s)

2022-06-09 19:54:19 - [MESSAGE][PASSED] - Delayed 1 second(s)

2022-06-09 19:54:24 - [MESSAGE][PASSED] - Text 'P4_Auto' is set on object 'Object Repository/1. Constant/xpath'

2022-06-09 19:54:27 - [MESSAGE][PASSED] - Delayed 3 second(s)

2022-06-09 19:54:28 - [MESSAGE][PASSED] - Scroll to object 'Object Repository/1. Constant/xpath' successfully

2022-06-09 19:54:33 - [MESSAGE][PASSED] - Object: 'Object Repository/1. Constant/xpath' is clicked on

2022-06-09 19:54:38 - [MESSAGE][PASSED] - Delayed 5 second(s)

2022-06-09 19:54:38 - [TEST_STEP][PASSED] - takeScreenshot(): Taking screenshot successfully

2022-06-09 19:54:40 - [MESSAGE][PASSED] - Taking screenshot successfully
[[ATTACHMENT|D:\\Projet Test Auto\\Mediabox Test Automation\\Reports\\20220609_181011\\03. Parallel Testing (Testing)\\TS -PT PART 3\\14.02 Dreyers Support Action (Ongoing _ Completed ref) - PART 2\\20220609_181057\\1654797279279.png]]

2022-06-09 19:54:40 - [TEST_STEP][PASSED] - Lifecycle_Status3 = getText(findTestObject("1. Constant/xpath", ["xpath":"//*[@id="source_" + refID4 + ""]/td[12]/span[1]"])): Text of object 'Object Repository/1. Constant/xpath' is: 'Phase 1.2 [Standard Phase]'

2022-06-09 19:54:41 - [MESSAGE][PASSED] - Text of object 'Object Repository/1. Constant/xpath' is: 'Phase 1.2 [Standard Phase]'

2022-06-09 19:54:41 - [TEST_STEP][PASSED] - verifyMatch(Lifecycle_Status3, "Phase 1.2 [Standard Phase]", false): Actual text 'Phase 1.2 [Standard Phase]' and expected text 'Phase 1.2 [Standard Phase]' are matched 

2022-06-09 19:54:41 - [MESSAGE][PASSED] - Actual text 'Phase 1.2 [Standard Phase]' and expected text 'Phase 1.2 [Standard Phase]' are matched 

2022-06-09 19:54:41 - [TEST_STEP][PASSED] - click(findTestObject("1. Constant/xpath", ["xpath":"//*[@id="source_" + refID4 + ""]/td[13]/a[2]"])): Object: 'Object Repository/1. Constant/xpath' is clicked on

2022-06-09 19:54:45 - [MESSAGE][PASSED] - Object: 'Object Repository/1. Constant/xpath' is clicked on

2022-06-09 19:54:45 - [TEST_STEP][PASSED] - click(findTestObject("1. Constant/xpath", ["xpath":"//*[@id="ModifFiche"]/div[1]/div/button[2]"])): Object: 'Object Repository/1. Constant/xpath' is clicked on

2022-06-09 19:54:52 - [MESSAGE][PASSED] - Object: 'Object Repository/1. Constant/xpath' is clicked on

2022-06-09 19:54:52 - [TEST_STEP][PASSED] - Lifecycle_Status4 = getText(findTestObject("1. Constant/xpath", ["xpath":"//*[@id="source_" + refID4 + ""]/td[12]/span[1]"])): Text of object 'Object Repository/1. Constant/xpath' is: 'Phase 3.1 [Question]'

2022-06-09 19:54:54 - [MESSAGE][PASSED] - Text of object 'Object Repository/1. Constant/xpath' is: 'Phase 3.1 [Question]'

2022-06-09 19:54:54 - [TEST_STEP][PASSED] - verifyMatch(Lifecycle_Status4, "Phase 3.1 [Question]", false): Actual text 'Phase 3.1 [Question]' and expected text 'Phase 3.1 [Question]' are matched 

2022-06-09 19:54:54 - [MESSAGE][PASSED] - Actual text 'Phase 3.1 [Question]' and expected text 'Phase 3.1 [Question]' are matched 

2022-06-09 19:54:54 - [TEST_STEP][PASSED] - I.Logout(): Delayed 3 second(s)

2022-06-09 19:54:57 - [MESSAGE][PASSED] - Delayed 3 second(s)

2022-06-09 19:54:59 - [MESSAGE][PASSED] - Object: 'Object Repository/1. Constant/xpath' is clicked on

2022-06-09 19:55:02 - [MESSAGE][PASSED] - Delayed 3 second(s)

2022-06-09 19:55:06 - [MESSAGE][PASSED] - Object: 'Object Repository/1. Constant/xpath' is clicked on

2022-06-09 19:55:09 - [MESSAGE][PASSED] - Delayed 3 second(s)

2022-06-09 19:55:09 - [TEST_STEP][PASSED] - I.Login_password("talexeeva", password_talexeeva): Object: 'Object Repository/1. Constant/xpath' is clicked on

2022-06-09 19:55:12 - [MESSAGE][PASSED] - Text 'talexeeva' is set on object 'Object Repository/1. Constant/xpath'

2022-06-09 19:55:13 - [MESSAGE][PASSED] - Delayed 1 second(s)

2022-06-09 19:55:13 - [MESSAGE][PASSED] - Text 'diadeis2' is set on object 'Object Repository/1. Constant/xpath'

2022-06-09 19:55:14 - [MESSAGE][PASSED] - Delayed 1 second(s)

2022-06-09 19:55:20 - [MESSAGE][PASSED] - Object: 'Object Repository/1. Constant/xpath' is clicked on

2022-06-09 19:55:20 - [TEST_STEP][PASSED] - click(findTestObject("1. Constant/02_LHSMenu_Projects")): Object: 'Object Repository/1. Constant/02_LHSMenu_Projects' is clicked on

2022-06-09 19:55:22 - [MESSAGE][PASSED] - Object: 'Object Repository/1. Constant/02_LHSMenu_Projects' is clicked on

2022-06-09 19:55:22 - [TEST_STEP][PASSED] - I.SearchProjectNo_xpath(Project_No, "//*[@id="keynum_project"]", "//*[@id="form_filters"]/div[4]/button"): Delayed 5 second(s)

2022-06-09 19:55:23 - [MESSAGE][PASSED] - Delayed 1 second(s)

2022-06-09 19:55:24 - [MESSAGE][PASSED] - Text 'MI000876' is set on object 'Object Repository/1. Constant/xpath'

2022-06-09 19:55:27 - [MESSAGE][PASSED] - Delayed 3 second(s)

2022-06-09 19:55:27 - [MESSAGE][PASSED] - Scroll to object 'Object Repository/1. Constant/xpath' successfully

2022-06-09 19:55:30 - [MESSAGE][PASSED] - Object: 'Object Repository/1. Constant/xpath' is clicked on

2022-06-09 19:55:35 - [MESSAGE][PASSED] - Delayed 5 second(s)

2022-06-09 19:55:35 - [TEST_STEP][PASSED] - I.SearchRefNo_xpath("P4_Auto", "//*[@id="fiche_filter_keywords11"]", "//*[@id="form_filters"]/div[3]/button"): Delayed 5 second(s)

2022-06-09 19:55:36 - [MESSAGE][PASSED] - Delayed 1 second(s)

2022-06-09 19:55:36 - [MESSAGE][PASSED] - Text 'P4_Auto' is set on object 'Object Repository/1. Constant/xpath'

2022-06-09 19:55:39 - [MESSAGE][PASSED] - Delayed 3 second(s)

2022-06-09 19:55:39 - [MESSAGE][PASSED] - Scroll to object 'Object Repository/1. Constant/xpath' successfully

2022-06-09 19:55:41 - [MESSAGE][PASSED] - Object: 'Object Repository/1. Constant/xpath' is clicked on

2022-06-09 19:55:46 - [MESSAGE][PASSED] - Delayed 5 second(s)

2022-06-09 19:55:46 - [TEST_STEP][PASSED] - takeScreenshot(): Taking screenshot successfully

2022-06-09 19:55:47 - [MESSAGE][PASSED] - Taking screenshot successfully
[[ATTACHMENT|D:\\Projet Test Auto\\Mediabox Test Automation\\Reports\\20220609_181011\\03. Parallel Testing (Testing)\\TS -PT PART 3\\14.02 Dreyers Support Action (Ongoing _ Completed ref) - PART 2\\20220609_181057\\1654797346818.png]]

2022-06-09 19:55:47 - [TEST_STEP][PASSED] - I.submitquesiton_ref(findTestObject("1. Constant/xpath", ["xpath":"//*[@id="source_" + refID4 + ""]/td[13]/div[1]/button"]), findTestObject("1. Constant/xpath", ["xpath":"//*[@id="source_" + refID4 + ""]/td[13]/div[1]/div/a[1]"])): Object: 'Object Repository/1. Constant/xpath' is clicked on

2022-06-09 19:55:49 - [MESSAGE][PASSED] - Object: 'Object Repository/1. Constant/xpath' is clicked on

2022-06-09 19:55:52 - [MESSAGE][PASSED] - Delayed 3 second(s)

2022-06-09 19:55:57 - [MESSAGE][PASSED] - Object: 'Object Repository/1. Constant/xpath' is clicked on

2022-06-09 19:55:57 - [TEST_STEP][PASSED] - click(findTestObject("1. Constant/xpath", ["xpath":"//*[@id="ModifFiche"]/div[1]/div/button[2]"])): Object: 'Object Repository/1. Constant/xpath' is clicked on

2022-06-09 19:56:02 - [MESSAGE][PASSED] - Object: 'Object Repository/1. Constant/xpath' is clicked on

2022-06-09 19:56:02 - [TEST_STEP][PASSED] - takeScreenshot(): Taking screenshot successfully

2022-06-09 19:56:02 - [MESSAGE][PASSED] - Taking screenshot successfully
[[ATTACHMENT|D:\\Projet Test Auto\\Mediabox Test Automation\\Reports\\20220609_181011\\03. Parallel Testing (Testing)\\TS -PT PART 3\\14.02 Dreyers Support Action (Ongoing _ Completed ref) - PART 2\\20220609_181057\\1654797362072.png]]

2022-06-09 19:56:02 - [TEST_STEP][PASSED] - Lifecycle_Status2 = getText(findTestObject("1. Constant/xpath", ["xpath":"//*[@id="source_" + refID4 + ""]/td[12]/span[1]"])): Text of object 'Object Repository/1. Constant/xpath' is: 'Phase 3.2 [Question]'

2022-06-09 19:56:02 - [MESSAGE][PASSED] - Text of object 'Object Repository/1. Constant/xpath' is: 'Phase 3.2 [Question]'

2022-06-09 19:56:02 - [TEST_STEP][PASSED] - verifyMatch(Lifecycle_Status2, "Phase 3.2 [Question]", false): Actual text 'Phase 3.2 [Question]' and expected text 'Phase 3.2 [Question]' are matched 

2022-06-09 19:56:02 - [MESSAGE][PASSED] - Actual text 'Phase 3.2 [Question]' and expected text 'Phase 3.2 [Question]' are matched 

2022-06-09 19:56:02 - [TEST_STEP][PASSED] - closeBrowser(): Browser is closed

2022-06-09 19:56:06 - [MESSAGE][PASSED] - Browser is closed

2022-06-09 19:56:06 - [TEST_STEP][PASSED] - Start listener action : sampleAfterTestCase: null]]></system-out>
         <system-err><![CDATA[]]></system-err>
      </testcase>
      <testcase name="Test Cases/19. Dreyers Support Action (Ongoing ref_completed)/19.05 Dreyers SAS Add Step Group (Ongoing ref) S11 - P5" time="231.72" classname="Test Cases/19. Dreyers Support Action (Ongoing ref_completed)/19.05 Dreyers SAS Add Step Group (Ongoing ref) S11 - P5" status="PASSED">
         <system-out><![CDATA[2022-06-09 19:56:06 - [TEST_CASE][PASSED] - Test Cases/19. Dreyers Support Action (Ongoing ref_completed)/19.05 Dreyers SAS Add Step Group (Ongoing ref) S11 - P5: Test Cases/19. Dreyers Support Action (Ongoing ref_completed)/19.05 Dreyers SAS Add Step Group (Ongoing ref) S11 - P5

2022-06-09 19:56:07 - [TEST_STEP][PASSED] - data_Dreyers = findTestData("Data Files/Username_Password/Dreyer"): null

2022-06-09 19:56:07 - [TEST_STEP][PASSED] - password_blemco = data_Dreyers.getValue(2, 2): null

2022-06-09 19:56:07 - [TEST_STEP][PASSED] - password_nturner = data_Dreyers.getValue(2, 6): null

2022-06-09 19:56:07 - [TEST_STEP][PASSED] - password_lmary = data_Dreyers.getValue(2, 13): null

2022-06-09 19:56:07 - [TEST_STEP][PASSED] - data_urlRELAUTO = findTestData("Data Files/URL/URL_relauto"): null

2022-06-09 19:56:07 - [TEST_STEP][PASSED] - Url_Dreyer = data_urlRELAUTO.getValue(2, 4): null

2022-06-09 19:56:07 - [TEST_STEP][PASSED] - Project_No = I.readnotepad("D:\Upoad_File\Projet_ Login\Dreyers\19.1\19.1_Dreyers_ProjectNo.txt"): null

2022-06-09 19:56:07 - [TEST_STEP][PASSED] - refID = I.readnotepad("D:\Upoad_File\Projet_ Login\Dreyers\19.1\19.1_Dreyers_refID.txt"): null

2022-06-09 19:56:07 - [TEST_STEP][PASSED] - openBrowser(Url_Dreyer): Browser is opened with url: 'http://mdb-release.diadeis.lan/MediaboxIndependence/?MBI_datasource=RELTESTAUTO_DREYERS'

2022-06-09 19:56:07 - [MESSAGE][INFO] - Starting 'Chrome (headless)' driver

2022-06-09 19:56:07 - [MESSAGE][INFO] - User set preference: ['args', '[--window-size=1920,1080, --headless]']

2022-06-09 19:56:07 - [MESSAGE][INFO] - Action delay is set to 0 milliseconds

2022-06-09 19:56:16 - [MESSAGE][PASSED] - Browser is opened with url: 'http://mdb-release.diadeis.lan/MediaboxIndependence/?MBI_datasource=RELTESTAUTO_DREYERS'

2022-06-09 19:56:16 - [TEST_STEP][PASSED] - maximizeWindow(): Current window maximized

2022-06-09 19:56:16 - [MESSAGE][PASSED] - Current window maximized

2022-06-09 19:56:16 - [TEST_STEP][PASSED] - I.Login_password("blemco", password_blemco): Object: 'Object Repository/1. Constant/xpath' is clicked on

2022-06-09 19:56:16 - [MESSAGE][PASSED] - Text 'blemco' is set on object 'Object Repository/1. Constant/xpath'

2022-06-09 19:56:17 - [MESSAGE][PASSED] - Delayed 1 second(s)

2022-06-09 19:56:18 - [MESSAGE][PASSED] - Text 'diadeis1' is set on object 'Object Repository/1. Constant/xpath'

2022-06-09 19:56:19 - [MESSAGE][PASSED] - Delayed 1 second(s)

2022-06-09 19:56:30 - [MESSAGE][PASSED] - Object: 'Object Repository/1. Constant/xpath' is clicked on

2022-06-09 19:56:30 - [TEST_STEP][PASSED] - click(findTestObject("1. Constant/02_LHSMenu_Projects")): Object: 'Object Repository/1. Constant/02_LHSMenu_Projects' is clicked on

2022-06-09 19:56:34 - [MESSAGE][PASSED] - Object: 'Object Repository/1. Constant/02_LHSMenu_Projects' is clicked on

2022-06-09 19:56:34 - [TEST_STEP][PASSED] - I.SearchProjectNo_xpath(Project_No, "//*[@id="keynum_project"]", "//*[@id="form_filters"]/div[4]/button"): Delayed 5 second(s)

2022-06-09 19:56:35 - [MESSAGE][PASSED] - Delayed 1 second(s)

2022-06-09 19:56:36 - [MESSAGE][PASSED] - Text 'MI000876' is set on object 'Object Repository/1. Constant/xpath'

2022-06-09 19:56:39 - [MESSAGE][PASSED] - Delayed 3 second(s)

2022-06-09 19:56:40 - [MESSAGE][PASSED] - Scroll to object 'Object Repository/1. Constant/xpath' successfully

2022-06-09 19:56:43 - [MESSAGE][PASSED] - Object: 'Object Repository/1. Constant/xpath' is clicked on

2022-06-09 19:56:48 - [MESSAGE][PASSED] - Delayed 5 second(s)

2022-06-09 19:56:48 - [TEST_STEP][PASSED] - takeScreenshot(): Taking screenshot successfully

2022-06-09 19:56:49 - [MESSAGE][PASSED] - Taking screenshot successfully
[[ATTACHMENT|D:\\Projet Test Auto\\Mediabox Test Automation\\Reports\\20220609_181011\\03. Parallel Testing (Testing)\\TS -PT PART 3\\14.02 Dreyers Support Action (Ongoing _ Completed ref) - PART 2\\20220609_181057\\1654797408720.png]]

2022-06-09 19:56:49 - [TEST_STEP][PASSED] - click(findTestObject("1. Constant/xpath", ["xpath":"//*[@id="create_ref_btn"]/button"])): Object: 'Object Repository/1. Constant/xpath' is clicked on

2022-06-09 19:56:49 - [MESSAGE][PASSED] - Object: 'Object Repository/1. Constant/xpath' is clicked on

2022-06-09 19:56:49 - [TEST_STEP][PASSED] - delay(1): Delayed 1 second(s)

2022-06-09 19:56:50 - [MESSAGE][PASSED] - Delayed 1 second(s)

2022-06-09 19:56:50 - [TEST_STEP][PASSED] - click(findTestObject("1. Constant/xpath", ["xpath":"//*[@id="create_ref_btn"]/div/a"])): Object: 'Object Repository/1. Constant/xpath' is clicked on

2022-06-09 19:56:53 - [MESSAGE][PASSED] - Object: 'Object Repository/1. Constant/xpath' is clicked on

2022-06-09 19:56:53 - [TEST_STEP][PASSED] - selectOptionByValue(findTestObject("1. Constant/xpath", ["xpath":"//*[@id="lfc_tpl"]"]), "37", false): All options with value '37' are selected in object 'Object Repository/1. Constant/xpath' 

2022-06-09 19:56:55 - [MESSAGE][PASSED] - All options with value '37' are selected in object 'Object Repository/1. Constant/xpath' 

2022-06-09 19:56:55 - [TEST_STEP][PASSED] - ref_name = "P5_Auto_SAS_S11_" + RandomStringUtils.randomAlphanumeric(5) + I.gettimedate(): null

2022-06-09 19:56:55 - [TEST_STEP][PASSED] - delay(1): Delayed 1 second(s)

2022-06-09 19:56:56 - [MESSAGE][PASSED] - Delayed 1 second(s)

2022-06-09 19:56:56 - [TEST_STEP][PASSED] - setText(findTestObject("1. Constant/xpath", ["xpath":"//*[@id="var_name"]"]), ref_name): Text 'P5_Auto_SAS_S11_XpD9xjuin092022_195655' is set on object 'Object Repository/1. Constant/xpath'

2022-06-09 19:56:56 - [MESSAGE][PASSED] - Text 'P5_Auto_SAS_S11_XpD9xjuin092022_195655' is set on object 'Object Repository/1. Constant/xpath'

2022-06-09 19:56:56 - [TEST_STEP][PASSED] - takeScreenshot(): Taking screenshot successfully

2022-06-09 19:56:56 - [MESSAGE][PASSED] - Taking screenshot successfully
[[ATTACHMENT|D:\\Projet Test Auto\\Mediabox Test Automation\\Reports\\20220609_181011\\03. Parallel Testing (Testing)\\TS -PT PART 3\\14.02 Dreyers Support Action (Ongoing _ Completed ref) - PART 2\\20220609_181057\\1654797416517.png]]

2022-06-09 19:56:56 - [TEST_STEP][PASSED] - click(findTestObject("1. Constant/xpath", ["xpath":"//*[@id="createRefBottom"]"])): Object: 'Object Repository/1. Constant/xpath' is clicked on

2022-06-09 19:57:01 - [MESSAGE][PASSED] - Object: 'Object Repository/1. Constant/xpath' is clicked on

2022-06-09 19:57:01 - [TEST_STEP][PASSED] - delay(1): Delayed 1 second(s)

2022-06-09 19:57:02 - [MESSAGE][PASSED] - Delayed 1 second(s)

2022-06-09 19:57:02 - [TEST_STEP][PASSED] - takeScreenshot(): Taking screenshot successfully

2022-06-09 19:57:02 - [MESSAGE][PASSED] - Taking screenshot successfully
[[ATTACHMENT|D:\\Projet Test Auto\\Mediabox Test Automation\\Reports\\20220609_181011\\03. Parallel Testing (Testing)\\TS -PT PART 3\\14.02 Dreyers Support Action (Ongoing _ Completed ref) - PART 2\\20220609_181057\\1654797422348.png]]

2022-06-09 19:57:02 - [TEST_STEP][PASSED] - refID5 = I.RefID(): Current window's url is: 'http://mdb-release.diadeis.lan/MediaboxIndependence/Base/ExecAction?IDSession=MBI%21RELTESTAUTO_DREYERS%21UPEZV7FZNO4ZFYI9TL698G1WMZVO55SSZ77L3ZH8&default_action=ModifierRef&id_project=MI000876&id_ref=5269&action_from=create_ref'

2022-06-09 19:57:07 - [MESSAGE][PASSED] - Delayed 5 second(s)

2022-06-09 19:57:07 - [MESSAGE][PASSED] - Current window's url is: 'http://mdb-release.diadeis.lan/MediaboxIndependence/Base/ExecAction?IDSession=MBI%21RELTESTAUTO_DREYERS%21UPEZV7FZNO4ZFYI9TL698G1WMZVO55SSZ77L3ZH8&default_action=ModifierRef&id_project=MI000876&id_ref=5269&action_from=create_ref'

2022-06-09 19:57:07 - [TEST_STEP][PASSED] - click(findTestObject("1. Constant/xpath", ["xpath":"//*[@id="type_save"]"])): Object: 'Object Repository/1. Constant/xpath' is clicked on

2022-06-09 19:57:12 - [MESSAGE][PASSED] - Object: 'Object Repository/1. Constant/xpath' is clicked on

2022-06-09 19:57:12 - [TEST_STEP][PASSED] - takeScreenshot(): Taking screenshot successfully

2022-06-09 19:57:12 - [MESSAGE][PASSED] - Taking screenshot successfully
[[ATTACHMENT|D:\\Projet Test Auto\\Mediabox Test Automation\\Reports\\20220609_181011\\03. Parallel Testing (Testing)\\TS -PT PART 3\\14.02 Dreyers Support Action (Ongoing _ Completed ref) - PART 2\\20220609_181057\\1654797432301.png]]

2022-06-09 19:57:12 - [TEST_STEP][PASSED] - delay(1): Delayed 1 second(s)

2022-06-09 19:57:13 - [MESSAGE][PASSED] - Delayed 1 second(s)

2022-06-09 19:57:13 - [TEST_STEP][PASSED] - I.SearchRefNo_xpath("P5_Auto", "//*[@id="fiche_filter_keywords11"]", "//*[@id="form_filters"]/div[3]/button"): Delayed 5 second(s)

2022-06-09 19:57:14 - [MESSAGE][PASSED] - Delayed 1 second(s)

2022-06-09 19:57:15 - [MESSAGE][PASSED] - Text 'P5_Auto' is set on object 'Object Repository/1. Constant/xpath'

2022-06-09 19:57:18 - [MESSAGE][PASSED] - Delayed 3 second(s)

2022-06-09 19:57:18 - [MESSAGE][PASSED] - Scroll to object 'Object Repository/1. Constant/xpath' successfully

2022-06-09 19:57:21 - [MESSAGE][PASSED] - Object: 'Object Repository/1. Constant/xpath' is clicked on

2022-06-09 19:57:26 - [MESSAGE][PASSED] - Delayed 5 second(s)

2022-06-09 19:57:26 - [TEST_STEP][PASSED] - click(findTestObject("1. Constant/xpath", ["xpath":"//*[@id="source_" + refID5 + ""]/td[13]/a[4]"])): Object: 'Object Repository/1. Constant/xpath' is clicked on

2022-06-09 19:57:27 - [MESSAGE][PASSED] - Object: 'Object Repository/1. Constant/xpath' is clicked on

2022-06-09 19:57:27 - [TEST_STEP][PASSED] - click(findTestObject("1. Constant/xpath", ["xpath":"//*[@id="ModifFiche"]/div[1]/div/button[2]"])): Object: 'Object Repository/1. Constant/xpath' is clicked on

2022-06-09 19:57:32 - [MESSAGE][PASSED] - Object: 'Object Repository/1. Constant/xpath' is clicked on

2022-06-09 19:57:32 - [TEST_STEP][PASSED] - takeScreenshot(): Taking screenshot successfully

2022-06-09 19:57:32 - [MESSAGE][PASSED] - Taking screenshot successfully
[[ATTACHMENT|D:\\Projet Test Auto\\Mediabox Test Automation\\Reports\\20220609_181011\\03. Parallel Testing (Testing)\\TS -PT PART 3\\14.02 Dreyers Support Action (Ongoing _ Completed ref) - PART 2\\20220609_181057\\1654797452367.png]]

2022-06-09 19:57:32 - [TEST_STEP][PASSED] - click(findTestObject("1. Constant/xpath", ["xpath":"//*[@id="source_" + refID5 + ""]/td[6]/a"])): Object: 'Object Repository/1. Constant/xpath' is clicked on

2022-06-09 19:57:37 - [MESSAGE][PASSED] - Object: 'Object Repository/1. Constant/xpath' is clicked on

2022-06-09 19:57:37 - [TEST_STEP][PASSED] - delay(1): Delayed 1 second(s)

2022-06-09 19:57:38 - [MESSAGE][PASSED] - Delayed 1 second(s)

2022-06-09 19:57:38 - [TEST_STEP][PASSED] - click(findTestObject("1. Constant/xpath", ["xpath":"//*[@id="kt_content"]/div[3]/div/ul/li[3]/a"])): Object: 'Object Repository/1. Constant/xpath' is clicked on

2022-06-09 19:57:40 - [MESSAGE][PASSED] - Object: 'Object Repository/1. Constant/xpath' is clicked on

2022-06-09 19:57:40 - [TEST_STEP][PASSED] - takeScreenshot(): Taking screenshot successfully

2022-06-09 19:57:40 - [MESSAGE][PASSED] - Taking screenshot successfully
[[ATTACHMENT|D:\\Projet Test Auto\\Mediabox Test Automation\\Reports\\20220609_181011\\03. Parallel Testing (Testing)\\TS -PT PART 3\\14.02 Dreyers Support Action (Ongoing _ Completed ref) - PART 2\\20220609_181057\\1654797460455.png]]

2022-06-09 19:57:40 - [TEST_STEP][PASSED] - delay(1): Delayed 1 second(s)

2022-06-09 19:57:41 - [MESSAGE][PASSED] - Delayed 1 second(s)

2022-06-09 19:57:41 - [TEST_STEP][PASSED] - click(findTestObject("1. Constant/xpath", ["xpath":"/html/body/div[1]/div[2]/div[8]/div[3]/div/div[3]/div[3]/div/div/div[1]/div/div[2]/div/div[1]/div[2]/div/a[4]"])): Object: 'Object Repository/1. Constant/xpath' is clicked on

2022-06-09 19:57:42 - [MESSAGE][PASSED] - Object: 'Object Repository/1. Constant/xpath' is clicked on

2022-06-09 19:57:42 - [TEST_STEP][PASSED] - delay(1): Delayed 1 second(s)

2022-06-09 19:57:43 - [MESSAGE][PASSED] - Delayed 1 second(s)

2022-06-09 19:57:43 - [TEST_STEP][PASSED] - takeScreenshot(): Taking screenshot successfully

2022-06-09 19:57:43 - [MESSAGE][PASSED] - Taking screenshot successfully
[[ATTACHMENT|D:\\Projet Test Auto\\Mediabox Test Automation\\Reports\\20220609_181011\\03. Parallel Testing (Testing)\\TS -PT PART 3\\14.02 Dreyers Support Action (Ongoing _ Completed ref) - PART 2\\20220609_181057\\1654797463100.png]]

2022-06-09 19:57:43 - [TEST_STEP][PASSED] - delay(1): Delayed 1 second(s)

2022-06-09 19:57:44 - [MESSAGE][PASSED] - Delayed 1 second(s)

2022-06-09 19:57:44 - [TEST_STEP][PASSED] - click(findTestObject("1. Constant/xpath", ["xpath":"//*[@id="confirmSupportActionShortcut"]"])): Object: 'Object Repository/1. Constant/xpath' is clicked on

2022-06-09 19:57:47 - [MESSAGE][PASSED] - Object: 'Object Repository/1. Constant/xpath' is clicked on

2022-06-09 19:57:47 - [TEST_STEP][PASSED] - click(findTestObject("1. Constant/xpath", ["xpath":"//*[@id="kt_content"]/div[3]/div/ul/li[3]/a"])): Object: 'Object Repository/1. Constant/xpath' is clicked on

2022-06-09 19:57:48 - [MESSAGE][PASSED] - Object: 'Object Repository/1. Constant/xpath' is clicked on

2022-06-09 19:57:48 - [TEST_STEP][PASSED] - takeScreenshot(): Taking screenshot successfully

2022-06-09 19:57:49 - [MESSAGE][PASSED] - Taking screenshot successfully
[[ATTACHMENT|D:\\Projet Test Auto\\Mediabox Test Automation\\Reports\\20220609_181011\\03. Parallel Testing (Testing)\\TS -PT PART 3\\14.02 Dreyers Support Action (Ongoing _ Completed ref) - PART 2\\20220609_181057\\1654797468706.png]]

2022-06-09 19:57:49 - [TEST_STEP][PASSED] - StepA_1 = getAttribute(findTestObject("1. Constant/xpath", ["xpath":"/html/body/div[1]/div[2]/div[8]/div[3]/div/div[3]/div[3]/div/ul/li[1]/a"]), "class"): Attribute 'class' of object 'Object Repository/1. Constant/xpath' is: 'nav-link timeline-badge badge-xl  bg-complete '

2022-06-09 19:57:49 - [MESSAGE][PASSED] - Attribute 'class' of object 'Object Repository/1. Constant/xpath' is: 'nav-link timeline-badge badge-xl  bg-complete '

2022-06-09 19:57:49 - [TEST_STEP][PASSED] - verifyMatch(StepA_1, "nav-link timeline-badge badge-xl  bg-complete ", false): Actual text 'nav-link timeline-badge badge-xl  bg-complete ' and expected text 'nav-link timeline-badge badge-xl  bg-complete ' are matched 

2022-06-09 19:57:49 - [MESSAGE][PASSED] - Actual text 'nav-link timeline-badge badge-xl  bg-complete ' and expected text 'nav-link timeline-badge badge-xl  bg-complete ' are matched 

2022-06-09 19:57:49 - [TEST_STEP][PASSED] - StepA_11 = I.Get_Stepname("/html/body/div[1]/div[2]/div[8]/div[3]/div/div[3]/div[3]/div/ul/li[1]/a"): Attribute 'href' of object 'Object Repository/1. Constant/xpath' is: 'http://mdb-release.diadeis.lan/MediaboxIndependence/Base/ExecAction?action=VoirRef&IDSession=MBI!RELTESTAUTO_DREYERS!UPEZV7FZNO4ZFYI9TL698G1WMZVO55SSZ77L3ZH8&num=OE1XAGTTFW&id_ref=5269#tab_lifecycle_SASStepA_12164'

2022-06-09 19:57:54 - [MESSAGE][PASSED] - Delayed 5 second(s)

2022-06-09 19:57:54 - [MESSAGE][PASSED] - Attribute 'href' of object 'Object Repository/1. Constant/xpath' is: 'http://mdb-release.diadeis.lan/MediaboxIndependence/Base/ExecAction?action=VoirRef&IDSession=MBI!RELTESTAUTO_DREYERS!UPEZV7FZNO4ZFYI9TL698G1WMZVO55SSZ77L3ZH8&num=OE1XAGTTFW&id_ref=5269#tab_lifecycle_SASStepA_12164'

2022-06-09 19:57:54 - [TEST_STEP][PASSED] - verifyMatch(StepA_11, "SASStepA", false): Actual text 'SASStepA' and expected text 'SASStepA' are matched 

2022-06-09 19:57:54 - [MESSAGE][PASSED] - Actual text 'SASStepA' and expected text 'SASStepA' are matched 

2022-06-09 19:57:54 - [TEST_STEP][PASSED] - StepA_2 = getAttribute(findTestObject("1. Constant/xpath", ["xpath":"/html/body/div[1]/div[2]/div[8]/div[3]/div/div[3]/div[3]/div/ul/li[2]/a"]), "class"): Attribute 'class' of object 'Object Repository/1. Constant/xpath' is: 'nav-link timeline-badge badge-xl  bg-pending active'

2022-06-09 19:57:54 - [MESSAGE][PASSED] - Attribute 'class' of object 'Object Repository/1. Constant/xpath' is: 'nav-link timeline-badge badge-xl  bg-pending active'

2022-06-09 19:57:54 - [TEST_STEP][PASSED] - verifyMatch(StepA_2, "nav-link timeline-badge badge-xl  bg-pending active", false): Actual text 'nav-link timeline-badge badge-xl  bg-pending active' and expected text 'nav-link timeline-badge badge-xl  bg-pending active' are matched 

2022-06-09 19:57:54 - [MESSAGE][PASSED] - Actual text 'nav-link timeline-badge badge-xl  bg-pending active' and expected text 'nav-link timeline-badge badge-xl  bg-pending active' are matched 

2022-06-09 19:57:54 - [TEST_STEP][PASSED] - StepA_22 = I.Get_Stepname("/html/body/div[1]/div[2]/div[8]/div[3]/div/div[3]/div[3]/div/ul/li[2]/a"): Attribute 'href' of object 'Object Repository/1. Constant/xpath' is: 'http://mdb-release.diadeis.lan/MediaboxIndependence/Base/ExecAction?action=VoirRef&IDSession=MBI!RELTESTAUTO_DREYERS!UPEZV7FZNO4ZFYI9TL698G1WMZVO55SSZ77L3ZH8&num=OE1XAGTTFW&id_ref=5269#tab_lifecycle_SASStepA_12166'

2022-06-09 19:57:59 - [MESSAGE][PASSED] - Delayed 5 second(s)

2022-06-09 19:57:59 - [MESSAGE][PASSED] - Attribute 'href' of object 'Object Repository/1. Constant/xpath' is: 'http://mdb-release.diadeis.lan/MediaboxIndependence/Base/ExecAction?action=VoirRef&IDSession=MBI!RELTESTAUTO_DREYERS!UPEZV7FZNO4ZFYI9TL698G1WMZVO55SSZ77L3ZH8&num=OE1XAGTTFW&id_ref=5269#tab_lifecycle_SASStepA_12166'

2022-06-09 19:57:59 - [TEST_STEP][PASSED] - verifyMatch(StepA_22, "SASStepA", false): Actual text 'SASStepA' and expected text 'SASStepA' are matched 

2022-06-09 19:57:59 - [MESSAGE][PASSED] - Actual text 'SASStepA' and expected text 'SASStepA' are matched 

2022-06-09 19:57:59 - [TEST_STEP][PASSED] - Name_StepAP1_2 = getText(findTestObject("1. Constant/xpath", ["xpath":"/html/body/div[1]/div[2]/div[8]/div[3]/div/div[3]/div[3]/div/div/div[2]/div/div[1]/div/div[1]/div[1]/h3"])): Text of object 'Object Repository/1. Constant/xpath' is: 'Phase 1.1 [Standard]'

2022-06-09 19:57:59 - [MESSAGE][PASSED] - Text of object 'Object Repository/1. Constant/xpath' is: 'Phase 1.1 [Standard]'

2022-06-09 19:57:59 - [TEST_STEP][PASSED] - verifyMatch(Name_StepAP1_2, "Phase 1.1 [Standard]", false): Actual text 'Phase 1.1 [Standard]' and expected text 'Phase 1.1 [Standard]' are matched 

2022-06-09 19:57:59 - [MESSAGE][PASSED] - Actual text 'Phase 1.1 [Standard]' and expected text 'Phase 1.1 [Standard]' are matched 

2022-06-09 19:57:59 - [TEST_STEP][PASSED] - ST_StepAP1_2 = getText(findTestObject("1. Constant/xpath", ["xpath":"/html/body/div[1]/div[2]/div[8]/div[3]/div/div[3]/div[3]/div/div/div[2]/div/div[1]/div/div[2]/div[1]"])): Text of object 'Object Repository/1. Constant/xpath' is: 'Started 06/09/22 10:57 AM'

2022-06-09 19:58:00 - [MESSAGE][PASSED] - Text of object 'Object Repository/1. Constant/xpath' is: 'Started 06/09/22 10:57 AM'

2022-06-09 19:58:00 - [TEST_STEP][PASSED] - if (ST_StepAP1_2.contains("Started")): Actual object '1' and expected object '1' are equal

2022-06-09 19:58:00 - [TEST_STEP][PASSED] - verifyEqual(1, 1): Actual object '1' and expected object '1' are equal

2022-06-09 19:58:00 - [MESSAGE][PASSED] - Actual object '1' and expected object '1' are equal

2022-06-09 19:58:00 - [TEST_STEP][PASSED] - added_StepAP1_2 = getText(findTestObject("1. Constant/xpath", ["xpath":"/html/body/div[1]/div[2]/div[8]/div[3]/div/div[3]/div[3]/div/div/div[2]/div/div[1]/div/div[2]/h6"])): Text of object 'Object Repository/1. Constant/xpath' is: 'Added manually 06/09/22 10:57 AM By Brian Lemco'

2022-06-09 19:58:00 - [MESSAGE][PASSED] - Text of object 'Object Repository/1. Constant/xpath' is: 'Added manually 06/09/22 10:57 AM By Brian Lemco'

2022-06-09 19:58:00 - [TEST_STEP][PASSED] - if (added_StepAP1_2.contains("Added manually")): Actual object '1' and expected object '1' are equal

2022-06-09 19:58:00 - [TEST_STEP][PASSED] - verifyEqual(1, 1): Actual object '1' and expected object '1' are equal

2022-06-09 19:58:00 - [MESSAGE][PASSED] - Actual object '1' and expected object '1' are equal

2022-06-09 19:58:00 - [TEST_STEP][PASSED] - Name_StepAP2_2 = getText(findTestObject("1. Constant/xpath", ["xpath":"/html/body/div[1]/div[2]/div[8]/div[3]/div/div[3]/div[3]/div/div/div[2]/div/div[2]/div/div[1]/div[1]/h3"])): Text of object 'Object Repository/1. Constant/xpath' is: 'Phase 1.2 [Standard Phase]'

2022-06-09 19:58:00 - [MESSAGE][PASSED] - Text of object 'Object Repository/1. Constant/xpath' is: 'Phase 1.2 [Standard Phase]'

2022-06-09 19:58:00 - [TEST_STEP][PASSED] - verifyMatch(Name_StepAP2_2, "Phase 1.2 [Standard Phase]", false): Actual text 'Phase 1.2 [Standard Phase]' and expected text 'Phase 1.2 [Standard Phase]' are matched 

2022-06-09 19:58:00 - [MESSAGE][PASSED] - Actual text 'Phase 1.2 [Standard Phase]' and expected text 'Phase 1.2 [Standard Phase]' are matched 

2022-06-09 19:58:00 - [TEST_STEP][PASSED] - StepB_3 = getAttribute(findTestObject("1. Constant/xpath", ["xpath":"/html/body/div[1]/div[2]/div[8]/div[3]/div/div[3]/div[3]/div/ul/li[3]/a"]), "class"): Attribute 'class' of object 'Object Repository/1. Constant/xpath' is: 'nav-link timeline-badge badge-xl  bg-waiting '

2022-06-09 19:58:00 - [MESSAGE][PASSED] - Attribute 'class' of object 'Object Repository/1. Constant/xpath' is: 'nav-link timeline-badge badge-xl  bg-waiting '

2022-06-09 19:58:00 - [TEST_STEP][PASSED] - verifyMatch(StepB_3, "nav-link timeline-badge badge-xl  bg-waiting ", false): Actual text 'nav-link timeline-badge badge-xl  bg-waiting ' and expected text 'nav-link timeline-badge badge-xl  bg-waiting ' are matched 

2022-06-09 19:58:00 - [MESSAGE][PASSED] - Actual text 'nav-link timeline-badge badge-xl  bg-waiting ' and expected text 'nav-link timeline-badge badge-xl  bg-waiting ' are matched 

2022-06-09 19:58:00 - [TEST_STEP][PASSED] - StepB_33 = I.Get_Stepname("/html/body/div[1]/div[2]/div[8]/div[3]/div/div[3]/div[3]/div/ul/li[3]/a"): Attribute 'href' of object 'Object Repository/1. Constant/xpath' is: 'http://mdb-release.diadeis.lan/MediaboxIndependence/Base/ExecAction?action=VoirRef&IDSession=MBI!RELTESTAUTO_DREYERS!UPEZV7FZNO4ZFYI9TL698G1WMZVO55SSZ77L3ZH8&num=OE1XAGTTFW&id_ref=5269#tab_lifecycle_SASStepB_12165'

2022-06-09 19:58:05 - [MESSAGE][PASSED] - Delayed 5 second(s)

2022-06-09 19:58:05 - [MESSAGE][PASSED] - Attribute 'href' of object 'Object Repository/1. Constant/xpath' is: 'http://mdb-release.diadeis.lan/MediaboxIndependence/Base/ExecAction?action=VoirRef&IDSession=MBI!RELTESTAUTO_DREYERS!UPEZV7FZNO4ZFYI9TL698G1WMZVO55SSZ77L3ZH8&num=OE1XAGTTFW&id_ref=5269#tab_lifecycle_SASStepB_12165'

2022-06-09 19:58:05 - [TEST_STEP][PASSED] - verifyMatch(StepB_33, "SASStepB", false): Actual text 'SASStepB' and expected text 'SASStepB' are matched 

2022-06-09 19:58:05 - [MESSAGE][PASSED] - Actual text 'SASStepB' and expected text 'SASStepB' are matched 

2022-06-09 19:58:05 - [TEST_STEP][PASSED] - I.Logout(): Delayed 3 second(s)

2022-06-09 19:58:08 - [MESSAGE][PASSED] - Delayed 3 second(s)

2022-06-09 19:58:08 - [MESSAGE][PASSED] - Object: 'Object Repository/1. Constant/xpath' is clicked on

2022-06-09 19:58:11 - [MESSAGE][PASSED] - Delayed 3 second(s)

2022-06-09 19:58:14 - [MESSAGE][PASSED] - Object: 'Object Repository/1. Constant/xpath' is clicked on

2022-06-09 19:58:17 - [MESSAGE][PASSED] - Delayed 3 second(s)

2022-06-09 19:58:17 - [TEST_STEP][PASSED] - I.Login_password("nturner", password_nturner): Object: 'Object Repository/1. Constant/xpath' is clicked on

2022-06-09 19:58:17 - [MESSAGE][PASSED] - Text 'nturner' is set on object 'Object Repository/1. Constant/xpath'

2022-06-09 19:58:18 - [MESSAGE][PASSED] - Delayed 1 second(s)

2022-06-09 19:58:19 - [MESSAGE][PASSED] - Text 'diadeis1' is set on object 'Object Repository/1. Constant/xpath'

2022-06-09 19:58:20 - [MESSAGE][PASSED] - Delayed 1 second(s)

2022-06-09 19:58:25 - [MESSAGE][PASSED] - Object: 'Object Repository/1. Constant/xpath' is clicked on

2022-06-09 19:58:25 - [TEST_STEP][PASSED] - takeScreenshot(): Taking screenshot successfully

2022-06-09 19:58:25 - [MESSAGE][PASSED] - Taking screenshot successfully
[[ATTACHMENT|D:\\Projet Test Auto\\Mediabox Test Automation\\Reports\\20220609_181011\\03. Parallel Testing (Testing)\\TS -PT PART 3\\14.02 Dreyers Support Action (Ongoing _ Completed ref) - PART 2\\20220609_181057\\1654797505070.png]]

2022-06-09 19:58:25 - [TEST_STEP][PASSED] - click(findTestObject("1. Constant/02_LHSMenu_Projects")): Object: 'Object Repository/1. Constant/02_LHSMenu_Projects' is clicked on

2022-06-09 19:58:27 - [MESSAGE][PASSED] - Object: 'Object Repository/1. Constant/02_LHSMenu_Projects' is clicked on

2022-06-09 19:58:27 - [TEST_STEP][PASSED] - I.SearchProjectNo_xpath(Project_No, "//*[@id="keynum_project"]", "//*[@id="form_filters"]/div[4]/button"): Delayed 5 second(s)

2022-06-09 19:58:28 - [MESSAGE][PASSED] - Delayed 1 second(s)

2022-06-09 19:58:30 - [MESSAGE][PASSED] - Text 'MI000876' is set on object 'Object Repository/1. Constant/xpath'

2022-06-09 19:58:33 - [MESSAGE][PASSED] - Delayed 3 second(s)

2022-06-09 19:58:33 - [MESSAGE][PASSED] - Scroll to object 'Object Repository/1. Constant/xpath' successfully

2022-06-09 19:58:36 - [MESSAGE][PASSED] - Object: 'Object Repository/1. Constant/xpath' is clicked on

2022-06-09 19:58:41 - [MESSAGE][PASSED] - Delayed 5 second(s)

2022-06-09 19:58:41 - [TEST_STEP][PASSED] - takeScreenshot(): Taking screenshot successfully

2022-06-09 19:58:42 - [MESSAGE][PASSED] - Taking screenshot successfully
[[ATTACHMENT|D:\\Projet Test Auto\\Mediabox Test Automation\\Reports\\20220609_181011\\03. Parallel Testing (Testing)\\TS -PT PART 3\\14.02 Dreyers Support Action (Ongoing _ Completed ref) - PART 2\\20220609_181057\\1654797521918.png]]

2022-06-09 19:58:42 - [TEST_STEP][PASSED] - I.SearchRefNo_xpath("P5_Auto", "//*[@id="fiche_filter_keywords11"]", "//*[@id="form_filters"]/div[3]/button"): Delayed 5 second(s)

2022-06-09 19:58:43 - [MESSAGE][PASSED] - Delayed 1 second(s)

2022-06-09 19:58:43 - [MESSAGE][PASSED] - Text 'P5_Auto' is set on object 'Object Repository/1. Constant/xpath'

2022-06-09 19:58:46 - [MESSAGE][PASSED] - Delayed 3 second(s)

2022-06-09 19:58:47 - [MESSAGE][PASSED] - Scroll to object 'Object Repository/1. Constant/xpath' successfully

2022-06-09 19:58:49 - [MESSAGE][PASSED] - Object: 'Object Repository/1. Constant/xpath' is clicked on

2022-06-09 19:58:54 - [MESSAGE][PASSED] - Delayed 5 second(s)

2022-06-09 19:58:54 - [TEST_STEP][PASSED] - delay(1): Delayed 1 second(s)

2022-06-09 19:58:55 - [MESSAGE][PASSED] - Delayed 1 second(s)

2022-06-09 19:58:55 - [TEST_STEP][PASSED] - Lifecycle_Status2 = getText(findTestObject("1. Constant/xpath", ["xpath":"//*[@id="source_" + refID5 + ""]/td[12]/span[1]"])): Text of object 'Object Repository/1. Constant/xpath' is: 'Phase 1.1 [Standard]'

2022-06-09 19:58:55 - [MESSAGE][PASSED] - Text of object 'Object Repository/1. Constant/xpath' is: 'Phase 1.1 [Standard]'

2022-06-09 19:58:55 - [TEST_STEP][PASSED] - verifyMatch(Lifecycle_Status2, "Phase 1.1 [Standard]", false): Actual text 'Phase 1.1 [Standard]' and expected text 'Phase 1.1 [Standard]' are matched 

2022-06-09 19:58:55 - [MESSAGE][PASSED] - Actual text 'Phase 1.1 [Standard]' and expected text 'Phase 1.1 [Standard]' are matched 

2022-06-09 19:58:55 - [TEST_STEP][PASSED] - click(findTestObject("1. Constant/xpath", ["xpath":"//*[@id="source_" + refID5 + ""]/td[13]/a[2]"])): Object: 'Object Repository/1. Constant/xpath' is clicked on

2022-06-09 19:58:58 - [MESSAGE][PASSED] - Object: 'Object Repository/1. Constant/xpath' is clicked on

2022-06-09 19:58:58 - [TEST_STEP][PASSED] - click(findTestObject("1. Constant/xpath", ["xpath":"//*[@id="ModifFiche"]/div[1]/div/button[2]"])): Object: 'Object Repository/1. Constant/xpath' is clicked on

2022-06-09 19:59:02 - [MESSAGE][PASSED] - Object: 'Object Repository/1. Constant/xpath' is clicked on

2022-06-09 19:59:02 - [TEST_STEP][PASSED] - Lifecycle_Status3 = getText(findTestObject("1. Constant/xpath", ["xpath":"//*[@id="source_" + refID5 + ""]/td[12]/span[1]"])): Text of object 'Object Repository/1. Constant/xpath' is: 'Phase 1.2 [Standard Phase]'

2022-06-09 19:59:02 - [MESSAGE][PASSED] - Text of object 'Object Repository/1. Constant/xpath' is: 'Phase 1.2 [Standard Phase]'

2022-06-09 19:59:02 - [TEST_STEP][PASSED] - verifyMatch(Lifecycle_Status3, "Phase 1.2 [Standard Phase]", false): Actual text 'Phase 1.2 [Standard Phase]' and expected text 'Phase 1.2 [Standard Phase]' are matched 

2022-06-09 19:59:02 - [MESSAGE][PASSED] - Actual text 'Phase 1.2 [Standard Phase]' and expected text 'Phase 1.2 [Standard Phase]' are matched 

2022-06-09 19:59:02 - [TEST_STEP][PASSED] - I.Logout(): Delayed 3 second(s)

2022-06-09 19:59:05 - [MESSAGE][PASSED] - Delayed 3 second(s)

2022-06-09 19:59:06 - [MESSAGE][PASSED] - Object: 'Object Repository/1. Constant/xpath' is clicked on

2022-06-09 19:59:09 - [MESSAGE][PASSED] - Delayed 3 second(s)

2022-06-09 19:59:13 - [MESSAGE][PASSED] - Object: 'Object Repository/1. Constant/xpath' is clicked on

2022-06-09 19:59:16 - [MESSAGE][PASSED] - Delayed 3 second(s)

2022-06-09 19:59:16 - [TEST_STEP][PASSED] - I.Login_password("lmary", password_lmary): Object: 'Object Repository/1. Constant/xpath' is clicked on

2022-06-09 19:59:16 - [MESSAGE][PASSED] - Text 'lmary' is set on object 'Object Repository/1. Constant/xpath'

2022-06-09 19:59:17 - [MESSAGE][PASSED] - Delayed 1 second(s)

2022-06-09 19:59:18 - [MESSAGE][PASSED] - Text 'diadeis' is set on object 'Object Repository/1. Constant/xpath'

2022-06-09 19:59:19 - [MESSAGE][PASSED] - Delayed 1 second(s)

2022-06-09 19:59:23 - [MESSAGE][PASSED] - Object: 'Object Repository/1. Constant/xpath' is clicked on

2022-06-09 19:59:23 - [TEST_STEP][PASSED] - takeScreenshot(): Taking screenshot successfully

2022-06-09 19:59:24 - [MESSAGE][PASSED] - Taking screenshot successfully
[[ATTACHMENT|D:\\Projet Test Auto\\Mediabox Test Automation\\Reports\\20220609_181011\\03. Parallel Testing (Testing)\\TS -PT PART 3\\14.02 Dreyers Support Action (Ongoing _ Completed ref) - PART 2\\20220609_181057\\1654797563992.png]]

2022-06-09 19:59:24 - [TEST_STEP][PASSED] - click(findTestObject("1. Constant/02_LHSMenu_Projects")): Object: 'Object Repository/1. Constant/02_LHSMenu_Projects' is clicked on

2022-06-09 19:59:29 - [MESSAGE][PASSED] - Object: 'Object Repository/1. Constant/02_LHSMenu_Projects' is clicked on

2022-06-09 19:59:29 - [TEST_STEP][PASSED] - I.SearchProjectNo_xpath(Project_No, "//*[@id="keynum_project"]", "//*[@id="form_filters"]/div[4]/button"): Delayed 5 second(s)

2022-06-09 19:59:30 - [MESSAGE][PASSED] - Delayed 1 second(s)

2022-06-09 19:59:30 - [MESSAGE][PASSED] - Text 'MI000876' is set on object 'Object Repository/1. Constant/xpath'

2022-06-09 19:59:33 - [MESSAGE][PASSED] - Delayed 3 second(s)

2022-06-09 19:59:33 - [MESSAGE][PASSED] - Scroll to object 'Object Repository/1. Constant/xpath' successfully

2022-06-09 19:59:35 - [MESSAGE][PASSED] - Object: 'Object Repository/1. Constant/xpath' is clicked on

2022-06-09 19:59:40 - [MESSAGE][PASSED] - Delayed 5 second(s)

2022-06-09 19:59:40 - [TEST_STEP][PASSED] - takeScreenshot(): Taking screenshot successfully

2022-06-09 19:59:41 - [MESSAGE][PASSED] - Taking screenshot successfully
[[ATTACHMENT|D:\\Projet Test Auto\\Mediabox Test Automation\\Reports\\20220609_181011\\03. Parallel Testing (Testing)\\TS -PT PART 3\\14.02 Dreyers Support Action (Ongoing _ Completed ref) - PART 2\\20220609_181057\\1654797580775.png]]

2022-06-09 19:59:41 - [TEST_STEP][PASSED] - I.SearchRefNo_xpath("P5_Auto", "//*[@id="fiche_filter_keywords11"]", "//*[@id="form_filters"]/div[3]/button"): Delayed 5 second(s)

2022-06-09 19:59:42 - [MESSAGE][PASSED] - Delayed 1 second(s)

2022-06-09 19:59:42 - [MESSAGE][PASSED] - Text 'P5_Auto' is set on object 'Object Repository/1. Constant/xpath'

2022-06-09 19:59:45 - [MESSAGE][PASSED] - Delayed 3 second(s)

2022-06-09 19:59:45 - [MESSAGE][PASSED] - Scroll to object 'Object Repository/1. Constant/xpath' successfully

2022-06-09 19:59:48 - [MESSAGE][PASSED] - Object: 'Object Repository/1. Constant/xpath' is clicked on

2022-06-09 19:59:53 - [MESSAGE][PASSED] - Delayed 5 second(s)

2022-06-09 19:59:53 - [TEST_STEP][PASSED] - takeScreenshot(): Taking screenshot successfully

2022-06-09 19:59:53 - [MESSAGE][PASSED] - Taking screenshot successfully
[[ATTACHMENT|D:\\Projet Test Auto\\Mediabox Test Automation\\Reports\\20220609_181011\\03. Parallel Testing (Testing)\\TS -PT PART 3\\14.02 Dreyers Support Action (Ongoing _ Completed ref) - PART 2\\20220609_181057\\1654797593462.png]]

2022-06-09 19:59:53 - [TEST_STEP][PASSED] - click(findTestObject("1. Constant/xpath", ["xpath":"//*[@id="source_" + refID5 + ""]/td[13]/a[2]"])): Object: 'Object Repository/1. Constant/xpath' is clicked on

2022-06-09 19:59:54 - [MESSAGE][PASSED] - Object: 'Object Repository/1. Constant/xpath' is clicked on

2022-06-09 19:59:54 - [TEST_STEP][PASSED] - click(findTestObject("1. Constant/xpath", ["xpath":"//*[@id="ModifFiche"]/div[1]/div/button[2]"])): Object: 'Object Repository/1. Constant/xpath' is clicked on

2022-06-09 19:59:57 - [MESSAGE][PASSED] - Object: 'Object Repository/1. Constant/xpath' is clicked on

2022-06-09 19:59:57 - [TEST_STEP][PASSED] - Lifecycle_Status4 = getText(findTestObject("1. Constant/xpath", ["xpath":"//*[@id="source_" + refID5 + ""]/td[12]/span[1]"])): Text of object 'Object Repository/1. Constant/xpath' is: 'Phase 2.1 [Production]'

2022-06-09 19:59:57 - [MESSAGE][PASSED] - Text of object 'Object Repository/1. Constant/xpath' is: 'Phase 2.1 [Production]'

2022-06-09 19:59:57 - [TEST_STEP][PASSED] - verifyMatch(Lifecycle_Status4, "Phase 2.1 [Production]", false): Actual text 'Phase 2.1 [Production]' and expected text 'Phase 2.1 [Production]' are matched 

2022-06-09 19:59:57 - [MESSAGE][PASSED] - Actual text 'Phase 2.1 [Production]' and expected text 'Phase 2.1 [Production]' are matched 

2022-06-09 19:59:57 - [TEST_STEP][PASSED] - closeBrowser(): Browser is closed

2022-06-09 19:59:58 - [MESSAGE][PASSED] - Browser is closed

2022-06-09 19:59:58 - [TEST_STEP][PASSED] - Start listener action : sampleAfterTestCase: null]]></system-out>
         <system-err><![CDATA[]]></system-err>
      </testcase>
      <testcase name="Test Cases/19. Dreyers Support Action (Ongoing ref_completed)/19.06 Dreyers SAS Add Step Group (Ongoing ref) S12 - P6" time="220.207" classname="Test Cases/19. Dreyers Support Action (Ongoing ref_completed)/19.06 Dreyers SAS Add Step Group (Ongoing ref) S12 - P6" status="PASSED">
         <system-out><![CDATA[2022-06-09 19:59:58 - [TEST_CASE][PASSED] - Test Cases/19. Dreyers Support Action (Ongoing ref_completed)/19.06 Dreyers SAS Add Step Group (Ongoing ref) S12 - P6: Test Cases/19. Dreyers Support Action (Ongoing ref_completed)/19.06 Dreyers SAS Add Step Group (Ongoing ref) S12 - P6

2022-06-09 19:59:59 - [TEST_STEP][PASSED] - data_Dreyers = findTestData("Data Files/Username_Password/Dreyer"): null

2022-06-09 19:59:59 - [TEST_STEP][PASSED] - password_blemco = data_Dreyers.getValue(2, 2): null

2022-06-09 19:59:59 - [TEST_STEP][PASSED] - password_nturner = data_Dreyers.getValue(2, 6): null

2022-06-09 19:59:59 - [TEST_STEP][PASSED] - password_lmary = data_Dreyers.getValue(2, 13): null

2022-06-09 19:59:59 - [TEST_STEP][PASSED] - data_urlRELAUTO = findTestData("Data Files/URL/URL_relauto"): null

2022-06-09 19:59:59 - [TEST_STEP][PASSED] - Url_Dreyer = data_urlRELAUTO.getValue(2, 4): null

2022-06-09 19:59:59 - [TEST_STEP][PASSED] - Project_No = I.readnotepad("D:\Upoad_File\Projet_ Login\Dreyers\19.1\19.1_Dreyers_ProjectNo.txt"): null

2022-06-09 19:59:59 - [TEST_STEP][PASSED] - refID = I.readnotepad("D:\Upoad_File\Projet_ Login\Dreyers\19.1\19.1_Dreyers_refID.txt"): null

2022-06-09 19:59:59 - [TEST_STEP][PASSED] - openBrowser(Url_Dreyer): Browser is opened with url: 'http://mdb-release.diadeis.lan/MediaboxIndependence/?MBI_datasource=RELTESTAUTO_DREYERS'

2022-06-09 19:59:59 - [MESSAGE][INFO] - Starting 'Chrome (headless)' driver

2022-06-09 19:59:59 - [MESSAGE][INFO] - User set preference: ['args', '[--window-size=1920,1080, --headless]']

2022-06-09 19:59:59 - [MESSAGE][INFO] - Action delay is set to 0 milliseconds

2022-06-09 20:00:05 - [MESSAGE][PASSED] - Browser is opened with url: 'http://mdb-release.diadeis.lan/MediaboxIndependence/?MBI_datasource=RELTESTAUTO_DREYERS'

2022-06-09 20:00:05 - [TEST_STEP][PASSED] - maximizeWindow(): Current window maximized

2022-06-09 20:00:05 - [MESSAGE][PASSED] - Current window maximized

2022-06-09 20:00:05 - [TEST_STEP][PASSED] - I.Login_password("blemco", password_blemco): Object: 'Object Repository/1. Constant/xpath' is clicked on

2022-06-09 20:00:05 - [MESSAGE][PASSED] - Text 'blemco' is set on object 'Object Repository/1. Constant/xpath'

2022-06-09 20:00:06 - [MESSAGE][PASSED] - Delayed 1 second(s)

2022-06-09 20:00:07 - [MESSAGE][PASSED] - Text 'diadeis1' is set on object 'Object Repository/1. Constant/xpath'

2022-06-09 20:00:08 - [MESSAGE][PASSED] - Delayed 1 second(s)

2022-06-09 20:00:16 - [MESSAGE][PASSED] - Object: 'Object Repository/1. Constant/xpath' is clicked on

2022-06-09 20:00:16 - [TEST_STEP][PASSED] - click(findTestObject("1. Constant/02_LHSMenu_Projects")): Object: 'Object Repository/1. Constant/02_LHSMenu_Projects' is clicked on

2022-06-09 20:00:20 - [MESSAGE][PASSED] - Object: 'Object Repository/1. Constant/02_LHSMenu_Projects' is clicked on

2022-06-09 20:00:20 - [TEST_STEP][PASSED] - I.SearchProjectNo_xpath(Project_No, "//*[@id="keynum_project"]", "//*[@id="form_filters"]/div[4]/button"): Delayed 5 second(s)

2022-06-09 20:00:21 - [MESSAGE][PASSED] - Delayed 1 second(s)

2022-06-09 20:00:21 - [MESSAGE][PASSED] - Text 'MI000876' is set on object 'Object Repository/1. Constant/xpath'

2022-06-09 20:00:24 - [MESSAGE][PASSED] - Delayed 3 second(s)

2022-06-09 20:00:24 - [MESSAGE][PASSED] - Scroll to object 'Object Repository/1. Constant/xpath' successfully

2022-06-09 20:00:28 - [MESSAGE][PASSED] - Object: 'Object Repository/1. Constant/xpath' is clicked on

2022-06-09 20:00:33 - [MESSAGE][PASSED] - Delayed 5 second(s)

2022-06-09 20:00:33 - [TEST_STEP][PASSED] - takeScreenshot(): Taking screenshot successfully

2022-06-09 20:00:34 - [MESSAGE][PASSED] - Taking screenshot successfully
[[ATTACHMENT|D:\\Projet Test Auto\\Mediabox Test Automation\\Reports\\20220609_181011\\03. Parallel Testing (Testing)\\TS -PT PART 3\\14.02 Dreyers Support Action (Ongoing _ Completed ref) - PART 2\\20220609_181057\\1654797633681.png]]

2022-06-09 20:00:34 - [TEST_STEP][PASSED] - click(findTestObject("1. Constant/xpath", ["xpath":"//*[@id="create_ref_btn"]/button"])): Object: 'Object Repository/1. Constant/xpath' is clicked on

2022-06-09 20:00:34 - [MESSAGE][PASSED] - Object: 'Object Repository/1. Constant/xpath' is clicked on

2022-06-09 20:00:34 - [TEST_STEP][PASSED] - delay(1): Delayed 1 second(s)

2022-06-09 20:00:35 - [MESSAGE][PASSED] - Delayed 1 second(s)

2022-06-09 20:00:35 - [TEST_STEP][PASSED] - click(findTestObject("1. Constant/xpath", ["xpath":"//*[@id="create_ref_btn"]/div/a"])): Object: 'Object Repository/1. Constant/xpath' is clicked on

2022-06-09 20:00:37 - [MESSAGE][PASSED] - Object: 'Object Repository/1. Constant/xpath' is clicked on

2022-06-09 20:00:37 - [TEST_STEP][PASSED] - delay(1): Delayed 1 second(s)

2022-06-09 20:00:38 - [MESSAGE][PASSED] - Delayed 1 second(s)

2022-06-09 20:00:38 - [TEST_STEP][PASSED] - selectOptionByValue(findTestObject("1. Constant/xpath", ["xpath":"//*[@id="lfc_tpl"]"]), "37", false): All options with value '37' are selected in object 'Object Repository/1. Constant/xpath' 

2022-06-09 20:00:39 - [MESSAGE][PASSED] - All options with value '37' are selected in object 'Object Repository/1. Constant/xpath' 

2022-06-09 20:00:39 - [TEST_STEP][PASSED] - ref_name = "P6_Auto_SAS_S12_" + RandomStringUtils.randomAlphanumeric(5) + I.gettimedate(): null

2022-06-09 20:00:39 - [TEST_STEP][PASSED] - delay(1): Delayed 1 second(s)

2022-06-09 20:00:40 - [MESSAGE][PASSED] - Delayed 1 second(s)

2022-06-09 20:00:40 - [TEST_STEP][PASSED] - setText(findTestObject("1. Constant/xpath", ["xpath":"//*[@id="var_name"]"]), ref_name): Text 'P6_Auto_SAS_S12_lB5tDjuin092022_200039' is set on object 'Object Repository/1. Constant/xpath'

2022-06-09 20:00:42 - [MESSAGE][PASSED] - Text 'P6_Auto_SAS_S12_lB5tDjuin092022_200039' is set on object 'Object Repository/1. Constant/xpath'

2022-06-09 20:00:42 - [TEST_STEP][PASSED] - takeScreenshot(): Taking screenshot successfully

2022-06-09 20:00:42 - [MESSAGE][PASSED] - Taking screenshot successfully
[[ATTACHMENT|D:\\Projet Test Auto\\Mediabox Test Automation\\Reports\\20220609_181011\\03. Parallel Testing (Testing)\\TS -PT PART 3\\14.02 Dreyers Support Action (Ongoing _ Completed ref) - PART 2\\20220609_181057\\1654797642377.png]]

2022-06-09 20:00:42 - [TEST_STEP][PASSED] - click(findTestObject("1. Constant/xpath", ["xpath":"//*[@id="createRefBottom"]"])): Object: 'Object Repository/1. Constant/xpath' is clicked on

2022-06-09 20:00:47 - [MESSAGE][PASSED] - Object: 'Object Repository/1. Constant/xpath' is clicked on

2022-06-09 20:00:47 - [TEST_STEP][PASSED] - delay(1): Delayed 1 second(s)

2022-06-09 20:00:48 - [MESSAGE][PASSED] - Delayed 1 second(s)

2022-06-09 20:00:48 - [TEST_STEP][PASSED] - takeScreenshot(): Taking screenshot successfully

2022-06-09 20:00:49 - [MESSAGE][PASSED] - Taking screenshot successfully
[[ATTACHMENT|D:\\Projet Test Auto\\Mediabox Test Automation\\Reports\\20220609_181011\\03. Parallel Testing (Testing)\\TS -PT PART 3\\14.02 Dreyers Support Action (Ongoing _ Completed ref) - PART 2\\20220609_181057\\1654797649162.png]]

2022-06-09 20:00:49 - [TEST_STEP][PASSED] - refID6 = I.RefID(): Current window's url is: 'http://mdb-release.diadeis.lan/MediaboxIndependence/Base/ExecAction?IDSession=MBI%21RELTESTAUTO_DREYERS%21I5VNIVUYQMRTTP8ZFZQML4GCHGZEI8JXB7PJ33GG&default_action=ModifierRef&id_project=MI000876&id_ref=5270&action_from=create_ref'

2022-06-09 20:00:54 - [MESSAGE][PASSED] - Delayed 5 second(s)

2022-06-09 20:00:54 - [MESSAGE][PASSED] - Current window's url is: 'http://mdb-release.diadeis.lan/MediaboxIndependence/Base/ExecAction?IDSession=MBI%21RELTESTAUTO_DREYERS%21I5VNIVUYQMRTTP8ZFZQML4GCHGZEI8JXB7PJ33GG&default_action=ModifierRef&id_project=MI000876&id_ref=5270&action_from=create_ref'

2022-06-09 20:00:54 - [TEST_STEP][PASSED] - click(findTestObject("1. Constant/xpath", ["xpath":"//*[@id="type_save"]"])): Object: 'Object Repository/1. Constant/xpath' is clicked on

2022-06-09 20:00:58 - [MESSAGE][PASSED] - Object: 'Object Repository/1. Constant/xpath' is clicked on

2022-06-09 20:00:58 - [TEST_STEP][PASSED] - I.SearchRefNo_xpath("P6_Auto", "//*[@id="fiche_filter_keywords11"]", "//*[@id="form_filters"]/div[3]/button"): Delayed 5 second(s)

2022-06-09 20:00:59 - [MESSAGE][PASSED] - Delayed 1 second(s)

2022-06-09 20:01:00 - [MESSAGE][PASSED] - Text 'P6_Auto' is set on object 'Object Repository/1. Constant/xpath'

2022-06-09 20:01:03 - [MESSAGE][PASSED] - Delayed 3 second(s)

2022-06-09 20:01:03 - [MESSAGE][PASSED] - Scroll to object 'Object Repository/1. Constant/xpath' successfully

2022-06-09 20:01:07 - [MESSAGE][PASSED] - Object: 'Object Repository/1. Constant/xpath' is clicked on

2022-06-09 20:01:12 - [MESSAGE][PASSED] - Delayed 5 second(s)

2022-06-09 20:01:12 - [TEST_STEP][PASSED] - takeScreenshot(): Taking screenshot successfully

2022-06-09 20:01:12 - [MESSAGE][PASSED] - Taking screenshot successfully
[[ATTACHMENT|D:\\Projet Test Auto\\Mediabox Test Automation\\Reports\\20220609_181011\\03. Parallel Testing (Testing)\\TS -PT PART 3\\14.02 Dreyers Support Action (Ongoing _ Completed ref) - PART 2\\20220609_181057\\1654797672511.png]]

2022-06-09 20:01:12 - [TEST_STEP][PASSED] - click(findTestObject("1. Constant/xpath", ["xpath":"//*[@id="source_" + refID6 + ""]/td[13]/div[1]/button"])): Object: 'Object Repository/1. Constant/xpath' is clicked on

2022-06-09 20:01:13 - [MESSAGE][PASSED] - Object: 'Object Repository/1. Constant/xpath' is clicked on

2022-06-09 20:01:13 - [TEST_STEP][PASSED] - delay(1): Delayed 1 second(s)

2022-06-09 20:01:14 - [MESSAGE][PASSED] - Delayed 1 second(s)

2022-06-09 20:01:14 - [TEST_STEP][PASSED] - takeScreenshot(): Taking screenshot successfully

2022-06-09 20:01:14 - [MESSAGE][PASSED] - Taking screenshot successfully
[[ATTACHMENT|D:\\Projet Test Auto\\Mediabox Test Automation\\Reports\\20220609_181011\\03. Parallel Testing (Testing)\\TS -PT PART 3\\14.02 Dreyers Support Action (Ongoing _ Completed ref) - PART 2\\20220609_181057\\1654797674559.png]]

2022-06-09 20:01:14 - [TEST_STEP][PASSED] - delay(1): Delayed 1 second(s)

2022-06-09 20:01:15 - [MESSAGE][PASSED] - Delayed 1 second(s)

2022-06-09 20:01:15 - [TEST_STEP][PASSED] - x = 20: null

2022-06-09 20:01:15 - [TEST_STEP][PASSED] - i = 1: null

2022-06-09 20:01:15 - [TEST_STEP][PASSED] - while (i <= x): null

2022-06-09 20:01:15 - [TEST_STEP][PASSED] - Expected_SAS_Selected = "SAS S12: Skip P1.2/ Add Step A/ Skip P1.1": null

2022-06-09 20:01:15 - [TEST_STEP][PASSED] - xpath_SAS = "//*[@id="source_" + refID6 + ""]/td[13]/div[1]/div/a[" + i + "]": null

2022-06-09 20:01:15 - [TEST_STEP][PASSED] - Actual_SAS = getText(findTestObject("1. Constant/xpath", ["xpath":xpath_SAS])): Text of object 'Object Repository/1. Constant/xpath' is: 'SAS S12: Skip P1.2/ Add Step A/ Skip P1.1'

2022-06-09 20:01:16 - [MESSAGE][PASSED] - Text of object 'Object Repository/1. Constant/xpath' is: 'SAS S12: Skip P1.2/ Add Step A/ Skip P1.1'

2022-06-09 20:01:16 - [TEST_STEP][PASSED] - if (Actual_SAS.contains(Expected_SAS_Selected)): null

2022-06-09 20:01:16 - [TEST_STEP][PASSED] - click(findTestObject("1. Constant/xpath", ["xpath":xpath_SAS])): Object: 'Object Repository/1. Constant/xpath' is clicked on

2022-06-09 20:01:16 - [MESSAGE][PASSED] - Object: 'Object Repository/1. Constant/xpath' is clicked on

2022-06-09 20:01:16 - [TEST_STEP][PASSED] - break: null

2022-06-09 20:01:16 - [TEST_STEP][PASSED] - takeScreenshot(): Taking screenshot successfully

2022-06-09 20:01:16 - [MESSAGE][PASSED] - Taking screenshot successfully
[[ATTACHMENT|D:\\Projet Test Auto\\Mediabox Test Automation\\Reports\\20220609_181011\\03. Parallel Testing (Testing)\\TS -PT PART 3\\14.02 Dreyers Support Action (Ongoing _ Completed ref) - PART 2\\20220609_181057\\1654797676330.png]]

2022-06-09 20:01:16 - [TEST_STEP][PASSED] - click(findTestObject("1. Constant/xpath", ["xpath":"//*[@id="confirmSupportActionShortcut"]"])): Object: 'Object Repository/1. Constant/xpath' is clicked on

2022-06-09 20:01:22 - [MESSAGE][PASSED] - Object: 'Object Repository/1. Constant/xpath' is clicked on

2022-06-09 20:01:22 - [TEST_STEP][PASSED] - takeScreenshot(): Taking screenshot successfully

2022-06-09 20:01:22 - [MESSAGE][PASSED] - Taking screenshot successfully
[[ATTACHMENT|D:\\Projet Test Auto\\Mediabox Test Automation\\Reports\\20220609_181011\\03. Parallel Testing (Testing)\\TS -PT PART 3\\14.02 Dreyers Support Action (Ongoing _ Completed ref) - PART 2\\20220609_181057\\1654797682301.png]]

2022-06-09 20:01:22 - [TEST_STEP][PASSED] - click(findTestObject("1. Constant/xpath", ["xpath":"//*[@id="kt_content"]/div[3]/div/ul/li[3]/a"])): Object: 'Object Repository/1. Constant/xpath' is clicked on

2022-06-09 20:01:23 - [MESSAGE][PASSED] - Object: 'Object Repository/1. Constant/xpath' is clicked on

2022-06-09 20:01:23 - [TEST_STEP][PASSED] - takeScreenshot(): Taking screenshot successfully

2022-06-09 20:01:24 - [MESSAGE][PASSED] - Taking screenshot successfully
[[ATTACHMENT|D:\\Projet Test Auto\\Mediabox Test Automation\\Reports\\20220609_181011\\03. Parallel Testing (Testing)\\TS -PT PART 3\\14.02 Dreyers Support Action (Ongoing _ Completed ref) - PART 2\\20220609_181057\\1654797683912.png]]

2022-06-09 20:01:24 - [TEST_STEP][PASSED] - StepA_1 = getAttribute(findTestObject("1. Constant/xpath", ["xpath":"/html/body/div[1]/div[2]/div[8]/div[3]/div/div[3]/div[3]/div/ul/li[1]/a"]), "class"): Attribute 'class' of object 'Object Repository/1. Constant/xpath' is: 'nav-link timeline-badge badge-xl  bg-complete '

2022-06-09 20:01:24 - [MESSAGE][PASSED] - Attribute 'class' of object 'Object Repository/1. Constant/xpath' is: 'nav-link timeline-badge badge-xl  bg-complete '

2022-06-09 20:01:24 - [TEST_STEP][PASSED] - verifyMatch(StepA_1, "nav-link timeline-badge badge-xl  bg-complete ", false): Actual text 'nav-link timeline-badge badge-xl  bg-complete ' and expected text 'nav-link timeline-badge badge-xl  bg-complete ' are matched 

2022-06-09 20:01:24 - [MESSAGE][PASSED] - Actual text 'nav-link timeline-badge badge-xl  bg-complete ' and expected text 'nav-link timeline-badge badge-xl  bg-complete ' are matched 

2022-06-09 20:01:24 - [TEST_STEP][PASSED] - StepA_11 = I.Get_Stepname("/html/body/div[1]/div[2]/div[8]/div[3]/div/div[3]/div[3]/div/ul/li[1]/a"): Attribute 'href' of object 'Object Repository/1. Constant/xpath' is: 'http://mdb-release.diadeis.lan/MediaboxIndependence/Base/ExecAction?action=VoirRef&IDSession=MBI!RELTESTAUTO_DREYERS!I5VNIVUYQMRTTP8ZFZQML4GCHGZEI8JXB7PJ33GG&num=O7SKY458BQ&id_ref=5270#tab_lifecycle_SASStepA_12169'

2022-06-09 20:01:29 - [MESSAGE][PASSED] - Delayed 5 second(s)

2022-06-09 20:01:29 - [MESSAGE][PASSED] - Attribute 'href' of object 'Object Repository/1. Constant/xpath' is: 'http://mdb-release.diadeis.lan/MediaboxIndependence/Base/ExecAction?action=VoirRef&IDSession=MBI!RELTESTAUTO_DREYERS!I5VNIVUYQMRTTP8ZFZQML4GCHGZEI8JXB7PJ33GG&num=O7SKY458BQ&id_ref=5270#tab_lifecycle_SASStepA_12169'

2022-06-09 20:01:29 - [TEST_STEP][PASSED] - verifyMatch(StepA_11, "SASStepA", false): Actual text 'SASStepA' and expected text 'SASStepA' are matched 

2022-06-09 20:01:29 - [MESSAGE][PASSED] - Actual text 'SASStepA' and expected text 'SASStepA' are matched 

2022-06-09 20:01:29 - [TEST_STEP][PASSED] - StepA_2 = getAttribute(findTestObject("1. Constant/xpath", ["xpath":"/html/body/div[1]/div[2]/div[8]/div[3]/div/div[3]/div[3]/div/ul/li[2]/a"]), "class"): Attribute 'class' of object 'Object Repository/1. Constant/xpath' is: 'nav-link timeline-badge badge-xl  bg-pending active'

2022-06-09 20:01:29 - [MESSAGE][PASSED] - Attribute 'class' of object 'Object Repository/1. Constant/xpath' is: 'nav-link timeline-badge badge-xl  bg-pending active'

2022-06-09 20:01:29 - [TEST_STEP][PASSED] - verifyMatch(StepA_2, "nav-link timeline-badge badge-xl  bg-pending active", false): Actual text 'nav-link timeline-badge badge-xl  bg-pending active' and expected text 'nav-link timeline-badge badge-xl  bg-pending active' are matched 

2022-06-09 20:01:29 - [MESSAGE][PASSED] - Actual text 'nav-link timeline-badge badge-xl  bg-pending active' and expected text 'nav-link timeline-badge badge-xl  bg-pending active' are matched 

2022-06-09 20:01:29 - [TEST_STEP][PASSED] - StepA_22 = I.Get_Stepname("/html/body/div[1]/div[2]/div[8]/div[3]/div/div[3]/div[3]/div/ul/li[2]/a"): Attribute 'href' of object 'Object Repository/1. Constant/xpath' is: 'http://mdb-release.diadeis.lan/MediaboxIndependence/Base/ExecAction?action=VoirRef&IDSession=MBI!RELTESTAUTO_DREYERS!I5VNIVUYQMRTTP8ZFZQML4GCHGZEI8JXB7PJ33GG&num=O7SKY458BQ&id_ref=5270#tab_lifecycle_SASStepA_12171'

2022-06-09 20:01:34 - [MESSAGE][PASSED] - Delayed 5 second(s)

2022-06-09 20:01:35 - [MESSAGE][PASSED] - Attribute 'href' of object 'Object Repository/1. Constant/xpath' is: 'http://mdb-release.diadeis.lan/MediaboxIndependence/Base/ExecAction?action=VoirRef&IDSession=MBI!RELTESTAUTO_DREYERS!I5VNIVUYQMRTTP8ZFZQML4GCHGZEI8JXB7PJ33GG&num=O7SKY458BQ&id_ref=5270#tab_lifecycle_SASStepA_12171'

2022-06-09 20:01:35 - [TEST_STEP][PASSED] - verifyMatch(StepA_22, "SASStepA", false): Actual text 'SASStepA' and expected text 'SASStepA' are matched 

2022-06-09 20:01:35 - [MESSAGE][PASSED] - Actual text 'SASStepA' and expected text 'SASStepA' are matched 

2022-06-09 20:01:35 - [TEST_STEP][PASSED] - Name_StepAP1_2 = getText(findTestObject("1. Constant/xpath", ["xpath":"/html/body/div[1]/div[2]/div[8]/div[3]/div/div[3]/div[3]/div/div/div[2]/div/div[1]/div/div[1]/div[1]/h3"])): Text of object 'Object Repository/1. Constant/xpath' is: 'Phase 1.1 [Standard]'

2022-06-09 20:01:35 - [MESSAGE][PASSED] - Text of object 'Object Repository/1. Constant/xpath' is: 'Phase 1.1 [Standard]'

2022-06-09 20:01:35 - [TEST_STEP][PASSED] - verifyMatch(Name_StepAP1_2, "Phase 1.1 [Standard]", false): Actual text 'Phase 1.1 [Standard]' and expected text 'Phase 1.1 [Standard]' are matched 

2022-06-09 20:01:35 - [MESSAGE][PASSED] - Actual text 'Phase 1.1 [Standard]' and expected text 'Phase 1.1 [Standard]' are matched 

2022-06-09 20:01:35 - [TEST_STEP][PASSED] - ST_StepAP1_2 = getText(findTestObject("1. Constant/xpath", ["xpath":"/html/body/div[1]/div[2]/div[8]/div[3]/div/div[3]/div[3]/div/div/div[2]/div/div[1]/div/div[2]/div[1]"])): Text of object 'Object Repository/1. Constant/xpath' is: 'Started 06/09/22 11:01 AM'

2022-06-09 20:01:35 - [MESSAGE][PASSED] - Text of object 'Object Repository/1. Constant/xpath' is: 'Started 06/09/22 11:01 AM'

2022-06-09 20:01:35 - [TEST_STEP][PASSED] - if (ST_StepAP1_2.contains("Started")): Actual object '1' and expected object '1' are equal

2022-06-09 20:01:35 - [TEST_STEP][PASSED] - verifyEqual(1, 1): Actual object '1' and expected object '1' are equal

2022-06-09 20:01:35 - [MESSAGE][PASSED] - Actual object '1' and expected object '1' are equal

2022-06-09 20:01:35 - [TEST_STEP][PASSED] - added_StepAP1_2 = getText(findTestObject("1. Constant/xpath", ["xpath":"/html/body/div[1]/div[2]/div[8]/div[3]/div/div[3]/div[3]/div/div/div[2]/div/div[1]/div/div[2]/h6"])): Text of object 'Object Repository/1. Constant/xpath' is: 'Added manually 06/09/22 11:01 AM By Brian Lemco'

2022-06-09 20:01:35 - [MESSAGE][PASSED] - Text of object 'Object Repository/1. Constant/xpath' is: 'Added manually 06/09/22 11:01 AM By Brian Lemco'

2022-06-09 20:01:35 - [TEST_STEP][PASSED] - if (added_StepAP1_2.contains("Added manually")): Actual object '1' and expected object '1' are equal

2022-06-09 20:01:35 - [TEST_STEP][PASSED] - verifyEqual(1, 1): Actual object '1' and expected object '1' are equal

2022-06-09 20:01:35 - [MESSAGE][PASSED] - Actual object '1' and expected object '1' are equal

2022-06-09 20:01:35 - [TEST_STEP][PASSED] - Name_StepAP2_2 = getText(findTestObject("1. Constant/xpath", ["xpath":"/html/body/div[1]/div[2]/div[8]/div[3]/div/div[3]/div[3]/div/div/div[2]/div/div[2]/div/div[1]/div[1]/h3"])): Text of object 'Object Repository/1. Constant/xpath' is: 'Phase 1.2 [Standard Phase]'

2022-06-09 20:01:35 - [MESSAGE][PASSED] - Text of object 'Object Repository/1. Constant/xpath' is: 'Phase 1.2 [Standard Phase]'

2022-06-09 20:01:35 - [TEST_STEP][PASSED] - verifyMatch(Name_StepAP2_2, "Phase 1.2 [Standard Phase]", false): Actual text 'Phase 1.2 [Standard Phase]' and expected text 'Phase 1.2 [Standard Phase]' are matched 

2022-06-09 20:01:35 - [MESSAGE][PASSED] - Actual text 'Phase 1.2 [Standard Phase]' and expected text 'Phase 1.2 [Standard Phase]' are matched 

2022-06-09 20:01:35 - [TEST_STEP][PASSED] - StepB_3 = getAttribute(findTestObject("1. Constant/xpath", ["xpath":"/html/body/div[1]/div[2]/div[8]/div[3]/div/div[3]/div[3]/div/ul/li[3]/a"]), "class"): Attribute 'class' of object 'Object Repository/1. Constant/xpath' is: 'nav-link timeline-badge badge-xl  bg-waiting '

2022-06-09 20:01:35 - [MESSAGE][PASSED] - Attribute 'class' of object 'Object Repository/1. Constant/xpath' is: 'nav-link timeline-badge badge-xl  bg-waiting '

2022-06-09 20:01:35 - [TEST_STEP][PASSED] - verifyMatch(StepB_3, "nav-link timeline-badge badge-xl  bg-waiting ", false): Actual text 'nav-link timeline-badge badge-xl  bg-waiting ' and expected text 'nav-link timeline-badge badge-xl  bg-waiting ' are matched 

2022-06-09 20:01:35 - [MESSAGE][PASSED] - Actual text 'nav-link timeline-badge badge-xl  bg-waiting ' and expected text 'nav-link timeline-badge badge-xl  bg-waiting ' are matched 

2022-06-09 20:01:35 - [TEST_STEP][PASSED] - StepB_33 = I.Get_Stepname("/html/body/div[1]/div[2]/div[8]/div[3]/div/div[3]/div[3]/div/ul/li[3]/a"): Attribute 'href' of object 'Object Repository/1. Constant/xpath' is: 'http://mdb-release.diadeis.lan/MediaboxIndependence/Base/ExecAction?action=VoirRef&IDSession=MBI!RELTESTAUTO_DREYERS!I5VNIVUYQMRTTP8ZFZQML4GCHGZEI8JXB7PJ33GG&num=O7SKY458BQ&id_ref=5270#tab_lifecycle_SASStepB_12170'

2022-06-09 20:01:40 - [MESSAGE][PASSED] - Delayed 5 second(s)

2022-06-09 20:01:41 - [MESSAGE][PASSED] - Attribute 'href' of object 'Object Repository/1. Constant/xpath' is: 'http://mdb-release.diadeis.lan/MediaboxIndependence/Base/ExecAction?action=VoirRef&IDSession=MBI!RELTESTAUTO_DREYERS!I5VNIVUYQMRTTP8ZFZQML4GCHGZEI8JXB7PJ33GG&num=O7SKY458BQ&id_ref=5270#tab_lifecycle_SASStepB_12170'

2022-06-09 20:01:41 - [TEST_STEP][PASSED] - verifyMatch(StepB_33, "SASStepB", false): Actual text 'SASStepB' and expected text 'SASStepB' are matched 

2022-06-09 20:01:41 - [MESSAGE][PASSED] - Actual text 'SASStepB' and expected text 'SASStepB' are matched 

2022-06-09 20:01:41 - [TEST_STEP][PASSED] - I.Logout(): Delayed 3 second(s)

2022-06-09 20:01:44 - [MESSAGE][PASSED] - Delayed 3 second(s)

2022-06-09 20:01:44 - [MESSAGE][PASSED] - Object: 'Object Repository/1. Constant/xpath' is clicked on

2022-06-09 20:01:47 - [MESSAGE][PASSED] - Delayed 3 second(s)

2022-06-09 20:01:50 - [MESSAGE][PASSED] - Object: 'Object Repository/1. Constant/xpath' is clicked on

2022-06-09 20:01:53 - [MESSAGE][PASSED] - Delayed 3 second(s)

2022-06-09 20:01:53 - [TEST_STEP][PASSED] - I.Login_password("nturner", password_nturner): Object: 'Object Repository/1. Constant/xpath' is clicked on

2022-06-09 20:01:53 - [MESSAGE][PASSED] - Text 'nturner' is set on object 'Object Repository/1. Constant/xpath'

2022-06-09 20:01:54 - [MESSAGE][PASSED] - Delayed 1 second(s)

2022-06-09 20:01:55 - [MESSAGE][PASSED] - Text 'diadeis1' is set on object 'Object Repository/1. Constant/xpath'

2022-06-09 20:01:56 - [MESSAGE][PASSED] - Delayed 1 second(s)

2022-06-09 20:02:03 - [MESSAGE][PASSED] - Object: 'Object Repository/1. Constant/xpath' is clicked on

2022-06-09 20:02:03 - [TEST_STEP][PASSED] - click(findTestObject("1. Constant/02_LHSMenu_Projects")): Object: 'Object Repository/1. Constant/02_LHSMenu_Projects' is clicked on

2022-06-09 20:02:06 - [MESSAGE][PASSED] - Object: 'Object Repository/1. Constant/02_LHSMenu_Projects' is clicked on

2022-06-09 20:02:06 - [TEST_STEP][PASSED] - I.SearchProjectNo_xpath(Project_No, "//*[@id="keynum_project"]", "//*[@id="form_filters"]/div[4]/button"): Delayed 5 second(s)

2022-06-09 20:02:07 - [MESSAGE][PASSED] - Delayed 1 second(s)

2022-06-09 20:02:08 - [MESSAGE][PASSED] - Text 'MI000876' is set on object 'Object Repository/1. Constant/xpath'

2022-06-09 20:02:11 - [MESSAGE][PASSED] - Delayed 3 second(s)

2022-06-09 20:02:13 - [MESSAGE][PASSED] - Scroll to object 'Object Repository/1. Constant/xpath' successfully

2022-06-09 20:02:15 - [MESSAGE][PASSED] - Object: 'Object Repository/1. Constant/xpath' is clicked on

2022-06-09 20:02:20 - [MESSAGE][PASSED] - Delayed 5 second(s)

2022-06-09 20:02:20 - [TEST_STEP][PASSED] - takeScreenshot(): Taking screenshot successfully

2022-06-09 20:02:20 - [MESSAGE][PASSED] - Taking screenshot successfully
[[ATTACHMENT|D:\\Projet Test Auto\\Mediabox Test Automation\\Reports\\20220609_181011\\03. Parallel Testing (Testing)\\TS -PT PART 3\\14.02 Dreyers Support Action (Ongoing _ Completed ref) - PART 2\\20220609_181057\\1654797740582.png]]

2022-06-09 20:02:20 - [TEST_STEP][PASSED] - I.SearchRefNo_xpath("P6_Auto", "//*[@id="fiche_filter_keywords11"]", "//*[@id="form_filters"]/div[3]/button"): Delayed 5 second(s)

2022-06-09 20:02:21 - [MESSAGE][PASSED] - Delayed 1 second(s)

2022-06-09 20:02:22 - [MESSAGE][PASSED] - Text 'P6_Auto' is set on object 'Object Repository/1. Constant/xpath'

2022-06-09 20:02:25 - [MESSAGE][PASSED] - Delayed 3 second(s)

2022-06-09 20:02:25 - [MESSAGE][PASSED] - Scroll to object 'Object Repository/1. Constant/xpath' successfully

2022-06-09 20:02:28 - [MESSAGE][PASSED] - Object: 'Object Repository/1. Constant/xpath' is clicked on

2022-06-09 20:02:33 - [MESSAGE][PASSED] - Delayed 5 second(s)

2022-06-09 20:02:33 - [TEST_STEP][PASSED] - delay(1): Delayed 1 second(s)

2022-06-09 20:02:34 - [MESSAGE][PASSED] - Delayed 1 second(s)

2022-06-09 20:02:34 - [TEST_STEP][PASSED] - Lifecycle_Status2 = getText(findTestObject("1. Constant/xpath", ["xpath":"//*[@id="source_" + refID6 + ""]/td[12]/span[1]"])): Text of object 'Object Repository/1. Constant/xpath' is: 'Phase 1.1 [Standard]'

2022-06-09 20:02:34 - [MESSAGE][PASSED] - Text of object 'Object Repository/1. Constant/xpath' is: 'Phase 1.1 [Standard]'

2022-06-09 20:02:34 - [TEST_STEP][PASSED] - verifyMatch(Lifecycle_Status2, "Phase 1.1 [Standard]", false): Actual text 'Phase 1.1 [Standard]' and expected text 'Phase 1.1 [Standard]' are matched 

2022-06-09 20:02:34 - [MESSAGE][PASSED] - Actual text 'Phase 1.1 [Standard]' and expected text 'Phase 1.1 [Standard]' are matched 

2022-06-09 20:02:34 - [TEST_STEP][PASSED] - click(findTestObject("1. Constant/xpath", ["xpath":"//*[@id="source_" + refID6 + ""]/td[13]/a[2]"])): Object: 'Object Repository/1. Constant/xpath' is clicked on

2022-06-09 20:02:36 - [MESSAGE][PASSED] - Object: 'Object Repository/1. Constant/xpath' is clicked on

2022-06-09 20:02:36 - [TEST_STEP][PASSED] - click(findTestObject("1. Constant/xpath", ["xpath":"//*[@id="ModifFiche"]/div[1]/div/button[2]"])): Object: 'Object Repository/1. Constant/xpath' is clicked on

2022-06-09 20:02:40 - [MESSAGE][PASSED] - Object: 'Object Repository/1. Constant/xpath' is clicked on

2022-06-09 20:02:40 - [TEST_STEP][PASSED] - Lifecycle_Status3 = getText(findTestObject("1. Constant/xpath", ["xpath":"//*[@id="source_" + refID6 + ""]/td[12]/span[1]"])): Text of object 'Object Repository/1. Constant/xpath' is: 'Phase 1.2 [Standard Phase]'

2022-06-09 20:02:40 - [MESSAGE][PASSED] - Text of object 'Object Repository/1. Constant/xpath' is: 'Phase 1.2 [Standard Phase]'

2022-06-09 20:02:40 - [TEST_STEP][PASSED] - verifyMatch(Lifecycle_Status3, "Phase 1.2 [Standard Phase]", false): Actual text 'Phase 1.2 [Standard Phase]' and expected text 'Phase 1.2 [Standard Phase]' are matched 

2022-06-09 20:02:40 - [MESSAGE][PASSED] - Actual text 'Phase 1.2 [Standard Phase]' and expected text 'Phase 1.2 [Standard Phase]' are matched 

2022-06-09 20:02:40 - [TEST_STEP][PASSED] - I.Logout(): Delayed 3 second(s)

2022-06-09 20:02:43 - [MESSAGE][PASSED] - Delayed 3 second(s)

2022-06-09 20:02:44 - [MESSAGE][PASSED] - Object: 'Object Repository/1. Constant/xpath' is clicked on

2022-06-09 20:02:47 - [MESSAGE][PASSED] - Delayed 3 second(s)

2022-06-09 20:02:49 - [MESSAGE][PASSED] - Object: 'Object Repository/1. Constant/xpath' is clicked on

2022-06-09 20:02:52 - [MESSAGE][PASSED] - Delayed 3 second(s)

2022-06-09 20:02:52 - [TEST_STEP][PASSED] - I.Login_password("lmary", password_lmary): Object: 'Object Repository/1. Constant/xpath' is clicked on

2022-06-09 20:02:54 - [MESSAGE][PASSED] - Text 'lmary' is set on object 'Object Repository/1. Constant/xpath'

2022-06-09 20:02:55 - [MESSAGE][PASSED] - Delayed 1 second(s)

2022-06-09 20:02:56 - [MESSAGE][PASSED] - Text 'diadeis' is set on object 'Object Repository/1. Constant/xpath'

2022-06-09 20:02:57 - [MESSAGE][PASSED] - Delayed 1 second(s)

2022-06-09 20:03:00 - [MESSAGE][PASSED] - Object: 'Object Repository/1. Constant/xpath' is clicked on

2022-06-09 20:03:00 - [TEST_STEP][PASSED] - click(findTestObject("1. Constant/02_LHSMenu_Projects")): Object: 'Object Repository/1. Constant/02_LHSMenu_Projects' is clicked on

2022-06-09 20:03:02 - [MESSAGE][PASSED] - Object: 'Object Repository/1. Constant/02_LHSMenu_Projects' is clicked on

2022-06-09 20:03:02 - [TEST_STEP][PASSED] - I.SearchProjectNo_xpath(Project_No, "//*[@id="keynum_project"]", "//*[@id="form_filters"]/div[4]/button"): Delayed 5 second(s)

2022-06-09 20:03:03 - [MESSAGE][PASSED] - Delayed 1 second(s)

2022-06-09 20:03:04 - [MESSAGE][PASSED] - Text 'MI000876' is set on object 'Object Repository/1. Constant/xpath'

2022-06-09 20:03:07 - [MESSAGE][PASSED] - Delayed 3 second(s)

2022-06-09 20:03:08 - [MESSAGE][PASSED] - Scroll to object 'Object Repository/1. Constant/xpath' successfully

2022-06-09 20:03:10 - [MESSAGE][PASSED] - Object: 'Object Repository/1. Constant/xpath' is clicked on

2022-06-09 20:03:15 - [MESSAGE][PASSED] - Delayed 5 second(s)

2022-06-09 20:03:15 - [TEST_STEP][PASSED] - takeScreenshot(): Taking screenshot successfully

2022-06-09 20:03:16 - [MESSAGE][PASSED] - Taking screenshot successfully
[[ATTACHMENT|D:\\Projet Test Auto\\Mediabox Test Automation\\Reports\\20220609_181011\\03. Parallel Testing (Testing)\\TS -PT PART 3\\14.02 Dreyers Support Action (Ongoing _ Completed ref) - PART 2\\20220609_181057\\1654797795710.png]]

2022-06-09 20:03:16 - [TEST_STEP][PASSED] - I.SearchRefNo_xpath("P6_Auto", "//*[@id="fiche_filter_keywords11"]", "//*[@id="form_filters"]/div[3]/button"): Delayed 5 second(s)

2022-06-09 20:03:17 - [MESSAGE][PASSED] - Delayed 1 second(s)

2022-06-09 20:03:18 - [MESSAGE][PASSED] - Text 'P6_Auto' is set on object 'Object Repository/1. Constant/xpath'

2022-06-09 20:03:21 - [MESSAGE][PASSED] - Delayed 3 second(s)

2022-06-09 20:03:21 - [MESSAGE][PASSED] - Scroll to object 'Object Repository/1. Constant/xpath' successfully

2022-06-09 20:03:23 - [MESSAGE][PASSED] - Object: 'Object Repository/1. Constant/xpath' is clicked on

2022-06-09 20:03:28 - [MESSAGE][PASSED] - Delayed 5 second(s)

2022-06-09 20:03:28 - [TEST_STEP][PASSED] - takeScreenshot(): Taking screenshot successfully

2022-06-09 20:03:29 - [MESSAGE][PASSED] - Taking screenshot successfully
[[ATTACHMENT|D:\\Projet Test Auto\\Mediabox Test Automation\\Reports\\20220609_181011\\03. Parallel Testing (Testing)\\TS -PT PART 3\\14.02 Dreyers Support Action (Ongoing _ Completed ref) - PART 2\\20220609_181057\\1654797808601.png]]

2022-06-09 20:03:29 - [TEST_STEP][PASSED] - click(findTestObject("1. Constant/xpath", ["xpath":"//*[@id="source_" + refID6 + ""]/td[13]/a[2]"])): Object: 'Object Repository/1. Constant/xpath' is clicked on

2022-06-09 20:03:31 - [MESSAGE][PASSED] - Object: 'Object Repository/1. Constant/xpath' is clicked on

2022-06-09 20:03:31 - [TEST_STEP][PASSED] - click(findTestObject("1. Constant/xpath", ["xpath":"//*[@id="ModifFiche"]/div[1]/div/button[2]"])): Object: 'Object Repository/1. Constant/xpath' is clicked on

2022-06-09 20:03:36 - [MESSAGE][PASSED] - Object: 'Object Repository/1. Constant/xpath' is clicked on

2022-06-09 20:03:36 - [TEST_STEP][PASSED] - Lifecycle_Status4 = getText(findTestObject("1. Constant/xpath", ["xpath":"//*[@id="source_" + refID6 + ""]/td[12]/span[1]"])): Text of object 'Object Repository/1. Constant/xpath' is: 'Phase 2.1 [Production]'

2022-06-09 20:03:37 - [MESSAGE][PASSED] - Text of object 'Object Repository/1. Constant/xpath' is: 'Phase 2.1 [Production]'

2022-06-09 20:03:37 - [TEST_STEP][PASSED] - verifyMatch(Lifecycle_Status4, "Phase 2.1 [Production]", false): Actual text 'Phase 2.1 [Production]' and expected text 'Phase 2.1 [Production]' are matched 

2022-06-09 20:03:37 - [MESSAGE][PASSED] - Actual text 'Phase 2.1 [Production]' and expected text 'Phase 2.1 [Production]' are matched 

2022-06-09 20:03:37 - [TEST_STEP][PASSED] - closeBrowser(): Browser is closed

2022-06-09 20:03:38 - [MESSAGE][PASSED] - Browser is closed

2022-06-09 20:03:38 - [TEST_STEP][PASSED] - Start listener action : sampleAfterTestCase: null]]></system-out>
         <system-err><![CDATA[]]></system-err>
      </testcase>
      <testcase name="Test Cases/19. Dreyers Support Action (Ongoing ref_completed)/19.07 Dreyers SAS Add Step Group (Ongoing ref) S13 - P7" time="322.535" classname="Test Cases/19. Dreyers Support Action (Ongoing ref_completed)/19.07 Dreyers SAS Add Step Group (Ongoing ref) S13 - P7" status="PASSED">
         <system-out><![CDATA[2022-06-09 20:03:38 - [TEST_CASE][PASSED] - Test Cases/19. Dreyers Support Action (Ongoing ref_completed)/19.07 Dreyers SAS Add Step Group (Ongoing ref) S13 - P7: Test Cases/19. Dreyers Support Action (Ongoing ref_completed)/19.07 Dreyers SAS Add Step Group (Ongoing ref) S13 - P7

2022-06-09 20:03:39 - [TEST_STEP][PASSED] - data_Dreyers = findTestData("Data Files/Username_Password/Dreyer"): null

2022-06-09 20:03:39 - [TEST_STEP][PASSED] - password_suser = data_Dreyers.getValue(2, 1): null

2022-06-09 20:03:39 - [TEST_STEP][PASSED] - password_nturner = data_Dreyers.getValue(2, 6): null

2022-06-09 20:03:39 - [TEST_STEP][PASSED] - data_urlRELAUTO = findTestData("Data Files/URL/URL_relauto"): null

2022-06-09 20:03:39 - [TEST_STEP][PASSED] - Url_Dreyer = data_urlRELAUTO.getValue(2, 4): null

2022-06-09 20:03:39 - [TEST_STEP][PASSED] - Project_No = I.readnotepad("D:\Upoad_File\Projet_ Login\Dreyers\19.1\19.1_Dreyers_ProjectNo.txt"): null

2022-06-09 20:03:39 - [TEST_STEP][PASSED] - refID = I.readnotepad("D:\Upoad_File\Projet_ Login\Dreyers\19.1\19.1_Dreyers_refID.txt"): null

2022-06-09 20:03:39 - [TEST_STEP][PASSED] - openBrowser(Url_Dreyer): Browser is opened with url: 'http://mdb-release.diadeis.lan/MediaboxIndependence/?MBI_datasource=RELTESTAUTO_DREYERS'

2022-06-09 20:03:39 - [MESSAGE][INFO] - Starting 'Chrome (headless)' driver

2022-06-09 20:03:39 - [MESSAGE][INFO] - User set preference: ['args', '[--window-size=1920,1080, --headless]']

2022-06-09 20:03:39 - [MESSAGE][INFO] - Action delay is set to 0 milliseconds

2022-06-09 20:03:46 - [MESSAGE][PASSED] - Browser is opened with url: 'http://mdb-release.diadeis.lan/MediaboxIndependence/?MBI_datasource=RELTESTAUTO_DREYERS'

2022-06-09 20:03:46 - [TEST_STEP][PASSED] - maximizeWindow(): Current window maximized

2022-06-09 20:03:47 - [MESSAGE][PASSED] - Current window maximized

2022-06-09 20:03:47 - [TEST_STEP][PASSED] - disableSmartWait(): null

2022-06-09 20:03:47 - [TEST_STEP][PASSED] - I.Login_password("suser", password_suser): Object: 'Object Repository/1. Constant/xpath' is clicked on

2022-06-09 20:03:47 - [MESSAGE][PASSED] - Text 'suser' is set on object 'Object Repository/1. Constant/xpath'

2022-06-09 20:03:48 - [MESSAGE][PASSED] - Delayed 1 second(s)

2022-06-09 20:03:49 - [MESSAGE][PASSED] - Text 'diadeis' is set on object 'Object Repository/1. Constant/xpath'

2022-06-09 20:03:50 - [MESSAGE][PASSED] - Delayed 1 second(s)

2022-06-09 20:03:59 - [MESSAGE][PASSED] - Object: 'Object Repository/1. Constant/xpath' is clicked on

2022-06-09 20:03:59 - [TEST_STEP][PASSED] - click(findTestObject("1. Constant/02_LHSMenu_Projects")): Object: 'Object Repository/1. Constant/02_LHSMenu_Projects' is clicked on

2022-06-09 20:04:03 - [MESSAGE][PASSED] - Object: 'Object Repository/1. Constant/02_LHSMenu_Projects' is clicked on

2022-06-09 20:04:03 - [TEST_STEP][PASSED] - I.SearchProjectNo_xpath(Project_No, "//*[@id="keynum_project"]", "//*[@id="form_filters"]/div[4]/button"): Delayed 5 second(s)

2022-06-09 20:04:04 - [MESSAGE][PASSED] - Delayed 1 second(s)

2022-06-09 20:04:04 - [MESSAGE][PASSED] - Text 'MI000876' is set on object 'Object Repository/1. Constant/xpath'

2022-06-09 20:04:07 - [MESSAGE][PASSED] - Delayed 3 second(s)

2022-06-09 20:04:08 - [MESSAGE][PASSED] - Scroll to object 'Object Repository/1. Constant/xpath' successfully

2022-06-09 20:04:11 - [MESSAGE][PASSED] - Object: 'Object Repository/1. Constant/xpath' is clicked on

2022-06-09 20:04:16 - [MESSAGE][PASSED] - Delayed 5 second(s)

2022-06-09 20:04:16 - [TEST_STEP][PASSED] - takeScreenshot(): Taking screenshot successfully

2022-06-09 20:04:17 - [MESSAGE][PASSED] - Taking screenshot successfully
[[ATTACHMENT|D:\\Projet Test Auto\\Mediabox Test Automation\\Reports\\20220609_181011\\03. Parallel Testing (Testing)\\TS -PT PART 3\\14.02 Dreyers Support Action (Ongoing _ Completed ref) - PART 2\\20220609_181057\\1654797857197.png]]

2022-06-09 20:04:17 - [TEST_STEP][PASSED] - click(findTestObject("1. Constant/xpath", ["xpath":"//*[@id="create_ref_btn"]/button"])): Object: 'Object Repository/1. Constant/xpath' is clicked on

2022-06-09 20:04:18 - [MESSAGE][PASSED] - Object: 'Object Repository/1. Constant/xpath' is clicked on

2022-06-09 20:04:18 - [TEST_STEP][PASSED] - delay(1): Delayed 1 second(s)

2022-06-09 20:04:19 - [MESSAGE][PASSED] - Delayed 1 second(s)

2022-06-09 20:04:19 - [TEST_STEP][PASSED] - click(findTestObject("1. Constant/xpath", ["xpath":"//*[@id="create_ref_btn"]/div/a"])): Object: 'Object Repository/1. Constant/xpath' is clicked on

2022-06-09 20:04:21 - [MESSAGE][PASSED] - Object: 'Object Repository/1. Constant/xpath' is clicked on

2022-06-09 20:04:21 - [TEST_STEP][PASSED] - selectOptionByValue(findTestObject("1. Constant/xpath", ["xpath":"//*[@id="lfc_tpl"]"]), "37", false): All options with value '37' are selected in object 'Object Repository/1. Constant/xpath' 

2022-06-09 20:04:23 - [MESSAGE][PASSED] - All options with value '37' are selected in object 'Object Repository/1. Constant/xpath' 

2022-06-09 20:04:23 - [TEST_STEP][PASSED] - ref_name = "P7_Auto_SAS_S13_" + RandomStringUtils.randomAlphanumeric(5) + I.gettimedate(): null

2022-06-09 20:04:23 - [TEST_STEP][PASSED] - delay(1): Delayed 1 second(s)

2022-06-09 20:04:24 - [MESSAGE][PASSED] - Delayed 1 second(s)

2022-06-09 20:04:24 - [TEST_STEP][PASSED] - setText(findTestObject("1. Constant/xpath", ["xpath":"//*[@id="var_name"]"]), ref_name): Text 'P7_Auto_SAS_S13_0aWOIjuin092022_200423' is set on object 'Object Repository/1. Constant/xpath'

2022-06-09 20:04:25 - [MESSAGE][PASSED] - Text 'P7_Auto_SAS_S13_0aWOIjuin092022_200423' is set on object 'Object Repository/1. Constant/xpath'

2022-06-09 20:04:25 - [TEST_STEP][PASSED] - takeScreenshot(): Taking screenshot successfully

2022-06-09 20:04:26 - [MESSAGE][PASSED] - Taking screenshot successfully
[[ATTACHMENT|D:\\Projet Test Auto\\Mediabox Test Automation\\Reports\\20220609_181011\\03. Parallel Testing (Testing)\\TS -PT PART 3\\14.02 Dreyers Support Action (Ongoing _ Completed ref) - PART 2\\20220609_181057\\1654797865764.png]]

2022-06-09 20:04:26 - [TEST_STEP][PASSED] - click(findTestObject("1. Constant/xpath", ["xpath":"//*[@id="createRefBottom"]"])): Object: 'Object Repository/1. Constant/xpath' is clicked on

2022-06-09 20:04:29 - [MESSAGE][PASSED] - Object: 'Object Repository/1. Constant/xpath' is clicked on

2022-06-09 20:04:29 - [TEST_STEP][PASSED] - delay(1): Delayed 1 second(s)

2022-06-09 20:04:30 - [MESSAGE][PASSED] - Delayed 1 second(s)

2022-06-09 20:04:30 - [TEST_STEP][PASSED] - takeScreenshot(): Taking screenshot successfully

2022-06-09 20:04:31 - [MESSAGE][PASSED] - Taking screenshot successfully
[[ATTACHMENT|D:\\Projet Test Auto\\Mediabox Test Automation\\Reports\\20220609_181011\\03. Parallel Testing (Testing)\\TS -PT PART 3\\14.02 Dreyers Support Action (Ongoing _ Completed ref) - PART 2\\20220609_181057\\1654797870590.png]]

2022-06-09 20:04:31 - [TEST_STEP][PASSED] - refID7 = I.RefID(): Current window's url is: 'http://mdb-release.diadeis.lan/MediaboxIndependence/Base/ExecAction?IDSession=MBI%21RELTESTAUTO_DREYERS%21RZDVGUG71YMKFZHV0TM21MOFN48F97N0CAG1MVPN&default_action=ModifierRef&id_project=MI000876&id_ref=5273&action_from=create_ref'

2022-06-09 20:04:36 - [MESSAGE][PASSED] - Delayed 5 second(s)

2022-06-09 20:04:36 - [MESSAGE][PASSED] - Current window's url is: 'http://mdb-release.diadeis.lan/MediaboxIndependence/Base/ExecAction?IDSession=MBI%21RELTESTAUTO_DREYERS%21RZDVGUG71YMKFZHV0TM21MOFN48F97N0CAG1MVPN&default_action=ModifierRef&id_project=MI000876&id_ref=5273&action_from=create_ref'

2022-06-09 20:04:36 - [TEST_STEP][PASSED] - click(findTestObject("1. Constant/xpath", ["xpath":"//*[@id="type_save"]"])): Object: 'Object Repository/1. Constant/xpath' is clicked on

2022-06-09 20:04:43 - [MESSAGE][PASSED] - Object: 'Object Repository/1. Constant/xpath' is clicked on

2022-06-09 20:04:43 - [TEST_STEP][PASSED] - I.SearchRefNo_xpath("P7_Auto", "//*[@id="fiche_filter_keywords11"]", "//*[@id="form_filters"]/div[3]/button"): Delayed 5 second(s)

2022-06-09 20:04:44 - [MESSAGE][PASSED] - Delayed 1 second(s)

2022-06-09 20:04:45 - [MESSAGE][PASSED] - Text 'P7_Auto' is set on object 'Object Repository/1. Constant/xpath'

2022-06-09 20:04:48 - [MESSAGE][PASSED] - Delayed 3 second(s)

2022-06-09 20:04:48 - [MESSAGE][PASSED] - Scroll to object 'Object Repository/1. Constant/xpath' successfully

2022-06-09 20:04:51 - [MESSAGE][PASSED] - Object: 'Object Repository/1. Constant/xpath' is clicked on

2022-06-09 20:04:56 - [MESSAGE][PASSED] - Delayed 5 second(s)

2022-06-09 20:04:56 - [TEST_STEP][PASSED] - takeScreenshot(): Taking screenshot successfully

2022-06-09 20:04:58 - [MESSAGE][PASSED] - Taking screenshot successfully
[[ATTACHMENT|D:\\Projet Test Auto\\Mediabox Test Automation\\Reports\\20220609_181011\\03. Parallel Testing (Testing)\\TS -PT PART 3\\14.02 Dreyers Support Action (Ongoing _ Completed ref) - PART 2\\20220609_181057\\1654797897568.png]]

2022-06-09 20:04:58 - [TEST_STEP][PASSED] - click(findTestObject("1. Constant/xpath", ["xpath":"//*[@id="source_" + refID7 + ""]/td[14]/a[4]"])): Object: 'Object Repository/1. Constant/xpath' is clicked on

2022-06-09 20:05:02 - [MESSAGE][PASSED] - Object: 'Object Repository/1. Constant/xpath' is clicked on

2022-06-09 20:05:02 - [TEST_STEP][PASSED] - click(findTestObject("1. Constant/xpath", ["xpath":"//*[@id="ModifFiche"]/div[1]/div/button[2]"])): Object: 'Object Repository/1. Constant/xpath' is clicked on

2022-06-09 20:05:09 - [MESSAGE][PASSED] - Object: 'Object Repository/1. Constant/xpath' is clicked on

2022-06-09 20:05:09 - [TEST_STEP][PASSED] - click(findTestObject("1. Constant/xpath", ["xpath":"//*[@id="source_" + refID7 + ""]/td[14]/a[4]"])): Object: 'Object Repository/1. Constant/xpath' is clicked on

2022-06-09 20:05:14 - [MESSAGE][PASSED] - Object: 'Object Repository/1. Constant/xpath' is clicked on

2022-06-09 20:05:14 - [TEST_STEP][PASSED] - click(findTestObject("1. Constant/xpath", ["xpath":"//*[@id="ModifFiche"]/div[1]/div/button[2]"])): Object: 'Object Repository/1. Constant/xpath' is clicked on

2022-06-09 20:05:22 - [MESSAGE][PASSED] - Object: 'Object Repository/1. Constant/xpath' is clicked on

2022-06-09 20:05:22 - [TEST_STEP][PASSED] - color1 = getCSSValue(findTestObject("1. Constant/xpath", ["xpath":"//*[@id="source_" + refID7 + ""]/td[14]/a[4]"]), "color", OPTIONAL): Get CSS 'color' value on 'Object Repository/1. Constant/xpath' successfully: 'rgba(255, 255, 255, 1)'.

2022-06-09 20:05:24 - [MESSAGE][PASSED] - Get CSS 'color' value on 'Object Repository/1. Constant/xpath' successfully: 'rgba(255, 255, 255, 1)'.

2022-06-09 20:05:24 - [TEST_STEP][PASSED] - I.print(color1): null

2022-06-09 20:05:24 - [TEST_STEP][PASSED] - while (color1 == "rgba(255, 255, 255, 1)"): null

2022-06-09 20:05:24 - [TEST_STEP][PASSED] - click(findTestObject("1. Constant/xpath", ["xpath":"//*[@id="source_" + refID7 + ""]/td[14]/a[4]"])): Object: 'Object Repository/1. Constant/xpath' is clicked on

2022-06-09 20:05:29 - [MESSAGE][PASSED] - Object: 'Object Repository/1. Constant/xpath' is clicked on

2022-06-09 20:05:29 - [TEST_STEP][PASSED] - I.UploadDoc_sendkey_Prod(findTestObject("1. Constant/xpath", ["xpath":"//*[@id="kt_body"]/input[2]"]), "D:\Upoad_File\Upload doc\testdata1.pdf", "testdata1"): Delayed 5 second(s)

2022-06-09 20:05:30 - [MESSAGE][PASSED] - Scroll to object 'Object Repository/1. Constant/xpath' successfully

2022-06-09 20:05:35 - [MESSAGE][PASSED] - Delayed 5 second(s)

2022-06-09 20:05:36 - [MESSAGE][PASSED] - File 'D:\Upoad_File\Upload doc\testdata1.pdf' sent to object: 'Object Repository/1. Constant/xpath'

2022-06-09 20:05:41 - [MESSAGE][PASSED] - Delayed 5 second(s)

2022-06-09 20:05:42 - [MESSAGE][PASSED] - Text 'testdata1' is present on page 

2022-06-09 20:05:47 - [MESSAGE][PASSED] - Delayed 5 second(s)

2022-06-09 20:05:52 - [MESSAGE][PASSED] - Delayed 5 second(s)

2022-06-09 20:05:52 - [TEST_STEP][PASSED] - takeScreenshot(): Taking screenshot successfully

2022-06-09 20:05:54 - [MESSAGE][PASSED] - Taking screenshot successfully
[[ATTACHMENT|D:\\Projet Test Auto\\Mediabox Test Automation\\Reports\\20220609_181011\\03. Parallel Testing (Testing)\\TS -PT PART 3\\14.02 Dreyers Support Action (Ongoing _ Completed ref) - PART 2\\20220609_181057\\1654797953681.png]]

2022-06-09 20:05:54 - [TEST_STEP][PASSED] - delay(8): Delayed 8 second(s)

2022-06-09 20:06:02 - [MESSAGE][PASSED] - Delayed 8 second(s)

2022-06-09 20:06:02 - [TEST_STEP][PASSED] - click(findTestObject("HL Full Lifecycle/12 ReferncePage_Button_Updatensenddoc")): Object: 'Object Repository/HL Full Lifecycle/12 ReferncePage_Button_Updatensenddoc' is clicked on

2022-06-09 20:06:09 - [MESSAGE][PASSED] - Object: 'Object Repository/HL Full Lifecycle/12 ReferncePage_Button_Updatensenddoc' is clicked on

2022-06-09 20:06:09 - [TEST_STEP][PASSED] - delay(3): Delayed 3 second(s)

2022-06-09 20:06:12 - [MESSAGE][PASSED] - Delayed 3 second(s)

2022-06-09 20:06:12 - [TEST_STEP][PASSED] - if (verifyElementPresent(findTestObject("1. Constant/xpath", ["xpath":"//*[@id="source_" + refID7 + ""]/td[14]/a[4]"]), 5, OPTIONAL)): com.kms.katalon.core.webui.exception.WebElementNotFoundException: Web element with id: 'Object Repository/1. Constant/xpath' located by '//*[@id="source_5273"]/td[14]/a[4]' not found (Root cause: com.kms.katalon.core.exception.StepFailedException: com.kms.katalon.core.webui.exception.WebElementNotFoundException: Web element with id: 'Object Repository/1. Constant/xpath' located by '//*[@id="source_5273"]/td[14]/a[4]' not found
	at com.kms.katalon.core.webui.keyword.internal.WebUIKeywordMain.stepFailed(WebUIKeywordMain.groovy:64)
	at com.kms.katalon.core.webui.keyword.builtin.VerifyElementPresentKeyword$_verifyElementPresent_closure1.doCall(VerifyElementPresentKeyword.groovy:85)
	at com.kms.katalon.core.webui.keyword.builtin.VerifyElementPresentKeyword$_verifyElementPresent_closure1.call(VerifyElementPresentKeyword.groovy)
	at com.kms.katalon.core.webui.keyword.internal.WebUIKeywordMain.runKeyword(WebUIKeywordMain.groovy:20)
	at com.kms.katalon.core.webui.keyword.builtin.VerifyElementPresentKeyword.verifyElementPresent(VerifyElementPresentKeyword.groovy:92)
	at com.kms.katalon.core.webui.keyword.builtin.VerifyElementPresentKeyword.execute(VerifyElementPresentKeyword.groovy:68)
	at com.kms.katalon.core.keyword.internal.KeywordExecutor.executeKeywordForPlatform(KeywordExecutor.groovy:74)
	at com.kms.katalon.core.webui.keyword.WebUiBuiltInKeywords.verifyElementPresent(WebUiBuiltInKeywords.groovy:1448)
	at com.kms.katalon.core.webui.keyword.WebUiBuiltInKeywords$verifyElementPresent$18.call(Unknown Source)
	at 19.07 Dreyers SAS Add Step Group (Ongoing ref) S13 - P7.run(19.07 Dreyers SAS Add Step Group (Ongoing ref) S13 - P7:155)
	at com.kms.katalon.core.main.ScriptEngine.run(ScriptEngine.java:194)
	at com.kms.katalon.core.main.ScriptEngine.runScriptAsRawText(ScriptEngine.java:119)
	at com.kms.katalon.core.main.TestCaseExecutor.runScript(TestCaseExecutor.java:445)
	at com.kms.katalon.core.main.TestCaseExecutor.doExecute(TestCaseExecutor.java:436)
	at com.kms.katalon.core.main.TestCaseExecutor.processExecutionPhase(TestCaseExecutor.java:415)
	at com.kms.katalon.core.main.TestCaseExecutor.accessMainPhase(TestCaseExecutor.java:407)
	at com.kms.katalon.core.main.TestCaseExecutor.execute(TestCaseExecutor.java:284)
	at com.kms.katalon.core.common.CommonExecutor.accessTestCaseMainPhase(CommonExecutor.java:65)
	at com.kms.katalon.core.main.TestSuiteExecutor.accessTestSuiteMainPhase(TestSuiteExecutor.java:144)
	at com.kms.katalon.core.main.TestSuiteExecutor.execute(TestSuiteExecutor.java:106)
	at com.kms.katalon.core.main.TestCaseMain.startTestSuite(TestCaseMain.java:185)
	at com.kms.katalon.core.main.TestCaseMain$startTestSuite$0.call(Unknown Source)
	at TempTestSuite1654791057429.run(TempTestSuite1654791057429.groovy:36)
)

2022-06-09 20:06:19 - [MESSAGE][INFO] - Unable to find the element located by 'By.xpath: //*[@id="source_5273"]/td[14]/a[4]'. Please recheck the objects properties to make sure the desired element is located. 

2022-06-09 20:06:20 - [MESSAGE][WARNING] - com.kms.katalon.core.webui.exception.WebElementNotFoundException: Web element with id: 'Object Repository/1. Constant/xpath' located by '//*[@id="source_5273"]/td[14]/a[4]' not found (Root cause: com.kms.katalon.core.exception.StepFailedException: com.kms.katalon.core.webui.exception.WebElementNotFoundException: Web element with id: 'Object Repository/1. Constant/xpath' located by '//*[@id="source_5273"]/td[14]/a[4]' not found
	at com.kms.katalon.core.webui.keyword.internal.WebUIKeywordMain.stepFailed(WebUIKeywordMain.groovy:64)
	at com.kms.katalon.core.webui.keyword.builtin.VerifyElementPresentKeyword$_verifyElementPresent_closure1.doCall(VerifyElementPresentKeyword.groovy:85)
	at com.kms.katalon.core.webui.keyword.builtin.VerifyElementPresentKeyword$_verifyElementPresent_closure1.call(VerifyElementPresentKeyword.groovy)
	at com.kms.katalon.core.webui.keyword.internal.WebUIKeywordMain.runKeyword(WebUIKeywordMain.groovy:20)
	at com.kms.katalon.core.webui.keyword.builtin.VerifyElementPresentKeyword.verifyElementPresent(VerifyElementPresentKeyword.groovy:92)
	at com.kms.katalon.core.webui.keyword.builtin.VerifyElementPresentKeyword.execute(VerifyElementPresentKeyword.groovy:68)
	at com.kms.katalon.core.keyword.internal.KeywordExecutor.executeKeywordForPlatform(KeywordExecutor.groovy:74)
	at com.kms.katalon.core.webui.keyword.WebUiBuiltInKeywords.verifyElementPresent(WebUiBuiltInKeywords.groovy:1448)
	at com.kms.katalon.core.webui.keyword.WebUiBuiltInKeywords$verifyElementPresent$18.call(Unknown Source)
	at 19.07 Dreyers SAS Add Step Group (Ongoing ref) S13 - P7.run(19.07 Dreyers SAS Add Step Group (Ongoing ref) S13 - P7:155)
	at com.kms.katalon.core.main.ScriptEngine.run(ScriptEngine.java:194)
	at com.kms.katalon.core.main.ScriptEngine.runScriptAsRawText(ScriptEngine.java:119)
	at com.kms.katalon.core.main.TestCaseExecutor.runScript(TestCaseExecutor.java:445)
	at com.kms.katalon.core.main.TestCaseExecutor.doExecute(TestCaseExecutor.java:436)
	at com.kms.katalon.core.main.TestCaseExecutor.processExecutionPhase(TestCaseExecutor.java:415)
	at com.kms.katalon.core.main.TestCaseExecutor.accessMainPhase(TestCaseExecutor.java:407)
	at com.kms.katalon.core.main.TestCaseExecutor.execute(TestCaseExecutor.java:284)
	at com.kms.katalon.core.common.CommonExecutor.accessTestCaseMainPhase(CommonExecutor.java:65)
	at com.kms.katalon.core.main.TestSuiteExecutor.accessTestSuiteMainPhase(TestSuiteExecutor.java:144)
	at com.kms.katalon.core.main.TestSuiteExecutor.execute(TestSuiteExecutor.java:106)
	at com.kms.katalon.core.main.TestCaseMain.startTestSuite(TestCaseMain.java:185)
	at com.kms.katalon.core.main.TestCaseMain$startTestSuite$0.call(Unknown Source)
	at TempTestSuite1654791057429.run(TempTestSuite1654791057429.groovy:36)
)
[[ATTACHMENT|D:\\Projet Test Auto\\Mediabox Test Automation\\Reports\\20220609_181011\\03. Parallel Testing (Testing)\\TS -PT PART 3\\14.02 Dreyers Support Action (Ongoing _ Completed ref) - PART 2\\20220609_181057\\1654797979087.png]]

2022-06-09 20:06:20 - [TEST_STEP][PASSED] - else: null

2022-06-09 20:06:20 - [TEST_STEP][PASSED] - color1 = "white": null

2022-06-09 20:06:20 - [TEST_STEP][PASSED] - click(findTestObject("1. Constant/xpath", ["xpath":"//*[@id="source_" + refID7 + ""]/td[6]/a"])): Object: 'Object Repository/1. Constant/xpath' is clicked on

2022-06-09 20:06:28 - [MESSAGE][PASSED] - Object: 'Object Repository/1. Constant/xpath' is clicked on

2022-06-09 20:06:28 - [TEST_STEP][PASSED] - takeScreenshot(): Taking screenshot successfully

2022-06-09 20:06:31 - [MESSAGE][PASSED] - Taking screenshot successfully
[[ATTACHMENT|D:\\Projet Test Auto\\Mediabox Test Automation\\Reports\\20220609_181011\\03. Parallel Testing (Testing)\\TS -PT PART 3\\14.02 Dreyers Support Action (Ongoing _ Completed ref) - PART 2\\20220609_181057\\1654797990006.png]]

2022-06-09 20:06:31 - [TEST_STEP][PASSED] - delay(1): Delayed 1 second(s)

2022-06-09 20:06:32 - [MESSAGE][PASSED] - Delayed 1 second(s)

2022-06-09 20:06:32 - [TEST_STEP][PASSED] - I.Approveforothers("/html/body/div[1]/div[2]/div[8]/div[3]/div/div[3]/div[2]/div/div[3]/div/div[2]/div[1]/div/div[2]/div/div[2]/div[2]/div/div/div[1]/img", "/html/body/div[1]/div[2]/div[8]/div[3]/div/div[3]/div[2]/div/div[3]/div/div[2]/div[1]/div/div[2]/div/div[2]/div[2]/div/div/div[6]/a[2]/span"): Object: 'Object Repository/1. Constant/xpath' is clicked on

2022-06-09 20:06:35 - [MESSAGE][PASSED] - Object: 'Object Repository/1. Constant/xpath' is clicked on

2022-06-09 20:06:36 - [MESSAGE][PASSED] - Delayed 1 second(s)

2022-06-09 20:06:38 - [MESSAGE][PASSED] - Object: 'Object Repository/1. Constant/xpath' is clicked on

2022-06-09 20:06:39 - [MESSAGE][PASSED] - Delayed 1 second(s)

2022-06-09 20:06:41 - [MESSAGE][PASSED] - Object: 'Object Repository/1. Constant/xpath' is hovered

2022-06-09 20:06:43 - [MESSAGE][PASSED] - Object: 'Object Repository/1. Constant/xpath' is clicked on

2022-06-09 20:06:44 - [MESSAGE][PASSED] - Delayed 1 second(s)

2022-06-09 20:06:50 - [MESSAGE][PASSED] - Object: 'Object Repository/1. Constant/xpath' is clicked on

2022-06-09 20:06:50 - [TEST_STEP][PASSED] - click(findTestObject("1. Constant/xpath", ["xpath":"//*[@id="kt_subheader"]/div/nav/ol/li[2]/a"])): Object: 'Object Repository/1. Constant/xpath' is clicked on

2022-06-09 20:06:56 - [MESSAGE][PASSED] - Object: 'Object Repository/1. Constant/xpath' is clicked on

2022-06-09 20:06:56 - [TEST_STEP][PASSED] - delay(1): Delayed 1 second(s)

2022-06-09 20:06:57 - [MESSAGE][PASSED] - Delayed 1 second(s)

2022-06-09 20:06:57 - [TEST_STEP][PASSED] - I.submitquesiton_ref(findTestObject("1. Constant/xpath", ["xpath":"//*[@id="source_" + refID7 + ""]/td[14]/div[1]/button"]), findTestObject("1. Constant/xpath", ["xpath":"//*[@id="source_" + refID7 + ""]/td[14]/div[1]/div/a[1]"])): Object: 'Object Repository/1. Constant/xpath' is clicked on

2022-06-09 20:07:00 - [MESSAGE][PASSED] - Object: 'Object Repository/1. Constant/xpath' is clicked on

2022-06-09 20:07:03 - [MESSAGE][PASSED] - Delayed 3 second(s)

2022-06-09 20:07:06 - [MESSAGE][PASSED] - Object: 'Object Repository/1. Constant/xpath' is clicked on

2022-06-09 20:07:06 - [TEST_STEP][PASSED] - click(findTestObject("1. Constant/xpath", ["xpath":"//*[@id="ModifFiche"]/div[1]/div/button[2]"])): Object: 'Object Repository/1. Constant/xpath' is clicked on

2022-06-09 20:07:09 - [MESSAGE][PASSED] - Object: 'Object Repository/1. Constant/xpath' is clicked on

2022-06-09 20:07:09 - [TEST_STEP][PASSED] - click(findTestObject("1. Constant/xpath", ["xpath":"//*[@id="source_" + refID7 + ""]/td[14]/a[5]"])): Object: 'Object Repository/1. Constant/xpath' is clicked on

2022-06-09 20:07:10 - [MESSAGE][PASSED] - Object: 'Object Repository/1. Constant/xpath' is clicked on

2022-06-09 20:07:10 - [TEST_STEP][PASSED] - takeScreenshot(): Taking screenshot successfully

2022-06-09 20:07:10 - [MESSAGE][PASSED] - Taking screenshot successfully
[[ATTACHMENT|D:\\Projet Test Auto\\Mediabox Test Automation\\Reports\\20220609_181011\\03. Parallel Testing (Testing)\\TS -PT PART 3\\14.02 Dreyers Support Action (Ongoing _ Completed ref) - PART 2\\20220609_181057\\1654798030623.png]]

2022-06-09 20:07:10 - [TEST_STEP][PASSED] - click(findTestObject("1. Constant/xpath", ["xpath":"//*[@id="confirmSupportActionShortcut"]"])): Object: 'Object Repository/1. Constant/xpath' is clicked on

2022-06-09 20:07:14 - [MESSAGE][PASSED] - Object: 'Object Repository/1. Constant/xpath' is clicked on

2022-06-09 20:07:14 - [TEST_STEP][PASSED] - click(findTestObject("1. Constant/xpath", ["xpath":"//*[@id="kt_content"]/div[3]/div/ul/li[3]/a"])): Object: 'Object Repository/1. Constant/xpath' is clicked on

2022-06-09 20:07:16 - [MESSAGE][PASSED] - Object: 'Object Repository/1. Constant/xpath' is clicked on

2022-06-09 20:07:16 - [TEST_STEP][PASSED] - takeScreenshot(): Taking screenshot successfully

2022-06-09 20:07:17 - [MESSAGE][PASSED] - Taking screenshot successfully
[[ATTACHMENT|D:\\Projet Test Auto\\Mediabox Test Automation\\Reports\\20220609_181011\\03. Parallel Testing (Testing)\\TS -PT PART 3\\14.02 Dreyers Support Action (Ongoing _ Completed ref) - PART 2\\20220609_181057\\1654798036927.png]]

2022-06-09 20:07:17 - [TEST_STEP][PASSED] - StepA_1 = getAttribute(findTestObject("1. Constant/xpath", ["xpath":"/html/body/div[1]/div[2]/div[8]/div[3]/div/div[3]/div[3]/div/ul/li[1]/a"]), "class"): Attribute 'class' of object 'Object Repository/1. Constant/xpath' is: 'nav-link timeline-badge badge-xl  bg-complete '

2022-06-09 20:07:17 - [MESSAGE][PASSED] - Attribute 'class' of object 'Object Repository/1. Constant/xpath' is: 'nav-link timeline-badge badge-xl  bg-complete '

2022-06-09 20:07:17 - [TEST_STEP][PASSED] - verifyMatch(StepA_1, "nav-link timeline-badge badge-xl  bg-complete ", false): Actual text 'nav-link timeline-badge badge-xl  bg-complete ' and expected text 'nav-link timeline-badge badge-xl  bg-complete ' are matched 

2022-06-09 20:07:17 - [MESSAGE][PASSED] - Actual text 'nav-link timeline-badge badge-xl  bg-complete ' and expected text 'nav-link timeline-badge badge-xl  bg-complete ' are matched 

2022-06-09 20:07:17 - [TEST_STEP][PASSED] - StepA_11 = I.Get_Stepname("/html/body/div[1]/div[2]/div[8]/div[3]/div/div[3]/div[3]/div/ul/li[1]/a"): Attribute 'href' of object 'Object Repository/1. Constant/xpath' is: 'http://mdb-release.diadeis.lan/MediaboxIndependence/Base/ExecAction?action=VoirRef&IDSession=MBI!RELTESTAUTO_DREYERS!RZDVGUG71YMKFZHV0TM21MOFN48F97N0CAG1MVPN&num=PS7FRCK172&id_ref=5273#tab_lifecycle_SASStepA_12176'

2022-06-09 20:07:22 - [MESSAGE][PASSED] - Delayed 5 second(s)

2022-06-09 20:07:22 - [MESSAGE][PASSED] - Attribute 'href' of object 'Object Repository/1. Constant/xpath' is: 'http://mdb-release.diadeis.lan/MediaboxIndependence/Base/ExecAction?action=VoirRef&IDSession=MBI!RELTESTAUTO_DREYERS!RZDVGUG71YMKFZHV0TM21MOFN48F97N0CAG1MVPN&num=PS7FRCK172&id_ref=5273#tab_lifecycle_SASStepA_12176'

2022-06-09 20:07:22 - [TEST_STEP][PASSED] - verifyMatch(StepA_11, "SASStepA", false): Actual text 'SASStepA' and expected text 'SASStepA' are matched 

2022-06-09 20:07:22 - [MESSAGE][PASSED] - Actual text 'SASStepA' and expected text 'SASStepA' are matched 

2022-06-09 20:07:22 - [TEST_STEP][PASSED] - StepB_2 = getAttribute(findTestObject("1. Constant/xpath", ["xpath":"/html/body/div[1]/div[2]/div[8]/div[3]/div/div[3]/div[3]/div/ul/li[2]/a"]), "class"): Attribute 'class' of object 'Object Repository/1. Constant/xpath' is: 'nav-link timeline-badge badge-xl  bg-complete '

2022-06-09 20:07:22 - [MESSAGE][PASSED] - Attribute 'class' of object 'Object Repository/1. Constant/xpath' is: 'nav-link timeline-badge badge-xl  bg-complete '

2022-06-09 20:07:22 - [TEST_STEP][PASSED] - verifyMatch(StepB_2, "nav-link timeline-badge badge-xl  bg-complete ", false): Actual text 'nav-link timeline-badge badge-xl  bg-complete ' and expected text 'nav-link timeline-badge badge-xl  bg-complete ' are matched 

2022-06-09 20:07:22 - [MESSAGE][PASSED] - Actual text 'nav-link timeline-badge badge-xl  bg-complete ' and expected text 'nav-link timeline-badge badge-xl  bg-complete ' are matched 

2022-06-09 20:07:22 - [TEST_STEP][PASSED] - StepB_22 = I.Get_Stepname("/html/body/div[1]/div[2]/div[8]/div[3]/div/div[3]/div[3]/div/ul/li[2]/a"): Attribute 'href' of object 'Object Repository/1. Constant/xpath' is: 'http://mdb-release.diadeis.lan/MediaboxIndependence/Base/ExecAction?action=VoirRef&IDSession=MBI!RELTESTAUTO_DREYERS!RZDVGUG71YMKFZHV0TM21MOFN48F97N0CAG1MVPN&num=PS7FRCK172&id_ref=5273#tab_lifecycle_SASStepB_12177'

2022-06-09 20:07:27 - [MESSAGE][PASSED] - Delayed 5 second(s)

2022-06-09 20:07:27 - [MESSAGE][PASSED] - Attribute 'href' of object 'Object Repository/1. Constant/xpath' is: 'http://mdb-release.diadeis.lan/MediaboxIndependence/Base/ExecAction?action=VoirRef&IDSession=MBI!RELTESTAUTO_DREYERS!RZDVGUG71YMKFZHV0TM21MOFN48F97N0CAG1MVPN&num=PS7FRCK172&id_ref=5273#tab_lifecycle_SASStepB_12177'

2022-06-09 20:07:27 - [TEST_STEP][PASSED] - verifyMatch(StepB_22, "SASStepB", false): Actual text 'SASStepB' and expected text 'SASStepB' are matched 

2022-06-09 20:07:27 - [MESSAGE][PASSED] - Actual text 'SASStepB' and expected text 'SASStepB' are matched 

2022-06-09 20:07:27 - [TEST_STEP][PASSED] - StepA_2 = getAttribute(findTestObject("1. Constant/xpath", ["xpath":"/html/body/div[1]/div[2]/div[8]/div[3]/div/div[3]/div[3]/div/ul/li[3]/a"]), "class"): Attribute 'class' of object 'Object Repository/1. Constant/xpath' is: 'nav-link timeline-badge badge-xl  bg-pending active'

2022-06-09 20:07:28 - [MESSAGE][PASSED] - Attribute 'class' of object 'Object Repository/1. Constant/xpath' is: 'nav-link timeline-badge badge-xl  bg-pending active'

2022-06-09 20:07:28 - [TEST_STEP][PASSED] - verifyMatch(StepA_2, "nav-link timeline-badge badge-xl  bg-pending active", false): Actual text 'nav-link timeline-badge badge-xl  bg-pending active' and expected text 'nav-link timeline-badge badge-xl  bg-pending active' are matched 

2022-06-09 20:07:28 - [MESSAGE][PASSED] - Actual text 'nav-link timeline-badge badge-xl  bg-pending active' and expected text 'nav-link timeline-badge badge-xl  bg-pending active' are matched 

2022-06-09 20:07:28 - [TEST_STEP][PASSED] - StepA_22 = I.Get_Stepname("/html/body/div[1]/div[2]/div[8]/div[3]/div/div[3]/div[3]/div/ul/li[3]/a"): Attribute 'href' of object 'Object Repository/1. Constant/xpath' is: 'http://mdb-release.diadeis.lan/MediaboxIndependence/Base/ExecAction?action=VoirRef&IDSession=MBI!RELTESTAUTO_DREYERS!RZDVGUG71YMKFZHV0TM21MOFN48F97N0CAG1MVPN&num=PS7FRCK172&id_ref=5273#tab_lifecycle_SASStepA_12178'

2022-06-09 20:07:33 - [MESSAGE][PASSED] - Delayed 5 second(s)

2022-06-09 20:07:33 - [MESSAGE][PASSED] - Attribute 'href' of object 'Object Repository/1. Constant/xpath' is: 'http://mdb-release.diadeis.lan/MediaboxIndependence/Base/ExecAction?action=VoirRef&IDSession=MBI!RELTESTAUTO_DREYERS!RZDVGUG71YMKFZHV0TM21MOFN48F97N0CAG1MVPN&num=PS7FRCK172&id_ref=5273#tab_lifecycle_SASStepA_12178'

2022-06-09 20:07:33 - [TEST_STEP][PASSED] - verifyMatch(StepA_22, "SASStepA", false): Actual text 'SASStepA' and expected text 'SASStepA' are matched 

2022-06-09 20:07:33 - [MESSAGE][PASSED] - Actual text 'SASStepA' and expected text 'SASStepA' are matched 

2022-06-09 20:07:33 - [TEST_STEP][PASSED] - Name_StepAP1_3 = getText(findTestObject("1. Constant/xpath", ["xpath":"/html/body/div[1]/div[2]/div[8]/div[3]/div/div[3]/div[3]/div/div/div[3]/div/div[1]/div/div[1]/div[1]/h3"])): Text of object 'Object Repository/1. Constant/xpath' is: 'Phase 1.1 [Standard]'

2022-06-09 20:07:33 - [MESSAGE][PASSED] - Text of object 'Object Repository/1. Constant/xpath' is: 'Phase 1.1 [Standard]'

2022-06-09 20:07:33 - [TEST_STEP][PASSED] - verifyMatch(Name_StepAP1_3, "Phase 1.1 [Standard]", false): Actual text 'Phase 1.1 [Standard]' and expected text 'Phase 1.1 [Standard]' are matched 

2022-06-09 20:07:33 - [MESSAGE][PASSED] - Actual text 'Phase 1.1 [Standard]' and expected text 'Phase 1.1 [Standard]' are matched 

2022-06-09 20:07:33 - [TEST_STEP][PASSED] - ST_StepAP1_3 = getText(findTestObject("1. Constant/xpath", ["xpath":"/html/body/div[1]/div[2]/div[8]/div[3]/div/div[3]/div[3]/div/div/div[3]/div/div[1]/div/div[2]/div[1]"])): Text of object 'Object Repository/1. Constant/xpath' is: 'Started 06/09/22 02:07 PM'

2022-06-09 20:07:33 - [MESSAGE][PASSED] - Text of object 'Object Repository/1. Constant/xpath' is: 'Started 06/09/22 02:07 PM'

2022-06-09 20:07:33 - [TEST_STEP][PASSED] - if (ST_StepAP1_3.contains("Started")): Actual object '1' and expected object '1' are equal

2022-06-09 20:07:33 - [TEST_STEP][PASSED] - verifyEqual(1, 1): Actual object '1' and expected object '1' are equal

2022-06-09 20:07:33 - [MESSAGE][PASSED] - Actual object '1' and expected object '1' are equal

2022-06-09 20:07:33 - [TEST_STEP][PASSED] - added_StepAP1_3 = getText(findTestObject("1. Constant/xpath", ["xpath":"/html/body/div[1]/div[2]/div[8]/div[3]/div/div[3]/div[3]/div/div/div[3]/div/div[1]/div/div[2]/h6"])): Text of object 'Object Repository/1. Constant/xpath' is: 'Added manually 06/09/22 02:07 PM By s user'

2022-06-09 20:07:34 - [MESSAGE][PASSED] - Text of object 'Object Repository/1. Constant/xpath' is: 'Added manually 06/09/22 02:07 PM By s user'

2022-06-09 20:07:34 - [TEST_STEP][PASSED] - if (added_StepAP1_3.contains("Added manually")): Actual object '1' and expected object '1' are equal

2022-06-09 20:07:34 - [TEST_STEP][PASSED] - verifyEqual(1, 1): Actual object '1' and expected object '1' are equal

2022-06-09 20:07:34 - [MESSAGE][PASSED] - Actual object '1' and expected object '1' are equal

2022-06-09 20:07:34 - [TEST_STEP][PASSED] - Name_StepAP2_3 = getText(findTestObject("1. Constant/xpath", ["xpath":"/html/body/div[1]/div[2]/div[8]/div[3]/div/div[3]/div[3]/div/div/div[3]/div/div[2]/div/div[1]/div[1]/h3"])): Text of object 'Object Repository/1. Constant/xpath' is: 'Phase 1.2 [Standard Phase]'

2022-06-09 20:07:34 - [MESSAGE][PASSED] - Text of object 'Object Repository/1. Constant/xpath' is: 'Phase 1.2 [Standard Phase]'

2022-06-09 20:07:34 - [TEST_STEP][PASSED] - verifyMatch(Name_StepAP2_3, "Phase 1.2 [Standard Phase]", false): Actual text 'Phase 1.2 [Standard Phase]' and expected text 'Phase 1.2 [Standard Phase]' are matched 

2022-06-09 20:07:34 - [MESSAGE][PASSED] - Actual text 'Phase 1.2 [Standard Phase]' and expected text 'Phase 1.2 [Standard Phase]' are matched 

2022-06-09 20:07:34 - [TEST_STEP][PASSED] - StepB_4 = getAttribute(findTestObject("1. Constant/xpath", ["xpath":"/html/body/div[1]/div[2]/div[8]/div[3]/div/div[3]/div[3]/div/ul/li[4]/a"]), "class"): Attribute 'class' of object 'Object Repository/1. Constant/xpath' is: 'nav-link timeline-badge badge-xl  bg-waiting '

2022-06-09 20:07:34 - [MESSAGE][PASSED] - Attribute 'class' of object 'Object Repository/1. Constant/xpath' is: 'nav-link timeline-badge badge-xl  bg-waiting '

2022-06-09 20:07:34 - [TEST_STEP][PASSED] - verifyMatch(StepB_4, "nav-link timeline-badge badge-xl  bg-waiting ", false): Actual text 'nav-link timeline-badge badge-xl  bg-waiting ' and expected text 'nav-link timeline-badge badge-xl  bg-waiting ' are matched 

2022-06-09 20:07:34 - [MESSAGE][PASSED] - Actual text 'nav-link timeline-badge badge-xl  bg-waiting ' and expected text 'nav-link timeline-badge badge-xl  bg-waiting ' are matched 

2022-06-09 20:07:34 - [TEST_STEP][PASSED] - StepB_44 = I.Get_Stepname("/html/body/div[1]/div[2]/div[8]/div[3]/div/div[3]/div[3]/div/ul/li[4]/a"): Attribute 'href' of object 'Object Repository/1. Constant/xpath' is: 'http://mdb-release.diadeis.lan/MediaboxIndependence/Base/ExecAction?action=VoirRef&IDSession=MBI!RELTESTAUTO_DREYERS!RZDVGUG71YMKFZHV0TM21MOFN48F97N0CAG1MVPN&num=PS7FRCK172&id_ref=5273#tab_lifecycle_SASStepB_12179'

2022-06-09 20:07:39 - [MESSAGE][PASSED] - Delayed 5 second(s)

2022-06-09 20:07:39 - [MESSAGE][PASSED] - Attribute 'href' of object 'Object Repository/1. Constant/xpath' is: 'http://mdb-release.diadeis.lan/MediaboxIndependence/Base/ExecAction?action=VoirRef&IDSession=MBI!RELTESTAUTO_DREYERS!RZDVGUG71YMKFZHV0TM21MOFN48F97N0CAG1MVPN&num=PS7FRCK172&id_ref=5273#tab_lifecycle_SASStepB_12179'

2022-06-09 20:07:39 - [TEST_STEP][PASSED] - verifyMatch(StepB_44, "SASStepB", false): Actual text 'SASStepB' and expected text 'SASStepB' are matched 

2022-06-09 20:07:39 - [MESSAGE][PASSED] - Actual text 'SASStepB' and expected text 'SASStepB' are matched 

2022-06-09 20:07:39 - [TEST_STEP][PASSED] - I.Logout(): Delayed 3 second(s)

2022-06-09 20:07:42 - [MESSAGE][PASSED] - Delayed 3 second(s)

2022-06-09 20:07:42 - [MESSAGE][PASSED] - Object: 'Object Repository/1. Constant/xpath' is clicked on

2022-06-09 20:07:45 - [MESSAGE][PASSED] - Delayed 3 second(s)

2022-06-09 20:07:52 - [MESSAGE][PASSED] - Object: 'Object Repository/1. Constant/xpath' is clicked on

2022-06-09 20:07:55 - [MESSAGE][PASSED] - Delayed 3 second(s)

2022-06-09 20:07:55 - [TEST_STEP][PASSED] - I.Login_password("nturner", password_nturner): Object: 'Object Repository/1. Constant/xpath' is clicked on

2022-06-09 20:07:55 - [MESSAGE][PASSED] - Text 'nturner' is set on object 'Object Repository/1. Constant/xpath'

2022-06-09 20:07:56 - [MESSAGE][PASSED] - Delayed 1 second(s)

2022-06-09 20:07:57 - [MESSAGE][PASSED] - Text 'diadeis1' is set on object 'Object Repository/1. Constant/xpath'

2022-06-09 20:07:58 - [MESSAGE][PASSED] - Delayed 1 second(s)

2022-06-09 20:08:02 - [MESSAGE][PASSED] - Object: 'Object Repository/1. Constant/xpath' is clicked on

2022-06-09 20:08:02 - [TEST_STEP][PASSED] - click(findTestObject("1. Constant/02_LHSMenu_Projects")): Object: 'Object Repository/1. Constant/02_LHSMenu_Projects' is clicked on

2022-06-09 20:08:04 - [MESSAGE][PASSED] - Object: 'Object Repository/1. Constant/02_LHSMenu_Projects' is clicked on

2022-06-09 20:08:04 - [TEST_STEP][PASSED] - I.SearchProjectNo_xpath(Project_No, "//*[@id="keynum_project"]", "//*[@id="form_filters"]/div[4]/button"): Delayed 5 second(s)

2022-06-09 20:08:05 - [MESSAGE][PASSED] - Delayed 1 second(s)

2022-06-09 20:08:06 - [MESSAGE][PASSED] - Text 'MI000876' is set on object 'Object Repository/1. Constant/xpath'

2022-06-09 20:08:09 - [MESSAGE][PASSED] - Delayed 3 second(s)

2022-06-09 20:08:10 - [MESSAGE][PASSED] - Scroll to object 'Object Repository/1. Constant/xpath' successfully

2022-06-09 20:08:13 - [MESSAGE][PASSED] - Object: 'Object Repository/1. Constant/xpath' is clicked on

2022-06-09 20:08:18 - [MESSAGE][PASSED] - Delayed 5 second(s)

2022-06-09 20:08:18 - [TEST_STEP][PASSED] - takeScreenshot(): Taking screenshot successfully

2022-06-09 20:08:19 - [MESSAGE][PASSED] - Taking screenshot successfully
[[ATTACHMENT|D:\\Projet Test Auto\\Mediabox Test Automation\\Reports\\20220609_181011\\03. Parallel Testing (Testing)\\TS -PT PART 3\\14.02 Dreyers Support Action (Ongoing _ Completed ref) - PART 2\\20220609_181057\\1654798098791.png]]

2022-06-09 20:08:19 - [TEST_STEP][PASSED] - I.SearchRefNo_xpath("P7_Auto", "//*[@id="fiche_filter_keywords11"]", "//*[@id="form_filters"]/div[3]/button"): Delayed 5 second(s)

2022-06-09 20:08:20 - [MESSAGE][PASSED] - Delayed 1 second(s)

2022-06-09 20:08:21 - [MESSAGE][PASSED] - Text 'P7_Auto' is set on object 'Object Repository/1. Constant/xpath'

2022-06-09 20:08:24 - [MESSAGE][PASSED] - Delayed 3 second(s)

2022-06-09 20:08:24 - [MESSAGE][PASSED] - Scroll to object 'Object Repository/1. Constant/xpath' successfully

2022-06-09 20:08:26 - [MESSAGE][PASSED] - Object: 'Object Repository/1. Constant/xpath' is clicked on

2022-06-09 20:08:31 - [MESSAGE][PASSED] - Delayed 5 second(s)

2022-06-09 20:08:31 - [TEST_STEP][PASSED] - delay(1): Delayed 1 second(s)

2022-06-09 20:08:32 - [MESSAGE][PASSED] - Delayed 1 second(s)

2022-06-09 20:08:32 - [TEST_STEP][PASSED] - Lifecycle_Status2 = getText(findTestObject("1. Constant/xpath", ["xpath":"//*[@id="source_" + refID7 + ""]/td[12]/span[1]"])): Text of object 'Object Repository/1. Constant/xpath' is: 'Phase 1.1 [Standard]'

2022-06-09 20:08:33 - [MESSAGE][PASSED] - Text of object 'Object Repository/1. Constant/xpath' is: 'Phase 1.1 [Standard]'

2022-06-09 20:08:33 - [TEST_STEP][PASSED] - verifyMatch(Lifecycle_Status2, "Phase 1.1 [Standard]", false): Actual text 'Phase 1.1 [Standard]' and expected text 'Phase 1.1 [Standard]' are matched 

2022-06-09 20:08:33 - [MESSAGE][PASSED] - Actual text 'Phase 1.1 [Standard]' and expected text 'Phase 1.1 [Standard]' are matched 

2022-06-09 20:08:33 - [TEST_STEP][PASSED] - click(findTestObject("1. Constant/xpath", ["xpath":"//*[@id="source_" + refID7 + ""]/td[13]/a[2]"])): Object: 'Object Repository/1. Constant/xpath' is clicked on

2022-06-09 20:08:35 - [MESSAGE][PASSED] - Object: 'Object Repository/1. Constant/xpath' is clicked on

2022-06-09 20:08:35 - [TEST_STEP][PASSED] - click(findTestObject("1. Constant/xpath", ["xpath":"//*[@id="ModifFiche"]/div[1]/div/button[2]"])): Object: 'Object Repository/1. Constant/xpath' is clicked on

2022-06-09 20:08:40 - [MESSAGE][PASSED] - Object: 'Object Repository/1. Constant/xpath' is clicked on

2022-06-09 20:08:40 - [TEST_STEP][PASSED] - closeBrowser(): Browser is closed

2022-06-09 20:09:01 - [MESSAGE][PASSED] - Browser is closed

2022-06-09 20:09:01 - [TEST_STEP][PASSED] - Start listener action : sampleAfterTestCase: null]]></system-out>
         <system-err><![CDATA[]]></system-err>
      </testcase>
      <testcase name="Test Cases/19. Dreyers Support Action (Ongoing ref_completed)/19.08 Dreyers SAS Add Step Group (Ongoing ref) S13 - P8" time="245.514" classname="Test Cases/19. Dreyers Support Action (Ongoing ref_completed)/19.08 Dreyers SAS Add Step Group (Ongoing ref) S13 - P8" status="PASSED">
         <system-out><![CDATA[2022-06-09 20:09:01 - [TEST_CASE][PASSED] - Test Cases/19. Dreyers Support Action (Ongoing ref_completed)/19.08 Dreyers SAS Add Step Group (Ongoing ref) S13 - P8: Test Cases/19. Dreyers Support Action (Ongoing ref_completed)/19.08 Dreyers SAS Add Step Group (Ongoing ref) S13 - P8

2022-06-09 20:09:02 - [TEST_STEP][PASSED] - data_Dreyers = findTestData("Data Files/Username_Password/Dreyer"): null

2022-06-09 20:09:02 - [TEST_STEP][PASSED] - password_suser = data_Dreyers.getValue(2, 1): null

2022-06-09 20:09:02 - [TEST_STEP][PASSED] - password_nturner = data_Dreyers.getValue(2, 6): null

2022-06-09 20:09:02 - [TEST_STEP][PASSED] - data_urlRELAUTO = findTestData("Data Files/URL/URL_relauto"): null

2022-06-09 20:09:02 - [TEST_STEP][PASSED] - Url_Dreyer = data_urlRELAUTO.getValue(2, 4): null

2022-06-09 20:09:02 - [TEST_STEP][PASSED] - Project_No = I.readnotepad("D:\Upoad_File\Projet_ Login\Dreyers\19.1\19.1_Dreyers_ProjectNo.txt"): null

2022-06-09 20:09:02 - [TEST_STEP][PASSED] - refID = I.readnotepad("D:\Upoad_File\Projet_ Login\Dreyers\19.1\19.1_Dreyers_refID.txt"): null

2022-06-09 20:09:02 - [TEST_STEP][PASSED] - openBrowser(Url_Dreyer): Browser is opened with url: 'http://mdb-release.diadeis.lan/MediaboxIndependence/?MBI_datasource=RELTESTAUTO_DREYERS'

2022-06-09 20:09:02 - [MESSAGE][INFO] - Starting 'Chrome (headless)' driver

2022-06-09 20:09:02 - [MESSAGE][INFO] - User set preference: ['args', '[--window-size=1920,1080, --headless]']

2022-06-09 20:09:02 - [MESSAGE][INFO] - Action delay is set to 0 milliseconds

2022-06-09 20:09:08 - [MESSAGE][PASSED] - Browser is opened with url: 'http://mdb-release.diadeis.lan/MediaboxIndependence/?MBI_datasource=RELTESTAUTO_DREYERS'

2022-06-09 20:09:08 - [TEST_STEP][PASSED] - maximizeWindow(): Current window maximized

2022-06-09 20:09:08 - [MESSAGE][PASSED] - Current window maximized

2022-06-09 20:09:08 - [TEST_STEP][PASSED] - I.Login_password("suser", password_suser): Object: 'Object Repository/1. Constant/xpath' is clicked on

2022-06-09 20:09:09 - [MESSAGE][PASSED] - Text 'suser' is set on object 'Object Repository/1. Constant/xpath'

2022-06-09 20:09:10 - [MESSAGE][PASSED] - Delayed 1 second(s)

2022-06-09 20:09:11 - [MESSAGE][PASSED] - Text 'diadeis' is set on object 'Object Repository/1. Constant/xpath'

2022-06-09 20:09:12 - [MESSAGE][PASSED] - Delayed 1 second(s)

2022-06-09 20:09:19 - [MESSAGE][PASSED] - Object: 'Object Repository/1. Constant/xpath' is clicked on

2022-06-09 20:09:19 - [TEST_STEP][PASSED] - click(findTestObject("1. Constant/02_LHSMenu_Projects")): Object: 'Object Repository/1. Constant/02_LHSMenu_Projects' is clicked on

2022-06-09 20:09:22 - [MESSAGE][PASSED] - Object: 'Object Repository/1. Constant/02_LHSMenu_Projects' is clicked on

2022-06-09 20:09:22 - [TEST_STEP][PASSED] - I.SearchProjectNo_xpath(Project_No, "//*[@id="keynum_project"]", "//*[@id="form_filters"]/div[4]/button"): Delayed 5 second(s)

2022-06-09 20:09:23 - [MESSAGE][PASSED] - Delayed 1 second(s)

2022-06-09 20:09:23 - [MESSAGE][PASSED] - Text 'MI000876' is set on object 'Object Repository/1. Constant/xpath'

2022-06-09 20:09:26 - [MESSAGE][PASSED] - Delayed 3 second(s)

2022-06-09 20:09:26 - [MESSAGE][PASSED] - Scroll to object 'Object Repository/1. Constant/xpath' successfully

2022-06-09 20:09:29 - [MESSAGE][PASSED] - Object: 'Object Repository/1. Constant/xpath' is clicked on

2022-06-09 20:09:34 - [MESSAGE][PASSED] - Delayed 5 second(s)

2022-06-09 20:09:34 - [TEST_STEP][PASSED] - takeScreenshot(): Taking screenshot successfully

2022-06-09 20:09:35 - [MESSAGE][PASSED] - Taking screenshot successfully
[[ATTACHMENT|D:\\Projet Test Auto\\Mediabox Test Automation\\Reports\\20220609_181011\\03. Parallel Testing (Testing)\\TS -PT PART 3\\14.02 Dreyers Support Action (Ongoing _ Completed ref) - PART 2\\20220609_181057\\1654798175001.png]]

2022-06-09 20:09:35 - [TEST_STEP][PASSED] - click(findTestObject("1. Constant/xpath", ["xpath":"//*[@id="create_ref_btn"]/button"])): Object: 'Object Repository/1. Constant/xpath' is clicked on

2022-06-09 20:09:35 - [MESSAGE][PASSED] - Object: 'Object Repository/1. Constant/xpath' is clicked on

2022-06-09 20:09:35 - [TEST_STEP][PASSED] - delay(1): Delayed 1 second(s)

2022-06-09 20:09:36 - [MESSAGE][PASSED] - Delayed 1 second(s)

2022-06-09 20:09:36 - [TEST_STEP][PASSED] - click(findTestObject("1. Constant/xpath", ["xpath":"//*[@id="create_ref_btn"]/div/a"])): Object: 'Object Repository/1. Constant/xpath' is clicked on

2022-06-09 20:09:38 - [MESSAGE][PASSED] - Object: 'Object Repository/1. Constant/xpath' is clicked on

2022-06-09 20:09:38 - [TEST_STEP][PASSED] - delay(1): Delayed 1 second(s)

2022-06-09 20:09:39 - [MESSAGE][PASSED] - Delayed 1 second(s)

2022-06-09 20:09:39 - [TEST_STEP][PASSED] - selectOptionByValue(findTestObject("1. Constant/xpath", ["xpath":"//*[@id="lfc_tpl"]"]), "37", false): All options with value '37' are selected in object 'Object Repository/1. Constant/xpath' 

2022-06-09 20:09:40 - [MESSAGE][PASSED] - All options with value '37' are selected in object 'Object Repository/1. Constant/xpath' 

2022-06-09 20:09:40 - [TEST_STEP][PASSED] - ref_name = "P8_Auto_SAS_S13_2_" + RandomStringUtils.randomAlphanumeric(5) + I.gettimedate(): null

2022-06-09 20:09:40 - [TEST_STEP][PASSED] - delay(1): Delayed 1 second(s)

2022-06-09 20:09:41 - [MESSAGE][PASSED] - Delayed 1 second(s)

2022-06-09 20:09:41 - [TEST_STEP][PASSED] - setText(findTestObject("1. Constant/xpath", ["xpath":"//*[@id="var_name"]"]), ref_name): Text 'P8_Auto_SAS_S13_2_O0G8jjuin092022_200940' is set on object 'Object Repository/1. Constant/xpath'

2022-06-09 20:09:41 - [MESSAGE][PASSED] - Text 'P8_Auto_SAS_S13_2_O0G8jjuin092022_200940' is set on object 'Object Repository/1. Constant/xpath'

2022-06-09 20:09:41 - [TEST_STEP][PASSED] - takeScreenshot(): Taking screenshot successfully

2022-06-09 20:09:41 - [MESSAGE][PASSED] - Taking screenshot successfully
[[ATTACHMENT|D:\\Projet Test Auto\\Mediabox Test Automation\\Reports\\20220609_181011\\03. Parallel Testing (Testing)\\TS -PT PART 3\\14.02 Dreyers Support Action (Ongoing _ Completed ref) - PART 2\\20220609_181057\\1654798181661.png]]

2022-06-09 20:09:41 - [TEST_STEP][PASSED] - click(findTestObject("1. Constant/xpath", ["xpath":"//*[@id="createRefBottom"]"])): Object: 'Object Repository/1. Constant/xpath' is clicked on

2022-06-09 20:09:45 - [MESSAGE][PASSED] - Object: 'Object Repository/1. Constant/xpath' is clicked on

2022-06-09 20:09:45 - [TEST_STEP][PASSED] - delay(1): Delayed 1 second(s)

2022-06-09 20:09:46 - [MESSAGE][PASSED] - Delayed 1 second(s)

2022-06-09 20:09:46 - [TEST_STEP][PASSED] - takeScreenshot(): Taking screenshot successfully

2022-06-09 20:09:47 - [MESSAGE][PASSED] - Taking screenshot successfully
[[ATTACHMENT|D:\\Projet Test Auto\\Mediabox Test Automation\\Reports\\20220609_181011\\03. Parallel Testing (Testing)\\TS -PT PART 3\\14.02 Dreyers Support Action (Ongoing _ Completed ref) - PART 2\\20220609_181057\\1654798186861.png]]

2022-06-09 20:09:47 - [TEST_STEP][PASSED] - refID8 = I.RefID(): Current window's url is: 'http://mdb-release.diadeis.lan/MediaboxIndependence/Base/ExecAction?IDSession=MBI%21RELTESTAUTO_DREYERS%21CRNF2MKZFBVVV43D70FP6P895DDZKV1VRG7RT1PX&default_action=ModifierRef&id_project=MI000876&id_ref=5274&action_from=create_ref'

2022-06-09 20:09:52 - [MESSAGE][PASSED] - Delayed 5 second(s)

2022-06-09 20:09:52 - [MESSAGE][PASSED] - Current window's url is: 'http://mdb-release.diadeis.lan/MediaboxIndependence/Base/ExecAction?IDSession=MBI%21RELTESTAUTO_DREYERS%21CRNF2MKZFBVVV43D70FP6P895DDZKV1VRG7RT1PX&default_action=ModifierRef&id_project=MI000876&id_ref=5274&action_from=create_ref'

2022-06-09 20:09:52 - [TEST_STEP][PASSED] - click(findTestObject("1. Constant/xpath", ["xpath":"//*[@id="type_save"]"])): Object: 'Object Repository/1. Constant/xpath' is clicked on

2022-06-09 20:09:56 - [MESSAGE][PASSED] - Object: 'Object Repository/1. Constant/xpath' is clicked on

2022-06-09 20:09:56 - [TEST_STEP][PASSED] - I.SearchRefNo_xpath("P8_Auto", "//*[@id="fiche_filter_keywords11"]", "//*[@id="form_filters"]/div[3]/button"): Delayed 5 second(s)

2022-06-09 20:09:57 - [MESSAGE][PASSED] - Delayed 1 second(s)

2022-06-09 20:09:57 - [MESSAGE][PASSED] - Text 'P8_Auto' is set on object 'Object Repository/1. Constant/xpath'

2022-06-09 20:10:00 - [MESSAGE][PASSED] - Delayed 3 second(s)

2022-06-09 20:10:00 - [MESSAGE][PASSED] - Scroll to object 'Object Repository/1. Constant/xpath' successfully

2022-06-09 20:10:02 - [MESSAGE][PASSED] - Object: 'Object Repository/1. Constant/xpath' is clicked on

2022-06-09 20:10:07 - [MESSAGE][PASSED] - Delayed 5 second(s)

2022-06-09 20:10:07 - [TEST_STEP][PASSED] - takeScreenshot(): Taking screenshot successfully

2022-06-09 20:10:09 - [MESSAGE][PASSED] - Taking screenshot successfully
[[ATTACHMENT|D:\\Projet Test Auto\\Mediabox Test Automation\\Reports\\20220609_181011\\03. Parallel Testing (Testing)\\TS -PT PART 3\\14.02 Dreyers Support Action (Ongoing _ Completed ref) - PART 2\\20220609_181057\\1654798208510.png]]

2022-06-09 20:10:09 - [TEST_STEP][PASSED] - click(findTestObject("1. Constant/xpath", ["xpath":"//*[@id="source_" + refID8 + ""]/td[14]/a[4]"])): Object: 'Object Repository/1. Constant/xpath' is clicked on

2022-06-09 20:10:10 - [MESSAGE][PASSED] - Object: 'Object Repository/1. Constant/xpath' is clicked on

2022-06-09 20:10:10 - [TEST_STEP][PASSED] - click(findTestObject("1. Constant/xpath", ["xpath":"//*[@id="ModifFiche"]/div[1]/div/button[2]"])): Object: 'Object Repository/1. Constant/xpath' is clicked on

2022-06-09 20:10:14 - [MESSAGE][PASSED] - Object: 'Object Repository/1. Constant/xpath' is clicked on

2022-06-09 20:10:14 - [TEST_STEP][PASSED] - click(findTestObject("1. Constant/xpath", ["xpath":"//*[@id="source_" + refID8 + ""]/td[14]/a[4]"])): Object: 'Object Repository/1. Constant/xpath' is clicked on

2022-06-09 20:10:16 - [MESSAGE][PASSED] - Object: 'Object Repository/1. Constant/xpath' is clicked on

2022-06-09 20:10:16 - [TEST_STEP][PASSED] - click(findTestObject("1. Constant/xpath", ["xpath":"//*[@id="ModifFiche"]/div[1]/div/button[2]"])): Object: 'Object Repository/1. Constant/xpath' is clicked on

2022-06-09 20:10:19 - [MESSAGE][PASSED] - Object: 'Object Repository/1. Constant/xpath' is clicked on

2022-06-09 20:10:19 - [TEST_STEP][PASSED] - color1 = getCSSValue(findTestObject("1. Constant/xpath", ["xpath":"//*[@id="source_" + refID8 + ""]/td[14]/a[4]"]), "color", OPTIONAL): Get CSS 'color' value on 'Object Repository/1. Constant/xpath' successfully: 'rgba(255, 255, 255, 1)'.

2022-06-09 20:10:20 - [MESSAGE][PASSED] - Get CSS 'color' value on 'Object Repository/1. Constant/xpath' successfully: 'rgba(255, 255, 255, 1)'.

2022-06-09 20:10:20 - [TEST_STEP][PASSED] - I.print(color1): null

2022-06-09 20:10:20 - [TEST_STEP][PASSED] - while (color1 == "rgba(255, 255, 255, 1)"): null

2022-06-09 20:10:20 - [TEST_STEP][PASSED] - click(findTestObject("1. Constant/xpath", ["xpath":"//*[@id="source_" + refID8 + ""]/td[14]/a[4]"])): Object: 'Object Repository/1. Constant/xpath' is clicked on

2022-06-09 20:10:21 - [MESSAGE][PASSED] - Object: 'Object Repository/1. Constant/xpath' is clicked on

2022-06-09 20:10:21 - [TEST_STEP][PASSED] - I.UploadDoc_sendkey_Prod(findTestObject("1. Constant/xpath", ["xpath":"//*[@id="kt_body"]/input[2]"]), "D:\Upoad_File\Upload doc\testdata1.pdf", "testdata1"): Delayed 5 second(s)

2022-06-09 20:10:22 - [MESSAGE][PASSED] - Scroll to object 'Object Repository/1. Constant/xpath' successfully

2022-06-09 20:10:27 - [MESSAGE][PASSED] - Delayed 5 second(s)

2022-06-09 20:10:27 - [MESSAGE][PASSED] - File 'D:\Upoad_File\Upload doc\testdata1.pdf' sent to object: 'Object Repository/1. Constant/xpath'

2022-06-09 20:10:32 - [MESSAGE][PASSED] - Delayed 5 second(s)

2022-06-09 20:10:33 - [MESSAGE][PASSED] - Text 'testdata1' is present on page 

2022-06-09 20:10:38 - [MESSAGE][PASSED] - Delayed 5 second(s)

2022-06-09 20:10:43 - [MESSAGE][PASSED] - Delayed 5 second(s)

2022-06-09 20:10:43 - [TEST_STEP][PASSED] - takeScreenshot(): Taking screenshot successfully

2022-06-09 20:10:43 - [MESSAGE][PASSED] - Taking screenshot successfully
[[ATTACHMENT|D:\\Projet Test Auto\\Mediabox Test Automation\\Reports\\20220609_181011\\03. Parallel Testing (Testing)\\TS -PT PART 3\\14.02 Dreyers Support Action (Ongoing _ Completed ref) - PART 2\\20220609_181057\\1654798243525.png]]

2022-06-09 20:10:43 - [TEST_STEP][PASSED] - delay(8): Delayed 8 second(s)

2022-06-09 20:10:51 - [MESSAGE][PASSED] - Delayed 8 second(s)

2022-06-09 20:10:51 - [TEST_STEP][PASSED] - click(findTestObject("HL Full Lifecycle/12 ReferncePage_Button_Updatensenddoc")): Object: 'Object Repository/HL Full Lifecycle/12 ReferncePage_Button_Updatensenddoc' is clicked on

2022-06-09 20:10:58 - [MESSAGE][PASSED] - Object: 'Object Repository/HL Full Lifecycle/12 ReferncePage_Button_Updatensenddoc' is clicked on

2022-06-09 20:10:58 - [TEST_STEP][PASSED] - delay(5): Delayed 5 second(s)

2022-06-09 20:11:03 - [MESSAGE][PASSED] - Delayed 5 second(s)

2022-06-09 20:11:03 - [TEST_STEP][PASSED] - if (verifyElementPresent(findTestObject("1. Constant/xpath", ["xpath":"//*[@id="source_" + refID8 + ""]/td[14]/a[4]"]), 5, OPTIONAL)): com.kms.katalon.core.webui.exception.WebElementNotFoundException: Web element with id: 'Object Repository/1. Constant/xpath' located by '//*[@id="source_5274"]/td[14]/a[4]' not found (Root cause: com.kms.katalon.core.exception.StepFailedException: com.kms.katalon.core.webui.exception.WebElementNotFoundException: Web element with id: 'Object Repository/1. Constant/xpath' located by '//*[@id="source_5274"]/td[14]/a[4]' not found
	at com.kms.katalon.core.webui.keyword.internal.WebUIKeywordMain.stepFailed(WebUIKeywordMain.groovy:64)
	at com.kms.katalon.core.webui.keyword.builtin.VerifyElementPresentKeyword$_verifyElementPresent_closure1.doCall(VerifyElementPresentKeyword.groovy:85)
	at com.kms.katalon.core.webui.keyword.builtin.VerifyElementPresentKeyword$_verifyElementPresent_closure1.call(VerifyElementPresentKeyword.groovy)
	at com.kms.katalon.core.webui.keyword.internal.WebUIKeywordMain.runKeyword(WebUIKeywordMain.groovy:20)
	at com.kms.katalon.core.webui.keyword.builtin.VerifyElementPresentKeyword.verifyElementPresent(VerifyElementPresentKeyword.groovy:92)
	at com.kms.katalon.core.webui.keyword.builtin.VerifyElementPresentKeyword.execute(VerifyElementPresentKeyword.groovy:68)
	at com.kms.katalon.core.keyword.internal.KeywordExecutor.executeKeywordForPlatform(KeywordExecutor.groovy:74)
	at com.kms.katalon.core.webui.keyword.WebUiBuiltInKeywords.verifyElementPresent(WebUiBuiltInKeywords.groovy:1448)
	at com.kms.katalon.core.webui.keyword.WebUiBuiltInKeywords$verifyElementPresent$18.call(Unknown Source)
	at 19.08 Dreyers SAS Add Step Group (Ongoing ref) S13 - P8.run(19.08 Dreyers SAS Add Step Group (Ongoing ref) S13 - P8:153)
	at com.kms.katalon.core.main.ScriptEngine.run(ScriptEngine.java:194)
	at com.kms.katalon.core.main.ScriptEngine.runScriptAsRawText(ScriptEngine.java:119)
	at com.kms.katalon.core.main.TestCaseExecutor.runScript(TestCaseExecutor.java:445)
	at com.kms.katalon.core.main.TestCaseExecutor.doExecute(TestCaseExecutor.java:436)
	at com.kms.katalon.core.main.TestCaseExecutor.processExecutionPhase(TestCaseExecutor.java:415)
	at com.kms.katalon.core.main.TestCaseExecutor.accessMainPhase(TestCaseExecutor.java:407)
	at com.kms.katalon.core.main.TestCaseExecutor.execute(TestCaseExecutor.java:284)
	at com.kms.katalon.core.common.CommonExecutor.accessTestCaseMainPhase(CommonExecutor.java:65)
	at com.kms.katalon.core.main.TestSuiteExecutor.accessTestSuiteMainPhase(TestSuiteExecutor.java:144)
	at com.kms.katalon.core.main.TestSuiteExecutor.execute(TestSuiteExecutor.java:106)
	at com.kms.katalon.core.main.TestCaseMain.startTestSuite(TestCaseMain.java:185)
	at com.kms.katalon.core.main.TestCaseMain$startTestSuite$0.call(Unknown Source)
	at TempTestSuite1654791057429.run(TempTestSuite1654791057429.groovy:36)
)

2022-06-09 20:11:09 - [MESSAGE][INFO] - Unable to find the element located by 'By.xpath: //*[@id="source_5274"]/td[14]/a[4]'. Please recheck the objects properties to make sure the desired element is located. 

2022-06-09 20:11:09 - [MESSAGE][WARNING] - com.kms.katalon.core.webui.exception.WebElementNotFoundException: Web element with id: 'Object Repository/1. Constant/xpath' located by '//*[@id="source_5274"]/td[14]/a[4]' not found (Root cause: com.kms.katalon.core.exception.StepFailedException: com.kms.katalon.core.webui.exception.WebElementNotFoundException: Web element with id: 'Object Repository/1. Constant/xpath' located by '//*[@id="source_5274"]/td[14]/a[4]' not found
	at com.kms.katalon.core.webui.keyword.internal.WebUIKeywordMain.stepFailed(WebUIKeywordMain.groovy:64)
	at com.kms.katalon.core.webui.keyword.builtin.VerifyElementPresentKeyword$_verifyElementPresent_closure1.doCall(VerifyElementPresentKeyword.groovy:85)
	at com.kms.katalon.core.webui.keyword.builtin.VerifyElementPresentKeyword$_verifyElementPresent_closure1.call(VerifyElementPresentKeyword.groovy)
	at com.kms.katalon.core.webui.keyword.internal.WebUIKeywordMain.runKeyword(WebUIKeywordMain.groovy:20)
	at com.kms.katalon.core.webui.keyword.builtin.VerifyElementPresentKeyword.verifyElementPresent(VerifyElementPresentKeyword.groovy:92)
	at com.kms.katalon.core.webui.keyword.builtin.VerifyElementPresentKeyword.execute(VerifyElementPresentKeyword.groovy:68)
	at com.kms.katalon.core.keyword.internal.KeywordExecutor.executeKeywordForPlatform(KeywordExecutor.groovy:74)
	at com.kms.katalon.core.webui.keyword.WebUiBuiltInKeywords.verifyElementPresent(WebUiBuiltInKeywords.groovy:1448)
	at com.kms.katalon.core.webui.keyword.WebUiBuiltInKeywords$verifyElementPresent$18.call(Unknown Source)
	at 19.08 Dreyers SAS Add Step Group (Ongoing ref) S13 - P8.run(19.08 Dreyers SAS Add Step Group (Ongoing ref) S13 - P8:153)
	at com.kms.katalon.core.main.ScriptEngine.run(ScriptEngine.java:194)
	at com.kms.katalon.core.main.ScriptEngine.runScriptAsRawText(ScriptEngine.java:119)
	at com.kms.katalon.core.main.TestCaseExecutor.runScript(TestCaseExecutor.java:445)
	at com.kms.katalon.core.main.TestCaseExecutor.doExecute(TestCaseExecutor.java:436)
	at com.kms.katalon.core.main.TestCaseExecutor.processExecutionPhase(TestCaseExecutor.java:415)
	at com.kms.katalon.core.main.TestCaseExecutor.accessMainPhase(TestCaseExecutor.java:407)
	at com.kms.katalon.core.main.TestCaseExecutor.execute(TestCaseExecutor.java:284)
	at com.kms.katalon.core.common.CommonExecutor.accessTestCaseMainPhase(CommonExecutor.java:65)
	at com.kms.katalon.core.main.TestSuiteExecutor.accessTestSuiteMainPhase(TestSuiteExecutor.java:144)
	at com.kms.katalon.core.main.TestSuiteExecutor.execute(TestSuiteExecutor.java:106)
	at com.kms.katalon.core.main.TestCaseMain.startTestSuite(TestCaseMain.java:185)
	at com.kms.katalon.core.main.TestCaseMain$startTestSuite$0.call(Unknown Source)
	at TempTestSuite1654791057429.run(TempTestSuite1654791057429.groovy:36)
)
[[ATTACHMENT|D:\\Projet Test Auto\\Mediabox Test Automation\\Reports\\20220609_181011\\03. Parallel Testing (Testing)\\TS -PT PART 3\\14.02 Dreyers Support Action (Ongoing _ Completed ref) - PART 2\\20220609_181057\\1654798269535.png]]

2022-06-09 20:11:09 - [TEST_STEP][PASSED] - else: null

2022-06-09 20:11:09 - [TEST_STEP][PASSED] - color1 = "white": null

2022-06-09 20:11:09 - [TEST_STEP][PASSED] - click(findTestObject("1. Constant/xpath", ["xpath":"//*[@id="source_" + refID8 + ""]/td[6]/a"])): Object: 'Object Repository/1. Constant/xpath' is clicked on

2022-06-09 20:11:11 - [MESSAGE][PASSED] - Object: 'Object Repository/1. Constant/xpath' is clicked on

2022-06-09 20:11:11 - [TEST_STEP][PASSED] - takeScreenshot(): Taking screenshot successfully

2022-06-09 20:11:12 - [MESSAGE][PASSED] - Taking screenshot successfully
[[ATTACHMENT|D:\\Projet Test Auto\\Mediabox Test Automation\\Reports\\20220609_181011\\03. Parallel Testing (Testing)\\TS -PT PART 3\\14.02 Dreyers Support Action (Ongoing _ Completed ref) - PART 2\\20220609_181057\\1654798271886.png]]

2022-06-09 20:11:12 - [TEST_STEP][PASSED] - delay(1): Delayed 1 second(s)

2022-06-09 20:11:13 - [MESSAGE][PASSED] - Delayed 1 second(s)

2022-06-09 20:11:13 - [TEST_STEP][PASSED] - I.Approveforothers("/html/body/div[1]/div[2]/div[8]/div[3]/div/div[3]/div[2]/div/div[3]/div/div[2]/div[1]/div/div[2]/div/div[2]/div[2]/div/div/div[1]/img", "/html/body/div[1]/div[2]/div[8]/div[3]/div/div[3]/div[2]/div/div[3]/div/div[2]/div[1]/div/div[2]/div/div[2]/div[2]/div/div/div[6]/a[2]/span"): Object: 'Object Repository/1. Constant/xpath' is clicked on

2022-06-09 20:11:14 - [MESSAGE][PASSED] - Object: 'Object Repository/1. Constant/xpath' is clicked on

2022-06-09 20:11:15 - [MESSAGE][PASSED] - Delayed 1 second(s)

2022-06-09 20:11:15 - [MESSAGE][PASSED] - Object: 'Object Repository/1. Constant/xpath' is clicked on

2022-06-09 20:11:16 - [MESSAGE][PASSED] - Delayed 1 second(s)

2022-06-09 20:11:17 - [MESSAGE][PASSED] - Object: 'Object Repository/1. Constant/xpath' is hovered

2022-06-09 20:11:18 - [MESSAGE][PASSED] - Object: 'Object Repository/1. Constant/xpath' is clicked on

2022-06-09 20:11:19 - [MESSAGE][PASSED] - Delayed 1 second(s)

2022-06-09 20:11:22 - [MESSAGE][PASSED] - Object: 'Object Repository/1. Constant/xpath' is clicked on

2022-06-09 20:11:22 - [TEST_STEP][PASSED] - click(findTestObject("1. Constant/xpath", ["xpath":"//*[@id="kt_subheader"]/div/nav/ol/li[2]/a"])): Object: 'Object Repository/1. Constant/xpath' is clicked on

2022-06-09 20:11:24 - [MESSAGE][PASSED] - Object: 'Object Repository/1. Constant/xpath' is clicked on

2022-06-09 20:11:24 - [TEST_STEP][PASSED] - delay(1): Delayed 1 second(s)

2022-06-09 20:11:25 - [MESSAGE][PASSED] - Delayed 1 second(s)

2022-06-09 20:11:25 - [TEST_STEP][PASSED] - click(findTestObject("1. Constant/xpath", ["xpath":"//*[@id="source_" + refID8 + ""]/td[6]/a"])): Object: 'Object Repository/1. Constant/xpath' is clicked on

2022-06-09 20:11:29 - [MESSAGE][PASSED] - Object: 'Object Repository/1. Constant/xpath' is clicked on

2022-06-09 20:11:29 - [TEST_STEP][PASSED] - delay(1): Delayed 1 second(s)

2022-06-09 20:11:30 - [MESSAGE][PASSED] - Delayed 1 second(s)

2022-06-09 20:11:30 - [TEST_STEP][PASSED] - click(findTestObject("1. Constant/xpath", ["xpath":"//*[@id="kt_content"]/div[3]/div/ul/li[3]/a"])): Object: 'Object Repository/1. Constant/xpath' is clicked on

2022-06-09 20:11:31 - [MESSAGE][PASSED] - Object: 'Object Repository/1. Constant/xpath' is clicked on

2022-06-09 20:11:31 - [TEST_STEP][PASSED] - takeScreenshot(): Taking screenshot successfully

2022-06-09 20:11:31 - [MESSAGE][PASSED] - Taking screenshot successfully
[[ATTACHMENT|D:\\Projet Test Auto\\Mediabox Test Automation\\Reports\\20220609_181011\\03. Parallel Testing (Testing)\\TS -PT PART 3\\14.02 Dreyers Support Action (Ongoing _ Completed ref) - PART 2\\20220609_181057\\1654798291576.png]]

2022-06-09 20:11:31 - [TEST_STEP][PASSED] - delay(1): Delayed 1 second(s)

2022-06-09 20:11:32 - [MESSAGE][PASSED] - Delayed 1 second(s)

2022-06-09 20:11:32 - [TEST_STEP][PASSED] - click(findTestObject("1. Constant/xpath", ["xpath":"/html/body/div[1]/div[2]/div[8]/div[3]/div/div[3]/div[3]/div/div/div[2]/div/div[3]/div/div[1]/div[2]/div/a[4]"])): Object: 'Object Repository/1. Constant/xpath' is clicked on

2022-06-09 20:11:33 - [MESSAGE][PASSED] - Object: 'Object Repository/1. Constant/xpath' is clicked on

2022-06-09 20:11:33 - [TEST_STEP][PASSED] - delay(1): Delayed 1 second(s)

2022-06-09 20:11:34 - [MESSAGE][PASSED] - Delayed 1 second(s)

2022-06-09 20:11:34 - [TEST_STEP][PASSED] - takeScreenshot(): Taking screenshot successfully

2022-06-09 20:11:34 - [MESSAGE][PASSED] - Taking screenshot successfully
[[ATTACHMENT|D:\\Projet Test Auto\\Mediabox Test Automation\\Reports\\20220609_181011\\03. Parallel Testing (Testing)\\TS -PT PART 3\\14.02 Dreyers Support Action (Ongoing _ Completed ref) - PART 2\\20220609_181057\\1654798294418.png]]

2022-06-09 20:11:34 - [TEST_STEP][PASSED] - delay(1): Delayed 1 second(s)

2022-06-09 20:11:35 - [MESSAGE][PASSED] - Delayed 1 second(s)

2022-06-09 20:11:35 - [TEST_STEP][PASSED] - click(findTestObject("1. Constant/xpath", ["xpath":"//*[@id="confirmSupportActionShortcut"]"])): Object: 'Object Repository/1. Constant/xpath' is clicked on

2022-06-09 20:11:39 - [MESSAGE][PASSED] - Object: 'Object Repository/1. Constant/xpath' is clicked on

2022-06-09 20:11:39 - [TEST_STEP][PASSED] - click(findTestObject("1. Constant/xpath", ["xpath":"//*[@id="kt_content"]/div[3]/div/ul/li[3]/a"])): Object: 'Object Repository/1. Constant/xpath' is clicked on

2022-06-09 20:11:43 - [MESSAGE][PASSED] - Object: 'Object Repository/1. Constant/xpath' is clicked on

2022-06-09 20:11:43 - [TEST_STEP][PASSED] - takeScreenshot(): Taking screenshot successfully

2022-06-09 20:11:44 - [MESSAGE][PASSED] - Taking screenshot successfully
[[ATTACHMENT|D:\\Projet Test Auto\\Mediabox Test Automation\\Reports\\20220609_181011\\03. Parallel Testing (Testing)\\TS -PT PART 3\\14.02 Dreyers Support Action (Ongoing _ Completed ref) - PART 2\\20220609_181057\\1654798304057.png]]

2022-06-09 20:11:44 - [TEST_STEP][PASSED] - StepA_1 = getAttribute(findTestObject("1. Constant/xpath", ["xpath":"/html/body/div[1]/div[2]/div[8]/div[3]/div/div[3]/div[3]/div/ul/li[1]/a"]), "class"): Attribute 'class' of object 'Object Repository/1. Constant/xpath' is: 'nav-link timeline-badge badge-xl  bg-complete '

2022-06-09 20:11:44 - [MESSAGE][PASSED] - Attribute 'class' of object 'Object Repository/1. Constant/xpath' is: 'nav-link timeline-badge badge-xl  bg-complete '

2022-06-09 20:11:44 - [TEST_STEP][PASSED] - verifyMatch(StepA_1, "nav-link timeline-badge badge-xl  bg-complete ", false): Actual text 'nav-link timeline-badge badge-xl  bg-complete ' and expected text 'nav-link timeline-badge badge-xl  bg-complete ' are matched 

2022-06-09 20:11:44 - [MESSAGE][PASSED] - Actual text 'nav-link timeline-badge badge-xl  bg-complete ' and expected text 'nav-link timeline-badge badge-xl  bg-complete ' are matched 

2022-06-09 20:11:44 - [TEST_STEP][PASSED] - StepA_11 = I.Get_Stepname("/html/body/div[1]/div[2]/div[8]/div[3]/div/div[3]/div[3]/div/ul/li[1]/a"): Attribute 'href' of object 'Object Repository/1. Constant/xpath' is: 'http://mdb-release.diadeis.lan/MediaboxIndependence/Base/ExecAction?action=VoirRef&IDSession=MBI!RELTESTAUTO_DREYERS!CRNF2MKZFBVVV43D70FP6P895DDZKV1VRG7RT1PX&num=CY1GLLZO1E&id_ref=5274#tab_lifecycle_SASStepA_12180'

2022-06-09 20:11:49 - [MESSAGE][PASSED] - Delayed 5 second(s)

2022-06-09 20:11:49 - [MESSAGE][PASSED] - Attribute 'href' of object 'Object Repository/1. Constant/xpath' is: 'http://mdb-release.diadeis.lan/MediaboxIndependence/Base/ExecAction?action=VoirRef&IDSession=MBI!RELTESTAUTO_DREYERS!CRNF2MKZFBVVV43D70FP6P895DDZKV1VRG7RT1PX&num=CY1GLLZO1E&id_ref=5274#tab_lifecycle_SASStepA_12180'

2022-06-09 20:11:49 - [TEST_STEP][PASSED] - verifyMatch(StepA_11, "SASStepA", false): Actual text 'SASStepA' and expected text 'SASStepA' are matched 

2022-06-09 20:11:49 - [MESSAGE][PASSED] - Actual text 'SASStepA' and expected text 'SASStepA' are matched 

2022-06-09 20:11:49 - [TEST_STEP][PASSED] - StepB_2 = getAttribute(findTestObject("1. Constant/xpath", ["xpath":"/html/body/div[1]/div[2]/div[8]/div[3]/div/div[3]/div[3]/div/ul/li[2]/a"]), "class"): Attribute 'class' of object 'Object Repository/1. Constant/xpath' is: 'nav-link timeline-badge badge-xl  bg-complete '

2022-06-09 20:11:49 - [MESSAGE][PASSED] - Attribute 'class' of object 'Object Repository/1. Constant/xpath' is: 'nav-link timeline-badge badge-xl  bg-complete '

2022-06-09 20:11:49 - [TEST_STEP][PASSED] - verifyMatch(StepB_2, "nav-link timeline-badge badge-xl  bg-complete ", false): Actual text 'nav-link timeline-badge badge-xl  bg-complete ' and expected text 'nav-link timeline-badge badge-xl  bg-complete ' are matched 

2022-06-09 20:11:49 - [MESSAGE][PASSED] - Actual text 'nav-link timeline-badge badge-xl  bg-complete ' and expected text 'nav-link timeline-badge badge-xl  bg-complete ' are matched 

2022-06-09 20:11:49 - [TEST_STEP][PASSED] - StepB_22 = I.Get_Stepname("/html/body/div[1]/div[2]/div[8]/div[3]/div/div[3]/div[3]/div/ul/li[2]/a"): Attribute 'href' of object 'Object Repository/1. Constant/xpath' is: 'http://mdb-release.diadeis.lan/MediaboxIndependence/Base/ExecAction?action=VoirRef&IDSession=MBI!RELTESTAUTO_DREYERS!CRNF2MKZFBVVV43D70FP6P895DDZKV1VRG7RT1PX&num=CY1GLLZO1E&id_ref=5274#tab_lifecycle_SASStepB_12181'

2022-06-09 20:11:54 - [MESSAGE][PASSED] - Delayed 5 second(s)

2022-06-09 20:11:54 - [MESSAGE][PASSED] - Attribute 'href' of object 'Object Repository/1. Constant/xpath' is: 'http://mdb-release.diadeis.lan/MediaboxIndependence/Base/ExecAction?action=VoirRef&IDSession=MBI!RELTESTAUTO_DREYERS!CRNF2MKZFBVVV43D70FP6P895DDZKV1VRG7RT1PX&num=CY1GLLZO1E&id_ref=5274#tab_lifecycle_SASStepB_12181'

2022-06-09 20:11:54 - [TEST_STEP][PASSED] - verifyMatch(StepB_22, "SASStepB", false): Actual text 'SASStepB' and expected text 'SASStepB' are matched 

2022-06-09 20:11:55 - [MESSAGE][PASSED] - Actual text 'SASStepB' and expected text 'SASStepB' are matched 

2022-06-09 20:11:55 - [TEST_STEP][PASSED] - StepA_2 = getAttribute(findTestObject("1. Constant/xpath", ["xpath":"/html/body/div[1]/div[2]/div[8]/div[3]/div/div[3]/div[3]/div/ul/li[3]/a"]), "class"): Attribute 'class' of object 'Object Repository/1. Constant/xpath' is: 'nav-link timeline-badge badge-xl  bg-pending active'

2022-06-09 20:11:55 - [MESSAGE][PASSED] - Attribute 'class' of object 'Object Repository/1. Constant/xpath' is: 'nav-link timeline-badge badge-xl  bg-pending active'

2022-06-09 20:11:55 - [TEST_STEP][PASSED] - verifyMatch(StepA_2, "nav-link timeline-badge badge-xl  bg-pending active", false): Actual text 'nav-link timeline-badge badge-xl  bg-pending active' and expected text 'nav-link timeline-badge badge-xl  bg-pending active' are matched 

2022-06-09 20:11:55 - [MESSAGE][PASSED] - Actual text 'nav-link timeline-badge badge-xl  bg-pending active' and expected text 'nav-link timeline-badge badge-xl  bg-pending active' are matched 

2022-06-09 20:11:55 - [TEST_STEP][PASSED] - StepA_22 = I.Get_Stepname("/html/body/div[1]/div[2]/div[8]/div[3]/div/div[3]/div[3]/div/ul/li[3]/a"): Attribute 'href' of object 'Object Repository/1. Constant/xpath' is: 'http://mdb-release.diadeis.lan/MediaboxIndependence/Base/ExecAction?action=VoirRef&IDSession=MBI!RELTESTAUTO_DREYERS!CRNF2MKZFBVVV43D70FP6P895DDZKV1VRG7RT1PX&num=CY1GLLZO1E&id_ref=5274#tab_lifecycle_SASStepA_12182'

2022-06-09 20:12:00 - [MESSAGE][PASSED] - Delayed 5 second(s)

2022-06-09 20:12:00 - [MESSAGE][PASSED] - Attribute 'href' of object 'Object Repository/1. Constant/xpath' is: 'http://mdb-release.diadeis.lan/MediaboxIndependence/Base/ExecAction?action=VoirRef&IDSession=MBI!RELTESTAUTO_DREYERS!CRNF2MKZFBVVV43D70FP6P895DDZKV1VRG7RT1PX&num=CY1GLLZO1E&id_ref=5274#tab_lifecycle_SASStepA_12182'

2022-06-09 20:12:00 - [TEST_STEP][PASSED] - verifyMatch(StepA_22, "SASStepA", false): Actual text 'SASStepA' and expected text 'SASStepA' are matched 

2022-06-09 20:12:00 - [MESSAGE][PASSED] - Actual text 'SASStepA' and expected text 'SASStepA' are matched 

2022-06-09 20:12:00 - [TEST_STEP][PASSED] - Name_StepAP1_3 = getText(findTestObject("1. Constant/xpath", ["xpath":"/html/body/div[1]/div[2]/div[8]/div[3]/div/div[3]/div[3]/div/div/div[3]/div/div[1]/div/div[1]/div[1]/h3"])): Text of object 'Object Repository/1. Constant/xpath' is: 'Phase 1.1 [Standard]'

2022-06-09 20:12:00 - [MESSAGE][PASSED] - Text of object 'Object Repository/1. Constant/xpath' is: 'Phase 1.1 [Standard]'

2022-06-09 20:12:00 - [TEST_STEP][PASSED] - verifyMatch(Name_StepAP1_3, "Phase 1.1 [Standard]", false): Actual text 'Phase 1.1 [Standard]' and expected text 'Phase 1.1 [Standard]' are matched 

2022-06-09 20:12:00 - [MESSAGE][PASSED] - Actual text 'Phase 1.1 [Standard]' and expected text 'Phase 1.1 [Standard]' are matched 

2022-06-09 20:12:00 - [TEST_STEP][PASSED] - ST_StepAP1_3 = getText(findTestObject("1. Constant/xpath", ["xpath":"/html/body/div[1]/div[2]/div[8]/div[3]/div/div[3]/div[3]/div/div/div[3]/div/div[1]/div/div[2]/div[1]"])): Text of object 'Object Repository/1. Constant/xpath' is: 'Started 06/09/22 02:11 PM'

2022-06-09 20:12:00 - [MESSAGE][PASSED] - Text of object 'Object Repository/1. Constant/xpath' is: 'Started 06/09/22 02:11 PM'

2022-06-09 20:12:00 - [TEST_STEP][PASSED] - if (ST_StepAP1_3.contains("Started")): Actual object '1' and expected object '1' are equal

2022-06-09 20:12:00 - [TEST_STEP][PASSED] - verifyEqual(1, 1): Actual object '1' and expected object '1' are equal

2022-06-09 20:12:00 - [MESSAGE][PASSED] - Actual object '1' and expected object '1' are equal

2022-06-09 20:12:00 - [TEST_STEP][PASSED] - added_StepAP1_3 = getText(findTestObject("1. Constant/xpath", ["xpath":"/html/body/div[1]/div[2]/div[8]/div[3]/div/div[3]/div[3]/div/div/div[3]/div/div[1]/div/div[2]/h6"])): Text of object 'Object Repository/1. Constant/xpath' is: 'Added manually 06/09/22 02:11 PM By s user'

2022-06-09 20:12:00 - [MESSAGE][PASSED] - Text of object 'Object Repository/1. Constant/xpath' is: 'Added manually 06/09/22 02:11 PM By s user'

2022-06-09 20:12:00 - [TEST_STEP][PASSED] - if (added_StepAP1_3.contains("Added manually")): Actual object '1' and expected object '1' are equal

2022-06-09 20:12:00 - [TEST_STEP][PASSED] - verifyEqual(1, 1): Actual object '1' and expected object '1' are equal

2022-06-09 20:12:00 - [MESSAGE][PASSED] - Actual object '1' and expected object '1' are equal

2022-06-09 20:12:00 - [TEST_STEP][PASSED] - Name_StepAP2_3 = getText(findTestObject("1. Constant/xpath", ["xpath":"/html/body/div[1]/div[2]/div[8]/div[3]/div/div[3]/div[3]/div/div/div[3]/div/div[2]/div/div[1]/div[1]/h3"])): Text of object 'Object Repository/1. Constant/xpath' is: 'Phase 1.2 [Standard Phase]'

2022-06-09 20:12:00 - [MESSAGE][PASSED] - Text of object 'Object Repository/1. Constant/xpath' is: 'Phase 1.2 [Standard Phase]'

2022-06-09 20:12:00 - [TEST_STEP][PASSED] - verifyMatch(Name_StepAP2_3, "Phase 1.2 [Standard Phase]", false): Actual text 'Phase 1.2 [Standard Phase]' and expected text 'Phase 1.2 [Standard Phase]' are matched 

2022-06-09 20:12:00 - [MESSAGE][PASSED] - Actual text 'Phase 1.2 [Standard Phase]' and expected text 'Phase 1.2 [Standard Phase]' are matched 

2022-06-09 20:12:00 - [TEST_STEP][PASSED] - StepB_4 = getAttribute(findTestObject("1. Constant/xpath", ["xpath":"/html/body/div[1]/div[2]/div[8]/div[3]/div/div[3]/div[3]/div/ul/li[4]/a"]), "class"): Attribute 'class' of object 'Object Repository/1. Constant/xpath' is: 'nav-link timeline-badge badge-xl  bg-waiting '

2022-06-09 20:12:01 - [MESSAGE][PASSED] - Attribute 'class' of object 'Object Repository/1. Constant/xpath' is: 'nav-link timeline-badge badge-xl  bg-waiting '

2022-06-09 20:12:01 - [TEST_STEP][PASSED] - verifyMatch(StepB_4, "nav-link timeline-badge badge-xl  bg-waiting ", false): Actual text 'nav-link timeline-badge badge-xl  bg-waiting ' and expected text 'nav-link timeline-badge badge-xl  bg-waiting ' are matched 

2022-06-09 20:12:01 - [MESSAGE][PASSED] - Actual text 'nav-link timeline-badge badge-xl  bg-waiting ' and expected text 'nav-link timeline-badge badge-xl  bg-waiting ' are matched 

2022-06-09 20:12:01 - [TEST_STEP][PASSED] - StepB_44 = I.Get_Stepname("/html/body/div[1]/div[2]/div[8]/div[3]/div/div[3]/div[3]/div/ul/li[4]/a"): Attribute 'href' of object 'Object Repository/1. Constant/xpath' is: 'http://mdb-release.diadeis.lan/MediaboxIndependence/Base/ExecAction?action=VoirRef&IDSession=MBI!RELTESTAUTO_DREYERS!CRNF2MKZFBVVV43D70FP6P895DDZKV1VRG7RT1PX&num=CY1GLLZO1E&id_ref=5274#tab_lifecycle_SASStepB_12183'

2022-06-09 20:12:06 - [MESSAGE][PASSED] - Delayed 5 second(s)

2022-06-09 20:12:07 - [MESSAGE][PASSED] - Attribute 'href' of object 'Object Repository/1. Constant/xpath' is: 'http://mdb-release.diadeis.lan/MediaboxIndependence/Base/ExecAction?action=VoirRef&IDSession=MBI!RELTESTAUTO_DREYERS!CRNF2MKZFBVVV43D70FP6P895DDZKV1VRG7RT1PX&num=CY1GLLZO1E&id_ref=5274#tab_lifecycle_SASStepB_12183'

2022-06-09 20:12:07 - [TEST_STEP][PASSED] - verifyMatch(StepB_44, "SASStepB", false): Actual text 'SASStepB' and expected text 'SASStepB' are matched 

2022-06-09 20:12:07 - [MESSAGE][PASSED] - Actual text 'SASStepB' and expected text 'SASStepB' are matched 

2022-06-09 20:12:07 - [TEST_STEP][PASSED] - I.Logout(): Delayed 3 second(s)

2022-06-09 20:12:10 - [MESSAGE][PASSED] - Delayed 3 second(s)

2022-06-09 20:12:10 - [MESSAGE][PASSED] - Object: 'Object Repository/1. Constant/xpath' is clicked on

2022-06-09 20:12:13 - [MESSAGE][PASSED] - Delayed 3 second(s)

2022-06-09 20:12:16 - [MESSAGE][PASSED] - Object: 'Object Repository/1. Constant/xpath' is clicked on

2022-06-09 20:12:19 - [MESSAGE][PASSED] - Delayed 3 second(s)

2022-06-09 20:12:19 - [TEST_STEP][PASSED] - I.Login_password("nturner", password_nturner): Object: 'Object Repository/1. Constant/xpath' is clicked on

2022-06-09 20:12:20 - [MESSAGE][PASSED] - Text 'nturner' is set on object 'Object Repository/1. Constant/xpath'

2022-06-09 20:12:21 - [MESSAGE][PASSED] - Delayed 1 second(s)

2022-06-09 20:12:21 - [MESSAGE][PASSED] - Text 'diadeis1' is set on object 'Object Repository/1. Constant/xpath'

2022-06-09 20:12:22 - [MESSAGE][PASSED] - Delayed 1 second(s)

2022-06-09 20:12:26 - [MESSAGE][PASSED] - Object: 'Object Repository/1. Constant/xpath' is clicked on

2022-06-09 20:12:26 - [TEST_STEP][PASSED] - click(findTestObject("1. Constant/02_LHSMenu_Projects")): Object: 'Object Repository/1. Constant/02_LHSMenu_Projects' is clicked on

2022-06-09 20:12:28 - [MESSAGE][PASSED] - Object: 'Object Repository/1. Constant/02_LHSMenu_Projects' is clicked on

2022-06-09 20:12:28 - [TEST_STEP][PASSED] - I.SearchProjectNo_xpath(Project_No, "//*[@id="keynum_project"]", "//*[@id="form_filters"]/div[4]/button"): Delayed 5 second(s)

2022-06-09 20:12:29 - [MESSAGE][PASSED] - Delayed 1 second(s)

2022-06-09 20:12:31 - [MESSAGE][PASSED] - Text 'MI000876' is set on object 'Object Repository/1. Constant/xpath'

2022-06-09 20:12:34 - [MESSAGE][PASSED] - Delayed 3 second(s)

2022-06-09 20:12:35 - [MESSAGE][PASSED] - Scroll to object 'Object Repository/1. Constant/xpath' successfully

2022-06-09 20:12:38 - [MESSAGE][PASSED] - Object: 'Object Repository/1. Constant/xpath' is clicked on

2022-06-09 20:12:43 - [MESSAGE][PASSED] - Delayed 5 second(s)

2022-06-09 20:12:43 - [TEST_STEP][PASSED] - takeScreenshot(): Taking screenshot successfully

2022-06-09 20:12:43 - [MESSAGE][PASSED] - Taking screenshot successfully
[[ATTACHMENT|D:\\Projet Test Auto\\Mediabox Test Automation\\Reports\\20220609_181011\\03. Parallel Testing (Testing)\\TS -PT PART 3\\14.02 Dreyers Support Action (Ongoing _ Completed ref) - PART 2\\20220609_181057\\1654798363313.png]]

2022-06-09 20:12:43 - [TEST_STEP][PASSED] - I.SearchRefNo_xpath("P8_Auto", "//*[@id="fiche_filter_keywords11"]", "//*[@id="form_filters"]/div[3]/button"): Delayed 5 second(s)

2022-06-09 20:12:44 - [MESSAGE][PASSED] - Delayed 1 second(s)

2022-06-09 20:12:46 - [MESSAGE][PASSED] - Text 'P8_Auto' is set on object 'Object Repository/1. Constant/xpath'

2022-06-09 20:12:49 - [MESSAGE][PASSED] - Delayed 3 second(s)

2022-06-09 20:12:49 - [MESSAGE][PASSED] - Scroll to object 'Object Repository/1. Constant/xpath' successfully

2022-06-09 20:12:51 - [MESSAGE][PASSED] - Object: 'Object Repository/1. Constant/xpath' is clicked on

2022-06-09 20:12:56 - [MESSAGE][PASSED] - Delayed 5 second(s)

2022-06-09 20:12:56 - [TEST_STEP][PASSED] - delay(1): Delayed 1 second(s)

2022-06-09 20:12:57 - [MESSAGE][PASSED] - Delayed 1 second(s)

2022-06-09 20:12:57 - [TEST_STEP][PASSED] - Lifecycle_Status2 = getText(findTestObject("1. Constant/xpath", ["xpath":"//*[@id="source_" + refID8 + ""]/td[12]/span[1]"])): Text of object 'Object Repository/1. Constant/xpath' is: 'Phase 1.1 [Standard]'

2022-06-09 20:12:57 - [MESSAGE][PASSED] - Text of object 'Object Repository/1. Constant/xpath' is: 'Phase 1.1 [Standard]'

2022-06-09 20:12:57 - [TEST_STEP][PASSED] - verifyMatch(Lifecycle_Status2, "Phase 1.1 [Standard]", false): Actual text 'Phase 1.1 [Standard]' and expected text 'Phase 1.1 [Standard]' are matched 

2022-06-09 20:12:57 - [MESSAGE][PASSED] - Actual text 'Phase 1.1 [Standard]' and expected text 'Phase 1.1 [Standard]' are matched 

2022-06-09 20:12:57 - [TEST_STEP][PASSED] - click(findTestObject("1. Constant/xpath", ["xpath":"//*[@id="source_" + refID8 + ""]/td[13]/a[2]"])): Object: 'Object Repository/1. Constant/xpath' is clicked on

2022-06-09 20:12:59 - [MESSAGE][PASSED] - Object: 'Object Repository/1. Constant/xpath' is clicked on

2022-06-09 20:12:59 - [TEST_STEP][PASSED] - click(findTestObject("1. Constant/xpath", ["xpath":"//*[@id="ModifFiche"]/div[1]/div/button[2]"])): Object: 'Object Repository/1. Constant/xpath' is clicked on

2022-06-09 20:13:03 - [MESSAGE][PASSED] - Object: 'Object Repository/1. Constant/xpath' is clicked on

2022-06-09 20:13:03 - [TEST_STEP][PASSED] - closeBrowser(): Browser is closed

2022-06-09 20:13:06 - [MESSAGE][PASSED] - Browser is closed

2022-06-09 20:13:06 - [TEST_STEP][PASSED] - Start listener action : sampleAfterTestCase: null]]></system-out>
         <system-err><![CDATA[]]></system-err>
      </testcase>
      <system-out><![CDATA[2022-06-09 19:37:38 - [TEST_SUITE][PASSED] - 14.02 Dreyers Support Action (Ongoing _ Completed ref) - PART 2: Test Cases/19. Dreyers Support Action (Ongoing ref_completed)/19.08 Dreyers SAS Add Step Group (Ongoing ref) S13 - P8]]></system-out>
      <system-err><![CDATA[]]></system-err>
   </testsuite>
</testsuites>
